<?xml version="1.0" encoding="UTF-8"?>
<testsuite xmlns:xsi="http://www.w3.org/2001/XMLSchema-instance" xsi:noNamespaceSchemaLocation="https://maven.apache.org/surefire/maven-surefire-plugin/xsd/surefire-test-report.xsd" name="org.apache.hadoop.ozone.client.rpc.TestDeleteWithSlowFollower" time="75.535" tests="1" errors="1" skipped="0" failures="0">
  <properties>
    <property name="awt.toolkit" value="sun.awt.X11.XToolkit"/>
    <property name="file.encoding.pkg" value="sun.io"/>
    <property name="java.specification.version" value="1.8"/>
    <property name="sun.cpu.isalist" value=""/>
    <property name="sun.jnu.encoding" value="ANSI_X3.4-1968"/>
    <property name="java.class.path" value="/workdir/hadoop-ozone/integration-test/target/test-classes:/workdir/hadoop-ozone/integration-test/target/classes:/home/user/.m2/repository/org/apache/hadoop/hadoop-ozone-common/0.5.0-SNAPSHOT/hadoop-ozone-common-0.5.0-SNAPSHOT.jar:/home/user/.m2/repository/org/apache/commons/commons-compress/1.4.1/commons-compress-1.4.1.jar:/home/user/.m2/repository/org/tukaani/xz/1.0/xz-1.0.jar:/home/user/.m2/repository/org/apache/hadoop/hadoop-common/3.2.0/hadoop-common-3.2.0.jar:/home/user/.m2/repository/org/apache/hadoop/hadoop-hdfs/3.2.0/hadoop-hdfs-3.2.0.jar:/home/user/.m2/repository/org/apache/hadoop/hadoop-hdfs-client/3.2.0/hadoop-hdfs-client-3.2.0.jar:/home/user/.m2/repository/com/fasterxml/jackson/core/jackson-annotations/2.9.9/jackson-annotations-2.9.9.jar:/home/user/.m2/repository/org/apache/hadoop/hadoop-hdds-common/0.5.0-SNAPSHOT/hadoop-hdds-common-0.5.0-SNAPSHOT.jar:/home/user/.m2/repository/javax/annotation/javax.annotation-api/1.2/javax.annotation-api-1.2.jar:/home/user/.m2/repository/org/apache/ratis/ratis-server/0.5.0-3f446aa-SNAPSHOT/ratis-server-0.5.0-3f446aa-SNAPSHOT.jar:/home/user/.m2/repository/org/apache/ratis/ratis-thirdparty-misc/0.2.0/ratis-thirdparty-misc-0.2.0.jar:/home/user/.m2/repository/org/apache/ratis/ratis-proto/0.5.0-3f446aa-SNAPSHOT/ratis-proto-0.5.0-3f446aa-SNAPSHOT.jar:/home/user/.m2/repository/org/apache/ratis/ratis-common/0.5.0-3f446aa-SNAPSHOT/ratis-common-0.5.0-3f446aa-SNAPSHOT.jar:/home/user/.m2/repository/org/apache/ratis/ratis-client/0.5.0-3f446aa-SNAPSHOT/ratis-client-0.5.0-3f446aa-SNAPSHOT.jar:/home/user/.m2/repository/org/apache/ratis/ratis-metrics/0.5.0-3f446aa-SNAPSHOT/ratis-metrics-0.5.0-3f446aa-SNAPSHOT.jar:/home/user/.m2/repository/com/github/joshelser/dropwizard-metrics-hadoop-metrics2-reporter/0.1.2/dropwizard-metrics-hadoop-metrics2-reporter-0.1.2.jar:/home/user/.m2/repository/io/dropwizard/metrics/metrics-jvm/3.2.5/metrics-jvm-3.2.5.jar:/home/user/.m2/repository/io/dropwizard/metrics/metrics-ganglia/3.2.5/metrics-ganglia-3.2.5.jar:/home/user/.m2/repository/info/ganglia/gmetric4j/gmetric4j/1.0.7/gmetric4j-1.0.7.jar:/home/user/.m2/repository/org/apache/ratis/ratis-netty/0.5.0-3f446aa-SNAPSHOT/ratis-netty-0.5.0-3f446aa-SNAPSHOT.jar:/home/user/.m2/repository/org/apache/ratis/ratis-grpc/0.5.0-3f446aa-SNAPSHOT/ratis-grpc-0.5.0-3f446aa-SNAPSHOT.jar:/home/user/.m2/repository/org/rocksdb/rocksdbjni/6.0.1/rocksdbjni-6.0.1.jar:/home/user/.m2/repository/org/apache/logging/log4j/log4j-api/2.11.0/log4j-api-2.11.0.jar:/home/user/.m2/repository/org/apache/logging/log4j/log4j-core/2.11.0/log4j-core-2.11.0.jar:/home/user/.m2/repository/com/lmax/disruptor/3.4.2/disruptor-3.4.2.jar:/home/user/.m2/repository/org/apache/commons/commons-pool2/2.6.0/commons-pool2-2.6.0.jar:/home/user/.m2/repository/org/bouncycastle/bcpkix-jdk15on/1.60/bcpkix-jdk15on-1.60.jar:/home/user/.m2/repository/commons-validator/commons-validator/1.6/commons-validator-1.6.jar:/home/user/.m2/repository/commons-digester/commons-digester/1.8.1/commons-digester-1.8.1.jar:/home/user/.m2/repository/io/jaegertracing/jaeger-client/0.34.0/jaeger-client-0.34.0.jar:/home/user/.m2/repository/io/jaegertracing/jaeger-thrift/0.34.0/jaeger-thrift-0.34.0.jar:/home/user/.m2/repository/org/apache/thrift/libthrift/0.12.0/libthrift-0.12.0.jar:/home/user/.m2/repository/com/squareup/okhttp3/okhttp/3.9.0/okhttp-3.9.0.jar:/home/user/.m2/repository/com/squareup/okio/okio/1.13.0/okio-1.13.0.jar:/home/user/.m2/repository/io/jaegertracing/jaeger-core/0.34.0/jaeger-core-0.34.0.jar:/home/user/.m2/repository/io/jaegertracing/jaeger-tracerresolver/0.34.0/jaeger-tracerresolver-0.34.0.jar:/home/user/.m2/repository/io/opentracing/contrib/opentracing-tracerresolver/0.1.5/opentracing-tracerresolver-0.1.5.jar:/home/user/.m2/repository/io/opentracing/opentracing-util/0.31.0/opentracing-util-0.31.0.jar:/home/user/.m2/repository/io/opentracing/opentracing-api/0.31.0/opentracing-api-0.31.0.jar:/home/user/.m2/repository/io/opentracing/opentracing-noop/0.31.0/opentracing-noop-0.31.0.jar:/home/user/.m2/repository/org/apache/hadoop/hadoop-hdds-server-framework/0.5.0-SNAPSHOT/hadoop-hdds-server-framework-0.5.0-SNAPSHOT.jar:/home/user/.m2/repository/org/apache/hadoop/hadoop-hdds-container-service/0.5.0-SNAPSHOT/hadoop-hdds-container-service-0.5.0-SNAPSHOT.jar:/home/user/.m2/repository/org/apache/hadoop/hadoop-hdds-client/0.5.0-SNAPSHOT/hadoop-hdds-client-0.5.0-SNAPSHOT.jar:/home/user/.m2/repository/org/apache/hadoop/hadoop-hdds-tools/0.5.0-SNAPSHOT/hadoop-hdds-tools-0.5.0-SNAPSHOT.jar:/home/user/.m2/repository/org/apache/hadoop/hadoop-hdds-server-scm/0.5.0-SNAPSHOT/hadoop-hdds-server-scm-0.5.0-SNAPSHOT.jar:/home/user/.m2/repository/org/apache/hadoop/hadoop-hdds-docs/0.5.0-SNAPSHOT/hadoop-hdds-docs-0.5.0-SNAPSHOT.jar:/home/user/.m2/repository/io/dropwizard/metrics/metrics-core/3.2.4/metrics-core-3.2.4.jar:/home/user/.m2/repository/org/hamcrest/hamcrest-all/1.3/hamcrest-all-1.3.jar:/home/user/.m2/repository/org/bouncycastle/bcprov-jdk15on/1.60/bcprov-jdk15on-1.60.jar:/home/user/.m2/repository/info/picocli/picocli/3.9.6/picocli-3.9.6.jar:/home/user/.m2/repository/com/google/protobuf/protobuf-java/2.5.0/protobuf-java-2.5.0.jar:/home/user/.m2/repository/com/google/guava/guava/11.0.2/guava-11.0.2.jar:/home/user/.m2/repository/org/apache/hadoop/hadoop-ozone-ozone-manager/0.5.0-SNAPSHOT/hadoop-ozone-ozone-manager-0.5.0-SNAPSHOT.jar:/home/user/.m2/repository/org/apache/hadoop/hadoop-minikdc/3.2.0/hadoop-minikdc-3.2.0.jar:/home/user/.m2/repository/commons-io/commons-io/2.5/commons-io-2.5.jar:/home/user/.m2/repository/org/apache/kerby/kerb-simplekdc/1.0.1/kerb-simplekdc-1.0.1.jar:/home/user/.m2/repository/org/apache/kerby/kerb-client/1.0.1/kerb-client-1.0.1.jar:/home/user/.m2/repository/org/apache/kerby/kerby-config/1.0.1/kerby-config-1.0.1.jar:/home/user/.m2/repository/org/apache/kerby/kerb-core/1.0.1/kerb-core-1.0.1.jar:/home/user/.m2/repository/org/apache/kerby/kerby-pkix/1.0.1/kerby-pkix-1.0.1.jar:/home/user/.m2/repository/org/apache/kerby/kerby-asn1/1.0.1/kerby-asn1-1.0.1.jar:/home/user/.m2/repository/org/apache/kerby/kerby-util/1.0.1/kerby-util-1.0.1.jar:/home/user/.m2/repository/org/apache/kerby/kerb-common/1.0.1/kerb-common-1.0.1.jar:/home/user/.m2/repository/org/apache/kerby/kerb-crypto/1.0.1/kerb-crypto-1.0.1.jar:/home/user/.m2/repository/org/apache/kerby/kerb-util/1.0.1/kerb-util-1.0.1.jar:/home/user/.m2/repository/org/apache/kerby/token-provider/1.0.1/token-provider-1.0.1.jar:/home/user/.m2/repository/org/apache/kerby/kerb-admin/1.0.1/kerb-admin-1.0.1.jar:/home/user/.m2/repository/org/apache/kerby/kerb-server/1.0.1/kerb-server-1.0.1.jar:/home/user/.m2/repository/org/apache/kerby/kerb-identity/1.0.1/kerb-identity-1.0.1.jar:/home/user/.m2/repository/org/apache/kerby/kerby-xdr/1.0.1/kerby-xdr-1.0.1.jar:/home/user/.m2/repository/org/slf4j/slf4j-log4j12/1.7.25/slf4j-log4j12-1.7.25.jar:/home/user/.m2/repository/org/apache/hadoop/hadoop-ozone-s3gateway/0.5.0-SNAPSHOT/hadoop-ozone-s3gateway-0.5.0-SNAPSHOT.jar:/home/user/.m2/repository/org/jboss/weld/servlet/weld-servlet/2.4.7.Final/weld-servlet-2.4.7.Final.jar:/home/user/.m2/repository/org/glassfish/jersey/containers/jersey-container-servlet-core/2.27/jersey-container-servlet-core-2.27.jar:/home/user/.m2/repository/org/glassfish/hk2/external/javax.inject/2.5.0-b42/javax.inject-2.5.0-b42.jar:/home/user/.m2/repository/org/glassfish/jersey/core/jersey-common/2.27/jersey-common-2.27.jar:/home/user/.m2/repository/org/glassfish/hk2/osgi-resource-locator/1.0.1/osgi-resource-locator-1.0.1.jar:/home/user/.m2/repository/javax/ws/rs/javax.ws.rs-api/2.1/javax.ws.rs-api-2.1.jar:/home/user/.m2/repository/org/glassfish/jersey/ext/cdi/jersey-cdi1x/2.27/jersey-cdi1x-2.27.jar:/home/user/.m2/repository/org/glassfish/jersey/inject/jersey-hk2/2.27/jersey-hk2-2.27.jar:/home/user/.m2/repository/org/glassfish/hk2/hk2-locator/2.5.0-b42/hk2-locator-2.5.0-b42.jar:/home/user/.m2/repository/org/javassist/javassist/3.22.0-CR2/javassist-3.22.0-CR2.jar:/home/user/.m2/repository/org/glassfish/hk2/hk2-api/2.5.0/hk2-api-2.5.0.jar:/home/user/.m2/repository/org/glassfish/hk2/external/jakarta.inject/2.5.0/jakarta.inject-2.5.0.jar:/home/user/.m2/repository/org/glassfish/hk2/hk2-utils/2.5.0/hk2-utils-2.5.0.jar:/home/user/.m2/repository/jakarta/annotation/jakarta.annotation-api/1.3.4/jakarta.annotation-api-1.3.4.jar:/home/user/.m2/repository/org/glassfish/hk2/external/aopalliance-repackaged/2.5.0/aopalliance-repackaged-2.5.0.jar:/home/user/.m2/repository/com/fasterxml/jackson/dataformat/jackson-dataformat-xml/2.9.0/jackson-dataformat-xml-2.9.0.jar:/home/user/.m2/repository/com/fasterxml/jackson/core/jackson-core/2.9.9/jackson-core-2.9.9.jar:/home/user/.m2/repository/com/fasterxml/jackson/module/jackson-module-jaxb-annotations/2.9.9/jackson-module-jaxb-annotations-2.9.9.jar:/home/user/.m2/repository/javax/enterprise/cdi-api/1.2/cdi-api-1.2.jar:/home/user/.m2/repository/javax/el/javax.el-api/3.0.0/javax.el-api-3.0.0.jar:/home/user/.m2/repository/javax/interceptor/javax.interceptor-api/1.2/javax.interceptor-api-1.2.jar:/home/user/.m2/repository/javax/inject/javax.inject/1/javax.inject-1.jar:/home/user/.m2/repository/com/sun/xml/bind/jaxb-impl/2.3.0.1/jaxb-impl-2.3.0.1.jar:/home/user/.m2/repository/com/sun/xml/bind/jaxb-core/2.3.0.1/jaxb-core-2.3.0.1.jar:/home/user/.m2/repository/javax/xml/bind/jaxb-api/2.3.0/jaxb-api-2.3.0.jar:/home/user/.m2/repository/javax/activation/activation/1.1.1/activation-1.1.1.jar:/home/user/.m2/repository/org/apache/hadoop/hadoop-ozone-csi/0.5.0-SNAPSHOT/hadoop-ozone-csi-0.5.0-SNAPSHOT.jar:/home/user/.m2/repository/com/google/protobuf/protobuf-java-util/3.5.1/protobuf-java-util-3.5.1.jar:/home/user/.m2/repository/org/apache/hadoop/hadoop-hdds-config/0.5.0-SNAPSHOT/hadoop-hdds-config-0.5.0-SNAPSHOT.jar:/home/user/.m2/repository/io/grpc/grpc-netty/1.17.1/grpc-netty-1.17.1.jar:/home/user/.m2/repository/io/grpc/grpc-core/1.17.1/grpc-core-1.17.1.jar:/home/user/.m2/repository/io/grpc/grpc-context/1.17.1/grpc-context-1.17.1.jar:/home/user/.m2/repository/com/google/errorprone/error_prone_annotations/2.2.0/error_prone_annotations-2.2.0.jar:/home/user/.m2/repository/org/codehaus/mojo/animal-sniffer-annotations/1.17/animal-sniffer-annotations-1.17.jar:/home/user/.m2/repository/io/opencensus/opencensus-api/0.17.0/opencensus-api-0.17.0.jar:/home/user/.m2/repository/io/opencensus/opencensus-contrib-grpc-metrics/0.17.0/opencensus-contrib-grpc-metrics-0.17.0.jar:/home/user/.m2/repository/io/netty/netty-codec-http2/4.1.30.Final/netty-codec-http2-4.1.30.Final.jar:/home/user/.m2/repository/io/netty/netty-codec-http/4.1.30.Final/netty-codec-http-4.1.30.Final.jar:/home/user/.m2/repository/io/netty/netty-codec/4.1.30.Final/netty-codec-4.1.30.Final.jar:/home/user/.m2/repository/io/netty/netty-handler/4.1.30.Final/netty-handler-4.1.30.Final.jar:/home/user/.m2/repository/io/netty/netty-handler-proxy/4.1.30.Final/netty-handler-proxy-4.1.30.Final.jar:/home/user/.m2/repository/io/netty/netty-codec-socks/4.1.30.Final/netty-codec-socks-4.1.30.Final.jar:/home/user/.m2/repository/io/netty/netty-transport-native-epoll/4.1.30.Final/netty-transport-native-epoll-4.1.30.Final.jar:/home/user/.m2/repository/io/netty/netty-common/4.1.30.Final/netty-common-4.1.30.Final.jar:/home/user/.m2/repository/io/netty/netty-buffer/4.1.30.Final/netty-buffer-4.1.30.Final.jar:/home/user/.m2/repository/io/netty/netty-transport/4.1.30.Final/netty-transport-4.1.30.Final.jar:/home/user/.m2/repository/io/netty/netty-resolver/4.1.30.Final/netty-resolver-4.1.30.Final.jar:/home/user/.m2/repository/io/netty/netty-transport-native-unix-common/4.1.30.Final/netty-transport-native-unix-common-4.1.30.Final.jar:/home/user/.m2/repository/io/grpc/grpc-protobuf/1.17.1/grpc-protobuf-1.17.1.jar:/home/user/.m2/repository/com/google/api/grpc/proto-google-common-protos/1.0.0/proto-google-common-protos-1.0.0.jar:/home/user/.m2/repository/io/grpc/grpc-protobuf-lite/1.17.1/grpc-protobuf-lite-1.17.1.jar:/home/user/.m2/repository/io/grpc/grpc-stub/1.17.1/grpc-stub-1.17.1.jar:/home/user/.m2/repository/org/apache/hadoop/hadoop-ozone-recon/0.5.0-SNAPSHOT/hadoop-ozone-recon-0.5.0-SNAPSHOT.jar:/home/user/.m2/repository/org/apache/hadoop/hadoop-ozone-reconcodegen/0.5.0-SNAPSHOT/hadoop-ozone-reconcodegen-0.5.0-SNAPSHOT.jar:/home/user/.m2/repository/com/google/inject/extensions/guice-multibindings/4.0/guice-multibindings-4.0.jar:/home/user/.m2/repository/com/google/inject/guice/4.0/guice-4.0.jar:/home/user/.m2/repository/aopalliance/aopalliance/1.0/aopalliance-1.0.jar:/home/user/.m2/repository/com/google/inject/extensions/guice-servlet/4.0/guice-servlet-4.0.jar:/home/user/.m2/repository/org/glassfish/jersey/containers/jersey-container-servlet/2.27/jersey-container-servlet-2.27.jar:/home/user/.m2/repository/org/glassfish/hk2/guice-bridge/2.5.0/guice-bridge-2.5.0.jar:/home/user/.m2/repository/org/glassfish/jersey/core/jersey-server/2.27/jersey-server-2.27.jar:/home/user/.m2/repository/org/glassfish/jersey/core/jersey-client/2.27/jersey-client-2.27.jar:/home/user/.m2/repository/org/glassfish/jersey/media/jersey-media-jaxb/2.27/jersey-media-jaxb-2.27.jar:/home/user/.m2/repository/javax/validation/validation-api/1.1.0.Final/validation-api-1.1.0.Final.jar:/home/user/.m2/repository/org/glassfish/jersey/media/jersey-media-json-jackson/2.27/jersey-media-json-jackson-2.27.jar:/home/user/.m2/repository/org/glassfish/jersey/ext/jersey-entity-filtering/2.27/jersey-entity-filtering-2.27.jar:/home/user/.m2/repository/com/google/inject/extensions/guice-assistedinject/4.0/guice-assistedinject-4.0.jar:/home/user/.m2/repository/org/jooq/jooq/3.11.10/jooq-3.11.10.jar:/home/user/.m2/repository/org/jooq/jooq-meta/3.11.10/jooq-meta-3.11.10.jar:/home/user/.m2/repository/org/jooq/jooq-codegen/3.11.10/jooq-codegen-3.11.10.jar:/home/user/.m2/repository/com/jolbox/bonecp/0.8.0.RELEASE/bonecp-0.8.0.RELEASE.jar:/home/user/.m2/repository/org/xerial/sqlite-jdbc/3.25.2/sqlite-jdbc-3.25.2.jar:/home/user/.m2/repository/org/springframework/spring-jdbc/5.1.3.RELEASE/spring-jdbc-5.1.3.RELEASE.jar:/home/user/.m2/repository/org/springframework/spring-beans/5.1.3.RELEASE/spring-beans-5.1.3.RELEASE.jar:/home/user/.m2/repository/org/springframework/spring-core/5.1.3.RELEASE/spring-core-5.1.3.RELEASE.jar:/home/user/.m2/repository/org/springframework/spring-jcl/5.1.3.RELEASE/spring-jcl-5.1.3.RELEASE.jar:/home/user/.m2/repository/org/springframework/spring-tx/5.1.3.RELEASE/spring-tx-5.1.3.RELEASE.jar:/home/user/.m2/repository/org/apache/hadoop/hadoop-ozone-client/0.5.0-SNAPSHOT/hadoop-ozone-client-0.5.0-SNAPSHOT.jar:/home/user/.m2/repository/commons-lang/commons-lang/2.6/commons-lang-2.6.jar:/home/user/.m2/repository/org/apache/hadoop/hadoop-ozone-ozone-manager/0.5.0-SNAPSHOT/hadoop-ozone-ozone-manager-0.5.0-SNAPSHOT-tests.jar:/home/user/.m2/repository/junit/junit/4.11/junit-4.11.jar:/home/user/.m2/repository/org/hamcrest/hamcrest-core/1.3/hamcrest-core-1.3.jar:/home/user/.m2/repository/org/openjdk/jmh/jmh-core/1.19/jmh-core-1.19.jar:/home/user/.m2/repository/net/sf/jopt-simple/jopt-simple/4.6/jopt-simple-4.6.jar:/home/user/.m2/repository/org/apache/commons/commons-math3/3.1.1/commons-math3-3.1.1.jar:/home/user/.m2/repository/org/openjdk/jmh/jmh-generator-annprocess/1.19/jmh-generator-annprocess-1.19.jar:/home/user/.m2/repository/org/mockito/mockito-all/1.8.5/mockito-all-1.8.5.jar:/home/user/.m2/repository/org/apache/hadoop/hadoop-kms/3.2.0/hadoop-kms-3.2.0.jar:/home/user/.m2/repository/org/apache/hadoop/hadoop-auth/3.2.0/hadoop-auth-3.2.0.jar:/home/user/.m2/repository/com/nimbusds/nimbus-jose-jwt/4.41.1/nimbus-jose-jwt-4.41.1.jar:/home/user/.m2/repository/com/github/stephenc/jcip/jcip-annotations/1.0-1/jcip-annotations-1.0-1.jar:/home/user/.m2/repository/net/minidev/json-smart/2.3/json-smart-2.3.jar:/home/user/.m2/repository/net/minidev/accessors-smart/1.2/accessors-smart-1.2.jar:/home/user/.m2/repository/org/ow2/asm/asm/5.0.4/asm-5.0.4.jar:/home/user/.m2/repository/org/apache/curator/curator-framework/2.12.0/curator-framework-2.12.0.jar:/home/user/.m2/repository/com/sun/jersey/jersey-core/1.19/jersey-core-1.19.jar:/home/user/.m2/repository/javax/ws/rs/jsr311-api/1.1.1/jsr311-api-1.1.1.jar:/home/user/.m2/repository/com/sun/jersey/jersey-server/1.19/jersey-server-1.19.jar:/home/user/.m2/repository/javax/servlet/javax.servlet-api/3.1.0/javax.servlet-api-3.1.0.jar:/home/user/.m2/repository/org/eclipse/jetty/jetty-server/9.3.25.v20180904/jetty-server-9.3.25.v20180904.jar:/home/user/.m2/repository/org/eclipse/jetty/jetty-http/9.3.25.v20180904/jetty-http-9.3.25.v20180904.jar:/home/user/.m2/repository/org/eclipse/jetty/jetty-io/9.3.25.v20180904/jetty-io-9.3.25.v20180904.jar:/home/user/.m2/repository/org/eclipse/jetty/jetty-webapp/9.3.25.v20180904/jetty-webapp-9.3.25.v20180904.jar:/home/user/.m2/repository/org/eclipse/jetty/jetty-xml/9.3.25.v20180904/jetty-xml-9.3.25.v20180904.jar:/home/user/.m2/repository/log4j/log4j/1.2.17/log4j-1.2.17.jar:/home/user/.m2/repository/org/slf4j/slf4j-api/1.7.25/slf4j-api-1.7.25.jar:/home/user/.m2/repository/org/slf4j/jul-to-slf4j/1.7.25/jul-to-slf4j-1.7.25.jar:/home/user/.m2/repository/org/eclipse/jetty/jetty-util/9.3.25.v20180904/jetty-util-9.3.25.v20180904.jar:/home/user/.m2/repository/com/fasterxml/jackson/core/jackson-databind/2.9.9/jackson-databind-2.9.9.jar:/home/user/.m2/repository/org/apache/hadoop/hadoop-kms/3.2.0/hadoop-kms-3.2.0-tests.jar:/home/user/.m2/repository/org/apache/hadoop/hadoop-hdds-server-scm/0.5.0-SNAPSHOT/hadoop-hdds-server-scm-0.5.0-SNAPSHOT-tests.jar:/home/user/.m2/repository/org/apache/hadoop/hadoop-hdds-container-service/0.5.0-SNAPSHOT/hadoop-hdds-container-service-0.5.0-SNAPSHOT-tests.jar:/home/user/.m2/repository/org/yaml/snakeyaml/1.16/snakeyaml-1.16.jar:/home/user/.m2/repository/org/apache/hadoop/hadoop-common/3.2.0/hadoop-common-3.2.0-tests.jar:/home/user/.m2/repository/org/apache/hadoop/hadoop-annotations/3.2.0/hadoop-annotations-3.2.0.jar:/usr/lib/jvm/java-1.8.0-openjdk-1.8.0.222.b10-1.el7_7.x86_64/jre/../lib/tools.jar:/home/user/.m2/repository/commons-cli/commons-cli/1.2/commons-cli-1.2.jar:/home/user/.m2/repository/org/apache/httpcomponents/httpclient/4.5.2/httpclient-4.5.2.jar:/home/user/.m2/repository/org/apache/httpcomponents/httpcore/4.4.4/httpcore-4.4.4.jar:/home/user/.m2/repository/commons-codec/commons-codec/1.11/commons-codec-1.11.jar:/home/user/.m2/repository/commons-net/commons-net/3.6/commons-net-3.6.jar:/home/user/.m2/repository/commons-collections/commons-collections/3.2.2/commons-collections-3.2.2.jar:/home/user/.m2/repository/org/eclipse/jetty/jetty-servlet/9.3.25.v20180904/jetty-servlet-9.3.25.v20180904.jar:/home/user/.m2/repository/org/eclipse/jetty/jetty-security/9.3.25.v20180904/jetty-security-9.3.25.v20180904.jar:/home/user/.m2/repository/javax/servlet/jsp/jsp-api/2.1/jsp-api-2.1.jar:/home/user/.m2/repository/com/sun/jersey/jersey-servlet/1.19/jersey-servlet-1.19.jar:/home/user/.m2/repository/com/sun/jersey/jersey-json/1.19/jersey-json-1.19.jar:/home/user/.m2/repository/org/codehaus/jettison/jettison/1.1/jettison-1.1.jar:/home/user/.m2/repository/org/codehaus/jackson/jackson-core-asl/1.9.13/jackson-core-asl-1.9.13.jar:/home/user/.m2/repository/org/codehaus/jackson/jackson-mapper-asl/1.9.13/jackson-mapper-asl-1.9.13.jar:/home/user/.m2/repository/org/codehaus/jackson/jackson-jaxrs/1.9.13/jackson-jaxrs-1.9.13.jar:/home/user/.m2/repository/org/codehaus/jackson/jackson-xc/1.9.13/jackson-xc-1.9.13.jar:/home/user/.m2/repository/commons-logging/commons-logging/1.1.3/commons-logging-1.1.3.jar:/home/user/.m2/repository/commons-beanutils/commons-beanutils/1.9.4/commons-beanutils-1.9.4.jar:/home/user/.m2/repository/org/apache/commons/commons-configuration2/2.1.1/commons-configuration2-2.1.1.jar:/home/user/.m2/repository/org/apache/commons/commons-lang3/3.7/commons-lang3-3.7.jar:/home/user/.m2/repository/org/apache/commons/commons-text/1.4/commons-text-1.4.jar:/home/user/.m2/repository/org/apache/avro/avro/1.7.7/avro-1.7.7.jar:/home/user/.m2/repository/com/thoughtworks/paranamer/paranamer/2.3/paranamer-2.3.jar:/home/user/.m2/repository/org/xerial/snappy/snappy-java/1.0.5/snappy-java-1.0.5.jar:/home/user/.m2/repository/com/google/re2j/re2j/1.1/re2j-1.1.jar:/home/user/.m2/repository/com/google/code/gson/gson/2.2.4/gson-2.2.4.jar:/home/user/.m2/repository/com/jcraft/jsch/0.1.54/jsch-0.1.54.jar:/home/user/.m2/repository/org/apache/curator/curator-client/2.12.0/curator-client-2.12.0.jar:/home/user/.m2/repository/org/apache/curator/curator-recipes/2.12.0/curator-recipes-2.12.0.jar:/home/user/.m2/repository/com/google/code/findbugs/jsr305/3.0.0/jsr305-3.0.0.jar:/home/user/.m2/repository/org/apache/htrace/htrace-core4/4.1.0-incubating/htrace-core4-4.1.0-incubating.jar:/home/user/.m2/repository/org/apache/zookeeper/zookeeper/3.4.13/zookeeper-3.4.13.jar:/home/user/.m2/repository/jline/jline/0.9.94/jline-0.9.94.jar:/home/user/.m2/repository/org/apache/yetus/audience-annotations/0.5.0/audience-annotations-0.5.0.jar:/home/user/.m2/repository/org/codehaus/woodstox/stax2-api/3.1.4/stax2-api-3.1.4.jar:/home/user/.m2/repository/com/fasterxml/woodstox/woodstox-core/5.0.3/woodstox-core-5.0.3.jar:/home/user/.m2/repository/dnsjava/dnsjava/2.1.7/dnsjava-2.1.7.jar:/home/user/.m2/repository/org/apache/hadoop/hadoop-hdfs/3.2.0/hadoop-hdfs-3.2.0-tests.jar:/home/user/.m2/repository/org/eclipse/jetty/jetty-util-ajax/9.3.25.v20180904/jetty-util-ajax-9.3.25.v20180904.jar:/home/user/.m2/repository/commons-daemon/commons-daemon/1.0.13/commons-daemon-1.0.13.jar:/home/user/.m2/repository/io/netty/netty/3.10.5.Final/netty-3.10.5.Final.jar:/home/user/.m2/repository/io/netty/netty-all/4.0.52.Final/netty-all-4.0.52.Final.jar:/home/user/.m2/repository/org/fusesource/leveldbjni/leveldbjni-all/1.8/leveldbjni-all-1.8.jar:"/>
    <property name="java.vm.vendor" value="Oracle Corporation"/>
    <property name="sun.arch.data.model" value="64"/>
    <property name="test.build.dir" value="/workdir/hadoop-ozone/integration-test/target/test-dir"/>
    <property name="test.cache.data" value=""/>
    <property name="java.vendor.url" value="http://java.oracle.com/"/>
    <property name="user.timezone" value=""/>
    <property name="java.vm.specification.version" value="1.8"/>
    <property name="os.name" value="Linux"/>
    <property name="test.build.data" value="/workdir/hadoop-ozone/integration-test/target/test-dir"/>
    <property name="user.country" value="US"/>
    <property name="sun.java.launcher" value="SUN_STANDARD"/>
    <property name="sun.boot.library.path" value="/usr/lib/jvm/java-1.8.0-openjdk-1.8.0.222.b10-1.el7_7.x86_64/jre/lib/amd64"/>
    <property name="sun.java.command" value="/workdir/hadoop-ozone/integration-test/target/surefire/surefirebooter4214196666092512686.jar /workdir/hadoop-ozone/integration-test/target/surefire 2019-10-16T20-30-50_744-jvmRun1 surefire7223536921417544948tmp surefire_42780031395715601119tmp"/>
    <property name="surefire.test.class.path" value="/workdir/hadoop-ozone/integration-test/target/test-classes:/workdir/hadoop-ozone/integration-test/target/classes:/home/user/.m2/repository/org/apache/hadoop/hadoop-ozone-common/0.5.0-SNAPSHOT/hadoop-ozone-common-0.5.0-SNAPSHOT.jar:/home/user/.m2/repository/org/apache/commons/commons-compress/1.4.1/commons-compress-1.4.1.jar:/home/user/.m2/repository/org/tukaani/xz/1.0/xz-1.0.jar:/home/user/.m2/repository/org/apache/hadoop/hadoop-common/3.2.0/hadoop-common-3.2.0.jar:/home/user/.m2/repository/org/apache/hadoop/hadoop-hdfs/3.2.0/hadoop-hdfs-3.2.0.jar:/home/user/.m2/repository/org/apache/hadoop/hadoop-hdfs-client/3.2.0/hadoop-hdfs-client-3.2.0.jar:/home/user/.m2/repository/com/fasterxml/jackson/core/jackson-annotations/2.9.9/jackson-annotations-2.9.9.jar:/home/user/.m2/repository/org/apache/hadoop/hadoop-hdds-common/0.5.0-SNAPSHOT/hadoop-hdds-common-0.5.0-SNAPSHOT.jar:/home/user/.m2/repository/javax/annotation/javax.annotation-api/1.2/javax.annotation-api-1.2.jar:/home/user/.m2/repository/org/apache/ratis/ratis-server/0.5.0-3f446aa-SNAPSHOT/ratis-server-0.5.0-3f446aa-SNAPSHOT.jar:/home/user/.m2/repository/org/apache/ratis/ratis-thirdparty-misc/0.2.0/ratis-thirdparty-misc-0.2.0.jar:/home/user/.m2/repository/org/apache/ratis/ratis-proto/0.5.0-3f446aa-SNAPSHOT/ratis-proto-0.5.0-3f446aa-SNAPSHOT.jar:/home/user/.m2/repository/org/apache/ratis/ratis-common/0.5.0-3f446aa-SNAPSHOT/ratis-common-0.5.0-3f446aa-SNAPSHOT.jar:/home/user/.m2/repository/org/apache/ratis/ratis-client/0.5.0-3f446aa-SNAPSHOT/ratis-client-0.5.0-3f446aa-SNAPSHOT.jar:/home/user/.m2/repository/org/apache/ratis/ratis-metrics/0.5.0-3f446aa-SNAPSHOT/ratis-metrics-0.5.0-3f446aa-SNAPSHOT.jar:/home/user/.m2/repository/com/github/joshelser/dropwizard-metrics-hadoop-metrics2-reporter/0.1.2/dropwizard-metrics-hadoop-metrics2-reporter-0.1.2.jar:/home/user/.m2/repository/io/dropwizard/metrics/metrics-jvm/3.2.5/metrics-jvm-3.2.5.jar:/home/user/.m2/repository/io/dropwizard/metrics/metrics-ganglia/3.2.5/metrics-ganglia-3.2.5.jar:/home/user/.m2/repository/info/ganglia/gmetric4j/gmetric4j/1.0.7/gmetric4j-1.0.7.jar:/home/user/.m2/repository/org/apache/ratis/ratis-netty/0.5.0-3f446aa-SNAPSHOT/ratis-netty-0.5.0-3f446aa-SNAPSHOT.jar:/home/user/.m2/repository/org/apache/ratis/ratis-grpc/0.5.0-3f446aa-SNAPSHOT/ratis-grpc-0.5.0-3f446aa-SNAPSHOT.jar:/home/user/.m2/repository/org/rocksdb/rocksdbjni/6.0.1/rocksdbjni-6.0.1.jar:/home/user/.m2/repository/org/apache/logging/log4j/log4j-api/2.11.0/log4j-api-2.11.0.jar:/home/user/.m2/repository/org/apache/logging/log4j/log4j-core/2.11.0/log4j-core-2.11.0.jar:/home/user/.m2/repository/com/lmax/disruptor/3.4.2/disruptor-3.4.2.jar:/home/user/.m2/repository/org/apache/commons/commons-pool2/2.6.0/commons-pool2-2.6.0.jar:/home/user/.m2/repository/org/bouncycastle/bcpkix-jdk15on/1.60/bcpkix-jdk15on-1.60.jar:/home/user/.m2/repository/commons-validator/commons-validator/1.6/commons-validator-1.6.jar:/home/user/.m2/repository/commons-digester/commons-digester/1.8.1/commons-digester-1.8.1.jar:/home/user/.m2/repository/io/jaegertracing/jaeger-client/0.34.0/jaeger-client-0.34.0.jar:/home/user/.m2/repository/io/jaegertracing/jaeger-thrift/0.34.0/jaeger-thrift-0.34.0.jar:/home/user/.m2/repository/org/apache/thrift/libthrift/0.12.0/libthrift-0.12.0.jar:/home/user/.m2/repository/com/squareup/okhttp3/okhttp/3.9.0/okhttp-3.9.0.jar:/home/user/.m2/repository/com/squareup/okio/okio/1.13.0/okio-1.13.0.jar:/home/user/.m2/repository/io/jaegertracing/jaeger-core/0.34.0/jaeger-core-0.34.0.jar:/home/user/.m2/repository/io/jaegertracing/jaeger-tracerresolver/0.34.0/jaeger-tracerresolver-0.34.0.jar:/home/user/.m2/repository/io/opentracing/contrib/opentracing-tracerresolver/0.1.5/opentracing-tracerresolver-0.1.5.jar:/home/user/.m2/repository/io/opentracing/opentracing-util/0.31.0/opentracing-util-0.31.0.jar:/home/user/.m2/repository/io/opentracing/opentracing-api/0.31.0/opentracing-api-0.31.0.jar:/home/user/.m2/repository/io/opentracing/opentracing-noop/0.31.0/opentracing-noop-0.31.0.jar:/home/user/.m2/repository/org/apache/hadoop/hadoop-hdds-server-framework/0.5.0-SNAPSHOT/hadoop-hdds-server-framework-0.5.0-SNAPSHOT.jar:/home/user/.m2/repository/org/apache/hadoop/hadoop-hdds-container-service/0.5.0-SNAPSHOT/hadoop-hdds-container-service-0.5.0-SNAPSHOT.jar:/home/user/.m2/repository/org/apache/hadoop/hadoop-hdds-client/0.5.0-SNAPSHOT/hadoop-hdds-client-0.5.0-SNAPSHOT.jar:/home/user/.m2/repository/org/apache/hadoop/hadoop-hdds-tools/0.5.0-SNAPSHOT/hadoop-hdds-tools-0.5.0-SNAPSHOT.jar:/home/user/.m2/repository/org/apache/hadoop/hadoop-hdds-server-scm/0.5.0-SNAPSHOT/hadoop-hdds-server-scm-0.5.0-SNAPSHOT.jar:/home/user/.m2/repository/org/apache/hadoop/hadoop-hdds-docs/0.5.0-SNAPSHOT/hadoop-hdds-docs-0.5.0-SNAPSHOT.jar:/home/user/.m2/repository/io/dropwizard/metrics/metrics-core/3.2.4/metrics-core-3.2.4.jar:/home/user/.m2/repository/org/hamcrest/hamcrest-all/1.3/hamcrest-all-1.3.jar:/home/user/.m2/repository/org/bouncycastle/bcprov-jdk15on/1.60/bcprov-jdk15on-1.60.jar:/home/user/.m2/repository/info/picocli/picocli/3.9.6/picocli-3.9.6.jar:/home/user/.m2/repository/com/google/protobuf/protobuf-java/2.5.0/protobuf-java-2.5.0.jar:/home/user/.m2/repository/com/google/guava/guava/11.0.2/guava-11.0.2.jar:/home/user/.m2/repository/org/apache/hadoop/hadoop-ozone-ozone-manager/0.5.0-SNAPSHOT/hadoop-ozone-ozone-manager-0.5.0-SNAPSHOT.jar:/home/user/.m2/repository/org/apache/hadoop/hadoop-minikdc/3.2.0/hadoop-minikdc-3.2.0.jar:/home/user/.m2/repository/commons-io/commons-io/2.5/commons-io-2.5.jar:/home/user/.m2/repository/org/apache/kerby/kerb-simplekdc/1.0.1/kerb-simplekdc-1.0.1.jar:/home/user/.m2/repository/org/apache/kerby/kerb-client/1.0.1/kerb-client-1.0.1.jar:/home/user/.m2/repository/org/apache/kerby/kerby-config/1.0.1/kerby-config-1.0.1.jar:/home/user/.m2/repository/org/apache/kerby/kerb-core/1.0.1/kerb-core-1.0.1.jar:/home/user/.m2/repository/org/apache/kerby/kerby-pkix/1.0.1/kerby-pkix-1.0.1.jar:/home/user/.m2/repository/org/apache/kerby/kerby-asn1/1.0.1/kerby-asn1-1.0.1.jar:/home/user/.m2/repository/org/apache/kerby/kerby-util/1.0.1/kerby-util-1.0.1.jar:/home/user/.m2/repository/org/apache/kerby/kerb-common/1.0.1/kerb-common-1.0.1.jar:/home/user/.m2/repository/org/apache/kerby/kerb-crypto/1.0.1/kerb-crypto-1.0.1.jar:/home/user/.m2/repository/org/apache/kerby/kerb-util/1.0.1/kerb-util-1.0.1.jar:/home/user/.m2/repository/org/apache/kerby/token-provider/1.0.1/token-provider-1.0.1.jar:/home/user/.m2/repository/org/apache/kerby/kerb-admin/1.0.1/kerb-admin-1.0.1.jar:/home/user/.m2/repository/org/apache/kerby/kerb-server/1.0.1/kerb-server-1.0.1.jar:/home/user/.m2/repository/org/apache/kerby/kerb-identity/1.0.1/kerb-identity-1.0.1.jar:/home/user/.m2/repository/org/apache/kerby/kerby-xdr/1.0.1/kerby-xdr-1.0.1.jar:/home/user/.m2/repository/org/slf4j/slf4j-log4j12/1.7.25/slf4j-log4j12-1.7.25.jar:/home/user/.m2/repository/org/apache/hadoop/hadoop-ozone-s3gateway/0.5.0-SNAPSHOT/hadoop-ozone-s3gateway-0.5.0-SNAPSHOT.jar:/home/user/.m2/repository/org/jboss/weld/servlet/weld-servlet/2.4.7.Final/weld-servlet-2.4.7.Final.jar:/home/user/.m2/repository/org/glassfish/jersey/containers/jersey-container-servlet-core/2.27/jersey-container-servlet-core-2.27.jar:/home/user/.m2/repository/org/glassfish/hk2/external/javax.inject/2.5.0-b42/javax.inject-2.5.0-b42.jar:/home/user/.m2/repository/org/glassfish/jersey/core/jersey-common/2.27/jersey-common-2.27.jar:/home/user/.m2/repository/org/glassfish/hk2/osgi-resource-locator/1.0.1/osgi-resource-locator-1.0.1.jar:/home/user/.m2/repository/javax/ws/rs/javax.ws.rs-api/2.1/javax.ws.rs-api-2.1.jar:/home/user/.m2/repository/org/glassfish/jersey/ext/cdi/jersey-cdi1x/2.27/jersey-cdi1x-2.27.jar:/home/user/.m2/repository/org/glassfish/jersey/inject/jersey-hk2/2.27/jersey-hk2-2.27.jar:/home/user/.m2/repository/org/glassfish/hk2/hk2-locator/2.5.0-b42/hk2-locator-2.5.0-b42.jar:/home/user/.m2/repository/org/javassist/javassist/3.22.0-CR2/javassist-3.22.0-CR2.jar:/home/user/.m2/repository/org/glassfish/hk2/hk2-api/2.5.0/hk2-api-2.5.0.jar:/home/user/.m2/repository/org/glassfish/hk2/external/jakarta.inject/2.5.0/jakarta.inject-2.5.0.jar:/home/user/.m2/repository/org/glassfish/hk2/hk2-utils/2.5.0/hk2-utils-2.5.0.jar:/home/user/.m2/repository/jakarta/annotation/jakarta.annotation-api/1.3.4/jakarta.annotation-api-1.3.4.jar:/home/user/.m2/repository/org/glassfish/hk2/external/aopalliance-repackaged/2.5.0/aopalliance-repackaged-2.5.0.jar:/home/user/.m2/repository/com/fasterxml/jackson/dataformat/jackson-dataformat-xml/2.9.0/jackson-dataformat-xml-2.9.0.jar:/home/user/.m2/repository/com/fasterxml/jackson/core/jackson-core/2.9.9/jackson-core-2.9.9.jar:/home/user/.m2/repository/com/fasterxml/jackson/module/jackson-module-jaxb-annotations/2.9.9/jackson-module-jaxb-annotations-2.9.9.jar:/home/user/.m2/repository/javax/enterprise/cdi-api/1.2/cdi-api-1.2.jar:/home/user/.m2/repository/javax/el/javax.el-api/3.0.0/javax.el-api-3.0.0.jar:/home/user/.m2/repository/javax/interceptor/javax.interceptor-api/1.2/javax.interceptor-api-1.2.jar:/home/user/.m2/repository/javax/inject/javax.inject/1/javax.inject-1.jar:/home/user/.m2/repository/com/sun/xml/bind/jaxb-impl/2.3.0.1/jaxb-impl-2.3.0.1.jar:/home/user/.m2/repository/com/sun/xml/bind/jaxb-core/2.3.0.1/jaxb-core-2.3.0.1.jar:/home/user/.m2/repository/javax/xml/bind/jaxb-api/2.3.0/jaxb-api-2.3.0.jar:/home/user/.m2/repository/javax/activation/activation/1.1.1/activation-1.1.1.jar:/home/user/.m2/repository/org/apache/hadoop/hadoop-ozone-csi/0.5.0-SNAPSHOT/hadoop-ozone-csi-0.5.0-SNAPSHOT.jar:/home/user/.m2/repository/com/google/protobuf/protobuf-java-util/3.5.1/protobuf-java-util-3.5.1.jar:/home/user/.m2/repository/org/apache/hadoop/hadoop-hdds-config/0.5.0-SNAPSHOT/hadoop-hdds-config-0.5.0-SNAPSHOT.jar:/home/user/.m2/repository/io/grpc/grpc-netty/1.17.1/grpc-netty-1.17.1.jar:/home/user/.m2/repository/io/grpc/grpc-core/1.17.1/grpc-core-1.17.1.jar:/home/user/.m2/repository/io/grpc/grpc-context/1.17.1/grpc-context-1.17.1.jar:/home/user/.m2/repository/com/google/errorprone/error_prone_annotations/2.2.0/error_prone_annotations-2.2.0.jar:/home/user/.m2/repository/org/codehaus/mojo/animal-sniffer-annotations/1.17/animal-sniffer-annotations-1.17.jar:/home/user/.m2/repository/io/opencensus/opencensus-api/0.17.0/opencensus-api-0.17.0.jar:/home/user/.m2/repository/io/opencensus/opencensus-contrib-grpc-metrics/0.17.0/opencensus-contrib-grpc-metrics-0.17.0.jar:/home/user/.m2/repository/io/netty/netty-codec-http2/4.1.30.Final/netty-codec-http2-4.1.30.Final.jar:/home/user/.m2/repository/io/netty/netty-codec-http/4.1.30.Final/netty-codec-http-4.1.30.Final.jar:/home/user/.m2/repository/io/netty/netty-codec/4.1.30.Final/netty-codec-4.1.30.Final.jar:/home/user/.m2/repository/io/netty/netty-handler/4.1.30.Final/netty-handler-4.1.30.Final.jar:/home/user/.m2/repository/io/netty/netty-handler-proxy/4.1.30.Final/netty-handler-proxy-4.1.30.Final.jar:/home/user/.m2/repository/io/netty/netty-codec-socks/4.1.30.Final/netty-codec-socks-4.1.30.Final.jar:/home/user/.m2/repository/io/netty/netty-transport-native-epoll/4.1.30.Final/netty-transport-native-epoll-4.1.30.Final.jar:/home/user/.m2/repository/io/netty/netty-common/4.1.30.Final/netty-common-4.1.30.Final.jar:/home/user/.m2/repository/io/netty/netty-buffer/4.1.30.Final/netty-buffer-4.1.30.Final.jar:/home/user/.m2/repository/io/netty/netty-transport/4.1.30.Final/netty-transport-4.1.30.Final.jar:/home/user/.m2/repository/io/netty/netty-resolver/4.1.30.Final/netty-resolver-4.1.30.Final.jar:/home/user/.m2/repository/io/netty/netty-transport-native-unix-common/4.1.30.Final/netty-transport-native-unix-common-4.1.30.Final.jar:/home/user/.m2/repository/io/grpc/grpc-protobuf/1.17.1/grpc-protobuf-1.17.1.jar:/home/user/.m2/repository/com/google/api/grpc/proto-google-common-protos/1.0.0/proto-google-common-protos-1.0.0.jar:/home/user/.m2/repository/io/grpc/grpc-protobuf-lite/1.17.1/grpc-protobuf-lite-1.17.1.jar:/home/user/.m2/repository/io/grpc/grpc-stub/1.17.1/grpc-stub-1.17.1.jar:/home/user/.m2/repository/org/apache/hadoop/hadoop-ozone-recon/0.5.0-SNAPSHOT/hadoop-ozone-recon-0.5.0-SNAPSHOT.jar:/home/user/.m2/repository/org/apache/hadoop/hadoop-ozone-reconcodegen/0.5.0-SNAPSHOT/hadoop-ozone-reconcodegen-0.5.0-SNAPSHOT.jar:/home/user/.m2/repository/com/google/inject/extensions/guice-multibindings/4.0/guice-multibindings-4.0.jar:/home/user/.m2/repository/com/google/inject/guice/4.0/guice-4.0.jar:/home/user/.m2/repository/aopalliance/aopalliance/1.0/aopalliance-1.0.jar:/home/user/.m2/repository/com/google/inject/extensions/guice-servlet/4.0/guice-servlet-4.0.jar:/home/user/.m2/repository/org/glassfish/jersey/containers/jersey-container-servlet/2.27/jersey-container-servlet-2.27.jar:/home/user/.m2/repository/org/glassfish/hk2/guice-bridge/2.5.0/guice-bridge-2.5.0.jar:/home/user/.m2/repository/org/glassfish/jersey/core/jersey-server/2.27/jersey-server-2.27.jar:/home/user/.m2/repository/org/glassfish/jersey/core/jersey-client/2.27/jersey-client-2.27.jar:/home/user/.m2/repository/org/glassfish/jersey/media/jersey-media-jaxb/2.27/jersey-media-jaxb-2.27.jar:/home/user/.m2/repository/javax/validation/validation-api/1.1.0.Final/validation-api-1.1.0.Final.jar:/home/user/.m2/repository/org/glassfish/jersey/media/jersey-media-json-jackson/2.27/jersey-media-json-jackson-2.27.jar:/home/user/.m2/repository/org/glassfish/jersey/ext/jersey-entity-filtering/2.27/jersey-entity-filtering-2.27.jar:/home/user/.m2/repository/com/google/inject/extensions/guice-assistedinject/4.0/guice-assistedinject-4.0.jar:/home/user/.m2/repository/org/jooq/jooq/3.11.10/jooq-3.11.10.jar:/home/user/.m2/repository/org/jooq/jooq-meta/3.11.10/jooq-meta-3.11.10.jar:/home/user/.m2/repository/org/jooq/jooq-codegen/3.11.10/jooq-codegen-3.11.10.jar:/home/user/.m2/repository/com/jolbox/bonecp/0.8.0.RELEASE/bonecp-0.8.0.RELEASE.jar:/home/user/.m2/repository/org/xerial/sqlite-jdbc/3.25.2/sqlite-jdbc-3.25.2.jar:/home/user/.m2/repository/org/springframework/spring-jdbc/5.1.3.RELEASE/spring-jdbc-5.1.3.RELEASE.jar:/home/user/.m2/repository/org/springframework/spring-beans/5.1.3.RELEASE/spring-beans-5.1.3.RELEASE.jar:/home/user/.m2/repository/org/springframework/spring-core/5.1.3.RELEASE/spring-core-5.1.3.RELEASE.jar:/home/user/.m2/repository/org/springframework/spring-jcl/5.1.3.RELEASE/spring-jcl-5.1.3.RELEASE.jar:/home/user/.m2/repository/org/springframework/spring-tx/5.1.3.RELEASE/spring-tx-5.1.3.RELEASE.jar:/home/user/.m2/repository/org/apache/hadoop/hadoop-ozone-client/0.5.0-SNAPSHOT/hadoop-ozone-client-0.5.0-SNAPSHOT.jar:/home/user/.m2/repository/commons-lang/commons-lang/2.6/commons-lang-2.6.jar:/home/user/.m2/repository/org/apache/hadoop/hadoop-ozone-ozone-manager/0.5.0-SNAPSHOT/hadoop-ozone-ozone-manager-0.5.0-SNAPSHOT-tests.jar:/home/user/.m2/repository/junit/junit/4.11/junit-4.11.jar:/home/user/.m2/repository/org/hamcrest/hamcrest-core/1.3/hamcrest-core-1.3.jar:/home/user/.m2/repository/org/openjdk/jmh/jmh-core/1.19/jmh-core-1.19.jar:/home/user/.m2/repository/net/sf/jopt-simple/jopt-simple/4.6/jopt-simple-4.6.jar:/home/user/.m2/repository/org/apache/commons/commons-math3/3.1.1/commons-math3-3.1.1.jar:/home/user/.m2/repository/org/openjdk/jmh/jmh-generator-annprocess/1.19/jmh-generator-annprocess-1.19.jar:/home/user/.m2/repository/org/mockito/mockito-all/1.8.5/mockito-all-1.8.5.jar:/home/user/.m2/repository/org/apache/hadoop/hadoop-kms/3.2.0/hadoop-kms-3.2.0.jar:/home/user/.m2/repository/org/apache/hadoop/hadoop-auth/3.2.0/hadoop-auth-3.2.0.jar:/home/user/.m2/repository/com/nimbusds/nimbus-jose-jwt/4.41.1/nimbus-jose-jwt-4.41.1.jar:/home/user/.m2/repository/com/github/stephenc/jcip/jcip-annotations/1.0-1/jcip-annotations-1.0-1.jar:/home/user/.m2/repository/net/minidev/json-smart/2.3/json-smart-2.3.jar:/home/user/.m2/repository/net/minidev/accessors-smart/1.2/accessors-smart-1.2.jar:/home/user/.m2/repository/org/ow2/asm/asm/5.0.4/asm-5.0.4.jar:/home/user/.m2/repository/org/apache/curator/curator-framework/2.12.0/curator-framework-2.12.0.jar:/home/user/.m2/repository/com/sun/jersey/jersey-core/1.19/jersey-core-1.19.jar:/home/user/.m2/repository/javax/ws/rs/jsr311-api/1.1.1/jsr311-api-1.1.1.jar:/home/user/.m2/repository/com/sun/jersey/jersey-server/1.19/jersey-server-1.19.jar:/home/user/.m2/repository/javax/servlet/javax.servlet-api/3.1.0/javax.servlet-api-3.1.0.jar:/home/user/.m2/repository/org/eclipse/jetty/jetty-server/9.3.25.v20180904/jetty-server-9.3.25.v20180904.jar:/home/user/.m2/repository/org/eclipse/jetty/jetty-http/9.3.25.v20180904/jetty-http-9.3.25.v20180904.jar:/home/user/.m2/repository/org/eclipse/jetty/jetty-io/9.3.25.v20180904/jetty-io-9.3.25.v20180904.jar:/home/user/.m2/repository/org/eclipse/jetty/jetty-webapp/9.3.25.v20180904/jetty-webapp-9.3.25.v20180904.jar:/home/user/.m2/repository/org/eclipse/jetty/jetty-xml/9.3.25.v20180904/jetty-xml-9.3.25.v20180904.jar:/home/user/.m2/repository/log4j/log4j/1.2.17/log4j-1.2.17.jar:/home/user/.m2/repository/org/slf4j/slf4j-api/1.7.25/slf4j-api-1.7.25.jar:/home/user/.m2/repository/org/slf4j/jul-to-slf4j/1.7.25/jul-to-slf4j-1.7.25.jar:/home/user/.m2/repository/org/eclipse/jetty/jetty-util/9.3.25.v20180904/jetty-util-9.3.25.v20180904.jar:/home/user/.m2/repository/com/fasterxml/jackson/core/jackson-databind/2.9.9/jackson-databind-2.9.9.jar:/home/user/.m2/repository/org/apache/hadoop/hadoop-kms/3.2.0/hadoop-kms-3.2.0-tests.jar:/home/user/.m2/repository/org/apache/hadoop/hadoop-hdds-server-scm/0.5.0-SNAPSHOT/hadoop-hdds-server-scm-0.5.0-SNAPSHOT-tests.jar:/home/user/.m2/repository/org/apache/hadoop/hadoop-hdds-container-service/0.5.0-SNAPSHOT/hadoop-hdds-container-service-0.5.0-SNAPSHOT-tests.jar:/home/user/.m2/repository/org/yaml/snakeyaml/1.16/snakeyaml-1.16.jar:/home/user/.m2/repository/org/apache/hadoop/hadoop-common/3.2.0/hadoop-common-3.2.0-tests.jar:/home/user/.m2/repository/org/apache/hadoop/hadoop-annotations/3.2.0/hadoop-annotations-3.2.0.jar:/usr/lib/jvm/java-1.8.0-openjdk-1.8.0.222.b10-1.el7_7.x86_64/jre/../lib/tools.jar:/home/user/.m2/repository/commons-cli/commons-cli/1.2/commons-cli-1.2.jar:/home/user/.m2/repository/org/apache/httpcomponents/httpclient/4.5.2/httpclient-4.5.2.jar:/home/user/.m2/repository/org/apache/httpcomponents/httpcore/4.4.4/httpcore-4.4.4.jar:/home/user/.m2/repository/commons-codec/commons-codec/1.11/commons-codec-1.11.jar:/home/user/.m2/repository/commons-net/commons-net/3.6/commons-net-3.6.jar:/home/user/.m2/repository/commons-collections/commons-collections/3.2.2/commons-collections-3.2.2.jar:/home/user/.m2/repository/org/eclipse/jetty/jetty-servlet/9.3.25.v20180904/jetty-servlet-9.3.25.v20180904.jar:/home/user/.m2/repository/org/eclipse/jetty/jetty-security/9.3.25.v20180904/jetty-security-9.3.25.v20180904.jar:/home/user/.m2/repository/javax/servlet/jsp/jsp-api/2.1/jsp-api-2.1.jar:/home/user/.m2/repository/com/sun/jersey/jersey-servlet/1.19/jersey-servlet-1.19.jar:/home/user/.m2/repository/com/sun/jersey/jersey-json/1.19/jersey-json-1.19.jar:/home/user/.m2/repository/org/codehaus/jettison/jettison/1.1/jettison-1.1.jar:/home/user/.m2/repository/org/codehaus/jackson/jackson-core-asl/1.9.13/jackson-core-asl-1.9.13.jar:/home/user/.m2/repository/org/codehaus/jackson/jackson-mapper-asl/1.9.13/jackson-mapper-asl-1.9.13.jar:/home/user/.m2/repository/org/codehaus/jackson/jackson-jaxrs/1.9.13/jackson-jaxrs-1.9.13.jar:/home/user/.m2/repository/org/codehaus/jackson/jackson-xc/1.9.13/jackson-xc-1.9.13.jar:/home/user/.m2/repository/commons-logging/commons-logging/1.1.3/commons-logging-1.1.3.jar:/home/user/.m2/repository/commons-beanutils/commons-beanutils/1.9.4/commons-beanutils-1.9.4.jar:/home/user/.m2/repository/org/apache/commons/commons-configuration2/2.1.1/commons-configuration2-2.1.1.jar:/home/user/.m2/repository/org/apache/commons/commons-lang3/3.7/commons-lang3-3.7.jar:/home/user/.m2/repository/org/apache/commons/commons-text/1.4/commons-text-1.4.jar:/home/user/.m2/repository/org/apache/avro/avro/1.7.7/avro-1.7.7.jar:/home/user/.m2/repository/com/thoughtworks/paranamer/paranamer/2.3/paranamer-2.3.jar:/home/user/.m2/repository/org/xerial/snappy/snappy-java/1.0.5/snappy-java-1.0.5.jar:/home/user/.m2/repository/com/google/re2j/re2j/1.1/re2j-1.1.jar:/home/user/.m2/repository/com/google/code/gson/gson/2.2.4/gson-2.2.4.jar:/home/user/.m2/repository/com/jcraft/jsch/0.1.54/jsch-0.1.54.jar:/home/user/.m2/repository/org/apache/curator/curator-client/2.12.0/curator-client-2.12.0.jar:/home/user/.m2/repository/org/apache/curator/curator-recipes/2.12.0/curator-recipes-2.12.0.jar:/home/user/.m2/repository/com/google/code/findbugs/jsr305/3.0.0/jsr305-3.0.0.jar:/home/user/.m2/repository/org/apache/htrace/htrace-core4/4.1.0-incubating/htrace-core4-4.1.0-incubating.jar:/home/user/.m2/repository/org/apache/zookeeper/zookeeper/3.4.13/zookeeper-3.4.13.jar:/home/user/.m2/repository/jline/jline/0.9.94/jline-0.9.94.jar:/home/user/.m2/repository/org/apache/yetus/audience-annotations/0.5.0/audience-annotations-0.5.0.jar:/home/user/.m2/repository/org/codehaus/woodstox/stax2-api/3.1.4/stax2-api-3.1.4.jar:/home/user/.m2/repository/com/fasterxml/woodstox/woodstox-core/5.0.3/woodstox-core-5.0.3.jar:/home/user/.m2/repository/dnsjava/dnsjava/2.1.7/dnsjava-2.1.7.jar:/home/user/.m2/repository/org/apache/hadoop/hadoop-hdfs/3.2.0/hadoop-hdfs-3.2.0-tests.jar:/home/user/.m2/repository/org/eclipse/jetty/jetty-util-ajax/9.3.25.v20180904/jetty-util-ajax-9.3.25.v20180904.jar:/home/user/.m2/repository/commons-daemon/commons-daemon/1.0.13/commons-daemon-1.0.13.jar:/home/user/.m2/repository/io/netty/netty/3.10.5.Final/netty-3.10.5.Final.jar:/home/user/.m2/repository/io/netty/netty-all/4.0.52.Final/netty-all-4.0.52.Final.jar:/home/user/.m2/repository/org/fusesource/leveldbjni/leveldbjni-all/1.8/leveldbjni-all-1.8.jar:"/>
    <property name="sun.cpu.endian" value="little"/>
    <property name="user.home" value="/home/user"/>
    <property name="user.language" value="en"/>
    <property name="java.specification.vendor" value="Oracle Corporation"/>
    <property name="java.home" value="/usr/lib/jvm/java-1.8.0-openjdk-1.8.0.222.b10-1.el7_7.x86_64/jre"/>
    <property name="surefire.excludesFile" value="/tools/ozone-bad-unit-tests"/>
    <property name="java.security.krb5.conf" value="/workdir/hadoop-ozone/integration-test/target/test-classes/krb5.conf"/>
    <property name="basedir" value="/workdir/hadoop-ozone/integration-test"/>
    <property name="file.separator" value="/"/>
    <property name="line.separator" value="&#10;"/>
    <property name="java.vm.specification.vendor" value="Oracle Corporation"/>
    <property name="java.specification.name" value="Java Platform API Specification"/>
    <property name="java.awt.graphicsenv" value="sun.awt.X11GraphicsEnvironment"/>
    <property name="surefire.real.class.path" value="/workdir/hadoop-ozone/integration-test/target/surefire/surefirebooter4214196666092512686.jar"/>
    <property name="hadoop.log.dir" value="/workdir/hadoop-ozone/integration-test/target/log"/>
    <property name="sun.boot.class.path" value="/usr/lib/jvm/java-1.8.0-openjdk-1.8.0.222.b10-1.el7_7.x86_64/jre/lib/resources.jar:/usr/lib/jvm/java-1.8.0-openjdk-1.8.0.222.b10-1.el7_7.x86_64/jre/lib/rt.jar:/usr/lib/jvm/java-1.8.0-openjdk-1.8.0.222.b10-1.el7_7.x86_64/jre/lib/sunrsasign.jar:/usr/lib/jvm/java-1.8.0-openjdk-1.8.0.222.b10-1.el7_7.x86_64/jre/lib/jsse.jar:/usr/lib/jvm/java-1.8.0-openjdk-1.8.0.222.b10-1.el7_7.x86_64/jre/lib/jce.jar:/usr/lib/jvm/java-1.8.0-openjdk-1.8.0.222.b10-1.el7_7.x86_64/jre/lib/charsets.jar:/usr/lib/jvm/java-1.8.0-openjdk-1.8.0.222.b10-1.el7_7.x86_64/jre/lib/jfr.jar:/usr/lib/jvm/java-1.8.0-openjdk-1.8.0.222.b10-1.el7_7.x86_64/jre/classes"/>
    <property name="sun.management.compiler" value="HotSpot 64-Bit Tiered Compilers"/>
    <property name="java.runtime.version" value="1.8.0_222-b10"/>
    <property name="java.net.preferIPv4Stack" value="true"/>
    <property name="user.name" value="jenkins1000"/>
    <property name="path.separator" value=":"/>
    <property name="java.security.egd" value="file:///dev/urandom"/>
    <property name="os.version" value="3.10.0-957.12.2.el7.x86_64"/>
    <property name="java.endorsed.dirs" value="/usr/lib/jvm/java-1.8.0-openjdk-1.8.0.222.b10-1.el7_7.x86_64/jre/lib/endorsed"/>
    <property name="java.runtime.name" value="OpenJDK Runtime Environment"/>
    <property name="file.encoding" value="ANSI_X3.4-1968"/>
    <property name="java.vm.name" value="OpenJDK 64-Bit Server VM"/>
    <property name="test.build.webapps" value=""/>
    <property name="localRepository" value="/home/user/.m2/repository"/>
    <property name="java.vendor.url.bug" value="http://bugreport.sun.com/bugreport/"/>
    <property name="java.io.tmpdir" value="/tmp"/>
    <property name="require.test.libhadoop" value=""/>
    <property name="java.version" value="1.8.0_222"/>
    <property name="user.dir" value="/workdir/hadoop-ozone/integration-test"/>
    <property name="os.arch" value="amd64"/>
    <property name="java.vm.specification.name" value="Java Virtual Machine Specification"/>
    <property name="test.build.classes" value="/workdir/hadoop-ozone/integration-test/target/test-classes"/>
    <property name="java.awt.printerjob" value="sun.print.PSPrinterJob"/>
    <property name="sun.os.patch.level" value="unknown"/>
    <property name="hadoop.tmp.dir" value="/workdir/hadoop-ozone/integration-test/target/tmp"/>
    <property name="java.library.path" value="/usr/lib:/workdir/hadoop-ozone/integration-test/target/native/target/usr/local/lib:/workdir/hadoop-ozone/integration-test/../../hadoop-common-project/hadoop-common/target/native/target/usr/local/lib:/usr/java/packages/lib/amd64:/usr/lib64:/lib64:/lib:/usr/lib"/>
    <property name="java.vm.info" value="mixed mode"/>
    <property name="java.vendor" value="Oracle Corporation"/>
    <property name="java.vm.version" value="25.222-b10"/>
    <property name="java.ext.dirs" value="/usr/lib/jvm/java-1.8.0-openjdk-1.8.0.222.b10-1.el7_7.x86_64/jre/lib/ext:/usr/java/packages/lib/ext"/>
    <property name="sun.io.unicode.encoding" value="UnicodeLittle"/>
    <property name="java.class.version" value="52.0"/>
  </properties>
  <testcase name="org.apache.hadoop.ozone.client.rpc.TestDeleteWithSlowFollower" classname="org.apache.hadoop.ozone.client.rpc.TestDeleteWithSlowFollower" time="75.534">
    <error message="Timed out waiting for condition. Thread diagnostics:&#10;Timestamp: 2019-10-16 09:02:11,375&#10;&#10;&quot;Datanode State Machine Thread - 0&quot; daemon prio=5 tid=204 timed_waiting&#10;java.lang.Thread.State: TIMED_WAITING&#10;        at sun.misc.Unsafe.park(Native Method)&#10;        at java.util.concurrent.locks.LockSupport.parkNanos(LockSupport.java:215)&#10;        at java.util.concurrent.SynchronousQueue$TransferStack.awaitFulfill(SynchronousQueue.java:460)&#10;        at java.util.concurrent.SynchronousQueue$TransferStack.transfer(SynchronousQueue.java:362)&#10;        at java.util.concurrent.SynchronousQueue.poll(SynchronousQueue.java:941)&#10;        at java.util.concurrent.ThreadPoolExecutor.getTask(ThreadPoolExecutor.java:1073)&#10;        at java.util.concurrent.ThreadPoolExecutor.runWorker(ThreadPoolExecutor.java:1134)&#10;        at java.util.concurrent.ThreadPoolExecutor$Worker.run(ThreadPoolExecutor.java:624)&#10;        at java.lang.Thread.run(Thread.java:748)&#10;&quot;pool-26-thread-30&quot;  prio=5 tid=262 in Object.wait()&#10;java.lang.Thread.State: WAITING (on object monitor)&#10;        at sun.misc.Unsafe.park(Native Method)&#10;        at java.util.concurrent.locks.LockSupport.park(LockSupport.java:175)&#10;        at java.util.concurrent.locks.AbstractQueuedSynchronizer$ConditionObject.await(AbstractQueuedSynchronizer.java:2039)&#10;        at java.util.concurrent.ArrayBlockingQueue.take(ArrayBlockingQueue.java:403)&#10;        at java.util.concurrent.ThreadPoolExecutor.getTask(ThreadPoolExecutor.java:1074)&#10;        at java.util.concurrent.ThreadPoolExecutor.runWorker(ThreadPoolExecutor.java:1134)&#10;        at java.util.concurrent.ThreadPoolExecutor$Worker.run(ThreadPoolExecutor.java:624)&#10;        at java.lang.Thread.run(Thread.java:748)&#10;&quot;pool-46-thread-49&quot;  prio=5 tid=401 in Object.wait()&#10;java.lang.Thread.State: WAITING (on object monitor)&#10;        at sun.misc.Unsafe.park(Native Method)&#10;        at java.util.concurrent.locks.LockSupport.park(LockSupport.java:175)&#10;        at java.util.concurrent.locks.AbstractQueuedSynchronizer$ConditionObject.await(AbstractQueuedSynchronizer.java:2039)&#10;        at java.util.concurrent.ArrayBlockingQueue.take(ArrayBlockingQueue.java:403)&#10;        at java.util.concurrent.ThreadPoolExecutor.getTask(ThreadPoolExecutor.java:1074)&#10;        at java.util.concurrent.ThreadPoolExecutor.runWorker(ThreadPoolExecutor.java:1134)&#10;        at java.util.concurrent.ThreadPoolExecutor$Worker.run(ThreadPoolExecutor.java:624)&#10;        at java.lang.Thread.run(Thread.java:748)&#10;&quot;org.apache.hadoop.util.JvmPauseMonitor$Monitor@4b629f13&quot; daemon prio=5 tid=102 timed_waiting&#10;java.lang.Thread.State: TIMED_WAITING&#10;        at java.lang.Thread.sleep(Native Method)&#10;        at org.apache.hadoop.util.JvmPauseMonitor$Monitor.run(JvmPauseMonitor.java:192)&#10;        at java.lang.Thread.run(Thread.java:748)&#10;&quot;grpc-default-executor-2&quot; daemon prio=5 tid=477 runnable&#10;java.lang.Thread.State: RUNNABLE&#10;        at sun.misc.Unsafe.park(Native Method)&#10;        at java.util.concurrent.locks.LockSupport.parkNanos(LockSupport.java:215)&#10;        at java.util.concurrent.SynchronousQueue$TransferStack.awaitFulfill(SynchronousQueue.java:460)&#10;        at java.util.concurrent.SynchronousQueue$TransferStack.transfer(SynchronousQueue.java:362)&#10;        at java.util.concurrent.SynchronousQueue.poll(SynchronousQueue.java:941)&#10;        at java.util.concurrent.ThreadPoolExecutor.getTask(ThreadPoolExecutor.java:1073)&#10;        at java.util.concurrent.ThreadPoolExecutor.runWorker(ThreadPoolExecutor.java:1134)&#10;        at java.util.concurrent.ThreadPoolExecutor$Worker.run(ThreadPoolExecutor.java:624)&#10;        at java.lang.Thread.run(Thread.java:748)&#10;&quot;Datanode State Machine Thread - 0&quot; daemon prio=5 tid=231 timed_waiting&#10;java.lang.Thread.State: TIMED_WAITING&#10;        at sun.misc.Unsafe.park(Native Method)&#10;        at java.util.concurrent.locks.LockSupport.parkNanos(LockSupport.java:215)&#10;        at java.util.concurrent.SynchronousQueue$TransferStack.awaitFulfill(SynchronousQueue.java:460)&#10;        at java.util.concurrent.SynchronousQueue$TransferStack.transfer(SynchronousQueue.java:362)&#10;        at java.util.concurrent.SynchronousQueue.poll(SynchronousQueue.java:941)&#10;        at java.util.concurrent.ThreadPoolExecutor.getTask(ThreadPoolExecutor.java:1073)&#10;        at java.util.concurrent.ThreadPoolExecutor.runWorker(ThreadPoolExecutor.java:1134)&#10;        at java.util.concurrent.ThreadPoolExecutor$Worker.run(ThreadPoolExecutor.java:624)&#10;        at java.lang.Thread.run(Thread.java:748)&#10;&quot;pool-46-thread-35&quot;  prio=5 tid=387 in Object.wait()&#10;java.lang.Thread.State: WAITING (on object monitor)&#10;        at sun.misc.Unsafe.park(Native Method)&#10;        at java.util.concurrent.locks.LockSupport.park(LockSupport.java:175)&#10;        at java.util.concurrent.locks.AbstractQueuedSynchronizer$ConditionObject.await(AbstractQueuedSynchronizer.java:2039)&#10;        at java.util.concurrent.ArrayBlockingQueue.take(ArrayBlockingQueue.java:403)&#10;        at java.util.concurrent.ThreadPoolExecutor.getTask(ThreadPoolExecutor.java:1074)&#10;        at java.util.concurrent.ThreadPoolExecutor.runWorker(ThreadPoolExecutor.java:1134)&#10;        at java.util.concurrent.ThreadPoolExecutor$Worker.run(ThreadPoolExecutor.java:624)&#10;        at java.lang.Thread.run(Thread.java:748)&#10;&quot;pool-26-thread-39&quot;  prio=5 tid=271 in Object.wait()&#10;java.lang.Thread.State: WAITING (on object monitor)&#10;        at sun.misc.Unsafe.park(Native Method)&#10;        at java.util.concurrent.locks.LockSupport.park(LockSupport.java:175)&#10;        at java.util.concurrent.locks.AbstractQueuedSynchronizer$ConditionObject.await(AbstractQueuedSynchronizer.java:2039)&#10;        at java.util.concurrent.ArrayBlockingQueue.take(ArrayBlockingQueue.java:403)&#10;        at java.util.concurrent.ThreadPoolExecutor.getTask(ThreadPoolExecutor.java:1074)&#10;        at java.util.concurrent.ThreadPoolExecutor.runWorker(ThreadPoolExecutor.java:1134)&#10;        at java.util.concurrent.ThreadPoolExecutor$Worker.run(ThreadPoolExecutor.java:624)&#10;        at java.lang.Thread.run(Thread.java:748)&#10;&quot;BlockDeletingService#3&quot; daemon prio=5 tid=436 in Object.wait()&#10;java.lang.Thread.State: WAITING (on object monitor)&#10;        at sun.misc.Unsafe.park(Native Method)&#10;        at java.util.concurrent.locks.LockSupport.park(LockSupport.java:175)&#10;        at java.util.concurrent.locks.AbstractQueuedSynchronizer$ConditionObject.await(AbstractQueuedSynchronizer.java:2039)&#10;        at java.util.concurrent.ScheduledThreadPoolExecutor$DelayedWorkQueue.take(ScheduledThreadPoolExecutor.java:1088)&#10;        at java.util.concurrent.ScheduledThreadPoolExecutor$DelayedWorkQueue.take(ScheduledThreadPoolExecutor.java:809)&#10;        at java.util.concurrent.ThreadPoolExecutor.getTask(ThreadPoolExecutor.java:1074)&#10;        at java.util.concurrent.ThreadPoolExecutor.runWorker(ThreadPoolExecutor.java:1134)&#10;        at java.util.concurrent.ThreadPoolExecutor$Worker.run(ThreadPoolExecutor.java:624)&#10;        at java.lang.Thread.run(Thread.java:748)&#10;&quot;IPC Server handler 19 on 34353&quot; daemon prio=5 tid=88 timed_waiting&#10;java.lang.Thread.State: TIMED_WAITING&#10;        at sun.misc.Unsafe.park(Native Method)&#10;        at java.util.concurrent.locks.LockSupport.parkNanos(LockSupport.java:215)&#10;        at java.util.concurrent.locks.AbstractQueuedSynchronizer$ConditionObject.awaitNanos(AbstractQueuedSynchronizer.java:2078)&#10;        at java.util.concurrent.LinkedBlockingQueue.poll(LinkedBlockingQueue.java:467)&#10;        at org.apache.hadoop.ipc.CallQueueManager.take(CallQueueManager.java:288)&#10;        at org.apache.hadoop.ipc.Server$Handler.run(Server.java:2668)&#10;&quot;Timer for &apos;StorageContainerManager&apos; metrics system&quot; daemon prio=5 tid=27 timed_waiting&#10;java.lang.Thread.State: TIMED_WAITING&#10;        at java.lang.Object.wait(Native Method)&#10;        at java.util.TimerThread.mainLoop(Timer.java:552)&#10;        at java.util.TimerThread.run(Timer.java:505)&#10;&quot;Datanode ReportManager Thread - 3&quot; daemon prio=5 tid=201 in Object.wait()&#10;java.lang.Thread.State: WAITING (on object monitor)&#10;        at sun.misc.Unsafe.park(Native Method)&#10;        at java.util.concurrent.locks.LockSupport.park(LockSupport.java:175)&#10;        at java.util.concurrent.locks.AbstractQueuedSynchronizer$ConditionObject.await(AbstractQueuedSynchronizer.java:2039)&#10;        at java.util.concurrent.ScheduledThreadPoolExecutor$DelayedWorkQueue.take(ScheduledThreadPoolExecutor.java:1088)&#10;        at java.util.concurrent.ScheduledThreadPoolExecutor$DelayedWorkQueue.take(ScheduledThreadPoolExecutor.java:809)&#10;        at java.util.concurrent.ThreadPoolExecutor.getTask(ThreadPoolExecutor.java:1074)&#10;        at java.util.concurrent.ThreadPoolExecutor.runWorker(ThreadPoolExecutor.java:1134)&#10;        at java.util.concurrent.ThreadPoolExecutor$Worker.run(ThreadPoolExecutor.java:624)&#10;        at java.lang.Thread.run(Thread.java:748)&#10;&quot;pool-36-thread-19&quot;  prio=5 tid=311 in Object.wait()&#10;java.lang.Thread.State: WAITING (on object monitor)&#10;        at sun.misc.Unsafe.park(Native Method)&#10;        at java.util.concurrent.locks.LockSupport.park(LockSupport.java:175)&#10;        at java.util.concurrent.locks.AbstractQueuedSynchronizer$ConditionObject.await(AbstractQueuedSynchronizer.java:2039)&#10;        at java.util.concurrent.ArrayBlockingQueue.take(ArrayBlockingQueue.java:403)&#10;        at java.util.concurrent.ThreadPoolExecutor.getTask(ThreadPoolExecutor.java:1074)&#10;        at java.util.concurrent.ThreadPoolExecutor.runWorker(ThreadPoolExecutor.java:1134)&#10;        at java.util.concurrent.ThreadPoolExecutor$Worker.run(ThreadPoolExecutor.java:624)&#10;        at java.lang.Thread.run(Thread.java:748)&#10;&quot;pool-26-thread-7&quot;  prio=5 tid=239 in Object.wait()&#10;java.lang.Thread.State: WAITING (on object monitor)&#10;        at sun.misc.Unsafe.park(Native Method)&#10;        at java.util.concurrent.locks.LockSupport.park(LockSupport.java:175)&#10;        at java.util.concurrent.locks.AbstractQueuedSynchronizer$ConditionObject.await(AbstractQueuedSynchronizer.java:2039)&#10;        at java.util.concurrent.ArrayBlockingQueue.take(ArrayBlockingQueue.java:403)&#10;        at java.util.concurrent.ThreadPoolExecutor.getTask(ThreadPoolExecutor.java:1074)&#10;        at java.util.concurrent.ThreadPoolExecutor.runWorker(ThreadPoolExecutor.java:1134)&#10;        at java.util.concurrent.ThreadPoolExecutor$Worker.run(ThreadPoolExecutor.java:624)&#10;        at java.lang.Thread.run(Thread.java:748)&#10;&quot;Datanode ReportManager Thread - 3&quot; daemon prio=5 tid=174 in Object.wait()&#10;java.lang.Thread.State: WAITING (on object monitor)&#10;        at sun.misc.Unsafe.park(Native Method)&#10;        at java.util.concurrent.locks.LockSupport.park(LockSupport.java:175)&#10;        at java.util.concurrent.locks.AbstractQueuedSynchronizer$ConditionObject.await(AbstractQueuedSynchronizer.java:2039)&#10;        at java.util.concurrent.ScheduledThreadPoolExecutor$DelayedWorkQueue.take(ScheduledThreadPoolExecutor.java:1088)&#10;        at java.util.concurrent.ScheduledThreadPoolExecutor$DelayedWorkQueue.take(ScheduledThreadPoolExecutor.java:809)&#10;        at java.util.concurrent.ThreadPoolExecutor.getTask(ThreadPoolExecutor.java:1074)&#10;        at java.util.concurrent.ThreadPoolExecutor.runWorker(ThreadPoolExecutor.java:1134)&#10;        at java.util.concurrent.ThreadPoolExecutor$Worker.run(ThreadPoolExecutor.java:624)&#10;        at java.lang.Thread.run(Thread.java:748)&#10;&quot;pool-46-thread-36&quot;  prio=5 tid=388 in Object.wait()&#10;java.lang.Thread.State: WAITING (on object monitor)&#10;        at sun.misc.Unsafe.park(Native Method)&#10;        at java.util.concurrent.locks.LockSupport.park(LockSupport.java:175)&#10;        at java.util.concurrent.locks.AbstractQueuedSynchronizer$ConditionObject.await(AbstractQueuedSynchronizer.java:2039)&#10;        at java.util.concurrent.ArrayBlockingQueue.take(ArrayBlockingQueue.java:403)&#10;        at java.util.concurrent.ThreadPoolExecutor.getTask(ThreadPoolExecutor.java:1074)&#10;        at java.util.concurrent.ThreadPoolExecutor.runWorker(ThreadPoolExecutor.java:1134)&#10;        at java.util.concurrent.ThreadPoolExecutor$Worker.run(ThreadPoolExecutor.java:624)&#10;        at java.lang.Thread.run(Thread.java:748)&#10;&quot;pool-26-thread-31&quot;  prio=5 tid=263 in Object.wait()&#10;java.lang.Thread.State: WAITING (on object monitor)&#10;        at sun.misc.Unsafe.park(Native Method)&#10;        at java.util.concurrent.locks.LockSupport.park(LockSupport.java:175)&#10;        at java.util.concurrent.locks.AbstractQueuedSynchronizer$ConditionObject.await(AbstractQueuedSynchronizer.java:2039)&#10;        at java.util.concurrent.ArrayBlockingQueue.take(ArrayBlockingQueue.java:403)&#10;        at java.util.concurrent.ThreadPoolExecutor.getTask(ThreadPoolExecutor.java:1074)&#10;        at java.util.concurrent.ThreadPoolExecutor.runWorker(ThreadPoolExecutor.java:1134)&#10;        at java.util.concurrent.ThreadPoolExecutor$Worker.run(ThreadPoolExecutor.java:624)&#10;        at java.lang.Thread.run(Thread.java:748)&#10;&quot;IPC Client (1205419533) connection to /0.0.0.0:34353 from jenkins1000&quot; daemon prio=5 tid=232 timed_waiting&#10;java.lang.Thread.State: TIMED_WAITING&#10;        at java.lang.Object.wait(Native Method)&#10;        at org.apache.hadoop.ipc.Client$Connection.waitForWork(Client.java:1024)&#10;        at org.apache.hadoop.ipc.Client$Connection.run(Client.java:1068)&#10;&quot;qtp1471800355-141&quot; daemon prio=5 tid=141 timed_waiting&#10;java.lang.Thread.State: TIMED_WAITING&#10;        at sun.misc.Unsafe.park(Native Method)&#10;        at java.util.concurrent.locks.LockSupport.parkNanos(LockSupport.java:215)&#10;        at java.util.concurrent.locks.AbstractQueuedSynchronizer$ConditionObject.awaitNanos(AbstractQueuedSynchronizer.java:2078)&#10;        at org.eclipse.jetty.util.BlockingArrayQueue.poll(BlockingArrayQueue.java:392)&#10;        at org.eclipse.jetty.util.thread.QueuedThreadPool.idleJobPoll(QueuedThreadPool.java:563)&#10;        at org.eclipse.jetty.util.thread.QueuedThreadPool.access$800(QueuedThreadPool.java:48)&#10;        at org.eclipse.jetty.util.thread.QueuedThreadPool$2.run(QueuedThreadPool.java:626)&#10;        at java.lang.Thread.run(Thread.java:748)&#10;&quot;pool-36-thread-60&quot;  prio=5 tid=352 in Object.wait()&#10;java.lang.Thread.State: WAITING (on object monitor)&#10;        at sun.misc.Unsafe.park(Native Method)&#10;        at java.util.concurrent.locks.LockSupport.park(LockSupport.java:175)&#10;        at java.util.concurrent.locks.AbstractQueuedSynchronizer$ConditionObject.await(AbstractQueuedSynchronizer.java:2039)&#10;        at java.util.concurrent.ArrayBlockingQueue.take(ArrayBlockingQueue.java:403)&#10;        at java.util.concurrent.ThreadPoolExecutor.getTask(ThreadPoolExecutor.java:1074)&#10;        at java.util.concurrent.ThreadPoolExecutor.runWorker(ThreadPoolExecutor.java:1134)&#10;        at java.util.concurrent.ThreadPoolExecutor$Worker.run(ThreadPoolExecutor.java:624)&#10;        at java.lang.Thread.run(Thread.java:748)&#10;&quot;IPC Server handler 12 on 35897&quot; daemon prio=5 tid=127 timed_waiting&#10;java.lang.Thread.State: TIMED_WAITING&#10;        at sun.misc.Unsafe.park(Native Method)&#10;        at java.util.concurrent.locks.LockSupport.parkNanos(LockSupport.java:215)&#10;        at java.util.concurrent.locks.AbstractQueuedSynchronizer$ConditionObject.awaitNanos(AbstractQueuedSynchronizer.java:2078)&#10;        at java.util.concurrent.LinkedBlockingQueue.poll(LinkedBlockingQueue.java:467)&#10;        at org.apache.hadoop.ipc.CallQueueManager.take(CallQueueManager.java:288)&#10;        at org.apache.hadoop.ipc.Server$Handler.run(Server.java:2668)&#10;&quot;IPC Server handler 4 on 34353&quot; daemon prio=5 tid=73 timed_waiting&#10;java.lang.Thread.State: TIMED_WAITING&#10;        at sun.misc.Unsafe.park(Native Method)&#10;        at java.util.concurrent.locks.LockSupport.parkNanos(LockSupport.java:215)&#10;        at java.util.concurrent.locks.AbstractQueuedSynchronizer$ConditionObject.awaitNanos(AbstractQueuedSynchronizer.java:2078)&#10;        at java.util.concurrent.LinkedBlockingQueue.poll(LinkedBlockingQueue.java:467)&#10;        at org.apache.hadoop.ipc.CallQueueManager.take(CallQueueManager.java:288)&#10;        at org.apache.hadoop.ipc.Server$Handler.run(Server.java:2668)&#10;&quot;pool-26-thread-43&quot;  prio=5 tid=275 in Object.wait()&#10;java.lang.Thread.State: WAITING (on object monitor)&#10;        at sun.misc.Unsafe.park(Native Method)&#10;        at java.util.concurrent.locks.LockSupport.park(LockSupport.java:175)&#10;        at java.util.concurrent.locks.AbstractQueuedSynchronizer$ConditionObject.await(AbstractQueuedSynchronizer.java:2039)&#10;        at java.util.concurrent.ArrayBlockingQueue.take(ArrayBlockingQueue.java:403)&#10;        at java.util.concurrent.ThreadPoolExecutor.getTask(ThreadPoolExecutor.java:1074)&#10;        at java.util.concurrent.ThreadPoolExecutor.runWorker(ThreadPoolExecutor.java:1134)&#10;        at java.util.concurrent.ThreadPoolExecutor$Worker.run(ThreadPoolExecutor.java:624)&#10;        at java.lang.Thread.run(Thread.java:748)&#10;&quot;pool-26-thread-44&quot;  prio=5 tid=276 in Object.wait()&#10;java.lang.Thread.State: WAITING (on object monitor)&#10;        at sun.misc.Unsafe.park(Native Method)&#10;        at java.util.concurrent.locks.LockSupport.park(LockSupport.java:175)&#10;        at java.util.concurrent.locks.AbstractQueuedSynchronizer$ConditionObject.await(AbstractQueuedSynchronizer.java:2039)&#10;        at java.util.concurrent.ArrayBlockingQueue.take(ArrayBlockingQueue.java:403)&#10;        at java.util.concurrent.ThreadPoolExecutor.getTask(ThreadPoolExecutor.java:1074)&#10;        at java.util.concurrent.ThreadPoolExecutor.runWorker(ThreadPoolExecutor.java:1134)&#10;        at java.util.concurrent.ThreadPoolExecutor$Worker.run(ThreadPoolExecutor.java:624)&#10;        at java.lang.Thread.run(Thread.java:748)&#10;&quot;IPC Server handler 19 on 33987&quot; daemon prio=5 tid=48 timed_waiting&#10;java.lang.Thread.State: TIMED_WAITING&#10;        at sun.misc.Unsafe.park(Native Method)&#10;        at java.util.concurrent.locks.LockSupport.parkNanos(LockSupport.java:215)&#10;        at java.util.concurrent.locks.AbstractQueuedSynchronizer$ConditionObject.awaitNanos(AbstractQueuedSynchronizer.java:2078)&#10;        at java.util.concurrent.LinkedBlockingQueue.poll(LinkedBlockingQueue.java:467)&#10;        at org.apache.hadoop.ipc.CallQueueManager.take(CallQueueManager.java:288)&#10;        at org.apache.hadoop.ipc.Server$Handler.run(Server.java:2668)&#10;&quot;pool-44-thread-1&quot; daemon prio=5 tid=210 timed_waiting&#10;java.lang.Thread.State: TIMED_WAITING&#10;        at sun.misc.Unsafe.park(Native Method)&#10;        at java.util.concurrent.locks.LockSupport.parkNanos(LockSupport.java:215)&#10;        at java.util.concurrent.locks.AbstractQueuedSynchronizer$ConditionObject.awaitNanos(AbstractQueuedSynchronizer.java:2078)&#10;        at java.util.concurrent.ScheduledThreadPoolExecutor$DelayedWorkQueue.take(ScheduledThreadPoolExecutor.java:1093)&#10;        at java.util.concurrent.ScheduledThreadPoolExecutor$DelayedWorkQueue.take(ScheduledThreadPoolExecutor.java:809)&#10;        at java.util.concurrent.ThreadPoolExecutor.getTask(ThreadPoolExecutor.java:1074)&#10;        at java.util.concurrent.ThreadPoolExecutor.runWorker(ThreadPoolExecutor.java:1134)&#10;        at java.util.concurrent.ThreadPoolExecutor$Worker.run(ThreadPoolExecutor.java:624)&#10;        at java.lang.Thread.run(Thread.java:748)&#10;&quot;pool-46-thread-28&quot;  prio=5 tid=380 in Object.wait()&#10;java.lang.Thread.State: WAITING (on object monitor)&#10;        at sun.misc.Unsafe.park(Native Method)&#10;        at java.util.concurrent.locks.LockSupport.park(LockSupport.java:175)&#10;        at java.util.concurrent.locks.AbstractQueuedSynchronizer$ConditionObject.await(AbstractQueuedSynchronizer.java:2039)&#10;        at java.util.concurrent.ArrayBlockingQueue.take(ArrayBlockingQueue.java:403)&#10;        at java.util.concurrent.ThreadPoolExecutor.getTask(ThreadPoolExecutor.java:1074)&#10;        at java.util.concurrent.ThreadPoolExecutor.runWorker(ThreadPoolExecutor.java:1134)&#10;        at java.util.concurrent.ThreadPoolExecutor$Worker.run(ThreadPoolExecutor.java:624)&#10;        at java.lang.Thread.run(Thread.java:748)&#10;&quot;pool-26-thread-19&quot;  prio=5 tid=251 in Object.wait()&#10;java.lang.Thread.State: WAITING (on object monitor)&#10;        at sun.misc.Unsafe.park(Native Method)&#10;        at java.util.concurrent.locks.LockSupport.park(LockSupport.java:175)&#10;        at java.util.concurrent.locks.AbstractQueuedSynchronizer$ConditionObject.await(AbstractQueuedSynchronizer.java:2039)&#10;        at java.util.concurrent.ArrayBlockingQueue.take(ArrayBlockingQueue.java:403)&#10;        at java.util.concurrent.ThreadPoolExecutor.getTask(ThreadPoolExecutor.java:1074)&#10;        at java.util.concurrent.ThreadPoolExecutor.runWorker(ThreadPoolExecutor.java:1134)&#10;        at java.util.concurrent.ThreadPoolExecutor$Worker.run(ThreadPoolExecutor.java:624)&#10;        at java.lang.Thread.run(Thread.java:748)&#10;&quot;pool-46-thread-37&quot;  prio=5 tid=389 in Object.wait()&#10;java.lang.Thread.State: WAITING (on object monitor)&#10;        at sun.misc.Unsafe.park(Native Method)&#10;        at java.util.concurrent.locks.LockSupport.park(LockSupport.java:175)&#10;        at java.util.concurrent.locks.AbstractQueuedSynchronizer$ConditionObject.await(AbstractQueuedSynchronizer.java:2039)&#10;        at java.util.concurrent.ArrayBlockingQueue.take(ArrayBlockingQueue.java:403)&#10;        at java.util.concurrent.ThreadPoolExecutor.getTask(ThreadPoolExecutor.java:1074)&#10;        at java.util.concurrent.ThreadPoolExecutor.runWorker(ThreadPoolExecutor.java:1134)&#10;        at java.util.concurrent.ThreadPoolExecutor$Worker.run(ThreadPoolExecutor.java:624)&#10;        at java.lang.Thread.run(Thread.java:748)&#10;&quot;pool-46-thread-2&quot;  prio=5 tid=354 in Object.wait()&#10;java.lang.Thread.State: WAITING (on object monitor)&#10;        at sun.misc.Unsafe.park(Native Method)&#10;        at java.util.concurrent.locks.LockSupport.park(LockSupport.java:175)&#10;        at java.util.concurrent.locks.AbstractQueuedSynchronizer$ConditionObject.await(AbstractQueuedSynchronizer.java:2039)&#10;        at java.util.concurrent.ArrayBlockingQueue.take(ArrayBlockingQueue.java:403)&#10;        at java.util.concurrent.ThreadPoolExecutor.getTask(ThreadPoolExecutor.java:1074)&#10;        at java.util.concurrent.ThreadPoolExecutor.runWorker(ThreadPoolExecutor.java:1134)&#10;        at java.util.concurrent.ThreadPoolExecutor$Worker.run(ThreadPoolExecutor.java:624)&#10;        at java.lang.Thread.run(Thread.java:748)&#10;&quot;pool-36-thread-56&quot;  prio=5 tid=348 in Object.wait()&#10;java.lang.Thread.State: WAITING (on object monitor)&#10;        at sun.misc.Unsafe.park(Native Method)&#10;        at java.util.concurrent.locks.LockSupport.park(LockSupport.java:175)&#10;        at java.util.concurrent.locks.AbstractQueuedSynchronizer$ConditionObject.await(AbstractQueuedSynchronizer.java:2039)&#10;        at java.util.concurrent.ArrayBlockingQueue.take(ArrayBlockingQueue.java:403)&#10;        at java.util.concurrent.ThreadPoolExecutor.getTask(ThreadPoolExecutor.java:1074)&#10;        at java.util.concurrent.ThreadPoolExecutor.runWorker(ThreadPoolExecutor.java:1134)&#10;        at java.util.concurrent.ThreadPoolExecutor$Worker.run(ThreadPoolExecutor.java:624)&#10;        at java.lang.Thread.run(Thread.java:748)&#10;&quot;BlockDeletingService#4&quot; daemon prio=5 tid=545 in Object.wait()&#10;java.lang.Thread.State: WAITING (on object monitor)&#10;        at sun.misc.Unsafe.park(Native Method)&#10;        at java.util.concurrent.locks.LockSupport.park(LockSupport.java:175)&#10;        at java.util.concurrent.locks.AbstractQueuedSynchronizer$ConditionObject.await(AbstractQueuedSynchronizer.java:2039)&#10;        at java.util.concurrent.ScheduledThreadPoolExecutor$DelayedWorkQueue.take(ScheduledThreadPoolExecutor.java:1088)&#10;        at java.util.concurrent.ScheduledThreadPoolExecutor$DelayedWorkQueue.take(ScheduledThreadPoolExecutor.java:809)&#10;        at java.util.concurrent.ThreadPoolExecutor.getTask(ThreadPoolExecutor.java:1074)&#10;        at java.util.concurrent.ThreadPoolExecutor.runWorker(ThreadPoolExecutor.java:1134)&#10;        at java.util.concurrent.ThreadPoolExecutor$Worker.run(ThreadPoolExecutor.java:624)&#10;        at java.lang.Thread.run(Thread.java:748)&#10;&quot;pool-26-thread-24&quot;  prio=5 tid=256 in Object.wait()&#10;java.lang.Thread.State: WAITING (on object monitor)&#10;        at sun.misc.Unsafe.park(Native Method)&#10;        at java.util.concurrent.locks.LockSupport.park(LockSupport.java:175)&#10;        at java.util.concurrent.locks.AbstractQueuedSynchronizer$ConditionObject.await(AbstractQueuedSynchronizer.java:2039)&#10;        at java.util.concurrent.ArrayBlockingQueue.take(ArrayBlockingQueue.java:403)&#10;        at java.util.concurrent.ThreadPoolExecutor.getTask(ThreadPoolExecutor.java:1074)&#10;        at java.util.concurrent.ThreadPoolExecutor.runWorker(ThreadPoolExecutor.java:1134)&#10;        at java.util.concurrent.ThreadPoolExecutor$Worker.run(ThreadPoolExecutor.java:624)&#10;        at java.lang.Thread.run(Thread.java:748)&#10;&quot;IPC Server handler 16 on 34353&quot; daemon prio=5 tid=85 timed_waiting&#10;java.lang.Thread.State: TIMED_WAITING&#10;        at sun.misc.Unsafe.park(Native Method)&#10;        at java.util.concurrent.locks.LockSupport.parkNanos(LockSupport.java:215)&#10;        at java.util.concurrent.locks.AbstractQueuedSynchronizer$ConditionObject.awaitNanos(AbstractQueuedSynchronizer.java:2078)&#10;        at java.util.concurrent.LinkedBlockingQueue.poll(LinkedBlockingQueue.java:467)&#10;        at org.apache.hadoop.ipc.CallQueueManager.take(CallQueueManager.java:288)&#10;        at org.apache.hadoop.ipc.Server$Handler.run(Server.java:2668)&#10;&quot;pool-46-thread-60&quot;  prio=5 tid=412 in Object.wait()&#10;java.lang.Thread.State: WAITING (on object monitor)&#10;        at sun.misc.Unsafe.park(Native Method)&#10;        at java.util.concurrent.locks.LockSupport.park(LockSupport.java:175)&#10;        at java.util.concurrent.locks.AbstractQueuedSynchronizer$ConditionObject.await(AbstractQueuedSynchronizer.java:2039)&#10;        at java.util.concurrent.ArrayBlockingQueue.take(ArrayBlockingQueue.java:403)&#10;        at java.util.concurrent.ThreadPoolExecutor.getTask(ThreadPoolExecutor.java:1074)&#10;        at java.util.concurrent.ThreadPoolExecutor.runWorker(ThreadPoolExecutor.java:1134)&#10;        at java.util.concurrent.ThreadPoolExecutor$Worker.run(ThreadPoolExecutor.java:624)&#10;        at java.lang.Thread.run(Thread.java:748)&#10;&quot;pool-36-thread-23&quot;  prio=5 tid=315 in Object.wait()&#10;java.lang.Thread.State: WAITING (on object monitor)&#10;        at sun.misc.Unsafe.park(Native Method)&#10;        at java.util.concurrent.locks.LockSupport.park(LockSupport.java:175)&#10;        at java.util.concurrent.locks.AbstractQueuedSynchronizer$ConditionObject.await(AbstractQueuedSynchronizer.java:2039)&#10;        at java.util.concurrent.ArrayBlockingQueue.take(ArrayBlockingQueue.java:403)&#10;        at java.util.concurrent.ThreadPoolExecutor.getTask(ThreadPoolExecutor.java:1074)&#10;        at java.util.concurrent.ThreadPoolExecutor.runWorker(ThreadPoolExecutor.java:1134)&#10;        at java.util.concurrent.ThreadPoolExecutor$Worker.run(ThreadPoolExecutor.java:624)&#10;        at java.lang.Thread.run(Thread.java:748)&#10;&quot;Socket Reader #1 for port 33987&quot;  prio=5 tid=23 runnable&#10;java.lang.Thread.State: RUNNABLE&#10;        at sun.nio.ch.EPollArrayWrapper.epollWait(Native Method)&#10;        at sun.nio.ch.EPollArrayWrapper.poll(EPollArrayWrapper.java:269)&#10;        at sun.nio.ch.EPollSelectorImpl.doSelect(EPollSelectorImpl.java:93)&#10;        at sun.nio.ch.SelectorImpl.lockAndDoSelect(SelectorImpl.java:86)&#10;        at sun.nio.ch.SelectorImpl.select(SelectorImpl.java:97)&#10;        at sun.nio.ch.SelectorImpl.select(SelectorImpl.java:101)&#10;        at org.apache.hadoop.ipc.Server$Listener$Reader.doRunLoop(Server.java:1097)&#10;        at org.apache.hadoop.ipc.Server$Listener$Reader.run(Server.java:1076)&#10;&quot;qtp1077873186-92&quot; daemon prio=5 tid=92 timed_waiting&#10;java.lang.Thread.State: TIMED_WAITING&#10;        at sun.misc.Unsafe.park(Native Method)&#10;        at java.util.concurrent.locks.LockSupport.parkNanos(LockSupport.java:215)&#10;        at java.util.concurrent.locks.AbstractQueuedSynchronizer$ConditionObject.awaitNanos(AbstractQueuedSynchronizer.java:2078)&#10;        at org.eclipse.jetty.util.BlockingArrayQueue.poll(BlockingArrayQueue.java:392)&#10;        at org.eclipse.jetty.util.thread.QueuedThreadPool.idleJobPoll(QueuedThreadPool.java:563)&#10;        at org.eclipse.jetty.util.thread.QueuedThreadPool.access$800(QueuedThreadPool.java:48)&#10;        at org.eclipse.jetty.util.thread.QueuedThreadPool$2.run(QueuedThreadPool.java:626)&#10;        at java.lang.Thread.run(Thread.java:748)&#10;&quot;pool-36-thread-6&quot;  prio=5 tid=298 in Object.wait()&#10;java.lang.Thread.State: WAITING (on object monitor)&#10;        at sun.misc.Unsafe.park(Native Method)&#10;        at java.util.concurrent.locks.LockSupport.park(LockSupport.java:175)&#10;        at java.util.concurrent.locks.AbstractQueuedSynchronizer$ConditionObject.await(AbstractQueuedSynchronizer.java:2039)&#10;        at java.util.concurrent.ArrayBlockingQueue.take(ArrayBlockingQueue.java:403)&#10;        at java.util.concurrent.ThreadPoolExecutor.getTask(ThreadPoolExecutor.java:1074)&#10;        at java.util.concurrent.ThreadPoolExecutor.runWorker(ThreadPoolExecutor.java:1134)&#10;        at java.util.concurrent.ThreadPoolExecutor$Worker.run(ThreadPoolExecutor.java:624)&#10;        at java.lang.Thread.run(Thread.java:748)&#10;&quot;qtp231182885-159&quot; daemon prio=5 tid=159 runnable&#10;java.lang.Thread.State: RUNNABLE&#10;        at sun.nio.ch.EPollArrayWrapper.epollWait(Native Method)&#10;        at sun.nio.ch.EPollArrayWrapper.poll(EPollArrayWrapper.java:269)&#10;        at sun.nio.ch.EPollSelectorImpl.doSelect(EPollSelectorImpl.java:93)&#10;        at sun.nio.ch.SelectorImpl.lockAndDoSelect(SelectorImpl.java:86)&#10;        at sun.nio.ch.SelectorImpl.select(SelectorImpl.java:97)&#10;        at sun.nio.ch.SelectorImpl.select(SelectorImpl.java:101)&#10;        at org.eclipse.jetty.io.ManagedSelector$SelectorProducer.select(ManagedSelector.java:243)&#10;        at org.eclipse.jetty.io.ManagedSelector$SelectorProducer.produce(ManagedSelector.java:191)&#10;        at org.eclipse.jetty.util.thread.strategy.ExecuteProduceConsume.executeProduceConsume(ExecuteProduceConsume.java:249)&#10;        at org.eclipse.jetty.util.thread.strategy.ExecuteProduceConsume.produceConsume(ExecuteProduceConsume.java:148)&#10;        at org.eclipse.jetty.util.thread.strategy.ExecuteProduceConsume.execute(ExecuteProduceConsume.java:100)&#10;        at org.eclipse.jetty.io.ManagedSelector.run(ManagedSelector.java:147)&#10;        at org.eclipse.jetty.util.thread.QueuedThreadPool.runJob(QueuedThreadPool.java:671)&#10;        at org.eclipse.jetty.util.thread.QueuedThreadPool$2.run(QueuedThreadPool.java:589)&#10;        at java.lang.Thread.run(Thread.java:748)&#10;&quot;IPC Server handler 10 on 34353&quot; daemon prio=5 tid=79 timed_waiting&#10;java.lang.Thread.State: TIMED_WAITING&#10;        at sun.misc.Unsafe.park(Native Method)&#10;        at java.util.concurrent.locks.LockSupport.parkNanos(LockSupport.java:215)&#10;        at java.util.concurrent.locks.AbstractQueuedSynchronizer$ConditionObject.awaitNanos(AbstractQueuedSynchronizer.java:2078)&#10;        at java.util.concurrent.LinkedBlockingQueue.poll(LinkedBlockingQueue.java:467)&#10;        at org.apache.hadoop.ipc.CallQueueManager.take(CallQueueManager.java:288)&#10;        at org.apache.hadoop.ipc.Server$Handler.run(Server.java:2668)&#10;&quot;pool-26-thread-33&quot;  prio=5 tid=265 in Object.wait()&#10;java.lang.Thread.State: WAITING (on object monitor)&#10;        at sun.misc.Unsafe.park(Native Method)&#10;        at java.util.concurrent.locks.LockSupport.park(LockSupport.java:175)&#10;        at java.util.concurrent.locks.AbstractQueuedSynchronizer$ConditionObject.await(AbstractQueuedSynchronizer.java:2039)&#10;        at java.util.concurrent.ArrayBlockingQueue.take(ArrayBlockingQueue.java:403)&#10;        at java.util.concurrent.ThreadPoolExecutor.getTask(ThreadPoolExecutor.java:1074)&#10;        at java.util.concurrent.ThreadPoolExecutor.runWorker(ThreadPoolExecutor.java:1134)&#10;        at java.util.concurrent.ThreadPoolExecutor$Worker.run(ThreadPoolExecutor.java:624)&#10;        at java.lang.Thread.run(Thread.java:748)&#10;&quot;Thread-194&quot; daemon prio=5 tid=464 timed_waiting&#10;java.lang.Thread.State: TIMED_WAITING&#10;        at sun.misc.Unsafe.park(Native Method)&#10;        at java.util.concurrent.locks.LockSupport.parkNanos(LockSupport.java:215)&#10;        at java.util.concurrent.locks.AbstractQueuedSynchronizer$ConditionObject.awaitNanos(AbstractQueuedSynchronizer.java:2078)&#10;        at java.util.concurrent.ArrayBlockingQueue.poll(ArrayBlockingQueue.java:418)&#10;        at org.apache.ratis.server.impl.LeaderState$EventQueue.poll(LeaderState.java:115)&#10;        at org.apache.ratis.server.impl.LeaderState$EventProcessor.run(LeaderState.java:467)&#10;&quot;IPC Server handler 12 on 33987&quot; daemon prio=5 tid=41 timed_waiting&#10;java.lang.Thread.State: TIMED_WAITING&#10;        at sun.misc.Unsafe.park(Native Method)&#10;        at java.util.concurrent.locks.LockSupport.parkNanos(LockSupport.java:215)&#10;        at java.util.concurrent.locks.AbstractQueuedSynchronizer$ConditionObject.awaitNanos(AbstractQueuedSynchronizer.java:2078)&#10;        at java.util.concurrent.LinkedBlockingQueue.poll(LinkedBlockingQueue.java:467)&#10;        at org.apache.hadoop.ipc.CallQueueManager.take(CallQueueManager.java:288)&#10;        at org.apache.hadoop.ipc.Server$Handler.run(Server.java:2668)&#10;&quot;IPC Server listener on 33987&quot; daemon prio=5 tid=22 runnable&#10;java.lang.Thread.State: RUNNABLE&#10;        at sun.nio.ch.EPollArrayWrapper.epollWait(Native Method)&#10;        at sun.nio.ch.EPollArrayWrapper.poll(EPollArrayWrapper.java:269)&#10;        at sun.nio.ch.EPollSelectorImpl.doSelect(EPollSelectorImpl.java:93)&#10;        at sun.nio.ch.SelectorImpl.lockAndDoSelect(SelectorImpl.java:86)&#10;        at sun.nio.ch.SelectorImpl.select(SelectorImpl.java:97)&#10;        at sun.nio.ch.SelectorImpl.select(SelectorImpl.java:101)&#10;        at org.apache.hadoop.ipc.Server$Listener.run(Server.java:1159)&#10;&quot;0aa3649f-570d-46c6-937f-492d7f3a8364@group-83C26644CFDA-SegmentedRaftLogWorker&quot;  prio=5 tid=635 timed_waiting&#10;java.lang.Thread.State: TIMED_WAITING&#10;        at sun.misc.Unsafe.park(Native Method)&#10;        at java.util.concurrent.locks.LockSupport.parkNanos(LockSupport.java:215)&#10;        at java.util.concurrent.locks.AbstractQueuedSynchronizer$ConditionObject.awaitNanos(AbstractQueuedSynchronizer.java:2078)&#10;        at org.apache.ratis.util.DataBlockingQueue.poll(DataBlockingQueue.java:137)&#10;        at org.apache.ratis.server.raftlog.segmented.SegmentedRaftLogWorker.run(SegmentedRaftLogWorker.java:282)&#10;        at java.lang.Thread.run(Thread.java:748)&#10;&quot;BlockDeletingService#7&quot; daemon prio=5 tid=716 in Object.wait()&#10;java.lang.Thread.State: WAITING (on object monitor)&#10;        at sun.misc.Unsafe.park(Native Method)&#10;        at java.util.concurrent.locks.LockSupport.park(LockSupport.java:175)&#10;        at java.util.concurrent.locks.AbstractQueuedSynchronizer$ConditionObject.await(AbstractQueuedSynchronizer.java:2039)&#10;        at java.util.concurrent.ScheduledThreadPoolExecutor$DelayedWorkQueue.take(ScheduledThreadPoolExecutor.java:1088)&#10;        at java.util.concurrent.ScheduledThreadPoolExecutor$DelayedWorkQueue.take(ScheduledThreadPoolExecutor.java:809)&#10;        at java.util.concurrent.ThreadPoolExecutor.getTask(ThreadPoolExecutor.java:1074)&#10;        at java.util.concurrent.ThreadPoolExecutor.runWorker(ThreadPoolExecutor.java:1134)&#10;        at java.util.concurrent.ThreadPoolExecutor$Worker.run(ThreadPoolExecutor.java:624)&#10;        at java.lang.Thread.run(Thread.java:748)&#10;&quot;IPC Server handler 13 on 33987&quot; daemon prio=5 tid=42 timed_waiting&#10;java.lang.Thread.State: TIMED_WAITING&#10;        at sun.misc.Unsafe.park(Native Method)&#10;        at java.util.concurrent.locks.LockSupport.parkNanos(LockSupport.java:215)&#10;        at java.util.concurrent.locks.AbstractQueuedSynchronizer$ConditionObject.awaitNanos(AbstractQueuedSynchronizer.java:2078)&#10;        at java.util.concurrent.LinkedBlockingQueue.poll(LinkedBlockingQueue.java:467)&#10;        at org.apache.hadoop.ipc.CallQueueManager.take(CallQueueManager.java:288)&#10;        at org.apache.hadoop.ipc.Server$Handler.run(Server.java:2668)&#10;&quot;EventQueue-SafemodestatusForSafeModeHandler&quot; daemon prio=5 tid=429 in Object.wait()&#10;java.lang.Thread.State: WAITING (on object monitor)&#10;        at sun.misc.Unsafe.park(Native Method)&#10;        at java.util.concurrent.locks.LockSupport.park(LockSupport.java:175)&#10;        at java.util.concurrent.locks.AbstractQueuedSynchronizer$ConditionObject.await(AbstractQueuedSynchronizer.java:2039)&#10;        at java.util.concurrent.LinkedBlockingQueue.take(LinkedBlockingQueue.java:442)&#10;        at java.util.concurrent.ThreadPoolExecutor.getTask(ThreadPoolExecutor.java:1074)&#10;        at java.util.concurrent.ThreadPoolExecutor.runWorker(ThreadPoolExecutor.java:1134)&#10;        at java.util.concurrent.ThreadPoolExecutor$Worker.run(ThreadPoolExecutor.java:624)&#10;        at java.lang.Thread.run(Thread.java:748)&#10;&quot;ReplicationMonitor&quot; daemon prio=5 tid=626 timed_waiting&#10;java.lang.Thread.State: TIMED_WAITING&#10;        at java.lang.Object.wait(Native Method)&#10;        at org.apache.hadoop.hdds.scm.container.ReplicationManager.run(ReplicationManager.java:229)&#10;        at org.apache.hadoop.hdds.scm.container.ReplicationManager$$Lambda$486/1598489476.run(Unknown Source)&#10;        at java.lang.Thread.run(Thread.java:748)&#10;&quot;IPC Server idle connection scanner for port 35897&quot; daemon prio=5 tid=109 timed_waiting&#10;java.lang.Thread.State: TIMED_WAITING&#10;        at java.lang.Object.wait(Native Method)&#10;        at java.util.TimerThread.mainLoop(Timer.java:552)&#10;        at java.util.TimerThread.run(Timer.java:505)&#10;&quot;Thread-189&quot; daemon prio=5 tid=451 timed_waiting&#10;java.lang.Thread.State: TIMED_WAITING&#10;        at sun.misc.Unsafe.park(Native Method)&#10;        at java.util.concurrent.locks.LockSupport.parkNanos(LockSupport.java:215)&#10;        at java.util.concurrent.locks.AbstractQueuedSynchronizer$ConditionObject.awaitNanos(AbstractQueuedSynchronizer.java:2078)&#10;        at java.util.concurrent.ArrayBlockingQueue.poll(ArrayBlockingQueue.java:418)&#10;        at org.apache.ratis.server.impl.LeaderState$EventQueue.poll(LeaderState.java:115)&#10;        at org.apache.ratis.server.impl.LeaderState$EventProcessor.run(LeaderState.java:467)&#10;&quot;org.eclipse.jetty.server.session.HashSessionManager@7a0e7ecdTimer&quot; daemon prio=5 tid=223 timed_waiting&#10;java.lang.Thread.State: TIMED_WAITING&#10;        at sun.misc.Unsafe.park(Native Method)&#10;        at java.util.concurrent.locks.LockSupport.parkNanos(LockSupport.java:215)&#10;        at java.util.concurrent.locks.AbstractQueuedSynchronizer$ConditionObject.awaitNanos(AbstractQueuedSynchronizer.java:2078)&#10;        at java.util.concurrent.ScheduledThreadPoolExecutor$DelayedWorkQueue.take(ScheduledThreadPoolExecutor.java:1093)&#10;        at java.util.concurrent.ScheduledThreadPoolExecutor$DelayedWorkQueue.take(ScheduledThreadPoolExecutor.java:809)&#10;        at java.util.concurrent.ThreadPoolExecutor.getTask(ThreadPoolExecutor.java:1074)&#10;        at java.util.concurrent.ThreadPoolExecutor.runWorker(ThreadPoolExecutor.java:1134)&#10;        at java.util.concurrent.ThreadPoolExecutor$Worker.run(ThreadPoolExecutor.java:624)&#10;        at java.lang.Thread.run(Thread.java:748)&#10;&quot;refreshUsed-/workdir/hadoop-ozone/integration-test/target/test-dir/MiniOzoneClusterImpl-c59fee7e-17c5-4f17-b61a-b44f1b433ee8/datanode-2/data/containers&quot; daemon prio=5 tid=208 timed_waiting&#10;java.lang.Thread.State: TIMED_WAITING&#10;        at java.lang.Thread.sleep(Native Method)&#10;        at org.apache.hadoop.fs.CachingGetSpaceUsed$RefreshThread.run(CachingGetSpaceUsed.java:179)&#10;        at java.lang.Thread.run(Thread.java:748)&#10;&quot;metrics-hadoop-metrics2-reporter-1-thread-1&quot; daemon prio=5 tid=441 timed_waiting&#10;java.lang.Thread.State: TIMED_WAITING&#10;        at sun.misc.Unsafe.park(Native Method)&#10;        at java.util.concurrent.locks.LockSupport.parkNanos(LockSupport.java:215)&#10;        at java.util.concurrent.locks.AbstractQueuedSynchronizer$ConditionObject.awaitNanos(AbstractQueuedSynchronizer.java:2078)&#10;        at java.util.concurrent.ScheduledThreadPoolExecutor$DelayedWorkQueue.take(ScheduledThreadPoolExecutor.java:1093)&#10;        at java.util.concurrent.ScheduledThreadPoolExecutor$DelayedWorkQueue.take(ScheduledThreadPoolExecutor.java:809)&#10;        at java.util.concurrent.ThreadPoolExecutor.getTask(ThreadPoolExecutor.java:1074)&#10;        at java.util.concurrent.ThreadPoolExecutor.runWorker(ThreadPoolExecutor.java:1134)&#10;        at java.util.concurrent.ThreadPoolExecutor$Worker.run(ThreadPoolExecutor.java:624)&#10;        at java.lang.Thread.run(Thread.java:748)&#10;&quot;Signal Dispatcher&quot; daemon prio=9 tid=4 runnable&#10;java.lang.Thread.State: RUNNABLE&#10;&quot;pool-46-thread-56&quot;  prio=5 tid=408 in Object.wait()&#10;java.lang.Thread.State: WAITING (on object monitor)&#10;        at sun.misc.Unsafe.park(Native Method)&#10;        at java.util.concurrent.locks.LockSupport.park(LockSupport.java:175)&#10;        at java.util.concurrent.locks.AbstractQueuedSynchronizer$ConditionObject.await(AbstractQueuedSynchronizer.java:2039)&#10;        at java.util.concurrent.ArrayBlockingQueue.take(ArrayBlockingQueue.java:403)&#10;        at java.util.concurrent.ThreadPoolExecutor.getTask(ThreadPoolExecutor.java:1074)&#10;        at java.util.concurrent.ThreadPoolExecutor.runWorker(ThreadPoolExecutor.java:1134)&#10;        at java.util.concurrent.ThreadPoolExecutor$Worker.run(ThreadPoolExecutor.java:624)&#10;        at java.lang.Thread.run(Thread.java:748)&#10;&quot;IPC Server handler 4 on 40661&quot; daemon prio=5 tid=53 timed_waiting&#10;java.lang.Thread.State: TIMED_WAITING&#10;        at sun.misc.Unsafe.park(Native Method)&#10;        at java.util.concurrent.locks.LockSupport.parkNanos(LockSupport.java:215)&#10;        at java.util.concurrent.locks.AbstractQueuedSynchronizer$ConditionObject.awaitNanos(AbstractQueuedSynchronizer.java:2078)&#10;        at java.util.concurrent.LinkedBlockingQueue.poll(LinkedBlockingQueue.java:467)&#10;        at org.apache.hadoop.ipc.CallQueueManager.take(CallQueueManager.java:288)&#10;        at org.apache.hadoop.ipc.Server$Handler.run(Server.java:2668)&#10;&quot;jaeger.RemoteReporter-QueueProcessor&quot; daemon prio=5 tid=147 in Object.wait()&#10;java.lang.Thread.State: WAITING (on object monitor)&#10;        at sun.misc.Unsafe.park(Native Method)&#10;        at java.util.concurrent.locks.LockSupport.park(LockSupport.java:175)&#10;        at java.util.concurrent.locks.AbstractQueuedSynchronizer$ConditionObject.await(AbstractQueuedSynchronizer.java:2039)&#10;        at java.util.concurrent.ArrayBlockingQueue.take(ArrayBlockingQueue.java:403)&#10;        at io.jaegertracing.internal.reporters.RemoteReporter$QueueProcessor.run(RemoteReporter.java:173)&#10;        at java.lang.Thread.run(Thread.java:748)&#10;&quot;metrics-hadoop-metrics2-reporter-34-thread-1&quot; daemon prio=5 tid=662 timed_waiting&#10;java.lang.Thread.State: TIMED_WAITING&#10;        at sun.misc.Unsafe.park(Native Method)&#10;        at java.util.concurrent.locks.LockSupport.parkNanos(LockSupport.java:215)&#10;        at java.util.concurrent.locks.AbstractQueuedSynchronizer$ConditionObject.awaitNanos(AbstractQueuedSynchronizer.java:2078)&#10;        at java.util.concurrent.ScheduledThreadPoolExecutor$DelayedWorkQueue.take(ScheduledThreadPoolExecutor.java:1093)&#10;        at java.util.concurrent.ScheduledThreadPoolExecutor$DelayedWorkQueue.take(ScheduledThreadPoolExecutor.java:809)&#10;        at java.util.concurrent.ThreadPoolExecutor.getTask(ThreadPoolExecutor.java:1074)&#10;        at java.util.concurrent.ThreadPoolExecutor.runWorker(ThreadPoolExecutor.java:1134)&#10;        at java.util.concurrent.ThreadPoolExecutor$Worker.run(ThreadPoolExecutor.java:624)&#10;        at java.lang.Thread.run(Thread.java:748)&#10;&quot;metrics-hadoop-metrics2-reporter-10-thread-1&quot; daemon prio=5 tid=465 timed_waiting&#10;java.lang.Thread.State: TIMED_WAITING&#10;        at sun.misc.Unsafe.park(Native Method)&#10;        at java.util.concurrent.locks.LockSupport.parkNanos(LockSupport.java:215)&#10;        at java.util.concurrent.locks.AbstractQueuedSynchronizer$ConditionObject.awaitNanos(AbstractQueuedSynchronizer.java:2078)&#10;        at java.util.concurrent.ScheduledThreadPoolExecutor$DelayedWorkQueue.take(ScheduledThreadPoolExecutor.java:1093)&#10;        at java.util.concurrent.ScheduledThreadPoolExecutor$DelayedWorkQueue.take(ScheduledThreadPoolExecutor.java:809)&#10;        at java.util.concurrent.ThreadPoolExecutor.getTask(ThreadPoolExecutor.java:1074)&#10;        at java.util.concurrent.ThreadPoolExecutor.runWorker(ThreadPoolExecutor.java:1134)&#10;        at java.util.concurrent.ThreadPoolExecutor$Worker.run(ThreadPoolExecutor.java:624)&#10;        at java.lang.Thread.run(Thread.java:748)&#10;&quot;pool-46-thread-17&quot;  prio=5 tid=369 in Object.wait()&#10;java.lang.Thread.State: WAITING (on object monitor)&#10;        at sun.misc.Unsafe.park(Native Method)&#10;        at java.util.concurrent.locks.LockSupport.park(LockSupport.java:175)&#10;        at java.util.concurrent.locks.AbstractQueuedSynchronizer$ConditionObject.await(AbstractQueuedSynchronizer.java:2039)&#10;        at java.util.concurrent.ArrayBlockingQueue.take(ArrayBlockingQueue.java:403)&#10;        at java.util.concurrent.ThreadPoolExecutor.getTask(ThreadPoolExecutor.java:1074)&#10;        at java.util.concurrent.ThreadPoolExecutor.runWorker(ThreadPoolExecutor.java:1134)&#10;        at java.util.concurrent.ThreadPoolExecutor$Worker.run(ThreadPoolExecutor.java:624)&#10;        at java.lang.Thread.run(Thread.java:748)&#10;&quot;pool-24-thread-1&quot; daemon prio=5 tid=156 timed_waiting&#10;java.lang.Thread.State: TIMED_WAITING&#10;        at sun.misc.Unsafe.park(Native Method)&#10;        at java.util.concurrent.locks.LockSupport.parkNanos(LockSupport.java:215)&#10;        at java.util.concurrent.locks.AbstractQueuedSynchronizer$ConditionObject.awaitNanos(AbstractQueuedSynchronizer.java:2078)&#10;        at java.util.concurrent.ScheduledThreadPoolExecutor$DelayedWorkQueue.take(ScheduledThreadPoolExecutor.java:1093)&#10;        at java.util.concurrent.ScheduledThreadPoolExecutor$DelayedWorkQueue.take(ScheduledThreadPoolExecutor.java:809)&#10;        at java.util.concurrent.ThreadPoolExecutor.getTask(ThreadPoolExecutor.java:1074)&#10;        at java.util.concurrent.ThreadPoolExecutor.runWorker(ThreadPoolExecutor.java:1134)&#10;        at java.util.concurrent.ThreadPoolExecutor$Worker.run(ThreadPoolExecutor.java:624)&#10;        at java.lang.Thread.run(Thread.java:748)&#10;&quot;IPC Server Responder&quot; daemon prio=5 tid=17 runnable&#10;java.lang.Thread.State: RUNNABLE&#10;        at sun.nio.ch.EPollArrayWrapper.epollWait(Native Method)&#10;        at sun.nio.ch.EPollArrayWrapper.poll(EPollArrayWrapper.java:269)&#10;        at sun.nio.ch.EPollSelectorImpl.doSelect(EPollSelectorImpl.java:93)&#10;        at sun.nio.ch.SelectorImpl.lockAndDoSelect(SelectorImpl.java:86)&#10;        at sun.nio.ch.SelectorImpl.select(SelectorImpl.java:97)&#10;        at org.apache.hadoop.ipc.Server$Responder.doRunLoop(Server.java:1334)&#10;        at org.apache.hadoop.ipc.Server$Responder.run(Server.java:1317)&#10;&quot;pool-36-thread-48&quot;  prio=5 tid=340 in Object.wait()&#10;java.lang.Thread.State: WAITING (on object monitor)&#10;        at sun.misc.Unsafe.park(Native Method)&#10;        at java.util.concurrent.locks.LockSupport.park(LockSupport.java:175)&#10;        at java.util.concurrent.locks.AbstractQueuedSynchronizer$ConditionObject.await(AbstractQueuedSynchronizer.java:2039)&#10;        at java.util.concurrent.ArrayBlockingQueue.take(ArrayBlockingQueue.java:403)&#10;        at java.util.concurrent.ThreadPoolExecutor.getTask(ThreadPoolExecutor.java:1074)&#10;        at java.util.concurrent.ThreadPoolExecutor.runWorker(ThreadPoolExecutor.java:1134)&#10;        at java.util.concurrent.ThreadPoolExecutor$Worker.run(ThreadPoolExecutor.java:624)&#10;        at java.lang.Thread.run(Thread.java:748)&#10;&quot;pool-26-thread-28&quot;  prio=5 tid=260 in Object.wait()&#10;java.lang.Thread.State: WAITING (on object monitor)&#10;        at sun.misc.Unsafe.park(Native Method)&#10;        at java.util.concurrent.locks.LockSupport.park(LockSupport.java:175)&#10;        at java.util.concurrent.locks.AbstractQueuedSynchronizer$ConditionObject.await(AbstractQueuedSynchronizer.java:2039)&#10;        at java.util.concurrent.ArrayBlockingQueue.take(ArrayBlockingQueue.java:403)&#10;        at java.util.concurrent.ThreadPoolExecutor.getTask(ThreadPoolExecutor.java:1074)&#10;        at java.util.concurrent.ThreadPoolExecutor.runWorker(ThreadPoolExecutor.java:1134)&#10;        at java.util.concurrent.ThreadPoolExecutor$Worker.run(ThreadPoolExecutor.java:624)&#10;        at java.lang.Thread.run(Thread.java:748)&#10;&quot;pool-26-thread-12&quot;  prio=5 tid=244 in Object.wait()&#10;java.lang.Thread.State: WAITING (on object monitor)&#10;        at sun.misc.Unsafe.park(Native Method)&#10;        at java.util.concurrent.locks.LockSupport.park(LockSupport.java:175)&#10;        at java.util.concurrent.locks.AbstractQueuedSynchronizer$ConditionObject.await(AbstractQueuedSynchronizer.java:2039)&#10;        at java.util.concurrent.ArrayBlockingQueue.take(ArrayBlockingQueue.java:403)&#10;        at java.util.concurrent.ThreadPoolExecutor.getTask(ThreadPoolExecutor.java:1074)&#10;        at java.util.concurrent.ThreadPoolExecutor.runWorker(ThreadPoolExecutor.java:1134)&#10;        at java.util.concurrent.ThreadPoolExecutor$Worker.run(ThreadPoolExecutor.java:624)&#10;        at java.lang.Thread.run(Thread.java:748)&#10;&quot;metrics-hadoop-metrics2-reporter-36-thread-1&quot; daemon prio=5 tid=666 timed_waiting&#10;java.lang.Thread.State: TIMED_WAITING&#10;        at sun.misc.Unsafe.park(Native Method)&#10;        at java.util.concurrent.locks.LockSupport.parkNanos(LockSupport.java:215)&#10;        at java.util.concurrent.locks.AbstractQueuedSynchronizer$ConditionObject.awaitNanos(AbstractQueuedSynchronizer.java:2078)&#10;        at java.util.concurrent.ScheduledThreadPoolExecutor$DelayedWorkQueue.take(ScheduledThreadPoolExecutor.java:1093)&#10;        at java.util.concurrent.ScheduledThreadPoolExecutor$DelayedWorkQueue.take(ScheduledThreadPoolExecutor.java:809)&#10;        at java.util.concurrent.ThreadPoolExecutor.getTask(ThreadPoolExecutor.java:1074)&#10;        at java.util.concurrent.ThreadPoolExecutor.runWorker(ThreadPoolExecutor.java:1134)&#10;        at java.util.concurrent.ThreadPoolExecutor$Worker.run(ThreadPoolExecutor.java:624)&#10;        at java.lang.Thread.run(Thread.java:748)&#10;&quot;IPC Server handler 17 on 34353&quot; daemon prio=5 tid=86 timed_waiting&#10;java.lang.Thread.State: TIMED_WAITING&#10;        at sun.misc.Unsafe.park(Native Method)&#10;        at java.util.concurrent.locks.LockSupport.parkNanos(LockSupport.java:215)&#10;        at java.util.concurrent.locks.AbstractQueuedSynchronizer$ConditionObject.awaitNanos(AbstractQueuedSynchronizer.java:2078)&#10;        at java.util.concurrent.LinkedBlockingQueue.poll(LinkedBlockingQueue.java:467)&#10;        at org.apache.hadoop.ipc.CallQueueManager.take(CallQueueManager.java:288)&#10;        at org.apache.hadoop.ipc.Server$Handler.run(Server.java:2668)&#10;&quot;pool-36-thread-24&quot;  prio=5 tid=316 in Object.wait()&#10;java.lang.Thread.State: WAITING (on object monitor)&#10;        at sun.misc.Unsafe.park(Native Method)&#10;        at java.util.concurrent.locks.LockSupport.park(LockSupport.java:175)&#10;        at java.util.concurrent.locks.AbstractQueuedSynchronizer$ConditionObject.await(AbstractQueuedSynchronizer.java:2039)&#10;        at java.util.concurrent.ArrayBlockingQueue.take(ArrayBlockingQueue.java:403)&#10;        at java.util.concurrent.ThreadPoolExecutor.getTask(ThreadPoolExecutor.java:1074)&#10;        at java.util.concurrent.ThreadPoolExecutor.runWorker(ThreadPoolExecutor.java:1134)&#10;        at java.util.concurrent.ThreadPoolExecutor$Worker.run(ThreadPoolExecutor.java:624)&#10;        at java.lang.Thread.run(Thread.java:748)&#10;&quot;surefire-forkedjvm-ping-30s&quot; daemon prio=5 tid=9 timed_waiting&#10;java.lang.Thread.State: TIMED_WAITING&#10;        at sun.misc.Unsafe.park(Native Method)&#10;        at java.util.concurrent.locks.LockSupport.parkNanos(LockSupport.java:215)&#10;        at java.util.concurrent.locks.AbstractQueuedSynchronizer$ConditionObject.awaitNanos(AbstractQueuedSynchronizer.java:2078)&#10;        at java.util.concurrent.ScheduledThreadPoolExecutor$DelayedWorkQueue.take(ScheduledThreadPoolExecutor.java:1093)&#10;        at java.util.concurrent.ScheduledThreadPoolExecutor$DelayedWorkQueue.take(ScheduledThreadPoolExecutor.java:809)&#10;        at java.util.concurrent.ThreadPoolExecutor.getTask(ThreadPoolExecutor.java:1074)&#10;        at java.util.concurrent.ThreadPoolExecutor.runWorker(ThreadPoolExecutor.java:1134)&#10;        at java.util.concurrent.ThreadPoolExecutor$Worker.run(ThreadPoolExecutor.java:624)&#10;        at java.lang.Thread.run(Thread.java:748)&#10;&quot;pool-36-thread-55&quot;  prio=5 tid=347 in Object.wait()&#10;java.lang.Thread.State: WAITING (on object monitor)&#10;        at sun.misc.Unsafe.park(Native Method)&#10;        at java.util.concurrent.locks.LockSupport.park(LockSupport.java:175)&#10;        at java.util.concurrent.locks.AbstractQueuedSynchronizer$ConditionObject.await(AbstractQueuedSynchronizer.java:2039)&#10;        at java.util.concurrent.ArrayBlockingQueue.take(ArrayBlockingQueue.java:403)&#10;        at java.util.concurrent.ThreadPoolExecutor.getTask(ThreadPoolExecutor.java:1074)&#10;        at java.util.concurrent.ThreadPoolExecutor.runWorker(ThreadPoolExecutor.java:1134)&#10;        at java.util.concurrent.ThreadPoolExecutor$Worker.run(ThreadPoolExecutor.java:624)&#10;        at java.lang.Thread.run(Thread.java:748)&#10;&quot;IPC Server handler 4 on 35897&quot; daemon prio=5 tid=118 timed_waiting&#10;java.lang.Thread.State: TIMED_WAITING&#10;        at sun.misc.Unsafe.park(Native Method)&#10;        at java.util.concurrent.locks.LockSupport.parkNanos(LockSupport.java:215)&#10;        at java.util.concurrent.locks.AbstractQueuedSynchronizer$ConditionObject.awaitNanos(AbstractQueuedSynchronizer.java:2078)&#10;        at java.util.concurrent.LinkedBlockingQueue.poll(LinkedBlockingQueue.java:467)&#10;        at org.apache.hadoop.ipc.CallQueueManager.take(CallQueueManager.java:288)&#10;        at org.apache.hadoop.ipc.Server$Handler.run(Server.java:2668)&#10;&quot;grpc-default-executor-1&quot; daemon prio=5 tid=476 timed_waiting&#10;java.lang.Thread.State: TIMED_WAITING&#10;        at sun.misc.Unsafe.park(Native Method)&#10;        at java.util.concurrent.locks.LockSupport.parkNanos(LockSupport.java:215)&#10;        at java.util.concurrent.SynchronousQueue$TransferStack.awaitFulfill(SynchronousQueue.java:460)&#10;        at java.util.concurrent.SynchronousQueue$TransferStack.transfer(SynchronousQueue.java:362)&#10;        at java.util.concurrent.SynchronousQueue.poll(SynchronousQueue.java:941)&#10;        at java.util.concurrent.ThreadPoolExecutor.getTask(ThreadPoolExecutor.java:1073)&#10;        at java.util.concurrent.ThreadPoolExecutor.runWorker(ThreadPoolExecutor.java:1134)&#10;        at java.util.concurrent.ThreadPoolExecutor$Worker.run(ThreadPoolExecutor.java:624)&#10;        at java.lang.Thread.run(Thread.java:748)&#10;&quot;jaeger.RemoteReporter-FlushTimer&quot; daemon prio=5 tid=148 timed_waiting&#10;java.lang.Thread.State: TIMED_WAITING&#10;        at java.lang.Object.wait(Native Method)&#10;        at java.util.TimerThread.mainLoop(Timer.java:552)&#10;        at java.util.TimerThread.run(Timer.java:505)&#10;&quot;metrics-hadoop-metrics2-reporter-2-thread-1&quot; daemon prio=5 tid=444 timed_waiting&#10;java.lang.Thread.State: TIMED_WAITING&#10;        at sun.misc.Unsafe.park(Native Method)&#10;        at java.util.concurrent.locks.LockSupport.parkNanos(LockSupport.java:215)&#10;        at java.util.concurrent.locks.AbstractQueuedSynchronizer$ConditionObject.awaitNanos(AbstractQueuedSynchronizer.java:2078)&#10;        at java.util.concurrent.ScheduledThreadPoolExecutor$DelayedWorkQueue.take(ScheduledThreadPoolExecutor.java:1093)&#10;        at java.util.concurrent.ScheduledThreadPoolExecutor$DelayedWorkQueue.take(ScheduledThreadPoolExecutor.java:809)&#10;        at java.util.concurrent.ThreadPoolExecutor.getTask(ThreadPoolExecutor.java:1074)&#10;        at java.util.concurrent.ThreadPoolExecutor.runWorker(ThreadPoolExecutor.java:1134)&#10;        at java.util.concurrent.ThreadPoolExecutor$Worker.run(ThreadPoolExecutor.java:624)&#10;        at java.lang.Thread.run(Thread.java:748)&#10;&quot;pool-26-thread-25&quot;  prio=5 tid=257 in Object.wait()&#10;java.lang.Thread.State: WAITING (on object monitor)&#10;        at sun.misc.Unsafe.park(Native Method)&#10;        at java.util.concurrent.locks.LockSupport.park(LockSupport.java:175)&#10;        at java.util.concurrent.locks.AbstractQueuedSynchronizer$ConditionObject.await(AbstractQueuedSynchronizer.java:2039)&#10;        at java.util.concurrent.ArrayBlockingQueue.take(ArrayBlockingQueue.java:403)&#10;        at java.util.concurrent.ThreadPoolExecutor.getTask(ThreadPoolExecutor.java:1074)&#10;        at java.util.concurrent.ThreadPoolExecutor.runWorker(ThreadPoolExecutor.java:1134)&#10;        at java.util.concurrent.ThreadPoolExecutor$Worker.run(ThreadPoolExecutor.java:624)&#10;        at java.lang.Thread.run(Thread.java:748)&#10;&quot;IPC Server handler 1 on 40661&quot; daemon prio=5 tid=50 timed_waiting&#10;java.lang.Thread.State: TIMED_WAITING&#10;        at sun.misc.Unsafe.park(Native Method)&#10;        at java.util.concurrent.locks.LockSupport.parkNanos(LockSupport.java:215)&#10;        at java.util.concurrent.locks.AbstractQueuedSynchronizer$ConditionObject.awaitNanos(AbstractQueuedSynchronizer.java:2078)&#10;        at java.util.concurrent.LinkedBlockingQueue.poll(LinkedBlockingQueue.java:467)&#10;        at org.apache.hadoop.ipc.CallQueueManager.take(CallQueueManager.java:288)&#10;        at org.apache.hadoop.ipc.Server$Handler.run(Server.java:2668)&#10;&quot;metrics-hadoop-metrics2-reporter-33-thread-1&quot; daemon prio=5 tid=646 timed_waiting&#10;java.lang.Thread.State: TIMED_WAITING&#10;        at sun.misc.Unsafe.park(Native Method)&#10;        at java.util.concurrent.locks.LockSupport.parkNanos(LockSupport.java:215)&#10;        at java.util.concurrent.locks.AbstractQueuedSynchronizer$ConditionObject.awaitNanos(AbstractQueuedSynchronizer.java:2078)&#10;        at java.util.concurrent.ScheduledThreadPoolExecutor$DelayedWorkQueue.take(ScheduledThreadPoolExecutor.java:1093)&#10;        at java.util.concurrent.ScheduledThreadPoolExecutor$DelayedWorkQueue.take(ScheduledThreadPoolExecutor.java:809)&#10;        at java.util.concurrent.ThreadPoolExecutor.getTask(ThreadPoolExecutor.java:1074)&#10;        at java.util.concurrent.ThreadPoolExecutor.runWorker(ThreadPoolExecutor.java:1134)&#10;        at java.util.concurrent.ThreadPoolExecutor$Worker.run(ThreadPoolExecutor.java:624)&#10;        at java.lang.Thread.run(Thread.java:748)&#10;&quot;BlockDeletingService#4&quot; daemon prio=5 tid=546 in Object.wait()&#10;java.lang.Thread.State: WAITING (on object monitor)&#10;        at sun.misc.Unsafe.park(Native Method)&#10;        at java.util.concurrent.locks.LockSupport.park(LockSupport.java:175)&#10;        at java.util.concurrent.locks.AbstractQueuedSynchronizer$ConditionObject.await(AbstractQueuedSynchronizer.java:2039)&#10;        at java.util.concurrent.ScheduledThreadPoolExecutor$DelayedWorkQueue.take(ScheduledThreadPoolExecutor.java:1088)&#10;        at java.util.concurrent.ScheduledThreadPoolExecutor$DelayedWorkQueue.take(ScheduledThreadPoolExecutor.java:809)&#10;        at java.util.concurrent.ThreadPoolExecutor.getTask(ThreadPoolExecutor.java:1074)&#10;        at java.util.concurrent.ThreadPoolExecutor.runWorker(ThreadPoolExecutor.java:1134)&#10;        at java.util.concurrent.ThreadPoolExecutor$Worker.run(ThreadPoolExecutor.java:624)&#10;        at java.lang.Thread.run(Thread.java:748)&#10;&quot;grpc-default-executor-3&quot; daemon prio=5 tid=540 timed_waiting&#10;java.lang.Thread.State: TIMED_WAITING&#10;        at sun.misc.Unsafe.park(Native Method)&#10;        at java.util.concurrent.locks.LockSupport.parkNanos(LockSupport.java:215)&#10;        at java.util.concurrent.SynchronousQueue$TransferStack.awaitFulfill(SynchronousQueue.java:460)&#10;        at java.util.concurrent.SynchronousQueue$TransferStack.transfer(SynchronousQueue.java:362)&#10;        at java.util.concurrent.SynchronousQueue.poll(SynchronousQueue.java:941)&#10;        at java.util.concurrent.ThreadPoolExecutor.getTask(ThreadPoolExecutor.java:1073)&#10;        at java.util.concurrent.ThreadPoolExecutor.runWorker(ThreadPoolExecutor.java:1134)&#10;        at java.util.concurrent.ThreadPoolExecutor$Worker.run(ThreadPoolExecutor.java:624)&#10;        at java.lang.Thread.run(Thread.java:748)&#10;&quot;IPC Server handler 12 on 34353&quot; daemon prio=5 tid=81 timed_waiting&#10;java.lang.Thread.State: TIMED_WAITING&#10;        at sun.misc.Unsafe.park(Native Method)&#10;        at java.util.concurrent.locks.LockSupport.parkNanos(LockSupport.java:215)&#10;        at java.util.concurrent.locks.AbstractQueuedSynchronizer$ConditionObject.awaitNanos(AbstractQueuedSynchronizer.java:2078)&#10;        at java.util.concurrent.LinkedBlockingQueue.poll(LinkedBlockingQueue.java:467)&#10;        at org.apache.hadoop.ipc.CallQueueManager.take(CallQueueManager.java:288)&#10;        at org.apache.hadoop.ipc.Server$Handler.run(Server.java:2668)&#10;&quot;pool-46-thread-33&quot;  prio=5 tid=385 in Object.wait()&#10;java.lang.Thread.State: WAITING (on object monitor)&#10;        at sun.misc.Unsafe.park(Native Method)&#10;        at java.util.concurrent.locks.LockSupport.park(LockSupport.java:175)&#10;        at java.util.concurrent.locks.AbstractQueuedSynchronizer$ConditionObject.await(AbstractQueuedSynchronizer.java:2039)&#10;        at java.util.concurrent.ArrayBlockingQueue.take(ArrayBlockingQueue.java:403)&#10;        at java.util.concurrent.ThreadPoolExecutor.getTask(ThreadPoolExecutor.java:1074)&#10;        at java.util.concurrent.ThreadPoolExecutor.runWorker(ThreadPoolExecutor.java:1134)&#10;        at java.util.concurrent.ThreadPoolExecutor$Worker.run(ThreadPoolExecutor.java:624)&#10;        at java.lang.Thread.run(Thread.java:748)&#10;&quot;4b287a15-77af-487b-aef7-34d1d0ee189f@group-968E4693433D-SegmentedRaftLogWorker&quot;  prio=5 tid=455 timed_waiting&#10;java.lang.Thread.State: TIMED_WAITING&#10;        at sun.misc.Unsafe.park(Native Method)&#10;        at java.util.concurrent.locks.LockSupport.parkNanos(LockSupport.java:215)&#10;        at java.util.concurrent.locks.AbstractQueuedSynchronizer$ConditionObject.awaitNanos(AbstractQueuedSynchronizer.java:2078)&#10;        at org.apache.ratis.util.DataBlockingQueue.poll(DataBlockingQueue.java:137)&#10;        at org.apache.ratis.server.raftlog.segmented.SegmentedRaftLogWorker.run(SegmentedRaftLogWorker.java:282)&#10;        at java.lang.Thread.run(Thread.java:748)&#10;&quot;pool-36-thread-27&quot;  prio=5 tid=319 in Object.wait()&#10;java.lang.Thread.State: WAITING (on object monitor)&#10;        at sun.misc.Unsafe.park(Native Method)&#10;        at java.util.concurrent.locks.LockSupport.park(LockSupport.java:175)&#10;        at java.util.concurrent.locks.AbstractQueuedSynchronizer$ConditionObject.await(AbstractQueuedSynchronizer.java:2039)&#10;        at java.util.concurrent.ArrayBlockingQueue.take(ArrayBlockingQueue.java:403)&#10;        at java.util.concurrent.ThreadPoolExecutor.getTask(ThreadPoolExecutor.java:1074)&#10;        at java.util.concurrent.ThreadPoolExecutor.runWorker(ThreadPoolExecutor.java:1134)&#10;        at java.util.concurrent.ThreadPoolExecutor$Worker.run(ThreadPoolExecutor.java:624)&#10;        at java.lang.Thread.run(Thread.java:748)&#10;&quot;qtp1077873186-91&quot; daemon prio=5 tid=91 timed_waiting&#10;java.lang.Thread.State: TIMED_WAITING&#10;        at sun.misc.Unsafe.park(Native Method)&#10;        at java.util.concurrent.locks.LockSupport.parkNanos(LockSupport.java:215)&#10;        at java.util.concurrent.locks.AbstractQueuedSynchronizer$ConditionObject.awaitNanos(AbstractQueuedSynchronizer.java:2078)&#10;        at org.eclipse.jetty.util.BlockingArrayQueue.poll(BlockingArrayQueue.java:392)&#10;        at org.eclipse.jetty.util.thread.QueuedThreadPool.idleJobPoll(QueuedThreadPool.java:563)&#10;        at org.eclipse.jetty.util.thread.QueuedThreadPool.access$800(QueuedThreadPool.java:48)&#10;        at org.eclipse.jetty.util.thread.QueuedThreadPool$2.run(QueuedThreadPool.java:626)&#10;        at java.lang.Thread.run(Thread.java:748)&#10;&quot;pool-26-thread-53&quot;  prio=5 tid=285 in Object.wait()&#10;java.lang.Thread.State: WAITING (on object monitor)&#10;        at sun.misc.Unsafe.park(Native Method)&#10;        at java.util.concurrent.locks.LockSupport.park(LockSupport.java:175)&#10;        at java.util.concurrent.locks.AbstractQueuedSynchronizer$ConditionObject.await(AbstractQueuedSynchronizer.java:2039)&#10;        at java.util.concurrent.ArrayBlockingQueue.take(ArrayBlockingQueue.java:403)&#10;        at java.util.concurrent.ThreadPoolExecutor.getTask(ThreadPoolExecutor.java:1074)&#10;        at java.util.concurrent.ThreadPoolExecutor.runWorker(ThreadPoolExecutor.java:1134)&#10;        at java.util.concurrent.ThreadPoolExecutor$Worker.run(ThreadPoolExecutor.java:624)&#10;        at java.lang.Thread.run(Thread.java:748)&#10;&quot;KeyDeletingService#0&quot; daemon prio=5 tid=113 in Object.wait()&#10;java.lang.Thread.State: WAITING (on object monitor)&#10;        at sun.misc.Unsafe.park(Native Method)&#10;        at java.util.concurrent.locks.LockSupport.park(LockSupport.java:175)&#10;        at java.util.concurrent.locks.AbstractQueuedSynchronizer$ConditionObject.await(AbstractQueuedSynchronizer.java:2039)&#10;        at java.util.concurrent.ScheduledThreadPoolExecutor$DelayedWorkQueue.take(ScheduledThreadPoolExecutor.java:1088)&#10;        at java.util.concurrent.ScheduledThreadPoolExecutor$DelayedWorkQueue.take(ScheduledThreadPoolExecutor.java:809)&#10;        at java.util.concurrent.ThreadPoolExecutor.getTask(ThreadPoolExecutor.java:1074)&#10;        at java.util.concurrent.ThreadPoolExecutor.runWorker(ThreadPoolExecutor.java:1134)&#10;        at java.util.concurrent.ThreadPoolExecutor$Worker.run(ThreadPoolExecutor.java:624)&#10;        at java.lang.Thread.run(Thread.java:748)&#10;&quot;pool-36-thread-32&quot;  prio=5 tid=324 in Object.wait()&#10;java.lang.Thread.State: WAITING (on object monitor)&#10;        at sun.misc.Unsafe.park(Native Method)&#10;        at java.util.concurrent.locks.LockSupport.park(LockSupport.java:175)&#10;        at java.util.concurrent.locks.AbstractQueuedSynchronizer$ConditionObject.await(AbstractQueuedSynchronizer.java:2039)&#10;        at java.util.concurrent.ArrayBlockingQueue.take(ArrayBlockingQueue.java:403)&#10;        at java.util.concurrent.ThreadPoolExecutor.getTask(ThreadPoolExecutor.java:1074)&#10;        at java.util.concurrent.ThreadPoolExecutor.runWorker(ThreadPoolExecutor.java:1134)&#10;        at java.util.concurrent.ThreadPoolExecutor$Worker.run(ThreadPoolExecutor.java:624)&#10;        at java.lang.Thread.run(Thread.java:748)&#10;&quot;pool-26-thread-50&quot;  prio=5 tid=282 in Object.wait()&#10;java.lang.Thread.State: WAITING (on object monitor)&#10;        at sun.misc.Unsafe.park(Native Method)&#10;        at java.util.concurrent.locks.LockSupport.park(LockSupport.java:175)&#10;        at java.util.concurrent.locks.AbstractQueuedSynchronizer$ConditionObject.await(AbstractQueuedSynchronizer.java:2039)&#10;        at java.util.concurrent.ArrayBlockingQueue.take(ArrayBlockingQueue.java:403)&#10;        at java.util.concurrent.ThreadPoolExecutor.getTask(ThreadPoolExecutor.java:1074)&#10;        at java.util.concurrent.ThreadPoolExecutor.runWorker(ThreadPoolExecutor.java:1134)&#10;        at java.util.concurrent.ThreadPoolExecutor$Worker.run(ThreadPoolExecutor.java:624)&#10;        at java.lang.Thread.run(Thread.java:748)&#10;&quot;pool-26-thread-9&quot;  prio=5 tid=241 in Object.wait()&#10;java.lang.Thread.State: WAITING (on object monitor)&#10;        at sun.misc.Unsafe.park(Native Method)&#10;        at java.util.concurrent.locks.LockSupport.park(LockSupport.java:175)&#10;        at java.util.concurrent.locks.AbstractQueuedSynchronizer$ConditionObject.await(AbstractQueuedSynchronizer.java:2039)&#10;        at java.util.concurrent.ArrayBlockingQueue.take(ArrayBlockingQueue.java:403)&#10;        at java.util.concurrent.ThreadPoolExecutor.getTask(ThreadPoolExecutor.java:1074)&#10;        at java.util.concurrent.ThreadPoolExecutor.runWorker(ThreadPoolExecutor.java:1134)&#10;        at java.util.concurrent.ThreadPoolExecutor$Worker.run(ThreadPoolExecutor.java:624)&#10;        at java.lang.Thread.run(Thread.java:748)&#10;&quot;qtp1471800355-142&quot; daemon prio=5 tid=142 timed_waiting&#10;java.lang.Thread.State: TIMED_WAITING&#10;        at sun.misc.Unsafe.park(Native Method)&#10;        at java.util.concurrent.locks.LockSupport.parkNanos(LockSupport.java:215)&#10;        at java.util.concurrent.locks.AbstractQueuedSynchronizer$ConditionObject.awaitNanos(AbstractQueuedSynchronizer.java:2078)&#10;        at org.eclipse.jetty.util.BlockingArrayQueue.poll(BlockingArrayQueue.java:392)&#10;        at org.eclipse.jetty.util.thread.QueuedThreadPool.idleJobPoll(QueuedThreadPool.java:563)&#10;        at org.eclipse.jetty.util.thread.QueuedThreadPool.access$800(QueuedThreadPool.java:48)&#10;        at org.eclipse.jetty.util.thread.QueuedThreadPool$2.run(QueuedThreadPool.java:626)&#10;        at java.lang.Thread.run(Thread.java:748)&#10;&quot;Command processor thread&quot; daemon prio=5 tid=202 timed_waiting&#10;java.lang.Thread.State: TIMED_WAITING&#10;        at java.lang.Thread.sleep(Native Method)&#10;        at org.apache.hadoop.ozone.container.common.statemachine.DatanodeStateMachine.lambda$initCommandHandlerThread$1(DatanodeStateMachine.java:439)&#10;        at org.apache.hadoop.ozone.container.common.statemachine.DatanodeStateMachine$$Lambda$141/1971533617.run(Unknown Source)&#10;        at java.lang.Thread.run(Thread.java:748)&#10;&quot;pool-21-thread-1&quot;  prio=5 tid=135 timed_waiting&#10;java.lang.Thread.State: TIMED_WAITING&#10;        at sun.misc.Unsafe.park(Native Method)&#10;        at java.util.concurrent.locks.LockSupport.parkNanos(LockSupport.java:215)&#10;        at java.util.concurrent.locks.AbstractQueuedSynchronizer$ConditionObject.awaitNanos(AbstractQueuedSynchronizer.java:2078)&#10;        at java.util.concurrent.ScheduledThreadPoolExecutor$DelayedWorkQueue.take(ScheduledThreadPoolExecutor.java:1093)&#10;        at java.util.concurrent.ScheduledThreadPoolExecutor$DelayedWorkQueue.take(ScheduledThreadPoolExecutor.java:809)&#10;        at java.util.concurrent.ThreadPoolExecutor.getTask(ThreadPoolExecutor.java:1074)&#10;        at java.util.concurrent.ThreadPoolExecutor.runWorker(ThreadPoolExecutor.java:1134)&#10;        at java.util.concurrent.ThreadPoolExecutor$Worker.run(ThreadPoolExecutor.java:624)&#10;        at java.lang.Thread.run(Thread.java:748)&#10;&quot;IPC Server handler 0 on 35897&quot; daemon prio=5 tid=114 timed_waiting&#10;java.lang.Thread.State: TIMED_WAITING&#10;        at sun.misc.Unsafe.park(Native Method)&#10;        at java.util.concurrent.locks.LockSupport.parkNanos(LockSupport.java:215)&#10;        at java.util.concurrent.locks.AbstractQueuedSynchronizer$ConditionObject.awaitNanos(AbstractQueuedSynchronizer.java:2078)&#10;        at java.util.concurrent.LinkedBlockingQueue.poll(LinkedBlockingQueue.java:467)&#10;        at org.apache.hadoop.ipc.CallQueueManager.take(CallQueueManager.java:288)&#10;        at org.apache.hadoop.ipc.Server$Handler.run(Server.java:2668)&#10;&quot;pool-6-thread-1&quot;  prio=5 tid=26 timed_waiting&#10;java.lang.Thread.State: TIMED_WAITING&#10;        at sun.misc.Unsafe.park(Native Method)&#10;        at java.util.concurrent.locks.LockSupport.parkNanos(LockSupport.java:215)&#10;        at java.util.concurrent.locks.AbstractQueuedSynchronizer$ConditionObject.awaitNanos(AbstractQueuedSynchronizer.java:2078)&#10;        at java.util.concurrent.ScheduledThreadPoolExecutor$DelayedWorkQueue.take(ScheduledThreadPoolExecutor.java:1093)&#10;        at java.util.concurrent.ScheduledThreadPoolExecutor$DelayedWorkQueue.take(ScheduledThreadPoolExecutor.java:809)&#10;        at java.util.concurrent.ThreadPoolExecutor.getTask(ThreadPoolExecutor.java:1074)&#10;        at java.util.concurrent.ThreadPoolExecutor.runWorker(ThreadPoolExecutor.java:1134)&#10;        at java.util.concurrent.ThreadPoolExecutor$Worker.run(ThreadPoolExecutor.java:624)&#10;        at java.lang.Thread.run(Thread.java:748)&#10;&quot;qtp1536399059-193&quot; daemon prio=5 tid=193 timed_waiting&#10;java.lang.Thread.State: TIMED_WAITING&#10;        at sun.misc.Unsafe.park(Native Method)&#10;        at java.util.concurrent.locks.LockSupport.parkNanos(LockSupport.java:215)&#10;        at java.util.concurrent.locks.AbstractQueuedSynchronizer$ConditionObject.awaitNanos(AbstractQueuedSynchronizer.java:2078)&#10;        at org.eclipse.jetty.util.BlockingArrayQueue.poll(BlockingArrayQueue.java:392)&#10;        at org.eclipse.jetty.util.thread.QueuedThreadPool.idleJobPoll(QueuedThreadPool.java:563)&#10;        at org.eclipse.jetty.util.thread.QueuedThreadPool.access$800(QueuedThreadPool.java:48)&#10;        at org.eclipse.jetty.util.thread.QueuedThreadPool$2.run(QueuedThreadPool.java:626)&#10;        at java.lang.Thread.run(Thread.java:748)&#10;&quot;Datanode ReportManager Thread - 0&quot; daemon prio=5 tid=225 timed_waiting&#10;java.lang.Thread.State: TIMED_WAITING&#10;        at sun.misc.Unsafe.park(Native Method)&#10;        at java.util.concurrent.locks.LockSupport.parkNanos(LockSupport.java:215)&#10;        at java.util.concurrent.locks.AbstractQueuedSynchronizer$ConditionObject.awaitNanos(AbstractQueuedSynchronizer.java:2078)&#10;        at java.util.concurrent.ScheduledThreadPoolExecutor$DelayedWorkQueue.take(ScheduledThreadPoolExecutor.java:1093)&#10;        at java.util.concurrent.ScheduledThreadPoolExecutor$DelayedWorkQueue.take(ScheduledThreadPoolExecutor.java:809)&#10;        at java.util.concurrent.ThreadPoolExecutor.getTask(ThreadPoolExecutor.java:1074)&#10;        at java.util.concurrent.ThreadPoolExecutor.runWorker(ThreadPoolExecutor.java:1134)&#10;        at java.util.concurrent.ThreadPoolExecutor$Worker.run(ThreadPoolExecutor.java:624)&#10;        at java.lang.Thread.run(Thread.java:748)&#10;&quot;Periodic HDDS volume checker&quot;  prio=5 tid=152 timed_waiting&#10;java.lang.Thread.State: TIMED_WAITING&#10;        at sun.misc.Unsafe.park(Native Method)&#10;        at java.util.concurrent.locks.LockSupport.parkNanos(LockSupport.java:215)&#10;        at java.util.concurrent.locks.AbstractQueuedSynchronizer$ConditionObject.awaitNanos(AbstractQueuedSynchronizer.java:2078)&#10;        at java.util.concurrent.ScheduledThreadPoolExecutor$DelayedWorkQueue.take(ScheduledThreadPoolExecutor.java:1093)&#10;        at java.util.concurrent.ScheduledThreadPoolExecutor$DelayedWorkQueue.take(ScheduledThreadPoolExecutor.java:809)&#10;        at java.util.concurrent.ThreadPoolExecutor.getTask(ThreadPoolExecutor.java:1074)&#10;        at java.util.concurrent.ThreadPoolExecutor.runWorker(ThreadPoolExecutor.java:1134)&#10;        at java.util.concurrent.ThreadPoolExecutor$Worker.run(ThreadPoolExecutor.java:624)&#10;        at java.lang.Thread.run(Thread.java:748)&#10;&quot;pool-26-thread-57&quot;  prio=5 tid=289 in Object.wait()&#10;java.lang.Thread.State: WAITING (on object monitor)&#10;        at sun.misc.Unsafe.park(Native Method)&#10;        at java.util.concurrent.locks.LockSupport.park(LockSupport.java:175)&#10;        at java.util.concurrent.locks.AbstractQueuedSynchronizer$ConditionObject.await(AbstractQueuedSynchronizer.java:2039)&#10;        at java.util.concurrent.ArrayBlockingQueue.take(ArrayBlockingQueue.java:403)&#10;        at java.util.concurrent.ThreadPoolExecutor.getTask(ThreadPoolExecutor.java:1074)&#10;        at java.util.concurrent.ThreadPoolExecutor.runWorker(ThreadPoolExecutor.java:1134)&#10;        at java.util.concurrent.ThreadPoolExecutor$Worker.run(ThreadPoolExecutor.java:624)&#10;        at java.lang.Thread.run(Thread.java:748)&#10;&quot;IPC Server handler 10 on 40661&quot; daemon prio=5 tid=59 timed_waiting&#10;java.lang.Thread.State: TIMED_WAITING&#10;        at sun.misc.Unsafe.park(Native Method)&#10;        at java.util.concurrent.locks.LockSupport.parkNanos(LockSupport.java:215)&#10;        at java.util.concurrent.locks.AbstractQueuedSynchronizer$ConditionObject.awaitNanos(AbstractQueuedSynchronizer.java:2078)&#10;        at java.util.concurrent.LinkedBlockingQueue.poll(LinkedBlockingQueue.java:467)&#10;        at org.apache.hadoop.ipc.CallQueueManager.take(CallQueueManager.java:288)&#10;        at org.apache.hadoop.ipc.Server$Handler.run(Server.java:2668)&#10;&quot;IPC Server handler 14 on 34353&quot; daemon prio=5 tid=83 timed_waiting&#10;java.lang.Thread.State: TIMED_WAITING&#10;        at sun.misc.Unsafe.park(Native Method)&#10;        at java.util.concurrent.locks.LockSupport.parkNanos(LockSupport.java:215)&#10;        at java.util.concurrent.locks.AbstractQueuedSynchronizer$ConditionObject.awaitNanos(AbstractQueuedSynchronizer.java:2078)&#10;        at java.util.concurrent.LinkedBlockingQueue.poll(LinkedBlockingQueue.java:467)&#10;        at org.apache.hadoop.ipc.CallQueueManager.take(CallQueueManager.java:288)&#10;        at org.apache.hadoop.ipc.Server$Handler.run(Server.java:2668)&#10;&quot;qtp1077873186-93&quot; daemon prio=5 tid=93 timed_waiting&#10;java.lang.Thread.State: TIMED_WAITING&#10;        at sun.misc.Unsafe.park(Native Method)&#10;        at java.util.concurrent.locks.LockSupport.parkNanos(LockSupport.java:215)&#10;        at java.util.concurrent.locks.AbstractQueuedSynchronizer$ConditionObject.awaitNanos(AbstractQueuedSynchronizer.java:2078)&#10;        at org.eclipse.jetty.util.BlockingArrayQueue.poll(BlockingArrayQueue.java:392)&#10;        at org.eclipse.jetty.util.thread.QueuedThreadPool.idleJobPoll(QueuedThreadPool.java:563)&#10;        at org.eclipse.jetty.util.thread.QueuedThreadPool.access$800(QueuedThreadPool.java:48)&#10;        at org.eclipse.jetty.util.thread.QueuedThreadPool$2.run(QueuedThreadPool.java:626)&#10;        at java.lang.Thread.run(Thread.java:748)&#10;&quot;4a03179f-3169-4ac7-a075-259968512ef0@group-83C26644CFDA-SegmentedRaftLogWorker&quot;  prio=5 tid=634 timed_waiting&#10;java.lang.Thread.State: TIMED_WAITING&#10;        at sun.misc.Unsafe.park(Native Method)&#10;        at java.util.concurrent.locks.LockSupport.parkNanos(LockSupport.java:215)&#10;        at java.util.concurrent.locks.AbstractQueuedSynchronizer$ConditionObject.awaitNanos(AbstractQueuedSynchronizer.java:2078)&#10;        at org.apache.ratis.util.DataBlockingQueue.poll(DataBlockingQueue.java:137)&#10;        at org.apache.ratis.server.raftlog.segmented.SegmentedRaftLogWorker.run(SegmentedRaftLogWorker.java:282)&#10;        at java.lang.Thread.run(Thread.java:748)&#10;&quot;pool-26-thread-38&quot;  prio=5 tid=270 in Object.wait()&#10;java.lang.Thread.State: WAITING (on object monitor)&#10;        at sun.misc.Unsafe.park(Native Method)&#10;        at java.util.concurrent.locks.LockSupport.park(LockSupport.java:175)&#10;        at java.util.concurrent.locks.AbstractQueuedSynchronizer$ConditionObject.await(AbstractQueuedSynchronizer.java:2039)&#10;        at java.util.concurrent.ArrayBlockingQueue.take(ArrayBlockingQueue.java:403)&#10;        at java.util.concurrent.ThreadPoolExecutor.getTask(ThreadPoolExecutor.java:1074)&#10;        at java.util.concurrent.ThreadPoolExecutor.runWorker(ThreadPoolExecutor.java:1134)&#10;        at java.util.concurrent.ThreadPoolExecutor$Worker.run(ThreadPoolExecutor.java:624)&#10;        at java.lang.Thread.run(Thread.java:748)&#10;&quot;qtp1077873186-90-acceptor-0@69c03e5e-ServerConnector@4d63b624{HTTP/1.1,[http/1.1]}{0.0.0.0:36973}&quot; daemon prio=3 tid=90 runnable&#10;java.lang.Thread.State: RUNNABLE&#10;        at sun.nio.ch.ServerSocketChannelImpl.accept0(Native Method)&#10;        at sun.nio.ch.ServerSocketChannelImpl.accept(ServerSocketChannelImpl.java:422)&#10;        at sun.nio.ch.ServerSocketChannelImpl.accept(ServerSocketChannelImpl.java:250)&#10;        at org.eclipse.jetty.server.ServerConnector.accept(ServerConnector.java:397)&#10;        at org.eclipse.jetty.server.AbstractConnector$Acceptor.run(AbstractConnector.java:601)&#10;        at org.eclipse.jetty.util.thread.QueuedThreadPool.runJob(QueuedThreadPool.java:671)&#10;        at org.eclipse.jetty.util.thread.QueuedThreadPool$2.run(QueuedThreadPool.java:589)&#10;        at java.lang.Thread.run(Thread.java:748)&#10;&quot;4a03179f-3169-4ac7-a075-259968512ef0@group-2D7F127AF803-SegmentedRaftLogWorker&quot;  prio=5 tid=467 timed_waiting&#10;java.lang.Thread.State: TIMED_WAITING&#10;        at sun.misc.Unsafe.park(Native Method)&#10;        at java.util.concurrent.locks.LockSupport.parkNanos(LockSupport.java:215)&#10;        at java.util.concurrent.locks.AbstractQueuedSynchronizer$ConditionObject.awaitNanos(AbstractQueuedSynchronizer.java:2078)&#10;        at org.apache.ratis.util.DataBlockingQueue.poll(DataBlockingQueue.java:137)&#10;        at org.apache.ratis.server.raftlog.segmented.SegmentedRaftLogWorker.run(SegmentedRaftLogWorker.java:282)&#10;        at java.lang.Thread.run(Thread.java:748)&#10;&quot;metrics-hadoop-metrics2-reporter-9-thread-1&quot; daemon prio=5 tid=460 timed_waiting&#10;java.lang.Thread.State: TIMED_WAITING&#10;        at sun.misc.Unsafe.park(Native Method)&#10;        at java.util.concurrent.locks.LockSupport.parkNanos(LockSupport.java:215)&#10;        at java.util.concurrent.locks.AbstractQueuedSynchronizer$ConditionObject.awaitNanos(AbstractQueuedSynchronizer.java:2078)&#10;        at java.util.concurrent.ScheduledThreadPoolExecutor$DelayedWorkQueue.take(ScheduledThreadPoolExecutor.java:1093)&#10;        at java.util.concurrent.ScheduledThreadPoolExecutor$DelayedWorkQueue.take(ScheduledThreadPoolExecutor.java:809)&#10;        at java.util.concurrent.ThreadPoolExecutor.getTask(ThreadPoolExecutor.java:1074)&#10;        at java.util.concurrent.ThreadPoolExecutor.runWorker(ThreadPoolExecutor.java:1134)&#10;        at java.util.concurrent.ThreadPoolExecutor$Worker.run(ThreadPoolExecutor.java:624)&#10;        at java.lang.Thread.run(Thread.java:748)&#10;&quot;surefire-forkedjvm-command-thread&quot; daemon prio=5 tid=8 runnable&#10;java.lang.Thread.State: RUNNABLE&#10;        at java.io.FileInputStream.readBytes(Native Method)&#10;        at java.io.FileInputStream.read(FileInputStream.java:255)&#10;        at java.io.BufferedInputStream.fill(BufferedInputStream.java:246)&#10;        at java.io.BufferedInputStream.read(BufferedInputStream.java:265)&#10;        at java.io.DataInputStream.readInt(DataInputStream.java:387)&#10;        at org.apache.maven.surefire.booter.MasterProcessCommand.decode(MasterProcessCommand.java:115)&#10;        at org.apache.maven.surefire.booter.CommandReader$CommandRunnable.run(CommandReader.java:390)&#10;        at java.lang.Thread.run(Thread.java:748)&#10;&quot;IPC Server handler 1 on 35897&quot; daemon prio=5 tid=115 timed_waiting&#10;java.lang.Thread.State: TIMED_WAITING&#10;        at sun.misc.Unsafe.park(Native Method)&#10;        at java.util.concurrent.locks.LockSupport.parkNanos(LockSupport.java:215)&#10;        at java.util.concurrent.locks.AbstractQueuedSynchronizer$ConditionObject.awaitNanos(AbstractQueuedSynchronizer.java:2078)&#10;        at java.util.concurrent.LinkedBlockingQueue.poll(LinkedBlockingQueue.java:467)&#10;        at org.apache.hadoop.ipc.CallQueueManager.take(CallQueueManager.java:288)&#10;        at org.apache.hadoop.ipc.Server$Handler.run(Server.java:2668)&#10;&quot;metrics-hadoop-metrics2-reporter-20-thread-1&quot; daemon prio=5 tid=494 timed_waiting&#10;java.lang.Thread.State: TIMED_WAITING&#10;        at sun.misc.Unsafe.park(Native Method)&#10;        at java.util.concurrent.locks.LockSupport.parkNanos(LockSupport.java:215)&#10;        at java.util.concurrent.locks.AbstractQueuedSynchronizer$ConditionObject.awaitNanos(AbstractQueuedSynchronizer.java:2078)&#10;        at java.util.concurrent.ScheduledThreadPoolExecutor$DelayedWorkQueue.take(ScheduledThreadPoolExecutor.java:1093)&#10;        at java.util.concurrent.ScheduledThreadPoolExecutor$DelayedWorkQueue.take(ScheduledThreadPoolExecutor.java:809)&#10;        at java.util.concurrent.ThreadPoolExecutor.getTask(ThreadPoolExecutor.java:1074)&#10;        at java.util.concurrent.ThreadPoolExecutor.runWorker(ThreadPoolExecutor.java:1134)&#10;        at java.util.concurrent.ThreadPoolExecutor$Worker.run(ThreadPoolExecutor.java:624)&#10;        at java.lang.Thread.run(Thread.java:748)&#10;&quot;4a03179f-3169-4ac7-a075-259968512ef0@group-2D7F127AF803-StateMachineUpdater&quot; daemon prio=5 tid=468 in Object.wait()&#10;java.lang.Thread.State: WAITING (on object monitor)&#10;        at java.lang.Object.wait(Native Method)&#10;        at java.lang.Object.wait(Object.java:502)&#10;        at org.apache.ratis.server.impl.StateMachineUpdater.waitForCommit(StateMachineUpdater.java:194)&#10;        at org.apache.ratis.server.impl.StateMachineUpdater.run(StateMachineUpdater.java:159)&#10;        at java.lang.Thread.run(Thread.java:748)&#10;&quot;pool-36-thread-47&quot;  prio=5 tid=339 in Object.wait()&#10;java.lang.Thread.State: WAITING (on object monitor)&#10;        at sun.misc.Unsafe.park(Native Method)&#10;        at java.util.concurrent.locks.LockSupport.park(LockSupport.java:175)&#10;        at java.util.concurrent.locks.AbstractQueuedSynchronizer$ConditionObject.await(AbstractQueuedSynchronizer.java:2039)&#10;        at java.util.concurrent.ArrayBlockingQueue.take(ArrayBlockingQueue.java:403)&#10;        at java.util.concurrent.ThreadPoolExecutor.getTask(ThreadPoolExecutor.java:1074)&#10;        at java.util.concurrent.ThreadPoolExecutor.runWorker(ThreadPoolExecutor.java:1134)&#10;        at java.util.concurrent.ThreadPoolExecutor$Worker.run(ThreadPoolExecutor.java:624)&#10;        at java.lang.Thread.run(Thread.java:748)&#10;&quot;BlockDeletingService#3&quot; daemon prio=5 tid=437 in Object.wait()&#10;java.lang.Thread.State: WAITING (on object monitor)&#10;        at sun.misc.Unsafe.park(Native Method)&#10;        at java.util.concurrent.locks.LockSupport.park(LockSupport.java:175)&#10;        at java.util.concurrent.locks.AbstractQueuedSynchronizer$ConditionObject.await(AbstractQueuedSynchronizer.java:2039)&#10;        at java.util.concurrent.ScheduledThreadPoolExecutor$DelayedWorkQueue.take(ScheduledThreadPoolExecutor.java:1088)&#10;        at java.util.concurrent.ScheduledThreadPoolExecutor$DelayedWorkQueue.take(ScheduledThreadPoolExecutor.java:809)&#10;        at java.util.concurrent.ThreadPoolExecutor.getTask(ThreadPoolExecutor.java:1074)&#10;        at java.util.concurrent.ThreadPoolExecutor.runWorker(ThreadPoolExecutor.java:1134)&#10;        at java.util.concurrent.ThreadPoolExecutor$Worker.run(ThreadPoolExecutor.java:624)&#10;        at java.lang.Thread.run(Thread.java:748)&#10;&quot;refreshUsed-/workdir/hadoop-ozone/integration-test/target/test-dir/MiniOzoneClusterImpl-c59fee7e-17c5-4f17-b61a-b44f1b433ee8/datanode-1/data/containers&quot; daemon prio=5 tid=181 timed_waiting&#10;java.lang.Thread.State: TIMED_WAITING&#10;        at java.lang.Thread.sleep(Native Method)&#10;        at org.apache.hadoop.fs.CachingGetSpaceUsed$RefreshThread.run(CachingGetSpaceUsed.java:179)&#10;        at java.lang.Thread.run(Thread.java:748)&#10;&quot;IPC Server handler 0 on 33987&quot; daemon prio=5 tid=29 timed_waiting&#10;java.lang.Thread.State: TIMED_WAITING&#10;        at sun.misc.Unsafe.park(Native Method)&#10;        at java.util.concurrent.locks.LockSupport.parkNanos(LockSupport.java:215)&#10;        at java.util.concurrent.locks.AbstractQueuedSynchronizer$ConditionObject.awaitNanos(AbstractQueuedSynchronizer.java:2078)&#10;        at java.util.concurrent.LinkedBlockingQueue.poll(LinkedBlockingQueue.java:467)&#10;        at org.apache.hadoop.ipc.CallQueueManager.take(CallQueueManager.java:288)&#10;        at org.apache.hadoop.ipc.Server$Handler.run(Server.java:2668)&#10;&quot;metrics-hadoop-metrics2-reporter-8-thread-1&quot; daemon prio=5 tid=458 timed_waiting&#10;java.lang.Thread.State: TIMED_WAITING&#10;        at sun.misc.Unsafe.park(Native Method)&#10;        at java.util.concurrent.locks.LockSupport.parkNanos(LockSupport.java:215)&#10;        at java.util.concurrent.locks.AbstractQueuedSynchronizer$ConditionObject.awaitNanos(AbstractQueuedSynchronizer.java:2078)&#10;        at java.util.concurrent.ScheduledThreadPoolExecutor$DelayedWorkQueue.take(ScheduledThreadPoolExecutor.java:1093)&#10;        at java.util.concurrent.ScheduledThreadPoolExecutor$DelayedWorkQueue.take(ScheduledThreadPoolExecutor.java:809)&#10;        at java.util.concurrent.ThreadPoolExecutor.getTask(ThreadPoolExecutor.java:1074)&#10;        at java.util.concurrent.ThreadPoolExecutor.runWorker(ThreadPoolExecutor.java:1134)&#10;        at java.util.concurrent.ThreadPoolExecutor$Worker.run(ThreadPoolExecutor.java:624)&#10;        at java.lang.Thread.run(Thread.java:748)&#10;&quot;grpc-default-executor-5&quot; daemon prio=5 tid=547 timed_waiting&#10;java.lang.Thread.State: TIMED_WAITING&#10;        at sun.misc.Unsafe.park(Native Method)&#10;        at java.util.concurrent.locks.LockSupport.parkNanos(LockSupport.java:215)&#10;        at java.util.concurrent.SynchronousQueue$TransferStack.awaitFulfill(SynchronousQueue.java:460)&#10;        at java.util.concurrent.SynchronousQueue$TransferStack.transfer(SynchronousQueue.java:362)&#10;        at java.util.concurrent.SynchronousQueue.poll(SynchronousQueue.java:941)&#10;        at java.util.concurrent.ThreadPoolExecutor.getTask(ThreadPoolExecutor.java:1073)&#10;        at java.util.concurrent.ThreadPoolExecutor.runWorker(ThreadPoolExecutor.java:1134)&#10;        at java.util.concurrent.ThreadPoolExecutor$Worker.run(ThreadPoolExecutor.java:624)&#10;        at java.lang.Thread.run(Thread.java:748)&#10;&quot;pool-46-thread-41&quot;  prio=5 tid=393 in Object.wait()&#10;java.lang.Thread.State: WAITING (on object monitor)&#10;        at sun.misc.Unsafe.park(Native Method)&#10;        at java.util.concurrent.locks.LockSupport.park(LockSupport.java:175)&#10;        at java.util.concurrent.locks.AbstractQueuedSynchronizer$ConditionObject.await(AbstractQueuedSynchronizer.java:2039)&#10;        at java.util.concurrent.ArrayBlockingQueue.take(ArrayBlockingQueue.java:403)&#10;        at java.util.concurrent.ThreadPoolExecutor.getTask(ThreadPoolExecutor.java:1074)&#10;        at java.util.concurrent.ThreadPoolExecutor.runWorker(ThreadPoolExecutor.java:1134)&#10;        at java.util.concurrent.ThreadPoolExecutor$Worker.run(ThreadPoolExecutor.java:624)&#10;        at java.lang.Thread.run(Thread.java:748)&#10;&quot;IPC Server idle connection scanner for port 40661&quot; daemon prio=5 tid=20 timed_waiting&#10;java.lang.Thread.State: TIMED_WAITING&#10;        at java.lang.Object.wait(Native Method)&#10;        at java.util.TimerThread.mainLoop(Timer.java:552)&#10;        at java.util.TimerThread.run(Timer.java:505)&#10;&quot;pool-36-thread-35&quot;  prio=5 tid=327 in Object.wait()&#10;java.lang.Thread.State: WAITING (on object monitor)&#10;        at sun.misc.Unsafe.park(Native Method)&#10;        at java.util.concurrent.locks.LockSupport.park(LockSupport.java:175)&#10;        at java.util.concurrent.locks.AbstractQueuedSynchronizer$ConditionObject.await(AbstractQueuedSynchronizer.java:2039)&#10;        at java.util.concurrent.ArrayBlockingQueue.take(ArrayBlockingQueue.java:403)&#10;        at java.util.concurrent.ThreadPoolExecutor.getTask(ThreadPoolExecutor.java:1074)&#10;        at java.util.concurrent.ThreadPoolExecutor.runWorker(ThreadPoolExecutor.java:1134)&#10;        at java.util.concurrent.ThreadPoolExecutor$Worker.run(ThreadPoolExecutor.java:624)&#10;        at java.lang.Thread.run(Thread.java:748)&#10;&quot;IPC Server handler 14 on 40661&quot; daemon prio=5 tid=63 timed_waiting&#10;java.lang.Thread.State: TIMED_WAITING&#10;        at sun.misc.Unsafe.park(Native Method)&#10;        at java.util.concurrent.locks.LockSupport.parkNanos(LockSupport.java:215)&#10;        at java.util.concurrent.locks.AbstractQueuedSynchronizer$ConditionObject.awaitNanos(AbstractQueuedSynchronizer.java:2078)&#10;        at java.util.concurrent.LinkedBlockingQueue.poll(LinkedBlockingQueue.java:467)&#10;        at org.apache.hadoop.ipc.CallQueueManager.take(CallQueueManager.java:288)&#10;        at org.apache.hadoop.ipc.Server$Handler.run(Server.java:2668)&#10;&quot;IPC Server handler 18 on 40661&quot; daemon prio=5 tid=67 timed_waiting&#10;java.lang.Thread.State: TIMED_WAITING&#10;        at sun.misc.Unsafe.park(Native Method)&#10;        at java.util.concurrent.locks.LockSupport.parkNanos(LockSupport.java:215)&#10;        at java.util.concurrent.locks.AbstractQueuedSynchronizer$ConditionObject.awaitNanos(AbstractQueuedSynchronizer.java:2078)&#10;        at java.util.concurrent.LinkedBlockingQueue.poll(LinkedBlockingQueue.java:467)&#10;        at org.apache.hadoop.ipc.CallQueueManager.take(CallQueueManager.java:288)&#10;        at org.apache.hadoop.ipc.Server$Handler.run(Server.java:2668)&#10;&quot;qtp1536399059-186&quot; daemon prio=5 tid=186 runnable&#10;java.lang.Thread.State: RUNNABLE&#10;        at sun.nio.ch.EPollArrayWrapper.epollWait(Native Method)&#10;        at sun.nio.ch.EPollArrayWrapper.poll(EPollArrayWrapper.java:269)&#10;        at sun.nio.ch.EPollSelectorImpl.doSelect(EPollSelectorImpl.java:93)&#10;        at sun.nio.ch.SelectorImpl.lockAndDoSelect(SelectorImpl.java:86)&#10;        at sun.nio.ch.SelectorImpl.select(SelectorImpl.java:97)&#10;        at sun.nio.ch.SelectorImpl.select(SelectorImpl.java:101)&#10;        at org.eclipse.jetty.io.ManagedSelector$SelectorProducer.select(ManagedSelector.java:243)&#10;        at org.eclipse.jetty.io.ManagedSelector$SelectorProducer.produce(ManagedSelector.java:191)&#10;        at org.eclipse.jetty.util.thread.strategy.ExecuteProduceConsume.executeProduceConsume(ExecuteProduceConsume.java:249)&#10;        at org.eclipse.jetty.util.thread.strategy.ExecuteProduceConsume.produceConsume(ExecuteProduceConsume.java:148)&#10;        at org.eclipse.jetty.util.thread.strategy.ExecuteProduceConsume.execute(ExecuteProduceConsume.java:100)&#10;        at org.eclipse.jetty.io.ManagedSelector.run(ManagedSelector.java:147)&#10;        at org.eclipse.jetty.util.thread.QueuedThreadPool.runJob(QueuedThreadPool.java:671)&#10;        at org.eclipse.jetty.util.thread.QueuedThreadPool$2.run(QueuedThreadPool.java:589)&#10;        at java.lang.Thread.run(Thread.java:748)&#10;&quot;pool-26-thread-32&quot;  prio=5 tid=264 in Object.wait()&#10;java.lang.Thread.State: WAITING (on object monitor)&#10;        at sun.misc.Unsafe.park(Native Method)&#10;        at java.util.concurrent.locks.LockSupport.park(LockSupport.java:175)&#10;        at java.util.concurrent.locks.AbstractQueuedSynchronizer$ConditionObject.await(AbstractQueuedSynchronizer.java:2039)&#10;        at java.util.concurrent.ArrayBlockingQueue.take(ArrayBlockingQueue.java:403)&#10;        at java.util.concurrent.ThreadPoolExecutor.getTask(ThreadPoolExecutor.java:1074)&#10;        at java.util.concurrent.ThreadPoolExecutor.runWorker(ThreadPoolExecutor.java:1134)&#10;        at java.util.concurrent.ThreadPoolExecutor$Worker.run(ThreadPoolExecutor.java:624)&#10;        at java.lang.Thread.run(Thread.java:748)&#10;&quot;pool-26-thread-17&quot;  prio=5 tid=249 in Object.wait()&#10;java.lang.Thread.State: WAITING (on object monitor)&#10;        at sun.misc.Unsafe.park(Native Method)&#10;        at java.util.concurrent.locks.LockSupport.park(LockSupport.java:175)&#10;        at java.util.concurrent.locks.AbstractQueuedSynchronizer$ConditionObject.await(AbstractQueuedSynchronizer.java:2039)&#10;        at java.util.concurrent.ArrayBlockingQueue.take(ArrayBlockingQueue.java:403)&#10;        at java.util.concurrent.ThreadPoolExecutor.getTask(ThreadPoolExecutor.java:1074)&#10;        at java.util.concurrent.ThreadPoolExecutor.runWorker(ThreadPoolExecutor.java:1134)&#10;        at java.util.concurrent.ThreadPoolExecutor$Worker.run(ThreadPoolExecutor.java:624)&#10;        at java.lang.Thread.run(Thread.java:748)&#10;&quot;IPC Server handler 2 on 33987&quot; daemon prio=5 tid=31 timed_waiting&#10;java.lang.Thread.State: TIMED_WAITING&#10;        at sun.misc.Unsafe.park(Native Method)&#10;        at java.util.concurrent.locks.LockSupport.parkNanos(LockSupport.java:215)&#10;        at java.util.concurrent.locks.AbstractQueuedSynchronizer$ConditionObject.awaitNanos(AbstractQueuedSynchronizer.java:2078)&#10;        at java.util.concurrent.LinkedBlockingQueue.poll(LinkedBlockingQueue.java:467)&#10;        at org.apache.hadoop.ipc.CallQueueManager.take(CallQueueManager.java:288)&#10;        at org.apache.hadoop.ipc.Server$Handler.run(Server.java:2668)&#10;&quot;Periodic HDDS volume checker&quot;  prio=5 tid=178 timed_waiting&#10;java.lang.Thread.State: TIMED_WAITING&#10;        at sun.misc.Unsafe.park(Native Method)&#10;        at java.util.concurrent.locks.LockSupport.parkNanos(LockSupport.java:215)&#10;        at java.util.concurrent.locks.AbstractQueuedSynchronizer$ConditionObject.awaitNanos(AbstractQueuedSynchronizer.java:2078)&#10;        at java.util.concurrent.ScheduledThreadPoolExecutor$DelayedWorkQueue.take(ScheduledThreadPoolExecutor.java:1093)&#10;        at java.util.concurrent.ScheduledThreadPoolExecutor$DelayedWorkQueue.take(ScheduledThreadPoolExecutor.java:809)&#10;        at java.util.concurrent.ThreadPoolExecutor.getTask(ThreadPoolExecutor.java:1074)&#10;        at java.util.concurrent.ThreadPoolExecutor.runWorker(ThreadPoolExecutor.java:1134)&#10;        at java.util.concurrent.ThreadPoolExecutor$Worker.run(ThreadPoolExecutor.java:624)&#10;        at java.lang.Thread.run(Thread.java:748)&#10;&quot;IPC Server listener on 34353&quot; daemon prio=5 tid=14 runnable&#10;java.lang.Thread.State: RUNNABLE&#10;        at sun.nio.ch.EPollArrayWrapper.epollWait(Native Method)&#10;        at sun.nio.ch.EPollArrayWrapper.poll(EPollArrayWrapper.java:269)&#10;        at sun.nio.ch.EPollSelectorImpl.doSelect(EPollSelectorImpl.java:93)&#10;        at sun.nio.ch.SelectorImpl.lockAndDoSelect(SelectorImpl.java:86)&#10;        at sun.nio.ch.SelectorImpl.select(SelectorImpl.java:97)&#10;        at sun.nio.ch.SelectorImpl.select(SelectorImpl.java:101)&#10;        at org.apache.hadoop.ipc.Server$Listener.run(Server.java:1159)&#10;&quot;Datanode ReportManager Thread - 1&quot; daemon prio=5 tid=172 in Object.wait()&#10;java.lang.Thread.State: WAITING (on object monitor)&#10;        at sun.misc.Unsafe.park(Native Method)&#10;        at java.util.concurrent.locks.LockSupport.park(LockSupport.java:175)&#10;        at java.util.concurrent.locks.AbstractQueuedSynchronizer$ConditionObject.await(AbstractQueuedSynchronizer.java:2039)&#10;        at java.util.concurrent.ScheduledThreadPoolExecutor$DelayedWorkQueue.take(ScheduledThreadPoolExecutor.java:1088)&#10;        at java.util.concurrent.ScheduledThreadPoolExecutor$DelayedWorkQueue.take(ScheduledThreadPoolExecutor.java:809)&#10;        at java.util.concurrent.ThreadPoolExecutor.getTask(ThreadPoolExecutor.java:1074)&#10;        at java.util.concurrent.ThreadPoolExecutor.runWorker(ThreadPoolExecutor.java:1134)&#10;        at java.util.concurrent.ThreadPoolExecutor$Worker.run(ThreadPoolExecutor.java:624)&#10;        at java.lang.Thread.run(Thread.java:748)&#10;&quot;pool-36-thread-18&quot;  prio=5 tid=310 in Object.wait()&#10;java.lang.Thread.State: WAITING (on object monitor)&#10;        at sun.misc.Unsafe.park(Native Method)&#10;        at java.util.concurrent.locks.LockSupport.park(LockSupport.java:175)&#10;        at java.util.concurrent.locks.AbstractQueuedSynchronizer$ConditionObject.await(AbstractQueuedSynchronizer.java:2039)&#10;        at java.util.concurrent.ArrayBlockingQueue.take(ArrayBlockingQueue.java:403)&#10;        at java.util.concurrent.ThreadPoolExecutor.getTask(ThreadPoolExecutor.java:1074)&#10;        at java.util.concurrent.ThreadPoolExecutor.runWorker(ThreadPoolExecutor.java:1134)&#10;        at java.util.concurrent.ThreadPoolExecutor$Worker.run(ThreadPoolExecutor.java:624)&#10;        at java.lang.Thread.run(Thread.java:748)&#10;&quot;grpc-default-worker-ELG-3-4&quot; daemon prio=5 tid=439 runnable&#10;java.lang.Thread.State: RUNNABLE&#10;        at sun.nio.ch.EPollArrayWrapper.epollWait(Native Method)&#10;        at sun.nio.ch.EPollArrayWrapper.poll(EPollArrayWrapper.java:269)&#10;        at sun.nio.ch.EPollSelectorImpl.doSelect(EPollSelectorImpl.java:93)&#10;        at sun.nio.ch.SelectorImpl.lockAndDoSelect(SelectorImpl.java:86)&#10;        at sun.nio.ch.SelectorImpl.select(SelectorImpl.java:97)&#10;        at org.apache.ratis.thirdparty.io.netty.channel.nio.SelectedSelectionKeySetSelector.select(SelectedSelectionKeySetSelector.java:62)&#10;        at org.apache.ratis.thirdparty.io.netty.channel.nio.NioEventLoop.select(NioEventLoop.java:753)&#10;        at org.apache.ratis.thirdparty.io.netty.channel.nio.NioEventLoop.run(NioEventLoop.java:408)&#10;        at org.apache.ratis.thirdparty.io.netty.util.concurrent.SingleThreadEventExecutor$5.run(SingleThreadEventExecutor.java:897)&#10;        at org.apache.ratis.thirdparty.io.netty.util.concurrent.FastThreadLocalRunnable.run(FastThreadLocalRunnable.java:30)&#10;        at java.lang.Thread.run(Thread.java:748)&#10;&quot;org.eclipse.jetty.server.session.HashSessionManager@60bbacfcTimer&quot; daemon prio=5 tid=222 timed_waiting&#10;java.lang.Thread.State: TIMED_WAITING&#10;        at sun.misc.Unsafe.park(Native Method)&#10;        at java.util.concurrent.locks.LockSupport.parkNanos(LockSupport.java:215)&#10;        at java.util.concurrent.locks.AbstractQueuedSynchronizer$ConditionObject.awaitNanos(AbstractQueuedSynchronizer.java:2078)&#10;        at java.util.concurrent.ScheduledThreadPoolExecutor$DelayedWorkQueue.take(ScheduledThreadPoolExecutor.java:1093)&#10;        at java.util.concurrent.ScheduledThreadPoolExecutor$DelayedWorkQueue.take(ScheduledThreadPoolExecutor.java:809)&#10;        at java.util.concurrent.ThreadPoolExecutor.getTask(ThreadPoolExecutor.java:1074)&#10;        at java.util.concurrent.ThreadPoolExecutor.runWorker(ThreadPoolExecutor.java:1134)&#10;        at java.util.concurrent.ThreadPoolExecutor$Worker.run(ThreadPoolExecutor.java:624)&#10;        at java.lang.Thread.run(Thread.java:748)&#10;&quot;IPC Server handler 11 on 34353&quot; daemon prio=5 tid=80 timed_waiting&#10;java.lang.Thread.State: TIMED_WAITING&#10;        at sun.misc.Unsafe.park(Native Method)&#10;        at java.util.concurrent.locks.LockSupport.parkNanos(LockSupport.java:215)&#10;        at java.util.concurrent.locks.AbstractQueuedSynchronizer$ConditionObject.awaitNanos(AbstractQueuedSynchronizer.java:2078)&#10;        at java.util.concurrent.LinkedBlockingQueue.poll(LinkedBlockingQueue.java:467)&#10;        at org.apache.hadoop.ipc.CallQueueManager.take(CallQueueManager.java:288)&#10;        at org.apache.hadoop.ipc.Server$Handler.run(Server.java:2668)&#10;&quot;0aa3649f-570d-46c6-937f-492d7f3a8364@group-360612460FAC-StateMachineUpdater&quot; daemon prio=5 tid=443 in Object.wait()&#10;java.lang.Thread.State: WAITING (on object monitor)&#10;        at java.lang.Object.wait(Native Method)&#10;        at java.lang.Object.wait(Object.java:502)&#10;        at org.apache.ratis.server.impl.StateMachineUpdater.waitForCommit(StateMachineUpdater.java:194)&#10;        at org.apache.ratis.server.impl.StateMachineUpdater.run(StateMachineUpdater.java:159)&#10;        at java.lang.Thread.run(Thread.java:748)&#10;&quot;org.apache.hadoop.util.JvmPauseMonitor$Monitor@251ba11&quot; daemon prio=5 tid=176 timed_waiting&#10;java.lang.Thread.State: TIMED_WAITING&#10;        at java.lang.Thread.sleep(Native Method)&#10;        at org.apache.hadoop.util.JvmPauseMonitor$Monitor.run(JvmPauseMonitor.java:192)&#10;        at java.lang.Thread.run(Thread.java:748)&#10;&quot;BlockDeletingService#7&quot; daemon prio=5 tid=718 in Object.wait()&#10;java.lang.Thread.State: WAITING (on object monitor)&#10;        at sun.misc.Unsafe.park(Native Method)&#10;        at java.util.concurrent.locks.LockSupport.park(LockSupport.java:175)&#10;        at java.util.concurrent.locks.AbstractQueuedSynchronizer$ConditionObject.await(AbstractQueuedSynchronizer.java:2039)&#10;        at java.util.concurrent.ScheduledThreadPoolExecutor$DelayedWorkQueue.take(ScheduledThreadPoolExecutor.java:1088)&#10;        at java.util.concurrent.ScheduledThreadPoolExecutor$DelayedWorkQueue.take(ScheduledThreadPoolExecutor.java:809)&#10;        at java.util.concurrent.ThreadPoolExecutor.getTask(ThreadPoolExecutor.java:1074)&#10;        at java.util.concurrent.ThreadPoolExecutor.runWorker(ThreadPoolExecutor.java:1134)&#10;        at java.util.concurrent.ThreadPoolExecutor$Worker.run(ThreadPoolExecutor.java:624)&#10;        at java.lang.Thread.run(Thread.java:748)&#10;&quot;grpc-default-executor-0&quot; daemon prio=5 tid=433 timed_waiting&#10;java.lang.Thread.State: TIMED_WAITING&#10;        at sun.misc.Unsafe.park(Native Method)&#10;        at java.util.concurrent.locks.LockSupport.parkNanos(LockSupport.java:215)&#10;        at java.util.concurrent.SynchronousQueue$TransferStack.awaitFulfill(SynchronousQueue.java:460)&#10;        at java.util.concurrent.SynchronousQueue$TransferStack.transfer(SynchronousQueue.java:362)&#10;        at java.util.concurrent.SynchronousQueue.poll(SynchronousQueue.java:941)&#10;        at java.util.concurrent.ThreadPoolExecutor.getTask(ThreadPoolExecutor.java:1073)&#10;        at java.util.concurrent.ThreadPoolExecutor.runWorker(ThreadPoolExecutor.java:1134)&#10;        at java.util.concurrent.ThreadPoolExecutor$Worker.run(ThreadPoolExecutor.java:624)&#10;        at java.lang.Thread.run(Thread.java:748)&#10;&quot;pool-26-thread-27&quot;  prio=5 tid=259 in Object.wait()&#10;java.lang.Thread.State: WAITING (on object monitor)&#10;        at sun.misc.Unsafe.park(Native Method)&#10;        at java.util.concurrent.locks.LockSupport.park(LockSupport.java:175)&#10;        at java.util.concurrent.locks.AbstractQueuedSynchronizer$ConditionObject.await(AbstractQueuedSynchronizer.java:2039)&#10;        at java.util.concurrent.ArrayBlockingQueue.take(ArrayBlockingQueue.java:403)&#10;        at java.util.concurrent.ThreadPoolExecutor.getTask(ThreadPoolExecutor.java:1074)&#10;        at java.util.concurrent.ThreadPoolExecutor.runWorker(ThreadPoolExecutor.java:1134)&#10;        at java.util.concurrent.ThreadPoolExecutor$Worker.run(ThreadPoolExecutor.java:624)&#10;        at java.lang.Thread.run(Thread.java:748)&#10;&quot;pool-47-thread-1&quot;  prio=5 tid=452 in Object.wait()&#10;java.lang.Thread.State: WAITING (on object monitor)&#10;        at sun.misc.Unsafe.park(Native Method)&#10;        at java.util.concurrent.locks.LockSupport.park(LockSupport.java:175)&#10;        at java.util.concurrent.locks.AbstractQueuedSynchronizer$ConditionObject.await(AbstractQueuedSynchronizer.java:2039)&#10;        at java.util.concurrent.LinkedBlockingQueue.take(LinkedBlockingQueue.java:442)&#10;        at java.util.concurrent.ThreadPoolExecutor.getTask(ThreadPoolExecutor.java:1074)&#10;        at java.util.concurrent.ThreadPoolExecutor.runWorker(ThreadPoolExecutor.java:1134)&#10;        at java.util.concurrent.ThreadPoolExecutor$Worker.run(ThreadPoolExecutor.java:624)&#10;        at java.lang.Thread.run(Thread.java:748)&#10;&quot;0aa3649f-570d-46c6-937f-492d7f3a8364@group-360612460FAC-SegmentedRaftLogWorker&quot;  prio=5 tid=442 timed_waiting&#10;java.lang.Thread.State: TIMED_WAITING&#10;        at sun.misc.Unsafe.park(Native Method)&#10;        at java.util.concurrent.locks.LockSupport.parkNanos(LockSupport.java:215)&#10;        at java.util.concurrent.locks.AbstractQueuedSynchronizer$ConditionObject.awaitNanos(AbstractQueuedSynchronizer.java:2078)&#10;        at org.apache.ratis.util.DataBlockingQueue.poll(DataBlockingQueue.java:137)&#10;        at org.apache.ratis.server.raftlog.segmented.SegmentedRaftLogWorker.run(SegmentedRaftLogWorker.java:282)&#10;        at java.lang.Thread.run(Thread.java:748)&#10;&quot;qtp520082748-213&quot; daemon prio=5 tid=213 runnable&#10;java.lang.Thread.State: RUNNABLE&#10;        at sun.nio.ch.EPollArrayWrapper.epollWait(Native Method)&#10;        at sun.nio.ch.EPollArrayWrapper.poll(EPollArrayWrapper.java:269)&#10;        at sun.nio.ch.EPollSelectorImpl.doSelect(EPollSelectorImpl.java:93)&#10;        at sun.nio.ch.SelectorImpl.lockAndDoSelect(SelectorImpl.java:86)&#10;        at sun.nio.ch.SelectorImpl.select(SelectorImpl.java:97)&#10;        at sun.nio.ch.SelectorImpl.select(SelectorImpl.java:101)&#10;        at org.eclipse.jetty.io.ManagedSelector$SelectorProducer.select(ManagedSelector.java:243)&#10;        at org.eclipse.jetty.io.ManagedSelector$SelectorProducer.produce(ManagedSelector.java:191)&#10;        at org.eclipse.jetty.util.thread.strategy.ExecuteProduceConsume.executeProduceConsume(ExecuteProduceConsume.java:249)&#10;        at org.eclipse.jetty.util.thread.strategy.ExecuteProduceConsume.produceConsume(ExecuteProduceConsume.java:148)&#10;        at org.eclipse.jetty.util.thread.strategy.ExecuteProduceConsume.execute(ExecuteProduceConsume.java:100)&#10;        at org.eclipse.jetty.io.ManagedSelector.run(ManagedSelector.java:147)&#10;        at org.eclipse.jetty.util.thread.QueuedThreadPool.runJob(QueuedThreadPool.java:671)&#10;        at org.eclipse.jetty.util.thread.QueuedThreadPool$2.run(QueuedThreadPool.java:589)&#10;        at java.lang.Thread.run(Thread.java:748)&#10;&quot;IPC Server handler 6 on 35897&quot; daemon prio=5 tid=121 timed_waiting&#10;java.lang.Thread.State: TIMED_WAITING&#10;        at sun.misc.Unsafe.park(Native Method)&#10;        at java.util.concurrent.locks.LockSupport.parkNanos(LockSupport.java:215)&#10;        at java.util.concurrent.locks.AbstractQueuedSynchronizer$ConditionObject.awaitNanos(AbstractQueuedSynchronizer.java:2078)&#10;        at java.util.concurrent.LinkedBlockingQueue.poll(LinkedBlockingQueue.java:467)&#10;        at org.apache.hadoop.ipc.CallQueueManager.take(CallQueueManager.java:288)&#10;        at org.apache.hadoop.ipc.Server$Handler.run(Server.java:2668)&#10;&quot;IPC Server handler 9 on 35897&quot; daemon prio=5 tid=124 timed_waiting&#10;java.lang.Thread.State: TIMED_WAITING&#10;        at sun.misc.Unsafe.park(Native Method)&#10;        at java.util.concurrent.locks.LockSupport.parkNanos(LockSupport.java:215)&#10;        at java.util.concurrent.locks.AbstractQueuedSynchronizer$ConditionObject.awaitNanos(AbstractQueuedSynchronizer.java:2078)&#10;        at java.util.concurrent.LinkedBlockingQueue.poll(LinkedBlockingQueue.java:467)&#10;        at org.apache.hadoop.ipc.CallQueueManager.take(CallQueueManager.java:288)&#10;        at org.apache.hadoop.ipc.Server$Handler.run(Server.java:2668)&#10;&quot;org.eclipse.jetty.server.session.HashSessionManager@26c47874Timer&quot; daemon prio=5 tid=221 timed_waiting&#10;java.lang.Thread.State: TIMED_WAITING&#10;        at sun.misc.Unsafe.park(Native Method)&#10;        at java.util.concurrent.locks.LockSupport.parkNanos(LockSupport.java:215)&#10;        at java.util.concurrent.locks.AbstractQueuedSynchronizer$ConditionObject.awaitNanos(AbstractQueuedSynchronizer.java:2078)&#10;        at java.util.concurrent.ScheduledThreadPoolExecutor$DelayedWorkQueue.take(ScheduledThreadPoolExecutor.java:1093)&#10;        at java.util.concurrent.ScheduledThreadPoolExecutor$DelayedWorkQueue.take(ScheduledThreadPoolExecutor.java:809)&#10;        at java.util.concurrent.ThreadPoolExecutor.getTask(ThreadPoolExecutor.java:1074)&#10;        at java.util.concurrent.ThreadPoolExecutor.runWorker(ThreadPoolExecutor.java:1134)&#10;        at java.util.concurrent.ThreadPoolExecutor$Worker.run(ThreadPoolExecutor.java:624)&#10;        at java.lang.Thread.run(Thread.java:748)&#10;&quot;BlockDeletingService#8&quot; daemon prio=5 tid=750 in Object.wait()&#10;java.lang.Thread.State: WAITING (on object monitor)&#10;        at sun.misc.Unsafe.park(Native Method)&#10;        at java.util.concurrent.locks.LockSupport.park(LockSupport.java:175)&#10;        at java.util.concurrent.locks.AbstractQueuedSynchronizer$ConditionObject.await(AbstractQueuedSynchronizer.java:2039)&#10;        at java.util.concurrent.ScheduledThreadPoolExecutor$DelayedWorkQueue.take(ScheduledThreadPoolExecutor.java:1088)&#10;        at java.util.concurrent.ScheduledThreadPoolExecutor$DelayedWorkQueue.take(ScheduledThreadPoolExecutor.java:809)&#10;        at java.util.concurrent.ThreadPoolExecutor.getTask(ThreadPoolExecutor.java:1074)&#10;        at java.util.concurrent.ThreadPoolExecutor.runWorker(ThreadPoolExecutor.java:1134)&#10;        at java.util.concurrent.ThreadPoolExecutor$Worker.run(ThreadPoolExecutor.java:624)&#10;        at java.lang.Thread.run(Thread.java:748)&#10;&quot;pool-36-thread-39&quot;  prio=5 tid=331 in Object.wait()&#10;java.lang.Thread.State: WAITING (on object monitor)&#10;        at sun.misc.Unsafe.park(Native Method)&#10;        at java.util.concurrent.locks.LockSupport.park(LockSupport.java:175)&#10;        at java.util.concurrent.locks.AbstractQueuedSynchronizer$ConditionObject.await(AbstractQueuedSynchronizer.java:2039)&#10;        at java.util.concurrent.ArrayBlockingQueue.take(ArrayBlockingQueue.java:403)&#10;        at java.util.concurrent.ThreadPoolExecutor.getTask(ThreadPoolExecutor.java:1074)&#10;        at java.util.concurrent.ThreadPoolExecutor.runWorker(ThreadPoolExecutor.java:1134)&#10;        at java.util.concurrent.ThreadPoolExecutor$Worker.run(ThreadPoolExecutor.java:624)&#10;        at java.lang.Thread.run(Thread.java:748)&#10;&quot;Datanode ReportManager Thread - 0&quot; daemon prio=5 tid=198 in Object.wait()&#10;java.lang.Thread.State: WAITING (on object monitor)&#10;        at sun.misc.Unsafe.park(Native Method)&#10;        at java.util.concurrent.locks.LockSupport.park(LockSupport.java:175)&#10;        at java.util.concurrent.locks.AbstractQueuedSynchronizer$ConditionObject.await(AbstractQueuedSynchronizer.java:2039)&#10;        at java.util.concurrent.ScheduledThreadPoolExecutor$DelayedWorkQueue.take(ScheduledThreadPoolExecutor.java:1088)&#10;        at java.util.concurrent.ScheduledThreadPoolExecutor$DelayedWorkQueue.take(ScheduledThreadPoolExecutor.java:809)&#10;        at java.util.concurrent.ThreadPoolExecutor.getTask(ThreadPoolExecutor.java:1074)&#10;        at java.util.concurrent.ThreadPoolExecutor.runWorker(ThreadPoolExecutor.java:1134)&#10;        at java.util.concurrent.ThreadPoolExecutor$Worker.run(ThreadPoolExecutor.java:624)&#10;        at java.lang.Thread.run(Thread.java:748)&#10;&quot;pool-46-thread-15&quot;  prio=5 tid=367 in Object.wait()&#10;java.lang.Thread.State: WAITING (on object monitor)&#10;        at sun.misc.Unsafe.park(Native Method)&#10;        at java.util.concurrent.locks.LockSupport.park(LockSupport.java:175)&#10;        at java.util.concurrent.locks.AbstractQueuedSynchronizer$ConditionObject.await(AbstractQueuedSynchronizer.java:2039)&#10;        at java.util.concurrent.ArrayBlockingQueue.take(ArrayBlockingQueue.java:403)&#10;        at java.util.concurrent.ThreadPoolExecutor.getTask(ThreadPoolExecutor.java:1074)&#10;        at java.util.concurrent.ThreadPoolExecutor.runWorker(ThreadPoolExecutor.java:1134)&#10;        at java.util.concurrent.ThreadPoolExecutor$Worker.run(ThreadPoolExecutor.java:624)&#10;        at java.lang.Thread.run(Thread.java:748)&#10;&quot;IPC Server handler 5 on 33987&quot; daemon prio=5 tid=34 timed_waiting&#10;java.lang.Thread.State: TIMED_WAITING&#10;        at sun.misc.Unsafe.park(Native Method)&#10;        at java.util.concurrent.locks.LockSupport.parkNanos(LockSupport.java:215)&#10;        at java.util.concurrent.locks.AbstractQueuedSynchronizer$ConditionObject.awaitNanos(AbstractQueuedSynchronizer.java:2078)&#10;        at java.util.concurrent.LinkedBlockingQueue.poll(LinkedBlockingQueue.java:467)&#10;        at org.apache.hadoop.ipc.CallQueueManager.take(CallQueueManager.java:288)&#10;        at org.apache.hadoop.ipc.Server$Handler.run(Server.java:2668)&#10;&quot;qtp1471800355-137-acceptor-0@58b1d69b-ServerConnector@1bcb79c2{HTTP/1.1,[http/1.1]}{0.0.0.0:39393}&quot; daemon prio=3 tid=137 runnable&#10;java.lang.Thread.State: RUNNABLE&#10;        at sun.nio.ch.ServerSocketChannelImpl.accept0(Native Method)&#10;        at sun.nio.ch.ServerSocketChannelImpl.accept(ServerSocketChannelImpl.java:422)&#10;        at sun.nio.ch.ServerSocketChannelImpl.accept(ServerSocketChannelImpl.java:250)&#10;        at org.eclipse.jetty.server.ServerConnector.accept(ServerConnector.java:397)&#10;        at org.eclipse.jetty.server.AbstractConnector$Acceptor.run(AbstractConnector.java:601)&#10;        at org.eclipse.jetty.util.thread.QueuedThreadPool.runJob(QueuedThreadPool.java:671)&#10;        at org.eclipse.jetty.util.thread.QueuedThreadPool$2.run(QueuedThreadPool.java:589)&#10;        at java.lang.Thread.run(Thread.java:748)&#10;&quot;pool-46-thread-11&quot;  prio=5 tid=363 in Object.wait()&#10;java.lang.Thread.State: WAITING (on object monitor)&#10;        at sun.misc.Unsafe.park(Native Method)&#10;        at java.util.concurrent.locks.LockSupport.park(LockSupport.java:175)&#10;        at java.util.concurrent.locks.AbstractQueuedSynchronizer$ConditionObject.await(AbstractQueuedSynchronizer.java:2039)&#10;        at java.util.concurrent.ArrayBlockingQueue.take(ArrayBlockingQueue.java:403)&#10;        at java.util.concurrent.ThreadPoolExecutor.getTask(ThreadPoolExecutor.java:1074)&#10;        at java.util.concurrent.ThreadPoolExecutor.runWorker(ThreadPoolExecutor.java:1134)&#10;        at java.util.concurrent.ThreadPoolExecutor$Worker.run(ThreadPoolExecutor.java:624)&#10;        at java.lang.Thread.run(Thread.java:748)&#10;&quot;org.apache.hadoop.util.JvmPauseMonitor$Monitor@6fa05773&quot; daemon prio=5 tid=230 timed_waiting&#10;java.lang.Thread.State: TIMED_WAITING&#10;        at java.lang.Thread.sleep(Native Method)&#10;        at org.apache.hadoop.util.JvmPauseMonitor$Monitor.run(JvmPauseMonitor.java:192)&#10;        at java.lang.Thread.run(Thread.java:748)&#10;&quot;BlockDeletingService#8&quot; daemon prio=5 tid=749 in Object.wait()&#10;java.lang.Thread.State: WAITING (on object monitor)&#10;        at sun.misc.Unsafe.park(Native Method)&#10;        at java.util.concurrent.locks.LockSupport.park(LockSupport.java:175)&#10;        at java.util.concurrent.locks.AbstractQueuedSynchronizer$ConditionObject.await(AbstractQueuedSynchronizer.java:2039)&#10;        at java.util.concurrent.ScheduledThreadPoolExecutor$DelayedWorkQueue.take(ScheduledThreadPoolExecutor.java:1088)&#10;        at java.util.concurrent.ScheduledThreadPoolExecutor$DelayedWorkQueue.take(ScheduledThreadPoolExecutor.java:809)&#10;        at java.util.concurrent.ThreadPoolExecutor.getTask(ThreadPoolExecutor.java:1074)&#10;        at java.util.concurrent.ThreadPoolExecutor.runWorker(ThreadPoolExecutor.java:1134)&#10;        at java.util.concurrent.ThreadPoolExecutor$Worker.run(ThreadPoolExecutor.java:624)&#10;        at java.lang.Thread.run(Thread.java:748)&#10;&quot;EventQueue-NodeRegistrationContainerReportForDataNodeSafeModeRule&quot; daemon prio=5 tid=426 in Object.wait()&#10;java.lang.Thread.State: WAITING (on object monitor)&#10;        at sun.misc.Unsafe.park(Native Method)&#10;        at java.util.concurrent.locks.LockSupport.park(LockSupport.java:175)&#10;        at java.util.concurrent.locks.AbstractQueuedSynchronizer$ConditionObject.await(AbstractQueuedSynchronizer.java:2039)&#10;        at java.util.concurrent.LinkedBlockingQueue.take(LinkedBlockingQueue.java:442)&#10;        at java.util.concurrent.ThreadPoolExecutor.getTask(ThreadPoolExecutor.java:1074)&#10;        at java.util.concurrent.ThreadPoolExecutor.runWorker(ThreadPoolExecutor.java:1134)&#10;        at java.util.concurrent.ThreadPoolExecutor$Worker.run(ThreadPoolExecutor.java:624)&#10;        at java.lang.Thread.run(Thread.java:748)&#10;&quot;IPC Server handler 6 on 33987&quot; daemon prio=5 tid=35 timed_waiting&#10;java.lang.Thread.State: TIMED_WAITING&#10;        at sun.misc.Unsafe.park(Native Method)&#10;        at java.util.concurrent.locks.LockSupport.parkNanos(LockSupport.java:215)&#10;        at java.util.concurrent.locks.AbstractQueuedSynchronizer$ConditionObject.awaitNanos(AbstractQueuedSynchronizer.java:2078)&#10;        at java.util.concurrent.LinkedBlockingQueue.poll(LinkedBlockingQueue.java:467)&#10;        at org.apache.hadoop.ipc.CallQueueManager.take(CallQueueManager.java:288)&#10;        at org.apache.hadoop.ipc.Server$Handler.run(Server.java:2668)&#10;&quot;IPC Server handler 2 on 35897&quot; daemon prio=5 tid=116 timed_waiting&#10;java.lang.Thread.State: TIMED_WAITING&#10;        at sun.misc.Unsafe.park(Native Method)&#10;        at java.util.concurrent.locks.LockSupport.parkNanos(LockSupport.java:215)&#10;        at java.util.concurrent.locks.AbstractQueuedSynchronizer$ConditionObject.awaitNanos(AbstractQueuedSynchronizer.java:2078)&#10;        at java.util.concurrent.LinkedBlockingQueue.poll(LinkedBlockingQueue.java:467)&#10;        at org.apache.hadoop.ipc.CallQueueManager.take(CallQueueManager.java:288)&#10;        at org.apache.hadoop.ipc.Server$Handler.run(Server.java:2668)&#10;&quot;IPC Server handler 19 on 40661&quot; daemon prio=5 tid=68 timed_waiting&#10;java.lang.Thread.State: TIMED_WAITING&#10;        at sun.misc.Unsafe.park(Native Method)&#10;        at java.util.concurrent.locks.LockSupport.parkNanos(LockSupport.java:215)&#10;        at java.util.concurrent.locks.AbstractQueuedSynchronizer$ConditionObject.awaitNanos(AbstractQueuedSynchronizer.java:2078)&#10;        at java.util.concurrent.LinkedBlockingQueue.poll(LinkedBlockingQueue.java:467)&#10;        at org.apache.hadoop.ipc.CallQueueManager.take(CallQueueManager.java:288)&#10;        at org.apache.hadoop.ipc.Server$Handler.run(Server.java:2668)&#10;&quot;pool-46-thread-55&quot;  prio=5 tid=407 in Object.wait()&#10;java.lang.Thread.State: WAITING (on object monitor)&#10;        at sun.misc.Unsafe.park(Native Method)&#10;        at java.util.concurrent.locks.LockSupport.park(LockSupport.java:175)&#10;        at java.util.concurrent.locks.AbstractQueuedSynchronizer$ConditionObject.await(AbstractQueuedSynchronizer.java:2039)&#10;        at java.util.concurrent.ArrayBlockingQueue.take(ArrayBlockingQueue.java:403)&#10;        at java.util.concurrent.ThreadPoolExecutor.getTask(ThreadPoolExecutor.java:1074)&#10;        at java.util.concurrent.ThreadPoolExecutor.runWorker(ThreadPoolExecutor.java:1134)&#10;        at java.util.concurrent.ThreadPoolExecutor$Worker.run(ThreadPoolExecutor.java:624)&#10;        at java.lang.Thread.run(Thread.java:748)&#10;&quot;metrics-hadoop-metrics2-reporter-4-thread-1&quot; daemon prio=5 tid=447 timed_waiting&#10;java.lang.Thread.State: TIMED_WAITING&#10;        at sun.misc.Unsafe.park(Native Method)&#10;        at java.util.concurrent.locks.LockSupport.parkNanos(LockSupport.java:215)&#10;        at java.util.concurrent.locks.AbstractQueuedSynchronizer$ConditionObject.awaitNanos(AbstractQueuedSynchronizer.java:2078)&#10;        at java.util.concurrent.ScheduledThreadPoolExecutor$DelayedWorkQueue.take(ScheduledThreadPoolExecutor.java:1093)&#10;        at java.util.concurrent.ScheduledThreadPoolExecutor$DelayedWorkQueue.take(ScheduledThreadPoolExecutor.java:809)&#10;        at java.util.concurrent.ThreadPoolExecutor.getTask(ThreadPoolExecutor.java:1074)&#10;        at java.util.concurrent.ThreadPoolExecutor.runWorker(ThreadPoolExecutor.java:1134)&#10;        at java.util.concurrent.ThreadPoolExecutor$Worker.run(ThreadPoolExecutor.java:624)&#10;        at java.lang.Thread.run(Thread.java:748)&#10;&quot;org.eclipse.jetty.server.session.HashSessionManager@1ac85b0cTimer&quot; daemon prio=5 tid=99 timed_waiting&#10;java.lang.Thread.State: TIMED_WAITING&#10;        at sun.misc.Unsafe.park(Native Method)&#10;        at java.util.concurrent.locks.LockSupport.parkNanos(LockSupport.java:215)&#10;        at java.util.concurrent.locks.AbstractQueuedSynchronizer$ConditionObject.awaitNanos(AbstractQueuedSynchronizer.java:2078)&#10;        at java.util.concurrent.ScheduledThreadPoolExecutor$DelayedWorkQueue.take(ScheduledThreadPoolExecutor.java:1093)&#10;        at java.util.concurrent.ScheduledThreadPoolExecutor$DelayedWorkQueue.take(ScheduledThreadPoolExecutor.java:809)&#10;        at java.util.concurrent.ThreadPoolExecutor.getTask(ThreadPoolExecutor.java:1074)&#10;        at java.util.concurrent.ThreadPoolExecutor.runWorker(ThreadPoolExecutor.java:1134)&#10;        at java.util.concurrent.ThreadPoolExecutor$Worker.run(ThreadPoolExecutor.java:624)&#10;        at java.lang.Thread.run(Thread.java:748)&#10;&quot;IPC Server handler 11 on 33987&quot; daemon prio=5 tid=40 timed_waiting&#10;java.lang.Thread.State: TIMED_WAITING&#10;        at sun.misc.Unsafe.park(Native Method)&#10;        at java.util.concurrent.locks.LockSupport.parkNanos(LockSupport.java:215)&#10;        at java.util.concurrent.locks.AbstractQueuedSynchronizer$ConditionObject.awaitNanos(AbstractQueuedSynchronizer.java:2078)&#10;        at java.util.concurrent.LinkedBlockingQueue.poll(LinkedBlockingQueue.java:467)&#10;        at org.apache.hadoop.ipc.CallQueueManager.take(CallQueueManager.java:288)&#10;        at org.apache.hadoop.ipc.Server$Handler.run(Server.java:2668)&#10;&quot;Timer-1&quot; daemon prio=5 tid=149 timed_waiting&#10;java.lang.Thread.State: TIMED_WAITING&#10;        at java.lang.Object.wait(Native Method)&#10;        at java.util.TimerThread.mainLoop(Timer.java:552)&#10;        at java.util.TimerThread.run(Timer.java:505)&#10;&quot;IPC Server handler 4 on 33987&quot; daemon prio=5 tid=33 timed_waiting&#10;java.lang.Thread.State: TIMED_WAITING&#10;        at sun.misc.Unsafe.park(Native Method)&#10;        at java.util.concurrent.locks.LockSupport.parkNanos(LockSupport.java:215)&#10;        at java.util.concurrent.locks.AbstractQueuedSynchronizer$ConditionObject.awaitNanos(AbstractQueuedSynchronizer.java:2078)&#10;        at java.util.concurrent.LinkedBlockingQueue.poll(LinkedBlockingQueue.java:467)&#10;        at org.apache.hadoop.ipc.CallQueueManager.take(CallQueueManager.java:288)&#10;        at org.apache.hadoop.ipc.Server$Handler.run(Server.java:2668)&#10;&quot;SCM Heartbeat Processing Thread - 0&quot; daemon prio=5 tid=13 timed_waiting&#10;java.lang.Thread.State: TIMED_WAITING&#10;        at sun.misc.Unsafe.park(Native Method)&#10;        at java.util.concurrent.locks.LockSupport.parkNanos(LockSupport.java:215)&#10;        at java.util.concurrent.locks.AbstractQueuedSynchronizer$ConditionObject.awaitNanos(AbstractQueuedSynchronizer.java:2078)&#10;        at java.util.concurrent.ScheduledThreadPoolExecutor$DelayedWorkQueue.take(ScheduledThreadPoolExecutor.java:1093)&#10;        at java.util.concurrent.ScheduledThreadPoolExecutor$DelayedWorkQueue.take(ScheduledThreadPoolExecutor.java:809)&#10;        at java.util.concurrent.ThreadPoolExecutor.getTask(ThreadPoolExecutor.java:1074)&#10;        at java.util.concurrent.ThreadPoolExecutor.runWorker(ThreadPoolExecutor.java:1134)&#10;        at java.util.concurrent.ThreadPoolExecutor$Worker.run(ThreadPoolExecutor.java:624)&#10;        at java.lang.Thread.run(Thread.java:748)&#10;&quot;Thread-2636&quot; daemon prio=5 tid=2950 terminated&#10;java.lang.Thread.State: TERMINATED&#10;        at java.lang.Thread.sleep(Native Method)&#10;        at org.apache.ratis.util.JavaUtils.sleep(JavaUtils.java:247)&#10;        at org.apache.ratis.server.impl.FollowerState.run(FollowerState.java:97)&#10;&quot;pool-36-thread-16&quot;  prio=5 tid=308 in Object.wait()&#10;java.lang.Thread.State: WAITING (on object monitor)&#10;        at sun.misc.Unsafe.park(Native Method)&#10;        at java.util.concurrent.locks.LockSupport.park(LockSupport.java:175)&#10;        at java.util.concurrent.locks.AbstractQueuedSynchronizer$ConditionObject.await(AbstractQueuedSynchronizer.java:2039)&#10;        at java.util.concurrent.ArrayBlockingQueue.take(ArrayBlockingQueue.java:403)&#10;        at java.util.concurrent.ThreadPoolExecutor.getTask(ThreadPoolExecutor.java:1074)&#10;        at java.util.concurrent.ThreadPoolExecutor.runWorker(ThreadPoolExecutor.java:1134)&#10;        at java.util.concurrent.ThreadPoolExecutor$Worker.run(ThreadPoolExecutor.java:624)&#10;        at java.lang.Thread.run(Thread.java:748)&#10;&quot;pool-46-thread-45&quot;  prio=5 tid=397 in Object.wait()&#10;java.lang.Thread.State: WAITING (on object monitor)&#10;        at sun.misc.Unsafe.park(Native Method)&#10;        at java.util.concurrent.locks.LockSupport.park(LockSupport.java:175)&#10;        at java.util.concurrent.locks.AbstractQueuedSynchronizer$ConditionObject.await(AbstractQueuedSynchronizer.java:2039)&#10;        at java.util.concurrent.ArrayBlockingQueue.take(ArrayBlockingQueue.java:403)&#10;        at java.util.concurrent.ThreadPoolExecutor.getTask(ThreadPoolExecutor.java:1074)&#10;        at java.util.concurrent.ThreadPoolExecutor.runWorker(ThreadPoolExecutor.java:1134)&#10;        at java.util.concurrent.ThreadPoolExecutor$Worker.run(ThreadPoolExecutor.java:624)&#10;        at java.lang.Thread.run(Thread.java:748)&#10;&quot;pool-26-thread-14&quot;  prio=5 tid=246 in Object.wait()&#10;java.lang.Thread.State: WAITING (on object monitor)&#10;        at sun.misc.Unsafe.park(Native Method)&#10;        at java.util.concurrent.locks.LockSupport.park(LockSupport.java:175)&#10;        at java.util.concurrent.locks.AbstractQueuedSynchronizer$ConditionObject.await(AbstractQueuedSynchronizer.java:2039)&#10;        at java.util.concurrent.ArrayBlockingQueue.take(ArrayBlockingQueue.java:403)&#10;        at java.util.concurrent.ThreadPoolExecutor.getTask(ThreadPoolExecutor.java:1074)&#10;        at java.util.concurrent.ThreadPoolExecutor.runWorker(ThreadPoolExecutor.java:1134)&#10;        at java.util.concurrent.ThreadPoolExecutor$Worker.run(ThreadPoolExecutor.java:624)&#10;        at java.lang.Thread.run(Thread.java:748)&#10;&quot;pool-36-thread-53&quot;  prio=5 tid=345 in Object.wait()&#10;java.lang.Thread.State: WAITING (on object monitor)&#10;        at sun.misc.Unsafe.park(Native Method)&#10;        at java.util.concurrent.locks.LockSupport.park(LockSupport.java:175)&#10;        at java.util.concurrent.locks.AbstractQueuedSynchronizer$ConditionObject.await(AbstractQueuedSynchronizer.java:2039)&#10;        at java.util.concurrent.ArrayBlockingQueue.take(ArrayBlockingQueue.java:403)&#10;        at java.util.concurrent.ThreadPoolExecutor.getTask(ThreadPoolExecutor.java:1074)&#10;        at java.util.concurrent.ThreadPoolExecutor.runWorker(ThreadPoolExecutor.java:1134)&#10;        at java.util.concurrent.ThreadPoolExecutor$Worker.run(ThreadPoolExecutor.java:624)&#10;        at java.lang.Thread.run(Thread.java:748)&#10;&quot;pool-34-thread-1&quot; daemon prio=5 tid=183 timed_waiting&#10;java.lang.Thread.State: TIMED_WAITING&#10;        at sun.misc.Unsafe.park(Native Method)&#10;        at java.util.concurrent.locks.LockSupport.parkNanos(LockSupport.java:215)&#10;        at java.util.concurrent.locks.AbstractQueuedSynchronizer$ConditionObject.awaitNanos(AbstractQueuedSynchronizer.java:2078)&#10;        at java.util.concurrent.ScheduledThreadPoolExecutor$DelayedWorkQueue.take(ScheduledThreadPoolExecutor.java:1093)&#10;        at java.util.concurrent.ScheduledThreadPoolExecutor$DelayedWorkQueue.take(ScheduledThreadPoolExecutor.java:809)&#10;        at java.util.concurrent.ThreadPoolExecutor.getTask(ThreadPoolExecutor.java:1074)&#10;        at java.util.concurrent.ThreadPoolExecutor.runWorker(ThreadPoolExecutor.java:1134)&#10;        at java.util.concurrent.ThreadPoolExecutor$Worker.run(ThreadPoolExecutor.java:624)&#10;        at java.lang.Thread.run(Thread.java:748)&#10;&quot;IPC Server handler 17 on 35897&quot; daemon prio=5 tid=132 timed_waiting&#10;java.lang.Thread.State: TIMED_WAITING&#10;        at sun.misc.Unsafe.park(Native Method)&#10;        at java.util.concurrent.locks.LockSupport.parkNanos(LockSupport.java:215)&#10;        at java.util.concurrent.locks.AbstractQueuedSynchronizer$ConditionObject.awaitNanos(AbstractQueuedSynchronizer.java:2078)&#10;        at java.util.concurrent.LinkedBlockingQueue.poll(LinkedBlockingQueue.java:467)&#10;        at org.apache.hadoop.ipc.CallQueueManager.take(CallQueueManager.java:288)&#10;        at org.apache.hadoop.ipc.Server$Handler.run(Server.java:2668)&#10;&quot;pool-46-thread-20&quot;  prio=5 tid=372 in Object.wait()&#10;java.lang.Thread.State: WAITING (on object monitor)&#10;        at sun.misc.Unsafe.park(Native Method)&#10;        at java.util.concurrent.locks.LockSupport.park(LockSupport.java:175)&#10;        at java.util.concurrent.locks.AbstractQueuedSynchronizer$ConditionObject.await(AbstractQueuedSynchronizer.java:2039)&#10;        at java.util.concurrent.ArrayBlockingQueue.take(ArrayBlockingQueue.java:403)&#10;        at java.util.concurrent.ThreadPoolExecutor.getTask(ThreadPoolExecutor.java:1074)&#10;        at java.util.concurrent.ThreadPoolExecutor.runWorker(ThreadPoolExecutor.java:1134)&#10;        at java.util.concurrent.ThreadPoolExecutor$Worker.run(ThreadPoolExecutor.java:624)&#10;        at java.lang.Thread.run(Thread.java:748)&#10;&quot;qtp520082748-214-acceptor-0@6e0cddfb-ServerConnector@3c5dbdf8{HTTP/1.1,[http/1.1]}{0.0.0.0:43154}&quot; daemon prio=3 tid=214 runnable&#10;java.lang.Thread.State: RUNNABLE&#10;        at sun.nio.ch.ServerSocketChannelImpl.accept0(Native Method)&#10;        at sun.nio.ch.ServerSocketChannelImpl.accept(ServerSocketChannelImpl.java:422)&#10;        at sun.nio.ch.ServerSocketChannelImpl.accept(ServerSocketChannelImpl.java:250)&#10;        at org.eclipse.jetty.server.ServerConnector.accept(ServerConnector.java:397)&#10;        at org.eclipse.jetty.server.AbstractConnector$Acceptor.run(AbstractConnector.java:601)&#10;        at org.eclipse.jetty.util.thread.QueuedThreadPool.runJob(QueuedThreadPool.java:671)&#10;        at org.eclipse.jetty.util.thread.QueuedThreadPool$2.run(QueuedThreadPool.java:589)&#10;        at java.lang.Thread.run(Thread.java:748)&#10;&quot;org.eclipse.jetty.server.session.HashSessionManager@25d93198Timer&quot; daemon prio=5 tid=167 timed_waiting&#10;java.lang.Thread.State: TIMED_WAITING&#10;        at sun.misc.Unsafe.park(Native Method)&#10;        at java.util.concurrent.locks.LockSupport.parkNanos(LockSupport.java:215)&#10;        at java.util.concurrent.locks.AbstractQueuedSynchronizer$ConditionObject.awaitNanos(AbstractQueuedSynchronizer.java:2078)&#10;        at java.util.concurrent.ScheduledThreadPoolExecutor$DelayedWorkQueue.take(ScheduledThreadPoolExecutor.java:1093)&#10;        at java.util.concurrent.ScheduledThreadPoolExecutor$DelayedWorkQueue.take(ScheduledThreadPoolExecutor.java:809)&#10;        at java.util.concurrent.ThreadPoolExecutor.getTask(ThreadPoolExecutor.java:1074)&#10;        at java.util.concurrent.ThreadPoolExecutor.runWorker(ThreadPoolExecutor.java:1134)&#10;        at java.util.concurrent.ThreadPoolExecutor$Worker.run(ThreadPoolExecutor.java:624)&#10;        at java.lang.Thread.run(Thread.java:748)&#10;&quot;qtp520082748-220&quot; daemon prio=5 tid=220 timed_waiting&#10;java.lang.Thread.State: TIMED_WAITING&#10;        at sun.misc.Unsafe.park(Native Method)&#10;        at java.util.concurrent.locks.LockSupport.parkNanos(LockSupport.java:215)&#10;        at java.util.concurrent.locks.AbstractQueuedSynchronizer$ConditionObject.awaitNanos(AbstractQueuedSynchronizer.java:2078)&#10;        at org.eclipse.jetty.util.BlockingArrayQueue.poll(BlockingArrayQueue.java:392)&#10;        at org.eclipse.jetty.util.thread.QueuedThreadPool.idleJobPoll(QueuedThreadPool.java:563)&#10;        at org.eclipse.jetty.util.thread.QueuedThreadPool.access$800(QueuedThreadPool.java:48)&#10;        at org.eclipse.jetty.util.thread.QueuedThreadPool$2.run(QueuedThreadPool.java:626)&#10;        at java.lang.Thread.run(Thread.java:748)&#10;&quot;pool-46-thread-8&quot;  prio=5 tid=360 in Object.wait()&#10;java.lang.Thread.State: WAITING (on object monitor)&#10;        at sun.misc.Unsafe.park(Native Method)&#10;        at java.util.concurrent.locks.LockSupport.park(LockSupport.java:175)&#10;        at java.util.concurrent.locks.AbstractQueuedSynchronizer$ConditionObject.await(AbstractQueuedSynchronizer.java:2039)&#10;        at java.util.concurrent.ArrayBlockingQueue.take(ArrayBlockingQueue.java:403)&#10;        at java.util.concurrent.ThreadPoolExecutor.getTask(ThreadPoolExecutor.java:1074)&#10;        at java.util.concurrent.ThreadPoolExecutor.runWorker(ThreadPoolExecutor.java:1134)&#10;        at java.util.concurrent.ThreadPoolExecutor$Worker.run(ThreadPoolExecutor.java:624)&#10;        at java.lang.Thread.run(Thread.java:748)&#10;&quot;IPC Server handler 16 on 33987&quot; daemon prio=5 tid=45 timed_waiting&#10;java.lang.Thread.State: TIMED_WAITING&#10;        at sun.misc.Unsafe.park(Native Method)&#10;        at java.util.concurrent.locks.LockSupport.parkNanos(LockSupport.java:215)&#10;        at java.util.concurrent.locks.AbstractQueuedSynchronizer$ConditionObject.awaitNanos(AbstractQueuedSynchronizer.java:2078)&#10;        at java.util.concurrent.LinkedBlockingQueue.poll(LinkedBlockingQueue.java:467)&#10;        at org.apache.hadoop.ipc.CallQueueManager.take(CallQueueManager.java:288)&#10;        at org.apache.hadoop.ipc.Server$Handler.run(Server.java:2668)&#10;&quot;pool-36-thread-54&quot;  prio=5 tid=346 in Object.wait()&#10;java.lang.Thread.State: WAITING (on object monitor)&#10;        at sun.misc.Unsafe.park(Native Method)&#10;        at java.util.concurrent.locks.LockSupport.park(LockSupport.java:175)&#10;        at java.util.concurrent.locks.AbstractQueuedSynchronizer$ConditionObject.await(AbstractQueuedSynchronizer.java:2039)&#10;        at java.util.concurrent.ArrayBlockingQueue.take(ArrayBlockingQueue.java:403)&#10;        at java.util.concurrent.ThreadPoolExecutor.getTask(ThreadPoolExecutor.java:1074)&#10;        at java.util.concurrent.ThreadPoolExecutor.runWorker(ThreadPoolExecutor.java:1134)&#10;        at java.util.concurrent.ThreadPoolExecutor$Worker.run(ThreadPoolExecutor.java:624)&#10;        at java.lang.Thread.run(Thread.java:748)&#10;&quot;qtp1536399059-188&quot; daemon prio=5 tid=188 timed_waiting&#10;java.lang.Thread.State: TIMED_WAITING&#10;        at sun.misc.Unsafe.park(Native Method)&#10;        at java.util.concurrent.locks.LockSupport.parkNanos(LockSupport.java:215)&#10;        at java.util.concurrent.locks.AbstractQueuedSynchronizer$ConditionObject.awaitNanos(AbstractQueuedSynchronizer.java:2078)&#10;        at org.eclipse.jetty.util.BlockingArrayQueue.poll(BlockingArrayQueue.java:392)&#10;        at org.eclipse.jetty.util.thread.QueuedThreadPool.idleJobPoll(QueuedThreadPool.java:563)&#10;        at org.eclipse.jetty.util.thread.QueuedThreadPool.access$800(QueuedThreadPool.java:48)&#10;        at org.eclipse.jetty.util.thread.QueuedThreadPool$2.run(QueuedThreadPool.java:626)&#10;        at java.lang.Thread.run(Thread.java:748)&#10;&quot;pool-36-thread-17&quot;  prio=5 tid=309 in Object.wait()&#10;java.lang.Thread.State: WAITING (on object monitor)&#10;        at sun.misc.Unsafe.park(Native Method)&#10;        at java.util.concurrent.locks.LockSupport.park(LockSupport.java:175)&#10;        at java.util.concurrent.locks.AbstractQueuedSynchronizer$ConditionObject.await(AbstractQueuedSynchronizer.java:2039)&#10;        at java.util.concurrent.ArrayBlockingQueue.take(ArrayBlockingQueue.java:403)&#10;        at java.util.concurrent.ThreadPoolExecutor.getTask(ThreadPoolExecutor.java:1074)&#10;        at java.util.concurrent.ThreadPoolExecutor.runWorker(ThreadPoolExecutor.java:1134)&#10;        at java.util.concurrent.ThreadPoolExecutor$Worker.run(ThreadPoolExecutor.java:624)&#10;        at java.lang.Thread.run(Thread.java:748)&#10;&quot;Command processor thread&quot; daemon prio=5 tid=229 timed_waiting&#10;java.lang.Thread.State: TIMED_WAITING&#10;        at java.lang.Thread.sleep(Native Method)&#10;        at org.apache.hadoop.ozone.container.common.statemachine.DatanodeStateMachine.lambda$initCommandHandlerThread$1(DatanodeStateMachine.java:439)&#10;        at org.apache.hadoop.ozone.container.common.statemachine.DatanodeStateMachine$$Lambda$141/1971533617.run(Unknown Source)&#10;        at java.lang.Thread.run(Thread.java:748)&#10;&quot;Socket Reader #1 for port 40661&quot;  prio=5 tid=19 runnable&#10;java.lang.Thread.State: RUNNABLE&#10;        at sun.nio.ch.EPollArrayWrapper.epollWait(Native Method)&#10;        at sun.nio.ch.EPollArrayWrapper.poll(EPollArrayWrapper.java:269)&#10;        at sun.nio.ch.EPollSelectorImpl.doSelect(EPollSelectorImpl.java:93)&#10;        at sun.nio.ch.SelectorImpl.lockAndDoSelect(SelectorImpl.java:86)&#10;        at sun.nio.ch.SelectorImpl.select(SelectorImpl.java:97)&#10;        at sun.nio.ch.SelectorImpl.select(SelectorImpl.java:101)&#10;        at org.apache.hadoop.ipc.Server$Listener$Reader.doRunLoop(Server.java:1097)&#10;        at org.apache.hadoop.ipc.Server$Listener$Reader.run(Server.java:1076)&#10;&quot;IPC Server idle connection scanner for port 33987&quot; daemon prio=5 tid=24 timed_waiting&#10;java.lang.Thread.State: TIMED_WAITING&#10;        at java.lang.Object.wait(Native Method)&#10;        at java.util.TimerThread.mainLoop(Timer.java:552)&#10;        at java.util.TimerThread.run(Timer.java:505)&#10;&quot;pool-36-thread-57&quot;  prio=5 tid=349 in Object.wait()&#10;java.lang.Thread.State: WAITING (on object monitor)&#10;        at sun.misc.Unsafe.park(Native Method)&#10;        at java.util.concurrent.locks.LockSupport.park(LockSupport.java:175)&#10;        at java.util.concurrent.locks.AbstractQueuedSynchronizer$ConditionObject.await(AbstractQueuedSynchronizer.java:2039)&#10;        at java.util.concurrent.ArrayBlockingQueue.take(ArrayBlockingQueue.java:403)&#10;        at java.util.concurrent.ThreadPoolExecutor.getTask(ThreadPoolExecutor.java:1074)&#10;        at java.util.concurrent.ThreadPoolExecutor.runWorker(ThreadPoolExecutor.java:1134)&#10;        at java.util.concurrent.ThreadPoolExecutor$Worker.run(ThreadPoolExecutor.java:624)&#10;        at java.lang.Thread.run(Thread.java:748)&#10;&quot;Datanode ReportManager Thread - 1&quot; daemon prio=5 tid=199 timed_waiting&#10;java.lang.Thread.State: TIMED_WAITING&#10;        at sun.misc.Unsafe.park(Native Method)&#10;        at java.util.concurrent.locks.LockSupport.parkNanos(LockSupport.java:215)&#10;        at java.util.concurrent.locks.AbstractQueuedSynchronizer$ConditionObject.awaitNanos(AbstractQueuedSynchronizer.java:2078)&#10;        at java.util.concurrent.ScheduledThreadPoolExecutor$DelayedWorkQueue.take(ScheduledThreadPoolExecutor.java:1093)&#10;        at java.util.concurrent.ScheduledThreadPoolExecutor$DelayedWorkQueue.take(ScheduledThreadPoolExecutor.java:809)&#10;        at java.util.concurrent.ThreadPoolExecutor.getTask(ThreadPoolExecutor.java:1074)&#10;        at java.util.concurrent.ThreadPoolExecutor.runWorker(ThreadPoolExecutor.java:1134)&#10;        at java.util.concurrent.ThreadPoolExecutor$Worker.run(ThreadPoolExecutor.java:624)&#10;        at java.lang.Thread.run(Thread.java:748)&#10;&quot;pool-26-thread-35&quot;  prio=5 tid=267 in Object.wait()&#10;java.lang.Thread.State: WAITING (on object monitor)&#10;        at sun.misc.Unsafe.park(Native Method)&#10;        at java.util.concurrent.locks.LockSupport.park(LockSupport.java:175)&#10;        at java.util.concurrent.locks.AbstractQueuedSynchronizer$ConditionObject.await(AbstractQueuedSynchronizer.java:2039)&#10;        at java.util.concurrent.ArrayBlockingQueue.take(ArrayBlockingQueue.java:403)&#10;        at java.util.concurrent.ThreadPoolExecutor.getTask(ThreadPoolExecutor.java:1074)&#10;        at java.util.concurrent.ThreadPoolExecutor.runWorker(ThreadPoolExecutor.java:1134)&#10;        at java.util.concurrent.ThreadPoolExecutor$Worker.run(ThreadPoolExecutor.java:624)&#10;        at java.lang.Thread.run(Thread.java:748)&#10;&quot;OMDoubleBufferFlushThread&quot; daemon prio=5 tid=106 timed_waiting&#10;java.lang.Thread.State: TIMED_WAITING&#10;        at java.lang.Object.wait(Native Method)&#10;        at org.apache.hadoop.ozone.om.ratis.OzoneManagerDoubleBuffer.canFlush(OzoneManagerDoubleBuffer.java:322)&#10;        at org.apache.hadoop.ozone.om.ratis.OzoneManagerDoubleBuffer.flushTransactions(OzoneManagerDoubleBuffer.java:130)&#10;        at org.apache.hadoop.ozone.om.ratis.OzoneManagerDoubleBuffer$$Lambda$49/2017530134.run(Unknown Source)&#10;        at java.lang.Thread.run(Thread.java:748)&#10;&quot;pool-46-thread-44&quot;  prio=5 tid=396 in Object.wait()&#10;java.lang.Thread.State: WAITING (on object monitor)&#10;        at sun.misc.Unsafe.park(Native Method)&#10;        at java.util.concurrent.locks.LockSupport.park(LockSupport.java:175)&#10;        at java.util.concurrent.locks.AbstractQueuedSynchronizer$ConditionObject.await(AbstractQueuedSynchronizer.java:2039)&#10;        at java.util.concurrent.ArrayBlockingQueue.take(ArrayBlockingQueue.java:403)&#10;        at java.util.concurrent.ThreadPoolExecutor.getTask(ThreadPoolExecutor.java:1074)&#10;        at java.util.concurrent.ThreadPoolExecutor.runWorker(ThreadPoolExecutor.java:1134)&#10;        at java.util.concurrent.ThreadPoolExecutor$Worker.run(ThreadPoolExecutor.java:624)&#10;        at java.lang.Thread.run(Thread.java:748)&#10;&quot;pool-26-thread-37&quot;  prio=5 tid=269 in Object.wait()&#10;java.lang.Thread.State: WAITING (on object monitor)&#10;        at sun.misc.Unsafe.park(Native Method)&#10;        at java.util.concurrent.locks.LockSupport.park(LockSupport.java:175)&#10;        at java.util.concurrent.locks.AbstractQueuedSynchronizer$ConditionObject.await(AbstractQueuedSynchronizer.java:2039)&#10;        at java.util.concurrent.ArrayBlockingQueue.take(ArrayBlockingQueue.java:403)&#10;        at java.util.concurrent.ThreadPoolExecutor.getTask(ThreadPoolExecutor.java:1074)&#10;        at java.util.concurrent.ThreadPoolExecutor.runWorker(ThreadPoolExecutor.java:1134)&#10;        at java.util.concurrent.ThreadPoolExecutor$Worker.run(ThreadPoolExecutor.java:624)&#10;        at java.lang.Thread.run(Thread.java:748)&#10;&quot;process reaper&quot; daemon prio=10 tid=10 timed_waiting&#10;java.lang.Thread.State: TIMED_WAITING&#10;        at sun.misc.Unsafe.park(Native Method)&#10;        at java.util.concurrent.locks.LockSupport.parkNanos(LockSupport.java:215)&#10;        at java.util.concurrent.SynchronousQueue$TransferStack.awaitFulfill(SynchronousQueue.java:460)&#10;        at java.util.concurrent.SynchronousQueue$TransferStack.transfer(SynchronousQueue.java:362)&#10;        at java.util.concurrent.SynchronousQueue.poll(SynchronousQueue.java:941)&#10;        at java.util.concurrent.ThreadPoolExecutor.getTask(ThreadPoolExecutor.java:1073)&#10;        at java.util.concurrent.ThreadPoolExecutor.runWorker(ThreadPoolExecutor.java:1134)&#10;        at java.util.concurrent.ThreadPoolExecutor$Worker.run(ThreadPoolExecutor.java:624)&#10;        at java.lang.Thread.run(Thread.java:748)&#10;&quot;BlockDeletingService#8&quot; daemon prio=5 tid=751 in Object.wait()&#10;java.lang.Thread.State: WAITING (on object monitor)&#10;        at sun.misc.Unsafe.park(Native Method)&#10;        at java.util.concurrent.locks.LockSupport.park(LockSupport.java:175)&#10;        at java.util.concurrent.locks.AbstractQueuedSynchronizer$ConditionObject.await(AbstractQueuedSynchronizer.java:2039)&#10;        at java.util.concurrent.ScheduledThreadPoolExecutor$DelayedWorkQueue.take(ScheduledThreadPoolExecutor.java:1088)&#10;        at java.util.concurrent.ScheduledThreadPoolExecutor$DelayedWorkQueue.take(ScheduledThreadPoolExecutor.java:809)&#10;        at java.util.concurrent.ThreadPoolExecutor.getTask(ThreadPoolExecutor.java:1074)&#10;        at java.util.concurrent.ThreadPoolExecutor.runWorker(ThreadPoolExecutor.java:1134)&#10;        at java.util.concurrent.ThreadPoolExecutor$Worker.run(ThreadPoolExecutor.java:624)&#10;        at java.lang.Thread.run(Thread.java:748)&#10;&quot;pool-46-thread-23&quot;  prio=5 tid=375 in Object.wait()&#10;java.lang.Thread.State: WAITING (on object monitor)&#10;        at sun.misc.Unsafe.park(Native Method)&#10;        at java.util.concurrent.locks.LockSupport.park(LockSupport.java:175)&#10;        at java.util.concurrent.locks.AbstractQueuedSynchronizer$ConditionObject.await(AbstractQueuedSynchronizer.java:2039)&#10;        at java.util.concurrent.ArrayBlockingQueue.take(ArrayBlockingQueue.java:403)&#10;        at java.util.concurrent.ThreadPoolExecutor.getTask(ThreadPoolExecutor.java:1074)&#10;        at java.util.concurrent.ThreadPoolExecutor.runWorker(ThreadPoolExecutor.java:1134)&#10;        at java.util.concurrent.ThreadPoolExecutor$Worker.run(ThreadPoolExecutor.java:624)&#10;        at java.lang.Thread.run(Thread.java:748)&#10;&quot;pool-46-thread-34&quot;  prio=5 tid=386 in Object.wait()&#10;java.lang.Thread.State: WAITING (on object monitor)&#10;        at sun.misc.Unsafe.park(Native Method)&#10;        at java.util.concurrent.locks.LockSupport.park(LockSupport.java:175)&#10;        at java.util.concurrent.locks.AbstractQueuedSynchronizer$ConditionObject.await(AbstractQueuedSynchronizer.java:2039)&#10;        at java.util.concurrent.ArrayBlockingQueue.take(ArrayBlockingQueue.java:403)&#10;        at java.util.concurrent.ThreadPoolExecutor.getTask(ThreadPoolExecutor.java:1074)&#10;        at java.util.concurrent.ThreadPoolExecutor.runWorker(ThreadPoolExecutor.java:1134)&#10;        at java.util.concurrent.ThreadPoolExecutor$Worker.run(ThreadPoolExecutor.java:624)&#10;        at java.lang.Thread.run(Thread.java:748)&#10;&quot;pool-46-thread-18&quot;  prio=5 tid=370 in Object.wait()&#10;java.lang.Thread.State: WAITING (on object monitor)&#10;        at sun.misc.Unsafe.park(Native Method)&#10;        at java.util.concurrent.locks.LockSupport.park(LockSupport.java:175)&#10;        at java.util.concurrent.locks.AbstractQueuedSynchronizer$ConditionObject.await(AbstractQueuedSynchronizer.java:2039)&#10;        at java.util.concurrent.ArrayBlockingQueue.take(ArrayBlockingQueue.java:403)&#10;        at java.util.concurrent.ThreadPoolExecutor.getTask(ThreadPoolExecutor.java:1074)&#10;        at java.util.concurrent.ThreadPoolExecutor.runWorker(ThreadPoolExecutor.java:1134)&#10;        at java.util.concurrent.ThreadPoolExecutor$Worker.run(ThreadPoolExecutor.java:624)&#10;        at java.lang.Thread.run(Thread.java:748)&#10;&quot;pool-26-thread-29&quot;  prio=5 tid=261 in Object.wait()&#10;java.lang.Thread.State: WAITING (on object monitor)&#10;        at sun.misc.Unsafe.park(Native Method)&#10;        at java.util.concurrent.locks.LockSupport.park(LockSupport.java:175)&#10;        at java.util.concurrent.locks.AbstractQueuedSynchronizer$ConditionObject.await(AbstractQueuedSynchronizer.java:2039)&#10;        at java.util.concurrent.ArrayBlockingQueue.take(ArrayBlockingQueue.java:403)&#10;        at java.util.concurrent.ThreadPoolExecutor.getTask(ThreadPoolExecutor.java:1074)&#10;        at java.util.concurrent.ThreadPoolExecutor.runWorker(ThreadPoolExecutor.java:1134)&#10;        at java.util.concurrent.ThreadPoolExecutor$Worker.run(ThreadPoolExecutor.java:624)&#10;        at java.lang.Thread.run(Thread.java:748)&#10;&quot;metrics-hadoop-metrics2-reporter-29-thread-1&quot; daemon prio=5 tid=639 timed_waiting&#10;java.lang.Thread.State: TIMED_WAITING&#10;        at sun.misc.Unsafe.park(Native Method)&#10;        at java.util.concurrent.locks.LockSupport.parkNanos(LockSupport.java:215)&#10;        at java.util.concurrent.locks.AbstractQueuedSynchronizer$ConditionObject.awaitNanos(AbstractQueuedSynchronizer.java:2078)&#10;        at java.util.concurrent.ScheduledThreadPoolExecutor$DelayedWorkQueue.take(ScheduledThreadPoolExecutor.java:1093)&#10;        at java.util.concurrent.ScheduledThreadPoolExecutor$DelayedWorkQueue.take(ScheduledThreadPoolExecutor.java:809)&#10;        at java.util.concurrent.ThreadPoolExecutor.getTask(ThreadPoolExecutor.java:1074)&#10;        at java.util.concurrent.ThreadPoolExecutor.runWorker(ThreadPoolExecutor.java:1134)&#10;        at java.util.concurrent.ThreadPoolExecutor$Worker.run(ThreadPoolExecutor.java:624)&#10;        at java.lang.Thread.run(Thread.java:748)&#10;&quot;EventQueue-NewNodeForNewNodeHandler&quot; daemon prio=5 tid=423 in Object.wait()&#10;java.lang.Thread.State: WAITING (on object monitor)&#10;        at sun.misc.Unsafe.park(Native Method)&#10;        at java.util.concurrent.locks.LockSupport.park(LockSupport.java:175)&#10;        at java.util.concurrent.locks.AbstractQueuedSynchronizer$ConditionObject.await(AbstractQueuedSynchronizer.java:2039)&#10;        at java.util.concurrent.LinkedBlockingQueue.take(LinkedBlockingQueue.java:442)&#10;        at java.util.concurrent.ThreadPoolExecutor.getTask(ThreadPoolExecutor.java:1074)&#10;        at java.util.concurrent.ThreadPoolExecutor.runWorker(ThreadPoolExecutor.java:1134)&#10;        at java.util.concurrent.ThreadPoolExecutor$Worker.run(ThreadPoolExecutor.java:624)&#10;        at java.lang.Thread.run(Thread.java:748)&#10;&quot;pool-36-thread-42&quot;  prio=5 tid=334 in Object.wait()&#10;java.lang.Thread.State: WAITING (on object monitor)&#10;        at sun.misc.Unsafe.park(Native Method)&#10;        at java.util.concurrent.locks.LockSupport.park(LockSupport.java:175)&#10;        at java.util.concurrent.locks.AbstractQueuedSynchronizer$ConditionObject.await(AbstractQueuedSynchronizer.java:2039)&#10;        at java.util.concurrent.ArrayBlockingQueue.take(ArrayBlockingQueue.java:403)&#10;        at java.util.concurrent.ThreadPoolExecutor.getTask(ThreadPoolExecutor.java:1074)&#10;        at java.util.concurrent.ThreadPoolExecutor.runWorker(ThreadPoolExecutor.java:1134)&#10;        at java.util.concurrent.ThreadPoolExecutor$Worker.run(ThreadPoolExecutor.java:624)&#10;        at java.lang.Thread.run(Thread.java:748)&#10;&quot;IPC Server handler 8 on 35897&quot; daemon prio=5 tid=123 timed_waiting&#10;java.lang.Thread.State: TIMED_WAITING&#10;        at sun.misc.Unsafe.park(Native Method)&#10;        at java.util.concurrent.locks.LockSupport.parkNanos(LockSupport.java:215)&#10;        at java.util.concurrent.locks.AbstractQueuedSynchronizer$ConditionObject.awaitNanos(AbstractQueuedSynchronizer.java:2078)&#10;        at java.util.concurrent.LinkedBlockingQueue.poll(LinkedBlockingQueue.java:467)&#10;        at org.apache.hadoop.ipc.CallQueueManager.take(CallQueueManager.java:288)&#10;        at org.apache.hadoop.ipc.Server$Handler.run(Server.java:2668)&#10;&quot;pool-46-thread-39&quot;  prio=5 tid=391 in Object.wait()&#10;java.lang.Thread.State: WAITING (on object monitor)&#10;        at sun.misc.Unsafe.park(Native Method)&#10;        at java.util.concurrent.locks.LockSupport.park(LockSupport.java:175)&#10;        at java.util.concurrent.locks.AbstractQueuedSynchronizer$ConditionObject.await(AbstractQueuedSynchronizer.java:2039)&#10;        at java.util.concurrent.ArrayBlockingQueue.take(ArrayBlockingQueue.java:403)&#10;        at java.util.concurrent.ThreadPoolExecutor.getTask(ThreadPoolExecutor.java:1074)&#10;        at java.util.concurrent.ThreadPoolExecutor.runWorker(ThreadPoolExecutor.java:1134)&#10;        at java.util.concurrent.ThreadPoolExecutor$Worker.run(ThreadPoolExecutor.java:624)&#10;        at java.lang.Thread.run(Thread.java:748)&#10;&quot;pool-36-thread-52&quot;  prio=5 tid=344 in Object.wait()&#10;java.lang.Thread.State: WAITING (on object monitor)&#10;        at sun.misc.Unsafe.park(Native Method)&#10;        at java.util.concurrent.locks.LockSupport.park(LockSupport.java:175)&#10;        at java.util.concurrent.locks.AbstractQueuedSynchronizer$ConditionObject.await(AbstractQueuedSynchronizer.java:2039)&#10;        at java.util.concurrent.ArrayBlockingQueue.take(ArrayBlockingQueue.java:403)&#10;        at java.util.concurrent.ThreadPoolExecutor.getTask(ThreadPoolExecutor.java:1074)&#10;        at java.util.concurrent.ThreadPoolExecutor.runWorker(ThreadPoolExecutor.java:1134)&#10;        at java.util.concurrent.ThreadPoolExecutor$Worker.run(ThreadPoolExecutor.java:624)&#10;        at java.lang.Thread.run(Thread.java:748)&#10;&quot;IPC Parameter Sending Thread #1&quot; daemon prio=5 tid=1975 timed_waiting&#10;java.lang.Thread.State: TIMED_WAITING&#10;        at sun.misc.Unsafe.park(Native Method)&#10;        at java.util.concurrent.locks.LockSupport.parkNanos(LockSupport.java:215)&#10;        at java.util.concurrent.SynchronousQueue$TransferStack.awaitFulfill(SynchronousQueue.java:460)&#10;        at java.util.concurrent.SynchronousQueue$TransferStack.transfer(SynchronousQueue.java:362)&#10;        at java.util.concurrent.SynchronousQueue.poll(SynchronousQueue.java:941)&#10;        at java.util.concurrent.ThreadPoolExecutor.getTask(ThreadPoolExecutor.java:1073)&#10;        at java.util.concurrent.ThreadPoolExecutor.runWorker(ThreadPoolExecutor.java:1134)&#10;        at java.util.concurrent.ThreadPoolExecutor$Worker.run(ThreadPoolExecutor.java:624)&#10;        at java.lang.Thread.run(Thread.java:748)&#10;&quot;qtp1536399059-189&quot; daemon prio=5 tid=189 timed_waiting&#10;java.lang.Thread.State: TIMED_WAITING&#10;        at sun.misc.Unsafe.park(Native Method)&#10;        at java.util.concurrent.locks.LockSupport.parkNanos(LockSupport.java:215)&#10;        at java.util.concurrent.locks.AbstractQueuedSynchronizer$ConditionObject.awaitNanos(AbstractQueuedSynchronizer.java:2078)&#10;        at org.eclipse.jetty.util.BlockingArrayQueue.poll(BlockingArrayQueue.java:392)&#10;        at org.eclipse.jetty.util.thread.QueuedThreadPool.idleJobPoll(QueuedThreadPool.java:563)&#10;        at org.eclipse.jetty.util.thread.QueuedThreadPool.access$800(QueuedThreadPool.java:48)&#10;        at org.eclipse.jetty.util.thread.QueuedThreadPool$2.run(QueuedThreadPool.java:626)&#10;        at java.lang.Thread.run(Thread.java:748)&#10;&quot;pool-26-thread-23&quot;  prio=5 tid=255 in Object.wait()&#10;java.lang.Thread.State: WAITING (on object monitor)&#10;        at sun.misc.Unsafe.park(Native Method)&#10;        at java.util.concurrent.locks.LockSupport.park(LockSupport.java:175)&#10;        at java.util.concurrent.locks.AbstractQueuedSynchronizer$ConditionObject.await(AbstractQueuedSynchronizer.java:2039)&#10;        at java.util.concurrent.ArrayBlockingQueue.take(ArrayBlockingQueue.java:403)&#10;        at java.util.concurrent.ThreadPoolExecutor.getTask(ThreadPoolExecutor.java:1074)&#10;        at java.util.concurrent.ThreadPoolExecutor.runWorker(ThreadPoolExecutor.java:1134)&#10;        at java.util.concurrent.ThreadPoolExecutor$Worker.run(ThreadPoolExecutor.java:624)&#10;        at java.lang.Thread.run(Thread.java:748)&#10;&quot;pool-36-thread-5&quot;  prio=5 tid=297 in Object.wait()&#10;java.lang.Thread.State: WAITING (on object monitor)&#10;        at sun.misc.Unsafe.park(Native Method)&#10;        at java.util.concurrent.locks.LockSupport.park(LockSupport.java:175)&#10;        at java.util.concurrent.locks.AbstractQueuedSynchronizer$ConditionObject.await(AbstractQueuedSynchronizer.java:2039)&#10;        at java.util.concurrent.ArrayBlockingQueue.take(ArrayBlockingQueue.java:403)&#10;        at java.util.concurrent.ThreadPoolExecutor.getTask(ThreadPoolExecutor.java:1074)&#10;        at java.util.concurrent.ThreadPoolExecutor.runWorker(ThreadPoolExecutor.java:1134)&#10;        at java.util.concurrent.ThreadPoolExecutor$Worker.run(ThreadPoolExecutor.java:624)&#10;        at java.lang.Thread.run(Thread.java:748)&#10;&quot;grpc-default-worker-ELG-3-1&quot; daemon prio=5 tid=432 runnable&#10;java.lang.Thread.State: RUNNABLE&#10;        at sun.nio.ch.EPollArrayWrapper.epollWait(Native Method)&#10;        at sun.nio.ch.EPollArrayWrapper.poll(EPollArrayWrapper.java:269)&#10;        at sun.nio.ch.EPollSelectorImpl.doSelect(EPollSelectorImpl.java:93)&#10;        at sun.nio.ch.SelectorImpl.lockAndDoSelect(SelectorImpl.java:86)&#10;        at sun.nio.ch.SelectorImpl.select(SelectorImpl.java:97)&#10;        at org.apache.ratis.thirdparty.io.netty.channel.nio.SelectedSelectionKeySetSelector.select(SelectedSelectionKeySetSelector.java:62)&#10;        at org.apache.ratis.thirdparty.io.netty.channel.nio.NioEventLoop.select(NioEventLoop.java:753)&#10;        at org.apache.ratis.thirdparty.io.netty.channel.nio.NioEventLoop.run(NioEventLoop.java:408)&#10;        at org.apache.ratis.thirdparty.io.netty.util.concurrent.SingleThreadEventExecutor$5.run(SingleThreadEventExecutor.java:897)&#10;        at org.apache.ratis.thirdparty.io.netty.util.concurrent.FastThreadLocalRunnable.run(FastThreadLocalRunnable.java:30)&#10;        at java.lang.Thread.run(Thread.java:748)&#10;&quot;IPC Server handler 3 on 40661&quot; daemon prio=5 tid=52 timed_waiting&#10;java.lang.Thread.State: TIMED_WAITING&#10;        at sun.misc.Unsafe.park(Native Method)&#10;        at java.util.concurrent.locks.LockSupport.parkNanos(LockSupport.java:215)&#10;        at java.util.concurrent.locks.AbstractQueuedSynchronizer$ConditionObject.awaitNanos(AbstractQueuedSynchronizer.java:2078)&#10;        at java.util.concurrent.LinkedBlockingQueue.poll(LinkedBlockingQueue.java:467)&#10;        at org.apache.hadoop.ipc.CallQueueManager.take(CallQueueManager.java:288)&#10;        at org.apache.hadoop.ipc.Server$Handler.run(Server.java:2668)&#10;&quot;qtp1077873186-96&quot; daemon prio=5 tid=96 timed_waiting&#10;java.lang.Thread.State: TIMED_WAITING&#10;        at sun.misc.Unsafe.park(Native Method)&#10;        at java.util.concurrent.locks.LockSupport.parkNanos(LockSupport.java:215)&#10;        at java.util.concurrent.locks.AbstractQueuedSynchronizer$ConditionObject.awaitNanos(AbstractQueuedSynchronizer.java:2078)&#10;        at org.eclipse.jetty.util.BlockingArrayQueue.poll(BlockingArrayQueue.java:392)&#10;        at org.eclipse.jetty.util.thread.QueuedThreadPool.idleJobPoll(QueuedThreadPool.java:563)&#10;        at org.eclipse.jetty.util.thread.QueuedThreadPool.access$800(QueuedThreadPool.java:48)&#10;        at org.eclipse.jetty.util.thread.QueuedThreadPool$2.run(QueuedThreadPool.java:626)&#10;        at java.lang.Thread.run(Thread.java:748)&#10;&quot;qtp520082748-219&quot; daemon prio=5 tid=219 timed_waiting&#10;java.lang.Thread.State: TIMED_WAITING&#10;        at sun.misc.Unsafe.park(Native Method)&#10;        at java.util.concurrent.locks.LockSupport.parkNanos(LockSupport.java:215)&#10;        at java.util.concurrent.locks.AbstractQueuedSynchronizer$ConditionObject.awaitNanos(AbstractQueuedSynchronizer.java:2078)&#10;        at org.eclipse.jetty.util.BlockingArrayQueue.poll(BlockingArrayQueue.java:392)&#10;        at org.eclipse.jetty.util.thread.QueuedThreadPool.idleJobPoll(QueuedThreadPool.java:563)&#10;        at org.eclipse.jetty.util.thread.QueuedThreadPool.access$800(QueuedThreadPool.java:48)&#10;        at org.eclipse.jetty.util.thread.QueuedThreadPool$2.run(QueuedThreadPool.java:626)&#10;        at java.lang.Thread.run(Thread.java:748)&#10;&quot;pool-26-thread-54&quot;  prio=5 tid=286 in Object.wait()&#10;java.lang.Thread.State: WAITING (on object monitor)&#10;        at sun.misc.Unsafe.park(Native Method)&#10;        at java.util.concurrent.locks.LockSupport.park(LockSupport.java:175)&#10;        at java.util.concurrent.locks.AbstractQueuedSynchronizer$ConditionObject.await(AbstractQueuedSynchronizer.java:2039)&#10;        at java.util.concurrent.ArrayBlockingQueue.take(ArrayBlockingQueue.java:403)&#10;        at java.util.concurrent.ThreadPoolExecutor.getTask(ThreadPoolExecutor.java:1074)&#10;        at java.util.concurrent.ThreadPoolExecutor.runWorker(ThreadPoolExecutor.java:1134)&#10;        at java.util.concurrent.ThreadPoolExecutor$Worker.run(ThreadPoolExecutor.java:624)&#10;        at java.lang.Thread.run(Thread.java:748)&#10;&quot;pool-36-thread-46&quot;  prio=5 tid=338 in Object.wait()&#10;java.lang.Thread.State: WAITING (on object monitor)&#10;        at sun.misc.Unsafe.park(Native Method)&#10;        at java.util.concurrent.locks.LockSupport.park(LockSupport.java:175)&#10;        at java.util.concurrent.locks.AbstractQueuedSynchronizer$ConditionObject.await(AbstractQueuedSynchronizer.java:2039)&#10;        at java.util.concurrent.ArrayBlockingQueue.take(ArrayBlockingQueue.java:403)&#10;        at java.util.concurrent.ThreadPoolExecutor.getTask(ThreadPoolExecutor.java:1074)&#10;        at java.util.concurrent.ThreadPoolExecutor.runWorker(ThreadPoolExecutor.java:1134)&#10;        at java.util.concurrent.ThreadPoolExecutor$Worker.run(ThreadPoolExecutor.java:624)&#10;        at java.lang.Thread.run(Thread.java:748)&#10;&quot;grpc-default-worker-ELG-3-3&quot; daemon prio=5 tid=438 runnable&#10;java.lang.Thread.State: RUNNABLE&#10;        at sun.nio.ch.EPollArrayWrapper.epollWait(Native Method)&#10;        at sun.nio.ch.EPollArrayWrapper.poll(EPollArrayWrapper.java:269)&#10;        at sun.nio.ch.EPollSelectorImpl.doSelect(EPollSelectorImpl.java:93)&#10;        at sun.nio.ch.SelectorImpl.lockAndDoSelect(SelectorImpl.java:86)&#10;        at sun.nio.ch.SelectorImpl.select(SelectorImpl.java:97)&#10;        at org.apache.ratis.thirdparty.io.netty.channel.nio.SelectedSelectionKeySetSelector.select(SelectedSelectionKeySetSelector.java:62)&#10;        at org.apache.ratis.thirdparty.io.netty.channel.nio.NioEventLoop.select(NioEventLoop.java:753)&#10;        at org.apache.ratis.thirdparty.io.netty.channel.nio.NioEventLoop.run(NioEventLoop.java:408)&#10;        at org.apache.ratis.thirdparty.io.netty.util.concurrent.SingleThreadEventExecutor$5.run(SingleThreadEventExecutor.java:897)&#10;        at org.apache.ratis.thirdparty.io.netty.util.concurrent.FastThreadLocalRunnable.run(FastThreadLocalRunnable.java:30)&#10;        at java.lang.Thread.run(Thread.java:748)&#10;&quot;metrics-hadoop-metrics2-reporter-13-thread-1&quot; daemon prio=5 tid=470 timed_waiting&#10;java.lang.Thread.State: TIMED_WAITING&#10;        at sun.misc.Unsafe.park(Native Method)&#10;        at java.util.concurrent.locks.LockSupport.parkNanos(LockSupport.java:215)&#10;        at java.util.concurrent.locks.AbstractQueuedSynchronizer$ConditionObject.awaitNanos(AbstractQueuedSynchronizer.java:2078)&#10;        at java.util.concurrent.ScheduledThreadPoolExecutor$DelayedWorkQueue.take(ScheduledThreadPoolExecutor.java:1093)&#10;        at java.util.concurrent.ScheduledThreadPoolExecutor$DelayedWorkQueue.take(ScheduledThreadPoolExecutor.java:809)&#10;        at java.util.concurrent.ThreadPoolExecutor.getTask(ThreadPoolExecutor.java:1074)&#10;        at java.util.concurrent.ThreadPoolExecutor.runWorker(ThreadPoolExecutor.java:1134)&#10;        at java.util.concurrent.ThreadPoolExecutor$Worker.run(ThreadPoolExecutor.java:624)&#10;        at java.lang.Thread.run(Thread.java:748)&#10;&quot;qtp231182885-162&quot; daemon prio=5 tid=162 timed_waiting&#10;java.lang.Thread.State: TIMED_WAITING&#10;        at sun.misc.Unsafe.park(Native Method)&#10;        at java.util.concurrent.locks.LockSupport.parkNanos(LockSupport.java:215)&#10;        at java.util.concurrent.locks.AbstractQueuedSynchronizer$ConditionObject.awaitNanos(AbstractQueuedSynchronizer.java:2078)&#10;        at org.eclipse.jetty.util.BlockingArrayQueue.poll(BlockingArrayQueue.java:392)&#10;        at org.eclipse.jetty.util.thread.QueuedThreadPool.idleJobPoll(QueuedThreadPool.java:563)&#10;        at org.eclipse.jetty.util.thread.QueuedThreadPool.access$800(QueuedThreadPool.java:48)&#10;        at org.eclipse.jetty.util.thread.QueuedThreadPool$2.run(QueuedThreadPool.java:626)&#10;        at java.lang.Thread.run(Thread.java:748)&#10;&quot;pool-46-thread-4&quot;  prio=5 tid=356 in Object.wait()&#10;java.lang.Thread.State: WAITING (on object monitor)&#10;        at sun.misc.Unsafe.park(Native Method)&#10;        at java.util.concurrent.locks.LockSupport.park(LockSupport.java:175)&#10;        at java.util.concurrent.locks.AbstractQueuedSynchronizer$ConditionObject.await(AbstractQueuedSynchronizer.java:2039)&#10;        at java.util.concurrent.ArrayBlockingQueue.take(ArrayBlockingQueue.java:403)&#10;        at java.util.concurrent.ThreadPoolExecutor.getTask(ThreadPoolExecutor.java:1074)&#10;        at java.util.concurrent.ThreadPoolExecutor.runWorker(ThreadPoolExecutor.java:1134)&#10;        at java.util.concurrent.ThreadPoolExecutor$Worker.run(ThreadPoolExecutor.java:624)&#10;        at java.lang.Thread.run(Thread.java:748)&#10;&quot;pool-36-thread-8&quot;  prio=5 tid=300 in Object.wait()&#10;java.lang.Thread.State: WAITING (on object monitor)&#10;        at sun.misc.Unsafe.park(Native Method)&#10;        at java.util.concurrent.locks.LockSupport.park(LockSupport.java:175)&#10;        at java.util.concurrent.locks.AbstractQueuedSynchronizer$ConditionObject.await(AbstractQueuedSynchronizer.java:2039)&#10;        at java.util.concurrent.ArrayBlockingQueue.take(ArrayBlockingQueue.java:403)&#10;        at java.util.concurrent.ThreadPoolExecutor.getTask(ThreadPoolExecutor.java:1074)&#10;        at java.util.concurrent.ThreadPoolExecutor.runWorker(ThreadPoolExecutor.java:1134)&#10;        at java.util.concurrent.ThreadPoolExecutor$Worker.run(ThreadPoolExecutor.java:624)&#10;        at java.lang.Thread.run(Thread.java:748)&#10;&quot;metrics-hadoop-metrics2-reporter-15-thread-1&quot; daemon prio=5 tid=480 timed_waiting&#10;java.lang.Thread.State: TIMED_WAITING&#10;        at sun.misc.Unsafe.park(Native Method)&#10;        at java.util.concurrent.locks.LockSupport.parkNanos(LockSupport.java:215)&#10;        at java.util.concurrent.locks.AbstractQueuedSynchronizer$ConditionObject.awaitNanos(AbstractQueuedSynchronizer.java:2078)&#10;        at java.util.concurrent.ScheduledThreadPoolExecutor$DelayedWorkQueue.take(ScheduledThreadPoolExecutor.java:1093)&#10;        at java.util.concurrent.ScheduledThreadPoolExecutor$DelayedWorkQueue.take(ScheduledThreadPoolExecutor.java:809)&#10;        at java.util.concurrent.ThreadPoolExecutor.getTask(ThreadPoolExecutor.java:1074)&#10;        at java.util.concurrent.ThreadPoolExecutor.runWorker(ThreadPoolExecutor.java:1134)&#10;        at java.util.concurrent.ThreadPoolExecutor$Worker.run(ThreadPoolExecutor.java:624)&#10;        at java.lang.Thread.run(Thread.java:748)&#10;&quot;RatisPipelineUtilsThread&quot;  prio=5 tid=424 timed_waiting&#10;java.lang.Thread.State: TIMED_WAITING&#10;        at sun.misc.Unsafe.park(Native Method)&#10;        at java.util.concurrent.locks.LockSupport.parkNanos(LockSupport.java:215)&#10;        at java.util.concurrent.locks.AbstractQueuedSynchronizer$ConditionObject.awaitNanos(AbstractQueuedSynchronizer.java:2078)&#10;        at java.util.concurrent.ScheduledThreadPoolExecutor$DelayedWorkQueue.take(ScheduledThreadPoolExecutor.java:1093)&#10;        at java.util.concurrent.ScheduledThreadPoolExecutor$DelayedWorkQueue.take(ScheduledThreadPoolExecutor.java:809)&#10;        at java.util.concurrent.ThreadPoolExecutor.getTask(ThreadPoolExecutor.java:1074)&#10;        at java.util.concurrent.ThreadPoolExecutor.runWorker(ThreadPoolExecutor.java:1134)&#10;        at java.util.concurrent.ThreadPoolExecutor$Worker.run(ThreadPoolExecutor.java:624)&#10;        at java.lang.Thread.run(Thread.java:748)&#10;&quot;pool-36-thread-7&quot;  prio=5 tid=299 in Object.wait()&#10;java.lang.Thread.State: WAITING (on object monitor)&#10;        at sun.misc.Unsafe.park(Native Method)&#10;        at java.util.concurrent.locks.LockSupport.park(LockSupport.java:175)&#10;        at java.util.concurrent.locks.AbstractQueuedSynchronizer$ConditionObject.await(AbstractQueuedSynchronizer.java:2039)&#10;        at java.util.concurrent.ArrayBlockingQueue.take(ArrayBlockingQueue.java:403)&#10;        at java.util.concurrent.ThreadPoolExecutor.getTask(ThreadPoolExecutor.java:1074)&#10;        at java.util.concurrent.ThreadPoolExecutor.runWorker(ThreadPoolExecutor.java:1134)&#10;        at java.util.concurrent.ThreadPoolExecutor$Worker.run(ThreadPoolExecutor.java:624)&#10;        at java.lang.Thread.run(Thread.java:748)&#10;&quot;java.util.concurrent.ThreadPoolExecutor$Worker@30c68409[State = -1, empty queue]&quot; daemon prio=5 tid=668 timed_waiting&#10;java.lang.Thread.State: TIMED_WAITING&#10;        at sun.misc.Unsafe.park(Native Method)&#10;        at java.util.concurrent.locks.LockSupport.parkNanos(LockSupport.java:215)&#10;        at java.util.concurrent.locks.AbstractQueuedSynchronizer$ConditionObject.awaitNanos(AbstractQueuedSynchronizer.java:2078)&#10;        at java.util.concurrent.ScheduledThreadPoolExecutor$DelayedWorkQueue.take(ScheduledThreadPoolExecutor.java:1093)&#10;        at java.util.concurrent.ScheduledThreadPoolExecutor$DelayedWorkQueue.take(ScheduledThreadPoolExecutor.java:809)&#10;        at java.util.concurrent.ThreadPoolExecutor.getTask(ThreadPoolExecutor.java:1074)&#10;        at java.util.concurrent.ThreadPoolExecutor.runWorker(ThreadPoolExecutor.java:1134)&#10;        at java.util.concurrent.ThreadPoolExecutor$Worker.run(ThreadPoolExecutor.java:624)&#10;        at java.lang.Thread.run(Thread.java:748)&#10;&quot;4a03179f-3169-4ac7-a075-259968512ef0@group-83C26644CFDA-StateMachineUpdater&quot; daemon prio=5 tid=637 in Object.wait()&#10;java.lang.Thread.State: WAITING (on object monitor)&#10;        at java.lang.Object.wait(Native Method)&#10;        at java.lang.Object.wait(Object.java:502)&#10;        at org.apache.ratis.server.impl.StateMachineUpdater.waitForCommit(StateMachineUpdater.java:194)&#10;        at org.apache.ratis.server.impl.StateMachineUpdater.run(StateMachineUpdater.java:159)&#10;        at java.lang.Thread.run(Thread.java:748)&#10;&quot;IPC Server handler 5 on 40661&quot; daemon prio=5 tid=54 timed_waiting&#10;java.lang.Thread.State: TIMED_WAITING&#10;        at sun.misc.Unsafe.park(Native Method)&#10;        at java.util.concurrent.locks.LockSupport.parkNanos(LockSupport.java:215)&#10;        at java.util.concurrent.locks.AbstractQueuedSynchronizer$ConditionObject.awaitNanos(AbstractQueuedSynchronizer.java:2078)&#10;        at java.util.concurrent.LinkedBlockingQueue.poll(LinkedBlockingQueue.java:467)&#10;        at org.apache.hadoop.ipc.CallQueueManager.take(CallQueueManager.java:288)&#10;        at org.apache.hadoop.ipc.Server$Handler.run(Server.java:2668)&#10;&quot;IPC Server handler 2 on 40661&quot; daemon prio=5 tid=51 timed_waiting&#10;java.lang.Thread.State: TIMED_WAITING&#10;        at sun.misc.Unsafe.park(Native Method)&#10;        at java.util.concurrent.locks.LockSupport.parkNanos(LockSupport.java:215)&#10;        at java.util.concurrent.locks.AbstractQueuedSynchronizer$ConditionObject.awaitNanos(AbstractQueuedSynchronizer.java:2078)&#10;        at java.util.concurrent.LinkedBlockingQueue.poll(LinkedBlockingQueue.java:467)&#10;        at org.apache.hadoop.ipc.CallQueueManager.take(CallQueueManager.java:288)&#10;        at org.apache.hadoop.ipc.Server$Handler.run(Server.java:2668)&#10;&quot;IPC Server handler 5 on 34353&quot; daemon prio=5 tid=74 timed_waiting&#10;java.lang.Thread.State: TIMED_WAITING&#10;        at sun.misc.Unsafe.park(Native Method)&#10;        at java.util.concurrent.locks.LockSupport.parkNanos(LockSupport.java:215)&#10;        at java.util.concurrent.locks.AbstractQueuedSynchronizer$ConditionObject.awaitNanos(AbstractQueuedSynchronizer.java:2078)&#10;        at java.util.concurrent.LinkedBlockingQueue.poll(LinkedBlockingQueue.java:467)&#10;        at org.apache.hadoop.ipc.CallQueueManager.take(CallQueueManager.java:288)&#10;        at org.apache.hadoop.ipc.Server$Handler.run(Server.java:2668)&#10;&quot;qtp520082748-216&quot; daemon prio=5 tid=216 timed_waiting&#10;java.lang.Thread.State: TIMED_WAITING&#10;        at sun.misc.Unsafe.park(Native Method)&#10;        at java.util.concurrent.locks.LockSupport.parkNanos(LockSupport.java:215)&#10;        at java.util.concurrent.locks.AbstractQueuedSynchronizer$ConditionObject.awaitNanos(AbstractQueuedSynchronizer.java:2078)&#10;        at org.eclipse.jetty.util.BlockingArrayQueue.poll(BlockingArrayQueue.java:392)&#10;        at org.eclipse.jetty.util.thread.QueuedThreadPool.idleJobPoll(QueuedThreadPool.java:563)&#10;        at org.eclipse.jetty.util.thread.QueuedThreadPool.access$800(QueuedThreadPool.java:48)&#10;        at org.eclipse.jetty.util.thread.QueuedThreadPool$2.run(QueuedThreadPool.java:626)&#10;        at java.lang.Thread.run(Thread.java:748)&#10;&quot;qtp1536399059-190&quot; daemon prio=5 tid=190 timed_waiting&#10;java.lang.Thread.State: TIMED_WAITING&#10;        at sun.misc.Unsafe.park(Native Method)&#10;        at java.util.concurrent.locks.LockSupport.parkNanos(LockSupport.java:215)&#10;        at java.util.concurrent.locks.AbstractQueuedSynchronizer$ConditionObject.awaitNanos(AbstractQueuedSynchronizer.java:2078)&#10;        at org.eclipse.jetty.util.BlockingArrayQueue.poll(BlockingArrayQueue.java:392)&#10;        at org.eclipse.jetty.util.thread.QueuedThreadPool.idleJobPoll(QueuedThreadPool.java:563)&#10;        at org.eclipse.jetty.util.thread.QueuedThreadPool.access$800(QueuedThreadPool.java:48)&#10;        at org.eclipse.jetty.util.thread.QueuedThreadPool$2.run(QueuedThreadPool.java:626)&#10;        at java.lang.Thread.run(Thread.java:748)&#10;&quot;BlockDeletingService#1&quot; daemon prio=5 tid=418 in Object.wait()&#10;java.lang.Thread.State: WAITING (on object monitor)&#10;        at sun.misc.Unsafe.park(Native Method)&#10;        at java.util.concurrent.locks.LockSupport.park(LockSupport.java:175)&#10;        at java.util.concurrent.locks.AbstractQueuedSynchronizer$ConditionObject.await(AbstractQueuedSynchronizer.java:2039)&#10;        at java.util.concurrent.ScheduledThreadPoolExecutor$DelayedWorkQueue.take(ScheduledThreadPoolExecutor.java:1088)&#10;        at java.util.concurrent.ScheduledThreadPoolExecutor$DelayedWorkQueue.take(ScheduledThreadPoolExecutor.java:809)&#10;        at java.util.concurrent.ThreadPoolExecutor.getTask(ThreadPoolExecutor.java:1074)&#10;        at java.util.concurrent.ThreadPoolExecutor.runWorker(ThreadPoolExecutor.java:1134)&#10;        at java.util.concurrent.ThreadPoolExecutor$Worker.run(ThreadPoolExecutor.java:624)&#10;        at java.lang.Thread.run(Thread.java:748)&#10;&quot;pool-26-thread-3&quot;  prio=5 tid=235 in Object.wait()&#10;java.lang.Thread.State: WAITING (on object monitor)&#10;        at sun.misc.Unsafe.park(Native Method)&#10;        at java.util.concurrent.locks.LockSupport.park(LockSupport.java:175)&#10;        at java.util.concurrent.locks.AbstractQueuedSynchronizer$ConditionObject.await(AbstractQueuedSynchronizer.java:2039)&#10;        at java.util.concurrent.ArrayBlockingQueue.take(ArrayBlockingQueue.java:403)&#10;        at java.util.concurrent.ThreadPoolExecutor.getTask(ThreadPoolExecutor.java:1074)&#10;        at java.util.concurrent.ThreadPoolExecutor.runWorker(ThreadPoolExecutor.java:1134)&#10;        at java.util.concurrent.ThreadPoolExecutor$Worker.run(ThreadPoolExecutor.java:624)&#10;        at java.lang.Thread.run(Thread.java:748)&#10;&quot;pool-36-thread-21&quot;  prio=5 tid=313 in Object.wait()&#10;java.lang.Thread.State: WAITING (on object monitor)&#10;        at sun.misc.Unsafe.park(Native Method)&#10;        at java.util.concurrent.locks.LockSupport.park(LockSupport.java:175)&#10;        at java.util.concurrent.locks.AbstractQueuedSynchronizer$ConditionObject.await(AbstractQueuedSynchronizer.java:2039)&#10;        at java.util.concurrent.ArrayBlockingQueue.take(ArrayBlockingQueue.java:403)&#10;        at java.util.concurrent.ThreadPoolExecutor.getTask(ThreadPoolExecutor.java:1074)&#10;        at java.util.concurrent.ThreadPoolExecutor.runWorker(ThreadPoolExecutor.java:1134)&#10;        at java.util.concurrent.ThreadPoolExecutor$Worker.run(ThreadPoolExecutor.java:624)&#10;        at java.lang.Thread.run(Thread.java:748)&#10;&quot;grpc-default-worker-ELG-3-2&quot; daemon prio=5 tid=434 runnable&#10;java.lang.Thread.State: RUNNABLE&#10;        at sun.nio.ch.EPollArrayWrapper.epollWait(Native Method)&#10;        at sun.nio.ch.EPollArrayWrapper.poll(EPollArrayWrapper.java:269)&#10;        at sun.nio.ch.EPollSelectorImpl.doSelect(EPollSelectorImpl.java:93)&#10;        at sun.nio.ch.SelectorImpl.lockAndDoSelect(SelectorImpl.java:86)&#10;        at sun.nio.ch.SelectorImpl.select(SelectorImpl.java:97)&#10;        at org.apache.ratis.thirdparty.io.netty.channel.nio.SelectedSelectionKeySetSelector.select(SelectedSelectionKeySetSelector.java:62)&#10;        at org.apache.ratis.thirdparty.io.netty.channel.nio.NioEventLoop.select(NioEventLoop.java:753)&#10;        at org.apache.ratis.thirdparty.io.netty.channel.nio.NioEventLoop.run(NioEventLoop.java:408)&#10;        at org.apache.ratis.thirdparty.io.netty.util.concurrent.SingleThreadEventExecutor$5.run(SingleThreadEventExecutor.java:897)&#10;        at org.apache.ratis.thirdparty.io.netty.util.concurrent.FastThreadLocalRunnable.run(FastThreadLocalRunnable.java:30)&#10;        at java.lang.Thread.run(Thread.java:748)&#10;&quot;IPC Server handler 6 on 40661&quot; daemon prio=5 tid=55 timed_waiting&#10;java.lang.Thread.State: TIMED_WAITING&#10;        at sun.misc.Unsafe.park(Native Method)&#10;        at java.util.concurrent.locks.LockSupport.parkNanos(LockSupport.java:215)&#10;        at java.util.concurrent.locks.AbstractQueuedSynchronizer$ConditionObject.awaitNanos(AbstractQueuedSynchronizer.java:2078)&#10;        at java.util.concurrent.LinkedBlockingQueue.poll(LinkedBlockingQueue.java:467)&#10;        at org.apache.hadoop.ipc.CallQueueManager.take(CallQueueManager.java:288)&#10;        at org.apache.hadoop.ipc.Server$Handler.run(Server.java:2668)&#10;&quot;BlockDeletingService#1&quot; daemon prio=5 tid=419 in Object.wait()&#10;java.lang.Thread.State: WAITING (on object monitor)&#10;        at sun.misc.Unsafe.park(Native Method)&#10;        at java.util.concurrent.locks.LockSupport.park(LockSupport.java:175)&#10;        at java.util.concurrent.locks.AbstractQueuedSynchronizer$ConditionObject.await(AbstractQueuedSynchronizer.java:2039)&#10;        at java.util.concurrent.ScheduledThreadPoolExecutor$DelayedWorkQueue.take(ScheduledThreadPoolExecutor.java:1088)&#10;        at java.util.concurrent.ScheduledThreadPoolExecutor$DelayedWorkQueue.take(ScheduledThreadPoolExecutor.java:809)&#10;        at java.util.concurrent.ThreadPoolExecutor.getTask(ThreadPoolExecutor.java:1074)&#10;        at java.util.concurrent.ThreadPoolExecutor.runWorker(ThreadPoolExecutor.java:1134)&#10;        at java.util.concurrent.ThreadPoolExecutor$Worker.run(ThreadPoolExecutor.java:624)&#10;        at java.lang.Thread.run(Thread.java:748)&#10;&quot;pool-26-thread-46&quot;  prio=5 tid=278 in Object.wait()&#10;java.lang.Thread.State: WAITING (on object monitor)&#10;        at sun.misc.Unsafe.park(Native Method)&#10;        at java.util.concurrent.locks.LockSupport.park(LockSupport.java:175)&#10;        at java.util.concurrent.locks.AbstractQueuedSynchronizer$ConditionObject.await(AbstractQueuedSynchronizer.java:2039)&#10;        at java.util.concurrent.ArrayBlockingQueue.take(ArrayBlockingQueue.java:403)&#10;        at java.util.concurrent.ThreadPoolExecutor.getTask(ThreadPoolExecutor.java:1074)&#10;        at java.util.concurrent.ThreadPoolExecutor.runWorker(ThreadPoolExecutor.java:1134)&#10;        at java.util.concurrent.ThreadPoolExecutor$Worker.run(ThreadPoolExecutor.java:624)&#10;        at java.lang.Thread.run(Thread.java:748)&#10;&quot;IPC Server handler 10 on 33987&quot; daemon prio=5 tid=39 timed_waiting&#10;java.lang.Thread.State: TIMED_WAITING&#10;        at sun.misc.Unsafe.park(Native Method)&#10;        at java.util.concurrent.locks.LockSupport.parkNanos(LockSupport.java:215)&#10;        at java.util.concurrent.locks.AbstractQueuedSynchronizer$ConditionObject.awaitNanos(AbstractQueuedSynchronizer.java:2078)&#10;        at java.util.concurrent.LinkedBlockingQueue.poll(LinkedBlockingQueue.java:467)&#10;        at org.apache.hadoop.ipc.CallQueueManager.take(CallQueueManager.java:288)&#10;        at org.apache.hadoop.ipc.Server$Handler.run(Server.java:2668)&#10;&quot;pool-46-thread-5&quot;  prio=5 tid=357 in Object.wait()&#10;java.lang.Thread.State: WAITING (on object monitor)&#10;        at sun.misc.Unsafe.park(Native Method)&#10;        at java.util.concurrent.locks.LockSupport.park(LockSupport.java:175)&#10;        at java.util.concurrent.locks.AbstractQueuedSynchronizer$ConditionObject.await(AbstractQueuedSynchronizer.java:2039)&#10;        at java.util.concurrent.ArrayBlockingQueue.take(ArrayBlockingQueue.java:403)&#10;        at java.util.concurrent.ThreadPoolExecutor.getTask(ThreadPoolExecutor.java:1074)&#10;        at java.util.concurrent.ThreadPoolExecutor.runWorker(ThreadPoolExecutor.java:1134)&#10;        at java.util.concurrent.ThreadPoolExecutor$Worker.run(ThreadPoolExecutor.java:624)&#10;        at java.lang.Thread.run(Thread.java:748)&#10;&quot;qtp231182885-160-acceptor-0@401379dd-ServerConnector@1deceb67{HTTP/1.1,[http/1.1]}{0.0.0.0:46617}&quot; daemon prio=3 tid=160 runnable&#10;java.lang.Thread.State: RUNNABLE&#10;        at sun.nio.ch.ServerSocketChannelImpl.accept0(Native Method)&#10;        at sun.nio.ch.ServerSocketChannelImpl.accept(ServerSocketChannelImpl.java:422)&#10;        at sun.nio.ch.ServerSocketChannelImpl.accept(ServerSocketChannelImpl.java:250)&#10;        at org.eclipse.jetty.server.ServerConnector.accept(ServerConnector.java:397)&#10;        at org.eclipse.jetty.server.AbstractConnector$Acceptor.run(AbstractConnector.java:601)&#10;        at org.eclipse.jetty.util.thread.QueuedThreadPool.runJob(QueuedThreadPool.java:671)&#10;        at org.eclipse.jetty.util.thread.QueuedThreadPool$2.run(QueuedThreadPool.java:589)&#10;        at java.lang.Thread.run(Thread.java:748)&#10;&quot;IPC Server handler 5 on 35897&quot; daemon prio=5 tid=119 timed_waiting&#10;java.lang.Thread.State: TIMED_WAITING&#10;        at sun.misc.Unsafe.park(Native Method)&#10;        at java.util.concurrent.locks.LockSupport.parkNanos(LockSupport.java:215)&#10;        at java.util.concurrent.locks.AbstractQueuedSynchronizer$ConditionObject.awaitNanos(AbstractQueuedSynchronizer.java:2078)&#10;        at java.util.concurrent.LinkedBlockingQueue.poll(LinkedBlockingQueue.java:467)&#10;        at org.apache.hadoop.ipc.CallQueueManager.take(CallQueueManager.java:288)&#10;        at org.apache.hadoop.ipc.Server$Handler.run(Server.java:2668)&#10;&quot;Timer-0&quot;  prio=5 tid=112 timed_waiting&#10;java.lang.Thread.State: TIMED_WAITING&#10;        at java.lang.Object.wait(Native Method)&#10;        at java.util.TimerThread.mainLoop(Timer.java:552)&#10;        at java.util.TimerThread.run(Timer.java:505)&#10;&quot;IPC Server handler 6 on 34353&quot; daemon prio=5 tid=75 timed_waiting&#10;java.lang.Thread.State: TIMED_WAITING&#10;        at sun.misc.Unsafe.park(Native Method)&#10;        at java.util.concurrent.locks.LockSupport.parkNanos(LockSupport.java:215)&#10;        at java.util.concurrent.locks.AbstractQueuedSynchronizer$ConditionObject.awaitNanos(AbstractQueuedSynchronizer.java:2078)&#10;        at java.util.concurrent.LinkedBlockingQueue.poll(LinkedBlockingQueue.java:467)&#10;        at org.apache.hadoop.ipc.CallQueueManager.take(CallQueueManager.java:288)&#10;        at org.apache.hadoop.ipc.Server$Handler.run(Server.java:2668)&#10;&quot;BlockDeletingService#0&quot; daemon prio=5 tid=414 in Object.wait()&#10;java.lang.Thread.State: WAITING (on object monitor)&#10;        at sun.misc.Unsafe.park(Native Method)&#10;        at java.util.concurrent.locks.LockSupport.park(LockSupport.java:175)&#10;        at java.util.concurrent.locks.AbstractQueuedSynchronizer$ConditionObject.await(AbstractQueuedSynchronizer.java:2039)&#10;        at java.util.concurrent.ScheduledThreadPoolExecutor$DelayedWorkQueue.take(ScheduledThreadPoolExecutor.java:1088)&#10;        at java.util.concurrent.ScheduledThreadPoolExecutor$DelayedWorkQueue.take(ScheduledThreadPoolExecutor.java:809)&#10;        at java.util.concurrent.ThreadPoolExecutor.getTask(ThreadPoolExecutor.java:1074)&#10;        at java.util.concurrent.ThreadPoolExecutor.runWorker(ThreadPoolExecutor.java:1134)&#10;        at java.util.concurrent.ThreadPoolExecutor$Worker.run(ThreadPoolExecutor.java:624)&#10;        at java.lang.Thread.run(Thread.java:748)&#10;&quot;pool-36-thread-12&quot;  prio=5 tid=304 in Object.wait()&#10;java.lang.Thread.State: WAITING (on object monitor)&#10;        at sun.misc.Unsafe.park(Native Method)&#10;        at java.util.concurrent.locks.LockSupport.park(LockSupport.java:175)&#10;        at java.util.concurrent.locks.AbstractQueuedSynchronizer$ConditionObject.await(AbstractQueuedSynchronizer.java:2039)&#10;        at java.util.concurrent.ArrayBlockingQueue.take(ArrayBlockingQueue.java:403)&#10;        at java.util.concurrent.ThreadPoolExecutor.getTask(ThreadPoolExecutor.java:1074)&#10;        at java.util.concurrent.ThreadPoolExecutor.runWorker(ThreadPoolExecutor.java:1134)&#10;        at java.util.concurrent.ThreadPoolExecutor$Worker.run(ThreadPoolExecutor.java:624)&#10;        at java.lang.Thread.run(Thread.java:748)&#10;&quot;BlockDeletingService#9&quot; daemon prio=5 tid=822 in Object.wait()&#10;java.lang.Thread.State: WAITING (on object monitor)&#10;        at sun.misc.Unsafe.park(Native Method)&#10;        at java.util.concurrent.locks.LockSupport.park(LockSupport.java:175)&#10;        at java.util.concurrent.locks.AbstractQueuedSynchronizer$ConditionObject.await(AbstractQueuedSynchronizer.java:2039)&#10;        at java.util.concurrent.ScheduledThreadPoolExecutor$DelayedWorkQueue.take(ScheduledThreadPoolExecutor.java:1088)&#10;        at java.util.concurrent.ScheduledThreadPoolExecutor$DelayedWorkQueue.take(ScheduledThreadPoolExecutor.java:809)&#10;        at java.util.concurrent.ThreadPoolExecutor.getTask(ThreadPoolExecutor.java:1074)&#10;        at java.util.concurrent.ThreadPoolExecutor.runWorker(ThreadPoolExecutor.java:1134)&#10;        at java.util.concurrent.ThreadPoolExecutor$Worker.run(ThreadPoolExecutor.java:624)&#10;        at java.lang.Thread.run(Thread.java:748)&#10;&quot;pool-36-thread-28&quot;  prio=5 tid=320 in Object.wait()&#10;java.lang.Thread.State: WAITING (on object monitor)&#10;        at sun.misc.Unsafe.park(Native Method)&#10;        at java.util.concurrent.locks.LockSupport.park(LockSupport.java:175)&#10;        at java.util.concurrent.locks.AbstractQueuedSynchronizer$ConditionObject.await(AbstractQueuedSynchronizer.java:2039)&#10;        at java.util.concurrent.ArrayBlockingQueue.take(ArrayBlockingQueue.java:403)&#10;        at java.util.concurrent.ThreadPoolExecutor.getTask(ThreadPoolExecutor.java:1074)&#10;        at java.util.concurrent.ThreadPoolExecutor.runWorker(ThreadPoolExecutor.java:1134)&#10;        at java.util.concurrent.ThreadPoolExecutor$Worker.run(ThreadPoolExecutor.java:624)&#10;        at java.lang.Thread.run(Thread.java:748)&#10;&quot;IPC Server handler 16 on 40661&quot; daemon prio=5 tid=65 timed_waiting&#10;java.lang.Thread.State: TIMED_WAITING&#10;        at sun.misc.Unsafe.park(Native Method)&#10;        at java.util.concurrent.locks.LockSupport.parkNanos(LockSupport.java:215)&#10;        at java.util.concurrent.locks.AbstractQueuedSynchronizer$ConditionObject.awaitNanos(AbstractQueuedSynchronizer.java:2078)&#10;        at java.util.concurrent.LinkedBlockingQueue.poll(LinkedBlockingQueue.java:467)&#10;        at org.apache.hadoop.ipc.CallQueueManager.take(CallQueueManager.java:288)&#10;        at org.apache.hadoop.ipc.Server$Handler.run(Server.java:2668)&#10;&quot;IPC Server listener on 40661&quot; daemon prio=5 tid=18 runnable&#10;java.lang.Thread.State: RUNNABLE&#10;        at sun.nio.ch.EPollArrayWrapper.epollWait(Native Method)&#10;        at sun.nio.ch.EPollArrayWrapper.poll(EPollArrayWrapper.java:269)&#10;        at sun.nio.ch.EPollSelectorImpl.doSelect(EPollSelectorImpl.java:93)&#10;        at sun.nio.ch.SelectorImpl.lockAndDoSelect(SelectorImpl.java:86)&#10;        at sun.nio.ch.SelectorImpl.select(SelectorImpl.java:97)&#10;        at sun.nio.ch.SelectorImpl.select(SelectorImpl.java:101)&#10;        at org.apache.hadoop.ipc.Server$Listener.run(Server.java:1159)&#10;&quot;IPC Server handler 1 on 34353&quot; daemon prio=5 tid=70 timed_waiting&#10;java.lang.Thread.State: TIMED_WAITING&#10;        at sun.misc.Unsafe.park(Native Method)&#10;        at java.util.concurrent.locks.LockSupport.parkNanos(LockSupport.java:215)&#10;        at java.util.concurrent.locks.AbstractQueuedSynchronizer$ConditionObject.awaitNanos(AbstractQueuedSynchronizer.java:2078)&#10;        at java.util.concurrent.LinkedBlockingQueue.poll(LinkedBlockingQueue.java:467)&#10;        at org.apache.hadoop.ipc.CallQueueManager.take(CallQueueManager.java:288)&#10;        at org.apache.hadoop.ipc.Server$Handler.run(Server.java:2668)&#10;&quot;Datanode ReportManager Thread - 3&quot; daemon prio=5 tid=228 in Object.wait()&#10;java.lang.Thread.State: WAITING (on object monitor)&#10;        at sun.misc.Unsafe.park(Native Method)&#10;        at java.util.concurrent.locks.LockSupport.park(LockSupport.java:175)&#10;        at java.util.concurrent.locks.AbstractQueuedSynchronizer$ConditionObject.await(AbstractQueuedSynchronizer.java:2039)&#10;        at java.util.concurrent.ScheduledThreadPoolExecutor$DelayedWorkQueue.take(ScheduledThreadPoolExecutor.java:1088)&#10;        at java.util.concurrent.ScheduledThreadPoolExecutor$DelayedWorkQueue.take(ScheduledThreadPoolExecutor.java:809)&#10;        at java.util.concurrent.ThreadPoolExecutor.getTask(ThreadPoolExecutor.java:1074)&#10;        at java.util.concurrent.ThreadPoolExecutor.runWorker(ThreadPoolExecutor.java:1134)&#10;        at java.util.concurrent.ThreadPoolExecutor$Worker.run(ThreadPoolExecutor.java:624)&#10;        at java.lang.Thread.run(Thread.java:748)&#10;&quot;Datanode ReportManager Thread - 2&quot; daemon prio=5 tid=200 timed_waiting&#10;java.lang.Thread.State: TIMED_WAITING&#10;        at sun.misc.Unsafe.park(Native Method)&#10;        at java.util.concurrent.locks.LockSupport.parkNanos(LockSupport.java:215)&#10;        at java.util.concurrent.locks.AbstractQueuedSynchronizer$ConditionObject.awaitNanos(AbstractQueuedSynchronizer.java:2078)&#10;        at java.util.concurrent.ScheduledThreadPoolExecutor$DelayedWorkQueue.take(ScheduledThreadPoolExecutor.java:1093)&#10;        at java.util.concurrent.ScheduledThreadPoolExecutor$DelayedWorkQueue.take(ScheduledThreadPoolExecutor.java:809)&#10;        at java.util.concurrent.ThreadPoolExecutor.getTask(ThreadPoolExecutor.java:1074)&#10;        at java.util.concurrent.ThreadPoolExecutor.runWorker(ThreadPoolExecutor.java:1134)&#10;        at java.util.concurrent.ThreadPoolExecutor$Worker.run(ThreadPoolExecutor.java:624)&#10;        at java.lang.Thread.run(Thread.java:748)&#10;&quot;refreshUsed-/workdir/hadoop-ozone/integration-test/target/test-dir/MiniOzoneClusterImpl-c59fee7e-17c5-4f17-b61a-b44f1b433ee8/datanode-0/data/containers&quot; daemon prio=5 tid=154 timed_waiting&#10;java.lang.Thread.State: TIMED_WAITING&#10;        at java.lang.Thread.sleep(Native Method)&#10;        at org.apache.hadoop.fs.CachingGetSpaceUsed$RefreshThread.run(CachingGetSpaceUsed.java:179)&#10;        at java.lang.Thread.run(Thread.java:748)&#10;&quot;pool-36-thread-58&quot;  prio=5 tid=350 in Object.wait()&#10;java.lang.Thread.State: WAITING (on object monitor)&#10;        at sun.misc.Unsafe.park(Native Method)&#10;        at java.util.concurrent.locks.LockSupport.park(LockSupport.java:175)&#10;        at java.util.concurrent.locks.AbstractQueuedSynchronizer$ConditionObject.await(AbstractQueuedSynchronizer.java:2039)&#10;        at java.util.concurrent.ArrayBlockingQueue.take(ArrayBlockingQueue.java:403)&#10;        at java.util.concurrent.ThreadPoolExecutor.getTask(ThreadPoolExecutor.java:1074)&#10;        at java.util.concurrent.ThreadPoolExecutor.runWorker(ThreadPoolExecutor.java:1134)&#10;        at java.util.concurrent.ThreadPoolExecutor$Worker.run(ThreadPoolExecutor.java:624)&#10;        at java.lang.Thread.run(Thread.java:748)&#10;&quot;pool-46-thread-24&quot;  prio=5 tid=376 in Object.wait()&#10;java.lang.Thread.State: WAITING (on object monitor)&#10;        at sun.misc.Unsafe.park(Native Method)&#10;        at java.util.concurrent.locks.LockSupport.park(LockSupport.java:175)&#10;        at java.util.concurrent.locks.AbstractQueuedSynchronizer$ConditionObject.await(AbstractQueuedSynchronizer.java:2039)&#10;        at java.util.concurrent.ArrayBlockingQueue.take(ArrayBlockingQueue.java:403)&#10;        at java.util.concurrent.ThreadPoolExecutor.getTask(ThreadPoolExecutor.java:1074)&#10;        at java.util.concurrent.ThreadPoolExecutor.runWorker(ThreadPoolExecutor.java:1134)&#10;        at java.util.concurrent.ThreadPoolExecutor$Worker.run(ThreadPoolExecutor.java:624)&#10;        at java.lang.Thread.run(Thread.java:748)&#10;&quot;pool-26-thread-59&quot;  prio=5 tid=291 in Object.wait()&#10;java.lang.Thread.State: WAITING (on object monitor)&#10;        at sun.misc.Unsafe.park(Native Method)&#10;        at java.util.concurrent.locks.LockSupport.park(LockSupport.java:175)&#10;        at java.util.concurrent.locks.AbstractQueuedSynchronizer$ConditionObject.await(AbstractQueuedSynchronizer.java:2039)&#10;        at java.util.concurrent.ArrayBlockingQueue.take(ArrayBlockingQueue.java:403)&#10;        at java.util.concurrent.ThreadPoolExecutor.getTask(ThreadPoolExecutor.java:1074)&#10;        at java.util.concurrent.ThreadPoolExecutor.runWorker(ThreadPoolExecutor.java:1134)&#10;        at java.util.concurrent.ThreadPoolExecutor$Worker.run(ThreadPoolExecutor.java:624)&#10;        at java.lang.Thread.run(Thread.java:748)&#10;&quot;metrics-hadoop-metrics2-reporter-24-thread-1&quot; daemon prio=5 tid=516 timed_waiting&#10;java.lang.Thread.State: TIMED_WAITING&#10;        at sun.misc.Unsafe.park(Native Method)&#10;        at java.util.concurrent.locks.LockSupport.parkNanos(LockSupport.java:215)&#10;        at java.util.concurrent.locks.AbstractQueuedSynchronizer$ConditionObject.awaitNanos(AbstractQueuedSynchronizer.java:2078)&#10;        at java.util.concurrent.ScheduledThreadPoolExecutor$DelayedWorkQueue.take(ScheduledThreadPoolExecutor.java:1093)&#10;        at java.util.concurrent.ScheduledThreadPoolExecutor$DelayedWorkQueue.take(ScheduledThreadPoolExecutor.java:809)&#10;        at java.util.concurrent.ThreadPoolExecutor.getTask(ThreadPoolExecutor.java:1074)&#10;        at java.util.concurrent.ThreadPoolExecutor.runWorker(ThreadPoolExecutor.java:1134)&#10;        at java.util.concurrent.ThreadPoolExecutor$Worker.run(ThreadPoolExecutor.java:624)&#10;        at java.lang.Thread.run(Thread.java:748)&#10;&quot;IPC Server listener on 35897&quot; daemon prio=5 tid=107 runnable&#10;java.lang.Thread.State: RUNNABLE&#10;        at sun.nio.ch.EPollArrayWrapper.epollWait(Native Method)&#10;        at sun.nio.ch.EPollArrayWrapper.poll(EPollArrayWrapper.java:269)&#10;        at sun.nio.ch.EPollSelectorImpl.doSelect(EPollSelectorImpl.java:93)&#10;        at sun.nio.ch.SelectorImpl.lockAndDoSelect(SelectorImpl.java:86)&#10;        at sun.nio.ch.SelectorImpl.select(SelectorImpl.java:97)&#10;        at sun.nio.ch.SelectorImpl.select(SelectorImpl.java:101)&#10;        at org.apache.hadoop.ipc.Server$Listener.run(Server.java:1159)&#10;&quot;BlockDeletingService#7&quot; daemon prio=5 tid=717 in Object.wait()&#10;java.lang.Thread.State: WAITING (on object monitor)&#10;        at sun.misc.Unsafe.park(Native Method)&#10;        at java.util.concurrent.locks.LockSupport.park(LockSupport.java:175)&#10;        at java.util.concurrent.locks.AbstractQueuedSynchronizer$ConditionObject.await(AbstractQueuedSynchronizer.java:2039)&#10;        at java.util.concurrent.ScheduledThreadPoolExecutor$DelayedWorkQueue.take(ScheduledThreadPoolExecutor.java:1088)&#10;        at java.util.concurrent.ScheduledThreadPoolExecutor$DelayedWorkQueue.take(ScheduledThreadPoolExecutor.java:809)&#10;        at java.util.concurrent.ThreadPoolExecutor.getTask(ThreadPoolExecutor.java:1074)&#10;        at java.util.concurrent.ThreadPoolExecutor.runWorker(ThreadPoolExecutor.java:1134)&#10;        at java.util.concurrent.ThreadPoolExecutor$Worker.run(ThreadPoolExecutor.java:624)&#10;        at java.lang.Thread.run(Thread.java:748)&#10;&quot;pool-36-thread-37&quot;  prio=5 tid=329 in Object.wait()&#10;java.lang.Thread.State: WAITING (on object monitor)&#10;        at sun.misc.Unsafe.park(Native Method)&#10;        at java.util.concurrent.locks.LockSupport.park(LockSupport.java:175)&#10;        at java.util.concurrent.locks.AbstractQueuedSynchronizer$ConditionObject.await(AbstractQueuedSynchronizer.java:2039)&#10;        at java.util.concurrent.ArrayBlockingQueue.take(ArrayBlockingQueue.java:403)&#10;        at java.util.concurrent.ThreadPoolExecutor.getTask(ThreadPoolExecutor.java:1074)&#10;        at java.util.concurrent.ThreadPoolExecutor.runWorker(ThreadPoolExecutor.java:1134)&#10;        at java.util.concurrent.ThreadPoolExecutor$Worker.run(ThreadPoolExecutor.java:624)&#10;        at java.lang.Thread.run(Thread.java:748)&#10;&quot;pool-26-thread-45&quot;  prio=5 tid=277 in Object.wait()&#10;java.lang.Thread.State: WAITING (on object monitor)&#10;        at sun.misc.Unsafe.park(Native Method)&#10;        at java.util.concurrent.locks.LockSupport.park(LockSupport.java:175)&#10;        at java.util.concurrent.locks.AbstractQueuedSynchronizer$ConditionObject.await(AbstractQueuedSynchronizer.java:2039)&#10;        at java.util.concurrent.ArrayBlockingQueue.take(ArrayBlockingQueue.java:403)&#10;        at java.util.concurrent.ThreadPoolExecutor.getTask(ThreadPoolExecutor.java:1074)&#10;        at java.util.concurrent.ThreadPoolExecutor.runWorker(ThreadPoolExecutor.java:1134)&#10;        at java.util.concurrent.ThreadPoolExecutor$Worker.run(ThreadPoolExecutor.java:624)&#10;        at java.lang.Thread.run(Thread.java:748)&#10;&quot;BlockDeletingService#5&quot; daemon prio=5 tid=581 in Object.wait()&#10;java.lang.Thread.State: WAITING (on object monitor)&#10;        at sun.misc.Unsafe.park(Native Method)&#10;        at java.util.concurrent.locks.LockSupport.park(LockSupport.java:175)&#10;        at java.util.concurrent.locks.AbstractQueuedSynchronizer$ConditionObject.await(AbstractQueuedSynchronizer.java:2039)&#10;        at java.util.concurrent.ScheduledThreadPoolExecutor$DelayedWorkQueue.take(ScheduledThreadPoolExecutor.java:1088)&#10;        at java.util.concurrent.ScheduledThreadPoolExecutor$DelayedWorkQueue.take(ScheduledThreadPoolExecutor.java:809)&#10;        at java.util.concurrent.ThreadPoolExecutor.getTask(ThreadPoolExecutor.java:1074)&#10;        at java.util.concurrent.ThreadPoolExecutor.runWorker(ThreadPoolExecutor.java:1134)&#10;        at java.util.concurrent.ThreadPoolExecutor$Worker.run(ThreadPoolExecutor.java:624)&#10;        at java.lang.Thread.run(Thread.java:748)&#10;&quot;pool-46-thread-52&quot;  prio=5 tid=404 in Object.wait()&#10;java.lang.Thread.State: WAITING (on object monitor)&#10;        at sun.misc.Unsafe.park(Native Method)&#10;        at java.util.concurrent.locks.LockSupport.park(LockSupport.java:175)&#10;        at java.util.concurrent.locks.AbstractQueuedSynchronizer$ConditionObject.await(AbstractQueuedSynchronizer.java:2039)&#10;        at java.util.concurrent.ArrayBlockingQueue.take(ArrayBlockingQueue.java:403)&#10;        at java.util.concurrent.ThreadPoolExecutor.getTask(ThreadPoolExecutor.java:1074)&#10;        at java.util.concurrent.ThreadPoolExecutor.runWorker(ThreadPoolExecutor.java:1134)&#10;        at java.util.concurrent.ThreadPoolExecutor$Worker.run(ThreadPoolExecutor.java:624)&#10;        at java.lang.Thread.run(Thread.java:748)&#10;&quot;pool-46-thread-29&quot;  prio=5 tid=381 in Object.wait()&#10;java.lang.Thread.State: WAITING (on object monitor)&#10;        at sun.misc.Unsafe.park(Native Method)&#10;        at java.util.concurrent.locks.LockSupport.park(LockSupport.java:175)&#10;        at java.util.concurrent.locks.AbstractQueuedSynchronizer$ConditionObject.await(AbstractQueuedSynchronizer.java:2039)&#10;        at java.util.concurrent.ArrayBlockingQueue.take(ArrayBlockingQueue.java:403)&#10;        at java.util.concurrent.ThreadPoolExecutor.getTask(ThreadPoolExecutor.java:1074)&#10;        at java.util.concurrent.ThreadPoolExecutor.runWorker(ThreadPoolExecutor.java:1134)&#10;        at java.util.concurrent.ThreadPoolExecutor$Worker.run(ThreadPoolExecutor.java:624)&#10;        at java.lang.Thread.run(Thread.java:748)&#10;&quot;main&quot;  prio=5 tid=1 runnable&#10;java.lang.Thread.State: RUNNABLE&#10;        at java.lang.Thread.dumpThreads(Native Method)&#10;        at java.lang.Thread.getAllStackTraces(Thread.java:1610)&#10;        at org.apache.hadoop.test.TimedOutTestsListener.buildThreadDump(TimedOutTestsListener.java:87)&#10;        at org.apache.hadoop.test.TimedOutTestsListener.buildThreadDiagnosticString(TimedOutTestsListener.java:73)&#10;        at org.apache.hadoop.test.GenericTestUtils.waitFor(GenericTestUtils.java:389)&#10;        at org.apache.hadoop.ozone.MiniOzoneClusterImpl.waitForClusterToBeReady(MiniOzoneClusterImpl.java:149)&#10;        at org.apache.hadoop.ozone.client.rpc.TestDeleteWithSlowFollower.init(TestDeleteWithSlowFollower.java:119)&#10;        at sun.reflect.NativeMethodAccessorImpl.invoke0(Native Method)&#10;        at sun.reflect.NativeMethodAccessorImpl.invoke(NativeMethodAccessorImpl.java:62)&#10;        at sun.reflect.DelegatingMethodAccessorImpl.invoke(DelegatingMethodAccessorImpl.java:43)&#10;        at java.lang.reflect.Method.invoke(Method.java:498)&#10;        at org.junit.runners.model.FrameworkMethod$1.runReflectiveCall(FrameworkMethod.java:47)&#10;        at org.junit.internal.runners.model.ReflectiveCallable.run(ReflectiveCallable.java:12)&#10;        at org.junit.runners.model.FrameworkMethod.invokeExplosively(FrameworkMethod.java:44)&#10;        at org.junit.internal.runners.statements.RunBefores.evaluate(RunBefores.java:24)&#10;        at org.junit.internal.runners.statements.RunAfters.evaluate(RunAfters.java:27)&#10;        at org.junit.runners.ParentRunner.run(ParentRunner.java:309)&#10;        at org.apache.maven.surefire.junit4.JUnit4Provider.execute(JUnit4Provider.java:365)&#10;        at org.apache.maven.surefire.junit4.JUnit4Provider.executeWithRerun(JUnit4Provider.java:273)&#10;        at org.apache.maven.surefire.junit4.JUnit4Provider.executeTestSet(JUnit4Provider.java:238)&#10;        at org.apache.maven.surefire.junit4.JUnit4Provider.invoke(JUnit4Provider.java:159)&#10;        at org.apache.maven.surefire.booter.ForkedBooter.invokeProviderInSameClassLoader(ForkedBooter.java:384)&#10;        at org.apache.maven.surefire.booter.ForkedBooter.runSuitesInProcess(ForkedBooter.java:345)&#10;        at org.apache.maven.surefire.booter.ForkedBooter.execute(ForkedBooter.java:126)&#10;        at org.apache.maven.surefire.booter.ForkedBooter.main(ForkedBooter.java:418)&#10;&quot;IPC Server Responder&quot; daemon prio=5 tid=25 runnable&#10;java.lang.Thread.State: RUNNABLE&#10;        at sun.nio.ch.EPollArrayWrapper.epollWait(Native Method)&#10;        at sun.nio.ch.EPollArrayWrapper.poll(EPollArrayWrapper.java:269)&#10;        at sun.nio.ch.EPollSelectorImpl.doSelect(EPollSelectorImpl.java:93)&#10;        at sun.nio.ch.SelectorImpl.lockAndDoSelect(SelectorImpl.java:86)&#10;        at sun.nio.ch.SelectorImpl.select(SelectorImpl.java:97)&#10;        at org.apache.hadoop.ipc.Server$Responder.doRunLoop(Server.java:1334)&#10;        at org.apache.hadoop.ipc.Server$Responder.run(Server.java:1317)&#10;&quot;BlockDeletingService#6&quot; daemon prio=5 tid=650 in Object.wait()&#10;java.lang.Thread.State: WAITING (on object monitor)&#10;        at sun.misc.Unsafe.park(Native Method)&#10;        at java.util.concurrent.locks.LockSupport.park(LockSupport.java:175)&#10;        at java.util.concurrent.locks.AbstractQueuedSynchronizer$ConditionObject.await(AbstractQueuedSynchronizer.java:2039)&#10;        at java.util.concurrent.ScheduledThreadPoolExecutor$DelayedWorkQueue.take(ScheduledThreadPoolExecutor.java:1088)&#10;        at java.util.concurrent.ScheduledThreadPoolExecutor$DelayedWorkQueue.take(ScheduledThreadPoolExecutor.java:809)&#10;        at java.util.concurrent.ThreadPoolExecutor.getTask(ThreadPoolExecutor.java:1074)&#10;        at java.util.concurrent.ThreadPoolExecutor.runWorker(ThreadPoolExecutor.java:1134)&#10;        at java.util.concurrent.ThreadPoolExecutor$Worker.run(ThreadPoolExecutor.java:624)&#10;        at java.lang.Thread.run(Thread.java:748)&#10;&quot;pool-26-thread-6&quot;  prio=5 tid=238 in Object.wait()&#10;java.lang.Thread.State: WAITING (on object monitor)&#10;        at sun.misc.Unsafe.park(Native Method)&#10;        at java.util.concurrent.locks.LockSupport.park(LockSupport.java:175)&#10;        at java.util.concurrent.locks.AbstractQueuedSynchronizer$ConditionObject.await(AbstractQueuedSynchronizer.java:2039)&#10;        at java.util.concurrent.ArrayBlockingQueue.take(ArrayBlockingQueue.java:403)&#10;        at java.util.concurrent.ThreadPoolExecutor.getTask(ThreadPoolExecutor.java:1074)&#10;        at java.util.concurrent.ThreadPoolExecutor.runWorker(ThreadPoolExecutor.java:1134)&#10;        at java.util.concurrent.ThreadPoolExecutor$Worker.run(ThreadPoolExecutor.java:624)&#10;        at java.lang.Thread.run(Thread.java:748)&#10;&quot;EventQueue-NodeReportForNodeReportHandler&quot; daemon prio=5 tid=2928 in Object.wait()&#10;java.lang.Thread.State: WAITING (on object monitor)&#10;        at sun.misc.Unsafe.park(Native Method)&#10;        at java.util.concurrent.locks.LockSupport.park(LockSupport.java:175)&#10;        at java.util.concurrent.locks.AbstractQueuedSynchronizer$ConditionObject.await(AbstractQueuedSynchronizer.java:2039)&#10;        at java.util.concurrent.LinkedBlockingQueue.take(LinkedBlockingQueue.java:442)&#10;        at java.util.concurrent.ThreadPoolExecutor.getTask(ThreadPoolExecutor.java:1074)&#10;        at java.util.concurrent.ThreadPoolExecutor.runWorker(ThreadPoolExecutor.java:1134)&#10;        at java.util.concurrent.ThreadPoolExecutor$Worker.run(ThreadPoolExecutor.java:624)&#10;        at java.lang.Thread.run(Thread.java:748)&#10;&quot;metrics-hadoop-metrics2-reporter-18-thread-1&quot; daemon prio=5 tid=489 timed_waiting&#10;java.lang.Thread.State: TIMED_WAITING&#10;        at sun.misc.Unsafe.park(Native Method)&#10;        at java.util.concurrent.locks.LockSupport.parkNanos(LockSupport.java:215)&#10;        at java.util.concurrent.locks.AbstractQueuedSynchronizer$ConditionObject.awaitNanos(AbstractQueuedSynchronizer.java:2078)&#10;        at java.util.concurrent.ScheduledThreadPoolExecutor$DelayedWorkQueue.take(ScheduledThreadPoolExecutor.java:1093)&#10;        at java.util.concurrent.ScheduledThreadPoolExecutor$DelayedWorkQueue.take(ScheduledThreadPoolExecutor.java:809)&#10;        at java.util.concurrent.ThreadPoolExecutor.getTask(ThreadPoolExecutor.java:1074)&#10;        at java.util.concurrent.ThreadPoolExecutor.runWorker(ThreadPoolExecutor.java:1134)&#10;        at java.util.concurrent.ThreadPoolExecutor$Worker.run(ThreadPoolExecutor.java:624)&#10;        at java.lang.Thread.run(Thread.java:748)&#10;&quot;pool-26-thread-20&quot;  prio=5 tid=252 in Object.wait()&#10;java.lang.Thread.State: WAITING (on object monitor)&#10;        at sun.misc.Unsafe.park(Native Method)&#10;        at java.util.concurrent.locks.LockSupport.park(LockSupport.java:175)&#10;        at java.util.concurrent.locks.AbstractQueuedSynchronizer$ConditionObject.await(AbstractQueuedSynchronizer.java:2039)&#10;        at java.util.concurrent.ArrayBlockingQueue.take(ArrayBlockingQueue.java:403)&#10;        at java.util.concurrent.ThreadPoolExecutor.getTask(ThreadPoolExecutor.java:1074)&#10;        at java.util.concurrent.ThreadPoolExecutor.runWorker(ThreadPoolExecutor.java:1134)&#10;        at java.util.concurrent.ThreadPoolExecutor$Worker.run(ThreadPoolExecutor.java:624)&#10;        at java.lang.Thread.run(Thread.java:748)&#10;&quot;pool-26-thread-58&quot;  prio=5 tid=290 in Object.wait()&#10;java.lang.Thread.State: WAITING (on object monitor)&#10;        at sun.misc.Unsafe.park(Native Method)&#10;        at java.util.concurrent.locks.LockSupport.park(LockSupport.java:175)&#10;        at java.util.concurrent.locks.AbstractQueuedSynchronizer$ConditionObject.await(AbstractQueuedSynchronizer.java:2039)&#10;        at java.util.concurrent.ArrayBlockingQueue.take(ArrayBlockingQueue.java:403)&#10;        at java.util.concurrent.ThreadPoolExecutor.getTask(ThreadPoolExecutor.java:1074)&#10;        at java.util.concurrent.ThreadPoolExecutor.runWorker(ThreadPoolExecutor.java:1134)&#10;        at java.util.concurrent.ThreadPoolExecutor$Worker.run(ThreadPoolExecutor.java:624)&#10;        at java.lang.Thread.run(Thread.java:748)&#10;&quot;pool-46-thread-10&quot;  prio=5 tid=362 in Object.wait()&#10;java.lang.Thread.State: WAITING (on object monitor)&#10;        at sun.misc.Unsafe.park(Native Method)&#10;        at java.util.concurrent.locks.LockSupport.park(LockSupport.java:175)&#10;        at java.util.concurrent.locks.AbstractQueuedSynchronizer$ConditionObject.await(AbstractQueuedSynchronizer.java:2039)&#10;        at java.util.concurrent.ArrayBlockingQueue.take(ArrayBlockingQueue.java:403)&#10;        at java.util.concurrent.ThreadPoolExecutor.getTask(ThreadPoolExecutor.java:1074)&#10;        at java.util.concurrent.ThreadPoolExecutor.runWorker(ThreadPoolExecutor.java:1134)&#10;        at java.util.concurrent.ThreadPoolExecutor$Worker.run(ThreadPoolExecutor.java:624)&#10;        at java.lang.Thread.run(Thread.java:748)&#10;&quot;org.eclipse.jetty.server.session.HashSessionManager@5c77ba8fTimer&quot; daemon prio=5 tid=196 timed_waiting&#10;java.lang.Thread.State: TIMED_WAITING&#10;        at sun.misc.Unsafe.park(Native Method)&#10;        at java.util.concurrent.locks.LockSupport.parkNanos(LockSupport.java:215)&#10;        at java.util.concurrent.locks.AbstractQueuedSynchronizer$ConditionObject.awaitNanos(AbstractQueuedSynchronizer.java:2078)&#10;        at java.util.concurrent.ScheduledThreadPoolExecutor$DelayedWorkQueue.take(ScheduledThreadPoolExecutor.java:1093)&#10;        at java.util.concurrent.ScheduledThreadPoolExecutor$DelayedWorkQueue.take(ScheduledThreadPoolExecutor.java:809)&#10;        at java.util.concurrent.ThreadPoolExecutor.getTask(ThreadPoolExecutor.java:1074)&#10;        at java.util.concurrent.ThreadPoolExecutor.runWorker(ThreadPoolExecutor.java:1134)&#10;        at java.util.concurrent.ThreadPoolExecutor$Worker.run(ThreadPoolExecutor.java:624)&#10;        at java.lang.Thread.run(Thread.java:748)&#10;&quot;BlockDeletingService#5&quot; daemon prio=5 tid=579 in Object.wait()&#10;java.lang.Thread.State: WAITING (on object monitor)&#10;        at sun.misc.Unsafe.park(Native Method)&#10;        at java.util.concurrent.locks.LockSupport.park(LockSupport.java:175)&#10;        at java.util.concurrent.locks.AbstractQueuedSynchronizer$ConditionObject.await(AbstractQueuedSynchronizer.java:2039)&#10;        at java.util.concurrent.ScheduledThreadPoolExecutor$DelayedWorkQueue.take(ScheduledThreadPoolExecutor.java:1088)&#10;        at java.util.concurrent.ScheduledThreadPoolExecutor$DelayedWorkQueue.take(ScheduledThreadPoolExecutor.java:809)&#10;        at java.util.concurrent.ThreadPoolExecutor.getTask(ThreadPoolExecutor.java:1074)&#10;        at java.util.concurrent.ThreadPoolExecutor.runWorker(ThreadPoolExecutor.java:1134)&#10;        at java.util.concurrent.ThreadPoolExecutor$Worker.run(ThreadPoolExecutor.java:624)&#10;        at java.lang.Thread.run(Thread.java:748)&#10;&quot;metrics-hadoop-metrics2-reporter-26-thread-1&quot; daemon prio=5 tid=531 timed_waiting&#10;java.lang.Thread.State: TIMED_WAITING&#10;        at sun.misc.Unsafe.park(Native Method)&#10;        at java.util.concurrent.locks.LockSupport.parkNanos(LockSupport.java:215)&#10;        at java.util.concurrent.locks.AbstractQueuedSynchronizer$ConditionObject.awaitNanos(AbstractQueuedSynchronizer.java:2078)&#10;        at java.util.concurrent.ScheduledThreadPoolExecutor$DelayedWorkQueue.take(ScheduledThreadPoolExecutor.java:1093)&#10;        at java.util.concurrent.ScheduledThreadPoolExecutor$DelayedWorkQueue.take(ScheduledThreadPoolExecutor.java:809)&#10;        at java.util.concurrent.ThreadPoolExecutor.getTask(ThreadPoolExecutor.java:1074)&#10;        at java.util.concurrent.ThreadPoolExecutor.runWorker(ThreadPoolExecutor.java:1134)&#10;        at java.util.concurrent.ThreadPoolExecutor$Worker.run(ThreadPoolExecutor.java:624)&#10;        at java.lang.Thread.run(Thread.java:748)&#10;&quot;Datanode ReportManager Thread - 1&quot; daemon prio=5 tid=226 in Object.wait()&#10;java.lang.Thread.State: WAITING (on object monitor)&#10;        at sun.misc.Unsafe.park(Native Method)&#10;        at java.util.concurrent.locks.LockSupport.parkNanos(LockSupport.java:215)&#10;        at java.util.concurrent.locks.AbstractQueuedSynchronizer$ConditionObject.awaitNanos(AbstractQueuedSynchronizer.java:2078)&#10;        at java.util.concurrent.ScheduledThreadPoolExecutor$DelayedWorkQueue.take(ScheduledThreadPoolExecutor.java:1093)&#10;        at java.util.concurrent.ScheduledThreadPoolExecutor$DelayedWorkQueue.take(ScheduledThreadPoolExecutor.java:809)&#10;        at java.util.concurrent.ThreadPoolExecutor.getTask(ThreadPoolExecutor.java:1074)&#10;        at java.util.concurrent.ThreadPoolExecutor.runWorker(ThreadPoolExecutor.java:1134)&#10;        at java.util.concurrent.ThreadPoolExecutor$Worker.run(ThreadPoolExecutor.java:624)&#10;        at java.lang.Thread.run(Thread.java:748)&#10;&quot;java.util.concurrent.ThreadPoolExecutor$Worker@6fb41c33[State = -1, empty queue]&quot; daemon prio=5 tid=669 timed_waiting&#10;java.lang.Thread.State: TIMED_WAITING&#10;        at sun.misc.Unsafe.park(Native Method)&#10;        at java.util.concurrent.locks.LockSupport.parkNanos(LockSupport.java:215)&#10;        at java.util.concurrent.locks.AbstractQueuedSynchronizer$ConditionObject.awaitNanos(AbstractQueuedSynchronizer.java:2078)&#10;        at java.util.concurrent.ScheduledThreadPoolExecutor$DelayedWorkQueue.take(ScheduledThreadPoolExecutor.java:1093)&#10;        at java.util.concurrent.ScheduledThreadPoolExecutor$DelayedWorkQueue.take(ScheduledThreadPoolExecutor.java:809)&#10;        at java.util.concurrent.ThreadPoolExecutor.getTask(ThreadPoolExecutor.java:1074)&#10;        at java.util.concurrent.ThreadPoolExecutor.runWorker(ThreadPoolExecutor.java:1134)&#10;        at java.util.concurrent.ThreadPoolExecutor$Worker.run(ThreadPoolExecutor.java:624)&#10;        at java.lang.Thread.run(Thread.java:748)&#10;&quot;IPC Server handler 19 on 35897&quot; daemon prio=5 tid=134 timed_waiting&#10;java.lang.Thread.State: TIMED_WAITING&#10;        at sun.misc.Unsafe.park(Native Method)&#10;        at java.util.concurrent.locks.LockSupport.parkNanos(LockSupport.java:215)&#10;        at java.util.concurrent.locks.AbstractQueuedSynchronizer$ConditionObject.awaitNanos(AbstractQueuedSynchronizer.java:2078)&#10;        at java.util.concurrent.LinkedBlockingQueue.poll(LinkedBlockingQueue.java:467)&#10;        at org.apache.hadoop.ipc.CallQueueManager.take(CallQueueManager.java:288)&#10;        at org.apache.hadoop.ipc.Server$Handler.run(Server.java:2668)&#10;&quot;pool-36-thread-2&quot;  prio=5 tid=294 in Object.wait()&#10;java.lang.Thread.State: WAITING (on object monitor)&#10;        at sun.misc.Unsafe.park(Native Method)&#10;        at java.util.concurrent.locks.LockSupport.park(LockSupport.java:175)&#10;        at java.util.concurrent.locks.AbstractQueuedSynchronizer$ConditionObject.await(AbstractQueuedSynchronizer.java:2039)&#10;        at java.util.concurrent.ArrayBlockingQueue.take(ArrayBlockingQueue.java:403)&#10;        at java.util.concurrent.ThreadPoolExecutor.getTask(ThreadPoolExecutor.java:1074)&#10;        at java.util.concurrent.ThreadPoolExecutor.runWorker(ThreadPoolExecutor.java:1134)&#10;        at java.util.concurrent.ThreadPoolExecutor$Worker.run(ThreadPoolExecutor.java:624)&#10;        at java.lang.Thread.run(Thread.java:748)&#10;&quot;4b287a15-77af-487b-aef7-34d1d0ee189f@group-83C26644CFDA-LeaderElection374&quot; daemon prio=5 tid=2953 terminated&#10;java.lang.Thread.State: TERMINATED&#10;        at sun.nio.ch.FileDispatcherImpl.force0(Native Method)&#10;        at sun.nio.ch.FileDispatcherImpl.force(FileDispatcherImpl.java:80)&#10;        at sun.nio.ch.FileChannelImpl.force(FileChannelImpl.java:388)&#10;        at org.apache.ratis.util.AtomicFileOutputStream.close(AtomicFileOutputStream.java:60)&#10;        at org.apache.ratis.server.storage.MetaFile.writeFile(MetaFile.java:96)&#10;        at org.apache.ratis.server.storage.MetaFile.set(MetaFile.java:75)&#10;        at org.apache.ratis.server.raftlog.segmented.SegmentedRaftLog.writeMetadata(SegmentedRaftLog.java:473)&#10;        at org.apache.ratis.server.impl.ServerState.persistMetadata(ServerState.java:231)&#10;        at org.apache.ratis.server.impl.LeaderElection.askForVotes(LeaderElection.java:176)&#10;        at org.apache.ratis.server.impl.LeaderElection.run(LeaderElection.java:133)&#10;        at java.lang.Thread.run(Thread.java:748)&#10;&quot;pool-26-thread-55&quot;  prio=5 tid=287 in Object.wait()&#10;java.lang.Thread.State: WAITING (on object monitor)&#10;        at sun.misc.Unsafe.park(Native Method)&#10;        at java.util.concurrent.locks.LockSupport.park(LockSupport.java:175)&#10;        at java.util.concurrent.locks.AbstractQueuedSynchronizer$ConditionObject.await(AbstractQueuedSynchronizer.java:2039)&#10;        at java.util.concurrent.ArrayBlockingQueue.take(ArrayBlockingQueue.java:403)&#10;        at java.util.concurrent.ThreadPoolExecutor.getTask(ThreadPoolExecutor.java:1074)&#10;        at java.util.concurrent.ThreadPoolExecutor.runWorker(ThreadPoolExecutor.java:1134)&#10;        at java.util.concurrent.ThreadPoolExecutor$Worker.run(ThreadPoolExecutor.java:624)&#10;        at java.lang.Thread.run(Thread.java:748)&#10;&quot;pool-46-thread-22&quot;  prio=5 tid=374 in Object.wait()&#10;java.lang.Thread.State: WAITING (on object monitor)&#10;        at sun.misc.Unsafe.park(Native Method)&#10;        at java.util.concurrent.locks.LockSupport.park(LockSupport.java:175)&#10;        at java.util.concurrent.locks.AbstractQueuedSynchronizer$ConditionObject.await(AbstractQueuedSynchronizer.java:2039)&#10;        at java.util.concurrent.ArrayBlockingQueue.take(ArrayBlockingQueue.java:403)&#10;        at java.util.concurrent.ThreadPoolExecutor.getTask(ThreadPoolExecutor.java:1074)&#10;        at java.util.concurrent.ThreadPoolExecutor.runWorker(ThreadPoolExecutor.java:1134)&#10;        at java.util.concurrent.ThreadPoolExecutor$Worker.run(ThreadPoolExecutor.java:624)&#10;        at java.lang.Thread.run(Thread.java:748)&#10;&quot;metrics-hadoop-metrics2-reporter-19-thread-1&quot; daemon prio=5 tid=493 timed_waiting&#10;java.lang.Thread.State: TIMED_WAITING&#10;        at sun.misc.Unsafe.park(Native Method)&#10;        at java.util.concurrent.locks.LockSupport.parkNanos(LockSupport.java:215)&#10;        at java.util.concurrent.locks.AbstractQueuedSynchronizer$ConditionObject.awaitNanos(AbstractQueuedSynchronizer.java:2078)&#10;        at java.util.concurrent.ScheduledThreadPoolExecutor$DelayedWorkQueue.take(ScheduledThreadPoolExecutor.java:1093)&#10;        at java.util.concurrent.ScheduledThreadPoolExecutor$DelayedWorkQueue.take(ScheduledThreadPoolExecutor.java:809)&#10;        at java.util.concurrent.ThreadPoolExecutor.getTask(ThreadPoolExecutor.java:1074)&#10;        at java.util.concurrent.ThreadPoolExecutor.runWorker(ThreadPoolExecutor.java:1134)&#10;        at java.util.concurrent.ThreadPoolExecutor$Worker.run(ThreadPoolExecutor.java:624)&#10;        at java.lang.Thread.run(Thread.java:748)&#10;&quot;qtp1077873186-94&quot; daemon prio=5 tid=94 timed_waiting&#10;java.lang.Thread.State: TIMED_WAITING&#10;        at sun.misc.Unsafe.park(Native Method)&#10;        at java.util.concurrent.locks.LockSupport.parkNanos(LockSupport.java:215)&#10;        at java.util.concurrent.locks.AbstractQueuedSynchronizer$ConditionObject.awaitNanos(AbstractQueuedSynchronizer.java:2078)&#10;        at org.eclipse.jetty.util.BlockingArrayQueue.poll(BlockingArrayQueue.java:392)&#10;        at org.eclipse.jetty.util.thread.QueuedThreadPool.idleJobPoll(QueuedThreadPool.java:563)&#10;        at org.eclipse.jetty.util.thread.QueuedThreadPool.access$800(QueuedThreadPool.java:48)&#10;        at org.eclipse.jetty.util.thread.QueuedThreadPool$2.run(QueuedThreadPool.java:626)&#10;        at java.lang.Thread.run(Thread.java:748)&#10;&quot;BlockDeletingService#0&quot; daemon prio=5 tid=416 in Object.wait()&#10;java.lang.Thread.State: WAITING (on object monitor)&#10;        at sun.misc.Unsafe.park(Native Method)&#10;        at java.util.concurrent.locks.LockSupport.park(LockSupport.java:175)&#10;        at java.util.concurrent.locks.AbstractQueuedSynchronizer$ConditionObject.await(AbstractQueuedSynchronizer.java:2039)&#10;        at java.util.concurrent.ScheduledThreadPoolExecutor$DelayedWorkQueue.take(ScheduledThreadPoolExecutor.java:1088)&#10;        at java.util.concurrent.ScheduledThreadPoolExecutor$DelayedWorkQueue.take(ScheduledThreadPoolExecutor.java:809)&#10;        at java.util.concurrent.ThreadPoolExecutor.getTask(ThreadPoolExecutor.java:1074)&#10;        at java.util.concurrent.ThreadPoolExecutor.runWorker(ThreadPoolExecutor.java:1134)&#10;        at java.util.concurrent.ThreadPoolExecutor$Worker.run(ThreadPoolExecutor.java:624)&#10;        at java.lang.Thread.run(Thread.java:748)&#10;&quot;qtp231182885-164&quot; daemon prio=5 tid=164 timed_waiting&#10;java.lang.Thread.State: TIMED_WAITING&#10;        at sun.misc.Unsafe.park(Native Method)&#10;        at java.util.concurrent.locks.LockSupport.parkNanos(LockSupport.java:215)&#10;        at java.util.concurrent.locks.AbstractQueuedSynchronizer$ConditionObject.awaitNanos(AbstractQueuedSynchronizer.java:2078)&#10;        at org.eclipse.jetty.util.BlockingArrayQueue.poll(BlockingArrayQueue.java:392)&#10;        at org.eclipse.jetty.util.thread.QueuedThreadPool.idleJobPoll(QueuedThreadPool.java:563)&#10;        at org.eclipse.jetty.util.thread.QueuedThreadPool.access$800(QueuedThreadPool.java:48)&#10;        at org.eclipse.jetty.util.thread.QueuedThreadPool$2.run(QueuedThreadPool.java:626)&#10;        at java.lang.Thread.run(Thread.java:748)&#10;&quot;pool-36-thread-3&quot;  prio=5 tid=295 in Object.wait()&#10;java.lang.Thread.State: WAITING (on object monitor)&#10;        at sun.misc.Unsafe.park(Native Method)&#10;        at java.util.concurrent.locks.LockSupport.park(LockSupport.java:175)&#10;        at java.util.concurrent.locks.AbstractQueuedSynchronizer$ConditionObject.await(AbstractQueuedSynchronizer.java:2039)&#10;        at java.util.concurrent.ArrayBlockingQueue.take(ArrayBlockingQueue.java:403)&#10;        at java.util.concurrent.ThreadPoolExecutor.getTask(ThreadPoolExecutor.java:1074)&#10;        at java.util.concurrent.ThreadPoolExecutor.runWorker(ThreadPoolExecutor.java:1134)&#10;        at java.util.concurrent.ThreadPoolExecutor$Worker.run(ThreadPoolExecutor.java:624)&#10;        at java.lang.Thread.run(Thread.java:748)&#10;&quot;pool-36-thread-49&quot;  prio=5 tid=341 in Object.wait()&#10;java.lang.Thread.State: WAITING (on object monitor)&#10;        at sun.misc.Unsafe.park(Native Method)&#10;        at java.util.concurrent.locks.LockSupport.park(LockSupport.java:175)&#10;        at java.util.concurrent.locks.AbstractQueuedSynchronizer$ConditionObject.await(AbstractQueuedSynchronizer.java:2039)&#10;        at java.util.concurrent.ArrayBlockingQueue.take(ArrayBlockingQueue.java:403)&#10;        at java.util.concurrent.ThreadPoolExecutor.getTask(ThreadPoolExecutor.java:1074)&#10;        at java.util.concurrent.ThreadPoolExecutor.runWorker(ThreadPoolExecutor.java:1134)&#10;        at java.util.concurrent.ThreadPoolExecutor$Worker.run(ThreadPoolExecutor.java:624)&#10;        at java.lang.Thread.run(Thread.java:748)&#10;&quot;prometheus&quot; daemon prio=5 tid=100 in Object.wait()&#10;java.lang.Thread.State: WAITING (on object monitor)&#10;        at java.lang.Object.wait(Native Method)&#10;        at java.lang.Object.wait(Object.java:502)&#10;        at org.apache.hadoop.metrics2.impl.SinkQueue.waitForData(SinkQueue.java:114)&#10;        at org.apache.hadoop.metrics2.impl.SinkQueue.consumeAll(SinkQueue.java:83)&#10;        at org.apache.hadoop.metrics2.impl.MetricsSinkAdapter.publishMetricsFromQueue(MetricsSinkAdapter.java:135)&#10;        at org.apache.hadoop.metrics2.impl.MetricsSinkAdapter$1.run(MetricsSinkAdapter.java:89)&#10;&quot;IPC Server Responder&quot; daemon prio=5 tid=21 runnable&#10;java.lang.Thread.State: RUNNABLE&#10;        at sun.nio.ch.EPollArrayWrapper.epollWait(Native Method)&#10;        at sun.nio.ch.EPollArrayWrapper.poll(EPollArrayWrapper.java:269)&#10;        at sun.nio.ch.EPollSelectorImpl.doSelect(EPollSelectorImpl.java:93)&#10;        at sun.nio.ch.SelectorImpl.lockAndDoSelect(SelectorImpl.java:86)&#10;        at sun.nio.ch.SelectorImpl.select(SelectorImpl.java:97)&#10;        at org.apache.hadoop.ipc.Server$Responder.doRunLoop(Server.java:1334)&#10;        at org.apache.hadoop.ipc.Server$Responder.run(Server.java:1317)&#10;&quot;grpc-default-boss-ELG-1-1&quot; daemon prio=5 tid=413 runnable&#10;java.lang.Thread.State: RUNNABLE&#10;        at sun.nio.ch.EPollArrayWrapper.epollWait(Native Method)&#10;        at sun.nio.ch.EPollArrayWrapper.poll(EPollArrayWrapper.java:269)&#10;        at sun.nio.ch.EPollSelectorImpl.doSelect(EPollSelectorImpl.java:93)&#10;        at sun.nio.ch.SelectorImpl.lockAndDoSelect(SelectorImpl.java:86)&#10;        at sun.nio.ch.SelectorImpl.select(SelectorImpl.java:97)&#10;        at org.apache.ratis.thirdparty.io.netty.channel.nio.SelectedSelectionKeySetSelector.select(SelectedSelectionKeySetSelector.java:62)&#10;        at org.apache.ratis.thirdparty.io.netty.channel.nio.NioEventLoop.select(NioEventLoop.java:753)&#10;        at org.apache.ratis.thirdparty.io.netty.channel.nio.NioEventLoop.run(NioEventLoop.java:408)&#10;        at org.apache.ratis.thirdparty.io.netty.util.concurrent.SingleThreadEventExecutor$5.run(SingleThreadEventExecutor.java:897)&#10;        at org.apache.ratis.thirdparty.io.netty.util.concurrent.FastThreadLocalRunnable.run(FastThreadLocalRunnable.java:30)&#10;        at java.lang.Thread.run(Thread.java:748)&#10;&quot;metrics-hadoop-metrics2-reporter-16-thread-1&quot; daemon prio=5 tid=483 timed_waiting&#10;java.lang.Thread.State: TIMED_WAITING&#10;        at sun.misc.Unsafe.park(Native Method)&#10;        at java.util.concurrent.locks.LockSupport.parkNanos(LockSupport.java:215)&#10;        at java.util.concurrent.locks.AbstractQueuedSynchronizer$ConditionObject.awaitNanos(AbstractQueuedSynchronizer.java:2078)&#10;        at java.util.concurrent.ScheduledThreadPoolExecutor$DelayedWorkQueue.take(ScheduledThreadPoolExecutor.java:1093)&#10;        at java.util.concurrent.ScheduledThreadPoolExecutor$DelayedWorkQueue.take(ScheduledThreadPoolExecutor.java:809)&#10;        at java.util.concurrent.ThreadPoolExecutor.getTask(ThreadPoolExecutor.java:1074)&#10;        at java.util.concurrent.ThreadPoolExecutor.runWorker(ThreadPoolExecutor.java:1134)&#10;        at java.util.concurrent.ThreadPoolExecutor$Worker.run(ThreadPoolExecutor.java:624)&#10;        at java.lang.Thread.run(Thread.java:748)&#10;&quot;metrics-hadoop-metrics2-reporter-12-thread-1&quot; daemon prio=5 tid=469 timed_waiting&#10;java.lang.Thread.State: TIMED_WAITING&#10;        at sun.misc.Unsafe.park(Native Method)&#10;        at java.util.concurrent.locks.LockSupport.parkNanos(LockSupport.java:215)&#10;        at java.util.concurrent.locks.AbstractQueuedSynchronizer$ConditionObject.awaitNanos(AbstractQueuedSynchronizer.java:2078)&#10;        at java.util.concurrent.ScheduledThreadPoolExecutor$DelayedWorkQueue.take(ScheduledThreadPoolExecutor.java:1093)&#10;        at java.util.concurrent.ScheduledThreadPoolExecutor$DelayedWorkQueue.take(ScheduledThreadPoolExecutor.java:809)&#10;        at java.util.concurrent.ThreadPoolExecutor.getTask(ThreadPoolExecutor.java:1074)&#10;        at java.util.concurrent.ThreadPoolExecutor.runWorker(ThreadPoolExecutor.java:1134)&#10;        at java.util.concurrent.ThreadPoolExecutor$Worker.run(ThreadPoolExecutor.java:624)&#10;        at java.lang.Thread.run(Thread.java:748)&#10;&quot;pool-36-thread-1&quot;  prio=5 tid=293 in Object.wait()&#10;java.lang.Thread.State: WAITING (on object monitor)&#10;        at sun.misc.Unsafe.park(Native Method)&#10;        at java.util.concurrent.locks.LockSupport.park(LockSupport.java:175)&#10;        at java.util.concurrent.locks.AbstractQueuedSynchronizer$ConditionObject.await(AbstractQueuedSynchronizer.java:2039)&#10;        at java.util.concurrent.ArrayBlockingQueue.take(ArrayBlockingQueue.java:403)&#10;        at java.util.concurrent.ThreadPoolExecutor.getTask(ThreadPoolExecutor.java:1074)&#10;        at java.util.concurrent.ThreadPoolExecutor.runWorker(ThreadPoolExecutor.java:1134)&#10;        at java.util.concurrent.ThreadPoolExecutor$Worker.run(ThreadPoolExecutor.java:624)&#10;        at java.lang.Thread.run(Thread.java:748)&#10;&quot;pool-46-thread-21&quot;  prio=5 tid=373 in Object.wait()&#10;java.lang.Thread.State: WAITING (on object monitor)&#10;        at sun.misc.Unsafe.park(Native Method)&#10;        at java.util.concurrent.locks.LockSupport.park(LockSupport.java:175)&#10;        at java.util.concurrent.locks.AbstractQueuedSynchronizer$ConditionObject.await(AbstractQueuedSynchronizer.java:2039)&#10;        at java.util.concurrent.ArrayBlockingQueue.take(ArrayBlockingQueue.java:403)&#10;        at java.util.concurrent.ThreadPoolExecutor.getTask(ThreadPoolExecutor.java:1074)&#10;        at java.util.concurrent.ThreadPoolExecutor.runWorker(ThreadPoolExecutor.java:1134)&#10;        at java.util.concurrent.ThreadPoolExecutor$Worker.run(ThreadPoolExecutor.java:624)&#10;        at java.lang.Thread.run(Thread.java:748)&#10;&quot;pool-26-thread-42&quot;  prio=5 tid=274 in Object.wait()&#10;java.lang.Thread.State: WAITING (on object monitor)&#10;        at sun.misc.Unsafe.park(Native Method)&#10;        at java.util.concurrent.locks.LockSupport.park(LockSupport.java:175)&#10;        at java.util.concurrent.locks.AbstractQueuedSynchronizer$ConditionObject.await(AbstractQueuedSynchronizer.java:2039)&#10;        at java.util.concurrent.ArrayBlockingQueue.take(ArrayBlockingQueue.java:403)&#10;        at java.util.concurrent.ThreadPoolExecutor.getTask(ThreadPoolExecutor.java:1074)&#10;        at java.util.concurrent.ThreadPoolExecutor.runWorker(ThreadPoolExecutor.java:1134)&#10;        at java.util.concurrent.ThreadPoolExecutor$Worker.run(ThreadPoolExecutor.java:624)&#10;        at java.lang.Thread.run(Thread.java:748)&#10;&quot;pool-27-thread-1&quot;  prio=5 tid=440 in Object.wait()&#10;java.lang.Thread.State: WAITING (on object monitor)&#10;        at sun.misc.Unsafe.park(Native Method)&#10;        at java.util.concurrent.locks.LockSupport.park(LockSupport.java:175)&#10;        at java.util.concurrent.locks.AbstractQueuedSynchronizer$ConditionObject.await(AbstractQueuedSynchronizer.java:2039)&#10;        at java.util.concurrent.LinkedBlockingQueue.take(LinkedBlockingQueue.java:442)&#10;        at java.util.concurrent.ThreadPoolExecutor.getTask(ThreadPoolExecutor.java:1074)&#10;        at java.util.concurrent.ThreadPoolExecutor.runWorker(ThreadPoolExecutor.java:1134)&#10;        at java.util.concurrent.ThreadPoolExecutor$Worker.run(ThreadPoolExecutor.java:624)&#10;        at java.lang.Thread.run(Thread.java:748)&#10;&quot;Datanode State Machine Thread - 0&quot; daemon prio=5 tid=197 timed_waiting&#10;java.lang.Thread.State: TIMED_WAITING&#10;        at java.lang.Thread.sleep(Native Method)&#10;        at org.apache.hadoop.ozone.container.common.statemachine.DatanodeStateMachine.start(DatanodeStateMachine.java:191)&#10;        at org.apache.hadoop.ozone.container.common.statemachine.DatanodeStateMachine.lambda$startDaemon$0(DatanodeStateMachine.java:349)&#10;        at org.apache.hadoop.ozone.container.common.statemachine.DatanodeStateMachine$$Lambda$140/1687702287.run(Unknown Source)&#10;        at java.lang.Thread.run(Thread.java:748)&#10;&quot;BlockDeletingService#6&quot; daemon prio=5 tid=652 in Object.wait()&#10;java.lang.Thread.State: WAITING (on object monitor)&#10;        at sun.misc.Unsafe.park(Native Method)&#10;        at java.util.concurrent.locks.LockSupport.park(LockSupport.java:175)&#10;        at java.util.concurrent.locks.AbstractQueuedSynchronizer$ConditionObject.await(AbstractQueuedSynchronizer.java:2039)&#10;        at java.util.concurrent.ScheduledThreadPoolExecutor$DelayedWorkQueue.take(ScheduledThreadPoolExecutor.java:1088)&#10;        at java.util.concurrent.ScheduledThreadPoolExecutor$DelayedWorkQueue.take(ScheduledThreadPoolExecutor.java:809)&#10;        at java.util.concurrent.ThreadPoolExecutor.getTask(ThreadPoolExecutor.java:1074)&#10;        at java.util.concurrent.ThreadPoolExecutor.runWorker(ThreadPoolExecutor.java:1134)&#10;        at java.util.concurrent.ThreadPoolExecutor$Worker.run(ThreadPoolExecutor.java:624)&#10;        at java.lang.Thread.run(Thread.java:748)&#10;&quot;BlockDeletingService#4&quot; daemon prio=5 tid=544 in Object.wait()&#10;java.lang.Thread.State: WAITING (on object monitor)&#10;        at sun.misc.Unsafe.park(Native Method)&#10;        at java.util.concurrent.locks.LockSupport.park(LockSupport.java:175)&#10;        at java.util.concurrent.locks.AbstractQueuedSynchronizer$ConditionObject.await(AbstractQueuedSynchronizer.java:2039)&#10;        at java.util.concurrent.ScheduledThreadPoolExecutor$DelayedWorkQueue.take(ScheduledThreadPoolExecutor.java:1088)&#10;        at java.util.concurrent.ScheduledThreadPoolExecutor$DelayedWorkQueue.take(ScheduledThreadPoolExecutor.java:809)&#10;        at java.util.concurrent.ThreadPoolExecutor.getTask(ThreadPoolExecutor.java:1074)&#10;        at java.util.concurrent.ThreadPoolExecutor.runWorker(ThreadPoolExecutor.java:1134)&#10;        at java.util.concurrent.ThreadPoolExecutor$Worker.run(ThreadPoolExecutor.java:624)&#10;        at java.lang.Thread.run(Thread.java:748)&#10;&quot;IPC Server handler 9 on 34353&quot; daemon prio=5 tid=78 timed_waiting&#10;java.lang.Thread.State: TIMED_WAITING&#10;        at sun.misc.Unsafe.park(Native Method)&#10;        at java.util.concurrent.locks.LockSupport.parkNanos(LockSupport.java:215)&#10;        at java.util.concurrent.locks.AbstractQueuedSynchronizer$ConditionObject.awaitNanos(AbstractQueuedSynchronizer.java:2078)&#10;        at java.util.concurrent.LinkedBlockingQueue.poll(LinkedBlockingQueue.java:467)&#10;        at org.apache.hadoop.ipc.CallQueueManager.take(CallQueueManager.java:288)&#10;        at org.apache.hadoop.ipc.Server$Handler.run(Server.java:2668)&#10;&quot;pool-46-thread-54&quot;  prio=5 tid=406 in Object.wait()&#10;java.lang.Thread.State: WAITING (on object monitor)&#10;        at sun.misc.Unsafe.park(Native Method)&#10;        at java.util.concurrent.locks.LockSupport.park(LockSupport.java:175)&#10;        at java.util.concurrent.locks.AbstractQueuedSynchronizer$ConditionObject.await(AbstractQueuedSynchronizer.java:2039)&#10;        at java.util.concurrent.ArrayBlockingQueue.take(ArrayBlockingQueue.java:403)&#10;        at java.util.concurrent.ThreadPoolExecutor.getTask(ThreadPoolExecutor.java:1074)&#10;        at java.util.concurrent.ThreadPoolExecutor.runWorker(ThreadPoolExecutor.java:1134)&#10;        at java.util.concurrent.ThreadPoolExecutor$Worker.run(ThreadPoolExecutor.java:624)&#10;        at java.lang.Thread.run(Thread.java:748)&#10;&quot;pool-36-thread-13&quot;  prio=5 tid=305 in Object.wait()&#10;java.lang.Thread.State: WAITING (on object monitor)&#10;        at sun.misc.Unsafe.park(Native Method)&#10;        at java.util.concurrent.locks.LockSupport.park(LockSupport.java:175)&#10;        at java.util.concurrent.locks.AbstractQueuedSynchronizer$ConditionObject.await(AbstractQueuedSynchronizer.java:2039)&#10;        at java.util.concurrent.ArrayBlockingQueue.take(ArrayBlockingQueue.java:403)&#10;        at java.util.concurrent.ThreadPoolExecutor.getTask(ThreadPoolExecutor.java:1074)&#10;        at java.util.concurrent.ThreadPoolExecutor.runWorker(ThreadPoolExecutor.java:1134)&#10;        at java.util.concurrent.ThreadPoolExecutor$Worker.run(ThreadPoolExecutor.java:624)&#10;        at java.lang.Thread.run(Thread.java:748)&#10;&quot;EventQueue-NodeRegistrationContainerReportForContainerSafeModeRule&quot; daemon prio=5 tid=427 in Object.wait()&#10;java.lang.Thread.State: WAITING (on object monitor)&#10;        at sun.misc.Unsafe.park(Native Method)&#10;        at java.util.concurrent.locks.LockSupport.park(LockSupport.java:175)&#10;        at java.util.concurrent.locks.AbstractQueuedSynchronizer$ConditionObject.await(AbstractQueuedSynchronizer.java:2039)&#10;        at java.util.concurrent.LinkedBlockingQueue.take(LinkedBlockingQueue.java:442)&#10;        at java.util.concurrent.ThreadPoolExecutor.getTask(ThreadPoolExecutor.java:1074)&#10;        at java.util.concurrent.ThreadPoolExecutor.runWorker(ThreadPoolExecutor.java:1134)&#10;        at java.util.concurrent.ThreadPoolExecutor$Worker.run(ThreadPoolExecutor.java:624)&#10;        at java.lang.Thread.run(Thread.java:748)&#10;&quot;IPC Server idle connection scanner for port 34353&quot; daemon prio=5 tid=16 timed_waiting&#10;java.lang.Thread.State: TIMED_WAITING&#10;        at java.lang.Object.wait(Native Method)&#10;        at java.util.TimerThread.mainLoop(Timer.java:552)&#10;        at java.util.TimerThread.run(Timer.java:505)&#10;&quot;pool-26-thread-34&quot;  prio=5 tid=266 in Object.wait()&#10;java.lang.Thread.State: WAITING (on object monitor)&#10;        at sun.misc.Unsafe.park(Native Method)&#10;        at java.util.concurrent.locks.LockSupport.park(LockSupport.java:175)&#10;        at java.util.concurrent.locks.AbstractQueuedSynchronizer$ConditionObject.await(AbstractQueuedSynchronizer.java:2039)&#10;        at java.util.concurrent.ArrayBlockingQueue.take(ArrayBlockingQueue.java:403)&#10;        at java.util.concurrent.ThreadPoolExecutor.getTask(ThreadPoolExecutor.java:1074)&#10;        at java.util.concurrent.ThreadPoolExecutor.runWorker(ThreadPoolExecutor.java:1134)&#10;        at java.util.concurrent.ThreadPoolExecutor$Worker.run(ThreadPoolExecutor.java:624)&#10;        at java.lang.Thread.run(Thread.java:748)&#10;&quot;IPC Server handler 11 on 40661&quot; daemon prio=5 tid=60 timed_waiting&#10;java.lang.Thread.State: TIMED_WAITING&#10;        at sun.misc.Unsafe.park(Native Method)&#10;        at java.util.concurrent.locks.LockSupport.parkNanos(LockSupport.java:215)&#10;        at java.util.concurrent.locks.AbstractQueuedSynchronizer$ConditionObject.awaitNanos(AbstractQueuedSynchronizer.java:2078)&#10;        at java.util.concurrent.LinkedBlockingQueue.poll(LinkedBlockingQueue.java:467)&#10;        at org.apache.hadoop.ipc.CallQueueManager.take(CallQueueManager.java:288)&#10;        at org.apache.hadoop.ipc.Server$Handler.run(Server.java:2668)&#10;&quot;Command processor thread&quot; daemon prio=5 tid=175 timed_waiting&#10;java.lang.Thread.State: TIMED_WAITING&#10;        at java.lang.Thread.sleep(Native Method)&#10;        at org.apache.hadoop.ozone.container.common.statemachine.DatanodeStateMachine.lambda$initCommandHandlerThread$1(DatanodeStateMachine.java:439)&#10;        at org.apache.hadoop.ozone.container.common.statemachine.DatanodeStateMachine$$Lambda$141/1971533617.run(Unknown Source)&#10;        at java.lang.Thread.run(Thread.java:748)&#10;&quot;pool-46-thread-57&quot;  prio=5 tid=409 in Object.wait()&#10;java.lang.Thread.State: WAITING (on object monitor)&#10;        at sun.misc.Unsafe.park(Native Method)&#10;        at java.util.concurrent.locks.LockSupport.park(LockSupport.java:175)&#10;        at java.util.concurrent.locks.AbstractQueuedSynchronizer$ConditionObject.await(AbstractQueuedSynchronizer.java:2039)&#10;        at java.util.concurrent.ArrayBlockingQueue.take(ArrayBlockingQueue.java:403)&#10;        at java.util.concurrent.ThreadPoolExecutor.getTask(ThreadPoolExecutor.java:1074)&#10;        at java.util.concurrent.ThreadPoolExecutor.runWorker(ThreadPoolExecutor.java:1134)&#10;        at java.util.concurrent.ThreadPoolExecutor$Worker.run(ThreadPoolExecutor.java:624)&#10;        at java.lang.Thread.run(Thread.java:748)&#10;&quot;java.util.concurrent.ThreadPoolExecutor$Worker@3a3cd18a[State = -1, empty queue]&quot; daemon prio=5 tid=535 timed_waiting&#10;java.lang.Thread.State: TIMED_WAITING&#10;        at sun.misc.Unsafe.park(Native Method)&#10;        at java.util.concurrent.locks.LockSupport.parkNanos(LockSupport.java:215)&#10;        at java.util.concurrent.locks.AbstractQueuedSynchronizer$ConditionObject.awaitNanos(AbstractQueuedSynchronizer.java:2078)&#10;        at java.util.concurrent.ScheduledThreadPoolExecutor$DelayedWorkQueue.take(ScheduledThreadPoolExecutor.java:1093)&#10;        at java.util.concurrent.ScheduledThreadPoolExecutor$DelayedWorkQueue.take(ScheduledThreadPoolExecutor.java:809)&#10;        at java.util.concurrent.ThreadPoolExecutor.getTask(ThreadPoolExecutor.java:1074)&#10;        at java.util.concurrent.ThreadPoolExecutor.runWorker(ThreadPoolExecutor.java:1134)&#10;        at java.util.concurrent.ThreadPoolExecutor$Worker.run(ThreadPoolExecutor.java:624)&#10;        at java.lang.Thread.run(Thread.java:748)&#10;&quot;BlockDeletingService#2&quot; daemon prio=5 tid=422 timed_waiting&#10;java.lang.Thread.State: TIMED_WAITING&#10;        at sun.misc.Unsafe.park(Native Method)&#10;        at java.util.concurrent.locks.LockSupport.parkNanos(LockSupport.java:215)&#10;        at java.util.concurrent.locks.AbstractQueuedSynchronizer$ConditionObject.awaitNanos(AbstractQueuedSynchronizer.java:2078)&#10;        at java.util.concurrent.ScheduledThreadPoolExecutor$DelayedWorkQueue.take(ScheduledThreadPoolExecutor.java:1093)&#10;        at java.util.concurrent.ScheduledThreadPoolExecutor$DelayedWorkQueue.take(ScheduledThreadPoolExecutor.java:809)&#10;        at java.util.concurrent.ThreadPoolExecutor.getTask(ThreadPoolExecutor.java:1074)&#10;        at java.util.concurrent.ThreadPoolExecutor.runWorker(ThreadPoolExecutor.java:1134)&#10;        at java.util.concurrent.ThreadPoolExecutor$Worker.run(ThreadPoolExecutor.java:624)&#10;        at java.lang.Thread.run(Thread.java:748)&#10;&quot;Thread-2637&quot; daemon prio=5 tid=2951 terminated&#10;java.lang.Thread.State: TERMINATED&#10;        at java.lang.Thread.sleep(Native Method)&#10;        at org.apache.ratis.util.JavaUtils.sleep(JavaUtils.java:247)&#10;        at org.apache.ratis.server.impl.FollowerState.run(FollowerState.java:97)&#10;&quot;pool-36-thread-43&quot;  prio=5 tid=335 in Object.wait()&#10;java.lang.Thread.State: WAITING (on object monitor)&#10;        at sun.misc.Unsafe.park(Native Method)&#10;        at java.util.concurrent.locks.LockSupport.park(LockSupport.java:175)&#10;        at java.util.concurrent.locks.AbstractQueuedSynchronizer$ConditionObject.await(AbstractQueuedSynchronizer.java:2039)&#10;        at java.util.concurrent.ArrayBlockingQueue.take(ArrayBlockingQueue.java:403)&#10;        at java.util.concurrent.ThreadPoolExecutor.getTask(ThreadPoolExecutor.java:1074)&#10;        at java.util.concurrent.ThreadPoolExecutor.runWorker(ThreadPoolExecutor.java:1134)&#10;        at java.util.concurrent.ThreadPoolExecutor$Worker.run(ThreadPoolExecutor.java:624)&#10;        at java.lang.Thread.run(Thread.java:748)&#10;&quot;Periodic HDDS volume checker&quot;  prio=5 tid=206 timed_waiting&#10;java.lang.Thread.State: TIMED_WAITING&#10;        at sun.misc.Unsafe.park(Native Method)&#10;        at java.util.concurrent.locks.LockSupport.parkNanos(LockSupport.java:215)&#10;        at java.util.concurrent.locks.AbstractQueuedSynchronizer$ConditionObject.awaitNanos(AbstractQueuedSynchronizer.java:2078)&#10;        at java.util.concurrent.ScheduledThreadPoolExecutor$DelayedWorkQueue.take(ScheduledThreadPoolExecutor.java:1093)&#10;        at java.util.concurrent.ScheduledThreadPoolExecutor$DelayedWorkQueue.take(ScheduledThreadPoolExecutor.java:809)&#10;        at java.util.concurrent.ThreadPoolExecutor.getTask(ThreadPoolExecutor.java:1074)&#10;        at java.util.concurrent.ThreadPoolExecutor.runWorker(ThreadPoolExecutor.java:1134)&#10;        at java.util.concurrent.ThreadPoolExecutor$Worker.run(ThreadPoolExecutor.java:624)&#10;        at java.lang.Thread.run(Thread.java:748)&#10;&quot;pool-46-thread-42&quot;  prio=5 tid=394 in Object.wait()&#10;java.lang.Thread.State: WAITING (on object monitor)&#10;        at sun.misc.Unsafe.park(Native Method)&#10;        at java.util.concurrent.locks.LockSupport.park(LockSupport.java:175)&#10;        at java.util.concurrent.locks.AbstractQueuedSynchronizer$ConditionObject.await(AbstractQueuedSynchronizer.java:2039)&#10;        at java.util.concurrent.ArrayBlockingQueue.take(ArrayBlockingQueue.java:403)&#10;        at java.util.concurrent.ThreadPoolExecutor.getTask(ThreadPoolExecutor.java:1074)&#10;        at java.util.concurrent.ThreadPoolExecutor.runWorker(ThreadPoolExecutor.java:1134)&#10;        at java.util.concurrent.ThreadPoolExecutor$Worker.run(ThreadPoolExecutor.java:624)&#10;        at java.lang.Thread.run(Thread.java:748)&#10;&quot;pool-46-thread-13&quot;  prio=5 tid=365 in Object.wait()&#10;java.lang.Thread.State: WAITING (on object monitor)&#10;        at sun.misc.Unsafe.park(Native Method)&#10;        at java.util.concurrent.locks.LockSupport.park(LockSupport.java:175)&#10;        at java.util.concurrent.locks.AbstractQueuedSynchronizer$ConditionObject.await(AbstractQueuedSynchronizer.java:2039)&#10;        at java.util.concurrent.ArrayBlockingQueue.take(ArrayBlockingQueue.java:403)&#10;        at java.util.concurrent.ThreadPoolExecutor.getTask(ThreadPoolExecutor.java:1074)&#10;        at java.util.concurrent.ThreadPoolExecutor.runWorker(ThreadPoolExecutor.java:1134)&#10;        at java.util.concurrent.ThreadPoolExecutor$Worker.run(ThreadPoolExecutor.java:624)&#10;        at java.lang.Thread.run(Thread.java:748)&#10;&quot;pool-36-thread-51&quot;  prio=5 tid=343 in Object.wait()&#10;java.lang.Thread.State: WAITING (on object monitor)&#10;        at sun.misc.Unsafe.park(Native Method)&#10;        at java.util.concurrent.locks.LockSupport.park(LockSupport.java:175)&#10;        at java.util.concurrent.locks.AbstractQueuedSynchronizer$ConditionObject.await(AbstractQueuedSynchronizer.java:2039)&#10;        at java.util.concurrent.ArrayBlockingQueue.take(ArrayBlockingQueue.java:403)&#10;        at java.util.concurrent.ThreadPoolExecutor.getTask(ThreadPoolExecutor.java:1074)&#10;        at java.util.concurrent.ThreadPoolExecutor.runWorker(ThreadPoolExecutor.java:1134)&#10;        at java.util.concurrent.ThreadPoolExecutor$Worker.run(ThreadPoolExecutor.java:624)&#10;        at java.lang.Thread.run(Thread.java:748)&#10;&quot;pool-46-thread-53&quot;  prio=5 tid=405 in Object.wait()&#10;java.lang.Thread.State: WAITING (on object monitor)&#10;        at sun.misc.Unsafe.park(Native Method)&#10;        at java.util.concurrent.locks.LockSupport.park(LockSupport.java:175)&#10;        at java.util.concurrent.locks.AbstractQueuedSynchronizer$ConditionObject.await(AbstractQueuedSynchronizer.java:2039)&#10;        at java.util.concurrent.ArrayBlockingQueue.take(ArrayBlockingQueue.java:403)&#10;        at java.util.concurrent.ThreadPoolExecutor.getTask(ThreadPoolExecutor.java:1074)&#10;        at java.util.concurrent.ThreadPoolExecutor.runWorker(ThreadPoolExecutor.java:1134)&#10;        at java.util.concurrent.ThreadPoolExecutor$Worker.run(ThreadPoolExecutor.java:624)&#10;        at java.lang.Thread.run(Thread.java:748)&#10;&quot;qtp520082748-215&quot; daemon prio=5 tid=215 timed_waiting&#10;java.lang.Thread.State: TIMED_WAITING&#10;        at sun.misc.Unsafe.park(Native Method)&#10;        at java.util.concurrent.locks.LockSupport.parkNanos(LockSupport.java:215)&#10;        at java.util.concurrent.locks.AbstractQueuedSynchronizer$ConditionObject.awaitNanos(AbstractQueuedSynchronizer.java:2078)&#10;        at org.eclipse.jetty.util.BlockingArrayQueue.poll(BlockingArrayQueue.java:392)&#10;        at org.eclipse.jetty.util.thread.QueuedThreadPool.idleJobPoll(QueuedThreadPool.java:563)&#10;        at org.eclipse.jetty.util.thread.QueuedThreadPool.access$800(QueuedThreadPool.java:48)&#10;        at org.eclipse.jetty.util.thread.QueuedThreadPool$2.run(QueuedThreadPool.java:626)&#10;        at java.lang.Thread.run(Thread.java:748)&#10;&quot;pool-46-thread-32&quot;  prio=5 tid=384 in Object.wait()&#10;java.lang.Thread.State: WAITING (on object monitor)&#10;        at sun.misc.Unsafe.park(Native Method)&#10;        at java.util.concurrent.locks.LockSupport.park(LockSupport.java:175)&#10;        at java.util.concurrent.locks.AbstractQueuedSynchronizer$ConditionObject.await(AbstractQueuedSynchronizer.java:2039)&#10;        at java.util.concurrent.ArrayBlockingQueue.take(ArrayBlockingQueue.java:403)&#10;        at java.util.concurrent.ThreadPoolExecutor.getTask(ThreadPoolExecutor.java:1074)&#10;        at java.util.concurrent.ThreadPoolExecutor.runWorker(ThreadPoolExecutor.java:1134)&#10;        at java.util.concurrent.ThreadPoolExecutor$Worker.run(ThreadPoolExecutor.java:624)&#10;        at java.lang.Thread.run(Thread.java:748)&#10;&quot;org.eclipse.jetty.server.session.HashSessionManager@51751e5fTimer&quot; daemon prio=5 tid=145 timed_waiting&#10;java.lang.Thread.State: TIMED_WAITING&#10;        at sun.misc.Unsafe.park(Native Method)&#10;        at java.util.concurrent.locks.LockSupport.parkNanos(LockSupport.java:215)&#10;        at java.util.concurrent.locks.AbstractQueuedSynchronizer$ConditionObject.awaitNanos(AbstractQueuedSynchronizer.java:2078)&#10;        at java.util.concurrent.ScheduledThreadPoolExecutor$DelayedWorkQueue.take(ScheduledThreadPoolExecutor.java:1093)&#10;        at java.util.concurrent.ScheduledThreadPoolExecutor$DelayedWorkQueue.take(ScheduledThreadPoolExecutor.java:809)&#10;        at java.util.concurrent.ThreadPoolExecutor.getTask(ThreadPoolExecutor.java:1074)&#10;        at java.util.concurrent.ThreadPoolExecutor.runWorker(ThreadPoolExecutor.java:1134)&#10;        at java.util.concurrent.ThreadPoolExecutor$Worker.run(ThreadPoolExecutor.java:624)&#10;        at java.lang.Thread.run(Thread.java:748)&#10;&quot;pool-46-thread-51&quot;  prio=5 tid=403 in Object.wait()&#10;java.lang.Thread.State: WAITING (on object monitor)&#10;        at sun.misc.Unsafe.park(Native Method)&#10;        at java.util.concurrent.locks.LockSupport.park(LockSupport.java:175)&#10;        at java.util.concurrent.locks.AbstractQueuedSynchronizer$ConditionObject.await(AbstractQueuedSynchronizer.java:2039)&#10;        at java.util.concurrent.ArrayBlockingQueue.take(ArrayBlockingQueue.java:403)&#10;        at java.util.concurrent.ThreadPoolExecutor.getTask(ThreadPoolExecutor.java:1074)&#10;        at java.util.concurrent.ThreadPoolExecutor.runWorker(ThreadPoolExecutor.java:1134)&#10;        at java.util.concurrent.ThreadPoolExecutor$Worker.run(ThreadPoolExecutor.java:624)&#10;        at java.lang.Thread.run(Thread.java:748)&#10;&quot;pool-36-thread-31&quot;  prio=5 tid=323 in Object.wait()&#10;java.lang.Thread.State: WAITING (on object monitor)&#10;        at sun.misc.Unsafe.park(Native Method)&#10;        at java.util.concurrent.locks.LockSupport.park(LockSupport.java:175)&#10;        at java.util.concurrent.locks.AbstractQueuedSynchronizer$ConditionObject.await(AbstractQueuedSynchronizer.java:2039)&#10;        at java.util.concurrent.ArrayBlockingQueue.take(ArrayBlockingQueue.java:403)&#10;        at java.util.concurrent.ThreadPoolExecutor.getTask(ThreadPoolExecutor.java:1074)&#10;        at java.util.concurrent.ThreadPoolExecutor.runWorker(ThreadPoolExecutor.java:1134)&#10;        at java.util.concurrent.ThreadPoolExecutor$Worker.run(ThreadPoolExecutor.java:624)&#10;        at java.lang.Thread.run(Thread.java:748)&#10;&quot;pool-46-thread-12&quot;  prio=5 tid=364 in Object.wait()&#10;java.lang.Thread.State: WAITING (on object monitor)&#10;        at sun.misc.Unsafe.park(Native Method)&#10;        at java.util.concurrent.locks.LockSupport.park(LockSupport.java:175)&#10;        at java.util.concurrent.locks.AbstractQueuedSynchronizer$ConditionObject.await(AbstractQueuedSynchronizer.java:2039)&#10;        at java.util.concurrent.ArrayBlockingQueue.take(ArrayBlockingQueue.java:403)&#10;        at java.util.concurrent.ThreadPoolExecutor.getTask(ThreadPoolExecutor.java:1074)&#10;        at java.util.concurrent.ThreadPoolExecutor.runWorker(ThreadPoolExecutor.java:1134)&#10;        at java.util.concurrent.ThreadPoolExecutor$Worker.run(ThreadPoolExecutor.java:624)&#10;        at java.lang.Thread.run(Thread.java:748)&#10;&quot;qtp520082748-218&quot; daemon prio=5 tid=218 timed_waiting&#10;java.lang.Thread.State: TIMED_WAITING&#10;        at sun.misc.Unsafe.park(Native Method)&#10;        at java.util.concurrent.locks.LockSupport.parkNanos(LockSupport.java:215)&#10;        at java.util.concurrent.locks.AbstractQueuedSynchronizer$ConditionObject.awaitNanos(AbstractQueuedSynchronizer.java:2078)&#10;        at org.eclipse.jetty.util.BlockingArrayQueue.poll(BlockingArrayQueue.java:392)&#10;        at org.eclipse.jetty.util.thread.QueuedThreadPool.idleJobPoll(QueuedThreadPool.java:563)&#10;        at org.eclipse.jetty.util.thread.QueuedThreadPool.access$800(QueuedThreadPool.java:48)&#10;        at org.eclipse.jetty.util.thread.QueuedThreadPool$2.run(QueuedThreadPool.java:626)&#10;        at java.lang.Thread.run(Thread.java:748)&#10;&quot;IPC Server handler 12 on 40661&quot; daemon prio=5 tid=61 timed_waiting&#10;java.lang.Thread.State: TIMED_WAITING&#10;        at sun.misc.Unsafe.park(Native Method)&#10;        at java.util.concurrent.locks.LockSupport.parkNanos(LockSupport.java:215)&#10;        at java.util.concurrent.locks.AbstractQueuedSynchronizer$ConditionObject.awaitNanos(AbstractQueuedSynchronizer.java:2078)&#10;        at java.util.concurrent.LinkedBlockingQueue.poll(LinkedBlockingQueue.java:467)&#10;        at org.apache.hadoop.ipc.CallQueueManager.take(CallQueueManager.java:288)&#10;        at org.apache.hadoop.ipc.Server$Handler.run(Server.java:2668)&#10;&quot;org.eclipse.jetty.server.session.HashSessionManager@e6516eTimer&quot; daemon prio=5 tid=98 timed_waiting&#10;java.lang.Thread.State: TIMED_WAITING&#10;        at sun.misc.Unsafe.park(Native Method)&#10;        at java.util.concurrent.locks.LockSupport.parkNanos(LockSupport.java:215)&#10;        at java.util.concurrent.locks.AbstractQueuedSynchronizer$ConditionObject.awaitNanos(AbstractQueuedSynchronizer.java:2078)&#10;        at java.util.concurrent.ScheduledThreadPoolExecutor$DelayedWorkQueue.take(ScheduledThreadPoolExecutor.java:1093)&#10;        at java.util.concurrent.ScheduledThreadPoolExecutor$DelayedWorkQueue.take(ScheduledThreadPoolExecutor.java:809)&#10;        at java.util.concurrent.ThreadPoolExecutor.getTask(ThreadPoolExecutor.java:1074)&#10;        at java.util.concurrent.ThreadPoolExecutor.runWorker(ThreadPoolExecutor.java:1134)&#10;        at java.util.concurrent.ThreadPoolExecutor$Worker.run(ThreadPoolExecutor.java:624)&#10;        at java.lang.Thread.run(Thread.java:748)&#10;&quot;IPC Server handler 7 on 33987&quot; daemon prio=5 tid=36 timed_waiting&#10;java.lang.Thread.State: TIMED_WAITING&#10;        at sun.misc.Unsafe.park(Native Method)&#10;        at java.util.concurrent.locks.LockSupport.parkNanos(LockSupport.java:215)&#10;        at java.util.concurrent.locks.AbstractQueuedSynchronizer$ConditionObject.awaitNanos(AbstractQueuedSynchronizer.java:2078)&#10;        at java.util.concurrent.LinkedBlockingQueue.poll(LinkedBlockingQueue.java:467)&#10;        at org.apache.hadoop.ipc.CallQueueManager.take(CallQueueManager.java:288)&#10;        at org.apache.hadoop.ipc.Server$Handler.run(Server.java:2668)&#10;&quot;SCMBlockDeletingService#0&quot; daemon prio=5 tid=101 in Object.wait()&#10;java.lang.Thread.State: WAITING (on object monitor)&#10;        at sun.misc.Unsafe.park(Native Method)&#10;        at java.util.concurrent.locks.LockSupport.park(LockSupport.java:175)&#10;        at java.util.concurrent.locks.AbstractQueuedSynchronizer$ConditionObject.await(AbstractQueuedSynchronizer.java:2039)&#10;        at java.util.concurrent.ScheduledThreadPoolExecutor$DelayedWorkQueue.take(ScheduledThreadPoolExecutor.java:1088)&#10;        at java.util.concurrent.ScheduledThreadPoolExecutor$DelayedWorkQueue.take(ScheduledThreadPoolExecutor.java:809)&#10;        at java.util.concurrent.ThreadPoolExecutor.getTask(ThreadPoolExecutor.java:1074)&#10;        at java.util.concurrent.ThreadPoolExecutor.runWorker(ThreadPoolExecutor.java:1134)&#10;        at java.util.concurrent.ThreadPoolExecutor$Worker.run(ThreadPoolExecutor.java:624)&#10;        at java.lang.Thread.run(Thread.java:748)&#10;&quot;qtp1077873186-95&quot; daemon prio=5 tid=95 timed_waiting&#10;java.lang.Thread.State: TIMED_WAITING&#10;        at sun.misc.Unsafe.park(Native Method)&#10;        at java.util.concurrent.locks.LockSupport.parkNanos(LockSupport.java:215)&#10;        at java.util.concurrent.locks.AbstractQueuedSynchronizer$ConditionObject.awaitNanos(AbstractQueuedSynchronizer.java:2078)&#10;        at org.eclipse.jetty.util.BlockingArrayQueue.poll(BlockingArrayQueue.java:392)&#10;        at org.eclipse.jetty.util.thread.QueuedThreadPool.idleJobPoll(QueuedThreadPool.java:563)&#10;        at org.eclipse.jetty.util.thread.QueuedThreadPool.access$800(QueuedThreadPool.java:48)&#10;        at org.eclipse.jetty.util.thread.QueuedThreadPool$2.run(QueuedThreadPool.java:626)&#10;        at java.lang.Thread.run(Thread.java:748)&#10;&quot;metrics-hadoop-metrics2-reporter-35-thread-1&quot; daemon prio=5 tid=664 timed_waiting&#10;java.lang.Thread.State: TIMED_WAITING&#10;        at sun.misc.Unsafe.park(Native Method)&#10;        at java.util.concurrent.locks.LockSupport.parkNanos(LockSupport.java:215)&#10;        at java.util.concurrent.locks.AbstractQueuedSynchronizer$ConditionObject.awaitNanos(AbstractQueuedSynchronizer.java:2078)&#10;        at java.util.concurrent.ScheduledThreadPoolExecutor$DelayedWorkQueue.take(ScheduledThreadPoolExecutor.java:1093)&#10;        at java.util.concurrent.ScheduledThreadPoolExecutor$DelayedWorkQueue.take(ScheduledThreadPoolExecutor.java:809)&#10;        at java.util.concurrent.ThreadPoolExecutor.getTask(ThreadPoolExecutor.java:1074)&#10;        at java.util.concurrent.ThreadPoolExecutor.runWorker(ThreadPoolExecutor.java:1134)&#10;        at java.util.concurrent.ThreadPoolExecutor$Worker.run(ThreadPoolExecutor.java:624)&#10;        at java.lang.Thread.run(Thread.java:748)&#10;&quot;pool-26-thread-48&quot;  prio=5 tid=280 in Object.wait()&#10;java.lang.Thread.State: WAITING (on object monitor)&#10;        at sun.misc.Unsafe.park(Native Method)&#10;        at java.util.concurrent.locks.LockSupport.park(LockSupport.java:175)&#10;        at java.util.concurrent.locks.AbstractQueuedSynchronizer$ConditionObject.await(AbstractQueuedSynchronizer.java:2039)&#10;        at java.util.concurrent.ArrayBlockingQueue.take(ArrayBlockingQueue.java:403)&#10;        at java.util.concurrent.ThreadPoolExecutor.getTask(ThreadPoolExecutor.java:1074)&#10;        at java.util.concurrent.ThreadPoolExecutor.runWorker(ThreadPoolExecutor.java:1134)&#10;        at java.util.concurrent.ThreadPoolExecutor$Worker.run(ThreadPoolExecutor.java:624)&#10;        at java.lang.Thread.run(Thread.java:748)&#10;&quot;pool-26-thread-15&quot;  prio=5 tid=247 in Object.wait()&#10;java.lang.Thread.State: WAITING (on object monitor)&#10;        at sun.misc.Unsafe.park(Native Method)&#10;        at java.util.concurrent.locks.LockSupport.park(LockSupport.java:175)&#10;        at java.util.concurrent.locks.AbstractQueuedSynchronizer$ConditionObject.await(AbstractQueuedSynchronizer.java:2039)&#10;        at java.util.concurrent.ArrayBlockingQueue.take(ArrayBlockingQueue.java:403)&#10;        at java.util.concurrent.ThreadPoolExecutor.getTask(ThreadPoolExecutor.java:1074)&#10;        at java.util.concurrent.ThreadPoolExecutor.runWorker(ThreadPoolExecutor.java:1134)&#10;        at java.util.concurrent.ThreadPoolExecutor$Worker.run(ThreadPoolExecutor.java:624)&#10;        at java.lang.Thread.run(Thread.java:748)&#10;&quot;Datanode ReportManager Thread - 2&quot; daemon prio=5 tid=227 in Object.wait()&#10;java.lang.Thread.State: WAITING (on object monitor)&#10;        at sun.misc.Unsafe.park(Native Method)&#10;        at java.util.concurrent.locks.LockSupport.park(LockSupport.java:175)&#10;        at java.util.concurrent.locks.AbstractQueuedSynchronizer$ConditionObject.await(AbstractQueuedSynchronizer.java:2039)&#10;        at java.util.concurrent.ScheduledThreadPoolExecutor$DelayedWorkQueue.take(ScheduledThreadPoolExecutor.java:1088)&#10;        at java.util.concurrent.ScheduledThreadPoolExecutor$DelayedWorkQueue.take(ScheduledThreadPoolExecutor.java:809)&#10;        at java.util.concurrent.ThreadPoolExecutor.getTask(ThreadPoolExecutor.java:1074)&#10;        at java.util.concurrent.ThreadPoolExecutor.runWorker(ThreadPoolExecutor.java:1134)&#10;        at java.util.concurrent.ThreadPoolExecutor$Worker.run(ThreadPoolExecutor.java:624)&#10;        at java.lang.Thread.run(Thread.java:748)&#10;&quot;qtp1471800355-138&quot; daemon prio=5 tid=138 timed_waiting&#10;java.lang.Thread.State: TIMED_WAITING&#10;        at sun.misc.Unsafe.park(Native Method)&#10;        at java.util.concurrent.locks.LockSupport.parkNanos(LockSupport.java:215)&#10;        at java.util.concurrent.locks.AbstractQueuedSynchronizer$ConditionObject.awaitNanos(AbstractQueuedSynchronizer.java:2078)&#10;        at org.eclipse.jetty.util.BlockingArrayQueue.poll(BlockingArrayQueue.java:392)&#10;        at org.eclipse.jetty.util.thread.QueuedThreadPool.idleJobPoll(QueuedThreadPool.java:563)&#10;        at org.eclipse.jetty.util.thread.QueuedThreadPool.access$800(QueuedThreadPool.java:48)&#10;        at org.eclipse.jetty.util.thread.QueuedThreadPool$2.run(QueuedThreadPool.java:626)&#10;        at java.lang.Thread.run(Thread.java:748)&#10;&quot;BlockDeletingService#3&quot; daemon prio=5 tid=435 in Object.wait()&#10;java.lang.Thread.State: WAITING (on object monitor)&#10;        at sun.misc.Unsafe.park(Native Method)&#10;        at java.util.concurrent.locks.LockSupport.park(LockSupport.java:175)&#10;        at java.util.concurrent.locks.AbstractQueuedSynchronizer$ConditionObject.await(AbstractQueuedSynchronizer.java:2039)&#10;        at java.util.concurrent.ScheduledThreadPoolExecutor$DelayedWorkQueue.take(ScheduledThreadPoolExecutor.java:1088)&#10;        at java.util.concurrent.ScheduledThreadPoolExecutor$DelayedWorkQueue.take(ScheduledThreadPoolExecutor.java:809)&#10;        at java.util.concurrent.ThreadPoolExecutor.getTask(ThreadPoolExecutor.java:1074)&#10;        at java.util.concurrent.ThreadPoolExecutor.runWorker(ThreadPoolExecutor.java:1134)&#10;        at java.util.concurrent.ThreadPoolExecutor$Worker.run(ThreadPoolExecutor.java:624)&#10;        at java.lang.Thread.run(Thread.java:748)&#10;&quot;pool-46-thread-50&quot;  prio=5 tid=402 in Object.wait()&#10;java.lang.Thread.State: WAITING (on object monitor)&#10;        at sun.misc.Unsafe.park(Native Method)&#10;        at java.util.concurrent.locks.LockSupport.park(LockSupport.java:175)&#10;        at java.util.concurrent.locks.AbstractQueuedSynchronizer$ConditionObject.await(AbstractQueuedSynchronizer.java:2039)&#10;        at java.util.concurrent.ArrayBlockingQueue.take(ArrayBlockingQueue.java:403)&#10;        at java.util.concurrent.ThreadPoolExecutor.getTask(ThreadPoolExecutor.java:1074)&#10;        at java.util.concurrent.ThreadPoolExecutor.runWorker(ThreadPoolExecutor.java:1134)&#10;        at java.util.concurrent.ThreadPoolExecutor$Worker.run(ThreadPoolExecutor.java:624)&#10;        at java.lang.Thread.run(Thread.java:748)&#10;&quot;pool-26-thread-13&quot;  prio=5 tid=245 in Object.wait()&#10;java.lang.Thread.State: WAITING (on object monitor)&#10;        at sun.misc.Unsafe.park(Native Method)&#10;        at java.util.concurrent.locks.LockSupport.park(LockSupport.java:175)&#10;        at java.util.concurrent.locks.AbstractQueuedSynchronizer$ConditionObject.await(AbstractQueuedSynchronizer.java:2039)&#10;        at java.util.concurrent.ArrayBlockingQueue.take(ArrayBlockingQueue.java:403)&#10;        at java.util.concurrent.ThreadPoolExecutor.getTask(ThreadPoolExecutor.java:1074)&#10;        at java.util.concurrent.ThreadPoolExecutor.runWorker(ThreadPoolExecutor.java:1134)&#10;        at java.util.concurrent.ThreadPoolExecutor$Worker.run(ThreadPoolExecutor.java:624)&#10;        at java.lang.Thread.run(Thread.java:748)&#10;&quot;Datanode State Machine Thread - 0&quot; daemon prio=5 tid=170 timed_waiting&#10;java.lang.Thread.State: TIMED_WAITING&#10;        at java.lang.Thread.sleep(Native Method)&#10;        at org.apache.hadoop.ozone.container.common.statemachine.DatanodeStateMachine.start(DatanodeStateMachine.java:191)&#10;        at org.apache.hadoop.ozone.container.common.statemachine.DatanodeStateMachine.lambda$startDaemon$0(DatanodeStateMachine.java:349)&#10;        at org.apache.hadoop.ozone.container.common.statemachine.DatanodeStateMachine$$Lambda$140/1687702287.run(Unknown Source)&#10;        at java.lang.Thread.run(Thread.java:748)&#10;&quot;BlockDeletingService#2&quot; daemon prio=5 tid=420 timed_waiting&#10;java.lang.Thread.State: TIMED_WAITING&#10;        at sun.misc.Unsafe.park(Native Method)&#10;        at java.util.concurrent.locks.LockSupport.parkNanos(LockSupport.java:215)&#10;        at java.util.concurrent.locks.AbstractQueuedSynchronizer$ConditionObject.awaitNanos(AbstractQueuedSynchronizer.java:2078)&#10;        at java.util.concurrent.ScheduledThreadPoolExecutor$DelayedWorkQueue.take(ScheduledThreadPoolExecutor.java:1093)&#10;        at java.util.concurrent.ScheduledThreadPoolExecutor$DelayedWorkQueue.take(ScheduledThreadPoolExecutor.java:809)&#10;        at java.util.concurrent.ThreadPoolExecutor.getTask(ThreadPoolExecutor.java:1074)&#10;        at java.util.concurrent.ThreadPoolExecutor.runWorker(ThreadPoolExecutor.java:1134)&#10;        at java.util.concurrent.ThreadPoolExecutor$Worker.run(ThreadPoolExecutor.java:624)&#10;        at java.lang.Thread.run(Thread.java:748)&#10;&quot;pool-36-thread-33&quot;  prio=5 tid=325 in Object.wait()&#10;java.lang.Thread.State: WAITING (on object monitor)&#10;        at sun.misc.Unsafe.park(Native Method)&#10;        at java.util.concurrent.locks.LockSupport.park(LockSupport.java:175)&#10;        at java.util.concurrent.locks.AbstractQueuedSynchronizer$ConditionObject.await(AbstractQueuedSynchronizer.java:2039)&#10;        at java.util.concurrent.ArrayBlockingQueue.take(ArrayBlockingQueue.java:403)&#10;        at java.util.concurrent.ThreadPoolExecutor.getTask(ThreadPoolExecutor.java:1074)&#10;        at java.util.concurrent.ThreadPoolExecutor.runWorker(ThreadPoolExecutor.java:1134)&#10;        at java.util.concurrent.ThreadPoolExecutor$Worker.run(ThreadPoolExecutor.java:624)&#10;        at java.lang.Thread.run(Thread.java:748)&#10;&quot;metrics-hadoop-metrics2-reporter-30-thread-1&quot; daemon prio=5 tid=640 timed_waiting&#10;java.lang.Thread.State: TIMED_WAITING&#10;        at sun.misc.Unsafe.park(Native Method)&#10;        at java.util.concurrent.locks.LockSupport.parkNanos(LockSupport.java:215)&#10;        at java.util.concurrent.locks.AbstractQueuedSynchronizer$ConditionObject.awaitNanos(AbstractQueuedSynchronizer.java:2078)&#10;        at java.util.concurrent.ScheduledThreadPoolExecutor$DelayedWorkQueue.take(ScheduledThreadPoolExecutor.java:1093)&#10;        at java.util.concurrent.ScheduledThreadPoolExecutor$DelayedWorkQueue.take(ScheduledThreadPoolExecutor.java:809)&#10;        at java.util.concurrent.ThreadPoolExecutor.getTask(ThreadPoolExecutor.java:1074)&#10;        at java.util.concurrent.ThreadPoolExecutor.runWorker(ThreadPoolExecutor.java:1134)&#10;        at java.util.concurrent.ThreadPoolExecutor$Worker.run(ThreadPoolExecutor.java:624)&#10;        at java.lang.Thread.run(Thread.java:748)&#10;&quot;pool-26-thread-40&quot;  prio=5 tid=272 in Object.wait()&#10;java.lang.Thread.State: WAITING (on object monitor)&#10;        at sun.misc.Unsafe.park(Native Method)&#10;        at java.util.concurrent.locks.LockSupport.park(LockSupport.java:175)&#10;        at java.util.concurrent.locks.AbstractQueuedSynchronizer$ConditionObject.await(AbstractQueuedSynchronizer.java:2039)&#10;        at java.util.concurrent.ArrayBlockingQueue.take(ArrayBlockingQueue.java:403)&#10;        at java.util.concurrent.ThreadPoolExecutor.getTask(ThreadPoolExecutor.java:1074)&#10;        at java.util.concurrent.ThreadPoolExecutor.runWorker(ThreadPoolExecutor.java:1134)&#10;        at java.util.concurrent.ThreadPoolExecutor$Worker.run(ThreadPoolExecutor.java:624)&#10;        at java.lang.Thread.run(Thread.java:748)&#10;&quot;pool-26-thread-2&quot;  prio=5 tid=234 in Object.wait()&#10;java.lang.Thread.State: WAITING (on object monitor)&#10;        at sun.misc.Unsafe.park(Native Method)&#10;        at java.util.concurrent.locks.LockSupport.park(LockSupport.java:175)&#10;        at java.util.concurrent.locks.AbstractQueuedSynchronizer$ConditionObject.await(AbstractQueuedSynchronizer.java:2039)&#10;        at java.util.concurrent.ArrayBlockingQueue.take(ArrayBlockingQueue.java:403)&#10;        at java.util.concurrent.ThreadPoolExecutor.getTask(ThreadPoolExecutor.java:1074)&#10;        at java.util.concurrent.ThreadPoolExecutor.runWorker(ThreadPoolExecutor.java:1134)&#10;        at java.util.concurrent.ThreadPoolExecutor$Worker.run(ThreadPoolExecutor.java:624)&#10;        at java.lang.Thread.run(Thread.java:748)&#10;&quot;pool-36-thread-11&quot;  prio=5 tid=303 in Object.wait()&#10;java.lang.Thread.State: WAITING (on object monitor)&#10;        at sun.misc.Unsafe.park(Native Method)&#10;        at java.util.concurrent.locks.LockSupport.park(LockSupport.java:175)&#10;        at java.util.concurrent.locks.AbstractQueuedSynchronizer$ConditionObject.await(AbstractQueuedSynchronizer.java:2039)&#10;        at java.util.concurrent.ArrayBlockingQueue.take(ArrayBlockingQueue.java:403)&#10;        at java.util.concurrent.ThreadPoolExecutor.getTask(ThreadPoolExecutor.java:1074)&#10;        at java.util.concurrent.ThreadPoolExecutor.runWorker(ThreadPoolExecutor.java:1134)&#10;        at java.util.concurrent.ThreadPoolExecutor$Worker.run(ThreadPoolExecutor.java:624)&#10;        at java.lang.Thread.run(Thread.java:748)&#10;&quot;qtp231182885-166&quot; daemon prio=5 tid=166 timed_waiting&#10;java.lang.Thread.State: TIMED_WAITING&#10;        at sun.misc.Unsafe.park(Native Method)&#10;        at java.util.concurrent.locks.LockSupport.parkNanos(LockSupport.java:215)&#10;        at java.util.concurrent.locks.AbstractQueuedSynchronizer$ConditionObject.awaitNanos(AbstractQueuedSynchronizer.java:2078)&#10;        at org.eclipse.jetty.util.BlockingArrayQueue.poll(BlockingArrayQueue.java:392)&#10;        at org.eclipse.jetty.util.thread.QueuedThreadPool.idleJobPoll(QueuedThreadPool.java:563)&#10;        at org.eclipse.jetty.util.thread.QueuedThreadPool.access$800(QueuedThreadPool.java:48)&#10;        at org.eclipse.jetty.util.thread.QueuedThreadPool$2.run(QueuedThreadPool.java:626)&#10;        at java.lang.Thread.run(Thread.java:748)&#10;&quot;Datanode ReportManager Thread - 0&quot; daemon prio=5 tid=171 in Object.wait()&#10;java.lang.Thread.State: WAITING (on object monitor)&#10;        at sun.misc.Unsafe.park(Native Method)&#10;        at java.util.concurrent.locks.LockSupport.park(LockSupport.java:175)&#10;        at java.util.concurrent.locks.AbstractQueuedSynchronizer$ConditionObject.await(AbstractQueuedSynchronizer.java:2039)&#10;        at java.util.concurrent.ScheduledThreadPoolExecutor$DelayedWorkQueue.take(ScheduledThreadPoolExecutor.java:1088)&#10;        at java.util.concurrent.ScheduledThreadPoolExecutor$DelayedWorkQueue.take(ScheduledThreadPoolExecutor.java:809)&#10;        at java.util.concurrent.ThreadPoolExecutor.getTask(ThreadPoolExecutor.java:1074)&#10;        at java.util.concurrent.ThreadPoolExecutor.runWorker(ThreadPoolExecutor.java:1134)&#10;        at java.util.concurrent.ThreadPoolExecutor$Worker.run(ThreadPoolExecutor.java:624)&#10;        at java.lang.Thread.run(Thread.java:748)&#10;&quot;pool-26-thread-4&quot;  prio=5 tid=236 in Object.wait()&#10;java.lang.Thread.State: WAITING (on object monitor)&#10;        at sun.misc.Unsafe.park(Native Method)&#10;        at java.util.concurrent.locks.LockSupport.park(LockSupport.java:175)&#10;        at java.util.concurrent.locks.AbstractQueuedSynchronizer$ConditionObject.await(AbstractQueuedSynchronizer.java:2039)&#10;        at java.util.concurrent.ArrayBlockingQueue.take(ArrayBlockingQueue.java:403)&#10;        at java.util.concurrent.ThreadPoolExecutor.getTask(ThreadPoolExecutor.java:1074)&#10;        at java.util.concurrent.ThreadPoolExecutor.runWorker(ThreadPoolExecutor.java:1134)&#10;        at java.util.concurrent.ThreadPoolExecutor$Worker.run(ThreadPoolExecutor.java:624)&#10;        at java.lang.Thread.run(Thread.java:748)&#10;&quot;IPC Server handler 0 on 34353&quot; daemon prio=5 tid=69 timed_waiting&#10;java.lang.Thread.State: TIMED_WAITING&#10;        at sun.misc.Unsafe.park(Native Method)&#10;        at java.util.concurrent.locks.LockSupport.parkNanos(LockSupport.java:215)&#10;        at java.util.concurrent.locks.AbstractQueuedSynchronizer$ConditionObject.awaitNanos(AbstractQueuedSynchronizer.java:2078)&#10;        at java.util.concurrent.LinkedBlockingQueue.poll(LinkedBlockingQueue.java:467)&#10;        at org.apache.hadoop.ipc.CallQueueManager.take(CallQueueManager.java:288)&#10;        at org.apache.hadoop.ipc.Server$Handler.run(Server.java:2668)&#10;&quot;pool-36-thread-38&quot;  prio=5 tid=330 in Object.wait()&#10;java.lang.Thread.State: WAITING (on object monitor)&#10;        at sun.misc.Unsafe.park(Native Method)&#10;        at java.util.concurrent.locks.LockSupport.park(LockSupport.java:175)&#10;        at java.util.concurrent.locks.AbstractQueuedSynchronizer$ConditionObject.await(AbstractQueuedSynchronizer.java:2039)&#10;        at java.util.concurrent.ArrayBlockingQueue.take(ArrayBlockingQueue.java:403)&#10;        at java.util.concurrent.ThreadPoolExecutor.getTask(ThreadPoolExecutor.java:1074)&#10;        at java.util.concurrent.ThreadPoolExecutor.runWorker(ThreadPoolExecutor.java:1134)&#10;        at java.util.concurrent.ThreadPoolExecutor$Worker.run(ThreadPoolExecutor.java:624)&#10;        at java.lang.Thread.run(Thread.java:748)&#10;&quot;pool-26-thread-5&quot;  prio=5 tid=237 in Object.wait()&#10;java.lang.Thread.State: WAITING (on object monitor)&#10;        at sun.misc.Unsafe.park(Native Method)&#10;        at java.util.concurrent.locks.LockSupport.park(LockSupport.java:175)&#10;        at java.util.concurrent.locks.AbstractQueuedSynchronizer$ConditionObject.await(AbstractQueuedSynchronizer.java:2039)&#10;        at java.util.concurrent.ArrayBlockingQueue.take(ArrayBlockingQueue.java:403)&#10;        at java.util.concurrent.ThreadPoolExecutor.getTask(ThreadPoolExecutor.java:1074)&#10;        at java.util.concurrent.ThreadPoolExecutor.runWorker(ThreadPoolExecutor.java:1134)&#10;        at java.util.concurrent.ThreadPoolExecutor$Worker.run(ThreadPoolExecutor.java:624)&#10;        at java.lang.Thread.run(Thread.java:748)&#10;&quot;IPC Server handler 13 on 35897&quot; daemon prio=5 tid=128 timed_waiting&#10;java.lang.Thread.State: TIMED_WAITING&#10;        at sun.misc.Unsafe.park(Native Method)&#10;        at java.util.concurrent.locks.LockSupport.parkNanos(LockSupport.java:215)&#10;        at java.util.concurrent.locks.AbstractQueuedSynchronizer$ConditionObject.awaitNanos(AbstractQueuedSynchronizer.java:2078)&#10;        at java.util.concurrent.LinkedBlockingQueue.poll(LinkedBlockingQueue.java:467)&#10;        at org.apache.hadoop.ipc.CallQueueManager.take(CallQueueManager.java:288)&#10;        at org.apache.hadoop.ipc.Server$Handler.run(Server.java:2668)&#10;&quot;pool-36-thread-50&quot;  prio=5 tid=342 in Object.wait()&#10;java.lang.Thread.State: WAITING (on object monitor)&#10;        at sun.misc.Unsafe.park(Native Method)&#10;        at java.util.concurrent.locks.LockSupport.park(LockSupport.java:175)&#10;        at java.util.concurrent.locks.AbstractQueuedSynchronizer$ConditionObject.await(AbstractQueuedSynchronizer.java:2039)&#10;        at java.util.concurrent.ArrayBlockingQueue.take(ArrayBlockingQueue.java:403)&#10;        at java.util.concurrent.ThreadPoolExecutor.getTask(ThreadPoolExecutor.java:1074)&#10;        at java.util.concurrent.ThreadPoolExecutor.runWorker(ThreadPoolExecutor.java:1134)&#10;        at java.util.concurrent.ThreadPoolExecutor$Worker.run(ThreadPoolExecutor.java:624)&#10;        at java.lang.Thread.run(Thread.java:748)&#10;&quot;pool-36-thread-14&quot;  prio=5 tid=306 in Object.wait()&#10;java.lang.Thread.State: WAITING (on object monitor)&#10;        at sun.misc.Unsafe.park(Native Method)&#10;        at java.util.concurrent.locks.LockSupport.park(LockSupport.java:175)&#10;        at java.util.concurrent.locks.AbstractQueuedSynchronizer$ConditionObject.await(AbstractQueuedSynchronizer.java:2039)&#10;        at java.util.concurrent.ArrayBlockingQueue.take(ArrayBlockingQueue.java:403)&#10;        at java.util.concurrent.ThreadPoolExecutor.getTask(ThreadPoolExecutor.java:1074)&#10;        at java.util.concurrent.ThreadPoolExecutor.runWorker(ThreadPoolExecutor.java:1134)&#10;        at java.util.concurrent.ThreadPoolExecutor$Worker.run(ThreadPoolExecutor.java:624)&#10;        at java.lang.Thread.run(Thread.java:748)&#10;&quot;metrics-hadoop-metrics2-reporter-5-thread-1&quot; daemon prio=5 tid=453 timed_waiting&#10;java.lang.Thread.State: TIMED_WAITING&#10;        at sun.misc.Unsafe.park(Native Method)&#10;        at java.util.concurrent.locks.LockSupport.parkNanos(LockSupport.java:215)&#10;        at java.util.concurrent.locks.AbstractQueuedSynchronizer$ConditionObject.awaitNanos(AbstractQueuedSynchronizer.java:2078)&#10;        at java.util.concurrent.ScheduledThreadPoolExecutor$DelayedWorkQueue.take(ScheduledThreadPoolExecutor.java:1093)&#10;        at java.util.concurrent.ScheduledThreadPoolExecutor$DelayedWorkQueue.take(ScheduledThreadPoolExecutor.java:809)&#10;        at java.util.concurrent.ThreadPoolExecutor.getTask(ThreadPoolExecutor.java:1074)&#10;        at java.util.concurrent.ThreadPoolExecutor.runWorker(ThreadPoolExecutor.java:1134)&#10;        at java.util.concurrent.ThreadPoolExecutor$Worker.run(ThreadPoolExecutor.java:624)&#10;        at java.lang.Thread.run(Thread.java:748)&#10;&quot;BlockDeletingService#1&quot; daemon prio=5 tid=417 in Object.wait()&#10;java.lang.Thread.State: WAITING (on object monitor)&#10;        at sun.misc.Unsafe.park(Native Method)&#10;        at java.util.concurrent.locks.LockSupport.park(LockSupport.java:175)&#10;        at java.util.concurrent.locks.AbstractQueuedSynchronizer$ConditionObject.await(AbstractQueuedSynchronizer.java:2039)&#10;        at java.util.concurrent.ScheduledThreadPoolExecutor$DelayedWorkQueue.take(ScheduledThreadPoolExecutor.java:1088)&#10;        at java.util.concurrent.ScheduledThreadPoolExecutor$DelayedWorkQueue.take(ScheduledThreadPoolExecutor.java:809)&#10;        at java.util.concurrent.ThreadPoolExecutor.getTask(ThreadPoolExecutor.java:1074)&#10;        at java.util.concurrent.ThreadPoolExecutor.runWorker(ThreadPoolExecutor.java:1134)&#10;        at java.util.concurrent.ThreadPoolExecutor$Worker.run(ThreadPoolExecutor.java:624)&#10;        at java.lang.Thread.run(Thread.java:748)&#10;&quot;pool-46-thread-3&quot;  prio=5 tid=355 in Object.wait()&#10;java.lang.Thread.State: WAITING (on object monitor)&#10;        at sun.misc.Unsafe.park(Native Method)&#10;        at java.util.concurrent.locks.LockSupport.park(LockSupport.java:175)&#10;        at java.util.concurrent.locks.AbstractQueuedSynchronizer$ConditionObject.await(AbstractQueuedSynchronizer.java:2039)&#10;        at java.util.concurrent.ArrayBlockingQueue.take(ArrayBlockingQueue.java:403)&#10;        at java.util.concurrent.ThreadPoolExecutor.getTask(ThreadPoolExecutor.java:1074)&#10;        at java.util.concurrent.ThreadPoolExecutor.runWorker(ThreadPoolExecutor.java:1134)&#10;        at java.util.concurrent.ThreadPoolExecutor$Worker.run(ThreadPoolExecutor.java:624)&#10;        at java.lang.Thread.run(Thread.java:748)&#10;&quot;pool-50-thread-1&quot;  prio=5 tid=212 timed_waiting&#10;java.lang.Thread.State: TIMED_WAITING&#10;        at sun.misc.Unsafe.park(Native Method)&#10;        at java.util.concurrent.locks.LockSupport.parkNanos(LockSupport.java:215)&#10;        at java.util.concurrent.locks.AbstractQueuedSynchronizer$ConditionObject.awaitNanos(AbstractQueuedSynchronizer.java:2078)&#10;        at java.util.concurrent.ScheduledThreadPoolExecutor$DelayedWorkQueue.take(ScheduledThreadPoolExecutor.java:1093)&#10;        at java.util.concurrent.ScheduledThreadPoolExecutor$DelayedWorkQueue.take(ScheduledThreadPoolExecutor.java:809)&#10;        at java.util.concurrent.ThreadPoolExecutor.getTask(ThreadPoolExecutor.java:1074)&#10;        at java.util.concurrent.ThreadPoolExecutor.runWorker(ThreadPoolExecutor.java:1134)&#10;        at java.util.concurrent.ThreadPoolExecutor$Worker.run(ThreadPoolExecutor.java:624)&#10;        at java.lang.Thread.run(Thread.java:748)&#10;&quot;Finalizer&quot; daemon prio=8 tid=3 in Object.wait()&#10;java.lang.Thread.State: WAITING (on object monitor)&#10;        at java.lang.Object.wait(Native Method)&#10;        at java.lang.ref.ReferenceQueue.remove(ReferenceQueue.java:144)&#10;        at java.lang.ref.ReferenceQueue.remove(ReferenceQueue.java:165)&#10;        at java.lang.ref.Finalizer$FinalizerThread.run(Finalizer.java:216)&#10;&quot;4b287a15-77af-487b-aef7-34d1d0ee189f@group-83C26644CFDA-SegmentedRaftLogWorker&quot;  prio=5 tid=632 timed_waiting&#10;java.lang.Thread.State: TIMED_WAITING&#10;        at sun.misc.Unsafe.park(Native Method)&#10;        at java.util.concurrent.locks.LockSupport.parkNanos(LockSupport.java:215)&#10;        at java.util.concurrent.locks.AbstractQueuedSynchronizer$ConditionObject.awaitNanos(AbstractQueuedSynchronizer.java:2078)&#10;        at org.apache.ratis.util.DataBlockingQueue.poll(DataBlockingQueue.java:137)&#10;        at org.apache.ratis.server.raftlog.segmented.SegmentedRaftLogWorker.run(SegmentedRaftLogWorker.java:282)&#10;        at java.lang.Thread.run(Thread.java:748)&#10;&quot;pool-36-thread-41&quot;  prio=5 tid=333 in Object.wait()&#10;java.lang.Thread.State: WAITING (on object monitor)&#10;        at sun.misc.Unsafe.park(Native Method)&#10;        at java.util.concurrent.locks.LockSupport.park(LockSupport.java:175)&#10;        at java.util.concurrent.locks.AbstractQueuedSynchronizer$ConditionObject.await(AbstractQueuedSynchronizer.java:2039)&#10;        at java.util.concurrent.ArrayBlockingQueue.take(ArrayBlockingQueue.java:403)&#10;        at java.util.concurrent.ThreadPoolExecutor.getTask(ThreadPoolExecutor.java:1074)&#10;        at java.util.concurrent.ThreadPoolExecutor.runWorker(ThreadPoolExecutor.java:1134)&#10;        at java.util.concurrent.ThreadPoolExecutor$Worker.run(ThreadPoolExecutor.java:624)&#10;        at java.lang.Thread.run(Thread.java:748)&#10;&quot;pool-26-thread-21&quot;  prio=5 tid=253 in Object.wait()&#10;java.lang.Thread.State: WAITING (on object monitor)&#10;        at sun.misc.Unsafe.park(Native Method)&#10;        at java.util.concurrent.locks.LockSupport.park(LockSupport.java:175)&#10;        at java.util.concurrent.locks.AbstractQueuedSynchronizer$ConditionObject.await(AbstractQueuedSynchronizer.java:2039)&#10;        at java.util.concurrent.ArrayBlockingQueue.take(ArrayBlockingQueue.java:403)&#10;        at java.util.concurrent.ThreadPoolExecutor.getTask(ThreadPoolExecutor.java:1074)&#10;        at java.util.concurrent.ThreadPoolExecutor.runWorker(ThreadPoolExecutor.java:1134)&#10;        at java.util.concurrent.ThreadPoolExecutor$Worker.run(ThreadPoolExecutor.java:624)&#10;        at java.lang.Thread.run(Thread.java:748)&#10;&quot;pool-46-thread-40&quot;  prio=5 tid=392 in Object.wait()&#10;java.lang.Thread.State: WAITING (on object monitor)&#10;        at sun.misc.Unsafe.park(Native Method)&#10;        at java.util.concurrent.locks.LockSupport.park(LockSupport.java:175)&#10;        at java.util.concurrent.locks.AbstractQueuedSynchronizer$ConditionObject.await(AbstractQueuedSynchronizer.java:2039)&#10;        at java.util.concurrent.ArrayBlockingQueue.take(ArrayBlockingQueue.java:403)&#10;        at java.util.concurrent.ThreadPoolExecutor.getTask(ThreadPoolExecutor.java:1074)&#10;        at java.util.concurrent.ThreadPoolExecutor.runWorker(ThreadPoolExecutor.java:1134)&#10;        at java.util.concurrent.ThreadPoolExecutor$Worker.run(ThreadPoolExecutor.java:624)&#10;        at java.lang.Thread.run(Thread.java:748)&#10;&quot;metrics-hadoop-metrics2-reporter-31-thread-1&quot; daemon prio=5 tid=642 timed_waiting&#10;java.lang.Thread.State: TIMED_WAITING&#10;        at sun.misc.Unsafe.park(Native Method)&#10;        at java.util.concurrent.locks.LockSupport.parkNanos(LockSupport.java:215)&#10;        at java.util.concurrent.locks.AbstractQueuedSynchronizer$ConditionObject.awaitNanos(AbstractQueuedSynchronizer.java:2078)&#10;        at java.util.concurrent.ScheduledThreadPoolExecutor$DelayedWorkQueue.take(ScheduledThreadPoolExecutor.java:1093)&#10;        at java.util.concurrent.ScheduledThreadPoolExecutor$DelayedWorkQueue.take(ScheduledThreadPoolExecutor.java:809)&#10;        at java.util.concurrent.ThreadPoolExecutor.getTask(ThreadPoolExecutor.java:1074)&#10;        at java.util.concurrent.ThreadPoolExecutor.runWorker(ThreadPoolExecutor.java:1134)&#10;        at java.util.concurrent.ThreadPoolExecutor$Worker.run(ThreadPoolExecutor.java:624)&#10;        at java.lang.Thread.run(Thread.java:748)&#10;&quot;qtp1536399059-192&quot; daemon prio=5 tid=192 timed_waiting&#10;java.lang.Thread.State: TIMED_WAITING&#10;        at sun.misc.Unsafe.park(Native Method)&#10;        at java.util.concurrent.locks.LockSupport.parkNanos(LockSupport.java:215)&#10;        at java.util.concurrent.locks.AbstractQueuedSynchronizer$ConditionObject.awaitNanos(AbstractQueuedSynchronizer.java:2078)&#10;        at org.eclipse.jetty.util.BlockingArrayQueue.poll(BlockingArrayQueue.java:392)&#10;        at org.eclipse.jetty.util.thread.QueuedThreadPool.idleJobPoll(QueuedThreadPool.java:563)&#10;        at org.eclipse.jetty.util.thread.QueuedThreadPool.access$800(QueuedThreadPool.java:48)&#10;        at org.eclipse.jetty.util.thread.QueuedThreadPool$2.run(QueuedThreadPool.java:626)&#10;        at java.lang.Thread.run(Thread.java:748)&#10;&quot;IPC Server handler 17 on 33987&quot; daemon prio=5 tid=46 timed_waiting&#10;java.lang.Thread.State: TIMED_WAITING&#10;        at sun.misc.Unsafe.park(Native Method)&#10;        at java.util.concurrent.locks.LockSupport.parkNanos(LockSupport.java:215)&#10;        at java.util.concurrent.locks.AbstractQueuedSynchronizer$ConditionObject.awaitNanos(AbstractQueuedSynchronizer.java:2078)&#10;        at java.util.concurrent.LinkedBlockingQueue.poll(LinkedBlockingQueue.java:467)&#10;        at org.apache.hadoop.ipc.CallQueueManager.take(CallQueueManager.java:288)&#10;        at org.apache.hadoop.ipc.Server$Handler.run(Server.java:2668)&#10;&quot;Reference Handler&quot; daemon prio=10 tid=2 in Object.wait()&#10;java.lang.Thread.State: WAITING (on object monitor)&#10;        at java.lang.Object.wait(Native Method)&#10;        at java.lang.Object.wait(Object.java:502)&#10;        at java.lang.ref.Reference.tryHandlePending(Reference.java:191)&#10;        at java.lang.ref.Reference$ReferenceHandler.run(Reference.java:153)&#10;&quot;IPC Server handler 18 on 34353&quot; daemon prio=5 tid=87 timed_waiting&#10;java.lang.Thread.State: TIMED_WAITING&#10;        at sun.misc.Unsafe.park(Native Method)&#10;        at java.util.concurrent.locks.LockSupport.parkNanos(LockSupport.java:215)&#10;        at java.util.concurrent.locks.AbstractQueuedSynchronizer$ConditionObject.awaitNanos(AbstractQueuedSynchronizer.java:2078)&#10;        at java.util.concurrent.LinkedBlockingQueue.poll(LinkedBlockingQueue.java:467)&#10;        at org.apache.hadoop.ipc.CallQueueManager.take(CallQueueManager.java:288)&#10;        at org.apache.hadoop.ipc.Server$Handler.run(Server.java:2668)&#10;&quot;qtp1536399059-191&quot; daemon prio=5 tid=191 timed_waiting&#10;java.lang.Thread.State: TIMED_WAITING&#10;        at sun.misc.Unsafe.park(Native Method)&#10;        at java.util.concurrent.locks.LockSupport.parkNanos(LockSupport.java:215)&#10;        at java.util.concurrent.locks.AbstractQueuedSynchronizer$ConditionObject.awaitNanos(AbstractQueuedSynchronizer.java:2078)&#10;        at org.eclipse.jetty.util.BlockingArrayQueue.poll(BlockingArrayQueue.java:392)&#10;        at org.eclipse.jetty.util.thread.QueuedThreadPool.idleJobPoll(QueuedThreadPool.java:563)&#10;        at org.eclipse.jetty.util.thread.QueuedThreadPool.access$800(QueuedThreadPool.java:48)&#10;        at org.eclipse.jetty.util.thread.QueuedThreadPool$2.run(QueuedThreadPool.java:626)&#10;        at java.lang.Thread.run(Thread.java:748)&#10;&quot;pool-36-thread-10&quot;  prio=5 tid=302 in Object.wait()&#10;java.lang.Thread.State: WAITING (on object monitor)&#10;        at sun.misc.Unsafe.park(Native Method)&#10;        at java.util.concurrent.locks.LockSupport.park(LockSupport.java:175)&#10;        at java.util.concurrent.locks.AbstractQueuedSynchronizer$ConditionObject.await(AbstractQueuedSynchronizer.java:2039)&#10;        at java.util.concurrent.ArrayBlockingQueue.take(ArrayBlockingQueue.java:403)&#10;        at java.util.concurrent.ThreadPoolExecutor.getTask(ThreadPoolExecutor.java:1074)&#10;        at java.util.concurrent.ThreadPoolExecutor.runWorker(ThreadPoolExecutor.java:1134)&#10;        at java.util.concurrent.ThreadPoolExecutor$Worker.run(ThreadPoolExecutor.java:624)&#10;        at java.lang.Thread.run(Thread.java:748)&#10;&quot;qtp231182885-165&quot; daemon prio=5 tid=165 timed_waiting&#10;java.lang.Thread.State: TIMED_WAITING&#10;        at sun.misc.Unsafe.park(Native Method)&#10;        at java.util.concurrent.locks.LockSupport.parkNanos(LockSupport.java:215)&#10;        at java.util.concurrent.locks.AbstractQueuedSynchronizer$ConditionObject.awaitNanos(AbstractQueuedSynchronizer.java:2078)&#10;        at org.eclipse.jetty.util.BlockingArrayQueue.poll(BlockingArrayQueue.java:392)&#10;        at org.eclipse.jetty.util.thread.QueuedThreadPool.idleJobPoll(QueuedThreadPool.java:563)&#10;        at org.eclipse.jetty.util.thread.QueuedThreadPool.access$800(QueuedThreadPool.java:48)&#10;        at org.eclipse.jetty.util.thread.QueuedThreadPool$2.run(QueuedThreadPool.java:626)&#10;        at java.lang.Thread.run(Thread.java:748)&#10;&quot;metrics-hadoop-metrics2-reporter-11-thread-1&quot; daemon prio=5 tid=466 timed_waiting&#10;java.lang.Thread.State: TIMED_WAITING&#10;        at sun.misc.Unsafe.park(Native Method)&#10;        at java.util.concurrent.locks.LockSupport.parkNanos(LockSupport.java:215)&#10;        at java.util.concurrent.locks.AbstractQueuedSynchronizer$ConditionObject.awaitNanos(AbstractQueuedSynchronizer.java:2078)&#10;        at java.util.concurrent.ScheduledThreadPoolExecutor$DelayedWorkQueue.take(ScheduledThreadPoolExecutor.java:1093)&#10;        at java.util.concurrent.ScheduledThreadPoolExecutor$DelayedWorkQueue.take(ScheduledThreadPoolExecutor.java:809)&#10;        at java.util.concurrent.ThreadPoolExecutor.getTask(ThreadPoolExecutor.java:1074)&#10;        at java.util.concurrent.ThreadPoolExecutor.runWorker(ThreadPoolExecutor.java:1134)&#10;        at java.util.concurrent.ThreadPoolExecutor$Worker.run(ThreadPoolExecutor.java:624)&#10;        at java.lang.Thread.run(Thread.java:748)&#10;&quot;BlockDeletingService#2&quot; daemon prio=5 tid=421 timed_waiting&#10;java.lang.Thread.State: TIMED_WAITING&#10;        at sun.misc.Unsafe.park(Native Method)&#10;        at java.util.concurrent.locks.LockSupport.parkNanos(LockSupport.java:215)&#10;        at java.util.concurrent.locks.AbstractQueuedSynchronizer$ConditionObject.awaitNanos(AbstractQueuedSynchronizer.java:2078)&#10;        at java.util.concurrent.ScheduledThreadPoolExecutor$DelayedWorkQueue.take(ScheduledThreadPoolExecutor.java:1093)&#10;        at java.util.concurrent.ScheduledThreadPoolExecutor$DelayedWorkQueue.take(ScheduledThreadPoolExecutor.java:809)&#10;        at java.util.concurrent.ThreadPoolExecutor.getTask(ThreadPoolExecutor.java:1074)&#10;        at java.util.concurrent.ThreadPoolExecutor.runWorker(ThreadPoolExecutor.java:1134)&#10;        at java.util.concurrent.ThreadPoolExecutor$Worker.run(ThreadPoolExecutor.java:624)&#10;        at java.lang.Thread.run(Thread.java:748)&#10;&quot;IPC Server handler 3 on 35897&quot; daemon prio=5 tid=117 timed_waiting&#10;java.lang.Thread.State: TIMED_WAITING&#10;        at sun.misc.Unsafe.park(Native Method)&#10;        at java.util.concurrent.locks.LockSupport.parkNanos(LockSupport.java:215)&#10;        at java.util.concurrent.locks.AbstractQueuedSynchronizer$ConditionObject.awaitNanos(AbstractQueuedSynchronizer.java:2078)&#10;        at java.util.concurrent.LinkedBlockingQueue.poll(LinkedBlockingQueue.java:467)&#10;        at org.apache.hadoop.ipc.CallQueueManager.take(CallQueueManager.java:288)&#10;        at org.apache.hadoop.ipc.Server$Handler.run(Server.java:2668)&#10;&quot;metrics-hadoop-metrics2-reporter-14-thread-1&quot; daemon prio=5 tid=472 timed_waiting&#10;java.lang.Thread.State: TIMED_WAITING&#10;        at sun.misc.Unsafe.park(Native Method)&#10;        at java.util.concurrent.locks.LockSupport.parkNanos(LockSupport.java:215)&#10;        at java.util.concurrent.locks.AbstractQueuedSynchronizer$ConditionObject.awaitNanos(AbstractQueuedSynchronizer.java:2078)&#10;        at java.util.concurrent.ScheduledThreadPoolExecutor$DelayedWorkQueue.take(ScheduledThreadPoolExecutor.java:1093)&#10;        at java.util.concurrent.ScheduledThreadPoolExecutor$DelayedWorkQueue.take(ScheduledThreadPoolExecutor.java:809)&#10;        at java.util.concurrent.ThreadPoolExecutor.getTask(ThreadPoolExecutor.java:1074)&#10;        at java.util.concurrent.ThreadPoolExecutor.runWorker(ThreadPoolExecutor.java:1134)&#10;        at java.util.concurrent.ThreadPoolExecutor$Worker.run(ThreadPoolExecutor.java:624)&#10;        at java.lang.Thread.run(Thread.java:748)&#10;&quot;IPC Parameter Sending Thread #0&quot; daemon prio=5 tid=105 timed_waiting&#10;java.lang.Thread.State: TIMED_WAITING&#10;        at sun.misc.Unsafe.park(Native Method)&#10;        at java.util.concurrent.locks.LockSupport.parkNanos(LockSupport.java:215)&#10;        at java.util.concurrent.SynchronousQueue$TransferStack.awaitFulfill(SynchronousQueue.java:460)&#10;        at java.util.concurrent.SynchronousQueue$TransferStack.transfer(SynchronousQueue.java:362)&#10;        at java.util.concurrent.SynchronousQueue.poll(SynchronousQueue.java:941)&#10;        at java.util.concurrent.ThreadPoolExecutor.getTask(ThreadPoolExecutor.java:1073)&#10;        at java.util.concurrent.ThreadPoolExecutor.runWorker(ThreadPoolExecutor.java:1134)&#10;        at java.util.concurrent.ThreadPoolExecutor$Worker.run(ThreadPoolExecutor.java:624)&#10;        at java.lang.Thread.run(Thread.java:748)&#10;&quot;IPC Server handler 18 on 33987&quot; daemon prio=5 tid=47 timed_waiting&#10;java.lang.Thread.State: TIMED_WAITING&#10;        at sun.misc.Unsafe.park(Native Method)&#10;        at java.util.concurrent.locks.LockSupport.parkNanos(LockSupport.java:215)&#10;        at java.util.concurrent.locks.AbstractQueuedSynchronizer$ConditionObject.awaitNanos(AbstractQueuedSynchronizer.java:2078)&#10;        at java.util.concurrent.LinkedBlockingQueue.poll(LinkedBlockingQueue.java:467)&#10;        at org.apache.hadoop.ipc.CallQueueManager.take(CallQueueManager.java:288)&#10;        at org.apache.hadoop.ipc.Server$Handler.run(Server.java:2668)&#10;&quot;pool-46-thread-46&quot;  prio=5 tid=398 in Object.wait()&#10;java.lang.Thread.State: WAITING (on object monitor)&#10;        at sun.misc.Unsafe.park(Native Method)&#10;        at java.util.concurrent.locks.LockSupport.park(LockSupport.java:175)&#10;        at java.util.concurrent.locks.AbstractQueuedSynchronizer$ConditionObject.await(AbstractQueuedSynchronizer.java:2039)&#10;        at java.util.concurrent.ArrayBlockingQueue.take(ArrayBlockingQueue.java:403)&#10;        at java.util.concurrent.ThreadPoolExecutor.getTask(ThreadPoolExecutor.java:1074)&#10;        at java.util.concurrent.ThreadPoolExecutor.runWorker(ThreadPoolExecutor.java:1134)&#10;        at java.util.concurrent.ThreadPoolExecutor$Worker.run(ThreadPoolExecutor.java:624)&#10;        at java.lang.Thread.run(Thread.java:748)&#10;&quot;pool-46-thread-38&quot;  prio=5 tid=390 in Object.wait()&#10;java.lang.Thread.State: WAITING (on object monitor)&#10;        at sun.misc.Unsafe.park(Native Method)&#10;        at java.util.concurrent.locks.LockSupport.park(LockSupport.java:175)&#10;        at java.util.concurrent.locks.AbstractQueuedSynchronizer$ConditionObject.await(AbstractQueuedSynchronizer.java:2039)&#10;        at java.util.concurrent.ArrayBlockingQueue.take(ArrayBlockingQueue.java:403)&#10;        at java.util.concurrent.ThreadPoolExecutor.getTask(ThreadPoolExecutor.java:1074)&#10;        at java.util.concurrent.ThreadPoolExecutor.runWorker(ThreadPoolExecutor.java:1134)&#10;        at java.util.concurrent.ThreadPoolExecutor$Worker.run(ThreadPoolExecutor.java:624)&#10;        at java.lang.Thread.run(Thread.java:748)&#10;&quot;BlockDeletingService#6&quot; daemon prio=5 tid=651 in Object.wait()&#10;java.lang.Thread.State: WAITING (on object monitor)&#10;        at sun.misc.Unsafe.park(Native Method)&#10;        at java.util.concurrent.locks.LockSupport.park(LockSupport.java:175)&#10;        at java.util.concurrent.locks.AbstractQueuedSynchronizer$ConditionObject.await(AbstractQueuedSynchronizer.java:2039)&#10;        at java.util.concurrent.ScheduledThreadPoolExecutor$DelayedWorkQueue.take(ScheduledThreadPoolExecutor.java:1088)&#10;        at java.util.concurrent.ScheduledThreadPoolExecutor$DelayedWorkQueue.take(ScheduledThreadPoolExecutor.java:809)&#10;        at java.util.concurrent.ThreadPoolExecutor.getTask(ThreadPoolExecutor.java:1074)&#10;        at java.util.concurrent.ThreadPoolExecutor.runWorker(ThreadPoolExecutor.java:1134)&#10;        at java.util.concurrent.ThreadPoolExecutor$Worker.run(ThreadPoolExecutor.java:624)&#10;        at java.lang.Thread.run(Thread.java:748)&#10;&quot;pool-46-thread-58&quot;  prio=5 tid=410 in Object.wait()&#10;java.lang.Thread.State: WAITING (on object monitor)&#10;        at sun.misc.Unsafe.park(Native Method)&#10;        at java.util.concurrent.locks.LockSupport.park(LockSupport.java:175)&#10;        at java.util.concurrent.locks.AbstractQueuedSynchronizer$ConditionObject.await(AbstractQueuedSynchronizer.java:2039)&#10;        at java.util.concurrent.ArrayBlockingQueue.take(ArrayBlockingQueue.java:403)&#10;        at java.util.concurrent.ThreadPoolExecutor.getTask(ThreadPoolExecutor.java:1074)&#10;        at java.util.concurrent.ThreadPoolExecutor.runWorker(ThreadPoolExecutor.java:1134)&#10;        at java.util.concurrent.ThreadPoolExecutor$Worker.run(ThreadPoolExecutor.java:624)&#10;        at java.lang.Thread.run(Thread.java:748)&#10;&quot;pool-36-thread-4&quot;  prio=5 tid=296 in Object.wait()&#10;java.lang.Thread.State: WAITING (on object monitor)&#10;        at sun.misc.Unsafe.park(Native Method)&#10;        at java.util.concurrent.locks.LockSupport.park(LockSupport.java:175)&#10;        at java.util.concurrent.locks.AbstractQueuedSynchronizer$ConditionObject.await(AbstractQueuedSynchronizer.java:2039)&#10;        at java.util.concurrent.ArrayBlockingQueue.take(ArrayBlockingQueue.java:403)&#10;        at java.util.concurrent.ThreadPoolExecutor.getTask(ThreadPoolExecutor.java:1074)&#10;        at java.util.concurrent.ThreadPoolExecutor.runWorker(ThreadPoolExecutor.java:1134)&#10;        at java.util.concurrent.ThreadPoolExecutor$Worker.run(ThreadPoolExecutor.java:624)&#10;        at java.lang.Thread.run(Thread.java:748)&#10;&quot;SCMBlockDeletingService#1&quot; daemon prio=5 tid=103 timed_waiting&#10;java.lang.Thread.State: TIMED_WAITING&#10;        at sun.misc.Unsafe.park(Native Method)&#10;        at java.util.concurrent.locks.LockSupport.parkNanos(LockSupport.java:215)&#10;        at java.util.concurrent.locks.AbstractQueuedSynchronizer$ConditionObject.awaitNanos(AbstractQueuedSynchronizer.java:2078)&#10;        at java.util.concurrent.ScheduledThreadPoolExecutor$DelayedWorkQueue.take(ScheduledThreadPoolExecutor.java:1093)&#10;        at java.util.concurrent.ScheduledThreadPoolExecutor$DelayedWorkQueue.take(ScheduledThreadPoolExecutor.java:809)&#10;        at java.util.concurrent.ThreadPoolExecutor.getTask(ThreadPoolExecutor.java:1074)&#10;        at java.util.concurrent.ThreadPoolExecutor.runWorker(ThreadPoolExecutor.java:1134)&#10;        at java.util.concurrent.ThreadPoolExecutor$Worker.run(ThreadPoolExecutor.java:624)&#10;        at java.lang.Thread.run(Thread.java:748)&#10;&quot;pool-36-thread-9&quot;  prio=5 tid=301 in Object.wait()&#10;java.lang.Thread.State: WAITING (on object monitor)&#10;        at sun.misc.Unsafe.park(Native Method)&#10;        at java.util.concurrent.locks.LockSupport.park(LockSupport.java:175)&#10;        at java.util.concurrent.locks.AbstractQueuedSynchronizer$ConditionObject.await(AbstractQueuedSynchronizer.java:2039)&#10;        at java.util.concurrent.ArrayBlockingQueue.take(ArrayBlockingQueue.java:403)&#10;        at java.util.concurrent.ThreadPoolExecutor.getTask(ThreadPoolExecutor.java:1074)&#10;        at java.util.concurrent.ThreadPoolExecutor.runWorker(ThreadPoolExecutor.java:1134)&#10;        at java.util.concurrent.ThreadPoolExecutor$Worker.run(ThreadPoolExecutor.java:624)&#10;        at java.lang.Thread.run(Thread.java:748)&#10;&quot;EventQueue-PipelineReportForPipelineReportHandler&quot; daemon prio=5 tid=428 in Object.wait()&#10;java.lang.Thread.State: WAITING (on object monitor)&#10;        at sun.misc.Unsafe.park(Native Method)&#10;        at java.util.concurrent.locks.LockSupport.park(LockSupport.java:175)&#10;        at java.util.concurrent.locks.AbstractQueuedSynchronizer$ConditionObject.await(AbstractQueuedSynchronizer.java:2039)&#10;        at java.util.concurrent.LinkedBlockingQueue.take(LinkedBlockingQueue.java:442)&#10;        at java.util.concurrent.ThreadPoolExecutor.getTask(ThreadPoolExecutor.java:1074)&#10;        at java.util.concurrent.ThreadPoolExecutor.runWorker(ThreadPoolExecutor.java:1134)&#10;        at java.util.concurrent.ThreadPoolExecutor$Worker.run(ThreadPoolExecutor.java:624)&#10;        at java.lang.Thread.run(Thread.java:748)&#10;&quot;pool-46-thread-25&quot;  prio=5 tid=377 in Object.wait()&#10;java.lang.Thread.State: WAITING (on object monitor)&#10;        at sun.misc.Unsafe.park(Native Method)&#10;        at java.util.concurrent.locks.LockSupport.park(LockSupport.java:175)&#10;        at java.util.concurrent.locks.AbstractQueuedSynchronizer$ConditionObject.await(AbstractQueuedSynchronizer.java:2039)&#10;        at java.util.concurrent.ArrayBlockingQueue.take(ArrayBlockingQueue.java:403)&#10;        at java.util.concurrent.ThreadPoolExecutor.getTask(ThreadPoolExecutor.java:1074)&#10;        at java.util.concurrent.ThreadPoolExecutor.runWorker(ThreadPoolExecutor.java:1134)&#10;        at java.util.concurrent.ThreadPoolExecutor$Worker.run(ThreadPoolExecutor.java:624)&#10;        at java.lang.Thread.run(Thread.java:748)&#10;&quot;IPC Server handler 15 on 40661&quot; daemon prio=5 tid=64 timed_waiting&#10;java.lang.Thread.State: TIMED_WAITING&#10;        at sun.misc.Unsafe.park(Native Method)&#10;        at java.util.concurrent.locks.LockSupport.parkNanos(LockSupport.java:215)&#10;        at java.util.concurrent.locks.AbstractQueuedSynchronizer$ConditionObject.awaitNanos(AbstractQueuedSynchronizer.java:2078)&#10;        at java.util.concurrent.LinkedBlockingQueue.poll(LinkedBlockingQueue.java:467)&#10;        at org.apache.hadoop.ipc.CallQueueManager.take(CallQueueManager.java:288)&#10;        at org.apache.hadoop.ipc.Server$Handler.run(Server.java:2668)&#10;&quot;pool-46-thread-59&quot;  prio=5 tid=411 in Object.wait()&#10;java.lang.Thread.State: WAITING (on object monitor)&#10;        at sun.misc.Unsafe.park(Native Method)&#10;        at java.util.concurrent.locks.LockSupport.park(LockSupport.java:175)&#10;        at java.util.concurrent.locks.AbstractQueuedSynchronizer$ConditionObject.await(AbstractQueuedSynchronizer.java:2039)&#10;        at java.util.concurrent.ArrayBlockingQueue.take(ArrayBlockingQueue.java:403)&#10;        at java.util.concurrent.ThreadPoolExecutor.getTask(ThreadPoolExecutor.java:1074)&#10;        at java.util.concurrent.ThreadPoolExecutor.runWorker(ThreadPoolExecutor.java:1134)&#10;        at java.util.concurrent.ThreadPoolExecutor$Worker.run(ThreadPoolExecutor.java:624)&#10;        at java.lang.Thread.run(Thread.java:748)&#10;&quot;org.eclipse.jetty.server.session.HashSessionManager@3af356fTimer&quot; daemon prio=5 tid=144 timed_waiting&#10;java.lang.Thread.State: TIMED_WAITING&#10;        at sun.misc.Unsafe.park(Native Method)&#10;        at java.util.concurrent.locks.LockSupport.parkNanos(LockSupport.java:215)&#10;        at java.util.concurrent.locks.AbstractQueuedSynchronizer$ConditionObject.awaitNanos(AbstractQueuedSynchronizer.java:2078)&#10;        at java.util.concurrent.ScheduledThreadPoolExecutor$DelayedWorkQueue.take(ScheduledThreadPoolExecutor.java:1093)&#10;        at java.util.concurrent.ScheduledThreadPoolExecutor$DelayedWorkQueue.take(ScheduledThreadPoolExecutor.java:809)&#10;        at java.util.concurrent.ThreadPoolExecutor.getTask(ThreadPoolExecutor.java:1074)&#10;        at java.util.concurrent.ThreadPoolExecutor.runWorker(ThreadPoolExecutor.java:1134)&#10;        at java.util.concurrent.ThreadPoolExecutor$Worker.run(ThreadPoolExecutor.java:624)&#10;        at java.lang.Thread.run(Thread.java:748)&#10;&quot;metrics-hadoop-metrics2-reporter-25-thread-1&quot; daemon prio=5 tid=529 timed_waiting&#10;java.lang.Thread.State: TIMED_WAITING&#10;        at sun.misc.Unsafe.park(Native Method)&#10;        at java.util.concurrent.locks.LockSupport.parkNanos(LockSupport.java:215)&#10;        at java.util.concurrent.locks.AbstractQueuedSynchronizer$ConditionObject.awaitNanos(AbstractQueuedSynchronizer.java:2078)&#10;        at java.util.concurrent.ScheduledThreadPoolExecutor$DelayedWorkQueue.take(ScheduledThreadPoolExecutor.java:1093)&#10;        at java.util.concurrent.ScheduledThreadPoolExecutor$DelayedWorkQueue.take(ScheduledThreadPoolExecutor.java:809)&#10;        at java.util.concurrent.ThreadPoolExecutor.getTask(ThreadPoolExecutor.java:1074)&#10;        at java.util.concurrent.ThreadPoolExecutor.runWorker(ThreadPoolExecutor.java:1134)&#10;        at java.util.concurrent.ThreadPoolExecutor$Worker.run(ThreadPoolExecutor.java:624)&#10;        at java.lang.Thread.run(Thread.java:748)&#10;&quot;org.eclipse.jetty.server.session.HashSessionManager@4c777e7bTimer&quot; daemon prio=5 tid=168 timed_waiting&#10;java.lang.Thread.State: TIMED_WAITING&#10;        at sun.misc.Unsafe.park(Native Method)&#10;        at java.util.concurrent.locks.LockSupport.parkNanos(LockSupport.java:215)&#10;        at java.util.concurrent.locks.AbstractQueuedSynchronizer$ConditionObject.awaitNanos(AbstractQueuedSynchronizer.java:2078)&#10;        at java.util.concurrent.ScheduledThreadPoolExecutor$DelayedWorkQueue.take(ScheduledThreadPoolExecutor.java:1093)&#10;        at java.util.concurrent.ScheduledThreadPoolExecutor$DelayedWorkQueue.take(ScheduledThreadPoolExecutor.java:809)&#10;        at java.util.concurrent.ThreadPoolExecutor.getTask(ThreadPoolExecutor.java:1074)&#10;        at java.util.concurrent.ThreadPoolExecutor.runWorker(ThreadPoolExecutor.java:1134)&#10;        at java.util.concurrent.ThreadPoolExecutor$Worker.run(ThreadPoolExecutor.java:624)&#10;        at java.lang.Thread.run(Thread.java:748)&#10;&quot;Datanode State Machine Thread - 0&quot; daemon prio=5 tid=179 timed_waiting&#10;java.lang.Thread.State: TIMED_WAITING&#10;        at sun.misc.Unsafe.park(Native Method)&#10;        at java.util.concurrent.locks.LockSupport.parkNanos(LockSupport.java:215)&#10;        at java.util.concurrent.SynchronousQueue$TransferStack.awaitFulfill(SynchronousQueue.java:460)&#10;        at java.util.concurrent.SynchronousQueue$TransferStack.transfer(SynchronousQueue.java:362)&#10;        at java.util.concurrent.SynchronousQueue.poll(SynchronousQueue.java:941)&#10;        at java.util.concurrent.ThreadPoolExecutor.getTask(ThreadPoolExecutor.java:1073)&#10;        at java.util.concurrent.ThreadPoolExecutor.runWorker(ThreadPoolExecutor.java:1134)&#10;        at java.util.concurrent.ThreadPoolExecutor$Worker.run(ThreadPoolExecutor.java:624)&#10;        at java.lang.Thread.run(Thread.java:748)&#10;&quot;pool-26-thread-26&quot;  prio=5 tid=258 in Object.wait()&#10;java.lang.Thread.State: WAITING (on object monitor)&#10;        at sun.misc.Unsafe.park(Native Method)&#10;        at java.util.concurrent.locks.LockSupport.park(LockSupport.java:175)&#10;        at java.util.concurrent.locks.AbstractQueuedSynchronizer$ConditionObject.await(AbstractQueuedSynchronizer.java:2039)&#10;        at java.util.concurrent.ArrayBlockingQueue.take(ArrayBlockingQueue.java:403)&#10;        at java.util.concurrent.ThreadPoolExecutor.getTask(ThreadPoolExecutor.java:1074)&#10;        at java.util.concurrent.ThreadPoolExecutor.runWorker(ThreadPoolExecutor.java:1134)&#10;        at java.util.concurrent.ThreadPoolExecutor$Worker.run(ThreadPoolExecutor.java:624)&#10;        at java.lang.Thread.run(Thread.java:748)&#10;&quot;org.eclipse.jetty.server.session.HashSessionManager@4047d2d9Timer&quot; daemon prio=5 tid=195 timed_waiting&#10;java.lang.Thread.State: TIMED_WAITING&#10;        at sun.misc.Unsafe.park(Native Method)&#10;        at java.util.concurrent.locks.LockSupport.parkNanos(LockSupport.java:215)&#10;        at java.util.concurrent.locks.AbstractQueuedSynchronizer$ConditionObject.awaitNanos(AbstractQueuedSynchronizer.java:2078)&#10;        at java.util.concurrent.ScheduledThreadPoolExecutor$DelayedWorkQueue.take(ScheduledThreadPoolExecutor.java:1093)&#10;        at java.util.concurrent.ScheduledThreadPoolExecutor$DelayedWorkQueue.take(ScheduledThreadPoolExecutor.java:809)&#10;        at java.util.concurrent.ThreadPoolExecutor.getTask(ThreadPoolExecutor.java:1074)&#10;        at java.util.concurrent.ThreadPoolExecutor.runWorker(ThreadPoolExecutor.java:1134)&#10;        at java.util.concurrent.ThreadPoolExecutor$Worker.run(ThreadPoolExecutor.java:624)&#10;        at java.lang.Thread.run(Thread.java:748)&#10;&quot;pool-46-thread-14&quot;  prio=5 tid=366 in Object.wait()&#10;java.lang.Thread.State: WAITING (on object monitor)&#10;        at sun.misc.Unsafe.park(Native Method)&#10;        at java.util.concurrent.locks.LockSupport.park(LockSupport.java:175)&#10;        at java.util.concurrent.locks.AbstractQueuedSynchronizer$ConditionObject.await(AbstractQueuedSynchronizer.java:2039)&#10;        at java.util.concurrent.ArrayBlockingQueue.take(ArrayBlockingQueue.java:403)&#10;        at java.util.concurrent.ThreadPoolExecutor.getTask(ThreadPoolExecutor.java:1074)&#10;        at java.util.concurrent.ThreadPoolExecutor.runWorker(ThreadPoolExecutor.java:1134)&#10;        at java.util.concurrent.ThreadPoolExecutor$Worker.run(ThreadPoolExecutor.java:624)&#10;        at java.lang.Thread.run(Thread.java:748)&#10;&quot;pool-46-thread-9&quot;  prio=5 tid=361 in Object.wait()&#10;java.lang.Thread.State: WAITING (on object monitor)&#10;        at sun.misc.Unsafe.park(Native Method)&#10;        at java.util.concurrent.locks.LockSupport.park(LockSupport.java:175)&#10;        at java.util.concurrent.locks.AbstractQueuedSynchronizer$ConditionObject.await(AbstractQueuedSynchronizer.java:2039)&#10;        at java.util.concurrent.ArrayBlockingQueue.take(ArrayBlockingQueue.java:403)&#10;        at java.util.concurrent.ThreadPoolExecutor.getTask(ThreadPoolExecutor.java:1074)&#10;        at java.util.concurrent.ThreadPoolExecutor.runWorker(ThreadPoolExecutor.java:1134)&#10;        at java.util.concurrent.ThreadPoolExecutor$Worker.run(ThreadPoolExecutor.java:624)&#10;        at java.lang.Thread.run(Thread.java:748)&#10;&quot;pool-36-thread-20&quot;  prio=5 tid=312 in Object.wait()&#10;java.lang.Thread.State: WAITING (on object monitor)&#10;        at sun.misc.Unsafe.park(Native Method)&#10;        at java.util.concurrent.locks.LockSupport.park(LockSupport.java:175)&#10;        at java.util.concurrent.locks.AbstractQueuedSynchronizer$ConditionObject.await(AbstractQueuedSynchronizer.java:2039)&#10;        at java.util.concurrent.ArrayBlockingQueue.take(ArrayBlockingQueue.java:403)&#10;        at java.util.concurrent.ThreadPoolExecutor.getTask(ThreadPoolExecutor.java:1074)&#10;        at java.util.concurrent.ThreadPoolExecutor.runWorker(ThreadPoolExecutor.java:1134)&#10;        at java.util.concurrent.ThreadPoolExecutor$Worker.run(ThreadPoolExecutor.java:624)&#10;        at java.lang.Thread.run(Thread.java:748)&#10;&quot;metrics-hadoop-metrics2-reporter-7-thread-1&quot; daemon prio=5 tid=457 timed_waiting&#10;java.lang.Thread.State: TIMED_WAITING&#10;        at sun.misc.Unsafe.park(Native Method)&#10;        at java.util.concurrent.locks.LockSupport.parkNanos(LockSupport.java:215)&#10;        at java.util.concurrent.locks.AbstractQueuedSynchronizer$ConditionObject.awaitNanos(AbstractQueuedSynchronizer.java:2078)&#10;        at java.util.concurrent.ScheduledThreadPoolExecutor$DelayedWorkQueue.take(ScheduledThreadPoolExecutor.java:1093)&#10;        at java.util.concurrent.ScheduledThreadPoolExecutor$DelayedWorkQueue.take(ScheduledThreadPoolExecutor.java:809)&#10;        at java.util.concurrent.ThreadPoolExecutor.getTask(ThreadPoolExecutor.java:1074)&#10;        at java.util.concurrent.ThreadPoolExecutor.runWorker(ThreadPoolExecutor.java:1134)&#10;        at java.util.concurrent.ThreadPoolExecutor$Worker.run(ThreadPoolExecutor.java:624)&#10;        at java.lang.Thread.run(Thread.java:748)&#10;&quot;metrics-hadoop-metrics2-reporter-23-thread-1&quot; daemon prio=5 tid=514 timed_waiting&#10;java.lang.Thread.State: TIMED_WAITING&#10;        at sun.misc.Unsafe.park(Native Method)&#10;        at java.util.concurrent.locks.LockSupport.parkNanos(LockSupport.java:215)&#10;        at java.util.concurrent.locks.AbstractQueuedSynchronizer$ConditionObject.awaitNanos(AbstractQueuedSynchronizer.java:2078)&#10;        at java.util.concurrent.ScheduledThreadPoolExecutor$DelayedWorkQueue.take(ScheduledThreadPoolExecutor.java:1093)&#10;        at java.util.concurrent.ScheduledThreadPoolExecutor$DelayedWorkQueue.take(ScheduledThreadPoolExecutor.java:809)&#10;        at java.util.concurrent.ThreadPoolExecutor.getTask(ThreadPoolExecutor.java:1074)&#10;        at java.util.concurrent.ThreadPoolExecutor.runWorker(ThreadPoolExecutor.java:1134)&#10;        at java.util.concurrent.ThreadPoolExecutor$Worker.run(ThreadPoolExecutor.java:624)&#10;        at java.lang.Thread.run(Thread.java:748)&#10;&quot;KeyDeletingService#1&quot; daemon prio=5 tid=120 timed_waiting&#10;java.lang.Thread.State: TIMED_WAITING&#10;        at sun.misc.Unsafe.park(Native Method)&#10;        at java.util.concurrent.locks.LockSupport.parkNanos(LockSupport.java:215)&#10;        at java.util.concurrent.locks.AbstractQueuedSynchronizer$ConditionObject.awaitNanos(AbstractQueuedSynchronizer.java:2078)&#10;        at java.util.concurrent.ScheduledThreadPoolExecutor$DelayedWorkQueue.take(ScheduledThreadPoolExecutor.java:1093)&#10;        at java.util.concurrent.ScheduledThreadPoolExecutor$DelayedWorkQueue.take(ScheduledThreadPoolExecutor.java:809)&#10;        at java.util.concurrent.ThreadPoolExecutor.getTask(ThreadPoolExecutor.java:1074)&#10;        at java.util.concurrent.ThreadPoolExecutor.runWorker(ThreadPoolExecutor.java:1134)&#10;        at java.util.concurrent.ThreadPoolExecutor$Worker.run(ThreadPoolExecutor.java:624)&#10;        at java.lang.Thread.run(Thread.java:748)&#10;&quot;pool-26-thread-51&quot;  prio=5 tid=283 in Object.wait()&#10;java.lang.Thread.State: WAITING (on object monitor)&#10;        at sun.misc.Unsafe.park(Native Method)&#10;        at java.util.concurrent.locks.LockSupport.park(LockSupport.java:175)&#10;        at java.util.concurrent.locks.AbstractQueuedSynchronizer$ConditionObject.await(AbstractQueuedSynchronizer.java:2039)&#10;        at java.util.concurrent.ArrayBlockingQueue.take(ArrayBlockingQueue.java:403)&#10;        at java.util.concurrent.ThreadPoolExecutor.getTask(ThreadPoolExecutor.java:1074)&#10;        at java.util.concurrent.ThreadPoolExecutor.runWorker(ThreadPoolExecutor.java:1134)&#10;        at java.util.concurrent.ThreadPoolExecutor$Worker.run(ThreadPoolExecutor.java:624)&#10;        at java.lang.Thread.run(Thread.java:748)&#10;&quot;pool-36-thread-30&quot;  prio=5 tid=322 in Object.wait()&#10;java.lang.Thread.State: WAITING (on object monitor)&#10;        at sun.misc.Unsafe.park(Native Method)&#10;        at java.util.concurrent.locks.LockSupport.park(LockSupport.java:175)&#10;        at java.util.concurrent.locks.AbstractQueuedSynchronizer$ConditionObject.await(AbstractQueuedSynchronizer.java:2039)&#10;        at java.util.concurrent.ArrayBlockingQueue.take(ArrayBlockingQueue.java:403)&#10;        at java.util.concurrent.ThreadPoolExecutor.getTask(ThreadPoolExecutor.java:1074)&#10;        at java.util.concurrent.ThreadPoolExecutor.runWorker(ThreadPoolExecutor.java:1134)&#10;        at java.util.concurrent.ThreadPoolExecutor$Worker.run(ThreadPoolExecutor.java:624)&#10;        at java.lang.Thread.run(Thread.java:748)&#10;&quot;Datanode State Machine Thread - 0&quot; daemon prio=5 tid=224 timed_waiting&#10;java.lang.Thread.State: TIMED_WAITING&#10;        at java.lang.Thread.sleep(Native Method)&#10;        at org.apache.hadoop.ozone.container.common.statemachine.DatanodeStateMachine.start(DatanodeStateMachine.java:191)&#10;        at org.apache.hadoop.ozone.container.common.statemachine.DatanodeStateMachine.lambda$startDaemon$0(DatanodeStateMachine.java:349)&#10;        at org.apache.hadoop.ozone.container.common.statemachine.DatanodeStateMachine$$Lambda$140/1687702287.run(Unknown Source)&#10;        at java.lang.Thread.run(Thread.java:748)&#10;&quot;IPC Server handler 14 on 33987&quot; daemon prio=5 tid=43 timed_waiting&#10;java.lang.Thread.State: TIMED_WAITING&#10;        at sun.misc.Unsafe.park(Native Method)&#10;        at java.util.concurrent.locks.LockSupport.parkNanos(LockSupport.java:215)&#10;        at java.util.concurrent.locks.AbstractQueuedSynchronizer$ConditionObject.awaitNanos(AbstractQueuedSynchronizer.java:2078)&#10;        at java.util.concurrent.LinkedBlockingQueue.poll(LinkedBlockingQueue.java:467)&#10;        at org.apache.hadoop.ipc.CallQueueManager.take(CallQueueManager.java:288)&#10;        at org.apache.hadoop.ipc.Server$Handler.run(Server.java:2668)&#10;&quot;pool-36-thread-15&quot;  prio=5 tid=307 in Object.wait()&#10;java.lang.Thread.State: WAITING (on object monitor)&#10;        at sun.misc.Unsafe.park(Native Method)&#10;        at java.util.concurrent.locks.LockSupport.park(LockSupport.java:175)&#10;        at java.util.concurrent.locks.AbstractQueuedSynchronizer$ConditionObject.await(AbstractQueuedSynchronizer.java:2039)&#10;        at java.util.concurrent.ArrayBlockingQueue.take(ArrayBlockingQueue.java:403)&#10;        at java.util.concurrent.ThreadPoolExecutor.getTask(ThreadPoolExecutor.java:1074)&#10;        at java.util.concurrent.ThreadPoolExecutor.runWorker(ThreadPoolExecutor.java:1134)&#10;        at java.util.concurrent.ThreadPoolExecutor$Worker.run(ThreadPoolExecutor.java:624)&#10;        at java.lang.Thread.run(Thread.java:748)&#10;&quot;IPC Server handler 16 on 35897&quot; daemon prio=5 tid=131 timed_waiting&#10;java.lang.Thread.State: TIMED_WAITING&#10;        at sun.misc.Unsafe.park(Native Method)&#10;        at java.util.concurrent.locks.LockSupport.parkNanos(LockSupport.java:215)&#10;        at java.util.concurrent.locks.AbstractQueuedSynchronizer$ConditionObject.awaitNanos(AbstractQueuedSynchronizer.java:2078)&#10;        at java.util.concurrent.LinkedBlockingQueue.poll(LinkedBlockingQueue.java:467)&#10;        at org.apache.hadoop.ipc.CallQueueManager.take(CallQueueManager.java:288)&#10;        at org.apache.hadoop.ipc.Server$Handler.run(Server.java:2668)&#10;&quot;IPC Server Responder&quot; daemon prio=5 tid=110 runnable&#10;java.lang.Thread.State: RUNNABLE&#10;        at sun.nio.ch.EPollArrayWrapper.epollWait(Native Method)&#10;        at sun.nio.ch.EPollArrayWrapper.poll(EPollArrayWrapper.java:269)&#10;        at sun.nio.ch.EPollSelectorImpl.doSelect(EPollSelectorImpl.java:93)&#10;        at sun.nio.ch.SelectorImpl.lockAndDoSelect(SelectorImpl.java:86)&#10;        at sun.nio.ch.SelectorImpl.select(SelectorImpl.java:97)&#10;        at org.apache.hadoop.ipc.Server$Responder.doRunLoop(Server.java:1334)&#10;        at org.apache.hadoop.ipc.Server$Responder.run(Server.java:1317)&#10;&quot;IPC Server handler 8 on 34353&quot; daemon prio=5 tid=77 timed_waiting&#10;java.lang.Thread.State: TIMED_WAITING&#10;        at sun.misc.Unsafe.park(Native Method)&#10;        at java.util.concurrent.locks.LockSupport.parkNanos(LockSupport.java:215)&#10;        at java.util.concurrent.locks.AbstractQueuedSynchronizer$ConditionObject.awaitNanos(AbstractQueuedSynchronizer.java:2078)&#10;        at java.util.concurrent.LinkedBlockingQueue.poll(LinkedBlockingQueue.java:467)&#10;        at org.apache.hadoop.ipc.CallQueueManager.take(CallQueueManager.java:288)&#10;        at org.apache.hadoop.ipc.Server$Handler.run(Server.java:2668)&#10;&quot;qtp231182885-161&quot; daemon prio=5 tid=161 timed_waiting&#10;java.lang.Thread.State: TIMED_WAITING&#10;        at sun.misc.Unsafe.park(Native Method)&#10;        at java.util.concurrent.locks.LockSupport.parkNanos(LockSupport.java:215)&#10;        at java.util.concurrent.locks.AbstractQueuedSynchronizer$ConditionObject.awaitNanos(AbstractQueuedSynchronizer.java:2078)&#10;        at org.eclipse.jetty.util.BlockingArrayQueue.poll(BlockingArrayQueue.java:392)&#10;        at org.eclipse.jetty.util.thread.QueuedThreadPool.idleJobPoll(QueuedThreadPool.java:563)&#10;        at org.eclipse.jetty.util.thread.QueuedThreadPool.access$800(QueuedThreadPool.java:48)&#10;        at org.eclipse.jetty.util.thread.QueuedThreadPool$2.run(QueuedThreadPool.java:626)&#10;        at java.lang.Thread.run(Thread.java:748)&#10;&quot;pool-36-thread-34&quot;  prio=5 tid=326 in Object.wait()&#10;java.lang.Thread.State: WAITING (on object monitor)&#10;        at sun.misc.Unsafe.park(Native Method)&#10;        at java.util.concurrent.locks.LockSupport.park(LockSupport.java:175)&#10;        at java.util.concurrent.locks.AbstractQueuedSynchronizer$ConditionObject.await(AbstractQueuedSynchronizer.java:2039)&#10;        at java.util.concurrent.ArrayBlockingQueue.take(ArrayBlockingQueue.java:403)&#10;        at java.util.concurrent.ThreadPoolExecutor.getTask(ThreadPoolExecutor.java:1074)&#10;        at java.util.concurrent.ThreadPoolExecutor.runWorker(ThreadPoolExecutor.java:1134)&#10;        at java.util.concurrent.ThreadPoolExecutor$Worker.run(ThreadPoolExecutor.java:624)&#10;        at java.lang.Thread.run(Thread.java:748)&#10;&quot;pool-46-thread-31&quot;  prio=5 tid=383 in Object.wait()&#10;java.lang.Thread.State: WAITING (on object monitor)&#10;        at sun.misc.Unsafe.park(Native Method)&#10;        at java.util.concurrent.locks.LockSupport.park(LockSupport.java:175)&#10;        at java.util.concurrent.locks.AbstractQueuedSynchronizer$ConditionObject.await(AbstractQueuedSynchronizer.java:2039)&#10;        at java.util.concurrent.ArrayBlockingQueue.take(ArrayBlockingQueue.java:403)&#10;        at java.util.concurrent.ThreadPoolExecutor.getTask(ThreadPoolExecutor.java:1074)&#10;        at java.util.concurrent.ThreadPoolExecutor.runWorker(ThreadPoolExecutor.java:1134)&#10;        at java.util.concurrent.ThreadPoolExecutor$Worker.run(ThreadPoolExecutor.java:624)&#10;        at java.lang.Thread.run(Thread.java:748)&#10;&quot;IPC Server handler 1 on 33987&quot; daemon prio=5 tid=30 timed_waiting&#10;java.lang.Thread.State: TIMED_WAITING&#10;        at sun.misc.Unsafe.park(Native Method)&#10;        at java.util.concurrent.locks.LockSupport.parkNanos(LockSupport.java:215)&#10;        at java.util.concurrent.locks.AbstractQueuedSynchronizer$ConditionObject.awaitNanos(AbstractQueuedSynchronizer.java:2078)&#10;        at java.util.concurrent.LinkedBlockingQueue.poll(LinkedBlockingQueue.java:467)&#10;        at org.apache.hadoop.ipc.CallQueueManager.take(CallQueueManager.java:288)&#10;        at org.apache.hadoop.ipc.Server$Handler.run(Server.java:2668)&#10;&quot;pool-37-thread-1&quot;  prio=5 tid=463 in Object.wait()&#10;java.lang.Thread.State: WAITING (on object monitor)&#10;        at sun.misc.Unsafe.park(Native Method)&#10;        at java.util.concurrent.locks.LockSupport.park(LockSupport.java:175)&#10;        at java.util.concurrent.locks.AbstractQueuedSynchronizer$ConditionObject.await(AbstractQueuedSynchronizer.java:2039)&#10;        at java.util.concurrent.LinkedBlockingQueue.take(LinkedBlockingQueue.java:442)&#10;        at java.util.concurrent.ThreadPoolExecutor.getTask(ThreadPoolExecutor.java:1074)&#10;        at java.util.concurrent.ThreadPoolExecutor.runWorker(ThreadPoolExecutor.java:1134)&#10;        at java.util.concurrent.ThreadPoolExecutor$Worker.run(ThreadPoolExecutor.java:624)&#10;        at java.lang.Thread.run(Thread.java:748)&#10;&quot;IPC Server handler 0 on 40661&quot; daemon prio=5 tid=49 timed_waiting&#10;java.lang.Thread.State: TIMED_WAITING&#10;        at sun.misc.Unsafe.park(Native Method)&#10;        at java.util.concurrent.locks.LockSupport.parkNanos(LockSupport.java:215)&#10;        at java.util.concurrent.locks.AbstractQueuedSynchronizer$ConditionObject.awaitNanos(AbstractQueuedSynchronizer.java:2078)&#10;        at java.util.concurrent.LinkedBlockingQueue.poll(LinkedBlockingQueue.java:467)&#10;        at org.apache.hadoop.ipc.CallQueueManager.take(CallQueueManager.java:288)&#10;        at org.apache.hadoop.ipc.Server$Handler.run(Server.java:2668)&#10;&quot;pool-36-thread-36&quot;  prio=5 tid=328 in Object.wait()&#10;java.lang.Thread.State: WAITING (on object monitor)&#10;        at sun.misc.Unsafe.park(Native Method)&#10;        at java.util.concurrent.locks.LockSupport.park(LockSupport.java:175)&#10;        at java.util.concurrent.locks.AbstractQueuedSynchronizer$ConditionObject.await(AbstractQueuedSynchronizer.java:2039)&#10;        at java.util.concurrent.ArrayBlockingQueue.take(ArrayBlockingQueue.java:403)&#10;        at java.util.concurrent.ThreadPoolExecutor.getTask(ThreadPoolExecutor.java:1074)&#10;        at java.util.concurrent.ThreadPoolExecutor.runWorker(ThreadPoolExecutor.java:1134)&#10;        at java.util.concurrent.ThreadPoolExecutor$Worker.run(ThreadPoolExecutor.java:624)&#10;        at java.lang.Thread.run(Thread.java:748)&#10;&quot;grpc-default-executor-4&quot; daemon prio=5 tid=543 timed_waiting&#10;java.lang.Thread.State: TIMED_WAITING&#10;        at sun.misc.Unsafe.park(Native Method)&#10;        at java.util.concurrent.locks.LockSupport.parkNanos(LockSupport.java:215)&#10;        at java.util.concurrent.SynchronousQueue$TransferStack.awaitFulfill(SynchronousQueue.java:460)&#10;        at java.util.concurrent.SynchronousQueue$TransferStack.transfer(SynchronousQueue.java:362)&#10;        at java.util.concurrent.SynchronousQueue.poll(SynchronousQueue.java:941)&#10;        at java.util.concurrent.ThreadPoolExecutor.getTask(ThreadPoolExecutor.java:1073)&#10;        at java.util.concurrent.ThreadPoolExecutor.runWorker(ThreadPoolExecutor.java:1134)&#10;        at java.util.concurrent.ThreadPoolExecutor$Worker.run(ThreadPoolExecutor.java:624)&#10;        at java.lang.Thread.run(Thread.java:748)&#10;&quot;IPC Server handler 10 on 35897&quot; daemon prio=5 tid=125 timed_waiting&#10;java.lang.Thread.State: TIMED_WAITING&#10;        at sun.misc.Unsafe.park(Native Method)&#10;        at java.util.concurrent.locks.LockSupport.parkNanos(LockSupport.java:215)&#10;        at java.util.concurrent.locks.AbstractQueuedSynchronizer$ConditionObject.awaitNanos(AbstractQueuedSynchronizer.java:2078)&#10;        at java.util.concurrent.LinkedBlockingQueue.poll(LinkedBlockingQueue.java:467)&#10;        at org.apache.hadoop.ipc.CallQueueManager.take(CallQueueManager.java:288)&#10;        at org.apache.hadoop.ipc.Server$Handler.run(Server.java:2668)&#10;&quot;pool-26-thread-56&quot;  prio=5 tid=288 in Object.wait()&#10;java.lang.Thread.State: WAITING (on object monitor)&#10;        at sun.misc.Unsafe.park(Native Method)&#10;        at java.util.concurrent.locks.LockSupport.park(LockSupport.java:175)&#10;        at java.util.concurrent.locks.AbstractQueuedSynchronizer$ConditionObject.await(AbstractQueuedSynchronizer.java:2039)&#10;        at java.util.concurrent.ArrayBlockingQueue.take(ArrayBlockingQueue.java:403)&#10;        at java.util.concurrent.ThreadPoolExecutor.getTask(ThreadPoolExecutor.java:1074)&#10;        at java.util.concurrent.ThreadPoolExecutor.runWorker(ThreadPoolExecutor.java:1134)&#10;        at java.util.concurrent.ThreadPoolExecutor$Worker.run(ThreadPoolExecutor.java:624)&#10;        at java.lang.Thread.run(Thread.java:748)&#10;&quot;IPC Server handler 15 on 35897&quot; daemon prio=5 tid=130 timed_waiting&#10;java.lang.Thread.State: TIMED_WAITING&#10;        at sun.misc.Unsafe.park(Native Method)&#10;        at java.util.concurrent.locks.LockSupport.parkNanos(LockSupport.java:215)&#10;        at java.util.concurrent.locks.AbstractQueuedSynchronizer$ConditionObject.awaitNanos(AbstractQueuedSynchronizer.java:2078)&#10;        at java.util.concurrent.LinkedBlockingQueue.poll(LinkedBlockingQueue.java:467)&#10;        at org.apache.hadoop.ipc.CallQueueManager.take(CallQueueManager.java:288)&#10;        at org.apache.hadoop.ipc.Server$Handler.run(Server.java:2668)&#10;&quot;pool-36-thread-45&quot;  prio=5 tid=337 in Object.wait()&#10;java.lang.Thread.State: WAITING (on object monitor)&#10;        at sun.misc.Unsafe.park(Native Method)&#10;        at java.util.concurrent.locks.LockSupport.park(LockSupport.java:175)&#10;        at java.util.concurrent.locks.AbstractQueuedSynchronizer$ConditionObject.await(AbstractQueuedSynchronizer.java:2039)&#10;        at java.util.concurrent.ArrayBlockingQueue.take(ArrayBlockingQueue.java:403)&#10;        at java.util.concurrent.ThreadPoolExecutor.getTask(ThreadPoolExecutor.java:1074)&#10;        at java.util.concurrent.ThreadPoolExecutor.runWorker(ThreadPoolExecutor.java:1134)&#10;        at java.util.concurrent.ThreadPoolExecutor$Worker.run(ThreadPoolExecutor.java:624)&#10;        at java.lang.Thread.run(Thread.java:748)&#10;&quot;0aa3649f-570d-46c6-937f-492d7f3a8364@group-83C26644CFDA-StateMachineUpdater&quot; daemon prio=5 tid=638 in Object.wait()&#10;java.lang.Thread.State: WAITING (on object monitor)&#10;        at java.lang.Object.wait(Native Method)&#10;        at java.lang.Object.wait(Object.java:502)&#10;        at org.apache.ratis.server.impl.StateMachineUpdater.waitForCommit(StateMachineUpdater.java:194)&#10;        at org.apache.ratis.server.impl.StateMachineUpdater.run(StateMachineUpdater.java:159)&#10;        at java.lang.Thread.run(Thread.java:748)&#10;&quot;pool-26-thread-1&quot;  prio=5 tid=233 in Object.wait()&#10;java.lang.Thread.State: WAITING (on object monitor)&#10;        at sun.misc.Unsafe.park(Native Method)&#10;        at java.util.concurrent.locks.LockSupport.park(LockSupport.java:175)&#10;        at java.util.concurrent.locks.AbstractQueuedSynchronizer$ConditionObject.await(AbstractQueuedSynchronizer.java:2039)&#10;        at java.util.concurrent.ArrayBlockingQueue.take(ArrayBlockingQueue.java:403)&#10;        at java.util.concurrent.ThreadPoolExecutor.getTask(ThreadPoolExecutor.java:1074)&#10;        at java.util.concurrent.ThreadPoolExecutor.runWorker(ThreadPoolExecutor.java:1134)&#10;        at java.util.concurrent.ThreadPoolExecutor$Worker.run(ThreadPoolExecutor.java:624)&#10;        at java.lang.Thread.run(Thread.java:748)&#10;&quot;IPC Server handler 18 on 35897&quot; daemon prio=5 tid=133 timed_waiting&#10;java.lang.Thread.State: TIMED_WAITING&#10;        at sun.misc.Unsafe.park(Native Method)&#10;        at java.util.concurrent.locks.LockSupport.parkNanos(LockSupport.java:215)&#10;        at java.util.concurrent.locks.AbstractQueuedSynchronizer$ConditionObject.awaitNanos(AbstractQueuedSynchronizer.java:2078)&#10;        at java.util.concurrent.LinkedBlockingQueue.poll(LinkedBlockingQueue.java:467)&#10;        at org.apache.hadoop.ipc.CallQueueManager.take(CallQueueManager.java:288)&#10;        at org.apache.hadoop.ipc.Server$Handler.run(Server.java:2668)&#10;&quot;Socket Reader #1 for port 35897&quot;  prio=5 tid=108 runnable&#10;java.lang.Thread.State: RUNNABLE&#10;        at sun.nio.ch.EPollArrayWrapper.epollWait(Native Method)&#10;        at sun.nio.ch.EPollArrayWrapper.poll(EPollArrayWrapper.java:269)&#10;        at sun.nio.ch.EPollSelectorImpl.doSelect(EPollSelectorImpl.java:93)&#10;        at sun.nio.ch.SelectorImpl.lockAndDoSelect(SelectorImpl.java:86)&#10;        at sun.nio.ch.SelectorImpl.select(SelectorImpl.java:97)&#10;        at sun.nio.ch.SelectorImpl.select(SelectorImpl.java:101)&#10;        at org.apache.hadoop.ipc.Server$Listener$Reader.doRunLoop(Server.java:1097)&#10;        at org.apache.hadoop.ipc.Server$Listener$Reader.run(Server.java:1076)&#10;&quot;metrics-hadoop-metrics2-reporter-21-thread-1&quot; daemon prio=5 tid=501 timed_waiting&#10;java.lang.Thread.State: TIMED_WAITING&#10;        at sun.misc.Unsafe.park(Native Method)&#10;        at java.util.concurrent.locks.LockSupport.parkNanos(LockSupport.java:215)&#10;        at java.util.concurrent.locks.AbstractQueuedSynchronizer$ConditionObject.awaitNanos(AbstractQueuedSynchronizer.java:2078)&#10;        at java.util.concurrent.ScheduledThreadPoolExecutor$DelayedWorkQueue.take(ScheduledThreadPoolExecutor.java:1093)&#10;        at java.util.concurrent.ScheduledThreadPoolExecutor$DelayedWorkQueue.take(ScheduledThreadPoolExecutor.java:809)&#10;        at java.util.concurrent.ThreadPoolExecutor.getTask(ThreadPoolExecutor.java:1074)&#10;        at java.util.concurrent.ThreadPoolExecutor.runWorker(ThreadPoolExecutor.java:1134)&#10;        at java.util.concurrent.ThreadPoolExecutor$Worker.run(ThreadPoolExecutor.java:624)&#10;        at java.lang.Thread.run(Thread.java:748)&#10;&quot;pool-26-thread-47&quot;  prio=5 tid=279 in Object.wait()&#10;java.lang.Thread.State: WAITING (on object monitor)&#10;        at sun.misc.Unsafe.park(Native Method)&#10;        at java.util.concurrent.locks.LockSupport.park(LockSupport.java:175)&#10;        at java.util.concurrent.locks.AbstractQueuedSynchronizer$ConditionObject.await(AbstractQueuedSynchronizer.java:2039)&#10;        at java.util.concurrent.ArrayBlockingQueue.take(ArrayBlockingQueue.java:403)&#10;        at java.util.concurrent.ThreadPoolExecutor.getTask(ThreadPoolExecutor.java:1074)&#10;        at java.util.concurrent.ThreadPoolExecutor.runWorker(ThreadPoolExecutor.java:1134)&#10;        at java.util.concurrent.ThreadPoolExecutor$Worker.run(ThreadPoolExecutor.java:624)&#10;        at java.lang.Thread.run(Thread.java:748)&#10;&quot;IPC Server handler 3 on 33987&quot; daemon prio=5 tid=32 timed_waiting&#10;java.lang.Thread.State: TIMED_WAITING&#10;        at sun.misc.Unsafe.park(Native Method)&#10;        at java.util.concurrent.locks.LockSupport.parkNanos(LockSupport.java:215)&#10;        at java.util.concurrent.locks.AbstractQueuedSynchronizer$ConditionObject.awaitNanos(AbstractQueuedSynchronizer.java:2078)&#10;        at java.util.concurrent.LinkedBlockingQueue.poll(LinkedBlockingQueue.java:467)&#10;        at org.apache.hadoop.ipc.CallQueueManager.take(CallQueueManager.java:288)&#10;        at org.apache.hadoop.ipc.Server$Handler.run(Server.java:2668)&#10;&quot;metrics-hadoop-metrics2-reporter-17-thread-1&quot; daemon prio=5 tid=488 timed_waiting&#10;java.lang.Thread.State: TIMED_WAITING&#10;        at sun.misc.Unsafe.park(Native Method)&#10;        at java.util.concurrent.locks.LockSupport.parkNanos(LockSupport.java:215)&#10;        at java.util.concurrent.locks.AbstractQueuedSynchronizer$ConditionObject.awaitNanos(AbstractQueuedSynchronizer.java:2078)&#10;        at java.util.concurrent.ScheduledThreadPoolExecutor$DelayedWorkQueue.take(ScheduledThreadPoolExecutor.java:1093)&#10;        at java.util.concurrent.ScheduledThreadPoolExecutor$DelayedWorkQueue.take(ScheduledThreadPoolExecutor.java:809)&#10;        at java.util.concurrent.ThreadPoolExecutor.getTask(ThreadPoolExecutor.java:1074)&#10;        at java.util.concurrent.ThreadPoolExecutor.runWorker(ThreadPoolExecutor.java:1134)&#10;        at java.util.concurrent.ThreadPoolExecutor$Worker.run(ThreadPoolExecutor.java:624)&#10;        at java.lang.Thread.run(Thread.java:748)&#10;&quot;qtp231182885-163&quot; daemon prio=5 tid=163 timed_waiting&#10;java.lang.Thread.State: TIMED_WAITING&#10;        at sun.misc.Unsafe.park(Native Method)&#10;        at java.util.concurrent.locks.LockSupport.parkNanos(LockSupport.java:215)&#10;        at java.util.concurrent.locks.AbstractQueuedSynchronizer$ConditionObject.awaitNanos(AbstractQueuedSynchronizer.java:2078)&#10;        at org.eclipse.jetty.util.BlockingArrayQueue.poll(BlockingArrayQueue.java:392)&#10;        at org.eclipse.jetty.util.thread.QueuedThreadPool.idleJobPoll(QueuedThreadPool.java:563)&#10;        at org.eclipse.jetty.util.thread.QueuedThreadPool.access$800(QueuedThreadPool.java:48)&#10;        at org.eclipse.jetty.util.thread.QueuedThreadPool$2.run(QueuedThreadPool.java:626)&#10;        at java.lang.Thread.run(Thread.java:748)&#10;&quot;qtp1471800355-143&quot; daemon prio=5 tid=143 timed_waiting&#10;java.lang.Thread.State: TIMED_WAITING&#10;        at sun.misc.Unsafe.park(Native Method)&#10;        at java.util.concurrent.locks.LockSupport.parkNanos(LockSupport.java:215)&#10;        at java.util.concurrent.locks.AbstractQueuedSynchronizer$ConditionObject.awaitNanos(AbstractQueuedSynchronizer.java:2078)&#10;        at org.eclipse.jetty.util.BlockingArrayQueue.poll(BlockingArrayQueue.java:392)&#10;        at org.eclipse.jetty.util.thread.QueuedThreadPool.idleJobPoll(QueuedThreadPool.java:563)&#10;        at org.eclipse.jetty.util.thread.QueuedThreadPool.access$800(QueuedThreadPool.java:48)&#10;        at org.eclipse.jetty.util.thread.QueuedThreadPool$2.run(QueuedThreadPool.java:626)&#10;        at java.lang.Thread.run(Thread.java:748)&#10;&quot;metrics-hadoop-metrics2-reporter-32-thread-1&quot; daemon prio=5 tid=645 timed_waiting&#10;java.lang.Thread.State: TIMED_WAITING&#10;        at sun.misc.Unsafe.park(Native Method)&#10;        at java.util.concurrent.locks.LockSupport.parkNanos(LockSupport.java:215)&#10;        at java.util.concurrent.locks.AbstractQueuedSynchronizer$ConditionObject.awaitNanos(AbstractQueuedSynchronizer.java:2078)&#10;        at java.util.concurrent.ScheduledThreadPoolExecutor$DelayedWorkQueue.take(ScheduledThreadPoolExecutor.java:1093)&#10;        at java.util.concurrent.ScheduledThreadPoolExecutor$DelayedWorkQueue.take(ScheduledThreadPoolExecutor.java:809)&#10;        at java.util.concurrent.ThreadPoolExecutor.getTask(ThreadPoolExecutor.java:1074)&#10;        at java.util.concurrent.ThreadPoolExecutor.runWorker(ThreadPoolExecutor.java:1134)&#10;        at java.util.concurrent.ThreadPoolExecutor$Worker.run(ThreadPoolExecutor.java:624)&#10;        at java.lang.Thread.run(Thread.java:748)&#10;&quot;pool-36-thread-29&quot;  prio=5 tid=321 in Object.wait()&#10;java.lang.Thread.State: WAITING (on object monitor)&#10;        at sun.misc.Unsafe.park(Native Method)&#10;        at java.util.concurrent.locks.LockSupport.park(LockSupport.java:175)&#10;        at java.util.concurrent.locks.AbstractQueuedSynchronizer$ConditionObject.await(AbstractQueuedSynchronizer.java:2039)&#10;        at java.util.concurrent.ArrayBlockingQueue.take(ArrayBlockingQueue.java:403)&#10;        at java.util.concurrent.ThreadPoolExecutor.getTask(ThreadPoolExecutor.java:1074)&#10;        at java.util.concurrent.ThreadPoolExecutor.runWorker(ThreadPoolExecutor.java:1134)&#10;        at java.util.concurrent.ThreadPoolExecutor$Worker.run(ThreadPoolExecutor.java:624)&#10;        at java.lang.Thread.run(Thread.java:748)&#10;&quot;pool-46-thread-19&quot;  prio=5 tid=371 in Object.wait()&#10;java.lang.Thread.State: WAITING (on object monitor)&#10;        at sun.misc.Unsafe.park(Native Method)&#10;        at java.util.concurrent.locks.LockSupport.park(LockSupport.java:175)&#10;        at java.util.concurrent.locks.AbstractQueuedSynchronizer$ConditionObject.await(AbstractQueuedSynchronizer.java:2039)&#10;        at java.util.concurrent.ArrayBlockingQueue.take(ArrayBlockingQueue.java:403)&#10;        at java.util.concurrent.ThreadPoolExecutor.getTask(ThreadPoolExecutor.java:1074)&#10;        at java.util.concurrent.ThreadPoolExecutor.runWorker(ThreadPoolExecutor.java:1134)&#10;        at java.util.concurrent.ThreadPoolExecutor$Worker.run(ThreadPoolExecutor.java:624)&#10;        at java.lang.Thread.run(Thread.java:748)&#10;&quot;pool-26-thread-10&quot;  prio=5 tid=242 in Object.wait()&#10;java.lang.Thread.State: WAITING (on object monitor)&#10;        at sun.misc.Unsafe.park(Native Method)&#10;        at java.util.concurrent.locks.LockSupport.park(LockSupport.java:175)&#10;        at java.util.concurrent.locks.AbstractQueuedSynchronizer$ConditionObject.await(AbstractQueuedSynchronizer.java:2039)&#10;        at java.util.concurrent.ArrayBlockingQueue.take(ArrayBlockingQueue.java:403)&#10;        at java.util.concurrent.ThreadPoolExecutor.getTask(ThreadPoolExecutor.java:1074)&#10;        at java.util.concurrent.ThreadPoolExecutor.runWorker(ThreadPoolExecutor.java:1134)&#10;        at java.util.concurrent.ThreadPoolExecutor$Worker.run(ThreadPoolExecutor.java:624)&#10;        at java.lang.Thread.run(Thread.java:748)&#10;&quot;IPC Server handler 17 on 40661&quot; daemon prio=5 tid=66 timed_waiting&#10;java.lang.Thread.State: TIMED_WAITING&#10;        at sun.misc.Unsafe.park(Native Method)&#10;        at java.util.concurrent.locks.LockSupport.parkNanos(LockSupport.java:215)&#10;        at java.util.concurrent.locks.AbstractQueuedSynchronizer$ConditionObject.awaitNanos(AbstractQueuedSynchronizer.java:2078)&#10;        at java.util.concurrent.LinkedBlockingQueue.poll(LinkedBlockingQueue.java:467)&#10;        at org.apache.hadoop.ipc.CallQueueManager.take(CallQueueManager.java:288)&#10;        at org.apache.hadoop.ipc.Server$Handler.run(Server.java:2668)&#10;&quot;BlockDeletingService#0&quot; daemon prio=5 tid=415 in Object.wait()&#10;java.lang.Thread.State: WAITING (on object monitor)&#10;        at sun.misc.Unsafe.park(Native Method)&#10;        at java.util.concurrent.locks.LockSupport.park(LockSupport.java:175)&#10;        at java.util.concurrent.locks.AbstractQueuedSynchronizer$ConditionObject.await(AbstractQueuedSynchronizer.java:2039)&#10;        at java.util.concurrent.ScheduledThreadPoolExecutor$DelayedWorkQueue.take(ScheduledThreadPoolExecutor.java:1088)&#10;        at java.util.concurrent.ScheduledThreadPoolExecutor$DelayedWorkQueue.take(ScheduledThreadPoolExecutor.java:809)&#10;        at java.util.concurrent.ThreadPoolExecutor.getTask(ThreadPoolExecutor.java:1074)&#10;        at java.util.concurrent.ThreadPoolExecutor.runWorker(ThreadPoolExecutor.java:1134)&#10;        at java.util.concurrent.ThreadPoolExecutor$Worker.run(ThreadPoolExecutor.java:624)&#10;        at java.lang.Thread.run(Thread.java:748)&#10;&quot;pool-46-thread-30&quot;  prio=5 tid=382 in Object.wait()&#10;java.lang.Thread.State: WAITING (on object monitor)&#10;        at sun.misc.Unsafe.park(Native Method)&#10;        at java.util.concurrent.locks.LockSupport.park(LockSupport.java:175)&#10;        at java.util.concurrent.locks.AbstractQueuedSynchronizer$ConditionObject.await(AbstractQueuedSynchronizer.java:2039)&#10;        at java.util.concurrent.ArrayBlockingQueue.take(ArrayBlockingQueue.java:403)&#10;        at java.util.concurrent.ThreadPoolExecutor.getTask(ThreadPoolExecutor.java:1074)&#10;        at java.util.concurrent.ThreadPoolExecutor.runWorker(ThreadPoolExecutor.java:1134)&#10;        at java.util.concurrent.ThreadPoolExecutor$Worker.run(ThreadPoolExecutor.java:624)&#10;        at java.lang.Thread.run(Thread.java:748)&#10;&quot;metrics-hadoop-metrics2-reporter-3-thread-1&quot; daemon prio=5 tid=445 timed_waiting&#10;java.lang.Thread.State: TIMED_WAITING&#10;        at sun.misc.Unsafe.park(Native Method)&#10;        at java.util.concurrent.locks.LockSupport.parkNanos(LockSupport.java:215)&#10;        at java.util.concurrent.locks.AbstractQueuedSynchronizer$ConditionObject.awaitNanos(AbstractQueuedSynchronizer.java:2078)&#10;        at java.util.concurrent.ScheduledThreadPoolExecutor$DelayedWorkQueue.take(ScheduledThreadPoolExecutor.java:1093)&#10;        at java.util.concurrent.ScheduledThreadPoolExecutor$DelayedWorkQueue.take(ScheduledThreadPoolExecutor.java:809)&#10;        at java.util.concurrent.ThreadPoolExecutor.getTask(ThreadPoolExecutor.java:1074)&#10;        at java.util.concurrent.ThreadPoolExecutor.runWorker(ThreadPoolExecutor.java:1134)&#10;        at java.util.concurrent.ThreadPoolExecutor$Worker.run(ThreadPoolExecutor.java:624)&#10;        at java.lang.Thread.run(Thread.java:748)&#10;&quot;Socket Reader #1 for port 34353&quot;  prio=5 tid=15 runnable&#10;java.lang.Thread.State: RUNNABLE&#10;        at sun.nio.ch.EPollArrayWrapper.epollWait(Native Method)&#10;        at sun.nio.ch.EPollArrayWrapper.poll(EPollArrayWrapper.java:269)&#10;        at sun.nio.ch.EPollSelectorImpl.doSelect(EPollSelectorImpl.java:93)&#10;        at sun.nio.ch.SelectorImpl.lockAndDoSelect(SelectorImpl.java:86)&#10;        at sun.nio.ch.SelectorImpl.select(SelectorImpl.java:97)&#10;        at sun.nio.ch.SelectorImpl.select(SelectorImpl.java:101)&#10;        at org.apache.hadoop.ipc.Server$Listener$Reader.doRunLoop(Server.java:1097)&#10;        at org.apache.hadoop.ipc.Server$Listener$Reader.run(Server.java:1076)&#10;&quot;pool-46-thread-7&quot;  prio=5 tid=359 in Object.wait()&#10;java.lang.Thread.State: WAITING (on object monitor)&#10;        at sun.misc.Unsafe.park(Native Method)&#10;        at java.util.concurrent.locks.LockSupport.park(LockSupport.java:175)&#10;        at java.util.concurrent.locks.AbstractQueuedSynchronizer$ConditionObject.await(AbstractQueuedSynchronizer.java:2039)&#10;        at java.util.concurrent.ArrayBlockingQueue.take(ArrayBlockingQueue.java:403)&#10;        at java.util.concurrent.ThreadPoolExecutor.getTask(ThreadPoolExecutor.java:1074)&#10;        at java.util.concurrent.ThreadPoolExecutor.runWorker(ThreadPoolExecutor.java:1134)&#10;        at java.util.concurrent.ThreadPoolExecutor$Worker.run(ThreadPoolExecutor.java:624)&#10;        at java.lang.Thread.run(Thread.java:748)&#10;&quot;pool-30-thread-1&quot;  prio=5 tid=158 timed_waiting&#10;java.lang.Thread.State: TIMED_WAITING&#10;        at sun.misc.Unsafe.park(Native Method)&#10;        at java.util.concurrent.locks.LockSupport.parkNanos(LockSupport.java:215)&#10;        at java.util.concurrent.locks.AbstractQueuedSynchronizer$ConditionObject.awaitNanos(AbstractQueuedSynchronizer.java:2078)&#10;        at java.util.concurrent.ScheduledThreadPoolExecutor$DelayedWorkQueue.take(ScheduledThreadPoolExecutor.java:1093)&#10;        at java.util.concurrent.ScheduledThreadPoolExecutor$DelayedWorkQueue.take(ScheduledThreadPoolExecutor.java:809)&#10;        at java.util.concurrent.ThreadPoolExecutor.getTask(ThreadPoolExecutor.java:1074)&#10;        at java.util.concurrent.ThreadPoolExecutor.runWorker(ThreadPoolExecutor.java:1134)&#10;        at java.util.concurrent.ThreadPoolExecutor$Worker.run(ThreadPoolExecutor.java:624)&#10;        at java.lang.Thread.run(Thread.java:748)&#10;&quot;BlockDeletingService#5&quot; daemon prio=5 tid=580 in Object.wait()&#10;java.lang.Thread.State: WAITING (on object monitor)&#10;        at sun.misc.Unsafe.park(Native Method)&#10;        at java.util.concurrent.locks.LockSupport.park(LockSupport.java:175)&#10;        at java.util.concurrent.locks.AbstractQueuedSynchronizer$ConditionObject.await(AbstractQueuedSynchronizer.java:2039)&#10;        at java.util.concurrent.ScheduledThreadPoolExecutor$DelayedWorkQueue.take(ScheduledThreadPoolExecutor.java:1088)&#10;        at java.util.concurrent.ScheduledThreadPoolExecutor$DelayedWorkQueue.take(ScheduledThreadPoolExecutor.java:809)&#10;        at java.util.concurrent.ThreadPoolExecutor.getTask(ThreadPoolExecutor.java:1074)&#10;        at java.util.concurrent.ThreadPoolExecutor.runWorker(ThreadPoolExecutor.java:1134)&#10;        at java.util.concurrent.ThreadPoolExecutor$Worker.run(ThreadPoolExecutor.java:624)&#10;        at java.lang.Thread.run(Thread.java:748)&#10;&quot;org.apache.hadoop.util.JvmPauseMonitor$Monitor@7ff7f947&quot; daemon prio=5 tid=203 timed_waiting&#10;java.lang.Thread.State: TIMED_WAITING&#10;        at java.lang.Thread.sleep(Native Method)&#10;        at org.apache.hadoop.util.JvmPauseMonitor$Monitor.run(JvmPauseMonitor.java:192)&#10;        at java.lang.Thread.run(Thread.java:748)&#10;&quot;EventQueue-ContainerReportForContainerReportHandler&quot; daemon prio=5 tid=425 in Object.wait()&#10;java.lang.Thread.State: WAITING (on object monitor)&#10;        at sun.misc.Unsafe.park(Native Method)&#10;        at java.util.concurrent.locks.LockSupport.park(LockSupport.java:175)&#10;        at java.util.concurrent.locks.AbstractQueuedSynchronizer$ConditionObject.await(AbstractQueuedSynchronizer.java:2039)&#10;        at java.util.concurrent.LinkedBlockingQueue.take(LinkedBlockingQueue.java:442)&#10;        at java.util.concurrent.ThreadPoolExecutor.getTask(ThreadPoolExecutor.java:1074)&#10;        at java.util.concurrent.ThreadPoolExecutor.runWorker(ThreadPoolExecutor.java:1134)&#10;        at java.util.concurrent.ThreadPoolExecutor$Worker.run(ThreadPoolExecutor.java:624)&#10;        at java.lang.Thread.run(Thread.java:748)&#10;&quot;pool-26-thread-41&quot;  prio=5 tid=273 in Object.wait()&#10;java.lang.Thread.State: WAITING (on object monitor)&#10;        at sun.misc.Unsafe.park(Native Method)&#10;        at java.util.concurrent.locks.LockSupport.park(LockSupport.java:175)&#10;        at java.util.concurrent.locks.AbstractQueuedSynchronizer$ConditionObject.await(AbstractQueuedSynchronizer.java:2039)&#10;        at java.util.concurrent.ArrayBlockingQueue.take(ArrayBlockingQueue.java:403)&#10;        at java.util.concurrent.ThreadPoolExecutor.getTask(ThreadPoolExecutor.java:1074)&#10;        at java.util.concurrent.ThreadPoolExecutor.runWorker(ThreadPoolExecutor.java:1134)&#10;        at java.util.concurrent.ThreadPoolExecutor$Worker.run(ThreadPoolExecutor.java:624)&#10;        at java.lang.Thread.run(Thread.java:748)&#10;&quot;pool-26-thread-22&quot;  prio=5 tid=254 in Object.wait()&#10;java.lang.Thread.State: WAITING (on object monitor)&#10;        at sun.misc.Unsafe.park(Native Method)&#10;        at java.util.concurrent.locks.LockSupport.park(LockSupport.java:175)&#10;        at java.util.concurrent.locks.AbstractQueuedSynchronizer$ConditionObject.await(AbstractQueuedSynchronizer.java:2039)&#10;        at java.util.concurrent.ArrayBlockingQueue.take(ArrayBlockingQueue.java:403)&#10;        at java.util.concurrent.ThreadPoolExecutor.getTask(ThreadPoolExecutor.java:1074)&#10;        at java.util.concurrent.ThreadPoolExecutor.runWorker(ThreadPoolExecutor.java:1134)&#10;        at java.util.concurrent.ThreadPoolExecutor$Worker.run(ThreadPoolExecutor.java:624)&#10;        at java.lang.Thread.run(Thread.java:748)&#10;&quot;pool-26-thread-18&quot;  prio=5 tid=250 in Object.wait()&#10;java.lang.Thread.State: WAITING (on object monitor)&#10;        at sun.misc.Unsafe.park(Native Method)&#10;        at java.util.concurrent.locks.LockSupport.park(LockSupport.java:175)&#10;        at java.util.concurrent.locks.AbstractQueuedSynchronizer$ConditionObject.await(AbstractQueuedSynchronizer.java:2039)&#10;        at java.util.concurrent.ArrayBlockingQueue.take(ArrayBlockingQueue.java:403)&#10;        at java.util.concurrent.ThreadPoolExecutor.getTask(ThreadPoolExecutor.java:1074)&#10;        at java.util.concurrent.ThreadPoolExecutor.runWorker(ThreadPoolExecutor.java:1134)&#10;        at java.util.concurrent.ThreadPoolExecutor$Worker.run(ThreadPoolExecutor.java:624)&#10;        at java.lang.Thread.run(Thread.java:748)&#10;&quot;qtp1471800355-140&quot; daemon prio=5 tid=140 timed_waiting&#10;java.lang.Thread.State: TIMED_WAITING&#10;        at sun.misc.Unsafe.park(Native Method)&#10;        at java.util.concurrent.locks.LockSupport.parkNanos(LockSupport.java:215)&#10;        at java.util.concurrent.locks.AbstractQueuedSynchronizer$ConditionObject.awaitNanos(AbstractQueuedSynchronizer.java:2078)&#10;        at org.eclipse.jetty.util.BlockingArrayQueue.poll(BlockingArrayQueue.java:392)&#10;        at org.eclipse.jetty.util.thread.QueuedThreadPool.idleJobPoll(QueuedThreadPool.java:563)&#10;        at org.eclipse.jetty.util.thread.QueuedThreadPool.access$800(QueuedThreadPool.java:48)&#10;        at org.eclipse.jetty.util.thread.QueuedThreadPool$2.run(QueuedThreadPool.java:626)&#10;        at java.lang.Thread.run(Thread.java:748)&#10;&quot;IPC Server handler 3 on 34353&quot; daemon prio=5 tid=72 timed_waiting&#10;java.lang.Thread.State: TIMED_WAITING&#10;        at sun.misc.Unsafe.park(Native Method)&#10;        at java.util.concurrent.locks.LockSupport.parkNanos(LockSupport.java:215)&#10;        at java.util.concurrent.locks.AbstractQueuedSynchronizer$ConditionObject.awaitNanos(AbstractQueuedSynchronizer.java:2078)&#10;        at java.util.concurrent.LinkedBlockingQueue.poll(LinkedBlockingQueue.java:467)&#10;        at org.apache.hadoop.ipc.CallQueueManager.take(CallQueueManager.java:288)&#10;        at org.apache.hadoop.ipc.Server$Handler.run(Server.java:2668)&#10;&quot;IPC Server handler 11 on 35897&quot; daemon prio=5 tid=126 timed_waiting&#10;java.lang.Thread.State: TIMED_WAITING&#10;        at sun.misc.Unsafe.park(Native Method)&#10;        at java.util.concurrent.locks.LockSupport.parkNanos(LockSupport.java:215)&#10;        at java.util.concurrent.locks.AbstractQueuedSynchronizer$ConditionObject.awaitNanos(AbstractQueuedSynchronizer.java:2078)&#10;        at java.util.concurrent.LinkedBlockingQueue.poll(LinkedBlockingQueue.java:467)&#10;        at org.apache.hadoop.ipc.CallQueueManager.take(CallQueueManager.java:288)&#10;        at org.apache.hadoop.ipc.Server$Handler.run(Server.java:2668)&#10;&quot;IPC Server handler 13 on 40661&quot; daemon prio=5 tid=62 timed_waiting&#10;java.lang.Thread.State: TIMED_WAITING&#10;        at sun.misc.Unsafe.park(Native Method)&#10;        at java.util.concurrent.locks.LockSupport.parkNanos(LockSupport.java:215)&#10;        at java.util.concurrent.locks.AbstractQueuedSynchronizer$ConditionObject.awaitNanos(AbstractQueuedSynchronizer.java:2078)&#10;        at java.util.concurrent.LinkedBlockingQueue.poll(LinkedBlockingQueue.java:467)&#10;        at org.apache.hadoop.ipc.CallQueueManager.take(CallQueueManager.java:288)&#10;        at org.apache.hadoop.ipc.Server$Handler.run(Server.java:2668)&#10;&quot;metrics-hadoop-metrics2-reporter-27-thread-1&quot; daemon prio=5 tid=533 timed_waiting&#10;java.lang.Thread.State: TIMED_WAITING&#10;        at sun.misc.Unsafe.park(Native Method)&#10;        at java.util.concurrent.locks.LockSupport.parkNanos(LockSupport.java:215)&#10;        at java.util.concurrent.locks.AbstractQueuedSynchronizer$ConditionObject.awaitNanos(AbstractQueuedSynchronizer.java:2078)&#10;        at java.util.concurrent.ScheduledThreadPoolExecutor$DelayedWorkQueue.take(ScheduledThreadPoolExecutor.java:1093)&#10;        at java.util.concurrent.ScheduledThreadPoolExecutor$DelayedWorkQueue.take(ScheduledThreadPoolExecutor.java:809)&#10;        at java.util.concurrent.ThreadPoolExecutor.getTask(ThreadPoolExecutor.java:1074)&#10;        at java.util.concurrent.ThreadPoolExecutor.runWorker(ThreadPoolExecutor.java:1134)&#10;        at java.util.concurrent.ThreadPoolExecutor$Worker.run(ThreadPoolExecutor.java:624)&#10;        at java.lang.Thread.run(Thread.java:748)&#10;&quot;pool-46-thread-48&quot;  prio=5 tid=400 in Object.wait()&#10;java.lang.Thread.State: WAITING (on object monitor)&#10;        at sun.misc.Unsafe.park(Native Method)&#10;        at java.util.concurrent.locks.LockSupport.park(LockSupport.java:175)&#10;        at java.util.concurrent.locks.AbstractQueuedSynchronizer$ConditionObject.await(AbstractQueuedSynchronizer.java:2039)&#10;        at java.util.concurrent.ArrayBlockingQueue.take(ArrayBlockingQueue.java:403)&#10;        at java.util.concurrent.ThreadPoolExecutor.getTask(ThreadPoolExecutor.java:1074)&#10;        at java.util.concurrent.ThreadPoolExecutor.runWorker(ThreadPoolExecutor.java:1134)&#10;        at java.util.concurrent.ThreadPoolExecutor$Worker.run(ThreadPoolExecutor.java:624)&#10;        at java.lang.Thread.run(Thread.java:748)&#10;&quot;4b287a15-77af-487b-aef7-34d1d0ee189f@group-83C26644CFDA-StateMachineUpdater&quot; daemon prio=5 tid=633 in Object.wait()&#10;java.lang.Thread.State: WAITING (on object monitor)&#10;        at java.lang.Object.wait(Native Method)&#10;        at java.lang.Object.wait(Object.java:502)&#10;        at org.apache.ratis.server.impl.StateMachineUpdater.waitForCommit(StateMachineUpdater.java:194)&#10;        at org.apache.ratis.server.impl.StateMachineUpdater.run(StateMachineUpdater.java:159)&#10;        at java.lang.Thread.run(Thread.java:748)&#10;&quot;IPC Server handler 13 on 34353&quot; daemon prio=5 tid=82 timed_waiting&#10;java.lang.Thread.State: TIMED_WAITING&#10;        at sun.misc.Unsafe.park(Native Method)&#10;        at java.util.concurrent.locks.LockSupport.parkNanos(LockSupport.java:215)&#10;        at java.util.concurrent.locks.AbstractQueuedSynchronizer$ConditionObject.awaitNanos(AbstractQueuedSynchronizer.java:2078)&#10;        at java.util.concurrent.LinkedBlockingQueue.poll(LinkedBlockingQueue.java:467)&#10;        at org.apache.hadoop.ipc.CallQueueManager.take(CallQueueManager.java:288)&#10;        at org.apache.hadoop.ipc.Server$Handler.run(Server.java:2668)&#10;&quot;pool-36-thread-40&quot;  prio=5 tid=332 in Object.wait()&#10;java.lang.Thread.State: WAITING (on object monitor)&#10;        at sun.misc.Unsafe.park(Native Method)&#10;        at java.util.concurrent.locks.LockSupport.park(LockSupport.java:175)&#10;        at java.util.concurrent.locks.AbstractQueuedSynchronizer$ConditionObject.await(AbstractQueuedSynchronizer.java:2039)&#10;        at java.util.concurrent.ArrayBlockingQueue.take(ArrayBlockingQueue.java:403)&#10;        at java.util.concurrent.ThreadPoolExecutor.getTask(ThreadPoolExecutor.java:1074)&#10;        at java.util.concurrent.ThreadPoolExecutor.runWorker(ThreadPoolExecutor.java:1134)&#10;        at java.util.concurrent.ThreadPoolExecutor$Worker.run(ThreadPoolExecutor.java:624)&#10;        at java.lang.Thread.run(Thread.java:748)&#10;&quot;pool-36-thread-25&quot;  prio=5 tid=317 in Object.wait()&#10;java.lang.Thread.State: WAITING (on object monitor)&#10;        at sun.misc.Unsafe.park(Native Method)&#10;        at java.util.concurrent.locks.LockSupport.park(LockSupport.java:175)&#10;        at java.util.concurrent.locks.AbstractQueuedSynchronizer$ConditionObject.await(AbstractQueuedSynchronizer.java:2039)&#10;        at java.util.concurrent.ArrayBlockingQueue.take(ArrayBlockingQueue.java:403)&#10;        at java.util.concurrent.ThreadPoolExecutor.getTask(ThreadPoolExecutor.java:1074)&#10;        at java.util.concurrent.ThreadPoolExecutor.runWorker(ThreadPoolExecutor.java:1134)&#10;        at java.util.concurrent.ThreadPoolExecutor$Worker.run(ThreadPoolExecutor.java:624)&#10;        at java.lang.Thread.run(Thread.java:748)&#10;&quot;java.util.concurrent.ThreadPoolExecutor$Worker@6ab74481[State = -1, empty queue]&quot; daemon prio=5 tid=536 timed_waiting&#10;java.lang.Thread.State: TIMED_WAITING&#10;        at sun.misc.Unsafe.park(Native Method)&#10;        at java.util.concurrent.locks.LockSupport.parkNanos(LockSupport.java:215)&#10;        at java.util.concurrent.locks.AbstractQueuedSynchronizer$ConditionObject.awaitNanos(AbstractQueuedSynchronizer.java:2078)&#10;        at java.util.concurrent.ScheduledThreadPoolExecutor$DelayedWorkQueue.take(ScheduledThreadPoolExecutor.java:1093)&#10;        at java.util.concurrent.ScheduledThreadPoolExecutor$DelayedWorkQueue.take(ScheduledThreadPoolExecutor.java:809)&#10;        at java.util.concurrent.ThreadPoolExecutor.getTask(ThreadPoolExecutor.java:1074)&#10;        at java.util.concurrent.ThreadPoolExecutor.runWorker(ThreadPoolExecutor.java:1134)&#10;        at java.util.concurrent.ThreadPoolExecutor$Worker.run(ThreadPoolExecutor.java:624)&#10;        at java.lang.Thread.run(Thread.java:748)&#10;&quot;pool-26-thread-16&quot;  prio=5 tid=248 in Object.wait()&#10;java.lang.Thread.State: WAITING (on object monitor)&#10;        at sun.misc.Unsafe.park(Native Method)&#10;        at java.util.concurrent.locks.LockSupport.park(LockSupport.java:175)&#10;        at java.util.concurrent.locks.AbstractQueuedSynchronizer$ConditionObject.await(AbstractQueuedSynchronizer.java:2039)&#10;        at java.util.concurrent.ArrayBlockingQueue.take(ArrayBlockingQueue.java:403)&#10;        at java.util.concurrent.ThreadPoolExecutor.getTask(ThreadPoolExecutor.java:1074)&#10;        at java.util.concurrent.ThreadPoolExecutor.runWorker(ThreadPoolExecutor.java:1134)&#10;        at java.util.concurrent.ThreadPoolExecutor$Worker.run(ThreadPoolExecutor.java:624)&#10;        at java.lang.Thread.run(Thread.java:748)&#10;&quot;IPC Server handler 7 on 35897&quot; daemon prio=5 tid=122 timed_waiting&#10;java.lang.Thread.State: TIMED_WAITING&#10;        at sun.misc.Unsafe.park(Native Method)&#10;        at java.util.concurrent.locks.LockSupport.parkNanos(LockSupport.java:215)&#10;        at java.util.concurrent.locks.AbstractQueuedSynchronizer$ConditionObject.awaitNanos(AbstractQueuedSynchronizer.java:2078)&#10;        at java.util.concurrent.LinkedBlockingQueue.poll(LinkedBlockingQueue.java:467)&#10;        at org.apache.hadoop.ipc.CallQueueManager.take(CallQueueManager.java:288)&#10;        at org.apache.hadoop.ipc.Server$Handler.run(Server.java:2668)&#10;&quot;pool-26-thread-52&quot;  prio=5 tid=284 in Object.wait()&#10;java.lang.Thread.State: WAITING (on object monitor)&#10;        at sun.misc.Unsafe.park(Native Method)&#10;        at java.util.concurrent.locks.LockSupport.park(LockSupport.java:175)&#10;        at java.util.concurrent.locks.AbstractQueuedSynchronizer$ConditionObject.await(AbstractQueuedSynchronizer.java:2039)&#10;        at java.util.concurrent.ArrayBlockingQueue.take(ArrayBlockingQueue.java:403)&#10;        at java.util.concurrent.ThreadPoolExecutor.getTask(ThreadPoolExecutor.java:1074)&#10;        at java.util.concurrent.ThreadPoolExecutor.runWorker(ThreadPoolExecutor.java:1134)&#10;        at java.util.concurrent.ThreadPoolExecutor$Worker.run(ThreadPoolExecutor.java:624)&#10;        at java.lang.Thread.run(Thread.java:748)&#10;&quot;4b287a15-77af-487b-aef7-34d1d0ee189f@group-968E4693433D-StateMachineUpdater&quot; daemon prio=5 tid=456 in Object.wait()&#10;java.lang.Thread.State: WAITING (on object monitor)&#10;        at java.lang.Object.wait(Native Method)&#10;        at java.lang.Object.wait(Object.java:502)&#10;        at org.apache.ratis.server.impl.StateMachineUpdater.waitForCommit(StateMachineUpdater.java:194)&#10;        at org.apache.ratis.server.impl.StateMachineUpdater.run(StateMachineUpdater.java:159)&#10;        at java.lang.Thread.run(Thread.java:748)&#10;&quot;BlockDeletingService#9&quot; daemon prio=5 tid=820 in Object.wait()&#10;java.lang.Thread.State: WAITING (on object monitor)&#10;        at sun.misc.Unsafe.park(Native Method)&#10;        at java.util.concurrent.locks.LockSupport.park(LockSupport.java:175)&#10;        at java.util.concurrent.locks.AbstractQueuedSynchronizer$ConditionObject.await(AbstractQueuedSynchronizer.java:2039)&#10;        at java.util.concurrent.ScheduledThreadPoolExecutor$DelayedWorkQueue.take(ScheduledThreadPoolExecutor.java:1088)&#10;        at java.util.concurrent.ScheduledThreadPoolExecutor$DelayedWorkQueue.take(ScheduledThreadPoolExecutor.java:809)&#10;        at java.util.concurrent.ThreadPoolExecutor.getTask(ThreadPoolExecutor.java:1074)&#10;        at java.util.concurrent.ThreadPoolExecutor.runWorker(ThreadPoolExecutor.java:1134)&#10;        at java.util.concurrent.ThreadPoolExecutor$Worker.run(ThreadPoolExecutor.java:624)&#10;        at java.lang.Thread.run(Thread.java:748)&#10;&quot;pool-46-thread-16&quot;  prio=5 tid=368 in Object.wait()&#10;java.lang.Thread.State: WAITING (on object monitor)&#10;        at sun.misc.Unsafe.park(Native Method)&#10;        at java.util.concurrent.locks.LockSupport.park(LockSupport.java:175)&#10;        at java.util.concurrent.locks.AbstractQueuedSynchronizer$ConditionObject.await(AbstractQueuedSynchronizer.java:2039)&#10;        at java.util.concurrent.ArrayBlockingQueue.take(ArrayBlockingQueue.java:403)&#10;        at java.util.concurrent.ThreadPoolExecutor.getTask(ThreadPoolExecutor.java:1074)&#10;        at java.util.concurrent.ThreadPoolExecutor.runWorker(ThreadPoolExecutor.java:1134)&#10;        at java.util.concurrent.ThreadPoolExecutor$Worker.run(ThreadPoolExecutor.java:624)&#10;        at java.lang.Thread.run(Thread.java:748)&#10;&quot;Thread-211&quot; daemon prio=5 tid=500 timed_waiting&#10;java.lang.Thread.State: TIMED_WAITING&#10;        at sun.misc.Unsafe.park(Native Method)&#10;        at java.util.concurrent.locks.LockSupport.parkNanos(LockSupport.java:215)&#10;        at java.util.concurrent.locks.AbstractQueuedSynchronizer$ConditionObject.awaitNanos(AbstractQueuedSynchronizer.java:2078)&#10;        at java.util.concurrent.ArrayBlockingQueue.poll(ArrayBlockingQueue.java:418)&#10;        at org.apache.ratis.server.impl.LeaderState$EventQueue.poll(LeaderState.java:115)&#10;        at org.apache.ratis.server.impl.LeaderState$EventProcessor.run(LeaderState.java:467)&#10;&quot;CommandWatcher-LeaseManager#LeaseMonitor&quot; daemon prio=5 tid=28 timed_waiting&#10;java.lang.Thread.State: TIMED_WAITING&#10;        at java.lang.Thread.sleep(Native Method)&#10;        at org.apache.hadoop.ozone.lease.LeaseManager$LeaseMonitor.run(LeaseManager.java:234)&#10;        at java.lang.Thread.run(Thread.java:748)&#10;&quot;pool-36-thread-22&quot;  prio=5 tid=314 in Object.wait()&#10;java.lang.Thread.State: WAITING (on object monitor)&#10;        at sun.misc.Unsafe.park(Native Method)&#10;        at java.util.concurrent.locks.LockSupport.park(LockSupport.java:175)&#10;        at java.util.concurrent.locks.AbstractQueuedSynchronizer$ConditionObject.await(AbstractQueuedSynchronizer.java:2039)&#10;        at java.util.concurrent.ArrayBlockingQueue.take(ArrayBlockingQueue.java:403)&#10;        at java.util.concurrent.ThreadPoolExecutor.getTask(ThreadPoolExecutor.java:1074)&#10;        at java.util.concurrent.ThreadPoolExecutor.runWorker(ThreadPoolExecutor.java:1134)&#10;        at java.util.concurrent.ThreadPoolExecutor$Worker.run(ThreadPoolExecutor.java:624)&#10;        at java.lang.Thread.run(Thread.java:748)&#10;&quot;pool-36-thread-59&quot;  prio=5 tid=351 in Object.wait()&#10;java.lang.Thread.State: WAITING (on object monitor)&#10;        at sun.misc.Unsafe.park(Native Method)&#10;        at java.util.concurrent.locks.LockSupport.park(LockSupport.java:175)&#10;        at java.util.concurrent.locks.AbstractQueuedSynchronizer$ConditionObject.await(AbstractQueuedSynchronizer.java:2039)&#10;        at java.util.concurrent.ArrayBlockingQueue.take(ArrayBlockingQueue.java:403)&#10;        at java.util.concurrent.ThreadPoolExecutor.getTask(ThreadPoolExecutor.java:1074)&#10;        at java.util.concurrent.ThreadPoolExecutor.runWorker(ThreadPoolExecutor.java:1134)&#10;        at java.util.concurrent.ThreadPoolExecutor$Worker.run(ThreadPoolExecutor.java:624)&#10;        at java.lang.Thread.run(Thread.java:748)&#10;&quot;org.eclipse.jetty.server.session.HashSessionManager@6cea706cTimer&quot; daemon prio=5 tid=97 timed_waiting&#10;java.lang.Thread.State: TIMED_WAITING&#10;        at sun.misc.Unsafe.park(Native Method)&#10;        at java.util.concurrent.locks.LockSupport.parkNanos(LockSupport.java:215)&#10;        at java.util.concurrent.locks.AbstractQueuedSynchronizer$ConditionObject.awaitNanos(AbstractQueuedSynchronizer.java:2078)&#10;        at java.util.concurrent.ScheduledThreadPoolExecutor$DelayedWorkQueue.take(ScheduledThreadPoolExecutor.java:1093)&#10;        at java.util.concurrent.ScheduledThreadPoolExecutor$DelayedWorkQueue.take(ScheduledThreadPoolExecutor.java:809)&#10;        at java.util.concurrent.ThreadPoolExecutor.getTask(ThreadPoolExecutor.java:1074)&#10;        at java.util.concurrent.ThreadPoolExecutor.runWorker(ThreadPoolExecutor.java:1134)&#10;        at java.util.concurrent.ThreadPoolExecutor$Worker.run(ThreadPoolExecutor.java:624)&#10;        at java.lang.Thread.run(Thread.java:748)&#10;&quot;pool-46-thread-43&quot;  prio=5 tid=395 in Object.wait()&#10;java.lang.Thread.State: WAITING (on object monitor)&#10;        at sun.misc.Unsafe.park(Native Method)&#10;        at java.util.concurrent.locks.LockSupport.park(LockSupport.java:175)&#10;        at java.util.concurrent.locks.AbstractQueuedSynchronizer$ConditionObject.await(AbstractQueuedSynchronizer.java:2039)&#10;        at java.util.concurrent.ArrayBlockingQueue.take(ArrayBlockingQueue.java:403)&#10;        at java.util.concurrent.ThreadPoolExecutor.getTask(ThreadPoolExecutor.java:1074)&#10;        at java.util.concurrent.ThreadPoolExecutor.runWorker(ThreadPoolExecutor.java:1134)&#10;        at java.util.concurrent.ThreadPoolExecutor$Worker.run(ThreadPoolExecutor.java:624)&#10;        at java.lang.Thread.run(Thread.java:748)&#10;&quot;IPC Server handler 9 on 33987&quot; daemon prio=5 tid=38 timed_waiting&#10;java.lang.Thread.State: TIMED_WAITING&#10;        at sun.misc.Unsafe.park(Native Method)&#10;        at java.util.concurrent.locks.LockSupport.parkNanos(LockSupport.java:215)&#10;        at java.util.concurrent.locks.AbstractQueuedSynchronizer$ConditionObject.awaitNanos(AbstractQueuedSynchronizer.java:2078)&#10;        at java.util.concurrent.LinkedBlockingQueue.poll(LinkedBlockingQueue.java:467)&#10;        at org.apache.hadoop.ipc.CallQueueManager.take(CallQueueManager.java:288)&#10;        at org.apache.hadoop.ipc.Server$Handler.run(Server.java:2668)&#10;&quot;qtp520082748-217&quot; daemon prio=5 tid=217 timed_waiting&#10;java.lang.Thread.State: TIMED_WAITING&#10;        at sun.misc.Unsafe.park(Native Method)&#10;        at java.util.concurrent.locks.LockSupport.parkNanos(LockSupport.java:215)&#10;        at java.util.concurrent.locks.AbstractQueuedSynchronizer$ConditionObject.awaitNanos(AbstractQueuedSynchronizer.java:2078)&#10;        at org.eclipse.jetty.util.BlockingArrayQueue.poll(BlockingArrayQueue.java:392)&#10;        at org.eclipse.jetty.util.thread.QueuedThreadPool.idleJobPoll(QueuedThreadPool.java:563)&#10;        at org.eclipse.jetty.util.thread.QueuedThreadPool.access$800(QueuedThreadPool.java:48)&#10;        at org.eclipse.jetty.util.thread.QueuedThreadPool$2.run(QueuedThreadPool.java:626)&#10;        at java.lang.Thread.run(Thread.java:748)&#10;&quot;pool-46-thread-26&quot;  prio=5 tid=378 in Object.wait()&#10;java.lang.Thread.State: WAITING (on object monitor)&#10;        at sun.misc.Unsafe.park(Native Method)&#10;        at java.util.concurrent.locks.LockSupport.park(LockSupport.java:175)&#10;        at java.util.concurrent.locks.AbstractQueuedSynchronizer$ConditionObject.await(AbstractQueuedSynchronizer.java:2039)&#10;        at java.util.concurrent.ArrayBlockingQueue.take(ArrayBlockingQueue.java:403)&#10;        at java.util.concurrent.ThreadPoolExecutor.getTask(ThreadPoolExecutor.java:1074)&#10;        at java.util.concurrent.ThreadPoolExecutor.runWorker(ThreadPoolExecutor.java:1134)&#10;        at java.util.concurrent.ThreadPoolExecutor$Worker.run(ThreadPoolExecutor.java:624)&#10;        at java.lang.Thread.run(Thread.java:748)&#10;&quot;pool-40-thread-1&quot;  prio=5 tid=185 timed_waiting&#10;java.lang.Thread.State: TIMED_WAITING&#10;        at sun.misc.Unsafe.park(Native Method)&#10;        at java.util.concurrent.locks.LockSupport.parkNanos(LockSupport.java:215)&#10;        at java.util.concurrent.locks.AbstractQueuedSynchronizer$ConditionObject.awaitNanos(AbstractQueuedSynchronizer.java:2078)&#10;        at java.util.concurrent.ScheduledThreadPoolExecutor$DelayedWorkQueue.take(ScheduledThreadPoolExecutor.java:1093)&#10;        at java.util.concurrent.ScheduledThreadPoolExecutor$DelayedWorkQueue.take(ScheduledThreadPoolExecutor.java:809)&#10;        at java.util.concurrent.ThreadPoolExecutor.getTask(ThreadPoolExecutor.java:1074)&#10;        at java.util.concurrent.ThreadPoolExecutor.runWorker(ThreadPoolExecutor.java:1134)&#10;        at java.util.concurrent.ThreadPoolExecutor$Worker.run(ThreadPoolExecutor.java:624)&#10;        at java.lang.Thread.run(Thread.java:748)&#10;&quot;Datanode ReportManager Thread - 2&quot; daemon prio=5 tid=173 timed_waiting&#10;java.lang.Thread.State: TIMED_WAITING&#10;        at sun.misc.Unsafe.park(Native Method)&#10;        at java.util.concurrent.locks.LockSupport.parkNanos(LockSupport.java:215)&#10;        at java.util.concurrent.locks.AbstractQueuedSynchronizer$ConditionObject.awaitNanos(AbstractQueuedSynchronizer.java:2078)&#10;        at java.util.concurrent.ScheduledThreadPoolExecutor$DelayedWorkQueue.take(ScheduledThreadPoolExecutor.java:1093)&#10;        at java.util.concurrent.ScheduledThreadPoolExecutor$DelayedWorkQueue.take(ScheduledThreadPoolExecutor.java:809)&#10;        at java.util.concurrent.ThreadPoolExecutor.getTask(ThreadPoolExecutor.java:1074)&#10;        at java.util.concurrent.ThreadPoolExecutor.runWorker(ThreadPoolExecutor.java:1134)&#10;        at java.util.concurrent.ThreadPoolExecutor$Worker.run(ThreadPoolExecutor.java:624)&#10;        at java.lang.Thread.run(Thread.java:748)&#10;&quot;BlockDeletingService#9&quot; daemon prio=5 tid=821 in Object.wait()&#10;java.lang.Thread.State: WAITING (on object monitor)&#10;        at sun.misc.Unsafe.park(Native Method)&#10;        at java.util.concurrent.locks.LockSupport.park(LockSupport.java:175)&#10;        at java.util.concurrent.locks.AbstractQueuedSynchronizer$ConditionObject.await(AbstractQueuedSynchronizer.java:2039)&#10;        at java.util.concurrent.ScheduledThreadPoolExecutor$DelayedWorkQueue.take(ScheduledThreadPoolExecutor.java:1088)&#10;        at java.util.concurrent.ScheduledThreadPoolExecutor$DelayedWorkQueue.take(ScheduledThreadPoolExecutor.java:809)&#10;        at java.util.concurrent.ThreadPoolExecutor.getTask(ThreadPoolExecutor.java:1074)&#10;        at java.util.concurrent.ThreadPoolExecutor.runWorker(ThreadPoolExecutor.java:1134)&#10;        at java.util.concurrent.ThreadPoolExecutor$Worker.run(ThreadPoolExecutor.java:624)&#10;        at java.lang.Thread.run(Thread.java:748)&#10;&quot;pool-26-thread-49&quot;  prio=5 tid=281 in Object.wait()&#10;java.lang.Thread.State: WAITING (on object monitor)&#10;        at sun.misc.Unsafe.park(Native Method)&#10;        at java.util.concurrent.locks.LockSupport.park(LockSupport.java:175)&#10;        at java.util.concurrent.locks.AbstractQueuedSynchronizer$ConditionObject.await(AbstractQueuedSynchronizer.java:2039)&#10;        at java.util.concurrent.ArrayBlockingQueue.take(ArrayBlockingQueue.java:403)&#10;        at java.util.concurrent.ThreadPoolExecutor.getTask(ThreadPoolExecutor.java:1074)&#10;        at java.util.concurrent.ThreadPoolExecutor.runWorker(ThreadPoolExecutor.java:1134)&#10;        at java.util.concurrent.ThreadPoolExecutor$Worker.run(ThreadPoolExecutor.java:624)&#10;        at java.lang.Thread.run(Thread.java:748)&#10;&quot;qtp1536399059-187-acceptor-0@76a940e9-ServerConnector@1b1f5012{HTTP/1.1,[http/1.1]}{0.0.0.0:43535}&quot; daemon prio=3 tid=187 runnable&#10;java.lang.Thread.State: RUNNABLE&#10;        at sun.nio.ch.ServerSocketChannelImpl.accept0(Native Method)&#10;        at sun.nio.ch.ServerSocketChannelImpl.accept(ServerSocketChannelImpl.java:422)&#10;        at sun.nio.ch.ServerSocketChannelImpl.accept(ServerSocketChannelImpl.java:250)&#10;        at org.eclipse.jetty.server.ServerConnector.accept(ServerConnector.java:397)&#10;        at org.eclipse.jetty.server.AbstractConnector$Acceptor.run(AbstractConnector.java:601)&#10;        at org.eclipse.jetty.util.thread.QueuedThreadPool.runJob(QueuedThreadPool.java:671)&#10;        at org.eclipse.jetty.util.thread.QueuedThreadPool$2.run(QueuedThreadPool.java:589)&#10;        at java.lang.Thread.run(Thread.java:748)&#10;&quot;IPC Server handler 2 on 34353&quot; daemon prio=5 tid=71 timed_waiting&#10;java.lang.Thread.State: TIMED_WAITING&#10;        at sun.misc.Unsafe.park(Native Method)&#10;        at java.util.concurrent.locks.LockSupport.parkNanos(LockSupport.java:215)&#10;        at java.util.concurrent.locks.AbstractQueuedSynchronizer$ConditionObject.awaitNanos(AbstractQueuedSynchronizer.java:2078)&#10;        at java.util.concurrent.LinkedBlockingQueue.poll(LinkedBlockingQueue.java:467)&#10;        at org.apache.hadoop.ipc.CallQueueManager.take(CallQueueManager.java:288)&#10;        at org.apache.hadoop.ipc.Server$Handler.run(Server.java:2668)&#10;&quot;IPC Server handler 8 on 40661&quot; daemon prio=5 tid=57 timed_waiting&#10;java.lang.Thread.State: TIMED_WAITING&#10;        at sun.misc.Unsafe.park(Native Method)&#10;        at java.util.concurrent.locks.LockSupport.parkNanos(LockSupport.java:215)&#10;        at java.util.concurrent.locks.AbstractQueuedSynchronizer$ConditionObject.awaitNanos(AbstractQueuedSynchronizer.java:2078)&#10;        at java.util.concurrent.LinkedBlockingQueue.poll(LinkedBlockingQueue.java:467)&#10;        at org.apache.hadoop.ipc.CallQueueManager.take(CallQueueManager.java:288)&#10;        at org.apache.hadoop.ipc.Server$Handler.run(Server.java:2668)&#10;&quot;metrics-hadoop-metrics2-reporter-6-thread-1&quot; daemon prio=5 tid=454 timed_waiting&#10;java.lang.Thread.State: TIMED_WAITING&#10;        at sun.misc.Unsafe.park(Native Method)&#10;        at java.util.concurrent.locks.LockSupport.parkNanos(LockSupport.java:215)&#10;        at java.util.concurrent.locks.AbstractQueuedSynchronizer$ConditionObject.awaitNanos(AbstractQueuedSynchronizer.java:2078)&#10;        at java.util.concurrent.ScheduledThreadPoolExecutor$DelayedWorkQueue.take(ScheduledThreadPoolExecutor.java:1093)&#10;        at java.util.concurrent.ScheduledThreadPoolExecutor$DelayedWorkQueue.take(ScheduledThreadPoolExecutor.java:809)&#10;        at java.util.concurrent.ThreadPoolExecutor.getTask(ThreadPoolExecutor.java:1074)&#10;        at java.util.concurrent.ThreadPoolExecutor.runWorker(ThreadPoolExecutor.java:1134)&#10;        at java.util.concurrent.ThreadPoolExecutor$Worker.run(ThreadPoolExecutor.java:624)&#10;        at java.lang.Thread.run(Thread.java:748)&#10;&quot;pool-46-thread-27&quot;  prio=5 tid=379 in Object.wait()&#10;java.lang.Thread.State: WAITING (on object monitor)&#10;        at sun.misc.Unsafe.park(Native Method)&#10;        at java.util.concurrent.locks.LockSupport.park(LockSupport.java:175)&#10;        at java.util.concurrent.locks.AbstractQueuedSynchronizer$ConditionObject.await(AbstractQueuedSynchronizer.java:2039)&#10;        at java.util.concurrent.ArrayBlockingQueue.take(ArrayBlockingQueue.java:403)&#10;        at java.util.concurrent.ThreadPoolExecutor.getTask(ThreadPoolExecutor.java:1074)&#10;        at java.util.concurrent.ThreadPoolExecutor.runWorker(ThreadPoolExecutor.java:1134)&#10;        at java.util.concurrent.ThreadPoolExecutor$Worker.run(ThreadPoolExecutor.java:624)&#10;        at java.lang.Thread.run(Thread.java:748)&#10;&quot;pool-46-thread-6&quot;  prio=5 tid=358 in Object.wait()&#10;java.lang.Thread.State: WAITING (on object monitor)&#10;        at sun.misc.Unsafe.park(Native Method)&#10;        at java.util.concurrent.locks.LockSupport.park(LockSupport.java:175)&#10;        at java.util.concurrent.locks.AbstractQueuedSynchronizer$ConditionObject.await(AbstractQueuedSynchronizer.java:2039)&#10;        at java.util.concurrent.ArrayBlockingQueue.take(ArrayBlockingQueue.java:403)&#10;        at java.util.concurrent.ThreadPoolExecutor.getTask(ThreadPoolExecutor.java:1074)&#10;        at java.util.concurrent.ThreadPoolExecutor.runWorker(ThreadPoolExecutor.java:1134)&#10;        at java.util.concurrent.ThreadPoolExecutor$Worker.run(ThreadPoolExecutor.java:624)&#10;        at java.lang.Thread.run(Thread.java:748)&#10;&quot;IPC Server handler 8 on 33987&quot; daemon prio=5 tid=37 timed_waiting&#10;java.lang.Thread.State: TIMED_WAITING&#10;        at sun.misc.Unsafe.park(Native Method)&#10;        at java.util.concurrent.locks.LockSupport.parkNanos(LockSupport.java:215)&#10;        at java.util.concurrent.locks.AbstractQueuedSynchronizer$ConditionObject.awaitNanos(AbstractQueuedSynchronizer.java:2078)&#10;        at java.util.concurrent.LinkedBlockingQueue.poll(LinkedBlockingQueue.java:467)&#10;        at org.apache.hadoop.ipc.CallQueueManager.take(CallQueueManager.java:288)&#10;        at org.apache.hadoop.ipc.Server$Handler.run(Server.java:2668)&#10;&quot;metrics-hadoop-metrics2-reporter-22-thread-1&quot; daemon prio=5 tid=510 timed_waiting&#10;java.lang.Thread.State: TIMED_WAITING&#10;        at sun.misc.Unsafe.park(Native Method)&#10;        at java.util.concurrent.locks.LockSupport.parkNanos(LockSupport.java:215)&#10;        at java.util.concurrent.locks.AbstractQueuedSynchronizer$ConditionObject.awaitNanos(AbstractQueuedSynchronizer.java:2078)&#10;        at java.util.concurrent.ScheduledThreadPoolExecutor$DelayedWorkQueue.take(ScheduledThreadPoolExecutor.java:1093)&#10;        at java.util.concurrent.ScheduledThreadPoolExecutor$DelayedWorkQueue.take(ScheduledThreadPoolExecutor.java:809)&#10;        at java.util.concurrent.ThreadPoolExecutor.getTask(ThreadPoolExecutor.java:1074)&#10;        at java.util.concurrent.ThreadPoolExecutor.runWorker(ThreadPoolExecutor.java:1134)&#10;        at java.util.concurrent.ThreadPoolExecutor$Worker.run(ThreadPoolExecutor.java:624)&#10;        at java.lang.Thread.run(Thread.java:748)&#10;&quot;qtp1077873186-89&quot; daemon prio=5 tid=89 runnable&#10;java.lang.Thread.State: RUNNABLE&#10;        at sun.nio.ch.EPollArrayWrapper.epollWait(Native Method)&#10;        at sun.nio.ch.EPollArrayWrapper.poll(EPollArrayWrapper.java:269)&#10;        at sun.nio.ch.EPollSelectorImpl.doSelect(EPollSelectorImpl.java:93)&#10;        at sun.nio.ch.SelectorImpl.lockAndDoSelect(SelectorImpl.java:86)&#10;        at sun.nio.ch.SelectorImpl.select(SelectorImpl.java:97)&#10;        at sun.nio.ch.SelectorImpl.select(SelectorImpl.java:101)&#10;        at org.eclipse.jetty.io.ManagedSelector$SelectorProducer.select(ManagedSelector.java:243)&#10;        at org.eclipse.jetty.io.ManagedSelector$SelectorProducer.produce(ManagedSelector.java:191)&#10;        at org.eclipse.jetty.util.thread.strategy.ExecuteProduceConsume.executeProduceConsume(ExecuteProduceConsume.java:249)&#10;        at org.eclipse.jetty.util.thread.strategy.ExecuteProduceConsume.produceConsume(ExecuteProduceConsume.java:148)&#10;        at org.eclipse.jetty.util.thread.strategy.ExecuteProduceConsume.execute(ExecuteProduceConsume.java:100)&#10;        at org.eclipse.jetty.io.ManagedSelector.run(ManagedSelector.java:147)&#10;        at org.eclipse.jetty.util.thread.QueuedThreadPool.runJob(QueuedThreadPool.java:671)&#10;        at org.eclipse.jetty.util.thread.QueuedThreadPool$2.run(QueuedThreadPool.java:589)&#10;        at java.lang.Thread.run(Thread.java:748)&#10;&quot;pool-36-thread-26&quot;  prio=5 tid=318 in Object.wait()&#10;java.lang.Thread.State: WAITING (on object monitor)&#10;        at sun.misc.Unsafe.park(Native Method)&#10;        at java.util.concurrent.locks.LockSupport.park(LockSupport.java:175)&#10;        at java.util.concurrent.locks.AbstractQueuedSynchronizer$ConditionObject.await(AbstractQueuedSynchronizer.java:2039)&#10;        at java.util.concurrent.ArrayBlockingQueue.take(ArrayBlockingQueue.java:403)&#10;        at java.util.concurrent.ThreadPoolExecutor.getTask(ThreadPoolExecutor.java:1074)&#10;        at java.util.concurrent.ThreadPoolExecutor.runWorker(ThreadPoolExecutor.java:1134)&#10;        at java.util.concurrent.ThreadPoolExecutor$Worker.run(ThreadPoolExecutor.java:624)&#10;        at java.lang.Thread.run(Thread.java:748)&#10;&quot;pool-26-thread-60&quot;  prio=5 tid=292 in Object.wait()&#10;java.lang.Thread.State: WAITING (on object monitor)&#10;        at sun.misc.Unsafe.park(Native Method)&#10;        at java.util.concurrent.locks.LockSupport.park(LockSupport.java:175)&#10;        at java.util.concurrent.locks.AbstractQueuedSynchronizer$ConditionObject.await(AbstractQueuedSynchronizer.java:2039)&#10;        at java.util.concurrent.ArrayBlockingQueue.take(ArrayBlockingQueue.java:403)&#10;        at java.util.concurrent.ThreadPoolExecutor.getTask(ThreadPoolExecutor.java:1074)&#10;        at java.util.concurrent.ThreadPoolExecutor.runWorker(ThreadPoolExecutor.java:1134)&#10;        at java.util.concurrent.ThreadPoolExecutor$Worker.run(ThreadPoolExecutor.java:624)&#10;        at java.lang.Thread.run(Thread.java:748)&#10;&quot;org.eclipse.jetty.server.session.HashSessionManager@1aabf50dTimer&quot; daemon prio=5 tid=169 timed_waiting&#10;java.lang.Thread.State: TIMED_WAITING&#10;        at sun.misc.Unsafe.park(Native Method)&#10;        at java.util.concurrent.locks.LockSupport.parkNanos(LockSupport.java:215)&#10;        at java.util.concurrent.locks.AbstractQueuedSynchronizer$ConditionObject.awaitNanos(AbstractQueuedSynchronizer.java:2078)&#10;        at java.util.concurrent.ScheduledThreadPoolExecutor$DelayedWorkQueue.take(ScheduledThreadPoolExecutor.java:1093)&#10;        at java.util.concurrent.ScheduledThreadPoolExecutor$DelayedWorkQueue.take(ScheduledThreadPoolExecutor.java:809)&#10;        at java.util.concurrent.ThreadPoolExecutor.getTask(ThreadPoolExecutor.java:1074)&#10;        at java.util.concurrent.ThreadPoolExecutor.runWorker(ThreadPoolExecutor.java:1134)&#10;        at java.util.concurrent.ThreadPoolExecutor$Worker.run(ThreadPoolExecutor.java:624)&#10;        at java.lang.Thread.run(Thread.java:748)&#10;&quot;IPC Server handler 15 on 33987&quot; daemon prio=5 tid=44 timed_waiting&#10;java.lang.Thread.State: TIMED_WAITING&#10;        at sun.misc.Unsafe.park(Native Method)&#10;        at java.util.concurrent.locks.LockSupport.parkNanos(LockSupport.java:215)&#10;        at java.util.concurrent.locks.AbstractQueuedSynchronizer$ConditionObject.awaitNanos(AbstractQueuedSynchronizer.java:2078)&#10;        at java.util.concurrent.LinkedBlockingQueue.poll(LinkedBlockingQueue.java:467)&#10;        at org.apache.hadoop.ipc.CallQueueManager.take(CallQueueManager.java:288)&#10;        at org.apache.hadoop.ipc.Server$Handler.run(Server.java:2668)&#10;&quot;IPC Server handler 14 on 35897&quot; daemon prio=5 tid=129 timed_waiting&#10;java.lang.Thread.State: TIMED_WAITING&#10;        at sun.misc.Unsafe.park(Native Method)&#10;        at java.util.concurrent.locks.LockSupport.parkNanos(LockSupport.java:215)&#10;        at java.util.concurrent.locks.AbstractQueuedSynchronizer$ConditionObject.awaitNanos(AbstractQueuedSynchronizer.java:2078)&#10;        at java.util.concurrent.LinkedBlockingQueue.poll(LinkedBlockingQueue.java:467)&#10;        at org.apache.hadoop.ipc.CallQueueManager.take(CallQueueManager.java:288)&#10;        at org.apache.hadoop.ipc.Server$Handler.run(Server.java:2668)&#10;&quot;pool-26-thread-11&quot;  prio=5 tid=243 in Object.wait()&#10;java.lang.Thread.State: WAITING (on object monitor)&#10;        at sun.misc.Unsafe.park(Native Method)&#10;        at java.util.concurrent.locks.LockSupport.park(LockSupport.java:175)&#10;        at java.util.concurrent.locks.AbstractQueuedSynchronizer$ConditionObject.await(AbstractQueuedSynchronizer.java:2039)&#10;        at java.util.concurrent.ArrayBlockingQueue.take(ArrayBlockingQueue.java:403)&#10;        at java.util.concurrent.ThreadPoolExecutor.getTask(ThreadPoolExecutor.java:1074)&#10;        at java.util.concurrent.ThreadPoolExecutor.runWorker(ThreadPoolExecutor.java:1134)&#10;        at java.util.concurrent.ThreadPoolExecutor$Worker.run(ThreadPoolExecutor.java:624)&#10;        at java.lang.Thread.run(Thread.java:748)&#10;&quot;org.eclipse.jetty.server.session.HashSessionManager@587a1cfbTimer&quot; daemon prio=5 tid=194 timed_waiting&#10;java.lang.Thread.State: TIMED_WAITING&#10;        at sun.misc.Unsafe.park(Native Method)&#10;        at java.util.concurrent.locks.LockSupport.parkNanos(LockSupport.java:215)&#10;        at java.util.concurrent.locks.AbstractQueuedSynchronizer$ConditionObject.awaitNanos(AbstractQueuedSynchronizer.java:2078)&#10;        at java.util.concurrent.ScheduledThreadPoolExecutor$DelayedWorkQueue.take(ScheduledThreadPoolExecutor.java:1093)&#10;        at java.util.concurrent.ScheduledThreadPoolExecutor$DelayedWorkQueue.take(ScheduledThreadPoolExecutor.java:809)&#10;        at java.util.concurrent.ThreadPoolExecutor.getTask(ThreadPoolExecutor.java:1074)&#10;        at java.util.concurrent.ThreadPoolExecutor.runWorker(ThreadPoolExecutor.java:1134)&#10;        at java.util.concurrent.ThreadPoolExecutor$Worker.run(ThreadPoolExecutor.java:624)&#10;        at java.lang.Thread.run(Thread.java:748)&#10;&quot;pool-46-thread-47&quot;  prio=5 tid=399 in Object.wait()&#10;java.lang.Thread.State: WAITING (on object monitor)&#10;        at sun.misc.Unsafe.park(Native Method)&#10;        at java.util.concurrent.locks.LockSupport.park(LockSupport.java:175)&#10;        at java.util.concurrent.locks.AbstractQueuedSynchronizer$ConditionObject.await(AbstractQueuedSynchronizer.java:2039)&#10;        at java.util.concurrent.ArrayBlockingQueue.take(ArrayBlockingQueue.java:403)&#10;        at java.util.concurrent.ThreadPoolExecutor.getTask(ThreadPoolExecutor.java:1074)&#10;        at java.util.concurrent.ThreadPoolExecutor.runWorker(ThreadPoolExecutor.java:1134)&#10;        at java.util.concurrent.ThreadPoolExecutor$Worker.run(ThreadPoolExecutor.java:624)&#10;        at java.lang.Thread.run(Thread.java:748)&#10;&quot;IPC Server handler 9 on 40661&quot; daemon prio=5 tid=58 timed_waiting&#10;java.lang.Thread.State: TIMED_WAITING&#10;        at sun.misc.Unsafe.park(Native Method)&#10;        at java.util.concurrent.locks.LockSupport.parkNanos(LockSupport.java:215)&#10;        at java.util.concurrent.locks.AbstractQueuedSynchronizer$ConditionObject.awaitNanos(AbstractQueuedSynchronizer.java:2078)&#10;        at java.util.concurrent.LinkedBlockingQueue.poll(LinkedBlockingQueue.java:467)&#10;        at org.apache.hadoop.ipc.CallQueueManager.take(CallQueueManager.java:288)&#10;        at org.apache.hadoop.ipc.Server$Handler.run(Server.java:2668)&#10;&quot;qtp1471800355-136&quot; daemon prio=5 tid=136 runnable&#10;java.lang.Thread.State: RUNNABLE&#10;        at sun.nio.ch.EPollArrayWrapper.epollWait(Native Method)&#10;        at sun.nio.ch.EPollArrayWrapper.poll(EPollArrayWrapper.java:269)&#10;        at sun.nio.ch.EPollSelectorImpl.doSelect(EPollSelectorImpl.java:93)&#10;        at sun.nio.ch.SelectorImpl.lockAndDoSelect(SelectorImpl.java:86)&#10;        at sun.nio.ch.SelectorImpl.select(SelectorImpl.java:97)&#10;        at sun.nio.ch.SelectorImpl.select(SelectorImpl.java:101)&#10;        at org.eclipse.jetty.io.ManagedSelector$SelectorProducer.select(ManagedSelector.java:243)&#10;        at org.eclipse.jetty.io.ManagedSelector$SelectorProducer.produce(ManagedSelector.java:191)&#10;        at org.eclipse.jetty.util.thread.strategy.ExecuteProduceConsume.executeProduceConsume(ExecuteProduceConsume.java:249)&#10;        at org.eclipse.jetty.util.thread.strategy.ExecuteProduceConsume.produceConsume(ExecuteProduceConsume.java:148)&#10;        at org.eclipse.jetty.util.thread.strategy.ExecuteProduceConsume.execute(ExecuteProduceConsume.java:100)&#10;        at org.eclipse.jetty.io.ManagedSelector.run(ManagedSelector.java:147)&#10;        at org.eclipse.jetty.util.thread.QueuedThreadPool.runJob(QueuedThreadPool.java:671)&#10;        at org.eclipse.jetty.util.thread.QueuedThreadPool$2.run(QueuedThreadPool.java:589)&#10;        at java.lang.Thread.run(Thread.java:748)&#10;&quot;IPC Server handler 7 on 40661&quot; daemon prio=5 tid=56 timed_waiting&#10;java.lang.Thread.State: TIMED_WAITING&#10;        at sun.misc.Unsafe.park(Native Method)&#10;        at java.util.concurrent.locks.LockSupport.parkNanos(LockSupport.java:215)&#10;        at java.util.concurrent.locks.AbstractQueuedSynchronizer$ConditionObject.awaitNanos(AbstractQueuedSynchronizer.java:2078)&#10;        at java.util.concurrent.LinkedBlockingQueue.poll(LinkedBlockingQueue.java:467)&#10;        at org.apache.hadoop.ipc.CallQueueManager.take(CallQueueManager.java:288)&#10;        at org.apache.hadoop.ipc.Server$Handler.run(Server.java:2668)&#10;&quot;qtp1471800355-139&quot; daemon prio=5 tid=139 timed_waiting&#10;java.lang.Thread.State: TIMED_WAITING&#10;        at sun.misc.Unsafe.park(Native Method)&#10;        at java.util.concurrent.locks.LockSupport.parkNanos(LockSupport.java:215)&#10;        at java.util.concurrent.locks.AbstractQueuedSynchronizer$ConditionObject.awaitNanos(AbstractQueuedSynchronizer.java:2078)&#10;        at org.eclipse.jetty.util.BlockingArrayQueue.poll(BlockingArrayQueue.java:392)&#10;        at org.eclipse.jetty.util.thread.QueuedThreadPool.idleJobPoll(QueuedThreadPool.java:563)&#10;        at org.eclipse.jetty.util.thread.QueuedThreadPool.access$800(QueuedThreadPool.java:48)&#10;        at org.eclipse.jetty.util.thread.QueuedThreadPool$2.run(QueuedThreadPool.java:626)&#10;        at java.lang.Thread.run(Thread.java:748)&#10;&quot;pool-36-thread-44&quot;  prio=5 tid=336 in Object.wait()&#10;java.lang.Thread.State: WAITING (on object monitor)&#10;        at sun.misc.Unsafe.park(Native Method)&#10;        at java.util.concurrent.locks.LockSupport.park(LockSupport.java:175)&#10;        at java.util.concurrent.locks.AbstractQueuedSynchronizer$ConditionObject.await(AbstractQueuedSynchronizer.java:2039)&#10;        at java.util.concurrent.ArrayBlockingQueue.take(ArrayBlockingQueue.java:403)&#10;        at java.util.concurrent.ThreadPoolExecutor.getTask(ThreadPoolExecutor.java:1074)&#10;        at java.util.concurrent.ThreadPoolExecutor.runWorker(ThreadPoolExecutor.java:1134)&#10;        at java.util.concurrent.ThreadPoolExecutor$Worker.run(ThreadPoolExecutor.java:624)&#10;        at java.lang.Thread.run(Thread.java:748)&#10;&quot;IPC Server handler 15 on 34353&quot; daemon prio=5 tid=84 timed_waiting&#10;java.lang.Thread.State: TIMED_WAITING&#10;        at sun.misc.Unsafe.park(Native Method)&#10;        at java.util.concurrent.locks.LockSupport.parkNanos(LockSupport.java:215)&#10;        at java.util.concurrent.locks.AbstractQueuedSynchronizer$ConditionObject.awaitNanos(AbstractQueuedSynchronizer.java:2078)&#10;        at java.util.concurrent.LinkedBlockingQueue.poll(LinkedBlockingQueue.java:467)&#10;        at org.apache.hadoop.ipc.CallQueueManager.take(CallQueueManager.java:288)&#10;        at org.apache.hadoop.ipc.Server$Handler.run(Server.java:2668)&#10;&quot;pool-46-thread-1&quot;  prio=5 tid=353 in Object.wait()&#10;java.lang.Thread.State: WAITING (on object monitor)&#10;        at sun.misc.Unsafe.park(Native Method)&#10;        at java.util.concurrent.locks.LockSupport.park(LockSupport.java:175)&#10;        at java.util.concurrent.locks.AbstractQueuedSynchronizer$ConditionObject.await(AbstractQueuedSynchronizer.java:2039)&#10;        at java.util.concurrent.ArrayBlockingQueue.take(ArrayBlockingQueue.java:403)&#10;        at java.util.concurrent.ThreadPoolExecutor.getTask(ThreadPoolExecutor.java:1074)&#10;        at java.util.concurrent.ThreadPoolExecutor.runWorker(ThreadPoolExecutor.java:1134)&#10;        at java.util.concurrent.ThreadPoolExecutor$Worker.run(ThreadPoolExecutor.java:624)&#10;        at java.lang.Thread.run(Thread.java:748)&#10;&quot;pool-26-thread-36&quot;  prio=5 tid=268 in Object.wait()&#10;java.lang.Thread.State: WAITING (on object monitor)&#10;        at sun.misc.Unsafe.park(Native Method)&#10;        at java.util.concurrent.locks.LockSupport.park(LockSupport.java:175)&#10;        at java.util.concurrent.locks.AbstractQueuedSynchronizer$ConditionObject.await(AbstractQueuedSynchronizer.java:2039)&#10;        at java.util.concurrent.ArrayBlockingQueue.take(ArrayBlockingQueue.java:403)&#10;        at java.util.concurrent.ThreadPoolExecutor.getTask(ThreadPoolExecutor.java:1074)&#10;        at java.util.concurrent.ThreadPoolExecutor.runWorker(ThreadPoolExecutor.java:1134)&#10;        at java.util.concurrent.ThreadPoolExecutor$Worker.run(ThreadPoolExecutor.java:624)&#10;        at java.lang.Thread.run(Thread.java:748)&#10;&quot;metrics-hadoop-metrics2-reporter-28-thread-1&quot; daemon prio=5 tid=636 timed_waiting&#10;java.lang.Thread.State: TIMED_WAITING&#10;        at sun.misc.Unsafe.park(Native Method)&#10;        at java.util.concurrent.locks.LockSupport.parkNanos(LockSupport.java:215)&#10;        at java.util.concurrent.locks.AbstractQueuedSynchronizer$ConditionObject.awaitNanos(AbstractQueuedSynchronizer.java:2078)&#10;        at java.util.concurrent.ScheduledThreadPoolExecutor$DelayedWorkQueue.take(ScheduledThreadPoolExecutor.java:1093)&#10;        at java.util.concurrent.ScheduledThreadPoolExecutor$DelayedWorkQueue.take(ScheduledThreadPoolExecutor.java:809)&#10;        at java.util.concurrent.ThreadPoolExecutor.getTask(ThreadPoolExecutor.java:1074)&#10;        at java.util.concurrent.ThreadPoolExecutor.runWorker(ThreadPoolExecutor.java:1134)&#10;        at java.util.concurrent.ThreadPoolExecutor$Worker.run(ThreadPoolExecutor.java:624)&#10;        at java.lang.Thread.run(Thread.java:748)&#10;&quot;pool-26-thread-8&quot;  prio=5 tid=240 in Object.wait()&#10;java.lang.Thread.State: WAITING (on object monitor)&#10;        at sun.misc.Unsafe.park(Native Method)&#10;        at java.util.concurrent.locks.LockSupport.park(LockSupport.java:175)&#10;        at java.util.concurrent.locks.AbstractQueuedSynchronizer$ConditionObject.await(AbstractQueuedSynchronizer.java:2039)&#10;        at java.util.concurrent.ArrayBlockingQueue.take(ArrayBlockingQueue.java:403)&#10;        at java.util.concurrent.ThreadPoolExecutor.getTask(ThreadPoolExecutor.java:1074)&#10;        at java.util.concurrent.ThreadPoolExecutor.runWorker(ThreadPoolExecutor.java:1134)&#10;        at java.util.concurrent.ThreadPoolExecutor$Worker.run(ThreadPoolExecutor.java:624)&#10;        at java.lang.Thread.run(Thread.java:748)&#10;&quot;org.eclipse.jetty.server.session.HashSessionManager@41aaedaaTimer&quot; daemon prio=5 tid=146 timed_waiting&#10;java.lang.Thread.State: TIMED_WAITING&#10;        at sun.misc.Unsafe.park(Native Method)&#10;        at java.util.concurrent.locks.LockSupport.parkNanos(LockSupport.java:215)&#10;        at java.util.concurrent.locks.AbstractQueuedSynchronizer$ConditionObject.awaitNanos(AbstractQueuedSynchronizer.java:2078)&#10;        at java.util.concurrent.ScheduledThreadPoolExecutor$DelayedWorkQueue.take(ScheduledThreadPoolExecutor.java:1093)&#10;        at java.util.concurrent.ScheduledThreadPoolExecutor$DelayedWorkQueue.take(ScheduledThreadPoolExecutor.java:809)&#10;        at java.util.concurrent.ThreadPoolExecutor.getTask(ThreadPoolExecutor.java:1074)&#10;        at java.util.concurrent.ThreadPoolExecutor.runWorker(ThreadPoolExecutor.java:1134)&#10;        at java.util.concurrent.ThreadPoolExecutor$Worker.run(ThreadPoolExecutor.java:624)&#10;        at java.lang.Thread.run(Thread.java:748)&#10;&quot;IPC Server handler 7 on 34353&quot; daemon prio=5 tid=76 timed_waiting&#10;java.lang.Thread.State: TIMED_WAITING&#10;        at sun.misc.Unsafe.park(Native Method)&#10;        at java.util.concurrent.locks.LockSupport.parkNanos(LockSupport.java:215)&#10;        at java.util.concurrent.locks.AbstractQueuedSynchronizer$ConditionObject.awaitNanos(AbstractQueuedSynchronizer.java:2078)&#10;        at java.util.concurrent.LinkedBlockingQueue.poll(LinkedBlockingQueue.java:467)&#10;        at org.apache.hadoop.ipc.CallQueueManager.take(CallQueueManager.java:288)&#10;        at org.apache.hadoop.ipc.Server$Handler.run(Server.java:2668)&#10;&#10;" type="java.util.concurrent.TimeoutException">java.util.concurrent.TimeoutException: 
Timed out waiting for condition. Thread diagnostics:
Timestamp: 2019-10-16 09:02:11,375

"Datanode State Machine Thread - 0" daemon prio=5 tid=204 timed_waiting
java.lang.Thread.State: TIMED_WAITING
        at sun.misc.Unsafe.park(Native Method)
        at java.util.concurrent.locks.LockSupport.parkNanos(LockSupport.java:215)
        at java.util.concurrent.SynchronousQueue$TransferStack.awaitFulfill(SynchronousQueue.java:460)
        at java.util.concurrent.SynchronousQueue$TransferStack.transfer(SynchronousQueue.java:362)
        at java.util.concurrent.SynchronousQueue.poll(SynchronousQueue.java:941)
        at java.util.concurrent.ThreadPoolExecutor.getTask(ThreadPoolExecutor.java:1073)
        at java.util.concurrent.ThreadPoolExecutor.runWorker(ThreadPoolExecutor.java:1134)
        at java.util.concurrent.ThreadPoolExecutor$Worker.run(ThreadPoolExecutor.java:624)
        at java.lang.Thread.run(Thread.java:748)
"pool-26-thread-30"  prio=5 tid=262 in Object.wait()
java.lang.Thread.State: WAITING (on object monitor)
        at sun.misc.Unsafe.park(Native Method)
        at java.util.concurrent.locks.LockSupport.park(LockSupport.java:175)
        at java.util.concurrent.locks.AbstractQueuedSynchronizer$ConditionObject.await(AbstractQueuedSynchronizer.java:2039)
        at java.util.concurrent.ArrayBlockingQueue.take(ArrayBlockingQueue.java:403)
        at java.util.concurrent.ThreadPoolExecutor.getTask(ThreadPoolExecutor.java:1074)
        at java.util.concurrent.ThreadPoolExecutor.runWorker(ThreadPoolExecutor.java:1134)
        at java.util.concurrent.ThreadPoolExecutor$Worker.run(ThreadPoolExecutor.java:624)
        at java.lang.Thread.run(Thread.java:748)
"pool-46-thread-49"  prio=5 tid=401 in Object.wait()
java.lang.Thread.State: WAITING (on object monitor)
        at sun.misc.Unsafe.park(Native Method)
        at java.util.concurrent.locks.LockSupport.park(LockSupport.java:175)
        at java.util.concurrent.locks.AbstractQueuedSynchronizer$ConditionObject.await(AbstractQueuedSynchronizer.java:2039)
        at java.util.concurrent.ArrayBlockingQueue.take(ArrayBlockingQueue.java:403)
        at java.util.concurrent.ThreadPoolExecutor.getTask(ThreadPoolExecutor.java:1074)
        at java.util.concurrent.ThreadPoolExecutor.runWorker(ThreadPoolExecutor.java:1134)
        at java.util.concurrent.ThreadPoolExecutor$Worker.run(ThreadPoolExecutor.java:624)
        at java.lang.Thread.run(Thread.java:748)
"org.apache.hadoop.util.JvmPauseMonitor$Monitor@4b629f13" daemon prio=5 tid=102 timed_waiting
java.lang.Thread.State: TIMED_WAITING
        at java.lang.Thread.sleep(Native Method)
        at org.apache.hadoop.util.JvmPauseMonitor$Monitor.run(JvmPauseMonitor.java:192)
        at java.lang.Thread.run(Thread.java:748)
"grpc-default-executor-2" daemon prio=5 tid=477 runnable
java.lang.Thread.State: RUNNABLE
        at sun.misc.Unsafe.park(Native Method)
        at java.util.concurrent.locks.LockSupport.parkNanos(LockSupport.java:215)
        at java.util.concurrent.SynchronousQueue$TransferStack.awaitFulfill(SynchronousQueue.java:460)
        at java.util.concurrent.SynchronousQueue$TransferStack.transfer(SynchronousQueue.java:362)
        at java.util.concurrent.SynchronousQueue.poll(SynchronousQueue.java:941)
        at java.util.concurrent.ThreadPoolExecutor.getTask(ThreadPoolExecutor.java:1073)
        at java.util.concurrent.ThreadPoolExecutor.runWorker(ThreadPoolExecutor.java:1134)
        at java.util.concurrent.ThreadPoolExecutor$Worker.run(ThreadPoolExecutor.java:624)
        at java.lang.Thread.run(Thread.java:748)
"Datanode State Machine Thread - 0" daemon prio=5 tid=231 timed_waiting
java.lang.Thread.State: TIMED_WAITING
        at sun.misc.Unsafe.park(Native Method)
        at java.util.concurrent.locks.LockSupport.parkNanos(LockSupport.java:215)
        at java.util.concurrent.SynchronousQueue$TransferStack.awaitFulfill(SynchronousQueue.java:460)
        at java.util.concurrent.SynchronousQueue$TransferStack.transfer(SynchronousQueue.java:362)
        at java.util.concurrent.SynchronousQueue.poll(SynchronousQueue.java:941)
        at java.util.concurrent.ThreadPoolExecutor.getTask(ThreadPoolExecutor.java:1073)
        at java.util.concurrent.ThreadPoolExecutor.runWorker(ThreadPoolExecutor.java:1134)
        at java.util.concurrent.ThreadPoolExecutor$Worker.run(ThreadPoolExecutor.java:624)
        at java.lang.Thread.run(Thread.java:748)
"pool-46-thread-35"  prio=5 tid=387 in Object.wait()
java.lang.Thread.State: WAITING (on object monitor)
        at sun.misc.Unsafe.park(Native Method)
        at java.util.concurrent.locks.LockSupport.park(LockSupport.java:175)
        at java.util.concurrent.locks.AbstractQueuedSynchronizer$ConditionObject.await(AbstractQueuedSynchronizer.java:2039)
        at java.util.concurrent.ArrayBlockingQueue.take(ArrayBlockingQueue.java:403)
        at java.util.concurrent.ThreadPoolExecutor.getTask(ThreadPoolExecutor.java:1074)
        at java.util.concurrent.ThreadPoolExecutor.runWorker(ThreadPoolExecutor.java:1134)
        at java.util.concurrent.ThreadPoolExecutor$Worker.run(ThreadPoolExecutor.java:624)
        at java.lang.Thread.run(Thread.java:748)
"pool-26-thread-39"  prio=5 tid=271 in Object.wait()
java.lang.Thread.State: WAITING (on object monitor)
        at sun.misc.Unsafe.park(Native Method)
        at java.util.concurrent.locks.LockSupport.park(LockSupport.java:175)
        at java.util.concurrent.locks.AbstractQueuedSynchronizer$ConditionObject.await(AbstractQueuedSynchronizer.java:2039)
        at java.util.concurrent.ArrayBlockingQueue.take(ArrayBlockingQueue.java:403)
        at java.util.concurrent.ThreadPoolExecutor.getTask(ThreadPoolExecutor.java:1074)
        at java.util.concurrent.ThreadPoolExecutor.runWorker(ThreadPoolExecutor.java:1134)
        at java.util.concurrent.ThreadPoolExecutor$Worker.run(ThreadPoolExecutor.java:624)
        at java.lang.Thread.run(Thread.java:748)
"BlockDeletingService#3" daemon prio=5 tid=436 in Object.wait()
java.lang.Thread.State: WAITING (on object monitor)
        at sun.misc.Unsafe.park(Native Method)
        at java.util.concurrent.locks.LockSupport.park(LockSupport.java:175)
        at java.util.concurrent.locks.AbstractQueuedSynchronizer$ConditionObject.await(AbstractQueuedSynchronizer.java:2039)
        at java.util.concurrent.ScheduledThreadPoolExecutor$DelayedWorkQueue.take(ScheduledThreadPoolExecutor.java:1088)
        at java.util.concurrent.ScheduledThreadPoolExecutor$DelayedWorkQueue.take(ScheduledThreadPoolExecutor.java:809)
        at java.util.concurrent.ThreadPoolExecutor.getTask(ThreadPoolExecutor.java:1074)
        at java.util.concurrent.ThreadPoolExecutor.runWorker(ThreadPoolExecutor.java:1134)
        at java.util.concurrent.ThreadPoolExecutor$Worker.run(ThreadPoolExecutor.java:624)
        at java.lang.Thread.run(Thread.java:748)
"IPC Server handler 19 on 34353" daemon prio=5 tid=88 timed_waiting
java.lang.Thread.State: TIMED_WAITING
        at sun.misc.Unsafe.park(Native Method)
        at java.util.concurrent.locks.LockSupport.parkNanos(LockSupport.java:215)
        at java.util.concurrent.locks.AbstractQueuedSynchronizer$ConditionObject.awaitNanos(AbstractQueuedSynchronizer.java:2078)
        at java.util.concurrent.LinkedBlockingQueue.poll(LinkedBlockingQueue.java:467)
        at org.apache.hadoop.ipc.CallQueueManager.take(CallQueueManager.java:288)
        at org.apache.hadoop.ipc.Server$Handler.run(Server.java:2668)
"Timer for 'StorageContainerManager' metrics system" daemon prio=5 tid=27 timed_waiting
java.lang.Thread.State: TIMED_WAITING
        at java.lang.Object.wait(Native Method)
        at java.util.TimerThread.mainLoop(Timer.java:552)
        at java.util.TimerThread.run(Timer.java:505)
"Datanode ReportManager Thread - 3" daemon prio=5 tid=201 in Object.wait()
java.lang.Thread.State: WAITING (on object monitor)
        at sun.misc.Unsafe.park(Native Method)
        at java.util.concurrent.locks.LockSupport.park(LockSupport.java:175)
        at java.util.concurrent.locks.AbstractQueuedSynchronizer$ConditionObject.await(AbstractQueuedSynchronizer.java:2039)
        at java.util.concurrent.ScheduledThreadPoolExecutor$DelayedWorkQueue.take(ScheduledThreadPoolExecutor.java:1088)
        at java.util.concurrent.ScheduledThreadPoolExecutor$DelayedWorkQueue.take(ScheduledThreadPoolExecutor.java:809)
        at java.util.concurrent.ThreadPoolExecutor.getTask(ThreadPoolExecutor.java:1074)
        at java.util.concurrent.ThreadPoolExecutor.runWorker(ThreadPoolExecutor.java:1134)
        at java.util.concurrent.ThreadPoolExecutor$Worker.run(ThreadPoolExecutor.java:624)
        at java.lang.Thread.run(Thread.java:748)
"pool-36-thread-19"  prio=5 tid=311 in Object.wait()
java.lang.Thread.State: WAITING (on object monitor)
        at sun.misc.Unsafe.park(Native Method)
        at java.util.concurrent.locks.LockSupport.park(LockSupport.java:175)
        at java.util.concurrent.locks.AbstractQueuedSynchronizer$ConditionObject.await(AbstractQueuedSynchronizer.java:2039)
        at java.util.concurrent.ArrayBlockingQueue.take(ArrayBlockingQueue.java:403)
        at java.util.concurrent.ThreadPoolExecutor.getTask(ThreadPoolExecutor.java:1074)
        at java.util.concurrent.ThreadPoolExecutor.runWorker(ThreadPoolExecutor.java:1134)
        at java.util.concurrent.ThreadPoolExecutor$Worker.run(ThreadPoolExecutor.java:624)
        at java.lang.Thread.run(Thread.java:748)
"pool-26-thread-7"  prio=5 tid=239 in Object.wait()
java.lang.Thread.State: WAITING (on object monitor)
        at sun.misc.Unsafe.park(Native Method)
        at java.util.concurrent.locks.LockSupport.park(LockSupport.java:175)
        at java.util.concurrent.locks.AbstractQueuedSynchronizer$ConditionObject.await(AbstractQueuedSynchronizer.java:2039)
        at java.util.concurrent.ArrayBlockingQueue.take(ArrayBlockingQueue.java:403)
        at java.util.concurrent.ThreadPoolExecutor.getTask(ThreadPoolExecutor.java:1074)
        at java.util.concurrent.ThreadPoolExecutor.runWorker(ThreadPoolExecutor.java:1134)
        at java.util.concurrent.ThreadPoolExecutor$Worker.run(ThreadPoolExecutor.java:624)
        at java.lang.Thread.run(Thread.java:748)
"Datanode ReportManager Thread - 3" daemon prio=5 tid=174 in Object.wait()
java.lang.Thread.State: WAITING (on object monitor)
        at sun.misc.Unsafe.park(Native Method)
        at java.util.concurrent.locks.LockSupport.park(LockSupport.java:175)
        at java.util.concurrent.locks.AbstractQueuedSynchronizer$ConditionObject.await(AbstractQueuedSynchronizer.java:2039)
        at java.util.concurrent.ScheduledThreadPoolExecutor$DelayedWorkQueue.take(ScheduledThreadPoolExecutor.java:1088)
        at java.util.concurrent.ScheduledThreadPoolExecutor$DelayedWorkQueue.take(ScheduledThreadPoolExecutor.java:809)
        at java.util.concurrent.ThreadPoolExecutor.getTask(ThreadPoolExecutor.java:1074)
        at java.util.concurrent.ThreadPoolExecutor.runWorker(ThreadPoolExecutor.java:1134)
        at java.util.concurrent.ThreadPoolExecutor$Worker.run(ThreadPoolExecutor.java:624)
        at java.lang.Thread.run(Thread.java:748)
"pool-46-thread-36"  prio=5 tid=388 in Object.wait()
java.lang.Thread.State: WAITING (on object monitor)
        at sun.misc.Unsafe.park(Native Method)
        at java.util.concurrent.locks.LockSupport.park(LockSupport.java:175)
        at java.util.concurrent.locks.AbstractQueuedSynchronizer$ConditionObject.await(AbstractQueuedSynchronizer.java:2039)
        at java.util.concurrent.ArrayBlockingQueue.take(ArrayBlockingQueue.java:403)
        at java.util.concurrent.ThreadPoolExecutor.getTask(ThreadPoolExecutor.java:1074)
        at java.util.concurrent.ThreadPoolExecutor.runWorker(ThreadPoolExecutor.java:1134)
        at java.util.concurrent.ThreadPoolExecutor$Worker.run(ThreadPoolExecutor.java:624)
        at java.lang.Thread.run(Thread.java:748)
"pool-26-thread-31"  prio=5 tid=263 in Object.wait()
java.lang.Thread.State: WAITING (on object monitor)
        at sun.misc.Unsafe.park(Native Method)
        at java.util.concurrent.locks.LockSupport.park(LockSupport.java:175)
        at java.util.concurrent.locks.AbstractQueuedSynchronizer$ConditionObject.await(AbstractQueuedSynchronizer.java:2039)
        at java.util.concurrent.ArrayBlockingQueue.take(ArrayBlockingQueue.java:403)
        at java.util.concurrent.ThreadPoolExecutor.getTask(ThreadPoolExecutor.java:1074)
        at java.util.concurrent.ThreadPoolExecutor.runWorker(ThreadPoolExecutor.java:1134)
        at java.util.concurrent.ThreadPoolExecutor$Worker.run(ThreadPoolExecutor.java:624)
        at java.lang.Thread.run(Thread.java:748)
"IPC Client (1205419533) connection to /0.0.0.0:34353 from jenkins1000" daemon prio=5 tid=232 timed_waiting
java.lang.Thread.State: TIMED_WAITING
        at java.lang.Object.wait(Native Method)
        at org.apache.hadoop.ipc.Client$Connection.waitForWork(Client.java:1024)
        at org.apache.hadoop.ipc.Client$Connection.run(Client.java:1068)
"qtp1471800355-141" daemon prio=5 tid=141 timed_waiting
java.lang.Thread.State: TIMED_WAITING
        at sun.misc.Unsafe.park(Native Method)
        at java.util.concurrent.locks.LockSupport.parkNanos(LockSupport.java:215)
        at java.util.concurrent.locks.AbstractQueuedSynchronizer$ConditionObject.awaitNanos(AbstractQueuedSynchronizer.java:2078)
        at org.eclipse.jetty.util.BlockingArrayQueue.poll(BlockingArrayQueue.java:392)
        at org.eclipse.jetty.util.thread.QueuedThreadPool.idleJobPoll(QueuedThreadPool.java:563)
        at org.eclipse.jetty.util.thread.QueuedThreadPool.access$800(QueuedThreadPool.java:48)
        at org.eclipse.jetty.util.thread.QueuedThreadPool$2.run(QueuedThreadPool.java:626)
        at java.lang.Thread.run(Thread.java:748)
"pool-36-thread-60"  prio=5 tid=352 in Object.wait()
java.lang.Thread.State: WAITING (on object monitor)
        at sun.misc.Unsafe.park(Native Method)
        at java.util.concurrent.locks.LockSupport.park(LockSupport.java:175)
        at java.util.concurrent.locks.AbstractQueuedSynchronizer$ConditionObject.await(AbstractQueuedSynchronizer.java:2039)
        at java.util.concurrent.ArrayBlockingQueue.take(ArrayBlockingQueue.java:403)
        at java.util.concurrent.ThreadPoolExecutor.getTask(ThreadPoolExecutor.java:1074)
        at java.util.concurrent.ThreadPoolExecutor.runWorker(ThreadPoolExecutor.java:1134)
        at java.util.concurrent.ThreadPoolExecutor$Worker.run(ThreadPoolExecutor.java:624)
        at java.lang.Thread.run(Thread.java:748)
"IPC Server handler 12 on 35897" daemon prio=5 tid=127 timed_waiting
java.lang.Thread.State: TIMED_WAITING
        at sun.misc.Unsafe.park(Native Method)
        at java.util.concurrent.locks.LockSupport.parkNanos(LockSupport.java:215)
        at java.util.concurrent.locks.AbstractQueuedSynchronizer$ConditionObject.awaitNanos(AbstractQueuedSynchronizer.java:2078)
        at java.util.concurrent.LinkedBlockingQueue.poll(LinkedBlockingQueue.java:467)
        at org.apache.hadoop.ipc.CallQueueManager.take(CallQueueManager.java:288)
        at org.apache.hadoop.ipc.Server$Handler.run(Server.java:2668)
"IPC Server handler 4 on 34353" daemon prio=5 tid=73 timed_waiting
java.lang.Thread.State: TIMED_WAITING
        at sun.misc.Unsafe.park(Native Method)
        at java.util.concurrent.locks.LockSupport.parkNanos(LockSupport.java:215)
        at java.util.concurrent.locks.AbstractQueuedSynchronizer$ConditionObject.awaitNanos(AbstractQueuedSynchronizer.java:2078)
        at java.util.concurrent.LinkedBlockingQueue.poll(LinkedBlockingQueue.java:467)
        at org.apache.hadoop.ipc.CallQueueManager.take(CallQueueManager.java:288)
        at org.apache.hadoop.ipc.Server$Handler.run(Server.java:2668)
"pool-26-thread-43"  prio=5 tid=275 in Object.wait()
java.lang.Thread.State: WAITING (on object monitor)
        at sun.misc.Unsafe.park(Native Method)
        at java.util.concurrent.locks.LockSupport.park(LockSupport.java:175)
        at java.util.concurrent.locks.AbstractQueuedSynchronizer$ConditionObject.await(AbstractQueuedSynchronizer.java:2039)
        at java.util.concurrent.ArrayBlockingQueue.take(ArrayBlockingQueue.java:403)
        at java.util.concurrent.ThreadPoolExecutor.getTask(ThreadPoolExecutor.java:1074)
        at java.util.concurrent.ThreadPoolExecutor.runWorker(ThreadPoolExecutor.java:1134)
        at java.util.concurrent.ThreadPoolExecutor$Worker.run(ThreadPoolExecutor.java:624)
        at java.lang.Thread.run(Thread.java:748)
"pool-26-thread-44"  prio=5 tid=276 in Object.wait()
java.lang.Thread.State: WAITING (on object monitor)
        at sun.misc.Unsafe.park(Native Method)
        at java.util.concurrent.locks.LockSupport.park(LockSupport.java:175)
        at java.util.concurrent.locks.AbstractQueuedSynchronizer$ConditionObject.await(AbstractQueuedSynchronizer.java:2039)
        at java.util.concurrent.ArrayBlockingQueue.take(ArrayBlockingQueue.java:403)
        at java.util.concurrent.ThreadPoolExecutor.getTask(ThreadPoolExecutor.java:1074)
        at java.util.concurrent.ThreadPoolExecutor.runWorker(ThreadPoolExecutor.java:1134)
        at java.util.concurrent.ThreadPoolExecutor$Worker.run(ThreadPoolExecutor.java:624)
        at java.lang.Thread.run(Thread.java:748)
"IPC Server handler 19 on 33987" daemon prio=5 tid=48 timed_waiting
java.lang.Thread.State: TIMED_WAITING
        at sun.misc.Unsafe.park(Native Method)
        at java.util.concurrent.locks.LockSupport.parkNanos(LockSupport.java:215)
        at java.util.concurrent.locks.AbstractQueuedSynchronizer$ConditionObject.awaitNanos(AbstractQueuedSynchronizer.java:2078)
        at java.util.concurrent.LinkedBlockingQueue.poll(LinkedBlockingQueue.java:467)
        at org.apache.hadoop.ipc.CallQueueManager.take(CallQueueManager.java:288)
        at org.apache.hadoop.ipc.Server$Handler.run(Server.java:2668)
"pool-44-thread-1" daemon prio=5 tid=210 timed_waiting
java.lang.Thread.State: TIMED_WAITING
        at sun.misc.Unsafe.park(Native Method)
        at java.util.concurrent.locks.LockSupport.parkNanos(LockSupport.java:215)
        at java.util.concurrent.locks.AbstractQueuedSynchronizer$ConditionObject.awaitNanos(AbstractQueuedSynchronizer.java:2078)
        at java.util.concurrent.ScheduledThreadPoolExecutor$DelayedWorkQueue.take(ScheduledThreadPoolExecutor.java:1093)
        at java.util.concurrent.ScheduledThreadPoolExecutor$DelayedWorkQueue.take(ScheduledThreadPoolExecutor.java:809)
        at java.util.concurrent.ThreadPoolExecutor.getTask(ThreadPoolExecutor.java:1074)
        at java.util.concurrent.ThreadPoolExecutor.runWorker(ThreadPoolExecutor.java:1134)
        at java.util.concurrent.ThreadPoolExecutor$Worker.run(ThreadPoolExecutor.java:624)
        at java.lang.Thread.run(Thread.java:748)
"pool-46-thread-28"  prio=5 tid=380 in Object.wait()
java.lang.Thread.State: WAITING (on object monitor)
        at sun.misc.Unsafe.park(Native Method)
        at java.util.concurrent.locks.LockSupport.park(LockSupport.java:175)
        at java.util.concurrent.locks.AbstractQueuedSynchronizer$ConditionObject.await(AbstractQueuedSynchronizer.java:2039)
        at java.util.concurrent.ArrayBlockingQueue.take(ArrayBlockingQueue.java:403)
        at java.util.concurrent.ThreadPoolExecutor.getTask(ThreadPoolExecutor.java:1074)
        at java.util.concurrent.ThreadPoolExecutor.runWorker(ThreadPoolExecutor.java:1134)
        at java.util.concurrent.ThreadPoolExecutor$Worker.run(ThreadPoolExecutor.java:624)
        at java.lang.Thread.run(Thread.java:748)
"pool-26-thread-19"  prio=5 tid=251 in Object.wait()
java.lang.Thread.State: WAITING (on object monitor)
        at sun.misc.Unsafe.park(Native Method)
        at java.util.concurrent.locks.LockSupport.park(LockSupport.java:175)
        at java.util.concurrent.locks.AbstractQueuedSynchronizer$ConditionObject.await(AbstractQueuedSynchronizer.java:2039)
        at java.util.concurrent.ArrayBlockingQueue.take(ArrayBlockingQueue.java:403)
        at java.util.concurrent.ThreadPoolExecutor.getTask(ThreadPoolExecutor.java:1074)
        at java.util.concurrent.ThreadPoolExecutor.runWorker(ThreadPoolExecutor.java:1134)
        at java.util.concurrent.ThreadPoolExecutor$Worker.run(ThreadPoolExecutor.java:624)
        at java.lang.Thread.run(Thread.java:748)
"pool-46-thread-37"  prio=5 tid=389 in Object.wait()
java.lang.Thread.State: WAITING (on object monitor)
        at sun.misc.Unsafe.park(Native Method)
        at java.util.concurrent.locks.LockSupport.park(LockSupport.java:175)
        at java.util.concurrent.locks.AbstractQueuedSynchronizer$ConditionObject.await(AbstractQueuedSynchronizer.java:2039)
        at java.util.concurrent.ArrayBlockingQueue.take(ArrayBlockingQueue.java:403)
        at java.util.concurrent.ThreadPoolExecutor.getTask(ThreadPoolExecutor.java:1074)
        at java.util.concurrent.ThreadPoolExecutor.runWorker(ThreadPoolExecutor.java:1134)
        at java.util.concurrent.ThreadPoolExecutor$Worker.run(ThreadPoolExecutor.java:624)
        at java.lang.Thread.run(Thread.java:748)
"pool-46-thread-2"  prio=5 tid=354 in Object.wait()
java.lang.Thread.State: WAITING (on object monitor)
        at sun.misc.Unsafe.park(Native Method)
        at java.util.concurrent.locks.LockSupport.park(LockSupport.java:175)
        at java.util.concurrent.locks.AbstractQueuedSynchronizer$ConditionObject.await(AbstractQueuedSynchronizer.java:2039)
        at java.util.concurrent.ArrayBlockingQueue.take(ArrayBlockingQueue.java:403)
        at java.util.concurrent.ThreadPoolExecutor.getTask(ThreadPoolExecutor.java:1074)
        at java.util.concurrent.ThreadPoolExecutor.runWorker(ThreadPoolExecutor.java:1134)
        at java.util.concurrent.ThreadPoolExecutor$Worker.run(ThreadPoolExecutor.java:624)
        at java.lang.Thread.run(Thread.java:748)
"pool-36-thread-56"  prio=5 tid=348 in Object.wait()
java.lang.Thread.State: WAITING (on object monitor)
        at sun.misc.Unsafe.park(Native Method)
        at java.util.concurrent.locks.LockSupport.park(LockSupport.java:175)
        at java.util.concurrent.locks.AbstractQueuedSynchronizer$ConditionObject.await(AbstractQueuedSynchronizer.java:2039)
        at java.util.concurrent.ArrayBlockingQueue.take(ArrayBlockingQueue.java:403)
        at java.util.concurrent.ThreadPoolExecutor.getTask(ThreadPoolExecutor.java:1074)
        at java.util.concurrent.ThreadPoolExecutor.runWorker(ThreadPoolExecutor.java:1134)
        at java.util.concurrent.ThreadPoolExecutor$Worker.run(ThreadPoolExecutor.java:624)
        at java.lang.Thread.run(Thread.java:748)
"BlockDeletingService#4" daemon prio=5 tid=545 in Object.wait()
java.lang.Thread.State: WAITING (on object monitor)
        at sun.misc.Unsafe.park(Native Method)
        at java.util.concurrent.locks.LockSupport.park(LockSupport.java:175)
        at java.util.concurrent.locks.AbstractQueuedSynchronizer$ConditionObject.await(AbstractQueuedSynchronizer.java:2039)
        at java.util.concurrent.ScheduledThreadPoolExecutor$DelayedWorkQueue.take(ScheduledThreadPoolExecutor.java:1088)
        at java.util.concurrent.ScheduledThreadPoolExecutor$DelayedWorkQueue.take(ScheduledThreadPoolExecutor.java:809)
        at java.util.concurrent.ThreadPoolExecutor.getTask(ThreadPoolExecutor.java:1074)
        at java.util.concurrent.ThreadPoolExecutor.runWorker(ThreadPoolExecutor.java:1134)
        at java.util.concurrent.ThreadPoolExecutor$Worker.run(ThreadPoolExecutor.java:624)
        at java.lang.Thread.run(Thread.java:748)
"pool-26-thread-24"  prio=5 tid=256 in Object.wait()
java.lang.Thread.State: WAITING (on object monitor)
        at sun.misc.Unsafe.park(Native Method)
        at java.util.concurrent.locks.LockSupport.park(LockSupport.java:175)
        at java.util.concurrent.locks.AbstractQueuedSynchronizer$ConditionObject.await(AbstractQueuedSynchronizer.java:2039)
        at java.util.concurrent.ArrayBlockingQueue.take(ArrayBlockingQueue.java:403)
        at java.util.concurrent.ThreadPoolExecutor.getTask(ThreadPoolExecutor.java:1074)
        at java.util.concurrent.ThreadPoolExecutor.runWorker(ThreadPoolExecutor.java:1134)
        at java.util.concurrent.ThreadPoolExecutor$Worker.run(ThreadPoolExecutor.java:624)
        at java.lang.Thread.run(Thread.java:748)
"IPC Server handler 16 on 34353" daemon prio=5 tid=85 timed_waiting
java.lang.Thread.State: TIMED_WAITING
        at sun.misc.Unsafe.park(Native Method)
        at java.util.concurrent.locks.LockSupport.parkNanos(LockSupport.java:215)
        at java.util.concurrent.locks.AbstractQueuedSynchronizer$ConditionObject.awaitNanos(AbstractQueuedSynchronizer.java:2078)
        at java.util.concurrent.LinkedBlockingQueue.poll(LinkedBlockingQueue.java:467)
        at org.apache.hadoop.ipc.CallQueueManager.take(CallQueueManager.java:288)
        at org.apache.hadoop.ipc.Server$Handler.run(Server.java:2668)
"pool-46-thread-60"  prio=5 tid=412 in Object.wait()
java.lang.Thread.State: WAITING (on object monitor)
        at sun.misc.Unsafe.park(Native Method)
        at java.util.concurrent.locks.LockSupport.park(LockSupport.java:175)
        at java.util.concurrent.locks.AbstractQueuedSynchronizer$ConditionObject.await(AbstractQueuedSynchronizer.java:2039)
        at java.util.concurrent.ArrayBlockingQueue.take(ArrayBlockingQueue.java:403)
        at java.util.concurrent.ThreadPoolExecutor.getTask(ThreadPoolExecutor.java:1074)
        at java.util.concurrent.ThreadPoolExecutor.runWorker(ThreadPoolExecutor.java:1134)
        at java.util.concurrent.ThreadPoolExecutor$Worker.run(ThreadPoolExecutor.java:624)
        at java.lang.Thread.run(Thread.java:748)
"pool-36-thread-23"  prio=5 tid=315 in Object.wait()
java.lang.Thread.State: WAITING (on object monitor)
        at sun.misc.Unsafe.park(Native Method)
        at java.util.concurrent.locks.LockSupport.park(LockSupport.java:175)
        at java.util.concurrent.locks.AbstractQueuedSynchronizer$ConditionObject.await(AbstractQueuedSynchronizer.java:2039)
        at java.util.concurrent.ArrayBlockingQueue.take(ArrayBlockingQueue.java:403)
        at java.util.concurrent.ThreadPoolExecutor.getTask(ThreadPoolExecutor.java:1074)
        at java.util.concurrent.ThreadPoolExecutor.runWorker(ThreadPoolExecutor.java:1134)
        at java.util.concurrent.ThreadPoolExecutor$Worker.run(ThreadPoolExecutor.java:624)
        at java.lang.Thread.run(Thread.java:748)
"Socket Reader #1 for port 33987"  prio=5 tid=23 runnable
java.lang.Thread.State: RUNNABLE
        at sun.nio.ch.EPollArrayWrapper.epollWait(Native Method)
        at sun.nio.ch.EPollArrayWrapper.poll(EPollArrayWrapper.java:269)
        at sun.nio.ch.EPollSelectorImpl.doSelect(EPollSelectorImpl.java:93)
        at sun.nio.ch.SelectorImpl.lockAndDoSelect(SelectorImpl.java:86)
        at sun.nio.ch.SelectorImpl.select(SelectorImpl.java:97)
        at sun.nio.ch.SelectorImpl.select(SelectorImpl.java:101)
        at org.apache.hadoop.ipc.Server$Listener$Reader.doRunLoop(Server.java:1097)
        at org.apache.hadoop.ipc.Server$Listener$Reader.run(Server.java:1076)
"qtp1077873186-92" daemon prio=5 tid=92 timed_waiting
java.lang.Thread.State: TIMED_WAITING
        at sun.misc.Unsafe.park(Native Method)
        at java.util.concurrent.locks.LockSupport.parkNanos(LockSupport.java:215)
        at java.util.concurrent.locks.AbstractQueuedSynchronizer$ConditionObject.awaitNanos(AbstractQueuedSynchronizer.java:2078)
        at org.eclipse.jetty.util.BlockingArrayQueue.poll(BlockingArrayQueue.java:392)
        at org.eclipse.jetty.util.thread.QueuedThreadPool.idleJobPoll(QueuedThreadPool.java:563)
        at org.eclipse.jetty.util.thread.QueuedThreadPool.access$800(QueuedThreadPool.java:48)
        at org.eclipse.jetty.util.thread.QueuedThreadPool$2.run(QueuedThreadPool.java:626)
        at java.lang.Thread.run(Thread.java:748)
"pool-36-thread-6"  prio=5 tid=298 in Object.wait()
java.lang.Thread.State: WAITING (on object monitor)
        at sun.misc.Unsafe.park(Native Method)
        at java.util.concurrent.locks.LockSupport.park(LockSupport.java:175)
        at java.util.concurrent.locks.AbstractQueuedSynchronizer$ConditionObject.await(AbstractQueuedSynchronizer.java:2039)
        at java.util.concurrent.ArrayBlockingQueue.take(ArrayBlockingQueue.java:403)
        at java.util.concurrent.ThreadPoolExecutor.getTask(ThreadPoolExecutor.java:1074)
        at java.util.concurrent.ThreadPoolExecutor.runWorker(ThreadPoolExecutor.java:1134)
        at java.util.concurrent.ThreadPoolExecutor$Worker.run(ThreadPoolExecutor.java:624)
        at java.lang.Thread.run(Thread.java:748)
"qtp231182885-159" daemon prio=5 tid=159 runnable
java.lang.Thread.State: RUNNABLE
        at sun.nio.ch.EPollArrayWrapper.epollWait(Native Method)
        at sun.nio.ch.EPollArrayWrapper.poll(EPollArrayWrapper.java:269)
        at sun.nio.ch.EPollSelectorImpl.doSelect(EPollSelectorImpl.java:93)
        at sun.nio.ch.SelectorImpl.lockAndDoSelect(SelectorImpl.java:86)
        at sun.nio.ch.SelectorImpl.select(SelectorImpl.java:97)
        at sun.nio.ch.SelectorImpl.select(SelectorImpl.java:101)
        at org.eclipse.jetty.io.ManagedSelector$SelectorProducer.select(ManagedSelector.java:243)
        at org.eclipse.jetty.io.ManagedSelector$SelectorProducer.produce(ManagedSelector.java:191)
        at org.eclipse.jetty.util.thread.strategy.ExecuteProduceConsume.executeProduceConsume(ExecuteProduceConsume.java:249)
        at org.eclipse.jetty.util.thread.strategy.ExecuteProduceConsume.produceConsume(ExecuteProduceConsume.java:148)
        at org.eclipse.jetty.util.thread.strategy.ExecuteProduceConsume.execute(ExecuteProduceConsume.java:100)
        at org.eclipse.jetty.io.ManagedSelector.run(ManagedSelector.java:147)
        at org.eclipse.jetty.util.thread.QueuedThreadPool.runJob(QueuedThreadPool.java:671)
        at org.eclipse.jetty.util.thread.QueuedThreadPool$2.run(QueuedThreadPool.java:589)
        at java.lang.Thread.run(Thread.java:748)
"IPC Server handler 10 on 34353" daemon prio=5 tid=79 timed_waiting
java.lang.Thread.State: TIMED_WAITING
        at sun.misc.Unsafe.park(Native Method)
        at java.util.concurrent.locks.LockSupport.parkNanos(LockSupport.java:215)
        at java.util.concurrent.locks.AbstractQueuedSynchronizer$ConditionObject.awaitNanos(AbstractQueuedSynchronizer.java:2078)
        at java.util.concurrent.LinkedBlockingQueue.poll(LinkedBlockingQueue.java:467)
        at org.apache.hadoop.ipc.CallQueueManager.take(CallQueueManager.java:288)
        at org.apache.hadoop.ipc.Server$Handler.run(Server.java:2668)
"pool-26-thread-33"  prio=5 tid=265 in Object.wait()
java.lang.Thread.State: WAITING (on object monitor)
        at sun.misc.Unsafe.park(Native Method)
        at java.util.concurrent.locks.LockSupport.park(LockSupport.java:175)
        at java.util.concurrent.locks.AbstractQueuedSynchronizer$ConditionObject.await(AbstractQueuedSynchronizer.java:2039)
        at java.util.concurrent.ArrayBlockingQueue.take(ArrayBlockingQueue.java:403)
        at java.util.concurrent.ThreadPoolExecutor.getTask(ThreadPoolExecutor.java:1074)
        at java.util.concurrent.ThreadPoolExecutor.runWorker(ThreadPoolExecutor.java:1134)
        at java.util.concurrent.ThreadPoolExecutor$Worker.run(ThreadPoolExecutor.java:624)
        at java.lang.Thread.run(Thread.java:748)
"Thread-194" daemon prio=5 tid=464 timed_waiting
java.lang.Thread.State: TIMED_WAITING
        at sun.misc.Unsafe.park(Native Method)
        at java.util.concurrent.locks.LockSupport.parkNanos(LockSupport.java:215)
        at java.util.concurrent.locks.AbstractQueuedSynchronizer$ConditionObject.awaitNanos(AbstractQueuedSynchronizer.java:2078)
        at java.util.concurrent.ArrayBlockingQueue.poll(ArrayBlockingQueue.java:418)
        at org.apache.ratis.server.impl.LeaderState$EventQueue.poll(LeaderState.java:115)
        at org.apache.ratis.server.impl.LeaderState$EventProcessor.run(LeaderState.java:467)
"IPC Server handler 12 on 33987" daemon prio=5 tid=41 timed_waiting
java.lang.Thread.State: TIMED_WAITING
        at sun.misc.Unsafe.park(Native Method)
        at java.util.concurrent.locks.LockSupport.parkNanos(LockSupport.java:215)
        at java.util.concurrent.locks.AbstractQueuedSynchronizer$ConditionObject.awaitNanos(AbstractQueuedSynchronizer.java:2078)
        at java.util.concurrent.LinkedBlockingQueue.poll(LinkedBlockingQueue.java:467)
        at org.apache.hadoop.ipc.CallQueueManager.take(CallQueueManager.java:288)
        at org.apache.hadoop.ipc.Server$Handler.run(Server.java:2668)
"IPC Server listener on 33987" daemon prio=5 tid=22 runnable
java.lang.Thread.State: RUNNABLE
        at sun.nio.ch.EPollArrayWrapper.epollWait(Native Method)
        at sun.nio.ch.EPollArrayWrapper.poll(EPollArrayWrapper.java:269)
        at sun.nio.ch.EPollSelectorImpl.doSelect(EPollSelectorImpl.java:93)
        at sun.nio.ch.SelectorImpl.lockAndDoSelect(SelectorImpl.java:86)
        at sun.nio.ch.SelectorImpl.select(SelectorImpl.java:97)
        at sun.nio.ch.SelectorImpl.select(SelectorImpl.java:101)
        at org.apache.hadoop.ipc.Server$Listener.run(Server.java:1159)
"0aa3649f-570d-46c6-937f-492d7f3a8364@group-83C26644CFDA-SegmentedRaftLogWorker"  prio=5 tid=635 timed_waiting
java.lang.Thread.State: TIMED_WAITING
        at sun.misc.Unsafe.park(Native Method)
        at java.util.concurrent.locks.LockSupport.parkNanos(LockSupport.java:215)
        at java.util.concurrent.locks.AbstractQueuedSynchronizer$ConditionObject.awaitNanos(AbstractQueuedSynchronizer.java:2078)
        at org.apache.ratis.util.DataBlockingQueue.poll(DataBlockingQueue.java:137)
        at org.apache.ratis.server.raftlog.segmented.SegmentedRaftLogWorker.run(SegmentedRaftLogWorker.java:282)
        at java.lang.Thread.run(Thread.java:748)
"BlockDeletingService#7" daemon prio=5 tid=716 in Object.wait()
java.lang.Thread.State: WAITING (on object monitor)
        at sun.misc.Unsafe.park(Native Method)
        at java.util.concurrent.locks.LockSupport.park(LockSupport.java:175)
        at java.util.concurrent.locks.AbstractQueuedSynchronizer$ConditionObject.await(AbstractQueuedSynchronizer.java:2039)
        at java.util.concurrent.ScheduledThreadPoolExecutor$DelayedWorkQueue.take(ScheduledThreadPoolExecutor.java:1088)
        at java.util.concurrent.ScheduledThreadPoolExecutor$DelayedWorkQueue.take(ScheduledThreadPoolExecutor.java:809)
        at java.util.concurrent.ThreadPoolExecutor.getTask(ThreadPoolExecutor.java:1074)
        at java.util.concurrent.ThreadPoolExecutor.runWorker(ThreadPoolExecutor.java:1134)
        at java.util.concurrent.ThreadPoolExecutor$Worker.run(ThreadPoolExecutor.java:624)
        at java.lang.Thread.run(Thread.java:748)
"IPC Server handler 13 on 33987" daemon prio=5 tid=42 timed_waiting
java.lang.Thread.State: TIMED_WAITING
        at sun.misc.Unsafe.park(Native Method)
        at java.util.concurrent.locks.LockSupport.parkNanos(LockSupport.java:215)
        at java.util.concurrent.locks.AbstractQueuedSynchronizer$ConditionObject.awaitNanos(AbstractQueuedSynchronizer.java:2078)
        at java.util.concurrent.LinkedBlockingQueue.poll(LinkedBlockingQueue.java:467)
        at org.apache.hadoop.ipc.CallQueueManager.take(CallQueueManager.java:288)
        at org.apache.hadoop.ipc.Server$Handler.run(Server.java:2668)
"EventQueue-SafemodestatusForSafeModeHandler" daemon prio=5 tid=429 in Object.wait()
java.lang.Thread.State: WAITING (on object monitor)
        at sun.misc.Unsafe.park(Native Method)
        at java.util.concurrent.locks.LockSupport.park(LockSupport.java:175)
        at java.util.concurrent.locks.AbstractQueuedSynchronizer$ConditionObject.await(AbstractQueuedSynchronizer.java:2039)
        at java.util.concurrent.LinkedBlockingQueue.take(LinkedBlockingQueue.java:442)
        at java.util.concurrent.ThreadPoolExecutor.getTask(ThreadPoolExecutor.java:1074)
        at java.util.concurrent.ThreadPoolExecutor.runWorker(ThreadPoolExecutor.java:1134)
        at java.util.concurrent.ThreadPoolExecutor$Worker.run(ThreadPoolExecutor.java:624)
        at java.lang.Thread.run(Thread.java:748)
"ReplicationMonitor" daemon prio=5 tid=626 timed_waiting
java.lang.Thread.State: TIMED_WAITING
        at java.lang.Object.wait(Native Method)
        at org.apache.hadoop.hdds.scm.container.ReplicationManager.run(ReplicationManager.java:229)
        at org.apache.hadoop.hdds.scm.container.ReplicationManager$$Lambda$486/1598489476.run(Unknown Source)
        at java.lang.Thread.run(Thread.java:748)
"IPC Server idle connection scanner for port 35897" daemon prio=5 tid=109 timed_waiting
java.lang.Thread.State: TIMED_WAITING
        at java.lang.Object.wait(Native Method)
        at java.util.TimerThread.mainLoop(Timer.java:552)
        at java.util.TimerThread.run(Timer.java:505)
"Thread-189" daemon prio=5 tid=451 timed_waiting
java.lang.Thread.State: TIMED_WAITING
        at sun.misc.Unsafe.park(Native Method)
        at java.util.concurrent.locks.LockSupport.parkNanos(LockSupport.java:215)
        at java.util.concurrent.locks.AbstractQueuedSynchronizer$ConditionObject.awaitNanos(AbstractQueuedSynchronizer.java:2078)
        at java.util.concurrent.ArrayBlockingQueue.poll(ArrayBlockingQueue.java:418)
        at org.apache.ratis.server.impl.LeaderState$EventQueue.poll(LeaderState.java:115)
        at org.apache.ratis.server.impl.LeaderState$EventProcessor.run(LeaderState.java:467)
"org.eclipse.jetty.server.session.HashSessionManager@7a0e7ecdTimer" daemon prio=5 tid=223 timed_waiting
java.lang.Thread.State: TIMED_WAITING
        at sun.misc.Unsafe.park(Native Method)
        at java.util.concurrent.locks.LockSupport.parkNanos(LockSupport.java:215)
        at java.util.concurrent.locks.AbstractQueuedSynchronizer$ConditionObject.awaitNanos(AbstractQueuedSynchronizer.java:2078)
        at java.util.concurrent.ScheduledThreadPoolExecutor$DelayedWorkQueue.take(ScheduledThreadPoolExecutor.java:1093)
        at java.util.concurrent.ScheduledThreadPoolExecutor$DelayedWorkQueue.take(ScheduledThreadPoolExecutor.java:809)
        at java.util.concurrent.ThreadPoolExecutor.getTask(ThreadPoolExecutor.java:1074)
        at java.util.concurrent.ThreadPoolExecutor.runWorker(ThreadPoolExecutor.java:1134)
        at java.util.concurrent.ThreadPoolExecutor$Worker.run(ThreadPoolExecutor.java:624)
        at java.lang.Thread.run(Thread.java:748)
"refreshUsed-/workdir/hadoop-ozone/integration-test/target/test-dir/MiniOzoneClusterImpl-c59fee7e-17c5-4f17-b61a-b44f1b433ee8/datanode-2/data/containers" daemon prio=5 tid=208 timed_waiting
java.lang.Thread.State: TIMED_WAITING
        at java.lang.Thread.sleep(Native Method)
        at org.apache.hadoop.fs.CachingGetSpaceUsed$RefreshThread.run(CachingGetSpaceUsed.java:179)
        at java.lang.Thread.run(Thread.java:748)
"metrics-hadoop-metrics2-reporter-1-thread-1" daemon prio=5 tid=441 timed_waiting
java.lang.Thread.State: TIMED_WAITING
        at sun.misc.Unsafe.park(Native Method)
        at java.util.concurrent.locks.LockSupport.parkNanos(LockSupport.java:215)
        at java.util.concurrent.locks.AbstractQueuedSynchronizer$ConditionObject.awaitNanos(AbstractQueuedSynchronizer.java:2078)
        at java.util.concurrent.ScheduledThreadPoolExecutor$DelayedWorkQueue.take(ScheduledThreadPoolExecutor.java:1093)
        at java.util.concurrent.ScheduledThreadPoolExecutor$DelayedWorkQueue.take(ScheduledThreadPoolExecutor.java:809)
        at java.util.concurrent.ThreadPoolExecutor.getTask(ThreadPoolExecutor.java:1074)
        at java.util.concurrent.ThreadPoolExecutor.runWorker(ThreadPoolExecutor.java:1134)
        at java.util.concurrent.ThreadPoolExecutor$Worker.run(ThreadPoolExecutor.java:624)
        at java.lang.Thread.run(Thread.java:748)
"Signal Dispatcher" daemon prio=9 tid=4 runnable
java.lang.Thread.State: RUNNABLE
"pool-46-thread-56"  prio=5 tid=408 in Object.wait()
java.lang.Thread.State: WAITING (on object monitor)
        at sun.misc.Unsafe.park(Native Method)
        at java.util.concurrent.locks.LockSupport.park(LockSupport.java:175)
        at java.util.concurrent.locks.AbstractQueuedSynchronizer$ConditionObject.await(AbstractQueuedSynchronizer.java:2039)
        at java.util.concurrent.ArrayBlockingQueue.take(ArrayBlockingQueue.java:403)
        at java.util.concurrent.ThreadPoolExecutor.getTask(ThreadPoolExecutor.java:1074)
        at java.util.concurrent.ThreadPoolExecutor.runWorker(ThreadPoolExecutor.java:1134)
        at java.util.concurrent.ThreadPoolExecutor$Worker.run(ThreadPoolExecutor.java:624)
        at java.lang.Thread.run(Thread.java:748)
"IPC Server handler 4 on 40661" daemon prio=5 tid=53 timed_waiting
java.lang.Thread.State: TIMED_WAITING
        at sun.misc.Unsafe.park(Native Method)
        at java.util.concurrent.locks.LockSupport.parkNanos(LockSupport.java:215)
        at java.util.concurrent.locks.AbstractQueuedSynchronizer$ConditionObject.awaitNanos(AbstractQueuedSynchronizer.java:2078)
        at java.util.concurrent.LinkedBlockingQueue.poll(LinkedBlockingQueue.java:467)
        at org.apache.hadoop.ipc.CallQueueManager.take(CallQueueManager.java:288)
        at org.apache.hadoop.ipc.Server$Handler.run(Server.java:2668)
"jaeger.RemoteReporter-QueueProcessor" daemon prio=5 tid=147 in Object.wait()
java.lang.Thread.State: WAITING (on object monitor)
        at sun.misc.Unsafe.park(Native Method)
        at java.util.concurrent.locks.LockSupport.park(LockSupport.java:175)
        at java.util.concurrent.locks.AbstractQueuedSynchronizer$ConditionObject.await(AbstractQueuedSynchronizer.java:2039)
        at java.util.concurrent.ArrayBlockingQueue.take(ArrayBlockingQueue.java:403)
        at io.jaegertracing.internal.reporters.RemoteReporter$QueueProcessor.run(RemoteReporter.java:173)
        at java.lang.Thread.run(Thread.java:748)
"metrics-hadoop-metrics2-reporter-34-thread-1" daemon prio=5 tid=662 timed_waiting
java.lang.Thread.State: TIMED_WAITING
        at sun.misc.Unsafe.park(Native Method)
        at java.util.concurrent.locks.LockSupport.parkNanos(LockSupport.java:215)
        at java.util.concurrent.locks.AbstractQueuedSynchronizer$ConditionObject.awaitNanos(AbstractQueuedSynchronizer.java:2078)
        at java.util.concurrent.ScheduledThreadPoolExecutor$DelayedWorkQueue.take(ScheduledThreadPoolExecutor.java:1093)
        at java.util.concurrent.ScheduledThreadPoolExecutor$DelayedWorkQueue.take(ScheduledThreadPoolExecutor.java:809)
        at java.util.concurrent.ThreadPoolExecutor.getTask(ThreadPoolExecutor.java:1074)
        at java.util.concurrent.ThreadPoolExecutor.runWorker(ThreadPoolExecutor.java:1134)
        at java.util.concurrent.ThreadPoolExecutor$Worker.run(ThreadPoolExecutor.java:624)
        at java.lang.Thread.run(Thread.java:748)
"metrics-hadoop-metrics2-reporter-10-thread-1" daemon prio=5 tid=465 timed_waiting
java.lang.Thread.State: TIMED_WAITING
        at sun.misc.Unsafe.park(Native Method)
        at java.util.concurrent.locks.LockSupport.parkNanos(LockSupport.java:215)
        at java.util.concurrent.locks.AbstractQueuedSynchronizer$ConditionObject.awaitNanos(AbstractQueuedSynchronizer.java:2078)
        at java.util.concurrent.ScheduledThreadPoolExecutor$DelayedWorkQueue.take(ScheduledThreadPoolExecutor.java:1093)
        at java.util.concurrent.ScheduledThreadPoolExecutor$DelayedWorkQueue.take(ScheduledThreadPoolExecutor.java:809)
        at java.util.concurrent.ThreadPoolExecutor.getTask(ThreadPoolExecutor.java:1074)
        at java.util.concurrent.ThreadPoolExecutor.runWorker(ThreadPoolExecutor.java:1134)
        at java.util.concurrent.ThreadPoolExecutor$Worker.run(ThreadPoolExecutor.java:624)
        at java.lang.Thread.run(Thread.java:748)
"pool-46-thread-17"  prio=5 tid=369 in Object.wait()
java.lang.Thread.State: WAITING (on object monitor)
        at sun.misc.Unsafe.park(Native Method)
        at java.util.concurrent.locks.LockSupport.park(LockSupport.java:175)
        at java.util.concurrent.locks.AbstractQueuedSynchronizer$ConditionObject.await(AbstractQueuedSynchronizer.java:2039)
        at java.util.concurrent.ArrayBlockingQueue.take(ArrayBlockingQueue.java:403)
        at java.util.concurrent.ThreadPoolExecutor.getTask(ThreadPoolExecutor.java:1074)
        at java.util.concurrent.ThreadPoolExecutor.runWorker(ThreadPoolExecutor.java:1134)
        at java.util.concurrent.ThreadPoolExecutor$Worker.run(ThreadPoolExecutor.java:624)
        at java.lang.Thread.run(Thread.java:748)
"pool-24-thread-1" daemon prio=5 tid=156 timed_waiting
java.lang.Thread.State: TIMED_WAITING
        at sun.misc.Unsafe.park(Native Method)
        at java.util.concurrent.locks.LockSupport.parkNanos(LockSupport.java:215)
        at java.util.concurrent.locks.AbstractQueuedSynchronizer$ConditionObject.awaitNanos(AbstractQueuedSynchronizer.java:2078)
        at java.util.concurrent.ScheduledThreadPoolExecutor$DelayedWorkQueue.take(ScheduledThreadPoolExecutor.java:1093)
        at java.util.concurrent.ScheduledThreadPoolExecutor$DelayedWorkQueue.take(ScheduledThreadPoolExecutor.java:809)
        at java.util.concurrent.ThreadPoolExecutor.getTask(ThreadPoolExecutor.java:1074)
        at java.util.concurrent.ThreadPoolExecutor.runWorker(ThreadPoolExecutor.java:1134)
        at java.util.concurrent.ThreadPoolExecutor$Worker.run(ThreadPoolExecutor.java:624)
        at java.lang.Thread.run(Thread.java:748)
"IPC Server Responder" daemon prio=5 tid=17 runnable
java.lang.Thread.State: RUNNABLE
        at sun.nio.ch.EPollArrayWrapper.epollWait(Native Method)
        at sun.nio.ch.EPollArrayWrapper.poll(EPollArrayWrapper.java:269)
        at sun.nio.ch.EPollSelectorImpl.doSelect(EPollSelectorImpl.java:93)
        at sun.nio.ch.SelectorImpl.lockAndDoSelect(SelectorImpl.java:86)
        at sun.nio.ch.SelectorImpl.select(SelectorImpl.java:97)
        at org.apache.hadoop.ipc.Server$Responder.doRunLoop(Server.java:1334)
        at org.apache.hadoop.ipc.Server$Responder.run(Server.java:1317)
"pool-36-thread-48"  prio=5 tid=340 in Object.wait()
java.lang.Thread.State: WAITING (on object monitor)
        at sun.misc.Unsafe.park(Native Method)
        at java.util.concurrent.locks.LockSupport.park(LockSupport.java:175)
        at java.util.concurrent.locks.AbstractQueuedSynchronizer$ConditionObject.await(AbstractQueuedSynchronizer.java:2039)
        at java.util.concurrent.ArrayBlockingQueue.take(ArrayBlockingQueue.java:403)
        at java.util.concurrent.ThreadPoolExecutor.getTask(ThreadPoolExecutor.java:1074)
        at java.util.concurrent.ThreadPoolExecutor.runWorker(ThreadPoolExecutor.java:1134)
        at java.util.concurrent.ThreadPoolExecutor$Worker.run(ThreadPoolExecutor.java:624)
        at java.lang.Thread.run(Thread.java:748)
"pool-26-thread-28"  prio=5 tid=260 in Object.wait()
java.lang.Thread.State: WAITING (on object monitor)
        at sun.misc.Unsafe.park(Native Method)
        at java.util.concurrent.locks.LockSupport.park(LockSupport.java:175)
        at java.util.concurrent.locks.AbstractQueuedSynchronizer$ConditionObject.await(AbstractQueuedSynchronizer.java:2039)
        at java.util.concurrent.ArrayBlockingQueue.take(ArrayBlockingQueue.java:403)
        at java.util.concurrent.ThreadPoolExecutor.getTask(ThreadPoolExecutor.java:1074)
        at java.util.concurrent.ThreadPoolExecutor.runWorker(ThreadPoolExecutor.java:1134)
        at java.util.concurrent.ThreadPoolExecutor$Worker.run(ThreadPoolExecutor.java:624)
        at java.lang.Thread.run(Thread.java:748)
"pool-26-thread-12"  prio=5 tid=244 in Object.wait()
java.lang.Thread.State: WAITING (on object monitor)
        at sun.misc.Unsafe.park(Native Method)
        at java.util.concurrent.locks.LockSupport.park(LockSupport.java:175)
        at java.util.concurrent.locks.AbstractQueuedSynchronizer$ConditionObject.await(AbstractQueuedSynchronizer.java:2039)
        at java.util.concurrent.ArrayBlockingQueue.take(ArrayBlockingQueue.java:403)
        at java.util.concurrent.ThreadPoolExecutor.getTask(ThreadPoolExecutor.java:1074)
        at java.util.concurrent.ThreadPoolExecutor.runWorker(ThreadPoolExecutor.java:1134)
        at java.util.concurrent.ThreadPoolExecutor$Worker.run(ThreadPoolExecutor.java:624)
        at java.lang.Thread.run(Thread.java:748)
"metrics-hadoop-metrics2-reporter-36-thread-1" daemon prio=5 tid=666 timed_waiting
java.lang.Thread.State: TIMED_WAITING
        at sun.misc.Unsafe.park(Native Method)
        at java.util.concurrent.locks.LockSupport.parkNanos(LockSupport.java:215)
        at java.util.concurrent.locks.AbstractQueuedSynchronizer$ConditionObject.awaitNanos(AbstractQueuedSynchronizer.java:2078)
        at java.util.concurrent.ScheduledThreadPoolExecutor$DelayedWorkQueue.take(ScheduledThreadPoolExecutor.java:1093)
        at java.util.concurrent.ScheduledThreadPoolExecutor$DelayedWorkQueue.take(ScheduledThreadPoolExecutor.java:809)
        at java.util.concurrent.ThreadPoolExecutor.getTask(ThreadPoolExecutor.java:1074)
        at java.util.concurrent.ThreadPoolExecutor.runWorker(ThreadPoolExecutor.java:1134)
        at java.util.concurrent.ThreadPoolExecutor$Worker.run(ThreadPoolExecutor.java:624)
        at java.lang.Thread.run(Thread.java:748)
"IPC Server handler 17 on 34353" daemon prio=5 tid=86 timed_waiting
java.lang.Thread.State: TIMED_WAITING
        at sun.misc.Unsafe.park(Native Method)
        at java.util.concurrent.locks.LockSupport.parkNanos(LockSupport.java:215)
        at java.util.concurrent.locks.AbstractQueuedSynchronizer$ConditionObject.awaitNanos(AbstractQueuedSynchronizer.java:2078)
        at java.util.concurrent.LinkedBlockingQueue.poll(LinkedBlockingQueue.java:467)
        at org.apache.hadoop.ipc.CallQueueManager.take(CallQueueManager.java:288)
        at org.apache.hadoop.ipc.Server$Handler.run(Server.java:2668)
"pool-36-thread-24"  prio=5 tid=316 in Object.wait()
java.lang.Thread.State: WAITING (on object monitor)
        at sun.misc.Unsafe.park(Native Method)
        at java.util.concurrent.locks.LockSupport.park(LockSupport.java:175)
        at java.util.concurrent.locks.AbstractQueuedSynchronizer$ConditionObject.await(AbstractQueuedSynchronizer.java:2039)
        at java.util.concurrent.ArrayBlockingQueue.take(ArrayBlockingQueue.java:403)
        at java.util.concurrent.ThreadPoolExecutor.getTask(ThreadPoolExecutor.java:1074)
        at java.util.concurrent.ThreadPoolExecutor.runWorker(ThreadPoolExecutor.java:1134)
        at java.util.concurrent.ThreadPoolExecutor$Worker.run(ThreadPoolExecutor.java:624)
        at java.lang.Thread.run(Thread.java:748)
"surefire-forkedjvm-ping-30s" daemon prio=5 tid=9 timed_waiting
java.lang.Thread.State: TIMED_WAITING
        at sun.misc.Unsafe.park(Native Method)
        at java.util.concurrent.locks.LockSupport.parkNanos(LockSupport.java:215)
        at java.util.concurrent.locks.AbstractQueuedSynchronizer$ConditionObject.awaitNanos(AbstractQueuedSynchronizer.java:2078)
        at java.util.concurrent.ScheduledThreadPoolExecutor$DelayedWorkQueue.take(ScheduledThreadPoolExecutor.java:1093)
        at java.util.concurrent.ScheduledThreadPoolExecutor$DelayedWorkQueue.take(ScheduledThreadPoolExecutor.java:809)
        at java.util.concurrent.ThreadPoolExecutor.getTask(ThreadPoolExecutor.java:1074)
        at java.util.concurrent.ThreadPoolExecutor.runWorker(ThreadPoolExecutor.java:1134)
        at java.util.concurrent.ThreadPoolExecutor$Worker.run(ThreadPoolExecutor.java:624)
        at java.lang.Thread.run(Thread.java:748)
"pool-36-thread-55"  prio=5 tid=347 in Object.wait()
java.lang.Thread.State: WAITING (on object monitor)
        at sun.misc.Unsafe.park(Native Method)
        at java.util.concurrent.locks.LockSupport.park(LockSupport.java:175)
        at java.util.concurrent.locks.AbstractQueuedSynchronizer$ConditionObject.await(AbstractQueuedSynchronizer.java:2039)
        at java.util.concurrent.ArrayBlockingQueue.take(ArrayBlockingQueue.java:403)
        at java.util.concurrent.ThreadPoolExecutor.getTask(ThreadPoolExecutor.java:1074)
        at java.util.concurrent.ThreadPoolExecutor.runWorker(ThreadPoolExecutor.java:1134)
        at java.util.concurrent.ThreadPoolExecutor$Worker.run(ThreadPoolExecutor.java:624)
        at java.lang.Thread.run(Thread.java:748)
"IPC Server handler 4 on 35897" daemon prio=5 tid=118 timed_waiting
java.lang.Thread.State: TIMED_WAITING
        at sun.misc.Unsafe.park(Native Method)
        at java.util.concurrent.locks.LockSupport.parkNanos(LockSupport.java:215)
        at java.util.concurrent.locks.AbstractQueuedSynchronizer$ConditionObject.awaitNanos(AbstractQueuedSynchronizer.java:2078)
        at java.util.concurrent.LinkedBlockingQueue.poll(LinkedBlockingQueue.java:467)
        at org.apache.hadoop.ipc.CallQueueManager.take(CallQueueManager.java:288)
        at org.apache.hadoop.ipc.Server$Handler.run(Server.java:2668)
"grpc-default-executor-1" daemon prio=5 tid=476 timed_waiting
java.lang.Thread.State: TIMED_WAITING
        at sun.misc.Unsafe.park(Native Method)
        at java.util.concurrent.locks.LockSupport.parkNanos(LockSupport.java:215)
        at java.util.concurrent.SynchronousQueue$TransferStack.awaitFulfill(SynchronousQueue.java:460)
        at java.util.concurrent.SynchronousQueue$TransferStack.transfer(SynchronousQueue.java:362)
        at java.util.concurrent.SynchronousQueue.poll(SynchronousQueue.java:941)
        at java.util.concurrent.ThreadPoolExecutor.getTask(ThreadPoolExecutor.java:1073)
        at java.util.concurrent.ThreadPoolExecutor.runWorker(ThreadPoolExecutor.java:1134)
        at java.util.concurrent.ThreadPoolExecutor$Worker.run(ThreadPoolExecutor.java:624)
        at java.lang.Thread.run(Thread.java:748)
"jaeger.RemoteReporter-FlushTimer" daemon prio=5 tid=148 timed_waiting
java.lang.Thread.State: TIMED_WAITING
        at java.lang.Object.wait(Native Method)
        at java.util.TimerThread.mainLoop(Timer.java:552)
        at java.util.TimerThread.run(Timer.java:505)
"metrics-hadoop-metrics2-reporter-2-thread-1" daemon prio=5 tid=444 timed_waiting
java.lang.Thread.State: TIMED_WAITING
        at sun.misc.Unsafe.park(Native Method)
        at java.util.concurrent.locks.LockSupport.parkNanos(LockSupport.java:215)
        at java.util.concurrent.locks.AbstractQueuedSynchronizer$ConditionObject.awaitNanos(AbstractQueuedSynchronizer.java:2078)
        at java.util.concurrent.ScheduledThreadPoolExecutor$DelayedWorkQueue.take(ScheduledThreadPoolExecutor.java:1093)
        at java.util.concurrent.ScheduledThreadPoolExecutor$DelayedWorkQueue.take(ScheduledThreadPoolExecutor.java:809)
        at java.util.concurrent.ThreadPoolExecutor.getTask(ThreadPoolExecutor.java:1074)
        at java.util.concurrent.ThreadPoolExecutor.runWorker(ThreadPoolExecutor.java:1134)
        at java.util.concurrent.ThreadPoolExecutor$Worker.run(ThreadPoolExecutor.java:624)
        at java.lang.Thread.run(Thread.java:748)
"pool-26-thread-25"  prio=5 tid=257 in Object.wait()
java.lang.Thread.State: WAITING (on object monitor)
        at sun.misc.Unsafe.park(Native Method)
        at java.util.concurrent.locks.LockSupport.park(LockSupport.java:175)
        at java.util.concurrent.locks.AbstractQueuedSynchronizer$ConditionObject.await(AbstractQueuedSynchronizer.java:2039)
        at java.util.concurrent.ArrayBlockingQueue.take(ArrayBlockingQueue.java:403)
        at java.util.concurrent.ThreadPoolExecutor.getTask(ThreadPoolExecutor.java:1074)
        at java.util.concurrent.ThreadPoolExecutor.runWorker(ThreadPoolExecutor.java:1134)
        at java.util.concurrent.ThreadPoolExecutor$Worker.run(ThreadPoolExecutor.java:624)
        at java.lang.Thread.run(Thread.java:748)
"IPC Server handler 1 on 40661" daemon prio=5 tid=50 timed_waiting
java.lang.Thread.State: TIMED_WAITING
        at sun.misc.Unsafe.park(Native Method)
        at java.util.concurrent.locks.LockSupport.parkNanos(LockSupport.java:215)
        at java.util.concurrent.locks.AbstractQueuedSynchronizer$ConditionObject.awaitNanos(AbstractQueuedSynchronizer.java:2078)
        at java.util.concurrent.LinkedBlockingQueue.poll(LinkedBlockingQueue.java:467)
        at org.apache.hadoop.ipc.CallQueueManager.take(CallQueueManager.java:288)
        at org.apache.hadoop.ipc.Server$Handler.run(Server.java:2668)
"metrics-hadoop-metrics2-reporter-33-thread-1" daemon prio=5 tid=646 timed_waiting
java.lang.Thread.State: TIMED_WAITING
        at sun.misc.Unsafe.park(Native Method)
        at java.util.concurrent.locks.LockSupport.parkNanos(LockSupport.java:215)
        at java.util.concurrent.locks.AbstractQueuedSynchronizer$ConditionObject.awaitNanos(AbstractQueuedSynchronizer.java:2078)
        at java.util.concurrent.ScheduledThreadPoolExecutor$DelayedWorkQueue.take(ScheduledThreadPoolExecutor.java:1093)
        at java.util.concurrent.ScheduledThreadPoolExecutor$DelayedWorkQueue.take(ScheduledThreadPoolExecutor.java:809)
        at java.util.concurrent.ThreadPoolExecutor.getTask(ThreadPoolExecutor.java:1074)
        at java.util.concurrent.ThreadPoolExecutor.runWorker(ThreadPoolExecutor.java:1134)
        at java.util.concurrent.ThreadPoolExecutor$Worker.run(ThreadPoolExecutor.java:624)
        at java.lang.Thread.run(Thread.java:748)
"BlockDeletingService#4" daemon prio=5 tid=546 in Object.wait()
java.lang.Thread.State: WAITING (on object monitor)
        at sun.misc.Unsafe.park(Native Method)
        at java.util.concurrent.locks.LockSupport.park(LockSupport.java:175)
        at java.util.concurrent.locks.AbstractQueuedSynchronizer$ConditionObject.await(AbstractQueuedSynchronizer.java:2039)
        at java.util.concurrent.ScheduledThreadPoolExecutor$DelayedWorkQueue.take(ScheduledThreadPoolExecutor.java:1088)
        at java.util.concurrent.ScheduledThreadPoolExecutor$DelayedWorkQueue.take(ScheduledThreadPoolExecutor.java:809)
        at java.util.concurrent.ThreadPoolExecutor.getTask(ThreadPoolExecutor.java:1074)
        at java.util.concurrent.ThreadPoolExecutor.runWorker(ThreadPoolExecutor.java:1134)
        at java.util.concurrent.ThreadPoolExecutor$Worker.run(ThreadPoolExecutor.java:624)
        at java.lang.Thread.run(Thread.java:748)
"grpc-default-executor-3" daemon prio=5 tid=540 timed_waiting
java.lang.Thread.State: TIMED_WAITING
        at sun.misc.Unsafe.park(Native Method)
        at java.util.concurrent.locks.LockSupport.parkNanos(LockSupport.java:215)
        at java.util.concurrent.SynchronousQueue$TransferStack.awaitFulfill(SynchronousQueue.java:460)
        at java.util.concurrent.SynchronousQueue$TransferStack.transfer(SynchronousQueue.java:362)
        at java.util.concurrent.SynchronousQueue.poll(SynchronousQueue.java:941)
        at java.util.concurrent.ThreadPoolExecutor.getTask(ThreadPoolExecutor.java:1073)
        at java.util.concurrent.ThreadPoolExecutor.runWorker(ThreadPoolExecutor.java:1134)
        at java.util.concurrent.ThreadPoolExecutor$Worker.run(ThreadPoolExecutor.java:624)
        at java.lang.Thread.run(Thread.java:748)
"IPC Server handler 12 on 34353" daemon prio=5 tid=81 timed_waiting
java.lang.Thread.State: TIMED_WAITING
        at sun.misc.Unsafe.park(Native Method)
        at java.util.concurrent.locks.LockSupport.parkNanos(LockSupport.java:215)
        at java.util.concurrent.locks.AbstractQueuedSynchronizer$ConditionObject.awaitNanos(AbstractQueuedSynchronizer.java:2078)
        at java.util.concurrent.LinkedBlockingQueue.poll(LinkedBlockingQueue.java:467)
        at org.apache.hadoop.ipc.CallQueueManager.take(CallQueueManager.java:288)
        at org.apache.hadoop.ipc.Server$Handler.run(Server.java:2668)
"pool-46-thread-33"  prio=5 tid=385 in Object.wait()
java.lang.Thread.State: WAITING (on object monitor)
        at sun.misc.Unsafe.park(Native Method)
        at java.util.concurrent.locks.LockSupport.park(LockSupport.java:175)
        at java.util.concurrent.locks.AbstractQueuedSynchronizer$ConditionObject.await(AbstractQueuedSynchronizer.java:2039)
        at java.util.concurrent.ArrayBlockingQueue.take(ArrayBlockingQueue.java:403)
        at java.util.concurrent.ThreadPoolExecutor.getTask(ThreadPoolExecutor.java:1074)
        at java.util.concurrent.ThreadPoolExecutor.runWorker(ThreadPoolExecutor.java:1134)
        at java.util.concurrent.ThreadPoolExecutor$Worker.run(ThreadPoolExecutor.java:624)
        at java.lang.Thread.run(Thread.java:748)
"4b287a15-77af-487b-aef7-34d1d0ee189f@group-968E4693433D-SegmentedRaftLogWorker"  prio=5 tid=455 timed_waiting
java.lang.Thread.State: TIMED_WAITING
        at sun.misc.Unsafe.park(Native Method)
        at java.util.concurrent.locks.LockSupport.parkNanos(LockSupport.java:215)
        at java.util.concurrent.locks.AbstractQueuedSynchronizer$ConditionObject.awaitNanos(AbstractQueuedSynchronizer.java:2078)
        at org.apache.ratis.util.DataBlockingQueue.poll(DataBlockingQueue.java:137)
        at org.apache.ratis.server.raftlog.segmented.SegmentedRaftLogWorker.run(SegmentedRaftLogWorker.java:282)
        at java.lang.Thread.run(Thread.java:748)
"pool-36-thread-27"  prio=5 tid=319 in Object.wait()
java.lang.Thread.State: WAITING (on object monitor)
        at sun.misc.Unsafe.park(Native Method)
        at java.util.concurrent.locks.LockSupport.park(LockSupport.java:175)
        at java.util.concurrent.locks.AbstractQueuedSynchronizer$ConditionObject.await(AbstractQueuedSynchronizer.java:2039)
        at java.util.concurrent.ArrayBlockingQueue.take(ArrayBlockingQueue.java:403)
        at java.util.concurrent.ThreadPoolExecutor.getTask(ThreadPoolExecutor.java:1074)
        at java.util.concurrent.ThreadPoolExecutor.runWorker(ThreadPoolExecutor.java:1134)
        at java.util.concurrent.ThreadPoolExecutor$Worker.run(ThreadPoolExecutor.java:624)
        at java.lang.Thread.run(Thread.java:748)
"qtp1077873186-91" daemon prio=5 tid=91 timed_waiting
java.lang.Thread.State: TIMED_WAITING
        at sun.misc.Unsafe.park(Native Method)
        at java.util.concurrent.locks.LockSupport.parkNanos(LockSupport.java:215)
        at java.util.concurrent.locks.AbstractQueuedSynchronizer$ConditionObject.awaitNanos(AbstractQueuedSynchronizer.java:2078)
        at org.eclipse.jetty.util.BlockingArrayQueue.poll(BlockingArrayQueue.java:392)
        at org.eclipse.jetty.util.thread.QueuedThreadPool.idleJobPoll(QueuedThreadPool.java:563)
        at org.eclipse.jetty.util.thread.QueuedThreadPool.access$800(QueuedThreadPool.java:48)
        at org.eclipse.jetty.util.thread.QueuedThreadPool$2.run(QueuedThreadPool.java:626)
        at java.lang.Thread.run(Thread.java:748)
"pool-26-thread-53"  prio=5 tid=285 in Object.wait()
java.lang.Thread.State: WAITING (on object monitor)
        at sun.misc.Unsafe.park(Native Method)
        at java.util.concurrent.locks.LockSupport.park(LockSupport.java:175)
        at java.util.concurrent.locks.AbstractQueuedSynchronizer$ConditionObject.await(AbstractQueuedSynchronizer.java:2039)
        at java.util.concurrent.ArrayBlockingQueue.take(ArrayBlockingQueue.java:403)
        at java.util.concurrent.ThreadPoolExecutor.getTask(ThreadPoolExecutor.java:1074)
        at java.util.concurrent.ThreadPoolExecutor.runWorker(ThreadPoolExecutor.java:1134)
        at java.util.concurrent.ThreadPoolExecutor$Worker.run(ThreadPoolExecutor.java:624)
        at java.lang.Thread.run(Thread.java:748)
"KeyDeletingService#0" daemon prio=5 tid=113 in Object.wait()
java.lang.Thread.State: WAITING (on object monitor)
        at sun.misc.Unsafe.park(Native Method)
        at java.util.concurrent.locks.LockSupport.park(LockSupport.java:175)
        at java.util.concurrent.locks.AbstractQueuedSynchronizer$ConditionObject.await(AbstractQueuedSynchronizer.java:2039)
        at java.util.concurrent.ScheduledThreadPoolExecutor$DelayedWorkQueue.take(ScheduledThreadPoolExecutor.java:1088)
        at java.util.concurrent.ScheduledThreadPoolExecutor$DelayedWorkQueue.take(ScheduledThreadPoolExecutor.java:809)
        at java.util.concurrent.ThreadPoolExecutor.getTask(ThreadPoolExecutor.java:1074)
        at java.util.concurrent.ThreadPoolExecutor.runWorker(ThreadPoolExecutor.java:1134)
        at java.util.concurrent.ThreadPoolExecutor$Worker.run(ThreadPoolExecutor.java:624)
        at java.lang.Thread.run(Thread.java:748)
"pool-36-thread-32"  prio=5 tid=324 in Object.wait()
java.lang.Thread.State: WAITING (on object monitor)
        at sun.misc.Unsafe.park(Native Method)
        at java.util.concurrent.locks.LockSupport.park(LockSupport.java:175)
        at java.util.concurrent.locks.AbstractQueuedSynchronizer$ConditionObject.await(AbstractQueuedSynchronizer.java:2039)
        at java.util.concurrent.ArrayBlockingQueue.take(ArrayBlockingQueue.java:403)
        at java.util.concurrent.ThreadPoolExecutor.getTask(ThreadPoolExecutor.java:1074)
        at java.util.concurrent.ThreadPoolExecutor.runWorker(ThreadPoolExecutor.java:1134)
        at java.util.concurrent.ThreadPoolExecutor$Worker.run(ThreadPoolExecutor.java:624)
        at java.lang.Thread.run(Thread.java:748)
"pool-26-thread-50"  prio=5 tid=282 in Object.wait()
java.lang.Thread.State: WAITING (on object monitor)
        at sun.misc.Unsafe.park(Native Method)
        at java.util.concurrent.locks.LockSupport.park(LockSupport.java:175)
        at java.util.concurrent.locks.AbstractQueuedSynchronizer$ConditionObject.await(AbstractQueuedSynchronizer.java:2039)
        at java.util.concurrent.ArrayBlockingQueue.take(ArrayBlockingQueue.java:403)
        at java.util.concurrent.ThreadPoolExecutor.getTask(ThreadPoolExecutor.java:1074)
        at java.util.concurrent.ThreadPoolExecutor.runWorker(ThreadPoolExecutor.java:1134)
        at java.util.concurrent.ThreadPoolExecutor$Worker.run(ThreadPoolExecutor.java:624)
        at java.lang.Thread.run(Thread.java:748)
"pool-26-thread-9"  prio=5 tid=241 in Object.wait()
java.lang.Thread.State: WAITING (on object monitor)
        at sun.misc.Unsafe.park(Native Method)
        at java.util.concurrent.locks.LockSupport.park(LockSupport.java:175)
        at java.util.concurrent.locks.AbstractQueuedSynchronizer$ConditionObject.await(AbstractQueuedSynchronizer.java:2039)
        at java.util.concurrent.ArrayBlockingQueue.take(ArrayBlockingQueue.java:403)
        at java.util.concurrent.ThreadPoolExecutor.getTask(ThreadPoolExecutor.java:1074)
        at java.util.concurrent.ThreadPoolExecutor.runWorker(ThreadPoolExecutor.java:1134)
        at java.util.concurrent.ThreadPoolExecutor$Worker.run(ThreadPoolExecutor.java:624)
        at java.lang.Thread.run(Thread.java:748)
"qtp1471800355-142" daemon prio=5 tid=142 timed_waiting
java.lang.Thread.State: TIMED_WAITING
        at sun.misc.Unsafe.park(Native Method)
        at java.util.concurrent.locks.LockSupport.parkNanos(LockSupport.java:215)
        at java.util.concurrent.locks.AbstractQueuedSynchronizer$ConditionObject.awaitNanos(AbstractQueuedSynchronizer.java:2078)
        at org.eclipse.jetty.util.BlockingArrayQueue.poll(BlockingArrayQueue.java:392)
        at org.eclipse.jetty.util.thread.QueuedThreadPool.idleJobPoll(QueuedThreadPool.java:563)
        at org.eclipse.jetty.util.thread.QueuedThreadPool.access$800(QueuedThreadPool.java:48)
        at org.eclipse.jetty.util.thread.QueuedThreadPool$2.run(QueuedThreadPool.java:626)
        at java.lang.Thread.run(Thread.java:748)
"Command processor thread" daemon prio=5 tid=202 timed_waiting
java.lang.Thread.State: TIMED_WAITING
        at java.lang.Thread.sleep(Native Method)
        at org.apache.hadoop.ozone.container.common.statemachine.DatanodeStateMachine.lambda$initCommandHandlerThread$1(DatanodeStateMachine.java:439)
        at org.apache.hadoop.ozone.container.common.statemachine.DatanodeStateMachine$$Lambda$141/1971533617.run(Unknown Source)
        at java.lang.Thread.run(Thread.java:748)
"pool-21-thread-1"  prio=5 tid=135 timed_waiting
java.lang.Thread.State: TIMED_WAITING
        at sun.misc.Unsafe.park(Native Method)
        at java.util.concurrent.locks.LockSupport.parkNanos(LockSupport.java:215)
        at java.util.concurrent.locks.AbstractQueuedSynchronizer$ConditionObject.awaitNanos(AbstractQueuedSynchronizer.java:2078)
        at java.util.concurrent.ScheduledThreadPoolExecutor$DelayedWorkQueue.take(ScheduledThreadPoolExecutor.java:1093)
        at java.util.concurrent.ScheduledThreadPoolExecutor$DelayedWorkQueue.take(ScheduledThreadPoolExecutor.java:809)
        at java.util.concurrent.ThreadPoolExecutor.getTask(ThreadPoolExecutor.java:1074)
        at java.util.concurrent.ThreadPoolExecutor.runWorker(ThreadPoolExecutor.java:1134)
        at java.util.concurrent.ThreadPoolExecutor$Worker.run(ThreadPoolExecutor.java:624)
        at java.lang.Thread.run(Thread.java:748)
"IPC Server handler 0 on 35897" daemon prio=5 tid=114 timed_waiting
java.lang.Thread.State: TIMED_WAITING
        at sun.misc.Unsafe.park(Native Method)
        at java.util.concurrent.locks.LockSupport.parkNanos(LockSupport.java:215)
        at java.util.concurrent.locks.AbstractQueuedSynchronizer$ConditionObject.awaitNanos(AbstractQueuedSynchronizer.java:2078)
        at java.util.concurrent.LinkedBlockingQueue.poll(LinkedBlockingQueue.java:467)
        at org.apache.hadoop.ipc.CallQueueManager.take(CallQueueManager.java:288)
        at org.apache.hadoop.ipc.Server$Handler.run(Server.java:2668)
"pool-6-thread-1"  prio=5 tid=26 timed_waiting
java.lang.Thread.State: TIMED_WAITING
        at sun.misc.Unsafe.park(Native Method)
        at java.util.concurrent.locks.LockSupport.parkNanos(LockSupport.java:215)
        at java.util.concurrent.locks.AbstractQueuedSynchronizer$ConditionObject.awaitNanos(AbstractQueuedSynchronizer.java:2078)
        at java.util.concurrent.ScheduledThreadPoolExecutor$DelayedWorkQueue.take(ScheduledThreadPoolExecutor.java:1093)
        at java.util.concurrent.ScheduledThreadPoolExecutor$DelayedWorkQueue.take(ScheduledThreadPoolExecutor.java:809)
        at java.util.concurrent.ThreadPoolExecutor.getTask(ThreadPoolExecutor.java:1074)
        at java.util.concurrent.ThreadPoolExecutor.runWorker(ThreadPoolExecutor.java:1134)
        at java.util.concurrent.ThreadPoolExecutor$Worker.run(ThreadPoolExecutor.java:624)
        at java.lang.Thread.run(Thread.java:748)
"qtp1536399059-193" daemon prio=5 tid=193 timed_waiting
java.lang.Thread.State: TIMED_WAITING
        at sun.misc.Unsafe.park(Native Method)
        at java.util.concurrent.locks.LockSupport.parkNanos(LockSupport.java:215)
        at java.util.concurrent.locks.AbstractQueuedSynchronizer$ConditionObject.awaitNanos(AbstractQueuedSynchronizer.java:2078)
        at org.eclipse.jetty.util.BlockingArrayQueue.poll(BlockingArrayQueue.java:392)
        at org.eclipse.jetty.util.thread.QueuedThreadPool.idleJobPoll(QueuedThreadPool.java:563)
        at org.eclipse.jetty.util.thread.QueuedThreadPool.access$800(QueuedThreadPool.java:48)
        at org.eclipse.jetty.util.thread.QueuedThreadPool$2.run(QueuedThreadPool.java:626)
        at java.lang.Thread.run(Thread.java:748)
"Datanode ReportManager Thread - 0" daemon prio=5 tid=225 timed_waiting
java.lang.Thread.State: TIMED_WAITING
        at sun.misc.Unsafe.park(Native Method)
        at java.util.concurrent.locks.LockSupport.parkNanos(LockSupport.java:215)
        at java.util.concurrent.locks.AbstractQueuedSynchronizer$ConditionObject.awaitNanos(AbstractQueuedSynchronizer.java:2078)
        at java.util.concurrent.ScheduledThreadPoolExecutor$DelayedWorkQueue.take(ScheduledThreadPoolExecutor.java:1093)
        at java.util.concurrent.ScheduledThreadPoolExecutor$DelayedWorkQueue.take(ScheduledThreadPoolExecutor.java:809)
        at java.util.concurrent.ThreadPoolExecutor.getTask(ThreadPoolExecutor.java:1074)
        at java.util.concurrent.ThreadPoolExecutor.runWorker(ThreadPoolExecutor.java:1134)
        at java.util.concurrent.ThreadPoolExecutor$Worker.run(ThreadPoolExecutor.java:624)
        at java.lang.Thread.run(Thread.java:748)
"Periodic HDDS volume checker"  prio=5 tid=152 timed_waiting
java.lang.Thread.State: TIMED_WAITING
        at sun.misc.Unsafe.park(Native Method)
        at java.util.concurrent.locks.LockSupport.parkNanos(LockSupport.java:215)
        at java.util.concurrent.locks.AbstractQueuedSynchronizer$ConditionObject.awaitNanos(AbstractQueuedSynchronizer.java:2078)
        at java.util.concurrent.ScheduledThreadPoolExecutor$DelayedWorkQueue.take(ScheduledThreadPoolExecutor.java:1093)
        at java.util.concurrent.ScheduledThreadPoolExecutor$DelayedWorkQueue.take(ScheduledThreadPoolExecutor.java:809)
        at java.util.concurrent.ThreadPoolExecutor.getTask(ThreadPoolExecutor.java:1074)
        at java.util.concurrent.ThreadPoolExecutor.runWorker(ThreadPoolExecutor.java:1134)
        at java.util.concurrent.ThreadPoolExecutor$Worker.run(ThreadPoolExecutor.java:624)
        at java.lang.Thread.run(Thread.java:748)
"pool-26-thread-57"  prio=5 tid=289 in Object.wait()
java.lang.Thread.State: WAITING (on object monitor)
        at sun.misc.Unsafe.park(Native Method)
        at java.util.concurrent.locks.LockSupport.park(LockSupport.java:175)
        at java.util.concurrent.locks.AbstractQueuedSynchronizer$ConditionObject.await(AbstractQueuedSynchronizer.java:2039)
        at java.util.concurrent.ArrayBlockingQueue.take(ArrayBlockingQueue.java:403)
        at java.util.concurrent.ThreadPoolExecutor.getTask(ThreadPoolExecutor.java:1074)
        at java.util.concurrent.ThreadPoolExecutor.runWorker(ThreadPoolExecutor.java:1134)
        at java.util.concurrent.ThreadPoolExecutor$Worker.run(ThreadPoolExecutor.java:624)
        at java.lang.Thread.run(Thread.java:748)
"IPC Server handler 10 on 40661" daemon prio=5 tid=59 timed_waiting
java.lang.Thread.State: TIMED_WAITING
        at sun.misc.Unsafe.park(Native Method)
        at java.util.concurrent.locks.LockSupport.parkNanos(LockSupport.java:215)
        at java.util.concurrent.locks.AbstractQueuedSynchronizer$ConditionObject.awaitNanos(AbstractQueuedSynchronizer.java:2078)
        at java.util.concurrent.LinkedBlockingQueue.poll(LinkedBlockingQueue.java:467)
        at org.apache.hadoop.ipc.CallQueueManager.take(CallQueueManager.java:288)
        at org.apache.hadoop.ipc.Server$Handler.run(Server.java:2668)
"IPC Server handler 14 on 34353" daemon prio=5 tid=83 timed_waiting
java.lang.Thread.State: TIMED_WAITING
        at sun.misc.Unsafe.park(Native Method)
        at java.util.concurrent.locks.LockSupport.parkNanos(LockSupport.java:215)
        at java.util.concurrent.locks.AbstractQueuedSynchronizer$ConditionObject.awaitNanos(AbstractQueuedSynchronizer.java:2078)
        at java.util.concurrent.LinkedBlockingQueue.poll(LinkedBlockingQueue.java:467)
        at org.apache.hadoop.ipc.CallQueueManager.take(CallQueueManager.java:288)
        at org.apache.hadoop.ipc.Server$Handler.run(Server.java:2668)
"qtp1077873186-93" daemon prio=5 tid=93 timed_waiting
java.lang.Thread.State: TIMED_WAITING
        at sun.misc.Unsafe.park(Native Method)
        at java.util.concurrent.locks.LockSupport.parkNanos(LockSupport.java:215)
        at java.util.concurrent.locks.AbstractQueuedSynchronizer$ConditionObject.awaitNanos(AbstractQueuedSynchronizer.java:2078)
        at org.eclipse.jetty.util.BlockingArrayQueue.poll(BlockingArrayQueue.java:392)
        at org.eclipse.jetty.util.thread.QueuedThreadPool.idleJobPoll(QueuedThreadPool.java:563)
        at org.eclipse.jetty.util.thread.QueuedThreadPool.access$800(QueuedThreadPool.java:48)
        at org.eclipse.jetty.util.thread.QueuedThreadPool$2.run(QueuedThreadPool.java:626)
        at java.lang.Thread.run(Thread.java:748)
"4a03179f-3169-4ac7-a075-259968512ef0@group-83C26644CFDA-SegmentedRaftLogWorker"  prio=5 tid=634 timed_waiting
java.lang.Thread.State: TIMED_WAITING
        at sun.misc.Unsafe.park(Native Method)
        at java.util.concurrent.locks.LockSupport.parkNanos(LockSupport.java:215)
        at java.util.concurrent.locks.AbstractQueuedSynchronizer$ConditionObject.awaitNanos(AbstractQueuedSynchronizer.java:2078)
        at org.apache.ratis.util.DataBlockingQueue.poll(DataBlockingQueue.java:137)
        at org.apache.ratis.server.raftlog.segmented.SegmentedRaftLogWorker.run(SegmentedRaftLogWorker.java:282)
        at java.lang.Thread.run(Thread.java:748)
"pool-26-thread-38"  prio=5 tid=270 in Object.wait()
java.lang.Thread.State: WAITING (on object monitor)
        at sun.misc.Unsafe.park(Native Method)
        at java.util.concurrent.locks.LockSupport.park(LockSupport.java:175)
        at java.util.concurrent.locks.AbstractQueuedSynchronizer$ConditionObject.await(AbstractQueuedSynchronizer.java:2039)
        at java.util.concurrent.ArrayBlockingQueue.take(ArrayBlockingQueue.java:403)
        at java.util.concurrent.ThreadPoolExecutor.getTask(ThreadPoolExecutor.java:1074)
        at java.util.concurrent.ThreadPoolExecutor.runWorker(ThreadPoolExecutor.java:1134)
        at java.util.concurrent.ThreadPoolExecutor$Worker.run(ThreadPoolExecutor.java:624)
        at java.lang.Thread.run(Thread.java:748)
"qtp1077873186-90-acceptor-0@69c03e5e-ServerConnector@4d63b624{HTTP/1.1,[http/1.1]}{0.0.0.0:36973}" daemon prio=3 tid=90 runnable
java.lang.Thread.State: RUNNABLE
        at sun.nio.ch.ServerSocketChannelImpl.accept0(Native Method)
        at sun.nio.ch.ServerSocketChannelImpl.accept(ServerSocketChannelImpl.java:422)
        at sun.nio.ch.ServerSocketChannelImpl.accept(ServerSocketChannelImpl.java:250)
        at org.eclipse.jetty.server.ServerConnector.accept(ServerConnector.java:397)
        at org.eclipse.jetty.server.AbstractConnector$Acceptor.run(AbstractConnector.java:601)
        at org.eclipse.jetty.util.thread.QueuedThreadPool.runJob(QueuedThreadPool.java:671)
        at org.eclipse.jetty.util.thread.QueuedThreadPool$2.run(QueuedThreadPool.java:589)
        at java.lang.Thread.run(Thread.java:748)
"4a03179f-3169-4ac7-a075-259968512ef0@group-2D7F127AF803-SegmentedRaftLogWorker"  prio=5 tid=467 timed_waiting
java.lang.Thread.State: TIMED_WAITING
        at sun.misc.Unsafe.park(Native Method)
        at java.util.concurrent.locks.LockSupport.parkNanos(LockSupport.java:215)
        at java.util.concurrent.locks.AbstractQueuedSynchronizer$ConditionObject.awaitNanos(AbstractQueuedSynchronizer.java:2078)
        at org.apache.ratis.util.DataBlockingQueue.poll(DataBlockingQueue.java:137)
        at org.apache.ratis.server.raftlog.segmented.SegmentedRaftLogWorker.run(SegmentedRaftLogWorker.java:282)
        at java.lang.Thread.run(Thread.java:748)
"metrics-hadoop-metrics2-reporter-9-thread-1" daemon prio=5 tid=460 timed_waiting
java.lang.Thread.State: TIMED_WAITING
        at sun.misc.Unsafe.park(Native Method)
        at java.util.concurrent.locks.LockSupport.parkNanos(LockSupport.java:215)
        at java.util.concurrent.locks.AbstractQueuedSynchronizer$ConditionObject.awaitNanos(AbstractQueuedSynchronizer.java:2078)
        at java.util.concurrent.ScheduledThreadPoolExecutor$DelayedWorkQueue.take(ScheduledThreadPoolExecutor.java:1093)
        at java.util.concurrent.ScheduledThreadPoolExecutor$DelayedWorkQueue.take(ScheduledThreadPoolExecutor.java:809)
        at java.util.concurrent.ThreadPoolExecutor.getTask(ThreadPoolExecutor.java:1074)
        at java.util.concurrent.ThreadPoolExecutor.runWorker(ThreadPoolExecutor.java:1134)
        at java.util.concurrent.ThreadPoolExecutor$Worker.run(ThreadPoolExecutor.java:624)
        at java.lang.Thread.run(Thread.java:748)
"surefire-forkedjvm-command-thread" daemon prio=5 tid=8 runnable
java.lang.Thread.State: RUNNABLE
        at java.io.FileInputStream.readBytes(Native Method)
        at java.io.FileInputStream.read(FileInputStream.java:255)
        at java.io.BufferedInputStream.fill(BufferedInputStream.java:246)
        at java.io.BufferedInputStream.read(BufferedInputStream.java:265)
        at java.io.DataInputStream.readInt(DataInputStream.java:387)
        at org.apache.maven.surefire.booter.MasterProcessCommand.decode(MasterProcessCommand.java:115)
        at org.apache.maven.surefire.booter.CommandReader$CommandRunnable.run(CommandReader.java:390)
        at java.lang.Thread.run(Thread.java:748)
"IPC Server handler 1 on 35897" daemon prio=5 tid=115 timed_waiting
java.lang.Thread.State: TIMED_WAITING
        at sun.misc.Unsafe.park(Native Method)
        at java.util.concurrent.locks.LockSupport.parkNanos(LockSupport.java:215)
        at java.util.concurrent.locks.AbstractQueuedSynchronizer$ConditionObject.awaitNanos(AbstractQueuedSynchronizer.java:2078)
        at java.util.concurrent.LinkedBlockingQueue.poll(LinkedBlockingQueue.java:467)
        at org.apache.hadoop.ipc.CallQueueManager.take(CallQueueManager.java:288)
        at org.apache.hadoop.ipc.Server$Handler.run(Server.java:2668)
"metrics-hadoop-metrics2-reporter-20-thread-1" daemon prio=5 tid=494 timed_waiting
java.lang.Thread.State: TIMED_WAITING
        at sun.misc.Unsafe.park(Native Method)
        at java.util.concurrent.locks.LockSupport.parkNanos(LockSupport.java:215)
        at java.util.concurrent.locks.AbstractQueuedSynchronizer$ConditionObject.awaitNanos(AbstractQueuedSynchronizer.java:2078)
        at java.util.concurrent.ScheduledThreadPoolExecutor$DelayedWorkQueue.take(ScheduledThreadPoolExecutor.java:1093)
        at java.util.concurrent.ScheduledThreadPoolExecutor$DelayedWorkQueue.take(ScheduledThreadPoolExecutor.java:809)
        at java.util.concurrent.ThreadPoolExecutor.getTask(ThreadPoolExecutor.java:1074)
        at java.util.concurrent.ThreadPoolExecutor.runWorker(ThreadPoolExecutor.java:1134)
        at java.util.concurrent.ThreadPoolExecutor$Worker.run(ThreadPoolExecutor.java:624)
        at java.lang.Thread.run(Thread.java:748)
"4a03179f-3169-4ac7-a075-259968512ef0@group-2D7F127AF803-StateMachineUpdater" daemon prio=5 tid=468 in Object.wait()
java.lang.Thread.State: WAITING (on object monitor)
        at java.lang.Object.wait(Native Method)
        at java.lang.Object.wait(Object.java:502)
        at org.apache.ratis.server.impl.StateMachineUpdater.waitForCommit(StateMachineUpdater.java:194)
        at org.apache.ratis.server.impl.StateMachineUpdater.run(StateMachineUpdater.java:159)
        at java.lang.Thread.run(Thread.java:748)
"pool-36-thread-47"  prio=5 tid=339 in Object.wait()
java.lang.Thread.State: WAITING (on object monitor)
        at sun.misc.Unsafe.park(Native Method)
        at java.util.concurrent.locks.LockSupport.park(LockSupport.java:175)
        at java.util.concurrent.locks.AbstractQueuedSynchronizer$ConditionObject.await(AbstractQueuedSynchronizer.java:2039)
        at java.util.concurrent.ArrayBlockingQueue.take(ArrayBlockingQueue.java:403)
        at java.util.concurrent.ThreadPoolExecutor.getTask(ThreadPoolExecutor.java:1074)
        at java.util.concurrent.ThreadPoolExecutor.runWorker(ThreadPoolExecutor.java:1134)
        at java.util.concurrent.ThreadPoolExecutor$Worker.run(ThreadPoolExecutor.java:624)
        at java.lang.Thread.run(Thread.java:748)
"BlockDeletingService#3" daemon prio=5 tid=437 in Object.wait()
java.lang.Thread.State: WAITING (on object monitor)
        at sun.misc.Unsafe.park(Native Method)
        at java.util.concurrent.locks.LockSupport.park(LockSupport.java:175)
        at java.util.concurrent.locks.AbstractQueuedSynchronizer$ConditionObject.await(AbstractQueuedSynchronizer.java:2039)
        at java.util.concurrent.ScheduledThreadPoolExecutor$DelayedWorkQueue.take(ScheduledThreadPoolExecutor.java:1088)
        at java.util.concurrent.ScheduledThreadPoolExecutor$DelayedWorkQueue.take(ScheduledThreadPoolExecutor.java:809)
        at java.util.concurrent.ThreadPoolExecutor.getTask(ThreadPoolExecutor.java:1074)
        at java.util.concurrent.ThreadPoolExecutor.runWorker(ThreadPoolExecutor.java:1134)
        at java.util.concurrent.ThreadPoolExecutor$Worker.run(ThreadPoolExecutor.java:624)
        at java.lang.Thread.run(Thread.java:748)
"refreshUsed-/workdir/hadoop-ozone/integration-test/target/test-dir/MiniOzoneClusterImpl-c59fee7e-17c5-4f17-b61a-b44f1b433ee8/datanode-1/data/containers" daemon prio=5 tid=181 timed_waiting
java.lang.Thread.State: TIMED_WAITING
        at java.lang.Thread.sleep(Native Method)
        at org.apache.hadoop.fs.CachingGetSpaceUsed$RefreshThread.run(CachingGetSpaceUsed.java:179)
        at java.lang.Thread.run(Thread.java:748)
"IPC Server handler 0 on 33987" daemon prio=5 tid=29 timed_waiting
java.lang.Thread.State: TIMED_WAITING
        at sun.misc.Unsafe.park(Native Method)
        at java.util.concurrent.locks.LockSupport.parkNanos(LockSupport.java:215)
        at java.util.concurrent.locks.AbstractQueuedSynchronizer$ConditionObject.awaitNanos(AbstractQueuedSynchronizer.java:2078)
        at java.util.concurrent.LinkedBlockingQueue.poll(LinkedBlockingQueue.java:467)
        at org.apache.hadoop.ipc.CallQueueManager.take(CallQueueManager.java:288)
        at org.apache.hadoop.ipc.Server$Handler.run(Server.java:2668)
"metrics-hadoop-metrics2-reporter-8-thread-1" daemon prio=5 tid=458 timed_waiting
java.lang.Thread.State: TIMED_WAITING
        at sun.misc.Unsafe.park(Native Method)
        at java.util.concurrent.locks.LockSupport.parkNanos(LockSupport.java:215)
        at java.util.concurrent.locks.AbstractQueuedSynchronizer$ConditionObject.awaitNanos(AbstractQueuedSynchronizer.java:2078)
        at java.util.concurrent.ScheduledThreadPoolExecutor$DelayedWorkQueue.take(ScheduledThreadPoolExecutor.java:1093)
        at java.util.concurrent.ScheduledThreadPoolExecutor$DelayedWorkQueue.take(ScheduledThreadPoolExecutor.java:809)
        at java.util.concurrent.ThreadPoolExecutor.getTask(ThreadPoolExecutor.java:1074)
        at java.util.concurrent.ThreadPoolExecutor.runWorker(ThreadPoolExecutor.java:1134)
        at java.util.concurrent.ThreadPoolExecutor$Worker.run(ThreadPoolExecutor.java:624)
        at java.lang.Thread.run(Thread.java:748)
"grpc-default-executor-5" daemon prio=5 tid=547 timed_waiting
java.lang.Thread.State: TIMED_WAITING
        at sun.misc.Unsafe.park(Native Method)
        at java.util.concurrent.locks.LockSupport.parkNanos(LockSupport.java:215)
        at java.util.concurrent.SynchronousQueue$TransferStack.awaitFulfill(SynchronousQueue.java:460)
        at java.util.concurrent.SynchronousQueue$TransferStack.transfer(SynchronousQueue.java:362)
        at java.util.concurrent.SynchronousQueue.poll(SynchronousQueue.java:941)
        at java.util.concurrent.ThreadPoolExecutor.getTask(ThreadPoolExecutor.java:1073)
        at java.util.concurrent.ThreadPoolExecutor.runWorker(ThreadPoolExecutor.java:1134)
        at java.util.concurrent.ThreadPoolExecutor$Worker.run(ThreadPoolExecutor.java:624)
        at java.lang.Thread.run(Thread.java:748)
"pool-46-thread-41"  prio=5 tid=393 in Object.wait()
java.lang.Thread.State: WAITING (on object monitor)
        at sun.misc.Unsafe.park(Native Method)
        at java.util.concurrent.locks.LockSupport.park(LockSupport.java:175)
        at java.util.concurrent.locks.AbstractQueuedSynchronizer$ConditionObject.await(AbstractQueuedSynchronizer.java:2039)
        at java.util.concurrent.ArrayBlockingQueue.take(ArrayBlockingQueue.java:403)
        at java.util.concurrent.ThreadPoolExecutor.getTask(ThreadPoolExecutor.java:1074)
        at java.util.concurrent.ThreadPoolExecutor.runWorker(ThreadPoolExecutor.java:1134)
        at java.util.concurrent.ThreadPoolExecutor$Worker.run(ThreadPoolExecutor.java:624)
        at java.lang.Thread.run(Thread.java:748)
"IPC Server idle connection scanner for port 40661" daemon prio=5 tid=20 timed_waiting
java.lang.Thread.State: TIMED_WAITING
        at java.lang.Object.wait(Native Method)
        at java.util.TimerThread.mainLoop(Timer.java:552)
        at java.util.TimerThread.run(Timer.java:505)
"pool-36-thread-35"  prio=5 tid=327 in Object.wait()
java.lang.Thread.State: WAITING (on object monitor)
        at sun.misc.Unsafe.park(Native Method)
        at java.util.concurrent.locks.LockSupport.park(LockSupport.java:175)
        at java.util.concurrent.locks.AbstractQueuedSynchronizer$ConditionObject.await(AbstractQueuedSynchronizer.java:2039)
        at java.util.concurrent.ArrayBlockingQueue.take(ArrayBlockingQueue.java:403)
        at java.util.concurrent.ThreadPoolExecutor.getTask(ThreadPoolExecutor.java:1074)
        at java.util.concurrent.ThreadPoolExecutor.runWorker(ThreadPoolExecutor.java:1134)
        at java.util.concurrent.ThreadPoolExecutor$Worker.run(ThreadPoolExecutor.java:624)
        at java.lang.Thread.run(Thread.java:748)
"IPC Server handler 14 on 40661" daemon prio=5 tid=63 timed_waiting
java.lang.Thread.State: TIMED_WAITING
        at sun.misc.Unsafe.park(Native Method)
        at java.util.concurrent.locks.LockSupport.parkNanos(LockSupport.java:215)
        at java.util.concurrent.locks.AbstractQueuedSynchronizer$ConditionObject.awaitNanos(AbstractQueuedSynchronizer.java:2078)
        at java.util.concurrent.LinkedBlockingQueue.poll(LinkedBlockingQueue.java:467)
        at org.apache.hadoop.ipc.CallQueueManager.take(CallQueueManager.java:288)
        at org.apache.hadoop.ipc.Server$Handler.run(Server.java:2668)
"IPC Server handler 18 on 40661" daemon prio=5 tid=67 timed_waiting
java.lang.Thread.State: TIMED_WAITING
        at sun.misc.Unsafe.park(Native Method)
        at java.util.concurrent.locks.LockSupport.parkNanos(LockSupport.java:215)
        at java.util.concurrent.locks.AbstractQueuedSynchronizer$ConditionObject.awaitNanos(AbstractQueuedSynchronizer.java:2078)
        at java.util.concurrent.LinkedBlockingQueue.poll(LinkedBlockingQueue.java:467)
        at org.apache.hadoop.ipc.CallQueueManager.take(CallQueueManager.java:288)
        at org.apache.hadoop.ipc.Server$Handler.run(Server.java:2668)
"qtp1536399059-186" daemon prio=5 tid=186 runnable
java.lang.Thread.State: RUNNABLE
        at sun.nio.ch.EPollArrayWrapper.epollWait(Native Method)
        at sun.nio.ch.EPollArrayWrapper.poll(EPollArrayWrapper.java:269)
        at sun.nio.ch.EPollSelectorImpl.doSelect(EPollSelectorImpl.java:93)
        at sun.nio.ch.SelectorImpl.lockAndDoSelect(SelectorImpl.java:86)
        at sun.nio.ch.SelectorImpl.select(SelectorImpl.java:97)
        at sun.nio.ch.SelectorImpl.select(SelectorImpl.java:101)
        at org.eclipse.jetty.io.ManagedSelector$SelectorProducer.select(ManagedSelector.java:243)
        at org.eclipse.jetty.io.ManagedSelector$SelectorProducer.produce(ManagedSelector.java:191)
        at org.eclipse.jetty.util.thread.strategy.ExecuteProduceConsume.executeProduceConsume(ExecuteProduceConsume.java:249)
        at org.eclipse.jetty.util.thread.strategy.ExecuteProduceConsume.produceConsume(ExecuteProduceConsume.java:148)
        at org.eclipse.jetty.util.thread.strategy.ExecuteProduceConsume.execute(ExecuteProduceConsume.java:100)
        at org.eclipse.jetty.io.ManagedSelector.run(ManagedSelector.java:147)
        at org.eclipse.jetty.util.thread.QueuedThreadPool.runJob(QueuedThreadPool.java:671)
        at org.eclipse.jetty.util.thread.QueuedThreadPool$2.run(QueuedThreadPool.java:589)
        at java.lang.Thread.run(Thread.java:748)
"pool-26-thread-32"  prio=5 tid=264 in Object.wait()
java.lang.Thread.State: WAITING (on object monitor)
        at sun.misc.Unsafe.park(Native Method)
        at java.util.concurrent.locks.LockSupport.park(LockSupport.java:175)
        at java.util.concurrent.locks.AbstractQueuedSynchronizer$ConditionObject.await(AbstractQueuedSynchronizer.java:2039)
        at java.util.concurrent.ArrayBlockingQueue.take(ArrayBlockingQueue.java:403)
        at java.util.concurrent.ThreadPoolExecutor.getTask(ThreadPoolExecutor.java:1074)
        at java.util.concurrent.ThreadPoolExecutor.runWorker(ThreadPoolExecutor.java:1134)
        at java.util.concurrent.ThreadPoolExecutor$Worker.run(ThreadPoolExecutor.java:624)
        at java.lang.Thread.run(Thread.java:748)
"pool-26-thread-17"  prio=5 tid=249 in Object.wait()
java.lang.Thread.State: WAITING (on object monitor)
        at sun.misc.Unsafe.park(Native Method)
        at java.util.concurrent.locks.LockSupport.park(LockSupport.java:175)
        at java.util.concurrent.locks.AbstractQueuedSynchronizer$ConditionObject.await(AbstractQueuedSynchronizer.java:2039)
        at java.util.concurrent.ArrayBlockingQueue.take(ArrayBlockingQueue.java:403)
        at java.util.concurrent.ThreadPoolExecutor.getTask(ThreadPoolExecutor.java:1074)
        at java.util.concurrent.ThreadPoolExecutor.runWorker(ThreadPoolExecutor.java:1134)
        at java.util.concurrent.ThreadPoolExecutor$Worker.run(ThreadPoolExecutor.java:624)
        at java.lang.Thread.run(Thread.java:748)
"IPC Server handler 2 on 33987" daemon prio=5 tid=31 timed_waiting
java.lang.Thread.State: TIMED_WAITING
        at sun.misc.Unsafe.park(Native Method)
        at java.util.concurrent.locks.LockSupport.parkNanos(LockSupport.java:215)
        at java.util.concurrent.locks.AbstractQueuedSynchronizer$ConditionObject.awaitNanos(AbstractQueuedSynchronizer.java:2078)
        at java.util.concurrent.LinkedBlockingQueue.poll(LinkedBlockingQueue.java:467)
        at org.apache.hadoop.ipc.CallQueueManager.take(CallQueueManager.java:288)
        at org.apache.hadoop.ipc.Server$Handler.run(Server.java:2668)
"Periodic HDDS volume checker"  prio=5 tid=178 timed_waiting
java.lang.Thread.State: TIMED_WAITING
        at sun.misc.Unsafe.park(Native Method)
        at java.util.concurrent.locks.LockSupport.parkNanos(LockSupport.java:215)
        at java.util.concurrent.locks.AbstractQueuedSynchronizer$ConditionObject.awaitNanos(AbstractQueuedSynchronizer.java:2078)
        at java.util.concurrent.ScheduledThreadPoolExecutor$DelayedWorkQueue.take(ScheduledThreadPoolExecutor.java:1093)
        at java.util.concurrent.ScheduledThreadPoolExecutor$DelayedWorkQueue.take(ScheduledThreadPoolExecutor.java:809)
        at java.util.concurrent.ThreadPoolExecutor.getTask(ThreadPoolExecutor.java:1074)
        at java.util.concurrent.ThreadPoolExecutor.runWorker(ThreadPoolExecutor.java:1134)
        at java.util.concurrent.ThreadPoolExecutor$Worker.run(ThreadPoolExecutor.java:624)
        at java.lang.Thread.run(Thread.java:748)
"IPC Server listener on 34353" daemon prio=5 tid=14 runnable
java.lang.Thread.State: RUNNABLE
        at sun.nio.ch.EPollArrayWrapper.epollWait(Native Method)
        at sun.nio.ch.EPollArrayWrapper.poll(EPollArrayWrapper.java:269)
        at sun.nio.ch.EPollSelectorImpl.doSelect(EPollSelectorImpl.java:93)
        at sun.nio.ch.SelectorImpl.lockAndDoSelect(SelectorImpl.java:86)
        at sun.nio.ch.SelectorImpl.select(SelectorImpl.java:97)
        at sun.nio.ch.SelectorImpl.select(SelectorImpl.java:101)
        at org.apache.hadoop.ipc.Server$Listener.run(Server.java:1159)
"Datanode ReportManager Thread - 1" daemon prio=5 tid=172 in Object.wait()
java.lang.Thread.State: WAITING (on object monitor)
        at sun.misc.Unsafe.park(Native Method)
        at java.util.concurrent.locks.LockSupport.park(LockSupport.java:175)
        at java.util.concurrent.locks.AbstractQueuedSynchronizer$ConditionObject.await(AbstractQueuedSynchronizer.java:2039)
        at java.util.concurrent.ScheduledThreadPoolExecutor$DelayedWorkQueue.take(ScheduledThreadPoolExecutor.java:1088)
        at java.util.concurrent.ScheduledThreadPoolExecutor$DelayedWorkQueue.take(ScheduledThreadPoolExecutor.java:809)
        at java.util.concurrent.ThreadPoolExecutor.getTask(ThreadPoolExecutor.java:1074)
        at java.util.concurrent.ThreadPoolExecutor.runWorker(ThreadPoolExecutor.java:1134)
        at java.util.concurrent.ThreadPoolExecutor$Worker.run(ThreadPoolExecutor.java:624)
        at java.lang.Thread.run(Thread.java:748)
"pool-36-thread-18"  prio=5 tid=310 in Object.wait()
java.lang.Thread.State: WAITING (on object monitor)
        at sun.misc.Unsafe.park(Native Method)
        at java.util.concurrent.locks.LockSupport.park(LockSupport.java:175)
        at java.util.concurrent.locks.AbstractQueuedSynchronizer$ConditionObject.await(AbstractQueuedSynchronizer.java:2039)
        at java.util.concurrent.ArrayBlockingQueue.take(ArrayBlockingQueue.java:403)
        at java.util.concurrent.ThreadPoolExecutor.getTask(ThreadPoolExecutor.java:1074)
        at java.util.concurrent.ThreadPoolExecutor.runWorker(ThreadPoolExecutor.java:1134)
        at java.util.concurrent.ThreadPoolExecutor$Worker.run(ThreadPoolExecutor.java:624)
        at java.lang.Thread.run(Thread.java:748)
"grpc-default-worker-ELG-3-4" daemon prio=5 tid=439 runnable
java.lang.Thread.State: RUNNABLE
        at sun.nio.ch.EPollArrayWrapper.epollWait(Native Method)
        at sun.nio.ch.EPollArrayWrapper.poll(EPollArrayWrapper.java:269)
        at sun.nio.ch.EPollSelectorImpl.doSelect(EPollSelectorImpl.java:93)
        at sun.nio.ch.SelectorImpl.lockAndDoSelect(SelectorImpl.java:86)
        at sun.nio.ch.SelectorImpl.select(SelectorImpl.java:97)
        at org.apache.ratis.thirdparty.io.netty.channel.nio.SelectedSelectionKeySetSelector.select(SelectedSelectionKeySetSelector.java:62)
        at org.apache.ratis.thirdparty.io.netty.channel.nio.NioEventLoop.select(NioEventLoop.java:753)
        at org.apache.ratis.thirdparty.io.netty.channel.nio.NioEventLoop.run(NioEventLoop.java:408)
        at org.apache.ratis.thirdparty.io.netty.util.concurrent.SingleThreadEventExecutor$5.run(SingleThreadEventExecutor.java:897)
        at org.apache.ratis.thirdparty.io.netty.util.concurrent.FastThreadLocalRunnable.run(FastThreadLocalRunnable.java:30)
        at java.lang.Thread.run(Thread.java:748)
"org.eclipse.jetty.server.session.HashSessionManager@60bbacfcTimer" daemon prio=5 tid=222 timed_waiting
java.lang.Thread.State: TIMED_WAITING
        at sun.misc.Unsafe.park(Native Method)
        at java.util.concurrent.locks.LockSupport.parkNanos(LockSupport.java:215)
        at java.util.concurrent.locks.AbstractQueuedSynchronizer$ConditionObject.awaitNanos(AbstractQueuedSynchronizer.java:2078)
        at java.util.concurrent.ScheduledThreadPoolExecutor$DelayedWorkQueue.take(ScheduledThreadPoolExecutor.java:1093)
        at java.util.concurrent.ScheduledThreadPoolExecutor$DelayedWorkQueue.take(ScheduledThreadPoolExecutor.java:809)
        at java.util.concurrent.ThreadPoolExecutor.getTask(ThreadPoolExecutor.java:1074)
        at java.util.concurrent.ThreadPoolExecutor.runWorker(ThreadPoolExecutor.java:1134)
        at java.util.concurrent.ThreadPoolExecutor$Worker.run(ThreadPoolExecutor.java:624)
        at java.lang.Thread.run(Thread.java:748)
"IPC Server handler 11 on 34353" daemon prio=5 tid=80 timed_waiting
java.lang.Thread.State: TIMED_WAITING
        at sun.misc.Unsafe.park(Native Method)
        at java.util.concurrent.locks.LockSupport.parkNanos(LockSupport.java:215)
        at java.util.concurrent.locks.AbstractQueuedSynchronizer$ConditionObject.awaitNanos(AbstractQueuedSynchronizer.java:2078)
        at java.util.concurrent.LinkedBlockingQueue.poll(LinkedBlockingQueue.java:467)
        at org.apache.hadoop.ipc.CallQueueManager.take(CallQueueManager.java:288)
        at org.apache.hadoop.ipc.Server$Handler.run(Server.java:2668)
"0aa3649f-570d-46c6-937f-492d7f3a8364@group-360612460FAC-StateMachineUpdater" daemon prio=5 tid=443 in Object.wait()
java.lang.Thread.State: WAITING (on object monitor)
        at java.lang.Object.wait(Native Method)
        at java.lang.Object.wait(Object.java:502)
        at org.apache.ratis.server.impl.StateMachineUpdater.waitForCommit(StateMachineUpdater.java:194)
        at org.apache.ratis.server.impl.StateMachineUpdater.run(StateMachineUpdater.java:159)
        at java.lang.Thread.run(Thread.java:748)
"org.apache.hadoop.util.JvmPauseMonitor$Monitor@251ba11" daemon prio=5 tid=176 timed_waiting
java.lang.Thread.State: TIMED_WAITING
        at java.lang.Thread.sleep(Native Method)
        at org.apache.hadoop.util.JvmPauseMonitor$Monitor.run(JvmPauseMonitor.java:192)
        at java.lang.Thread.run(Thread.java:748)
"BlockDeletingService#7" daemon prio=5 tid=718 in Object.wait()
java.lang.Thread.State: WAITING (on object monitor)
        at sun.misc.Unsafe.park(Native Method)
        at java.util.concurrent.locks.LockSupport.park(LockSupport.java:175)
        at java.util.concurrent.locks.AbstractQueuedSynchronizer$ConditionObject.await(AbstractQueuedSynchronizer.java:2039)
        at java.util.concurrent.ScheduledThreadPoolExecutor$DelayedWorkQueue.take(ScheduledThreadPoolExecutor.java:1088)
        at java.util.concurrent.ScheduledThreadPoolExecutor$DelayedWorkQueue.take(ScheduledThreadPoolExecutor.java:809)
        at java.util.concurrent.ThreadPoolExecutor.getTask(ThreadPoolExecutor.java:1074)
        at java.util.concurrent.ThreadPoolExecutor.runWorker(ThreadPoolExecutor.java:1134)
        at java.util.concurrent.ThreadPoolExecutor$Worker.run(ThreadPoolExecutor.java:624)
        at java.lang.Thread.run(Thread.java:748)
"grpc-default-executor-0" daemon prio=5 tid=433 timed_waiting
java.lang.Thread.State: TIMED_WAITING
        at sun.misc.Unsafe.park(Native Method)
        at java.util.concurrent.locks.LockSupport.parkNanos(LockSupport.java:215)
        at java.util.concurrent.SynchronousQueue$TransferStack.awaitFulfill(SynchronousQueue.java:460)
        at java.util.concurrent.SynchronousQueue$TransferStack.transfer(SynchronousQueue.java:362)
        at java.util.concurrent.SynchronousQueue.poll(SynchronousQueue.java:941)
        at java.util.concurrent.ThreadPoolExecutor.getTask(ThreadPoolExecutor.java:1073)
        at java.util.concurrent.ThreadPoolExecutor.runWorker(ThreadPoolExecutor.java:1134)
        at java.util.concurrent.ThreadPoolExecutor$Worker.run(ThreadPoolExecutor.java:624)
        at java.lang.Thread.run(Thread.java:748)
"pool-26-thread-27"  prio=5 tid=259 in Object.wait()
java.lang.Thread.State: WAITING (on object monitor)
        at sun.misc.Unsafe.park(Native Method)
        at java.util.concurrent.locks.LockSupport.park(LockSupport.java:175)
        at java.util.concurrent.locks.AbstractQueuedSynchronizer$ConditionObject.await(AbstractQueuedSynchronizer.java:2039)
        at java.util.concurrent.ArrayBlockingQueue.take(ArrayBlockingQueue.java:403)
        at java.util.concurrent.ThreadPoolExecutor.getTask(ThreadPoolExecutor.java:1074)
        at java.util.concurrent.ThreadPoolExecutor.runWorker(ThreadPoolExecutor.java:1134)
        at java.util.concurrent.ThreadPoolExecutor$Worker.run(ThreadPoolExecutor.java:624)
        at java.lang.Thread.run(Thread.java:748)
"pool-47-thread-1"  prio=5 tid=452 in Object.wait()
java.lang.Thread.State: WAITING (on object monitor)
        at sun.misc.Unsafe.park(Native Method)
        at java.util.concurrent.locks.LockSupport.park(LockSupport.java:175)
        at java.util.concurrent.locks.AbstractQueuedSynchronizer$ConditionObject.await(AbstractQueuedSynchronizer.java:2039)
        at java.util.concurrent.LinkedBlockingQueue.take(LinkedBlockingQueue.java:442)
        at java.util.concurrent.ThreadPoolExecutor.getTask(ThreadPoolExecutor.java:1074)
        at java.util.concurrent.ThreadPoolExecutor.runWorker(ThreadPoolExecutor.java:1134)
        at java.util.concurrent.ThreadPoolExecutor$Worker.run(ThreadPoolExecutor.java:624)
        at java.lang.Thread.run(Thread.java:748)
"0aa3649f-570d-46c6-937f-492d7f3a8364@group-360612460FAC-SegmentedRaftLogWorker"  prio=5 tid=442 timed_waiting
java.lang.Thread.State: TIMED_WAITING
        at sun.misc.Unsafe.park(Native Method)
        at java.util.concurrent.locks.LockSupport.parkNanos(LockSupport.java:215)
        at java.util.concurrent.locks.AbstractQueuedSynchronizer$ConditionObject.awaitNanos(AbstractQueuedSynchronizer.java:2078)
        at org.apache.ratis.util.DataBlockingQueue.poll(DataBlockingQueue.java:137)
        at org.apache.ratis.server.raftlog.segmented.SegmentedRaftLogWorker.run(SegmentedRaftLogWorker.java:282)
        at java.lang.Thread.run(Thread.java:748)
"qtp520082748-213" daemon prio=5 tid=213 runnable
java.lang.Thread.State: RUNNABLE
        at sun.nio.ch.EPollArrayWrapper.epollWait(Native Method)
        at sun.nio.ch.EPollArrayWrapper.poll(EPollArrayWrapper.java:269)
        at sun.nio.ch.EPollSelectorImpl.doSelect(EPollSelectorImpl.java:93)
        at sun.nio.ch.SelectorImpl.lockAndDoSelect(SelectorImpl.java:86)
        at sun.nio.ch.SelectorImpl.select(SelectorImpl.java:97)
        at sun.nio.ch.SelectorImpl.select(SelectorImpl.java:101)
        at org.eclipse.jetty.io.ManagedSelector$SelectorProducer.select(ManagedSelector.java:243)
        at org.eclipse.jetty.io.ManagedSelector$SelectorProducer.produce(ManagedSelector.java:191)
        at org.eclipse.jetty.util.thread.strategy.ExecuteProduceConsume.executeProduceConsume(ExecuteProduceConsume.java:249)
        at org.eclipse.jetty.util.thread.strategy.ExecuteProduceConsume.produceConsume(ExecuteProduceConsume.java:148)
        at org.eclipse.jetty.util.thread.strategy.ExecuteProduceConsume.execute(ExecuteProduceConsume.java:100)
        at org.eclipse.jetty.io.ManagedSelector.run(ManagedSelector.java:147)
        at org.eclipse.jetty.util.thread.QueuedThreadPool.runJob(QueuedThreadPool.java:671)
        at org.eclipse.jetty.util.thread.QueuedThreadPool$2.run(QueuedThreadPool.java:589)
        at java.lang.Thread.run(Thread.java:748)
"IPC Server handler 6 on 35897" daemon prio=5 tid=121 timed_waiting
java.lang.Thread.State: TIMED_WAITING
        at sun.misc.Unsafe.park(Native Method)
        at java.util.concurrent.locks.LockSupport.parkNanos(LockSupport.java:215)
        at java.util.concurrent.locks.AbstractQueuedSynchronizer$ConditionObject.awaitNanos(AbstractQueuedSynchronizer.java:2078)
        at java.util.concurrent.LinkedBlockingQueue.poll(LinkedBlockingQueue.java:467)
        at org.apache.hadoop.ipc.CallQueueManager.take(CallQueueManager.java:288)
        at org.apache.hadoop.ipc.Server$Handler.run(Server.java:2668)
"IPC Server handler 9 on 35897" daemon prio=5 tid=124 timed_waiting
java.lang.Thread.State: TIMED_WAITING
        at sun.misc.Unsafe.park(Native Method)
        at java.util.concurrent.locks.LockSupport.parkNanos(LockSupport.java:215)
        at java.util.concurrent.locks.AbstractQueuedSynchronizer$ConditionObject.awaitNanos(AbstractQueuedSynchronizer.java:2078)
        at java.util.concurrent.LinkedBlockingQueue.poll(LinkedBlockingQueue.java:467)
        at org.apache.hadoop.ipc.CallQueueManager.take(CallQueueManager.java:288)
        at org.apache.hadoop.ipc.Server$Handler.run(Server.java:2668)
"org.eclipse.jetty.server.session.HashSessionManager@26c47874Timer" daemon prio=5 tid=221 timed_waiting
java.lang.Thread.State: TIMED_WAITING
        at sun.misc.Unsafe.park(Native Method)
        at java.util.concurrent.locks.LockSupport.parkNanos(LockSupport.java:215)
        at java.util.concurrent.locks.AbstractQueuedSynchronizer$ConditionObject.awaitNanos(AbstractQueuedSynchronizer.java:2078)
        at java.util.concurrent.ScheduledThreadPoolExecutor$DelayedWorkQueue.take(ScheduledThreadPoolExecutor.java:1093)
        at java.util.concurrent.ScheduledThreadPoolExecutor$DelayedWorkQueue.take(ScheduledThreadPoolExecutor.java:809)
        at java.util.concurrent.ThreadPoolExecutor.getTask(ThreadPoolExecutor.java:1074)
        at java.util.concurrent.ThreadPoolExecutor.runWorker(ThreadPoolExecutor.java:1134)
        at java.util.concurrent.ThreadPoolExecutor$Worker.run(ThreadPoolExecutor.java:624)
        at java.lang.Thread.run(Thread.java:748)
"BlockDeletingService#8" daemon prio=5 tid=750 in Object.wait()
java.lang.Thread.State: WAITING (on object monitor)
        at sun.misc.Unsafe.park(Native Method)
        at java.util.concurrent.locks.LockSupport.park(LockSupport.java:175)
        at java.util.concurrent.locks.AbstractQueuedSynchronizer$ConditionObject.await(AbstractQueuedSynchronizer.java:2039)
        at java.util.concurrent.ScheduledThreadPoolExecutor$DelayedWorkQueue.take(ScheduledThreadPoolExecutor.java:1088)
        at java.util.concurrent.ScheduledThreadPoolExecutor$DelayedWorkQueue.take(ScheduledThreadPoolExecutor.java:809)
        at java.util.concurrent.ThreadPoolExecutor.getTask(ThreadPoolExecutor.java:1074)
        at java.util.concurrent.ThreadPoolExecutor.runWorker(ThreadPoolExecutor.java:1134)
        at java.util.concurrent.ThreadPoolExecutor$Worker.run(ThreadPoolExecutor.java:624)
        at java.lang.Thread.run(Thread.java:748)
"pool-36-thread-39"  prio=5 tid=331 in Object.wait()
java.lang.Thread.State: WAITING (on object monitor)
        at sun.misc.Unsafe.park(Native Method)
        at java.util.concurrent.locks.LockSupport.park(LockSupport.java:175)
        at java.util.concurrent.locks.AbstractQueuedSynchronizer$ConditionObject.await(AbstractQueuedSynchronizer.java:2039)
        at java.util.concurrent.ArrayBlockingQueue.take(ArrayBlockingQueue.java:403)
        at java.util.concurrent.ThreadPoolExecutor.getTask(ThreadPoolExecutor.java:1074)
        at java.util.concurrent.ThreadPoolExecutor.runWorker(ThreadPoolExecutor.java:1134)
        at java.util.concurrent.ThreadPoolExecutor$Worker.run(ThreadPoolExecutor.java:624)
        at java.lang.Thread.run(Thread.java:748)
"Datanode ReportManager Thread - 0" daemon prio=5 tid=198 in Object.wait()
java.lang.Thread.State: WAITING (on object monitor)
        at sun.misc.Unsafe.park(Native Method)
        at java.util.concurrent.locks.LockSupport.park(LockSupport.java:175)
        at java.util.concurrent.locks.AbstractQueuedSynchronizer$ConditionObject.await(AbstractQueuedSynchronizer.java:2039)
        at java.util.concurrent.ScheduledThreadPoolExecutor$DelayedWorkQueue.take(ScheduledThreadPoolExecutor.java:1088)
        at java.util.concurrent.ScheduledThreadPoolExecutor$DelayedWorkQueue.take(ScheduledThreadPoolExecutor.java:809)
        at java.util.concurrent.ThreadPoolExecutor.getTask(ThreadPoolExecutor.java:1074)
        at java.util.concurrent.ThreadPoolExecutor.runWorker(ThreadPoolExecutor.java:1134)
        at java.util.concurrent.ThreadPoolExecutor$Worker.run(ThreadPoolExecutor.java:624)
        at java.lang.Thread.run(Thread.java:748)
"pool-46-thread-15"  prio=5 tid=367 in Object.wait()
java.lang.Thread.State: WAITING (on object monitor)
        at sun.misc.Unsafe.park(Native Method)
        at java.util.concurrent.locks.LockSupport.park(LockSupport.java:175)
        at java.util.concurrent.locks.AbstractQueuedSynchronizer$ConditionObject.await(AbstractQueuedSynchronizer.java:2039)
        at java.util.concurrent.ArrayBlockingQueue.take(ArrayBlockingQueue.java:403)
        at java.util.concurrent.ThreadPoolExecutor.getTask(ThreadPoolExecutor.java:1074)
        at java.util.concurrent.ThreadPoolExecutor.runWorker(ThreadPoolExecutor.java:1134)
        at java.util.concurrent.ThreadPoolExecutor$Worker.run(ThreadPoolExecutor.java:624)
        at java.lang.Thread.run(Thread.java:748)
"IPC Server handler 5 on 33987" daemon prio=5 tid=34 timed_waiting
java.lang.Thread.State: TIMED_WAITING
        at sun.misc.Unsafe.park(Native Method)
        at java.util.concurrent.locks.LockSupport.parkNanos(LockSupport.java:215)
        at java.util.concurrent.locks.AbstractQueuedSynchronizer$ConditionObject.awaitNanos(AbstractQueuedSynchronizer.java:2078)
        at java.util.concurrent.LinkedBlockingQueue.poll(LinkedBlockingQueue.java:467)
        at org.apache.hadoop.ipc.CallQueueManager.take(CallQueueManager.java:288)
        at org.apache.hadoop.ipc.Server$Handler.run(Server.java:2668)
"qtp1471800355-137-acceptor-0@58b1d69b-ServerConnector@1bcb79c2{HTTP/1.1,[http/1.1]}{0.0.0.0:39393}" daemon prio=3 tid=137 runnable
java.lang.Thread.State: RUNNABLE
        at sun.nio.ch.ServerSocketChannelImpl.accept0(Native Method)
        at sun.nio.ch.ServerSocketChannelImpl.accept(ServerSocketChannelImpl.java:422)
        at sun.nio.ch.ServerSocketChannelImpl.accept(ServerSocketChannelImpl.java:250)
        at org.eclipse.jetty.server.ServerConnector.accept(ServerConnector.java:397)
        at org.eclipse.jetty.server.AbstractConnector$Acceptor.run(AbstractConnector.java:601)
        at org.eclipse.jetty.util.thread.QueuedThreadPool.runJob(QueuedThreadPool.java:671)
        at org.eclipse.jetty.util.thread.QueuedThreadPool$2.run(QueuedThreadPool.java:589)
        at java.lang.Thread.run(Thread.java:748)
"pool-46-thread-11"  prio=5 tid=363 in Object.wait()
java.lang.Thread.State: WAITING (on object monitor)
        at sun.misc.Unsafe.park(Native Method)
        at java.util.concurrent.locks.LockSupport.park(LockSupport.java:175)
        at java.util.concurrent.locks.AbstractQueuedSynchronizer$ConditionObject.await(AbstractQueuedSynchronizer.java:2039)
        at java.util.concurrent.ArrayBlockingQueue.take(ArrayBlockingQueue.java:403)
        at java.util.concurrent.ThreadPoolExecutor.getTask(ThreadPoolExecutor.java:1074)
        at java.util.concurrent.ThreadPoolExecutor.runWorker(ThreadPoolExecutor.java:1134)
        at java.util.concurrent.ThreadPoolExecutor$Worker.run(ThreadPoolExecutor.java:624)
        at java.lang.Thread.run(Thread.java:748)
"org.apache.hadoop.util.JvmPauseMonitor$Monitor@6fa05773" daemon prio=5 tid=230 timed_waiting
java.lang.Thread.State: TIMED_WAITING
        at java.lang.Thread.sleep(Native Method)
        at org.apache.hadoop.util.JvmPauseMonitor$Monitor.run(JvmPauseMonitor.java:192)
        at java.lang.Thread.run(Thread.java:748)
"BlockDeletingService#8" daemon prio=5 tid=749 in Object.wait()
java.lang.Thread.State: WAITING (on object monitor)
        at sun.misc.Unsafe.park(Native Method)
        at java.util.concurrent.locks.LockSupport.park(LockSupport.java:175)
        at java.util.concurrent.locks.AbstractQueuedSynchronizer$ConditionObject.await(AbstractQueuedSynchronizer.java:2039)
        at java.util.concurrent.ScheduledThreadPoolExecutor$DelayedWorkQueue.take(ScheduledThreadPoolExecutor.java:1088)
        at java.util.concurrent.ScheduledThreadPoolExecutor$DelayedWorkQueue.take(ScheduledThreadPoolExecutor.java:809)
        at java.util.concurrent.ThreadPoolExecutor.getTask(ThreadPoolExecutor.java:1074)
        at java.util.concurrent.ThreadPoolExecutor.runWorker(ThreadPoolExecutor.java:1134)
        at java.util.concurrent.ThreadPoolExecutor$Worker.run(ThreadPoolExecutor.java:624)
        at java.lang.Thread.run(Thread.java:748)
"EventQueue-NodeRegistrationContainerReportForDataNodeSafeModeRule" daemon prio=5 tid=426 in Object.wait()
java.lang.Thread.State: WAITING (on object monitor)
        at sun.misc.Unsafe.park(Native Method)
        at java.util.concurrent.locks.LockSupport.park(LockSupport.java:175)
        at java.util.concurrent.locks.AbstractQueuedSynchronizer$ConditionObject.await(AbstractQueuedSynchronizer.java:2039)
        at java.util.concurrent.LinkedBlockingQueue.take(LinkedBlockingQueue.java:442)
        at java.util.concurrent.ThreadPoolExecutor.getTask(ThreadPoolExecutor.java:1074)
        at java.util.concurrent.ThreadPoolExecutor.runWorker(ThreadPoolExecutor.java:1134)
        at java.util.concurrent.ThreadPoolExecutor$Worker.run(ThreadPoolExecutor.java:624)
        at java.lang.Thread.run(Thread.java:748)
"IPC Server handler 6 on 33987" daemon prio=5 tid=35 timed_waiting
java.lang.Thread.State: TIMED_WAITING
        at sun.misc.Unsafe.park(Native Method)
        at java.util.concurrent.locks.LockSupport.parkNanos(LockSupport.java:215)
        at java.util.concurrent.locks.AbstractQueuedSynchronizer$ConditionObject.awaitNanos(AbstractQueuedSynchronizer.java:2078)
        at java.util.concurrent.LinkedBlockingQueue.poll(LinkedBlockingQueue.java:467)
        at org.apache.hadoop.ipc.CallQueueManager.take(CallQueueManager.java:288)
        at org.apache.hadoop.ipc.Server$Handler.run(Server.java:2668)
"IPC Server handler 2 on 35897" daemon prio=5 tid=116 timed_waiting
java.lang.Thread.State: TIMED_WAITING
        at sun.misc.Unsafe.park(Native Method)
        at java.util.concurrent.locks.LockSupport.parkNanos(LockSupport.java:215)
        at java.util.concurrent.locks.AbstractQueuedSynchronizer$ConditionObject.awaitNanos(AbstractQueuedSynchronizer.java:2078)
        at java.util.concurrent.LinkedBlockingQueue.poll(LinkedBlockingQueue.java:467)
        at org.apache.hadoop.ipc.CallQueueManager.take(CallQueueManager.java:288)
        at org.apache.hadoop.ipc.Server$Handler.run(Server.java:2668)
"IPC Server handler 19 on 40661" daemon prio=5 tid=68 timed_waiting
java.lang.Thread.State: TIMED_WAITING
        at sun.misc.Unsafe.park(Native Method)
        at java.util.concurrent.locks.LockSupport.parkNanos(LockSupport.java:215)
        at java.util.concurrent.locks.AbstractQueuedSynchronizer$ConditionObject.awaitNanos(AbstractQueuedSynchronizer.java:2078)
        at java.util.concurrent.LinkedBlockingQueue.poll(LinkedBlockingQueue.java:467)
        at org.apache.hadoop.ipc.CallQueueManager.take(CallQueueManager.java:288)
        at org.apache.hadoop.ipc.Server$Handler.run(Server.java:2668)
"pool-46-thread-55"  prio=5 tid=407 in Object.wait()
java.lang.Thread.State: WAITING (on object monitor)
        at sun.misc.Unsafe.park(Native Method)
        at java.util.concurrent.locks.LockSupport.park(LockSupport.java:175)
        at java.util.concurrent.locks.AbstractQueuedSynchronizer$ConditionObject.await(AbstractQueuedSynchronizer.java:2039)
        at java.util.concurrent.ArrayBlockingQueue.take(ArrayBlockingQueue.java:403)
        at java.util.concurrent.ThreadPoolExecutor.getTask(ThreadPoolExecutor.java:1074)
        at java.util.concurrent.ThreadPoolExecutor.runWorker(ThreadPoolExecutor.java:1134)
        at java.util.concurrent.ThreadPoolExecutor$Worker.run(ThreadPoolExecutor.java:624)
        at java.lang.Thread.run(Thread.java:748)
"metrics-hadoop-metrics2-reporter-4-thread-1" daemon prio=5 tid=447 timed_waiting
java.lang.Thread.State: TIMED_WAITING
        at sun.misc.Unsafe.park(Native Method)
        at java.util.concurrent.locks.LockSupport.parkNanos(LockSupport.java:215)
        at java.util.concurrent.locks.AbstractQueuedSynchronizer$ConditionObject.awaitNanos(AbstractQueuedSynchronizer.java:2078)
        at java.util.concurrent.ScheduledThreadPoolExecutor$DelayedWorkQueue.take(ScheduledThreadPoolExecutor.java:1093)
        at java.util.concurrent.ScheduledThreadPoolExecutor$DelayedWorkQueue.take(ScheduledThreadPoolExecutor.java:809)
        at java.util.concurrent.ThreadPoolExecutor.getTask(ThreadPoolExecutor.java:1074)
        at java.util.concurrent.ThreadPoolExecutor.runWorker(ThreadPoolExecutor.java:1134)
        at java.util.concurrent.ThreadPoolExecutor$Worker.run(ThreadPoolExecutor.java:624)
        at java.lang.Thread.run(Thread.java:748)
"org.eclipse.jetty.server.session.HashSessionManager@1ac85b0cTimer" daemon prio=5 tid=99 timed_waiting
java.lang.Thread.State: TIMED_WAITING
        at sun.misc.Unsafe.park(Native Method)
        at java.util.concurrent.locks.LockSupport.parkNanos(LockSupport.java:215)
        at java.util.concurrent.locks.AbstractQueuedSynchronizer$ConditionObject.awaitNanos(AbstractQueuedSynchronizer.java:2078)
        at java.util.concurrent.ScheduledThreadPoolExecutor$DelayedWorkQueue.take(ScheduledThreadPoolExecutor.java:1093)
        at java.util.concurrent.ScheduledThreadPoolExecutor$DelayedWorkQueue.take(ScheduledThreadPoolExecutor.java:809)
        at java.util.concurrent.ThreadPoolExecutor.getTask(ThreadPoolExecutor.java:1074)
        at java.util.concurrent.ThreadPoolExecutor.runWorker(ThreadPoolExecutor.java:1134)
        at java.util.concurrent.ThreadPoolExecutor$Worker.run(ThreadPoolExecutor.java:624)
        at java.lang.Thread.run(Thread.java:748)
"IPC Server handler 11 on 33987" daemon prio=5 tid=40 timed_waiting
java.lang.Thread.State: TIMED_WAITING
        at sun.misc.Unsafe.park(Native Method)
        at java.util.concurrent.locks.LockSupport.parkNanos(LockSupport.java:215)
        at java.util.concurrent.locks.AbstractQueuedSynchronizer$ConditionObject.awaitNanos(AbstractQueuedSynchronizer.java:2078)
        at java.util.concurrent.LinkedBlockingQueue.poll(LinkedBlockingQueue.java:467)
        at org.apache.hadoop.ipc.CallQueueManager.take(CallQueueManager.java:288)
        at org.apache.hadoop.ipc.Server$Handler.run(Server.java:2668)
"Timer-1" daemon prio=5 tid=149 timed_waiting
java.lang.Thread.State: TIMED_WAITING
        at java.lang.Object.wait(Native Method)
        at java.util.TimerThread.mainLoop(Timer.java:552)
        at java.util.TimerThread.run(Timer.java:505)
"IPC Server handler 4 on 33987" daemon prio=5 tid=33 timed_waiting
java.lang.Thread.State: TIMED_WAITING
        at sun.misc.Unsafe.park(Native Method)
        at java.util.concurrent.locks.LockSupport.parkNanos(LockSupport.java:215)
        at java.util.concurrent.locks.AbstractQueuedSynchronizer$ConditionObject.awaitNanos(AbstractQueuedSynchronizer.java:2078)
        at java.util.concurrent.LinkedBlockingQueue.poll(LinkedBlockingQueue.java:467)
        at org.apache.hadoop.ipc.CallQueueManager.take(CallQueueManager.java:288)
        at org.apache.hadoop.ipc.Server$Handler.run(Server.java:2668)
"SCM Heartbeat Processing Thread - 0" daemon prio=5 tid=13 timed_waiting
java.lang.Thread.State: TIMED_WAITING
        at sun.misc.Unsafe.park(Native Method)
        at java.util.concurrent.locks.LockSupport.parkNanos(LockSupport.java:215)
        at java.util.concurrent.locks.AbstractQueuedSynchronizer$ConditionObject.awaitNanos(AbstractQueuedSynchronizer.java:2078)
        at java.util.concurrent.ScheduledThreadPoolExecutor$DelayedWorkQueue.take(ScheduledThreadPoolExecutor.java:1093)
        at java.util.concurrent.ScheduledThreadPoolExecutor$DelayedWorkQueue.take(ScheduledThreadPoolExecutor.java:809)
        at java.util.concurrent.ThreadPoolExecutor.getTask(ThreadPoolExecutor.java:1074)
        at java.util.concurrent.ThreadPoolExecutor.runWorker(ThreadPoolExecutor.java:1134)
        at java.util.concurrent.ThreadPoolExecutor$Worker.run(ThreadPoolExecutor.java:624)
        at java.lang.Thread.run(Thread.java:748)
"Thread-2636" daemon prio=5 tid=2950 terminated
java.lang.Thread.State: TERMINATED
        at java.lang.Thread.sleep(Native Method)
        at org.apache.ratis.util.JavaUtils.sleep(JavaUtils.java:247)
        at org.apache.ratis.server.impl.FollowerState.run(FollowerState.java:97)
"pool-36-thread-16"  prio=5 tid=308 in Object.wait()
java.lang.Thread.State: WAITING (on object monitor)
        at sun.misc.Unsafe.park(Native Method)
        at java.util.concurrent.locks.LockSupport.park(LockSupport.java:175)
        at java.util.concurrent.locks.AbstractQueuedSynchronizer$ConditionObject.await(AbstractQueuedSynchronizer.java:2039)
        at java.util.concurrent.ArrayBlockingQueue.take(ArrayBlockingQueue.java:403)
        at java.util.concurrent.ThreadPoolExecutor.getTask(ThreadPoolExecutor.java:1074)
        at java.util.concurrent.ThreadPoolExecutor.runWorker(ThreadPoolExecutor.java:1134)
        at java.util.concurrent.ThreadPoolExecutor$Worker.run(ThreadPoolExecutor.java:624)
        at java.lang.Thread.run(Thread.java:748)
"pool-46-thread-45"  prio=5 tid=397 in Object.wait()
java.lang.Thread.State: WAITING (on object monitor)
        at sun.misc.Unsafe.park(Native Method)
        at java.util.concurrent.locks.LockSupport.park(LockSupport.java:175)
        at java.util.concurrent.locks.AbstractQueuedSynchronizer$ConditionObject.await(AbstractQueuedSynchronizer.java:2039)
        at java.util.concurrent.ArrayBlockingQueue.take(ArrayBlockingQueue.java:403)
        at java.util.concurrent.ThreadPoolExecutor.getTask(ThreadPoolExecutor.java:1074)
        at java.util.concurrent.ThreadPoolExecutor.runWorker(ThreadPoolExecutor.java:1134)
        at java.util.concurrent.ThreadPoolExecutor$Worker.run(ThreadPoolExecutor.java:624)
        at java.lang.Thread.run(Thread.java:748)
"pool-26-thread-14"  prio=5 tid=246 in Object.wait()
java.lang.Thread.State: WAITING (on object monitor)
        at sun.misc.Unsafe.park(Native Method)
        at java.util.concurrent.locks.LockSupport.park(LockSupport.java:175)
        at java.util.concurrent.locks.AbstractQueuedSynchronizer$ConditionObject.await(AbstractQueuedSynchronizer.java:2039)
        at java.util.concurrent.ArrayBlockingQueue.take(ArrayBlockingQueue.java:403)
        at java.util.concurrent.ThreadPoolExecutor.getTask(ThreadPoolExecutor.java:1074)
        at java.util.concurrent.ThreadPoolExecutor.runWorker(ThreadPoolExecutor.java:1134)
        at java.util.concurrent.ThreadPoolExecutor$Worker.run(ThreadPoolExecutor.java:624)
        at java.lang.Thread.run(Thread.java:748)
"pool-36-thread-53"  prio=5 tid=345 in Object.wait()
java.lang.Thread.State: WAITING (on object monitor)
        at sun.misc.Unsafe.park(Native Method)
        at java.util.concurrent.locks.LockSupport.park(LockSupport.java:175)
        at java.util.concurrent.locks.AbstractQueuedSynchronizer$ConditionObject.await(AbstractQueuedSynchronizer.java:2039)
        at java.util.concurrent.ArrayBlockingQueue.take(ArrayBlockingQueue.java:403)
        at java.util.concurrent.ThreadPoolExecutor.getTask(ThreadPoolExecutor.java:1074)
        at java.util.concurrent.ThreadPoolExecutor.runWorker(ThreadPoolExecutor.java:1134)
        at java.util.concurrent.ThreadPoolExecutor$Worker.run(ThreadPoolExecutor.java:624)
        at java.lang.Thread.run(Thread.java:748)
"pool-34-thread-1" daemon prio=5 tid=183 timed_waiting
java.lang.Thread.State: TIMED_WAITING
        at sun.misc.Unsafe.park(Native Method)
        at java.util.concurrent.locks.LockSupport.parkNanos(LockSupport.java:215)
        at java.util.concurrent.locks.AbstractQueuedSynchronizer$ConditionObject.awaitNanos(AbstractQueuedSynchronizer.java:2078)
        at java.util.concurrent.ScheduledThreadPoolExecutor$DelayedWorkQueue.take(ScheduledThreadPoolExecutor.java:1093)
        at java.util.concurrent.ScheduledThreadPoolExecutor$DelayedWorkQueue.take(ScheduledThreadPoolExecutor.java:809)
        at java.util.concurrent.ThreadPoolExecutor.getTask(ThreadPoolExecutor.java:1074)
        at java.util.concurrent.ThreadPoolExecutor.runWorker(ThreadPoolExecutor.java:1134)
        at java.util.concurrent.ThreadPoolExecutor$Worker.run(ThreadPoolExecutor.java:624)
        at java.lang.Thread.run(Thread.java:748)
"IPC Server handler 17 on 35897" daemon prio=5 tid=132 timed_waiting
java.lang.Thread.State: TIMED_WAITING
        at sun.misc.Unsafe.park(Native Method)
        at java.util.concurrent.locks.LockSupport.parkNanos(LockSupport.java:215)
        at java.util.concurrent.locks.AbstractQueuedSynchronizer$ConditionObject.awaitNanos(AbstractQueuedSynchronizer.java:2078)
        at java.util.concurrent.LinkedBlockingQueue.poll(LinkedBlockingQueue.java:467)
        at org.apache.hadoop.ipc.CallQueueManager.take(CallQueueManager.java:288)
        at org.apache.hadoop.ipc.Server$Handler.run(Server.java:2668)
"pool-46-thread-20"  prio=5 tid=372 in Object.wait()
java.lang.Thread.State: WAITING (on object monitor)
        at sun.misc.Unsafe.park(Native Method)
        at java.util.concurrent.locks.LockSupport.park(LockSupport.java:175)
        at java.util.concurrent.locks.AbstractQueuedSynchronizer$ConditionObject.await(AbstractQueuedSynchronizer.java:2039)
        at java.util.concurrent.ArrayBlockingQueue.take(ArrayBlockingQueue.java:403)
        at java.util.concurrent.ThreadPoolExecutor.getTask(ThreadPoolExecutor.java:1074)
        at java.util.concurrent.ThreadPoolExecutor.runWorker(ThreadPoolExecutor.java:1134)
        at java.util.concurrent.ThreadPoolExecutor$Worker.run(ThreadPoolExecutor.java:624)
        at java.lang.Thread.run(Thread.java:748)
"qtp520082748-214-acceptor-0@6e0cddfb-ServerConnector@3c5dbdf8{HTTP/1.1,[http/1.1]}{0.0.0.0:43154}" daemon prio=3 tid=214 runnable
java.lang.Thread.State: RUNNABLE
        at sun.nio.ch.ServerSocketChannelImpl.accept0(Native Method)
        at sun.nio.ch.ServerSocketChannelImpl.accept(ServerSocketChannelImpl.java:422)
        at sun.nio.ch.ServerSocketChannelImpl.accept(ServerSocketChannelImpl.java:250)
        at org.eclipse.jetty.server.ServerConnector.accept(ServerConnector.java:397)
        at org.eclipse.jetty.server.AbstractConnector$Acceptor.run(AbstractConnector.java:601)
        at org.eclipse.jetty.util.thread.QueuedThreadPool.runJob(QueuedThreadPool.java:671)
        at org.eclipse.jetty.util.thread.QueuedThreadPool$2.run(QueuedThreadPool.java:589)
        at java.lang.Thread.run(Thread.java:748)
"org.eclipse.jetty.server.session.HashSessionManager@25d93198Timer" daemon prio=5 tid=167 timed_waiting
java.lang.Thread.State: TIMED_WAITING
        at sun.misc.Unsafe.park(Native Method)
        at java.util.concurrent.locks.LockSupport.parkNanos(LockSupport.java:215)
        at java.util.concurrent.locks.AbstractQueuedSynchronizer$ConditionObject.awaitNanos(AbstractQueuedSynchronizer.java:2078)
        at java.util.concurrent.ScheduledThreadPoolExecutor$DelayedWorkQueue.take(ScheduledThreadPoolExecutor.java:1093)
        at java.util.concurrent.ScheduledThreadPoolExecutor$DelayedWorkQueue.take(ScheduledThreadPoolExecutor.java:809)
        at java.util.concurrent.ThreadPoolExecutor.getTask(ThreadPoolExecutor.java:1074)
        at java.util.concurrent.ThreadPoolExecutor.runWorker(ThreadPoolExecutor.java:1134)
        at java.util.concurrent.ThreadPoolExecutor$Worker.run(ThreadPoolExecutor.java:624)
        at java.lang.Thread.run(Thread.java:748)
"qtp520082748-220" daemon prio=5 tid=220 timed_waiting
java.lang.Thread.State: TIMED_WAITING
        at sun.misc.Unsafe.park(Native Method)
        at java.util.concurrent.locks.LockSupport.parkNanos(LockSupport.java:215)
        at java.util.concurrent.locks.AbstractQueuedSynchronizer$ConditionObject.awaitNanos(AbstractQueuedSynchronizer.java:2078)
        at org.eclipse.jetty.util.BlockingArrayQueue.poll(BlockingArrayQueue.java:392)
        at org.eclipse.jetty.util.thread.QueuedThreadPool.idleJobPoll(QueuedThreadPool.java:563)
        at org.eclipse.jetty.util.thread.QueuedThreadPool.access$800(QueuedThreadPool.java:48)
        at org.eclipse.jetty.util.thread.QueuedThreadPool$2.run(QueuedThreadPool.java:626)
        at java.lang.Thread.run(Thread.java:748)
"pool-46-thread-8"  prio=5 tid=360 in Object.wait()
java.lang.Thread.State: WAITING (on object monitor)
        at sun.misc.Unsafe.park(Native Method)
        at java.util.concurrent.locks.LockSupport.park(LockSupport.java:175)
        at java.util.concurrent.locks.AbstractQueuedSynchronizer$ConditionObject.await(AbstractQueuedSynchronizer.java:2039)
        at java.util.concurrent.ArrayBlockingQueue.take(ArrayBlockingQueue.java:403)
        at java.util.concurrent.ThreadPoolExecutor.getTask(ThreadPoolExecutor.java:1074)
        at java.util.concurrent.ThreadPoolExecutor.runWorker(ThreadPoolExecutor.java:1134)
        at java.util.concurrent.ThreadPoolExecutor$Worker.run(ThreadPoolExecutor.java:624)
        at java.lang.Thread.run(Thread.java:748)
"IPC Server handler 16 on 33987" daemon prio=5 tid=45 timed_waiting
java.lang.Thread.State: TIMED_WAITING
        at sun.misc.Unsafe.park(Native Method)
        at java.util.concurrent.locks.LockSupport.parkNanos(LockSupport.java:215)
        at java.util.concurrent.locks.AbstractQueuedSynchronizer$ConditionObject.awaitNanos(AbstractQueuedSynchronizer.java:2078)
        at java.util.concurrent.LinkedBlockingQueue.poll(LinkedBlockingQueue.java:467)
        at org.apache.hadoop.ipc.CallQueueManager.take(CallQueueManager.java:288)
        at org.apache.hadoop.ipc.Server$Handler.run(Server.java:2668)
"pool-36-thread-54"  prio=5 tid=346 in Object.wait()
java.lang.Thread.State: WAITING (on object monitor)
        at sun.misc.Unsafe.park(Native Method)
        at java.util.concurrent.locks.LockSupport.park(LockSupport.java:175)
        at java.util.concurrent.locks.AbstractQueuedSynchronizer$ConditionObject.await(AbstractQueuedSynchronizer.java:2039)
        at java.util.concurrent.ArrayBlockingQueue.take(ArrayBlockingQueue.java:403)
        at java.util.concurrent.ThreadPoolExecutor.getTask(ThreadPoolExecutor.java:1074)
        at java.util.concurrent.ThreadPoolExecutor.runWorker(ThreadPoolExecutor.java:1134)
        at java.util.concurrent.ThreadPoolExecutor$Worker.run(ThreadPoolExecutor.java:624)
        at java.lang.Thread.run(Thread.java:748)
"qtp1536399059-188" daemon prio=5 tid=188 timed_waiting
java.lang.Thread.State: TIMED_WAITING
        at sun.misc.Unsafe.park(Native Method)
        at java.util.concurrent.locks.LockSupport.parkNanos(LockSupport.java:215)
        at java.util.concurrent.locks.AbstractQueuedSynchronizer$ConditionObject.awaitNanos(AbstractQueuedSynchronizer.java:2078)
        at org.eclipse.jetty.util.BlockingArrayQueue.poll(BlockingArrayQueue.java:392)
        at org.eclipse.jetty.util.thread.QueuedThreadPool.idleJobPoll(QueuedThreadPool.java:563)
        at org.eclipse.jetty.util.thread.QueuedThreadPool.access$800(QueuedThreadPool.java:48)
        at org.eclipse.jetty.util.thread.QueuedThreadPool$2.run(QueuedThreadPool.java:626)
        at java.lang.Thread.run(Thread.java:748)
"pool-36-thread-17"  prio=5 tid=309 in Object.wait()
java.lang.Thread.State: WAITING (on object monitor)
        at sun.misc.Unsafe.park(Native Method)
        at java.util.concurrent.locks.LockSupport.park(LockSupport.java:175)
        at java.util.concurrent.locks.AbstractQueuedSynchronizer$ConditionObject.await(AbstractQueuedSynchronizer.java:2039)
        at java.util.concurrent.ArrayBlockingQueue.take(ArrayBlockingQueue.java:403)
        at java.util.concurrent.ThreadPoolExecutor.getTask(ThreadPoolExecutor.java:1074)
        at java.util.concurrent.ThreadPoolExecutor.runWorker(ThreadPoolExecutor.java:1134)
        at java.util.concurrent.ThreadPoolExecutor$Worker.run(ThreadPoolExecutor.java:624)
        at java.lang.Thread.run(Thread.java:748)
"Command processor thread" daemon prio=5 tid=229 timed_waiting
java.lang.Thread.State: TIMED_WAITING
        at java.lang.Thread.sleep(Native Method)
        at org.apache.hadoop.ozone.container.common.statemachine.DatanodeStateMachine.lambda$initCommandHandlerThread$1(DatanodeStateMachine.java:439)
        at org.apache.hadoop.ozone.container.common.statemachine.DatanodeStateMachine$$Lambda$141/1971533617.run(Unknown Source)
        at java.lang.Thread.run(Thread.java:748)
"Socket Reader #1 for port 40661"  prio=5 tid=19 runnable
java.lang.Thread.State: RUNNABLE
        at sun.nio.ch.EPollArrayWrapper.epollWait(Native Method)
        at sun.nio.ch.EPollArrayWrapper.poll(EPollArrayWrapper.java:269)
        at sun.nio.ch.EPollSelectorImpl.doSelect(EPollSelectorImpl.java:93)
        at sun.nio.ch.SelectorImpl.lockAndDoSelect(SelectorImpl.java:86)
        at sun.nio.ch.SelectorImpl.select(SelectorImpl.java:97)
        at sun.nio.ch.SelectorImpl.select(SelectorImpl.java:101)
        at org.apache.hadoop.ipc.Server$Listener$Reader.doRunLoop(Server.java:1097)
        at org.apache.hadoop.ipc.Server$Listener$Reader.run(Server.java:1076)
"IPC Server idle connection scanner for port 33987" daemon prio=5 tid=24 timed_waiting
java.lang.Thread.State: TIMED_WAITING
        at java.lang.Object.wait(Native Method)
        at java.util.TimerThread.mainLoop(Timer.java:552)
        at java.util.TimerThread.run(Timer.java:505)
"pool-36-thread-57"  prio=5 tid=349 in Object.wait()
java.lang.Thread.State: WAITING (on object monitor)
        at sun.misc.Unsafe.park(Native Method)
        at java.util.concurrent.locks.LockSupport.park(LockSupport.java:175)
        at java.util.concurrent.locks.AbstractQueuedSynchronizer$ConditionObject.await(AbstractQueuedSynchronizer.java:2039)
        at java.util.concurrent.ArrayBlockingQueue.take(ArrayBlockingQueue.java:403)
        at java.util.concurrent.ThreadPoolExecutor.getTask(ThreadPoolExecutor.java:1074)
        at java.util.concurrent.ThreadPoolExecutor.runWorker(ThreadPoolExecutor.java:1134)
        at java.util.concurrent.ThreadPoolExecutor$Worker.run(ThreadPoolExecutor.java:624)
        at java.lang.Thread.run(Thread.java:748)
"Datanode ReportManager Thread - 1" daemon prio=5 tid=199 timed_waiting
java.lang.Thread.State: TIMED_WAITING
        at sun.misc.Unsafe.park(Native Method)
        at java.util.concurrent.locks.LockSupport.parkNanos(LockSupport.java:215)
        at java.util.concurrent.locks.AbstractQueuedSynchronizer$ConditionObject.awaitNanos(AbstractQueuedSynchronizer.java:2078)
        at java.util.concurrent.ScheduledThreadPoolExecutor$DelayedWorkQueue.take(ScheduledThreadPoolExecutor.java:1093)
        at java.util.concurrent.ScheduledThreadPoolExecutor$DelayedWorkQueue.take(ScheduledThreadPoolExecutor.java:809)
        at java.util.concurrent.ThreadPoolExecutor.getTask(ThreadPoolExecutor.java:1074)
        at java.util.concurrent.ThreadPoolExecutor.runWorker(ThreadPoolExecutor.java:1134)
        at java.util.concurrent.ThreadPoolExecutor$Worker.run(ThreadPoolExecutor.java:624)
        at java.lang.Thread.run(Thread.java:748)
"pool-26-thread-35"  prio=5 tid=267 in Object.wait()
java.lang.Thread.State: WAITING (on object monitor)
        at sun.misc.Unsafe.park(Native Method)
        at java.util.concurrent.locks.LockSupport.park(LockSupport.java:175)
        at java.util.concurrent.locks.AbstractQueuedSynchronizer$ConditionObject.await(AbstractQueuedSynchronizer.java:2039)
        at java.util.concurrent.ArrayBlockingQueue.take(ArrayBlockingQueue.java:403)
        at java.util.concurrent.ThreadPoolExecutor.getTask(ThreadPoolExecutor.java:1074)
        at java.util.concurrent.ThreadPoolExecutor.runWorker(ThreadPoolExecutor.java:1134)
        at java.util.concurrent.ThreadPoolExecutor$Worker.run(ThreadPoolExecutor.java:624)
        at java.lang.Thread.run(Thread.java:748)
"OMDoubleBufferFlushThread" daemon prio=5 tid=106 timed_waiting
java.lang.Thread.State: TIMED_WAITING
        at java.lang.Object.wait(Native Method)
        at org.apache.hadoop.ozone.om.ratis.OzoneManagerDoubleBuffer.canFlush(OzoneManagerDoubleBuffer.java:322)
        at org.apache.hadoop.ozone.om.ratis.OzoneManagerDoubleBuffer.flushTransactions(OzoneManagerDoubleBuffer.java:130)
        at org.apache.hadoop.ozone.om.ratis.OzoneManagerDoubleBuffer$$Lambda$49/2017530134.run(Unknown Source)
        at java.lang.Thread.run(Thread.java:748)
"pool-46-thread-44"  prio=5 tid=396 in Object.wait()
java.lang.Thread.State: WAITING (on object monitor)
        at sun.misc.Unsafe.park(Native Method)
        at java.util.concurrent.locks.LockSupport.park(LockSupport.java:175)
        at java.util.concurrent.locks.AbstractQueuedSynchronizer$ConditionObject.await(AbstractQueuedSynchronizer.java:2039)
        at java.util.concurrent.ArrayBlockingQueue.take(ArrayBlockingQueue.java:403)
        at java.util.concurrent.ThreadPoolExecutor.getTask(ThreadPoolExecutor.java:1074)
        at java.util.concurrent.ThreadPoolExecutor.runWorker(ThreadPoolExecutor.java:1134)
        at java.util.concurrent.ThreadPoolExecutor$Worker.run(ThreadPoolExecutor.java:624)
        at java.lang.Thread.run(Thread.java:748)
"pool-26-thread-37"  prio=5 tid=269 in Object.wait()
java.lang.Thread.State: WAITING (on object monitor)
        at sun.misc.Unsafe.park(Native Method)
        at java.util.concurrent.locks.LockSupport.park(LockSupport.java:175)
        at java.util.concurrent.locks.AbstractQueuedSynchronizer$ConditionObject.await(AbstractQueuedSynchronizer.java:2039)
        at java.util.concurrent.ArrayBlockingQueue.take(ArrayBlockingQueue.java:403)
        at java.util.concurrent.ThreadPoolExecutor.getTask(ThreadPoolExecutor.java:1074)
        at java.util.concurrent.ThreadPoolExecutor.runWorker(ThreadPoolExecutor.java:1134)
        at java.util.concurrent.ThreadPoolExecutor$Worker.run(ThreadPoolExecutor.java:624)
        at java.lang.Thread.run(Thread.java:748)
"process reaper" daemon prio=10 tid=10 timed_waiting
java.lang.Thread.State: TIMED_WAITING
        at sun.misc.Unsafe.park(Native Method)
        at java.util.concurrent.locks.LockSupport.parkNanos(LockSupport.java:215)
        at java.util.concurrent.SynchronousQueue$TransferStack.awaitFulfill(SynchronousQueue.java:460)
        at java.util.concurrent.SynchronousQueue$TransferStack.transfer(SynchronousQueue.java:362)
        at java.util.concurrent.SynchronousQueue.poll(SynchronousQueue.java:941)
        at java.util.concurrent.ThreadPoolExecutor.getTask(ThreadPoolExecutor.java:1073)
        at java.util.concurrent.ThreadPoolExecutor.runWorker(ThreadPoolExecutor.java:1134)
        at java.util.concurrent.ThreadPoolExecutor$Worker.run(ThreadPoolExecutor.java:624)
        at java.lang.Thread.run(Thread.java:748)
"BlockDeletingService#8" daemon prio=5 tid=751 in Object.wait()
java.lang.Thread.State: WAITING (on object monitor)
        at sun.misc.Unsafe.park(Native Method)
        at java.util.concurrent.locks.LockSupport.park(LockSupport.java:175)
        at java.util.concurrent.locks.AbstractQueuedSynchronizer$ConditionObject.await(AbstractQueuedSynchronizer.java:2039)
        at java.util.concurrent.ScheduledThreadPoolExecutor$DelayedWorkQueue.take(ScheduledThreadPoolExecutor.java:1088)
        at java.util.concurrent.ScheduledThreadPoolExecutor$DelayedWorkQueue.take(ScheduledThreadPoolExecutor.java:809)
        at java.util.concurrent.ThreadPoolExecutor.getTask(ThreadPoolExecutor.java:1074)
        at java.util.concurrent.ThreadPoolExecutor.runWorker(ThreadPoolExecutor.java:1134)
        at java.util.concurrent.ThreadPoolExecutor$Worker.run(ThreadPoolExecutor.java:624)
        at java.lang.Thread.run(Thread.java:748)
"pool-46-thread-23"  prio=5 tid=375 in Object.wait()
java.lang.Thread.State: WAITING (on object monitor)
        at sun.misc.Unsafe.park(Native Method)
        at java.util.concurrent.locks.LockSupport.park(LockSupport.java:175)
        at java.util.concurrent.locks.AbstractQueuedSynchronizer$ConditionObject.await(AbstractQueuedSynchronizer.java:2039)
        at java.util.concurrent.ArrayBlockingQueue.take(ArrayBlockingQueue.java:403)
        at java.util.concurrent.ThreadPoolExecutor.getTask(ThreadPoolExecutor.java:1074)
        at java.util.concurrent.ThreadPoolExecutor.runWorker(ThreadPoolExecutor.java:1134)
        at java.util.concurrent.ThreadPoolExecutor$Worker.run(ThreadPoolExecutor.java:624)
        at java.lang.Thread.run(Thread.java:748)
"pool-46-thread-34"  prio=5 tid=386 in Object.wait()
java.lang.Thread.State: WAITING (on object monitor)
        at sun.misc.Unsafe.park(Native Method)
        at java.util.concurrent.locks.LockSupport.park(LockSupport.java:175)
        at java.util.concurrent.locks.AbstractQueuedSynchronizer$ConditionObject.await(AbstractQueuedSynchronizer.java:2039)
        at java.util.concurrent.ArrayBlockingQueue.take(ArrayBlockingQueue.java:403)
        at java.util.concurrent.ThreadPoolExecutor.getTask(ThreadPoolExecutor.java:1074)
        at java.util.concurrent.ThreadPoolExecutor.runWorker(ThreadPoolExecutor.java:1134)
        at java.util.concurrent.ThreadPoolExecutor$Worker.run(ThreadPoolExecutor.java:624)
        at java.lang.Thread.run(Thread.java:748)
"pool-46-thread-18"  prio=5 tid=370 in Object.wait()
java.lang.Thread.State: WAITING (on object monitor)
        at sun.misc.Unsafe.park(Native Method)
        at java.util.concurrent.locks.LockSupport.park(LockSupport.java:175)
        at java.util.concurrent.locks.AbstractQueuedSynchronizer$ConditionObject.await(AbstractQueuedSynchronizer.java:2039)
        at java.util.concurrent.ArrayBlockingQueue.take(ArrayBlockingQueue.java:403)
        at java.util.concurrent.ThreadPoolExecutor.getTask(ThreadPoolExecutor.java:1074)
        at java.util.concurrent.ThreadPoolExecutor.runWorker(ThreadPoolExecutor.java:1134)
        at java.util.concurrent.ThreadPoolExecutor$Worker.run(ThreadPoolExecutor.java:624)
        at java.lang.Thread.run(Thread.java:748)
"pool-26-thread-29"  prio=5 tid=261 in Object.wait()
java.lang.Thread.State: WAITING (on object monitor)
        at sun.misc.Unsafe.park(Native Method)
        at java.util.concurrent.locks.LockSupport.park(LockSupport.java:175)
        at java.util.concurrent.locks.AbstractQueuedSynchronizer$ConditionObject.await(AbstractQueuedSynchronizer.java:2039)
        at java.util.concurrent.ArrayBlockingQueue.take(ArrayBlockingQueue.java:403)
        at java.util.concurrent.ThreadPoolExecutor.getTask(ThreadPoolExecutor.java:1074)
        at java.util.concurrent.ThreadPoolExecutor.runWorker(ThreadPoolExecutor.java:1134)
        at java.util.concurrent.ThreadPoolExecutor$Worker.run(ThreadPoolExecutor.java:624)
        at java.lang.Thread.run(Thread.java:748)
"metrics-hadoop-metrics2-reporter-29-thread-1" daemon prio=5 tid=639 timed_waiting
java.lang.Thread.State: TIMED_WAITING
        at sun.misc.Unsafe.park(Native Method)
        at java.util.concurrent.locks.LockSupport.parkNanos(LockSupport.java:215)
        at java.util.concurrent.locks.AbstractQueuedSynchronizer$ConditionObject.awaitNanos(AbstractQueuedSynchronizer.java:2078)
        at java.util.concurrent.ScheduledThreadPoolExecutor$DelayedWorkQueue.take(ScheduledThreadPoolExecutor.java:1093)
        at java.util.concurrent.ScheduledThreadPoolExecutor$DelayedWorkQueue.take(ScheduledThreadPoolExecutor.java:809)
        at java.util.concurrent.ThreadPoolExecutor.getTask(ThreadPoolExecutor.java:1074)
        at java.util.concurrent.ThreadPoolExecutor.runWorker(ThreadPoolExecutor.java:1134)
        at java.util.concurrent.ThreadPoolExecutor$Worker.run(ThreadPoolExecutor.java:624)
        at java.lang.Thread.run(Thread.java:748)
"EventQueue-NewNodeForNewNodeHandler" daemon prio=5 tid=423 in Object.wait()
java.lang.Thread.State: WAITING (on object monitor)
        at sun.misc.Unsafe.park(Native Method)
        at java.util.concurrent.locks.LockSupport.park(LockSupport.java:175)
        at java.util.concurrent.locks.AbstractQueuedSynchronizer$ConditionObject.await(AbstractQueuedSynchronizer.java:2039)
        at java.util.concurrent.LinkedBlockingQueue.take(LinkedBlockingQueue.java:442)
        at java.util.concurrent.ThreadPoolExecutor.getTask(ThreadPoolExecutor.java:1074)
        at java.util.concurrent.ThreadPoolExecutor.runWorker(ThreadPoolExecutor.java:1134)
        at java.util.concurrent.ThreadPoolExecutor$Worker.run(ThreadPoolExecutor.java:624)
        at java.lang.Thread.run(Thread.java:748)
"pool-36-thread-42"  prio=5 tid=334 in Object.wait()
java.lang.Thread.State: WAITING (on object monitor)
        at sun.misc.Unsafe.park(Native Method)
        at java.util.concurrent.locks.LockSupport.park(LockSupport.java:175)
        at java.util.concurrent.locks.AbstractQueuedSynchronizer$ConditionObject.await(AbstractQueuedSynchronizer.java:2039)
        at java.util.concurrent.ArrayBlockingQueue.take(ArrayBlockingQueue.java:403)
        at java.util.concurrent.ThreadPoolExecutor.getTask(ThreadPoolExecutor.java:1074)
        at java.util.concurrent.ThreadPoolExecutor.runWorker(ThreadPoolExecutor.java:1134)
        at java.util.concurrent.ThreadPoolExecutor$Worker.run(ThreadPoolExecutor.java:624)
        at java.lang.Thread.run(Thread.java:748)
"IPC Server handler 8 on 35897" daemon prio=5 tid=123 timed_waiting
java.lang.Thread.State: TIMED_WAITING
        at sun.misc.Unsafe.park(Native Method)
        at java.util.concurrent.locks.LockSupport.parkNanos(LockSupport.java:215)
        at java.util.concurrent.locks.AbstractQueuedSynchronizer$ConditionObject.awaitNanos(AbstractQueuedSynchronizer.java:2078)
        at java.util.concurrent.LinkedBlockingQueue.poll(LinkedBlockingQueue.java:467)
        at org.apache.hadoop.ipc.CallQueueManager.take(CallQueueManager.java:288)
        at org.apache.hadoop.ipc.Server$Handler.run(Server.java:2668)
"pool-46-thread-39"  prio=5 tid=391 in Object.wait()
java.lang.Thread.State: WAITING (on object monitor)
        at sun.misc.Unsafe.park(Native Method)
        at java.util.concurrent.locks.LockSupport.park(LockSupport.java:175)
        at java.util.concurrent.locks.AbstractQueuedSynchronizer$ConditionObject.await(AbstractQueuedSynchronizer.java:2039)
        at java.util.concurrent.ArrayBlockingQueue.take(ArrayBlockingQueue.java:403)
        at java.util.concurrent.ThreadPoolExecutor.getTask(ThreadPoolExecutor.java:1074)
        at java.util.concurrent.ThreadPoolExecutor.runWorker(ThreadPoolExecutor.java:1134)
        at java.util.concurrent.ThreadPoolExecutor$Worker.run(ThreadPoolExecutor.java:624)
        at java.lang.Thread.run(Thread.java:748)
"pool-36-thread-52"  prio=5 tid=344 in Object.wait()
java.lang.Thread.State: WAITING (on object monitor)
        at sun.misc.Unsafe.park(Native Method)
        at java.util.concurrent.locks.LockSupport.park(LockSupport.java:175)
        at java.util.concurrent.locks.AbstractQueuedSynchronizer$ConditionObject.await(AbstractQueuedSynchronizer.java:2039)
        at java.util.concurrent.ArrayBlockingQueue.take(ArrayBlockingQueue.java:403)
        at java.util.concurrent.ThreadPoolExecutor.getTask(ThreadPoolExecutor.java:1074)
        at java.util.concurrent.ThreadPoolExecutor.runWorker(ThreadPoolExecutor.java:1134)
        at java.util.concurrent.ThreadPoolExecutor$Worker.run(ThreadPoolExecutor.java:624)
        at java.lang.Thread.run(Thread.java:748)
"IPC Parameter Sending Thread #1" daemon prio=5 tid=1975 timed_waiting
java.lang.Thread.State: TIMED_WAITING
        at sun.misc.Unsafe.park(Native Method)
        at java.util.concurrent.locks.LockSupport.parkNanos(LockSupport.java:215)
        at java.util.concurrent.SynchronousQueue$TransferStack.awaitFulfill(SynchronousQueue.java:460)
        at java.util.concurrent.SynchronousQueue$TransferStack.transfer(SynchronousQueue.java:362)
        at java.util.concurrent.SynchronousQueue.poll(SynchronousQueue.java:941)
        at java.util.concurrent.ThreadPoolExecutor.getTask(ThreadPoolExecutor.java:1073)
        at java.util.concurrent.ThreadPoolExecutor.runWorker(ThreadPoolExecutor.java:1134)
        at java.util.concurrent.ThreadPoolExecutor$Worker.run(ThreadPoolExecutor.java:624)
        at java.lang.Thread.run(Thread.java:748)
"qtp1536399059-189" daemon prio=5 tid=189 timed_waiting
java.lang.Thread.State: TIMED_WAITING
        at sun.misc.Unsafe.park(Native Method)
        at java.util.concurrent.locks.LockSupport.parkNanos(LockSupport.java:215)
        at java.util.concurrent.locks.AbstractQueuedSynchronizer$ConditionObject.awaitNanos(AbstractQueuedSynchronizer.java:2078)
        at org.eclipse.jetty.util.BlockingArrayQueue.poll(BlockingArrayQueue.java:392)
        at org.eclipse.jetty.util.thread.QueuedThreadPool.idleJobPoll(QueuedThreadPool.java:563)
        at org.eclipse.jetty.util.thread.QueuedThreadPool.access$800(QueuedThreadPool.java:48)
        at org.eclipse.jetty.util.thread.QueuedThreadPool$2.run(QueuedThreadPool.java:626)
        at java.lang.Thread.run(Thread.java:748)
"pool-26-thread-23"  prio=5 tid=255 in Object.wait()
java.lang.Thread.State: WAITING (on object monitor)
        at sun.misc.Unsafe.park(Native Method)
        at java.util.concurrent.locks.LockSupport.park(LockSupport.java:175)
        at java.util.concurrent.locks.AbstractQueuedSynchronizer$ConditionObject.await(AbstractQueuedSynchronizer.java:2039)
        at java.util.concurrent.ArrayBlockingQueue.take(ArrayBlockingQueue.java:403)
        at java.util.concurrent.ThreadPoolExecutor.getTask(ThreadPoolExecutor.java:1074)
        at java.util.concurrent.ThreadPoolExecutor.runWorker(ThreadPoolExecutor.java:1134)
        at java.util.concurrent.ThreadPoolExecutor$Worker.run(ThreadPoolExecutor.java:624)
        at java.lang.Thread.run(Thread.java:748)
"pool-36-thread-5"  prio=5 tid=297 in Object.wait()
java.lang.Thread.State: WAITING (on object monitor)
        at sun.misc.Unsafe.park(Native Method)
        at java.util.concurrent.locks.LockSupport.park(LockSupport.java:175)
        at java.util.concurrent.locks.AbstractQueuedSynchronizer$ConditionObject.await(AbstractQueuedSynchronizer.java:2039)
        at java.util.concurrent.ArrayBlockingQueue.take(ArrayBlockingQueue.java:403)
        at java.util.concurrent.ThreadPoolExecutor.getTask(ThreadPoolExecutor.java:1074)
        at java.util.concurrent.ThreadPoolExecutor.runWorker(ThreadPoolExecutor.java:1134)
        at java.util.concurrent.ThreadPoolExecutor$Worker.run(ThreadPoolExecutor.java:624)
        at java.lang.Thread.run(Thread.java:748)
"grpc-default-worker-ELG-3-1" daemon prio=5 tid=432 runnable
java.lang.Thread.State: RUNNABLE
        at sun.nio.ch.EPollArrayWrapper.epollWait(Native Method)
        at sun.nio.ch.EPollArrayWrapper.poll(EPollArrayWrapper.java:269)
        at sun.nio.ch.EPollSelectorImpl.doSelect(EPollSelectorImpl.java:93)
        at sun.nio.ch.SelectorImpl.lockAndDoSelect(SelectorImpl.java:86)
        at sun.nio.ch.SelectorImpl.select(SelectorImpl.java:97)
        at org.apache.ratis.thirdparty.io.netty.channel.nio.SelectedSelectionKeySetSelector.select(SelectedSelectionKeySetSelector.java:62)
        at org.apache.ratis.thirdparty.io.netty.channel.nio.NioEventLoop.select(NioEventLoop.java:753)
        at org.apache.ratis.thirdparty.io.netty.channel.nio.NioEventLoop.run(NioEventLoop.java:408)
        at org.apache.ratis.thirdparty.io.netty.util.concurrent.SingleThreadEventExecutor$5.run(SingleThreadEventExecutor.java:897)
        at org.apache.ratis.thirdparty.io.netty.util.concurrent.FastThreadLocalRunnable.run(FastThreadLocalRunnable.java:30)
        at java.lang.Thread.run(Thread.java:748)
"IPC Server handler 3 on 40661" daemon prio=5 tid=52 timed_waiting
java.lang.Thread.State: TIMED_WAITING
        at sun.misc.Unsafe.park(Native Method)
        at java.util.concurrent.locks.LockSupport.parkNanos(LockSupport.java:215)
        at java.util.concurrent.locks.AbstractQueuedSynchronizer$ConditionObject.awaitNanos(AbstractQueuedSynchronizer.java:2078)
        at java.util.concurrent.LinkedBlockingQueue.poll(LinkedBlockingQueue.java:467)
        at org.apache.hadoop.ipc.CallQueueManager.take(CallQueueManager.java:288)
        at org.apache.hadoop.ipc.Server$Handler.run(Server.java:2668)
"qtp1077873186-96" daemon prio=5 tid=96 timed_waiting
java.lang.Thread.State: TIMED_WAITING
        at sun.misc.Unsafe.park(Native Method)
        at java.util.concurrent.locks.LockSupport.parkNanos(LockSupport.java:215)
        at java.util.concurrent.locks.AbstractQueuedSynchronizer$ConditionObject.awaitNanos(AbstractQueuedSynchronizer.java:2078)
        at org.eclipse.jetty.util.BlockingArrayQueue.poll(BlockingArrayQueue.java:392)
        at org.eclipse.jetty.util.thread.QueuedThreadPool.idleJobPoll(QueuedThreadPool.java:563)
        at org.eclipse.jetty.util.thread.QueuedThreadPool.access$800(QueuedThreadPool.java:48)
        at org.eclipse.jetty.util.thread.QueuedThreadPool$2.run(QueuedThreadPool.java:626)
        at java.lang.Thread.run(Thread.java:748)
"qtp520082748-219" daemon prio=5 tid=219 timed_waiting
java.lang.Thread.State: TIMED_WAITING
        at sun.misc.Unsafe.park(Native Method)
        at java.util.concurrent.locks.LockSupport.parkNanos(LockSupport.java:215)
        at java.util.concurrent.locks.AbstractQueuedSynchronizer$ConditionObject.awaitNanos(AbstractQueuedSynchronizer.java:2078)
        at org.eclipse.jetty.util.BlockingArrayQueue.poll(BlockingArrayQueue.java:392)
        at org.eclipse.jetty.util.thread.QueuedThreadPool.idleJobPoll(QueuedThreadPool.java:563)
        at org.eclipse.jetty.util.thread.QueuedThreadPool.access$800(QueuedThreadPool.java:48)
        at org.eclipse.jetty.util.thread.QueuedThreadPool$2.run(QueuedThreadPool.java:626)
        at java.lang.Thread.run(Thread.java:748)
"pool-26-thread-54"  prio=5 tid=286 in Object.wait()
java.lang.Thread.State: WAITING (on object monitor)
        at sun.misc.Unsafe.park(Native Method)
        at java.util.concurrent.locks.LockSupport.park(LockSupport.java:175)
        at java.util.concurrent.locks.AbstractQueuedSynchronizer$ConditionObject.await(AbstractQueuedSynchronizer.java:2039)
        at java.util.concurrent.ArrayBlockingQueue.take(ArrayBlockingQueue.java:403)
        at java.util.concurrent.ThreadPoolExecutor.getTask(ThreadPoolExecutor.java:1074)
        at java.util.concurrent.ThreadPoolExecutor.runWorker(ThreadPoolExecutor.java:1134)
        at java.util.concurrent.ThreadPoolExecutor$Worker.run(ThreadPoolExecutor.java:624)
        at java.lang.Thread.run(Thread.java:748)
"pool-36-thread-46"  prio=5 tid=338 in Object.wait()
java.lang.Thread.State: WAITING (on object monitor)
        at sun.misc.Unsafe.park(Native Method)
        at java.util.concurrent.locks.LockSupport.park(LockSupport.java:175)
        at java.util.concurrent.locks.AbstractQueuedSynchronizer$ConditionObject.await(AbstractQueuedSynchronizer.java:2039)
        at java.util.concurrent.ArrayBlockingQueue.take(ArrayBlockingQueue.java:403)
        at java.util.concurrent.ThreadPoolExecutor.getTask(ThreadPoolExecutor.java:1074)
        at java.util.concurrent.ThreadPoolExecutor.runWorker(ThreadPoolExecutor.java:1134)
        at java.util.concurrent.ThreadPoolExecutor$Worker.run(ThreadPoolExecutor.java:624)
        at java.lang.Thread.run(Thread.java:748)
"grpc-default-worker-ELG-3-3" daemon prio=5 tid=438 runnable
java.lang.Thread.State: RUNNABLE
        at sun.nio.ch.EPollArrayWrapper.epollWait(Native Method)
        at sun.nio.ch.EPollArrayWrapper.poll(EPollArrayWrapper.java:269)
        at sun.nio.ch.EPollSelectorImpl.doSelect(EPollSelectorImpl.java:93)
        at sun.nio.ch.SelectorImpl.lockAndDoSelect(SelectorImpl.java:86)
        at sun.nio.ch.SelectorImpl.select(SelectorImpl.java:97)
        at org.apache.ratis.thirdparty.io.netty.channel.nio.SelectedSelectionKeySetSelector.select(SelectedSelectionKeySetSelector.java:62)
        at org.apache.ratis.thirdparty.io.netty.channel.nio.NioEventLoop.select(NioEventLoop.java:753)
        at org.apache.ratis.thirdparty.io.netty.channel.nio.NioEventLoop.run(NioEventLoop.java:408)
        at org.apache.ratis.thirdparty.io.netty.util.concurrent.SingleThreadEventExecutor$5.run(SingleThreadEventExecutor.java:897)
        at org.apache.ratis.thirdparty.io.netty.util.concurrent.FastThreadLocalRunnable.run(FastThreadLocalRunnable.java:30)
        at java.lang.Thread.run(Thread.java:748)
"metrics-hadoop-metrics2-reporter-13-thread-1" daemon prio=5 tid=470 timed_waiting
java.lang.Thread.State: TIMED_WAITING
        at sun.misc.Unsafe.park(Native Method)
        at java.util.concurrent.locks.LockSupport.parkNanos(LockSupport.java:215)
        at java.util.concurrent.locks.AbstractQueuedSynchronizer$ConditionObject.awaitNanos(AbstractQueuedSynchronizer.java:2078)
        at java.util.concurrent.ScheduledThreadPoolExecutor$DelayedWorkQueue.take(ScheduledThreadPoolExecutor.java:1093)
        at java.util.concurrent.ScheduledThreadPoolExecutor$DelayedWorkQueue.take(ScheduledThreadPoolExecutor.java:809)
        at java.util.concurrent.ThreadPoolExecutor.getTask(ThreadPoolExecutor.java:1074)
        at java.util.concurrent.ThreadPoolExecutor.runWorker(ThreadPoolExecutor.java:1134)
        at java.util.concurrent.ThreadPoolExecutor$Worker.run(ThreadPoolExecutor.java:624)
        at java.lang.Thread.run(Thread.java:748)
"qtp231182885-162" daemon prio=5 tid=162 timed_waiting
java.lang.Thread.State: TIMED_WAITING
        at sun.misc.Unsafe.park(Native Method)
        at java.util.concurrent.locks.LockSupport.parkNanos(LockSupport.java:215)
        at java.util.concurrent.locks.AbstractQueuedSynchronizer$ConditionObject.awaitNanos(AbstractQueuedSynchronizer.java:2078)
        at org.eclipse.jetty.util.BlockingArrayQueue.poll(BlockingArrayQueue.java:392)
        at org.eclipse.jetty.util.thread.QueuedThreadPool.idleJobPoll(QueuedThreadPool.java:563)
        at org.eclipse.jetty.util.thread.QueuedThreadPool.access$800(QueuedThreadPool.java:48)
        at org.eclipse.jetty.util.thread.QueuedThreadPool$2.run(QueuedThreadPool.java:626)
        at java.lang.Thread.run(Thread.java:748)
"pool-46-thread-4"  prio=5 tid=356 in Object.wait()
java.lang.Thread.State: WAITING (on object monitor)
        at sun.misc.Unsafe.park(Native Method)
        at java.util.concurrent.locks.LockSupport.park(LockSupport.java:175)
        at java.util.concurrent.locks.AbstractQueuedSynchronizer$ConditionObject.await(AbstractQueuedSynchronizer.java:2039)
        at java.util.concurrent.ArrayBlockingQueue.take(ArrayBlockingQueue.java:403)
        at java.util.concurrent.ThreadPoolExecutor.getTask(ThreadPoolExecutor.java:1074)
        at java.util.concurrent.ThreadPoolExecutor.runWorker(ThreadPoolExecutor.java:1134)
        at java.util.concurrent.ThreadPoolExecutor$Worker.run(ThreadPoolExecutor.java:624)
        at java.lang.Thread.run(Thread.java:748)
"pool-36-thread-8"  prio=5 tid=300 in Object.wait()
java.lang.Thread.State: WAITING (on object monitor)
        at sun.misc.Unsafe.park(Native Method)
        at java.util.concurrent.locks.LockSupport.park(LockSupport.java:175)
        at java.util.concurrent.locks.AbstractQueuedSynchronizer$ConditionObject.await(AbstractQueuedSynchronizer.java:2039)
        at java.util.concurrent.ArrayBlockingQueue.take(ArrayBlockingQueue.java:403)
        at java.util.concurrent.ThreadPoolExecutor.getTask(ThreadPoolExecutor.java:1074)
        at java.util.concurrent.ThreadPoolExecutor.runWorker(ThreadPoolExecutor.java:1134)
        at java.util.concurrent.ThreadPoolExecutor$Worker.run(ThreadPoolExecutor.java:624)
        at java.lang.Thread.run(Thread.java:748)
"metrics-hadoop-metrics2-reporter-15-thread-1" daemon prio=5 tid=480 timed_waiting
java.lang.Thread.State: TIMED_WAITING
        at sun.misc.Unsafe.park(Native Method)
        at java.util.concurrent.locks.LockSupport.parkNanos(LockSupport.java:215)
        at java.util.concurrent.locks.AbstractQueuedSynchronizer$ConditionObject.awaitNanos(AbstractQueuedSynchronizer.java:2078)
        at java.util.concurrent.ScheduledThreadPoolExecutor$DelayedWorkQueue.take(ScheduledThreadPoolExecutor.java:1093)
        at java.util.concurrent.ScheduledThreadPoolExecutor$DelayedWorkQueue.take(ScheduledThreadPoolExecutor.java:809)
        at java.util.concurrent.ThreadPoolExecutor.getTask(ThreadPoolExecutor.java:1074)
        at java.util.concurrent.ThreadPoolExecutor.runWorker(ThreadPoolExecutor.java:1134)
        at java.util.concurrent.ThreadPoolExecutor$Worker.run(ThreadPoolExecutor.java:624)
        at java.lang.Thread.run(Thread.java:748)
"RatisPipelineUtilsThread"  prio=5 tid=424 timed_waiting
java.lang.Thread.State: TIMED_WAITING
        at sun.misc.Unsafe.park(Native Method)
        at java.util.concurrent.locks.LockSupport.parkNanos(LockSupport.java:215)
        at java.util.concurrent.locks.AbstractQueuedSynchronizer$ConditionObject.awaitNanos(AbstractQueuedSynchronizer.java:2078)
        at java.util.concurrent.ScheduledThreadPoolExecutor$DelayedWorkQueue.take(ScheduledThreadPoolExecutor.java:1093)
        at java.util.concurrent.ScheduledThreadPoolExecutor$DelayedWorkQueue.take(ScheduledThreadPoolExecutor.java:809)
        at java.util.concurrent.ThreadPoolExecutor.getTask(ThreadPoolExecutor.java:1074)
        at java.util.concurrent.ThreadPoolExecutor.runWorker(ThreadPoolExecutor.java:1134)
        at java.util.concurrent.ThreadPoolExecutor$Worker.run(ThreadPoolExecutor.java:624)
        at java.lang.Thread.run(Thread.java:748)
"pool-36-thread-7"  prio=5 tid=299 in Object.wait()
java.lang.Thread.State: WAITING (on object monitor)
        at sun.misc.Unsafe.park(Native Method)
        at java.util.concurrent.locks.LockSupport.park(LockSupport.java:175)
        at java.util.concurrent.locks.AbstractQueuedSynchronizer$ConditionObject.await(AbstractQueuedSynchronizer.java:2039)
        at java.util.concurrent.ArrayBlockingQueue.take(ArrayBlockingQueue.java:403)
        at java.util.concurrent.ThreadPoolExecutor.getTask(ThreadPoolExecutor.java:1074)
        at java.util.concurrent.ThreadPoolExecutor.runWorker(ThreadPoolExecutor.java:1134)
        at java.util.concurrent.ThreadPoolExecutor$Worker.run(ThreadPoolExecutor.java:624)
        at java.lang.Thread.run(Thread.java:748)
"java.util.concurrent.ThreadPoolExecutor$Worker@30c68409[State = -1, empty queue]" daemon prio=5 tid=668 timed_waiting
java.lang.Thread.State: TIMED_WAITING
        at sun.misc.Unsafe.park(Native Method)
        at java.util.concurrent.locks.LockSupport.parkNanos(LockSupport.java:215)
        at java.util.concurrent.locks.AbstractQueuedSynchronizer$ConditionObject.awaitNanos(AbstractQueuedSynchronizer.java:2078)
        at java.util.concurrent.ScheduledThreadPoolExecutor$DelayedWorkQueue.take(ScheduledThreadPoolExecutor.java:1093)
        at java.util.concurrent.ScheduledThreadPoolExecutor$DelayedWorkQueue.take(ScheduledThreadPoolExecutor.java:809)
        at java.util.concurrent.ThreadPoolExecutor.getTask(ThreadPoolExecutor.java:1074)
        at java.util.concurrent.ThreadPoolExecutor.runWorker(ThreadPoolExecutor.java:1134)
        at java.util.concurrent.ThreadPoolExecutor$Worker.run(ThreadPoolExecutor.java:624)
        at java.lang.Thread.run(Thread.java:748)
"4a03179f-3169-4ac7-a075-259968512ef0@group-83C26644CFDA-StateMachineUpdater" daemon prio=5 tid=637 in Object.wait()
java.lang.Thread.State: WAITING (on object monitor)
        at java.lang.Object.wait(Native Method)
        at java.lang.Object.wait(Object.java:502)
        at org.apache.ratis.server.impl.StateMachineUpdater.waitForCommit(StateMachineUpdater.java:194)
        at org.apache.ratis.server.impl.StateMachineUpdater.run(StateMachineUpdater.java:159)
        at java.lang.Thread.run(Thread.java:748)
"IPC Server handler 5 on 40661" daemon prio=5 tid=54 timed_waiting
java.lang.Thread.State: TIMED_WAITING
        at sun.misc.Unsafe.park(Native Method)
        at java.util.concurrent.locks.LockSupport.parkNanos(LockSupport.java:215)
        at java.util.concurrent.locks.AbstractQueuedSynchronizer$ConditionObject.awaitNanos(AbstractQueuedSynchronizer.java:2078)
        at java.util.concurrent.LinkedBlockingQueue.poll(LinkedBlockingQueue.java:467)
        at org.apache.hadoop.ipc.CallQueueManager.take(CallQueueManager.java:288)
        at org.apache.hadoop.ipc.Server$Handler.run(Server.java:2668)
"IPC Server handler 2 on 40661" daemon prio=5 tid=51 timed_waiting
java.lang.Thread.State: TIMED_WAITING
        at sun.misc.Unsafe.park(Native Method)
        at java.util.concurrent.locks.LockSupport.parkNanos(LockSupport.java:215)
        at java.util.concurrent.locks.AbstractQueuedSynchronizer$ConditionObject.awaitNanos(AbstractQueuedSynchronizer.java:2078)
        at java.util.concurrent.LinkedBlockingQueue.poll(LinkedBlockingQueue.java:467)
        at org.apache.hadoop.ipc.CallQueueManager.take(CallQueueManager.java:288)
        at org.apache.hadoop.ipc.Server$Handler.run(Server.java:2668)
"IPC Server handler 5 on 34353" daemon prio=5 tid=74 timed_waiting
java.lang.Thread.State: TIMED_WAITING
        at sun.misc.Unsafe.park(Native Method)
        at java.util.concurrent.locks.LockSupport.parkNanos(LockSupport.java:215)
        at java.util.concurrent.locks.AbstractQueuedSynchronizer$ConditionObject.awaitNanos(AbstractQueuedSynchronizer.java:2078)
        at java.util.concurrent.LinkedBlockingQueue.poll(LinkedBlockingQueue.java:467)
        at org.apache.hadoop.ipc.CallQueueManager.take(CallQueueManager.java:288)
        at org.apache.hadoop.ipc.Server$Handler.run(Server.java:2668)
"qtp520082748-216" daemon prio=5 tid=216 timed_waiting
java.lang.Thread.State: TIMED_WAITING
        at sun.misc.Unsafe.park(Native Method)
        at java.util.concurrent.locks.LockSupport.parkNanos(LockSupport.java:215)
        at java.util.concurrent.locks.AbstractQueuedSynchronizer$ConditionObject.awaitNanos(AbstractQueuedSynchronizer.java:2078)
        at org.eclipse.jetty.util.BlockingArrayQueue.poll(BlockingArrayQueue.java:392)
        at org.eclipse.jetty.util.thread.QueuedThreadPool.idleJobPoll(QueuedThreadPool.java:563)
        at org.eclipse.jetty.util.thread.QueuedThreadPool.access$800(QueuedThreadPool.java:48)
        at org.eclipse.jetty.util.thread.QueuedThreadPool$2.run(QueuedThreadPool.java:626)
        at java.lang.Thread.run(Thread.java:748)
"qtp1536399059-190" daemon prio=5 tid=190 timed_waiting
java.lang.Thread.State: TIMED_WAITING
        at sun.misc.Unsafe.park(Native Method)
        at java.util.concurrent.locks.LockSupport.parkNanos(LockSupport.java:215)
        at java.util.concurrent.locks.AbstractQueuedSynchronizer$ConditionObject.awaitNanos(AbstractQueuedSynchronizer.java:2078)
        at org.eclipse.jetty.util.BlockingArrayQueue.poll(BlockingArrayQueue.java:392)
        at org.eclipse.jetty.util.thread.QueuedThreadPool.idleJobPoll(QueuedThreadPool.java:563)
        at org.eclipse.jetty.util.thread.QueuedThreadPool.access$800(QueuedThreadPool.java:48)
        at org.eclipse.jetty.util.thread.QueuedThreadPool$2.run(QueuedThreadPool.java:626)
        at java.lang.Thread.run(Thread.java:748)
"BlockDeletingService#1" daemon prio=5 tid=418 in Object.wait()
java.lang.Thread.State: WAITING (on object monitor)
        at sun.misc.Unsafe.park(Native Method)
        at java.util.concurrent.locks.LockSupport.park(LockSupport.java:175)
        at java.util.concurrent.locks.AbstractQueuedSynchronizer$ConditionObject.await(AbstractQueuedSynchronizer.java:2039)
        at java.util.concurrent.ScheduledThreadPoolExecutor$DelayedWorkQueue.take(ScheduledThreadPoolExecutor.java:1088)
        at java.util.concurrent.ScheduledThreadPoolExecutor$DelayedWorkQueue.take(ScheduledThreadPoolExecutor.java:809)
        at java.util.concurrent.ThreadPoolExecutor.getTask(ThreadPoolExecutor.java:1074)
        at java.util.concurrent.ThreadPoolExecutor.runWorker(ThreadPoolExecutor.java:1134)
        at java.util.concurrent.ThreadPoolExecutor$Worker.run(ThreadPoolExecutor.java:624)
        at java.lang.Thread.run(Thread.java:748)
"pool-26-thread-3"  prio=5 tid=235 in Object.wait()
java.lang.Thread.State: WAITING (on object monitor)
        at sun.misc.Unsafe.park(Native Method)
        at java.util.concurrent.locks.LockSupport.park(LockSupport.java:175)
        at java.util.concurrent.locks.AbstractQueuedSynchronizer$ConditionObject.await(AbstractQueuedSynchronizer.java:2039)
        at java.util.concurrent.ArrayBlockingQueue.take(ArrayBlockingQueue.java:403)
        at java.util.concurrent.ThreadPoolExecutor.getTask(ThreadPoolExecutor.java:1074)
        at java.util.concurrent.ThreadPoolExecutor.runWorker(ThreadPoolExecutor.java:1134)
        at java.util.concurrent.ThreadPoolExecutor$Worker.run(ThreadPoolExecutor.java:624)
        at java.lang.Thread.run(Thread.java:748)
"pool-36-thread-21"  prio=5 tid=313 in Object.wait()
java.lang.Thread.State: WAITING (on object monitor)
        at sun.misc.Unsafe.park(Native Method)
        at java.util.concurrent.locks.LockSupport.park(LockSupport.java:175)
        at java.util.concurrent.locks.AbstractQueuedSynchronizer$ConditionObject.await(AbstractQueuedSynchronizer.java:2039)
        at java.util.concurrent.ArrayBlockingQueue.take(ArrayBlockingQueue.java:403)
        at java.util.concurrent.ThreadPoolExecutor.getTask(ThreadPoolExecutor.java:1074)
        at java.util.concurrent.ThreadPoolExecutor.runWorker(ThreadPoolExecutor.java:1134)
        at java.util.concurrent.ThreadPoolExecutor$Worker.run(ThreadPoolExecutor.java:624)
        at java.lang.Thread.run(Thread.java:748)
"grpc-default-worker-ELG-3-2" daemon prio=5 tid=434 runnable
java.lang.Thread.State: RUNNABLE
        at sun.nio.ch.EPollArrayWrapper.epollWait(Native Method)
        at sun.nio.ch.EPollArrayWrapper.poll(EPollArrayWrapper.java:269)
        at sun.nio.ch.EPollSelectorImpl.doSelect(EPollSelectorImpl.java:93)
        at sun.nio.ch.SelectorImpl.lockAndDoSelect(SelectorImpl.java:86)
        at sun.nio.ch.SelectorImpl.select(SelectorImpl.java:97)
        at org.apache.ratis.thirdparty.io.netty.channel.nio.SelectedSelectionKeySetSelector.select(SelectedSelectionKeySetSelector.java:62)
        at org.apache.ratis.thirdparty.io.netty.channel.nio.NioEventLoop.select(NioEventLoop.java:753)
        at org.apache.ratis.thirdparty.io.netty.channel.nio.NioEventLoop.run(NioEventLoop.java:408)
        at org.apache.ratis.thirdparty.io.netty.util.concurrent.SingleThreadEventExecutor$5.run(SingleThreadEventExecutor.java:897)
        at org.apache.ratis.thirdparty.io.netty.util.concurrent.FastThreadLocalRunnable.run(FastThreadLocalRunnable.java:30)
        at java.lang.Thread.run(Thread.java:748)
"IPC Server handler 6 on 40661" daemon prio=5 tid=55 timed_waiting
java.lang.Thread.State: TIMED_WAITING
        at sun.misc.Unsafe.park(Native Method)
        at java.util.concurrent.locks.LockSupport.parkNanos(LockSupport.java:215)
        at java.util.concurrent.locks.AbstractQueuedSynchronizer$ConditionObject.awaitNanos(AbstractQueuedSynchronizer.java:2078)
        at java.util.concurrent.LinkedBlockingQueue.poll(LinkedBlockingQueue.java:467)
        at org.apache.hadoop.ipc.CallQueueManager.take(CallQueueManager.java:288)
        at org.apache.hadoop.ipc.Server$Handler.run(Server.java:2668)
"BlockDeletingService#1" daemon prio=5 tid=419 in Object.wait()
java.lang.Thread.State: WAITING (on object monitor)
        at sun.misc.Unsafe.park(Native Method)
        at java.util.concurrent.locks.LockSupport.park(LockSupport.java:175)
        at java.util.concurrent.locks.AbstractQueuedSynchronizer$ConditionObject.await(AbstractQueuedSynchronizer.java:2039)
        at java.util.concurrent.ScheduledThreadPoolExecutor$DelayedWorkQueue.take(ScheduledThreadPoolExecutor.java:1088)
        at java.util.concurrent.ScheduledThreadPoolExecutor$DelayedWorkQueue.take(ScheduledThreadPoolExecutor.java:809)
        at java.util.concurrent.ThreadPoolExecutor.getTask(ThreadPoolExecutor.java:1074)
        at java.util.concurrent.ThreadPoolExecutor.runWorker(ThreadPoolExecutor.java:1134)
        at java.util.concurrent.ThreadPoolExecutor$Worker.run(ThreadPoolExecutor.java:624)
        at java.lang.Thread.run(Thread.java:748)
"pool-26-thread-46"  prio=5 tid=278 in Object.wait()
java.lang.Thread.State: WAITING (on object monitor)
        at sun.misc.Unsafe.park(Native Method)
        at java.util.concurrent.locks.LockSupport.park(LockSupport.java:175)
        at java.util.concurrent.locks.AbstractQueuedSynchronizer$ConditionObject.await(AbstractQueuedSynchronizer.java:2039)
        at java.util.concurrent.ArrayBlockingQueue.take(ArrayBlockingQueue.java:403)
        at java.util.concurrent.ThreadPoolExecutor.getTask(ThreadPoolExecutor.java:1074)
        at java.util.concurrent.ThreadPoolExecutor.runWorker(ThreadPoolExecutor.java:1134)
        at java.util.concurrent.ThreadPoolExecutor$Worker.run(ThreadPoolExecutor.java:624)
        at java.lang.Thread.run(Thread.java:748)
"IPC Server handler 10 on 33987" daemon prio=5 tid=39 timed_waiting
java.lang.Thread.State: TIMED_WAITING
        at sun.misc.Unsafe.park(Native Method)
        at java.util.concurrent.locks.LockSupport.parkNanos(LockSupport.java:215)
        at java.util.concurrent.locks.AbstractQueuedSynchronizer$ConditionObject.awaitNanos(AbstractQueuedSynchronizer.java:2078)
        at java.util.concurrent.LinkedBlockingQueue.poll(LinkedBlockingQueue.java:467)
        at org.apache.hadoop.ipc.CallQueueManager.take(CallQueueManager.java:288)
        at org.apache.hadoop.ipc.Server$Handler.run(Server.java:2668)
"pool-46-thread-5"  prio=5 tid=357 in Object.wait()
java.lang.Thread.State: WAITING (on object monitor)
        at sun.misc.Unsafe.park(Native Method)
        at java.util.concurrent.locks.LockSupport.park(LockSupport.java:175)
        at java.util.concurrent.locks.AbstractQueuedSynchronizer$ConditionObject.await(AbstractQueuedSynchronizer.java:2039)
        at java.util.concurrent.ArrayBlockingQueue.take(ArrayBlockingQueue.java:403)
        at java.util.concurrent.ThreadPoolExecutor.getTask(ThreadPoolExecutor.java:1074)
        at java.util.concurrent.ThreadPoolExecutor.runWorker(ThreadPoolExecutor.java:1134)
        at java.util.concurrent.ThreadPoolExecutor$Worker.run(ThreadPoolExecutor.java:624)
        at java.lang.Thread.run(Thread.java:748)
"qtp231182885-160-acceptor-0@401379dd-ServerConnector@1deceb67{HTTP/1.1,[http/1.1]}{0.0.0.0:46617}" daemon prio=3 tid=160 runnable
java.lang.Thread.State: RUNNABLE
        at sun.nio.ch.ServerSocketChannelImpl.accept0(Native Method)
        at sun.nio.ch.ServerSocketChannelImpl.accept(ServerSocketChannelImpl.java:422)
        at sun.nio.ch.ServerSocketChannelImpl.accept(ServerSocketChannelImpl.java:250)
        at org.eclipse.jetty.server.ServerConnector.accept(ServerConnector.java:397)
        at org.eclipse.jetty.server.AbstractConnector$Acceptor.run(AbstractConnector.java:601)
        at org.eclipse.jetty.util.thread.QueuedThreadPool.runJob(QueuedThreadPool.java:671)
        at org.eclipse.jetty.util.thread.QueuedThreadPool$2.run(QueuedThreadPool.java:589)
        at java.lang.Thread.run(Thread.java:748)
"IPC Server handler 5 on 35897" daemon prio=5 tid=119 timed_waiting
java.lang.Thread.State: TIMED_WAITING
        at sun.misc.Unsafe.park(Native Method)
        at java.util.concurrent.locks.LockSupport.parkNanos(LockSupport.java:215)
        at java.util.concurrent.locks.AbstractQueuedSynchronizer$ConditionObject.awaitNanos(AbstractQueuedSynchronizer.java:2078)
        at java.util.concurrent.LinkedBlockingQueue.poll(LinkedBlockingQueue.java:467)
        at org.apache.hadoop.ipc.CallQueueManager.take(CallQueueManager.java:288)
        at org.apache.hadoop.ipc.Server$Handler.run(Server.java:2668)
"Timer-0"  prio=5 tid=112 timed_waiting
java.lang.Thread.State: TIMED_WAITING
        at java.lang.Object.wait(Native Method)
        at java.util.TimerThread.mainLoop(Timer.java:552)
        at java.util.TimerThread.run(Timer.java:505)
"IPC Server handler 6 on 34353" daemon prio=5 tid=75 timed_waiting
java.lang.Thread.State: TIMED_WAITING
        at sun.misc.Unsafe.park(Native Method)
        at java.util.concurrent.locks.LockSupport.parkNanos(LockSupport.java:215)
        at java.util.concurrent.locks.AbstractQueuedSynchronizer$ConditionObject.awaitNanos(AbstractQueuedSynchronizer.java:2078)
        at java.util.concurrent.LinkedBlockingQueue.poll(LinkedBlockingQueue.java:467)
        at org.apache.hadoop.ipc.CallQueueManager.take(CallQueueManager.java:288)
        at org.apache.hadoop.ipc.Server$Handler.run(Server.java:2668)
"BlockDeletingService#0" daemon prio=5 tid=414 in Object.wait()
java.lang.Thread.State: WAITING (on object monitor)
        at sun.misc.Unsafe.park(Native Method)
        at java.util.concurrent.locks.LockSupport.park(LockSupport.java:175)
        at java.util.concurrent.locks.AbstractQueuedSynchronizer$ConditionObject.await(AbstractQueuedSynchronizer.java:2039)
        at java.util.concurrent.ScheduledThreadPoolExecutor$DelayedWorkQueue.take(ScheduledThreadPoolExecutor.java:1088)
        at java.util.concurrent.ScheduledThreadPoolExecutor$DelayedWorkQueue.take(ScheduledThreadPoolExecutor.java:809)
        at java.util.concurrent.ThreadPoolExecutor.getTask(ThreadPoolExecutor.java:1074)
        at java.util.concurrent.ThreadPoolExecutor.runWorker(ThreadPoolExecutor.java:1134)
        at java.util.concurrent.ThreadPoolExecutor$Worker.run(ThreadPoolExecutor.java:624)
        at java.lang.Thread.run(Thread.java:748)
"pool-36-thread-12"  prio=5 tid=304 in Object.wait()
java.lang.Thread.State: WAITING (on object monitor)
        at sun.misc.Unsafe.park(Native Method)
        at java.util.concurrent.locks.LockSupport.park(LockSupport.java:175)
        at java.util.concurrent.locks.AbstractQueuedSynchronizer$ConditionObject.await(AbstractQueuedSynchronizer.java:2039)
        at java.util.concurrent.ArrayBlockingQueue.take(ArrayBlockingQueue.java:403)
        at java.util.concurrent.ThreadPoolExecutor.getTask(ThreadPoolExecutor.java:1074)
        at java.util.concurrent.ThreadPoolExecutor.runWorker(ThreadPoolExecutor.java:1134)
        at java.util.concurrent.ThreadPoolExecutor$Worker.run(ThreadPoolExecutor.java:624)
        at java.lang.Thread.run(Thread.java:748)
"BlockDeletingService#9" daemon prio=5 tid=822 in Object.wait()
java.lang.Thread.State: WAITING (on object monitor)
        at sun.misc.Unsafe.park(Native Method)
        at java.util.concurrent.locks.LockSupport.park(LockSupport.java:175)
        at java.util.concurrent.locks.AbstractQueuedSynchronizer$ConditionObject.await(AbstractQueuedSynchronizer.java:2039)
        at java.util.concurrent.ScheduledThreadPoolExecutor$DelayedWorkQueue.take(ScheduledThreadPoolExecutor.java:1088)
        at java.util.concurrent.ScheduledThreadPoolExecutor$DelayedWorkQueue.take(ScheduledThreadPoolExecutor.java:809)
        at java.util.concurrent.ThreadPoolExecutor.getTask(ThreadPoolExecutor.java:1074)
        at java.util.concurrent.ThreadPoolExecutor.runWorker(ThreadPoolExecutor.java:1134)
        at java.util.concurrent.ThreadPoolExecutor$Worker.run(ThreadPoolExecutor.java:624)
        at java.lang.Thread.run(Thread.java:748)
"pool-36-thread-28"  prio=5 tid=320 in Object.wait()
java.lang.Thread.State: WAITING (on object monitor)
        at sun.misc.Unsafe.park(Native Method)
        at java.util.concurrent.locks.LockSupport.park(LockSupport.java:175)
        at java.util.concurrent.locks.AbstractQueuedSynchronizer$ConditionObject.await(AbstractQueuedSynchronizer.java:2039)
        at java.util.concurrent.ArrayBlockingQueue.take(ArrayBlockingQueue.java:403)
        at java.util.concurrent.ThreadPoolExecutor.getTask(ThreadPoolExecutor.java:1074)
        at java.util.concurrent.ThreadPoolExecutor.runWorker(ThreadPoolExecutor.java:1134)
        at java.util.concurrent.ThreadPoolExecutor$Worker.run(ThreadPoolExecutor.java:624)
        at java.lang.Thread.run(Thread.java:748)
"IPC Server handler 16 on 40661" daemon prio=5 tid=65 timed_waiting
java.lang.Thread.State: TIMED_WAITING
        at sun.misc.Unsafe.park(Native Method)
        at java.util.concurrent.locks.LockSupport.parkNanos(LockSupport.java:215)
        at java.util.concurrent.locks.AbstractQueuedSynchronizer$ConditionObject.awaitNanos(AbstractQueuedSynchronizer.java:2078)
        at java.util.concurrent.LinkedBlockingQueue.poll(LinkedBlockingQueue.java:467)
        at org.apache.hadoop.ipc.CallQueueManager.take(CallQueueManager.java:288)
        at org.apache.hadoop.ipc.Server$Handler.run(Server.java:2668)
"IPC Server listener on 40661" daemon prio=5 tid=18 runnable
java.lang.Thread.State: RUNNABLE
        at sun.nio.ch.EPollArrayWrapper.epollWait(Native Method)
        at sun.nio.ch.EPollArrayWrapper.poll(EPollArrayWrapper.java:269)
        at sun.nio.ch.EPollSelectorImpl.doSelect(EPollSelectorImpl.java:93)
        at sun.nio.ch.SelectorImpl.lockAndDoSelect(SelectorImpl.java:86)
        at sun.nio.ch.SelectorImpl.select(SelectorImpl.java:97)
        at sun.nio.ch.SelectorImpl.select(SelectorImpl.java:101)
        at org.apache.hadoop.ipc.Server$Listener.run(Server.java:1159)
"IPC Server handler 1 on 34353" daemon prio=5 tid=70 timed_waiting
java.lang.Thread.State: TIMED_WAITING
        at sun.misc.Unsafe.park(Native Method)
        at java.util.concurrent.locks.LockSupport.parkNanos(LockSupport.java:215)
        at java.util.concurrent.locks.AbstractQueuedSynchronizer$ConditionObject.awaitNanos(AbstractQueuedSynchronizer.java:2078)
        at java.util.concurrent.LinkedBlockingQueue.poll(LinkedBlockingQueue.java:467)
        at org.apache.hadoop.ipc.CallQueueManager.take(CallQueueManager.java:288)
        at org.apache.hadoop.ipc.Server$Handler.run(Server.java:2668)
"Datanode ReportManager Thread - 3" daemon prio=5 tid=228 in Object.wait()
java.lang.Thread.State: WAITING (on object monitor)
        at sun.misc.Unsafe.park(Native Method)
        at java.util.concurrent.locks.LockSupport.park(LockSupport.java:175)
        at java.util.concurrent.locks.AbstractQueuedSynchronizer$ConditionObject.await(AbstractQueuedSynchronizer.java:2039)
        at java.util.concurrent.ScheduledThreadPoolExecutor$DelayedWorkQueue.take(ScheduledThreadPoolExecutor.java:1088)
        at java.util.concurrent.ScheduledThreadPoolExecutor$DelayedWorkQueue.take(ScheduledThreadPoolExecutor.java:809)
        at java.util.concurrent.ThreadPoolExecutor.getTask(ThreadPoolExecutor.java:1074)
        at java.util.concurrent.ThreadPoolExecutor.runWorker(ThreadPoolExecutor.java:1134)
        at java.util.concurrent.ThreadPoolExecutor$Worker.run(ThreadPoolExecutor.java:624)
        at java.lang.Thread.run(Thread.java:748)
"Datanode ReportManager Thread - 2" daemon prio=5 tid=200 timed_waiting
java.lang.Thread.State: TIMED_WAITING
        at sun.misc.Unsafe.park(Native Method)
        at java.util.concurrent.locks.LockSupport.parkNanos(LockSupport.java:215)
        at java.util.concurrent.locks.AbstractQueuedSynchronizer$ConditionObject.awaitNanos(AbstractQueuedSynchronizer.java:2078)
        at java.util.concurrent.ScheduledThreadPoolExecutor$DelayedWorkQueue.take(ScheduledThreadPoolExecutor.java:1093)
        at java.util.concurrent.ScheduledThreadPoolExecutor$DelayedWorkQueue.take(ScheduledThreadPoolExecutor.java:809)
        at java.util.concurrent.ThreadPoolExecutor.getTask(ThreadPoolExecutor.java:1074)
        at java.util.concurrent.ThreadPoolExecutor.runWorker(ThreadPoolExecutor.java:1134)
        at java.util.concurrent.ThreadPoolExecutor$Worker.run(ThreadPoolExecutor.java:624)
        at java.lang.Thread.run(Thread.java:748)
"refreshUsed-/workdir/hadoop-ozone/integration-test/target/test-dir/MiniOzoneClusterImpl-c59fee7e-17c5-4f17-b61a-b44f1b433ee8/datanode-0/data/containers" daemon prio=5 tid=154 timed_waiting
java.lang.Thread.State: TIMED_WAITING
        at java.lang.Thread.sleep(Native Method)
        at org.apache.hadoop.fs.CachingGetSpaceUsed$RefreshThread.run(CachingGetSpaceUsed.java:179)
        at java.lang.Thread.run(Thread.java:748)
"pool-36-thread-58"  prio=5 tid=350 in Object.wait()
java.lang.Thread.State: WAITING (on object monitor)
        at sun.misc.Unsafe.park(Native Method)
        at java.util.concurrent.locks.LockSupport.park(LockSupport.java:175)
        at java.util.concurrent.locks.AbstractQueuedSynchronizer$ConditionObject.await(AbstractQueuedSynchronizer.java:2039)
        at java.util.concurrent.ArrayBlockingQueue.take(ArrayBlockingQueue.java:403)
        at java.util.concurrent.ThreadPoolExecutor.getTask(ThreadPoolExecutor.java:1074)
        at java.util.concurrent.ThreadPoolExecutor.runWorker(ThreadPoolExecutor.java:1134)
        at java.util.concurrent.ThreadPoolExecutor$Worker.run(ThreadPoolExecutor.java:624)
        at java.lang.Thread.run(Thread.java:748)
"pool-46-thread-24"  prio=5 tid=376 in Object.wait()
java.lang.Thread.State: WAITING (on object monitor)
        at sun.misc.Unsafe.park(Native Method)
        at java.util.concurrent.locks.LockSupport.park(LockSupport.java:175)
        at java.util.concurrent.locks.AbstractQueuedSynchronizer$ConditionObject.await(AbstractQueuedSynchronizer.java:2039)
        at java.util.concurrent.ArrayBlockingQueue.take(ArrayBlockingQueue.java:403)
        at java.util.concurrent.ThreadPoolExecutor.getTask(ThreadPoolExecutor.java:1074)
        at java.util.concurrent.ThreadPoolExecutor.runWorker(ThreadPoolExecutor.java:1134)
        at java.util.concurrent.ThreadPoolExecutor$Worker.run(ThreadPoolExecutor.java:624)
        at java.lang.Thread.run(Thread.java:748)
"pool-26-thread-59"  prio=5 tid=291 in Object.wait()
java.lang.Thread.State: WAITING (on object monitor)
        at sun.misc.Unsafe.park(Native Method)
        at java.util.concurrent.locks.LockSupport.park(LockSupport.java:175)
        at java.util.concurrent.locks.AbstractQueuedSynchronizer$ConditionObject.await(AbstractQueuedSynchronizer.java:2039)
        at java.util.concurrent.ArrayBlockingQueue.take(ArrayBlockingQueue.java:403)
        at java.util.concurrent.ThreadPoolExecutor.getTask(ThreadPoolExecutor.java:1074)
        at java.util.concurrent.ThreadPoolExecutor.runWorker(ThreadPoolExecutor.java:1134)
        at java.util.concurrent.ThreadPoolExecutor$Worker.run(ThreadPoolExecutor.java:624)
        at java.lang.Thread.run(Thread.java:748)
"metrics-hadoop-metrics2-reporter-24-thread-1" daemon prio=5 tid=516 timed_waiting
java.lang.Thread.State: TIMED_WAITING
        at sun.misc.Unsafe.park(Native Method)
        at java.util.concurrent.locks.LockSupport.parkNanos(LockSupport.java:215)
        at java.util.concurrent.locks.AbstractQueuedSynchronizer$ConditionObject.awaitNanos(AbstractQueuedSynchronizer.java:2078)
        at java.util.concurrent.ScheduledThreadPoolExecutor$DelayedWorkQueue.take(ScheduledThreadPoolExecutor.java:1093)
        at java.util.concurrent.ScheduledThreadPoolExecutor$DelayedWorkQueue.take(ScheduledThreadPoolExecutor.java:809)
        at java.util.concurrent.ThreadPoolExecutor.getTask(ThreadPoolExecutor.java:1074)
        at java.util.concurrent.ThreadPoolExecutor.runWorker(ThreadPoolExecutor.java:1134)
        at java.util.concurrent.ThreadPoolExecutor$Worker.run(ThreadPoolExecutor.java:624)
        at java.lang.Thread.run(Thread.java:748)
"IPC Server listener on 35897" daemon prio=5 tid=107 runnable
java.lang.Thread.State: RUNNABLE
        at sun.nio.ch.EPollArrayWrapper.epollWait(Native Method)
        at sun.nio.ch.EPollArrayWrapper.poll(EPollArrayWrapper.java:269)
        at sun.nio.ch.EPollSelectorImpl.doSelect(EPollSelectorImpl.java:93)
        at sun.nio.ch.SelectorImpl.lockAndDoSelect(SelectorImpl.java:86)
        at sun.nio.ch.SelectorImpl.select(SelectorImpl.java:97)
        at sun.nio.ch.SelectorImpl.select(SelectorImpl.java:101)
        at org.apache.hadoop.ipc.Server$Listener.run(Server.java:1159)
"BlockDeletingService#7" daemon prio=5 tid=717 in Object.wait()
java.lang.Thread.State: WAITING (on object monitor)
        at sun.misc.Unsafe.park(Native Method)
        at java.util.concurrent.locks.LockSupport.park(LockSupport.java:175)
        at java.util.concurrent.locks.AbstractQueuedSynchronizer$ConditionObject.await(AbstractQueuedSynchronizer.java:2039)
        at java.util.concurrent.ScheduledThreadPoolExecutor$DelayedWorkQueue.take(ScheduledThreadPoolExecutor.java:1088)
        at java.util.concurrent.ScheduledThreadPoolExecutor$DelayedWorkQueue.take(ScheduledThreadPoolExecutor.java:809)
        at java.util.concurrent.ThreadPoolExecutor.getTask(ThreadPoolExecutor.java:1074)
        at java.util.concurrent.ThreadPoolExecutor.runWorker(ThreadPoolExecutor.java:1134)
        at java.util.concurrent.ThreadPoolExecutor$Worker.run(ThreadPoolExecutor.java:624)
        at java.lang.Thread.run(Thread.java:748)
"pool-36-thread-37"  prio=5 tid=329 in Object.wait()
java.lang.Thread.State: WAITING (on object monitor)
        at sun.misc.Unsafe.park(Native Method)
        at java.util.concurrent.locks.LockSupport.park(LockSupport.java:175)
        at java.util.concurrent.locks.AbstractQueuedSynchronizer$ConditionObject.await(AbstractQueuedSynchronizer.java:2039)
        at java.util.concurrent.ArrayBlockingQueue.take(ArrayBlockingQueue.java:403)
        at java.util.concurrent.ThreadPoolExecutor.getTask(ThreadPoolExecutor.java:1074)
        at java.util.concurrent.ThreadPoolExecutor.runWorker(ThreadPoolExecutor.java:1134)
        at java.util.concurrent.ThreadPoolExecutor$Worker.run(ThreadPoolExecutor.java:624)
        at java.lang.Thread.run(Thread.java:748)
"pool-26-thread-45"  prio=5 tid=277 in Object.wait()
java.lang.Thread.State: WAITING (on object monitor)
        at sun.misc.Unsafe.park(Native Method)
        at java.util.concurrent.locks.LockSupport.park(LockSupport.java:175)
        at java.util.concurrent.locks.AbstractQueuedSynchronizer$ConditionObject.await(AbstractQueuedSynchronizer.java:2039)
        at java.util.concurrent.ArrayBlockingQueue.take(ArrayBlockingQueue.java:403)
        at java.util.concurrent.ThreadPoolExecutor.getTask(ThreadPoolExecutor.java:1074)
        at java.util.concurrent.ThreadPoolExecutor.runWorker(ThreadPoolExecutor.java:1134)
        at java.util.concurrent.ThreadPoolExecutor$Worker.run(ThreadPoolExecutor.java:624)
        at java.lang.Thread.run(Thread.java:748)
"BlockDeletingService#5" daemon prio=5 tid=581 in Object.wait()
java.lang.Thread.State: WAITING (on object monitor)
        at sun.misc.Unsafe.park(Native Method)
        at java.util.concurrent.locks.LockSupport.park(LockSupport.java:175)
        at java.util.concurrent.locks.AbstractQueuedSynchronizer$ConditionObject.await(AbstractQueuedSynchronizer.java:2039)
        at java.util.concurrent.ScheduledThreadPoolExecutor$DelayedWorkQueue.take(ScheduledThreadPoolExecutor.java:1088)
        at java.util.concurrent.ScheduledThreadPoolExecutor$DelayedWorkQueue.take(ScheduledThreadPoolExecutor.java:809)
        at java.util.concurrent.ThreadPoolExecutor.getTask(ThreadPoolExecutor.java:1074)
        at java.util.concurrent.ThreadPoolExecutor.runWorker(ThreadPoolExecutor.java:1134)
        at java.util.concurrent.ThreadPoolExecutor$Worker.run(ThreadPoolExecutor.java:624)
        at java.lang.Thread.run(Thread.java:748)
"pool-46-thread-52"  prio=5 tid=404 in Object.wait()
java.lang.Thread.State: WAITING (on object monitor)
        at sun.misc.Unsafe.park(Native Method)
        at java.util.concurrent.locks.LockSupport.park(LockSupport.java:175)
        at java.util.concurrent.locks.AbstractQueuedSynchronizer$ConditionObject.await(AbstractQueuedSynchronizer.java:2039)
        at java.util.concurrent.ArrayBlockingQueue.take(ArrayBlockingQueue.java:403)
        at java.util.concurrent.ThreadPoolExecutor.getTask(ThreadPoolExecutor.java:1074)
        at java.util.concurrent.ThreadPoolExecutor.runWorker(ThreadPoolExecutor.java:1134)
        at java.util.concurrent.ThreadPoolExecutor$Worker.run(ThreadPoolExecutor.java:624)
        at java.lang.Thread.run(Thread.java:748)
"pool-46-thread-29"  prio=5 tid=381 in Object.wait()
java.lang.Thread.State: WAITING (on object monitor)
        at sun.misc.Unsafe.park(Native Method)
        at java.util.concurrent.locks.LockSupport.park(LockSupport.java:175)
        at java.util.concurrent.locks.AbstractQueuedSynchronizer$ConditionObject.await(AbstractQueuedSynchronizer.java:2039)
        at java.util.concurrent.ArrayBlockingQueue.take(ArrayBlockingQueue.java:403)
        at java.util.concurrent.ThreadPoolExecutor.getTask(ThreadPoolExecutor.java:1074)
        at java.util.concurrent.ThreadPoolExecutor.runWorker(ThreadPoolExecutor.java:1134)
        at java.util.concurrent.ThreadPoolExecutor$Worker.run(ThreadPoolExecutor.java:624)
        at java.lang.Thread.run(Thread.java:748)
"main"  prio=5 tid=1 runnable
java.lang.Thread.State: RUNNABLE
        at java.lang.Thread.dumpThreads(Native Method)
        at java.lang.Thread.getAllStackTraces(Thread.java:1610)
        at org.apache.hadoop.test.TimedOutTestsListener.buildThreadDump(TimedOutTestsListener.java:87)
        at org.apache.hadoop.test.TimedOutTestsListener.buildThreadDiagnosticString(TimedOutTestsListener.java:73)
        at org.apache.hadoop.test.GenericTestUtils.waitFor(GenericTestUtils.java:389)
        at org.apache.hadoop.ozone.MiniOzoneClusterImpl.waitForClusterToBeReady(MiniOzoneClusterImpl.java:149)
        at org.apache.hadoop.ozone.client.rpc.TestDeleteWithSlowFollower.init(TestDeleteWithSlowFollower.java:119)
        at sun.reflect.NativeMethodAccessorImpl.invoke0(Native Method)
        at sun.reflect.NativeMethodAccessorImpl.invoke(NativeMethodAccessorImpl.java:62)
        at sun.reflect.DelegatingMethodAccessorImpl.invoke(DelegatingMethodAccessorImpl.java:43)
        at java.lang.reflect.Method.invoke(Method.java:498)
        at org.junit.runners.model.FrameworkMethod$1.runReflectiveCall(FrameworkMethod.java:47)
        at org.junit.internal.runners.model.ReflectiveCallable.run(ReflectiveCallable.java:12)
        at org.junit.runners.model.FrameworkMethod.invokeExplosively(FrameworkMethod.java:44)
        at org.junit.internal.runners.statements.RunBefores.evaluate(RunBefores.java:24)
        at org.junit.internal.runners.statements.RunAfters.evaluate(RunAfters.java:27)
        at org.junit.runners.ParentRunner.run(ParentRunner.java:309)
        at org.apache.maven.surefire.junit4.JUnit4Provider.execute(JUnit4Provider.java:365)
        at org.apache.maven.surefire.junit4.JUnit4Provider.executeWithRerun(JUnit4Provider.java:273)
        at org.apache.maven.surefire.junit4.JUnit4Provider.executeTestSet(JUnit4Provider.java:238)
        at org.apache.maven.surefire.junit4.JUnit4Provider.invoke(JUnit4Provider.java:159)
        at org.apache.maven.surefire.booter.ForkedBooter.invokeProviderInSameClassLoader(ForkedBooter.java:384)
        at org.apache.maven.surefire.booter.ForkedBooter.runSuitesInProcess(ForkedBooter.java:345)
        at org.apache.maven.surefire.booter.ForkedBooter.execute(ForkedBooter.java:126)
        at org.apache.maven.surefire.booter.ForkedBooter.main(ForkedBooter.java:418)
"IPC Server Responder" daemon prio=5 tid=25 runnable
java.lang.Thread.State: RUNNABLE
        at sun.nio.ch.EPollArrayWrapper.epollWait(Native Method)
        at sun.nio.ch.EPollArrayWrapper.poll(EPollArrayWrapper.java:269)
        at sun.nio.ch.EPollSelectorImpl.doSelect(EPollSelectorImpl.java:93)
        at sun.nio.ch.SelectorImpl.lockAndDoSelect(SelectorImpl.java:86)
        at sun.nio.ch.SelectorImpl.select(SelectorImpl.java:97)
        at org.apache.hadoop.ipc.Server$Responder.doRunLoop(Server.java:1334)
        at org.apache.hadoop.ipc.Server$Responder.run(Server.java:1317)
"BlockDeletingService#6" daemon prio=5 tid=650 in Object.wait()
java.lang.Thread.State: WAITING (on object monitor)
        at sun.misc.Unsafe.park(Native Method)
        at java.util.concurrent.locks.LockSupport.park(LockSupport.java:175)
        at java.util.concurrent.locks.AbstractQueuedSynchronizer$ConditionObject.await(AbstractQueuedSynchronizer.java:2039)
        at java.util.concurrent.ScheduledThreadPoolExecutor$DelayedWorkQueue.take(ScheduledThreadPoolExecutor.java:1088)
        at java.util.concurrent.ScheduledThreadPoolExecutor$DelayedWorkQueue.take(ScheduledThreadPoolExecutor.java:809)
        at java.util.concurrent.ThreadPoolExecutor.getTask(ThreadPoolExecutor.java:1074)
        at java.util.concurrent.ThreadPoolExecutor.runWorker(ThreadPoolExecutor.java:1134)
        at java.util.concurrent.ThreadPoolExecutor$Worker.run(ThreadPoolExecutor.java:624)
        at java.lang.Thread.run(Thread.java:748)
"pool-26-thread-6"  prio=5 tid=238 in Object.wait()
java.lang.Thread.State: WAITING (on object monitor)
        at sun.misc.Unsafe.park(Native Method)
        at java.util.concurrent.locks.LockSupport.park(LockSupport.java:175)
        at java.util.concurrent.locks.AbstractQueuedSynchronizer$ConditionObject.await(AbstractQueuedSynchronizer.java:2039)
        at java.util.concurrent.ArrayBlockingQueue.take(ArrayBlockingQueue.java:403)
        at java.util.concurrent.ThreadPoolExecutor.getTask(ThreadPoolExecutor.java:1074)
        at java.util.concurrent.ThreadPoolExecutor.runWorker(ThreadPoolExecutor.java:1134)
        at java.util.concurrent.ThreadPoolExecutor$Worker.run(ThreadPoolExecutor.java:624)
        at java.lang.Thread.run(Thread.java:748)
"EventQueue-NodeReportForNodeReportHandler" daemon prio=5 tid=2928 in Object.wait()
java.lang.Thread.State: WAITING (on object monitor)
        at sun.misc.Unsafe.park(Native Method)
        at java.util.concurrent.locks.LockSupport.park(LockSupport.java:175)
        at java.util.concurrent.locks.AbstractQueuedSynchronizer$ConditionObject.await(AbstractQueuedSynchronizer.java:2039)
        at java.util.concurrent.LinkedBlockingQueue.take(LinkedBlockingQueue.java:442)
        at java.util.concurrent.ThreadPoolExecutor.getTask(ThreadPoolExecutor.java:1074)
        at java.util.concurrent.ThreadPoolExecutor.runWorker(ThreadPoolExecutor.java:1134)
        at java.util.concurrent.ThreadPoolExecutor$Worker.run(ThreadPoolExecutor.java:624)
        at java.lang.Thread.run(Thread.java:748)
"metrics-hadoop-metrics2-reporter-18-thread-1" daemon prio=5 tid=489 timed_waiting
java.lang.Thread.State: TIMED_WAITING
        at sun.misc.Unsafe.park(Native Method)
        at java.util.concurrent.locks.LockSupport.parkNanos(LockSupport.java:215)
        at java.util.concurrent.locks.AbstractQueuedSynchronizer$ConditionObject.awaitNanos(AbstractQueuedSynchronizer.java:2078)
        at java.util.concurrent.ScheduledThreadPoolExecutor$DelayedWorkQueue.take(ScheduledThreadPoolExecutor.java:1093)
        at java.util.concurrent.ScheduledThreadPoolExecutor$DelayedWorkQueue.take(ScheduledThreadPoolExecutor.java:809)
        at java.util.concurrent.ThreadPoolExecutor.getTask(ThreadPoolExecutor.java:1074)
        at java.util.concurrent.ThreadPoolExecutor.runWorker(ThreadPoolExecutor.java:1134)
        at java.util.concurrent.ThreadPoolExecutor$Worker.run(ThreadPoolExecutor.java:624)
        at java.lang.Thread.run(Thread.java:748)
"pool-26-thread-20"  prio=5 tid=252 in Object.wait()
java.lang.Thread.State: WAITING (on object monitor)
        at sun.misc.Unsafe.park(Native Method)
        at java.util.concurrent.locks.LockSupport.park(LockSupport.java:175)
        at java.util.concurrent.locks.AbstractQueuedSynchronizer$ConditionObject.await(AbstractQueuedSynchronizer.java:2039)
        at java.util.concurrent.ArrayBlockingQueue.take(ArrayBlockingQueue.java:403)
        at java.util.concurrent.ThreadPoolExecutor.getTask(ThreadPoolExecutor.java:1074)
        at java.util.concurrent.ThreadPoolExecutor.runWorker(ThreadPoolExecutor.java:1134)
        at java.util.concurrent.ThreadPoolExecutor$Worker.run(ThreadPoolExecutor.java:624)
        at java.lang.Thread.run(Thread.java:748)
"pool-26-thread-58"  prio=5 tid=290 in Object.wait()
java.lang.Thread.State: WAITING (on object monitor)
        at sun.misc.Unsafe.park(Native Method)
        at java.util.concurrent.locks.LockSupport.park(LockSupport.java:175)
        at java.util.concurrent.locks.AbstractQueuedSynchronizer$ConditionObject.await(AbstractQueuedSynchronizer.java:2039)
        at java.util.concurrent.ArrayBlockingQueue.take(ArrayBlockingQueue.java:403)
        at java.util.concurrent.ThreadPoolExecutor.getTask(ThreadPoolExecutor.java:1074)
        at java.util.concurrent.ThreadPoolExecutor.runWorker(ThreadPoolExecutor.java:1134)
        at java.util.concurrent.ThreadPoolExecutor$Worker.run(ThreadPoolExecutor.java:624)
        at java.lang.Thread.run(Thread.java:748)
"pool-46-thread-10"  prio=5 tid=362 in Object.wait()
java.lang.Thread.State: WAITING (on object monitor)
        at sun.misc.Unsafe.park(Native Method)
        at java.util.concurrent.locks.LockSupport.park(LockSupport.java:175)
        at java.util.concurrent.locks.AbstractQueuedSynchronizer$ConditionObject.await(AbstractQueuedSynchronizer.java:2039)
        at java.util.concurrent.ArrayBlockingQueue.take(ArrayBlockingQueue.java:403)
        at java.util.concurrent.ThreadPoolExecutor.getTask(ThreadPoolExecutor.java:1074)
        at java.util.concurrent.ThreadPoolExecutor.runWorker(ThreadPoolExecutor.java:1134)
        at java.util.concurrent.ThreadPoolExecutor$Worker.run(ThreadPoolExecutor.java:624)
        at java.lang.Thread.run(Thread.java:748)
"org.eclipse.jetty.server.session.HashSessionManager@5c77ba8fTimer" daemon prio=5 tid=196 timed_waiting
java.lang.Thread.State: TIMED_WAITING
        at sun.misc.Unsafe.park(Native Method)
        at java.util.concurrent.locks.LockSupport.parkNanos(LockSupport.java:215)
        at java.util.concurrent.locks.AbstractQueuedSynchronizer$ConditionObject.awaitNanos(AbstractQueuedSynchronizer.java:2078)
        at java.util.concurrent.ScheduledThreadPoolExecutor$DelayedWorkQueue.take(ScheduledThreadPoolExecutor.java:1093)
        at java.util.concurrent.ScheduledThreadPoolExecutor$DelayedWorkQueue.take(ScheduledThreadPoolExecutor.java:809)
        at java.util.concurrent.ThreadPoolExecutor.getTask(ThreadPoolExecutor.java:1074)
        at java.util.concurrent.ThreadPoolExecutor.runWorker(ThreadPoolExecutor.java:1134)
        at java.util.concurrent.ThreadPoolExecutor$Worker.run(ThreadPoolExecutor.java:624)
        at java.lang.Thread.run(Thread.java:748)
"BlockDeletingService#5" daemon prio=5 tid=579 in Object.wait()
java.lang.Thread.State: WAITING (on object monitor)
        at sun.misc.Unsafe.park(Native Method)
        at java.util.concurrent.locks.LockSupport.park(LockSupport.java:175)
        at java.util.concurrent.locks.AbstractQueuedSynchronizer$ConditionObject.await(AbstractQueuedSynchronizer.java:2039)
        at java.util.concurrent.ScheduledThreadPoolExecutor$DelayedWorkQueue.take(ScheduledThreadPoolExecutor.java:1088)
        at java.util.concurrent.ScheduledThreadPoolExecutor$DelayedWorkQueue.take(ScheduledThreadPoolExecutor.java:809)
        at java.util.concurrent.ThreadPoolExecutor.getTask(ThreadPoolExecutor.java:1074)
        at java.util.concurrent.ThreadPoolExecutor.runWorker(ThreadPoolExecutor.java:1134)
        at java.util.concurrent.ThreadPoolExecutor$Worker.run(ThreadPoolExecutor.java:624)
        at java.lang.Thread.run(Thread.java:748)
"metrics-hadoop-metrics2-reporter-26-thread-1" daemon prio=5 tid=531 timed_waiting
java.lang.Thread.State: TIMED_WAITING
        at sun.misc.Unsafe.park(Native Method)
        at java.util.concurrent.locks.LockSupport.parkNanos(LockSupport.java:215)
        at java.util.concurrent.locks.AbstractQueuedSynchronizer$ConditionObject.awaitNanos(AbstractQueuedSynchronizer.java:2078)
        at java.util.concurrent.ScheduledThreadPoolExecutor$DelayedWorkQueue.take(ScheduledThreadPoolExecutor.java:1093)
        at java.util.concurrent.ScheduledThreadPoolExecutor$DelayedWorkQueue.take(ScheduledThreadPoolExecutor.java:809)
        at java.util.concurrent.ThreadPoolExecutor.getTask(ThreadPoolExecutor.java:1074)
        at java.util.concurrent.ThreadPoolExecutor.runWorker(ThreadPoolExecutor.java:1134)
        at java.util.concurrent.ThreadPoolExecutor$Worker.run(ThreadPoolExecutor.java:624)
        at java.lang.Thread.run(Thread.java:748)
"Datanode ReportManager Thread - 1" daemon prio=5 tid=226 in Object.wait()
java.lang.Thread.State: WAITING (on object monitor)
        at sun.misc.Unsafe.park(Native Method)
        at java.util.concurrent.locks.LockSupport.parkNanos(LockSupport.java:215)
        at java.util.concurrent.locks.AbstractQueuedSynchronizer$ConditionObject.awaitNanos(AbstractQueuedSynchronizer.java:2078)
        at java.util.concurrent.ScheduledThreadPoolExecutor$DelayedWorkQueue.take(ScheduledThreadPoolExecutor.java:1093)
        at java.util.concurrent.ScheduledThreadPoolExecutor$DelayedWorkQueue.take(ScheduledThreadPoolExecutor.java:809)
        at java.util.concurrent.ThreadPoolExecutor.getTask(ThreadPoolExecutor.java:1074)
        at java.util.concurrent.ThreadPoolExecutor.runWorker(ThreadPoolExecutor.java:1134)
        at java.util.concurrent.ThreadPoolExecutor$Worker.run(ThreadPoolExecutor.java:624)
        at java.lang.Thread.run(Thread.java:748)
"java.util.concurrent.ThreadPoolExecutor$Worker@6fb41c33[State = -1, empty queue]" daemon prio=5 tid=669 timed_waiting
java.lang.Thread.State: TIMED_WAITING
        at sun.misc.Unsafe.park(Native Method)
        at java.util.concurrent.locks.LockSupport.parkNanos(LockSupport.java:215)
        at java.util.concurrent.locks.AbstractQueuedSynchronizer$ConditionObject.awaitNanos(AbstractQueuedSynchronizer.java:2078)
        at java.util.concurrent.ScheduledThreadPoolExecutor$DelayedWorkQueue.take(ScheduledThreadPoolExecutor.java:1093)
        at java.util.concurrent.ScheduledThreadPoolExecutor$DelayedWorkQueue.take(ScheduledThreadPoolExecutor.java:809)
        at java.util.concurrent.ThreadPoolExecutor.getTask(ThreadPoolExecutor.java:1074)
        at java.util.concurrent.ThreadPoolExecutor.runWorker(ThreadPoolExecutor.java:1134)
        at java.util.concurrent.ThreadPoolExecutor$Worker.run(ThreadPoolExecutor.java:624)
        at java.lang.Thread.run(Thread.java:748)
"IPC Server handler 19 on 35897" daemon prio=5 tid=134 timed_waiting
java.lang.Thread.State: TIMED_WAITING
        at sun.misc.Unsafe.park(Native Method)
        at java.util.concurrent.locks.LockSupport.parkNanos(LockSupport.java:215)
        at java.util.concurrent.locks.AbstractQueuedSynchronizer$ConditionObject.awaitNanos(AbstractQueuedSynchronizer.java:2078)
        at java.util.concurrent.LinkedBlockingQueue.poll(LinkedBlockingQueue.java:467)
        at org.apache.hadoop.ipc.CallQueueManager.take(CallQueueManager.java:288)
        at org.apache.hadoop.ipc.Server$Handler.run(Server.java:2668)
"pool-36-thread-2"  prio=5 tid=294 in Object.wait()
java.lang.Thread.State: WAITING (on object monitor)
        at sun.misc.Unsafe.park(Native Method)
        at java.util.concurrent.locks.LockSupport.park(LockSupport.java:175)
        at java.util.concurrent.locks.AbstractQueuedSynchronizer$ConditionObject.await(AbstractQueuedSynchronizer.java:2039)
        at java.util.concurrent.ArrayBlockingQueue.take(ArrayBlockingQueue.java:403)
        at java.util.concurrent.ThreadPoolExecutor.getTask(ThreadPoolExecutor.java:1074)
        at java.util.concurrent.ThreadPoolExecutor.runWorker(ThreadPoolExecutor.java:1134)
        at java.util.concurrent.ThreadPoolExecutor$Worker.run(ThreadPoolExecutor.java:624)
        at java.lang.Thread.run(Thread.java:748)
"4b287a15-77af-487b-aef7-34d1d0ee189f@group-83C26644CFDA-LeaderElection374" daemon prio=5 tid=2953 terminated
java.lang.Thread.State: TERMINATED
        at sun.nio.ch.FileDispatcherImpl.force0(Native Method)
        at sun.nio.ch.FileDispatcherImpl.force(FileDispatcherImpl.java:80)
        at sun.nio.ch.FileChannelImpl.force(FileChannelImpl.java:388)
        at org.apache.ratis.util.AtomicFileOutputStream.close(AtomicFileOutputStream.java:60)
        at org.apache.ratis.server.storage.MetaFile.writeFile(MetaFile.java:96)
        at org.apache.ratis.server.storage.MetaFile.set(MetaFile.java:75)
        at org.apache.ratis.server.raftlog.segmented.SegmentedRaftLog.writeMetadata(SegmentedRaftLog.java:473)
        at org.apache.ratis.server.impl.ServerState.persistMetadata(ServerState.java:231)
        at org.apache.ratis.server.impl.LeaderElection.askForVotes(LeaderElection.java:176)
        at org.apache.ratis.server.impl.LeaderElection.run(LeaderElection.java:133)
        at java.lang.Thread.run(Thread.java:748)
"pool-26-thread-55"  prio=5 tid=287 in Object.wait()
java.lang.Thread.State: WAITING (on object monitor)
        at sun.misc.Unsafe.park(Native Method)
        at java.util.concurrent.locks.LockSupport.park(LockSupport.java:175)
        at java.util.concurrent.locks.AbstractQueuedSynchronizer$ConditionObject.await(AbstractQueuedSynchronizer.java:2039)
        at java.util.concurrent.ArrayBlockingQueue.take(ArrayBlockingQueue.java:403)
        at java.util.concurrent.ThreadPoolExecutor.getTask(ThreadPoolExecutor.java:1074)
        at java.util.concurrent.ThreadPoolExecutor.runWorker(ThreadPoolExecutor.java:1134)
        at java.util.concurrent.ThreadPoolExecutor$Worker.run(ThreadPoolExecutor.java:624)
        at java.lang.Thread.run(Thread.java:748)
"pool-46-thread-22"  prio=5 tid=374 in Object.wait()
java.lang.Thread.State: WAITING (on object monitor)
        at sun.misc.Unsafe.park(Native Method)
        at java.util.concurrent.locks.LockSupport.park(LockSupport.java:175)
        at java.util.concurrent.locks.AbstractQueuedSynchronizer$ConditionObject.await(AbstractQueuedSynchronizer.java:2039)
        at java.util.concurrent.ArrayBlockingQueue.take(ArrayBlockingQueue.java:403)
        at java.util.concurrent.ThreadPoolExecutor.getTask(ThreadPoolExecutor.java:1074)
        at java.util.concurrent.ThreadPoolExecutor.runWorker(ThreadPoolExecutor.java:1134)
        at java.util.concurrent.ThreadPoolExecutor$Worker.run(ThreadPoolExecutor.java:624)
        at java.lang.Thread.run(Thread.java:748)
"metrics-hadoop-metrics2-reporter-19-thread-1" daemon prio=5 tid=493 timed_waiting
java.lang.Thread.State: TIMED_WAITING
        at sun.misc.Unsafe.park(Native Method)
        at java.util.concurrent.locks.LockSupport.parkNanos(LockSupport.java:215)
        at java.util.concurrent.locks.AbstractQueuedSynchronizer$ConditionObject.awaitNanos(AbstractQueuedSynchronizer.java:2078)
        at java.util.concurrent.ScheduledThreadPoolExecutor$DelayedWorkQueue.take(ScheduledThreadPoolExecutor.java:1093)
        at java.util.concurrent.ScheduledThreadPoolExecutor$DelayedWorkQueue.take(ScheduledThreadPoolExecutor.java:809)
        at java.util.concurrent.ThreadPoolExecutor.getTask(ThreadPoolExecutor.java:1074)
        at java.util.concurrent.ThreadPoolExecutor.runWorker(ThreadPoolExecutor.java:1134)
        at java.util.concurrent.ThreadPoolExecutor$Worker.run(ThreadPoolExecutor.java:624)
        at java.lang.Thread.run(Thread.java:748)
"qtp1077873186-94" daemon prio=5 tid=94 timed_waiting
java.lang.Thread.State: TIMED_WAITING
        at sun.misc.Unsafe.park(Native Method)
        at java.util.concurrent.locks.LockSupport.parkNanos(LockSupport.java:215)
        at java.util.concurrent.locks.AbstractQueuedSynchronizer$ConditionObject.awaitNanos(AbstractQueuedSynchronizer.java:2078)
        at org.eclipse.jetty.util.BlockingArrayQueue.poll(BlockingArrayQueue.java:392)
        at org.eclipse.jetty.util.thread.QueuedThreadPool.idleJobPoll(QueuedThreadPool.java:563)
        at org.eclipse.jetty.util.thread.QueuedThreadPool.access$800(QueuedThreadPool.java:48)
        at org.eclipse.jetty.util.thread.QueuedThreadPool$2.run(QueuedThreadPool.java:626)
        at java.lang.Thread.run(Thread.java:748)
"BlockDeletingService#0" daemon prio=5 tid=416 in Object.wait()
java.lang.Thread.State: WAITING (on object monitor)
        at sun.misc.Unsafe.park(Native Method)
        at java.util.concurrent.locks.LockSupport.park(LockSupport.java:175)
        at java.util.concurrent.locks.AbstractQueuedSynchronizer$ConditionObject.await(AbstractQueuedSynchronizer.java:2039)
        at java.util.concurrent.ScheduledThreadPoolExecutor$DelayedWorkQueue.take(ScheduledThreadPoolExecutor.java:1088)
        at java.util.concurrent.ScheduledThreadPoolExecutor$DelayedWorkQueue.take(ScheduledThreadPoolExecutor.java:809)
        at java.util.concurrent.ThreadPoolExecutor.getTask(ThreadPoolExecutor.java:1074)
        at java.util.concurrent.ThreadPoolExecutor.runWorker(ThreadPoolExecutor.java:1134)
        at java.util.concurrent.ThreadPoolExecutor$Worker.run(ThreadPoolExecutor.java:624)
        at java.lang.Thread.run(Thread.java:748)
"qtp231182885-164" daemon prio=5 tid=164 timed_waiting
java.lang.Thread.State: TIMED_WAITING
        at sun.misc.Unsafe.park(Native Method)
        at java.util.concurrent.locks.LockSupport.parkNanos(LockSupport.java:215)
        at java.util.concurrent.locks.AbstractQueuedSynchronizer$ConditionObject.awaitNanos(AbstractQueuedSynchronizer.java:2078)
        at org.eclipse.jetty.util.BlockingArrayQueue.poll(BlockingArrayQueue.java:392)
        at org.eclipse.jetty.util.thread.QueuedThreadPool.idleJobPoll(QueuedThreadPool.java:563)
        at org.eclipse.jetty.util.thread.QueuedThreadPool.access$800(QueuedThreadPool.java:48)
        at org.eclipse.jetty.util.thread.QueuedThreadPool$2.run(QueuedThreadPool.java:626)
        at java.lang.Thread.run(Thread.java:748)
"pool-36-thread-3"  prio=5 tid=295 in Object.wait()
java.lang.Thread.State: WAITING (on object monitor)
        at sun.misc.Unsafe.park(Native Method)
        at java.util.concurrent.locks.LockSupport.park(LockSupport.java:175)
        at java.util.concurrent.locks.AbstractQueuedSynchronizer$ConditionObject.await(AbstractQueuedSynchronizer.java:2039)
        at java.util.concurrent.ArrayBlockingQueue.take(ArrayBlockingQueue.java:403)
        at java.util.concurrent.ThreadPoolExecutor.getTask(ThreadPoolExecutor.java:1074)
        at java.util.concurrent.ThreadPoolExecutor.runWorker(ThreadPoolExecutor.java:1134)
        at java.util.concurrent.ThreadPoolExecutor$Worker.run(ThreadPoolExecutor.java:624)
        at java.lang.Thread.run(Thread.java:748)
"pool-36-thread-49"  prio=5 tid=341 in Object.wait()
java.lang.Thread.State: WAITING (on object monitor)
        at sun.misc.Unsafe.park(Native Method)
        at java.util.concurrent.locks.LockSupport.park(LockSupport.java:175)
        at java.util.concurrent.locks.AbstractQueuedSynchronizer$ConditionObject.await(AbstractQueuedSynchronizer.java:2039)
        at java.util.concurrent.ArrayBlockingQueue.take(ArrayBlockingQueue.java:403)
        at java.util.concurrent.ThreadPoolExecutor.getTask(ThreadPoolExecutor.java:1074)
        at java.util.concurrent.ThreadPoolExecutor.runWorker(ThreadPoolExecutor.java:1134)
        at java.util.concurrent.ThreadPoolExecutor$Worker.run(ThreadPoolExecutor.java:624)
        at java.lang.Thread.run(Thread.java:748)
"prometheus" daemon prio=5 tid=100 in Object.wait()
java.lang.Thread.State: WAITING (on object monitor)
        at java.lang.Object.wait(Native Method)
        at java.lang.Object.wait(Object.java:502)
        at org.apache.hadoop.metrics2.impl.SinkQueue.waitForData(SinkQueue.java:114)
        at org.apache.hadoop.metrics2.impl.SinkQueue.consumeAll(SinkQueue.java:83)
        at org.apache.hadoop.metrics2.impl.MetricsSinkAdapter.publishMetricsFromQueue(MetricsSinkAdapter.java:135)
        at org.apache.hadoop.metrics2.impl.MetricsSinkAdapter$1.run(MetricsSinkAdapter.java:89)
"IPC Server Responder" daemon prio=5 tid=21 runnable
java.lang.Thread.State: RUNNABLE
        at sun.nio.ch.EPollArrayWrapper.epollWait(Native Method)
        at sun.nio.ch.EPollArrayWrapper.poll(EPollArrayWrapper.java:269)
        at sun.nio.ch.EPollSelectorImpl.doSelect(EPollSelectorImpl.java:93)
        at sun.nio.ch.SelectorImpl.lockAndDoSelect(SelectorImpl.java:86)
        at sun.nio.ch.SelectorImpl.select(SelectorImpl.java:97)
        at org.apache.hadoop.ipc.Server$Responder.doRunLoop(Server.java:1334)
        at org.apache.hadoop.ipc.Server$Responder.run(Server.java:1317)
"grpc-default-boss-ELG-1-1" daemon prio=5 tid=413 runnable
java.lang.Thread.State: RUNNABLE
        at sun.nio.ch.EPollArrayWrapper.epollWait(Native Method)
        at sun.nio.ch.EPollArrayWrapper.poll(EPollArrayWrapper.java:269)
        at sun.nio.ch.EPollSelectorImpl.doSelect(EPollSelectorImpl.java:93)
        at sun.nio.ch.SelectorImpl.lockAndDoSelect(SelectorImpl.java:86)
        at sun.nio.ch.SelectorImpl.select(SelectorImpl.java:97)
        at org.apache.ratis.thirdparty.io.netty.channel.nio.SelectedSelectionKeySetSelector.select(SelectedSelectionKeySetSelector.java:62)
        at org.apache.ratis.thirdparty.io.netty.channel.nio.NioEventLoop.select(NioEventLoop.java:753)
        at org.apache.ratis.thirdparty.io.netty.channel.nio.NioEventLoop.run(NioEventLoop.java:408)
        at org.apache.ratis.thirdparty.io.netty.util.concurrent.SingleThreadEventExecutor$5.run(SingleThreadEventExecutor.java:897)
        at org.apache.ratis.thirdparty.io.netty.util.concurrent.FastThreadLocalRunnable.run(FastThreadLocalRunnable.java:30)
        at java.lang.Thread.run(Thread.java:748)
"metrics-hadoop-metrics2-reporter-16-thread-1" daemon prio=5 tid=483 timed_waiting
java.lang.Thread.State: TIMED_WAITING
        at sun.misc.Unsafe.park(Native Method)
        at java.util.concurrent.locks.LockSupport.parkNanos(LockSupport.java:215)
        at java.util.concurrent.locks.AbstractQueuedSynchronizer$ConditionObject.awaitNanos(AbstractQueuedSynchronizer.java:2078)
        at java.util.concurrent.ScheduledThreadPoolExecutor$DelayedWorkQueue.take(ScheduledThreadPoolExecutor.java:1093)
        at java.util.concurrent.ScheduledThreadPoolExecutor$DelayedWorkQueue.take(ScheduledThreadPoolExecutor.java:809)
        at java.util.concurrent.ThreadPoolExecutor.getTask(ThreadPoolExecutor.java:1074)
        at java.util.concurrent.ThreadPoolExecutor.runWorker(ThreadPoolExecutor.java:1134)
        at java.util.concurrent.ThreadPoolExecutor$Worker.run(ThreadPoolExecutor.java:624)
        at java.lang.Thread.run(Thread.java:748)
"metrics-hadoop-metrics2-reporter-12-thread-1" daemon prio=5 tid=469 timed_waiting
java.lang.Thread.State: TIMED_WAITING
        at sun.misc.Unsafe.park(Native Method)
        at java.util.concurrent.locks.LockSupport.parkNanos(LockSupport.java:215)
        at java.util.concurrent.locks.AbstractQueuedSynchronizer$ConditionObject.awaitNanos(AbstractQueuedSynchronizer.java:2078)
        at java.util.concurrent.ScheduledThreadPoolExecutor$DelayedWorkQueue.take(ScheduledThreadPoolExecutor.java:1093)
        at java.util.concurrent.ScheduledThreadPoolExecutor$DelayedWorkQueue.take(ScheduledThreadPoolExecutor.java:809)
        at java.util.concurrent.ThreadPoolExecutor.getTask(ThreadPoolExecutor.java:1074)
        at java.util.concurrent.ThreadPoolExecutor.runWorker(ThreadPoolExecutor.java:1134)
        at java.util.concurrent.ThreadPoolExecutor$Worker.run(ThreadPoolExecutor.java:624)
        at java.lang.Thread.run(Thread.java:748)
"pool-36-thread-1"  prio=5 tid=293 in Object.wait()
java.lang.Thread.State: WAITING (on object monitor)
        at sun.misc.Unsafe.park(Native Method)
        at java.util.concurrent.locks.LockSupport.park(LockSupport.java:175)
        at java.util.concurrent.locks.AbstractQueuedSynchronizer$ConditionObject.await(AbstractQueuedSynchronizer.java:2039)
        at java.util.concurrent.ArrayBlockingQueue.take(ArrayBlockingQueue.java:403)
        at java.util.concurrent.ThreadPoolExecutor.getTask(ThreadPoolExecutor.java:1074)
        at java.util.concurrent.ThreadPoolExecutor.runWorker(ThreadPoolExecutor.java:1134)
        at java.util.concurrent.ThreadPoolExecutor$Worker.run(ThreadPoolExecutor.java:624)
        at java.lang.Thread.run(Thread.java:748)
"pool-46-thread-21"  prio=5 tid=373 in Object.wait()
java.lang.Thread.State: WAITING (on object monitor)
        at sun.misc.Unsafe.park(Native Method)
        at java.util.concurrent.locks.LockSupport.park(LockSupport.java:175)
        at java.util.concurrent.locks.AbstractQueuedSynchronizer$ConditionObject.await(AbstractQueuedSynchronizer.java:2039)
        at java.util.concurrent.ArrayBlockingQueue.take(ArrayBlockingQueue.java:403)
        at java.util.concurrent.ThreadPoolExecutor.getTask(ThreadPoolExecutor.java:1074)
        at java.util.concurrent.ThreadPoolExecutor.runWorker(ThreadPoolExecutor.java:1134)
        at java.util.concurrent.ThreadPoolExecutor$Worker.run(ThreadPoolExecutor.java:624)
        at java.lang.Thread.run(Thread.java:748)
"pool-26-thread-42"  prio=5 tid=274 in Object.wait()
java.lang.Thread.State: WAITING (on object monitor)
        at sun.misc.Unsafe.park(Native Method)
        at java.util.concurrent.locks.LockSupport.park(LockSupport.java:175)
        at java.util.concurrent.locks.AbstractQueuedSynchronizer$ConditionObject.await(AbstractQueuedSynchronizer.java:2039)
        at java.util.concurrent.ArrayBlockingQueue.take(ArrayBlockingQueue.java:403)
        at java.util.concurrent.ThreadPoolExecutor.getTask(ThreadPoolExecutor.java:1074)
        at java.util.concurrent.ThreadPoolExecutor.runWorker(ThreadPoolExecutor.java:1134)
        at java.util.concurrent.ThreadPoolExecutor$Worker.run(ThreadPoolExecutor.java:624)
        at java.lang.Thread.run(Thread.java:748)
"pool-27-thread-1"  prio=5 tid=440 in Object.wait()
java.lang.Thread.State: WAITING (on object monitor)
        at sun.misc.Unsafe.park(Native Method)
        at java.util.concurrent.locks.LockSupport.park(LockSupport.java:175)
        at java.util.concurrent.locks.AbstractQueuedSynchronizer$ConditionObject.await(AbstractQueuedSynchronizer.java:2039)
        at java.util.concurrent.LinkedBlockingQueue.take(LinkedBlockingQueue.java:442)
        at java.util.concurrent.ThreadPoolExecutor.getTask(ThreadPoolExecutor.java:1074)
        at java.util.concurrent.ThreadPoolExecutor.runWorker(ThreadPoolExecutor.java:1134)
        at java.util.concurrent.ThreadPoolExecutor$Worker.run(ThreadPoolExecutor.java:624)
        at java.lang.Thread.run(Thread.java:748)
"Datanode State Machine Thread - 0" daemon prio=5 tid=197 timed_waiting
java.lang.Thread.State: TIMED_WAITING
        at java.lang.Thread.sleep(Native Method)
        at org.apache.hadoop.ozone.container.common.statemachine.DatanodeStateMachine.start(DatanodeStateMachine.java:191)
        at org.apache.hadoop.ozone.container.common.statemachine.DatanodeStateMachine.lambda$startDaemon$0(DatanodeStateMachine.java:349)
        at org.apache.hadoop.ozone.container.common.statemachine.DatanodeStateMachine$$Lambda$140/1687702287.run(Unknown Source)
        at java.lang.Thread.run(Thread.java:748)
"BlockDeletingService#6" daemon prio=5 tid=652 in Object.wait()
java.lang.Thread.State: WAITING (on object monitor)
        at sun.misc.Unsafe.park(Native Method)
        at java.util.concurrent.locks.LockSupport.park(LockSupport.java:175)
        at java.util.concurrent.locks.AbstractQueuedSynchronizer$ConditionObject.await(AbstractQueuedSynchronizer.java:2039)
        at java.util.concurrent.ScheduledThreadPoolExecutor$DelayedWorkQueue.take(ScheduledThreadPoolExecutor.java:1088)
        at java.util.concurrent.ScheduledThreadPoolExecutor$DelayedWorkQueue.take(ScheduledThreadPoolExecutor.java:809)
        at java.util.concurrent.ThreadPoolExecutor.getTask(ThreadPoolExecutor.java:1074)
        at java.util.concurrent.ThreadPoolExecutor.runWorker(ThreadPoolExecutor.java:1134)
        at java.util.concurrent.ThreadPoolExecutor$Worker.run(ThreadPoolExecutor.java:624)
        at java.lang.Thread.run(Thread.java:748)
"BlockDeletingService#4" daemon prio=5 tid=544 in Object.wait()
java.lang.Thread.State: WAITING (on object monitor)
        at sun.misc.Unsafe.park(Native Method)
        at java.util.concurrent.locks.LockSupport.park(LockSupport.java:175)
        at java.util.concurrent.locks.AbstractQueuedSynchronizer$ConditionObject.await(AbstractQueuedSynchronizer.java:2039)
        at java.util.concurrent.ScheduledThreadPoolExecutor$DelayedWorkQueue.take(ScheduledThreadPoolExecutor.java:1088)
        at java.util.concurrent.ScheduledThreadPoolExecutor$DelayedWorkQueue.take(ScheduledThreadPoolExecutor.java:809)
        at java.util.concurrent.ThreadPoolExecutor.getTask(ThreadPoolExecutor.java:1074)
        at java.util.concurrent.ThreadPoolExecutor.runWorker(ThreadPoolExecutor.java:1134)
        at java.util.concurrent.ThreadPoolExecutor$Worker.run(ThreadPoolExecutor.java:624)
        at java.lang.Thread.run(Thread.java:748)
"IPC Server handler 9 on 34353" daemon prio=5 tid=78 timed_waiting
java.lang.Thread.State: TIMED_WAITING
        at sun.misc.Unsafe.park(Native Method)
        at java.util.concurrent.locks.LockSupport.parkNanos(LockSupport.java:215)
        at java.util.concurrent.locks.AbstractQueuedSynchronizer$ConditionObject.awaitNanos(AbstractQueuedSynchronizer.java:2078)
        at java.util.concurrent.LinkedBlockingQueue.poll(LinkedBlockingQueue.java:467)
        at org.apache.hadoop.ipc.CallQueueManager.take(CallQueueManager.java:288)
        at org.apache.hadoop.ipc.Server$Handler.run(Server.java:2668)
"pool-46-thread-54"  prio=5 tid=406 in Object.wait()
java.lang.Thread.State: WAITING (on object monitor)
        at sun.misc.Unsafe.park(Native Method)
        at java.util.concurrent.locks.LockSupport.park(LockSupport.java:175)
        at java.util.concurrent.locks.AbstractQueuedSynchronizer$ConditionObject.await(AbstractQueuedSynchronizer.java:2039)
        at java.util.concurrent.ArrayBlockingQueue.take(ArrayBlockingQueue.java:403)
        at java.util.concurrent.ThreadPoolExecutor.getTask(ThreadPoolExecutor.java:1074)
        at java.util.concurrent.ThreadPoolExecutor.runWorker(ThreadPoolExecutor.java:1134)
        at java.util.concurrent.ThreadPoolExecutor$Worker.run(ThreadPoolExecutor.java:624)
        at java.lang.Thread.run(Thread.java:748)
"pool-36-thread-13"  prio=5 tid=305 in Object.wait()
java.lang.Thread.State: WAITING (on object monitor)
        at sun.misc.Unsafe.park(Native Method)
        at java.util.concurrent.locks.LockSupport.park(LockSupport.java:175)
        at java.util.concurrent.locks.AbstractQueuedSynchronizer$ConditionObject.await(AbstractQueuedSynchronizer.java:2039)
        at java.util.concurrent.ArrayBlockingQueue.take(ArrayBlockingQueue.java:403)
        at java.util.concurrent.ThreadPoolExecutor.getTask(ThreadPoolExecutor.java:1074)
        at java.util.concurrent.ThreadPoolExecutor.runWorker(ThreadPoolExecutor.java:1134)
        at java.util.concurrent.ThreadPoolExecutor$Worker.run(ThreadPoolExecutor.java:624)
        at java.lang.Thread.run(Thread.java:748)
"EventQueue-NodeRegistrationContainerReportForContainerSafeModeRule" daemon prio=5 tid=427 in Object.wait()
java.lang.Thread.State: WAITING (on object monitor)
        at sun.misc.Unsafe.park(Native Method)
        at java.util.concurrent.locks.LockSupport.park(LockSupport.java:175)
        at java.util.concurrent.locks.AbstractQueuedSynchronizer$ConditionObject.await(AbstractQueuedSynchronizer.java:2039)
        at java.util.concurrent.LinkedBlockingQueue.take(LinkedBlockingQueue.java:442)
        at java.util.concurrent.ThreadPoolExecutor.getTask(ThreadPoolExecutor.java:1074)
        at java.util.concurrent.ThreadPoolExecutor.runWorker(ThreadPoolExecutor.java:1134)
        at java.util.concurrent.ThreadPoolExecutor$Worker.run(ThreadPoolExecutor.java:624)
        at java.lang.Thread.run(Thread.java:748)
"IPC Server idle connection scanner for port 34353" daemon prio=5 tid=16 timed_waiting
java.lang.Thread.State: TIMED_WAITING
        at java.lang.Object.wait(Native Method)
        at java.util.TimerThread.mainLoop(Timer.java:552)
        at java.util.TimerThread.run(Timer.java:505)
"pool-26-thread-34"  prio=5 tid=266 in Object.wait()
java.lang.Thread.State: WAITING (on object monitor)
        at sun.misc.Unsafe.park(Native Method)
        at java.util.concurrent.locks.LockSupport.park(LockSupport.java:175)
        at java.util.concurrent.locks.AbstractQueuedSynchronizer$ConditionObject.await(AbstractQueuedSynchronizer.java:2039)
        at java.util.concurrent.ArrayBlockingQueue.take(ArrayBlockingQueue.java:403)
        at java.util.concurrent.ThreadPoolExecutor.getTask(ThreadPoolExecutor.java:1074)
        at java.util.concurrent.ThreadPoolExecutor.runWorker(ThreadPoolExecutor.java:1134)
        at java.util.concurrent.ThreadPoolExecutor$Worker.run(ThreadPoolExecutor.java:624)
        at java.lang.Thread.run(Thread.java:748)
"IPC Server handler 11 on 40661" daemon prio=5 tid=60 timed_waiting
java.lang.Thread.State: TIMED_WAITING
        at sun.misc.Unsafe.park(Native Method)
        at java.util.concurrent.locks.LockSupport.parkNanos(LockSupport.java:215)
        at java.util.concurrent.locks.AbstractQueuedSynchronizer$ConditionObject.awaitNanos(AbstractQueuedSynchronizer.java:2078)
        at java.util.concurrent.LinkedBlockingQueue.poll(LinkedBlockingQueue.java:467)
        at org.apache.hadoop.ipc.CallQueueManager.take(CallQueueManager.java:288)
        at org.apache.hadoop.ipc.Server$Handler.run(Server.java:2668)
"Command processor thread" daemon prio=5 tid=175 timed_waiting
java.lang.Thread.State: TIMED_WAITING
        at java.lang.Thread.sleep(Native Method)
        at org.apache.hadoop.ozone.container.common.statemachine.DatanodeStateMachine.lambda$initCommandHandlerThread$1(DatanodeStateMachine.java:439)
        at org.apache.hadoop.ozone.container.common.statemachine.DatanodeStateMachine$$Lambda$141/1971533617.run(Unknown Source)
        at java.lang.Thread.run(Thread.java:748)
"pool-46-thread-57"  prio=5 tid=409 in Object.wait()
java.lang.Thread.State: WAITING (on object monitor)
        at sun.misc.Unsafe.park(Native Method)
        at java.util.concurrent.locks.LockSupport.park(LockSupport.java:175)
        at java.util.concurrent.locks.AbstractQueuedSynchronizer$ConditionObject.await(AbstractQueuedSynchronizer.java:2039)
        at java.util.concurrent.ArrayBlockingQueue.take(ArrayBlockingQueue.java:403)
        at java.util.concurrent.ThreadPoolExecutor.getTask(ThreadPoolExecutor.java:1074)
        at java.util.concurrent.ThreadPoolExecutor.runWorker(ThreadPoolExecutor.java:1134)
        at java.util.concurrent.ThreadPoolExecutor$Worker.run(ThreadPoolExecutor.java:624)
        at java.lang.Thread.run(Thread.java:748)
"java.util.concurrent.ThreadPoolExecutor$Worker@3a3cd18a[State = -1, empty queue]" daemon prio=5 tid=535 timed_waiting
java.lang.Thread.State: TIMED_WAITING
        at sun.misc.Unsafe.park(Native Method)
        at java.util.concurrent.locks.LockSupport.parkNanos(LockSupport.java:215)
        at java.util.concurrent.locks.AbstractQueuedSynchronizer$ConditionObject.awaitNanos(AbstractQueuedSynchronizer.java:2078)
        at java.util.concurrent.ScheduledThreadPoolExecutor$DelayedWorkQueue.take(ScheduledThreadPoolExecutor.java:1093)
        at java.util.concurrent.ScheduledThreadPoolExecutor$DelayedWorkQueue.take(ScheduledThreadPoolExecutor.java:809)
        at java.util.concurrent.ThreadPoolExecutor.getTask(ThreadPoolExecutor.java:1074)
        at java.util.concurrent.ThreadPoolExecutor.runWorker(ThreadPoolExecutor.java:1134)
        at java.util.concurrent.ThreadPoolExecutor$Worker.run(ThreadPoolExecutor.java:624)
        at java.lang.Thread.run(Thread.java:748)
"BlockDeletingService#2" daemon prio=5 tid=422 timed_waiting
java.lang.Thread.State: TIMED_WAITING
        at sun.misc.Unsafe.park(Native Method)
        at java.util.concurrent.locks.LockSupport.parkNanos(LockSupport.java:215)
        at java.util.concurrent.locks.AbstractQueuedSynchronizer$ConditionObject.awaitNanos(AbstractQueuedSynchronizer.java:2078)
        at java.util.concurrent.ScheduledThreadPoolExecutor$DelayedWorkQueue.take(ScheduledThreadPoolExecutor.java:1093)
        at java.util.concurrent.ScheduledThreadPoolExecutor$DelayedWorkQueue.take(ScheduledThreadPoolExecutor.java:809)
        at java.util.concurrent.ThreadPoolExecutor.getTask(ThreadPoolExecutor.java:1074)
        at java.util.concurrent.ThreadPoolExecutor.runWorker(ThreadPoolExecutor.java:1134)
        at java.util.concurrent.ThreadPoolExecutor$Worker.run(ThreadPoolExecutor.java:624)
        at java.lang.Thread.run(Thread.java:748)
"Thread-2637" daemon prio=5 tid=2951 terminated
java.lang.Thread.State: TERMINATED
        at java.lang.Thread.sleep(Native Method)
        at org.apache.ratis.util.JavaUtils.sleep(JavaUtils.java:247)
        at org.apache.ratis.server.impl.FollowerState.run(FollowerState.java:97)
"pool-36-thread-43"  prio=5 tid=335 in Object.wait()
java.lang.Thread.State: WAITING (on object monitor)
        at sun.misc.Unsafe.park(Native Method)
        at java.util.concurrent.locks.LockSupport.park(LockSupport.java:175)
        at java.util.concurrent.locks.AbstractQueuedSynchronizer$ConditionObject.await(AbstractQueuedSynchronizer.java:2039)
        at java.util.concurrent.ArrayBlockingQueue.take(ArrayBlockingQueue.java:403)
        at java.util.concurrent.ThreadPoolExecutor.getTask(ThreadPoolExecutor.java:1074)
        at java.util.concurrent.ThreadPoolExecutor.runWorker(ThreadPoolExecutor.java:1134)
        at java.util.concurrent.ThreadPoolExecutor$Worker.run(ThreadPoolExecutor.java:624)
        at java.lang.Thread.run(Thread.java:748)
"Periodic HDDS volume checker"  prio=5 tid=206 timed_waiting
java.lang.Thread.State: TIMED_WAITING
        at sun.misc.Unsafe.park(Native Method)
        at java.util.concurrent.locks.LockSupport.parkNanos(LockSupport.java:215)
        at java.util.concurrent.locks.AbstractQueuedSynchronizer$ConditionObject.awaitNanos(AbstractQueuedSynchronizer.java:2078)
        at java.util.concurrent.ScheduledThreadPoolExecutor$DelayedWorkQueue.take(ScheduledThreadPoolExecutor.java:1093)
        at java.util.concurrent.ScheduledThreadPoolExecutor$DelayedWorkQueue.take(ScheduledThreadPoolExecutor.java:809)
        at java.util.concurrent.ThreadPoolExecutor.getTask(ThreadPoolExecutor.java:1074)
        at java.util.concurrent.ThreadPoolExecutor.runWorker(ThreadPoolExecutor.java:1134)
        at java.util.concurrent.ThreadPoolExecutor$Worker.run(ThreadPoolExecutor.java:624)
        at java.lang.Thread.run(Thread.java:748)
"pool-46-thread-42"  prio=5 tid=394 in Object.wait()
java.lang.Thread.State: WAITING (on object monitor)
        at sun.misc.Unsafe.park(Native Method)
        at java.util.concurrent.locks.LockSupport.park(LockSupport.java:175)
        at java.util.concurrent.locks.AbstractQueuedSynchronizer$ConditionObject.await(AbstractQueuedSynchronizer.java:2039)
        at java.util.concurrent.ArrayBlockingQueue.take(ArrayBlockingQueue.java:403)
        at java.util.concurrent.ThreadPoolExecutor.getTask(ThreadPoolExecutor.java:1074)
        at java.util.concurrent.ThreadPoolExecutor.runWorker(ThreadPoolExecutor.java:1134)
        at java.util.concurrent.ThreadPoolExecutor$Worker.run(ThreadPoolExecutor.java:624)
        at java.lang.Thread.run(Thread.java:748)
"pool-46-thread-13"  prio=5 tid=365 in Object.wait()
java.lang.Thread.State: WAITING (on object monitor)
        at sun.misc.Unsafe.park(Native Method)
        at java.util.concurrent.locks.LockSupport.park(LockSupport.java:175)
        at java.util.concurrent.locks.AbstractQueuedSynchronizer$ConditionObject.await(AbstractQueuedSynchronizer.java:2039)
        at java.util.concurrent.ArrayBlockingQueue.take(ArrayBlockingQueue.java:403)
        at java.util.concurrent.ThreadPoolExecutor.getTask(ThreadPoolExecutor.java:1074)
        at java.util.concurrent.ThreadPoolExecutor.runWorker(ThreadPoolExecutor.java:1134)
        at java.util.concurrent.ThreadPoolExecutor$Worker.run(ThreadPoolExecutor.java:624)
        at java.lang.Thread.run(Thread.java:748)
"pool-36-thread-51"  prio=5 tid=343 in Object.wait()
java.lang.Thread.State: WAITING (on object monitor)
        at sun.misc.Unsafe.park(Native Method)
        at java.util.concurrent.locks.LockSupport.park(LockSupport.java:175)
        at java.util.concurrent.locks.AbstractQueuedSynchronizer$ConditionObject.await(AbstractQueuedSynchronizer.java:2039)
        at java.util.concurrent.ArrayBlockingQueue.take(ArrayBlockingQueue.java:403)
        at java.util.concurrent.ThreadPoolExecutor.getTask(ThreadPoolExecutor.java:1074)
        at java.util.concurrent.ThreadPoolExecutor.runWorker(ThreadPoolExecutor.java:1134)
        at java.util.concurrent.ThreadPoolExecutor$Worker.run(ThreadPoolExecutor.java:624)
        at java.lang.Thread.run(Thread.java:748)
"pool-46-thread-53"  prio=5 tid=405 in Object.wait()
java.lang.Thread.State: WAITING (on object monitor)
        at sun.misc.Unsafe.park(Native Method)
        at java.util.concurrent.locks.LockSupport.park(LockSupport.java:175)
        at java.util.concurrent.locks.AbstractQueuedSynchronizer$ConditionObject.await(AbstractQueuedSynchronizer.java:2039)
        at java.util.concurrent.ArrayBlockingQueue.take(ArrayBlockingQueue.java:403)
        at java.util.concurrent.ThreadPoolExecutor.getTask(ThreadPoolExecutor.java:1074)
        at java.util.concurrent.ThreadPoolExecutor.runWorker(ThreadPoolExecutor.java:1134)
        at java.util.concurrent.ThreadPoolExecutor$Worker.run(ThreadPoolExecutor.java:624)
        at java.lang.Thread.run(Thread.java:748)
"qtp520082748-215" daemon prio=5 tid=215 timed_waiting
java.lang.Thread.State: TIMED_WAITING
        at sun.misc.Unsafe.park(Native Method)
        at java.util.concurrent.locks.LockSupport.parkNanos(LockSupport.java:215)
        at java.util.concurrent.locks.AbstractQueuedSynchronizer$ConditionObject.awaitNanos(AbstractQueuedSynchronizer.java:2078)
        at org.eclipse.jetty.util.BlockingArrayQueue.poll(BlockingArrayQueue.java:392)
        at org.eclipse.jetty.util.thread.QueuedThreadPool.idleJobPoll(QueuedThreadPool.java:563)
        at org.eclipse.jetty.util.thread.QueuedThreadPool.access$800(QueuedThreadPool.java:48)
        at org.eclipse.jetty.util.thread.QueuedThreadPool$2.run(QueuedThreadPool.java:626)
        at java.lang.Thread.run(Thread.java:748)
"pool-46-thread-32"  prio=5 tid=384 in Object.wait()
java.lang.Thread.State: WAITING (on object monitor)
        at sun.misc.Unsafe.park(Native Method)
        at java.util.concurrent.locks.LockSupport.park(LockSupport.java:175)
        at java.util.concurrent.locks.AbstractQueuedSynchronizer$ConditionObject.await(AbstractQueuedSynchronizer.java:2039)
        at java.util.concurrent.ArrayBlockingQueue.take(ArrayBlockingQueue.java:403)
        at java.util.concurrent.ThreadPoolExecutor.getTask(ThreadPoolExecutor.java:1074)
        at java.util.concurrent.ThreadPoolExecutor.runWorker(ThreadPoolExecutor.java:1134)
        at java.util.concurrent.ThreadPoolExecutor$Worker.run(ThreadPoolExecutor.java:624)
        at java.lang.Thread.run(Thread.java:748)
"org.eclipse.jetty.server.session.HashSessionManager@51751e5fTimer" daemon prio=5 tid=145 timed_waiting
java.lang.Thread.State: TIMED_WAITING
        at sun.misc.Unsafe.park(Native Method)
        at java.util.concurrent.locks.LockSupport.parkNanos(LockSupport.java:215)
        at java.util.concurrent.locks.AbstractQueuedSynchronizer$ConditionObject.awaitNanos(AbstractQueuedSynchronizer.java:2078)
        at java.util.concurrent.ScheduledThreadPoolExecutor$DelayedWorkQueue.take(ScheduledThreadPoolExecutor.java:1093)
        at java.util.concurrent.ScheduledThreadPoolExecutor$DelayedWorkQueue.take(ScheduledThreadPoolExecutor.java:809)
        at java.util.concurrent.ThreadPoolExecutor.getTask(ThreadPoolExecutor.java:1074)
        at java.util.concurrent.ThreadPoolExecutor.runWorker(ThreadPoolExecutor.java:1134)
        at java.util.concurrent.ThreadPoolExecutor$Worker.run(ThreadPoolExecutor.java:624)
        at java.lang.Thread.run(Thread.java:748)
"pool-46-thread-51"  prio=5 tid=403 in Object.wait()
java.lang.Thread.State: WAITING (on object monitor)
        at sun.misc.Unsafe.park(Native Method)
        at java.util.concurrent.locks.LockSupport.park(LockSupport.java:175)
        at java.util.concurrent.locks.AbstractQueuedSynchronizer$ConditionObject.await(AbstractQueuedSynchronizer.java:2039)
        at java.util.concurrent.ArrayBlockingQueue.take(ArrayBlockingQueue.java:403)
        at java.util.concurrent.ThreadPoolExecutor.getTask(ThreadPoolExecutor.java:1074)
        at java.util.concurrent.ThreadPoolExecutor.runWorker(ThreadPoolExecutor.java:1134)
        at java.util.concurrent.ThreadPoolExecutor$Worker.run(ThreadPoolExecutor.java:624)
        at java.lang.Thread.run(Thread.java:748)
"pool-36-thread-31"  prio=5 tid=323 in Object.wait()
java.lang.Thread.State: WAITING (on object monitor)
        at sun.misc.Unsafe.park(Native Method)
        at java.util.concurrent.locks.LockSupport.park(LockSupport.java:175)
        at java.util.concurrent.locks.AbstractQueuedSynchronizer$ConditionObject.await(AbstractQueuedSynchronizer.java:2039)
        at java.util.concurrent.ArrayBlockingQueue.take(ArrayBlockingQueue.java:403)
        at java.util.concurrent.ThreadPoolExecutor.getTask(ThreadPoolExecutor.java:1074)
        at java.util.concurrent.ThreadPoolExecutor.runWorker(ThreadPoolExecutor.java:1134)
        at java.util.concurrent.ThreadPoolExecutor$Worker.run(ThreadPoolExecutor.java:624)
        at java.lang.Thread.run(Thread.java:748)
"pool-46-thread-12"  prio=5 tid=364 in Object.wait()
java.lang.Thread.State: WAITING (on object monitor)
        at sun.misc.Unsafe.park(Native Method)
        at java.util.concurrent.locks.LockSupport.park(LockSupport.java:175)
        at java.util.concurrent.locks.AbstractQueuedSynchronizer$ConditionObject.await(AbstractQueuedSynchronizer.java:2039)
        at java.util.concurrent.ArrayBlockingQueue.take(ArrayBlockingQueue.java:403)
        at java.util.concurrent.ThreadPoolExecutor.getTask(ThreadPoolExecutor.java:1074)
        at java.util.concurrent.ThreadPoolExecutor.runWorker(ThreadPoolExecutor.java:1134)
        at java.util.concurrent.ThreadPoolExecutor$Worker.run(ThreadPoolExecutor.java:624)
        at java.lang.Thread.run(Thread.java:748)
"qtp520082748-218" daemon prio=5 tid=218 timed_waiting
java.lang.Thread.State: TIMED_WAITING
        at sun.misc.Unsafe.park(Native Method)
        at java.util.concurrent.locks.LockSupport.parkNanos(LockSupport.java:215)
        at java.util.concurrent.locks.AbstractQueuedSynchronizer$ConditionObject.awaitNanos(AbstractQueuedSynchronizer.java:2078)
        at org.eclipse.jetty.util.BlockingArrayQueue.poll(BlockingArrayQueue.java:392)
        at org.eclipse.jetty.util.thread.QueuedThreadPool.idleJobPoll(QueuedThreadPool.java:563)
        at org.eclipse.jetty.util.thread.QueuedThreadPool.access$800(QueuedThreadPool.java:48)
        at org.eclipse.jetty.util.thread.QueuedThreadPool$2.run(QueuedThreadPool.java:626)
        at java.lang.Thread.run(Thread.java:748)
"IPC Server handler 12 on 40661" daemon prio=5 tid=61 timed_waiting
java.lang.Thread.State: TIMED_WAITING
        at sun.misc.Unsafe.park(Native Method)
        at java.util.concurrent.locks.LockSupport.parkNanos(LockSupport.java:215)
        at java.util.concurrent.locks.AbstractQueuedSynchronizer$ConditionObject.awaitNanos(AbstractQueuedSynchronizer.java:2078)
        at java.util.concurrent.LinkedBlockingQueue.poll(LinkedBlockingQueue.java:467)
        at org.apache.hadoop.ipc.CallQueueManager.take(CallQueueManager.java:288)
        at org.apache.hadoop.ipc.Server$Handler.run(Server.java:2668)
"org.eclipse.jetty.server.session.HashSessionManager@e6516eTimer" daemon prio=5 tid=98 timed_waiting
java.lang.Thread.State: TIMED_WAITING
        at sun.misc.Unsafe.park(Native Method)
        at java.util.concurrent.locks.LockSupport.parkNanos(LockSupport.java:215)
        at java.util.concurrent.locks.AbstractQueuedSynchronizer$ConditionObject.awaitNanos(AbstractQueuedSynchronizer.java:2078)
        at java.util.concurrent.ScheduledThreadPoolExecutor$DelayedWorkQueue.take(ScheduledThreadPoolExecutor.java:1093)
        at java.util.concurrent.ScheduledThreadPoolExecutor$DelayedWorkQueue.take(ScheduledThreadPoolExecutor.java:809)
        at java.util.concurrent.ThreadPoolExecutor.getTask(ThreadPoolExecutor.java:1074)
        at java.util.concurrent.ThreadPoolExecutor.runWorker(ThreadPoolExecutor.java:1134)
        at java.util.concurrent.ThreadPoolExecutor$Worker.run(ThreadPoolExecutor.java:624)
        at java.lang.Thread.run(Thread.java:748)
"IPC Server handler 7 on 33987" daemon prio=5 tid=36 timed_waiting
java.lang.Thread.State: TIMED_WAITING
        at sun.misc.Unsafe.park(Native Method)
        at java.util.concurrent.locks.LockSupport.parkNanos(LockSupport.java:215)
        at java.util.concurrent.locks.AbstractQueuedSynchronizer$ConditionObject.awaitNanos(AbstractQueuedSynchronizer.java:2078)
        at java.util.concurrent.LinkedBlockingQueue.poll(LinkedBlockingQueue.java:467)
        at org.apache.hadoop.ipc.CallQueueManager.take(CallQueueManager.java:288)
        at org.apache.hadoop.ipc.Server$Handler.run(Server.java:2668)
"SCMBlockDeletingService#0" daemon prio=5 tid=101 in Object.wait()
java.lang.Thread.State: WAITING (on object monitor)
        at sun.misc.Unsafe.park(Native Method)
        at java.util.concurrent.locks.LockSupport.park(LockSupport.java:175)
        at java.util.concurrent.locks.AbstractQueuedSynchronizer$ConditionObject.await(AbstractQueuedSynchronizer.java:2039)
        at java.util.concurrent.ScheduledThreadPoolExecutor$DelayedWorkQueue.take(ScheduledThreadPoolExecutor.java:1088)
        at java.util.concurrent.ScheduledThreadPoolExecutor$DelayedWorkQueue.take(ScheduledThreadPoolExecutor.java:809)
        at java.util.concurrent.ThreadPoolExecutor.getTask(ThreadPoolExecutor.java:1074)
        at java.util.concurrent.ThreadPoolExecutor.runWorker(ThreadPoolExecutor.java:1134)
        at java.util.concurrent.ThreadPoolExecutor$Worker.run(ThreadPoolExecutor.java:624)
        at java.lang.Thread.run(Thread.java:748)
"qtp1077873186-95" daemon prio=5 tid=95 timed_waiting
java.lang.Thread.State: TIMED_WAITING
        at sun.misc.Unsafe.park(Native Method)
        at java.util.concurrent.locks.LockSupport.parkNanos(LockSupport.java:215)
        at java.util.concurrent.locks.AbstractQueuedSynchronizer$ConditionObject.awaitNanos(AbstractQueuedSynchronizer.java:2078)
        at org.eclipse.jetty.util.BlockingArrayQueue.poll(BlockingArrayQueue.java:392)
        at org.eclipse.jetty.util.thread.QueuedThreadPool.idleJobPoll(QueuedThreadPool.java:563)
        at org.eclipse.jetty.util.thread.QueuedThreadPool.access$800(QueuedThreadPool.java:48)
        at org.eclipse.jetty.util.thread.QueuedThreadPool$2.run(QueuedThreadPool.java:626)
        at java.lang.Thread.run(Thread.java:748)
"metrics-hadoop-metrics2-reporter-35-thread-1" daemon prio=5 tid=664 timed_waiting
java.lang.Thread.State: TIMED_WAITING
        at sun.misc.Unsafe.park(Native Method)
        at java.util.concurrent.locks.LockSupport.parkNanos(LockSupport.java:215)
        at java.util.concurrent.locks.AbstractQueuedSynchronizer$ConditionObject.awaitNanos(AbstractQueuedSynchronizer.java:2078)
        at java.util.concurrent.ScheduledThreadPoolExecutor$DelayedWorkQueue.take(ScheduledThreadPoolExecutor.java:1093)
        at java.util.concurrent.ScheduledThreadPoolExecutor$DelayedWorkQueue.take(ScheduledThreadPoolExecutor.java:809)
        at java.util.concurrent.ThreadPoolExecutor.getTask(ThreadPoolExecutor.java:1074)
        at java.util.concurrent.ThreadPoolExecutor.runWorker(ThreadPoolExecutor.java:1134)
        at java.util.concurrent.ThreadPoolExecutor$Worker.run(ThreadPoolExecutor.java:624)
        at java.lang.Thread.run(Thread.java:748)
"pool-26-thread-48"  prio=5 tid=280 in Object.wait()
java.lang.Thread.State: WAITING (on object monitor)
        at sun.misc.Unsafe.park(Native Method)
        at java.util.concurrent.locks.LockSupport.park(LockSupport.java:175)
        at java.util.concurrent.locks.AbstractQueuedSynchronizer$ConditionObject.await(AbstractQueuedSynchronizer.java:2039)
        at java.util.concurrent.ArrayBlockingQueue.take(ArrayBlockingQueue.java:403)
        at java.util.concurrent.ThreadPoolExecutor.getTask(ThreadPoolExecutor.java:1074)
        at java.util.concurrent.ThreadPoolExecutor.runWorker(ThreadPoolExecutor.java:1134)
        at java.util.concurrent.ThreadPoolExecutor$Worker.run(ThreadPoolExecutor.java:624)
        at java.lang.Thread.run(Thread.java:748)
"pool-26-thread-15"  prio=5 tid=247 in Object.wait()
java.lang.Thread.State: WAITING (on object monitor)
        at sun.misc.Unsafe.park(Native Method)
        at java.util.concurrent.locks.LockSupport.park(LockSupport.java:175)
        at java.util.concurrent.locks.AbstractQueuedSynchronizer$ConditionObject.await(AbstractQueuedSynchronizer.java:2039)
        at java.util.concurrent.ArrayBlockingQueue.take(ArrayBlockingQueue.java:403)
        at java.util.concurrent.ThreadPoolExecutor.getTask(ThreadPoolExecutor.java:1074)
        at java.util.concurrent.ThreadPoolExecutor.runWorker(ThreadPoolExecutor.java:1134)
        at java.util.concurrent.ThreadPoolExecutor$Worker.run(ThreadPoolExecutor.java:624)
        at java.lang.Thread.run(Thread.java:748)
"Datanode ReportManager Thread - 2" daemon prio=5 tid=227 in Object.wait()
java.lang.Thread.State: WAITING (on object monitor)
        at sun.misc.Unsafe.park(Native Method)
        at java.util.concurrent.locks.LockSupport.park(LockSupport.java:175)
        at java.util.concurrent.locks.AbstractQueuedSynchronizer$ConditionObject.await(AbstractQueuedSynchronizer.java:2039)
        at java.util.concurrent.ScheduledThreadPoolExecutor$DelayedWorkQueue.take(ScheduledThreadPoolExecutor.java:1088)
        at java.util.concurrent.ScheduledThreadPoolExecutor$DelayedWorkQueue.take(ScheduledThreadPoolExecutor.java:809)
        at java.util.concurrent.ThreadPoolExecutor.getTask(ThreadPoolExecutor.java:1074)
        at java.util.concurrent.ThreadPoolExecutor.runWorker(ThreadPoolExecutor.java:1134)
        at java.util.concurrent.ThreadPoolExecutor$Worker.run(ThreadPoolExecutor.java:624)
        at java.lang.Thread.run(Thread.java:748)
"qtp1471800355-138" daemon prio=5 tid=138 timed_waiting
java.lang.Thread.State: TIMED_WAITING
        at sun.misc.Unsafe.park(Native Method)
        at java.util.concurrent.locks.LockSupport.parkNanos(LockSupport.java:215)
        at java.util.concurrent.locks.AbstractQueuedSynchronizer$ConditionObject.awaitNanos(AbstractQueuedSynchronizer.java:2078)
        at org.eclipse.jetty.util.BlockingArrayQueue.poll(BlockingArrayQueue.java:392)
        at org.eclipse.jetty.util.thread.QueuedThreadPool.idleJobPoll(QueuedThreadPool.java:563)
        at org.eclipse.jetty.util.thread.QueuedThreadPool.access$800(QueuedThreadPool.java:48)
        at org.eclipse.jetty.util.thread.QueuedThreadPool$2.run(QueuedThreadPool.java:626)
        at java.lang.Thread.run(Thread.java:748)
"BlockDeletingService#3" daemon prio=5 tid=435 in Object.wait()
java.lang.Thread.State: WAITING (on object monitor)
        at sun.misc.Unsafe.park(Native Method)
        at java.util.concurrent.locks.LockSupport.park(LockSupport.java:175)
        at java.util.concurrent.locks.AbstractQueuedSynchronizer$ConditionObject.await(AbstractQueuedSynchronizer.java:2039)
        at java.util.concurrent.ScheduledThreadPoolExecutor$DelayedWorkQueue.take(ScheduledThreadPoolExecutor.java:1088)
        at java.util.concurrent.ScheduledThreadPoolExecutor$DelayedWorkQueue.take(ScheduledThreadPoolExecutor.java:809)
        at java.util.concurrent.ThreadPoolExecutor.getTask(ThreadPoolExecutor.java:1074)
        at java.util.concurrent.ThreadPoolExecutor.runWorker(ThreadPoolExecutor.java:1134)
        at java.util.concurrent.ThreadPoolExecutor$Worker.run(ThreadPoolExecutor.java:624)
        at java.lang.Thread.run(Thread.java:748)
"pool-46-thread-50"  prio=5 tid=402 in Object.wait()
java.lang.Thread.State: WAITING (on object monitor)
        at sun.misc.Unsafe.park(Native Method)
        at java.util.concurrent.locks.LockSupport.park(LockSupport.java:175)
        at java.util.concurrent.locks.AbstractQueuedSynchronizer$ConditionObject.await(AbstractQueuedSynchronizer.java:2039)
        at java.util.concurrent.ArrayBlockingQueue.take(ArrayBlockingQueue.java:403)
        at java.util.concurrent.ThreadPoolExecutor.getTask(ThreadPoolExecutor.java:1074)
        at java.util.concurrent.ThreadPoolExecutor.runWorker(ThreadPoolExecutor.java:1134)
        at java.util.concurrent.ThreadPoolExecutor$Worker.run(ThreadPoolExecutor.java:624)
        at java.lang.Thread.run(Thread.java:748)
"pool-26-thread-13"  prio=5 tid=245 in Object.wait()
java.lang.Thread.State: WAITING (on object monitor)
        at sun.misc.Unsafe.park(Native Method)
        at java.util.concurrent.locks.LockSupport.park(LockSupport.java:175)
        at java.util.concurrent.locks.AbstractQueuedSynchronizer$ConditionObject.await(AbstractQueuedSynchronizer.java:2039)
        at java.util.concurrent.ArrayBlockingQueue.take(ArrayBlockingQueue.java:403)
        at java.util.concurrent.ThreadPoolExecutor.getTask(ThreadPoolExecutor.java:1074)
        at java.util.concurrent.ThreadPoolExecutor.runWorker(ThreadPoolExecutor.java:1134)
        at java.util.concurrent.ThreadPoolExecutor$Worker.run(ThreadPoolExecutor.java:624)
        at java.lang.Thread.run(Thread.java:748)
"Datanode State Machine Thread - 0" daemon prio=5 tid=170 timed_waiting
java.lang.Thread.State: TIMED_WAITING
        at java.lang.Thread.sleep(Native Method)
        at org.apache.hadoop.ozone.container.common.statemachine.DatanodeStateMachine.start(DatanodeStateMachine.java:191)
        at org.apache.hadoop.ozone.container.common.statemachine.DatanodeStateMachine.lambda$startDaemon$0(DatanodeStateMachine.java:349)
        at org.apache.hadoop.ozone.container.common.statemachine.DatanodeStateMachine$$Lambda$140/1687702287.run(Unknown Source)
        at java.lang.Thread.run(Thread.java:748)
"BlockDeletingService#2" daemon prio=5 tid=420 timed_waiting
java.lang.Thread.State: TIMED_WAITING
        at sun.misc.Unsafe.park(Native Method)
        at java.util.concurrent.locks.LockSupport.parkNanos(LockSupport.java:215)
        at java.util.concurrent.locks.AbstractQueuedSynchronizer$ConditionObject.awaitNanos(AbstractQueuedSynchronizer.java:2078)
        at java.util.concurrent.ScheduledThreadPoolExecutor$DelayedWorkQueue.take(ScheduledThreadPoolExecutor.java:1093)
        at java.util.concurrent.ScheduledThreadPoolExecutor$DelayedWorkQueue.take(ScheduledThreadPoolExecutor.java:809)
        at java.util.concurrent.ThreadPoolExecutor.getTask(ThreadPoolExecutor.java:1074)
        at java.util.concurrent.ThreadPoolExecutor.runWorker(ThreadPoolExecutor.java:1134)
        at java.util.concurrent.ThreadPoolExecutor$Worker.run(ThreadPoolExecutor.java:624)
        at java.lang.Thread.run(Thread.java:748)
"pool-36-thread-33"  prio=5 tid=325 in Object.wait()
java.lang.Thread.State: WAITING (on object monitor)
        at sun.misc.Unsafe.park(Native Method)
        at java.util.concurrent.locks.LockSupport.park(LockSupport.java:175)
        at java.util.concurrent.locks.AbstractQueuedSynchronizer$ConditionObject.await(AbstractQueuedSynchronizer.java:2039)
        at java.util.concurrent.ArrayBlockingQueue.take(ArrayBlockingQueue.java:403)
        at java.util.concurrent.ThreadPoolExecutor.getTask(ThreadPoolExecutor.java:1074)
        at java.util.concurrent.ThreadPoolExecutor.runWorker(ThreadPoolExecutor.java:1134)
        at java.util.concurrent.ThreadPoolExecutor$Worker.run(ThreadPoolExecutor.java:624)
        at java.lang.Thread.run(Thread.java:748)
"metrics-hadoop-metrics2-reporter-30-thread-1" daemon prio=5 tid=640 timed_waiting
java.lang.Thread.State: TIMED_WAITING
        at sun.misc.Unsafe.park(Native Method)
        at java.util.concurrent.locks.LockSupport.parkNanos(LockSupport.java:215)
        at java.util.concurrent.locks.AbstractQueuedSynchronizer$ConditionObject.awaitNanos(AbstractQueuedSynchronizer.java:2078)
        at java.util.concurrent.ScheduledThreadPoolExecutor$DelayedWorkQueue.take(ScheduledThreadPoolExecutor.java:1093)
        at java.util.concurrent.ScheduledThreadPoolExecutor$DelayedWorkQueue.take(ScheduledThreadPoolExecutor.java:809)
        at java.util.concurrent.ThreadPoolExecutor.getTask(ThreadPoolExecutor.java:1074)
        at java.util.concurrent.ThreadPoolExecutor.runWorker(ThreadPoolExecutor.java:1134)
        at java.util.concurrent.ThreadPoolExecutor$Worker.run(ThreadPoolExecutor.java:624)
        at java.lang.Thread.run(Thread.java:748)
"pool-26-thread-40"  prio=5 tid=272 in Object.wait()
java.lang.Thread.State: WAITING (on object monitor)
        at sun.misc.Unsafe.park(Native Method)
        at java.util.concurrent.locks.LockSupport.park(LockSupport.java:175)
        at java.util.concurrent.locks.AbstractQueuedSynchronizer$ConditionObject.await(AbstractQueuedSynchronizer.java:2039)
        at java.util.concurrent.ArrayBlockingQueue.take(ArrayBlockingQueue.java:403)
        at java.util.concurrent.ThreadPoolExecutor.getTask(ThreadPoolExecutor.java:1074)
        at java.util.concurrent.ThreadPoolExecutor.runWorker(ThreadPoolExecutor.java:1134)
        at java.util.concurrent.ThreadPoolExecutor$Worker.run(ThreadPoolExecutor.java:624)
        at java.lang.Thread.run(Thread.java:748)
"pool-26-thread-2"  prio=5 tid=234 in Object.wait()
java.lang.Thread.State: WAITING (on object monitor)
        at sun.misc.Unsafe.park(Native Method)
        at java.util.concurrent.locks.LockSupport.park(LockSupport.java:175)
        at java.util.concurrent.locks.AbstractQueuedSynchronizer$ConditionObject.await(AbstractQueuedSynchronizer.java:2039)
        at java.util.concurrent.ArrayBlockingQueue.take(ArrayBlockingQueue.java:403)
        at java.util.concurrent.ThreadPoolExecutor.getTask(ThreadPoolExecutor.java:1074)
        at java.util.concurrent.ThreadPoolExecutor.runWorker(ThreadPoolExecutor.java:1134)
        at java.util.concurrent.ThreadPoolExecutor$Worker.run(ThreadPoolExecutor.java:624)
        at java.lang.Thread.run(Thread.java:748)
"pool-36-thread-11"  prio=5 tid=303 in Object.wait()
java.lang.Thread.State: WAITING (on object monitor)
        at sun.misc.Unsafe.park(Native Method)
        at java.util.concurrent.locks.LockSupport.park(LockSupport.java:175)
        at java.util.concurrent.locks.AbstractQueuedSynchronizer$ConditionObject.await(AbstractQueuedSynchronizer.java:2039)
        at java.util.concurrent.ArrayBlockingQueue.take(ArrayBlockingQueue.java:403)
        at java.util.concurrent.ThreadPoolExecutor.getTask(ThreadPoolExecutor.java:1074)
        at java.util.concurrent.ThreadPoolExecutor.runWorker(ThreadPoolExecutor.java:1134)
        at java.util.concurrent.ThreadPoolExecutor$Worker.run(ThreadPoolExecutor.java:624)
        at java.lang.Thread.run(Thread.java:748)
"qtp231182885-166" daemon prio=5 tid=166 timed_waiting
java.lang.Thread.State: TIMED_WAITING
        at sun.misc.Unsafe.park(Native Method)
        at java.util.concurrent.locks.LockSupport.parkNanos(LockSupport.java:215)
        at java.util.concurrent.locks.AbstractQueuedSynchronizer$ConditionObject.awaitNanos(AbstractQueuedSynchronizer.java:2078)
        at org.eclipse.jetty.util.BlockingArrayQueue.poll(BlockingArrayQueue.java:392)
        at org.eclipse.jetty.util.thread.QueuedThreadPool.idleJobPoll(QueuedThreadPool.java:563)
        at org.eclipse.jetty.util.thread.QueuedThreadPool.access$800(QueuedThreadPool.java:48)
        at org.eclipse.jetty.util.thread.QueuedThreadPool$2.run(QueuedThreadPool.java:626)
        at java.lang.Thread.run(Thread.java:748)
"Datanode ReportManager Thread - 0" daemon prio=5 tid=171 in Object.wait()
java.lang.Thread.State: WAITING (on object monitor)
        at sun.misc.Unsafe.park(Native Method)
        at java.util.concurrent.locks.LockSupport.park(LockSupport.java:175)
        at java.util.concurrent.locks.AbstractQueuedSynchronizer$ConditionObject.await(AbstractQueuedSynchronizer.java:2039)
        at java.util.concurrent.ScheduledThreadPoolExecutor$DelayedWorkQueue.take(ScheduledThreadPoolExecutor.java:1088)
        at java.util.concurrent.ScheduledThreadPoolExecutor$DelayedWorkQueue.take(ScheduledThreadPoolExecutor.java:809)
        at java.util.concurrent.ThreadPoolExecutor.getTask(ThreadPoolExecutor.java:1074)
        at java.util.concurrent.ThreadPoolExecutor.runWorker(ThreadPoolExecutor.java:1134)
        at java.util.concurrent.ThreadPoolExecutor$Worker.run(ThreadPoolExecutor.java:624)
        at java.lang.Thread.run(Thread.java:748)
"pool-26-thread-4"  prio=5 tid=236 in Object.wait()
java.lang.Thread.State: WAITING (on object monitor)
        at sun.misc.Unsafe.park(Native Method)
        at java.util.concurrent.locks.LockSupport.park(LockSupport.java:175)
        at java.util.concurrent.locks.AbstractQueuedSynchronizer$ConditionObject.await(AbstractQueuedSynchronizer.java:2039)
        at java.util.concurrent.ArrayBlockingQueue.take(ArrayBlockingQueue.java:403)
        at java.util.concurrent.ThreadPoolExecutor.getTask(ThreadPoolExecutor.java:1074)
        at java.util.concurrent.ThreadPoolExecutor.runWorker(ThreadPoolExecutor.java:1134)
        at java.util.concurrent.ThreadPoolExecutor$Worker.run(ThreadPoolExecutor.java:624)
        at java.lang.Thread.run(Thread.java:748)
"IPC Server handler 0 on 34353" daemon prio=5 tid=69 timed_waiting
java.lang.Thread.State: TIMED_WAITING
        at sun.misc.Unsafe.park(Native Method)
        at java.util.concurrent.locks.LockSupport.parkNanos(LockSupport.java:215)
        at java.util.concurrent.locks.AbstractQueuedSynchronizer$ConditionObject.awaitNanos(AbstractQueuedSynchronizer.java:2078)
        at java.util.concurrent.LinkedBlockingQueue.poll(LinkedBlockingQueue.java:467)
        at org.apache.hadoop.ipc.CallQueueManager.take(CallQueueManager.java:288)
        at org.apache.hadoop.ipc.Server$Handler.run(Server.java:2668)
"pool-36-thread-38"  prio=5 tid=330 in Object.wait()
java.lang.Thread.State: WAITING (on object monitor)
        at sun.misc.Unsafe.park(Native Method)
        at java.util.concurrent.locks.LockSupport.park(LockSupport.java:175)
        at java.util.concurrent.locks.AbstractQueuedSynchronizer$ConditionObject.await(AbstractQueuedSynchronizer.java:2039)
        at java.util.concurrent.ArrayBlockingQueue.take(ArrayBlockingQueue.java:403)
        at java.util.concurrent.ThreadPoolExecutor.getTask(ThreadPoolExecutor.java:1074)
        at java.util.concurrent.ThreadPoolExecutor.runWorker(ThreadPoolExecutor.java:1134)
        at java.util.concurrent.ThreadPoolExecutor$Worker.run(ThreadPoolExecutor.java:624)
        at java.lang.Thread.run(Thread.java:748)
"pool-26-thread-5"  prio=5 tid=237 in Object.wait()
java.lang.Thread.State: WAITING (on object monitor)
        at sun.misc.Unsafe.park(Native Method)
        at java.util.concurrent.locks.LockSupport.park(LockSupport.java:175)
        at java.util.concurrent.locks.AbstractQueuedSynchronizer$ConditionObject.await(AbstractQueuedSynchronizer.java:2039)
        at java.util.concurrent.ArrayBlockingQueue.take(ArrayBlockingQueue.java:403)
        at java.util.concurrent.ThreadPoolExecutor.getTask(ThreadPoolExecutor.java:1074)
        at java.util.concurrent.ThreadPoolExecutor.runWorker(ThreadPoolExecutor.java:1134)
        at java.util.concurrent.ThreadPoolExecutor$Worker.run(ThreadPoolExecutor.java:624)
        at java.lang.Thread.run(Thread.java:748)
"IPC Server handler 13 on 35897" daemon prio=5 tid=128 timed_waiting
java.lang.Thread.State: TIMED_WAITING
        at sun.misc.Unsafe.park(Native Method)
        at java.util.concurrent.locks.LockSupport.parkNanos(LockSupport.java:215)
        at java.util.concurrent.locks.AbstractQueuedSynchronizer$ConditionObject.awaitNanos(AbstractQueuedSynchronizer.java:2078)
        at java.util.concurrent.LinkedBlockingQueue.poll(LinkedBlockingQueue.java:467)
        at org.apache.hadoop.ipc.CallQueueManager.take(CallQueueManager.java:288)
        at org.apache.hadoop.ipc.Server$Handler.run(Server.java:2668)
"pool-36-thread-50"  prio=5 tid=342 in Object.wait()
java.lang.Thread.State: WAITING (on object monitor)
        at sun.misc.Unsafe.park(Native Method)
        at java.util.concurrent.locks.LockSupport.park(LockSupport.java:175)
        at java.util.concurrent.locks.AbstractQueuedSynchronizer$ConditionObject.await(AbstractQueuedSynchronizer.java:2039)
        at java.util.concurrent.ArrayBlockingQueue.take(ArrayBlockingQueue.java:403)
        at java.util.concurrent.ThreadPoolExecutor.getTask(ThreadPoolExecutor.java:1074)
        at java.util.concurrent.ThreadPoolExecutor.runWorker(ThreadPoolExecutor.java:1134)
        at java.util.concurrent.ThreadPoolExecutor$Worker.run(ThreadPoolExecutor.java:624)
        at java.lang.Thread.run(Thread.java:748)
"pool-36-thread-14"  prio=5 tid=306 in Object.wait()
java.lang.Thread.State: WAITING (on object monitor)
        at sun.misc.Unsafe.park(Native Method)
        at java.util.concurrent.locks.LockSupport.park(LockSupport.java:175)
        at java.util.concurrent.locks.AbstractQueuedSynchronizer$ConditionObject.await(AbstractQueuedSynchronizer.java:2039)
        at java.util.concurrent.ArrayBlockingQueue.take(ArrayBlockingQueue.java:403)
        at java.util.concurrent.ThreadPoolExecutor.getTask(ThreadPoolExecutor.java:1074)
        at java.util.concurrent.ThreadPoolExecutor.runWorker(ThreadPoolExecutor.java:1134)
        at java.util.concurrent.ThreadPoolExecutor$Worker.run(ThreadPoolExecutor.java:624)
        at java.lang.Thread.run(Thread.java:748)
"metrics-hadoop-metrics2-reporter-5-thread-1" daemon prio=5 tid=453 timed_waiting
java.lang.Thread.State: TIMED_WAITING
        at sun.misc.Unsafe.park(Native Method)
        at java.util.concurrent.locks.LockSupport.parkNanos(LockSupport.java:215)
        at java.util.concurrent.locks.AbstractQueuedSynchronizer$ConditionObject.awaitNanos(AbstractQueuedSynchronizer.java:2078)
        at java.util.concurrent.ScheduledThreadPoolExecutor$DelayedWorkQueue.take(ScheduledThreadPoolExecutor.java:1093)
        at java.util.concurrent.ScheduledThreadPoolExecutor$DelayedWorkQueue.take(ScheduledThreadPoolExecutor.java:809)
        at java.util.concurrent.ThreadPoolExecutor.getTask(ThreadPoolExecutor.java:1074)
        at java.util.concurrent.ThreadPoolExecutor.runWorker(ThreadPoolExecutor.java:1134)
        at java.util.concurrent.ThreadPoolExecutor$Worker.run(ThreadPoolExecutor.java:624)
        at java.lang.Thread.run(Thread.java:748)
"BlockDeletingService#1" daemon prio=5 tid=417 in Object.wait()
java.lang.Thread.State: WAITING (on object monitor)
        at sun.misc.Unsafe.park(Native Method)
        at java.util.concurrent.locks.LockSupport.park(LockSupport.java:175)
        at java.util.concurrent.locks.AbstractQueuedSynchronizer$ConditionObject.await(AbstractQueuedSynchronizer.java:2039)
        at java.util.concurrent.ScheduledThreadPoolExecutor$DelayedWorkQueue.take(ScheduledThreadPoolExecutor.java:1088)
        at java.util.concurrent.ScheduledThreadPoolExecutor$DelayedWorkQueue.take(ScheduledThreadPoolExecutor.java:809)
        at java.util.concurrent.ThreadPoolExecutor.getTask(ThreadPoolExecutor.java:1074)
        at java.util.concurrent.ThreadPoolExecutor.runWorker(ThreadPoolExecutor.java:1134)
        at java.util.concurrent.ThreadPoolExecutor$Worker.run(ThreadPoolExecutor.java:624)
        at java.lang.Thread.run(Thread.java:748)
"pool-46-thread-3"  prio=5 tid=355 in Object.wait()
java.lang.Thread.State: WAITING (on object monitor)
        at sun.misc.Unsafe.park(Native Method)
        at java.util.concurrent.locks.LockSupport.park(LockSupport.java:175)
        at java.util.concurrent.locks.AbstractQueuedSynchronizer$ConditionObject.await(AbstractQueuedSynchronizer.java:2039)
        at java.util.concurrent.ArrayBlockingQueue.take(ArrayBlockingQueue.java:403)
        at java.util.concurrent.ThreadPoolExecutor.getTask(ThreadPoolExecutor.java:1074)
        at java.util.concurrent.ThreadPoolExecutor.runWorker(ThreadPoolExecutor.java:1134)
        at java.util.concurrent.ThreadPoolExecutor$Worker.run(ThreadPoolExecutor.java:624)
        at java.lang.Thread.run(Thread.java:748)
"pool-50-thread-1"  prio=5 tid=212 timed_waiting
java.lang.Thread.State: TIMED_WAITING
        at sun.misc.Unsafe.park(Native Method)
        at java.util.concurrent.locks.LockSupport.parkNanos(LockSupport.java:215)
        at java.util.concurrent.locks.AbstractQueuedSynchronizer$ConditionObject.awaitNanos(AbstractQueuedSynchronizer.java:2078)
        at java.util.concurrent.ScheduledThreadPoolExecutor$DelayedWorkQueue.take(ScheduledThreadPoolExecutor.java:1093)
        at java.util.concurrent.ScheduledThreadPoolExecutor$DelayedWorkQueue.take(ScheduledThreadPoolExecutor.java:809)
        at java.util.concurrent.ThreadPoolExecutor.getTask(ThreadPoolExecutor.java:1074)
        at java.util.concurrent.ThreadPoolExecutor.runWorker(ThreadPoolExecutor.java:1134)
        at java.util.concurrent.ThreadPoolExecutor$Worker.run(ThreadPoolExecutor.java:624)
        at java.lang.Thread.run(Thread.java:748)
"Finalizer" daemon prio=8 tid=3 in Object.wait()
java.lang.Thread.State: WAITING (on object monitor)
        at java.lang.Object.wait(Native Method)
        at java.lang.ref.ReferenceQueue.remove(ReferenceQueue.java:144)
        at java.lang.ref.ReferenceQueue.remove(ReferenceQueue.java:165)
        at java.lang.ref.Finalizer$FinalizerThread.run(Finalizer.java:216)
"4b287a15-77af-487b-aef7-34d1d0ee189f@group-83C26644CFDA-SegmentedRaftLogWorker"  prio=5 tid=632 timed_waiting
java.lang.Thread.State: TIMED_WAITING
        at sun.misc.Unsafe.park(Native Method)
        at java.util.concurrent.locks.LockSupport.parkNanos(LockSupport.java:215)
        at java.util.concurrent.locks.AbstractQueuedSynchronizer$ConditionObject.awaitNanos(AbstractQueuedSynchronizer.java:2078)
        at org.apache.ratis.util.DataBlockingQueue.poll(DataBlockingQueue.java:137)
        at org.apache.ratis.server.raftlog.segmented.SegmentedRaftLogWorker.run(SegmentedRaftLogWorker.java:282)
        at java.lang.Thread.run(Thread.java:748)
"pool-36-thread-41"  prio=5 tid=333 in Object.wait()
java.lang.Thread.State: WAITING (on object monitor)
        at sun.misc.Unsafe.park(Native Method)
        at java.util.concurrent.locks.LockSupport.park(LockSupport.java:175)
        at java.util.concurrent.locks.AbstractQueuedSynchronizer$ConditionObject.await(AbstractQueuedSynchronizer.java:2039)
        at java.util.concurrent.ArrayBlockingQueue.take(ArrayBlockingQueue.java:403)
        at java.util.concurrent.ThreadPoolExecutor.getTask(ThreadPoolExecutor.java:1074)
        at java.util.concurrent.ThreadPoolExecutor.runWorker(ThreadPoolExecutor.java:1134)
        at java.util.concurrent.ThreadPoolExecutor$Worker.run(ThreadPoolExecutor.java:624)
        at java.lang.Thread.run(Thread.java:748)
"pool-26-thread-21"  prio=5 tid=253 in Object.wait()
java.lang.Thread.State: WAITING (on object monitor)
        at sun.misc.Unsafe.park(Native Method)
        at java.util.concurrent.locks.LockSupport.park(LockSupport.java:175)
        at java.util.concurrent.locks.AbstractQueuedSynchronizer$ConditionObject.await(AbstractQueuedSynchronizer.java:2039)
        at java.util.concurrent.ArrayBlockingQueue.take(ArrayBlockingQueue.java:403)
        at java.util.concurrent.ThreadPoolExecutor.getTask(ThreadPoolExecutor.java:1074)
        at java.util.concurrent.ThreadPoolExecutor.runWorker(ThreadPoolExecutor.java:1134)
        at java.util.concurrent.ThreadPoolExecutor$Worker.run(ThreadPoolExecutor.java:624)
        at java.lang.Thread.run(Thread.java:748)
"pool-46-thread-40"  prio=5 tid=392 in Object.wait()
java.lang.Thread.State: WAITING (on object monitor)
        at sun.misc.Unsafe.park(Native Method)
        at java.util.concurrent.locks.LockSupport.park(LockSupport.java:175)
        at java.util.concurrent.locks.AbstractQueuedSynchronizer$ConditionObject.await(AbstractQueuedSynchronizer.java:2039)
        at java.util.concurrent.ArrayBlockingQueue.take(ArrayBlockingQueue.java:403)
        at java.util.concurrent.ThreadPoolExecutor.getTask(ThreadPoolExecutor.java:1074)
        at java.util.concurrent.ThreadPoolExecutor.runWorker(ThreadPoolExecutor.java:1134)
        at java.util.concurrent.ThreadPoolExecutor$Worker.run(ThreadPoolExecutor.java:624)
        at java.lang.Thread.run(Thread.java:748)
"metrics-hadoop-metrics2-reporter-31-thread-1" daemon prio=5 tid=642 timed_waiting
java.lang.Thread.State: TIMED_WAITING
        at sun.misc.Unsafe.park(Native Method)
        at java.util.concurrent.locks.LockSupport.parkNanos(LockSupport.java:215)
        at java.util.concurrent.locks.AbstractQueuedSynchronizer$ConditionObject.awaitNanos(AbstractQueuedSynchronizer.java:2078)
        at java.util.concurrent.ScheduledThreadPoolExecutor$DelayedWorkQueue.take(ScheduledThreadPoolExecutor.java:1093)
        at java.util.concurrent.ScheduledThreadPoolExecutor$DelayedWorkQueue.take(ScheduledThreadPoolExecutor.java:809)
        at java.util.concurrent.ThreadPoolExecutor.getTask(ThreadPoolExecutor.java:1074)
        at java.util.concurrent.ThreadPoolExecutor.runWorker(ThreadPoolExecutor.java:1134)
        at java.util.concurrent.ThreadPoolExecutor$Worker.run(ThreadPoolExecutor.java:624)
        at java.lang.Thread.run(Thread.java:748)
"qtp1536399059-192" daemon prio=5 tid=192 timed_waiting
java.lang.Thread.State: TIMED_WAITING
        at sun.misc.Unsafe.park(Native Method)
        at java.util.concurrent.locks.LockSupport.parkNanos(LockSupport.java:215)
        at java.util.concurrent.locks.AbstractQueuedSynchronizer$ConditionObject.awaitNanos(AbstractQueuedSynchronizer.java:2078)
        at org.eclipse.jetty.util.BlockingArrayQueue.poll(BlockingArrayQueue.java:392)
        at org.eclipse.jetty.util.thread.QueuedThreadPool.idleJobPoll(QueuedThreadPool.java:563)
        at org.eclipse.jetty.util.thread.QueuedThreadPool.access$800(QueuedThreadPool.java:48)
        at org.eclipse.jetty.util.thread.QueuedThreadPool$2.run(QueuedThreadPool.java:626)
        at java.lang.Thread.run(Thread.java:748)
"IPC Server handler 17 on 33987" daemon prio=5 tid=46 timed_waiting
java.lang.Thread.State: TIMED_WAITING
        at sun.misc.Unsafe.park(Native Method)
        at java.util.concurrent.locks.LockSupport.parkNanos(LockSupport.java:215)
        at java.util.concurrent.locks.AbstractQueuedSynchronizer$ConditionObject.awaitNanos(AbstractQueuedSynchronizer.java:2078)
        at java.util.concurrent.LinkedBlockingQueue.poll(LinkedBlockingQueue.java:467)
        at org.apache.hadoop.ipc.CallQueueManager.take(CallQueueManager.java:288)
        at org.apache.hadoop.ipc.Server$Handler.run(Server.java:2668)
"Reference Handler" daemon prio=10 tid=2 in Object.wait()
java.lang.Thread.State: WAITING (on object monitor)
        at java.lang.Object.wait(Native Method)
        at java.lang.Object.wait(Object.java:502)
        at java.lang.ref.Reference.tryHandlePending(Reference.java:191)
        at java.lang.ref.Reference$ReferenceHandler.run(Reference.java:153)
"IPC Server handler 18 on 34353" daemon prio=5 tid=87 timed_waiting
java.lang.Thread.State: TIMED_WAITING
        at sun.misc.Unsafe.park(Native Method)
        at java.util.concurrent.locks.LockSupport.parkNanos(LockSupport.java:215)
        at java.util.concurrent.locks.AbstractQueuedSynchronizer$ConditionObject.awaitNanos(AbstractQueuedSynchronizer.java:2078)
        at java.util.concurrent.LinkedBlockingQueue.poll(LinkedBlockingQueue.java:467)
        at org.apache.hadoop.ipc.CallQueueManager.take(CallQueueManager.java:288)
        at org.apache.hadoop.ipc.Server$Handler.run(Server.java:2668)
"qtp1536399059-191" daemon prio=5 tid=191 timed_waiting
java.lang.Thread.State: TIMED_WAITING
        at sun.misc.Unsafe.park(Native Method)
        at java.util.concurrent.locks.LockSupport.parkNanos(LockSupport.java:215)
        at java.util.concurrent.locks.AbstractQueuedSynchronizer$ConditionObject.awaitNanos(AbstractQueuedSynchronizer.java:2078)
        at org.eclipse.jetty.util.BlockingArrayQueue.poll(BlockingArrayQueue.java:392)
        at org.eclipse.jetty.util.thread.QueuedThreadPool.idleJobPoll(QueuedThreadPool.java:563)
        at org.eclipse.jetty.util.thread.QueuedThreadPool.access$800(QueuedThreadPool.java:48)
        at org.eclipse.jetty.util.thread.QueuedThreadPool$2.run(QueuedThreadPool.java:626)
        at java.lang.Thread.run(Thread.java:748)
"pool-36-thread-10"  prio=5 tid=302 in Object.wait()
java.lang.Thread.State: WAITING (on object monitor)
        at sun.misc.Unsafe.park(Native Method)
        at java.util.concurrent.locks.LockSupport.park(LockSupport.java:175)
        at java.util.concurrent.locks.AbstractQueuedSynchronizer$ConditionObject.await(AbstractQueuedSynchronizer.java:2039)
        at java.util.concurrent.ArrayBlockingQueue.take(ArrayBlockingQueue.java:403)
        at java.util.concurrent.ThreadPoolExecutor.getTask(ThreadPoolExecutor.java:1074)
        at java.util.concurrent.ThreadPoolExecutor.runWorker(ThreadPoolExecutor.java:1134)
        at java.util.concurrent.ThreadPoolExecutor$Worker.run(ThreadPoolExecutor.java:624)
        at java.lang.Thread.run(Thread.java:748)
"qtp231182885-165" daemon prio=5 tid=165 timed_waiting
java.lang.Thread.State: TIMED_WAITING
        at sun.misc.Unsafe.park(Native Method)
        at java.util.concurrent.locks.LockSupport.parkNanos(LockSupport.java:215)
        at java.util.concurrent.locks.AbstractQueuedSynchronizer$ConditionObject.awaitNanos(AbstractQueuedSynchronizer.java:2078)
        at org.eclipse.jetty.util.BlockingArrayQueue.poll(BlockingArrayQueue.java:392)
        at org.eclipse.jetty.util.thread.QueuedThreadPool.idleJobPoll(QueuedThreadPool.java:563)
        at org.eclipse.jetty.util.thread.QueuedThreadPool.access$800(QueuedThreadPool.java:48)
        at org.eclipse.jetty.util.thread.QueuedThreadPool$2.run(QueuedThreadPool.java:626)
        at java.lang.Thread.run(Thread.java:748)
"metrics-hadoop-metrics2-reporter-11-thread-1" daemon prio=5 tid=466 timed_waiting
java.lang.Thread.State: TIMED_WAITING
        at sun.misc.Unsafe.park(Native Method)
        at java.util.concurrent.locks.LockSupport.parkNanos(LockSupport.java:215)
        at java.util.concurrent.locks.AbstractQueuedSynchronizer$ConditionObject.awaitNanos(AbstractQueuedSynchronizer.java:2078)
        at java.util.concurrent.ScheduledThreadPoolExecutor$DelayedWorkQueue.take(ScheduledThreadPoolExecutor.java:1093)
        at java.util.concurrent.ScheduledThreadPoolExecutor$DelayedWorkQueue.take(ScheduledThreadPoolExecutor.java:809)
        at java.util.concurrent.ThreadPoolExecutor.getTask(ThreadPoolExecutor.java:1074)
        at java.util.concurrent.ThreadPoolExecutor.runWorker(ThreadPoolExecutor.java:1134)
        at java.util.concurrent.ThreadPoolExecutor$Worker.run(ThreadPoolExecutor.java:624)
        at java.lang.Thread.run(Thread.java:748)
"BlockDeletingService#2" daemon prio=5 tid=421 timed_waiting
java.lang.Thread.State: TIMED_WAITING
        at sun.misc.Unsafe.park(Native Method)
        at java.util.concurrent.locks.LockSupport.parkNanos(LockSupport.java:215)
        at java.util.concurrent.locks.AbstractQueuedSynchronizer$ConditionObject.awaitNanos(AbstractQueuedSynchronizer.java:2078)
        at java.util.concurrent.ScheduledThreadPoolExecutor$DelayedWorkQueue.take(ScheduledThreadPoolExecutor.java:1093)
        at java.util.concurrent.ScheduledThreadPoolExecutor$DelayedWorkQueue.take(ScheduledThreadPoolExecutor.java:809)
        at java.util.concurrent.ThreadPoolExecutor.getTask(ThreadPoolExecutor.java:1074)
        at java.util.concurrent.ThreadPoolExecutor.runWorker(ThreadPoolExecutor.java:1134)
        at java.util.concurrent.ThreadPoolExecutor$Worker.run(ThreadPoolExecutor.java:624)
        at java.lang.Thread.run(Thread.java:748)
"IPC Server handler 3 on 35897" daemon prio=5 tid=117 timed_waiting
java.lang.Thread.State: TIMED_WAITING
        at sun.misc.Unsafe.park(Native Method)
        at java.util.concurrent.locks.LockSupport.parkNanos(LockSupport.java:215)
        at java.util.concurrent.locks.AbstractQueuedSynchronizer$ConditionObject.awaitNanos(AbstractQueuedSynchronizer.java:2078)
        at java.util.concurrent.LinkedBlockingQueue.poll(LinkedBlockingQueue.java:467)
        at org.apache.hadoop.ipc.CallQueueManager.take(CallQueueManager.java:288)
        at org.apache.hadoop.ipc.Server$Handler.run(Server.java:2668)
"metrics-hadoop-metrics2-reporter-14-thread-1" daemon prio=5 tid=472 timed_waiting
java.lang.Thread.State: TIMED_WAITING
        at sun.misc.Unsafe.park(Native Method)
        at java.util.concurrent.locks.LockSupport.parkNanos(LockSupport.java:215)
        at java.util.concurrent.locks.AbstractQueuedSynchronizer$ConditionObject.awaitNanos(AbstractQueuedSynchronizer.java:2078)
        at java.util.concurrent.ScheduledThreadPoolExecutor$DelayedWorkQueue.take(ScheduledThreadPoolExecutor.java:1093)
        at java.util.concurrent.ScheduledThreadPoolExecutor$DelayedWorkQueue.take(ScheduledThreadPoolExecutor.java:809)
        at java.util.concurrent.ThreadPoolExecutor.getTask(ThreadPoolExecutor.java:1074)
        at java.util.concurrent.ThreadPoolExecutor.runWorker(ThreadPoolExecutor.java:1134)
        at java.util.concurrent.ThreadPoolExecutor$Worker.run(ThreadPoolExecutor.java:624)
        at java.lang.Thread.run(Thread.java:748)
"IPC Parameter Sending Thread #0" daemon prio=5 tid=105 timed_waiting
java.lang.Thread.State: TIMED_WAITING
        at sun.misc.Unsafe.park(Native Method)
        at java.util.concurrent.locks.LockSupport.parkNanos(LockSupport.java:215)
        at java.util.concurrent.SynchronousQueue$TransferStack.awaitFulfill(SynchronousQueue.java:460)
        at java.util.concurrent.SynchronousQueue$TransferStack.transfer(SynchronousQueue.java:362)
        at java.util.concurrent.SynchronousQueue.poll(SynchronousQueue.java:941)
        at java.util.concurrent.ThreadPoolExecutor.getTask(ThreadPoolExecutor.java:1073)
        at java.util.concurrent.ThreadPoolExecutor.runWorker(ThreadPoolExecutor.java:1134)
        at java.util.concurrent.ThreadPoolExecutor$Worker.run(ThreadPoolExecutor.java:624)
        at java.lang.Thread.run(Thread.java:748)
"IPC Server handler 18 on 33987" daemon prio=5 tid=47 timed_waiting
java.lang.Thread.State: TIMED_WAITING
        at sun.misc.Unsafe.park(Native Method)
        at java.util.concurrent.locks.LockSupport.parkNanos(LockSupport.java:215)
        at java.util.concurrent.locks.AbstractQueuedSynchronizer$ConditionObject.awaitNanos(AbstractQueuedSynchronizer.java:2078)
        at java.util.concurrent.LinkedBlockingQueue.poll(LinkedBlockingQueue.java:467)
        at org.apache.hadoop.ipc.CallQueueManager.take(CallQueueManager.java:288)
        at org.apache.hadoop.ipc.Server$Handler.run(Server.java:2668)
"pool-46-thread-46"  prio=5 tid=398 in Object.wait()
java.lang.Thread.State: WAITING (on object monitor)
        at sun.misc.Unsafe.park(Native Method)
        at java.util.concurrent.locks.LockSupport.park(LockSupport.java:175)
        at java.util.concurrent.locks.AbstractQueuedSynchronizer$ConditionObject.await(AbstractQueuedSynchronizer.java:2039)
        at java.util.concurrent.ArrayBlockingQueue.take(ArrayBlockingQueue.java:403)
        at java.util.concurrent.ThreadPoolExecutor.getTask(ThreadPoolExecutor.java:1074)
        at java.util.concurrent.ThreadPoolExecutor.runWorker(ThreadPoolExecutor.java:1134)
        at java.util.concurrent.ThreadPoolExecutor$Worker.run(ThreadPoolExecutor.java:624)
        at java.lang.Thread.run(Thread.java:748)
"pool-46-thread-38"  prio=5 tid=390 in Object.wait()
java.lang.Thread.State: WAITING (on object monitor)
        at sun.misc.Unsafe.park(Native Method)
        at java.util.concurrent.locks.LockSupport.park(LockSupport.java:175)
        at java.util.concurrent.locks.AbstractQueuedSynchronizer$ConditionObject.await(AbstractQueuedSynchronizer.java:2039)
        at java.util.concurrent.ArrayBlockingQueue.take(ArrayBlockingQueue.java:403)
        at java.util.concurrent.ThreadPoolExecutor.getTask(ThreadPoolExecutor.java:1074)
        at java.util.concurrent.ThreadPoolExecutor.runWorker(ThreadPoolExecutor.java:1134)
        at java.util.concurrent.ThreadPoolExecutor$Worker.run(ThreadPoolExecutor.java:624)
        at java.lang.Thread.run(Thread.java:748)
"BlockDeletingService#6" daemon prio=5 tid=651 in Object.wait()
java.lang.Thread.State: WAITING (on object monitor)
        at sun.misc.Unsafe.park(Native Method)
        at java.util.concurrent.locks.LockSupport.park(LockSupport.java:175)
        at java.util.concurrent.locks.AbstractQueuedSynchronizer$ConditionObject.await(AbstractQueuedSynchronizer.java:2039)
        at java.util.concurrent.ScheduledThreadPoolExecutor$DelayedWorkQueue.take(ScheduledThreadPoolExecutor.java:1088)
        at java.util.concurrent.ScheduledThreadPoolExecutor$DelayedWorkQueue.take(ScheduledThreadPoolExecutor.java:809)
        at java.util.concurrent.ThreadPoolExecutor.getTask(ThreadPoolExecutor.java:1074)
        at java.util.concurrent.ThreadPoolExecutor.runWorker(ThreadPoolExecutor.java:1134)
        at java.util.concurrent.ThreadPoolExecutor$Worker.run(ThreadPoolExecutor.java:624)
        at java.lang.Thread.run(Thread.java:748)
"pool-46-thread-58"  prio=5 tid=410 in Object.wait()
java.lang.Thread.State: WAITING (on object monitor)
        at sun.misc.Unsafe.park(Native Method)
        at java.util.concurrent.locks.LockSupport.park(LockSupport.java:175)
        at java.util.concurrent.locks.AbstractQueuedSynchronizer$ConditionObject.await(AbstractQueuedSynchronizer.java:2039)
        at java.util.concurrent.ArrayBlockingQueue.take(ArrayBlockingQueue.java:403)
        at java.util.concurrent.ThreadPoolExecutor.getTask(ThreadPoolExecutor.java:1074)
        at java.util.concurrent.ThreadPoolExecutor.runWorker(ThreadPoolExecutor.java:1134)
        at java.util.concurrent.ThreadPoolExecutor$Worker.run(ThreadPoolExecutor.java:624)
        at java.lang.Thread.run(Thread.java:748)
"pool-36-thread-4"  prio=5 tid=296 in Object.wait()
java.lang.Thread.State: WAITING (on object monitor)
        at sun.misc.Unsafe.park(Native Method)
        at java.util.concurrent.locks.LockSupport.park(LockSupport.java:175)
        at java.util.concurrent.locks.AbstractQueuedSynchronizer$ConditionObject.await(AbstractQueuedSynchronizer.java:2039)
        at java.util.concurrent.ArrayBlockingQueue.take(ArrayBlockingQueue.java:403)
        at java.util.concurrent.ThreadPoolExecutor.getTask(ThreadPoolExecutor.java:1074)
        at java.util.concurrent.ThreadPoolExecutor.runWorker(ThreadPoolExecutor.java:1134)
        at java.util.concurrent.ThreadPoolExecutor$Worker.run(ThreadPoolExecutor.java:624)
        at java.lang.Thread.run(Thread.java:748)
"SCMBlockDeletingService#1" daemon prio=5 tid=103 timed_waiting
java.lang.Thread.State: TIMED_WAITING
        at sun.misc.Unsafe.park(Native Method)
        at java.util.concurrent.locks.LockSupport.parkNanos(LockSupport.java:215)
        at java.util.concurrent.locks.AbstractQueuedSynchronizer$ConditionObject.awaitNanos(AbstractQueuedSynchronizer.java:2078)
        at java.util.concurrent.ScheduledThreadPoolExecutor$DelayedWorkQueue.take(ScheduledThreadPoolExecutor.java:1093)
        at java.util.concurrent.ScheduledThreadPoolExecutor$DelayedWorkQueue.take(ScheduledThreadPoolExecutor.java:809)
        at java.util.concurrent.ThreadPoolExecutor.getTask(ThreadPoolExecutor.java:1074)
        at java.util.concurrent.ThreadPoolExecutor.runWorker(ThreadPoolExecutor.java:1134)
        at java.util.concurrent.ThreadPoolExecutor$Worker.run(ThreadPoolExecutor.java:624)
        at java.lang.Thread.run(Thread.java:748)
"pool-36-thread-9"  prio=5 tid=301 in Object.wait()
java.lang.Thread.State: WAITING (on object monitor)
        at sun.misc.Unsafe.park(Native Method)
        at java.util.concurrent.locks.LockSupport.park(LockSupport.java:175)
        at java.util.concurrent.locks.AbstractQueuedSynchronizer$ConditionObject.await(AbstractQueuedSynchronizer.java:2039)
        at java.util.concurrent.ArrayBlockingQueue.take(ArrayBlockingQueue.java:403)
        at java.util.concurrent.ThreadPoolExecutor.getTask(ThreadPoolExecutor.java:1074)
        at java.util.concurrent.ThreadPoolExecutor.runWorker(ThreadPoolExecutor.java:1134)
        at java.util.concurrent.ThreadPoolExecutor$Worker.run(ThreadPoolExecutor.java:624)
        at java.lang.Thread.run(Thread.java:748)
"EventQueue-PipelineReportForPipelineReportHandler" daemon prio=5 tid=428 in Object.wait()
java.lang.Thread.State: WAITING (on object monitor)
        at sun.misc.Unsafe.park(Native Method)
        at java.util.concurrent.locks.LockSupport.park(LockSupport.java:175)
        at java.util.concurrent.locks.AbstractQueuedSynchronizer$ConditionObject.await(AbstractQueuedSynchronizer.java:2039)
        at java.util.concurrent.LinkedBlockingQueue.take(LinkedBlockingQueue.java:442)
        at java.util.concurrent.ThreadPoolExecutor.getTask(ThreadPoolExecutor.java:1074)
        at java.util.concurrent.ThreadPoolExecutor.runWorker(ThreadPoolExecutor.java:1134)
        at java.util.concurrent.ThreadPoolExecutor$Worker.run(ThreadPoolExecutor.java:624)
        at java.lang.Thread.run(Thread.java:748)
"pool-46-thread-25"  prio=5 tid=377 in Object.wait()
java.lang.Thread.State: WAITING (on object monitor)
        at sun.misc.Unsafe.park(Native Method)
        at java.util.concurrent.locks.LockSupport.park(LockSupport.java:175)
        at java.util.concurrent.locks.AbstractQueuedSynchronizer$ConditionObject.await(AbstractQueuedSynchronizer.java:2039)
        at java.util.concurrent.ArrayBlockingQueue.take(ArrayBlockingQueue.java:403)
        at java.util.concurrent.ThreadPoolExecutor.getTask(ThreadPoolExecutor.java:1074)
        at java.util.concurrent.ThreadPoolExecutor.runWorker(ThreadPoolExecutor.java:1134)
        at java.util.concurrent.ThreadPoolExecutor$Worker.run(ThreadPoolExecutor.java:624)
        at java.lang.Thread.run(Thread.java:748)
"IPC Server handler 15 on 40661" daemon prio=5 tid=64 timed_waiting
java.lang.Thread.State: TIMED_WAITING
        at sun.misc.Unsafe.park(Native Method)
        at java.util.concurrent.locks.LockSupport.parkNanos(LockSupport.java:215)
        at java.util.concurrent.locks.AbstractQueuedSynchronizer$ConditionObject.awaitNanos(AbstractQueuedSynchronizer.java:2078)
        at java.util.concurrent.LinkedBlockingQueue.poll(LinkedBlockingQueue.java:467)
        at org.apache.hadoop.ipc.CallQueueManager.take(CallQueueManager.java:288)
        at org.apache.hadoop.ipc.Server$Handler.run(Server.java:2668)
"pool-46-thread-59"  prio=5 tid=411 in Object.wait()
java.lang.Thread.State: WAITING (on object monitor)
        at sun.misc.Unsafe.park(Native Method)
        at java.util.concurrent.locks.LockSupport.park(LockSupport.java:175)
        at java.util.concurrent.locks.AbstractQueuedSynchronizer$ConditionObject.await(AbstractQueuedSynchronizer.java:2039)
        at java.util.concurrent.ArrayBlockingQueue.take(ArrayBlockingQueue.java:403)
        at java.util.concurrent.ThreadPoolExecutor.getTask(ThreadPoolExecutor.java:1074)
        at java.util.concurrent.ThreadPoolExecutor.runWorker(ThreadPoolExecutor.java:1134)
        at java.util.concurrent.ThreadPoolExecutor$Worker.run(ThreadPoolExecutor.java:624)
        at java.lang.Thread.run(Thread.java:748)
"org.eclipse.jetty.server.session.HashSessionManager@3af356fTimer" daemon prio=5 tid=144 timed_waiting
java.lang.Thread.State: TIMED_WAITING
        at sun.misc.Unsafe.park(Native Method)
        at java.util.concurrent.locks.LockSupport.parkNanos(LockSupport.java:215)
        at java.util.concurrent.locks.AbstractQueuedSynchronizer$ConditionObject.awaitNanos(AbstractQueuedSynchronizer.java:2078)
        at java.util.concurrent.ScheduledThreadPoolExecutor$DelayedWorkQueue.take(ScheduledThreadPoolExecutor.java:1093)
        at java.util.concurrent.ScheduledThreadPoolExecutor$DelayedWorkQueue.take(ScheduledThreadPoolExecutor.java:809)
        at java.util.concurrent.ThreadPoolExecutor.getTask(ThreadPoolExecutor.java:1074)
        at java.util.concurrent.ThreadPoolExecutor.runWorker(ThreadPoolExecutor.java:1134)
        at java.util.concurrent.ThreadPoolExecutor$Worker.run(ThreadPoolExecutor.java:624)
        at java.lang.Thread.run(Thread.java:748)
"metrics-hadoop-metrics2-reporter-25-thread-1" daemon prio=5 tid=529 timed_waiting
java.lang.Thread.State: TIMED_WAITING
        at sun.misc.Unsafe.park(Native Method)
        at java.util.concurrent.locks.LockSupport.parkNanos(LockSupport.java:215)
        at java.util.concurrent.locks.AbstractQueuedSynchronizer$ConditionObject.awaitNanos(AbstractQueuedSynchronizer.java:2078)
        at java.util.concurrent.ScheduledThreadPoolExecutor$DelayedWorkQueue.take(ScheduledThreadPoolExecutor.java:1093)
        at java.util.concurrent.ScheduledThreadPoolExecutor$DelayedWorkQueue.take(ScheduledThreadPoolExecutor.java:809)
        at java.util.concurrent.ThreadPoolExecutor.getTask(ThreadPoolExecutor.java:1074)
        at java.util.concurrent.ThreadPoolExecutor.runWorker(ThreadPoolExecutor.java:1134)
        at java.util.concurrent.ThreadPoolExecutor$Worker.run(ThreadPoolExecutor.java:624)
        at java.lang.Thread.run(Thread.java:748)
"org.eclipse.jetty.server.session.HashSessionManager@4c777e7bTimer" daemon prio=5 tid=168 timed_waiting
java.lang.Thread.State: TIMED_WAITING
        at sun.misc.Unsafe.park(Native Method)
        at java.util.concurrent.locks.LockSupport.parkNanos(LockSupport.java:215)
        at java.util.concurrent.locks.AbstractQueuedSynchronizer$ConditionObject.awaitNanos(AbstractQueuedSynchronizer.java:2078)
        at java.util.concurrent.ScheduledThreadPoolExecutor$DelayedWorkQueue.take(ScheduledThreadPoolExecutor.java:1093)
        at java.util.concurrent.ScheduledThreadPoolExecutor$DelayedWorkQueue.take(ScheduledThreadPoolExecutor.java:809)
        at java.util.concurrent.ThreadPoolExecutor.getTask(ThreadPoolExecutor.java:1074)
        at java.util.concurrent.ThreadPoolExecutor.runWorker(ThreadPoolExecutor.java:1134)
        at java.util.concurrent.ThreadPoolExecutor$Worker.run(ThreadPoolExecutor.java:624)
        at java.lang.Thread.run(Thread.java:748)
"Datanode State Machine Thread - 0" daemon prio=5 tid=179 timed_waiting
java.lang.Thread.State: TIMED_WAITING
        at sun.misc.Unsafe.park(Native Method)
        at java.util.concurrent.locks.LockSupport.parkNanos(LockSupport.java:215)
        at java.util.concurrent.SynchronousQueue$TransferStack.awaitFulfill(SynchronousQueue.java:460)
        at java.util.concurrent.SynchronousQueue$TransferStack.transfer(SynchronousQueue.java:362)
        at java.util.concurrent.SynchronousQueue.poll(SynchronousQueue.java:941)
        at java.util.concurrent.ThreadPoolExecutor.getTask(ThreadPoolExecutor.java:1073)
        at java.util.concurrent.ThreadPoolExecutor.runWorker(ThreadPoolExecutor.java:1134)
        at java.util.concurrent.ThreadPoolExecutor$Worker.run(ThreadPoolExecutor.java:624)
        at java.lang.Thread.run(Thread.java:748)
"pool-26-thread-26"  prio=5 tid=258 in Object.wait()
java.lang.Thread.State: WAITING (on object monitor)
        at sun.misc.Unsafe.park(Native Method)
        at java.util.concurrent.locks.LockSupport.park(LockSupport.java:175)
        at java.util.concurrent.locks.AbstractQueuedSynchronizer$ConditionObject.await(AbstractQueuedSynchronizer.java:2039)
        at java.util.concurrent.ArrayBlockingQueue.take(ArrayBlockingQueue.java:403)
        at java.util.concurrent.ThreadPoolExecutor.getTask(ThreadPoolExecutor.java:1074)
        at java.util.concurrent.ThreadPoolExecutor.runWorker(ThreadPoolExecutor.java:1134)
        at java.util.concurrent.ThreadPoolExecutor$Worker.run(ThreadPoolExecutor.java:624)
        at java.lang.Thread.run(Thread.java:748)
"org.eclipse.jetty.server.session.HashSessionManager@4047d2d9Timer" daemon prio=5 tid=195 timed_waiting
java.lang.Thread.State: TIMED_WAITING
        at sun.misc.Unsafe.park(Native Method)
        at java.util.concurrent.locks.LockSupport.parkNanos(LockSupport.java:215)
        at java.util.concurrent.locks.AbstractQueuedSynchronizer$ConditionObject.awaitNanos(AbstractQueuedSynchronizer.java:2078)
        at java.util.concurrent.ScheduledThreadPoolExecutor$DelayedWorkQueue.take(ScheduledThreadPoolExecutor.java:1093)
        at java.util.concurrent.ScheduledThreadPoolExecutor$DelayedWorkQueue.take(ScheduledThreadPoolExecutor.java:809)
        at java.util.concurrent.ThreadPoolExecutor.getTask(ThreadPoolExecutor.java:1074)
        at java.util.concurrent.ThreadPoolExecutor.runWorker(ThreadPoolExecutor.java:1134)
        at java.util.concurrent.ThreadPoolExecutor$Worker.run(ThreadPoolExecutor.java:624)
        at java.lang.Thread.run(Thread.java:748)
"pool-46-thread-14"  prio=5 tid=366 in Object.wait()
java.lang.Thread.State: WAITING (on object monitor)
        at sun.misc.Unsafe.park(Native Method)
        at java.util.concurrent.locks.LockSupport.park(LockSupport.java:175)
        at java.util.concurrent.locks.AbstractQueuedSynchronizer$ConditionObject.await(AbstractQueuedSynchronizer.java:2039)
        at java.util.concurrent.ArrayBlockingQueue.take(ArrayBlockingQueue.java:403)
        at java.util.concurrent.ThreadPoolExecutor.getTask(ThreadPoolExecutor.java:1074)
        at java.util.concurrent.ThreadPoolExecutor.runWorker(ThreadPoolExecutor.java:1134)
        at java.util.concurrent.ThreadPoolExecutor$Worker.run(ThreadPoolExecutor.java:624)
        at java.lang.Thread.run(Thread.java:748)
"pool-46-thread-9"  prio=5 tid=361 in Object.wait()
java.lang.Thread.State: WAITING (on object monitor)
        at sun.misc.Unsafe.park(Native Method)
        at java.util.concurrent.locks.LockSupport.park(LockSupport.java:175)
        at java.util.concurrent.locks.AbstractQueuedSynchronizer$ConditionObject.await(AbstractQueuedSynchronizer.java:2039)
        at java.util.concurrent.ArrayBlockingQueue.take(ArrayBlockingQueue.java:403)
        at java.util.concurrent.ThreadPoolExecutor.getTask(ThreadPoolExecutor.java:1074)
        at java.util.concurrent.ThreadPoolExecutor.runWorker(ThreadPoolExecutor.java:1134)
        at java.util.concurrent.ThreadPoolExecutor$Worker.run(ThreadPoolExecutor.java:624)
        at java.lang.Thread.run(Thread.java:748)
"pool-36-thread-20"  prio=5 tid=312 in Object.wait()
java.lang.Thread.State: WAITING (on object monitor)
        at sun.misc.Unsafe.park(Native Method)
        at java.util.concurrent.locks.LockSupport.park(LockSupport.java:175)
        at java.util.concurrent.locks.AbstractQueuedSynchronizer$ConditionObject.await(AbstractQueuedSynchronizer.java:2039)
        at java.util.concurrent.ArrayBlockingQueue.take(ArrayBlockingQueue.java:403)
        at java.util.concurrent.ThreadPoolExecutor.getTask(ThreadPoolExecutor.java:1074)
        at java.util.concurrent.ThreadPoolExecutor.runWorker(ThreadPoolExecutor.java:1134)
        at java.util.concurrent.ThreadPoolExecutor$Worker.run(ThreadPoolExecutor.java:624)
        at java.lang.Thread.run(Thread.java:748)
"metrics-hadoop-metrics2-reporter-7-thread-1" daemon prio=5 tid=457 timed_waiting
java.lang.Thread.State: TIMED_WAITING
        at sun.misc.Unsafe.park(Native Method)
        at java.util.concurrent.locks.LockSupport.parkNanos(LockSupport.java:215)
        at java.util.concurrent.locks.AbstractQueuedSynchronizer$ConditionObject.awaitNanos(AbstractQueuedSynchronizer.java:2078)
        at java.util.concurrent.ScheduledThreadPoolExecutor$DelayedWorkQueue.take(ScheduledThreadPoolExecutor.java:1093)
        at java.util.concurrent.ScheduledThreadPoolExecutor$DelayedWorkQueue.take(ScheduledThreadPoolExecutor.java:809)
        at java.util.concurrent.ThreadPoolExecutor.getTask(ThreadPoolExecutor.java:1074)
        at java.util.concurrent.ThreadPoolExecutor.runWorker(ThreadPoolExecutor.java:1134)
        at java.util.concurrent.ThreadPoolExecutor$Worker.run(ThreadPoolExecutor.java:624)
        at java.lang.Thread.run(Thread.java:748)
"metrics-hadoop-metrics2-reporter-23-thread-1" daemon prio=5 tid=514 timed_waiting
java.lang.Thread.State: TIMED_WAITING
        at sun.misc.Unsafe.park(Native Method)
        at java.util.concurrent.locks.LockSupport.parkNanos(LockSupport.java:215)
        at java.util.concurrent.locks.AbstractQueuedSynchronizer$ConditionObject.awaitNanos(AbstractQueuedSynchronizer.java:2078)
        at java.util.concurrent.ScheduledThreadPoolExecutor$DelayedWorkQueue.take(ScheduledThreadPoolExecutor.java:1093)
        at java.util.concurrent.ScheduledThreadPoolExecutor$DelayedWorkQueue.take(ScheduledThreadPoolExecutor.java:809)
        at java.util.concurrent.ThreadPoolExecutor.getTask(ThreadPoolExecutor.java:1074)
        at java.util.concurrent.ThreadPoolExecutor.runWorker(ThreadPoolExecutor.java:1134)
        at java.util.concurrent.ThreadPoolExecutor$Worker.run(ThreadPoolExecutor.java:624)
        at java.lang.Thread.run(Thread.java:748)
"KeyDeletingService#1" daemon prio=5 tid=120 timed_waiting
java.lang.Thread.State: TIMED_WAITING
        at sun.misc.Unsafe.park(Native Method)
        at java.util.concurrent.locks.LockSupport.parkNanos(LockSupport.java:215)
        at java.util.concurrent.locks.AbstractQueuedSynchronizer$ConditionObject.awaitNanos(AbstractQueuedSynchronizer.java:2078)
        at java.util.concurrent.ScheduledThreadPoolExecutor$DelayedWorkQueue.take(ScheduledThreadPoolExecutor.java:1093)
        at java.util.concurrent.ScheduledThreadPoolExecutor$DelayedWorkQueue.take(ScheduledThreadPoolExecutor.java:809)
        at java.util.concurrent.ThreadPoolExecutor.getTask(ThreadPoolExecutor.java:1074)
        at java.util.concurrent.ThreadPoolExecutor.runWorker(ThreadPoolExecutor.java:1134)
        at java.util.concurrent.ThreadPoolExecutor$Worker.run(ThreadPoolExecutor.java:624)
        at java.lang.Thread.run(Thread.java:748)
"pool-26-thread-51"  prio=5 tid=283 in Object.wait()
java.lang.Thread.State: WAITING (on object monitor)
        at sun.misc.Unsafe.park(Native Method)
        at java.util.concurrent.locks.LockSupport.park(LockSupport.java:175)
        at java.util.concurrent.locks.AbstractQueuedSynchronizer$ConditionObject.await(AbstractQueuedSynchronizer.java:2039)
        at java.util.concurrent.ArrayBlockingQueue.take(ArrayBlockingQueue.java:403)
        at java.util.concurrent.ThreadPoolExecutor.getTask(ThreadPoolExecutor.java:1074)
        at java.util.concurrent.ThreadPoolExecutor.runWorker(ThreadPoolExecutor.java:1134)
        at java.util.concurrent.ThreadPoolExecutor$Worker.run(ThreadPoolExecutor.java:624)
        at java.lang.Thread.run(Thread.java:748)
"pool-36-thread-30"  prio=5 tid=322 in Object.wait()
java.lang.Thread.State: WAITING (on object monitor)
        at sun.misc.Unsafe.park(Native Method)
        at java.util.concurrent.locks.LockSupport.park(LockSupport.java:175)
        at java.util.concurrent.locks.AbstractQueuedSynchronizer$ConditionObject.await(AbstractQueuedSynchronizer.java:2039)
        at java.util.concurrent.ArrayBlockingQueue.take(ArrayBlockingQueue.java:403)
        at java.util.concurrent.ThreadPoolExecutor.getTask(ThreadPoolExecutor.java:1074)
        at java.util.concurrent.ThreadPoolExecutor.runWorker(ThreadPoolExecutor.java:1134)
        at java.util.concurrent.ThreadPoolExecutor$Worker.run(ThreadPoolExecutor.java:624)
        at java.lang.Thread.run(Thread.java:748)
"Datanode State Machine Thread - 0" daemon prio=5 tid=224 timed_waiting
java.lang.Thread.State: TIMED_WAITING
        at java.lang.Thread.sleep(Native Method)
        at org.apache.hadoop.ozone.container.common.statemachine.DatanodeStateMachine.start(DatanodeStateMachine.java:191)
        at org.apache.hadoop.ozone.container.common.statemachine.DatanodeStateMachine.lambda$startDaemon$0(DatanodeStateMachine.java:349)
        at org.apache.hadoop.ozone.container.common.statemachine.DatanodeStateMachine$$Lambda$140/1687702287.run(Unknown Source)
        at java.lang.Thread.run(Thread.java:748)
"IPC Server handler 14 on 33987" daemon prio=5 tid=43 timed_waiting
java.lang.Thread.State: TIMED_WAITING
        at sun.misc.Unsafe.park(Native Method)
        at java.util.concurrent.locks.LockSupport.parkNanos(LockSupport.java:215)
        at java.util.concurrent.locks.AbstractQueuedSynchronizer$ConditionObject.awaitNanos(AbstractQueuedSynchronizer.java:2078)
        at java.util.concurrent.LinkedBlockingQueue.poll(LinkedBlockingQueue.java:467)
        at org.apache.hadoop.ipc.CallQueueManager.take(CallQueueManager.java:288)
        at org.apache.hadoop.ipc.Server$Handler.run(Server.java:2668)
"pool-36-thread-15"  prio=5 tid=307 in Object.wait()
java.lang.Thread.State: WAITING (on object monitor)
        at sun.misc.Unsafe.park(Native Method)
        at java.util.concurrent.locks.LockSupport.park(LockSupport.java:175)
        at java.util.concurrent.locks.AbstractQueuedSynchronizer$ConditionObject.await(AbstractQueuedSynchronizer.java:2039)
        at java.util.concurrent.ArrayBlockingQueue.take(ArrayBlockingQueue.java:403)
        at java.util.concurrent.ThreadPoolExecutor.getTask(ThreadPoolExecutor.java:1074)
        at java.util.concurrent.ThreadPoolExecutor.runWorker(ThreadPoolExecutor.java:1134)
        at java.util.concurrent.ThreadPoolExecutor$Worker.run(ThreadPoolExecutor.java:624)
        at java.lang.Thread.run(Thread.java:748)
"IPC Server handler 16 on 35897" daemon prio=5 tid=131 timed_waiting
java.lang.Thread.State: TIMED_WAITING
        at sun.misc.Unsafe.park(Native Method)
        at java.util.concurrent.locks.LockSupport.parkNanos(LockSupport.java:215)
        at java.util.concurrent.locks.AbstractQueuedSynchronizer$ConditionObject.awaitNanos(AbstractQueuedSynchronizer.java:2078)
        at java.util.concurrent.LinkedBlockingQueue.poll(LinkedBlockingQueue.java:467)
        at org.apache.hadoop.ipc.CallQueueManager.take(CallQueueManager.java:288)
        at org.apache.hadoop.ipc.Server$Handler.run(Server.java:2668)
"IPC Server Responder" daemon prio=5 tid=110 runnable
java.lang.Thread.State: RUNNABLE
        at sun.nio.ch.EPollArrayWrapper.epollWait(Native Method)
        at sun.nio.ch.EPollArrayWrapper.poll(EPollArrayWrapper.java:269)
        at sun.nio.ch.EPollSelectorImpl.doSelect(EPollSelectorImpl.java:93)
        at sun.nio.ch.SelectorImpl.lockAndDoSelect(SelectorImpl.java:86)
        at sun.nio.ch.SelectorImpl.select(SelectorImpl.java:97)
        at org.apache.hadoop.ipc.Server$Responder.doRunLoop(Server.java:1334)
        at org.apache.hadoop.ipc.Server$Responder.run(Server.java:1317)
"IPC Server handler 8 on 34353" daemon prio=5 tid=77 timed_waiting
java.lang.Thread.State: TIMED_WAITING
        at sun.misc.Unsafe.park(Native Method)
        at java.util.concurrent.locks.LockSupport.parkNanos(LockSupport.java:215)
        at java.util.concurrent.locks.AbstractQueuedSynchronizer$ConditionObject.awaitNanos(AbstractQueuedSynchronizer.java:2078)
        at java.util.concurrent.LinkedBlockingQueue.poll(LinkedBlockingQueue.java:467)
        at org.apache.hadoop.ipc.CallQueueManager.take(CallQueueManager.java:288)
        at org.apache.hadoop.ipc.Server$Handler.run(Server.java:2668)
"qtp231182885-161" daemon prio=5 tid=161 timed_waiting
java.lang.Thread.State: TIMED_WAITING
        at sun.misc.Unsafe.park(Native Method)
        at java.util.concurrent.locks.LockSupport.parkNanos(LockSupport.java:215)
        at java.util.concurrent.locks.AbstractQueuedSynchronizer$ConditionObject.awaitNanos(AbstractQueuedSynchronizer.java:2078)
        at org.eclipse.jetty.util.BlockingArrayQueue.poll(BlockingArrayQueue.java:392)
        at org.eclipse.jetty.util.thread.QueuedThreadPool.idleJobPoll(QueuedThreadPool.java:563)
        at org.eclipse.jetty.util.thread.QueuedThreadPool.access$800(QueuedThreadPool.java:48)
        at org.eclipse.jetty.util.thread.QueuedThreadPool$2.run(QueuedThreadPool.java:626)
        at java.lang.Thread.run(Thread.java:748)
"pool-36-thread-34"  prio=5 tid=326 in Object.wait()
java.lang.Thread.State: WAITING (on object monitor)
        at sun.misc.Unsafe.park(Native Method)
        at java.util.concurrent.locks.LockSupport.park(LockSupport.java:175)
        at java.util.concurrent.locks.AbstractQueuedSynchronizer$ConditionObject.await(AbstractQueuedSynchronizer.java:2039)
        at java.util.concurrent.ArrayBlockingQueue.take(ArrayBlockingQueue.java:403)
        at java.util.concurrent.ThreadPoolExecutor.getTask(ThreadPoolExecutor.java:1074)
        at java.util.concurrent.ThreadPoolExecutor.runWorker(ThreadPoolExecutor.java:1134)
        at java.util.concurrent.ThreadPoolExecutor$Worker.run(ThreadPoolExecutor.java:624)
        at java.lang.Thread.run(Thread.java:748)
"pool-46-thread-31"  prio=5 tid=383 in Object.wait()
java.lang.Thread.State: WAITING (on object monitor)
        at sun.misc.Unsafe.park(Native Method)
        at java.util.concurrent.locks.LockSupport.park(LockSupport.java:175)
        at java.util.concurrent.locks.AbstractQueuedSynchronizer$ConditionObject.await(AbstractQueuedSynchronizer.java:2039)
        at java.util.concurrent.ArrayBlockingQueue.take(ArrayBlockingQueue.java:403)
        at java.util.concurrent.ThreadPoolExecutor.getTask(ThreadPoolExecutor.java:1074)
        at java.util.concurrent.ThreadPoolExecutor.runWorker(ThreadPoolExecutor.java:1134)
        at java.util.concurrent.ThreadPoolExecutor$Worker.run(ThreadPoolExecutor.java:624)
        at java.lang.Thread.run(Thread.java:748)
"IPC Server handler 1 on 33987" daemon prio=5 tid=30 timed_waiting
java.lang.Thread.State: TIMED_WAITING
        at sun.misc.Unsafe.park(Native Method)
        at java.util.concurrent.locks.LockSupport.parkNanos(LockSupport.java:215)
        at java.util.concurrent.locks.AbstractQueuedSynchronizer$ConditionObject.awaitNanos(AbstractQueuedSynchronizer.java:2078)
        at java.util.concurrent.LinkedBlockingQueue.poll(LinkedBlockingQueue.java:467)
        at org.apache.hadoop.ipc.CallQueueManager.take(CallQueueManager.java:288)
        at org.apache.hadoop.ipc.Server$Handler.run(Server.java:2668)
"pool-37-thread-1"  prio=5 tid=463 in Object.wait()
java.lang.Thread.State: WAITING (on object monitor)
        at sun.misc.Unsafe.park(Native Method)
        at java.util.concurrent.locks.LockSupport.park(LockSupport.java:175)
        at java.util.concurrent.locks.AbstractQueuedSynchronizer$ConditionObject.await(AbstractQueuedSynchronizer.java:2039)
        at java.util.concurrent.LinkedBlockingQueue.take(LinkedBlockingQueue.java:442)
        at java.util.concurrent.ThreadPoolExecutor.getTask(ThreadPoolExecutor.java:1074)
        at java.util.concurrent.ThreadPoolExecutor.runWorker(ThreadPoolExecutor.java:1134)
        at java.util.concurrent.ThreadPoolExecutor$Worker.run(ThreadPoolExecutor.java:624)
        at java.lang.Thread.run(Thread.java:748)
"IPC Server handler 0 on 40661" daemon prio=5 tid=49 timed_waiting
java.lang.Thread.State: TIMED_WAITING
        at sun.misc.Unsafe.park(Native Method)
        at java.util.concurrent.locks.LockSupport.parkNanos(LockSupport.java:215)
        at java.util.concurrent.locks.AbstractQueuedSynchronizer$ConditionObject.awaitNanos(AbstractQueuedSynchronizer.java:2078)
        at java.util.concurrent.LinkedBlockingQueue.poll(LinkedBlockingQueue.java:467)
        at org.apache.hadoop.ipc.CallQueueManager.take(CallQueueManager.java:288)
        at org.apache.hadoop.ipc.Server$Handler.run(Server.java:2668)
"pool-36-thread-36"  prio=5 tid=328 in Object.wait()
java.lang.Thread.State: WAITING (on object monitor)
        at sun.misc.Unsafe.park(Native Method)
        at java.util.concurrent.locks.LockSupport.park(LockSupport.java:175)
        at java.util.concurrent.locks.AbstractQueuedSynchronizer$ConditionObject.await(AbstractQueuedSynchronizer.java:2039)
        at java.util.concurrent.ArrayBlockingQueue.take(ArrayBlockingQueue.java:403)
        at java.util.concurrent.ThreadPoolExecutor.getTask(ThreadPoolExecutor.java:1074)
        at java.util.concurrent.ThreadPoolExecutor.runWorker(ThreadPoolExecutor.java:1134)
        at java.util.concurrent.ThreadPoolExecutor$Worker.run(ThreadPoolExecutor.java:624)
        at java.lang.Thread.run(Thread.java:748)
"grpc-default-executor-4" daemon prio=5 tid=543 timed_waiting
java.lang.Thread.State: TIMED_WAITING
        at sun.misc.Unsafe.park(Native Method)
        at java.util.concurrent.locks.LockSupport.parkNanos(LockSupport.java:215)
        at java.util.concurrent.SynchronousQueue$TransferStack.awaitFulfill(SynchronousQueue.java:460)
        at java.util.concurrent.SynchronousQueue$TransferStack.transfer(SynchronousQueue.java:362)
        at java.util.concurrent.SynchronousQueue.poll(SynchronousQueue.java:941)
        at java.util.concurrent.ThreadPoolExecutor.getTask(ThreadPoolExecutor.java:1073)
        at java.util.concurrent.ThreadPoolExecutor.runWorker(ThreadPoolExecutor.java:1134)
        at java.util.concurrent.ThreadPoolExecutor$Worker.run(ThreadPoolExecutor.java:624)
        at java.lang.Thread.run(Thread.java:748)
"IPC Server handler 10 on 35897" daemon prio=5 tid=125 timed_waiting
java.lang.Thread.State: TIMED_WAITING
        at sun.misc.Unsafe.park(Native Method)
        at java.util.concurrent.locks.LockSupport.parkNanos(LockSupport.java:215)
        at java.util.concurrent.locks.AbstractQueuedSynchronizer$ConditionObject.awaitNanos(AbstractQueuedSynchronizer.java:2078)
        at java.util.concurrent.LinkedBlockingQueue.poll(LinkedBlockingQueue.java:467)
        at org.apache.hadoop.ipc.CallQueueManager.take(CallQueueManager.java:288)
        at org.apache.hadoop.ipc.Server$Handler.run(Server.java:2668)
"pool-26-thread-56"  prio=5 tid=288 in Object.wait()
java.lang.Thread.State: WAITING (on object monitor)
        at sun.misc.Unsafe.park(Native Method)
        at java.util.concurrent.locks.LockSupport.park(LockSupport.java:175)
        at java.util.concurrent.locks.AbstractQueuedSynchronizer$ConditionObject.await(AbstractQueuedSynchronizer.java:2039)
        at java.util.concurrent.ArrayBlockingQueue.take(ArrayBlockingQueue.java:403)
        at java.util.concurrent.ThreadPoolExecutor.getTask(ThreadPoolExecutor.java:1074)
        at java.util.concurrent.ThreadPoolExecutor.runWorker(ThreadPoolExecutor.java:1134)
        at java.util.concurrent.ThreadPoolExecutor$Worker.run(ThreadPoolExecutor.java:624)
        at java.lang.Thread.run(Thread.java:748)
"IPC Server handler 15 on 35897" daemon prio=5 tid=130 timed_waiting
java.lang.Thread.State: TIMED_WAITING
        at sun.misc.Unsafe.park(Native Method)
        at java.util.concurrent.locks.LockSupport.parkNanos(LockSupport.java:215)
        at java.util.concurrent.locks.AbstractQueuedSynchronizer$ConditionObject.awaitNanos(AbstractQueuedSynchronizer.java:2078)
        at java.util.concurrent.LinkedBlockingQueue.poll(LinkedBlockingQueue.java:467)
        at org.apache.hadoop.ipc.CallQueueManager.take(CallQueueManager.java:288)
        at org.apache.hadoop.ipc.Server$Handler.run(Server.java:2668)
"pool-36-thread-45"  prio=5 tid=337 in Object.wait()
java.lang.Thread.State: WAITING (on object monitor)
        at sun.misc.Unsafe.park(Native Method)
        at java.util.concurrent.locks.LockSupport.park(LockSupport.java:175)
        at java.util.concurrent.locks.AbstractQueuedSynchronizer$ConditionObject.await(AbstractQueuedSynchronizer.java:2039)
        at java.util.concurrent.ArrayBlockingQueue.take(ArrayBlockingQueue.java:403)
        at java.util.concurrent.ThreadPoolExecutor.getTask(ThreadPoolExecutor.java:1074)
        at java.util.concurrent.ThreadPoolExecutor.runWorker(ThreadPoolExecutor.java:1134)
        at java.util.concurrent.ThreadPoolExecutor$Worker.run(ThreadPoolExecutor.java:624)
        at java.lang.Thread.run(Thread.java:748)
"0aa3649f-570d-46c6-937f-492d7f3a8364@group-83C26644CFDA-StateMachineUpdater" daemon prio=5 tid=638 in Object.wait()
java.lang.Thread.State: WAITING (on object monitor)
        at java.lang.Object.wait(Native Method)
        at java.lang.Object.wait(Object.java:502)
        at org.apache.ratis.server.impl.StateMachineUpdater.waitForCommit(StateMachineUpdater.java:194)
        at org.apache.ratis.server.impl.StateMachineUpdater.run(StateMachineUpdater.java:159)
        at java.lang.Thread.run(Thread.java:748)
"pool-26-thread-1"  prio=5 tid=233 in Object.wait()
java.lang.Thread.State: WAITING (on object monitor)
        at sun.misc.Unsafe.park(Native Method)
        at java.util.concurrent.locks.LockSupport.park(LockSupport.java:175)
        at java.util.concurrent.locks.AbstractQueuedSynchronizer$ConditionObject.await(AbstractQueuedSynchronizer.java:2039)
        at java.util.concurrent.ArrayBlockingQueue.take(ArrayBlockingQueue.java:403)
        at java.util.concurrent.ThreadPoolExecutor.getTask(ThreadPoolExecutor.java:1074)
        at java.util.concurrent.ThreadPoolExecutor.runWorker(ThreadPoolExecutor.java:1134)
        at java.util.concurrent.ThreadPoolExecutor$Worker.run(ThreadPoolExecutor.java:624)
        at java.lang.Thread.run(Thread.java:748)
"IPC Server handler 18 on 35897" daemon prio=5 tid=133 timed_waiting
java.lang.Thread.State: TIMED_WAITING
        at sun.misc.Unsafe.park(Native Method)
        at java.util.concurrent.locks.LockSupport.parkNanos(LockSupport.java:215)
        at java.util.concurrent.locks.AbstractQueuedSynchronizer$ConditionObject.awaitNanos(AbstractQueuedSynchronizer.java:2078)
        at java.util.concurrent.LinkedBlockingQueue.poll(LinkedBlockingQueue.java:467)
        at org.apache.hadoop.ipc.CallQueueManager.take(CallQueueManager.java:288)
        at org.apache.hadoop.ipc.Server$Handler.run(Server.java:2668)
"Socket Reader #1 for port 35897"  prio=5 tid=108 runnable
java.lang.Thread.State: RUNNABLE
        at sun.nio.ch.EPollArrayWrapper.epollWait(Native Method)
        at sun.nio.ch.EPollArrayWrapper.poll(EPollArrayWrapper.java:269)
        at sun.nio.ch.EPollSelectorImpl.doSelect(EPollSelectorImpl.java:93)
        at sun.nio.ch.SelectorImpl.lockAndDoSelect(SelectorImpl.java:86)
        at sun.nio.ch.SelectorImpl.select(SelectorImpl.java:97)
        at sun.nio.ch.SelectorImpl.select(SelectorImpl.java:101)
        at org.apache.hadoop.ipc.Server$Listener$Reader.doRunLoop(Server.java:1097)
        at org.apache.hadoop.ipc.Server$Listener$Reader.run(Server.java:1076)
"metrics-hadoop-metrics2-reporter-21-thread-1" daemon prio=5 tid=501 timed_waiting
java.lang.Thread.State: TIMED_WAITING
        at sun.misc.Unsafe.park(Native Method)
        at java.util.concurrent.locks.LockSupport.parkNanos(LockSupport.java:215)
        at java.util.concurrent.locks.AbstractQueuedSynchronizer$ConditionObject.awaitNanos(AbstractQueuedSynchronizer.java:2078)
        at java.util.concurrent.ScheduledThreadPoolExecutor$DelayedWorkQueue.take(ScheduledThreadPoolExecutor.java:1093)
        at java.util.concurrent.ScheduledThreadPoolExecutor$DelayedWorkQueue.take(ScheduledThreadPoolExecutor.java:809)
        at java.util.concurrent.ThreadPoolExecutor.getTask(ThreadPoolExecutor.java:1074)
        at java.util.concurrent.ThreadPoolExecutor.runWorker(ThreadPoolExecutor.java:1134)
        at java.util.concurrent.ThreadPoolExecutor$Worker.run(ThreadPoolExecutor.java:624)
        at java.lang.Thread.run(Thread.java:748)
"pool-26-thread-47"  prio=5 tid=279 in Object.wait()
java.lang.Thread.State: WAITING (on object monitor)
        at sun.misc.Unsafe.park(Native Method)
        at java.util.concurrent.locks.LockSupport.park(LockSupport.java:175)
        at java.util.concurrent.locks.AbstractQueuedSynchronizer$ConditionObject.await(AbstractQueuedSynchronizer.java:2039)
        at java.util.concurrent.ArrayBlockingQueue.take(ArrayBlockingQueue.java:403)
        at java.util.concurrent.ThreadPoolExecutor.getTask(ThreadPoolExecutor.java:1074)
        at java.util.concurrent.ThreadPoolExecutor.runWorker(ThreadPoolExecutor.java:1134)
        at java.util.concurrent.ThreadPoolExecutor$Worker.run(ThreadPoolExecutor.java:624)
        at java.lang.Thread.run(Thread.java:748)
"IPC Server handler 3 on 33987" daemon prio=5 tid=32 timed_waiting
java.lang.Thread.State: TIMED_WAITING
        at sun.misc.Unsafe.park(Native Method)
        at java.util.concurrent.locks.LockSupport.parkNanos(LockSupport.java:215)
        at java.util.concurrent.locks.AbstractQueuedSynchronizer$ConditionObject.awaitNanos(AbstractQueuedSynchronizer.java:2078)
        at java.util.concurrent.LinkedBlockingQueue.poll(LinkedBlockingQueue.java:467)
        at org.apache.hadoop.ipc.CallQueueManager.take(CallQueueManager.java:288)
        at org.apache.hadoop.ipc.Server$Handler.run(Server.java:2668)
"metrics-hadoop-metrics2-reporter-17-thread-1" daemon prio=5 tid=488 timed_waiting
java.lang.Thread.State: TIMED_WAITING
        at sun.misc.Unsafe.park(Native Method)
        at java.util.concurrent.locks.LockSupport.parkNanos(LockSupport.java:215)
        at java.util.concurrent.locks.AbstractQueuedSynchronizer$ConditionObject.awaitNanos(AbstractQueuedSynchronizer.java:2078)
        at java.util.concurrent.ScheduledThreadPoolExecutor$DelayedWorkQueue.take(ScheduledThreadPoolExecutor.java:1093)
        at java.util.concurrent.ScheduledThreadPoolExecutor$DelayedWorkQueue.take(ScheduledThreadPoolExecutor.java:809)
        at java.util.concurrent.ThreadPoolExecutor.getTask(ThreadPoolExecutor.java:1074)
        at java.util.concurrent.ThreadPoolExecutor.runWorker(ThreadPoolExecutor.java:1134)
        at java.util.concurrent.ThreadPoolExecutor$Worker.run(ThreadPoolExecutor.java:624)
        at java.lang.Thread.run(Thread.java:748)
"qtp231182885-163" daemon prio=5 tid=163 timed_waiting
java.lang.Thread.State: TIMED_WAITING
        at sun.misc.Unsafe.park(Native Method)
        at java.util.concurrent.locks.LockSupport.parkNanos(LockSupport.java:215)
        at java.util.concurrent.locks.AbstractQueuedSynchronizer$ConditionObject.awaitNanos(AbstractQueuedSynchronizer.java:2078)
        at org.eclipse.jetty.util.BlockingArrayQueue.poll(BlockingArrayQueue.java:392)
        at org.eclipse.jetty.util.thread.QueuedThreadPool.idleJobPoll(QueuedThreadPool.java:563)
        at org.eclipse.jetty.util.thread.QueuedThreadPool.access$800(QueuedThreadPool.java:48)
        at org.eclipse.jetty.util.thread.QueuedThreadPool$2.run(QueuedThreadPool.java:626)
        at java.lang.Thread.run(Thread.java:748)
"qtp1471800355-143" daemon prio=5 tid=143 timed_waiting
java.lang.Thread.State: TIMED_WAITING
        at sun.misc.Unsafe.park(Native Method)
        at java.util.concurrent.locks.LockSupport.parkNanos(LockSupport.java:215)
        at java.util.concurrent.locks.AbstractQueuedSynchronizer$ConditionObject.awaitNanos(AbstractQueuedSynchronizer.java:2078)
        at org.eclipse.jetty.util.BlockingArrayQueue.poll(BlockingArrayQueue.java:392)
        at org.eclipse.jetty.util.thread.QueuedThreadPool.idleJobPoll(QueuedThreadPool.java:563)
        at org.eclipse.jetty.util.thread.QueuedThreadPool.access$800(QueuedThreadPool.java:48)
        at org.eclipse.jetty.util.thread.QueuedThreadPool$2.run(QueuedThreadPool.java:626)
        at java.lang.Thread.run(Thread.java:748)
"metrics-hadoop-metrics2-reporter-32-thread-1" daemon prio=5 tid=645 timed_waiting
java.lang.Thread.State: TIMED_WAITING
        at sun.misc.Unsafe.park(Native Method)
        at java.util.concurrent.locks.LockSupport.parkNanos(LockSupport.java:215)
        at java.util.concurrent.locks.AbstractQueuedSynchronizer$ConditionObject.awaitNanos(AbstractQueuedSynchronizer.java:2078)
        at java.util.concurrent.ScheduledThreadPoolExecutor$DelayedWorkQueue.take(ScheduledThreadPoolExecutor.java:1093)
        at java.util.concurrent.ScheduledThreadPoolExecutor$DelayedWorkQueue.take(ScheduledThreadPoolExecutor.java:809)
        at java.util.concurrent.ThreadPoolExecutor.getTask(ThreadPoolExecutor.java:1074)
        at java.util.concurrent.ThreadPoolExecutor.runWorker(ThreadPoolExecutor.java:1134)
        at java.util.concurrent.ThreadPoolExecutor$Worker.run(ThreadPoolExecutor.java:624)
        at java.lang.Thread.run(Thread.java:748)
"pool-36-thread-29"  prio=5 tid=321 in Object.wait()
java.lang.Thread.State: WAITING (on object monitor)
        at sun.misc.Unsafe.park(Native Method)
        at java.util.concurrent.locks.LockSupport.park(LockSupport.java:175)
        at java.util.concurrent.locks.AbstractQueuedSynchronizer$ConditionObject.await(AbstractQueuedSynchronizer.java:2039)
        at java.util.concurrent.ArrayBlockingQueue.take(ArrayBlockingQueue.java:403)
        at java.util.concurrent.ThreadPoolExecutor.getTask(ThreadPoolExecutor.java:1074)
        at java.util.concurrent.ThreadPoolExecutor.runWorker(ThreadPoolExecutor.java:1134)
        at java.util.concurrent.ThreadPoolExecutor$Worker.run(ThreadPoolExecutor.java:624)
        at java.lang.Thread.run(Thread.java:748)
"pool-46-thread-19"  prio=5 tid=371 in Object.wait()
java.lang.Thread.State: WAITING (on object monitor)
        at sun.misc.Unsafe.park(Native Method)
        at java.util.concurrent.locks.LockSupport.park(LockSupport.java:175)
        at java.util.concurrent.locks.AbstractQueuedSynchronizer$ConditionObject.await(AbstractQueuedSynchronizer.java:2039)
        at java.util.concurrent.ArrayBlockingQueue.take(ArrayBlockingQueue.java:403)
        at java.util.concurrent.ThreadPoolExecutor.getTask(ThreadPoolExecutor.java:1074)
        at java.util.concurrent.ThreadPoolExecutor.runWorker(ThreadPoolExecutor.java:1134)
        at java.util.concurrent.ThreadPoolExecutor$Worker.run(ThreadPoolExecutor.java:624)
        at java.lang.Thread.run(Thread.java:748)
"pool-26-thread-10"  prio=5 tid=242 in Object.wait()
java.lang.Thread.State: WAITING (on object monitor)
        at sun.misc.Unsafe.park(Native Method)
        at java.util.concurrent.locks.LockSupport.park(LockSupport.java:175)
        at java.util.concurrent.locks.AbstractQueuedSynchronizer$ConditionObject.await(AbstractQueuedSynchronizer.java:2039)
        at java.util.concurrent.ArrayBlockingQueue.take(ArrayBlockingQueue.java:403)
        at java.util.concurrent.ThreadPoolExecutor.getTask(ThreadPoolExecutor.java:1074)
        at java.util.concurrent.ThreadPoolExecutor.runWorker(ThreadPoolExecutor.java:1134)
        at java.util.concurrent.ThreadPoolExecutor$Worker.run(ThreadPoolExecutor.java:624)
        at java.lang.Thread.run(Thread.java:748)
"IPC Server handler 17 on 40661" daemon prio=5 tid=66 timed_waiting
java.lang.Thread.State: TIMED_WAITING
        at sun.misc.Unsafe.park(Native Method)
        at java.util.concurrent.locks.LockSupport.parkNanos(LockSupport.java:215)
        at java.util.concurrent.locks.AbstractQueuedSynchronizer$ConditionObject.awaitNanos(AbstractQueuedSynchronizer.java:2078)
        at java.util.concurrent.LinkedBlockingQueue.poll(LinkedBlockingQueue.java:467)
        at org.apache.hadoop.ipc.CallQueueManager.take(CallQueueManager.java:288)
        at org.apache.hadoop.ipc.Server$Handler.run(Server.java:2668)
"BlockDeletingService#0" daemon prio=5 tid=415 in Object.wait()
java.lang.Thread.State: WAITING (on object monitor)
        at sun.misc.Unsafe.park(Native Method)
        at java.util.concurrent.locks.LockSupport.park(LockSupport.java:175)
        at java.util.concurrent.locks.AbstractQueuedSynchronizer$ConditionObject.await(AbstractQueuedSynchronizer.java:2039)
        at java.util.concurrent.ScheduledThreadPoolExecutor$DelayedWorkQueue.take(ScheduledThreadPoolExecutor.java:1088)
        at java.util.concurrent.ScheduledThreadPoolExecutor$DelayedWorkQueue.take(ScheduledThreadPoolExecutor.java:809)
        at java.util.concurrent.ThreadPoolExecutor.getTask(ThreadPoolExecutor.java:1074)
        at java.util.concurrent.ThreadPoolExecutor.runWorker(ThreadPoolExecutor.java:1134)
        at java.util.concurrent.ThreadPoolExecutor$Worker.run(ThreadPoolExecutor.java:624)
        at java.lang.Thread.run(Thread.java:748)
"pool-46-thread-30"  prio=5 tid=382 in Object.wait()
java.lang.Thread.State: WAITING (on object monitor)
        at sun.misc.Unsafe.park(Native Method)
        at java.util.concurrent.locks.LockSupport.park(LockSupport.java:175)
        at java.util.concurrent.locks.AbstractQueuedSynchronizer$ConditionObject.await(AbstractQueuedSynchronizer.java:2039)
        at java.util.concurrent.ArrayBlockingQueue.take(ArrayBlockingQueue.java:403)
        at java.util.concurrent.ThreadPoolExecutor.getTask(ThreadPoolExecutor.java:1074)
        at java.util.concurrent.ThreadPoolExecutor.runWorker(ThreadPoolExecutor.java:1134)
        at java.util.concurrent.ThreadPoolExecutor$Worker.run(ThreadPoolExecutor.java:624)
        at java.lang.Thread.run(Thread.java:748)
"metrics-hadoop-metrics2-reporter-3-thread-1" daemon prio=5 tid=445 timed_waiting
java.lang.Thread.State: TIMED_WAITING
        at sun.misc.Unsafe.park(Native Method)
        at java.util.concurrent.locks.LockSupport.parkNanos(LockSupport.java:215)
        at java.util.concurrent.locks.AbstractQueuedSynchronizer$ConditionObject.awaitNanos(AbstractQueuedSynchronizer.java:2078)
        at java.util.concurrent.ScheduledThreadPoolExecutor$DelayedWorkQueue.take(ScheduledThreadPoolExecutor.java:1093)
        at java.util.concurrent.ScheduledThreadPoolExecutor$DelayedWorkQueue.take(ScheduledThreadPoolExecutor.java:809)
        at java.util.concurrent.ThreadPoolExecutor.getTask(ThreadPoolExecutor.java:1074)
        at java.util.concurrent.ThreadPoolExecutor.runWorker(ThreadPoolExecutor.java:1134)
        at java.util.concurrent.ThreadPoolExecutor$Worker.run(ThreadPoolExecutor.java:624)
        at java.lang.Thread.run(Thread.java:748)
"Socket Reader #1 for port 34353"  prio=5 tid=15 runnable
java.lang.Thread.State: RUNNABLE
        at sun.nio.ch.EPollArrayWrapper.epollWait(Native Method)
        at sun.nio.ch.EPollArrayWrapper.poll(EPollArrayWrapper.java:269)
        at sun.nio.ch.EPollSelectorImpl.doSelect(EPollSelectorImpl.java:93)
        at sun.nio.ch.SelectorImpl.lockAndDoSelect(SelectorImpl.java:86)
        at sun.nio.ch.SelectorImpl.select(SelectorImpl.java:97)
        at sun.nio.ch.SelectorImpl.select(SelectorImpl.java:101)
        at org.apache.hadoop.ipc.Server$Listener$Reader.doRunLoop(Server.java:1097)
        at org.apache.hadoop.ipc.Server$Listener$Reader.run(Server.java:1076)
"pool-46-thread-7"  prio=5 tid=359 in Object.wait()
java.lang.Thread.State: WAITING (on object monitor)
        at sun.misc.Unsafe.park(Native Method)
        at java.util.concurrent.locks.LockSupport.park(LockSupport.java:175)
        at java.util.concurrent.locks.AbstractQueuedSynchronizer$ConditionObject.await(AbstractQueuedSynchronizer.java:2039)
        at java.util.concurrent.ArrayBlockingQueue.take(ArrayBlockingQueue.java:403)
        at java.util.concurrent.ThreadPoolExecutor.getTask(ThreadPoolExecutor.java:1074)
        at java.util.concurrent.ThreadPoolExecutor.runWorker(ThreadPoolExecutor.java:1134)
        at java.util.concurrent.ThreadPoolExecutor$Worker.run(ThreadPoolExecutor.java:624)
        at java.lang.Thread.run(Thread.java:748)
"pool-30-thread-1"  prio=5 tid=158 timed_waiting
java.lang.Thread.State: TIMED_WAITING
        at sun.misc.Unsafe.park(Native Method)
        at java.util.concurrent.locks.LockSupport.parkNanos(LockSupport.java:215)
        at java.util.concurrent.locks.AbstractQueuedSynchronizer$ConditionObject.awaitNanos(AbstractQueuedSynchronizer.java:2078)
        at java.util.concurrent.ScheduledThreadPoolExecutor$DelayedWorkQueue.take(ScheduledThreadPoolExecutor.java:1093)
        at java.util.concurrent.ScheduledThreadPoolExecutor$DelayedWorkQueue.take(ScheduledThreadPoolExecutor.java:809)
        at java.util.concurrent.ThreadPoolExecutor.getTask(ThreadPoolExecutor.java:1074)
        at java.util.concurrent.ThreadPoolExecutor.runWorker(ThreadPoolExecutor.java:1134)
        at java.util.concurrent.ThreadPoolExecutor$Worker.run(ThreadPoolExecutor.java:624)
        at java.lang.Thread.run(Thread.java:748)
"BlockDeletingService#5" daemon prio=5 tid=580 in Object.wait()
java.lang.Thread.State: WAITING (on object monitor)
        at sun.misc.Unsafe.park(Native Method)
        at java.util.concurrent.locks.LockSupport.park(LockSupport.java:175)
        at java.util.concurrent.locks.AbstractQueuedSynchronizer$ConditionObject.await(AbstractQueuedSynchronizer.java:2039)
        at java.util.concurrent.ScheduledThreadPoolExecutor$DelayedWorkQueue.take(ScheduledThreadPoolExecutor.java:1088)
        at java.util.concurrent.ScheduledThreadPoolExecutor$DelayedWorkQueue.take(ScheduledThreadPoolExecutor.java:809)
        at java.util.concurrent.ThreadPoolExecutor.getTask(ThreadPoolExecutor.java:1074)
        at java.util.concurrent.ThreadPoolExecutor.runWorker(ThreadPoolExecutor.java:1134)
        at java.util.concurrent.ThreadPoolExecutor$Worker.run(ThreadPoolExecutor.java:624)
        at java.lang.Thread.run(Thread.java:748)
"org.apache.hadoop.util.JvmPauseMonitor$Monitor@7ff7f947" daemon prio=5 tid=203 timed_waiting
java.lang.Thread.State: TIMED_WAITING
        at java.lang.Thread.sleep(Native Method)
        at org.apache.hadoop.util.JvmPauseMonitor$Monitor.run(JvmPauseMonitor.java:192)
        at java.lang.Thread.run(Thread.java:748)
"EventQueue-ContainerReportForContainerReportHandler" daemon prio=5 tid=425 in Object.wait()
java.lang.Thread.State: WAITING (on object monitor)
        at sun.misc.Unsafe.park(Native Method)
        at java.util.concurrent.locks.LockSupport.park(LockSupport.java:175)
        at java.util.concurrent.locks.AbstractQueuedSynchronizer$ConditionObject.await(AbstractQueuedSynchronizer.java:2039)
        at java.util.concurrent.LinkedBlockingQueue.take(LinkedBlockingQueue.java:442)
        at java.util.concurrent.ThreadPoolExecutor.getTask(ThreadPoolExecutor.java:1074)
        at java.util.concurrent.ThreadPoolExecutor.runWorker(ThreadPoolExecutor.java:1134)
        at java.util.concurrent.ThreadPoolExecutor$Worker.run(ThreadPoolExecutor.java:624)
        at java.lang.Thread.run(Thread.java:748)
"pool-26-thread-41"  prio=5 tid=273 in Object.wait()
java.lang.Thread.State: WAITING (on object monitor)
        at sun.misc.Unsafe.park(Native Method)
        at java.util.concurrent.locks.LockSupport.park(LockSupport.java:175)
        at java.util.concurrent.locks.AbstractQueuedSynchronizer$ConditionObject.await(AbstractQueuedSynchronizer.java:2039)
        at java.util.concurrent.ArrayBlockingQueue.take(ArrayBlockingQueue.java:403)
        at java.util.concurrent.ThreadPoolExecutor.getTask(ThreadPoolExecutor.java:1074)
        at java.util.concurrent.ThreadPoolExecutor.runWorker(ThreadPoolExecutor.java:1134)
        at java.util.concurrent.ThreadPoolExecutor$Worker.run(ThreadPoolExecutor.java:624)
        at java.lang.Thread.run(Thread.java:748)
"pool-26-thread-22"  prio=5 tid=254 in Object.wait()
java.lang.Thread.State: WAITING (on object monitor)
        at sun.misc.Unsafe.park(Native Method)
        at java.util.concurrent.locks.LockSupport.park(LockSupport.java:175)
        at java.util.concurrent.locks.AbstractQueuedSynchronizer$ConditionObject.await(AbstractQueuedSynchronizer.java:2039)
        at java.util.concurrent.ArrayBlockingQueue.take(ArrayBlockingQueue.java:403)
        at java.util.concurrent.ThreadPoolExecutor.getTask(ThreadPoolExecutor.java:1074)
        at java.util.concurrent.ThreadPoolExecutor.runWorker(ThreadPoolExecutor.java:1134)
        at java.util.concurrent.ThreadPoolExecutor$Worker.run(ThreadPoolExecutor.java:624)
        at java.lang.Thread.run(Thread.java:748)
"pool-26-thread-18"  prio=5 tid=250 in Object.wait()
java.lang.Thread.State: WAITING (on object monitor)
        at sun.misc.Unsafe.park(Native Method)
        at java.util.concurrent.locks.LockSupport.park(LockSupport.java:175)
        at java.util.concurrent.locks.AbstractQueuedSynchronizer$ConditionObject.await(AbstractQueuedSynchronizer.java:2039)
        at java.util.concurrent.ArrayBlockingQueue.take(ArrayBlockingQueue.java:403)
        at java.util.concurrent.ThreadPoolExecutor.getTask(ThreadPoolExecutor.java:1074)
        at java.util.concurrent.ThreadPoolExecutor.runWorker(ThreadPoolExecutor.java:1134)
        at java.util.concurrent.ThreadPoolExecutor$Worker.run(ThreadPoolExecutor.java:624)
        at java.lang.Thread.run(Thread.java:748)
"qtp1471800355-140" daemon prio=5 tid=140 timed_waiting
java.lang.Thread.State: TIMED_WAITING
        at sun.misc.Unsafe.park(Native Method)
        at java.util.concurrent.locks.LockSupport.parkNanos(LockSupport.java:215)
        at java.util.concurrent.locks.AbstractQueuedSynchronizer$ConditionObject.awaitNanos(AbstractQueuedSynchronizer.java:2078)
        at org.eclipse.jetty.util.BlockingArrayQueue.poll(BlockingArrayQueue.java:392)
        at org.eclipse.jetty.util.thread.QueuedThreadPool.idleJobPoll(QueuedThreadPool.java:563)
        at org.eclipse.jetty.util.thread.QueuedThreadPool.access$800(QueuedThreadPool.java:48)
        at org.eclipse.jetty.util.thread.QueuedThreadPool$2.run(QueuedThreadPool.java:626)
        at java.lang.Thread.run(Thread.java:748)
"IPC Server handler 3 on 34353" daemon prio=5 tid=72 timed_waiting
java.lang.Thread.State: TIMED_WAITING
        at sun.misc.Unsafe.park(Native Method)
        at java.util.concurrent.locks.LockSupport.parkNanos(LockSupport.java:215)
        at java.util.concurrent.locks.AbstractQueuedSynchronizer$ConditionObject.awaitNanos(AbstractQueuedSynchronizer.java:2078)
        at java.util.concurrent.LinkedBlockingQueue.poll(LinkedBlockingQueue.java:467)
        at org.apache.hadoop.ipc.CallQueueManager.take(CallQueueManager.java:288)
        at org.apache.hadoop.ipc.Server$Handler.run(Server.java:2668)
"IPC Server handler 11 on 35897" daemon prio=5 tid=126 timed_waiting
java.lang.Thread.State: TIMED_WAITING
        at sun.misc.Unsafe.park(Native Method)
        at java.util.concurrent.locks.LockSupport.parkNanos(LockSupport.java:215)
        at java.util.concurrent.locks.AbstractQueuedSynchronizer$ConditionObject.awaitNanos(AbstractQueuedSynchronizer.java:2078)
        at java.util.concurrent.LinkedBlockingQueue.poll(LinkedBlockingQueue.java:467)
        at org.apache.hadoop.ipc.CallQueueManager.take(CallQueueManager.java:288)
        at org.apache.hadoop.ipc.Server$Handler.run(Server.java:2668)
"IPC Server handler 13 on 40661" daemon prio=5 tid=62 timed_waiting
java.lang.Thread.State: TIMED_WAITING
        at sun.misc.Unsafe.park(Native Method)
        at java.util.concurrent.locks.LockSupport.parkNanos(LockSupport.java:215)
        at java.util.concurrent.locks.AbstractQueuedSynchronizer$ConditionObject.awaitNanos(AbstractQueuedSynchronizer.java:2078)
        at java.util.concurrent.LinkedBlockingQueue.poll(LinkedBlockingQueue.java:467)
        at org.apache.hadoop.ipc.CallQueueManager.take(CallQueueManager.java:288)
        at org.apache.hadoop.ipc.Server$Handler.run(Server.java:2668)
"metrics-hadoop-metrics2-reporter-27-thread-1" daemon prio=5 tid=533 timed_waiting
java.lang.Thread.State: TIMED_WAITING
        at sun.misc.Unsafe.park(Native Method)
        at java.util.concurrent.locks.LockSupport.parkNanos(LockSupport.java:215)
        at java.util.concurrent.locks.AbstractQueuedSynchronizer$ConditionObject.awaitNanos(AbstractQueuedSynchronizer.java:2078)
        at java.util.concurrent.ScheduledThreadPoolExecutor$DelayedWorkQueue.take(ScheduledThreadPoolExecutor.java:1093)
        at java.util.concurrent.ScheduledThreadPoolExecutor$DelayedWorkQueue.take(ScheduledThreadPoolExecutor.java:809)
        at java.util.concurrent.ThreadPoolExecutor.getTask(ThreadPoolExecutor.java:1074)
        at java.util.concurrent.ThreadPoolExecutor.runWorker(ThreadPoolExecutor.java:1134)
        at java.util.concurrent.ThreadPoolExecutor$Worker.run(ThreadPoolExecutor.java:624)
        at java.lang.Thread.run(Thread.java:748)
"pool-46-thread-48"  prio=5 tid=400 in Object.wait()
java.lang.Thread.State: WAITING (on object monitor)
        at sun.misc.Unsafe.park(Native Method)
        at java.util.concurrent.locks.LockSupport.park(LockSupport.java:175)
        at java.util.concurrent.locks.AbstractQueuedSynchronizer$ConditionObject.await(AbstractQueuedSynchronizer.java:2039)
        at java.util.concurrent.ArrayBlockingQueue.take(ArrayBlockingQueue.java:403)
        at java.util.concurrent.ThreadPoolExecutor.getTask(ThreadPoolExecutor.java:1074)
        at java.util.concurrent.ThreadPoolExecutor.runWorker(ThreadPoolExecutor.java:1134)
        at java.util.concurrent.ThreadPoolExecutor$Worker.run(ThreadPoolExecutor.java:624)
        at java.lang.Thread.run(Thread.java:748)
"4b287a15-77af-487b-aef7-34d1d0ee189f@group-83C26644CFDA-StateMachineUpdater" daemon prio=5 tid=633 in Object.wait()
java.lang.Thread.State: WAITING (on object monitor)
        at java.lang.Object.wait(Native Method)
        at java.lang.Object.wait(Object.java:502)
        at org.apache.ratis.server.impl.StateMachineUpdater.waitForCommit(StateMachineUpdater.java:194)
        at org.apache.ratis.server.impl.StateMachineUpdater.run(StateMachineUpdater.java:159)
        at java.lang.Thread.run(Thread.java:748)
"IPC Server handler 13 on 34353" daemon prio=5 tid=82 timed_waiting
java.lang.Thread.State: TIMED_WAITING
        at sun.misc.Unsafe.park(Native Method)
        at java.util.concurrent.locks.LockSupport.parkNanos(LockSupport.java:215)
        at java.util.concurrent.locks.AbstractQueuedSynchronizer$ConditionObject.awaitNanos(AbstractQueuedSynchronizer.java:2078)
        at java.util.concurrent.LinkedBlockingQueue.poll(LinkedBlockingQueue.java:467)
        at org.apache.hadoop.ipc.CallQueueManager.take(CallQueueManager.java:288)
        at org.apache.hadoop.ipc.Server$Handler.run(Server.java:2668)
"pool-36-thread-40"  prio=5 tid=332 in Object.wait()
java.lang.Thread.State: WAITING (on object monitor)
        at sun.misc.Unsafe.park(Native Method)
        at java.util.concurrent.locks.LockSupport.park(LockSupport.java:175)
        at java.util.concurrent.locks.AbstractQueuedSynchronizer$ConditionObject.await(AbstractQueuedSynchronizer.java:2039)
        at java.util.concurrent.ArrayBlockingQueue.take(ArrayBlockingQueue.java:403)
        at java.util.concurrent.ThreadPoolExecutor.getTask(ThreadPoolExecutor.java:1074)
        at java.util.concurrent.ThreadPoolExecutor.runWorker(ThreadPoolExecutor.java:1134)
        at java.util.concurrent.ThreadPoolExecutor$Worker.run(ThreadPoolExecutor.java:624)
        at java.lang.Thread.run(Thread.java:748)
"pool-36-thread-25"  prio=5 tid=317 in Object.wait()
java.lang.Thread.State: WAITING (on object monitor)
        at sun.misc.Unsafe.park(Native Method)
        at java.util.concurrent.locks.LockSupport.park(LockSupport.java:175)
        at java.util.concurrent.locks.AbstractQueuedSynchronizer$ConditionObject.await(AbstractQueuedSynchronizer.java:2039)
        at java.util.concurrent.ArrayBlockingQueue.take(ArrayBlockingQueue.java:403)
        at java.util.concurrent.ThreadPoolExecutor.getTask(ThreadPoolExecutor.java:1074)
        at java.util.concurrent.ThreadPoolExecutor.runWorker(ThreadPoolExecutor.java:1134)
        at java.util.concurrent.ThreadPoolExecutor$Worker.run(ThreadPoolExecutor.java:624)
        at java.lang.Thread.run(Thread.java:748)
"java.util.concurrent.ThreadPoolExecutor$Worker@6ab74481[State = -1, empty queue]" daemon prio=5 tid=536 timed_waiting
java.lang.Thread.State: TIMED_WAITING
        at sun.misc.Unsafe.park(Native Method)
        at java.util.concurrent.locks.LockSupport.parkNanos(LockSupport.java:215)
        at java.util.concurrent.locks.AbstractQueuedSynchronizer$ConditionObject.awaitNanos(AbstractQueuedSynchronizer.java:2078)
        at java.util.concurrent.ScheduledThreadPoolExecutor$DelayedWorkQueue.take(ScheduledThreadPoolExecutor.java:1093)
        at java.util.concurrent.ScheduledThreadPoolExecutor$DelayedWorkQueue.take(ScheduledThreadPoolExecutor.java:809)
        at java.util.concurrent.ThreadPoolExecutor.getTask(ThreadPoolExecutor.java:1074)
        at java.util.concurrent.ThreadPoolExecutor.runWorker(ThreadPoolExecutor.java:1134)
        at java.util.concurrent.ThreadPoolExecutor$Worker.run(ThreadPoolExecutor.java:624)
        at java.lang.Thread.run(Thread.java:748)
"pool-26-thread-16"  prio=5 tid=248 in Object.wait()
java.lang.Thread.State: WAITING (on object monitor)
        at sun.misc.Unsafe.park(Native Method)
        at java.util.concurrent.locks.LockSupport.park(LockSupport.java:175)
        at java.util.concurrent.locks.AbstractQueuedSynchronizer$ConditionObject.await(AbstractQueuedSynchronizer.java:2039)
        at java.util.concurrent.ArrayBlockingQueue.take(ArrayBlockingQueue.java:403)
        at java.util.concurrent.ThreadPoolExecutor.getTask(ThreadPoolExecutor.java:1074)
        at java.util.concurrent.ThreadPoolExecutor.runWorker(ThreadPoolExecutor.java:1134)
        at java.util.concurrent.ThreadPoolExecutor$Worker.run(ThreadPoolExecutor.java:624)
        at java.lang.Thread.run(Thread.java:748)
"IPC Server handler 7 on 35897" daemon prio=5 tid=122 timed_waiting
java.lang.Thread.State: TIMED_WAITING
        at sun.misc.Unsafe.park(Native Method)
        at java.util.concurrent.locks.LockSupport.parkNanos(LockSupport.java:215)
        at java.util.concurrent.locks.AbstractQueuedSynchronizer$ConditionObject.awaitNanos(AbstractQueuedSynchronizer.java:2078)
        at java.util.concurrent.LinkedBlockingQueue.poll(LinkedBlockingQueue.java:467)
        at org.apache.hadoop.ipc.CallQueueManager.take(CallQueueManager.java:288)
        at org.apache.hadoop.ipc.Server$Handler.run(Server.java:2668)
"pool-26-thread-52"  prio=5 tid=284 in Object.wait()
java.lang.Thread.State: WAITING (on object monitor)
        at sun.misc.Unsafe.park(Native Method)
        at java.util.concurrent.locks.LockSupport.park(LockSupport.java:175)
        at java.util.concurrent.locks.AbstractQueuedSynchronizer$ConditionObject.await(AbstractQueuedSynchronizer.java:2039)
        at java.util.concurrent.ArrayBlockingQueue.take(ArrayBlockingQueue.java:403)
        at java.util.concurrent.ThreadPoolExecutor.getTask(ThreadPoolExecutor.java:1074)
        at java.util.concurrent.ThreadPoolExecutor.runWorker(ThreadPoolExecutor.java:1134)
        at java.util.concurrent.ThreadPoolExecutor$Worker.run(ThreadPoolExecutor.java:624)
        at java.lang.Thread.run(Thread.java:748)
"4b287a15-77af-487b-aef7-34d1d0ee189f@group-968E4693433D-StateMachineUpdater" daemon prio=5 tid=456 in Object.wait()
java.lang.Thread.State: WAITING (on object monitor)
        at java.lang.Object.wait(Native Method)
        at java.lang.Object.wait(Object.java:502)
        at org.apache.ratis.server.impl.StateMachineUpdater.waitForCommit(StateMachineUpdater.java:194)
        at org.apache.ratis.server.impl.StateMachineUpdater.run(StateMachineUpdater.java:159)
        at java.lang.Thread.run(Thread.java:748)
"BlockDeletingService#9" daemon prio=5 tid=820 in Object.wait()
java.lang.Thread.State: WAITING (on object monitor)
        at sun.misc.Unsafe.park(Native Method)
        at java.util.concurrent.locks.LockSupport.park(LockSupport.java:175)
        at java.util.concurrent.locks.AbstractQueuedSynchronizer$ConditionObject.await(AbstractQueuedSynchronizer.java:2039)
        at java.util.concurrent.ScheduledThreadPoolExecutor$DelayedWorkQueue.take(ScheduledThreadPoolExecutor.java:1088)
        at java.util.concurrent.ScheduledThreadPoolExecutor$DelayedWorkQueue.take(ScheduledThreadPoolExecutor.java:809)
        at java.util.concurrent.ThreadPoolExecutor.getTask(ThreadPoolExecutor.java:1074)
        at java.util.concurrent.ThreadPoolExecutor.runWorker(ThreadPoolExecutor.java:1134)
        at java.util.concurrent.ThreadPoolExecutor$Worker.run(ThreadPoolExecutor.java:624)
        at java.lang.Thread.run(Thread.java:748)
"pool-46-thread-16"  prio=5 tid=368 in Object.wait()
java.lang.Thread.State: WAITING (on object monitor)
        at sun.misc.Unsafe.park(Native Method)
        at java.util.concurrent.locks.LockSupport.park(LockSupport.java:175)
        at java.util.concurrent.locks.AbstractQueuedSynchronizer$ConditionObject.await(AbstractQueuedSynchronizer.java:2039)
        at java.util.concurrent.ArrayBlockingQueue.take(ArrayBlockingQueue.java:403)
        at java.util.concurrent.ThreadPoolExecutor.getTask(ThreadPoolExecutor.java:1074)
        at java.util.concurrent.ThreadPoolExecutor.runWorker(ThreadPoolExecutor.java:1134)
        at java.util.concurrent.ThreadPoolExecutor$Worker.run(ThreadPoolExecutor.java:624)
        at java.lang.Thread.run(Thread.java:748)
"Thread-211" daemon prio=5 tid=500 timed_waiting
java.lang.Thread.State: TIMED_WAITING
        at sun.misc.Unsafe.park(Native Method)
        at java.util.concurrent.locks.LockSupport.parkNanos(LockSupport.java:215)
        at java.util.concurrent.locks.AbstractQueuedSynchronizer$ConditionObject.awaitNanos(AbstractQueuedSynchronizer.java:2078)
        at java.util.concurrent.ArrayBlockingQueue.poll(ArrayBlockingQueue.java:418)
        at org.apache.ratis.server.impl.LeaderState$EventQueue.poll(LeaderState.java:115)
        at org.apache.ratis.server.impl.LeaderState$EventProcessor.run(LeaderState.java:467)
"CommandWatcher-LeaseManager#LeaseMonitor" daemon prio=5 tid=28 timed_waiting
java.lang.Thread.State: TIMED_WAITING
        at java.lang.Thread.sleep(Native Method)
        at org.apache.hadoop.ozone.lease.LeaseManager$LeaseMonitor.run(LeaseManager.java:234)
        at java.lang.Thread.run(Thread.java:748)
"pool-36-thread-22"  prio=5 tid=314 in Object.wait()
java.lang.Thread.State: WAITING (on object monitor)
        at sun.misc.Unsafe.park(Native Method)
        at java.util.concurrent.locks.LockSupport.park(LockSupport.java:175)
        at java.util.concurrent.locks.AbstractQueuedSynchronizer$ConditionObject.await(AbstractQueuedSynchronizer.java:2039)
        at java.util.concurrent.ArrayBlockingQueue.take(ArrayBlockingQueue.java:403)
        at java.util.concurrent.ThreadPoolExecutor.getTask(ThreadPoolExecutor.java:1074)
        at java.util.concurrent.ThreadPoolExecutor.runWorker(ThreadPoolExecutor.java:1134)
        at java.util.concurrent.ThreadPoolExecutor$Worker.run(ThreadPoolExecutor.java:624)
        at java.lang.Thread.run(Thread.java:748)
"pool-36-thread-59"  prio=5 tid=351 in Object.wait()
java.lang.Thread.State: WAITING (on object monitor)
        at sun.misc.Unsafe.park(Native Method)
        at java.util.concurrent.locks.LockSupport.park(LockSupport.java:175)
        at java.util.concurrent.locks.AbstractQueuedSynchronizer$ConditionObject.await(AbstractQueuedSynchronizer.java:2039)
        at java.util.concurrent.ArrayBlockingQueue.take(ArrayBlockingQueue.java:403)
        at java.util.concurrent.ThreadPoolExecutor.getTask(ThreadPoolExecutor.java:1074)
        at java.util.concurrent.ThreadPoolExecutor.runWorker(ThreadPoolExecutor.java:1134)
        at java.util.concurrent.ThreadPoolExecutor$Worker.run(ThreadPoolExecutor.java:624)
        at java.lang.Thread.run(Thread.java:748)
"org.eclipse.jetty.server.session.HashSessionManager@6cea706cTimer" daemon prio=5 tid=97 timed_waiting
java.lang.Thread.State: TIMED_WAITING
        at sun.misc.Unsafe.park(Native Method)
        at java.util.concurrent.locks.LockSupport.parkNanos(LockSupport.java:215)
        at java.util.concurrent.locks.AbstractQueuedSynchronizer$ConditionObject.awaitNanos(AbstractQueuedSynchronizer.java:2078)
        at java.util.concurrent.ScheduledThreadPoolExecutor$DelayedWorkQueue.take(ScheduledThreadPoolExecutor.java:1093)
        at java.util.concurrent.ScheduledThreadPoolExecutor$DelayedWorkQueue.take(ScheduledThreadPoolExecutor.java:809)
        at java.util.concurrent.ThreadPoolExecutor.getTask(ThreadPoolExecutor.java:1074)
        at java.util.concurrent.ThreadPoolExecutor.runWorker(ThreadPoolExecutor.java:1134)
        at java.util.concurrent.ThreadPoolExecutor$Worker.run(ThreadPoolExecutor.java:624)
        at java.lang.Thread.run(Thread.java:748)
"pool-46-thread-43"  prio=5 tid=395 in Object.wait()
java.lang.Thread.State: WAITING (on object monitor)
        at sun.misc.Unsafe.park(Native Method)
        at java.util.concurrent.locks.LockSupport.park(LockSupport.java:175)
        at java.util.concurrent.locks.AbstractQueuedSynchronizer$ConditionObject.await(AbstractQueuedSynchronizer.java:2039)
        at java.util.concurrent.ArrayBlockingQueue.take(ArrayBlockingQueue.java:403)
        at java.util.concurrent.ThreadPoolExecutor.getTask(ThreadPoolExecutor.java:1074)
        at java.util.concurrent.ThreadPoolExecutor.runWorker(ThreadPoolExecutor.java:1134)
        at java.util.concurrent.ThreadPoolExecutor$Worker.run(ThreadPoolExecutor.java:624)
        at java.lang.Thread.run(Thread.java:748)
"IPC Server handler 9 on 33987" daemon prio=5 tid=38 timed_waiting
java.lang.Thread.State: TIMED_WAITING
        at sun.misc.Unsafe.park(Native Method)
        at java.util.concurrent.locks.LockSupport.parkNanos(LockSupport.java:215)
        at java.util.concurrent.locks.AbstractQueuedSynchronizer$ConditionObject.awaitNanos(AbstractQueuedSynchronizer.java:2078)
        at java.util.concurrent.LinkedBlockingQueue.poll(LinkedBlockingQueue.java:467)
        at org.apache.hadoop.ipc.CallQueueManager.take(CallQueueManager.java:288)
        at org.apache.hadoop.ipc.Server$Handler.run(Server.java:2668)
"qtp520082748-217" daemon prio=5 tid=217 timed_waiting
java.lang.Thread.State: TIMED_WAITING
        at sun.misc.Unsafe.park(Native Method)
        at java.util.concurrent.locks.LockSupport.parkNanos(LockSupport.java:215)
        at java.util.concurrent.locks.AbstractQueuedSynchronizer$ConditionObject.awaitNanos(AbstractQueuedSynchronizer.java:2078)
        at org.eclipse.jetty.util.BlockingArrayQueue.poll(BlockingArrayQueue.java:392)
        at org.eclipse.jetty.util.thread.QueuedThreadPool.idleJobPoll(QueuedThreadPool.java:563)
        at org.eclipse.jetty.util.thread.QueuedThreadPool.access$800(QueuedThreadPool.java:48)
        at org.eclipse.jetty.util.thread.QueuedThreadPool$2.run(QueuedThreadPool.java:626)
        at java.lang.Thread.run(Thread.java:748)
"pool-46-thread-26"  prio=5 tid=378 in Object.wait()
java.lang.Thread.State: WAITING (on object monitor)
        at sun.misc.Unsafe.park(Native Method)
        at java.util.concurrent.locks.LockSupport.park(LockSupport.java:175)
        at java.util.concurrent.locks.AbstractQueuedSynchronizer$ConditionObject.await(AbstractQueuedSynchronizer.java:2039)
        at java.util.concurrent.ArrayBlockingQueue.take(ArrayBlockingQueue.java:403)
        at java.util.concurrent.ThreadPoolExecutor.getTask(ThreadPoolExecutor.java:1074)
        at java.util.concurrent.ThreadPoolExecutor.runWorker(ThreadPoolExecutor.java:1134)
        at java.util.concurrent.ThreadPoolExecutor$Worker.run(ThreadPoolExecutor.java:624)
        at java.lang.Thread.run(Thread.java:748)
"pool-40-thread-1"  prio=5 tid=185 timed_waiting
java.lang.Thread.State: TIMED_WAITING
        at sun.misc.Unsafe.park(Native Method)
        at java.util.concurrent.locks.LockSupport.parkNanos(LockSupport.java:215)
        at java.util.concurrent.locks.AbstractQueuedSynchronizer$ConditionObject.awaitNanos(AbstractQueuedSynchronizer.java:2078)
        at java.util.concurrent.ScheduledThreadPoolExecutor$DelayedWorkQueue.take(ScheduledThreadPoolExecutor.java:1093)
        at java.util.concurrent.ScheduledThreadPoolExecutor$DelayedWorkQueue.take(ScheduledThreadPoolExecutor.java:809)
        at java.util.concurrent.ThreadPoolExecutor.getTask(ThreadPoolExecutor.java:1074)
        at java.util.concurrent.ThreadPoolExecutor.runWorker(ThreadPoolExecutor.java:1134)
        at java.util.concurrent.ThreadPoolExecutor$Worker.run(ThreadPoolExecutor.java:624)
        at java.lang.Thread.run(Thread.java:748)
"Datanode ReportManager Thread - 2" daemon prio=5 tid=173 timed_waiting
java.lang.Thread.State: TIMED_WAITING
        at sun.misc.Unsafe.park(Native Method)
        at java.util.concurrent.locks.LockSupport.parkNanos(LockSupport.java:215)
        at java.util.concurrent.locks.AbstractQueuedSynchronizer$ConditionObject.awaitNanos(AbstractQueuedSynchronizer.java:2078)
        at java.util.concurrent.ScheduledThreadPoolExecutor$DelayedWorkQueue.take(ScheduledThreadPoolExecutor.java:1093)
        at java.util.concurrent.ScheduledThreadPoolExecutor$DelayedWorkQueue.take(ScheduledThreadPoolExecutor.java:809)
        at java.util.concurrent.ThreadPoolExecutor.getTask(ThreadPoolExecutor.java:1074)
        at java.util.concurrent.ThreadPoolExecutor.runWorker(ThreadPoolExecutor.java:1134)
        at java.util.concurrent.ThreadPoolExecutor$Worker.run(ThreadPoolExecutor.java:624)
        at java.lang.Thread.run(Thread.java:748)
"BlockDeletingService#9" daemon prio=5 tid=821 in Object.wait()
java.lang.Thread.State: WAITING (on object monitor)
        at sun.misc.Unsafe.park(Native Method)
        at java.util.concurrent.locks.LockSupport.park(LockSupport.java:175)
        at java.util.concurrent.locks.AbstractQueuedSynchronizer$ConditionObject.await(AbstractQueuedSynchronizer.java:2039)
        at java.util.concurrent.ScheduledThreadPoolExecutor$DelayedWorkQueue.take(ScheduledThreadPoolExecutor.java:1088)
        at java.util.concurrent.ScheduledThreadPoolExecutor$DelayedWorkQueue.take(ScheduledThreadPoolExecutor.java:809)
        at java.util.concurrent.ThreadPoolExecutor.getTask(ThreadPoolExecutor.java:1074)
        at java.util.concurrent.ThreadPoolExecutor.runWorker(ThreadPoolExecutor.java:1134)
        at java.util.concurrent.ThreadPoolExecutor$Worker.run(ThreadPoolExecutor.java:624)
        at java.lang.Thread.run(Thread.java:748)
"pool-26-thread-49"  prio=5 tid=281 in Object.wait()
java.lang.Thread.State: WAITING (on object monitor)
        at sun.misc.Unsafe.park(Native Method)
        at java.util.concurrent.locks.LockSupport.park(LockSupport.java:175)
        at java.util.concurrent.locks.AbstractQueuedSynchronizer$ConditionObject.await(AbstractQueuedSynchronizer.java:2039)
        at java.util.concurrent.ArrayBlockingQueue.take(ArrayBlockingQueue.java:403)
        at java.util.concurrent.ThreadPoolExecutor.getTask(ThreadPoolExecutor.java:1074)
        at java.util.concurrent.ThreadPoolExecutor.runWorker(ThreadPoolExecutor.java:1134)
        at java.util.concurrent.ThreadPoolExecutor$Worker.run(ThreadPoolExecutor.java:624)
        at java.lang.Thread.run(Thread.java:748)
"qtp1536399059-187-acceptor-0@76a940e9-ServerConnector@1b1f5012{HTTP/1.1,[http/1.1]}{0.0.0.0:43535}" daemon prio=3 tid=187 runnable
java.lang.Thread.State: RUNNABLE
        at sun.nio.ch.ServerSocketChannelImpl.accept0(Native Method)
        at sun.nio.ch.ServerSocketChannelImpl.accept(ServerSocketChannelImpl.java:422)
        at sun.nio.ch.ServerSocketChannelImpl.accept(ServerSocketChannelImpl.java:250)
        at org.eclipse.jetty.server.ServerConnector.accept(ServerConnector.java:397)
        at org.eclipse.jetty.server.AbstractConnector$Acceptor.run(AbstractConnector.java:601)
        at org.eclipse.jetty.util.thread.QueuedThreadPool.runJob(QueuedThreadPool.java:671)
        at org.eclipse.jetty.util.thread.QueuedThreadPool$2.run(QueuedThreadPool.java:589)
        at java.lang.Thread.run(Thread.java:748)
"IPC Server handler 2 on 34353" daemon prio=5 tid=71 timed_waiting
java.lang.Thread.State: TIMED_WAITING
        at sun.misc.Unsafe.park(Native Method)
        at java.util.concurrent.locks.LockSupport.parkNanos(LockSupport.java:215)
        at java.util.concurrent.locks.AbstractQueuedSynchronizer$ConditionObject.awaitNanos(AbstractQueuedSynchronizer.java:2078)
        at java.util.concurrent.LinkedBlockingQueue.poll(LinkedBlockingQueue.java:467)
        at org.apache.hadoop.ipc.CallQueueManager.take(CallQueueManager.java:288)
        at org.apache.hadoop.ipc.Server$Handler.run(Server.java:2668)
"IPC Server handler 8 on 40661" daemon prio=5 tid=57 timed_waiting
java.lang.Thread.State: TIMED_WAITING
        at sun.misc.Unsafe.park(Native Method)
        at java.util.concurrent.locks.LockSupport.parkNanos(LockSupport.java:215)
        at java.util.concurrent.locks.AbstractQueuedSynchronizer$ConditionObject.awaitNanos(AbstractQueuedSynchronizer.java:2078)
        at java.util.concurrent.LinkedBlockingQueue.poll(LinkedBlockingQueue.java:467)
        at org.apache.hadoop.ipc.CallQueueManager.take(CallQueueManager.java:288)
        at org.apache.hadoop.ipc.Server$Handler.run(Server.java:2668)
"metrics-hadoop-metrics2-reporter-6-thread-1" daemon prio=5 tid=454 timed_waiting
java.lang.Thread.State: TIMED_WAITING
        at sun.misc.Unsafe.park(Native Method)
        at java.util.concurrent.locks.LockSupport.parkNanos(LockSupport.java:215)
        at java.util.concurrent.locks.AbstractQueuedSynchronizer$ConditionObject.awaitNanos(AbstractQueuedSynchronizer.java:2078)
        at java.util.concurrent.ScheduledThreadPoolExecutor$DelayedWorkQueue.take(ScheduledThreadPoolExecutor.java:1093)
        at java.util.concurrent.ScheduledThreadPoolExecutor$DelayedWorkQueue.take(ScheduledThreadPoolExecutor.java:809)
        at java.util.concurrent.ThreadPoolExecutor.getTask(ThreadPoolExecutor.java:1074)
        at java.util.concurrent.ThreadPoolExecutor.runWorker(ThreadPoolExecutor.java:1134)
        at java.util.concurrent.ThreadPoolExecutor$Worker.run(ThreadPoolExecutor.java:624)
        at java.lang.Thread.run(Thread.java:748)
"pool-46-thread-27"  prio=5 tid=379 in Object.wait()
java.lang.Thread.State: WAITING (on object monitor)
        at sun.misc.Unsafe.park(Native Method)
        at java.util.concurrent.locks.LockSupport.park(LockSupport.java:175)
        at java.util.concurrent.locks.AbstractQueuedSynchronizer$ConditionObject.await(AbstractQueuedSynchronizer.java:2039)
        at java.util.concurrent.ArrayBlockingQueue.take(ArrayBlockingQueue.java:403)
        at java.util.concurrent.ThreadPoolExecutor.getTask(ThreadPoolExecutor.java:1074)
        at java.util.concurrent.ThreadPoolExecutor.runWorker(ThreadPoolExecutor.java:1134)
        at java.util.concurrent.ThreadPoolExecutor$Worker.run(ThreadPoolExecutor.java:624)
        at java.lang.Thread.run(Thread.java:748)
"pool-46-thread-6"  prio=5 tid=358 in Object.wait()
java.lang.Thread.State: WAITING (on object monitor)
        at sun.misc.Unsafe.park(Native Method)
        at java.util.concurrent.locks.LockSupport.park(LockSupport.java:175)
        at java.util.concurrent.locks.AbstractQueuedSynchronizer$ConditionObject.await(AbstractQueuedSynchronizer.java:2039)
        at java.util.concurrent.ArrayBlockingQueue.take(ArrayBlockingQueue.java:403)
        at java.util.concurrent.ThreadPoolExecutor.getTask(ThreadPoolExecutor.java:1074)
        at java.util.concurrent.ThreadPoolExecutor.runWorker(ThreadPoolExecutor.java:1134)
        at java.util.concurrent.ThreadPoolExecutor$Worker.run(ThreadPoolExecutor.java:624)
        at java.lang.Thread.run(Thread.java:748)
"IPC Server handler 8 on 33987" daemon prio=5 tid=37 timed_waiting
java.lang.Thread.State: TIMED_WAITING
        at sun.misc.Unsafe.park(Native Method)
        at java.util.concurrent.locks.LockSupport.parkNanos(LockSupport.java:215)
        at java.util.concurrent.locks.AbstractQueuedSynchronizer$ConditionObject.awaitNanos(AbstractQueuedSynchronizer.java:2078)
        at java.util.concurrent.LinkedBlockingQueue.poll(LinkedBlockingQueue.java:467)
        at org.apache.hadoop.ipc.CallQueueManager.take(CallQueueManager.java:288)
        at org.apache.hadoop.ipc.Server$Handler.run(Server.java:2668)
"metrics-hadoop-metrics2-reporter-22-thread-1" daemon prio=5 tid=510 timed_waiting
java.lang.Thread.State: TIMED_WAITING
        at sun.misc.Unsafe.park(Native Method)
        at java.util.concurrent.locks.LockSupport.parkNanos(LockSupport.java:215)
        at java.util.concurrent.locks.AbstractQueuedSynchronizer$ConditionObject.awaitNanos(AbstractQueuedSynchronizer.java:2078)
        at java.util.concurrent.ScheduledThreadPoolExecutor$DelayedWorkQueue.take(ScheduledThreadPoolExecutor.java:1093)
        at java.util.concurrent.ScheduledThreadPoolExecutor$DelayedWorkQueue.take(ScheduledThreadPoolExecutor.java:809)
        at java.util.concurrent.ThreadPoolExecutor.getTask(ThreadPoolExecutor.java:1074)
        at java.util.concurrent.ThreadPoolExecutor.runWorker(ThreadPoolExecutor.java:1134)
        at java.util.concurrent.ThreadPoolExecutor$Worker.run(ThreadPoolExecutor.java:624)
        at java.lang.Thread.run(Thread.java:748)
"qtp1077873186-89" daemon prio=5 tid=89 runnable
java.lang.Thread.State: RUNNABLE
        at sun.nio.ch.EPollArrayWrapper.epollWait(Native Method)
        at sun.nio.ch.EPollArrayWrapper.poll(EPollArrayWrapper.java:269)
        at sun.nio.ch.EPollSelectorImpl.doSelect(EPollSelectorImpl.java:93)
        at sun.nio.ch.SelectorImpl.lockAndDoSelect(SelectorImpl.java:86)
        at sun.nio.ch.SelectorImpl.select(SelectorImpl.java:97)
        at sun.nio.ch.SelectorImpl.select(SelectorImpl.java:101)
        at org.eclipse.jetty.io.ManagedSelector$SelectorProducer.select(ManagedSelector.java:243)
        at org.eclipse.jetty.io.ManagedSelector$SelectorProducer.produce(ManagedSelector.java:191)
        at org.eclipse.jetty.util.thread.strategy.ExecuteProduceConsume.executeProduceConsume(ExecuteProduceConsume.java:249)
        at org.eclipse.jetty.util.thread.strategy.ExecuteProduceConsume.produceConsume(ExecuteProduceConsume.java:148)
        at org.eclipse.jetty.util.thread.strategy.ExecuteProduceConsume.execute(ExecuteProduceConsume.java:100)
        at org.eclipse.jetty.io.ManagedSelector.run(ManagedSelector.java:147)
        at org.eclipse.jetty.util.thread.QueuedThreadPool.runJob(QueuedThreadPool.java:671)
        at org.eclipse.jetty.util.thread.QueuedThreadPool$2.run(QueuedThreadPool.java:589)
        at java.lang.Thread.run(Thread.java:748)
"pool-36-thread-26"  prio=5 tid=318 in Object.wait()
java.lang.Thread.State: WAITING (on object monitor)
        at sun.misc.Unsafe.park(Native Method)
        at java.util.concurrent.locks.LockSupport.park(LockSupport.java:175)
        at java.util.concurrent.locks.AbstractQueuedSynchronizer$ConditionObject.await(AbstractQueuedSynchronizer.java:2039)
        at java.util.concurrent.ArrayBlockingQueue.take(ArrayBlockingQueue.java:403)
        at java.util.concurrent.ThreadPoolExecutor.getTask(ThreadPoolExecutor.java:1074)
        at java.util.concurrent.ThreadPoolExecutor.runWorker(ThreadPoolExecutor.java:1134)
        at java.util.concurrent.ThreadPoolExecutor$Worker.run(ThreadPoolExecutor.java:624)
        at java.lang.Thread.run(Thread.java:748)
"pool-26-thread-60"  prio=5 tid=292 in Object.wait()
java.lang.Thread.State: WAITING (on object monitor)
        at sun.misc.Unsafe.park(Native Method)
        at java.util.concurrent.locks.LockSupport.park(LockSupport.java:175)
        at java.util.concurrent.locks.AbstractQueuedSynchronizer$ConditionObject.await(AbstractQueuedSynchronizer.java:2039)
        at java.util.concurrent.ArrayBlockingQueue.take(ArrayBlockingQueue.java:403)
        at java.util.concurrent.ThreadPoolExecutor.getTask(ThreadPoolExecutor.java:1074)
        at java.util.concurrent.ThreadPoolExecutor.runWorker(ThreadPoolExecutor.java:1134)
        at java.util.concurrent.ThreadPoolExecutor$Worker.run(ThreadPoolExecutor.java:624)
        at java.lang.Thread.run(Thread.java:748)
"org.eclipse.jetty.server.session.HashSessionManager@1aabf50dTimer" daemon prio=5 tid=169 timed_waiting
java.lang.Thread.State: TIMED_WAITING
        at sun.misc.Unsafe.park(Native Method)
        at java.util.concurrent.locks.LockSupport.parkNanos(LockSupport.java:215)
        at java.util.concurrent.locks.AbstractQueuedSynchronizer$ConditionObject.awaitNanos(AbstractQueuedSynchronizer.java:2078)
        at java.util.concurrent.ScheduledThreadPoolExecutor$DelayedWorkQueue.take(ScheduledThreadPoolExecutor.java:1093)
        at java.util.concurrent.ScheduledThreadPoolExecutor$DelayedWorkQueue.take(ScheduledThreadPoolExecutor.java:809)
        at java.util.concurrent.ThreadPoolExecutor.getTask(ThreadPoolExecutor.java:1074)
        at java.util.concurrent.ThreadPoolExecutor.runWorker(ThreadPoolExecutor.java:1134)
        at java.util.concurrent.ThreadPoolExecutor$Worker.run(ThreadPoolExecutor.java:624)
        at java.lang.Thread.run(Thread.java:748)
"IPC Server handler 15 on 33987" daemon prio=5 tid=44 timed_waiting
java.lang.Thread.State: TIMED_WAITING
        at sun.misc.Unsafe.park(Native Method)
        at java.util.concurrent.locks.LockSupport.parkNanos(LockSupport.java:215)
        at java.util.concurrent.locks.AbstractQueuedSynchronizer$ConditionObject.awaitNanos(AbstractQueuedSynchronizer.java:2078)
        at java.util.concurrent.LinkedBlockingQueue.poll(LinkedBlockingQueue.java:467)
        at org.apache.hadoop.ipc.CallQueueManager.take(CallQueueManager.java:288)
        at org.apache.hadoop.ipc.Server$Handler.run(Server.java:2668)
"IPC Server handler 14 on 35897" daemon prio=5 tid=129 timed_waiting
java.lang.Thread.State: TIMED_WAITING
        at sun.misc.Unsafe.park(Native Method)
        at java.util.concurrent.locks.LockSupport.parkNanos(LockSupport.java:215)
        at java.util.concurrent.locks.AbstractQueuedSynchronizer$ConditionObject.awaitNanos(AbstractQueuedSynchronizer.java:2078)
        at java.util.concurrent.LinkedBlockingQueue.poll(LinkedBlockingQueue.java:467)
        at org.apache.hadoop.ipc.CallQueueManager.take(CallQueueManager.java:288)
        at org.apache.hadoop.ipc.Server$Handler.run(Server.java:2668)
"pool-26-thread-11"  prio=5 tid=243 in Object.wait()
java.lang.Thread.State: WAITING (on object monitor)
        at sun.misc.Unsafe.park(Native Method)
        at java.util.concurrent.locks.LockSupport.park(LockSupport.java:175)
        at java.util.concurrent.locks.AbstractQueuedSynchronizer$ConditionObject.await(AbstractQueuedSynchronizer.java:2039)
        at java.util.concurrent.ArrayBlockingQueue.take(ArrayBlockingQueue.java:403)
        at java.util.concurrent.ThreadPoolExecutor.getTask(ThreadPoolExecutor.java:1074)
        at java.util.concurrent.ThreadPoolExecutor.runWorker(ThreadPoolExecutor.java:1134)
        at java.util.concurrent.ThreadPoolExecutor$Worker.run(ThreadPoolExecutor.java:624)
        at java.lang.Thread.run(Thread.java:748)
"org.eclipse.jetty.server.session.HashSessionManager@587a1cfbTimer" daemon prio=5 tid=194 timed_waiting
java.lang.Thread.State: TIMED_WAITING
        at sun.misc.Unsafe.park(Native Method)
        at java.util.concurrent.locks.LockSupport.parkNanos(LockSupport.java:215)
        at java.util.concurrent.locks.AbstractQueuedSynchronizer$ConditionObject.awaitNanos(AbstractQueuedSynchronizer.java:2078)
        at java.util.concurrent.ScheduledThreadPoolExecutor$DelayedWorkQueue.take(ScheduledThreadPoolExecutor.java:1093)
        at java.util.concurrent.ScheduledThreadPoolExecutor$DelayedWorkQueue.take(ScheduledThreadPoolExecutor.java:809)
        at java.util.concurrent.ThreadPoolExecutor.getTask(ThreadPoolExecutor.java:1074)
        at java.util.concurrent.ThreadPoolExecutor.runWorker(ThreadPoolExecutor.java:1134)
        at java.util.concurrent.ThreadPoolExecutor$Worker.run(ThreadPoolExecutor.java:624)
        at java.lang.Thread.run(Thread.java:748)
"pool-46-thread-47"  prio=5 tid=399 in Object.wait()
java.lang.Thread.State: WAITING (on object monitor)
        at sun.misc.Unsafe.park(Native Method)
        at java.util.concurrent.locks.LockSupport.park(LockSupport.java:175)
        at java.util.concurrent.locks.AbstractQueuedSynchronizer$ConditionObject.await(AbstractQueuedSynchronizer.java:2039)
        at java.util.concurrent.ArrayBlockingQueue.take(ArrayBlockingQueue.java:403)
        at java.util.concurrent.ThreadPoolExecutor.getTask(ThreadPoolExecutor.java:1074)
        at java.util.concurrent.ThreadPoolExecutor.runWorker(ThreadPoolExecutor.java:1134)
        at java.util.concurrent.ThreadPoolExecutor$Worker.run(ThreadPoolExecutor.java:624)
        at java.lang.Thread.run(Thread.java:748)
"IPC Server handler 9 on 40661" daemon prio=5 tid=58 timed_waiting
java.lang.Thread.State: TIMED_WAITING
        at sun.misc.Unsafe.park(Native Method)
        at java.util.concurrent.locks.LockSupport.parkNanos(LockSupport.java:215)
        at java.util.concurrent.locks.AbstractQueuedSynchronizer$ConditionObject.awaitNanos(AbstractQueuedSynchronizer.java:2078)
        at java.util.concurrent.LinkedBlockingQueue.poll(LinkedBlockingQueue.java:467)
        at org.apache.hadoop.ipc.CallQueueManager.take(CallQueueManager.java:288)
        at org.apache.hadoop.ipc.Server$Handler.run(Server.java:2668)
"qtp1471800355-136" daemon prio=5 tid=136 runnable
java.lang.Thread.State: RUNNABLE
        at sun.nio.ch.EPollArrayWrapper.epollWait(Native Method)
        at sun.nio.ch.EPollArrayWrapper.poll(EPollArrayWrapper.java:269)
        at sun.nio.ch.EPollSelectorImpl.doSelect(EPollSelectorImpl.java:93)
        at sun.nio.ch.SelectorImpl.lockAndDoSelect(SelectorImpl.java:86)
        at sun.nio.ch.SelectorImpl.select(SelectorImpl.java:97)
        at sun.nio.ch.SelectorImpl.select(SelectorImpl.java:101)
        at org.eclipse.jetty.io.ManagedSelector$SelectorProducer.select(ManagedSelector.java:243)
        at org.eclipse.jetty.io.ManagedSelector$SelectorProducer.produce(ManagedSelector.java:191)
        at org.eclipse.jetty.util.thread.strategy.ExecuteProduceConsume.executeProduceConsume(ExecuteProduceConsume.java:249)
        at org.eclipse.jetty.util.thread.strategy.ExecuteProduceConsume.produceConsume(ExecuteProduceConsume.java:148)
        at org.eclipse.jetty.util.thread.strategy.ExecuteProduceConsume.execute(ExecuteProduceConsume.java:100)
        at org.eclipse.jetty.io.ManagedSelector.run(ManagedSelector.java:147)
        at org.eclipse.jetty.util.thread.QueuedThreadPool.runJob(QueuedThreadPool.java:671)
        at org.eclipse.jetty.util.thread.QueuedThreadPool$2.run(QueuedThreadPool.java:589)
        at java.lang.Thread.run(Thread.java:748)
"IPC Server handler 7 on 40661" daemon prio=5 tid=56 timed_waiting
java.lang.Thread.State: TIMED_WAITING
        at sun.misc.Unsafe.park(Native Method)
        at java.util.concurrent.locks.LockSupport.parkNanos(LockSupport.java:215)
        at java.util.concurrent.locks.AbstractQueuedSynchronizer$ConditionObject.awaitNanos(AbstractQueuedSynchronizer.java:2078)
        at java.util.concurrent.LinkedBlockingQueue.poll(LinkedBlockingQueue.java:467)
        at org.apache.hadoop.ipc.CallQueueManager.take(CallQueueManager.java:288)
        at org.apache.hadoop.ipc.Server$Handler.run(Server.java:2668)
"qtp1471800355-139" daemon prio=5 tid=139 timed_waiting
java.lang.Thread.State: TIMED_WAITING
        at sun.misc.Unsafe.park(Native Method)
        at java.util.concurrent.locks.LockSupport.parkNanos(LockSupport.java:215)
        at java.util.concurrent.locks.AbstractQueuedSynchronizer$ConditionObject.awaitNanos(AbstractQueuedSynchronizer.java:2078)
        at org.eclipse.jetty.util.BlockingArrayQueue.poll(BlockingArrayQueue.java:392)
        at org.eclipse.jetty.util.thread.QueuedThreadPool.idleJobPoll(QueuedThreadPool.java:563)
        at org.eclipse.jetty.util.thread.QueuedThreadPool.access$800(QueuedThreadPool.java:48)
        at org.eclipse.jetty.util.thread.QueuedThreadPool$2.run(QueuedThreadPool.java:626)
        at java.lang.Thread.run(Thread.java:748)
"pool-36-thread-44"  prio=5 tid=336 in Object.wait()
java.lang.Thread.State: WAITING (on object monitor)
        at sun.misc.Unsafe.park(Native Method)
        at java.util.concurrent.locks.LockSupport.park(LockSupport.java:175)
        at java.util.concurrent.locks.AbstractQueuedSynchronizer$ConditionObject.await(AbstractQueuedSynchronizer.java:2039)
        at java.util.concurrent.ArrayBlockingQueue.take(ArrayBlockingQueue.java:403)
        at java.util.concurrent.ThreadPoolExecutor.getTask(ThreadPoolExecutor.java:1074)
        at java.util.concurrent.ThreadPoolExecutor.runWorker(ThreadPoolExecutor.java:1134)
        at java.util.concurrent.ThreadPoolExecutor$Worker.run(ThreadPoolExecutor.java:624)
        at java.lang.Thread.run(Thread.java:748)
"IPC Server handler 15 on 34353" daemon prio=5 tid=84 timed_waiting
java.lang.Thread.State: TIMED_WAITING
        at sun.misc.Unsafe.park(Native Method)
        at java.util.concurrent.locks.LockSupport.parkNanos(LockSupport.java:215)
        at java.util.concurrent.locks.AbstractQueuedSynchronizer$ConditionObject.awaitNanos(AbstractQueuedSynchronizer.java:2078)
        at java.util.concurrent.LinkedBlockingQueue.poll(LinkedBlockingQueue.java:467)
        at org.apache.hadoop.ipc.CallQueueManager.take(CallQueueManager.java:288)
        at org.apache.hadoop.ipc.Server$Handler.run(Server.java:2668)
"pool-46-thread-1"  prio=5 tid=353 in Object.wait()
java.lang.Thread.State: WAITING (on object monitor)
        at sun.misc.Unsafe.park(Native Method)
        at java.util.concurrent.locks.LockSupport.park(LockSupport.java:175)
        at java.util.concurrent.locks.AbstractQueuedSynchronizer$ConditionObject.await(AbstractQueuedSynchronizer.java:2039)
        at java.util.concurrent.ArrayBlockingQueue.take(ArrayBlockingQueue.java:403)
        at java.util.concurrent.ThreadPoolExecutor.getTask(ThreadPoolExecutor.java:1074)
        at java.util.concurrent.ThreadPoolExecutor.runWorker(ThreadPoolExecutor.java:1134)
        at java.util.concurrent.ThreadPoolExecutor$Worker.run(ThreadPoolExecutor.java:624)
        at java.lang.Thread.run(Thread.java:748)
"pool-26-thread-36"  prio=5 tid=268 in Object.wait()
java.lang.Thread.State: WAITING (on object monitor)
        at sun.misc.Unsafe.park(Native Method)
        at java.util.concurrent.locks.LockSupport.park(LockSupport.java:175)
        at java.util.concurrent.locks.AbstractQueuedSynchronizer$ConditionObject.await(AbstractQueuedSynchronizer.java:2039)
        at java.util.concurrent.ArrayBlockingQueue.take(ArrayBlockingQueue.java:403)
        at java.util.concurrent.ThreadPoolExecutor.getTask(ThreadPoolExecutor.java:1074)
        at java.util.concurrent.ThreadPoolExecutor.runWorker(ThreadPoolExecutor.java:1134)
        at java.util.concurrent.ThreadPoolExecutor$Worker.run(ThreadPoolExecutor.java:624)
        at java.lang.Thread.run(Thread.java:748)
"metrics-hadoop-metrics2-reporter-28-thread-1" daemon prio=5 tid=636 timed_waiting
java.lang.Thread.State: TIMED_WAITING
        at sun.misc.Unsafe.park(Native Method)
        at java.util.concurrent.locks.LockSupport.parkNanos(LockSupport.java:215)
        at java.util.concurrent.locks.AbstractQueuedSynchronizer$ConditionObject.awaitNanos(AbstractQueuedSynchronizer.java:2078)
        at java.util.concurrent.ScheduledThreadPoolExecutor$DelayedWorkQueue.take(ScheduledThreadPoolExecutor.java:1093)
        at java.util.concurrent.ScheduledThreadPoolExecutor$DelayedWorkQueue.take(ScheduledThreadPoolExecutor.java:809)
        at java.util.concurrent.ThreadPoolExecutor.getTask(ThreadPoolExecutor.java:1074)
        at java.util.concurrent.ThreadPoolExecutor.runWorker(ThreadPoolExecutor.java:1134)
        at java.util.concurrent.ThreadPoolExecutor$Worker.run(ThreadPoolExecutor.java:624)
        at java.lang.Thread.run(Thread.java:748)
"pool-26-thread-8"  prio=5 tid=240 in Object.wait()
java.lang.Thread.State: WAITING (on object monitor)
        at sun.misc.Unsafe.park(Native Method)
        at java.util.concurrent.locks.LockSupport.park(LockSupport.java:175)
        at java.util.concurrent.locks.AbstractQueuedSynchronizer$ConditionObject.await(AbstractQueuedSynchronizer.java:2039)
        at java.util.concurrent.ArrayBlockingQueue.take(ArrayBlockingQueue.java:403)
        at java.util.concurrent.ThreadPoolExecutor.getTask(ThreadPoolExecutor.java:1074)
        at java.util.concurrent.ThreadPoolExecutor.runWorker(ThreadPoolExecutor.java:1134)
        at java.util.concurrent.ThreadPoolExecutor$Worker.run(ThreadPoolExecutor.java:624)
        at java.lang.Thread.run(Thread.java:748)
"org.eclipse.jetty.server.session.HashSessionManager@41aaedaaTimer" daemon prio=5 tid=146 timed_waiting
java.lang.Thread.State: TIMED_WAITING
        at sun.misc.Unsafe.park(Native Method)
        at java.util.concurrent.locks.LockSupport.parkNanos(LockSupport.java:215)
        at java.util.concurrent.locks.AbstractQueuedSynchronizer$ConditionObject.awaitNanos(AbstractQueuedSynchronizer.java:2078)
        at java.util.concurrent.ScheduledThreadPoolExecutor$DelayedWorkQueue.take(ScheduledThreadPoolExecutor.java:1093)
        at java.util.concurrent.ScheduledThreadPoolExecutor$DelayedWorkQueue.take(ScheduledThreadPoolExecutor.java:809)
        at java.util.concurrent.ThreadPoolExecutor.getTask(ThreadPoolExecutor.java:1074)
        at java.util.concurrent.ThreadPoolExecutor.runWorker(ThreadPoolExecutor.java:1134)
        at java.util.concurrent.ThreadPoolExecutor$Worker.run(ThreadPoolExecutor.java:624)
        at java.lang.Thread.run(Thread.java:748)
"IPC Server handler 7 on 34353" daemon prio=5 tid=76 timed_waiting
java.lang.Thread.State: TIMED_WAITING
        at sun.misc.Unsafe.park(Native Method)
        at java.util.concurrent.locks.LockSupport.parkNanos(LockSupport.java:215)
        at java.util.concurrent.locks.AbstractQueuedSynchronizer$ConditionObject.awaitNanos(AbstractQueuedSynchronizer.java:2078)
        at java.util.concurrent.LinkedBlockingQueue.poll(LinkedBlockingQueue.java:467)
        at org.apache.hadoop.ipc.CallQueueManager.take(CallQueueManager.java:288)
        at org.apache.hadoop.ipc.Server$Handler.run(Server.java:2668)


	at org.apache.hadoop.test.GenericTestUtils.waitFor(GenericTestUtils.java:389)
	at org.apache.hadoop.ozone.MiniOzoneClusterImpl.waitForClusterToBeReady(MiniOzoneClusterImpl.java:149)
	at org.apache.hadoop.ozone.client.rpc.TestDeleteWithSlowFollower.init(TestDeleteWithSlowFollower.java:119)
	at sun.reflect.NativeMethodAccessorImpl.invoke0(Native Method)
	at sun.reflect.NativeMethodAccessorImpl.invoke(NativeMethodAccessorImpl.java:62)
	at sun.reflect.DelegatingMethodAccessorImpl.invoke(DelegatingMethodAccessorImpl.java:43)
	at java.lang.reflect.Method.invoke(Method.java:498)
	at org.junit.runners.model.FrameworkMethod$1.runReflectiveCall(FrameworkMethod.java:47)
	at org.junit.internal.runners.model.ReflectiveCallable.run(ReflectiveCallable.java:12)
	at org.junit.runners.model.FrameworkMethod.invokeExplosively(FrameworkMethod.java:44)
	at org.junit.internal.runners.statements.RunBefores.evaluate(RunBefores.java:24)
	at org.junit.internal.runners.statements.RunAfters.evaluate(RunAfters.java:27)
	at org.junit.runners.ParentRunner.run(ParentRunner.java:309)
	at org.apache.maven.surefire.junit4.JUnit4Provider.execute(JUnit4Provider.java:365)
	at org.apache.maven.surefire.junit4.JUnit4Provider.executeWithRerun(JUnit4Provider.java:273)
	at org.apache.maven.surefire.junit4.JUnit4Provider.executeTestSet(JUnit4Provider.java:238)
	at org.apache.maven.surefire.junit4.JUnit4Provider.invoke(JUnit4Provider.java:159)
	at org.apache.maven.surefire.booter.ForkedBooter.invokeProviderInSameClassLoader(ForkedBooter.java:384)
	at org.apache.maven.surefire.booter.ForkedBooter.runSuitesInProcess(ForkedBooter.java:345)
	at org.apache.maven.surefire.booter.ForkedBooter.execute(ForkedBooter.java:126)
	at org.apache.maven.surefire.booter.ForkedBooter.main(ForkedBooter.java:418)
</error>
    <system-out><![CDATA[2019-10-16 21:01:06,638 [main] WARN  server.ServerUtils (ServerUtils.java:getScmDbDir(145)) - ozone.scm.db.dirs is not configured. We recommend adding this setting. Falling back to ozone.metadata.dirs instead.
2019-10-16 21:01:06,745 [main] WARN  server.ServerUtils (ServerUtils.java:getScmDbDir(145)) - ozone.scm.db.dirs is not configured. We recommend adding this setting. Falling back to ozone.metadata.dirs instead.
2019-10-16 21:01:06,749 [main] WARN  server.ServerUtils (ServerUtils.java:getScmDbDir(145)) - ozone.scm.db.dirs is not configured. We recommend adding this setting. Falling back to ozone.metadata.dirs instead.
2019-10-16 21:01:06,774 [main] INFO  util.log (Log.java:initialized(192)) - Logging initialized @860ms
2019-10-16 21:01:06,869 [main] INFO  db.DBStoreBuilder (DBStoreBuilder.java:addTable(117)) - using custom profile for table: deletedBlocks
2019-10-16 21:01:06,869 [main] INFO  db.DBStoreBuilder (DBStoreBuilder.java:processTables(168)) - Using default column profile:DBProfile.DISK for Table:deletedBlocks
2019-10-16 21:01:06,869 [main] INFO  db.DBStoreBuilder (DBStoreBuilder.java:addTable(117)) - using custom profile for table: validCerts
2019-10-16 21:01:06,870 [main] INFO  db.DBStoreBuilder (DBStoreBuilder.java:processTables(168)) - Using default column profile:DBProfile.DISK for Table:validCerts
2019-10-16 21:01:06,870 [main] INFO  db.DBStoreBuilder (DBStoreBuilder.java:addTable(117)) - using custom profile for table: revokedCerts
2019-10-16 21:01:06,870 [main] INFO  db.DBStoreBuilder (DBStoreBuilder.java:processTables(168)) - Using default column profile:DBProfile.DISK for Table:revokedCerts
2019-10-16 21:01:06,881 [main] INFO  db.DBStoreBuilder (DBStoreBuilder.java:addTable(117)) - using custom profile for table: default
2019-10-16 21:01:06,881 [main] INFO  db.DBStoreBuilder (DBStoreBuilder.java:processTables(174)) - Using default column profile:DBProfile.DISK for Table:default
2019-10-16 21:01:06,883 [main] INFO  db.DBStoreBuilder (DBStoreBuilder.java:getDbProfile(205)) - Using default options. DBProfile.DISK
2019-10-16 21:01:07,151 [main] INFO  net.NodeSchemaLoader (NodeSchemaLoader.java:loadSchemaFromFile(125)) - Loading file from sun.misc.CompoundEnumeration@74235045
2019-10-16 21:01:07,153 [main] INFO  net.NodeSchemaLoader (NodeSchemaLoader.java:loadSchema(171)) - Loading network topology layer schema file
2019-10-16 21:01:07,203 [main] WARN  server.ServerUtils (ServerUtils.java:sanitizeUserArgs(70)) - ozone.scm.stale.node.interval value = 1000000 is larger than max = 100000 based on the key value of ozone.scm.heartbeat.thread.interval, reset to the max value 100000.
2019-10-16 21:01:07,205 [main] WARN  server.ServerUtils (ServerUtils.java:sanitizeUserArgs(70)) - ozone.scm.stale.node.interval value = 1000000 is larger than max = 100000 based on the key value of ozone.scm.heartbeat.thread.interval, reset to the max value 100000.
2019-10-16 21:01:07,206 [main] INFO  node.SCMNodeManager (SCMNodeManager.java:<init>(116)) - Entering startup safe mode.
2019-10-16 21:01:07,260 [main] INFO  algorithms.ContainerPlacementPolicyFactory (ContainerPlacementPolicyFactory.java:getPolicy(57)) - Create container placement policy of type org.apache.hadoop.hdds.scm.container.placement.algorithms.SCMContainerPlacementRandom
2019-10-16 21:01:07,271 [main] WARN  server.ServerUtils (ServerUtils.java:getScmDbDir(145)) - ozone.scm.db.dirs is not configured. We recommend adding this setting. Falling back to ozone.metadata.dirs instead.
2019-10-16 21:01:07,350 [main] INFO  pipeline.SCMPipelineManager (SCMPipelineManager.java:initializePipelineState(132)) - No pipeline exists in current db
2019-10-16 21:01:07,353 [main] WARN  server.ServerUtils (ServerUtils.java:getScmDbDir(145)) - ozone.scm.db.dirs is not configured. We recommend adding this setting. Falling back to ozone.metadata.dirs instead.
2019-10-16 21:01:07,482 [main] WARN  events.EventQueue (EventQueue.java:fireEvent(183)) - No event handler registered for event TypedEvent{payloadType=SafeModeStatus, name='SafeModeStatus'}
2019-10-16 21:01:07,824 [main] INFO  ipc.CallQueueManager (CallQueueManager.java:<init>(84)) - Using callQueue: class java.util.concurrent.LinkedBlockingQueue, queueCapacity: 2000, scheduler: class org.apache.hadoop.ipc.DefaultRpcScheduler, ipcBackoff: false.
2019-10-16 21:01:07,923 [Socket Reader #1 for port 34353] INFO  ipc.Server (Server.java:run(1074)) - Starting Socket Reader #1 for port 34353
2019-10-16 21:01:07,945 [main] INFO  ipc.CallQueueManager (CallQueueManager.java:<init>(84)) - Using callQueue: class java.util.concurrent.LinkedBlockingQueue, queueCapacity: 2000, scheduler: class org.apache.hadoop.ipc.DefaultRpcScheduler, ipcBackoff: false.
2019-10-16 21:01:07,946 [Socket Reader #1 for port 40661] INFO  ipc.Server (Server.java:run(1074)) - Starting Socket Reader #1 for port 40661
2019-10-16 21:01:07,953 [main] INFO  ipc.CallQueueManager (CallQueueManager.java:<init>(84)) - Using callQueue: class java.util.concurrent.LinkedBlockingQueue, queueCapacity: 2000, scheduler: class org.apache.hadoop.ipc.DefaultRpcScheduler, ipcBackoff: false.
2019-10-16 21:01:07,953 [Socket Reader #1 for port 33987] INFO  ipc.Server (Server.java:run(1074)) - Starting Socket Reader #1 for port 33987
2019-10-16 21:01:07,972 [main] INFO  hdfs.DFSUtil (DFSUtil.java:httpServerTemplateForNNAndJN(1641)) - Starting Web-server for scm at: http://0.0.0.0:0
2019-10-16 21:01:08,120 [main] INFO  server.AuthenticationFilter (AuthenticationFilter.java:constructSecretProvider(240)) - Unable to initialize FileSignerSecretProvider, falling back to use random secrets.
2019-10-16 21:01:08,129 [main] WARN  http.HttpRequestLog (HttpRequestLog.java:getRequestLog(97)) - Jetty request log can only be enabled using Log4j
2019-10-16 21:01:08,136 [main] INFO  http.HttpServer2 (HttpServer2.java:addGlobalFilter(975)) - Added global filter 'safety' (class=org.apache.hadoop.http.HttpServer2$QuotingInputFilter)
2019-10-16 21:01:08,139 [main] INFO  http.HttpServer2 (HttpServer2.java:addFilter(948)) - Added filter static_user_filter (class=org.apache.hadoop.http.lib.StaticUserWebFilter$StaticUserFilter) to context scm
2019-10-16 21:01:08,139 [main] INFO  http.HttpServer2 (HttpServer2.java:addFilter(958)) - Added filter static_user_filter (class=org.apache.hadoop.http.lib.StaticUserWebFilter$StaticUserFilter) to context logs
2019-10-16 21:01:08,140 [main] INFO  http.HttpServer2 (HttpServer2.java:addFilter(958)) - Added filter static_user_filter (class=org.apache.hadoop.http.lib.StaticUserWebFilter$StaticUserFilter) to context static
2019-10-16 21:01:08,169 [main] INFO  server.StorageContainerManager (StorageContainerManager.java:start(772)) - StorageContainerLocationProtocol RPC server is listening at /0.0.0.0:33987
2019-10-16 21:01:08,234 [main] WARN  impl.MetricsConfig (MetricsConfig.java:loadFirst(134)) - Cannot locate configuration: tried hadoop-metrics2-storagecontainermanager.properties,hadoop-metrics2.properties
2019-10-16 21:01:08,250 [main] INFO  impl.MetricsSystemImpl (MetricsSystemImpl.java:startTimer(374)) - Scheduled Metric snapshot period at 10 second(s).
2019-10-16 21:01:08,250 [main] INFO  impl.MetricsSystemImpl (MetricsSystemImpl.java:start(191)) - StorageContainerManager metrics system started
2019-10-16 21:01:08,494 [main] INFO  server.SCMClientProtocolServer (SCMClientProtocolServer.java:start(159)) - RPC server for Client  is listening at /0.0.0.0:33987
2019-10-16 21:01:08,495 [IPC Server Responder] INFO  ipc.Server (Server.java:run(1314)) - IPC Server Responder: starting
2019-10-16 21:01:08,495 [IPC Server listener on 33987] INFO  ipc.Server (Server.java:run(1153)) - IPC Server listener on 33987: starting
2019-10-16 21:01:08,497 [main] INFO  server.StorageContainerManager (StorageContainerManager.java:start(782)) - ScmBlockLocationProtocol RPC server is listening at /0.0.0.0:40661
2019-10-16 21:01:08,498 [main] INFO  server.SCMBlockProtocolServer (SCMBlockProtocolServer.java:start(146)) - RPC server for Block Protocol is listening at /0.0.0.0:40661
2019-10-16 21:01:08,499 [IPC Server Responder] INFO  ipc.Server (Server.java:run(1314)) - IPC Server Responder: starting
2019-10-16 21:01:08,499 [IPC Server listener on 40661] INFO  ipc.Server (Server.java:run(1153)) - IPC Server listener on 40661: starting
2019-10-16 21:01:08,500 [main] INFO  server.StorageContainerManager (StorageContainerManager.java:start(786)) - ScmDatanodeProtocl RPC server is listening at /0.0.0.0:34353
2019-10-16 21:01:08,501 [main] INFO  server.SCMDatanodeProtocolServer (SCMDatanodeProtocolServer.java:start(169)) - RPC server for DataNodes is listening at /0.0.0.0:34353
2019-10-16 21:01:08,501 [IPC Server Responder] INFO  ipc.Server (Server.java:run(1314)) - IPC Server Responder: starting
2019-10-16 21:01:08,501 [IPC Server listener on 34353] INFO  ipc.Server (Server.java:run(1153)) - IPC Server listener on 34353: starting
2019-10-16 21:01:08,504 [main] INFO  http.HttpServer2 (HttpServer2.java:bindListener(1191)) - Jetty bound to port 36973
2019-10-16 21:01:08,506 [main] INFO  server.Server (Server.java:doStart(351)) - jetty-9.3.25.v20180904, build timestamp: 2018-09-04T21:11:46Z, git hash: 3ce520221d0240229c862b122d2b06c12a625732
2019-10-16 21:01:08,541 [main] INFO  handler.ContextHandler (ContextHandler.java:doStart(781)) - Started o.e.j.s.ServletContextHandler@42f8285e{/logs,file:///workdir/hadoop-ozone/integration-test/target/log,AVAILABLE}
2019-10-16 21:01:08,542 [main] INFO  handler.ContextHandler (ContextHandler.java:doStart(781)) - Started o.e.j.s.ServletContextHandler@3724af13{/static,file:///workdir/hadoop-ozone/integration-test/target/test-classes/webapps/static,AVAILABLE}
2019-10-16 21:01:08,573 [main] INFO  handler.ContextHandler (ContextHandler.java:doStart(781)) - Started o.e.j.w.WebAppContext@24a1c17f{/,file:///workdir/hadoop-ozone/integration-test/target/test-classes/webapps/scm/,AVAILABLE}{/scm}
2019-10-16 21:01:08,578 [main] INFO  server.AbstractConnector (AbstractConnector.java:doStart(278)) - Started ServerConnector@4d63b624{HTTP/1.1,[http/1.1]}{0.0.0.0:36973}
2019-10-16 21:01:08,579 [main] INFO  server.Server (Server.java:doStart(419)) - Started @2665ms
2019-10-16 21:01:08,581 [main] INFO  impl.MetricsSinkAdapter (MetricsSinkAdapter.java:start(204)) - Sink prometheus started
2019-10-16 21:01:08,581 [main] INFO  impl.MetricsSystemImpl (MetricsSystemImpl.java:registerSink(301)) - Registered sink prometheus
2019-10-16 21:01:08,582 [main] INFO  server.BaseHttpServer (BaseHttpServer.java:updateConnectorAddress(215)) - HTTP server of SCM is listening at http://0.0.0.0:36973
2019-10-16 21:01:08,586 [org.apache.hadoop.util.JvmPauseMonitor$Monitor@4b629f13] INFO  util.JvmPauseMonitor (JvmPauseMonitor.java:run(188)) - Starting JVM pause monitor
2019-10-16 21:01:08,589 [main] WARN  server.ServerUtils (ServerUtils.java:getDBPath(222)) - ozone.om.db.dirs is not configured. We recommend adding this setting. Falling back to ozone.metadata.dirs instead.
2019-10-16 21:01:08,685 [main] INFO  ha.OMHANodeDetails (OMHANodeDetails.java:loadOMHAConfig(190)) - Configuration either no ozone.om.address set. Falling back to the default OM address /127.0.0.1:0
2019-10-16 21:01:08,685 [main] INFO  ha.OMHANodeDetails (OMHANodeDetails.java:getOMNodeDetails(220)) - OM Service ID is not set. Setting it to the default ID: omServiceIdDefault
2019-10-16 21:01:08,687 [main] WARN  server.ServerUtils (ServerUtils.java:getDBPath(222)) - ozone.om.db.dirs is not configured. We recommend adding this setting. Falling back to ozone.metadata.dirs instead.
2019-10-16 21:01:08,688 [main] WARN  server.ServerUtils (ServerUtils.java:getDBPath(222)) - ozone.om.db.dirs is not configured. We recommend adding this setting. Falling back to ozone.metadata.dirs instead.
2019-10-16 21:01:09,246 [main] WARN  server.ServerUtils (ServerUtils.java:getDBPath(222)) - ozone.om.db.dirs is not configured. We recommend adding this setting. Falling back to ozone.metadata.dirs instead.
2019-10-16 21:01:09,253 [main] INFO  db.DBStoreBuilder (DBStoreBuilder.java:addTable(117)) - using custom profile for table: userTable
2019-10-16 21:01:09,253 [main] INFO  db.DBStoreBuilder (DBStoreBuilder.java:processTables(168)) - Using default column profile:DBProfile.DISK for Table:userTable
2019-10-16 21:01:09,253 [main] INFO  db.DBStoreBuilder (DBStoreBuilder.java:addTable(117)) - using custom profile for table: volumeTable
2019-10-16 21:01:09,253 [main] INFO  db.DBStoreBuilder (DBStoreBuilder.java:processTables(168)) - Using default column profile:DBProfile.DISK for Table:volumeTable
2019-10-16 21:01:09,254 [main] INFO  db.DBStoreBuilder (DBStoreBuilder.java:addTable(117)) - using custom profile for table: bucketTable
2019-10-16 21:01:09,254 [main] INFO  db.DBStoreBuilder (DBStoreBuilder.java:processTables(168)) - Using default column profile:DBProfile.DISK for Table:bucketTable
2019-10-16 21:01:09,254 [main] INFO  db.DBStoreBuilder (DBStoreBuilder.java:addTable(117)) - using custom profile for table: keyTable
2019-10-16 21:01:09,254 [main] INFO  db.DBStoreBuilder (DBStoreBuilder.java:processTables(168)) - Using default column profile:DBProfile.DISK for Table:keyTable
2019-10-16 21:01:09,254 [main] INFO  db.DBStoreBuilder (DBStoreBuilder.java:addTable(117)) - using custom profile for table: deletedTable
2019-10-16 21:01:09,255 [main] INFO  db.DBStoreBuilder (DBStoreBuilder.java:processTables(168)) - Using default column profile:DBProfile.DISK for Table:deletedTable
2019-10-16 21:01:09,255 [main] INFO  db.DBStoreBuilder (DBStoreBuilder.java:addTable(117)) - using custom profile for table: openKeyTable
2019-10-16 21:01:09,255 [main] INFO  db.DBStoreBuilder (DBStoreBuilder.java:processTables(168)) - Using default column profile:DBProfile.DISK for Table:openKeyTable
2019-10-16 21:01:09,255 [main] INFO  db.DBStoreBuilder (DBStoreBuilder.java:addTable(117)) - using custom profile for table: s3Table
2019-10-16 21:01:09,255 [main] INFO  db.DBStoreBuilder (DBStoreBuilder.java:processTables(168)) - Using default column profile:DBProfile.DISK for Table:s3Table
2019-10-16 21:01:09,256 [main] INFO  db.DBStoreBuilder (DBStoreBuilder.java:addTable(117)) - using custom profile for table: multipartInfoTable
2019-10-16 21:01:09,256 [main] INFO  db.DBStoreBuilder (DBStoreBuilder.java:processTables(168)) - Using default column profile:DBProfile.DISK for Table:multipartInfoTable
2019-10-16 21:01:09,256 [main] INFO  db.DBStoreBuilder (DBStoreBuilder.java:addTable(117)) - using custom profile for table: dTokenTable
2019-10-16 21:01:09,256 [main] INFO  db.DBStoreBuilder (DBStoreBuilder.java:processTables(168)) - Using default column profile:DBProfile.DISK for Table:dTokenTable
2019-10-16 21:01:09,257 [main] INFO  db.DBStoreBuilder (DBStoreBuilder.java:addTable(117)) - using custom profile for table: s3SecretTable
2019-10-16 21:01:09,257 [main] INFO  db.DBStoreBuilder (DBStoreBuilder.java:processTables(168)) - Using default column profile:DBProfile.DISK for Table:s3SecretTable
2019-10-16 21:01:09,257 [main] INFO  db.DBStoreBuilder (DBStoreBuilder.java:addTable(117)) - using custom profile for table: prefixTable
2019-10-16 21:01:09,257 [main] INFO  db.DBStoreBuilder (DBStoreBuilder.java:processTables(168)) - Using default column profile:DBProfile.DISK for Table:prefixTable
2019-10-16 21:01:09,258 [main] INFO  db.DBStoreBuilder (DBStoreBuilder.java:addTable(117)) - using custom profile for table: default
2019-10-16 21:01:09,258 [main] INFO  db.DBStoreBuilder (DBStoreBuilder.java:processTables(174)) - Using default column profile:DBProfile.DISK for Table:default
2019-10-16 21:01:09,258 [main] INFO  db.DBStoreBuilder (DBStoreBuilder.java:getDbProfile(205)) - Using default options. DBProfile.DISK
2019-10-16 21:01:09,821 [main] INFO  ipc.CallQueueManager (CallQueueManager.java:<init>(84)) - Using callQueue: class java.util.concurrent.LinkedBlockingQueue, queueCapacity: 2000, scheduler: class org.apache.hadoop.ipc.DefaultRpcScheduler, ipcBackoff: false.
2019-10-16 21:01:09,822 [Socket Reader #1 for port 35897] INFO  ipc.Server (Server.java:run(1074)) - Starting Socket Reader #1 for port 35897
2019-10-16 21:01:09,847 [main] INFO  om.OzoneManager (OzoneManager.java:start(1071)) - OzoneManager RPC server is listening at localhost/127.0.0.1:35897
2019-10-16 21:01:09,847 [main] INFO  impl.MetricsSystemImpl (MetricsSystemImpl.java:init(158)) - OzoneManager metrics system started (again)
2019-10-16 21:01:09,856 [IPC Server Responder] INFO  ipc.Server (Server.java:run(1314)) - IPC Server Responder: starting
2019-10-16 21:01:09,856 [IPC Server listener on 35897] INFO  ipc.Server (Server.java:run(1153)) - IPC Server listener on 35897: starting
2019-10-16 21:01:09,863 [main] INFO  hdfs.DFSUtil (DFSUtil.java:httpServerTemplateForNNAndJN(1641)) - Starting Web-server for ozoneManager at: http://0.0.0.0:0
2019-10-16 21:01:09,865 [main] INFO  server.AuthenticationFilter (AuthenticationFilter.java:constructSecretProvider(240)) - Unable to initialize FileSignerSecretProvider, falling back to use random secrets.
2019-10-16 21:01:09,865 [main] WARN  http.HttpRequestLog (HttpRequestLog.java:getRequestLog(97)) - Jetty request log can only be enabled using Log4j
2019-10-16 21:01:09,868 [main] INFO  http.HttpServer2 (HttpServer2.java:addGlobalFilter(975)) - Added global filter 'safety' (class=org.apache.hadoop.http.HttpServer2$QuotingInputFilter)
2019-10-16 21:01:09,869 [main] INFO  http.HttpServer2 (HttpServer2.java:addFilter(948)) - Added filter static_user_filter (class=org.apache.hadoop.http.lib.StaticUserWebFilter$StaticUserFilter) to context ozoneManager
2019-10-16 21:01:09,870 [main] INFO  http.HttpServer2 (HttpServer2.java:addFilter(958)) - Added filter static_user_filter (class=org.apache.hadoop.http.lib.StaticUserWebFilter$StaticUserFilter) to context static
2019-10-16 21:01:09,870 [main] INFO  http.HttpServer2 (HttpServer2.java:addFilter(958)) - Added filter static_user_filter (class=org.apache.hadoop.http.lib.StaticUserWebFilter$StaticUserFilter) to context logs
2019-10-16 21:01:09,872 [main] INFO  http.HttpServer2 (HttpServer2.java:bindListener(1191)) - Jetty bound to port 39393
2019-10-16 21:01:09,873 [main] INFO  server.Server (Server.java:doStart(351)) - jetty-9.3.25.v20180904, build timestamp: 2018-09-04T21:11:46Z, git hash: 3ce520221d0240229c862b122d2b06c12a625732
2019-10-16 21:01:09,875 [main] INFO  handler.ContextHandler (ContextHandler.java:doStart(781)) - Started o.e.j.s.ServletContextHandler@aa10649{/logs,file:///workdir/hadoop-ozone/integration-test/target/log,AVAILABLE}
2019-10-16 21:01:09,875 [main] INFO  handler.ContextHandler (ContextHandler.java:doStart(781)) - Started o.e.j.s.ServletContextHandler@37095ded{/static,file:///workdir/hadoop-ozone/integration-test/target/test-classes/webapps/static,AVAILABLE}
2019-10-16 21:01:09,881 [main] INFO  handler.ContextHandler (ContextHandler.java:doStart(781)) - Started o.e.j.w.WebAppContext@75b3673{/,file:///workdir/hadoop-ozone/integration-test/target/test-classes/webapps/ozoneManager/,AVAILABLE}{/ozoneManager}
2019-10-16 21:01:09,882 [main] INFO  server.AbstractConnector (AbstractConnector.java:doStart(278)) - Started ServerConnector@1bcb79c2{HTTP/1.1,[http/1.1]}{0.0.0.0:39393}
2019-10-16 21:01:09,882 [main] INFO  server.Server (Server.java:doStart(419)) - Started @3968ms
2019-10-16 21:01:09,882 [main] WARN  impl.MetricsSystemImpl (MetricsSystemImpl.java:register(276)) - Sink prometheus already exists!
2019-10-16 21:01:09,884 [main] INFO  server.BaseHttpServer (BaseHttpServer.java:updateConnectorAddress(215)) - HTTP server of OZONEMANAGER is listening at http://0.0.0.0:39393
2019-10-16 21:01:10,093 [main] INFO  impl.MetricsSystemImpl (MetricsSystemImpl.java:init(158)) - HddsDatanode metrics system started (again)
2019-10-16 21:01:10,140 [main] INFO  ozone.HddsDatanodeService (HddsDatanodeService.java:start(184)) - HddsDatanodeService host:pr-hdds-1868-89kc4-1304904179 ip:192.168.34.38
2019-10-16 21:01:10,168 [main] INFO  volume.HddsVolume (HddsVolume.java:<init>(176)) - Creating Volume: /workdir/hadoop-ozone/integration-test/target/test-dir/MiniOzoneClusterImpl-c59fee7e-17c5-4f17-b61a-b44f1b433ee8/datanode-0/data/containers/hdds of  storage type : DISK and capacity : 1482555576320
2019-10-16 21:01:10,170 [main] INFO  volume.VolumeSet (VolumeSet.java:initializeVolumeSet(170)) - Added Volume : /workdir/hadoop-ozone/integration-test/target/test-dir/MiniOzoneClusterImpl-c59fee7e-17c5-4f17-b61a-b44f1b433ee8/datanode-0/data/containers/hdds to VolumeSet
2019-10-16 21:01:10,172 [main] INFO  volume.ThrottledAsyncChecker (ThrottledAsyncChecker.java:schedule(141)) - Scheduling a check for /workdir/hadoop-ozone/integration-test/target/test-dir/MiniOzoneClusterImpl-c59fee7e-17c5-4f17-b61a-b44f1b433ee8/datanode-0/data/containers/hdds
2019-10-16 21:01:10,187 [main] INFO  volume.HddsVolumeChecker (HddsVolumeChecker.java:checkAllVolumes(204)) - Scheduled health check for volume /workdir/hadoop-ozone/integration-test/target/test-dir/MiniOzoneClusterImpl-c59fee7e-17c5-4f17-b61a-b44f1b433ee8/datanode-0/data/containers/hdds
2019-10-16 21:01:10,326 [main] INFO  impl.RaftServerProxy (ConfUtils.java:logGet(43)) - raft.rpc.type = GRPC (default)
2019-10-16 21:01:10,395 [main] INFO  grpc.GrpcFactory (GrpcFactory.java:checkPooledByteBufAllocatorUseCacheForAllThreads(45)) - PERFORMANCE WARNING: useCacheForAllThreads is true that may cause Netty to create a lot garbage objects and, as a result, trigger GC.
	It is recommended to disable useCacheForAllThreads by setting -Dorg.apache.ratis.thirdparty.io.netty.allocator.useCacheForAllThreads=false in command line.
2019-10-16 21:01:10,401 [main] INFO  grpc.GrpcConfigKeys$Server (ConfUtils.java:logGet(43)) - raft.grpc.server.port = 0 (default)
2019-10-16 21:01:10,402 [main] INFO  server.GrpcService (ConfUtils.java:logGet(43)) - raft.grpc.message.size.max = 33570816 (custom)
2019-10-16 21:01:10,403 [main] INFO  server.RaftServerConfigKeys (ConfUtils.java:logGet(43)) - raft.server.log.appender.buffer.byte-limit = 33554432 (custom)
2019-10-16 21:01:10,404 [main] INFO  server.GrpcService (ConfUtils.java:logGet(43)) - raft.grpc.flow.control.window = 1MB (=1048576) (default)
2019-10-16 21:01:10,405 [main] INFO  server.RaftServerConfigKeys (ConfUtils.java:logGet(43)) - raft.server.rpc.request.timeout = 3000ms (default)
2019-10-16 21:01:10,553 [main] INFO  server.RaftServerConfigKeys (ConfUtils.java:logGet(43)) - raft.server.storage.dir = [/workdir/hadoop-ozone/integration-test/target/test-dir/MiniOzoneClusterImpl-c59fee7e-17c5-4f17-b61a-b44f1b433ee8/datanode-0/data/ratis] (custom)
2019-10-16 21:01:10,599 [main] INFO  hdfs.DFSUtil (DFSUtil.java:httpServerTemplateForNNAndJN(1641)) - Starting Web-server for hddsDatanode at: http://0.0.0.0:0
2019-10-16 21:01:10,600 [main] INFO  server.AuthenticationFilter (AuthenticationFilter.java:constructSecretProvider(240)) - Unable to initialize FileSignerSecretProvider, falling back to use random secrets.
2019-10-16 21:01:10,601 [main] WARN  http.HttpRequestLog (HttpRequestLog.java:getRequestLog(97)) - Jetty request log can only be enabled using Log4j
2019-10-16 21:01:10,603 [main] INFO  http.HttpServer2 (HttpServer2.java:addGlobalFilter(975)) - Added global filter 'safety' (class=org.apache.hadoop.http.HttpServer2$QuotingInputFilter)
2019-10-16 21:01:10,604 [main] INFO  http.HttpServer2 (HttpServer2.java:addFilter(948)) - Added filter static_user_filter (class=org.apache.hadoop.http.lib.StaticUserWebFilter$StaticUserFilter) to context hddsDatanode
2019-10-16 21:01:10,604 [main] INFO  http.HttpServer2 (HttpServer2.java:addFilter(958)) - Added filter static_user_filter (class=org.apache.hadoop.http.lib.StaticUserWebFilter$StaticUserFilter) to context logs
2019-10-16 21:01:10,604 [main] INFO  http.HttpServer2 (HttpServer2.java:addFilter(958)) - Added filter static_user_filter (class=org.apache.hadoop.http.lib.StaticUserWebFilter$StaticUserFilter) to context static
2019-10-16 21:01:10,605 [main] INFO  http.HttpServer2 (HttpServer2.java:bindListener(1191)) - Jetty bound to port 46617
2019-10-16 21:01:10,605 [main] INFO  server.Server (Server.java:doStart(351)) - jetty-9.3.25.v20180904, build timestamp: 2018-09-04T21:11:46Z, git hash: 3ce520221d0240229c862b122d2b06c12a625732
2019-10-16 21:01:10,608 [main] INFO  handler.ContextHandler (ContextHandler.java:doStart(781)) - Started o.e.j.s.ServletContextHandler@60cf62ad{/logs,file:///workdir/hadoop-ozone/integration-test/target/log,AVAILABLE}
2019-10-16 21:01:10,608 [main] INFO  handler.ContextHandler (ContextHandler.java:doStart(781)) - Started o.e.j.s.ServletContextHandler@1ac4ccad{/static,jar:file:/home/user/.m2/repository/org/apache/hadoop/hadoop-hdds-container-service/0.5.0-SNAPSHOT/hadoop-hdds-container-service-0.5.0-SNAPSHOT.jar!/webapps/static,AVAILABLE}
2019-10-16 21:01:10,639 [main] INFO  handler.ContextHandler (ContextHandler.java:doStart(781)) - Started o.e.j.w.WebAppContext@de8039f{/,file:///tmp/jetty-0.0.0.0-46617-hddsDatanode-_-any-3067577772325456753.dir/webapp/,AVAILABLE}{/hddsDatanode}
2019-10-16 21:01:10,640 [main] INFO  server.AbstractConnector (AbstractConnector.java:doStart(278)) - Started ServerConnector@1deceb67{HTTP/1.1,[http/1.1]}{0.0.0.0:46617}
2019-10-16 21:01:10,641 [main] INFO  server.Server (Server.java:doStart(419)) - Started @4726ms
2019-10-16 21:01:10,641 [main] WARN  impl.MetricsSystemImpl (MetricsSystemImpl.java:register(276)) - Sink prometheus already exists!
2019-10-16 21:01:10,642 [main] INFO  server.BaseHttpServer (BaseHttpServer.java:updateConnectorAddress(215)) - HTTP server of HDDSDATANODE is listening at http://0.0.0.0:46617
2019-10-16 21:01:10,643 [main] INFO  impl.MetricsSystemImpl (MetricsSystemImpl.java:init(158)) - HddsDatanode metrics system started (again)
2019-10-16 21:01:10,646 [main] INFO  ozone.HddsDatanodeService (HddsDatanodeService.java:start(184)) - HddsDatanodeService host:pr-hdds-1868-89kc4-1304904179 ip:192.168.34.38
2019-10-16 21:01:10,648 [org.apache.hadoop.util.JvmPauseMonitor$Monitor@251ba11] INFO  util.JvmPauseMonitor (JvmPauseMonitor.java:run(188)) - Starting JVM pause monitor
2019-10-16 21:01:10,654 [main] INFO  volume.HddsVolume (HddsVolume.java:<init>(176)) - Creating Volume: /workdir/hadoop-ozone/integration-test/target/test-dir/MiniOzoneClusterImpl-c59fee7e-17c5-4f17-b61a-b44f1b433ee8/datanode-1/data/containers/hdds of  storage type : DISK and capacity : 1482555576320
2019-10-16 21:01:10,655 [main] INFO  volume.VolumeSet (VolumeSet.java:initializeVolumeSet(170)) - Added Volume : /workdir/hadoop-ozone/integration-test/target/test-dir/MiniOzoneClusterImpl-c59fee7e-17c5-4f17-b61a-b44f1b433ee8/datanode-1/data/containers/hdds to VolumeSet
2019-10-16 21:01:10,655 [main] INFO  volume.ThrottledAsyncChecker (ThrottledAsyncChecker.java:schedule(141)) - Scheduling a check for /workdir/hadoop-ozone/integration-test/target/test-dir/MiniOzoneClusterImpl-c59fee7e-17c5-4f17-b61a-b44f1b433ee8/datanode-1/data/containers/hdds
2019-10-16 21:01:10,656 [main] INFO  volume.HddsVolumeChecker (HddsVolumeChecker.java:checkAllVolumes(204)) - Scheduled health check for volume /workdir/hadoop-ozone/integration-test/target/test-dir/MiniOzoneClusterImpl-c59fee7e-17c5-4f17-b61a-b44f1b433ee8/datanode-1/data/containers/hdds
2019-10-16 21:01:10,676 [main] INFO  impl.RaftServerProxy (ConfUtils.java:logGet(43)) - raft.rpc.type = GRPC (default)
2019-10-16 21:01:10,676 [main] INFO  grpc.GrpcFactory (GrpcFactory.java:checkPooledByteBufAllocatorUseCacheForAllThreads(45)) - PERFORMANCE WARNING: useCacheForAllThreads is true that may cause Netty to create a lot garbage objects and, as a result, trigger GC.
	It is recommended to disable useCacheForAllThreads by setting -Dorg.apache.ratis.thirdparty.io.netty.allocator.useCacheForAllThreads=false in command line.
2019-10-16 21:01:10,676 [main] INFO  grpc.GrpcConfigKeys$Server (ConfUtils.java:logGet(43)) - raft.grpc.server.port = 0 (default)
2019-10-16 21:01:10,677 [main] INFO  server.GrpcService (ConfUtils.java:logGet(43)) - raft.grpc.message.size.max = 33570816 (custom)
2019-10-16 21:01:10,677 [main] INFO  server.RaftServerConfigKeys (ConfUtils.java:logGet(43)) - raft.server.log.appender.buffer.byte-limit = 33554432 (custom)
2019-10-16 21:01:10,677 [main] INFO  server.GrpcService (ConfUtils.java:logGet(43)) - raft.grpc.flow.control.window = 1MB (=1048576) (default)
2019-10-16 21:01:10,678 [main] INFO  server.RaftServerConfigKeys (ConfUtils.java:logGet(43)) - raft.server.rpc.request.timeout = 3000ms (default)
2019-10-16 21:01:10,679 [main] INFO  server.RaftServerConfigKeys (ConfUtils.java:logGet(43)) - raft.server.storage.dir = [/workdir/hadoop-ozone/integration-test/target/test-dir/MiniOzoneClusterImpl-c59fee7e-17c5-4f17-b61a-b44f1b433ee8/datanode-1/data/ratis] (custom)
2019-10-16 21:01:10,681 [main] INFO  hdfs.DFSUtil (DFSUtil.java:httpServerTemplateForNNAndJN(1641)) - Starting Web-server for hddsDatanode at: http://0.0.0.0:0
2019-10-16 21:01:10,683 [main] INFO  server.AuthenticationFilter (AuthenticationFilter.java:constructSecretProvider(240)) - Unable to initialize FileSignerSecretProvider, falling back to use random secrets.
2019-10-16 21:01:10,683 [main] WARN  http.HttpRequestLog (HttpRequestLog.java:getRequestLog(97)) - Jetty request log can only be enabled using Log4j
2019-10-16 21:01:10,686 [main] INFO  http.HttpServer2 (HttpServer2.java:addGlobalFilter(975)) - Added global filter 'safety' (class=org.apache.hadoop.http.HttpServer2$QuotingInputFilter)
2019-10-16 21:01:10,687 [main] INFO  http.HttpServer2 (HttpServer2.java:addFilter(948)) - Added filter static_user_filter (class=org.apache.hadoop.http.lib.StaticUserWebFilter$StaticUserFilter) to context hddsDatanode
2019-10-16 21:01:10,687 [main] INFO  http.HttpServer2 (HttpServer2.java:addFilter(958)) - Added filter static_user_filter (class=org.apache.hadoop.http.lib.StaticUserWebFilter$StaticUserFilter) to context logs
2019-10-16 21:01:10,687 [main] INFO  http.HttpServer2 (HttpServer2.java:addFilter(958)) - Added filter static_user_filter (class=org.apache.hadoop.http.lib.StaticUserWebFilter$StaticUserFilter) to context static
2019-10-16 21:01:10,689 [main] INFO  http.HttpServer2 (HttpServer2.java:bindListener(1191)) - Jetty bound to port 43535
2019-10-16 21:01:10,689 [main] INFO  server.Server (Server.java:doStart(351)) - jetty-9.3.25.v20180904, build timestamp: 2018-09-04T21:11:46Z, git hash: 3ce520221d0240229c862b122d2b06c12a625732
2019-10-16 21:01:10,691 [main] INFO  handler.ContextHandler (ContextHandler.java:doStart(781)) - Started o.e.j.s.ServletContextHandler@5e65afb6{/logs,file:///workdir/hadoop-ozone/integration-test/target/log,AVAILABLE}
2019-10-16 21:01:10,692 [main] INFO  handler.ContextHandler (ContextHandler.java:doStart(781)) - Started o.e.j.s.ServletContextHandler@8851ce1{/static,jar:file:/home/user/.m2/repository/org/apache/hadoop/hadoop-hdds-container-service/0.5.0-SNAPSHOT/hadoop-hdds-container-service-0.5.0-SNAPSHOT.jar!/webapps/static,AVAILABLE}
2019-10-16 21:01:10,731 [main] INFO  handler.ContextHandler (ContextHandler.java:doStart(781)) - Started o.e.j.w.WebAppContext@7a0ef219{/,file:///tmp/jetty-0.0.0.0-43535-hddsDatanode-_-any-2755566308353114835.dir/webapp/,AVAILABLE}{/hddsDatanode}
2019-10-16 21:01:10,732 [main] INFO  server.AbstractConnector (AbstractConnector.java:doStart(278)) - Started ServerConnector@1b1f5012{HTTP/1.1,[http/1.1]}{0.0.0.0:43535}
2019-10-16 21:01:10,733 [main] INFO  server.Server (Server.java:doStart(419)) - Started @4818ms
2019-10-16 21:01:10,733 [main] WARN  impl.MetricsSystemImpl (MetricsSystemImpl.java:register(276)) - Sink prometheus already exists!
2019-10-16 21:01:10,734 [main] INFO  server.BaseHttpServer (BaseHttpServer.java:updateConnectorAddress(215)) - HTTP server of HDDSDATANODE is listening at http://0.0.0.0:43535
2019-10-16 21:01:10,735 [main] INFO  impl.MetricsSystemImpl (MetricsSystemImpl.java:init(158)) - HddsDatanode metrics system started (again)
2019-10-16 21:01:10,737 [org.apache.hadoop.util.JvmPauseMonitor$Monitor@7ff7f947] INFO  util.JvmPauseMonitor (JvmPauseMonitor.java:run(188)) - Starting JVM pause monitor
2019-10-16 21:01:10,738 [main] INFO  ozone.HddsDatanodeService (HddsDatanodeService.java:start(184)) - HddsDatanodeService host:pr-hdds-1868-89kc4-1304904179 ip:192.168.34.38
2019-10-16 21:01:10,746 [Datanode State Machine Thread - 0] INFO  datanode.InitDatanodeState (InitDatanodeState.java:persistContainerDatanodeDetails(140)) - DatanodeDetails is persisted to /workdir/hadoop-ozone/integration-test/target/test-dir/MiniOzoneClusterImpl-c59fee7e-17c5-4f17-b61a-b44f1b433ee8/datanode-0/meta/datanode.id
2019-10-16 21:01:10,746 [main] INFO  volume.HddsVolume (HddsVolume.java:<init>(176)) - Creating Volume: /workdir/hadoop-ozone/integration-test/target/test-dir/MiniOzoneClusterImpl-c59fee7e-17c5-4f17-b61a-b44f1b433ee8/datanode-2/data/containers/hdds of  storage type : DISK and capacity : 1482555576320
2019-10-16 21:01:10,748 [main] INFO  volume.VolumeSet (VolumeSet.java:initializeVolumeSet(170)) - Added Volume : /workdir/hadoop-ozone/integration-test/target/test-dir/MiniOzoneClusterImpl-c59fee7e-17c5-4f17-b61a-b44f1b433ee8/datanode-2/data/containers/hdds to VolumeSet
2019-10-16 21:01:10,748 [main] INFO  volume.ThrottledAsyncChecker (ThrottledAsyncChecker.java:schedule(141)) - Scheduling a check for /workdir/hadoop-ozone/integration-test/target/test-dir/MiniOzoneClusterImpl-c59fee7e-17c5-4f17-b61a-b44f1b433ee8/datanode-2/data/containers/hdds
2019-10-16 21:01:10,748 [main] INFO  volume.HddsVolumeChecker (HddsVolumeChecker.java:checkAllVolumes(204)) - Scheduled health check for volume /workdir/hadoop-ozone/integration-test/target/test-dir/MiniOzoneClusterImpl-c59fee7e-17c5-4f17-b61a-b44f1b433ee8/datanode-2/data/containers/hdds
2019-10-16 21:01:10,749 [Datanode State Machine Thread - 0] INFO  datanode.InitDatanodeState (InitDatanodeState.java:persistContainerDatanodeDetails(140)) - DatanodeDetails is persisted to /workdir/hadoop-ozone/integration-test/target/test-dir/MiniOzoneClusterImpl-c59fee7e-17c5-4f17-b61a-b44f1b433ee8/datanode-1/meta/datanode.id
2019-10-16 21:01:10,761 [main] INFO  impl.RaftServerProxy (ConfUtils.java:logGet(43)) - raft.rpc.type = GRPC (default)
2019-10-16 21:01:10,762 [main] INFO  grpc.GrpcFactory (GrpcFactory.java:checkPooledByteBufAllocatorUseCacheForAllThreads(45)) - PERFORMANCE WARNING: useCacheForAllThreads is true that may cause Netty to create a lot garbage objects and, as a result, trigger GC.
	It is recommended to disable useCacheForAllThreads by setting -Dorg.apache.ratis.thirdparty.io.netty.allocator.useCacheForAllThreads=false in command line.
2019-10-16 21:01:10,762 [main] INFO  grpc.GrpcConfigKeys$Server (ConfUtils.java:logGet(43)) - raft.grpc.server.port = 0 (default)
2019-10-16 21:01:10,762 [main] INFO  server.GrpcService (ConfUtils.java:logGet(43)) - raft.grpc.message.size.max = 33570816 (custom)
2019-10-16 21:01:10,762 [main] INFO  server.RaftServerConfigKeys (ConfUtils.java:logGet(43)) - raft.server.log.appender.buffer.byte-limit = 33554432 (custom)
2019-10-16 21:01:10,762 [main] INFO  server.GrpcService (ConfUtils.java:logGet(43)) - raft.grpc.flow.control.window = 1MB (=1048576) (default)
2019-10-16 21:01:10,762 [main] INFO  server.RaftServerConfigKeys (ConfUtils.java:logGet(43)) - raft.server.rpc.request.timeout = 3000ms (default)
2019-10-16 21:01:10,763 [main] INFO  server.RaftServerConfigKeys (ConfUtils.java:logGet(43)) - raft.server.storage.dir = [/workdir/hadoop-ozone/integration-test/target/test-dir/MiniOzoneClusterImpl-c59fee7e-17c5-4f17-b61a-b44f1b433ee8/datanode-2/data/ratis] (custom)
2019-10-16 21:01:10,765 [main] INFO  hdfs.DFSUtil (DFSUtil.java:httpServerTemplateForNNAndJN(1641)) - Starting Web-server for hddsDatanode at: http://0.0.0.0:0
2019-10-16 21:01:10,766 [main] INFO  server.AuthenticationFilter (AuthenticationFilter.java:constructSecretProvider(240)) - Unable to initialize FileSignerSecretProvider, falling back to use random secrets.
2019-10-16 21:01:10,767 [main] WARN  http.HttpRequestLog (HttpRequestLog.java:getRequestLog(97)) - Jetty request log can only be enabled using Log4j
2019-10-16 21:01:10,769 [main] INFO  http.HttpServer2 (HttpServer2.java:addGlobalFilter(975)) - Added global filter 'safety' (class=org.apache.hadoop.http.HttpServer2$QuotingInputFilter)
2019-10-16 21:01:10,770 [main] INFO  http.HttpServer2 (HttpServer2.java:addFilter(948)) - Added filter static_user_filter (class=org.apache.hadoop.http.lib.StaticUserWebFilter$StaticUserFilter) to context hddsDatanode
2019-10-16 21:01:10,770 [main] INFO  http.HttpServer2 (HttpServer2.java:addFilter(958)) - Added filter static_user_filter (class=org.apache.hadoop.http.lib.StaticUserWebFilter$StaticUserFilter) to context logs
2019-10-16 21:01:10,770 [main] INFO  http.HttpServer2 (HttpServer2.java:addFilter(958)) - Added filter static_user_filter (class=org.apache.hadoop.http.lib.StaticUserWebFilter$StaticUserFilter) to context static
2019-10-16 21:01:10,771 [main] INFO  http.HttpServer2 (HttpServer2.java:bindListener(1191)) - Jetty bound to port 43154
2019-10-16 21:01:10,771 [main] INFO  server.Server (Server.java:doStart(351)) - jetty-9.3.25.v20180904, build timestamp: 2018-09-04T21:11:46Z, git hash: 3ce520221d0240229c862b122d2b06c12a625732
2019-10-16 21:01:10,775 [main] INFO  handler.ContextHandler (ContextHandler.java:doStart(781)) - Started o.e.j.s.ServletContextHandler@5fa23c{/logs,file:///workdir/hadoop-ozone/integration-test/target/log,AVAILABLE}
2019-10-16 21:01:10,775 [main] INFO  handler.ContextHandler (ContextHandler.java:doStart(781)) - Started o.e.j.s.ServletContextHandler@433348bc{/static,jar:file:/home/user/.m2/repository/org/apache/hadoop/hadoop-hdds-container-service/0.5.0-SNAPSHOT/hadoop-hdds-container-service-0.5.0-SNAPSHOT.jar!/webapps/static,AVAILABLE}
2019-10-16 21:01:10,803 [main] INFO  handler.ContextHandler (ContextHandler.java:doStart(781)) - Started o.e.j.w.WebAppContext@43e9089{/,file:///tmp/jetty-0.0.0.0-43154-hddsDatanode-_-any-5509464974527673597.dir/webapp/,AVAILABLE}{/hddsDatanode}
2019-10-16 21:01:10,804 [main] INFO  server.AbstractConnector (AbstractConnector.java:doStart(278)) - Started ServerConnector@3c5dbdf8{HTTP/1.1,[http/1.1]}{0.0.0.0:43154}
2019-10-16 21:01:10,805 [main] INFO  server.Server (Server.java:doStart(419)) - Started @4890ms
2019-10-16 21:01:10,806 [main] WARN  impl.MetricsSystemImpl (MetricsSystemImpl.java:register(276)) - Sink prometheus already exists!
2019-10-16 21:01:10,807 [main] INFO  server.BaseHttpServer (BaseHttpServer.java:updateConnectorAddress(215)) - HTTP server of HDDSDATANODE is listening at http://0.0.0.0:43154
2019-10-16 21:01:10,808 [main] INFO  ozone.MiniOzoneClusterImpl (MiniOzoneClusterImpl.java:lambda$waitForClusterToBeReady$2(172)) - Waiting for cluster to be ready. Got 0 of 3 DN Heartbeats.
2019-10-16 21:01:10,809 [org.apache.hadoop.util.JvmPauseMonitor$Monitor@6fa05773] INFO  util.JvmPauseMonitor (JvmPauseMonitor.java:run(188)) - Starting JVM pause monitor
2019-10-16 21:01:10,811 [Datanode State Machine Thread - 0] INFO  datanode.InitDatanodeState (InitDatanodeState.java:persistContainerDatanodeDetails(140)) - DatanodeDetails is persisted to /workdir/hadoop-ozone/integration-test/target/test-dir/MiniOzoneClusterImpl-c59fee7e-17c5-4f17-b61a-b44f1b433ee8/datanode-2/meta/datanode.id
2019-10-16 21:01:11,808 [main] INFO  ozone.MiniOzoneClusterImpl (MiniOzoneClusterImpl.java:lambda$waitForClusterToBeReady$2(172)) - Waiting for cluster to be ready. Got 0 of 3 DN Heartbeats.
2019-10-16 21:01:12,712 [Datanode State Machine Thread - 0] INFO  ozoneimpl.OzoneContainer (OzoneContainer.java:start(213)) - Attempting to start container services.
2019-10-16 21:01:12,714 [Datanode State Machine Thread - 0] INFO  ozoneimpl.OzoneContainer (OzoneContainer.java:startContainerScrub(177)) - Background container scanner has been disabled.
2019-10-16 21:01:12,714 [Datanode State Machine Thread - 0] INFO  ratis.XceiverServerRatis (XceiverServerRatis.java:start(425)) - Starting XceiverServerRatis 0aa3649f-570d-46c6-937f-492d7f3a8364 at port 0
2019-10-16 21:01:12,732 [Datanode State Machine Thread - 0] INFO  impl.RaftServerProxy (RaftServerProxy.java:lambda$start$3(299)) - 0aa3649f-570d-46c6-937f-492d7f3a8364: start RPC server
2019-10-16 21:01:12,754 [Datanode State Machine Thread - 0] INFO  ozoneimpl.OzoneContainer (OzoneContainer.java:start(213)) - Attempting to start container services.
2019-10-16 21:01:12,759 [Datanode State Machine Thread - 0] INFO  ozoneimpl.OzoneContainer (OzoneContainer.java:startContainerScrub(177)) - Background container scanner has been disabled.
2019-10-16 21:01:12,759 [Datanode State Machine Thread - 0] INFO  ratis.XceiverServerRatis (XceiverServerRatis.java:start(425)) - Starting XceiverServerRatis 4a03179f-3169-4ac7-a075-259968512ef0 at port 0
2019-10-16 21:01:12,767 [Datanode State Machine Thread - 0] INFO  impl.RaftServerProxy (RaftServerProxy.java:lambda$start$3(299)) - 4a03179f-3169-4ac7-a075-259968512ef0: start RPC server
2019-10-16 21:01:12,809 [main] INFO  ozone.MiniOzoneClusterImpl (MiniOzoneClusterImpl.java:lambda$waitForClusterToBeReady$2(172)) - Waiting for cluster to be ready. Got 0 of 3 DN Heartbeats.
2019-10-16 21:01:12,820 [Datanode State Machine Thread - 0] INFO  ozoneimpl.OzoneContainer (OzoneContainer.java:start(213)) - Attempting to start container services.
2019-10-16 21:01:12,822 [Datanode State Machine Thread - 0] INFO  ozoneimpl.OzoneContainer (OzoneContainer.java:startContainerScrub(177)) - Background container scanner has been disabled.
2019-10-16 21:01:12,822 [Datanode State Machine Thread - 0] INFO  ratis.XceiverServerRatis (XceiverServerRatis.java:start(425)) - Starting XceiverServerRatis 4b287a15-77af-487b-aef7-34d1d0ee189f at port 0
2019-10-16 21:01:12,828 [Datanode State Machine Thread - 0] INFO  impl.RaftServerProxy (RaftServerProxy.java:lambda$start$3(299)) - 4b287a15-77af-487b-aef7-34d1d0ee189f: start RPC server
2019-10-16 21:01:12,862 [Datanode State Machine Thread - 0] INFO  server.GrpcService (GrpcService.java:startImpl(158)) - 4b287a15-77af-487b-aef7-34d1d0ee189f: GrpcService started, listening on 0.0.0.0/0.0.0.0:38597
2019-10-16 21:01:12,862 [Datanode State Machine Thread - 0] INFO  server.GrpcService (GrpcService.java:startImpl(158)) - 4a03179f-3169-4ac7-a075-259968512ef0: GrpcService started, listening on 0.0.0.0/0.0.0.0:45833
2019-10-16 21:01:12,862 [Datanode State Machine Thread - 0] INFO  server.GrpcService (GrpcService.java:startImpl(158)) - 0aa3649f-570d-46c6-937f-492d7f3a8364: GrpcService started, listening on 0.0.0.0/0.0.0.0:33209
2019-10-16 21:01:12,863 [Datanode State Machine Thread - 0] INFO  ratis.XceiverServerRatis (XceiverServerRatis.java:start(435)) - XceiverServerRatis 4a03179f-3169-4ac7-a075-259968512ef0 is started using port 45833
2019-10-16 21:01:12,863 [Datanode State Machine Thread - 0] INFO  ratis.XceiverServerRatis (XceiverServerRatis.java:start(435)) - XceiverServerRatis 4b287a15-77af-487b-aef7-34d1d0ee189f is started using port 38597
2019-10-16 21:01:12,863 [Datanode State Machine Thread - 0] INFO  ratis.XceiverServerRatis (XceiverServerRatis.java:start(435)) - XceiverServerRatis 0aa3649f-570d-46c6-937f-492d7f3a8364 is started using port 33209
2019-10-16 21:01:12,867 [Datanode State Machine Thread - 0] INFO  server.XceiverServerGrpc (XceiverServerGrpc.java:start(149)) - XceiverServerGrpc 0aa3649f-570d-46c6-937f-492d7f3a8364 is started using port 36974
2019-10-16 21:01:12,868 [Datanode State Machine Thread - 0] INFO  server.XceiverServerGrpc (XceiverServerGrpc.java:start(149)) - XceiverServerGrpc 4b287a15-77af-487b-aef7-34d1d0ee189f is started using port 33918
2019-10-16 21:01:12,867 [Datanode State Machine Thread - 0] INFO  server.XceiverServerGrpc (XceiverServerGrpc.java:start(149)) - XceiverServerGrpc 4a03179f-3169-4ac7-a075-259968512ef0 is started using port 46108
2019-10-16 21:01:13,810 [main] INFO  ozone.MiniOzoneClusterImpl (MiniOzoneClusterImpl.java:lambda$waitForClusterToBeReady$2(172)) - Waiting for cluster to be ready. Got 0 of 3 DN Heartbeats.
2019-10-16 21:01:14,683 [IPC Server handler 1 on 34353] INFO  net.NetworkTopology (NetworkTopologyImpl.java:add(111)) - Added a new node: /default-rack/0aa3649f-570d-46c6-937f-492d7f3a8364
2019-10-16 21:01:14,685 [IPC Server handler 1 on 34353] INFO  node.SCMNodeManager (SCMNodeManager.java:register(268)) - Registered Data node : 0aa3649f-570d-46c6-937f-492d7f3a8364{ip: 192.168.34.38, host: pr-hdds-1868-89kc4-1304904179, networkLocation: /default-rack, certSerialId: null}
2019-10-16 21:01:14,687 [EventQueue-NodeRegistrationContainerReportForDataNodeSafeModeRule] INFO  safemode.SCMSafeModeManager (DataNodeSafeModeRule.java:process(71)) - SCM in safe mode. 1 DataNodes registered, 1 required.
2019-10-16 21:01:14,687 [EventQueue-NodeRegistrationContainerReportForDataNodeSafeModeRule] INFO  safemode.SCMSafeModeManager (SCMSafeModeManager.java:validateSafeModeExitRules(177)) - ScmSafeModeManager, all rules are successfully validated
2019-10-16 21:01:14,687 [EventQueue-NodeRegistrationContainerReportForDataNodeSafeModeRule] INFO  safemode.SCMSafeModeManager (SCMSafeModeManager.java:exitSafeMode(193)) - SCM exiting safe mode.
2019-10-16 21:01:14,739 [IPC Server handler 0 on 34353] INFO  net.NetworkTopology (NetworkTopologyImpl.java:add(111)) - Added a new node: /default-rack/4a03179f-3169-4ac7-a075-259968512ef0
2019-10-16 21:01:14,739 [IPC Server handler 0 on 34353] INFO  node.SCMNodeManager (SCMNodeManager.java:register(268)) - Registered Data node : 4a03179f-3169-4ac7-a075-259968512ef0{ip: 192.168.34.38, host: pr-hdds-1868-89kc4-1304904179, networkLocation: /default-rack, certSerialId: null}
2019-10-16 21:01:14,811 [IPC Server handler 2 on 34353] INFO  net.NetworkTopology (NetworkTopologyImpl.java:add(111)) - Added a new node: /default-rack/4b287a15-77af-487b-aef7-34d1d0ee189f
2019-10-16 21:01:14,811 [IPC Server handler 2 on 34353] INFO  node.SCMNodeManager (SCMNodeManager.java:register(268)) - Registered Data node : 4b287a15-77af-487b-aef7-34d1d0ee189f{ip: 192.168.34.38, host: pr-hdds-1868-89kc4-1304904179, networkLocation: /default-rack, certSerialId: null}
2019-10-16 21:01:15,109 [grpc-default-executor-0] INFO  impl.RaftServerProxy (RaftServerProxy.java:addNew(89)) - 0aa3649f-570d-46c6-937f-492d7f3a8364: addNew group-360612460FAC:[0aa3649f-570d-46c6-937f-492d7f3a8364:192.168.34.38:33209] returns group-360612460FAC:java.util.concurrent.CompletableFuture@1aab5bf5[Not completed]
2019-10-16 21:01:15,122 [pool-27-thread-1] INFO  impl.RaftServerImpl (RaftServerImpl.java:<init>(104)) - 0aa3649f-570d-46c6-937f-492d7f3a8364: new RaftServerImpl for group-360612460FAC:[0aa3649f-570d-46c6-937f-492d7f3a8364:192.168.34.38:33209] with ContainerStateMachine:uninitialized
2019-10-16 21:01:15,125 [pool-27-thread-1] INFO  server.RaftServerConfigKeys (ConfUtils.java:logGet(43)) - raft.server.rpc.timeout.min = 5s (custom)
2019-10-16 21:01:15,125 [pool-27-thread-1] INFO  server.RaftServerConfigKeys (ConfUtils.java:logGet(43)) - raft.server.rpc.timeout.max = 5200ms (custom)
2019-10-16 21:01:15,126 [pool-27-thread-1] INFO  server.RaftServerConfigKeys (ConfUtils.java:logGet(43)) - raft.server.rpcslowness.timeout = 1000s (custom)
2019-10-16 21:01:15,126 [pool-27-thread-1] INFO  server.RaftServerConfigKeys (ConfUtils.java:logGet(43)) - raft.server.sleep.deviation.threshold = 300 (default)
2019-10-16 21:01:15,127 [pool-27-thread-1] INFO  server.RaftServerConfigKeys (ConfUtils.java:logGet(43)) - raft.server.log.appender.install.snapshot.enabled = false (custom)
2019-10-16 21:01:15,135 [pool-27-thread-1] INFO  impl.RaftServerImpl (ServerState.java:<init>(103)) - 0aa3649f-570d-46c6-937f-492d7f3a8364@group-360612460FAC: ConfigurationManager, init=-1: [0aa3649f-570d-46c6-937f-492d7f3a8364:192.168.34.38:33209], old=null, confs=<EMPTY_MAP>
2019-10-16 21:01:15,135 [pool-27-thread-1] INFO  server.RaftServerConfigKeys (ConfUtils.java:logGet(43)) - raft.server.storage.dir = [/workdir/hadoop-ozone/integration-test/target/test-dir/MiniOzoneClusterImpl-c59fee7e-17c5-4f17-b61a-b44f1b433ee8/datanode-0/data/ratis] (custom)
2019-10-16 21:01:15,141 [pool-27-thread-1] INFO  server.RaftServerConfigKeys (ConfUtils.java:logGet(43)) - raft.server.log.corruption.policy = EXCEPTION (default)
2019-10-16 21:01:15,143 [pool-27-thread-1] INFO  storage.RaftStorageDirectory (RaftStorageDirectory.java:analyzeStorage(246)) - The storage directory /workdir/hadoop-ozone/integration-test/target/test-dir/MiniOzoneClusterImpl-c59fee7e-17c5-4f17-b61a-b44f1b433ee8/datanode-0/data/ratis/e471993f-b61c-44c4-973f-360612460fac does not exist. Creating ...
2019-10-16 21:01:15,160 [pool-27-thread-1] INFO  storage.RaftStorageDirectory (RaftStorageDirectory.java:tryLock(328)) - Lock on /workdir/hadoop-ozone/integration-test/target/test-dir/MiniOzoneClusterImpl-c59fee7e-17c5-4f17-b61a-b44f1b433ee8/datanode-0/data/ratis/e471993f-b61c-44c4-973f-360612460fac/in_use.lock acquired by nodename 17043@pr-hdds-1868-89kc4-1304904179
2019-10-16 21:01:15,175 [pool-27-thread-1] INFO  storage.RaftStorage (RaftStorage.java:format(84)) - Storage directory /workdir/hadoop-ozone/integration-test/target/test-dir/MiniOzoneClusterImpl-c59fee7e-17c5-4f17-b61a-b44f1b433ee8/datanode-0/data/ratis/e471993f-b61c-44c4-973f-360612460fac has been successfully formatted.
2019-10-16 21:01:15,176 [pool-27-thread-1] INFO  ratis.ContainerStateMachine (ContainerStateMachine.java:loadSnapshot(233)) - group-360612460FAC: The snapshot info is null. Setting the last applied indexto:(t:0, i:~)
2019-10-16 21:01:15,177 [pool-27-thread-1] INFO  server.RaftServerConfigKeys (ConfUtils.java:logGet(43)) - raft.server.notification.no-leader.timeout = 1000s (custom)
2019-10-16 21:01:15,178 [pool-27-thread-1] INFO  server.RaftServerConfigKeys (ConfUtils.java:logGet(43)) - raft.server.log.use.memory = false (default)
2019-10-16 21:01:15,183 [pool-27-thread-1] INFO  server.RaftServerConfigKeys (ConfUtils.java:logGet(43)) - raft.server.log.purge.gap = 1000000 (custom)
2019-10-16 21:01:15,183 [pool-27-thread-1] INFO  server.RaftServerConfigKeys (ConfUtils.java:logGet(43)) - raft.server.log.appender.buffer.byte-limit = 33554432 (custom)
2019-10-16 21:01:15,184 [pool-27-thread-1] INFO  server.RaftServerConfigKeys (ConfUtils.java:logGet(43)) - raft.server.log.segment.size.max = 1048576 (custom)
2019-10-16 21:01:15,186 [pool-27-thread-1] INFO  impl.MetricsSystemImpl (MetricsSystemImpl.java:init(158)) - ratis metrics system started (again)
2019-10-16 21:01:15,189 [pool-27-thread-1] INFO  metrics.MetricRegistries (MetricRegistriesLoader.java:load(64)) - Loaded MetricRegistries class org.apache.ratis.metrics.impl.MetricRegistriesImpl
2019-10-16 21:01:15,218 [pool-27-thread-1] INFO  server.RaftServerConfigKeys (ConfUtils.java:logGet(43)) - raft.server.log.segment.cache.num.max = 2 (custom)
2019-10-16 21:01:15,222 [pool-27-thread-1] INFO  segmented.SegmentedRaftLogWorker (SegmentedRaftLogWorker.java:<init>(173)) - new 0aa3649f-570d-46c6-937f-492d7f3a8364@group-360612460FAC-SegmentedRaftLogWorker for RaftStorage:Storage Directory /workdir/hadoop-ozone/integration-test/target/test-dir/MiniOzoneClusterImpl-c59fee7e-17c5-4f17-b61a-b44f1b433ee8/datanode-0/data/ratis/e471993f-b61c-44c4-973f-360612460fac
2019-10-16 21:01:15,222 [pool-27-thread-1] INFO  server.RaftServerConfigKeys (ConfUtils.java:logGet(43)) - raft.server.log.queue.byte-limit = 2147483647 (custom)
2019-10-16 21:01:15,223 [pool-27-thread-1] INFO  server.RaftServerConfigKeys (ConfUtils.java:logGet(43)) - raft.server.log.queue.element-limit = 1024 (custom)
2019-10-16 21:01:15,224 [pool-27-thread-1] INFO  server.RaftServerConfigKeys (ConfUtils.java:logGet(43)) - raft.server.log.segment.size.max = 1048576 (custom)
2019-10-16 21:01:15,224 [pool-27-thread-1] INFO  server.RaftServerConfigKeys (ConfUtils.java:logGet(43)) - raft.server.log.preallocated.size = 16384 (custom)
2019-10-16 21:01:15,225 [pool-27-thread-1] INFO  server.RaftServerConfigKeys (ConfUtils.java:logGet(43)) - raft.server.log.write.buffer.size = 33554432 (custom)
2019-10-16 21:01:15,225 [pool-27-thread-1] INFO  server.RaftServerConfigKeys (ConfUtils.java:logGet(43)) - raft.server.log.force.sync.num = 128 (default)
2019-10-16 21:01:15,226 [pool-27-thread-1] INFO  server.RaftServerConfigKeys (ConfUtils.java:logGet(43)) - raft.server.log.statemachine.data.sync = true (default)
2019-10-16 21:01:15,226 [pool-27-thread-1] INFO  server.RaftServerConfigKeys (ConfUtils.java:logGet(43)) - raft.server.log.statemachine.data.sync.timeout = 10s (default)
2019-10-16 21:01:15,226 [pool-27-thread-1] INFO  server.RaftServerConfigKeys (ConfUtils.java:logGet(43)) - raft.server.log.statemachine.data.sync.timeout.retry = -1 (default)
2019-10-16 21:01:15,236 [pool-27-thread-1] INFO  server.RaftServerConfigKeys (ConfUtils.java:logGet(43)) - raft.server.log.statemachine.data.caching.enabled = true (custom)
2019-10-16 21:01:15,240 [pool-27-thread-1] INFO  segmented.SegmentedRaftLogWorker (SegmentedRaftLogWorker.java:lambda$new$0(128)) - 0aa3649f-570d-46c6-937f-492d7f3a8364@group-360612460FAC-SegmentedRaftLogWorker: flushIndex: setUnconditionally 0 -> -1
2019-10-16 21:01:15,244 [pool-27-thread-1] INFO  server.RaftServerConfigKeys (ConfUtils.java:logGet(43)) - raft.server.snapshot.auto.trigger.enabled = true (custom)
2019-10-16 21:01:15,245 [pool-27-thread-1] INFO  server.RaftServerConfigKeys (ConfUtils.java:logGet(43)) - raft.server.snapshot.auto.trigger.threshold = 10000 (custom)
2019-10-16 21:01:15,245 [pool-27-thread-1] INFO  server.RaftServerConfigKeys (ConfUtils.java:logGet(43)) - raft.server.snapshot.retention.file.num = 5 (custom)
2019-10-16 21:01:15,245 [pool-27-thread-1] INFO  server.RaftServerConfigKeys (ConfUtils.java:logGet(43)) - raft.server.retrycache.expirytime = 600000ms (custom)
2019-10-16 21:01:15,270 [pool-27-thread-1] INFO  impl.RaftServerImpl (RaftServerImpl.java:start(195)) - 0aa3649f-570d-46c6-937f-492d7f3a8364@group-360612460FAC: start as a follower, conf=-1: [0aa3649f-570d-46c6-937f-492d7f3a8364:192.168.34.38:33209], old=null
2019-10-16 21:01:15,271 [pool-27-thread-1] INFO  impl.RaftServerImpl (RaftServerImpl.java:setRole(184)) - 0aa3649f-570d-46c6-937f-492d7f3a8364@group-360612460FAC: changes role from      null to FOLLOWER at term 0 for startAsFollower
2019-10-16 21:01:15,272 [pool-27-thread-1] INFO  impl.RoleInfo (RoleInfo.java:updateAndGet(143)) - 0aa3649f-570d-46c6-937f-492d7f3a8364: start FollowerState
2019-10-16 21:01:15,274 [pool-27-thread-1] INFO  util.JmxRegister (JmxRegister.java:tryRegister(44)) - Successfully registered JMX Bean with object name Ratis:service=RaftServer,group=group-360612460FAC,id=0aa3649f-570d-46c6-937f-492d7f3a8364
2019-10-16 21:01:15,297 [Thread-186] INFO  impl.FollowerState (FollowerState.java:run(108)) - 0aa3649f-570d-46c6-937f-492d7f3a8364@group-360612460FAC-FollowerState: change to CANDIDATE, lastRpcTime:24ms, electionTimeout:24ms
2019-10-16 21:01:15,300 [Thread-186] INFO  impl.RoleInfo (RoleInfo.java:shutdownFollowerState(121)) - 0aa3649f-570d-46c6-937f-492d7f3a8364: shutdown FollowerState
2019-10-16 21:01:15,301 [Thread-186] INFO  impl.RaftServerImpl (RaftServerImpl.java:setRole(184)) - 0aa3649f-570d-46c6-937f-492d7f3a8364@group-360612460FAC: changes role from  FOLLOWER to CANDIDATE at term 0 for changeToCandidate
2019-10-16 21:01:15,306 [Thread-186] INFO  impl.RoleInfo (RoleInfo.java:updateAndGet(143)) - 0aa3649f-570d-46c6-937f-492d7f3a8364: start LeaderElection
2019-10-16 21:01:15,322 [0aa3649f-570d-46c6-937f-492d7f3a8364@group-360612460FAC-LeaderElection1] INFO  impl.LeaderElection (LeaderElection.java:askForVotes(178)) - 0aa3649f-570d-46c6-937f-492d7f3a8364@group-360612460FAC-LeaderElection1: begin an election at term 1 for -1: [0aa3649f-570d-46c6-937f-492d7f3a8364:192.168.34.38:33209], old=null
2019-10-16 21:01:15,323 [0aa3649f-570d-46c6-937f-492d7f3a8364@group-360612460FAC-LeaderElection1] INFO  impl.RoleInfo (RoleInfo.java:shutdownLeaderElection(134)) - 0aa3649f-570d-46c6-937f-492d7f3a8364: shutdown LeaderElection
2019-10-16 21:01:15,324 [0aa3649f-570d-46c6-937f-492d7f3a8364@group-360612460FAC-LeaderElection1] INFO  impl.RaftServerImpl (RaftServerImpl.java:setRole(184)) - 0aa3649f-570d-46c6-937f-492d7f3a8364@group-360612460FAC: changes role from CANDIDATE to LEADER at term 1 for changeToLeader
2019-10-16 21:01:15,324 [0aa3649f-570d-46c6-937f-492d7f3a8364@group-360612460FAC-LeaderElection1] INFO  ratis.XceiverServerRatis (XceiverServerRatis.java:handleLeaderChangedNotification(700)) - Leader change notification received for group: group-360612460FAC with new leaderId: 0aa3649f-570d-46c6-937f-492d7f3a8364
2019-10-16 21:01:15,330 [0aa3649f-570d-46c6-937f-492d7f3a8364@group-360612460FAC-LeaderElection1] INFO  impl.RaftServerImpl (ServerState.java:setLeader(256)) - 0aa3649f-570d-46c6-937f-492d7f3a8364@group-360612460FAC: change Leader from null to 0aa3649f-570d-46c6-937f-492d7f3a8364 at term 1 for becomeLeader, leader elected after 147ms
2019-10-16 21:01:15,336 [0aa3649f-570d-46c6-937f-492d7f3a8364@group-360612460FAC-LeaderElection1] INFO  server.RaftServerConfigKeys (ConfUtils.java:logGet(43)) - raft.server.staging.catchup.gap = 1000 (default)
2019-10-16 21:01:15,337 [0aa3649f-570d-46c6-937f-492d7f3a8364@group-360612460FAC-LeaderElection1] INFO  server.RaftServerConfigKeys (ConfUtils.java:logGet(43)) - raft.server.rpc.sleep.time = 25ms (default)
2019-10-16 21:01:15,337 [RatisPipelineUtilsThread] INFO  pipeline.PipelineStateManager (PipelineStateManager.java:addPipeline(57)) - Created pipeline Pipeline[ Id: e471993f-b61c-44c4-973f-360612460fac, Nodes: 0aa3649f-570d-46c6-937f-492d7f3a8364{ip: 192.168.34.38, host: pr-hdds-1868-89kc4-1304904179, networkLocation: /default-rack, certSerialId: null}, Type:RATIS, Factor:ONE, State:ALLOCATED]
2019-10-16 21:01:15,339 [main] INFO  ozone.MiniOzoneClusterImpl (MiniOzoneClusterImpl.java:lambda$waitForClusterToBeReady$2(164)) - Waiting for 1 number of pipelines out of 1, to report a leader.
2019-10-16 21:01:15,343 [0aa3649f-570d-46c6-937f-492d7f3a8364@group-360612460FAC-LeaderElection1] INFO  server.RaftServerConfigKeys (ConfUtils.java:logGet(43)) - raft.server.write.element-limit = 4096 (default)
2019-10-16 21:01:15,349 [0aa3649f-570d-46c6-937f-492d7f3a8364@group-360612460FAC-LeaderElection1] INFO  server.RaftServerConfigKeys (ConfUtils.java:logGet(43)) - raft.server.watch.timeout = 10s (default)
2019-10-16 21:01:15,349 [0aa3649f-570d-46c6-937f-492d7f3a8364@group-360612460FAC-LeaderElection1] INFO  server.RaftServerConfigKeys (ConfUtils.java:logGet(43)) - raft.server.watch.timeout.denomination = 1s (default)
2019-10-16 21:01:15,351 [0aa3649f-570d-46c6-937f-492d7f3a8364@group-360612460FAC-LeaderElection1] INFO  server.RaftServerConfigKeys (ConfUtils.java:logGet(43)) - raft.server.watch.element-limit = 65536 (default)
2019-10-16 21:01:15,354 [grpc-default-executor-0] INFO  impl.RaftServerProxy (RaftServerProxy.java:addNew(89)) - 4b287a15-77af-487b-aef7-34d1d0ee189f: addNew group-968E4693433D:[4b287a15-77af-487b-aef7-34d1d0ee189f:192.168.34.38:38597] returns group-968E4693433D:java.util.concurrent.CompletableFuture@398a559c[Not completed]
2019-10-16 21:01:15,374 [pool-47-thread-1] INFO  impl.RaftServerImpl (RaftServerImpl.java:<init>(104)) - 4b287a15-77af-487b-aef7-34d1d0ee189f: new RaftServerImpl for group-968E4693433D:[4b287a15-77af-487b-aef7-34d1d0ee189f:192.168.34.38:38597] with ContainerStateMachine:uninitialized
2019-10-16 21:01:15,375 [pool-47-thread-1] INFO  server.RaftServerConfigKeys (ConfUtils.java:logGet(43)) - raft.server.rpc.timeout.min = 5s (custom)
2019-10-16 21:01:15,375 [pool-47-thread-1] INFO  server.RaftServerConfigKeys (ConfUtils.java:logGet(43)) - raft.server.rpc.timeout.max = 5200ms (custom)
2019-10-16 21:01:15,375 [pool-47-thread-1] INFO  server.RaftServerConfigKeys (ConfUtils.java:logGet(43)) - raft.server.rpcslowness.timeout = 1000s (custom)
2019-10-16 21:01:15,375 [pool-47-thread-1] INFO  server.RaftServerConfigKeys (ConfUtils.java:logGet(43)) - raft.server.sleep.deviation.threshold = 300 (default)
2019-10-16 21:01:15,375 [pool-47-thread-1] INFO  server.RaftServerConfigKeys (ConfUtils.java:logGet(43)) - raft.server.log.appender.install.snapshot.enabled = false (custom)
2019-10-16 21:01:15,375 [pool-47-thread-1] INFO  impl.RaftServerImpl (ServerState.java:<init>(103)) - 4b287a15-77af-487b-aef7-34d1d0ee189f@group-968E4693433D: ConfigurationManager, init=-1: [4b287a15-77af-487b-aef7-34d1d0ee189f:192.168.34.38:38597], old=null, confs=<EMPTY_MAP>
2019-10-16 21:01:15,376 [pool-47-thread-1] INFO  server.RaftServerConfigKeys (ConfUtils.java:logGet(43)) - raft.server.storage.dir = [/workdir/hadoop-ozone/integration-test/target/test-dir/MiniOzoneClusterImpl-c59fee7e-17c5-4f17-b61a-b44f1b433ee8/datanode-2/data/ratis] (custom)
2019-10-16 21:01:15,376 [pool-47-thread-1] INFO  server.RaftServerConfigKeys (ConfUtils.java:logGet(43)) - raft.server.log.corruption.policy = EXCEPTION (default)
2019-10-16 21:01:15,376 [pool-47-thread-1] INFO  storage.RaftStorageDirectory (RaftStorageDirectory.java:analyzeStorage(246)) - The storage directory /workdir/hadoop-ozone/integration-test/target/test-dir/MiniOzoneClusterImpl-c59fee7e-17c5-4f17-b61a-b44f1b433ee8/datanode-2/data/ratis/b7381301-66b3-4430-9ae7-968e4693433d does not exist. Creating ...
2019-10-16 21:01:15,384 [0aa3649f-570d-46c6-937f-492d7f3a8364@group-360612460FAC-LeaderElection1] INFO  impl.RoleInfo (RoleInfo.java:updateAndGet(143)) - 0aa3649f-570d-46c6-937f-492d7f3a8364: start LeaderState
2019-10-16 21:01:15,390 [pool-47-thread-1] INFO  storage.RaftStorageDirectory (RaftStorageDirectory.java:tryLock(328)) - Lock on /workdir/hadoop-ozone/integration-test/target/test-dir/MiniOzoneClusterImpl-c59fee7e-17c5-4f17-b61a-b44f1b433ee8/datanode-2/data/ratis/b7381301-66b3-4430-9ae7-968e4693433d/in_use.lock acquired by nodename 17043@pr-hdds-1868-89kc4-1304904179
2019-10-16 21:01:15,400 [0aa3649f-570d-46c6-937f-492d7f3a8364@group-360612460FAC-LeaderElection1] INFO  segmented.SegmentedRaftLogWorker (SegmentedRaftLogWorker.java:startLogSegment(385)) - 0aa3649f-570d-46c6-937f-492d7f3a8364@group-360612460FAC-SegmentedRaftLogWorker: Starting segment from index:0
2019-10-16 21:01:15,402 [pool-47-thread-1] INFO  storage.RaftStorage (RaftStorage.java:format(84)) - Storage directory /workdir/hadoop-ozone/integration-test/target/test-dir/MiniOzoneClusterImpl-c59fee7e-17c5-4f17-b61a-b44f1b433ee8/datanode-2/data/ratis/b7381301-66b3-4430-9ae7-968e4693433d has been successfully formatted.
2019-10-16 21:01:15,403 [pool-47-thread-1] INFO  ratis.ContainerStateMachine (ContainerStateMachine.java:loadSnapshot(233)) - group-968E4693433D: The snapshot info is null. Setting the last applied indexto:(t:0, i:~)
2019-10-16 21:01:15,404 [pool-47-thread-1] INFO  server.RaftServerConfigKeys (ConfUtils.java:logGet(43)) - raft.server.notification.no-leader.timeout = 1000s (custom)
2019-10-16 21:01:15,405 [pool-47-thread-1] INFO  server.RaftServerConfigKeys (ConfUtils.java:logGet(43)) - raft.server.log.use.memory = false (default)
2019-10-16 21:01:15,405 [pool-47-thread-1] INFO  server.RaftServerConfigKeys (ConfUtils.java:logGet(43)) - raft.server.log.purge.gap = 1000000 (custom)
2019-10-16 21:01:15,405 [pool-47-thread-1] INFO  server.RaftServerConfigKeys (ConfUtils.java:logGet(43)) - raft.server.log.appender.buffer.byte-limit = 33554432 (custom)
2019-10-16 21:01:15,405 [pool-47-thread-1] INFO  server.RaftServerConfigKeys (ConfUtils.java:logGet(43)) - raft.server.log.segment.size.max = 1048576 (custom)
2019-10-16 21:01:15,424 [pool-47-thread-1] INFO  server.RaftServerConfigKeys (ConfUtils.java:logGet(43)) - raft.server.log.segment.cache.num.max = 2 (custom)
2019-10-16 21:01:15,424 [pool-47-thread-1] INFO  segmented.SegmentedRaftLogWorker (SegmentedRaftLogWorker.java:<init>(173)) - new 4b287a15-77af-487b-aef7-34d1d0ee189f@group-968E4693433D-SegmentedRaftLogWorker for RaftStorage:Storage Directory /workdir/hadoop-ozone/integration-test/target/test-dir/MiniOzoneClusterImpl-c59fee7e-17c5-4f17-b61a-b44f1b433ee8/datanode-2/data/ratis/b7381301-66b3-4430-9ae7-968e4693433d
2019-10-16 21:01:15,425 [pool-47-thread-1] INFO  server.RaftServerConfigKeys (ConfUtils.java:logGet(43)) - raft.server.log.queue.byte-limit = 2147483647 (custom)
2019-10-16 21:01:15,425 [pool-47-thread-1] INFO  server.RaftServerConfigKeys (ConfUtils.java:logGet(43)) - raft.server.log.queue.element-limit = 1024 (custom)
2019-10-16 21:01:15,425 [pool-47-thread-1] INFO  server.RaftServerConfigKeys (ConfUtils.java:logGet(43)) - raft.server.log.segment.size.max = 1048576 (custom)
2019-10-16 21:01:15,425 [pool-47-thread-1] INFO  server.RaftServerConfigKeys (ConfUtils.java:logGet(43)) - raft.server.log.preallocated.size = 16384 (custom)
2019-10-16 21:01:15,425 [pool-47-thread-1] INFO  server.RaftServerConfigKeys (ConfUtils.java:logGet(43)) - raft.server.log.write.buffer.size = 33554432 (custom)
2019-10-16 21:01:15,425 [pool-47-thread-1] INFO  server.RaftServerConfigKeys (ConfUtils.java:logGet(43)) - raft.server.log.force.sync.num = 128 (default)
2019-10-16 21:01:15,425 [pool-47-thread-1] INFO  server.RaftServerConfigKeys (ConfUtils.java:logGet(43)) - raft.server.log.statemachine.data.sync = true (default)
2019-10-16 21:01:15,425 [pool-47-thread-1] INFO  server.RaftServerConfigKeys (ConfUtils.java:logGet(43)) - raft.server.log.statemachine.data.sync.timeout = 10s (default)
2019-10-16 21:01:15,425 [pool-47-thread-1] INFO  server.RaftServerConfigKeys (ConfUtils.java:logGet(43)) - raft.server.log.statemachine.data.sync.timeout.retry = -1 (default)
2019-10-16 21:01:15,426 [pool-47-thread-1] INFO  server.RaftServerConfigKeys (ConfUtils.java:logGet(43)) - raft.server.log.statemachine.data.caching.enabled = true (custom)
2019-10-16 21:01:15,426 [pool-47-thread-1] INFO  segmented.SegmentedRaftLogWorker (SegmentedRaftLogWorker.java:lambda$new$0(128)) - 4b287a15-77af-487b-aef7-34d1d0ee189f@group-968E4693433D-SegmentedRaftLogWorker: flushIndex: setUnconditionally 0 -> -1
2019-10-16 21:01:15,427 [pool-47-thread-1] INFO  server.RaftServerConfigKeys (ConfUtils.java:logGet(43)) - raft.server.snapshot.auto.trigger.enabled = true (custom)
2019-10-16 21:01:15,427 [pool-47-thread-1] INFO  server.RaftServerConfigKeys (ConfUtils.java:logGet(43)) - raft.server.snapshot.auto.trigger.threshold = 10000 (custom)
2019-10-16 21:01:15,427 [pool-47-thread-1] INFO  server.RaftServerConfigKeys (ConfUtils.java:logGet(43)) - raft.server.snapshot.retention.file.num = 5 (custom)
2019-10-16 21:01:15,427 [0aa3649f-570d-46c6-937f-492d7f3a8364@group-360612460FAC-LeaderElection1] INFO  impl.RaftServerImpl (ServerState.java:setRaftConf(357)) - 0aa3649f-570d-46c6-937f-492d7f3a8364@group-360612460FAC: set configuration 0: [0aa3649f-570d-46c6-937f-492d7f3a8364:192.168.34.38:33209], old=null at 0
2019-10-16 21:01:15,427 [pool-47-thread-1] INFO  server.RaftServerConfigKeys (ConfUtils.java:logGet(43)) - raft.server.retrycache.expirytime = 600000ms (custom)
2019-10-16 21:01:15,435 [pool-47-thread-1] INFO  impl.RaftServerImpl (RaftServerImpl.java:start(195)) - 4b287a15-77af-487b-aef7-34d1d0ee189f@group-968E4693433D: start as a follower, conf=-1: [4b287a15-77af-487b-aef7-34d1d0ee189f:192.168.34.38:38597], old=null
2019-10-16 21:01:15,435 [pool-47-thread-1] INFO  impl.RaftServerImpl (RaftServerImpl.java:setRole(184)) - 4b287a15-77af-487b-aef7-34d1d0ee189f@group-968E4693433D: changes role from      null to FOLLOWER at term 0 for startAsFollower
2019-10-16 21:01:15,436 [pool-47-thread-1] INFO  impl.RoleInfo (RoleInfo.java:updateAndGet(143)) - 4b287a15-77af-487b-aef7-34d1d0ee189f: start FollowerState
2019-10-16 21:01:15,436 [pool-47-thread-1] INFO  util.JmxRegister (JmxRegister.java:tryRegister(44)) - Successfully registered JMX Bean with object name Ratis:service=RaftServer,group=group-968E4693433D,id=4b287a15-77af-487b-aef7-34d1d0ee189f
2019-10-16 21:01:15,447 [RatisPipelineUtilsThread] INFO  pipeline.PipelineStateManager (PipelineStateManager.java:addPipeline(57)) - Created pipeline Pipeline[ Id: b7381301-66b3-4430-9ae7-968e4693433d, Nodes: 4b287a15-77af-487b-aef7-34d1d0ee189f{ip: 192.168.34.38, host: pr-hdds-1868-89kc4-1304904179, networkLocation: /default-rack, certSerialId: null}, Type:RATIS, Factor:ONE, State:ALLOCATED]
2019-10-16 21:01:15,449 [Thread-191] INFO  impl.FollowerState (FollowerState.java:run(108)) - 4b287a15-77af-487b-aef7-34d1d0ee189f@group-968E4693433D-FollowerState: change to CANDIDATE, lastRpcTime:13ms, electionTimeout:13ms
2019-10-16 21:01:15,450 [Thread-191] INFO  impl.RoleInfo (RoleInfo.java:shutdownFollowerState(121)) - 4b287a15-77af-487b-aef7-34d1d0ee189f: shutdown FollowerState
2019-10-16 21:01:15,450 [Thread-191] INFO  impl.RaftServerImpl (RaftServerImpl.java:setRole(184)) - 4b287a15-77af-487b-aef7-34d1d0ee189f@group-968E4693433D: changes role from  FOLLOWER to CANDIDATE at term 0 for changeToCandidate
2019-10-16 21:01:15,450 [Thread-191] INFO  impl.RoleInfo (RoleInfo.java:updateAndGet(143)) - 4b287a15-77af-487b-aef7-34d1d0ee189f: start LeaderElection
2019-10-16 21:01:15,461 [grpc-default-executor-0] INFO  impl.RaftServerProxy (RaftServerProxy.java:addNew(89)) - 4a03179f-3169-4ac7-a075-259968512ef0: addNew group-2D7F127AF803:[4a03179f-3169-4ac7-a075-259968512ef0:192.168.34.38:45833] returns group-2D7F127AF803:java.util.concurrent.CompletableFuture@32fe6c7f[Not completed]
2019-10-16 21:01:15,463 [pool-37-thread-1] INFO  impl.RaftServerImpl (RaftServerImpl.java:<init>(104)) - 4a03179f-3169-4ac7-a075-259968512ef0: new RaftServerImpl for group-2D7F127AF803:[4a03179f-3169-4ac7-a075-259968512ef0:192.168.34.38:45833] with ContainerStateMachine:uninitialized
2019-10-16 21:01:15,463 [pool-37-thread-1] INFO  server.RaftServerConfigKeys (ConfUtils.java:logGet(43)) - raft.server.rpc.timeout.min = 5s (custom)
2019-10-16 21:01:15,463 [pool-37-thread-1] INFO  server.RaftServerConfigKeys (ConfUtils.java:logGet(43)) - raft.server.rpc.timeout.max = 5200ms (custom)
2019-10-16 21:01:15,464 [pool-37-thread-1] INFO  server.RaftServerConfigKeys (ConfUtils.java:logGet(43)) - raft.server.rpcslowness.timeout = 1000s (custom)
2019-10-16 21:01:15,464 [pool-37-thread-1] INFO  server.RaftServerConfigKeys (ConfUtils.java:logGet(43)) - raft.server.sleep.deviation.threshold = 300 (default)
2019-10-16 21:01:15,464 [pool-37-thread-1] INFO  server.RaftServerConfigKeys (ConfUtils.java:logGet(43)) - raft.server.log.appender.install.snapshot.enabled = false (custom)
2019-10-16 21:01:15,464 [pool-37-thread-1] INFO  impl.RaftServerImpl (ServerState.java:<init>(103)) - 4a03179f-3169-4ac7-a075-259968512ef0@group-2D7F127AF803: ConfigurationManager, init=-1: [4a03179f-3169-4ac7-a075-259968512ef0:192.168.34.38:45833], old=null, confs=<EMPTY_MAP>
2019-10-16 21:01:15,464 [pool-37-thread-1] INFO  server.RaftServerConfigKeys (ConfUtils.java:logGet(43)) - raft.server.storage.dir = [/workdir/hadoop-ozone/integration-test/target/test-dir/MiniOzoneClusterImpl-c59fee7e-17c5-4f17-b61a-b44f1b433ee8/datanode-1/data/ratis] (custom)
2019-10-16 21:01:15,465 [pool-37-thread-1] INFO  server.RaftServerConfigKeys (ConfUtils.java:logGet(43)) - raft.server.log.corruption.policy = EXCEPTION (default)
2019-10-16 21:01:15,465 [pool-37-thread-1] INFO  storage.RaftStorageDirectory (RaftStorageDirectory.java:analyzeStorage(246)) - The storage directory /workdir/hadoop-ozone/integration-test/target/test-dir/MiniOzoneClusterImpl-c59fee7e-17c5-4f17-b61a-b44f1b433ee8/datanode-1/data/ratis/33840868-4994-46e3-b3a8-2d7f127af803 does not exist. Creating ...
2019-10-16 21:01:15,465 [4b287a15-77af-487b-aef7-34d1d0ee189f@group-968E4693433D-LeaderElection2] INFO  impl.LeaderElection (LeaderElection.java:askForVotes(178)) - 4b287a15-77af-487b-aef7-34d1d0ee189f@group-968E4693433D-LeaderElection2: begin an election at term 1 for -1: [4b287a15-77af-487b-aef7-34d1d0ee189f:192.168.34.38:38597], old=null
2019-10-16 21:01:15,466 [4b287a15-77af-487b-aef7-34d1d0ee189f@group-968E4693433D-LeaderElection2] INFO  impl.RoleInfo (RoleInfo.java:shutdownLeaderElection(134)) - 4b287a15-77af-487b-aef7-34d1d0ee189f: shutdown LeaderElection
2019-10-16 21:01:15,466 [4b287a15-77af-487b-aef7-34d1d0ee189f@group-968E4693433D-LeaderElection2] INFO  impl.RaftServerImpl (RaftServerImpl.java:setRole(184)) - 4b287a15-77af-487b-aef7-34d1d0ee189f@group-968E4693433D: changes role from CANDIDATE to LEADER at term 1 for changeToLeader
2019-10-16 21:01:15,466 [4b287a15-77af-487b-aef7-34d1d0ee189f@group-968E4693433D-LeaderElection2] INFO  ratis.XceiverServerRatis (XceiverServerRatis.java:handleLeaderChangedNotification(700)) - Leader change notification received for group: group-968E4693433D with new leaderId: 4b287a15-77af-487b-aef7-34d1d0ee189f
2019-10-16 21:01:15,466 [4b287a15-77af-487b-aef7-34d1d0ee189f@group-968E4693433D-LeaderElection2] INFO  impl.RaftServerImpl (ServerState.java:setLeader(256)) - 4b287a15-77af-487b-aef7-34d1d0ee189f@group-968E4693433D: change Leader from null to 4b287a15-77af-487b-aef7-34d1d0ee189f at term 1 for becomeLeader, leader elected after 61ms
2019-10-16 21:01:15,466 [4b287a15-77af-487b-aef7-34d1d0ee189f@group-968E4693433D-LeaderElection2] INFO  server.RaftServerConfigKeys (ConfUtils.java:logGet(43)) - raft.server.staging.catchup.gap = 1000 (default)
2019-10-16 21:01:15,466 [4b287a15-77af-487b-aef7-34d1d0ee189f@group-968E4693433D-LeaderElection2] INFO  server.RaftServerConfigKeys (ConfUtils.java:logGet(43)) - raft.server.rpc.sleep.time = 25ms (default)
2019-10-16 21:01:15,466 [4b287a15-77af-487b-aef7-34d1d0ee189f@group-968E4693433D-LeaderElection2] INFO  server.RaftServerConfigKeys (ConfUtils.java:logGet(43)) - raft.server.write.element-limit = 4096 (default)
2019-10-16 21:01:15,467 [4b287a15-77af-487b-aef7-34d1d0ee189f@group-968E4693433D-LeaderElection2] INFO  server.RaftServerConfigKeys (ConfUtils.java:logGet(43)) - raft.server.watch.timeout = 10s (default)
2019-10-16 21:01:15,467 [4b287a15-77af-487b-aef7-34d1d0ee189f@group-968E4693433D-LeaderElection2] INFO  server.RaftServerConfigKeys (ConfUtils.java:logGet(43)) - raft.server.watch.timeout.denomination = 1s (default)
2019-10-16 21:01:15,467 [4b287a15-77af-487b-aef7-34d1d0ee189f@group-968E4693433D-LeaderElection2] INFO  server.RaftServerConfigKeys (ConfUtils.java:logGet(43)) - raft.server.watch.element-limit = 65536 (default)
2019-10-16 21:01:15,470 [4b287a15-77af-487b-aef7-34d1d0ee189f@group-968E4693433D-LeaderElection2] INFO  impl.RoleInfo (RoleInfo.java:updateAndGet(143)) - 4b287a15-77af-487b-aef7-34d1d0ee189f: start LeaderState
2019-10-16 21:01:15,470 [4b287a15-77af-487b-aef7-34d1d0ee189f@group-968E4693433D-LeaderElection2] INFO  segmented.SegmentedRaftLogWorker (SegmentedRaftLogWorker.java:startLogSegment(385)) - 4b287a15-77af-487b-aef7-34d1d0ee189f@group-968E4693433D-SegmentedRaftLogWorker: Starting segment from index:0
2019-10-16 21:01:15,471 [4b287a15-77af-487b-aef7-34d1d0ee189f@group-968E4693433D-LeaderElection2] INFO  impl.RaftServerImpl (ServerState.java:setRaftConf(357)) - 4b287a15-77af-487b-aef7-34d1d0ee189f@group-968E4693433D: set configuration 0: [4b287a15-77af-487b-aef7-34d1d0ee189f:192.168.34.38:38597], old=null at 0
2019-10-16 21:01:15,478 [pool-37-thread-1] INFO  storage.RaftStorageDirectory (RaftStorageDirectory.java:tryLock(328)) - Lock on /workdir/hadoop-ozone/integration-test/target/test-dir/MiniOzoneClusterImpl-c59fee7e-17c5-4f17-b61a-b44f1b433ee8/datanode-1/data/ratis/33840868-4994-46e3-b3a8-2d7f127af803/in_use.lock acquired by nodename 17043@pr-hdds-1868-89kc4-1304904179
2019-10-16 21:01:15,491 [pool-37-thread-1] INFO  storage.RaftStorage (RaftStorage.java:format(84)) - Storage directory /workdir/hadoop-ozone/integration-test/target/test-dir/MiniOzoneClusterImpl-c59fee7e-17c5-4f17-b61a-b44f1b433ee8/datanode-1/data/ratis/33840868-4994-46e3-b3a8-2d7f127af803 has been successfully formatted.
2019-10-16 21:01:15,491 [pool-37-thread-1] INFO  ratis.ContainerStateMachine (ContainerStateMachine.java:loadSnapshot(233)) - group-2D7F127AF803: The snapshot info is null. Setting the last applied indexto:(t:0, i:~)
2019-10-16 21:01:15,492 [pool-37-thread-1] INFO  server.RaftServerConfigKeys (ConfUtils.java:logGet(43)) - raft.server.notification.no-leader.timeout = 1000s (custom)
2019-10-16 21:01:15,492 [pool-37-thread-1] INFO  server.RaftServerConfigKeys (ConfUtils.java:logGet(43)) - raft.server.log.use.memory = false (default)
2019-10-16 21:01:15,492 [pool-37-thread-1] INFO  server.RaftServerConfigKeys (ConfUtils.java:logGet(43)) - raft.server.log.purge.gap = 1000000 (custom)
2019-10-16 21:01:15,492 [pool-37-thread-1] INFO  server.RaftServerConfigKeys (ConfUtils.java:logGet(43)) - raft.server.log.appender.buffer.byte-limit = 33554432 (custom)
2019-10-16 21:01:15,492 [pool-37-thread-1] INFO  server.RaftServerConfigKeys (ConfUtils.java:logGet(43)) - raft.server.log.segment.size.max = 1048576 (custom)
2019-10-16 21:01:15,496 [pool-37-thread-1] INFO  server.RaftServerConfigKeys (ConfUtils.java:logGet(43)) - raft.server.log.segment.cache.num.max = 2 (custom)
2019-10-16 21:01:15,496 [pool-37-thread-1] INFO  segmented.SegmentedRaftLogWorker (SegmentedRaftLogWorker.java:<init>(173)) - new 4a03179f-3169-4ac7-a075-259968512ef0@group-2D7F127AF803-SegmentedRaftLogWorker for RaftStorage:Storage Directory /workdir/hadoop-ozone/integration-test/target/test-dir/MiniOzoneClusterImpl-c59fee7e-17c5-4f17-b61a-b44f1b433ee8/datanode-1/data/ratis/33840868-4994-46e3-b3a8-2d7f127af803
2019-10-16 21:01:15,496 [pool-37-thread-1] INFO  server.RaftServerConfigKeys (ConfUtils.java:logGet(43)) - raft.server.log.queue.byte-limit = 2147483647 (custom)
2019-10-16 21:01:15,496 [pool-37-thread-1] INFO  server.RaftServerConfigKeys (ConfUtils.java:logGet(43)) - raft.server.log.queue.element-limit = 1024 (custom)
2019-10-16 21:01:15,496 [pool-37-thread-1] INFO  server.RaftServerConfigKeys (ConfUtils.java:logGet(43)) - raft.server.log.segment.size.max = 1048576 (custom)
2019-10-16 21:01:15,496 [pool-37-thread-1] INFO  server.RaftServerConfigKeys (ConfUtils.java:logGet(43)) - raft.server.log.preallocated.size = 16384 (custom)
2019-10-16 21:01:15,497 [pool-37-thread-1] INFO  server.RaftServerConfigKeys (ConfUtils.java:logGet(43)) - raft.server.log.write.buffer.size = 33554432 (custom)
2019-10-16 21:01:15,497 [pool-37-thread-1] INFO  server.RaftServerConfigKeys (ConfUtils.java:logGet(43)) - raft.server.log.force.sync.num = 128 (default)
2019-10-16 21:01:15,497 [pool-37-thread-1] INFO  server.RaftServerConfigKeys (ConfUtils.java:logGet(43)) - raft.server.log.statemachine.data.sync = true (default)
2019-10-16 21:01:15,497 [pool-37-thread-1] INFO  server.RaftServerConfigKeys (ConfUtils.java:logGet(43)) - raft.server.log.statemachine.data.sync.timeout = 10s (default)
2019-10-16 21:01:15,497 [pool-37-thread-1] INFO  server.RaftServerConfigKeys (ConfUtils.java:logGet(43)) - raft.server.log.statemachine.data.sync.timeout.retry = -1 (default)
2019-10-16 21:01:15,498 [pool-37-thread-1] INFO  server.RaftServerConfigKeys (ConfUtils.java:logGet(43)) - raft.server.log.statemachine.data.caching.enabled = true (custom)
2019-10-16 21:01:15,498 [pool-37-thread-1] INFO  segmented.SegmentedRaftLogWorker (SegmentedRaftLogWorker.java:lambda$new$0(128)) - 4a03179f-3169-4ac7-a075-259968512ef0@group-2D7F127AF803-SegmentedRaftLogWorker: flushIndex: setUnconditionally 0 -> -1
2019-10-16 21:01:15,498 [pool-37-thread-1] INFO  server.RaftServerConfigKeys (ConfUtils.java:logGet(43)) - raft.server.snapshot.auto.trigger.enabled = true (custom)
2019-10-16 21:01:15,499 [pool-37-thread-1] INFO  server.RaftServerConfigKeys (ConfUtils.java:logGet(43)) - raft.server.snapshot.auto.trigger.threshold = 10000 (custom)
2019-10-16 21:01:15,499 [pool-37-thread-1] INFO  server.RaftServerConfigKeys (ConfUtils.java:logGet(43)) - raft.server.snapshot.retention.file.num = 5 (custom)
2019-10-16 21:01:15,499 [pool-37-thread-1] INFO  server.RaftServerConfigKeys (ConfUtils.java:logGet(43)) - raft.server.retrycache.expirytime = 600000ms (custom)
2019-10-16 21:01:15,505 [pool-37-thread-1] INFO  impl.RaftServerImpl (RaftServerImpl.java:start(195)) - 4a03179f-3169-4ac7-a075-259968512ef0@group-2D7F127AF803: start as a follower, conf=-1: [4a03179f-3169-4ac7-a075-259968512ef0:192.168.34.38:45833], old=null
2019-10-16 21:01:15,505 [pool-37-thread-1] INFO  impl.RaftServerImpl (RaftServerImpl.java:setRole(184)) - 4a03179f-3169-4ac7-a075-259968512ef0@group-2D7F127AF803: changes role from      null to FOLLOWER at term 0 for startAsFollower
2019-10-16 21:01:15,506 [pool-37-thread-1] INFO  impl.RoleInfo (RoleInfo.java:updateAndGet(143)) - 4a03179f-3169-4ac7-a075-259968512ef0: start FollowerState
2019-10-16 21:01:15,506 [pool-37-thread-1] INFO  util.JmxRegister (JmxRegister.java:tryRegister(44)) - Successfully registered JMX Bean with object name Ratis:service=RaftServer,group=group-2D7F127AF803,id=4a03179f-3169-4ac7-a075-259968512ef0
2019-10-16 21:01:15,515 [RatisPipelineUtilsThread] INFO  pipeline.PipelineStateManager (PipelineStateManager.java:addPipeline(57)) - Created pipeline Pipeline[ Id: 33840868-4994-46e3-b3a8-2d7f127af803, Nodes: 4a03179f-3169-4ac7-a075-259968512ef0{ip: 192.168.34.38, host: pr-hdds-1868-89kc4-1304904179, networkLocation: /default-rack, certSerialId: null}, Type:RATIS, Factor:ONE, State:ALLOCATED]
2019-10-16 21:01:15,536 [grpc-default-executor-0] INFO  impl.RaftServerProxy (RaftServerProxy.java:addNew(89)) - 0aa3649f-570d-46c6-937f-492d7f3a8364: addNew group-224A5B6DD22C:[4b287a15-77af-487b-aef7-34d1d0ee189f:192.168.34.38:38597, 0aa3649f-570d-46c6-937f-492d7f3a8364:192.168.34.38:33209, 4a03179f-3169-4ac7-a075-259968512ef0:192.168.34.38:45833] returns group-224A5B6DD22C:java.util.concurrent.CompletableFuture@5baa19bc[Not completed]
2019-10-16 21:01:15,536 [grpc-default-executor-2] INFO  impl.RaftServerProxy (RaftServerProxy.java:addNew(89)) - 4b287a15-77af-487b-aef7-34d1d0ee189f: addNew group-224A5B6DD22C:[4b287a15-77af-487b-aef7-34d1d0ee189f:192.168.34.38:38597, 0aa3649f-570d-46c6-937f-492d7f3a8364:192.168.34.38:33209, 4a03179f-3169-4ac7-a075-259968512ef0:192.168.34.38:45833] returns group-224A5B6DD22C:java.util.concurrent.CompletableFuture@2b65831b[Not completed]
2019-10-16 21:01:15,536 [grpc-default-executor-1] INFO  impl.RaftServerProxy (RaftServerProxy.java:addNew(89)) - 4a03179f-3169-4ac7-a075-259968512ef0: addNew group-224A5B6DD22C:[4b287a15-77af-487b-aef7-34d1d0ee189f:192.168.34.38:38597, 0aa3649f-570d-46c6-937f-492d7f3a8364:192.168.34.38:33209, 4a03179f-3169-4ac7-a075-259968512ef0:192.168.34.38:45833] returns group-224A5B6DD22C:java.util.concurrent.CompletableFuture@725871f0[Not completed]
2019-10-16 21:01:15,537 [pool-27-thread-1] INFO  impl.RaftServerImpl (RaftServerImpl.java:<init>(104)) - 0aa3649f-570d-46c6-937f-492d7f3a8364: new RaftServerImpl for group-224A5B6DD22C:[4b287a15-77af-487b-aef7-34d1d0ee189f:192.168.34.38:38597, 0aa3649f-570d-46c6-937f-492d7f3a8364:192.168.34.38:33209, 4a03179f-3169-4ac7-a075-259968512ef0:192.168.34.38:45833] with ContainerStateMachine:uninitialized
2019-10-16 21:01:15,538 [pool-27-thread-1] INFO  server.RaftServerConfigKeys (ConfUtils.java:logGet(43)) - raft.server.rpc.timeout.min = 5s (custom)
2019-10-16 21:01:15,538 [pool-27-thread-1] INFO  server.RaftServerConfigKeys (ConfUtils.java:logGet(43)) - raft.server.rpc.timeout.max = 5200ms (custom)
2019-10-16 21:01:15,538 [pool-27-thread-1] INFO  server.RaftServerConfigKeys (ConfUtils.java:logGet(43)) - raft.server.rpcslowness.timeout = 1000s (custom)
2019-10-16 21:01:15,538 [pool-27-thread-1] INFO  server.RaftServerConfigKeys (ConfUtils.java:logGet(43)) - raft.server.sleep.deviation.threshold = 300 (default)
2019-10-16 21:01:15,538 [pool-27-thread-1] INFO  server.RaftServerConfigKeys (ConfUtils.java:logGet(43)) - raft.server.log.appender.install.snapshot.enabled = false (custom)
2019-10-16 21:01:15,538 [pool-27-thread-1] INFO  impl.RaftServerImpl (ServerState.java:<init>(103)) - 0aa3649f-570d-46c6-937f-492d7f3a8364@group-224A5B6DD22C: ConfigurationManager, init=-1: [4b287a15-77af-487b-aef7-34d1d0ee189f:192.168.34.38:38597, 0aa3649f-570d-46c6-937f-492d7f3a8364:192.168.34.38:33209, 4a03179f-3169-4ac7-a075-259968512ef0:192.168.34.38:45833], old=null, confs=<EMPTY_MAP>
2019-10-16 21:01:15,538 [pool-27-thread-1] INFO  server.RaftServerConfigKeys (ConfUtils.java:logGet(43)) - raft.server.storage.dir = [/workdir/hadoop-ozone/integration-test/target/test-dir/MiniOzoneClusterImpl-c59fee7e-17c5-4f17-b61a-b44f1b433ee8/datanode-0/data/ratis] (custom)
2019-10-16 21:01:15,538 [pool-47-thread-1] INFO  impl.RaftServerImpl (RaftServerImpl.java:<init>(104)) - 4b287a15-77af-487b-aef7-34d1d0ee189f: new RaftServerImpl for group-224A5B6DD22C:[4b287a15-77af-487b-aef7-34d1d0ee189f:192.168.34.38:38597, 0aa3649f-570d-46c6-937f-492d7f3a8364:192.168.34.38:33209, 4a03179f-3169-4ac7-a075-259968512ef0:192.168.34.38:45833] with ContainerStateMachine:uninitialized
2019-10-16 21:01:15,539 [pool-47-thread-1] INFO  server.RaftServerConfigKeys (ConfUtils.java:logGet(43)) - raft.server.rpc.timeout.min = 5s (custom)
2019-10-16 21:01:15,539 [pool-27-thread-1] INFO  server.RaftServerConfigKeys (ConfUtils.java:logGet(43)) - raft.server.log.corruption.policy = EXCEPTION (default)
2019-10-16 21:01:15,539 [pool-47-thread-1] INFO  server.RaftServerConfigKeys (ConfUtils.java:logGet(43)) - raft.server.rpc.timeout.max = 5200ms (custom)
2019-10-16 21:01:15,539 [pool-27-thread-1] INFO  storage.RaftStorageDirectory (RaftStorageDirectory.java:analyzeStorage(246)) - The storage directory /workdir/hadoop-ozone/integration-test/target/test-dir/MiniOzoneClusterImpl-c59fee7e-17c5-4f17-b61a-b44f1b433ee8/datanode-0/data/ratis/0ca55da0-a14d-45b6-b30c-224a5b6dd22c does not exist. Creating ...
2019-10-16 21:01:15,539 [pool-47-thread-1] INFO  server.RaftServerConfigKeys (ConfUtils.java:logGet(43)) - raft.server.rpcslowness.timeout = 1000s (custom)
2019-10-16 21:01:15,539 [pool-37-thread-1] INFO  impl.RaftServerImpl (RaftServerImpl.java:<init>(104)) - 4a03179f-3169-4ac7-a075-259968512ef0: new RaftServerImpl for group-224A5B6DD22C:[4b287a15-77af-487b-aef7-34d1d0ee189f:192.168.34.38:38597, 0aa3649f-570d-46c6-937f-492d7f3a8364:192.168.34.38:33209, 4a03179f-3169-4ac7-a075-259968512ef0:192.168.34.38:45833] with ContainerStateMachine:uninitialized
2019-10-16 21:01:15,539 [pool-47-thread-1] INFO  server.RaftServerConfigKeys (ConfUtils.java:logGet(43)) - raft.server.sleep.deviation.threshold = 300 (default)
2019-10-16 21:01:15,539 [pool-37-thread-1] INFO  server.RaftServerConfigKeys (ConfUtils.java:logGet(43)) - raft.server.rpc.timeout.min = 5s (custom)
2019-10-16 21:01:15,539 [pool-47-thread-1] INFO  server.RaftServerConfigKeys (ConfUtils.java:logGet(43)) - raft.server.log.appender.install.snapshot.enabled = false (custom)
2019-10-16 21:01:15,539 [pool-37-thread-1] INFO  server.RaftServerConfigKeys (ConfUtils.java:logGet(43)) - raft.server.rpc.timeout.max = 5200ms (custom)
2019-10-16 21:01:15,539 [pool-47-thread-1] INFO  impl.RaftServerImpl (ServerState.java:<init>(103)) - 4b287a15-77af-487b-aef7-34d1d0ee189f@group-224A5B6DD22C: ConfigurationManager, init=-1: [4b287a15-77af-487b-aef7-34d1d0ee189f:192.168.34.38:38597, 0aa3649f-570d-46c6-937f-492d7f3a8364:192.168.34.38:33209, 4a03179f-3169-4ac7-a075-259968512ef0:192.168.34.38:45833], old=null, confs=<EMPTY_MAP>
2019-10-16 21:01:15,539 [pool-37-thread-1] INFO  server.RaftServerConfigKeys (ConfUtils.java:logGet(43)) - raft.server.rpcslowness.timeout = 1000s (custom)
2019-10-16 21:01:15,540 [pool-37-thread-1] INFO  server.RaftServerConfigKeys (ConfUtils.java:logGet(43)) - raft.server.sleep.deviation.threshold = 300 (default)
2019-10-16 21:01:15,540 [pool-47-thread-1] INFO  server.RaftServerConfigKeys (ConfUtils.java:logGet(43)) - raft.server.storage.dir = [/workdir/hadoop-ozone/integration-test/target/test-dir/MiniOzoneClusterImpl-c59fee7e-17c5-4f17-b61a-b44f1b433ee8/datanode-2/data/ratis] (custom)
2019-10-16 21:01:15,540 [pool-37-thread-1] INFO  server.RaftServerConfigKeys (ConfUtils.java:logGet(43)) - raft.server.log.appender.install.snapshot.enabled = false (custom)
2019-10-16 21:01:15,540 [pool-37-thread-1] INFO  impl.RaftServerImpl (ServerState.java:<init>(103)) - 4a03179f-3169-4ac7-a075-259968512ef0@group-224A5B6DD22C: ConfigurationManager, init=-1: [4b287a15-77af-487b-aef7-34d1d0ee189f:192.168.34.38:38597, 0aa3649f-570d-46c6-937f-492d7f3a8364:192.168.34.38:33209, 4a03179f-3169-4ac7-a075-259968512ef0:192.168.34.38:45833], old=null, confs=<EMPTY_MAP>
2019-10-16 21:01:15,540 [pool-37-thread-1] INFO  server.RaftServerConfigKeys (ConfUtils.java:logGet(43)) - raft.server.storage.dir = [/workdir/hadoop-ozone/integration-test/target/test-dir/MiniOzoneClusterImpl-c59fee7e-17c5-4f17-b61a-b44f1b433ee8/datanode-1/data/ratis] (custom)
2019-10-16 21:01:15,541 [pool-47-thread-1] INFO  server.RaftServerConfigKeys (ConfUtils.java:logGet(43)) - raft.server.log.corruption.policy = EXCEPTION (default)
2019-10-16 21:01:15,541 [pool-37-thread-1] INFO  server.RaftServerConfigKeys (ConfUtils.java:logGet(43)) - raft.server.log.corruption.policy = EXCEPTION (default)
2019-10-16 21:01:15,541 [pool-47-thread-1] INFO  storage.RaftStorageDirectory (RaftStorageDirectory.java:analyzeStorage(246)) - The storage directory /workdir/hadoop-ozone/integration-test/target/test-dir/MiniOzoneClusterImpl-c59fee7e-17c5-4f17-b61a-b44f1b433ee8/datanode-2/data/ratis/0ca55da0-a14d-45b6-b30c-224a5b6dd22c does not exist. Creating ...
2019-10-16 21:01:15,541 [pool-37-thread-1] INFO  storage.RaftStorageDirectory (RaftStorageDirectory.java:analyzeStorage(246)) - The storage directory /workdir/hadoop-ozone/integration-test/target/test-dir/MiniOzoneClusterImpl-c59fee7e-17c5-4f17-b61a-b44f1b433ee8/datanode-1/data/ratis/0ca55da0-a14d-45b6-b30c-224a5b6dd22c does not exist. Creating ...
2019-10-16 21:01:15,541 [pool-27-thread-1] INFO  storage.RaftStorageDirectory (RaftStorageDirectory.java:tryLock(328)) - Lock on /workdir/hadoop-ozone/integration-test/target/test-dir/MiniOzoneClusterImpl-c59fee7e-17c5-4f17-b61a-b44f1b433ee8/datanode-0/data/ratis/0ca55da0-a14d-45b6-b30c-224a5b6dd22c/in_use.lock acquired by nodename 17043@pr-hdds-1868-89kc4-1304904179
2019-10-16 21:01:15,544 [pool-37-thread-1] INFO  storage.RaftStorageDirectory (RaftStorageDirectory.java:tryLock(328)) - Lock on /workdir/hadoop-ozone/integration-test/target/test-dir/MiniOzoneClusterImpl-c59fee7e-17c5-4f17-b61a-b44f1b433ee8/datanode-1/data/ratis/0ca55da0-a14d-45b6-b30c-224a5b6dd22c/in_use.lock acquired by nodename 17043@pr-hdds-1868-89kc4-1304904179
2019-10-16 21:01:15,544 [pool-47-thread-1] INFO  storage.RaftStorageDirectory (RaftStorageDirectory.java:tryLock(328)) - Lock on /workdir/hadoop-ozone/integration-test/target/test-dir/MiniOzoneClusterImpl-c59fee7e-17c5-4f17-b61a-b44f1b433ee8/datanode-2/data/ratis/0ca55da0-a14d-45b6-b30c-224a5b6dd22c/in_use.lock acquired by nodename 17043@pr-hdds-1868-89kc4-1304904179
2019-10-16 21:01:15,545 [pool-27-thread-1] INFO  storage.RaftStorage (RaftStorage.java:format(84)) - Storage directory /workdir/hadoop-ozone/integration-test/target/test-dir/MiniOzoneClusterImpl-c59fee7e-17c5-4f17-b61a-b44f1b433ee8/datanode-0/data/ratis/0ca55da0-a14d-45b6-b30c-224a5b6dd22c has been successfully formatted.
2019-10-16 21:01:15,545 [pool-27-thread-1] INFO  ratis.ContainerStateMachine (ContainerStateMachine.java:loadSnapshot(233)) - group-224A5B6DD22C: The snapshot info is null. Setting the last applied indexto:(t:0, i:~)
2019-10-16 21:01:15,545 [pool-27-thread-1] INFO  server.RaftServerConfigKeys (ConfUtils.java:logGet(43)) - raft.server.notification.no-leader.timeout = 1000s (custom)
2019-10-16 21:01:15,545 [pool-27-thread-1] INFO  server.RaftServerConfigKeys (ConfUtils.java:logGet(43)) - raft.server.log.use.memory = false (default)
2019-10-16 21:01:15,546 [pool-27-thread-1] INFO  server.RaftServerConfigKeys (ConfUtils.java:logGet(43)) - raft.server.log.purge.gap = 1000000 (custom)
2019-10-16 21:01:15,546 [pool-27-thread-1] INFO  server.RaftServerConfigKeys (ConfUtils.java:logGet(43)) - raft.server.log.appender.buffer.byte-limit = 33554432 (custom)
2019-10-16 21:01:15,546 [pool-27-thread-1] INFO  server.RaftServerConfigKeys (ConfUtils.java:logGet(43)) - raft.server.log.segment.size.max = 1048576 (custom)
2019-10-16 21:01:15,546 [pool-27-thread-1] INFO  server.RaftServerConfigKeys (ConfUtils.java:logGet(43)) - raft.server.log.segment.cache.num.max = 2 (custom)
2019-10-16 21:01:15,546 [pool-27-thread-1] INFO  segmented.SegmentedRaftLogWorker (SegmentedRaftLogWorker.java:<init>(173)) - new 0aa3649f-570d-46c6-937f-492d7f3a8364@group-224A5B6DD22C-SegmentedRaftLogWorker for RaftStorage:Storage Directory /workdir/hadoop-ozone/integration-test/target/test-dir/MiniOzoneClusterImpl-c59fee7e-17c5-4f17-b61a-b44f1b433ee8/datanode-0/data/ratis/0ca55da0-a14d-45b6-b30c-224a5b6dd22c
2019-10-16 21:01:15,546 [pool-27-thread-1] INFO  server.RaftServerConfigKeys (ConfUtils.java:logGet(43)) - raft.server.log.queue.byte-limit = 2147483647 (custom)
2019-10-16 21:01:15,546 [pool-27-thread-1] INFO  server.RaftServerConfigKeys (ConfUtils.java:logGet(43)) - raft.server.log.queue.element-limit = 1024 (custom)
2019-10-16 21:01:15,546 [pool-27-thread-1] INFO  server.RaftServerConfigKeys (ConfUtils.java:logGet(43)) - raft.server.log.segment.size.max = 1048576 (custom)
2019-10-16 21:01:15,546 [pool-27-thread-1] INFO  server.RaftServerConfigKeys (ConfUtils.java:logGet(43)) - raft.server.log.preallocated.size = 16384 (custom)
2019-10-16 21:01:15,547 [pool-27-thread-1] INFO  server.RaftServerConfigKeys (ConfUtils.java:logGet(43)) - raft.server.log.write.buffer.size = 33554432 (custom)
2019-10-16 21:01:15,547 [pool-27-thread-1] INFO  server.RaftServerConfigKeys (ConfUtils.java:logGet(43)) - raft.server.log.force.sync.num = 128 (default)
2019-10-16 21:01:15,547 [pool-27-thread-1] INFO  server.RaftServerConfigKeys (ConfUtils.java:logGet(43)) - raft.server.log.statemachine.data.sync = true (default)
2019-10-16 21:01:15,547 [pool-27-thread-1] INFO  server.RaftServerConfigKeys (ConfUtils.java:logGet(43)) - raft.server.log.statemachine.data.sync.timeout = 10s (default)
2019-10-16 21:01:15,547 [pool-27-thread-1] INFO  server.RaftServerConfigKeys (ConfUtils.java:logGet(43)) - raft.server.log.statemachine.data.sync.timeout.retry = -1 (default)
2019-10-16 21:01:15,547 [pool-47-thread-1] INFO  storage.RaftStorage (RaftStorage.java:format(84)) - Storage directory /workdir/hadoop-ozone/integration-test/target/test-dir/MiniOzoneClusterImpl-c59fee7e-17c5-4f17-b61a-b44f1b433ee8/datanode-2/data/ratis/0ca55da0-a14d-45b6-b30c-224a5b6dd22c has been successfully formatted.
2019-10-16 21:01:15,547 [pool-27-thread-1] INFO  server.RaftServerConfigKeys (ConfUtils.java:logGet(43)) - raft.server.log.statemachine.data.caching.enabled = true (custom)
2019-10-16 21:01:15,547 [pool-37-thread-1] INFO  storage.RaftStorage (RaftStorage.java:format(84)) - Storage directory /workdir/hadoop-ozone/integration-test/target/test-dir/MiniOzoneClusterImpl-c59fee7e-17c5-4f17-b61a-b44f1b433ee8/datanode-1/data/ratis/0ca55da0-a14d-45b6-b30c-224a5b6dd22c has been successfully formatted.
2019-10-16 21:01:15,547 [pool-47-thread-1] INFO  ratis.ContainerStateMachine (ContainerStateMachine.java:loadSnapshot(233)) - group-224A5B6DD22C: The snapshot info is null. Setting the last applied indexto:(t:0, i:~)
2019-10-16 21:01:15,547 [pool-27-thread-1] INFO  segmented.SegmentedRaftLogWorker (SegmentedRaftLogWorker.java:lambda$new$0(128)) - 0aa3649f-570d-46c6-937f-492d7f3a8364@group-224A5B6DD22C-SegmentedRaftLogWorker: flushIndex: setUnconditionally 0 -> -1
2019-10-16 21:01:15,547 [pool-47-thread-1] INFO  server.RaftServerConfigKeys (ConfUtils.java:logGet(43)) - raft.server.notification.no-leader.timeout = 1000s (custom)
2019-10-16 21:01:15,547 [pool-37-thread-1] INFO  ratis.ContainerStateMachine (ContainerStateMachine.java:loadSnapshot(233)) - group-224A5B6DD22C: The snapshot info is null. Setting the last applied indexto:(t:0, i:~)
2019-10-16 21:01:15,548 [pool-27-thread-1] INFO  server.RaftServerConfigKeys (ConfUtils.java:logGet(43)) - raft.server.snapshot.auto.trigger.enabled = true (custom)
2019-10-16 21:01:15,548 [pool-47-thread-1] INFO  server.RaftServerConfigKeys (ConfUtils.java:logGet(43)) - raft.server.log.use.memory = false (default)
2019-10-16 21:01:15,548 [pool-27-thread-1] INFO  server.RaftServerConfigKeys (ConfUtils.java:logGet(43)) - raft.server.snapshot.auto.trigger.threshold = 10000 (custom)
2019-10-16 21:01:15,548 [pool-37-thread-1] INFO  server.RaftServerConfigKeys (ConfUtils.java:logGet(43)) - raft.server.notification.no-leader.timeout = 1000s (custom)
2019-10-16 21:01:15,548 [pool-27-thread-1] INFO  server.RaftServerConfigKeys (ConfUtils.java:logGet(43)) - raft.server.snapshot.retention.file.num = 5 (custom)
2019-10-16 21:01:15,548 [pool-47-thread-1] INFO  server.RaftServerConfigKeys (ConfUtils.java:logGet(43)) - raft.server.log.purge.gap = 1000000 (custom)
2019-10-16 21:01:15,548 [pool-37-thread-1] INFO  server.RaftServerConfigKeys (ConfUtils.java:logGet(43)) - raft.server.log.use.memory = false (default)
2019-10-16 21:01:15,548 [pool-47-thread-1] INFO  server.RaftServerConfigKeys (ConfUtils.java:logGet(43)) - raft.server.log.appender.buffer.byte-limit = 33554432 (custom)
2019-10-16 21:01:15,548 [pool-27-thread-1] INFO  server.RaftServerConfigKeys (ConfUtils.java:logGet(43)) - raft.server.retrycache.expirytime = 600000ms (custom)
2019-10-16 21:01:15,548 [pool-47-thread-1] INFO  server.RaftServerConfigKeys (ConfUtils.java:logGet(43)) - raft.server.log.segment.size.max = 1048576 (custom)
2019-10-16 21:01:15,548 [pool-37-thread-1] INFO  server.RaftServerConfigKeys (ConfUtils.java:logGet(43)) - raft.server.log.purge.gap = 1000000 (custom)
2019-10-16 21:01:15,548 [pool-47-thread-1] INFO  server.RaftServerConfigKeys (ConfUtils.java:logGet(43)) - raft.server.log.segment.cache.num.max = 2 (custom)
2019-10-16 21:01:15,549 [pool-37-thread-1] INFO  server.RaftServerConfigKeys (ConfUtils.java:logGet(43)) - raft.server.log.appender.buffer.byte-limit = 33554432 (custom)
2019-10-16 21:01:15,549 [pool-47-thread-1] INFO  segmented.SegmentedRaftLogWorker (SegmentedRaftLogWorker.java:<init>(173)) - new 4b287a15-77af-487b-aef7-34d1d0ee189f@group-224A5B6DD22C-SegmentedRaftLogWorker for RaftStorage:Storage Directory /workdir/hadoop-ozone/integration-test/target/test-dir/MiniOzoneClusterImpl-c59fee7e-17c5-4f17-b61a-b44f1b433ee8/datanode-2/data/ratis/0ca55da0-a14d-45b6-b30c-224a5b6dd22c
2019-10-16 21:01:15,549 [pool-37-thread-1] INFO  server.RaftServerConfigKeys (ConfUtils.java:logGet(43)) - raft.server.log.segment.size.max = 1048576 (custom)
2019-10-16 21:01:15,549 [pool-47-thread-1] INFO  server.RaftServerConfigKeys (ConfUtils.java:logGet(43)) - raft.server.log.queue.byte-limit = 2147483647 (custom)
2019-10-16 21:01:15,549 [pool-37-thread-1] INFO  server.RaftServerConfigKeys (ConfUtils.java:logGet(43)) - raft.server.log.segment.cache.num.max = 2 (custom)
2019-10-16 21:01:15,549 [pool-47-thread-1] INFO  server.RaftServerConfigKeys (ConfUtils.java:logGet(43)) - raft.server.log.queue.element-limit = 1024 (custom)
2019-10-16 21:01:15,549 [pool-37-thread-1] INFO  segmented.SegmentedRaftLogWorker (SegmentedRaftLogWorker.java:<init>(173)) - new 4a03179f-3169-4ac7-a075-259968512ef0@group-224A5B6DD22C-SegmentedRaftLogWorker for RaftStorage:Storage Directory /workdir/hadoop-ozone/integration-test/target/test-dir/MiniOzoneClusterImpl-c59fee7e-17c5-4f17-b61a-b44f1b433ee8/datanode-1/data/ratis/0ca55da0-a14d-45b6-b30c-224a5b6dd22c
2019-10-16 21:01:15,549 [pool-47-thread-1] INFO  server.RaftServerConfigKeys (ConfUtils.java:logGet(43)) - raft.server.log.segment.size.max = 1048576 (custom)
2019-10-16 21:01:15,549 [pool-37-thread-1] INFO  server.RaftServerConfigKeys (ConfUtils.java:logGet(43)) - raft.server.log.queue.byte-limit = 2147483647 (custom)
2019-10-16 21:01:15,549 [pool-47-thread-1] INFO  server.RaftServerConfigKeys (ConfUtils.java:logGet(43)) - raft.server.log.preallocated.size = 16384 (custom)
2019-10-16 21:01:15,549 [pool-37-thread-1] INFO  server.RaftServerConfigKeys (ConfUtils.java:logGet(43)) - raft.server.log.queue.element-limit = 1024 (custom)
2019-10-16 21:01:15,549 [pool-47-thread-1] INFO  server.RaftServerConfigKeys (ConfUtils.java:logGet(43)) - raft.server.log.write.buffer.size = 33554432 (custom)
2019-10-16 21:01:15,550 [pool-37-thread-1] INFO  server.RaftServerConfigKeys (ConfUtils.java:logGet(43)) - raft.server.log.segment.size.max = 1048576 (custom)
2019-10-16 21:01:15,550 [pool-47-thread-1] INFO  server.RaftServerConfigKeys (ConfUtils.java:logGet(43)) - raft.server.log.force.sync.num = 128 (default)
2019-10-16 21:01:15,550 [pool-37-thread-1] INFO  server.RaftServerConfigKeys (ConfUtils.java:logGet(43)) - raft.server.log.preallocated.size = 16384 (custom)
2019-10-16 21:01:15,550 [pool-47-thread-1] INFO  server.RaftServerConfigKeys (ConfUtils.java:logGet(43)) - raft.server.log.statemachine.data.sync = true (default)
2019-10-16 21:01:15,550 [pool-37-thread-1] INFO  server.RaftServerConfigKeys (ConfUtils.java:logGet(43)) - raft.server.log.write.buffer.size = 33554432 (custom)
2019-10-16 21:01:15,550 [pool-27-thread-1] INFO  impl.RaftServerImpl (RaftServerImpl.java:start(195)) - 0aa3649f-570d-46c6-937f-492d7f3a8364@group-224A5B6DD22C: start as a follower, conf=-1: [4b287a15-77af-487b-aef7-34d1d0ee189f:192.168.34.38:38597, 0aa3649f-570d-46c6-937f-492d7f3a8364:192.168.34.38:33209, 4a03179f-3169-4ac7-a075-259968512ef0:192.168.34.38:45833], old=null
2019-10-16 21:01:15,550 [pool-47-thread-1] INFO  server.RaftServerConfigKeys (ConfUtils.java:logGet(43)) - raft.server.log.statemachine.data.sync.timeout = 10s (default)
2019-10-16 21:01:15,550 [pool-27-thread-1] INFO  impl.RaftServerImpl (RaftServerImpl.java:setRole(184)) - 0aa3649f-570d-46c6-937f-492d7f3a8364@group-224A5B6DD22C: changes role from      null to FOLLOWER at term 0 for startAsFollower
2019-10-16 21:01:15,550 [pool-37-thread-1] INFO  server.RaftServerConfigKeys (ConfUtils.java:logGet(43)) - raft.server.log.force.sync.num = 128 (default)
2019-10-16 21:01:15,550 [pool-27-thread-1] INFO  impl.RoleInfo (RoleInfo.java:updateAndGet(143)) - 0aa3649f-570d-46c6-937f-492d7f3a8364: start FollowerState
2019-10-16 21:01:15,550 [pool-47-thread-1] INFO  server.RaftServerConfigKeys (ConfUtils.java:logGet(43)) - raft.server.log.statemachine.data.sync.timeout.retry = -1 (default)
2019-10-16 21:01:15,551 [pool-27-thread-1] INFO  util.JmxRegister (JmxRegister.java:tryRegister(44)) - Successfully registered JMX Bean with object name Ratis:service=RaftServer,group=group-224A5B6DD22C,id=0aa3649f-570d-46c6-937f-492d7f3a8364
2019-10-16 21:01:15,550 [pool-37-thread-1] INFO  server.RaftServerConfigKeys (ConfUtils.java:logGet(43)) - raft.server.log.statemachine.data.sync = true (default)
2019-10-16 21:01:15,551 [pool-47-thread-1] INFO  server.RaftServerConfigKeys (ConfUtils.java:logGet(43)) - raft.server.log.statemachine.data.caching.enabled = true (custom)
2019-10-16 21:01:15,551 [pool-37-thread-1] INFO  server.RaftServerConfigKeys (ConfUtils.java:logGet(43)) - raft.server.log.statemachine.data.sync.timeout = 10s (default)
2019-10-16 21:01:15,551 [pool-37-thread-1] INFO  server.RaftServerConfigKeys (ConfUtils.java:logGet(43)) - raft.server.log.statemachine.data.sync.timeout.retry = -1 (default)
2019-10-16 21:01:15,551 [pool-47-thread-1] INFO  segmented.SegmentedRaftLogWorker (SegmentedRaftLogWorker.java:lambda$new$0(128)) - 4b287a15-77af-487b-aef7-34d1d0ee189f@group-224A5B6DD22C-SegmentedRaftLogWorker: flushIndex: setUnconditionally 0 -> -1
2019-10-16 21:01:15,551 [pool-37-thread-1] INFO  server.RaftServerConfigKeys (ConfUtils.java:logGet(43)) - raft.server.log.statemachine.data.caching.enabled = true (custom)
2019-10-16 21:01:15,551 [pool-47-thread-1] INFO  server.RaftServerConfigKeys (ConfUtils.java:logGet(43)) - raft.server.snapshot.auto.trigger.enabled = true (custom)
2019-10-16 21:01:15,552 [pool-47-thread-1] INFO  server.RaftServerConfigKeys (ConfUtils.java:logGet(43)) - raft.server.snapshot.auto.trigger.threshold = 10000 (custom)
2019-10-16 21:01:15,552 [pool-37-thread-1] INFO  segmented.SegmentedRaftLogWorker (SegmentedRaftLogWorker.java:lambda$new$0(128)) - 4a03179f-3169-4ac7-a075-259968512ef0@group-224A5B6DD22C-SegmentedRaftLogWorker: flushIndex: setUnconditionally 0 -> -1
2019-10-16 21:01:15,552 [pool-47-thread-1] INFO  server.RaftServerConfigKeys (ConfUtils.java:logGet(43)) - raft.server.snapshot.retention.file.num = 5 (custom)
2019-10-16 21:01:15,552 [pool-37-thread-1] INFO  server.RaftServerConfigKeys (ConfUtils.java:logGet(43)) - raft.server.snapshot.auto.trigger.enabled = true (custom)
2019-10-16 21:01:15,552 [pool-47-thread-1] INFO  server.RaftServerConfigKeys (ConfUtils.java:logGet(43)) - raft.server.retrycache.expirytime = 600000ms (custom)
2019-10-16 21:01:15,552 [pool-37-thread-1] INFO  server.RaftServerConfigKeys (ConfUtils.java:logGet(43)) - raft.server.snapshot.auto.trigger.threshold = 10000 (custom)
2019-10-16 21:01:15,552 [pool-37-thread-1] INFO  server.RaftServerConfigKeys (ConfUtils.java:logGet(43)) - raft.server.snapshot.retention.file.num = 5 (custom)
2019-10-16 21:01:15,552 [pool-37-thread-1] INFO  server.RaftServerConfigKeys (ConfUtils.java:logGet(43)) - raft.server.retrycache.expirytime = 600000ms (custom)
2019-10-16 21:01:15,554 [Thread-199] INFO  impl.FollowerState (FollowerState.java:run(108)) - 0aa3649f-570d-46c6-937f-492d7f3a8364@group-224A5B6DD22C-FollowerState: change to CANDIDATE, lastRpcTime:3ms, electionTimeout:2ms
2019-10-16 21:01:15,554 [Thread-199] INFO  impl.RoleInfo (RoleInfo.java:shutdownFollowerState(121)) - 0aa3649f-570d-46c6-937f-492d7f3a8364: shutdown FollowerState
2019-10-16 21:01:15,554 [Thread-199] INFO  impl.RaftServerImpl (RaftServerImpl.java:setRole(184)) - 0aa3649f-570d-46c6-937f-492d7f3a8364@group-224A5B6DD22C: changes role from  FOLLOWER to CANDIDATE at term 0 for changeToCandidate
2019-10-16 21:01:15,555 [Thread-199] INFO  impl.RoleInfo (RoleInfo.java:updateAndGet(143)) - 0aa3649f-570d-46c6-937f-492d7f3a8364: start LeaderElection
2019-10-16 21:01:15,558 [pool-47-thread-1] INFO  impl.RaftServerImpl (RaftServerImpl.java:start(195)) - 4b287a15-77af-487b-aef7-34d1d0ee189f@group-224A5B6DD22C: start as a follower, conf=-1: [4b287a15-77af-487b-aef7-34d1d0ee189f:192.168.34.38:38597, 0aa3649f-570d-46c6-937f-492d7f3a8364:192.168.34.38:33209, 4a03179f-3169-4ac7-a075-259968512ef0:192.168.34.38:45833], old=null
2019-10-16 21:01:15,558 [pool-47-thread-1] INFO  impl.RaftServerImpl (RaftServerImpl.java:setRole(184)) - 4b287a15-77af-487b-aef7-34d1d0ee189f@group-224A5B6DD22C: changes role from      null to FOLLOWER at term 0 for startAsFollower
2019-10-16 21:01:15,558 [pool-47-thread-1] INFO  impl.RoleInfo (RoleInfo.java:updateAndGet(143)) - 4b287a15-77af-487b-aef7-34d1d0ee189f: start FollowerState
2019-10-16 21:01:15,559 [pool-47-thread-1] INFO  util.JmxRegister (JmxRegister.java:tryRegister(44)) - Successfully registered JMX Bean with object name Ratis:service=RaftServer,group=group-224A5B6DD22C,id=4b287a15-77af-487b-aef7-34d1d0ee189f
2019-10-16 21:01:15,559 [pool-37-thread-1] INFO  impl.RaftServerImpl (RaftServerImpl.java:start(195)) - 4a03179f-3169-4ac7-a075-259968512ef0@group-224A5B6DD22C: start as a follower, conf=-1: [4b287a15-77af-487b-aef7-34d1d0ee189f:192.168.34.38:38597, 0aa3649f-570d-46c6-937f-492d7f3a8364:192.168.34.38:33209, 4a03179f-3169-4ac7-a075-259968512ef0:192.168.34.38:45833], old=null
2019-10-16 21:01:15,559 [pool-37-thread-1] INFO  impl.RaftServerImpl (RaftServerImpl.java:setRole(184)) - 4a03179f-3169-4ac7-a075-259968512ef0@group-224A5B6DD22C: changes role from      null to FOLLOWER at term 0 for startAsFollower
2019-10-16 21:01:15,560 [pool-37-thread-1] INFO  impl.RoleInfo (RoleInfo.java:updateAndGet(143)) - 4a03179f-3169-4ac7-a075-259968512ef0: start FollowerState
2019-10-16 21:01:15,560 [pool-37-thread-1] INFO  util.JmxRegister (JmxRegister.java:tryRegister(44)) - Successfully registered JMX Bean with object name Ratis:service=RaftServer,group=group-224A5B6DD22C,id=4a03179f-3169-4ac7-a075-259968512ef0
2019-10-16 21:01:15,572 [RatisPipelineUtilsThread] INFO  pipeline.PipelineStateManager (PipelineStateManager.java:addPipeline(57)) - Created pipeline Pipeline[ Id: 0ca55da0-a14d-45b6-b30c-224a5b6dd22c, Nodes: 0aa3649f-570d-46c6-937f-492d7f3a8364{ip: 192.168.34.38, host: pr-hdds-1868-89kc4-1304904179, networkLocation: /default-rack, certSerialId: null}4b287a15-77af-487b-aef7-34d1d0ee189f{ip: 192.168.34.38, host: pr-hdds-1868-89kc4-1304904179, networkLocation: /default-rack, certSerialId: null}4a03179f-3169-4ac7-a075-259968512ef0{ip: 192.168.34.38, host: pr-hdds-1868-89kc4-1304904179, networkLocation: /default-rack, certSerialId: null}, Type:RATIS, Factor:THREE, State:ALLOCATED]
2019-10-16 21:01:15,573 [EventQueue-PipelineReportForPipelineReportHandler] INFO  pipeline.PipelineReportHandler (PipelineReportHandler.java:processPipelineReport(119)) - Pipeline PipelineID=e471993f-b61c-44c4-973f-360612460fac reported by 0aa3649f-570d-46c6-937f-492d7f3a8364{ip: 192.168.34.38, host: pr-hdds-1868-89kc4-1304904179, networkLocation: /default-rack, certSerialId: null} with leaderId 0aa3649f-570d-46c6-937f-492d7f3a8364
2019-10-16 21:01:15,574 [0aa3649f-570d-46c6-937f-492d7f3a8364@group-224A5B6DD22C-LeaderElection3] INFO  impl.LeaderElection (LeaderElection.java:askForVotes(178)) - 0aa3649f-570d-46c6-937f-492d7f3a8364@group-224A5B6DD22C-LeaderElection3: begin an election at term 1 for -1: [4b287a15-77af-487b-aef7-34d1d0ee189f:192.168.34.38:38597, 0aa3649f-570d-46c6-937f-492d7f3a8364:192.168.34.38:33209, 4a03179f-3169-4ac7-a075-259968512ef0:192.168.34.38:45833], old=null
2019-10-16 21:01:15,596 [Thread-196] INFO  impl.FollowerState (FollowerState.java:run(108)) - 4a03179f-3169-4ac7-a075-259968512ef0@group-2D7F127AF803-FollowerState: change to CANDIDATE, lastRpcTime:90ms, electionTimeout:77ms
2019-10-16 21:01:15,596 [Thread-196] INFO  impl.RoleInfo (RoleInfo.java:shutdownFollowerState(121)) - 4a03179f-3169-4ac7-a075-259968512ef0: shutdown FollowerState
2019-10-16 21:01:15,596 [Thread-196] INFO  impl.RaftServerImpl (RaftServerImpl.java:setRole(184)) - 4a03179f-3169-4ac7-a075-259968512ef0@group-2D7F127AF803: changes role from  FOLLOWER to CANDIDATE at term 0 for changeToCandidate
2019-10-16 21:01:15,596 [Thread-196] INFO  impl.RoleInfo (RoleInfo.java:updateAndGet(143)) - 4a03179f-3169-4ac7-a075-259968512ef0: start LeaderElection
2019-10-16 21:01:15,600 [EventQueue-PipelineReportForPipelineReportHandler] INFO  pipeline.PipelineStateManager (PipelineStateManager.java:openPipeline(136)) - Pipeline Pipeline[ Id: e471993f-b61c-44c4-973f-360612460fac, Nodes: 0aa3649f-570d-46c6-937f-492d7f3a8364{ip: 192.168.34.38, host: pr-hdds-1868-89kc4-1304904179, networkLocation: /default-rack, certSerialId: null}, Type:RATIS, Factor:ONE, State:OPEN] moved to OPEN state
2019-10-16 21:01:15,600 [EventQueue-PipelineReportForPipelineReportHandler] INFO  pipeline.PipelineReportHandler (PipelineReportHandler.java:processPipelineReport(119)) - Pipeline PipelineID=b7381301-66b3-4430-9ae7-968e4693433d reported by 4b287a15-77af-487b-aef7-34d1d0ee189f{ip: 192.168.34.38, host: pr-hdds-1868-89kc4-1304904179, networkLocation: /default-rack, certSerialId: null} with leaderId 4b287a15-77af-487b-aef7-34d1d0ee189f
2019-10-16 21:01:15,601 [EventQueue-PipelineReportForPipelineReportHandler] INFO  pipeline.PipelineStateManager (PipelineStateManager.java:openPipeline(136)) - Pipeline Pipeline[ Id: b7381301-66b3-4430-9ae7-968e4693433d, Nodes: 4b287a15-77af-487b-aef7-34d1d0ee189f{ip: 192.168.34.38, host: pr-hdds-1868-89kc4-1304904179, networkLocation: /default-rack, certSerialId: null}, Type:RATIS, Factor:ONE, State:OPEN] moved to OPEN state
2019-10-16 21:01:15,613 [4b287a15-77af-487b-aef7-34d1d0ee189f@group-968E4693433D-SegmentedRaftLogWorker] INFO  segmented.SegmentedRaftLogWorker (SegmentedRaftLogWorker.java:execute(576)) - 4b287a15-77af-487b-aef7-34d1d0ee189f@group-968E4693433D-SegmentedRaftLogWorker: created new log segment /workdir/hadoop-ozone/integration-test/target/test-dir/MiniOzoneClusterImpl-c59fee7e-17c5-4f17-b61a-b44f1b433ee8/datanode-2/data/ratis/b7381301-66b3-4430-9ae7-968e4693433d/current/log_inprogress_0
2019-10-16 21:01:15,613 [0aa3649f-570d-46c6-937f-492d7f3a8364@group-360612460FAC-SegmentedRaftLogWorker] INFO  segmented.SegmentedRaftLogWorker (SegmentedRaftLogWorker.java:execute(576)) - 0aa3649f-570d-46c6-937f-492d7f3a8364@group-360612460FAC-SegmentedRaftLogWorker: created new log segment /workdir/hadoop-ozone/integration-test/target/test-dir/MiniOzoneClusterImpl-c59fee7e-17c5-4f17-b61a-b44f1b433ee8/datanode-0/data/ratis/e471993f-b61c-44c4-973f-360612460fac/current/log_inprogress_0
2019-10-16 21:01:15,613 [4a03179f-3169-4ac7-a075-259968512ef0@group-2D7F127AF803-LeaderElection4] INFO  impl.LeaderElection (LeaderElection.java:askForVotes(178)) - 4a03179f-3169-4ac7-a075-259968512ef0@group-2D7F127AF803-LeaderElection4: begin an election at term 1 for -1: [4a03179f-3169-4ac7-a075-259968512ef0:192.168.34.38:45833], old=null
2019-10-16 21:01:15,616 [4a03179f-3169-4ac7-a075-259968512ef0@group-2D7F127AF803-LeaderElection4] INFO  impl.RoleInfo (RoleInfo.java:shutdownLeaderElection(134)) - 4a03179f-3169-4ac7-a075-259968512ef0: shutdown LeaderElection
2019-10-16 21:01:15,616 [4a03179f-3169-4ac7-a075-259968512ef0@group-2D7F127AF803-LeaderElection4] INFO  impl.RaftServerImpl (RaftServerImpl.java:setRole(184)) - 4a03179f-3169-4ac7-a075-259968512ef0@group-2D7F127AF803: changes role from CANDIDATE to LEADER at term 1 for changeToLeader
2019-10-16 21:01:15,616 [4a03179f-3169-4ac7-a075-259968512ef0@group-2D7F127AF803-LeaderElection4] INFO  ratis.XceiverServerRatis (XceiverServerRatis.java:handleLeaderChangedNotification(700)) - Leader change notification received for group: group-2D7F127AF803 with new leaderId: 4a03179f-3169-4ac7-a075-259968512ef0
2019-10-16 21:01:15,617 [4a03179f-3169-4ac7-a075-259968512ef0@group-2D7F127AF803-LeaderElection4] INFO  impl.RaftServerImpl (ServerState.java:setLeader(256)) - 4a03179f-3169-4ac7-a075-259968512ef0@group-2D7F127AF803: change Leader from null to 4a03179f-3169-4ac7-a075-259968512ef0 at term 1 for becomeLeader, leader elected after 124ms
2019-10-16 21:01:15,617 [4a03179f-3169-4ac7-a075-259968512ef0@group-2D7F127AF803-LeaderElection4] INFO  server.RaftServerConfigKeys (ConfUtils.java:logGet(43)) - raft.server.staging.catchup.gap = 1000 (default)
2019-10-16 21:01:15,617 [4a03179f-3169-4ac7-a075-259968512ef0@group-2D7F127AF803-LeaderElection4] INFO  server.RaftServerConfigKeys (ConfUtils.java:logGet(43)) - raft.server.rpc.sleep.time = 25ms (default)
2019-10-16 21:01:15,617 [4a03179f-3169-4ac7-a075-259968512ef0@group-2D7F127AF803-LeaderElection4] INFO  server.RaftServerConfigKeys (ConfUtils.java:logGet(43)) - raft.server.write.element-limit = 4096 (default)
2019-10-16 21:01:15,617 [4a03179f-3169-4ac7-a075-259968512ef0@group-2D7F127AF803-LeaderElection4] INFO  server.RaftServerConfigKeys (ConfUtils.java:logGet(43)) - raft.server.watch.timeout = 10s (default)
2019-10-16 21:01:15,617 [4a03179f-3169-4ac7-a075-259968512ef0@group-2D7F127AF803-LeaderElection4] INFO  server.RaftServerConfigKeys (ConfUtils.java:logGet(43)) - raft.server.watch.timeout.denomination = 1s (default)
2019-10-16 21:01:15,617 [4a03179f-3169-4ac7-a075-259968512ef0@group-2D7F127AF803-LeaderElection4] INFO  server.RaftServerConfigKeys (ConfUtils.java:logGet(43)) - raft.server.watch.element-limit = 65536 (default)
2019-10-16 21:01:15,619 [EventQueue-PipelineReportForPipelineReportHandler] INFO  pipeline.PipelineReportHandler (PipelineReportHandler.java:processPipelineReport(119)) - Pipeline PipelineID=33840868-4994-46e3-b3a8-2d7f127af803 reported by 4a03179f-3169-4ac7-a075-259968512ef0{ip: 192.168.34.38, host: pr-hdds-1868-89kc4-1304904179, networkLocation: /default-rack, certSerialId: null} with leaderId 4a03179f-3169-4ac7-a075-259968512ef0
2019-10-16 21:01:15,620 [EventQueue-PipelineReportForPipelineReportHandler] INFO  pipeline.PipelineStateManager (PipelineStateManager.java:openPipeline(136)) - Pipeline Pipeline[ Id: 33840868-4994-46e3-b3a8-2d7f127af803, Nodes: 4a03179f-3169-4ac7-a075-259968512ef0{ip: 192.168.34.38, host: pr-hdds-1868-89kc4-1304904179, networkLocation: /default-rack, certSerialId: null}, Type:RATIS, Factor:ONE, State:OPEN] moved to OPEN state
2019-10-16 21:01:15,620 [EventQueue-PipelineReportForPipelineReportHandler] INFO  pipeline.PipelineReportHandler (PipelineReportHandler.java:processPipelineReport(119)) - Pipeline PipelineID=0ca55da0-a14d-45b6-b30c-224a5b6dd22c reported by 4a03179f-3169-4ac7-a075-259968512ef0{ip: 192.168.34.38, host: pr-hdds-1868-89kc4-1304904179, networkLocation: /default-rack, certSerialId: null} with leaderId 
2019-10-16 21:01:15,621 [4a03179f-3169-4ac7-a075-259968512ef0@group-2D7F127AF803-LeaderElection4] INFO  impl.RoleInfo (RoleInfo.java:updateAndGet(143)) - 4a03179f-3169-4ac7-a075-259968512ef0: start LeaderState
2019-10-16 21:01:15,622 [4a03179f-3169-4ac7-a075-259968512ef0@group-2D7F127AF803-LeaderElection4] INFO  segmented.SegmentedRaftLogWorker (SegmentedRaftLogWorker.java:startLogSegment(385)) - 4a03179f-3169-4ac7-a075-259968512ef0@group-2D7F127AF803-SegmentedRaftLogWorker: Starting segment from index:0
2019-10-16 21:01:15,622 [0aa3649f-570d-46c6-937f-492d7f3a8364@group-224A5B6DD22C-LeaderElection3] INFO  impl.LeaderElection (LeaderElection.java:logAndReturn(56)) - 0aa3649f-570d-46c6-937f-492d7f3a8364@group-224A5B6DD22C-LeaderElection3: Election TIMEOUT; received 0 response(s) [] and 0 exception(s); 0aa3649f-570d-46c6-937f-492d7f3a8364@group-224A5B6DD22C:t1, leader=null, voted=0aa3649f-570d-46c6-937f-492d7f3a8364, raftlog=0aa3649f-570d-46c6-937f-492d7f3a8364@group-224A5B6DD22C-SegmentedRaftLog:OPENED:c-1,f-1,i0, conf=-1: [4b287a15-77af-487b-aef7-34d1d0ee189f:192.168.34.38:38597, 0aa3649f-570d-46c6-937f-492d7f3a8364:192.168.34.38:33209, 4a03179f-3169-4ac7-a075-259968512ef0:192.168.34.38:45833], old=null
2019-10-16 21:01:15,622 [4a03179f-3169-4ac7-a075-259968512ef0@group-2D7F127AF803-LeaderElection4] INFO  impl.RaftServerImpl (ServerState.java:setRaftConf(357)) - 4a03179f-3169-4ac7-a075-259968512ef0@group-2D7F127AF803: set configuration 0: [4a03179f-3169-4ac7-a075-259968512ef0:192.168.34.38:45833], old=null at 0
2019-10-16 21:01:15,645 [grpc-default-executor-2] INFO  impl.RaftServerImpl (RaftServerImpl.java:setRole(184)) - 4a03179f-3169-4ac7-a075-259968512ef0@group-224A5B6DD22C: changes role from  FOLLOWER to FOLLOWER at term 1 for recognizeCandidate:0aa3649f-570d-46c6-937f-492d7f3a8364
2019-10-16 21:01:15,645 [grpc-default-executor-1] INFO  impl.RaftServerImpl (RaftServerImpl.java:setRole(184)) - 4b287a15-77af-487b-aef7-34d1d0ee189f@group-224A5B6DD22C: changes role from  FOLLOWER to FOLLOWER at term 1 for recognizeCandidate:0aa3649f-570d-46c6-937f-492d7f3a8364
2019-10-16 21:01:15,647 [grpc-default-executor-1] INFO  impl.RoleInfo (RoleInfo.java:shutdownFollowerState(121)) - 4b287a15-77af-487b-aef7-34d1d0ee189f: shutdown FollowerState
2019-10-16 21:01:15,646 [grpc-default-executor-2] INFO  impl.RoleInfo (RoleInfo.java:shutdownFollowerState(121)) - 4a03179f-3169-4ac7-a075-259968512ef0: shutdown FollowerState
2019-10-16 21:01:15,647 [Thread-204] INFO  impl.FollowerState (FollowerState.java:run(117)) - 4b287a15-77af-487b-aef7-34d1d0ee189f@group-224A5B6DD22C-FollowerState was interrupted: java.lang.InterruptedException: sleep interrupted
2019-10-16 21:01:15,647 [grpc-default-executor-2] INFO  impl.RoleInfo (RoleInfo.java:updateAndGet(143)) - 4a03179f-3169-4ac7-a075-259968512ef0: start FollowerState
2019-10-16 21:01:15,647 [Thread-205] INFO  impl.FollowerState (FollowerState.java:run(117)) - 4a03179f-3169-4ac7-a075-259968512ef0@group-224A5B6DD22C-FollowerState was interrupted: java.lang.InterruptedException: sleep interrupted
2019-10-16 21:01:15,647 [grpc-default-executor-1] INFO  impl.RoleInfo (RoleInfo.java:updateAndGet(143)) - 4b287a15-77af-487b-aef7-34d1d0ee189f: start FollowerState
2019-10-16 21:01:15,657 [4a03179f-3169-4ac7-a075-259968512ef0@group-2D7F127AF803-SegmentedRaftLogWorker] INFO  segmented.SegmentedRaftLogWorker (SegmentedRaftLogWorker.java:execute(576)) - 4a03179f-3169-4ac7-a075-259968512ef0@group-2D7F127AF803-SegmentedRaftLogWorker: created new log segment /workdir/hadoop-ozone/integration-test/target/test-dir/MiniOzoneClusterImpl-c59fee7e-17c5-4f17-b61a-b44f1b433ee8/datanode-1/data/ratis/33840868-4994-46e3-b3a8-2d7f127af803/current/log_inprogress_0
2019-10-16 21:01:15,657 [0aa3649f-570d-46c6-937f-492d7f3a8364@group-224A5B6DD22C-LeaderElection3] INFO  impl.LeaderElection (LeaderElection.java:askForVotes(178)) - 0aa3649f-570d-46c6-937f-492d7f3a8364@group-224A5B6DD22C-LeaderElection3: begin an election at term 2 for -1: [4b287a15-77af-487b-aef7-34d1d0ee189f:192.168.34.38:38597, 0aa3649f-570d-46c6-937f-492d7f3a8364:192.168.34.38:33209, 4a03179f-3169-4ac7-a075-259968512ef0:192.168.34.38:45833], old=null
2019-10-16 21:01:15,668 [Thread-213] INFO  impl.FollowerState (FollowerState.java:run(108)) - 4a03179f-3169-4ac7-a075-259968512ef0@group-224A5B6DD22C-FollowerState: change to CANDIDATE, lastRpcTime:20ms, electionTimeout:18ms
2019-10-16 21:01:15,669 [Thread-213] INFO  impl.RoleInfo (RoleInfo.java:shutdownFollowerState(121)) - 4a03179f-3169-4ac7-a075-259968512ef0: shutdown FollowerState
2019-10-16 21:01:15,669 [Thread-213] INFO  impl.RaftServerImpl (RaftServerImpl.java:setRole(184)) - 4a03179f-3169-4ac7-a075-259968512ef0@group-224A5B6DD22C: changes role from  FOLLOWER to CANDIDATE at term 1 for changeToCandidate
2019-10-16 21:01:15,670 [grpc-default-executor-2] INFO  impl.RaftServerImpl (RaftServerImpl.java:setRole(184)) - 4b287a15-77af-487b-aef7-34d1d0ee189f@group-224A5B6DD22C: changes role from  FOLLOWER to FOLLOWER at term 2 for recognizeCandidate:0aa3649f-570d-46c6-937f-492d7f3a8364
2019-10-16 21:01:15,670 [Thread-213] INFO  impl.RoleInfo (RoleInfo.java:updateAndGet(143)) - 4a03179f-3169-4ac7-a075-259968512ef0: start LeaderElection
2019-10-16 21:01:15,670 [grpc-default-executor-2] INFO  impl.RoleInfo (RoleInfo.java:shutdownFollowerState(121)) - 4b287a15-77af-487b-aef7-34d1d0ee189f: shutdown FollowerState
2019-10-16 21:01:15,671 [Thread-212] INFO  impl.FollowerState (FollowerState.java:run(117)) - 4b287a15-77af-487b-aef7-34d1d0ee189f@group-224A5B6DD22C-FollowerState was interrupted: java.lang.InterruptedException: sleep interrupted
2019-10-16 21:01:15,671 [grpc-default-executor-1] INFO  impl.RaftServerImpl (RaftServerImpl.java:setRole(184)) - 4a03179f-3169-4ac7-a075-259968512ef0@group-224A5B6DD22C: changes role from CANDIDATE to FOLLOWER at term 2 for recognizeCandidate:0aa3649f-570d-46c6-937f-492d7f3a8364
2019-10-16 21:01:15,671 [grpc-default-executor-2] INFO  impl.RoleInfo (RoleInfo.java:updateAndGet(143)) - 4b287a15-77af-487b-aef7-34d1d0ee189f: start FollowerState
2019-10-16 21:01:15,672 [grpc-default-executor-1] INFO  impl.RoleInfo (RoleInfo.java:shutdownLeaderElection(134)) - 4a03179f-3169-4ac7-a075-259968512ef0: shutdown LeaderElection
2019-10-16 21:01:15,672 [grpc-default-executor-1] INFO  impl.RoleInfo (RoleInfo.java:updateAndGet(143)) - 4a03179f-3169-4ac7-a075-259968512ef0: start FollowerState
2019-10-16 21:01:15,689 [0aa3649f-570d-46c6-937f-492d7f3a8364@group-224A5B6DD22C-LeaderElection3] INFO  impl.LeaderElection (LeaderElection.java:logAndReturn(56)) - 0aa3649f-570d-46c6-937f-492d7f3a8364@group-224A5B6DD22C-LeaderElection3: Election PASSED; received 2 response(s) [0aa3649f-570d-46c6-937f-492d7f3a8364<-4b287a15-77af-487b-aef7-34d1d0ee189f#0:OK-t2, 0aa3649f-570d-46c6-937f-492d7f3a8364<-4a03179f-3169-4ac7-a075-259968512ef0#0:FAIL-t2] and 0 exception(s); 0aa3649f-570d-46c6-937f-492d7f3a8364@group-224A5B6DD22C:t2, leader=null, voted=0aa3649f-570d-46c6-937f-492d7f3a8364, raftlog=0aa3649f-570d-46c6-937f-492d7f3a8364@group-224A5B6DD22C-SegmentedRaftLog:OPENED:c-1,f-1,i0, conf=-1: [4b287a15-77af-487b-aef7-34d1d0ee189f:192.168.34.38:38597, 0aa3649f-570d-46c6-937f-492d7f3a8364:192.168.34.38:33209, 4a03179f-3169-4ac7-a075-259968512ef0:192.168.34.38:45833], old=null
2019-10-16 21:01:15,689 [0aa3649f-570d-46c6-937f-492d7f3a8364@group-224A5B6DD22C-LeaderElection3] INFO  impl.RoleInfo (RoleInfo.java:shutdownLeaderElection(134)) - 0aa3649f-570d-46c6-937f-492d7f3a8364: shutdown LeaderElection
2019-10-16 21:01:15,690 [0aa3649f-570d-46c6-937f-492d7f3a8364@group-224A5B6DD22C-LeaderElection3] INFO  impl.RaftServerImpl (RaftServerImpl.java:setRole(184)) - 0aa3649f-570d-46c6-937f-492d7f3a8364@group-224A5B6DD22C: changes role from CANDIDATE to LEADER at term 2 for changeToLeader
2019-10-16 21:01:15,690 [0aa3649f-570d-46c6-937f-492d7f3a8364@group-224A5B6DD22C-LeaderElection3] INFO  ratis.XceiverServerRatis (XceiverServerRatis.java:handleLeaderChangedNotification(700)) - Leader change notification received for group: group-224A5B6DD22C with new leaderId: 0aa3649f-570d-46c6-937f-492d7f3a8364
2019-10-16 21:01:15,690 [0aa3649f-570d-46c6-937f-492d7f3a8364@group-224A5B6DD22C-LeaderElection3] INFO  impl.RaftServerImpl (ServerState.java:setLeader(256)) - 0aa3649f-570d-46c6-937f-492d7f3a8364@group-224A5B6DD22C: change Leader from null to 0aa3649f-570d-46c6-937f-492d7f3a8364 at term 2 for becomeLeader, leader elected after 144ms
2019-10-16 21:01:15,690 [0aa3649f-570d-46c6-937f-492d7f3a8364@group-224A5B6DD22C-LeaderElection3] INFO  server.RaftServerConfigKeys (ConfUtils.java:logGet(43)) - raft.server.staging.catchup.gap = 1000 (default)
2019-10-16 21:01:15,690 [0aa3649f-570d-46c6-937f-492d7f3a8364@group-224A5B6DD22C-LeaderElection3] INFO  server.RaftServerConfigKeys (ConfUtils.java:logGet(43)) - raft.server.rpc.sleep.time = 25ms (default)
2019-10-16 21:01:15,691 [0aa3649f-570d-46c6-937f-492d7f3a8364@group-224A5B6DD22C-LeaderElection3] INFO  server.RaftServerConfigKeys (ConfUtils.java:logGet(43)) - raft.server.write.element-limit = 4096 (default)
2019-10-16 21:01:15,691 [0aa3649f-570d-46c6-937f-492d7f3a8364@group-224A5B6DD22C-LeaderElection3] INFO  server.RaftServerConfigKeys (ConfUtils.java:logGet(43)) - raft.server.watch.timeout = 10s (default)
2019-10-16 21:01:15,691 [0aa3649f-570d-46c6-937f-492d7f3a8364@group-224A5B6DD22C-LeaderElection3] INFO  server.RaftServerConfigKeys (ConfUtils.java:logGet(43)) - raft.server.watch.timeout.denomination = 1s (default)
2019-10-16 21:01:15,692 [0aa3649f-570d-46c6-937f-492d7f3a8364@group-224A5B6DD22C-LeaderElection3] INFO  server.RaftServerConfigKeys (ConfUtils.java:logGet(43)) - raft.server.watch.element-limit = 65536 (default)
2019-10-16 21:01:15,693 [EventQueue-PipelineReportForPipelineReportHandler] INFO  pipeline.PipelineReportHandler (PipelineReportHandler.java:processPipelineReport(119)) - Pipeline PipelineID=0ca55da0-a14d-45b6-b30c-224a5b6dd22c reported by 0aa3649f-570d-46c6-937f-492d7f3a8364{ip: 192.168.34.38, host: pr-hdds-1868-89kc4-1304904179, networkLocation: /default-rack, certSerialId: null} with leaderId 0aa3649f-570d-46c6-937f-492d7f3a8364
2019-10-16 21:01:15,697 [0aa3649f-570d-46c6-937f-492d7f3a8364@group-224A5B6DD22C-LeaderElection3] INFO  server.RaftServerConfigKeys (ConfUtils.java:logGet(43)) - raft.server.log.appender.snapshot.chunk.size.max = 16MB (=16777216) (default)
2019-10-16 21:01:15,697 [0aa3649f-570d-46c6-937f-492d7f3a8364@group-224A5B6DD22C-LeaderElection3] INFO  server.RaftServerConfigKeys (ConfUtils.java:logGet(43)) - raft.server.log.appender.buffer.byte-limit = 33554432 (custom)
2019-10-16 21:01:15,697 [0aa3649f-570d-46c6-937f-492d7f3a8364@group-224A5B6DD22C-LeaderElection3] INFO  server.RaftServerConfigKeys (ConfUtils.java:logGet(43)) - raft.server.log.appender.buffer.element-limit = 1 (custom)
2019-10-16 21:01:15,698 [4a03179f-3169-4ac7-a075-259968512ef0@group-224A5B6DD22C-LeaderElection5] INFO  impl.LeaderElection (LeaderElection.java:askForVotes(178)) - 4a03179f-3169-4ac7-a075-259968512ef0@group-224A5B6DD22C-LeaderElection5: begin an election at term 3 for -1: [4b287a15-77af-487b-aef7-34d1d0ee189f:192.168.34.38:38597, 0aa3649f-570d-46c6-937f-492d7f3a8364:192.168.34.38:33209, 4a03179f-3169-4ac7-a075-259968512ef0:192.168.34.38:45833], old=null
2019-10-16 21:01:15,699 [4a03179f-3169-4ac7-a075-259968512ef0@group-224A5B6DD22C-LeaderElection5] INFO  impl.LeaderElection (LeaderElection.java:logAndReturn(56)) - 4a03179f-3169-4ac7-a075-259968512ef0@group-224A5B6DD22C-LeaderElection5: Election REJECTED; received 0 response(s) [] and 0 exception(s); 4a03179f-3169-4ac7-a075-259968512ef0@group-224A5B6DD22C:t3, leader=null, voted=4a03179f-3169-4ac7-a075-259968512ef0, raftlog=4a03179f-3169-4ac7-a075-259968512ef0@group-224A5B6DD22C-SegmentedRaftLog:OPENED:c-1,f-1,i0, conf=-1: [4b287a15-77af-487b-aef7-34d1d0ee189f:192.168.34.38:38597, 0aa3649f-570d-46c6-937f-492d7f3a8364:192.168.34.38:33209, 4a03179f-3169-4ac7-a075-259968512ef0:192.168.34.38:45833], old=null
2019-10-16 21:01:15,702 [0aa3649f-570d-46c6-937f-492d7f3a8364@group-224A5B6DD22C-LeaderElection3] INFO  grpc.GrpcConfigKeys$Server (ConfUtils.java:logGet(43)) - raft.grpc.server.leader.outstanding.appends.max = 128 (default)
2019-10-16 21:01:15,702 [0aa3649f-570d-46c6-937f-492d7f3a8364@group-224A5B6DD22C-LeaderElection3] INFO  server.RaftServerConfigKeys (ConfUtils.java:logGet(43)) - raft.server.rpc.request.timeout = 3000ms (default)
2019-10-16 21:01:15,703 [0aa3649f-570d-46c6-937f-492d7f3a8364@group-224A5B6DD22C-LeaderElection3] INFO  server.RaftServerConfigKeys (ConfUtils.java:logGet(43)) - raft.server.log.appender.install.snapshot.enabled = false (custom)
2019-10-16 21:01:15,708 [0aa3649f-570d-46c6-937f-492d7f3a8364@group-224A5B6DD22C-LeaderElection3] INFO  server.RaftServerConfigKeys (ConfUtils.java:logGet(43)) - raft.server.log.appender.snapshot.chunk.size.max = 16MB (=16777216) (default)
2019-10-16 21:01:15,708 [0aa3649f-570d-46c6-937f-492d7f3a8364@group-224A5B6DD22C-LeaderElection3] INFO  server.RaftServerConfigKeys (ConfUtils.java:logGet(43)) - raft.server.log.appender.buffer.byte-limit = 33554432 (custom)
2019-10-16 21:01:15,708 [0aa3649f-570d-46c6-937f-492d7f3a8364@group-224A5B6DD22C-LeaderElection3] INFO  server.RaftServerConfigKeys (ConfUtils.java:logGet(43)) - raft.server.log.appender.buffer.element-limit = 1 (custom)
2019-10-16 21:01:15,708 [0aa3649f-570d-46c6-937f-492d7f3a8364@group-224A5B6DD22C-LeaderElection3] INFO  grpc.GrpcConfigKeys$Server (ConfUtils.java:logGet(43)) - raft.grpc.server.leader.outstanding.appends.max = 128 (default)
2019-10-16 21:01:15,708 [0aa3649f-570d-46c6-937f-492d7f3a8364@group-224A5B6DD22C-LeaderElection3] INFO  server.RaftServerConfigKeys (ConfUtils.java:logGet(43)) - raft.server.rpc.request.timeout = 3000ms (default)
2019-10-16 21:01:15,709 [0aa3649f-570d-46c6-937f-492d7f3a8364@group-224A5B6DD22C-LeaderElection3] INFO  server.RaftServerConfigKeys (ConfUtils.java:logGet(43)) - raft.server.log.appender.install.snapshot.enabled = false (custom)
2019-10-16 21:01:15,710 [grpc-default-executor-1] INFO  impl.RaftServerImpl (RaftServerImpl.java:setRole(184)) - 4b287a15-77af-487b-aef7-34d1d0ee189f@group-224A5B6DD22C: changes role from  FOLLOWER to FOLLOWER at term 3 for recognizeCandidate:4a03179f-3169-4ac7-a075-259968512ef0
2019-10-16 21:01:15,711 [grpc-default-executor-1] INFO  impl.RoleInfo (RoleInfo.java:shutdownFollowerState(121)) - 4b287a15-77af-487b-aef7-34d1d0ee189f: shutdown FollowerState
2019-10-16 21:01:15,711 [Thread-217] INFO  impl.FollowerState (FollowerState.java:run(117)) - 4b287a15-77af-487b-aef7-34d1d0ee189f@group-224A5B6DD22C-FollowerState was interrupted: java.lang.InterruptedException: sleep interrupted
2019-10-16 21:01:15,711 [grpc-default-executor-1] INFO  impl.RoleInfo (RoleInfo.java:updateAndGet(143)) - 4b287a15-77af-487b-aef7-34d1d0ee189f: start FollowerState
2019-10-16 21:01:15,714 [0aa3649f-570d-46c6-937f-492d7f3a8364@group-224A5B6DD22C-LeaderElection3] INFO  impl.RoleInfo (RoleInfo.java:updateAndGet(143)) - 0aa3649f-570d-46c6-937f-492d7f3a8364: start LeaderState
2019-10-16 21:01:15,715 [0aa3649f-570d-46c6-937f-492d7f3a8364@group-224A5B6DD22C-LeaderElection3] INFO  segmented.SegmentedRaftLogWorker (SegmentedRaftLogWorker.java:startLogSegment(385)) - 0aa3649f-570d-46c6-937f-492d7f3a8364@group-224A5B6DD22C-SegmentedRaftLogWorker: Starting segment from index:0
2019-10-16 21:01:15,715 [0aa3649f-570d-46c6-937f-492d7f3a8364@group-224A5B6DD22C-LeaderElection3] INFO  impl.RaftServerImpl (ServerState.java:setRaftConf(357)) - 0aa3649f-570d-46c6-937f-492d7f3a8364@group-224A5B6DD22C: set configuration 0: [4b287a15-77af-487b-aef7-34d1d0ee189f:192.168.34.38:38597, 0aa3649f-570d-46c6-937f-492d7f3a8364:192.168.34.38:33209, 4a03179f-3169-4ac7-a075-259968512ef0:192.168.34.38:45833], old=null at 0
2019-10-16 21:01:15,738 [grpc-default-executor-2] INFO  impl.RaftServerImpl (ServerState.java:setLeader(256)) - 0aa3649f-570d-46c6-937f-492d7f3a8364@group-224A5B6DD22C: change Leader from 0aa3649f-570d-46c6-937f-492d7f3a8364 to null at term 3 for updateCurrentTerm
2019-10-16 21:01:15,738 [grpc-default-executor-2] INFO  impl.RaftServerImpl (RaftServerImpl.java:setRole(184)) - 0aa3649f-570d-46c6-937f-492d7f3a8364@group-224A5B6DD22C: changes role from    LEADER to FOLLOWER at term 3 for recognizeCandidate:4a03179f-3169-4ac7-a075-259968512ef0
2019-10-16 21:01:15,738 [grpc-default-executor-2] INFO  impl.RoleInfo (RoleInfo.java:shutdownLeaderState(104)) - 0aa3649f-570d-46c6-937f-492d7f3a8364: shutdown LeaderState
2019-10-16 21:01:15,742 [grpc-default-executor-2] INFO  impl.PendingRequests (PendingRequests.java:sendNotLeaderResponses(202)) - 0aa3649f-570d-46c6-937f-492d7f3a8364@group-224A5B6DD22C-PendingRequests: sendNotLeaderResponses
2019-10-16 21:01:15,746 [grpc-default-executor-2] INFO  impl.RoleInfo (RoleInfo.java:updateAndGet(143)) - 0aa3649f-570d-46c6-937f-492d7f3a8364: start FollowerState
2019-10-16 21:01:15,749 [org.apache.ratis.server.impl.LogAppender$AppenderDaemon$$Lambda$422/1898645143@6c7a1df9] WARN  server.GrpcLogAppender (GrpcLogAppender.java:mayWait(149)) - 0aa3649f-570d-46c6-937f-492d7f3a8364@group-224A5B6DD22C->4a03179f-3169-4ac7-a075-259968512ef0-GrpcLogAppender: Wait interrupted by java.lang.InterruptedException
2019-10-16 21:01:15,749 [org.apache.ratis.server.impl.LogAppender$AppenderDaemon$$Lambda$422/1898645143@5f5ae162] WARN  server.GrpcLogAppender (GrpcLogAppender.java:mayWait(149)) - 0aa3649f-570d-46c6-937f-492d7f3a8364@group-224A5B6DD22C->4b287a15-77af-487b-aef7-34d1d0ee189f-GrpcLogAppender: Wait interrupted by java.lang.InterruptedException
2019-10-16 21:01:15,752 [0aa3649f-570d-46c6-937f-492d7f3a8364@group-224A5B6DD22C-SegmentedRaftLogWorker] INFO  segmented.SegmentedRaftLogWorker (SegmentedRaftLogWorker.java:execute(576)) - 0aa3649f-570d-46c6-937f-492d7f3a8364@group-224A5B6DD22C-SegmentedRaftLogWorker: created new log segment /workdir/hadoop-ozone/integration-test/target/test-dir/MiniOzoneClusterImpl-c59fee7e-17c5-4f17-b61a-b44f1b433ee8/datanode-0/data/ratis/0ca55da0-a14d-45b6-b30c-224a5b6dd22c/current/log_inprogress_0
2019-10-16 21:01:15,756 [Thread-224] INFO  impl.FollowerState (FollowerState.java:run(108)) - 4b287a15-77af-487b-aef7-34d1d0ee189f@group-224A5B6DD22C-FollowerState: change to CANDIDATE, lastRpcTime:44ms, electionTimeout:44ms
2019-10-16 21:01:15,756 [Thread-224] INFO  impl.RoleInfo (RoleInfo.java:shutdownFollowerState(121)) - 4b287a15-77af-487b-aef7-34d1d0ee189f: shutdown FollowerState
2019-10-16 21:01:15,756 [Thread-224] INFO  impl.RaftServerImpl (RaftServerImpl.java:setRole(184)) - 4b287a15-77af-487b-aef7-34d1d0ee189f@group-224A5B6DD22C: changes role from  FOLLOWER to CANDIDATE at term 3 for changeToCandidate
2019-10-16 21:01:15,756 [Thread-224] INFO  impl.RoleInfo (RoleInfo.java:updateAndGet(143)) - 4b287a15-77af-487b-aef7-34d1d0ee189f: start LeaderElection
2019-10-16 21:01:15,758 [grpc-default-executor-2] INFO  server.GrpcServerProtocolService (GrpcServerProtocolService.java:onCompleted(113)) - 4b287a15-77af-487b-aef7-34d1d0ee189f: Completed APPEND_ENTRIES, lastRequest: null
2019-10-16 21:01:15,758 [grpc-default-executor-1] INFO  server.GrpcServerProtocolService (GrpcServerProtocolService.java:onCompleted(113)) - 4a03179f-3169-4ac7-a075-259968512ef0: Completed APPEND_ENTRIES, lastRequest: null
2019-10-16 21:01:15,760 [grpc-default-executor-2] INFO  server.GrpcLogAppender (GrpcLogAppender.java:onCompleted(308)) - 0aa3649f-570d-46c6-937f-492d7f3a8364@group-224A5B6DD22C->4a03179f-3169-4ac7-a075-259968512ef0-AppendLogResponseHandler: follower responses appendEntries COMPLETED
2019-10-16 21:01:15,760 [grpc-default-executor-1] INFO  server.GrpcLogAppender (GrpcLogAppender.java:onCompleted(308)) - 0aa3649f-570d-46c6-937f-492d7f3a8364@group-224A5B6DD22C->4b287a15-77af-487b-aef7-34d1d0ee189f-AppendLogResponseHandler: follower responses appendEntries COMPLETED
2019-10-16 21:01:15,763 [grpc-default-executor-2] INFO  impl.FollowerInfo (FollowerInfo.java:lambda$new$0(51)) - 0aa3649f-570d-46c6-937f-492d7f3a8364@group-224A5B6DD22C->4a03179f-3169-4ac7-a075-259968512ef0: nextIndex: updateUnconditionally 0 -> 0
2019-10-16 21:01:15,763 [grpc-default-executor-1] INFO  impl.FollowerInfo (FollowerInfo.java:lambda$new$0(51)) - 0aa3649f-570d-46c6-937f-492d7f3a8364@group-224A5B6DD22C->4b287a15-77af-487b-aef7-34d1d0ee189f: nextIndex: updateUnconditionally 0 -> 0
2019-10-16 21:01:15,766 [4b287a15-77af-487b-aef7-34d1d0ee189f@group-224A5B6DD22C-LeaderElection6] INFO  impl.LeaderElection (LeaderElection.java:askForVotes(178)) - 4b287a15-77af-487b-aef7-34d1d0ee189f@group-224A5B6DD22C-LeaderElection6: begin an election at term 4 for -1: [4b287a15-77af-487b-aef7-34d1d0ee189f:192.168.34.38:38597, 0aa3649f-570d-46c6-937f-492d7f3a8364:192.168.34.38:33209, 4a03179f-3169-4ac7-a075-259968512ef0:192.168.34.38:45833], old=null
2019-10-16 21:01:15,775 [grpc-default-executor-2] INFO  impl.RaftServerImpl (RaftServerImpl.java:setRole(184)) - 0aa3649f-570d-46c6-937f-492d7f3a8364@group-224A5B6DD22C: changes role from  FOLLOWER to FOLLOWER at term 4 for recognizeCandidate:4b287a15-77af-487b-aef7-34d1d0ee189f
2019-10-16 21:01:15,775 [grpc-default-executor-2] INFO  impl.RoleInfo (RoleInfo.java:shutdownFollowerState(121)) - 0aa3649f-570d-46c6-937f-492d7f3a8364: shutdown FollowerState
2019-10-16 21:01:15,775 [grpc-default-executor-1] INFO  impl.RaftServerImpl (RaftServerImpl.java:setRole(184)) - 4a03179f-3169-4ac7-a075-259968512ef0@group-224A5B6DD22C: changes role from  FOLLOWER to FOLLOWER at term 4 for recognizeCandidate:4b287a15-77af-487b-aef7-34d1d0ee189f
2019-10-16 21:01:15,775 [grpc-default-executor-2] INFO  impl.RoleInfo (RoleInfo.java:updateAndGet(143)) - 0aa3649f-570d-46c6-937f-492d7f3a8364: start FollowerState
2019-10-16 21:01:15,775 [Thread-225] INFO  impl.FollowerState (FollowerState.java:run(117)) - 0aa3649f-570d-46c6-937f-492d7f3a8364@group-224A5B6DD22C-FollowerState was interrupted: java.lang.InterruptedException: sleep interrupted
2019-10-16 21:01:15,775 [grpc-default-executor-1] INFO  impl.RoleInfo (RoleInfo.java:shutdownFollowerState(121)) - 4a03179f-3169-4ac7-a075-259968512ef0: shutdown FollowerState
2019-10-16 21:01:15,776 [Thread-218] INFO  impl.FollowerState (FollowerState.java:run(117)) - 4a03179f-3169-4ac7-a075-259968512ef0@group-224A5B6DD22C-FollowerState was interrupted: java.lang.InterruptedException: sleep interrupted
2019-10-16 21:01:15,776 [grpc-default-executor-1] INFO  impl.RoleInfo (RoleInfo.java:updateAndGet(143)) - 4a03179f-3169-4ac7-a075-259968512ef0: start FollowerState
2019-10-16 21:01:15,777 [4b287a15-77af-487b-aef7-34d1d0ee189f@group-224A5B6DD22C-LeaderElection6] INFO  impl.LeaderElection (LeaderElection.java:logAndReturn(56)) - 4b287a15-77af-487b-aef7-34d1d0ee189f@group-224A5B6DD22C-LeaderElection6: Election TIMEOUT; received 0 response(s) [] and 0 exception(s); 4b287a15-77af-487b-aef7-34d1d0ee189f@group-224A5B6DD22C:t4, leader=null, voted=4b287a15-77af-487b-aef7-34d1d0ee189f, raftlog=4b287a15-77af-487b-aef7-34d1d0ee189f@group-224A5B6DD22C-SegmentedRaftLog:OPENED:c-1,f-1,i0, conf=-1: [4b287a15-77af-487b-aef7-34d1d0ee189f:192.168.34.38:38597, 0aa3649f-570d-46c6-937f-492d7f3a8364:192.168.34.38:33209, 4a03179f-3169-4ac7-a075-259968512ef0:192.168.34.38:45833], old=null
2019-10-16 21:01:15,790 [4b287a15-77af-487b-aef7-34d1d0ee189f@group-224A5B6DD22C-LeaderElection6] INFO  impl.LeaderElection (LeaderElection.java:askForVotes(178)) - 4b287a15-77af-487b-aef7-34d1d0ee189f@group-224A5B6DD22C-LeaderElection6: begin an election at term 5 for -1: [4b287a15-77af-487b-aef7-34d1d0ee189f:192.168.34.38:38597, 0aa3649f-570d-46c6-937f-492d7f3a8364:192.168.34.38:33209, 4a03179f-3169-4ac7-a075-259968512ef0:192.168.34.38:45833], old=null
2019-10-16 21:01:15,796 [grpc-default-executor-2] INFO  impl.RaftServerImpl (RaftServerImpl.java:setRole(184)) - 4a03179f-3169-4ac7-a075-259968512ef0@group-224A5B6DD22C: changes role from  FOLLOWER to FOLLOWER at term 5 for recognizeCandidate:4b287a15-77af-487b-aef7-34d1d0ee189f
2019-10-16 21:01:15,797 [grpc-default-executor-2] INFO  impl.RoleInfo (RoleInfo.java:shutdownFollowerState(121)) - 4a03179f-3169-4ac7-a075-259968512ef0: shutdown FollowerState
2019-10-16 21:01:15,797 [grpc-default-executor-1] INFO  impl.RaftServerImpl (RaftServerImpl.java:setRole(184)) - 0aa3649f-570d-46c6-937f-492d7f3a8364@group-224A5B6DD22C: changes role from  FOLLOWER to FOLLOWER at term 5 for recognizeCandidate:4b287a15-77af-487b-aef7-34d1d0ee189f
2019-10-16 21:01:15,797 [grpc-default-executor-2] INFO  impl.RoleInfo (RoleInfo.java:updateAndGet(143)) - 4a03179f-3169-4ac7-a075-259968512ef0: start FollowerState
2019-10-16 21:01:15,797 [Thread-230] INFO  impl.FollowerState (FollowerState.java:run(117)) - 4a03179f-3169-4ac7-a075-259968512ef0@group-224A5B6DD22C-FollowerState was interrupted: java.lang.InterruptedException: sleep interrupted
2019-10-16 21:01:15,797 [grpc-default-executor-1] INFO  impl.RoleInfo (RoleInfo.java:shutdownFollowerState(121)) - 0aa3649f-570d-46c6-937f-492d7f3a8364: shutdown FollowerState
2019-10-16 21:01:15,798 [Thread-229] INFO  impl.FollowerState (FollowerState.java:run(117)) - 0aa3649f-570d-46c6-937f-492d7f3a8364@group-224A5B6DD22C-FollowerState was interrupted: java.lang.InterruptedException: sleep interrupted
2019-10-16 21:01:15,798 [grpc-default-executor-1] INFO  impl.RoleInfo (RoleInfo.java:updateAndGet(143)) - 0aa3649f-570d-46c6-937f-492d7f3a8364: start FollowerState
2019-10-16 21:01:15,815 [4b287a15-77af-487b-aef7-34d1d0ee189f@group-224A5B6DD22C-LeaderElection6] INFO  impl.LeaderElection (LeaderElection.java:logAndReturn(56)) - 4b287a15-77af-487b-aef7-34d1d0ee189f@group-224A5B6DD22C-LeaderElection6: Election PASSED; received 2 response(s) [4b287a15-77af-487b-aef7-34d1d0ee189f<-0aa3649f-570d-46c6-937f-492d7f3a8364#0:FAIL-t5, 4b287a15-77af-487b-aef7-34d1d0ee189f<-4a03179f-3169-4ac7-a075-259968512ef0#0:OK-t5] and 0 exception(s); 4b287a15-77af-487b-aef7-34d1d0ee189f@group-224A5B6DD22C:t5, leader=null, voted=4b287a15-77af-487b-aef7-34d1d0ee189f, raftlog=4b287a15-77af-487b-aef7-34d1d0ee189f@group-224A5B6DD22C-SegmentedRaftLog:OPENED:c-1,f-1,i0, conf=-1: [4b287a15-77af-487b-aef7-34d1d0ee189f:192.168.34.38:38597, 0aa3649f-570d-46c6-937f-492d7f3a8364:192.168.34.38:33209, 4a03179f-3169-4ac7-a075-259968512ef0:192.168.34.38:45833], old=null
2019-10-16 21:01:15,815 [4b287a15-77af-487b-aef7-34d1d0ee189f@group-224A5B6DD22C-LeaderElection6] INFO  impl.RoleInfo (RoleInfo.java:shutdownLeaderElection(134)) - 4b287a15-77af-487b-aef7-34d1d0ee189f: shutdown LeaderElection
2019-10-16 21:01:15,816 [4b287a15-77af-487b-aef7-34d1d0ee189f@group-224A5B6DD22C-LeaderElection6] INFO  impl.RaftServerImpl (RaftServerImpl.java:setRole(184)) - 4b287a15-77af-487b-aef7-34d1d0ee189f@group-224A5B6DD22C: changes role from CANDIDATE to LEADER at term 5 for changeToLeader
2019-10-16 21:01:15,816 [4b287a15-77af-487b-aef7-34d1d0ee189f@group-224A5B6DD22C-LeaderElection6] INFO  ratis.XceiverServerRatis (XceiverServerRatis.java:handleLeaderChangedNotification(700)) - Leader change notification received for group: group-224A5B6DD22C with new leaderId: 4b287a15-77af-487b-aef7-34d1d0ee189f
2019-10-16 21:01:15,816 [4b287a15-77af-487b-aef7-34d1d0ee189f@group-224A5B6DD22C-LeaderElection6] INFO  impl.RaftServerImpl (ServerState.java:setLeader(256)) - 4b287a15-77af-487b-aef7-34d1d0ee189f@group-224A5B6DD22C: change Leader from null to 4b287a15-77af-487b-aef7-34d1d0ee189f at term 5 for becomeLeader, leader elected after 268ms
2019-10-16 21:01:15,817 [4b287a15-77af-487b-aef7-34d1d0ee189f@group-224A5B6DD22C-LeaderElection6] INFO  server.RaftServerConfigKeys (ConfUtils.java:logGet(43)) - raft.server.staging.catchup.gap = 1000 (default)
2019-10-16 21:01:15,817 [4b287a15-77af-487b-aef7-34d1d0ee189f@group-224A5B6DD22C-LeaderElection6] INFO  server.RaftServerConfigKeys (ConfUtils.java:logGet(43)) - raft.server.rpc.sleep.time = 25ms (default)
2019-10-16 21:01:15,817 [4b287a15-77af-487b-aef7-34d1d0ee189f@group-224A5B6DD22C-LeaderElection6] INFO  server.RaftServerConfigKeys (ConfUtils.java:logGet(43)) - raft.server.write.element-limit = 4096 (default)
2019-10-16 21:01:15,817 [4b287a15-77af-487b-aef7-34d1d0ee189f@group-224A5B6DD22C-LeaderElection6] INFO  server.RaftServerConfigKeys (ConfUtils.java:logGet(43)) - raft.server.watch.timeout = 10s (default)
2019-10-16 21:01:15,818 [4b287a15-77af-487b-aef7-34d1d0ee189f@group-224A5B6DD22C-LeaderElection6] INFO  server.RaftServerConfigKeys (ConfUtils.java:logGet(43)) - raft.server.watch.timeout.denomination = 1s (default)
2019-10-16 21:01:15,818 [4b287a15-77af-487b-aef7-34d1d0ee189f@group-224A5B6DD22C-LeaderElection6] INFO  server.RaftServerConfigKeys (ConfUtils.java:logGet(43)) - raft.server.watch.element-limit = 65536 (default)
2019-10-16 21:01:15,818 [EventQueue-PipelineReportForPipelineReportHandler] INFO  pipeline.PipelineReportHandler (PipelineReportHandler.java:processPipelineReport(119)) - Pipeline PipelineID=0ca55da0-a14d-45b6-b30c-224a5b6dd22c reported by 4b287a15-77af-487b-aef7-34d1d0ee189f{ip: 192.168.34.38, host: pr-hdds-1868-89kc4-1304904179, networkLocation: /default-rack, certSerialId: null} with leaderId 4b287a15-77af-487b-aef7-34d1d0ee189f
2019-10-16 21:01:15,820 [4b287a15-77af-487b-aef7-34d1d0ee189f@group-224A5B6DD22C-LeaderElection6] INFO  server.RaftServerConfigKeys (ConfUtils.java:logGet(43)) - raft.server.log.appender.snapshot.chunk.size.max = 16MB (=16777216) (default)
2019-10-16 21:01:15,820 [4b287a15-77af-487b-aef7-34d1d0ee189f@group-224A5B6DD22C-LeaderElection6] INFO  server.RaftServerConfigKeys (ConfUtils.java:logGet(43)) - raft.server.log.appender.buffer.byte-limit = 33554432 (custom)
2019-10-16 21:01:15,820 [4b287a15-77af-487b-aef7-34d1d0ee189f@group-224A5B6DD22C-LeaderElection6] INFO  server.RaftServerConfigKeys (ConfUtils.java:logGet(43)) - raft.server.log.appender.buffer.element-limit = 1 (custom)
2019-10-16 21:01:15,820 [4b287a15-77af-487b-aef7-34d1d0ee189f@group-224A5B6DD22C-LeaderElection6] INFO  grpc.GrpcConfigKeys$Server (ConfUtils.java:logGet(43)) - raft.grpc.server.leader.outstanding.appends.max = 128 (default)
2019-10-16 21:01:15,820 [4b287a15-77af-487b-aef7-34d1d0ee189f@group-224A5B6DD22C-LeaderElection6] INFO  server.RaftServerConfigKeys (ConfUtils.java:logGet(43)) - raft.server.rpc.request.timeout = 3000ms (default)
2019-10-16 21:01:15,820 [4b287a15-77af-487b-aef7-34d1d0ee189f@group-224A5B6DD22C-LeaderElection6] INFO  server.RaftServerConfigKeys (ConfUtils.java:logGet(43)) - raft.server.log.appender.install.snapshot.enabled = false (custom)
2019-10-16 21:01:15,822 [4b287a15-77af-487b-aef7-34d1d0ee189f@group-224A5B6DD22C-LeaderElection6] INFO  server.RaftServerConfigKeys (ConfUtils.java:logGet(43)) - raft.server.log.appender.snapshot.chunk.size.max = 16MB (=16777216) (default)
2019-10-16 21:01:15,822 [4b287a15-77af-487b-aef7-34d1d0ee189f@group-224A5B6DD22C-LeaderElection6] INFO  server.RaftServerConfigKeys (ConfUtils.java:logGet(43)) - raft.server.log.appender.buffer.byte-limit = 33554432 (custom)
2019-10-16 21:01:15,822 [4b287a15-77af-487b-aef7-34d1d0ee189f@group-224A5B6DD22C-LeaderElection6] INFO  server.RaftServerConfigKeys (ConfUtils.java:logGet(43)) - raft.server.log.appender.buffer.element-limit = 1 (custom)
2019-10-16 21:01:15,822 [4b287a15-77af-487b-aef7-34d1d0ee189f@group-224A5B6DD22C-LeaderElection6] INFO  grpc.GrpcConfigKeys$Server (ConfUtils.java:logGet(43)) - raft.grpc.server.leader.outstanding.appends.max = 128 (default)
2019-10-16 21:01:15,823 [4b287a15-77af-487b-aef7-34d1d0ee189f@group-224A5B6DD22C-LeaderElection6] INFO  server.RaftServerConfigKeys (ConfUtils.java:logGet(43)) - raft.server.rpc.request.timeout = 3000ms (default)
2019-10-16 21:01:15,823 [4b287a15-77af-487b-aef7-34d1d0ee189f@group-224A5B6DD22C-LeaderElection6] INFO  server.RaftServerConfigKeys (ConfUtils.java:logGet(43)) - raft.server.log.appender.install.snapshot.enabled = false (custom)
2019-10-16 21:01:15,824 [4b287a15-77af-487b-aef7-34d1d0ee189f@group-224A5B6DD22C-LeaderElection6] INFO  impl.RoleInfo (RoleInfo.java:updateAndGet(143)) - 4b287a15-77af-487b-aef7-34d1d0ee189f: start LeaderState
2019-10-16 21:01:15,824 [4b287a15-77af-487b-aef7-34d1d0ee189f@group-224A5B6DD22C-LeaderElection6] INFO  segmented.SegmentedRaftLogWorker (SegmentedRaftLogWorker.java:startLogSegment(385)) - 4b287a15-77af-487b-aef7-34d1d0ee189f@group-224A5B6DD22C-SegmentedRaftLogWorker: Starting segment from index:0
2019-10-16 21:01:15,825 [4b287a15-77af-487b-aef7-34d1d0ee189f@group-224A5B6DD22C-LeaderElection6] INFO  impl.RaftServerImpl (ServerState.java:setRaftConf(357)) - 4b287a15-77af-487b-aef7-34d1d0ee189f@group-224A5B6DD22C: set configuration 0: [4b287a15-77af-487b-aef7-34d1d0ee189f:192.168.34.38:38597, 0aa3649f-570d-46c6-937f-492d7f3a8364:192.168.34.38:33209, 4a03179f-3169-4ac7-a075-259968512ef0:192.168.34.38:45833], old=null at 0
2019-10-16 21:01:15,847 [Thread-233] INFO  impl.FollowerState (FollowerState.java:run(108)) - 4a03179f-3169-4ac7-a075-259968512ef0@group-224A5B6DD22C-FollowerState: change to CANDIDATE, lastRpcTime:49ms, electionTimeout:49ms
2019-10-16 21:01:15,847 [Thread-233] INFO  impl.RoleInfo (RoleInfo.java:shutdownFollowerState(121)) - 4a03179f-3169-4ac7-a075-259968512ef0: shutdown FollowerState
2019-10-16 21:01:15,850 [Thread-233] INFO  impl.RaftServerImpl (RaftServerImpl.java:setRole(184)) - 4a03179f-3169-4ac7-a075-259968512ef0@group-224A5B6DD22C: changes role from  FOLLOWER to CANDIDATE at term 5 for changeToCandidate
2019-10-16 21:01:15,852 [Thread-233] INFO  impl.RoleInfo (RoleInfo.java:updateAndGet(143)) - 4a03179f-3169-4ac7-a075-259968512ef0: start LeaderElection
2019-10-16 21:01:15,859 [4b287a15-77af-487b-aef7-34d1d0ee189f@group-224A5B6DD22C-SegmentedRaftLogWorker] INFO  segmented.SegmentedRaftLogWorker (SegmentedRaftLogWorker.java:execute(576)) - 4b287a15-77af-487b-aef7-34d1d0ee189f@group-224A5B6DD22C-SegmentedRaftLogWorker: created new log segment /workdir/hadoop-ozone/integration-test/target/test-dir/MiniOzoneClusterImpl-c59fee7e-17c5-4f17-b61a-b44f1b433ee8/datanode-2/data/ratis/0ca55da0-a14d-45b6-b30c-224a5b6dd22c/current/log_inprogress_0
2019-10-16 21:01:15,860 [4a03179f-3169-4ac7-a075-259968512ef0@group-224A5B6DD22C-LeaderElection7] INFO  impl.LeaderElection (LeaderElection.java:askForVotes(178)) - 4a03179f-3169-4ac7-a075-259968512ef0@group-224A5B6DD22C-LeaderElection7: begin an election at term 6 for -1: [4b287a15-77af-487b-aef7-34d1d0ee189f:192.168.34.38:38597, 0aa3649f-570d-46c6-937f-492d7f3a8364:192.168.34.38:33209, 4a03179f-3169-4ac7-a075-259968512ef0:192.168.34.38:45833], old=null
2019-10-16 21:01:15,860 [grpc-default-executor-2] INFO  ratis.XceiverServerRatis (XceiverServerRatis.java:handleLeaderChangedNotification(700)) - Leader change notification received for group: group-224A5B6DD22C with new leaderId: 4b287a15-77af-487b-aef7-34d1d0ee189f
2019-10-16 21:01:15,860 [grpc-default-executor-2] INFO  impl.RaftServerImpl (ServerState.java:setLeader(256)) - 0aa3649f-570d-46c6-937f-492d7f3a8364@group-224A5B6DD22C: change Leader from null to 4b287a15-77af-487b-aef7-34d1d0ee189f at term 5 for appendEntries, leader elected after 144ms
2019-10-16 21:01:15,862 [EventQueue-PipelineReportForPipelineReportHandler] INFO  pipeline.PipelineReportHandler (PipelineReportHandler.java:processPipelineReport(119)) - Pipeline PipelineID=0ca55da0-a14d-45b6-b30c-224a5b6dd22c reported by 0aa3649f-570d-46c6-937f-492d7f3a8364{ip: 192.168.34.38, host: pr-hdds-1868-89kc4-1304904179, networkLocation: /default-rack, certSerialId: null} with leaderId 4b287a15-77af-487b-aef7-34d1d0ee189f
2019-10-16 21:01:15,869 [grpc-default-executor-0] INFO  impl.RaftServerImpl (ServerState.java:setLeader(256)) - 0aa3649f-570d-46c6-937f-492d7f3a8364@group-224A5B6DD22C: change Leader from 4b287a15-77af-487b-aef7-34d1d0ee189f to null at term 6 for updateCurrentTerm
2019-10-16 21:01:15,869 [grpc-default-executor-0] INFO  impl.RaftServerImpl (RaftServerImpl.java:setRole(184)) - 0aa3649f-570d-46c6-937f-492d7f3a8364@group-224A5B6DD22C: changes role from  FOLLOWER to FOLLOWER at term 6 for recognizeCandidate:4a03179f-3169-4ac7-a075-259968512ef0
2019-10-16 21:01:15,869 [grpc-default-executor-0] INFO  impl.RoleInfo (RoleInfo.java:shutdownFollowerState(121)) - 0aa3649f-570d-46c6-937f-492d7f3a8364: shutdown FollowerState
2019-10-16 21:01:15,869 [grpc-default-executor-0] INFO  impl.RoleInfo (RoleInfo.java:updateAndGet(143)) - 0aa3649f-570d-46c6-937f-492d7f3a8364: start FollowerState
2019-10-16 21:01:15,869 [Thread-234] INFO  impl.FollowerState (FollowerState.java:run(117)) - 0aa3649f-570d-46c6-937f-492d7f3a8364@group-224A5B6DD22C-FollowerState was interrupted: java.lang.InterruptedException: sleep interrupted
2019-10-16 21:01:15,870 [grpc-default-executor-1] INFO  impl.RaftServerImpl (ServerState.java:setLeader(256)) - 4b287a15-77af-487b-aef7-34d1d0ee189f@group-224A5B6DD22C: change Leader from 4b287a15-77af-487b-aef7-34d1d0ee189f to null at term 6 for updateCurrentTerm
2019-10-16 21:01:15,870 [grpc-default-executor-1] INFO  impl.RaftServerImpl (RaftServerImpl.java:setRole(184)) - 4b287a15-77af-487b-aef7-34d1d0ee189f@group-224A5B6DD22C: changes role from    LEADER to FOLLOWER at term 6 for recognizeCandidate:4a03179f-3169-4ac7-a075-259968512ef0
2019-10-16 21:01:15,871 [grpc-default-executor-1] INFO  impl.RoleInfo (RoleInfo.java:shutdownLeaderState(104)) - 4b287a15-77af-487b-aef7-34d1d0ee189f: shutdown LeaderState
2019-10-16 21:01:15,871 [org.apache.ratis.server.impl.LogAppender$AppenderDaemon$$Lambda$422/1898645143@423499a6] WARN  server.GrpcLogAppender (GrpcLogAppender.java:mayWait(149)) - 4b287a15-77af-487b-aef7-34d1d0ee189f@group-224A5B6DD22C->4a03179f-3169-4ac7-a075-259968512ef0-GrpcLogAppender: Wait interrupted by java.lang.InterruptedException
2019-10-16 21:01:15,872 [grpc-default-executor-1] INFO  impl.PendingRequests (PendingRequests.java:sendNotLeaderResponses(202)) - 4b287a15-77af-487b-aef7-34d1d0ee189f@group-224A5B6DD22C-PendingRequests: sendNotLeaderResponses
2019-10-16 21:01:15,872 [org.apache.ratis.server.impl.LogAppender$AppenderDaemon$$Lambda$422/1898645143@13f3a099] WARN  server.GrpcLogAppender (GrpcLogAppender.java:mayWait(149)) - 4b287a15-77af-487b-aef7-34d1d0ee189f@group-224A5B6DD22C->0aa3649f-570d-46c6-937f-492d7f3a8364-GrpcLogAppender: Wait interrupted by java.lang.InterruptedException
2019-10-16 21:01:15,875 [grpc-default-executor-1] INFO  impl.RoleInfo (RoleInfo.java:updateAndGet(143)) - 4b287a15-77af-487b-aef7-34d1d0ee189f: start FollowerState
2019-10-16 21:01:15,876 [grpc-default-executor-4] INFO  server.GrpcServerProtocolService (GrpcServerProtocolService.java:onCompleted(113)) - 4a03179f-3169-4ac7-a075-259968512ef0: Completed APPEND_ENTRIES, lastRequest: 4b287a15-77af-487b-aef7-34d1d0ee189f->4a03179f-3169-4ac7-a075-259968512ef0#0-t5, previous=(t:0, i:0), leaderCommit=-1, initializing? false, entries: <empty>
2019-10-16 21:01:15,876 [grpc-default-executor-5] INFO  server.GrpcServerProtocolService (GrpcServerProtocolService.java:onCompleted(113)) - 0aa3649f-570d-46c6-937f-492d7f3a8364: Completed APPEND_ENTRIES, lastRequest: 4b287a15-77af-487b-aef7-34d1d0ee189f->0aa3649f-570d-46c6-937f-492d7f3a8364#0-t5, previous=(t:0, i:0), leaderCommit=-1, initializing? false, entries: <empty>
2019-10-16 21:01:15,878 [grpc-default-executor-2] INFO  server.GrpcLogAppender (GrpcLogAppender.java:onCompleted(308)) - 4b287a15-77af-487b-aef7-34d1d0ee189f@group-224A5B6DD22C->0aa3649f-570d-46c6-937f-492d7f3a8364-AppendLogResponseHandler: follower responses appendEntries COMPLETED
2019-10-16 21:01:15,880 [grpc-default-executor-2] INFO  impl.FollowerInfo (FollowerInfo.java:lambda$new$0(51)) - 4b287a15-77af-487b-aef7-34d1d0ee189f@group-224A5B6DD22C->0aa3649f-570d-46c6-937f-492d7f3a8364: nextIndex: updateUnconditionally 0 -> 0
2019-10-16 21:01:15,885 [grpc-default-executor-3] INFO  server.GrpcLogAppender (GrpcLogAppender.java:onCompleted(308)) - 4b287a15-77af-487b-aef7-34d1d0ee189f@group-224A5B6DD22C->4a03179f-3169-4ac7-a075-259968512ef0-AppendLogResponseHandler: follower responses appendEntries COMPLETED
2019-10-16 21:01:15,889 [grpc-default-executor-3] INFO  impl.FollowerInfo (FollowerInfo.java:lambda$new$0(51)) - 4b287a15-77af-487b-aef7-34d1d0ee189f@group-224A5B6DD22C->4a03179f-3169-4ac7-a075-259968512ef0: nextIndex: updateUnconditionally 0 -> 0
2019-10-16 21:01:15,890 [4a03179f-3169-4ac7-a075-259968512ef0@group-224A5B6DD22C-LeaderElection7] INFO  impl.LeaderElection (LeaderElection.java:logAndReturn(56)) - 4a03179f-3169-4ac7-a075-259968512ef0@group-224A5B6DD22C-LeaderElection7: Election REJECTED; received 2 response(s) [4a03179f-3169-4ac7-a075-259968512ef0<-4b287a15-77af-487b-aef7-34d1d0ee189f#0:FAIL-t6, 4a03179f-3169-4ac7-a075-259968512ef0<-0aa3649f-570d-46c6-937f-492d7f3a8364#0:FAIL-t6] and 0 exception(s); 4a03179f-3169-4ac7-a075-259968512ef0@group-224A5B6DD22C:t6, leader=null, voted=4a03179f-3169-4ac7-a075-259968512ef0, raftlog=4a03179f-3169-4ac7-a075-259968512ef0@group-224A5B6DD22C-SegmentedRaftLog:OPENED:c-1,f-1,i0, conf=-1: [4b287a15-77af-487b-aef7-34d1d0ee189f:192.168.34.38:38597, 0aa3649f-570d-46c6-937f-492d7f3a8364:192.168.34.38:33209, 4a03179f-3169-4ac7-a075-259968512ef0:192.168.34.38:45833], old=null
2019-10-16 21:01:15,890 [4a03179f-3169-4ac7-a075-259968512ef0@group-224A5B6DD22C-LeaderElection7] INFO  impl.RaftServerImpl (RaftServerImpl.java:setRole(184)) - 4a03179f-3169-4ac7-a075-259968512ef0@group-224A5B6DD22C: changes role from CANDIDATE to FOLLOWER at term 6 for DISCOVERED_A_NEW_TERM
2019-10-16 21:01:15,890 [4a03179f-3169-4ac7-a075-259968512ef0@group-224A5B6DD22C-LeaderElection7] INFO  impl.RoleInfo (RoleInfo.java:shutdownLeaderElection(134)) - 4a03179f-3169-4ac7-a075-259968512ef0: shutdown LeaderElection
2019-10-16 21:01:15,890 [4a03179f-3169-4ac7-a075-259968512ef0@group-224A5B6DD22C-LeaderElection7] INFO  impl.RoleInfo (RoleInfo.java:updateAndGet(143)) - 4a03179f-3169-4ac7-a075-259968512ef0: start FollowerState
2019-10-16 21:01:16,021 [Thread-249] INFO  impl.FollowerState (FollowerState.java:run(108)) - 4a03179f-3169-4ac7-a075-259968512ef0@group-224A5B6DD22C-FollowerState: change to CANDIDATE, lastRpcTime:131ms, electionTimeout:131ms
2019-10-16 21:01:16,022 [Thread-249] INFO  impl.RoleInfo (RoleInfo.java:shutdownFollowerState(121)) - 4a03179f-3169-4ac7-a075-259968512ef0: shutdown FollowerState
2019-10-16 21:01:16,022 [Thread-249] INFO  impl.RaftServerImpl (RaftServerImpl.java:setRole(184)) - 4a03179f-3169-4ac7-a075-259968512ef0@group-224A5B6DD22C: changes role from  FOLLOWER to CANDIDATE at term 6 for changeToCandidate
2019-10-16 21:01:16,022 [Thread-249] INFO  impl.RoleInfo (RoleInfo.java:updateAndGet(143)) - 4a03179f-3169-4ac7-a075-259968512ef0: start LeaderElection
2019-10-16 21:01:16,036 [4a03179f-3169-4ac7-a075-259968512ef0@group-224A5B6DD22C-LeaderElection8] INFO  impl.LeaderElection (LeaderElection.java:askForVotes(178)) - 4a03179f-3169-4ac7-a075-259968512ef0@group-224A5B6DD22C-LeaderElection8: begin an election at term 7 for -1: [4b287a15-77af-487b-aef7-34d1d0ee189f:192.168.34.38:38597, 0aa3649f-570d-46c6-937f-492d7f3a8364:192.168.34.38:33209, 4a03179f-3169-4ac7-a075-259968512ef0:192.168.34.38:45833], old=null
2019-10-16 21:01:16,040 [grpc-default-executor-3] INFO  impl.RaftServerImpl (RaftServerImpl.java:setRole(184)) - 4b287a15-77af-487b-aef7-34d1d0ee189f@group-224A5B6DD22C: changes role from  FOLLOWER to FOLLOWER at term 7 for recognizeCandidate:4a03179f-3169-4ac7-a075-259968512ef0
2019-10-16 21:01:16,040 [grpc-default-executor-3] INFO  impl.RoleInfo (RoleInfo.java:shutdownFollowerState(121)) - 4b287a15-77af-487b-aef7-34d1d0ee189f: shutdown FollowerState
2019-10-16 21:01:16,041 [grpc-default-executor-3] INFO  impl.RoleInfo (RoleInfo.java:updateAndGet(143)) - 4b287a15-77af-487b-aef7-34d1d0ee189f: start FollowerState
2019-10-16 21:01:16,041 [Thread-245] INFO  impl.FollowerState (FollowerState.java:run(117)) - 4b287a15-77af-487b-aef7-34d1d0ee189f@group-224A5B6DD22C-FollowerState was interrupted: java.lang.InterruptedException: sleep interrupted
2019-10-16 21:01:16,042 [grpc-default-executor-1] INFO  impl.RaftServerImpl (RaftServerImpl.java:setRole(184)) - 0aa3649f-570d-46c6-937f-492d7f3a8364@group-224A5B6DD22C: changes role from  FOLLOWER to FOLLOWER at term 7 for recognizeCandidate:4a03179f-3169-4ac7-a075-259968512ef0
2019-10-16 21:01:16,042 [grpc-default-executor-1] INFO  impl.RoleInfo (RoleInfo.java:shutdownFollowerState(121)) - 0aa3649f-570d-46c6-937f-492d7f3a8364: shutdown FollowerState
2019-10-16 21:01:16,043 [Thread-244] INFO  impl.FollowerState (FollowerState.java:run(117)) - 0aa3649f-570d-46c6-937f-492d7f3a8364@group-224A5B6DD22C-FollowerState was interrupted: java.lang.InterruptedException: sleep interrupted
2019-10-16 21:01:16,043 [grpc-default-executor-1] INFO  impl.RoleInfo (RoleInfo.java:updateAndGet(143)) - 0aa3649f-570d-46c6-937f-492d7f3a8364: start FollowerState
2019-10-16 21:01:16,058 [4a03179f-3169-4ac7-a075-259968512ef0@group-224A5B6DD22C-LeaderElection8] INFO  impl.LeaderElection (LeaderElection.java:logAndReturn(56)) - 4a03179f-3169-4ac7-a075-259968512ef0@group-224A5B6DD22C-LeaderElection8: Election REJECTED; received 2 response(s) [4a03179f-3169-4ac7-a075-259968512ef0<-4b287a15-77af-487b-aef7-34d1d0ee189f#0:FAIL-t7, 4a03179f-3169-4ac7-a075-259968512ef0<-0aa3649f-570d-46c6-937f-492d7f3a8364#0:FAIL-t7] and 0 exception(s); 4a03179f-3169-4ac7-a075-259968512ef0@group-224A5B6DD22C:t7, leader=null, voted=4a03179f-3169-4ac7-a075-259968512ef0, raftlog=4a03179f-3169-4ac7-a075-259968512ef0@group-224A5B6DD22C-SegmentedRaftLog:OPENED:c-1,f-1,i0, conf=-1: [4b287a15-77af-487b-aef7-34d1d0ee189f:192.168.34.38:38597, 0aa3649f-570d-46c6-937f-492d7f3a8364:192.168.34.38:33209, 4a03179f-3169-4ac7-a075-259968512ef0:192.168.34.38:45833], old=null
2019-10-16 21:01:16,058 [4a03179f-3169-4ac7-a075-259968512ef0@group-224A5B6DD22C-LeaderElection8] INFO  impl.RaftServerImpl (RaftServerImpl.java:setRole(184)) - 4a03179f-3169-4ac7-a075-259968512ef0@group-224A5B6DD22C: changes role from CANDIDATE to FOLLOWER at term 7 for DISCOVERED_A_NEW_TERM
2019-10-16 21:01:16,060 [4a03179f-3169-4ac7-a075-259968512ef0@group-224A5B6DD22C-LeaderElection8] INFO  impl.RoleInfo (RoleInfo.java:shutdownLeaderElection(134)) - 4a03179f-3169-4ac7-a075-259968512ef0: shutdown LeaderElection
2019-10-16 21:01:16,063 [4a03179f-3169-4ac7-a075-259968512ef0@group-224A5B6DD22C-LeaderElection8] INFO  impl.RoleInfo (RoleInfo.java:updateAndGet(143)) - 4a03179f-3169-4ac7-a075-259968512ef0: start FollowerState
2019-10-16 21:01:16,211 [Thread-255] INFO  impl.FollowerState (FollowerState.java:run(108)) - 4a03179f-3169-4ac7-a075-259968512ef0@group-224A5B6DD22C-FollowerState: change to CANDIDATE, lastRpcTime:147ms, electionTimeout:147ms
2019-10-16 21:01:16,212 [Thread-255] INFO  impl.RoleInfo (RoleInfo.java:shutdownFollowerState(121)) - 4a03179f-3169-4ac7-a075-259968512ef0: shutdown FollowerState
2019-10-16 21:01:16,213 [Thread-255] INFO  impl.RaftServerImpl (RaftServerImpl.java:setRole(184)) - 4a03179f-3169-4ac7-a075-259968512ef0@group-224A5B6DD22C: changes role from  FOLLOWER to CANDIDATE at term 7 for changeToCandidate
2019-10-16 21:01:16,213 [Thread-255] INFO  impl.RoleInfo (RoleInfo.java:updateAndGet(143)) - 4a03179f-3169-4ac7-a075-259968512ef0: start LeaderElection
2019-10-16 21:01:16,229 [4a03179f-3169-4ac7-a075-259968512ef0@group-224A5B6DD22C-LeaderElection9] INFO  impl.LeaderElection (LeaderElection.java:askForVotes(178)) - 4a03179f-3169-4ac7-a075-259968512ef0@group-224A5B6DD22C-LeaderElection9: begin an election at term 8 for -1: [4b287a15-77af-487b-aef7-34d1d0ee189f:192.168.34.38:38597, 0aa3649f-570d-46c6-937f-492d7f3a8364:192.168.34.38:33209, 4a03179f-3169-4ac7-a075-259968512ef0:192.168.34.38:45833], old=null
2019-10-16 21:01:16,234 [grpc-default-executor-1] INFO  impl.RaftServerImpl (RaftServerImpl.java:setRole(184)) - 4b287a15-77af-487b-aef7-34d1d0ee189f@group-224A5B6DD22C: changes role from  FOLLOWER to FOLLOWER at term 8 for recognizeCandidate:4a03179f-3169-4ac7-a075-259968512ef0
2019-10-16 21:01:16,234 [grpc-default-executor-3] INFO  impl.RaftServerImpl (RaftServerImpl.java:setRole(184)) - 0aa3649f-570d-46c6-937f-492d7f3a8364@group-224A5B6DD22C: changes role from  FOLLOWER to FOLLOWER at term 8 for recognizeCandidate:4a03179f-3169-4ac7-a075-259968512ef0
2019-10-16 21:01:16,234 [grpc-default-executor-1] INFO  impl.RoleInfo (RoleInfo.java:shutdownFollowerState(121)) - 4b287a15-77af-487b-aef7-34d1d0ee189f: shutdown FollowerState
2019-10-16 21:01:16,234 [grpc-default-executor-3] INFO  impl.RoleInfo (RoleInfo.java:shutdownFollowerState(121)) - 0aa3649f-570d-46c6-937f-492d7f3a8364: shutdown FollowerState
2019-10-16 21:01:16,235 [grpc-default-executor-1] INFO  impl.RoleInfo (RoleInfo.java:updateAndGet(143)) - 4b287a15-77af-487b-aef7-34d1d0ee189f: start FollowerState
2019-10-16 21:01:16,235 [Thread-254] INFO  impl.FollowerState (FollowerState.java:run(117)) - 0aa3649f-570d-46c6-937f-492d7f3a8364@group-224A5B6DD22C-FollowerState was interrupted: java.lang.InterruptedException: sleep interrupted
2019-10-16 21:01:16,235 [grpc-default-executor-3] INFO  impl.RoleInfo (RoleInfo.java:updateAndGet(143)) - 0aa3649f-570d-46c6-937f-492d7f3a8364: start FollowerState
2019-10-16 21:01:16,235 [Thread-253] INFO  impl.FollowerState (FollowerState.java:run(117)) - 4b287a15-77af-487b-aef7-34d1d0ee189f@group-224A5B6DD22C-FollowerState was interrupted: java.lang.InterruptedException: sleep interrupted
2019-10-16 21:01:16,272 [4a03179f-3169-4ac7-a075-259968512ef0@group-224A5B6DD22C-LeaderElection9] INFO  impl.LeaderElection (LeaderElection.java:logAndReturn(56)) - 4a03179f-3169-4ac7-a075-259968512ef0@group-224A5B6DD22C-LeaderElection9: Election REJECTED; received 2 response(s) [4a03179f-3169-4ac7-a075-259968512ef0<-4b287a15-77af-487b-aef7-34d1d0ee189f#0:FAIL-t8, 4a03179f-3169-4ac7-a075-259968512ef0<-0aa3649f-570d-46c6-937f-492d7f3a8364#0:FAIL-t8] and 0 exception(s); 4a03179f-3169-4ac7-a075-259968512ef0@group-224A5B6DD22C:t8, leader=null, voted=4a03179f-3169-4ac7-a075-259968512ef0, raftlog=4a03179f-3169-4ac7-a075-259968512ef0@group-224A5B6DD22C-SegmentedRaftLog:OPENED:c-1,f-1,i0, conf=-1: [4b287a15-77af-487b-aef7-34d1d0ee189f:192.168.34.38:38597, 0aa3649f-570d-46c6-937f-492d7f3a8364:192.168.34.38:33209, 4a03179f-3169-4ac7-a075-259968512ef0:192.168.34.38:45833], old=null
2019-10-16 21:01:16,272 [4a03179f-3169-4ac7-a075-259968512ef0@group-224A5B6DD22C-LeaderElection9] INFO  impl.RaftServerImpl (RaftServerImpl.java:setRole(184)) - 4a03179f-3169-4ac7-a075-259968512ef0@group-224A5B6DD22C: changes role from CANDIDATE to FOLLOWER at term 8 for DISCOVERED_A_NEW_TERM
2019-10-16 21:01:16,273 [4a03179f-3169-4ac7-a075-259968512ef0@group-224A5B6DD22C-LeaderElection9] INFO  impl.RoleInfo (RoleInfo.java:shutdownLeaderElection(134)) - 4a03179f-3169-4ac7-a075-259968512ef0: shutdown LeaderElection
2019-10-16 21:01:16,273 [4a03179f-3169-4ac7-a075-259968512ef0@group-224A5B6DD22C-LeaderElection9] INFO  impl.RoleInfo (RoleInfo.java:updateAndGet(143)) - 4a03179f-3169-4ac7-a075-259968512ef0: start FollowerState
2019-10-16 21:01:16,340 [main] INFO  ozone.MiniOzoneClusterImpl (MiniOzoneClusterImpl.java:lambda$waitForClusterToBeReady$2(164)) - Waiting for 1 number of pipelines out of 4, to report a leader.
2019-10-16 21:01:16,394 [Thread-261] INFO  impl.FollowerState (FollowerState.java:run(108)) - 4a03179f-3169-4ac7-a075-259968512ef0@group-224A5B6DD22C-FollowerState: change to CANDIDATE, lastRpcTime:120ms, electionTimeout:120ms
2019-10-16 21:01:16,394 [Thread-261] INFO  impl.RoleInfo (RoleInfo.java:shutdownFollowerState(121)) - 4a03179f-3169-4ac7-a075-259968512ef0: shutdown FollowerState
2019-10-16 21:01:16,395 [Thread-261] INFO  impl.RaftServerImpl (RaftServerImpl.java:setRole(184)) - 4a03179f-3169-4ac7-a075-259968512ef0@group-224A5B6DD22C: changes role from  FOLLOWER to CANDIDATE at term 8 for changeToCandidate
2019-10-16 21:01:16,395 [Thread-261] INFO  impl.RoleInfo (RoleInfo.java:updateAndGet(143)) - 4a03179f-3169-4ac7-a075-259968512ef0: start LeaderElection
2019-10-16 21:01:16,409 [4a03179f-3169-4ac7-a075-259968512ef0@group-224A5B6DD22C-LeaderElection10] INFO  impl.LeaderElection (LeaderElection.java:askForVotes(178)) - 4a03179f-3169-4ac7-a075-259968512ef0@group-224A5B6DD22C-LeaderElection10: begin an election at term 9 for -1: [4b287a15-77af-487b-aef7-34d1d0ee189f:192.168.34.38:38597, 0aa3649f-570d-46c6-937f-492d7f3a8364:192.168.34.38:33209, 4a03179f-3169-4ac7-a075-259968512ef0:192.168.34.38:45833], old=null
2019-10-16 21:01:16,414 [grpc-default-executor-3] INFO  impl.RaftServerImpl (RaftServerImpl.java:setRole(184)) - 4b287a15-77af-487b-aef7-34d1d0ee189f@group-224A5B6DD22C: changes role from  FOLLOWER to FOLLOWER at term 9 for recognizeCandidate:4a03179f-3169-4ac7-a075-259968512ef0
2019-10-16 21:01:16,414 [grpc-default-executor-1] INFO  impl.RaftServerImpl (RaftServerImpl.java:setRole(184)) - 0aa3649f-570d-46c6-937f-492d7f3a8364@group-224A5B6DD22C: changes role from  FOLLOWER to FOLLOWER at term 9 for recognizeCandidate:4a03179f-3169-4ac7-a075-259968512ef0
2019-10-16 21:01:16,414 [grpc-default-executor-3] INFO  impl.RoleInfo (RoleInfo.java:shutdownFollowerState(121)) - 4b287a15-77af-487b-aef7-34d1d0ee189f: shutdown FollowerState
2019-10-16 21:01:16,415 [grpc-default-executor-1] INFO  impl.RoleInfo (RoleInfo.java:shutdownFollowerState(121)) - 0aa3649f-570d-46c6-937f-492d7f3a8364: shutdown FollowerState
2019-10-16 21:01:16,415 [Thread-259] INFO  impl.FollowerState (FollowerState.java:run(117)) - 4b287a15-77af-487b-aef7-34d1d0ee189f@group-224A5B6DD22C-FollowerState was interrupted: java.lang.InterruptedException: sleep interrupted
2019-10-16 21:01:16,415 [grpc-default-executor-3] INFO  impl.RoleInfo (RoleInfo.java:updateAndGet(143)) - 4b287a15-77af-487b-aef7-34d1d0ee189f: start FollowerState
2019-10-16 21:01:16,415 [grpc-default-executor-1] INFO  impl.RoleInfo (RoleInfo.java:updateAndGet(143)) - 0aa3649f-570d-46c6-937f-492d7f3a8364: start FollowerState
2019-10-16 21:01:16,415 [Thread-260] INFO  impl.FollowerState (FollowerState.java:run(117)) - 0aa3649f-570d-46c6-937f-492d7f3a8364@group-224A5B6DD22C-FollowerState was interrupted: java.lang.InterruptedException: sleep interrupted
2019-10-16 21:01:16,431 [4a03179f-3169-4ac7-a075-259968512ef0@group-224A5B6DD22C-LeaderElection10] INFO  impl.LeaderElection (LeaderElection.java:logAndReturn(56)) - 4a03179f-3169-4ac7-a075-259968512ef0@group-224A5B6DD22C-LeaderElection10: Election REJECTED; received 2 response(s) [4a03179f-3169-4ac7-a075-259968512ef0<-4b287a15-77af-487b-aef7-34d1d0ee189f#0:FAIL-t9, 4a03179f-3169-4ac7-a075-259968512ef0<-0aa3649f-570d-46c6-937f-492d7f3a8364#0:FAIL-t9] and 0 exception(s); 4a03179f-3169-4ac7-a075-259968512ef0@group-224A5B6DD22C:t9, leader=null, voted=4a03179f-3169-4ac7-a075-259968512ef0, raftlog=4a03179f-3169-4ac7-a075-259968512ef0@group-224A5B6DD22C-SegmentedRaftLog:OPENED:c-1,f-1,i0, conf=-1: [4b287a15-77af-487b-aef7-34d1d0ee189f:192.168.34.38:38597, 0aa3649f-570d-46c6-937f-492d7f3a8364:192.168.34.38:33209, 4a03179f-3169-4ac7-a075-259968512ef0:192.168.34.38:45833], old=null
2019-10-16 21:01:16,431 [4a03179f-3169-4ac7-a075-259968512ef0@group-224A5B6DD22C-LeaderElection10] INFO  impl.RaftServerImpl (RaftServerImpl.java:setRole(184)) - 4a03179f-3169-4ac7-a075-259968512ef0@group-224A5B6DD22C: changes role from CANDIDATE to FOLLOWER at term 9 for DISCOVERED_A_NEW_TERM
2019-10-16 21:01:16,432 [4a03179f-3169-4ac7-a075-259968512ef0@group-224A5B6DD22C-LeaderElection10] INFO  impl.RoleInfo (RoleInfo.java:shutdownLeaderElection(134)) - 4a03179f-3169-4ac7-a075-259968512ef0: shutdown LeaderElection
2019-10-16 21:01:16,432 [4a03179f-3169-4ac7-a075-259968512ef0@group-224A5B6DD22C-LeaderElection10] INFO  impl.RoleInfo (RoleInfo.java:updateAndGet(143)) - 4a03179f-3169-4ac7-a075-259968512ef0: start FollowerState
2019-10-16 21:01:16,633 [Thread-267] INFO  impl.FollowerState (FollowerState.java:run(108)) - 4a03179f-3169-4ac7-a075-259968512ef0@group-224A5B6DD22C-FollowerState: change to CANDIDATE, lastRpcTime:200ms, electionTimeout:200ms
2019-10-16 21:01:16,634 [Thread-267] INFO  impl.RoleInfo (RoleInfo.java:shutdownFollowerState(121)) - 4a03179f-3169-4ac7-a075-259968512ef0: shutdown FollowerState
2019-10-16 21:01:16,634 [Thread-267] INFO  impl.RaftServerImpl (RaftServerImpl.java:setRole(184)) - 4a03179f-3169-4ac7-a075-259968512ef0@group-224A5B6DD22C: changes role from  FOLLOWER to CANDIDATE at term 9 for changeToCandidate
2019-10-16 21:01:16,635 [Thread-267] INFO  impl.RoleInfo (RoleInfo.java:updateAndGet(143)) - 4a03179f-3169-4ac7-a075-259968512ef0: start LeaderElection
2019-10-16 21:01:16,675 [4a03179f-3169-4ac7-a075-259968512ef0@group-224A5B6DD22C-LeaderElection11] INFO  impl.LeaderElection (LeaderElection.java:askForVotes(178)) - 4a03179f-3169-4ac7-a075-259968512ef0@group-224A5B6DD22C-LeaderElection11: begin an election at term 10 for -1: [4b287a15-77af-487b-aef7-34d1d0ee189f:192.168.34.38:38597, 0aa3649f-570d-46c6-937f-492d7f3a8364:192.168.34.38:33209, 4a03179f-3169-4ac7-a075-259968512ef0:192.168.34.38:45833], old=null
2019-10-16 21:01:16,680 [grpc-default-executor-3] INFO  impl.RaftServerImpl (RaftServerImpl.java:setRole(184)) - 0aa3649f-570d-46c6-937f-492d7f3a8364@group-224A5B6DD22C: changes role from  FOLLOWER to FOLLOWER at term 10 for recognizeCandidate:4a03179f-3169-4ac7-a075-259968512ef0
2019-10-16 21:01:16,680 [grpc-default-executor-3] INFO  impl.RoleInfo (RoleInfo.java:shutdownFollowerState(121)) - 0aa3649f-570d-46c6-937f-492d7f3a8364: shutdown FollowerState
2019-10-16 21:01:16,680 [grpc-default-executor-1] INFO  impl.RaftServerImpl (RaftServerImpl.java:setRole(184)) - 4b287a15-77af-487b-aef7-34d1d0ee189f@group-224A5B6DD22C: changes role from  FOLLOWER to FOLLOWER at term 10 for recognizeCandidate:4a03179f-3169-4ac7-a075-259968512ef0
2019-10-16 21:01:16,680 [Thread-266] INFO  impl.FollowerState (FollowerState.java:run(117)) - 0aa3649f-570d-46c6-937f-492d7f3a8364@group-224A5B6DD22C-FollowerState was interrupted: java.lang.InterruptedException: sleep interrupted
2019-10-16 21:01:16,680 [grpc-default-executor-3] INFO  impl.RoleInfo (RoleInfo.java:updateAndGet(143)) - 0aa3649f-570d-46c6-937f-492d7f3a8364: start FollowerState
2019-10-16 21:01:16,680 [grpc-default-executor-1] INFO  impl.RoleInfo (RoleInfo.java:shutdownFollowerState(121)) - 4b287a15-77af-487b-aef7-34d1d0ee189f: shutdown FollowerState
2019-10-16 21:01:16,681 [grpc-default-executor-1] INFO  impl.RoleInfo (RoleInfo.java:updateAndGet(143)) - 4b287a15-77af-487b-aef7-34d1d0ee189f: start FollowerState
2019-10-16 21:01:16,681 [Thread-265] INFO  impl.FollowerState (FollowerState.java:run(117)) - 4b287a15-77af-487b-aef7-34d1d0ee189f@group-224A5B6DD22C-FollowerState was interrupted: java.lang.InterruptedException: sleep interrupted
2019-10-16 21:01:16,696 [4a03179f-3169-4ac7-a075-259968512ef0@group-224A5B6DD22C-LeaderElection11] INFO  impl.LeaderElection (LeaderElection.java:logAndReturn(56)) - 4a03179f-3169-4ac7-a075-259968512ef0@group-224A5B6DD22C-LeaderElection11: Election REJECTED; received 2 response(s) [4a03179f-3169-4ac7-a075-259968512ef0<-4b287a15-77af-487b-aef7-34d1d0ee189f#0:FAIL-t10, 4a03179f-3169-4ac7-a075-259968512ef0<-0aa3649f-570d-46c6-937f-492d7f3a8364#0:FAIL-t10] and 0 exception(s); 4a03179f-3169-4ac7-a075-259968512ef0@group-224A5B6DD22C:t10, leader=null, voted=4a03179f-3169-4ac7-a075-259968512ef0, raftlog=4a03179f-3169-4ac7-a075-259968512ef0@group-224A5B6DD22C-SegmentedRaftLog:OPENED:c-1,f-1,i0, conf=-1: [4b287a15-77af-487b-aef7-34d1d0ee189f:192.168.34.38:38597, 0aa3649f-570d-46c6-937f-492d7f3a8364:192.168.34.38:33209, 4a03179f-3169-4ac7-a075-259968512ef0:192.168.34.38:45833], old=null
2019-10-16 21:01:16,696 [4a03179f-3169-4ac7-a075-259968512ef0@group-224A5B6DD22C-LeaderElection11] INFO  impl.RaftServerImpl (RaftServerImpl.java:setRole(184)) - 4a03179f-3169-4ac7-a075-259968512ef0@group-224A5B6DD22C: changes role from CANDIDATE to FOLLOWER at term 10 for DISCOVERED_A_NEW_TERM
2019-10-16 21:01:16,697 [4a03179f-3169-4ac7-a075-259968512ef0@group-224A5B6DD22C-LeaderElection11] INFO  impl.RoleInfo (RoleInfo.java:shutdownLeaderElection(134)) - 4a03179f-3169-4ac7-a075-259968512ef0: shutdown LeaderElection
2019-10-16 21:01:16,697 [4a03179f-3169-4ac7-a075-259968512ef0@group-224A5B6DD22C-LeaderElection11] INFO  impl.RoleInfo (RoleInfo.java:updateAndGet(143)) - 4a03179f-3169-4ac7-a075-259968512ef0: start FollowerState
2019-10-16 21:01:16,802 [Thread-273] INFO  impl.FollowerState (FollowerState.java:run(108)) - 4a03179f-3169-4ac7-a075-259968512ef0@group-224A5B6DD22C-FollowerState: change to CANDIDATE, lastRpcTime:104ms, electionTimeout:104ms
2019-10-16 21:01:16,804 [Thread-273] INFO  impl.RoleInfo (RoleInfo.java:shutdownFollowerState(121)) - 4a03179f-3169-4ac7-a075-259968512ef0: shutdown FollowerState
2019-10-16 21:01:16,804 [Thread-273] INFO  impl.RaftServerImpl (RaftServerImpl.java:setRole(184)) - 4a03179f-3169-4ac7-a075-259968512ef0@group-224A5B6DD22C: changes role from  FOLLOWER to CANDIDATE at term 10 for changeToCandidate
2019-10-16 21:01:16,804 [Thread-273] INFO  impl.RoleInfo (RoleInfo.java:updateAndGet(143)) - 4a03179f-3169-4ac7-a075-259968512ef0: start LeaderElection
2019-10-16 21:01:16,819 [4a03179f-3169-4ac7-a075-259968512ef0@group-224A5B6DD22C-LeaderElection12] INFO  impl.LeaderElection (LeaderElection.java:askForVotes(178)) - 4a03179f-3169-4ac7-a075-259968512ef0@group-224A5B6DD22C-LeaderElection12: begin an election at term 11 for -1: [4b287a15-77af-487b-aef7-34d1d0ee189f:192.168.34.38:38597, 0aa3649f-570d-46c6-937f-492d7f3a8364:192.168.34.38:33209, 4a03179f-3169-4ac7-a075-259968512ef0:192.168.34.38:45833], old=null
2019-10-16 21:01:16,824 [grpc-default-executor-3] INFO  impl.RaftServerImpl (RaftServerImpl.java:setRole(184)) - 0aa3649f-570d-46c6-937f-492d7f3a8364@group-224A5B6DD22C: changes role from  FOLLOWER to FOLLOWER at term 11 for recognizeCandidate:4a03179f-3169-4ac7-a075-259968512ef0
2019-10-16 21:01:16,824 [grpc-default-executor-1] INFO  impl.RaftServerImpl (RaftServerImpl.java:setRole(184)) - 4b287a15-77af-487b-aef7-34d1d0ee189f@group-224A5B6DD22C: changes role from  FOLLOWER to FOLLOWER at term 11 for recognizeCandidate:4a03179f-3169-4ac7-a075-259968512ef0
2019-10-16 21:01:16,825 [grpc-default-executor-3] INFO  impl.RoleInfo (RoleInfo.java:shutdownFollowerState(121)) - 0aa3649f-570d-46c6-937f-492d7f3a8364: shutdown FollowerState
2019-10-16 21:01:16,825 [grpc-default-executor-1] INFO  impl.RoleInfo (RoleInfo.java:shutdownFollowerState(121)) - 4b287a15-77af-487b-aef7-34d1d0ee189f: shutdown FollowerState
2019-10-16 21:01:16,825 [Thread-271] INFO  impl.FollowerState (FollowerState.java:run(117)) - 0aa3649f-570d-46c6-937f-492d7f3a8364@group-224A5B6DD22C-FollowerState was interrupted: java.lang.InterruptedException: sleep interrupted
2019-10-16 21:01:16,825 [grpc-default-executor-3] INFO  impl.RoleInfo (RoleInfo.java:updateAndGet(143)) - 0aa3649f-570d-46c6-937f-492d7f3a8364: start FollowerState
2019-10-16 21:01:16,825 [grpc-default-executor-1] INFO  impl.RoleInfo (RoleInfo.java:updateAndGet(143)) - 4b287a15-77af-487b-aef7-34d1d0ee189f: start FollowerState
2019-10-16 21:01:16,825 [Thread-272] INFO  impl.FollowerState (FollowerState.java:run(117)) - 4b287a15-77af-487b-aef7-34d1d0ee189f@group-224A5B6DD22C-FollowerState was interrupted: java.lang.InterruptedException: sleep interrupted
2019-10-16 21:01:16,841 [4a03179f-3169-4ac7-a075-259968512ef0@group-224A5B6DD22C-LeaderElection12] INFO  impl.LeaderElection (LeaderElection.java:logAndReturn(56)) - 4a03179f-3169-4ac7-a075-259968512ef0@group-224A5B6DD22C-LeaderElection12: Election REJECTED; received 2 response(s) [4a03179f-3169-4ac7-a075-259968512ef0<-4b287a15-77af-487b-aef7-34d1d0ee189f#0:FAIL-t11, 4a03179f-3169-4ac7-a075-259968512ef0<-0aa3649f-570d-46c6-937f-492d7f3a8364#0:FAIL-t11] and 0 exception(s); 4a03179f-3169-4ac7-a075-259968512ef0@group-224A5B6DD22C:t11, leader=null, voted=4a03179f-3169-4ac7-a075-259968512ef0, raftlog=4a03179f-3169-4ac7-a075-259968512ef0@group-224A5B6DD22C-SegmentedRaftLog:OPENED:c-1,f-1,i0, conf=-1: [4b287a15-77af-487b-aef7-34d1d0ee189f:192.168.34.38:38597, 0aa3649f-570d-46c6-937f-492d7f3a8364:192.168.34.38:33209, 4a03179f-3169-4ac7-a075-259968512ef0:192.168.34.38:45833], old=null
2019-10-16 21:01:16,841 [4a03179f-3169-4ac7-a075-259968512ef0@group-224A5B6DD22C-LeaderElection12] INFO  impl.RaftServerImpl (RaftServerImpl.java:setRole(184)) - 4a03179f-3169-4ac7-a075-259968512ef0@group-224A5B6DD22C: changes role from CANDIDATE to FOLLOWER at term 11 for DISCOVERED_A_NEW_TERM
2019-10-16 21:01:16,842 [4a03179f-3169-4ac7-a075-259968512ef0@group-224A5B6DD22C-LeaderElection12] INFO  impl.RoleInfo (RoleInfo.java:shutdownLeaderElection(134)) - 4a03179f-3169-4ac7-a075-259968512ef0: shutdown LeaderElection
2019-10-16 21:01:16,842 [4a03179f-3169-4ac7-a075-259968512ef0@group-224A5B6DD22C-LeaderElection12] INFO  impl.RoleInfo (RoleInfo.java:updateAndGet(143)) - 4a03179f-3169-4ac7-a075-259968512ef0: start FollowerState
2019-10-16 21:01:16,892 [Thread-279] INFO  impl.FollowerState (FollowerState.java:run(108)) - 4a03179f-3169-4ac7-a075-259968512ef0@group-224A5B6DD22C-FollowerState: change to CANDIDATE, lastRpcTime:49ms, electionTimeout:49ms
2019-10-16 21:01:16,893 [Thread-279] INFO  impl.RoleInfo (RoleInfo.java:shutdownFollowerState(121)) - 4a03179f-3169-4ac7-a075-259968512ef0: shutdown FollowerState
2019-10-16 21:01:16,893 [Thread-279] INFO  impl.RaftServerImpl (RaftServerImpl.java:setRole(184)) - 4a03179f-3169-4ac7-a075-259968512ef0@group-224A5B6DD22C: changes role from  FOLLOWER to CANDIDATE at term 11 for changeToCandidate
2019-10-16 21:01:16,893 [Thread-279] INFO  impl.RoleInfo (RoleInfo.java:updateAndGet(143)) - 4a03179f-3169-4ac7-a075-259968512ef0: start LeaderElection
2019-10-16 21:01:16,918 [4a03179f-3169-4ac7-a075-259968512ef0@group-224A5B6DD22C-LeaderElection13] INFO  impl.LeaderElection (LeaderElection.java:askForVotes(178)) - 4a03179f-3169-4ac7-a075-259968512ef0@group-224A5B6DD22C-LeaderElection13: begin an election at term 12 for -1: [4b287a15-77af-487b-aef7-34d1d0ee189f:192.168.34.38:38597, 0aa3649f-570d-46c6-937f-492d7f3a8364:192.168.34.38:33209, 4a03179f-3169-4ac7-a075-259968512ef0:192.168.34.38:45833], old=null
2019-10-16 21:01:16,929 [grpc-default-executor-3] INFO  impl.RaftServerImpl (RaftServerImpl.java:setRole(184)) - 4b287a15-77af-487b-aef7-34d1d0ee189f@group-224A5B6DD22C: changes role from  FOLLOWER to FOLLOWER at term 12 for recognizeCandidate:4a03179f-3169-4ac7-a075-259968512ef0
2019-10-16 21:01:16,929 [grpc-default-executor-1] INFO  impl.RaftServerImpl (RaftServerImpl.java:setRole(184)) - 0aa3649f-570d-46c6-937f-492d7f3a8364@group-224A5B6DD22C: changes role from  FOLLOWER to FOLLOWER at term 12 for recognizeCandidate:4a03179f-3169-4ac7-a075-259968512ef0
2019-10-16 21:01:16,931 [grpc-default-executor-3] INFO  impl.RoleInfo (RoleInfo.java:shutdownFollowerState(121)) - 4b287a15-77af-487b-aef7-34d1d0ee189f: shutdown FollowerState
2019-10-16 21:01:16,931 [grpc-default-executor-1] INFO  impl.RoleInfo (RoleInfo.java:shutdownFollowerState(121)) - 0aa3649f-570d-46c6-937f-492d7f3a8364: shutdown FollowerState
2019-10-16 21:01:16,931 [grpc-default-executor-3] INFO  impl.RoleInfo (RoleInfo.java:updateAndGet(143)) - 4b287a15-77af-487b-aef7-34d1d0ee189f: start FollowerState
2019-10-16 21:01:16,931 [Thread-277] INFO  impl.FollowerState (FollowerState.java:run(117)) - 0aa3649f-570d-46c6-937f-492d7f3a8364@group-224A5B6DD22C-FollowerState was interrupted: java.lang.InterruptedException: sleep interrupted
2019-10-16 21:01:16,931 [Thread-278] INFO  impl.FollowerState (FollowerState.java:run(117)) - 4b287a15-77af-487b-aef7-34d1d0ee189f@group-224A5B6DD22C-FollowerState was interrupted: java.lang.InterruptedException: sleep interrupted
2019-10-16 21:01:16,932 [grpc-default-executor-1] INFO  impl.RoleInfo (RoleInfo.java:updateAndGet(143)) - 0aa3649f-570d-46c6-937f-492d7f3a8364: start FollowerState
2019-10-16 21:01:16,953 [4a03179f-3169-4ac7-a075-259968512ef0@group-224A5B6DD22C-LeaderElection13] INFO  impl.LeaderElection (LeaderElection.java:logAndReturn(56)) - 4a03179f-3169-4ac7-a075-259968512ef0@group-224A5B6DD22C-LeaderElection13: Election REJECTED; received 2 response(s) [4a03179f-3169-4ac7-a075-259968512ef0<-4b287a15-77af-487b-aef7-34d1d0ee189f#0:FAIL-t12, 4a03179f-3169-4ac7-a075-259968512ef0<-0aa3649f-570d-46c6-937f-492d7f3a8364#0:FAIL-t12] and 0 exception(s); 4a03179f-3169-4ac7-a075-259968512ef0@group-224A5B6DD22C:t12, leader=null, voted=4a03179f-3169-4ac7-a075-259968512ef0, raftlog=4a03179f-3169-4ac7-a075-259968512ef0@group-224A5B6DD22C-SegmentedRaftLog:OPENED:c-1,f-1,i0, conf=-1: [4b287a15-77af-487b-aef7-34d1d0ee189f:192.168.34.38:38597, 0aa3649f-570d-46c6-937f-492d7f3a8364:192.168.34.38:33209, 4a03179f-3169-4ac7-a075-259968512ef0:192.168.34.38:45833], old=null
2019-10-16 21:01:16,954 [4a03179f-3169-4ac7-a075-259968512ef0@group-224A5B6DD22C-LeaderElection13] INFO  impl.RaftServerImpl (RaftServerImpl.java:setRole(184)) - 4a03179f-3169-4ac7-a075-259968512ef0@group-224A5B6DD22C: changes role from CANDIDATE to FOLLOWER at term 12 for DISCOVERED_A_NEW_TERM
2019-10-16 21:01:16,954 [4a03179f-3169-4ac7-a075-259968512ef0@group-224A5B6DD22C-LeaderElection13] INFO  impl.RoleInfo (RoleInfo.java:shutdownLeaderElection(134)) - 4a03179f-3169-4ac7-a075-259968512ef0: shutdown LeaderElection
2019-10-16 21:01:16,955 [4a03179f-3169-4ac7-a075-259968512ef0@group-224A5B6DD22C-LeaderElection13] INFO  impl.RoleInfo (RoleInfo.java:updateAndGet(143)) - 4a03179f-3169-4ac7-a075-259968512ef0: start FollowerState
2019-10-16 21:01:16,957 [Thread-288] INFO  impl.FollowerState (FollowerState.java:run(108)) - 4a03179f-3169-4ac7-a075-259968512ef0@group-224A5B6DD22C-FollowerState: change to CANDIDATE, lastRpcTime:1ms, electionTimeout:1ms
2019-10-16 21:01:16,957 [Thread-288] INFO  impl.RoleInfo (RoleInfo.java:shutdownFollowerState(121)) - 4a03179f-3169-4ac7-a075-259968512ef0: shutdown FollowerState
2019-10-16 21:01:16,958 [Thread-288] INFO  impl.RaftServerImpl (RaftServerImpl.java:setRole(184)) - 4a03179f-3169-4ac7-a075-259968512ef0@group-224A5B6DD22C: changes role from  FOLLOWER to CANDIDATE at term 12 for changeToCandidate
2019-10-16 21:01:16,958 [Thread-288] INFO  impl.RoleInfo (RoleInfo.java:updateAndGet(143)) - 4a03179f-3169-4ac7-a075-259968512ef0: start LeaderElection
2019-10-16 21:01:16,972 [4a03179f-3169-4ac7-a075-259968512ef0@group-224A5B6DD22C-LeaderElection14] INFO  impl.LeaderElection (LeaderElection.java:askForVotes(178)) - 4a03179f-3169-4ac7-a075-259968512ef0@group-224A5B6DD22C-LeaderElection14: begin an election at term 13 for -1: [4b287a15-77af-487b-aef7-34d1d0ee189f:192.168.34.38:38597, 0aa3649f-570d-46c6-937f-492d7f3a8364:192.168.34.38:33209, 4a03179f-3169-4ac7-a075-259968512ef0:192.168.34.38:45833], old=null
2019-10-16 21:01:16,976 [grpc-default-executor-1] INFO  impl.RaftServerImpl (RaftServerImpl.java:setRole(184)) - 4b287a15-77af-487b-aef7-34d1d0ee189f@group-224A5B6DD22C: changes role from  FOLLOWER to FOLLOWER at term 13 for recognizeCandidate:4a03179f-3169-4ac7-a075-259968512ef0
2019-10-16 21:01:16,976 [grpc-default-executor-3] INFO  impl.RaftServerImpl (RaftServerImpl.java:setRole(184)) - 0aa3649f-570d-46c6-937f-492d7f3a8364@group-224A5B6DD22C: changes role from  FOLLOWER to FOLLOWER at term 13 for recognizeCandidate:4a03179f-3169-4ac7-a075-259968512ef0
2019-10-16 21:01:16,976 [grpc-default-executor-1] INFO  impl.RoleInfo (RoleInfo.java:shutdownFollowerState(121)) - 4b287a15-77af-487b-aef7-34d1d0ee189f: shutdown FollowerState
2019-10-16 21:01:16,976 [grpc-default-executor-3] INFO  impl.RoleInfo (RoleInfo.java:shutdownFollowerState(121)) - 0aa3649f-570d-46c6-937f-492d7f3a8364: shutdown FollowerState
2019-10-16 21:01:16,976 [grpc-default-executor-1] INFO  impl.RoleInfo (RoleInfo.java:updateAndGet(143)) - 4b287a15-77af-487b-aef7-34d1d0ee189f: start FollowerState
2019-10-16 21:01:16,976 [Thread-286] INFO  impl.FollowerState (FollowerState.java:run(117)) - 4b287a15-77af-487b-aef7-34d1d0ee189f@group-224A5B6DD22C-FollowerState was interrupted: java.lang.InterruptedException: sleep interrupted
2019-10-16 21:01:16,977 [Thread-287] INFO  impl.FollowerState (FollowerState.java:run(117)) - 0aa3649f-570d-46c6-937f-492d7f3a8364@group-224A5B6DD22C-FollowerState was interrupted: java.lang.InterruptedException: sleep interrupted
2019-10-16 21:01:16,977 [grpc-default-executor-3] INFO  impl.RoleInfo (RoleInfo.java:updateAndGet(143)) - 0aa3649f-570d-46c6-937f-492d7f3a8364: start FollowerState
2019-10-16 21:01:16,993 [4a03179f-3169-4ac7-a075-259968512ef0@group-224A5B6DD22C-LeaderElection14] INFO  impl.LeaderElection (LeaderElection.java:logAndReturn(56)) - 4a03179f-3169-4ac7-a075-259968512ef0@group-224A5B6DD22C-LeaderElection14: Election REJECTED; received 2 response(s) [4a03179f-3169-4ac7-a075-259968512ef0<-4b287a15-77af-487b-aef7-34d1d0ee189f#0:FAIL-t13, 4a03179f-3169-4ac7-a075-259968512ef0<-0aa3649f-570d-46c6-937f-492d7f3a8364#0:FAIL-t13] and 0 exception(s); 4a03179f-3169-4ac7-a075-259968512ef0@group-224A5B6DD22C:t13, leader=null, voted=4a03179f-3169-4ac7-a075-259968512ef0, raftlog=4a03179f-3169-4ac7-a075-259968512ef0@group-224A5B6DD22C-SegmentedRaftLog:OPENED:c-1,f-1,i0, conf=-1: [4b287a15-77af-487b-aef7-34d1d0ee189f:192.168.34.38:38597, 0aa3649f-570d-46c6-937f-492d7f3a8364:192.168.34.38:33209, 4a03179f-3169-4ac7-a075-259968512ef0:192.168.34.38:45833], old=null
2019-10-16 21:01:16,993 [4a03179f-3169-4ac7-a075-259968512ef0@group-224A5B6DD22C-LeaderElection14] INFO  impl.RaftServerImpl (RaftServerImpl.java:setRole(184)) - 4a03179f-3169-4ac7-a075-259968512ef0@group-224A5B6DD22C: changes role from CANDIDATE to FOLLOWER at term 13 for DISCOVERED_A_NEW_TERM
2019-10-16 21:01:16,996 [4a03179f-3169-4ac7-a075-259968512ef0@group-224A5B6DD22C-LeaderElection14] INFO  impl.RoleInfo (RoleInfo.java:shutdownLeaderElection(134)) - 4a03179f-3169-4ac7-a075-259968512ef0: shutdown LeaderElection
2019-10-16 21:01:16,997 [4a03179f-3169-4ac7-a075-259968512ef0@group-224A5B6DD22C-LeaderElection14] INFO  impl.RoleInfo (RoleInfo.java:updateAndGet(143)) - 4a03179f-3169-4ac7-a075-259968512ef0: start FollowerState
2019-10-16 21:01:17,159 [Thread-294] INFO  impl.FollowerState (FollowerState.java:run(108)) - 4a03179f-3169-4ac7-a075-259968512ef0@group-224A5B6DD22C-FollowerState: change to CANDIDATE, lastRpcTime:162ms, electionTimeout:162ms
2019-10-16 21:01:17,160 [Thread-294] INFO  impl.RoleInfo (RoleInfo.java:shutdownFollowerState(121)) - 4a03179f-3169-4ac7-a075-259968512ef0: shutdown FollowerState
2019-10-16 21:01:17,161 [Thread-294] INFO  impl.RaftServerImpl (RaftServerImpl.java:setRole(184)) - 4a03179f-3169-4ac7-a075-259968512ef0@group-224A5B6DD22C: changes role from  FOLLOWER to CANDIDATE at term 13 for changeToCandidate
2019-10-16 21:01:17,161 [Thread-294] INFO  impl.RoleInfo (RoleInfo.java:updateAndGet(143)) - 4a03179f-3169-4ac7-a075-259968512ef0: start LeaderElection
2019-10-16 21:01:17,174 [4a03179f-3169-4ac7-a075-259968512ef0@group-224A5B6DD22C-LeaderElection15] INFO  impl.LeaderElection (LeaderElection.java:askForVotes(178)) - 4a03179f-3169-4ac7-a075-259968512ef0@group-224A5B6DD22C-LeaderElection15: begin an election at term 14 for -1: [4b287a15-77af-487b-aef7-34d1d0ee189f:192.168.34.38:38597, 0aa3649f-570d-46c6-937f-492d7f3a8364:192.168.34.38:33209, 4a03179f-3169-4ac7-a075-259968512ef0:192.168.34.38:45833], old=null
2019-10-16 21:01:17,179 [grpc-default-executor-1] INFO  impl.RaftServerImpl (RaftServerImpl.java:setRole(184)) - 0aa3649f-570d-46c6-937f-492d7f3a8364@group-224A5B6DD22C: changes role from  FOLLOWER to FOLLOWER at term 14 for recognizeCandidate:4a03179f-3169-4ac7-a075-259968512ef0
2019-10-16 21:01:17,179 [grpc-default-executor-3] INFO  impl.RaftServerImpl (RaftServerImpl.java:setRole(184)) - 4b287a15-77af-487b-aef7-34d1d0ee189f@group-224A5B6DD22C: changes role from  FOLLOWER to FOLLOWER at term 14 for recognizeCandidate:4a03179f-3169-4ac7-a075-259968512ef0
2019-10-16 21:01:17,179 [grpc-default-executor-1] INFO  impl.RoleInfo (RoleInfo.java:shutdownFollowerState(121)) - 0aa3649f-570d-46c6-937f-492d7f3a8364: shutdown FollowerState
2019-10-16 21:01:17,180 [grpc-default-executor-3] INFO  impl.RoleInfo (RoleInfo.java:shutdownFollowerState(121)) - 4b287a15-77af-487b-aef7-34d1d0ee189f: shutdown FollowerState
2019-10-16 21:01:17,180 [Thread-293] INFO  impl.FollowerState (FollowerState.java:run(117)) - 0aa3649f-570d-46c6-937f-492d7f3a8364@group-224A5B6DD22C-FollowerState was interrupted: java.lang.InterruptedException: sleep interrupted
2019-10-16 21:01:17,180 [grpc-default-executor-1] INFO  impl.RoleInfo (RoleInfo.java:updateAndGet(143)) - 0aa3649f-570d-46c6-937f-492d7f3a8364: start FollowerState
2019-10-16 21:01:17,180 [Thread-292] INFO  impl.FollowerState (FollowerState.java:run(117)) - 4b287a15-77af-487b-aef7-34d1d0ee189f@group-224A5B6DD22C-FollowerState was interrupted: java.lang.InterruptedException: sleep interrupted
2019-10-16 21:01:17,180 [grpc-default-executor-3] INFO  impl.RoleInfo (RoleInfo.java:updateAndGet(143)) - 4b287a15-77af-487b-aef7-34d1d0ee189f: start FollowerState
2019-10-16 21:01:17,197 [4a03179f-3169-4ac7-a075-259968512ef0@group-224A5B6DD22C-LeaderElection15] INFO  impl.LeaderElection (LeaderElection.java:logAndReturn(56)) - 4a03179f-3169-4ac7-a075-259968512ef0@group-224A5B6DD22C-LeaderElection15: Election REJECTED; received 2 response(s) [4a03179f-3169-4ac7-a075-259968512ef0<-4b287a15-77af-487b-aef7-34d1d0ee189f#0:FAIL-t14, 4a03179f-3169-4ac7-a075-259968512ef0<-0aa3649f-570d-46c6-937f-492d7f3a8364#0:FAIL-t14] and 0 exception(s); 4a03179f-3169-4ac7-a075-259968512ef0@group-224A5B6DD22C:t14, leader=null, voted=4a03179f-3169-4ac7-a075-259968512ef0, raftlog=4a03179f-3169-4ac7-a075-259968512ef0@group-224A5B6DD22C-SegmentedRaftLog:OPENED:c-1,f-1,i0, conf=-1: [4b287a15-77af-487b-aef7-34d1d0ee189f:192.168.34.38:38597, 0aa3649f-570d-46c6-937f-492d7f3a8364:192.168.34.38:33209, 4a03179f-3169-4ac7-a075-259968512ef0:192.168.34.38:45833], old=null
2019-10-16 21:01:17,197 [4a03179f-3169-4ac7-a075-259968512ef0@group-224A5B6DD22C-LeaderElection15] INFO  impl.RaftServerImpl (RaftServerImpl.java:setRole(184)) - 4a03179f-3169-4ac7-a075-259968512ef0@group-224A5B6DD22C: changes role from CANDIDATE to FOLLOWER at term 14 for DISCOVERED_A_NEW_TERM
2019-10-16 21:01:17,198 [4a03179f-3169-4ac7-a075-259968512ef0@group-224A5B6DD22C-LeaderElection15] INFO  impl.RoleInfo (RoleInfo.java:shutdownLeaderElection(134)) - 4a03179f-3169-4ac7-a075-259968512ef0: shutdown LeaderElection
2019-10-16 21:01:17,198 [4a03179f-3169-4ac7-a075-259968512ef0@group-224A5B6DD22C-LeaderElection15] INFO  impl.RoleInfo (RoleInfo.java:updateAndGet(143)) - 4a03179f-3169-4ac7-a075-259968512ef0: start FollowerState
2019-10-16 21:01:17,320 [Thread-300] INFO  impl.FollowerState (FollowerState.java:run(108)) - 4a03179f-3169-4ac7-a075-259968512ef0@group-224A5B6DD22C-FollowerState: change to CANDIDATE, lastRpcTime:122ms, electionTimeout:122ms
2019-10-16 21:01:17,321 [Thread-300] INFO  impl.RoleInfo (RoleInfo.java:shutdownFollowerState(121)) - 4a03179f-3169-4ac7-a075-259968512ef0: shutdown FollowerState
2019-10-16 21:01:17,322 [Thread-300] INFO  impl.RaftServerImpl (RaftServerImpl.java:setRole(184)) - 4a03179f-3169-4ac7-a075-259968512ef0@group-224A5B6DD22C: changes role from  FOLLOWER to CANDIDATE at term 14 for changeToCandidate
2019-10-16 21:01:17,322 [Thread-300] INFO  impl.RoleInfo (RoleInfo.java:updateAndGet(143)) - 4a03179f-3169-4ac7-a075-259968512ef0: start LeaderElection
2019-10-16 21:01:17,341 [main] INFO  ozone.MiniOzoneClusterImpl (MiniOzoneClusterImpl.java:lambda$waitForClusterToBeReady$2(164)) - Waiting for 1 number of pipelines out of 4, to report a leader.
2019-10-16 21:01:17,347 [4a03179f-3169-4ac7-a075-259968512ef0@group-224A5B6DD22C-LeaderElection16] INFO  impl.LeaderElection (LeaderElection.java:askForVotes(178)) - 4a03179f-3169-4ac7-a075-259968512ef0@group-224A5B6DD22C-LeaderElection16: begin an election at term 15 for -1: [4b287a15-77af-487b-aef7-34d1d0ee189f:192.168.34.38:38597, 0aa3649f-570d-46c6-937f-492d7f3a8364:192.168.34.38:33209, 4a03179f-3169-4ac7-a075-259968512ef0:192.168.34.38:45833], old=null
2019-10-16 21:01:17,352 [grpc-default-executor-3] INFO  impl.RaftServerImpl (RaftServerImpl.java:setRole(184)) - 0aa3649f-570d-46c6-937f-492d7f3a8364@group-224A5B6DD22C: changes role from  FOLLOWER to FOLLOWER at term 15 for recognizeCandidate:4a03179f-3169-4ac7-a075-259968512ef0
2019-10-16 21:01:17,352 [grpc-default-executor-3] INFO  impl.RoleInfo (RoleInfo.java:shutdownFollowerState(121)) - 0aa3649f-570d-46c6-937f-492d7f3a8364: shutdown FollowerState
2019-10-16 21:01:17,352 [grpc-default-executor-1] INFO  impl.RaftServerImpl (RaftServerImpl.java:setRole(184)) - 4b287a15-77af-487b-aef7-34d1d0ee189f@group-224A5B6DD22C: changes role from  FOLLOWER to FOLLOWER at term 15 for recognizeCandidate:4a03179f-3169-4ac7-a075-259968512ef0
2019-10-16 21:01:17,352 [Thread-298] INFO  impl.FollowerState (FollowerState.java:run(117)) - 0aa3649f-570d-46c6-937f-492d7f3a8364@group-224A5B6DD22C-FollowerState was interrupted: java.lang.InterruptedException: sleep interrupted
2019-10-16 21:01:17,352 [grpc-default-executor-3] INFO  impl.RoleInfo (RoleInfo.java:updateAndGet(143)) - 0aa3649f-570d-46c6-937f-492d7f3a8364: start FollowerState
2019-10-16 21:01:17,352 [grpc-default-executor-1] INFO  impl.RoleInfo (RoleInfo.java:shutdownFollowerState(121)) - 4b287a15-77af-487b-aef7-34d1d0ee189f: shutdown FollowerState
2019-10-16 21:01:17,355 [grpc-default-executor-1] INFO  impl.RoleInfo (RoleInfo.java:updateAndGet(143)) - 4b287a15-77af-487b-aef7-34d1d0ee189f: start FollowerState
2019-10-16 21:01:17,355 [Thread-299] INFO  impl.FollowerState (FollowerState.java:run(117)) - 4b287a15-77af-487b-aef7-34d1d0ee189f@group-224A5B6DD22C-FollowerState was interrupted: java.lang.InterruptedException: sleep interrupted
2019-10-16 21:01:17,366 [4a03179f-3169-4ac7-a075-259968512ef0@group-224A5B6DD22C-LeaderElection16] INFO  impl.LeaderElection (LeaderElection.java:logAndReturn(56)) - 4a03179f-3169-4ac7-a075-259968512ef0@group-224A5B6DD22C-LeaderElection16: Election REJECTED; received 2 response(s) [4a03179f-3169-4ac7-a075-259968512ef0<-4b287a15-77af-487b-aef7-34d1d0ee189f#0:FAIL-t15, 4a03179f-3169-4ac7-a075-259968512ef0<-0aa3649f-570d-46c6-937f-492d7f3a8364#0:FAIL-t15] and 0 exception(s); 4a03179f-3169-4ac7-a075-259968512ef0@group-224A5B6DD22C:t15, leader=null, voted=4a03179f-3169-4ac7-a075-259968512ef0, raftlog=4a03179f-3169-4ac7-a075-259968512ef0@group-224A5B6DD22C-SegmentedRaftLog:OPENED:c-1,f-1,i0, conf=-1: [4b287a15-77af-487b-aef7-34d1d0ee189f:192.168.34.38:38597, 0aa3649f-570d-46c6-937f-492d7f3a8364:192.168.34.38:33209, 4a03179f-3169-4ac7-a075-259968512ef0:192.168.34.38:45833], old=null
2019-10-16 21:01:17,366 [4a03179f-3169-4ac7-a075-259968512ef0@group-224A5B6DD22C-LeaderElection16] INFO  impl.RaftServerImpl (RaftServerImpl.java:setRole(184)) - 4a03179f-3169-4ac7-a075-259968512ef0@group-224A5B6DD22C: changes role from CANDIDATE to FOLLOWER at term 15 for DISCOVERED_A_NEW_TERM
2019-10-16 21:01:17,366 [4a03179f-3169-4ac7-a075-259968512ef0@group-224A5B6DD22C-LeaderElection16] INFO  impl.RoleInfo (RoleInfo.java:shutdownLeaderElection(134)) - 4a03179f-3169-4ac7-a075-259968512ef0: shutdown LeaderElection
2019-10-16 21:01:17,367 [4a03179f-3169-4ac7-a075-259968512ef0@group-224A5B6DD22C-LeaderElection16] INFO  impl.RoleInfo (RoleInfo.java:updateAndGet(143)) - 4a03179f-3169-4ac7-a075-259968512ef0: start FollowerState
2019-10-16 21:01:17,382 [Thread-306] INFO  impl.FollowerState (FollowerState.java:run(108)) - 4a03179f-3169-4ac7-a075-259968512ef0@group-224A5B6DD22C-FollowerState: change to CANDIDATE, lastRpcTime:15ms, electionTimeout:15ms
2019-10-16 21:01:17,383 [Thread-306] INFO  impl.RoleInfo (RoleInfo.java:shutdownFollowerState(121)) - 4a03179f-3169-4ac7-a075-259968512ef0: shutdown FollowerState
2019-10-16 21:01:17,383 [Thread-306] INFO  impl.RaftServerImpl (RaftServerImpl.java:setRole(184)) - 4a03179f-3169-4ac7-a075-259968512ef0@group-224A5B6DD22C: changes role from  FOLLOWER to CANDIDATE at term 15 for changeToCandidate
2019-10-16 21:01:17,383 [Thread-306] INFO  impl.RoleInfo (RoleInfo.java:updateAndGet(143)) - 4a03179f-3169-4ac7-a075-259968512ef0: start LeaderElection
2019-10-16 21:01:17,396 [4a03179f-3169-4ac7-a075-259968512ef0@group-224A5B6DD22C-LeaderElection17] INFO  impl.LeaderElection (LeaderElection.java:askForVotes(178)) - 4a03179f-3169-4ac7-a075-259968512ef0@group-224A5B6DD22C-LeaderElection17: begin an election at term 16 for -1: [4b287a15-77af-487b-aef7-34d1d0ee189f:192.168.34.38:38597, 0aa3649f-570d-46c6-937f-492d7f3a8364:192.168.34.38:33209, 4a03179f-3169-4ac7-a075-259968512ef0:192.168.34.38:45833], old=null
2019-10-16 21:01:17,401 [grpc-default-executor-1] INFO  impl.RaftServerImpl (RaftServerImpl.java:setRole(184)) - 4b287a15-77af-487b-aef7-34d1d0ee189f@group-224A5B6DD22C: changes role from  FOLLOWER to FOLLOWER at term 16 for recognizeCandidate:4a03179f-3169-4ac7-a075-259968512ef0
2019-10-16 21:01:17,401 [grpc-default-executor-3] INFO  impl.RaftServerImpl (RaftServerImpl.java:setRole(184)) - 0aa3649f-570d-46c6-937f-492d7f3a8364@group-224A5B6DD22C: changes role from  FOLLOWER to FOLLOWER at term 16 for recognizeCandidate:4a03179f-3169-4ac7-a075-259968512ef0
2019-10-16 21:01:17,401 [grpc-default-executor-1] INFO  impl.RoleInfo (RoleInfo.java:shutdownFollowerState(121)) - 4b287a15-77af-487b-aef7-34d1d0ee189f: shutdown FollowerState
2019-10-16 21:01:17,402 [grpc-default-executor-3] INFO  impl.RoleInfo (RoleInfo.java:shutdownFollowerState(121)) - 0aa3649f-570d-46c6-937f-492d7f3a8364: shutdown FollowerState
2019-10-16 21:01:17,402 [grpc-default-executor-1] INFO  impl.RoleInfo (RoleInfo.java:updateAndGet(143)) - 4b287a15-77af-487b-aef7-34d1d0ee189f: start FollowerState
2019-10-16 21:01:17,402 [Thread-304] INFO  impl.FollowerState (FollowerState.java:run(117)) - 0aa3649f-570d-46c6-937f-492d7f3a8364@group-224A5B6DD22C-FollowerState was interrupted: java.lang.InterruptedException: sleep interrupted
2019-10-16 21:01:17,402 [grpc-default-executor-3] INFO  impl.RoleInfo (RoleInfo.java:updateAndGet(143)) - 0aa3649f-570d-46c6-937f-492d7f3a8364: start FollowerState
2019-10-16 21:01:17,402 [Thread-305] INFO  impl.FollowerState (FollowerState.java:run(117)) - 4b287a15-77af-487b-aef7-34d1d0ee189f@group-224A5B6DD22C-FollowerState was interrupted: java.lang.InterruptedException: sleep interrupted
2019-10-16 21:01:17,409 [4a03179f-3169-4ac7-a075-259968512ef0@group-224A5B6DD22C-LeaderElection17] INFO  impl.LeaderElection (LeaderElection.java:logAndReturn(56)) - 4a03179f-3169-4ac7-a075-259968512ef0@group-224A5B6DD22C-LeaderElection17: Election TIMEOUT; received 0 response(s) [] and 0 exception(s); 4a03179f-3169-4ac7-a075-259968512ef0@group-224A5B6DD22C:t16, leader=null, voted=4a03179f-3169-4ac7-a075-259968512ef0, raftlog=4a03179f-3169-4ac7-a075-259968512ef0@group-224A5B6DD22C-SegmentedRaftLog:OPENED:c-1,f-1,i0, conf=-1: [4b287a15-77af-487b-aef7-34d1d0ee189f:192.168.34.38:38597, 0aa3649f-570d-46c6-937f-492d7f3a8364:192.168.34.38:33209, 4a03179f-3169-4ac7-a075-259968512ef0:192.168.34.38:45833], old=null
2019-10-16 21:01:17,415 [4a03179f-3169-4ac7-a075-259968512ef0@group-224A5B6DD22C-LeaderElection17] INFO  impl.LeaderElection (LeaderElection.java:askForVotes(178)) - 4a03179f-3169-4ac7-a075-259968512ef0@group-224A5B6DD22C-LeaderElection17: begin an election at term 17 for -1: [4b287a15-77af-487b-aef7-34d1d0ee189f:192.168.34.38:38597, 0aa3649f-570d-46c6-937f-492d7f3a8364:192.168.34.38:33209, 4a03179f-3169-4ac7-a075-259968512ef0:192.168.34.38:45833], old=null
2019-10-16 21:01:17,417 [grpc-default-executor-3] INFO  impl.RaftServerImpl (RaftServerImpl.java:setRole(184)) - 4b287a15-77af-487b-aef7-34d1d0ee189f@group-224A5B6DD22C: changes role from  FOLLOWER to FOLLOWER at term 17 for recognizeCandidate:4a03179f-3169-4ac7-a075-259968512ef0
2019-10-16 21:01:17,418 [grpc-default-executor-3] INFO  impl.RoleInfo (RoleInfo.java:shutdownFollowerState(121)) - 4b287a15-77af-487b-aef7-34d1d0ee189f: shutdown FollowerState
2019-10-16 21:01:17,419 [grpc-default-executor-3] INFO  impl.RoleInfo (RoleInfo.java:updateAndGet(143)) - 4b287a15-77af-487b-aef7-34d1d0ee189f: start FollowerState
2019-10-16 21:01:17,419 [Thread-310] INFO  impl.FollowerState (FollowerState.java:run(117)) - 4b287a15-77af-487b-aef7-34d1d0ee189f@group-224A5B6DD22C-FollowerState was interrupted: java.lang.InterruptedException: sleep interrupted
2019-10-16 21:01:17,419 [grpc-default-executor-1] INFO  impl.RaftServerImpl (RaftServerImpl.java:setRole(184)) - 0aa3649f-570d-46c6-937f-492d7f3a8364@group-224A5B6DD22C: changes role from  FOLLOWER to FOLLOWER at term 17 for recognizeCandidate:4a03179f-3169-4ac7-a075-259968512ef0
2019-10-16 21:01:17,419 [grpc-default-executor-1] INFO  impl.RoleInfo (RoleInfo.java:shutdownFollowerState(121)) - 0aa3649f-570d-46c6-937f-492d7f3a8364: shutdown FollowerState
2019-10-16 21:01:17,419 [grpc-default-executor-1] INFO  impl.RoleInfo (RoleInfo.java:updateAndGet(143)) - 0aa3649f-570d-46c6-937f-492d7f3a8364: start FollowerState
2019-10-16 21:01:17,419 [Thread-311] INFO  impl.FollowerState (FollowerState.java:run(117)) - 0aa3649f-570d-46c6-937f-492d7f3a8364@group-224A5B6DD22C-FollowerState was interrupted: java.lang.InterruptedException: sleep interrupted
2019-10-16 21:01:17,430 [4a03179f-3169-4ac7-a075-259968512ef0@group-224A5B6DD22C-LeaderElection17] INFO  impl.LeaderElection (LeaderElection.java:logAndReturn(56)) - 4a03179f-3169-4ac7-a075-259968512ef0@group-224A5B6DD22C-LeaderElection17: Election TIMEOUT; received 0 response(s) [] and 0 exception(s); 4a03179f-3169-4ac7-a075-259968512ef0@group-224A5B6DD22C:t17, leader=null, voted=4a03179f-3169-4ac7-a075-259968512ef0, raftlog=4a03179f-3169-4ac7-a075-259968512ef0@group-224A5B6DD22C-SegmentedRaftLog:OPENED:c-1,f-1,i0, conf=-1: [4b287a15-77af-487b-aef7-34d1d0ee189f:192.168.34.38:38597, 0aa3649f-570d-46c6-937f-492d7f3a8364:192.168.34.38:33209, 4a03179f-3169-4ac7-a075-259968512ef0:192.168.34.38:45833], old=null
2019-10-16 21:01:17,434 [4a03179f-3169-4ac7-a075-259968512ef0@group-224A5B6DD22C-LeaderElection17] INFO  impl.LeaderElection (LeaderElection.java:askForVotes(178)) - 4a03179f-3169-4ac7-a075-259968512ef0@group-224A5B6DD22C-LeaderElection17: begin an election at term 18 for -1: [4b287a15-77af-487b-aef7-34d1d0ee189f:192.168.34.38:38597, 0aa3649f-570d-46c6-937f-492d7f3a8364:192.168.34.38:33209, 4a03179f-3169-4ac7-a075-259968512ef0:192.168.34.38:45833], old=null
2019-10-16 21:01:17,436 [grpc-default-executor-1] INFO  impl.RaftServerImpl (RaftServerImpl.java:setRole(184)) - 0aa3649f-570d-46c6-937f-492d7f3a8364@group-224A5B6DD22C: changes role from  FOLLOWER to FOLLOWER at term 18 for recognizeCandidate:4a03179f-3169-4ac7-a075-259968512ef0
2019-10-16 21:01:17,437 [grpc-default-executor-1] INFO  impl.RoleInfo (RoleInfo.java:shutdownFollowerState(121)) - 0aa3649f-570d-46c6-937f-492d7f3a8364: shutdown FollowerState
2019-10-16 21:01:17,437 [grpc-default-executor-3] INFO  impl.RaftServerImpl (RaftServerImpl.java:setRole(184)) - 4b287a15-77af-487b-aef7-34d1d0ee189f@group-224A5B6DD22C: changes role from  FOLLOWER to FOLLOWER at term 18 for recognizeCandidate:4a03179f-3169-4ac7-a075-259968512ef0
2019-10-16 21:01:17,437 [Thread-315] INFO  impl.FollowerState (FollowerState.java:run(117)) - 0aa3649f-570d-46c6-937f-492d7f3a8364@group-224A5B6DD22C-FollowerState was interrupted: java.lang.InterruptedException: sleep interrupted
2019-10-16 21:01:17,437 [grpc-default-executor-1] INFO  impl.RoleInfo (RoleInfo.java:updateAndGet(143)) - 0aa3649f-570d-46c6-937f-492d7f3a8364: start FollowerState
2019-10-16 21:01:17,437 [grpc-default-executor-3] INFO  impl.RoleInfo (RoleInfo.java:shutdownFollowerState(121)) - 4b287a15-77af-487b-aef7-34d1d0ee189f: shutdown FollowerState
2019-10-16 21:01:17,437 [grpc-default-executor-3] INFO  impl.RoleInfo (RoleInfo.java:updateAndGet(143)) - 4b287a15-77af-487b-aef7-34d1d0ee189f: start FollowerState
2019-10-16 21:01:17,437 [Thread-314] INFO  impl.FollowerState (FollowerState.java:run(117)) - 4b287a15-77af-487b-aef7-34d1d0ee189f@group-224A5B6DD22C-FollowerState was interrupted: java.lang.InterruptedException: sleep interrupted
2019-10-16 21:01:17,451 [4a03179f-3169-4ac7-a075-259968512ef0@group-224A5B6DD22C-LeaderElection17] INFO  impl.LeaderElection (LeaderElection.java:logAndReturn(56)) - 4a03179f-3169-4ac7-a075-259968512ef0@group-224A5B6DD22C-LeaderElection17: Election REJECTED; received 2 response(s) [4a03179f-3169-4ac7-a075-259968512ef0<-4b287a15-77af-487b-aef7-34d1d0ee189f#0:FAIL-t18, 4a03179f-3169-4ac7-a075-259968512ef0<-0aa3649f-570d-46c6-937f-492d7f3a8364#0:FAIL-t18] and 0 exception(s); 4a03179f-3169-4ac7-a075-259968512ef0@group-224A5B6DD22C:t18, leader=null, voted=4a03179f-3169-4ac7-a075-259968512ef0, raftlog=4a03179f-3169-4ac7-a075-259968512ef0@group-224A5B6DD22C-SegmentedRaftLog:OPENED:c-1,f-1,i0, conf=-1: [4b287a15-77af-487b-aef7-34d1d0ee189f:192.168.34.38:38597, 0aa3649f-570d-46c6-937f-492d7f3a8364:192.168.34.38:33209, 4a03179f-3169-4ac7-a075-259968512ef0:192.168.34.38:45833], old=null
2019-10-16 21:01:17,452 [4a03179f-3169-4ac7-a075-259968512ef0@group-224A5B6DD22C-LeaderElection17] INFO  impl.RaftServerImpl (RaftServerImpl.java:setRole(184)) - 4a03179f-3169-4ac7-a075-259968512ef0@group-224A5B6DD22C: changes role from CANDIDATE to FOLLOWER at term 18 for DISCOVERED_A_NEW_TERM
2019-10-16 21:01:17,452 [4a03179f-3169-4ac7-a075-259968512ef0@group-224A5B6DD22C-LeaderElection17] INFO  impl.RoleInfo (RoleInfo.java:shutdownLeaderElection(134)) - 4a03179f-3169-4ac7-a075-259968512ef0: shutdown LeaderElection
2019-10-16 21:01:17,452 [4a03179f-3169-4ac7-a075-259968512ef0@group-224A5B6DD22C-LeaderElection17] INFO  impl.RoleInfo (RoleInfo.java:updateAndGet(143)) - 4a03179f-3169-4ac7-a075-259968512ef0: start FollowerState
2019-10-16 21:01:17,554 [Thread-320] INFO  impl.FollowerState (FollowerState.java:run(108)) - 4a03179f-3169-4ac7-a075-259968512ef0@group-224A5B6DD22C-FollowerState: change to CANDIDATE, lastRpcTime:102ms, electionTimeout:102ms
2019-10-16 21:01:17,556 [Thread-320] INFO  impl.RoleInfo (RoleInfo.java:shutdownFollowerState(121)) - 4a03179f-3169-4ac7-a075-259968512ef0: shutdown FollowerState
2019-10-16 21:01:17,556 [Thread-320] INFO  impl.RaftServerImpl (RaftServerImpl.java:setRole(184)) - 4a03179f-3169-4ac7-a075-259968512ef0@group-224A5B6DD22C: changes role from  FOLLOWER to CANDIDATE at term 18 for changeToCandidate
2019-10-16 21:01:17,556 [Thread-320] INFO  impl.RoleInfo (RoleInfo.java:updateAndGet(143)) - 4a03179f-3169-4ac7-a075-259968512ef0: start LeaderElection
2019-10-16 21:01:17,566 [4a03179f-3169-4ac7-a075-259968512ef0@group-224A5B6DD22C-LeaderElection18] INFO  impl.LeaderElection (LeaderElection.java:askForVotes(178)) - 4a03179f-3169-4ac7-a075-259968512ef0@group-224A5B6DD22C-LeaderElection18: begin an election at term 19 for -1: [4b287a15-77af-487b-aef7-34d1d0ee189f:192.168.34.38:38597, 0aa3649f-570d-46c6-937f-492d7f3a8364:192.168.34.38:33209, 4a03179f-3169-4ac7-a075-259968512ef0:192.168.34.38:45833], old=null
2019-10-16 21:01:17,569 [grpc-default-executor-1] INFO  impl.RaftServerImpl (RaftServerImpl.java:setRole(184)) - 0aa3649f-570d-46c6-937f-492d7f3a8364@group-224A5B6DD22C: changes role from  FOLLOWER to FOLLOWER at term 19 for recognizeCandidate:4a03179f-3169-4ac7-a075-259968512ef0
2019-10-16 21:01:17,569 [grpc-default-executor-1] INFO  impl.RoleInfo (RoleInfo.java:shutdownFollowerState(121)) - 0aa3649f-570d-46c6-937f-492d7f3a8364: shutdown FollowerState
2019-10-16 21:01:17,569 [grpc-default-executor-3] INFO  impl.RaftServerImpl (RaftServerImpl.java:setRole(184)) - 4b287a15-77af-487b-aef7-34d1d0ee189f@group-224A5B6DD22C: changes role from  FOLLOWER to FOLLOWER at term 19 for recognizeCandidate:4a03179f-3169-4ac7-a075-259968512ef0
2019-10-16 21:01:17,569 [Thread-318] INFO  impl.FollowerState (FollowerState.java:run(117)) - 0aa3649f-570d-46c6-937f-492d7f3a8364@group-224A5B6DD22C-FollowerState was interrupted: java.lang.InterruptedException: sleep interrupted
2019-10-16 21:01:17,569 [grpc-default-executor-1] INFO  impl.RoleInfo (RoleInfo.java:updateAndGet(143)) - 0aa3649f-570d-46c6-937f-492d7f3a8364: start FollowerState
2019-10-16 21:01:17,569 [grpc-default-executor-3] INFO  impl.RoleInfo (RoleInfo.java:shutdownFollowerState(121)) - 4b287a15-77af-487b-aef7-34d1d0ee189f: shutdown FollowerState
2019-10-16 21:01:17,570 [grpc-default-executor-3] INFO  impl.RoleInfo (RoleInfo.java:updateAndGet(143)) - 4b287a15-77af-487b-aef7-34d1d0ee189f: start FollowerState
2019-10-16 21:01:17,570 [Thread-319] INFO  impl.FollowerState (FollowerState.java:run(117)) - 4b287a15-77af-487b-aef7-34d1d0ee189f@group-224A5B6DD22C-FollowerState was interrupted: java.lang.InterruptedException: sleep interrupted
2019-10-16 21:01:17,583 [4a03179f-3169-4ac7-a075-259968512ef0@group-224A5B6DD22C-LeaderElection18] INFO  impl.LeaderElection (LeaderElection.java:logAndReturn(56)) - 4a03179f-3169-4ac7-a075-259968512ef0@group-224A5B6DD22C-LeaderElection18: Election REJECTED; received 2 response(s) [4a03179f-3169-4ac7-a075-259968512ef0<-4b287a15-77af-487b-aef7-34d1d0ee189f#0:FAIL-t19, 4a03179f-3169-4ac7-a075-259968512ef0<-0aa3649f-570d-46c6-937f-492d7f3a8364#0:FAIL-t19] and 0 exception(s); 4a03179f-3169-4ac7-a075-259968512ef0@group-224A5B6DD22C:t19, leader=null, voted=4a03179f-3169-4ac7-a075-259968512ef0, raftlog=4a03179f-3169-4ac7-a075-259968512ef0@group-224A5B6DD22C-SegmentedRaftLog:OPENED:c-1,f-1,i0, conf=-1: [4b287a15-77af-487b-aef7-34d1d0ee189f:192.168.34.38:38597, 0aa3649f-570d-46c6-937f-492d7f3a8364:192.168.34.38:33209, 4a03179f-3169-4ac7-a075-259968512ef0:192.168.34.38:45833], old=null
2019-10-16 21:01:17,583 [4a03179f-3169-4ac7-a075-259968512ef0@group-224A5B6DD22C-LeaderElection18] INFO  impl.RaftServerImpl (RaftServerImpl.java:setRole(184)) - 4a03179f-3169-4ac7-a075-259968512ef0@group-224A5B6DD22C: changes role from CANDIDATE to FOLLOWER at term 19 for DISCOVERED_A_NEW_TERM
2019-10-16 21:01:17,583 [4a03179f-3169-4ac7-a075-259968512ef0@group-224A5B6DD22C-LeaderElection18] INFO  impl.RoleInfo (RoleInfo.java:shutdownLeaderElection(134)) - 4a03179f-3169-4ac7-a075-259968512ef0: shutdown LeaderElection
2019-10-16 21:01:17,583 [4a03179f-3169-4ac7-a075-259968512ef0@group-224A5B6DD22C-LeaderElection18] INFO  impl.RoleInfo (RoleInfo.java:updateAndGet(143)) - 4a03179f-3169-4ac7-a075-259968512ef0: start FollowerState
2019-10-16 21:01:17,696 [Thread-181] INFO  container.ReplicationManager (ReplicationManager.java:start(162)) - Starting Replication Monitor Thread.
2019-10-16 21:01:17,700 [Thread-181] INFO  pipeline.SCMPipelineManager (SCMPipelineManager.java:finalizeAndDestroyPipeline(315)) - destroying pipeline:Pipeline[ Id: 0ca55da0-a14d-45b6-b30c-224a5b6dd22c, Nodes: 0aa3649f-570d-46c6-937f-492d7f3a8364{ip: 192.168.34.38, host: pr-hdds-1868-89kc4-1304904179, networkLocation: /default-rack, certSerialId: null}4b287a15-77af-487b-aef7-34d1d0ee189f{ip: 192.168.34.38, host: pr-hdds-1868-89kc4-1304904179, networkLocation: /default-rack, certSerialId: null}4a03179f-3169-4ac7-a075-259968512ef0{ip: 192.168.34.38, host: pr-hdds-1868-89kc4-1304904179, networkLocation: /default-rack, certSerialId: null}, Type:RATIS, Factor:THREE, State:ALLOCATED]
2019-10-16 21:01:17,700 [Thread-181] INFO  pipeline.PipelineStateManager (PipelineStateManager.java:finalizePipeline(123)) - Pipeline Pipeline[ Id: 0ca55da0-a14d-45b6-b30c-224a5b6dd22c, Nodes: 0aa3649f-570d-46c6-937f-492d7f3a8364{ip: 192.168.34.38, host: pr-hdds-1868-89kc4-1304904179, networkLocation: /default-rack, certSerialId: null}4b287a15-77af-487b-aef7-34d1d0ee189f{ip: 192.168.34.38, host: pr-hdds-1868-89kc4-1304904179, networkLocation: /default-rack, certSerialId: null}4a03179f-3169-4ac7-a075-259968512ef0{ip: 192.168.34.38, host: pr-hdds-1868-89kc4-1304904179, networkLocation: /default-rack, certSerialId: null}, Type:RATIS, Factor:THREE, State:CLOSED] moved to CLOSED state
2019-10-16 21:01:17,701 [ReplicationMonitor] INFO  container.ReplicationManager (ReplicationManager.java:run(225)) - Replication Monitor Thread took 1 milliseconds for processing 0 containers.
2019-10-16 21:01:17,713 [grpc-default-executor-3] INFO  impl.RaftServerProxy (RaftServerProxy.java:remove(95)) - 0aa3649f-570d-46c6-937f-492d7f3a8364: remove  FOLLOWER 0aa3649f-570d-46c6-937f-492d7f3a8364@group-224A5B6DD22C:t19, leader=null, voted=null, raftlog=0aa3649f-570d-46c6-937f-492d7f3a8364@group-224A5B6DD22C-SegmentedRaftLog:OPENED:c-1,f0,i0, conf=0: [4b287a15-77af-487b-aef7-34d1d0ee189f:192.168.34.38:38597, 0aa3649f-570d-46c6-937f-492d7f3a8364:192.168.34.38:33209, 4a03179f-3169-4ac7-a075-259968512ef0:192.168.34.38:45833], old=null RUNNING
2019-10-16 21:01:17,716 [grpc-default-executor-3] INFO  impl.RaftServerImpl (RaftServerImpl.java:lambda$shutdown$3(261)) - 0aa3649f-570d-46c6-937f-492d7f3a8364@group-224A5B6DD22C: shutdown
2019-10-16 21:01:17,717 [grpc-default-executor-3] INFO  util.JmxRegister (JmxRegister.java:unregister(73)) - Successfully un-registered JMX Bean with object name Ratis:service=RaftServer,group=group-224A5B6DD22C,id=0aa3649f-570d-46c6-937f-492d7f3a8364
2019-10-16 21:01:17,717 [grpc-default-executor-3] INFO  impl.RoleInfo (RoleInfo.java:shutdownFollowerState(121)) - 0aa3649f-570d-46c6-937f-492d7f3a8364: shutdown FollowerState
2019-10-16 21:01:17,717 [Thread-324] INFO  impl.FollowerState (FollowerState.java:run(117)) - 0aa3649f-570d-46c6-937f-492d7f3a8364@group-224A5B6DD22C-FollowerState was interrupted: java.lang.InterruptedException: sleep interrupted
2019-10-16 21:01:17,717 [grpc-default-executor-3] INFO  impl.StateMachineUpdater (StateMachineUpdater.java:stopAndJoin(136)) - 0aa3649f-570d-46c6-937f-492d7f3a8364@group-224A5B6DD22C-StateMachineUpdater: set stopIndex = -1
2019-10-16 21:01:17,718 [grpc-default-executor-3] INFO  impl.RaftServerImpl (ServerState.java:close(388)) - 0aa3649f-570d-46c6-937f-492d7f3a8364@group-224A5B6DD22C: closes. applyIndex: -1
2019-10-16 21:01:17,721 [0aa3649f-570d-46c6-937f-492d7f3a8364@group-224A5B6DD22C-SegmentedRaftLogWorker] INFO  segmented.SegmentedRaftLogWorker (SegmentedRaftLogWorker.java:run(316)) - 0aa3649f-570d-46c6-937f-492d7f3a8364@group-224A5B6DD22C-SegmentedRaftLogWorker was interrupted, exiting. There are 0 tasks remaining in the queue.
2019-10-16 21:01:17,722 [grpc-default-executor-3] INFO  segmented.SegmentedRaftLogWorker (SegmentedRaftLogWorker.java:close(224)) - 0aa3649f-570d-46c6-937f-492d7f3a8364@group-224A5B6DD22C-SegmentedRaftLogWorker close()
2019-10-16 21:01:17,738 [grpc-default-executor-3] INFO  impl.RaftServerProxy (RaftServerProxy.java:remove(95)) - 4b287a15-77af-487b-aef7-34d1d0ee189f: remove  FOLLOWER 4b287a15-77af-487b-aef7-34d1d0ee189f@group-224A5B6DD22C:t19, leader=null, voted=null, raftlog=4b287a15-77af-487b-aef7-34d1d0ee189f@group-224A5B6DD22C-SegmentedRaftLog:OPENED:c-1,f0,i0, conf=0: [4b287a15-77af-487b-aef7-34d1d0ee189f:192.168.34.38:38597, 0aa3649f-570d-46c6-937f-492d7f3a8364:192.168.34.38:33209, 4a03179f-3169-4ac7-a075-259968512ef0:192.168.34.38:45833], old=null RUNNING
2019-10-16 21:01:17,738 [grpc-default-executor-3] INFO  impl.RaftServerImpl (RaftServerImpl.java:lambda$shutdown$3(261)) - 4b287a15-77af-487b-aef7-34d1d0ee189f@group-224A5B6DD22C: shutdown
2019-10-16 21:01:17,738 [grpc-default-executor-3] INFO  util.JmxRegister (JmxRegister.java:unregister(73)) - Successfully un-registered JMX Bean with object name Ratis:service=RaftServer,group=group-224A5B6DD22C,id=4b287a15-77af-487b-aef7-34d1d0ee189f
2019-10-16 21:01:17,738 [grpc-default-executor-3] INFO  impl.RoleInfo (RoleInfo.java:shutdownFollowerState(121)) - 4b287a15-77af-487b-aef7-34d1d0ee189f: shutdown FollowerState
2019-10-16 21:01:17,738 [grpc-default-executor-3] INFO  impl.StateMachineUpdater (StateMachineUpdater.java:stopAndJoin(136)) - 4b287a15-77af-487b-aef7-34d1d0ee189f@group-224A5B6DD22C-StateMachineUpdater: set stopIndex = -1
2019-10-16 21:01:17,738 [Thread-325] INFO  impl.FollowerState (FollowerState.java:run(117)) - 4b287a15-77af-487b-aef7-34d1d0ee189f@group-224A5B6DD22C-FollowerState was interrupted: java.lang.InterruptedException: sleep interrupted
2019-10-16 21:01:17,739 [grpc-default-executor-3] INFO  impl.RaftServerImpl (ServerState.java:close(388)) - 4b287a15-77af-487b-aef7-34d1d0ee189f@group-224A5B6DD22C: closes. applyIndex: -1
2019-10-16 21:01:17,740 [4b287a15-77af-487b-aef7-34d1d0ee189f@group-224A5B6DD22C-SegmentedRaftLogWorker] INFO  segmented.SegmentedRaftLogWorker (SegmentedRaftLogWorker.java:run(316)) - 4b287a15-77af-487b-aef7-34d1d0ee189f@group-224A5B6DD22C-SegmentedRaftLogWorker was interrupted, exiting. There are 0 tasks remaining in the queue.
2019-10-16 21:01:17,741 [grpc-default-executor-3] INFO  segmented.SegmentedRaftLogWorker (SegmentedRaftLogWorker.java:close(224)) - 4b287a15-77af-487b-aef7-34d1d0ee189f@group-224A5B6DD22C-SegmentedRaftLogWorker close()
2019-10-16 21:01:17,752 [grpc-default-executor-3] INFO  impl.RaftServerProxy (RaftServerProxy.java:remove(95)) - 4a03179f-3169-4ac7-a075-259968512ef0: remove  FOLLOWER 4a03179f-3169-4ac7-a075-259968512ef0@group-224A5B6DD22C:t19, leader=null, voted=4a03179f-3169-4ac7-a075-259968512ef0, raftlog=4a03179f-3169-4ac7-a075-259968512ef0@group-224A5B6DD22C-SegmentedRaftLog:OPENED:c-1,f-1,i0, conf=-1: [4b287a15-77af-487b-aef7-34d1d0ee189f:192.168.34.38:38597, 0aa3649f-570d-46c6-937f-492d7f3a8364:192.168.34.38:33209, 4a03179f-3169-4ac7-a075-259968512ef0:192.168.34.38:45833], old=null RUNNING
2019-10-16 21:01:17,752 [grpc-default-executor-3] INFO  impl.RaftServerImpl (RaftServerImpl.java:lambda$shutdown$3(261)) - 4a03179f-3169-4ac7-a075-259968512ef0@group-224A5B6DD22C: shutdown
2019-10-16 21:01:17,752 [grpc-default-executor-3] INFO  util.JmxRegister (JmxRegister.java:unregister(73)) - Successfully un-registered JMX Bean with object name Ratis:service=RaftServer,group=group-224A5B6DD22C,id=4a03179f-3169-4ac7-a075-259968512ef0
2019-10-16 21:01:17,752 [grpc-default-executor-3] INFO  impl.RoleInfo (RoleInfo.java:shutdownFollowerState(121)) - 4a03179f-3169-4ac7-a075-259968512ef0: shutdown FollowerState
2019-10-16 21:01:17,752 [grpc-default-executor-3] INFO  impl.StateMachineUpdater (StateMachineUpdater.java:stopAndJoin(136)) - 4a03179f-3169-4ac7-a075-259968512ef0@group-224A5B6DD22C-StateMachineUpdater: set stopIndex = -1
2019-10-16 21:01:17,752 [Thread-326] INFO  impl.FollowerState (FollowerState.java:run(117)) - 4a03179f-3169-4ac7-a075-259968512ef0@group-224A5B6DD22C-FollowerState was interrupted: java.lang.InterruptedException: sleep interrupted
2019-10-16 21:01:17,753 [grpc-default-executor-3] INFO  impl.RaftServerImpl (ServerState.java:close(388)) - 4a03179f-3169-4ac7-a075-259968512ef0@group-224A5B6DD22C: closes. applyIndex: -1
2019-10-16 21:01:17,754 [4a03179f-3169-4ac7-a075-259968512ef0@group-224A5B6DD22C-SegmentedRaftLogWorker] INFO  segmented.SegmentedRaftLogWorker (SegmentedRaftLogWorker.java:run(316)) - 4a03179f-3169-4ac7-a075-259968512ef0@group-224A5B6DD22C-SegmentedRaftLogWorker was interrupted, exiting. There are 0 tasks remaining in the queue.
2019-10-16 21:01:17,754 [grpc-default-executor-3] INFO  segmented.SegmentedRaftLogWorker (SegmentedRaftLogWorker.java:close(224)) - 4a03179f-3169-4ac7-a075-259968512ef0@group-224A5B6DD22C-SegmentedRaftLogWorker close()
2019-10-16 21:01:17,761 [Thread-181] INFO  pipeline.PipelineStateManager (PipelineStateManager.java:removePipeline(108)) - Pipeline Pipeline[ Id: 0ca55da0-a14d-45b6-b30c-224a5b6dd22c, Nodes: 0aa3649f-570d-46c6-937f-492d7f3a8364{ip: 192.168.34.38, host: pr-hdds-1868-89kc4-1304904179, networkLocation: /default-rack, certSerialId: null}4b287a15-77af-487b-aef7-34d1d0ee189f{ip: 192.168.34.38, host: pr-hdds-1868-89kc4-1304904179, networkLocation: /default-rack, certSerialId: null}4a03179f-3169-4ac7-a075-259968512ef0{ip: 192.168.34.38, host: pr-hdds-1868-89kc4-1304904179, networkLocation: /default-rack, certSerialId: null}, Type:RATIS, Factor:THREE, State:CLOSED] removed from db
2019-10-16 21:01:17,774 [grpc-default-executor-0] INFO  impl.RaftServerProxy (RaftServerProxy.java:addNew(89)) - 0aa3649f-570d-46c6-937f-492d7f3a8364: addNew group-83C26644CFDA:[4b287a15-77af-487b-aef7-34d1d0ee189f:192.168.34.38:38597, 0aa3649f-570d-46c6-937f-492d7f3a8364:192.168.34.38:33209, 4a03179f-3169-4ac7-a075-259968512ef0:192.168.34.38:45833] returns group-83C26644CFDA:java.util.concurrent.CompletableFuture@6e48e648[Not completed]
2019-10-16 21:01:17,774 [grpc-default-executor-3] INFO  impl.RaftServerProxy (RaftServerProxy.java:addNew(89)) - 4a03179f-3169-4ac7-a075-259968512ef0: addNew group-83C26644CFDA:[4b287a15-77af-487b-aef7-34d1d0ee189f:192.168.34.38:38597, 0aa3649f-570d-46c6-937f-492d7f3a8364:192.168.34.38:33209, 4a03179f-3169-4ac7-a075-259968512ef0:192.168.34.38:45833] returns group-83C26644CFDA:java.util.concurrent.CompletableFuture@11cac85f[Not completed]
2019-10-16 21:01:17,775 [grpc-default-executor-1] INFO  impl.RaftServerProxy (RaftServerProxy.java:addNew(89)) - 4b287a15-77af-487b-aef7-34d1d0ee189f: addNew group-83C26644CFDA:[4b287a15-77af-487b-aef7-34d1d0ee189f:192.168.34.38:38597, 0aa3649f-570d-46c6-937f-492d7f3a8364:192.168.34.38:33209, 4a03179f-3169-4ac7-a075-259968512ef0:192.168.34.38:45833] returns group-83C26644CFDA:java.util.concurrent.CompletableFuture@22924e42[Not completed]
2019-10-16 21:01:17,777 [pool-27-thread-1] INFO  impl.RaftServerImpl (RaftServerImpl.java:<init>(104)) - 0aa3649f-570d-46c6-937f-492d7f3a8364: new RaftServerImpl for group-83C26644CFDA:[4b287a15-77af-487b-aef7-34d1d0ee189f:192.168.34.38:38597, 0aa3649f-570d-46c6-937f-492d7f3a8364:192.168.34.38:33209, 4a03179f-3169-4ac7-a075-259968512ef0:192.168.34.38:45833] with ContainerStateMachine:uninitialized
2019-10-16 21:01:17,777 [pool-27-thread-1] INFO  server.RaftServerConfigKeys (ConfUtils.java:logGet(43)) - raft.server.rpc.timeout.min = 5s (custom)
2019-10-16 21:01:17,777 [pool-27-thread-1] INFO  server.RaftServerConfigKeys (ConfUtils.java:logGet(43)) - raft.server.rpc.timeout.max = 5200ms (custom)
2019-10-16 21:01:17,777 [pool-27-thread-1] INFO  server.RaftServerConfigKeys (ConfUtils.java:logGet(43)) - raft.server.rpcslowness.timeout = 1000s (custom)
2019-10-16 21:01:17,777 [pool-27-thread-1] INFO  server.RaftServerConfigKeys (ConfUtils.java:logGet(43)) - raft.server.sleep.deviation.threshold = 300 (default)
2019-10-16 21:01:17,777 [pool-27-thread-1] INFO  server.RaftServerConfigKeys (ConfUtils.java:logGet(43)) - raft.server.log.appender.install.snapshot.enabled = false (custom)
2019-10-16 21:01:17,778 [pool-27-thread-1] INFO  impl.RaftServerImpl (ServerState.java:<init>(103)) - 0aa3649f-570d-46c6-937f-492d7f3a8364@group-83C26644CFDA: ConfigurationManager, init=-1: [4b287a15-77af-487b-aef7-34d1d0ee189f:192.168.34.38:38597, 0aa3649f-570d-46c6-937f-492d7f3a8364:192.168.34.38:33209, 4a03179f-3169-4ac7-a075-259968512ef0:192.168.34.38:45833], old=null, confs=<EMPTY_MAP>
2019-10-16 21:01:17,778 [pool-47-thread-1] INFO  impl.RaftServerImpl (RaftServerImpl.java:<init>(104)) - 4b287a15-77af-487b-aef7-34d1d0ee189f: new RaftServerImpl for group-83C26644CFDA:[4b287a15-77af-487b-aef7-34d1d0ee189f:192.168.34.38:38597, 0aa3649f-570d-46c6-937f-492d7f3a8364:192.168.34.38:33209, 4a03179f-3169-4ac7-a075-259968512ef0:192.168.34.38:45833] with ContainerStateMachine:uninitialized
2019-10-16 21:01:17,778 [pool-27-thread-1] INFO  server.RaftServerConfigKeys (ConfUtils.java:logGet(43)) - raft.server.storage.dir = [/workdir/hadoop-ozone/integration-test/target/test-dir/MiniOzoneClusterImpl-c59fee7e-17c5-4f17-b61a-b44f1b433ee8/datanode-0/data/ratis] (custom)
2019-10-16 21:01:17,778 [pool-47-thread-1] INFO  server.RaftServerConfigKeys (ConfUtils.java:logGet(43)) - raft.server.rpc.timeout.min = 5s (custom)
2019-10-16 21:01:17,778 [pool-47-thread-1] INFO  server.RaftServerConfigKeys (ConfUtils.java:logGet(43)) - raft.server.rpc.timeout.max = 5200ms (custom)
2019-10-16 21:01:17,778 [pool-27-thread-1] INFO  server.RaftServerConfigKeys (ConfUtils.java:logGet(43)) - raft.server.log.corruption.policy = EXCEPTION (default)
2019-10-16 21:01:17,778 [pool-47-thread-1] INFO  server.RaftServerConfigKeys (ConfUtils.java:logGet(43)) - raft.server.rpcslowness.timeout = 1000s (custom)
2019-10-16 21:01:17,778 [pool-47-thread-1] INFO  server.RaftServerConfigKeys (ConfUtils.java:logGet(43)) - raft.server.sleep.deviation.threshold = 300 (default)
2019-10-16 21:01:17,778 [pool-27-thread-1] INFO  storage.RaftStorageDirectory (RaftStorageDirectory.java:analyzeStorage(246)) - The storage directory /workdir/hadoop-ozone/integration-test/target/test-dir/MiniOzoneClusterImpl-c59fee7e-17c5-4f17-b61a-b44f1b433ee8/datanode-0/data/ratis/50962987-ac74-4c4b-8746-83c26644cfda does not exist. Creating ...
2019-10-16 21:01:17,778 [pool-37-thread-1] INFO  impl.RaftServerImpl (RaftServerImpl.java:<init>(104)) - 4a03179f-3169-4ac7-a075-259968512ef0: new RaftServerImpl for group-83C26644CFDA:[4b287a15-77af-487b-aef7-34d1d0ee189f:192.168.34.38:38597, 0aa3649f-570d-46c6-937f-492d7f3a8364:192.168.34.38:33209, 4a03179f-3169-4ac7-a075-259968512ef0:192.168.34.38:45833] with ContainerStateMachine:uninitialized
2019-10-16 21:01:17,778 [pool-47-thread-1] INFO  server.RaftServerConfigKeys (ConfUtils.java:logGet(43)) - raft.server.log.appender.install.snapshot.enabled = false (custom)
2019-10-16 21:01:17,778 [pool-37-thread-1] INFO  server.RaftServerConfigKeys (ConfUtils.java:logGet(43)) - raft.server.rpc.timeout.min = 5s (custom)
2019-10-16 21:01:17,779 [pool-47-thread-1] INFO  impl.RaftServerImpl (ServerState.java:<init>(103)) - 4b287a15-77af-487b-aef7-34d1d0ee189f@group-83C26644CFDA: ConfigurationManager, init=-1: [4b287a15-77af-487b-aef7-34d1d0ee189f:192.168.34.38:38597, 0aa3649f-570d-46c6-937f-492d7f3a8364:192.168.34.38:33209, 4a03179f-3169-4ac7-a075-259968512ef0:192.168.34.38:45833], old=null, confs=<EMPTY_MAP>
2019-10-16 21:01:17,779 [pool-37-thread-1] INFO  server.RaftServerConfigKeys (ConfUtils.java:logGet(43)) - raft.server.rpc.timeout.max = 5200ms (custom)
2019-10-16 21:01:17,779 [pool-47-thread-1] INFO  server.RaftServerConfigKeys (ConfUtils.java:logGet(43)) - raft.server.storage.dir = [/workdir/hadoop-ozone/integration-test/target/test-dir/MiniOzoneClusterImpl-c59fee7e-17c5-4f17-b61a-b44f1b433ee8/datanode-2/data/ratis] (custom)
2019-10-16 21:01:17,779 [pool-37-thread-1] INFO  server.RaftServerConfigKeys (ConfUtils.java:logGet(43)) - raft.server.rpcslowness.timeout = 1000s (custom)
2019-10-16 21:01:17,779 [pool-37-thread-1] INFO  server.RaftServerConfigKeys (ConfUtils.java:logGet(43)) - raft.server.sleep.deviation.threshold = 300 (default)
2019-10-16 21:01:17,779 [pool-37-thread-1] INFO  server.RaftServerConfigKeys (ConfUtils.java:logGet(43)) - raft.server.log.appender.install.snapshot.enabled = false (custom)
2019-10-16 21:01:17,779 [pool-47-thread-1] INFO  server.RaftServerConfigKeys (ConfUtils.java:logGet(43)) - raft.server.log.corruption.policy = EXCEPTION (default)
2019-10-16 21:01:17,779 [pool-37-thread-1] INFO  impl.RaftServerImpl (ServerState.java:<init>(103)) - 4a03179f-3169-4ac7-a075-259968512ef0@group-83C26644CFDA: ConfigurationManager, init=-1: [4b287a15-77af-487b-aef7-34d1d0ee189f:192.168.34.38:38597, 0aa3649f-570d-46c6-937f-492d7f3a8364:192.168.34.38:33209, 4a03179f-3169-4ac7-a075-259968512ef0:192.168.34.38:45833], old=null, confs=<EMPTY_MAP>
2019-10-16 21:01:17,779 [pool-47-thread-1] INFO  storage.RaftStorageDirectory (RaftStorageDirectory.java:analyzeStorage(246)) - The storage directory /workdir/hadoop-ozone/integration-test/target/test-dir/MiniOzoneClusterImpl-c59fee7e-17c5-4f17-b61a-b44f1b433ee8/datanode-2/data/ratis/50962987-ac74-4c4b-8746-83c26644cfda does not exist. Creating ...
2019-10-16 21:01:17,779 [pool-37-thread-1] INFO  server.RaftServerConfigKeys (ConfUtils.java:logGet(43)) - raft.server.storage.dir = [/workdir/hadoop-ozone/integration-test/target/test-dir/MiniOzoneClusterImpl-c59fee7e-17c5-4f17-b61a-b44f1b433ee8/datanode-1/data/ratis] (custom)
2019-10-16 21:01:17,779 [pool-37-thread-1] INFO  server.RaftServerConfigKeys (ConfUtils.java:logGet(43)) - raft.server.log.corruption.policy = EXCEPTION (default)
2019-10-16 21:01:17,780 [pool-37-thread-1] INFO  storage.RaftStorageDirectory (RaftStorageDirectory.java:analyzeStorage(246)) - The storage directory /workdir/hadoop-ozone/integration-test/target/test-dir/MiniOzoneClusterImpl-c59fee7e-17c5-4f17-b61a-b44f1b433ee8/datanode-1/data/ratis/50962987-ac74-4c4b-8746-83c26644cfda does not exist. Creating ...
2019-10-16 21:01:17,794 [pool-47-thread-1] INFO  storage.RaftStorageDirectory (RaftStorageDirectory.java:tryLock(328)) - Lock on /workdir/hadoop-ozone/integration-test/target/test-dir/MiniOzoneClusterImpl-c59fee7e-17c5-4f17-b61a-b44f1b433ee8/datanode-2/data/ratis/50962987-ac74-4c4b-8746-83c26644cfda/in_use.lock acquired by nodename 17043@pr-hdds-1868-89kc4-1304904179
2019-10-16 21:01:17,794 [pool-27-thread-1] INFO  storage.RaftStorageDirectory (RaftStorageDirectory.java:tryLock(328)) - Lock on /workdir/hadoop-ozone/integration-test/target/test-dir/MiniOzoneClusterImpl-c59fee7e-17c5-4f17-b61a-b44f1b433ee8/datanode-0/data/ratis/50962987-ac74-4c4b-8746-83c26644cfda/in_use.lock acquired by nodename 17043@pr-hdds-1868-89kc4-1304904179
2019-10-16 21:01:17,794 [pool-37-thread-1] INFO  storage.RaftStorageDirectory (RaftStorageDirectory.java:tryLock(328)) - Lock on /workdir/hadoop-ozone/integration-test/target/test-dir/MiniOzoneClusterImpl-c59fee7e-17c5-4f17-b61a-b44f1b433ee8/datanode-1/data/ratis/50962987-ac74-4c4b-8746-83c26644cfda/in_use.lock acquired by nodename 17043@pr-hdds-1868-89kc4-1304904179
2019-10-16 21:01:17,808 [pool-47-thread-1] INFO  storage.RaftStorage (RaftStorage.java:format(84)) - Storage directory /workdir/hadoop-ozone/integration-test/target/test-dir/MiniOzoneClusterImpl-c59fee7e-17c5-4f17-b61a-b44f1b433ee8/datanode-2/data/ratis/50962987-ac74-4c4b-8746-83c26644cfda has been successfully formatted.
2019-10-16 21:01:17,808 [pool-27-thread-1] INFO  storage.RaftStorage (RaftStorage.java:format(84)) - Storage directory /workdir/hadoop-ozone/integration-test/target/test-dir/MiniOzoneClusterImpl-c59fee7e-17c5-4f17-b61a-b44f1b433ee8/datanode-0/data/ratis/50962987-ac74-4c4b-8746-83c26644cfda has been successfully formatted.
2019-10-16 21:01:17,808 [pool-37-thread-1] INFO  storage.RaftStorage (RaftStorage.java:format(84)) - Storage directory /workdir/hadoop-ozone/integration-test/target/test-dir/MiniOzoneClusterImpl-c59fee7e-17c5-4f17-b61a-b44f1b433ee8/datanode-1/data/ratis/50962987-ac74-4c4b-8746-83c26644cfda has been successfully formatted.
2019-10-16 21:01:17,809 [pool-47-thread-1] INFO  ratis.ContainerStateMachine (ContainerStateMachine.java:loadSnapshot(233)) - group-83C26644CFDA: The snapshot info is null. Setting the last applied indexto:(t:0, i:~)
2019-10-16 21:01:17,809 [pool-37-thread-1] INFO  ratis.ContainerStateMachine (ContainerStateMachine.java:loadSnapshot(233)) - group-83C26644CFDA: The snapshot info is null. Setting the last applied indexto:(t:0, i:~)
2019-10-16 21:01:17,809 [pool-27-thread-1] INFO  ratis.ContainerStateMachine (ContainerStateMachine.java:loadSnapshot(233)) - group-83C26644CFDA: The snapshot info is null. Setting the last applied indexto:(t:0, i:~)
2019-10-16 21:01:17,809 [pool-47-thread-1] INFO  server.RaftServerConfigKeys (ConfUtils.java:logGet(43)) - raft.server.notification.no-leader.timeout = 1000s (custom)
2019-10-16 21:01:17,809 [pool-27-thread-1] INFO  server.RaftServerConfigKeys (ConfUtils.java:logGet(43)) - raft.server.notification.no-leader.timeout = 1000s (custom)
2019-10-16 21:01:17,809 [pool-37-thread-1] INFO  server.RaftServerConfigKeys (ConfUtils.java:logGet(43)) - raft.server.notification.no-leader.timeout = 1000s (custom)
2019-10-16 21:01:17,809 [pool-27-thread-1] INFO  server.RaftServerConfigKeys (ConfUtils.java:logGet(43)) - raft.server.log.use.memory = false (default)
2019-10-16 21:01:17,809 [pool-47-thread-1] INFO  server.RaftServerConfigKeys (ConfUtils.java:logGet(43)) - raft.server.log.use.memory = false (default)
2019-10-16 21:01:17,809 [pool-37-thread-1] INFO  server.RaftServerConfigKeys (ConfUtils.java:logGet(43)) - raft.server.log.use.memory = false (default)
2019-10-16 21:01:17,810 [pool-47-thread-1] INFO  server.RaftServerConfigKeys (ConfUtils.java:logGet(43)) - raft.server.log.purge.gap = 1000000 (custom)
2019-10-16 21:01:17,810 [pool-27-thread-1] INFO  server.RaftServerConfigKeys (ConfUtils.java:logGet(43)) - raft.server.log.purge.gap = 1000000 (custom)
2019-10-16 21:01:17,810 [pool-47-thread-1] INFO  server.RaftServerConfigKeys (ConfUtils.java:logGet(43)) - raft.server.log.appender.buffer.byte-limit = 33554432 (custom)
2019-10-16 21:01:17,810 [pool-37-thread-1] INFO  server.RaftServerConfigKeys (ConfUtils.java:logGet(43)) - raft.server.log.purge.gap = 1000000 (custom)
2019-10-16 21:01:17,810 [pool-47-thread-1] INFO  server.RaftServerConfigKeys (ConfUtils.java:logGet(43)) - raft.server.log.segment.size.max = 1048576 (custom)
2019-10-16 21:01:17,810 [pool-27-thread-1] INFO  server.RaftServerConfigKeys (ConfUtils.java:logGet(43)) - raft.server.log.appender.buffer.byte-limit = 33554432 (custom)
2019-10-16 21:01:17,810 [pool-47-thread-1] INFO  server.RaftServerConfigKeys (ConfUtils.java:logGet(43)) - raft.server.log.segment.cache.num.max = 2 (custom)
2019-10-16 21:01:17,810 [pool-37-thread-1] INFO  server.RaftServerConfigKeys (ConfUtils.java:logGet(43)) - raft.server.log.appender.buffer.byte-limit = 33554432 (custom)
2019-10-16 21:01:17,811 [pool-47-thread-1] INFO  segmented.SegmentedRaftLogWorker (SegmentedRaftLogWorker.java:<init>(173)) - new 4b287a15-77af-487b-aef7-34d1d0ee189f@group-83C26644CFDA-SegmentedRaftLogWorker for RaftStorage:Storage Directory /workdir/hadoop-ozone/integration-test/target/test-dir/MiniOzoneClusterImpl-c59fee7e-17c5-4f17-b61a-b44f1b433ee8/datanode-2/data/ratis/50962987-ac74-4c4b-8746-83c26644cfda
2019-10-16 21:01:17,810 [pool-27-thread-1] INFO  server.RaftServerConfigKeys (ConfUtils.java:logGet(43)) - raft.server.log.segment.size.max = 1048576 (custom)
2019-10-16 21:01:17,811 [pool-47-thread-1] INFO  server.RaftServerConfigKeys (ConfUtils.java:logGet(43)) - raft.server.log.queue.byte-limit = 2147483647 (custom)
2019-10-16 21:01:17,811 [pool-37-thread-1] INFO  server.RaftServerConfigKeys (ConfUtils.java:logGet(43)) - raft.server.log.segment.size.max = 1048576 (custom)
2019-10-16 21:01:17,811 [pool-47-thread-1] INFO  server.RaftServerConfigKeys (ConfUtils.java:logGet(43)) - raft.server.log.queue.element-limit = 1024 (custom)
2019-10-16 21:01:17,811 [pool-27-thread-1] INFO  server.RaftServerConfigKeys (ConfUtils.java:logGet(43)) - raft.server.log.segment.cache.num.max = 2 (custom)
2019-10-16 21:01:17,811 [pool-47-thread-1] INFO  server.RaftServerConfigKeys (ConfUtils.java:logGet(43)) - raft.server.log.segment.size.max = 1048576 (custom)
2019-10-16 21:01:17,811 [pool-37-thread-1] INFO  server.RaftServerConfigKeys (ConfUtils.java:logGet(43)) - raft.server.log.segment.cache.num.max = 2 (custom)
2019-10-16 21:01:17,811 [pool-47-thread-1] INFO  server.RaftServerConfigKeys (ConfUtils.java:logGet(43)) - raft.server.log.preallocated.size = 16384 (custom)
2019-10-16 21:01:17,811 [pool-27-thread-1] INFO  segmented.SegmentedRaftLogWorker (SegmentedRaftLogWorker.java:<init>(173)) - new 0aa3649f-570d-46c6-937f-492d7f3a8364@group-83C26644CFDA-SegmentedRaftLogWorker for RaftStorage:Storage Directory /workdir/hadoop-ozone/integration-test/target/test-dir/MiniOzoneClusterImpl-c59fee7e-17c5-4f17-b61a-b44f1b433ee8/datanode-0/data/ratis/50962987-ac74-4c4b-8746-83c26644cfda
2019-10-16 21:01:17,812 [pool-47-thread-1] INFO  server.RaftServerConfigKeys (ConfUtils.java:logGet(43)) - raft.server.log.write.buffer.size = 33554432 (custom)
2019-10-16 21:01:17,811 [pool-37-thread-1] INFO  segmented.SegmentedRaftLogWorker (SegmentedRaftLogWorker.java:<init>(173)) - new 4a03179f-3169-4ac7-a075-259968512ef0@group-83C26644CFDA-SegmentedRaftLogWorker for RaftStorage:Storage Directory /workdir/hadoop-ozone/integration-test/target/test-dir/MiniOzoneClusterImpl-c59fee7e-17c5-4f17-b61a-b44f1b433ee8/datanode-1/data/ratis/50962987-ac74-4c4b-8746-83c26644cfda
2019-10-16 21:01:17,812 [pool-47-thread-1] INFO  server.RaftServerConfigKeys (ConfUtils.java:logGet(43)) - raft.server.log.force.sync.num = 128 (default)
2019-10-16 21:01:17,812 [pool-27-thread-1] INFO  server.RaftServerConfigKeys (ConfUtils.java:logGet(43)) - raft.server.log.queue.byte-limit = 2147483647 (custom)
2019-10-16 21:01:17,812 [pool-47-thread-1] INFO  server.RaftServerConfigKeys (ConfUtils.java:logGet(43)) - raft.server.log.statemachine.data.sync = true (default)
2019-10-16 21:01:17,812 [pool-37-thread-1] INFO  server.RaftServerConfigKeys (ConfUtils.java:logGet(43)) - raft.server.log.queue.byte-limit = 2147483647 (custom)
2019-10-16 21:01:17,812 [pool-47-thread-1] INFO  server.RaftServerConfigKeys (ConfUtils.java:logGet(43)) - raft.server.log.statemachine.data.sync.timeout = 10s (default)
2019-10-16 21:01:17,812 [pool-27-thread-1] INFO  server.RaftServerConfigKeys (ConfUtils.java:logGet(43)) - raft.server.log.queue.element-limit = 1024 (custom)
2019-10-16 21:01:17,812 [pool-47-thread-1] INFO  server.RaftServerConfigKeys (ConfUtils.java:logGet(43)) - raft.server.log.statemachine.data.sync.timeout.retry = -1 (default)
2019-10-16 21:01:17,812 [pool-37-thread-1] INFO  server.RaftServerConfigKeys (ConfUtils.java:logGet(43)) - raft.server.log.queue.element-limit = 1024 (custom)
2019-10-16 21:01:17,812 [pool-27-thread-1] INFO  server.RaftServerConfigKeys (ConfUtils.java:logGet(43)) - raft.server.log.segment.size.max = 1048576 (custom)
2019-10-16 21:01:17,813 [pool-47-thread-1] INFO  server.RaftServerConfigKeys (ConfUtils.java:logGet(43)) - raft.server.log.statemachine.data.caching.enabled = true (custom)
2019-10-16 21:01:17,813 [pool-37-thread-1] INFO  server.RaftServerConfigKeys (ConfUtils.java:logGet(43)) - raft.server.log.segment.size.max = 1048576 (custom)
2019-10-16 21:01:17,813 [pool-27-thread-1] INFO  server.RaftServerConfigKeys (ConfUtils.java:logGet(43)) - raft.server.log.preallocated.size = 16384 (custom)
2019-10-16 21:01:17,813 [pool-37-thread-1] INFO  server.RaftServerConfigKeys (ConfUtils.java:logGet(43)) - raft.server.log.preallocated.size = 16384 (custom)
2019-10-16 21:01:17,813 [pool-27-thread-1] INFO  server.RaftServerConfigKeys (ConfUtils.java:logGet(43)) - raft.server.log.write.buffer.size = 33554432 (custom)
2019-10-16 21:01:17,813 [pool-37-thread-1] INFO  server.RaftServerConfigKeys (ConfUtils.java:logGet(43)) - raft.server.log.write.buffer.size = 33554432 (custom)
2019-10-16 21:01:17,813 [pool-47-thread-1] INFO  segmented.SegmentedRaftLogWorker (SegmentedRaftLogWorker.java:lambda$new$0(128)) - 4b287a15-77af-487b-aef7-34d1d0ee189f@group-83C26644CFDA-SegmentedRaftLogWorker: flushIndex: setUnconditionally 0 -> -1
2019-10-16 21:01:17,813 [pool-37-thread-1] INFO  server.RaftServerConfigKeys (ConfUtils.java:logGet(43)) - raft.server.log.force.sync.num = 128 (default)
2019-10-16 21:01:17,813 [pool-27-thread-1] INFO  server.RaftServerConfigKeys (ConfUtils.java:logGet(43)) - raft.server.log.force.sync.num = 128 (default)
2019-10-16 21:01:17,813 [pool-37-thread-1] INFO  server.RaftServerConfigKeys (ConfUtils.java:logGet(43)) - raft.server.log.statemachine.data.sync = true (default)
2019-10-16 21:01:17,814 [pool-47-thread-1] INFO  server.RaftServerConfigKeys (ConfUtils.java:logGet(43)) - raft.server.snapshot.auto.trigger.enabled = true (custom)
2019-10-16 21:01:17,814 [pool-27-thread-1] INFO  server.RaftServerConfigKeys (ConfUtils.java:logGet(43)) - raft.server.log.statemachine.data.sync = true (default)
2019-10-16 21:01:17,814 [pool-47-thread-1] INFO  server.RaftServerConfigKeys (ConfUtils.java:logGet(43)) - raft.server.snapshot.auto.trigger.threshold = 10000 (custom)
2019-10-16 21:01:17,814 [pool-37-thread-1] INFO  server.RaftServerConfigKeys (ConfUtils.java:logGet(43)) - raft.server.log.statemachine.data.sync.timeout = 10s (default)
2019-10-16 21:01:17,814 [pool-47-thread-1] INFO  server.RaftServerConfigKeys (ConfUtils.java:logGet(43)) - raft.server.snapshot.retention.file.num = 5 (custom)
2019-10-16 21:01:17,814 [pool-27-thread-1] INFO  server.RaftServerConfigKeys (ConfUtils.java:logGet(43)) - raft.server.log.statemachine.data.sync.timeout = 10s (default)
2019-10-16 21:01:17,814 [pool-47-thread-1] INFO  server.RaftServerConfigKeys (ConfUtils.java:logGet(43)) - raft.server.retrycache.expirytime = 600000ms (custom)
2019-10-16 21:01:17,814 [pool-37-thread-1] INFO  server.RaftServerConfigKeys (ConfUtils.java:logGet(43)) - raft.server.log.statemachine.data.sync.timeout.retry = -1 (default)
2019-10-16 21:01:17,814 [pool-27-thread-1] INFO  server.RaftServerConfigKeys (ConfUtils.java:logGet(43)) - raft.server.log.statemachine.data.sync.timeout.retry = -1 (default)
2019-10-16 21:01:17,815 [pool-37-thread-1] INFO  server.RaftServerConfigKeys (ConfUtils.java:logGet(43)) - raft.server.log.statemachine.data.caching.enabled = true (custom)
2019-10-16 21:01:17,815 [pool-27-thread-1] INFO  server.RaftServerConfigKeys (ConfUtils.java:logGet(43)) - raft.server.log.statemachine.data.caching.enabled = true (custom)
2019-10-16 21:01:17,815 [pool-37-thread-1] INFO  segmented.SegmentedRaftLogWorker (SegmentedRaftLogWorker.java:lambda$new$0(128)) - 4a03179f-3169-4ac7-a075-259968512ef0@group-83C26644CFDA-SegmentedRaftLogWorker: flushIndex: setUnconditionally 0 -> -1
2019-10-16 21:01:17,815 [pool-27-thread-1] INFO  segmented.SegmentedRaftLogWorker (SegmentedRaftLogWorker.java:lambda$new$0(128)) - 0aa3649f-570d-46c6-937f-492d7f3a8364@group-83C26644CFDA-SegmentedRaftLogWorker: flushIndex: setUnconditionally 0 -> -1
2019-10-16 21:01:17,815 [pool-37-thread-1] INFO  server.RaftServerConfigKeys (ConfUtils.java:logGet(43)) - raft.server.snapshot.auto.trigger.enabled = true (custom)
2019-10-16 21:01:17,815 [pool-27-thread-1] INFO  server.RaftServerConfigKeys (ConfUtils.java:logGet(43)) - raft.server.snapshot.auto.trigger.enabled = true (custom)
2019-10-16 21:01:17,815 [pool-37-thread-1] INFO  server.RaftServerConfigKeys (ConfUtils.java:logGet(43)) - raft.server.snapshot.auto.trigger.threshold = 10000 (custom)
2019-10-16 21:01:17,815 [pool-27-thread-1] INFO  server.RaftServerConfigKeys (ConfUtils.java:logGet(43)) - raft.server.snapshot.auto.trigger.threshold = 10000 (custom)
2019-10-16 21:01:17,815 [pool-37-thread-1] INFO  server.RaftServerConfigKeys (ConfUtils.java:logGet(43)) - raft.server.snapshot.retention.file.num = 5 (custom)
2019-10-16 21:01:17,815 [pool-27-thread-1] INFO  server.RaftServerConfigKeys (ConfUtils.java:logGet(43)) - raft.server.snapshot.retention.file.num = 5 (custom)
2019-10-16 21:01:17,815 [pool-37-thread-1] INFO  server.RaftServerConfigKeys (ConfUtils.java:logGet(43)) - raft.server.retrycache.expirytime = 600000ms (custom)
2019-10-16 21:01:17,816 [pool-27-thread-1] INFO  server.RaftServerConfigKeys (ConfUtils.java:logGet(43)) - raft.server.retrycache.expirytime = 600000ms (custom)
2019-10-16 21:01:17,817 [pool-47-thread-1] INFO  impl.RaftServerImpl (RaftServerImpl.java:start(195)) - 4b287a15-77af-487b-aef7-34d1d0ee189f@group-83C26644CFDA: start as a follower, conf=-1: [4b287a15-77af-487b-aef7-34d1d0ee189f:192.168.34.38:38597, 0aa3649f-570d-46c6-937f-492d7f3a8364:192.168.34.38:33209, 4a03179f-3169-4ac7-a075-259968512ef0:192.168.34.38:45833], old=null
2019-10-16 21:01:17,817 [pool-47-thread-1] INFO  impl.RaftServerImpl (RaftServerImpl.java:setRole(184)) - 4b287a15-77af-487b-aef7-34d1d0ee189f@group-83C26644CFDA: changes role from      null to FOLLOWER at term 0 for startAsFollower
2019-10-16 21:01:17,817 [pool-47-thread-1] INFO  impl.RoleInfo (RoleInfo.java:updateAndGet(143)) - 4b287a15-77af-487b-aef7-34d1d0ee189f: start FollowerState
2019-10-16 21:01:17,818 [pool-47-thread-1] INFO  util.JmxRegister (JmxRegister.java:tryRegister(44)) - Successfully registered JMX Bean with object name Ratis:service=RaftServer,group=group-83C26644CFDA,id=4b287a15-77af-487b-aef7-34d1d0ee189f
2019-10-16 21:01:17,818 [pool-37-thread-1] INFO  impl.RaftServerImpl (RaftServerImpl.java:start(195)) - 4a03179f-3169-4ac7-a075-259968512ef0@group-83C26644CFDA: start as a follower, conf=-1: [4b287a15-77af-487b-aef7-34d1d0ee189f:192.168.34.38:38597, 0aa3649f-570d-46c6-937f-492d7f3a8364:192.168.34.38:33209, 4a03179f-3169-4ac7-a075-259968512ef0:192.168.34.38:45833], old=null
2019-10-16 21:01:17,818 [pool-37-thread-1] INFO  impl.RaftServerImpl (RaftServerImpl.java:setRole(184)) - 4a03179f-3169-4ac7-a075-259968512ef0@group-83C26644CFDA: changes role from      null to FOLLOWER at term 0 for startAsFollower
2019-10-16 21:01:17,818 [pool-37-thread-1] INFO  impl.RoleInfo (RoleInfo.java:updateAndGet(143)) - 4a03179f-3169-4ac7-a075-259968512ef0: start FollowerState
2019-10-16 21:01:17,818 [pool-27-thread-1] INFO  impl.RaftServerImpl (RaftServerImpl.java:start(195)) - 0aa3649f-570d-46c6-937f-492d7f3a8364@group-83C26644CFDA: start as a follower, conf=-1: [4b287a15-77af-487b-aef7-34d1d0ee189f:192.168.34.38:38597, 0aa3649f-570d-46c6-937f-492d7f3a8364:192.168.34.38:33209, 4a03179f-3169-4ac7-a075-259968512ef0:192.168.34.38:45833], old=null
2019-10-16 21:01:17,818 [pool-27-thread-1] INFO  impl.RaftServerImpl (RaftServerImpl.java:setRole(184)) - 0aa3649f-570d-46c6-937f-492d7f3a8364@group-83C26644CFDA: changes role from      null to FOLLOWER at term 0 for startAsFollower
2019-10-16 21:01:17,819 [pool-37-thread-1] INFO  util.JmxRegister (JmxRegister.java:tryRegister(44)) - Successfully registered JMX Bean with object name Ratis:service=RaftServer,group=group-83C26644CFDA,id=4a03179f-3169-4ac7-a075-259968512ef0
2019-10-16 21:01:17,819 [pool-27-thread-1] INFO  impl.RoleInfo (RoleInfo.java:updateAndGet(143)) - 0aa3649f-570d-46c6-937f-492d7f3a8364: start FollowerState
2019-10-16 21:01:17,819 [pool-27-thread-1] INFO  util.JmxRegister (JmxRegister.java:tryRegister(44)) - Successfully registered JMX Bean with object name Ratis:service=RaftServer,group=group-83C26644CFDA,id=0aa3649f-570d-46c6-937f-492d7f3a8364
2019-10-16 21:01:17,828 [RatisPipelineUtilsThread] INFO  pipeline.PipelineStateManager (PipelineStateManager.java:addPipeline(57)) - Created pipeline Pipeline[ Id: 50962987-ac74-4c4b-8746-83c26644cfda, Nodes: 0aa3649f-570d-46c6-937f-492d7f3a8364{ip: 192.168.34.38, host: pr-hdds-1868-89kc4-1304904179, networkLocation: /default-rack, certSerialId: null}4b287a15-77af-487b-aef7-34d1d0ee189f{ip: 192.168.34.38, host: pr-hdds-1868-89kc4-1304904179, networkLocation: /default-rack, certSerialId: null}4a03179f-3169-4ac7-a075-259968512ef0{ip: 192.168.34.38, host: pr-hdds-1868-89kc4-1304904179, networkLocation: /default-rack, certSerialId: null}, Type:RATIS, Factor:THREE, State:ALLOCATED]
2019-10-16 21:01:17,880 [Thread-336] INFO  impl.FollowerState (FollowerState.java:run(108)) - 0aa3649f-570d-46c6-937f-492d7f3a8364@group-83C26644CFDA-FollowerState: change to CANDIDATE, lastRpcTime:61ms, electionTimeout:61ms
2019-10-16 21:01:17,880 [Thread-336] INFO  impl.RoleInfo (RoleInfo.java:shutdownFollowerState(121)) - 0aa3649f-570d-46c6-937f-492d7f3a8364: shutdown FollowerState
2019-10-16 21:01:17,880 [Thread-336] INFO  impl.RaftServerImpl (RaftServerImpl.java:setRole(184)) - 0aa3649f-570d-46c6-937f-492d7f3a8364@group-83C26644CFDA: changes role from  FOLLOWER to CANDIDATE at term 0 for changeToCandidate
2019-10-16 21:01:17,881 [Thread-336] INFO  impl.RoleInfo (RoleInfo.java:updateAndGet(143)) - 0aa3649f-570d-46c6-937f-492d7f3a8364: start LeaderElection
2019-10-16 21:01:17,890 [Thread-334] INFO  impl.FollowerState (FollowerState.java:run(108)) - 4b287a15-77af-487b-aef7-34d1d0ee189f@group-83C26644CFDA-FollowerState: change to CANDIDATE, lastRpcTime:72ms, electionTimeout:72ms
2019-10-16 21:01:17,891 [Thread-334] INFO  impl.RoleInfo (RoleInfo.java:shutdownFollowerState(121)) - 4b287a15-77af-487b-aef7-34d1d0ee189f: shutdown FollowerState
2019-10-16 21:01:17,891 [Thread-334] INFO  impl.RaftServerImpl (RaftServerImpl.java:setRole(184)) - 4b287a15-77af-487b-aef7-34d1d0ee189f@group-83C26644CFDA: changes role from  FOLLOWER to CANDIDATE at term 0 for changeToCandidate
2019-10-16 21:01:17,891 [Thread-334] INFO  impl.RoleInfo (RoleInfo.java:updateAndGet(143)) - 4b287a15-77af-487b-aef7-34d1d0ee189f: start LeaderElection
2019-10-16 21:01:17,897 [0aa3649f-570d-46c6-937f-492d7f3a8364@group-83C26644CFDA-LeaderElection19] INFO  impl.LeaderElection (LeaderElection.java:askForVotes(178)) - 0aa3649f-570d-46c6-937f-492d7f3a8364@group-83C26644CFDA-LeaderElection19: begin an election at term 1 for -1: [4b287a15-77af-487b-aef7-34d1d0ee189f:192.168.34.38:38597, 0aa3649f-570d-46c6-937f-492d7f3a8364:192.168.34.38:33209, 4a03179f-3169-4ac7-a075-259968512ef0:192.168.34.38:45833], old=null
2019-10-16 21:01:17,897 [4b287a15-77af-487b-aef7-34d1d0ee189f@group-83C26644CFDA-LeaderElection20] INFO  impl.LeaderElection (LeaderElection.java:askForVotes(178)) - 4b287a15-77af-487b-aef7-34d1d0ee189f@group-83C26644CFDA-LeaderElection20: begin an election at term 1 for -1: [4b287a15-77af-487b-aef7-34d1d0ee189f:192.168.34.38:38597, 0aa3649f-570d-46c6-937f-492d7f3a8364:192.168.34.38:33209, 4a03179f-3169-4ac7-a075-259968512ef0:192.168.34.38:45833], old=null
2019-10-16 21:01:17,907 [grpc-default-executor-2] INFO  impl.RaftServerImpl (RaftServerImpl.java:setRole(184)) - 4a03179f-3169-4ac7-a075-259968512ef0@group-83C26644CFDA: changes role from  FOLLOWER to FOLLOWER at term 1 for recognizeCandidate:0aa3649f-570d-46c6-937f-492d7f3a8364
2019-10-16 21:01:17,907 [grpc-default-executor-2] INFO  impl.RoleInfo (RoleInfo.java:shutdownFollowerState(121)) - 4a03179f-3169-4ac7-a075-259968512ef0: shutdown FollowerState
2019-10-16 21:01:17,908 [Thread-335] INFO  impl.FollowerState (FollowerState.java:run(117)) - 4a03179f-3169-4ac7-a075-259968512ef0@group-83C26644CFDA-FollowerState was interrupted: java.lang.InterruptedException: sleep interrupted
2019-10-16 21:01:17,908 [grpc-default-executor-2] INFO  impl.RoleInfo (RoleInfo.java:updateAndGet(143)) - 4a03179f-3169-4ac7-a075-259968512ef0: start FollowerState
2019-10-16 21:01:17,923 [0aa3649f-570d-46c6-937f-492d7f3a8364@group-83C26644CFDA-LeaderElection19] INFO  impl.LeaderElection (LeaderElection.java:logAndReturn(56)) - 0aa3649f-570d-46c6-937f-492d7f3a8364@group-83C26644CFDA-LeaderElection19: Election PASSED; received 2 response(s) [0aa3649f-570d-46c6-937f-492d7f3a8364<-4b287a15-77af-487b-aef7-34d1d0ee189f#0:FAIL-t1, 0aa3649f-570d-46c6-937f-492d7f3a8364<-4a03179f-3169-4ac7-a075-259968512ef0#0:OK-t1] and 0 exception(s); 0aa3649f-570d-46c6-937f-492d7f3a8364@group-83C26644CFDA:t1, leader=null, voted=0aa3649f-570d-46c6-937f-492d7f3a8364, raftlog=0aa3649f-570d-46c6-937f-492d7f3a8364@group-83C26644CFDA-SegmentedRaftLog:OPENED:c-1,f-1,i0, conf=-1: [4b287a15-77af-487b-aef7-34d1d0ee189f:192.168.34.38:38597, 0aa3649f-570d-46c6-937f-492d7f3a8364:192.168.34.38:33209, 4a03179f-3169-4ac7-a075-259968512ef0:192.168.34.38:45833], old=null
2019-10-16 21:01:17,923 [4b287a15-77af-487b-aef7-34d1d0ee189f@group-83C26644CFDA-LeaderElection20] INFO  impl.LeaderElection (LeaderElection.java:logAndReturn(56)) - 4b287a15-77af-487b-aef7-34d1d0ee189f@group-83C26644CFDA-LeaderElection20: Election REJECTED; received 2 response(s) [4b287a15-77af-487b-aef7-34d1d0ee189f<-0aa3649f-570d-46c6-937f-492d7f3a8364#0:FAIL-t1, 4b287a15-77af-487b-aef7-34d1d0ee189f<-4a03179f-3169-4ac7-a075-259968512ef0#0:FAIL-t1] and 0 exception(s); 4b287a15-77af-487b-aef7-34d1d0ee189f@group-83C26644CFDA:t1, leader=null, voted=4b287a15-77af-487b-aef7-34d1d0ee189f, raftlog=4b287a15-77af-487b-aef7-34d1d0ee189f@group-83C26644CFDA-SegmentedRaftLog:OPENED:c-1,f-1,i0, conf=-1: [4b287a15-77af-487b-aef7-34d1d0ee189f:192.168.34.38:38597, 0aa3649f-570d-46c6-937f-492d7f3a8364:192.168.34.38:33209, 4a03179f-3169-4ac7-a075-259968512ef0:192.168.34.38:45833], old=null
2019-10-16 21:01:17,923 [0aa3649f-570d-46c6-937f-492d7f3a8364@group-83C26644CFDA-LeaderElection19] INFO  impl.RoleInfo (RoleInfo.java:shutdownLeaderElection(134)) - 0aa3649f-570d-46c6-937f-492d7f3a8364: shutdown LeaderElection
2019-10-16 21:01:17,924 [4b287a15-77af-487b-aef7-34d1d0ee189f@group-83C26644CFDA-LeaderElection20] INFO  impl.RaftServerImpl (RaftServerImpl.java:setRole(184)) - 4b287a15-77af-487b-aef7-34d1d0ee189f@group-83C26644CFDA: changes role from CANDIDATE to FOLLOWER at term 1 for DISCOVERED_A_NEW_TERM
2019-10-16 21:01:17,925 [0aa3649f-570d-46c6-937f-492d7f3a8364@group-83C26644CFDA-LeaderElection19] INFO  impl.RaftServerImpl (RaftServerImpl.java:setRole(184)) - 0aa3649f-570d-46c6-937f-492d7f3a8364@group-83C26644CFDA: changes role from CANDIDATE to LEADER at term 1 for changeToLeader
2019-10-16 21:01:17,925 [4b287a15-77af-487b-aef7-34d1d0ee189f@group-83C26644CFDA-LeaderElection20] INFO  impl.RoleInfo (RoleInfo.java:shutdownLeaderElection(134)) - 4b287a15-77af-487b-aef7-34d1d0ee189f: shutdown LeaderElection
2019-10-16 21:01:17,925 [0aa3649f-570d-46c6-937f-492d7f3a8364@group-83C26644CFDA-LeaderElection19] INFO  ratis.XceiverServerRatis (XceiverServerRatis.java:handleLeaderChangedNotification(700)) - Leader change notification received for group: group-83C26644CFDA with new leaderId: 0aa3649f-570d-46c6-937f-492d7f3a8364
2019-10-16 21:01:17,925 [4b287a15-77af-487b-aef7-34d1d0ee189f@group-83C26644CFDA-LeaderElection20] INFO  impl.RoleInfo (RoleInfo.java:updateAndGet(143)) - 4b287a15-77af-487b-aef7-34d1d0ee189f: start FollowerState
2019-10-16 21:01:17,925 [0aa3649f-570d-46c6-937f-492d7f3a8364@group-83C26644CFDA-LeaderElection19] INFO  impl.RaftServerImpl (ServerState.java:setLeader(256)) - 0aa3649f-570d-46c6-937f-492d7f3a8364@group-83C26644CFDA: change Leader from null to 0aa3649f-570d-46c6-937f-492d7f3a8364 at term 1 for becomeLeader, leader elected after 115ms
2019-10-16 21:01:17,925 [0aa3649f-570d-46c6-937f-492d7f3a8364@group-83C26644CFDA-LeaderElection19] INFO  server.RaftServerConfigKeys (ConfUtils.java:logGet(43)) - raft.server.staging.catchup.gap = 1000 (default)
2019-10-16 21:01:17,925 [0aa3649f-570d-46c6-937f-492d7f3a8364@group-83C26644CFDA-LeaderElection19] INFO  server.RaftServerConfigKeys (ConfUtils.java:logGet(43)) - raft.server.rpc.sleep.time = 25ms (default)
2019-10-16 21:01:17,926 [0aa3649f-570d-46c6-937f-492d7f3a8364@group-83C26644CFDA-LeaderElection19] INFO  server.RaftServerConfigKeys (ConfUtils.java:logGet(43)) - raft.server.write.element-limit = 4096 (default)
2019-10-16 21:01:17,926 [0aa3649f-570d-46c6-937f-492d7f3a8364@group-83C26644CFDA-LeaderElection19] INFO  server.RaftServerConfigKeys (ConfUtils.java:logGet(43)) - raft.server.watch.timeout = 10s (default)
2019-10-16 21:01:17,926 [0aa3649f-570d-46c6-937f-492d7f3a8364@group-83C26644CFDA-LeaderElection19] INFO  server.RaftServerConfigKeys (ConfUtils.java:logGet(43)) - raft.server.watch.timeout.denomination = 1s (default)
2019-10-16 21:01:17,926 [0aa3649f-570d-46c6-937f-492d7f3a8364@group-83C26644CFDA-LeaderElection19] INFO  server.RaftServerConfigKeys (ConfUtils.java:logGet(43)) - raft.server.watch.element-limit = 65536 (default)
2019-10-16 21:01:17,926 [EventQueue-PipelineReportForPipelineReportHandler] INFO  pipeline.PipelineReportHandler (PipelineReportHandler.java:processPipelineReport(119)) - Pipeline PipelineID=50962987-ac74-4c4b-8746-83c26644cfda reported by 0aa3649f-570d-46c6-937f-492d7f3a8364{ip: 192.168.34.38, host: pr-hdds-1868-89kc4-1304904179, networkLocation: /default-rack, certSerialId: null} with leaderId 0aa3649f-570d-46c6-937f-492d7f3a8364
2019-10-16 21:01:17,928 [0aa3649f-570d-46c6-937f-492d7f3a8364@group-83C26644CFDA-LeaderElection19] INFO  server.RaftServerConfigKeys (ConfUtils.java:logGet(43)) - raft.server.log.appender.snapshot.chunk.size.max = 16MB (=16777216) (default)
2019-10-16 21:01:17,928 [0aa3649f-570d-46c6-937f-492d7f3a8364@group-83C26644CFDA-LeaderElection19] INFO  server.RaftServerConfigKeys (ConfUtils.java:logGet(43)) - raft.server.log.appender.buffer.byte-limit = 33554432 (custom)
2019-10-16 21:01:17,929 [0aa3649f-570d-46c6-937f-492d7f3a8364@group-83C26644CFDA-LeaderElection19] INFO  server.RaftServerConfigKeys (ConfUtils.java:logGet(43)) - raft.server.log.appender.buffer.element-limit = 1 (custom)
2019-10-16 21:01:17,929 [0aa3649f-570d-46c6-937f-492d7f3a8364@group-83C26644CFDA-LeaderElection19] INFO  grpc.GrpcConfigKeys$Server (ConfUtils.java:logGet(43)) - raft.grpc.server.leader.outstanding.appends.max = 128 (default)
2019-10-16 21:01:17,929 [0aa3649f-570d-46c6-937f-492d7f3a8364@group-83C26644CFDA-LeaderElection19] INFO  server.RaftServerConfigKeys (ConfUtils.java:logGet(43)) - raft.server.rpc.request.timeout = 3000ms (default)
2019-10-16 21:01:17,929 [0aa3649f-570d-46c6-937f-492d7f3a8364@group-83C26644CFDA-LeaderElection19] INFO  server.RaftServerConfigKeys (ConfUtils.java:logGet(43)) - raft.server.log.appender.install.snapshot.enabled = false (custom)
2019-10-16 21:01:17,931 [0aa3649f-570d-46c6-937f-492d7f3a8364@group-83C26644CFDA-LeaderElection19] INFO  server.RaftServerConfigKeys (ConfUtils.java:logGet(43)) - raft.server.log.appender.snapshot.chunk.size.max = 16MB (=16777216) (default)
2019-10-16 21:01:17,931 [0aa3649f-570d-46c6-937f-492d7f3a8364@group-83C26644CFDA-LeaderElection19] INFO  server.RaftServerConfigKeys (ConfUtils.java:logGet(43)) - raft.server.log.appender.buffer.byte-limit = 33554432 (custom)
2019-10-16 21:01:17,931 [0aa3649f-570d-46c6-937f-492d7f3a8364@group-83C26644CFDA-LeaderElection19] INFO  server.RaftServerConfigKeys (ConfUtils.java:logGet(43)) - raft.server.log.appender.buffer.element-limit = 1 (custom)
2019-10-16 21:01:17,931 [0aa3649f-570d-46c6-937f-492d7f3a8364@group-83C26644CFDA-LeaderElection19] INFO  grpc.GrpcConfigKeys$Server (ConfUtils.java:logGet(43)) - raft.grpc.server.leader.outstanding.appends.max = 128 (default)
2019-10-16 21:01:17,932 [0aa3649f-570d-46c6-937f-492d7f3a8364@group-83C26644CFDA-LeaderElection19] INFO  server.RaftServerConfigKeys (ConfUtils.java:logGet(43)) - raft.server.rpc.request.timeout = 3000ms (default)
2019-10-16 21:01:17,932 [0aa3649f-570d-46c6-937f-492d7f3a8364@group-83C26644CFDA-LeaderElection19] INFO  server.RaftServerConfigKeys (ConfUtils.java:logGet(43)) - raft.server.log.appender.install.snapshot.enabled = false (custom)
2019-10-16 21:01:17,933 [0aa3649f-570d-46c6-937f-492d7f3a8364@group-83C26644CFDA-LeaderElection19] INFO  impl.RoleInfo (RoleInfo.java:updateAndGet(143)) - 0aa3649f-570d-46c6-937f-492d7f3a8364: start LeaderState
2019-10-16 21:01:17,934 [0aa3649f-570d-46c6-937f-492d7f3a8364@group-83C26644CFDA-LeaderElection19] INFO  segmented.SegmentedRaftLogWorker (SegmentedRaftLogWorker.java:startLogSegment(385)) - 0aa3649f-570d-46c6-937f-492d7f3a8364@group-83C26644CFDA-SegmentedRaftLogWorker: Starting segment from index:0
2019-10-16 21:01:17,934 [0aa3649f-570d-46c6-937f-492d7f3a8364@group-83C26644CFDA-LeaderElection19] INFO  impl.RaftServerImpl (ServerState.java:setRaftConf(357)) - 0aa3649f-570d-46c6-937f-492d7f3a8364@group-83C26644CFDA: set configuration 0: [4b287a15-77af-487b-aef7-34d1d0ee189f:192.168.34.38:38597, 0aa3649f-570d-46c6-937f-492d7f3a8364:192.168.34.38:33209, 4a03179f-3169-4ac7-a075-259968512ef0:192.168.34.38:45833], old=null at 0
2019-10-16 21:01:17,956 [Thread-350] INFO  impl.FollowerState (FollowerState.java:run(108)) - 4b287a15-77af-487b-aef7-34d1d0ee189f@group-83C26644CFDA-FollowerState: change to CANDIDATE, lastRpcTime:30ms, electionTimeout:16ms
2019-10-16 21:01:17,956 [Thread-350] INFO  impl.RoleInfo (RoleInfo.java:shutdownFollowerState(121)) - 4b287a15-77af-487b-aef7-34d1d0ee189f: shutdown FollowerState
2019-10-16 21:01:17,956 [Thread-350] INFO  impl.RaftServerImpl (RaftServerImpl.java:setRole(184)) - 4b287a15-77af-487b-aef7-34d1d0ee189f@group-83C26644CFDA: changes role from  FOLLOWER to CANDIDATE at term 1 for changeToCandidate
2019-10-16 21:01:17,957 [Thread-350] INFO  impl.RoleInfo (RoleInfo.java:updateAndGet(143)) - 4b287a15-77af-487b-aef7-34d1d0ee189f: start LeaderElection
2019-10-16 21:01:17,959 [grpc-default-executor-3] INFO  ratis.XceiverServerRatis (XceiverServerRatis.java:handleLeaderChangedNotification(700)) - Leader change notification received for group: group-83C26644CFDA with new leaderId: 0aa3649f-570d-46c6-937f-492d7f3a8364
2019-10-16 21:01:17,959 [grpc-default-executor-3] INFO  impl.RaftServerImpl (ServerState.java:setLeader(256)) - 4a03179f-3169-4ac7-a075-259968512ef0@group-83C26644CFDA: change Leader from null to 0aa3649f-570d-46c6-937f-492d7f3a8364 at term 1 for appendEntries, leader elected after 149ms
2019-10-16 21:01:17,960 [EventQueue-PipelineReportForPipelineReportHandler] INFO  pipeline.PipelineReportHandler (PipelineReportHandler.java:processPipelineReport(119)) - Pipeline PipelineID=50962987-ac74-4c4b-8746-83c26644cfda reported by 4a03179f-3169-4ac7-a075-259968512ef0{ip: 192.168.34.38, host: pr-hdds-1868-89kc4-1304904179, networkLocation: /default-rack, certSerialId: null} with leaderId 0aa3649f-570d-46c6-937f-492d7f3a8364
2019-10-16 21:01:17,965 [0aa3649f-570d-46c6-937f-492d7f3a8364@group-83C26644CFDA-SegmentedRaftLogWorker] INFO  segmented.SegmentedRaftLogWorker (SegmentedRaftLogWorker.java:execute(576)) - 0aa3649f-570d-46c6-937f-492d7f3a8364@group-83C26644CFDA-SegmentedRaftLogWorker: created new log segment /workdir/hadoop-ozone/integration-test/target/test-dir/MiniOzoneClusterImpl-c59fee7e-17c5-4f17-b61a-b44f1b433ee8/datanode-0/data/ratis/50962987-ac74-4c4b-8746-83c26644cfda/current/log_inprogress_0
2019-10-16 21:01:17,965 [4b287a15-77af-487b-aef7-34d1d0ee189f@group-83C26644CFDA-LeaderElection21] INFO  impl.LeaderElection (LeaderElection.java:askForVotes(178)) - 4b287a15-77af-487b-aef7-34d1d0ee189f@group-83C26644CFDA-LeaderElection21: begin an election at term 2 for -1: [4b287a15-77af-487b-aef7-34d1d0ee189f:192.168.34.38:38597, 0aa3649f-570d-46c6-937f-492d7f3a8364:192.168.34.38:33209, 4a03179f-3169-4ac7-a075-259968512ef0:192.168.34.38:45833], old=null
2019-10-16 21:01:17,967 [Thread-351] INFO  impl.RaftServerImpl (ServerState.java:setLeader(256)) - 0aa3649f-570d-46c6-937f-492d7f3a8364@group-83C26644CFDA: change Leader from 0aa3649f-570d-46c6-937f-492d7f3a8364 to null at term 2 for updateCurrentTerm
2019-10-16 21:01:17,967 [Thread-351] INFO  impl.RaftServerImpl (RaftServerImpl.java:setRole(184)) - 0aa3649f-570d-46c6-937f-492d7f3a8364@group-83C26644CFDA: changes role from    LEADER to FOLLOWER at term 2 for stepDown
2019-10-16 21:01:17,967 [Thread-351] INFO  impl.RoleInfo (RoleInfo.java:shutdownLeaderState(104)) - 0aa3649f-570d-46c6-937f-492d7f3a8364: shutdown LeaderState
2019-10-16 21:01:17,968 [org.apache.ratis.server.impl.LogAppender$AppenderDaemon$$Lambda$422/1898645143@67452f6e] WARN  server.GrpcLogAppender (GrpcLogAppender.java:mayWait(149)) - 0aa3649f-570d-46c6-937f-492d7f3a8364@group-83C26644CFDA->4b287a15-77af-487b-aef7-34d1d0ee189f-GrpcLogAppender: Wait interrupted by java.lang.InterruptedException
2019-10-16 21:01:17,969 [org.apache.ratis.server.impl.LogAppender$AppenderDaemon$$Lambda$422/1898645143@56e8ea19] WARN  server.GrpcLogAppender (GrpcLogAppender.java:mayWait(149)) - 0aa3649f-570d-46c6-937f-492d7f3a8364@group-83C26644CFDA->4a03179f-3169-4ac7-a075-259968512ef0-GrpcLogAppender: Wait interrupted by java.lang.InterruptedException
2019-10-16 21:01:17,970 [Thread-351] INFO  impl.PendingRequests (PendingRequests.java:sendNotLeaderResponses(202)) - 0aa3649f-570d-46c6-937f-492d7f3a8364@group-83C26644CFDA-PendingRequests: sendNotLeaderResponses
2019-10-16 21:01:17,970 [grpc-default-executor-0] INFO  server.GrpcServerProtocolService (GrpcServerProtocolService.java:onCompleted(113)) - 4b287a15-77af-487b-aef7-34d1d0ee189f: Completed APPEND_ENTRIES, lastRequest: 0aa3649f-570d-46c6-937f-492d7f3a8364->4b287a15-77af-487b-aef7-34d1d0ee189f#0-t1, previous=(t:0, i:0), leaderCommit=-1, initializing? false, entries: <empty>
2019-10-16 21:01:17,970 [Thread-351] INFO  impl.RoleInfo (RoleInfo.java:updateAndGet(143)) - 0aa3649f-570d-46c6-937f-492d7f3a8364: start FollowerState
2019-10-16 21:01:17,970 [grpc-default-executor-2] INFO  impl.RaftServerImpl (ServerState.java:setRaftConf(357)) - 4a03179f-3169-4ac7-a075-259968512ef0@group-83C26644CFDA: set configuration 0: [4b287a15-77af-487b-aef7-34d1d0ee189f:192.168.34.38:38597, 0aa3649f-570d-46c6-937f-492d7f3a8364:192.168.34.38:33209, 4a03179f-3169-4ac7-a075-259968512ef0:192.168.34.38:45833], old=null at 0
2019-10-16 21:01:17,971 [grpc-default-executor-3] INFO  impl.RaftServerImpl (ServerState.java:setLeader(256)) - 4a03179f-3169-4ac7-a075-259968512ef0@group-83C26644CFDA: change Leader from 0aa3649f-570d-46c6-937f-492d7f3a8364 to null at term 2 for updateCurrentTerm
2019-10-16 21:01:17,971 [grpc-default-executor-2] INFO  segmented.SegmentedRaftLogWorker (SegmentedRaftLogWorker.java:startLogSegment(385)) - 4a03179f-3169-4ac7-a075-259968512ef0@group-83C26644CFDA-SegmentedRaftLogWorker: Starting segment from index:0
2019-10-16 21:01:17,971 [grpc-default-executor-0] INFO  server.GrpcLogAppender (GrpcLogAppender.java:onCompleted(308)) - 0aa3649f-570d-46c6-937f-492d7f3a8364@group-83C26644CFDA->4b287a15-77af-487b-aef7-34d1d0ee189f-AppendLogResponseHandler: follower responses appendEntries COMPLETED
2019-10-16 21:01:17,971 [grpc-default-executor-3] INFO  impl.RaftServerImpl (RaftServerImpl.java:setRole(184)) - 4a03179f-3169-4ac7-a075-259968512ef0@group-83C26644CFDA: changes role from  FOLLOWER to FOLLOWER at term 2 for recognizeCandidate:4b287a15-77af-487b-aef7-34d1d0ee189f
2019-10-16 21:01:17,972 [grpc-default-executor-3] INFO  impl.RoleInfo (RoleInfo.java:shutdownFollowerState(121)) - 4a03179f-3169-4ac7-a075-259968512ef0: shutdown FollowerState
2019-10-16 21:01:17,972 [grpc-default-executor-3] INFO  impl.RoleInfo (RoleInfo.java:updateAndGet(143)) - 4a03179f-3169-4ac7-a075-259968512ef0: start FollowerState
2019-10-16 21:01:17,972 [Thread-349] INFO  impl.FollowerState (FollowerState.java:run(117)) - 4a03179f-3169-4ac7-a075-259968512ef0@group-83C26644CFDA-FollowerState was interrupted: java.lang.InterruptedException: sleep interrupted
2019-10-16 21:01:17,973 [grpc-default-executor-0] INFO  impl.FollowerInfo (FollowerInfo.java:lambda$new$0(51)) - 0aa3649f-570d-46c6-937f-492d7f3a8364@group-83C26644CFDA->4b287a15-77af-487b-aef7-34d1d0ee189f: nextIndex: updateUnconditionally 0 -> 0
2019-10-16 21:01:17,973 [grpc-default-executor-2] INFO  server.GrpcServerProtocolService (GrpcServerProtocolService.java:onCompleted(113)) - 4a03179f-3169-4ac7-a075-259968512ef0: Completed APPEND_ENTRIES, lastRequest: 0aa3649f-570d-46c6-937f-492d7f3a8364->4a03179f-3169-4ac7-a075-259968512ef0#1-t1, previous=(t:0, i:0), leaderCommit=-1, initializing? false, entries: size=1, first=(t:1, i:0), CONFIGURATIONENTRY
2019-10-16 21:01:17,974 [grpc-default-executor-2] INFO  server.GrpcLogAppender (GrpcLogAppender.java:onCompleted(308)) - 0aa3649f-570d-46c6-937f-492d7f3a8364@group-83C26644CFDA->4a03179f-3169-4ac7-a075-259968512ef0-AppendLogResponseHandler: follower responses appendEntries COMPLETED
2019-10-16 21:01:17,995 [grpc-default-executor-1] INFO  impl.RaftServerImpl (RaftServerImpl.java:setRole(184)) - 0aa3649f-570d-46c6-937f-492d7f3a8364@group-83C26644CFDA: changes role from  FOLLOWER to FOLLOWER at term 2 for recognizeCandidate:4b287a15-77af-487b-aef7-34d1d0ee189f
2019-10-16 21:01:17,995 [grpc-default-executor-1] INFO  impl.RoleInfo (RoleInfo.java:shutdownFollowerState(121)) - 0aa3649f-570d-46c6-937f-492d7f3a8364: shutdown FollowerState
2019-10-16 21:01:17,995 [Thread-360] INFO  impl.FollowerState (FollowerState.java:run(117)) - 0aa3649f-570d-46c6-937f-492d7f3a8364@group-83C26644CFDA-FollowerState was interrupted: java.lang.InterruptedException: sleep interrupted
2019-10-16 21:01:17,995 [grpc-default-executor-1] INFO  impl.RoleInfo (RoleInfo.java:updateAndGet(143)) - 0aa3649f-570d-46c6-937f-492d7f3a8364: start FollowerState
2019-10-16 21:01:17,995 [grpc-default-executor-2] INFO  impl.FollowerInfo (FollowerInfo.java:lambda$new$0(51)) - 0aa3649f-570d-46c6-937f-492d7f3a8364@group-83C26644CFDA->4a03179f-3169-4ac7-a075-259968512ef0: nextIndex: updateUnconditionally 1 -> 0
2019-10-16 21:01:17,997 [4b287a15-77af-487b-aef7-34d1d0ee189f@group-83C26644CFDA-LeaderElection21] INFO  impl.LeaderElection (LeaderElection.java:logAndReturn(56)) - 4b287a15-77af-487b-aef7-34d1d0ee189f@group-83C26644CFDA-LeaderElection21: Election REJECTED; received 2 response(s) [4b287a15-77af-487b-aef7-34d1d0ee189f<-0aa3649f-570d-46c6-937f-492d7f3a8364#0:FAIL-t2, 4b287a15-77af-487b-aef7-34d1d0ee189f<-4a03179f-3169-4ac7-a075-259968512ef0#0:FAIL-t2] and 0 exception(s); 4b287a15-77af-487b-aef7-34d1d0ee189f@group-83C26644CFDA:t2, leader=null, voted=4b287a15-77af-487b-aef7-34d1d0ee189f, raftlog=4b287a15-77af-487b-aef7-34d1d0ee189f@group-83C26644CFDA-SegmentedRaftLog:OPENED:c-1,f-1,i0, conf=-1: [4b287a15-77af-487b-aef7-34d1d0ee189f:192.168.34.38:38597, 0aa3649f-570d-46c6-937f-492d7f3a8364:192.168.34.38:33209, 4a03179f-3169-4ac7-a075-259968512ef0:192.168.34.38:45833], old=null
2019-10-16 21:01:17,997 [4b287a15-77af-487b-aef7-34d1d0ee189f@group-83C26644CFDA-LeaderElection21] INFO  impl.RaftServerImpl (RaftServerImpl.java:setRole(184)) - 4b287a15-77af-487b-aef7-34d1d0ee189f@group-83C26644CFDA: changes role from CANDIDATE to FOLLOWER at term 2 for DISCOVERED_A_NEW_TERM
2019-10-16 21:01:17,997 [4b287a15-77af-487b-aef7-34d1d0ee189f@group-83C26644CFDA-LeaderElection21] INFO  impl.RoleInfo (RoleInfo.java:shutdownLeaderElection(134)) - 4b287a15-77af-487b-aef7-34d1d0ee189f: shutdown LeaderElection
2019-10-16 21:01:17,997 [4b287a15-77af-487b-aef7-34d1d0ee189f@group-83C26644CFDA-LeaderElection21] INFO  impl.RoleInfo (RoleInfo.java:updateAndGet(143)) - 4b287a15-77af-487b-aef7-34d1d0ee189f: start FollowerState
2019-10-16 21:01:18,016 [4a03179f-3169-4ac7-a075-259968512ef0@group-83C26644CFDA-SegmentedRaftLogWorker] INFO  segmented.SegmentedRaftLogWorker (SegmentedRaftLogWorker.java:execute(576)) - 4a03179f-3169-4ac7-a075-259968512ef0@group-83C26644CFDA-SegmentedRaftLogWorker: created new log segment /workdir/hadoop-ozone/integration-test/target/test-dir/MiniOzoneClusterImpl-c59fee7e-17c5-4f17-b61a-b44f1b433ee8/datanode-1/data/ratis/50962987-ac74-4c4b-8746-83c26644cfda/current/log_inprogress_0
2019-10-16 21:01:18,155 [Thread-363] INFO  impl.FollowerState (FollowerState.java:run(108)) - 4b287a15-77af-487b-aef7-34d1d0ee189f@group-83C26644CFDA-FollowerState: change to CANDIDATE, lastRpcTime:157ms, electionTimeout:157ms
2019-10-16 21:01:18,155 [Thread-363] INFO  impl.RoleInfo (RoleInfo.java:shutdownFollowerState(121)) - 4b287a15-77af-487b-aef7-34d1d0ee189f: shutdown FollowerState
2019-10-16 21:01:18,155 [Thread-363] INFO  impl.RaftServerImpl (RaftServerImpl.java:setRole(184)) - 4b287a15-77af-487b-aef7-34d1d0ee189f@group-83C26644CFDA: changes role from  FOLLOWER to CANDIDATE at term 2 for changeToCandidate
2019-10-16 21:01:18,155 [Thread-363] INFO  impl.RoleInfo (RoleInfo.java:updateAndGet(143)) - 4b287a15-77af-487b-aef7-34d1d0ee189f: start LeaderElection
2019-10-16 21:01:18,169 [4b287a15-77af-487b-aef7-34d1d0ee189f@group-83C26644CFDA-LeaderElection22] INFO  impl.LeaderElection (LeaderElection.java:askForVotes(178)) - 4b287a15-77af-487b-aef7-34d1d0ee189f@group-83C26644CFDA-LeaderElection22: begin an election at term 3 for -1: [4b287a15-77af-487b-aef7-34d1d0ee189f:192.168.34.38:38597, 0aa3649f-570d-46c6-937f-492d7f3a8364:192.168.34.38:33209, 4a03179f-3169-4ac7-a075-259968512ef0:192.168.34.38:45833], old=null
2019-10-16 21:01:18,172 [grpc-default-executor-2] INFO  impl.RaftServerImpl (RaftServerImpl.java:setRole(184)) - 4a03179f-3169-4ac7-a075-259968512ef0@group-83C26644CFDA: changes role from  FOLLOWER to FOLLOWER at term 3 for recognizeCandidate:4b287a15-77af-487b-aef7-34d1d0ee189f
2019-10-16 21:01:18,172 [grpc-default-executor-1] INFO  impl.RaftServerImpl (RaftServerImpl.java:setRole(184)) - 0aa3649f-570d-46c6-937f-492d7f3a8364@group-83C26644CFDA: changes role from  FOLLOWER to FOLLOWER at term 3 for recognizeCandidate:4b287a15-77af-487b-aef7-34d1d0ee189f
2019-10-16 21:01:18,172 [grpc-default-executor-2] INFO  impl.RoleInfo (RoleInfo.java:shutdownFollowerState(121)) - 4a03179f-3169-4ac7-a075-259968512ef0: shutdown FollowerState
2019-10-16 21:01:18,172 [grpc-default-executor-1] INFO  impl.RoleInfo (RoleInfo.java:shutdownFollowerState(121)) - 0aa3649f-570d-46c6-937f-492d7f3a8364: shutdown FollowerState
2019-10-16 21:01:18,172 [grpc-default-executor-2] INFO  impl.RoleInfo (RoleInfo.java:updateAndGet(143)) - 4a03179f-3169-4ac7-a075-259968512ef0: start FollowerState
2019-10-16 21:01:18,172 [grpc-default-executor-1] INFO  impl.RoleInfo (RoleInfo.java:updateAndGet(143)) - 0aa3649f-570d-46c6-937f-492d7f3a8364: start FollowerState
2019-10-16 21:01:18,173 [Thread-362] INFO  impl.FollowerState (FollowerState.java:run(117)) - 0aa3649f-570d-46c6-937f-492d7f3a8364@group-83C26644CFDA-FollowerState was interrupted: java.lang.InterruptedException: sleep interrupted
2019-10-16 21:01:18,172 [Thread-361] INFO  impl.FollowerState (FollowerState.java:run(117)) - 4a03179f-3169-4ac7-a075-259968512ef0@group-83C26644CFDA-FollowerState was interrupted: java.lang.InterruptedException: sleep interrupted
2019-10-16 21:01:18,188 [4b287a15-77af-487b-aef7-34d1d0ee189f@group-83C26644CFDA-LeaderElection22] INFO  impl.LeaderElection (LeaderElection.java:logAndReturn(56)) - 4b287a15-77af-487b-aef7-34d1d0ee189f@group-83C26644CFDA-LeaderElection22: Election REJECTED; received 2 response(s) [4b287a15-77af-487b-aef7-34d1d0ee189f<-0aa3649f-570d-46c6-937f-492d7f3a8364#0:FAIL-t3, 4b287a15-77af-487b-aef7-34d1d0ee189f<-4a03179f-3169-4ac7-a075-259968512ef0#0:FAIL-t3] and 0 exception(s); 4b287a15-77af-487b-aef7-34d1d0ee189f@group-83C26644CFDA:t3, leader=null, voted=4b287a15-77af-487b-aef7-34d1d0ee189f, raftlog=4b287a15-77af-487b-aef7-34d1d0ee189f@group-83C26644CFDA-SegmentedRaftLog:OPENED:c-1,f-1,i0, conf=-1: [4b287a15-77af-487b-aef7-34d1d0ee189f:192.168.34.38:38597, 0aa3649f-570d-46c6-937f-492d7f3a8364:192.168.34.38:33209, 4a03179f-3169-4ac7-a075-259968512ef0:192.168.34.38:45833], old=null
2019-10-16 21:01:18,188 [4b287a15-77af-487b-aef7-34d1d0ee189f@group-83C26644CFDA-LeaderElection22] INFO  impl.RaftServerImpl (RaftServerImpl.java:setRole(184)) - 4b287a15-77af-487b-aef7-34d1d0ee189f@group-83C26644CFDA: changes role from CANDIDATE to FOLLOWER at term 3 for DISCOVERED_A_NEW_TERM
2019-10-16 21:01:18,188 [4b287a15-77af-487b-aef7-34d1d0ee189f@group-83C26644CFDA-LeaderElection22] INFO  impl.RoleInfo (RoleInfo.java:shutdownLeaderElection(134)) - 4b287a15-77af-487b-aef7-34d1d0ee189f: shutdown LeaderElection
2019-10-16 21:01:18,188 [4b287a15-77af-487b-aef7-34d1d0ee189f@group-83C26644CFDA-LeaderElection22] INFO  impl.RoleInfo (RoleInfo.java:updateAndGet(143)) - 4b287a15-77af-487b-aef7-34d1d0ee189f: start FollowerState
2019-10-16 21:01:18,302 [Thread-370] INFO  impl.FollowerState (FollowerState.java:run(108)) - 4b287a15-77af-487b-aef7-34d1d0ee189f@group-83C26644CFDA-FollowerState: change to CANDIDATE, lastRpcTime:114ms, electionTimeout:114ms
2019-10-16 21:01:18,307 [Thread-370] INFO  impl.RoleInfo (RoleInfo.java:shutdownFollowerState(121)) - 4b287a15-77af-487b-aef7-34d1d0ee189f: shutdown FollowerState
2019-10-16 21:01:18,307 [Thread-370] INFO  impl.RaftServerImpl (RaftServerImpl.java:setRole(184)) - 4b287a15-77af-487b-aef7-34d1d0ee189f@group-83C26644CFDA: changes role from  FOLLOWER to CANDIDATE at term 3 for changeToCandidate
2019-10-16 21:01:18,307 [Thread-370] INFO  impl.RoleInfo (RoleInfo.java:updateAndGet(143)) - 4b287a15-77af-487b-aef7-34d1d0ee189f: start LeaderElection
2019-10-16 21:01:18,326 [4b287a15-77af-487b-aef7-34d1d0ee189f@group-83C26644CFDA-LeaderElection23] INFO  impl.LeaderElection (LeaderElection.java:askForVotes(178)) - 4b287a15-77af-487b-aef7-34d1d0ee189f@group-83C26644CFDA-LeaderElection23: begin an election at term 4 for -1: [4b287a15-77af-487b-aef7-34d1d0ee189f:192.168.34.38:38597, 0aa3649f-570d-46c6-937f-492d7f3a8364:192.168.34.38:33209, 4a03179f-3169-4ac7-a075-259968512ef0:192.168.34.38:45833], old=null
2019-10-16 21:01:18,330 [4b287a15-77af-487b-aef7-34d1d0ee189f@group-83C26644CFDA-LeaderElection23] INFO  impl.LeaderElection (LeaderElection.java:logAndReturn(56)) - 4b287a15-77af-487b-aef7-34d1d0ee189f@group-83C26644CFDA-LeaderElection23: Election TIMEOUT; received 0 response(s) [] and 0 exception(s); 4b287a15-77af-487b-aef7-34d1d0ee189f@group-83C26644CFDA:t4, leader=null, voted=4b287a15-77af-487b-aef7-34d1d0ee189f, raftlog=4b287a15-77af-487b-aef7-34d1d0ee189f@group-83C26644CFDA-SegmentedRaftLog:OPENED:c-1,f-1,i0, conf=-1: [4b287a15-77af-487b-aef7-34d1d0ee189f:192.168.34.38:38597, 0aa3649f-570d-46c6-937f-492d7f3a8364:192.168.34.38:33209, 4a03179f-3169-4ac7-a075-259968512ef0:192.168.34.38:45833], old=null
2019-10-16 21:01:18,343 [main] INFO  ozone.MiniOzoneClusterImpl (MiniOzoneClusterImpl.java:lambda$waitForClusterToBeReady$2(164)) - Waiting for 1 number of pipelines out of 4, to report a leader.
2019-10-16 21:01:18,345 [grpc-default-executor-1] INFO  impl.RaftServerImpl (RaftServerImpl.java:setRole(184)) - 0aa3649f-570d-46c6-937f-492d7f3a8364@group-83C26644CFDA: changes role from  FOLLOWER to FOLLOWER at term 4 for recognizeCandidate:4b287a15-77af-487b-aef7-34d1d0ee189f
2019-10-16 21:01:18,346 [grpc-default-executor-1] INFO  impl.RoleInfo (RoleInfo.java:shutdownFollowerState(121)) - 0aa3649f-570d-46c6-937f-492d7f3a8364: shutdown FollowerState
2019-10-16 21:01:18,346 [grpc-default-executor-2] INFO  impl.RaftServerImpl (RaftServerImpl.java:setRole(184)) - 4a03179f-3169-4ac7-a075-259968512ef0@group-83C26644CFDA: changes role from  FOLLOWER to FOLLOWER at term 4 for recognizeCandidate:4b287a15-77af-487b-aef7-34d1d0ee189f
2019-10-16 21:01:18,348 [grpc-default-executor-1] INFO  impl.RoleInfo (RoleInfo.java:updateAndGet(143)) - 0aa3649f-570d-46c6-937f-492d7f3a8364: start FollowerState
2019-10-16 21:01:18,348 [Thread-369] INFO  impl.FollowerState (FollowerState.java:run(117)) - 0aa3649f-570d-46c6-937f-492d7f3a8364@group-83C26644CFDA-FollowerState was interrupted: java.lang.InterruptedException: sleep interrupted
2019-10-16 21:01:18,348 [grpc-default-executor-2] INFO  impl.RoleInfo (RoleInfo.java:shutdownFollowerState(121)) - 4a03179f-3169-4ac7-a075-259968512ef0: shutdown FollowerState
2019-10-16 21:01:18,348 [Thread-368] INFO  impl.FollowerState (FollowerState.java:run(117)) - 4a03179f-3169-4ac7-a075-259968512ef0@group-83C26644CFDA-FollowerState was interrupted: java.lang.InterruptedException: sleep interrupted
2019-10-16 21:01:18,348 [grpc-default-executor-2] INFO  impl.RoleInfo (RoleInfo.java:updateAndGet(143)) - 4a03179f-3169-4ac7-a075-259968512ef0: start FollowerState
2019-10-16 21:01:18,352 [4b287a15-77af-487b-aef7-34d1d0ee189f@group-83C26644CFDA-LeaderElection23] INFO  impl.LeaderElection (LeaderElection.java:askForVotes(178)) - 4b287a15-77af-487b-aef7-34d1d0ee189f@group-83C26644CFDA-LeaderElection23: begin an election at term 5 for -1: [4b287a15-77af-487b-aef7-34d1d0ee189f:192.168.34.38:38597, 0aa3649f-570d-46c6-937f-492d7f3a8364:192.168.34.38:33209, 4a03179f-3169-4ac7-a075-259968512ef0:192.168.34.38:45833], old=null
2019-10-16 21:01:18,354 [grpc-default-executor-2] INFO  impl.RaftServerImpl (RaftServerImpl.java:setRole(184)) - 4a03179f-3169-4ac7-a075-259968512ef0@group-83C26644CFDA: changes role from  FOLLOWER to FOLLOWER at term 5 for recognizeCandidate:4b287a15-77af-487b-aef7-34d1d0ee189f
2019-10-16 21:01:18,354 [grpc-default-executor-2] INFO  impl.RoleInfo (RoleInfo.java:shutdownFollowerState(121)) - 4a03179f-3169-4ac7-a075-259968512ef0: shutdown FollowerState
2019-10-16 21:01:18,354 [grpc-default-executor-1] INFO  impl.RaftServerImpl (RaftServerImpl.java:setRole(184)) - 0aa3649f-570d-46c6-937f-492d7f3a8364@group-83C26644CFDA: changes role from  FOLLOWER to FOLLOWER at term 5 for recognizeCandidate:4b287a15-77af-487b-aef7-34d1d0ee189f
2019-10-16 21:01:18,354 [grpc-default-executor-2] INFO  impl.RoleInfo (RoleInfo.java:updateAndGet(143)) - 4a03179f-3169-4ac7-a075-259968512ef0: start FollowerState
2019-10-16 21:01:18,354 [Thread-375] INFO  impl.FollowerState (FollowerState.java:run(117)) - 4a03179f-3169-4ac7-a075-259968512ef0@group-83C26644CFDA-FollowerState was interrupted: java.lang.InterruptedException: sleep interrupted
2019-10-16 21:01:18,354 [grpc-default-executor-1] INFO  impl.RoleInfo (RoleInfo.java:shutdownFollowerState(121)) - 0aa3649f-570d-46c6-937f-492d7f3a8364: shutdown FollowerState
2019-10-16 21:01:18,355 [grpc-default-executor-1] INFO  impl.RoleInfo (RoleInfo.java:updateAndGet(143)) - 0aa3649f-570d-46c6-937f-492d7f3a8364: start FollowerState
2019-10-16 21:01:18,355 [Thread-374] INFO  impl.FollowerState (FollowerState.java:run(117)) - 0aa3649f-570d-46c6-937f-492d7f3a8364@group-83C26644CFDA-FollowerState was interrupted: java.lang.InterruptedException: sleep interrupted
2019-10-16 21:01:18,369 [4b287a15-77af-487b-aef7-34d1d0ee189f@group-83C26644CFDA-LeaderElection23] INFO  impl.LeaderElection (LeaderElection.java:logAndReturn(56)) - 4b287a15-77af-487b-aef7-34d1d0ee189f@group-83C26644CFDA-LeaderElection23: Election REJECTED; received 2 response(s) [4b287a15-77af-487b-aef7-34d1d0ee189f<-0aa3649f-570d-46c6-937f-492d7f3a8364#0:FAIL-t5, 4b287a15-77af-487b-aef7-34d1d0ee189f<-4a03179f-3169-4ac7-a075-259968512ef0#0:FAIL-t5] and 0 exception(s); 4b287a15-77af-487b-aef7-34d1d0ee189f@group-83C26644CFDA:t5, leader=null, voted=4b287a15-77af-487b-aef7-34d1d0ee189f, raftlog=4b287a15-77af-487b-aef7-34d1d0ee189f@group-83C26644CFDA-SegmentedRaftLog:OPENED:c-1,f-1,i0, conf=-1: [4b287a15-77af-487b-aef7-34d1d0ee189f:192.168.34.38:38597, 0aa3649f-570d-46c6-937f-492d7f3a8364:192.168.34.38:33209, 4a03179f-3169-4ac7-a075-259968512ef0:192.168.34.38:45833], old=null
2019-10-16 21:01:18,369 [4b287a15-77af-487b-aef7-34d1d0ee189f@group-83C26644CFDA-LeaderElection23] INFO  impl.RaftServerImpl (RaftServerImpl.java:setRole(184)) - 4b287a15-77af-487b-aef7-34d1d0ee189f@group-83C26644CFDA: changes role from CANDIDATE to FOLLOWER at term 5 for DISCOVERED_A_NEW_TERM
2019-10-16 21:01:18,369 [4b287a15-77af-487b-aef7-34d1d0ee189f@group-83C26644CFDA-LeaderElection23] INFO  impl.RoleInfo (RoleInfo.java:shutdownLeaderElection(134)) - 4b287a15-77af-487b-aef7-34d1d0ee189f: shutdown LeaderElection
2019-10-16 21:01:18,370 [4b287a15-77af-487b-aef7-34d1d0ee189f@group-83C26644CFDA-LeaderElection23] INFO  impl.RoleInfo (RoleInfo.java:updateAndGet(143)) - 4b287a15-77af-487b-aef7-34d1d0ee189f: start FollowerState
2019-10-16 21:01:18,488 [Thread-380] INFO  impl.FollowerState (FollowerState.java:run(108)) - 4b287a15-77af-487b-aef7-34d1d0ee189f@group-83C26644CFDA-FollowerState: change to CANDIDATE, lastRpcTime:118ms, electionTimeout:118ms
2019-10-16 21:01:18,489 [Thread-380] INFO  impl.RoleInfo (RoleInfo.java:shutdownFollowerState(121)) - 4b287a15-77af-487b-aef7-34d1d0ee189f: shutdown FollowerState
2019-10-16 21:01:18,489 [Thread-380] INFO  impl.RaftServerImpl (RaftServerImpl.java:setRole(184)) - 4b287a15-77af-487b-aef7-34d1d0ee189f@group-83C26644CFDA: changes role from  FOLLOWER to CANDIDATE at term 5 for changeToCandidate
2019-10-16 21:01:18,489 [Thread-380] INFO  impl.RoleInfo (RoleInfo.java:updateAndGet(143)) - 4b287a15-77af-487b-aef7-34d1d0ee189f: start LeaderElection
2019-10-16 21:01:18,504 [4b287a15-77af-487b-aef7-34d1d0ee189f@group-83C26644CFDA-LeaderElection24] INFO  impl.LeaderElection (LeaderElection.java:askForVotes(178)) - 4b287a15-77af-487b-aef7-34d1d0ee189f@group-83C26644CFDA-LeaderElection24: begin an election at term 6 for -1: [4b287a15-77af-487b-aef7-34d1d0ee189f:192.168.34.38:38597, 0aa3649f-570d-46c6-937f-492d7f3a8364:192.168.34.38:33209, 4a03179f-3169-4ac7-a075-259968512ef0:192.168.34.38:45833], old=null
2019-10-16 21:01:18,507 [grpc-default-executor-2] INFO  impl.RaftServerImpl (RaftServerImpl.java:setRole(184)) - 0aa3649f-570d-46c6-937f-492d7f3a8364@group-83C26644CFDA: changes role from  FOLLOWER to FOLLOWER at term 6 for recognizeCandidate:4b287a15-77af-487b-aef7-34d1d0ee189f
2019-10-16 21:01:18,507 [grpc-default-executor-1] INFO  impl.RaftServerImpl (RaftServerImpl.java:setRole(184)) - 4a03179f-3169-4ac7-a075-259968512ef0@group-83C26644CFDA: changes role from  FOLLOWER to FOLLOWER at term 6 for recognizeCandidate:4b287a15-77af-487b-aef7-34d1d0ee189f
2019-10-16 21:01:18,507 [grpc-default-executor-2] INFO  impl.RoleInfo (RoleInfo.java:shutdownFollowerState(121)) - 0aa3649f-570d-46c6-937f-492d7f3a8364: shutdown FollowerState
2019-10-16 21:01:18,507 [grpc-default-executor-1] INFO  impl.RoleInfo (RoleInfo.java:shutdownFollowerState(121)) - 4a03179f-3169-4ac7-a075-259968512ef0: shutdown FollowerState
2019-10-16 21:01:18,508 [grpc-default-executor-2] INFO  impl.RoleInfo (RoleInfo.java:updateAndGet(143)) - 0aa3649f-570d-46c6-937f-492d7f3a8364: start FollowerState
2019-10-16 21:01:18,508 [Thread-379] INFO  impl.FollowerState (FollowerState.java:run(117)) - 0aa3649f-570d-46c6-937f-492d7f3a8364@group-83C26644CFDA-FollowerState was interrupted: java.lang.InterruptedException: sleep interrupted
2019-10-16 21:01:18,508 [Thread-378] INFO  impl.FollowerState (FollowerState.java:run(117)) - 4a03179f-3169-4ac7-a075-259968512ef0@group-83C26644CFDA-FollowerState was interrupted: java.lang.InterruptedException: sleep interrupted
2019-10-16 21:01:18,508 [grpc-default-executor-1] INFO  impl.RoleInfo (RoleInfo.java:updateAndGet(143)) - 4a03179f-3169-4ac7-a075-259968512ef0: start FollowerState
2019-10-16 21:01:18,523 [4b287a15-77af-487b-aef7-34d1d0ee189f@group-83C26644CFDA-LeaderElection24] INFO  impl.LeaderElection (LeaderElection.java:logAndReturn(56)) - 4b287a15-77af-487b-aef7-34d1d0ee189f@group-83C26644CFDA-LeaderElection24: Election REJECTED; received 2 response(s) [4b287a15-77af-487b-aef7-34d1d0ee189f<-0aa3649f-570d-46c6-937f-492d7f3a8364#0:FAIL-t6, 4b287a15-77af-487b-aef7-34d1d0ee189f<-4a03179f-3169-4ac7-a075-259968512ef0#0:FAIL-t6] and 0 exception(s); 4b287a15-77af-487b-aef7-34d1d0ee189f@group-83C26644CFDA:t6, leader=null, voted=4b287a15-77af-487b-aef7-34d1d0ee189f, raftlog=4b287a15-77af-487b-aef7-34d1d0ee189f@group-83C26644CFDA-SegmentedRaftLog:OPENED:c-1,f-1,i0, conf=-1: [4b287a15-77af-487b-aef7-34d1d0ee189f:192.168.34.38:38597, 0aa3649f-570d-46c6-937f-492d7f3a8364:192.168.34.38:33209, 4a03179f-3169-4ac7-a075-259968512ef0:192.168.34.38:45833], old=null
2019-10-16 21:01:18,523 [4b287a15-77af-487b-aef7-34d1d0ee189f@group-83C26644CFDA-LeaderElection24] INFO  impl.RaftServerImpl (RaftServerImpl.java:setRole(184)) - 4b287a15-77af-487b-aef7-34d1d0ee189f@group-83C26644CFDA: changes role from CANDIDATE to FOLLOWER at term 6 for DISCOVERED_A_NEW_TERM
2019-10-16 21:01:18,524 [4b287a15-77af-487b-aef7-34d1d0ee189f@group-83C26644CFDA-LeaderElection24] INFO  impl.RoleInfo (RoleInfo.java:shutdownLeaderElection(134)) - 4b287a15-77af-487b-aef7-34d1d0ee189f: shutdown LeaderElection
2019-10-16 21:01:18,524 [4b287a15-77af-487b-aef7-34d1d0ee189f@group-83C26644CFDA-LeaderElection24] INFO  impl.RoleInfo (RoleInfo.java:updateAndGet(143)) - 4b287a15-77af-487b-aef7-34d1d0ee189f: start FollowerState
2019-10-16 21:01:18,597 [Thread-386] INFO  impl.FollowerState (FollowerState.java:run(108)) - 4b287a15-77af-487b-aef7-34d1d0ee189f@group-83C26644CFDA-FollowerState: change to CANDIDATE, lastRpcTime:73ms, electionTimeout:73ms
2019-10-16 21:01:18,598 [Thread-386] INFO  impl.RoleInfo (RoleInfo.java:shutdownFollowerState(121)) - 4b287a15-77af-487b-aef7-34d1d0ee189f: shutdown FollowerState
2019-10-16 21:01:18,598 [Thread-386] INFO  impl.RaftServerImpl (RaftServerImpl.java:setRole(184)) - 4b287a15-77af-487b-aef7-34d1d0ee189f@group-83C26644CFDA: changes role from  FOLLOWER to CANDIDATE at term 6 for changeToCandidate
2019-10-16 21:01:18,599 [Thread-386] INFO  impl.RoleInfo (RoleInfo.java:updateAndGet(143)) - 4b287a15-77af-487b-aef7-34d1d0ee189f: start LeaderElection
2019-10-16 21:01:18,612 [4b287a15-77af-487b-aef7-34d1d0ee189f@group-83C26644CFDA-LeaderElection25] INFO  impl.LeaderElection (LeaderElection.java:askForVotes(178)) - 4b287a15-77af-487b-aef7-34d1d0ee189f@group-83C26644CFDA-LeaderElection25: begin an election at term 7 for -1: [4b287a15-77af-487b-aef7-34d1d0ee189f:192.168.34.38:38597, 0aa3649f-570d-46c6-937f-492d7f3a8364:192.168.34.38:33209, 4a03179f-3169-4ac7-a075-259968512ef0:192.168.34.38:45833], old=null
2019-10-16 21:01:18,615 [grpc-default-executor-2] INFO  impl.RaftServerImpl (RaftServerImpl.java:setRole(184)) - 0aa3649f-570d-46c6-937f-492d7f3a8364@group-83C26644CFDA: changes role from  FOLLOWER to FOLLOWER at term 7 for recognizeCandidate:4b287a15-77af-487b-aef7-34d1d0ee189f
2019-10-16 21:01:18,615 [grpc-default-executor-2] INFO  impl.RoleInfo (RoleInfo.java:shutdownFollowerState(121)) - 0aa3649f-570d-46c6-937f-492d7f3a8364: shutdown FollowerState
2019-10-16 21:01:18,615 [grpc-default-executor-1] INFO  impl.RaftServerImpl (RaftServerImpl.java:setRole(184)) - 4a03179f-3169-4ac7-a075-259968512ef0@group-83C26644CFDA: changes role from  FOLLOWER to FOLLOWER at term 7 for recognizeCandidate:4b287a15-77af-487b-aef7-34d1d0ee189f
2019-10-16 21:01:18,615 [grpc-default-executor-2] INFO  impl.RoleInfo (RoleInfo.java:updateAndGet(143)) - 0aa3649f-570d-46c6-937f-492d7f3a8364: start FollowerState
2019-10-16 21:01:18,615 [Thread-384] INFO  impl.FollowerState (FollowerState.java:run(117)) - 0aa3649f-570d-46c6-937f-492d7f3a8364@group-83C26644CFDA-FollowerState was interrupted: java.lang.InterruptedException: sleep interrupted
2019-10-16 21:01:18,616 [grpc-default-executor-1] INFO  impl.RoleInfo (RoleInfo.java:shutdownFollowerState(121)) - 4a03179f-3169-4ac7-a075-259968512ef0: shutdown FollowerState
2019-10-16 21:01:18,616 [Thread-385] INFO  impl.FollowerState (FollowerState.java:run(117)) - 4a03179f-3169-4ac7-a075-259968512ef0@group-83C26644CFDA-FollowerState was interrupted: java.lang.InterruptedException: sleep interrupted
2019-10-16 21:01:18,616 [grpc-default-executor-1] INFO  impl.RoleInfo (RoleInfo.java:updateAndGet(143)) - 4a03179f-3169-4ac7-a075-259968512ef0: start FollowerState
2019-10-16 21:01:18,630 [4b287a15-77af-487b-aef7-34d1d0ee189f@group-83C26644CFDA-LeaderElection25] INFO  impl.LeaderElection (LeaderElection.java:logAndReturn(56)) - 4b287a15-77af-487b-aef7-34d1d0ee189f@group-83C26644CFDA-LeaderElection25: Election REJECTED; received 2 response(s) [4b287a15-77af-487b-aef7-34d1d0ee189f<-0aa3649f-570d-46c6-937f-492d7f3a8364#0:FAIL-t7, 4b287a15-77af-487b-aef7-34d1d0ee189f<-4a03179f-3169-4ac7-a075-259968512ef0#0:FAIL-t7] and 0 exception(s); 4b287a15-77af-487b-aef7-34d1d0ee189f@group-83C26644CFDA:t7, leader=null, voted=4b287a15-77af-487b-aef7-34d1d0ee189f, raftlog=4b287a15-77af-487b-aef7-34d1d0ee189f@group-83C26644CFDA-SegmentedRaftLog:OPENED:c-1,f-1,i0, conf=-1: [4b287a15-77af-487b-aef7-34d1d0ee189f:192.168.34.38:38597, 0aa3649f-570d-46c6-937f-492d7f3a8364:192.168.34.38:33209, 4a03179f-3169-4ac7-a075-259968512ef0:192.168.34.38:45833], old=null
2019-10-16 21:01:18,631 [4b287a15-77af-487b-aef7-34d1d0ee189f@group-83C26644CFDA-LeaderElection25] INFO  impl.RaftServerImpl (RaftServerImpl.java:setRole(184)) - 4b287a15-77af-487b-aef7-34d1d0ee189f@group-83C26644CFDA: changes role from CANDIDATE to FOLLOWER at term 7 for DISCOVERED_A_NEW_TERM
2019-10-16 21:01:18,631 [4b287a15-77af-487b-aef7-34d1d0ee189f@group-83C26644CFDA-LeaderElection25] INFO  impl.RoleInfo (RoleInfo.java:shutdownLeaderElection(134)) - 4b287a15-77af-487b-aef7-34d1d0ee189f: shutdown LeaderElection
2019-10-16 21:01:18,631 [4b287a15-77af-487b-aef7-34d1d0ee189f@group-83C26644CFDA-LeaderElection25] INFO  impl.RoleInfo (RoleInfo.java:updateAndGet(143)) - 4b287a15-77af-487b-aef7-34d1d0ee189f: start FollowerState
2019-10-16 21:01:18,822 [Thread-392] INFO  impl.FollowerState (FollowerState.java:run(108)) - 4b287a15-77af-487b-aef7-34d1d0ee189f@group-83C26644CFDA-FollowerState: change to CANDIDATE, lastRpcTime:190ms, electionTimeout:190ms
2019-10-16 21:01:18,823 [Thread-392] INFO  impl.RoleInfo (RoleInfo.java:shutdownFollowerState(121)) - 4b287a15-77af-487b-aef7-34d1d0ee189f: shutdown FollowerState
2019-10-16 21:01:18,823 [Thread-392] INFO  impl.RaftServerImpl (RaftServerImpl.java:setRole(184)) - 4b287a15-77af-487b-aef7-34d1d0ee189f@group-83C26644CFDA: changes role from  FOLLOWER to CANDIDATE at term 7 for changeToCandidate
2019-10-16 21:01:18,824 [Thread-392] INFO  impl.RoleInfo (RoleInfo.java:updateAndGet(143)) - 4b287a15-77af-487b-aef7-34d1d0ee189f: start LeaderElection
2019-10-16 21:01:18,837 [4b287a15-77af-487b-aef7-34d1d0ee189f@group-83C26644CFDA-LeaderElection26] INFO  impl.LeaderElection (LeaderElection.java:askForVotes(178)) - 4b287a15-77af-487b-aef7-34d1d0ee189f@group-83C26644CFDA-LeaderElection26: begin an election at term 8 for -1: [4b287a15-77af-487b-aef7-34d1d0ee189f:192.168.34.38:38597, 0aa3649f-570d-46c6-937f-492d7f3a8364:192.168.34.38:33209, 4a03179f-3169-4ac7-a075-259968512ef0:192.168.34.38:45833], old=null
2019-10-16 21:01:18,841 [grpc-default-executor-1] INFO  impl.RaftServerImpl (RaftServerImpl.java:setRole(184)) - 4a03179f-3169-4ac7-a075-259968512ef0@group-83C26644CFDA: changes role from  FOLLOWER to FOLLOWER at term 8 for recognizeCandidate:4b287a15-77af-487b-aef7-34d1d0ee189f
2019-10-16 21:01:18,841 [grpc-default-executor-2] INFO  impl.RaftServerImpl (RaftServerImpl.java:setRole(184)) - 0aa3649f-570d-46c6-937f-492d7f3a8364@group-83C26644CFDA: changes role from  FOLLOWER to FOLLOWER at term 8 for recognizeCandidate:4b287a15-77af-487b-aef7-34d1d0ee189f
2019-10-16 21:01:18,841 [grpc-default-executor-1] INFO  impl.RoleInfo (RoleInfo.java:shutdownFollowerState(121)) - 4a03179f-3169-4ac7-a075-259968512ef0: shutdown FollowerState
2019-10-16 21:01:18,841 [grpc-default-executor-2] INFO  impl.RoleInfo (RoleInfo.java:shutdownFollowerState(121)) - 0aa3649f-570d-46c6-937f-492d7f3a8364: shutdown FollowerState
2019-10-16 21:01:18,842 [Thread-391] INFO  impl.FollowerState (FollowerState.java:run(117)) - 4a03179f-3169-4ac7-a075-259968512ef0@group-83C26644CFDA-FollowerState was interrupted: java.lang.InterruptedException: sleep interrupted
2019-10-16 21:01:18,842 [Thread-390] INFO  impl.FollowerState (FollowerState.java:run(117)) - 0aa3649f-570d-46c6-937f-492d7f3a8364@group-83C26644CFDA-FollowerState was interrupted: java.lang.InterruptedException: sleep interrupted
2019-10-16 21:01:18,842 [grpc-default-executor-1] INFO  impl.RoleInfo (RoleInfo.java:updateAndGet(143)) - 4a03179f-3169-4ac7-a075-259968512ef0: start FollowerState
2019-10-16 21:01:18,842 [grpc-default-executor-2] INFO  impl.RoleInfo (RoleInfo.java:updateAndGet(143)) - 0aa3649f-570d-46c6-937f-492d7f3a8364: start FollowerState
2019-10-16 21:01:18,848 [4b287a15-77af-487b-aef7-34d1d0ee189f@group-83C26644CFDA-LeaderElection26] INFO  impl.LeaderElection (LeaderElection.java:logAndReturn(56)) - 4b287a15-77af-487b-aef7-34d1d0ee189f@group-83C26644CFDA-LeaderElection26: Election TIMEOUT; received 0 response(s) [] and 0 exception(s); 4b287a15-77af-487b-aef7-34d1d0ee189f@group-83C26644CFDA:t8, leader=null, voted=4b287a15-77af-487b-aef7-34d1d0ee189f, raftlog=4b287a15-77af-487b-aef7-34d1d0ee189f@group-83C26644CFDA-SegmentedRaftLog:OPENED:c-1,f-1,i0, conf=-1: [4b287a15-77af-487b-aef7-34d1d0ee189f:192.168.34.38:38597, 0aa3649f-570d-46c6-937f-492d7f3a8364:192.168.34.38:33209, 4a03179f-3169-4ac7-a075-259968512ef0:192.168.34.38:45833], old=null
2019-10-16 21:01:18,856 [4b287a15-77af-487b-aef7-34d1d0ee189f@group-83C26644CFDA-LeaderElection26] INFO  impl.LeaderElection (LeaderElection.java:askForVotes(178)) - 4b287a15-77af-487b-aef7-34d1d0ee189f@group-83C26644CFDA-LeaderElection26: begin an election at term 9 for -1: [4b287a15-77af-487b-aef7-34d1d0ee189f:192.168.34.38:38597, 0aa3649f-570d-46c6-937f-492d7f3a8364:192.168.34.38:33209, 4a03179f-3169-4ac7-a075-259968512ef0:192.168.34.38:45833], old=null
2019-10-16 21:01:18,859 [grpc-default-executor-2] INFO  impl.RaftServerImpl (RaftServerImpl.java:setRole(184)) - 4a03179f-3169-4ac7-a075-259968512ef0@group-83C26644CFDA: changes role from  FOLLOWER to FOLLOWER at term 9 for recognizeCandidate:4b287a15-77af-487b-aef7-34d1d0ee189f
2019-10-16 21:01:18,860 [grpc-default-executor-2] INFO  impl.RoleInfo (RoleInfo.java:shutdownFollowerState(121)) - 4a03179f-3169-4ac7-a075-259968512ef0: shutdown FollowerState
2019-10-16 21:01:18,860 [grpc-default-executor-2] INFO  impl.RoleInfo (RoleInfo.java:updateAndGet(143)) - 4a03179f-3169-4ac7-a075-259968512ef0: start FollowerState
2019-10-16 21:01:18,860 [Thread-396] INFO  impl.FollowerState (FollowerState.java:run(117)) - 4a03179f-3169-4ac7-a075-259968512ef0@group-83C26644CFDA-FollowerState was interrupted: java.lang.InterruptedException: sleep interrupted
2019-10-16 21:01:18,860 [grpc-default-executor-1] INFO  impl.RaftServerImpl (RaftServerImpl.java:setRole(184)) - 0aa3649f-570d-46c6-937f-492d7f3a8364@group-83C26644CFDA: changes role from  FOLLOWER to FOLLOWER at term 9 for recognizeCandidate:4b287a15-77af-487b-aef7-34d1d0ee189f
2019-10-16 21:01:18,860 [grpc-default-executor-1] INFO  impl.RoleInfo (RoleInfo.java:shutdownFollowerState(121)) - 0aa3649f-570d-46c6-937f-492d7f3a8364: shutdown FollowerState
2019-10-16 21:01:18,861 [grpc-default-executor-1] INFO  impl.RoleInfo (RoleInfo.java:updateAndGet(143)) - 0aa3649f-570d-46c6-937f-492d7f3a8364: start FollowerState
2019-10-16 21:01:18,861 [Thread-397] INFO  impl.FollowerState (FollowerState.java:run(117)) - 0aa3649f-570d-46c6-937f-492d7f3a8364@group-83C26644CFDA-FollowerState was interrupted: java.lang.InterruptedException: sleep interrupted
2019-10-16 21:01:18,866 [4b287a15-77af-487b-aef7-34d1d0ee189f@group-83C26644CFDA-LeaderElection26] INFO  impl.LeaderElection (LeaderElection.java:logAndReturn(56)) - 4b287a15-77af-487b-aef7-34d1d0ee189f@group-83C26644CFDA-LeaderElection26: Election REJECTED; received 2 response(s) [4b287a15-77af-487b-aef7-34d1d0ee189f<-0aa3649f-570d-46c6-937f-492d7f3a8364#0:FAIL-t9, 4b287a15-77af-487b-aef7-34d1d0ee189f<-4a03179f-3169-4ac7-a075-259968512ef0#0:FAIL-t9] and 0 exception(s); 4b287a15-77af-487b-aef7-34d1d0ee189f@group-83C26644CFDA:t9, leader=null, voted=4b287a15-77af-487b-aef7-34d1d0ee189f, raftlog=4b287a15-77af-487b-aef7-34d1d0ee189f@group-83C26644CFDA-SegmentedRaftLog:OPENED:c-1,f-1,i0, conf=-1: [4b287a15-77af-487b-aef7-34d1d0ee189f:192.168.34.38:38597, 0aa3649f-570d-46c6-937f-492d7f3a8364:192.168.34.38:33209, 4a03179f-3169-4ac7-a075-259968512ef0:192.168.34.38:45833], old=null
2019-10-16 21:01:18,866 [4b287a15-77af-487b-aef7-34d1d0ee189f@group-83C26644CFDA-LeaderElection26] INFO  impl.RaftServerImpl (RaftServerImpl.java:setRole(184)) - 4b287a15-77af-487b-aef7-34d1d0ee189f@group-83C26644CFDA: changes role from CANDIDATE to FOLLOWER at term 9 for DISCOVERED_A_NEW_TERM
2019-10-16 21:01:18,866 [4b287a15-77af-487b-aef7-34d1d0ee189f@group-83C26644CFDA-LeaderElection26] INFO  impl.RoleInfo (RoleInfo.java:shutdownLeaderElection(134)) - 4b287a15-77af-487b-aef7-34d1d0ee189f: shutdown LeaderElection
2019-10-16 21:01:18,866 [4b287a15-77af-487b-aef7-34d1d0ee189f@group-83C26644CFDA-LeaderElection26] INFO  impl.RoleInfo (RoleInfo.java:updateAndGet(143)) - 4b287a15-77af-487b-aef7-34d1d0ee189f: start FollowerState
2019-10-16 21:01:18,993 [Thread-402] INFO  impl.FollowerState (FollowerState.java:run(108)) - 4b287a15-77af-487b-aef7-34d1d0ee189f@group-83C26644CFDA-FollowerState: change to CANDIDATE, lastRpcTime:126ms, electionTimeout:126ms
2019-10-16 21:01:18,994 [Thread-402] INFO  impl.RoleInfo (RoleInfo.java:shutdownFollowerState(121)) - 4b287a15-77af-487b-aef7-34d1d0ee189f: shutdown FollowerState
2019-10-16 21:01:18,994 [Thread-402] INFO  impl.RaftServerImpl (RaftServerImpl.java:setRole(184)) - 4b287a15-77af-487b-aef7-34d1d0ee189f@group-83C26644CFDA: changes role from  FOLLOWER to CANDIDATE at term 9 for changeToCandidate
2019-10-16 21:01:18,994 [Thread-402] INFO  impl.RoleInfo (RoleInfo.java:updateAndGet(143)) - 4b287a15-77af-487b-aef7-34d1d0ee189f: start LeaderElection
2019-10-16 21:01:19,009 [4b287a15-77af-487b-aef7-34d1d0ee189f@group-83C26644CFDA-LeaderElection27] INFO  impl.LeaderElection (LeaderElection.java:askForVotes(178)) - 4b287a15-77af-487b-aef7-34d1d0ee189f@group-83C26644CFDA-LeaderElection27: begin an election at term 10 for -1: [4b287a15-77af-487b-aef7-34d1d0ee189f:192.168.34.38:38597, 0aa3649f-570d-46c6-937f-492d7f3a8364:192.168.34.38:33209, 4a03179f-3169-4ac7-a075-259968512ef0:192.168.34.38:45833], old=null
2019-10-16 21:01:19,012 [grpc-default-executor-1] INFO  impl.RaftServerImpl (RaftServerImpl.java:setRole(184)) - 0aa3649f-570d-46c6-937f-492d7f3a8364@group-83C26644CFDA: changes role from  FOLLOWER to FOLLOWER at term 10 for recognizeCandidate:4b287a15-77af-487b-aef7-34d1d0ee189f
2019-10-16 21:01:19,012 [grpc-default-executor-2] INFO  impl.RaftServerImpl (RaftServerImpl.java:setRole(184)) - 4a03179f-3169-4ac7-a075-259968512ef0@group-83C26644CFDA: changes role from  FOLLOWER to FOLLOWER at term 10 for recognizeCandidate:4b287a15-77af-487b-aef7-34d1d0ee189f
2019-10-16 21:01:19,012 [grpc-default-executor-1] INFO  impl.RoleInfo (RoleInfo.java:shutdownFollowerState(121)) - 0aa3649f-570d-46c6-937f-492d7f3a8364: shutdown FollowerState
2019-10-16 21:01:19,012 [grpc-default-executor-2] INFO  impl.RoleInfo (RoleInfo.java:shutdownFollowerState(121)) - 4a03179f-3169-4ac7-a075-259968512ef0: shutdown FollowerState
2019-10-16 21:01:19,013 [Thread-401] INFO  impl.FollowerState (FollowerState.java:run(117)) - 0aa3649f-570d-46c6-937f-492d7f3a8364@group-83C26644CFDA-FollowerState was interrupted: java.lang.InterruptedException: sleep interrupted
2019-10-16 21:01:19,013 [grpc-default-executor-2] INFO  impl.RoleInfo (RoleInfo.java:updateAndGet(143)) - 4a03179f-3169-4ac7-a075-259968512ef0: start FollowerState
2019-10-16 21:01:19,013 [Thread-400] INFO  impl.FollowerState (FollowerState.java:run(117)) - 4a03179f-3169-4ac7-a075-259968512ef0@group-83C26644CFDA-FollowerState was interrupted: java.lang.InterruptedException: sleep interrupted
2019-10-16 21:01:19,013 [grpc-default-executor-1] INFO  impl.RoleInfo (RoleInfo.java:updateAndGet(143)) - 0aa3649f-570d-46c6-937f-492d7f3a8364: start FollowerState
2019-10-16 21:01:19,033 [4b287a15-77af-487b-aef7-34d1d0ee189f@group-83C26644CFDA-LeaderElection27] INFO  impl.LeaderElection (LeaderElection.java:logAndReturn(56)) - 4b287a15-77af-487b-aef7-34d1d0ee189f@group-83C26644CFDA-LeaderElection27: Election REJECTED; received 2 response(s) [4b287a15-77af-487b-aef7-34d1d0ee189f<-0aa3649f-570d-46c6-937f-492d7f3a8364#0:FAIL-t10, 4b287a15-77af-487b-aef7-34d1d0ee189f<-4a03179f-3169-4ac7-a075-259968512ef0#0:FAIL-t10] and 0 exception(s); 4b287a15-77af-487b-aef7-34d1d0ee189f@group-83C26644CFDA:t10, leader=null, voted=4b287a15-77af-487b-aef7-34d1d0ee189f, raftlog=4b287a15-77af-487b-aef7-34d1d0ee189f@group-83C26644CFDA-SegmentedRaftLog:OPENED:c-1,f-1,i0, conf=-1: [4b287a15-77af-487b-aef7-34d1d0ee189f:192.168.34.38:38597, 0aa3649f-570d-46c6-937f-492d7f3a8364:192.168.34.38:33209, 4a03179f-3169-4ac7-a075-259968512ef0:192.168.34.38:45833], old=null
2019-10-16 21:01:19,035 [4b287a15-77af-487b-aef7-34d1d0ee189f@group-83C26644CFDA-LeaderElection27] INFO  impl.RaftServerImpl (RaftServerImpl.java:setRole(184)) - 4b287a15-77af-487b-aef7-34d1d0ee189f@group-83C26644CFDA: changes role from CANDIDATE to FOLLOWER at term 10 for DISCOVERED_A_NEW_TERM
2019-10-16 21:01:19,035 [4b287a15-77af-487b-aef7-34d1d0ee189f@group-83C26644CFDA-LeaderElection27] INFO  impl.RoleInfo (RoleInfo.java:shutdownLeaderElection(134)) - 4b287a15-77af-487b-aef7-34d1d0ee189f: shutdown LeaderElection
2019-10-16 21:01:19,035 [4b287a15-77af-487b-aef7-34d1d0ee189f@group-83C26644CFDA-LeaderElection27] INFO  impl.RoleInfo (RoleInfo.java:updateAndGet(143)) - 4b287a15-77af-487b-aef7-34d1d0ee189f: start FollowerState
2019-10-16 21:01:19,226 [Thread-411] INFO  impl.FollowerState (FollowerState.java:run(108)) - 4b287a15-77af-487b-aef7-34d1d0ee189f@group-83C26644CFDA-FollowerState: change to CANDIDATE, lastRpcTime:191ms, electionTimeout:191ms
2019-10-16 21:01:19,228 [Thread-411] INFO  impl.RoleInfo (RoleInfo.java:shutdownFollowerState(121)) - 4b287a15-77af-487b-aef7-34d1d0ee189f: shutdown FollowerState
2019-10-16 21:01:19,228 [Thread-411] INFO  impl.RaftServerImpl (RaftServerImpl.java:setRole(184)) - 4b287a15-77af-487b-aef7-34d1d0ee189f@group-83C26644CFDA: changes role from  FOLLOWER to CANDIDATE at term 10 for changeToCandidate
2019-10-16 21:01:19,228 [Thread-411] INFO  impl.RoleInfo (RoleInfo.java:updateAndGet(143)) - 4b287a15-77af-487b-aef7-34d1d0ee189f: start LeaderElection
2019-10-16 21:01:19,241 [4b287a15-77af-487b-aef7-34d1d0ee189f@group-83C26644CFDA-LeaderElection28] INFO  impl.LeaderElection (LeaderElection.java:askForVotes(178)) - 4b287a15-77af-487b-aef7-34d1d0ee189f@group-83C26644CFDA-LeaderElection28: begin an election at term 11 for -1: [4b287a15-77af-487b-aef7-34d1d0ee189f:192.168.34.38:38597, 0aa3649f-570d-46c6-937f-492d7f3a8364:192.168.34.38:33209, 4a03179f-3169-4ac7-a075-259968512ef0:192.168.34.38:45833], old=null
2019-10-16 21:01:19,245 [grpc-default-executor-2] INFO  impl.RaftServerImpl (RaftServerImpl.java:setRole(184)) - 0aa3649f-570d-46c6-937f-492d7f3a8364@group-83C26644CFDA: changes role from  FOLLOWER to FOLLOWER at term 11 for recognizeCandidate:4b287a15-77af-487b-aef7-34d1d0ee189f
2019-10-16 21:01:19,245 [grpc-default-executor-1] INFO  impl.RaftServerImpl (RaftServerImpl.java:setRole(184)) - 4a03179f-3169-4ac7-a075-259968512ef0@group-83C26644CFDA: changes role from  FOLLOWER to FOLLOWER at term 11 for recognizeCandidate:4b287a15-77af-487b-aef7-34d1d0ee189f
2019-10-16 21:01:19,245 [grpc-default-executor-2] INFO  impl.RoleInfo (RoleInfo.java:shutdownFollowerState(121)) - 0aa3649f-570d-46c6-937f-492d7f3a8364: shutdown FollowerState
2019-10-16 21:01:19,245 [grpc-default-executor-1] INFO  impl.RoleInfo (RoleInfo.java:shutdownFollowerState(121)) - 4a03179f-3169-4ac7-a075-259968512ef0: shutdown FollowerState
2019-10-16 21:01:19,245 [Thread-409] INFO  impl.FollowerState (FollowerState.java:run(117)) - 0aa3649f-570d-46c6-937f-492d7f3a8364@group-83C26644CFDA-FollowerState was interrupted: java.lang.InterruptedException: sleep interrupted
2019-10-16 21:01:19,245 [grpc-default-executor-2] INFO  impl.RoleInfo (RoleInfo.java:updateAndGet(143)) - 0aa3649f-570d-46c6-937f-492d7f3a8364: start FollowerState
2019-10-16 21:01:19,245 [grpc-default-executor-1] INFO  impl.RoleInfo (RoleInfo.java:updateAndGet(143)) - 4a03179f-3169-4ac7-a075-259968512ef0: start FollowerState
2019-10-16 21:01:19,245 [Thread-410] INFO  impl.FollowerState (FollowerState.java:run(117)) - 4a03179f-3169-4ac7-a075-259968512ef0@group-83C26644CFDA-FollowerState was interrupted: java.lang.InterruptedException: sleep interrupted
2019-10-16 21:01:19,260 [4b287a15-77af-487b-aef7-34d1d0ee189f@group-83C26644CFDA-LeaderElection28] INFO  impl.LeaderElection (LeaderElection.java:logAndReturn(56)) - 4b287a15-77af-487b-aef7-34d1d0ee189f@group-83C26644CFDA-LeaderElection28: Election REJECTED; received 2 response(s) [4b287a15-77af-487b-aef7-34d1d0ee189f<-0aa3649f-570d-46c6-937f-492d7f3a8364#0:FAIL-t11, 4b287a15-77af-487b-aef7-34d1d0ee189f<-4a03179f-3169-4ac7-a075-259968512ef0#0:FAIL-t11] and 0 exception(s); 4b287a15-77af-487b-aef7-34d1d0ee189f@group-83C26644CFDA:t11, leader=null, voted=4b287a15-77af-487b-aef7-34d1d0ee189f, raftlog=4b287a15-77af-487b-aef7-34d1d0ee189f@group-83C26644CFDA-SegmentedRaftLog:OPENED:c-1,f-1,i0, conf=-1: [4b287a15-77af-487b-aef7-34d1d0ee189f:192.168.34.38:38597, 0aa3649f-570d-46c6-937f-492d7f3a8364:192.168.34.38:33209, 4a03179f-3169-4ac7-a075-259968512ef0:192.168.34.38:45833], old=null
2019-10-16 21:01:19,260 [4b287a15-77af-487b-aef7-34d1d0ee189f@group-83C26644CFDA-LeaderElection28] INFO  impl.RaftServerImpl (RaftServerImpl.java:setRole(184)) - 4b287a15-77af-487b-aef7-34d1d0ee189f@group-83C26644CFDA: changes role from CANDIDATE to FOLLOWER at term 11 for DISCOVERED_A_NEW_TERM
2019-10-16 21:01:19,260 [4b287a15-77af-487b-aef7-34d1d0ee189f@group-83C26644CFDA-LeaderElection28] INFO  impl.RoleInfo (RoleInfo.java:shutdownLeaderElection(134)) - 4b287a15-77af-487b-aef7-34d1d0ee189f: shutdown LeaderElection
2019-10-16 21:01:19,261 [4b287a15-77af-487b-aef7-34d1d0ee189f@group-83C26644CFDA-LeaderElection28] INFO  impl.RoleInfo (RoleInfo.java:updateAndGet(143)) - 4b287a15-77af-487b-aef7-34d1d0ee189f: start FollowerState
2019-10-16 21:01:19,319 [Thread-417] INFO  impl.FollowerState (FollowerState.java:run(108)) - 4b287a15-77af-487b-aef7-34d1d0ee189f@group-83C26644CFDA-FollowerState: change to CANDIDATE, lastRpcTime:58ms, electionTimeout:58ms
2019-10-16 21:01:19,320 [Thread-417] INFO  impl.RoleInfo (RoleInfo.java:shutdownFollowerState(121)) - 4b287a15-77af-487b-aef7-34d1d0ee189f: shutdown FollowerState
2019-10-16 21:01:19,320 [Thread-417] INFO  impl.RaftServerImpl (RaftServerImpl.java:setRole(184)) - 4b287a15-77af-487b-aef7-34d1d0ee189f@group-83C26644CFDA: changes role from  FOLLOWER to CANDIDATE at term 11 for changeToCandidate
2019-10-16 21:01:19,320 [Thread-417] INFO  impl.RoleInfo (RoleInfo.java:updateAndGet(143)) - 4b287a15-77af-487b-aef7-34d1d0ee189f: start LeaderElection
2019-10-16 21:01:19,335 [4b287a15-77af-487b-aef7-34d1d0ee189f@group-83C26644CFDA-LeaderElection29] INFO  impl.LeaderElection (LeaderElection.java:askForVotes(178)) - 4b287a15-77af-487b-aef7-34d1d0ee189f@group-83C26644CFDA-LeaderElection29: begin an election at term 12 for -1: [4b287a15-77af-487b-aef7-34d1d0ee189f:192.168.34.38:38597, 0aa3649f-570d-46c6-937f-492d7f3a8364:192.168.34.38:33209, 4a03179f-3169-4ac7-a075-259968512ef0:192.168.34.38:45833], old=null
2019-10-16 21:01:19,338 [grpc-default-executor-2] INFO  impl.RaftServerImpl (RaftServerImpl.java:setRole(184)) - 0aa3649f-570d-46c6-937f-492d7f3a8364@group-83C26644CFDA: changes role from  FOLLOWER to FOLLOWER at term 12 for recognizeCandidate:4b287a15-77af-487b-aef7-34d1d0ee189f
2019-10-16 21:01:19,338 [grpc-default-executor-1] INFO  impl.RaftServerImpl (RaftServerImpl.java:setRole(184)) - 4a03179f-3169-4ac7-a075-259968512ef0@group-83C26644CFDA: changes role from  FOLLOWER to FOLLOWER at term 12 for recognizeCandidate:4b287a15-77af-487b-aef7-34d1d0ee189f
2019-10-16 21:01:19,338 [grpc-default-executor-2] INFO  impl.RoleInfo (RoleInfo.java:shutdownFollowerState(121)) - 0aa3649f-570d-46c6-937f-492d7f3a8364: shutdown FollowerState
2019-10-16 21:01:19,339 [grpc-default-executor-1] INFO  impl.RoleInfo (RoleInfo.java:shutdownFollowerState(121)) - 4a03179f-3169-4ac7-a075-259968512ef0: shutdown FollowerState
2019-10-16 21:01:19,339 [grpc-default-executor-2] INFO  impl.RoleInfo (RoleInfo.java:updateAndGet(143)) - 0aa3649f-570d-46c6-937f-492d7f3a8364: start FollowerState
2019-10-16 21:01:19,339 [Thread-415] INFO  impl.FollowerState (FollowerState.java:run(117)) - 0aa3649f-570d-46c6-937f-492d7f3a8364@group-83C26644CFDA-FollowerState was interrupted: java.lang.InterruptedException: sleep interrupted
2019-10-16 21:01:19,339 [grpc-default-executor-1] INFO  impl.RoleInfo (RoleInfo.java:updateAndGet(143)) - 4a03179f-3169-4ac7-a075-259968512ef0: start FollowerState
2019-10-16 21:01:19,339 [Thread-416] INFO  impl.FollowerState (FollowerState.java:run(117)) - 4a03179f-3169-4ac7-a075-259968512ef0@group-83C26644CFDA-FollowerState was interrupted: java.lang.InterruptedException: sleep interrupted
2019-10-16 21:01:19,344 [main] INFO  ozone.MiniOzoneClusterImpl (MiniOzoneClusterImpl.java:lambda$waitForClusterToBeReady$2(164)) - Waiting for 1 number of pipelines out of 4, to report a leader.
2019-10-16 21:01:19,354 [4b287a15-77af-487b-aef7-34d1d0ee189f@group-83C26644CFDA-LeaderElection29] INFO  impl.LeaderElection (LeaderElection.java:logAndReturn(56)) - 4b287a15-77af-487b-aef7-34d1d0ee189f@group-83C26644CFDA-LeaderElection29: Election REJECTED; received 2 response(s) [4b287a15-77af-487b-aef7-34d1d0ee189f<-0aa3649f-570d-46c6-937f-492d7f3a8364#0:FAIL-t12, 4b287a15-77af-487b-aef7-34d1d0ee189f<-4a03179f-3169-4ac7-a075-259968512ef0#0:FAIL-t12] and 0 exception(s); 4b287a15-77af-487b-aef7-34d1d0ee189f@group-83C26644CFDA:t12, leader=null, voted=4b287a15-77af-487b-aef7-34d1d0ee189f, raftlog=4b287a15-77af-487b-aef7-34d1d0ee189f@group-83C26644CFDA-SegmentedRaftLog:OPENED:c-1,f-1,i0, conf=-1: [4b287a15-77af-487b-aef7-34d1d0ee189f:192.168.34.38:38597, 0aa3649f-570d-46c6-937f-492d7f3a8364:192.168.34.38:33209, 4a03179f-3169-4ac7-a075-259968512ef0:192.168.34.38:45833], old=null
2019-10-16 21:01:19,355 [4b287a15-77af-487b-aef7-34d1d0ee189f@group-83C26644CFDA-LeaderElection29] INFO  impl.RaftServerImpl (RaftServerImpl.java:setRole(184)) - 4b287a15-77af-487b-aef7-34d1d0ee189f@group-83C26644CFDA: changes role from CANDIDATE to FOLLOWER at term 12 for DISCOVERED_A_NEW_TERM
2019-10-16 21:01:19,355 [4b287a15-77af-487b-aef7-34d1d0ee189f@group-83C26644CFDA-LeaderElection29] INFO  impl.RoleInfo (RoleInfo.java:shutdownLeaderElection(134)) - 4b287a15-77af-487b-aef7-34d1d0ee189f: shutdown LeaderElection
2019-10-16 21:01:19,355 [4b287a15-77af-487b-aef7-34d1d0ee189f@group-83C26644CFDA-LeaderElection29] INFO  impl.RoleInfo (RoleInfo.java:updateAndGet(143)) - 4b287a15-77af-487b-aef7-34d1d0ee189f: start FollowerState
2019-10-16 21:01:19,527 [Thread-423] INFO  impl.FollowerState (FollowerState.java:run(108)) - 4b287a15-77af-487b-aef7-34d1d0ee189f@group-83C26644CFDA-FollowerState: change to CANDIDATE, lastRpcTime:172ms, electionTimeout:172ms
2019-10-16 21:01:19,531 [Thread-423] INFO  impl.RoleInfo (RoleInfo.java:shutdownFollowerState(121)) - 4b287a15-77af-487b-aef7-34d1d0ee189f: shutdown FollowerState
2019-10-16 21:01:19,531 [Thread-423] INFO  impl.RaftServerImpl (RaftServerImpl.java:setRole(184)) - 4b287a15-77af-487b-aef7-34d1d0ee189f@group-83C26644CFDA: changes role from  FOLLOWER to CANDIDATE at term 12 for changeToCandidate
2019-10-16 21:01:19,532 [Thread-423] INFO  impl.RoleInfo (RoleInfo.java:updateAndGet(143)) - 4b287a15-77af-487b-aef7-34d1d0ee189f: start LeaderElection
2019-10-16 21:01:19,544 [4b287a15-77af-487b-aef7-34d1d0ee189f@group-83C26644CFDA-LeaderElection30] INFO  impl.LeaderElection (LeaderElection.java:askForVotes(178)) - 4b287a15-77af-487b-aef7-34d1d0ee189f@group-83C26644CFDA-LeaderElection30: begin an election at term 13 for -1: [4b287a15-77af-487b-aef7-34d1d0ee189f:192.168.34.38:38597, 0aa3649f-570d-46c6-937f-492d7f3a8364:192.168.34.38:33209, 4a03179f-3169-4ac7-a075-259968512ef0:192.168.34.38:45833], old=null
2019-10-16 21:01:19,547 [grpc-default-executor-2] INFO  impl.RaftServerImpl (RaftServerImpl.java:setRole(184)) - 4a03179f-3169-4ac7-a075-259968512ef0@group-83C26644CFDA: changes role from  FOLLOWER to FOLLOWER at term 13 for recognizeCandidate:4b287a15-77af-487b-aef7-34d1d0ee189f
2019-10-16 21:01:19,548 [grpc-default-executor-1] INFO  impl.RaftServerImpl (RaftServerImpl.java:setRole(184)) - 0aa3649f-570d-46c6-937f-492d7f3a8364@group-83C26644CFDA: changes role from  FOLLOWER to FOLLOWER at term 13 for recognizeCandidate:4b287a15-77af-487b-aef7-34d1d0ee189f
2019-10-16 21:01:19,548 [grpc-default-executor-2] INFO  impl.RoleInfo (RoleInfo.java:shutdownFollowerState(121)) - 4a03179f-3169-4ac7-a075-259968512ef0: shutdown FollowerState
2019-10-16 21:01:19,548 [grpc-default-executor-1] INFO  impl.RoleInfo (RoleInfo.java:shutdownFollowerState(121)) - 0aa3649f-570d-46c6-937f-492d7f3a8364: shutdown FollowerState
2019-10-16 21:01:19,548 [grpc-default-executor-2] INFO  impl.RoleInfo (RoleInfo.java:updateAndGet(143)) - 4a03179f-3169-4ac7-a075-259968512ef0: start FollowerState
2019-10-16 21:01:19,548 [Thread-422] INFO  impl.FollowerState (FollowerState.java:run(117)) - 4a03179f-3169-4ac7-a075-259968512ef0@group-83C26644CFDA-FollowerState was interrupted: java.lang.InterruptedException: sleep interrupted
2019-10-16 21:01:19,548 [Thread-421] INFO  impl.FollowerState (FollowerState.java:run(117)) - 0aa3649f-570d-46c6-937f-492d7f3a8364@group-83C26644CFDA-FollowerState was interrupted: java.lang.InterruptedException: sleep interrupted
2019-10-16 21:01:19,548 [grpc-default-executor-1] INFO  impl.RoleInfo (RoleInfo.java:updateAndGet(143)) - 0aa3649f-570d-46c6-937f-492d7f3a8364: start FollowerState
2019-10-16 21:01:19,568 [4b287a15-77af-487b-aef7-34d1d0ee189f@group-83C26644CFDA-LeaderElection30] INFO  impl.LeaderElection (LeaderElection.java:logAndReturn(56)) - 4b287a15-77af-487b-aef7-34d1d0ee189f@group-83C26644CFDA-LeaderElection30: Election REJECTED; received 2 response(s) [4b287a15-77af-487b-aef7-34d1d0ee189f<-0aa3649f-570d-46c6-937f-492d7f3a8364#0:FAIL-t13, 4b287a15-77af-487b-aef7-34d1d0ee189f<-4a03179f-3169-4ac7-a075-259968512ef0#0:FAIL-t13] and 0 exception(s); 4b287a15-77af-487b-aef7-34d1d0ee189f@group-83C26644CFDA:t13, leader=null, voted=4b287a15-77af-487b-aef7-34d1d0ee189f, raftlog=4b287a15-77af-487b-aef7-34d1d0ee189f@group-83C26644CFDA-SegmentedRaftLog:OPENED:c-1,f-1,i0, conf=-1: [4b287a15-77af-487b-aef7-34d1d0ee189f:192.168.34.38:38597, 0aa3649f-570d-46c6-937f-492d7f3a8364:192.168.34.38:33209, 4a03179f-3169-4ac7-a075-259968512ef0:192.168.34.38:45833], old=null
2019-10-16 21:01:19,568 [4b287a15-77af-487b-aef7-34d1d0ee189f@group-83C26644CFDA-LeaderElection30] INFO  impl.RaftServerImpl (RaftServerImpl.java:setRole(184)) - 4b287a15-77af-487b-aef7-34d1d0ee189f@group-83C26644CFDA: changes role from CANDIDATE to FOLLOWER at term 13 for DISCOVERED_A_NEW_TERM
2019-10-16 21:01:19,568 [4b287a15-77af-487b-aef7-34d1d0ee189f@group-83C26644CFDA-LeaderElection30] INFO  impl.RoleInfo (RoleInfo.java:shutdownLeaderElection(134)) - 4b287a15-77af-487b-aef7-34d1d0ee189f: shutdown LeaderElection
2019-10-16 21:01:19,568 [4b287a15-77af-487b-aef7-34d1d0ee189f@group-83C26644CFDA-LeaderElection30] INFO  impl.RoleInfo (RoleInfo.java:updateAndGet(143)) - 4b287a15-77af-487b-aef7-34d1d0ee189f: start FollowerState
2019-10-16 21:01:19,683 [Thread-429] INFO  impl.FollowerState (FollowerState.java:run(108)) - 4b287a15-77af-487b-aef7-34d1d0ee189f@group-83C26644CFDA-FollowerState: change to CANDIDATE, lastRpcTime:114ms, electionTimeout:114ms
2019-10-16 21:01:19,683 [Thread-429] INFO  impl.RoleInfo (RoleInfo.java:shutdownFollowerState(121)) - 4b287a15-77af-487b-aef7-34d1d0ee189f: shutdown FollowerState
2019-10-16 21:01:19,683 [Thread-429] INFO  impl.RaftServerImpl (RaftServerImpl.java:setRole(184)) - 4b287a15-77af-487b-aef7-34d1d0ee189f@group-83C26644CFDA: changes role from  FOLLOWER to CANDIDATE at term 13 for changeToCandidate
2019-10-16 21:01:19,683 [Thread-429] INFO  impl.RoleInfo (RoleInfo.java:updateAndGet(143)) - 4b287a15-77af-487b-aef7-34d1d0ee189f: start LeaderElection
2019-10-16 21:01:19,696 [4b287a15-77af-487b-aef7-34d1d0ee189f@group-83C26644CFDA-LeaderElection31] INFO  impl.LeaderElection (LeaderElection.java:askForVotes(178)) - 4b287a15-77af-487b-aef7-34d1d0ee189f@group-83C26644CFDA-LeaderElection31: begin an election at term 14 for -1: [4b287a15-77af-487b-aef7-34d1d0ee189f:192.168.34.38:38597, 0aa3649f-570d-46c6-937f-492d7f3a8364:192.168.34.38:33209, 4a03179f-3169-4ac7-a075-259968512ef0:192.168.34.38:45833], old=null
2019-10-16 21:01:19,698 [grpc-default-executor-1] INFO  impl.RaftServerImpl (RaftServerImpl.java:setRole(184)) - 4a03179f-3169-4ac7-a075-259968512ef0@group-83C26644CFDA: changes role from  FOLLOWER to FOLLOWER at term 14 for recognizeCandidate:4b287a15-77af-487b-aef7-34d1d0ee189f
2019-10-16 21:01:19,698 [grpc-default-executor-2] INFO  impl.RaftServerImpl (RaftServerImpl.java:setRole(184)) - 0aa3649f-570d-46c6-937f-492d7f3a8364@group-83C26644CFDA: changes role from  FOLLOWER to FOLLOWER at term 14 for recognizeCandidate:4b287a15-77af-487b-aef7-34d1d0ee189f
2019-10-16 21:01:19,698 [grpc-default-executor-1] INFO  impl.RoleInfo (RoleInfo.java:shutdownFollowerState(121)) - 4a03179f-3169-4ac7-a075-259968512ef0: shutdown FollowerState
2019-10-16 21:01:19,699 [grpc-default-executor-2] INFO  impl.RoleInfo (RoleInfo.java:shutdownFollowerState(121)) - 0aa3649f-570d-46c6-937f-492d7f3a8364: shutdown FollowerState
2019-10-16 21:01:19,699 [Thread-427] INFO  impl.FollowerState (FollowerState.java:run(117)) - 4a03179f-3169-4ac7-a075-259968512ef0@group-83C26644CFDA-FollowerState was interrupted: java.lang.InterruptedException: sleep interrupted
2019-10-16 21:01:19,699 [grpc-default-executor-1] INFO  impl.RoleInfo (RoleInfo.java:updateAndGet(143)) - 4a03179f-3169-4ac7-a075-259968512ef0: start FollowerState
2019-10-16 21:01:19,699 [grpc-default-executor-2] INFO  impl.RoleInfo (RoleInfo.java:updateAndGet(143)) - 0aa3649f-570d-46c6-937f-492d7f3a8364: start FollowerState
2019-10-16 21:01:19,699 [Thread-428] INFO  impl.FollowerState (FollowerState.java:run(117)) - 0aa3649f-570d-46c6-937f-492d7f3a8364@group-83C26644CFDA-FollowerState was interrupted: java.lang.InterruptedException: sleep interrupted
2019-10-16 21:01:19,714 [4b287a15-77af-487b-aef7-34d1d0ee189f@group-83C26644CFDA-LeaderElection31] INFO  impl.LeaderElection (LeaderElection.java:logAndReturn(56)) - 4b287a15-77af-487b-aef7-34d1d0ee189f@group-83C26644CFDA-LeaderElection31: Election REJECTED; received 2 response(s) [4b287a15-77af-487b-aef7-34d1d0ee189f<-0aa3649f-570d-46c6-937f-492d7f3a8364#0:FAIL-t14, 4b287a15-77af-487b-aef7-34d1d0ee189f<-4a03179f-3169-4ac7-a075-259968512ef0#0:FAIL-t14] and 0 exception(s); 4b287a15-77af-487b-aef7-34d1d0ee189f@group-83C26644CFDA:t14, leader=null, voted=4b287a15-77af-487b-aef7-34d1d0ee189f, raftlog=4b287a15-77af-487b-aef7-34d1d0ee189f@group-83C26644CFDA-SegmentedRaftLog:OPENED:c-1,f-1,i0, conf=-1: [4b287a15-77af-487b-aef7-34d1d0ee189f:192.168.34.38:38597, 0aa3649f-570d-46c6-937f-492d7f3a8364:192.168.34.38:33209, 4a03179f-3169-4ac7-a075-259968512ef0:192.168.34.38:45833], old=null
2019-10-16 21:01:19,714 [4b287a15-77af-487b-aef7-34d1d0ee189f@group-83C26644CFDA-LeaderElection31] INFO  impl.RaftServerImpl (RaftServerImpl.java:setRole(184)) - 4b287a15-77af-487b-aef7-34d1d0ee189f@group-83C26644CFDA: changes role from CANDIDATE to FOLLOWER at term 14 for DISCOVERED_A_NEW_TERM
2019-10-16 21:01:19,714 [4b287a15-77af-487b-aef7-34d1d0ee189f@group-83C26644CFDA-LeaderElection31] INFO  impl.RoleInfo (RoleInfo.java:shutdownLeaderElection(134)) - 4b287a15-77af-487b-aef7-34d1d0ee189f: shutdown LeaderElection
2019-10-16 21:01:19,714 [4b287a15-77af-487b-aef7-34d1d0ee189f@group-83C26644CFDA-LeaderElection31] INFO  impl.RoleInfo (RoleInfo.java:updateAndGet(143)) - 4b287a15-77af-487b-aef7-34d1d0ee189f: start FollowerState
2019-10-16 21:01:19,891 [Thread-435] INFO  impl.FollowerState (FollowerState.java:run(108)) - 4b287a15-77af-487b-aef7-34d1d0ee189f@group-83C26644CFDA-FollowerState: change to CANDIDATE, lastRpcTime:177ms, electionTimeout:177ms
2019-10-16 21:01:19,891 [Thread-435] INFO  impl.RoleInfo (RoleInfo.java:shutdownFollowerState(121)) - 4b287a15-77af-487b-aef7-34d1d0ee189f: shutdown FollowerState
2019-10-16 21:01:19,892 [Thread-435] INFO  impl.RaftServerImpl (RaftServerImpl.java:setRole(184)) - 4b287a15-77af-487b-aef7-34d1d0ee189f@group-83C26644CFDA: changes role from  FOLLOWER to CANDIDATE at term 14 for changeToCandidate
2019-10-16 21:01:19,892 [Thread-435] INFO  impl.RoleInfo (RoleInfo.java:updateAndGet(143)) - 4b287a15-77af-487b-aef7-34d1d0ee189f: start LeaderElection
2019-10-16 21:01:19,906 [4b287a15-77af-487b-aef7-34d1d0ee189f@group-83C26644CFDA-LeaderElection32] INFO  impl.LeaderElection (LeaderElection.java:askForVotes(178)) - 4b287a15-77af-487b-aef7-34d1d0ee189f@group-83C26644CFDA-LeaderElection32: begin an election at term 15 for -1: [4b287a15-77af-487b-aef7-34d1d0ee189f:192.168.34.38:38597, 0aa3649f-570d-46c6-937f-492d7f3a8364:192.168.34.38:33209, 4a03179f-3169-4ac7-a075-259968512ef0:192.168.34.38:45833], old=null
2019-10-16 21:01:19,910 [grpc-default-executor-1] INFO  impl.RaftServerImpl (RaftServerImpl.java:setRole(184)) - 0aa3649f-570d-46c6-937f-492d7f3a8364@group-83C26644CFDA: changes role from  FOLLOWER to FOLLOWER at term 15 for recognizeCandidate:4b287a15-77af-487b-aef7-34d1d0ee189f
2019-10-16 21:01:19,910 [grpc-default-executor-1] INFO  impl.RoleInfo (RoleInfo.java:shutdownFollowerState(121)) - 0aa3649f-570d-46c6-937f-492d7f3a8364: shutdown FollowerState
2019-10-16 21:01:19,910 [grpc-default-executor-2] INFO  impl.RaftServerImpl (RaftServerImpl.java:setRole(184)) - 4a03179f-3169-4ac7-a075-259968512ef0@group-83C26644CFDA: changes role from  FOLLOWER to FOLLOWER at term 15 for recognizeCandidate:4b287a15-77af-487b-aef7-34d1d0ee189f
2019-10-16 21:01:19,910 [Thread-434] INFO  impl.FollowerState (FollowerState.java:run(117)) - 0aa3649f-570d-46c6-937f-492d7f3a8364@group-83C26644CFDA-FollowerState was interrupted: java.lang.InterruptedException: sleep interrupted
2019-10-16 21:01:19,910 [grpc-default-executor-2] INFO  impl.RoleInfo (RoleInfo.java:shutdownFollowerState(121)) - 4a03179f-3169-4ac7-a075-259968512ef0: shutdown FollowerState
2019-10-16 21:01:19,910 [grpc-default-executor-1] INFO  impl.RoleInfo (RoleInfo.java:updateAndGet(143)) - 0aa3649f-570d-46c6-937f-492d7f3a8364: start FollowerState
2019-10-16 21:01:19,910 [grpc-default-executor-2] INFO  impl.RoleInfo (RoleInfo.java:updateAndGet(143)) - 4a03179f-3169-4ac7-a075-259968512ef0: start FollowerState
2019-10-16 21:01:19,910 [Thread-433] INFO  impl.FollowerState (FollowerState.java:run(117)) - 4a03179f-3169-4ac7-a075-259968512ef0@group-83C26644CFDA-FollowerState was interrupted: java.lang.InterruptedException: sleep interrupted
2019-10-16 21:01:19,925 [4b287a15-77af-487b-aef7-34d1d0ee189f@group-83C26644CFDA-LeaderElection32] INFO  impl.LeaderElection (LeaderElection.java:logAndReturn(56)) - 4b287a15-77af-487b-aef7-34d1d0ee189f@group-83C26644CFDA-LeaderElection32: Election REJECTED; received 2 response(s) [4b287a15-77af-487b-aef7-34d1d0ee189f<-0aa3649f-570d-46c6-937f-492d7f3a8364#0:FAIL-t15, 4b287a15-77af-487b-aef7-34d1d0ee189f<-4a03179f-3169-4ac7-a075-259968512ef0#0:FAIL-t15] and 0 exception(s); 4b287a15-77af-487b-aef7-34d1d0ee189f@group-83C26644CFDA:t15, leader=null, voted=4b287a15-77af-487b-aef7-34d1d0ee189f, raftlog=4b287a15-77af-487b-aef7-34d1d0ee189f@group-83C26644CFDA-SegmentedRaftLog:OPENED:c-1,f-1,i0, conf=-1: [4b287a15-77af-487b-aef7-34d1d0ee189f:192.168.34.38:38597, 0aa3649f-570d-46c6-937f-492d7f3a8364:192.168.34.38:33209, 4a03179f-3169-4ac7-a075-259968512ef0:192.168.34.38:45833], old=null
2019-10-16 21:01:19,925 [4b287a15-77af-487b-aef7-34d1d0ee189f@group-83C26644CFDA-LeaderElection32] INFO  impl.RaftServerImpl (RaftServerImpl.java:setRole(184)) - 4b287a15-77af-487b-aef7-34d1d0ee189f@group-83C26644CFDA: changes role from CANDIDATE to FOLLOWER at term 15 for DISCOVERED_A_NEW_TERM
2019-10-16 21:01:19,925 [4b287a15-77af-487b-aef7-34d1d0ee189f@group-83C26644CFDA-LeaderElection32] INFO  impl.RoleInfo (RoleInfo.java:shutdownLeaderElection(134)) - 4b287a15-77af-487b-aef7-34d1d0ee189f: shutdown LeaderElection
2019-10-16 21:01:19,925 [4b287a15-77af-487b-aef7-34d1d0ee189f@group-83C26644CFDA-LeaderElection32] INFO  impl.RoleInfo (RoleInfo.java:updateAndGet(143)) - 4b287a15-77af-487b-aef7-34d1d0ee189f: start FollowerState
2019-10-16 21:01:19,957 [Thread-444] INFO  impl.FollowerState (FollowerState.java:run(108)) - 4b287a15-77af-487b-aef7-34d1d0ee189f@group-83C26644CFDA-FollowerState: change to CANDIDATE, lastRpcTime:31ms, electionTimeout:31ms
2019-10-16 21:01:19,957 [Thread-444] INFO  impl.RoleInfo (RoleInfo.java:shutdownFollowerState(121)) - 4b287a15-77af-487b-aef7-34d1d0ee189f: shutdown FollowerState
2019-10-16 21:01:19,957 [Thread-444] INFO  impl.RaftServerImpl (RaftServerImpl.java:setRole(184)) - 4b287a15-77af-487b-aef7-34d1d0ee189f@group-83C26644CFDA: changes role from  FOLLOWER to CANDIDATE at term 15 for changeToCandidate
2019-10-16 21:01:19,957 [Thread-444] INFO  impl.RoleInfo (RoleInfo.java:updateAndGet(143)) - 4b287a15-77af-487b-aef7-34d1d0ee189f: start LeaderElection
2019-10-16 21:01:19,970 [4b287a15-77af-487b-aef7-34d1d0ee189f@group-83C26644CFDA-LeaderElection33] INFO  impl.LeaderElection (LeaderElection.java:askForVotes(178)) - 4b287a15-77af-487b-aef7-34d1d0ee189f@group-83C26644CFDA-LeaderElection33: begin an election at term 16 for -1: [4b287a15-77af-487b-aef7-34d1d0ee189f:192.168.34.38:38597, 0aa3649f-570d-46c6-937f-492d7f3a8364:192.168.34.38:33209, 4a03179f-3169-4ac7-a075-259968512ef0:192.168.34.38:45833], old=null
2019-10-16 21:01:19,973 [grpc-default-executor-1] INFO  impl.RaftServerImpl (RaftServerImpl.java:setRole(184)) - 4a03179f-3169-4ac7-a075-259968512ef0@group-83C26644CFDA: changes role from  FOLLOWER to FOLLOWER at term 16 for recognizeCandidate:4b287a15-77af-487b-aef7-34d1d0ee189f
2019-10-16 21:01:19,974 [grpc-default-executor-2] INFO  impl.RaftServerImpl (RaftServerImpl.java:setRole(184)) - 0aa3649f-570d-46c6-937f-492d7f3a8364@group-83C26644CFDA: changes role from  FOLLOWER to FOLLOWER at term 16 for recognizeCandidate:4b287a15-77af-487b-aef7-34d1d0ee189f
2019-10-16 21:01:19,974 [grpc-default-executor-1] INFO  impl.RoleInfo (RoleInfo.java:shutdownFollowerState(121)) - 4a03179f-3169-4ac7-a075-259968512ef0: shutdown FollowerState
2019-10-16 21:01:19,974 [grpc-default-executor-2] INFO  impl.RoleInfo (RoleInfo.java:shutdownFollowerState(121)) - 0aa3649f-570d-46c6-937f-492d7f3a8364: shutdown FollowerState
2019-10-16 21:01:19,974 [Thread-443] INFO  impl.FollowerState (FollowerState.java:run(117)) - 4a03179f-3169-4ac7-a075-259968512ef0@group-83C26644CFDA-FollowerState was interrupted: java.lang.InterruptedException: sleep interrupted
2019-10-16 21:01:19,974 [grpc-default-executor-1] INFO  impl.RoleInfo (RoleInfo.java:updateAndGet(143)) - 4a03179f-3169-4ac7-a075-259968512ef0: start FollowerState
2019-10-16 21:01:19,974 [grpc-default-executor-2] INFO  impl.RoleInfo (RoleInfo.java:updateAndGet(143)) - 0aa3649f-570d-46c6-937f-492d7f3a8364: start FollowerState
2019-10-16 21:01:19,974 [Thread-442] INFO  impl.FollowerState (FollowerState.java:run(117)) - 0aa3649f-570d-46c6-937f-492d7f3a8364@group-83C26644CFDA-FollowerState was interrupted: java.lang.InterruptedException: sleep interrupted
2019-10-16 21:01:19,989 [4b287a15-77af-487b-aef7-34d1d0ee189f@group-83C26644CFDA-LeaderElection33] INFO  impl.LeaderElection (LeaderElection.java:logAndReturn(56)) - 4b287a15-77af-487b-aef7-34d1d0ee189f@group-83C26644CFDA-LeaderElection33: Election REJECTED; received 2 response(s) [4b287a15-77af-487b-aef7-34d1d0ee189f<-0aa3649f-570d-46c6-937f-492d7f3a8364#0:FAIL-t16, 4b287a15-77af-487b-aef7-34d1d0ee189f<-4a03179f-3169-4ac7-a075-259968512ef0#0:FAIL-t16] and 0 exception(s); 4b287a15-77af-487b-aef7-34d1d0ee189f@group-83C26644CFDA:t16, leader=null, voted=4b287a15-77af-487b-aef7-34d1d0ee189f, raftlog=4b287a15-77af-487b-aef7-34d1d0ee189f@group-83C26644CFDA-SegmentedRaftLog:OPENED:c-1,f-1,i0, conf=-1: [4b287a15-77af-487b-aef7-34d1d0ee189f:192.168.34.38:38597, 0aa3649f-570d-46c6-937f-492d7f3a8364:192.168.34.38:33209, 4a03179f-3169-4ac7-a075-259968512ef0:192.168.34.38:45833], old=null
2019-10-16 21:01:19,989 [4b287a15-77af-487b-aef7-34d1d0ee189f@group-83C26644CFDA-LeaderElection33] INFO  impl.RaftServerImpl (RaftServerImpl.java:setRole(184)) - 4b287a15-77af-487b-aef7-34d1d0ee189f@group-83C26644CFDA: changes role from CANDIDATE to FOLLOWER at term 16 for DISCOVERED_A_NEW_TERM
2019-10-16 21:01:19,990 [4b287a15-77af-487b-aef7-34d1d0ee189f@group-83C26644CFDA-LeaderElection33] INFO  impl.RoleInfo (RoleInfo.java:shutdownLeaderElection(134)) - 4b287a15-77af-487b-aef7-34d1d0ee189f: shutdown LeaderElection
2019-10-16 21:01:19,990 [4b287a15-77af-487b-aef7-34d1d0ee189f@group-83C26644CFDA-LeaderElection33] INFO  impl.RoleInfo (RoleInfo.java:updateAndGet(143)) - 4b287a15-77af-487b-aef7-34d1d0ee189f: start FollowerState
2019-10-16 21:01:20,161 [Thread-450] INFO  impl.FollowerState (FollowerState.java:run(108)) - 4b287a15-77af-487b-aef7-34d1d0ee189f@group-83C26644CFDA-FollowerState: change to CANDIDATE, lastRpcTime:171ms, electionTimeout:171ms
2019-10-16 21:01:20,161 [Thread-450] INFO  impl.RoleInfo (RoleInfo.java:shutdownFollowerState(121)) - 4b287a15-77af-487b-aef7-34d1d0ee189f: shutdown FollowerState
2019-10-16 21:01:20,162 [Thread-450] INFO  impl.RaftServerImpl (RaftServerImpl.java:setRole(184)) - 4b287a15-77af-487b-aef7-34d1d0ee189f@group-83C26644CFDA: changes role from  FOLLOWER to CANDIDATE at term 16 for changeToCandidate
2019-10-16 21:01:20,162 [Thread-450] INFO  impl.RoleInfo (RoleInfo.java:updateAndGet(143)) - 4b287a15-77af-487b-aef7-34d1d0ee189f: start LeaderElection
2019-10-16 21:01:20,176 [4b287a15-77af-487b-aef7-34d1d0ee189f@group-83C26644CFDA-LeaderElection34] INFO  impl.LeaderElection (LeaderElection.java:askForVotes(178)) - 4b287a15-77af-487b-aef7-34d1d0ee189f@group-83C26644CFDA-LeaderElection34: begin an election at term 17 for -1: [4b287a15-77af-487b-aef7-34d1d0ee189f:192.168.34.38:38597, 0aa3649f-570d-46c6-937f-492d7f3a8364:192.168.34.38:33209, 4a03179f-3169-4ac7-a075-259968512ef0:192.168.34.38:45833], old=null
2019-10-16 21:01:20,179 [grpc-default-executor-1] INFO  impl.RaftServerImpl (RaftServerImpl.java:setRole(184)) - 4a03179f-3169-4ac7-a075-259968512ef0@group-83C26644CFDA: changes role from  FOLLOWER to FOLLOWER at term 17 for recognizeCandidate:4b287a15-77af-487b-aef7-34d1d0ee189f
2019-10-16 21:01:20,179 [grpc-default-executor-2] INFO  impl.RaftServerImpl (RaftServerImpl.java:setRole(184)) - 0aa3649f-570d-46c6-937f-492d7f3a8364@group-83C26644CFDA: changes role from  FOLLOWER to FOLLOWER at term 17 for recognizeCandidate:4b287a15-77af-487b-aef7-34d1d0ee189f
2019-10-16 21:01:20,179 [grpc-default-executor-1] INFO  impl.RoleInfo (RoleInfo.java:shutdownFollowerState(121)) - 4a03179f-3169-4ac7-a075-259968512ef0: shutdown FollowerState
2019-10-16 21:01:20,179 [grpc-default-executor-2] INFO  impl.RoleInfo (RoleInfo.java:shutdownFollowerState(121)) - 0aa3649f-570d-46c6-937f-492d7f3a8364: shutdown FollowerState
2019-10-16 21:01:20,180 [Thread-448] INFO  impl.FollowerState (FollowerState.java:run(117)) - 4a03179f-3169-4ac7-a075-259968512ef0@group-83C26644CFDA-FollowerState was interrupted: java.lang.InterruptedException: sleep interrupted
2019-10-16 21:01:20,180 [grpc-default-executor-2] INFO  impl.RoleInfo (RoleInfo.java:updateAndGet(143)) - 0aa3649f-570d-46c6-937f-492d7f3a8364: start FollowerState
2019-10-16 21:01:20,180 [Thread-449] INFO  impl.FollowerState (FollowerState.java:run(117)) - 0aa3649f-570d-46c6-937f-492d7f3a8364@group-83C26644CFDA-FollowerState was interrupted: java.lang.InterruptedException: sleep interrupted
2019-10-16 21:01:20,180 [grpc-default-executor-1] INFO  impl.RoleInfo (RoleInfo.java:updateAndGet(143)) - 4a03179f-3169-4ac7-a075-259968512ef0: start FollowerState
2019-10-16 21:01:20,194 [4b287a15-77af-487b-aef7-34d1d0ee189f@group-83C26644CFDA-LeaderElection34] INFO  impl.LeaderElection (LeaderElection.java:logAndReturn(56)) - 4b287a15-77af-487b-aef7-34d1d0ee189f@group-83C26644CFDA-LeaderElection34: Election TIMEOUT; received 0 response(s) [] and 0 exception(s); 4b287a15-77af-487b-aef7-34d1d0ee189f@group-83C26644CFDA:t17, leader=null, voted=4b287a15-77af-487b-aef7-34d1d0ee189f, raftlog=4b287a15-77af-487b-aef7-34d1d0ee189f@group-83C26644CFDA-SegmentedRaftLog:OPENED:c-1,f-1,i0, conf=-1: [4b287a15-77af-487b-aef7-34d1d0ee189f:192.168.34.38:38597, 0aa3649f-570d-46c6-937f-492d7f3a8364:192.168.34.38:33209, 4a03179f-3169-4ac7-a075-259968512ef0:192.168.34.38:45833], old=null
2019-10-16 21:01:20,207 [4b287a15-77af-487b-aef7-34d1d0ee189f@group-83C26644CFDA-LeaderElection34] INFO  impl.LeaderElection (LeaderElection.java:askForVotes(178)) - 4b287a15-77af-487b-aef7-34d1d0ee189f@group-83C26644CFDA-LeaderElection34: begin an election at term 18 for -1: [4b287a15-77af-487b-aef7-34d1d0ee189f:192.168.34.38:38597, 0aa3649f-570d-46c6-937f-492d7f3a8364:192.168.34.38:33209, 4a03179f-3169-4ac7-a075-259968512ef0:192.168.34.38:45833], old=null
2019-10-16 21:01:20,211 [grpc-default-executor-2] INFO  impl.RaftServerImpl (RaftServerImpl.java:setRole(184)) - 4a03179f-3169-4ac7-a075-259968512ef0@group-83C26644CFDA: changes role from  FOLLOWER to FOLLOWER at term 18 for recognizeCandidate:4b287a15-77af-487b-aef7-34d1d0ee189f
2019-10-16 21:01:20,211 [grpc-default-executor-1] INFO  impl.RaftServerImpl (RaftServerImpl.java:setRole(184)) - 0aa3649f-570d-46c6-937f-492d7f3a8364@group-83C26644CFDA: changes role from  FOLLOWER to FOLLOWER at term 18 for recognizeCandidate:4b287a15-77af-487b-aef7-34d1d0ee189f
2019-10-16 21:01:20,211 [grpc-default-executor-2] INFO  impl.RoleInfo (RoleInfo.java:shutdownFollowerState(121)) - 4a03179f-3169-4ac7-a075-259968512ef0: shutdown FollowerState
2019-10-16 21:01:20,211 [grpc-default-executor-1] INFO  impl.RoleInfo (RoleInfo.java:shutdownFollowerState(121)) - 0aa3649f-570d-46c6-937f-492d7f3a8364: shutdown FollowerState
2019-10-16 21:01:20,211 [Thread-454] INFO  impl.FollowerState (FollowerState.java:run(117)) - 4a03179f-3169-4ac7-a075-259968512ef0@group-83C26644CFDA-FollowerState was interrupted: java.lang.InterruptedException: sleep interrupted
2019-10-16 21:01:20,211 [grpc-default-executor-2] INFO  impl.RoleInfo (RoleInfo.java:updateAndGet(143)) - 4a03179f-3169-4ac7-a075-259968512ef0: start FollowerState
2019-10-16 21:01:20,211 [grpc-default-executor-1] INFO  impl.RoleInfo (RoleInfo.java:updateAndGet(143)) - 0aa3649f-570d-46c6-937f-492d7f3a8364: start FollowerState
2019-10-16 21:01:20,211 [Thread-455] INFO  impl.FollowerState (FollowerState.java:run(117)) - 0aa3649f-570d-46c6-937f-492d7f3a8364@group-83C26644CFDA-FollowerState was interrupted: java.lang.InterruptedException: sleep interrupted
2019-10-16 21:01:20,223 [4b287a15-77af-487b-aef7-34d1d0ee189f@group-83C26644CFDA-LeaderElection34] INFO  impl.LeaderElection (LeaderElection.java:logAndReturn(56)) - 4b287a15-77af-487b-aef7-34d1d0ee189f@group-83C26644CFDA-LeaderElection34: Election REJECTED; received 2 response(s) [4b287a15-77af-487b-aef7-34d1d0ee189f<-0aa3649f-570d-46c6-937f-492d7f3a8364#0:FAIL-t18, 4b287a15-77af-487b-aef7-34d1d0ee189f<-4a03179f-3169-4ac7-a075-259968512ef0#0:FAIL-t18] and 0 exception(s); 4b287a15-77af-487b-aef7-34d1d0ee189f@group-83C26644CFDA:t18, leader=null, voted=4b287a15-77af-487b-aef7-34d1d0ee189f, raftlog=4b287a15-77af-487b-aef7-34d1d0ee189f@group-83C26644CFDA-SegmentedRaftLog:OPENED:c-1,f-1,i0, conf=-1: [4b287a15-77af-487b-aef7-34d1d0ee189f:192.168.34.38:38597, 0aa3649f-570d-46c6-937f-492d7f3a8364:192.168.34.38:33209, 4a03179f-3169-4ac7-a075-259968512ef0:192.168.34.38:45833], old=null
2019-10-16 21:01:20,223 [4b287a15-77af-487b-aef7-34d1d0ee189f@group-83C26644CFDA-LeaderElection34] INFO  impl.RaftServerImpl (RaftServerImpl.java:setRole(184)) - 4b287a15-77af-487b-aef7-34d1d0ee189f@group-83C26644CFDA: changes role from CANDIDATE to FOLLOWER at term 18 for DISCOVERED_A_NEW_TERM
2019-10-16 21:01:20,223 [4b287a15-77af-487b-aef7-34d1d0ee189f@group-83C26644CFDA-LeaderElection34] INFO  impl.RoleInfo (RoleInfo.java:shutdownLeaderElection(134)) - 4b287a15-77af-487b-aef7-34d1d0ee189f: shutdown LeaderElection
2019-10-16 21:01:20,223 [4b287a15-77af-487b-aef7-34d1d0ee189f@group-83C26644CFDA-LeaderElection34] INFO  impl.RoleInfo (RoleInfo.java:updateAndGet(143)) - 4b287a15-77af-487b-aef7-34d1d0ee189f: start FollowerState
2019-10-16 21:01:20,282 [Thread-460] INFO  impl.FollowerState (FollowerState.java:run(108)) - 4b287a15-77af-487b-aef7-34d1d0ee189f@group-83C26644CFDA-FollowerState: change to CANDIDATE, lastRpcTime:58ms, electionTimeout:58ms
2019-10-16 21:01:20,282 [Thread-460] INFO  impl.RoleInfo (RoleInfo.java:shutdownFollowerState(121)) - 4b287a15-77af-487b-aef7-34d1d0ee189f: shutdown FollowerState
2019-10-16 21:01:20,282 [Thread-460] INFO  impl.RaftServerImpl (RaftServerImpl.java:setRole(184)) - 4b287a15-77af-487b-aef7-34d1d0ee189f@group-83C26644CFDA: changes role from  FOLLOWER to CANDIDATE at term 18 for changeToCandidate
2019-10-16 21:01:20,282 [Thread-460] INFO  impl.RoleInfo (RoleInfo.java:updateAndGet(143)) - 4b287a15-77af-487b-aef7-34d1d0ee189f: start LeaderElection
2019-10-16 21:01:20,296 [4b287a15-77af-487b-aef7-34d1d0ee189f@group-83C26644CFDA-LeaderElection35] INFO  impl.LeaderElection (LeaderElection.java:askForVotes(178)) - 4b287a15-77af-487b-aef7-34d1d0ee189f@group-83C26644CFDA-LeaderElection35: begin an election at term 19 for -1: [4b287a15-77af-487b-aef7-34d1d0ee189f:192.168.34.38:38597, 0aa3649f-570d-46c6-937f-492d7f3a8364:192.168.34.38:33209, 4a03179f-3169-4ac7-a075-259968512ef0:192.168.34.38:45833], old=null
2019-10-16 21:01:20,298 [grpc-default-executor-1] INFO  impl.RaftServerImpl (RaftServerImpl.java:setRole(184)) - 0aa3649f-570d-46c6-937f-492d7f3a8364@group-83C26644CFDA: changes role from  FOLLOWER to FOLLOWER at term 19 for recognizeCandidate:4b287a15-77af-487b-aef7-34d1d0ee189f
2019-10-16 21:01:20,298 [grpc-default-executor-2] INFO  impl.RaftServerImpl (RaftServerImpl.java:setRole(184)) - 4a03179f-3169-4ac7-a075-259968512ef0@group-83C26644CFDA: changes role from  FOLLOWER to FOLLOWER at term 19 for recognizeCandidate:4b287a15-77af-487b-aef7-34d1d0ee189f
2019-10-16 21:01:20,299 [grpc-default-executor-1] INFO  impl.RoleInfo (RoleInfo.java:shutdownFollowerState(121)) - 0aa3649f-570d-46c6-937f-492d7f3a8364: shutdown FollowerState
2019-10-16 21:01:20,299 [grpc-default-executor-2] INFO  impl.RoleInfo (RoleInfo.java:shutdownFollowerState(121)) - 4a03179f-3169-4ac7-a075-259968512ef0: shutdown FollowerState
2019-10-16 21:01:20,299 [Thread-459] INFO  impl.FollowerState (FollowerState.java:run(117)) - 0aa3649f-570d-46c6-937f-492d7f3a8364@group-83C26644CFDA-FollowerState was interrupted: java.lang.InterruptedException: sleep interrupted
2019-10-16 21:01:20,299 [Thread-458] INFO  impl.FollowerState (FollowerState.java:run(117)) - 4a03179f-3169-4ac7-a075-259968512ef0@group-83C26644CFDA-FollowerState was interrupted: java.lang.InterruptedException: sleep interrupted
2019-10-16 21:01:20,299 [grpc-default-executor-1] INFO  impl.RoleInfo (RoleInfo.java:updateAndGet(143)) - 0aa3649f-570d-46c6-937f-492d7f3a8364: start FollowerState
2019-10-16 21:01:20,299 [grpc-default-executor-2] INFO  impl.RoleInfo (RoleInfo.java:updateAndGet(143)) - 4a03179f-3169-4ac7-a075-259968512ef0: start FollowerState
2019-10-16 21:01:20,314 [4b287a15-77af-487b-aef7-34d1d0ee189f@group-83C26644CFDA-LeaderElection35] INFO  impl.LeaderElection (LeaderElection.java:logAndReturn(56)) - 4b287a15-77af-487b-aef7-34d1d0ee189f@group-83C26644CFDA-LeaderElection35: Election REJECTED; received 2 response(s) [4b287a15-77af-487b-aef7-34d1d0ee189f<-0aa3649f-570d-46c6-937f-492d7f3a8364#0:FAIL-t19, 4b287a15-77af-487b-aef7-34d1d0ee189f<-4a03179f-3169-4ac7-a075-259968512ef0#0:FAIL-t19] and 0 exception(s); 4b287a15-77af-487b-aef7-34d1d0ee189f@group-83C26644CFDA:t19, leader=null, voted=4b287a15-77af-487b-aef7-34d1d0ee189f, raftlog=4b287a15-77af-487b-aef7-34d1d0ee189f@group-83C26644CFDA-SegmentedRaftLog:OPENED:c-1,f-1,i0, conf=-1: [4b287a15-77af-487b-aef7-34d1d0ee189f:192.168.34.38:38597, 0aa3649f-570d-46c6-937f-492d7f3a8364:192.168.34.38:33209, 4a03179f-3169-4ac7-a075-259968512ef0:192.168.34.38:45833], old=null
2019-10-16 21:01:20,314 [4b287a15-77af-487b-aef7-34d1d0ee189f@group-83C26644CFDA-LeaderElection35] INFO  impl.RaftServerImpl (RaftServerImpl.java:setRole(184)) - 4b287a15-77af-487b-aef7-34d1d0ee189f@group-83C26644CFDA: changes role from CANDIDATE to FOLLOWER at term 19 for DISCOVERED_A_NEW_TERM
2019-10-16 21:01:20,315 [4b287a15-77af-487b-aef7-34d1d0ee189f@group-83C26644CFDA-LeaderElection35] INFO  impl.RoleInfo (RoleInfo.java:shutdownLeaderElection(134)) - 4b287a15-77af-487b-aef7-34d1d0ee189f: shutdown LeaderElection
2019-10-16 21:01:20,315 [4b287a15-77af-487b-aef7-34d1d0ee189f@group-83C26644CFDA-LeaderElection35] INFO  impl.RoleInfo (RoleInfo.java:updateAndGet(143)) - 4b287a15-77af-487b-aef7-34d1d0ee189f: start FollowerState
2019-10-16 21:01:20,344 [Thread-466] INFO  impl.FollowerState (FollowerState.java:run(108)) - 4b287a15-77af-487b-aef7-34d1d0ee189f@group-83C26644CFDA-FollowerState: change to CANDIDATE, lastRpcTime:29ms, electionTimeout:29ms
2019-10-16 21:01:20,344 [Thread-466] INFO  impl.RoleInfo (RoleInfo.java:shutdownFollowerState(121)) - 4b287a15-77af-487b-aef7-34d1d0ee189f: shutdown FollowerState
2019-10-16 21:01:20,344 [Thread-466] INFO  impl.RaftServerImpl (RaftServerImpl.java:setRole(184)) - 4b287a15-77af-487b-aef7-34d1d0ee189f@group-83C26644CFDA: changes role from  FOLLOWER to CANDIDATE at term 19 for changeToCandidate
2019-10-16 21:01:20,344 [main] INFO  ozone.MiniOzoneClusterImpl (MiniOzoneClusterImpl.java:lambda$waitForClusterToBeReady$2(164)) - Waiting for 1 number of pipelines out of 4, to report a leader.
2019-10-16 21:01:20,345 [Thread-466] INFO  impl.RoleInfo (RoleInfo.java:updateAndGet(143)) - 4b287a15-77af-487b-aef7-34d1d0ee189f: start LeaderElection
2019-10-16 21:01:20,357 [4b287a15-77af-487b-aef7-34d1d0ee189f@group-83C26644CFDA-LeaderElection36] INFO  impl.LeaderElection (LeaderElection.java:askForVotes(178)) - 4b287a15-77af-487b-aef7-34d1d0ee189f@group-83C26644CFDA-LeaderElection36: begin an election at term 20 for -1: [4b287a15-77af-487b-aef7-34d1d0ee189f:192.168.34.38:38597, 0aa3649f-570d-46c6-937f-492d7f3a8364:192.168.34.38:33209, 4a03179f-3169-4ac7-a075-259968512ef0:192.168.34.38:45833], old=null
2019-10-16 21:01:20,360 [grpc-default-executor-2] INFO  impl.RaftServerImpl (RaftServerImpl.java:setRole(184)) - 4a03179f-3169-4ac7-a075-259968512ef0@group-83C26644CFDA: changes role from  FOLLOWER to FOLLOWER at term 20 for recognizeCandidate:4b287a15-77af-487b-aef7-34d1d0ee189f
2019-10-16 21:01:20,360 [grpc-default-executor-1] INFO  impl.RaftServerImpl (RaftServerImpl.java:setRole(184)) - 0aa3649f-570d-46c6-937f-492d7f3a8364@group-83C26644CFDA: changes role from  FOLLOWER to FOLLOWER at term 20 for recognizeCandidate:4b287a15-77af-487b-aef7-34d1d0ee189f
2019-10-16 21:01:20,360 [grpc-default-executor-2] INFO  impl.RoleInfo (RoleInfo.java:shutdownFollowerState(121)) - 4a03179f-3169-4ac7-a075-259968512ef0: shutdown FollowerState
2019-10-16 21:01:20,361 [grpc-default-executor-1] INFO  impl.RoleInfo (RoleInfo.java:shutdownFollowerState(121)) - 0aa3649f-570d-46c6-937f-492d7f3a8364: shutdown FollowerState
2019-10-16 21:01:20,361 [grpc-default-executor-2] INFO  impl.RoleInfo (RoleInfo.java:updateAndGet(143)) - 4a03179f-3169-4ac7-a075-259968512ef0: start FollowerState
2019-10-16 21:01:20,361 [Thread-465] INFO  impl.FollowerState (FollowerState.java:run(117)) - 4a03179f-3169-4ac7-a075-259968512ef0@group-83C26644CFDA-FollowerState was interrupted: java.lang.InterruptedException: sleep interrupted
2019-10-16 21:01:20,361 [Thread-464] INFO  impl.FollowerState (FollowerState.java:run(117)) - 0aa3649f-570d-46c6-937f-492d7f3a8364@group-83C26644CFDA-FollowerState was interrupted: java.lang.InterruptedException: sleep interrupted
2019-10-16 21:01:20,361 [grpc-default-executor-1] INFO  impl.RoleInfo (RoleInfo.java:updateAndGet(143)) - 0aa3649f-570d-46c6-937f-492d7f3a8364: start FollowerState
2019-10-16 21:01:20,373 [4b287a15-77af-487b-aef7-34d1d0ee189f@group-83C26644CFDA-LeaderElection36] INFO  impl.LeaderElection (LeaderElection.java:logAndReturn(56)) - 4b287a15-77af-487b-aef7-34d1d0ee189f@group-83C26644CFDA-LeaderElection36: Election TIMEOUT; received 0 response(s) [] and 0 exception(s); 4b287a15-77af-487b-aef7-34d1d0ee189f@group-83C26644CFDA:t20, leader=null, voted=4b287a15-77af-487b-aef7-34d1d0ee189f, raftlog=4b287a15-77af-487b-aef7-34d1d0ee189f@group-83C26644CFDA-SegmentedRaftLog:OPENED:c-1,f-1,i0, conf=-1: [4b287a15-77af-487b-aef7-34d1d0ee189f:192.168.34.38:38597, 0aa3649f-570d-46c6-937f-492d7f3a8364:192.168.34.38:33209, 4a03179f-3169-4ac7-a075-259968512ef0:192.168.34.38:45833], old=null
2019-10-16 21:01:20,378 [4b287a15-77af-487b-aef7-34d1d0ee189f@group-83C26644CFDA-LeaderElection36] INFO  impl.LeaderElection (LeaderElection.java:askForVotes(178)) - 4b287a15-77af-487b-aef7-34d1d0ee189f@group-83C26644CFDA-LeaderElection36: begin an election at term 21 for -1: [4b287a15-77af-487b-aef7-34d1d0ee189f:192.168.34.38:38597, 0aa3649f-570d-46c6-937f-492d7f3a8364:192.168.34.38:33209, 4a03179f-3169-4ac7-a075-259968512ef0:192.168.34.38:45833], old=null
2019-10-16 21:01:20,380 [grpc-default-executor-1] INFO  impl.RaftServerImpl (RaftServerImpl.java:setRole(184)) - 4a03179f-3169-4ac7-a075-259968512ef0@group-83C26644CFDA: changes role from  FOLLOWER to FOLLOWER at term 21 for recognizeCandidate:4b287a15-77af-487b-aef7-34d1d0ee189f
2019-10-16 21:01:20,380 [grpc-default-executor-2] INFO  impl.RaftServerImpl (RaftServerImpl.java:setRole(184)) - 0aa3649f-570d-46c6-937f-492d7f3a8364@group-83C26644CFDA: changes role from  FOLLOWER to FOLLOWER at term 21 for recognizeCandidate:4b287a15-77af-487b-aef7-34d1d0ee189f
2019-10-16 21:01:20,381 [grpc-default-executor-1] INFO  impl.RoleInfo (RoleInfo.java:shutdownFollowerState(121)) - 4a03179f-3169-4ac7-a075-259968512ef0: shutdown FollowerState
2019-10-16 21:01:20,381 [grpc-default-executor-2] INFO  impl.RoleInfo (RoleInfo.java:shutdownFollowerState(121)) - 0aa3649f-570d-46c6-937f-492d7f3a8364: shutdown FollowerState
2019-10-16 21:01:20,381 [grpc-default-executor-1] INFO  impl.RoleInfo (RoleInfo.java:updateAndGet(143)) - 4a03179f-3169-4ac7-a075-259968512ef0: start FollowerState
2019-10-16 21:01:20,381 [Thread-470] INFO  impl.FollowerState (FollowerState.java:run(117)) - 4a03179f-3169-4ac7-a075-259968512ef0@group-83C26644CFDA-FollowerState was interrupted: java.lang.InterruptedException: sleep interrupted
2019-10-16 21:01:20,381 [Thread-471] INFO  impl.FollowerState (FollowerState.java:run(117)) - 0aa3649f-570d-46c6-937f-492d7f3a8364@group-83C26644CFDA-FollowerState was interrupted: java.lang.InterruptedException: sleep interrupted
2019-10-16 21:01:20,381 [grpc-default-executor-2] INFO  impl.RoleInfo (RoleInfo.java:updateAndGet(143)) - 0aa3649f-570d-46c6-937f-492d7f3a8364: start FollowerState
2019-10-16 21:01:20,391 [4b287a15-77af-487b-aef7-34d1d0ee189f@group-83C26644CFDA-LeaderElection36] INFO  impl.LeaderElection (LeaderElection.java:logAndReturn(56)) - 4b287a15-77af-487b-aef7-34d1d0ee189f@group-83C26644CFDA-LeaderElection36: Election REJECTED; received 2 response(s) [4b287a15-77af-487b-aef7-34d1d0ee189f<-0aa3649f-570d-46c6-937f-492d7f3a8364#0:FAIL-t21, 4b287a15-77af-487b-aef7-34d1d0ee189f<-4a03179f-3169-4ac7-a075-259968512ef0#0:FAIL-t21] and 0 exception(s); 4b287a15-77af-487b-aef7-34d1d0ee189f@group-83C26644CFDA:t21, leader=null, voted=4b287a15-77af-487b-aef7-34d1d0ee189f, raftlog=4b287a15-77af-487b-aef7-34d1d0ee189f@group-83C26644CFDA-SegmentedRaftLog:OPENED:c-1,f-1,i0, conf=-1: [4b287a15-77af-487b-aef7-34d1d0ee189f:192.168.34.38:38597, 0aa3649f-570d-46c6-937f-492d7f3a8364:192.168.34.38:33209, 4a03179f-3169-4ac7-a075-259968512ef0:192.168.34.38:45833], old=null
2019-10-16 21:01:20,392 [4b287a15-77af-487b-aef7-34d1d0ee189f@group-83C26644CFDA-LeaderElection36] INFO  impl.RaftServerImpl (RaftServerImpl.java:setRole(184)) - 4b287a15-77af-487b-aef7-34d1d0ee189f@group-83C26644CFDA: changes role from CANDIDATE to FOLLOWER at term 21 for DISCOVERED_A_NEW_TERM
2019-10-16 21:01:20,392 [4b287a15-77af-487b-aef7-34d1d0ee189f@group-83C26644CFDA-LeaderElection36] INFO  impl.RoleInfo (RoleInfo.java:shutdownLeaderElection(134)) - 4b287a15-77af-487b-aef7-34d1d0ee189f: shutdown LeaderElection
2019-10-16 21:01:20,392 [4b287a15-77af-487b-aef7-34d1d0ee189f@group-83C26644CFDA-LeaderElection36] INFO  impl.RoleInfo (RoleInfo.java:updateAndGet(143)) - 4b287a15-77af-487b-aef7-34d1d0ee189f: start FollowerState
2019-10-16 21:01:20,408 [Thread-476] INFO  impl.FollowerState (FollowerState.java:run(108)) - 4b287a15-77af-487b-aef7-34d1d0ee189f@group-83C26644CFDA-FollowerState: change to CANDIDATE, lastRpcTime:16ms, electionTimeout:16ms
2019-10-16 21:01:20,408 [Thread-476] INFO  impl.RoleInfo (RoleInfo.java:shutdownFollowerState(121)) - 4b287a15-77af-487b-aef7-34d1d0ee189f: shutdown FollowerState
2019-10-16 21:01:20,409 [Thread-476] INFO  impl.RaftServerImpl (RaftServerImpl.java:setRole(184)) - 4b287a15-77af-487b-aef7-34d1d0ee189f@group-83C26644CFDA: changes role from  FOLLOWER to CANDIDATE at term 21 for changeToCandidate
2019-10-16 21:01:20,409 [Thread-476] INFO  impl.RoleInfo (RoleInfo.java:updateAndGet(143)) - 4b287a15-77af-487b-aef7-34d1d0ee189f: start LeaderElection
2019-10-16 21:01:20,413 [4b287a15-77af-487b-aef7-34d1d0ee189f@group-83C26644CFDA-LeaderElection37] INFO  impl.LeaderElection (LeaderElection.java:askForVotes(178)) - 4b287a15-77af-487b-aef7-34d1d0ee189f@group-83C26644CFDA-LeaderElection37: begin an election at term 22 for -1: [4b287a15-77af-487b-aef7-34d1d0ee189f:192.168.34.38:38597, 0aa3649f-570d-46c6-937f-492d7f3a8364:192.168.34.38:33209, 4a03179f-3169-4ac7-a075-259968512ef0:192.168.34.38:45833], old=null
2019-10-16 21:01:20,415 [grpc-default-executor-2] INFO  impl.RaftServerImpl (RaftServerImpl.java:setRole(184)) - 0aa3649f-570d-46c6-937f-492d7f3a8364@group-83C26644CFDA: changes role from  FOLLOWER to FOLLOWER at term 22 for recognizeCandidate:4b287a15-77af-487b-aef7-34d1d0ee189f
2019-10-16 21:01:20,415 [grpc-default-executor-1] INFO  impl.RaftServerImpl (RaftServerImpl.java:setRole(184)) - 4a03179f-3169-4ac7-a075-259968512ef0@group-83C26644CFDA: changes role from  FOLLOWER to FOLLOWER at term 22 for recognizeCandidate:4b287a15-77af-487b-aef7-34d1d0ee189f
2019-10-16 21:01:20,415 [grpc-default-executor-2] INFO  impl.RoleInfo (RoleInfo.java:shutdownFollowerState(121)) - 0aa3649f-570d-46c6-937f-492d7f3a8364: shutdown FollowerState
2019-10-16 21:01:20,415 [grpc-default-executor-1] INFO  impl.RoleInfo (RoleInfo.java:shutdownFollowerState(121)) - 4a03179f-3169-4ac7-a075-259968512ef0: shutdown FollowerState
2019-10-16 21:01:20,415 [grpc-default-executor-2] INFO  impl.RoleInfo (RoleInfo.java:updateAndGet(143)) - 0aa3649f-570d-46c6-937f-492d7f3a8364: start FollowerState
2019-10-16 21:01:20,415 [Thread-475] INFO  impl.FollowerState (FollowerState.java:run(117)) - 0aa3649f-570d-46c6-937f-492d7f3a8364@group-83C26644CFDA-FollowerState was interrupted: java.lang.InterruptedException: sleep interrupted
2019-10-16 21:01:20,415 [grpc-default-executor-1] INFO  impl.RoleInfo (RoleInfo.java:updateAndGet(143)) - 4a03179f-3169-4ac7-a075-259968512ef0: start FollowerState
2019-10-16 21:01:20,415 [Thread-474] INFO  impl.FollowerState (FollowerState.java:run(117)) - 4a03179f-3169-4ac7-a075-259968512ef0@group-83C26644CFDA-FollowerState was interrupted: java.lang.InterruptedException: sleep interrupted
2019-10-16 21:01:20,430 [4b287a15-77af-487b-aef7-34d1d0ee189f@group-83C26644CFDA-LeaderElection37] INFO  impl.LeaderElection (LeaderElection.java:logAndReturn(56)) - 4b287a15-77af-487b-aef7-34d1d0ee189f@group-83C26644CFDA-LeaderElection37: Election REJECTED; received 2 response(s) [4b287a15-77af-487b-aef7-34d1d0ee189f<-0aa3649f-570d-46c6-937f-492d7f3a8364#0:FAIL-t22, 4b287a15-77af-487b-aef7-34d1d0ee189f<-4a03179f-3169-4ac7-a075-259968512ef0#0:FAIL-t22] and 0 exception(s); 4b287a15-77af-487b-aef7-34d1d0ee189f@group-83C26644CFDA:t22, leader=null, voted=4b287a15-77af-487b-aef7-34d1d0ee189f, raftlog=4b287a15-77af-487b-aef7-34d1d0ee189f@group-83C26644CFDA-SegmentedRaftLog:OPENED:c-1,f-1,i0, conf=-1: [4b287a15-77af-487b-aef7-34d1d0ee189f:192.168.34.38:38597, 0aa3649f-570d-46c6-937f-492d7f3a8364:192.168.34.38:33209, 4a03179f-3169-4ac7-a075-259968512ef0:192.168.34.38:45833], old=null
2019-10-16 21:01:20,430 [4b287a15-77af-487b-aef7-34d1d0ee189f@group-83C26644CFDA-LeaderElection37] INFO  impl.RaftServerImpl (RaftServerImpl.java:setRole(184)) - 4b287a15-77af-487b-aef7-34d1d0ee189f@group-83C26644CFDA: changes role from CANDIDATE to FOLLOWER at term 22 for DISCOVERED_A_NEW_TERM
2019-10-16 21:01:20,430 [4b287a15-77af-487b-aef7-34d1d0ee189f@group-83C26644CFDA-LeaderElection37] INFO  impl.RoleInfo (RoleInfo.java:shutdownLeaderElection(134)) - 4b287a15-77af-487b-aef7-34d1d0ee189f: shutdown LeaderElection
2019-10-16 21:01:20,431 [4b287a15-77af-487b-aef7-34d1d0ee189f@group-83C26644CFDA-LeaderElection37] INFO  impl.RoleInfo (RoleInfo.java:updateAndGet(143)) - 4b287a15-77af-487b-aef7-34d1d0ee189f: start FollowerState
2019-10-16 21:01:20,504 [Thread-482] INFO  impl.FollowerState (FollowerState.java:run(108)) - 4b287a15-77af-487b-aef7-34d1d0ee189f@group-83C26644CFDA-FollowerState: change to CANDIDATE, lastRpcTime:73ms, electionTimeout:73ms
2019-10-16 21:01:20,504 [Thread-482] INFO  impl.RoleInfo (RoleInfo.java:shutdownFollowerState(121)) - 4b287a15-77af-487b-aef7-34d1d0ee189f: shutdown FollowerState
2019-10-16 21:01:20,504 [Thread-482] INFO  impl.RaftServerImpl (RaftServerImpl.java:setRole(184)) - 4b287a15-77af-487b-aef7-34d1d0ee189f@group-83C26644CFDA: changes role from  FOLLOWER to CANDIDATE at term 22 for changeToCandidate
2019-10-16 21:01:20,504 [Thread-482] INFO  impl.RoleInfo (RoleInfo.java:updateAndGet(143)) - 4b287a15-77af-487b-aef7-34d1d0ee189f: start LeaderElection
2019-10-16 21:01:20,517 [4b287a15-77af-487b-aef7-34d1d0ee189f@group-83C26644CFDA-LeaderElection38] INFO  impl.LeaderElection (LeaderElection.java:askForVotes(178)) - 4b287a15-77af-487b-aef7-34d1d0ee189f@group-83C26644CFDA-LeaderElection38: begin an election at term 23 for -1: [4b287a15-77af-487b-aef7-34d1d0ee189f:192.168.34.38:38597, 0aa3649f-570d-46c6-937f-492d7f3a8364:192.168.34.38:33209, 4a03179f-3169-4ac7-a075-259968512ef0:192.168.34.38:45833], old=null
2019-10-16 21:01:20,520 [grpc-default-executor-1] INFO  impl.RaftServerImpl (RaftServerImpl.java:setRole(184)) - 0aa3649f-570d-46c6-937f-492d7f3a8364@group-83C26644CFDA: changes role from  FOLLOWER to FOLLOWER at term 23 for recognizeCandidate:4b287a15-77af-487b-aef7-34d1d0ee189f
2019-10-16 21:01:20,520 [grpc-default-executor-2] INFO  impl.RaftServerImpl (RaftServerImpl.java:setRole(184)) - 4a03179f-3169-4ac7-a075-259968512ef0@group-83C26644CFDA: changes role from  FOLLOWER to FOLLOWER at term 23 for recognizeCandidate:4b287a15-77af-487b-aef7-34d1d0ee189f
2019-10-16 21:01:20,520 [grpc-default-executor-1] INFO  impl.RoleInfo (RoleInfo.java:shutdownFollowerState(121)) - 0aa3649f-570d-46c6-937f-492d7f3a8364: shutdown FollowerState
2019-10-16 21:01:20,521 [grpc-default-executor-2] INFO  impl.RoleInfo (RoleInfo.java:shutdownFollowerState(121)) - 4a03179f-3169-4ac7-a075-259968512ef0: shutdown FollowerState
2019-10-16 21:01:20,521 [grpc-default-executor-1] INFO  impl.RoleInfo (RoleInfo.java:updateAndGet(143)) - 0aa3649f-570d-46c6-937f-492d7f3a8364: start FollowerState
2019-10-16 21:01:20,521 [grpc-default-executor-2] INFO  impl.RoleInfo (RoleInfo.java:updateAndGet(143)) - 4a03179f-3169-4ac7-a075-259968512ef0: start FollowerState
2019-10-16 21:01:20,521 [Thread-480] INFO  impl.FollowerState (FollowerState.java:run(117)) - 0aa3649f-570d-46c6-937f-492d7f3a8364@group-83C26644CFDA-FollowerState was interrupted: java.lang.InterruptedException: sleep interrupted
2019-10-16 21:01:20,521 [Thread-481] INFO  impl.FollowerState (FollowerState.java:run(117)) - 4a03179f-3169-4ac7-a075-259968512ef0@group-83C26644CFDA-FollowerState was interrupted: java.lang.InterruptedException: sleep interrupted
2019-10-16 21:01:20,536 [4b287a15-77af-487b-aef7-34d1d0ee189f@group-83C26644CFDA-LeaderElection38] INFO  impl.LeaderElection (LeaderElection.java:logAndReturn(56)) - 4b287a15-77af-487b-aef7-34d1d0ee189f@group-83C26644CFDA-LeaderElection38: Election REJECTED; received 2 response(s) [4b287a15-77af-487b-aef7-34d1d0ee189f<-0aa3649f-570d-46c6-937f-492d7f3a8364#0:FAIL-t23, 4b287a15-77af-487b-aef7-34d1d0ee189f<-4a03179f-3169-4ac7-a075-259968512ef0#0:FAIL-t23] and 0 exception(s); 4b287a15-77af-487b-aef7-34d1d0ee189f@group-83C26644CFDA:t23, leader=null, voted=4b287a15-77af-487b-aef7-34d1d0ee189f, raftlog=4b287a15-77af-487b-aef7-34d1d0ee189f@group-83C26644CFDA-SegmentedRaftLog:OPENED:c-1,f-1,i0, conf=-1: [4b287a15-77af-487b-aef7-34d1d0ee189f:192.168.34.38:38597, 0aa3649f-570d-46c6-937f-492d7f3a8364:192.168.34.38:33209, 4a03179f-3169-4ac7-a075-259968512ef0:192.168.34.38:45833], old=null
2019-10-16 21:01:20,536 [4b287a15-77af-487b-aef7-34d1d0ee189f@group-83C26644CFDA-LeaderElection38] INFO  impl.RaftServerImpl (RaftServerImpl.java:setRole(184)) - 4b287a15-77af-487b-aef7-34d1d0ee189f@group-83C26644CFDA: changes role from CANDIDATE to FOLLOWER at term 23 for DISCOVERED_A_NEW_TERM
2019-10-16 21:01:20,536 [4b287a15-77af-487b-aef7-34d1d0ee189f@group-83C26644CFDA-LeaderElection38] INFO  impl.RoleInfo (RoleInfo.java:shutdownLeaderElection(134)) - 4b287a15-77af-487b-aef7-34d1d0ee189f: shutdown LeaderElection
2019-10-16 21:01:20,536 [4b287a15-77af-487b-aef7-34d1d0ee189f@group-83C26644CFDA-LeaderElection38] INFO  impl.RoleInfo (RoleInfo.java:updateAndGet(143)) - 4b287a15-77af-487b-aef7-34d1d0ee189f: start FollowerState
2019-10-16 21:01:20,576 [Thread-488] INFO  impl.FollowerState (FollowerState.java:run(108)) - 4b287a15-77af-487b-aef7-34d1d0ee189f@group-83C26644CFDA-FollowerState: change to CANDIDATE, lastRpcTime:39ms, electionTimeout:39ms
2019-10-16 21:01:20,576 [Thread-488] INFO  impl.RoleInfo (RoleInfo.java:shutdownFollowerState(121)) - 4b287a15-77af-487b-aef7-34d1d0ee189f: shutdown FollowerState
2019-10-16 21:01:20,576 [Thread-488] INFO  impl.RaftServerImpl (RaftServerImpl.java:setRole(184)) - 4b287a15-77af-487b-aef7-34d1d0ee189f@group-83C26644CFDA: changes role from  FOLLOWER to CANDIDATE at term 23 for changeToCandidate
2019-10-16 21:01:20,576 [Thread-488] INFO  impl.RoleInfo (RoleInfo.java:updateAndGet(143)) - 4b287a15-77af-487b-aef7-34d1d0ee189f: start LeaderElection
2019-10-16 21:01:20,590 [4b287a15-77af-487b-aef7-34d1d0ee189f@group-83C26644CFDA-LeaderElection39] INFO  impl.LeaderElection (LeaderElection.java:askForVotes(178)) - 4b287a15-77af-487b-aef7-34d1d0ee189f@group-83C26644CFDA-LeaderElection39: begin an election at term 24 for -1: [4b287a15-77af-487b-aef7-34d1d0ee189f:192.168.34.38:38597, 0aa3649f-570d-46c6-937f-492d7f3a8364:192.168.34.38:33209, 4a03179f-3169-4ac7-a075-259968512ef0:192.168.34.38:45833], old=null
2019-10-16 21:01:20,593 [grpc-default-executor-2] INFO  impl.RaftServerImpl (RaftServerImpl.java:setRole(184)) - 4a03179f-3169-4ac7-a075-259968512ef0@group-83C26644CFDA: changes role from  FOLLOWER to FOLLOWER at term 24 for recognizeCandidate:4b287a15-77af-487b-aef7-34d1d0ee189f
2019-10-16 21:01:20,593 [grpc-default-executor-1] INFO  impl.RaftServerImpl (RaftServerImpl.java:setRole(184)) - 0aa3649f-570d-46c6-937f-492d7f3a8364@group-83C26644CFDA: changes role from  FOLLOWER to FOLLOWER at term 24 for recognizeCandidate:4b287a15-77af-487b-aef7-34d1d0ee189f
2019-10-16 21:01:20,593 [grpc-default-executor-2] INFO  impl.RoleInfo (RoleInfo.java:shutdownFollowerState(121)) - 4a03179f-3169-4ac7-a075-259968512ef0: shutdown FollowerState
2019-10-16 21:01:20,593 [grpc-default-executor-1] INFO  impl.RoleInfo (RoleInfo.java:shutdownFollowerState(121)) - 0aa3649f-570d-46c6-937f-492d7f3a8364: shutdown FollowerState
2019-10-16 21:01:20,594 [Thread-487] INFO  impl.FollowerState (FollowerState.java:run(117)) - 4a03179f-3169-4ac7-a075-259968512ef0@group-83C26644CFDA-FollowerState was interrupted: java.lang.InterruptedException: sleep interrupted
2019-10-16 21:01:20,594 [grpc-default-executor-1] INFO  impl.RoleInfo (RoleInfo.java:updateAndGet(143)) - 0aa3649f-570d-46c6-937f-492d7f3a8364: start FollowerState
2019-10-16 21:01:20,594 [grpc-default-executor-2] INFO  impl.RoleInfo (RoleInfo.java:updateAndGet(143)) - 4a03179f-3169-4ac7-a075-259968512ef0: start FollowerState
2019-10-16 21:01:20,594 [Thread-486] INFO  impl.FollowerState (FollowerState.java:run(117)) - 0aa3649f-570d-46c6-937f-492d7f3a8364@group-83C26644CFDA-FollowerState was interrupted: java.lang.InterruptedException: sleep interrupted
2019-10-16 21:01:20,609 [4b287a15-77af-487b-aef7-34d1d0ee189f@group-83C26644CFDA-LeaderElection39] INFO  impl.LeaderElection (LeaderElection.java:logAndReturn(56)) - 4b287a15-77af-487b-aef7-34d1d0ee189f@group-83C26644CFDA-LeaderElection39: Election REJECTED; received 2 response(s) [4b287a15-77af-487b-aef7-34d1d0ee189f<-0aa3649f-570d-46c6-937f-492d7f3a8364#0:FAIL-t24, 4b287a15-77af-487b-aef7-34d1d0ee189f<-4a03179f-3169-4ac7-a075-259968512ef0#0:FAIL-t24] and 0 exception(s); 4b287a15-77af-487b-aef7-34d1d0ee189f@group-83C26644CFDA:t24, leader=null, voted=4b287a15-77af-487b-aef7-34d1d0ee189f, raftlog=4b287a15-77af-487b-aef7-34d1d0ee189f@group-83C26644CFDA-SegmentedRaftLog:OPENED:c-1,f-1,i0, conf=-1: [4b287a15-77af-487b-aef7-34d1d0ee189f:192.168.34.38:38597, 0aa3649f-570d-46c6-937f-492d7f3a8364:192.168.34.38:33209, 4a03179f-3169-4ac7-a075-259968512ef0:192.168.34.38:45833], old=null
2019-10-16 21:01:20,609 [4b287a15-77af-487b-aef7-34d1d0ee189f@group-83C26644CFDA-LeaderElection39] INFO  impl.RaftServerImpl (RaftServerImpl.java:setRole(184)) - 4b287a15-77af-487b-aef7-34d1d0ee189f@group-83C26644CFDA: changes role from CANDIDATE to FOLLOWER at term 24 for DISCOVERED_A_NEW_TERM
2019-10-16 21:01:20,609 [4b287a15-77af-487b-aef7-34d1d0ee189f@group-83C26644CFDA-LeaderElection39] INFO  impl.RoleInfo (RoleInfo.java:shutdownLeaderElection(134)) - 4b287a15-77af-487b-aef7-34d1d0ee189f: shutdown LeaderElection
2019-10-16 21:01:20,609 [4b287a15-77af-487b-aef7-34d1d0ee189f@group-83C26644CFDA-LeaderElection39] INFO  impl.RoleInfo (RoleInfo.java:updateAndGet(143)) - 4b287a15-77af-487b-aef7-34d1d0ee189f: start FollowerState
2019-10-16 21:01:20,685 [Thread-494] INFO  impl.FollowerState (FollowerState.java:run(108)) - 4b287a15-77af-487b-aef7-34d1d0ee189f@group-83C26644CFDA-FollowerState: change to CANDIDATE, lastRpcTime:75ms, electionTimeout:75ms
2019-10-16 21:01:20,685 [Thread-494] INFO  impl.RoleInfo (RoleInfo.java:shutdownFollowerState(121)) - 4b287a15-77af-487b-aef7-34d1d0ee189f: shutdown FollowerState
2019-10-16 21:01:20,685 [Thread-494] INFO  impl.RaftServerImpl (RaftServerImpl.java:setRole(184)) - 4b287a15-77af-487b-aef7-34d1d0ee189f@group-83C26644CFDA: changes role from  FOLLOWER to CANDIDATE at term 24 for changeToCandidate
2019-10-16 21:01:20,685 [Thread-494] INFO  impl.RoleInfo (RoleInfo.java:updateAndGet(143)) - 4b287a15-77af-487b-aef7-34d1d0ee189f: start LeaderElection
2019-10-16 21:01:20,699 [4b287a15-77af-487b-aef7-34d1d0ee189f@group-83C26644CFDA-LeaderElection40] INFO  impl.LeaderElection (LeaderElection.java:askForVotes(178)) - 4b287a15-77af-487b-aef7-34d1d0ee189f@group-83C26644CFDA-LeaderElection40: begin an election at term 25 for -1: [4b287a15-77af-487b-aef7-34d1d0ee189f:192.168.34.38:38597, 0aa3649f-570d-46c6-937f-492d7f3a8364:192.168.34.38:33209, 4a03179f-3169-4ac7-a075-259968512ef0:192.168.34.38:45833], old=null
2019-10-16 21:01:20,702 [grpc-default-executor-2] INFO  impl.RaftServerImpl (RaftServerImpl.java:setRole(184)) - 4a03179f-3169-4ac7-a075-259968512ef0@group-83C26644CFDA: changes role from  FOLLOWER to FOLLOWER at term 25 for recognizeCandidate:4b287a15-77af-487b-aef7-34d1d0ee189f
2019-10-16 21:01:20,702 [grpc-default-executor-1] INFO  impl.RaftServerImpl (RaftServerImpl.java:setRole(184)) - 0aa3649f-570d-46c6-937f-492d7f3a8364@group-83C26644CFDA: changes role from  FOLLOWER to FOLLOWER at term 25 for recognizeCandidate:4b287a15-77af-487b-aef7-34d1d0ee189f
2019-10-16 21:01:20,702 [grpc-default-executor-2] INFO  impl.RoleInfo (RoleInfo.java:shutdownFollowerState(121)) - 4a03179f-3169-4ac7-a075-259968512ef0: shutdown FollowerState
2019-10-16 21:01:20,702 [grpc-default-executor-1] INFO  impl.RoleInfo (RoleInfo.java:shutdownFollowerState(121)) - 0aa3649f-570d-46c6-937f-492d7f3a8364: shutdown FollowerState
2019-10-16 21:01:20,702 [Thread-492] INFO  impl.FollowerState (FollowerState.java:run(117)) - 4a03179f-3169-4ac7-a075-259968512ef0@group-83C26644CFDA-FollowerState was interrupted: java.lang.InterruptedException: sleep interrupted
2019-10-16 21:01:20,702 [grpc-default-executor-2] INFO  impl.RoleInfo (RoleInfo.java:updateAndGet(143)) - 4a03179f-3169-4ac7-a075-259968512ef0: start FollowerState
2019-10-16 21:01:20,703 [Thread-493] INFO  impl.FollowerState (FollowerState.java:run(117)) - 0aa3649f-570d-46c6-937f-492d7f3a8364@group-83C26644CFDA-FollowerState was interrupted: java.lang.InterruptedException: sleep interrupted
2019-10-16 21:01:20,702 [grpc-default-executor-1] INFO  impl.RoleInfo (RoleInfo.java:updateAndGet(143)) - 0aa3649f-570d-46c6-937f-492d7f3a8364: start FollowerState
2019-10-16 21:01:20,717 [4b287a15-77af-487b-aef7-34d1d0ee189f@group-83C26644CFDA-LeaderElection40] INFO  impl.LeaderElection (LeaderElection.java:logAndReturn(56)) - 4b287a15-77af-487b-aef7-34d1d0ee189f@group-83C26644CFDA-LeaderElection40: Election REJECTED; received 2 response(s) [4b287a15-77af-487b-aef7-34d1d0ee189f<-0aa3649f-570d-46c6-937f-492d7f3a8364#0:FAIL-t25, 4b287a15-77af-487b-aef7-34d1d0ee189f<-4a03179f-3169-4ac7-a075-259968512ef0#0:FAIL-t25] and 0 exception(s); 4b287a15-77af-487b-aef7-34d1d0ee189f@group-83C26644CFDA:t25, leader=null, voted=4b287a15-77af-487b-aef7-34d1d0ee189f, raftlog=4b287a15-77af-487b-aef7-34d1d0ee189f@group-83C26644CFDA-SegmentedRaftLog:OPENED:c-1,f-1,i0, conf=-1: [4b287a15-77af-487b-aef7-34d1d0ee189f:192.168.34.38:38597, 0aa3649f-570d-46c6-937f-492d7f3a8364:192.168.34.38:33209, 4a03179f-3169-4ac7-a075-259968512ef0:192.168.34.38:45833], old=null
2019-10-16 21:01:20,717 [4b287a15-77af-487b-aef7-34d1d0ee189f@group-83C26644CFDA-LeaderElection40] INFO  impl.RaftServerImpl (RaftServerImpl.java:setRole(184)) - 4b287a15-77af-487b-aef7-34d1d0ee189f@group-83C26644CFDA: changes role from CANDIDATE to FOLLOWER at term 25 for DISCOVERED_A_NEW_TERM
2019-10-16 21:01:20,718 [4b287a15-77af-487b-aef7-34d1d0ee189f@group-83C26644CFDA-LeaderElection40] INFO  impl.RoleInfo (RoleInfo.java:shutdownLeaderElection(134)) - 4b287a15-77af-487b-aef7-34d1d0ee189f: shutdown LeaderElection
2019-10-16 21:01:20,718 [4b287a15-77af-487b-aef7-34d1d0ee189f@group-83C26644CFDA-LeaderElection40] INFO  impl.RoleInfo (RoleInfo.java:updateAndGet(143)) - 4b287a15-77af-487b-aef7-34d1d0ee189f: start FollowerState
2019-10-16 21:01:20,731 [Thread-500] INFO  impl.FollowerState (FollowerState.java:run(108)) - 4b287a15-77af-487b-aef7-34d1d0ee189f@group-83C26644CFDA-FollowerState: change to CANDIDATE, lastRpcTime:13ms, electionTimeout:13ms
2019-10-16 21:01:20,731 [Thread-500] INFO  impl.RoleInfo (RoleInfo.java:shutdownFollowerState(121)) - 4b287a15-77af-487b-aef7-34d1d0ee189f: shutdown FollowerState
2019-10-16 21:01:20,731 [Thread-500] INFO  impl.RaftServerImpl (RaftServerImpl.java:setRole(184)) - 4b287a15-77af-487b-aef7-34d1d0ee189f@group-83C26644CFDA: changes role from  FOLLOWER to CANDIDATE at term 25 for changeToCandidate
2019-10-16 21:01:20,732 [Thread-500] INFO  impl.RoleInfo (RoleInfo.java:updateAndGet(143)) - 4b287a15-77af-487b-aef7-34d1d0ee189f: start LeaderElection
2019-10-16 21:01:20,745 [4b287a15-77af-487b-aef7-34d1d0ee189f@group-83C26644CFDA-LeaderElection41] INFO  impl.LeaderElection (LeaderElection.java:askForVotes(178)) - 4b287a15-77af-487b-aef7-34d1d0ee189f@group-83C26644CFDA-LeaderElection41: begin an election at term 26 for -1: [4b287a15-77af-487b-aef7-34d1d0ee189f:192.168.34.38:38597, 0aa3649f-570d-46c6-937f-492d7f3a8364:192.168.34.38:33209, 4a03179f-3169-4ac7-a075-259968512ef0:192.168.34.38:45833], old=null
2019-10-16 21:01:20,748 [grpc-default-executor-1] INFO  impl.RaftServerImpl (RaftServerImpl.java:setRole(184)) - 4a03179f-3169-4ac7-a075-259968512ef0@group-83C26644CFDA: changes role from  FOLLOWER to FOLLOWER at term 26 for recognizeCandidate:4b287a15-77af-487b-aef7-34d1d0ee189f
2019-10-16 21:01:20,748 [grpc-default-executor-2] INFO  impl.RaftServerImpl (RaftServerImpl.java:setRole(184)) - 0aa3649f-570d-46c6-937f-492d7f3a8364@group-83C26644CFDA: changes role from  FOLLOWER to FOLLOWER at term 26 for recognizeCandidate:4b287a15-77af-487b-aef7-34d1d0ee189f
2019-10-16 21:01:20,748 [grpc-default-executor-1] INFO  impl.RoleInfo (RoleInfo.java:shutdownFollowerState(121)) - 4a03179f-3169-4ac7-a075-259968512ef0: shutdown FollowerState
2019-10-16 21:01:20,748 [grpc-default-executor-2] INFO  impl.RoleInfo (RoleInfo.java:shutdownFollowerState(121)) - 0aa3649f-570d-46c6-937f-492d7f3a8364: shutdown FollowerState
2019-10-16 21:01:20,748 [Thread-498] INFO  impl.FollowerState (FollowerState.java:run(117)) - 4a03179f-3169-4ac7-a075-259968512ef0@group-83C26644CFDA-FollowerState was interrupted: java.lang.InterruptedException: sleep interrupted
2019-10-16 21:01:20,748 [grpc-default-executor-1] INFO  impl.RoleInfo (RoleInfo.java:updateAndGet(143)) - 4a03179f-3169-4ac7-a075-259968512ef0: start FollowerState
2019-10-16 21:01:20,748 [Thread-499] INFO  impl.FollowerState (FollowerState.java:run(117)) - 0aa3649f-570d-46c6-937f-492d7f3a8364@group-83C26644CFDA-FollowerState was interrupted: java.lang.InterruptedException: sleep interrupted
2019-10-16 21:01:20,748 [grpc-default-executor-2] INFO  impl.RoleInfo (RoleInfo.java:updateAndGet(143)) - 0aa3649f-570d-46c6-937f-492d7f3a8364: start FollowerState
2019-10-16 21:01:20,763 [4b287a15-77af-487b-aef7-34d1d0ee189f@group-83C26644CFDA-LeaderElection41] INFO  impl.LeaderElection (LeaderElection.java:logAndReturn(56)) - 4b287a15-77af-487b-aef7-34d1d0ee189f@group-83C26644CFDA-LeaderElection41: Election REJECTED; received 2 response(s) [4b287a15-77af-487b-aef7-34d1d0ee189f<-0aa3649f-570d-46c6-937f-492d7f3a8364#0:FAIL-t26, 4b287a15-77af-487b-aef7-34d1d0ee189f<-4a03179f-3169-4ac7-a075-259968512ef0#0:FAIL-t26] and 0 exception(s); 4b287a15-77af-487b-aef7-34d1d0ee189f@group-83C26644CFDA:t26, leader=null, voted=4b287a15-77af-487b-aef7-34d1d0ee189f, raftlog=4b287a15-77af-487b-aef7-34d1d0ee189f@group-83C26644CFDA-SegmentedRaftLog:OPENED:c-1,f-1,i0, conf=-1: [4b287a15-77af-487b-aef7-34d1d0ee189f:192.168.34.38:38597, 0aa3649f-570d-46c6-937f-492d7f3a8364:192.168.34.38:33209, 4a03179f-3169-4ac7-a075-259968512ef0:192.168.34.38:45833], old=null
2019-10-16 21:01:20,763 [4b287a15-77af-487b-aef7-34d1d0ee189f@group-83C26644CFDA-LeaderElection41] INFO  impl.RaftServerImpl (RaftServerImpl.java:setRole(184)) - 4b287a15-77af-487b-aef7-34d1d0ee189f@group-83C26644CFDA: changes role from CANDIDATE to FOLLOWER at term 26 for DISCOVERED_A_NEW_TERM
2019-10-16 21:01:20,763 [4b287a15-77af-487b-aef7-34d1d0ee189f@group-83C26644CFDA-LeaderElection41] INFO  impl.RoleInfo (RoleInfo.java:shutdownLeaderElection(134)) - 4b287a15-77af-487b-aef7-34d1d0ee189f: shutdown LeaderElection
2019-10-16 21:01:20,764 [4b287a15-77af-487b-aef7-34d1d0ee189f@group-83C26644CFDA-LeaderElection41] INFO  impl.RoleInfo (RoleInfo.java:updateAndGet(143)) - 4b287a15-77af-487b-aef7-34d1d0ee189f: start FollowerState
2019-10-16 21:01:20,896 [Thread-506] INFO  impl.FollowerState (FollowerState.java:run(108)) - 4b287a15-77af-487b-aef7-34d1d0ee189f@group-83C26644CFDA-FollowerState: change to CANDIDATE, lastRpcTime:132ms, electionTimeout:132ms
2019-10-16 21:01:20,896 [Thread-506] INFO  impl.RoleInfo (RoleInfo.java:shutdownFollowerState(121)) - 4b287a15-77af-487b-aef7-34d1d0ee189f: shutdown FollowerState
2019-10-16 21:01:20,896 [Thread-506] INFO  impl.RaftServerImpl (RaftServerImpl.java:setRole(184)) - 4b287a15-77af-487b-aef7-34d1d0ee189f@group-83C26644CFDA: changes role from  FOLLOWER to CANDIDATE at term 26 for changeToCandidate
2019-10-16 21:01:20,896 [Thread-506] INFO  impl.RoleInfo (RoleInfo.java:updateAndGet(143)) - 4b287a15-77af-487b-aef7-34d1d0ee189f: start LeaderElection
2019-10-16 21:01:20,918 [4b287a15-77af-487b-aef7-34d1d0ee189f@group-83C26644CFDA-LeaderElection42] INFO  impl.LeaderElection (LeaderElection.java:askForVotes(178)) - 4b287a15-77af-487b-aef7-34d1d0ee189f@group-83C26644CFDA-LeaderElection42: begin an election at term 27 for -1: [4b287a15-77af-487b-aef7-34d1d0ee189f:192.168.34.38:38597, 0aa3649f-570d-46c6-937f-492d7f3a8364:192.168.34.38:33209, 4a03179f-3169-4ac7-a075-259968512ef0:192.168.34.38:45833], old=null
2019-10-16 21:01:20,921 [grpc-default-executor-2] INFO  impl.RaftServerImpl (RaftServerImpl.java:setRole(184)) - 0aa3649f-570d-46c6-937f-492d7f3a8364@group-83C26644CFDA: changes role from  FOLLOWER to FOLLOWER at term 27 for recognizeCandidate:4b287a15-77af-487b-aef7-34d1d0ee189f
2019-10-16 21:01:20,921 [grpc-default-executor-1] INFO  impl.RaftServerImpl (RaftServerImpl.java:setRole(184)) - 4a03179f-3169-4ac7-a075-259968512ef0@group-83C26644CFDA: changes role from  FOLLOWER to FOLLOWER at term 27 for recognizeCandidate:4b287a15-77af-487b-aef7-34d1d0ee189f
2019-10-16 21:01:20,921 [grpc-default-executor-2] INFO  impl.RoleInfo (RoleInfo.java:shutdownFollowerState(121)) - 0aa3649f-570d-46c6-937f-492d7f3a8364: shutdown FollowerState
2019-10-16 21:01:20,921 [grpc-default-executor-1] INFO  impl.RoleInfo (RoleInfo.java:shutdownFollowerState(121)) - 4a03179f-3169-4ac7-a075-259968512ef0: shutdown FollowerState
2019-10-16 21:01:20,921 [Thread-505] INFO  impl.FollowerState (FollowerState.java:run(117)) - 0aa3649f-570d-46c6-937f-492d7f3a8364@group-83C26644CFDA-FollowerState was interrupted: java.lang.InterruptedException: sleep interrupted
2019-10-16 21:01:20,921 [grpc-default-executor-1] INFO  impl.RoleInfo (RoleInfo.java:updateAndGet(143)) - 4a03179f-3169-4ac7-a075-259968512ef0: start FollowerState
2019-10-16 21:01:20,921 [grpc-default-executor-2] INFO  impl.RoleInfo (RoleInfo.java:updateAndGet(143)) - 0aa3649f-570d-46c6-937f-492d7f3a8364: start FollowerState
2019-10-16 21:01:20,921 [Thread-504] INFO  impl.FollowerState (FollowerState.java:run(117)) - 4a03179f-3169-4ac7-a075-259968512ef0@group-83C26644CFDA-FollowerState was interrupted: java.lang.InterruptedException: sleep interrupted
2019-10-16 21:01:20,936 [4b287a15-77af-487b-aef7-34d1d0ee189f@group-83C26644CFDA-LeaderElection42] INFO  impl.LeaderElection (LeaderElection.java:logAndReturn(56)) - 4b287a15-77af-487b-aef7-34d1d0ee189f@group-83C26644CFDA-LeaderElection42: Election REJECTED; received 2 response(s) [4b287a15-77af-487b-aef7-34d1d0ee189f<-0aa3649f-570d-46c6-937f-492d7f3a8364#0:FAIL-t27, 4b287a15-77af-487b-aef7-34d1d0ee189f<-4a03179f-3169-4ac7-a075-259968512ef0#0:FAIL-t27] and 0 exception(s); 4b287a15-77af-487b-aef7-34d1d0ee189f@group-83C26644CFDA:t27, leader=null, voted=4b287a15-77af-487b-aef7-34d1d0ee189f, raftlog=4b287a15-77af-487b-aef7-34d1d0ee189f@group-83C26644CFDA-SegmentedRaftLog:OPENED:c-1,f-1,i0, conf=-1: [4b287a15-77af-487b-aef7-34d1d0ee189f:192.168.34.38:38597, 0aa3649f-570d-46c6-937f-492d7f3a8364:192.168.34.38:33209, 4a03179f-3169-4ac7-a075-259968512ef0:192.168.34.38:45833], old=null
2019-10-16 21:01:20,937 [4b287a15-77af-487b-aef7-34d1d0ee189f@group-83C26644CFDA-LeaderElection42] INFO  impl.RaftServerImpl (RaftServerImpl.java:setRole(184)) - 4b287a15-77af-487b-aef7-34d1d0ee189f@group-83C26644CFDA: changes role from CANDIDATE to FOLLOWER at term 27 for DISCOVERED_A_NEW_TERM
2019-10-16 21:01:20,937 [4b287a15-77af-487b-aef7-34d1d0ee189f@group-83C26644CFDA-LeaderElection42] INFO  impl.RoleInfo (RoleInfo.java:shutdownLeaderElection(134)) - 4b287a15-77af-487b-aef7-34d1d0ee189f: shutdown LeaderElection
2019-10-16 21:01:20,937 [4b287a15-77af-487b-aef7-34d1d0ee189f@group-83C26644CFDA-LeaderElection42] INFO  impl.RoleInfo (RoleInfo.java:updateAndGet(143)) - 4b287a15-77af-487b-aef7-34d1d0ee189f: start FollowerState
2019-10-16 21:01:20,994 [Thread-515] INFO  impl.FollowerState (FollowerState.java:run(108)) - 4b287a15-77af-487b-aef7-34d1d0ee189f@group-83C26644CFDA-FollowerState: change to CANDIDATE, lastRpcTime:57ms, electionTimeout:57ms
2019-10-16 21:01:20,995 [Thread-515] INFO  impl.RoleInfo (RoleInfo.java:shutdownFollowerState(121)) - 4b287a15-77af-487b-aef7-34d1d0ee189f: shutdown FollowerState
2019-10-16 21:01:20,995 [Thread-515] INFO  impl.RaftServerImpl (RaftServerImpl.java:setRole(184)) - 4b287a15-77af-487b-aef7-34d1d0ee189f@group-83C26644CFDA: changes role from  FOLLOWER to CANDIDATE at term 27 for changeToCandidate
2019-10-16 21:01:20,995 [Thread-515] INFO  impl.RoleInfo (RoleInfo.java:updateAndGet(143)) - 4b287a15-77af-487b-aef7-34d1d0ee189f: start LeaderElection
2019-10-16 21:01:21,008 [4b287a15-77af-487b-aef7-34d1d0ee189f@group-83C26644CFDA-LeaderElection43] INFO  impl.LeaderElection (LeaderElection.java:askForVotes(178)) - 4b287a15-77af-487b-aef7-34d1d0ee189f@group-83C26644CFDA-LeaderElection43: begin an election at term 28 for -1: [4b287a15-77af-487b-aef7-34d1d0ee189f:192.168.34.38:38597, 0aa3649f-570d-46c6-937f-492d7f3a8364:192.168.34.38:33209, 4a03179f-3169-4ac7-a075-259968512ef0:192.168.34.38:45833], old=null
2019-10-16 21:01:21,011 [grpc-default-executor-1] INFO  impl.RaftServerImpl (RaftServerImpl.java:setRole(184)) - 4a03179f-3169-4ac7-a075-259968512ef0@group-83C26644CFDA: changes role from  FOLLOWER to FOLLOWER at term 28 for recognizeCandidate:4b287a15-77af-487b-aef7-34d1d0ee189f
2019-10-16 21:01:21,011 [grpc-default-executor-2] INFO  impl.RaftServerImpl (RaftServerImpl.java:setRole(184)) - 0aa3649f-570d-46c6-937f-492d7f3a8364@group-83C26644CFDA: changes role from  FOLLOWER to FOLLOWER at term 28 for recognizeCandidate:4b287a15-77af-487b-aef7-34d1d0ee189f
2019-10-16 21:01:21,011 [grpc-default-executor-1] INFO  impl.RoleInfo (RoleInfo.java:shutdownFollowerState(121)) - 4a03179f-3169-4ac7-a075-259968512ef0: shutdown FollowerState
2019-10-16 21:01:21,011 [grpc-default-executor-2] INFO  impl.RoleInfo (RoleInfo.java:shutdownFollowerState(121)) - 0aa3649f-570d-46c6-937f-492d7f3a8364: shutdown FollowerState
2019-10-16 21:01:21,011 [grpc-default-executor-1] INFO  impl.RoleInfo (RoleInfo.java:updateAndGet(143)) - 4a03179f-3169-4ac7-a075-259968512ef0: start FollowerState
2019-10-16 21:01:21,011 [Thread-513] INFO  impl.FollowerState (FollowerState.java:run(117)) - 0aa3649f-570d-46c6-937f-492d7f3a8364@group-83C26644CFDA-FollowerState was interrupted: java.lang.InterruptedException: sleep interrupted
2019-10-16 21:01:21,011 [grpc-default-executor-2] INFO  impl.RoleInfo (RoleInfo.java:updateAndGet(143)) - 0aa3649f-570d-46c6-937f-492d7f3a8364: start FollowerState
2019-10-16 21:01:21,011 [Thread-514] INFO  impl.FollowerState (FollowerState.java:run(117)) - 4a03179f-3169-4ac7-a075-259968512ef0@group-83C26644CFDA-FollowerState was interrupted: java.lang.InterruptedException: sleep interrupted
2019-10-16 21:01:21,027 [4b287a15-77af-487b-aef7-34d1d0ee189f@group-83C26644CFDA-LeaderElection43] INFO  impl.LeaderElection (LeaderElection.java:logAndReturn(56)) - 4b287a15-77af-487b-aef7-34d1d0ee189f@group-83C26644CFDA-LeaderElection43: Election REJECTED; received 2 response(s) [4b287a15-77af-487b-aef7-34d1d0ee189f<-0aa3649f-570d-46c6-937f-492d7f3a8364#0:FAIL-t28, 4b287a15-77af-487b-aef7-34d1d0ee189f<-4a03179f-3169-4ac7-a075-259968512ef0#0:FAIL-t28] and 0 exception(s); 4b287a15-77af-487b-aef7-34d1d0ee189f@group-83C26644CFDA:t28, leader=null, voted=4b287a15-77af-487b-aef7-34d1d0ee189f, raftlog=4b287a15-77af-487b-aef7-34d1d0ee189f@group-83C26644CFDA-SegmentedRaftLog:OPENED:c-1,f-1,i0, conf=-1: [4b287a15-77af-487b-aef7-34d1d0ee189f:192.168.34.38:38597, 0aa3649f-570d-46c6-937f-492d7f3a8364:192.168.34.38:33209, 4a03179f-3169-4ac7-a075-259968512ef0:192.168.34.38:45833], old=null
2019-10-16 21:01:21,027 [4b287a15-77af-487b-aef7-34d1d0ee189f@group-83C26644CFDA-LeaderElection43] INFO  impl.RaftServerImpl (RaftServerImpl.java:setRole(184)) - 4b287a15-77af-487b-aef7-34d1d0ee189f@group-83C26644CFDA: changes role from CANDIDATE to FOLLOWER at term 28 for DISCOVERED_A_NEW_TERM
2019-10-16 21:01:21,027 [4b287a15-77af-487b-aef7-34d1d0ee189f@group-83C26644CFDA-LeaderElection43] INFO  impl.RoleInfo (RoleInfo.java:shutdownLeaderElection(134)) - 4b287a15-77af-487b-aef7-34d1d0ee189f: shutdown LeaderElection
2019-10-16 21:01:21,027 [4b287a15-77af-487b-aef7-34d1d0ee189f@group-83C26644CFDA-LeaderElection43] INFO  impl.RoleInfo (RoleInfo.java:updateAndGet(143)) - 4b287a15-77af-487b-aef7-34d1d0ee189f: start FollowerState
2019-10-16 21:01:21,124 [Thread-521] INFO  impl.FollowerState (FollowerState.java:run(108)) - 4b287a15-77af-487b-aef7-34d1d0ee189f@group-83C26644CFDA-FollowerState: change to CANDIDATE, lastRpcTime:96ms, electionTimeout:96ms
2019-10-16 21:01:21,124 [Thread-521] INFO  impl.RoleInfo (RoleInfo.java:shutdownFollowerState(121)) - 4b287a15-77af-487b-aef7-34d1d0ee189f: shutdown FollowerState
2019-10-16 21:01:21,124 [Thread-521] INFO  impl.RaftServerImpl (RaftServerImpl.java:setRole(184)) - 4b287a15-77af-487b-aef7-34d1d0ee189f@group-83C26644CFDA: changes role from  FOLLOWER to CANDIDATE at term 28 for changeToCandidate
2019-10-16 21:01:21,124 [Thread-521] INFO  impl.RoleInfo (RoleInfo.java:updateAndGet(143)) - 4b287a15-77af-487b-aef7-34d1d0ee189f: start LeaderElection
2019-10-16 21:01:21,137 [4b287a15-77af-487b-aef7-34d1d0ee189f@group-83C26644CFDA-LeaderElection44] INFO  impl.LeaderElection (LeaderElection.java:askForVotes(178)) - 4b287a15-77af-487b-aef7-34d1d0ee189f@group-83C26644CFDA-LeaderElection44: begin an election at term 29 for -1: [4b287a15-77af-487b-aef7-34d1d0ee189f:192.168.34.38:38597, 0aa3649f-570d-46c6-937f-492d7f3a8364:192.168.34.38:33209, 4a03179f-3169-4ac7-a075-259968512ef0:192.168.34.38:45833], old=null
2019-10-16 21:01:21,140 [grpc-default-executor-2] INFO  impl.RaftServerImpl (RaftServerImpl.java:setRole(184)) - 0aa3649f-570d-46c6-937f-492d7f3a8364@group-83C26644CFDA: changes role from  FOLLOWER to FOLLOWER at term 29 for recognizeCandidate:4b287a15-77af-487b-aef7-34d1d0ee189f
2019-10-16 21:01:21,140 [grpc-default-executor-2] INFO  impl.RoleInfo (RoleInfo.java:shutdownFollowerState(121)) - 0aa3649f-570d-46c6-937f-492d7f3a8364: shutdown FollowerState
2019-10-16 21:01:21,140 [grpc-default-executor-1] INFO  impl.RaftServerImpl (RaftServerImpl.java:setRole(184)) - 4a03179f-3169-4ac7-a075-259968512ef0@group-83C26644CFDA: changes role from  FOLLOWER to FOLLOWER at term 29 for recognizeCandidate:4b287a15-77af-487b-aef7-34d1d0ee189f
2019-10-16 21:01:21,140 [Thread-520] INFO  impl.FollowerState (FollowerState.java:run(117)) - 0aa3649f-570d-46c6-937f-492d7f3a8364@group-83C26644CFDA-FollowerState was interrupted: java.lang.InterruptedException: sleep interrupted
2019-10-16 21:01:21,140 [grpc-default-executor-2] INFO  impl.RoleInfo (RoleInfo.java:updateAndGet(143)) - 0aa3649f-570d-46c6-937f-492d7f3a8364: start FollowerState
2019-10-16 21:01:21,140 [grpc-default-executor-1] INFO  impl.RoleInfo (RoleInfo.java:shutdownFollowerState(121)) - 4a03179f-3169-4ac7-a075-259968512ef0: shutdown FollowerState
2019-10-16 21:01:21,141 [grpc-default-executor-1] INFO  impl.RoleInfo (RoleInfo.java:updateAndGet(143)) - 4a03179f-3169-4ac7-a075-259968512ef0: start FollowerState
2019-10-16 21:01:21,141 [Thread-519] INFO  impl.FollowerState (FollowerState.java:run(117)) - 4a03179f-3169-4ac7-a075-259968512ef0@group-83C26644CFDA-FollowerState was interrupted: java.lang.InterruptedException: sleep interrupted
2019-10-16 21:01:21,152 [4b287a15-77af-487b-aef7-34d1d0ee189f@group-83C26644CFDA-LeaderElection44] INFO  impl.LeaderElection (LeaderElection.java:logAndReturn(56)) - 4b287a15-77af-487b-aef7-34d1d0ee189f@group-83C26644CFDA-LeaderElection44: Election TIMEOUT; received 0 response(s) [] and 0 exception(s); 4b287a15-77af-487b-aef7-34d1d0ee189f@group-83C26644CFDA:t29, leader=null, voted=4b287a15-77af-487b-aef7-34d1d0ee189f, raftlog=4b287a15-77af-487b-aef7-34d1d0ee189f@group-83C26644CFDA-SegmentedRaftLog:OPENED:c-1,f-1,i0, conf=-1: [4b287a15-77af-487b-aef7-34d1d0ee189f:192.168.34.38:38597, 0aa3649f-570d-46c6-937f-492d7f3a8364:192.168.34.38:33209, 4a03179f-3169-4ac7-a075-259968512ef0:192.168.34.38:45833], old=null
2019-10-16 21:01:21,159 [4b287a15-77af-487b-aef7-34d1d0ee189f@group-83C26644CFDA-LeaderElection44] INFO  impl.LeaderElection (LeaderElection.java:askForVotes(178)) - 4b287a15-77af-487b-aef7-34d1d0ee189f@group-83C26644CFDA-LeaderElection44: begin an election at term 30 for -1: [4b287a15-77af-487b-aef7-34d1d0ee189f:192.168.34.38:38597, 0aa3649f-570d-46c6-937f-492d7f3a8364:192.168.34.38:33209, 4a03179f-3169-4ac7-a075-259968512ef0:192.168.34.38:45833], old=null
2019-10-16 21:01:21,161 [grpc-default-executor-1] INFO  impl.RaftServerImpl (RaftServerImpl.java:setRole(184)) - 4a03179f-3169-4ac7-a075-259968512ef0@group-83C26644CFDA: changes role from  FOLLOWER to FOLLOWER at term 30 for recognizeCandidate:4b287a15-77af-487b-aef7-34d1d0ee189f
2019-10-16 21:01:21,161 [grpc-default-executor-1] INFO  impl.RoleInfo (RoleInfo.java:shutdownFollowerState(121)) - 4a03179f-3169-4ac7-a075-259968512ef0: shutdown FollowerState
2019-10-16 21:01:21,161 [grpc-default-executor-1] INFO  impl.RoleInfo (RoleInfo.java:updateAndGet(143)) - 4a03179f-3169-4ac7-a075-259968512ef0: start FollowerState
2019-10-16 21:01:21,161 [Thread-526] INFO  impl.FollowerState (FollowerState.java:run(117)) - 4a03179f-3169-4ac7-a075-259968512ef0@group-83C26644CFDA-FollowerState was interrupted: java.lang.InterruptedException: sleep interrupted
2019-10-16 21:01:21,161 [grpc-default-executor-2] INFO  impl.RaftServerImpl (RaftServerImpl.java:setRole(184)) - 0aa3649f-570d-46c6-937f-492d7f3a8364@group-83C26644CFDA: changes role from  FOLLOWER to FOLLOWER at term 30 for recognizeCandidate:4b287a15-77af-487b-aef7-34d1d0ee189f
2019-10-16 21:01:21,161 [grpc-default-executor-2] INFO  impl.RoleInfo (RoleInfo.java:shutdownFollowerState(121)) - 0aa3649f-570d-46c6-937f-492d7f3a8364: shutdown FollowerState
2019-10-16 21:01:21,161 [grpc-default-executor-2] INFO  impl.RoleInfo (RoleInfo.java:updateAndGet(143)) - 0aa3649f-570d-46c6-937f-492d7f3a8364: start FollowerState
2019-10-16 21:01:21,161 [Thread-525] INFO  impl.FollowerState (FollowerState.java:run(117)) - 0aa3649f-570d-46c6-937f-492d7f3a8364@group-83C26644CFDA-FollowerState was interrupted: java.lang.InterruptedException: sleep interrupted
2019-10-16 21:01:21,183 [4b287a15-77af-487b-aef7-34d1d0ee189f@group-83C26644CFDA-LeaderElection44] INFO  impl.LeaderElection (LeaderElection.java:logAndReturn(56)) - 4b287a15-77af-487b-aef7-34d1d0ee189f@group-83C26644CFDA-LeaderElection44: Election REJECTED; received 2 response(s) [4b287a15-77af-487b-aef7-34d1d0ee189f<-0aa3649f-570d-46c6-937f-492d7f3a8364#0:FAIL-t30, 4b287a15-77af-487b-aef7-34d1d0ee189f<-4a03179f-3169-4ac7-a075-259968512ef0#0:FAIL-t30] and 0 exception(s); 4b287a15-77af-487b-aef7-34d1d0ee189f@group-83C26644CFDA:t30, leader=null, voted=4b287a15-77af-487b-aef7-34d1d0ee189f, raftlog=4b287a15-77af-487b-aef7-34d1d0ee189f@group-83C26644CFDA-SegmentedRaftLog:OPENED:c-1,f-1,i0, conf=-1: [4b287a15-77af-487b-aef7-34d1d0ee189f:192.168.34.38:38597, 0aa3649f-570d-46c6-937f-492d7f3a8364:192.168.34.38:33209, 4a03179f-3169-4ac7-a075-259968512ef0:192.168.34.38:45833], old=null
2019-10-16 21:01:21,183 [4b287a15-77af-487b-aef7-34d1d0ee189f@group-83C26644CFDA-LeaderElection44] INFO  impl.RaftServerImpl (RaftServerImpl.java:setRole(184)) - 4b287a15-77af-487b-aef7-34d1d0ee189f@group-83C26644CFDA: changes role from CANDIDATE to FOLLOWER at term 30 for DISCOVERED_A_NEW_TERM
2019-10-16 21:01:21,183 [4b287a15-77af-487b-aef7-34d1d0ee189f@group-83C26644CFDA-LeaderElection44] INFO  impl.RoleInfo (RoleInfo.java:shutdownLeaderElection(134)) - 4b287a15-77af-487b-aef7-34d1d0ee189f: shutdown LeaderElection
2019-10-16 21:01:21,184 [4b287a15-77af-487b-aef7-34d1d0ee189f@group-83C26644CFDA-LeaderElection44] INFO  impl.RoleInfo (RoleInfo.java:updateAndGet(143)) - 4b287a15-77af-487b-aef7-34d1d0ee189f: start FollowerState
2019-10-16 21:01:21,259 [Thread-531] INFO  impl.FollowerState (FollowerState.java:run(108)) - 4b287a15-77af-487b-aef7-34d1d0ee189f@group-83C26644CFDA-FollowerState: change to CANDIDATE, lastRpcTime:75ms, electionTimeout:75ms
2019-10-16 21:01:21,259 [Thread-531] INFO  impl.RoleInfo (RoleInfo.java:shutdownFollowerState(121)) - 4b287a15-77af-487b-aef7-34d1d0ee189f: shutdown FollowerState
2019-10-16 21:01:21,259 [Thread-531] INFO  impl.RaftServerImpl (RaftServerImpl.java:setRole(184)) - 4b287a15-77af-487b-aef7-34d1d0ee189f@group-83C26644CFDA: changes role from  FOLLOWER to CANDIDATE at term 30 for changeToCandidate
2019-10-16 21:01:21,259 [Thread-531] INFO  impl.RoleInfo (RoleInfo.java:updateAndGet(143)) - 4b287a15-77af-487b-aef7-34d1d0ee189f: start LeaderElection
2019-10-16 21:01:21,326 [4b287a15-77af-487b-aef7-34d1d0ee189f@group-83C26644CFDA-LeaderElection45] INFO  impl.LeaderElection (LeaderElection.java:askForVotes(178)) - 4b287a15-77af-487b-aef7-34d1d0ee189f@group-83C26644CFDA-LeaderElection45: begin an election at term 31 for -1: [4b287a15-77af-487b-aef7-34d1d0ee189f:192.168.34.38:38597, 0aa3649f-570d-46c6-937f-492d7f3a8364:192.168.34.38:33209, 4a03179f-3169-4ac7-a075-259968512ef0:192.168.34.38:45833], old=null
2019-10-16 21:01:21,329 [grpc-default-executor-2] INFO  impl.RaftServerImpl (RaftServerImpl.java:setRole(184)) - 4a03179f-3169-4ac7-a075-259968512ef0@group-83C26644CFDA: changes role from  FOLLOWER to FOLLOWER at term 31 for recognizeCandidate:4b287a15-77af-487b-aef7-34d1d0ee189f
2019-10-16 21:01:21,330 [grpc-default-executor-1] INFO  impl.RaftServerImpl (RaftServerImpl.java:setRole(184)) - 0aa3649f-570d-46c6-937f-492d7f3a8364@group-83C26644CFDA: changes role from  FOLLOWER to FOLLOWER at term 31 for recognizeCandidate:4b287a15-77af-487b-aef7-34d1d0ee189f
2019-10-16 21:01:21,330 [grpc-default-executor-2] INFO  impl.RoleInfo (RoleInfo.java:shutdownFollowerState(121)) - 4a03179f-3169-4ac7-a075-259968512ef0: shutdown FollowerState
2019-10-16 21:01:21,330 [grpc-default-executor-1] INFO  impl.RoleInfo (RoleInfo.java:shutdownFollowerState(121)) - 0aa3649f-570d-46c6-937f-492d7f3a8364: shutdown FollowerState
2019-10-16 21:01:21,330 [grpc-default-executor-2] INFO  impl.RoleInfo (RoleInfo.java:updateAndGet(143)) - 4a03179f-3169-4ac7-a075-259968512ef0: start FollowerState
2019-10-16 21:01:21,330 [Thread-529] INFO  impl.FollowerState (FollowerState.java:run(117)) - 4a03179f-3169-4ac7-a075-259968512ef0@group-83C26644CFDA-FollowerState was interrupted: java.lang.InterruptedException: sleep interrupted
2019-10-16 21:01:21,330 [Thread-530] INFO  impl.FollowerState (FollowerState.java:run(117)) - 0aa3649f-570d-46c6-937f-492d7f3a8364@group-83C26644CFDA-FollowerState was interrupted: java.lang.InterruptedException: sleep interrupted
2019-10-16 21:01:21,330 [grpc-default-executor-1] INFO  impl.RoleInfo (RoleInfo.java:updateAndGet(143)) - 0aa3649f-570d-46c6-937f-492d7f3a8364: start FollowerState
2019-10-16 21:01:21,345 [main] INFO  ozone.MiniOzoneClusterImpl (MiniOzoneClusterImpl.java:lambda$waitForClusterToBeReady$2(164)) - Waiting for 1 number of pipelines out of 4, to report a leader.
2019-10-16 21:01:21,373 [4b287a15-77af-487b-aef7-34d1d0ee189f@group-83C26644CFDA-LeaderElection45] INFO  impl.LeaderElection (LeaderElection.java:logAndReturn(56)) - 4b287a15-77af-487b-aef7-34d1d0ee189f@group-83C26644CFDA-LeaderElection45: Election REJECTED; received 2 response(s) [4b287a15-77af-487b-aef7-34d1d0ee189f<-0aa3649f-570d-46c6-937f-492d7f3a8364#0:FAIL-t31, 4b287a15-77af-487b-aef7-34d1d0ee189f<-4a03179f-3169-4ac7-a075-259968512ef0#0:FAIL-t31] and 0 exception(s); 4b287a15-77af-487b-aef7-34d1d0ee189f@group-83C26644CFDA:t31, leader=null, voted=4b287a15-77af-487b-aef7-34d1d0ee189f, raftlog=4b287a15-77af-487b-aef7-34d1d0ee189f@group-83C26644CFDA-SegmentedRaftLog:OPENED:c-1,f-1,i0, conf=-1: [4b287a15-77af-487b-aef7-34d1d0ee189f:192.168.34.38:38597, 0aa3649f-570d-46c6-937f-492d7f3a8364:192.168.34.38:33209, 4a03179f-3169-4ac7-a075-259968512ef0:192.168.34.38:45833], old=null
2019-10-16 21:01:21,373 [4b287a15-77af-487b-aef7-34d1d0ee189f@group-83C26644CFDA-LeaderElection45] INFO  impl.RaftServerImpl (RaftServerImpl.java:setRole(184)) - 4b287a15-77af-487b-aef7-34d1d0ee189f@group-83C26644CFDA: changes role from CANDIDATE to FOLLOWER at term 31 for DISCOVERED_A_NEW_TERM
2019-10-16 21:01:21,373 [4b287a15-77af-487b-aef7-34d1d0ee189f@group-83C26644CFDA-LeaderElection45] INFO  impl.RoleInfo (RoleInfo.java:shutdownLeaderElection(134)) - 4b287a15-77af-487b-aef7-34d1d0ee189f: shutdown LeaderElection
2019-10-16 21:01:21,374 [4b287a15-77af-487b-aef7-34d1d0ee189f@group-83C26644CFDA-LeaderElection45] INFO  impl.RoleInfo (RoleInfo.java:updateAndGet(143)) - 4b287a15-77af-487b-aef7-34d1d0ee189f: start FollowerState
2019-10-16 21:01:21,521 [Thread-537] INFO  impl.FollowerState (FollowerState.java:run(108)) - 4b287a15-77af-487b-aef7-34d1d0ee189f@group-83C26644CFDA-FollowerState: change to CANDIDATE, lastRpcTime:147ms, electionTimeout:147ms
2019-10-16 21:01:21,521 [Thread-537] INFO  impl.RoleInfo (RoleInfo.java:shutdownFollowerState(121)) - 4b287a15-77af-487b-aef7-34d1d0ee189f: shutdown FollowerState
2019-10-16 21:01:21,522 [Thread-537] INFO  impl.RaftServerImpl (RaftServerImpl.java:setRole(184)) - 4b287a15-77af-487b-aef7-34d1d0ee189f@group-83C26644CFDA: changes role from  FOLLOWER to CANDIDATE at term 31 for changeToCandidate
2019-10-16 21:01:21,522 [Thread-537] INFO  impl.RoleInfo (RoleInfo.java:updateAndGet(143)) - 4b287a15-77af-487b-aef7-34d1d0ee189f: start LeaderElection
2019-10-16 21:01:21,529 [4b287a15-77af-487b-aef7-34d1d0ee189f@group-83C26644CFDA-LeaderElection46] INFO  impl.LeaderElection (LeaderElection.java:askForVotes(178)) - 4b287a15-77af-487b-aef7-34d1d0ee189f@group-83C26644CFDA-LeaderElection46: begin an election at term 32 for -1: [4b287a15-77af-487b-aef7-34d1d0ee189f:192.168.34.38:38597, 0aa3649f-570d-46c6-937f-492d7f3a8364:192.168.34.38:33209, 4a03179f-3169-4ac7-a075-259968512ef0:192.168.34.38:45833], old=null
2019-10-16 21:01:21,532 [grpc-default-executor-2] INFO  impl.RaftServerImpl (RaftServerImpl.java:setRole(184)) - 4a03179f-3169-4ac7-a075-259968512ef0@group-83C26644CFDA: changes role from  FOLLOWER to FOLLOWER at term 32 for recognizeCandidate:4b287a15-77af-487b-aef7-34d1d0ee189f
2019-10-16 21:01:21,532 [grpc-default-executor-1] INFO  impl.RaftServerImpl (RaftServerImpl.java:setRole(184)) - 0aa3649f-570d-46c6-937f-492d7f3a8364@group-83C26644CFDA: changes role from  FOLLOWER to FOLLOWER at term 32 for recognizeCandidate:4b287a15-77af-487b-aef7-34d1d0ee189f
2019-10-16 21:01:21,532 [grpc-default-executor-2] INFO  impl.RoleInfo (RoleInfo.java:shutdownFollowerState(121)) - 4a03179f-3169-4ac7-a075-259968512ef0: shutdown FollowerState
2019-10-16 21:01:21,532 [grpc-default-executor-1] INFO  impl.RoleInfo (RoleInfo.java:shutdownFollowerState(121)) - 0aa3649f-570d-46c6-937f-492d7f3a8364: shutdown FollowerState
2019-10-16 21:01:21,532 [Thread-535] INFO  impl.FollowerState (FollowerState.java:run(117)) - 4a03179f-3169-4ac7-a075-259968512ef0@group-83C26644CFDA-FollowerState was interrupted: java.lang.InterruptedException: sleep interrupted
2019-10-16 21:01:21,532 [grpc-default-executor-2] INFO  impl.RoleInfo (RoleInfo.java:updateAndGet(143)) - 4a03179f-3169-4ac7-a075-259968512ef0: start FollowerState
2019-10-16 21:01:21,532 [Thread-536] INFO  impl.FollowerState (FollowerState.java:run(117)) - 0aa3649f-570d-46c6-937f-492d7f3a8364@group-83C26644CFDA-FollowerState was interrupted: java.lang.InterruptedException: sleep interrupted
2019-10-16 21:01:21,532 [grpc-default-executor-1] INFO  impl.RoleInfo (RoleInfo.java:updateAndGet(143)) - 0aa3649f-570d-46c6-937f-492d7f3a8364: start FollowerState
2019-10-16 21:01:21,547 [4b287a15-77af-487b-aef7-34d1d0ee189f@group-83C26644CFDA-LeaderElection46] INFO  impl.LeaderElection (LeaderElection.java:logAndReturn(56)) - 4b287a15-77af-487b-aef7-34d1d0ee189f@group-83C26644CFDA-LeaderElection46: Election REJECTED; received 2 response(s) [4b287a15-77af-487b-aef7-34d1d0ee189f<-0aa3649f-570d-46c6-937f-492d7f3a8364#0:FAIL-t32, 4b287a15-77af-487b-aef7-34d1d0ee189f<-4a03179f-3169-4ac7-a075-259968512ef0#0:FAIL-t32] and 0 exception(s); 4b287a15-77af-487b-aef7-34d1d0ee189f@group-83C26644CFDA:t32, leader=null, voted=4b287a15-77af-487b-aef7-34d1d0ee189f, raftlog=4b287a15-77af-487b-aef7-34d1d0ee189f@group-83C26644CFDA-SegmentedRaftLog:OPENED:c-1,f-1,i0, conf=-1: [4b287a15-77af-487b-aef7-34d1d0ee189f:192.168.34.38:38597, 0aa3649f-570d-46c6-937f-492d7f3a8364:192.168.34.38:33209, 4a03179f-3169-4ac7-a075-259968512ef0:192.168.34.38:45833], old=null
2019-10-16 21:01:21,547 [4b287a15-77af-487b-aef7-34d1d0ee189f@group-83C26644CFDA-LeaderElection46] INFO  impl.RaftServerImpl (RaftServerImpl.java:setRole(184)) - 4b287a15-77af-487b-aef7-34d1d0ee189f@group-83C26644CFDA: changes role from CANDIDATE to FOLLOWER at term 32 for DISCOVERED_A_NEW_TERM
2019-10-16 21:01:21,547 [4b287a15-77af-487b-aef7-34d1d0ee189f@group-83C26644CFDA-LeaderElection46] INFO  impl.RoleInfo (RoleInfo.java:shutdownLeaderElection(134)) - 4b287a15-77af-487b-aef7-34d1d0ee189f: shutdown LeaderElection
2019-10-16 21:01:21,547 [4b287a15-77af-487b-aef7-34d1d0ee189f@group-83C26644CFDA-LeaderElection46] INFO  impl.RoleInfo (RoleInfo.java:updateAndGet(143)) - 4b287a15-77af-487b-aef7-34d1d0ee189f: start FollowerState
2019-10-16 21:01:21,625 [Thread-543] INFO  impl.FollowerState (FollowerState.java:run(108)) - 4b287a15-77af-487b-aef7-34d1d0ee189f@group-83C26644CFDA-FollowerState: change to CANDIDATE, lastRpcTime:77ms, electionTimeout:77ms
2019-10-16 21:01:21,625 [Thread-543] INFO  impl.RoleInfo (RoleInfo.java:shutdownFollowerState(121)) - 4b287a15-77af-487b-aef7-34d1d0ee189f: shutdown FollowerState
2019-10-16 21:01:21,625 [Thread-543] INFO  impl.RaftServerImpl (RaftServerImpl.java:setRole(184)) - 4b287a15-77af-487b-aef7-34d1d0ee189f@group-83C26644CFDA: changes role from  FOLLOWER to CANDIDATE at term 32 for changeToCandidate
2019-10-16 21:01:21,625 [Thread-543] INFO  impl.RoleInfo (RoleInfo.java:updateAndGet(143)) - 4b287a15-77af-487b-aef7-34d1d0ee189f: start LeaderElection
2019-10-16 21:01:21,661 [4b287a15-77af-487b-aef7-34d1d0ee189f@group-83C26644CFDA-LeaderElection47] INFO  impl.LeaderElection (LeaderElection.java:askForVotes(178)) - 4b287a15-77af-487b-aef7-34d1d0ee189f@group-83C26644CFDA-LeaderElection47: begin an election at term 33 for -1: [4b287a15-77af-487b-aef7-34d1d0ee189f:192.168.34.38:38597, 0aa3649f-570d-46c6-937f-492d7f3a8364:192.168.34.38:33209, 4a03179f-3169-4ac7-a075-259968512ef0:192.168.34.38:45833], old=null
2019-10-16 21:01:21,665 [grpc-default-executor-2] INFO  impl.RaftServerImpl (RaftServerImpl.java:setRole(184)) - 0aa3649f-570d-46c6-937f-492d7f3a8364@group-83C26644CFDA: changes role from  FOLLOWER to FOLLOWER at term 33 for recognizeCandidate:4b287a15-77af-487b-aef7-34d1d0ee189f
2019-10-16 21:01:21,665 [grpc-default-executor-1] INFO  impl.RaftServerImpl (RaftServerImpl.java:setRole(184)) - 4a03179f-3169-4ac7-a075-259968512ef0@group-83C26644CFDA: changes role from  FOLLOWER to FOLLOWER at term 33 for recognizeCandidate:4b287a15-77af-487b-aef7-34d1d0ee189f
2019-10-16 21:01:21,665 [grpc-default-executor-2] INFO  impl.RoleInfo (RoleInfo.java:shutdownFollowerState(121)) - 0aa3649f-570d-46c6-937f-492d7f3a8364: shutdown FollowerState
2019-10-16 21:01:21,665 [grpc-default-executor-1] INFO  impl.RoleInfo (RoleInfo.java:shutdownFollowerState(121)) - 4a03179f-3169-4ac7-a075-259968512ef0: shutdown FollowerState
2019-10-16 21:01:21,665 [Thread-542] INFO  impl.FollowerState (FollowerState.java:run(117)) - 0aa3649f-570d-46c6-937f-492d7f3a8364@group-83C26644CFDA-FollowerState was interrupted: java.lang.InterruptedException: sleep interrupted
2019-10-16 21:01:21,665 [Thread-541] INFO  impl.FollowerState (FollowerState.java:run(117)) - 4a03179f-3169-4ac7-a075-259968512ef0@group-83C26644CFDA-FollowerState was interrupted: java.lang.InterruptedException: sleep interrupted
2019-10-16 21:01:21,665 [grpc-default-executor-2] INFO  impl.RoleInfo (RoleInfo.java:updateAndGet(143)) - 0aa3649f-570d-46c6-937f-492d7f3a8364: start FollowerState
2019-10-16 21:01:21,665 [grpc-default-executor-1] INFO  impl.RoleInfo (RoleInfo.java:updateAndGet(143)) - 4a03179f-3169-4ac7-a075-259968512ef0: start FollowerState
2019-10-16 21:01:21,679 [4b287a15-77af-487b-aef7-34d1d0ee189f@group-83C26644CFDA-LeaderElection47] INFO  impl.LeaderElection (LeaderElection.java:logAndReturn(56)) - 4b287a15-77af-487b-aef7-34d1d0ee189f@group-83C26644CFDA-LeaderElection47: Election REJECTED; received 2 response(s) [4b287a15-77af-487b-aef7-34d1d0ee189f<-0aa3649f-570d-46c6-937f-492d7f3a8364#0:FAIL-t33, 4b287a15-77af-487b-aef7-34d1d0ee189f<-4a03179f-3169-4ac7-a075-259968512ef0#0:FAIL-t33] and 0 exception(s); 4b287a15-77af-487b-aef7-34d1d0ee189f@group-83C26644CFDA:t33, leader=null, voted=4b287a15-77af-487b-aef7-34d1d0ee189f, raftlog=4b287a15-77af-487b-aef7-34d1d0ee189f@group-83C26644CFDA-SegmentedRaftLog:OPENED:c-1,f-1,i0, conf=-1: [4b287a15-77af-487b-aef7-34d1d0ee189f:192.168.34.38:38597, 0aa3649f-570d-46c6-937f-492d7f3a8364:192.168.34.38:33209, 4a03179f-3169-4ac7-a075-259968512ef0:192.168.34.38:45833], old=null
2019-10-16 21:01:21,679 [4b287a15-77af-487b-aef7-34d1d0ee189f@group-83C26644CFDA-LeaderElection47] INFO  impl.RaftServerImpl (RaftServerImpl.java:setRole(184)) - 4b287a15-77af-487b-aef7-34d1d0ee189f@group-83C26644CFDA: changes role from CANDIDATE to FOLLOWER at term 33 for DISCOVERED_A_NEW_TERM
2019-10-16 21:01:21,679 [4b287a15-77af-487b-aef7-34d1d0ee189f@group-83C26644CFDA-LeaderElection47] INFO  impl.RoleInfo (RoleInfo.java:shutdownLeaderElection(134)) - 4b287a15-77af-487b-aef7-34d1d0ee189f: shutdown LeaderElection
2019-10-16 21:01:21,679 [4b287a15-77af-487b-aef7-34d1d0ee189f@group-83C26644CFDA-LeaderElection47] INFO  impl.RoleInfo (RoleInfo.java:updateAndGet(143)) - 4b287a15-77af-487b-aef7-34d1d0ee189f: start FollowerState
2019-10-16 21:01:21,836 [Thread-549] INFO  impl.FollowerState (FollowerState.java:run(108)) - 4b287a15-77af-487b-aef7-34d1d0ee189f@group-83C26644CFDA-FollowerState: change to CANDIDATE, lastRpcTime:156ms, electionTimeout:156ms
2019-10-16 21:01:21,836 [Thread-549] INFO  impl.RoleInfo (RoleInfo.java:shutdownFollowerState(121)) - 4b287a15-77af-487b-aef7-34d1d0ee189f: shutdown FollowerState
2019-10-16 21:01:21,836 [Thread-549] INFO  impl.RaftServerImpl (RaftServerImpl.java:setRole(184)) - 4b287a15-77af-487b-aef7-34d1d0ee189f@group-83C26644CFDA: changes role from  FOLLOWER to CANDIDATE at term 33 for changeToCandidate
2019-10-16 21:01:21,836 [Thread-549] INFO  impl.RoleInfo (RoleInfo.java:updateAndGet(143)) - 4b287a15-77af-487b-aef7-34d1d0ee189f: start LeaderElection
2019-10-16 21:01:21,850 [4b287a15-77af-487b-aef7-34d1d0ee189f@group-83C26644CFDA-LeaderElection48] INFO  impl.LeaderElection (LeaderElection.java:askForVotes(178)) - 4b287a15-77af-487b-aef7-34d1d0ee189f@group-83C26644CFDA-LeaderElection48: begin an election at term 34 for -1: [4b287a15-77af-487b-aef7-34d1d0ee189f:192.168.34.38:38597, 0aa3649f-570d-46c6-937f-492d7f3a8364:192.168.34.38:33209, 4a03179f-3169-4ac7-a075-259968512ef0:192.168.34.38:45833], old=null
2019-10-16 21:01:21,853 [grpc-default-executor-2] INFO  impl.RaftServerImpl (RaftServerImpl.java:setRole(184)) - 4a03179f-3169-4ac7-a075-259968512ef0@group-83C26644CFDA: changes role from  FOLLOWER to FOLLOWER at term 34 for recognizeCandidate:4b287a15-77af-487b-aef7-34d1d0ee189f
2019-10-16 21:01:21,853 [grpc-default-executor-1] INFO  impl.RaftServerImpl (RaftServerImpl.java:setRole(184)) - 0aa3649f-570d-46c6-937f-492d7f3a8364@group-83C26644CFDA: changes role from  FOLLOWER to FOLLOWER at term 34 for recognizeCandidate:4b287a15-77af-487b-aef7-34d1d0ee189f
2019-10-16 21:01:21,853 [grpc-default-executor-2] INFO  impl.RoleInfo (RoleInfo.java:shutdownFollowerState(121)) - 4a03179f-3169-4ac7-a075-259968512ef0: shutdown FollowerState
2019-10-16 21:01:21,854 [grpc-default-executor-1] INFO  impl.RoleInfo (RoleInfo.java:shutdownFollowerState(121)) - 0aa3649f-570d-46c6-937f-492d7f3a8364: shutdown FollowerState
2019-10-16 21:01:21,854 [Thread-548] INFO  impl.FollowerState (FollowerState.java:run(117)) - 4a03179f-3169-4ac7-a075-259968512ef0@group-83C26644CFDA-FollowerState was interrupted: java.lang.InterruptedException: sleep interrupted
2019-10-16 21:01:21,854 [grpc-default-executor-2] INFO  impl.RoleInfo (RoleInfo.java:updateAndGet(143)) - 4a03179f-3169-4ac7-a075-259968512ef0: start FollowerState
2019-10-16 21:01:21,854 [Thread-547] INFO  impl.FollowerState (FollowerState.java:run(117)) - 0aa3649f-570d-46c6-937f-492d7f3a8364@group-83C26644CFDA-FollowerState was interrupted: java.lang.InterruptedException: sleep interrupted
2019-10-16 21:01:21,854 [grpc-default-executor-1] INFO  impl.RoleInfo (RoleInfo.java:updateAndGet(143)) - 0aa3649f-570d-46c6-937f-492d7f3a8364: start FollowerState
2019-10-16 21:01:21,867 [4b287a15-77af-487b-aef7-34d1d0ee189f@group-83C26644CFDA-LeaderElection48] INFO  impl.LeaderElection (LeaderElection.java:logAndReturn(56)) - 4b287a15-77af-487b-aef7-34d1d0ee189f@group-83C26644CFDA-LeaderElection48: Election REJECTED; received 2 response(s) [4b287a15-77af-487b-aef7-34d1d0ee189f<-0aa3649f-570d-46c6-937f-492d7f3a8364#0:FAIL-t34, 4b287a15-77af-487b-aef7-34d1d0ee189f<-4a03179f-3169-4ac7-a075-259968512ef0#0:FAIL-t34] and 0 exception(s); 4b287a15-77af-487b-aef7-34d1d0ee189f@group-83C26644CFDA:t34, leader=null, voted=4b287a15-77af-487b-aef7-34d1d0ee189f, raftlog=4b287a15-77af-487b-aef7-34d1d0ee189f@group-83C26644CFDA-SegmentedRaftLog:OPENED:c-1,f-1,i0, conf=-1: [4b287a15-77af-487b-aef7-34d1d0ee189f:192.168.34.38:38597, 0aa3649f-570d-46c6-937f-492d7f3a8364:192.168.34.38:33209, 4a03179f-3169-4ac7-a075-259968512ef0:192.168.34.38:45833], old=null
2019-10-16 21:01:21,867 [4b287a15-77af-487b-aef7-34d1d0ee189f@group-83C26644CFDA-LeaderElection48] INFO  impl.RaftServerImpl (RaftServerImpl.java:setRole(184)) - 4b287a15-77af-487b-aef7-34d1d0ee189f@group-83C26644CFDA: changes role from CANDIDATE to FOLLOWER at term 34 for DISCOVERED_A_NEW_TERM
2019-10-16 21:01:21,868 [4b287a15-77af-487b-aef7-34d1d0ee189f@group-83C26644CFDA-LeaderElection48] INFO  impl.RoleInfo (RoleInfo.java:shutdownLeaderElection(134)) - 4b287a15-77af-487b-aef7-34d1d0ee189f: shutdown LeaderElection
2019-10-16 21:01:21,868 [4b287a15-77af-487b-aef7-34d1d0ee189f@group-83C26644CFDA-LeaderElection48] INFO  impl.RoleInfo (RoleInfo.java:updateAndGet(143)) - 4b287a15-77af-487b-aef7-34d1d0ee189f: start FollowerState
2019-10-16 21:01:21,883 [Thread-555] INFO  impl.FollowerState (FollowerState.java:run(108)) - 4b287a15-77af-487b-aef7-34d1d0ee189f@group-83C26644CFDA-FollowerState: change to CANDIDATE, lastRpcTime:15ms, electionTimeout:15ms
2019-10-16 21:01:21,883 [Thread-555] INFO  impl.RoleInfo (RoleInfo.java:shutdownFollowerState(121)) - 4b287a15-77af-487b-aef7-34d1d0ee189f: shutdown FollowerState
2019-10-16 21:01:21,883 [Thread-555] INFO  impl.RaftServerImpl (RaftServerImpl.java:setRole(184)) - 4b287a15-77af-487b-aef7-34d1d0ee189f@group-83C26644CFDA: changes role from  FOLLOWER to CANDIDATE at term 34 for changeToCandidate
2019-10-16 21:01:21,883 [Thread-555] INFO  impl.RoleInfo (RoleInfo.java:updateAndGet(143)) - 4b287a15-77af-487b-aef7-34d1d0ee189f: start LeaderElection
2019-10-16 21:01:21,897 [4b287a15-77af-487b-aef7-34d1d0ee189f@group-83C26644CFDA-LeaderElection49] INFO  impl.LeaderElection (LeaderElection.java:askForVotes(178)) - 4b287a15-77af-487b-aef7-34d1d0ee189f@group-83C26644CFDA-LeaderElection49: begin an election at term 35 for -1: [4b287a15-77af-487b-aef7-34d1d0ee189f:192.168.34.38:38597, 0aa3649f-570d-46c6-937f-492d7f3a8364:192.168.34.38:33209, 4a03179f-3169-4ac7-a075-259968512ef0:192.168.34.38:45833], old=null
2019-10-16 21:01:21,976 [grpc-default-executor-1] INFO  impl.RaftServerImpl (RaftServerImpl.java:setRole(184)) - 0aa3649f-570d-46c6-937f-492d7f3a8364@group-83C26644CFDA: changes role from  FOLLOWER to FOLLOWER at term 35 for recognizeCandidate:4b287a15-77af-487b-aef7-34d1d0ee189f
2019-10-16 21:01:21,977 [grpc-default-executor-1] INFO  impl.RoleInfo (RoleInfo.java:shutdownFollowerState(121)) - 0aa3649f-570d-46c6-937f-492d7f3a8364: shutdown FollowerState
2019-10-16 21:01:21,978 [grpc-default-executor-1] INFO  impl.RoleInfo (RoleInfo.java:updateAndGet(143)) - 0aa3649f-570d-46c6-937f-492d7f3a8364: start FollowerState
2019-10-16 21:01:21,978 [Thread-554] INFO  impl.FollowerState (FollowerState.java:run(117)) - 0aa3649f-570d-46c6-937f-492d7f3a8364@group-83C26644CFDA-FollowerState was interrupted: java.lang.InterruptedException: sleep interrupted
2019-10-16 21:01:21,978 [grpc-default-executor-2] INFO  impl.RaftServerImpl (RaftServerImpl.java:setRole(184)) - 4a03179f-3169-4ac7-a075-259968512ef0@group-83C26644CFDA: changes role from  FOLLOWER to FOLLOWER at term 35 for recognizeCandidate:4b287a15-77af-487b-aef7-34d1d0ee189f
2019-10-16 21:01:21,979 [grpc-default-executor-2] INFO  impl.RoleInfo (RoleInfo.java:shutdownFollowerState(121)) - 4a03179f-3169-4ac7-a075-259968512ef0: shutdown FollowerState
2019-10-16 21:01:21,979 [grpc-default-executor-2] INFO  impl.RoleInfo (RoleInfo.java:updateAndGet(143)) - 4a03179f-3169-4ac7-a075-259968512ef0: start FollowerState
2019-10-16 21:01:21,979 [Thread-553] INFO  impl.FollowerState (FollowerState.java:run(117)) - 4a03179f-3169-4ac7-a075-259968512ef0@group-83C26644CFDA-FollowerState was interrupted: java.lang.InterruptedException: sleep interrupted
2019-10-16 21:01:21,996 [4b287a15-77af-487b-aef7-34d1d0ee189f@group-83C26644CFDA-LeaderElection49] INFO  impl.LeaderElection (LeaderElection.java:logAndReturn(56)) - 4b287a15-77af-487b-aef7-34d1d0ee189f@group-83C26644CFDA-LeaderElection49: Election REJECTED; received 2 response(s) [4b287a15-77af-487b-aef7-34d1d0ee189f<-0aa3649f-570d-46c6-937f-492d7f3a8364#0:FAIL-t35, 4b287a15-77af-487b-aef7-34d1d0ee189f<-4a03179f-3169-4ac7-a075-259968512ef0#0:FAIL-t35] and 0 exception(s); 4b287a15-77af-487b-aef7-34d1d0ee189f@group-83C26644CFDA:t35, leader=null, voted=4b287a15-77af-487b-aef7-34d1d0ee189f, raftlog=4b287a15-77af-487b-aef7-34d1d0ee189f@group-83C26644CFDA-SegmentedRaftLog:OPENED:c-1,f-1,i0, conf=-1: [4b287a15-77af-487b-aef7-34d1d0ee189f:192.168.34.38:38597, 0aa3649f-570d-46c6-937f-492d7f3a8364:192.168.34.38:33209, 4a03179f-3169-4ac7-a075-259968512ef0:192.168.34.38:45833], old=null
2019-10-16 21:01:21,996 [4b287a15-77af-487b-aef7-34d1d0ee189f@group-83C26644CFDA-LeaderElection49] INFO  impl.RaftServerImpl (RaftServerImpl.java:setRole(184)) - 4b287a15-77af-487b-aef7-34d1d0ee189f@group-83C26644CFDA: changes role from CANDIDATE to FOLLOWER at term 35 for DISCOVERED_A_NEW_TERM
2019-10-16 21:01:21,996 [4b287a15-77af-487b-aef7-34d1d0ee189f@group-83C26644CFDA-LeaderElection49] INFO  impl.RoleInfo (RoleInfo.java:shutdownLeaderElection(134)) - 4b287a15-77af-487b-aef7-34d1d0ee189f: shutdown LeaderElection
2019-10-16 21:01:21,996 [4b287a15-77af-487b-aef7-34d1d0ee189f@group-83C26644CFDA-LeaderElection49] INFO  impl.RoleInfo (RoleInfo.java:updateAndGet(143)) - 4b287a15-77af-487b-aef7-34d1d0ee189f: start FollowerState
2019-10-16 21:01:22,075 [Thread-561] INFO  impl.FollowerState (FollowerState.java:run(108)) - 4b287a15-77af-487b-aef7-34d1d0ee189f@group-83C26644CFDA-FollowerState: change to CANDIDATE, lastRpcTime:78ms, electionTimeout:78ms
2019-10-16 21:01:22,075 [Thread-561] INFO  impl.RoleInfo (RoleInfo.java:shutdownFollowerState(121)) - 4b287a15-77af-487b-aef7-34d1d0ee189f: shutdown FollowerState
2019-10-16 21:01:22,075 [Thread-561] INFO  impl.RaftServerImpl (RaftServerImpl.java:setRole(184)) - 4b287a15-77af-487b-aef7-34d1d0ee189f@group-83C26644CFDA: changes role from  FOLLOWER to CANDIDATE at term 35 for changeToCandidate
2019-10-16 21:01:22,075 [Thread-561] INFO  impl.RoleInfo (RoleInfo.java:updateAndGet(143)) - 4b287a15-77af-487b-aef7-34d1d0ee189f: start LeaderElection
2019-10-16 21:01:22,089 [4b287a15-77af-487b-aef7-34d1d0ee189f@group-83C26644CFDA-LeaderElection50] INFO  impl.LeaderElection (LeaderElection.java:askForVotes(178)) - 4b287a15-77af-487b-aef7-34d1d0ee189f@group-83C26644CFDA-LeaderElection50: begin an election at term 36 for -1: [4b287a15-77af-487b-aef7-34d1d0ee189f:192.168.34.38:38597, 0aa3649f-570d-46c6-937f-492d7f3a8364:192.168.34.38:33209, 4a03179f-3169-4ac7-a075-259968512ef0:192.168.34.38:45833], old=null
2019-10-16 21:01:22,092 [grpc-default-executor-2] INFO  impl.RaftServerImpl (RaftServerImpl.java:setRole(184)) - 0aa3649f-570d-46c6-937f-492d7f3a8364@group-83C26644CFDA: changes role from  FOLLOWER to FOLLOWER at term 36 for recognizeCandidate:4b287a15-77af-487b-aef7-34d1d0ee189f
2019-10-16 21:01:22,092 [grpc-default-executor-1] INFO  impl.RaftServerImpl (RaftServerImpl.java:setRole(184)) - 4a03179f-3169-4ac7-a075-259968512ef0@group-83C26644CFDA: changes role from  FOLLOWER to FOLLOWER at term 36 for recognizeCandidate:4b287a15-77af-487b-aef7-34d1d0ee189f
2019-10-16 21:01:22,092 [grpc-default-executor-2] INFO  impl.RoleInfo (RoleInfo.java:shutdownFollowerState(121)) - 0aa3649f-570d-46c6-937f-492d7f3a8364: shutdown FollowerState
2019-10-16 21:01:22,092 [grpc-default-executor-1] INFO  impl.RoleInfo (RoleInfo.java:shutdownFollowerState(121)) - 4a03179f-3169-4ac7-a075-259968512ef0: shutdown FollowerState
2019-10-16 21:01:22,092 [Thread-559] INFO  impl.FollowerState (FollowerState.java:run(117)) - 0aa3649f-570d-46c6-937f-492d7f3a8364@group-83C26644CFDA-FollowerState was interrupted: java.lang.InterruptedException: sleep interrupted
2019-10-16 21:01:22,092 [grpc-default-executor-2] INFO  impl.RoleInfo (RoleInfo.java:updateAndGet(143)) - 0aa3649f-570d-46c6-937f-492d7f3a8364: start FollowerState
2019-10-16 21:01:22,093 [grpc-default-executor-1] INFO  impl.RoleInfo (RoleInfo.java:updateAndGet(143)) - 4a03179f-3169-4ac7-a075-259968512ef0: start FollowerState
2019-10-16 21:01:22,093 [Thread-560] INFO  impl.FollowerState (FollowerState.java:run(117)) - 4a03179f-3169-4ac7-a075-259968512ef0@group-83C26644CFDA-FollowerState was interrupted: java.lang.InterruptedException: sleep interrupted
2019-10-16 21:01:22,144 [4b287a15-77af-487b-aef7-34d1d0ee189f@group-83C26644CFDA-LeaderElection50] INFO  impl.LeaderElection (LeaderElection.java:logAndReturn(56)) - 4b287a15-77af-487b-aef7-34d1d0ee189f@group-83C26644CFDA-LeaderElection50: Election REJECTED; received 2 response(s) [4b287a15-77af-487b-aef7-34d1d0ee189f<-0aa3649f-570d-46c6-937f-492d7f3a8364#0:FAIL-t36, 4b287a15-77af-487b-aef7-34d1d0ee189f<-4a03179f-3169-4ac7-a075-259968512ef0#0:FAIL-t36] and 0 exception(s); 4b287a15-77af-487b-aef7-34d1d0ee189f@group-83C26644CFDA:t36, leader=null, voted=4b287a15-77af-487b-aef7-34d1d0ee189f, raftlog=4b287a15-77af-487b-aef7-34d1d0ee189f@group-83C26644CFDA-SegmentedRaftLog:OPENED:c-1,f-1,i0, conf=-1: [4b287a15-77af-487b-aef7-34d1d0ee189f:192.168.34.38:38597, 0aa3649f-570d-46c6-937f-492d7f3a8364:192.168.34.38:33209, 4a03179f-3169-4ac7-a075-259968512ef0:192.168.34.38:45833], old=null
2019-10-16 21:01:22,144 [4b287a15-77af-487b-aef7-34d1d0ee189f@group-83C26644CFDA-LeaderElection50] INFO  impl.RaftServerImpl (RaftServerImpl.java:setRole(184)) - 4b287a15-77af-487b-aef7-34d1d0ee189f@group-83C26644CFDA: changes role from CANDIDATE to FOLLOWER at term 36 for DISCOVERED_A_NEW_TERM
2019-10-16 21:01:22,144 [4b287a15-77af-487b-aef7-34d1d0ee189f@group-83C26644CFDA-LeaderElection50] INFO  impl.RoleInfo (RoleInfo.java:shutdownLeaderElection(134)) - 4b287a15-77af-487b-aef7-34d1d0ee189f: shutdown LeaderElection
2019-10-16 21:01:22,144 [4b287a15-77af-487b-aef7-34d1d0ee189f@group-83C26644CFDA-LeaderElection50] INFO  impl.RoleInfo (RoleInfo.java:updateAndGet(143)) - 4b287a15-77af-487b-aef7-34d1d0ee189f: start FollowerState
2019-10-16 21:01:22,331 [Thread-567] INFO  impl.FollowerState (FollowerState.java:run(108)) - 4b287a15-77af-487b-aef7-34d1d0ee189f@group-83C26644CFDA-FollowerState: change to CANDIDATE, lastRpcTime:186ms, electionTimeout:186ms
2019-10-16 21:01:22,331 [Thread-567] INFO  impl.RoleInfo (RoleInfo.java:shutdownFollowerState(121)) - 4b287a15-77af-487b-aef7-34d1d0ee189f: shutdown FollowerState
2019-10-16 21:01:22,331 [Thread-567] INFO  impl.RaftServerImpl (RaftServerImpl.java:setRole(184)) - 4b287a15-77af-487b-aef7-34d1d0ee189f@group-83C26644CFDA: changes role from  FOLLOWER to CANDIDATE at term 36 for changeToCandidate
2019-10-16 21:01:22,331 [Thread-567] INFO  impl.RoleInfo (RoleInfo.java:updateAndGet(143)) - 4b287a15-77af-487b-aef7-34d1d0ee189f: start LeaderElection
2019-10-16 21:01:22,345 [4b287a15-77af-487b-aef7-34d1d0ee189f@group-83C26644CFDA-LeaderElection51] INFO  impl.LeaderElection (LeaderElection.java:askForVotes(178)) - 4b287a15-77af-487b-aef7-34d1d0ee189f@group-83C26644CFDA-LeaderElection51: begin an election at term 37 for -1: [4b287a15-77af-487b-aef7-34d1d0ee189f:192.168.34.38:38597, 0aa3649f-570d-46c6-937f-492d7f3a8364:192.168.34.38:33209, 4a03179f-3169-4ac7-a075-259968512ef0:192.168.34.38:45833], old=null
2019-10-16 21:01:22,345 [main] INFO  ozone.MiniOzoneClusterImpl (MiniOzoneClusterImpl.java:lambda$waitForClusterToBeReady$2(164)) - Waiting for 1 number of pipelines out of 4, to report a leader.
2019-10-16 21:01:22,348 [grpc-default-executor-1] INFO  impl.RaftServerImpl (RaftServerImpl.java:setRole(184)) - 0aa3649f-570d-46c6-937f-492d7f3a8364@group-83C26644CFDA: changes role from  FOLLOWER to FOLLOWER at term 37 for recognizeCandidate:4b287a15-77af-487b-aef7-34d1d0ee189f
2019-10-16 21:01:22,348 [grpc-default-executor-2] INFO  impl.RaftServerImpl (RaftServerImpl.java:setRole(184)) - 4a03179f-3169-4ac7-a075-259968512ef0@group-83C26644CFDA: changes role from  FOLLOWER to FOLLOWER at term 37 for recognizeCandidate:4b287a15-77af-487b-aef7-34d1d0ee189f
2019-10-16 21:01:22,348 [grpc-default-executor-1] INFO  impl.RoleInfo (RoleInfo.java:shutdownFollowerState(121)) - 0aa3649f-570d-46c6-937f-492d7f3a8364: shutdown FollowerState
2019-10-16 21:01:22,348 [grpc-default-executor-2] INFO  impl.RoleInfo (RoleInfo.java:shutdownFollowerState(121)) - 4a03179f-3169-4ac7-a075-259968512ef0: shutdown FollowerState
2019-10-16 21:01:22,349 [Thread-565] INFO  impl.FollowerState (FollowerState.java:run(117)) - 0aa3649f-570d-46c6-937f-492d7f3a8364@group-83C26644CFDA-FollowerState was interrupted: java.lang.InterruptedException: sleep interrupted
2019-10-16 21:01:22,348 [grpc-default-executor-1] INFO  impl.RoleInfo (RoleInfo.java:updateAndGet(143)) - 0aa3649f-570d-46c6-937f-492d7f3a8364: start FollowerState
2019-10-16 21:01:22,349 [grpc-default-executor-2] INFO  impl.RoleInfo (RoleInfo.java:updateAndGet(143)) - 4a03179f-3169-4ac7-a075-259968512ef0: start FollowerState
2019-10-16 21:01:22,349 [Thread-566] INFO  impl.FollowerState (FollowerState.java:run(117)) - 4a03179f-3169-4ac7-a075-259968512ef0@group-83C26644CFDA-FollowerState was interrupted: java.lang.InterruptedException: sleep interrupted
2019-10-16 21:01:22,364 [4b287a15-77af-487b-aef7-34d1d0ee189f@group-83C26644CFDA-LeaderElection51] INFO  impl.LeaderElection (LeaderElection.java:logAndReturn(56)) - 4b287a15-77af-487b-aef7-34d1d0ee189f@group-83C26644CFDA-LeaderElection51: Election REJECTED; received 2 response(s) [4b287a15-77af-487b-aef7-34d1d0ee189f<-0aa3649f-570d-46c6-937f-492d7f3a8364#0:FAIL-t37, 4b287a15-77af-487b-aef7-34d1d0ee189f<-4a03179f-3169-4ac7-a075-259968512ef0#0:FAIL-t37] and 0 exception(s); 4b287a15-77af-487b-aef7-34d1d0ee189f@group-83C26644CFDA:t37, leader=null, voted=4b287a15-77af-487b-aef7-34d1d0ee189f, raftlog=4b287a15-77af-487b-aef7-34d1d0ee189f@group-83C26644CFDA-SegmentedRaftLog:OPENED:c-1,f-1,i0, conf=-1: [4b287a15-77af-487b-aef7-34d1d0ee189f:192.168.34.38:38597, 0aa3649f-570d-46c6-937f-492d7f3a8364:192.168.34.38:33209, 4a03179f-3169-4ac7-a075-259968512ef0:192.168.34.38:45833], old=null
2019-10-16 21:01:22,364 [4b287a15-77af-487b-aef7-34d1d0ee189f@group-83C26644CFDA-LeaderElection51] INFO  impl.RaftServerImpl (RaftServerImpl.java:setRole(184)) - 4b287a15-77af-487b-aef7-34d1d0ee189f@group-83C26644CFDA: changes role from CANDIDATE to FOLLOWER at term 37 for DISCOVERED_A_NEW_TERM
2019-10-16 21:01:22,364 [4b287a15-77af-487b-aef7-34d1d0ee189f@group-83C26644CFDA-LeaderElection51] INFO  impl.RoleInfo (RoleInfo.java:shutdownLeaderElection(134)) - 4b287a15-77af-487b-aef7-34d1d0ee189f: shutdown LeaderElection
2019-10-16 21:01:22,364 [4b287a15-77af-487b-aef7-34d1d0ee189f@group-83C26644CFDA-LeaderElection51] INFO  impl.RoleInfo (RoleInfo.java:updateAndGet(143)) - 4b287a15-77af-487b-aef7-34d1d0ee189f: start FollowerState
2019-10-16 21:01:22,401 [Thread-573] INFO  impl.FollowerState (FollowerState.java:run(108)) - 4b287a15-77af-487b-aef7-34d1d0ee189f@group-83C26644CFDA-FollowerState: change to CANDIDATE, lastRpcTime:36ms, electionTimeout:36ms
2019-10-16 21:01:22,401 [Thread-573] INFO  impl.RoleInfo (RoleInfo.java:shutdownFollowerState(121)) - 4b287a15-77af-487b-aef7-34d1d0ee189f: shutdown FollowerState
2019-10-16 21:01:22,401 [Thread-573] INFO  impl.RaftServerImpl (RaftServerImpl.java:setRole(184)) - 4b287a15-77af-487b-aef7-34d1d0ee189f@group-83C26644CFDA: changes role from  FOLLOWER to CANDIDATE at term 37 for changeToCandidate
2019-10-16 21:01:22,401 [Thread-573] INFO  impl.RoleInfo (RoleInfo.java:updateAndGet(143)) - 4b287a15-77af-487b-aef7-34d1d0ee189f: start LeaderElection
2019-10-16 21:01:22,415 [4b287a15-77af-487b-aef7-34d1d0ee189f@group-83C26644CFDA-LeaderElection52] INFO  impl.LeaderElection (LeaderElection.java:askForVotes(178)) - 4b287a15-77af-487b-aef7-34d1d0ee189f@group-83C26644CFDA-LeaderElection52: begin an election at term 38 for -1: [4b287a15-77af-487b-aef7-34d1d0ee189f:192.168.34.38:38597, 0aa3649f-570d-46c6-937f-492d7f3a8364:192.168.34.38:33209, 4a03179f-3169-4ac7-a075-259968512ef0:192.168.34.38:45833], old=null
2019-10-16 21:01:22,417 [grpc-default-executor-1] INFO  impl.RaftServerImpl (RaftServerImpl.java:setRole(184)) - 4a03179f-3169-4ac7-a075-259968512ef0@group-83C26644CFDA: changes role from  FOLLOWER to FOLLOWER at term 38 for recognizeCandidate:4b287a15-77af-487b-aef7-34d1d0ee189f
2019-10-16 21:01:22,417 [grpc-default-executor-2] INFO  impl.RaftServerImpl (RaftServerImpl.java:setRole(184)) - 0aa3649f-570d-46c6-937f-492d7f3a8364@group-83C26644CFDA: changes role from  FOLLOWER to FOLLOWER at term 38 for recognizeCandidate:4b287a15-77af-487b-aef7-34d1d0ee189f
2019-10-16 21:01:22,417 [grpc-default-executor-1] INFO  impl.RoleInfo (RoleInfo.java:shutdownFollowerState(121)) - 4a03179f-3169-4ac7-a075-259968512ef0: shutdown FollowerState
2019-10-16 21:01:22,418 [grpc-default-executor-2] INFO  impl.RoleInfo (RoleInfo.java:shutdownFollowerState(121)) - 0aa3649f-570d-46c6-937f-492d7f3a8364: shutdown FollowerState
2019-10-16 21:01:22,418 [grpc-default-executor-1] INFO  impl.RoleInfo (RoleInfo.java:updateAndGet(143)) - 4a03179f-3169-4ac7-a075-259968512ef0: start FollowerState
2019-10-16 21:01:22,418 [Thread-572] INFO  impl.FollowerState (FollowerState.java:run(117)) - 4a03179f-3169-4ac7-a075-259968512ef0@group-83C26644CFDA-FollowerState was interrupted: java.lang.InterruptedException: sleep interrupted
2019-10-16 21:01:22,418 [Thread-571] INFO  impl.FollowerState (FollowerState.java:run(117)) - 0aa3649f-570d-46c6-937f-492d7f3a8364@group-83C26644CFDA-FollowerState was interrupted: java.lang.InterruptedException: sleep interrupted
2019-10-16 21:01:22,418 [grpc-default-executor-2] INFO  impl.RoleInfo (RoleInfo.java:updateAndGet(143)) - 0aa3649f-570d-46c6-937f-492d7f3a8364: start FollowerState
2019-10-16 21:01:22,431 [4b287a15-77af-487b-aef7-34d1d0ee189f@group-83C26644CFDA-LeaderElection52] INFO  impl.LeaderElection (LeaderElection.java:logAndReturn(56)) - 4b287a15-77af-487b-aef7-34d1d0ee189f@group-83C26644CFDA-LeaderElection52: Election REJECTED; received 2 response(s) [4b287a15-77af-487b-aef7-34d1d0ee189f<-0aa3649f-570d-46c6-937f-492d7f3a8364#0:FAIL-t38, 4b287a15-77af-487b-aef7-34d1d0ee189f<-4a03179f-3169-4ac7-a075-259968512ef0#0:FAIL-t38] and 0 exception(s); 4b287a15-77af-487b-aef7-34d1d0ee189f@group-83C26644CFDA:t38, leader=null, voted=4b287a15-77af-487b-aef7-34d1d0ee189f, raftlog=4b287a15-77af-487b-aef7-34d1d0ee189f@group-83C26644CFDA-SegmentedRaftLog:OPENED:c-1,f-1,i0, conf=-1: [4b287a15-77af-487b-aef7-34d1d0ee189f:192.168.34.38:38597, 0aa3649f-570d-46c6-937f-492d7f3a8364:192.168.34.38:33209, 4a03179f-3169-4ac7-a075-259968512ef0:192.168.34.38:45833], old=null
2019-10-16 21:01:22,431 [4b287a15-77af-487b-aef7-34d1d0ee189f@group-83C26644CFDA-LeaderElection52] INFO  impl.RaftServerImpl (RaftServerImpl.java:setRole(184)) - 4b287a15-77af-487b-aef7-34d1d0ee189f@group-83C26644CFDA: changes role from CANDIDATE to FOLLOWER at term 38 for DISCOVERED_A_NEW_TERM
2019-10-16 21:01:22,431 [4b287a15-77af-487b-aef7-34d1d0ee189f@group-83C26644CFDA-LeaderElection52] INFO  impl.RoleInfo (RoleInfo.java:shutdownLeaderElection(134)) - 4b287a15-77af-487b-aef7-34d1d0ee189f: shutdown LeaderElection
2019-10-16 21:01:22,431 [4b287a15-77af-487b-aef7-34d1d0ee189f@group-83C26644CFDA-LeaderElection52] INFO  impl.RoleInfo (RoleInfo.java:updateAndGet(143)) - 4b287a15-77af-487b-aef7-34d1d0ee189f: start FollowerState
2019-10-16 21:01:22,483 [Thread-579] INFO  impl.FollowerState (FollowerState.java:run(108)) - 4b287a15-77af-487b-aef7-34d1d0ee189f@group-83C26644CFDA-FollowerState: change to CANDIDATE, lastRpcTime:51ms, electionTimeout:51ms
2019-10-16 21:01:22,483 [Thread-579] INFO  impl.RoleInfo (RoleInfo.java:shutdownFollowerState(121)) - 4b287a15-77af-487b-aef7-34d1d0ee189f: shutdown FollowerState
2019-10-16 21:01:22,483 [Thread-579] INFO  impl.RaftServerImpl (RaftServerImpl.java:setRole(184)) - 4b287a15-77af-487b-aef7-34d1d0ee189f@group-83C26644CFDA: changes role from  FOLLOWER to CANDIDATE at term 38 for changeToCandidate
2019-10-16 21:01:22,483 [Thread-579] INFO  impl.RoleInfo (RoleInfo.java:updateAndGet(143)) - 4b287a15-77af-487b-aef7-34d1d0ee189f: start LeaderElection
2019-10-16 21:01:22,496 [4b287a15-77af-487b-aef7-34d1d0ee189f@group-83C26644CFDA-LeaderElection53] INFO  impl.LeaderElection (LeaderElection.java:askForVotes(178)) - 4b287a15-77af-487b-aef7-34d1d0ee189f@group-83C26644CFDA-LeaderElection53: begin an election at term 39 for -1: [4b287a15-77af-487b-aef7-34d1d0ee189f:192.168.34.38:38597, 0aa3649f-570d-46c6-937f-492d7f3a8364:192.168.34.38:33209, 4a03179f-3169-4ac7-a075-259968512ef0:192.168.34.38:45833], old=null
2019-10-16 21:01:22,499 [grpc-default-executor-1] INFO  impl.RaftServerImpl (RaftServerImpl.java:setRole(184)) - 0aa3649f-570d-46c6-937f-492d7f3a8364@group-83C26644CFDA: changes role from  FOLLOWER to FOLLOWER at term 39 for recognizeCandidate:4b287a15-77af-487b-aef7-34d1d0ee189f
2019-10-16 21:01:22,499 [grpc-default-executor-2] INFO  impl.RaftServerImpl (RaftServerImpl.java:setRole(184)) - 4a03179f-3169-4ac7-a075-259968512ef0@group-83C26644CFDA: changes role from  FOLLOWER to FOLLOWER at term 39 for recognizeCandidate:4b287a15-77af-487b-aef7-34d1d0ee189f
2019-10-16 21:01:22,499 [grpc-default-executor-1] INFO  impl.RoleInfo (RoleInfo.java:shutdownFollowerState(121)) - 0aa3649f-570d-46c6-937f-492d7f3a8364: shutdown FollowerState
2019-10-16 21:01:22,499 [grpc-default-executor-2] INFO  impl.RoleInfo (RoleInfo.java:shutdownFollowerState(121)) - 4a03179f-3169-4ac7-a075-259968512ef0: shutdown FollowerState
2019-10-16 21:01:22,499 [Thread-578] INFO  impl.FollowerState (FollowerState.java:run(117)) - 0aa3649f-570d-46c6-937f-492d7f3a8364@group-83C26644CFDA-FollowerState was interrupted: java.lang.InterruptedException: sleep interrupted
2019-10-16 21:01:22,499 [Thread-577] INFO  impl.FollowerState (FollowerState.java:run(117)) - 4a03179f-3169-4ac7-a075-259968512ef0@group-83C26644CFDA-FollowerState was interrupted: java.lang.InterruptedException: sleep interrupted
2019-10-16 21:01:22,499 [grpc-default-executor-1] INFO  impl.RoleInfo (RoleInfo.java:updateAndGet(143)) - 0aa3649f-570d-46c6-937f-492d7f3a8364: start FollowerState
2019-10-16 21:01:22,499 [grpc-default-executor-2] INFO  impl.RoleInfo (RoleInfo.java:updateAndGet(143)) - 4a03179f-3169-4ac7-a075-259968512ef0: start FollowerState
2019-10-16 21:01:22,514 [4b287a15-77af-487b-aef7-34d1d0ee189f@group-83C26644CFDA-LeaderElection53] INFO  impl.LeaderElection (LeaderElection.java:logAndReturn(56)) - 4b287a15-77af-487b-aef7-34d1d0ee189f@group-83C26644CFDA-LeaderElection53: Election REJECTED; received 2 response(s) [4b287a15-77af-487b-aef7-34d1d0ee189f<-0aa3649f-570d-46c6-937f-492d7f3a8364#0:FAIL-t39, 4b287a15-77af-487b-aef7-34d1d0ee189f<-4a03179f-3169-4ac7-a075-259968512ef0#0:FAIL-t39] and 0 exception(s); 4b287a15-77af-487b-aef7-34d1d0ee189f@group-83C26644CFDA:t39, leader=null, voted=4b287a15-77af-487b-aef7-34d1d0ee189f, raftlog=4b287a15-77af-487b-aef7-34d1d0ee189f@group-83C26644CFDA-SegmentedRaftLog:OPENED:c-1,f-1,i0, conf=-1: [4b287a15-77af-487b-aef7-34d1d0ee189f:192.168.34.38:38597, 0aa3649f-570d-46c6-937f-492d7f3a8364:192.168.34.38:33209, 4a03179f-3169-4ac7-a075-259968512ef0:192.168.34.38:45833], old=null
2019-10-16 21:01:22,514 [4b287a15-77af-487b-aef7-34d1d0ee189f@group-83C26644CFDA-LeaderElection53] INFO  impl.RaftServerImpl (RaftServerImpl.java:setRole(184)) - 4b287a15-77af-487b-aef7-34d1d0ee189f@group-83C26644CFDA: changes role from CANDIDATE to FOLLOWER at term 39 for DISCOVERED_A_NEW_TERM
2019-10-16 21:01:22,514 [4b287a15-77af-487b-aef7-34d1d0ee189f@group-83C26644CFDA-LeaderElection53] INFO  impl.RoleInfo (RoleInfo.java:shutdownLeaderElection(134)) - 4b287a15-77af-487b-aef7-34d1d0ee189f: shutdown LeaderElection
2019-10-16 21:01:22,514 [4b287a15-77af-487b-aef7-34d1d0ee189f@group-83C26644CFDA-LeaderElection53] INFO  impl.RoleInfo (RoleInfo.java:updateAndGet(143)) - 4b287a15-77af-487b-aef7-34d1d0ee189f: start FollowerState
2019-10-16 21:01:22,713 [Thread-585] INFO  impl.FollowerState (FollowerState.java:run(108)) - 4b287a15-77af-487b-aef7-34d1d0ee189f@group-83C26644CFDA-FollowerState: change to CANDIDATE, lastRpcTime:199ms, electionTimeout:199ms
2019-10-16 21:01:22,713 [Thread-585] INFO  impl.RoleInfo (RoleInfo.java:shutdownFollowerState(121)) - 4b287a15-77af-487b-aef7-34d1d0ee189f: shutdown FollowerState
2019-10-16 21:01:22,714 [Thread-585] INFO  impl.RaftServerImpl (RaftServerImpl.java:setRole(184)) - 4b287a15-77af-487b-aef7-34d1d0ee189f@group-83C26644CFDA: changes role from  FOLLOWER to CANDIDATE at term 39 for changeToCandidate
2019-10-16 21:01:22,714 [Thread-585] INFO  impl.RoleInfo (RoleInfo.java:updateAndGet(143)) - 4b287a15-77af-487b-aef7-34d1d0ee189f: start LeaderElection
2019-10-16 21:01:22,729 [4b287a15-77af-487b-aef7-34d1d0ee189f@group-83C26644CFDA-LeaderElection54] INFO  impl.LeaderElection (LeaderElection.java:askForVotes(178)) - 4b287a15-77af-487b-aef7-34d1d0ee189f@group-83C26644CFDA-LeaderElection54: begin an election at term 40 for -1: [4b287a15-77af-487b-aef7-34d1d0ee189f:192.168.34.38:38597, 0aa3649f-570d-46c6-937f-492d7f3a8364:192.168.34.38:33209, 4a03179f-3169-4ac7-a075-259968512ef0:192.168.34.38:45833], old=null
2019-10-16 21:01:22,732 [grpc-default-executor-1] INFO  impl.RaftServerImpl (RaftServerImpl.java:setRole(184)) - 0aa3649f-570d-46c6-937f-492d7f3a8364@group-83C26644CFDA: changes role from  FOLLOWER to FOLLOWER at term 40 for recognizeCandidate:4b287a15-77af-487b-aef7-34d1d0ee189f
2019-10-16 21:01:22,732 [grpc-default-executor-2] INFO  impl.RaftServerImpl (RaftServerImpl.java:setRole(184)) - 4a03179f-3169-4ac7-a075-259968512ef0@group-83C26644CFDA: changes role from  FOLLOWER to FOLLOWER at term 40 for recognizeCandidate:4b287a15-77af-487b-aef7-34d1d0ee189f
2019-10-16 21:01:22,732 [grpc-default-executor-1] INFO  impl.RoleInfo (RoleInfo.java:shutdownFollowerState(121)) - 0aa3649f-570d-46c6-937f-492d7f3a8364: shutdown FollowerState
2019-10-16 21:01:22,732 [4b287a15-77af-487b-aef7-34d1d0ee189f@group-83C26644CFDA-LeaderElection54] INFO  impl.LeaderElection (LeaderElection.java:logAndReturn(56)) - 4b287a15-77af-487b-aef7-34d1d0ee189f@group-83C26644CFDA-LeaderElection54: Election TIMEOUT; received 0 response(s) [] and 0 exception(s); 4b287a15-77af-487b-aef7-34d1d0ee189f@group-83C26644CFDA:t40, leader=null, voted=4b287a15-77af-487b-aef7-34d1d0ee189f, raftlog=4b287a15-77af-487b-aef7-34d1d0ee189f@group-83C26644CFDA-SegmentedRaftLog:OPENED:c-1,f-1,i0, conf=-1: [4b287a15-77af-487b-aef7-34d1d0ee189f:192.168.34.38:38597, 0aa3649f-570d-46c6-937f-492d7f3a8364:192.168.34.38:33209, 4a03179f-3169-4ac7-a075-259968512ef0:192.168.34.38:45833], old=null
2019-10-16 21:01:22,732 [Thread-583] INFO  impl.FollowerState (FollowerState.java:run(117)) - 0aa3649f-570d-46c6-937f-492d7f3a8364@group-83C26644CFDA-FollowerState was interrupted: java.lang.InterruptedException: sleep interrupted
2019-10-16 21:01:22,732 [grpc-default-executor-1] INFO  impl.RoleInfo (RoleInfo.java:updateAndGet(143)) - 0aa3649f-570d-46c6-937f-492d7f3a8364: start FollowerState
2019-10-16 21:01:22,732 [grpc-default-executor-2] INFO  impl.RoleInfo (RoleInfo.java:shutdownFollowerState(121)) - 4a03179f-3169-4ac7-a075-259968512ef0: shutdown FollowerState
2019-10-16 21:01:22,733 [grpc-default-executor-2] INFO  impl.RoleInfo (RoleInfo.java:updateAndGet(143)) - 4a03179f-3169-4ac7-a075-259968512ef0: start FollowerState
2019-10-16 21:01:22,733 [Thread-584] INFO  impl.FollowerState (FollowerState.java:run(117)) - 4a03179f-3169-4ac7-a075-259968512ef0@group-83C26644CFDA-FollowerState was interrupted: java.lang.InterruptedException: sleep interrupted
2019-10-16 21:01:22,747 [4b287a15-77af-487b-aef7-34d1d0ee189f@group-83C26644CFDA-LeaderElection54] INFO  impl.LeaderElection (LeaderElection.java:askForVotes(178)) - 4b287a15-77af-487b-aef7-34d1d0ee189f@group-83C26644CFDA-LeaderElection54: begin an election at term 41 for -1: [4b287a15-77af-487b-aef7-34d1d0ee189f:192.168.34.38:38597, 0aa3649f-570d-46c6-937f-492d7f3a8364:192.168.34.38:33209, 4a03179f-3169-4ac7-a075-259968512ef0:192.168.34.38:45833], old=null
2019-10-16 21:01:22,749 [grpc-default-executor-1] INFO  impl.RaftServerImpl (RaftServerImpl.java:setRole(184)) - 0aa3649f-570d-46c6-937f-492d7f3a8364@group-83C26644CFDA: changes role from  FOLLOWER to FOLLOWER at term 41 for recognizeCandidate:4b287a15-77af-487b-aef7-34d1d0ee189f
2019-10-16 21:01:22,749 [grpc-default-executor-2] INFO  impl.RaftServerImpl (RaftServerImpl.java:setRole(184)) - 4a03179f-3169-4ac7-a075-259968512ef0@group-83C26644CFDA: changes role from  FOLLOWER to FOLLOWER at term 41 for recognizeCandidate:4b287a15-77af-487b-aef7-34d1d0ee189f
2019-10-16 21:01:22,749 [grpc-default-executor-1] INFO  impl.RoleInfo (RoleInfo.java:shutdownFollowerState(121)) - 0aa3649f-570d-46c6-937f-492d7f3a8364: shutdown FollowerState
2019-10-16 21:01:22,749 [grpc-default-executor-2] INFO  impl.RoleInfo (RoleInfo.java:shutdownFollowerState(121)) - 4a03179f-3169-4ac7-a075-259968512ef0: shutdown FollowerState
2019-10-16 21:01:22,750 [grpc-default-executor-1] INFO  impl.RoleInfo (RoleInfo.java:updateAndGet(143)) - 0aa3649f-570d-46c6-937f-492d7f3a8364: start FollowerState
2019-10-16 21:01:22,750 [Thread-590] INFO  impl.FollowerState (FollowerState.java:run(117)) - 4a03179f-3169-4ac7-a075-259968512ef0@group-83C26644CFDA-FollowerState was interrupted: java.lang.InterruptedException: sleep interrupted
2019-10-16 21:01:22,750 [grpc-default-executor-2] INFO  impl.RoleInfo (RoleInfo.java:updateAndGet(143)) - 4a03179f-3169-4ac7-a075-259968512ef0: start FollowerState
2019-10-16 21:01:22,750 [Thread-589] INFO  impl.FollowerState (FollowerState.java:run(117)) - 0aa3649f-570d-46c6-937f-492d7f3a8364@group-83C26644CFDA-FollowerState was interrupted: java.lang.InterruptedException: sleep interrupted
2019-10-16 21:01:22,763 [4b287a15-77af-487b-aef7-34d1d0ee189f@group-83C26644CFDA-LeaderElection54] INFO  impl.LeaderElection (LeaderElection.java:logAndReturn(56)) - 4b287a15-77af-487b-aef7-34d1d0ee189f@group-83C26644CFDA-LeaderElection54: Election REJECTED; received 2 response(s) [4b287a15-77af-487b-aef7-34d1d0ee189f<-0aa3649f-570d-46c6-937f-492d7f3a8364#0:FAIL-t41, 4b287a15-77af-487b-aef7-34d1d0ee189f<-4a03179f-3169-4ac7-a075-259968512ef0#0:FAIL-t41] and 0 exception(s); 4b287a15-77af-487b-aef7-34d1d0ee189f@group-83C26644CFDA:t41, leader=null, voted=4b287a15-77af-487b-aef7-34d1d0ee189f, raftlog=4b287a15-77af-487b-aef7-34d1d0ee189f@group-83C26644CFDA-SegmentedRaftLog:OPENED:c-1,f-1,i0, conf=-1: [4b287a15-77af-487b-aef7-34d1d0ee189f:192.168.34.38:38597, 0aa3649f-570d-46c6-937f-492d7f3a8364:192.168.34.38:33209, 4a03179f-3169-4ac7-a075-259968512ef0:192.168.34.38:45833], old=null
2019-10-16 21:01:22,763 [4b287a15-77af-487b-aef7-34d1d0ee189f@group-83C26644CFDA-LeaderElection54] INFO  impl.RaftServerImpl (RaftServerImpl.java:setRole(184)) - 4b287a15-77af-487b-aef7-34d1d0ee189f@group-83C26644CFDA: changes role from CANDIDATE to FOLLOWER at term 41 for DISCOVERED_A_NEW_TERM
2019-10-16 21:01:22,763 [4b287a15-77af-487b-aef7-34d1d0ee189f@group-83C26644CFDA-LeaderElection54] INFO  impl.RoleInfo (RoleInfo.java:shutdownLeaderElection(134)) - 4b287a15-77af-487b-aef7-34d1d0ee189f: shutdown LeaderElection
2019-10-16 21:01:22,763 [4b287a15-77af-487b-aef7-34d1d0ee189f@group-83C26644CFDA-LeaderElection54] INFO  impl.RoleInfo (RoleInfo.java:updateAndGet(143)) - 4b287a15-77af-487b-aef7-34d1d0ee189f: start FollowerState
2019-10-16 21:01:22,962 [Thread-595] INFO  impl.FollowerState (FollowerState.java:run(108)) - 4b287a15-77af-487b-aef7-34d1d0ee189f@group-83C26644CFDA-FollowerState: change to CANDIDATE, lastRpcTime:198ms, electionTimeout:198ms
2019-10-16 21:01:22,962 [Thread-595] INFO  impl.RoleInfo (RoleInfo.java:shutdownFollowerState(121)) - 4b287a15-77af-487b-aef7-34d1d0ee189f: shutdown FollowerState
2019-10-16 21:01:22,962 [Thread-595] INFO  impl.RaftServerImpl (RaftServerImpl.java:setRole(184)) - 4b287a15-77af-487b-aef7-34d1d0ee189f@group-83C26644CFDA: changes role from  FOLLOWER to CANDIDATE at term 41 for changeToCandidate
2019-10-16 21:01:22,963 [Thread-595] INFO  impl.RoleInfo (RoleInfo.java:updateAndGet(143)) - 4b287a15-77af-487b-aef7-34d1d0ee189f: start LeaderElection
2019-10-16 21:01:23,008 [4b287a15-77af-487b-aef7-34d1d0ee189f@group-83C26644CFDA-LeaderElection55] INFO  impl.LeaderElection (LeaderElection.java:askForVotes(178)) - 4b287a15-77af-487b-aef7-34d1d0ee189f@group-83C26644CFDA-LeaderElection55: begin an election at term 42 for -1: [4b287a15-77af-487b-aef7-34d1d0ee189f:192.168.34.38:38597, 0aa3649f-570d-46c6-937f-492d7f3a8364:192.168.34.38:33209, 4a03179f-3169-4ac7-a075-259968512ef0:192.168.34.38:45833], old=null
2019-10-16 21:01:23,011 [grpc-default-executor-1] INFO  impl.RaftServerImpl (RaftServerImpl.java:setRole(184)) - 0aa3649f-570d-46c6-937f-492d7f3a8364@group-83C26644CFDA: changes role from  FOLLOWER to FOLLOWER at term 42 for recognizeCandidate:4b287a15-77af-487b-aef7-34d1d0ee189f
2019-10-16 21:01:23,011 [grpc-default-executor-2] INFO  impl.RaftServerImpl (RaftServerImpl.java:setRole(184)) - 4a03179f-3169-4ac7-a075-259968512ef0@group-83C26644CFDA: changes role from  FOLLOWER to FOLLOWER at term 42 for recognizeCandidate:4b287a15-77af-487b-aef7-34d1d0ee189f
2019-10-16 21:01:23,011 [grpc-default-executor-1] INFO  impl.RoleInfo (RoleInfo.java:shutdownFollowerState(121)) - 0aa3649f-570d-46c6-937f-492d7f3a8364: shutdown FollowerState
2019-10-16 21:01:23,011 [grpc-default-executor-2] INFO  impl.RoleInfo (RoleInfo.java:shutdownFollowerState(121)) - 4a03179f-3169-4ac7-a075-259968512ef0: shutdown FollowerState
2019-10-16 21:01:23,012 [Thread-593] INFO  impl.FollowerState (FollowerState.java:run(117)) - 0aa3649f-570d-46c6-937f-492d7f3a8364@group-83C26644CFDA-FollowerState was interrupted: java.lang.InterruptedException: sleep interrupted
2019-10-16 21:01:23,012 [grpc-default-executor-1] INFO  impl.RoleInfo (RoleInfo.java:updateAndGet(143)) - 0aa3649f-570d-46c6-937f-492d7f3a8364: start FollowerState
2019-10-16 21:01:23,012 [Thread-594] INFO  impl.FollowerState (FollowerState.java:run(117)) - 4a03179f-3169-4ac7-a075-259968512ef0@group-83C26644CFDA-FollowerState was interrupted: java.lang.InterruptedException: sleep interrupted
2019-10-16 21:01:23,012 [grpc-default-executor-2] INFO  impl.RoleInfo (RoleInfo.java:updateAndGet(143)) - 4a03179f-3169-4ac7-a075-259968512ef0: start FollowerState
2019-10-16 21:01:23,025 [4b287a15-77af-487b-aef7-34d1d0ee189f@group-83C26644CFDA-LeaderElection55] INFO  impl.LeaderElection (LeaderElection.java:logAndReturn(56)) - 4b287a15-77af-487b-aef7-34d1d0ee189f@group-83C26644CFDA-LeaderElection55: Election REJECTED; received 2 response(s) [4b287a15-77af-487b-aef7-34d1d0ee189f<-0aa3649f-570d-46c6-937f-492d7f3a8364#0:FAIL-t42, 4b287a15-77af-487b-aef7-34d1d0ee189f<-4a03179f-3169-4ac7-a075-259968512ef0#0:FAIL-t42] and 0 exception(s); 4b287a15-77af-487b-aef7-34d1d0ee189f@group-83C26644CFDA:t42, leader=null, voted=4b287a15-77af-487b-aef7-34d1d0ee189f, raftlog=4b287a15-77af-487b-aef7-34d1d0ee189f@group-83C26644CFDA-SegmentedRaftLog:OPENED:c-1,f-1,i0, conf=-1: [4b287a15-77af-487b-aef7-34d1d0ee189f:192.168.34.38:38597, 0aa3649f-570d-46c6-937f-492d7f3a8364:192.168.34.38:33209, 4a03179f-3169-4ac7-a075-259968512ef0:192.168.34.38:45833], old=null
2019-10-16 21:01:23,025 [4b287a15-77af-487b-aef7-34d1d0ee189f@group-83C26644CFDA-LeaderElection55] INFO  impl.RaftServerImpl (RaftServerImpl.java:setRole(184)) - 4b287a15-77af-487b-aef7-34d1d0ee189f@group-83C26644CFDA: changes role from CANDIDATE to FOLLOWER at term 42 for DISCOVERED_A_NEW_TERM
2019-10-16 21:01:23,025 [4b287a15-77af-487b-aef7-34d1d0ee189f@group-83C26644CFDA-LeaderElection55] INFO  impl.RoleInfo (RoleInfo.java:shutdownLeaderElection(134)) - 4b287a15-77af-487b-aef7-34d1d0ee189f: shutdown LeaderElection
2019-10-16 21:01:23,025 [4b287a15-77af-487b-aef7-34d1d0ee189f@group-83C26644CFDA-LeaderElection55] INFO  impl.RoleInfo (RoleInfo.java:updateAndGet(143)) - 4b287a15-77af-487b-aef7-34d1d0ee189f: start FollowerState
2019-10-16 21:01:23,068 [Thread-601] INFO  impl.FollowerState (FollowerState.java:run(108)) - 4b287a15-77af-487b-aef7-34d1d0ee189f@group-83C26644CFDA-FollowerState: change to CANDIDATE, lastRpcTime:42ms, electionTimeout:42ms
2019-10-16 21:01:23,068 [Thread-601] INFO  impl.RoleInfo (RoleInfo.java:shutdownFollowerState(121)) - 4b287a15-77af-487b-aef7-34d1d0ee189f: shutdown FollowerState
2019-10-16 21:01:23,068 [Thread-601] INFO  impl.RaftServerImpl (RaftServerImpl.java:setRole(184)) - 4b287a15-77af-487b-aef7-34d1d0ee189f@group-83C26644CFDA: changes role from  FOLLOWER to CANDIDATE at term 42 for changeToCandidate
2019-10-16 21:01:23,068 [Thread-601] INFO  impl.RoleInfo (RoleInfo.java:updateAndGet(143)) - 4b287a15-77af-487b-aef7-34d1d0ee189f: start LeaderElection
2019-10-16 21:01:23,082 [4b287a15-77af-487b-aef7-34d1d0ee189f@group-83C26644CFDA-LeaderElection56] INFO  impl.LeaderElection (LeaderElection.java:askForVotes(178)) - 4b287a15-77af-487b-aef7-34d1d0ee189f@group-83C26644CFDA-LeaderElection56: begin an election at term 43 for -1: [4b287a15-77af-487b-aef7-34d1d0ee189f:192.168.34.38:38597, 0aa3649f-570d-46c6-937f-492d7f3a8364:192.168.34.38:33209, 4a03179f-3169-4ac7-a075-259968512ef0:192.168.34.38:45833], old=null
2019-10-16 21:01:23,085 [grpc-default-executor-1] INFO  impl.RaftServerImpl (RaftServerImpl.java:setRole(184)) - 0aa3649f-570d-46c6-937f-492d7f3a8364@group-83C26644CFDA: changes role from  FOLLOWER to FOLLOWER at term 43 for recognizeCandidate:4b287a15-77af-487b-aef7-34d1d0ee189f
2019-10-16 21:01:23,085 [grpc-default-executor-2] INFO  impl.RaftServerImpl (RaftServerImpl.java:setRole(184)) - 4a03179f-3169-4ac7-a075-259968512ef0@group-83C26644CFDA: changes role from  FOLLOWER to FOLLOWER at term 43 for recognizeCandidate:4b287a15-77af-487b-aef7-34d1d0ee189f
2019-10-16 21:01:23,085 [grpc-default-executor-1] INFO  impl.RoleInfo (RoleInfo.java:shutdownFollowerState(121)) - 0aa3649f-570d-46c6-937f-492d7f3a8364: shutdown FollowerState
2019-10-16 21:01:23,085 [grpc-default-executor-2] INFO  impl.RoleInfo (RoleInfo.java:shutdownFollowerState(121)) - 4a03179f-3169-4ac7-a075-259968512ef0: shutdown FollowerState
2019-10-16 21:01:23,085 [Thread-599] INFO  impl.FollowerState (FollowerState.java:run(117)) - 0aa3649f-570d-46c6-937f-492d7f3a8364@group-83C26644CFDA-FollowerState was interrupted: java.lang.InterruptedException: sleep interrupted
2019-10-16 21:01:23,085 [grpc-default-executor-1] INFO  impl.RoleInfo (RoleInfo.java:updateAndGet(143)) - 0aa3649f-570d-46c6-937f-492d7f3a8364: start FollowerState
2019-10-16 21:01:23,085 [grpc-default-executor-2] INFO  impl.RoleInfo (RoleInfo.java:updateAndGet(143)) - 4a03179f-3169-4ac7-a075-259968512ef0: start FollowerState
2019-10-16 21:01:23,085 [Thread-600] INFO  impl.FollowerState (FollowerState.java:run(117)) - 4a03179f-3169-4ac7-a075-259968512ef0@group-83C26644CFDA-FollowerState was interrupted: java.lang.InterruptedException: sleep interrupted
2019-10-16 21:01:23,113 [4b287a15-77af-487b-aef7-34d1d0ee189f@group-83C26644CFDA-LeaderElection56] INFO  impl.LeaderElection (LeaderElection.java:logAndReturn(56)) - 4b287a15-77af-487b-aef7-34d1d0ee189f@group-83C26644CFDA-LeaderElection56: Election TIMEOUT; received 0 response(s) [] and 0 exception(s); 4b287a15-77af-487b-aef7-34d1d0ee189f@group-83C26644CFDA:t43, leader=null, voted=4b287a15-77af-487b-aef7-34d1d0ee189f, raftlog=4b287a15-77af-487b-aef7-34d1d0ee189f@group-83C26644CFDA-SegmentedRaftLog:OPENED:c-1,f-1,i0, conf=-1: [4b287a15-77af-487b-aef7-34d1d0ee189f:192.168.34.38:38597, 0aa3649f-570d-46c6-937f-492d7f3a8364:192.168.34.38:33209, 4a03179f-3169-4ac7-a075-259968512ef0:192.168.34.38:45833], old=null
2019-10-16 21:01:23,134 [4b287a15-77af-487b-aef7-34d1d0ee189f@group-83C26644CFDA-LeaderElection56] INFO  impl.LeaderElection (LeaderElection.java:askForVotes(178)) - 4b287a15-77af-487b-aef7-34d1d0ee189f@group-83C26644CFDA-LeaderElection56: begin an election at term 44 for -1: [4b287a15-77af-487b-aef7-34d1d0ee189f:192.168.34.38:38597, 0aa3649f-570d-46c6-937f-492d7f3a8364:192.168.34.38:33209, 4a03179f-3169-4ac7-a075-259968512ef0:192.168.34.38:45833], old=null
2019-10-16 21:01:23,136 [grpc-default-executor-1] INFO  impl.RaftServerImpl (RaftServerImpl.java:setRole(184)) - 4a03179f-3169-4ac7-a075-259968512ef0@group-83C26644CFDA: changes role from  FOLLOWER to FOLLOWER at term 44 for recognizeCandidate:4b287a15-77af-487b-aef7-34d1d0ee189f
2019-10-16 21:01:23,136 [grpc-default-executor-2] INFO  impl.RaftServerImpl (RaftServerImpl.java:setRole(184)) - 0aa3649f-570d-46c6-937f-492d7f3a8364@group-83C26644CFDA: changes role from  FOLLOWER to FOLLOWER at term 44 for recognizeCandidate:4b287a15-77af-487b-aef7-34d1d0ee189f
2019-10-16 21:01:23,136 [grpc-default-executor-1] INFO  impl.RoleInfo (RoleInfo.java:shutdownFollowerState(121)) - 4a03179f-3169-4ac7-a075-259968512ef0: shutdown FollowerState
2019-10-16 21:01:23,136 [grpc-default-executor-2] INFO  impl.RoleInfo (RoleInfo.java:shutdownFollowerState(121)) - 0aa3649f-570d-46c6-937f-492d7f3a8364: shutdown FollowerState
2019-10-16 21:01:23,137 [Thread-606] INFO  impl.FollowerState (FollowerState.java:run(117)) - 4a03179f-3169-4ac7-a075-259968512ef0@group-83C26644CFDA-FollowerState was interrupted: java.lang.InterruptedException: sleep interrupted
2019-10-16 21:01:23,137 [grpc-default-executor-1] INFO  impl.RoleInfo (RoleInfo.java:updateAndGet(143)) - 4a03179f-3169-4ac7-a075-259968512ef0: start FollowerState
2019-10-16 21:01:23,137 [Thread-605] INFO  impl.FollowerState (FollowerState.java:run(117)) - 0aa3649f-570d-46c6-937f-492d7f3a8364@group-83C26644CFDA-FollowerState was interrupted: java.lang.InterruptedException: sleep interrupted
2019-10-16 21:01:23,137 [grpc-default-executor-2] INFO  impl.RoleInfo (RoleInfo.java:updateAndGet(143)) - 0aa3649f-570d-46c6-937f-492d7f3a8364: start FollowerState
2019-10-16 21:01:23,152 [4b287a15-77af-487b-aef7-34d1d0ee189f@group-83C26644CFDA-LeaderElection56] INFO  impl.LeaderElection (LeaderElection.java:logAndReturn(56)) - 4b287a15-77af-487b-aef7-34d1d0ee189f@group-83C26644CFDA-LeaderElection56: Election REJECTED; received 2 response(s) [4b287a15-77af-487b-aef7-34d1d0ee189f<-0aa3649f-570d-46c6-937f-492d7f3a8364#0:FAIL-t44, 4b287a15-77af-487b-aef7-34d1d0ee189f<-4a03179f-3169-4ac7-a075-259968512ef0#0:FAIL-t44] and 0 exception(s); 4b287a15-77af-487b-aef7-34d1d0ee189f@group-83C26644CFDA:t44, leader=null, voted=4b287a15-77af-487b-aef7-34d1d0ee189f, raftlog=4b287a15-77af-487b-aef7-34d1d0ee189f@group-83C26644CFDA-SegmentedRaftLog:OPENED:c-1,f-1,i0, conf=-1: [4b287a15-77af-487b-aef7-34d1d0ee189f:192.168.34.38:38597, 0aa3649f-570d-46c6-937f-492d7f3a8364:192.168.34.38:33209, 4a03179f-3169-4ac7-a075-259968512ef0:192.168.34.38:45833], old=null
2019-10-16 21:01:23,152 [4b287a15-77af-487b-aef7-34d1d0ee189f@group-83C26644CFDA-LeaderElection56] INFO  impl.RaftServerImpl (RaftServerImpl.java:setRole(184)) - 4b287a15-77af-487b-aef7-34d1d0ee189f@group-83C26644CFDA: changes role from CANDIDATE to FOLLOWER at term 44 for DISCOVERED_A_NEW_TERM
2019-10-16 21:01:23,152 [4b287a15-77af-487b-aef7-34d1d0ee189f@group-83C26644CFDA-LeaderElection56] INFO  impl.RoleInfo (RoleInfo.java:shutdownLeaderElection(134)) - 4b287a15-77af-487b-aef7-34d1d0ee189f: shutdown LeaderElection
2019-10-16 21:01:23,152 [4b287a15-77af-487b-aef7-34d1d0ee189f@group-83C26644CFDA-LeaderElection56] INFO  impl.RoleInfo (RoleInfo.java:updateAndGet(143)) - 4b287a15-77af-487b-aef7-34d1d0ee189f: start FollowerState
2019-10-16 21:01:23,167 [Thread-611] INFO  impl.FollowerState (FollowerState.java:run(108)) - 4b287a15-77af-487b-aef7-34d1d0ee189f@group-83C26644CFDA-FollowerState: change to CANDIDATE, lastRpcTime:14ms, electionTimeout:14ms
2019-10-16 21:01:23,167 [Thread-611] INFO  impl.RoleInfo (RoleInfo.java:shutdownFollowerState(121)) - 4b287a15-77af-487b-aef7-34d1d0ee189f: shutdown FollowerState
2019-10-16 21:01:23,167 [Thread-611] INFO  impl.RaftServerImpl (RaftServerImpl.java:setRole(184)) - 4b287a15-77af-487b-aef7-34d1d0ee189f@group-83C26644CFDA: changes role from  FOLLOWER to CANDIDATE at term 44 for changeToCandidate
2019-10-16 21:01:23,167 [Thread-611] INFO  impl.RoleInfo (RoleInfo.java:updateAndGet(143)) - 4b287a15-77af-487b-aef7-34d1d0ee189f: start LeaderElection
2019-10-16 21:01:23,199 [4b287a15-77af-487b-aef7-34d1d0ee189f@group-83C26644CFDA-LeaderElection57] INFO  impl.LeaderElection (LeaderElection.java:askForVotes(178)) - 4b287a15-77af-487b-aef7-34d1d0ee189f@group-83C26644CFDA-LeaderElection57: begin an election at term 45 for -1: [4b287a15-77af-487b-aef7-34d1d0ee189f:192.168.34.38:38597, 0aa3649f-570d-46c6-937f-492d7f3a8364:192.168.34.38:33209, 4a03179f-3169-4ac7-a075-259968512ef0:192.168.34.38:45833], old=null
2019-10-16 21:01:23,202 [grpc-default-executor-2] INFO  impl.RaftServerImpl (RaftServerImpl.java:setRole(184)) - 4a03179f-3169-4ac7-a075-259968512ef0@group-83C26644CFDA: changes role from  FOLLOWER to FOLLOWER at term 45 for recognizeCandidate:4b287a15-77af-487b-aef7-34d1d0ee189f
2019-10-16 21:01:23,202 [grpc-default-executor-1] INFO  impl.RaftServerImpl (RaftServerImpl.java:setRole(184)) - 0aa3649f-570d-46c6-937f-492d7f3a8364@group-83C26644CFDA: changes role from  FOLLOWER to FOLLOWER at term 45 for recognizeCandidate:4b287a15-77af-487b-aef7-34d1d0ee189f
2019-10-16 21:01:23,202 [grpc-default-executor-2] INFO  impl.RoleInfo (RoleInfo.java:shutdownFollowerState(121)) - 4a03179f-3169-4ac7-a075-259968512ef0: shutdown FollowerState
2019-10-16 21:01:23,202 [grpc-default-executor-1] INFO  impl.RoleInfo (RoleInfo.java:shutdownFollowerState(121)) - 0aa3649f-570d-46c6-937f-492d7f3a8364: shutdown FollowerState
2019-10-16 21:01:23,202 [Thread-609] INFO  impl.FollowerState (FollowerState.java:run(117)) - 4a03179f-3169-4ac7-a075-259968512ef0@group-83C26644CFDA-FollowerState was interrupted: java.lang.InterruptedException: sleep interrupted
2019-10-16 21:01:23,202 [grpc-default-executor-2] INFO  impl.RoleInfo (RoleInfo.java:updateAndGet(143)) - 4a03179f-3169-4ac7-a075-259968512ef0: start FollowerState
2019-10-16 21:01:23,202 [grpc-default-executor-1] INFO  impl.RoleInfo (RoleInfo.java:updateAndGet(143)) - 0aa3649f-570d-46c6-937f-492d7f3a8364: start FollowerState
2019-10-16 21:01:23,202 [Thread-610] INFO  impl.FollowerState (FollowerState.java:run(117)) - 0aa3649f-570d-46c6-937f-492d7f3a8364@group-83C26644CFDA-FollowerState was interrupted: java.lang.InterruptedException: sleep interrupted
2019-10-16 21:01:23,227 [4b287a15-77af-487b-aef7-34d1d0ee189f@group-83C26644CFDA-LeaderElection57] INFO  impl.LeaderElection (LeaderElection.java:logAndReturn(56)) - 4b287a15-77af-487b-aef7-34d1d0ee189f@group-83C26644CFDA-LeaderElection57: Election REJECTED; received 2 response(s) [4b287a15-77af-487b-aef7-34d1d0ee189f<-0aa3649f-570d-46c6-937f-492d7f3a8364#0:FAIL-t45, 4b287a15-77af-487b-aef7-34d1d0ee189f<-4a03179f-3169-4ac7-a075-259968512ef0#0:FAIL-t45] and 0 exception(s); 4b287a15-77af-487b-aef7-34d1d0ee189f@group-83C26644CFDA:t45, leader=null, voted=4b287a15-77af-487b-aef7-34d1d0ee189f, raftlog=4b287a15-77af-487b-aef7-34d1d0ee189f@group-83C26644CFDA-SegmentedRaftLog:OPENED:c-1,f-1,i0, conf=-1: [4b287a15-77af-487b-aef7-34d1d0ee189f:192.168.34.38:38597, 0aa3649f-570d-46c6-937f-492d7f3a8364:192.168.34.38:33209, 4a03179f-3169-4ac7-a075-259968512ef0:192.168.34.38:45833], old=null
2019-10-16 21:01:23,227 [4b287a15-77af-487b-aef7-34d1d0ee189f@group-83C26644CFDA-LeaderElection57] INFO  impl.RaftServerImpl (RaftServerImpl.java:setRole(184)) - 4b287a15-77af-487b-aef7-34d1d0ee189f@group-83C26644CFDA: changes role from CANDIDATE to FOLLOWER at term 45 for DISCOVERED_A_NEW_TERM
2019-10-16 21:01:23,227 [4b287a15-77af-487b-aef7-34d1d0ee189f@group-83C26644CFDA-LeaderElection57] INFO  impl.RoleInfo (RoleInfo.java:shutdownLeaderElection(134)) - 4b287a15-77af-487b-aef7-34d1d0ee189f: shutdown LeaderElection
2019-10-16 21:01:23,227 [4b287a15-77af-487b-aef7-34d1d0ee189f@group-83C26644CFDA-LeaderElection57] INFO  impl.RoleInfo (RoleInfo.java:updateAndGet(143)) - 4b287a15-77af-487b-aef7-34d1d0ee189f: start FollowerState
2019-10-16 21:01:23,333 [Thread-617] INFO  impl.FollowerState (FollowerState.java:run(108)) - 4b287a15-77af-487b-aef7-34d1d0ee189f@group-83C26644CFDA-FollowerState: change to CANDIDATE, lastRpcTime:105ms, electionTimeout:105ms
2019-10-16 21:01:23,333 [Thread-617] INFO  impl.RoleInfo (RoleInfo.java:shutdownFollowerState(121)) - 4b287a15-77af-487b-aef7-34d1d0ee189f: shutdown FollowerState
2019-10-16 21:01:23,333 [Thread-617] INFO  impl.RaftServerImpl (RaftServerImpl.java:setRole(184)) - 4b287a15-77af-487b-aef7-34d1d0ee189f@group-83C26644CFDA: changes role from  FOLLOWER to CANDIDATE at term 45 for changeToCandidate
2019-10-16 21:01:23,333 [Thread-617] INFO  impl.RoleInfo (RoleInfo.java:updateAndGet(143)) - 4b287a15-77af-487b-aef7-34d1d0ee189f: start LeaderElection
2019-10-16 21:01:23,346 [main] INFO  ozone.MiniOzoneClusterImpl (MiniOzoneClusterImpl.java:lambda$waitForClusterToBeReady$2(164)) - Waiting for 1 number of pipelines out of 4, to report a leader.
2019-10-16 21:01:23,347 [4b287a15-77af-487b-aef7-34d1d0ee189f@group-83C26644CFDA-LeaderElection58] INFO  impl.LeaderElection (LeaderElection.java:askForVotes(178)) - 4b287a15-77af-487b-aef7-34d1d0ee189f@group-83C26644CFDA-LeaderElection58: begin an election at term 46 for -1: [4b287a15-77af-487b-aef7-34d1d0ee189f:192.168.34.38:38597, 0aa3649f-570d-46c6-937f-492d7f3a8364:192.168.34.38:33209, 4a03179f-3169-4ac7-a075-259968512ef0:192.168.34.38:45833], old=null
2019-10-16 21:01:23,349 [grpc-default-executor-2] INFO  impl.RaftServerImpl (RaftServerImpl.java:setRole(184)) - 0aa3649f-570d-46c6-937f-492d7f3a8364@group-83C26644CFDA: changes role from  FOLLOWER to FOLLOWER at term 46 for recognizeCandidate:4b287a15-77af-487b-aef7-34d1d0ee189f
2019-10-16 21:01:23,349 [grpc-default-executor-1] INFO  impl.RaftServerImpl (RaftServerImpl.java:setRole(184)) - 4a03179f-3169-4ac7-a075-259968512ef0@group-83C26644CFDA: changes role from  FOLLOWER to FOLLOWER at term 46 for recognizeCandidate:4b287a15-77af-487b-aef7-34d1d0ee189f
2019-10-16 21:01:23,350 [grpc-default-executor-2] INFO  impl.RoleInfo (RoleInfo.java:shutdownFollowerState(121)) - 0aa3649f-570d-46c6-937f-492d7f3a8364: shutdown FollowerState
2019-10-16 21:01:23,350 [grpc-default-executor-1] INFO  impl.RoleInfo (RoleInfo.java:shutdownFollowerState(121)) - 4a03179f-3169-4ac7-a075-259968512ef0: shutdown FollowerState
2019-10-16 21:01:23,350 [grpc-default-executor-2] INFO  impl.RoleInfo (RoleInfo.java:updateAndGet(143)) - 0aa3649f-570d-46c6-937f-492d7f3a8364: start FollowerState
2019-10-16 21:01:23,350 [grpc-default-executor-1] INFO  impl.RoleInfo (RoleInfo.java:updateAndGet(143)) - 4a03179f-3169-4ac7-a075-259968512ef0: start FollowerState
2019-10-16 21:01:23,350 [Thread-616] INFO  impl.FollowerState (FollowerState.java:run(117)) - 0aa3649f-570d-46c6-937f-492d7f3a8364@group-83C26644CFDA-FollowerState was interrupted: java.lang.InterruptedException: sleep interrupted
2019-10-16 21:01:23,350 [Thread-615] INFO  impl.FollowerState (FollowerState.java:run(117)) - 4a03179f-3169-4ac7-a075-259968512ef0@group-83C26644CFDA-FollowerState was interrupted: java.lang.InterruptedException: sleep interrupted
2019-10-16 21:01:23,364 [4b287a15-77af-487b-aef7-34d1d0ee189f@group-83C26644CFDA-LeaderElection58] INFO  impl.LeaderElection (LeaderElection.java:logAndReturn(56)) - 4b287a15-77af-487b-aef7-34d1d0ee189f@group-83C26644CFDA-LeaderElection58: Election REJECTED; received 2 response(s) [4b287a15-77af-487b-aef7-34d1d0ee189f<-0aa3649f-570d-46c6-937f-492d7f3a8364#0:FAIL-t46, 4b287a15-77af-487b-aef7-34d1d0ee189f<-4a03179f-3169-4ac7-a075-259968512ef0#0:FAIL-t46] and 0 exception(s); 4b287a15-77af-487b-aef7-34d1d0ee189f@group-83C26644CFDA:t46, leader=null, voted=4b287a15-77af-487b-aef7-34d1d0ee189f, raftlog=4b287a15-77af-487b-aef7-34d1d0ee189f@group-83C26644CFDA-SegmentedRaftLog:OPENED:c-1,f-1,i0, conf=-1: [4b287a15-77af-487b-aef7-34d1d0ee189f:192.168.34.38:38597, 0aa3649f-570d-46c6-937f-492d7f3a8364:192.168.34.38:33209, 4a03179f-3169-4ac7-a075-259968512ef0:192.168.34.38:45833], old=null
2019-10-16 21:01:23,364 [4b287a15-77af-487b-aef7-34d1d0ee189f@group-83C26644CFDA-LeaderElection58] INFO  impl.RaftServerImpl (RaftServerImpl.java:setRole(184)) - 4b287a15-77af-487b-aef7-34d1d0ee189f@group-83C26644CFDA: changes role from CANDIDATE to FOLLOWER at term 46 for DISCOVERED_A_NEW_TERM
2019-10-16 21:01:23,364 [4b287a15-77af-487b-aef7-34d1d0ee189f@group-83C26644CFDA-LeaderElection58] INFO  impl.RoleInfo (RoleInfo.java:shutdownLeaderElection(134)) - 4b287a15-77af-487b-aef7-34d1d0ee189f: shutdown LeaderElection
2019-10-16 21:01:23,364 [4b287a15-77af-487b-aef7-34d1d0ee189f@group-83C26644CFDA-LeaderElection58] INFO  impl.RoleInfo (RoleInfo.java:updateAndGet(143)) - 4b287a15-77af-487b-aef7-34d1d0ee189f: start FollowerState
2019-10-16 21:01:23,428 [Thread-623] INFO  impl.FollowerState (FollowerState.java:run(108)) - 4b287a15-77af-487b-aef7-34d1d0ee189f@group-83C26644CFDA-FollowerState: change to CANDIDATE, lastRpcTime:64ms, electionTimeout:64ms
2019-10-16 21:01:23,429 [Thread-623] INFO  impl.RoleInfo (RoleInfo.java:shutdownFollowerState(121)) - 4b287a15-77af-487b-aef7-34d1d0ee189f: shutdown FollowerState
2019-10-16 21:01:23,429 [Thread-623] INFO  impl.RaftServerImpl (RaftServerImpl.java:setRole(184)) - 4b287a15-77af-487b-aef7-34d1d0ee189f@group-83C26644CFDA: changes role from  FOLLOWER to CANDIDATE at term 46 for changeToCandidate
2019-10-16 21:01:23,429 [Thread-623] INFO  impl.RoleInfo (RoleInfo.java:updateAndGet(143)) - 4b287a15-77af-487b-aef7-34d1d0ee189f: start LeaderElection
2019-10-16 21:01:23,442 [4b287a15-77af-487b-aef7-34d1d0ee189f@group-83C26644CFDA-LeaderElection59] INFO  impl.LeaderElection (LeaderElection.java:askForVotes(178)) - 4b287a15-77af-487b-aef7-34d1d0ee189f@group-83C26644CFDA-LeaderElection59: begin an election at term 47 for -1: [4b287a15-77af-487b-aef7-34d1d0ee189f:192.168.34.38:38597, 0aa3649f-570d-46c6-937f-492d7f3a8364:192.168.34.38:33209, 4a03179f-3169-4ac7-a075-259968512ef0:192.168.34.38:45833], old=null
2019-10-16 21:01:23,444 [grpc-default-executor-1] INFO  impl.RaftServerImpl (RaftServerImpl.java:setRole(184)) - 0aa3649f-570d-46c6-937f-492d7f3a8364@group-83C26644CFDA: changes role from  FOLLOWER to FOLLOWER at term 47 for recognizeCandidate:4b287a15-77af-487b-aef7-34d1d0ee189f
2019-10-16 21:01:23,444 [grpc-default-executor-2] INFO  impl.RaftServerImpl (RaftServerImpl.java:setRole(184)) - 4a03179f-3169-4ac7-a075-259968512ef0@group-83C26644CFDA: changes role from  FOLLOWER to FOLLOWER at term 47 for recognizeCandidate:4b287a15-77af-487b-aef7-34d1d0ee189f
2019-10-16 21:01:23,445 [grpc-default-executor-1] INFO  impl.RoleInfo (RoleInfo.java:shutdownFollowerState(121)) - 0aa3649f-570d-46c6-937f-492d7f3a8364: shutdown FollowerState
2019-10-16 21:01:23,445 [grpc-default-executor-2] INFO  impl.RoleInfo (RoleInfo.java:shutdownFollowerState(121)) - 4a03179f-3169-4ac7-a075-259968512ef0: shutdown FollowerState
2019-10-16 21:01:23,445 [Thread-621] INFO  impl.FollowerState (FollowerState.java:run(117)) - 0aa3649f-570d-46c6-937f-492d7f3a8364@group-83C26644CFDA-FollowerState was interrupted: java.lang.InterruptedException: sleep interrupted
2019-10-16 21:01:23,445 [grpc-default-executor-1] INFO  impl.RoleInfo (RoleInfo.java:updateAndGet(143)) - 0aa3649f-570d-46c6-937f-492d7f3a8364: start FollowerState
2019-10-16 21:01:23,445 [Thread-622] INFO  impl.FollowerState (FollowerState.java:run(117)) - 4a03179f-3169-4ac7-a075-259968512ef0@group-83C26644CFDA-FollowerState was interrupted: java.lang.InterruptedException: sleep interrupted
2019-10-16 21:01:23,445 [grpc-default-executor-2] INFO  impl.RoleInfo (RoleInfo.java:updateAndGet(143)) - 4a03179f-3169-4ac7-a075-259968512ef0: start FollowerState
2019-10-16 21:01:23,459 [4b287a15-77af-487b-aef7-34d1d0ee189f@group-83C26644CFDA-LeaderElection59] INFO  impl.LeaderElection (LeaderElection.java:logAndReturn(56)) - 4b287a15-77af-487b-aef7-34d1d0ee189f@group-83C26644CFDA-LeaderElection59: Election REJECTED; received 2 response(s) [4b287a15-77af-487b-aef7-34d1d0ee189f<-0aa3649f-570d-46c6-937f-492d7f3a8364#0:FAIL-t47, 4b287a15-77af-487b-aef7-34d1d0ee189f<-4a03179f-3169-4ac7-a075-259968512ef0#0:FAIL-t47] and 0 exception(s); 4b287a15-77af-487b-aef7-34d1d0ee189f@group-83C26644CFDA:t47, leader=null, voted=4b287a15-77af-487b-aef7-34d1d0ee189f, raftlog=4b287a15-77af-487b-aef7-34d1d0ee189f@group-83C26644CFDA-SegmentedRaftLog:OPENED:c-1,f-1,i0, conf=-1: [4b287a15-77af-487b-aef7-34d1d0ee189f:192.168.34.38:38597, 0aa3649f-570d-46c6-937f-492d7f3a8364:192.168.34.38:33209, 4a03179f-3169-4ac7-a075-259968512ef0:192.168.34.38:45833], old=null
2019-10-16 21:01:23,459 [4b287a15-77af-487b-aef7-34d1d0ee189f@group-83C26644CFDA-LeaderElection59] INFO  impl.RaftServerImpl (RaftServerImpl.java:setRole(184)) - 4b287a15-77af-487b-aef7-34d1d0ee189f@group-83C26644CFDA: changes role from CANDIDATE to FOLLOWER at term 47 for DISCOVERED_A_NEW_TERM
2019-10-16 21:01:23,459 [4b287a15-77af-487b-aef7-34d1d0ee189f@group-83C26644CFDA-LeaderElection59] INFO  impl.RoleInfo (RoleInfo.java:shutdownLeaderElection(134)) - 4b287a15-77af-487b-aef7-34d1d0ee189f: shutdown LeaderElection
2019-10-16 21:01:23,460 [4b287a15-77af-487b-aef7-34d1d0ee189f@group-83C26644CFDA-LeaderElection59] INFO  impl.RoleInfo (RoleInfo.java:updateAndGet(143)) - 4b287a15-77af-487b-aef7-34d1d0ee189f: start FollowerState
2019-10-16 21:01:23,620 [Thread-629] INFO  impl.FollowerState (FollowerState.java:run(108)) - 4b287a15-77af-487b-aef7-34d1d0ee189f@group-83C26644CFDA-FollowerState: change to CANDIDATE, lastRpcTime:160ms, electionTimeout:160ms
2019-10-16 21:01:23,620 [Thread-629] INFO  impl.RoleInfo (RoleInfo.java:shutdownFollowerState(121)) - 4b287a15-77af-487b-aef7-34d1d0ee189f: shutdown FollowerState
2019-10-16 21:01:23,620 [Thread-629] INFO  impl.RaftServerImpl (RaftServerImpl.java:setRole(184)) - 4b287a15-77af-487b-aef7-34d1d0ee189f@group-83C26644CFDA: changes role from  FOLLOWER to CANDIDATE at term 47 for changeToCandidate
2019-10-16 21:01:23,620 [Thread-629] INFO  impl.RoleInfo (RoleInfo.java:updateAndGet(143)) - 4b287a15-77af-487b-aef7-34d1d0ee189f: start LeaderElection
2019-10-16 21:01:23,634 [4b287a15-77af-487b-aef7-34d1d0ee189f@group-83C26644CFDA-LeaderElection60] INFO  impl.LeaderElection (LeaderElection.java:askForVotes(178)) - 4b287a15-77af-487b-aef7-34d1d0ee189f@group-83C26644CFDA-LeaderElection60: begin an election at term 48 for -1: [4b287a15-77af-487b-aef7-34d1d0ee189f:192.168.34.38:38597, 0aa3649f-570d-46c6-937f-492d7f3a8364:192.168.34.38:33209, 4a03179f-3169-4ac7-a075-259968512ef0:192.168.34.38:45833], old=null
2019-10-16 21:01:23,636 [grpc-default-executor-1] INFO  impl.RaftServerImpl (RaftServerImpl.java:setRole(184)) - 0aa3649f-570d-46c6-937f-492d7f3a8364@group-83C26644CFDA: changes role from  FOLLOWER to FOLLOWER at term 48 for recognizeCandidate:4b287a15-77af-487b-aef7-34d1d0ee189f
2019-10-16 21:01:23,636 [grpc-default-executor-2] INFO  impl.RaftServerImpl (RaftServerImpl.java:setRole(184)) - 4a03179f-3169-4ac7-a075-259968512ef0@group-83C26644CFDA: changes role from  FOLLOWER to FOLLOWER at term 48 for recognizeCandidate:4b287a15-77af-487b-aef7-34d1d0ee189f
2019-10-16 21:01:23,637 [grpc-default-executor-1] INFO  impl.RoleInfo (RoleInfo.java:shutdownFollowerState(121)) - 0aa3649f-570d-46c6-937f-492d7f3a8364: shutdown FollowerState
2019-10-16 21:01:23,637 [grpc-default-executor-2] INFO  impl.RoleInfo (RoleInfo.java:shutdownFollowerState(121)) - 4a03179f-3169-4ac7-a075-259968512ef0: shutdown FollowerState
2019-10-16 21:01:23,637 [Thread-627] INFO  impl.FollowerState (FollowerState.java:run(117)) - 0aa3649f-570d-46c6-937f-492d7f3a8364@group-83C26644CFDA-FollowerState was interrupted: java.lang.InterruptedException: sleep interrupted
2019-10-16 21:01:23,637 [grpc-default-executor-1] INFO  impl.RoleInfo (RoleInfo.java:updateAndGet(143)) - 0aa3649f-570d-46c6-937f-492d7f3a8364: start FollowerState
2019-10-16 21:01:23,637 [Thread-628] INFO  impl.FollowerState (FollowerState.java:run(117)) - 4a03179f-3169-4ac7-a075-259968512ef0@group-83C26644CFDA-FollowerState was interrupted: java.lang.InterruptedException: sleep interrupted
2019-10-16 21:01:23,637 [grpc-default-executor-2] INFO  impl.RoleInfo (RoleInfo.java:updateAndGet(143)) - 4a03179f-3169-4ac7-a075-259968512ef0: start FollowerState
2019-10-16 21:01:23,672 [4b287a15-77af-487b-aef7-34d1d0ee189f@group-83C26644CFDA-LeaderElection60] INFO  impl.LeaderElection (LeaderElection.java:logAndReturn(56)) - 4b287a15-77af-487b-aef7-34d1d0ee189f@group-83C26644CFDA-LeaderElection60: Election REJECTED; received 2 response(s) [4b287a15-77af-487b-aef7-34d1d0ee189f<-0aa3649f-570d-46c6-937f-492d7f3a8364#0:FAIL-t48, 4b287a15-77af-487b-aef7-34d1d0ee189f<-4a03179f-3169-4ac7-a075-259968512ef0#0:FAIL-t48] and 0 exception(s); 4b287a15-77af-487b-aef7-34d1d0ee189f@group-83C26644CFDA:t48, leader=null, voted=4b287a15-77af-487b-aef7-34d1d0ee189f, raftlog=4b287a15-77af-487b-aef7-34d1d0ee189f@group-83C26644CFDA-SegmentedRaftLog:OPENED:c-1,f-1,i0, conf=-1: [4b287a15-77af-487b-aef7-34d1d0ee189f:192.168.34.38:38597, 0aa3649f-570d-46c6-937f-492d7f3a8364:192.168.34.38:33209, 4a03179f-3169-4ac7-a075-259968512ef0:192.168.34.38:45833], old=null
2019-10-16 21:01:23,672 [4b287a15-77af-487b-aef7-34d1d0ee189f@group-83C26644CFDA-LeaderElection60] INFO  impl.RaftServerImpl (RaftServerImpl.java:setRole(184)) - 4b287a15-77af-487b-aef7-34d1d0ee189f@group-83C26644CFDA: changes role from CANDIDATE to FOLLOWER at term 48 for DISCOVERED_A_NEW_TERM
2019-10-16 21:01:23,672 [4b287a15-77af-487b-aef7-34d1d0ee189f@group-83C26644CFDA-LeaderElection60] INFO  impl.RoleInfo (RoleInfo.java:shutdownLeaderElection(134)) - 4b287a15-77af-487b-aef7-34d1d0ee189f: shutdown LeaderElection
2019-10-16 21:01:23,672 [4b287a15-77af-487b-aef7-34d1d0ee189f@group-83C26644CFDA-LeaderElection60] INFO  impl.RoleInfo (RoleInfo.java:updateAndGet(143)) - 4b287a15-77af-487b-aef7-34d1d0ee189f: start FollowerState
2019-10-16 21:01:23,843 [Thread-635] INFO  impl.FollowerState (FollowerState.java:run(108)) - 4b287a15-77af-487b-aef7-34d1d0ee189f@group-83C26644CFDA-FollowerState: change to CANDIDATE, lastRpcTime:170ms, electionTimeout:170ms
2019-10-16 21:01:23,843 [Thread-635] INFO  impl.RoleInfo (RoleInfo.java:shutdownFollowerState(121)) - 4b287a15-77af-487b-aef7-34d1d0ee189f: shutdown FollowerState
2019-10-16 21:01:23,843 [Thread-635] INFO  impl.RaftServerImpl (RaftServerImpl.java:setRole(184)) - 4b287a15-77af-487b-aef7-34d1d0ee189f@group-83C26644CFDA: changes role from  FOLLOWER to CANDIDATE at term 48 for changeToCandidate
2019-10-16 21:01:23,843 [Thread-635] INFO  impl.RoleInfo (RoleInfo.java:updateAndGet(143)) - 4b287a15-77af-487b-aef7-34d1d0ee189f: start LeaderElection
2019-10-16 21:01:23,853 [4b287a15-77af-487b-aef7-34d1d0ee189f@group-83C26644CFDA-LeaderElection61] INFO  impl.LeaderElection (LeaderElection.java:askForVotes(178)) - 4b287a15-77af-487b-aef7-34d1d0ee189f@group-83C26644CFDA-LeaderElection61: begin an election at term 49 for -1: [4b287a15-77af-487b-aef7-34d1d0ee189f:192.168.34.38:38597, 0aa3649f-570d-46c6-937f-492d7f3a8364:192.168.34.38:33209, 4a03179f-3169-4ac7-a075-259968512ef0:192.168.34.38:45833], old=null
2019-10-16 21:01:23,855 [grpc-default-executor-2] INFO  impl.RaftServerImpl (RaftServerImpl.java:setRole(184)) - 4a03179f-3169-4ac7-a075-259968512ef0@group-83C26644CFDA: changes role from  FOLLOWER to FOLLOWER at term 49 for recognizeCandidate:4b287a15-77af-487b-aef7-34d1d0ee189f
2019-10-16 21:01:23,855 [grpc-default-executor-1] INFO  impl.RaftServerImpl (RaftServerImpl.java:setRole(184)) - 0aa3649f-570d-46c6-937f-492d7f3a8364@group-83C26644CFDA: changes role from  FOLLOWER to FOLLOWER at term 49 for recognizeCandidate:4b287a15-77af-487b-aef7-34d1d0ee189f
2019-10-16 21:01:23,855 [grpc-default-executor-2] INFO  impl.RoleInfo (RoleInfo.java:shutdownFollowerState(121)) - 4a03179f-3169-4ac7-a075-259968512ef0: shutdown FollowerState
2019-10-16 21:01:23,855 [grpc-default-executor-1] INFO  impl.RoleInfo (RoleInfo.java:shutdownFollowerState(121)) - 0aa3649f-570d-46c6-937f-492d7f3a8364: shutdown FollowerState
2019-10-16 21:01:23,856 [Thread-634] INFO  impl.FollowerState (FollowerState.java:run(117)) - 4a03179f-3169-4ac7-a075-259968512ef0@group-83C26644CFDA-FollowerState was interrupted: java.lang.InterruptedException: sleep interrupted
2019-10-16 21:01:23,856 [grpc-default-executor-2] INFO  impl.RoleInfo (RoleInfo.java:updateAndGet(143)) - 4a03179f-3169-4ac7-a075-259968512ef0: start FollowerState
2019-10-16 21:01:23,856 [Thread-633] INFO  impl.FollowerState (FollowerState.java:run(117)) - 0aa3649f-570d-46c6-937f-492d7f3a8364@group-83C26644CFDA-FollowerState was interrupted: java.lang.InterruptedException: sleep interrupted
2019-10-16 21:01:23,856 [grpc-default-executor-1] INFO  impl.RoleInfo (RoleInfo.java:updateAndGet(143)) - 0aa3649f-570d-46c6-937f-492d7f3a8364: start FollowerState
2019-10-16 21:01:23,870 [4b287a15-77af-487b-aef7-34d1d0ee189f@group-83C26644CFDA-LeaderElection61] INFO  impl.LeaderElection (LeaderElection.java:logAndReturn(56)) - 4b287a15-77af-487b-aef7-34d1d0ee189f@group-83C26644CFDA-LeaderElection61: Election REJECTED; received 2 response(s) [4b287a15-77af-487b-aef7-34d1d0ee189f<-0aa3649f-570d-46c6-937f-492d7f3a8364#0:FAIL-t49, 4b287a15-77af-487b-aef7-34d1d0ee189f<-4a03179f-3169-4ac7-a075-259968512ef0#0:FAIL-t49] and 0 exception(s); 4b287a15-77af-487b-aef7-34d1d0ee189f@group-83C26644CFDA:t49, leader=null, voted=4b287a15-77af-487b-aef7-34d1d0ee189f, raftlog=4b287a15-77af-487b-aef7-34d1d0ee189f@group-83C26644CFDA-SegmentedRaftLog:OPENED:c-1,f-1,i0, conf=-1: [4b287a15-77af-487b-aef7-34d1d0ee189f:192.168.34.38:38597, 0aa3649f-570d-46c6-937f-492d7f3a8364:192.168.34.38:33209, 4a03179f-3169-4ac7-a075-259968512ef0:192.168.34.38:45833], old=null
2019-10-16 21:01:23,870 [4b287a15-77af-487b-aef7-34d1d0ee189f@group-83C26644CFDA-LeaderElection61] INFO  impl.RaftServerImpl (RaftServerImpl.java:setRole(184)) - 4b287a15-77af-487b-aef7-34d1d0ee189f@group-83C26644CFDA: changes role from CANDIDATE to FOLLOWER at term 49 for DISCOVERED_A_NEW_TERM
2019-10-16 21:01:23,870 [4b287a15-77af-487b-aef7-34d1d0ee189f@group-83C26644CFDA-LeaderElection61] INFO  impl.RoleInfo (RoleInfo.java:shutdownLeaderElection(134)) - 4b287a15-77af-487b-aef7-34d1d0ee189f: shutdown LeaderElection
2019-10-16 21:01:23,870 [4b287a15-77af-487b-aef7-34d1d0ee189f@group-83C26644CFDA-LeaderElection61] INFO  impl.RoleInfo (RoleInfo.java:updateAndGet(143)) - 4b287a15-77af-487b-aef7-34d1d0ee189f: start FollowerState
2019-10-16 21:01:24,021 [Thread-641] INFO  impl.FollowerState (FollowerState.java:run(108)) - 4b287a15-77af-487b-aef7-34d1d0ee189f@group-83C26644CFDA-FollowerState: change to CANDIDATE, lastRpcTime:151ms, electionTimeout:151ms
2019-10-16 21:01:24,022 [Thread-641] INFO  impl.RoleInfo (RoleInfo.java:shutdownFollowerState(121)) - 4b287a15-77af-487b-aef7-34d1d0ee189f: shutdown FollowerState
2019-10-16 21:01:24,022 [Thread-641] INFO  impl.RaftServerImpl (RaftServerImpl.java:setRole(184)) - 4b287a15-77af-487b-aef7-34d1d0ee189f@group-83C26644CFDA: changes role from  FOLLOWER to CANDIDATE at term 49 for changeToCandidate
2019-10-16 21:01:24,022 [Thread-641] INFO  impl.RoleInfo (RoleInfo.java:updateAndGet(143)) - 4b287a15-77af-487b-aef7-34d1d0ee189f: start LeaderElection
2019-10-16 21:01:24,037 [4b287a15-77af-487b-aef7-34d1d0ee189f@group-83C26644CFDA-LeaderElection62] INFO  impl.LeaderElection (LeaderElection.java:askForVotes(178)) - 4b287a15-77af-487b-aef7-34d1d0ee189f@group-83C26644CFDA-LeaderElection62: begin an election at term 50 for -1: [4b287a15-77af-487b-aef7-34d1d0ee189f:192.168.34.38:38597, 0aa3649f-570d-46c6-937f-492d7f3a8364:192.168.34.38:33209, 4a03179f-3169-4ac7-a075-259968512ef0:192.168.34.38:45833], old=null
2019-10-16 21:01:24,039 [grpc-default-executor-1] INFO  impl.RaftServerImpl (RaftServerImpl.java:setRole(184)) - 4a03179f-3169-4ac7-a075-259968512ef0@group-83C26644CFDA: changes role from  FOLLOWER to FOLLOWER at term 50 for recognizeCandidate:4b287a15-77af-487b-aef7-34d1d0ee189f
2019-10-16 21:01:24,039 [grpc-default-executor-2] INFO  impl.RaftServerImpl (RaftServerImpl.java:setRole(184)) - 0aa3649f-570d-46c6-937f-492d7f3a8364@group-83C26644CFDA: changes role from  FOLLOWER to FOLLOWER at term 50 for recognizeCandidate:4b287a15-77af-487b-aef7-34d1d0ee189f
2019-10-16 21:01:24,039 [grpc-default-executor-1] INFO  impl.RoleInfo (RoleInfo.java:shutdownFollowerState(121)) - 4a03179f-3169-4ac7-a075-259968512ef0: shutdown FollowerState
2019-10-16 21:01:24,039 [grpc-default-executor-2] INFO  impl.RoleInfo (RoleInfo.java:shutdownFollowerState(121)) - 0aa3649f-570d-46c6-937f-492d7f3a8364: shutdown FollowerState
2019-10-16 21:01:24,040 [Thread-639] INFO  impl.FollowerState (FollowerState.java:run(117)) - 4a03179f-3169-4ac7-a075-259968512ef0@group-83C26644CFDA-FollowerState was interrupted: java.lang.InterruptedException: sleep interrupted
2019-10-16 21:01:24,040 [Thread-640] INFO  impl.FollowerState (FollowerState.java:run(117)) - 0aa3649f-570d-46c6-937f-492d7f3a8364@group-83C26644CFDA-FollowerState was interrupted: java.lang.InterruptedException: sleep interrupted
2019-10-16 21:01:24,040 [grpc-default-executor-1] INFO  impl.RoleInfo (RoleInfo.java:updateAndGet(143)) - 4a03179f-3169-4ac7-a075-259968512ef0: start FollowerState
2019-10-16 21:01:24,040 [grpc-default-executor-2] INFO  impl.RoleInfo (RoleInfo.java:updateAndGet(143)) - 0aa3649f-570d-46c6-937f-492d7f3a8364: start FollowerState
2019-10-16 21:01:24,081 [4b287a15-77af-487b-aef7-34d1d0ee189f@group-83C26644CFDA-LeaderElection62] INFO  impl.LeaderElection (LeaderElection.java:logAndReturn(56)) - 4b287a15-77af-487b-aef7-34d1d0ee189f@group-83C26644CFDA-LeaderElection62: Election REJECTED; received 2 response(s) [4b287a15-77af-487b-aef7-34d1d0ee189f<-0aa3649f-570d-46c6-937f-492d7f3a8364#0:FAIL-t50, 4b287a15-77af-487b-aef7-34d1d0ee189f<-4a03179f-3169-4ac7-a075-259968512ef0#0:FAIL-t50] and 0 exception(s); 4b287a15-77af-487b-aef7-34d1d0ee189f@group-83C26644CFDA:t50, leader=null, voted=4b287a15-77af-487b-aef7-34d1d0ee189f, raftlog=4b287a15-77af-487b-aef7-34d1d0ee189f@group-83C26644CFDA-SegmentedRaftLog:OPENED:c-1,f-1,i0, conf=-1: [4b287a15-77af-487b-aef7-34d1d0ee189f:192.168.34.38:38597, 0aa3649f-570d-46c6-937f-492d7f3a8364:192.168.34.38:33209, 4a03179f-3169-4ac7-a075-259968512ef0:192.168.34.38:45833], old=null
2019-10-16 21:01:24,082 [4b287a15-77af-487b-aef7-34d1d0ee189f@group-83C26644CFDA-LeaderElection62] INFO  impl.RaftServerImpl (RaftServerImpl.java:setRole(184)) - 4b287a15-77af-487b-aef7-34d1d0ee189f@group-83C26644CFDA: changes role from CANDIDATE to FOLLOWER at term 50 for DISCOVERED_A_NEW_TERM
2019-10-16 21:01:24,082 [4b287a15-77af-487b-aef7-34d1d0ee189f@group-83C26644CFDA-LeaderElection62] INFO  impl.RoleInfo (RoleInfo.java:shutdownLeaderElection(134)) - 4b287a15-77af-487b-aef7-34d1d0ee189f: shutdown LeaderElection
2019-10-16 21:01:24,082 [4b287a15-77af-487b-aef7-34d1d0ee189f@group-83C26644CFDA-LeaderElection62] INFO  impl.RoleInfo (RoleInfo.java:updateAndGet(143)) - 4b287a15-77af-487b-aef7-34d1d0ee189f: start FollowerState
2019-10-16 21:01:24,131 [Thread-647] INFO  impl.FollowerState (FollowerState.java:run(108)) - 4b287a15-77af-487b-aef7-34d1d0ee189f@group-83C26644CFDA-FollowerState: change to CANDIDATE, lastRpcTime:49ms, electionTimeout:49ms
2019-10-16 21:01:24,131 [Thread-647] INFO  impl.RoleInfo (RoleInfo.java:shutdownFollowerState(121)) - 4b287a15-77af-487b-aef7-34d1d0ee189f: shutdown FollowerState
2019-10-16 21:01:24,131 [Thread-647] INFO  impl.RaftServerImpl (RaftServerImpl.java:setRole(184)) - 4b287a15-77af-487b-aef7-34d1d0ee189f@group-83C26644CFDA: changes role from  FOLLOWER to CANDIDATE at term 50 for changeToCandidate
2019-10-16 21:01:24,132 [Thread-647] INFO  impl.RoleInfo (RoleInfo.java:updateAndGet(143)) - 4b287a15-77af-487b-aef7-34d1d0ee189f: start LeaderElection
2019-10-16 21:01:24,168 [4b287a15-77af-487b-aef7-34d1d0ee189f@group-83C26644CFDA-LeaderElection63] INFO  impl.LeaderElection (LeaderElection.java:askForVotes(178)) - 4b287a15-77af-487b-aef7-34d1d0ee189f@group-83C26644CFDA-LeaderElection63: begin an election at term 51 for -1: [4b287a15-77af-487b-aef7-34d1d0ee189f:192.168.34.38:38597, 0aa3649f-570d-46c6-937f-492d7f3a8364:192.168.34.38:33209, 4a03179f-3169-4ac7-a075-259968512ef0:192.168.34.38:45833], old=null
2019-10-16 21:01:24,171 [grpc-default-executor-2] INFO  impl.RaftServerImpl (RaftServerImpl.java:setRole(184)) - 4a03179f-3169-4ac7-a075-259968512ef0@group-83C26644CFDA: changes role from  FOLLOWER to FOLLOWER at term 51 for recognizeCandidate:4b287a15-77af-487b-aef7-34d1d0ee189f
2019-10-16 21:01:24,171 [grpc-default-executor-2] INFO  impl.RoleInfo (RoleInfo.java:shutdownFollowerState(121)) - 4a03179f-3169-4ac7-a075-259968512ef0: shutdown FollowerState
2019-10-16 21:01:24,171 [grpc-default-executor-1] INFO  impl.RaftServerImpl (RaftServerImpl.java:setRole(184)) - 0aa3649f-570d-46c6-937f-492d7f3a8364@group-83C26644CFDA: changes role from  FOLLOWER to FOLLOWER at term 51 for recognizeCandidate:4b287a15-77af-487b-aef7-34d1d0ee189f
2019-10-16 21:01:24,171 [grpc-default-executor-1] INFO  impl.RoleInfo (RoleInfo.java:shutdownFollowerState(121)) - 0aa3649f-570d-46c6-937f-492d7f3a8364: shutdown FollowerState
2019-10-16 21:01:24,171 [grpc-default-executor-2] INFO  impl.RoleInfo (RoleInfo.java:updateAndGet(143)) - 4a03179f-3169-4ac7-a075-259968512ef0: start FollowerState
2019-10-16 21:01:24,171 [Thread-645] INFO  impl.FollowerState (FollowerState.java:run(117)) - 4a03179f-3169-4ac7-a075-259968512ef0@group-83C26644CFDA-FollowerState was interrupted: java.lang.InterruptedException: sleep interrupted
2019-10-16 21:01:24,171 [Thread-646] INFO  impl.FollowerState (FollowerState.java:run(117)) - 0aa3649f-570d-46c6-937f-492d7f3a8364@group-83C26644CFDA-FollowerState was interrupted: java.lang.InterruptedException: sleep interrupted
2019-10-16 21:01:24,171 [grpc-default-executor-1] INFO  impl.RoleInfo (RoleInfo.java:updateAndGet(143)) - 0aa3649f-570d-46c6-937f-492d7f3a8364: start FollowerState
2019-10-16 21:01:24,181 [4b287a15-77af-487b-aef7-34d1d0ee189f@group-83C26644CFDA-LeaderElection63] INFO  impl.LeaderElection (LeaderElection.java:logAndReturn(56)) - 4b287a15-77af-487b-aef7-34d1d0ee189f@group-83C26644CFDA-LeaderElection63: Election REJECTED; received 2 response(s) [4b287a15-77af-487b-aef7-34d1d0ee189f<-0aa3649f-570d-46c6-937f-492d7f3a8364#0:FAIL-t51, 4b287a15-77af-487b-aef7-34d1d0ee189f<-4a03179f-3169-4ac7-a075-259968512ef0#0:FAIL-t51] and 0 exception(s); 4b287a15-77af-487b-aef7-34d1d0ee189f@group-83C26644CFDA:t51, leader=null, voted=4b287a15-77af-487b-aef7-34d1d0ee189f, raftlog=4b287a15-77af-487b-aef7-34d1d0ee189f@group-83C26644CFDA-SegmentedRaftLog:OPENED:c-1,f-1,i0, conf=-1: [4b287a15-77af-487b-aef7-34d1d0ee189f:192.168.34.38:38597, 0aa3649f-570d-46c6-937f-492d7f3a8364:192.168.34.38:33209, 4a03179f-3169-4ac7-a075-259968512ef0:192.168.34.38:45833], old=null
2019-10-16 21:01:24,181 [4b287a15-77af-487b-aef7-34d1d0ee189f@group-83C26644CFDA-LeaderElection63] INFO  impl.RaftServerImpl (RaftServerImpl.java:setRole(184)) - 4b287a15-77af-487b-aef7-34d1d0ee189f@group-83C26644CFDA: changes role from CANDIDATE to FOLLOWER at term 51 for DISCOVERED_A_NEW_TERM
2019-10-16 21:01:24,182 [4b287a15-77af-487b-aef7-34d1d0ee189f@group-83C26644CFDA-LeaderElection63] INFO  impl.RoleInfo (RoleInfo.java:shutdownLeaderElection(134)) - 4b287a15-77af-487b-aef7-34d1d0ee189f: shutdown LeaderElection
2019-10-16 21:01:24,182 [4b287a15-77af-487b-aef7-34d1d0ee189f@group-83C26644CFDA-LeaderElection63] INFO  impl.RoleInfo (RoleInfo.java:updateAndGet(143)) - 4b287a15-77af-487b-aef7-34d1d0ee189f: start FollowerState
2019-10-16 21:01:24,257 [Thread-653] INFO  impl.FollowerState (FollowerState.java:run(108)) - 4b287a15-77af-487b-aef7-34d1d0ee189f@group-83C26644CFDA-FollowerState: change to CANDIDATE, lastRpcTime:75ms, electionTimeout:75ms
2019-10-16 21:01:24,257 [Thread-653] INFO  impl.RoleInfo (RoleInfo.java:shutdownFollowerState(121)) - 4b287a15-77af-487b-aef7-34d1d0ee189f: shutdown FollowerState
2019-10-16 21:01:24,257 [Thread-653] INFO  impl.RaftServerImpl (RaftServerImpl.java:setRole(184)) - 4b287a15-77af-487b-aef7-34d1d0ee189f@group-83C26644CFDA: changes role from  FOLLOWER to CANDIDATE at term 51 for changeToCandidate
2019-10-16 21:01:24,257 [Thread-653] INFO  impl.RoleInfo (RoleInfo.java:updateAndGet(143)) - 4b287a15-77af-487b-aef7-34d1d0ee189f: start LeaderElection
2019-10-16 21:01:24,307 [4b287a15-77af-487b-aef7-34d1d0ee189f@group-83C26644CFDA-LeaderElection64] INFO  impl.LeaderElection (LeaderElection.java:askForVotes(178)) - 4b287a15-77af-487b-aef7-34d1d0ee189f@group-83C26644CFDA-LeaderElection64: begin an election at term 52 for -1: [4b287a15-77af-487b-aef7-34d1d0ee189f:192.168.34.38:38597, 0aa3649f-570d-46c6-937f-492d7f3a8364:192.168.34.38:33209, 4a03179f-3169-4ac7-a075-259968512ef0:192.168.34.38:45833], old=null
2019-10-16 21:01:24,309 [grpc-default-executor-1] INFO  impl.RaftServerImpl (RaftServerImpl.java:setRole(184)) - 0aa3649f-570d-46c6-937f-492d7f3a8364@group-83C26644CFDA: changes role from  FOLLOWER to FOLLOWER at term 52 for recognizeCandidate:4b287a15-77af-487b-aef7-34d1d0ee189f
2019-10-16 21:01:24,309 [grpc-default-executor-3] INFO  impl.RaftServerImpl (RaftServerImpl.java:setRole(184)) - 4a03179f-3169-4ac7-a075-259968512ef0@group-83C26644CFDA: changes role from  FOLLOWER to FOLLOWER at term 52 for recognizeCandidate:4b287a15-77af-487b-aef7-34d1d0ee189f
2019-10-16 21:01:24,309 [grpc-default-executor-1] INFO  impl.RoleInfo (RoleInfo.java:shutdownFollowerState(121)) - 0aa3649f-570d-46c6-937f-492d7f3a8364: shutdown FollowerState
2019-10-16 21:01:24,309 [grpc-default-executor-3] INFO  impl.RoleInfo (RoleInfo.java:shutdownFollowerState(121)) - 4a03179f-3169-4ac7-a075-259968512ef0: shutdown FollowerState
2019-10-16 21:01:24,310 [Thread-652] INFO  impl.FollowerState (FollowerState.java:run(117)) - 0aa3649f-570d-46c6-937f-492d7f3a8364@group-83C26644CFDA-FollowerState was interrupted: java.lang.InterruptedException: sleep interrupted
2019-10-16 21:01:24,310 [grpc-default-executor-3] INFO  impl.RoleInfo (RoleInfo.java:updateAndGet(143)) - 4a03179f-3169-4ac7-a075-259968512ef0: start FollowerState
2019-10-16 21:01:24,310 [grpc-default-executor-1] INFO  impl.RoleInfo (RoleInfo.java:updateAndGet(143)) - 0aa3649f-570d-46c6-937f-492d7f3a8364: start FollowerState
2019-10-16 21:01:24,310 [Thread-651] INFO  impl.FollowerState (FollowerState.java:run(117)) - 4a03179f-3169-4ac7-a075-259968512ef0@group-83C26644CFDA-FollowerState was interrupted: java.lang.InterruptedException: sleep interrupted
2019-10-16 21:01:24,346 [main] INFO  ozone.MiniOzoneClusterImpl (MiniOzoneClusterImpl.java:lambda$waitForClusterToBeReady$2(164)) - Waiting for 1 number of pipelines out of 4, to report a leader.
2019-10-16 21:01:24,353 [4b287a15-77af-487b-aef7-34d1d0ee189f@group-83C26644CFDA-LeaderElection64] INFO  impl.LeaderElection (LeaderElection.java:logAndReturn(56)) - 4b287a15-77af-487b-aef7-34d1d0ee189f@group-83C26644CFDA-LeaderElection64: Election REJECTED; received 2 response(s) [4b287a15-77af-487b-aef7-34d1d0ee189f<-0aa3649f-570d-46c6-937f-492d7f3a8364#0:FAIL-t52, 4b287a15-77af-487b-aef7-34d1d0ee189f<-4a03179f-3169-4ac7-a075-259968512ef0#0:FAIL-t52] and 0 exception(s); 4b287a15-77af-487b-aef7-34d1d0ee189f@group-83C26644CFDA:t52, leader=null, voted=4b287a15-77af-487b-aef7-34d1d0ee189f, raftlog=4b287a15-77af-487b-aef7-34d1d0ee189f@group-83C26644CFDA-SegmentedRaftLog:OPENED:c-1,f-1,i0, conf=-1: [4b287a15-77af-487b-aef7-34d1d0ee189f:192.168.34.38:38597, 0aa3649f-570d-46c6-937f-492d7f3a8364:192.168.34.38:33209, 4a03179f-3169-4ac7-a075-259968512ef0:192.168.34.38:45833], old=null
2019-10-16 21:01:24,353 [4b287a15-77af-487b-aef7-34d1d0ee189f@group-83C26644CFDA-LeaderElection64] INFO  impl.RaftServerImpl (RaftServerImpl.java:setRole(184)) - 4b287a15-77af-487b-aef7-34d1d0ee189f@group-83C26644CFDA: changes role from CANDIDATE to FOLLOWER at term 52 for DISCOVERED_A_NEW_TERM
2019-10-16 21:01:24,353 [4b287a15-77af-487b-aef7-34d1d0ee189f@group-83C26644CFDA-LeaderElection64] INFO  impl.RoleInfo (RoleInfo.java:shutdownLeaderElection(134)) - 4b287a15-77af-487b-aef7-34d1d0ee189f: shutdown LeaderElection
2019-10-16 21:01:24,353 [4b287a15-77af-487b-aef7-34d1d0ee189f@group-83C26644CFDA-LeaderElection64] INFO  impl.RoleInfo (RoleInfo.java:updateAndGet(143)) - 4b287a15-77af-487b-aef7-34d1d0ee189f: start FollowerState
2019-10-16 21:01:24,384 [Thread-659] INFO  impl.FollowerState (FollowerState.java:run(108)) - 4b287a15-77af-487b-aef7-34d1d0ee189f@group-83C26644CFDA-FollowerState: change to CANDIDATE, lastRpcTime:30ms, electionTimeout:30ms
2019-10-16 21:01:24,384 [Thread-659] INFO  impl.RoleInfo (RoleInfo.java:shutdownFollowerState(121)) - 4b287a15-77af-487b-aef7-34d1d0ee189f: shutdown FollowerState
2019-10-16 21:01:24,384 [Thread-659] INFO  impl.RaftServerImpl (RaftServerImpl.java:setRole(184)) - 4b287a15-77af-487b-aef7-34d1d0ee189f@group-83C26644CFDA: changes role from  FOLLOWER to CANDIDATE at term 52 for changeToCandidate
2019-10-16 21:01:24,384 [Thread-659] INFO  impl.RoleInfo (RoleInfo.java:updateAndGet(143)) - 4b287a15-77af-487b-aef7-34d1d0ee189f: start LeaderElection
2019-10-16 21:01:24,443 [4b287a15-77af-487b-aef7-34d1d0ee189f@group-83C26644CFDA-LeaderElection65] INFO  impl.LeaderElection (LeaderElection.java:askForVotes(178)) - 4b287a15-77af-487b-aef7-34d1d0ee189f@group-83C26644CFDA-LeaderElection65: begin an election at term 53 for -1: [4b287a15-77af-487b-aef7-34d1d0ee189f:192.168.34.38:38597, 0aa3649f-570d-46c6-937f-492d7f3a8364:192.168.34.38:33209, 4a03179f-3169-4ac7-a075-259968512ef0:192.168.34.38:45833], old=null
2019-10-16 21:01:24,446 [grpc-default-executor-1] INFO  impl.RaftServerImpl (RaftServerImpl.java:setRole(184)) - 0aa3649f-570d-46c6-937f-492d7f3a8364@group-83C26644CFDA: changes role from  FOLLOWER to FOLLOWER at term 53 for recognizeCandidate:4b287a15-77af-487b-aef7-34d1d0ee189f
2019-10-16 21:01:24,446 [grpc-default-executor-3] INFO  impl.RaftServerImpl (RaftServerImpl.java:setRole(184)) - 4a03179f-3169-4ac7-a075-259968512ef0@group-83C26644CFDA: changes role from  FOLLOWER to FOLLOWER at term 53 for recognizeCandidate:4b287a15-77af-487b-aef7-34d1d0ee189f
2019-10-16 21:01:24,446 [grpc-default-executor-1] INFO  impl.RoleInfo (RoleInfo.java:shutdownFollowerState(121)) - 0aa3649f-570d-46c6-937f-492d7f3a8364: shutdown FollowerState
2019-10-16 21:01:24,446 [grpc-default-executor-3] INFO  impl.RoleInfo (RoleInfo.java:shutdownFollowerState(121)) - 4a03179f-3169-4ac7-a075-259968512ef0: shutdown FollowerState
2019-10-16 21:01:24,446 [Thread-657] INFO  impl.FollowerState (FollowerState.java:run(117)) - 0aa3649f-570d-46c6-937f-492d7f3a8364@group-83C26644CFDA-FollowerState was interrupted: java.lang.InterruptedException: sleep interrupted
2019-10-16 21:01:24,446 [grpc-default-executor-1] INFO  impl.RoleInfo (RoleInfo.java:updateAndGet(143)) - 0aa3649f-570d-46c6-937f-492d7f3a8364: start FollowerState
2019-10-16 21:01:24,446 [Thread-658] INFO  impl.FollowerState (FollowerState.java:run(117)) - 4a03179f-3169-4ac7-a075-259968512ef0@group-83C26644CFDA-FollowerState was interrupted: java.lang.InterruptedException: sleep interrupted
2019-10-16 21:01:24,446 [grpc-default-executor-3] INFO  impl.RoleInfo (RoleInfo.java:updateAndGet(143)) - 4a03179f-3169-4ac7-a075-259968512ef0: start FollowerState
2019-10-16 21:01:24,454 [4b287a15-77af-487b-aef7-34d1d0ee189f@group-83C26644CFDA-LeaderElection65] INFO  impl.LeaderElection (LeaderElection.java:logAndReturn(56)) - 4b287a15-77af-487b-aef7-34d1d0ee189f@group-83C26644CFDA-LeaderElection65: Election TIMEOUT; received 0 response(s) [] and 0 exception(s); 4b287a15-77af-487b-aef7-34d1d0ee189f@group-83C26644CFDA:t53, leader=null, voted=4b287a15-77af-487b-aef7-34d1d0ee189f, raftlog=4b287a15-77af-487b-aef7-34d1d0ee189f@group-83C26644CFDA-SegmentedRaftLog:OPENED:c-1,f-1,i0, conf=-1: [4b287a15-77af-487b-aef7-34d1d0ee189f:192.168.34.38:38597, 0aa3649f-570d-46c6-937f-492d7f3a8364:192.168.34.38:33209, 4a03179f-3169-4ac7-a075-259968512ef0:192.168.34.38:45833], old=null
2019-10-16 21:01:24,483 [4b287a15-77af-487b-aef7-34d1d0ee189f@group-83C26644CFDA-LeaderElection65] INFO  impl.LeaderElection (LeaderElection.java:askForVotes(178)) - 4b287a15-77af-487b-aef7-34d1d0ee189f@group-83C26644CFDA-LeaderElection65: begin an election at term 54 for -1: [4b287a15-77af-487b-aef7-34d1d0ee189f:192.168.34.38:38597, 0aa3649f-570d-46c6-937f-492d7f3a8364:192.168.34.38:33209, 4a03179f-3169-4ac7-a075-259968512ef0:192.168.34.38:45833], old=null
2019-10-16 21:01:24,485 [grpc-default-executor-3] INFO  impl.RaftServerImpl (RaftServerImpl.java:setRole(184)) - 0aa3649f-570d-46c6-937f-492d7f3a8364@group-83C26644CFDA: changes role from  FOLLOWER to FOLLOWER at term 54 for recognizeCandidate:4b287a15-77af-487b-aef7-34d1d0ee189f
2019-10-16 21:01:24,485 [grpc-default-executor-1] INFO  impl.RaftServerImpl (RaftServerImpl.java:setRole(184)) - 4a03179f-3169-4ac7-a075-259968512ef0@group-83C26644CFDA: changes role from  FOLLOWER to FOLLOWER at term 54 for recognizeCandidate:4b287a15-77af-487b-aef7-34d1d0ee189f
2019-10-16 21:01:24,485 [grpc-default-executor-1] INFO  impl.RoleInfo (RoleInfo.java:shutdownFollowerState(121)) - 4a03179f-3169-4ac7-a075-259968512ef0: shutdown FollowerState
2019-10-16 21:01:24,485 [grpc-default-executor-3] INFO  impl.RoleInfo (RoleInfo.java:shutdownFollowerState(121)) - 0aa3649f-570d-46c6-937f-492d7f3a8364: shutdown FollowerState
2019-10-16 21:01:24,486 [Thread-664] INFO  impl.FollowerState (FollowerState.java:run(117)) - 4a03179f-3169-4ac7-a075-259968512ef0@group-83C26644CFDA-FollowerState was interrupted: java.lang.InterruptedException: sleep interrupted
2019-10-16 21:01:24,486 [grpc-default-executor-1] INFO  impl.RoleInfo (RoleInfo.java:updateAndGet(143)) - 4a03179f-3169-4ac7-a075-259968512ef0: start FollowerState
2019-10-16 21:01:24,486 [Thread-663] INFO  impl.FollowerState (FollowerState.java:run(117)) - 0aa3649f-570d-46c6-937f-492d7f3a8364@group-83C26644CFDA-FollowerState was interrupted: java.lang.InterruptedException: sleep interrupted
2019-10-16 21:01:24,486 [grpc-default-executor-3] INFO  impl.RoleInfo (RoleInfo.java:updateAndGet(143)) - 0aa3649f-570d-46c6-937f-492d7f3a8364: start FollowerState
2019-10-16 21:01:24,503 [4b287a15-77af-487b-aef7-34d1d0ee189f@group-83C26644CFDA-LeaderElection65] INFO  impl.LeaderElection (LeaderElection.java:logAndReturn(56)) - 4b287a15-77af-487b-aef7-34d1d0ee189f@group-83C26644CFDA-LeaderElection65: Election REJECTED; received 2 response(s) [4b287a15-77af-487b-aef7-34d1d0ee189f<-0aa3649f-570d-46c6-937f-492d7f3a8364#0:FAIL-t54, 4b287a15-77af-487b-aef7-34d1d0ee189f<-4a03179f-3169-4ac7-a075-259968512ef0#0:FAIL-t54] and 0 exception(s); 4b287a15-77af-487b-aef7-34d1d0ee189f@group-83C26644CFDA:t54, leader=null, voted=4b287a15-77af-487b-aef7-34d1d0ee189f, raftlog=4b287a15-77af-487b-aef7-34d1d0ee189f@group-83C26644CFDA-SegmentedRaftLog:OPENED:c-1,f-1,i0, conf=-1: [4b287a15-77af-487b-aef7-34d1d0ee189f:192.168.34.38:38597, 0aa3649f-570d-46c6-937f-492d7f3a8364:192.168.34.38:33209, 4a03179f-3169-4ac7-a075-259968512ef0:192.168.34.38:45833], old=null
2019-10-16 21:01:24,503 [4b287a15-77af-487b-aef7-34d1d0ee189f@group-83C26644CFDA-LeaderElection65] INFO  impl.RaftServerImpl (RaftServerImpl.java:setRole(184)) - 4b287a15-77af-487b-aef7-34d1d0ee189f@group-83C26644CFDA: changes role from CANDIDATE to FOLLOWER at term 54 for DISCOVERED_A_NEW_TERM
2019-10-16 21:01:24,503 [4b287a15-77af-487b-aef7-34d1d0ee189f@group-83C26644CFDA-LeaderElection65] INFO  impl.RoleInfo (RoleInfo.java:shutdownLeaderElection(134)) - 4b287a15-77af-487b-aef7-34d1d0ee189f: shutdown LeaderElection
2019-10-16 21:01:24,503 [4b287a15-77af-487b-aef7-34d1d0ee189f@group-83C26644CFDA-LeaderElection65] INFO  impl.RoleInfo (RoleInfo.java:updateAndGet(143)) - 4b287a15-77af-487b-aef7-34d1d0ee189f: start FollowerState
2019-10-16 21:01:24,531 [Thread-669] INFO  impl.FollowerState (FollowerState.java:run(108)) - 4b287a15-77af-487b-aef7-34d1d0ee189f@group-83C26644CFDA-FollowerState: change to CANDIDATE, lastRpcTime:28ms, electionTimeout:28ms
2019-10-16 21:01:24,532 [Thread-669] INFO  impl.RoleInfo (RoleInfo.java:shutdownFollowerState(121)) - 4b287a15-77af-487b-aef7-34d1d0ee189f: shutdown FollowerState
2019-10-16 21:01:24,532 [Thread-669] INFO  impl.RaftServerImpl (RaftServerImpl.java:setRole(184)) - 4b287a15-77af-487b-aef7-34d1d0ee189f@group-83C26644CFDA: changes role from  FOLLOWER to CANDIDATE at term 54 for changeToCandidate
2019-10-16 21:01:24,532 [Thread-669] INFO  impl.RoleInfo (RoleInfo.java:updateAndGet(143)) - 4b287a15-77af-487b-aef7-34d1d0ee189f: start LeaderElection
2019-10-16 21:01:24,553 [4b287a15-77af-487b-aef7-34d1d0ee189f@group-83C26644CFDA-LeaderElection66] INFO  impl.LeaderElection (LeaderElection.java:askForVotes(178)) - 4b287a15-77af-487b-aef7-34d1d0ee189f@group-83C26644CFDA-LeaderElection66: begin an election at term 55 for -1: [4b287a15-77af-487b-aef7-34d1d0ee189f:192.168.34.38:38597, 0aa3649f-570d-46c6-937f-492d7f3a8364:192.168.34.38:33209, 4a03179f-3169-4ac7-a075-259968512ef0:192.168.34.38:45833], old=null
2019-10-16 21:01:24,555 [grpc-default-executor-3] INFO  impl.RaftServerImpl (RaftServerImpl.java:setRole(184)) - 4a03179f-3169-4ac7-a075-259968512ef0@group-83C26644CFDA: changes role from  FOLLOWER to FOLLOWER at term 55 for recognizeCandidate:4b287a15-77af-487b-aef7-34d1d0ee189f
2019-10-16 21:01:24,555 [grpc-default-executor-3] INFO  impl.RoleInfo (RoleInfo.java:shutdownFollowerState(121)) - 4a03179f-3169-4ac7-a075-259968512ef0: shutdown FollowerState
2019-10-16 21:01:24,556 [grpc-default-executor-3] INFO  impl.RoleInfo (RoleInfo.java:updateAndGet(143)) - 4a03179f-3169-4ac7-a075-259968512ef0: start FollowerState
2019-10-16 21:01:24,556 [Thread-667] INFO  impl.FollowerState (FollowerState.java:run(117)) - 4a03179f-3169-4ac7-a075-259968512ef0@group-83C26644CFDA-FollowerState was interrupted: java.lang.InterruptedException: sleep interrupted
2019-10-16 21:01:24,556 [grpc-default-executor-1] INFO  impl.RaftServerImpl (RaftServerImpl.java:setRole(184)) - 0aa3649f-570d-46c6-937f-492d7f3a8364@group-83C26644CFDA: changes role from  FOLLOWER to FOLLOWER at term 55 for recognizeCandidate:4b287a15-77af-487b-aef7-34d1d0ee189f
2019-10-16 21:01:24,556 [grpc-default-executor-1] INFO  impl.RoleInfo (RoleInfo.java:shutdownFollowerState(121)) - 0aa3649f-570d-46c6-937f-492d7f3a8364: shutdown FollowerState
2019-10-16 21:01:24,556 [grpc-default-executor-1] INFO  impl.RoleInfo (RoleInfo.java:updateAndGet(143)) - 0aa3649f-570d-46c6-937f-492d7f3a8364: start FollowerState
2019-10-16 21:01:24,556 [Thread-668] INFO  impl.FollowerState (FollowerState.java:run(117)) - 0aa3649f-570d-46c6-937f-492d7f3a8364@group-83C26644CFDA-FollowerState was interrupted: java.lang.InterruptedException: sleep interrupted
2019-10-16 21:01:24,570 [4b287a15-77af-487b-aef7-34d1d0ee189f@group-83C26644CFDA-LeaderElection66] INFO  impl.LeaderElection (LeaderElection.java:logAndReturn(56)) - 4b287a15-77af-487b-aef7-34d1d0ee189f@group-83C26644CFDA-LeaderElection66: Election REJECTED; received 2 response(s) [4b287a15-77af-487b-aef7-34d1d0ee189f<-0aa3649f-570d-46c6-937f-492d7f3a8364#0:FAIL-t55, 4b287a15-77af-487b-aef7-34d1d0ee189f<-4a03179f-3169-4ac7-a075-259968512ef0#0:FAIL-t55] and 0 exception(s); 4b287a15-77af-487b-aef7-34d1d0ee189f@group-83C26644CFDA:t55, leader=null, voted=4b287a15-77af-487b-aef7-34d1d0ee189f, raftlog=4b287a15-77af-487b-aef7-34d1d0ee189f@group-83C26644CFDA-SegmentedRaftLog:OPENED:c-1,f-1,i0, conf=-1: [4b287a15-77af-487b-aef7-34d1d0ee189f:192.168.34.38:38597, 0aa3649f-570d-46c6-937f-492d7f3a8364:192.168.34.38:33209, 4a03179f-3169-4ac7-a075-259968512ef0:192.168.34.38:45833], old=null
2019-10-16 21:01:24,570 [4b287a15-77af-487b-aef7-34d1d0ee189f@group-83C26644CFDA-LeaderElection66] INFO  impl.RaftServerImpl (RaftServerImpl.java:setRole(184)) - 4b287a15-77af-487b-aef7-34d1d0ee189f@group-83C26644CFDA: changes role from CANDIDATE to FOLLOWER at term 55 for DISCOVERED_A_NEW_TERM
2019-10-16 21:01:24,570 [4b287a15-77af-487b-aef7-34d1d0ee189f@group-83C26644CFDA-LeaderElection66] INFO  impl.RoleInfo (RoleInfo.java:shutdownLeaderElection(134)) - 4b287a15-77af-487b-aef7-34d1d0ee189f: shutdown LeaderElection
2019-10-16 21:01:24,571 [4b287a15-77af-487b-aef7-34d1d0ee189f@group-83C26644CFDA-LeaderElection66] INFO  impl.RoleInfo (RoleInfo.java:updateAndGet(143)) - 4b287a15-77af-487b-aef7-34d1d0ee189f: start FollowerState
2019-10-16 21:01:24,751 [Thread-675] INFO  impl.FollowerState (FollowerState.java:run(108)) - 4b287a15-77af-487b-aef7-34d1d0ee189f@group-83C26644CFDA-FollowerState: change to CANDIDATE, lastRpcTime:180ms, electionTimeout:180ms
2019-10-16 21:01:24,751 [Thread-675] INFO  impl.RoleInfo (RoleInfo.java:shutdownFollowerState(121)) - 4b287a15-77af-487b-aef7-34d1d0ee189f: shutdown FollowerState
2019-10-16 21:01:24,751 [Thread-675] INFO  impl.RaftServerImpl (RaftServerImpl.java:setRole(184)) - 4b287a15-77af-487b-aef7-34d1d0ee189f@group-83C26644CFDA: changes role from  FOLLOWER to CANDIDATE at term 55 for changeToCandidate
2019-10-16 21:01:24,752 [Thread-675] INFO  impl.RoleInfo (RoleInfo.java:updateAndGet(143)) - 4b287a15-77af-487b-aef7-34d1d0ee189f: start LeaderElection
2019-10-16 21:01:24,776 [4b287a15-77af-487b-aef7-34d1d0ee189f@group-83C26644CFDA-LeaderElection67] INFO  impl.LeaderElection (LeaderElection.java:askForVotes(178)) - 4b287a15-77af-487b-aef7-34d1d0ee189f@group-83C26644CFDA-LeaderElection67: begin an election at term 56 for -1: [4b287a15-77af-487b-aef7-34d1d0ee189f:192.168.34.38:38597, 0aa3649f-570d-46c6-937f-492d7f3a8364:192.168.34.38:33209, 4a03179f-3169-4ac7-a075-259968512ef0:192.168.34.38:45833], old=null
2019-10-16 21:01:24,779 [grpc-default-executor-1] INFO  impl.RaftServerImpl (RaftServerImpl.java:setRole(184)) - 0aa3649f-570d-46c6-937f-492d7f3a8364@group-83C26644CFDA: changes role from  FOLLOWER to FOLLOWER at term 56 for recognizeCandidate:4b287a15-77af-487b-aef7-34d1d0ee189f
2019-10-16 21:01:24,779 [grpc-default-executor-3] INFO  impl.RaftServerImpl (RaftServerImpl.java:setRole(184)) - 4a03179f-3169-4ac7-a075-259968512ef0@group-83C26644CFDA: changes role from  FOLLOWER to FOLLOWER at term 56 for recognizeCandidate:4b287a15-77af-487b-aef7-34d1d0ee189f
2019-10-16 21:01:24,779 [grpc-default-executor-1] INFO  impl.RoleInfo (RoleInfo.java:shutdownFollowerState(121)) - 0aa3649f-570d-46c6-937f-492d7f3a8364: shutdown FollowerState
2019-10-16 21:01:24,779 [grpc-default-executor-3] INFO  impl.RoleInfo (RoleInfo.java:shutdownFollowerState(121)) - 4a03179f-3169-4ac7-a075-259968512ef0: shutdown FollowerState
2019-10-16 21:01:24,779 [grpc-default-executor-1] INFO  impl.RoleInfo (RoleInfo.java:updateAndGet(143)) - 0aa3649f-570d-46c6-937f-492d7f3a8364: start FollowerState
2019-10-16 21:01:24,779 [grpc-default-executor-3] INFO  impl.RoleInfo (RoleInfo.java:updateAndGet(143)) - 4a03179f-3169-4ac7-a075-259968512ef0: start FollowerState
2019-10-16 21:01:24,779 [Thread-673] INFO  impl.FollowerState (FollowerState.java:run(117)) - 4a03179f-3169-4ac7-a075-259968512ef0@group-83C26644CFDA-FollowerState was interrupted: java.lang.InterruptedException: sleep interrupted
2019-10-16 21:01:24,779 [Thread-674] INFO  impl.FollowerState (FollowerState.java:run(117)) - 0aa3649f-570d-46c6-937f-492d7f3a8364@group-83C26644CFDA-FollowerState was interrupted: java.lang.InterruptedException: sleep interrupted
2019-10-16 21:01:24,796 [4b287a15-77af-487b-aef7-34d1d0ee189f@group-83C26644CFDA-LeaderElection67] INFO  impl.LeaderElection (LeaderElection.java:logAndReturn(56)) - 4b287a15-77af-487b-aef7-34d1d0ee189f@group-83C26644CFDA-LeaderElection67: Election REJECTED; received 2 response(s) [4b287a15-77af-487b-aef7-34d1d0ee189f<-0aa3649f-570d-46c6-937f-492d7f3a8364#0:FAIL-t56, 4b287a15-77af-487b-aef7-34d1d0ee189f<-4a03179f-3169-4ac7-a075-259968512ef0#0:FAIL-t56] and 0 exception(s); 4b287a15-77af-487b-aef7-34d1d0ee189f@group-83C26644CFDA:t56, leader=null, voted=4b287a15-77af-487b-aef7-34d1d0ee189f, raftlog=4b287a15-77af-487b-aef7-34d1d0ee189f@group-83C26644CFDA-SegmentedRaftLog:OPENED:c-1,f-1,i0, conf=-1: [4b287a15-77af-487b-aef7-34d1d0ee189f:192.168.34.38:38597, 0aa3649f-570d-46c6-937f-492d7f3a8364:192.168.34.38:33209, 4a03179f-3169-4ac7-a075-259968512ef0:192.168.34.38:45833], old=null
2019-10-16 21:01:24,796 [4b287a15-77af-487b-aef7-34d1d0ee189f@group-83C26644CFDA-LeaderElection67] INFO  impl.RaftServerImpl (RaftServerImpl.java:setRole(184)) - 4b287a15-77af-487b-aef7-34d1d0ee189f@group-83C26644CFDA: changes role from CANDIDATE to FOLLOWER at term 56 for DISCOVERED_A_NEW_TERM
2019-10-16 21:01:24,796 [4b287a15-77af-487b-aef7-34d1d0ee189f@group-83C26644CFDA-LeaderElection67] INFO  impl.RoleInfo (RoleInfo.java:shutdownLeaderElection(134)) - 4b287a15-77af-487b-aef7-34d1d0ee189f: shutdown LeaderElection
2019-10-16 21:01:24,796 [4b287a15-77af-487b-aef7-34d1d0ee189f@group-83C26644CFDA-LeaderElection67] INFO  impl.RoleInfo (RoleInfo.java:updateAndGet(143)) - 4b287a15-77af-487b-aef7-34d1d0ee189f: start FollowerState
2019-10-16 21:01:24,820 [Thread-681] INFO  impl.FollowerState (FollowerState.java:run(108)) - 4b287a15-77af-487b-aef7-34d1d0ee189f@group-83C26644CFDA-FollowerState: change to CANDIDATE, lastRpcTime:23ms, electionTimeout:23ms
2019-10-16 21:01:24,820 [Thread-681] INFO  impl.RoleInfo (RoleInfo.java:shutdownFollowerState(121)) - 4b287a15-77af-487b-aef7-34d1d0ee189f: shutdown FollowerState
2019-10-16 21:01:24,820 [Thread-681] INFO  impl.RaftServerImpl (RaftServerImpl.java:setRole(184)) - 4b287a15-77af-487b-aef7-34d1d0ee189f@group-83C26644CFDA: changes role from  FOLLOWER to CANDIDATE at term 56 for changeToCandidate
2019-10-16 21:01:24,820 [Thread-681] INFO  impl.RoleInfo (RoleInfo.java:updateAndGet(143)) - 4b287a15-77af-487b-aef7-34d1d0ee189f: start LeaderElection
2019-10-16 21:01:24,834 [4b287a15-77af-487b-aef7-34d1d0ee189f@group-83C26644CFDA-LeaderElection68] INFO  impl.LeaderElection (LeaderElection.java:askForVotes(178)) - 4b287a15-77af-487b-aef7-34d1d0ee189f@group-83C26644CFDA-LeaderElection68: begin an election at term 57 for -1: [4b287a15-77af-487b-aef7-34d1d0ee189f:192.168.34.38:38597, 0aa3649f-570d-46c6-937f-492d7f3a8364:192.168.34.38:33209, 4a03179f-3169-4ac7-a075-259968512ef0:192.168.34.38:45833], old=null
2019-10-16 21:01:24,836 [grpc-default-executor-1] INFO  impl.RaftServerImpl (RaftServerImpl.java:setRole(184)) - 4a03179f-3169-4ac7-a075-259968512ef0@group-83C26644CFDA: changes role from  FOLLOWER to FOLLOWER at term 57 for recognizeCandidate:4b287a15-77af-487b-aef7-34d1d0ee189f
2019-10-16 21:01:24,836 [grpc-default-executor-1] INFO  impl.RoleInfo (RoleInfo.java:shutdownFollowerState(121)) - 4a03179f-3169-4ac7-a075-259968512ef0: shutdown FollowerState
2019-10-16 21:01:24,836 [grpc-default-executor-3] INFO  impl.RaftServerImpl (RaftServerImpl.java:setRole(184)) - 0aa3649f-570d-46c6-937f-492d7f3a8364@group-83C26644CFDA: changes role from  FOLLOWER to FOLLOWER at term 57 for recognizeCandidate:4b287a15-77af-487b-aef7-34d1d0ee189f
2019-10-16 21:01:24,836 [grpc-default-executor-1] INFO  impl.RoleInfo (RoleInfo.java:updateAndGet(143)) - 4a03179f-3169-4ac7-a075-259968512ef0: start FollowerState
2019-10-16 21:01:24,836 [Thread-680] INFO  impl.FollowerState (FollowerState.java:run(117)) - 4a03179f-3169-4ac7-a075-259968512ef0@group-83C26644CFDA-FollowerState was interrupted: java.lang.InterruptedException: sleep interrupted
2019-10-16 21:01:24,837 [grpc-default-executor-3] INFO  impl.RoleInfo (RoleInfo.java:shutdownFollowerState(121)) - 0aa3649f-570d-46c6-937f-492d7f3a8364: shutdown FollowerState
2019-10-16 21:01:24,837 [Thread-679] INFO  impl.FollowerState (FollowerState.java:run(117)) - 0aa3649f-570d-46c6-937f-492d7f3a8364@group-83C26644CFDA-FollowerState was interrupted: java.lang.InterruptedException: sleep interrupted
2019-10-16 21:01:24,837 [grpc-default-executor-3] INFO  impl.RoleInfo (RoleInfo.java:updateAndGet(143)) - 0aa3649f-570d-46c6-937f-492d7f3a8364: start FollowerState
2019-10-16 21:01:24,852 [4b287a15-77af-487b-aef7-34d1d0ee189f@group-83C26644CFDA-LeaderElection68] INFO  impl.LeaderElection (LeaderElection.java:logAndReturn(56)) - 4b287a15-77af-487b-aef7-34d1d0ee189f@group-83C26644CFDA-LeaderElection68: Election REJECTED; received 2 response(s) [4b287a15-77af-487b-aef7-34d1d0ee189f<-0aa3649f-570d-46c6-937f-492d7f3a8364#0:FAIL-t57, 4b287a15-77af-487b-aef7-34d1d0ee189f<-4a03179f-3169-4ac7-a075-259968512ef0#0:FAIL-t57] and 0 exception(s); 4b287a15-77af-487b-aef7-34d1d0ee189f@group-83C26644CFDA:t57, leader=null, voted=4b287a15-77af-487b-aef7-34d1d0ee189f, raftlog=4b287a15-77af-487b-aef7-34d1d0ee189f@group-83C26644CFDA-SegmentedRaftLog:OPENED:c-1,f-1,i0, conf=-1: [4b287a15-77af-487b-aef7-34d1d0ee189f:192.168.34.38:38597, 0aa3649f-570d-46c6-937f-492d7f3a8364:192.168.34.38:33209, 4a03179f-3169-4ac7-a075-259968512ef0:192.168.34.38:45833], old=null
2019-10-16 21:01:24,852 [4b287a15-77af-487b-aef7-34d1d0ee189f@group-83C26644CFDA-LeaderElection68] INFO  impl.RaftServerImpl (RaftServerImpl.java:setRole(184)) - 4b287a15-77af-487b-aef7-34d1d0ee189f@group-83C26644CFDA: changes role from CANDIDATE to FOLLOWER at term 57 for DISCOVERED_A_NEW_TERM
2019-10-16 21:01:24,852 [4b287a15-77af-487b-aef7-34d1d0ee189f@group-83C26644CFDA-LeaderElection68] INFO  impl.RoleInfo (RoleInfo.java:shutdownLeaderElection(134)) - 4b287a15-77af-487b-aef7-34d1d0ee189f: shutdown LeaderElection
2019-10-16 21:01:24,852 [4b287a15-77af-487b-aef7-34d1d0ee189f@group-83C26644CFDA-LeaderElection68] INFO  impl.RoleInfo (RoleInfo.java:updateAndGet(143)) - 4b287a15-77af-487b-aef7-34d1d0ee189f: start FollowerState
2019-10-16 21:01:24,898 [Thread-687] INFO  impl.FollowerState (FollowerState.java:run(108)) - 4b287a15-77af-487b-aef7-34d1d0ee189f@group-83C26644CFDA-FollowerState: change to CANDIDATE, lastRpcTime:46ms, electionTimeout:46ms
2019-10-16 21:01:24,899 [Thread-687] INFO  impl.RoleInfo (RoleInfo.java:shutdownFollowerState(121)) - 4b287a15-77af-487b-aef7-34d1d0ee189f: shutdown FollowerState
2019-10-16 21:01:24,899 [Thread-687] INFO  impl.RaftServerImpl (RaftServerImpl.java:setRole(184)) - 4b287a15-77af-487b-aef7-34d1d0ee189f@group-83C26644CFDA: changes role from  FOLLOWER to CANDIDATE at term 57 for changeToCandidate
2019-10-16 21:01:24,899 [Thread-687] INFO  impl.RoleInfo (RoleInfo.java:updateAndGet(143)) - 4b287a15-77af-487b-aef7-34d1d0ee189f: start LeaderElection
2019-10-16 21:01:24,913 [4b287a15-77af-487b-aef7-34d1d0ee189f@group-83C26644CFDA-LeaderElection69] INFO  impl.LeaderElection (LeaderElection.java:askForVotes(178)) - 4b287a15-77af-487b-aef7-34d1d0ee189f@group-83C26644CFDA-LeaderElection69: begin an election at term 58 for -1: [4b287a15-77af-487b-aef7-34d1d0ee189f:192.168.34.38:38597, 0aa3649f-570d-46c6-937f-492d7f3a8364:192.168.34.38:33209, 4a03179f-3169-4ac7-a075-259968512ef0:192.168.34.38:45833], old=null
2019-10-16 21:01:24,915 [grpc-default-executor-1] INFO  impl.RaftServerImpl (RaftServerImpl.java:setRole(184)) - 4a03179f-3169-4ac7-a075-259968512ef0@group-83C26644CFDA: changes role from  FOLLOWER to FOLLOWER at term 58 for recognizeCandidate:4b287a15-77af-487b-aef7-34d1d0ee189f
2019-10-16 21:01:24,916 [grpc-default-executor-1] INFO  impl.RoleInfo (RoleInfo.java:shutdownFollowerState(121)) - 4a03179f-3169-4ac7-a075-259968512ef0: shutdown FollowerState
2019-10-16 21:01:24,915 [grpc-default-executor-3] INFO  impl.RaftServerImpl (RaftServerImpl.java:setRole(184)) - 0aa3649f-570d-46c6-937f-492d7f3a8364@group-83C26644CFDA: changes role from  FOLLOWER to FOLLOWER at term 58 for recognizeCandidate:4b287a15-77af-487b-aef7-34d1d0ee189f
2019-10-16 21:01:24,916 [Thread-685] INFO  impl.FollowerState (FollowerState.java:run(117)) - 4a03179f-3169-4ac7-a075-259968512ef0@group-83C26644CFDA-FollowerState was interrupted: java.lang.InterruptedException: sleep interrupted
2019-10-16 21:01:24,916 [grpc-default-executor-1] INFO  impl.RoleInfo (RoleInfo.java:updateAndGet(143)) - 4a03179f-3169-4ac7-a075-259968512ef0: start FollowerState
2019-10-16 21:01:24,916 [grpc-default-executor-3] INFO  impl.RoleInfo (RoleInfo.java:shutdownFollowerState(121)) - 0aa3649f-570d-46c6-937f-492d7f3a8364: shutdown FollowerState
2019-10-16 21:01:24,917 [grpc-default-executor-3] INFO  impl.RoleInfo (RoleInfo.java:updateAndGet(143)) - 0aa3649f-570d-46c6-937f-492d7f3a8364: start FollowerState
2019-10-16 21:01:24,917 [Thread-686] INFO  impl.FollowerState (FollowerState.java:run(117)) - 0aa3649f-570d-46c6-937f-492d7f3a8364@group-83C26644CFDA-FollowerState was interrupted: java.lang.InterruptedException: sleep interrupted
2019-10-16 21:01:24,932 [4b287a15-77af-487b-aef7-34d1d0ee189f@group-83C26644CFDA-LeaderElection69] INFO  impl.LeaderElection (LeaderElection.java:logAndReturn(56)) - 4b287a15-77af-487b-aef7-34d1d0ee189f@group-83C26644CFDA-LeaderElection69: Election REJECTED; received 2 response(s) [4b287a15-77af-487b-aef7-34d1d0ee189f<-0aa3649f-570d-46c6-937f-492d7f3a8364#0:FAIL-t58, 4b287a15-77af-487b-aef7-34d1d0ee189f<-4a03179f-3169-4ac7-a075-259968512ef0#0:FAIL-t58] and 0 exception(s); 4b287a15-77af-487b-aef7-34d1d0ee189f@group-83C26644CFDA:t58, leader=null, voted=4b287a15-77af-487b-aef7-34d1d0ee189f, raftlog=4b287a15-77af-487b-aef7-34d1d0ee189f@group-83C26644CFDA-SegmentedRaftLog:OPENED:c-1,f-1,i0, conf=-1: [4b287a15-77af-487b-aef7-34d1d0ee189f:192.168.34.38:38597, 0aa3649f-570d-46c6-937f-492d7f3a8364:192.168.34.38:33209, 4a03179f-3169-4ac7-a075-259968512ef0:192.168.34.38:45833], old=null
2019-10-16 21:01:24,932 [4b287a15-77af-487b-aef7-34d1d0ee189f@group-83C26644CFDA-LeaderElection69] INFO  impl.RaftServerImpl (RaftServerImpl.java:setRole(184)) - 4b287a15-77af-487b-aef7-34d1d0ee189f@group-83C26644CFDA: changes role from CANDIDATE to FOLLOWER at term 58 for DISCOVERED_A_NEW_TERM
2019-10-16 21:01:24,932 [4b287a15-77af-487b-aef7-34d1d0ee189f@group-83C26644CFDA-LeaderElection69] INFO  impl.RoleInfo (RoleInfo.java:shutdownLeaderElection(134)) - 4b287a15-77af-487b-aef7-34d1d0ee189f: shutdown LeaderElection
2019-10-16 21:01:24,933 [4b287a15-77af-487b-aef7-34d1d0ee189f@group-83C26644CFDA-LeaderElection69] INFO  impl.RoleInfo (RoleInfo.java:updateAndGet(143)) - 4b287a15-77af-487b-aef7-34d1d0ee189f: start FollowerState
2019-10-16 21:01:25,002 [Thread-693] INFO  impl.FollowerState (FollowerState.java:run(108)) - 4b287a15-77af-487b-aef7-34d1d0ee189f@group-83C26644CFDA-FollowerState: change to CANDIDATE, lastRpcTime:69ms, electionTimeout:69ms
2019-10-16 21:01:25,002 [Thread-693] INFO  impl.RoleInfo (RoleInfo.java:shutdownFollowerState(121)) - 4b287a15-77af-487b-aef7-34d1d0ee189f: shutdown FollowerState
2019-10-16 21:01:25,002 [Thread-693] INFO  impl.RaftServerImpl (RaftServerImpl.java:setRole(184)) - 4b287a15-77af-487b-aef7-34d1d0ee189f@group-83C26644CFDA: changes role from  FOLLOWER to CANDIDATE at term 58 for changeToCandidate
2019-10-16 21:01:25,003 [Thread-693] INFO  impl.RoleInfo (RoleInfo.java:updateAndGet(143)) - 4b287a15-77af-487b-aef7-34d1d0ee189f: start LeaderElection
2019-10-16 21:01:25,052 [4b287a15-77af-487b-aef7-34d1d0ee189f@group-83C26644CFDA-LeaderElection70] INFO  impl.LeaderElection (LeaderElection.java:askForVotes(178)) - 4b287a15-77af-487b-aef7-34d1d0ee189f@group-83C26644CFDA-LeaderElection70: begin an election at term 59 for -1: [4b287a15-77af-487b-aef7-34d1d0ee189f:192.168.34.38:38597, 0aa3649f-570d-46c6-937f-492d7f3a8364:192.168.34.38:33209, 4a03179f-3169-4ac7-a075-259968512ef0:192.168.34.38:45833], old=null
2019-10-16 21:01:25,055 [grpc-default-executor-1] INFO  impl.RaftServerImpl (RaftServerImpl.java:setRole(184)) - 4a03179f-3169-4ac7-a075-259968512ef0@group-83C26644CFDA: changes role from  FOLLOWER to FOLLOWER at term 59 for recognizeCandidate:4b287a15-77af-487b-aef7-34d1d0ee189f
2019-10-16 21:01:25,055 [grpc-default-executor-3] INFO  impl.RaftServerImpl (RaftServerImpl.java:setRole(184)) - 0aa3649f-570d-46c6-937f-492d7f3a8364@group-83C26644CFDA: changes role from  FOLLOWER to FOLLOWER at term 59 for recognizeCandidate:4b287a15-77af-487b-aef7-34d1d0ee189f
2019-10-16 21:01:25,055 [grpc-default-executor-1] INFO  impl.RoleInfo (RoleInfo.java:shutdownFollowerState(121)) - 4a03179f-3169-4ac7-a075-259968512ef0: shutdown FollowerState
2019-10-16 21:01:25,055 [grpc-default-executor-3] INFO  impl.RoleInfo (RoleInfo.java:shutdownFollowerState(121)) - 0aa3649f-570d-46c6-937f-492d7f3a8364: shutdown FollowerState
2019-10-16 21:01:25,056 [Thread-691] INFO  impl.FollowerState (FollowerState.java:run(117)) - 4a03179f-3169-4ac7-a075-259968512ef0@group-83C26644CFDA-FollowerState was interrupted: java.lang.InterruptedException: sleep interrupted
2019-10-16 21:01:25,056 [Thread-692] INFO  impl.FollowerState (FollowerState.java:run(117)) - 0aa3649f-570d-46c6-937f-492d7f3a8364@group-83C26644CFDA-FollowerState was interrupted: java.lang.InterruptedException: sleep interrupted
2019-10-16 21:01:25,056 [grpc-default-executor-1] INFO  impl.RoleInfo (RoleInfo.java:updateAndGet(143)) - 4a03179f-3169-4ac7-a075-259968512ef0: start FollowerState
2019-10-16 21:01:25,056 [grpc-default-executor-3] INFO  impl.RoleInfo (RoleInfo.java:updateAndGet(143)) - 0aa3649f-570d-46c6-937f-492d7f3a8364: start FollowerState
2019-10-16 21:01:25,075 [4b287a15-77af-487b-aef7-34d1d0ee189f@group-83C26644CFDA-LeaderElection70] INFO  impl.LeaderElection (LeaderElection.java:logAndReturn(56)) - 4b287a15-77af-487b-aef7-34d1d0ee189f@group-83C26644CFDA-LeaderElection70: Election REJECTED; received 2 response(s) [4b287a15-77af-487b-aef7-34d1d0ee189f<-0aa3649f-570d-46c6-937f-492d7f3a8364#0:FAIL-t59, 4b287a15-77af-487b-aef7-34d1d0ee189f<-4a03179f-3169-4ac7-a075-259968512ef0#0:FAIL-t59] and 0 exception(s); 4b287a15-77af-487b-aef7-34d1d0ee189f@group-83C26644CFDA:t59, leader=null, voted=4b287a15-77af-487b-aef7-34d1d0ee189f, raftlog=4b287a15-77af-487b-aef7-34d1d0ee189f@group-83C26644CFDA-SegmentedRaftLog:OPENED:c-1,f-1,i0, conf=-1: [4b287a15-77af-487b-aef7-34d1d0ee189f:192.168.34.38:38597, 0aa3649f-570d-46c6-937f-492d7f3a8364:192.168.34.38:33209, 4a03179f-3169-4ac7-a075-259968512ef0:192.168.34.38:45833], old=null
2019-10-16 21:01:25,076 [4b287a15-77af-487b-aef7-34d1d0ee189f@group-83C26644CFDA-LeaderElection70] INFO  impl.RaftServerImpl (RaftServerImpl.java:setRole(184)) - 4b287a15-77af-487b-aef7-34d1d0ee189f@group-83C26644CFDA: changes role from CANDIDATE to FOLLOWER at term 59 for DISCOVERED_A_NEW_TERM
2019-10-16 21:01:25,076 [4b287a15-77af-487b-aef7-34d1d0ee189f@group-83C26644CFDA-LeaderElection70] INFO  impl.RoleInfo (RoleInfo.java:shutdownLeaderElection(134)) - 4b287a15-77af-487b-aef7-34d1d0ee189f: shutdown LeaderElection
2019-10-16 21:01:25,076 [4b287a15-77af-487b-aef7-34d1d0ee189f@group-83C26644CFDA-LeaderElection70] INFO  impl.RoleInfo (RoleInfo.java:updateAndGet(143)) - 4b287a15-77af-487b-aef7-34d1d0ee189f: start FollowerState
2019-10-16 21:01:25,078 [Thread-699] INFO  impl.FollowerState (FollowerState.java:run(108)) - 4b287a15-77af-487b-aef7-34d1d0ee189f@group-83C26644CFDA-FollowerState: change to CANDIDATE, lastRpcTime:2ms, electionTimeout:2ms
2019-10-16 21:01:25,078 [Thread-699] INFO  impl.RoleInfo (RoleInfo.java:shutdownFollowerState(121)) - 4b287a15-77af-487b-aef7-34d1d0ee189f: shutdown FollowerState
2019-10-16 21:01:25,078 [Thread-699] INFO  impl.RaftServerImpl (RaftServerImpl.java:setRole(184)) - 4b287a15-77af-487b-aef7-34d1d0ee189f@group-83C26644CFDA: changes role from  FOLLOWER to CANDIDATE at term 59 for changeToCandidate
2019-10-16 21:01:25,079 [Thread-699] INFO  impl.RoleInfo (RoleInfo.java:updateAndGet(143)) - 4b287a15-77af-487b-aef7-34d1d0ee189f: start LeaderElection
2019-10-16 21:01:25,104 [4b287a15-77af-487b-aef7-34d1d0ee189f@group-83C26644CFDA-LeaderElection71] INFO  impl.LeaderElection (LeaderElection.java:askForVotes(178)) - 4b287a15-77af-487b-aef7-34d1d0ee189f@group-83C26644CFDA-LeaderElection71: begin an election at term 60 for -1: [4b287a15-77af-487b-aef7-34d1d0ee189f:192.168.34.38:38597, 0aa3649f-570d-46c6-937f-492d7f3a8364:192.168.34.38:33209, 4a03179f-3169-4ac7-a075-259968512ef0:192.168.34.38:45833], old=null
2019-10-16 21:01:25,107 [grpc-default-executor-1] INFO  impl.RaftServerImpl (RaftServerImpl.java:setRole(184)) - 0aa3649f-570d-46c6-937f-492d7f3a8364@group-83C26644CFDA: changes role from  FOLLOWER to FOLLOWER at term 60 for recognizeCandidate:4b287a15-77af-487b-aef7-34d1d0ee189f
2019-10-16 21:01:25,107 [grpc-default-executor-3] INFO  impl.RaftServerImpl (RaftServerImpl.java:setRole(184)) - 4a03179f-3169-4ac7-a075-259968512ef0@group-83C26644CFDA: changes role from  FOLLOWER to FOLLOWER at term 60 for recognizeCandidate:4b287a15-77af-487b-aef7-34d1d0ee189f
2019-10-16 21:01:25,107 [grpc-default-executor-1] INFO  impl.RoleInfo (RoleInfo.java:shutdownFollowerState(121)) - 0aa3649f-570d-46c6-937f-492d7f3a8364: shutdown FollowerState
2019-10-16 21:01:25,107 [grpc-default-executor-3] INFO  impl.RoleInfo (RoleInfo.java:shutdownFollowerState(121)) - 4a03179f-3169-4ac7-a075-259968512ef0: shutdown FollowerState
2019-10-16 21:01:25,107 [Thread-698] INFO  impl.FollowerState (FollowerState.java:run(117)) - 0aa3649f-570d-46c6-937f-492d7f3a8364@group-83C26644CFDA-FollowerState was interrupted: java.lang.InterruptedException: sleep interrupted
2019-10-16 21:01:25,107 [grpc-default-executor-1] INFO  impl.RoleInfo (RoleInfo.java:updateAndGet(143)) - 0aa3649f-570d-46c6-937f-492d7f3a8364: start FollowerState
2019-10-16 21:01:25,108 [Thread-697] INFO  impl.FollowerState (FollowerState.java:run(117)) - 4a03179f-3169-4ac7-a075-259968512ef0@group-83C26644CFDA-FollowerState was interrupted: java.lang.InterruptedException: sleep interrupted
2019-10-16 21:01:25,107 [grpc-default-executor-3] INFO  impl.RoleInfo (RoleInfo.java:updateAndGet(143)) - 4a03179f-3169-4ac7-a075-259968512ef0: start FollowerState
2019-10-16 21:01:25,120 [4b287a15-77af-487b-aef7-34d1d0ee189f@group-83C26644CFDA-LeaderElection71] INFO  impl.LeaderElection (LeaderElection.java:logAndReturn(56)) - 4b287a15-77af-487b-aef7-34d1d0ee189f@group-83C26644CFDA-LeaderElection71: Election REJECTED; received 2 response(s) [4b287a15-77af-487b-aef7-34d1d0ee189f<-0aa3649f-570d-46c6-937f-492d7f3a8364#0:FAIL-t60, 4b287a15-77af-487b-aef7-34d1d0ee189f<-4a03179f-3169-4ac7-a075-259968512ef0#0:FAIL-t60] and 0 exception(s); 4b287a15-77af-487b-aef7-34d1d0ee189f@group-83C26644CFDA:t60, leader=null, voted=4b287a15-77af-487b-aef7-34d1d0ee189f, raftlog=4b287a15-77af-487b-aef7-34d1d0ee189f@group-83C26644CFDA-SegmentedRaftLog:OPENED:c-1,f-1,i0, conf=-1: [4b287a15-77af-487b-aef7-34d1d0ee189f:192.168.34.38:38597, 0aa3649f-570d-46c6-937f-492d7f3a8364:192.168.34.38:33209, 4a03179f-3169-4ac7-a075-259968512ef0:192.168.34.38:45833], old=null
2019-10-16 21:01:25,121 [4b287a15-77af-487b-aef7-34d1d0ee189f@group-83C26644CFDA-LeaderElection71] INFO  impl.RaftServerImpl (RaftServerImpl.java:setRole(184)) - 4b287a15-77af-487b-aef7-34d1d0ee189f@group-83C26644CFDA: changes role from CANDIDATE to FOLLOWER at term 60 for DISCOVERED_A_NEW_TERM
2019-10-16 21:01:25,121 [4b287a15-77af-487b-aef7-34d1d0ee189f@group-83C26644CFDA-LeaderElection71] INFO  impl.RoleInfo (RoleInfo.java:shutdownLeaderElection(134)) - 4b287a15-77af-487b-aef7-34d1d0ee189f: shutdown LeaderElection
2019-10-16 21:01:25,121 [4b287a15-77af-487b-aef7-34d1d0ee189f@group-83C26644CFDA-LeaderElection71] INFO  impl.RoleInfo (RoleInfo.java:updateAndGet(143)) - 4b287a15-77af-487b-aef7-34d1d0ee189f: start FollowerState
2019-10-16 21:01:25,238 [Thread-705] INFO  impl.FollowerState (FollowerState.java:run(108)) - 4b287a15-77af-487b-aef7-34d1d0ee189f@group-83C26644CFDA-FollowerState: change to CANDIDATE, lastRpcTime:117ms, electionTimeout:117ms
2019-10-16 21:01:25,238 [Thread-705] INFO  impl.RoleInfo (RoleInfo.java:shutdownFollowerState(121)) - 4b287a15-77af-487b-aef7-34d1d0ee189f: shutdown FollowerState
2019-10-16 21:01:25,238 [Thread-705] INFO  impl.RaftServerImpl (RaftServerImpl.java:setRole(184)) - 4b287a15-77af-487b-aef7-34d1d0ee189f@group-83C26644CFDA: changes role from  FOLLOWER to CANDIDATE at term 60 for changeToCandidate
2019-10-16 21:01:25,239 [Thread-705] INFO  impl.RoleInfo (RoleInfo.java:updateAndGet(143)) - 4b287a15-77af-487b-aef7-34d1d0ee189f: start LeaderElection
2019-10-16 21:01:25,252 [4b287a15-77af-487b-aef7-34d1d0ee189f@group-83C26644CFDA-LeaderElection72] INFO  impl.LeaderElection (LeaderElection.java:askForVotes(178)) - 4b287a15-77af-487b-aef7-34d1d0ee189f@group-83C26644CFDA-LeaderElection72: begin an election at term 61 for -1: [4b287a15-77af-487b-aef7-34d1d0ee189f:192.168.34.38:38597, 0aa3649f-570d-46c6-937f-492d7f3a8364:192.168.34.38:33209, 4a03179f-3169-4ac7-a075-259968512ef0:192.168.34.38:45833], old=null
2019-10-16 21:01:25,256 [grpc-default-executor-1] INFO  impl.RaftServerImpl (RaftServerImpl.java:setRole(184)) - 0aa3649f-570d-46c6-937f-492d7f3a8364@group-83C26644CFDA: changes role from  FOLLOWER to FOLLOWER at term 61 for recognizeCandidate:4b287a15-77af-487b-aef7-34d1d0ee189f
2019-10-16 21:01:25,256 [grpc-default-executor-3] INFO  impl.RaftServerImpl (RaftServerImpl.java:setRole(184)) - 4a03179f-3169-4ac7-a075-259968512ef0@group-83C26644CFDA: changes role from  FOLLOWER to FOLLOWER at term 61 for recognizeCandidate:4b287a15-77af-487b-aef7-34d1d0ee189f
2019-10-16 21:01:25,257 [grpc-default-executor-3] INFO  impl.RoleInfo (RoleInfo.java:shutdownFollowerState(121)) - 4a03179f-3169-4ac7-a075-259968512ef0: shutdown FollowerState
2019-10-16 21:01:25,257 [grpc-default-executor-1] INFO  impl.RoleInfo (RoleInfo.java:shutdownFollowerState(121)) - 0aa3649f-570d-46c6-937f-492d7f3a8364: shutdown FollowerState
2019-10-16 21:01:25,257 [Thread-704] INFO  impl.FollowerState (FollowerState.java:run(117)) - 4a03179f-3169-4ac7-a075-259968512ef0@group-83C26644CFDA-FollowerState was interrupted: java.lang.InterruptedException: sleep interrupted
2019-10-16 21:01:25,257 [grpc-default-executor-3] INFO  impl.RoleInfo (RoleInfo.java:updateAndGet(143)) - 4a03179f-3169-4ac7-a075-259968512ef0: start FollowerState
2019-10-16 21:01:25,257 [Thread-703] INFO  impl.FollowerState (FollowerState.java:run(117)) - 0aa3649f-570d-46c6-937f-492d7f3a8364@group-83C26644CFDA-FollowerState was interrupted: java.lang.InterruptedException: sleep interrupted
2019-10-16 21:01:25,257 [grpc-default-executor-1] INFO  impl.RoleInfo (RoleInfo.java:updateAndGet(143)) - 0aa3649f-570d-46c6-937f-492d7f3a8364: start FollowerState
2019-10-16 21:01:25,267 [4b287a15-77af-487b-aef7-34d1d0ee189f@group-83C26644CFDA-LeaderElection72] INFO  impl.LeaderElection (LeaderElection.java:logAndReturn(56)) - 4b287a15-77af-487b-aef7-34d1d0ee189f@group-83C26644CFDA-LeaderElection72: Election REJECTED; received 2 response(s) [4b287a15-77af-487b-aef7-34d1d0ee189f<-0aa3649f-570d-46c6-937f-492d7f3a8364#0:FAIL-t61, 4b287a15-77af-487b-aef7-34d1d0ee189f<-4a03179f-3169-4ac7-a075-259968512ef0#0:FAIL-t61] and 0 exception(s); 4b287a15-77af-487b-aef7-34d1d0ee189f@group-83C26644CFDA:t61, leader=null, voted=4b287a15-77af-487b-aef7-34d1d0ee189f, raftlog=4b287a15-77af-487b-aef7-34d1d0ee189f@group-83C26644CFDA-SegmentedRaftLog:OPENED:c-1,f-1,i0, conf=-1: [4b287a15-77af-487b-aef7-34d1d0ee189f:192.168.34.38:38597, 0aa3649f-570d-46c6-937f-492d7f3a8364:192.168.34.38:33209, 4a03179f-3169-4ac7-a075-259968512ef0:192.168.34.38:45833], old=null
2019-10-16 21:01:25,267 [4b287a15-77af-487b-aef7-34d1d0ee189f@group-83C26644CFDA-LeaderElection72] INFO  impl.RaftServerImpl (RaftServerImpl.java:setRole(184)) - 4b287a15-77af-487b-aef7-34d1d0ee189f@group-83C26644CFDA: changes role from CANDIDATE to FOLLOWER at term 61 for DISCOVERED_A_NEW_TERM
2019-10-16 21:01:25,267 [4b287a15-77af-487b-aef7-34d1d0ee189f@group-83C26644CFDA-LeaderElection72] INFO  impl.RoleInfo (RoleInfo.java:shutdownLeaderElection(134)) - 4b287a15-77af-487b-aef7-34d1d0ee189f: shutdown LeaderElection
2019-10-16 21:01:25,267 [4b287a15-77af-487b-aef7-34d1d0ee189f@group-83C26644CFDA-LeaderElection72] INFO  impl.RoleInfo (RoleInfo.java:updateAndGet(143)) - 4b287a15-77af-487b-aef7-34d1d0ee189f: start FollowerState
2019-10-16 21:01:25,347 [main] INFO  ozone.MiniOzoneClusterImpl (MiniOzoneClusterImpl.java:lambda$waitForClusterToBeReady$2(164)) - Waiting for 1 number of pipelines out of 4, to report a leader.
2019-10-16 21:01:25,391 [Thread-711] INFO  impl.FollowerState (FollowerState.java:run(108)) - 4b287a15-77af-487b-aef7-34d1d0ee189f@group-83C26644CFDA-FollowerState: change to CANDIDATE, lastRpcTime:124ms, electionTimeout:124ms
2019-10-16 21:01:25,392 [Thread-711] INFO  impl.RoleInfo (RoleInfo.java:shutdownFollowerState(121)) - 4b287a15-77af-487b-aef7-34d1d0ee189f: shutdown FollowerState
2019-10-16 21:01:25,392 [Thread-711] INFO  impl.RaftServerImpl (RaftServerImpl.java:setRole(184)) - 4b287a15-77af-487b-aef7-34d1d0ee189f@group-83C26644CFDA: changes role from  FOLLOWER to CANDIDATE at term 61 for changeToCandidate
2019-10-16 21:01:25,392 [Thread-711] INFO  impl.RoleInfo (RoleInfo.java:updateAndGet(143)) - 4b287a15-77af-487b-aef7-34d1d0ee189f: start LeaderElection
2019-10-16 21:01:25,406 [4b287a15-77af-487b-aef7-34d1d0ee189f@group-83C26644CFDA-LeaderElection73] INFO  impl.LeaderElection (LeaderElection.java:askForVotes(178)) - 4b287a15-77af-487b-aef7-34d1d0ee189f@group-83C26644CFDA-LeaderElection73: begin an election at term 62 for -1: [4b287a15-77af-487b-aef7-34d1d0ee189f:192.168.34.38:38597, 0aa3649f-570d-46c6-937f-492d7f3a8364:192.168.34.38:33209, 4a03179f-3169-4ac7-a075-259968512ef0:192.168.34.38:45833], old=null
2019-10-16 21:01:25,409 [grpc-default-executor-3] INFO  impl.RaftServerImpl (RaftServerImpl.java:setRole(184)) - 4a03179f-3169-4ac7-a075-259968512ef0@group-83C26644CFDA: changes role from  FOLLOWER to FOLLOWER at term 62 for recognizeCandidate:4b287a15-77af-487b-aef7-34d1d0ee189f
2019-10-16 21:01:25,409 [grpc-default-executor-1] INFO  impl.RaftServerImpl (RaftServerImpl.java:setRole(184)) - 0aa3649f-570d-46c6-937f-492d7f3a8364@group-83C26644CFDA: changes role from  FOLLOWER to FOLLOWER at term 62 for recognizeCandidate:4b287a15-77af-487b-aef7-34d1d0ee189f
2019-10-16 21:01:25,409 [grpc-default-executor-3] INFO  impl.RoleInfo (RoleInfo.java:shutdownFollowerState(121)) - 4a03179f-3169-4ac7-a075-259968512ef0: shutdown FollowerState
2019-10-16 21:01:25,409 [grpc-default-executor-1] INFO  impl.RoleInfo (RoleInfo.java:shutdownFollowerState(121)) - 0aa3649f-570d-46c6-937f-492d7f3a8364: shutdown FollowerState
2019-10-16 21:01:25,409 [grpc-default-executor-3] INFO  impl.RoleInfo (RoleInfo.java:updateAndGet(143)) - 4a03179f-3169-4ac7-a075-259968512ef0: start FollowerState
2019-10-16 21:01:25,409 [grpc-default-executor-1] INFO  impl.RoleInfo (RoleInfo.java:updateAndGet(143)) - 0aa3649f-570d-46c6-937f-492d7f3a8364: start FollowerState
2019-10-16 21:01:25,409 [Thread-709] INFO  impl.FollowerState (FollowerState.java:run(117)) - 4a03179f-3169-4ac7-a075-259968512ef0@group-83C26644CFDA-FollowerState was interrupted: java.lang.InterruptedException: sleep interrupted
2019-10-16 21:01:25,409 [Thread-710] INFO  impl.FollowerState (FollowerState.java:run(117)) - 0aa3649f-570d-46c6-937f-492d7f3a8364@group-83C26644CFDA-FollowerState was interrupted: java.lang.InterruptedException: sleep interrupted
2019-10-16 21:01:25,427 [4b287a15-77af-487b-aef7-34d1d0ee189f@group-83C26644CFDA-LeaderElection73] INFO  impl.LeaderElection (LeaderElection.java:logAndReturn(56)) - 4b287a15-77af-487b-aef7-34d1d0ee189f@group-83C26644CFDA-LeaderElection73: Election REJECTED; received 2 response(s) [4b287a15-77af-487b-aef7-34d1d0ee189f<-0aa3649f-570d-46c6-937f-492d7f3a8364#0:FAIL-t62, 4b287a15-77af-487b-aef7-34d1d0ee189f<-4a03179f-3169-4ac7-a075-259968512ef0#0:FAIL-t62] and 0 exception(s); 4b287a15-77af-487b-aef7-34d1d0ee189f@group-83C26644CFDA:t62, leader=null, voted=4b287a15-77af-487b-aef7-34d1d0ee189f, raftlog=4b287a15-77af-487b-aef7-34d1d0ee189f@group-83C26644CFDA-SegmentedRaftLog:OPENED:c-1,f-1,i0, conf=-1: [4b287a15-77af-487b-aef7-34d1d0ee189f:192.168.34.38:38597, 0aa3649f-570d-46c6-937f-492d7f3a8364:192.168.34.38:33209, 4a03179f-3169-4ac7-a075-259968512ef0:192.168.34.38:45833], old=null
2019-10-16 21:01:25,427 [4b287a15-77af-487b-aef7-34d1d0ee189f@group-83C26644CFDA-LeaderElection73] INFO  impl.RaftServerImpl (RaftServerImpl.java:setRole(184)) - 4b287a15-77af-487b-aef7-34d1d0ee189f@group-83C26644CFDA: changes role from CANDIDATE to FOLLOWER at term 62 for DISCOVERED_A_NEW_TERM
2019-10-16 21:01:25,427 [4b287a15-77af-487b-aef7-34d1d0ee189f@group-83C26644CFDA-LeaderElection73] INFO  impl.RoleInfo (RoleInfo.java:shutdownLeaderElection(134)) - 4b287a15-77af-487b-aef7-34d1d0ee189f: shutdown LeaderElection
2019-10-16 21:01:25,428 [4b287a15-77af-487b-aef7-34d1d0ee189f@group-83C26644CFDA-LeaderElection73] INFO  impl.RoleInfo (RoleInfo.java:updateAndGet(143)) - 4b287a15-77af-487b-aef7-34d1d0ee189f: start FollowerState
2019-10-16 21:01:25,618 [Thread-717] INFO  impl.FollowerState (FollowerState.java:run(108)) - 4b287a15-77af-487b-aef7-34d1d0ee189f@group-83C26644CFDA-FollowerState: change to CANDIDATE, lastRpcTime:190ms, electionTimeout:190ms
2019-10-16 21:01:25,618 [Thread-717] INFO  impl.RoleInfo (RoleInfo.java:shutdownFollowerState(121)) - 4b287a15-77af-487b-aef7-34d1d0ee189f: shutdown FollowerState
2019-10-16 21:01:25,618 [Thread-717] INFO  impl.RaftServerImpl (RaftServerImpl.java:setRole(184)) - 4b287a15-77af-487b-aef7-34d1d0ee189f@group-83C26644CFDA: changes role from  FOLLOWER to CANDIDATE at term 62 for changeToCandidate
2019-10-16 21:01:25,619 [Thread-717] INFO  impl.RoleInfo (RoleInfo.java:updateAndGet(143)) - 4b287a15-77af-487b-aef7-34d1d0ee189f: start LeaderElection
2019-10-16 21:01:25,644 [4b287a15-77af-487b-aef7-34d1d0ee189f@group-83C26644CFDA-LeaderElection74] INFO  impl.LeaderElection (LeaderElection.java:askForVotes(178)) - 4b287a15-77af-487b-aef7-34d1d0ee189f@group-83C26644CFDA-LeaderElection74: begin an election at term 63 for -1: [4b287a15-77af-487b-aef7-34d1d0ee189f:192.168.34.38:38597, 0aa3649f-570d-46c6-937f-492d7f3a8364:192.168.34.38:33209, 4a03179f-3169-4ac7-a075-259968512ef0:192.168.34.38:45833], old=null
2019-10-16 21:01:25,648 [grpc-default-executor-3] INFO  impl.RaftServerImpl (RaftServerImpl.java:setRole(184)) - 4a03179f-3169-4ac7-a075-259968512ef0@group-83C26644CFDA: changes role from  FOLLOWER to FOLLOWER at term 63 for recognizeCandidate:4b287a15-77af-487b-aef7-34d1d0ee189f
2019-10-16 21:01:25,648 [grpc-default-executor-1] INFO  impl.RaftServerImpl (RaftServerImpl.java:setRole(184)) - 0aa3649f-570d-46c6-937f-492d7f3a8364@group-83C26644CFDA: changes role from  FOLLOWER to FOLLOWER at term 63 for recognizeCandidate:4b287a15-77af-487b-aef7-34d1d0ee189f
2019-10-16 21:01:25,648 [grpc-default-executor-3] INFO  impl.RoleInfo (RoleInfo.java:shutdownFollowerState(121)) - 4a03179f-3169-4ac7-a075-259968512ef0: shutdown FollowerState
2019-10-16 21:01:25,648 [grpc-default-executor-1] INFO  impl.RoleInfo (RoleInfo.java:shutdownFollowerState(121)) - 0aa3649f-570d-46c6-937f-492d7f3a8364: shutdown FollowerState
2019-10-16 21:01:25,649 [Thread-715] INFO  impl.FollowerState (FollowerState.java:run(117)) - 4a03179f-3169-4ac7-a075-259968512ef0@group-83C26644CFDA-FollowerState was interrupted: java.lang.InterruptedException: sleep interrupted
2019-10-16 21:01:25,648 [grpc-default-executor-3] INFO  impl.RoleInfo (RoleInfo.java:updateAndGet(143)) - 4a03179f-3169-4ac7-a075-259968512ef0: start FollowerState
2019-10-16 21:01:25,649 [grpc-default-executor-1] INFO  impl.RoleInfo (RoleInfo.java:updateAndGet(143)) - 0aa3649f-570d-46c6-937f-492d7f3a8364: start FollowerState
2019-10-16 21:01:25,649 [Thread-716] INFO  impl.FollowerState (FollowerState.java:run(117)) - 0aa3649f-570d-46c6-937f-492d7f3a8364@group-83C26644CFDA-FollowerState was interrupted: java.lang.InterruptedException: sleep interrupted
2019-10-16 21:01:25,667 [4b287a15-77af-487b-aef7-34d1d0ee189f@group-83C26644CFDA-LeaderElection74] INFO  impl.LeaderElection (LeaderElection.java:logAndReturn(56)) - 4b287a15-77af-487b-aef7-34d1d0ee189f@group-83C26644CFDA-LeaderElection74: Election REJECTED; received 2 response(s) [4b287a15-77af-487b-aef7-34d1d0ee189f<-0aa3649f-570d-46c6-937f-492d7f3a8364#0:FAIL-t63, 4b287a15-77af-487b-aef7-34d1d0ee189f<-4a03179f-3169-4ac7-a075-259968512ef0#0:FAIL-t63] and 0 exception(s); 4b287a15-77af-487b-aef7-34d1d0ee189f@group-83C26644CFDA:t63, leader=null, voted=4b287a15-77af-487b-aef7-34d1d0ee189f, raftlog=4b287a15-77af-487b-aef7-34d1d0ee189f@group-83C26644CFDA-SegmentedRaftLog:OPENED:c-1,f-1,i0, conf=-1: [4b287a15-77af-487b-aef7-34d1d0ee189f:192.168.34.38:38597, 0aa3649f-570d-46c6-937f-492d7f3a8364:192.168.34.38:33209, 4a03179f-3169-4ac7-a075-259968512ef0:192.168.34.38:45833], old=null
2019-10-16 21:01:25,667 [4b287a15-77af-487b-aef7-34d1d0ee189f@group-83C26644CFDA-LeaderElection74] INFO  impl.RaftServerImpl (RaftServerImpl.java:setRole(184)) - 4b287a15-77af-487b-aef7-34d1d0ee189f@group-83C26644CFDA: changes role from CANDIDATE to FOLLOWER at term 63 for DISCOVERED_A_NEW_TERM
2019-10-16 21:01:25,667 [4b287a15-77af-487b-aef7-34d1d0ee189f@group-83C26644CFDA-LeaderElection74] INFO  impl.RoleInfo (RoleInfo.java:shutdownLeaderElection(134)) - 4b287a15-77af-487b-aef7-34d1d0ee189f: shutdown LeaderElection
2019-10-16 21:01:25,667 [4b287a15-77af-487b-aef7-34d1d0ee189f@group-83C26644CFDA-LeaderElection74] INFO  impl.RoleInfo (RoleInfo.java:updateAndGet(143)) - 4b287a15-77af-487b-aef7-34d1d0ee189f: start FollowerState
2019-10-16 21:01:25,746 [Thread-723] INFO  impl.FollowerState (FollowerState.java:run(108)) - 4b287a15-77af-487b-aef7-34d1d0ee189f@group-83C26644CFDA-FollowerState: change to CANDIDATE, lastRpcTime:78ms, electionTimeout:78ms
2019-10-16 21:01:25,746 [Thread-723] INFO  impl.RoleInfo (RoleInfo.java:shutdownFollowerState(121)) - 4b287a15-77af-487b-aef7-34d1d0ee189f: shutdown FollowerState
2019-10-16 21:01:25,746 [Thread-723] INFO  impl.RaftServerImpl (RaftServerImpl.java:setRole(184)) - 4b287a15-77af-487b-aef7-34d1d0ee189f@group-83C26644CFDA: changes role from  FOLLOWER to CANDIDATE at term 63 for changeToCandidate
2019-10-16 21:01:25,746 [Thread-723] INFO  impl.RoleInfo (RoleInfo.java:updateAndGet(143)) - 4b287a15-77af-487b-aef7-34d1d0ee189f: start LeaderElection
2019-10-16 21:01:25,759 [4b287a15-77af-487b-aef7-34d1d0ee189f@group-83C26644CFDA-LeaderElection75] INFO  impl.LeaderElection (LeaderElection.java:askForVotes(178)) - 4b287a15-77af-487b-aef7-34d1d0ee189f@group-83C26644CFDA-LeaderElection75: begin an election at term 64 for -1: [4b287a15-77af-487b-aef7-34d1d0ee189f:192.168.34.38:38597, 0aa3649f-570d-46c6-937f-492d7f3a8364:192.168.34.38:33209, 4a03179f-3169-4ac7-a075-259968512ef0:192.168.34.38:45833], old=null
2019-10-16 21:01:25,762 [grpc-default-executor-1] INFO  impl.RaftServerImpl (RaftServerImpl.java:setRole(184)) - 0aa3649f-570d-46c6-937f-492d7f3a8364@group-83C26644CFDA: changes role from  FOLLOWER to FOLLOWER at term 64 for recognizeCandidate:4b287a15-77af-487b-aef7-34d1d0ee189f
2019-10-16 21:01:25,762 [grpc-default-executor-3] INFO  impl.RaftServerImpl (RaftServerImpl.java:setRole(184)) - 4a03179f-3169-4ac7-a075-259968512ef0@group-83C26644CFDA: changes role from  FOLLOWER to FOLLOWER at term 64 for recognizeCandidate:4b287a15-77af-487b-aef7-34d1d0ee189f
2019-10-16 21:01:25,762 [grpc-default-executor-1] INFO  impl.RoleInfo (RoleInfo.java:shutdownFollowerState(121)) - 0aa3649f-570d-46c6-937f-492d7f3a8364: shutdown FollowerState
2019-10-16 21:01:25,762 [grpc-default-executor-3] INFO  impl.RoleInfo (RoleInfo.java:shutdownFollowerState(121)) - 4a03179f-3169-4ac7-a075-259968512ef0: shutdown FollowerState
2019-10-16 21:01:25,763 [Thread-722] INFO  impl.FollowerState (FollowerState.java:run(117)) - 0aa3649f-570d-46c6-937f-492d7f3a8364@group-83C26644CFDA-FollowerState was interrupted: java.lang.InterruptedException: sleep interrupted
2019-10-16 21:01:25,763 [Thread-721] INFO  impl.FollowerState (FollowerState.java:run(117)) - 4a03179f-3169-4ac7-a075-259968512ef0@group-83C26644CFDA-FollowerState was interrupted: java.lang.InterruptedException: sleep interrupted
2019-10-16 21:01:25,763 [grpc-default-executor-3] INFO  impl.RoleInfo (RoleInfo.java:updateAndGet(143)) - 4a03179f-3169-4ac7-a075-259968512ef0: start FollowerState
2019-10-16 21:01:25,763 [grpc-default-executor-1] INFO  impl.RoleInfo (RoleInfo.java:updateAndGet(143)) - 0aa3649f-570d-46c6-937f-492d7f3a8364: start FollowerState
2019-10-16 21:01:25,779 [4b287a15-77af-487b-aef7-34d1d0ee189f@group-83C26644CFDA-LeaderElection75] INFO  impl.LeaderElection (LeaderElection.java:logAndReturn(56)) - 4b287a15-77af-487b-aef7-34d1d0ee189f@group-83C26644CFDA-LeaderElection75: Election REJECTED; received 2 response(s) [4b287a15-77af-487b-aef7-34d1d0ee189f<-0aa3649f-570d-46c6-937f-492d7f3a8364#0:FAIL-t64, 4b287a15-77af-487b-aef7-34d1d0ee189f<-4a03179f-3169-4ac7-a075-259968512ef0#0:FAIL-t64] and 0 exception(s); 4b287a15-77af-487b-aef7-34d1d0ee189f@group-83C26644CFDA:t64, leader=null, voted=4b287a15-77af-487b-aef7-34d1d0ee189f, raftlog=4b287a15-77af-487b-aef7-34d1d0ee189f@group-83C26644CFDA-SegmentedRaftLog:OPENED:c-1,f-1,i0, conf=-1: [4b287a15-77af-487b-aef7-34d1d0ee189f:192.168.34.38:38597, 0aa3649f-570d-46c6-937f-492d7f3a8364:192.168.34.38:33209, 4a03179f-3169-4ac7-a075-259968512ef0:192.168.34.38:45833], old=null
2019-10-16 21:01:25,779 [4b287a15-77af-487b-aef7-34d1d0ee189f@group-83C26644CFDA-LeaderElection75] INFO  impl.RaftServerImpl (RaftServerImpl.java:setRole(184)) - 4b287a15-77af-487b-aef7-34d1d0ee189f@group-83C26644CFDA: changes role from CANDIDATE to FOLLOWER at term 64 for DISCOVERED_A_NEW_TERM
2019-10-16 21:01:25,779 [4b287a15-77af-487b-aef7-34d1d0ee189f@group-83C26644CFDA-LeaderElection75] INFO  impl.RoleInfo (RoleInfo.java:shutdownLeaderElection(134)) - 4b287a15-77af-487b-aef7-34d1d0ee189f: shutdown LeaderElection
2019-10-16 21:01:25,779 [4b287a15-77af-487b-aef7-34d1d0ee189f@group-83C26644CFDA-LeaderElection75] INFO  impl.RoleInfo (RoleInfo.java:updateAndGet(143)) - 4b287a15-77af-487b-aef7-34d1d0ee189f: start FollowerState
2019-10-16 21:01:25,880 [Thread-729] INFO  impl.FollowerState (FollowerState.java:run(108)) - 4b287a15-77af-487b-aef7-34d1d0ee189f@group-83C26644CFDA-FollowerState: change to CANDIDATE, lastRpcTime:100ms, electionTimeout:100ms
2019-10-16 21:01:25,880 [Thread-729] INFO  impl.RoleInfo (RoleInfo.java:shutdownFollowerState(121)) - 4b287a15-77af-487b-aef7-34d1d0ee189f: shutdown FollowerState
2019-10-16 21:01:25,880 [Thread-729] INFO  impl.RaftServerImpl (RaftServerImpl.java:setRole(184)) - 4b287a15-77af-487b-aef7-34d1d0ee189f@group-83C26644CFDA: changes role from  FOLLOWER to CANDIDATE at term 64 for changeToCandidate
2019-10-16 21:01:25,880 [Thread-729] INFO  impl.RoleInfo (RoleInfo.java:updateAndGet(143)) - 4b287a15-77af-487b-aef7-34d1d0ee189f: start LeaderElection
2019-10-16 21:01:25,894 [4b287a15-77af-487b-aef7-34d1d0ee189f@group-83C26644CFDA-LeaderElection76] INFO  impl.LeaderElection (LeaderElection.java:askForVotes(178)) - 4b287a15-77af-487b-aef7-34d1d0ee189f@group-83C26644CFDA-LeaderElection76: begin an election at term 65 for -1: [4b287a15-77af-487b-aef7-34d1d0ee189f:192.168.34.38:38597, 0aa3649f-570d-46c6-937f-492d7f3a8364:192.168.34.38:33209, 4a03179f-3169-4ac7-a075-259968512ef0:192.168.34.38:45833], old=null
2019-10-16 21:01:25,896 [grpc-default-executor-1] INFO  impl.RaftServerImpl (RaftServerImpl.java:setRole(184)) - 4a03179f-3169-4ac7-a075-259968512ef0@group-83C26644CFDA: changes role from  FOLLOWER to FOLLOWER at term 65 for recognizeCandidate:4b287a15-77af-487b-aef7-34d1d0ee189f
2019-10-16 21:01:25,896 [grpc-default-executor-3] INFO  impl.RaftServerImpl (RaftServerImpl.java:setRole(184)) - 0aa3649f-570d-46c6-937f-492d7f3a8364@group-83C26644CFDA: changes role from  FOLLOWER to FOLLOWER at term 65 for recognizeCandidate:4b287a15-77af-487b-aef7-34d1d0ee189f
2019-10-16 21:01:25,897 [grpc-default-executor-1] INFO  impl.RoleInfo (RoleInfo.java:shutdownFollowerState(121)) - 4a03179f-3169-4ac7-a075-259968512ef0: shutdown FollowerState
2019-10-16 21:01:25,897 [grpc-default-executor-3] INFO  impl.RoleInfo (RoleInfo.java:shutdownFollowerState(121)) - 0aa3649f-570d-46c6-937f-492d7f3a8364: shutdown FollowerState
2019-10-16 21:01:25,897 [Thread-728] INFO  impl.FollowerState (FollowerState.java:run(117)) - 4a03179f-3169-4ac7-a075-259968512ef0@group-83C26644CFDA-FollowerState was interrupted: java.lang.InterruptedException: sleep interrupted
2019-10-16 21:01:25,897 [grpc-default-executor-1] INFO  impl.RoleInfo (RoleInfo.java:updateAndGet(143)) - 4a03179f-3169-4ac7-a075-259968512ef0: start FollowerState
2019-10-16 21:01:25,897 [Thread-727] INFO  impl.FollowerState (FollowerState.java:run(117)) - 0aa3649f-570d-46c6-937f-492d7f3a8364@group-83C26644CFDA-FollowerState was interrupted: java.lang.InterruptedException: sleep interrupted
2019-10-16 21:01:25,897 [grpc-default-executor-3] INFO  impl.RoleInfo (RoleInfo.java:updateAndGet(143)) - 0aa3649f-570d-46c6-937f-492d7f3a8364: start FollowerState
2019-10-16 21:01:25,912 [4b287a15-77af-487b-aef7-34d1d0ee189f@group-83C26644CFDA-LeaderElection76] INFO  impl.LeaderElection (LeaderElection.java:logAndReturn(56)) - 4b287a15-77af-487b-aef7-34d1d0ee189f@group-83C26644CFDA-LeaderElection76: Election REJECTED; received 2 response(s) [4b287a15-77af-487b-aef7-34d1d0ee189f<-0aa3649f-570d-46c6-937f-492d7f3a8364#0:FAIL-t65, 4b287a15-77af-487b-aef7-34d1d0ee189f<-4a03179f-3169-4ac7-a075-259968512ef0#0:FAIL-t65] and 0 exception(s); 4b287a15-77af-487b-aef7-34d1d0ee189f@group-83C26644CFDA:t65, leader=null, voted=4b287a15-77af-487b-aef7-34d1d0ee189f, raftlog=4b287a15-77af-487b-aef7-34d1d0ee189f@group-83C26644CFDA-SegmentedRaftLog:OPENED:c-1,f-1,i0, conf=-1: [4b287a15-77af-487b-aef7-34d1d0ee189f:192.168.34.38:38597, 0aa3649f-570d-46c6-937f-492d7f3a8364:192.168.34.38:33209, 4a03179f-3169-4ac7-a075-259968512ef0:192.168.34.38:45833], old=null
2019-10-16 21:01:25,912 [4b287a15-77af-487b-aef7-34d1d0ee189f@group-83C26644CFDA-LeaderElection76] INFO  impl.RaftServerImpl (RaftServerImpl.java:setRole(184)) - 4b287a15-77af-487b-aef7-34d1d0ee189f@group-83C26644CFDA: changes role from CANDIDATE to FOLLOWER at term 65 for DISCOVERED_A_NEW_TERM
2019-10-16 21:01:25,912 [4b287a15-77af-487b-aef7-34d1d0ee189f@group-83C26644CFDA-LeaderElection76] INFO  impl.RoleInfo (RoleInfo.java:shutdownLeaderElection(134)) - 4b287a15-77af-487b-aef7-34d1d0ee189f: shutdown LeaderElection
2019-10-16 21:01:25,913 [4b287a15-77af-487b-aef7-34d1d0ee189f@group-83C26644CFDA-LeaderElection76] INFO  impl.RoleInfo (RoleInfo.java:updateAndGet(143)) - 4b287a15-77af-487b-aef7-34d1d0ee189f: start FollowerState
2019-10-16 21:01:26,045 [Thread-735] INFO  impl.FollowerState (FollowerState.java:run(108)) - 4b287a15-77af-487b-aef7-34d1d0ee189f@group-83C26644CFDA-FollowerState: change to CANDIDATE, lastRpcTime:132ms, electionTimeout:132ms
2019-10-16 21:01:26,045 [Thread-735] INFO  impl.RoleInfo (RoleInfo.java:shutdownFollowerState(121)) - 4b287a15-77af-487b-aef7-34d1d0ee189f: shutdown FollowerState
2019-10-16 21:01:26,046 [Thread-735] INFO  impl.RaftServerImpl (RaftServerImpl.java:setRole(184)) - 4b287a15-77af-487b-aef7-34d1d0ee189f@group-83C26644CFDA: changes role from  FOLLOWER to CANDIDATE at term 65 for changeToCandidate
2019-10-16 21:01:26,046 [Thread-735] INFO  impl.RoleInfo (RoleInfo.java:updateAndGet(143)) - 4b287a15-77af-487b-aef7-34d1d0ee189f: start LeaderElection
2019-10-16 21:01:26,059 [4b287a15-77af-487b-aef7-34d1d0ee189f@group-83C26644CFDA-LeaderElection77] INFO  impl.LeaderElection (LeaderElection.java:askForVotes(178)) - 4b287a15-77af-487b-aef7-34d1d0ee189f@group-83C26644CFDA-LeaderElection77: begin an election at term 66 for -1: [4b287a15-77af-487b-aef7-34d1d0ee189f:192.168.34.38:38597, 0aa3649f-570d-46c6-937f-492d7f3a8364:192.168.34.38:33209, 4a03179f-3169-4ac7-a075-259968512ef0:192.168.34.38:45833], old=null
2019-10-16 21:01:26,063 [grpc-default-executor-3] INFO  impl.RaftServerImpl (RaftServerImpl.java:setRole(184)) - 4a03179f-3169-4ac7-a075-259968512ef0@group-83C26644CFDA: changes role from  FOLLOWER to FOLLOWER at term 66 for recognizeCandidate:4b287a15-77af-487b-aef7-34d1d0ee189f
2019-10-16 21:01:26,063 [grpc-default-executor-1] INFO  impl.RaftServerImpl (RaftServerImpl.java:setRole(184)) - 0aa3649f-570d-46c6-937f-492d7f3a8364@group-83C26644CFDA: changes role from  FOLLOWER to FOLLOWER at term 66 for recognizeCandidate:4b287a15-77af-487b-aef7-34d1d0ee189f
2019-10-16 21:01:26,063 [grpc-default-executor-3] INFO  impl.RoleInfo (RoleInfo.java:shutdownFollowerState(121)) - 4a03179f-3169-4ac7-a075-259968512ef0: shutdown FollowerState
2019-10-16 21:01:26,063 [grpc-default-executor-1] INFO  impl.RoleInfo (RoleInfo.java:shutdownFollowerState(121)) - 0aa3649f-570d-46c6-937f-492d7f3a8364: shutdown FollowerState
2019-10-16 21:01:26,063 [Thread-733] INFO  impl.FollowerState (FollowerState.java:run(117)) - 4a03179f-3169-4ac7-a075-259968512ef0@group-83C26644CFDA-FollowerState was interrupted: java.lang.InterruptedException: sleep interrupted
2019-10-16 21:01:26,063 [grpc-default-executor-3] INFO  impl.RoleInfo (RoleInfo.java:updateAndGet(143)) - 4a03179f-3169-4ac7-a075-259968512ef0: start FollowerState
2019-10-16 21:01:26,063 [Thread-734] INFO  impl.FollowerState (FollowerState.java:run(117)) - 0aa3649f-570d-46c6-937f-492d7f3a8364@group-83C26644CFDA-FollowerState was interrupted: java.lang.InterruptedException: sleep interrupted
2019-10-16 21:01:26,063 [grpc-default-executor-1] INFO  impl.RoleInfo (RoleInfo.java:updateAndGet(143)) - 0aa3649f-570d-46c6-937f-492d7f3a8364: start FollowerState
2019-10-16 21:01:26,089 [4b287a15-77af-487b-aef7-34d1d0ee189f@group-83C26644CFDA-LeaderElection77] INFO  impl.LeaderElection (LeaderElection.java:logAndReturn(56)) - 4b287a15-77af-487b-aef7-34d1d0ee189f@group-83C26644CFDA-LeaderElection77: Election REJECTED; received 2 response(s) [4b287a15-77af-487b-aef7-34d1d0ee189f<-0aa3649f-570d-46c6-937f-492d7f3a8364#0:FAIL-t66, 4b287a15-77af-487b-aef7-34d1d0ee189f<-4a03179f-3169-4ac7-a075-259968512ef0#0:FAIL-t66] and 0 exception(s); 4b287a15-77af-487b-aef7-34d1d0ee189f@group-83C26644CFDA:t66, leader=null, voted=4b287a15-77af-487b-aef7-34d1d0ee189f, raftlog=4b287a15-77af-487b-aef7-34d1d0ee189f@group-83C26644CFDA-SegmentedRaftLog:OPENED:c-1,f-1,i0, conf=-1: [4b287a15-77af-487b-aef7-34d1d0ee189f:192.168.34.38:38597, 0aa3649f-570d-46c6-937f-492d7f3a8364:192.168.34.38:33209, 4a03179f-3169-4ac7-a075-259968512ef0:192.168.34.38:45833], old=null
2019-10-16 21:01:26,089 [4b287a15-77af-487b-aef7-34d1d0ee189f@group-83C26644CFDA-LeaderElection77] INFO  impl.RaftServerImpl (RaftServerImpl.java:setRole(184)) - 4b287a15-77af-487b-aef7-34d1d0ee189f@group-83C26644CFDA: changes role from CANDIDATE to FOLLOWER at term 66 for DISCOVERED_A_NEW_TERM
2019-10-16 21:01:26,090 [4b287a15-77af-487b-aef7-34d1d0ee189f@group-83C26644CFDA-LeaderElection77] INFO  impl.RoleInfo (RoleInfo.java:shutdownLeaderElection(134)) - 4b287a15-77af-487b-aef7-34d1d0ee189f: shutdown LeaderElection
2019-10-16 21:01:26,090 [4b287a15-77af-487b-aef7-34d1d0ee189f@group-83C26644CFDA-LeaderElection77] INFO  impl.RoleInfo (RoleInfo.java:updateAndGet(143)) - 4b287a15-77af-487b-aef7-34d1d0ee189f: start FollowerState
2019-10-16 21:01:26,201 [Thread-741] INFO  impl.FollowerState (FollowerState.java:run(108)) - 4b287a15-77af-487b-aef7-34d1d0ee189f@group-83C26644CFDA-FollowerState: change to CANDIDATE, lastRpcTime:111ms, electionTimeout:111ms
2019-10-16 21:01:26,201 [Thread-741] INFO  impl.RoleInfo (RoleInfo.java:shutdownFollowerState(121)) - 4b287a15-77af-487b-aef7-34d1d0ee189f: shutdown FollowerState
2019-10-16 21:01:26,202 [Thread-741] INFO  impl.RaftServerImpl (RaftServerImpl.java:setRole(184)) - 4b287a15-77af-487b-aef7-34d1d0ee189f@group-83C26644CFDA: changes role from  FOLLOWER to CANDIDATE at term 66 for changeToCandidate
2019-10-16 21:01:26,202 [Thread-741] INFO  impl.RoleInfo (RoleInfo.java:updateAndGet(143)) - 4b287a15-77af-487b-aef7-34d1d0ee189f: start LeaderElection
2019-10-16 21:01:26,215 [4b287a15-77af-487b-aef7-34d1d0ee189f@group-83C26644CFDA-LeaderElection78] INFO  impl.LeaderElection (LeaderElection.java:askForVotes(178)) - 4b287a15-77af-487b-aef7-34d1d0ee189f@group-83C26644CFDA-LeaderElection78: begin an election at term 67 for -1: [4b287a15-77af-487b-aef7-34d1d0ee189f:192.168.34.38:38597, 0aa3649f-570d-46c6-937f-492d7f3a8364:192.168.34.38:33209, 4a03179f-3169-4ac7-a075-259968512ef0:192.168.34.38:45833], old=null
2019-10-16 21:01:26,217 [grpc-default-executor-1] INFO  impl.RaftServerImpl (RaftServerImpl.java:setRole(184)) - 0aa3649f-570d-46c6-937f-492d7f3a8364@group-83C26644CFDA: changes role from  FOLLOWER to FOLLOWER at term 67 for recognizeCandidate:4b287a15-77af-487b-aef7-34d1d0ee189f
2019-10-16 21:01:26,218 [grpc-default-executor-3] INFO  impl.RaftServerImpl (RaftServerImpl.java:setRole(184)) - 4a03179f-3169-4ac7-a075-259968512ef0@group-83C26644CFDA: changes role from  FOLLOWER to FOLLOWER at term 67 for recognizeCandidate:4b287a15-77af-487b-aef7-34d1d0ee189f
2019-10-16 21:01:26,218 [grpc-default-executor-3] INFO  impl.RoleInfo (RoleInfo.java:shutdownFollowerState(121)) - 4a03179f-3169-4ac7-a075-259968512ef0: shutdown FollowerState
2019-10-16 21:01:26,218 [grpc-default-executor-1] INFO  impl.RoleInfo (RoleInfo.java:shutdownFollowerState(121)) - 0aa3649f-570d-46c6-937f-492d7f3a8364: shutdown FollowerState
2019-10-16 21:01:26,218 [Thread-739] INFO  impl.FollowerState (FollowerState.java:run(117)) - 4a03179f-3169-4ac7-a075-259968512ef0@group-83C26644CFDA-FollowerState was interrupted: java.lang.InterruptedException: sleep interrupted
2019-10-16 21:01:26,218 [grpc-default-executor-3] INFO  impl.RoleInfo (RoleInfo.java:updateAndGet(143)) - 4a03179f-3169-4ac7-a075-259968512ef0: start FollowerState
2019-10-16 21:01:26,218 [grpc-default-executor-1] INFO  impl.RoleInfo (RoleInfo.java:updateAndGet(143)) - 0aa3649f-570d-46c6-937f-492d7f3a8364: start FollowerState
2019-10-16 21:01:26,218 [Thread-740] INFO  impl.FollowerState (FollowerState.java:run(117)) - 0aa3649f-570d-46c6-937f-492d7f3a8364@group-83C26644CFDA-FollowerState was interrupted: java.lang.InterruptedException: sleep interrupted
2019-10-16 21:01:26,233 [4b287a15-77af-487b-aef7-34d1d0ee189f@group-83C26644CFDA-LeaderElection78] INFO  impl.LeaderElection (LeaderElection.java:logAndReturn(56)) - 4b287a15-77af-487b-aef7-34d1d0ee189f@group-83C26644CFDA-LeaderElection78: Election REJECTED; received 2 response(s) [4b287a15-77af-487b-aef7-34d1d0ee189f<-0aa3649f-570d-46c6-937f-492d7f3a8364#0:FAIL-t67, 4b287a15-77af-487b-aef7-34d1d0ee189f<-4a03179f-3169-4ac7-a075-259968512ef0#0:FAIL-t67] and 0 exception(s); 4b287a15-77af-487b-aef7-34d1d0ee189f@group-83C26644CFDA:t67, leader=null, voted=4b287a15-77af-487b-aef7-34d1d0ee189f, raftlog=4b287a15-77af-487b-aef7-34d1d0ee189f@group-83C26644CFDA-SegmentedRaftLog:OPENED:c-1,f-1,i0, conf=-1: [4b287a15-77af-487b-aef7-34d1d0ee189f:192.168.34.38:38597, 0aa3649f-570d-46c6-937f-492d7f3a8364:192.168.34.38:33209, 4a03179f-3169-4ac7-a075-259968512ef0:192.168.34.38:45833], old=null
2019-10-16 21:01:26,233 [4b287a15-77af-487b-aef7-34d1d0ee189f@group-83C26644CFDA-LeaderElection78] INFO  impl.RaftServerImpl (RaftServerImpl.java:setRole(184)) - 4b287a15-77af-487b-aef7-34d1d0ee189f@group-83C26644CFDA: changes role from CANDIDATE to FOLLOWER at term 67 for DISCOVERED_A_NEW_TERM
2019-10-16 21:01:26,233 [4b287a15-77af-487b-aef7-34d1d0ee189f@group-83C26644CFDA-LeaderElection78] INFO  impl.RoleInfo (RoleInfo.java:shutdownLeaderElection(134)) - 4b287a15-77af-487b-aef7-34d1d0ee189f: shutdown LeaderElection
2019-10-16 21:01:26,233 [4b287a15-77af-487b-aef7-34d1d0ee189f@group-83C26644CFDA-LeaderElection78] INFO  impl.RoleInfo (RoleInfo.java:updateAndGet(143)) - 4b287a15-77af-487b-aef7-34d1d0ee189f: start FollowerState
2019-10-16 21:01:26,340 [Thread-747] INFO  impl.FollowerState (FollowerState.java:run(108)) - 4b287a15-77af-487b-aef7-34d1d0ee189f@group-83C26644CFDA-FollowerState: change to CANDIDATE, lastRpcTime:106ms, electionTimeout:106ms
2019-10-16 21:01:26,340 [Thread-747] INFO  impl.RoleInfo (RoleInfo.java:shutdownFollowerState(121)) - 4b287a15-77af-487b-aef7-34d1d0ee189f: shutdown FollowerState
2019-10-16 21:01:26,340 [Thread-747] INFO  impl.RaftServerImpl (RaftServerImpl.java:setRole(184)) - 4b287a15-77af-487b-aef7-34d1d0ee189f@group-83C26644CFDA: changes role from  FOLLOWER to CANDIDATE at term 67 for changeToCandidate
2019-10-16 21:01:26,340 [Thread-747] INFO  impl.RoleInfo (RoleInfo.java:updateAndGet(143)) - 4b287a15-77af-487b-aef7-34d1d0ee189f: start LeaderElection
2019-10-16 21:01:26,347 [main] INFO  ozone.MiniOzoneClusterImpl (MiniOzoneClusterImpl.java:lambda$waitForClusterToBeReady$2(164)) - Waiting for 1 number of pipelines out of 4, to report a leader.
2019-10-16 21:01:26,354 [4b287a15-77af-487b-aef7-34d1d0ee189f@group-83C26644CFDA-LeaderElection79] INFO  impl.LeaderElection (LeaderElection.java:askForVotes(178)) - 4b287a15-77af-487b-aef7-34d1d0ee189f@group-83C26644CFDA-LeaderElection79: begin an election at term 68 for -1: [4b287a15-77af-487b-aef7-34d1d0ee189f:192.168.34.38:38597, 0aa3649f-570d-46c6-937f-492d7f3a8364:192.168.34.38:33209, 4a03179f-3169-4ac7-a075-259968512ef0:192.168.34.38:45833], old=null
2019-10-16 21:01:26,356 [grpc-default-executor-1] INFO  impl.RaftServerImpl (RaftServerImpl.java:setRole(184)) - 0aa3649f-570d-46c6-937f-492d7f3a8364@group-83C26644CFDA: changes role from  FOLLOWER to FOLLOWER at term 68 for recognizeCandidate:4b287a15-77af-487b-aef7-34d1d0ee189f
2019-10-16 21:01:26,356 [grpc-default-executor-3] INFO  impl.RaftServerImpl (RaftServerImpl.java:setRole(184)) - 4a03179f-3169-4ac7-a075-259968512ef0@group-83C26644CFDA: changes role from  FOLLOWER to FOLLOWER at term 68 for recognizeCandidate:4b287a15-77af-487b-aef7-34d1d0ee189f
2019-10-16 21:01:26,356 [grpc-default-executor-1] INFO  impl.RoleInfo (RoleInfo.java:shutdownFollowerState(121)) - 0aa3649f-570d-46c6-937f-492d7f3a8364: shutdown FollowerState
2019-10-16 21:01:26,357 [grpc-default-executor-3] INFO  impl.RoleInfo (RoleInfo.java:shutdownFollowerState(121)) - 4a03179f-3169-4ac7-a075-259968512ef0: shutdown FollowerState
2019-10-16 21:01:26,357 [Thread-746] INFO  impl.FollowerState (FollowerState.java:run(117)) - 0aa3649f-570d-46c6-937f-492d7f3a8364@group-83C26644CFDA-FollowerState was interrupted: java.lang.InterruptedException: sleep interrupted
2019-10-16 21:01:26,357 [grpc-default-executor-1] INFO  impl.RoleInfo (RoleInfo.java:updateAndGet(143)) - 0aa3649f-570d-46c6-937f-492d7f3a8364: start FollowerState
2019-10-16 21:01:26,357 [Thread-745] INFO  impl.FollowerState (FollowerState.java:run(117)) - 4a03179f-3169-4ac7-a075-259968512ef0@group-83C26644CFDA-FollowerState was interrupted: java.lang.InterruptedException: sleep interrupted
2019-10-16 21:01:26,357 [grpc-default-executor-3] INFO  impl.RoleInfo (RoleInfo.java:updateAndGet(143)) - 4a03179f-3169-4ac7-a075-259968512ef0: start FollowerState
2019-10-16 21:01:26,371 [4b287a15-77af-487b-aef7-34d1d0ee189f@group-83C26644CFDA-LeaderElection79] INFO  impl.LeaderElection (LeaderElection.java:logAndReturn(56)) - 4b287a15-77af-487b-aef7-34d1d0ee189f@group-83C26644CFDA-LeaderElection79: Election REJECTED; received 2 response(s) [4b287a15-77af-487b-aef7-34d1d0ee189f<-0aa3649f-570d-46c6-937f-492d7f3a8364#0:FAIL-t68, 4b287a15-77af-487b-aef7-34d1d0ee189f<-4a03179f-3169-4ac7-a075-259968512ef0#0:FAIL-t68] and 0 exception(s); 4b287a15-77af-487b-aef7-34d1d0ee189f@group-83C26644CFDA:t68, leader=null, voted=4b287a15-77af-487b-aef7-34d1d0ee189f, raftlog=4b287a15-77af-487b-aef7-34d1d0ee189f@group-83C26644CFDA-SegmentedRaftLog:OPENED:c-1,f-1,i0, conf=-1: [4b287a15-77af-487b-aef7-34d1d0ee189f:192.168.34.38:38597, 0aa3649f-570d-46c6-937f-492d7f3a8364:192.168.34.38:33209, 4a03179f-3169-4ac7-a075-259968512ef0:192.168.34.38:45833], old=null
2019-10-16 21:01:26,372 [4b287a15-77af-487b-aef7-34d1d0ee189f@group-83C26644CFDA-LeaderElection79] INFO  impl.RaftServerImpl (RaftServerImpl.java:setRole(184)) - 4b287a15-77af-487b-aef7-34d1d0ee189f@group-83C26644CFDA: changes role from CANDIDATE to FOLLOWER at term 68 for DISCOVERED_A_NEW_TERM
2019-10-16 21:01:26,372 [4b287a15-77af-487b-aef7-34d1d0ee189f@group-83C26644CFDA-LeaderElection79] INFO  impl.RoleInfo (RoleInfo.java:shutdownLeaderElection(134)) - 4b287a15-77af-487b-aef7-34d1d0ee189f: shutdown LeaderElection
2019-10-16 21:01:26,372 [4b287a15-77af-487b-aef7-34d1d0ee189f@group-83C26644CFDA-LeaderElection79] INFO  impl.RoleInfo (RoleInfo.java:updateAndGet(143)) - 4b287a15-77af-487b-aef7-34d1d0ee189f: start FollowerState
2019-10-16 21:01:26,388 [Thread-753] INFO  impl.FollowerState (FollowerState.java:run(108)) - 4b287a15-77af-487b-aef7-34d1d0ee189f@group-83C26644CFDA-FollowerState: change to CANDIDATE, lastRpcTime:15ms, electionTimeout:15ms
2019-10-16 21:01:26,388 [Thread-753] INFO  impl.RoleInfo (RoleInfo.java:shutdownFollowerState(121)) - 4b287a15-77af-487b-aef7-34d1d0ee189f: shutdown FollowerState
2019-10-16 21:01:26,388 [Thread-753] INFO  impl.RaftServerImpl (RaftServerImpl.java:setRole(184)) - 4b287a15-77af-487b-aef7-34d1d0ee189f@group-83C26644CFDA: changes role from  FOLLOWER to CANDIDATE at term 68 for changeToCandidate
2019-10-16 21:01:26,388 [Thread-753] INFO  impl.RoleInfo (RoleInfo.java:updateAndGet(143)) - 4b287a15-77af-487b-aef7-34d1d0ee189f: start LeaderElection
2019-10-16 21:01:26,394 [4b287a15-77af-487b-aef7-34d1d0ee189f@group-83C26644CFDA-LeaderElection80] INFO  impl.LeaderElection (LeaderElection.java:askForVotes(178)) - 4b287a15-77af-487b-aef7-34d1d0ee189f@group-83C26644CFDA-LeaderElection80: begin an election at term 69 for -1: [4b287a15-77af-487b-aef7-34d1d0ee189f:192.168.34.38:38597, 0aa3649f-570d-46c6-937f-492d7f3a8364:192.168.34.38:33209, 4a03179f-3169-4ac7-a075-259968512ef0:192.168.34.38:45833], old=null
2019-10-16 21:01:26,397 [grpc-default-executor-1] INFO  impl.RaftServerImpl (RaftServerImpl.java:setRole(184)) - 0aa3649f-570d-46c6-937f-492d7f3a8364@group-83C26644CFDA: changes role from  FOLLOWER to FOLLOWER at term 69 for recognizeCandidate:4b287a15-77af-487b-aef7-34d1d0ee189f
2019-10-16 21:01:26,397 [grpc-default-executor-3] INFO  impl.RaftServerImpl (RaftServerImpl.java:setRole(184)) - 4a03179f-3169-4ac7-a075-259968512ef0@group-83C26644CFDA: changes role from  FOLLOWER to FOLLOWER at term 69 for recognizeCandidate:4b287a15-77af-487b-aef7-34d1d0ee189f
2019-10-16 21:01:26,397 [grpc-default-executor-1] INFO  impl.RoleInfo (RoleInfo.java:shutdownFollowerState(121)) - 0aa3649f-570d-46c6-937f-492d7f3a8364: shutdown FollowerState
2019-10-16 21:01:26,397 [grpc-default-executor-3] INFO  impl.RoleInfo (RoleInfo.java:shutdownFollowerState(121)) - 4a03179f-3169-4ac7-a075-259968512ef0: shutdown FollowerState
2019-10-16 21:01:26,397 [Thread-751] INFO  impl.FollowerState (FollowerState.java:run(117)) - 0aa3649f-570d-46c6-937f-492d7f3a8364@group-83C26644CFDA-FollowerState was interrupted: java.lang.InterruptedException: sleep interrupted
2019-10-16 21:01:26,397 [grpc-default-executor-1] INFO  impl.RoleInfo (RoleInfo.java:updateAndGet(143)) - 0aa3649f-570d-46c6-937f-492d7f3a8364: start FollowerState
2019-10-16 21:01:26,397 [Thread-752] INFO  impl.FollowerState (FollowerState.java:run(117)) - 4a03179f-3169-4ac7-a075-259968512ef0@group-83C26644CFDA-FollowerState was interrupted: java.lang.InterruptedException: sleep interrupted
2019-10-16 21:01:26,397 [grpc-default-executor-3] INFO  impl.RoleInfo (RoleInfo.java:updateAndGet(143)) - 4a03179f-3169-4ac7-a075-259968512ef0: start FollowerState
2019-10-16 21:01:26,422 [4b287a15-77af-487b-aef7-34d1d0ee189f@group-83C26644CFDA-LeaderElection80] INFO  impl.LeaderElection (LeaderElection.java:logAndReturn(56)) - 4b287a15-77af-487b-aef7-34d1d0ee189f@group-83C26644CFDA-LeaderElection80: Election REJECTED; received 2 response(s) [4b287a15-77af-487b-aef7-34d1d0ee189f<-0aa3649f-570d-46c6-937f-492d7f3a8364#0:FAIL-t69, 4b287a15-77af-487b-aef7-34d1d0ee189f<-4a03179f-3169-4ac7-a075-259968512ef0#0:FAIL-t69] and 0 exception(s); 4b287a15-77af-487b-aef7-34d1d0ee189f@group-83C26644CFDA:t69, leader=null, voted=4b287a15-77af-487b-aef7-34d1d0ee189f, raftlog=4b287a15-77af-487b-aef7-34d1d0ee189f@group-83C26644CFDA-SegmentedRaftLog:OPENED:c-1,f-1,i0, conf=-1: [4b287a15-77af-487b-aef7-34d1d0ee189f:192.168.34.38:38597, 0aa3649f-570d-46c6-937f-492d7f3a8364:192.168.34.38:33209, 4a03179f-3169-4ac7-a075-259968512ef0:192.168.34.38:45833], old=null
2019-10-16 21:01:26,422 [4b287a15-77af-487b-aef7-34d1d0ee189f@group-83C26644CFDA-LeaderElection80] INFO  impl.RaftServerImpl (RaftServerImpl.java:setRole(184)) - 4b287a15-77af-487b-aef7-34d1d0ee189f@group-83C26644CFDA: changes role from CANDIDATE to FOLLOWER at term 69 for DISCOVERED_A_NEW_TERM
2019-10-16 21:01:26,422 [4b287a15-77af-487b-aef7-34d1d0ee189f@group-83C26644CFDA-LeaderElection80] INFO  impl.RoleInfo (RoleInfo.java:shutdownLeaderElection(134)) - 4b287a15-77af-487b-aef7-34d1d0ee189f: shutdown LeaderElection
2019-10-16 21:01:26,422 [4b287a15-77af-487b-aef7-34d1d0ee189f@group-83C26644CFDA-LeaderElection80] INFO  impl.RoleInfo (RoleInfo.java:updateAndGet(143)) - 4b287a15-77af-487b-aef7-34d1d0ee189f: start FollowerState
2019-10-16 21:01:26,476 [Thread-759] INFO  impl.FollowerState (FollowerState.java:run(108)) - 4b287a15-77af-487b-aef7-34d1d0ee189f@group-83C26644CFDA-FollowerState: change to CANDIDATE, lastRpcTime:53ms, electionTimeout:53ms
2019-10-16 21:01:26,476 [Thread-759] INFO  impl.RoleInfo (RoleInfo.java:shutdownFollowerState(121)) - 4b287a15-77af-487b-aef7-34d1d0ee189f: shutdown FollowerState
2019-10-16 21:01:26,476 [Thread-759] INFO  impl.RaftServerImpl (RaftServerImpl.java:setRole(184)) - 4b287a15-77af-487b-aef7-34d1d0ee189f@group-83C26644CFDA: changes role from  FOLLOWER to CANDIDATE at term 69 for changeToCandidate
2019-10-16 21:01:26,476 [Thread-759] INFO  impl.RoleInfo (RoleInfo.java:updateAndGet(143)) - 4b287a15-77af-487b-aef7-34d1d0ee189f: start LeaderElection
2019-10-16 21:01:26,482 [4b287a15-77af-487b-aef7-34d1d0ee189f@group-83C26644CFDA-LeaderElection81] INFO  impl.LeaderElection (LeaderElection.java:askForVotes(178)) - 4b287a15-77af-487b-aef7-34d1d0ee189f@group-83C26644CFDA-LeaderElection81: begin an election at term 70 for -1: [4b287a15-77af-487b-aef7-34d1d0ee189f:192.168.34.38:38597, 0aa3649f-570d-46c6-937f-492d7f3a8364:192.168.34.38:33209, 4a03179f-3169-4ac7-a075-259968512ef0:192.168.34.38:45833], old=null
2019-10-16 21:01:26,485 [grpc-default-executor-3] INFO  impl.RaftServerImpl (RaftServerImpl.java:setRole(184)) - 4a03179f-3169-4ac7-a075-259968512ef0@group-83C26644CFDA: changes role from  FOLLOWER to FOLLOWER at term 70 for recognizeCandidate:4b287a15-77af-487b-aef7-34d1d0ee189f
2019-10-16 21:01:26,485 [grpc-default-executor-1] INFO  impl.RaftServerImpl (RaftServerImpl.java:setRole(184)) - 0aa3649f-570d-46c6-937f-492d7f3a8364@group-83C26644CFDA: changes role from  FOLLOWER to FOLLOWER at term 70 for recognizeCandidate:4b287a15-77af-487b-aef7-34d1d0ee189f
2019-10-16 21:01:26,485 [grpc-default-executor-3] INFO  impl.RoleInfo (RoleInfo.java:shutdownFollowerState(121)) - 4a03179f-3169-4ac7-a075-259968512ef0: shutdown FollowerState
2019-10-16 21:01:26,485 [grpc-default-executor-1] INFO  impl.RoleInfo (RoleInfo.java:shutdownFollowerState(121)) - 0aa3649f-570d-46c6-937f-492d7f3a8364: shutdown FollowerState
2019-10-16 21:01:26,485 [grpc-default-executor-3] INFO  impl.RoleInfo (RoleInfo.java:updateAndGet(143)) - 4a03179f-3169-4ac7-a075-259968512ef0: start FollowerState
2019-10-16 21:01:26,485 [Thread-757] INFO  impl.FollowerState (FollowerState.java:run(117)) - 0aa3649f-570d-46c6-937f-492d7f3a8364@group-83C26644CFDA-FollowerState was interrupted: java.lang.InterruptedException: sleep interrupted
2019-10-16 21:01:26,485 [grpc-default-executor-1] INFO  impl.RoleInfo (RoleInfo.java:updateAndGet(143)) - 0aa3649f-570d-46c6-937f-492d7f3a8364: start FollowerState
2019-10-16 21:01:26,485 [Thread-758] INFO  impl.FollowerState (FollowerState.java:run(117)) - 4a03179f-3169-4ac7-a075-259968512ef0@group-83C26644CFDA-FollowerState was interrupted: java.lang.InterruptedException: sleep interrupted
2019-10-16 21:01:26,500 [4b287a15-77af-487b-aef7-34d1d0ee189f@group-83C26644CFDA-LeaderElection81] INFO  impl.LeaderElection (LeaderElection.java:logAndReturn(56)) - 4b287a15-77af-487b-aef7-34d1d0ee189f@group-83C26644CFDA-LeaderElection81: Election REJECTED; received 2 response(s) [4b287a15-77af-487b-aef7-34d1d0ee189f<-0aa3649f-570d-46c6-937f-492d7f3a8364#0:FAIL-t70, 4b287a15-77af-487b-aef7-34d1d0ee189f<-4a03179f-3169-4ac7-a075-259968512ef0#0:FAIL-t70] and 0 exception(s); 4b287a15-77af-487b-aef7-34d1d0ee189f@group-83C26644CFDA:t70, leader=null, voted=4b287a15-77af-487b-aef7-34d1d0ee189f, raftlog=4b287a15-77af-487b-aef7-34d1d0ee189f@group-83C26644CFDA-SegmentedRaftLog:OPENED:c-1,f-1,i0, conf=-1: [4b287a15-77af-487b-aef7-34d1d0ee189f:192.168.34.38:38597, 0aa3649f-570d-46c6-937f-492d7f3a8364:192.168.34.38:33209, 4a03179f-3169-4ac7-a075-259968512ef0:192.168.34.38:45833], old=null
2019-10-16 21:01:26,501 [4b287a15-77af-487b-aef7-34d1d0ee189f@group-83C26644CFDA-LeaderElection81] INFO  impl.RaftServerImpl (RaftServerImpl.java:setRole(184)) - 4b287a15-77af-487b-aef7-34d1d0ee189f@group-83C26644CFDA: changes role from CANDIDATE to FOLLOWER at term 70 for DISCOVERED_A_NEW_TERM
2019-10-16 21:01:26,501 [4b287a15-77af-487b-aef7-34d1d0ee189f@group-83C26644CFDA-LeaderElection81] INFO  impl.RoleInfo (RoleInfo.java:shutdownLeaderElection(134)) - 4b287a15-77af-487b-aef7-34d1d0ee189f: shutdown LeaderElection
2019-10-16 21:01:26,501 [4b287a15-77af-487b-aef7-34d1d0ee189f@group-83C26644CFDA-LeaderElection81] INFO  impl.RoleInfo (RoleInfo.java:updateAndGet(143)) - 4b287a15-77af-487b-aef7-34d1d0ee189f: start FollowerState
2019-10-16 21:01:26,529 [Thread-765] INFO  impl.FollowerState (FollowerState.java:run(108)) - 4b287a15-77af-487b-aef7-34d1d0ee189f@group-83C26644CFDA-FollowerState: change to CANDIDATE, lastRpcTime:28ms, electionTimeout:28ms
2019-10-16 21:01:26,529 [Thread-765] INFO  impl.RoleInfo (RoleInfo.java:shutdownFollowerState(121)) - 4b287a15-77af-487b-aef7-34d1d0ee189f: shutdown FollowerState
2019-10-16 21:01:26,530 [Thread-765] INFO  impl.RaftServerImpl (RaftServerImpl.java:setRole(184)) - 4b287a15-77af-487b-aef7-34d1d0ee189f@group-83C26644CFDA: changes role from  FOLLOWER to CANDIDATE at term 70 for changeToCandidate
2019-10-16 21:01:26,530 [Thread-765] INFO  impl.RoleInfo (RoleInfo.java:updateAndGet(143)) - 4b287a15-77af-487b-aef7-34d1d0ee189f: start LeaderElection
2019-10-16 21:01:26,534 [4b287a15-77af-487b-aef7-34d1d0ee189f@group-83C26644CFDA-LeaderElection82] INFO  impl.LeaderElection (LeaderElection.java:askForVotes(178)) - 4b287a15-77af-487b-aef7-34d1d0ee189f@group-83C26644CFDA-LeaderElection82: begin an election at term 71 for -1: [4b287a15-77af-487b-aef7-34d1d0ee189f:192.168.34.38:38597, 0aa3649f-570d-46c6-937f-492d7f3a8364:192.168.34.38:33209, 4a03179f-3169-4ac7-a075-259968512ef0:192.168.34.38:45833], old=null
2019-10-16 21:01:26,537 [grpc-default-executor-1] INFO  impl.RaftServerImpl (RaftServerImpl.java:setRole(184)) - 0aa3649f-570d-46c6-937f-492d7f3a8364@group-83C26644CFDA: changes role from  FOLLOWER to FOLLOWER at term 71 for recognizeCandidate:4b287a15-77af-487b-aef7-34d1d0ee189f
2019-10-16 21:01:26,537 [grpc-default-executor-3] INFO  impl.RaftServerImpl (RaftServerImpl.java:setRole(184)) - 4a03179f-3169-4ac7-a075-259968512ef0@group-83C26644CFDA: changes role from  FOLLOWER to FOLLOWER at term 71 for recognizeCandidate:4b287a15-77af-487b-aef7-34d1d0ee189f
2019-10-16 21:01:26,537 [grpc-default-executor-1] INFO  impl.RoleInfo (RoleInfo.java:shutdownFollowerState(121)) - 0aa3649f-570d-46c6-937f-492d7f3a8364: shutdown FollowerState
2019-10-16 21:01:26,537 [grpc-default-executor-3] INFO  impl.RoleInfo (RoleInfo.java:shutdownFollowerState(121)) - 4a03179f-3169-4ac7-a075-259968512ef0: shutdown FollowerState
2019-10-16 21:01:26,537 [Thread-764] INFO  impl.FollowerState (FollowerState.java:run(117)) - 0aa3649f-570d-46c6-937f-492d7f3a8364@group-83C26644CFDA-FollowerState was interrupted: java.lang.InterruptedException: sleep interrupted
2019-10-16 21:01:26,537 [Thread-763] INFO  impl.FollowerState (FollowerState.java:run(117)) - 4a03179f-3169-4ac7-a075-259968512ef0@group-83C26644CFDA-FollowerState was interrupted: java.lang.InterruptedException: sleep interrupted
2019-10-16 21:01:26,537 [grpc-default-executor-1] INFO  impl.RoleInfo (RoleInfo.java:updateAndGet(143)) - 0aa3649f-570d-46c6-937f-492d7f3a8364: start FollowerState
2019-10-16 21:01:26,537 [grpc-default-executor-3] INFO  impl.RoleInfo (RoleInfo.java:updateAndGet(143)) - 4a03179f-3169-4ac7-a075-259968512ef0: start FollowerState
2019-10-16 21:01:26,549 [4b287a15-77af-487b-aef7-34d1d0ee189f@group-83C26644CFDA-LeaderElection82] INFO  impl.LeaderElection (LeaderElection.java:logAndReturn(56)) - 4b287a15-77af-487b-aef7-34d1d0ee189f@group-83C26644CFDA-LeaderElection82: Election REJECTED; received 2 response(s) [4b287a15-77af-487b-aef7-34d1d0ee189f<-0aa3649f-570d-46c6-937f-492d7f3a8364#0:FAIL-t71, 4b287a15-77af-487b-aef7-34d1d0ee189f<-4a03179f-3169-4ac7-a075-259968512ef0#0:FAIL-t71] and 0 exception(s); 4b287a15-77af-487b-aef7-34d1d0ee189f@group-83C26644CFDA:t71, leader=null, voted=4b287a15-77af-487b-aef7-34d1d0ee189f, raftlog=4b287a15-77af-487b-aef7-34d1d0ee189f@group-83C26644CFDA-SegmentedRaftLog:OPENED:c-1,f-1,i0, conf=-1: [4b287a15-77af-487b-aef7-34d1d0ee189f:192.168.34.38:38597, 0aa3649f-570d-46c6-937f-492d7f3a8364:192.168.34.38:33209, 4a03179f-3169-4ac7-a075-259968512ef0:192.168.34.38:45833], old=null
2019-10-16 21:01:26,550 [4b287a15-77af-487b-aef7-34d1d0ee189f@group-83C26644CFDA-LeaderElection82] INFO  impl.RaftServerImpl (RaftServerImpl.java:setRole(184)) - 4b287a15-77af-487b-aef7-34d1d0ee189f@group-83C26644CFDA: changes role from CANDIDATE to FOLLOWER at term 71 for DISCOVERED_A_NEW_TERM
2019-10-16 21:01:26,550 [4b287a15-77af-487b-aef7-34d1d0ee189f@group-83C26644CFDA-LeaderElection82] INFO  impl.RoleInfo (RoleInfo.java:shutdownLeaderElection(134)) - 4b287a15-77af-487b-aef7-34d1d0ee189f: shutdown LeaderElection
2019-10-16 21:01:26,550 [4b287a15-77af-487b-aef7-34d1d0ee189f@group-83C26644CFDA-LeaderElection82] INFO  impl.RoleInfo (RoleInfo.java:updateAndGet(143)) - 4b287a15-77af-487b-aef7-34d1d0ee189f: start FollowerState
2019-10-16 21:01:26,714 [Thread-771] INFO  impl.FollowerState (FollowerState.java:run(108)) - 4b287a15-77af-487b-aef7-34d1d0ee189f@group-83C26644CFDA-FollowerState: change to CANDIDATE, lastRpcTime:164ms, electionTimeout:164ms
2019-10-16 21:01:26,715 [Thread-771] INFO  impl.RoleInfo (RoleInfo.java:shutdownFollowerState(121)) - 4b287a15-77af-487b-aef7-34d1d0ee189f: shutdown FollowerState
2019-10-16 21:01:26,715 [Thread-771] INFO  impl.RaftServerImpl (RaftServerImpl.java:setRole(184)) - 4b287a15-77af-487b-aef7-34d1d0ee189f@group-83C26644CFDA: changes role from  FOLLOWER to CANDIDATE at term 71 for changeToCandidate
2019-10-16 21:01:26,715 [Thread-771] INFO  impl.RoleInfo (RoleInfo.java:updateAndGet(143)) - 4b287a15-77af-487b-aef7-34d1d0ee189f: start LeaderElection
2019-10-16 21:01:26,866 [4b287a15-77af-487b-aef7-34d1d0ee189f@group-83C26644CFDA-LeaderElection83] INFO  impl.LeaderElection (LeaderElection.java:askForVotes(178)) - 4b287a15-77af-487b-aef7-34d1d0ee189f@group-83C26644CFDA-LeaderElection83: begin an election at term 72 for -1: [4b287a15-77af-487b-aef7-34d1d0ee189f:192.168.34.38:38597, 0aa3649f-570d-46c6-937f-492d7f3a8364:192.168.34.38:33209, 4a03179f-3169-4ac7-a075-259968512ef0:192.168.34.38:45833], old=null
2019-10-16 21:01:26,869 [grpc-default-executor-1] INFO  impl.RaftServerImpl (RaftServerImpl.java:setRole(184)) - 4a03179f-3169-4ac7-a075-259968512ef0@group-83C26644CFDA: changes role from  FOLLOWER to FOLLOWER at term 72 for recognizeCandidate:4b287a15-77af-487b-aef7-34d1d0ee189f
2019-10-16 21:01:26,869 [grpc-default-executor-3] INFO  impl.RaftServerImpl (RaftServerImpl.java:setRole(184)) - 0aa3649f-570d-46c6-937f-492d7f3a8364@group-83C26644CFDA: changes role from  FOLLOWER to FOLLOWER at term 72 for recognizeCandidate:4b287a15-77af-487b-aef7-34d1d0ee189f
2019-10-16 21:01:26,869 [grpc-default-executor-1] INFO  impl.RoleInfo (RoleInfo.java:shutdownFollowerState(121)) - 4a03179f-3169-4ac7-a075-259968512ef0: shutdown FollowerState
2019-10-16 21:01:26,869 [grpc-default-executor-3] INFO  impl.RoleInfo (RoleInfo.java:shutdownFollowerState(121)) - 0aa3649f-570d-46c6-937f-492d7f3a8364: shutdown FollowerState
2019-10-16 21:01:26,869 [Thread-770] INFO  impl.FollowerState (FollowerState.java:run(117)) - 4a03179f-3169-4ac7-a075-259968512ef0@group-83C26644CFDA-FollowerState was interrupted: java.lang.InterruptedException: sleep interrupted
2019-10-16 21:01:26,869 [Thread-769] INFO  impl.FollowerState (FollowerState.java:run(117)) - 0aa3649f-570d-46c6-937f-492d7f3a8364@group-83C26644CFDA-FollowerState was interrupted: java.lang.InterruptedException: sleep interrupted
2019-10-16 21:01:26,869 [grpc-default-executor-1] INFO  impl.RoleInfo (RoleInfo.java:updateAndGet(143)) - 4a03179f-3169-4ac7-a075-259968512ef0: start FollowerState
2019-10-16 21:01:26,869 [4b287a15-77af-487b-aef7-34d1d0ee189f@group-83C26644CFDA-LeaderElection83] INFO  impl.LeaderElection (LeaderElection.java:logAndReturn(56)) - 4b287a15-77af-487b-aef7-34d1d0ee189f@group-83C26644CFDA-LeaderElection83: Election TIMEOUT; received 0 response(s) [] and 0 exception(s); 4b287a15-77af-487b-aef7-34d1d0ee189f@group-83C26644CFDA:t72, leader=null, voted=4b287a15-77af-487b-aef7-34d1d0ee189f, raftlog=4b287a15-77af-487b-aef7-34d1d0ee189f@group-83C26644CFDA-SegmentedRaftLog:OPENED:c-1,f-1,i0, conf=-1: [4b287a15-77af-487b-aef7-34d1d0ee189f:192.168.34.38:38597, 0aa3649f-570d-46c6-937f-492d7f3a8364:192.168.34.38:33209, 4a03179f-3169-4ac7-a075-259968512ef0:192.168.34.38:45833], old=null
2019-10-16 21:01:26,869 [grpc-default-executor-3] INFO  impl.RoleInfo (RoleInfo.java:updateAndGet(143)) - 0aa3649f-570d-46c6-937f-492d7f3a8364: start FollowerState
2019-10-16 21:01:26,885 [4b287a15-77af-487b-aef7-34d1d0ee189f@group-83C26644CFDA-LeaderElection83] INFO  impl.LeaderElection (LeaderElection.java:askForVotes(178)) - 4b287a15-77af-487b-aef7-34d1d0ee189f@group-83C26644CFDA-LeaderElection83: begin an election at term 73 for -1: [4b287a15-77af-487b-aef7-34d1d0ee189f:192.168.34.38:38597, 0aa3649f-570d-46c6-937f-492d7f3a8364:192.168.34.38:33209, 4a03179f-3169-4ac7-a075-259968512ef0:192.168.34.38:45833], old=null
2019-10-16 21:01:26,887 [grpc-default-executor-1] INFO  impl.RaftServerImpl (RaftServerImpl.java:setRole(184)) - 4a03179f-3169-4ac7-a075-259968512ef0@group-83C26644CFDA: changes role from  FOLLOWER to FOLLOWER at term 73 for recognizeCandidate:4b287a15-77af-487b-aef7-34d1d0ee189f
2019-10-16 21:01:26,887 [grpc-default-executor-3] INFO  impl.RaftServerImpl (RaftServerImpl.java:setRole(184)) - 0aa3649f-570d-46c6-937f-492d7f3a8364@group-83C26644CFDA: changes role from  FOLLOWER to FOLLOWER at term 73 for recognizeCandidate:4b287a15-77af-487b-aef7-34d1d0ee189f
2019-10-16 21:01:26,887 [grpc-default-executor-1] INFO  impl.RoleInfo (RoleInfo.java:shutdownFollowerState(121)) - 4a03179f-3169-4ac7-a075-259968512ef0: shutdown FollowerState
2019-10-16 21:01:26,887 [grpc-default-executor-3] INFO  impl.RoleInfo (RoleInfo.java:shutdownFollowerState(121)) - 0aa3649f-570d-46c6-937f-492d7f3a8364: shutdown FollowerState
2019-10-16 21:01:26,887 [Thread-775] INFO  impl.FollowerState (FollowerState.java:run(117)) - 4a03179f-3169-4ac7-a075-259968512ef0@group-83C26644CFDA-FollowerState was interrupted: java.lang.InterruptedException: sleep interrupted
2019-10-16 21:01:26,887 [grpc-default-executor-1] INFO  impl.RoleInfo (RoleInfo.java:updateAndGet(143)) - 4a03179f-3169-4ac7-a075-259968512ef0: start FollowerState
2019-10-16 21:01:26,887 [Thread-776] INFO  impl.FollowerState (FollowerState.java:run(117)) - 0aa3649f-570d-46c6-937f-492d7f3a8364@group-83C26644CFDA-FollowerState was interrupted: java.lang.InterruptedException: sleep interrupted
2019-10-16 21:01:26,887 [grpc-default-executor-3] INFO  impl.RoleInfo (RoleInfo.java:updateAndGet(143)) - 0aa3649f-570d-46c6-937f-492d7f3a8364: start FollowerState
2019-10-16 21:01:26,889 [4b287a15-77af-487b-aef7-34d1d0ee189f@group-83C26644CFDA-LeaderElection83] INFO  impl.LeaderElection (LeaderElection.java:logAndReturn(56)) - 4b287a15-77af-487b-aef7-34d1d0ee189f@group-83C26644CFDA-LeaderElection83: Election TIMEOUT; received 0 response(s) [] and 0 exception(s); 4b287a15-77af-487b-aef7-34d1d0ee189f@group-83C26644CFDA:t73, leader=null, voted=4b287a15-77af-487b-aef7-34d1d0ee189f, raftlog=4b287a15-77af-487b-aef7-34d1d0ee189f@group-83C26644CFDA-SegmentedRaftLog:OPENED:c-1,f-1,i0, conf=-1: [4b287a15-77af-487b-aef7-34d1d0ee189f:192.168.34.38:38597, 0aa3649f-570d-46c6-937f-492d7f3a8364:192.168.34.38:33209, 4a03179f-3169-4ac7-a075-259968512ef0:192.168.34.38:45833], old=null
2019-10-16 21:01:26,894 [4b287a15-77af-487b-aef7-34d1d0ee189f@group-83C26644CFDA-LeaderElection83] INFO  impl.LeaderElection (LeaderElection.java:askForVotes(178)) - 4b287a15-77af-487b-aef7-34d1d0ee189f@group-83C26644CFDA-LeaderElection83: begin an election at term 74 for -1: [4b287a15-77af-487b-aef7-34d1d0ee189f:192.168.34.38:38597, 0aa3649f-570d-46c6-937f-492d7f3a8364:192.168.34.38:33209, 4a03179f-3169-4ac7-a075-259968512ef0:192.168.34.38:45833], old=null
2019-10-16 21:01:26,895 [grpc-default-executor-3] INFO  impl.RaftServerImpl (RaftServerImpl.java:setRole(184)) - 0aa3649f-570d-46c6-937f-492d7f3a8364@group-83C26644CFDA: changes role from  FOLLOWER to FOLLOWER at term 74 for recognizeCandidate:4b287a15-77af-487b-aef7-34d1d0ee189f
2019-10-16 21:01:26,896 [grpc-default-executor-3] INFO  impl.RoleInfo (RoleInfo.java:shutdownFollowerState(121)) - 0aa3649f-570d-46c6-937f-492d7f3a8364: shutdown FollowerState
2019-10-16 21:01:26,896 [grpc-default-executor-3] INFO  impl.RoleInfo (RoleInfo.java:updateAndGet(143)) - 0aa3649f-570d-46c6-937f-492d7f3a8364: start FollowerState
2019-10-16 21:01:26,896 [Thread-780] INFO  impl.FollowerState (FollowerState.java:run(117)) - 0aa3649f-570d-46c6-937f-492d7f3a8364@group-83C26644CFDA-FollowerState was interrupted: java.lang.InterruptedException: sleep interrupted
2019-10-16 21:01:26,896 [grpc-default-executor-1] INFO  impl.RaftServerImpl (RaftServerImpl.java:setRole(184)) - 4a03179f-3169-4ac7-a075-259968512ef0@group-83C26644CFDA: changes role from  FOLLOWER to FOLLOWER at term 74 for recognizeCandidate:4b287a15-77af-487b-aef7-34d1d0ee189f
2019-10-16 21:01:26,896 [grpc-default-executor-1] INFO  impl.RoleInfo (RoleInfo.java:shutdownFollowerState(121)) - 4a03179f-3169-4ac7-a075-259968512ef0: shutdown FollowerState
2019-10-16 21:01:26,896 [grpc-default-executor-1] INFO  impl.RoleInfo (RoleInfo.java:updateAndGet(143)) - 4a03179f-3169-4ac7-a075-259968512ef0: start FollowerState
2019-10-16 21:01:26,896 [Thread-779] INFO  impl.FollowerState (FollowerState.java:run(117)) - 4a03179f-3169-4ac7-a075-259968512ef0@group-83C26644CFDA-FollowerState was interrupted: java.lang.InterruptedException: sleep interrupted
2019-10-16 21:01:26,911 [4b287a15-77af-487b-aef7-34d1d0ee189f@group-83C26644CFDA-LeaderElection83] INFO  impl.LeaderElection (LeaderElection.java:logAndReturn(56)) - 4b287a15-77af-487b-aef7-34d1d0ee189f@group-83C26644CFDA-LeaderElection83: Election REJECTED; received 2 response(s) [4b287a15-77af-487b-aef7-34d1d0ee189f<-0aa3649f-570d-46c6-937f-492d7f3a8364#0:FAIL-t74, 4b287a15-77af-487b-aef7-34d1d0ee189f<-4a03179f-3169-4ac7-a075-259968512ef0#0:FAIL-t74] and 0 exception(s); 4b287a15-77af-487b-aef7-34d1d0ee189f@group-83C26644CFDA:t74, leader=null, voted=4b287a15-77af-487b-aef7-34d1d0ee189f, raftlog=4b287a15-77af-487b-aef7-34d1d0ee189f@group-83C26644CFDA-SegmentedRaftLog:OPENED:c-1,f-1,i0, conf=-1: [4b287a15-77af-487b-aef7-34d1d0ee189f:192.168.34.38:38597, 0aa3649f-570d-46c6-937f-492d7f3a8364:192.168.34.38:33209, 4a03179f-3169-4ac7-a075-259968512ef0:192.168.34.38:45833], old=null
2019-10-16 21:01:26,912 [4b287a15-77af-487b-aef7-34d1d0ee189f@group-83C26644CFDA-LeaderElection83] INFO  impl.RaftServerImpl (RaftServerImpl.java:setRole(184)) - 4b287a15-77af-487b-aef7-34d1d0ee189f@group-83C26644CFDA: changes role from CANDIDATE to FOLLOWER at term 74 for DISCOVERED_A_NEW_TERM
2019-10-16 21:01:26,913 [4b287a15-77af-487b-aef7-34d1d0ee189f@group-83C26644CFDA-LeaderElection83] INFO  impl.RoleInfo (RoleInfo.java:shutdownLeaderElection(134)) - 4b287a15-77af-487b-aef7-34d1d0ee189f: shutdown LeaderElection
2019-10-16 21:01:26,913 [4b287a15-77af-487b-aef7-34d1d0ee189f@group-83C26644CFDA-LeaderElection83] INFO  impl.RoleInfo (RoleInfo.java:updateAndGet(143)) - 4b287a15-77af-487b-aef7-34d1d0ee189f: start FollowerState
2019-10-16 21:01:26,995 [Thread-785] INFO  impl.FollowerState (FollowerState.java:run(108)) - 4b287a15-77af-487b-aef7-34d1d0ee189f@group-83C26644CFDA-FollowerState: change to CANDIDATE, lastRpcTime:81ms, electionTimeout:81ms
2019-10-16 21:01:26,995 [Thread-785] INFO  impl.RoleInfo (RoleInfo.java:shutdownFollowerState(121)) - 4b287a15-77af-487b-aef7-34d1d0ee189f: shutdown FollowerState
2019-10-16 21:01:26,995 [Thread-785] INFO  impl.RaftServerImpl (RaftServerImpl.java:setRole(184)) - 4b287a15-77af-487b-aef7-34d1d0ee189f@group-83C26644CFDA: changes role from  FOLLOWER to CANDIDATE at term 74 for changeToCandidate
2019-10-16 21:01:26,995 [Thread-785] INFO  impl.RoleInfo (RoleInfo.java:updateAndGet(143)) - 4b287a15-77af-487b-aef7-34d1d0ee189f: start LeaderElection
2019-10-16 21:01:27,003 [4b287a15-77af-487b-aef7-34d1d0ee189f@group-83C26644CFDA-LeaderElection84] INFO  impl.LeaderElection (LeaderElection.java:askForVotes(178)) - 4b287a15-77af-487b-aef7-34d1d0ee189f@group-83C26644CFDA-LeaderElection84: begin an election at term 75 for -1: [4b287a15-77af-487b-aef7-34d1d0ee189f:192.168.34.38:38597, 0aa3649f-570d-46c6-937f-492d7f3a8364:192.168.34.38:33209, 4a03179f-3169-4ac7-a075-259968512ef0:192.168.34.38:45833], old=null
2019-10-16 21:01:27,005 [grpc-default-executor-3] INFO  impl.RaftServerImpl (RaftServerImpl.java:setRole(184)) - 0aa3649f-570d-46c6-937f-492d7f3a8364@group-83C26644CFDA: changes role from  FOLLOWER to FOLLOWER at term 75 for recognizeCandidate:4b287a15-77af-487b-aef7-34d1d0ee189f
2019-10-16 21:01:27,005 [grpc-default-executor-1] INFO  impl.RaftServerImpl (RaftServerImpl.java:setRole(184)) - 4a03179f-3169-4ac7-a075-259968512ef0@group-83C26644CFDA: changes role from  FOLLOWER to FOLLOWER at term 75 for recognizeCandidate:4b287a15-77af-487b-aef7-34d1d0ee189f
2019-10-16 21:01:27,006 [grpc-default-executor-3] INFO  impl.RoleInfo (RoleInfo.java:shutdownFollowerState(121)) - 0aa3649f-570d-46c6-937f-492d7f3a8364: shutdown FollowerState
2019-10-16 21:01:27,006 [grpc-default-executor-1] INFO  impl.RoleInfo (RoleInfo.java:shutdownFollowerState(121)) - 4a03179f-3169-4ac7-a075-259968512ef0: shutdown FollowerState
2019-10-16 21:01:27,006 [Thread-783] INFO  impl.FollowerState (FollowerState.java:run(117)) - 0aa3649f-570d-46c6-937f-492d7f3a8364@group-83C26644CFDA-FollowerState was interrupted: java.lang.InterruptedException: sleep interrupted
2019-10-16 21:01:27,006 [Thread-784] INFO  impl.FollowerState (FollowerState.java:run(117)) - 4a03179f-3169-4ac7-a075-259968512ef0@group-83C26644CFDA-FollowerState was interrupted: java.lang.InterruptedException: sleep interrupted
2019-10-16 21:01:27,006 [grpc-default-executor-3] INFO  impl.RoleInfo (RoleInfo.java:updateAndGet(143)) - 0aa3649f-570d-46c6-937f-492d7f3a8364: start FollowerState
2019-10-16 21:01:27,006 [grpc-default-executor-1] INFO  impl.RoleInfo (RoleInfo.java:updateAndGet(143)) - 4a03179f-3169-4ac7-a075-259968512ef0: start FollowerState
2019-10-16 21:01:27,014 [4b287a15-77af-487b-aef7-34d1d0ee189f@group-83C26644CFDA-LeaderElection84] INFO  impl.LeaderElection (LeaderElection.java:logAndReturn(56)) - 4b287a15-77af-487b-aef7-34d1d0ee189f@group-83C26644CFDA-LeaderElection84: Election REJECTED; received 2 response(s) [4b287a15-77af-487b-aef7-34d1d0ee189f<-0aa3649f-570d-46c6-937f-492d7f3a8364#0:FAIL-t75, 4b287a15-77af-487b-aef7-34d1d0ee189f<-4a03179f-3169-4ac7-a075-259968512ef0#0:FAIL-t75] and 0 exception(s); 4b287a15-77af-487b-aef7-34d1d0ee189f@group-83C26644CFDA:t75, leader=null, voted=4b287a15-77af-487b-aef7-34d1d0ee189f, raftlog=4b287a15-77af-487b-aef7-34d1d0ee189f@group-83C26644CFDA-SegmentedRaftLog:OPENED:c-1,f-1,i0, conf=-1: [4b287a15-77af-487b-aef7-34d1d0ee189f:192.168.34.38:38597, 0aa3649f-570d-46c6-937f-492d7f3a8364:192.168.34.38:33209, 4a03179f-3169-4ac7-a075-259968512ef0:192.168.34.38:45833], old=null
2019-10-16 21:01:27,014 [4b287a15-77af-487b-aef7-34d1d0ee189f@group-83C26644CFDA-LeaderElection84] INFO  impl.RaftServerImpl (RaftServerImpl.java:setRole(184)) - 4b287a15-77af-487b-aef7-34d1d0ee189f@group-83C26644CFDA: changes role from CANDIDATE to FOLLOWER at term 75 for DISCOVERED_A_NEW_TERM
2019-10-16 21:01:27,015 [4b287a15-77af-487b-aef7-34d1d0ee189f@group-83C26644CFDA-LeaderElection84] INFO  impl.RoleInfo (RoleInfo.java:shutdownLeaderElection(134)) - 4b287a15-77af-487b-aef7-34d1d0ee189f: shutdown LeaderElection
2019-10-16 21:01:27,015 [4b287a15-77af-487b-aef7-34d1d0ee189f@group-83C26644CFDA-LeaderElection84] INFO  impl.RoleInfo (RoleInfo.java:updateAndGet(143)) - 4b287a15-77af-487b-aef7-34d1d0ee189f: start FollowerState
2019-10-16 21:01:27,175 [Thread-791] INFO  impl.FollowerState (FollowerState.java:run(108)) - 4b287a15-77af-487b-aef7-34d1d0ee189f@group-83C26644CFDA-FollowerState: change to CANDIDATE, lastRpcTime:160ms, electionTimeout:160ms
2019-10-16 21:01:27,175 [Thread-791] INFO  impl.RoleInfo (RoleInfo.java:shutdownFollowerState(121)) - 4b287a15-77af-487b-aef7-34d1d0ee189f: shutdown FollowerState
2019-10-16 21:01:27,175 [Thread-791] INFO  impl.RaftServerImpl (RaftServerImpl.java:setRole(184)) - 4b287a15-77af-487b-aef7-34d1d0ee189f@group-83C26644CFDA: changes role from  FOLLOWER to CANDIDATE at term 75 for changeToCandidate
2019-10-16 21:01:27,176 [Thread-791] INFO  impl.RoleInfo (RoleInfo.java:updateAndGet(143)) - 4b287a15-77af-487b-aef7-34d1d0ee189f: start LeaderElection
2019-10-16 21:01:27,180 [4b287a15-77af-487b-aef7-34d1d0ee189f@group-83C26644CFDA-LeaderElection85] INFO  impl.LeaderElection (LeaderElection.java:askForVotes(178)) - 4b287a15-77af-487b-aef7-34d1d0ee189f@group-83C26644CFDA-LeaderElection85: begin an election at term 76 for -1: [4b287a15-77af-487b-aef7-34d1d0ee189f:192.168.34.38:38597, 0aa3649f-570d-46c6-937f-492d7f3a8364:192.168.34.38:33209, 4a03179f-3169-4ac7-a075-259968512ef0:192.168.34.38:45833], old=null
2019-10-16 21:01:27,183 [grpc-default-executor-3] INFO  impl.RaftServerImpl (RaftServerImpl.java:setRole(184)) - 4a03179f-3169-4ac7-a075-259968512ef0@group-83C26644CFDA: changes role from  FOLLOWER to FOLLOWER at term 76 for recognizeCandidate:4b287a15-77af-487b-aef7-34d1d0ee189f
2019-10-16 21:01:27,183 [grpc-default-executor-1] INFO  impl.RaftServerImpl (RaftServerImpl.java:setRole(184)) - 0aa3649f-570d-46c6-937f-492d7f3a8364@group-83C26644CFDA: changes role from  FOLLOWER to FOLLOWER at term 76 for recognizeCandidate:4b287a15-77af-487b-aef7-34d1d0ee189f
2019-10-16 21:01:27,183 [grpc-default-executor-3] INFO  impl.RoleInfo (RoleInfo.java:shutdownFollowerState(121)) - 4a03179f-3169-4ac7-a075-259968512ef0: shutdown FollowerState
2019-10-16 21:01:27,183 [grpc-default-executor-1] INFO  impl.RoleInfo (RoleInfo.java:shutdownFollowerState(121)) - 0aa3649f-570d-46c6-937f-492d7f3a8364: shutdown FollowerState
2019-10-16 21:01:27,183 [Thread-790] INFO  impl.FollowerState (FollowerState.java:run(117)) - 4a03179f-3169-4ac7-a075-259968512ef0@group-83C26644CFDA-FollowerState was interrupted: java.lang.InterruptedException: sleep interrupted
2019-10-16 21:01:27,183 [grpc-default-executor-3] INFO  impl.RoleInfo (RoleInfo.java:updateAndGet(143)) - 4a03179f-3169-4ac7-a075-259968512ef0: start FollowerState
2019-10-16 21:01:27,183 [Thread-789] INFO  impl.FollowerState (FollowerState.java:run(117)) - 0aa3649f-570d-46c6-937f-492d7f3a8364@group-83C26644CFDA-FollowerState was interrupted: java.lang.InterruptedException: sleep interrupted
2019-10-16 21:01:27,183 [grpc-default-executor-1] INFO  impl.RoleInfo (RoleInfo.java:updateAndGet(143)) - 0aa3649f-570d-46c6-937f-492d7f3a8364: start FollowerState
2019-10-16 21:01:27,191 [4b287a15-77af-487b-aef7-34d1d0ee189f@group-83C26644CFDA-LeaderElection85] INFO  impl.LeaderElection (LeaderElection.java:logAndReturn(56)) - 4b287a15-77af-487b-aef7-34d1d0ee189f@group-83C26644CFDA-LeaderElection85: Election REJECTED; received 2 response(s) [4b287a15-77af-487b-aef7-34d1d0ee189f<-0aa3649f-570d-46c6-937f-492d7f3a8364#0:FAIL-t76, 4b287a15-77af-487b-aef7-34d1d0ee189f<-4a03179f-3169-4ac7-a075-259968512ef0#0:FAIL-t76] and 0 exception(s); 4b287a15-77af-487b-aef7-34d1d0ee189f@group-83C26644CFDA:t76, leader=null, voted=4b287a15-77af-487b-aef7-34d1d0ee189f, raftlog=4b287a15-77af-487b-aef7-34d1d0ee189f@group-83C26644CFDA-SegmentedRaftLog:OPENED:c-1,f-1,i0, conf=-1: [4b287a15-77af-487b-aef7-34d1d0ee189f:192.168.34.38:38597, 0aa3649f-570d-46c6-937f-492d7f3a8364:192.168.34.38:33209, 4a03179f-3169-4ac7-a075-259968512ef0:192.168.34.38:45833], old=null
2019-10-16 21:01:27,191 [4b287a15-77af-487b-aef7-34d1d0ee189f@group-83C26644CFDA-LeaderElection85] INFO  impl.RaftServerImpl (RaftServerImpl.java:setRole(184)) - 4b287a15-77af-487b-aef7-34d1d0ee189f@group-83C26644CFDA: changes role from CANDIDATE to FOLLOWER at term 76 for DISCOVERED_A_NEW_TERM
2019-10-16 21:01:27,191 [4b287a15-77af-487b-aef7-34d1d0ee189f@group-83C26644CFDA-LeaderElection85] INFO  impl.RoleInfo (RoleInfo.java:shutdownLeaderElection(134)) - 4b287a15-77af-487b-aef7-34d1d0ee189f: shutdown LeaderElection
2019-10-16 21:01:27,191 [4b287a15-77af-487b-aef7-34d1d0ee189f@group-83C26644CFDA-LeaderElection85] INFO  impl.RoleInfo (RoleInfo.java:updateAndGet(143)) - 4b287a15-77af-487b-aef7-34d1d0ee189f: start FollowerState
2019-10-16 21:01:27,348 [main] INFO  ozone.MiniOzoneClusterImpl (MiniOzoneClusterImpl.java:lambda$waitForClusterToBeReady$2(164)) - Waiting for 1 number of pipelines out of 4, to report a leader.
2019-10-16 21:01:27,355 [Thread-797] INFO  impl.FollowerState (FollowerState.java:run(108)) - 4b287a15-77af-487b-aef7-34d1d0ee189f@group-83C26644CFDA-FollowerState: change to CANDIDATE, lastRpcTime:163ms, electionTimeout:163ms
2019-10-16 21:01:27,355 [Thread-797] INFO  impl.RoleInfo (RoleInfo.java:shutdownFollowerState(121)) - 4b287a15-77af-487b-aef7-34d1d0ee189f: shutdown FollowerState
2019-10-16 21:01:27,355 [Thread-797] INFO  impl.RaftServerImpl (RaftServerImpl.java:setRole(184)) - 4b287a15-77af-487b-aef7-34d1d0ee189f@group-83C26644CFDA: changes role from  FOLLOWER to CANDIDATE at term 76 for changeToCandidate
2019-10-16 21:01:27,355 [Thread-797] INFO  impl.RoleInfo (RoleInfo.java:updateAndGet(143)) - 4b287a15-77af-487b-aef7-34d1d0ee189f: start LeaderElection
2019-10-16 21:01:27,363 [4b287a15-77af-487b-aef7-34d1d0ee189f@group-83C26644CFDA-LeaderElection86] INFO  impl.LeaderElection (LeaderElection.java:askForVotes(178)) - 4b287a15-77af-487b-aef7-34d1d0ee189f@group-83C26644CFDA-LeaderElection86: begin an election at term 77 for -1: [4b287a15-77af-487b-aef7-34d1d0ee189f:192.168.34.38:38597, 0aa3649f-570d-46c6-937f-492d7f3a8364:192.168.34.38:33209, 4a03179f-3169-4ac7-a075-259968512ef0:192.168.34.38:45833], old=null
2019-10-16 21:01:27,365 [grpc-default-executor-3] INFO  impl.RaftServerImpl (RaftServerImpl.java:setRole(184)) - 4a03179f-3169-4ac7-a075-259968512ef0@group-83C26644CFDA: changes role from  FOLLOWER to FOLLOWER at term 77 for recognizeCandidate:4b287a15-77af-487b-aef7-34d1d0ee189f
2019-10-16 21:01:27,365 [grpc-default-executor-1] INFO  impl.RaftServerImpl (RaftServerImpl.java:setRole(184)) - 0aa3649f-570d-46c6-937f-492d7f3a8364@group-83C26644CFDA: changes role from  FOLLOWER to FOLLOWER at term 77 for recognizeCandidate:4b287a15-77af-487b-aef7-34d1d0ee189f
2019-10-16 21:01:27,365 [grpc-default-executor-3] INFO  impl.RoleInfo (RoleInfo.java:shutdownFollowerState(121)) - 4a03179f-3169-4ac7-a075-259968512ef0: shutdown FollowerState
2019-10-16 21:01:27,365 [grpc-default-executor-1] INFO  impl.RoleInfo (RoleInfo.java:shutdownFollowerState(121)) - 0aa3649f-570d-46c6-937f-492d7f3a8364: shutdown FollowerState
2019-10-16 21:01:27,365 [Thread-795] INFO  impl.FollowerState (FollowerState.java:run(117)) - 4a03179f-3169-4ac7-a075-259968512ef0@group-83C26644CFDA-FollowerState was interrupted: java.lang.InterruptedException: sleep interrupted
2019-10-16 21:01:27,365 [grpc-default-executor-3] INFO  impl.RoleInfo (RoleInfo.java:updateAndGet(143)) - 4a03179f-3169-4ac7-a075-259968512ef0: start FollowerState
2019-10-16 21:01:27,365 [Thread-796] INFO  impl.FollowerState (FollowerState.java:run(117)) - 0aa3649f-570d-46c6-937f-492d7f3a8364@group-83C26644CFDA-FollowerState was interrupted: java.lang.InterruptedException: sleep interrupted
2019-10-16 21:01:27,365 [grpc-default-executor-1] INFO  impl.RoleInfo (RoleInfo.java:updateAndGet(143)) - 0aa3649f-570d-46c6-937f-492d7f3a8364: start FollowerState
2019-10-16 21:01:27,374 [4b287a15-77af-487b-aef7-34d1d0ee189f@group-83C26644CFDA-LeaderElection86] INFO  impl.LeaderElection (LeaderElection.java:logAndReturn(56)) - 4b287a15-77af-487b-aef7-34d1d0ee189f@group-83C26644CFDA-LeaderElection86: Election REJECTED; received 2 response(s) [4b287a15-77af-487b-aef7-34d1d0ee189f<-0aa3649f-570d-46c6-937f-492d7f3a8364#0:FAIL-t77, 4b287a15-77af-487b-aef7-34d1d0ee189f<-4a03179f-3169-4ac7-a075-259968512ef0#0:FAIL-t77] and 0 exception(s); 4b287a15-77af-487b-aef7-34d1d0ee189f@group-83C26644CFDA:t77, leader=null, voted=4b287a15-77af-487b-aef7-34d1d0ee189f, raftlog=4b287a15-77af-487b-aef7-34d1d0ee189f@group-83C26644CFDA-SegmentedRaftLog:OPENED:c-1,f-1,i0, conf=-1: [4b287a15-77af-487b-aef7-34d1d0ee189f:192.168.34.38:38597, 0aa3649f-570d-46c6-937f-492d7f3a8364:192.168.34.38:33209, 4a03179f-3169-4ac7-a075-259968512ef0:192.168.34.38:45833], old=null
2019-10-16 21:01:27,374 [4b287a15-77af-487b-aef7-34d1d0ee189f@group-83C26644CFDA-LeaderElection86] INFO  impl.RaftServerImpl (RaftServerImpl.java:setRole(184)) - 4b287a15-77af-487b-aef7-34d1d0ee189f@group-83C26644CFDA: changes role from CANDIDATE to FOLLOWER at term 77 for DISCOVERED_A_NEW_TERM
2019-10-16 21:01:27,374 [4b287a15-77af-487b-aef7-34d1d0ee189f@group-83C26644CFDA-LeaderElection86] INFO  impl.RoleInfo (RoleInfo.java:shutdownLeaderElection(134)) - 4b287a15-77af-487b-aef7-34d1d0ee189f: shutdown LeaderElection
2019-10-16 21:01:27,374 [4b287a15-77af-487b-aef7-34d1d0ee189f@group-83C26644CFDA-LeaderElection86] INFO  impl.RoleInfo (RoleInfo.java:updateAndGet(143)) - 4b287a15-77af-487b-aef7-34d1d0ee189f: start FollowerState
2019-10-16 21:01:27,554 [Thread-803] INFO  impl.FollowerState (FollowerState.java:run(108)) - 4b287a15-77af-487b-aef7-34d1d0ee189f@group-83C26644CFDA-FollowerState: change to CANDIDATE, lastRpcTime:180ms, electionTimeout:180ms
2019-10-16 21:01:27,554 [Thread-803] INFO  impl.RoleInfo (RoleInfo.java:shutdownFollowerState(121)) - 4b287a15-77af-487b-aef7-34d1d0ee189f: shutdown FollowerState
2019-10-16 21:01:27,555 [Thread-803] INFO  impl.RaftServerImpl (RaftServerImpl.java:setRole(184)) - 4b287a15-77af-487b-aef7-34d1d0ee189f@group-83C26644CFDA: changes role from  FOLLOWER to CANDIDATE at term 77 for changeToCandidate
2019-10-16 21:01:27,555 [Thread-803] INFO  impl.RoleInfo (RoleInfo.java:updateAndGet(143)) - 4b287a15-77af-487b-aef7-34d1d0ee189f: start LeaderElection
2019-10-16 21:01:27,561 [4b287a15-77af-487b-aef7-34d1d0ee189f@group-83C26644CFDA-LeaderElection87] INFO  impl.LeaderElection (LeaderElection.java:askForVotes(178)) - 4b287a15-77af-487b-aef7-34d1d0ee189f@group-83C26644CFDA-LeaderElection87: begin an election at term 78 for -1: [4b287a15-77af-487b-aef7-34d1d0ee189f:192.168.34.38:38597, 0aa3649f-570d-46c6-937f-492d7f3a8364:192.168.34.38:33209, 4a03179f-3169-4ac7-a075-259968512ef0:192.168.34.38:45833], old=null
2019-10-16 21:01:27,563 [grpc-default-executor-3] INFO  impl.RaftServerImpl (RaftServerImpl.java:setRole(184)) - 0aa3649f-570d-46c6-937f-492d7f3a8364@group-83C26644CFDA: changes role from  FOLLOWER to FOLLOWER at term 78 for recognizeCandidate:4b287a15-77af-487b-aef7-34d1d0ee189f
2019-10-16 21:01:27,564 [grpc-default-executor-1] INFO  impl.RaftServerImpl (RaftServerImpl.java:setRole(184)) - 4a03179f-3169-4ac7-a075-259968512ef0@group-83C26644CFDA: changes role from  FOLLOWER to FOLLOWER at term 78 for recognizeCandidate:4b287a15-77af-487b-aef7-34d1d0ee189f
2019-10-16 21:01:27,564 [grpc-default-executor-3] INFO  impl.RoleInfo (RoleInfo.java:shutdownFollowerState(121)) - 0aa3649f-570d-46c6-937f-492d7f3a8364: shutdown FollowerState
2019-10-16 21:01:27,564 [grpc-default-executor-1] INFO  impl.RoleInfo (RoleInfo.java:shutdownFollowerState(121)) - 4a03179f-3169-4ac7-a075-259968512ef0: shutdown FollowerState
2019-10-16 21:01:27,564 [Thread-802] INFO  impl.FollowerState (FollowerState.java:run(117)) - 0aa3649f-570d-46c6-937f-492d7f3a8364@group-83C26644CFDA-FollowerState was interrupted: java.lang.InterruptedException: sleep interrupted
2019-10-16 21:01:27,564 [grpc-default-executor-3] INFO  impl.RoleInfo (RoleInfo.java:updateAndGet(143)) - 0aa3649f-570d-46c6-937f-492d7f3a8364: start FollowerState
2019-10-16 21:01:27,564 [Thread-801] INFO  impl.FollowerState (FollowerState.java:run(117)) - 4a03179f-3169-4ac7-a075-259968512ef0@group-83C26644CFDA-FollowerState was interrupted: java.lang.InterruptedException: sleep interrupted
2019-10-16 21:01:27,564 [grpc-default-executor-1] INFO  impl.RoleInfo (RoleInfo.java:updateAndGet(143)) - 4a03179f-3169-4ac7-a075-259968512ef0: start FollowerState
2019-10-16 21:01:27,570 [4b287a15-77af-487b-aef7-34d1d0ee189f@group-83C26644CFDA-LeaderElection87] INFO  impl.LeaderElection (LeaderElection.java:logAndReturn(56)) - 4b287a15-77af-487b-aef7-34d1d0ee189f@group-83C26644CFDA-LeaderElection87: Election REJECTED; received 2 response(s) [4b287a15-77af-487b-aef7-34d1d0ee189f<-0aa3649f-570d-46c6-937f-492d7f3a8364#0:FAIL-t78, 4b287a15-77af-487b-aef7-34d1d0ee189f<-4a03179f-3169-4ac7-a075-259968512ef0#0:FAIL-t78] and 0 exception(s); 4b287a15-77af-487b-aef7-34d1d0ee189f@group-83C26644CFDA:t78, leader=null, voted=4b287a15-77af-487b-aef7-34d1d0ee189f, raftlog=4b287a15-77af-487b-aef7-34d1d0ee189f@group-83C26644CFDA-SegmentedRaftLog:OPENED:c-1,f-1,i0, conf=-1: [4b287a15-77af-487b-aef7-34d1d0ee189f:192.168.34.38:38597, 0aa3649f-570d-46c6-937f-492d7f3a8364:192.168.34.38:33209, 4a03179f-3169-4ac7-a075-259968512ef0:192.168.34.38:45833], old=null
2019-10-16 21:01:27,570 [4b287a15-77af-487b-aef7-34d1d0ee189f@group-83C26644CFDA-LeaderElection87] INFO  impl.RaftServerImpl (RaftServerImpl.java:setRole(184)) - 4b287a15-77af-487b-aef7-34d1d0ee189f@group-83C26644CFDA: changes role from CANDIDATE to FOLLOWER at term 78 for DISCOVERED_A_NEW_TERM
2019-10-16 21:01:27,570 [4b287a15-77af-487b-aef7-34d1d0ee189f@group-83C26644CFDA-LeaderElection87] INFO  impl.RoleInfo (RoleInfo.java:shutdownLeaderElection(134)) - 4b287a15-77af-487b-aef7-34d1d0ee189f: shutdown LeaderElection
2019-10-16 21:01:27,571 [4b287a15-77af-487b-aef7-34d1d0ee189f@group-83C26644CFDA-LeaderElection87] INFO  impl.RoleInfo (RoleInfo.java:updateAndGet(143)) - 4b287a15-77af-487b-aef7-34d1d0ee189f: start FollowerState
2019-10-16 21:01:27,755 [Thread-809] INFO  impl.FollowerState (FollowerState.java:run(108)) - 4b287a15-77af-487b-aef7-34d1d0ee189f@group-83C26644CFDA-FollowerState: change to CANDIDATE, lastRpcTime:184ms, electionTimeout:184ms
2019-10-16 21:01:27,755 [Thread-809] INFO  impl.RoleInfo (RoleInfo.java:shutdownFollowerState(121)) - 4b287a15-77af-487b-aef7-34d1d0ee189f: shutdown FollowerState
2019-10-16 21:01:27,755 [Thread-809] INFO  impl.RaftServerImpl (RaftServerImpl.java:setRole(184)) - 4b287a15-77af-487b-aef7-34d1d0ee189f@group-83C26644CFDA: changes role from  FOLLOWER to CANDIDATE at term 78 for changeToCandidate
2019-10-16 21:01:27,756 [Thread-809] INFO  impl.RoleInfo (RoleInfo.java:updateAndGet(143)) - 4b287a15-77af-487b-aef7-34d1d0ee189f: start LeaderElection
2019-10-16 21:01:27,766 [4b287a15-77af-487b-aef7-34d1d0ee189f@group-83C26644CFDA-LeaderElection88] INFO  impl.LeaderElection (LeaderElection.java:askForVotes(178)) - 4b287a15-77af-487b-aef7-34d1d0ee189f@group-83C26644CFDA-LeaderElection88: begin an election at term 79 for -1: [4b287a15-77af-487b-aef7-34d1d0ee189f:192.168.34.38:38597, 0aa3649f-570d-46c6-937f-492d7f3a8364:192.168.34.38:33209, 4a03179f-3169-4ac7-a075-259968512ef0:192.168.34.38:45833], old=null
2019-10-16 21:01:27,768 [grpc-default-executor-1] INFO  impl.RaftServerImpl (RaftServerImpl.java:setRole(184)) - 4a03179f-3169-4ac7-a075-259968512ef0@group-83C26644CFDA: changes role from  FOLLOWER to FOLLOWER at term 79 for recognizeCandidate:4b287a15-77af-487b-aef7-34d1d0ee189f
2019-10-16 21:01:27,769 [grpc-default-executor-1] INFO  impl.RoleInfo (RoleInfo.java:shutdownFollowerState(121)) - 4a03179f-3169-4ac7-a075-259968512ef0: shutdown FollowerState
2019-10-16 21:01:27,769 [grpc-default-executor-1] INFO  impl.RoleInfo (RoleInfo.java:updateAndGet(143)) - 4a03179f-3169-4ac7-a075-259968512ef0: start FollowerState
2019-10-16 21:01:27,769 [Thread-808] INFO  impl.FollowerState (FollowerState.java:run(117)) - 4a03179f-3169-4ac7-a075-259968512ef0@group-83C26644CFDA-FollowerState was interrupted: java.lang.InterruptedException: sleep interrupted
2019-10-16 21:01:27,769 [grpc-default-executor-3] INFO  impl.RaftServerImpl (RaftServerImpl.java:setRole(184)) - 0aa3649f-570d-46c6-937f-492d7f3a8364@group-83C26644CFDA: changes role from  FOLLOWER to FOLLOWER at term 79 for recognizeCandidate:4b287a15-77af-487b-aef7-34d1d0ee189f
2019-10-16 21:01:27,769 [grpc-default-executor-3] INFO  impl.RoleInfo (RoleInfo.java:shutdownFollowerState(121)) - 0aa3649f-570d-46c6-937f-492d7f3a8364: shutdown FollowerState
2019-10-16 21:01:27,769 [grpc-default-executor-3] INFO  impl.RoleInfo (RoleInfo.java:updateAndGet(143)) - 0aa3649f-570d-46c6-937f-492d7f3a8364: start FollowerState
2019-10-16 21:01:27,769 [Thread-807] INFO  impl.FollowerState (FollowerState.java:run(117)) - 0aa3649f-570d-46c6-937f-492d7f3a8364@group-83C26644CFDA-FollowerState was interrupted: java.lang.InterruptedException: sleep interrupted
2019-10-16 21:01:27,776 [4b287a15-77af-487b-aef7-34d1d0ee189f@group-83C26644CFDA-LeaderElection88] INFO  impl.LeaderElection (LeaderElection.java:logAndReturn(56)) - 4b287a15-77af-487b-aef7-34d1d0ee189f@group-83C26644CFDA-LeaderElection88: Election TIMEOUT; received 0 response(s) [] and 0 exception(s); 4b287a15-77af-487b-aef7-34d1d0ee189f@group-83C26644CFDA:t79, leader=null, voted=4b287a15-77af-487b-aef7-34d1d0ee189f, raftlog=4b287a15-77af-487b-aef7-34d1d0ee189f@group-83C26644CFDA-SegmentedRaftLog:OPENED:c-1,f-1,i0, conf=-1: [4b287a15-77af-487b-aef7-34d1d0ee189f:192.168.34.38:38597, 0aa3649f-570d-46c6-937f-492d7f3a8364:192.168.34.38:33209, 4a03179f-3169-4ac7-a075-259968512ef0:192.168.34.38:45833], old=null
2019-10-16 21:01:27,781 [4b287a15-77af-487b-aef7-34d1d0ee189f@group-83C26644CFDA-LeaderElection88] INFO  impl.LeaderElection (LeaderElection.java:askForVotes(178)) - 4b287a15-77af-487b-aef7-34d1d0ee189f@group-83C26644CFDA-LeaderElection88: begin an election at term 80 for -1: [4b287a15-77af-487b-aef7-34d1d0ee189f:192.168.34.38:38597, 0aa3649f-570d-46c6-937f-492d7f3a8364:192.168.34.38:33209, 4a03179f-3169-4ac7-a075-259968512ef0:192.168.34.38:45833], old=null
2019-10-16 21:01:27,783 [grpc-default-executor-1] INFO  impl.RaftServerImpl (RaftServerImpl.java:setRole(184)) - 0aa3649f-570d-46c6-937f-492d7f3a8364@group-83C26644CFDA: changes role from  FOLLOWER to FOLLOWER at term 80 for recognizeCandidate:4b287a15-77af-487b-aef7-34d1d0ee189f
2019-10-16 21:01:27,783 [grpc-default-executor-1] INFO  impl.RoleInfo (RoleInfo.java:shutdownFollowerState(121)) - 0aa3649f-570d-46c6-937f-492d7f3a8364: shutdown FollowerState
2019-10-16 21:01:27,784 [grpc-default-executor-3] INFO  impl.RaftServerImpl (RaftServerImpl.java:setRole(184)) - 4a03179f-3169-4ac7-a075-259968512ef0@group-83C26644CFDA: changes role from  FOLLOWER to FOLLOWER at term 80 for recognizeCandidate:4b287a15-77af-487b-aef7-34d1d0ee189f
2019-10-16 21:01:27,784 [grpc-default-executor-3] INFO  impl.RoleInfo (RoleInfo.java:shutdownFollowerState(121)) - 4a03179f-3169-4ac7-a075-259968512ef0: shutdown FollowerState
2019-10-16 21:01:27,784 [Thread-814] INFO  impl.FollowerState (FollowerState.java:run(117)) - 0aa3649f-570d-46c6-937f-492d7f3a8364@group-83C26644CFDA-FollowerState was interrupted: java.lang.InterruptedException: sleep interrupted
2019-10-16 21:01:27,784 [grpc-default-executor-1] INFO  impl.RoleInfo (RoleInfo.java:updateAndGet(143)) - 0aa3649f-570d-46c6-937f-492d7f3a8364: start FollowerState
2019-10-16 21:01:27,784 [Thread-813] INFO  impl.FollowerState (FollowerState.java:run(117)) - 4a03179f-3169-4ac7-a075-259968512ef0@group-83C26644CFDA-FollowerState was interrupted: java.lang.InterruptedException: sleep interrupted
2019-10-16 21:01:27,784 [grpc-default-executor-3] INFO  impl.RoleInfo (RoleInfo.java:updateAndGet(143)) - 4a03179f-3169-4ac7-a075-259968512ef0: start FollowerState
2019-10-16 21:01:27,792 [4b287a15-77af-487b-aef7-34d1d0ee189f@group-83C26644CFDA-LeaderElection88] INFO  impl.LeaderElection (LeaderElection.java:logAndReturn(56)) - 4b287a15-77af-487b-aef7-34d1d0ee189f@group-83C26644CFDA-LeaderElection88: Election REJECTED; received 2 response(s) [4b287a15-77af-487b-aef7-34d1d0ee189f<-0aa3649f-570d-46c6-937f-492d7f3a8364#0:FAIL-t80, 4b287a15-77af-487b-aef7-34d1d0ee189f<-4a03179f-3169-4ac7-a075-259968512ef0#0:FAIL-t80] and 0 exception(s); 4b287a15-77af-487b-aef7-34d1d0ee189f@group-83C26644CFDA:t80, leader=null, voted=4b287a15-77af-487b-aef7-34d1d0ee189f, raftlog=4b287a15-77af-487b-aef7-34d1d0ee189f@group-83C26644CFDA-SegmentedRaftLog:OPENED:c-1,f-1,i0, conf=-1: [4b287a15-77af-487b-aef7-34d1d0ee189f:192.168.34.38:38597, 0aa3649f-570d-46c6-937f-492d7f3a8364:192.168.34.38:33209, 4a03179f-3169-4ac7-a075-259968512ef0:192.168.34.38:45833], old=null
2019-10-16 21:01:27,792 [4b287a15-77af-487b-aef7-34d1d0ee189f@group-83C26644CFDA-LeaderElection88] INFO  impl.RaftServerImpl (RaftServerImpl.java:setRole(184)) - 4b287a15-77af-487b-aef7-34d1d0ee189f@group-83C26644CFDA: changes role from CANDIDATE to FOLLOWER at term 80 for DISCOVERED_A_NEW_TERM
2019-10-16 21:01:27,792 [4b287a15-77af-487b-aef7-34d1d0ee189f@group-83C26644CFDA-LeaderElection88] INFO  impl.RoleInfo (RoleInfo.java:shutdownLeaderElection(134)) - 4b287a15-77af-487b-aef7-34d1d0ee189f: shutdown LeaderElection
2019-10-16 21:01:27,793 [4b287a15-77af-487b-aef7-34d1d0ee189f@group-83C26644CFDA-LeaderElection88] INFO  impl.RoleInfo (RoleInfo.java:updateAndGet(143)) - 4b287a15-77af-487b-aef7-34d1d0ee189f: start FollowerState
2019-10-16 21:01:27,963 [Thread-819] INFO  impl.FollowerState (FollowerState.java:run(108)) - 4b287a15-77af-487b-aef7-34d1d0ee189f@group-83C26644CFDA-FollowerState: change to CANDIDATE, lastRpcTime:170ms, electionTimeout:170ms
2019-10-16 21:01:27,963 [Thread-819] INFO  impl.RoleInfo (RoleInfo.java:shutdownFollowerState(121)) - 4b287a15-77af-487b-aef7-34d1d0ee189f: shutdown FollowerState
2019-10-16 21:01:27,963 [Thread-819] INFO  impl.RaftServerImpl (RaftServerImpl.java:setRole(184)) - 4b287a15-77af-487b-aef7-34d1d0ee189f@group-83C26644CFDA: changes role from  FOLLOWER to CANDIDATE at term 80 for changeToCandidate
2019-10-16 21:01:27,963 [Thread-819] INFO  impl.RoleInfo (RoleInfo.java:updateAndGet(143)) - 4b287a15-77af-487b-aef7-34d1d0ee189f: start LeaderElection
2019-10-16 21:01:27,978 [4b287a15-77af-487b-aef7-34d1d0ee189f@group-83C26644CFDA-LeaderElection89] INFO  impl.LeaderElection (LeaderElection.java:askForVotes(178)) - 4b287a15-77af-487b-aef7-34d1d0ee189f@group-83C26644CFDA-LeaderElection89: begin an election at term 81 for -1: [4b287a15-77af-487b-aef7-34d1d0ee189f:192.168.34.38:38597, 0aa3649f-570d-46c6-937f-492d7f3a8364:192.168.34.38:33209, 4a03179f-3169-4ac7-a075-259968512ef0:192.168.34.38:45833], old=null
2019-10-16 21:01:27,981 [grpc-default-executor-3] INFO  impl.RaftServerImpl (RaftServerImpl.java:setRole(184)) - 4a03179f-3169-4ac7-a075-259968512ef0@group-83C26644CFDA: changes role from  FOLLOWER to FOLLOWER at term 81 for recognizeCandidate:4b287a15-77af-487b-aef7-34d1d0ee189f
2019-10-16 21:01:27,981 [grpc-default-executor-3] INFO  impl.RoleInfo (RoleInfo.java:shutdownFollowerState(121)) - 4a03179f-3169-4ac7-a075-259968512ef0: shutdown FollowerState
2019-10-16 21:01:27,981 [Thread-818] INFO  impl.FollowerState (FollowerState.java:run(117)) - 4a03179f-3169-4ac7-a075-259968512ef0@group-83C26644CFDA-FollowerState was interrupted: java.lang.InterruptedException: sleep interrupted
2019-10-16 21:01:27,981 [grpc-default-executor-1] INFO  impl.RaftServerImpl (RaftServerImpl.java:setRole(184)) - 0aa3649f-570d-46c6-937f-492d7f3a8364@group-83C26644CFDA: changes role from  FOLLOWER to FOLLOWER at term 81 for recognizeCandidate:4b287a15-77af-487b-aef7-34d1d0ee189f
2019-10-16 21:01:27,981 [grpc-default-executor-3] INFO  impl.RoleInfo (RoleInfo.java:updateAndGet(143)) - 4a03179f-3169-4ac7-a075-259968512ef0: start FollowerState
2019-10-16 21:01:27,981 [grpc-default-executor-1] INFO  impl.RoleInfo (RoleInfo.java:shutdownFollowerState(121)) - 0aa3649f-570d-46c6-937f-492d7f3a8364: shutdown FollowerState
2019-10-16 21:01:27,982 [grpc-default-executor-1] INFO  impl.RoleInfo (RoleInfo.java:updateAndGet(143)) - 0aa3649f-570d-46c6-937f-492d7f3a8364: start FollowerState
2019-10-16 21:01:27,982 [Thread-817] INFO  impl.FollowerState (FollowerState.java:run(117)) - 0aa3649f-570d-46c6-937f-492d7f3a8364@group-83C26644CFDA-FollowerState was interrupted: java.lang.InterruptedException: sleep interrupted
2019-10-16 21:01:27,996 [4b287a15-77af-487b-aef7-34d1d0ee189f@group-83C26644CFDA-LeaderElection89] INFO  impl.LeaderElection (LeaderElection.java:logAndReturn(56)) - 4b287a15-77af-487b-aef7-34d1d0ee189f@group-83C26644CFDA-LeaderElection89: Election REJECTED; received 2 response(s) [4b287a15-77af-487b-aef7-34d1d0ee189f<-0aa3649f-570d-46c6-937f-492d7f3a8364#0:FAIL-t81, 4b287a15-77af-487b-aef7-34d1d0ee189f<-4a03179f-3169-4ac7-a075-259968512ef0#0:FAIL-t81] and 0 exception(s); 4b287a15-77af-487b-aef7-34d1d0ee189f@group-83C26644CFDA:t81, leader=null, voted=4b287a15-77af-487b-aef7-34d1d0ee189f, raftlog=4b287a15-77af-487b-aef7-34d1d0ee189f@group-83C26644CFDA-SegmentedRaftLog:OPENED:c-1,f-1,i0, conf=-1: [4b287a15-77af-487b-aef7-34d1d0ee189f:192.168.34.38:38597, 0aa3649f-570d-46c6-937f-492d7f3a8364:192.168.34.38:33209, 4a03179f-3169-4ac7-a075-259968512ef0:192.168.34.38:45833], old=null
2019-10-16 21:01:27,996 [4b287a15-77af-487b-aef7-34d1d0ee189f@group-83C26644CFDA-LeaderElection89] INFO  impl.RaftServerImpl (RaftServerImpl.java:setRole(184)) - 4b287a15-77af-487b-aef7-34d1d0ee189f@group-83C26644CFDA: changes role from CANDIDATE to FOLLOWER at term 81 for DISCOVERED_A_NEW_TERM
2019-10-16 21:01:27,996 [4b287a15-77af-487b-aef7-34d1d0ee189f@group-83C26644CFDA-LeaderElection89] INFO  impl.RoleInfo (RoleInfo.java:shutdownLeaderElection(134)) - 4b287a15-77af-487b-aef7-34d1d0ee189f: shutdown LeaderElection
2019-10-16 21:01:27,996 [4b287a15-77af-487b-aef7-34d1d0ee189f@group-83C26644CFDA-LeaderElection89] INFO  impl.RoleInfo (RoleInfo.java:updateAndGet(143)) - 4b287a15-77af-487b-aef7-34d1d0ee189f: start FollowerState
2019-10-16 21:01:28,165 [Thread-825] INFO  impl.FollowerState (FollowerState.java:run(108)) - 4b287a15-77af-487b-aef7-34d1d0ee189f@group-83C26644CFDA-FollowerState: change to CANDIDATE, lastRpcTime:169ms, electionTimeout:169ms
2019-10-16 21:01:28,166 [Thread-825] INFO  impl.RoleInfo (RoleInfo.java:shutdownFollowerState(121)) - 4b287a15-77af-487b-aef7-34d1d0ee189f: shutdown FollowerState
2019-10-16 21:01:28,166 [Thread-825] INFO  impl.RaftServerImpl (RaftServerImpl.java:setRole(184)) - 4b287a15-77af-487b-aef7-34d1d0ee189f@group-83C26644CFDA: changes role from  FOLLOWER to CANDIDATE at term 81 for changeToCandidate
2019-10-16 21:01:28,166 [Thread-825] INFO  impl.RoleInfo (RoleInfo.java:updateAndGet(143)) - 4b287a15-77af-487b-aef7-34d1d0ee189f: start LeaderElection
2019-10-16 21:01:28,191 [4b287a15-77af-487b-aef7-34d1d0ee189f@group-83C26644CFDA-LeaderElection90] INFO  impl.LeaderElection (LeaderElection.java:askForVotes(178)) - 4b287a15-77af-487b-aef7-34d1d0ee189f@group-83C26644CFDA-LeaderElection90: begin an election at term 82 for -1: [4b287a15-77af-487b-aef7-34d1d0ee189f:192.168.34.38:38597, 0aa3649f-570d-46c6-937f-492d7f3a8364:192.168.34.38:33209, 4a03179f-3169-4ac7-a075-259968512ef0:192.168.34.38:45833], old=null
2019-10-16 21:01:28,194 [grpc-default-executor-3] INFO  impl.RaftServerImpl (RaftServerImpl.java:setRole(184)) - 0aa3649f-570d-46c6-937f-492d7f3a8364@group-83C26644CFDA: changes role from  FOLLOWER to FOLLOWER at term 82 for recognizeCandidate:4b287a15-77af-487b-aef7-34d1d0ee189f
2019-10-16 21:01:28,194 [grpc-default-executor-1] INFO  impl.RaftServerImpl (RaftServerImpl.java:setRole(184)) - 4a03179f-3169-4ac7-a075-259968512ef0@group-83C26644CFDA: changes role from  FOLLOWER to FOLLOWER at term 82 for recognizeCandidate:4b287a15-77af-487b-aef7-34d1d0ee189f
2019-10-16 21:01:28,194 [grpc-default-executor-3] INFO  impl.RoleInfo (RoleInfo.java:shutdownFollowerState(121)) - 0aa3649f-570d-46c6-937f-492d7f3a8364: shutdown FollowerState
2019-10-16 21:01:28,194 [grpc-default-executor-1] INFO  impl.RoleInfo (RoleInfo.java:shutdownFollowerState(121)) - 4a03179f-3169-4ac7-a075-259968512ef0: shutdown FollowerState
2019-10-16 21:01:28,194 [Thread-824] INFO  impl.FollowerState (FollowerState.java:run(117)) - 0aa3649f-570d-46c6-937f-492d7f3a8364@group-83C26644CFDA-FollowerState was interrupted: java.lang.InterruptedException: sleep interrupted
2019-10-16 21:01:28,194 [grpc-default-executor-3] INFO  impl.RoleInfo (RoleInfo.java:updateAndGet(143)) - 0aa3649f-570d-46c6-937f-492d7f3a8364: start FollowerState
2019-10-16 21:01:28,194 [Thread-823] INFO  impl.FollowerState (FollowerState.java:run(117)) - 4a03179f-3169-4ac7-a075-259968512ef0@group-83C26644CFDA-FollowerState was interrupted: java.lang.InterruptedException: sleep interrupted
2019-10-16 21:01:28,194 [grpc-default-executor-1] INFO  impl.RoleInfo (RoleInfo.java:updateAndGet(143)) - 4a03179f-3169-4ac7-a075-259968512ef0: start FollowerState
2019-10-16 21:01:28,215 [4b287a15-77af-487b-aef7-34d1d0ee189f@group-83C26644CFDA-LeaderElection90] INFO  impl.LeaderElection (LeaderElection.java:logAndReturn(56)) - 4b287a15-77af-487b-aef7-34d1d0ee189f@group-83C26644CFDA-LeaderElection90: Election REJECTED; received 2 response(s) [4b287a15-77af-487b-aef7-34d1d0ee189f<-0aa3649f-570d-46c6-937f-492d7f3a8364#0:FAIL-t82, 4b287a15-77af-487b-aef7-34d1d0ee189f<-4a03179f-3169-4ac7-a075-259968512ef0#0:FAIL-t82] and 0 exception(s); 4b287a15-77af-487b-aef7-34d1d0ee189f@group-83C26644CFDA:t82, leader=null, voted=4b287a15-77af-487b-aef7-34d1d0ee189f, raftlog=4b287a15-77af-487b-aef7-34d1d0ee189f@group-83C26644CFDA-SegmentedRaftLog:OPENED:c-1,f-1,i0, conf=-1: [4b287a15-77af-487b-aef7-34d1d0ee189f:192.168.34.38:38597, 0aa3649f-570d-46c6-937f-492d7f3a8364:192.168.34.38:33209, 4a03179f-3169-4ac7-a075-259968512ef0:192.168.34.38:45833], old=null
2019-10-16 21:01:28,215 [4b287a15-77af-487b-aef7-34d1d0ee189f@group-83C26644CFDA-LeaderElection90] INFO  impl.RaftServerImpl (RaftServerImpl.java:setRole(184)) - 4b287a15-77af-487b-aef7-34d1d0ee189f@group-83C26644CFDA: changes role from CANDIDATE to FOLLOWER at term 82 for DISCOVERED_A_NEW_TERM
2019-10-16 21:01:28,215 [4b287a15-77af-487b-aef7-34d1d0ee189f@group-83C26644CFDA-LeaderElection90] INFO  impl.RoleInfo (RoleInfo.java:shutdownLeaderElection(134)) - 4b287a15-77af-487b-aef7-34d1d0ee189f: shutdown LeaderElection
2019-10-16 21:01:28,215 [4b287a15-77af-487b-aef7-34d1d0ee189f@group-83C26644CFDA-LeaderElection90] INFO  impl.RoleInfo (RoleInfo.java:updateAndGet(143)) - 4b287a15-77af-487b-aef7-34d1d0ee189f: start FollowerState
2019-10-16 21:01:28,216 [Thread-831] INFO  impl.FollowerState (FollowerState.java:run(108)) - 4b287a15-77af-487b-aef7-34d1d0ee189f@group-83C26644CFDA-FollowerState: change to CANDIDATE, lastRpcTime:0ms, electionTimeout:0ms
2019-10-16 21:01:28,216 [Thread-831] INFO  impl.RoleInfo (RoleInfo.java:shutdownFollowerState(121)) - 4b287a15-77af-487b-aef7-34d1d0ee189f: shutdown FollowerState
2019-10-16 21:01:28,216 [Thread-831] INFO  impl.RaftServerImpl (RaftServerImpl.java:setRole(184)) - 4b287a15-77af-487b-aef7-34d1d0ee189f@group-83C26644CFDA: changes role from  FOLLOWER to CANDIDATE at term 82 for changeToCandidate
2019-10-16 21:01:28,216 [Thread-831] INFO  impl.RoleInfo (RoleInfo.java:updateAndGet(143)) - 4b287a15-77af-487b-aef7-34d1d0ee189f: start LeaderElection
2019-10-16 21:01:28,226 [4b287a15-77af-487b-aef7-34d1d0ee189f@group-83C26644CFDA-LeaderElection91] INFO  impl.LeaderElection (LeaderElection.java:askForVotes(178)) - 4b287a15-77af-487b-aef7-34d1d0ee189f@group-83C26644CFDA-LeaderElection91: begin an election at term 83 for -1: [4b287a15-77af-487b-aef7-34d1d0ee189f:192.168.34.38:38597, 0aa3649f-570d-46c6-937f-492d7f3a8364:192.168.34.38:33209, 4a03179f-3169-4ac7-a075-259968512ef0:192.168.34.38:45833], old=null
2019-10-16 21:01:28,228 [grpc-default-executor-1] INFO  impl.RaftServerImpl (RaftServerImpl.java:setRole(184)) - 0aa3649f-570d-46c6-937f-492d7f3a8364@group-83C26644CFDA: changes role from  FOLLOWER to FOLLOWER at term 83 for recognizeCandidate:4b287a15-77af-487b-aef7-34d1d0ee189f
2019-10-16 21:01:28,228 [grpc-default-executor-3] INFO  impl.RaftServerImpl (RaftServerImpl.java:setRole(184)) - 4a03179f-3169-4ac7-a075-259968512ef0@group-83C26644CFDA: changes role from  FOLLOWER to FOLLOWER at term 83 for recognizeCandidate:4b287a15-77af-487b-aef7-34d1d0ee189f
2019-10-16 21:01:28,228 [grpc-default-executor-1] INFO  impl.RoleInfo (RoleInfo.java:shutdownFollowerState(121)) - 0aa3649f-570d-46c6-937f-492d7f3a8364: shutdown FollowerState
2019-10-16 21:01:28,228 [grpc-default-executor-3] INFO  impl.RoleInfo (RoleInfo.java:shutdownFollowerState(121)) - 4a03179f-3169-4ac7-a075-259968512ef0: shutdown FollowerState
2019-10-16 21:01:28,228 [grpc-default-executor-1] INFO  impl.RoleInfo (RoleInfo.java:updateAndGet(143)) - 0aa3649f-570d-46c6-937f-492d7f3a8364: start FollowerState
2019-10-16 21:01:28,228 [Thread-829] INFO  impl.FollowerState (FollowerState.java:run(117)) - 0aa3649f-570d-46c6-937f-492d7f3a8364@group-83C26644CFDA-FollowerState was interrupted: java.lang.InterruptedException: sleep interrupted
2019-10-16 21:01:28,228 [grpc-default-executor-3] INFO  impl.RoleInfo (RoleInfo.java:updateAndGet(143)) - 4a03179f-3169-4ac7-a075-259968512ef0: start FollowerState
2019-10-16 21:01:28,228 [Thread-830] INFO  impl.FollowerState (FollowerState.java:run(117)) - 4a03179f-3169-4ac7-a075-259968512ef0@group-83C26644CFDA-FollowerState was interrupted: java.lang.InterruptedException: sleep interrupted
2019-10-16 21:01:28,261 [4b287a15-77af-487b-aef7-34d1d0ee189f@group-83C26644CFDA-LeaderElection91] INFO  impl.LeaderElection (LeaderElection.java:logAndReturn(56)) - 4b287a15-77af-487b-aef7-34d1d0ee189f@group-83C26644CFDA-LeaderElection91: Election REJECTED; received 2 response(s) [4b287a15-77af-487b-aef7-34d1d0ee189f<-0aa3649f-570d-46c6-937f-492d7f3a8364#0:FAIL-t83, 4b287a15-77af-487b-aef7-34d1d0ee189f<-4a03179f-3169-4ac7-a075-259968512ef0#0:FAIL-t83] and 0 exception(s); 4b287a15-77af-487b-aef7-34d1d0ee189f@group-83C26644CFDA:t83, leader=null, voted=4b287a15-77af-487b-aef7-34d1d0ee189f, raftlog=4b287a15-77af-487b-aef7-34d1d0ee189f@group-83C26644CFDA-SegmentedRaftLog:OPENED:c-1,f-1,i0, conf=-1: [4b287a15-77af-487b-aef7-34d1d0ee189f:192.168.34.38:38597, 0aa3649f-570d-46c6-937f-492d7f3a8364:192.168.34.38:33209, 4a03179f-3169-4ac7-a075-259968512ef0:192.168.34.38:45833], old=null
2019-10-16 21:01:28,262 [4b287a15-77af-487b-aef7-34d1d0ee189f@group-83C26644CFDA-LeaderElection91] INFO  impl.RaftServerImpl (RaftServerImpl.java:setRole(184)) - 4b287a15-77af-487b-aef7-34d1d0ee189f@group-83C26644CFDA: changes role from CANDIDATE to FOLLOWER at term 83 for DISCOVERED_A_NEW_TERM
2019-10-16 21:01:28,262 [4b287a15-77af-487b-aef7-34d1d0ee189f@group-83C26644CFDA-LeaderElection91] INFO  impl.RoleInfo (RoleInfo.java:shutdownLeaderElection(134)) - 4b287a15-77af-487b-aef7-34d1d0ee189f: shutdown LeaderElection
2019-10-16 21:01:28,262 [4b287a15-77af-487b-aef7-34d1d0ee189f@group-83C26644CFDA-LeaderElection91] INFO  impl.RoleInfo (RoleInfo.java:updateAndGet(143)) - 4b287a15-77af-487b-aef7-34d1d0ee189f: start FollowerState
2019-10-16 21:01:28,281 [Thread-837] INFO  impl.FollowerState (FollowerState.java:run(108)) - 4b287a15-77af-487b-aef7-34d1d0ee189f@group-83C26644CFDA-FollowerState: change to CANDIDATE, lastRpcTime:18ms, electionTimeout:18ms
2019-10-16 21:01:28,281 [Thread-837] INFO  impl.RoleInfo (RoleInfo.java:shutdownFollowerState(121)) - 4b287a15-77af-487b-aef7-34d1d0ee189f: shutdown FollowerState
2019-10-16 21:01:28,281 [Thread-837] INFO  impl.RaftServerImpl (RaftServerImpl.java:setRole(184)) - 4b287a15-77af-487b-aef7-34d1d0ee189f@group-83C26644CFDA: changes role from  FOLLOWER to CANDIDATE at term 83 for changeToCandidate
2019-10-16 21:01:28,281 [Thread-837] INFO  impl.RoleInfo (RoleInfo.java:updateAndGet(143)) - 4b287a15-77af-487b-aef7-34d1d0ee189f: start LeaderElection
2019-10-16 21:01:28,336 [4b287a15-77af-487b-aef7-34d1d0ee189f@group-83C26644CFDA-LeaderElection92] INFO  impl.LeaderElection (LeaderElection.java:askForVotes(178)) - 4b287a15-77af-487b-aef7-34d1d0ee189f@group-83C26644CFDA-LeaderElection92: begin an election at term 84 for -1: [4b287a15-77af-487b-aef7-34d1d0ee189f:192.168.34.38:38597, 0aa3649f-570d-46c6-937f-492d7f3a8364:192.168.34.38:33209, 4a03179f-3169-4ac7-a075-259968512ef0:192.168.34.38:45833], old=null
2019-10-16 21:01:28,338 [grpc-default-executor-1] INFO  impl.RaftServerImpl (RaftServerImpl.java:setRole(184)) - 4a03179f-3169-4ac7-a075-259968512ef0@group-83C26644CFDA: changes role from  FOLLOWER to FOLLOWER at term 84 for recognizeCandidate:4b287a15-77af-487b-aef7-34d1d0ee189f
2019-10-16 21:01:28,338 [grpc-default-executor-3] INFO  impl.RaftServerImpl (RaftServerImpl.java:setRole(184)) - 0aa3649f-570d-46c6-937f-492d7f3a8364@group-83C26644CFDA: changes role from  FOLLOWER to FOLLOWER at term 84 for recognizeCandidate:4b287a15-77af-487b-aef7-34d1d0ee189f
2019-10-16 21:01:28,338 [grpc-default-executor-1] INFO  impl.RoleInfo (RoleInfo.java:shutdownFollowerState(121)) - 4a03179f-3169-4ac7-a075-259968512ef0: shutdown FollowerState
2019-10-16 21:01:28,338 [grpc-default-executor-3] INFO  impl.RoleInfo (RoleInfo.java:shutdownFollowerState(121)) - 0aa3649f-570d-46c6-937f-492d7f3a8364: shutdown FollowerState
2019-10-16 21:01:28,339 [Thread-836] INFO  impl.FollowerState (FollowerState.java:run(117)) - 4a03179f-3169-4ac7-a075-259968512ef0@group-83C26644CFDA-FollowerState was interrupted: java.lang.InterruptedException: sleep interrupted
2019-10-16 21:01:28,339 [grpc-default-executor-1] INFO  impl.RoleInfo (RoleInfo.java:updateAndGet(143)) - 4a03179f-3169-4ac7-a075-259968512ef0: start FollowerState
2019-10-16 21:01:28,339 [Thread-835] INFO  impl.FollowerState (FollowerState.java:run(117)) - 0aa3649f-570d-46c6-937f-492d7f3a8364@group-83C26644CFDA-FollowerState was interrupted: java.lang.InterruptedException: sleep interrupted
2019-10-16 21:01:28,339 [grpc-default-executor-3] INFO  impl.RoleInfo (RoleInfo.java:updateAndGet(143)) - 0aa3649f-570d-46c6-937f-492d7f3a8364: start FollowerState
2019-10-16 21:01:28,339 [4b287a15-77af-487b-aef7-34d1d0ee189f@group-83C26644CFDA-LeaderElection92] INFO  impl.LeaderElection (LeaderElection.java:logAndReturn(56)) - 4b287a15-77af-487b-aef7-34d1d0ee189f@group-83C26644CFDA-LeaderElection92: Election TIMEOUT; received 0 response(s) [] and 0 exception(s); 4b287a15-77af-487b-aef7-34d1d0ee189f@group-83C26644CFDA:t84, leader=null, voted=4b287a15-77af-487b-aef7-34d1d0ee189f, raftlog=4b287a15-77af-487b-aef7-34d1d0ee189f@group-83C26644CFDA-SegmentedRaftLog:OPENED:c-1,f-1,i0, conf=-1: [4b287a15-77af-487b-aef7-34d1d0ee189f:192.168.34.38:38597, 0aa3649f-570d-46c6-937f-492d7f3a8364:192.168.34.38:33209, 4a03179f-3169-4ac7-a075-259968512ef0:192.168.34.38:45833], old=null
2019-10-16 21:01:28,348 [main] INFO  ozone.MiniOzoneClusterImpl (MiniOzoneClusterImpl.java:lambda$waitForClusterToBeReady$2(164)) - Waiting for 1 number of pipelines out of 4, to report a leader.
2019-10-16 21:01:28,355 [4b287a15-77af-487b-aef7-34d1d0ee189f@group-83C26644CFDA-LeaderElection92] INFO  impl.LeaderElection (LeaderElection.java:askForVotes(178)) - 4b287a15-77af-487b-aef7-34d1d0ee189f@group-83C26644CFDA-LeaderElection92: begin an election at term 85 for -1: [4b287a15-77af-487b-aef7-34d1d0ee189f:192.168.34.38:38597, 0aa3649f-570d-46c6-937f-492d7f3a8364:192.168.34.38:33209, 4a03179f-3169-4ac7-a075-259968512ef0:192.168.34.38:45833], old=null
2019-10-16 21:01:28,357 [grpc-default-executor-1] INFO  impl.RaftServerImpl (RaftServerImpl.java:setRole(184)) - 0aa3649f-570d-46c6-937f-492d7f3a8364@group-83C26644CFDA: changes role from  FOLLOWER to FOLLOWER at term 85 for recognizeCandidate:4b287a15-77af-487b-aef7-34d1d0ee189f
2019-10-16 21:01:28,357 [grpc-default-executor-1] INFO  impl.RoleInfo (RoleInfo.java:shutdownFollowerState(121)) - 0aa3649f-570d-46c6-937f-492d7f3a8364: shutdown FollowerState
2019-10-16 21:01:28,357 [grpc-default-executor-3] INFO  impl.RaftServerImpl (RaftServerImpl.java:setRole(184)) - 4a03179f-3169-4ac7-a075-259968512ef0@group-83C26644CFDA: changes role from  FOLLOWER to FOLLOWER at term 85 for recognizeCandidate:4b287a15-77af-487b-aef7-34d1d0ee189f
2019-10-16 21:01:28,357 [grpc-default-executor-3] INFO  impl.RoleInfo (RoleInfo.java:shutdownFollowerState(121)) - 4a03179f-3169-4ac7-a075-259968512ef0: shutdown FollowerState
2019-10-16 21:01:28,357 [Thread-842] INFO  impl.FollowerState (FollowerState.java:run(117)) - 0aa3649f-570d-46c6-937f-492d7f3a8364@group-83C26644CFDA-FollowerState was interrupted: java.lang.InterruptedException: sleep interrupted
2019-10-16 21:01:28,357 [grpc-default-executor-1] INFO  impl.RoleInfo (RoleInfo.java:updateAndGet(143)) - 0aa3649f-570d-46c6-937f-492d7f3a8364: start FollowerState
2019-10-16 21:01:28,357 [grpc-default-executor-3] INFO  impl.RoleInfo (RoleInfo.java:updateAndGet(143)) - 4a03179f-3169-4ac7-a075-259968512ef0: start FollowerState
2019-10-16 21:01:28,357 [Thread-841] INFO  impl.FollowerState (FollowerState.java:run(117)) - 4a03179f-3169-4ac7-a075-259968512ef0@group-83C26644CFDA-FollowerState was interrupted: java.lang.InterruptedException: sleep interrupted
2019-10-16 21:01:28,367 [4b287a15-77af-487b-aef7-34d1d0ee189f@group-83C26644CFDA-LeaderElection92] INFO  impl.LeaderElection (LeaderElection.java:logAndReturn(56)) - 4b287a15-77af-487b-aef7-34d1d0ee189f@group-83C26644CFDA-LeaderElection92: Election REJECTED; received 2 response(s) [4b287a15-77af-487b-aef7-34d1d0ee189f<-0aa3649f-570d-46c6-937f-492d7f3a8364#0:FAIL-t85, 4b287a15-77af-487b-aef7-34d1d0ee189f<-4a03179f-3169-4ac7-a075-259968512ef0#0:FAIL-t85] and 0 exception(s); 4b287a15-77af-487b-aef7-34d1d0ee189f@group-83C26644CFDA:t85, leader=null, voted=4b287a15-77af-487b-aef7-34d1d0ee189f, raftlog=4b287a15-77af-487b-aef7-34d1d0ee189f@group-83C26644CFDA-SegmentedRaftLog:OPENED:c-1,f-1,i0, conf=-1: [4b287a15-77af-487b-aef7-34d1d0ee189f:192.168.34.38:38597, 0aa3649f-570d-46c6-937f-492d7f3a8364:192.168.34.38:33209, 4a03179f-3169-4ac7-a075-259968512ef0:192.168.34.38:45833], old=null
2019-10-16 21:01:28,367 [4b287a15-77af-487b-aef7-34d1d0ee189f@group-83C26644CFDA-LeaderElection92] INFO  impl.RaftServerImpl (RaftServerImpl.java:setRole(184)) - 4b287a15-77af-487b-aef7-34d1d0ee189f@group-83C26644CFDA: changes role from CANDIDATE to FOLLOWER at term 85 for DISCOVERED_A_NEW_TERM
2019-10-16 21:01:28,367 [4b287a15-77af-487b-aef7-34d1d0ee189f@group-83C26644CFDA-LeaderElection92] INFO  impl.RoleInfo (RoleInfo.java:shutdownLeaderElection(134)) - 4b287a15-77af-487b-aef7-34d1d0ee189f: shutdown LeaderElection
2019-10-16 21:01:28,368 [4b287a15-77af-487b-aef7-34d1d0ee189f@group-83C26644CFDA-LeaderElection92] INFO  impl.RoleInfo (RoleInfo.java:updateAndGet(143)) - 4b287a15-77af-487b-aef7-34d1d0ee189f: start FollowerState
2019-10-16 21:01:28,555 [Thread-847] INFO  impl.FollowerState (FollowerState.java:run(108)) - 4b287a15-77af-487b-aef7-34d1d0ee189f@group-83C26644CFDA-FollowerState: change to CANDIDATE, lastRpcTime:187ms, electionTimeout:187ms
2019-10-16 21:01:28,555 [Thread-847] INFO  impl.RoleInfo (RoleInfo.java:shutdownFollowerState(121)) - 4b287a15-77af-487b-aef7-34d1d0ee189f: shutdown FollowerState
2019-10-16 21:01:28,555 [Thread-847] INFO  impl.RaftServerImpl (RaftServerImpl.java:setRole(184)) - 4b287a15-77af-487b-aef7-34d1d0ee189f@group-83C26644CFDA: changes role from  FOLLOWER to CANDIDATE at term 85 for changeToCandidate
2019-10-16 21:01:28,555 [Thread-847] INFO  impl.RoleInfo (RoleInfo.java:updateAndGet(143)) - 4b287a15-77af-487b-aef7-34d1d0ee189f: start LeaderElection
2019-10-16 21:01:28,562 [4b287a15-77af-487b-aef7-34d1d0ee189f@group-83C26644CFDA-LeaderElection93] INFO  impl.LeaderElection (LeaderElection.java:askForVotes(178)) - 4b287a15-77af-487b-aef7-34d1d0ee189f@group-83C26644CFDA-LeaderElection93: begin an election at term 86 for -1: [4b287a15-77af-487b-aef7-34d1d0ee189f:192.168.34.38:38597, 0aa3649f-570d-46c6-937f-492d7f3a8364:192.168.34.38:33209, 4a03179f-3169-4ac7-a075-259968512ef0:192.168.34.38:45833], old=null
2019-10-16 21:01:28,565 [grpc-default-executor-1] INFO  impl.RaftServerImpl (RaftServerImpl.java:setRole(184)) - 4a03179f-3169-4ac7-a075-259968512ef0@group-83C26644CFDA: changes role from  FOLLOWER to FOLLOWER at term 86 for recognizeCandidate:4b287a15-77af-487b-aef7-34d1d0ee189f
2019-10-16 21:01:28,565 [grpc-default-executor-3] INFO  impl.RaftServerImpl (RaftServerImpl.java:setRole(184)) - 0aa3649f-570d-46c6-937f-492d7f3a8364@group-83C26644CFDA: changes role from  FOLLOWER to FOLLOWER at term 86 for recognizeCandidate:4b287a15-77af-487b-aef7-34d1d0ee189f
2019-10-16 21:01:28,565 [grpc-default-executor-1] INFO  impl.RoleInfo (RoleInfo.java:shutdownFollowerState(121)) - 4a03179f-3169-4ac7-a075-259968512ef0: shutdown FollowerState
2019-10-16 21:01:28,565 [grpc-default-executor-3] INFO  impl.RoleInfo (RoleInfo.java:shutdownFollowerState(121)) - 0aa3649f-570d-46c6-937f-492d7f3a8364: shutdown FollowerState
2019-10-16 21:01:28,565 [Thread-846] INFO  impl.FollowerState (FollowerState.java:run(117)) - 4a03179f-3169-4ac7-a075-259968512ef0@group-83C26644CFDA-FollowerState was interrupted: java.lang.InterruptedException: sleep interrupted
2019-10-16 21:01:28,565 [grpc-default-executor-1] INFO  impl.RoleInfo (RoleInfo.java:updateAndGet(143)) - 4a03179f-3169-4ac7-a075-259968512ef0: start FollowerState
2019-10-16 21:01:28,566 [Thread-845] INFO  impl.FollowerState (FollowerState.java:run(117)) - 0aa3649f-570d-46c6-937f-492d7f3a8364@group-83C26644CFDA-FollowerState was interrupted: java.lang.InterruptedException: sleep interrupted
2019-10-16 21:01:28,566 [grpc-default-executor-3] INFO  impl.RoleInfo (RoleInfo.java:updateAndGet(143)) - 0aa3649f-570d-46c6-937f-492d7f3a8364: start FollowerState
2019-10-16 21:01:28,577 [4b287a15-77af-487b-aef7-34d1d0ee189f@group-83C26644CFDA-LeaderElection93] INFO  impl.LeaderElection (LeaderElection.java:logAndReturn(56)) - 4b287a15-77af-487b-aef7-34d1d0ee189f@group-83C26644CFDA-LeaderElection93: Election REJECTED; received 2 response(s) [4b287a15-77af-487b-aef7-34d1d0ee189f<-0aa3649f-570d-46c6-937f-492d7f3a8364#0:FAIL-t86, 4b287a15-77af-487b-aef7-34d1d0ee189f<-4a03179f-3169-4ac7-a075-259968512ef0#0:FAIL-t86] and 0 exception(s); 4b287a15-77af-487b-aef7-34d1d0ee189f@group-83C26644CFDA:t86, leader=null, voted=4b287a15-77af-487b-aef7-34d1d0ee189f, raftlog=4b287a15-77af-487b-aef7-34d1d0ee189f@group-83C26644CFDA-SegmentedRaftLog:OPENED:c-1,f-1,i0, conf=-1: [4b287a15-77af-487b-aef7-34d1d0ee189f:192.168.34.38:38597, 0aa3649f-570d-46c6-937f-492d7f3a8364:192.168.34.38:33209, 4a03179f-3169-4ac7-a075-259968512ef0:192.168.34.38:45833], old=null
2019-10-16 21:01:28,577 [4b287a15-77af-487b-aef7-34d1d0ee189f@group-83C26644CFDA-LeaderElection93] INFO  impl.RaftServerImpl (RaftServerImpl.java:setRole(184)) - 4b287a15-77af-487b-aef7-34d1d0ee189f@group-83C26644CFDA: changes role from CANDIDATE to FOLLOWER at term 86 for DISCOVERED_A_NEW_TERM
2019-10-16 21:01:28,577 [4b287a15-77af-487b-aef7-34d1d0ee189f@group-83C26644CFDA-LeaderElection93] INFO  impl.RoleInfo (RoleInfo.java:shutdownLeaderElection(134)) - 4b287a15-77af-487b-aef7-34d1d0ee189f: shutdown LeaderElection
2019-10-16 21:01:28,577 [4b287a15-77af-487b-aef7-34d1d0ee189f@group-83C26644CFDA-LeaderElection93] INFO  impl.RoleInfo (RoleInfo.java:updateAndGet(143)) - 4b287a15-77af-487b-aef7-34d1d0ee189f: start FollowerState
2019-10-16 21:01:28,663 [Thread-853] INFO  impl.FollowerState (FollowerState.java:run(108)) - 4b287a15-77af-487b-aef7-34d1d0ee189f@group-83C26644CFDA-FollowerState: change to CANDIDATE, lastRpcTime:85ms, electionTimeout:85ms
2019-10-16 21:01:28,663 [Thread-853] INFO  impl.RoleInfo (RoleInfo.java:shutdownFollowerState(121)) - 4b287a15-77af-487b-aef7-34d1d0ee189f: shutdown FollowerState
2019-10-16 21:01:28,663 [Thread-853] INFO  impl.RaftServerImpl (RaftServerImpl.java:setRole(184)) - 4b287a15-77af-487b-aef7-34d1d0ee189f@group-83C26644CFDA: changes role from  FOLLOWER to CANDIDATE at term 86 for changeToCandidate
2019-10-16 21:01:28,663 [Thread-853] INFO  impl.RoleInfo (RoleInfo.java:updateAndGet(143)) - 4b287a15-77af-487b-aef7-34d1d0ee189f: start LeaderElection
2019-10-16 21:01:28,680 [4b287a15-77af-487b-aef7-34d1d0ee189f@group-83C26644CFDA-LeaderElection94] INFO  impl.LeaderElection (LeaderElection.java:askForVotes(178)) - 4b287a15-77af-487b-aef7-34d1d0ee189f@group-83C26644CFDA-LeaderElection94: begin an election at term 87 for -1: [4b287a15-77af-487b-aef7-34d1d0ee189f:192.168.34.38:38597, 0aa3649f-570d-46c6-937f-492d7f3a8364:192.168.34.38:33209, 4a03179f-3169-4ac7-a075-259968512ef0:192.168.34.38:45833], old=null
2019-10-16 21:01:28,682 [grpc-default-executor-3] INFO  impl.RaftServerImpl (RaftServerImpl.java:setRole(184)) - 0aa3649f-570d-46c6-937f-492d7f3a8364@group-83C26644CFDA: changes role from  FOLLOWER to FOLLOWER at term 87 for recognizeCandidate:4b287a15-77af-487b-aef7-34d1d0ee189f
2019-10-16 21:01:28,683 [grpc-default-executor-3] INFO  impl.RoleInfo (RoleInfo.java:shutdownFollowerState(121)) - 0aa3649f-570d-46c6-937f-492d7f3a8364: shutdown FollowerState
2019-10-16 21:01:28,683 [grpc-default-executor-1] INFO  impl.RaftServerImpl (RaftServerImpl.java:setRole(184)) - 4a03179f-3169-4ac7-a075-259968512ef0@group-83C26644CFDA: changes role from  FOLLOWER to FOLLOWER at term 87 for recognizeCandidate:4b287a15-77af-487b-aef7-34d1d0ee189f
2019-10-16 21:01:28,683 [Thread-852] INFO  impl.FollowerState (FollowerState.java:run(117)) - 0aa3649f-570d-46c6-937f-492d7f3a8364@group-83C26644CFDA-FollowerState was interrupted: java.lang.InterruptedException: sleep interrupted
2019-10-16 21:01:28,683 [grpc-default-executor-3] INFO  impl.RoleInfo (RoleInfo.java:updateAndGet(143)) - 0aa3649f-570d-46c6-937f-492d7f3a8364: start FollowerState
2019-10-16 21:01:28,683 [grpc-default-executor-1] INFO  impl.RoleInfo (RoleInfo.java:shutdownFollowerState(121)) - 4a03179f-3169-4ac7-a075-259968512ef0: shutdown FollowerState
2019-10-16 21:01:28,683 [grpc-default-executor-1] INFO  impl.RoleInfo (RoleInfo.java:updateAndGet(143)) - 4a03179f-3169-4ac7-a075-259968512ef0: start FollowerState
2019-10-16 21:01:28,683 [Thread-851] INFO  impl.FollowerState (FollowerState.java:run(117)) - 4a03179f-3169-4ac7-a075-259968512ef0@group-83C26644CFDA-FollowerState was interrupted: java.lang.InterruptedException: sleep interrupted
2019-10-16 21:01:28,694 [4b287a15-77af-487b-aef7-34d1d0ee189f@group-83C26644CFDA-LeaderElection94] INFO  impl.LeaderElection (LeaderElection.java:logAndReturn(56)) - 4b287a15-77af-487b-aef7-34d1d0ee189f@group-83C26644CFDA-LeaderElection94: Election REJECTED; received 2 response(s) [4b287a15-77af-487b-aef7-34d1d0ee189f<-0aa3649f-570d-46c6-937f-492d7f3a8364#0:FAIL-t87, 4b287a15-77af-487b-aef7-34d1d0ee189f<-4a03179f-3169-4ac7-a075-259968512ef0#0:FAIL-t87] and 0 exception(s); 4b287a15-77af-487b-aef7-34d1d0ee189f@group-83C26644CFDA:t87, leader=null, voted=4b287a15-77af-487b-aef7-34d1d0ee189f, raftlog=4b287a15-77af-487b-aef7-34d1d0ee189f@group-83C26644CFDA-SegmentedRaftLog:OPENED:c-1,f-1,i0, conf=-1: [4b287a15-77af-487b-aef7-34d1d0ee189f:192.168.34.38:38597, 0aa3649f-570d-46c6-937f-492d7f3a8364:192.168.34.38:33209, 4a03179f-3169-4ac7-a075-259968512ef0:192.168.34.38:45833], old=null
2019-10-16 21:01:28,695 [4b287a15-77af-487b-aef7-34d1d0ee189f@group-83C26644CFDA-LeaderElection94] INFO  impl.RaftServerImpl (RaftServerImpl.java:setRole(184)) - 4b287a15-77af-487b-aef7-34d1d0ee189f@group-83C26644CFDA: changes role from CANDIDATE to FOLLOWER at term 87 for DISCOVERED_A_NEW_TERM
2019-10-16 21:01:28,695 [4b287a15-77af-487b-aef7-34d1d0ee189f@group-83C26644CFDA-LeaderElection94] INFO  impl.RoleInfo (RoleInfo.java:shutdownLeaderElection(134)) - 4b287a15-77af-487b-aef7-34d1d0ee189f: shutdown LeaderElection
2019-10-16 21:01:28,695 [4b287a15-77af-487b-aef7-34d1d0ee189f@group-83C26644CFDA-LeaderElection94] INFO  impl.RoleInfo (RoleInfo.java:updateAndGet(143)) - 4b287a15-77af-487b-aef7-34d1d0ee189f: start FollowerState
2019-10-16 21:01:28,704 [Thread-859] INFO  impl.FollowerState (FollowerState.java:run(108)) - 4b287a15-77af-487b-aef7-34d1d0ee189f@group-83C26644CFDA-FollowerState: change to CANDIDATE, lastRpcTime:9ms, electionTimeout:9ms
2019-10-16 21:01:28,704 [Thread-859] INFO  impl.RoleInfo (RoleInfo.java:shutdownFollowerState(121)) - 4b287a15-77af-487b-aef7-34d1d0ee189f: shutdown FollowerState
2019-10-16 21:01:28,704 [Thread-859] INFO  impl.RaftServerImpl (RaftServerImpl.java:setRole(184)) - 4b287a15-77af-487b-aef7-34d1d0ee189f@group-83C26644CFDA: changes role from  FOLLOWER to CANDIDATE at term 87 for changeToCandidate
2019-10-16 21:01:28,704 [Thread-859] INFO  impl.RoleInfo (RoleInfo.java:updateAndGet(143)) - 4b287a15-77af-487b-aef7-34d1d0ee189f: start LeaderElection
2019-10-16 21:01:28,718 [4b287a15-77af-487b-aef7-34d1d0ee189f@group-83C26644CFDA-LeaderElection95] INFO  impl.LeaderElection (LeaderElection.java:askForVotes(178)) - 4b287a15-77af-487b-aef7-34d1d0ee189f@group-83C26644CFDA-LeaderElection95: begin an election at term 88 for -1: [4b287a15-77af-487b-aef7-34d1d0ee189f:192.168.34.38:38597, 0aa3649f-570d-46c6-937f-492d7f3a8364:192.168.34.38:33209, 4a03179f-3169-4ac7-a075-259968512ef0:192.168.34.38:45833], old=null
2019-10-16 21:01:28,721 [grpc-default-executor-1] INFO  impl.RaftServerImpl (RaftServerImpl.java:setRole(184)) - 4a03179f-3169-4ac7-a075-259968512ef0@group-83C26644CFDA: changes role from  FOLLOWER to FOLLOWER at term 88 for recognizeCandidate:4b287a15-77af-487b-aef7-34d1d0ee189f
2019-10-16 21:01:28,721 [grpc-default-executor-3] INFO  impl.RaftServerImpl (RaftServerImpl.java:setRole(184)) - 0aa3649f-570d-46c6-937f-492d7f3a8364@group-83C26644CFDA: changes role from  FOLLOWER to FOLLOWER at term 88 for recognizeCandidate:4b287a15-77af-487b-aef7-34d1d0ee189f
2019-10-16 21:01:28,721 [grpc-default-executor-1] INFO  impl.RoleInfo (RoleInfo.java:shutdownFollowerState(121)) - 4a03179f-3169-4ac7-a075-259968512ef0: shutdown FollowerState
2019-10-16 21:01:28,721 [grpc-default-executor-3] INFO  impl.RoleInfo (RoleInfo.java:shutdownFollowerState(121)) - 0aa3649f-570d-46c6-937f-492d7f3a8364: shutdown FollowerState
2019-10-16 21:01:28,721 [Thread-858] INFO  impl.FollowerState (FollowerState.java:run(117)) - 4a03179f-3169-4ac7-a075-259968512ef0@group-83C26644CFDA-FollowerState was interrupted: java.lang.InterruptedException: sleep interrupted
2019-10-16 21:01:28,721 [grpc-default-executor-1] INFO  impl.RoleInfo (RoleInfo.java:updateAndGet(143)) - 4a03179f-3169-4ac7-a075-259968512ef0: start FollowerState
2019-10-16 21:01:28,721 [Thread-857] INFO  impl.FollowerState (FollowerState.java:run(117)) - 0aa3649f-570d-46c6-937f-492d7f3a8364@group-83C26644CFDA-FollowerState was interrupted: java.lang.InterruptedException: sleep interrupted
2019-10-16 21:01:28,721 [grpc-default-executor-3] INFO  impl.RoleInfo (RoleInfo.java:updateAndGet(143)) - 0aa3649f-570d-46c6-937f-492d7f3a8364: start FollowerState
2019-10-16 21:01:28,736 [4b287a15-77af-487b-aef7-34d1d0ee189f@group-83C26644CFDA-LeaderElection95] INFO  impl.LeaderElection (LeaderElection.java:logAndReturn(56)) - 4b287a15-77af-487b-aef7-34d1d0ee189f@group-83C26644CFDA-LeaderElection95: Election REJECTED; received 2 response(s) [4b287a15-77af-487b-aef7-34d1d0ee189f<-0aa3649f-570d-46c6-937f-492d7f3a8364#0:FAIL-t88, 4b287a15-77af-487b-aef7-34d1d0ee189f<-4a03179f-3169-4ac7-a075-259968512ef0#0:FAIL-t88] and 0 exception(s); 4b287a15-77af-487b-aef7-34d1d0ee189f@group-83C26644CFDA:t88, leader=null, voted=4b287a15-77af-487b-aef7-34d1d0ee189f, raftlog=4b287a15-77af-487b-aef7-34d1d0ee189f@group-83C26644CFDA-SegmentedRaftLog:OPENED:c-1,f-1,i0, conf=-1: [4b287a15-77af-487b-aef7-34d1d0ee189f:192.168.34.38:38597, 0aa3649f-570d-46c6-937f-492d7f3a8364:192.168.34.38:33209, 4a03179f-3169-4ac7-a075-259968512ef0:192.168.34.38:45833], old=null
2019-10-16 21:01:28,736 [4b287a15-77af-487b-aef7-34d1d0ee189f@group-83C26644CFDA-LeaderElection95] INFO  impl.RaftServerImpl (RaftServerImpl.java:setRole(184)) - 4b287a15-77af-487b-aef7-34d1d0ee189f@group-83C26644CFDA: changes role from CANDIDATE to FOLLOWER at term 88 for DISCOVERED_A_NEW_TERM
2019-10-16 21:01:28,737 [4b287a15-77af-487b-aef7-34d1d0ee189f@group-83C26644CFDA-LeaderElection95] INFO  impl.RoleInfo (RoleInfo.java:shutdownLeaderElection(134)) - 4b287a15-77af-487b-aef7-34d1d0ee189f: shutdown LeaderElection
2019-10-16 21:01:28,737 [4b287a15-77af-487b-aef7-34d1d0ee189f@group-83C26644CFDA-LeaderElection95] INFO  impl.RoleInfo (RoleInfo.java:updateAndGet(143)) - 4b287a15-77af-487b-aef7-34d1d0ee189f: start FollowerState
2019-10-16 21:01:28,815 [Thread-865] INFO  impl.FollowerState (FollowerState.java:run(108)) - 4b287a15-77af-487b-aef7-34d1d0ee189f@group-83C26644CFDA-FollowerState: change to CANDIDATE, lastRpcTime:78ms, electionTimeout:78ms
2019-10-16 21:01:28,815 [Thread-865] INFO  impl.RoleInfo (RoleInfo.java:shutdownFollowerState(121)) - 4b287a15-77af-487b-aef7-34d1d0ee189f: shutdown FollowerState
2019-10-16 21:01:28,815 [Thread-865] INFO  impl.RaftServerImpl (RaftServerImpl.java:setRole(184)) - 4b287a15-77af-487b-aef7-34d1d0ee189f@group-83C26644CFDA: changes role from  FOLLOWER to CANDIDATE at term 88 for changeToCandidate
2019-10-16 21:01:28,815 [Thread-865] INFO  impl.RoleInfo (RoleInfo.java:updateAndGet(143)) - 4b287a15-77af-487b-aef7-34d1d0ee189f: start LeaderElection
2019-10-16 21:01:28,901 [4b287a15-77af-487b-aef7-34d1d0ee189f@group-83C26644CFDA-LeaderElection96] INFO  impl.LeaderElection (LeaderElection.java:askForVotes(178)) - 4b287a15-77af-487b-aef7-34d1d0ee189f@group-83C26644CFDA-LeaderElection96: begin an election at term 89 for -1: [4b287a15-77af-487b-aef7-34d1d0ee189f:192.168.34.38:38597, 0aa3649f-570d-46c6-937f-492d7f3a8364:192.168.34.38:33209, 4a03179f-3169-4ac7-a075-259968512ef0:192.168.34.38:45833], old=null
2019-10-16 21:01:28,904 [grpc-default-executor-3] INFO  impl.RaftServerImpl (RaftServerImpl.java:setRole(184)) - 4a03179f-3169-4ac7-a075-259968512ef0@group-83C26644CFDA: changes role from  FOLLOWER to FOLLOWER at term 89 for recognizeCandidate:4b287a15-77af-487b-aef7-34d1d0ee189f
2019-10-16 21:01:28,904 [grpc-default-executor-1] INFO  impl.RaftServerImpl (RaftServerImpl.java:setRole(184)) - 0aa3649f-570d-46c6-937f-492d7f3a8364@group-83C26644CFDA: changes role from  FOLLOWER to FOLLOWER at term 89 for recognizeCandidate:4b287a15-77af-487b-aef7-34d1d0ee189f
2019-10-16 21:01:28,904 [grpc-default-executor-3] INFO  impl.RoleInfo (RoleInfo.java:shutdownFollowerState(121)) - 4a03179f-3169-4ac7-a075-259968512ef0: shutdown FollowerState
2019-10-16 21:01:28,904 [grpc-default-executor-1] INFO  impl.RoleInfo (RoleInfo.java:shutdownFollowerState(121)) - 0aa3649f-570d-46c6-937f-492d7f3a8364: shutdown FollowerState
2019-10-16 21:01:28,905 [Thread-863] INFO  impl.FollowerState (FollowerState.java:run(117)) - 4a03179f-3169-4ac7-a075-259968512ef0@group-83C26644CFDA-FollowerState was interrupted: java.lang.InterruptedException: sleep interrupted
2019-10-16 21:01:28,905 [grpc-default-executor-3] INFO  impl.RoleInfo (RoleInfo.java:updateAndGet(143)) - 4a03179f-3169-4ac7-a075-259968512ef0: start FollowerState
2019-10-16 21:01:28,905 [Thread-864] INFO  impl.FollowerState (FollowerState.java:run(117)) - 0aa3649f-570d-46c6-937f-492d7f3a8364@group-83C26644CFDA-FollowerState was interrupted: java.lang.InterruptedException: sleep interrupted
2019-10-16 21:01:28,905 [grpc-default-executor-1] INFO  impl.RoleInfo (RoleInfo.java:updateAndGet(143)) - 0aa3649f-570d-46c6-937f-492d7f3a8364: start FollowerState
2019-10-16 21:01:28,920 [4b287a15-77af-487b-aef7-34d1d0ee189f@group-83C26644CFDA-LeaderElection96] INFO  impl.LeaderElection (LeaderElection.java:logAndReturn(56)) - 4b287a15-77af-487b-aef7-34d1d0ee189f@group-83C26644CFDA-LeaderElection96: Election REJECTED; received 2 response(s) [4b287a15-77af-487b-aef7-34d1d0ee189f<-0aa3649f-570d-46c6-937f-492d7f3a8364#0:FAIL-t89, 4b287a15-77af-487b-aef7-34d1d0ee189f<-4a03179f-3169-4ac7-a075-259968512ef0#0:FAIL-t89] and 0 exception(s); 4b287a15-77af-487b-aef7-34d1d0ee189f@group-83C26644CFDA:t89, leader=null, voted=4b287a15-77af-487b-aef7-34d1d0ee189f, raftlog=4b287a15-77af-487b-aef7-34d1d0ee189f@group-83C26644CFDA-SegmentedRaftLog:OPENED:c-1,f-1,i0, conf=-1: [4b287a15-77af-487b-aef7-34d1d0ee189f:192.168.34.38:38597, 0aa3649f-570d-46c6-937f-492d7f3a8364:192.168.34.38:33209, 4a03179f-3169-4ac7-a075-259968512ef0:192.168.34.38:45833], old=null
2019-10-16 21:01:28,920 [4b287a15-77af-487b-aef7-34d1d0ee189f@group-83C26644CFDA-LeaderElection96] INFO  impl.RaftServerImpl (RaftServerImpl.java:setRole(184)) - 4b287a15-77af-487b-aef7-34d1d0ee189f@group-83C26644CFDA: changes role from CANDIDATE to FOLLOWER at term 89 for DISCOVERED_A_NEW_TERM
2019-10-16 21:01:28,921 [4b287a15-77af-487b-aef7-34d1d0ee189f@group-83C26644CFDA-LeaderElection96] INFO  impl.RoleInfo (RoleInfo.java:shutdownLeaderElection(134)) - 4b287a15-77af-487b-aef7-34d1d0ee189f: shutdown LeaderElection
2019-10-16 21:01:28,921 [4b287a15-77af-487b-aef7-34d1d0ee189f@group-83C26644CFDA-LeaderElection96] INFO  impl.RoleInfo (RoleInfo.java:updateAndGet(143)) - 4b287a15-77af-487b-aef7-34d1d0ee189f: start FollowerState
2019-10-16 21:01:29,113 [Thread-871] INFO  impl.FollowerState (FollowerState.java:run(108)) - 4b287a15-77af-487b-aef7-34d1d0ee189f@group-83C26644CFDA-FollowerState: change to CANDIDATE, lastRpcTime:192ms, electionTimeout:192ms
2019-10-16 21:01:29,113 [Thread-871] INFO  impl.RoleInfo (RoleInfo.java:shutdownFollowerState(121)) - 4b287a15-77af-487b-aef7-34d1d0ee189f: shutdown FollowerState
2019-10-16 21:01:29,113 [Thread-871] INFO  impl.RaftServerImpl (RaftServerImpl.java:setRole(184)) - 4b287a15-77af-487b-aef7-34d1d0ee189f@group-83C26644CFDA: changes role from  FOLLOWER to CANDIDATE at term 89 for changeToCandidate
2019-10-16 21:01:29,113 [Thread-871] INFO  impl.RoleInfo (RoleInfo.java:updateAndGet(143)) - 4b287a15-77af-487b-aef7-34d1d0ee189f: start LeaderElection
2019-10-16 21:01:29,127 [4b287a15-77af-487b-aef7-34d1d0ee189f@group-83C26644CFDA-LeaderElection97] INFO  impl.LeaderElection (LeaderElection.java:askForVotes(178)) - 4b287a15-77af-487b-aef7-34d1d0ee189f@group-83C26644CFDA-LeaderElection97: begin an election at term 90 for -1: [4b287a15-77af-487b-aef7-34d1d0ee189f:192.168.34.38:38597, 0aa3649f-570d-46c6-937f-492d7f3a8364:192.168.34.38:33209, 4a03179f-3169-4ac7-a075-259968512ef0:192.168.34.38:45833], old=null
2019-10-16 21:01:29,130 [grpc-default-executor-3] INFO  impl.RaftServerImpl (RaftServerImpl.java:setRole(184)) - 0aa3649f-570d-46c6-937f-492d7f3a8364@group-83C26644CFDA: changes role from  FOLLOWER to FOLLOWER at term 90 for recognizeCandidate:4b287a15-77af-487b-aef7-34d1d0ee189f
2019-10-16 21:01:29,130 [grpc-default-executor-3] INFO  impl.RoleInfo (RoleInfo.java:shutdownFollowerState(121)) - 0aa3649f-570d-46c6-937f-492d7f3a8364: shutdown FollowerState
2019-10-16 21:01:29,130 [grpc-default-executor-3] INFO  impl.RoleInfo (RoleInfo.java:updateAndGet(143)) - 0aa3649f-570d-46c6-937f-492d7f3a8364: start FollowerState
2019-10-16 21:01:29,130 [grpc-default-executor-1] INFO  impl.RaftServerImpl (RaftServerImpl.java:setRole(184)) - 4a03179f-3169-4ac7-a075-259968512ef0@group-83C26644CFDA: changes role from  FOLLOWER to FOLLOWER at term 90 for recognizeCandidate:4b287a15-77af-487b-aef7-34d1d0ee189f
2019-10-16 21:01:29,130 [grpc-default-executor-1] INFO  impl.RoleInfo (RoleInfo.java:shutdownFollowerState(121)) - 4a03179f-3169-4ac7-a075-259968512ef0: shutdown FollowerState
2019-10-16 21:01:29,130 [Thread-870] INFO  impl.FollowerState (FollowerState.java:run(117)) - 0aa3649f-570d-46c6-937f-492d7f3a8364@group-83C26644CFDA-FollowerState was interrupted: java.lang.InterruptedException: sleep interrupted
2019-10-16 21:01:29,131 [Thread-869] INFO  impl.FollowerState (FollowerState.java:run(117)) - 4a03179f-3169-4ac7-a075-259968512ef0@group-83C26644CFDA-FollowerState was interrupted: java.lang.InterruptedException: sleep interrupted
2019-10-16 21:01:29,130 [grpc-default-executor-1] INFO  impl.RoleInfo (RoleInfo.java:updateAndGet(143)) - 4a03179f-3169-4ac7-a075-259968512ef0: start FollowerState
2019-10-16 21:01:29,144 [4b287a15-77af-487b-aef7-34d1d0ee189f@group-83C26644CFDA-LeaderElection97] INFO  impl.LeaderElection (LeaderElection.java:logAndReturn(56)) - 4b287a15-77af-487b-aef7-34d1d0ee189f@group-83C26644CFDA-LeaderElection97: Election REJECTED; received 2 response(s) [4b287a15-77af-487b-aef7-34d1d0ee189f<-0aa3649f-570d-46c6-937f-492d7f3a8364#0:FAIL-t90, 4b287a15-77af-487b-aef7-34d1d0ee189f<-4a03179f-3169-4ac7-a075-259968512ef0#0:FAIL-t90] and 0 exception(s); 4b287a15-77af-487b-aef7-34d1d0ee189f@group-83C26644CFDA:t90, leader=null, voted=4b287a15-77af-487b-aef7-34d1d0ee189f, raftlog=4b287a15-77af-487b-aef7-34d1d0ee189f@group-83C26644CFDA-SegmentedRaftLog:OPENED:c-1,f-1,i0, conf=-1: [4b287a15-77af-487b-aef7-34d1d0ee189f:192.168.34.38:38597, 0aa3649f-570d-46c6-937f-492d7f3a8364:192.168.34.38:33209, 4a03179f-3169-4ac7-a075-259968512ef0:192.168.34.38:45833], old=null
2019-10-16 21:01:29,144 [4b287a15-77af-487b-aef7-34d1d0ee189f@group-83C26644CFDA-LeaderElection97] INFO  impl.RaftServerImpl (RaftServerImpl.java:setRole(184)) - 4b287a15-77af-487b-aef7-34d1d0ee189f@group-83C26644CFDA: changes role from CANDIDATE to FOLLOWER at term 90 for DISCOVERED_A_NEW_TERM
2019-10-16 21:01:29,144 [4b287a15-77af-487b-aef7-34d1d0ee189f@group-83C26644CFDA-LeaderElection97] INFO  impl.RoleInfo (RoleInfo.java:shutdownLeaderElection(134)) - 4b287a15-77af-487b-aef7-34d1d0ee189f: shutdown LeaderElection
2019-10-16 21:01:29,144 [4b287a15-77af-487b-aef7-34d1d0ee189f@group-83C26644CFDA-LeaderElection97] INFO  impl.RoleInfo (RoleInfo.java:updateAndGet(143)) - 4b287a15-77af-487b-aef7-34d1d0ee189f: start FollowerState
2019-10-16 21:01:29,238 [Thread-877] INFO  impl.FollowerState (FollowerState.java:run(108)) - 4b287a15-77af-487b-aef7-34d1d0ee189f@group-83C26644CFDA-FollowerState: change to CANDIDATE, lastRpcTime:93ms, electionTimeout:93ms
2019-10-16 21:01:29,238 [Thread-877] INFO  impl.RoleInfo (RoleInfo.java:shutdownFollowerState(121)) - 4b287a15-77af-487b-aef7-34d1d0ee189f: shutdown FollowerState
2019-10-16 21:01:29,238 [Thread-877] INFO  impl.RaftServerImpl (RaftServerImpl.java:setRole(184)) - 4b287a15-77af-487b-aef7-34d1d0ee189f@group-83C26644CFDA: changes role from  FOLLOWER to CANDIDATE at term 90 for changeToCandidate
2019-10-16 21:01:29,238 [Thread-877] INFO  impl.RoleInfo (RoleInfo.java:updateAndGet(143)) - 4b287a15-77af-487b-aef7-34d1d0ee189f: start LeaderElection
2019-10-16 21:01:29,253 [4b287a15-77af-487b-aef7-34d1d0ee189f@group-83C26644CFDA-LeaderElection98] INFO  impl.LeaderElection (LeaderElection.java:askForVotes(178)) - 4b287a15-77af-487b-aef7-34d1d0ee189f@group-83C26644CFDA-LeaderElection98: begin an election at term 91 for -1: [4b287a15-77af-487b-aef7-34d1d0ee189f:192.168.34.38:38597, 0aa3649f-570d-46c6-937f-492d7f3a8364:192.168.34.38:33209, 4a03179f-3169-4ac7-a075-259968512ef0:192.168.34.38:45833], old=null
2019-10-16 21:01:29,255 [grpc-default-executor-1] INFO  impl.RaftServerImpl (RaftServerImpl.java:setRole(184)) - 4a03179f-3169-4ac7-a075-259968512ef0@group-83C26644CFDA: changes role from  FOLLOWER to FOLLOWER at term 91 for recognizeCandidate:4b287a15-77af-487b-aef7-34d1d0ee189f
2019-10-16 21:01:29,255 [grpc-default-executor-1] INFO  impl.RoleInfo (RoleInfo.java:shutdownFollowerState(121)) - 4a03179f-3169-4ac7-a075-259968512ef0: shutdown FollowerState
2019-10-16 21:01:29,255 [grpc-default-executor-3] INFO  impl.RaftServerImpl (RaftServerImpl.java:setRole(184)) - 0aa3649f-570d-46c6-937f-492d7f3a8364@group-83C26644CFDA: changes role from  FOLLOWER to FOLLOWER at term 91 for recognizeCandidate:4b287a15-77af-487b-aef7-34d1d0ee189f
2019-10-16 21:01:29,255 [Thread-876] INFO  impl.FollowerState (FollowerState.java:run(117)) - 4a03179f-3169-4ac7-a075-259968512ef0@group-83C26644CFDA-FollowerState was interrupted: java.lang.InterruptedException: sleep interrupted
2019-10-16 21:01:29,255 [grpc-default-executor-1] INFO  impl.RoleInfo (RoleInfo.java:updateAndGet(143)) - 4a03179f-3169-4ac7-a075-259968512ef0: start FollowerState
2019-10-16 21:01:29,255 [grpc-default-executor-3] INFO  impl.RoleInfo (RoleInfo.java:shutdownFollowerState(121)) - 0aa3649f-570d-46c6-937f-492d7f3a8364: shutdown FollowerState
2019-10-16 21:01:29,256 [grpc-default-executor-3] INFO  impl.RoleInfo (RoleInfo.java:updateAndGet(143)) - 0aa3649f-570d-46c6-937f-492d7f3a8364: start FollowerState
2019-10-16 21:01:29,256 [Thread-875] INFO  impl.FollowerState (FollowerState.java:run(117)) - 0aa3649f-570d-46c6-937f-492d7f3a8364@group-83C26644CFDA-FollowerState was interrupted: java.lang.InterruptedException: sleep interrupted
2019-10-16 21:01:29,270 [4b287a15-77af-487b-aef7-34d1d0ee189f@group-83C26644CFDA-LeaderElection98] INFO  impl.LeaderElection (LeaderElection.java:logAndReturn(56)) - 4b287a15-77af-487b-aef7-34d1d0ee189f@group-83C26644CFDA-LeaderElection98: Election REJECTED; received 2 response(s) [4b287a15-77af-487b-aef7-34d1d0ee189f<-0aa3649f-570d-46c6-937f-492d7f3a8364#0:FAIL-t91, 4b287a15-77af-487b-aef7-34d1d0ee189f<-4a03179f-3169-4ac7-a075-259968512ef0#0:FAIL-t91] and 0 exception(s); 4b287a15-77af-487b-aef7-34d1d0ee189f@group-83C26644CFDA:t91, leader=null, voted=4b287a15-77af-487b-aef7-34d1d0ee189f, raftlog=4b287a15-77af-487b-aef7-34d1d0ee189f@group-83C26644CFDA-SegmentedRaftLog:OPENED:c-1,f-1,i0, conf=-1: [4b287a15-77af-487b-aef7-34d1d0ee189f:192.168.34.38:38597, 0aa3649f-570d-46c6-937f-492d7f3a8364:192.168.34.38:33209, 4a03179f-3169-4ac7-a075-259968512ef0:192.168.34.38:45833], old=null
2019-10-16 21:01:29,270 [4b287a15-77af-487b-aef7-34d1d0ee189f@group-83C26644CFDA-LeaderElection98] INFO  impl.RaftServerImpl (RaftServerImpl.java:setRole(184)) - 4b287a15-77af-487b-aef7-34d1d0ee189f@group-83C26644CFDA: changes role from CANDIDATE to FOLLOWER at term 91 for DISCOVERED_A_NEW_TERM
2019-10-16 21:01:29,270 [4b287a15-77af-487b-aef7-34d1d0ee189f@group-83C26644CFDA-LeaderElection98] INFO  impl.RoleInfo (RoleInfo.java:shutdownLeaderElection(134)) - 4b287a15-77af-487b-aef7-34d1d0ee189f: shutdown LeaderElection
2019-10-16 21:01:29,270 [4b287a15-77af-487b-aef7-34d1d0ee189f@group-83C26644CFDA-LeaderElection98] INFO  impl.RoleInfo (RoleInfo.java:updateAndGet(143)) - 4b287a15-77af-487b-aef7-34d1d0ee189f: start FollowerState
2019-10-16 21:01:29,348 [main] INFO  ozone.MiniOzoneClusterImpl (MiniOzoneClusterImpl.java:lambda$waitForClusterToBeReady$2(164)) - Waiting for 1 number of pipelines out of 4, to report a leader.
2019-10-16 21:01:29,438 [Thread-883] INFO  impl.FollowerState (FollowerState.java:run(108)) - 4b287a15-77af-487b-aef7-34d1d0ee189f@group-83C26644CFDA-FollowerState: change to CANDIDATE, lastRpcTime:168ms, electionTimeout:168ms
2019-10-16 21:01:29,439 [Thread-883] INFO  impl.RoleInfo (RoleInfo.java:shutdownFollowerState(121)) - 4b287a15-77af-487b-aef7-34d1d0ee189f: shutdown FollowerState
2019-10-16 21:01:29,439 [Thread-883] INFO  impl.RaftServerImpl (RaftServerImpl.java:setRole(184)) - 4b287a15-77af-487b-aef7-34d1d0ee189f@group-83C26644CFDA: changes role from  FOLLOWER to CANDIDATE at term 91 for changeToCandidate
2019-10-16 21:01:29,439 [Thread-883] INFO  impl.RoleInfo (RoleInfo.java:updateAndGet(143)) - 4b287a15-77af-487b-aef7-34d1d0ee189f: start LeaderElection
2019-10-16 21:01:29,452 [4b287a15-77af-487b-aef7-34d1d0ee189f@group-83C26644CFDA-LeaderElection99] INFO  impl.LeaderElection (LeaderElection.java:askForVotes(178)) - 4b287a15-77af-487b-aef7-34d1d0ee189f@group-83C26644CFDA-LeaderElection99: begin an election at term 92 for -1: [4b287a15-77af-487b-aef7-34d1d0ee189f:192.168.34.38:38597, 0aa3649f-570d-46c6-937f-492d7f3a8364:192.168.34.38:33209, 4a03179f-3169-4ac7-a075-259968512ef0:192.168.34.38:45833], old=null
2019-10-16 21:01:29,455 [grpc-default-executor-3] INFO  impl.RaftServerImpl (RaftServerImpl.java:setRole(184)) - 4a03179f-3169-4ac7-a075-259968512ef0@group-83C26644CFDA: changes role from  FOLLOWER to FOLLOWER at term 92 for recognizeCandidate:4b287a15-77af-487b-aef7-34d1d0ee189f
2019-10-16 21:01:29,455 [grpc-default-executor-3] INFO  impl.RoleInfo (RoleInfo.java:shutdownFollowerState(121)) - 4a03179f-3169-4ac7-a075-259968512ef0: shutdown FollowerState
2019-10-16 21:01:29,455 [grpc-default-executor-1] INFO  impl.RaftServerImpl (RaftServerImpl.java:setRole(184)) - 0aa3649f-570d-46c6-937f-492d7f3a8364@group-83C26644CFDA: changes role from  FOLLOWER to FOLLOWER at term 92 for recognizeCandidate:4b287a15-77af-487b-aef7-34d1d0ee189f
2019-10-16 21:01:29,455 [Thread-881] INFO  impl.FollowerState (FollowerState.java:run(117)) - 4a03179f-3169-4ac7-a075-259968512ef0@group-83C26644CFDA-FollowerState was interrupted: java.lang.InterruptedException: sleep interrupted
2019-10-16 21:01:29,455 [grpc-default-executor-3] INFO  impl.RoleInfo (RoleInfo.java:updateAndGet(143)) - 4a03179f-3169-4ac7-a075-259968512ef0: start FollowerState
2019-10-16 21:01:29,455 [grpc-default-executor-1] INFO  impl.RoleInfo (RoleInfo.java:shutdownFollowerState(121)) - 0aa3649f-570d-46c6-937f-492d7f3a8364: shutdown FollowerState
2019-10-16 21:01:29,455 [grpc-default-executor-1] INFO  impl.RoleInfo (RoleInfo.java:updateAndGet(143)) - 0aa3649f-570d-46c6-937f-492d7f3a8364: start FollowerState
2019-10-16 21:01:29,455 [Thread-882] INFO  impl.FollowerState (FollowerState.java:run(117)) - 0aa3649f-570d-46c6-937f-492d7f3a8364@group-83C26644CFDA-FollowerState was interrupted: java.lang.InterruptedException: sleep interrupted
2019-10-16 21:01:29,469 [4b287a15-77af-487b-aef7-34d1d0ee189f@group-83C26644CFDA-LeaderElection99] INFO  impl.LeaderElection (LeaderElection.java:logAndReturn(56)) - 4b287a15-77af-487b-aef7-34d1d0ee189f@group-83C26644CFDA-LeaderElection99: Election REJECTED; received 2 response(s) [4b287a15-77af-487b-aef7-34d1d0ee189f<-0aa3649f-570d-46c6-937f-492d7f3a8364#0:FAIL-t92, 4b287a15-77af-487b-aef7-34d1d0ee189f<-4a03179f-3169-4ac7-a075-259968512ef0#0:FAIL-t92] and 0 exception(s); 4b287a15-77af-487b-aef7-34d1d0ee189f@group-83C26644CFDA:t92, leader=null, voted=4b287a15-77af-487b-aef7-34d1d0ee189f, raftlog=4b287a15-77af-487b-aef7-34d1d0ee189f@group-83C26644CFDA-SegmentedRaftLog:OPENED:c-1,f-1,i0, conf=-1: [4b287a15-77af-487b-aef7-34d1d0ee189f:192.168.34.38:38597, 0aa3649f-570d-46c6-937f-492d7f3a8364:192.168.34.38:33209, 4a03179f-3169-4ac7-a075-259968512ef0:192.168.34.38:45833], old=null
2019-10-16 21:01:29,469 [4b287a15-77af-487b-aef7-34d1d0ee189f@group-83C26644CFDA-LeaderElection99] INFO  impl.RaftServerImpl (RaftServerImpl.java:setRole(184)) - 4b287a15-77af-487b-aef7-34d1d0ee189f@group-83C26644CFDA: changes role from CANDIDATE to FOLLOWER at term 92 for DISCOVERED_A_NEW_TERM
2019-10-16 21:01:29,469 [4b287a15-77af-487b-aef7-34d1d0ee189f@group-83C26644CFDA-LeaderElection99] INFO  impl.RoleInfo (RoleInfo.java:shutdownLeaderElection(134)) - 4b287a15-77af-487b-aef7-34d1d0ee189f: shutdown LeaderElection
2019-10-16 21:01:29,469 [4b287a15-77af-487b-aef7-34d1d0ee189f@group-83C26644CFDA-LeaderElection99] INFO  impl.RoleInfo (RoleInfo.java:updateAndGet(143)) - 4b287a15-77af-487b-aef7-34d1d0ee189f: start FollowerState
2019-10-16 21:01:29,582 [Thread-889] INFO  impl.FollowerState (FollowerState.java:run(108)) - 4b287a15-77af-487b-aef7-34d1d0ee189f@group-83C26644CFDA-FollowerState: change to CANDIDATE, lastRpcTime:112ms, electionTimeout:112ms
2019-10-16 21:01:29,582 [Thread-889] INFO  impl.RoleInfo (RoleInfo.java:shutdownFollowerState(121)) - 4b287a15-77af-487b-aef7-34d1d0ee189f: shutdown FollowerState
2019-10-16 21:01:29,582 [Thread-889] INFO  impl.RaftServerImpl (RaftServerImpl.java:setRole(184)) - 4b287a15-77af-487b-aef7-34d1d0ee189f@group-83C26644CFDA: changes role from  FOLLOWER to CANDIDATE at term 92 for changeToCandidate
2019-10-16 21:01:29,582 [Thread-889] INFO  impl.RoleInfo (RoleInfo.java:updateAndGet(143)) - 4b287a15-77af-487b-aef7-34d1d0ee189f: start LeaderElection
2019-10-16 21:01:29,588 [4b287a15-77af-487b-aef7-34d1d0ee189f@group-83C26644CFDA-LeaderElection100] INFO  impl.LeaderElection (LeaderElection.java:askForVotes(178)) - 4b287a15-77af-487b-aef7-34d1d0ee189f@group-83C26644CFDA-LeaderElection100: begin an election at term 93 for -1: [4b287a15-77af-487b-aef7-34d1d0ee189f:192.168.34.38:38597, 0aa3649f-570d-46c6-937f-492d7f3a8364:192.168.34.38:33209, 4a03179f-3169-4ac7-a075-259968512ef0:192.168.34.38:45833], old=null
2019-10-16 21:01:29,590 [grpc-default-executor-1] INFO  impl.RaftServerImpl (RaftServerImpl.java:setRole(184)) - 4a03179f-3169-4ac7-a075-259968512ef0@group-83C26644CFDA: changes role from  FOLLOWER to FOLLOWER at term 93 for recognizeCandidate:4b287a15-77af-487b-aef7-34d1d0ee189f
2019-10-16 21:01:29,590 [grpc-default-executor-3] INFO  impl.RaftServerImpl (RaftServerImpl.java:setRole(184)) - 0aa3649f-570d-46c6-937f-492d7f3a8364@group-83C26644CFDA: changes role from  FOLLOWER to FOLLOWER at term 93 for recognizeCandidate:4b287a15-77af-487b-aef7-34d1d0ee189f
2019-10-16 21:01:29,591 [grpc-default-executor-1] INFO  impl.RoleInfo (RoleInfo.java:shutdownFollowerState(121)) - 4a03179f-3169-4ac7-a075-259968512ef0: shutdown FollowerState
2019-10-16 21:01:29,591 [grpc-default-executor-3] INFO  impl.RoleInfo (RoleInfo.java:shutdownFollowerState(121)) - 0aa3649f-570d-46c6-937f-492d7f3a8364: shutdown FollowerState
2019-10-16 21:01:29,591 [grpc-default-executor-1] INFO  impl.RoleInfo (RoleInfo.java:updateAndGet(143)) - 4a03179f-3169-4ac7-a075-259968512ef0: start FollowerState
2019-10-16 21:01:29,591 [Thread-887] INFO  impl.FollowerState (FollowerState.java:run(117)) - 4a03179f-3169-4ac7-a075-259968512ef0@group-83C26644CFDA-FollowerState was interrupted: java.lang.InterruptedException: sleep interrupted
2019-10-16 21:01:29,591 [Thread-888] INFO  impl.FollowerState (FollowerState.java:run(117)) - 0aa3649f-570d-46c6-937f-492d7f3a8364@group-83C26644CFDA-FollowerState was interrupted: java.lang.InterruptedException: sleep interrupted
2019-10-16 21:01:29,591 [grpc-default-executor-3] INFO  impl.RoleInfo (RoleInfo.java:updateAndGet(143)) - 0aa3649f-570d-46c6-937f-492d7f3a8364: start FollowerState
2019-10-16 21:01:29,637 [4b287a15-77af-487b-aef7-34d1d0ee189f@group-83C26644CFDA-LeaderElection100] INFO  impl.LeaderElection (LeaderElection.java:logAndReturn(56)) - 4b287a15-77af-487b-aef7-34d1d0ee189f@group-83C26644CFDA-LeaderElection100: Election REJECTED; received 2 response(s) [4b287a15-77af-487b-aef7-34d1d0ee189f<-0aa3649f-570d-46c6-937f-492d7f3a8364#0:FAIL-t93, 4b287a15-77af-487b-aef7-34d1d0ee189f<-4a03179f-3169-4ac7-a075-259968512ef0#0:FAIL-t93] and 0 exception(s); 4b287a15-77af-487b-aef7-34d1d0ee189f@group-83C26644CFDA:t93, leader=null, voted=4b287a15-77af-487b-aef7-34d1d0ee189f, raftlog=4b287a15-77af-487b-aef7-34d1d0ee189f@group-83C26644CFDA-SegmentedRaftLog:OPENED:c-1,f-1,i0, conf=-1: [4b287a15-77af-487b-aef7-34d1d0ee189f:192.168.34.38:38597, 0aa3649f-570d-46c6-937f-492d7f3a8364:192.168.34.38:33209, 4a03179f-3169-4ac7-a075-259968512ef0:192.168.34.38:45833], old=null
2019-10-16 21:01:29,638 [4b287a15-77af-487b-aef7-34d1d0ee189f@group-83C26644CFDA-LeaderElection100] INFO  impl.RaftServerImpl (RaftServerImpl.java:setRole(184)) - 4b287a15-77af-487b-aef7-34d1d0ee189f@group-83C26644CFDA: changes role from CANDIDATE to FOLLOWER at term 93 for DISCOVERED_A_NEW_TERM
2019-10-16 21:01:29,638 [4b287a15-77af-487b-aef7-34d1d0ee189f@group-83C26644CFDA-LeaderElection100] INFO  impl.RoleInfo (RoleInfo.java:shutdownLeaderElection(134)) - 4b287a15-77af-487b-aef7-34d1d0ee189f: shutdown LeaderElection
2019-10-16 21:01:29,638 [4b287a15-77af-487b-aef7-34d1d0ee189f@group-83C26644CFDA-LeaderElection100] INFO  impl.RoleInfo (RoleInfo.java:updateAndGet(143)) - 4b287a15-77af-487b-aef7-34d1d0ee189f: start FollowerState
2019-10-16 21:01:29,685 [Thread-895] INFO  impl.FollowerState (FollowerState.java:run(108)) - 4b287a15-77af-487b-aef7-34d1d0ee189f@group-83C26644CFDA-FollowerState: change to CANDIDATE, lastRpcTime:47ms, electionTimeout:47ms
2019-10-16 21:01:29,685 [Thread-895] INFO  impl.RoleInfo (RoleInfo.java:shutdownFollowerState(121)) - 4b287a15-77af-487b-aef7-34d1d0ee189f: shutdown FollowerState
2019-10-16 21:01:29,686 [Thread-895] INFO  impl.RaftServerImpl (RaftServerImpl.java:setRole(184)) - 4b287a15-77af-487b-aef7-34d1d0ee189f@group-83C26644CFDA: changes role from  FOLLOWER to CANDIDATE at term 93 for changeToCandidate
2019-10-16 21:01:29,686 [Thread-895] INFO  impl.RoleInfo (RoleInfo.java:updateAndGet(143)) - 4b287a15-77af-487b-aef7-34d1d0ee189f: start LeaderElection
2019-10-16 21:01:29,718 [4b287a15-77af-487b-aef7-34d1d0ee189f@group-83C26644CFDA-LeaderElection101] INFO  impl.LeaderElection (LeaderElection.java:askForVotes(178)) - 4b287a15-77af-487b-aef7-34d1d0ee189f@group-83C26644CFDA-LeaderElection101: begin an election at term 94 for -1: [4b287a15-77af-487b-aef7-34d1d0ee189f:192.168.34.38:38597, 0aa3649f-570d-46c6-937f-492d7f3a8364:192.168.34.38:33209, 4a03179f-3169-4ac7-a075-259968512ef0:192.168.34.38:45833], old=null
2019-10-16 21:01:29,721 [grpc-default-executor-3] INFO  impl.RaftServerImpl (RaftServerImpl.java:setRole(184)) - 4a03179f-3169-4ac7-a075-259968512ef0@group-83C26644CFDA: changes role from  FOLLOWER to FOLLOWER at term 94 for recognizeCandidate:4b287a15-77af-487b-aef7-34d1d0ee189f
2019-10-16 21:01:29,721 [grpc-default-executor-1] INFO  impl.RaftServerImpl (RaftServerImpl.java:setRole(184)) - 0aa3649f-570d-46c6-937f-492d7f3a8364@group-83C26644CFDA: changes role from  FOLLOWER to FOLLOWER at term 94 for recognizeCandidate:4b287a15-77af-487b-aef7-34d1d0ee189f
2019-10-16 21:01:29,722 [grpc-default-executor-1] INFO  impl.RoleInfo (RoleInfo.java:shutdownFollowerState(121)) - 0aa3649f-570d-46c6-937f-492d7f3a8364: shutdown FollowerState
2019-10-16 21:01:29,721 [grpc-default-executor-3] INFO  impl.RoleInfo (RoleInfo.java:shutdownFollowerState(121)) - 4a03179f-3169-4ac7-a075-259968512ef0: shutdown FollowerState
2019-10-16 21:01:29,722 [Thread-894] INFO  impl.FollowerState (FollowerState.java:run(117)) - 0aa3649f-570d-46c6-937f-492d7f3a8364@group-83C26644CFDA-FollowerState was interrupted: java.lang.InterruptedException: sleep interrupted
2019-10-16 21:01:29,722 [grpc-default-executor-1] INFO  impl.RoleInfo (RoleInfo.java:updateAndGet(143)) - 0aa3649f-570d-46c6-937f-492d7f3a8364: start FollowerState
2019-10-16 21:01:29,722 [Thread-893] INFO  impl.FollowerState (FollowerState.java:run(117)) - 4a03179f-3169-4ac7-a075-259968512ef0@group-83C26644CFDA-FollowerState was interrupted: java.lang.InterruptedException: sleep interrupted
2019-10-16 21:01:29,722 [grpc-default-executor-3] INFO  impl.RoleInfo (RoleInfo.java:updateAndGet(143)) - 4a03179f-3169-4ac7-a075-259968512ef0: start FollowerState
2019-10-16 21:01:29,728 [4b287a15-77af-487b-aef7-34d1d0ee189f@group-83C26644CFDA-LeaderElection101] INFO  impl.LeaderElection (LeaderElection.java:logAndReturn(56)) - 4b287a15-77af-487b-aef7-34d1d0ee189f@group-83C26644CFDA-LeaderElection101: Election TIMEOUT; received 0 response(s) [] and 0 exception(s); 4b287a15-77af-487b-aef7-34d1d0ee189f@group-83C26644CFDA:t94, leader=null, voted=4b287a15-77af-487b-aef7-34d1d0ee189f, raftlog=4b287a15-77af-487b-aef7-34d1d0ee189f@group-83C26644CFDA-SegmentedRaftLog:OPENED:c-1,f-1,i0, conf=-1: [4b287a15-77af-487b-aef7-34d1d0ee189f:192.168.34.38:38597, 0aa3649f-570d-46c6-937f-492d7f3a8364:192.168.34.38:33209, 4a03179f-3169-4ac7-a075-259968512ef0:192.168.34.38:45833], old=null
2019-10-16 21:01:29,734 [4b287a15-77af-487b-aef7-34d1d0ee189f@group-83C26644CFDA-LeaderElection101] INFO  impl.LeaderElection (LeaderElection.java:askForVotes(178)) - 4b287a15-77af-487b-aef7-34d1d0ee189f@group-83C26644CFDA-LeaderElection101: begin an election at term 95 for -1: [4b287a15-77af-487b-aef7-34d1d0ee189f:192.168.34.38:38597, 0aa3649f-570d-46c6-937f-492d7f3a8364:192.168.34.38:33209, 4a03179f-3169-4ac7-a075-259968512ef0:192.168.34.38:45833], old=null
2019-10-16 21:01:29,736 [grpc-default-executor-3] INFO  impl.RaftServerImpl (RaftServerImpl.java:setRole(184)) - 4a03179f-3169-4ac7-a075-259968512ef0@group-83C26644CFDA: changes role from  FOLLOWER to FOLLOWER at term 95 for recognizeCandidate:4b287a15-77af-487b-aef7-34d1d0ee189f
2019-10-16 21:01:29,736 [grpc-default-executor-1] INFO  impl.RaftServerImpl (RaftServerImpl.java:setRole(184)) - 0aa3649f-570d-46c6-937f-492d7f3a8364@group-83C26644CFDA: changes role from  FOLLOWER to FOLLOWER at term 95 for recognizeCandidate:4b287a15-77af-487b-aef7-34d1d0ee189f
2019-10-16 21:01:29,736 [grpc-default-executor-3] INFO  impl.RoleInfo (RoleInfo.java:shutdownFollowerState(121)) - 4a03179f-3169-4ac7-a075-259968512ef0: shutdown FollowerState
2019-10-16 21:01:29,736 [grpc-default-executor-1] INFO  impl.RoleInfo (RoleInfo.java:shutdownFollowerState(121)) - 0aa3649f-570d-46c6-937f-492d7f3a8364: shutdown FollowerState
2019-10-16 21:01:29,736 [Thread-900] INFO  impl.FollowerState (FollowerState.java:run(117)) - 4a03179f-3169-4ac7-a075-259968512ef0@group-83C26644CFDA-FollowerState was interrupted: java.lang.InterruptedException: sleep interrupted
2019-10-16 21:01:29,736 [grpc-default-executor-3] INFO  impl.RoleInfo (RoleInfo.java:updateAndGet(143)) - 4a03179f-3169-4ac7-a075-259968512ef0: start FollowerState
2019-10-16 21:01:29,736 [Thread-899] INFO  impl.FollowerState (FollowerState.java:run(117)) - 0aa3649f-570d-46c6-937f-492d7f3a8364@group-83C26644CFDA-FollowerState was interrupted: java.lang.InterruptedException: sleep interrupted
2019-10-16 21:01:29,736 [grpc-default-executor-1] INFO  impl.RoleInfo (RoleInfo.java:updateAndGet(143)) - 0aa3649f-570d-46c6-937f-492d7f3a8364: start FollowerState
2019-10-16 21:01:29,751 [4b287a15-77af-487b-aef7-34d1d0ee189f@group-83C26644CFDA-LeaderElection101] INFO  impl.LeaderElection (LeaderElection.java:logAndReturn(56)) - 4b287a15-77af-487b-aef7-34d1d0ee189f@group-83C26644CFDA-LeaderElection101: Election REJECTED; received 2 response(s) [4b287a15-77af-487b-aef7-34d1d0ee189f<-0aa3649f-570d-46c6-937f-492d7f3a8364#0:FAIL-t95, 4b287a15-77af-487b-aef7-34d1d0ee189f<-4a03179f-3169-4ac7-a075-259968512ef0#0:FAIL-t95] and 0 exception(s); 4b287a15-77af-487b-aef7-34d1d0ee189f@group-83C26644CFDA:t95, leader=null, voted=4b287a15-77af-487b-aef7-34d1d0ee189f, raftlog=4b287a15-77af-487b-aef7-34d1d0ee189f@group-83C26644CFDA-SegmentedRaftLog:OPENED:c-1,f-1,i0, conf=-1: [4b287a15-77af-487b-aef7-34d1d0ee189f:192.168.34.38:38597, 0aa3649f-570d-46c6-937f-492d7f3a8364:192.168.34.38:33209, 4a03179f-3169-4ac7-a075-259968512ef0:192.168.34.38:45833], old=null
2019-10-16 21:01:29,751 [4b287a15-77af-487b-aef7-34d1d0ee189f@group-83C26644CFDA-LeaderElection101] INFO  impl.RaftServerImpl (RaftServerImpl.java:setRole(184)) - 4b287a15-77af-487b-aef7-34d1d0ee189f@group-83C26644CFDA: changes role from CANDIDATE to FOLLOWER at term 95 for DISCOVERED_A_NEW_TERM
2019-10-16 21:01:29,751 [4b287a15-77af-487b-aef7-34d1d0ee189f@group-83C26644CFDA-LeaderElection101] INFO  impl.RoleInfo (RoleInfo.java:shutdownLeaderElection(134)) - 4b287a15-77af-487b-aef7-34d1d0ee189f: shutdown LeaderElection
2019-10-16 21:01:29,751 [4b287a15-77af-487b-aef7-34d1d0ee189f@group-83C26644CFDA-LeaderElection101] INFO  impl.RoleInfo (RoleInfo.java:updateAndGet(143)) - 4b287a15-77af-487b-aef7-34d1d0ee189f: start FollowerState
2019-10-16 21:01:29,895 [Thread-905] INFO  impl.FollowerState (FollowerState.java:run(108)) - 4b287a15-77af-487b-aef7-34d1d0ee189f@group-83C26644CFDA-FollowerState: change to CANDIDATE, lastRpcTime:143ms, electionTimeout:143ms
2019-10-16 21:01:29,895 [Thread-905] INFO  impl.RoleInfo (RoleInfo.java:shutdownFollowerState(121)) - 4b287a15-77af-487b-aef7-34d1d0ee189f: shutdown FollowerState
2019-10-16 21:01:29,895 [Thread-905] INFO  impl.RaftServerImpl (RaftServerImpl.java:setRole(184)) - 4b287a15-77af-487b-aef7-34d1d0ee189f@group-83C26644CFDA: changes role from  FOLLOWER to CANDIDATE at term 95 for changeToCandidate
2019-10-16 21:01:29,895 [Thread-905] INFO  impl.RoleInfo (RoleInfo.java:updateAndGet(143)) - 4b287a15-77af-487b-aef7-34d1d0ee189f: start LeaderElection
2019-10-16 21:01:29,901 [4b287a15-77af-487b-aef7-34d1d0ee189f@group-83C26644CFDA-LeaderElection102] INFO  impl.LeaderElection (LeaderElection.java:askForVotes(178)) - 4b287a15-77af-487b-aef7-34d1d0ee189f@group-83C26644CFDA-LeaderElection102: begin an election at term 96 for -1: [4b287a15-77af-487b-aef7-34d1d0ee189f:192.168.34.38:38597, 0aa3649f-570d-46c6-937f-492d7f3a8364:192.168.34.38:33209, 4a03179f-3169-4ac7-a075-259968512ef0:192.168.34.38:45833], old=null
2019-10-16 21:01:29,904 [grpc-default-executor-1] INFO  impl.RaftServerImpl (RaftServerImpl.java:setRole(184)) - 0aa3649f-570d-46c6-937f-492d7f3a8364@group-83C26644CFDA: changes role from  FOLLOWER to FOLLOWER at term 96 for recognizeCandidate:4b287a15-77af-487b-aef7-34d1d0ee189f
2019-10-16 21:01:29,904 [grpc-default-executor-3] INFO  impl.RaftServerImpl (RaftServerImpl.java:setRole(184)) - 4a03179f-3169-4ac7-a075-259968512ef0@group-83C26644CFDA: changes role from  FOLLOWER to FOLLOWER at term 96 for recognizeCandidate:4b287a15-77af-487b-aef7-34d1d0ee189f
2019-10-16 21:01:29,904 [grpc-default-executor-1] INFO  impl.RoleInfo (RoleInfo.java:shutdownFollowerState(121)) - 0aa3649f-570d-46c6-937f-492d7f3a8364: shutdown FollowerState
2019-10-16 21:01:29,904 [grpc-default-executor-3] INFO  impl.RoleInfo (RoleInfo.java:shutdownFollowerState(121)) - 4a03179f-3169-4ac7-a075-259968512ef0: shutdown FollowerState
2019-10-16 21:01:29,904 [grpc-default-executor-3] INFO  impl.RoleInfo (RoleInfo.java:updateAndGet(143)) - 4a03179f-3169-4ac7-a075-259968512ef0: start FollowerState
2019-10-16 21:01:29,904 [Thread-903] INFO  impl.FollowerState (FollowerState.java:run(117)) - 4a03179f-3169-4ac7-a075-259968512ef0@group-83C26644CFDA-FollowerState was interrupted: java.lang.InterruptedException: sleep interrupted
2019-10-16 21:01:29,904 [Thread-904] INFO  impl.FollowerState (FollowerState.java:run(117)) - 0aa3649f-570d-46c6-937f-492d7f3a8364@group-83C26644CFDA-FollowerState was interrupted: java.lang.InterruptedException: sleep interrupted
2019-10-16 21:01:29,904 [grpc-default-executor-1] INFO  impl.RoleInfo (RoleInfo.java:updateAndGet(143)) - 0aa3649f-570d-46c6-937f-492d7f3a8364: start FollowerState
2019-10-16 21:01:29,926 [4b287a15-77af-487b-aef7-34d1d0ee189f@group-83C26644CFDA-LeaderElection102] INFO  impl.LeaderElection (LeaderElection.java:logAndReturn(56)) - 4b287a15-77af-487b-aef7-34d1d0ee189f@group-83C26644CFDA-LeaderElection102: Election REJECTED; received 2 response(s) [4b287a15-77af-487b-aef7-34d1d0ee189f<-0aa3649f-570d-46c6-937f-492d7f3a8364#0:FAIL-t96, 4b287a15-77af-487b-aef7-34d1d0ee189f<-4a03179f-3169-4ac7-a075-259968512ef0#0:FAIL-t96] and 0 exception(s); 4b287a15-77af-487b-aef7-34d1d0ee189f@group-83C26644CFDA:t96, leader=null, voted=4b287a15-77af-487b-aef7-34d1d0ee189f, raftlog=4b287a15-77af-487b-aef7-34d1d0ee189f@group-83C26644CFDA-SegmentedRaftLog:OPENED:c-1,f-1,i0, conf=-1: [4b287a15-77af-487b-aef7-34d1d0ee189f:192.168.34.38:38597, 0aa3649f-570d-46c6-937f-492d7f3a8364:192.168.34.38:33209, 4a03179f-3169-4ac7-a075-259968512ef0:192.168.34.38:45833], old=null
2019-10-16 21:01:29,926 [4b287a15-77af-487b-aef7-34d1d0ee189f@group-83C26644CFDA-LeaderElection102] INFO  impl.RaftServerImpl (RaftServerImpl.java:setRole(184)) - 4b287a15-77af-487b-aef7-34d1d0ee189f@group-83C26644CFDA: changes role from CANDIDATE to FOLLOWER at term 96 for DISCOVERED_A_NEW_TERM
2019-10-16 21:01:29,926 [4b287a15-77af-487b-aef7-34d1d0ee189f@group-83C26644CFDA-LeaderElection102] INFO  impl.RoleInfo (RoleInfo.java:shutdownLeaderElection(134)) - 4b287a15-77af-487b-aef7-34d1d0ee189f: shutdown LeaderElection
2019-10-16 21:01:29,926 [4b287a15-77af-487b-aef7-34d1d0ee189f@group-83C26644CFDA-LeaderElection102] INFO  impl.RoleInfo (RoleInfo.java:updateAndGet(143)) - 4b287a15-77af-487b-aef7-34d1d0ee189f: start FollowerState
2019-10-16 21:01:30,127 [Thread-911] INFO  impl.FollowerState (FollowerState.java:run(108)) - 4b287a15-77af-487b-aef7-34d1d0ee189f@group-83C26644CFDA-FollowerState: change to CANDIDATE, lastRpcTime:200ms, electionTimeout:200ms
2019-10-16 21:01:30,127 [Thread-911] INFO  impl.RoleInfo (RoleInfo.java:shutdownFollowerState(121)) - 4b287a15-77af-487b-aef7-34d1d0ee189f: shutdown FollowerState
2019-10-16 21:01:30,127 [Thread-911] INFO  impl.RaftServerImpl (RaftServerImpl.java:setRole(184)) - 4b287a15-77af-487b-aef7-34d1d0ee189f@group-83C26644CFDA: changes role from  FOLLOWER to CANDIDATE at term 96 for changeToCandidate
2019-10-16 21:01:30,127 [Thread-911] INFO  impl.RoleInfo (RoleInfo.java:updateAndGet(143)) - 4b287a15-77af-487b-aef7-34d1d0ee189f: start LeaderElection
2019-10-16 21:01:30,349 [main] INFO  ozone.MiniOzoneClusterImpl (MiniOzoneClusterImpl.java:lambda$waitForClusterToBeReady$2(164)) - Waiting for 1 number of pipelines out of 4, to report a leader.
2019-10-16 21:01:30,415 [4b287a15-77af-487b-aef7-34d1d0ee189f@group-83C26644CFDA-LeaderElection103] INFO  impl.LeaderElection (LeaderElection.java:askForVotes(178)) - 4b287a15-77af-487b-aef7-34d1d0ee189f@group-83C26644CFDA-LeaderElection103: begin an election at term 97 for -1: [4b287a15-77af-487b-aef7-34d1d0ee189f:192.168.34.38:38597, 0aa3649f-570d-46c6-937f-492d7f3a8364:192.168.34.38:33209, 4a03179f-3169-4ac7-a075-259968512ef0:192.168.34.38:45833], old=null
2019-10-16 21:01:30,418 [grpc-default-executor-1] INFO  impl.RaftServerImpl (RaftServerImpl.java:setRole(184)) - 4a03179f-3169-4ac7-a075-259968512ef0@group-83C26644CFDA: changes role from  FOLLOWER to FOLLOWER at term 97 for recognizeCandidate:4b287a15-77af-487b-aef7-34d1d0ee189f
2019-10-16 21:01:30,418 [grpc-default-executor-3] INFO  impl.RaftServerImpl (RaftServerImpl.java:setRole(184)) - 0aa3649f-570d-46c6-937f-492d7f3a8364@group-83C26644CFDA: changes role from  FOLLOWER to FOLLOWER at term 97 for recognizeCandidate:4b287a15-77af-487b-aef7-34d1d0ee189f
2019-10-16 21:01:30,418 [grpc-default-executor-1] INFO  impl.RoleInfo (RoleInfo.java:shutdownFollowerState(121)) - 4a03179f-3169-4ac7-a075-259968512ef0: shutdown FollowerState
2019-10-16 21:01:30,418 [grpc-default-executor-3] INFO  impl.RoleInfo (RoleInfo.java:shutdownFollowerState(121)) - 0aa3649f-570d-46c6-937f-492d7f3a8364: shutdown FollowerState
2019-10-16 21:01:30,418 [Thread-910] INFO  impl.FollowerState (FollowerState.java:run(117)) - 4a03179f-3169-4ac7-a075-259968512ef0@group-83C26644CFDA-FollowerState was interrupted: java.lang.InterruptedException: sleep interrupted
2019-10-16 21:01:30,418 [grpc-default-executor-1] INFO  impl.RoleInfo (RoleInfo.java:updateAndGet(143)) - 4a03179f-3169-4ac7-a075-259968512ef0: start FollowerState
2019-10-16 21:01:30,418 [grpc-default-executor-3] INFO  impl.RoleInfo (RoleInfo.java:updateAndGet(143)) - 0aa3649f-570d-46c6-937f-492d7f3a8364: start FollowerState
2019-10-16 21:01:30,418 [Thread-909] INFO  impl.FollowerState (FollowerState.java:run(117)) - 0aa3649f-570d-46c6-937f-492d7f3a8364@group-83C26644CFDA-FollowerState was interrupted: java.lang.InterruptedException: sleep interrupted
2019-10-16 21:01:30,439 [4b287a15-77af-487b-aef7-34d1d0ee189f@group-83C26644CFDA-LeaderElection103] INFO  impl.LeaderElection (LeaderElection.java:logAndReturn(56)) - 4b287a15-77af-487b-aef7-34d1d0ee189f@group-83C26644CFDA-LeaderElection103: Election REJECTED; received 2 response(s) [4b287a15-77af-487b-aef7-34d1d0ee189f<-0aa3649f-570d-46c6-937f-492d7f3a8364#0:FAIL-t97, 4b287a15-77af-487b-aef7-34d1d0ee189f<-4a03179f-3169-4ac7-a075-259968512ef0#0:FAIL-t97] and 0 exception(s); 4b287a15-77af-487b-aef7-34d1d0ee189f@group-83C26644CFDA:t97, leader=null, voted=4b287a15-77af-487b-aef7-34d1d0ee189f, raftlog=4b287a15-77af-487b-aef7-34d1d0ee189f@group-83C26644CFDA-SegmentedRaftLog:OPENED:c-1,f-1,i0, conf=-1: [4b287a15-77af-487b-aef7-34d1d0ee189f:192.168.34.38:38597, 0aa3649f-570d-46c6-937f-492d7f3a8364:192.168.34.38:33209, 4a03179f-3169-4ac7-a075-259968512ef0:192.168.34.38:45833], old=null
2019-10-16 21:01:30,439 [4b287a15-77af-487b-aef7-34d1d0ee189f@group-83C26644CFDA-LeaderElection103] INFO  impl.RaftServerImpl (RaftServerImpl.java:setRole(184)) - 4b287a15-77af-487b-aef7-34d1d0ee189f@group-83C26644CFDA: changes role from CANDIDATE to FOLLOWER at term 97 for DISCOVERED_A_NEW_TERM
2019-10-16 21:01:30,439 [4b287a15-77af-487b-aef7-34d1d0ee189f@group-83C26644CFDA-LeaderElection103] INFO  impl.RoleInfo (RoleInfo.java:shutdownLeaderElection(134)) - 4b287a15-77af-487b-aef7-34d1d0ee189f: shutdown LeaderElection
2019-10-16 21:01:30,439 [4b287a15-77af-487b-aef7-34d1d0ee189f@group-83C26644CFDA-LeaderElection103] INFO  impl.RoleInfo (RoleInfo.java:updateAndGet(143)) - 4b287a15-77af-487b-aef7-34d1d0ee189f: start FollowerState
2019-10-16 21:01:30,512 [Thread-917] INFO  impl.FollowerState (FollowerState.java:run(108)) - 4b287a15-77af-487b-aef7-34d1d0ee189f@group-83C26644CFDA-FollowerState: change to CANDIDATE, lastRpcTime:72ms, electionTimeout:72ms
2019-10-16 21:01:30,512 [Thread-917] INFO  impl.RoleInfo (RoleInfo.java:shutdownFollowerState(121)) - 4b287a15-77af-487b-aef7-34d1d0ee189f: shutdown FollowerState
2019-10-16 21:01:30,512 [Thread-917] INFO  impl.RaftServerImpl (RaftServerImpl.java:setRole(184)) - 4b287a15-77af-487b-aef7-34d1d0ee189f@group-83C26644CFDA: changes role from  FOLLOWER to CANDIDATE at term 97 for changeToCandidate
2019-10-16 21:01:30,512 [Thread-917] INFO  impl.RoleInfo (RoleInfo.java:updateAndGet(143)) - 4b287a15-77af-487b-aef7-34d1d0ee189f: start LeaderElection
2019-10-16 21:01:30,530 [4b287a15-77af-487b-aef7-34d1d0ee189f@group-83C26644CFDA-LeaderElection104] INFO  impl.LeaderElection (LeaderElection.java:askForVotes(178)) - 4b287a15-77af-487b-aef7-34d1d0ee189f@group-83C26644CFDA-LeaderElection104: begin an election at term 98 for -1: [4b287a15-77af-487b-aef7-34d1d0ee189f:192.168.34.38:38597, 0aa3649f-570d-46c6-937f-492d7f3a8364:192.168.34.38:33209, 4a03179f-3169-4ac7-a075-259968512ef0:192.168.34.38:45833], old=null
2019-10-16 21:01:30,532 [grpc-default-executor-3] INFO  impl.RaftServerImpl (RaftServerImpl.java:setRole(184)) - 0aa3649f-570d-46c6-937f-492d7f3a8364@group-83C26644CFDA: changes role from  FOLLOWER to FOLLOWER at term 98 for recognizeCandidate:4b287a15-77af-487b-aef7-34d1d0ee189f
2019-10-16 21:01:30,533 [grpc-default-executor-3] INFO  impl.RoleInfo (RoleInfo.java:shutdownFollowerState(121)) - 0aa3649f-570d-46c6-937f-492d7f3a8364: shutdown FollowerState
2019-10-16 21:01:30,532 [grpc-default-executor-1] INFO  impl.RaftServerImpl (RaftServerImpl.java:setRole(184)) - 4a03179f-3169-4ac7-a075-259968512ef0@group-83C26644CFDA: changes role from  FOLLOWER to FOLLOWER at term 98 for recognizeCandidate:4b287a15-77af-487b-aef7-34d1d0ee189f
2019-10-16 21:01:30,533 [Thread-916] INFO  impl.FollowerState (FollowerState.java:run(117)) - 0aa3649f-570d-46c6-937f-492d7f3a8364@group-83C26644CFDA-FollowerState was interrupted: java.lang.InterruptedException: sleep interrupted
2019-10-16 21:01:30,533 [grpc-default-executor-3] INFO  impl.RoleInfo (RoleInfo.java:updateAndGet(143)) - 0aa3649f-570d-46c6-937f-492d7f3a8364: start FollowerState
2019-10-16 21:01:30,533 [grpc-default-executor-1] INFO  impl.RoleInfo (RoleInfo.java:shutdownFollowerState(121)) - 4a03179f-3169-4ac7-a075-259968512ef0: shutdown FollowerState
2019-10-16 21:01:30,533 [grpc-default-executor-1] INFO  impl.RoleInfo (RoleInfo.java:updateAndGet(143)) - 4a03179f-3169-4ac7-a075-259968512ef0: start FollowerState
2019-10-16 21:01:30,533 [Thread-915] INFO  impl.FollowerState (FollowerState.java:run(117)) - 4a03179f-3169-4ac7-a075-259968512ef0@group-83C26644CFDA-FollowerState was interrupted: java.lang.InterruptedException: sleep interrupted
2019-10-16 21:01:30,542 [4b287a15-77af-487b-aef7-34d1d0ee189f@group-83C26644CFDA-LeaderElection104] INFO  impl.LeaderElection (LeaderElection.java:logAndReturn(56)) - 4b287a15-77af-487b-aef7-34d1d0ee189f@group-83C26644CFDA-LeaderElection104: Election REJECTED; received 2 response(s) [4b287a15-77af-487b-aef7-34d1d0ee189f<-0aa3649f-570d-46c6-937f-492d7f3a8364#0:FAIL-t98, 4b287a15-77af-487b-aef7-34d1d0ee189f<-4a03179f-3169-4ac7-a075-259968512ef0#0:FAIL-t98] and 0 exception(s); 4b287a15-77af-487b-aef7-34d1d0ee189f@group-83C26644CFDA:t98, leader=null, voted=4b287a15-77af-487b-aef7-34d1d0ee189f, raftlog=4b287a15-77af-487b-aef7-34d1d0ee189f@group-83C26644CFDA-SegmentedRaftLog:OPENED:c-1,f-1,i0, conf=-1: [4b287a15-77af-487b-aef7-34d1d0ee189f:192.168.34.38:38597, 0aa3649f-570d-46c6-937f-492d7f3a8364:192.168.34.38:33209, 4a03179f-3169-4ac7-a075-259968512ef0:192.168.34.38:45833], old=null
2019-10-16 21:01:30,542 [4b287a15-77af-487b-aef7-34d1d0ee189f@group-83C26644CFDA-LeaderElection104] INFO  impl.RaftServerImpl (RaftServerImpl.java:setRole(184)) - 4b287a15-77af-487b-aef7-34d1d0ee189f@group-83C26644CFDA: changes role from CANDIDATE to FOLLOWER at term 98 for DISCOVERED_A_NEW_TERM
2019-10-16 21:01:30,542 [4b287a15-77af-487b-aef7-34d1d0ee189f@group-83C26644CFDA-LeaderElection104] INFO  impl.RoleInfo (RoleInfo.java:shutdownLeaderElection(134)) - 4b287a15-77af-487b-aef7-34d1d0ee189f: shutdown LeaderElection
2019-10-16 21:01:30,542 [4b287a15-77af-487b-aef7-34d1d0ee189f@group-83C26644CFDA-LeaderElection104] INFO  impl.RoleInfo (RoleInfo.java:updateAndGet(143)) - 4b287a15-77af-487b-aef7-34d1d0ee189f: start FollowerState
2019-10-16 21:01:30,639 [Thread-923] INFO  impl.FollowerState (FollowerState.java:run(108)) - 4b287a15-77af-487b-aef7-34d1d0ee189f@group-83C26644CFDA-FollowerState: change to CANDIDATE, lastRpcTime:96ms, electionTimeout:96ms
2019-10-16 21:01:30,639 [Thread-923] INFO  impl.RoleInfo (RoleInfo.java:shutdownFollowerState(121)) - 4b287a15-77af-487b-aef7-34d1d0ee189f: shutdown FollowerState
2019-10-16 21:01:30,639 [Thread-923] INFO  impl.RaftServerImpl (RaftServerImpl.java:setRole(184)) - 4b287a15-77af-487b-aef7-34d1d0ee189f@group-83C26644CFDA: changes role from  FOLLOWER to CANDIDATE at term 98 for changeToCandidate
2019-10-16 21:01:30,639 [Thread-923] INFO  impl.RoleInfo (RoleInfo.java:updateAndGet(143)) - 4b287a15-77af-487b-aef7-34d1d0ee189f: start LeaderElection
2019-10-16 21:01:30,646 [4b287a15-77af-487b-aef7-34d1d0ee189f@group-83C26644CFDA-LeaderElection105] INFO  impl.LeaderElection (LeaderElection.java:askForVotes(178)) - 4b287a15-77af-487b-aef7-34d1d0ee189f@group-83C26644CFDA-LeaderElection105: begin an election at term 99 for -1: [4b287a15-77af-487b-aef7-34d1d0ee189f:192.168.34.38:38597, 0aa3649f-570d-46c6-937f-492d7f3a8364:192.168.34.38:33209, 4a03179f-3169-4ac7-a075-259968512ef0:192.168.34.38:45833], old=null
2019-10-16 21:01:30,649 [grpc-default-executor-1] INFO  impl.RaftServerImpl (RaftServerImpl.java:setRole(184)) - 4a03179f-3169-4ac7-a075-259968512ef0@group-83C26644CFDA: changes role from  FOLLOWER to FOLLOWER at term 99 for recognizeCandidate:4b287a15-77af-487b-aef7-34d1d0ee189f
2019-10-16 21:01:30,649 [grpc-default-executor-3] INFO  impl.RaftServerImpl (RaftServerImpl.java:setRole(184)) - 0aa3649f-570d-46c6-937f-492d7f3a8364@group-83C26644CFDA: changes role from  FOLLOWER to FOLLOWER at term 99 for recognizeCandidate:4b287a15-77af-487b-aef7-34d1d0ee189f
2019-10-16 21:01:30,650 [grpc-default-executor-3] INFO  impl.RoleInfo (RoleInfo.java:shutdownFollowerState(121)) - 0aa3649f-570d-46c6-937f-492d7f3a8364: shutdown FollowerState
2019-10-16 21:01:30,650 [grpc-default-executor-1] INFO  impl.RoleInfo (RoleInfo.java:shutdownFollowerState(121)) - 4a03179f-3169-4ac7-a075-259968512ef0: shutdown FollowerState
2019-10-16 21:01:30,650 [Thread-921] INFO  impl.FollowerState (FollowerState.java:run(117)) - 0aa3649f-570d-46c6-937f-492d7f3a8364@group-83C26644CFDA-FollowerState was interrupted: java.lang.InterruptedException: sleep interrupted
2019-10-16 21:01:30,650 [grpc-default-executor-3] INFO  impl.RoleInfo (RoleInfo.java:updateAndGet(143)) - 0aa3649f-570d-46c6-937f-492d7f3a8364: start FollowerState
2019-10-16 21:01:30,650 [grpc-default-executor-1] INFO  impl.RoleInfo (RoleInfo.java:updateAndGet(143)) - 4a03179f-3169-4ac7-a075-259968512ef0: start FollowerState
2019-10-16 21:01:30,650 [Thread-922] INFO  impl.FollowerState (FollowerState.java:run(117)) - 4a03179f-3169-4ac7-a075-259968512ef0@group-83C26644CFDA-FollowerState was interrupted: java.lang.InterruptedException: sleep interrupted
2019-10-16 21:01:30,667 [4b287a15-77af-487b-aef7-34d1d0ee189f@group-83C26644CFDA-LeaderElection105] INFO  impl.LeaderElection (LeaderElection.java:logAndReturn(56)) - 4b287a15-77af-487b-aef7-34d1d0ee189f@group-83C26644CFDA-LeaderElection105: Election REJECTED; received 2 response(s) [4b287a15-77af-487b-aef7-34d1d0ee189f<-0aa3649f-570d-46c6-937f-492d7f3a8364#0:FAIL-t99, 4b287a15-77af-487b-aef7-34d1d0ee189f<-4a03179f-3169-4ac7-a075-259968512ef0#0:FAIL-t99] and 0 exception(s); 4b287a15-77af-487b-aef7-34d1d0ee189f@group-83C26644CFDA:t99, leader=null, voted=4b287a15-77af-487b-aef7-34d1d0ee189f, raftlog=4b287a15-77af-487b-aef7-34d1d0ee189f@group-83C26644CFDA-SegmentedRaftLog:OPENED:c-1,f-1,i0, conf=-1: [4b287a15-77af-487b-aef7-34d1d0ee189f:192.168.34.38:38597, 0aa3649f-570d-46c6-937f-492d7f3a8364:192.168.34.38:33209, 4a03179f-3169-4ac7-a075-259968512ef0:192.168.34.38:45833], old=null
2019-10-16 21:01:30,667 [4b287a15-77af-487b-aef7-34d1d0ee189f@group-83C26644CFDA-LeaderElection105] INFO  impl.RaftServerImpl (RaftServerImpl.java:setRole(184)) - 4b287a15-77af-487b-aef7-34d1d0ee189f@group-83C26644CFDA: changes role from CANDIDATE to FOLLOWER at term 99 for DISCOVERED_A_NEW_TERM
2019-10-16 21:01:30,667 [4b287a15-77af-487b-aef7-34d1d0ee189f@group-83C26644CFDA-LeaderElection105] INFO  impl.RoleInfo (RoleInfo.java:shutdownLeaderElection(134)) - 4b287a15-77af-487b-aef7-34d1d0ee189f: shutdown LeaderElection
2019-10-16 21:01:30,667 [4b287a15-77af-487b-aef7-34d1d0ee189f@group-83C26644CFDA-LeaderElection105] INFO  impl.RoleInfo (RoleInfo.java:updateAndGet(143)) - 4b287a15-77af-487b-aef7-34d1d0ee189f: start FollowerState
2019-10-16 21:01:30,819 [Thread-929] INFO  impl.FollowerState (FollowerState.java:run(108)) - 4b287a15-77af-487b-aef7-34d1d0ee189f@group-83C26644CFDA-FollowerState: change to CANDIDATE, lastRpcTime:151ms, electionTimeout:151ms
2019-10-16 21:01:30,819 [Thread-929] INFO  impl.RoleInfo (RoleInfo.java:shutdownFollowerState(121)) - 4b287a15-77af-487b-aef7-34d1d0ee189f: shutdown FollowerState
2019-10-16 21:01:30,819 [Thread-929] INFO  impl.RaftServerImpl (RaftServerImpl.java:setRole(184)) - 4b287a15-77af-487b-aef7-34d1d0ee189f@group-83C26644CFDA: changes role from  FOLLOWER to CANDIDATE at term 99 for changeToCandidate
2019-10-16 21:01:30,819 [Thread-929] INFO  impl.RoleInfo (RoleInfo.java:updateAndGet(143)) - 4b287a15-77af-487b-aef7-34d1d0ee189f: start LeaderElection
2019-10-16 21:01:30,826 [4b287a15-77af-487b-aef7-34d1d0ee189f@group-83C26644CFDA-LeaderElection106] INFO  impl.LeaderElection (LeaderElection.java:askForVotes(178)) - 4b287a15-77af-487b-aef7-34d1d0ee189f@group-83C26644CFDA-LeaderElection106: begin an election at term 100 for -1: [4b287a15-77af-487b-aef7-34d1d0ee189f:192.168.34.38:38597, 0aa3649f-570d-46c6-937f-492d7f3a8364:192.168.34.38:33209, 4a03179f-3169-4ac7-a075-259968512ef0:192.168.34.38:45833], old=null
2019-10-16 21:01:30,829 [grpc-default-executor-1] INFO  impl.RaftServerImpl (RaftServerImpl.java:setRole(184)) - 4a03179f-3169-4ac7-a075-259968512ef0@group-83C26644CFDA: changes role from  FOLLOWER to FOLLOWER at term 100 for recognizeCandidate:4b287a15-77af-487b-aef7-34d1d0ee189f
2019-10-16 21:01:30,829 [grpc-default-executor-3] INFO  impl.RaftServerImpl (RaftServerImpl.java:setRole(184)) - 0aa3649f-570d-46c6-937f-492d7f3a8364@group-83C26644CFDA: changes role from  FOLLOWER to FOLLOWER at term 100 for recognizeCandidate:4b287a15-77af-487b-aef7-34d1d0ee189f
2019-10-16 21:01:30,829 [grpc-default-executor-1] INFO  impl.RoleInfo (RoleInfo.java:shutdownFollowerState(121)) - 4a03179f-3169-4ac7-a075-259968512ef0: shutdown FollowerState
2019-10-16 21:01:30,829 [grpc-default-executor-3] INFO  impl.RoleInfo (RoleInfo.java:shutdownFollowerState(121)) - 0aa3649f-570d-46c6-937f-492d7f3a8364: shutdown FollowerState
2019-10-16 21:01:30,830 [Thread-928] INFO  impl.FollowerState (FollowerState.java:run(117)) - 4a03179f-3169-4ac7-a075-259968512ef0@group-83C26644CFDA-FollowerState was interrupted: java.lang.InterruptedException: sleep interrupted
2019-10-16 21:01:30,830 [Thread-927] INFO  impl.FollowerState (FollowerState.java:run(117)) - 0aa3649f-570d-46c6-937f-492d7f3a8364@group-83C26644CFDA-FollowerState was interrupted: java.lang.InterruptedException: sleep interrupted
2019-10-16 21:01:30,830 [grpc-default-executor-1] INFO  impl.RoleInfo (RoleInfo.java:updateAndGet(143)) - 4a03179f-3169-4ac7-a075-259968512ef0: start FollowerState
2019-10-16 21:01:30,830 [grpc-default-executor-3] INFO  impl.RoleInfo (RoleInfo.java:updateAndGet(143)) - 0aa3649f-570d-46c6-937f-492d7f3a8364: start FollowerState
2019-10-16 21:01:30,849 [4b287a15-77af-487b-aef7-34d1d0ee189f@group-83C26644CFDA-LeaderElection106] INFO  impl.LeaderElection (LeaderElection.java:logAndReturn(56)) - 4b287a15-77af-487b-aef7-34d1d0ee189f@group-83C26644CFDA-LeaderElection106: Election REJECTED; received 2 response(s) [4b287a15-77af-487b-aef7-34d1d0ee189f<-0aa3649f-570d-46c6-937f-492d7f3a8364#0:FAIL-t100, 4b287a15-77af-487b-aef7-34d1d0ee189f<-4a03179f-3169-4ac7-a075-259968512ef0#0:FAIL-t100] and 0 exception(s); 4b287a15-77af-487b-aef7-34d1d0ee189f@group-83C26644CFDA:t100, leader=null, voted=4b287a15-77af-487b-aef7-34d1d0ee189f, raftlog=4b287a15-77af-487b-aef7-34d1d0ee189f@group-83C26644CFDA-SegmentedRaftLog:OPENED:c-1,f-1,i0, conf=-1: [4b287a15-77af-487b-aef7-34d1d0ee189f:192.168.34.38:38597, 0aa3649f-570d-46c6-937f-492d7f3a8364:192.168.34.38:33209, 4a03179f-3169-4ac7-a075-259968512ef0:192.168.34.38:45833], old=null
2019-10-16 21:01:30,849 [4b287a15-77af-487b-aef7-34d1d0ee189f@group-83C26644CFDA-LeaderElection106] INFO  impl.RaftServerImpl (RaftServerImpl.java:setRole(184)) - 4b287a15-77af-487b-aef7-34d1d0ee189f@group-83C26644CFDA: changes role from CANDIDATE to FOLLOWER at term 100 for DISCOVERED_A_NEW_TERM
2019-10-16 21:01:30,849 [4b287a15-77af-487b-aef7-34d1d0ee189f@group-83C26644CFDA-LeaderElection106] INFO  impl.RoleInfo (RoleInfo.java:shutdownLeaderElection(134)) - 4b287a15-77af-487b-aef7-34d1d0ee189f: shutdown LeaderElection
2019-10-16 21:01:30,849 [4b287a15-77af-487b-aef7-34d1d0ee189f@group-83C26644CFDA-LeaderElection106] INFO  impl.RoleInfo (RoleInfo.java:updateAndGet(143)) - 4b287a15-77af-487b-aef7-34d1d0ee189f: start FollowerState
2019-10-16 21:01:30,873 [Thread-935] INFO  impl.FollowerState (FollowerState.java:run(108)) - 4b287a15-77af-487b-aef7-34d1d0ee189f@group-83C26644CFDA-FollowerState: change to CANDIDATE, lastRpcTime:23ms, electionTimeout:23ms
2019-10-16 21:01:30,873 [Thread-935] INFO  impl.RoleInfo (RoleInfo.java:shutdownFollowerState(121)) - 4b287a15-77af-487b-aef7-34d1d0ee189f: shutdown FollowerState
2019-10-16 21:01:30,873 [Thread-935] INFO  impl.RaftServerImpl (RaftServerImpl.java:setRole(184)) - 4b287a15-77af-487b-aef7-34d1d0ee189f@group-83C26644CFDA: changes role from  FOLLOWER to CANDIDATE at term 100 for changeToCandidate
2019-10-16 21:01:30,873 [Thread-935] INFO  impl.RoleInfo (RoleInfo.java:updateAndGet(143)) - 4b287a15-77af-487b-aef7-34d1d0ee189f: start LeaderElection
2019-10-16 21:01:30,880 [4b287a15-77af-487b-aef7-34d1d0ee189f@group-83C26644CFDA-LeaderElection107] INFO  impl.LeaderElection (LeaderElection.java:askForVotes(178)) - 4b287a15-77af-487b-aef7-34d1d0ee189f@group-83C26644CFDA-LeaderElection107: begin an election at term 101 for -1: [4b287a15-77af-487b-aef7-34d1d0ee189f:192.168.34.38:38597, 0aa3649f-570d-46c6-937f-492d7f3a8364:192.168.34.38:33209, 4a03179f-3169-4ac7-a075-259968512ef0:192.168.34.38:45833], old=null
2019-10-16 21:01:30,882 [grpc-default-executor-1] INFO  impl.RaftServerImpl (RaftServerImpl.java:setRole(184)) - 4a03179f-3169-4ac7-a075-259968512ef0@group-83C26644CFDA: changes role from  FOLLOWER to FOLLOWER at term 101 for recognizeCandidate:4b287a15-77af-487b-aef7-34d1d0ee189f
2019-10-16 21:01:30,883 [grpc-default-executor-1] INFO  impl.RoleInfo (RoleInfo.java:shutdownFollowerState(121)) - 4a03179f-3169-4ac7-a075-259968512ef0: shutdown FollowerState
2019-10-16 21:01:30,883 [grpc-default-executor-3] INFO  impl.RaftServerImpl (RaftServerImpl.java:setRole(184)) - 0aa3649f-570d-46c6-937f-492d7f3a8364@group-83C26644CFDA: changes role from  FOLLOWER to FOLLOWER at term 101 for recognizeCandidate:4b287a15-77af-487b-aef7-34d1d0ee189f
2019-10-16 21:01:30,883 [Thread-933] INFO  impl.FollowerState (FollowerState.java:run(117)) - 4a03179f-3169-4ac7-a075-259968512ef0@group-83C26644CFDA-FollowerState was interrupted: java.lang.InterruptedException: sleep interrupted
2019-10-16 21:01:30,883 [grpc-default-executor-1] INFO  impl.RoleInfo (RoleInfo.java:updateAndGet(143)) - 4a03179f-3169-4ac7-a075-259968512ef0: start FollowerState
2019-10-16 21:01:30,883 [grpc-default-executor-3] INFO  impl.RoleInfo (RoleInfo.java:shutdownFollowerState(121)) - 0aa3649f-570d-46c6-937f-492d7f3a8364: shutdown FollowerState
2019-10-16 21:01:30,883 [Thread-934] INFO  impl.FollowerState (FollowerState.java:run(117)) - 0aa3649f-570d-46c6-937f-492d7f3a8364@group-83C26644CFDA-FollowerState was interrupted: java.lang.InterruptedException: sleep interrupted
2019-10-16 21:01:30,883 [grpc-default-executor-3] INFO  impl.RoleInfo (RoleInfo.java:updateAndGet(143)) - 0aa3649f-570d-46c6-937f-492d7f3a8364: start FollowerState
2019-10-16 21:01:30,926 [4b287a15-77af-487b-aef7-34d1d0ee189f@group-83C26644CFDA-LeaderElection107] INFO  impl.LeaderElection (LeaderElection.java:logAndReturn(56)) - 4b287a15-77af-487b-aef7-34d1d0ee189f@group-83C26644CFDA-LeaderElection107: Election REJECTED; received 2 response(s) [4b287a15-77af-487b-aef7-34d1d0ee189f<-0aa3649f-570d-46c6-937f-492d7f3a8364#0:FAIL-t101, 4b287a15-77af-487b-aef7-34d1d0ee189f<-4a03179f-3169-4ac7-a075-259968512ef0#0:FAIL-t101] and 0 exception(s); 4b287a15-77af-487b-aef7-34d1d0ee189f@group-83C26644CFDA:t101, leader=null, voted=4b287a15-77af-487b-aef7-34d1d0ee189f, raftlog=4b287a15-77af-487b-aef7-34d1d0ee189f@group-83C26644CFDA-SegmentedRaftLog:OPENED:c-1,f-1,i0, conf=-1: [4b287a15-77af-487b-aef7-34d1d0ee189f:192.168.34.38:38597, 0aa3649f-570d-46c6-937f-492d7f3a8364:192.168.34.38:33209, 4a03179f-3169-4ac7-a075-259968512ef0:192.168.34.38:45833], old=null
2019-10-16 21:01:30,926 [4b287a15-77af-487b-aef7-34d1d0ee189f@group-83C26644CFDA-LeaderElection107] INFO  impl.RaftServerImpl (RaftServerImpl.java:setRole(184)) - 4b287a15-77af-487b-aef7-34d1d0ee189f@group-83C26644CFDA: changes role from CANDIDATE to FOLLOWER at term 101 for DISCOVERED_A_NEW_TERM
2019-10-16 21:01:30,926 [4b287a15-77af-487b-aef7-34d1d0ee189f@group-83C26644CFDA-LeaderElection107] INFO  impl.RoleInfo (RoleInfo.java:shutdownLeaderElection(134)) - 4b287a15-77af-487b-aef7-34d1d0ee189f: shutdown LeaderElection
2019-10-16 21:01:30,926 [4b287a15-77af-487b-aef7-34d1d0ee189f@group-83C26644CFDA-LeaderElection107] INFO  impl.RoleInfo (RoleInfo.java:updateAndGet(143)) - 4b287a15-77af-487b-aef7-34d1d0ee189f: start FollowerState
2019-10-16 21:01:31,127 [Thread-941] INFO  impl.FollowerState (FollowerState.java:run(108)) - 4b287a15-77af-487b-aef7-34d1d0ee189f@group-83C26644CFDA-FollowerState: change to CANDIDATE, lastRpcTime:200ms, electionTimeout:200ms
2019-10-16 21:01:31,127 [Thread-941] INFO  impl.RoleInfo (RoleInfo.java:shutdownFollowerState(121)) - 4b287a15-77af-487b-aef7-34d1d0ee189f: shutdown FollowerState
2019-10-16 21:01:31,127 [Thread-941] INFO  impl.RaftServerImpl (RaftServerImpl.java:setRole(184)) - 4b287a15-77af-487b-aef7-34d1d0ee189f@group-83C26644CFDA: changes role from  FOLLOWER to CANDIDATE at term 101 for changeToCandidate
2019-10-16 21:01:31,128 [Thread-941] INFO  impl.RoleInfo (RoleInfo.java:updateAndGet(143)) - 4b287a15-77af-487b-aef7-34d1d0ee189f: start LeaderElection
2019-10-16 21:01:31,142 [4b287a15-77af-487b-aef7-34d1d0ee189f@group-83C26644CFDA-LeaderElection108] INFO  impl.LeaderElection (LeaderElection.java:askForVotes(178)) - 4b287a15-77af-487b-aef7-34d1d0ee189f@group-83C26644CFDA-LeaderElection108: begin an election at term 102 for -1: [4b287a15-77af-487b-aef7-34d1d0ee189f:192.168.34.38:38597, 0aa3649f-570d-46c6-937f-492d7f3a8364:192.168.34.38:33209, 4a03179f-3169-4ac7-a075-259968512ef0:192.168.34.38:45833], old=null
2019-10-16 21:01:31,145 [grpc-default-executor-1] INFO  impl.RaftServerImpl (RaftServerImpl.java:setRole(184)) - 4a03179f-3169-4ac7-a075-259968512ef0@group-83C26644CFDA: changes role from  FOLLOWER to FOLLOWER at term 102 for recognizeCandidate:4b287a15-77af-487b-aef7-34d1d0ee189f
2019-10-16 21:01:31,145 [grpc-default-executor-1] INFO  impl.RoleInfo (RoleInfo.java:shutdownFollowerState(121)) - 4a03179f-3169-4ac7-a075-259968512ef0: shutdown FollowerState
2019-10-16 21:01:31,145 [grpc-default-executor-3] INFO  impl.RaftServerImpl (RaftServerImpl.java:setRole(184)) - 0aa3649f-570d-46c6-937f-492d7f3a8364@group-83C26644CFDA: changes role from  FOLLOWER to FOLLOWER at term 102 for recognizeCandidate:4b287a15-77af-487b-aef7-34d1d0ee189f
2019-10-16 21:01:31,145 [Thread-939] INFO  impl.FollowerState (FollowerState.java:run(117)) - 4a03179f-3169-4ac7-a075-259968512ef0@group-83C26644CFDA-FollowerState was interrupted: java.lang.InterruptedException: sleep interrupted
2019-10-16 21:01:31,145 [grpc-default-executor-1] INFO  impl.RoleInfo (RoleInfo.java:updateAndGet(143)) - 4a03179f-3169-4ac7-a075-259968512ef0: start FollowerState
2019-10-16 21:01:31,145 [grpc-default-executor-3] INFO  impl.RoleInfo (RoleInfo.java:shutdownFollowerState(121)) - 0aa3649f-570d-46c6-937f-492d7f3a8364: shutdown FollowerState
2019-10-16 21:01:31,146 [grpc-default-executor-3] INFO  impl.RoleInfo (RoleInfo.java:updateAndGet(143)) - 0aa3649f-570d-46c6-937f-492d7f3a8364: start FollowerState
2019-10-16 21:01:31,146 [Thread-940] INFO  impl.FollowerState (FollowerState.java:run(117)) - 0aa3649f-570d-46c6-937f-492d7f3a8364@group-83C26644CFDA-FollowerState was interrupted: java.lang.InterruptedException: sleep interrupted
2019-10-16 21:01:31,152 [4b287a15-77af-487b-aef7-34d1d0ee189f@group-83C26644CFDA-LeaderElection108] INFO  impl.LeaderElection (LeaderElection.java:logAndReturn(56)) - 4b287a15-77af-487b-aef7-34d1d0ee189f@group-83C26644CFDA-LeaderElection108: Election TIMEOUT; received 0 response(s) [] and 0 exception(s); 4b287a15-77af-487b-aef7-34d1d0ee189f@group-83C26644CFDA:t102, leader=null, voted=4b287a15-77af-487b-aef7-34d1d0ee189f, raftlog=4b287a15-77af-487b-aef7-34d1d0ee189f@group-83C26644CFDA-SegmentedRaftLog:OPENED:c-1,f-1,i0, conf=-1: [4b287a15-77af-487b-aef7-34d1d0ee189f:192.168.34.38:38597, 0aa3649f-570d-46c6-937f-492d7f3a8364:192.168.34.38:33209, 4a03179f-3169-4ac7-a075-259968512ef0:192.168.34.38:45833], old=null
2019-10-16 21:01:31,155 [4b287a15-77af-487b-aef7-34d1d0ee189f@group-83C26644CFDA-LeaderElection108] INFO  impl.LeaderElection (LeaderElection.java:askForVotes(178)) - 4b287a15-77af-487b-aef7-34d1d0ee189f@group-83C26644CFDA-LeaderElection108: begin an election at term 103 for -1: [4b287a15-77af-487b-aef7-34d1d0ee189f:192.168.34.38:38597, 0aa3649f-570d-46c6-937f-492d7f3a8364:192.168.34.38:33209, 4a03179f-3169-4ac7-a075-259968512ef0:192.168.34.38:45833], old=null
2019-10-16 21:01:31,157 [grpc-default-executor-1] INFO  impl.RaftServerImpl (RaftServerImpl.java:setRole(184)) - 4a03179f-3169-4ac7-a075-259968512ef0@group-83C26644CFDA: changes role from  FOLLOWER to FOLLOWER at term 103 for recognizeCandidate:4b287a15-77af-487b-aef7-34d1d0ee189f
2019-10-16 21:01:31,157 [grpc-default-executor-1] INFO  impl.RoleInfo (RoleInfo.java:shutdownFollowerState(121)) - 4a03179f-3169-4ac7-a075-259968512ef0: shutdown FollowerState
2019-10-16 21:01:31,157 [grpc-default-executor-3] INFO  impl.RaftServerImpl (RaftServerImpl.java:setRole(184)) - 0aa3649f-570d-46c6-937f-492d7f3a8364@group-83C26644CFDA: changes role from  FOLLOWER to FOLLOWER at term 103 for recognizeCandidate:4b287a15-77af-487b-aef7-34d1d0ee189f
2019-10-16 21:01:31,157 [Thread-945] INFO  impl.FollowerState (FollowerState.java:run(117)) - 4a03179f-3169-4ac7-a075-259968512ef0@group-83C26644CFDA-FollowerState was interrupted: java.lang.InterruptedException: sleep interrupted
2019-10-16 21:01:31,157 [grpc-default-executor-1] INFO  impl.RoleInfo (RoleInfo.java:updateAndGet(143)) - 4a03179f-3169-4ac7-a075-259968512ef0: start FollowerState
2019-10-16 21:01:31,158 [grpc-default-executor-3] INFO  impl.RoleInfo (RoleInfo.java:shutdownFollowerState(121)) - 0aa3649f-570d-46c6-937f-492d7f3a8364: shutdown FollowerState
2019-10-16 21:01:31,158 [grpc-default-executor-3] INFO  impl.RoleInfo (RoleInfo.java:updateAndGet(143)) - 0aa3649f-570d-46c6-937f-492d7f3a8364: start FollowerState
2019-10-16 21:01:31,158 [Thread-946] INFO  impl.FollowerState (FollowerState.java:run(117)) - 0aa3649f-570d-46c6-937f-492d7f3a8364@group-83C26644CFDA-FollowerState was interrupted: java.lang.InterruptedException: sleep interrupted
2019-10-16 21:01:31,165 [4b287a15-77af-487b-aef7-34d1d0ee189f@group-83C26644CFDA-LeaderElection108] INFO  impl.LeaderElection (LeaderElection.java:logAndReturn(56)) - 4b287a15-77af-487b-aef7-34d1d0ee189f@group-83C26644CFDA-LeaderElection108: Election REJECTED; received 2 response(s) [4b287a15-77af-487b-aef7-34d1d0ee189f<-0aa3649f-570d-46c6-937f-492d7f3a8364#0:FAIL-t103, 4b287a15-77af-487b-aef7-34d1d0ee189f<-4a03179f-3169-4ac7-a075-259968512ef0#0:FAIL-t103] and 0 exception(s); 4b287a15-77af-487b-aef7-34d1d0ee189f@group-83C26644CFDA:t103, leader=null, voted=4b287a15-77af-487b-aef7-34d1d0ee189f, raftlog=4b287a15-77af-487b-aef7-34d1d0ee189f@group-83C26644CFDA-SegmentedRaftLog:OPENED:c-1,f-1,i0, conf=-1: [4b287a15-77af-487b-aef7-34d1d0ee189f:192.168.34.38:38597, 0aa3649f-570d-46c6-937f-492d7f3a8364:192.168.34.38:33209, 4a03179f-3169-4ac7-a075-259968512ef0:192.168.34.38:45833], old=null
2019-10-16 21:01:31,165 [4b287a15-77af-487b-aef7-34d1d0ee189f@group-83C26644CFDA-LeaderElection108] INFO  impl.RaftServerImpl (RaftServerImpl.java:setRole(184)) - 4b287a15-77af-487b-aef7-34d1d0ee189f@group-83C26644CFDA: changes role from CANDIDATE to FOLLOWER at term 103 for DISCOVERED_A_NEW_TERM
2019-10-16 21:01:31,165 [4b287a15-77af-487b-aef7-34d1d0ee189f@group-83C26644CFDA-LeaderElection108] INFO  impl.RoleInfo (RoleInfo.java:shutdownLeaderElection(134)) - 4b287a15-77af-487b-aef7-34d1d0ee189f: shutdown LeaderElection
2019-10-16 21:01:31,166 [4b287a15-77af-487b-aef7-34d1d0ee189f@group-83C26644CFDA-LeaderElection108] INFO  impl.RoleInfo (RoleInfo.java:updateAndGet(143)) - 4b287a15-77af-487b-aef7-34d1d0ee189f: start FollowerState
2019-10-16 21:01:31,244 [Thread-951] INFO  impl.FollowerState (FollowerState.java:run(108)) - 4b287a15-77af-487b-aef7-34d1d0ee189f@group-83C26644CFDA-FollowerState: change to CANDIDATE, lastRpcTime:78ms, electionTimeout:78ms
2019-10-16 21:01:31,244 [Thread-951] INFO  impl.RoleInfo (RoleInfo.java:shutdownFollowerState(121)) - 4b287a15-77af-487b-aef7-34d1d0ee189f: shutdown FollowerState
2019-10-16 21:01:31,245 [Thread-951] INFO  impl.RaftServerImpl (RaftServerImpl.java:setRole(184)) - 4b287a15-77af-487b-aef7-34d1d0ee189f@group-83C26644CFDA: changes role from  FOLLOWER to CANDIDATE at term 103 for changeToCandidate
2019-10-16 21:01:31,245 [Thread-951] INFO  impl.RoleInfo (RoleInfo.java:updateAndGet(143)) - 4b287a15-77af-487b-aef7-34d1d0ee189f: start LeaderElection
2019-10-16 21:01:31,284 [4b287a15-77af-487b-aef7-34d1d0ee189f@group-83C26644CFDA-LeaderElection109] INFO  impl.LeaderElection (LeaderElection.java:askForVotes(178)) - 4b287a15-77af-487b-aef7-34d1d0ee189f@group-83C26644CFDA-LeaderElection109: begin an election at term 104 for -1: [4b287a15-77af-487b-aef7-34d1d0ee189f:192.168.34.38:38597, 0aa3649f-570d-46c6-937f-492d7f3a8364:192.168.34.38:33209, 4a03179f-3169-4ac7-a075-259968512ef0:192.168.34.38:45833], old=null
2019-10-16 21:01:31,287 [grpc-default-executor-3] INFO  impl.RaftServerImpl (RaftServerImpl.java:setRole(184)) - 0aa3649f-570d-46c6-937f-492d7f3a8364@group-83C26644CFDA: changes role from  FOLLOWER to FOLLOWER at term 104 for recognizeCandidate:4b287a15-77af-487b-aef7-34d1d0ee189f
2019-10-16 21:01:31,287 [grpc-default-executor-3] INFO  impl.RoleInfo (RoleInfo.java:shutdownFollowerState(121)) - 0aa3649f-570d-46c6-937f-492d7f3a8364: shutdown FollowerState
2019-10-16 21:01:31,287 [grpc-default-executor-3] INFO  impl.RoleInfo (RoleInfo.java:updateAndGet(143)) - 0aa3649f-570d-46c6-937f-492d7f3a8364: start FollowerState
2019-10-16 21:01:31,287 [Thread-950] INFO  impl.FollowerState (FollowerState.java:run(117)) - 0aa3649f-570d-46c6-937f-492d7f3a8364@group-83C26644CFDA-FollowerState was interrupted: java.lang.InterruptedException: sleep interrupted
2019-10-16 21:01:31,289 [grpc-default-executor-1] INFO  impl.RaftServerImpl (RaftServerImpl.java:setRole(184)) - 4a03179f-3169-4ac7-a075-259968512ef0@group-83C26644CFDA: changes role from  FOLLOWER to FOLLOWER at term 104 for recognizeCandidate:4b287a15-77af-487b-aef7-34d1d0ee189f
2019-10-16 21:01:31,289 [grpc-default-executor-1] INFO  impl.RoleInfo (RoleInfo.java:shutdownFollowerState(121)) - 4a03179f-3169-4ac7-a075-259968512ef0: shutdown FollowerState
2019-10-16 21:01:31,289 [grpc-default-executor-1] INFO  impl.RoleInfo (RoleInfo.java:updateAndGet(143)) - 4a03179f-3169-4ac7-a075-259968512ef0: start FollowerState
2019-10-16 21:01:31,289 [Thread-949] INFO  impl.FollowerState (FollowerState.java:run(117)) - 4a03179f-3169-4ac7-a075-259968512ef0@group-83C26644CFDA-FollowerState was interrupted: java.lang.InterruptedException: sleep interrupted
2019-10-16 21:01:31,305 [4b287a15-77af-487b-aef7-34d1d0ee189f@group-83C26644CFDA-LeaderElection109] INFO  impl.LeaderElection (LeaderElection.java:logAndReturn(56)) - 4b287a15-77af-487b-aef7-34d1d0ee189f@group-83C26644CFDA-LeaderElection109: Election REJECTED; received 2 response(s) [4b287a15-77af-487b-aef7-34d1d0ee189f<-0aa3649f-570d-46c6-937f-492d7f3a8364#0:FAIL-t104, 4b287a15-77af-487b-aef7-34d1d0ee189f<-4a03179f-3169-4ac7-a075-259968512ef0#0:FAIL-t104] and 0 exception(s); 4b287a15-77af-487b-aef7-34d1d0ee189f@group-83C26644CFDA:t104, leader=null, voted=4b287a15-77af-487b-aef7-34d1d0ee189f, raftlog=4b287a15-77af-487b-aef7-34d1d0ee189f@group-83C26644CFDA-SegmentedRaftLog:OPENED:c-1,f-1,i0, conf=-1: [4b287a15-77af-487b-aef7-34d1d0ee189f:192.168.34.38:38597, 0aa3649f-570d-46c6-937f-492d7f3a8364:192.168.34.38:33209, 4a03179f-3169-4ac7-a075-259968512ef0:192.168.34.38:45833], old=null
2019-10-16 21:01:31,305 [4b287a15-77af-487b-aef7-34d1d0ee189f@group-83C26644CFDA-LeaderElection109] INFO  impl.RaftServerImpl (RaftServerImpl.java:setRole(184)) - 4b287a15-77af-487b-aef7-34d1d0ee189f@group-83C26644CFDA: changes role from CANDIDATE to FOLLOWER at term 104 for DISCOVERED_A_NEW_TERM
2019-10-16 21:01:31,305 [4b287a15-77af-487b-aef7-34d1d0ee189f@group-83C26644CFDA-LeaderElection109] INFO  impl.RoleInfo (RoleInfo.java:shutdownLeaderElection(134)) - 4b287a15-77af-487b-aef7-34d1d0ee189f: shutdown LeaderElection
2019-10-16 21:01:31,305 [4b287a15-77af-487b-aef7-34d1d0ee189f@group-83C26644CFDA-LeaderElection109] INFO  impl.RoleInfo (RoleInfo.java:updateAndGet(143)) - 4b287a15-77af-487b-aef7-34d1d0ee189f: start FollowerState
2019-10-16 21:01:31,349 [main] INFO  ozone.MiniOzoneClusterImpl (MiniOzoneClusterImpl.java:lambda$waitForClusterToBeReady$2(164)) - Waiting for 1 number of pipelines out of 4, to report a leader.
2019-10-16 21:01:31,417 [Thread-957] INFO  impl.FollowerState (FollowerState.java:run(108)) - 4b287a15-77af-487b-aef7-34d1d0ee189f@group-83C26644CFDA-FollowerState: change to CANDIDATE, lastRpcTime:111ms, electionTimeout:111ms
2019-10-16 21:01:31,417 [Thread-957] INFO  impl.RoleInfo (RoleInfo.java:shutdownFollowerState(121)) - 4b287a15-77af-487b-aef7-34d1d0ee189f: shutdown FollowerState
2019-10-16 21:01:31,417 [Thread-957] INFO  impl.RaftServerImpl (RaftServerImpl.java:setRole(184)) - 4b287a15-77af-487b-aef7-34d1d0ee189f@group-83C26644CFDA: changes role from  FOLLOWER to CANDIDATE at term 104 for changeToCandidate
2019-10-16 21:01:31,417 [Thread-957] INFO  impl.RoleInfo (RoleInfo.java:updateAndGet(143)) - 4b287a15-77af-487b-aef7-34d1d0ee189f: start LeaderElection
2019-10-16 21:01:31,439 [4b287a15-77af-487b-aef7-34d1d0ee189f@group-83C26644CFDA-LeaderElection110] INFO  impl.LeaderElection (LeaderElection.java:askForVotes(178)) - 4b287a15-77af-487b-aef7-34d1d0ee189f@group-83C26644CFDA-LeaderElection110: begin an election at term 105 for -1: [4b287a15-77af-487b-aef7-34d1d0ee189f:192.168.34.38:38597, 0aa3649f-570d-46c6-937f-492d7f3a8364:192.168.34.38:33209, 4a03179f-3169-4ac7-a075-259968512ef0:192.168.34.38:45833], old=null
2019-10-16 21:01:31,441 [grpc-default-executor-1] INFO  impl.RaftServerImpl (RaftServerImpl.java:setRole(184)) - 4a03179f-3169-4ac7-a075-259968512ef0@group-83C26644CFDA: changes role from  FOLLOWER to FOLLOWER at term 105 for recognizeCandidate:4b287a15-77af-487b-aef7-34d1d0ee189f
2019-10-16 21:01:31,441 [grpc-default-executor-3] INFO  impl.RaftServerImpl (RaftServerImpl.java:setRole(184)) - 0aa3649f-570d-46c6-937f-492d7f3a8364@group-83C26644CFDA: changes role from  FOLLOWER to FOLLOWER at term 105 for recognizeCandidate:4b287a15-77af-487b-aef7-34d1d0ee189f
2019-10-16 21:01:31,441 [grpc-default-executor-1] INFO  impl.RoleInfo (RoleInfo.java:shutdownFollowerState(121)) - 4a03179f-3169-4ac7-a075-259968512ef0: shutdown FollowerState
2019-10-16 21:01:31,441 [grpc-default-executor-3] INFO  impl.RoleInfo (RoleInfo.java:shutdownFollowerState(121)) - 0aa3649f-570d-46c6-937f-492d7f3a8364: shutdown FollowerState
2019-10-16 21:01:31,442 [grpc-default-executor-1] INFO  impl.RoleInfo (RoleInfo.java:updateAndGet(143)) - 4a03179f-3169-4ac7-a075-259968512ef0: start FollowerState
2019-10-16 21:01:31,442 [Thread-955] INFO  impl.FollowerState (FollowerState.java:run(117)) - 0aa3649f-570d-46c6-937f-492d7f3a8364@group-83C26644CFDA-FollowerState was interrupted: java.lang.InterruptedException: sleep interrupted
2019-10-16 21:01:31,442 [grpc-default-executor-3] INFO  impl.RoleInfo (RoleInfo.java:updateAndGet(143)) - 0aa3649f-570d-46c6-937f-492d7f3a8364: start FollowerState
2019-10-16 21:01:31,442 [Thread-956] INFO  impl.FollowerState (FollowerState.java:run(117)) - 4a03179f-3169-4ac7-a075-259968512ef0@group-83C26644CFDA-FollowerState was interrupted: java.lang.InterruptedException: sleep interrupted
2019-10-16 21:01:31,483 [4b287a15-77af-487b-aef7-34d1d0ee189f@group-83C26644CFDA-LeaderElection110] INFO  impl.LeaderElection (LeaderElection.java:logAndReturn(56)) - 4b287a15-77af-487b-aef7-34d1d0ee189f@group-83C26644CFDA-LeaderElection110: Election REJECTED; received 2 response(s) [4b287a15-77af-487b-aef7-34d1d0ee189f<-0aa3649f-570d-46c6-937f-492d7f3a8364#0:FAIL-t105, 4b287a15-77af-487b-aef7-34d1d0ee189f<-4a03179f-3169-4ac7-a075-259968512ef0#0:FAIL-t105] and 0 exception(s); 4b287a15-77af-487b-aef7-34d1d0ee189f@group-83C26644CFDA:t105, leader=null, voted=4b287a15-77af-487b-aef7-34d1d0ee189f, raftlog=4b287a15-77af-487b-aef7-34d1d0ee189f@group-83C26644CFDA-SegmentedRaftLog:OPENED:c-1,f-1,i0, conf=-1: [4b287a15-77af-487b-aef7-34d1d0ee189f:192.168.34.38:38597, 0aa3649f-570d-46c6-937f-492d7f3a8364:192.168.34.38:33209, 4a03179f-3169-4ac7-a075-259968512ef0:192.168.34.38:45833], old=null
2019-10-16 21:01:31,483 [4b287a15-77af-487b-aef7-34d1d0ee189f@group-83C26644CFDA-LeaderElection110] INFO  impl.RaftServerImpl (RaftServerImpl.java:setRole(184)) - 4b287a15-77af-487b-aef7-34d1d0ee189f@group-83C26644CFDA: changes role from CANDIDATE to FOLLOWER at term 105 for DISCOVERED_A_NEW_TERM
2019-10-16 21:01:31,483 [4b287a15-77af-487b-aef7-34d1d0ee189f@group-83C26644CFDA-LeaderElection110] INFO  impl.RoleInfo (RoleInfo.java:shutdownLeaderElection(134)) - 4b287a15-77af-487b-aef7-34d1d0ee189f: shutdown LeaderElection
2019-10-16 21:01:31,483 [4b287a15-77af-487b-aef7-34d1d0ee189f@group-83C26644CFDA-LeaderElection110] INFO  impl.RoleInfo (RoleInfo.java:updateAndGet(143)) - 4b287a15-77af-487b-aef7-34d1d0ee189f: start FollowerState
2019-10-16 21:01:31,533 [Thread-963] INFO  impl.FollowerState (FollowerState.java:run(108)) - 4b287a15-77af-487b-aef7-34d1d0ee189f@group-83C26644CFDA-FollowerState: change to CANDIDATE, lastRpcTime:49ms, electionTimeout:49ms
2019-10-16 21:01:31,533 [Thread-963] INFO  impl.RoleInfo (RoleInfo.java:shutdownFollowerState(121)) - 4b287a15-77af-487b-aef7-34d1d0ee189f: shutdown FollowerState
2019-10-16 21:01:31,533 [Thread-963] INFO  impl.RaftServerImpl (RaftServerImpl.java:setRole(184)) - 4b287a15-77af-487b-aef7-34d1d0ee189f@group-83C26644CFDA: changes role from  FOLLOWER to CANDIDATE at term 105 for changeToCandidate
2019-10-16 21:01:31,533 [Thread-963] INFO  impl.RoleInfo (RoleInfo.java:updateAndGet(143)) - 4b287a15-77af-487b-aef7-34d1d0ee189f: start LeaderElection
2019-10-16 21:01:31,541 [4b287a15-77af-487b-aef7-34d1d0ee189f@group-83C26644CFDA-LeaderElection111] INFO  impl.LeaderElection (LeaderElection.java:askForVotes(178)) - 4b287a15-77af-487b-aef7-34d1d0ee189f@group-83C26644CFDA-LeaderElection111: begin an election at term 106 for -1: [4b287a15-77af-487b-aef7-34d1d0ee189f:192.168.34.38:38597, 0aa3649f-570d-46c6-937f-492d7f3a8364:192.168.34.38:33209, 4a03179f-3169-4ac7-a075-259968512ef0:192.168.34.38:45833], old=null
2019-10-16 21:01:31,544 [grpc-default-executor-3] INFO  impl.RaftServerImpl (RaftServerImpl.java:setRole(184)) - 4a03179f-3169-4ac7-a075-259968512ef0@group-83C26644CFDA: changes role from  FOLLOWER to FOLLOWER at term 106 for recognizeCandidate:4b287a15-77af-487b-aef7-34d1d0ee189f
2019-10-16 21:01:31,544 [grpc-default-executor-1] INFO  impl.RaftServerImpl (RaftServerImpl.java:setRole(184)) - 0aa3649f-570d-46c6-937f-492d7f3a8364@group-83C26644CFDA: changes role from  FOLLOWER to FOLLOWER at term 106 for recognizeCandidate:4b287a15-77af-487b-aef7-34d1d0ee189f
2019-10-16 21:01:31,544 [grpc-default-executor-3] INFO  impl.RoleInfo (RoleInfo.java:shutdownFollowerState(121)) - 4a03179f-3169-4ac7-a075-259968512ef0: shutdown FollowerState
2019-10-16 21:01:31,544 [grpc-default-executor-1] INFO  impl.RoleInfo (RoleInfo.java:shutdownFollowerState(121)) - 0aa3649f-570d-46c6-937f-492d7f3a8364: shutdown FollowerState
2019-10-16 21:01:31,544 [Thread-961] INFO  impl.FollowerState (FollowerState.java:run(117)) - 4a03179f-3169-4ac7-a075-259968512ef0@group-83C26644CFDA-FollowerState was interrupted: java.lang.InterruptedException: sleep interrupted
2019-10-16 21:01:31,544 [grpc-default-executor-3] INFO  impl.RoleInfo (RoleInfo.java:updateAndGet(143)) - 4a03179f-3169-4ac7-a075-259968512ef0: start FollowerState
2019-10-16 21:01:31,544 [Thread-962] INFO  impl.FollowerState (FollowerState.java:run(117)) - 0aa3649f-570d-46c6-937f-492d7f3a8364@group-83C26644CFDA-FollowerState was interrupted: java.lang.InterruptedException: sleep interrupted
2019-10-16 21:01:31,544 [grpc-default-executor-1] INFO  impl.RoleInfo (RoleInfo.java:updateAndGet(143)) - 0aa3649f-570d-46c6-937f-492d7f3a8364: start FollowerState
2019-10-16 21:01:31,553 [4b287a15-77af-487b-aef7-34d1d0ee189f@group-83C26644CFDA-LeaderElection111] INFO  impl.LeaderElection (LeaderElection.java:logAndReturn(56)) - 4b287a15-77af-487b-aef7-34d1d0ee189f@group-83C26644CFDA-LeaderElection111: Election REJECTED; received 2 response(s) [4b287a15-77af-487b-aef7-34d1d0ee189f<-0aa3649f-570d-46c6-937f-492d7f3a8364#0:FAIL-t106, 4b287a15-77af-487b-aef7-34d1d0ee189f<-4a03179f-3169-4ac7-a075-259968512ef0#0:FAIL-t106] and 0 exception(s); 4b287a15-77af-487b-aef7-34d1d0ee189f@group-83C26644CFDA:t106, leader=null, voted=4b287a15-77af-487b-aef7-34d1d0ee189f, raftlog=4b287a15-77af-487b-aef7-34d1d0ee189f@group-83C26644CFDA-SegmentedRaftLog:OPENED:c-1,f-1,i0, conf=-1: [4b287a15-77af-487b-aef7-34d1d0ee189f:192.168.34.38:38597, 0aa3649f-570d-46c6-937f-492d7f3a8364:192.168.34.38:33209, 4a03179f-3169-4ac7-a075-259968512ef0:192.168.34.38:45833], old=null
2019-10-16 21:01:31,554 [4b287a15-77af-487b-aef7-34d1d0ee189f@group-83C26644CFDA-LeaderElection111] INFO  impl.RaftServerImpl (RaftServerImpl.java:setRole(184)) - 4b287a15-77af-487b-aef7-34d1d0ee189f@group-83C26644CFDA: changes role from CANDIDATE to FOLLOWER at term 106 for DISCOVERED_A_NEW_TERM
2019-10-16 21:01:31,554 [4b287a15-77af-487b-aef7-34d1d0ee189f@group-83C26644CFDA-LeaderElection111] INFO  impl.RoleInfo (RoleInfo.java:shutdownLeaderElection(134)) - 4b287a15-77af-487b-aef7-34d1d0ee189f: shutdown LeaderElection
2019-10-16 21:01:31,554 [4b287a15-77af-487b-aef7-34d1d0ee189f@group-83C26644CFDA-LeaderElection111] INFO  impl.RoleInfo (RoleInfo.java:updateAndGet(143)) - 4b287a15-77af-487b-aef7-34d1d0ee189f: start FollowerState
2019-10-16 21:01:31,564 [Thread-969] INFO  impl.FollowerState (FollowerState.java:run(108)) - 4b287a15-77af-487b-aef7-34d1d0ee189f@group-83C26644CFDA-FollowerState: change to CANDIDATE, lastRpcTime:10ms, electionTimeout:10ms
2019-10-16 21:01:31,564 [Thread-969] INFO  impl.RoleInfo (RoleInfo.java:shutdownFollowerState(121)) - 4b287a15-77af-487b-aef7-34d1d0ee189f: shutdown FollowerState
2019-10-16 21:01:31,564 [Thread-969] INFO  impl.RaftServerImpl (RaftServerImpl.java:setRole(184)) - 4b287a15-77af-487b-aef7-34d1d0ee189f@group-83C26644CFDA: changes role from  FOLLOWER to CANDIDATE at term 106 for changeToCandidate
2019-10-16 21:01:31,565 [Thread-969] INFO  impl.RoleInfo (RoleInfo.java:updateAndGet(143)) - 4b287a15-77af-487b-aef7-34d1d0ee189f: start LeaderElection
2019-10-16 21:01:31,621 [4b287a15-77af-487b-aef7-34d1d0ee189f@group-83C26644CFDA-LeaderElection112] INFO  impl.LeaderElection (LeaderElection.java:askForVotes(178)) - 4b287a15-77af-487b-aef7-34d1d0ee189f@group-83C26644CFDA-LeaderElection112: begin an election at term 107 for -1: [4b287a15-77af-487b-aef7-34d1d0ee189f:192.168.34.38:38597, 0aa3649f-570d-46c6-937f-492d7f3a8364:192.168.34.38:33209, 4a03179f-3169-4ac7-a075-259968512ef0:192.168.34.38:45833], old=null
2019-10-16 21:01:31,624 [grpc-default-executor-1] INFO  impl.RaftServerImpl (RaftServerImpl.java:setRole(184)) - 4a03179f-3169-4ac7-a075-259968512ef0@group-83C26644CFDA: changes role from  FOLLOWER to FOLLOWER at term 107 for recognizeCandidate:4b287a15-77af-487b-aef7-34d1d0ee189f
2019-10-16 21:01:31,624 [grpc-default-executor-3] INFO  impl.RaftServerImpl (RaftServerImpl.java:setRole(184)) - 0aa3649f-570d-46c6-937f-492d7f3a8364@group-83C26644CFDA: changes role from  FOLLOWER to FOLLOWER at term 107 for recognizeCandidate:4b287a15-77af-487b-aef7-34d1d0ee189f
2019-10-16 21:01:31,624 [grpc-default-executor-1] INFO  impl.RoleInfo (RoleInfo.java:shutdownFollowerState(121)) - 4a03179f-3169-4ac7-a075-259968512ef0: shutdown FollowerState
2019-10-16 21:01:31,624 [grpc-default-executor-3] INFO  impl.RoleInfo (RoleInfo.java:shutdownFollowerState(121)) - 0aa3649f-570d-46c6-937f-492d7f3a8364: shutdown FollowerState
2019-10-16 21:01:31,625 [Thread-967] INFO  impl.FollowerState (FollowerState.java:run(117)) - 4a03179f-3169-4ac7-a075-259968512ef0@group-83C26644CFDA-FollowerState was interrupted: java.lang.InterruptedException: sleep interrupted
2019-10-16 21:01:31,625 [Thread-968] INFO  impl.FollowerState (FollowerState.java:run(117)) - 0aa3649f-570d-46c6-937f-492d7f3a8364@group-83C26644CFDA-FollowerState was interrupted: java.lang.InterruptedException: sleep interrupted
2019-10-16 21:01:31,625 [grpc-default-executor-1] INFO  impl.RoleInfo (RoleInfo.java:updateAndGet(143)) - 4a03179f-3169-4ac7-a075-259968512ef0: start FollowerState
2019-10-16 21:01:31,625 [grpc-default-executor-3] INFO  impl.RoleInfo (RoleInfo.java:updateAndGet(143)) - 0aa3649f-570d-46c6-937f-492d7f3a8364: start FollowerState
2019-10-16 21:01:31,647 [4b287a15-77af-487b-aef7-34d1d0ee189f@group-83C26644CFDA-LeaderElection112] INFO  impl.LeaderElection (LeaderElection.java:logAndReturn(56)) - 4b287a15-77af-487b-aef7-34d1d0ee189f@group-83C26644CFDA-LeaderElection112: Election REJECTED; received 2 response(s) [4b287a15-77af-487b-aef7-34d1d0ee189f<-0aa3649f-570d-46c6-937f-492d7f3a8364#0:FAIL-t107, 4b287a15-77af-487b-aef7-34d1d0ee189f<-4a03179f-3169-4ac7-a075-259968512ef0#0:FAIL-t107] and 0 exception(s); 4b287a15-77af-487b-aef7-34d1d0ee189f@group-83C26644CFDA:t107, leader=null, voted=4b287a15-77af-487b-aef7-34d1d0ee189f, raftlog=4b287a15-77af-487b-aef7-34d1d0ee189f@group-83C26644CFDA-SegmentedRaftLog:OPENED:c-1,f-1,i0, conf=-1: [4b287a15-77af-487b-aef7-34d1d0ee189f:192.168.34.38:38597, 0aa3649f-570d-46c6-937f-492d7f3a8364:192.168.34.38:33209, 4a03179f-3169-4ac7-a075-259968512ef0:192.168.34.38:45833], old=null
2019-10-16 21:01:31,647 [4b287a15-77af-487b-aef7-34d1d0ee189f@group-83C26644CFDA-LeaderElection112] INFO  impl.RaftServerImpl (RaftServerImpl.java:setRole(184)) - 4b287a15-77af-487b-aef7-34d1d0ee189f@group-83C26644CFDA: changes role from CANDIDATE to FOLLOWER at term 107 for DISCOVERED_A_NEW_TERM
2019-10-16 21:01:31,647 [4b287a15-77af-487b-aef7-34d1d0ee189f@group-83C26644CFDA-LeaderElection112] INFO  impl.RoleInfo (RoleInfo.java:shutdownLeaderElection(134)) - 4b287a15-77af-487b-aef7-34d1d0ee189f: shutdown LeaderElection
2019-10-16 21:01:31,647 [4b287a15-77af-487b-aef7-34d1d0ee189f@group-83C26644CFDA-LeaderElection112] INFO  impl.RoleInfo (RoleInfo.java:updateAndGet(143)) - 4b287a15-77af-487b-aef7-34d1d0ee189f: start FollowerState
2019-10-16 21:01:31,680 [Thread-975] INFO  impl.FollowerState (FollowerState.java:run(108)) - 4b287a15-77af-487b-aef7-34d1d0ee189f@group-83C26644CFDA-FollowerState: change to CANDIDATE, lastRpcTime:32ms, electionTimeout:32ms
2019-10-16 21:01:31,680 [Thread-975] INFO  impl.RoleInfo (RoleInfo.java:shutdownFollowerState(121)) - 4b287a15-77af-487b-aef7-34d1d0ee189f: shutdown FollowerState
2019-10-16 21:01:31,680 [Thread-975] INFO  impl.RaftServerImpl (RaftServerImpl.java:setRole(184)) - 4b287a15-77af-487b-aef7-34d1d0ee189f@group-83C26644CFDA: changes role from  FOLLOWER to CANDIDATE at term 107 for changeToCandidate
2019-10-16 21:01:31,680 [Thread-975] INFO  impl.RoleInfo (RoleInfo.java:updateAndGet(143)) - 4b287a15-77af-487b-aef7-34d1d0ee189f: start LeaderElection
2019-10-16 21:01:31,694 [4b287a15-77af-487b-aef7-34d1d0ee189f@group-83C26644CFDA-LeaderElection113] INFO  impl.LeaderElection (LeaderElection.java:askForVotes(178)) - 4b287a15-77af-487b-aef7-34d1d0ee189f@group-83C26644CFDA-LeaderElection113: begin an election at term 108 for -1: [4b287a15-77af-487b-aef7-34d1d0ee189f:192.168.34.38:38597, 0aa3649f-570d-46c6-937f-492d7f3a8364:192.168.34.38:33209, 4a03179f-3169-4ac7-a075-259968512ef0:192.168.34.38:45833], old=null
2019-10-16 21:01:31,696 [grpc-default-executor-3] INFO  impl.RaftServerImpl (RaftServerImpl.java:setRole(184)) - 0aa3649f-570d-46c6-937f-492d7f3a8364@group-83C26644CFDA: changes role from  FOLLOWER to FOLLOWER at term 108 for recognizeCandidate:4b287a15-77af-487b-aef7-34d1d0ee189f
2019-10-16 21:01:31,696 [grpc-default-executor-1] INFO  impl.RaftServerImpl (RaftServerImpl.java:setRole(184)) - 4a03179f-3169-4ac7-a075-259968512ef0@group-83C26644CFDA: changes role from  FOLLOWER to FOLLOWER at term 108 for recognizeCandidate:4b287a15-77af-487b-aef7-34d1d0ee189f
2019-10-16 21:01:31,696 [grpc-default-executor-3] INFO  impl.RoleInfo (RoleInfo.java:shutdownFollowerState(121)) - 0aa3649f-570d-46c6-937f-492d7f3a8364: shutdown FollowerState
2019-10-16 21:01:31,696 [grpc-default-executor-1] INFO  impl.RoleInfo (RoleInfo.java:shutdownFollowerState(121)) - 4a03179f-3169-4ac7-a075-259968512ef0: shutdown FollowerState
2019-10-16 21:01:31,696 [grpc-default-executor-3] INFO  impl.RoleInfo (RoleInfo.java:updateAndGet(143)) - 0aa3649f-570d-46c6-937f-492d7f3a8364: start FollowerState
2019-10-16 21:01:31,696 [Thread-974] INFO  impl.FollowerState (FollowerState.java:run(117)) - 0aa3649f-570d-46c6-937f-492d7f3a8364@group-83C26644CFDA-FollowerState was interrupted: java.lang.InterruptedException: sleep interrupted
2019-10-16 21:01:31,696 [Thread-973] INFO  impl.FollowerState (FollowerState.java:run(117)) - 4a03179f-3169-4ac7-a075-259968512ef0@group-83C26644CFDA-FollowerState was interrupted: java.lang.InterruptedException: sleep interrupted
2019-10-16 21:01:31,696 [grpc-default-executor-1] INFO  impl.RoleInfo (RoleInfo.java:updateAndGet(143)) - 4a03179f-3169-4ac7-a075-259968512ef0: start FollowerState
2019-10-16 21:01:31,711 [4b287a15-77af-487b-aef7-34d1d0ee189f@group-83C26644CFDA-LeaderElection113] INFO  impl.LeaderElection (LeaderElection.java:logAndReturn(56)) - 4b287a15-77af-487b-aef7-34d1d0ee189f@group-83C26644CFDA-LeaderElection113: Election REJECTED; received 2 response(s) [4b287a15-77af-487b-aef7-34d1d0ee189f<-0aa3649f-570d-46c6-937f-492d7f3a8364#0:FAIL-t108, 4b287a15-77af-487b-aef7-34d1d0ee189f<-4a03179f-3169-4ac7-a075-259968512ef0#0:FAIL-t108] and 0 exception(s); 4b287a15-77af-487b-aef7-34d1d0ee189f@group-83C26644CFDA:t108, leader=null, voted=4b287a15-77af-487b-aef7-34d1d0ee189f, raftlog=4b287a15-77af-487b-aef7-34d1d0ee189f@group-83C26644CFDA-SegmentedRaftLog:OPENED:c-1,f-1,i0, conf=-1: [4b287a15-77af-487b-aef7-34d1d0ee189f:192.168.34.38:38597, 0aa3649f-570d-46c6-937f-492d7f3a8364:192.168.34.38:33209, 4a03179f-3169-4ac7-a075-259968512ef0:192.168.34.38:45833], old=null
2019-10-16 21:01:31,711 [4b287a15-77af-487b-aef7-34d1d0ee189f@group-83C26644CFDA-LeaderElection113] INFO  impl.RaftServerImpl (RaftServerImpl.java:setRole(184)) - 4b287a15-77af-487b-aef7-34d1d0ee189f@group-83C26644CFDA: changes role from CANDIDATE to FOLLOWER at term 108 for DISCOVERED_A_NEW_TERM
2019-10-16 21:01:31,711 [4b287a15-77af-487b-aef7-34d1d0ee189f@group-83C26644CFDA-LeaderElection113] INFO  impl.RoleInfo (RoleInfo.java:shutdownLeaderElection(134)) - 4b287a15-77af-487b-aef7-34d1d0ee189f: shutdown LeaderElection
2019-10-16 21:01:31,711 [4b287a15-77af-487b-aef7-34d1d0ee189f@group-83C26644CFDA-LeaderElection113] INFO  impl.RoleInfo (RoleInfo.java:updateAndGet(143)) - 4b287a15-77af-487b-aef7-34d1d0ee189f: start FollowerState
2019-10-16 21:01:31,895 [Thread-981] INFO  impl.FollowerState (FollowerState.java:run(108)) - 4b287a15-77af-487b-aef7-34d1d0ee189f@group-83C26644CFDA-FollowerState: change to CANDIDATE, lastRpcTime:184ms, electionTimeout:184ms
2019-10-16 21:01:31,896 [Thread-981] INFO  impl.RoleInfo (RoleInfo.java:shutdownFollowerState(121)) - 4b287a15-77af-487b-aef7-34d1d0ee189f: shutdown FollowerState
2019-10-16 21:01:31,896 [Thread-981] INFO  impl.RaftServerImpl (RaftServerImpl.java:setRole(184)) - 4b287a15-77af-487b-aef7-34d1d0ee189f@group-83C26644CFDA: changes role from  FOLLOWER to CANDIDATE at term 108 for changeToCandidate
2019-10-16 21:01:31,896 [Thread-981] INFO  impl.RoleInfo (RoleInfo.java:updateAndGet(143)) - 4b287a15-77af-487b-aef7-34d1d0ee189f: start LeaderElection
2019-10-16 21:01:32,027 [4b287a15-77af-487b-aef7-34d1d0ee189f@group-83C26644CFDA-LeaderElection114] INFO  impl.LeaderElection (LeaderElection.java:askForVotes(178)) - 4b287a15-77af-487b-aef7-34d1d0ee189f@group-83C26644CFDA-LeaderElection114: begin an election at term 109 for -1: [4b287a15-77af-487b-aef7-34d1d0ee189f:192.168.34.38:38597, 0aa3649f-570d-46c6-937f-492d7f3a8364:192.168.34.38:33209, 4a03179f-3169-4ac7-a075-259968512ef0:192.168.34.38:45833], old=null
2019-10-16 21:01:32,030 [grpc-default-executor-1] INFO  impl.RaftServerImpl (RaftServerImpl.java:setRole(184)) - 0aa3649f-570d-46c6-937f-492d7f3a8364@group-83C26644CFDA: changes role from  FOLLOWER to FOLLOWER at term 109 for recognizeCandidate:4b287a15-77af-487b-aef7-34d1d0ee189f
2019-10-16 21:01:32,030 [grpc-default-executor-1] INFO  impl.RoleInfo (RoleInfo.java:shutdownFollowerState(121)) - 0aa3649f-570d-46c6-937f-492d7f3a8364: shutdown FollowerState
2019-10-16 21:01:32,030 [grpc-default-executor-3] INFO  impl.RaftServerImpl (RaftServerImpl.java:setRole(184)) - 4a03179f-3169-4ac7-a075-259968512ef0@group-83C26644CFDA: changes role from  FOLLOWER to FOLLOWER at term 109 for recognizeCandidate:4b287a15-77af-487b-aef7-34d1d0ee189f
2019-10-16 21:01:32,030 [Thread-979] INFO  impl.FollowerState (FollowerState.java:run(117)) - 0aa3649f-570d-46c6-937f-492d7f3a8364@group-83C26644CFDA-FollowerState was interrupted: java.lang.InterruptedException: sleep interrupted
2019-10-16 21:01:32,030 [grpc-default-executor-1] INFO  impl.RoleInfo (RoleInfo.java:updateAndGet(143)) - 0aa3649f-570d-46c6-937f-492d7f3a8364: start FollowerState
2019-10-16 21:01:32,030 [grpc-default-executor-3] INFO  impl.RoleInfo (RoleInfo.java:shutdownFollowerState(121)) - 4a03179f-3169-4ac7-a075-259968512ef0: shutdown FollowerState
2019-10-16 21:01:32,031 [grpc-default-executor-3] INFO  impl.RoleInfo (RoleInfo.java:updateAndGet(143)) - 4a03179f-3169-4ac7-a075-259968512ef0: start FollowerState
2019-10-16 21:01:32,031 [Thread-980] INFO  impl.FollowerState (FollowerState.java:run(117)) - 4a03179f-3169-4ac7-a075-259968512ef0@group-83C26644CFDA-FollowerState was interrupted: java.lang.InterruptedException: sleep interrupted
2019-10-16 21:01:32,041 [4b287a15-77af-487b-aef7-34d1d0ee189f@group-83C26644CFDA-LeaderElection114] INFO  impl.LeaderElection (LeaderElection.java:logAndReturn(56)) - 4b287a15-77af-487b-aef7-34d1d0ee189f@group-83C26644CFDA-LeaderElection114: Election REJECTED; received 2 response(s) [4b287a15-77af-487b-aef7-34d1d0ee189f<-0aa3649f-570d-46c6-937f-492d7f3a8364#0:FAIL-t109, 4b287a15-77af-487b-aef7-34d1d0ee189f<-4a03179f-3169-4ac7-a075-259968512ef0#0:FAIL-t109] and 0 exception(s); 4b287a15-77af-487b-aef7-34d1d0ee189f@group-83C26644CFDA:t109, leader=null, voted=4b287a15-77af-487b-aef7-34d1d0ee189f, raftlog=4b287a15-77af-487b-aef7-34d1d0ee189f@group-83C26644CFDA-SegmentedRaftLog:OPENED:c-1,f-1,i0, conf=-1: [4b287a15-77af-487b-aef7-34d1d0ee189f:192.168.34.38:38597, 0aa3649f-570d-46c6-937f-492d7f3a8364:192.168.34.38:33209, 4a03179f-3169-4ac7-a075-259968512ef0:192.168.34.38:45833], old=null
2019-10-16 21:01:32,041 [4b287a15-77af-487b-aef7-34d1d0ee189f@group-83C26644CFDA-LeaderElection114] INFO  impl.RaftServerImpl (RaftServerImpl.java:setRole(184)) - 4b287a15-77af-487b-aef7-34d1d0ee189f@group-83C26644CFDA: changes role from CANDIDATE to FOLLOWER at term 109 for DISCOVERED_A_NEW_TERM
2019-10-16 21:01:32,041 [4b287a15-77af-487b-aef7-34d1d0ee189f@group-83C26644CFDA-LeaderElection114] INFO  impl.RoleInfo (RoleInfo.java:shutdownLeaderElection(134)) - 4b287a15-77af-487b-aef7-34d1d0ee189f: shutdown LeaderElection
2019-10-16 21:01:32,041 [4b287a15-77af-487b-aef7-34d1d0ee189f@group-83C26644CFDA-LeaderElection114] INFO  impl.RoleInfo (RoleInfo.java:updateAndGet(143)) - 4b287a15-77af-487b-aef7-34d1d0ee189f: start FollowerState
2019-10-16 21:01:32,178 [Thread-987] INFO  impl.FollowerState (FollowerState.java:run(108)) - 4b287a15-77af-487b-aef7-34d1d0ee189f@group-83C26644CFDA-FollowerState: change to CANDIDATE, lastRpcTime:137ms, electionTimeout:137ms
2019-10-16 21:01:32,178 [Thread-987] INFO  impl.RoleInfo (RoleInfo.java:shutdownFollowerState(121)) - 4b287a15-77af-487b-aef7-34d1d0ee189f: shutdown FollowerState
2019-10-16 21:01:32,179 [Thread-987] INFO  impl.RaftServerImpl (RaftServerImpl.java:setRole(184)) - 4b287a15-77af-487b-aef7-34d1d0ee189f@group-83C26644CFDA: changes role from  FOLLOWER to CANDIDATE at term 109 for changeToCandidate
2019-10-16 21:01:32,179 [Thread-987] INFO  impl.RoleInfo (RoleInfo.java:updateAndGet(143)) - 4b287a15-77af-487b-aef7-34d1d0ee189f: start LeaderElection
2019-10-16 21:01:32,185 [4b287a15-77af-487b-aef7-34d1d0ee189f@group-83C26644CFDA-LeaderElection115] INFO  impl.LeaderElection (LeaderElection.java:askForVotes(178)) - 4b287a15-77af-487b-aef7-34d1d0ee189f@group-83C26644CFDA-LeaderElection115: begin an election at term 110 for -1: [4b287a15-77af-487b-aef7-34d1d0ee189f:192.168.34.38:38597, 0aa3649f-570d-46c6-937f-492d7f3a8364:192.168.34.38:33209, 4a03179f-3169-4ac7-a075-259968512ef0:192.168.34.38:45833], old=null
2019-10-16 21:01:32,187 [grpc-default-executor-3] INFO  impl.RaftServerImpl (RaftServerImpl.java:setRole(184)) - 0aa3649f-570d-46c6-937f-492d7f3a8364@group-83C26644CFDA: changes role from  FOLLOWER to FOLLOWER at term 110 for recognizeCandidate:4b287a15-77af-487b-aef7-34d1d0ee189f
2019-10-16 21:01:32,187 [grpc-default-executor-3] INFO  impl.RoleInfo (RoleInfo.java:shutdownFollowerState(121)) - 0aa3649f-570d-46c6-937f-492d7f3a8364: shutdown FollowerState
2019-10-16 21:01:32,187 [grpc-default-executor-1] INFO  impl.RaftServerImpl (RaftServerImpl.java:setRole(184)) - 4a03179f-3169-4ac7-a075-259968512ef0@group-83C26644CFDA: changes role from  FOLLOWER to FOLLOWER at term 110 for recognizeCandidate:4b287a15-77af-487b-aef7-34d1d0ee189f
2019-10-16 21:01:32,187 [Thread-985] INFO  impl.FollowerState (FollowerState.java:run(117)) - 0aa3649f-570d-46c6-937f-492d7f3a8364@group-83C26644CFDA-FollowerState was interrupted: java.lang.InterruptedException: sleep interrupted
2019-10-16 21:01:32,187 [grpc-default-executor-3] INFO  impl.RoleInfo (RoleInfo.java:updateAndGet(143)) - 0aa3649f-570d-46c6-937f-492d7f3a8364: start FollowerState
2019-10-16 21:01:32,187 [grpc-default-executor-1] INFO  impl.RoleInfo (RoleInfo.java:shutdownFollowerState(121)) - 4a03179f-3169-4ac7-a075-259968512ef0: shutdown FollowerState
2019-10-16 21:01:32,188 [grpc-default-executor-1] INFO  impl.RoleInfo (RoleInfo.java:updateAndGet(143)) - 4a03179f-3169-4ac7-a075-259968512ef0: start FollowerState
2019-10-16 21:01:32,188 [Thread-986] INFO  impl.FollowerState (FollowerState.java:run(117)) - 4a03179f-3169-4ac7-a075-259968512ef0@group-83C26644CFDA-FollowerState was interrupted: java.lang.InterruptedException: sleep interrupted
2019-10-16 21:01:32,203 [4b287a15-77af-487b-aef7-34d1d0ee189f@group-83C26644CFDA-LeaderElection115] INFO  impl.LeaderElection (LeaderElection.java:logAndReturn(56)) - 4b287a15-77af-487b-aef7-34d1d0ee189f@group-83C26644CFDA-LeaderElection115: Election REJECTED; received 2 response(s) [4b287a15-77af-487b-aef7-34d1d0ee189f<-0aa3649f-570d-46c6-937f-492d7f3a8364#0:FAIL-t110, 4b287a15-77af-487b-aef7-34d1d0ee189f<-4a03179f-3169-4ac7-a075-259968512ef0#0:FAIL-t110] and 0 exception(s); 4b287a15-77af-487b-aef7-34d1d0ee189f@group-83C26644CFDA:t110, leader=null, voted=4b287a15-77af-487b-aef7-34d1d0ee189f, raftlog=4b287a15-77af-487b-aef7-34d1d0ee189f@group-83C26644CFDA-SegmentedRaftLog:OPENED:c-1,f-1,i0, conf=-1: [4b287a15-77af-487b-aef7-34d1d0ee189f:192.168.34.38:38597, 0aa3649f-570d-46c6-937f-492d7f3a8364:192.168.34.38:33209, 4a03179f-3169-4ac7-a075-259968512ef0:192.168.34.38:45833], old=null
2019-10-16 21:01:32,203 [4b287a15-77af-487b-aef7-34d1d0ee189f@group-83C26644CFDA-LeaderElection115] INFO  impl.RaftServerImpl (RaftServerImpl.java:setRole(184)) - 4b287a15-77af-487b-aef7-34d1d0ee189f@group-83C26644CFDA: changes role from CANDIDATE to FOLLOWER at term 110 for DISCOVERED_A_NEW_TERM
2019-10-16 21:01:32,203 [4b287a15-77af-487b-aef7-34d1d0ee189f@group-83C26644CFDA-LeaderElection115] INFO  impl.RoleInfo (RoleInfo.java:shutdownLeaderElection(134)) - 4b287a15-77af-487b-aef7-34d1d0ee189f: shutdown LeaderElection
2019-10-16 21:01:32,203 [4b287a15-77af-487b-aef7-34d1d0ee189f@group-83C26644CFDA-LeaderElection115] INFO  impl.RoleInfo (RoleInfo.java:updateAndGet(143)) - 4b287a15-77af-487b-aef7-34d1d0ee189f: start FollowerState
2019-10-16 21:01:32,350 [main] INFO  ozone.MiniOzoneClusterImpl (MiniOzoneClusterImpl.java:lambda$waitForClusterToBeReady$2(164)) - Waiting for 1 number of pipelines out of 4, to report a leader.
2019-10-16 21:01:32,396 [Thread-993] INFO  impl.FollowerState (FollowerState.java:run(108)) - 4b287a15-77af-487b-aef7-34d1d0ee189f@group-83C26644CFDA-FollowerState: change to CANDIDATE, lastRpcTime:193ms, electionTimeout:193ms
2019-10-16 21:01:32,397 [Thread-993] INFO  impl.RoleInfo (RoleInfo.java:shutdownFollowerState(121)) - 4b287a15-77af-487b-aef7-34d1d0ee189f: shutdown FollowerState
2019-10-16 21:01:32,397 [Thread-993] INFO  impl.RaftServerImpl (RaftServerImpl.java:setRole(184)) - 4b287a15-77af-487b-aef7-34d1d0ee189f@group-83C26644CFDA: changes role from  FOLLOWER to CANDIDATE at term 110 for changeToCandidate
2019-10-16 21:01:32,397 [Thread-993] INFO  impl.RoleInfo (RoleInfo.java:updateAndGet(143)) - 4b287a15-77af-487b-aef7-34d1d0ee189f: start LeaderElection
2019-10-16 21:01:32,405 [4b287a15-77af-487b-aef7-34d1d0ee189f@group-83C26644CFDA-LeaderElection116] INFO  impl.LeaderElection (LeaderElection.java:askForVotes(178)) - 4b287a15-77af-487b-aef7-34d1d0ee189f@group-83C26644CFDA-LeaderElection116: begin an election at term 111 for -1: [4b287a15-77af-487b-aef7-34d1d0ee189f:192.168.34.38:38597, 0aa3649f-570d-46c6-937f-492d7f3a8364:192.168.34.38:33209, 4a03179f-3169-4ac7-a075-259968512ef0:192.168.34.38:45833], old=null
2019-10-16 21:01:32,408 [grpc-default-executor-1] INFO  impl.RaftServerImpl (RaftServerImpl.java:setRole(184)) - 4a03179f-3169-4ac7-a075-259968512ef0@group-83C26644CFDA: changes role from  FOLLOWER to FOLLOWER at term 111 for recognizeCandidate:4b287a15-77af-487b-aef7-34d1d0ee189f
2019-10-16 21:01:32,408 [grpc-default-executor-3] INFO  impl.RaftServerImpl (RaftServerImpl.java:setRole(184)) - 0aa3649f-570d-46c6-937f-492d7f3a8364@group-83C26644CFDA: changes role from  FOLLOWER to FOLLOWER at term 111 for recognizeCandidate:4b287a15-77af-487b-aef7-34d1d0ee189f
2019-10-16 21:01:32,408 [grpc-default-executor-1] INFO  impl.RoleInfo (RoleInfo.java:shutdownFollowerState(121)) - 4a03179f-3169-4ac7-a075-259968512ef0: shutdown FollowerState
2019-10-16 21:01:32,408 [grpc-default-executor-3] INFO  impl.RoleInfo (RoleInfo.java:shutdownFollowerState(121)) - 0aa3649f-570d-46c6-937f-492d7f3a8364: shutdown FollowerState
2019-10-16 21:01:32,408 [Thread-992] INFO  impl.FollowerState (FollowerState.java:run(117)) - 4a03179f-3169-4ac7-a075-259968512ef0@group-83C26644CFDA-FollowerState was interrupted: java.lang.InterruptedException: sleep interrupted
2019-10-16 21:01:32,408 [grpc-default-executor-1] INFO  impl.RoleInfo (RoleInfo.java:updateAndGet(143)) - 4a03179f-3169-4ac7-a075-259968512ef0: start FollowerState
2019-10-16 21:01:32,408 [Thread-991] INFO  impl.FollowerState (FollowerState.java:run(117)) - 0aa3649f-570d-46c6-937f-492d7f3a8364@group-83C26644CFDA-FollowerState was interrupted: java.lang.InterruptedException: sleep interrupted
2019-10-16 21:01:32,408 [grpc-default-executor-3] INFO  impl.RoleInfo (RoleInfo.java:updateAndGet(143)) - 0aa3649f-570d-46c6-937f-492d7f3a8364: start FollowerState
2019-10-16 21:01:32,416 [4b287a15-77af-487b-aef7-34d1d0ee189f@group-83C26644CFDA-LeaderElection116] INFO  impl.LeaderElection (LeaderElection.java:logAndReturn(56)) - 4b287a15-77af-487b-aef7-34d1d0ee189f@group-83C26644CFDA-LeaderElection116: Election REJECTED; received 2 response(s) [4b287a15-77af-487b-aef7-34d1d0ee189f<-0aa3649f-570d-46c6-937f-492d7f3a8364#0:FAIL-t111, 4b287a15-77af-487b-aef7-34d1d0ee189f<-4a03179f-3169-4ac7-a075-259968512ef0#0:FAIL-t111] and 0 exception(s); 4b287a15-77af-487b-aef7-34d1d0ee189f@group-83C26644CFDA:t111, leader=null, voted=4b287a15-77af-487b-aef7-34d1d0ee189f, raftlog=4b287a15-77af-487b-aef7-34d1d0ee189f@group-83C26644CFDA-SegmentedRaftLog:OPENED:c-1,f-1,i0, conf=-1: [4b287a15-77af-487b-aef7-34d1d0ee189f:192.168.34.38:38597, 0aa3649f-570d-46c6-937f-492d7f3a8364:192.168.34.38:33209, 4a03179f-3169-4ac7-a075-259968512ef0:192.168.34.38:45833], old=null
2019-10-16 21:01:32,416 [4b287a15-77af-487b-aef7-34d1d0ee189f@group-83C26644CFDA-LeaderElection116] INFO  impl.RaftServerImpl (RaftServerImpl.java:setRole(184)) - 4b287a15-77af-487b-aef7-34d1d0ee189f@group-83C26644CFDA: changes role from CANDIDATE to FOLLOWER at term 111 for DISCOVERED_A_NEW_TERM
2019-10-16 21:01:32,416 [4b287a15-77af-487b-aef7-34d1d0ee189f@group-83C26644CFDA-LeaderElection116] INFO  impl.RoleInfo (RoleInfo.java:shutdownLeaderElection(134)) - 4b287a15-77af-487b-aef7-34d1d0ee189f: shutdown LeaderElection
2019-10-16 21:01:32,417 [4b287a15-77af-487b-aef7-34d1d0ee189f@group-83C26644CFDA-LeaderElection116] INFO  impl.RoleInfo (RoleInfo.java:updateAndGet(143)) - 4b287a15-77af-487b-aef7-34d1d0ee189f: start FollowerState
2019-10-16 21:01:32,601 [Thread-999] INFO  impl.FollowerState (FollowerState.java:run(108)) - 4b287a15-77af-487b-aef7-34d1d0ee189f@group-83C26644CFDA-FollowerState: change to CANDIDATE, lastRpcTime:184ms, electionTimeout:184ms
2019-10-16 21:01:32,601 [Thread-999] INFO  impl.RoleInfo (RoleInfo.java:shutdownFollowerState(121)) - 4b287a15-77af-487b-aef7-34d1d0ee189f: shutdown FollowerState
2019-10-16 21:01:32,601 [Thread-999] INFO  impl.RaftServerImpl (RaftServerImpl.java:setRole(184)) - 4b287a15-77af-487b-aef7-34d1d0ee189f@group-83C26644CFDA: changes role from  FOLLOWER to CANDIDATE at term 111 for changeToCandidate
2019-10-16 21:01:32,601 [Thread-999] INFO  impl.RoleInfo (RoleInfo.java:updateAndGet(143)) - 4b287a15-77af-487b-aef7-34d1d0ee189f: start LeaderElection
2019-10-16 21:01:32,610 [4b287a15-77af-487b-aef7-34d1d0ee189f@group-83C26644CFDA-LeaderElection117] INFO  impl.LeaderElection (LeaderElection.java:askForVotes(178)) - 4b287a15-77af-487b-aef7-34d1d0ee189f@group-83C26644CFDA-LeaderElection117: begin an election at term 112 for -1: [4b287a15-77af-487b-aef7-34d1d0ee189f:192.168.34.38:38597, 0aa3649f-570d-46c6-937f-492d7f3a8364:192.168.34.38:33209, 4a03179f-3169-4ac7-a075-259968512ef0:192.168.34.38:45833], old=null
2019-10-16 21:01:32,612 [grpc-default-executor-3] INFO  impl.RaftServerImpl (RaftServerImpl.java:setRole(184)) - 0aa3649f-570d-46c6-937f-492d7f3a8364@group-83C26644CFDA: changes role from  FOLLOWER to FOLLOWER at term 112 for recognizeCandidate:4b287a15-77af-487b-aef7-34d1d0ee189f
2019-10-16 21:01:32,612 [grpc-default-executor-3] INFO  impl.RoleInfo (RoleInfo.java:shutdownFollowerState(121)) - 0aa3649f-570d-46c6-937f-492d7f3a8364: shutdown FollowerState
2019-10-16 21:01:32,612 [grpc-default-executor-1] INFO  impl.RaftServerImpl (RaftServerImpl.java:setRole(184)) - 4a03179f-3169-4ac7-a075-259968512ef0@group-83C26644CFDA: changes role from  FOLLOWER to FOLLOWER at term 112 for recognizeCandidate:4b287a15-77af-487b-aef7-34d1d0ee189f
2019-10-16 21:01:32,612 [Thread-998] INFO  impl.FollowerState (FollowerState.java:run(117)) - 0aa3649f-570d-46c6-937f-492d7f3a8364@group-83C26644CFDA-FollowerState was interrupted: java.lang.InterruptedException: sleep interrupted
2019-10-16 21:01:32,612 [grpc-default-executor-3] INFO  impl.RoleInfo (RoleInfo.java:updateAndGet(143)) - 0aa3649f-570d-46c6-937f-492d7f3a8364: start FollowerState
2019-10-16 21:01:32,613 [grpc-default-executor-1] INFO  impl.RoleInfo (RoleInfo.java:shutdownFollowerState(121)) - 4a03179f-3169-4ac7-a075-259968512ef0: shutdown FollowerState
2019-10-16 21:01:32,613 [grpc-default-executor-1] INFO  impl.RoleInfo (RoleInfo.java:updateAndGet(143)) - 4a03179f-3169-4ac7-a075-259968512ef0: start FollowerState
2019-10-16 21:01:32,613 [Thread-997] INFO  impl.FollowerState (FollowerState.java:run(117)) - 4a03179f-3169-4ac7-a075-259968512ef0@group-83C26644CFDA-FollowerState was interrupted: java.lang.InterruptedException: sleep interrupted
2019-10-16 21:01:32,624 [4b287a15-77af-487b-aef7-34d1d0ee189f@group-83C26644CFDA-LeaderElection117] INFO  impl.LeaderElection (LeaderElection.java:logAndReturn(56)) - 4b287a15-77af-487b-aef7-34d1d0ee189f@group-83C26644CFDA-LeaderElection117: Election REJECTED; received 2 response(s) [4b287a15-77af-487b-aef7-34d1d0ee189f<-0aa3649f-570d-46c6-937f-492d7f3a8364#0:FAIL-t112, 4b287a15-77af-487b-aef7-34d1d0ee189f<-4a03179f-3169-4ac7-a075-259968512ef0#0:FAIL-t112] and 0 exception(s); 4b287a15-77af-487b-aef7-34d1d0ee189f@group-83C26644CFDA:t112, leader=null, voted=4b287a15-77af-487b-aef7-34d1d0ee189f, raftlog=4b287a15-77af-487b-aef7-34d1d0ee189f@group-83C26644CFDA-SegmentedRaftLog:OPENED:c-1,f-1,i0, conf=-1: [4b287a15-77af-487b-aef7-34d1d0ee189f:192.168.34.38:38597, 0aa3649f-570d-46c6-937f-492d7f3a8364:192.168.34.38:33209, 4a03179f-3169-4ac7-a075-259968512ef0:192.168.34.38:45833], old=null
2019-10-16 21:01:32,624 [4b287a15-77af-487b-aef7-34d1d0ee189f@group-83C26644CFDA-LeaderElection117] INFO  impl.RaftServerImpl (RaftServerImpl.java:setRole(184)) - 4b287a15-77af-487b-aef7-34d1d0ee189f@group-83C26644CFDA: changes role from CANDIDATE to FOLLOWER at term 112 for DISCOVERED_A_NEW_TERM
2019-10-16 21:01:32,624 [4b287a15-77af-487b-aef7-34d1d0ee189f@group-83C26644CFDA-LeaderElection117] INFO  impl.RoleInfo (RoleInfo.java:shutdownLeaderElection(134)) - 4b287a15-77af-487b-aef7-34d1d0ee189f: shutdown LeaderElection
2019-10-16 21:01:32,624 [4b287a15-77af-487b-aef7-34d1d0ee189f@group-83C26644CFDA-LeaderElection117] INFO  impl.RoleInfo (RoleInfo.java:updateAndGet(143)) - 4b287a15-77af-487b-aef7-34d1d0ee189f: start FollowerState
2019-10-16 21:01:32,690 [Thread-1005] INFO  impl.FollowerState (FollowerState.java:run(108)) - 4b287a15-77af-487b-aef7-34d1d0ee189f@group-83C26644CFDA-FollowerState: change to CANDIDATE, lastRpcTime:65ms, electionTimeout:65ms
2019-10-16 21:01:32,690 [Thread-1005] INFO  impl.RoleInfo (RoleInfo.java:shutdownFollowerState(121)) - 4b287a15-77af-487b-aef7-34d1d0ee189f: shutdown FollowerState
2019-10-16 21:01:32,690 [Thread-1005] INFO  impl.RaftServerImpl (RaftServerImpl.java:setRole(184)) - 4b287a15-77af-487b-aef7-34d1d0ee189f@group-83C26644CFDA: changes role from  FOLLOWER to CANDIDATE at term 112 for changeToCandidate
2019-10-16 21:01:32,690 [Thread-1005] INFO  impl.RoleInfo (RoleInfo.java:updateAndGet(143)) - 4b287a15-77af-487b-aef7-34d1d0ee189f: start LeaderElection
2019-10-16 21:01:32,703 [4b287a15-77af-487b-aef7-34d1d0ee189f@group-83C26644CFDA-LeaderElection118] INFO  impl.LeaderElection (LeaderElection.java:askForVotes(178)) - 4b287a15-77af-487b-aef7-34d1d0ee189f@group-83C26644CFDA-LeaderElection118: begin an election at term 113 for -1: [4b287a15-77af-487b-aef7-34d1d0ee189f:192.168.34.38:38597, 0aa3649f-570d-46c6-937f-492d7f3a8364:192.168.34.38:33209, 4a03179f-3169-4ac7-a075-259968512ef0:192.168.34.38:45833], old=null
2019-10-16 21:01:32,705 [grpc-default-executor-1] INFO  impl.RaftServerImpl (RaftServerImpl.java:setRole(184)) - 4a03179f-3169-4ac7-a075-259968512ef0@group-83C26644CFDA: changes role from  FOLLOWER to FOLLOWER at term 113 for recognizeCandidate:4b287a15-77af-487b-aef7-34d1d0ee189f
2019-10-16 21:01:32,705 [grpc-default-executor-1] INFO  impl.RoleInfo (RoleInfo.java:shutdownFollowerState(121)) - 4a03179f-3169-4ac7-a075-259968512ef0: shutdown FollowerState
2019-10-16 21:01:32,705 [grpc-default-executor-3] INFO  impl.RaftServerImpl (RaftServerImpl.java:setRole(184)) - 0aa3649f-570d-46c6-937f-492d7f3a8364@group-83C26644CFDA: changes role from  FOLLOWER to FOLLOWER at term 113 for recognizeCandidate:4b287a15-77af-487b-aef7-34d1d0ee189f
2019-10-16 21:01:32,705 [Thread-1004] INFO  impl.FollowerState (FollowerState.java:run(117)) - 4a03179f-3169-4ac7-a075-259968512ef0@group-83C26644CFDA-FollowerState was interrupted: java.lang.InterruptedException: sleep interrupted
2019-10-16 21:01:32,705 [grpc-default-executor-1] INFO  impl.RoleInfo (RoleInfo.java:updateAndGet(143)) - 4a03179f-3169-4ac7-a075-259968512ef0: start FollowerState
2019-10-16 21:01:32,705 [grpc-default-executor-3] INFO  impl.RoleInfo (RoleInfo.java:shutdownFollowerState(121)) - 0aa3649f-570d-46c6-937f-492d7f3a8364: shutdown FollowerState
2019-10-16 21:01:32,706 [grpc-default-executor-3] INFO  impl.RoleInfo (RoleInfo.java:updateAndGet(143)) - 0aa3649f-570d-46c6-937f-492d7f3a8364: start FollowerState
2019-10-16 21:01:32,706 [Thread-1003] INFO  impl.FollowerState (FollowerState.java:run(117)) - 0aa3649f-570d-46c6-937f-492d7f3a8364@group-83C26644CFDA-FollowerState was interrupted: java.lang.InterruptedException: sleep interrupted
2019-10-16 21:01:32,713 [4b287a15-77af-487b-aef7-34d1d0ee189f@group-83C26644CFDA-LeaderElection118] INFO  impl.LeaderElection (LeaderElection.java:logAndReturn(56)) - 4b287a15-77af-487b-aef7-34d1d0ee189f@group-83C26644CFDA-LeaderElection118: Election REJECTED; received 2 response(s) [4b287a15-77af-487b-aef7-34d1d0ee189f<-0aa3649f-570d-46c6-937f-492d7f3a8364#0:FAIL-t113, 4b287a15-77af-487b-aef7-34d1d0ee189f<-4a03179f-3169-4ac7-a075-259968512ef0#0:FAIL-t113] and 0 exception(s); 4b287a15-77af-487b-aef7-34d1d0ee189f@group-83C26644CFDA:t113, leader=null, voted=4b287a15-77af-487b-aef7-34d1d0ee189f, raftlog=4b287a15-77af-487b-aef7-34d1d0ee189f@group-83C26644CFDA-SegmentedRaftLog:OPENED:c-1,f-1,i0, conf=-1: [4b287a15-77af-487b-aef7-34d1d0ee189f:192.168.34.38:38597, 0aa3649f-570d-46c6-937f-492d7f3a8364:192.168.34.38:33209, 4a03179f-3169-4ac7-a075-259968512ef0:192.168.34.38:45833], old=null
2019-10-16 21:01:32,713 [4b287a15-77af-487b-aef7-34d1d0ee189f@group-83C26644CFDA-LeaderElection118] INFO  impl.RaftServerImpl (RaftServerImpl.java:setRole(184)) - 4b287a15-77af-487b-aef7-34d1d0ee189f@group-83C26644CFDA: changes role from CANDIDATE to FOLLOWER at term 113 for DISCOVERED_A_NEW_TERM
2019-10-16 21:01:32,713 [4b287a15-77af-487b-aef7-34d1d0ee189f@group-83C26644CFDA-LeaderElection118] INFO  impl.RoleInfo (RoleInfo.java:shutdownLeaderElection(134)) - 4b287a15-77af-487b-aef7-34d1d0ee189f: shutdown LeaderElection
2019-10-16 21:01:32,714 [4b287a15-77af-487b-aef7-34d1d0ee189f@group-83C26644CFDA-LeaderElection118] INFO  impl.RoleInfo (RoleInfo.java:updateAndGet(143)) - 4b287a15-77af-487b-aef7-34d1d0ee189f: start FollowerState
2019-10-16 21:01:32,825 [Thread-1011] INFO  impl.FollowerState (FollowerState.java:run(108)) - 4b287a15-77af-487b-aef7-34d1d0ee189f@group-83C26644CFDA-FollowerState: change to CANDIDATE, lastRpcTime:111ms, electionTimeout:111ms
2019-10-16 21:01:32,825 [Thread-1011] INFO  impl.RoleInfo (RoleInfo.java:shutdownFollowerState(121)) - 4b287a15-77af-487b-aef7-34d1d0ee189f: shutdown FollowerState
2019-10-16 21:01:32,825 [Thread-1011] INFO  impl.RaftServerImpl (RaftServerImpl.java:setRole(184)) - 4b287a15-77af-487b-aef7-34d1d0ee189f@group-83C26644CFDA: changes role from  FOLLOWER to CANDIDATE at term 113 for changeToCandidate
2019-10-16 21:01:32,825 [Thread-1011] INFO  impl.RoleInfo (RoleInfo.java:updateAndGet(143)) - 4b287a15-77af-487b-aef7-34d1d0ee189f: start LeaderElection
2019-10-16 21:01:32,842 [4b287a15-77af-487b-aef7-34d1d0ee189f@group-83C26644CFDA-LeaderElection119] INFO  impl.LeaderElection (LeaderElection.java:askForVotes(178)) - 4b287a15-77af-487b-aef7-34d1d0ee189f@group-83C26644CFDA-LeaderElection119: begin an election at term 114 for -1: [4b287a15-77af-487b-aef7-34d1d0ee189f:192.168.34.38:38597, 0aa3649f-570d-46c6-937f-492d7f3a8364:192.168.34.38:33209, 4a03179f-3169-4ac7-a075-259968512ef0:192.168.34.38:45833], old=null
2019-10-16 21:01:32,845 [grpc-default-executor-3] INFO  impl.RaftServerImpl (RaftServerImpl.java:setRole(184)) - 4a03179f-3169-4ac7-a075-259968512ef0@group-83C26644CFDA: changes role from  FOLLOWER to FOLLOWER at term 114 for recognizeCandidate:4b287a15-77af-487b-aef7-34d1d0ee189f
2019-10-16 21:01:32,845 [grpc-default-executor-1] INFO  impl.RaftServerImpl (RaftServerImpl.java:setRole(184)) - 0aa3649f-570d-46c6-937f-492d7f3a8364@group-83C26644CFDA: changes role from  FOLLOWER to FOLLOWER at term 114 for recognizeCandidate:4b287a15-77af-487b-aef7-34d1d0ee189f
2019-10-16 21:01:32,845 [grpc-default-executor-1] INFO  impl.RoleInfo (RoleInfo.java:shutdownFollowerState(121)) - 0aa3649f-570d-46c6-937f-492d7f3a8364: shutdown FollowerState
2019-10-16 21:01:32,845 [grpc-default-executor-3] INFO  impl.RoleInfo (RoleInfo.java:shutdownFollowerState(121)) - 4a03179f-3169-4ac7-a075-259968512ef0: shutdown FollowerState
2019-10-16 21:01:32,845 [Thread-1010] INFO  impl.FollowerState (FollowerState.java:run(117)) - 0aa3649f-570d-46c6-937f-492d7f3a8364@group-83C26644CFDA-FollowerState was interrupted: java.lang.InterruptedException: sleep interrupted
2019-10-16 21:01:32,845 [grpc-default-executor-1] INFO  impl.RoleInfo (RoleInfo.java:updateAndGet(143)) - 0aa3649f-570d-46c6-937f-492d7f3a8364: start FollowerState
2019-10-16 21:01:32,846 [grpc-default-executor-3] INFO  impl.RoleInfo (RoleInfo.java:updateAndGet(143)) - 4a03179f-3169-4ac7-a075-259968512ef0: start FollowerState
2019-10-16 21:01:32,846 [Thread-1009] INFO  impl.FollowerState (FollowerState.java:run(117)) - 4a03179f-3169-4ac7-a075-259968512ef0@group-83C26644CFDA-FollowerState was interrupted: java.lang.InterruptedException: sleep interrupted
2019-10-16 21:01:32,871 [4b287a15-77af-487b-aef7-34d1d0ee189f@group-83C26644CFDA-LeaderElection119] INFO  impl.LeaderElection (LeaderElection.java:logAndReturn(56)) - 4b287a15-77af-487b-aef7-34d1d0ee189f@group-83C26644CFDA-LeaderElection119: Election REJECTED; received 2 response(s) [4b287a15-77af-487b-aef7-34d1d0ee189f<-0aa3649f-570d-46c6-937f-492d7f3a8364#0:FAIL-t114, 4b287a15-77af-487b-aef7-34d1d0ee189f<-4a03179f-3169-4ac7-a075-259968512ef0#0:FAIL-t114] and 0 exception(s); 4b287a15-77af-487b-aef7-34d1d0ee189f@group-83C26644CFDA:t114, leader=null, voted=4b287a15-77af-487b-aef7-34d1d0ee189f, raftlog=4b287a15-77af-487b-aef7-34d1d0ee189f@group-83C26644CFDA-SegmentedRaftLog:OPENED:c-1,f-1,i0, conf=-1: [4b287a15-77af-487b-aef7-34d1d0ee189f:192.168.34.38:38597, 0aa3649f-570d-46c6-937f-492d7f3a8364:192.168.34.38:33209, 4a03179f-3169-4ac7-a075-259968512ef0:192.168.34.38:45833], old=null
2019-10-16 21:01:32,871 [4b287a15-77af-487b-aef7-34d1d0ee189f@group-83C26644CFDA-LeaderElection119] INFO  impl.RaftServerImpl (RaftServerImpl.java:setRole(184)) - 4b287a15-77af-487b-aef7-34d1d0ee189f@group-83C26644CFDA: changes role from CANDIDATE to FOLLOWER at term 114 for DISCOVERED_A_NEW_TERM
2019-10-16 21:01:32,871 [4b287a15-77af-487b-aef7-34d1d0ee189f@group-83C26644CFDA-LeaderElection119] INFO  impl.RoleInfo (RoleInfo.java:shutdownLeaderElection(134)) - 4b287a15-77af-487b-aef7-34d1d0ee189f: shutdown LeaderElection
2019-10-16 21:01:32,871 [4b287a15-77af-487b-aef7-34d1d0ee189f@group-83C26644CFDA-LeaderElection119] INFO  impl.RoleInfo (RoleInfo.java:updateAndGet(143)) - 4b287a15-77af-487b-aef7-34d1d0ee189f: start FollowerState
2019-10-16 21:01:32,943 [Thread-1017] INFO  impl.FollowerState (FollowerState.java:run(108)) - 4b287a15-77af-487b-aef7-34d1d0ee189f@group-83C26644CFDA-FollowerState: change to CANDIDATE, lastRpcTime:72ms, electionTimeout:72ms
2019-10-16 21:01:32,944 [Thread-1017] INFO  impl.RoleInfo (RoleInfo.java:shutdownFollowerState(121)) - 4b287a15-77af-487b-aef7-34d1d0ee189f: shutdown FollowerState
2019-10-16 21:01:32,944 [Thread-1017] INFO  impl.RaftServerImpl (RaftServerImpl.java:setRole(184)) - 4b287a15-77af-487b-aef7-34d1d0ee189f@group-83C26644CFDA: changes role from  FOLLOWER to CANDIDATE at term 114 for changeToCandidate
2019-10-16 21:01:32,944 [Thread-1017] INFO  impl.RoleInfo (RoleInfo.java:updateAndGet(143)) - 4b287a15-77af-487b-aef7-34d1d0ee189f: start LeaderElection
2019-10-16 21:01:32,950 [4b287a15-77af-487b-aef7-34d1d0ee189f@group-83C26644CFDA-LeaderElection120] INFO  impl.LeaderElection (LeaderElection.java:askForVotes(178)) - 4b287a15-77af-487b-aef7-34d1d0ee189f@group-83C26644CFDA-LeaderElection120: begin an election at term 115 for -1: [4b287a15-77af-487b-aef7-34d1d0ee189f:192.168.34.38:38597, 0aa3649f-570d-46c6-937f-492d7f3a8364:192.168.34.38:33209, 4a03179f-3169-4ac7-a075-259968512ef0:192.168.34.38:45833], old=null
2019-10-16 21:01:32,952 [grpc-default-executor-1] INFO  impl.RaftServerImpl (RaftServerImpl.java:setRole(184)) - 4a03179f-3169-4ac7-a075-259968512ef0@group-83C26644CFDA: changes role from  FOLLOWER to FOLLOWER at term 115 for recognizeCandidate:4b287a15-77af-487b-aef7-34d1d0ee189f
2019-10-16 21:01:32,952 [grpc-default-executor-3] INFO  impl.RaftServerImpl (RaftServerImpl.java:setRole(184)) - 0aa3649f-570d-46c6-937f-492d7f3a8364@group-83C26644CFDA: changes role from  FOLLOWER to FOLLOWER at term 115 for recognizeCandidate:4b287a15-77af-487b-aef7-34d1d0ee189f
2019-10-16 21:01:32,952 [grpc-default-executor-3] INFO  impl.RoleInfo (RoleInfo.java:shutdownFollowerState(121)) - 0aa3649f-570d-46c6-937f-492d7f3a8364: shutdown FollowerState
2019-10-16 21:01:32,952 [grpc-default-executor-1] INFO  impl.RoleInfo (RoleInfo.java:shutdownFollowerState(121)) - 4a03179f-3169-4ac7-a075-259968512ef0: shutdown FollowerState
2019-10-16 21:01:32,952 [Thread-1015] INFO  impl.FollowerState (FollowerState.java:run(117)) - 0aa3649f-570d-46c6-937f-492d7f3a8364@group-83C26644CFDA-FollowerState was interrupted: java.lang.InterruptedException: sleep interrupted
2019-10-16 21:01:32,953 [grpc-default-executor-1] INFO  impl.RoleInfo (RoleInfo.java:updateAndGet(143)) - 4a03179f-3169-4ac7-a075-259968512ef0: start FollowerState
2019-10-16 21:01:32,952 [grpc-default-executor-3] INFO  impl.RoleInfo (RoleInfo.java:updateAndGet(143)) - 0aa3649f-570d-46c6-937f-492d7f3a8364: start FollowerState
2019-10-16 21:01:32,953 [Thread-1016] INFO  impl.FollowerState (FollowerState.java:run(117)) - 4a03179f-3169-4ac7-a075-259968512ef0@group-83C26644CFDA-FollowerState was interrupted: java.lang.InterruptedException: sleep interrupted
2019-10-16 21:01:32,974 [4b287a15-77af-487b-aef7-34d1d0ee189f@group-83C26644CFDA-LeaderElection120] INFO  impl.LeaderElection (LeaderElection.java:logAndReturn(56)) - 4b287a15-77af-487b-aef7-34d1d0ee189f@group-83C26644CFDA-LeaderElection120: Election REJECTED; received 2 response(s) [4b287a15-77af-487b-aef7-34d1d0ee189f<-0aa3649f-570d-46c6-937f-492d7f3a8364#0:FAIL-t115, 4b287a15-77af-487b-aef7-34d1d0ee189f<-4a03179f-3169-4ac7-a075-259968512ef0#0:FAIL-t115] and 0 exception(s); 4b287a15-77af-487b-aef7-34d1d0ee189f@group-83C26644CFDA:t115, leader=null, voted=4b287a15-77af-487b-aef7-34d1d0ee189f, raftlog=4b287a15-77af-487b-aef7-34d1d0ee189f@group-83C26644CFDA-SegmentedRaftLog:OPENED:c-1,f-1,i0, conf=-1: [4b287a15-77af-487b-aef7-34d1d0ee189f:192.168.34.38:38597, 0aa3649f-570d-46c6-937f-492d7f3a8364:192.168.34.38:33209, 4a03179f-3169-4ac7-a075-259968512ef0:192.168.34.38:45833], old=null
2019-10-16 21:01:32,974 [4b287a15-77af-487b-aef7-34d1d0ee189f@group-83C26644CFDA-LeaderElection120] INFO  impl.RaftServerImpl (RaftServerImpl.java:setRole(184)) - 4b287a15-77af-487b-aef7-34d1d0ee189f@group-83C26644CFDA: changes role from CANDIDATE to FOLLOWER at term 115 for DISCOVERED_A_NEW_TERM
2019-10-16 21:01:32,974 [4b287a15-77af-487b-aef7-34d1d0ee189f@group-83C26644CFDA-LeaderElection120] INFO  impl.RoleInfo (RoleInfo.java:shutdownLeaderElection(134)) - 4b287a15-77af-487b-aef7-34d1d0ee189f: shutdown LeaderElection
2019-10-16 21:01:32,974 [4b287a15-77af-487b-aef7-34d1d0ee189f@group-83C26644CFDA-LeaderElection120] INFO  impl.RoleInfo (RoleInfo.java:updateAndGet(143)) - 4b287a15-77af-487b-aef7-34d1d0ee189f: start FollowerState
2019-10-16 21:01:33,107 [Thread-1023] INFO  impl.FollowerState (FollowerState.java:run(108)) - 4b287a15-77af-487b-aef7-34d1d0ee189f@group-83C26644CFDA-FollowerState: change to CANDIDATE, lastRpcTime:133ms, electionTimeout:133ms
2019-10-16 21:01:33,108 [Thread-1023] INFO  impl.RoleInfo (RoleInfo.java:shutdownFollowerState(121)) - 4b287a15-77af-487b-aef7-34d1d0ee189f: shutdown FollowerState
2019-10-16 21:01:33,108 [Thread-1023] INFO  impl.RaftServerImpl (RaftServerImpl.java:setRole(184)) - 4b287a15-77af-487b-aef7-34d1d0ee189f@group-83C26644CFDA: changes role from  FOLLOWER to CANDIDATE at term 115 for changeToCandidate
2019-10-16 21:01:33,108 [Thread-1023] INFO  impl.RoleInfo (RoleInfo.java:updateAndGet(143)) - 4b287a15-77af-487b-aef7-34d1d0ee189f: start LeaderElection
2019-10-16 21:01:33,121 [4b287a15-77af-487b-aef7-34d1d0ee189f@group-83C26644CFDA-LeaderElection121] INFO  impl.LeaderElection (LeaderElection.java:askForVotes(178)) - 4b287a15-77af-487b-aef7-34d1d0ee189f@group-83C26644CFDA-LeaderElection121: begin an election at term 116 for -1: [4b287a15-77af-487b-aef7-34d1d0ee189f:192.168.34.38:38597, 0aa3649f-570d-46c6-937f-492d7f3a8364:192.168.34.38:33209, 4a03179f-3169-4ac7-a075-259968512ef0:192.168.34.38:45833], old=null
2019-10-16 21:01:33,124 [grpc-default-executor-3] INFO  impl.RaftServerImpl (RaftServerImpl.java:setRole(184)) - 0aa3649f-570d-46c6-937f-492d7f3a8364@group-83C26644CFDA: changes role from  FOLLOWER to FOLLOWER at term 116 for recognizeCandidate:4b287a15-77af-487b-aef7-34d1d0ee189f
2019-10-16 21:01:33,124 [grpc-default-executor-3] INFO  impl.RoleInfo (RoleInfo.java:shutdownFollowerState(121)) - 0aa3649f-570d-46c6-937f-492d7f3a8364: shutdown FollowerState
2019-10-16 21:01:33,124 [grpc-default-executor-1] INFO  impl.RaftServerImpl (RaftServerImpl.java:setRole(184)) - 4a03179f-3169-4ac7-a075-259968512ef0@group-83C26644CFDA: changes role from  FOLLOWER to FOLLOWER at term 116 for recognizeCandidate:4b287a15-77af-487b-aef7-34d1d0ee189f
2019-10-16 21:01:33,124 [grpc-default-executor-1] INFO  impl.RoleInfo (RoleInfo.java:shutdownFollowerState(121)) - 4a03179f-3169-4ac7-a075-259968512ef0: shutdown FollowerState
2019-10-16 21:01:33,124 [Thread-1021] INFO  impl.FollowerState (FollowerState.java:run(117)) - 0aa3649f-570d-46c6-937f-492d7f3a8364@group-83C26644CFDA-FollowerState was interrupted: java.lang.InterruptedException: sleep interrupted
2019-10-16 21:01:33,124 [grpc-default-executor-3] INFO  impl.RoleInfo (RoleInfo.java:updateAndGet(143)) - 0aa3649f-570d-46c6-937f-492d7f3a8364: start FollowerState
2019-10-16 21:01:33,124 [grpc-default-executor-1] INFO  impl.RoleInfo (RoleInfo.java:updateAndGet(143)) - 4a03179f-3169-4ac7-a075-259968512ef0: start FollowerState
2019-10-16 21:01:33,124 [Thread-1022] INFO  impl.FollowerState (FollowerState.java:run(117)) - 4a03179f-3169-4ac7-a075-259968512ef0@group-83C26644CFDA-FollowerState was interrupted: java.lang.InterruptedException: sleep interrupted
2019-10-16 21:01:33,139 [4b287a15-77af-487b-aef7-34d1d0ee189f@group-83C26644CFDA-LeaderElection121] INFO  impl.LeaderElection (LeaderElection.java:logAndReturn(56)) - 4b287a15-77af-487b-aef7-34d1d0ee189f@group-83C26644CFDA-LeaderElection121: Election REJECTED; received 2 response(s) [4b287a15-77af-487b-aef7-34d1d0ee189f<-0aa3649f-570d-46c6-937f-492d7f3a8364#0:FAIL-t116, 4b287a15-77af-487b-aef7-34d1d0ee189f<-4a03179f-3169-4ac7-a075-259968512ef0#0:FAIL-t116] and 0 exception(s); 4b287a15-77af-487b-aef7-34d1d0ee189f@group-83C26644CFDA:t116, leader=null, voted=4b287a15-77af-487b-aef7-34d1d0ee189f, raftlog=4b287a15-77af-487b-aef7-34d1d0ee189f@group-83C26644CFDA-SegmentedRaftLog:OPENED:c-1,f-1,i0, conf=-1: [4b287a15-77af-487b-aef7-34d1d0ee189f:192.168.34.38:38597, 0aa3649f-570d-46c6-937f-492d7f3a8364:192.168.34.38:33209, 4a03179f-3169-4ac7-a075-259968512ef0:192.168.34.38:45833], old=null
2019-10-16 21:01:33,139 [4b287a15-77af-487b-aef7-34d1d0ee189f@group-83C26644CFDA-LeaderElection121] INFO  impl.RaftServerImpl (RaftServerImpl.java:setRole(184)) - 4b287a15-77af-487b-aef7-34d1d0ee189f@group-83C26644CFDA: changes role from CANDIDATE to FOLLOWER at term 116 for DISCOVERED_A_NEW_TERM
2019-10-16 21:01:33,139 [4b287a15-77af-487b-aef7-34d1d0ee189f@group-83C26644CFDA-LeaderElection121] INFO  impl.RoleInfo (RoleInfo.java:shutdownLeaderElection(134)) - 4b287a15-77af-487b-aef7-34d1d0ee189f: shutdown LeaderElection
2019-10-16 21:01:33,140 [4b287a15-77af-487b-aef7-34d1d0ee189f@group-83C26644CFDA-LeaderElection121] INFO  impl.RoleInfo (RoleInfo.java:updateAndGet(143)) - 4b287a15-77af-487b-aef7-34d1d0ee189f: start FollowerState
2019-10-16 21:01:33,197 [Thread-1029] INFO  impl.FollowerState (FollowerState.java:run(108)) - 4b287a15-77af-487b-aef7-34d1d0ee189f@group-83C26644CFDA-FollowerState: change to CANDIDATE, lastRpcTime:57ms, electionTimeout:57ms
2019-10-16 21:01:33,197 [Thread-1029] INFO  impl.RoleInfo (RoleInfo.java:shutdownFollowerState(121)) - 4b287a15-77af-487b-aef7-34d1d0ee189f: shutdown FollowerState
2019-10-16 21:01:33,197 [Thread-1029] INFO  impl.RaftServerImpl (RaftServerImpl.java:setRole(184)) - 4b287a15-77af-487b-aef7-34d1d0ee189f@group-83C26644CFDA: changes role from  FOLLOWER to CANDIDATE at term 116 for changeToCandidate
2019-10-16 21:01:33,197 [Thread-1029] INFO  impl.RoleInfo (RoleInfo.java:updateAndGet(143)) - 4b287a15-77af-487b-aef7-34d1d0ee189f: start LeaderElection
2019-10-16 21:01:33,210 [4b287a15-77af-487b-aef7-34d1d0ee189f@group-83C26644CFDA-LeaderElection122] INFO  impl.LeaderElection (LeaderElection.java:askForVotes(178)) - 4b287a15-77af-487b-aef7-34d1d0ee189f@group-83C26644CFDA-LeaderElection122: begin an election at term 117 for -1: [4b287a15-77af-487b-aef7-34d1d0ee189f:192.168.34.38:38597, 0aa3649f-570d-46c6-937f-492d7f3a8364:192.168.34.38:33209, 4a03179f-3169-4ac7-a075-259968512ef0:192.168.34.38:45833], old=null
2019-10-16 21:01:33,212 [grpc-default-executor-3] INFO  impl.RaftServerImpl (RaftServerImpl.java:setRole(184)) - 0aa3649f-570d-46c6-937f-492d7f3a8364@group-83C26644CFDA: changes role from  FOLLOWER to FOLLOWER at term 117 for recognizeCandidate:4b287a15-77af-487b-aef7-34d1d0ee189f
2019-10-16 21:01:33,212 [grpc-default-executor-3] INFO  impl.RoleInfo (RoleInfo.java:shutdownFollowerState(121)) - 0aa3649f-570d-46c6-937f-492d7f3a8364: shutdown FollowerState
2019-10-16 21:01:33,212 [grpc-default-executor-1] INFO  impl.RaftServerImpl (RaftServerImpl.java:setRole(184)) - 4a03179f-3169-4ac7-a075-259968512ef0@group-83C26644CFDA: changes role from  FOLLOWER to FOLLOWER at term 117 for recognizeCandidate:4b287a15-77af-487b-aef7-34d1d0ee189f
2019-10-16 21:01:33,212 [Thread-1027] INFO  impl.FollowerState (FollowerState.java:run(117)) - 0aa3649f-570d-46c6-937f-492d7f3a8364@group-83C26644CFDA-FollowerState was interrupted: java.lang.InterruptedException: sleep interrupted
2019-10-16 21:01:33,212 [grpc-default-executor-3] INFO  impl.RoleInfo (RoleInfo.java:updateAndGet(143)) - 0aa3649f-570d-46c6-937f-492d7f3a8364: start FollowerState
2019-10-16 21:01:33,213 [grpc-default-executor-1] INFO  impl.RoleInfo (RoleInfo.java:shutdownFollowerState(121)) - 4a03179f-3169-4ac7-a075-259968512ef0: shutdown FollowerState
2019-10-16 21:01:33,213 [grpc-default-executor-1] INFO  impl.RoleInfo (RoleInfo.java:updateAndGet(143)) - 4a03179f-3169-4ac7-a075-259968512ef0: start FollowerState
2019-10-16 21:01:33,213 [Thread-1028] INFO  impl.FollowerState (FollowerState.java:run(117)) - 4a03179f-3169-4ac7-a075-259968512ef0@group-83C26644CFDA-FollowerState was interrupted: java.lang.InterruptedException: sleep interrupted
2019-10-16 21:01:33,230 [4b287a15-77af-487b-aef7-34d1d0ee189f@group-83C26644CFDA-LeaderElection122] INFO  impl.LeaderElection (LeaderElection.java:logAndReturn(56)) - 4b287a15-77af-487b-aef7-34d1d0ee189f@group-83C26644CFDA-LeaderElection122: Election REJECTED; received 2 response(s) [4b287a15-77af-487b-aef7-34d1d0ee189f<-0aa3649f-570d-46c6-937f-492d7f3a8364#0:FAIL-t117, 4b287a15-77af-487b-aef7-34d1d0ee189f<-4a03179f-3169-4ac7-a075-259968512ef0#0:FAIL-t117] and 0 exception(s); 4b287a15-77af-487b-aef7-34d1d0ee189f@group-83C26644CFDA:t117, leader=null, voted=4b287a15-77af-487b-aef7-34d1d0ee189f, raftlog=4b287a15-77af-487b-aef7-34d1d0ee189f@group-83C26644CFDA-SegmentedRaftLog:OPENED:c-1,f-1,i0, conf=-1: [4b287a15-77af-487b-aef7-34d1d0ee189f:192.168.34.38:38597, 0aa3649f-570d-46c6-937f-492d7f3a8364:192.168.34.38:33209, 4a03179f-3169-4ac7-a075-259968512ef0:192.168.34.38:45833], old=null
2019-10-16 21:01:33,230 [4b287a15-77af-487b-aef7-34d1d0ee189f@group-83C26644CFDA-LeaderElection122] INFO  impl.RaftServerImpl (RaftServerImpl.java:setRole(184)) - 4b287a15-77af-487b-aef7-34d1d0ee189f@group-83C26644CFDA: changes role from CANDIDATE to FOLLOWER at term 117 for DISCOVERED_A_NEW_TERM
2019-10-16 21:01:33,230 [4b287a15-77af-487b-aef7-34d1d0ee189f@group-83C26644CFDA-LeaderElection122] INFO  impl.RoleInfo (RoleInfo.java:shutdownLeaderElection(134)) - 4b287a15-77af-487b-aef7-34d1d0ee189f: shutdown LeaderElection
2019-10-16 21:01:33,231 [4b287a15-77af-487b-aef7-34d1d0ee189f@group-83C26644CFDA-LeaderElection122] INFO  impl.RoleInfo (RoleInfo.java:updateAndGet(143)) - 4b287a15-77af-487b-aef7-34d1d0ee189f: start FollowerState
2019-10-16 21:01:33,309 [Thread-1035] INFO  impl.FollowerState (FollowerState.java:run(108)) - 4b287a15-77af-487b-aef7-34d1d0ee189f@group-83C26644CFDA-FollowerState: change to CANDIDATE, lastRpcTime:78ms, electionTimeout:78ms
2019-10-16 21:01:33,309 [Thread-1035] INFO  impl.RoleInfo (RoleInfo.java:shutdownFollowerState(121)) - 4b287a15-77af-487b-aef7-34d1d0ee189f: shutdown FollowerState
2019-10-16 21:01:33,309 [Thread-1035] INFO  impl.RaftServerImpl (RaftServerImpl.java:setRole(184)) - 4b287a15-77af-487b-aef7-34d1d0ee189f@group-83C26644CFDA: changes role from  FOLLOWER to CANDIDATE at term 117 for changeToCandidate
2019-10-16 21:01:33,309 [Thread-1035] INFO  impl.RoleInfo (RoleInfo.java:updateAndGet(143)) - 4b287a15-77af-487b-aef7-34d1d0ee189f: start LeaderElection
2019-10-16 21:01:33,323 [4b287a15-77af-487b-aef7-34d1d0ee189f@group-83C26644CFDA-LeaderElection123] INFO  impl.LeaderElection (LeaderElection.java:askForVotes(178)) - 4b287a15-77af-487b-aef7-34d1d0ee189f@group-83C26644CFDA-LeaderElection123: begin an election at term 118 for -1: [4b287a15-77af-487b-aef7-34d1d0ee189f:192.168.34.38:38597, 0aa3649f-570d-46c6-937f-492d7f3a8364:192.168.34.38:33209, 4a03179f-3169-4ac7-a075-259968512ef0:192.168.34.38:45833], old=null
2019-10-16 21:01:33,325 [grpc-default-executor-1] INFO  impl.RaftServerImpl (RaftServerImpl.java:setRole(184)) - 0aa3649f-570d-46c6-937f-492d7f3a8364@group-83C26644CFDA: changes role from  FOLLOWER to FOLLOWER at term 118 for recognizeCandidate:4b287a15-77af-487b-aef7-34d1d0ee189f
2019-10-16 21:01:33,325 [grpc-default-executor-3] INFO  impl.RaftServerImpl (RaftServerImpl.java:setRole(184)) - 4a03179f-3169-4ac7-a075-259968512ef0@group-83C26644CFDA: changes role from  FOLLOWER to FOLLOWER at term 118 for recognizeCandidate:4b287a15-77af-487b-aef7-34d1d0ee189f
2019-10-16 21:01:33,325 [grpc-default-executor-1] INFO  impl.RoleInfo (RoleInfo.java:shutdownFollowerState(121)) - 0aa3649f-570d-46c6-937f-492d7f3a8364: shutdown FollowerState
2019-10-16 21:01:33,325 [grpc-default-executor-3] INFO  impl.RoleInfo (RoleInfo.java:shutdownFollowerState(121)) - 4a03179f-3169-4ac7-a075-259968512ef0: shutdown FollowerState
2019-10-16 21:01:33,326 [Thread-1033] INFO  impl.FollowerState (FollowerState.java:run(117)) - 0aa3649f-570d-46c6-937f-492d7f3a8364@group-83C26644CFDA-FollowerState was interrupted: java.lang.InterruptedException: sleep interrupted
2019-10-16 21:01:33,326 [grpc-default-executor-1] INFO  impl.RoleInfo (RoleInfo.java:updateAndGet(143)) - 0aa3649f-570d-46c6-937f-492d7f3a8364: start FollowerState
2019-10-16 21:01:33,326 [Thread-1034] INFO  impl.FollowerState (FollowerState.java:run(117)) - 4a03179f-3169-4ac7-a075-259968512ef0@group-83C26644CFDA-FollowerState was interrupted: java.lang.InterruptedException: sleep interrupted
2019-10-16 21:01:33,326 [grpc-default-executor-3] INFO  impl.RoleInfo (RoleInfo.java:updateAndGet(143)) - 4a03179f-3169-4ac7-a075-259968512ef0: start FollowerState
2019-10-16 21:01:33,341 [4b287a15-77af-487b-aef7-34d1d0ee189f@group-83C26644CFDA-LeaderElection123] INFO  impl.LeaderElection (LeaderElection.java:logAndReturn(56)) - 4b287a15-77af-487b-aef7-34d1d0ee189f@group-83C26644CFDA-LeaderElection123: Election REJECTED; received 2 response(s) [4b287a15-77af-487b-aef7-34d1d0ee189f<-0aa3649f-570d-46c6-937f-492d7f3a8364#0:FAIL-t118, 4b287a15-77af-487b-aef7-34d1d0ee189f<-4a03179f-3169-4ac7-a075-259968512ef0#0:FAIL-t118] and 0 exception(s); 4b287a15-77af-487b-aef7-34d1d0ee189f@group-83C26644CFDA:t118, leader=null, voted=4b287a15-77af-487b-aef7-34d1d0ee189f, raftlog=4b287a15-77af-487b-aef7-34d1d0ee189f@group-83C26644CFDA-SegmentedRaftLog:OPENED:c-1,f-1,i0, conf=-1: [4b287a15-77af-487b-aef7-34d1d0ee189f:192.168.34.38:38597, 0aa3649f-570d-46c6-937f-492d7f3a8364:192.168.34.38:33209, 4a03179f-3169-4ac7-a075-259968512ef0:192.168.34.38:45833], old=null
2019-10-16 21:01:33,341 [4b287a15-77af-487b-aef7-34d1d0ee189f@group-83C26644CFDA-LeaderElection123] INFO  impl.RaftServerImpl (RaftServerImpl.java:setRole(184)) - 4b287a15-77af-487b-aef7-34d1d0ee189f@group-83C26644CFDA: changes role from CANDIDATE to FOLLOWER at term 118 for DISCOVERED_A_NEW_TERM
2019-10-16 21:01:33,341 [4b287a15-77af-487b-aef7-34d1d0ee189f@group-83C26644CFDA-LeaderElection123] INFO  impl.RoleInfo (RoleInfo.java:shutdownLeaderElection(134)) - 4b287a15-77af-487b-aef7-34d1d0ee189f: shutdown LeaderElection
2019-10-16 21:01:33,341 [4b287a15-77af-487b-aef7-34d1d0ee189f@group-83C26644CFDA-LeaderElection123] INFO  impl.RoleInfo (RoleInfo.java:updateAndGet(143)) - 4b287a15-77af-487b-aef7-34d1d0ee189f: start FollowerState
2019-10-16 21:01:33,350 [main] INFO  ozone.MiniOzoneClusterImpl (MiniOzoneClusterImpl.java:lambda$waitForClusterToBeReady$2(164)) - Waiting for 1 number of pipelines out of 4, to report a leader.
2019-10-16 21:01:33,464 [Thread-1041] INFO  impl.FollowerState (FollowerState.java:run(108)) - 4b287a15-77af-487b-aef7-34d1d0ee189f@group-83C26644CFDA-FollowerState: change to CANDIDATE, lastRpcTime:122ms, electionTimeout:122ms
2019-10-16 21:01:33,464 [Thread-1041] INFO  impl.RoleInfo (RoleInfo.java:shutdownFollowerState(121)) - 4b287a15-77af-487b-aef7-34d1d0ee189f: shutdown FollowerState
2019-10-16 21:01:33,464 [Thread-1041] INFO  impl.RaftServerImpl (RaftServerImpl.java:setRole(184)) - 4b287a15-77af-487b-aef7-34d1d0ee189f@group-83C26644CFDA: changes role from  FOLLOWER to CANDIDATE at term 118 for changeToCandidate
2019-10-16 21:01:33,464 [Thread-1041] INFO  impl.RoleInfo (RoleInfo.java:updateAndGet(143)) - 4b287a15-77af-487b-aef7-34d1d0ee189f: start LeaderElection
2019-10-16 21:01:33,478 [4b287a15-77af-487b-aef7-34d1d0ee189f@group-83C26644CFDA-LeaderElection124] INFO  impl.LeaderElection (LeaderElection.java:askForVotes(178)) - 4b287a15-77af-487b-aef7-34d1d0ee189f@group-83C26644CFDA-LeaderElection124: begin an election at term 119 for -1: [4b287a15-77af-487b-aef7-34d1d0ee189f:192.168.34.38:38597, 0aa3649f-570d-46c6-937f-492d7f3a8364:192.168.34.38:33209, 4a03179f-3169-4ac7-a075-259968512ef0:192.168.34.38:45833], old=null
2019-10-16 21:01:33,480 [grpc-default-executor-1] INFO  impl.RaftServerImpl (RaftServerImpl.java:setRole(184)) - 4a03179f-3169-4ac7-a075-259968512ef0@group-83C26644CFDA: changes role from  FOLLOWER to FOLLOWER at term 119 for recognizeCandidate:4b287a15-77af-487b-aef7-34d1d0ee189f
2019-10-16 21:01:33,480 [grpc-default-executor-3] INFO  impl.RaftServerImpl (RaftServerImpl.java:setRole(184)) - 0aa3649f-570d-46c6-937f-492d7f3a8364@group-83C26644CFDA: changes role from  FOLLOWER to FOLLOWER at term 119 for recognizeCandidate:4b287a15-77af-487b-aef7-34d1d0ee189f
2019-10-16 21:01:33,480 [grpc-default-executor-1] INFO  impl.RoleInfo (RoleInfo.java:shutdownFollowerState(121)) - 4a03179f-3169-4ac7-a075-259968512ef0: shutdown FollowerState
2019-10-16 21:01:33,480 [grpc-default-executor-3] INFO  impl.RoleInfo (RoleInfo.java:shutdownFollowerState(121)) - 0aa3649f-570d-46c6-937f-492d7f3a8364: shutdown FollowerState
2019-10-16 21:01:33,480 [Thread-1040] INFO  impl.FollowerState (FollowerState.java:run(117)) - 4a03179f-3169-4ac7-a075-259968512ef0@group-83C26644CFDA-FollowerState was interrupted: java.lang.InterruptedException: sleep interrupted
2019-10-16 21:01:33,480 [grpc-default-executor-1] INFO  impl.RoleInfo (RoleInfo.java:updateAndGet(143)) - 4a03179f-3169-4ac7-a075-259968512ef0: start FollowerState
2019-10-16 21:01:33,480 [Thread-1039] INFO  impl.FollowerState (FollowerState.java:run(117)) - 0aa3649f-570d-46c6-937f-492d7f3a8364@group-83C26644CFDA-FollowerState was interrupted: java.lang.InterruptedException: sleep interrupted
2019-10-16 21:01:33,480 [grpc-default-executor-3] INFO  impl.RoleInfo (RoleInfo.java:updateAndGet(143)) - 0aa3649f-570d-46c6-937f-492d7f3a8364: start FollowerState
2019-10-16 21:01:33,505 [4b287a15-77af-487b-aef7-34d1d0ee189f@group-83C26644CFDA-LeaderElection124] INFO  impl.LeaderElection (LeaderElection.java:logAndReturn(56)) - 4b287a15-77af-487b-aef7-34d1d0ee189f@group-83C26644CFDA-LeaderElection124: Election REJECTED; received 2 response(s) [4b287a15-77af-487b-aef7-34d1d0ee189f<-0aa3649f-570d-46c6-937f-492d7f3a8364#0:FAIL-t119, 4b287a15-77af-487b-aef7-34d1d0ee189f<-4a03179f-3169-4ac7-a075-259968512ef0#0:FAIL-t119] and 0 exception(s); 4b287a15-77af-487b-aef7-34d1d0ee189f@group-83C26644CFDA:t119, leader=null, voted=4b287a15-77af-487b-aef7-34d1d0ee189f, raftlog=4b287a15-77af-487b-aef7-34d1d0ee189f@group-83C26644CFDA-SegmentedRaftLog:OPENED:c-1,f-1,i0, conf=-1: [4b287a15-77af-487b-aef7-34d1d0ee189f:192.168.34.38:38597, 0aa3649f-570d-46c6-937f-492d7f3a8364:192.168.34.38:33209, 4a03179f-3169-4ac7-a075-259968512ef0:192.168.34.38:45833], old=null
2019-10-16 21:01:33,505 [4b287a15-77af-487b-aef7-34d1d0ee189f@group-83C26644CFDA-LeaderElection124] INFO  impl.RaftServerImpl (RaftServerImpl.java:setRole(184)) - 4b287a15-77af-487b-aef7-34d1d0ee189f@group-83C26644CFDA: changes role from CANDIDATE to FOLLOWER at term 119 for DISCOVERED_A_NEW_TERM
2019-10-16 21:01:33,505 [4b287a15-77af-487b-aef7-34d1d0ee189f@group-83C26644CFDA-LeaderElection124] INFO  impl.RoleInfo (RoleInfo.java:shutdownLeaderElection(134)) - 4b287a15-77af-487b-aef7-34d1d0ee189f: shutdown LeaderElection
2019-10-16 21:01:33,505 [4b287a15-77af-487b-aef7-34d1d0ee189f@group-83C26644CFDA-LeaderElection124] INFO  impl.RoleInfo (RoleInfo.java:updateAndGet(143)) - 4b287a15-77af-487b-aef7-34d1d0ee189f: start FollowerState
2019-10-16 21:01:33,599 [Thread-1047] INFO  impl.FollowerState (FollowerState.java:run(108)) - 4b287a15-77af-487b-aef7-34d1d0ee189f@group-83C26644CFDA-FollowerState: change to CANDIDATE, lastRpcTime:93ms, electionTimeout:93ms
2019-10-16 21:01:33,599 [Thread-1047] INFO  impl.RoleInfo (RoleInfo.java:shutdownFollowerState(121)) - 4b287a15-77af-487b-aef7-34d1d0ee189f: shutdown FollowerState
2019-10-16 21:01:33,599 [Thread-1047] INFO  impl.RaftServerImpl (RaftServerImpl.java:setRole(184)) - 4b287a15-77af-487b-aef7-34d1d0ee189f@group-83C26644CFDA: changes role from  FOLLOWER to CANDIDATE at term 119 for changeToCandidate
2019-10-16 21:01:33,599 [Thread-1047] INFO  impl.RoleInfo (RoleInfo.java:updateAndGet(143)) - 4b287a15-77af-487b-aef7-34d1d0ee189f: start LeaderElection
2019-10-16 21:01:33,660 [4b287a15-77af-487b-aef7-34d1d0ee189f@group-83C26644CFDA-LeaderElection125] INFO  impl.LeaderElection (LeaderElection.java:askForVotes(178)) - 4b287a15-77af-487b-aef7-34d1d0ee189f@group-83C26644CFDA-LeaderElection125: begin an election at term 120 for -1: [4b287a15-77af-487b-aef7-34d1d0ee189f:192.168.34.38:38597, 0aa3649f-570d-46c6-937f-492d7f3a8364:192.168.34.38:33209, 4a03179f-3169-4ac7-a075-259968512ef0:192.168.34.38:45833], old=null
2019-10-16 21:01:33,662 [grpc-default-executor-1] INFO  impl.RaftServerImpl (RaftServerImpl.java:setRole(184)) - 4a03179f-3169-4ac7-a075-259968512ef0@group-83C26644CFDA: changes role from  FOLLOWER to FOLLOWER at term 120 for recognizeCandidate:4b287a15-77af-487b-aef7-34d1d0ee189f
2019-10-16 21:01:33,662 [grpc-default-executor-3] INFO  impl.RaftServerImpl (RaftServerImpl.java:setRole(184)) - 0aa3649f-570d-46c6-937f-492d7f3a8364@group-83C26644CFDA: changes role from  FOLLOWER to FOLLOWER at term 120 for recognizeCandidate:4b287a15-77af-487b-aef7-34d1d0ee189f
2019-10-16 21:01:33,662 [grpc-default-executor-1] INFO  impl.RoleInfo (RoleInfo.java:shutdownFollowerState(121)) - 4a03179f-3169-4ac7-a075-259968512ef0: shutdown FollowerState
2019-10-16 21:01:33,663 [grpc-default-executor-3] INFO  impl.RoleInfo (RoleInfo.java:shutdownFollowerState(121)) - 0aa3649f-570d-46c6-937f-492d7f3a8364: shutdown FollowerState
2019-10-16 21:01:33,663 [Thread-1045] INFO  impl.FollowerState (FollowerState.java:run(117)) - 4a03179f-3169-4ac7-a075-259968512ef0@group-83C26644CFDA-FollowerState was interrupted: java.lang.InterruptedException: sleep interrupted
2019-10-16 21:01:33,663 [Thread-1046] INFO  impl.FollowerState (FollowerState.java:run(117)) - 0aa3649f-570d-46c6-937f-492d7f3a8364@group-83C26644CFDA-FollowerState was interrupted: java.lang.InterruptedException: sleep interrupted
2019-10-16 21:01:33,663 [grpc-default-executor-1] INFO  impl.RoleInfo (RoleInfo.java:updateAndGet(143)) - 4a03179f-3169-4ac7-a075-259968512ef0: start FollowerState
2019-10-16 21:01:33,663 [grpc-default-executor-3] INFO  impl.RoleInfo (RoleInfo.java:updateAndGet(143)) - 0aa3649f-570d-46c6-937f-492d7f3a8364: start FollowerState
2019-10-16 21:01:33,678 [4b287a15-77af-487b-aef7-34d1d0ee189f@group-83C26644CFDA-LeaderElection125] INFO  impl.LeaderElection (LeaderElection.java:logAndReturn(56)) - 4b287a15-77af-487b-aef7-34d1d0ee189f@group-83C26644CFDA-LeaderElection125: Election REJECTED; received 2 response(s) [4b287a15-77af-487b-aef7-34d1d0ee189f<-0aa3649f-570d-46c6-937f-492d7f3a8364#0:FAIL-t120, 4b287a15-77af-487b-aef7-34d1d0ee189f<-4a03179f-3169-4ac7-a075-259968512ef0#0:FAIL-t120] and 0 exception(s); 4b287a15-77af-487b-aef7-34d1d0ee189f@group-83C26644CFDA:t120, leader=null, voted=4b287a15-77af-487b-aef7-34d1d0ee189f, raftlog=4b287a15-77af-487b-aef7-34d1d0ee189f@group-83C26644CFDA-SegmentedRaftLog:OPENED:c-1,f-1,i0, conf=-1: [4b287a15-77af-487b-aef7-34d1d0ee189f:192.168.34.38:38597, 0aa3649f-570d-46c6-937f-492d7f3a8364:192.168.34.38:33209, 4a03179f-3169-4ac7-a075-259968512ef0:192.168.34.38:45833], old=null
2019-10-16 21:01:33,679 [4b287a15-77af-487b-aef7-34d1d0ee189f@group-83C26644CFDA-LeaderElection125] INFO  impl.RaftServerImpl (RaftServerImpl.java:setRole(184)) - 4b287a15-77af-487b-aef7-34d1d0ee189f@group-83C26644CFDA: changes role from CANDIDATE to FOLLOWER at term 120 for DISCOVERED_A_NEW_TERM
2019-10-16 21:01:33,679 [4b287a15-77af-487b-aef7-34d1d0ee189f@group-83C26644CFDA-LeaderElection125] INFO  impl.RoleInfo (RoleInfo.java:shutdownLeaderElection(134)) - 4b287a15-77af-487b-aef7-34d1d0ee189f: shutdown LeaderElection
2019-10-16 21:01:33,679 [4b287a15-77af-487b-aef7-34d1d0ee189f@group-83C26644CFDA-LeaderElection125] INFO  impl.RoleInfo (RoleInfo.java:updateAndGet(143)) - 4b287a15-77af-487b-aef7-34d1d0ee189f: start FollowerState
2019-10-16 21:01:33,697 [Thread-1053] INFO  impl.FollowerState (FollowerState.java:run(108)) - 4b287a15-77af-487b-aef7-34d1d0ee189f@group-83C26644CFDA-FollowerState: change to CANDIDATE, lastRpcTime:18ms, electionTimeout:18ms
2019-10-16 21:01:33,697 [Thread-1053] INFO  impl.RoleInfo (RoleInfo.java:shutdownFollowerState(121)) - 4b287a15-77af-487b-aef7-34d1d0ee189f: shutdown FollowerState
2019-10-16 21:01:33,697 [Thread-1053] INFO  impl.RaftServerImpl (RaftServerImpl.java:setRole(184)) - 4b287a15-77af-487b-aef7-34d1d0ee189f@group-83C26644CFDA: changes role from  FOLLOWER to CANDIDATE at term 120 for changeToCandidate
2019-10-16 21:01:33,697 [Thread-1053] INFO  impl.RoleInfo (RoleInfo.java:updateAndGet(143)) - 4b287a15-77af-487b-aef7-34d1d0ee189f: start LeaderElection
2019-10-16 21:01:33,711 [4b287a15-77af-487b-aef7-34d1d0ee189f@group-83C26644CFDA-LeaderElection126] INFO  impl.LeaderElection (LeaderElection.java:askForVotes(178)) - 4b287a15-77af-487b-aef7-34d1d0ee189f@group-83C26644CFDA-LeaderElection126: begin an election at term 121 for -1: [4b287a15-77af-487b-aef7-34d1d0ee189f:192.168.34.38:38597, 0aa3649f-570d-46c6-937f-492d7f3a8364:192.168.34.38:33209, 4a03179f-3169-4ac7-a075-259968512ef0:192.168.34.38:45833], old=null
2019-10-16 21:01:33,713 [grpc-default-executor-3] INFO  impl.RaftServerImpl (RaftServerImpl.java:setRole(184)) - 4a03179f-3169-4ac7-a075-259968512ef0@group-83C26644CFDA: changes role from  FOLLOWER to FOLLOWER at term 121 for recognizeCandidate:4b287a15-77af-487b-aef7-34d1d0ee189f
2019-10-16 21:01:33,714 [grpc-default-executor-3] INFO  impl.RoleInfo (RoleInfo.java:shutdownFollowerState(121)) - 4a03179f-3169-4ac7-a075-259968512ef0: shutdown FollowerState
2019-10-16 21:01:33,714 [grpc-default-executor-3] INFO  impl.RoleInfo (RoleInfo.java:updateAndGet(143)) - 4a03179f-3169-4ac7-a075-259968512ef0: start FollowerState
2019-10-16 21:01:33,714 [grpc-default-executor-1] INFO  impl.RaftServerImpl (RaftServerImpl.java:setRole(184)) - 0aa3649f-570d-46c6-937f-492d7f3a8364@group-83C26644CFDA: changes role from  FOLLOWER to FOLLOWER at term 121 for recognizeCandidate:4b287a15-77af-487b-aef7-34d1d0ee189f
2019-10-16 21:01:33,714 [grpc-default-executor-1] INFO  impl.RoleInfo (RoleInfo.java:shutdownFollowerState(121)) - 0aa3649f-570d-46c6-937f-492d7f3a8364: shutdown FollowerState
2019-10-16 21:01:33,714 [Thread-1051] INFO  impl.FollowerState (FollowerState.java:run(117)) - 4a03179f-3169-4ac7-a075-259968512ef0@group-83C26644CFDA-FollowerState was interrupted: java.lang.InterruptedException: sleep interrupted
2019-10-16 21:01:33,714 [Thread-1052] INFO  impl.FollowerState (FollowerState.java:run(117)) - 0aa3649f-570d-46c6-937f-492d7f3a8364@group-83C26644CFDA-FollowerState was interrupted: java.lang.InterruptedException: sleep interrupted
2019-10-16 21:01:33,714 [grpc-default-executor-1] INFO  impl.RoleInfo (RoleInfo.java:updateAndGet(143)) - 0aa3649f-570d-46c6-937f-492d7f3a8364: start FollowerState
2019-10-16 21:01:33,728 [4b287a15-77af-487b-aef7-34d1d0ee189f@group-83C26644CFDA-LeaderElection126] INFO  impl.LeaderElection (LeaderElection.java:logAndReturn(56)) - 4b287a15-77af-487b-aef7-34d1d0ee189f@group-83C26644CFDA-LeaderElection126: Election REJECTED; received 2 response(s) [4b287a15-77af-487b-aef7-34d1d0ee189f<-0aa3649f-570d-46c6-937f-492d7f3a8364#0:FAIL-t121, 4b287a15-77af-487b-aef7-34d1d0ee189f<-4a03179f-3169-4ac7-a075-259968512ef0#0:FAIL-t121] and 0 exception(s); 4b287a15-77af-487b-aef7-34d1d0ee189f@group-83C26644CFDA:t121, leader=null, voted=4b287a15-77af-487b-aef7-34d1d0ee189f, raftlog=4b287a15-77af-487b-aef7-34d1d0ee189f@group-83C26644CFDA-SegmentedRaftLog:OPENED:c-1,f-1,i0, conf=-1: [4b287a15-77af-487b-aef7-34d1d0ee189f:192.168.34.38:38597, 0aa3649f-570d-46c6-937f-492d7f3a8364:192.168.34.38:33209, 4a03179f-3169-4ac7-a075-259968512ef0:192.168.34.38:45833], old=null
2019-10-16 21:01:33,728 [4b287a15-77af-487b-aef7-34d1d0ee189f@group-83C26644CFDA-LeaderElection126] INFO  impl.RaftServerImpl (RaftServerImpl.java:setRole(184)) - 4b287a15-77af-487b-aef7-34d1d0ee189f@group-83C26644CFDA: changes role from CANDIDATE to FOLLOWER at term 121 for DISCOVERED_A_NEW_TERM
2019-10-16 21:01:33,728 [4b287a15-77af-487b-aef7-34d1d0ee189f@group-83C26644CFDA-LeaderElection126] INFO  impl.RoleInfo (RoleInfo.java:shutdownLeaderElection(134)) - 4b287a15-77af-487b-aef7-34d1d0ee189f: shutdown LeaderElection
2019-10-16 21:01:33,728 [4b287a15-77af-487b-aef7-34d1d0ee189f@group-83C26644CFDA-LeaderElection126] INFO  impl.RoleInfo (RoleInfo.java:updateAndGet(143)) - 4b287a15-77af-487b-aef7-34d1d0ee189f: start FollowerState
2019-10-16 21:01:33,775 [Thread-1059] INFO  impl.FollowerState (FollowerState.java:run(108)) - 4b287a15-77af-487b-aef7-34d1d0ee189f@group-83C26644CFDA-FollowerState: change to CANDIDATE, lastRpcTime:47ms, electionTimeout:47ms
2019-10-16 21:01:33,776 [Thread-1059] INFO  impl.RoleInfo (RoleInfo.java:shutdownFollowerState(121)) - 4b287a15-77af-487b-aef7-34d1d0ee189f: shutdown FollowerState
2019-10-16 21:01:33,776 [Thread-1059] INFO  impl.RaftServerImpl (RaftServerImpl.java:setRole(184)) - 4b287a15-77af-487b-aef7-34d1d0ee189f@group-83C26644CFDA: changes role from  FOLLOWER to CANDIDATE at term 121 for changeToCandidate
2019-10-16 21:01:33,776 [Thread-1059] INFO  impl.RoleInfo (RoleInfo.java:updateAndGet(143)) - 4b287a15-77af-487b-aef7-34d1d0ee189f: start LeaderElection
2019-10-16 21:01:33,789 [4b287a15-77af-487b-aef7-34d1d0ee189f@group-83C26644CFDA-LeaderElection127] INFO  impl.LeaderElection (LeaderElection.java:askForVotes(178)) - 4b287a15-77af-487b-aef7-34d1d0ee189f@group-83C26644CFDA-LeaderElection127: begin an election at term 122 for -1: [4b287a15-77af-487b-aef7-34d1d0ee189f:192.168.34.38:38597, 0aa3649f-570d-46c6-937f-492d7f3a8364:192.168.34.38:33209, 4a03179f-3169-4ac7-a075-259968512ef0:192.168.34.38:45833], old=null
2019-10-16 21:01:33,792 [grpc-default-executor-1] INFO  impl.RaftServerImpl (RaftServerImpl.java:setRole(184)) - 0aa3649f-570d-46c6-937f-492d7f3a8364@group-83C26644CFDA: changes role from  FOLLOWER to FOLLOWER at term 122 for recognizeCandidate:4b287a15-77af-487b-aef7-34d1d0ee189f
2019-10-16 21:01:33,792 [grpc-default-executor-3] INFO  impl.RaftServerImpl (RaftServerImpl.java:setRole(184)) - 4a03179f-3169-4ac7-a075-259968512ef0@group-83C26644CFDA: changes role from  FOLLOWER to FOLLOWER at term 122 for recognizeCandidate:4b287a15-77af-487b-aef7-34d1d0ee189f
2019-10-16 21:01:33,792 [grpc-default-executor-1] INFO  impl.RoleInfo (RoleInfo.java:shutdownFollowerState(121)) - 0aa3649f-570d-46c6-937f-492d7f3a8364: shutdown FollowerState
2019-10-16 21:01:33,792 [grpc-default-executor-3] INFO  impl.RoleInfo (RoleInfo.java:shutdownFollowerState(121)) - 4a03179f-3169-4ac7-a075-259968512ef0: shutdown FollowerState
2019-10-16 21:01:33,792 [Thread-1058] INFO  impl.FollowerState (FollowerState.java:run(117)) - 0aa3649f-570d-46c6-937f-492d7f3a8364@group-83C26644CFDA-FollowerState was interrupted: java.lang.InterruptedException: sleep interrupted
2019-10-16 21:01:33,792 [Thread-1057] INFO  impl.FollowerState (FollowerState.java:run(117)) - 4a03179f-3169-4ac7-a075-259968512ef0@group-83C26644CFDA-FollowerState was interrupted: java.lang.InterruptedException: sleep interrupted
2019-10-16 21:01:33,792 [grpc-default-executor-1] INFO  impl.RoleInfo (RoleInfo.java:updateAndGet(143)) - 0aa3649f-570d-46c6-937f-492d7f3a8364: start FollowerState
2019-10-16 21:01:33,792 [grpc-default-executor-3] INFO  impl.RoleInfo (RoleInfo.java:updateAndGet(143)) - 4a03179f-3169-4ac7-a075-259968512ef0: start FollowerState
2019-10-16 21:01:33,807 [4b287a15-77af-487b-aef7-34d1d0ee189f@group-83C26644CFDA-LeaderElection127] INFO  impl.LeaderElection (LeaderElection.java:logAndReturn(56)) - 4b287a15-77af-487b-aef7-34d1d0ee189f@group-83C26644CFDA-LeaderElection127: Election REJECTED; received 2 response(s) [4b287a15-77af-487b-aef7-34d1d0ee189f<-0aa3649f-570d-46c6-937f-492d7f3a8364#0:FAIL-t122, 4b287a15-77af-487b-aef7-34d1d0ee189f<-4a03179f-3169-4ac7-a075-259968512ef0#0:FAIL-t122] and 0 exception(s); 4b287a15-77af-487b-aef7-34d1d0ee189f@group-83C26644CFDA:t122, leader=null, voted=4b287a15-77af-487b-aef7-34d1d0ee189f, raftlog=4b287a15-77af-487b-aef7-34d1d0ee189f@group-83C26644CFDA-SegmentedRaftLog:OPENED:c-1,f-1,i0, conf=-1: [4b287a15-77af-487b-aef7-34d1d0ee189f:192.168.34.38:38597, 0aa3649f-570d-46c6-937f-492d7f3a8364:192.168.34.38:33209, 4a03179f-3169-4ac7-a075-259968512ef0:192.168.34.38:45833], old=null
2019-10-16 21:01:33,807 [4b287a15-77af-487b-aef7-34d1d0ee189f@group-83C26644CFDA-LeaderElection127] INFO  impl.RaftServerImpl (RaftServerImpl.java:setRole(184)) - 4b287a15-77af-487b-aef7-34d1d0ee189f@group-83C26644CFDA: changes role from CANDIDATE to FOLLOWER at term 122 for DISCOVERED_A_NEW_TERM
2019-10-16 21:01:33,808 [4b287a15-77af-487b-aef7-34d1d0ee189f@group-83C26644CFDA-LeaderElection127] INFO  impl.RoleInfo (RoleInfo.java:shutdownLeaderElection(134)) - 4b287a15-77af-487b-aef7-34d1d0ee189f: shutdown LeaderElection
2019-10-16 21:01:33,808 [4b287a15-77af-487b-aef7-34d1d0ee189f@group-83C26644CFDA-LeaderElection127] INFO  impl.RoleInfo (RoleInfo.java:updateAndGet(143)) - 4b287a15-77af-487b-aef7-34d1d0ee189f: start FollowerState
2019-10-16 21:01:34,003 [Thread-1065] INFO  impl.FollowerState (FollowerState.java:run(108)) - 4b287a15-77af-487b-aef7-34d1d0ee189f@group-83C26644CFDA-FollowerState: change to CANDIDATE, lastRpcTime:195ms, electionTimeout:195ms
2019-10-16 21:01:34,003 [Thread-1065] INFO  impl.RoleInfo (RoleInfo.java:shutdownFollowerState(121)) - 4b287a15-77af-487b-aef7-34d1d0ee189f: shutdown FollowerState
2019-10-16 21:01:34,003 [Thread-1065] INFO  impl.RaftServerImpl (RaftServerImpl.java:setRole(184)) - 4b287a15-77af-487b-aef7-34d1d0ee189f@group-83C26644CFDA: changes role from  FOLLOWER to CANDIDATE at term 122 for changeToCandidate
2019-10-16 21:01:34,003 [Thread-1065] INFO  impl.RoleInfo (RoleInfo.java:updateAndGet(143)) - 4b287a15-77af-487b-aef7-34d1d0ee189f: start LeaderElection
2019-10-16 21:01:34,013 [4b287a15-77af-487b-aef7-34d1d0ee189f@group-83C26644CFDA-LeaderElection128] INFO  impl.LeaderElection (LeaderElection.java:askForVotes(178)) - 4b287a15-77af-487b-aef7-34d1d0ee189f@group-83C26644CFDA-LeaderElection128: begin an election at term 123 for -1: [4b287a15-77af-487b-aef7-34d1d0ee189f:192.168.34.38:38597, 0aa3649f-570d-46c6-937f-492d7f3a8364:192.168.34.38:33209, 4a03179f-3169-4ac7-a075-259968512ef0:192.168.34.38:45833], old=null
2019-10-16 21:01:34,015 [grpc-default-executor-3] INFO  impl.RaftServerImpl (RaftServerImpl.java:setRole(184)) - 0aa3649f-570d-46c6-937f-492d7f3a8364@group-83C26644CFDA: changes role from  FOLLOWER to FOLLOWER at term 123 for recognizeCandidate:4b287a15-77af-487b-aef7-34d1d0ee189f
2019-10-16 21:01:34,015 [grpc-default-executor-3] INFO  impl.RoleInfo (RoleInfo.java:shutdownFollowerState(121)) - 0aa3649f-570d-46c6-937f-492d7f3a8364: shutdown FollowerState
2019-10-16 21:01:34,015 [grpc-default-executor-3] INFO  impl.RoleInfo (RoleInfo.java:updateAndGet(143)) - 0aa3649f-570d-46c6-937f-492d7f3a8364: start FollowerState
2019-10-16 21:01:34,015 [grpc-default-executor-1] INFO  impl.RaftServerImpl (RaftServerImpl.java:setRole(184)) - 4a03179f-3169-4ac7-a075-259968512ef0@group-83C26644CFDA: changes role from  FOLLOWER to FOLLOWER at term 123 for recognizeCandidate:4b287a15-77af-487b-aef7-34d1d0ee189f
2019-10-16 21:01:34,015 [Thread-1063] INFO  impl.FollowerState (FollowerState.java:run(117)) - 0aa3649f-570d-46c6-937f-492d7f3a8364@group-83C26644CFDA-FollowerState was interrupted: java.lang.InterruptedException: sleep interrupted
2019-10-16 21:01:34,015 [grpc-default-executor-1] INFO  impl.RoleInfo (RoleInfo.java:shutdownFollowerState(121)) - 4a03179f-3169-4ac7-a075-259968512ef0: shutdown FollowerState
2019-10-16 21:01:34,015 [grpc-default-executor-1] INFO  impl.RoleInfo (RoleInfo.java:updateAndGet(143)) - 4a03179f-3169-4ac7-a075-259968512ef0: start FollowerState
2019-10-16 21:01:34,015 [Thread-1064] INFO  impl.FollowerState (FollowerState.java:run(117)) - 4a03179f-3169-4ac7-a075-259968512ef0@group-83C26644CFDA-FollowerState was interrupted: java.lang.InterruptedException: sleep interrupted
2019-10-16 21:01:34,031 [4b287a15-77af-487b-aef7-34d1d0ee189f@group-83C26644CFDA-LeaderElection128] INFO  impl.LeaderElection (LeaderElection.java:logAndReturn(56)) - 4b287a15-77af-487b-aef7-34d1d0ee189f@group-83C26644CFDA-LeaderElection128: Election REJECTED; received 2 response(s) [4b287a15-77af-487b-aef7-34d1d0ee189f<-0aa3649f-570d-46c6-937f-492d7f3a8364#0:FAIL-t123, 4b287a15-77af-487b-aef7-34d1d0ee189f<-4a03179f-3169-4ac7-a075-259968512ef0#0:FAIL-t123] and 0 exception(s); 4b287a15-77af-487b-aef7-34d1d0ee189f@group-83C26644CFDA:t123, leader=null, voted=4b287a15-77af-487b-aef7-34d1d0ee189f, raftlog=4b287a15-77af-487b-aef7-34d1d0ee189f@group-83C26644CFDA-SegmentedRaftLog:OPENED:c-1,f-1,i0, conf=-1: [4b287a15-77af-487b-aef7-34d1d0ee189f:192.168.34.38:38597, 0aa3649f-570d-46c6-937f-492d7f3a8364:192.168.34.38:33209, 4a03179f-3169-4ac7-a075-259968512ef0:192.168.34.38:45833], old=null
2019-10-16 21:01:34,031 [4b287a15-77af-487b-aef7-34d1d0ee189f@group-83C26644CFDA-LeaderElection128] INFO  impl.RaftServerImpl (RaftServerImpl.java:setRole(184)) - 4b287a15-77af-487b-aef7-34d1d0ee189f@group-83C26644CFDA: changes role from CANDIDATE to FOLLOWER at term 123 for DISCOVERED_A_NEW_TERM
2019-10-16 21:01:34,031 [4b287a15-77af-487b-aef7-34d1d0ee189f@group-83C26644CFDA-LeaderElection128] INFO  impl.RoleInfo (RoleInfo.java:shutdownLeaderElection(134)) - 4b287a15-77af-487b-aef7-34d1d0ee189f: shutdown LeaderElection
2019-10-16 21:01:34,031 [4b287a15-77af-487b-aef7-34d1d0ee189f@group-83C26644CFDA-LeaderElection128] INFO  impl.RoleInfo (RoleInfo.java:updateAndGet(143)) - 4b287a15-77af-487b-aef7-34d1d0ee189f: start FollowerState
2019-10-16 21:01:34,059 [Thread-1071] INFO  impl.FollowerState (FollowerState.java:run(108)) - 4b287a15-77af-487b-aef7-34d1d0ee189f@group-83C26644CFDA-FollowerState: change to CANDIDATE, lastRpcTime:27ms, electionTimeout:27ms
2019-10-16 21:01:34,059 [Thread-1071] INFO  impl.RoleInfo (RoleInfo.java:shutdownFollowerState(121)) - 4b287a15-77af-487b-aef7-34d1d0ee189f: shutdown FollowerState
2019-10-16 21:01:34,059 [Thread-1071] INFO  impl.RaftServerImpl (RaftServerImpl.java:setRole(184)) - 4b287a15-77af-487b-aef7-34d1d0ee189f@group-83C26644CFDA: changes role from  FOLLOWER to CANDIDATE at term 123 for changeToCandidate
2019-10-16 21:01:34,059 [Thread-1071] INFO  impl.RoleInfo (RoleInfo.java:updateAndGet(143)) - 4b287a15-77af-487b-aef7-34d1d0ee189f: start LeaderElection
2019-10-16 21:01:34,073 [4b287a15-77af-487b-aef7-34d1d0ee189f@group-83C26644CFDA-LeaderElection129] INFO  impl.LeaderElection (LeaderElection.java:askForVotes(178)) - 4b287a15-77af-487b-aef7-34d1d0ee189f@group-83C26644CFDA-LeaderElection129: begin an election at term 124 for -1: [4b287a15-77af-487b-aef7-34d1d0ee189f:192.168.34.38:38597, 0aa3649f-570d-46c6-937f-492d7f3a8364:192.168.34.38:33209, 4a03179f-3169-4ac7-a075-259968512ef0:192.168.34.38:45833], old=null
2019-10-16 21:01:34,075 [grpc-default-executor-3] INFO  impl.RaftServerImpl (RaftServerImpl.java:setRole(184)) - 0aa3649f-570d-46c6-937f-492d7f3a8364@group-83C26644CFDA: changes role from  FOLLOWER to FOLLOWER at term 124 for recognizeCandidate:4b287a15-77af-487b-aef7-34d1d0ee189f
2019-10-16 21:01:34,075 [grpc-default-executor-1] INFO  impl.RaftServerImpl (RaftServerImpl.java:setRole(184)) - 4a03179f-3169-4ac7-a075-259968512ef0@group-83C26644CFDA: changes role from  FOLLOWER to FOLLOWER at term 124 for recognizeCandidate:4b287a15-77af-487b-aef7-34d1d0ee189f
2019-10-16 21:01:34,075 [grpc-default-executor-3] INFO  impl.RoleInfo (RoleInfo.java:shutdownFollowerState(121)) - 0aa3649f-570d-46c6-937f-492d7f3a8364: shutdown FollowerState
2019-10-16 21:01:34,075 [grpc-default-executor-1] INFO  impl.RoleInfo (RoleInfo.java:shutdownFollowerState(121)) - 4a03179f-3169-4ac7-a075-259968512ef0: shutdown FollowerState
2019-10-16 21:01:34,075 [Thread-1069] INFO  impl.FollowerState (FollowerState.java:run(117)) - 0aa3649f-570d-46c6-937f-492d7f3a8364@group-83C26644CFDA-FollowerState was interrupted: java.lang.InterruptedException: sleep interrupted
2019-10-16 21:01:34,075 [grpc-default-executor-3] INFO  impl.RoleInfo (RoleInfo.java:updateAndGet(143)) - 0aa3649f-570d-46c6-937f-492d7f3a8364: start FollowerState
2019-10-16 21:01:34,075 [Thread-1070] INFO  impl.FollowerState (FollowerState.java:run(117)) - 4a03179f-3169-4ac7-a075-259968512ef0@group-83C26644CFDA-FollowerState was interrupted: java.lang.InterruptedException: sleep interrupted
2019-10-16 21:01:34,075 [grpc-default-executor-1] INFO  impl.RoleInfo (RoleInfo.java:updateAndGet(143)) - 4a03179f-3169-4ac7-a075-259968512ef0: start FollowerState
2019-10-16 21:01:34,089 [4b287a15-77af-487b-aef7-34d1d0ee189f@group-83C26644CFDA-LeaderElection129] INFO  impl.LeaderElection (LeaderElection.java:logAndReturn(56)) - 4b287a15-77af-487b-aef7-34d1d0ee189f@group-83C26644CFDA-LeaderElection129: Election REJECTED; received 2 response(s) [4b287a15-77af-487b-aef7-34d1d0ee189f<-0aa3649f-570d-46c6-937f-492d7f3a8364#0:FAIL-t124, 4b287a15-77af-487b-aef7-34d1d0ee189f<-4a03179f-3169-4ac7-a075-259968512ef0#0:FAIL-t124] and 0 exception(s); 4b287a15-77af-487b-aef7-34d1d0ee189f@group-83C26644CFDA:t124, leader=null, voted=4b287a15-77af-487b-aef7-34d1d0ee189f, raftlog=4b287a15-77af-487b-aef7-34d1d0ee189f@group-83C26644CFDA-SegmentedRaftLog:OPENED:c-1,f-1,i0, conf=-1: [4b287a15-77af-487b-aef7-34d1d0ee189f:192.168.34.38:38597, 0aa3649f-570d-46c6-937f-492d7f3a8364:192.168.34.38:33209, 4a03179f-3169-4ac7-a075-259968512ef0:192.168.34.38:45833], old=null
2019-10-16 21:01:34,090 [4b287a15-77af-487b-aef7-34d1d0ee189f@group-83C26644CFDA-LeaderElection129] INFO  impl.RaftServerImpl (RaftServerImpl.java:setRole(184)) - 4b287a15-77af-487b-aef7-34d1d0ee189f@group-83C26644CFDA: changes role from CANDIDATE to FOLLOWER at term 124 for DISCOVERED_A_NEW_TERM
2019-10-16 21:01:34,090 [4b287a15-77af-487b-aef7-34d1d0ee189f@group-83C26644CFDA-LeaderElection129] INFO  impl.RoleInfo (RoleInfo.java:shutdownLeaderElection(134)) - 4b287a15-77af-487b-aef7-34d1d0ee189f: shutdown LeaderElection
2019-10-16 21:01:34,090 [4b287a15-77af-487b-aef7-34d1d0ee189f@group-83C26644CFDA-LeaderElection129] INFO  impl.RoleInfo (RoleInfo.java:updateAndGet(143)) - 4b287a15-77af-487b-aef7-34d1d0ee189f: start FollowerState
2019-10-16 21:01:34,119 [Thread-1077] INFO  impl.FollowerState (FollowerState.java:run(108)) - 4b287a15-77af-487b-aef7-34d1d0ee189f@group-83C26644CFDA-FollowerState: change to CANDIDATE, lastRpcTime:29ms, electionTimeout:29ms
2019-10-16 21:01:34,119 [Thread-1077] INFO  impl.RoleInfo (RoleInfo.java:shutdownFollowerState(121)) - 4b287a15-77af-487b-aef7-34d1d0ee189f: shutdown FollowerState
2019-10-16 21:01:34,119 [Thread-1077] INFO  impl.RaftServerImpl (RaftServerImpl.java:setRole(184)) - 4b287a15-77af-487b-aef7-34d1d0ee189f@group-83C26644CFDA: changes role from  FOLLOWER to CANDIDATE at term 124 for changeToCandidate
2019-10-16 21:01:34,119 [Thread-1077] INFO  impl.RoleInfo (RoleInfo.java:updateAndGet(143)) - 4b287a15-77af-487b-aef7-34d1d0ee189f: start LeaderElection
2019-10-16 21:01:34,132 [4b287a15-77af-487b-aef7-34d1d0ee189f@group-83C26644CFDA-LeaderElection130] INFO  impl.LeaderElection (LeaderElection.java:askForVotes(178)) - 4b287a15-77af-487b-aef7-34d1d0ee189f@group-83C26644CFDA-LeaderElection130: begin an election at term 125 for -1: [4b287a15-77af-487b-aef7-34d1d0ee189f:192.168.34.38:38597, 0aa3649f-570d-46c6-937f-492d7f3a8364:192.168.34.38:33209, 4a03179f-3169-4ac7-a075-259968512ef0:192.168.34.38:45833], old=null
2019-10-16 21:01:34,135 [grpc-default-executor-1] INFO  impl.RaftServerImpl (RaftServerImpl.java:setRole(184)) - 4a03179f-3169-4ac7-a075-259968512ef0@group-83C26644CFDA: changes role from  FOLLOWER to FOLLOWER at term 125 for recognizeCandidate:4b287a15-77af-487b-aef7-34d1d0ee189f
2019-10-16 21:01:34,135 [grpc-default-executor-1] INFO  impl.RoleInfo (RoleInfo.java:shutdownFollowerState(121)) - 4a03179f-3169-4ac7-a075-259968512ef0: shutdown FollowerState
2019-10-16 21:01:34,135 [grpc-default-executor-3] INFO  impl.RaftServerImpl (RaftServerImpl.java:setRole(184)) - 0aa3649f-570d-46c6-937f-492d7f3a8364@group-83C26644CFDA: changes role from  FOLLOWER to FOLLOWER at term 125 for recognizeCandidate:4b287a15-77af-487b-aef7-34d1d0ee189f
2019-10-16 21:01:34,135 [Thread-1076] INFO  impl.FollowerState (FollowerState.java:run(117)) - 4a03179f-3169-4ac7-a075-259968512ef0@group-83C26644CFDA-FollowerState was interrupted: java.lang.InterruptedException: sleep interrupted
2019-10-16 21:01:34,135 [grpc-default-executor-1] INFO  impl.RoleInfo (RoleInfo.java:updateAndGet(143)) - 4a03179f-3169-4ac7-a075-259968512ef0: start FollowerState
2019-10-16 21:01:34,135 [grpc-default-executor-3] INFO  impl.RoleInfo (RoleInfo.java:shutdownFollowerState(121)) - 0aa3649f-570d-46c6-937f-492d7f3a8364: shutdown FollowerState
2019-10-16 21:01:34,135 [grpc-default-executor-3] INFO  impl.RoleInfo (RoleInfo.java:updateAndGet(143)) - 0aa3649f-570d-46c6-937f-492d7f3a8364: start FollowerState
2019-10-16 21:01:34,135 [Thread-1075] INFO  impl.FollowerState (FollowerState.java:run(117)) - 0aa3649f-570d-46c6-937f-492d7f3a8364@group-83C26644CFDA-FollowerState was interrupted: java.lang.InterruptedException: sleep interrupted
2019-10-16 21:01:34,149 [4b287a15-77af-487b-aef7-34d1d0ee189f@group-83C26644CFDA-LeaderElection130] INFO  impl.LeaderElection (LeaderElection.java:logAndReturn(56)) - 4b287a15-77af-487b-aef7-34d1d0ee189f@group-83C26644CFDA-LeaderElection130: Election REJECTED; received 2 response(s) [4b287a15-77af-487b-aef7-34d1d0ee189f<-0aa3649f-570d-46c6-937f-492d7f3a8364#0:FAIL-t125, 4b287a15-77af-487b-aef7-34d1d0ee189f<-4a03179f-3169-4ac7-a075-259968512ef0#0:FAIL-t125] and 0 exception(s); 4b287a15-77af-487b-aef7-34d1d0ee189f@group-83C26644CFDA:t125, leader=null, voted=4b287a15-77af-487b-aef7-34d1d0ee189f, raftlog=4b287a15-77af-487b-aef7-34d1d0ee189f@group-83C26644CFDA-SegmentedRaftLog:OPENED:c-1,f-1,i0, conf=-1: [4b287a15-77af-487b-aef7-34d1d0ee189f:192.168.34.38:38597, 0aa3649f-570d-46c6-937f-492d7f3a8364:192.168.34.38:33209, 4a03179f-3169-4ac7-a075-259968512ef0:192.168.34.38:45833], old=null
2019-10-16 21:01:34,150 [4b287a15-77af-487b-aef7-34d1d0ee189f@group-83C26644CFDA-LeaderElection130] INFO  impl.RaftServerImpl (RaftServerImpl.java:setRole(184)) - 4b287a15-77af-487b-aef7-34d1d0ee189f@group-83C26644CFDA: changes role from CANDIDATE to FOLLOWER at term 125 for DISCOVERED_A_NEW_TERM
2019-10-16 21:01:34,150 [4b287a15-77af-487b-aef7-34d1d0ee189f@group-83C26644CFDA-LeaderElection130] INFO  impl.RoleInfo (RoleInfo.java:shutdownLeaderElection(134)) - 4b287a15-77af-487b-aef7-34d1d0ee189f: shutdown LeaderElection
2019-10-16 21:01:34,150 [4b287a15-77af-487b-aef7-34d1d0ee189f@group-83C26644CFDA-LeaderElection130] INFO  impl.RoleInfo (RoleInfo.java:updateAndGet(143)) - 4b287a15-77af-487b-aef7-34d1d0ee189f: start FollowerState
2019-10-16 21:01:34,334 [Thread-1083] INFO  impl.FollowerState (FollowerState.java:run(108)) - 4b287a15-77af-487b-aef7-34d1d0ee189f@group-83C26644CFDA-FollowerState: change to CANDIDATE, lastRpcTime:184ms, electionTimeout:184ms
2019-10-16 21:01:34,334 [Thread-1083] INFO  impl.RoleInfo (RoleInfo.java:shutdownFollowerState(121)) - 4b287a15-77af-487b-aef7-34d1d0ee189f: shutdown FollowerState
2019-10-16 21:01:34,335 [Thread-1083] INFO  impl.RaftServerImpl (RaftServerImpl.java:setRole(184)) - 4b287a15-77af-487b-aef7-34d1d0ee189f@group-83C26644CFDA: changes role from  FOLLOWER to CANDIDATE at term 125 for changeToCandidate
2019-10-16 21:01:34,335 [Thread-1083] INFO  impl.RoleInfo (RoleInfo.java:updateAndGet(143)) - 4b287a15-77af-487b-aef7-34d1d0ee189f: start LeaderElection
2019-10-16 21:01:34,350 [4b287a15-77af-487b-aef7-34d1d0ee189f@group-83C26644CFDA-LeaderElection131] INFO  impl.LeaderElection (LeaderElection.java:askForVotes(178)) - 4b287a15-77af-487b-aef7-34d1d0ee189f@group-83C26644CFDA-LeaderElection131: begin an election at term 126 for -1: [4b287a15-77af-487b-aef7-34d1d0ee189f:192.168.34.38:38597, 0aa3649f-570d-46c6-937f-492d7f3a8364:192.168.34.38:33209, 4a03179f-3169-4ac7-a075-259968512ef0:192.168.34.38:45833], old=null
2019-10-16 21:01:34,351 [main] INFO  ozone.MiniOzoneClusterImpl (MiniOzoneClusterImpl.java:lambda$waitForClusterToBeReady$2(164)) - Waiting for 1 number of pipelines out of 4, to report a leader.
2019-10-16 21:01:34,352 [grpc-default-executor-1] INFO  impl.RaftServerImpl (RaftServerImpl.java:setRole(184)) - 4a03179f-3169-4ac7-a075-259968512ef0@group-83C26644CFDA: changes role from  FOLLOWER to FOLLOWER at term 126 for recognizeCandidate:4b287a15-77af-487b-aef7-34d1d0ee189f
2019-10-16 21:01:34,352 [grpc-default-executor-3] INFO  impl.RaftServerImpl (RaftServerImpl.java:setRole(184)) - 0aa3649f-570d-46c6-937f-492d7f3a8364@group-83C26644CFDA: changes role from  FOLLOWER to FOLLOWER at term 126 for recognizeCandidate:4b287a15-77af-487b-aef7-34d1d0ee189f
2019-10-16 21:01:34,352 [grpc-default-executor-1] INFO  impl.RoleInfo (RoleInfo.java:shutdownFollowerState(121)) - 4a03179f-3169-4ac7-a075-259968512ef0: shutdown FollowerState
2019-10-16 21:01:34,352 [grpc-default-executor-3] INFO  impl.RoleInfo (RoleInfo.java:shutdownFollowerState(121)) - 0aa3649f-570d-46c6-937f-492d7f3a8364: shutdown FollowerState
2019-10-16 21:01:34,353 [Thread-1081] INFO  impl.FollowerState (FollowerState.java:run(117)) - 4a03179f-3169-4ac7-a075-259968512ef0@group-83C26644CFDA-FollowerState was interrupted: java.lang.InterruptedException: sleep interrupted
2019-10-16 21:01:34,353 [grpc-default-executor-1] INFO  impl.RoleInfo (RoleInfo.java:updateAndGet(143)) - 4a03179f-3169-4ac7-a075-259968512ef0: start FollowerState
2019-10-16 21:01:34,353 [grpc-default-executor-3] INFO  impl.RoleInfo (RoleInfo.java:updateAndGet(143)) - 0aa3649f-570d-46c6-937f-492d7f3a8364: start FollowerState
2019-10-16 21:01:34,353 [Thread-1082] INFO  impl.FollowerState (FollowerState.java:run(117)) - 0aa3649f-570d-46c6-937f-492d7f3a8364@group-83C26644CFDA-FollowerState was interrupted: java.lang.InterruptedException: sleep interrupted
2019-10-16 21:01:34,367 [4b287a15-77af-487b-aef7-34d1d0ee189f@group-83C26644CFDA-LeaderElection131] INFO  impl.LeaderElection (LeaderElection.java:logAndReturn(56)) - 4b287a15-77af-487b-aef7-34d1d0ee189f@group-83C26644CFDA-LeaderElection131: Election REJECTED; received 2 response(s) [4b287a15-77af-487b-aef7-34d1d0ee189f<-0aa3649f-570d-46c6-937f-492d7f3a8364#0:FAIL-t126, 4b287a15-77af-487b-aef7-34d1d0ee189f<-4a03179f-3169-4ac7-a075-259968512ef0#0:FAIL-t126] and 0 exception(s); 4b287a15-77af-487b-aef7-34d1d0ee189f@group-83C26644CFDA:t126, leader=null, voted=4b287a15-77af-487b-aef7-34d1d0ee189f, raftlog=4b287a15-77af-487b-aef7-34d1d0ee189f@group-83C26644CFDA-SegmentedRaftLog:OPENED:c-1,f-1,i0, conf=-1: [4b287a15-77af-487b-aef7-34d1d0ee189f:192.168.34.38:38597, 0aa3649f-570d-46c6-937f-492d7f3a8364:192.168.34.38:33209, 4a03179f-3169-4ac7-a075-259968512ef0:192.168.34.38:45833], old=null
2019-10-16 21:01:34,367 [4b287a15-77af-487b-aef7-34d1d0ee189f@group-83C26644CFDA-LeaderElection131] INFO  impl.RaftServerImpl (RaftServerImpl.java:setRole(184)) - 4b287a15-77af-487b-aef7-34d1d0ee189f@group-83C26644CFDA: changes role from CANDIDATE to FOLLOWER at term 126 for DISCOVERED_A_NEW_TERM
2019-10-16 21:01:34,367 [4b287a15-77af-487b-aef7-34d1d0ee189f@group-83C26644CFDA-LeaderElection131] INFO  impl.RoleInfo (RoleInfo.java:shutdownLeaderElection(134)) - 4b287a15-77af-487b-aef7-34d1d0ee189f: shutdown LeaderElection
2019-10-16 21:01:34,368 [4b287a15-77af-487b-aef7-34d1d0ee189f@group-83C26644CFDA-LeaderElection131] INFO  impl.RoleInfo (RoleInfo.java:updateAndGet(143)) - 4b287a15-77af-487b-aef7-34d1d0ee189f: start FollowerState
2019-10-16 21:01:34,533 [Thread-1089] INFO  impl.FollowerState (FollowerState.java:run(108)) - 4b287a15-77af-487b-aef7-34d1d0ee189f@group-83C26644CFDA-FollowerState: change to CANDIDATE, lastRpcTime:165ms, electionTimeout:165ms
2019-10-16 21:01:34,533 [Thread-1089] INFO  impl.RoleInfo (RoleInfo.java:shutdownFollowerState(121)) - 4b287a15-77af-487b-aef7-34d1d0ee189f: shutdown FollowerState
2019-10-16 21:01:34,533 [Thread-1089] INFO  impl.RaftServerImpl (RaftServerImpl.java:setRole(184)) - 4b287a15-77af-487b-aef7-34d1d0ee189f@group-83C26644CFDA: changes role from  FOLLOWER to CANDIDATE at term 126 for changeToCandidate
2019-10-16 21:01:34,534 [Thread-1089] INFO  impl.RoleInfo (RoleInfo.java:updateAndGet(143)) - 4b287a15-77af-487b-aef7-34d1d0ee189f: start LeaderElection
2019-10-16 21:01:34,547 [4b287a15-77af-487b-aef7-34d1d0ee189f@group-83C26644CFDA-LeaderElection132] INFO  impl.LeaderElection (LeaderElection.java:askForVotes(178)) - 4b287a15-77af-487b-aef7-34d1d0ee189f@group-83C26644CFDA-LeaderElection132: begin an election at term 127 for -1: [4b287a15-77af-487b-aef7-34d1d0ee189f:192.168.34.38:38597, 0aa3649f-570d-46c6-937f-492d7f3a8364:192.168.34.38:33209, 4a03179f-3169-4ac7-a075-259968512ef0:192.168.34.38:45833], old=null
2019-10-16 21:01:34,549 [grpc-default-executor-3] INFO  impl.RaftServerImpl (RaftServerImpl.java:setRole(184)) - 0aa3649f-570d-46c6-937f-492d7f3a8364@group-83C26644CFDA: changes role from  FOLLOWER to FOLLOWER at term 127 for recognizeCandidate:4b287a15-77af-487b-aef7-34d1d0ee189f
2019-10-16 21:01:34,550 [grpc-default-executor-3] INFO  impl.RoleInfo (RoleInfo.java:shutdownFollowerState(121)) - 0aa3649f-570d-46c6-937f-492d7f3a8364: shutdown FollowerState
2019-10-16 21:01:34,549 [grpc-default-executor-1] INFO  impl.RaftServerImpl (RaftServerImpl.java:setRole(184)) - 4a03179f-3169-4ac7-a075-259968512ef0@group-83C26644CFDA: changes role from  FOLLOWER to FOLLOWER at term 127 for recognizeCandidate:4b287a15-77af-487b-aef7-34d1d0ee189f
2019-10-16 21:01:34,550 [grpc-default-executor-1] INFO  impl.RoleInfo (RoleInfo.java:shutdownFollowerState(121)) - 4a03179f-3169-4ac7-a075-259968512ef0: shutdown FollowerState
2019-10-16 21:01:34,550 [Thread-1088] INFO  impl.FollowerState (FollowerState.java:run(117)) - 0aa3649f-570d-46c6-937f-492d7f3a8364@group-83C26644CFDA-FollowerState was interrupted: java.lang.InterruptedException: sleep interrupted
2019-10-16 21:01:34,550 [grpc-default-executor-3] INFO  impl.RoleInfo (RoleInfo.java:updateAndGet(143)) - 0aa3649f-570d-46c6-937f-492d7f3a8364: start FollowerState
2019-10-16 21:01:34,550 [Thread-1087] INFO  impl.FollowerState (FollowerState.java:run(117)) - 4a03179f-3169-4ac7-a075-259968512ef0@group-83C26644CFDA-FollowerState was interrupted: java.lang.InterruptedException: sleep interrupted
2019-10-16 21:01:34,550 [grpc-default-executor-1] INFO  impl.RoleInfo (RoleInfo.java:updateAndGet(143)) - 4a03179f-3169-4ac7-a075-259968512ef0: start FollowerState
2019-10-16 21:01:34,561 [4b287a15-77af-487b-aef7-34d1d0ee189f@group-83C26644CFDA-LeaderElection132] INFO  impl.LeaderElection (LeaderElection.java:logAndReturn(56)) - 4b287a15-77af-487b-aef7-34d1d0ee189f@group-83C26644CFDA-LeaderElection132: Election REJECTED; received 2 response(s) [4b287a15-77af-487b-aef7-34d1d0ee189f<-0aa3649f-570d-46c6-937f-492d7f3a8364#0:FAIL-t127, 4b287a15-77af-487b-aef7-34d1d0ee189f<-4a03179f-3169-4ac7-a075-259968512ef0#0:FAIL-t127] and 0 exception(s); 4b287a15-77af-487b-aef7-34d1d0ee189f@group-83C26644CFDA:t127, leader=null, voted=4b287a15-77af-487b-aef7-34d1d0ee189f, raftlog=4b287a15-77af-487b-aef7-34d1d0ee189f@group-83C26644CFDA-SegmentedRaftLog:OPENED:c-1,f-1,i0, conf=-1: [4b287a15-77af-487b-aef7-34d1d0ee189f:192.168.34.38:38597, 0aa3649f-570d-46c6-937f-492d7f3a8364:192.168.34.38:33209, 4a03179f-3169-4ac7-a075-259968512ef0:192.168.34.38:45833], old=null
2019-10-16 21:01:34,561 [4b287a15-77af-487b-aef7-34d1d0ee189f@group-83C26644CFDA-LeaderElection132] INFO  impl.RaftServerImpl (RaftServerImpl.java:setRole(184)) - 4b287a15-77af-487b-aef7-34d1d0ee189f@group-83C26644CFDA: changes role from CANDIDATE to FOLLOWER at term 127 for DISCOVERED_A_NEW_TERM
2019-10-16 21:01:34,561 [4b287a15-77af-487b-aef7-34d1d0ee189f@group-83C26644CFDA-LeaderElection132] INFO  impl.RoleInfo (RoleInfo.java:shutdownLeaderElection(134)) - 4b287a15-77af-487b-aef7-34d1d0ee189f: shutdown LeaderElection
2019-10-16 21:01:34,561 [4b287a15-77af-487b-aef7-34d1d0ee189f@group-83C26644CFDA-LeaderElection132] INFO  impl.RoleInfo (RoleInfo.java:updateAndGet(143)) - 4b287a15-77af-487b-aef7-34d1d0ee189f: start FollowerState
2019-10-16 21:01:34,675 [Thread-1095] INFO  impl.FollowerState (FollowerState.java:run(108)) - 4b287a15-77af-487b-aef7-34d1d0ee189f@group-83C26644CFDA-FollowerState: change to CANDIDATE, lastRpcTime:113ms, electionTimeout:113ms
2019-10-16 21:01:34,675 [Thread-1095] INFO  impl.RoleInfo (RoleInfo.java:shutdownFollowerState(121)) - 4b287a15-77af-487b-aef7-34d1d0ee189f: shutdown FollowerState
2019-10-16 21:01:34,675 [Thread-1095] INFO  impl.RaftServerImpl (RaftServerImpl.java:setRole(184)) - 4b287a15-77af-487b-aef7-34d1d0ee189f@group-83C26644CFDA: changes role from  FOLLOWER to CANDIDATE at term 127 for changeToCandidate
2019-10-16 21:01:34,675 [Thread-1095] INFO  impl.RoleInfo (RoleInfo.java:updateAndGet(143)) - 4b287a15-77af-487b-aef7-34d1d0ee189f: start LeaderElection
2019-10-16 21:01:34,689 [4b287a15-77af-487b-aef7-34d1d0ee189f@group-83C26644CFDA-LeaderElection133] INFO  impl.LeaderElection (LeaderElection.java:askForVotes(178)) - 4b287a15-77af-487b-aef7-34d1d0ee189f@group-83C26644CFDA-LeaderElection133: begin an election at term 128 for -1: [4b287a15-77af-487b-aef7-34d1d0ee189f:192.168.34.38:38597, 0aa3649f-570d-46c6-937f-492d7f3a8364:192.168.34.38:33209, 4a03179f-3169-4ac7-a075-259968512ef0:192.168.34.38:45833], old=null
2019-10-16 21:01:34,692 [grpc-default-executor-3] INFO  impl.RaftServerImpl (RaftServerImpl.java:setRole(184)) - 4a03179f-3169-4ac7-a075-259968512ef0@group-83C26644CFDA: changes role from  FOLLOWER to FOLLOWER at term 128 for recognizeCandidate:4b287a15-77af-487b-aef7-34d1d0ee189f
2019-10-16 21:01:34,692 [grpc-default-executor-3] INFO  impl.RoleInfo (RoleInfo.java:shutdownFollowerState(121)) - 4a03179f-3169-4ac7-a075-259968512ef0: shutdown FollowerState
2019-10-16 21:01:34,692 [grpc-default-executor-1] INFO  impl.RaftServerImpl (RaftServerImpl.java:setRole(184)) - 0aa3649f-570d-46c6-937f-492d7f3a8364@group-83C26644CFDA: changes role from  FOLLOWER to FOLLOWER at term 128 for recognizeCandidate:4b287a15-77af-487b-aef7-34d1d0ee189f
2019-10-16 21:01:34,692 [Thread-1094] INFO  impl.FollowerState (FollowerState.java:run(117)) - 4a03179f-3169-4ac7-a075-259968512ef0@group-83C26644CFDA-FollowerState was interrupted: java.lang.InterruptedException: sleep interrupted
2019-10-16 21:01:34,692 [grpc-default-executor-3] INFO  impl.RoleInfo (RoleInfo.java:updateAndGet(143)) - 4a03179f-3169-4ac7-a075-259968512ef0: start FollowerState
2019-10-16 21:01:34,692 [grpc-default-executor-1] INFO  impl.RoleInfo (RoleInfo.java:shutdownFollowerState(121)) - 0aa3649f-570d-46c6-937f-492d7f3a8364: shutdown FollowerState
2019-10-16 21:01:34,693 [Thread-1093] INFO  impl.FollowerState (FollowerState.java:run(117)) - 0aa3649f-570d-46c6-937f-492d7f3a8364@group-83C26644CFDA-FollowerState was interrupted: java.lang.InterruptedException: sleep interrupted
2019-10-16 21:01:34,693 [grpc-default-executor-1] INFO  impl.RoleInfo (RoleInfo.java:updateAndGet(143)) - 0aa3649f-570d-46c6-937f-492d7f3a8364: start FollowerState
2019-10-16 21:01:34,707 [4b287a15-77af-487b-aef7-34d1d0ee189f@group-83C26644CFDA-LeaderElection133] INFO  impl.LeaderElection (LeaderElection.java:logAndReturn(56)) - 4b287a15-77af-487b-aef7-34d1d0ee189f@group-83C26644CFDA-LeaderElection133: Election REJECTED; received 2 response(s) [4b287a15-77af-487b-aef7-34d1d0ee189f<-0aa3649f-570d-46c6-937f-492d7f3a8364#0:FAIL-t128, 4b287a15-77af-487b-aef7-34d1d0ee189f<-4a03179f-3169-4ac7-a075-259968512ef0#0:FAIL-t128] and 0 exception(s); 4b287a15-77af-487b-aef7-34d1d0ee189f@group-83C26644CFDA:t128, leader=null, voted=4b287a15-77af-487b-aef7-34d1d0ee189f, raftlog=4b287a15-77af-487b-aef7-34d1d0ee189f@group-83C26644CFDA-SegmentedRaftLog:OPENED:c-1,f-1,i0, conf=-1: [4b287a15-77af-487b-aef7-34d1d0ee189f:192.168.34.38:38597, 0aa3649f-570d-46c6-937f-492d7f3a8364:192.168.34.38:33209, 4a03179f-3169-4ac7-a075-259968512ef0:192.168.34.38:45833], old=null
2019-10-16 21:01:34,707 [4b287a15-77af-487b-aef7-34d1d0ee189f@group-83C26644CFDA-LeaderElection133] INFO  impl.RaftServerImpl (RaftServerImpl.java:setRole(184)) - 4b287a15-77af-487b-aef7-34d1d0ee189f@group-83C26644CFDA: changes role from CANDIDATE to FOLLOWER at term 128 for DISCOVERED_A_NEW_TERM
2019-10-16 21:01:34,707 [4b287a15-77af-487b-aef7-34d1d0ee189f@group-83C26644CFDA-LeaderElection133] INFO  impl.RoleInfo (RoleInfo.java:shutdownLeaderElection(134)) - 4b287a15-77af-487b-aef7-34d1d0ee189f: shutdown LeaderElection
2019-10-16 21:01:34,707 [4b287a15-77af-487b-aef7-34d1d0ee189f@group-83C26644CFDA-LeaderElection133] INFO  impl.RoleInfo (RoleInfo.java:updateAndGet(143)) - 4b287a15-77af-487b-aef7-34d1d0ee189f: start FollowerState
2019-10-16 21:01:34,771 [Thread-1101] INFO  impl.FollowerState (FollowerState.java:run(108)) - 4b287a15-77af-487b-aef7-34d1d0ee189f@group-83C26644CFDA-FollowerState: change to CANDIDATE, lastRpcTime:63ms, electionTimeout:63ms
2019-10-16 21:01:34,771 [Thread-1101] INFO  impl.RoleInfo (RoleInfo.java:shutdownFollowerState(121)) - 4b287a15-77af-487b-aef7-34d1d0ee189f: shutdown FollowerState
2019-10-16 21:01:34,771 [Thread-1101] INFO  impl.RaftServerImpl (RaftServerImpl.java:setRole(184)) - 4b287a15-77af-487b-aef7-34d1d0ee189f@group-83C26644CFDA: changes role from  FOLLOWER to CANDIDATE at term 128 for changeToCandidate
2019-10-16 21:01:34,771 [Thread-1101] INFO  impl.RoleInfo (RoleInfo.java:updateAndGet(143)) - 4b287a15-77af-487b-aef7-34d1d0ee189f: start LeaderElection
2019-10-16 21:01:34,785 [4b287a15-77af-487b-aef7-34d1d0ee189f@group-83C26644CFDA-LeaderElection134] INFO  impl.LeaderElection (LeaderElection.java:askForVotes(178)) - 4b287a15-77af-487b-aef7-34d1d0ee189f@group-83C26644CFDA-LeaderElection134: begin an election at term 129 for -1: [4b287a15-77af-487b-aef7-34d1d0ee189f:192.168.34.38:38597, 0aa3649f-570d-46c6-937f-492d7f3a8364:192.168.34.38:33209, 4a03179f-3169-4ac7-a075-259968512ef0:192.168.34.38:45833], old=null
2019-10-16 21:01:34,787 [grpc-default-executor-1] INFO  impl.RaftServerImpl (RaftServerImpl.java:setRole(184)) - 4a03179f-3169-4ac7-a075-259968512ef0@group-83C26644CFDA: changes role from  FOLLOWER to FOLLOWER at term 129 for recognizeCandidate:4b287a15-77af-487b-aef7-34d1d0ee189f
2019-10-16 21:01:34,787 [grpc-default-executor-1] INFO  impl.RoleInfo (RoleInfo.java:shutdownFollowerState(121)) - 4a03179f-3169-4ac7-a075-259968512ef0: shutdown FollowerState
2019-10-16 21:01:34,787 [grpc-default-executor-3] INFO  impl.RaftServerImpl (RaftServerImpl.java:setRole(184)) - 0aa3649f-570d-46c6-937f-492d7f3a8364@group-83C26644CFDA: changes role from  FOLLOWER to FOLLOWER at term 129 for recognizeCandidate:4b287a15-77af-487b-aef7-34d1d0ee189f
2019-10-16 21:01:34,787 [grpc-default-executor-3] INFO  impl.RoleInfo (RoleInfo.java:shutdownFollowerState(121)) - 0aa3649f-570d-46c6-937f-492d7f3a8364: shutdown FollowerState
2019-10-16 21:01:34,787 [Thread-1099] INFO  impl.FollowerState (FollowerState.java:run(117)) - 4a03179f-3169-4ac7-a075-259968512ef0@group-83C26644CFDA-FollowerState was interrupted: java.lang.InterruptedException: sleep interrupted
2019-10-16 21:01:34,787 [grpc-default-executor-1] INFO  impl.RoleInfo (RoleInfo.java:updateAndGet(143)) - 4a03179f-3169-4ac7-a075-259968512ef0: start FollowerState
2019-10-16 21:01:34,788 [Thread-1100] INFO  impl.FollowerState (FollowerState.java:run(117)) - 0aa3649f-570d-46c6-937f-492d7f3a8364@group-83C26644CFDA-FollowerState was interrupted: java.lang.InterruptedException: sleep interrupted
2019-10-16 21:01:34,788 [grpc-default-executor-3] INFO  impl.RoleInfo (RoleInfo.java:updateAndGet(143)) - 0aa3649f-570d-46c6-937f-492d7f3a8364: start FollowerState
2019-10-16 21:01:34,803 [4b287a15-77af-487b-aef7-34d1d0ee189f@group-83C26644CFDA-LeaderElection134] INFO  impl.LeaderElection (LeaderElection.java:logAndReturn(56)) - 4b287a15-77af-487b-aef7-34d1d0ee189f@group-83C26644CFDA-LeaderElection134: Election REJECTED; received 2 response(s) [4b287a15-77af-487b-aef7-34d1d0ee189f<-0aa3649f-570d-46c6-937f-492d7f3a8364#0:FAIL-t129, 4b287a15-77af-487b-aef7-34d1d0ee189f<-4a03179f-3169-4ac7-a075-259968512ef0#0:FAIL-t129] and 0 exception(s); 4b287a15-77af-487b-aef7-34d1d0ee189f@group-83C26644CFDA:t129, leader=null, voted=4b287a15-77af-487b-aef7-34d1d0ee189f, raftlog=4b287a15-77af-487b-aef7-34d1d0ee189f@group-83C26644CFDA-SegmentedRaftLog:OPENED:c-1,f-1,i0, conf=-1: [4b287a15-77af-487b-aef7-34d1d0ee189f:192.168.34.38:38597, 0aa3649f-570d-46c6-937f-492d7f3a8364:192.168.34.38:33209, 4a03179f-3169-4ac7-a075-259968512ef0:192.168.34.38:45833], old=null
2019-10-16 21:01:34,803 [4b287a15-77af-487b-aef7-34d1d0ee189f@group-83C26644CFDA-LeaderElection134] INFO  impl.RaftServerImpl (RaftServerImpl.java:setRole(184)) - 4b287a15-77af-487b-aef7-34d1d0ee189f@group-83C26644CFDA: changes role from CANDIDATE to FOLLOWER at term 129 for DISCOVERED_A_NEW_TERM
2019-10-16 21:01:34,803 [4b287a15-77af-487b-aef7-34d1d0ee189f@group-83C26644CFDA-LeaderElection134] INFO  impl.RoleInfo (RoleInfo.java:shutdownLeaderElection(134)) - 4b287a15-77af-487b-aef7-34d1d0ee189f: shutdown LeaderElection
2019-10-16 21:01:34,803 [4b287a15-77af-487b-aef7-34d1d0ee189f@group-83C26644CFDA-LeaderElection134] INFO  impl.RoleInfo (RoleInfo.java:updateAndGet(143)) - 4b287a15-77af-487b-aef7-34d1d0ee189f: start FollowerState
2019-10-16 21:01:34,866 [Thread-1107] INFO  impl.FollowerState (FollowerState.java:run(108)) - 4b287a15-77af-487b-aef7-34d1d0ee189f@group-83C26644CFDA-FollowerState: change to CANDIDATE, lastRpcTime:63ms, electionTimeout:63ms
2019-10-16 21:01:34,867 [Thread-1107] INFO  impl.RoleInfo (RoleInfo.java:shutdownFollowerState(121)) - 4b287a15-77af-487b-aef7-34d1d0ee189f: shutdown FollowerState
2019-10-16 21:01:34,867 [Thread-1107] INFO  impl.RaftServerImpl (RaftServerImpl.java:setRole(184)) - 4b287a15-77af-487b-aef7-34d1d0ee189f@group-83C26644CFDA: changes role from  FOLLOWER to CANDIDATE at term 129 for changeToCandidate
2019-10-16 21:01:34,867 [Thread-1107] INFO  impl.RoleInfo (RoleInfo.java:updateAndGet(143)) - 4b287a15-77af-487b-aef7-34d1d0ee189f: start LeaderElection
2019-10-16 21:01:34,879 [4b287a15-77af-487b-aef7-34d1d0ee189f@group-83C26644CFDA-LeaderElection135] INFO  impl.LeaderElection (LeaderElection.java:askForVotes(178)) - 4b287a15-77af-487b-aef7-34d1d0ee189f@group-83C26644CFDA-LeaderElection135: begin an election at term 130 for -1: [4b287a15-77af-487b-aef7-34d1d0ee189f:192.168.34.38:38597, 0aa3649f-570d-46c6-937f-492d7f3a8364:192.168.34.38:33209, 4a03179f-3169-4ac7-a075-259968512ef0:192.168.34.38:45833], old=null
2019-10-16 21:01:34,881 [grpc-default-executor-1] INFO  impl.RaftServerImpl (RaftServerImpl.java:setRole(184)) - 4a03179f-3169-4ac7-a075-259968512ef0@group-83C26644CFDA: changes role from  FOLLOWER to FOLLOWER at term 130 for recognizeCandidate:4b287a15-77af-487b-aef7-34d1d0ee189f
2019-10-16 21:01:34,881 [grpc-default-executor-1] INFO  impl.RoleInfo (RoleInfo.java:shutdownFollowerState(121)) - 4a03179f-3169-4ac7-a075-259968512ef0: shutdown FollowerState
2019-10-16 21:01:34,881 [grpc-default-executor-1] INFO  impl.RoleInfo (RoleInfo.java:updateAndGet(143)) - 4a03179f-3169-4ac7-a075-259968512ef0: start FollowerState
2019-10-16 21:01:34,881 [Thread-1105] INFO  impl.FollowerState (FollowerState.java:run(117)) - 4a03179f-3169-4ac7-a075-259968512ef0@group-83C26644CFDA-FollowerState was interrupted: java.lang.InterruptedException: sleep interrupted
2019-10-16 21:01:34,881 [grpc-default-executor-3] INFO  impl.RaftServerImpl (RaftServerImpl.java:setRole(184)) - 0aa3649f-570d-46c6-937f-492d7f3a8364@group-83C26644CFDA: changes role from  FOLLOWER to FOLLOWER at term 130 for recognizeCandidate:4b287a15-77af-487b-aef7-34d1d0ee189f
2019-10-16 21:01:34,881 [grpc-default-executor-3] INFO  impl.RoleInfo (RoleInfo.java:shutdownFollowerState(121)) - 0aa3649f-570d-46c6-937f-492d7f3a8364: shutdown FollowerState
2019-10-16 21:01:34,881 [grpc-default-executor-3] INFO  impl.RoleInfo (RoleInfo.java:updateAndGet(143)) - 0aa3649f-570d-46c6-937f-492d7f3a8364: start FollowerState
2019-10-16 21:01:34,881 [Thread-1106] INFO  impl.FollowerState (FollowerState.java:run(117)) - 0aa3649f-570d-46c6-937f-492d7f3a8364@group-83C26644CFDA-FollowerState was interrupted: java.lang.InterruptedException: sleep interrupted
2019-10-16 21:01:34,895 [4b287a15-77af-487b-aef7-34d1d0ee189f@group-83C26644CFDA-LeaderElection135] INFO  impl.LeaderElection (LeaderElection.java:logAndReturn(56)) - 4b287a15-77af-487b-aef7-34d1d0ee189f@group-83C26644CFDA-LeaderElection135: Election REJECTED; received 2 response(s) [4b287a15-77af-487b-aef7-34d1d0ee189f<-0aa3649f-570d-46c6-937f-492d7f3a8364#0:FAIL-t130, 4b287a15-77af-487b-aef7-34d1d0ee189f<-4a03179f-3169-4ac7-a075-259968512ef0#0:FAIL-t130] and 0 exception(s); 4b287a15-77af-487b-aef7-34d1d0ee189f@group-83C26644CFDA:t130, leader=null, voted=4b287a15-77af-487b-aef7-34d1d0ee189f, raftlog=4b287a15-77af-487b-aef7-34d1d0ee189f@group-83C26644CFDA-SegmentedRaftLog:OPENED:c-1,f-1,i0, conf=-1: [4b287a15-77af-487b-aef7-34d1d0ee189f:192.168.34.38:38597, 0aa3649f-570d-46c6-937f-492d7f3a8364:192.168.34.38:33209, 4a03179f-3169-4ac7-a075-259968512ef0:192.168.34.38:45833], old=null
2019-10-16 21:01:34,895 [4b287a15-77af-487b-aef7-34d1d0ee189f@group-83C26644CFDA-LeaderElection135] INFO  impl.RaftServerImpl (RaftServerImpl.java:setRole(184)) - 4b287a15-77af-487b-aef7-34d1d0ee189f@group-83C26644CFDA: changes role from CANDIDATE to FOLLOWER at term 130 for DISCOVERED_A_NEW_TERM
2019-10-16 21:01:34,895 [4b287a15-77af-487b-aef7-34d1d0ee189f@group-83C26644CFDA-LeaderElection135] INFO  impl.RoleInfo (RoleInfo.java:shutdownLeaderElection(134)) - 4b287a15-77af-487b-aef7-34d1d0ee189f: shutdown LeaderElection
2019-10-16 21:01:34,895 [4b287a15-77af-487b-aef7-34d1d0ee189f@group-83C26644CFDA-LeaderElection135] INFO  impl.RoleInfo (RoleInfo.java:updateAndGet(143)) - 4b287a15-77af-487b-aef7-34d1d0ee189f: start FollowerState
2019-10-16 21:01:34,980 [Thread-1113] INFO  impl.FollowerState (FollowerState.java:run(108)) - 4b287a15-77af-487b-aef7-34d1d0ee189f@group-83C26644CFDA-FollowerState: change to CANDIDATE, lastRpcTime:84ms, electionTimeout:84ms
2019-10-16 21:01:34,980 [Thread-1113] INFO  impl.RoleInfo (RoleInfo.java:shutdownFollowerState(121)) - 4b287a15-77af-487b-aef7-34d1d0ee189f: shutdown FollowerState
2019-10-16 21:01:34,980 [Thread-1113] INFO  impl.RaftServerImpl (RaftServerImpl.java:setRole(184)) - 4b287a15-77af-487b-aef7-34d1d0ee189f@group-83C26644CFDA: changes role from  FOLLOWER to CANDIDATE at term 130 for changeToCandidate
2019-10-16 21:01:34,980 [Thread-1113] INFO  impl.RoleInfo (RoleInfo.java:updateAndGet(143)) - 4b287a15-77af-487b-aef7-34d1d0ee189f: start LeaderElection
2019-10-16 21:01:34,994 [4b287a15-77af-487b-aef7-34d1d0ee189f@group-83C26644CFDA-LeaderElection136] INFO  impl.LeaderElection (LeaderElection.java:askForVotes(178)) - 4b287a15-77af-487b-aef7-34d1d0ee189f@group-83C26644CFDA-LeaderElection136: begin an election at term 131 for -1: [4b287a15-77af-487b-aef7-34d1d0ee189f:192.168.34.38:38597, 0aa3649f-570d-46c6-937f-492d7f3a8364:192.168.34.38:33209, 4a03179f-3169-4ac7-a075-259968512ef0:192.168.34.38:45833], old=null
2019-10-16 21:01:34,996 [grpc-default-executor-1] INFO  impl.RaftServerImpl (RaftServerImpl.java:setRole(184)) - 0aa3649f-570d-46c6-937f-492d7f3a8364@group-83C26644CFDA: changes role from  FOLLOWER to FOLLOWER at term 131 for recognizeCandidate:4b287a15-77af-487b-aef7-34d1d0ee189f
2019-10-16 21:01:34,996 [grpc-default-executor-3] INFO  impl.RaftServerImpl (RaftServerImpl.java:setRole(184)) - 4a03179f-3169-4ac7-a075-259968512ef0@group-83C26644CFDA: changes role from  FOLLOWER to FOLLOWER at term 131 for recognizeCandidate:4b287a15-77af-487b-aef7-34d1d0ee189f
2019-10-16 21:01:34,997 [grpc-default-executor-1] INFO  impl.RoleInfo (RoleInfo.java:shutdownFollowerState(121)) - 0aa3649f-570d-46c6-937f-492d7f3a8364: shutdown FollowerState
2019-10-16 21:01:34,997 [grpc-default-executor-3] INFO  impl.RoleInfo (RoleInfo.java:shutdownFollowerState(121)) - 4a03179f-3169-4ac7-a075-259968512ef0: shutdown FollowerState
2019-10-16 21:01:34,997 [Thread-1112] INFO  impl.FollowerState (FollowerState.java:run(117)) - 0aa3649f-570d-46c6-937f-492d7f3a8364@group-83C26644CFDA-FollowerState was interrupted: java.lang.InterruptedException: sleep interrupted
2019-10-16 21:01:34,997 [grpc-default-executor-1] INFO  impl.RoleInfo (RoleInfo.java:updateAndGet(143)) - 0aa3649f-570d-46c6-937f-492d7f3a8364: start FollowerState
2019-10-16 21:01:34,997 [Thread-1111] INFO  impl.FollowerState (FollowerState.java:run(117)) - 4a03179f-3169-4ac7-a075-259968512ef0@group-83C26644CFDA-FollowerState was interrupted: java.lang.InterruptedException: sleep interrupted
2019-10-16 21:01:34,997 [grpc-default-executor-3] INFO  impl.RoleInfo (RoleInfo.java:updateAndGet(143)) - 4a03179f-3169-4ac7-a075-259968512ef0: start FollowerState
2019-10-16 21:01:35,011 [4b287a15-77af-487b-aef7-34d1d0ee189f@group-83C26644CFDA-LeaderElection136] INFO  impl.LeaderElection (LeaderElection.java:logAndReturn(56)) - 4b287a15-77af-487b-aef7-34d1d0ee189f@group-83C26644CFDA-LeaderElection136: Election REJECTED; received 2 response(s) [4b287a15-77af-487b-aef7-34d1d0ee189f<-0aa3649f-570d-46c6-937f-492d7f3a8364#0:FAIL-t131, 4b287a15-77af-487b-aef7-34d1d0ee189f<-4a03179f-3169-4ac7-a075-259968512ef0#0:FAIL-t131] and 0 exception(s); 4b287a15-77af-487b-aef7-34d1d0ee189f@group-83C26644CFDA:t131, leader=null, voted=4b287a15-77af-487b-aef7-34d1d0ee189f, raftlog=4b287a15-77af-487b-aef7-34d1d0ee189f@group-83C26644CFDA-SegmentedRaftLog:OPENED:c-1,f-1,i0, conf=-1: [4b287a15-77af-487b-aef7-34d1d0ee189f:192.168.34.38:38597, 0aa3649f-570d-46c6-937f-492d7f3a8364:192.168.34.38:33209, 4a03179f-3169-4ac7-a075-259968512ef0:192.168.34.38:45833], old=null
2019-10-16 21:01:35,011 [4b287a15-77af-487b-aef7-34d1d0ee189f@group-83C26644CFDA-LeaderElection136] INFO  impl.RaftServerImpl (RaftServerImpl.java:setRole(184)) - 4b287a15-77af-487b-aef7-34d1d0ee189f@group-83C26644CFDA: changes role from CANDIDATE to FOLLOWER at term 131 for DISCOVERED_A_NEW_TERM
2019-10-16 21:01:35,011 [4b287a15-77af-487b-aef7-34d1d0ee189f@group-83C26644CFDA-LeaderElection136] INFO  impl.RoleInfo (RoleInfo.java:shutdownLeaderElection(134)) - 4b287a15-77af-487b-aef7-34d1d0ee189f: shutdown LeaderElection
2019-10-16 21:01:35,011 [4b287a15-77af-487b-aef7-34d1d0ee189f@group-83C26644CFDA-LeaderElection136] INFO  impl.RoleInfo (RoleInfo.java:updateAndGet(143)) - 4b287a15-77af-487b-aef7-34d1d0ee189f: start FollowerState
2019-10-16 21:01:35,102 [Thread-1119] INFO  impl.FollowerState (FollowerState.java:run(108)) - 4b287a15-77af-487b-aef7-34d1d0ee189f@group-83C26644CFDA-FollowerState: change to CANDIDATE, lastRpcTime:90ms, electionTimeout:90ms
2019-10-16 21:01:35,102 [Thread-1119] INFO  impl.RoleInfo (RoleInfo.java:shutdownFollowerState(121)) - 4b287a15-77af-487b-aef7-34d1d0ee189f: shutdown FollowerState
2019-10-16 21:01:35,102 [Thread-1119] INFO  impl.RaftServerImpl (RaftServerImpl.java:setRole(184)) - 4b287a15-77af-487b-aef7-34d1d0ee189f@group-83C26644CFDA: changes role from  FOLLOWER to CANDIDATE at term 131 for changeToCandidate
2019-10-16 21:01:35,102 [Thread-1119] INFO  impl.RoleInfo (RoleInfo.java:updateAndGet(143)) - 4b287a15-77af-487b-aef7-34d1d0ee189f: start LeaderElection
2019-10-16 21:01:35,116 [4b287a15-77af-487b-aef7-34d1d0ee189f@group-83C26644CFDA-LeaderElection137] INFO  impl.LeaderElection (LeaderElection.java:askForVotes(178)) - 4b287a15-77af-487b-aef7-34d1d0ee189f@group-83C26644CFDA-LeaderElection137: begin an election at term 132 for -1: [4b287a15-77af-487b-aef7-34d1d0ee189f:192.168.34.38:38597, 0aa3649f-570d-46c6-937f-492d7f3a8364:192.168.34.38:33209, 4a03179f-3169-4ac7-a075-259968512ef0:192.168.34.38:45833], old=null
2019-10-16 21:01:35,119 [grpc-default-executor-3] INFO  impl.RaftServerImpl (RaftServerImpl.java:setRole(184)) - 4a03179f-3169-4ac7-a075-259968512ef0@group-83C26644CFDA: changes role from  FOLLOWER to FOLLOWER at term 132 for recognizeCandidate:4b287a15-77af-487b-aef7-34d1d0ee189f
2019-10-16 21:01:35,119 [grpc-default-executor-1] INFO  impl.RaftServerImpl (RaftServerImpl.java:setRole(184)) - 0aa3649f-570d-46c6-937f-492d7f3a8364@group-83C26644CFDA: changes role from  FOLLOWER to FOLLOWER at term 132 for recognizeCandidate:4b287a15-77af-487b-aef7-34d1d0ee189f
2019-10-16 21:01:35,119 [grpc-default-executor-3] INFO  impl.RoleInfo (RoleInfo.java:shutdownFollowerState(121)) - 4a03179f-3169-4ac7-a075-259968512ef0: shutdown FollowerState
2019-10-16 21:01:35,119 [grpc-default-executor-1] INFO  impl.RoleInfo (RoleInfo.java:shutdownFollowerState(121)) - 0aa3649f-570d-46c6-937f-492d7f3a8364: shutdown FollowerState
2019-10-16 21:01:35,119 [grpc-default-executor-3] INFO  impl.RoleInfo (RoleInfo.java:updateAndGet(143)) - 4a03179f-3169-4ac7-a075-259968512ef0: start FollowerState
2019-10-16 21:01:35,119 [Thread-1118] INFO  impl.FollowerState (FollowerState.java:run(117)) - 4a03179f-3169-4ac7-a075-259968512ef0@group-83C26644CFDA-FollowerState was interrupted: java.lang.InterruptedException: sleep interrupted
2019-10-16 21:01:35,119 [Thread-1117] INFO  impl.FollowerState (FollowerState.java:run(117)) - 0aa3649f-570d-46c6-937f-492d7f3a8364@group-83C26644CFDA-FollowerState was interrupted: java.lang.InterruptedException: sleep interrupted
2019-10-16 21:01:35,119 [grpc-default-executor-1] INFO  impl.RoleInfo (RoleInfo.java:updateAndGet(143)) - 0aa3649f-570d-46c6-937f-492d7f3a8364: start FollowerState
2019-10-16 21:01:35,134 [4b287a15-77af-487b-aef7-34d1d0ee189f@group-83C26644CFDA-LeaderElection137] INFO  impl.LeaderElection (LeaderElection.java:logAndReturn(56)) - 4b287a15-77af-487b-aef7-34d1d0ee189f@group-83C26644CFDA-LeaderElection137: Election REJECTED; received 2 response(s) [4b287a15-77af-487b-aef7-34d1d0ee189f<-0aa3649f-570d-46c6-937f-492d7f3a8364#0:FAIL-t132, 4b287a15-77af-487b-aef7-34d1d0ee189f<-4a03179f-3169-4ac7-a075-259968512ef0#0:FAIL-t132] and 0 exception(s); 4b287a15-77af-487b-aef7-34d1d0ee189f@group-83C26644CFDA:t132, leader=null, voted=4b287a15-77af-487b-aef7-34d1d0ee189f, raftlog=4b287a15-77af-487b-aef7-34d1d0ee189f@group-83C26644CFDA-SegmentedRaftLog:OPENED:c-1,f-1,i0, conf=-1: [4b287a15-77af-487b-aef7-34d1d0ee189f:192.168.34.38:38597, 0aa3649f-570d-46c6-937f-492d7f3a8364:192.168.34.38:33209, 4a03179f-3169-4ac7-a075-259968512ef0:192.168.34.38:45833], old=null
2019-10-16 21:01:35,134 [4b287a15-77af-487b-aef7-34d1d0ee189f@group-83C26644CFDA-LeaderElection137] INFO  impl.RaftServerImpl (RaftServerImpl.java:setRole(184)) - 4b287a15-77af-487b-aef7-34d1d0ee189f@group-83C26644CFDA: changes role from CANDIDATE to FOLLOWER at term 132 for DISCOVERED_A_NEW_TERM
2019-10-16 21:01:35,134 [4b287a15-77af-487b-aef7-34d1d0ee189f@group-83C26644CFDA-LeaderElection137] INFO  impl.RoleInfo (RoleInfo.java:shutdownLeaderElection(134)) - 4b287a15-77af-487b-aef7-34d1d0ee189f: shutdown LeaderElection
2019-10-16 21:01:35,135 [4b287a15-77af-487b-aef7-34d1d0ee189f@group-83C26644CFDA-LeaderElection137] INFO  impl.RoleInfo (RoleInfo.java:updateAndGet(143)) - 4b287a15-77af-487b-aef7-34d1d0ee189f: start FollowerState
2019-10-16 21:01:35,247 [Thread-1125] INFO  impl.FollowerState (FollowerState.java:run(108)) - 4b287a15-77af-487b-aef7-34d1d0ee189f@group-83C26644CFDA-FollowerState: change to CANDIDATE, lastRpcTime:112ms, electionTimeout:112ms
2019-10-16 21:01:35,247 [Thread-1125] INFO  impl.RoleInfo (RoleInfo.java:shutdownFollowerState(121)) - 4b287a15-77af-487b-aef7-34d1d0ee189f: shutdown FollowerState
2019-10-16 21:01:35,247 [Thread-1125] INFO  impl.RaftServerImpl (RaftServerImpl.java:setRole(184)) - 4b287a15-77af-487b-aef7-34d1d0ee189f@group-83C26644CFDA: changes role from  FOLLOWER to CANDIDATE at term 132 for changeToCandidate
2019-10-16 21:01:35,247 [Thread-1125] INFO  impl.RoleInfo (RoleInfo.java:updateAndGet(143)) - 4b287a15-77af-487b-aef7-34d1d0ee189f: start LeaderElection
2019-10-16 21:01:35,351 [main] INFO  ozone.MiniOzoneClusterImpl (MiniOzoneClusterImpl.java:lambda$waitForClusterToBeReady$2(164)) - Waiting for 1 number of pipelines out of 4, to report a leader.
2019-10-16 21:01:35,540 [4b287a15-77af-487b-aef7-34d1d0ee189f@group-83C26644CFDA-LeaderElection138] INFO  impl.LeaderElection (LeaderElection.java:askForVotes(178)) - 4b287a15-77af-487b-aef7-34d1d0ee189f@group-83C26644CFDA-LeaderElection138: begin an election at term 133 for -1: [4b287a15-77af-487b-aef7-34d1d0ee189f:192.168.34.38:38597, 0aa3649f-570d-46c6-937f-492d7f3a8364:192.168.34.38:33209, 4a03179f-3169-4ac7-a075-259968512ef0:192.168.34.38:45833], old=null
2019-10-16 21:01:35,542 [grpc-default-executor-3] INFO  impl.RaftServerImpl (RaftServerImpl.java:setRole(184)) - 0aa3649f-570d-46c6-937f-492d7f3a8364@group-83C26644CFDA: changes role from  FOLLOWER to FOLLOWER at term 133 for recognizeCandidate:4b287a15-77af-487b-aef7-34d1d0ee189f
2019-10-16 21:01:35,542 [grpc-default-executor-1] INFO  impl.RaftServerImpl (RaftServerImpl.java:setRole(184)) - 4a03179f-3169-4ac7-a075-259968512ef0@group-83C26644CFDA: changes role from  FOLLOWER to FOLLOWER at term 133 for recognizeCandidate:4b287a15-77af-487b-aef7-34d1d0ee189f
2019-10-16 21:01:35,543 [grpc-default-executor-3] INFO  impl.RoleInfo (RoleInfo.java:shutdownFollowerState(121)) - 0aa3649f-570d-46c6-937f-492d7f3a8364: shutdown FollowerState
2019-10-16 21:01:35,543 [grpc-default-executor-1] INFO  impl.RoleInfo (RoleInfo.java:shutdownFollowerState(121)) - 4a03179f-3169-4ac7-a075-259968512ef0: shutdown FollowerState
2019-10-16 21:01:35,543 [Thread-1124] INFO  impl.FollowerState (FollowerState.java:run(117)) - 0aa3649f-570d-46c6-937f-492d7f3a8364@group-83C26644CFDA-FollowerState was interrupted: java.lang.InterruptedException: sleep interrupted
2019-10-16 21:01:35,543 [grpc-default-executor-3] INFO  impl.RoleInfo (RoleInfo.java:updateAndGet(143)) - 0aa3649f-570d-46c6-937f-492d7f3a8364: start FollowerState
2019-10-16 21:01:35,543 [Thread-1123] INFO  impl.FollowerState (FollowerState.java:run(117)) - 4a03179f-3169-4ac7-a075-259968512ef0@group-83C26644CFDA-FollowerState was interrupted: java.lang.InterruptedException: sleep interrupted
2019-10-16 21:01:35,543 [grpc-default-executor-1] INFO  impl.RoleInfo (RoleInfo.java:updateAndGet(143)) - 4a03179f-3169-4ac7-a075-259968512ef0: start FollowerState
2019-10-16 21:01:35,552 [4b287a15-77af-487b-aef7-34d1d0ee189f@group-83C26644CFDA-LeaderElection138] INFO  impl.LeaderElection (LeaderElection.java:logAndReturn(56)) - 4b287a15-77af-487b-aef7-34d1d0ee189f@group-83C26644CFDA-LeaderElection138: Election REJECTED; received 2 response(s) [4b287a15-77af-487b-aef7-34d1d0ee189f<-0aa3649f-570d-46c6-937f-492d7f3a8364#0:FAIL-t133, 4b287a15-77af-487b-aef7-34d1d0ee189f<-4a03179f-3169-4ac7-a075-259968512ef0#0:FAIL-t133] and 0 exception(s); 4b287a15-77af-487b-aef7-34d1d0ee189f@group-83C26644CFDA:t133, leader=null, voted=4b287a15-77af-487b-aef7-34d1d0ee189f, raftlog=4b287a15-77af-487b-aef7-34d1d0ee189f@group-83C26644CFDA-SegmentedRaftLog:OPENED:c-1,f-1,i0, conf=-1: [4b287a15-77af-487b-aef7-34d1d0ee189f:192.168.34.38:38597, 0aa3649f-570d-46c6-937f-492d7f3a8364:192.168.34.38:33209, 4a03179f-3169-4ac7-a075-259968512ef0:192.168.34.38:45833], old=null
2019-10-16 21:01:35,553 [4b287a15-77af-487b-aef7-34d1d0ee189f@group-83C26644CFDA-LeaderElection138] INFO  impl.RaftServerImpl (RaftServerImpl.java:setRole(184)) - 4b287a15-77af-487b-aef7-34d1d0ee189f@group-83C26644CFDA: changes role from CANDIDATE to FOLLOWER at term 133 for DISCOVERED_A_NEW_TERM
2019-10-16 21:01:35,553 [4b287a15-77af-487b-aef7-34d1d0ee189f@group-83C26644CFDA-LeaderElection138] INFO  impl.RoleInfo (RoleInfo.java:shutdownLeaderElection(134)) - 4b287a15-77af-487b-aef7-34d1d0ee189f: shutdown LeaderElection
2019-10-16 21:01:35,553 [4b287a15-77af-487b-aef7-34d1d0ee189f@group-83C26644CFDA-LeaderElection138] INFO  impl.RoleInfo (RoleInfo.java:updateAndGet(143)) - 4b287a15-77af-487b-aef7-34d1d0ee189f: start FollowerState
2019-10-16 21:01:35,751 [Thread-1131] INFO  impl.FollowerState (FollowerState.java:run(108)) - 4b287a15-77af-487b-aef7-34d1d0ee189f@group-83C26644CFDA-FollowerState: change to CANDIDATE, lastRpcTime:198ms, electionTimeout:198ms
2019-10-16 21:01:35,752 [Thread-1131] INFO  impl.RoleInfo (RoleInfo.java:shutdownFollowerState(121)) - 4b287a15-77af-487b-aef7-34d1d0ee189f: shutdown FollowerState
2019-10-16 21:01:35,752 [Thread-1131] INFO  impl.RaftServerImpl (RaftServerImpl.java:setRole(184)) - 4b287a15-77af-487b-aef7-34d1d0ee189f@group-83C26644CFDA: changes role from  FOLLOWER to CANDIDATE at term 133 for changeToCandidate
2019-10-16 21:01:35,752 [Thread-1131] INFO  impl.RoleInfo (RoleInfo.java:updateAndGet(143)) - 4b287a15-77af-487b-aef7-34d1d0ee189f: start LeaderElection
2019-10-16 21:01:35,765 [4b287a15-77af-487b-aef7-34d1d0ee189f@group-83C26644CFDA-LeaderElection139] INFO  impl.LeaderElection (LeaderElection.java:askForVotes(178)) - 4b287a15-77af-487b-aef7-34d1d0ee189f@group-83C26644CFDA-LeaderElection139: begin an election at term 134 for -1: [4b287a15-77af-487b-aef7-34d1d0ee189f:192.168.34.38:38597, 0aa3649f-570d-46c6-937f-492d7f3a8364:192.168.34.38:33209, 4a03179f-3169-4ac7-a075-259968512ef0:192.168.34.38:45833], old=null
2019-10-16 21:01:35,768 [grpc-default-executor-1] INFO  impl.RaftServerImpl (RaftServerImpl.java:setRole(184)) - 0aa3649f-570d-46c6-937f-492d7f3a8364@group-83C26644CFDA: changes role from  FOLLOWER to FOLLOWER at term 134 for recognizeCandidate:4b287a15-77af-487b-aef7-34d1d0ee189f
2019-10-16 21:01:35,768 [grpc-default-executor-1] INFO  impl.RoleInfo (RoleInfo.java:shutdownFollowerState(121)) - 0aa3649f-570d-46c6-937f-492d7f3a8364: shutdown FollowerState
2019-10-16 21:01:35,768 [grpc-default-executor-3] INFO  impl.RaftServerImpl (RaftServerImpl.java:setRole(184)) - 4a03179f-3169-4ac7-a075-259968512ef0@group-83C26644CFDA: changes role from  FOLLOWER to FOLLOWER at term 134 for recognizeCandidate:4b287a15-77af-487b-aef7-34d1d0ee189f
2019-10-16 21:01:35,768 [grpc-default-executor-3] INFO  impl.RoleInfo (RoleInfo.java:shutdownFollowerState(121)) - 4a03179f-3169-4ac7-a075-259968512ef0: shutdown FollowerState
2019-10-16 21:01:35,768 [Thread-1129] INFO  impl.FollowerState (FollowerState.java:run(117)) - 0aa3649f-570d-46c6-937f-492d7f3a8364@group-83C26644CFDA-FollowerState was interrupted: java.lang.InterruptedException: sleep interrupted
2019-10-16 21:01:35,768 [grpc-default-executor-1] INFO  impl.RoleInfo (RoleInfo.java:updateAndGet(143)) - 0aa3649f-570d-46c6-937f-492d7f3a8364: start FollowerState
2019-10-16 21:01:35,769 [Thread-1130] INFO  impl.FollowerState (FollowerState.java:run(117)) - 4a03179f-3169-4ac7-a075-259968512ef0@group-83C26644CFDA-FollowerState was interrupted: java.lang.InterruptedException: sleep interrupted
2019-10-16 21:01:35,768 [grpc-default-executor-3] INFO  impl.RoleInfo (RoleInfo.java:updateAndGet(143)) - 4a03179f-3169-4ac7-a075-259968512ef0: start FollowerState
2019-10-16 21:01:35,789 [4b287a15-77af-487b-aef7-34d1d0ee189f@group-83C26644CFDA-LeaderElection139] INFO  impl.LeaderElection (LeaderElection.java:logAndReturn(56)) - 4b287a15-77af-487b-aef7-34d1d0ee189f@group-83C26644CFDA-LeaderElection139: Election REJECTED; received 2 response(s) [4b287a15-77af-487b-aef7-34d1d0ee189f<-0aa3649f-570d-46c6-937f-492d7f3a8364#0:FAIL-t134, 4b287a15-77af-487b-aef7-34d1d0ee189f<-4a03179f-3169-4ac7-a075-259968512ef0#0:FAIL-t134] and 0 exception(s); 4b287a15-77af-487b-aef7-34d1d0ee189f@group-83C26644CFDA:t134, leader=null, voted=4b287a15-77af-487b-aef7-34d1d0ee189f, raftlog=4b287a15-77af-487b-aef7-34d1d0ee189f@group-83C26644CFDA-SegmentedRaftLog:OPENED:c-1,f-1,i0, conf=-1: [4b287a15-77af-487b-aef7-34d1d0ee189f:192.168.34.38:38597, 0aa3649f-570d-46c6-937f-492d7f3a8364:192.168.34.38:33209, 4a03179f-3169-4ac7-a075-259968512ef0:192.168.34.38:45833], old=null
2019-10-16 21:01:35,789 [4b287a15-77af-487b-aef7-34d1d0ee189f@group-83C26644CFDA-LeaderElection139] INFO  impl.RaftServerImpl (RaftServerImpl.java:setRole(184)) - 4b287a15-77af-487b-aef7-34d1d0ee189f@group-83C26644CFDA: changes role from CANDIDATE to FOLLOWER at term 134 for DISCOVERED_A_NEW_TERM
2019-10-16 21:01:35,790 [4b287a15-77af-487b-aef7-34d1d0ee189f@group-83C26644CFDA-LeaderElection139] INFO  impl.RoleInfo (RoleInfo.java:shutdownLeaderElection(134)) - 4b287a15-77af-487b-aef7-34d1d0ee189f: shutdown LeaderElection
2019-10-16 21:01:35,790 [4b287a15-77af-487b-aef7-34d1d0ee189f@group-83C26644CFDA-LeaderElection139] INFO  impl.RoleInfo (RoleInfo.java:updateAndGet(143)) - 4b287a15-77af-487b-aef7-34d1d0ee189f: start FollowerState
2019-10-16 21:01:35,811 [Thread-1137] INFO  impl.FollowerState (FollowerState.java:run(108)) - 4b287a15-77af-487b-aef7-34d1d0ee189f@group-83C26644CFDA-FollowerState: change to CANDIDATE, lastRpcTime:21ms, electionTimeout:21ms
2019-10-16 21:01:35,811 [Thread-1137] INFO  impl.RoleInfo (RoleInfo.java:shutdownFollowerState(121)) - 4b287a15-77af-487b-aef7-34d1d0ee189f: shutdown FollowerState
2019-10-16 21:01:35,811 [Thread-1137] INFO  impl.RaftServerImpl (RaftServerImpl.java:setRole(184)) - 4b287a15-77af-487b-aef7-34d1d0ee189f@group-83C26644CFDA: changes role from  FOLLOWER to CANDIDATE at term 134 for changeToCandidate
2019-10-16 21:01:35,811 [Thread-1137] INFO  impl.RoleInfo (RoleInfo.java:updateAndGet(143)) - 4b287a15-77af-487b-aef7-34d1d0ee189f: start LeaderElection
2019-10-16 21:01:35,824 [4b287a15-77af-487b-aef7-34d1d0ee189f@group-83C26644CFDA-LeaderElection140] INFO  impl.LeaderElection (LeaderElection.java:askForVotes(178)) - 4b287a15-77af-487b-aef7-34d1d0ee189f@group-83C26644CFDA-LeaderElection140: begin an election at term 135 for -1: [4b287a15-77af-487b-aef7-34d1d0ee189f:192.168.34.38:38597, 0aa3649f-570d-46c6-937f-492d7f3a8364:192.168.34.38:33209, 4a03179f-3169-4ac7-a075-259968512ef0:192.168.34.38:45833], old=null
2019-10-16 21:01:35,826 [grpc-default-executor-1] INFO  impl.RaftServerImpl (RaftServerImpl.java:setRole(184)) - 4a03179f-3169-4ac7-a075-259968512ef0@group-83C26644CFDA: changes role from  FOLLOWER to FOLLOWER at term 135 for recognizeCandidate:4b287a15-77af-487b-aef7-34d1d0ee189f
2019-10-16 21:01:35,826 [grpc-default-executor-3] INFO  impl.RaftServerImpl (RaftServerImpl.java:setRole(184)) - 0aa3649f-570d-46c6-937f-492d7f3a8364@group-83C26644CFDA: changes role from  FOLLOWER to FOLLOWER at term 135 for recognizeCandidate:4b287a15-77af-487b-aef7-34d1d0ee189f
2019-10-16 21:01:35,827 [grpc-default-executor-1] INFO  impl.RoleInfo (RoleInfo.java:shutdownFollowerState(121)) - 4a03179f-3169-4ac7-a075-259968512ef0: shutdown FollowerState
2019-10-16 21:01:35,827 [grpc-default-executor-3] INFO  impl.RoleInfo (RoleInfo.java:shutdownFollowerState(121)) - 0aa3649f-570d-46c6-937f-492d7f3a8364: shutdown FollowerState
2019-10-16 21:01:35,827 [grpc-default-executor-1] INFO  impl.RoleInfo (RoleInfo.java:updateAndGet(143)) - 4a03179f-3169-4ac7-a075-259968512ef0: start FollowerState
2019-10-16 21:01:35,827 [Thread-1136] INFO  impl.FollowerState (FollowerState.java:run(117)) - 4a03179f-3169-4ac7-a075-259968512ef0@group-83C26644CFDA-FollowerState was interrupted: java.lang.InterruptedException: sleep interrupted
2019-10-16 21:01:35,827 [Thread-1135] INFO  impl.FollowerState (FollowerState.java:run(117)) - 0aa3649f-570d-46c6-937f-492d7f3a8364@group-83C26644CFDA-FollowerState was interrupted: java.lang.InterruptedException: sleep interrupted
2019-10-16 21:01:35,827 [grpc-default-executor-3] INFO  impl.RoleInfo (RoleInfo.java:updateAndGet(143)) - 0aa3649f-570d-46c6-937f-492d7f3a8364: start FollowerState
2019-10-16 21:01:35,836 [4b287a15-77af-487b-aef7-34d1d0ee189f@group-83C26644CFDA-LeaderElection140] INFO  impl.LeaderElection (LeaderElection.java:logAndReturn(56)) - 4b287a15-77af-487b-aef7-34d1d0ee189f@group-83C26644CFDA-LeaderElection140: Election TIMEOUT; received 0 response(s) [] and 0 exception(s); 4b287a15-77af-487b-aef7-34d1d0ee189f@group-83C26644CFDA:t135, leader=null, voted=4b287a15-77af-487b-aef7-34d1d0ee189f, raftlog=4b287a15-77af-487b-aef7-34d1d0ee189f@group-83C26644CFDA-SegmentedRaftLog:OPENED:c-1,f-1,i0, conf=-1: [4b287a15-77af-487b-aef7-34d1d0ee189f:192.168.34.38:38597, 0aa3649f-570d-46c6-937f-492d7f3a8364:192.168.34.38:33209, 4a03179f-3169-4ac7-a075-259968512ef0:192.168.34.38:45833], old=null
2019-10-16 21:01:35,841 [4b287a15-77af-487b-aef7-34d1d0ee189f@group-83C26644CFDA-LeaderElection140] INFO  impl.LeaderElection (LeaderElection.java:askForVotes(178)) - 4b287a15-77af-487b-aef7-34d1d0ee189f@group-83C26644CFDA-LeaderElection140: begin an election at term 136 for -1: [4b287a15-77af-487b-aef7-34d1d0ee189f:192.168.34.38:38597, 0aa3649f-570d-46c6-937f-492d7f3a8364:192.168.34.38:33209, 4a03179f-3169-4ac7-a075-259968512ef0:192.168.34.38:45833], old=null
2019-10-16 21:01:35,842 [grpc-default-executor-1] INFO  impl.RaftServerImpl (RaftServerImpl.java:setRole(184)) - 4a03179f-3169-4ac7-a075-259968512ef0@group-83C26644CFDA: changes role from  FOLLOWER to FOLLOWER at term 136 for recognizeCandidate:4b287a15-77af-487b-aef7-34d1d0ee189f
2019-10-16 21:01:35,842 [grpc-default-executor-3] INFO  impl.RaftServerImpl (RaftServerImpl.java:setRole(184)) - 0aa3649f-570d-46c6-937f-492d7f3a8364@group-83C26644CFDA: changes role from  FOLLOWER to FOLLOWER at term 136 for recognizeCandidate:4b287a15-77af-487b-aef7-34d1d0ee189f
2019-10-16 21:01:35,842 [grpc-default-executor-1] INFO  impl.RoleInfo (RoleInfo.java:shutdownFollowerState(121)) - 4a03179f-3169-4ac7-a075-259968512ef0: shutdown FollowerState
2019-10-16 21:01:35,842 [grpc-default-executor-3] INFO  impl.RoleInfo (RoleInfo.java:shutdownFollowerState(121)) - 0aa3649f-570d-46c6-937f-492d7f3a8364: shutdown FollowerState
2019-10-16 21:01:35,843 [Thread-1141] INFO  impl.FollowerState (FollowerState.java:run(117)) - 4a03179f-3169-4ac7-a075-259968512ef0@group-83C26644CFDA-FollowerState was interrupted: java.lang.InterruptedException: sleep interrupted
2019-10-16 21:01:35,843 [Thread-1142] INFO  impl.FollowerState (FollowerState.java:run(117)) - 0aa3649f-570d-46c6-937f-492d7f3a8364@group-83C26644CFDA-FollowerState was interrupted: java.lang.InterruptedException: sleep interrupted
2019-10-16 21:01:35,842 [grpc-default-executor-1] INFO  impl.RoleInfo (RoleInfo.java:updateAndGet(143)) - 4a03179f-3169-4ac7-a075-259968512ef0: start FollowerState
2019-10-16 21:01:35,843 [grpc-default-executor-3] INFO  impl.RoleInfo (RoleInfo.java:updateAndGet(143)) - 0aa3649f-570d-46c6-937f-492d7f3a8364: start FollowerState
2019-10-16 21:01:35,857 [4b287a15-77af-487b-aef7-34d1d0ee189f@group-83C26644CFDA-LeaderElection140] INFO  impl.LeaderElection (LeaderElection.java:logAndReturn(56)) - 4b287a15-77af-487b-aef7-34d1d0ee189f@group-83C26644CFDA-LeaderElection140: Election REJECTED; received 2 response(s) [4b287a15-77af-487b-aef7-34d1d0ee189f<-0aa3649f-570d-46c6-937f-492d7f3a8364#0:FAIL-t136, 4b287a15-77af-487b-aef7-34d1d0ee189f<-4a03179f-3169-4ac7-a075-259968512ef0#0:FAIL-t136] and 0 exception(s); 4b287a15-77af-487b-aef7-34d1d0ee189f@group-83C26644CFDA:t136, leader=null, voted=4b287a15-77af-487b-aef7-34d1d0ee189f, raftlog=4b287a15-77af-487b-aef7-34d1d0ee189f@group-83C26644CFDA-SegmentedRaftLog:OPENED:c-1,f-1,i0, conf=-1: [4b287a15-77af-487b-aef7-34d1d0ee189f:192.168.34.38:38597, 0aa3649f-570d-46c6-937f-492d7f3a8364:192.168.34.38:33209, 4a03179f-3169-4ac7-a075-259968512ef0:192.168.34.38:45833], old=null
2019-10-16 21:01:35,857 [4b287a15-77af-487b-aef7-34d1d0ee189f@group-83C26644CFDA-LeaderElection140] INFO  impl.RaftServerImpl (RaftServerImpl.java:setRole(184)) - 4b287a15-77af-487b-aef7-34d1d0ee189f@group-83C26644CFDA: changes role from CANDIDATE to FOLLOWER at term 136 for DISCOVERED_A_NEW_TERM
2019-10-16 21:01:35,858 [4b287a15-77af-487b-aef7-34d1d0ee189f@group-83C26644CFDA-LeaderElection140] INFO  impl.RoleInfo (RoleInfo.java:shutdownLeaderElection(134)) - 4b287a15-77af-487b-aef7-34d1d0ee189f: shutdown LeaderElection
2019-10-16 21:01:35,858 [4b287a15-77af-487b-aef7-34d1d0ee189f@group-83C26644CFDA-LeaderElection140] INFO  impl.RoleInfo (RoleInfo.java:updateAndGet(143)) - 4b287a15-77af-487b-aef7-34d1d0ee189f: start FollowerState
2019-10-16 21:01:35,944 [Thread-1147] INFO  impl.FollowerState (FollowerState.java:run(108)) - 4b287a15-77af-487b-aef7-34d1d0ee189f@group-83C26644CFDA-FollowerState: change to CANDIDATE, lastRpcTime:86ms, electionTimeout:86ms
2019-10-16 21:01:35,944 [Thread-1147] INFO  impl.RoleInfo (RoleInfo.java:shutdownFollowerState(121)) - 4b287a15-77af-487b-aef7-34d1d0ee189f: shutdown FollowerState
2019-10-16 21:01:35,944 [Thread-1147] INFO  impl.RaftServerImpl (RaftServerImpl.java:setRole(184)) - 4b287a15-77af-487b-aef7-34d1d0ee189f@group-83C26644CFDA: changes role from  FOLLOWER to CANDIDATE at term 136 for changeToCandidate
2019-10-16 21:01:35,944 [Thread-1147] INFO  impl.RoleInfo (RoleInfo.java:updateAndGet(143)) - 4b287a15-77af-487b-aef7-34d1d0ee189f: start LeaderElection
2019-10-16 21:01:35,957 [4b287a15-77af-487b-aef7-34d1d0ee189f@group-83C26644CFDA-LeaderElection141] INFO  impl.LeaderElection (LeaderElection.java:askForVotes(178)) - 4b287a15-77af-487b-aef7-34d1d0ee189f@group-83C26644CFDA-LeaderElection141: begin an election at term 137 for -1: [4b287a15-77af-487b-aef7-34d1d0ee189f:192.168.34.38:38597, 0aa3649f-570d-46c6-937f-492d7f3a8364:192.168.34.38:33209, 4a03179f-3169-4ac7-a075-259968512ef0:192.168.34.38:45833], old=null
2019-10-16 21:01:35,959 [grpc-default-executor-1] INFO  impl.RaftServerImpl (RaftServerImpl.java:setRole(184)) - 0aa3649f-570d-46c6-937f-492d7f3a8364@group-83C26644CFDA: changes role from  FOLLOWER to FOLLOWER at term 137 for recognizeCandidate:4b287a15-77af-487b-aef7-34d1d0ee189f
2019-10-16 21:01:35,959 [grpc-default-executor-1] INFO  impl.RoleInfo (RoleInfo.java:shutdownFollowerState(121)) - 0aa3649f-570d-46c6-937f-492d7f3a8364: shutdown FollowerState
2019-10-16 21:01:35,959 [grpc-default-executor-3] INFO  impl.RaftServerImpl (RaftServerImpl.java:setRole(184)) - 4a03179f-3169-4ac7-a075-259968512ef0@group-83C26644CFDA: changes role from  FOLLOWER to FOLLOWER at term 137 for recognizeCandidate:4b287a15-77af-487b-aef7-34d1d0ee189f
2019-10-16 21:01:35,960 [Thread-1146] INFO  impl.FollowerState (FollowerState.java:run(117)) - 0aa3649f-570d-46c6-937f-492d7f3a8364@group-83C26644CFDA-FollowerState was interrupted: java.lang.InterruptedException: sleep interrupted
2019-10-16 21:01:35,959 [grpc-default-executor-1] INFO  impl.RoleInfo (RoleInfo.java:updateAndGet(143)) - 0aa3649f-570d-46c6-937f-492d7f3a8364: start FollowerState
2019-10-16 21:01:35,960 [grpc-default-executor-3] INFO  impl.RoleInfo (RoleInfo.java:shutdownFollowerState(121)) - 4a03179f-3169-4ac7-a075-259968512ef0: shutdown FollowerState
2019-10-16 21:01:35,960 [grpc-default-executor-3] INFO  impl.RoleInfo (RoleInfo.java:updateAndGet(143)) - 4a03179f-3169-4ac7-a075-259968512ef0: start FollowerState
2019-10-16 21:01:35,960 [Thread-1145] INFO  impl.FollowerState (FollowerState.java:run(117)) - 4a03179f-3169-4ac7-a075-259968512ef0@group-83C26644CFDA-FollowerState was interrupted: java.lang.InterruptedException: sleep interrupted
2019-10-16 21:01:35,974 [4b287a15-77af-487b-aef7-34d1d0ee189f@group-83C26644CFDA-LeaderElection141] INFO  impl.LeaderElection (LeaderElection.java:logAndReturn(56)) - 4b287a15-77af-487b-aef7-34d1d0ee189f@group-83C26644CFDA-LeaderElection141: Election REJECTED; received 2 response(s) [4b287a15-77af-487b-aef7-34d1d0ee189f<-0aa3649f-570d-46c6-937f-492d7f3a8364#0:FAIL-t137, 4b287a15-77af-487b-aef7-34d1d0ee189f<-4a03179f-3169-4ac7-a075-259968512ef0#0:FAIL-t137] and 0 exception(s); 4b287a15-77af-487b-aef7-34d1d0ee189f@group-83C26644CFDA:t137, leader=null, voted=4b287a15-77af-487b-aef7-34d1d0ee189f, raftlog=4b287a15-77af-487b-aef7-34d1d0ee189f@group-83C26644CFDA-SegmentedRaftLog:OPENED:c-1,f-1,i0, conf=-1: [4b287a15-77af-487b-aef7-34d1d0ee189f:192.168.34.38:38597, 0aa3649f-570d-46c6-937f-492d7f3a8364:192.168.34.38:33209, 4a03179f-3169-4ac7-a075-259968512ef0:192.168.34.38:45833], old=null
2019-10-16 21:01:35,974 [4b287a15-77af-487b-aef7-34d1d0ee189f@group-83C26644CFDA-LeaderElection141] INFO  impl.RaftServerImpl (RaftServerImpl.java:setRole(184)) - 4b287a15-77af-487b-aef7-34d1d0ee189f@group-83C26644CFDA: changes role from CANDIDATE to FOLLOWER at term 137 for DISCOVERED_A_NEW_TERM
2019-10-16 21:01:35,974 [4b287a15-77af-487b-aef7-34d1d0ee189f@group-83C26644CFDA-LeaderElection141] INFO  impl.RoleInfo (RoleInfo.java:shutdownLeaderElection(134)) - 4b287a15-77af-487b-aef7-34d1d0ee189f: shutdown LeaderElection
2019-10-16 21:01:35,974 [4b287a15-77af-487b-aef7-34d1d0ee189f@group-83C26644CFDA-LeaderElection141] INFO  impl.RoleInfo (RoleInfo.java:updateAndGet(143)) - 4b287a15-77af-487b-aef7-34d1d0ee189f: start FollowerState
2019-10-16 21:01:36,145 [Thread-1153] INFO  impl.FollowerState (FollowerState.java:run(108)) - 4b287a15-77af-487b-aef7-34d1d0ee189f@group-83C26644CFDA-FollowerState: change to CANDIDATE, lastRpcTime:170ms, electionTimeout:170ms
2019-10-16 21:01:36,145 [Thread-1153] INFO  impl.RoleInfo (RoleInfo.java:shutdownFollowerState(121)) - 4b287a15-77af-487b-aef7-34d1d0ee189f: shutdown FollowerState
2019-10-16 21:01:36,145 [Thread-1153] INFO  impl.RaftServerImpl (RaftServerImpl.java:setRole(184)) - 4b287a15-77af-487b-aef7-34d1d0ee189f@group-83C26644CFDA: changes role from  FOLLOWER to CANDIDATE at term 137 for changeToCandidate
2019-10-16 21:01:36,145 [Thread-1153] INFO  impl.RoleInfo (RoleInfo.java:updateAndGet(143)) - 4b287a15-77af-487b-aef7-34d1d0ee189f: start LeaderElection
2019-10-16 21:01:36,158 [4b287a15-77af-487b-aef7-34d1d0ee189f@group-83C26644CFDA-LeaderElection142] INFO  impl.LeaderElection (LeaderElection.java:askForVotes(178)) - 4b287a15-77af-487b-aef7-34d1d0ee189f@group-83C26644CFDA-LeaderElection142: begin an election at term 138 for -1: [4b287a15-77af-487b-aef7-34d1d0ee189f:192.168.34.38:38597, 0aa3649f-570d-46c6-937f-492d7f3a8364:192.168.34.38:33209, 4a03179f-3169-4ac7-a075-259968512ef0:192.168.34.38:45833], old=null
2019-10-16 21:01:36,160 [grpc-default-executor-3] INFO  impl.RaftServerImpl (RaftServerImpl.java:setRole(184)) - 0aa3649f-570d-46c6-937f-492d7f3a8364@group-83C26644CFDA: changes role from  FOLLOWER to FOLLOWER at term 138 for recognizeCandidate:4b287a15-77af-487b-aef7-34d1d0ee189f
2019-10-16 21:01:36,160 [grpc-default-executor-1] INFO  impl.RaftServerImpl (RaftServerImpl.java:setRole(184)) - 4a03179f-3169-4ac7-a075-259968512ef0@group-83C26644CFDA: changes role from  FOLLOWER to FOLLOWER at term 138 for recognizeCandidate:4b287a15-77af-487b-aef7-34d1d0ee189f
2019-10-16 21:01:36,160 [grpc-default-executor-3] INFO  impl.RoleInfo (RoleInfo.java:shutdownFollowerState(121)) - 0aa3649f-570d-46c6-937f-492d7f3a8364: shutdown FollowerState
2019-10-16 21:01:36,160 [grpc-default-executor-1] INFO  impl.RoleInfo (RoleInfo.java:shutdownFollowerState(121)) - 4a03179f-3169-4ac7-a075-259968512ef0: shutdown FollowerState
2019-10-16 21:01:36,161 [Thread-1151] INFO  impl.FollowerState (FollowerState.java:run(117)) - 0aa3649f-570d-46c6-937f-492d7f3a8364@group-83C26644CFDA-FollowerState was interrupted: java.lang.InterruptedException: sleep interrupted
2019-10-16 21:01:36,161 [grpc-default-executor-3] INFO  impl.RoleInfo (RoleInfo.java:updateAndGet(143)) - 0aa3649f-570d-46c6-937f-492d7f3a8364: start FollowerState
2019-10-16 21:01:36,161 [Thread-1152] INFO  impl.FollowerState (FollowerState.java:run(117)) - 4a03179f-3169-4ac7-a075-259968512ef0@group-83C26644CFDA-FollowerState was interrupted: java.lang.InterruptedException: sleep interrupted
2019-10-16 21:01:36,161 [grpc-default-executor-1] INFO  impl.RoleInfo (RoleInfo.java:updateAndGet(143)) - 4a03179f-3169-4ac7-a075-259968512ef0: start FollowerState
2019-10-16 21:01:36,175 [4b287a15-77af-487b-aef7-34d1d0ee189f@group-83C26644CFDA-LeaderElection142] INFO  impl.LeaderElection (LeaderElection.java:logAndReturn(56)) - 4b287a15-77af-487b-aef7-34d1d0ee189f@group-83C26644CFDA-LeaderElection142: Election REJECTED; received 2 response(s) [4b287a15-77af-487b-aef7-34d1d0ee189f<-0aa3649f-570d-46c6-937f-492d7f3a8364#0:FAIL-t138, 4b287a15-77af-487b-aef7-34d1d0ee189f<-4a03179f-3169-4ac7-a075-259968512ef0#0:FAIL-t138] and 0 exception(s); 4b287a15-77af-487b-aef7-34d1d0ee189f@group-83C26644CFDA:t138, leader=null, voted=4b287a15-77af-487b-aef7-34d1d0ee189f, raftlog=4b287a15-77af-487b-aef7-34d1d0ee189f@group-83C26644CFDA-SegmentedRaftLog:OPENED:c-1,f-1,i0, conf=-1: [4b287a15-77af-487b-aef7-34d1d0ee189f:192.168.34.38:38597, 0aa3649f-570d-46c6-937f-492d7f3a8364:192.168.34.38:33209, 4a03179f-3169-4ac7-a075-259968512ef0:192.168.34.38:45833], old=null
2019-10-16 21:01:36,176 [4b287a15-77af-487b-aef7-34d1d0ee189f@group-83C26644CFDA-LeaderElection142] INFO  impl.RaftServerImpl (RaftServerImpl.java:setRole(184)) - 4b287a15-77af-487b-aef7-34d1d0ee189f@group-83C26644CFDA: changes role from CANDIDATE to FOLLOWER at term 138 for DISCOVERED_A_NEW_TERM
2019-10-16 21:01:36,176 [4b287a15-77af-487b-aef7-34d1d0ee189f@group-83C26644CFDA-LeaderElection142] INFO  impl.RoleInfo (RoleInfo.java:shutdownLeaderElection(134)) - 4b287a15-77af-487b-aef7-34d1d0ee189f: shutdown LeaderElection
2019-10-16 21:01:36,176 [4b287a15-77af-487b-aef7-34d1d0ee189f@group-83C26644CFDA-LeaderElection142] INFO  impl.RoleInfo (RoleInfo.java:updateAndGet(143)) - 4b287a15-77af-487b-aef7-34d1d0ee189f: start FollowerState
2019-10-16 21:01:36,340 [Thread-1159] INFO  impl.FollowerState (FollowerState.java:run(108)) - 4b287a15-77af-487b-aef7-34d1d0ee189f@group-83C26644CFDA-FollowerState: change to CANDIDATE, lastRpcTime:164ms, electionTimeout:164ms
2019-10-16 21:01:36,340 [Thread-1159] INFO  impl.RoleInfo (RoleInfo.java:shutdownFollowerState(121)) - 4b287a15-77af-487b-aef7-34d1d0ee189f: shutdown FollowerState
2019-10-16 21:01:36,341 [Thread-1159] INFO  impl.RaftServerImpl (RaftServerImpl.java:setRole(184)) - 4b287a15-77af-487b-aef7-34d1d0ee189f@group-83C26644CFDA: changes role from  FOLLOWER to CANDIDATE at term 138 for changeToCandidate
2019-10-16 21:01:36,341 [Thread-1159] INFO  impl.RoleInfo (RoleInfo.java:updateAndGet(143)) - 4b287a15-77af-487b-aef7-34d1d0ee189f: start LeaderElection
2019-10-16 21:01:36,351 [main] INFO  ozone.MiniOzoneClusterImpl (MiniOzoneClusterImpl.java:lambda$waitForClusterToBeReady$2(164)) - Waiting for 1 number of pipelines out of 4, to report a leader.
2019-10-16 21:01:36,370 [4b287a15-77af-487b-aef7-34d1d0ee189f@group-83C26644CFDA-LeaderElection143] INFO  impl.LeaderElection (LeaderElection.java:askForVotes(178)) - 4b287a15-77af-487b-aef7-34d1d0ee189f@group-83C26644CFDA-LeaderElection143: begin an election at term 139 for -1: [4b287a15-77af-487b-aef7-34d1d0ee189f:192.168.34.38:38597, 0aa3649f-570d-46c6-937f-492d7f3a8364:192.168.34.38:33209, 4a03179f-3169-4ac7-a075-259968512ef0:192.168.34.38:45833], old=null
2019-10-16 21:01:36,372 [grpc-default-executor-3] INFO  impl.RaftServerImpl (RaftServerImpl.java:setRole(184)) - 4a03179f-3169-4ac7-a075-259968512ef0@group-83C26644CFDA: changes role from  FOLLOWER to FOLLOWER at term 139 for recognizeCandidate:4b287a15-77af-487b-aef7-34d1d0ee189f
2019-10-16 21:01:36,372 [grpc-default-executor-3] INFO  impl.RoleInfo (RoleInfo.java:shutdownFollowerState(121)) - 4a03179f-3169-4ac7-a075-259968512ef0: shutdown FollowerState
2019-10-16 21:01:36,372 [grpc-default-executor-1] INFO  impl.RaftServerImpl (RaftServerImpl.java:setRole(184)) - 0aa3649f-570d-46c6-937f-492d7f3a8364@group-83C26644CFDA: changes role from  FOLLOWER to FOLLOWER at term 139 for recognizeCandidate:4b287a15-77af-487b-aef7-34d1d0ee189f
2019-10-16 21:01:36,372 [Thread-1158] INFO  impl.FollowerState (FollowerState.java:run(117)) - 4a03179f-3169-4ac7-a075-259968512ef0@group-83C26644CFDA-FollowerState was interrupted: java.lang.InterruptedException: sleep interrupted
2019-10-16 21:01:36,372 [grpc-default-executor-3] INFO  impl.RoleInfo (RoleInfo.java:updateAndGet(143)) - 4a03179f-3169-4ac7-a075-259968512ef0: start FollowerState
2019-10-16 21:01:36,373 [grpc-default-executor-1] INFO  impl.RoleInfo (RoleInfo.java:shutdownFollowerState(121)) - 0aa3649f-570d-46c6-937f-492d7f3a8364: shutdown FollowerState
2019-10-16 21:01:36,373 [grpc-default-executor-1] INFO  impl.RoleInfo (RoleInfo.java:updateAndGet(143)) - 0aa3649f-570d-46c6-937f-492d7f3a8364: start FollowerState
2019-10-16 21:01:36,373 [Thread-1157] INFO  impl.FollowerState (FollowerState.java:run(117)) - 0aa3649f-570d-46c6-937f-492d7f3a8364@group-83C26644CFDA-FollowerState was interrupted: java.lang.InterruptedException: sleep interrupted
2019-10-16 21:01:36,385 [4b287a15-77af-487b-aef7-34d1d0ee189f@group-83C26644CFDA-LeaderElection143] INFO  impl.LeaderElection (LeaderElection.java:logAndReturn(56)) - 4b287a15-77af-487b-aef7-34d1d0ee189f@group-83C26644CFDA-LeaderElection143: Election REJECTED; received 2 response(s) [4b287a15-77af-487b-aef7-34d1d0ee189f<-0aa3649f-570d-46c6-937f-492d7f3a8364#0:FAIL-t139, 4b287a15-77af-487b-aef7-34d1d0ee189f<-4a03179f-3169-4ac7-a075-259968512ef0#0:FAIL-t139] and 0 exception(s); 4b287a15-77af-487b-aef7-34d1d0ee189f@group-83C26644CFDA:t139, leader=null, voted=4b287a15-77af-487b-aef7-34d1d0ee189f, raftlog=4b287a15-77af-487b-aef7-34d1d0ee189f@group-83C26644CFDA-SegmentedRaftLog:OPENED:c-1,f-1,i0, conf=-1: [4b287a15-77af-487b-aef7-34d1d0ee189f:192.168.34.38:38597, 0aa3649f-570d-46c6-937f-492d7f3a8364:192.168.34.38:33209, 4a03179f-3169-4ac7-a075-259968512ef0:192.168.34.38:45833], old=null
2019-10-16 21:01:36,385 [4b287a15-77af-487b-aef7-34d1d0ee189f@group-83C26644CFDA-LeaderElection143] INFO  impl.RaftServerImpl (RaftServerImpl.java:setRole(184)) - 4b287a15-77af-487b-aef7-34d1d0ee189f@group-83C26644CFDA: changes role from CANDIDATE to FOLLOWER at term 139 for DISCOVERED_A_NEW_TERM
2019-10-16 21:01:36,385 [4b287a15-77af-487b-aef7-34d1d0ee189f@group-83C26644CFDA-LeaderElection143] INFO  impl.RoleInfo (RoleInfo.java:shutdownLeaderElection(134)) - 4b287a15-77af-487b-aef7-34d1d0ee189f: shutdown LeaderElection
2019-10-16 21:01:36,385 [4b287a15-77af-487b-aef7-34d1d0ee189f@group-83C26644CFDA-LeaderElection143] INFO  impl.RoleInfo (RoleInfo.java:updateAndGet(143)) - 4b287a15-77af-487b-aef7-34d1d0ee189f: start FollowerState
2019-10-16 21:01:36,404 [Thread-1165] INFO  impl.FollowerState (FollowerState.java:run(108)) - 4b287a15-77af-487b-aef7-34d1d0ee189f@group-83C26644CFDA-FollowerState: change to CANDIDATE, lastRpcTime:18ms, electionTimeout:18ms
2019-10-16 21:01:36,404 [Thread-1165] INFO  impl.RoleInfo (RoleInfo.java:shutdownFollowerState(121)) - 4b287a15-77af-487b-aef7-34d1d0ee189f: shutdown FollowerState
2019-10-16 21:01:36,404 [Thread-1165] INFO  impl.RaftServerImpl (RaftServerImpl.java:setRole(184)) - 4b287a15-77af-487b-aef7-34d1d0ee189f@group-83C26644CFDA: changes role from  FOLLOWER to CANDIDATE at term 139 for changeToCandidate
2019-10-16 21:01:36,404 [Thread-1165] INFO  impl.RoleInfo (RoleInfo.java:updateAndGet(143)) - 4b287a15-77af-487b-aef7-34d1d0ee189f: start LeaderElection
2019-10-16 21:01:36,412 [4b287a15-77af-487b-aef7-34d1d0ee189f@group-83C26644CFDA-LeaderElection144] INFO  impl.LeaderElection (LeaderElection.java:askForVotes(178)) - 4b287a15-77af-487b-aef7-34d1d0ee189f@group-83C26644CFDA-LeaderElection144: begin an election at term 140 for -1: [4b287a15-77af-487b-aef7-34d1d0ee189f:192.168.34.38:38597, 0aa3649f-570d-46c6-937f-492d7f3a8364:192.168.34.38:33209, 4a03179f-3169-4ac7-a075-259968512ef0:192.168.34.38:45833], old=null
2019-10-16 21:01:36,414 [grpc-default-executor-3] INFO  impl.RaftServerImpl (RaftServerImpl.java:setRole(184)) - 4a03179f-3169-4ac7-a075-259968512ef0@group-83C26644CFDA: changes role from  FOLLOWER to FOLLOWER at term 140 for recognizeCandidate:4b287a15-77af-487b-aef7-34d1d0ee189f
2019-10-16 21:01:36,414 [grpc-default-executor-3] INFO  impl.RoleInfo (RoleInfo.java:shutdownFollowerState(121)) - 4a03179f-3169-4ac7-a075-259968512ef0: shutdown FollowerState
2019-10-16 21:01:36,414 [grpc-default-executor-1] INFO  impl.RaftServerImpl (RaftServerImpl.java:setRole(184)) - 0aa3649f-570d-46c6-937f-492d7f3a8364@group-83C26644CFDA: changes role from  FOLLOWER to FOLLOWER at term 140 for recognizeCandidate:4b287a15-77af-487b-aef7-34d1d0ee189f
2019-10-16 21:01:36,414 [grpc-default-executor-1] INFO  impl.RoleInfo (RoleInfo.java:shutdownFollowerState(121)) - 0aa3649f-570d-46c6-937f-492d7f3a8364: shutdown FollowerState
2019-10-16 21:01:36,414 [Thread-1163] INFO  impl.FollowerState (FollowerState.java:run(117)) - 4a03179f-3169-4ac7-a075-259968512ef0@group-83C26644CFDA-FollowerState was interrupted: java.lang.InterruptedException: sleep interrupted
2019-10-16 21:01:36,414 [grpc-default-executor-3] INFO  impl.RoleInfo (RoleInfo.java:updateAndGet(143)) - 4a03179f-3169-4ac7-a075-259968512ef0: start FollowerState
2019-10-16 21:01:36,415 [Thread-1164] INFO  impl.FollowerState (FollowerState.java:run(117)) - 0aa3649f-570d-46c6-937f-492d7f3a8364@group-83C26644CFDA-FollowerState was interrupted: java.lang.InterruptedException: sleep interrupted
2019-10-16 21:01:36,415 [grpc-default-executor-1] INFO  impl.RoleInfo (RoleInfo.java:updateAndGet(143)) - 0aa3649f-570d-46c6-937f-492d7f3a8364: start FollowerState
2019-10-16 21:01:36,426 [4b287a15-77af-487b-aef7-34d1d0ee189f@group-83C26644CFDA-LeaderElection144] INFO  impl.LeaderElection (LeaderElection.java:logAndReturn(56)) - 4b287a15-77af-487b-aef7-34d1d0ee189f@group-83C26644CFDA-LeaderElection144: Election REJECTED; received 2 response(s) [4b287a15-77af-487b-aef7-34d1d0ee189f<-0aa3649f-570d-46c6-937f-492d7f3a8364#0:FAIL-t140, 4b287a15-77af-487b-aef7-34d1d0ee189f<-4a03179f-3169-4ac7-a075-259968512ef0#0:FAIL-t140] and 0 exception(s); 4b287a15-77af-487b-aef7-34d1d0ee189f@group-83C26644CFDA:t140, leader=null, voted=4b287a15-77af-487b-aef7-34d1d0ee189f, raftlog=4b287a15-77af-487b-aef7-34d1d0ee189f@group-83C26644CFDA-SegmentedRaftLog:OPENED:c-1,f-1,i0, conf=-1: [4b287a15-77af-487b-aef7-34d1d0ee189f:192.168.34.38:38597, 0aa3649f-570d-46c6-937f-492d7f3a8364:192.168.34.38:33209, 4a03179f-3169-4ac7-a075-259968512ef0:192.168.34.38:45833], old=null
2019-10-16 21:01:36,426 [4b287a15-77af-487b-aef7-34d1d0ee189f@group-83C26644CFDA-LeaderElection144] INFO  impl.RaftServerImpl (RaftServerImpl.java:setRole(184)) - 4b287a15-77af-487b-aef7-34d1d0ee189f@group-83C26644CFDA: changes role from CANDIDATE to FOLLOWER at term 140 for DISCOVERED_A_NEW_TERM
2019-10-16 21:01:36,426 [4b287a15-77af-487b-aef7-34d1d0ee189f@group-83C26644CFDA-LeaderElection144] INFO  impl.RoleInfo (RoleInfo.java:shutdownLeaderElection(134)) - 4b287a15-77af-487b-aef7-34d1d0ee189f: shutdown LeaderElection
2019-10-16 21:01:36,426 [4b287a15-77af-487b-aef7-34d1d0ee189f@group-83C26644CFDA-LeaderElection144] INFO  impl.RoleInfo (RoleInfo.java:updateAndGet(143)) - 4b287a15-77af-487b-aef7-34d1d0ee189f: start FollowerState
2019-10-16 21:01:36,549 [Thread-1171] INFO  impl.FollowerState (FollowerState.java:run(108)) - 4b287a15-77af-487b-aef7-34d1d0ee189f@group-83C26644CFDA-FollowerState: change to CANDIDATE, lastRpcTime:122ms, electionTimeout:122ms
2019-10-16 21:01:36,549 [Thread-1171] INFO  impl.RoleInfo (RoleInfo.java:shutdownFollowerState(121)) - 4b287a15-77af-487b-aef7-34d1d0ee189f: shutdown FollowerState
2019-10-16 21:01:36,549 [Thread-1171] INFO  impl.RaftServerImpl (RaftServerImpl.java:setRole(184)) - 4b287a15-77af-487b-aef7-34d1d0ee189f@group-83C26644CFDA: changes role from  FOLLOWER to CANDIDATE at term 140 for changeToCandidate
2019-10-16 21:01:36,549 [Thread-1171] INFO  impl.RoleInfo (RoleInfo.java:updateAndGet(143)) - 4b287a15-77af-487b-aef7-34d1d0ee189f: start LeaderElection
2019-10-16 21:01:36,564 [4b287a15-77af-487b-aef7-34d1d0ee189f@group-83C26644CFDA-LeaderElection145] INFO  impl.LeaderElection (LeaderElection.java:askForVotes(178)) - 4b287a15-77af-487b-aef7-34d1d0ee189f@group-83C26644CFDA-LeaderElection145: begin an election at term 141 for -1: [4b287a15-77af-487b-aef7-34d1d0ee189f:192.168.34.38:38597, 0aa3649f-570d-46c6-937f-492d7f3a8364:192.168.34.38:33209, 4a03179f-3169-4ac7-a075-259968512ef0:192.168.34.38:45833], old=null
2019-10-16 21:01:36,566 [grpc-default-executor-1] INFO  impl.RaftServerImpl (RaftServerImpl.java:setRole(184)) - 0aa3649f-570d-46c6-937f-492d7f3a8364@group-83C26644CFDA: changes role from  FOLLOWER to FOLLOWER at term 141 for recognizeCandidate:4b287a15-77af-487b-aef7-34d1d0ee189f
2019-10-16 21:01:36,566 [grpc-default-executor-1] INFO  impl.RoleInfo (RoleInfo.java:shutdownFollowerState(121)) - 0aa3649f-570d-46c6-937f-492d7f3a8364: shutdown FollowerState
2019-10-16 21:01:36,566 [grpc-default-executor-3] INFO  impl.RaftServerImpl (RaftServerImpl.java:setRole(184)) - 4a03179f-3169-4ac7-a075-259968512ef0@group-83C26644CFDA: changes role from  FOLLOWER to FOLLOWER at term 141 for recognizeCandidate:4b287a15-77af-487b-aef7-34d1d0ee189f
2019-10-16 21:01:36,566 [Thread-1170] INFO  impl.FollowerState (FollowerState.java:run(117)) - 0aa3649f-570d-46c6-937f-492d7f3a8364@group-83C26644CFDA-FollowerState was interrupted: java.lang.InterruptedException: sleep interrupted
2019-10-16 21:01:36,566 [grpc-default-executor-1] INFO  impl.RoleInfo (RoleInfo.java:updateAndGet(143)) - 0aa3649f-570d-46c6-937f-492d7f3a8364: start FollowerState
2019-10-16 21:01:36,566 [grpc-default-executor-3] INFO  impl.RoleInfo (RoleInfo.java:shutdownFollowerState(121)) - 4a03179f-3169-4ac7-a075-259968512ef0: shutdown FollowerState
2019-10-16 21:01:36,567 [grpc-default-executor-3] INFO  impl.RoleInfo (RoleInfo.java:updateAndGet(143)) - 4a03179f-3169-4ac7-a075-259968512ef0: start FollowerState
2019-10-16 21:01:36,567 [Thread-1169] INFO  impl.FollowerState (FollowerState.java:run(117)) - 4a03179f-3169-4ac7-a075-259968512ef0@group-83C26644CFDA-FollowerState was interrupted: java.lang.InterruptedException: sleep interrupted
2019-10-16 21:01:36,580 [4b287a15-77af-487b-aef7-34d1d0ee189f@group-83C26644CFDA-LeaderElection145] INFO  impl.LeaderElection (LeaderElection.java:logAndReturn(56)) - 4b287a15-77af-487b-aef7-34d1d0ee189f@group-83C26644CFDA-LeaderElection145: Election REJECTED; received 2 response(s) [4b287a15-77af-487b-aef7-34d1d0ee189f<-0aa3649f-570d-46c6-937f-492d7f3a8364#0:FAIL-t141, 4b287a15-77af-487b-aef7-34d1d0ee189f<-4a03179f-3169-4ac7-a075-259968512ef0#0:FAIL-t141] and 0 exception(s); 4b287a15-77af-487b-aef7-34d1d0ee189f@group-83C26644CFDA:t141, leader=null, voted=4b287a15-77af-487b-aef7-34d1d0ee189f, raftlog=4b287a15-77af-487b-aef7-34d1d0ee189f@group-83C26644CFDA-SegmentedRaftLog:OPENED:c-1,f-1,i0, conf=-1: [4b287a15-77af-487b-aef7-34d1d0ee189f:192.168.34.38:38597, 0aa3649f-570d-46c6-937f-492d7f3a8364:192.168.34.38:33209, 4a03179f-3169-4ac7-a075-259968512ef0:192.168.34.38:45833], old=null
2019-10-16 21:01:36,580 [4b287a15-77af-487b-aef7-34d1d0ee189f@group-83C26644CFDA-LeaderElection145] INFO  impl.RaftServerImpl (RaftServerImpl.java:setRole(184)) - 4b287a15-77af-487b-aef7-34d1d0ee189f@group-83C26644CFDA: changes role from CANDIDATE to FOLLOWER at term 141 for DISCOVERED_A_NEW_TERM
2019-10-16 21:01:36,580 [4b287a15-77af-487b-aef7-34d1d0ee189f@group-83C26644CFDA-LeaderElection145] INFO  impl.RoleInfo (RoleInfo.java:shutdownLeaderElection(134)) - 4b287a15-77af-487b-aef7-34d1d0ee189f: shutdown LeaderElection
2019-10-16 21:01:36,580 [4b287a15-77af-487b-aef7-34d1d0ee189f@group-83C26644CFDA-LeaderElection145] INFO  impl.RoleInfo (RoleInfo.java:updateAndGet(143)) - 4b287a15-77af-487b-aef7-34d1d0ee189f: start FollowerState
2019-10-16 21:01:36,762 [Thread-1177] INFO  impl.FollowerState (FollowerState.java:run(108)) - 4b287a15-77af-487b-aef7-34d1d0ee189f@group-83C26644CFDA-FollowerState: change to CANDIDATE, lastRpcTime:181ms, electionTimeout:181ms
2019-10-16 21:01:36,762 [Thread-1177] INFO  impl.RoleInfo (RoleInfo.java:shutdownFollowerState(121)) - 4b287a15-77af-487b-aef7-34d1d0ee189f: shutdown FollowerState
2019-10-16 21:01:36,762 [Thread-1177] INFO  impl.RaftServerImpl (RaftServerImpl.java:setRole(184)) - 4b287a15-77af-487b-aef7-34d1d0ee189f@group-83C26644CFDA: changes role from  FOLLOWER to CANDIDATE at term 141 for changeToCandidate
2019-10-16 21:01:36,762 [Thread-1177] INFO  impl.RoleInfo (RoleInfo.java:updateAndGet(143)) - 4b287a15-77af-487b-aef7-34d1d0ee189f: start LeaderElection
2019-10-16 21:01:36,775 [4b287a15-77af-487b-aef7-34d1d0ee189f@group-83C26644CFDA-LeaderElection146] INFO  impl.LeaderElection (LeaderElection.java:askForVotes(178)) - 4b287a15-77af-487b-aef7-34d1d0ee189f@group-83C26644CFDA-LeaderElection146: begin an election at term 142 for -1: [4b287a15-77af-487b-aef7-34d1d0ee189f:192.168.34.38:38597, 0aa3649f-570d-46c6-937f-492d7f3a8364:192.168.34.38:33209, 4a03179f-3169-4ac7-a075-259968512ef0:192.168.34.38:45833], old=null
2019-10-16 21:01:36,777 [grpc-default-executor-3] INFO  impl.RaftServerImpl (RaftServerImpl.java:setRole(184)) - 4a03179f-3169-4ac7-a075-259968512ef0@group-83C26644CFDA: changes role from  FOLLOWER to FOLLOWER at term 142 for recognizeCandidate:4b287a15-77af-487b-aef7-34d1d0ee189f
2019-10-16 21:01:36,778 [grpc-default-executor-3] INFO  impl.RoleInfo (RoleInfo.java:shutdownFollowerState(121)) - 4a03179f-3169-4ac7-a075-259968512ef0: shutdown FollowerState
2019-10-16 21:01:36,778 [grpc-default-executor-1] INFO  impl.RaftServerImpl (RaftServerImpl.java:setRole(184)) - 0aa3649f-570d-46c6-937f-492d7f3a8364@group-83C26644CFDA: changes role from  FOLLOWER to FOLLOWER at term 142 for recognizeCandidate:4b287a15-77af-487b-aef7-34d1d0ee189f
2019-10-16 21:01:36,778 [Thread-1176] INFO  impl.FollowerState (FollowerState.java:run(117)) - 4a03179f-3169-4ac7-a075-259968512ef0@group-83C26644CFDA-FollowerState was interrupted: java.lang.InterruptedException: sleep interrupted
2019-10-16 21:01:36,778 [grpc-default-executor-3] INFO  impl.RoleInfo (RoleInfo.java:updateAndGet(143)) - 4a03179f-3169-4ac7-a075-259968512ef0: start FollowerState
2019-10-16 21:01:36,778 [grpc-default-executor-1] INFO  impl.RoleInfo (RoleInfo.java:shutdownFollowerState(121)) - 0aa3649f-570d-46c6-937f-492d7f3a8364: shutdown FollowerState
2019-10-16 21:01:36,778 [grpc-default-executor-1] INFO  impl.RoleInfo (RoleInfo.java:updateAndGet(143)) - 0aa3649f-570d-46c6-937f-492d7f3a8364: start FollowerState
2019-10-16 21:01:36,778 [Thread-1175] INFO  impl.FollowerState (FollowerState.java:run(117)) - 0aa3649f-570d-46c6-937f-492d7f3a8364@group-83C26644CFDA-FollowerState was interrupted: java.lang.InterruptedException: sleep interrupted
2019-10-16 21:01:36,792 [4b287a15-77af-487b-aef7-34d1d0ee189f@group-83C26644CFDA-LeaderElection146] INFO  impl.LeaderElection (LeaderElection.java:logAndReturn(56)) - 4b287a15-77af-487b-aef7-34d1d0ee189f@group-83C26644CFDA-LeaderElection146: Election REJECTED; received 2 response(s) [4b287a15-77af-487b-aef7-34d1d0ee189f<-0aa3649f-570d-46c6-937f-492d7f3a8364#0:FAIL-t142, 4b287a15-77af-487b-aef7-34d1d0ee189f<-4a03179f-3169-4ac7-a075-259968512ef0#0:FAIL-t142] and 0 exception(s); 4b287a15-77af-487b-aef7-34d1d0ee189f@group-83C26644CFDA:t142, leader=null, voted=4b287a15-77af-487b-aef7-34d1d0ee189f, raftlog=4b287a15-77af-487b-aef7-34d1d0ee189f@group-83C26644CFDA-SegmentedRaftLog:OPENED:c-1,f-1,i0, conf=-1: [4b287a15-77af-487b-aef7-34d1d0ee189f:192.168.34.38:38597, 0aa3649f-570d-46c6-937f-492d7f3a8364:192.168.34.38:33209, 4a03179f-3169-4ac7-a075-259968512ef0:192.168.34.38:45833], old=null
2019-10-16 21:01:36,792 [4b287a15-77af-487b-aef7-34d1d0ee189f@group-83C26644CFDA-LeaderElection146] INFO  impl.RaftServerImpl (RaftServerImpl.java:setRole(184)) - 4b287a15-77af-487b-aef7-34d1d0ee189f@group-83C26644CFDA: changes role from CANDIDATE to FOLLOWER at term 142 for DISCOVERED_A_NEW_TERM
2019-10-16 21:01:36,792 [4b287a15-77af-487b-aef7-34d1d0ee189f@group-83C26644CFDA-LeaderElection146] INFO  impl.RoleInfo (RoleInfo.java:shutdownLeaderElection(134)) - 4b287a15-77af-487b-aef7-34d1d0ee189f: shutdown LeaderElection
2019-10-16 21:01:36,792 [4b287a15-77af-487b-aef7-34d1d0ee189f@group-83C26644CFDA-LeaderElection146] INFO  impl.RoleInfo (RoleInfo.java:updateAndGet(143)) - 4b287a15-77af-487b-aef7-34d1d0ee189f: start FollowerState
2019-10-16 21:01:36,874 [Thread-1183] INFO  impl.FollowerState (FollowerState.java:run(108)) - 4b287a15-77af-487b-aef7-34d1d0ee189f@group-83C26644CFDA-FollowerState: change to CANDIDATE, lastRpcTime:81ms, electionTimeout:81ms
2019-10-16 21:01:36,874 [Thread-1183] INFO  impl.RoleInfo (RoleInfo.java:shutdownFollowerState(121)) - 4b287a15-77af-487b-aef7-34d1d0ee189f: shutdown FollowerState
2019-10-16 21:01:36,874 [Thread-1183] INFO  impl.RaftServerImpl (RaftServerImpl.java:setRole(184)) - 4b287a15-77af-487b-aef7-34d1d0ee189f@group-83C26644CFDA: changes role from  FOLLOWER to CANDIDATE at term 142 for changeToCandidate
2019-10-16 21:01:36,874 [Thread-1183] INFO  impl.RoleInfo (RoleInfo.java:updateAndGet(143)) - 4b287a15-77af-487b-aef7-34d1d0ee189f: start LeaderElection
2019-10-16 21:01:36,887 [4b287a15-77af-487b-aef7-34d1d0ee189f@group-83C26644CFDA-LeaderElection147] INFO  impl.LeaderElection (LeaderElection.java:askForVotes(178)) - 4b287a15-77af-487b-aef7-34d1d0ee189f@group-83C26644CFDA-LeaderElection147: begin an election at term 143 for -1: [4b287a15-77af-487b-aef7-34d1d0ee189f:192.168.34.38:38597, 0aa3649f-570d-46c6-937f-492d7f3a8364:192.168.34.38:33209, 4a03179f-3169-4ac7-a075-259968512ef0:192.168.34.38:45833], old=null
2019-10-16 21:01:36,889 [grpc-default-executor-3] INFO  impl.RaftServerImpl (RaftServerImpl.java:setRole(184)) - 0aa3649f-570d-46c6-937f-492d7f3a8364@group-83C26644CFDA: changes role from  FOLLOWER to FOLLOWER at term 143 for recognizeCandidate:4b287a15-77af-487b-aef7-34d1d0ee189f
2019-10-16 21:01:36,889 [grpc-default-executor-3] INFO  impl.RoleInfo (RoleInfo.java:shutdownFollowerState(121)) - 0aa3649f-570d-46c6-937f-492d7f3a8364: shutdown FollowerState
2019-10-16 21:01:36,890 [grpc-default-executor-3] INFO  impl.RoleInfo (RoleInfo.java:updateAndGet(143)) - 0aa3649f-570d-46c6-937f-492d7f3a8364: start FollowerState
2019-10-16 21:01:36,890 [Thread-1182] INFO  impl.FollowerState (FollowerState.java:run(117)) - 0aa3649f-570d-46c6-937f-492d7f3a8364@group-83C26644CFDA-FollowerState was interrupted: java.lang.InterruptedException: sleep interrupted
2019-10-16 21:01:36,890 [grpc-default-executor-1] INFO  impl.RaftServerImpl (RaftServerImpl.java:setRole(184)) - 4a03179f-3169-4ac7-a075-259968512ef0@group-83C26644CFDA: changes role from  FOLLOWER to FOLLOWER at term 143 for recognizeCandidate:4b287a15-77af-487b-aef7-34d1d0ee189f
2019-10-16 21:01:36,891 [grpc-default-executor-1] INFO  impl.RoleInfo (RoleInfo.java:shutdownFollowerState(121)) - 4a03179f-3169-4ac7-a075-259968512ef0: shutdown FollowerState
2019-10-16 21:01:36,891 [grpc-default-executor-1] INFO  impl.RoleInfo (RoleInfo.java:updateAndGet(143)) - 4a03179f-3169-4ac7-a075-259968512ef0: start FollowerState
2019-10-16 21:01:36,891 [Thread-1181] INFO  impl.FollowerState (FollowerState.java:run(117)) - 4a03179f-3169-4ac7-a075-259968512ef0@group-83C26644CFDA-FollowerState was interrupted: java.lang.InterruptedException: sleep interrupted
2019-10-16 21:01:36,903 [4b287a15-77af-487b-aef7-34d1d0ee189f@group-83C26644CFDA-LeaderElection147] INFO  impl.LeaderElection (LeaderElection.java:logAndReturn(56)) - 4b287a15-77af-487b-aef7-34d1d0ee189f@group-83C26644CFDA-LeaderElection147: Election REJECTED; received 2 response(s) [4b287a15-77af-487b-aef7-34d1d0ee189f<-0aa3649f-570d-46c6-937f-492d7f3a8364#0:FAIL-t143, 4b287a15-77af-487b-aef7-34d1d0ee189f<-4a03179f-3169-4ac7-a075-259968512ef0#0:FAIL-t143] and 0 exception(s); 4b287a15-77af-487b-aef7-34d1d0ee189f@group-83C26644CFDA:t143, leader=null, voted=4b287a15-77af-487b-aef7-34d1d0ee189f, raftlog=4b287a15-77af-487b-aef7-34d1d0ee189f@group-83C26644CFDA-SegmentedRaftLog:OPENED:c-1,f-1,i0, conf=-1: [4b287a15-77af-487b-aef7-34d1d0ee189f:192.168.34.38:38597, 0aa3649f-570d-46c6-937f-492d7f3a8364:192.168.34.38:33209, 4a03179f-3169-4ac7-a075-259968512ef0:192.168.34.38:45833], old=null
2019-10-16 21:01:36,904 [4b287a15-77af-487b-aef7-34d1d0ee189f@group-83C26644CFDA-LeaderElection147] INFO  impl.RaftServerImpl (RaftServerImpl.java:setRole(184)) - 4b287a15-77af-487b-aef7-34d1d0ee189f@group-83C26644CFDA: changes role from CANDIDATE to FOLLOWER at term 143 for DISCOVERED_A_NEW_TERM
2019-10-16 21:01:36,904 [4b287a15-77af-487b-aef7-34d1d0ee189f@group-83C26644CFDA-LeaderElection147] INFO  impl.RoleInfo (RoleInfo.java:shutdownLeaderElection(134)) - 4b287a15-77af-487b-aef7-34d1d0ee189f: shutdown LeaderElection
2019-10-16 21:01:36,904 [4b287a15-77af-487b-aef7-34d1d0ee189f@group-83C26644CFDA-LeaderElection147] INFO  impl.RoleInfo (RoleInfo.java:updateAndGet(143)) - 4b287a15-77af-487b-aef7-34d1d0ee189f: start FollowerState
2019-10-16 21:01:37,035 [Thread-1189] INFO  impl.FollowerState (FollowerState.java:run(108)) - 4b287a15-77af-487b-aef7-34d1d0ee189f@group-83C26644CFDA-FollowerState: change to CANDIDATE, lastRpcTime:131ms, electionTimeout:131ms
2019-10-16 21:01:37,035 [Thread-1189] INFO  impl.RoleInfo (RoleInfo.java:shutdownFollowerState(121)) - 4b287a15-77af-487b-aef7-34d1d0ee189f: shutdown FollowerState
2019-10-16 21:01:37,035 [Thread-1189] INFO  impl.RaftServerImpl (RaftServerImpl.java:setRole(184)) - 4b287a15-77af-487b-aef7-34d1d0ee189f@group-83C26644CFDA: changes role from  FOLLOWER to CANDIDATE at term 143 for changeToCandidate
2019-10-16 21:01:37,036 [Thread-1189] INFO  impl.RoleInfo (RoleInfo.java:updateAndGet(143)) - 4b287a15-77af-487b-aef7-34d1d0ee189f: start LeaderElection
2019-10-16 21:01:37,040 [4b287a15-77af-487b-aef7-34d1d0ee189f@group-83C26644CFDA-LeaderElection148] INFO  impl.LeaderElection (LeaderElection.java:askForVotes(178)) - 4b287a15-77af-487b-aef7-34d1d0ee189f@group-83C26644CFDA-LeaderElection148: begin an election at term 144 for -1: [4b287a15-77af-487b-aef7-34d1d0ee189f:192.168.34.38:38597, 0aa3649f-570d-46c6-937f-492d7f3a8364:192.168.34.38:33209, 4a03179f-3169-4ac7-a075-259968512ef0:192.168.34.38:45833], old=null
2019-10-16 21:01:37,042 [grpc-default-executor-3] INFO  impl.RaftServerImpl (RaftServerImpl.java:setRole(184)) - 0aa3649f-570d-46c6-937f-492d7f3a8364@group-83C26644CFDA: changes role from  FOLLOWER to FOLLOWER at term 144 for recognizeCandidate:4b287a15-77af-487b-aef7-34d1d0ee189f
2019-10-16 21:01:37,042 [grpc-default-executor-3] INFO  impl.RoleInfo (RoleInfo.java:shutdownFollowerState(121)) - 0aa3649f-570d-46c6-937f-492d7f3a8364: shutdown FollowerState
2019-10-16 21:01:37,042 [grpc-default-executor-3] INFO  impl.RoleInfo (RoleInfo.java:updateAndGet(143)) - 0aa3649f-570d-46c6-937f-492d7f3a8364: start FollowerState
2019-10-16 21:01:37,042 [Thread-1187] INFO  impl.FollowerState (FollowerState.java:run(117)) - 0aa3649f-570d-46c6-937f-492d7f3a8364@group-83C26644CFDA-FollowerState was interrupted: java.lang.InterruptedException: sleep interrupted
2019-10-16 21:01:37,042 [grpc-default-executor-1] INFO  impl.RaftServerImpl (RaftServerImpl.java:setRole(184)) - 4a03179f-3169-4ac7-a075-259968512ef0@group-83C26644CFDA: changes role from  FOLLOWER to FOLLOWER at term 144 for recognizeCandidate:4b287a15-77af-487b-aef7-34d1d0ee189f
2019-10-16 21:01:37,043 [grpc-default-executor-1] INFO  impl.RoleInfo (RoleInfo.java:shutdownFollowerState(121)) - 4a03179f-3169-4ac7-a075-259968512ef0: shutdown FollowerState
2019-10-16 21:01:37,043 [grpc-default-executor-1] INFO  impl.RoleInfo (RoleInfo.java:updateAndGet(143)) - 4a03179f-3169-4ac7-a075-259968512ef0: start FollowerState
2019-10-16 21:01:37,043 [Thread-1188] INFO  impl.FollowerState (FollowerState.java:run(117)) - 4a03179f-3169-4ac7-a075-259968512ef0@group-83C26644CFDA-FollowerState was interrupted: java.lang.InterruptedException: sleep interrupted
2019-10-16 21:01:37,052 [4b287a15-77af-487b-aef7-34d1d0ee189f@group-83C26644CFDA-LeaderElection148] INFO  impl.LeaderElection (LeaderElection.java:logAndReturn(56)) - 4b287a15-77af-487b-aef7-34d1d0ee189f@group-83C26644CFDA-LeaderElection148: Election TIMEOUT; received 0 response(s) [] and 0 exception(s); 4b287a15-77af-487b-aef7-34d1d0ee189f@group-83C26644CFDA:t144, leader=null, voted=4b287a15-77af-487b-aef7-34d1d0ee189f, raftlog=4b287a15-77af-487b-aef7-34d1d0ee189f@group-83C26644CFDA-SegmentedRaftLog:OPENED:c-1,f-1,i0, conf=-1: [4b287a15-77af-487b-aef7-34d1d0ee189f:192.168.34.38:38597, 0aa3649f-570d-46c6-937f-492d7f3a8364:192.168.34.38:33209, 4a03179f-3169-4ac7-a075-259968512ef0:192.168.34.38:45833], old=null
2019-10-16 21:01:37,068 [4b287a15-77af-487b-aef7-34d1d0ee189f@group-83C26644CFDA-LeaderElection148] INFO  impl.LeaderElection (LeaderElection.java:askForVotes(178)) - 4b287a15-77af-487b-aef7-34d1d0ee189f@group-83C26644CFDA-LeaderElection148: begin an election at term 145 for -1: [4b287a15-77af-487b-aef7-34d1d0ee189f:192.168.34.38:38597, 0aa3649f-570d-46c6-937f-492d7f3a8364:192.168.34.38:33209, 4a03179f-3169-4ac7-a075-259968512ef0:192.168.34.38:45833], old=null
2019-10-16 21:01:37,069 [grpc-default-executor-1] INFO  impl.RaftServerImpl (RaftServerImpl.java:setRole(184)) - 0aa3649f-570d-46c6-937f-492d7f3a8364@group-83C26644CFDA: changes role from  FOLLOWER to FOLLOWER at term 145 for recognizeCandidate:4b287a15-77af-487b-aef7-34d1d0ee189f
2019-10-16 21:01:37,069 [grpc-default-executor-3] INFO  impl.RaftServerImpl (RaftServerImpl.java:setRole(184)) - 4a03179f-3169-4ac7-a075-259968512ef0@group-83C26644CFDA: changes role from  FOLLOWER to FOLLOWER at term 145 for recognizeCandidate:4b287a15-77af-487b-aef7-34d1d0ee189f
2019-10-16 21:01:37,070 [grpc-default-executor-1] INFO  impl.RoleInfo (RoleInfo.java:shutdownFollowerState(121)) - 0aa3649f-570d-46c6-937f-492d7f3a8364: shutdown FollowerState
2019-10-16 21:01:37,070 [grpc-default-executor-3] INFO  impl.RoleInfo (RoleInfo.java:shutdownFollowerState(121)) - 4a03179f-3169-4ac7-a075-259968512ef0: shutdown FollowerState
2019-10-16 21:01:37,070 [Thread-1193] INFO  impl.FollowerState (FollowerState.java:run(117)) - 0aa3649f-570d-46c6-937f-492d7f3a8364@group-83C26644CFDA-FollowerState was interrupted: java.lang.InterruptedException: sleep interrupted
2019-10-16 21:01:37,070 [grpc-default-executor-1] INFO  impl.RoleInfo (RoleInfo.java:updateAndGet(143)) - 0aa3649f-570d-46c6-937f-492d7f3a8364: start FollowerState
2019-10-16 21:01:37,070 [Thread-1194] INFO  impl.FollowerState (FollowerState.java:run(117)) - 4a03179f-3169-4ac7-a075-259968512ef0@group-83C26644CFDA-FollowerState was interrupted: java.lang.InterruptedException: sleep interrupted
2019-10-16 21:01:37,070 [grpc-default-executor-3] INFO  impl.RoleInfo (RoleInfo.java:updateAndGet(143)) - 4a03179f-3169-4ac7-a075-259968512ef0: start FollowerState
2019-10-16 21:01:37,082 [4b287a15-77af-487b-aef7-34d1d0ee189f@group-83C26644CFDA-LeaderElection148] INFO  impl.LeaderElection (LeaderElection.java:logAndReturn(56)) - 4b287a15-77af-487b-aef7-34d1d0ee189f@group-83C26644CFDA-LeaderElection148: Election TIMEOUT; received 0 response(s) [] and 0 exception(s); 4b287a15-77af-487b-aef7-34d1d0ee189f@group-83C26644CFDA:t145, leader=null, voted=4b287a15-77af-487b-aef7-34d1d0ee189f, raftlog=4b287a15-77af-487b-aef7-34d1d0ee189f@group-83C26644CFDA-SegmentedRaftLog:OPENED:c-1,f-1,i0, conf=-1: [4b287a15-77af-487b-aef7-34d1d0ee189f:192.168.34.38:38597, 0aa3649f-570d-46c6-937f-492d7f3a8364:192.168.34.38:33209, 4a03179f-3169-4ac7-a075-259968512ef0:192.168.34.38:45833], old=null
2019-10-16 21:01:37,099 [4b287a15-77af-487b-aef7-34d1d0ee189f@group-83C26644CFDA-LeaderElection148] INFO  impl.LeaderElection (LeaderElection.java:askForVotes(178)) - 4b287a15-77af-487b-aef7-34d1d0ee189f@group-83C26644CFDA-LeaderElection148: begin an election at term 146 for -1: [4b287a15-77af-487b-aef7-34d1d0ee189f:192.168.34.38:38597, 0aa3649f-570d-46c6-937f-492d7f3a8364:192.168.34.38:33209, 4a03179f-3169-4ac7-a075-259968512ef0:192.168.34.38:45833], old=null
2019-10-16 21:01:37,101 [grpc-default-executor-3] INFO  impl.RaftServerImpl (RaftServerImpl.java:setRole(184)) - 4a03179f-3169-4ac7-a075-259968512ef0@group-83C26644CFDA: changes role from  FOLLOWER to FOLLOWER at term 146 for recognizeCandidate:4b287a15-77af-487b-aef7-34d1d0ee189f
2019-10-16 21:01:37,101 [grpc-default-executor-3] INFO  impl.RoleInfo (RoleInfo.java:shutdownFollowerState(121)) - 4a03179f-3169-4ac7-a075-259968512ef0: shutdown FollowerState
2019-10-16 21:01:37,101 [grpc-default-executor-1] INFO  impl.RaftServerImpl (RaftServerImpl.java:setRole(184)) - 0aa3649f-570d-46c6-937f-492d7f3a8364@group-83C26644CFDA: changes role from  FOLLOWER to FOLLOWER at term 146 for recognizeCandidate:4b287a15-77af-487b-aef7-34d1d0ee189f
2019-10-16 21:01:37,101 [Thread-1198] INFO  impl.FollowerState (FollowerState.java:run(117)) - 4a03179f-3169-4ac7-a075-259968512ef0@group-83C26644CFDA-FollowerState was interrupted: java.lang.InterruptedException: sleep interrupted
2019-10-16 21:01:37,101 [grpc-default-executor-3] INFO  impl.RoleInfo (RoleInfo.java:updateAndGet(143)) - 4a03179f-3169-4ac7-a075-259968512ef0: start FollowerState
2019-10-16 21:01:37,101 [grpc-default-executor-1] INFO  impl.RoleInfo (RoleInfo.java:shutdownFollowerState(121)) - 0aa3649f-570d-46c6-937f-492d7f3a8364: shutdown FollowerState
2019-10-16 21:01:37,102 [grpc-default-executor-1] INFO  impl.RoleInfo (RoleInfo.java:updateAndGet(143)) - 0aa3649f-570d-46c6-937f-492d7f3a8364: start FollowerState
2019-10-16 21:01:37,102 [Thread-1197] INFO  impl.FollowerState (FollowerState.java:run(117)) - 0aa3649f-570d-46c6-937f-492d7f3a8364@group-83C26644CFDA-FollowerState was interrupted: java.lang.InterruptedException: sleep interrupted
2019-10-16 21:01:37,111 [4b287a15-77af-487b-aef7-34d1d0ee189f@group-83C26644CFDA-LeaderElection148] INFO  impl.LeaderElection (LeaderElection.java:logAndReturn(56)) - 4b287a15-77af-487b-aef7-34d1d0ee189f@group-83C26644CFDA-LeaderElection148: Election REJECTED; received 2 response(s) [4b287a15-77af-487b-aef7-34d1d0ee189f<-0aa3649f-570d-46c6-937f-492d7f3a8364#0:FAIL-t146, 4b287a15-77af-487b-aef7-34d1d0ee189f<-4a03179f-3169-4ac7-a075-259968512ef0#0:FAIL-t146] and 0 exception(s); 4b287a15-77af-487b-aef7-34d1d0ee189f@group-83C26644CFDA:t146, leader=null, voted=4b287a15-77af-487b-aef7-34d1d0ee189f, raftlog=4b287a15-77af-487b-aef7-34d1d0ee189f@group-83C26644CFDA-SegmentedRaftLog:OPENED:c-1,f-1,i0, conf=-1: [4b287a15-77af-487b-aef7-34d1d0ee189f:192.168.34.38:38597, 0aa3649f-570d-46c6-937f-492d7f3a8364:192.168.34.38:33209, 4a03179f-3169-4ac7-a075-259968512ef0:192.168.34.38:45833], old=null
2019-10-16 21:01:37,112 [4b287a15-77af-487b-aef7-34d1d0ee189f@group-83C26644CFDA-LeaderElection148] INFO  impl.RaftServerImpl (RaftServerImpl.java:setRole(184)) - 4b287a15-77af-487b-aef7-34d1d0ee189f@group-83C26644CFDA: changes role from CANDIDATE to FOLLOWER at term 146 for DISCOVERED_A_NEW_TERM
2019-10-16 21:01:37,112 [4b287a15-77af-487b-aef7-34d1d0ee189f@group-83C26644CFDA-LeaderElection148] INFO  impl.RoleInfo (RoleInfo.java:shutdownLeaderElection(134)) - 4b287a15-77af-487b-aef7-34d1d0ee189f: shutdown LeaderElection
2019-10-16 21:01:37,112 [4b287a15-77af-487b-aef7-34d1d0ee189f@group-83C26644CFDA-LeaderElection148] INFO  impl.RoleInfo (RoleInfo.java:updateAndGet(143)) - 4b287a15-77af-487b-aef7-34d1d0ee189f: start FollowerState
2019-10-16 21:01:37,134 [Thread-1203] INFO  impl.FollowerState (FollowerState.java:run(108)) - 4b287a15-77af-487b-aef7-34d1d0ee189f@group-83C26644CFDA-FollowerState: change to CANDIDATE, lastRpcTime:22ms, electionTimeout:22ms
2019-10-16 21:01:37,134 [Thread-1203] INFO  impl.RoleInfo (RoleInfo.java:shutdownFollowerState(121)) - 4b287a15-77af-487b-aef7-34d1d0ee189f: shutdown FollowerState
2019-10-16 21:01:37,134 [Thread-1203] INFO  impl.RaftServerImpl (RaftServerImpl.java:setRole(184)) - 4b287a15-77af-487b-aef7-34d1d0ee189f@group-83C26644CFDA: changes role from  FOLLOWER to CANDIDATE at term 146 for changeToCandidate
2019-10-16 21:01:37,134 [Thread-1203] INFO  impl.RoleInfo (RoleInfo.java:updateAndGet(143)) - 4b287a15-77af-487b-aef7-34d1d0ee189f: start LeaderElection
2019-10-16 21:01:37,140 [4b287a15-77af-487b-aef7-34d1d0ee189f@group-83C26644CFDA-LeaderElection149] INFO  impl.LeaderElection (LeaderElection.java:askForVotes(178)) - 4b287a15-77af-487b-aef7-34d1d0ee189f@group-83C26644CFDA-LeaderElection149: begin an election at term 147 for -1: [4b287a15-77af-487b-aef7-34d1d0ee189f:192.168.34.38:38597, 0aa3649f-570d-46c6-937f-492d7f3a8364:192.168.34.38:33209, 4a03179f-3169-4ac7-a075-259968512ef0:192.168.34.38:45833], old=null
2019-10-16 21:01:37,142 [grpc-default-executor-1] INFO  impl.RaftServerImpl (RaftServerImpl.java:setRole(184)) - 4a03179f-3169-4ac7-a075-259968512ef0@group-83C26644CFDA: changes role from  FOLLOWER to FOLLOWER at term 147 for recognizeCandidate:4b287a15-77af-487b-aef7-34d1d0ee189f
2019-10-16 21:01:37,142 [grpc-default-executor-3] INFO  impl.RaftServerImpl (RaftServerImpl.java:setRole(184)) - 0aa3649f-570d-46c6-937f-492d7f3a8364@group-83C26644CFDA: changes role from  FOLLOWER to FOLLOWER at term 147 for recognizeCandidate:4b287a15-77af-487b-aef7-34d1d0ee189f
2019-10-16 21:01:37,142 [grpc-default-executor-3] INFO  impl.RoleInfo (RoleInfo.java:shutdownFollowerState(121)) - 0aa3649f-570d-46c6-937f-492d7f3a8364: shutdown FollowerState
2019-10-16 21:01:37,142 [grpc-default-executor-1] INFO  impl.RoleInfo (RoleInfo.java:shutdownFollowerState(121)) - 4a03179f-3169-4ac7-a075-259968512ef0: shutdown FollowerState
2019-10-16 21:01:37,143 [Thread-1202] INFO  impl.FollowerState (FollowerState.java:run(117)) - 0aa3649f-570d-46c6-937f-492d7f3a8364@group-83C26644CFDA-FollowerState was interrupted: java.lang.InterruptedException: sleep interrupted
2019-10-16 21:01:37,143 [grpc-default-executor-3] INFO  impl.RoleInfo (RoleInfo.java:updateAndGet(143)) - 0aa3649f-570d-46c6-937f-492d7f3a8364: start FollowerState
2019-10-16 21:01:37,143 [Thread-1201] INFO  impl.FollowerState (FollowerState.java:run(117)) - 4a03179f-3169-4ac7-a075-259968512ef0@group-83C26644CFDA-FollowerState was interrupted: java.lang.InterruptedException: sleep interrupted
2019-10-16 21:01:37,143 [grpc-default-executor-1] INFO  impl.RoleInfo (RoleInfo.java:updateAndGet(143)) - 4a03179f-3169-4ac7-a075-259968512ef0: start FollowerState
2019-10-16 21:01:37,175 [4b287a15-77af-487b-aef7-34d1d0ee189f@group-83C26644CFDA-LeaderElection149] INFO  impl.LeaderElection (LeaderElection.java:logAndReturn(56)) - 4b287a15-77af-487b-aef7-34d1d0ee189f@group-83C26644CFDA-LeaderElection149: Election REJECTED; received 2 response(s) [4b287a15-77af-487b-aef7-34d1d0ee189f<-0aa3649f-570d-46c6-937f-492d7f3a8364#0:FAIL-t147, 4b287a15-77af-487b-aef7-34d1d0ee189f<-4a03179f-3169-4ac7-a075-259968512ef0#0:FAIL-t147] and 0 exception(s); 4b287a15-77af-487b-aef7-34d1d0ee189f@group-83C26644CFDA:t147, leader=null, voted=4b287a15-77af-487b-aef7-34d1d0ee189f, raftlog=4b287a15-77af-487b-aef7-34d1d0ee189f@group-83C26644CFDA-SegmentedRaftLog:OPENED:c-1,f-1,i0, conf=-1: [4b287a15-77af-487b-aef7-34d1d0ee189f:192.168.34.38:38597, 0aa3649f-570d-46c6-937f-492d7f3a8364:192.168.34.38:33209, 4a03179f-3169-4ac7-a075-259968512ef0:192.168.34.38:45833], old=null
2019-10-16 21:01:37,175 [4b287a15-77af-487b-aef7-34d1d0ee189f@group-83C26644CFDA-LeaderElection149] INFO  impl.RaftServerImpl (RaftServerImpl.java:setRole(184)) - 4b287a15-77af-487b-aef7-34d1d0ee189f@group-83C26644CFDA: changes role from CANDIDATE to FOLLOWER at term 147 for DISCOVERED_A_NEW_TERM
2019-10-16 21:01:37,176 [4b287a15-77af-487b-aef7-34d1d0ee189f@group-83C26644CFDA-LeaderElection149] INFO  impl.RoleInfo (RoleInfo.java:shutdownLeaderElection(134)) - 4b287a15-77af-487b-aef7-34d1d0ee189f: shutdown LeaderElection
2019-10-16 21:01:37,176 [4b287a15-77af-487b-aef7-34d1d0ee189f@group-83C26644CFDA-LeaderElection149] INFO  impl.RoleInfo (RoleInfo.java:updateAndGet(143)) - 4b287a15-77af-487b-aef7-34d1d0ee189f: start FollowerState
2019-10-16 21:01:37,352 [main] INFO  ozone.MiniOzoneClusterImpl (MiniOzoneClusterImpl.java:lambda$waitForClusterToBeReady$2(164)) - Waiting for 1 number of pipelines out of 4, to report a leader.
2019-10-16 21:01:37,371 [Thread-1209] INFO  impl.FollowerState (FollowerState.java:run(108)) - 4b287a15-77af-487b-aef7-34d1d0ee189f@group-83C26644CFDA-FollowerState: change to CANDIDATE, lastRpcTime:195ms, electionTimeout:195ms
2019-10-16 21:01:37,371 [Thread-1209] INFO  impl.RoleInfo (RoleInfo.java:shutdownFollowerState(121)) - 4b287a15-77af-487b-aef7-34d1d0ee189f: shutdown FollowerState
2019-10-16 21:01:37,371 [Thread-1209] INFO  impl.RaftServerImpl (RaftServerImpl.java:setRole(184)) - 4b287a15-77af-487b-aef7-34d1d0ee189f@group-83C26644CFDA: changes role from  FOLLOWER to CANDIDATE at term 147 for changeToCandidate
2019-10-16 21:01:37,372 [Thread-1209] INFO  impl.RoleInfo (RoleInfo.java:updateAndGet(143)) - 4b287a15-77af-487b-aef7-34d1d0ee189f: start LeaderElection
2019-10-16 21:01:37,385 [4b287a15-77af-487b-aef7-34d1d0ee189f@group-83C26644CFDA-LeaderElection150] INFO  impl.LeaderElection (LeaderElection.java:askForVotes(178)) - 4b287a15-77af-487b-aef7-34d1d0ee189f@group-83C26644CFDA-LeaderElection150: begin an election at term 148 for -1: [4b287a15-77af-487b-aef7-34d1d0ee189f:192.168.34.38:38597, 0aa3649f-570d-46c6-937f-492d7f3a8364:192.168.34.38:33209, 4a03179f-3169-4ac7-a075-259968512ef0:192.168.34.38:45833], old=null
2019-10-16 21:01:37,387 [grpc-default-executor-1] INFO  impl.RaftServerImpl (RaftServerImpl.java:setRole(184)) - 4a03179f-3169-4ac7-a075-259968512ef0@group-83C26644CFDA: changes role from  FOLLOWER to FOLLOWER at term 148 for recognizeCandidate:4b287a15-77af-487b-aef7-34d1d0ee189f
2019-10-16 21:01:37,387 [grpc-default-executor-3] INFO  impl.RaftServerImpl (RaftServerImpl.java:setRole(184)) - 0aa3649f-570d-46c6-937f-492d7f3a8364@group-83C26644CFDA: changes role from  FOLLOWER to FOLLOWER at term 148 for recognizeCandidate:4b287a15-77af-487b-aef7-34d1d0ee189f
2019-10-16 21:01:37,387 [grpc-default-executor-3] INFO  impl.RoleInfo (RoleInfo.java:shutdownFollowerState(121)) - 0aa3649f-570d-46c6-937f-492d7f3a8364: shutdown FollowerState
2019-10-16 21:01:37,387 [grpc-default-executor-1] INFO  impl.RoleInfo (RoleInfo.java:shutdownFollowerState(121)) - 4a03179f-3169-4ac7-a075-259968512ef0: shutdown FollowerState
2019-10-16 21:01:37,387 [Thread-1207] INFO  impl.FollowerState (FollowerState.java:run(117)) - 0aa3649f-570d-46c6-937f-492d7f3a8364@group-83C26644CFDA-FollowerState was interrupted: java.lang.InterruptedException: sleep interrupted
2019-10-16 21:01:37,387 [grpc-default-executor-3] INFO  impl.RoleInfo (RoleInfo.java:updateAndGet(143)) - 0aa3649f-570d-46c6-937f-492d7f3a8364: start FollowerState
2019-10-16 21:01:37,388 [Thread-1208] INFO  impl.FollowerState (FollowerState.java:run(117)) - 4a03179f-3169-4ac7-a075-259968512ef0@group-83C26644CFDA-FollowerState was interrupted: java.lang.InterruptedException: sleep interrupted
2019-10-16 21:01:37,388 [grpc-default-executor-1] INFO  impl.RoleInfo (RoleInfo.java:updateAndGet(143)) - 4a03179f-3169-4ac7-a075-259968512ef0: start FollowerState
2019-10-16 21:01:37,402 [4b287a15-77af-487b-aef7-34d1d0ee189f@group-83C26644CFDA-LeaderElection150] INFO  impl.LeaderElection (LeaderElection.java:logAndReturn(56)) - 4b287a15-77af-487b-aef7-34d1d0ee189f@group-83C26644CFDA-LeaderElection150: Election REJECTED; received 2 response(s) [4b287a15-77af-487b-aef7-34d1d0ee189f<-0aa3649f-570d-46c6-937f-492d7f3a8364#0:FAIL-t148, 4b287a15-77af-487b-aef7-34d1d0ee189f<-4a03179f-3169-4ac7-a075-259968512ef0#0:FAIL-t148] and 0 exception(s); 4b287a15-77af-487b-aef7-34d1d0ee189f@group-83C26644CFDA:t148, leader=null, voted=4b287a15-77af-487b-aef7-34d1d0ee189f, raftlog=4b287a15-77af-487b-aef7-34d1d0ee189f@group-83C26644CFDA-SegmentedRaftLog:OPENED:c-1,f-1,i0, conf=-1: [4b287a15-77af-487b-aef7-34d1d0ee189f:192.168.34.38:38597, 0aa3649f-570d-46c6-937f-492d7f3a8364:192.168.34.38:33209, 4a03179f-3169-4ac7-a075-259968512ef0:192.168.34.38:45833], old=null
2019-10-16 21:01:37,402 [4b287a15-77af-487b-aef7-34d1d0ee189f@group-83C26644CFDA-LeaderElection150] INFO  impl.RaftServerImpl (RaftServerImpl.java:setRole(184)) - 4b287a15-77af-487b-aef7-34d1d0ee189f@group-83C26644CFDA: changes role from CANDIDATE to FOLLOWER at term 148 for DISCOVERED_A_NEW_TERM
2019-10-16 21:01:37,402 [4b287a15-77af-487b-aef7-34d1d0ee189f@group-83C26644CFDA-LeaderElection150] INFO  impl.RoleInfo (RoleInfo.java:shutdownLeaderElection(134)) - 4b287a15-77af-487b-aef7-34d1d0ee189f: shutdown LeaderElection
2019-10-16 21:01:37,402 [4b287a15-77af-487b-aef7-34d1d0ee189f@group-83C26644CFDA-LeaderElection150] INFO  impl.RoleInfo (RoleInfo.java:updateAndGet(143)) - 4b287a15-77af-487b-aef7-34d1d0ee189f: start FollowerState
2019-10-16 21:01:37,499 [Thread-1215] INFO  impl.FollowerState (FollowerState.java:run(108)) - 4b287a15-77af-487b-aef7-34d1d0ee189f@group-83C26644CFDA-FollowerState: change to CANDIDATE, lastRpcTime:97ms, electionTimeout:97ms
2019-10-16 21:01:37,500 [Thread-1215] INFO  impl.RoleInfo (RoleInfo.java:shutdownFollowerState(121)) - 4b287a15-77af-487b-aef7-34d1d0ee189f: shutdown FollowerState
2019-10-16 21:01:37,500 [Thread-1215] INFO  impl.RaftServerImpl (RaftServerImpl.java:setRole(184)) - 4b287a15-77af-487b-aef7-34d1d0ee189f@group-83C26644CFDA: changes role from  FOLLOWER to CANDIDATE at term 148 for changeToCandidate
2019-10-16 21:01:37,500 [Thread-1215] INFO  impl.RoleInfo (RoleInfo.java:updateAndGet(143)) - 4b287a15-77af-487b-aef7-34d1d0ee189f: start LeaderElection
2019-10-16 21:01:37,513 [4b287a15-77af-487b-aef7-34d1d0ee189f@group-83C26644CFDA-LeaderElection151] INFO  impl.LeaderElection (LeaderElection.java:askForVotes(178)) - 4b287a15-77af-487b-aef7-34d1d0ee189f@group-83C26644CFDA-LeaderElection151: begin an election at term 149 for -1: [4b287a15-77af-487b-aef7-34d1d0ee189f:192.168.34.38:38597, 0aa3649f-570d-46c6-937f-492d7f3a8364:192.168.34.38:33209, 4a03179f-3169-4ac7-a075-259968512ef0:192.168.34.38:45833], old=null
2019-10-16 21:01:37,516 [grpc-default-executor-1] INFO  impl.RaftServerImpl (RaftServerImpl.java:setRole(184)) - 0aa3649f-570d-46c6-937f-492d7f3a8364@group-83C26644CFDA: changes role from  FOLLOWER to FOLLOWER at term 149 for recognizeCandidate:4b287a15-77af-487b-aef7-34d1d0ee189f
2019-10-16 21:01:37,516 [grpc-default-executor-1] INFO  impl.RoleInfo (RoleInfo.java:shutdownFollowerState(121)) - 0aa3649f-570d-46c6-937f-492d7f3a8364: shutdown FollowerState
2019-10-16 21:01:37,516 [grpc-default-executor-3] INFO  impl.RaftServerImpl (RaftServerImpl.java:setRole(184)) - 4a03179f-3169-4ac7-a075-259968512ef0@group-83C26644CFDA: changes role from  FOLLOWER to FOLLOWER at term 149 for recognizeCandidate:4b287a15-77af-487b-aef7-34d1d0ee189f
2019-10-16 21:01:37,516 [Thread-1213] INFO  impl.FollowerState (FollowerState.java:run(117)) - 0aa3649f-570d-46c6-937f-492d7f3a8364@group-83C26644CFDA-FollowerState was interrupted: java.lang.InterruptedException: sleep interrupted
2019-10-16 21:01:37,516 [grpc-default-executor-1] INFO  impl.RoleInfo (RoleInfo.java:updateAndGet(143)) - 0aa3649f-570d-46c6-937f-492d7f3a8364: start FollowerState
2019-10-16 21:01:37,516 [grpc-default-executor-3] INFO  impl.RoleInfo (RoleInfo.java:shutdownFollowerState(121)) - 4a03179f-3169-4ac7-a075-259968512ef0: shutdown FollowerState
2019-10-16 21:01:37,516 [grpc-default-executor-3] INFO  impl.RoleInfo (RoleInfo.java:updateAndGet(143)) - 4a03179f-3169-4ac7-a075-259968512ef0: start FollowerState
2019-10-16 21:01:37,516 [Thread-1214] INFO  impl.FollowerState (FollowerState.java:run(117)) - 4a03179f-3169-4ac7-a075-259968512ef0@group-83C26644CFDA-FollowerState was interrupted: java.lang.InterruptedException: sleep interrupted
2019-10-16 21:01:37,534 [4b287a15-77af-487b-aef7-34d1d0ee189f@group-83C26644CFDA-LeaderElection151] INFO  impl.LeaderElection (LeaderElection.java:logAndReturn(56)) - 4b287a15-77af-487b-aef7-34d1d0ee189f@group-83C26644CFDA-LeaderElection151: Election REJECTED; received 2 response(s) [4b287a15-77af-487b-aef7-34d1d0ee189f<-0aa3649f-570d-46c6-937f-492d7f3a8364#0:FAIL-t149, 4b287a15-77af-487b-aef7-34d1d0ee189f<-4a03179f-3169-4ac7-a075-259968512ef0#0:FAIL-t149] and 0 exception(s); 4b287a15-77af-487b-aef7-34d1d0ee189f@group-83C26644CFDA:t149, leader=null, voted=4b287a15-77af-487b-aef7-34d1d0ee189f, raftlog=4b287a15-77af-487b-aef7-34d1d0ee189f@group-83C26644CFDA-SegmentedRaftLog:OPENED:c-1,f-1,i0, conf=-1: [4b287a15-77af-487b-aef7-34d1d0ee189f:192.168.34.38:38597, 0aa3649f-570d-46c6-937f-492d7f3a8364:192.168.34.38:33209, 4a03179f-3169-4ac7-a075-259968512ef0:192.168.34.38:45833], old=null
2019-10-16 21:01:37,535 [4b287a15-77af-487b-aef7-34d1d0ee189f@group-83C26644CFDA-LeaderElection151] INFO  impl.RaftServerImpl (RaftServerImpl.java:setRole(184)) - 4b287a15-77af-487b-aef7-34d1d0ee189f@group-83C26644CFDA: changes role from CANDIDATE to FOLLOWER at term 149 for DISCOVERED_A_NEW_TERM
2019-10-16 21:01:37,535 [4b287a15-77af-487b-aef7-34d1d0ee189f@group-83C26644CFDA-LeaderElection151] INFO  impl.RoleInfo (RoleInfo.java:shutdownLeaderElection(134)) - 4b287a15-77af-487b-aef7-34d1d0ee189f: shutdown LeaderElection
2019-10-16 21:01:37,535 [4b287a15-77af-487b-aef7-34d1d0ee189f@group-83C26644CFDA-LeaderElection151] INFO  impl.RoleInfo (RoleInfo.java:updateAndGet(143)) - 4b287a15-77af-487b-aef7-34d1d0ee189f: start FollowerState
2019-10-16 21:01:37,576 [Thread-1221] INFO  impl.FollowerState (FollowerState.java:run(108)) - 4b287a15-77af-487b-aef7-34d1d0ee189f@group-83C26644CFDA-FollowerState: change to CANDIDATE, lastRpcTime:41ms, electionTimeout:41ms
2019-10-16 21:01:37,576 [Thread-1221] INFO  impl.RoleInfo (RoleInfo.java:shutdownFollowerState(121)) - 4b287a15-77af-487b-aef7-34d1d0ee189f: shutdown FollowerState
2019-10-16 21:01:37,576 [Thread-1221] INFO  impl.RaftServerImpl (RaftServerImpl.java:setRole(184)) - 4b287a15-77af-487b-aef7-34d1d0ee189f@group-83C26644CFDA: changes role from  FOLLOWER to CANDIDATE at term 149 for changeToCandidate
2019-10-16 21:01:37,577 [Thread-1221] INFO  impl.RoleInfo (RoleInfo.java:updateAndGet(143)) - 4b287a15-77af-487b-aef7-34d1d0ee189f: start LeaderElection
2019-10-16 21:01:37,590 [4b287a15-77af-487b-aef7-34d1d0ee189f@group-83C26644CFDA-LeaderElection152] INFO  impl.LeaderElection (LeaderElection.java:askForVotes(178)) - 4b287a15-77af-487b-aef7-34d1d0ee189f@group-83C26644CFDA-LeaderElection152: begin an election at term 150 for -1: [4b287a15-77af-487b-aef7-34d1d0ee189f:192.168.34.38:38597, 0aa3649f-570d-46c6-937f-492d7f3a8364:192.168.34.38:33209, 4a03179f-3169-4ac7-a075-259968512ef0:192.168.34.38:45833], old=null
2019-10-16 21:01:37,591 [grpc-default-executor-1] INFO  impl.RaftServerImpl (RaftServerImpl.java:setRole(184)) - 4a03179f-3169-4ac7-a075-259968512ef0@group-83C26644CFDA: changes role from  FOLLOWER to FOLLOWER at term 150 for recognizeCandidate:4b287a15-77af-487b-aef7-34d1d0ee189f
2019-10-16 21:01:37,591 [grpc-default-executor-3] INFO  impl.RaftServerImpl (RaftServerImpl.java:setRole(184)) - 0aa3649f-570d-46c6-937f-492d7f3a8364@group-83C26644CFDA: changes role from  FOLLOWER to FOLLOWER at term 150 for recognizeCandidate:4b287a15-77af-487b-aef7-34d1d0ee189f
2019-10-16 21:01:37,592 [grpc-default-executor-1] INFO  impl.RoleInfo (RoleInfo.java:shutdownFollowerState(121)) - 4a03179f-3169-4ac7-a075-259968512ef0: shutdown FollowerState
2019-10-16 21:01:37,592 [grpc-default-executor-3] INFO  impl.RoleInfo (RoleInfo.java:shutdownFollowerState(121)) - 0aa3649f-570d-46c6-937f-492d7f3a8364: shutdown FollowerState
2019-10-16 21:01:37,592 [grpc-default-executor-1] INFO  impl.RoleInfo (RoleInfo.java:updateAndGet(143)) - 4a03179f-3169-4ac7-a075-259968512ef0: start FollowerState
2019-10-16 21:01:37,592 [Thread-1220] INFO  impl.FollowerState (FollowerState.java:run(117)) - 4a03179f-3169-4ac7-a075-259968512ef0@group-83C26644CFDA-FollowerState was interrupted: java.lang.InterruptedException: sleep interrupted
2019-10-16 21:01:37,592 [Thread-1219] INFO  impl.FollowerState (FollowerState.java:run(117)) - 0aa3649f-570d-46c6-937f-492d7f3a8364@group-83C26644CFDA-FollowerState was interrupted: java.lang.InterruptedException: sleep interrupted
2019-10-16 21:01:37,592 [grpc-default-executor-3] INFO  impl.RoleInfo (RoleInfo.java:updateAndGet(143)) - 0aa3649f-570d-46c6-937f-492d7f3a8364: start FollowerState
2019-10-16 21:01:37,606 [4b287a15-77af-487b-aef7-34d1d0ee189f@group-83C26644CFDA-LeaderElection152] INFO  impl.LeaderElection (LeaderElection.java:logAndReturn(56)) - 4b287a15-77af-487b-aef7-34d1d0ee189f@group-83C26644CFDA-LeaderElection152: Election REJECTED; received 2 response(s) [4b287a15-77af-487b-aef7-34d1d0ee189f<-0aa3649f-570d-46c6-937f-492d7f3a8364#0:FAIL-t150, 4b287a15-77af-487b-aef7-34d1d0ee189f<-4a03179f-3169-4ac7-a075-259968512ef0#0:FAIL-t150] and 0 exception(s); 4b287a15-77af-487b-aef7-34d1d0ee189f@group-83C26644CFDA:t150, leader=null, voted=4b287a15-77af-487b-aef7-34d1d0ee189f, raftlog=4b287a15-77af-487b-aef7-34d1d0ee189f@group-83C26644CFDA-SegmentedRaftLog:OPENED:c-1,f-1,i0, conf=-1: [4b287a15-77af-487b-aef7-34d1d0ee189f:192.168.34.38:38597, 0aa3649f-570d-46c6-937f-492d7f3a8364:192.168.34.38:33209, 4a03179f-3169-4ac7-a075-259968512ef0:192.168.34.38:45833], old=null
2019-10-16 21:01:37,606 [4b287a15-77af-487b-aef7-34d1d0ee189f@group-83C26644CFDA-LeaderElection152] INFO  impl.RaftServerImpl (RaftServerImpl.java:setRole(184)) - 4b287a15-77af-487b-aef7-34d1d0ee189f@group-83C26644CFDA: changes role from CANDIDATE to FOLLOWER at term 150 for DISCOVERED_A_NEW_TERM
2019-10-16 21:01:37,606 [4b287a15-77af-487b-aef7-34d1d0ee189f@group-83C26644CFDA-LeaderElection152] INFO  impl.RoleInfo (RoleInfo.java:shutdownLeaderElection(134)) - 4b287a15-77af-487b-aef7-34d1d0ee189f: shutdown LeaderElection
2019-10-16 21:01:37,606 [4b287a15-77af-487b-aef7-34d1d0ee189f@group-83C26644CFDA-LeaderElection152] INFO  impl.RoleInfo (RoleInfo.java:updateAndGet(143)) - 4b287a15-77af-487b-aef7-34d1d0ee189f: start FollowerState
2019-10-16 21:01:37,768 [Thread-1227] INFO  impl.FollowerState (FollowerState.java:run(108)) - 4b287a15-77af-487b-aef7-34d1d0ee189f@group-83C26644CFDA-FollowerState: change to CANDIDATE, lastRpcTime:161ms, electionTimeout:161ms
2019-10-16 21:01:37,768 [Thread-1227] INFO  impl.RoleInfo (RoleInfo.java:shutdownFollowerState(121)) - 4b287a15-77af-487b-aef7-34d1d0ee189f: shutdown FollowerState
2019-10-16 21:01:37,768 [Thread-1227] INFO  impl.RaftServerImpl (RaftServerImpl.java:setRole(184)) - 4b287a15-77af-487b-aef7-34d1d0ee189f@group-83C26644CFDA: changes role from  FOLLOWER to CANDIDATE at term 150 for changeToCandidate
2019-10-16 21:01:37,768 [Thread-1227] INFO  impl.RoleInfo (RoleInfo.java:updateAndGet(143)) - 4b287a15-77af-487b-aef7-34d1d0ee189f: start LeaderElection
2019-10-16 21:01:37,772 [4b287a15-77af-487b-aef7-34d1d0ee189f@group-83C26644CFDA-LeaderElection153] INFO  impl.LeaderElection (LeaderElection.java:askForVotes(178)) - 4b287a15-77af-487b-aef7-34d1d0ee189f@group-83C26644CFDA-LeaderElection153: begin an election at term 151 for -1: [4b287a15-77af-487b-aef7-34d1d0ee189f:192.168.34.38:38597, 0aa3649f-570d-46c6-937f-492d7f3a8364:192.168.34.38:33209, 4a03179f-3169-4ac7-a075-259968512ef0:192.168.34.38:45833], old=null
2019-10-16 21:01:37,774 [grpc-default-executor-1] INFO  impl.RaftServerImpl (RaftServerImpl.java:setRole(184)) - 4a03179f-3169-4ac7-a075-259968512ef0@group-83C26644CFDA: changes role from  FOLLOWER to FOLLOWER at term 151 for recognizeCandidate:4b287a15-77af-487b-aef7-34d1d0ee189f
2019-10-16 21:01:37,774 [grpc-default-executor-3] INFO  impl.RaftServerImpl (RaftServerImpl.java:setRole(184)) - 0aa3649f-570d-46c6-937f-492d7f3a8364@group-83C26644CFDA: changes role from  FOLLOWER to FOLLOWER at term 151 for recognizeCandidate:4b287a15-77af-487b-aef7-34d1d0ee189f
2019-10-16 21:01:37,775 [grpc-default-executor-1] INFO  impl.RoleInfo (RoleInfo.java:shutdownFollowerState(121)) - 4a03179f-3169-4ac7-a075-259968512ef0: shutdown FollowerState
2019-10-16 21:01:37,775 [grpc-default-executor-3] INFO  impl.RoleInfo (RoleInfo.java:shutdownFollowerState(121)) - 0aa3649f-570d-46c6-937f-492d7f3a8364: shutdown FollowerState
2019-10-16 21:01:37,775 [grpc-default-executor-1] INFO  impl.RoleInfo (RoleInfo.java:updateAndGet(143)) - 4a03179f-3169-4ac7-a075-259968512ef0: start FollowerState
2019-10-16 21:01:37,775 [Thread-1226] INFO  impl.FollowerState (FollowerState.java:run(117)) - 0aa3649f-570d-46c6-937f-492d7f3a8364@group-83C26644CFDA-FollowerState was interrupted: java.lang.InterruptedException: sleep interrupted
2019-10-16 21:01:37,775 [Thread-1225] INFO  impl.FollowerState (FollowerState.java:run(117)) - 4a03179f-3169-4ac7-a075-259968512ef0@group-83C26644CFDA-FollowerState was interrupted: java.lang.InterruptedException: sleep interrupted
2019-10-16 21:01:37,775 [grpc-default-executor-3] INFO  impl.RoleInfo (RoleInfo.java:updateAndGet(143)) - 0aa3649f-570d-46c6-937f-492d7f3a8364: start FollowerState
2019-10-16 21:01:37,788 [4b287a15-77af-487b-aef7-34d1d0ee189f@group-83C26644CFDA-LeaderElection153] INFO  impl.LeaderElection (LeaderElection.java:logAndReturn(56)) - 4b287a15-77af-487b-aef7-34d1d0ee189f@group-83C26644CFDA-LeaderElection153: Election REJECTED; received 2 response(s) [4b287a15-77af-487b-aef7-34d1d0ee189f<-0aa3649f-570d-46c6-937f-492d7f3a8364#0:FAIL-t151, 4b287a15-77af-487b-aef7-34d1d0ee189f<-4a03179f-3169-4ac7-a075-259968512ef0#0:FAIL-t151] and 0 exception(s); 4b287a15-77af-487b-aef7-34d1d0ee189f@group-83C26644CFDA:t151, leader=null, voted=4b287a15-77af-487b-aef7-34d1d0ee189f, raftlog=4b287a15-77af-487b-aef7-34d1d0ee189f@group-83C26644CFDA-SegmentedRaftLog:OPENED:c-1,f-1,i0, conf=-1: [4b287a15-77af-487b-aef7-34d1d0ee189f:192.168.34.38:38597, 0aa3649f-570d-46c6-937f-492d7f3a8364:192.168.34.38:33209, 4a03179f-3169-4ac7-a075-259968512ef0:192.168.34.38:45833], old=null
2019-10-16 21:01:37,788 [4b287a15-77af-487b-aef7-34d1d0ee189f@group-83C26644CFDA-LeaderElection153] INFO  impl.RaftServerImpl (RaftServerImpl.java:setRole(184)) - 4b287a15-77af-487b-aef7-34d1d0ee189f@group-83C26644CFDA: changes role from CANDIDATE to FOLLOWER at term 151 for DISCOVERED_A_NEW_TERM
2019-10-16 21:01:37,788 [4b287a15-77af-487b-aef7-34d1d0ee189f@group-83C26644CFDA-LeaderElection153] INFO  impl.RoleInfo (RoleInfo.java:shutdownLeaderElection(134)) - 4b287a15-77af-487b-aef7-34d1d0ee189f: shutdown LeaderElection
2019-10-16 21:01:37,788 [4b287a15-77af-487b-aef7-34d1d0ee189f@group-83C26644CFDA-LeaderElection153] INFO  impl.RoleInfo (RoleInfo.java:updateAndGet(143)) - 4b287a15-77af-487b-aef7-34d1d0ee189f: start FollowerState
2019-10-16 21:01:37,931 [Thread-1233] INFO  impl.FollowerState (FollowerState.java:run(108)) - 4b287a15-77af-487b-aef7-34d1d0ee189f@group-83C26644CFDA-FollowerState: change to CANDIDATE, lastRpcTime:142ms, electionTimeout:142ms
2019-10-16 21:01:37,931 [Thread-1233] INFO  impl.RoleInfo (RoleInfo.java:shutdownFollowerState(121)) - 4b287a15-77af-487b-aef7-34d1d0ee189f: shutdown FollowerState
2019-10-16 21:01:37,931 [Thread-1233] INFO  impl.RaftServerImpl (RaftServerImpl.java:setRole(184)) - 4b287a15-77af-487b-aef7-34d1d0ee189f@group-83C26644CFDA: changes role from  FOLLOWER to CANDIDATE at term 151 for changeToCandidate
2019-10-16 21:01:37,931 [Thread-1233] INFO  impl.RoleInfo (RoleInfo.java:updateAndGet(143)) - 4b287a15-77af-487b-aef7-34d1d0ee189f: start LeaderElection
2019-10-16 21:01:37,944 [4b287a15-77af-487b-aef7-34d1d0ee189f@group-83C26644CFDA-LeaderElection154] INFO  impl.LeaderElection (LeaderElection.java:askForVotes(178)) - 4b287a15-77af-487b-aef7-34d1d0ee189f@group-83C26644CFDA-LeaderElection154: begin an election at term 152 for -1: [4b287a15-77af-487b-aef7-34d1d0ee189f:192.168.34.38:38597, 0aa3649f-570d-46c6-937f-492d7f3a8364:192.168.34.38:33209, 4a03179f-3169-4ac7-a075-259968512ef0:192.168.34.38:45833], old=null
2019-10-16 21:01:37,946 [grpc-default-executor-3] INFO  impl.RaftServerImpl (RaftServerImpl.java:setRole(184)) - 4a03179f-3169-4ac7-a075-259968512ef0@group-83C26644CFDA: changes role from  FOLLOWER to FOLLOWER at term 152 for recognizeCandidate:4b287a15-77af-487b-aef7-34d1d0ee189f
2019-10-16 21:01:37,946 [grpc-default-executor-1] INFO  impl.RaftServerImpl (RaftServerImpl.java:setRole(184)) - 0aa3649f-570d-46c6-937f-492d7f3a8364@group-83C26644CFDA: changes role from  FOLLOWER to FOLLOWER at term 152 for recognizeCandidate:4b287a15-77af-487b-aef7-34d1d0ee189f
2019-10-16 21:01:37,946 [grpc-default-executor-3] INFO  impl.RoleInfo (RoleInfo.java:shutdownFollowerState(121)) - 4a03179f-3169-4ac7-a075-259968512ef0: shutdown FollowerState
2019-10-16 21:01:37,946 [grpc-default-executor-1] INFO  impl.RoleInfo (RoleInfo.java:shutdownFollowerState(121)) - 0aa3649f-570d-46c6-937f-492d7f3a8364: shutdown FollowerState
2019-10-16 21:01:37,947 [Thread-1231] INFO  impl.FollowerState (FollowerState.java:run(117)) - 4a03179f-3169-4ac7-a075-259968512ef0@group-83C26644CFDA-FollowerState was interrupted: java.lang.InterruptedException: sleep interrupted
2019-10-16 21:01:37,947 [grpc-default-executor-3] INFO  impl.RoleInfo (RoleInfo.java:updateAndGet(143)) - 4a03179f-3169-4ac7-a075-259968512ef0: start FollowerState
2019-10-16 21:01:37,947 [Thread-1232] INFO  impl.FollowerState (FollowerState.java:run(117)) - 0aa3649f-570d-46c6-937f-492d7f3a8364@group-83C26644CFDA-FollowerState was interrupted: java.lang.InterruptedException: sleep interrupted
2019-10-16 21:01:37,947 [grpc-default-executor-1] INFO  impl.RoleInfo (RoleInfo.java:updateAndGet(143)) - 0aa3649f-570d-46c6-937f-492d7f3a8364: start FollowerState
2019-10-16 21:01:37,961 [4b287a15-77af-487b-aef7-34d1d0ee189f@group-83C26644CFDA-LeaderElection154] INFO  impl.LeaderElection (LeaderElection.java:logAndReturn(56)) - 4b287a15-77af-487b-aef7-34d1d0ee189f@group-83C26644CFDA-LeaderElection154: Election REJECTED; received 2 response(s) [4b287a15-77af-487b-aef7-34d1d0ee189f<-0aa3649f-570d-46c6-937f-492d7f3a8364#0:FAIL-t152, 4b287a15-77af-487b-aef7-34d1d0ee189f<-4a03179f-3169-4ac7-a075-259968512ef0#0:FAIL-t152] and 0 exception(s); 4b287a15-77af-487b-aef7-34d1d0ee189f@group-83C26644CFDA:t152, leader=null, voted=4b287a15-77af-487b-aef7-34d1d0ee189f, raftlog=4b287a15-77af-487b-aef7-34d1d0ee189f@group-83C26644CFDA-SegmentedRaftLog:OPENED:c-1,f-1,i0, conf=-1: [4b287a15-77af-487b-aef7-34d1d0ee189f:192.168.34.38:38597, 0aa3649f-570d-46c6-937f-492d7f3a8364:192.168.34.38:33209, 4a03179f-3169-4ac7-a075-259968512ef0:192.168.34.38:45833], old=null
2019-10-16 21:01:37,961 [4b287a15-77af-487b-aef7-34d1d0ee189f@group-83C26644CFDA-LeaderElection154] INFO  impl.RaftServerImpl (RaftServerImpl.java:setRole(184)) - 4b287a15-77af-487b-aef7-34d1d0ee189f@group-83C26644CFDA: changes role from CANDIDATE to FOLLOWER at term 152 for DISCOVERED_A_NEW_TERM
2019-10-16 21:01:37,961 [4b287a15-77af-487b-aef7-34d1d0ee189f@group-83C26644CFDA-LeaderElection154] INFO  impl.RoleInfo (RoleInfo.java:shutdownLeaderElection(134)) - 4b287a15-77af-487b-aef7-34d1d0ee189f: shutdown LeaderElection
2019-10-16 21:01:37,962 [4b287a15-77af-487b-aef7-34d1d0ee189f@group-83C26644CFDA-LeaderElection154] INFO  impl.RoleInfo (RoleInfo.java:updateAndGet(143)) - 4b287a15-77af-487b-aef7-34d1d0ee189f: start FollowerState
2019-10-16 21:01:38,074 [Thread-1239] INFO  impl.FollowerState (FollowerState.java:run(108)) - 4b287a15-77af-487b-aef7-34d1d0ee189f@group-83C26644CFDA-FollowerState: change to CANDIDATE, lastRpcTime:112ms, electionTimeout:112ms
2019-10-16 21:01:38,074 [Thread-1239] INFO  impl.RoleInfo (RoleInfo.java:shutdownFollowerState(121)) - 4b287a15-77af-487b-aef7-34d1d0ee189f: shutdown FollowerState
2019-10-16 21:01:38,074 [Thread-1239] INFO  impl.RaftServerImpl (RaftServerImpl.java:setRole(184)) - 4b287a15-77af-487b-aef7-34d1d0ee189f@group-83C26644CFDA: changes role from  FOLLOWER to CANDIDATE at term 152 for changeToCandidate
2019-10-16 21:01:38,074 [Thread-1239] INFO  impl.RoleInfo (RoleInfo.java:updateAndGet(143)) - 4b287a15-77af-487b-aef7-34d1d0ee189f: start LeaderElection
2019-10-16 21:01:38,089 [4b287a15-77af-487b-aef7-34d1d0ee189f@group-83C26644CFDA-LeaderElection155] INFO  impl.LeaderElection (LeaderElection.java:askForVotes(178)) - 4b287a15-77af-487b-aef7-34d1d0ee189f@group-83C26644CFDA-LeaderElection155: begin an election at term 153 for -1: [4b287a15-77af-487b-aef7-34d1d0ee189f:192.168.34.38:38597, 0aa3649f-570d-46c6-937f-492d7f3a8364:192.168.34.38:33209, 4a03179f-3169-4ac7-a075-259968512ef0:192.168.34.38:45833], old=null
2019-10-16 21:01:38,091 [grpc-default-executor-1] INFO  impl.RaftServerImpl (RaftServerImpl.java:setRole(184)) - 0aa3649f-570d-46c6-937f-492d7f3a8364@group-83C26644CFDA: changes role from  FOLLOWER to FOLLOWER at term 153 for recognizeCandidate:4b287a15-77af-487b-aef7-34d1d0ee189f
2019-10-16 21:01:38,091 [grpc-default-executor-3] INFO  impl.RaftServerImpl (RaftServerImpl.java:setRole(184)) - 4a03179f-3169-4ac7-a075-259968512ef0@group-83C26644CFDA: changes role from  FOLLOWER to FOLLOWER at term 153 for recognizeCandidate:4b287a15-77af-487b-aef7-34d1d0ee189f
2019-10-16 21:01:38,092 [grpc-default-executor-1] INFO  impl.RoleInfo (RoleInfo.java:shutdownFollowerState(121)) - 0aa3649f-570d-46c6-937f-492d7f3a8364: shutdown FollowerState
2019-10-16 21:01:38,092 [grpc-default-executor-3] INFO  impl.RoleInfo (RoleInfo.java:shutdownFollowerState(121)) - 4a03179f-3169-4ac7-a075-259968512ef0: shutdown FollowerState
2019-10-16 21:01:38,092 [Thread-1238] INFO  impl.FollowerState (FollowerState.java:run(117)) - 0aa3649f-570d-46c6-937f-492d7f3a8364@group-83C26644CFDA-FollowerState was interrupted: java.lang.InterruptedException: sleep interrupted
2019-10-16 21:01:38,092 [Thread-1237] INFO  impl.FollowerState (FollowerState.java:run(117)) - 4a03179f-3169-4ac7-a075-259968512ef0@group-83C26644CFDA-FollowerState was interrupted: java.lang.InterruptedException: sleep interrupted
2019-10-16 21:01:38,092 [grpc-default-executor-1] INFO  impl.RoleInfo (RoleInfo.java:updateAndGet(143)) - 0aa3649f-570d-46c6-937f-492d7f3a8364: start FollowerState
2019-10-16 21:01:38,092 [grpc-default-executor-3] INFO  impl.RoleInfo (RoleInfo.java:updateAndGet(143)) - 4a03179f-3169-4ac7-a075-259968512ef0: start FollowerState
2019-10-16 21:01:38,108 [4b287a15-77af-487b-aef7-34d1d0ee189f@group-83C26644CFDA-LeaderElection155] INFO  impl.LeaderElection (LeaderElection.java:logAndReturn(56)) - 4b287a15-77af-487b-aef7-34d1d0ee189f@group-83C26644CFDA-LeaderElection155: Election REJECTED; received 2 response(s) [4b287a15-77af-487b-aef7-34d1d0ee189f<-0aa3649f-570d-46c6-937f-492d7f3a8364#0:FAIL-t153, 4b287a15-77af-487b-aef7-34d1d0ee189f<-4a03179f-3169-4ac7-a075-259968512ef0#0:FAIL-t153] and 0 exception(s); 4b287a15-77af-487b-aef7-34d1d0ee189f@group-83C26644CFDA:t153, leader=null, voted=4b287a15-77af-487b-aef7-34d1d0ee189f, raftlog=4b287a15-77af-487b-aef7-34d1d0ee189f@group-83C26644CFDA-SegmentedRaftLog:OPENED:c-1,f-1,i0, conf=-1: [4b287a15-77af-487b-aef7-34d1d0ee189f:192.168.34.38:38597, 0aa3649f-570d-46c6-937f-492d7f3a8364:192.168.34.38:33209, 4a03179f-3169-4ac7-a075-259968512ef0:192.168.34.38:45833], old=null
2019-10-16 21:01:38,108 [4b287a15-77af-487b-aef7-34d1d0ee189f@group-83C26644CFDA-LeaderElection155] INFO  impl.RaftServerImpl (RaftServerImpl.java:setRole(184)) - 4b287a15-77af-487b-aef7-34d1d0ee189f@group-83C26644CFDA: changes role from CANDIDATE to FOLLOWER at term 153 for DISCOVERED_A_NEW_TERM
2019-10-16 21:01:38,108 [4b287a15-77af-487b-aef7-34d1d0ee189f@group-83C26644CFDA-LeaderElection155] INFO  impl.RoleInfo (RoleInfo.java:shutdownLeaderElection(134)) - 4b287a15-77af-487b-aef7-34d1d0ee189f: shutdown LeaderElection
2019-10-16 21:01:38,108 [4b287a15-77af-487b-aef7-34d1d0ee189f@group-83C26644CFDA-LeaderElection155] INFO  impl.RoleInfo (RoleInfo.java:updateAndGet(143)) - 4b287a15-77af-487b-aef7-34d1d0ee189f: start FollowerState
2019-10-16 21:01:38,198 [Thread-1245] INFO  impl.FollowerState (FollowerState.java:run(108)) - 4b287a15-77af-487b-aef7-34d1d0ee189f@group-83C26644CFDA-FollowerState: change to CANDIDATE, lastRpcTime:90ms, electionTimeout:90ms
2019-10-16 21:01:38,199 [Thread-1245] INFO  impl.RoleInfo (RoleInfo.java:shutdownFollowerState(121)) - 4b287a15-77af-487b-aef7-34d1d0ee189f: shutdown FollowerState
2019-10-16 21:01:38,199 [Thread-1245] INFO  impl.RaftServerImpl (RaftServerImpl.java:setRole(184)) - 4b287a15-77af-487b-aef7-34d1d0ee189f@group-83C26644CFDA: changes role from  FOLLOWER to CANDIDATE at term 153 for changeToCandidate
2019-10-16 21:01:38,199 [Thread-1245] INFO  impl.RoleInfo (RoleInfo.java:updateAndGet(143)) - 4b287a15-77af-487b-aef7-34d1d0ee189f: start LeaderElection
2019-10-16 21:01:38,212 [4b287a15-77af-487b-aef7-34d1d0ee189f@group-83C26644CFDA-LeaderElection156] INFO  impl.LeaderElection (LeaderElection.java:askForVotes(178)) - 4b287a15-77af-487b-aef7-34d1d0ee189f@group-83C26644CFDA-LeaderElection156: begin an election at term 154 for -1: [4b287a15-77af-487b-aef7-34d1d0ee189f:192.168.34.38:38597, 0aa3649f-570d-46c6-937f-492d7f3a8364:192.168.34.38:33209, 4a03179f-3169-4ac7-a075-259968512ef0:192.168.34.38:45833], old=null
2019-10-16 21:01:38,214 [grpc-default-executor-1] INFO  impl.RaftServerImpl (RaftServerImpl.java:setRole(184)) - 0aa3649f-570d-46c6-937f-492d7f3a8364@group-83C26644CFDA: changes role from  FOLLOWER to FOLLOWER at term 154 for recognizeCandidate:4b287a15-77af-487b-aef7-34d1d0ee189f
2019-10-16 21:01:38,214 [grpc-default-executor-3] INFO  impl.RaftServerImpl (RaftServerImpl.java:setRole(184)) - 4a03179f-3169-4ac7-a075-259968512ef0@group-83C26644CFDA: changes role from  FOLLOWER to FOLLOWER at term 154 for recognizeCandidate:4b287a15-77af-487b-aef7-34d1d0ee189f
2019-10-16 21:01:38,214 [grpc-default-executor-1] INFO  impl.RoleInfo (RoleInfo.java:shutdownFollowerState(121)) - 0aa3649f-570d-46c6-937f-492d7f3a8364: shutdown FollowerState
2019-10-16 21:01:38,214 [grpc-default-executor-3] INFO  impl.RoleInfo (RoleInfo.java:shutdownFollowerState(121)) - 4a03179f-3169-4ac7-a075-259968512ef0: shutdown FollowerState
2019-10-16 21:01:38,215 [Thread-1243] INFO  impl.FollowerState (FollowerState.java:run(117)) - 0aa3649f-570d-46c6-937f-492d7f3a8364@group-83C26644CFDA-FollowerState was interrupted: java.lang.InterruptedException: sleep interrupted
2019-10-16 21:01:38,215 [grpc-default-executor-1] INFO  impl.RoleInfo (RoleInfo.java:updateAndGet(143)) - 0aa3649f-570d-46c6-937f-492d7f3a8364: start FollowerState
2019-10-16 21:01:38,215 [Thread-1244] INFO  impl.FollowerState (FollowerState.java:run(117)) - 4a03179f-3169-4ac7-a075-259968512ef0@group-83C26644CFDA-FollowerState was interrupted: java.lang.InterruptedException: sleep interrupted
2019-10-16 21:01:38,215 [grpc-default-executor-3] INFO  impl.RoleInfo (RoleInfo.java:updateAndGet(143)) - 4a03179f-3169-4ac7-a075-259968512ef0: start FollowerState
2019-10-16 21:01:38,231 [4b287a15-77af-487b-aef7-34d1d0ee189f@group-83C26644CFDA-LeaderElection156] INFO  impl.LeaderElection (LeaderElection.java:logAndReturn(56)) - 4b287a15-77af-487b-aef7-34d1d0ee189f@group-83C26644CFDA-LeaderElection156: Election REJECTED; received 2 response(s) [4b287a15-77af-487b-aef7-34d1d0ee189f<-0aa3649f-570d-46c6-937f-492d7f3a8364#0:FAIL-t154, 4b287a15-77af-487b-aef7-34d1d0ee189f<-4a03179f-3169-4ac7-a075-259968512ef0#0:FAIL-t154] and 0 exception(s); 4b287a15-77af-487b-aef7-34d1d0ee189f@group-83C26644CFDA:t154, leader=null, voted=4b287a15-77af-487b-aef7-34d1d0ee189f, raftlog=4b287a15-77af-487b-aef7-34d1d0ee189f@group-83C26644CFDA-SegmentedRaftLog:OPENED:c-1,f-1,i0, conf=-1: [4b287a15-77af-487b-aef7-34d1d0ee189f:192.168.34.38:38597, 0aa3649f-570d-46c6-937f-492d7f3a8364:192.168.34.38:33209, 4a03179f-3169-4ac7-a075-259968512ef0:192.168.34.38:45833], old=null
2019-10-16 21:01:38,232 [4b287a15-77af-487b-aef7-34d1d0ee189f@group-83C26644CFDA-LeaderElection156] INFO  impl.RaftServerImpl (RaftServerImpl.java:setRole(184)) - 4b287a15-77af-487b-aef7-34d1d0ee189f@group-83C26644CFDA: changes role from CANDIDATE to FOLLOWER at term 154 for DISCOVERED_A_NEW_TERM
2019-10-16 21:01:38,232 [4b287a15-77af-487b-aef7-34d1d0ee189f@group-83C26644CFDA-LeaderElection156] INFO  impl.RoleInfo (RoleInfo.java:shutdownLeaderElection(134)) - 4b287a15-77af-487b-aef7-34d1d0ee189f: shutdown LeaderElection
2019-10-16 21:01:38,232 [4b287a15-77af-487b-aef7-34d1d0ee189f@group-83C26644CFDA-LeaderElection156] INFO  impl.RoleInfo (RoleInfo.java:updateAndGet(143)) - 4b287a15-77af-487b-aef7-34d1d0ee189f: start FollowerState
2019-10-16 21:01:38,352 [main] INFO  ozone.MiniOzoneClusterImpl (MiniOzoneClusterImpl.java:lambda$waitForClusterToBeReady$2(164)) - Waiting for 1 number of pipelines out of 4, to report a leader.
2019-10-16 21:01:38,418 [Thread-1251] INFO  impl.FollowerState (FollowerState.java:run(108)) - 4b287a15-77af-487b-aef7-34d1d0ee189f@group-83C26644CFDA-FollowerState: change to CANDIDATE, lastRpcTime:186ms, electionTimeout:186ms
2019-10-16 21:01:38,418 [Thread-1251] INFO  impl.RoleInfo (RoleInfo.java:shutdownFollowerState(121)) - 4b287a15-77af-487b-aef7-34d1d0ee189f: shutdown FollowerState
2019-10-16 21:01:38,419 [Thread-1251] INFO  impl.RaftServerImpl (RaftServerImpl.java:setRole(184)) - 4b287a15-77af-487b-aef7-34d1d0ee189f@group-83C26644CFDA: changes role from  FOLLOWER to CANDIDATE at term 154 for changeToCandidate
2019-10-16 21:01:38,419 [Thread-1251] INFO  impl.RoleInfo (RoleInfo.java:updateAndGet(143)) - 4b287a15-77af-487b-aef7-34d1d0ee189f: start LeaderElection
2019-10-16 21:01:38,434 [4b287a15-77af-487b-aef7-34d1d0ee189f@group-83C26644CFDA-LeaderElection157] INFO  impl.LeaderElection (LeaderElection.java:askForVotes(178)) - 4b287a15-77af-487b-aef7-34d1d0ee189f@group-83C26644CFDA-LeaderElection157: begin an election at term 155 for -1: [4b287a15-77af-487b-aef7-34d1d0ee189f:192.168.34.38:38597, 0aa3649f-570d-46c6-937f-492d7f3a8364:192.168.34.38:33209, 4a03179f-3169-4ac7-a075-259968512ef0:192.168.34.38:45833], old=null
2019-10-16 21:01:38,436 [grpc-default-executor-3] INFO  impl.RaftServerImpl (RaftServerImpl.java:setRole(184)) - 4a03179f-3169-4ac7-a075-259968512ef0@group-83C26644CFDA: changes role from  FOLLOWER to FOLLOWER at term 155 for recognizeCandidate:4b287a15-77af-487b-aef7-34d1d0ee189f
2019-10-16 21:01:38,436 [grpc-default-executor-3] INFO  impl.RoleInfo (RoleInfo.java:shutdownFollowerState(121)) - 4a03179f-3169-4ac7-a075-259968512ef0: shutdown FollowerState
2019-10-16 21:01:38,436 [grpc-default-executor-3] INFO  impl.RoleInfo (RoleInfo.java:updateAndGet(143)) - 4a03179f-3169-4ac7-a075-259968512ef0: start FollowerState
2019-10-16 21:01:38,436 [Thread-1250] INFO  impl.FollowerState (FollowerState.java:run(117)) - 4a03179f-3169-4ac7-a075-259968512ef0@group-83C26644CFDA-FollowerState was interrupted: java.lang.InterruptedException: sleep interrupted
2019-10-16 21:01:38,436 [grpc-default-executor-1] INFO  impl.RaftServerImpl (RaftServerImpl.java:setRole(184)) - 0aa3649f-570d-46c6-937f-492d7f3a8364@group-83C26644CFDA: changes role from  FOLLOWER to FOLLOWER at term 155 for recognizeCandidate:4b287a15-77af-487b-aef7-34d1d0ee189f
2019-10-16 21:01:38,436 [grpc-default-executor-1] INFO  impl.RoleInfo (RoleInfo.java:shutdownFollowerState(121)) - 0aa3649f-570d-46c6-937f-492d7f3a8364: shutdown FollowerState
2019-10-16 21:01:38,437 [grpc-default-executor-1] INFO  impl.RoleInfo (RoleInfo.java:updateAndGet(143)) - 0aa3649f-570d-46c6-937f-492d7f3a8364: start FollowerState
2019-10-16 21:01:38,437 [Thread-1249] INFO  impl.FollowerState (FollowerState.java:run(117)) - 0aa3649f-570d-46c6-937f-492d7f3a8364@group-83C26644CFDA-FollowerState was interrupted: java.lang.InterruptedException: sleep interrupted
2019-10-16 21:01:38,450 [4b287a15-77af-487b-aef7-34d1d0ee189f@group-83C26644CFDA-LeaderElection157] INFO  impl.LeaderElection (LeaderElection.java:logAndReturn(56)) - 4b287a15-77af-487b-aef7-34d1d0ee189f@group-83C26644CFDA-LeaderElection157: Election REJECTED; received 2 response(s) [4b287a15-77af-487b-aef7-34d1d0ee189f<-0aa3649f-570d-46c6-937f-492d7f3a8364#0:FAIL-t155, 4b287a15-77af-487b-aef7-34d1d0ee189f<-4a03179f-3169-4ac7-a075-259968512ef0#0:FAIL-t155] and 0 exception(s); 4b287a15-77af-487b-aef7-34d1d0ee189f@group-83C26644CFDA:t155, leader=null, voted=4b287a15-77af-487b-aef7-34d1d0ee189f, raftlog=4b287a15-77af-487b-aef7-34d1d0ee189f@group-83C26644CFDA-SegmentedRaftLog:OPENED:c-1,f-1,i0, conf=-1: [4b287a15-77af-487b-aef7-34d1d0ee189f:192.168.34.38:38597, 0aa3649f-570d-46c6-937f-492d7f3a8364:192.168.34.38:33209, 4a03179f-3169-4ac7-a075-259968512ef0:192.168.34.38:45833], old=null
2019-10-16 21:01:38,450 [4b287a15-77af-487b-aef7-34d1d0ee189f@group-83C26644CFDA-LeaderElection157] INFO  impl.RaftServerImpl (RaftServerImpl.java:setRole(184)) - 4b287a15-77af-487b-aef7-34d1d0ee189f@group-83C26644CFDA: changes role from CANDIDATE to FOLLOWER at term 155 for DISCOVERED_A_NEW_TERM
2019-10-16 21:01:38,451 [4b287a15-77af-487b-aef7-34d1d0ee189f@group-83C26644CFDA-LeaderElection157] INFO  impl.RoleInfo (RoleInfo.java:shutdownLeaderElection(134)) - 4b287a15-77af-487b-aef7-34d1d0ee189f: shutdown LeaderElection
2019-10-16 21:01:38,451 [4b287a15-77af-487b-aef7-34d1d0ee189f@group-83C26644CFDA-LeaderElection157] INFO  impl.RoleInfo (RoleInfo.java:updateAndGet(143)) - 4b287a15-77af-487b-aef7-34d1d0ee189f: start FollowerState
2019-10-16 21:01:38,560 [Thread-1257] INFO  impl.FollowerState (FollowerState.java:run(108)) - 4b287a15-77af-487b-aef7-34d1d0ee189f@group-83C26644CFDA-FollowerState: change to CANDIDATE, lastRpcTime:109ms, electionTimeout:109ms
2019-10-16 21:01:38,560 [Thread-1257] INFO  impl.RoleInfo (RoleInfo.java:shutdownFollowerState(121)) - 4b287a15-77af-487b-aef7-34d1d0ee189f: shutdown FollowerState
2019-10-16 21:01:38,561 [Thread-1257] INFO  impl.RaftServerImpl (RaftServerImpl.java:setRole(184)) - 4b287a15-77af-487b-aef7-34d1d0ee189f@group-83C26644CFDA: changes role from  FOLLOWER to CANDIDATE at term 155 for changeToCandidate
2019-10-16 21:01:38,561 [Thread-1257] INFO  impl.RoleInfo (RoleInfo.java:updateAndGet(143)) - 4b287a15-77af-487b-aef7-34d1d0ee189f: start LeaderElection
2019-10-16 21:01:38,574 [4b287a15-77af-487b-aef7-34d1d0ee189f@group-83C26644CFDA-LeaderElection158] INFO  impl.LeaderElection (LeaderElection.java:askForVotes(178)) - 4b287a15-77af-487b-aef7-34d1d0ee189f@group-83C26644CFDA-LeaderElection158: begin an election at term 156 for -1: [4b287a15-77af-487b-aef7-34d1d0ee189f:192.168.34.38:38597, 0aa3649f-570d-46c6-937f-492d7f3a8364:192.168.34.38:33209, 4a03179f-3169-4ac7-a075-259968512ef0:192.168.34.38:45833], old=null
2019-10-16 21:01:38,576 [grpc-default-executor-3] INFO  impl.RaftServerImpl (RaftServerImpl.java:setRole(184)) - 0aa3649f-570d-46c6-937f-492d7f3a8364@group-83C26644CFDA: changes role from  FOLLOWER to FOLLOWER at term 156 for recognizeCandidate:4b287a15-77af-487b-aef7-34d1d0ee189f
2019-10-16 21:01:38,576 [grpc-default-executor-1] INFO  impl.RaftServerImpl (RaftServerImpl.java:setRole(184)) - 4a03179f-3169-4ac7-a075-259968512ef0@group-83C26644CFDA: changes role from  FOLLOWER to FOLLOWER at term 156 for recognizeCandidate:4b287a15-77af-487b-aef7-34d1d0ee189f
2019-10-16 21:01:38,576 [grpc-default-executor-3] INFO  impl.RoleInfo (RoleInfo.java:shutdownFollowerState(121)) - 0aa3649f-570d-46c6-937f-492d7f3a8364: shutdown FollowerState
2019-10-16 21:01:38,577 [grpc-default-executor-1] INFO  impl.RoleInfo (RoleInfo.java:shutdownFollowerState(121)) - 4a03179f-3169-4ac7-a075-259968512ef0: shutdown FollowerState
2019-10-16 21:01:38,577 [Thread-1256] INFO  impl.FollowerState (FollowerState.java:run(117)) - 0aa3649f-570d-46c6-937f-492d7f3a8364@group-83C26644CFDA-FollowerState was interrupted: java.lang.InterruptedException: sleep interrupted
2019-10-16 21:01:38,577 [grpc-default-executor-3] INFO  impl.RoleInfo (RoleInfo.java:updateAndGet(143)) - 0aa3649f-570d-46c6-937f-492d7f3a8364: start FollowerState
2019-10-16 21:01:38,577 [Thread-1255] INFO  impl.FollowerState (FollowerState.java:run(117)) - 4a03179f-3169-4ac7-a075-259968512ef0@group-83C26644CFDA-FollowerState was interrupted: java.lang.InterruptedException: sleep interrupted
2019-10-16 21:01:38,577 [grpc-default-executor-1] INFO  impl.RoleInfo (RoleInfo.java:updateAndGet(143)) - 4a03179f-3169-4ac7-a075-259968512ef0: start FollowerState
2019-10-16 21:01:38,592 [4b287a15-77af-487b-aef7-34d1d0ee189f@group-83C26644CFDA-LeaderElection158] INFO  impl.LeaderElection (LeaderElection.java:logAndReturn(56)) - 4b287a15-77af-487b-aef7-34d1d0ee189f@group-83C26644CFDA-LeaderElection158: Election REJECTED; received 2 response(s) [4b287a15-77af-487b-aef7-34d1d0ee189f<-0aa3649f-570d-46c6-937f-492d7f3a8364#0:FAIL-t156, 4b287a15-77af-487b-aef7-34d1d0ee189f<-4a03179f-3169-4ac7-a075-259968512ef0#0:FAIL-t156] and 0 exception(s); 4b287a15-77af-487b-aef7-34d1d0ee189f@group-83C26644CFDA:t156, leader=null, voted=4b287a15-77af-487b-aef7-34d1d0ee189f, raftlog=4b287a15-77af-487b-aef7-34d1d0ee189f@group-83C26644CFDA-SegmentedRaftLog:OPENED:c-1,f-1,i0, conf=-1: [4b287a15-77af-487b-aef7-34d1d0ee189f:192.168.34.38:38597, 0aa3649f-570d-46c6-937f-492d7f3a8364:192.168.34.38:33209, 4a03179f-3169-4ac7-a075-259968512ef0:192.168.34.38:45833], old=null
2019-10-16 21:01:38,592 [4b287a15-77af-487b-aef7-34d1d0ee189f@group-83C26644CFDA-LeaderElection158] INFO  impl.RaftServerImpl (RaftServerImpl.java:setRole(184)) - 4b287a15-77af-487b-aef7-34d1d0ee189f@group-83C26644CFDA: changes role from CANDIDATE to FOLLOWER at term 156 for DISCOVERED_A_NEW_TERM
2019-10-16 21:01:38,592 [4b287a15-77af-487b-aef7-34d1d0ee189f@group-83C26644CFDA-LeaderElection158] INFO  impl.RoleInfo (RoleInfo.java:shutdownLeaderElection(134)) - 4b287a15-77af-487b-aef7-34d1d0ee189f: shutdown LeaderElection
2019-10-16 21:01:38,592 [4b287a15-77af-487b-aef7-34d1d0ee189f@group-83C26644CFDA-LeaderElection158] INFO  impl.RoleInfo (RoleInfo.java:updateAndGet(143)) - 4b287a15-77af-487b-aef7-34d1d0ee189f: start FollowerState
2019-10-16 21:01:38,673 [Thread-1263] INFO  impl.FollowerState (FollowerState.java:run(108)) - 4b287a15-77af-487b-aef7-34d1d0ee189f@group-83C26644CFDA-FollowerState: change to CANDIDATE, lastRpcTime:81ms, electionTimeout:81ms
2019-10-16 21:01:38,674 [Thread-1263] INFO  impl.RoleInfo (RoleInfo.java:shutdownFollowerState(121)) - 4b287a15-77af-487b-aef7-34d1d0ee189f: shutdown FollowerState
2019-10-16 21:01:38,674 [Thread-1263] INFO  impl.RaftServerImpl (RaftServerImpl.java:setRole(184)) - 4b287a15-77af-487b-aef7-34d1d0ee189f@group-83C26644CFDA: changes role from  FOLLOWER to CANDIDATE at term 156 for changeToCandidate
2019-10-16 21:01:38,674 [Thread-1263] INFO  impl.RoleInfo (RoleInfo.java:updateAndGet(143)) - 4b287a15-77af-487b-aef7-34d1d0ee189f: start LeaderElection
2019-10-16 21:01:38,686 [4b287a15-77af-487b-aef7-34d1d0ee189f@group-83C26644CFDA-LeaderElection159] INFO  impl.LeaderElection (LeaderElection.java:askForVotes(178)) - 4b287a15-77af-487b-aef7-34d1d0ee189f@group-83C26644CFDA-LeaderElection159: begin an election at term 157 for -1: [4b287a15-77af-487b-aef7-34d1d0ee189f:192.168.34.38:38597, 0aa3649f-570d-46c6-937f-492d7f3a8364:192.168.34.38:33209, 4a03179f-3169-4ac7-a075-259968512ef0:192.168.34.38:45833], old=null
2019-10-16 21:01:38,688 [grpc-default-executor-1] INFO  impl.RaftServerImpl (RaftServerImpl.java:setRole(184)) - 4a03179f-3169-4ac7-a075-259968512ef0@group-83C26644CFDA: changes role from  FOLLOWER to FOLLOWER at term 157 for recognizeCandidate:4b287a15-77af-487b-aef7-34d1d0ee189f
2019-10-16 21:01:38,688 [grpc-default-executor-3] INFO  impl.RaftServerImpl (RaftServerImpl.java:setRole(184)) - 0aa3649f-570d-46c6-937f-492d7f3a8364@group-83C26644CFDA: changes role from  FOLLOWER to FOLLOWER at term 157 for recognizeCandidate:4b287a15-77af-487b-aef7-34d1d0ee189f
2019-10-16 21:01:38,688 [grpc-default-executor-1] INFO  impl.RoleInfo (RoleInfo.java:shutdownFollowerState(121)) - 4a03179f-3169-4ac7-a075-259968512ef0: shutdown FollowerState
2019-10-16 21:01:38,688 [grpc-default-executor-3] INFO  impl.RoleInfo (RoleInfo.java:shutdownFollowerState(121)) - 0aa3649f-570d-46c6-937f-492d7f3a8364: shutdown FollowerState
2019-10-16 21:01:38,688 [Thread-1262] INFO  impl.FollowerState (FollowerState.java:run(117)) - 4a03179f-3169-4ac7-a075-259968512ef0@group-83C26644CFDA-FollowerState was interrupted: java.lang.InterruptedException: sleep interrupted
2019-10-16 21:01:38,688 [grpc-default-executor-1] INFO  impl.RoleInfo (RoleInfo.java:updateAndGet(143)) - 4a03179f-3169-4ac7-a075-259968512ef0: start FollowerState
2019-10-16 21:01:38,688 [grpc-default-executor-3] INFO  impl.RoleInfo (RoleInfo.java:updateAndGet(143)) - 0aa3649f-570d-46c6-937f-492d7f3a8364: start FollowerState
2019-10-16 21:01:38,688 [Thread-1261] INFO  impl.FollowerState (FollowerState.java:run(117)) - 0aa3649f-570d-46c6-937f-492d7f3a8364@group-83C26644CFDA-FollowerState was interrupted: java.lang.InterruptedException: sleep interrupted
2019-10-16 21:01:38,703 [4b287a15-77af-487b-aef7-34d1d0ee189f@group-83C26644CFDA-LeaderElection159] INFO  impl.LeaderElection (LeaderElection.java:logAndReturn(56)) - 4b287a15-77af-487b-aef7-34d1d0ee189f@group-83C26644CFDA-LeaderElection159: Election REJECTED; received 2 response(s) [4b287a15-77af-487b-aef7-34d1d0ee189f<-0aa3649f-570d-46c6-937f-492d7f3a8364#0:FAIL-t157, 4b287a15-77af-487b-aef7-34d1d0ee189f<-4a03179f-3169-4ac7-a075-259968512ef0#0:FAIL-t157] and 0 exception(s); 4b287a15-77af-487b-aef7-34d1d0ee189f@group-83C26644CFDA:t157, leader=null, voted=4b287a15-77af-487b-aef7-34d1d0ee189f, raftlog=4b287a15-77af-487b-aef7-34d1d0ee189f@group-83C26644CFDA-SegmentedRaftLog:OPENED:c-1,f-1,i0, conf=-1: [4b287a15-77af-487b-aef7-34d1d0ee189f:192.168.34.38:38597, 0aa3649f-570d-46c6-937f-492d7f3a8364:192.168.34.38:33209, 4a03179f-3169-4ac7-a075-259968512ef0:192.168.34.38:45833], old=null
2019-10-16 21:01:38,703 [4b287a15-77af-487b-aef7-34d1d0ee189f@group-83C26644CFDA-LeaderElection159] INFO  impl.RaftServerImpl (RaftServerImpl.java:setRole(184)) - 4b287a15-77af-487b-aef7-34d1d0ee189f@group-83C26644CFDA: changes role from CANDIDATE to FOLLOWER at term 157 for DISCOVERED_A_NEW_TERM
2019-10-16 21:01:38,703 [4b287a15-77af-487b-aef7-34d1d0ee189f@group-83C26644CFDA-LeaderElection159] INFO  impl.RoleInfo (RoleInfo.java:shutdownLeaderElection(134)) - 4b287a15-77af-487b-aef7-34d1d0ee189f: shutdown LeaderElection
2019-10-16 21:01:38,703 [4b287a15-77af-487b-aef7-34d1d0ee189f@group-83C26644CFDA-LeaderElection159] INFO  impl.RoleInfo (RoleInfo.java:updateAndGet(143)) - 4b287a15-77af-487b-aef7-34d1d0ee189f: start FollowerState
2019-10-16 21:01:38,736 [Thread-1269] INFO  impl.FollowerState (FollowerState.java:run(108)) - 4b287a15-77af-487b-aef7-34d1d0ee189f@group-83C26644CFDA-FollowerState: change to CANDIDATE, lastRpcTime:33ms, electionTimeout:33ms
2019-10-16 21:01:38,736 [Thread-1269] INFO  impl.RoleInfo (RoleInfo.java:shutdownFollowerState(121)) - 4b287a15-77af-487b-aef7-34d1d0ee189f: shutdown FollowerState
2019-10-16 21:01:38,736 [Thread-1269] INFO  impl.RaftServerImpl (RaftServerImpl.java:setRole(184)) - 4b287a15-77af-487b-aef7-34d1d0ee189f@group-83C26644CFDA: changes role from  FOLLOWER to CANDIDATE at term 157 for changeToCandidate
2019-10-16 21:01:38,737 [Thread-1269] INFO  impl.RoleInfo (RoleInfo.java:updateAndGet(143)) - 4b287a15-77af-487b-aef7-34d1d0ee189f: start LeaderElection
2019-10-16 21:01:38,752 [4b287a15-77af-487b-aef7-34d1d0ee189f@group-83C26644CFDA-LeaderElection160] INFO  impl.LeaderElection (LeaderElection.java:askForVotes(178)) - 4b287a15-77af-487b-aef7-34d1d0ee189f@group-83C26644CFDA-LeaderElection160: begin an election at term 158 for -1: [4b287a15-77af-487b-aef7-34d1d0ee189f:192.168.34.38:38597, 0aa3649f-570d-46c6-937f-492d7f3a8364:192.168.34.38:33209, 4a03179f-3169-4ac7-a075-259968512ef0:192.168.34.38:45833], old=null
2019-10-16 21:01:38,754 [grpc-default-executor-3] INFO  impl.RaftServerImpl (RaftServerImpl.java:setRole(184)) - 0aa3649f-570d-46c6-937f-492d7f3a8364@group-83C26644CFDA: changes role from  FOLLOWER to FOLLOWER at term 158 for recognizeCandidate:4b287a15-77af-487b-aef7-34d1d0ee189f
2019-10-16 21:01:38,754 [grpc-default-executor-1] INFO  impl.RaftServerImpl (RaftServerImpl.java:setRole(184)) - 4a03179f-3169-4ac7-a075-259968512ef0@group-83C26644CFDA: changes role from  FOLLOWER to FOLLOWER at term 158 for recognizeCandidate:4b287a15-77af-487b-aef7-34d1d0ee189f
2019-10-16 21:01:38,754 [grpc-default-executor-3] INFO  impl.RoleInfo (RoleInfo.java:shutdownFollowerState(121)) - 0aa3649f-570d-46c6-937f-492d7f3a8364: shutdown FollowerState
2019-10-16 21:01:38,754 [grpc-default-executor-1] INFO  impl.RoleInfo (RoleInfo.java:shutdownFollowerState(121)) - 4a03179f-3169-4ac7-a075-259968512ef0: shutdown FollowerState
2019-10-16 21:01:38,754 [Thread-1268] INFO  impl.FollowerState (FollowerState.java:run(117)) - 0aa3649f-570d-46c6-937f-492d7f3a8364@group-83C26644CFDA-FollowerState was interrupted: java.lang.InterruptedException: sleep interrupted
2019-10-16 21:01:38,754 [grpc-default-executor-3] INFO  impl.RoleInfo (RoleInfo.java:updateAndGet(143)) - 0aa3649f-570d-46c6-937f-492d7f3a8364: start FollowerState
2019-10-16 21:01:38,754 [Thread-1267] INFO  impl.FollowerState (FollowerState.java:run(117)) - 4a03179f-3169-4ac7-a075-259968512ef0@group-83C26644CFDA-FollowerState was interrupted: java.lang.InterruptedException: sleep interrupted
2019-10-16 21:01:38,754 [grpc-default-executor-1] INFO  impl.RoleInfo (RoleInfo.java:updateAndGet(143)) - 4a03179f-3169-4ac7-a075-259968512ef0: start FollowerState
2019-10-16 21:01:38,768 [4b287a15-77af-487b-aef7-34d1d0ee189f@group-83C26644CFDA-LeaderElection160] INFO  impl.LeaderElection (LeaderElection.java:logAndReturn(56)) - 4b287a15-77af-487b-aef7-34d1d0ee189f@group-83C26644CFDA-LeaderElection160: Election REJECTED; received 2 response(s) [4b287a15-77af-487b-aef7-34d1d0ee189f<-0aa3649f-570d-46c6-937f-492d7f3a8364#0:FAIL-t158, 4b287a15-77af-487b-aef7-34d1d0ee189f<-4a03179f-3169-4ac7-a075-259968512ef0#0:FAIL-t158] and 0 exception(s); 4b287a15-77af-487b-aef7-34d1d0ee189f@group-83C26644CFDA:t158, leader=null, voted=4b287a15-77af-487b-aef7-34d1d0ee189f, raftlog=4b287a15-77af-487b-aef7-34d1d0ee189f@group-83C26644CFDA-SegmentedRaftLog:OPENED:c-1,f-1,i0, conf=-1: [4b287a15-77af-487b-aef7-34d1d0ee189f:192.168.34.38:38597, 0aa3649f-570d-46c6-937f-492d7f3a8364:192.168.34.38:33209, 4a03179f-3169-4ac7-a075-259968512ef0:192.168.34.38:45833], old=null
2019-10-16 21:01:38,768 [4b287a15-77af-487b-aef7-34d1d0ee189f@group-83C26644CFDA-LeaderElection160] INFO  impl.RaftServerImpl (RaftServerImpl.java:setRole(184)) - 4b287a15-77af-487b-aef7-34d1d0ee189f@group-83C26644CFDA: changes role from CANDIDATE to FOLLOWER at term 158 for DISCOVERED_A_NEW_TERM
2019-10-16 21:01:38,768 [4b287a15-77af-487b-aef7-34d1d0ee189f@group-83C26644CFDA-LeaderElection160] INFO  impl.RoleInfo (RoleInfo.java:shutdownLeaderElection(134)) - 4b287a15-77af-487b-aef7-34d1d0ee189f: shutdown LeaderElection
2019-10-16 21:01:38,768 [4b287a15-77af-487b-aef7-34d1d0ee189f@group-83C26644CFDA-LeaderElection160] INFO  impl.RoleInfo (RoleInfo.java:updateAndGet(143)) - 4b287a15-77af-487b-aef7-34d1d0ee189f: start FollowerState
2019-10-16 21:01:38,930 [Thread-1275] INFO  impl.FollowerState (FollowerState.java:run(108)) - 4b287a15-77af-487b-aef7-34d1d0ee189f@group-83C26644CFDA-FollowerState: change to CANDIDATE, lastRpcTime:161ms, electionTimeout:161ms
2019-10-16 21:01:38,930 [Thread-1275] INFO  impl.RoleInfo (RoleInfo.java:shutdownFollowerState(121)) - 4b287a15-77af-487b-aef7-34d1d0ee189f: shutdown FollowerState
2019-10-16 21:01:38,930 [Thread-1275] INFO  impl.RaftServerImpl (RaftServerImpl.java:setRole(184)) - 4b287a15-77af-487b-aef7-34d1d0ee189f@group-83C26644CFDA: changes role from  FOLLOWER to CANDIDATE at term 158 for changeToCandidate
2019-10-16 21:01:38,931 [Thread-1275] INFO  impl.RoleInfo (RoleInfo.java:updateAndGet(143)) - 4b287a15-77af-487b-aef7-34d1d0ee189f: start LeaderElection
2019-10-16 21:01:38,944 [4b287a15-77af-487b-aef7-34d1d0ee189f@group-83C26644CFDA-LeaderElection161] INFO  impl.LeaderElection (LeaderElection.java:askForVotes(178)) - 4b287a15-77af-487b-aef7-34d1d0ee189f@group-83C26644CFDA-LeaderElection161: begin an election at term 159 for -1: [4b287a15-77af-487b-aef7-34d1d0ee189f:192.168.34.38:38597, 0aa3649f-570d-46c6-937f-492d7f3a8364:192.168.34.38:33209, 4a03179f-3169-4ac7-a075-259968512ef0:192.168.34.38:45833], old=null
2019-10-16 21:01:38,947 [grpc-default-executor-3] INFO  impl.RaftServerImpl (RaftServerImpl.java:setRole(184)) - 4a03179f-3169-4ac7-a075-259968512ef0@group-83C26644CFDA: changes role from  FOLLOWER to FOLLOWER at term 159 for recognizeCandidate:4b287a15-77af-487b-aef7-34d1d0ee189f
2019-10-16 21:01:38,947 [grpc-default-executor-3] INFO  impl.RoleInfo (RoleInfo.java:shutdownFollowerState(121)) - 4a03179f-3169-4ac7-a075-259968512ef0: shutdown FollowerState
2019-10-16 21:01:38,947 [grpc-default-executor-3] INFO  impl.RoleInfo (RoleInfo.java:updateAndGet(143)) - 4a03179f-3169-4ac7-a075-259968512ef0: start FollowerState
2019-10-16 21:01:38,947 [Thread-1274] INFO  impl.FollowerState (FollowerState.java:run(117)) - 4a03179f-3169-4ac7-a075-259968512ef0@group-83C26644CFDA-FollowerState was interrupted: java.lang.InterruptedException: sleep interrupted
2019-10-16 21:01:38,948 [grpc-default-executor-1] INFO  impl.RaftServerImpl (RaftServerImpl.java:setRole(184)) - 0aa3649f-570d-46c6-937f-492d7f3a8364@group-83C26644CFDA: changes role from  FOLLOWER to FOLLOWER at term 159 for recognizeCandidate:4b287a15-77af-487b-aef7-34d1d0ee189f
2019-10-16 21:01:38,949 [grpc-default-executor-1] INFO  impl.RoleInfo (RoleInfo.java:shutdownFollowerState(121)) - 0aa3649f-570d-46c6-937f-492d7f3a8364: shutdown FollowerState
2019-10-16 21:01:38,949 [grpc-default-executor-1] INFO  impl.RoleInfo (RoleInfo.java:updateAndGet(143)) - 0aa3649f-570d-46c6-937f-492d7f3a8364: start FollowerState
2019-10-16 21:01:38,949 [Thread-1273] INFO  impl.FollowerState (FollowerState.java:run(117)) - 0aa3649f-570d-46c6-937f-492d7f3a8364@group-83C26644CFDA-FollowerState was interrupted: java.lang.InterruptedException: sleep interrupted
2019-10-16 21:01:38,962 [4b287a15-77af-487b-aef7-34d1d0ee189f@group-83C26644CFDA-LeaderElection161] INFO  impl.LeaderElection (LeaderElection.java:logAndReturn(56)) - 4b287a15-77af-487b-aef7-34d1d0ee189f@group-83C26644CFDA-LeaderElection161: Election REJECTED; received 2 response(s) [4b287a15-77af-487b-aef7-34d1d0ee189f<-0aa3649f-570d-46c6-937f-492d7f3a8364#0:FAIL-t159, 4b287a15-77af-487b-aef7-34d1d0ee189f<-4a03179f-3169-4ac7-a075-259968512ef0#0:FAIL-t159] and 0 exception(s); 4b287a15-77af-487b-aef7-34d1d0ee189f@group-83C26644CFDA:t159, leader=null, voted=4b287a15-77af-487b-aef7-34d1d0ee189f, raftlog=4b287a15-77af-487b-aef7-34d1d0ee189f@group-83C26644CFDA-SegmentedRaftLog:OPENED:c-1,f-1,i0, conf=-1: [4b287a15-77af-487b-aef7-34d1d0ee189f:192.168.34.38:38597, 0aa3649f-570d-46c6-937f-492d7f3a8364:192.168.34.38:33209, 4a03179f-3169-4ac7-a075-259968512ef0:192.168.34.38:45833], old=null
2019-10-16 21:01:38,962 [4b287a15-77af-487b-aef7-34d1d0ee189f@group-83C26644CFDA-LeaderElection161] INFO  impl.RaftServerImpl (RaftServerImpl.java:setRole(184)) - 4b287a15-77af-487b-aef7-34d1d0ee189f@group-83C26644CFDA: changes role from CANDIDATE to FOLLOWER at term 159 for DISCOVERED_A_NEW_TERM
2019-10-16 21:01:38,962 [4b287a15-77af-487b-aef7-34d1d0ee189f@group-83C26644CFDA-LeaderElection161] INFO  impl.RoleInfo (RoleInfo.java:shutdownLeaderElection(134)) - 4b287a15-77af-487b-aef7-34d1d0ee189f: shutdown LeaderElection
2019-10-16 21:01:38,962 [4b287a15-77af-487b-aef7-34d1d0ee189f@group-83C26644CFDA-LeaderElection161] INFO  impl.RoleInfo (RoleInfo.java:updateAndGet(143)) - 4b287a15-77af-487b-aef7-34d1d0ee189f: start FollowerState
2019-10-16 21:01:39,052 [Thread-1281] INFO  impl.FollowerState (FollowerState.java:run(108)) - 4b287a15-77af-487b-aef7-34d1d0ee189f@group-83C26644CFDA-FollowerState: change to CANDIDATE, lastRpcTime:89ms, electionTimeout:89ms
2019-10-16 21:01:39,052 [Thread-1281] INFO  impl.RoleInfo (RoleInfo.java:shutdownFollowerState(121)) - 4b287a15-77af-487b-aef7-34d1d0ee189f: shutdown FollowerState
2019-10-16 21:01:39,052 [Thread-1281] INFO  impl.RaftServerImpl (RaftServerImpl.java:setRole(184)) - 4b287a15-77af-487b-aef7-34d1d0ee189f@group-83C26644CFDA: changes role from  FOLLOWER to CANDIDATE at term 159 for changeToCandidate
2019-10-16 21:01:39,052 [Thread-1281] INFO  impl.RoleInfo (RoleInfo.java:updateAndGet(143)) - 4b287a15-77af-487b-aef7-34d1d0ee189f: start LeaderElection
2019-10-16 21:01:39,066 [4b287a15-77af-487b-aef7-34d1d0ee189f@group-83C26644CFDA-LeaderElection162] INFO  impl.LeaderElection (LeaderElection.java:askForVotes(178)) - 4b287a15-77af-487b-aef7-34d1d0ee189f@group-83C26644CFDA-LeaderElection162: begin an election at term 160 for -1: [4b287a15-77af-487b-aef7-34d1d0ee189f:192.168.34.38:38597, 0aa3649f-570d-46c6-937f-492d7f3a8364:192.168.34.38:33209, 4a03179f-3169-4ac7-a075-259968512ef0:192.168.34.38:45833], old=null
2019-10-16 21:01:39,068 [grpc-default-executor-3] INFO  impl.RaftServerImpl (RaftServerImpl.java:setRole(184)) - 0aa3649f-570d-46c6-937f-492d7f3a8364@group-83C26644CFDA: changes role from  FOLLOWER to FOLLOWER at term 160 for recognizeCandidate:4b287a15-77af-487b-aef7-34d1d0ee189f
2019-10-16 21:01:39,068 [grpc-default-executor-3] INFO  impl.RoleInfo (RoleInfo.java:shutdownFollowerState(121)) - 0aa3649f-570d-46c6-937f-492d7f3a8364: shutdown FollowerState
2019-10-16 21:01:39,068 [grpc-default-executor-1] INFO  impl.RaftServerImpl (RaftServerImpl.java:setRole(184)) - 4a03179f-3169-4ac7-a075-259968512ef0@group-83C26644CFDA: changes role from  FOLLOWER to FOLLOWER at term 160 for recognizeCandidate:4b287a15-77af-487b-aef7-34d1d0ee189f
2019-10-16 21:01:39,068 [Thread-1280] INFO  impl.FollowerState (FollowerState.java:run(117)) - 0aa3649f-570d-46c6-937f-492d7f3a8364@group-83C26644CFDA-FollowerState was interrupted: java.lang.InterruptedException: sleep interrupted
2019-10-16 21:01:39,068 [grpc-default-executor-3] INFO  impl.RoleInfo (RoleInfo.java:updateAndGet(143)) - 0aa3649f-570d-46c6-937f-492d7f3a8364: start FollowerState
2019-10-16 21:01:39,068 [grpc-default-executor-1] INFO  impl.RoleInfo (RoleInfo.java:shutdownFollowerState(121)) - 4a03179f-3169-4ac7-a075-259968512ef0: shutdown FollowerState
2019-10-16 21:01:39,069 [grpc-default-executor-1] INFO  impl.RoleInfo (RoleInfo.java:updateAndGet(143)) - 4a03179f-3169-4ac7-a075-259968512ef0: start FollowerState
2019-10-16 21:01:39,069 [Thread-1279] INFO  impl.FollowerState (FollowerState.java:run(117)) - 4a03179f-3169-4ac7-a075-259968512ef0@group-83C26644CFDA-FollowerState was interrupted: java.lang.InterruptedException: sleep interrupted
2019-10-16 21:01:39,082 [4b287a15-77af-487b-aef7-34d1d0ee189f@group-83C26644CFDA-LeaderElection162] INFO  impl.LeaderElection (LeaderElection.java:logAndReturn(56)) - 4b287a15-77af-487b-aef7-34d1d0ee189f@group-83C26644CFDA-LeaderElection162: Election REJECTED; received 2 response(s) [4b287a15-77af-487b-aef7-34d1d0ee189f<-0aa3649f-570d-46c6-937f-492d7f3a8364#0:FAIL-t160, 4b287a15-77af-487b-aef7-34d1d0ee189f<-4a03179f-3169-4ac7-a075-259968512ef0#0:FAIL-t160] and 0 exception(s); 4b287a15-77af-487b-aef7-34d1d0ee189f@group-83C26644CFDA:t160, leader=null, voted=4b287a15-77af-487b-aef7-34d1d0ee189f, raftlog=4b287a15-77af-487b-aef7-34d1d0ee189f@group-83C26644CFDA-SegmentedRaftLog:OPENED:c-1,f-1,i0, conf=-1: [4b287a15-77af-487b-aef7-34d1d0ee189f:192.168.34.38:38597, 0aa3649f-570d-46c6-937f-492d7f3a8364:192.168.34.38:33209, 4a03179f-3169-4ac7-a075-259968512ef0:192.168.34.38:45833], old=null
2019-10-16 21:01:39,082 [4b287a15-77af-487b-aef7-34d1d0ee189f@group-83C26644CFDA-LeaderElection162] INFO  impl.RaftServerImpl (RaftServerImpl.java:setRole(184)) - 4b287a15-77af-487b-aef7-34d1d0ee189f@group-83C26644CFDA: changes role from CANDIDATE to FOLLOWER at term 160 for DISCOVERED_A_NEW_TERM
2019-10-16 21:01:39,082 [4b287a15-77af-487b-aef7-34d1d0ee189f@group-83C26644CFDA-LeaderElection162] INFO  impl.RoleInfo (RoleInfo.java:shutdownLeaderElection(134)) - 4b287a15-77af-487b-aef7-34d1d0ee189f: shutdown LeaderElection
2019-10-16 21:01:39,082 [4b287a15-77af-487b-aef7-34d1d0ee189f@group-83C26644CFDA-LeaderElection162] INFO  impl.RoleInfo (RoleInfo.java:updateAndGet(143)) - 4b287a15-77af-487b-aef7-34d1d0ee189f: start FollowerState
2019-10-16 21:01:39,132 [Thread-1287] INFO  impl.FollowerState (FollowerState.java:run(108)) - 4b287a15-77af-487b-aef7-34d1d0ee189f@group-83C26644CFDA-FollowerState: change to CANDIDATE, lastRpcTime:50ms, electionTimeout:50ms
2019-10-16 21:01:39,133 [Thread-1287] INFO  impl.RoleInfo (RoleInfo.java:shutdownFollowerState(121)) - 4b287a15-77af-487b-aef7-34d1d0ee189f: shutdown FollowerState
2019-10-16 21:01:39,133 [Thread-1287] INFO  impl.RaftServerImpl (RaftServerImpl.java:setRole(184)) - 4b287a15-77af-487b-aef7-34d1d0ee189f@group-83C26644CFDA: changes role from  FOLLOWER to CANDIDATE at term 160 for changeToCandidate
2019-10-16 21:01:39,133 [Thread-1287] INFO  impl.RoleInfo (RoleInfo.java:updateAndGet(143)) - 4b287a15-77af-487b-aef7-34d1d0ee189f: start LeaderElection
2019-10-16 21:01:39,147 [4b287a15-77af-487b-aef7-34d1d0ee189f@group-83C26644CFDA-LeaderElection163] INFO  impl.LeaderElection (LeaderElection.java:askForVotes(178)) - 4b287a15-77af-487b-aef7-34d1d0ee189f@group-83C26644CFDA-LeaderElection163: begin an election at term 161 for -1: [4b287a15-77af-487b-aef7-34d1d0ee189f:192.168.34.38:38597, 0aa3649f-570d-46c6-937f-492d7f3a8364:192.168.34.38:33209, 4a03179f-3169-4ac7-a075-259968512ef0:192.168.34.38:45833], old=null
2019-10-16 21:01:39,150 [grpc-default-executor-3] INFO  impl.RaftServerImpl (RaftServerImpl.java:setRole(184)) - 4a03179f-3169-4ac7-a075-259968512ef0@group-83C26644CFDA: changes role from  FOLLOWER to FOLLOWER at term 161 for recognizeCandidate:4b287a15-77af-487b-aef7-34d1d0ee189f
2019-10-16 21:01:39,150 [grpc-default-executor-1] INFO  impl.RaftServerImpl (RaftServerImpl.java:setRole(184)) - 0aa3649f-570d-46c6-937f-492d7f3a8364@group-83C26644CFDA: changes role from  FOLLOWER to FOLLOWER at term 161 for recognizeCandidate:4b287a15-77af-487b-aef7-34d1d0ee189f
2019-10-16 21:01:39,150 [grpc-default-executor-3] INFO  impl.RoleInfo (RoleInfo.java:shutdownFollowerState(121)) - 4a03179f-3169-4ac7-a075-259968512ef0: shutdown FollowerState
2019-10-16 21:01:39,150 [grpc-default-executor-1] INFO  impl.RoleInfo (RoleInfo.java:shutdownFollowerState(121)) - 0aa3649f-570d-46c6-937f-492d7f3a8364: shutdown FollowerState
2019-10-16 21:01:39,150 [Thread-1286] INFO  impl.FollowerState (FollowerState.java:run(117)) - 4a03179f-3169-4ac7-a075-259968512ef0@group-83C26644CFDA-FollowerState was interrupted: java.lang.InterruptedException: sleep interrupted
2019-10-16 21:01:39,150 [grpc-default-executor-3] INFO  impl.RoleInfo (RoleInfo.java:updateAndGet(143)) - 4a03179f-3169-4ac7-a075-259968512ef0: start FollowerState
2019-10-16 21:01:39,150 [Thread-1285] INFO  impl.FollowerState (FollowerState.java:run(117)) - 0aa3649f-570d-46c6-937f-492d7f3a8364@group-83C26644CFDA-FollowerState was interrupted: java.lang.InterruptedException: sleep interrupted
2019-10-16 21:01:39,150 [grpc-default-executor-1] INFO  impl.RoleInfo (RoleInfo.java:updateAndGet(143)) - 0aa3649f-570d-46c6-937f-492d7f3a8364: start FollowerState
2019-10-16 21:01:39,176 [4b287a15-77af-487b-aef7-34d1d0ee189f@group-83C26644CFDA-LeaderElection163] INFO  impl.LeaderElection (LeaderElection.java:logAndReturn(56)) - 4b287a15-77af-487b-aef7-34d1d0ee189f@group-83C26644CFDA-LeaderElection163: Election REJECTED; received 2 response(s) [4b287a15-77af-487b-aef7-34d1d0ee189f<-0aa3649f-570d-46c6-937f-492d7f3a8364#0:FAIL-t161, 4b287a15-77af-487b-aef7-34d1d0ee189f<-4a03179f-3169-4ac7-a075-259968512ef0#0:FAIL-t161] and 0 exception(s); 4b287a15-77af-487b-aef7-34d1d0ee189f@group-83C26644CFDA:t161, leader=null, voted=4b287a15-77af-487b-aef7-34d1d0ee189f, raftlog=4b287a15-77af-487b-aef7-34d1d0ee189f@group-83C26644CFDA-SegmentedRaftLog:OPENED:c-1,f-1,i0, conf=-1: [4b287a15-77af-487b-aef7-34d1d0ee189f:192.168.34.38:38597, 0aa3649f-570d-46c6-937f-492d7f3a8364:192.168.34.38:33209, 4a03179f-3169-4ac7-a075-259968512ef0:192.168.34.38:45833], old=null
2019-10-16 21:01:39,176 [4b287a15-77af-487b-aef7-34d1d0ee189f@group-83C26644CFDA-LeaderElection163] INFO  impl.RaftServerImpl (RaftServerImpl.java:setRole(184)) - 4b287a15-77af-487b-aef7-34d1d0ee189f@group-83C26644CFDA: changes role from CANDIDATE to FOLLOWER at term 161 for DISCOVERED_A_NEW_TERM
2019-10-16 21:01:39,176 [4b287a15-77af-487b-aef7-34d1d0ee189f@group-83C26644CFDA-LeaderElection163] INFO  impl.RoleInfo (RoleInfo.java:shutdownLeaderElection(134)) - 4b287a15-77af-487b-aef7-34d1d0ee189f: shutdown LeaderElection
2019-10-16 21:01:39,176 [4b287a15-77af-487b-aef7-34d1d0ee189f@group-83C26644CFDA-LeaderElection163] INFO  impl.RoleInfo (RoleInfo.java:updateAndGet(143)) - 4b287a15-77af-487b-aef7-34d1d0ee189f: start FollowerState
2019-10-16 21:01:39,182 [Thread-1293] INFO  impl.FollowerState (FollowerState.java:run(108)) - 4b287a15-77af-487b-aef7-34d1d0ee189f@group-83C26644CFDA-FollowerState: change to CANDIDATE, lastRpcTime:5ms, electionTimeout:5ms
2019-10-16 21:01:39,182 [Thread-1293] INFO  impl.RoleInfo (RoleInfo.java:shutdownFollowerState(121)) - 4b287a15-77af-487b-aef7-34d1d0ee189f: shutdown FollowerState
2019-10-16 21:01:39,182 [Thread-1293] INFO  impl.RaftServerImpl (RaftServerImpl.java:setRole(184)) - 4b287a15-77af-487b-aef7-34d1d0ee189f@group-83C26644CFDA: changes role from  FOLLOWER to CANDIDATE at term 161 for changeToCandidate
2019-10-16 21:01:39,182 [Thread-1293] INFO  impl.RoleInfo (RoleInfo.java:updateAndGet(143)) - 4b287a15-77af-487b-aef7-34d1d0ee189f: start LeaderElection
2019-10-16 21:01:39,196 [4b287a15-77af-487b-aef7-34d1d0ee189f@group-83C26644CFDA-LeaderElection164] INFO  impl.LeaderElection (LeaderElection.java:askForVotes(178)) - 4b287a15-77af-487b-aef7-34d1d0ee189f@group-83C26644CFDA-LeaderElection164: begin an election at term 162 for -1: [4b287a15-77af-487b-aef7-34d1d0ee189f:192.168.34.38:38597, 0aa3649f-570d-46c6-937f-492d7f3a8364:192.168.34.38:33209, 4a03179f-3169-4ac7-a075-259968512ef0:192.168.34.38:45833], old=null
2019-10-16 21:01:39,198 [grpc-default-executor-3] INFO  impl.RaftServerImpl (RaftServerImpl.java:setRole(184)) - 0aa3649f-570d-46c6-937f-492d7f3a8364@group-83C26644CFDA: changes role from  FOLLOWER to FOLLOWER at term 162 for recognizeCandidate:4b287a15-77af-487b-aef7-34d1d0ee189f
2019-10-16 21:01:39,199 [grpc-default-executor-3] INFO  impl.RoleInfo (RoleInfo.java:shutdownFollowerState(121)) - 0aa3649f-570d-46c6-937f-492d7f3a8364: shutdown FollowerState
2019-10-16 21:01:39,199 [grpc-default-executor-3] INFO  impl.RoleInfo (RoleInfo.java:updateAndGet(143)) - 0aa3649f-570d-46c6-937f-492d7f3a8364: start FollowerState
2019-10-16 21:01:39,199 [Thread-1292] INFO  impl.FollowerState (FollowerState.java:run(117)) - 0aa3649f-570d-46c6-937f-492d7f3a8364@group-83C26644CFDA-FollowerState was interrupted: java.lang.InterruptedException: sleep interrupted
2019-10-16 21:01:39,200 [grpc-default-executor-1] INFO  impl.RaftServerImpl (RaftServerImpl.java:setRole(184)) - 4a03179f-3169-4ac7-a075-259968512ef0@group-83C26644CFDA: changes role from  FOLLOWER to FOLLOWER at term 162 for recognizeCandidate:4b287a15-77af-487b-aef7-34d1d0ee189f
2019-10-16 21:01:39,200 [grpc-default-executor-1] INFO  impl.RoleInfo (RoleInfo.java:shutdownFollowerState(121)) - 4a03179f-3169-4ac7-a075-259968512ef0: shutdown FollowerState
2019-10-16 21:01:39,201 [grpc-default-executor-1] INFO  impl.RoleInfo (RoleInfo.java:updateAndGet(143)) - 4a03179f-3169-4ac7-a075-259968512ef0: start FollowerState
2019-10-16 21:01:39,201 [Thread-1291] INFO  impl.FollowerState (FollowerState.java:run(117)) - 4a03179f-3169-4ac7-a075-259968512ef0@group-83C26644CFDA-FollowerState was interrupted: java.lang.InterruptedException: sleep interrupted
2019-10-16 21:01:39,213 [4b287a15-77af-487b-aef7-34d1d0ee189f@group-83C26644CFDA-LeaderElection164] INFO  impl.LeaderElection (LeaderElection.java:logAndReturn(56)) - 4b287a15-77af-487b-aef7-34d1d0ee189f@group-83C26644CFDA-LeaderElection164: Election REJECTED; received 2 response(s) [4b287a15-77af-487b-aef7-34d1d0ee189f<-0aa3649f-570d-46c6-937f-492d7f3a8364#0:FAIL-t162, 4b287a15-77af-487b-aef7-34d1d0ee189f<-4a03179f-3169-4ac7-a075-259968512ef0#0:FAIL-t162] and 0 exception(s); 4b287a15-77af-487b-aef7-34d1d0ee189f@group-83C26644CFDA:t162, leader=null, voted=4b287a15-77af-487b-aef7-34d1d0ee189f, raftlog=4b287a15-77af-487b-aef7-34d1d0ee189f@group-83C26644CFDA-SegmentedRaftLog:OPENED:c-1,f-1,i0, conf=-1: [4b287a15-77af-487b-aef7-34d1d0ee189f:192.168.34.38:38597, 0aa3649f-570d-46c6-937f-492d7f3a8364:192.168.34.38:33209, 4a03179f-3169-4ac7-a075-259968512ef0:192.168.34.38:45833], old=null
2019-10-16 21:01:39,213 [4b287a15-77af-487b-aef7-34d1d0ee189f@group-83C26644CFDA-LeaderElection164] INFO  impl.RaftServerImpl (RaftServerImpl.java:setRole(184)) - 4b287a15-77af-487b-aef7-34d1d0ee189f@group-83C26644CFDA: changes role from CANDIDATE to FOLLOWER at term 162 for DISCOVERED_A_NEW_TERM
2019-10-16 21:01:39,213 [4b287a15-77af-487b-aef7-34d1d0ee189f@group-83C26644CFDA-LeaderElection164] INFO  impl.RoleInfo (RoleInfo.java:shutdownLeaderElection(134)) - 4b287a15-77af-487b-aef7-34d1d0ee189f: shutdown LeaderElection
2019-10-16 21:01:39,213 [4b287a15-77af-487b-aef7-34d1d0ee189f@group-83C26644CFDA-LeaderElection164] INFO  impl.RoleInfo (RoleInfo.java:updateAndGet(143)) - 4b287a15-77af-487b-aef7-34d1d0ee189f: start FollowerState
2019-10-16 21:01:39,299 [Thread-1299] INFO  impl.FollowerState (FollowerState.java:run(108)) - 4b287a15-77af-487b-aef7-34d1d0ee189f@group-83C26644CFDA-FollowerState: change to CANDIDATE, lastRpcTime:85ms, electionTimeout:85ms
2019-10-16 21:01:39,299 [Thread-1299] INFO  impl.RoleInfo (RoleInfo.java:shutdownFollowerState(121)) - 4b287a15-77af-487b-aef7-34d1d0ee189f: shutdown FollowerState
2019-10-16 21:01:39,299 [Thread-1299] INFO  impl.RaftServerImpl (RaftServerImpl.java:setRole(184)) - 4b287a15-77af-487b-aef7-34d1d0ee189f@group-83C26644CFDA: changes role from  FOLLOWER to CANDIDATE at term 162 for changeToCandidate
2019-10-16 21:01:39,299 [Thread-1299] INFO  impl.RoleInfo (RoleInfo.java:updateAndGet(143)) - 4b287a15-77af-487b-aef7-34d1d0ee189f: start LeaderElection
2019-10-16 21:01:39,302 [4b287a15-77af-487b-aef7-34d1d0ee189f@group-83C26644CFDA-LeaderElection165] INFO  impl.LeaderElection (LeaderElection.java:askForVotes(178)) - 4b287a15-77af-487b-aef7-34d1d0ee189f@group-83C26644CFDA-LeaderElection165: begin an election at term 163 for -1: [4b287a15-77af-487b-aef7-34d1d0ee189f:192.168.34.38:38597, 0aa3649f-570d-46c6-937f-492d7f3a8364:192.168.34.38:33209, 4a03179f-3169-4ac7-a075-259968512ef0:192.168.34.38:45833], old=null
2019-10-16 21:01:39,304 [grpc-default-executor-3] INFO  impl.RaftServerImpl (RaftServerImpl.java:setRole(184)) - 0aa3649f-570d-46c6-937f-492d7f3a8364@group-83C26644CFDA: changes role from  FOLLOWER to FOLLOWER at term 163 for recognizeCandidate:4b287a15-77af-487b-aef7-34d1d0ee189f
2019-10-16 21:01:39,304 [grpc-default-executor-1] INFO  impl.RaftServerImpl (RaftServerImpl.java:setRole(184)) - 4a03179f-3169-4ac7-a075-259968512ef0@group-83C26644CFDA: changes role from  FOLLOWER to FOLLOWER at term 163 for recognizeCandidate:4b287a15-77af-487b-aef7-34d1d0ee189f
2019-10-16 21:01:39,304 [grpc-default-executor-3] INFO  impl.RoleInfo (RoleInfo.java:shutdownFollowerState(121)) - 0aa3649f-570d-46c6-937f-492d7f3a8364: shutdown FollowerState
2019-10-16 21:01:39,305 [grpc-default-executor-1] INFO  impl.RoleInfo (RoleInfo.java:shutdownFollowerState(121)) - 4a03179f-3169-4ac7-a075-259968512ef0: shutdown FollowerState
2019-10-16 21:01:39,305 [Thread-1297] INFO  impl.FollowerState (FollowerState.java:run(117)) - 0aa3649f-570d-46c6-937f-492d7f3a8364@group-83C26644CFDA-FollowerState was interrupted: java.lang.InterruptedException: sleep interrupted
2019-10-16 21:01:39,305 [grpc-default-executor-3] INFO  impl.RoleInfo (RoleInfo.java:updateAndGet(143)) - 0aa3649f-570d-46c6-937f-492d7f3a8364: start FollowerState
2019-10-16 21:01:39,305 [grpc-default-executor-1] INFO  impl.RoleInfo (RoleInfo.java:updateAndGet(143)) - 4a03179f-3169-4ac7-a075-259968512ef0: start FollowerState
2019-10-16 21:01:39,305 [Thread-1298] INFO  impl.FollowerState (FollowerState.java:run(117)) - 4a03179f-3169-4ac7-a075-259968512ef0@group-83C26644CFDA-FollowerState was interrupted: java.lang.InterruptedException: sleep interrupted
2019-10-16 21:01:39,311 [4b287a15-77af-487b-aef7-34d1d0ee189f@group-83C26644CFDA-LeaderElection165] INFO  impl.LeaderElection (LeaderElection.java:logAndReturn(56)) - 4b287a15-77af-487b-aef7-34d1d0ee189f@group-83C26644CFDA-LeaderElection165: Election REJECTED; received 2 response(s) [4b287a15-77af-487b-aef7-34d1d0ee189f<-0aa3649f-570d-46c6-937f-492d7f3a8364#0:FAIL-t163, 4b287a15-77af-487b-aef7-34d1d0ee189f<-4a03179f-3169-4ac7-a075-259968512ef0#0:FAIL-t163] and 0 exception(s); 4b287a15-77af-487b-aef7-34d1d0ee189f@group-83C26644CFDA:t163, leader=null, voted=4b287a15-77af-487b-aef7-34d1d0ee189f, raftlog=4b287a15-77af-487b-aef7-34d1d0ee189f@group-83C26644CFDA-SegmentedRaftLog:OPENED:c-1,f-1,i0, conf=-1: [4b287a15-77af-487b-aef7-34d1d0ee189f:192.168.34.38:38597, 0aa3649f-570d-46c6-937f-492d7f3a8364:192.168.34.38:33209, 4a03179f-3169-4ac7-a075-259968512ef0:192.168.34.38:45833], old=null
2019-10-16 21:01:39,311 [4b287a15-77af-487b-aef7-34d1d0ee189f@group-83C26644CFDA-LeaderElection165] INFO  impl.RaftServerImpl (RaftServerImpl.java:setRole(184)) - 4b287a15-77af-487b-aef7-34d1d0ee189f@group-83C26644CFDA: changes role from CANDIDATE to FOLLOWER at term 163 for DISCOVERED_A_NEW_TERM
2019-10-16 21:01:39,312 [4b287a15-77af-487b-aef7-34d1d0ee189f@group-83C26644CFDA-LeaderElection165] INFO  impl.RoleInfo (RoleInfo.java:shutdownLeaderElection(134)) - 4b287a15-77af-487b-aef7-34d1d0ee189f: shutdown LeaderElection
2019-10-16 21:01:39,312 [4b287a15-77af-487b-aef7-34d1d0ee189f@group-83C26644CFDA-LeaderElection165] INFO  impl.RoleInfo (RoleInfo.java:updateAndGet(143)) - 4b287a15-77af-487b-aef7-34d1d0ee189f: start FollowerState
2019-10-16 21:01:39,353 [main] INFO  ozone.MiniOzoneClusterImpl (MiniOzoneClusterImpl.java:lambda$waitForClusterToBeReady$2(164)) - Waiting for 1 number of pipelines out of 4, to report a leader.
2019-10-16 21:01:39,430 [Thread-1305] INFO  impl.FollowerState (FollowerState.java:run(108)) - 4b287a15-77af-487b-aef7-34d1d0ee189f@group-83C26644CFDA-FollowerState: change to CANDIDATE, lastRpcTime:118ms, electionTimeout:118ms
2019-10-16 21:01:39,430 [Thread-1305] INFO  impl.RoleInfo (RoleInfo.java:shutdownFollowerState(121)) - 4b287a15-77af-487b-aef7-34d1d0ee189f: shutdown FollowerState
2019-10-16 21:01:39,430 [Thread-1305] INFO  impl.RaftServerImpl (RaftServerImpl.java:setRole(184)) - 4b287a15-77af-487b-aef7-34d1d0ee189f@group-83C26644CFDA: changes role from  FOLLOWER to CANDIDATE at term 163 for changeToCandidate
2019-10-16 21:01:39,431 [Thread-1305] INFO  impl.RoleInfo (RoleInfo.java:updateAndGet(143)) - 4b287a15-77af-487b-aef7-34d1d0ee189f: start LeaderElection
2019-10-16 21:01:39,443 [4b287a15-77af-487b-aef7-34d1d0ee189f@group-83C26644CFDA-LeaderElection166] INFO  impl.LeaderElection (LeaderElection.java:askForVotes(178)) - 4b287a15-77af-487b-aef7-34d1d0ee189f@group-83C26644CFDA-LeaderElection166: begin an election at term 164 for -1: [4b287a15-77af-487b-aef7-34d1d0ee189f:192.168.34.38:38597, 0aa3649f-570d-46c6-937f-492d7f3a8364:192.168.34.38:33209, 4a03179f-3169-4ac7-a075-259968512ef0:192.168.34.38:45833], old=null
2019-10-16 21:01:39,446 [grpc-default-executor-3] INFO  impl.RaftServerImpl (RaftServerImpl.java:setRole(184)) - 0aa3649f-570d-46c6-937f-492d7f3a8364@group-83C26644CFDA: changes role from  FOLLOWER to FOLLOWER at term 164 for recognizeCandidate:4b287a15-77af-487b-aef7-34d1d0ee189f
2019-10-16 21:01:39,446 [grpc-default-executor-3] INFO  impl.RoleInfo (RoleInfo.java:shutdownFollowerState(121)) - 0aa3649f-570d-46c6-937f-492d7f3a8364: shutdown FollowerState
2019-10-16 21:01:39,446 [grpc-default-executor-1] INFO  impl.RaftServerImpl (RaftServerImpl.java:setRole(184)) - 4a03179f-3169-4ac7-a075-259968512ef0@group-83C26644CFDA: changes role from  FOLLOWER to FOLLOWER at term 164 for recognizeCandidate:4b287a15-77af-487b-aef7-34d1d0ee189f
2019-10-16 21:01:39,446 [Thread-1303] INFO  impl.FollowerState (FollowerState.java:run(117)) - 0aa3649f-570d-46c6-937f-492d7f3a8364@group-83C26644CFDA-FollowerState was interrupted: java.lang.InterruptedException: sleep interrupted
2019-10-16 21:01:39,446 [grpc-default-executor-3] INFO  impl.RoleInfo (RoleInfo.java:updateAndGet(143)) - 0aa3649f-570d-46c6-937f-492d7f3a8364: start FollowerState
2019-10-16 21:01:39,446 [grpc-default-executor-1] INFO  impl.RoleInfo (RoleInfo.java:shutdownFollowerState(121)) - 4a03179f-3169-4ac7-a075-259968512ef0: shutdown FollowerState
2019-10-16 21:01:39,446 [grpc-default-executor-1] INFO  impl.RoleInfo (RoleInfo.java:updateAndGet(143)) - 4a03179f-3169-4ac7-a075-259968512ef0: start FollowerState
2019-10-16 21:01:39,446 [Thread-1304] INFO  impl.FollowerState (FollowerState.java:run(117)) - 4a03179f-3169-4ac7-a075-259968512ef0@group-83C26644CFDA-FollowerState was interrupted: java.lang.InterruptedException: sleep interrupted
2019-10-16 21:01:39,450 [4b287a15-77af-487b-aef7-34d1d0ee189f@group-83C26644CFDA-LeaderElection166] INFO  impl.LeaderElection (LeaderElection.java:logAndReturn(56)) - 4b287a15-77af-487b-aef7-34d1d0ee189f@group-83C26644CFDA-LeaderElection166: Election REJECTED; received 2 response(s) [4b287a15-77af-487b-aef7-34d1d0ee189f<-0aa3649f-570d-46c6-937f-492d7f3a8364#0:FAIL-t164, 4b287a15-77af-487b-aef7-34d1d0ee189f<-4a03179f-3169-4ac7-a075-259968512ef0#0:FAIL-t164] and 0 exception(s); 4b287a15-77af-487b-aef7-34d1d0ee189f@group-83C26644CFDA:t164, leader=null, voted=4b287a15-77af-487b-aef7-34d1d0ee189f, raftlog=4b287a15-77af-487b-aef7-34d1d0ee189f@group-83C26644CFDA-SegmentedRaftLog:OPENED:c-1,f-1,i0, conf=-1: [4b287a15-77af-487b-aef7-34d1d0ee189f:192.168.34.38:38597, 0aa3649f-570d-46c6-937f-492d7f3a8364:192.168.34.38:33209, 4a03179f-3169-4ac7-a075-259968512ef0:192.168.34.38:45833], old=null
2019-10-16 21:01:39,451 [4b287a15-77af-487b-aef7-34d1d0ee189f@group-83C26644CFDA-LeaderElection166] INFO  impl.RaftServerImpl (RaftServerImpl.java:setRole(184)) - 4b287a15-77af-487b-aef7-34d1d0ee189f@group-83C26644CFDA: changes role from CANDIDATE to FOLLOWER at term 164 for DISCOVERED_A_NEW_TERM
2019-10-16 21:01:39,451 [4b287a15-77af-487b-aef7-34d1d0ee189f@group-83C26644CFDA-LeaderElection166] INFO  impl.RoleInfo (RoleInfo.java:shutdownLeaderElection(134)) - 4b287a15-77af-487b-aef7-34d1d0ee189f: shutdown LeaderElection
2019-10-16 21:01:39,451 [4b287a15-77af-487b-aef7-34d1d0ee189f@group-83C26644CFDA-LeaderElection166] INFO  impl.RoleInfo (RoleInfo.java:updateAndGet(143)) - 4b287a15-77af-487b-aef7-34d1d0ee189f: start FollowerState
2019-10-16 21:01:39,531 [Thread-1311] INFO  impl.FollowerState (FollowerState.java:run(108)) - 4b287a15-77af-487b-aef7-34d1d0ee189f@group-83C26644CFDA-FollowerState: change to CANDIDATE, lastRpcTime:80ms, electionTimeout:80ms
2019-10-16 21:01:39,531 [Thread-1311] INFO  impl.RoleInfo (RoleInfo.java:shutdownFollowerState(121)) - 4b287a15-77af-487b-aef7-34d1d0ee189f: shutdown FollowerState
2019-10-16 21:01:39,532 [Thread-1311] INFO  impl.RaftServerImpl (RaftServerImpl.java:setRole(184)) - 4b287a15-77af-487b-aef7-34d1d0ee189f@group-83C26644CFDA: changes role from  FOLLOWER to CANDIDATE at term 164 for changeToCandidate
2019-10-16 21:01:39,532 [Thread-1311] INFO  impl.RoleInfo (RoleInfo.java:updateAndGet(143)) - 4b287a15-77af-487b-aef7-34d1d0ee189f: start LeaderElection
2019-10-16 21:01:39,538 [4b287a15-77af-487b-aef7-34d1d0ee189f@group-83C26644CFDA-LeaderElection167] INFO  impl.LeaderElection (LeaderElection.java:askForVotes(178)) - 4b287a15-77af-487b-aef7-34d1d0ee189f@group-83C26644CFDA-LeaderElection167: begin an election at term 165 for -1: [4b287a15-77af-487b-aef7-34d1d0ee189f:192.168.34.38:38597, 0aa3649f-570d-46c6-937f-492d7f3a8364:192.168.34.38:33209, 4a03179f-3169-4ac7-a075-259968512ef0:192.168.34.38:45833], old=null
2019-10-16 21:01:39,540 [grpc-default-executor-1] INFO  impl.RaftServerImpl (RaftServerImpl.java:setRole(184)) - 0aa3649f-570d-46c6-937f-492d7f3a8364@group-83C26644CFDA: changes role from  FOLLOWER to FOLLOWER at term 165 for recognizeCandidate:4b287a15-77af-487b-aef7-34d1d0ee189f
2019-10-16 21:01:39,540 [grpc-default-executor-1] INFO  impl.RoleInfo (RoleInfo.java:shutdownFollowerState(121)) - 0aa3649f-570d-46c6-937f-492d7f3a8364: shutdown FollowerState
2019-10-16 21:01:39,540 [grpc-default-executor-3] INFO  impl.RaftServerImpl (RaftServerImpl.java:setRole(184)) - 4a03179f-3169-4ac7-a075-259968512ef0@group-83C26644CFDA: changes role from  FOLLOWER to FOLLOWER at term 165 for recognizeCandidate:4b287a15-77af-487b-aef7-34d1d0ee189f
2019-10-16 21:01:39,540 [Thread-1309] INFO  impl.FollowerState (FollowerState.java:run(117)) - 0aa3649f-570d-46c6-937f-492d7f3a8364@group-83C26644CFDA-FollowerState was interrupted: java.lang.InterruptedException: sleep interrupted
2019-10-16 21:01:39,540 [grpc-default-executor-1] INFO  impl.RoleInfo (RoleInfo.java:updateAndGet(143)) - 0aa3649f-570d-46c6-937f-492d7f3a8364: start FollowerState
2019-10-16 21:01:39,541 [grpc-default-executor-3] INFO  impl.RoleInfo (RoleInfo.java:shutdownFollowerState(121)) - 4a03179f-3169-4ac7-a075-259968512ef0: shutdown FollowerState
2019-10-16 21:01:39,541 [grpc-default-executor-3] INFO  impl.RoleInfo (RoleInfo.java:updateAndGet(143)) - 4a03179f-3169-4ac7-a075-259968512ef0: start FollowerState
2019-10-16 21:01:39,541 [Thread-1310] INFO  impl.FollowerState (FollowerState.java:run(117)) - 4a03179f-3169-4ac7-a075-259968512ef0@group-83C26644CFDA-FollowerState was interrupted: java.lang.InterruptedException: sleep interrupted
2019-10-16 21:01:39,547 [4b287a15-77af-487b-aef7-34d1d0ee189f@group-83C26644CFDA-LeaderElection167] INFO  impl.LeaderElection (LeaderElection.java:logAndReturn(56)) - 4b287a15-77af-487b-aef7-34d1d0ee189f@group-83C26644CFDA-LeaderElection167: Election REJECTED; received 2 response(s) [4b287a15-77af-487b-aef7-34d1d0ee189f<-0aa3649f-570d-46c6-937f-492d7f3a8364#0:FAIL-t165, 4b287a15-77af-487b-aef7-34d1d0ee189f<-4a03179f-3169-4ac7-a075-259968512ef0#0:FAIL-t165] and 0 exception(s); 4b287a15-77af-487b-aef7-34d1d0ee189f@group-83C26644CFDA:t165, leader=null, voted=4b287a15-77af-487b-aef7-34d1d0ee189f, raftlog=4b287a15-77af-487b-aef7-34d1d0ee189f@group-83C26644CFDA-SegmentedRaftLog:OPENED:c-1,f-1,i0, conf=-1: [4b287a15-77af-487b-aef7-34d1d0ee189f:192.168.34.38:38597, 0aa3649f-570d-46c6-937f-492d7f3a8364:192.168.34.38:33209, 4a03179f-3169-4ac7-a075-259968512ef0:192.168.34.38:45833], old=null
2019-10-16 21:01:39,547 [4b287a15-77af-487b-aef7-34d1d0ee189f@group-83C26644CFDA-LeaderElection167] INFO  impl.RaftServerImpl (RaftServerImpl.java:setRole(184)) - 4b287a15-77af-487b-aef7-34d1d0ee189f@group-83C26644CFDA: changes role from CANDIDATE to FOLLOWER at term 165 for DISCOVERED_A_NEW_TERM
2019-10-16 21:01:39,547 [4b287a15-77af-487b-aef7-34d1d0ee189f@group-83C26644CFDA-LeaderElection167] INFO  impl.RoleInfo (RoleInfo.java:shutdownLeaderElection(134)) - 4b287a15-77af-487b-aef7-34d1d0ee189f: shutdown LeaderElection
2019-10-16 21:01:39,547 [4b287a15-77af-487b-aef7-34d1d0ee189f@group-83C26644CFDA-LeaderElection167] INFO  impl.RoleInfo (RoleInfo.java:updateAndGet(143)) - 4b287a15-77af-487b-aef7-34d1d0ee189f: start FollowerState
2019-10-16 21:01:39,625 [Thread-1317] INFO  impl.FollowerState (FollowerState.java:run(108)) - 4b287a15-77af-487b-aef7-34d1d0ee189f@group-83C26644CFDA-FollowerState: change to CANDIDATE, lastRpcTime:77ms, electionTimeout:77ms
2019-10-16 21:01:39,625 [Thread-1317] INFO  impl.RoleInfo (RoleInfo.java:shutdownFollowerState(121)) - 4b287a15-77af-487b-aef7-34d1d0ee189f: shutdown FollowerState
2019-10-16 21:01:39,625 [Thread-1317] INFO  impl.RaftServerImpl (RaftServerImpl.java:setRole(184)) - 4b287a15-77af-487b-aef7-34d1d0ee189f@group-83C26644CFDA: changes role from  FOLLOWER to CANDIDATE at term 165 for changeToCandidate
2019-10-16 21:01:39,625 [Thread-1317] INFO  impl.RoleInfo (RoleInfo.java:updateAndGet(143)) - 4b287a15-77af-487b-aef7-34d1d0ee189f: start LeaderElection
2019-10-16 21:01:39,650 [4b287a15-77af-487b-aef7-34d1d0ee189f@group-83C26644CFDA-LeaderElection168] INFO  impl.LeaderElection (LeaderElection.java:askForVotes(178)) - 4b287a15-77af-487b-aef7-34d1d0ee189f@group-83C26644CFDA-LeaderElection168: begin an election at term 166 for -1: [4b287a15-77af-487b-aef7-34d1d0ee189f:192.168.34.38:38597, 0aa3649f-570d-46c6-937f-492d7f3a8364:192.168.34.38:33209, 4a03179f-3169-4ac7-a075-259968512ef0:192.168.34.38:45833], old=null
2019-10-16 21:01:39,653 [grpc-default-executor-3] INFO  impl.RaftServerImpl (RaftServerImpl.java:setRole(184)) - 0aa3649f-570d-46c6-937f-492d7f3a8364@group-83C26644CFDA: changes role from  FOLLOWER to FOLLOWER at term 166 for recognizeCandidate:4b287a15-77af-487b-aef7-34d1d0ee189f
2019-10-16 21:01:39,653 [grpc-default-executor-1] INFO  impl.RaftServerImpl (RaftServerImpl.java:setRole(184)) - 4a03179f-3169-4ac7-a075-259968512ef0@group-83C26644CFDA: changes role from  FOLLOWER to FOLLOWER at term 166 for recognizeCandidate:4b287a15-77af-487b-aef7-34d1d0ee189f
2019-10-16 21:01:39,653 [grpc-default-executor-3] INFO  impl.RoleInfo (RoleInfo.java:shutdownFollowerState(121)) - 0aa3649f-570d-46c6-937f-492d7f3a8364: shutdown FollowerState
2019-10-16 21:01:39,653 [grpc-default-executor-1] INFO  impl.RoleInfo (RoleInfo.java:shutdownFollowerState(121)) - 4a03179f-3169-4ac7-a075-259968512ef0: shutdown FollowerState
2019-10-16 21:01:39,653 [Thread-1315] INFO  impl.FollowerState (FollowerState.java:run(117)) - 0aa3649f-570d-46c6-937f-492d7f3a8364@group-83C26644CFDA-FollowerState was interrupted: java.lang.InterruptedException: sleep interrupted
2019-10-16 21:01:39,653 [grpc-default-executor-3] INFO  impl.RoleInfo (RoleInfo.java:updateAndGet(143)) - 0aa3649f-570d-46c6-937f-492d7f3a8364: start FollowerState
2019-10-16 21:01:39,653 [Thread-1316] INFO  impl.FollowerState (FollowerState.java:run(117)) - 4a03179f-3169-4ac7-a075-259968512ef0@group-83C26644CFDA-FollowerState was interrupted: java.lang.InterruptedException: sleep interrupted
2019-10-16 21:01:39,653 [grpc-default-executor-1] INFO  impl.RoleInfo (RoleInfo.java:updateAndGet(143)) - 4a03179f-3169-4ac7-a075-259968512ef0: start FollowerState
2019-10-16 21:01:39,669 [4b287a15-77af-487b-aef7-34d1d0ee189f@group-83C26644CFDA-LeaderElection168] INFO  impl.LeaderElection (LeaderElection.java:logAndReturn(56)) - 4b287a15-77af-487b-aef7-34d1d0ee189f@group-83C26644CFDA-LeaderElection168: Election REJECTED; received 2 response(s) [4b287a15-77af-487b-aef7-34d1d0ee189f<-0aa3649f-570d-46c6-937f-492d7f3a8364#0:FAIL-t166, 4b287a15-77af-487b-aef7-34d1d0ee189f<-4a03179f-3169-4ac7-a075-259968512ef0#0:FAIL-t166] and 0 exception(s); 4b287a15-77af-487b-aef7-34d1d0ee189f@group-83C26644CFDA:t166, leader=null, voted=4b287a15-77af-487b-aef7-34d1d0ee189f, raftlog=4b287a15-77af-487b-aef7-34d1d0ee189f@group-83C26644CFDA-SegmentedRaftLog:OPENED:c-1,f-1,i0, conf=-1: [4b287a15-77af-487b-aef7-34d1d0ee189f:192.168.34.38:38597, 0aa3649f-570d-46c6-937f-492d7f3a8364:192.168.34.38:33209, 4a03179f-3169-4ac7-a075-259968512ef0:192.168.34.38:45833], old=null
2019-10-16 21:01:39,669 [4b287a15-77af-487b-aef7-34d1d0ee189f@group-83C26644CFDA-LeaderElection168] INFO  impl.RaftServerImpl (RaftServerImpl.java:setRole(184)) - 4b287a15-77af-487b-aef7-34d1d0ee189f@group-83C26644CFDA: changes role from CANDIDATE to FOLLOWER at term 166 for DISCOVERED_A_NEW_TERM
2019-10-16 21:01:39,669 [4b287a15-77af-487b-aef7-34d1d0ee189f@group-83C26644CFDA-LeaderElection168] INFO  impl.RoleInfo (RoleInfo.java:shutdownLeaderElection(134)) - 4b287a15-77af-487b-aef7-34d1d0ee189f: shutdown LeaderElection
2019-10-16 21:01:39,670 [4b287a15-77af-487b-aef7-34d1d0ee189f@group-83C26644CFDA-LeaderElection168] INFO  impl.RoleInfo (RoleInfo.java:updateAndGet(143)) - 4b287a15-77af-487b-aef7-34d1d0ee189f: start FollowerState
2019-10-16 21:01:39,854 [Thread-1323] INFO  impl.FollowerState (FollowerState.java:run(108)) - 4b287a15-77af-487b-aef7-34d1d0ee189f@group-83C26644CFDA-FollowerState: change to CANDIDATE, lastRpcTime:184ms, electionTimeout:184ms
2019-10-16 21:01:39,854 [Thread-1323] INFO  impl.RoleInfo (RoleInfo.java:shutdownFollowerState(121)) - 4b287a15-77af-487b-aef7-34d1d0ee189f: shutdown FollowerState
2019-10-16 21:01:39,854 [Thread-1323] INFO  impl.RaftServerImpl (RaftServerImpl.java:setRole(184)) - 4b287a15-77af-487b-aef7-34d1d0ee189f@group-83C26644CFDA: changes role from  FOLLOWER to CANDIDATE at term 166 for changeToCandidate
2019-10-16 21:01:39,854 [Thread-1323] INFO  impl.RoleInfo (RoleInfo.java:updateAndGet(143)) - 4b287a15-77af-487b-aef7-34d1d0ee189f: start LeaderElection
2019-10-16 21:01:39,881 [4b287a15-77af-487b-aef7-34d1d0ee189f@group-83C26644CFDA-LeaderElection169] INFO  impl.LeaderElection (LeaderElection.java:askForVotes(178)) - 4b287a15-77af-487b-aef7-34d1d0ee189f@group-83C26644CFDA-LeaderElection169: begin an election at term 167 for -1: [4b287a15-77af-487b-aef7-34d1d0ee189f:192.168.34.38:38597, 0aa3649f-570d-46c6-937f-492d7f3a8364:192.168.34.38:33209, 4a03179f-3169-4ac7-a075-259968512ef0:192.168.34.38:45833], old=null
2019-10-16 21:01:39,883 [grpc-default-executor-1] INFO  impl.RaftServerImpl (RaftServerImpl.java:setRole(184)) - 4a03179f-3169-4ac7-a075-259968512ef0@group-83C26644CFDA: changes role from  FOLLOWER to FOLLOWER at term 167 for recognizeCandidate:4b287a15-77af-487b-aef7-34d1d0ee189f
2019-10-16 21:01:39,883 [grpc-default-executor-3] INFO  impl.RaftServerImpl (RaftServerImpl.java:setRole(184)) - 0aa3649f-570d-46c6-937f-492d7f3a8364@group-83C26644CFDA: changes role from  FOLLOWER to FOLLOWER at term 167 for recognizeCandidate:4b287a15-77af-487b-aef7-34d1d0ee189f
2019-10-16 21:01:39,884 [grpc-default-executor-3] INFO  impl.RoleInfo (RoleInfo.java:shutdownFollowerState(121)) - 0aa3649f-570d-46c6-937f-492d7f3a8364: shutdown FollowerState
2019-10-16 21:01:39,883 [grpc-default-executor-1] INFO  impl.RoleInfo (RoleInfo.java:shutdownFollowerState(121)) - 4a03179f-3169-4ac7-a075-259968512ef0: shutdown FollowerState
2019-10-16 21:01:39,884 [Thread-1321] INFO  impl.FollowerState (FollowerState.java:run(117)) - 0aa3649f-570d-46c6-937f-492d7f3a8364@group-83C26644CFDA-FollowerState was interrupted: java.lang.InterruptedException: sleep interrupted
2019-10-16 21:01:39,884 [grpc-default-executor-3] INFO  impl.RoleInfo (RoleInfo.java:updateAndGet(143)) - 0aa3649f-570d-46c6-937f-492d7f3a8364: start FollowerState
2019-10-16 21:01:39,884 [Thread-1322] INFO  impl.FollowerState (FollowerState.java:run(117)) - 4a03179f-3169-4ac7-a075-259968512ef0@group-83C26644CFDA-FollowerState was interrupted: java.lang.InterruptedException: sleep interrupted
2019-10-16 21:01:39,884 [grpc-default-executor-1] INFO  impl.RoleInfo (RoleInfo.java:updateAndGet(143)) - 4a03179f-3169-4ac7-a075-259968512ef0: start FollowerState
2019-10-16 21:01:39,922 [4b287a15-77af-487b-aef7-34d1d0ee189f@group-83C26644CFDA-LeaderElection169] INFO  impl.LeaderElection (LeaderElection.java:logAndReturn(56)) - 4b287a15-77af-487b-aef7-34d1d0ee189f@group-83C26644CFDA-LeaderElection169: Election REJECTED; received 2 response(s) [4b287a15-77af-487b-aef7-34d1d0ee189f<-0aa3649f-570d-46c6-937f-492d7f3a8364#0:FAIL-t167, 4b287a15-77af-487b-aef7-34d1d0ee189f<-4a03179f-3169-4ac7-a075-259968512ef0#0:FAIL-t167] and 0 exception(s); 4b287a15-77af-487b-aef7-34d1d0ee189f@group-83C26644CFDA:t167, leader=null, voted=4b287a15-77af-487b-aef7-34d1d0ee189f, raftlog=4b287a15-77af-487b-aef7-34d1d0ee189f@group-83C26644CFDA-SegmentedRaftLog:OPENED:c-1,f-1,i0, conf=-1: [4b287a15-77af-487b-aef7-34d1d0ee189f:192.168.34.38:38597, 0aa3649f-570d-46c6-937f-492d7f3a8364:192.168.34.38:33209, 4a03179f-3169-4ac7-a075-259968512ef0:192.168.34.38:45833], old=null
2019-10-16 21:01:39,922 [4b287a15-77af-487b-aef7-34d1d0ee189f@group-83C26644CFDA-LeaderElection169] INFO  impl.RaftServerImpl (RaftServerImpl.java:setRole(184)) - 4b287a15-77af-487b-aef7-34d1d0ee189f@group-83C26644CFDA: changes role from CANDIDATE to FOLLOWER at term 167 for DISCOVERED_A_NEW_TERM
2019-10-16 21:01:39,922 [4b287a15-77af-487b-aef7-34d1d0ee189f@group-83C26644CFDA-LeaderElection169] INFO  impl.RoleInfo (RoleInfo.java:shutdownLeaderElection(134)) - 4b287a15-77af-487b-aef7-34d1d0ee189f: shutdown LeaderElection
2019-10-16 21:01:39,922 [4b287a15-77af-487b-aef7-34d1d0ee189f@group-83C26644CFDA-LeaderElection169] INFO  impl.RoleInfo (RoleInfo.java:updateAndGet(143)) - 4b287a15-77af-487b-aef7-34d1d0ee189f: start FollowerState
2019-10-16 21:01:40,092 [Thread-1329] INFO  impl.FollowerState (FollowerState.java:run(108)) - 4b287a15-77af-487b-aef7-34d1d0ee189f@group-83C26644CFDA-FollowerState: change to CANDIDATE, lastRpcTime:170ms, electionTimeout:170ms
2019-10-16 21:01:40,092 [Thread-1329] INFO  impl.RoleInfo (RoleInfo.java:shutdownFollowerState(121)) - 4b287a15-77af-487b-aef7-34d1d0ee189f: shutdown FollowerState
2019-10-16 21:01:40,093 [Thread-1329] INFO  impl.RaftServerImpl (RaftServerImpl.java:setRole(184)) - 4b287a15-77af-487b-aef7-34d1d0ee189f@group-83C26644CFDA: changes role from  FOLLOWER to CANDIDATE at term 167 for changeToCandidate
2019-10-16 21:01:40,093 [Thread-1329] INFO  impl.RoleInfo (RoleInfo.java:updateAndGet(143)) - 4b287a15-77af-487b-aef7-34d1d0ee189f: start LeaderElection
2019-10-16 21:01:40,106 [4b287a15-77af-487b-aef7-34d1d0ee189f@group-83C26644CFDA-LeaderElection170] INFO  impl.LeaderElection (LeaderElection.java:askForVotes(178)) - 4b287a15-77af-487b-aef7-34d1d0ee189f@group-83C26644CFDA-LeaderElection170: begin an election at term 168 for -1: [4b287a15-77af-487b-aef7-34d1d0ee189f:192.168.34.38:38597, 0aa3649f-570d-46c6-937f-492d7f3a8364:192.168.34.38:33209, 4a03179f-3169-4ac7-a075-259968512ef0:192.168.34.38:45833], old=null
2019-10-16 21:01:40,109 [grpc-default-executor-1] INFO  impl.RaftServerImpl (RaftServerImpl.java:setRole(184)) - 0aa3649f-570d-46c6-937f-492d7f3a8364@group-83C26644CFDA: changes role from  FOLLOWER to FOLLOWER at term 168 for recognizeCandidate:4b287a15-77af-487b-aef7-34d1d0ee189f
2019-10-16 21:01:40,109 [grpc-default-executor-1] INFO  impl.RoleInfo (RoleInfo.java:shutdownFollowerState(121)) - 0aa3649f-570d-46c6-937f-492d7f3a8364: shutdown FollowerState
2019-10-16 21:01:40,109 [grpc-default-executor-3] INFO  impl.RaftServerImpl (RaftServerImpl.java:setRole(184)) - 4a03179f-3169-4ac7-a075-259968512ef0@group-83C26644CFDA: changes role from  FOLLOWER to FOLLOWER at term 168 for recognizeCandidate:4b287a15-77af-487b-aef7-34d1d0ee189f
2019-10-16 21:01:40,109 [Thread-1327] INFO  impl.FollowerState (FollowerState.java:run(117)) - 0aa3649f-570d-46c6-937f-492d7f3a8364@group-83C26644CFDA-FollowerState was interrupted: java.lang.InterruptedException: sleep interrupted
2019-10-16 21:01:40,109 [grpc-default-executor-1] INFO  impl.RoleInfo (RoleInfo.java:updateAndGet(143)) - 0aa3649f-570d-46c6-937f-492d7f3a8364: start FollowerState
2019-10-16 21:01:40,109 [grpc-default-executor-3] INFO  impl.RoleInfo (RoleInfo.java:shutdownFollowerState(121)) - 4a03179f-3169-4ac7-a075-259968512ef0: shutdown FollowerState
2019-10-16 21:01:40,110 [grpc-default-executor-3] INFO  impl.RoleInfo (RoleInfo.java:updateAndGet(143)) - 4a03179f-3169-4ac7-a075-259968512ef0: start FollowerState
2019-10-16 21:01:40,110 [Thread-1328] INFO  impl.FollowerState (FollowerState.java:run(117)) - 4a03179f-3169-4ac7-a075-259968512ef0@group-83C26644CFDA-FollowerState was interrupted: java.lang.InterruptedException: sleep interrupted
2019-10-16 21:01:40,122 [4b287a15-77af-487b-aef7-34d1d0ee189f@group-83C26644CFDA-LeaderElection170] INFO  impl.LeaderElection (LeaderElection.java:logAndReturn(56)) - 4b287a15-77af-487b-aef7-34d1d0ee189f@group-83C26644CFDA-LeaderElection170: Election REJECTED; received 2 response(s) [4b287a15-77af-487b-aef7-34d1d0ee189f<-0aa3649f-570d-46c6-937f-492d7f3a8364#0:FAIL-t168, 4b287a15-77af-487b-aef7-34d1d0ee189f<-4a03179f-3169-4ac7-a075-259968512ef0#0:FAIL-t168] and 0 exception(s); 4b287a15-77af-487b-aef7-34d1d0ee189f@group-83C26644CFDA:t168, leader=null, voted=4b287a15-77af-487b-aef7-34d1d0ee189f, raftlog=4b287a15-77af-487b-aef7-34d1d0ee189f@group-83C26644CFDA-SegmentedRaftLog:OPENED:c-1,f-1,i0, conf=-1: [4b287a15-77af-487b-aef7-34d1d0ee189f:192.168.34.38:38597, 0aa3649f-570d-46c6-937f-492d7f3a8364:192.168.34.38:33209, 4a03179f-3169-4ac7-a075-259968512ef0:192.168.34.38:45833], old=null
2019-10-16 21:01:40,122 [4b287a15-77af-487b-aef7-34d1d0ee189f@group-83C26644CFDA-LeaderElection170] INFO  impl.RaftServerImpl (RaftServerImpl.java:setRole(184)) - 4b287a15-77af-487b-aef7-34d1d0ee189f@group-83C26644CFDA: changes role from CANDIDATE to FOLLOWER at term 168 for DISCOVERED_A_NEW_TERM
2019-10-16 21:01:40,122 [4b287a15-77af-487b-aef7-34d1d0ee189f@group-83C26644CFDA-LeaderElection170] INFO  impl.RoleInfo (RoleInfo.java:shutdownLeaderElection(134)) - 4b287a15-77af-487b-aef7-34d1d0ee189f: shutdown LeaderElection
2019-10-16 21:01:40,122 [4b287a15-77af-487b-aef7-34d1d0ee189f@group-83C26644CFDA-LeaderElection170] INFO  impl.RoleInfo (RoleInfo.java:updateAndGet(143)) - 4b287a15-77af-487b-aef7-34d1d0ee189f: start FollowerState
2019-10-16 21:01:40,272 [Thread-1335] INFO  impl.FollowerState (FollowerState.java:run(108)) - 4b287a15-77af-487b-aef7-34d1d0ee189f@group-83C26644CFDA-FollowerState: change to CANDIDATE, lastRpcTime:150ms, electionTimeout:150ms
2019-10-16 21:01:40,273 [Thread-1335] INFO  impl.RoleInfo (RoleInfo.java:shutdownFollowerState(121)) - 4b287a15-77af-487b-aef7-34d1d0ee189f: shutdown FollowerState
2019-10-16 21:01:40,273 [Thread-1335] INFO  impl.RaftServerImpl (RaftServerImpl.java:setRole(184)) - 4b287a15-77af-487b-aef7-34d1d0ee189f@group-83C26644CFDA: changes role from  FOLLOWER to CANDIDATE at term 168 for changeToCandidate
2019-10-16 21:01:40,273 [Thread-1335] INFO  impl.RoleInfo (RoleInfo.java:updateAndGet(143)) - 4b287a15-77af-487b-aef7-34d1d0ee189f: start LeaderElection
2019-10-16 21:01:40,299 [4b287a15-77af-487b-aef7-34d1d0ee189f@group-83C26644CFDA-LeaderElection171] INFO  impl.LeaderElection (LeaderElection.java:askForVotes(178)) - 4b287a15-77af-487b-aef7-34d1d0ee189f@group-83C26644CFDA-LeaderElection171: begin an election at term 169 for -1: [4b287a15-77af-487b-aef7-34d1d0ee189f:192.168.34.38:38597, 0aa3649f-570d-46c6-937f-492d7f3a8364:192.168.34.38:33209, 4a03179f-3169-4ac7-a075-259968512ef0:192.168.34.38:45833], old=null
2019-10-16 21:01:40,301 [grpc-default-executor-1] INFO  impl.RaftServerImpl (RaftServerImpl.java:setRole(184)) - 0aa3649f-570d-46c6-937f-492d7f3a8364@group-83C26644CFDA: changes role from  FOLLOWER to FOLLOWER at term 169 for recognizeCandidate:4b287a15-77af-487b-aef7-34d1d0ee189f
2019-10-16 21:01:40,302 [grpc-default-executor-1] INFO  impl.RoleInfo (RoleInfo.java:shutdownFollowerState(121)) - 0aa3649f-570d-46c6-937f-492d7f3a8364: shutdown FollowerState
2019-10-16 21:01:40,301 [grpc-default-executor-3] INFO  impl.RaftServerImpl (RaftServerImpl.java:setRole(184)) - 4a03179f-3169-4ac7-a075-259968512ef0@group-83C26644CFDA: changes role from  FOLLOWER to FOLLOWER at term 169 for recognizeCandidate:4b287a15-77af-487b-aef7-34d1d0ee189f
2019-10-16 21:01:40,302 [Thread-1333] INFO  impl.FollowerState (FollowerState.java:run(117)) - 0aa3649f-570d-46c6-937f-492d7f3a8364@group-83C26644CFDA-FollowerState was interrupted: java.lang.InterruptedException: sleep interrupted
2019-10-16 21:01:40,302 [grpc-default-executor-1] INFO  impl.RoleInfo (RoleInfo.java:updateAndGet(143)) - 0aa3649f-570d-46c6-937f-492d7f3a8364: start FollowerState
2019-10-16 21:01:40,302 [grpc-default-executor-3] INFO  impl.RoleInfo (RoleInfo.java:shutdownFollowerState(121)) - 4a03179f-3169-4ac7-a075-259968512ef0: shutdown FollowerState
2019-10-16 21:01:40,302 [grpc-default-executor-3] INFO  impl.RoleInfo (RoleInfo.java:updateAndGet(143)) - 4a03179f-3169-4ac7-a075-259968512ef0: start FollowerState
2019-10-16 21:01:40,302 [Thread-1334] INFO  impl.FollowerState (FollowerState.java:run(117)) - 4a03179f-3169-4ac7-a075-259968512ef0@group-83C26644CFDA-FollowerState was interrupted: java.lang.InterruptedException: sleep interrupted
2019-10-16 21:01:40,316 [4b287a15-77af-487b-aef7-34d1d0ee189f@group-83C26644CFDA-LeaderElection171] INFO  impl.LeaderElection (LeaderElection.java:logAndReturn(56)) - 4b287a15-77af-487b-aef7-34d1d0ee189f@group-83C26644CFDA-LeaderElection171: Election REJECTED; received 2 response(s) [4b287a15-77af-487b-aef7-34d1d0ee189f<-0aa3649f-570d-46c6-937f-492d7f3a8364#0:FAIL-t169, 4b287a15-77af-487b-aef7-34d1d0ee189f<-4a03179f-3169-4ac7-a075-259968512ef0#0:FAIL-t169] and 0 exception(s); 4b287a15-77af-487b-aef7-34d1d0ee189f@group-83C26644CFDA:t169, leader=null, voted=4b287a15-77af-487b-aef7-34d1d0ee189f, raftlog=4b287a15-77af-487b-aef7-34d1d0ee189f@group-83C26644CFDA-SegmentedRaftLog:OPENED:c-1,f-1,i0, conf=-1: [4b287a15-77af-487b-aef7-34d1d0ee189f:192.168.34.38:38597, 0aa3649f-570d-46c6-937f-492d7f3a8364:192.168.34.38:33209, 4a03179f-3169-4ac7-a075-259968512ef0:192.168.34.38:45833], old=null
2019-10-16 21:01:40,316 [4b287a15-77af-487b-aef7-34d1d0ee189f@group-83C26644CFDA-LeaderElection171] INFO  impl.RaftServerImpl (RaftServerImpl.java:setRole(184)) - 4b287a15-77af-487b-aef7-34d1d0ee189f@group-83C26644CFDA: changes role from CANDIDATE to FOLLOWER at term 169 for DISCOVERED_A_NEW_TERM
2019-10-16 21:01:40,316 [4b287a15-77af-487b-aef7-34d1d0ee189f@group-83C26644CFDA-LeaderElection171] INFO  impl.RoleInfo (RoleInfo.java:shutdownLeaderElection(134)) - 4b287a15-77af-487b-aef7-34d1d0ee189f: shutdown LeaderElection
2019-10-16 21:01:40,317 [4b287a15-77af-487b-aef7-34d1d0ee189f@group-83C26644CFDA-LeaderElection171] INFO  impl.RoleInfo (RoleInfo.java:updateAndGet(143)) - 4b287a15-77af-487b-aef7-34d1d0ee189f: start FollowerState
2019-10-16 21:01:40,353 [main] INFO  ozone.MiniOzoneClusterImpl (MiniOzoneClusterImpl.java:lambda$waitForClusterToBeReady$2(164)) - Waiting for 1 number of pipelines out of 4, to report a leader.
2019-10-16 21:01:40,409 [Thread-1341] INFO  impl.FollowerState (FollowerState.java:run(108)) - 4b287a15-77af-487b-aef7-34d1d0ee189f@group-83C26644CFDA-FollowerState: change to CANDIDATE, lastRpcTime:92ms, electionTimeout:92ms
2019-10-16 21:01:40,409 [Thread-1341] INFO  impl.RoleInfo (RoleInfo.java:shutdownFollowerState(121)) - 4b287a15-77af-487b-aef7-34d1d0ee189f: shutdown FollowerState
2019-10-16 21:01:40,409 [Thread-1341] INFO  impl.RaftServerImpl (RaftServerImpl.java:setRole(184)) - 4b287a15-77af-487b-aef7-34d1d0ee189f@group-83C26644CFDA: changes role from  FOLLOWER to CANDIDATE at term 169 for changeToCandidate
2019-10-16 21:01:40,410 [Thread-1341] INFO  impl.RoleInfo (RoleInfo.java:updateAndGet(143)) - 4b287a15-77af-487b-aef7-34d1d0ee189f: start LeaderElection
2019-10-16 21:01:40,424 [4b287a15-77af-487b-aef7-34d1d0ee189f@group-83C26644CFDA-LeaderElection172] INFO  impl.LeaderElection (LeaderElection.java:askForVotes(178)) - 4b287a15-77af-487b-aef7-34d1d0ee189f@group-83C26644CFDA-LeaderElection172: begin an election at term 170 for -1: [4b287a15-77af-487b-aef7-34d1d0ee189f:192.168.34.38:38597, 0aa3649f-570d-46c6-937f-492d7f3a8364:192.168.34.38:33209, 4a03179f-3169-4ac7-a075-259968512ef0:192.168.34.38:45833], old=null
2019-10-16 21:01:40,426 [grpc-default-executor-3] INFO  impl.RaftServerImpl (RaftServerImpl.java:setRole(184)) - 0aa3649f-570d-46c6-937f-492d7f3a8364@group-83C26644CFDA: changes role from  FOLLOWER to FOLLOWER at term 170 for recognizeCandidate:4b287a15-77af-487b-aef7-34d1d0ee189f
2019-10-16 21:01:40,426 [grpc-default-executor-3] INFO  impl.RoleInfo (RoleInfo.java:shutdownFollowerState(121)) - 0aa3649f-570d-46c6-937f-492d7f3a8364: shutdown FollowerState
2019-10-16 21:01:40,427 [grpc-default-executor-1] INFO  impl.RaftServerImpl (RaftServerImpl.java:setRole(184)) - 4a03179f-3169-4ac7-a075-259968512ef0@group-83C26644CFDA: changes role from  FOLLOWER to FOLLOWER at term 170 for recognizeCandidate:4b287a15-77af-487b-aef7-34d1d0ee189f
2019-10-16 21:01:40,427 [grpc-default-executor-1] INFO  impl.RoleInfo (RoleInfo.java:shutdownFollowerState(121)) - 4a03179f-3169-4ac7-a075-259968512ef0: shutdown FollowerState
2019-10-16 21:01:40,427 [Thread-1339] INFO  impl.FollowerState (FollowerState.java:run(117)) - 0aa3649f-570d-46c6-937f-492d7f3a8364@group-83C26644CFDA-FollowerState was interrupted: java.lang.InterruptedException: sleep interrupted
2019-10-16 21:01:40,427 [grpc-default-executor-3] INFO  impl.RoleInfo (RoleInfo.java:updateAndGet(143)) - 0aa3649f-570d-46c6-937f-492d7f3a8364: start FollowerState
2019-10-16 21:01:40,427 [grpc-default-executor-1] INFO  impl.RoleInfo (RoleInfo.java:updateAndGet(143)) - 4a03179f-3169-4ac7-a075-259968512ef0: start FollowerState
2019-10-16 21:01:40,427 [Thread-1340] INFO  impl.FollowerState (FollowerState.java:run(117)) - 4a03179f-3169-4ac7-a075-259968512ef0@group-83C26644CFDA-FollowerState was interrupted: java.lang.InterruptedException: sleep interrupted
2019-10-16 21:01:40,441 [4b287a15-77af-487b-aef7-34d1d0ee189f@group-83C26644CFDA-LeaderElection172] INFO  impl.LeaderElection (LeaderElection.java:logAndReturn(56)) - 4b287a15-77af-487b-aef7-34d1d0ee189f@group-83C26644CFDA-LeaderElection172: Election REJECTED; received 2 response(s) [4b287a15-77af-487b-aef7-34d1d0ee189f<-0aa3649f-570d-46c6-937f-492d7f3a8364#0:FAIL-t170, 4b287a15-77af-487b-aef7-34d1d0ee189f<-4a03179f-3169-4ac7-a075-259968512ef0#0:FAIL-t170] and 0 exception(s); 4b287a15-77af-487b-aef7-34d1d0ee189f@group-83C26644CFDA:t170, leader=null, voted=4b287a15-77af-487b-aef7-34d1d0ee189f, raftlog=4b287a15-77af-487b-aef7-34d1d0ee189f@group-83C26644CFDA-SegmentedRaftLog:OPENED:c-1,f-1,i0, conf=-1: [4b287a15-77af-487b-aef7-34d1d0ee189f:192.168.34.38:38597, 0aa3649f-570d-46c6-937f-492d7f3a8364:192.168.34.38:33209, 4a03179f-3169-4ac7-a075-259968512ef0:192.168.34.38:45833], old=null
2019-10-16 21:01:40,441 [4b287a15-77af-487b-aef7-34d1d0ee189f@group-83C26644CFDA-LeaderElection172] INFO  impl.RaftServerImpl (RaftServerImpl.java:setRole(184)) - 4b287a15-77af-487b-aef7-34d1d0ee189f@group-83C26644CFDA: changes role from CANDIDATE to FOLLOWER at term 170 for DISCOVERED_A_NEW_TERM
2019-10-16 21:01:40,441 [4b287a15-77af-487b-aef7-34d1d0ee189f@group-83C26644CFDA-LeaderElection172] INFO  impl.RoleInfo (RoleInfo.java:shutdownLeaderElection(134)) - 4b287a15-77af-487b-aef7-34d1d0ee189f: shutdown LeaderElection
2019-10-16 21:01:40,441 [4b287a15-77af-487b-aef7-34d1d0ee189f@group-83C26644CFDA-LeaderElection172] INFO  impl.RoleInfo (RoleInfo.java:updateAndGet(143)) - 4b287a15-77af-487b-aef7-34d1d0ee189f: start FollowerState
2019-10-16 21:01:40,516 [Thread-1347] INFO  impl.FollowerState (FollowerState.java:run(108)) - 4b287a15-77af-487b-aef7-34d1d0ee189f@group-83C26644CFDA-FollowerState: change to CANDIDATE, lastRpcTime:75ms, electionTimeout:75ms
2019-10-16 21:01:40,516 [Thread-1347] INFO  impl.RoleInfo (RoleInfo.java:shutdownFollowerState(121)) - 4b287a15-77af-487b-aef7-34d1d0ee189f: shutdown FollowerState
2019-10-16 21:01:40,517 [Thread-1347] INFO  impl.RaftServerImpl (RaftServerImpl.java:setRole(184)) - 4b287a15-77af-487b-aef7-34d1d0ee189f@group-83C26644CFDA: changes role from  FOLLOWER to CANDIDATE at term 170 for changeToCandidate
2019-10-16 21:01:40,517 [Thread-1347] INFO  impl.RoleInfo (RoleInfo.java:updateAndGet(143)) - 4b287a15-77af-487b-aef7-34d1d0ee189f: start LeaderElection
2019-10-16 21:01:40,532 [4b287a15-77af-487b-aef7-34d1d0ee189f@group-83C26644CFDA-LeaderElection173] INFO  impl.LeaderElection (LeaderElection.java:askForVotes(178)) - 4b287a15-77af-487b-aef7-34d1d0ee189f@group-83C26644CFDA-LeaderElection173: begin an election at term 171 for -1: [4b287a15-77af-487b-aef7-34d1d0ee189f:192.168.34.38:38597, 0aa3649f-570d-46c6-937f-492d7f3a8364:192.168.34.38:33209, 4a03179f-3169-4ac7-a075-259968512ef0:192.168.34.38:45833], old=null
2019-10-16 21:01:40,535 [grpc-default-executor-3] INFO  impl.RaftServerImpl (RaftServerImpl.java:setRole(184)) - 0aa3649f-570d-46c6-937f-492d7f3a8364@group-83C26644CFDA: changes role from  FOLLOWER to FOLLOWER at term 171 for recognizeCandidate:4b287a15-77af-487b-aef7-34d1d0ee189f
2019-10-16 21:01:40,535 [grpc-default-executor-3] INFO  impl.RoleInfo (RoleInfo.java:shutdownFollowerState(121)) - 0aa3649f-570d-46c6-937f-492d7f3a8364: shutdown FollowerState
2019-10-16 21:01:40,535 [grpc-default-executor-3] INFO  impl.RoleInfo (RoleInfo.java:updateAndGet(143)) - 0aa3649f-570d-46c6-937f-492d7f3a8364: start FollowerState
2019-10-16 21:01:40,535 [Thread-1345] INFO  impl.FollowerState (FollowerState.java:run(117)) - 0aa3649f-570d-46c6-937f-492d7f3a8364@group-83C26644CFDA-FollowerState was interrupted: java.lang.InterruptedException: sleep interrupted
2019-10-16 21:01:40,535 [grpc-default-executor-1] INFO  impl.RaftServerImpl (RaftServerImpl.java:setRole(184)) - 4a03179f-3169-4ac7-a075-259968512ef0@group-83C26644CFDA: changes role from  FOLLOWER to FOLLOWER at term 171 for recognizeCandidate:4b287a15-77af-487b-aef7-34d1d0ee189f
2019-10-16 21:01:40,536 [grpc-default-executor-1] INFO  impl.RoleInfo (RoleInfo.java:shutdownFollowerState(121)) - 4a03179f-3169-4ac7-a075-259968512ef0: shutdown FollowerState
2019-10-16 21:01:40,536 [grpc-default-executor-1] INFO  impl.RoleInfo (RoleInfo.java:updateAndGet(143)) - 4a03179f-3169-4ac7-a075-259968512ef0: start FollowerState
2019-10-16 21:01:40,536 [Thread-1346] INFO  impl.FollowerState (FollowerState.java:run(117)) - 4a03179f-3169-4ac7-a075-259968512ef0@group-83C26644CFDA-FollowerState was interrupted: java.lang.InterruptedException: sleep interrupted
2019-10-16 21:01:40,550 [4b287a15-77af-487b-aef7-34d1d0ee189f@group-83C26644CFDA-LeaderElection173] INFO  impl.LeaderElection (LeaderElection.java:logAndReturn(56)) - 4b287a15-77af-487b-aef7-34d1d0ee189f@group-83C26644CFDA-LeaderElection173: Election REJECTED; received 2 response(s) [4b287a15-77af-487b-aef7-34d1d0ee189f<-0aa3649f-570d-46c6-937f-492d7f3a8364#0:FAIL-t171, 4b287a15-77af-487b-aef7-34d1d0ee189f<-4a03179f-3169-4ac7-a075-259968512ef0#0:FAIL-t171] and 0 exception(s); 4b287a15-77af-487b-aef7-34d1d0ee189f@group-83C26644CFDA:t171, leader=null, voted=4b287a15-77af-487b-aef7-34d1d0ee189f, raftlog=4b287a15-77af-487b-aef7-34d1d0ee189f@group-83C26644CFDA-SegmentedRaftLog:OPENED:c-1,f-1,i0, conf=-1: [4b287a15-77af-487b-aef7-34d1d0ee189f:192.168.34.38:38597, 0aa3649f-570d-46c6-937f-492d7f3a8364:192.168.34.38:33209, 4a03179f-3169-4ac7-a075-259968512ef0:192.168.34.38:45833], old=null
2019-10-16 21:01:40,550 [4b287a15-77af-487b-aef7-34d1d0ee189f@group-83C26644CFDA-LeaderElection173] INFO  impl.RaftServerImpl (RaftServerImpl.java:setRole(184)) - 4b287a15-77af-487b-aef7-34d1d0ee189f@group-83C26644CFDA: changes role from CANDIDATE to FOLLOWER at term 171 for DISCOVERED_A_NEW_TERM
2019-10-16 21:01:40,550 [4b287a15-77af-487b-aef7-34d1d0ee189f@group-83C26644CFDA-LeaderElection173] INFO  impl.RoleInfo (RoleInfo.java:shutdownLeaderElection(134)) - 4b287a15-77af-487b-aef7-34d1d0ee189f: shutdown LeaderElection
2019-10-16 21:01:40,550 [4b287a15-77af-487b-aef7-34d1d0ee189f@group-83C26644CFDA-LeaderElection173] INFO  impl.RoleInfo (RoleInfo.java:updateAndGet(143)) - 4b287a15-77af-487b-aef7-34d1d0ee189f: start FollowerState
2019-10-16 21:01:40,623 [Thread-1353] INFO  impl.FollowerState (FollowerState.java:run(108)) - 4b287a15-77af-487b-aef7-34d1d0ee189f@group-83C26644CFDA-FollowerState: change to CANDIDATE, lastRpcTime:73ms, electionTimeout:73ms
2019-10-16 21:01:40,624 [Thread-1353] INFO  impl.RoleInfo (RoleInfo.java:shutdownFollowerState(121)) - 4b287a15-77af-487b-aef7-34d1d0ee189f: shutdown FollowerState
2019-10-16 21:01:40,624 [Thread-1353] INFO  impl.RaftServerImpl (RaftServerImpl.java:setRole(184)) - 4b287a15-77af-487b-aef7-34d1d0ee189f@group-83C26644CFDA: changes role from  FOLLOWER to CANDIDATE at term 171 for changeToCandidate
2019-10-16 21:01:40,624 [Thread-1353] INFO  impl.RoleInfo (RoleInfo.java:updateAndGet(143)) - 4b287a15-77af-487b-aef7-34d1d0ee189f: start LeaderElection
2019-10-16 21:01:40,637 [4b287a15-77af-487b-aef7-34d1d0ee189f@group-83C26644CFDA-LeaderElection174] INFO  impl.LeaderElection (LeaderElection.java:askForVotes(178)) - 4b287a15-77af-487b-aef7-34d1d0ee189f@group-83C26644CFDA-LeaderElection174: begin an election at term 172 for -1: [4b287a15-77af-487b-aef7-34d1d0ee189f:192.168.34.38:38597, 0aa3649f-570d-46c6-937f-492d7f3a8364:192.168.34.38:33209, 4a03179f-3169-4ac7-a075-259968512ef0:192.168.34.38:45833], old=null
2019-10-16 21:01:40,640 [grpc-default-executor-1] INFO  impl.RaftServerImpl (RaftServerImpl.java:setRole(184)) - 0aa3649f-570d-46c6-937f-492d7f3a8364@group-83C26644CFDA: changes role from  FOLLOWER to FOLLOWER at term 172 for recognizeCandidate:4b287a15-77af-487b-aef7-34d1d0ee189f
2019-10-16 21:01:40,640 [grpc-default-executor-1] INFO  impl.RoleInfo (RoleInfo.java:shutdownFollowerState(121)) - 0aa3649f-570d-46c6-937f-492d7f3a8364: shutdown FollowerState
2019-10-16 21:01:40,640 [grpc-default-executor-1] INFO  impl.RoleInfo (RoleInfo.java:updateAndGet(143)) - 0aa3649f-570d-46c6-937f-492d7f3a8364: start FollowerState
2019-10-16 21:01:40,641 [grpc-default-executor-3] INFO  impl.RaftServerImpl (RaftServerImpl.java:setRole(184)) - 4a03179f-3169-4ac7-a075-259968512ef0@group-83C26644CFDA: changes role from  FOLLOWER to FOLLOWER at term 172 for recognizeCandidate:4b287a15-77af-487b-aef7-34d1d0ee189f
2019-10-16 21:01:40,640 [Thread-1351] INFO  impl.FollowerState (FollowerState.java:run(117)) - 0aa3649f-570d-46c6-937f-492d7f3a8364@group-83C26644CFDA-FollowerState was interrupted: java.lang.InterruptedException: sleep interrupted
2019-10-16 21:01:40,641 [grpc-default-executor-3] INFO  impl.RoleInfo (RoleInfo.java:shutdownFollowerState(121)) - 4a03179f-3169-4ac7-a075-259968512ef0: shutdown FollowerState
2019-10-16 21:01:40,641 [Thread-1352] INFO  impl.FollowerState (FollowerState.java:run(117)) - 4a03179f-3169-4ac7-a075-259968512ef0@group-83C26644CFDA-FollowerState was interrupted: java.lang.InterruptedException: sleep interrupted
2019-10-16 21:01:40,641 [grpc-default-executor-3] INFO  impl.RoleInfo (RoleInfo.java:updateAndGet(143)) - 4a03179f-3169-4ac7-a075-259968512ef0: start FollowerState
2019-10-16 21:01:40,661 [4b287a15-77af-487b-aef7-34d1d0ee189f@group-83C26644CFDA-LeaderElection174] INFO  impl.LeaderElection (LeaderElection.java:logAndReturn(56)) - 4b287a15-77af-487b-aef7-34d1d0ee189f@group-83C26644CFDA-LeaderElection174: Election REJECTED; received 2 response(s) [4b287a15-77af-487b-aef7-34d1d0ee189f<-0aa3649f-570d-46c6-937f-492d7f3a8364#0:FAIL-t172, 4b287a15-77af-487b-aef7-34d1d0ee189f<-4a03179f-3169-4ac7-a075-259968512ef0#0:FAIL-t172] and 0 exception(s); 4b287a15-77af-487b-aef7-34d1d0ee189f@group-83C26644CFDA:t172, leader=null, voted=4b287a15-77af-487b-aef7-34d1d0ee189f, raftlog=4b287a15-77af-487b-aef7-34d1d0ee189f@group-83C26644CFDA-SegmentedRaftLog:OPENED:c-1,f-1,i0, conf=-1: [4b287a15-77af-487b-aef7-34d1d0ee189f:192.168.34.38:38597, 0aa3649f-570d-46c6-937f-492d7f3a8364:192.168.34.38:33209, 4a03179f-3169-4ac7-a075-259968512ef0:192.168.34.38:45833], old=null
2019-10-16 21:01:40,661 [4b287a15-77af-487b-aef7-34d1d0ee189f@group-83C26644CFDA-LeaderElection174] INFO  impl.RaftServerImpl (RaftServerImpl.java:setRole(184)) - 4b287a15-77af-487b-aef7-34d1d0ee189f@group-83C26644CFDA: changes role from CANDIDATE to FOLLOWER at term 172 for DISCOVERED_A_NEW_TERM
2019-10-16 21:01:40,661 [4b287a15-77af-487b-aef7-34d1d0ee189f@group-83C26644CFDA-LeaderElection174] INFO  impl.RoleInfo (RoleInfo.java:shutdownLeaderElection(134)) - 4b287a15-77af-487b-aef7-34d1d0ee189f: shutdown LeaderElection
2019-10-16 21:01:40,661 [4b287a15-77af-487b-aef7-34d1d0ee189f@group-83C26644CFDA-LeaderElection174] INFO  impl.RoleInfo (RoleInfo.java:updateAndGet(143)) - 4b287a15-77af-487b-aef7-34d1d0ee189f: start FollowerState
2019-10-16 21:01:40,810 [Thread-1359] INFO  impl.FollowerState (FollowerState.java:run(108)) - 4b287a15-77af-487b-aef7-34d1d0ee189f@group-83C26644CFDA-FollowerState: change to CANDIDATE, lastRpcTime:148ms, electionTimeout:148ms
2019-10-16 21:01:40,810 [Thread-1359] INFO  impl.RoleInfo (RoleInfo.java:shutdownFollowerState(121)) - 4b287a15-77af-487b-aef7-34d1d0ee189f: shutdown FollowerState
2019-10-16 21:01:40,810 [Thread-1359] INFO  impl.RaftServerImpl (RaftServerImpl.java:setRole(184)) - 4b287a15-77af-487b-aef7-34d1d0ee189f@group-83C26644CFDA: changes role from  FOLLOWER to CANDIDATE at term 172 for changeToCandidate
2019-10-16 21:01:40,810 [Thread-1359] INFO  impl.RoleInfo (RoleInfo.java:updateAndGet(143)) - 4b287a15-77af-487b-aef7-34d1d0ee189f: start LeaderElection
2019-10-16 21:01:40,823 [4b287a15-77af-487b-aef7-34d1d0ee189f@group-83C26644CFDA-LeaderElection175] INFO  impl.LeaderElection (LeaderElection.java:askForVotes(178)) - 4b287a15-77af-487b-aef7-34d1d0ee189f@group-83C26644CFDA-LeaderElection175: begin an election at term 173 for -1: [4b287a15-77af-487b-aef7-34d1d0ee189f:192.168.34.38:38597, 0aa3649f-570d-46c6-937f-492d7f3a8364:192.168.34.38:33209, 4a03179f-3169-4ac7-a075-259968512ef0:192.168.34.38:45833], old=null
2019-10-16 21:01:40,826 [grpc-default-executor-3] INFO  impl.RaftServerImpl (RaftServerImpl.java:setRole(184)) - 4a03179f-3169-4ac7-a075-259968512ef0@group-83C26644CFDA: changes role from  FOLLOWER to FOLLOWER at term 173 for recognizeCandidate:4b287a15-77af-487b-aef7-34d1d0ee189f
2019-10-16 21:01:40,826 [grpc-default-executor-1] INFO  impl.RaftServerImpl (RaftServerImpl.java:setRole(184)) - 0aa3649f-570d-46c6-937f-492d7f3a8364@group-83C26644CFDA: changes role from  FOLLOWER to FOLLOWER at term 173 for recognizeCandidate:4b287a15-77af-487b-aef7-34d1d0ee189f
2019-10-16 21:01:40,826 [grpc-default-executor-1] INFO  impl.RoleInfo (RoleInfo.java:shutdownFollowerState(121)) - 0aa3649f-570d-46c6-937f-492d7f3a8364: shutdown FollowerState
2019-10-16 21:01:40,826 [grpc-default-executor-3] INFO  impl.RoleInfo (RoleInfo.java:shutdownFollowerState(121)) - 4a03179f-3169-4ac7-a075-259968512ef0: shutdown FollowerState
2019-10-16 21:01:40,826 [Thread-1357] INFO  impl.FollowerState (FollowerState.java:run(117)) - 0aa3649f-570d-46c6-937f-492d7f3a8364@group-83C26644CFDA-FollowerState was interrupted: java.lang.InterruptedException: sleep interrupted
2019-10-16 21:01:40,827 [Thread-1358] INFO  impl.FollowerState (FollowerState.java:run(117)) - 4a03179f-3169-4ac7-a075-259968512ef0@group-83C26644CFDA-FollowerState was interrupted: java.lang.InterruptedException: sleep interrupted
2019-10-16 21:01:40,826 [grpc-default-executor-1] INFO  impl.RoleInfo (RoleInfo.java:updateAndGet(143)) - 0aa3649f-570d-46c6-937f-492d7f3a8364: start FollowerState
2019-10-16 21:01:40,827 [grpc-default-executor-3] INFO  impl.RoleInfo (RoleInfo.java:updateAndGet(143)) - 4a03179f-3169-4ac7-a075-259968512ef0: start FollowerState
2019-10-16 21:01:40,841 [4b287a15-77af-487b-aef7-34d1d0ee189f@group-83C26644CFDA-LeaderElection175] INFO  impl.LeaderElection (LeaderElection.java:logAndReturn(56)) - 4b287a15-77af-487b-aef7-34d1d0ee189f@group-83C26644CFDA-LeaderElection175: Election REJECTED; received 2 response(s) [4b287a15-77af-487b-aef7-34d1d0ee189f<-0aa3649f-570d-46c6-937f-492d7f3a8364#0:FAIL-t173, 4b287a15-77af-487b-aef7-34d1d0ee189f<-4a03179f-3169-4ac7-a075-259968512ef0#0:FAIL-t173] and 0 exception(s); 4b287a15-77af-487b-aef7-34d1d0ee189f@group-83C26644CFDA:t173, leader=null, voted=4b287a15-77af-487b-aef7-34d1d0ee189f, raftlog=4b287a15-77af-487b-aef7-34d1d0ee189f@group-83C26644CFDA-SegmentedRaftLog:OPENED:c-1,f-1,i0, conf=-1: [4b287a15-77af-487b-aef7-34d1d0ee189f:192.168.34.38:38597, 0aa3649f-570d-46c6-937f-492d7f3a8364:192.168.34.38:33209, 4a03179f-3169-4ac7-a075-259968512ef0:192.168.34.38:45833], old=null
2019-10-16 21:01:40,842 [4b287a15-77af-487b-aef7-34d1d0ee189f@group-83C26644CFDA-LeaderElection175] INFO  impl.RaftServerImpl (RaftServerImpl.java:setRole(184)) - 4b287a15-77af-487b-aef7-34d1d0ee189f@group-83C26644CFDA: changes role from CANDIDATE to FOLLOWER at term 173 for DISCOVERED_A_NEW_TERM
2019-10-16 21:01:40,842 [4b287a15-77af-487b-aef7-34d1d0ee189f@group-83C26644CFDA-LeaderElection175] INFO  impl.RoleInfo (RoleInfo.java:shutdownLeaderElection(134)) - 4b287a15-77af-487b-aef7-34d1d0ee189f: shutdown LeaderElection
2019-10-16 21:01:40,842 [4b287a15-77af-487b-aef7-34d1d0ee189f@group-83C26644CFDA-LeaderElection175] INFO  impl.RoleInfo (RoleInfo.java:updateAndGet(143)) - 4b287a15-77af-487b-aef7-34d1d0ee189f: start FollowerState
2019-10-16 21:01:40,968 [Thread-1365] INFO  impl.FollowerState (FollowerState.java:run(108)) - 4b287a15-77af-487b-aef7-34d1d0ee189f@group-83C26644CFDA-FollowerState: change to CANDIDATE, lastRpcTime:126ms, electionTimeout:126ms
2019-10-16 21:01:40,969 [Thread-1365] INFO  impl.RoleInfo (RoleInfo.java:shutdownFollowerState(121)) - 4b287a15-77af-487b-aef7-34d1d0ee189f: shutdown FollowerState
2019-10-16 21:01:40,969 [Thread-1365] INFO  impl.RaftServerImpl (RaftServerImpl.java:setRole(184)) - 4b287a15-77af-487b-aef7-34d1d0ee189f@group-83C26644CFDA: changes role from  FOLLOWER to CANDIDATE at term 173 for changeToCandidate
2019-10-16 21:01:40,969 [Thread-1365] INFO  impl.RoleInfo (RoleInfo.java:updateAndGet(143)) - 4b287a15-77af-487b-aef7-34d1d0ee189f: start LeaderElection
2019-10-16 21:01:40,975 [4b287a15-77af-487b-aef7-34d1d0ee189f@group-83C26644CFDA-LeaderElection176] INFO  impl.LeaderElection (LeaderElection.java:askForVotes(178)) - 4b287a15-77af-487b-aef7-34d1d0ee189f@group-83C26644CFDA-LeaderElection176: begin an election at term 174 for -1: [4b287a15-77af-487b-aef7-34d1d0ee189f:192.168.34.38:38597, 0aa3649f-570d-46c6-937f-492d7f3a8364:192.168.34.38:33209, 4a03179f-3169-4ac7-a075-259968512ef0:192.168.34.38:45833], old=null
2019-10-16 21:01:40,978 [grpc-default-executor-3] INFO  impl.RaftServerImpl (RaftServerImpl.java:setRole(184)) - 4a03179f-3169-4ac7-a075-259968512ef0@group-83C26644CFDA: changes role from  FOLLOWER to FOLLOWER at term 174 for recognizeCandidate:4b287a15-77af-487b-aef7-34d1d0ee189f
2019-10-16 21:01:40,978 [grpc-default-executor-3] INFO  impl.RoleInfo (RoleInfo.java:shutdownFollowerState(121)) - 4a03179f-3169-4ac7-a075-259968512ef0: shutdown FollowerState
2019-10-16 21:01:40,978 [grpc-default-executor-3] INFO  impl.RoleInfo (RoleInfo.java:updateAndGet(143)) - 4a03179f-3169-4ac7-a075-259968512ef0: start FollowerState
2019-10-16 21:01:40,978 [Thread-1364] INFO  impl.FollowerState (FollowerState.java:run(117)) - 4a03179f-3169-4ac7-a075-259968512ef0@group-83C26644CFDA-FollowerState was interrupted: java.lang.InterruptedException: sleep interrupted
2019-10-16 21:01:40,978 [grpc-default-executor-1] INFO  impl.RaftServerImpl (RaftServerImpl.java:setRole(184)) - 0aa3649f-570d-46c6-937f-492d7f3a8364@group-83C26644CFDA: changes role from  FOLLOWER to FOLLOWER at term 174 for recognizeCandidate:4b287a15-77af-487b-aef7-34d1d0ee189f
2019-10-16 21:01:40,979 [grpc-default-executor-1] INFO  impl.RoleInfo (RoleInfo.java:shutdownFollowerState(121)) - 0aa3649f-570d-46c6-937f-492d7f3a8364: shutdown FollowerState
2019-10-16 21:01:40,979 [grpc-default-executor-1] INFO  impl.RoleInfo (RoleInfo.java:updateAndGet(143)) - 0aa3649f-570d-46c6-937f-492d7f3a8364: start FollowerState
2019-10-16 21:01:40,979 [Thread-1363] INFO  impl.FollowerState (FollowerState.java:run(117)) - 0aa3649f-570d-46c6-937f-492d7f3a8364@group-83C26644CFDA-FollowerState was interrupted: java.lang.InterruptedException: sleep interrupted
2019-10-16 21:01:40,992 [4b287a15-77af-487b-aef7-34d1d0ee189f@group-83C26644CFDA-LeaderElection176] INFO  impl.LeaderElection (LeaderElection.java:logAndReturn(56)) - 4b287a15-77af-487b-aef7-34d1d0ee189f@group-83C26644CFDA-LeaderElection176: Election REJECTED; received 2 response(s) [4b287a15-77af-487b-aef7-34d1d0ee189f<-0aa3649f-570d-46c6-937f-492d7f3a8364#0:FAIL-t174, 4b287a15-77af-487b-aef7-34d1d0ee189f<-4a03179f-3169-4ac7-a075-259968512ef0#0:FAIL-t174] and 0 exception(s); 4b287a15-77af-487b-aef7-34d1d0ee189f@group-83C26644CFDA:t174, leader=null, voted=4b287a15-77af-487b-aef7-34d1d0ee189f, raftlog=4b287a15-77af-487b-aef7-34d1d0ee189f@group-83C26644CFDA-SegmentedRaftLog:OPENED:c-1,f-1,i0, conf=-1: [4b287a15-77af-487b-aef7-34d1d0ee189f:192.168.34.38:38597, 0aa3649f-570d-46c6-937f-492d7f3a8364:192.168.34.38:33209, 4a03179f-3169-4ac7-a075-259968512ef0:192.168.34.38:45833], old=null
2019-10-16 21:01:40,992 [4b287a15-77af-487b-aef7-34d1d0ee189f@group-83C26644CFDA-LeaderElection176] INFO  impl.RaftServerImpl (RaftServerImpl.java:setRole(184)) - 4b287a15-77af-487b-aef7-34d1d0ee189f@group-83C26644CFDA: changes role from CANDIDATE to FOLLOWER at term 174 for DISCOVERED_A_NEW_TERM
2019-10-16 21:01:40,993 [4b287a15-77af-487b-aef7-34d1d0ee189f@group-83C26644CFDA-LeaderElection176] INFO  impl.RoleInfo (RoleInfo.java:shutdownLeaderElection(134)) - 4b287a15-77af-487b-aef7-34d1d0ee189f: shutdown LeaderElection
2019-10-16 21:01:40,993 [4b287a15-77af-487b-aef7-34d1d0ee189f@group-83C26644CFDA-LeaderElection176] INFO  impl.RoleInfo (RoleInfo.java:updateAndGet(143)) - 4b287a15-77af-487b-aef7-34d1d0ee189f: start FollowerState
2019-10-16 21:01:41,178 [Thread-1371] INFO  impl.FollowerState (FollowerState.java:run(108)) - 4b287a15-77af-487b-aef7-34d1d0ee189f@group-83C26644CFDA-FollowerState: change to CANDIDATE, lastRpcTime:185ms, electionTimeout:185ms
2019-10-16 21:01:41,178 [Thread-1371] INFO  impl.RoleInfo (RoleInfo.java:shutdownFollowerState(121)) - 4b287a15-77af-487b-aef7-34d1d0ee189f: shutdown FollowerState
2019-10-16 21:01:41,178 [Thread-1371] INFO  impl.RaftServerImpl (RaftServerImpl.java:setRole(184)) - 4b287a15-77af-487b-aef7-34d1d0ee189f@group-83C26644CFDA: changes role from  FOLLOWER to CANDIDATE at term 174 for changeToCandidate
2019-10-16 21:01:41,179 [Thread-1371] INFO  impl.RoleInfo (RoleInfo.java:updateAndGet(143)) - 4b287a15-77af-487b-aef7-34d1d0ee189f: start LeaderElection
2019-10-16 21:01:41,204 [4b287a15-77af-487b-aef7-34d1d0ee189f@group-83C26644CFDA-LeaderElection177] INFO  impl.LeaderElection (LeaderElection.java:askForVotes(178)) - 4b287a15-77af-487b-aef7-34d1d0ee189f@group-83C26644CFDA-LeaderElection177: begin an election at term 175 for -1: [4b287a15-77af-487b-aef7-34d1d0ee189f:192.168.34.38:38597, 0aa3649f-570d-46c6-937f-492d7f3a8364:192.168.34.38:33209, 4a03179f-3169-4ac7-a075-259968512ef0:192.168.34.38:45833], old=null
2019-10-16 21:01:41,207 [grpc-default-executor-3] INFO  impl.RaftServerImpl (RaftServerImpl.java:setRole(184)) - 0aa3649f-570d-46c6-937f-492d7f3a8364@group-83C26644CFDA: changes role from  FOLLOWER to FOLLOWER at term 175 for recognizeCandidate:4b287a15-77af-487b-aef7-34d1d0ee189f
2019-10-16 21:01:41,207 [grpc-default-executor-1] INFO  impl.RaftServerImpl (RaftServerImpl.java:setRole(184)) - 4a03179f-3169-4ac7-a075-259968512ef0@group-83C26644CFDA: changes role from  FOLLOWER to FOLLOWER at term 175 for recognizeCandidate:4b287a15-77af-487b-aef7-34d1d0ee189f
2019-10-16 21:01:41,207 [grpc-default-executor-3] INFO  impl.RoleInfo (RoleInfo.java:shutdownFollowerState(121)) - 0aa3649f-570d-46c6-937f-492d7f3a8364: shutdown FollowerState
2019-10-16 21:01:41,207 [grpc-default-executor-1] INFO  impl.RoleInfo (RoleInfo.java:shutdownFollowerState(121)) - 4a03179f-3169-4ac7-a075-259968512ef0: shutdown FollowerState
2019-10-16 21:01:41,207 [Thread-1370] INFO  impl.FollowerState (FollowerState.java:run(117)) - 0aa3649f-570d-46c6-937f-492d7f3a8364@group-83C26644CFDA-FollowerState was interrupted: java.lang.InterruptedException: sleep interrupted
2019-10-16 21:01:41,207 [grpc-default-executor-3] INFO  impl.RoleInfo (RoleInfo.java:updateAndGet(143)) - 0aa3649f-570d-46c6-937f-492d7f3a8364: start FollowerState
2019-10-16 21:01:41,207 [Thread-1369] INFO  impl.FollowerState (FollowerState.java:run(117)) - 4a03179f-3169-4ac7-a075-259968512ef0@group-83C26644CFDA-FollowerState was interrupted: java.lang.InterruptedException: sleep interrupted
2019-10-16 21:01:41,207 [grpc-default-executor-1] INFO  impl.RoleInfo (RoleInfo.java:updateAndGet(143)) - 4a03179f-3169-4ac7-a075-259968512ef0: start FollowerState
2019-10-16 21:01:41,226 [4b287a15-77af-487b-aef7-34d1d0ee189f@group-83C26644CFDA-LeaderElection177] INFO  impl.LeaderElection (LeaderElection.java:logAndReturn(56)) - 4b287a15-77af-487b-aef7-34d1d0ee189f@group-83C26644CFDA-LeaderElection177: Election REJECTED; received 2 response(s) [4b287a15-77af-487b-aef7-34d1d0ee189f<-0aa3649f-570d-46c6-937f-492d7f3a8364#0:FAIL-t175, 4b287a15-77af-487b-aef7-34d1d0ee189f<-4a03179f-3169-4ac7-a075-259968512ef0#0:FAIL-t175] and 0 exception(s); 4b287a15-77af-487b-aef7-34d1d0ee189f@group-83C26644CFDA:t175, leader=null, voted=4b287a15-77af-487b-aef7-34d1d0ee189f, raftlog=4b287a15-77af-487b-aef7-34d1d0ee189f@group-83C26644CFDA-SegmentedRaftLog:OPENED:c-1,f-1,i0, conf=-1: [4b287a15-77af-487b-aef7-34d1d0ee189f:192.168.34.38:38597, 0aa3649f-570d-46c6-937f-492d7f3a8364:192.168.34.38:33209, 4a03179f-3169-4ac7-a075-259968512ef0:192.168.34.38:45833], old=null
2019-10-16 21:01:41,226 [4b287a15-77af-487b-aef7-34d1d0ee189f@group-83C26644CFDA-LeaderElection177] INFO  impl.RaftServerImpl (RaftServerImpl.java:setRole(184)) - 4b287a15-77af-487b-aef7-34d1d0ee189f@group-83C26644CFDA: changes role from CANDIDATE to FOLLOWER at term 175 for DISCOVERED_A_NEW_TERM
2019-10-16 21:01:41,226 [4b287a15-77af-487b-aef7-34d1d0ee189f@group-83C26644CFDA-LeaderElection177] INFO  impl.RoleInfo (RoleInfo.java:shutdownLeaderElection(134)) - 4b287a15-77af-487b-aef7-34d1d0ee189f: shutdown LeaderElection
2019-10-16 21:01:41,226 [4b287a15-77af-487b-aef7-34d1d0ee189f@group-83C26644CFDA-LeaderElection177] INFO  impl.RoleInfo (RoleInfo.java:updateAndGet(143)) - 4b287a15-77af-487b-aef7-34d1d0ee189f: start FollowerState
2019-10-16 21:01:41,287 [Thread-1377] INFO  impl.FollowerState (FollowerState.java:run(108)) - 4b287a15-77af-487b-aef7-34d1d0ee189f@group-83C26644CFDA-FollowerState: change to CANDIDATE, lastRpcTime:60ms, electionTimeout:60ms
2019-10-16 21:01:41,287 [Thread-1377] INFO  impl.RoleInfo (RoleInfo.java:shutdownFollowerState(121)) - 4b287a15-77af-487b-aef7-34d1d0ee189f: shutdown FollowerState
2019-10-16 21:01:41,287 [Thread-1377] INFO  impl.RaftServerImpl (RaftServerImpl.java:setRole(184)) - 4b287a15-77af-487b-aef7-34d1d0ee189f@group-83C26644CFDA: changes role from  FOLLOWER to CANDIDATE at term 175 for changeToCandidate
2019-10-16 21:01:41,288 [Thread-1377] INFO  impl.RoleInfo (RoleInfo.java:updateAndGet(143)) - 4b287a15-77af-487b-aef7-34d1d0ee189f: start LeaderElection
2019-10-16 21:01:41,294 [4b287a15-77af-487b-aef7-34d1d0ee189f@group-83C26644CFDA-LeaderElection178] INFO  impl.LeaderElection (LeaderElection.java:askForVotes(178)) - 4b287a15-77af-487b-aef7-34d1d0ee189f@group-83C26644CFDA-LeaderElection178: begin an election at term 176 for -1: [4b287a15-77af-487b-aef7-34d1d0ee189f:192.168.34.38:38597, 0aa3649f-570d-46c6-937f-492d7f3a8364:192.168.34.38:33209, 4a03179f-3169-4ac7-a075-259968512ef0:192.168.34.38:45833], old=null
2019-10-16 21:01:41,296 [grpc-default-executor-3] INFO  impl.RaftServerImpl (RaftServerImpl.java:setRole(184)) - 4a03179f-3169-4ac7-a075-259968512ef0@group-83C26644CFDA: changes role from  FOLLOWER to FOLLOWER at term 176 for recognizeCandidate:4b287a15-77af-487b-aef7-34d1d0ee189f
2019-10-16 21:01:41,296 [grpc-default-executor-1] INFO  impl.RaftServerImpl (RaftServerImpl.java:setRole(184)) - 0aa3649f-570d-46c6-937f-492d7f3a8364@group-83C26644CFDA: changes role from  FOLLOWER to FOLLOWER at term 176 for recognizeCandidate:4b287a15-77af-487b-aef7-34d1d0ee189f
2019-10-16 21:01:41,296 [grpc-default-executor-3] INFO  impl.RoleInfo (RoleInfo.java:shutdownFollowerState(121)) - 4a03179f-3169-4ac7-a075-259968512ef0: shutdown FollowerState
2019-10-16 21:01:41,296 [grpc-default-executor-1] INFO  impl.RoleInfo (RoleInfo.java:shutdownFollowerState(121)) - 0aa3649f-570d-46c6-937f-492d7f3a8364: shutdown FollowerState
2019-10-16 21:01:41,296 [grpc-default-executor-3] INFO  impl.RoleInfo (RoleInfo.java:updateAndGet(143)) - 4a03179f-3169-4ac7-a075-259968512ef0: start FollowerState
2019-10-16 21:01:41,297 [Thread-1376] INFO  impl.FollowerState (FollowerState.java:run(117)) - 4a03179f-3169-4ac7-a075-259968512ef0@group-83C26644CFDA-FollowerState was interrupted: java.lang.InterruptedException: sleep interrupted
2019-10-16 21:01:41,297 [Thread-1375] INFO  impl.FollowerState (FollowerState.java:run(117)) - 0aa3649f-570d-46c6-937f-492d7f3a8364@group-83C26644CFDA-FollowerState was interrupted: java.lang.InterruptedException: sleep interrupted
2019-10-16 21:01:41,297 [grpc-default-executor-1] INFO  impl.RoleInfo (RoleInfo.java:updateAndGet(143)) - 0aa3649f-570d-46c6-937f-492d7f3a8364: start FollowerState
2019-10-16 21:01:41,309 [4b287a15-77af-487b-aef7-34d1d0ee189f@group-83C26644CFDA-LeaderElection178] INFO  impl.LeaderElection (LeaderElection.java:logAndReturn(56)) - 4b287a15-77af-487b-aef7-34d1d0ee189f@group-83C26644CFDA-LeaderElection178: Election REJECTED; received 2 response(s) [4b287a15-77af-487b-aef7-34d1d0ee189f<-0aa3649f-570d-46c6-937f-492d7f3a8364#0:FAIL-t176, 4b287a15-77af-487b-aef7-34d1d0ee189f<-4a03179f-3169-4ac7-a075-259968512ef0#0:FAIL-t176] and 0 exception(s); 4b287a15-77af-487b-aef7-34d1d0ee189f@group-83C26644CFDA:t176, leader=null, voted=4b287a15-77af-487b-aef7-34d1d0ee189f, raftlog=4b287a15-77af-487b-aef7-34d1d0ee189f@group-83C26644CFDA-SegmentedRaftLog:OPENED:c-1,f-1,i0, conf=-1: [4b287a15-77af-487b-aef7-34d1d0ee189f:192.168.34.38:38597, 0aa3649f-570d-46c6-937f-492d7f3a8364:192.168.34.38:33209, 4a03179f-3169-4ac7-a075-259968512ef0:192.168.34.38:45833], old=null
2019-10-16 21:01:41,309 [4b287a15-77af-487b-aef7-34d1d0ee189f@group-83C26644CFDA-LeaderElection178] INFO  impl.RaftServerImpl (RaftServerImpl.java:setRole(184)) - 4b287a15-77af-487b-aef7-34d1d0ee189f@group-83C26644CFDA: changes role from CANDIDATE to FOLLOWER at term 176 for DISCOVERED_A_NEW_TERM
2019-10-16 21:01:41,309 [4b287a15-77af-487b-aef7-34d1d0ee189f@group-83C26644CFDA-LeaderElection178] INFO  impl.RoleInfo (RoleInfo.java:shutdownLeaderElection(134)) - 4b287a15-77af-487b-aef7-34d1d0ee189f: shutdown LeaderElection
2019-10-16 21:01:41,309 [4b287a15-77af-487b-aef7-34d1d0ee189f@group-83C26644CFDA-LeaderElection178] INFO  impl.RoleInfo (RoleInfo.java:updateAndGet(143)) - 4b287a15-77af-487b-aef7-34d1d0ee189f: start FollowerState
2019-10-16 21:01:41,339 [Thread-1383] INFO  impl.FollowerState (FollowerState.java:run(108)) - 4b287a15-77af-487b-aef7-34d1d0ee189f@group-83C26644CFDA-FollowerState: change to CANDIDATE, lastRpcTime:29ms, electionTimeout:29ms
2019-10-16 21:01:41,339 [Thread-1383] INFO  impl.RoleInfo (RoleInfo.java:shutdownFollowerState(121)) - 4b287a15-77af-487b-aef7-34d1d0ee189f: shutdown FollowerState
2019-10-16 21:01:41,339 [Thread-1383] INFO  impl.RaftServerImpl (RaftServerImpl.java:setRole(184)) - 4b287a15-77af-487b-aef7-34d1d0ee189f@group-83C26644CFDA: changes role from  FOLLOWER to CANDIDATE at term 176 for changeToCandidate
2019-10-16 21:01:41,339 [Thread-1383] INFO  impl.RoleInfo (RoleInfo.java:updateAndGet(143)) - 4b287a15-77af-487b-aef7-34d1d0ee189f: start LeaderElection
2019-10-16 21:01:41,352 [4b287a15-77af-487b-aef7-34d1d0ee189f@group-83C26644CFDA-LeaderElection179] INFO  impl.LeaderElection (LeaderElection.java:askForVotes(178)) - 4b287a15-77af-487b-aef7-34d1d0ee189f@group-83C26644CFDA-LeaderElection179: begin an election at term 177 for -1: [4b287a15-77af-487b-aef7-34d1d0ee189f:192.168.34.38:38597, 0aa3649f-570d-46c6-937f-492d7f3a8364:192.168.34.38:33209, 4a03179f-3169-4ac7-a075-259968512ef0:192.168.34.38:45833], old=null
2019-10-16 21:01:41,353 [main] INFO  ozone.MiniOzoneClusterImpl (MiniOzoneClusterImpl.java:lambda$waitForClusterToBeReady$2(164)) - Waiting for 1 number of pipelines out of 4, to report a leader.
2019-10-16 21:01:41,354 [grpc-default-executor-3] INFO  impl.RaftServerImpl (RaftServerImpl.java:setRole(184)) - 0aa3649f-570d-46c6-937f-492d7f3a8364@group-83C26644CFDA: changes role from  FOLLOWER to FOLLOWER at term 177 for recognizeCandidate:4b287a15-77af-487b-aef7-34d1d0ee189f
2019-10-16 21:01:41,354 [grpc-default-executor-3] INFO  impl.RoleInfo (RoleInfo.java:shutdownFollowerState(121)) - 0aa3649f-570d-46c6-937f-492d7f3a8364: shutdown FollowerState
2019-10-16 21:01:41,354 [grpc-default-executor-3] INFO  impl.RoleInfo (RoleInfo.java:updateAndGet(143)) - 0aa3649f-570d-46c6-937f-492d7f3a8364: start FollowerState
2019-10-16 21:01:41,354 [Thread-1382] INFO  impl.FollowerState (FollowerState.java:run(117)) - 0aa3649f-570d-46c6-937f-492d7f3a8364@group-83C26644CFDA-FollowerState was interrupted: java.lang.InterruptedException: sleep interrupted
2019-10-16 21:01:41,354 [grpc-default-executor-1] INFO  impl.RaftServerImpl (RaftServerImpl.java:setRole(184)) - 4a03179f-3169-4ac7-a075-259968512ef0@group-83C26644CFDA: changes role from  FOLLOWER to FOLLOWER at term 177 for recognizeCandidate:4b287a15-77af-487b-aef7-34d1d0ee189f
2019-10-16 21:01:41,355 [grpc-default-executor-1] INFO  impl.RoleInfo (RoleInfo.java:shutdownFollowerState(121)) - 4a03179f-3169-4ac7-a075-259968512ef0: shutdown FollowerState
2019-10-16 21:01:41,355 [grpc-default-executor-1] INFO  impl.RoleInfo (RoleInfo.java:updateAndGet(143)) - 4a03179f-3169-4ac7-a075-259968512ef0: start FollowerState
2019-10-16 21:01:41,355 [Thread-1381] INFO  impl.FollowerState (FollowerState.java:run(117)) - 4a03179f-3169-4ac7-a075-259968512ef0@group-83C26644CFDA-FollowerState was interrupted: java.lang.InterruptedException: sleep interrupted
2019-10-16 21:01:41,381 [4b287a15-77af-487b-aef7-34d1d0ee189f@group-83C26644CFDA-LeaderElection179] INFO  impl.LeaderElection (LeaderElection.java:logAndReturn(56)) - 4b287a15-77af-487b-aef7-34d1d0ee189f@group-83C26644CFDA-LeaderElection179: Election REJECTED; received 2 response(s) [4b287a15-77af-487b-aef7-34d1d0ee189f<-0aa3649f-570d-46c6-937f-492d7f3a8364#0:FAIL-t177, 4b287a15-77af-487b-aef7-34d1d0ee189f<-4a03179f-3169-4ac7-a075-259968512ef0#0:FAIL-t177] and 0 exception(s); 4b287a15-77af-487b-aef7-34d1d0ee189f@group-83C26644CFDA:t177, leader=null, voted=4b287a15-77af-487b-aef7-34d1d0ee189f, raftlog=4b287a15-77af-487b-aef7-34d1d0ee189f@group-83C26644CFDA-SegmentedRaftLog:OPENED:c-1,f-1,i0, conf=-1: [4b287a15-77af-487b-aef7-34d1d0ee189f:192.168.34.38:38597, 0aa3649f-570d-46c6-937f-492d7f3a8364:192.168.34.38:33209, 4a03179f-3169-4ac7-a075-259968512ef0:192.168.34.38:45833], old=null
2019-10-16 21:01:41,381 [4b287a15-77af-487b-aef7-34d1d0ee189f@group-83C26644CFDA-LeaderElection179] INFO  impl.RaftServerImpl (RaftServerImpl.java:setRole(184)) - 4b287a15-77af-487b-aef7-34d1d0ee189f@group-83C26644CFDA: changes role from CANDIDATE to FOLLOWER at term 177 for DISCOVERED_A_NEW_TERM
2019-10-16 21:01:41,381 [4b287a15-77af-487b-aef7-34d1d0ee189f@group-83C26644CFDA-LeaderElection179] INFO  impl.RoleInfo (RoleInfo.java:shutdownLeaderElection(134)) - 4b287a15-77af-487b-aef7-34d1d0ee189f: shutdown LeaderElection
2019-10-16 21:01:41,381 [4b287a15-77af-487b-aef7-34d1d0ee189f@group-83C26644CFDA-LeaderElection179] INFO  impl.RoleInfo (RoleInfo.java:updateAndGet(143)) - 4b287a15-77af-487b-aef7-34d1d0ee189f: start FollowerState
2019-10-16 21:01:41,570 [Thread-1389] INFO  impl.FollowerState (FollowerState.java:run(108)) - 4b287a15-77af-487b-aef7-34d1d0ee189f@group-83C26644CFDA-FollowerState: change to CANDIDATE, lastRpcTime:188ms, electionTimeout:188ms
2019-10-16 21:01:41,570 [Thread-1389] INFO  impl.RoleInfo (RoleInfo.java:shutdownFollowerState(121)) - 4b287a15-77af-487b-aef7-34d1d0ee189f: shutdown FollowerState
2019-10-16 21:01:41,570 [Thread-1389] INFO  impl.RaftServerImpl (RaftServerImpl.java:setRole(184)) - 4b287a15-77af-487b-aef7-34d1d0ee189f@group-83C26644CFDA: changes role from  FOLLOWER to CANDIDATE at term 177 for changeToCandidate
2019-10-16 21:01:41,570 [Thread-1389] INFO  impl.RoleInfo (RoleInfo.java:updateAndGet(143)) - 4b287a15-77af-487b-aef7-34d1d0ee189f: start LeaderElection
2019-10-16 21:01:41,584 [4b287a15-77af-487b-aef7-34d1d0ee189f@group-83C26644CFDA-LeaderElection180] INFO  impl.LeaderElection (LeaderElection.java:askForVotes(178)) - 4b287a15-77af-487b-aef7-34d1d0ee189f@group-83C26644CFDA-LeaderElection180: begin an election at term 178 for -1: [4b287a15-77af-487b-aef7-34d1d0ee189f:192.168.34.38:38597, 0aa3649f-570d-46c6-937f-492d7f3a8364:192.168.34.38:33209, 4a03179f-3169-4ac7-a075-259968512ef0:192.168.34.38:45833], old=null
2019-10-16 21:01:41,586 [grpc-default-executor-1] INFO  impl.RaftServerImpl (RaftServerImpl.java:setRole(184)) - 4a03179f-3169-4ac7-a075-259968512ef0@group-83C26644CFDA: changes role from  FOLLOWER to FOLLOWER at term 178 for recognizeCandidate:4b287a15-77af-487b-aef7-34d1d0ee189f
2019-10-16 21:01:41,586 [grpc-default-executor-1] INFO  impl.RoleInfo (RoleInfo.java:shutdownFollowerState(121)) - 4a03179f-3169-4ac7-a075-259968512ef0: shutdown FollowerState
2019-10-16 21:01:41,586 [grpc-default-executor-3] INFO  impl.RaftServerImpl (RaftServerImpl.java:setRole(184)) - 0aa3649f-570d-46c6-937f-492d7f3a8364@group-83C26644CFDA: changes role from  FOLLOWER to FOLLOWER at term 178 for recognizeCandidate:4b287a15-77af-487b-aef7-34d1d0ee189f
2019-10-16 21:01:41,586 [Thread-1388] INFO  impl.FollowerState (FollowerState.java:run(117)) - 4a03179f-3169-4ac7-a075-259968512ef0@group-83C26644CFDA-FollowerState was interrupted: java.lang.InterruptedException: sleep interrupted
2019-10-16 21:01:41,586 [grpc-default-executor-1] INFO  impl.RoleInfo (RoleInfo.java:updateAndGet(143)) - 4a03179f-3169-4ac7-a075-259968512ef0: start FollowerState
2019-10-16 21:01:41,586 [grpc-default-executor-3] INFO  impl.RoleInfo (RoleInfo.java:shutdownFollowerState(121)) - 0aa3649f-570d-46c6-937f-492d7f3a8364: shutdown FollowerState
2019-10-16 21:01:41,587 [grpc-default-executor-3] INFO  impl.RoleInfo (RoleInfo.java:updateAndGet(143)) - 0aa3649f-570d-46c6-937f-492d7f3a8364: start FollowerState
2019-10-16 21:01:41,587 [Thread-1387] INFO  impl.FollowerState (FollowerState.java:run(117)) - 0aa3649f-570d-46c6-937f-492d7f3a8364@group-83C26644CFDA-FollowerState was interrupted: java.lang.InterruptedException: sleep interrupted
2019-10-16 21:01:41,599 [4b287a15-77af-487b-aef7-34d1d0ee189f@group-83C26644CFDA-LeaderElection180] INFO  impl.LeaderElection (LeaderElection.java:logAndReturn(56)) - 4b287a15-77af-487b-aef7-34d1d0ee189f@group-83C26644CFDA-LeaderElection180: Election REJECTED; received 2 response(s) [4b287a15-77af-487b-aef7-34d1d0ee189f<-0aa3649f-570d-46c6-937f-492d7f3a8364#0:FAIL-t178, 4b287a15-77af-487b-aef7-34d1d0ee189f<-4a03179f-3169-4ac7-a075-259968512ef0#0:FAIL-t178] and 0 exception(s); 4b287a15-77af-487b-aef7-34d1d0ee189f@group-83C26644CFDA:t178, leader=null, voted=4b287a15-77af-487b-aef7-34d1d0ee189f, raftlog=4b287a15-77af-487b-aef7-34d1d0ee189f@group-83C26644CFDA-SegmentedRaftLog:OPENED:c-1,f-1,i0, conf=-1: [4b287a15-77af-487b-aef7-34d1d0ee189f:192.168.34.38:38597, 0aa3649f-570d-46c6-937f-492d7f3a8364:192.168.34.38:33209, 4a03179f-3169-4ac7-a075-259968512ef0:192.168.34.38:45833], old=null
2019-10-16 21:01:41,599 [4b287a15-77af-487b-aef7-34d1d0ee189f@group-83C26644CFDA-LeaderElection180] INFO  impl.RaftServerImpl (RaftServerImpl.java:setRole(184)) - 4b287a15-77af-487b-aef7-34d1d0ee189f@group-83C26644CFDA: changes role from CANDIDATE to FOLLOWER at term 178 for DISCOVERED_A_NEW_TERM
2019-10-16 21:01:41,599 [4b287a15-77af-487b-aef7-34d1d0ee189f@group-83C26644CFDA-LeaderElection180] INFO  impl.RoleInfo (RoleInfo.java:shutdownLeaderElection(134)) - 4b287a15-77af-487b-aef7-34d1d0ee189f: shutdown LeaderElection
2019-10-16 21:01:41,599 [4b287a15-77af-487b-aef7-34d1d0ee189f@group-83C26644CFDA-LeaderElection180] INFO  impl.RoleInfo (RoleInfo.java:updateAndGet(143)) - 4b287a15-77af-487b-aef7-34d1d0ee189f: start FollowerState
2019-10-16 21:01:41,690 [Thread-1395] INFO  impl.FollowerState (FollowerState.java:run(108)) - 4b287a15-77af-487b-aef7-34d1d0ee189f@group-83C26644CFDA-FollowerState: change to CANDIDATE, lastRpcTime:90ms, electionTimeout:89ms
2019-10-16 21:01:41,690 [Thread-1395] INFO  impl.RoleInfo (RoleInfo.java:shutdownFollowerState(121)) - 4b287a15-77af-487b-aef7-34d1d0ee189f: shutdown FollowerState
2019-10-16 21:01:41,690 [Thread-1395] INFO  impl.RaftServerImpl (RaftServerImpl.java:setRole(184)) - 4b287a15-77af-487b-aef7-34d1d0ee189f@group-83C26644CFDA: changes role from  FOLLOWER to CANDIDATE at term 178 for changeToCandidate
2019-10-16 21:01:41,690 [Thread-1395] INFO  impl.RoleInfo (RoleInfo.java:updateAndGet(143)) - 4b287a15-77af-487b-aef7-34d1d0ee189f: start LeaderElection
2019-10-16 21:01:41,703 [4b287a15-77af-487b-aef7-34d1d0ee189f@group-83C26644CFDA-LeaderElection181] INFO  impl.LeaderElection (LeaderElection.java:askForVotes(178)) - 4b287a15-77af-487b-aef7-34d1d0ee189f@group-83C26644CFDA-LeaderElection181: begin an election at term 179 for -1: [4b287a15-77af-487b-aef7-34d1d0ee189f:192.168.34.38:38597, 0aa3649f-570d-46c6-937f-492d7f3a8364:192.168.34.38:33209, 4a03179f-3169-4ac7-a075-259968512ef0:192.168.34.38:45833], old=null
2019-10-16 21:01:41,706 [grpc-default-executor-3] INFO  impl.RaftServerImpl (RaftServerImpl.java:setRole(184)) - 0aa3649f-570d-46c6-937f-492d7f3a8364@group-83C26644CFDA: changes role from  FOLLOWER to FOLLOWER at term 179 for recognizeCandidate:4b287a15-77af-487b-aef7-34d1d0ee189f
2019-10-16 21:01:41,706 [grpc-default-executor-1] INFO  impl.RaftServerImpl (RaftServerImpl.java:setRole(184)) - 4a03179f-3169-4ac7-a075-259968512ef0@group-83C26644CFDA: changes role from  FOLLOWER to FOLLOWER at term 179 for recognizeCandidate:4b287a15-77af-487b-aef7-34d1d0ee189f
2019-10-16 21:01:41,706 [grpc-default-executor-1] INFO  impl.RoleInfo (RoleInfo.java:shutdownFollowerState(121)) - 4a03179f-3169-4ac7-a075-259968512ef0: shutdown FollowerState
2019-10-16 21:01:41,706 [grpc-default-executor-3] INFO  impl.RoleInfo (RoleInfo.java:shutdownFollowerState(121)) - 0aa3649f-570d-46c6-937f-492d7f3a8364: shutdown FollowerState
2019-10-16 21:01:41,706 [Thread-1393] INFO  impl.FollowerState (FollowerState.java:run(117)) - 4a03179f-3169-4ac7-a075-259968512ef0@group-83C26644CFDA-FollowerState was interrupted: java.lang.InterruptedException: sleep interrupted
2019-10-16 21:01:41,706 [grpc-default-executor-1] INFO  impl.RoleInfo (RoleInfo.java:updateAndGet(143)) - 4a03179f-3169-4ac7-a075-259968512ef0: start FollowerState
2019-10-16 21:01:41,706 [grpc-default-executor-3] INFO  impl.RoleInfo (RoleInfo.java:updateAndGet(143)) - 0aa3649f-570d-46c6-937f-492d7f3a8364: start FollowerState
2019-10-16 21:01:41,706 [Thread-1394] INFO  impl.FollowerState (FollowerState.java:run(117)) - 0aa3649f-570d-46c6-937f-492d7f3a8364@group-83C26644CFDA-FollowerState was interrupted: java.lang.InterruptedException: sleep interrupted
2019-10-16 21:01:41,720 [4b287a15-77af-487b-aef7-34d1d0ee189f@group-83C26644CFDA-LeaderElection181] INFO  impl.LeaderElection (LeaderElection.java:logAndReturn(56)) - 4b287a15-77af-487b-aef7-34d1d0ee189f@group-83C26644CFDA-LeaderElection181: Election REJECTED; received 2 response(s) [4b287a15-77af-487b-aef7-34d1d0ee189f<-0aa3649f-570d-46c6-937f-492d7f3a8364#0:FAIL-t179, 4b287a15-77af-487b-aef7-34d1d0ee189f<-4a03179f-3169-4ac7-a075-259968512ef0#0:FAIL-t179] and 0 exception(s); 4b287a15-77af-487b-aef7-34d1d0ee189f@group-83C26644CFDA:t179, leader=null, voted=4b287a15-77af-487b-aef7-34d1d0ee189f, raftlog=4b287a15-77af-487b-aef7-34d1d0ee189f@group-83C26644CFDA-SegmentedRaftLog:OPENED:c-1,f-1,i0, conf=-1: [4b287a15-77af-487b-aef7-34d1d0ee189f:192.168.34.38:38597, 0aa3649f-570d-46c6-937f-492d7f3a8364:192.168.34.38:33209, 4a03179f-3169-4ac7-a075-259968512ef0:192.168.34.38:45833], old=null
2019-10-16 21:01:41,720 [4b287a15-77af-487b-aef7-34d1d0ee189f@group-83C26644CFDA-LeaderElection181] INFO  impl.RaftServerImpl (RaftServerImpl.java:setRole(184)) - 4b287a15-77af-487b-aef7-34d1d0ee189f@group-83C26644CFDA: changes role from CANDIDATE to FOLLOWER at term 179 for DISCOVERED_A_NEW_TERM
2019-10-16 21:01:41,720 [4b287a15-77af-487b-aef7-34d1d0ee189f@group-83C26644CFDA-LeaderElection181] INFO  impl.RoleInfo (RoleInfo.java:shutdownLeaderElection(134)) - 4b287a15-77af-487b-aef7-34d1d0ee189f: shutdown LeaderElection
2019-10-16 21:01:41,720 [4b287a15-77af-487b-aef7-34d1d0ee189f@group-83C26644CFDA-LeaderElection181] INFO  impl.RoleInfo (RoleInfo.java:updateAndGet(143)) - 4b287a15-77af-487b-aef7-34d1d0ee189f: start FollowerState
2019-10-16 21:01:41,879 [Thread-1401] INFO  impl.FollowerState (FollowerState.java:run(108)) - 4b287a15-77af-487b-aef7-34d1d0ee189f@group-83C26644CFDA-FollowerState: change to CANDIDATE, lastRpcTime:158ms, electionTimeout:158ms
2019-10-16 21:01:41,879 [Thread-1401] INFO  impl.RoleInfo (RoleInfo.java:shutdownFollowerState(121)) - 4b287a15-77af-487b-aef7-34d1d0ee189f: shutdown FollowerState
2019-10-16 21:01:41,879 [Thread-1401] INFO  impl.RaftServerImpl (RaftServerImpl.java:setRole(184)) - 4b287a15-77af-487b-aef7-34d1d0ee189f@group-83C26644CFDA: changes role from  FOLLOWER to CANDIDATE at term 179 for changeToCandidate
2019-10-16 21:01:41,879 [Thread-1401] INFO  impl.RoleInfo (RoleInfo.java:updateAndGet(143)) - 4b287a15-77af-487b-aef7-34d1d0ee189f: start LeaderElection
2019-10-16 21:01:41,905 [4b287a15-77af-487b-aef7-34d1d0ee189f@group-83C26644CFDA-LeaderElection182] INFO  impl.LeaderElection (LeaderElection.java:askForVotes(178)) - 4b287a15-77af-487b-aef7-34d1d0ee189f@group-83C26644CFDA-LeaderElection182: begin an election at term 180 for -1: [4b287a15-77af-487b-aef7-34d1d0ee189f:192.168.34.38:38597, 0aa3649f-570d-46c6-937f-492d7f3a8364:192.168.34.38:33209, 4a03179f-3169-4ac7-a075-259968512ef0:192.168.34.38:45833], old=null
2019-10-16 21:01:41,907 [grpc-default-executor-1] INFO  impl.RaftServerImpl (RaftServerImpl.java:setRole(184)) - 0aa3649f-570d-46c6-937f-492d7f3a8364@group-83C26644CFDA: changes role from  FOLLOWER to FOLLOWER at term 180 for recognizeCandidate:4b287a15-77af-487b-aef7-34d1d0ee189f
2019-10-16 21:01:41,907 [grpc-default-executor-3] INFO  impl.RaftServerImpl (RaftServerImpl.java:setRole(184)) - 4a03179f-3169-4ac7-a075-259968512ef0@group-83C26644CFDA: changes role from  FOLLOWER to FOLLOWER at term 180 for recognizeCandidate:4b287a15-77af-487b-aef7-34d1d0ee189f
2019-10-16 21:01:41,907 [grpc-default-executor-1] INFO  impl.RoleInfo (RoleInfo.java:shutdownFollowerState(121)) - 0aa3649f-570d-46c6-937f-492d7f3a8364: shutdown FollowerState
2019-10-16 21:01:41,908 [grpc-default-executor-3] INFO  impl.RoleInfo (RoleInfo.java:shutdownFollowerState(121)) - 4a03179f-3169-4ac7-a075-259968512ef0: shutdown FollowerState
2019-10-16 21:01:41,908 [Thread-1400] INFO  impl.FollowerState (FollowerState.java:run(117)) - 0aa3649f-570d-46c6-937f-492d7f3a8364@group-83C26644CFDA-FollowerState was interrupted: java.lang.InterruptedException: sleep interrupted
2019-10-16 21:01:41,908 [grpc-default-executor-1] INFO  impl.RoleInfo (RoleInfo.java:updateAndGet(143)) - 0aa3649f-570d-46c6-937f-492d7f3a8364: start FollowerState
2019-10-16 21:01:41,908 [Thread-1399] INFO  impl.FollowerState (FollowerState.java:run(117)) - 4a03179f-3169-4ac7-a075-259968512ef0@group-83C26644CFDA-FollowerState was interrupted: java.lang.InterruptedException: sleep interrupted
2019-10-16 21:01:41,908 [grpc-default-executor-3] INFO  impl.RoleInfo (RoleInfo.java:updateAndGet(143)) - 4a03179f-3169-4ac7-a075-259968512ef0: start FollowerState
2019-10-16 21:01:41,923 [4b287a15-77af-487b-aef7-34d1d0ee189f@group-83C26644CFDA-LeaderElection182] INFO  impl.LeaderElection (LeaderElection.java:logAndReturn(56)) - 4b287a15-77af-487b-aef7-34d1d0ee189f@group-83C26644CFDA-LeaderElection182: Election REJECTED; received 2 response(s) [4b287a15-77af-487b-aef7-34d1d0ee189f<-0aa3649f-570d-46c6-937f-492d7f3a8364#0:FAIL-t180, 4b287a15-77af-487b-aef7-34d1d0ee189f<-4a03179f-3169-4ac7-a075-259968512ef0#0:FAIL-t180] and 0 exception(s); 4b287a15-77af-487b-aef7-34d1d0ee189f@group-83C26644CFDA:t180, leader=null, voted=4b287a15-77af-487b-aef7-34d1d0ee189f, raftlog=4b287a15-77af-487b-aef7-34d1d0ee189f@group-83C26644CFDA-SegmentedRaftLog:OPENED:c-1,f-1,i0, conf=-1: [4b287a15-77af-487b-aef7-34d1d0ee189f:192.168.34.38:38597, 0aa3649f-570d-46c6-937f-492d7f3a8364:192.168.34.38:33209, 4a03179f-3169-4ac7-a075-259968512ef0:192.168.34.38:45833], old=null
2019-10-16 21:01:41,923 [4b287a15-77af-487b-aef7-34d1d0ee189f@group-83C26644CFDA-LeaderElection182] INFO  impl.RaftServerImpl (RaftServerImpl.java:setRole(184)) - 4b287a15-77af-487b-aef7-34d1d0ee189f@group-83C26644CFDA: changes role from CANDIDATE to FOLLOWER at term 180 for DISCOVERED_A_NEW_TERM
2019-10-16 21:01:41,923 [4b287a15-77af-487b-aef7-34d1d0ee189f@group-83C26644CFDA-LeaderElection182] INFO  impl.RoleInfo (RoleInfo.java:shutdownLeaderElection(134)) - 4b287a15-77af-487b-aef7-34d1d0ee189f: shutdown LeaderElection
2019-10-16 21:01:41,923 [4b287a15-77af-487b-aef7-34d1d0ee189f@group-83C26644CFDA-LeaderElection182] INFO  impl.RoleInfo (RoleInfo.java:updateAndGet(143)) - 4b287a15-77af-487b-aef7-34d1d0ee189f: start FollowerState
2019-10-16 21:01:41,931 [Thread-1407] INFO  impl.FollowerState (FollowerState.java:run(108)) - 4b287a15-77af-487b-aef7-34d1d0ee189f@group-83C26644CFDA-FollowerState: change to CANDIDATE, lastRpcTime:8ms, electionTimeout:8ms
2019-10-16 21:01:41,932 [Thread-1407] INFO  impl.RoleInfo (RoleInfo.java:shutdownFollowerState(121)) - 4b287a15-77af-487b-aef7-34d1d0ee189f: shutdown FollowerState
2019-10-16 21:01:41,932 [Thread-1407] INFO  impl.RaftServerImpl (RaftServerImpl.java:setRole(184)) - 4b287a15-77af-487b-aef7-34d1d0ee189f@group-83C26644CFDA: changes role from  FOLLOWER to CANDIDATE at term 180 for changeToCandidate
2019-10-16 21:01:41,932 [Thread-1407] INFO  impl.RoleInfo (RoleInfo.java:updateAndGet(143)) - 4b287a15-77af-487b-aef7-34d1d0ee189f: start LeaderElection
2019-10-16 21:01:41,945 [4b287a15-77af-487b-aef7-34d1d0ee189f@group-83C26644CFDA-LeaderElection183] INFO  impl.LeaderElection (LeaderElection.java:askForVotes(178)) - 4b287a15-77af-487b-aef7-34d1d0ee189f@group-83C26644CFDA-LeaderElection183: begin an election at term 181 for -1: [4b287a15-77af-487b-aef7-34d1d0ee189f:192.168.34.38:38597, 0aa3649f-570d-46c6-937f-492d7f3a8364:192.168.34.38:33209, 4a03179f-3169-4ac7-a075-259968512ef0:192.168.34.38:45833], old=null
2019-10-16 21:01:41,947 [grpc-default-executor-3] INFO  impl.RaftServerImpl (RaftServerImpl.java:setRole(184)) - 4a03179f-3169-4ac7-a075-259968512ef0@group-83C26644CFDA: changes role from  FOLLOWER to FOLLOWER at term 181 for recognizeCandidate:4b287a15-77af-487b-aef7-34d1d0ee189f
2019-10-16 21:01:41,947 [grpc-default-executor-3] INFO  impl.RoleInfo (RoleInfo.java:shutdownFollowerState(121)) - 4a03179f-3169-4ac7-a075-259968512ef0: shutdown FollowerState
2019-10-16 21:01:41,947 [grpc-default-executor-1] INFO  impl.RaftServerImpl (RaftServerImpl.java:setRole(184)) - 0aa3649f-570d-46c6-937f-492d7f3a8364@group-83C26644CFDA: changes role from  FOLLOWER to FOLLOWER at term 181 for recognizeCandidate:4b287a15-77af-487b-aef7-34d1d0ee189f
2019-10-16 21:01:41,948 [Thread-1406] INFO  impl.FollowerState (FollowerState.java:run(117)) - 4a03179f-3169-4ac7-a075-259968512ef0@group-83C26644CFDA-FollowerState was interrupted: java.lang.InterruptedException: sleep interrupted
2019-10-16 21:01:41,948 [grpc-default-executor-3] INFO  impl.RoleInfo (RoleInfo.java:updateAndGet(143)) - 4a03179f-3169-4ac7-a075-259968512ef0: start FollowerState
2019-10-16 21:01:41,948 [grpc-default-executor-1] INFO  impl.RoleInfo (RoleInfo.java:shutdownFollowerState(121)) - 0aa3649f-570d-46c6-937f-492d7f3a8364: shutdown FollowerState
2019-10-16 21:01:41,948 [grpc-default-executor-1] INFO  impl.RoleInfo (RoleInfo.java:updateAndGet(143)) - 0aa3649f-570d-46c6-937f-492d7f3a8364: start FollowerState
2019-10-16 21:01:41,948 [Thread-1405] INFO  impl.FollowerState (FollowerState.java:run(117)) - 0aa3649f-570d-46c6-937f-492d7f3a8364@group-83C26644CFDA-FollowerState was interrupted: java.lang.InterruptedException: sleep interrupted
2019-10-16 21:01:41,949 [4b287a15-77af-487b-aef7-34d1d0ee189f@group-83C26644CFDA-LeaderElection183] INFO  impl.LeaderElection (LeaderElection.java:logAndReturn(56)) - 4b287a15-77af-487b-aef7-34d1d0ee189f@group-83C26644CFDA-LeaderElection183: Election TIMEOUT; received 0 response(s) [] and 0 exception(s); 4b287a15-77af-487b-aef7-34d1d0ee189f@group-83C26644CFDA:t181, leader=null, voted=4b287a15-77af-487b-aef7-34d1d0ee189f, raftlog=4b287a15-77af-487b-aef7-34d1d0ee189f@group-83C26644CFDA-SegmentedRaftLog:OPENED:c-1,f-1,i0, conf=-1: [4b287a15-77af-487b-aef7-34d1d0ee189f:192.168.34.38:38597, 0aa3649f-570d-46c6-937f-492d7f3a8364:192.168.34.38:33209, 4a03179f-3169-4ac7-a075-259968512ef0:192.168.34.38:45833], old=null
2019-10-16 21:01:41,963 [4b287a15-77af-487b-aef7-34d1d0ee189f@group-83C26644CFDA-LeaderElection183] INFO  impl.LeaderElection (LeaderElection.java:askForVotes(178)) - 4b287a15-77af-487b-aef7-34d1d0ee189f@group-83C26644CFDA-LeaderElection183: begin an election at term 182 for -1: [4b287a15-77af-487b-aef7-34d1d0ee189f:192.168.34.38:38597, 0aa3649f-570d-46c6-937f-492d7f3a8364:192.168.34.38:33209, 4a03179f-3169-4ac7-a075-259968512ef0:192.168.34.38:45833], old=null
2019-10-16 21:01:41,965 [grpc-default-executor-1] INFO  impl.RaftServerImpl (RaftServerImpl.java:setRole(184)) - 4a03179f-3169-4ac7-a075-259968512ef0@group-83C26644CFDA: changes role from  FOLLOWER to FOLLOWER at term 182 for recognizeCandidate:4b287a15-77af-487b-aef7-34d1d0ee189f
2019-10-16 21:01:41,965 [grpc-default-executor-3] INFO  impl.RaftServerImpl (RaftServerImpl.java:setRole(184)) - 0aa3649f-570d-46c6-937f-492d7f3a8364@group-83C26644CFDA: changes role from  FOLLOWER to FOLLOWER at term 182 for recognizeCandidate:4b287a15-77af-487b-aef7-34d1d0ee189f
2019-10-16 21:01:41,965 [grpc-default-executor-3] INFO  impl.RoleInfo (RoleInfo.java:shutdownFollowerState(121)) - 0aa3649f-570d-46c6-937f-492d7f3a8364: shutdown FollowerState
2019-10-16 21:01:41,965 [grpc-default-executor-1] INFO  impl.RoleInfo (RoleInfo.java:shutdownFollowerState(121)) - 4a03179f-3169-4ac7-a075-259968512ef0: shutdown FollowerState
2019-10-16 21:01:41,965 [Thread-1412] INFO  impl.FollowerState (FollowerState.java:run(117)) - 0aa3649f-570d-46c6-937f-492d7f3a8364@group-83C26644CFDA-FollowerState was interrupted: java.lang.InterruptedException: sleep interrupted
2019-10-16 21:01:41,966 [Thread-1411] INFO  impl.FollowerState (FollowerState.java:run(117)) - 4a03179f-3169-4ac7-a075-259968512ef0@group-83C26644CFDA-FollowerState was interrupted: java.lang.InterruptedException: sleep interrupted
2019-10-16 21:01:41,965 [grpc-default-executor-3] INFO  impl.RoleInfo (RoleInfo.java:updateAndGet(143)) - 0aa3649f-570d-46c6-937f-492d7f3a8364: start FollowerState
2019-10-16 21:01:41,966 [grpc-default-executor-1] INFO  impl.RoleInfo (RoleInfo.java:updateAndGet(143)) - 4a03179f-3169-4ac7-a075-259968512ef0: start FollowerState
2019-10-16 21:01:41,982 [4b287a15-77af-487b-aef7-34d1d0ee189f@group-83C26644CFDA-LeaderElection183] INFO  impl.LeaderElection (LeaderElection.java:logAndReturn(56)) - 4b287a15-77af-487b-aef7-34d1d0ee189f@group-83C26644CFDA-LeaderElection183: Election REJECTED; received 2 response(s) [4b287a15-77af-487b-aef7-34d1d0ee189f<-0aa3649f-570d-46c6-937f-492d7f3a8364#0:FAIL-t182, 4b287a15-77af-487b-aef7-34d1d0ee189f<-4a03179f-3169-4ac7-a075-259968512ef0#0:FAIL-t182] and 0 exception(s); 4b287a15-77af-487b-aef7-34d1d0ee189f@group-83C26644CFDA:t182, leader=null, voted=4b287a15-77af-487b-aef7-34d1d0ee189f, raftlog=4b287a15-77af-487b-aef7-34d1d0ee189f@group-83C26644CFDA-SegmentedRaftLog:OPENED:c-1,f-1,i0, conf=-1: [4b287a15-77af-487b-aef7-34d1d0ee189f:192.168.34.38:38597, 0aa3649f-570d-46c6-937f-492d7f3a8364:192.168.34.38:33209, 4a03179f-3169-4ac7-a075-259968512ef0:192.168.34.38:45833], old=null
2019-10-16 21:01:41,982 [4b287a15-77af-487b-aef7-34d1d0ee189f@group-83C26644CFDA-LeaderElection183] INFO  impl.RaftServerImpl (RaftServerImpl.java:setRole(184)) - 4b287a15-77af-487b-aef7-34d1d0ee189f@group-83C26644CFDA: changes role from CANDIDATE to FOLLOWER at term 182 for DISCOVERED_A_NEW_TERM
2019-10-16 21:01:41,982 [4b287a15-77af-487b-aef7-34d1d0ee189f@group-83C26644CFDA-LeaderElection183] INFO  impl.RoleInfo (RoleInfo.java:shutdownLeaderElection(134)) - 4b287a15-77af-487b-aef7-34d1d0ee189f: shutdown LeaderElection
2019-10-16 21:01:41,982 [4b287a15-77af-487b-aef7-34d1d0ee189f@group-83C26644CFDA-LeaderElection183] INFO  impl.RoleInfo (RoleInfo.java:updateAndGet(143)) - 4b287a15-77af-487b-aef7-34d1d0ee189f: start FollowerState
2019-10-16 21:01:42,056 [Thread-1417] INFO  impl.FollowerState (FollowerState.java:run(108)) - 4b287a15-77af-487b-aef7-34d1d0ee189f@group-83C26644CFDA-FollowerState: change to CANDIDATE, lastRpcTime:74ms, electionTimeout:74ms
2019-10-16 21:01:42,057 [Thread-1417] INFO  impl.RoleInfo (RoleInfo.java:shutdownFollowerState(121)) - 4b287a15-77af-487b-aef7-34d1d0ee189f: shutdown FollowerState
2019-10-16 21:01:42,057 [Thread-1417] INFO  impl.RaftServerImpl (RaftServerImpl.java:setRole(184)) - 4b287a15-77af-487b-aef7-34d1d0ee189f@group-83C26644CFDA: changes role from  FOLLOWER to CANDIDATE at term 182 for changeToCandidate
2019-10-16 21:01:42,057 [Thread-1417] INFO  impl.RoleInfo (RoleInfo.java:updateAndGet(143)) - 4b287a15-77af-487b-aef7-34d1d0ee189f: start LeaderElection
2019-10-16 21:01:42,214 [4b287a15-77af-487b-aef7-34d1d0ee189f@group-83C26644CFDA-LeaderElection184] INFO  impl.LeaderElection (LeaderElection.java:askForVotes(178)) - 4b287a15-77af-487b-aef7-34d1d0ee189f@group-83C26644CFDA-LeaderElection184: begin an election at term 183 for -1: [4b287a15-77af-487b-aef7-34d1d0ee189f:192.168.34.38:38597, 0aa3649f-570d-46c6-937f-492d7f3a8364:192.168.34.38:33209, 4a03179f-3169-4ac7-a075-259968512ef0:192.168.34.38:45833], old=null
2019-10-16 21:01:42,216 [grpc-default-executor-1] INFO  impl.RaftServerImpl (RaftServerImpl.java:setRole(184)) - 0aa3649f-570d-46c6-937f-492d7f3a8364@group-83C26644CFDA: changes role from  FOLLOWER to FOLLOWER at term 183 for recognizeCandidate:4b287a15-77af-487b-aef7-34d1d0ee189f
2019-10-16 21:01:42,217 [grpc-default-executor-3] INFO  impl.RaftServerImpl (RaftServerImpl.java:setRole(184)) - 4a03179f-3169-4ac7-a075-259968512ef0@group-83C26644CFDA: changes role from  FOLLOWER to FOLLOWER at term 183 for recognizeCandidate:4b287a15-77af-487b-aef7-34d1d0ee189f
2019-10-16 21:01:42,217 [grpc-default-executor-3] INFO  impl.RoleInfo (RoleInfo.java:shutdownFollowerState(121)) - 4a03179f-3169-4ac7-a075-259968512ef0: shutdown FollowerState
2019-10-16 21:01:42,217 [grpc-default-executor-1] INFO  impl.RoleInfo (RoleInfo.java:shutdownFollowerState(121)) - 0aa3649f-570d-46c6-937f-492d7f3a8364: shutdown FollowerState
2019-10-16 21:01:42,217 [Thread-1416] INFO  impl.FollowerState (FollowerState.java:run(117)) - 4a03179f-3169-4ac7-a075-259968512ef0@group-83C26644CFDA-FollowerState was interrupted: java.lang.InterruptedException: sleep interrupted
2019-10-16 21:01:42,217 [grpc-default-executor-3] INFO  impl.RoleInfo (RoleInfo.java:updateAndGet(143)) - 4a03179f-3169-4ac7-a075-259968512ef0: start FollowerState
2019-10-16 21:01:42,217 [Thread-1415] INFO  impl.FollowerState (FollowerState.java:run(117)) - 0aa3649f-570d-46c6-937f-492d7f3a8364@group-83C26644CFDA-FollowerState was interrupted: java.lang.InterruptedException: sleep interrupted
2019-10-16 21:01:42,217 [grpc-default-executor-1] INFO  impl.RoleInfo (RoleInfo.java:updateAndGet(143)) - 0aa3649f-570d-46c6-937f-492d7f3a8364: start FollowerState
2019-10-16 21:01:42,227 [4b287a15-77af-487b-aef7-34d1d0ee189f@group-83C26644CFDA-LeaderElection184] INFO  impl.LeaderElection (LeaderElection.java:logAndReturn(56)) - 4b287a15-77af-487b-aef7-34d1d0ee189f@group-83C26644CFDA-LeaderElection184: Election REJECTED; received 2 response(s) [4b287a15-77af-487b-aef7-34d1d0ee189f<-0aa3649f-570d-46c6-937f-492d7f3a8364#0:FAIL-t183, 4b287a15-77af-487b-aef7-34d1d0ee189f<-4a03179f-3169-4ac7-a075-259968512ef0#0:FAIL-t183] and 0 exception(s); 4b287a15-77af-487b-aef7-34d1d0ee189f@group-83C26644CFDA:t183, leader=null, voted=4b287a15-77af-487b-aef7-34d1d0ee189f, raftlog=4b287a15-77af-487b-aef7-34d1d0ee189f@group-83C26644CFDA-SegmentedRaftLog:OPENED:c-1,f-1,i0, conf=-1: [4b287a15-77af-487b-aef7-34d1d0ee189f:192.168.34.38:38597, 0aa3649f-570d-46c6-937f-492d7f3a8364:192.168.34.38:33209, 4a03179f-3169-4ac7-a075-259968512ef0:192.168.34.38:45833], old=null
2019-10-16 21:01:42,227 [4b287a15-77af-487b-aef7-34d1d0ee189f@group-83C26644CFDA-LeaderElection184] INFO  impl.RaftServerImpl (RaftServerImpl.java:setRole(184)) - 4b287a15-77af-487b-aef7-34d1d0ee189f@group-83C26644CFDA: changes role from CANDIDATE to FOLLOWER at term 183 for DISCOVERED_A_NEW_TERM
2019-10-16 21:01:42,227 [4b287a15-77af-487b-aef7-34d1d0ee189f@group-83C26644CFDA-LeaderElection184] INFO  impl.RoleInfo (RoleInfo.java:shutdownLeaderElection(134)) - 4b287a15-77af-487b-aef7-34d1d0ee189f: shutdown LeaderElection
2019-10-16 21:01:42,227 [4b287a15-77af-487b-aef7-34d1d0ee189f@group-83C26644CFDA-LeaderElection184] INFO  impl.RoleInfo (RoleInfo.java:updateAndGet(143)) - 4b287a15-77af-487b-aef7-34d1d0ee189f: start FollowerState
2019-10-16 21:01:42,354 [main] INFO  ozone.MiniOzoneClusterImpl (MiniOzoneClusterImpl.java:lambda$waitForClusterToBeReady$2(164)) - Waiting for 1 number of pipelines out of 4, to report a leader.
2019-10-16 21:01:42,406 [Thread-1423] INFO  impl.FollowerState (FollowerState.java:run(108)) - 4b287a15-77af-487b-aef7-34d1d0ee189f@group-83C26644CFDA-FollowerState: change to CANDIDATE, lastRpcTime:178ms, electionTimeout:178ms
2019-10-16 21:01:42,406 [Thread-1423] INFO  impl.RoleInfo (RoleInfo.java:shutdownFollowerState(121)) - 4b287a15-77af-487b-aef7-34d1d0ee189f: shutdown FollowerState
2019-10-16 21:01:42,406 [Thread-1423] INFO  impl.RaftServerImpl (RaftServerImpl.java:setRole(184)) - 4b287a15-77af-487b-aef7-34d1d0ee189f@group-83C26644CFDA: changes role from  FOLLOWER to CANDIDATE at term 183 for changeToCandidate
2019-10-16 21:01:42,406 [Thread-1423] INFO  impl.RoleInfo (RoleInfo.java:updateAndGet(143)) - 4b287a15-77af-487b-aef7-34d1d0ee189f: start LeaderElection
2019-10-16 21:01:42,414 [4b287a15-77af-487b-aef7-34d1d0ee189f@group-83C26644CFDA-LeaderElection185] INFO  impl.LeaderElection (LeaderElection.java:askForVotes(178)) - 4b287a15-77af-487b-aef7-34d1d0ee189f@group-83C26644CFDA-LeaderElection185: begin an election at term 184 for -1: [4b287a15-77af-487b-aef7-34d1d0ee189f:192.168.34.38:38597, 0aa3649f-570d-46c6-937f-492d7f3a8364:192.168.34.38:33209, 4a03179f-3169-4ac7-a075-259968512ef0:192.168.34.38:45833], old=null
2019-10-16 21:01:42,417 [grpc-default-executor-1] INFO  impl.RaftServerImpl (RaftServerImpl.java:setRole(184)) - 0aa3649f-570d-46c6-937f-492d7f3a8364@group-83C26644CFDA: changes role from  FOLLOWER to FOLLOWER at term 184 for recognizeCandidate:4b287a15-77af-487b-aef7-34d1d0ee189f
2019-10-16 21:01:42,417 [grpc-default-executor-1] INFO  impl.RoleInfo (RoleInfo.java:shutdownFollowerState(121)) - 0aa3649f-570d-46c6-937f-492d7f3a8364: shutdown FollowerState
2019-10-16 21:01:42,417 [grpc-default-executor-3] INFO  impl.RaftServerImpl (RaftServerImpl.java:setRole(184)) - 4a03179f-3169-4ac7-a075-259968512ef0@group-83C26644CFDA: changes role from  FOLLOWER to FOLLOWER at term 184 for recognizeCandidate:4b287a15-77af-487b-aef7-34d1d0ee189f
2019-10-16 21:01:42,417 [grpc-default-executor-3] INFO  impl.RoleInfo (RoleInfo.java:shutdownFollowerState(121)) - 4a03179f-3169-4ac7-a075-259968512ef0: shutdown FollowerState
2019-10-16 21:01:42,417 [Thread-1422] INFO  impl.FollowerState (FollowerState.java:run(117)) - 0aa3649f-570d-46c6-937f-492d7f3a8364@group-83C26644CFDA-FollowerState was interrupted: java.lang.InterruptedException: sleep interrupted
2019-10-16 21:01:42,417 [grpc-default-executor-1] INFO  impl.RoleInfo (RoleInfo.java:updateAndGet(143)) - 0aa3649f-570d-46c6-937f-492d7f3a8364: start FollowerState
2019-10-16 21:01:42,417 [Thread-1421] INFO  impl.FollowerState (FollowerState.java:run(117)) - 4a03179f-3169-4ac7-a075-259968512ef0@group-83C26644CFDA-FollowerState was interrupted: java.lang.InterruptedException: sleep interrupted
2019-10-16 21:01:42,417 [grpc-default-executor-3] INFO  impl.RoleInfo (RoleInfo.java:updateAndGet(143)) - 4a03179f-3169-4ac7-a075-259968512ef0: start FollowerState
2019-10-16 21:01:42,438 [4b287a15-77af-487b-aef7-34d1d0ee189f@group-83C26644CFDA-LeaderElection185] INFO  impl.LeaderElection (LeaderElection.java:logAndReturn(56)) - 4b287a15-77af-487b-aef7-34d1d0ee189f@group-83C26644CFDA-LeaderElection185: Election REJECTED; received 2 response(s) [4b287a15-77af-487b-aef7-34d1d0ee189f<-0aa3649f-570d-46c6-937f-492d7f3a8364#0:FAIL-t184, 4b287a15-77af-487b-aef7-34d1d0ee189f<-4a03179f-3169-4ac7-a075-259968512ef0#0:FAIL-t184] and 0 exception(s); 4b287a15-77af-487b-aef7-34d1d0ee189f@group-83C26644CFDA:t184, leader=null, voted=4b287a15-77af-487b-aef7-34d1d0ee189f, raftlog=4b287a15-77af-487b-aef7-34d1d0ee189f@group-83C26644CFDA-SegmentedRaftLog:OPENED:c-1,f-1,i0, conf=-1: [4b287a15-77af-487b-aef7-34d1d0ee189f:192.168.34.38:38597, 0aa3649f-570d-46c6-937f-492d7f3a8364:192.168.34.38:33209, 4a03179f-3169-4ac7-a075-259968512ef0:192.168.34.38:45833], old=null
2019-10-16 21:01:42,438 [4b287a15-77af-487b-aef7-34d1d0ee189f@group-83C26644CFDA-LeaderElection185] INFO  impl.RaftServerImpl (RaftServerImpl.java:setRole(184)) - 4b287a15-77af-487b-aef7-34d1d0ee189f@group-83C26644CFDA: changes role from CANDIDATE to FOLLOWER at term 184 for DISCOVERED_A_NEW_TERM
2019-10-16 21:01:42,438 [4b287a15-77af-487b-aef7-34d1d0ee189f@group-83C26644CFDA-LeaderElection185] INFO  impl.RoleInfo (RoleInfo.java:shutdownLeaderElection(134)) - 4b287a15-77af-487b-aef7-34d1d0ee189f: shutdown LeaderElection
2019-10-16 21:01:42,438 [4b287a15-77af-487b-aef7-34d1d0ee189f@group-83C26644CFDA-LeaderElection185] INFO  impl.RoleInfo (RoleInfo.java:updateAndGet(143)) - 4b287a15-77af-487b-aef7-34d1d0ee189f: start FollowerState
2019-10-16 21:01:42,591 [Thread-1429] INFO  impl.FollowerState (FollowerState.java:run(108)) - 4b287a15-77af-487b-aef7-34d1d0ee189f@group-83C26644CFDA-FollowerState: change to CANDIDATE, lastRpcTime:153ms, electionTimeout:153ms
2019-10-16 21:01:42,591 [Thread-1429] INFO  impl.RoleInfo (RoleInfo.java:shutdownFollowerState(121)) - 4b287a15-77af-487b-aef7-34d1d0ee189f: shutdown FollowerState
2019-10-16 21:01:42,592 [Thread-1429] INFO  impl.RaftServerImpl (RaftServerImpl.java:setRole(184)) - 4b287a15-77af-487b-aef7-34d1d0ee189f@group-83C26644CFDA: changes role from  FOLLOWER to CANDIDATE at term 184 for changeToCandidate
2019-10-16 21:01:42,592 [Thread-1429] INFO  impl.RoleInfo (RoleInfo.java:updateAndGet(143)) - 4b287a15-77af-487b-aef7-34d1d0ee189f: start LeaderElection
2019-10-16 21:01:42,600 [4b287a15-77af-487b-aef7-34d1d0ee189f@group-83C26644CFDA-LeaderElection186] INFO  impl.LeaderElection (LeaderElection.java:askForVotes(178)) - 4b287a15-77af-487b-aef7-34d1d0ee189f@group-83C26644CFDA-LeaderElection186: begin an election at term 185 for -1: [4b287a15-77af-487b-aef7-34d1d0ee189f:192.168.34.38:38597, 0aa3649f-570d-46c6-937f-492d7f3a8364:192.168.34.38:33209, 4a03179f-3169-4ac7-a075-259968512ef0:192.168.34.38:45833], old=null
2019-10-16 21:01:42,603 [grpc-default-executor-1] INFO  impl.RaftServerImpl (RaftServerImpl.java:setRole(184)) - 0aa3649f-570d-46c6-937f-492d7f3a8364@group-83C26644CFDA: changes role from  FOLLOWER to FOLLOWER at term 185 for recognizeCandidate:4b287a15-77af-487b-aef7-34d1d0ee189f
2019-10-16 21:01:42,603 [grpc-default-executor-1] INFO  impl.RoleInfo (RoleInfo.java:shutdownFollowerState(121)) - 0aa3649f-570d-46c6-937f-492d7f3a8364: shutdown FollowerState
2019-10-16 21:01:42,603 [grpc-default-executor-3] INFO  impl.RaftServerImpl (RaftServerImpl.java:setRole(184)) - 4a03179f-3169-4ac7-a075-259968512ef0@group-83C26644CFDA: changes role from  FOLLOWER to FOLLOWER at term 185 for recognizeCandidate:4b287a15-77af-487b-aef7-34d1d0ee189f
2019-10-16 21:01:42,603 [Thread-1427] INFO  impl.FollowerState (FollowerState.java:run(117)) - 0aa3649f-570d-46c6-937f-492d7f3a8364@group-83C26644CFDA-FollowerState was interrupted: java.lang.InterruptedException: sleep interrupted
2019-10-16 21:01:42,603 [grpc-default-executor-1] INFO  impl.RoleInfo (RoleInfo.java:updateAndGet(143)) - 0aa3649f-570d-46c6-937f-492d7f3a8364: start FollowerState
2019-10-16 21:01:42,603 [grpc-default-executor-3] INFO  impl.RoleInfo (RoleInfo.java:shutdownFollowerState(121)) - 4a03179f-3169-4ac7-a075-259968512ef0: shutdown FollowerState
2019-10-16 21:01:42,604 [Thread-1428] INFO  impl.FollowerState (FollowerState.java:run(117)) - 4a03179f-3169-4ac7-a075-259968512ef0@group-83C26644CFDA-FollowerState was interrupted: java.lang.InterruptedException: sleep interrupted
2019-10-16 21:01:42,604 [grpc-default-executor-3] INFO  impl.RoleInfo (RoleInfo.java:updateAndGet(143)) - 4a03179f-3169-4ac7-a075-259968512ef0: start FollowerState
2019-10-16 21:01:42,611 [4b287a15-77af-487b-aef7-34d1d0ee189f@group-83C26644CFDA-LeaderElection186] INFO  impl.LeaderElection (LeaderElection.java:logAndReturn(56)) - 4b287a15-77af-487b-aef7-34d1d0ee189f@group-83C26644CFDA-LeaderElection186: Election REJECTED; received 2 response(s) [4b287a15-77af-487b-aef7-34d1d0ee189f<-0aa3649f-570d-46c6-937f-492d7f3a8364#0:FAIL-t185, 4b287a15-77af-487b-aef7-34d1d0ee189f<-4a03179f-3169-4ac7-a075-259968512ef0#0:FAIL-t185] and 0 exception(s); 4b287a15-77af-487b-aef7-34d1d0ee189f@group-83C26644CFDA:t185, leader=null, voted=4b287a15-77af-487b-aef7-34d1d0ee189f, raftlog=4b287a15-77af-487b-aef7-34d1d0ee189f@group-83C26644CFDA-SegmentedRaftLog:OPENED:c-1,f-1,i0, conf=-1: [4b287a15-77af-487b-aef7-34d1d0ee189f:192.168.34.38:38597, 0aa3649f-570d-46c6-937f-492d7f3a8364:192.168.34.38:33209, 4a03179f-3169-4ac7-a075-259968512ef0:192.168.34.38:45833], old=null
2019-10-16 21:01:42,611 [4b287a15-77af-487b-aef7-34d1d0ee189f@group-83C26644CFDA-LeaderElection186] INFO  impl.RaftServerImpl (RaftServerImpl.java:setRole(184)) - 4b287a15-77af-487b-aef7-34d1d0ee189f@group-83C26644CFDA: changes role from CANDIDATE to FOLLOWER at term 185 for DISCOVERED_A_NEW_TERM
2019-10-16 21:01:42,612 [4b287a15-77af-487b-aef7-34d1d0ee189f@group-83C26644CFDA-LeaderElection186] INFO  impl.RoleInfo (RoleInfo.java:shutdownLeaderElection(134)) - 4b287a15-77af-487b-aef7-34d1d0ee189f: shutdown LeaderElection
2019-10-16 21:01:42,612 [4b287a15-77af-487b-aef7-34d1d0ee189f@group-83C26644CFDA-LeaderElection186] INFO  impl.RoleInfo (RoleInfo.java:updateAndGet(143)) - 4b287a15-77af-487b-aef7-34d1d0ee189f: start FollowerState
2019-10-16 21:01:42,620 [Thread-1435] INFO  impl.FollowerState (FollowerState.java:run(108)) - 4b287a15-77af-487b-aef7-34d1d0ee189f@group-83C26644CFDA-FollowerState: change to CANDIDATE, lastRpcTime:8ms, electionTimeout:8ms
2019-10-16 21:01:42,620 [Thread-1435] INFO  impl.RoleInfo (RoleInfo.java:shutdownFollowerState(121)) - 4b287a15-77af-487b-aef7-34d1d0ee189f: shutdown FollowerState
2019-10-16 21:01:42,620 [Thread-1435] INFO  impl.RaftServerImpl (RaftServerImpl.java:setRole(184)) - 4b287a15-77af-487b-aef7-34d1d0ee189f@group-83C26644CFDA: changes role from  FOLLOWER to CANDIDATE at term 185 for changeToCandidate
2019-10-16 21:01:42,620 [Thread-1435] INFO  impl.RoleInfo (RoleInfo.java:updateAndGet(143)) - 4b287a15-77af-487b-aef7-34d1d0ee189f: start LeaderElection
2019-10-16 21:01:42,640 [4b287a15-77af-487b-aef7-34d1d0ee189f@group-83C26644CFDA-LeaderElection187] INFO  impl.LeaderElection (LeaderElection.java:askForVotes(178)) - 4b287a15-77af-487b-aef7-34d1d0ee189f@group-83C26644CFDA-LeaderElection187: begin an election at term 186 for -1: [4b287a15-77af-487b-aef7-34d1d0ee189f:192.168.34.38:38597, 0aa3649f-570d-46c6-937f-492d7f3a8364:192.168.34.38:33209, 4a03179f-3169-4ac7-a075-259968512ef0:192.168.34.38:45833], old=null
2019-10-16 21:01:42,642 [grpc-default-executor-1] INFO  impl.RaftServerImpl (RaftServerImpl.java:setRole(184)) - 0aa3649f-570d-46c6-937f-492d7f3a8364@group-83C26644CFDA: changes role from  FOLLOWER to FOLLOWER at term 186 for recognizeCandidate:4b287a15-77af-487b-aef7-34d1d0ee189f
2019-10-16 21:01:42,642 [grpc-default-executor-1] INFO  impl.RoleInfo (RoleInfo.java:shutdownFollowerState(121)) - 0aa3649f-570d-46c6-937f-492d7f3a8364: shutdown FollowerState
2019-10-16 21:01:42,642 [grpc-default-executor-3] INFO  impl.RaftServerImpl (RaftServerImpl.java:setRole(184)) - 4a03179f-3169-4ac7-a075-259968512ef0@group-83C26644CFDA: changes role from  FOLLOWER to FOLLOWER at term 186 for recognizeCandidate:4b287a15-77af-487b-aef7-34d1d0ee189f
2019-10-16 21:01:42,643 [Thread-1433] INFO  impl.FollowerState (FollowerState.java:run(117)) - 0aa3649f-570d-46c6-937f-492d7f3a8364@group-83C26644CFDA-FollowerState was interrupted: java.lang.InterruptedException: sleep interrupted
2019-10-16 21:01:42,643 [grpc-default-executor-1] INFO  impl.RoleInfo (RoleInfo.java:updateAndGet(143)) - 0aa3649f-570d-46c6-937f-492d7f3a8364: start FollowerState
2019-10-16 21:01:42,643 [grpc-default-executor-3] INFO  impl.RoleInfo (RoleInfo.java:shutdownFollowerState(121)) - 4a03179f-3169-4ac7-a075-259968512ef0: shutdown FollowerState
2019-10-16 21:01:42,643 [grpc-default-executor-3] INFO  impl.RoleInfo (RoleInfo.java:updateAndGet(143)) - 4a03179f-3169-4ac7-a075-259968512ef0: start FollowerState
2019-10-16 21:01:42,643 [Thread-1434] INFO  impl.FollowerState (FollowerState.java:run(117)) - 4a03179f-3169-4ac7-a075-259968512ef0@group-83C26644CFDA-FollowerState was interrupted: java.lang.InterruptedException: sleep interrupted
2019-10-16 21:01:42,676 [4b287a15-77af-487b-aef7-34d1d0ee189f@group-83C26644CFDA-LeaderElection187] INFO  impl.LeaderElection (LeaderElection.java:logAndReturn(56)) - 4b287a15-77af-487b-aef7-34d1d0ee189f@group-83C26644CFDA-LeaderElection187: Election REJECTED; received 2 response(s) [4b287a15-77af-487b-aef7-34d1d0ee189f<-0aa3649f-570d-46c6-937f-492d7f3a8364#0:FAIL-t186, 4b287a15-77af-487b-aef7-34d1d0ee189f<-4a03179f-3169-4ac7-a075-259968512ef0#0:FAIL-t186] and 0 exception(s); 4b287a15-77af-487b-aef7-34d1d0ee189f@group-83C26644CFDA:t186, leader=null, voted=4b287a15-77af-487b-aef7-34d1d0ee189f, raftlog=4b287a15-77af-487b-aef7-34d1d0ee189f@group-83C26644CFDA-SegmentedRaftLog:OPENED:c-1,f-1,i0, conf=-1: [4b287a15-77af-487b-aef7-34d1d0ee189f:192.168.34.38:38597, 0aa3649f-570d-46c6-937f-492d7f3a8364:192.168.34.38:33209, 4a03179f-3169-4ac7-a075-259968512ef0:192.168.34.38:45833], old=null
2019-10-16 21:01:42,676 [4b287a15-77af-487b-aef7-34d1d0ee189f@group-83C26644CFDA-LeaderElection187] INFO  impl.RaftServerImpl (RaftServerImpl.java:setRole(184)) - 4b287a15-77af-487b-aef7-34d1d0ee189f@group-83C26644CFDA: changes role from CANDIDATE to FOLLOWER at term 186 for DISCOVERED_A_NEW_TERM
2019-10-16 21:01:42,676 [4b287a15-77af-487b-aef7-34d1d0ee189f@group-83C26644CFDA-LeaderElection187] INFO  impl.RoleInfo (RoleInfo.java:shutdownLeaderElection(134)) - 4b287a15-77af-487b-aef7-34d1d0ee189f: shutdown LeaderElection
2019-10-16 21:01:42,676 [4b287a15-77af-487b-aef7-34d1d0ee189f@group-83C26644CFDA-LeaderElection187] INFO  impl.RoleInfo (RoleInfo.java:updateAndGet(143)) - 4b287a15-77af-487b-aef7-34d1d0ee189f: start FollowerState
2019-10-16 21:01:42,787 [Thread-1441] INFO  impl.FollowerState (FollowerState.java:run(108)) - 4b287a15-77af-487b-aef7-34d1d0ee189f@group-83C26644CFDA-FollowerState: change to CANDIDATE, lastRpcTime:111ms, electionTimeout:111ms
2019-10-16 21:01:42,788 [Thread-1441] INFO  impl.RoleInfo (RoleInfo.java:shutdownFollowerState(121)) - 4b287a15-77af-487b-aef7-34d1d0ee189f: shutdown FollowerState
2019-10-16 21:01:42,788 [Thread-1441] INFO  impl.RaftServerImpl (RaftServerImpl.java:setRole(184)) - 4b287a15-77af-487b-aef7-34d1d0ee189f@group-83C26644CFDA: changes role from  FOLLOWER to CANDIDATE at term 186 for changeToCandidate
2019-10-16 21:01:42,788 [Thread-1441] INFO  impl.RoleInfo (RoleInfo.java:updateAndGet(143)) - 4b287a15-77af-487b-aef7-34d1d0ee189f: start LeaderElection
2019-10-16 21:01:42,810 [4b287a15-77af-487b-aef7-34d1d0ee189f@group-83C26644CFDA-LeaderElection188] INFO  impl.LeaderElection (LeaderElection.java:askForVotes(178)) - 4b287a15-77af-487b-aef7-34d1d0ee189f@group-83C26644CFDA-LeaderElection188: begin an election at term 187 for -1: [4b287a15-77af-487b-aef7-34d1d0ee189f:192.168.34.38:38597, 0aa3649f-570d-46c6-937f-492d7f3a8364:192.168.34.38:33209, 4a03179f-3169-4ac7-a075-259968512ef0:192.168.34.38:45833], old=null
2019-10-16 21:01:42,813 [grpc-default-executor-3] INFO  impl.RaftServerImpl (RaftServerImpl.java:setRole(184)) - 0aa3649f-570d-46c6-937f-492d7f3a8364@group-83C26644CFDA: changes role from  FOLLOWER to FOLLOWER at term 187 for recognizeCandidate:4b287a15-77af-487b-aef7-34d1d0ee189f
2019-10-16 21:01:42,813 [grpc-default-executor-3] INFO  impl.RoleInfo (RoleInfo.java:shutdownFollowerState(121)) - 0aa3649f-570d-46c6-937f-492d7f3a8364: shutdown FollowerState
2019-10-16 21:01:42,813 [grpc-default-executor-1] INFO  impl.RaftServerImpl (RaftServerImpl.java:setRole(184)) - 4a03179f-3169-4ac7-a075-259968512ef0@group-83C26644CFDA: changes role from  FOLLOWER to FOLLOWER at term 187 for recognizeCandidate:4b287a15-77af-487b-aef7-34d1d0ee189f
2019-10-16 21:01:42,813 [Thread-1439] INFO  impl.FollowerState (FollowerState.java:run(117)) - 0aa3649f-570d-46c6-937f-492d7f3a8364@group-83C26644CFDA-FollowerState was interrupted: java.lang.InterruptedException: sleep interrupted
2019-10-16 21:01:42,813 [grpc-default-executor-3] INFO  impl.RoleInfo (RoleInfo.java:updateAndGet(143)) - 0aa3649f-570d-46c6-937f-492d7f3a8364: start FollowerState
2019-10-16 21:01:42,814 [grpc-default-executor-1] INFO  impl.RoleInfo (RoleInfo.java:shutdownFollowerState(121)) - 4a03179f-3169-4ac7-a075-259968512ef0: shutdown FollowerState
2019-10-16 21:01:42,814 [grpc-default-executor-1] INFO  impl.RoleInfo (RoleInfo.java:updateAndGet(143)) - 4a03179f-3169-4ac7-a075-259968512ef0: start FollowerState
2019-10-16 21:01:42,814 [Thread-1440] INFO  impl.FollowerState (FollowerState.java:run(117)) - 4a03179f-3169-4ac7-a075-259968512ef0@group-83C26644CFDA-FollowerState was interrupted: java.lang.InterruptedException: sleep interrupted
2019-10-16 21:01:42,837 [4b287a15-77af-487b-aef7-34d1d0ee189f@group-83C26644CFDA-LeaderElection188] INFO  impl.LeaderElection (LeaderElection.java:logAndReturn(56)) - 4b287a15-77af-487b-aef7-34d1d0ee189f@group-83C26644CFDA-LeaderElection188: Election REJECTED; received 2 response(s) [4b287a15-77af-487b-aef7-34d1d0ee189f<-0aa3649f-570d-46c6-937f-492d7f3a8364#0:FAIL-t187, 4b287a15-77af-487b-aef7-34d1d0ee189f<-4a03179f-3169-4ac7-a075-259968512ef0#0:FAIL-t187] and 0 exception(s); 4b287a15-77af-487b-aef7-34d1d0ee189f@group-83C26644CFDA:t187, leader=null, voted=4b287a15-77af-487b-aef7-34d1d0ee189f, raftlog=4b287a15-77af-487b-aef7-34d1d0ee189f@group-83C26644CFDA-SegmentedRaftLog:OPENED:c-1,f-1,i0, conf=-1: [4b287a15-77af-487b-aef7-34d1d0ee189f:192.168.34.38:38597, 0aa3649f-570d-46c6-937f-492d7f3a8364:192.168.34.38:33209, 4a03179f-3169-4ac7-a075-259968512ef0:192.168.34.38:45833], old=null
2019-10-16 21:01:42,837 [4b287a15-77af-487b-aef7-34d1d0ee189f@group-83C26644CFDA-LeaderElection188] INFO  impl.RaftServerImpl (RaftServerImpl.java:setRole(184)) - 4b287a15-77af-487b-aef7-34d1d0ee189f@group-83C26644CFDA: changes role from CANDIDATE to FOLLOWER at term 187 for DISCOVERED_A_NEW_TERM
2019-10-16 21:01:42,837 [4b287a15-77af-487b-aef7-34d1d0ee189f@group-83C26644CFDA-LeaderElection188] INFO  impl.RoleInfo (RoleInfo.java:shutdownLeaderElection(134)) - 4b287a15-77af-487b-aef7-34d1d0ee189f: shutdown LeaderElection
2019-10-16 21:01:42,837 [4b287a15-77af-487b-aef7-34d1d0ee189f@group-83C26644CFDA-LeaderElection188] INFO  impl.RoleInfo (RoleInfo.java:updateAndGet(143)) - 4b287a15-77af-487b-aef7-34d1d0ee189f: start FollowerState
2019-10-16 21:01:42,988 [Thread-1447] INFO  impl.FollowerState (FollowerState.java:run(108)) - 4b287a15-77af-487b-aef7-34d1d0ee189f@group-83C26644CFDA-FollowerState: change to CANDIDATE, lastRpcTime:150ms, electionTimeout:150ms
2019-10-16 21:01:42,988 [Thread-1447] INFO  impl.RoleInfo (RoleInfo.java:shutdownFollowerState(121)) - 4b287a15-77af-487b-aef7-34d1d0ee189f: shutdown FollowerState
2019-10-16 21:01:42,988 [Thread-1447] INFO  impl.RaftServerImpl (RaftServerImpl.java:setRole(184)) - 4b287a15-77af-487b-aef7-34d1d0ee189f@group-83C26644CFDA: changes role from  FOLLOWER to CANDIDATE at term 187 for changeToCandidate
2019-10-16 21:01:42,988 [Thread-1447] INFO  impl.RoleInfo (RoleInfo.java:updateAndGet(143)) - 4b287a15-77af-487b-aef7-34d1d0ee189f: start LeaderElection
2019-10-16 21:01:42,995 [4b287a15-77af-487b-aef7-34d1d0ee189f@group-83C26644CFDA-LeaderElection189] INFO  impl.LeaderElection (LeaderElection.java:askForVotes(178)) - 4b287a15-77af-487b-aef7-34d1d0ee189f@group-83C26644CFDA-LeaderElection189: begin an election at term 188 for -1: [4b287a15-77af-487b-aef7-34d1d0ee189f:192.168.34.38:38597, 0aa3649f-570d-46c6-937f-492d7f3a8364:192.168.34.38:33209, 4a03179f-3169-4ac7-a075-259968512ef0:192.168.34.38:45833], old=null
2019-10-16 21:01:42,997 [grpc-default-executor-3] INFO  impl.RaftServerImpl (RaftServerImpl.java:setRole(184)) - 0aa3649f-570d-46c6-937f-492d7f3a8364@group-83C26644CFDA: changes role from  FOLLOWER to FOLLOWER at term 188 for recognizeCandidate:4b287a15-77af-487b-aef7-34d1d0ee189f
2019-10-16 21:01:42,997 [grpc-default-executor-3] INFO  impl.RoleInfo (RoleInfo.java:shutdownFollowerState(121)) - 0aa3649f-570d-46c6-937f-492d7f3a8364: shutdown FollowerState
2019-10-16 21:01:42,997 [grpc-default-executor-3] INFO  impl.RoleInfo (RoleInfo.java:updateAndGet(143)) - 0aa3649f-570d-46c6-937f-492d7f3a8364: start FollowerState
2019-10-16 21:01:42,997 [Thread-1445] INFO  impl.FollowerState (FollowerState.java:run(117)) - 0aa3649f-570d-46c6-937f-492d7f3a8364@group-83C26644CFDA-FollowerState was interrupted: java.lang.InterruptedException: sleep interrupted
2019-10-16 21:01:42,997 [grpc-default-executor-1] INFO  impl.RaftServerImpl (RaftServerImpl.java:setRole(184)) - 4a03179f-3169-4ac7-a075-259968512ef0@group-83C26644CFDA: changes role from  FOLLOWER to FOLLOWER at term 188 for recognizeCandidate:4b287a15-77af-487b-aef7-34d1d0ee189f
2019-10-16 21:01:42,997 [grpc-default-executor-1] INFO  impl.RoleInfo (RoleInfo.java:shutdownFollowerState(121)) - 4a03179f-3169-4ac7-a075-259968512ef0: shutdown FollowerState
2019-10-16 21:01:42,998 [grpc-default-executor-1] INFO  impl.RoleInfo (RoleInfo.java:updateAndGet(143)) - 4a03179f-3169-4ac7-a075-259968512ef0: start FollowerState
2019-10-16 21:01:42,998 [Thread-1446] INFO  impl.FollowerState (FollowerState.java:run(117)) - 4a03179f-3169-4ac7-a075-259968512ef0@group-83C26644CFDA-FollowerState was interrupted: java.lang.InterruptedException: sleep interrupted
2019-10-16 21:01:43,011 [4b287a15-77af-487b-aef7-34d1d0ee189f@group-83C26644CFDA-LeaderElection189] INFO  impl.LeaderElection (LeaderElection.java:logAndReturn(56)) - 4b287a15-77af-487b-aef7-34d1d0ee189f@group-83C26644CFDA-LeaderElection189: Election REJECTED; received 2 response(s) [4b287a15-77af-487b-aef7-34d1d0ee189f<-0aa3649f-570d-46c6-937f-492d7f3a8364#0:FAIL-t188, 4b287a15-77af-487b-aef7-34d1d0ee189f<-4a03179f-3169-4ac7-a075-259968512ef0#0:FAIL-t188] and 0 exception(s); 4b287a15-77af-487b-aef7-34d1d0ee189f@group-83C26644CFDA:t188, leader=null, voted=4b287a15-77af-487b-aef7-34d1d0ee189f, raftlog=4b287a15-77af-487b-aef7-34d1d0ee189f@group-83C26644CFDA-SegmentedRaftLog:OPENED:c-1,f-1,i0, conf=-1: [4b287a15-77af-487b-aef7-34d1d0ee189f:192.168.34.38:38597, 0aa3649f-570d-46c6-937f-492d7f3a8364:192.168.34.38:33209, 4a03179f-3169-4ac7-a075-259968512ef0:192.168.34.38:45833], old=null
2019-10-16 21:01:43,011 [4b287a15-77af-487b-aef7-34d1d0ee189f@group-83C26644CFDA-LeaderElection189] INFO  impl.RaftServerImpl (RaftServerImpl.java:setRole(184)) - 4b287a15-77af-487b-aef7-34d1d0ee189f@group-83C26644CFDA: changes role from CANDIDATE to FOLLOWER at term 188 for DISCOVERED_A_NEW_TERM
2019-10-16 21:01:43,011 [4b287a15-77af-487b-aef7-34d1d0ee189f@group-83C26644CFDA-LeaderElection189] INFO  impl.RoleInfo (RoleInfo.java:shutdownLeaderElection(134)) - 4b287a15-77af-487b-aef7-34d1d0ee189f: shutdown LeaderElection
2019-10-16 21:01:43,011 [4b287a15-77af-487b-aef7-34d1d0ee189f@group-83C26644CFDA-LeaderElection189] INFO  impl.RoleInfo (RoleInfo.java:updateAndGet(143)) - 4b287a15-77af-487b-aef7-34d1d0ee189f: start FollowerState
2019-10-16 21:01:43,173 [Thread-1453] INFO  impl.FollowerState (FollowerState.java:run(108)) - 4b287a15-77af-487b-aef7-34d1d0ee189f@group-83C26644CFDA-FollowerState: change to CANDIDATE, lastRpcTime:161ms, electionTimeout:161ms
2019-10-16 21:01:43,173 [Thread-1453] INFO  impl.RoleInfo (RoleInfo.java:shutdownFollowerState(121)) - 4b287a15-77af-487b-aef7-34d1d0ee189f: shutdown FollowerState
2019-10-16 21:01:43,173 [Thread-1453] INFO  impl.RaftServerImpl (RaftServerImpl.java:setRole(184)) - 4b287a15-77af-487b-aef7-34d1d0ee189f@group-83C26644CFDA: changes role from  FOLLOWER to CANDIDATE at term 188 for changeToCandidate
2019-10-16 21:01:43,173 [Thread-1453] INFO  impl.RoleInfo (RoleInfo.java:updateAndGet(143)) - 4b287a15-77af-487b-aef7-34d1d0ee189f: start LeaderElection
2019-10-16 21:01:43,187 [4b287a15-77af-487b-aef7-34d1d0ee189f@group-83C26644CFDA-LeaderElection190] INFO  impl.LeaderElection (LeaderElection.java:askForVotes(178)) - 4b287a15-77af-487b-aef7-34d1d0ee189f@group-83C26644CFDA-LeaderElection190: begin an election at term 189 for -1: [4b287a15-77af-487b-aef7-34d1d0ee189f:192.168.34.38:38597, 0aa3649f-570d-46c6-937f-492d7f3a8364:192.168.34.38:33209, 4a03179f-3169-4ac7-a075-259968512ef0:192.168.34.38:45833], old=null
2019-10-16 21:01:43,189 [grpc-default-executor-1] INFO  impl.RaftServerImpl (RaftServerImpl.java:setRole(184)) - 0aa3649f-570d-46c6-937f-492d7f3a8364@group-83C26644CFDA: changes role from  FOLLOWER to FOLLOWER at term 189 for recognizeCandidate:4b287a15-77af-487b-aef7-34d1d0ee189f
2019-10-16 21:01:43,189 [grpc-default-executor-1] INFO  impl.RoleInfo (RoleInfo.java:shutdownFollowerState(121)) - 0aa3649f-570d-46c6-937f-492d7f3a8364: shutdown FollowerState
2019-10-16 21:01:43,189 [grpc-default-executor-2] INFO  impl.RaftServerImpl (RaftServerImpl.java:setRole(184)) - 4a03179f-3169-4ac7-a075-259968512ef0@group-83C26644CFDA: changes role from  FOLLOWER to FOLLOWER at term 189 for recognizeCandidate:4b287a15-77af-487b-aef7-34d1d0ee189f
2019-10-16 21:01:43,190 [grpc-default-executor-2] INFO  impl.RoleInfo (RoleInfo.java:shutdownFollowerState(121)) - 4a03179f-3169-4ac7-a075-259968512ef0: shutdown FollowerState
2019-10-16 21:01:43,189 [grpc-default-executor-1] INFO  impl.RoleInfo (RoleInfo.java:updateAndGet(143)) - 0aa3649f-570d-46c6-937f-492d7f3a8364: start FollowerState
2019-10-16 21:01:43,189 [Thread-1451] INFO  impl.FollowerState (FollowerState.java:run(117)) - 0aa3649f-570d-46c6-937f-492d7f3a8364@group-83C26644CFDA-FollowerState was interrupted: java.lang.InterruptedException: sleep interrupted
2019-10-16 21:01:43,190 [grpc-default-executor-2] INFO  impl.RoleInfo (RoleInfo.java:updateAndGet(143)) - 4a03179f-3169-4ac7-a075-259968512ef0: start FollowerState
2019-10-16 21:01:43,190 [Thread-1452] INFO  impl.FollowerState (FollowerState.java:run(117)) - 4a03179f-3169-4ac7-a075-259968512ef0@group-83C26644CFDA-FollowerState was interrupted: java.lang.InterruptedException: sleep interrupted
2019-10-16 21:01:43,205 [4b287a15-77af-487b-aef7-34d1d0ee189f@group-83C26644CFDA-LeaderElection190] INFO  impl.LeaderElection (LeaderElection.java:logAndReturn(56)) - 4b287a15-77af-487b-aef7-34d1d0ee189f@group-83C26644CFDA-LeaderElection190: Election REJECTED; received 2 response(s) [4b287a15-77af-487b-aef7-34d1d0ee189f<-0aa3649f-570d-46c6-937f-492d7f3a8364#0:FAIL-t189, 4b287a15-77af-487b-aef7-34d1d0ee189f<-4a03179f-3169-4ac7-a075-259968512ef0#0:FAIL-t189] and 0 exception(s); 4b287a15-77af-487b-aef7-34d1d0ee189f@group-83C26644CFDA:t189, leader=null, voted=4b287a15-77af-487b-aef7-34d1d0ee189f, raftlog=4b287a15-77af-487b-aef7-34d1d0ee189f@group-83C26644CFDA-SegmentedRaftLog:OPENED:c-1,f-1,i0, conf=-1: [4b287a15-77af-487b-aef7-34d1d0ee189f:192.168.34.38:38597, 0aa3649f-570d-46c6-937f-492d7f3a8364:192.168.34.38:33209, 4a03179f-3169-4ac7-a075-259968512ef0:192.168.34.38:45833], old=null
2019-10-16 21:01:43,205 [4b287a15-77af-487b-aef7-34d1d0ee189f@group-83C26644CFDA-LeaderElection190] INFO  impl.RaftServerImpl (RaftServerImpl.java:setRole(184)) - 4b287a15-77af-487b-aef7-34d1d0ee189f@group-83C26644CFDA: changes role from CANDIDATE to FOLLOWER at term 189 for DISCOVERED_A_NEW_TERM
2019-10-16 21:01:43,205 [4b287a15-77af-487b-aef7-34d1d0ee189f@group-83C26644CFDA-LeaderElection190] INFO  impl.RoleInfo (RoleInfo.java:shutdownLeaderElection(134)) - 4b287a15-77af-487b-aef7-34d1d0ee189f: shutdown LeaderElection
2019-10-16 21:01:43,205 [4b287a15-77af-487b-aef7-34d1d0ee189f@group-83C26644CFDA-LeaderElection190] INFO  impl.RoleInfo (RoleInfo.java:updateAndGet(143)) - 4b287a15-77af-487b-aef7-34d1d0ee189f: start FollowerState
2019-10-16 21:01:43,344 [Thread-1459] INFO  impl.FollowerState (FollowerState.java:run(108)) - 4b287a15-77af-487b-aef7-34d1d0ee189f@group-83C26644CFDA-FollowerState: change to CANDIDATE, lastRpcTime:139ms, electionTimeout:139ms
2019-10-16 21:01:43,345 [Thread-1459] INFO  impl.RoleInfo (RoleInfo.java:shutdownFollowerState(121)) - 4b287a15-77af-487b-aef7-34d1d0ee189f: shutdown FollowerState
2019-10-16 21:01:43,345 [Thread-1459] INFO  impl.RaftServerImpl (RaftServerImpl.java:setRole(184)) - 4b287a15-77af-487b-aef7-34d1d0ee189f@group-83C26644CFDA: changes role from  FOLLOWER to CANDIDATE at term 189 for changeToCandidate
2019-10-16 21:01:43,345 [Thread-1459] INFO  impl.RoleInfo (RoleInfo.java:updateAndGet(143)) - 4b287a15-77af-487b-aef7-34d1d0ee189f: start LeaderElection
2019-10-16 21:01:43,354 [main] INFO  ozone.MiniOzoneClusterImpl (MiniOzoneClusterImpl.java:lambda$waitForClusterToBeReady$2(164)) - Waiting for 1 number of pipelines out of 4, to report a leader.
2019-10-16 21:01:43,358 [4b287a15-77af-487b-aef7-34d1d0ee189f@group-83C26644CFDA-LeaderElection191] INFO  impl.LeaderElection (LeaderElection.java:askForVotes(178)) - 4b287a15-77af-487b-aef7-34d1d0ee189f@group-83C26644CFDA-LeaderElection191: begin an election at term 190 for -1: [4b287a15-77af-487b-aef7-34d1d0ee189f:192.168.34.38:38597, 0aa3649f-570d-46c6-937f-492d7f3a8364:192.168.34.38:33209, 4a03179f-3169-4ac7-a075-259968512ef0:192.168.34.38:45833], old=null
2019-10-16 21:01:43,360 [grpc-default-executor-1] INFO  impl.RaftServerImpl (RaftServerImpl.java:setRole(184)) - 0aa3649f-570d-46c6-937f-492d7f3a8364@group-83C26644CFDA: changes role from  FOLLOWER to FOLLOWER at term 190 for recognizeCandidate:4b287a15-77af-487b-aef7-34d1d0ee189f
2019-10-16 21:01:43,360 [grpc-default-executor-1] INFO  impl.RoleInfo (RoleInfo.java:shutdownFollowerState(121)) - 0aa3649f-570d-46c6-937f-492d7f3a8364: shutdown FollowerState
2019-10-16 21:01:43,360 [grpc-default-executor-1] INFO  impl.RoleInfo (RoleInfo.java:updateAndGet(143)) - 0aa3649f-570d-46c6-937f-492d7f3a8364: start FollowerState
2019-10-16 21:01:43,361 [grpc-default-executor-2] INFO  impl.RaftServerImpl (RaftServerImpl.java:setRole(184)) - 4a03179f-3169-4ac7-a075-259968512ef0@group-83C26644CFDA: changes role from  FOLLOWER to FOLLOWER at term 190 for recognizeCandidate:4b287a15-77af-487b-aef7-34d1d0ee189f
2019-10-16 21:01:43,361 [Thread-1457] INFO  impl.FollowerState (FollowerState.java:run(117)) - 0aa3649f-570d-46c6-937f-492d7f3a8364@group-83C26644CFDA-FollowerState was interrupted: java.lang.InterruptedException: sleep interrupted
2019-10-16 21:01:43,361 [grpc-default-executor-2] INFO  impl.RoleInfo (RoleInfo.java:shutdownFollowerState(121)) - 4a03179f-3169-4ac7-a075-259968512ef0: shutdown FollowerState
2019-10-16 21:01:43,361 [grpc-default-executor-2] INFO  impl.RoleInfo (RoleInfo.java:updateAndGet(143)) - 4a03179f-3169-4ac7-a075-259968512ef0: start FollowerState
2019-10-16 21:01:43,361 [Thread-1458] INFO  impl.FollowerState (FollowerState.java:run(117)) - 4a03179f-3169-4ac7-a075-259968512ef0@group-83C26644CFDA-FollowerState was interrupted: java.lang.InterruptedException: sleep interrupted
2019-10-16 21:01:43,374 [4b287a15-77af-487b-aef7-34d1d0ee189f@group-83C26644CFDA-LeaderElection191] INFO  impl.LeaderElection (LeaderElection.java:logAndReturn(56)) - 4b287a15-77af-487b-aef7-34d1d0ee189f@group-83C26644CFDA-LeaderElection191: Election REJECTED; received 2 response(s) [4b287a15-77af-487b-aef7-34d1d0ee189f<-0aa3649f-570d-46c6-937f-492d7f3a8364#0:FAIL-t190, 4b287a15-77af-487b-aef7-34d1d0ee189f<-4a03179f-3169-4ac7-a075-259968512ef0#0:FAIL-t190] and 0 exception(s); 4b287a15-77af-487b-aef7-34d1d0ee189f@group-83C26644CFDA:t190, leader=null, voted=4b287a15-77af-487b-aef7-34d1d0ee189f, raftlog=4b287a15-77af-487b-aef7-34d1d0ee189f@group-83C26644CFDA-SegmentedRaftLog:OPENED:c-1,f-1,i0, conf=-1: [4b287a15-77af-487b-aef7-34d1d0ee189f:192.168.34.38:38597, 0aa3649f-570d-46c6-937f-492d7f3a8364:192.168.34.38:33209, 4a03179f-3169-4ac7-a075-259968512ef0:192.168.34.38:45833], old=null
2019-10-16 21:01:43,374 [4b287a15-77af-487b-aef7-34d1d0ee189f@group-83C26644CFDA-LeaderElection191] INFO  impl.RaftServerImpl (RaftServerImpl.java:setRole(184)) - 4b287a15-77af-487b-aef7-34d1d0ee189f@group-83C26644CFDA: changes role from CANDIDATE to FOLLOWER at term 190 for DISCOVERED_A_NEW_TERM
2019-10-16 21:01:43,374 [4b287a15-77af-487b-aef7-34d1d0ee189f@group-83C26644CFDA-LeaderElection191] INFO  impl.RoleInfo (RoleInfo.java:shutdownLeaderElection(134)) - 4b287a15-77af-487b-aef7-34d1d0ee189f: shutdown LeaderElection
2019-10-16 21:01:43,375 [4b287a15-77af-487b-aef7-34d1d0ee189f@group-83C26644CFDA-LeaderElection191] INFO  impl.RoleInfo (RoleInfo.java:updateAndGet(143)) - 4b287a15-77af-487b-aef7-34d1d0ee189f: start FollowerState
2019-10-16 21:01:43,433 [Thread-1465] INFO  impl.FollowerState (FollowerState.java:run(108)) - 4b287a15-77af-487b-aef7-34d1d0ee189f@group-83C26644CFDA-FollowerState: change to CANDIDATE, lastRpcTime:58ms, electionTimeout:58ms
2019-10-16 21:01:43,433 [Thread-1465] INFO  impl.RoleInfo (RoleInfo.java:shutdownFollowerState(121)) - 4b287a15-77af-487b-aef7-34d1d0ee189f: shutdown FollowerState
2019-10-16 21:01:43,433 [Thread-1465] INFO  impl.RaftServerImpl (RaftServerImpl.java:setRole(184)) - 4b287a15-77af-487b-aef7-34d1d0ee189f@group-83C26644CFDA: changes role from  FOLLOWER to CANDIDATE at term 190 for changeToCandidate
2019-10-16 21:01:43,433 [Thread-1465] INFO  impl.RoleInfo (RoleInfo.java:updateAndGet(143)) - 4b287a15-77af-487b-aef7-34d1d0ee189f: start LeaderElection
2019-10-16 21:01:43,447 [4b287a15-77af-487b-aef7-34d1d0ee189f@group-83C26644CFDA-LeaderElection192] INFO  impl.LeaderElection (LeaderElection.java:askForVotes(178)) - 4b287a15-77af-487b-aef7-34d1d0ee189f@group-83C26644CFDA-LeaderElection192: begin an election at term 191 for -1: [4b287a15-77af-487b-aef7-34d1d0ee189f:192.168.34.38:38597, 0aa3649f-570d-46c6-937f-492d7f3a8364:192.168.34.38:33209, 4a03179f-3169-4ac7-a075-259968512ef0:192.168.34.38:45833], old=null
2019-10-16 21:01:43,448 [grpc-default-executor-2] INFO  impl.RaftServerImpl (RaftServerImpl.java:setRole(184)) - 4a03179f-3169-4ac7-a075-259968512ef0@group-83C26644CFDA: changes role from  FOLLOWER to FOLLOWER at term 191 for recognizeCandidate:4b287a15-77af-487b-aef7-34d1d0ee189f
2019-10-16 21:01:43,449 [grpc-default-executor-1] INFO  impl.RaftServerImpl (RaftServerImpl.java:setRole(184)) - 0aa3649f-570d-46c6-937f-492d7f3a8364@group-83C26644CFDA: changes role from  FOLLOWER to FOLLOWER at term 191 for recognizeCandidate:4b287a15-77af-487b-aef7-34d1d0ee189f
2019-10-16 21:01:43,449 [grpc-default-executor-2] INFO  impl.RoleInfo (RoleInfo.java:shutdownFollowerState(121)) - 4a03179f-3169-4ac7-a075-259968512ef0: shutdown FollowerState
2019-10-16 21:01:43,449 [grpc-default-executor-1] INFO  impl.RoleInfo (RoleInfo.java:shutdownFollowerState(121)) - 0aa3649f-570d-46c6-937f-492d7f3a8364: shutdown FollowerState
2019-10-16 21:01:43,449 [Thread-1464] INFO  impl.FollowerState (FollowerState.java:run(117)) - 4a03179f-3169-4ac7-a075-259968512ef0@group-83C26644CFDA-FollowerState was interrupted: java.lang.InterruptedException: sleep interrupted
2019-10-16 21:01:43,449 [grpc-default-executor-2] INFO  impl.RoleInfo (RoleInfo.java:updateAndGet(143)) - 4a03179f-3169-4ac7-a075-259968512ef0: start FollowerState
2019-10-16 21:01:43,449 [Thread-1463] INFO  impl.FollowerState (FollowerState.java:run(117)) - 0aa3649f-570d-46c6-937f-492d7f3a8364@group-83C26644CFDA-FollowerState was interrupted: java.lang.InterruptedException: sleep interrupted
2019-10-16 21:01:43,449 [grpc-default-executor-1] INFO  impl.RoleInfo (RoleInfo.java:updateAndGet(143)) - 0aa3649f-570d-46c6-937f-492d7f3a8364: start FollowerState
2019-10-16 21:01:43,464 [4b287a15-77af-487b-aef7-34d1d0ee189f@group-83C26644CFDA-LeaderElection192] INFO  impl.LeaderElection (LeaderElection.java:logAndReturn(56)) - 4b287a15-77af-487b-aef7-34d1d0ee189f@group-83C26644CFDA-LeaderElection192: Election REJECTED; received 2 response(s) [4b287a15-77af-487b-aef7-34d1d0ee189f<-0aa3649f-570d-46c6-937f-492d7f3a8364#0:FAIL-t191, 4b287a15-77af-487b-aef7-34d1d0ee189f<-4a03179f-3169-4ac7-a075-259968512ef0#0:FAIL-t191] and 0 exception(s); 4b287a15-77af-487b-aef7-34d1d0ee189f@group-83C26644CFDA:t191, leader=null, voted=4b287a15-77af-487b-aef7-34d1d0ee189f, raftlog=4b287a15-77af-487b-aef7-34d1d0ee189f@group-83C26644CFDA-SegmentedRaftLog:OPENED:c-1,f-1,i0, conf=-1: [4b287a15-77af-487b-aef7-34d1d0ee189f:192.168.34.38:38597, 0aa3649f-570d-46c6-937f-492d7f3a8364:192.168.34.38:33209, 4a03179f-3169-4ac7-a075-259968512ef0:192.168.34.38:45833], old=null
2019-10-16 21:01:43,464 [4b287a15-77af-487b-aef7-34d1d0ee189f@group-83C26644CFDA-LeaderElection192] INFO  impl.RaftServerImpl (RaftServerImpl.java:setRole(184)) - 4b287a15-77af-487b-aef7-34d1d0ee189f@group-83C26644CFDA: changes role from CANDIDATE to FOLLOWER at term 191 for DISCOVERED_A_NEW_TERM
2019-10-16 21:01:43,464 [4b287a15-77af-487b-aef7-34d1d0ee189f@group-83C26644CFDA-LeaderElection192] INFO  impl.RoleInfo (RoleInfo.java:shutdownLeaderElection(134)) - 4b287a15-77af-487b-aef7-34d1d0ee189f: shutdown LeaderElection
2019-10-16 21:01:43,464 [4b287a15-77af-487b-aef7-34d1d0ee189f@group-83C26644CFDA-LeaderElection192] INFO  impl.RoleInfo (RoleInfo.java:updateAndGet(143)) - 4b287a15-77af-487b-aef7-34d1d0ee189f: start FollowerState
2019-10-16 21:01:43,485 [Thread-1471] INFO  impl.FollowerState (FollowerState.java:run(108)) - 4b287a15-77af-487b-aef7-34d1d0ee189f@group-83C26644CFDA-FollowerState: change to CANDIDATE, lastRpcTime:20ms, electionTimeout:20ms
2019-10-16 21:01:43,485 [Thread-1471] INFO  impl.RoleInfo (RoleInfo.java:shutdownFollowerState(121)) - 4b287a15-77af-487b-aef7-34d1d0ee189f: shutdown FollowerState
2019-10-16 21:01:43,485 [Thread-1471] INFO  impl.RaftServerImpl (RaftServerImpl.java:setRole(184)) - 4b287a15-77af-487b-aef7-34d1d0ee189f@group-83C26644CFDA: changes role from  FOLLOWER to CANDIDATE at term 191 for changeToCandidate
2019-10-16 21:01:43,485 [Thread-1471] INFO  impl.RoleInfo (RoleInfo.java:updateAndGet(143)) - 4b287a15-77af-487b-aef7-34d1d0ee189f: start LeaderElection
2019-10-16 21:01:43,499 [4b287a15-77af-487b-aef7-34d1d0ee189f@group-83C26644CFDA-LeaderElection193] INFO  impl.LeaderElection (LeaderElection.java:askForVotes(178)) - 4b287a15-77af-487b-aef7-34d1d0ee189f@group-83C26644CFDA-LeaderElection193: begin an election at term 192 for -1: [4b287a15-77af-487b-aef7-34d1d0ee189f:192.168.34.38:38597, 0aa3649f-570d-46c6-937f-492d7f3a8364:192.168.34.38:33209, 4a03179f-3169-4ac7-a075-259968512ef0:192.168.34.38:45833], old=null
2019-10-16 21:01:43,500 [grpc-default-executor-2] INFO  impl.RaftServerImpl (RaftServerImpl.java:setRole(184)) - 0aa3649f-570d-46c6-937f-492d7f3a8364@group-83C26644CFDA: changes role from  FOLLOWER to FOLLOWER at term 192 for recognizeCandidate:4b287a15-77af-487b-aef7-34d1d0ee189f
2019-10-16 21:01:43,500 [grpc-default-executor-2] INFO  impl.RoleInfo (RoleInfo.java:shutdownFollowerState(121)) - 0aa3649f-570d-46c6-937f-492d7f3a8364: shutdown FollowerState
2019-10-16 21:01:43,501 [grpc-default-executor-2] INFO  impl.RoleInfo (RoleInfo.java:updateAndGet(143)) - 0aa3649f-570d-46c6-937f-492d7f3a8364: start FollowerState
2019-10-16 21:01:43,501 [grpc-default-executor-1] INFO  impl.RaftServerImpl (RaftServerImpl.java:setRole(184)) - 4a03179f-3169-4ac7-a075-259968512ef0@group-83C26644CFDA: changes role from  FOLLOWER to FOLLOWER at term 192 for recognizeCandidate:4b287a15-77af-487b-aef7-34d1d0ee189f
2019-10-16 21:01:43,501 [Thread-1470] INFO  impl.FollowerState (FollowerState.java:run(117)) - 0aa3649f-570d-46c6-937f-492d7f3a8364@group-83C26644CFDA-FollowerState was interrupted: java.lang.InterruptedException: sleep interrupted
2019-10-16 21:01:43,501 [grpc-default-executor-1] INFO  impl.RoleInfo (RoleInfo.java:shutdownFollowerState(121)) - 4a03179f-3169-4ac7-a075-259968512ef0: shutdown FollowerState
2019-10-16 21:01:43,501 [grpc-default-executor-1] INFO  impl.RoleInfo (RoleInfo.java:updateAndGet(143)) - 4a03179f-3169-4ac7-a075-259968512ef0: start FollowerState
2019-10-16 21:01:43,501 [Thread-1469] INFO  impl.FollowerState (FollowerState.java:run(117)) - 4a03179f-3169-4ac7-a075-259968512ef0@group-83C26644CFDA-FollowerState was interrupted: java.lang.InterruptedException: sleep interrupted
2019-10-16 21:01:43,506 [4b287a15-77af-487b-aef7-34d1d0ee189f@group-83C26644CFDA-LeaderElection193] INFO  impl.LeaderElection (LeaderElection.java:logAndReturn(56)) - 4b287a15-77af-487b-aef7-34d1d0ee189f@group-83C26644CFDA-LeaderElection193: Election REJECTED; received 2 response(s) [4b287a15-77af-487b-aef7-34d1d0ee189f<-0aa3649f-570d-46c6-937f-492d7f3a8364#0:FAIL-t192, 4b287a15-77af-487b-aef7-34d1d0ee189f<-4a03179f-3169-4ac7-a075-259968512ef0#0:FAIL-t192] and 0 exception(s); 4b287a15-77af-487b-aef7-34d1d0ee189f@group-83C26644CFDA:t192, leader=null, voted=4b287a15-77af-487b-aef7-34d1d0ee189f, raftlog=4b287a15-77af-487b-aef7-34d1d0ee189f@group-83C26644CFDA-SegmentedRaftLog:OPENED:c-1,f-1,i0, conf=-1: [4b287a15-77af-487b-aef7-34d1d0ee189f:192.168.34.38:38597, 0aa3649f-570d-46c6-937f-492d7f3a8364:192.168.34.38:33209, 4a03179f-3169-4ac7-a075-259968512ef0:192.168.34.38:45833], old=null
2019-10-16 21:01:43,506 [4b287a15-77af-487b-aef7-34d1d0ee189f@group-83C26644CFDA-LeaderElection193] INFO  impl.RaftServerImpl (RaftServerImpl.java:setRole(184)) - 4b287a15-77af-487b-aef7-34d1d0ee189f@group-83C26644CFDA: changes role from CANDIDATE to FOLLOWER at term 192 for DISCOVERED_A_NEW_TERM
2019-10-16 21:01:43,507 [4b287a15-77af-487b-aef7-34d1d0ee189f@group-83C26644CFDA-LeaderElection193] INFO  impl.RoleInfo (RoleInfo.java:shutdownLeaderElection(134)) - 4b287a15-77af-487b-aef7-34d1d0ee189f: shutdown LeaderElection
2019-10-16 21:01:43,507 [4b287a15-77af-487b-aef7-34d1d0ee189f@group-83C26644CFDA-LeaderElection193] INFO  impl.RoleInfo (RoleInfo.java:updateAndGet(143)) - 4b287a15-77af-487b-aef7-34d1d0ee189f: start FollowerState
2019-10-16 21:01:43,628 [Thread-1477] INFO  impl.FollowerState (FollowerState.java:run(108)) - 4b287a15-77af-487b-aef7-34d1d0ee189f@group-83C26644CFDA-FollowerState: change to CANDIDATE, lastRpcTime:121ms, electionTimeout:121ms
2019-10-16 21:01:43,628 [Thread-1477] INFO  impl.RoleInfo (RoleInfo.java:shutdownFollowerState(121)) - 4b287a15-77af-487b-aef7-34d1d0ee189f: shutdown FollowerState
2019-10-16 21:01:43,629 [Thread-1477] INFO  impl.RaftServerImpl (RaftServerImpl.java:setRole(184)) - 4b287a15-77af-487b-aef7-34d1d0ee189f@group-83C26644CFDA: changes role from  FOLLOWER to CANDIDATE at term 192 for changeToCandidate
2019-10-16 21:01:43,629 [Thread-1477] INFO  impl.RoleInfo (RoleInfo.java:updateAndGet(143)) - 4b287a15-77af-487b-aef7-34d1d0ee189f: start LeaderElection
2019-10-16 21:01:43,640 [4b287a15-77af-487b-aef7-34d1d0ee189f@group-83C26644CFDA-LeaderElection194] INFO  impl.LeaderElection (LeaderElection.java:askForVotes(178)) - 4b287a15-77af-487b-aef7-34d1d0ee189f@group-83C26644CFDA-LeaderElection194: begin an election at term 193 for -1: [4b287a15-77af-487b-aef7-34d1d0ee189f:192.168.34.38:38597, 0aa3649f-570d-46c6-937f-492d7f3a8364:192.168.34.38:33209, 4a03179f-3169-4ac7-a075-259968512ef0:192.168.34.38:45833], old=null
2019-10-16 21:01:43,644 [grpc-default-executor-1] INFO  impl.RaftServerImpl (RaftServerImpl.java:setRole(184)) - 0aa3649f-570d-46c6-937f-492d7f3a8364@group-83C26644CFDA: changes role from  FOLLOWER to FOLLOWER at term 193 for recognizeCandidate:4b287a15-77af-487b-aef7-34d1d0ee189f
2019-10-16 21:01:43,644 [grpc-default-executor-1] INFO  impl.RoleInfo (RoleInfo.java:shutdownFollowerState(121)) - 0aa3649f-570d-46c6-937f-492d7f3a8364: shutdown FollowerState
2019-10-16 21:01:43,644 [grpc-default-executor-2] INFO  impl.RaftServerImpl (RaftServerImpl.java:setRole(184)) - 4a03179f-3169-4ac7-a075-259968512ef0@group-83C26644CFDA: changes role from  FOLLOWER to FOLLOWER at term 193 for recognizeCandidate:4b287a15-77af-487b-aef7-34d1d0ee189f
2019-10-16 21:01:43,644 [Thread-1475] INFO  impl.FollowerState (FollowerState.java:run(117)) - 0aa3649f-570d-46c6-937f-492d7f3a8364@group-83C26644CFDA-FollowerState was interrupted: java.lang.InterruptedException: sleep interrupted
2019-10-16 21:01:43,644 [grpc-default-executor-1] INFO  impl.RoleInfo (RoleInfo.java:updateAndGet(143)) - 0aa3649f-570d-46c6-937f-492d7f3a8364: start FollowerState
2019-10-16 21:01:43,644 [grpc-default-executor-2] INFO  impl.RoleInfo (RoleInfo.java:shutdownFollowerState(121)) - 4a03179f-3169-4ac7-a075-259968512ef0: shutdown FollowerState
2019-10-16 21:01:43,645 [grpc-default-executor-2] INFO  impl.RoleInfo (RoleInfo.java:updateAndGet(143)) - 4a03179f-3169-4ac7-a075-259968512ef0: start FollowerState
2019-10-16 21:01:43,645 [Thread-1476] INFO  impl.FollowerState (FollowerState.java:run(117)) - 4a03179f-3169-4ac7-a075-259968512ef0@group-83C26644CFDA-FollowerState was interrupted: java.lang.InterruptedException: sleep interrupted
2019-10-16 21:01:43,660 [4b287a15-77af-487b-aef7-34d1d0ee189f@group-83C26644CFDA-LeaderElection194] INFO  impl.LeaderElection (LeaderElection.java:logAndReturn(56)) - 4b287a15-77af-487b-aef7-34d1d0ee189f@group-83C26644CFDA-LeaderElection194: Election REJECTED; received 2 response(s) [4b287a15-77af-487b-aef7-34d1d0ee189f<-0aa3649f-570d-46c6-937f-492d7f3a8364#0:FAIL-t193, 4b287a15-77af-487b-aef7-34d1d0ee189f<-4a03179f-3169-4ac7-a075-259968512ef0#0:FAIL-t193] and 0 exception(s); 4b287a15-77af-487b-aef7-34d1d0ee189f@group-83C26644CFDA:t193, leader=null, voted=4b287a15-77af-487b-aef7-34d1d0ee189f, raftlog=4b287a15-77af-487b-aef7-34d1d0ee189f@group-83C26644CFDA-SegmentedRaftLog:OPENED:c-1,f-1,i0, conf=-1: [4b287a15-77af-487b-aef7-34d1d0ee189f:192.168.34.38:38597, 0aa3649f-570d-46c6-937f-492d7f3a8364:192.168.34.38:33209, 4a03179f-3169-4ac7-a075-259968512ef0:192.168.34.38:45833], old=null
2019-10-16 21:01:43,660 [4b287a15-77af-487b-aef7-34d1d0ee189f@group-83C26644CFDA-LeaderElection194] INFO  impl.RaftServerImpl (RaftServerImpl.java:setRole(184)) - 4b287a15-77af-487b-aef7-34d1d0ee189f@group-83C26644CFDA: changes role from CANDIDATE to FOLLOWER at term 193 for DISCOVERED_A_NEW_TERM
2019-10-16 21:01:43,660 [4b287a15-77af-487b-aef7-34d1d0ee189f@group-83C26644CFDA-LeaderElection194] INFO  impl.RoleInfo (RoleInfo.java:shutdownLeaderElection(134)) - 4b287a15-77af-487b-aef7-34d1d0ee189f: shutdown LeaderElection
2019-10-16 21:01:43,660 [4b287a15-77af-487b-aef7-34d1d0ee189f@group-83C26644CFDA-LeaderElection194] INFO  impl.RoleInfo (RoleInfo.java:updateAndGet(143)) - 4b287a15-77af-487b-aef7-34d1d0ee189f: start FollowerState
2019-10-16 21:01:43,777 [Thread-1483] INFO  impl.FollowerState (FollowerState.java:run(108)) - 4b287a15-77af-487b-aef7-34d1d0ee189f@group-83C26644CFDA-FollowerState: change to CANDIDATE, lastRpcTime:116ms, electionTimeout:116ms
2019-10-16 21:01:43,777 [Thread-1483] INFO  impl.RoleInfo (RoleInfo.java:shutdownFollowerState(121)) - 4b287a15-77af-487b-aef7-34d1d0ee189f: shutdown FollowerState
2019-10-16 21:01:43,777 [Thread-1483] INFO  impl.RaftServerImpl (RaftServerImpl.java:setRole(184)) - 4b287a15-77af-487b-aef7-34d1d0ee189f@group-83C26644CFDA: changes role from  FOLLOWER to CANDIDATE at term 193 for changeToCandidate
2019-10-16 21:01:43,777 [Thread-1483] INFO  impl.RoleInfo (RoleInfo.java:updateAndGet(143)) - 4b287a15-77af-487b-aef7-34d1d0ee189f: start LeaderElection
2019-10-16 21:01:43,789 [4b287a15-77af-487b-aef7-34d1d0ee189f@group-83C26644CFDA-LeaderElection195] INFO  impl.LeaderElection (LeaderElection.java:askForVotes(178)) - 4b287a15-77af-487b-aef7-34d1d0ee189f@group-83C26644CFDA-LeaderElection195: begin an election at term 194 for -1: [4b287a15-77af-487b-aef7-34d1d0ee189f:192.168.34.38:38597, 0aa3649f-570d-46c6-937f-492d7f3a8364:192.168.34.38:33209, 4a03179f-3169-4ac7-a075-259968512ef0:192.168.34.38:45833], old=null
2019-10-16 21:01:43,791 [4b287a15-77af-487b-aef7-34d1d0ee189f@group-83C26644CFDA-LeaderElection195] INFO  impl.LeaderElection (LeaderElection.java:logAndReturn(56)) - 4b287a15-77af-487b-aef7-34d1d0ee189f@group-83C26644CFDA-LeaderElection195: Election TIMEOUT; received 0 response(s) [] and 0 exception(s); 4b287a15-77af-487b-aef7-34d1d0ee189f@group-83C26644CFDA:t194, leader=null, voted=4b287a15-77af-487b-aef7-34d1d0ee189f, raftlog=4b287a15-77af-487b-aef7-34d1d0ee189f@group-83C26644CFDA-SegmentedRaftLog:OPENED:c-1,f-1,i0, conf=-1: [4b287a15-77af-487b-aef7-34d1d0ee189f:192.168.34.38:38597, 0aa3649f-570d-46c6-937f-492d7f3a8364:192.168.34.38:33209, 4a03179f-3169-4ac7-a075-259968512ef0:192.168.34.38:45833], old=null
2019-10-16 21:01:43,792 [grpc-default-executor-1] INFO  impl.RaftServerImpl (RaftServerImpl.java:setRole(184)) - 0aa3649f-570d-46c6-937f-492d7f3a8364@group-83C26644CFDA: changes role from  FOLLOWER to FOLLOWER at term 194 for recognizeCandidate:4b287a15-77af-487b-aef7-34d1d0ee189f
2019-10-16 21:01:43,792 [grpc-default-executor-2] INFO  impl.RaftServerImpl (RaftServerImpl.java:setRole(184)) - 4a03179f-3169-4ac7-a075-259968512ef0@group-83C26644CFDA: changes role from  FOLLOWER to FOLLOWER at term 194 for recognizeCandidate:4b287a15-77af-487b-aef7-34d1d0ee189f
2019-10-16 21:01:43,792 [grpc-default-executor-1] INFO  impl.RoleInfo (RoleInfo.java:shutdownFollowerState(121)) - 0aa3649f-570d-46c6-937f-492d7f3a8364: shutdown FollowerState
2019-10-16 21:01:43,793 [grpc-default-executor-2] INFO  impl.RoleInfo (RoleInfo.java:shutdownFollowerState(121)) - 4a03179f-3169-4ac7-a075-259968512ef0: shutdown FollowerState
2019-10-16 21:01:43,793 [Thread-1481] INFO  impl.FollowerState (FollowerState.java:run(117)) - 0aa3649f-570d-46c6-937f-492d7f3a8364@group-83C26644CFDA-FollowerState was interrupted: java.lang.InterruptedException: sleep interrupted
2019-10-16 21:01:43,793 [Thread-1482] INFO  impl.FollowerState (FollowerState.java:run(117)) - 4a03179f-3169-4ac7-a075-259968512ef0@group-83C26644CFDA-FollowerState was interrupted: java.lang.InterruptedException: sleep interrupted
2019-10-16 21:01:43,793 [grpc-default-executor-1] INFO  impl.RoleInfo (RoleInfo.java:updateAndGet(143)) - 0aa3649f-570d-46c6-937f-492d7f3a8364: start FollowerState
2019-10-16 21:01:43,793 [grpc-default-executor-2] INFO  impl.RoleInfo (RoleInfo.java:updateAndGet(143)) - 4a03179f-3169-4ac7-a075-259968512ef0: start FollowerState
2019-10-16 21:01:43,807 [4b287a15-77af-487b-aef7-34d1d0ee189f@group-83C26644CFDA-LeaderElection195] INFO  impl.LeaderElection (LeaderElection.java:askForVotes(178)) - 4b287a15-77af-487b-aef7-34d1d0ee189f@group-83C26644CFDA-LeaderElection195: begin an election at term 195 for -1: [4b287a15-77af-487b-aef7-34d1d0ee189f:192.168.34.38:38597, 0aa3649f-570d-46c6-937f-492d7f3a8364:192.168.34.38:33209, 4a03179f-3169-4ac7-a075-259968512ef0:192.168.34.38:45833], old=null
2019-10-16 21:01:43,808 [grpc-default-executor-2] INFO  impl.RaftServerImpl (RaftServerImpl.java:setRole(184)) - 0aa3649f-570d-46c6-937f-492d7f3a8364@group-83C26644CFDA: changes role from  FOLLOWER to FOLLOWER at term 195 for recognizeCandidate:4b287a15-77af-487b-aef7-34d1d0ee189f
2019-10-16 21:01:43,808 [grpc-default-executor-2] INFO  impl.RoleInfo (RoleInfo.java:shutdownFollowerState(121)) - 0aa3649f-570d-46c6-937f-492d7f3a8364: shutdown FollowerState
2019-10-16 21:01:43,809 [grpc-default-executor-2] INFO  impl.RoleInfo (RoleInfo.java:updateAndGet(143)) - 0aa3649f-570d-46c6-937f-492d7f3a8364: start FollowerState
2019-10-16 21:01:43,809 [Thread-1487] INFO  impl.FollowerState (FollowerState.java:run(117)) - 0aa3649f-570d-46c6-937f-492d7f3a8364@group-83C26644CFDA-FollowerState was interrupted: java.lang.InterruptedException: sleep interrupted
2019-10-16 21:01:43,809 [grpc-default-executor-1] INFO  impl.RaftServerImpl (RaftServerImpl.java:setRole(184)) - 4a03179f-3169-4ac7-a075-259968512ef0@group-83C26644CFDA: changes role from  FOLLOWER to FOLLOWER at term 195 for recognizeCandidate:4b287a15-77af-487b-aef7-34d1d0ee189f
2019-10-16 21:01:43,809 [grpc-default-executor-1] INFO  impl.RoleInfo (RoleInfo.java:shutdownFollowerState(121)) - 4a03179f-3169-4ac7-a075-259968512ef0: shutdown FollowerState
2019-10-16 21:01:43,809 [grpc-default-executor-1] INFO  impl.RoleInfo (RoleInfo.java:updateAndGet(143)) - 4a03179f-3169-4ac7-a075-259968512ef0: start FollowerState
2019-10-16 21:01:43,809 [Thread-1488] INFO  impl.FollowerState (FollowerState.java:run(117)) - 4a03179f-3169-4ac7-a075-259968512ef0@group-83C26644CFDA-FollowerState was interrupted: java.lang.InterruptedException: sleep interrupted
2019-10-16 21:01:43,823 [4b287a15-77af-487b-aef7-34d1d0ee189f@group-83C26644CFDA-LeaderElection195] INFO  impl.LeaderElection (LeaderElection.java:logAndReturn(56)) - 4b287a15-77af-487b-aef7-34d1d0ee189f@group-83C26644CFDA-LeaderElection195: Election REJECTED; received 2 response(s) [4b287a15-77af-487b-aef7-34d1d0ee189f<-0aa3649f-570d-46c6-937f-492d7f3a8364#0:FAIL-t195, 4b287a15-77af-487b-aef7-34d1d0ee189f<-4a03179f-3169-4ac7-a075-259968512ef0#0:FAIL-t195] and 0 exception(s); 4b287a15-77af-487b-aef7-34d1d0ee189f@group-83C26644CFDA:t195, leader=null, voted=4b287a15-77af-487b-aef7-34d1d0ee189f, raftlog=4b287a15-77af-487b-aef7-34d1d0ee189f@group-83C26644CFDA-SegmentedRaftLog:OPENED:c-1,f-1,i0, conf=-1: [4b287a15-77af-487b-aef7-34d1d0ee189f:192.168.34.38:38597, 0aa3649f-570d-46c6-937f-492d7f3a8364:192.168.34.38:33209, 4a03179f-3169-4ac7-a075-259968512ef0:192.168.34.38:45833], old=null
2019-10-16 21:01:43,823 [4b287a15-77af-487b-aef7-34d1d0ee189f@group-83C26644CFDA-LeaderElection195] INFO  impl.RaftServerImpl (RaftServerImpl.java:setRole(184)) - 4b287a15-77af-487b-aef7-34d1d0ee189f@group-83C26644CFDA: changes role from CANDIDATE to FOLLOWER at term 195 for DISCOVERED_A_NEW_TERM
2019-10-16 21:01:43,824 [4b287a15-77af-487b-aef7-34d1d0ee189f@group-83C26644CFDA-LeaderElection195] INFO  impl.RoleInfo (RoleInfo.java:shutdownLeaderElection(134)) - 4b287a15-77af-487b-aef7-34d1d0ee189f: shutdown LeaderElection
2019-10-16 21:01:43,824 [4b287a15-77af-487b-aef7-34d1d0ee189f@group-83C26644CFDA-LeaderElection195] INFO  impl.RoleInfo (RoleInfo.java:updateAndGet(143)) - 4b287a15-77af-487b-aef7-34d1d0ee189f: start FollowerState
2019-10-16 21:01:43,921 [Thread-1493] INFO  impl.FollowerState (FollowerState.java:run(108)) - 4b287a15-77af-487b-aef7-34d1d0ee189f@group-83C26644CFDA-FollowerState: change to CANDIDATE, lastRpcTime:97ms, electionTimeout:97ms
2019-10-16 21:01:43,921 [Thread-1493] INFO  impl.RoleInfo (RoleInfo.java:shutdownFollowerState(121)) - 4b287a15-77af-487b-aef7-34d1d0ee189f: shutdown FollowerState
2019-10-16 21:01:43,921 [Thread-1493] INFO  impl.RaftServerImpl (RaftServerImpl.java:setRole(184)) - 4b287a15-77af-487b-aef7-34d1d0ee189f@group-83C26644CFDA: changes role from  FOLLOWER to CANDIDATE at term 195 for changeToCandidate
2019-10-16 21:01:43,921 [Thread-1493] INFO  impl.RoleInfo (RoleInfo.java:updateAndGet(143)) - 4b287a15-77af-487b-aef7-34d1d0ee189f: start LeaderElection
2019-10-16 21:01:43,935 [4b287a15-77af-487b-aef7-34d1d0ee189f@group-83C26644CFDA-LeaderElection196] INFO  impl.LeaderElection (LeaderElection.java:askForVotes(178)) - 4b287a15-77af-487b-aef7-34d1d0ee189f@group-83C26644CFDA-LeaderElection196: begin an election at term 196 for -1: [4b287a15-77af-487b-aef7-34d1d0ee189f:192.168.34.38:38597, 0aa3649f-570d-46c6-937f-492d7f3a8364:192.168.34.38:33209, 4a03179f-3169-4ac7-a075-259968512ef0:192.168.34.38:45833], old=null
2019-10-16 21:01:43,937 [grpc-default-executor-2] INFO  impl.RaftServerImpl (RaftServerImpl.java:setRole(184)) - 0aa3649f-570d-46c6-937f-492d7f3a8364@group-83C26644CFDA: changes role from  FOLLOWER to FOLLOWER at term 196 for recognizeCandidate:4b287a15-77af-487b-aef7-34d1d0ee189f
2019-10-16 21:01:43,938 [grpc-default-executor-2] INFO  impl.RoleInfo (RoleInfo.java:shutdownFollowerState(121)) - 0aa3649f-570d-46c6-937f-492d7f3a8364: shutdown FollowerState
2019-10-16 21:01:43,938 [grpc-default-executor-2] INFO  impl.RoleInfo (RoleInfo.java:updateAndGet(143)) - 0aa3649f-570d-46c6-937f-492d7f3a8364: start FollowerState
2019-10-16 21:01:43,938 [Thread-1491] INFO  impl.FollowerState (FollowerState.java:run(117)) - 0aa3649f-570d-46c6-937f-492d7f3a8364@group-83C26644CFDA-FollowerState was interrupted: java.lang.InterruptedException: sleep interrupted
2019-10-16 21:01:43,938 [grpc-default-executor-1] INFO  impl.RaftServerImpl (RaftServerImpl.java:setRole(184)) - 4a03179f-3169-4ac7-a075-259968512ef0@group-83C26644CFDA: changes role from  FOLLOWER to FOLLOWER at term 196 for recognizeCandidate:4b287a15-77af-487b-aef7-34d1d0ee189f
2019-10-16 21:01:43,938 [grpc-default-executor-1] INFO  impl.RoleInfo (RoleInfo.java:shutdownFollowerState(121)) - 4a03179f-3169-4ac7-a075-259968512ef0: shutdown FollowerState
2019-10-16 21:01:43,939 [grpc-default-executor-1] INFO  impl.RoleInfo (RoleInfo.java:updateAndGet(143)) - 4a03179f-3169-4ac7-a075-259968512ef0: start FollowerState
2019-10-16 21:01:43,939 [Thread-1492] INFO  impl.FollowerState (FollowerState.java:run(117)) - 4a03179f-3169-4ac7-a075-259968512ef0@group-83C26644CFDA-FollowerState was interrupted: java.lang.InterruptedException: sleep interrupted
2019-10-16 21:01:43,953 [4b287a15-77af-487b-aef7-34d1d0ee189f@group-83C26644CFDA-LeaderElection196] INFO  impl.LeaderElection (LeaderElection.java:logAndReturn(56)) - 4b287a15-77af-487b-aef7-34d1d0ee189f@group-83C26644CFDA-LeaderElection196: Election REJECTED; received 2 response(s) [4b287a15-77af-487b-aef7-34d1d0ee189f<-0aa3649f-570d-46c6-937f-492d7f3a8364#0:FAIL-t196, 4b287a15-77af-487b-aef7-34d1d0ee189f<-4a03179f-3169-4ac7-a075-259968512ef0#0:FAIL-t196] and 0 exception(s); 4b287a15-77af-487b-aef7-34d1d0ee189f@group-83C26644CFDA:t196, leader=null, voted=4b287a15-77af-487b-aef7-34d1d0ee189f, raftlog=4b287a15-77af-487b-aef7-34d1d0ee189f@group-83C26644CFDA-SegmentedRaftLog:OPENED:c-1,f-1,i0, conf=-1: [4b287a15-77af-487b-aef7-34d1d0ee189f:192.168.34.38:38597, 0aa3649f-570d-46c6-937f-492d7f3a8364:192.168.34.38:33209, 4a03179f-3169-4ac7-a075-259968512ef0:192.168.34.38:45833], old=null
2019-10-16 21:01:43,953 [4b287a15-77af-487b-aef7-34d1d0ee189f@group-83C26644CFDA-LeaderElection196] INFO  impl.RaftServerImpl (RaftServerImpl.java:setRole(184)) - 4b287a15-77af-487b-aef7-34d1d0ee189f@group-83C26644CFDA: changes role from CANDIDATE to FOLLOWER at term 196 for DISCOVERED_A_NEW_TERM
2019-10-16 21:01:43,953 [4b287a15-77af-487b-aef7-34d1d0ee189f@group-83C26644CFDA-LeaderElection196] INFO  impl.RoleInfo (RoleInfo.java:shutdownLeaderElection(134)) - 4b287a15-77af-487b-aef7-34d1d0ee189f: shutdown LeaderElection
2019-10-16 21:01:43,953 [4b287a15-77af-487b-aef7-34d1d0ee189f@group-83C26644CFDA-LeaderElection196] INFO  impl.RoleInfo (RoleInfo.java:updateAndGet(143)) - 4b287a15-77af-487b-aef7-34d1d0ee189f: start FollowerState
2019-10-16 21:01:44,052 [Thread-1499] INFO  impl.FollowerState (FollowerState.java:run(108)) - 4b287a15-77af-487b-aef7-34d1d0ee189f@group-83C26644CFDA-FollowerState: change to CANDIDATE, lastRpcTime:98ms, electionTimeout:98ms
2019-10-16 21:01:44,052 [Thread-1499] INFO  impl.RoleInfo (RoleInfo.java:shutdownFollowerState(121)) - 4b287a15-77af-487b-aef7-34d1d0ee189f: shutdown FollowerState
2019-10-16 21:01:44,052 [Thread-1499] INFO  impl.RaftServerImpl (RaftServerImpl.java:setRole(184)) - 4b287a15-77af-487b-aef7-34d1d0ee189f@group-83C26644CFDA: changes role from  FOLLOWER to CANDIDATE at term 196 for changeToCandidate
2019-10-16 21:01:44,052 [Thread-1499] INFO  impl.RoleInfo (RoleInfo.java:updateAndGet(143)) - 4b287a15-77af-487b-aef7-34d1d0ee189f: start LeaderElection
2019-10-16 21:01:44,064 [4b287a15-77af-487b-aef7-34d1d0ee189f@group-83C26644CFDA-LeaderElection197] INFO  impl.LeaderElection (LeaderElection.java:askForVotes(178)) - 4b287a15-77af-487b-aef7-34d1d0ee189f@group-83C26644CFDA-LeaderElection197: begin an election at term 197 for -1: [4b287a15-77af-487b-aef7-34d1d0ee189f:192.168.34.38:38597, 0aa3649f-570d-46c6-937f-492d7f3a8364:192.168.34.38:33209, 4a03179f-3169-4ac7-a075-259968512ef0:192.168.34.38:45833], old=null
2019-10-16 21:01:44,066 [grpc-default-executor-2] INFO  impl.RaftServerImpl (RaftServerImpl.java:setRole(184)) - 0aa3649f-570d-46c6-937f-492d7f3a8364@group-83C26644CFDA: changes role from  FOLLOWER to FOLLOWER at term 197 for recognizeCandidate:4b287a15-77af-487b-aef7-34d1d0ee189f
2019-10-16 21:01:44,066 [grpc-default-executor-2] INFO  impl.RoleInfo (RoleInfo.java:shutdownFollowerState(121)) - 0aa3649f-570d-46c6-937f-492d7f3a8364: shutdown FollowerState
2019-10-16 21:01:44,066 [grpc-default-executor-1] INFO  impl.RaftServerImpl (RaftServerImpl.java:setRole(184)) - 4a03179f-3169-4ac7-a075-259968512ef0@group-83C26644CFDA: changes role from  FOLLOWER to FOLLOWER at term 197 for recognizeCandidate:4b287a15-77af-487b-aef7-34d1d0ee189f
2019-10-16 21:01:44,066 [grpc-default-executor-1] INFO  impl.RoleInfo (RoleInfo.java:shutdownFollowerState(121)) - 4a03179f-3169-4ac7-a075-259968512ef0: shutdown FollowerState
2019-10-16 21:01:44,066 [grpc-default-executor-2] INFO  impl.RoleInfo (RoleInfo.java:updateAndGet(143)) - 0aa3649f-570d-46c6-937f-492d7f3a8364: start FollowerState
2019-10-16 21:01:44,066 [Thread-1497] INFO  impl.FollowerState (FollowerState.java:run(117)) - 0aa3649f-570d-46c6-937f-492d7f3a8364@group-83C26644CFDA-FollowerState was interrupted: java.lang.InterruptedException: sleep interrupted
2019-10-16 21:01:44,066 [Thread-1498] INFO  impl.FollowerState (FollowerState.java:run(117)) - 4a03179f-3169-4ac7-a075-259968512ef0@group-83C26644CFDA-FollowerState was interrupted: java.lang.InterruptedException: sleep interrupted
2019-10-16 21:01:44,066 [grpc-default-executor-1] INFO  impl.RoleInfo (RoleInfo.java:updateAndGet(143)) - 4a03179f-3169-4ac7-a075-259968512ef0: start FollowerState
2019-10-16 21:01:44,079 [4b287a15-77af-487b-aef7-34d1d0ee189f@group-83C26644CFDA-LeaderElection197] INFO  impl.LeaderElection (LeaderElection.java:logAndReturn(56)) - 4b287a15-77af-487b-aef7-34d1d0ee189f@group-83C26644CFDA-LeaderElection197: Election REJECTED; received 2 response(s) [4b287a15-77af-487b-aef7-34d1d0ee189f<-0aa3649f-570d-46c6-937f-492d7f3a8364#0:FAIL-t197, 4b287a15-77af-487b-aef7-34d1d0ee189f<-4a03179f-3169-4ac7-a075-259968512ef0#0:FAIL-t197] and 0 exception(s); 4b287a15-77af-487b-aef7-34d1d0ee189f@group-83C26644CFDA:t197, leader=null, voted=4b287a15-77af-487b-aef7-34d1d0ee189f, raftlog=4b287a15-77af-487b-aef7-34d1d0ee189f@group-83C26644CFDA-SegmentedRaftLog:OPENED:c-1,f-1,i0, conf=-1: [4b287a15-77af-487b-aef7-34d1d0ee189f:192.168.34.38:38597, 0aa3649f-570d-46c6-937f-492d7f3a8364:192.168.34.38:33209, 4a03179f-3169-4ac7-a075-259968512ef0:192.168.34.38:45833], old=null
2019-10-16 21:01:44,079 [4b287a15-77af-487b-aef7-34d1d0ee189f@group-83C26644CFDA-LeaderElection197] INFO  impl.RaftServerImpl (RaftServerImpl.java:setRole(184)) - 4b287a15-77af-487b-aef7-34d1d0ee189f@group-83C26644CFDA: changes role from CANDIDATE to FOLLOWER at term 197 for DISCOVERED_A_NEW_TERM
2019-10-16 21:01:44,079 [4b287a15-77af-487b-aef7-34d1d0ee189f@group-83C26644CFDA-LeaderElection197] INFO  impl.RoleInfo (RoleInfo.java:shutdownLeaderElection(134)) - 4b287a15-77af-487b-aef7-34d1d0ee189f: shutdown LeaderElection
2019-10-16 21:01:44,080 [4b287a15-77af-487b-aef7-34d1d0ee189f@group-83C26644CFDA-LeaderElection197] INFO  impl.RoleInfo (RoleInfo.java:updateAndGet(143)) - 4b287a15-77af-487b-aef7-34d1d0ee189f: start FollowerState
2019-10-16 21:01:44,269 [Thread-1505] INFO  impl.FollowerState (FollowerState.java:run(108)) - 4b287a15-77af-487b-aef7-34d1d0ee189f@group-83C26644CFDA-FollowerState: change to CANDIDATE, lastRpcTime:189ms, electionTimeout:189ms
2019-10-16 21:01:44,269 [Thread-1505] INFO  impl.RoleInfo (RoleInfo.java:shutdownFollowerState(121)) - 4b287a15-77af-487b-aef7-34d1d0ee189f: shutdown FollowerState
2019-10-16 21:01:44,269 [Thread-1505] INFO  impl.RaftServerImpl (RaftServerImpl.java:setRole(184)) - 4b287a15-77af-487b-aef7-34d1d0ee189f@group-83C26644CFDA: changes role from  FOLLOWER to CANDIDATE at term 197 for changeToCandidate
2019-10-16 21:01:44,269 [Thread-1505] INFO  impl.RoleInfo (RoleInfo.java:updateAndGet(143)) - 4b287a15-77af-487b-aef7-34d1d0ee189f: start LeaderElection
2019-10-16 21:01:44,282 [4b287a15-77af-487b-aef7-34d1d0ee189f@group-83C26644CFDA-LeaderElection198] INFO  impl.LeaderElection (LeaderElection.java:askForVotes(178)) - 4b287a15-77af-487b-aef7-34d1d0ee189f@group-83C26644CFDA-LeaderElection198: begin an election at term 198 for -1: [4b287a15-77af-487b-aef7-34d1d0ee189f:192.168.34.38:38597, 0aa3649f-570d-46c6-937f-492d7f3a8364:192.168.34.38:33209, 4a03179f-3169-4ac7-a075-259968512ef0:192.168.34.38:45833], old=null
2019-10-16 21:01:44,286 [grpc-default-executor-2] INFO  impl.RaftServerImpl (RaftServerImpl.java:setRole(184)) - 0aa3649f-570d-46c6-937f-492d7f3a8364@group-83C26644CFDA: changes role from  FOLLOWER to FOLLOWER at term 198 for recognizeCandidate:4b287a15-77af-487b-aef7-34d1d0ee189f
2019-10-16 21:01:44,286 [grpc-default-executor-1] INFO  impl.RaftServerImpl (RaftServerImpl.java:setRole(184)) - 4a03179f-3169-4ac7-a075-259968512ef0@group-83C26644CFDA: changes role from  FOLLOWER to FOLLOWER at term 198 for recognizeCandidate:4b287a15-77af-487b-aef7-34d1d0ee189f
2019-10-16 21:01:44,286 [grpc-default-executor-2] INFO  impl.RoleInfo (RoleInfo.java:shutdownFollowerState(121)) - 0aa3649f-570d-46c6-937f-492d7f3a8364: shutdown FollowerState
2019-10-16 21:01:44,286 [grpc-default-executor-1] INFO  impl.RoleInfo (RoleInfo.java:shutdownFollowerState(121)) - 4a03179f-3169-4ac7-a075-259968512ef0: shutdown FollowerState
2019-10-16 21:01:44,286 [grpc-default-executor-2] INFO  impl.RoleInfo (RoleInfo.java:updateAndGet(143)) - 0aa3649f-570d-46c6-937f-492d7f3a8364: start FollowerState
2019-10-16 21:01:44,286 [Thread-1504] INFO  impl.FollowerState (FollowerState.java:run(117)) - 4a03179f-3169-4ac7-a075-259968512ef0@group-83C26644CFDA-FollowerState was interrupted: java.lang.InterruptedException: sleep interrupted
2019-10-16 21:01:44,286 [Thread-1503] INFO  impl.FollowerState (FollowerState.java:run(117)) - 0aa3649f-570d-46c6-937f-492d7f3a8364@group-83C26644CFDA-FollowerState was interrupted: java.lang.InterruptedException: sleep interrupted
2019-10-16 21:01:44,286 [grpc-default-executor-1] INFO  impl.RoleInfo (RoleInfo.java:updateAndGet(143)) - 4a03179f-3169-4ac7-a075-259968512ef0: start FollowerState
2019-10-16 21:01:44,301 [4b287a15-77af-487b-aef7-34d1d0ee189f@group-83C26644CFDA-LeaderElection198] INFO  impl.LeaderElection (LeaderElection.java:logAndReturn(56)) - 4b287a15-77af-487b-aef7-34d1d0ee189f@group-83C26644CFDA-LeaderElection198: Election REJECTED; received 2 response(s) [4b287a15-77af-487b-aef7-34d1d0ee189f<-0aa3649f-570d-46c6-937f-492d7f3a8364#0:FAIL-t198, 4b287a15-77af-487b-aef7-34d1d0ee189f<-4a03179f-3169-4ac7-a075-259968512ef0#0:FAIL-t198] and 0 exception(s); 4b287a15-77af-487b-aef7-34d1d0ee189f@group-83C26644CFDA:t198, leader=null, voted=4b287a15-77af-487b-aef7-34d1d0ee189f, raftlog=4b287a15-77af-487b-aef7-34d1d0ee189f@group-83C26644CFDA-SegmentedRaftLog:OPENED:c-1,f-1,i0, conf=-1: [4b287a15-77af-487b-aef7-34d1d0ee189f:192.168.34.38:38597, 0aa3649f-570d-46c6-937f-492d7f3a8364:192.168.34.38:33209, 4a03179f-3169-4ac7-a075-259968512ef0:192.168.34.38:45833], old=null
2019-10-16 21:01:44,301 [4b287a15-77af-487b-aef7-34d1d0ee189f@group-83C26644CFDA-LeaderElection198] INFO  impl.RaftServerImpl (RaftServerImpl.java:setRole(184)) - 4b287a15-77af-487b-aef7-34d1d0ee189f@group-83C26644CFDA: changes role from CANDIDATE to FOLLOWER at term 198 for DISCOVERED_A_NEW_TERM
2019-10-16 21:01:44,301 [4b287a15-77af-487b-aef7-34d1d0ee189f@group-83C26644CFDA-LeaderElection198] INFO  impl.RoleInfo (RoleInfo.java:shutdownLeaderElection(134)) - 4b287a15-77af-487b-aef7-34d1d0ee189f: shutdown LeaderElection
2019-10-16 21:01:44,301 [4b287a15-77af-487b-aef7-34d1d0ee189f@group-83C26644CFDA-LeaderElection198] INFO  impl.RoleInfo (RoleInfo.java:updateAndGet(143)) - 4b287a15-77af-487b-aef7-34d1d0ee189f: start FollowerState
2019-10-16 21:01:44,355 [main] INFO  ozone.MiniOzoneClusterImpl (MiniOzoneClusterImpl.java:lambda$waitForClusterToBeReady$2(164)) - Waiting for 1 number of pipelines out of 4, to report a leader.
2019-10-16 21:01:44,455 [Thread-1511] INFO  impl.FollowerState (FollowerState.java:run(108)) - 4b287a15-77af-487b-aef7-34d1d0ee189f@group-83C26644CFDA-FollowerState: change to CANDIDATE, lastRpcTime:153ms, electionTimeout:153ms
2019-10-16 21:01:44,455 [Thread-1511] INFO  impl.RoleInfo (RoleInfo.java:shutdownFollowerState(121)) - 4b287a15-77af-487b-aef7-34d1d0ee189f: shutdown FollowerState
2019-10-16 21:01:44,455 [Thread-1511] INFO  impl.RaftServerImpl (RaftServerImpl.java:setRole(184)) - 4b287a15-77af-487b-aef7-34d1d0ee189f@group-83C26644CFDA: changes role from  FOLLOWER to CANDIDATE at term 198 for changeToCandidate
2019-10-16 21:01:44,455 [Thread-1511] INFO  impl.RoleInfo (RoleInfo.java:updateAndGet(143)) - 4b287a15-77af-487b-aef7-34d1d0ee189f: start LeaderElection
2019-10-16 21:01:44,463 [4b287a15-77af-487b-aef7-34d1d0ee189f@group-83C26644CFDA-LeaderElection199] INFO  impl.LeaderElection (LeaderElection.java:askForVotes(178)) - 4b287a15-77af-487b-aef7-34d1d0ee189f@group-83C26644CFDA-LeaderElection199: begin an election at term 199 for -1: [4b287a15-77af-487b-aef7-34d1d0ee189f:192.168.34.38:38597, 0aa3649f-570d-46c6-937f-492d7f3a8364:192.168.34.38:33209, 4a03179f-3169-4ac7-a075-259968512ef0:192.168.34.38:45833], old=null
2019-10-16 21:01:44,466 [grpc-default-executor-2] INFO  impl.RaftServerImpl (RaftServerImpl.java:setRole(184)) - 0aa3649f-570d-46c6-937f-492d7f3a8364@group-83C26644CFDA: changes role from  FOLLOWER to FOLLOWER at term 199 for recognizeCandidate:4b287a15-77af-487b-aef7-34d1d0ee189f
2019-10-16 21:01:44,466 [grpc-default-executor-2] INFO  impl.RoleInfo (RoleInfo.java:shutdownFollowerState(121)) - 0aa3649f-570d-46c6-937f-492d7f3a8364: shutdown FollowerState
2019-10-16 21:01:44,466 [grpc-default-executor-1] INFO  impl.RaftServerImpl (RaftServerImpl.java:setRole(184)) - 4a03179f-3169-4ac7-a075-259968512ef0@group-83C26644CFDA: changes role from  FOLLOWER to FOLLOWER at term 199 for recognizeCandidate:4b287a15-77af-487b-aef7-34d1d0ee189f
2019-10-16 21:01:44,466 [grpc-default-executor-1] INFO  impl.RoleInfo (RoleInfo.java:shutdownFollowerState(121)) - 4a03179f-3169-4ac7-a075-259968512ef0: shutdown FollowerState
2019-10-16 21:01:44,466 [Thread-1509] INFO  impl.FollowerState (FollowerState.java:run(117)) - 0aa3649f-570d-46c6-937f-492d7f3a8364@group-83C26644CFDA-FollowerState was interrupted: java.lang.InterruptedException: sleep interrupted
2019-10-16 21:01:44,466 [grpc-default-executor-2] INFO  impl.RoleInfo (RoleInfo.java:updateAndGet(143)) - 0aa3649f-570d-46c6-937f-492d7f3a8364: start FollowerState
2019-10-16 21:01:44,466 [Thread-1510] INFO  impl.FollowerState (FollowerState.java:run(117)) - 4a03179f-3169-4ac7-a075-259968512ef0@group-83C26644CFDA-FollowerState was interrupted: java.lang.InterruptedException: sleep interrupted
2019-10-16 21:01:44,466 [grpc-default-executor-1] INFO  impl.RoleInfo (RoleInfo.java:updateAndGet(143)) - 4a03179f-3169-4ac7-a075-259968512ef0: start FollowerState
2019-10-16 21:01:44,481 [4b287a15-77af-487b-aef7-34d1d0ee189f@group-83C26644CFDA-LeaderElection199] INFO  impl.LeaderElection (LeaderElection.java:logAndReturn(56)) - 4b287a15-77af-487b-aef7-34d1d0ee189f@group-83C26644CFDA-LeaderElection199: Election REJECTED; received 2 response(s) [4b287a15-77af-487b-aef7-34d1d0ee189f<-0aa3649f-570d-46c6-937f-492d7f3a8364#0:FAIL-t199, 4b287a15-77af-487b-aef7-34d1d0ee189f<-4a03179f-3169-4ac7-a075-259968512ef0#0:FAIL-t199] and 0 exception(s); 4b287a15-77af-487b-aef7-34d1d0ee189f@group-83C26644CFDA:t199, leader=null, voted=4b287a15-77af-487b-aef7-34d1d0ee189f, raftlog=4b287a15-77af-487b-aef7-34d1d0ee189f@group-83C26644CFDA-SegmentedRaftLog:OPENED:c-1,f-1,i0, conf=-1: [4b287a15-77af-487b-aef7-34d1d0ee189f:192.168.34.38:38597, 0aa3649f-570d-46c6-937f-492d7f3a8364:192.168.34.38:33209, 4a03179f-3169-4ac7-a075-259968512ef0:192.168.34.38:45833], old=null
2019-10-16 21:01:44,481 [4b287a15-77af-487b-aef7-34d1d0ee189f@group-83C26644CFDA-LeaderElection199] INFO  impl.RaftServerImpl (RaftServerImpl.java:setRole(184)) - 4b287a15-77af-487b-aef7-34d1d0ee189f@group-83C26644CFDA: changes role from CANDIDATE to FOLLOWER at term 199 for DISCOVERED_A_NEW_TERM
2019-10-16 21:01:44,481 [4b287a15-77af-487b-aef7-34d1d0ee189f@group-83C26644CFDA-LeaderElection199] INFO  impl.RoleInfo (RoleInfo.java:shutdownLeaderElection(134)) - 4b287a15-77af-487b-aef7-34d1d0ee189f: shutdown LeaderElection
2019-10-16 21:01:44,481 [4b287a15-77af-487b-aef7-34d1d0ee189f@group-83C26644CFDA-LeaderElection199] INFO  impl.RoleInfo (RoleInfo.java:updateAndGet(143)) - 4b287a15-77af-487b-aef7-34d1d0ee189f: start FollowerState
2019-10-16 21:01:44,528 [Thread-1517] INFO  impl.FollowerState (FollowerState.java:run(108)) - 4b287a15-77af-487b-aef7-34d1d0ee189f@group-83C26644CFDA-FollowerState: change to CANDIDATE, lastRpcTime:47ms, electionTimeout:47ms
2019-10-16 21:01:44,529 [Thread-1517] INFO  impl.RoleInfo (RoleInfo.java:shutdownFollowerState(121)) - 4b287a15-77af-487b-aef7-34d1d0ee189f: shutdown FollowerState
2019-10-16 21:01:44,529 [Thread-1517] INFO  impl.RaftServerImpl (RaftServerImpl.java:setRole(184)) - 4b287a15-77af-487b-aef7-34d1d0ee189f@group-83C26644CFDA: changes role from  FOLLOWER to CANDIDATE at term 199 for changeToCandidate
2019-10-16 21:01:44,529 [Thread-1517] INFO  impl.RoleInfo (RoleInfo.java:updateAndGet(143)) - 4b287a15-77af-487b-aef7-34d1d0ee189f: start LeaderElection
2019-10-16 21:01:44,542 [4b287a15-77af-487b-aef7-34d1d0ee189f@group-83C26644CFDA-LeaderElection200] INFO  impl.LeaderElection (LeaderElection.java:askForVotes(178)) - 4b287a15-77af-487b-aef7-34d1d0ee189f@group-83C26644CFDA-LeaderElection200: begin an election at term 200 for -1: [4b287a15-77af-487b-aef7-34d1d0ee189f:192.168.34.38:38597, 0aa3649f-570d-46c6-937f-492d7f3a8364:192.168.34.38:33209, 4a03179f-3169-4ac7-a075-259968512ef0:192.168.34.38:45833], old=null
2019-10-16 21:01:44,544 [grpc-default-executor-2] INFO  impl.RaftServerImpl (RaftServerImpl.java:setRole(184)) - 0aa3649f-570d-46c6-937f-492d7f3a8364@group-83C26644CFDA: changes role from  FOLLOWER to FOLLOWER at term 200 for recognizeCandidate:4b287a15-77af-487b-aef7-34d1d0ee189f
2019-10-16 21:01:44,544 [grpc-default-executor-1] INFO  impl.RaftServerImpl (RaftServerImpl.java:setRole(184)) - 4a03179f-3169-4ac7-a075-259968512ef0@group-83C26644CFDA: changes role from  FOLLOWER to FOLLOWER at term 200 for recognizeCandidate:4b287a15-77af-487b-aef7-34d1d0ee189f
2019-10-16 21:01:44,544 [grpc-default-executor-1] INFO  impl.RoleInfo (RoleInfo.java:shutdownFollowerState(121)) - 4a03179f-3169-4ac7-a075-259968512ef0: shutdown FollowerState
2019-10-16 21:01:44,544 [grpc-default-executor-2] INFO  impl.RoleInfo (RoleInfo.java:shutdownFollowerState(121)) - 0aa3649f-570d-46c6-937f-492d7f3a8364: shutdown FollowerState
2019-10-16 21:01:44,544 [Thread-1516] INFO  impl.FollowerState (FollowerState.java:run(117)) - 4a03179f-3169-4ac7-a075-259968512ef0@group-83C26644CFDA-FollowerState was interrupted: java.lang.InterruptedException: sleep interrupted
2019-10-16 21:01:44,544 [grpc-default-executor-1] INFO  impl.RoleInfo (RoleInfo.java:updateAndGet(143)) - 4a03179f-3169-4ac7-a075-259968512ef0: start FollowerState
2019-10-16 21:01:44,545 [Thread-1515] INFO  impl.FollowerState (FollowerState.java:run(117)) - 0aa3649f-570d-46c6-937f-492d7f3a8364@group-83C26644CFDA-FollowerState was interrupted: java.lang.InterruptedException: sleep interrupted
2019-10-16 21:01:44,545 [grpc-default-executor-2] INFO  impl.RoleInfo (RoleInfo.java:updateAndGet(143)) - 0aa3649f-570d-46c6-937f-492d7f3a8364: start FollowerState
2019-10-16 21:01:44,549 [4b287a15-77af-487b-aef7-34d1d0ee189f@group-83C26644CFDA-LeaderElection200] INFO  impl.LeaderElection (LeaderElection.java:logAndReturn(56)) - 4b287a15-77af-487b-aef7-34d1d0ee189f@group-83C26644CFDA-LeaderElection200: Election REJECTED; received 2 response(s) [4b287a15-77af-487b-aef7-34d1d0ee189f<-0aa3649f-570d-46c6-937f-492d7f3a8364#0:FAIL-t200, 4b287a15-77af-487b-aef7-34d1d0ee189f<-4a03179f-3169-4ac7-a075-259968512ef0#0:FAIL-t200] and 0 exception(s); 4b287a15-77af-487b-aef7-34d1d0ee189f@group-83C26644CFDA:t200, leader=null, voted=4b287a15-77af-487b-aef7-34d1d0ee189f, raftlog=4b287a15-77af-487b-aef7-34d1d0ee189f@group-83C26644CFDA-SegmentedRaftLog:OPENED:c-1,f-1,i0, conf=-1: [4b287a15-77af-487b-aef7-34d1d0ee189f:192.168.34.38:38597, 0aa3649f-570d-46c6-937f-492d7f3a8364:192.168.34.38:33209, 4a03179f-3169-4ac7-a075-259968512ef0:192.168.34.38:45833], old=null
2019-10-16 21:01:44,549 [4b287a15-77af-487b-aef7-34d1d0ee189f@group-83C26644CFDA-LeaderElection200] INFO  impl.RaftServerImpl (RaftServerImpl.java:setRole(184)) - 4b287a15-77af-487b-aef7-34d1d0ee189f@group-83C26644CFDA: changes role from CANDIDATE to FOLLOWER at term 200 for DISCOVERED_A_NEW_TERM
2019-10-16 21:01:44,549 [4b287a15-77af-487b-aef7-34d1d0ee189f@group-83C26644CFDA-LeaderElection200] INFO  impl.RoleInfo (RoleInfo.java:shutdownLeaderElection(134)) - 4b287a15-77af-487b-aef7-34d1d0ee189f: shutdown LeaderElection
2019-10-16 21:01:44,549 [4b287a15-77af-487b-aef7-34d1d0ee189f@group-83C26644CFDA-LeaderElection200] INFO  impl.RoleInfo (RoleInfo.java:updateAndGet(143)) - 4b287a15-77af-487b-aef7-34d1d0ee189f: start FollowerState
2019-10-16 21:01:44,720 [Thread-1523] INFO  impl.FollowerState (FollowerState.java:run(108)) - 4b287a15-77af-487b-aef7-34d1d0ee189f@group-83C26644CFDA-FollowerState: change to CANDIDATE, lastRpcTime:171ms, electionTimeout:171ms
2019-10-16 21:01:44,720 [Thread-1523] INFO  impl.RoleInfo (RoleInfo.java:shutdownFollowerState(121)) - 4b287a15-77af-487b-aef7-34d1d0ee189f: shutdown FollowerState
2019-10-16 21:01:44,721 [Thread-1523] INFO  impl.RaftServerImpl (RaftServerImpl.java:setRole(184)) - 4b287a15-77af-487b-aef7-34d1d0ee189f@group-83C26644CFDA: changes role from  FOLLOWER to CANDIDATE at term 200 for changeToCandidate
2019-10-16 21:01:44,721 [Thread-1523] INFO  impl.RoleInfo (RoleInfo.java:updateAndGet(143)) - 4b287a15-77af-487b-aef7-34d1d0ee189f: start LeaderElection
2019-10-16 21:01:44,729 [4b287a15-77af-487b-aef7-34d1d0ee189f@group-83C26644CFDA-LeaderElection201] INFO  impl.LeaderElection (LeaderElection.java:askForVotes(178)) - 4b287a15-77af-487b-aef7-34d1d0ee189f@group-83C26644CFDA-LeaderElection201: begin an election at term 201 for -1: [4b287a15-77af-487b-aef7-34d1d0ee189f:192.168.34.38:38597, 0aa3649f-570d-46c6-937f-492d7f3a8364:192.168.34.38:33209, 4a03179f-3169-4ac7-a075-259968512ef0:192.168.34.38:45833], old=null
2019-10-16 21:01:44,731 [grpc-default-executor-1] INFO  impl.RaftServerImpl (RaftServerImpl.java:setRole(184)) - 4a03179f-3169-4ac7-a075-259968512ef0@group-83C26644CFDA: changes role from  FOLLOWER to FOLLOWER at term 201 for recognizeCandidate:4b287a15-77af-487b-aef7-34d1d0ee189f
2019-10-16 21:01:44,731 [grpc-default-executor-2] INFO  impl.RaftServerImpl (RaftServerImpl.java:setRole(184)) - 0aa3649f-570d-46c6-937f-492d7f3a8364@group-83C26644CFDA: changes role from  FOLLOWER to FOLLOWER at term 201 for recognizeCandidate:4b287a15-77af-487b-aef7-34d1d0ee189f
2019-10-16 21:01:44,731 [grpc-default-executor-1] INFO  impl.RoleInfo (RoleInfo.java:shutdownFollowerState(121)) - 4a03179f-3169-4ac7-a075-259968512ef0: shutdown FollowerState
2019-10-16 21:01:44,731 [grpc-default-executor-2] INFO  impl.RoleInfo (RoleInfo.java:shutdownFollowerState(121)) - 0aa3649f-570d-46c6-937f-492d7f3a8364: shutdown FollowerState
2019-10-16 21:01:44,732 [Thread-1521] INFO  impl.FollowerState (FollowerState.java:run(117)) - 4a03179f-3169-4ac7-a075-259968512ef0@group-83C26644CFDA-FollowerState was interrupted: java.lang.InterruptedException: sleep interrupted
2019-10-16 21:01:44,732 [grpc-default-executor-1] INFO  impl.RoleInfo (RoleInfo.java:updateAndGet(143)) - 4a03179f-3169-4ac7-a075-259968512ef0: start FollowerState
2019-10-16 21:01:44,732 [Thread-1522] INFO  impl.FollowerState (FollowerState.java:run(117)) - 0aa3649f-570d-46c6-937f-492d7f3a8364@group-83C26644CFDA-FollowerState was interrupted: java.lang.InterruptedException: sleep interrupted
2019-10-16 21:01:44,732 [grpc-default-executor-2] INFO  impl.RoleInfo (RoleInfo.java:updateAndGet(143)) - 0aa3649f-570d-46c6-937f-492d7f3a8364: start FollowerState
2019-10-16 21:01:44,744 [4b287a15-77af-487b-aef7-34d1d0ee189f@group-83C26644CFDA-LeaderElection201] INFO  impl.LeaderElection (LeaderElection.java:logAndReturn(56)) - 4b287a15-77af-487b-aef7-34d1d0ee189f@group-83C26644CFDA-LeaderElection201: Election TIMEOUT; received 0 response(s) [] and 0 exception(s); 4b287a15-77af-487b-aef7-34d1d0ee189f@group-83C26644CFDA:t201, leader=null, voted=4b287a15-77af-487b-aef7-34d1d0ee189f, raftlog=4b287a15-77af-487b-aef7-34d1d0ee189f@group-83C26644CFDA-SegmentedRaftLog:OPENED:c-1,f-1,i0, conf=-1: [4b287a15-77af-487b-aef7-34d1d0ee189f:192.168.34.38:38597, 0aa3649f-570d-46c6-937f-492d7f3a8364:192.168.34.38:33209, 4a03179f-3169-4ac7-a075-259968512ef0:192.168.34.38:45833], old=null
2019-10-16 21:01:44,752 [4b287a15-77af-487b-aef7-34d1d0ee189f@group-83C26644CFDA-LeaderElection201] INFO  impl.LeaderElection (LeaderElection.java:askForVotes(178)) - 4b287a15-77af-487b-aef7-34d1d0ee189f@group-83C26644CFDA-LeaderElection201: begin an election at term 202 for -1: [4b287a15-77af-487b-aef7-34d1d0ee189f:192.168.34.38:38597, 0aa3649f-570d-46c6-937f-492d7f3a8364:192.168.34.38:33209, 4a03179f-3169-4ac7-a075-259968512ef0:192.168.34.38:45833], old=null
2019-10-16 21:01:44,753 [grpc-default-executor-1] INFO  impl.RaftServerImpl (RaftServerImpl.java:setRole(184)) - 4a03179f-3169-4ac7-a075-259968512ef0@group-83C26644CFDA: changes role from  FOLLOWER to FOLLOWER at term 202 for recognizeCandidate:4b287a15-77af-487b-aef7-34d1d0ee189f
2019-10-16 21:01:44,754 [grpc-default-executor-1] INFO  impl.RoleInfo (RoleInfo.java:shutdownFollowerState(121)) - 4a03179f-3169-4ac7-a075-259968512ef0: shutdown FollowerState
2019-10-16 21:01:44,754 [grpc-default-executor-1] INFO  impl.RoleInfo (RoleInfo.java:updateAndGet(143)) - 4a03179f-3169-4ac7-a075-259968512ef0: start FollowerState
2019-10-16 21:01:44,754 [Thread-1527] INFO  impl.FollowerState (FollowerState.java:run(117)) - 4a03179f-3169-4ac7-a075-259968512ef0@group-83C26644CFDA-FollowerState was interrupted: java.lang.InterruptedException: sleep interrupted
2019-10-16 21:01:44,754 [grpc-default-executor-2] INFO  impl.RaftServerImpl (RaftServerImpl.java:setRole(184)) - 0aa3649f-570d-46c6-937f-492d7f3a8364@group-83C26644CFDA: changes role from  FOLLOWER to FOLLOWER at term 202 for recognizeCandidate:4b287a15-77af-487b-aef7-34d1d0ee189f
2019-10-16 21:01:44,754 [grpc-default-executor-2] INFO  impl.RoleInfo (RoleInfo.java:shutdownFollowerState(121)) - 0aa3649f-570d-46c6-937f-492d7f3a8364: shutdown FollowerState
2019-10-16 21:01:44,754 [grpc-default-executor-2] INFO  impl.RoleInfo (RoleInfo.java:updateAndGet(143)) - 0aa3649f-570d-46c6-937f-492d7f3a8364: start FollowerState
2019-10-16 21:01:44,754 [Thread-1528] INFO  impl.FollowerState (FollowerState.java:run(117)) - 0aa3649f-570d-46c6-937f-492d7f3a8364@group-83C26644CFDA-FollowerState was interrupted: java.lang.InterruptedException: sleep interrupted
2019-10-16 21:01:44,768 [4b287a15-77af-487b-aef7-34d1d0ee189f@group-83C26644CFDA-LeaderElection201] INFO  impl.LeaderElection (LeaderElection.java:logAndReturn(56)) - 4b287a15-77af-487b-aef7-34d1d0ee189f@group-83C26644CFDA-LeaderElection201: Election REJECTED; received 2 response(s) [4b287a15-77af-487b-aef7-34d1d0ee189f<-0aa3649f-570d-46c6-937f-492d7f3a8364#0:FAIL-t202, 4b287a15-77af-487b-aef7-34d1d0ee189f<-4a03179f-3169-4ac7-a075-259968512ef0#0:FAIL-t202] and 0 exception(s); 4b287a15-77af-487b-aef7-34d1d0ee189f@group-83C26644CFDA:t202, leader=null, voted=4b287a15-77af-487b-aef7-34d1d0ee189f, raftlog=4b287a15-77af-487b-aef7-34d1d0ee189f@group-83C26644CFDA-SegmentedRaftLog:OPENED:c-1,f-1,i0, conf=-1: [4b287a15-77af-487b-aef7-34d1d0ee189f:192.168.34.38:38597, 0aa3649f-570d-46c6-937f-492d7f3a8364:192.168.34.38:33209, 4a03179f-3169-4ac7-a075-259968512ef0:192.168.34.38:45833], old=null
2019-10-16 21:01:44,768 [4b287a15-77af-487b-aef7-34d1d0ee189f@group-83C26644CFDA-LeaderElection201] INFO  impl.RaftServerImpl (RaftServerImpl.java:setRole(184)) - 4b287a15-77af-487b-aef7-34d1d0ee189f@group-83C26644CFDA: changes role from CANDIDATE to FOLLOWER at term 202 for DISCOVERED_A_NEW_TERM
2019-10-16 21:01:44,768 [4b287a15-77af-487b-aef7-34d1d0ee189f@group-83C26644CFDA-LeaderElection201] INFO  impl.RoleInfo (RoleInfo.java:shutdownLeaderElection(134)) - 4b287a15-77af-487b-aef7-34d1d0ee189f: shutdown LeaderElection
2019-10-16 21:01:44,768 [4b287a15-77af-487b-aef7-34d1d0ee189f@group-83C26644CFDA-LeaderElection201] INFO  impl.RoleInfo (RoleInfo.java:updateAndGet(143)) - 4b287a15-77af-487b-aef7-34d1d0ee189f: start FollowerState
2019-10-16 21:01:44,799 [Thread-1533] INFO  impl.FollowerState (FollowerState.java:run(108)) - 4b287a15-77af-487b-aef7-34d1d0ee189f@group-83C26644CFDA-FollowerState: change to CANDIDATE, lastRpcTime:31ms, electionTimeout:31ms
2019-10-16 21:01:44,800 [Thread-1533] INFO  impl.RoleInfo (RoleInfo.java:shutdownFollowerState(121)) - 4b287a15-77af-487b-aef7-34d1d0ee189f: shutdown FollowerState
2019-10-16 21:01:44,800 [Thread-1533] INFO  impl.RaftServerImpl (RaftServerImpl.java:setRole(184)) - 4b287a15-77af-487b-aef7-34d1d0ee189f@group-83C26644CFDA: changes role from  FOLLOWER to CANDIDATE at term 202 for changeToCandidate
2019-10-16 21:01:44,800 [Thread-1533] INFO  impl.RoleInfo (RoleInfo.java:updateAndGet(143)) - 4b287a15-77af-487b-aef7-34d1d0ee189f: start LeaderElection
2019-10-16 21:01:44,813 [4b287a15-77af-487b-aef7-34d1d0ee189f@group-83C26644CFDA-LeaderElection202] INFO  impl.LeaderElection (LeaderElection.java:askForVotes(178)) - 4b287a15-77af-487b-aef7-34d1d0ee189f@group-83C26644CFDA-LeaderElection202: begin an election at term 203 for -1: [4b287a15-77af-487b-aef7-34d1d0ee189f:192.168.34.38:38597, 0aa3649f-570d-46c6-937f-492d7f3a8364:192.168.34.38:33209, 4a03179f-3169-4ac7-a075-259968512ef0:192.168.34.38:45833], old=null
2019-10-16 21:01:44,815 [grpc-default-executor-2] INFO  impl.RaftServerImpl (RaftServerImpl.java:setRole(184)) - 4a03179f-3169-4ac7-a075-259968512ef0@group-83C26644CFDA: changes role from  FOLLOWER to FOLLOWER at term 203 for recognizeCandidate:4b287a15-77af-487b-aef7-34d1d0ee189f
2019-10-16 21:01:44,815 [grpc-default-executor-2] INFO  impl.RoleInfo (RoleInfo.java:shutdownFollowerState(121)) - 4a03179f-3169-4ac7-a075-259968512ef0: shutdown FollowerState
2019-10-16 21:01:44,815 [grpc-default-executor-1] INFO  impl.RaftServerImpl (RaftServerImpl.java:setRole(184)) - 0aa3649f-570d-46c6-937f-492d7f3a8364@group-83C26644CFDA: changes role from  FOLLOWER to FOLLOWER at term 203 for recognizeCandidate:4b287a15-77af-487b-aef7-34d1d0ee189f
2019-10-16 21:01:44,815 [grpc-default-executor-1] INFO  impl.RoleInfo (RoleInfo.java:shutdownFollowerState(121)) - 0aa3649f-570d-46c6-937f-492d7f3a8364: shutdown FollowerState
2019-10-16 21:01:44,815 [Thread-1531] INFO  impl.FollowerState (FollowerState.java:run(117)) - 4a03179f-3169-4ac7-a075-259968512ef0@group-83C26644CFDA-FollowerState was interrupted: java.lang.InterruptedException: sleep interrupted
2019-10-16 21:01:44,815 [grpc-default-executor-2] INFO  impl.RoleInfo (RoleInfo.java:updateAndGet(143)) - 4a03179f-3169-4ac7-a075-259968512ef0: start FollowerState
2019-10-16 21:01:44,816 [Thread-1532] INFO  impl.FollowerState (FollowerState.java:run(117)) - 0aa3649f-570d-46c6-937f-492d7f3a8364@group-83C26644CFDA-FollowerState was interrupted: java.lang.InterruptedException: sleep interrupted
2019-10-16 21:01:44,815 [grpc-default-executor-1] INFO  impl.RoleInfo (RoleInfo.java:updateAndGet(143)) - 0aa3649f-570d-46c6-937f-492d7f3a8364: start FollowerState
2019-10-16 21:01:44,830 [4b287a15-77af-487b-aef7-34d1d0ee189f@group-83C26644CFDA-LeaderElection202] INFO  impl.LeaderElection (LeaderElection.java:logAndReturn(56)) - 4b287a15-77af-487b-aef7-34d1d0ee189f@group-83C26644CFDA-LeaderElection202: Election REJECTED; received 2 response(s) [4b287a15-77af-487b-aef7-34d1d0ee189f<-0aa3649f-570d-46c6-937f-492d7f3a8364#0:FAIL-t203, 4b287a15-77af-487b-aef7-34d1d0ee189f<-4a03179f-3169-4ac7-a075-259968512ef0#0:FAIL-t203] and 0 exception(s); 4b287a15-77af-487b-aef7-34d1d0ee189f@group-83C26644CFDA:t203, leader=null, voted=4b287a15-77af-487b-aef7-34d1d0ee189f, raftlog=4b287a15-77af-487b-aef7-34d1d0ee189f@group-83C26644CFDA-SegmentedRaftLog:OPENED:c-1,f-1,i0, conf=-1: [4b287a15-77af-487b-aef7-34d1d0ee189f:192.168.34.38:38597, 0aa3649f-570d-46c6-937f-492d7f3a8364:192.168.34.38:33209, 4a03179f-3169-4ac7-a075-259968512ef0:192.168.34.38:45833], old=null
2019-10-16 21:01:44,830 [4b287a15-77af-487b-aef7-34d1d0ee189f@group-83C26644CFDA-LeaderElection202] INFO  impl.RaftServerImpl (RaftServerImpl.java:setRole(184)) - 4b287a15-77af-487b-aef7-34d1d0ee189f@group-83C26644CFDA: changes role from CANDIDATE to FOLLOWER at term 203 for DISCOVERED_A_NEW_TERM
2019-10-16 21:01:44,830 [4b287a15-77af-487b-aef7-34d1d0ee189f@group-83C26644CFDA-LeaderElection202] INFO  impl.RoleInfo (RoleInfo.java:shutdownLeaderElection(134)) - 4b287a15-77af-487b-aef7-34d1d0ee189f: shutdown LeaderElection
2019-10-16 21:01:44,830 [4b287a15-77af-487b-aef7-34d1d0ee189f@group-83C26644CFDA-LeaderElection202] INFO  impl.RoleInfo (RoleInfo.java:updateAndGet(143)) - 4b287a15-77af-487b-aef7-34d1d0ee189f: start FollowerState
2019-10-16 21:01:44,948 [Thread-1539] INFO  impl.FollowerState (FollowerState.java:run(108)) - 4b287a15-77af-487b-aef7-34d1d0ee189f@group-83C26644CFDA-FollowerState: change to CANDIDATE, lastRpcTime:117ms, electionTimeout:117ms
2019-10-16 21:01:44,948 [Thread-1539] INFO  impl.RoleInfo (RoleInfo.java:shutdownFollowerState(121)) - 4b287a15-77af-487b-aef7-34d1d0ee189f: shutdown FollowerState
2019-10-16 21:01:44,948 [Thread-1539] INFO  impl.RaftServerImpl (RaftServerImpl.java:setRole(184)) - 4b287a15-77af-487b-aef7-34d1d0ee189f@group-83C26644CFDA: changes role from  FOLLOWER to CANDIDATE at term 203 for changeToCandidate
2019-10-16 21:01:44,948 [Thread-1539] INFO  impl.RoleInfo (RoleInfo.java:updateAndGet(143)) - 4b287a15-77af-487b-aef7-34d1d0ee189f: start LeaderElection
2019-10-16 21:01:44,961 [4b287a15-77af-487b-aef7-34d1d0ee189f@group-83C26644CFDA-LeaderElection203] INFO  impl.LeaderElection (LeaderElection.java:askForVotes(178)) - 4b287a15-77af-487b-aef7-34d1d0ee189f@group-83C26644CFDA-LeaderElection203: begin an election at term 204 for -1: [4b287a15-77af-487b-aef7-34d1d0ee189f:192.168.34.38:38597, 0aa3649f-570d-46c6-937f-492d7f3a8364:192.168.34.38:33209, 4a03179f-3169-4ac7-a075-259968512ef0:192.168.34.38:45833], old=null
2019-10-16 21:01:44,964 [grpc-default-executor-2] INFO  impl.RaftServerImpl (RaftServerImpl.java:setRole(184)) - 0aa3649f-570d-46c6-937f-492d7f3a8364@group-83C26644CFDA: changes role from  FOLLOWER to FOLLOWER at term 204 for recognizeCandidate:4b287a15-77af-487b-aef7-34d1d0ee189f
2019-10-16 21:01:44,964 [grpc-default-executor-1] INFO  impl.RaftServerImpl (RaftServerImpl.java:setRole(184)) - 4a03179f-3169-4ac7-a075-259968512ef0@group-83C26644CFDA: changes role from  FOLLOWER to FOLLOWER at term 204 for recognizeCandidate:4b287a15-77af-487b-aef7-34d1d0ee189f
2019-10-16 21:01:44,964 [grpc-default-executor-2] INFO  impl.RoleInfo (RoleInfo.java:shutdownFollowerState(121)) - 0aa3649f-570d-46c6-937f-492d7f3a8364: shutdown FollowerState
2019-10-16 21:01:44,964 [grpc-default-executor-1] INFO  impl.RoleInfo (RoleInfo.java:shutdownFollowerState(121)) - 4a03179f-3169-4ac7-a075-259968512ef0: shutdown FollowerState
2019-10-16 21:01:44,964 [Thread-1538] INFO  impl.FollowerState (FollowerState.java:run(117)) - 0aa3649f-570d-46c6-937f-492d7f3a8364@group-83C26644CFDA-FollowerState was interrupted: java.lang.InterruptedException: sleep interrupted
2019-10-16 21:01:44,964 [grpc-default-executor-2] INFO  impl.RoleInfo (RoleInfo.java:updateAndGet(143)) - 0aa3649f-570d-46c6-937f-492d7f3a8364: start FollowerState
2019-10-16 21:01:44,964 [Thread-1537] INFO  impl.FollowerState (FollowerState.java:run(117)) - 4a03179f-3169-4ac7-a075-259968512ef0@group-83C26644CFDA-FollowerState was interrupted: java.lang.InterruptedException: sleep interrupted
2019-10-16 21:01:44,964 [grpc-default-executor-1] INFO  impl.RoleInfo (RoleInfo.java:updateAndGet(143)) - 4a03179f-3169-4ac7-a075-259968512ef0: start FollowerState
2019-10-16 21:01:44,987 [4b287a15-77af-487b-aef7-34d1d0ee189f@group-83C26644CFDA-LeaderElection203] INFO  impl.LeaderElection (LeaderElection.java:logAndReturn(56)) - 4b287a15-77af-487b-aef7-34d1d0ee189f@group-83C26644CFDA-LeaderElection203: Election REJECTED; received 2 response(s) [4b287a15-77af-487b-aef7-34d1d0ee189f<-0aa3649f-570d-46c6-937f-492d7f3a8364#0:FAIL-t204, 4b287a15-77af-487b-aef7-34d1d0ee189f<-4a03179f-3169-4ac7-a075-259968512ef0#0:FAIL-t204] and 0 exception(s); 4b287a15-77af-487b-aef7-34d1d0ee189f@group-83C26644CFDA:t204, leader=null, voted=4b287a15-77af-487b-aef7-34d1d0ee189f, raftlog=4b287a15-77af-487b-aef7-34d1d0ee189f@group-83C26644CFDA-SegmentedRaftLog:OPENED:c-1,f-1,i0, conf=-1: [4b287a15-77af-487b-aef7-34d1d0ee189f:192.168.34.38:38597, 0aa3649f-570d-46c6-937f-492d7f3a8364:192.168.34.38:33209, 4a03179f-3169-4ac7-a075-259968512ef0:192.168.34.38:45833], old=null
2019-10-16 21:01:44,987 [4b287a15-77af-487b-aef7-34d1d0ee189f@group-83C26644CFDA-LeaderElection203] INFO  impl.RaftServerImpl (RaftServerImpl.java:setRole(184)) - 4b287a15-77af-487b-aef7-34d1d0ee189f@group-83C26644CFDA: changes role from CANDIDATE to FOLLOWER at term 204 for DISCOVERED_A_NEW_TERM
2019-10-16 21:01:44,987 [4b287a15-77af-487b-aef7-34d1d0ee189f@group-83C26644CFDA-LeaderElection203] INFO  impl.RoleInfo (RoleInfo.java:shutdownLeaderElection(134)) - 4b287a15-77af-487b-aef7-34d1d0ee189f: shutdown LeaderElection
2019-10-16 21:01:44,987 [4b287a15-77af-487b-aef7-34d1d0ee189f@group-83C26644CFDA-LeaderElection203] INFO  impl.RoleInfo (RoleInfo.java:updateAndGet(143)) - 4b287a15-77af-487b-aef7-34d1d0ee189f: start FollowerState
2019-10-16 21:01:45,081 [Thread-1545] INFO  impl.FollowerState (FollowerState.java:run(108)) - 4b287a15-77af-487b-aef7-34d1d0ee189f@group-83C26644CFDA-FollowerState: change to CANDIDATE, lastRpcTime:93ms, electionTimeout:93ms
2019-10-16 21:01:45,081 [Thread-1545] INFO  impl.RoleInfo (RoleInfo.java:shutdownFollowerState(121)) - 4b287a15-77af-487b-aef7-34d1d0ee189f: shutdown FollowerState
2019-10-16 21:01:45,081 [Thread-1545] INFO  impl.RaftServerImpl (RaftServerImpl.java:setRole(184)) - 4b287a15-77af-487b-aef7-34d1d0ee189f@group-83C26644CFDA: changes role from  FOLLOWER to CANDIDATE at term 204 for changeToCandidate
2019-10-16 21:01:45,081 [Thread-1545] INFO  impl.RoleInfo (RoleInfo.java:updateAndGet(143)) - 4b287a15-77af-487b-aef7-34d1d0ee189f: start LeaderElection
2019-10-16 21:01:45,095 [4b287a15-77af-487b-aef7-34d1d0ee189f@group-83C26644CFDA-LeaderElection204] INFO  impl.LeaderElection (LeaderElection.java:askForVotes(178)) - 4b287a15-77af-487b-aef7-34d1d0ee189f@group-83C26644CFDA-LeaderElection204: begin an election at term 205 for -1: [4b287a15-77af-487b-aef7-34d1d0ee189f:192.168.34.38:38597, 0aa3649f-570d-46c6-937f-492d7f3a8364:192.168.34.38:33209, 4a03179f-3169-4ac7-a075-259968512ef0:192.168.34.38:45833], old=null
2019-10-16 21:01:45,098 [grpc-default-executor-2] INFO  impl.RaftServerImpl (RaftServerImpl.java:setRole(184)) - 0aa3649f-570d-46c6-937f-492d7f3a8364@group-83C26644CFDA: changes role from  FOLLOWER to FOLLOWER at term 205 for recognizeCandidate:4b287a15-77af-487b-aef7-34d1d0ee189f
2019-10-16 21:01:45,098 [grpc-default-executor-2] INFO  impl.RoleInfo (RoleInfo.java:shutdownFollowerState(121)) - 0aa3649f-570d-46c6-937f-492d7f3a8364: shutdown FollowerState
2019-10-16 21:01:45,098 [grpc-default-executor-1] INFO  impl.RaftServerImpl (RaftServerImpl.java:setRole(184)) - 4a03179f-3169-4ac7-a075-259968512ef0@group-83C26644CFDA: changes role from  FOLLOWER to FOLLOWER at term 205 for recognizeCandidate:4b287a15-77af-487b-aef7-34d1d0ee189f
2019-10-16 21:01:45,098 [Thread-1543] INFO  impl.FollowerState (FollowerState.java:run(117)) - 0aa3649f-570d-46c6-937f-492d7f3a8364@group-83C26644CFDA-FollowerState was interrupted: java.lang.InterruptedException: sleep interrupted
2019-10-16 21:01:45,098 [grpc-default-executor-1] INFO  impl.RoleInfo (RoleInfo.java:shutdownFollowerState(121)) - 4a03179f-3169-4ac7-a075-259968512ef0: shutdown FollowerState
2019-10-16 21:01:45,098 [grpc-default-executor-2] INFO  impl.RoleInfo (RoleInfo.java:updateAndGet(143)) - 0aa3649f-570d-46c6-937f-492d7f3a8364: start FollowerState
2019-10-16 21:01:45,098 [Thread-1544] INFO  impl.FollowerState (FollowerState.java:run(117)) - 4a03179f-3169-4ac7-a075-259968512ef0@group-83C26644CFDA-FollowerState was interrupted: java.lang.InterruptedException: sleep interrupted
2019-10-16 21:01:45,098 [grpc-default-executor-1] INFO  impl.RoleInfo (RoleInfo.java:updateAndGet(143)) - 4a03179f-3169-4ac7-a075-259968512ef0: start FollowerState
2019-10-16 21:01:45,113 [4b287a15-77af-487b-aef7-34d1d0ee189f@group-83C26644CFDA-LeaderElection204] INFO  impl.LeaderElection (LeaderElection.java:logAndReturn(56)) - 4b287a15-77af-487b-aef7-34d1d0ee189f@group-83C26644CFDA-LeaderElection204: Election REJECTED; received 2 response(s) [4b287a15-77af-487b-aef7-34d1d0ee189f<-0aa3649f-570d-46c6-937f-492d7f3a8364#0:FAIL-t205, 4b287a15-77af-487b-aef7-34d1d0ee189f<-4a03179f-3169-4ac7-a075-259968512ef0#0:FAIL-t205] and 0 exception(s); 4b287a15-77af-487b-aef7-34d1d0ee189f@group-83C26644CFDA:t205, leader=null, voted=4b287a15-77af-487b-aef7-34d1d0ee189f, raftlog=4b287a15-77af-487b-aef7-34d1d0ee189f@group-83C26644CFDA-SegmentedRaftLog:OPENED:c-1,f-1,i0, conf=-1: [4b287a15-77af-487b-aef7-34d1d0ee189f:192.168.34.38:38597, 0aa3649f-570d-46c6-937f-492d7f3a8364:192.168.34.38:33209, 4a03179f-3169-4ac7-a075-259968512ef0:192.168.34.38:45833], old=null
2019-10-16 21:01:45,114 [4b287a15-77af-487b-aef7-34d1d0ee189f@group-83C26644CFDA-LeaderElection204] INFO  impl.RaftServerImpl (RaftServerImpl.java:setRole(184)) - 4b287a15-77af-487b-aef7-34d1d0ee189f@group-83C26644CFDA: changes role from CANDIDATE to FOLLOWER at term 205 for DISCOVERED_A_NEW_TERM
2019-10-16 21:01:45,114 [4b287a15-77af-487b-aef7-34d1d0ee189f@group-83C26644CFDA-LeaderElection204] INFO  impl.RoleInfo (RoleInfo.java:shutdownLeaderElection(134)) - 4b287a15-77af-487b-aef7-34d1d0ee189f: shutdown LeaderElection
2019-10-16 21:01:45,114 [4b287a15-77af-487b-aef7-34d1d0ee189f@group-83C26644CFDA-LeaderElection204] INFO  impl.RoleInfo (RoleInfo.java:updateAndGet(143)) - 4b287a15-77af-487b-aef7-34d1d0ee189f: start FollowerState
2019-10-16 21:01:45,242 [Thread-1551] INFO  impl.FollowerState (FollowerState.java:run(108)) - 4b287a15-77af-487b-aef7-34d1d0ee189f@group-83C26644CFDA-FollowerState: change to CANDIDATE, lastRpcTime:128ms, electionTimeout:128ms
2019-10-16 21:01:45,243 [Thread-1551] INFO  impl.RoleInfo (RoleInfo.java:shutdownFollowerState(121)) - 4b287a15-77af-487b-aef7-34d1d0ee189f: shutdown FollowerState
2019-10-16 21:01:45,243 [Thread-1551] INFO  impl.RaftServerImpl (RaftServerImpl.java:setRole(184)) - 4b287a15-77af-487b-aef7-34d1d0ee189f@group-83C26644CFDA: changes role from  FOLLOWER to CANDIDATE at term 205 for changeToCandidate
2019-10-16 21:01:45,243 [Thread-1551] INFO  impl.RoleInfo (RoleInfo.java:updateAndGet(143)) - 4b287a15-77af-487b-aef7-34d1d0ee189f: start LeaderElection
2019-10-16 21:01:45,286 [4b287a15-77af-487b-aef7-34d1d0ee189f@group-83C26644CFDA-LeaderElection205] INFO  impl.LeaderElection (LeaderElection.java:askForVotes(178)) - 4b287a15-77af-487b-aef7-34d1d0ee189f@group-83C26644CFDA-LeaderElection205: begin an election at term 206 for -1: [4b287a15-77af-487b-aef7-34d1d0ee189f:192.168.34.38:38597, 0aa3649f-570d-46c6-937f-492d7f3a8364:192.168.34.38:33209, 4a03179f-3169-4ac7-a075-259968512ef0:192.168.34.38:45833], old=null
2019-10-16 21:01:45,288 [grpc-default-executor-1] INFO  impl.RaftServerImpl (RaftServerImpl.java:setRole(184)) - 4a03179f-3169-4ac7-a075-259968512ef0@group-83C26644CFDA: changes role from  FOLLOWER to FOLLOWER at term 206 for recognizeCandidate:4b287a15-77af-487b-aef7-34d1d0ee189f
2019-10-16 21:01:45,288 [grpc-default-executor-2] INFO  impl.RaftServerImpl (RaftServerImpl.java:setRole(184)) - 0aa3649f-570d-46c6-937f-492d7f3a8364@group-83C26644CFDA: changes role from  FOLLOWER to FOLLOWER at term 206 for recognizeCandidate:4b287a15-77af-487b-aef7-34d1d0ee189f
2019-10-16 21:01:45,289 [grpc-default-executor-1] INFO  impl.RoleInfo (RoleInfo.java:shutdownFollowerState(121)) - 4a03179f-3169-4ac7-a075-259968512ef0: shutdown FollowerState
2019-10-16 21:01:45,289 [grpc-default-executor-2] INFO  impl.RoleInfo (RoleInfo.java:shutdownFollowerState(121)) - 0aa3649f-570d-46c6-937f-492d7f3a8364: shutdown FollowerState
2019-10-16 21:01:45,289 [Thread-1550] INFO  impl.FollowerState (FollowerState.java:run(117)) - 4a03179f-3169-4ac7-a075-259968512ef0@group-83C26644CFDA-FollowerState was interrupted: java.lang.InterruptedException: sleep interrupted
2019-10-16 21:01:45,289 [grpc-default-executor-1] INFO  impl.RoleInfo (RoleInfo.java:updateAndGet(143)) - 4a03179f-3169-4ac7-a075-259968512ef0: start FollowerState
2019-10-16 21:01:45,289 [Thread-1549] INFO  impl.FollowerState (FollowerState.java:run(117)) - 0aa3649f-570d-46c6-937f-492d7f3a8364@group-83C26644CFDA-FollowerState was interrupted: java.lang.InterruptedException: sleep interrupted
2019-10-16 21:01:45,289 [grpc-default-executor-2] INFO  impl.RoleInfo (RoleInfo.java:updateAndGet(143)) - 0aa3649f-570d-46c6-937f-492d7f3a8364: start FollowerState
2019-10-16 21:01:45,304 [4b287a15-77af-487b-aef7-34d1d0ee189f@group-83C26644CFDA-LeaderElection205] INFO  impl.LeaderElection (LeaderElection.java:logAndReturn(56)) - 4b287a15-77af-487b-aef7-34d1d0ee189f@group-83C26644CFDA-LeaderElection205: Election REJECTED; received 2 response(s) [4b287a15-77af-487b-aef7-34d1d0ee189f<-0aa3649f-570d-46c6-937f-492d7f3a8364#0:FAIL-t206, 4b287a15-77af-487b-aef7-34d1d0ee189f<-4a03179f-3169-4ac7-a075-259968512ef0#0:FAIL-t206] and 0 exception(s); 4b287a15-77af-487b-aef7-34d1d0ee189f@group-83C26644CFDA:t206, leader=null, voted=4b287a15-77af-487b-aef7-34d1d0ee189f, raftlog=4b287a15-77af-487b-aef7-34d1d0ee189f@group-83C26644CFDA-SegmentedRaftLog:OPENED:c-1,f-1,i0, conf=-1: [4b287a15-77af-487b-aef7-34d1d0ee189f:192.168.34.38:38597, 0aa3649f-570d-46c6-937f-492d7f3a8364:192.168.34.38:33209, 4a03179f-3169-4ac7-a075-259968512ef0:192.168.34.38:45833], old=null
2019-10-16 21:01:45,304 [4b287a15-77af-487b-aef7-34d1d0ee189f@group-83C26644CFDA-LeaderElection205] INFO  impl.RaftServerImpl (RaftServerImpl.java:setRole(184)) - 4b287a15-77af-487b-aef7-34d1d0ee189f@group-83C26644CFDA: changes role from CANDIDATE to FOLLOWER at term 206 for DISCOVERED_A_NEW_TERM
2019-10-16 21:01:45,304 [4b287a15-77af-487b-aef7-34d1d0ee189f@group-83C26644CFDA-LeaderElection205] INFO  impl.RoleInfo (RoleInfo.java:shutdownLeaderElection(134)) - 4b287a15-77af-487b-aef7-34d1d0ee189f: shutdown LeaderElection
2019-10-16 21:01:45,304 [4b287a15-77af-487b-aef7-34d1d0ee189f@group-83C26644CFDA-LeaderElection205] INFO  impl.RoleInfo (RoleInfo.java:updateAndGet(143)) - 4b287a15-77af-487b-aef7-34d1d0ee189f: start FollowerState
2019-10-16 21:01:45,355 [main] INFO  ozone.MiniOzoneClusterImpl (MiniOzoneClusterImpl.java:lambda$waitForClusterToBeReady$2(164)) - Waiting for 1 number of pipelines out of 4, to report a leader.
2019-10-16 21:01:45,503 [Thread-1557] INFO  impl.FollowerState (FollowerState.java:run(108)) - 4b287a15-77af-487b-aef7-34d1d0ee189f@group-83C26644CFDA-FollowerState: change to CANDIDATE, lastRpcTime:199ms, electionTimeout:199ms
2019-10-16 21:01:45,504 [Thread-1557] INFO  impl.RoleInfo (RoleInfo.java:shutdownFollowerState(121)) - 4b287a15-77af-487b-aef7-34d1d0ee189f: shutdown FollowerState
2019-10-16 21:01:45,504 [Thread-1557] INFO  impl.RaftServerImpl (RaftServerImpl.java:setRole(184)) - 4b287a15-77af-487b-aef7-34d1d0ee189f@group-83C26644CFDA: changes role from  FOLLOWER to CANDIDATE at term 206 for changeToCandidate
2019-10-16 21:01:45,504 [Thread-1557] INFO  impl.RoleInfo (RoleInfo.java:updateAndGet(143)) - 4b287a15-77af-487b-aef7-34d1d0ee189f: start LeaderElection
2019-10-16 21:01:45,517 [4b287a15-77af-487b-aef7-34d1d0ee189f@group-83C26644CFDA-LeaderElection206] INFO  impl.LeaderElection (LeaderElection.java:askForVotes(178)) - 4b287a15-77af-487b-aef7-34d1d0ee189f@group-83C26644CFDA-LeaderElection206: begin an election at term 207 for -1: [4b287a15-77af-487b-aef7-34d1d0ee189f:192.168.34.38:38597, 0aa3649f-570d-46c6-937f-492d7f3a8364:192.168.34.38:33209, 4a03179f-3169-4ac7-a075-259968512ef0:192.168.34.38:45833], old=null
2019-10-16 21:01:45,519 [grpc-default-executor-2] INFO  impl.RaftServerImpl (RaftServerImpl.java:setRole(184)) - 0aa3649f-570d-46c6-937f-492d7f3a8364@group-83C26644CFDA: changes role from  FOLLOWER to FOLLOWER at term 207 for recognizeCandidate:4b287a15-77af-487b-aef7-34d1d0ee189f
2019-10-16 21:01:45,519 [grpc-default-executor-2] INFO  impl.RoleInfo (RoleInfo.java:shutdownFollowerState(121)) - 0aa3649f-570d-46c6-937f-492d7f3a8364: shutdown FollowerState
2019-10-16 21:01:45,519 [grpc-default-executor-2] INFO  impl.RoleInfo (RoleInfo.java:updateAndGet(143)) - 0aa3649f-570d-46c6-937f-492d7f3a8364: start FollowerState
2019-10-16 21:01:45,519 [Thread-1556] INFO  impl.FollowerState (FollowerState.java:run(117)) - 0aa3649f-570d-46c6-937f-492d7f3a8364@group-83C26644CFDA-FollowerState was interrupted: java.lang.InterruptedException: sleep interrupted
2019-10-16 21:01:45,519 [grpc-default-executor-1] INFO  impl.RaftServerImpl (RaftServerImpl.java:setRole(184)) - 4a03179f-3169-4ac7-a075-259968512ef0@group-83C26644CFDA: changes role from  FOLLOWER to FOLLOWER at term 207 for recognizeCandidate:4b287a15-77af-487b-aef7-34d1d0ee189f
2019-10-16 21:01:45,520 [grpc-default-executor-1] INFO  impl.RoleInfo (RoleInfo.java:shutdownFollowerState(121)) - 4a03179f-3169-4ac7-a075-259968512ef0: shutdown FollowerState
2019-10-16 21:01:45,520 [grpc-default-executor-1] INFO  impl.RoleInfo (RoleInfo.java:updateAndGet(143)) - 4a03179f-3169-4ac7-a075-259968512ef0: start FollowerState
2019-10-16 21:01:45,520 [Thread-1555] INFO  impl.FollowerState (FollowerState.java:run(117)) - 4a03179f-3169-4ac7-a075-259968512ef0@group-83C26644CFDA-FollowerState was interrupted: java.lang.InterruptedException: sleep interrupted
2019-10-16 21:01:45,533 [4b287a15-77af-487b-aef7-34d1d0ee189f@group-83C26644CFDA-LeaderElection206] INFO  impl.LeaderElection (LeaderElection.java:logAndReturn(56)) - 4b287a15-77af-487b-aef7-34d1d0ee189f@group-83C26644CFDA-LeaderElection206: Election REJECTED; received 2 response(s) [4b287a15-77af-487b-aef7-34d1d0ee189f<-0aa3649f-570d-46c6-937f-492d7f3a8364#0:FAIL-t207, 4b287a15-77af-487b-aef7-34d1d0ee189f<-4a03179f-3169-4ac7-a075-259968512ef0#0:FAIL-t207] and 0 exception(s); 4b287a15-77af-487b-aef7-34d1d0ee189f@group-83C26644CFDA:t207, leader=null, voted=4b287a15-77af-487b-aef7-34d1d0ee189f, raftlog=4b287a15-77af-487b-aef7-34d1d0ee189f@group-83C26644CFDA-SegmentedRaftLog:OPENED:c-1,f-1,i0, conf=-1: [4b287a15-77af-487b-aef7-34d1d0ee189f:192.168.34.38:38597, 0aa3649f-570d-46c6-937f-492d7f3a8364:192.168.34.38:33209, 4a03179f-3169-4ac7-a075-259968512ef0:192.168.34.38:45833], old=null
2019-10-16 21:01:45,533 [4b287a15-77af-487b-aef7-34d1d0ee189f@group-83C26644CFDA-LeaderElection206] INFO  impl.RaftServerImpl (RaftServerImpl.java:setRole(184)) - 4b287a15-77af-487b-aef7-34d1d0ee189f@group-83C26644CFDA: changes role from CANDIDATE to FOLLOWER at term 207 for DISCOVERED_A_NEW_TERM
2019-10-16 21:01:45,533 [4b287a15-77af-487b-aef7-34d1d0ee189f@group-83C26644CFDA-LeaderElection206] INFO  impl.RoleInfo (RoleInfo.java:shutdownLeaderElection(134)) - 4b287a15-77af-487b-aef7-34d1d0ee189f: shutdown LeaderElection
2019-10-16 21:01:45,533 [4b287a15-77af-487b-aef7-34d1d0ee189f@group-83C26644CFDA-LeaderElection206] INFO  impl.RoleInfo (RoleInfo.java:updateAndGet(143)) - 4b287a15-77af-487b-aef7-34d1d0ee189f: start FollowerState
2019-10-16 21:01:45,658 [Thread-1563] INFO  impl.FollowerState (FollowerState.java:run(108)) - 4b287a15-77af-487b-aef7-34d1d0ee189f@group-83C26644CFDA-FollowerState: change to CANDIDATE, lastRpcTime:124ms, electionTimeout:124ms
2019-10-16 21:01:45,658 [Thread-1563] INFO  impl.RoleInfo (RoleInfo.java:shutdownFollowerState(121)) - 4b287a15-77af-487b-aef7-34d1d0ee189f: shutdown FollowerState
2019-10-16 21:01:45,658 [Thread-1563] INFO  impl.RaftServerImpl (RaftServerImpl.java:setRole(184)) - 4b287a15-77af-487b-aef7-34d1d0ee189f@group-83C26644CFDA: changes role from  FOLLOWER to CANDIDATE at term 207 for changeToCandidate
2019-10-16 21:01:45,658 [Thread-1563] INFO  impl.RoleInfo (RoleInfo.java:updateAndGet(143)) - 4b287a15-77af-487b-aef7-34d1d0ee189f: start LeaderElection
2019-10-16 21:01:45,671 [4b287a15-77af-487b-aef7-34d1d0ee189f@group-83C26644CFDA-LeaderElection207] INFO  impl.LeaderElection (LeaderElection.java:askForVotes(178)) - 4b287a15-77af-487b-aef7-34d1d0ee189f@group-83C26644CFDA-LeaderElection207: begin an election at term 208 for -1: [4b287a15-77af-487b-aef7-34d1d0ee189f:192.168.34.38:38597, 0aa3649f-570d-46c6-937f-492d7f3a8364:192.168.34.38:33209, 4a03179f-3169-4ac7-a075-259968512ef0:192.168.34.38:45833], old=null
2019-10-16 21:01:45,674 [grpc-default-executor-2] INFO  impl.RaftServerImpl (RaftServerImpl.java:setRole(184)) - 0aa3649f-570d-46c6-937f-492d7f3a8364@group-83C26644CFDA: changes role from  FOLLOWER to FOLLOWER at term 208 for recognizeCandidate:4b287a15-77af-487b-aef7-34d1d0ee189f
2019-10-16 21:01:45,674 [grpc-default-executor-2] INFO  impl.RoleInfo (RoleInfo.java:shutdownFollowerState(121)) - 0aa3649f-570d-46c6-937f-492d7f3a8364: shutdown FollowerState
2019-10-16 21:01:45,674 [grpc-default-executor-1] INFO  impl.RaftServerImpl (RaftServerImpl.java:setRole(184)) - 4a03179f-3169-4ac7-a075-259968512ef0@group-83C26644CFDA: changes role from  FOLLOWER to FOLLOWER at term 208 for recognizeCandidate:4b287a15-77af-487b-aef7-34d1d0ee189f
2019-10-16 21:01:45,674 [grpc-default-executor-1] INFO  impl.RoleInfo (RoleInfo.java:shutdownFollowerState(121)) - 4a03179f-3169-4ac7-a075-259968512ef0: shutdown FollowerState
2019-10-16 21:01:45,674 [Thread-1561] INFO  impl.FollowerState (FollowerState.java:run(117)) - 0aa3649f-570d-46c6-937f-492d7f3a8364@group-83C26644CFDA-FollowerState was interrupted: java.lang.InterruptedException: sleep interrupted
2019-10-16 21:01:45,674 [grpc-default-executor-2] INFO  impl.RoleInfo (RoleInfo.java:updateAndGet(143)) - 0aa3649f-570d-46c6-937f-492d7f3a8364: start FollowerState
2019-10-16 21:01:45,674 [Thread-1562] INFO  impl.FollowerState (FollowerState.java:run(117)) - 4a03179f-3169-4ac7-a075-259968512ef0@group-83C26644CFDA-FollowerState was interrupted: java.lang.InterruptedException: sleep interrupted
2019-10-16 21:01:45,674 [grpc-default-executor-1] INFO  impl.RoleInfo (RoleInfo.java:updateAndGet(143)) - 4a03179f-3169-4ac7-a075-259968512ef0: start FollowerState
2019-10-16 21:01:45,688 [4b287a15-77af-487b-aef7-34d1d0ee189f@group-83C26644CFDA-LeaderElection207] INFO  impl.LeaderElection (LeaderElection.java:logAndReturn(56)) - 4b287a15-77af-487b-aef7-34d1d0ee189f@group-83C26644CFDA-LeaderElection207: Election REJECTED; received 2 response(s) [4b287a15-77af-487b-aef7-34d1d0ee189f<-0aa3649f-570d-46c6-937f-492d7f3a8364#0:FAIL-t208, 4b287a15-77af-487b-aef7-34d1d0ee189f<-4a03179f-3169-4ac7-a075-259968512ef0#0:FAIL-t208] and 0 exception(s); 4b287a15-77af-487b-aef7-34d1d0ee189f@group-83C26644CFDA:t208, leader=null, voted=4b287a15-77af-487b-aef7-34d1d0ee189f, raftlog=4b287a15-77af-487b-aef7-34d1d0ee189f@group-83C26644CFDA-SegmentedRaftLog:OPENED:c-1,f-1,i0, conf=-1: [4b287a15-77af-487b-aef7-34d1d0ee189f:192.168.34.38:38597, 0aa3649f-570d-46c6-937f-492d7f3a8364:192.168.34.38:33209, 4a03179f-3169-4ac7-a075-259968512ef0:192.168.34.38:45833], old=null
2019-10-16 21:01:45,688 [4b287a15-77af-487b-aef7-34d1d0ee189f@group-83C26644CFDA-LeaderElection207] INFO  impl.RaftServerImpl (RaftServerImpl.java:setRole(184)) - 4b287a15-77af-487b-aef7-34d1d0ee189f@group-83C26644CFDA: changes role from CANDIDATE to FOLLOWER at term 208 for DISCOVERED_A_NEW_TERM
2019-10-16 21:01:45,689 [4b287a15-77af-487b-aef7-34d1d0ee189f@group-83C26644CFDA-LeaderElection207] INFO  impl.RoleInfo (RoleInfo.java:shutdownLeaderElection(134)) - 4b287a15-77af-487b-aef7-34d1d0ee189f: shutdown LeaderElection
2019-10-16 21:01:45,689 [4b287a15-77af-487b-aef7-34d1d0ee189f@group-83C26644CFDA-LeaderElection207] INFO  impl.RoleInfo (RoleInfo.java:updateAndGet(143)) - 4b287a15-77af-487b-aef7-34d1d0ee189f: start FollowerState
2019-10-16 21:01:45,697 [Thread-1569] INFO  impl.FollowerState (FollowerState.java:run(108)) - 4b287a15-77af-487b-aef7-34d1d0ee189f@group-83C26644CFDA-FollowerState: change to CANDIDATE, lastRpcTime:8ms, electionTimeout:8ms
2019-10-16 21:01:45,697 [Thread-1569] INFO  impl.RoleInfo (RoleInfo.java:shutdownFollowerState(121)) - 4b287a15-77af-487b-aef7-34d1d0ee189f: shutdown FollowerState
2019-10-16 21:01:45,697 [Thread-1569] INFO  impl.RaftServerImpl (RaftServerImpl.java:setRole(184)) - 4b287a15-77af-487b-aef7-34d1d0ee189f@group-83C26644CFDA: changes role from  FOLLOWER to CANDIDATE at term 208 for changeToCandidate
2019-10-16 21:01:45,697 [Thread-1569] INFO  impl.RoleInfo (RoleInfo.java:updateAndGet(143)) - 4b287a15-77af-487b-aef7-34d1d0ee189f: start LeaderElection
2019-10-16 21:01:45,710 [4b287a15-77af-487b-aef7-34d1d0ee189f@group-83C26644CFDA-LeaderElection208] INFO  impl.LeaderElection (LeaderElection.java:askForVotes(178)) - 4b287a15-77af-487b-aef7-34d1d0ee189f@group-83C26644CFDA-LeaderElection208: begin an election at term 209 for -1: [4b287a15-77af-487b-aef7-34d1d0ee189f:192.168.34.38:38597, 0aa3649f-570d-46c6-937f-492d7f3a8364:192.168.34.38:33209, 4a03179f-3169-4ac7-a075-259968512ef0:192.168.34.38:45833], old=null
2019-10-16 21:01:45,712 [grpc-default-executor-2] INFO  impl.RaftServerImpl (RaftServerImpl.java:setRole(184)) - 4a03179f-3169-4ac7-a075-259968512ef0@group-83C26644CFDA: changes role from  FOLLOWER to FOLLOWER at term 209 for recognizeCandidate:4b287a15-77af-487b-aef7-34d1d0ee189f
2019-10-16 21:01:45,712 [grpc-default-executor-1] INFO  impl.RaftServerImpl (RaftServerImpl.java:setRole(184)) - 0aa3649f-570d-46c6-937f-492d7f3a8364@group-83C26644CFDA: changes role from  FOLLOWER to FOLLOWER at term 209 for recognizeCandidate:4b287a15-77af-487b-aef7-34d1d0ee189f
2019-10-16 21:01:45,712 [grpc-default-executor-2] INFO  impl.RoleInfo (RoleInfo.java:shutdownFollowerState(121)) - 4a03179f-3169-4ac7-a075-259968512ef0: shutdown FollowerState
2019-10-16 21:01:45,712 [grpc-default-executor-1] INFO  impl.RoleInfo (RoleInfo.java:shutdownFollowerState(121)) - 0aa3649f-570d-46c6-937f-492d7f3a8364: shutdown FollowerState
2019-10-16 21:01:45,713 [grpc-default-executor-2] INFO  impl.RoleInfo (RoleInfo.java:updateAndGet(143)) - 4a03179f-3169-4ac7-a075-259968512ef0: start FollowerState
2019-10-16 21:01:45,713 [Thread-1567] INFO  impl.FollowerState (FollowerState.java:run(117)) - 0aa3649f-570d-46c6-937f-492d7f3a8364@group-83C26644CFDA-FollowerState was interrupted: java.lang.InterruptedException: sleep interrupted
2019-10-16 21:01:45,713 [Thread-1568] INFO  impl.FollowerState (FollowerState.java:run(117)) - 4a03179f-3169-4ac7-a075-259968512ef0@group-83C26644CFDA-FollowerState was interrupted: java.lang.InterruptedException: sleep interrupted
2019-10-16 21:01:45,713 [grpc-default-executor-1] INFO  impl.RoleInfo (RoleInfo.java:updateAndGet(143)) - 0aa3649f-570d-46c6-937f-492d7f3a8364: start FollowerState
2019-10-16 21:01:45,727 [4b287a15-77af-487b-aef7-34d1d0ee189f@group-83C26644CFDA-LeaderElection208] INFO  impl.LeaderElection (LeaderElection.java:logAndReturn(56)) - 4b287a15-77af-487b-aef7-34d1d0ee189f@group-83C26644CFDA-LeaderElection208: Election REJECTED; received 2 response(s) [4b287a15-77af-487b-aef7-34d1d0ee189f<-0aa3649f-570d-46c6-937f-492d7f3a8364#0:FAIL-t209, 4b287a15-77af-487b-aef7-34d1d0ee189f<-4a03179f-3169-4ac7-a075-259968512ef0#0:FAIL-t209] and 0 exception(s); 4b287a15-77af-487b-aef7-34d1d0ee189f@group-83C26644CFDA:t209, leader=null, voted=4b287a15-77af-487b-aef7-34d1d0ee189f, raftlog=4b287a15-77af-487b-aef7-34d1d0ee189f@group-83C26644CFDA-SegmentedRaftLog:OPENED:c-1,f-1,i0, conf=-1: [4b287a15-77af-487b-aef7-34d1d0ee189f:192.168.34.38:38597, 0aa3649f-570d-46c6-937f-492d7f3a8364:192.168.34.38:33209, 4a03179f-3169-4ac7-a075-259968512ef0:192.168.34.38:45833], old=null
2019-10-16 21:01:45,727 [4b287a15-77af-487b-aef7-34d1d0ee189f@group-83C26644CFDA-LeaderElection208] INFO  impl.RaftServerImpl (RaftServerImpl.java:setRole(184)) - 4b287a15-77af-487b-aef7-34d1d0ee189f@group-83C26644CFDA: changes role from CANDIDATE to FOLLOWER at term 209 for DISCOVERED_A_NEW_TERM
2019-10-16 21:01:45,727 [4b287a15-77af-487b-aef7-34d1d0ee189f@group-83C26644CFDA-LeaderElection208] INFO  impl.RoleInfo (RoleInfo.java:shutdownLeaderElection(134)) - 4b287a15-77af-487b-aef7-34d1d0ee189f: shutdown LeaderElection
2019-10-16 21:01:45,727 [4b287a15-77af-487b-aef7-34d1d0ee189f@group-83C26644CFDA-LeaderElection208] INFO  impl.RoleInfo (RoleInfo.java:updateAndGet(143)) - 4b287a15-77af-487b-aef7-34d1d0ee189f: start FollowerState
2019-10-16 21:01:45,885 [Thread-1575] INFO  impl.FollowerState (FollowerState.java:run(108)) - 4b287a15-77af-487b-aef7-34d1d0ee189f@group-83C26644CFDA-FollowerState: change to CANDIDATE, lastRpcTime:157ms, electionTimeout:157ms
2019-10-16 21:01:45,885 [Thread-1575] INFO  impl.RoleInfo (RoleInfo.java:shutdownFollowerState(121)) - 4b287a15-77af-487b-aef7-34d1d0ee189f: shutdown FollowerState
2019-10-16 21:01:45,885 [Thread-1575] INFO  impl.RaftServerImpl (RaftServerImpl.java:setRole(184)) - 4b287a15-77af-487b-aef7-34d1d0ee189f@group-83C26644CFDA: changes role from  FOLLOWER to CANDIDATE at term 209 for changeToCandidate
2019-10-16 21:01:45,885 [Thread-1575] INFO  impl.RoleInfo (RoleInfo.java:updateAndGet(143)) - 4b287a15-77af-487b-aef7-34d1d0ee189f: start LeaderElection
2019-10-16 21:01:45,911 [4b287a15-77af-487b-aef7-34d1d0ee189f@group-83C26644CFDA-LeaderElection209] INFO  impl.LeaderElection (LeaderElection.java:askForVotes(178)) - 4b287a15-77af-487b-aef7-34d1d0ee189f@group-83C26644CFDA-LeaderElection209: begin an election at term 210 for -1: [4b287a15-77af-487b-aef7-34d1d0ee189f:192.168.34.38:38597, 0aa3649f-570d-46c6-937f-492d7f3a8364:192.168.34.38:33209, 4a03179f-3169-4ac7-a075-259968512ef0:192.168.34.38:45833], old=null
2019-10-16 21:01:45,912 [grpc-default-executor-2] INFO  impl.RaftServerImpl (RaftServerImpl.java:setRole(184)) - 4a03179f-3169-4ac7-a075-259968512ef0@group-83C26644CFDA: changes role from  FOLLOWER to FOLLOWER at term 210 for recognizeCandidate:4b287a15-77af-487b-aef7-34d1d0ee189f
2019-10-16 21:01:45,912 [grpc-default-executor-1] INFO  impl.RaftServerImpl (RaftServerImpl.java:setRole(184)) - 0aa3649f-570d-46c6-937f-492d7f3a8364@group-83C26644CFDA: changes role from  FOLLOWER to FOLLOWER at term 210 for recognizeCandidate:4b287a15-77af-487b-aef7-34d1d0ee189f
2019-10-16 21:01:45,912 [grpc-default-executor-2] INFO  impl.RoleInfo (RoleInfo.java:shutdownFollowerState(121)) - 4a03179f-3169-4ac7-a075-259968512ef0: shutdown FollowerState
2019-10-16 21:01:45,913 [grpc-default-executor-1] INFO  impl.RoleInfo (RoleInfo.java:shutdownFollowerState(121)) - 0aa3649f-570d-46c6-937f-492d7f3a8364: shutdown FollowerState
2019-10-16 21:01:45,913 [Thread-1573] INFO  impl.FollowerState (FollowerState.java:run(117)) - 4a03179f-3169-4ac7-a075-259968512ef0@group-83C26644CFDA-FollowerState was interrupted: java.lang.InterruptedException: sleep interrupted
2019-10-16 21:01:45,913 [grpc-default-executor-2] INFO  impl.RoleInfo (RoleInfo.java:updateAndGet(143)) - 4a03179f-3169-4ac7-a075-259968512ef0: start FollowerState
2019-10-16 21:01:45,913 [Thread-1574] INFO  impl.FollowerState (FollowerState.java:run(117)) - 0aa3649f-570d-46c6-937f-492d7f3a8364@group-83C26644CFDA-FollowerState was interrupted: java.lang.InterruptedException: sleep interrupted
2019-10-16 21:01:45,913 [grpc-default-executor-1] INFO  impl.RoleInfo (RoleInfo.java:updateAndGet(143)) - 0aa3649f-570d-46c6-937f-492d7f3a8364: start FollowerState
2019-10-16 21:01:45,927 [4b287a15-77af-487b-aef7-34d1d0ee189f@group-83C26644CFDA-LeaderElection209] INFO  impl.LeaderElection (LeaderElection.java:logAndReturn(56)) - 4b287a15-77af-487b-aef7-34d1d0ee189f@group-83C26644CFDA-LeaderElection209: Election REJECTED; received 2 response(s) [4b287a15-77af-487b-aef7-34d1d0ee189f<-0aa3649f-570d-46c6-937f-492d7f3a8364#0:FAIL-t210, 4b287a15-77af-487b-aef7-34d1d0ee189f<-4a03179f-3169-4ac7-a075-259968512ef0#0:FAIL-t210] and 0 exception(s); 4b287a15-77af-487b-aef7-34d1d0ee189f@group-83C26644CFDA:t210, leader=null, voted=4b287a15-77af-487b-aef7-34d1d0ee189f, raftlog=4b287a15-77af-487b-aef7-34d1d0ee189f@group-83C26644CFDA-SegmentedRaftLog:OPENED:c-1,f-1,i0, conf=-1: [4b287a15-77af-487b-aef7-34d1d0ee189f:192.168.34.38:38597, 0aa3649f-570d-46c6-937f-492d7f3a8364:192.168.34.38:33209, 4a03179f-3169-4ac7-a075-259968512ef0:192.168.34.38:45833], old=null
2019-10-16 21:01:45,927 [4b287a15-77af-487b-aef7-34d1d0ee189f@group-83C26644CFDA-LeaderElection209] INFO  impl.RaftServerImpl (RaftServerImpl.java:setRole(184)) - 4b287a15-77af-487b-aef7-34d1d0ee189f@group-83C26644CFDA: changes role from CANDIDATE to FOLLOWER at term 210 for DISCOVERED_A_NEW_TERM
2019-10-16 21:01:45,928 [4b287a15-77af-487b-aef7-34d1d0ee189f@group-83C26644CFDA-LeaderElection209] INFO  impl.RoleInfo (RoleInfo.java:shutdownLeaderElection(134)) - 4b287a15-77af-487b-aef7-34d1d0ee189f: shutdown LeaderElection
2019-10-16 21:01:45,928 [4b287a15-77af-487b-aef7-34d1d0ee189f@group-83C26644CFDA-LeaderElection209] INFO  impl.RoleInfo (RoleInfo.java:updateAndGet(143)) - 4b287a15-77af-487b-aef7-34d1d0ee189f: start FollowerState
2019-10-16 21:01:46,007 [Thread-1581] INFO  impl.FollowerState (FollowerState.java:run(108)) - 4b287a15-77af-487b-aef7-34d1d0ee189f@group-83C26644CFDA-FollowerState: change to CANDIDATE, lastRpcTime:79ms, electionTimeout:79ms
2019-10-16 21:01:46,007 [Thread-1581] INFO  impl.RoleInfo (RoleInfo.java:shutdownFollowerState(121)) - 4b287a15-77af-487b-aef7-34d1d0ee189f: shutdown FollowerState
2019-10-16 21:01:46,007 [Thread-1581] INFO  impl.RaftServerImpl (RaftServerImpl.java:setRole(184)) - 4b287a15-77af-487b-aef7-34d1d0ee189f@group-83C26644CFDA: changes role from  FOLLOWER to CANDIDATE at term 210 for changeToCandidate
2019-10-16 21:01:46,007 [Thread-1581] INFO  impl.RoleInfo (RoleInfo.java:updateAndGet(143)) - 4b287a15-77af-487b-aef7-34d1d0ee189f: start LeaderElection
2019-10-16 21:01:46,036 [4b287a15-77af-487b-aef7-34d1d0ee189f@group-83C26644CFDA-LeaderElection210] INFO  impl.LeaderElection (LeaderElection.java:askForVotes(178)) - 4b287a15-77af-487b-aef7-34d1d0ee189f@group-83C26644CFDA-LeaderElection210: begin an election at term 211 for -1: [4b287a15-77af-487b-aef7-34d1d0ee189f:192.168.34.38:38597, 0aa3649f-570d-46c6-937f-492d7f3a8364:192.168.34.38:33209, 4a03179f-3169-4ac7-a075-259968512ef0:192.168.34.38:45833], old=null
2019-10-16 21:01:46,039 [grpc-default-executor-1] INFO  impl.RaftServerImpl (RaftServerImpl.java:setRole(184)) - 0aa3649f-570d-46c6-937f-492d7f3a8364@group-83C26644CFDA: changes role from  FOLLOWER to FOLLOWER at term 211 for recognizeCandidate:4b287a15-77af-487b-aef7-34d1d0ee189f
2019-10-16 21:01:46,039 [grpc-default-executor-2] INFO  impl.RaftServerImpl (RaftServerImpl.java:setRole(184)) - 4a03179f-3169-4ac7-a075-259968512ef0@group-83C26644CFDA: changes role from  FOLLOWER to FOLLOWER at term 211 for recognizeCandidate:4b287a15-77af-487b-aef7-34d1d0ee189f
2019-10-16 21:01:46,039 [grpc-default-executor-1] INFO  impl.RoleInfo (RoleInfo.java:shutdownFollowerState(121)) - 0aa3649f-570d-46c6-937f-492d7f3a8364: shutdown FollowerState
2019-10-16 21:01:46,039 [grpc-default-executor-2] INFO  impl.RoleInfo (RoleInfo.java:shutdownFollowerState(121)) - 4a03179f-3169-4ac7-a075-259968512ef0: shutdown FollowerState
2019-10-16 21:01:46,040 [Thread-1580] INFO  impl.FollowerState (FollowerState.java:run(117)) - 0aa3649f-570d-46c6-937f-492d7f3a8364@group-83C26644CFDA-FollowerState was interrupted: java.lang.InterruptedException: sleep interrupted
2019-10-16 21:01:46,040 [Thread-1579] INFO  impl.FollowerState (FollowerState.java:run(117)) - 4a03179f-3169-4ac7-a075-259968512ef0@group-83C26644CFDA-FollowerState was interrupted: java.lang.InterruptedException: sleep interrupted
2019-10-16 21:01:46,040 [grpc-default-executor-1] INFO  impl.RoleInfo (RoleInfo.java:updateAndGet(143)) - 0aa3649f-570d-46c6-937f-492d7f3a8364: start FollowerState
2019-10-16 21:01:46,040 [grpc-default-executor-2] INFO  impl.RoleInfo (RoleInfo.java:updateAndGet(143)) - 4a03179f-3169-4ac7-a075-259968512ef0: start FollowerState
2019-10-16 21:01:46,060 [4b287a15-77af-487b-aef7-34d1d0ee189f@group-83C26644CFDA-LeaderElection210] INFO  impl.LeaderElection (LeaderElection.java:logAndReturn(56)) - 4b287a15-77af-487b-aef7-34d1d0ee189f@group-83C26644CFDA-LeaderElection210: Election REJECTED; received 2 response(s) [4b287a15-77af-487b-aef7-34d1d0ee189f<-0aa3649f-570d-46c6-937f-492d7f3a8364#0:FAIL-t211, 4b287a15-77af-487b-aef7-34d1d0ee189f<-4a03179f-3169-4ac7-a075-259968512ef0#0:FAIL-t211] and 0 exception(s); 4b287a15-77af-487b-aef7-34d1d0ee189f@group-83C26644CFDA:t211, leader=null, voted=4b287a15-77af-487b-aef7-34d1d0ee189f, raftlog=4b287a15-77af-487b-aef7-34d1d0ee189f@group-83C26644CFDA-SegmentedRaftLog:OPENED:c-1,f-1,i0, conf=-1: [4b287a15-77af-487b-aef7-34d1d0ee189f:192.168.34.38:38597, 0aa3649f-570d-46c6-937f-492d7f3a8364:192.168.34.38:33209, 4a03179f-3169-4ac7-a075-259968512ef0:192.168.34.38:45833], old=null
2019-10-16 21:01:46,060 [4b287a15-77af-487b-aef7-34d1d0ee189f@group-83C26644CFDA-LeaderElection210] INFO  impl.RaftServerImpl (RaftServerImpl.java:setRole(184)) - 4b287a15-77af-487b-aef7-34d1d0ee189f@group-83C26644CFDA: changes role from CANDIDATE to FOLLOWER at term 211 for DISCOVERED_A_NEW_TERM
2019-10-16 21:01:46,060 [4b287a15-77af-487b-aef7-34d1d0ee189f@group-83C26644CFDA-LeaderElection210] INFO  impl.RoleInfo (RoleInfo.java:shutdownLeaderElection(134)) - 4b287a15-77af-487b-aef7-34d1d0ee189f: shutdown LeaderElection
2019-10-16 21:01:46,060 [4b287a15-77af-487b-aef7-34d1d0ee189f@group-83C26644CFDA-LeaderElection210] INFO  impl.RoleInfo (RoleInfo.java:updateAndGet(143)) - 4b287a15-77af-487b-aef7-34d1d0ee189f: start FollowerState
2019-10-16 21:01:46,218 [Thread-1587] INFO  impl.FollowerState (FollowerState.java:run(108)) - 4b287a15-77af-487b-aef7-34d1d0ee189f@group-83C26644CFDA-FollowerState: change to CANDIDATE, lastRpcTime:157ms, electionTimeout:157ms
2019-10-16 21:01:46,218 [Thread-1587] INFO  impl.RoleInfo (RoleInfo.java:shutdownFollowerState(121)) - 4b287a15-77af-487b-aef7-34d1d0ee189f: shutdown FollowerState
2019-10-16 21:01:46,218 [Thread-1587] INFO  impl.RaftServerImpl (RaftServerImpl.java:setRole(184)) - 4b287a15-77af-487b-aef7-34d1d0ee189f@group-83C26644CFDA: changes role from  FOLLOWER to CANDIDATE at term 211 for changeToCandidate
2019-10-16 21:01:46,219 [Thread-1587] INFO  impl.RoleInfo (RoleInfo.java:updateAndGet(143)) - 4b287a15-77af-487b-aef7-34d1d0ee189f: start LeaderElection
2019-10-16 21:01:46,232 [4b287a15-77af-487b-aef7-34d1d0ee189f@group-83C26644CFDA-LeaderElection211] INFO  impl.LeaderElection (LeaderElection.java:askForVotes(178)) - 4b287a15-77af-487b-aef7-34d1d0ee189f@group-83C26644CFDA-LeaderElection211: begin an election at term 212 for -1: [4b287a15-77af-487b-aef7-34d1d0ee189f:192.168.34.38:38597, 0aa3649f-570d-46c6-937f-492d7f3a8364:192.168.34.38:33209, 4a03179f-3169-4ac7-a075-259968512ef0:192.168.34.38:45833], old=null
2019-10-16 21:01:46,235 [grpc-default-executor-2] INFO  impl.RaftServerImpl (RaftServerImpl.java:setRole(184)) - 4a03179f-3169-4ac7-a075-259968512ef0@group-83C26644CFDA: changes role from  FOLLOWER to FOLLOWER at term 212 for recognizeCandidate:4b287a15-77af-487b-aef7-34d1d0ee189f
2019-10-16 21:01:46,235 [grpc-default-executor-1] INFO  impl.RaftServerImpl (RaftServerImpl.java:setRole(184)) - 0aa3649f-570d-46c6-937f-492d7f3a8364@group-83C26644CFDA: changes role from  FOLLOWER to FOLLOWER at term 212 for recognizeCandidate:4b287a15-77af-487b-aef7-34d1d0ee189f
2019-10-16 21:01:46,235 [grpc-default-executor-2] INFO  impl.RoleInfo (RoleInfo.java:shutdownFollowerState(121)) - 4a03179f-3169-4ac7-a075-259968512ef0: shutdown FollowerState
2019-10-16 21:01:46,235 [grpc-default-executor-1] INFO  impl.RoleInfo (RoleInfo.java:shutdownFollowerState(121)) - 0aa3649f-570d-46c6-937f-492d7f3a8364: shutdown FollowerState
2019-10-16 21:01:46,235 [Thread-1586] INFO  impl.FollowerState (FollowerState.java:run(117)) - 4a03179f-3169-4ac7-a075-259968512ef0@group-83C26644CFDA-FollowerState was interrupted: java.lang.InterruptedException: sleep interrupted
2019-10-16 21:01:46,235 [grpc-default-executor-2] INFO  impl.RoleInfo (RoleInfo.java:updateAndGet(143)) - 4a03179f-3169-4ac7-a075-259968512ef0: start FollowerState
2019-10-16 21:01:46,235 [Thread-1585] INFO  impl.FollowerState (FollowerState.java:run(117)) - 0aa3649f-570d-46c6-937f-492d7f3a8364@group-83C26644CFDA-FollowerState was interrupted: java.lang.InterruptedException: sleep interrupted
2019-10-16 21:01:46,235 [grpc-default-executor-1] INFO  impl.RoleInfo (RoleInfo.java:updateAndGet(143)) - 0aa3649f-570d-46c6-937f-492d7f3a8364: start FollowerState
2019-10-16 21:01:46,250 [4b287a15-77af-487b-aef7-34d1d0ee189f@group-83C26644CFDA-LeaderElection211] INFO  impl.LeaderElection (LeaderElection.java:logAndReturn(56)) - 4b287a15-77af-487b-aef7-34d1d0ee189f@group-83C26644CFDA-LeaderElection211: Election REJECTED; received 2 response(s) [4b287a15-77af-487b-aef7-34d1d0ee189f<-0aa3649f-570d-46c6-937f-492d7f3a8364#0:FAIL-t212, 4b287a15-77af-487b-aef7-34d1d0ee189f<-4a03179f-3169-4ac7-a075-259968512ef0#0:FAIL-t212] and 0 exception(s); 4b287a15-77af-487b-aef7-34d1d0ee189f@group-83C26644CFDA:t212, leader=null, voted=4b287a15-77af-487b-aef7-34d1d0ee189f, raftlog=4b287a15-77af-487b-aef7-34d1d0ee189f@group-83C26644CFDA-SegmentedRaftLog:OPENED:c-1,f-1,i0, conf=-1: [4b287a15-77af-487b-aef7-34d1d0ee189f:192.168.34.38:38597, 0aa3649f-570d-46c6-937f-492d7f3a8364:192.168.34.38:33209, 4a03179f-3169-4ac7-a075-259968512ef0:192.168.34.38:45833], old=null
2019-10-16 21:01:46,250 [4b287a15-77af-487b-aef7-34d1d0ee189f@group-83C26644CFDA-LeaderElection211] INFO  impl.RaftServerImpl (RaftServerImpl.java:setRole(184)) - 4b287a15-77af-487b-aef7-34d1d0ee189f@group-83C26644CFDA: changes role from CANDIDATE to FOLLOWER at term 212 for DISCOVERED_A_NEW_TERM
2019-10-16 21:01:46,250 [4b287a15-77af-487b-aef7-34d1d0ee189f@group-83C26644CFDA-LeaderElection211] INFO  impl.RoleInfo (RoleInfo.java:shutdownLeaderElection(134)) - 4b287a15-77af-487b-aef7-34d1d0ee189f: shutdown LeaderElection
2019-10-16 21:01:46,250 [4b287a15-77af-487b-aef7-34d1d0ee189f@group-83C26644CFDA-LeaderElection211] INFO  impl.RoleInfo (RoleInfo.java:updateAndGet(143)) - 4b287a15-77af-487b-aef7-34d1d0ee189f: start FollowerState
2019-10-16 21:01:46,313 [Thread-1593] INFO  impl.FollowerState (FollowerState.java:run(108)) - 4b287a15-77af-487b-aef7-34d1d0ee189f@group-83C26644CFDA-FollowerState: change to CANDIDATE, lastRpcTime:62ms, electionTimeout:62ms
2019-10-16 21:01:46,313 [Thread-1593] INFO  impl.RoleInfo (RoleInfo.java:shutdownFollowerState(121)) - 4b287a15-77af-487b-aef7-34d1d0ee189f: shutdown FollowerState
2019-10-16 21:01:46,313 [Thread-1593] INFO  impl.RaftServerImpl (RaftServerImpl.java:setRole(184)) - 4b287a15-77af-487b-aef7-34d1d0ee189f@group-83C26644CFDA: changes role from  FOLLOWER to CANDIDATE at term 212 for changeToCandidate
2019-10-16 21:01:46,313 [Thread-1593] INFO  impl.RoleInfo (RoleInfo.java:updateAndGet(143)) - 4b287a15-77af-487b-aef7-34d1d0ee189f: start LeaderElection
2019-10-16 21:01:46,327 [4b287a15-77af-487b-aef7-34d1d0ee189f@group-83C26644CFDA-LeaderElection212] INFO  impl.LeaderElection (LeaderElection.java:askForVotes(178)) - 4b287a15-77af-487b-aef7-34d1d0ee189f@group-83C26644CFDA-LeaderElection212: begin an election at term 213 for -1: [4b287a15-77af-487b-aef7-34d1d0ee189f:192.168.34.38:38597, 0aa3649f-570d-46c6-937f-492d7f3a8364:192.168.34.38:33209, 4a03179f-3169-4ac7-a075-259968512ef0:192.168.34.38:45833], old=null
2019-10-16 21:01:46,329 [grpc-default-executor-1] INFO  impl.RaftServerImpl (RaftServerImpl.java:setRole(184)) - 0aa3649f-570d-46c6-937f-492d7f3a8364@group-83C26644CFDA: changes role from  FOLLOWER to FOLLOWER at term 213 for recognizeCandidate:4b287a15-77af-487b-aef7-34d1d0ee189f
2019-10-16 21:01:46,329 [grpc-default-executor-1] INFO  impl.RoleInfo (RoleInfo.java:shutdownFollowerState(121)) - 0aa3649f-570d-46c6-937f-492d7f3a8364: shutdown FollowerState
2019-10-16 21:01:46,329 [grpc-default-executor-1] INFO  impl.RoleInfo (RoleInfo.java:updateAndGet(143)) - 0aa3649f-570d-46c6-937f-492d7f3a8364: start FollowerState
2019-10-16 21:01:46,329 [Thread-1592] INFO  impl.FollowerState (FollowerState.java:run(117)) - 0aa3649f-570d-46c6-937f-492d7f3a8364@group-83C26644CFDA-FollowerState was interrupted: java.lang.InterruptedException: sleep interrupted
2019-10-16 21:01:46,329 [grpc-default-executor-2] INFO  impl.RaftServerImpl (RaftServerImpl.java:setRole(184)) - 4a03179f-3169-4ac7-a075-259968512ef0@group-83C26644CFDA: changes role from  FOLLOWER to FOLLOWER at term 213 for recognizeCandidate:4b287a15-77af-487b-aef7-34d1d0ee189f
2019-10-16 21:01:46,329 [grpc-default-executor-2] INFO  impl.RoleInfo (RoleInfo.java:shutdownFollowerState(121)) - 4a03179f-3169-4ac7-a075-259968512ef0: shutdown FollowerState
2019-10-16 21:01:46,330 [grpc-default-executor-2] INFO  impl.RoleInfo (RoleInfo.java:updateAndGet(143)) - 4a03179f-3169-4ac7-a075-259968512ef0: start FollowerState
2019-10-16 21:01:46,330 [Thread-1591] INFO  impl.FollowerState (FollowerState.java:run(117)) - 4a03179f-3169-4ac7-a075-259968512ef0@group-83C26644CFDA-FollowerState was interrupted: java.lang.InterruptedException: sleep interrupted
2019-10-16 21:01:46,343 [4b287a15-77af-487b-aef7-34d1d0ee189f@group-83C26644CFDA-LeaderElection212] INFO  impl.LeaderElection (LeaderElection.java:logAndReturn(56)) - 4b287a15-77af-487b-aef7-34d1d0ee189f@group-83C26644CFDA-LeaderElection212: Election REJECTED; received 2 response(s) [4b287a15-77af-487b-aef7-34d1d0ee189f<-0aa3649f-570d-46c6-937f-492d7f3a8364#0:FAIL-t213, 4b287a15-77af-487b-aef7-34d1d0ee189f<-4a03179f-3169-4ac7-a075-259968512ef0#0:FAIL-t213] and 0 exception(s); 4b287a15-77af-487b-aef7-34d1d0ee189f@group-83C26644CFDA:t213, leader=null, voted=4b287a15-77af-487b-aef7-34d1d0ee189f, raftlog=4b287a15-77af-487b-aef7-34d1d0ee189f@group-83C26644CFDA-SegmentedRaftLog:OPENED:c-1,f-1,i0, conf=-1: [4b287a15-77af-487b-aef7-34d1d0ee189f:192.168.34.38:38597, 0aa3649f-570d-46c6-937f-492d7f3a8364:192.168.34.38:33209, 4a03179f-3169-4ac7-a075-259968512ef0:192.168.34.38:45833], old=null
2019-10-16 21:01:46,343 [4b287a15-77af-487b-aef7-34d1d0ee189f@group-83C26644CFDA-LeaderElection212] INFO  impl.RaftServerImpl (RaftServerImpl.java:setRole(184)) - 4b287a15-77af-487b-aef7-34d1d0ee189f@group-83C26644CFDA: changes role from CANDIDATE to FOLLOWER at term 213 for DISCOVERED_A_NEW_TERM
2019-10-16 21:01:46,343 [4b287a15-77af-487b-aef7-34d1d0ee189f@group-83C26644CFDA-LeaderElection212] INFO  impl.RoleInfo (RoleInfo.java:shutdownLeaderElection(134)) - 4b287a15-77af-487b-aef7-34d1d0ee189f: shutdown LeaderElection
2019-10-16 21:01:46,343 [4b287a15-77af-487b-aef7-34d1d0ee189f@group-83C26644CFDA-LeaderElection212] INFO  impl.RoleInfo (RoleInfo.java:updateAndGet(143)) - 4b287a15-77af-487b-aef7-34d1d0ee189f: start FollowerState
2019-10-16 21:01:46,355 [main] INFO  ozone.MiniOzoneClusterImpl (MiniOzoneClusterImpl.java:lambda$waitForClusterToBeReady$2(164)) - Waiting for 1 number of pipelines out of 4, to report a leader.
2019-10-16 21:01:46,470 [Thread-1599] INFO  impl.FollowerState (FollowerState.java:run(108)) - 4b287a15-77af-487b-aef7-34d1d0ee189f@group-83C26644CFDA-FollowerState: change to CANDIDATE, lastRpcTime:127ms, electionTimeout:127ms
2019-10-16 21:01:46,471 [Thread-1599] INFO  impl.RoleInfo (RoleInfo.java:shutdownFollowerState(121)) - 4b287a15-77af-487b-aef7-34d1d0ee189f: shutdown FollowerState
2019-10-16 21:01:46,471 [Thread-1599] INFO  impl.RaftServerImpl (RaftServerImpl.java:setRole(184)) - 4b287a15-77af-487b-aef7-34d1d0ee189f@group-83C26644CFDA: changes role from  FOLLOWER to CANDIDATE at term 213 for changeToCandidate
2019-10-16 21:01:46,471 [Thread-1599] INFO  impl.RoleInfo (RoleInfo.java:updateAndGet(143)) - 4b287a15-77af-487b-aef7-34d1d0ee189f: start LeaderElection
2019-10-16 21:01:46,485 [4b287a15-77af-487b-aef7-34d1d0ee189f@group-83C26644CFDA-LeaderElection213] INFO  impl.LeaderElection (LeaderElection.java:askForVotes(178)) - 4b287a15-77af-487b-aef7-34d1d0ee189f@group-83C26644CFDA-LeaderElection213: begin an election at term 214 for -1: [4b287a15-77af-487b-aef7-34d1d0ee189f:192.168.34.38:38597, 0aa3649f-570d-46c6-937f-492d7f3a8364:192.168.34.38:33209, 4a03179f-3169-4ac7-a075-259968512ef0:192.168.34.38:45833], old=null
2019-10-16 21:01:46,487 [grpc-default-executor-1] INFO  impl.RaftServerImpl (RaftServerImpl.java:setRole(184)) - 4a03179f-3169-4ac7-a075-259968512ef0@group-83C26644CFDA: changes role from  FOLLOWER to FOLLOWER at term 214 for recognizeCandidate:4b287a15-77af-487b-aef7-34d1d0ee189f
2019-10-16 21:01:46,487 [grpc-default-executor-2] INFO  impl.RaftServerImpl (RaftServerImpl.java:setRole(184)) - 0aa3649f-570d-46c6-937f-492d7f3a8364@group-83C26644CFDA: changes role from  FOLLOWER to FOLLOWER at term 214 for recognizeCandidate:4b287a15-77af-487b-aef7-34d1d0ee189f
2019-10-16 21:01:46,487 [grpc-default-executor-2] INFO  impl.RoleInfo (RoleInfo.java:shutdownFollowerState(121)) - 0aa3649f-570d-46c6-937f-492d7f3a8364: shutdown FollowerState
2019-10-16 21:01:46,487 [grpc-default-executor-1] INFO  impl.RoleInfo (RoleInfo.java:shutdownFollowerState(121)) - 4a03179f-3169-4ac7-a075-259968512ef0: shutdown FollowerState
2019-10-16 21:01:46,487 [Thread-1597] INFO  impl.FollowerState (FollowerState.java:run(117)) - 0aa3649f-570d-46c6-937f-492d7f3a8364@group-83C26644CFDA-FollowerState was interrupted: java.lang.InterruptedException: sleep interrupted
2019-10-16 21:01:46,487 [grpc-default-executor-2] INFO  impl.RoleInfo (RoleInfo.java:updateAndGet(143)) - 0aa3649f-570d-46c6-937f-492d7f3a8364: start FollowerState
2019-10-16 21:01:46,487 [grpc-default-executor-1] INFO  impl.RoleInfo (RoleInfo.java:updateAndGet(143)) - 4a03179f-3169-4ac7-a075-259968512ef0: start FollowerState
2019-10-16 21:01:46,487 [Thread-1598] INFO  impl.FollowerState (FollowerState.java:run(117)) - 4a03179f-3169-4ac7-a075-259968512ef0@group-83C26644CFDA-FollowerState was interrupted: java.lang.InterruptedException: sleep interrupted
2019-10-16 21:01:46,502 [4b287a15-77af-487b-aef7-34d1d0ee189f@group-83C26644CFDA-LeaderElection213] INFO  impl.LeaderElection (LeaderElection.java:logAndReturn(56)) - 4b287a15-77af-487b-aef7-34d1d0ee189f@group-83C26644CFDA-LeaderElection213: Election REJECTED; received 2 response(s) [4b287a15-77af-487b-aef7-34d1d0ee189f<-0aa3649f-570d-46c6-937f-492d7f3a8364#0:FAIL-t214, 4b287a15-77af-487b-aef7-34d1d0ee189f<-4a03179f-3169-4ac7-a075-259968512ef0#0:FAIL-t214] and 0 exception(s); 4b287a15-77af-487b-aef7-34d1d0ee189f@group-83C26644CFDA:t214, leader=null, voted=4b287a15-77af-487b-aef7-34d1d0ee189f, raftlog=4b287a15-77af-487b-aef7-34d1d0ee189f@group-83C26644CFDA-SegmentedRaftLog:OPENED:c-1,f-1,i0, conf=-1: [4b287a15-77af-487b-aef7-34d1d0ee189f:192.168.34.38:38597, 0aa3649f-570d-46c6-937f-492d7f3a8364:192.168.34.38:33209, 4a03179f-3169-4ac7-a075-259968512ef0:192.168.34.38:45833], old=null
2019-10-16 21:01:46,502 [4b287a15-77af-487b-aef7-34d1d0ee189f@group-83C26644CFDA-LeaderElection213] INFO  impl.RaftServerImpl (RaftServerImpl.java:setRole(184)) - 4b287a15-77af-487b-aef7-34d1d0ee189f@group-83C26644CFDA: changes role from CANDIDATE to FOLLOWER at term 214 for DISCOVERED_A_NEW_TERM
2019-10-16 21:01:46,502 [4b287a15-77af-487b-aef7-34d1d0ee189f@group-83C26644CFDA-LeaderElection213] INFO  impl.RoleInfo (RoleInfo.java:shutdownLeaderElection(134)) - 4b287a15-77af-487b-aef7-34d1d0ee189f: shutdown LeaderElection
2019-10-16 21:01:46,502 [4b287a15-77af-487b-aef7-34d1d0ee189f@group-83C26644CFDA-LeaderElection213] INFO  impl.RoleInfo (RoleInfo.java:updateAndGet(143)) - 4b287a15-77af-487b-aef7-34d1d0ee189f: start FollowerState
2019-10-16 21:01:46,694 [Thread-1605] INFO  impl.FollowerState (FollowerState.java:run(108)) - 4b287a15-77af-487b-aef7-34d1d0ee189f@group-83C26644CFDA-FollowerState: change to CANDIDATE, lastRpcTime:192ms, electionTimeout:192ms
2019-10-16 21:01:46,695 [Thread-1605] INFO  impl.RoleInfo (RoleInfo.java:shutdownFollowerState(121)) - 4b287a15-77af-487b-aef7-34d1d0ee189f: shutdown FollowerState
2019-10-16 21:01:46,695 [Thread-1605] INFO  impl.RaftServerImpl (RaftServerImpl.java:setRole(184)) - 4b287a15-77af-487b-aef7-34d1d0ee189f@group-83C26644CFDA: changes role from  FOLLOWER to CANDIDATE at term 214 for changeToCandidate
2019-10-16 21:01:46,695 [Thread-1605] INFO  impl.RoleInfo (RoleInfo.java:updateAndGet(143)) - 4b287a15-77af-487b-aef7-34d1d0ee189f: start LeaderElection
2019-10-16 21:01:46,708 [4b287a15-77af-487b-aef7-34d1d0ee189f@group-83C26644CFDA-LeaderElection214] INFO  impl.LeaderElection (LeaderElection.java:askForVotes(178)) - 4b287a15-77af-487b-aef7-34d1d0ee189f@group-83C26644CFDA-LeaderElection214: begin an election at term 215 for -1: [4b287a15-77af-487b-aef7-34d1d0ee189f:192.168.34.38:38597, 0aa3649f-570d-46c6-937f-492d7f3a8364:192.168.34.38:33209, 4a03179f-3169-4ac7-a075-259968512ef0:192.168.34.38:45833], old=null
2019-10-16 21:01:46,710 [grpc-default-executor-1] INFO  impl.RaftServerImpl (RaftServerImpl.java:setRole(184)) - 4a03179f-3169-4ac7-a075-259968512ef0@group-83C26644CFDA: changes role from  FOLLOWER to FOLLOWER at term 215 for recognizeCandidate:4b287a15-77af-487b-aef7-34d1d0ee189f
2019-10-16 21:01:46,710 [grpc-default-executor-1] INFO  impl.RoleInfo (RoleInfo.java:shutdownFollowerState(121)) - 4a03179f-3169-4ac7-a075-259968512ef0: shutdown FollowerState
2019-10-16 21:01:46,710 [grpc-default-executor-2] INFO  impl.RaftServerImpl (RaftServerImpl.java:setRole(184)) - 0aa3649f-570d-46c6-937f-492d7f3a8364@group-83C26644CFDA: changes role from  FOLLOWER to FOLLOWER at term 215 for recognizeCandidate:4b287a15-77af-487b-aef7-34d1d0ee189f
2019-10-16 21:01:46,710 [Thread-1604] INFO  impl.FollowerState (FollowerState.java:run(117)) - 4a03179f-3169-4ac7-a075-259968512ef0@group-83C26644CFDA-FollowerState was interrupted: java.lang.InterruptedException: sleep interrupted
2019-10-16 21:01:46,710 [grpc-default-executor-1] INFO  impl.RoleInfo (RoleInfo.java:updateAndGet(143)) - 4a03179f-3169-4ac7-a075-259968512ef0: start FollowerState
2019-10-16 21:01:46,711 [grpc-default-executor-2] INFO  impl.RoleInfo (RoleInfo.java:shutdownFollowerState(121)) - 0aa3649f-570d-46c6-937f-492d7f3a8364: shutdown FollowerState
2019-10-16 21:01:46,711 [grpc-default-executor-2] INFO  impl.RoleInfo (RoleInfo.java:updateAndGet(143)) - 0aa3649f-570d-46c6-937f-492d7f3a8364: start FollowerState
2019-10-16 21:01:46,711 [Thread-1603] INFO  impl.FollowerState (FollowerState.java:run(117)) - 0aa3649f-570d-46c6-937f-492d7f3a8364@group-83C26644CFDA-FollowerState was interrupted: java.lang.InterruptedException: sleep interrupted
2019-10-16 21:01:46,725 [4b287a15-77af-487b-aef7-34d1d0ee189f@group-83C26644CFDA-LeaderElection214] INFO  impl.LeaderElection (LeaderElection.java:logAndReturn(56)) - 4b287a15-77af-487b-aef7-34d1d0ee189f@group-83C26644CFDA-LeaderElection214: Election REJECTED; received 2 response(s) [4b287a15-77af-487b-aef7-34d1d0ee189f<-0aa3649f-570d-46c6-937f-492d7f3a8364#0:FAIL-t215, 4b287a15-77af-487b-aef7-34d1d0ee189f<-4a03179f-3169-4ac7-a075-259968512ef0#0:FAIL-t215] and 0 exception(s); 4b287a15-77af-487b-aef7-34d1d0ee189f@group-83C26644CFDA:t215, leader=null, voted=4b287a15-77af-487b-aef7-34d1d0ee189f, raftlog=4b287a15-77af-487b-aef7-34d1d0ee189f@group-83C26644CFDA-SegmentedRaftLog:OPENED:c-1,f-1,i0, conf=-1: [4b287a15-77af-487b-aef7-34d1d0ee189f:192.168.34.38:38597, 0aa3649f-570d-46c6-937f-492d7f3a8364:192.168.34.38:33209, 4a03179f-3169-4ac7-a075-259968512ef0:192.168.34.38:45833], old=null
2019-10-16 21:01:46,725 [4b287a15-77af-487b-aef7-34d1d0ee189f@group-83C26644CFDA-LeaderElection214] INFO  impl.RaftServerImpl (RaftServerImpl.java:setRole(184)) - 4b287a15-77af-487b-aef7-34d1d0ee189f@group-83C26644CFDA: changes role from CANDIDATE to FOLLOWER at term 215 for DISCOVERED_A_NEW_TERM
2019-10-16 21:01:46,725 [4b287a15-77af-487b-aef7-34d1d0ee189f@group-83C26644CFDA-LeaderElection214] INFO  impl.RoleInfo (RoleInfo.java:shutdownLeaderElection(134)) - 4b287a15-77af-487b-aef7-34d1d0ee189f: shutdown LeaderElection
2019-10-16 21:01:46,726 [4b287a15-77af-487b-aef7-34d1d0ee189f@group-83C26644CFDA-LeaderElection214] INFO  impl.RoleInfo (RoleInfo.java:updateAndGet(143)) - 4b287a15-77af-487b-aef7-34d1d0ee189f: start FollowerState
2019-10-16 21:01:46,811 [Thread-1611] INFO  impl.FollowerState (FollowerState.java:run(108)) - 4b287a15-77af-487b-aef7-34d1d0ee189f@group-83C26644CFDA-FollowerState: change to CANDIDATE, lastRpcTime:85ms, electionTimeout:85ms
2019-10-16 21:01:46,811 [Thread-1611] INFO  impl.RoleInfo (RoleInfo.java:shutdownFollowerState(121)) - 4b287a15-77af-487b-aef7-34d1d0ee189f: shutdown FollowerState
2019-10-16 21:01:46,811 [Thread-1611] INFO  impl.RaftServerImpl (RaftServerImpl.java:setRole(184)) - 4b287a15-77af-487b-aef7-34d1d0ee189f@group-83C26644CFDA: changes role from  FOLLOWER to CANDIDATE at term 215 for changeToCandidate
2019-10-16 21:01:46,812 [Thread-1611] INFO  impl.RoleInfo (RoleInfo.java:updateAndGet(143)) - 4b287a15-77af-487b-aef7-34d1d0ee189f: start LeaderElection
2019-10-16 21:01:46,824 [4b287a15-77af-487b-aef7-34d1d0ee189f@group-83C26644CFDA-LeaderElection215] INFO  impl.LeaderElection (LeaderElection.java:askForVotes(178)) - 4b287a15-77af-487b-aef7-34d1d0ee189f@group-83C26644CFDA-LeaderElection215: begin an election at term 216 for -1: [4b287a15-77af-487b-aef7-34d1d0ee189f:192.168.34.38:38597, 0aa3649f-570d-46c6-937f-492d7f3a8364:192.168.34.38:33209, 4a03179f-3169-4ac7-a075-259968512ef0:192.168.34.38:45833], old=null
2019-10-16 21:01:46,826 [grpc-default-executor-2] INFO  impl.RaftServerImpl (RaftServerImpl.java:setRole(184)) - 4a03179f-3169-4ac7-a075-259968512ef0@group-83C26644CFDA: changes role from  FOLLOWER to FOLLOWER at term 216 for recognizeCandidate:4b287a15-77af-487b-aef7-34d1d0ee189f
2019-10-16 21:01:46,827 [grpc-default-executor-1] INFO  impl.RaftServerImpl (RaftServerImpl.java:setRole(184)) - 0aa3649f-570d-46c6-937f-492d7f3a8364@group-83C26644CFDA: changes role from  FOLLOWER to FOLLOWER at term 216 for recognizeCandidate:4b287a15-77af-487b-aef7-34d1d0ee189f
2019-10-16 21:01:46,827 [grpc-default-executor-2] INFO  impl.RoleInfo (RoleInfo.java:shutdownFollowerState(121)) - 4a03179f-3169-4ac7-a075-259968512ef0: shutdown FollowerState
2019-10-16 21:01:46,827 [grpc-default-executor-1] INFO  impl.RoleInfo (RoleInfo.java:shutdownFollowerState(121)) - 0aa3649f-570d-46c6-937f-492d7f3a8364: shutdown FollowerState
2019-10-16 21:01:46,827 [Thread-1609] INFO  impl.FollowerState (FollowerState.java:run(117)) - 4a03179f-3169-4ac7-a075-259968512ef0@group-83C26644CFDA-FollowerState was interrupted: java.lang.InterruptedException: sleep interrupted
2019-10-16 21:01:46,827 [Thread-1610] INFO  impl.FollowerState (FollowerState.java:run(117)) - 0aa3649f-570d-46c6-937f-492d7f3a8364@group-83C26644CFDA-FollowerState was interrupted: java.lang.InterruptedException: sleep interrupted
2019-10-16 21:01:46,827 [grpc-default-executor-1] INFO  impl.RoleInfo (RoleInfo.java:updateAndGet(143)) - 0aa3649f-570d-46c6-937f-492d7f3a8364: start FollowerState
2019-10-16 21:01:46,827 [grpc-default-executor-2] INFO  impl.RoleInfo (RoleInfo.java:updateAndGet(143)) - 4a03179f-3169-4ac7-a075-259968512ef0: start FollowerState
2019-10-16 21:01:46,841 [4b287a15-77af-487b-aef7-34d1d0ee189f@group-83C26644CFDA-LeaderElection215] INFO  impl.LeaderElection (LeaderElection.java:logAndReturn(56)) - 4b287a15-77af-487b-aef7-34d1d0ee189f@group-83C26644CFDA-LeaderElection215: Election TIMEOUT; received 0 response(s) [] and 0 exception(s); 4b287a15-77af-487b-aef7-34d1d0ee189f@group-83C26644CFDA:t216, leader=null, voted=4b287a15-77af-487b-aef7-34d1d0ee189f, raftlog=4b287a15-77af-487b-aef7-34d1d0ee189f@group-83C26644CFDA-SegmentedRaftLog:OPENED:c-1,f-1,i0, conf=-1: [4b287a15-77af-487b-aef7-34d1d0ee189f:192.168.34.38:38597, 0aa3649f-570d-46c6-937f-492d7f3a8364:192.168.34.38:33209, 4a03179f-3169-4ac7-a075-259968512ef0:192.168.34.38:45833], old=null
2019-10-16 21:01:46,845 [4b287a15-77af-487b-aef7-34d1d0ee189f@group-83C26644CFDA-LeaderElection215] INFO  impl.LeaderElection (LeaderElection.java:askForVotes(178)) - 4b287a15-77af-487b-aef7-34d1d0ee189f@group-83C26644CFDA-LeaderElection215: begin an election at term 217 for -1: [4b287a15-77af-487b-aef7-34d1d0ee189f:192.168.34.38:38597, 0aa3649f-570d-46c6-937f-492d7f3a8364:192.168.34.38:33209, 4a03179f-3169-4ac7-a075-259968512ef0:192.168.34.38:45833], old=null
2019-10-16 21:01:46,846 [grpc-default-executor-2] INFO  impl.RaftServerImpl (RaftServerImpl.java:setRole(184)) - 0aa3649f-570d-46c6-937f-492d7f3a8364@group-83C26644CFDA: changes role from  FOLLOWER to FOLLOWER at term 217 for recognizeCandidate:4b287a15-77af-487b-aef7-34d1d0ee189f
2019-10-16 21:01:46,846 [grpc-default-executor-1] INFO  impl.RaftServerImpl (RaftServerImpl.java:setRole(184)) - 4a03179f-3169-4ac7-a075-259968512ef0@group-83C26644CFDA: changes role from  FOLLOWER to FOLLOWER at term 217 for recognizeCandidate:4b287a15-77af-487b-aef7-34d1d0ee189f
2019-10-16 21:01:46,846 [grpc-default-executor-2] INFO  impl.RoleInfo (RoleInfo.java:shutdownFollowerState(121)) - 0aa3649f-570d-46c6-937f-492d7f3a8364: shutdown FollowerState
2019-10-16 21:01:46,847 [grpc-default-executor-1] INFO  impl.RoleInfo (RoleInfo.java:shutdownFollowerState(121)) - 4a03179f-3169-4ac7-a075-259968512ef0: shutdown FollowerState
2019-10-16 21:01:46,847 [Thread-1616] INFO  impl.FollowerState (FollowerState.java:run(117)) - 0aa3649f-570d-46c6-937f-492d7f3a8364@group-83C26644CFDA-FollowerState was interrupted: java.lang.InterruptedException: sleep interrupted
2019-10-16 21:01:46,847 [grpc-default-executor-2] INFO  impl.RoleInfo (RoleInfo.java:updateAndGet(143)) - 0aa3649f-570d-46c6-937f-492d7f3a8364: start FollowerState
2019-10-16 21:01:46,847 [Thread-1615] INFO  impl.FollowerState (FollowerState.java:run(117)) - 4a03179f-3169-4ac7-a075-259968512ef0@group-83C26644CFDA-FollowerState was interrupted: java.lang.InterruptedException: sleep interrupted
2019-10-16 21:01:46,847 [grpc-default-executor-1] INFO  impl.RoleInfo (RoleInfo.java:updateAndGet(143)) - 4a03179f-3169-4ac7-a075-259968512ef0: start FollowerState
2019-10-16 21:01:46,882 [4b287a15-77af-487b-aef7-34d1d0ee189f@group-83C26644CFDA-LeaderElection215] INFO  impl.LeaderElection (LeaderElection.java:logAndReturn(56)) - 4b287a15-77af-487b-aef7-34d1d0ee189f@group-83C26644CFDA-LeaderElection215: Election REJECTED; received 2 response(s) [4b287a15-77af-487b-aef7-34d1d0ee189f<-0aa3649f-570d-46c6-937f-492d7f3a8364#0:FAIL-t217, 4b287a15-77af-487b-aef7-34d1d0ee189f<-4a03179f-3169-4ac7-a075-259968512ef0#0:FAIL-t217] and 0 exception(s); 4b287a15-77af-487b-aef7-34d1d0ee189f@group-83C26644CFDA:t217, leader=null, voted=4b287a15-77af-487b-aef7-34d1d0ee189f, raftlog=4b287a15-77af-487b-aef7-34d1d0ee189f@group-83C26644CFDA-SegmentedRaftLog:OPENED:c-1,f-1,i0, conf=-1: [4b287a15-77af-487b-aef7-34d1d0ee189f:192.168.34.38:38597, 0aa3649f-570d-46c6-937f-492d7f3a8364:192.168.34.38:33209, 4a03179f-3169-4ac7-a075-259968512ef0:192.168.34.38:45833], old=null
2019-10-16 21:01:46,882 [4b287a15-77af-487b-aef7-34d1d0ee189f@group-83C26644CFDA-LeaderElection215] INFO  impl.RaftServerImpl (RaftServerImpl.java:setRole(184)) - 4b287a15-77af-487b-aef7-34d1d0ee189f@group-83C26644CFDA: changes role from CANDIDATE to FOLLOWER at term 217 for DISCOVERED_A_NEW_TERM
2019-10-16 21:01:46,882 [4b287a15-77af-487b-aef7-34d1d0ee189f@group-83C26644CFDA-LeaderElection215] INFO  impl.RoleInfo (RoleInfo.java:shutdownLeaderElection(134)) - 4b287a15-77af-487b-aef7-34d1d0ee189f: shutdown LeaderElection
2019-10-16 21:01:46,882 [4b287a15-77af-487b-aef7-34d1d0ee189f@group-83C26644CFDA-LeaderElection215] INFO  impl.RoleInfo (RoleInfo.java:updateAndGet(143)) - 4b287a15-77af-487b-aef7-34d1d0ee189f: start FollowerState
2019-10-16 21:01:46,971 [Thread-1621] INFO  impl.FollowerState (FollowerState.java:run(108)) - 4b287a15-77af-487b-aef7-34d1d0ee189f@group-83C26644CFDA-FollowerState: change to CANDIDATE, lastRpcTime:89ms, electionTimeout:89ms
2019-10-16 21:01:46,972 [Thread-1621] INFO  impl.RoleInfo (RoleInfo.java:shutdownFollowerState(121)) - 4b287a15-77af-487b-aef7-34d1d0ee189f: shutdown FollowerState
2019-10-16 21:01:46,972 [Thread-1621] INFO  impl.RaftServerImpl (RaftServerImpl.java:setRole(184)) - 4b287a15-77af-487b-aef7-34d1d0ee189f@group-83C26644CFDA: changes role from  FOLLOWER to CANDIDATE at term 217 for changeToCandidate
2019-10-16 21:01:46,972 [Thread-1621] INFO  impl.RoleInfo (RoleInfo.java:updateAndGet(143)) - 4b287a15-77af-487b-aef7-34d1d0ee189f: start LeaderElection
2019-10-16 21:01:46,987 [4b287a15-77af-487b-aef7-34d1d0ee189f@group-83C26644CFDA-LeaderElection216] INFO  impl.LeaderElection (LeaderElection.java:askForVotes(178)) - 4b287a15-77af-487b-aef7-34d1d0ee189f@group-83C26644CFDA-LeaderElection216: begin an election at term 218 for -1: [4b287a15-77af-487b-aef7-34d1d0ee189f:192.168.34.38:38597, 0aa3649f-570d-46c6-937f-492d7f3a8364:192.168.34.38:33209, 4a03179f-3169-4ac7-a075-259968512ef0:192.168.34.38:45833], old=null
2019-10-16 21:01:46,988 [grpc-default-executor-2] INFO  impl.RaftServerImpl (RaftServerImpl.java:setRole(184)) - 4a03179f-3169-4ac7-a075-259968512ef0@group-83C26644CFDA: changes role from  FOLLOWER to FOLLOWER at term 218 for recognizeCandidate:4b287a15-77af-487b-aef7-34d1d0ee189f
2019-10-16 21:01:46,988 [grpc-default-executor-1] INFO  impl.RaftServerImpl (RaftServerImpl.java:setRole(184)) - 0aa3649f-570d-46c6-937f-492d7f3a8364@group-83C26644CFDA: changes role from  FOLLOWER to FOLLOWER at term 218 for recognizeCandidate:4b287a15-77af-487b-aef7-34d1d0ee189f
2019-10-16 21:01:46,989 [grpc-default-executor-2] INFO  impl.RoleInfo (RoleInfo.java:shutdownFollowerState(121)) - 4a03179f-3169-4ac7-a075-259968512ef0: shutdown FollowerState
2019-10-16 21:01:46,989 [grpc-default-executor-1] INFO  impl.RoleInfo (RoleInfo.java:shutdownFollowerState(121)) - 0aa3649f-570d-46c6-937f-492d7f3a8364: shutdown FollowerState
2019-10-16 21:01:46,989 [Thread-1620] INFO  impl.FollowerState (FollowerState.java:run(117)) - 4a03179f-3169-4ac7-a075-259968512ef0@group-83C26644CFDA-FollowerState was interrupted: java.lang.InterruptedException: sleep interrupted
2019-10-16 21:01:46,989 [grpc-default-executor-2] INFO  impl.RoleInfo (RoleInfo.java:updateAndGet(143)) - 4a03179f-3169-4ac7-a075-259968512ef0: start FollowerState
2019-10-16 21:01:46,989 [Thread-1619] INFO  impl.FollowerState (FollowerState.java:run(117)) - 0aa3649f-570d-46c6-937f-492d7f3a8364@group-83C26644CFDA-FollowerState was interrupted: java.lang.InterruptedException: sleep interrupted
2019-10-16 21:01:46,989 [grpc-default-executor-1] INFO  impl.RoleInfo (RoleInfo.java:updateAndGet(143)) - 0aa3649f-570d-46c6-937f-492d7f3a8364: start FollowerState
2019-10-16 21:01:47,004 [4b287a15-77af-487b-aef7-34d1d0ee189f@group-83C26644CFDA-LeaderElection216] INFO  impl.LeaderElection (LeaderElection.java:logAndReturn(56)) - 4b287a15-77af-487b-aef7-34d1d0ee189f@group-83C26644CFDA-LeaderElection216: Election REJECTED; received 2 response(s) [4b287a15-77af-487b-aef7-34d1d0ee189f<-0aa3649f-570d-46c6-937f-492d7f3a8364#0:FAIL-t218, 4b287a15-77af-487b-aef7-34d1d0ee189f<-4a03179f-3169-4ac7-a075-259968512ef0#0:FAIL-t218] and 0 exception(s); 4b287a15-77af-487b-aef7-34d1d0ee189f@group-83C26644CFDA:t218, leader=null, voted=4b287a15-77af-487b-aef7-34d1d0ee189f, raftlog=4b287a15-77af-487b-aef7-34d1d0ee189f@group-83C26644CFDA-SegmentedRaftLog:OPENED:c-1,f-1,i0, conf=-1: [4b287a15-77af-487b-aef7-34d1d0ee189f:192.168.34.38:38597, 0aa3649f-570d-46c6-937f-492d7f3a8364:192.168.34.38:33209, 4a03179f-3169-4ac7-a075-259968512ef0:192.168.34.38:45833], old=null
2019-10-16 21:01:47,004 [4b287a15-77af-487b-aef7-34d1d0ee189f@group-83C26644CFDA-LeaderElection216] INFO  impl.RaftServerImpl (RaftServerImpl.java:setRole(184)) - 4b287a15-77af-487b-aef7-34d1d0ee189f@group-83C26644CFDA: changes role from CANDIDATE to FOLLOWER at term 218 for DISCOVERED_A_NEW_TERM
2019-10-16 21:01:47,004 [4b287a15-77af-487b-aef7-34d1d0ee189f@group-83C26644CFDA-LeaderElection216] INFO  impl.RoleInfo (RoleInfo.java:shutdownLeaderElection(134)) - 4b287a15-77af-487b-aef7-34d1d0ee189f: shutdown LeaderElection
2019-10-16 21:01:47,004 [4b287a15-77af-487b-aef7-34d1d0ee189f@group-83C26644CFDA-LeaderElection216] INFO  impl.RoleInfo (RoleInfo.java:updateAndGet(143)) - 4b287a15-77af-487b-aef7-34d1d0ee189f: start FollowerState
2019-10-16 21:01:47,167 [Thread-1627] INFO  impl.FollowerState (FollowerState.java:run(108)) - 4b287a15-77af-487b-aef7-34d1d0ee189f@group-83C26644CFDA-FollowerState: change to CANDIDATE, lastRpcTime:163ms, electionTimeout:163ms
2019-10-16 21:01:47,167 [Thread-1627] INFO  impl.RoleInfo (RoleInfo.java:shutdownFollowerState(121)) - 4b287a15-77af-487b-aef7-34d1d0ee189f: shutdown FollowerState
2019-10-16 21:01:47,168 [Thread-1627] INFO  impl.RaftServerImpl (RaftServerImpl.java:setRole(184)) - 4b287a15-77af-487b-aef7-34d1d0ee189f@group-83C26644CFDA: changes role from  FOLLOWER to CANDIDATE at term 218 for changeToCandidate
2019-10-16 21:01:47,168 [Thread-1627] INFO  impl.RoleInfo (RoleInfo.java:updateAndGet(143)) - 4b287a15-77af-487b-aef7-34d1d0ee189f: start LeaderElection
2019-10-16 21:01:47,190 [4b287a15-77af-487b-aef7-34d1d0ee189f@group-83C26644CFDA-LeaderElection217] INFO  impl.LeaderElection (LeaderElection.java:askForVotes(178)) - 4b287a15-77af-487b-aef7-34d1d0ee189f@group-83C26644CFDA-LeaderElection217: begin an election at term 219 for -1: [4b287a15-77af-487b-aef7-34d1d0ee189f:192.168.34.38:38597, 0aa3649f-570d-46c6-937f-492d7f3a8364:192.168.34.38:33209, 4a03179f-3169-4ac7-a075-259968512ef0:192.168.34.38:45833], old=null
2019-10-16 21:01:47,192 [grpc-default-executor-1] INFO  impl.RaftServerImpl (RaftServerImpl.java:setRole(184)) - 4a03179f-3169-4ac7-a075-259968512ef0@group-83C26644CFDA: changes role from  FOLLOWER to FOLLOWER at term 219 for recognizeCandidate:4b287a15-77af-487b-aef7-34d1d0ee189f
2019-10-16 21:01:47,192 [grpc-default-executor-1] INFO  impl.RoleInfo (RoleInfo.java:shutdownFollowerState(121)) - 4a03179f-3169-4ac7-a075-259968512ef0: shutdown FollowerState
2019-10-16 21:01:47,192 [grpc-default-executor-2] INFO  impl.RaftServerImpl (RaftServerImpl.java:setRole(184)) - 0aa3649f-570d-46c6-937f-492d7f3a8364@group-83C26644CFDA: changes role from  FOLLOWER to FOLLOWER at term 219 for recognizeCandidate:4b287a15-77af-487b-aef7-34d1d0ee189f
2019-10-16 21:01:47,192 [grpc-default-executor-2] INFO  impl.RoleInfo (RoleInfo.java:shutdownFollowerState(121)) - 0aa3649f-570d-46c6-937f-492d7f3a8364: shutdown FollowerState
2019-10-16 21:01:47,192 [Thread-1625] INFO  impl.FollowerState (FollowerState.java:run(117)) - 4a03179f-3169-4ac7-a075-259968512ef0@group-83C26644CFDA-FollowerState was interrupted: java.lang.InterruptedException: sleep interrupted
2019-10-16 21:01:47,192 [grpc-default-executor-1] INFO  impl.RoleInfo (RoleInfo.java:updateAndGet(143)) - 4a03179f-3169-4ac7-a075-259968512ef0: start FollowerState
2019-10-16 21:01:47,192 [Thread-1626] INFO  impl.FollowerState (FollowerState.java:run(117)) - 0aa3649f-570d-46c6-937f-492d7f3a8364@group-83C26644CFDA-FollowerState was interrupted: java.lang.InterruptedException: sleep interrupted
2019-10-16 21:01:47,192 [grpc-default-executor-2] INFO  impl.RoleInfo (RoleInfo.java:updateAndGet(143)) - 0aa3649f-570d-46c6-937f-492d7f3a8364: start FollowerState
2019-10-16 21:01:47,193 [4b287a15-77af-487b-aef7-34d1d0ee189f@group-83C26644CFDA-LeaderElection217] INFO  impl.LeaderElection (LeaderElection.java:logAndReturn(56)) - 4b287a15-77af-487b-aef7-34d1d0ee189f@group-83C26644CFDA-LeaderElection217: Election TIMEOUT; received 0 response(s) [] and 0 exception(s); 4b287a15-77af-487b-aef7-34d1d0ee189f@group-83C26644CFDA:t219, leader=null, voted=4b287a15-77af-487b-aef7-34d1d0ee189f, raftlog=4b287a15-77af-487b-aef7-34d1d0ee189f@group-83C26644CFDA-SegmentedRaftLog:OPENED:c-1,f-1,i0, conf=-1: [4b287a15-77af-487b-aef7-34d1d0ee189f:192.168.34.38:38597, 0aa3649f-570d-46c6-937f-492d7f3a8364:192.168.34.38:33209, 4a03179f-3169-4ac7-a075-259968512ef0:192.168.34.38:45833], old=null
2019-10-16 21:01:47,208 [4b287a15-77af-487b-aef7-34d1d0ee189f@group-83C26644CFDA-LeaderElection217] INFO  impl.LeaderElection (LeaderElection.java:askForVotes(178)) - 4b287a15-77af-487b-aef7-34d1d0ee189f@group-83C26644CFDA-LeaderElection217: begin an election at term 220 for -1: [4b287a15-77af-487b-aef7-34d1d0ee189f:192.168.34.38:38597, 0aa3649f-570d-46c6-937f-492d7f3a8364:192.168.34.38:33209, 4a03179f-3169-4ac7-a075-259968512ef0:192.168.34.38:45833], old=null
2019-10-16 21:01:47,209 [grpc-default-executor-2] INFO  impl.RaftServerImpl (RaftServerImpl.java:setRole(184)) - 4a03179f-3169-4ac7-a075-259968512ef0@group-83C26644CFDA: changes role from  FOLLOWER to FOLLOWER at term 220 for recognizeCandidate:4b287a15-77af-487b-aef7-34d1d0ee189f
2019-10-16 21:01:47,209 [grpc-default-executor-2] INFO  impl.RoleInfo (RoleInfo.java:shutdownFollowerState(121)) - 4a03179f-3169-4ac7-a075-259968512ef0: shutdown FollowerState
2019-10-16 21:01:47,210 [grpc-default-executor-1] INFO  impl.RaftServerImpl (RaftServerImpl.java:setRole(184)) - 0aa3649f-570d-46c6-937f-492d7f3a8364@group-83C26644CFDA: changes role from  FOLLOWER to FOLLOWER at term 220 for recognizeCandidate:4b287a15-77af-487b-aef7-34d1d0ee189f
2019-10-16 21:01:47,210 [grpc-default-executor-1] INFO  impl.RoleInfo (RoleInfo.java:shutdownFollowerState(121)) - 0aa3649f-570d-46c6-937f-492d7f3a8364: shutdown FollowerState
2019-10-16 21:01:47,210 [Thread-1631] INFO  impl.FollowerState (FollowerState.java:run(117)) - 4a03179f-3169-4ac7-a075-259968512ef0@group-83C26644CFDA-FollowerState was interrupted: java.lang.InterruptedException: sleep interrupted
2019-10-16 21:01:47,210 [grpc-default-executor-2] INFO  impl.RoleInfo (RoleInfo.java:updateAndGet(143)) - 4a03179f-3169-4ac7-a075-259968512ef0: start FollowerState
2019-10-16 21:01:47,210 [Thread-1632] INFO  impl.FollowerState (FollowerState.java:run(117)) - 0aa3649f-570d-46c6-937f-492d7f3a8364@group-83C26644CFDA-FollowerState was interrupted: java.lang.InterruptedException: sleep interrupted
2019-10-16 21:01:47,210 [grpc-default-executor-1] INFO  impl.RoleInfo (RoleInfo.java:updateAndGet(143)) - 0aa3649f-570d-46c6-937f-492d7f3a8364: start FollowerState
2019-10-16 21:01:47,224 [4b287a15-77af-487b-aef7-34d1d0ee189f@group-83C26644CFDA-LeaderElection217] INFO  impl.LeaderElection (LeaderElection.java:logAndReturn(56)) - 4b287a15-77af-487b-aef7-34d1d0ee189f@group-83C26644CFDA-LeaderElection217: Election REJECTED; received 2 response(s) [4b287a15-77af-487b-aef7-34d1d0ee189f<-0aa3649f-570d-46c6-937f-492d7f3a8364#0:FAIL-t220, 4b287a15-77af-487b-aef7-34d1d0ee189f<-4a03179f-3169-4ac7-a075-259968512ef0#0:FAIL-t220] and 0 exception(s); 4b287a15-77af-487b-aef7-34d1d0ee189f@group-83C26644CFDA:t220, leader=null, voted=4b287a15-77af-487b-aef7-34d1d0ee189f, raftlog=4b287a15-77af-487b-aef7-34d1d0ee189f@group-83C26644CFDA-SegmentedRaftLog:OPENED:c-1,f-1,i0, conf=-1: [4b287a15-77af-487b-aef7-34d1d0ee189f:192.168.34.38:38597, 0aa3649f-570d-46c6-937f-492d7f3a8364:192.168.34.38:33209, 4a03179f-3169-4ac7-a075-259968512ef0:192.168.34.38:45833], old=null
2019-10-16 21:01:47,224 [4b287a15-77af-487b-aef7-34d1d0ee189f@group-83C26644CFDA-LeaderElection217] INFO  impl.RaftServerImpl (RaftServerImpl.java:setRole(184)) - 4b287a15-77af-487b-aef7-34d1d0ee189f@group-83C26644CFDA: changes role from CANDIDATE to FOLLOWER at term 220 for DISCOVERED_A_NEW_TERM
2019-10-16 21:01:47,224 [4b287a15-77af-487b-aef7-34d1d0ee189f@group-83C26644CFDA-LeaderElection217] INFO  impl.RoleInfo (RoleInfo.java:shutdownLeaderElection(134)) - 4b287a15-77af-487b-aef7-34d1d0ee189f: shutdown LeaderElection
2019-10-16 21:01:47,224 [4b287a15-77af-487b-aef7-34d1d0ee189f@group-83C26644CFDA-LeaderElection217] INFO  impl.RoleInfo (RoleInfo.java:updateAndGet(143)) - 4b287a15-77af-487b-aef7-34d1d0ee189f: start FollowerState
2019-10-16 21:01:47,356 [main] INFO  ozone.MiniOzoneClusterImpl (MiniOzoneClusterImpl.java:lambda$waitForClusterToBeReady$2(164)) - Waiting for 1 number of pipelines out of 4, to report a leader.
2019-10-16 21:01:47,404 [Thread-1637] INFO  impl.FollowerState (FollowerState.java:run(108)) - 4b287a15-77af-487b-aef7-34d1d0ee189f@group-83C26644CFDA-FollowerState: change to CANDIDATE, lastRpcTime:179ms, electionTimeout:179ms
2019-10-16 21:01:47,404 [Thread-1637] INFO  impl.RoleInfo (RoleInfo.java:shutdownFollowerState(121)) - 4b287a15-77af-487b-aef7-34d1d0ee189f: shutdown FollowerState
2019-10-16 21:01:47,404 [Thread-1637] INFO  impl.RaftServerImpl (RaftServerImpl.java:setRole(184)) - 4b287a15-77af-487b-aef7-34d1d0ee189f@group-83C26644CFDA: changes role from  FOLLOWER to CANDIDATE at term 220 for changeToCandidate
2019-10-16 21:01:47,404 [Thread-1637] INFO  impl.RoleInfo (RoleInfo.java:updateAndGet(143)) - 4b287a15-77af-487b-aef7-34d1d0ee189f: start LeaderElection
2019-10-16 21:01:47,417 [4b287a15-77af-487b-aef7-34d1d0ee189f@group-83C26644CFDA-LeaderElection218] INFO  impl.LeaderElection (LeaderElection.java:askForVotes(178)) - 4b287a15-77af-487b-aef7-34d1d0ee189f@group-83C26644CFDA-LeaderElection218: begin an election at term 221 for -1: [4b287a15-77af-487b-aef7-34d1d0ee189f:192.168.34.38:38597, 0aa3649f-570d-46c6-937f-492d7f3a8364:192.168.34.38:33209, 4a03179f-3169-4ac7-a075-259968512ef0:192.168.34.38:45833], old=null
2019-10-16 21:01:47,420 [grpc-default-executor-1] INFO  impl.RaftServerImpl (RaftServerImpl.java:setRole(184)) - 0aa3649f-570d-46c6-937f-492d7f3a8364@group-83C26644CFDA: changes role from  FOLLOWER to FOLLOWER at term 221 for recognizeCandidate:4b287a15-77af-487b-aef7-34d1d0ee189f
2019-10-16 21:01:47,420 [grpc-default-executor-1] INFO  impl.RoleInfo (RoleInfo.java:shutdownFollowerState(121)) - 0aa3649f-570d-46c6-937f-492d7f3a8364: shutdown FollowerState
2019-10-16 21:01:47,420 [grpc-default-executor-2] INFO  impl.RaftServerImpl (RaftServerImpl.java:setRole(184)) - 4a03179f-3169-4ac7-a075-259968512ef0@group-83C26644CFDA: changes role from  FOLLOWER to FOLLOWER at term 221 for recognizeCandidate:4b287a15-77af-487b-aef7-34d1d0ee189f
2019-10-16 21:01:47,420 [grpc-default-executor-2] INFO  impl.RoleInfo (RoleInfo.java:shutdownFollowerState(121)) - 4a03179f-3169-4ac7-a075-259968512ef0: shutdown FollowerState
2019-10-16 21:01:47,420 [Thread-1636] INFO  impl.FollowerState (FollowerState.java:run(117)) - 0aa3649f-570d-46c6-937f-492d7f3a8364@group-83C26644CFDA-FollowerState was interrupted: java.lang.InterruptedException: sleep interrupted
2019-10-16 21:01:47,420 [grpc-default-executor-1] INFO  impl.RoleInfo (RoleInfo.java:updateAndGet(143)) - 0aa3649f-570d-46c6-937f-492d7f3a8364: start FollowerState
2019-10-16 21:01:47,420 [Thread-1635] INFO  impl.FollowerState (FollowerState.java:run(117)) - 4a03179f-3169-4ac7-a075-259968512ef0@group-83C26644CFDA-FollowerState was interrupted: java.lang.InterruptedException: sleep interrupted
2019-10-16 21:01:47,420 [grpc-default-executor-2] INFO  impl.RoleInfo (RoleInfo.java:updateAndGet(143)) - 4a03179f-3169-4ac7-a075-259968512ef0: start FollowerState
2019-10-16 21:01:47,435 [4b287a15-77af-487b-aef7-34d1d0ee189f@group-83C26644CFDA-LeaderElection218] INFO  impl.LeaderElection (LeaderElection.java:logAndReturn(56)) - 4b287a15-77af-487b-aef7-34d1d0ee189f@group-83C26644CFDA-LeaderElection218: Election REJECTED; received 2 response(s) [4b287a15-77af-487b-aef7-34d1d0ee189f<-0aa3649f-570d-46c6-937f-492d7f3a8364#0:FAIL-t221, 4b287a15-77af-487b-aef7-34d1d0ee189f<-4a03179f-3169-4ac7-a075-259968512ef0#0:FAIL-t221] and 0 exception(s); 4b287a15-77af-487b-aef7-34d1d0ee189f@group-83C26644CFDA:t221, leader=null, voted=4b287a15-77af-487b-aef7-34d1d0ee189f, raftlog=4b287a15-77af-487b-aef7-34d1d0ee189f@group-83C26644CFDA-SegmentedRaftLog:OPENED:c-1,f-1,i0, conf=-1: [4b287a15-77af-487b-aef7-34d1d0ee189f:192.168.34.38:38597, 0aa3649f-570d-46c6-937f-492d7f3a8364:192.168.34.38:33209, 4a03179f-3169-4ac7-a075-259968512ef0:192.168.34.38:45833], old=null
2019-10-16 21:01:47,435 [4b287a15-77af-487b-aef7-34d1d0ee189f@group-83C26644CFDA-LeaderElection218] INFO  impl.RaftServerImpl (RaftServerImpl.java:setRole(184)) - 4b287a15-77af-487b-aef7-34d1d0ee189f@group-83C26644CFDA: changes role from CANDIDATE to FOLLOWER at term 221 for DISCOVERED_A_NEW_TERM
2019-10-16 21:01:47,435 [4b287a15-77af-487b-aef7-34d1d0ee189f@group-83C26644CFDA-LeaderElection218] INFO  impl.RoleInfo (RoleInfo.java:shutdownLeaderElection(134)) - 4b287a15-77af-487b-aef7-34d1d0ee189f: shutdown LeaderElection
2019-10-16 21:01:47,435 [4b287a15-77af-487b-aef7-34d1d0ee189f@group-83C26644CFDA-LeaderElection218] INFO  impl.RoleInfo (RoleInfo.java:updateAndGet(143)) - 4b287a15-77af-487b-aef7-34d1d0ee189f: start FollowerState
2019-10-16 21:01:47,563 [Thread-1643] INFO  impl.FollowerState (FollowerState.java:run(108)) - 4b287a15-77af-487b-aef7-34d1d0ee189f@group-83C26644CFDA-FollowerState: change to CANDIDATE, lastRpcTime:127ms, electionTimeout:127ms
2019-10-16 21:01:47,563 [Thread-1643] INFO  impl.RoleInfo (RoleInfo.java:shutdownFollowerState(121)) - 4b287a15-77af-487b-aef7-34d1d0ee189f: shutdown FollowerState
2019-10-16 21:01:47,563 [Thread-1643] INFO  impl.RaftServerImpl (RaftServerImpl.java:setRole(184)) - 4b287a15-77af-487b-aef7-34d1d0ee189f@group-83C26644CFDA: changes role from  FOLLOWER to CANDIDATE at term 221 for changeToCandidate
2019-10-16 21:01:47,563 [Thread-1643] INFO  impl.RoleInfo (RoleInfo.java:updateAndGet(143)) - 4b287a15-77af-487b-aef7-34d1d0ee189f: start LeaderElection
2019-10-16 21:01:47,576 [4b287a15-77af-487b-aef7-34d1d0ee189f@group-83C26644CFDA-LeaderElection219] INFO  impl.LeaderElection (LeaderElection.java:askForVotes(178)) - 4b287a15-77af-487b-aef7-34d1d0ee189f@group-83C26644CFDA-LeaderElection219: begin an election at term 222 for -1: [4b287a15-77af-487b-aef7-34d1d0ee189f:192.168.34.38:38597, 0aa3649f-570d-46c6-937f-492d7f3a8364:192.168.34.38:33209, 4a03179f-3169-4ac7-a075-259968512ef0:192.168.34.38:45833], old=null
2019-10-16 21:01:47,578 [grpc-default-executor-1] INFO  impl.RaftServerImpl (RaftServerImpl.java:setRole(184)) - 4a03179f-3169-4ac7-a075-259968512ef0@group-83C26644CFDA: changes role from  FOLLOWER to FOLLOWER at term 222 for recognizeCandidate:4b287a15-77af-487b-aef7-34d1d0ee189f
2019-10-16 21:01:47,578 [grpc-default-executor-2] INFO  impl.RaftServerImpl (RaftServerImpl.java:setRole(184)) - 0aa3649f-570d-46c6-937f-492d7f3a8364@group-83C26644CFDA: changes role from  FOLLOWER to FOLLOWER at term 222 for recognizeCandidate:4b287a15-77af-487b-aef7-34d1d0ee189f
2019-10-16 21:01:47,579 [grpc-default-executor-2] INFO  impl.RoleInfo (RoleInfo.java:shutdownFollowerState(121)) - 0aa3649f-570d-46c6-937f-492d7f3a8364: shutdown FollowerState
2019-10-16 21:01:47,579 [grpc-default-executor-1] INFO  impl.RoleInfo (RoleInfo.java:shutdownFollowerState(121)) - 4a03179f-3169-4ac7-a075-259968512ef0: shutdown FollowerState
2019-10-16 21:01:47,579 [Thread-1641] INFO  impl.FollowerState (FollowerState.java:run(117)) - 0aa3649f-570d-46c6-937f-492d7f3a8364@group-83C26644CFDA-FollowerState was interrupted: java.lang.InterruptedException: sleep interrupted
2019-10-16 21:01:47,579 [grpc-default-executor-2] INFO  impl.RoleInfo (RoleInfo.java:updateAndGet(143)) - 0aa3649f-570d-46c6-937f-492d7f3a8364: start FollowerState
2019-10-16 21:01:47,579 [Thread-1642] INFO  impl.FollowerState (FollowerState.java:run(117)) - 4a03179f-3169-4ac7-a075-259968512ef0@group-83C26644CFDA-FollowerState was interrupted: java.lang.InterruptedException: sleep interrupted
2019-10-16 21:01:47,579 [grpc-default-executor-1] INFO  impl.RoleInfo (RoleInfo.java:updateAndGet(143)) - 4a03179f-3169-4ac7-a075-259968512ef0: start FollowerState
2019-10-16 21:01:47,594 [4b287a15-77af-487b-aef7-34d1d0ee189f@group-83C26644CFDA-LeaderElection219] INFO  impl.LeaderElection (LeaderElection.java:logAndReturn(56)) - 4b287a15-77af-487b-aef7-34d1d0ee189f@group-83C26644CFDA-LeaderElection219: Election REJECTED; received 2 response(s) [4b287a15-77af-487b-aef7-34d1d0ee189f<-0aa3649f-570d-46c6-937f-492d7f3a8364#0:FAIL-t222, 4b287a15-77af-487b-aef7-34d1d0ee189f<-4a03179f-3169-4ac7-a075-259968512ef0#0:FAIL-t222] and 0 exception(s); 4b287a15-77af-487b-aef7-34d1d0ee189f@group-83C26644CFDA:t222, leader=null, voted=4b287a15-77af-487b-aef7-34d1d0ee189f, raftlog=4b287a15-77af-487b-aef7-34d1d0ee189f@group-83C26644CFDA-SegmentedRaftLog:OPENED:c-1,f-1,i0, conf=-1: [4b287a15-77af-487b-aef7-34d1d0ee189f:192.168.34.38:38597, 0aa3649f-570d-46c6-937f-492d7f3a8364:192.168.34.38:33209, 4a03179f-3169-4ac7-a075-259968512ef0:192.168.34.38:45833], old=null
2019-10-16 21:01:47,594 [4b287a15-77af-487b-aef7-34d1d0ee189f@group-83C26644CFDA-LeaderElection219] INFO  impl.RaftServerImpl (RaftServerImpl.java:setRole(184)) - 4b287a15-77af-487b-aef7-34d1d0ee189f@group-83C26644CFDA: changes role from CANDIDATE to FOLLOWER at term 222 for DISCOVERED_A_NEW_TERM
2019-10-16 21:01:47,594 [4b287a15-77af-487b-aef7-34d1d0ee189f@group-83C26644CFDA-LeaderElection219] INFO  impl.RoleInfo (RoleInfo.java:shutdownLeaderElection(134)) - 4b287a15-77af-487b-aef7-34d1d0ee189f: shutdown LeaderElection
2019-10-16 21:01:47,594 [4b287a15-77af-487b-aef7-34d1d0ee189f@group-83C26644CFDA-LeaderElection219] INFO  impl.RoleInfo (RoleInfo.java:updateAndGet(143)) - 4b287a15-77af-487b-aef7-34d1d0ee189f: start FollowerState
2019-10-16 21:01:47,720 [Thread-1649] INFO  impl.FollowerState (FollowerState.java:run(108)) - 4b287a15-77af-487b-aef7-34d1d0ee189f@group-83C26644CFDA-FollowerState: change to CANDIDATE, lastRpcTime:125ms, electionTimeout:125ms
2019-10-16 21:01:47,720 [Thread-1649] INFO  impl.RoleInfo (RoleInfo.java:shutdownFollowerState(121)) - 4b287a15-77af-487b-aef7-34d1d0ee189f: shutdown FollowerState
2019-10-16 21:01:47,720 [Thread-1649] INFO  impl.RaftServerImpl (RaftServerImpl.java:setRole(184)) - 4b287a15-77af-487b-aef7-34d1d0ee189f@group-83C26644CFDA: changes role from  FOLLOWER to CANDIDATE at term 222 for changeToCandidate
2019-10-16 21:01:47,720 [Thread-1649] INFO  impl.RoleInfo (RoleInfo.java:updateAndGet(143)) - 4b287a15-77af-487b-aef7-34d1d0ee189f: start LeaderElection
2019-10-16 21:01:47,730 [4b287a15-77af-487b-aef7-34d1d0ee189f@group-83C26644CFDA-LeaderElection220] INFO  impl.LeaderElection (LeaderElection.java:askForVotes(178)) - 4b287a15-77af-487b-aef7-34d1d0ee189f@group-83C26644CFDA-LeaderElection220: begin an election at term 223 for -1: [4b287a15-77af-487b-aef7-34d1d0ee189f:192.168.34.38:38597, 0aa3649f-570d-46c6-937f-492d7f3a8364:192.168.34.38:33209, 4a03179f-3169-4ac7-a075-259968512ef0:192.168.34.38:45833], old=null
2019-10-16 21:01:47,732 [grpc-default-executor-2] INFO  impl.RaftServerImpl (RaftServerImpl.java:setRole(184)) - 0aa3649f-570d-46c6-937f-492d7f3a8364@group-83C26644CFDA: changes role from  FOLLOWER to FOLLOWER at term 223 for recognizeCandidate:4b287a15-77af-487b-aef7-34d1d0ee189f
2019-10-16 21:01:47,732 [grpc-default-executor-1] INFO  impl.RaftServerImpl (RaftServerImpl.java:setRole(184)) - 4a03179f-3169-4ac7-a075-259968512ef0@group-83C26644CFDA: changes role from  FOLLOWER to FOLLOWER at term 223 for recognizeCandidate:4b287a15-77af-487b-aef7-34d1d0ee189f
2019-10-16 21:01:47,732 [grpc-default-executor-2] INFO  impl.RoleInfo (RoleInfo.java:shutdownFollowerState(121)) - 0aa3649f-570d-46c6-937f-492d7f3a8364: shutdown FollowerState
2019-10-16 21:01:47,732 [grpc-default-executor-1] INFO  impl.RoleInfo (RoleInfo.java:shutdownFollowerState(121)) - 4a03179f-3169-4ac7-a075-259968512ef0: shutdown FollowerState
2019-10-16 21:01:47,733 [Thread-1647] INFO  impl.FollowerState (FollowerState.java:run(117)) - 0aa3649f-570d-46c6-937f-492d7f3a8364@group-83C26644CFDA-FollowerState was interrupted: java.lang.InterruptedException: sleep interrupted
2019-10-16 21:01:47,733 [grpc-default-executor-2] INFO  impl.RoleInfo (RoleInfo.java:updateAndGet(143)) - 0aa3649f-570d-46c6-937f-492d7f3a8364: start FollowerState
2019-10-16 21:01:47,733 [grpc-default-executor-1] INFO  impl.RoleInfo (RoleInfo.java:updateAndGet(143)) - 4a03179f-3169-4ac7-a075-259968512ef0: start FollowerState
2019-10-16 21:01:47,733 [Thread-1648] INFO  impl.FollowerState (FollowerState.java:run(117)) - 4a03179f-3169-4ac7-a075-259968512ef0@group-83C26644CFDA-FollowerState was interrupted: java.lang.InterruptedException: sleep interrupted
2019-10-16 21:01:47,759 [4b287a15-77af-487b-aef7-34d1d0ee189f@group-83C26644CFDA-LeaderElection220] INFO  impl.LeaderElection (LeaderElection.java:logAndReturn(56)) - 4b287a15-77af-487b-aef7-34d1d0ee189f@group-83C26644CFDA-LeaderElection220: Election REJECTED; received 2 response(s) [4b287a15-77af-487b-aef7-34d1d0ee189f<-0aa3649f-570d-46c6-937f-492d7f3a8364#0:FAIL-t223, 4b287a15-77af-487b-aef7-34d1d0ee189f<-4a03179f-3169-4ac7-a075-259968512ef0#0:FAIL-t223] and 0 exception(s); 4b287a15-77af-487b-aef7-34d1d0ee189f@group-83C26644CFDA:t223, leader=null, voted=4b287a15-77af-487b-aef7-34d1d0ee189f, raftlog=4b287a15-77af-487b-aef7-34d1d0ee189f@group-83C26644CFDA-SegmentedRaftLog:OPENED:c-1,f-1,i0, conf=-1: [4b287a15-77af-487b-aef7-34d1d0ee189f:192.168.34.38:38597, 0aa3649f-570d-46c6-937f-492d7f3a8364:192.168.34.38:33209, 4a03179f-3169-4ac7-a075-259968512ef0:192.168.34.38:45833], old=null
2019-10-16 21:01:47,760 [4b287a15-77af-487b-aef7-34d1d0ee189f@group-83C26644CFDA-LeaderElection220] INFO  impl.RaftServerImpl (RaftServerImpl.java:setRole(184)) - 4b287a15-77af-487b-aef7-34d1d0ee189f@group-83C26644CFDA: changes role from CANDIDATE to FOLLOWER at term 223 for DISCOVERED_A_NEW_TERM
2019-10-16 21:01:47,760 [4b287a15-77af-487b-aef7-34d1d0ee189f@group-83C26644CFDA-LeaderElection220] INFO  impl.RoleInfo (RoleInfo.java:shutdownLeaderElection(134)) - 4b287a15-77af-487b-aef7-34d1d0ee189f: shutdown LeaderElection
2019-10-16 21:01:47,760 [4b287a15-77af-487b-aef7-34d1d0ee189f@group-83C26644CFDA-LeaderElection220] INFO  impl.RoleInfo (RoleInfo.java:updateAndGet(143)) - 4b287a15-77af-487b-aef7-34d1d0ee189f: start FollowerState
2019-10-16 21:01:47,857 [Thread-1655] INFO  impl.FollowerState (FollowerState.java:run(108)) - 4b287a15-77af-487b-aef7-34d1d0ee189f@group-83C26644CFDA-FollowerState: change to CANDIDATE, lastRpcTime:97ms, electionTimeout:97ms
2019-10-16 21:01:47,857 [Thread-1655] INFO  impl.RoleInfo (RoleInfo.java:shutdownFollowerState(121)) - 4b287a15-77af-487b-aef7-34d1d0ee189f: shutdown FollowerState
2019-10-16 21:01:47,858 [Thread-1655] INFO  impl.RaftServerImpl (RaftServerImpl.java:setRole(184)) - 4b287a15-77af-487b-aef7-34d1d0ee189f@group-83C26644CFDA: changes role from  FOLLOWER to CANDIDATE at term 223 for changeToCandidate
2019-10-16 21:01:47,858 [Thread-1655] INFO  impl.RoleInfo (RoleInfo.java:updateAndGet(143)) - 4b287a15-77af-487b-aef7-34d1d0ee189f: start LeaderElection
2019-10-16 21:01:47,884 [4b287a15-77af-487b-aef7-34d1d0ee189f@group-83C26644CFDA-LeaderElection221] INFO  impl.LeaderElection (LeaderElection.java:askForVotes(178)) - 4b287a15-77af-487b-aef7-34d1d0ee189f@group-83C26644CFDA-LeaderElection221: begin an election at term 224 for -1: [4b287a15-77af-487b-aef7-34d1d0ee189f:192.168.34.38:38597, 0aa3649f-570d-46c6-937f-492d7f3a8364:192.168.34.38:33209, 4a03179f-3169-4ac7-a075-259968512ef0:192.168.34.38:45833], old=null
2019-10-16 21:01:47,887 [grpc-default-executor-1] INFO  impl.RaftServerImpl (RaftServerImpl.java:setRole(184)) - 0aa3649f-570d-46c6-937f-492d7f3a8364@group-83C26644CFDA: changes role from  FOLLOWER to FOLLOWER at term 224 for recognizeCandidate:4b287a15-77af-487b-aef7-34d1d0ee189f
2019-10-16 21:01:47,887 [grpc-default-executor-2] INFO  impl.RaftServerImpl (RaftServerImpl.java:setRole(184)) - 4a03179f-3169-4ac7-a075-259968512ef0@group-83C26644CFDA: changes role from  FOLLOWER to FOLLOWER at term 224 for recognizeCandidate:4b287a15-77af-487b-aef7-34d1d0ee189f
2019-10-16 21:01:47,887 [grpc-default-executor-1] INFO  impl.RoleInfo (RoleInfo.java:shutdownFollowerState(121)) - 0aa3649f-570d-46c6-937f-492d7f3a8364: shutdown FollowerState
2019-10-16 21:01:47,887 [grpc-default-executor-2] INFO  impl.RoleInfo (RoleInfo.java:shutdownFollowerState(121)) - 4a03179f-3169-4ac7-a075-259968512ef0: shutdown FollowerState
2019-10-16 21:01:47,887 [Thread-1653] INFO  impl.FollowerState (FollowerState.java:run(117)) - 0aa3649f-570d-46c6-937f-492d7f3a8364@group-83C26644CFDA-FollowerState was interrupted: java.lang.InterruptedException: sleep interrupted
2019-10-16 21:01:47,887 [grpc-default-executor-1] INFO  impl.RoleInfo (RoleInfo.java:updateAndGet(143)) - 0aa3649f-570d-46c6-937f-492d7f3a8364: start FollowerState
2019-10-16 21:01:47,887 [Thread-1654] INFO  impl.FollowerState (FollowerState.java:run(117)) - 4a03179f-3169-4ac7-a075-259968512ef0@group-83C26644CFDA-FollowerState was interrupted: java.lang.InterruptedException: sleep interrupted
2019-10-16 21:01:47,887 [grpc-default-executor-2] INFO  impl.RoleInfo (RoleInfo.java:updateAndGet(143)) - 4a03179f-3169-4ac7-a075-259968512ef0: start FollowerState
2019-10-16 21:01:47,909 [4b287a15-77af-487b-aef7-34d1d0ee189f@group-83C26644CFDA-LeaderElection221] INFO  impl.LeaderElection (LeaderElection.java:logAndReturn(56)) - 4b287a15-77af-487b-aef7-34d1d0ee189f@group-83C26644CFDA-LeaderElection221: Election REJECTED; received 2 response(s) [4b287a15-77af-487b-aef7-34d1d0ee189f<-0aa3649f-570d-46c6-937f-492d7f3a8364#0:FAIL-t224, 4b287a15-77af-487b-aef7-34d1d0ee189f<-4a03179f-3169-4ac7-a075-259968512ef0#0:FAIL-t224] and 0 exception(s); 4b287a15-77af-487b-aef7-34d1d0ee189f@group-83C26644CFDA:t224, leader=null, voted=4b287a15-77af-487b-aef7-34d1d0ee189f, raftlog=4b287a15-77af-487b-aef7-34d1d0ee189f@group-83C26644CFDA-SegmentedRaftLog:OPENED:c-1,f-1,i0, conf=-1: [4b287a15-77af-487b-aef7-34d1d0ee189f:192.168.34.38:38597, 0aa3649f-570d-46c6-937f-492d7f3a8364:192.168.34.38:33209, 4a03179f-3169-4ac7-a075-259968512ef0:192.168.34.38:45833], old=null
2019-10-16 21:01:47,909 [4b287a15-77af-487b-aef7-34d1d0ee189f@group-83C26644CFDA-LeaderElection221] INFO  impl.RaftServerImpl (RaftServerImpl.java:setRole(184)) - 4b287a15-77af-487b-aef7-34d1d0ee189f@group-83C26644CFDA: changes role from CANDIDATE to FOLLOWER at term 224 for DISCOVERED_A_NEW_TERM
2019-10-16 21:01:47,909 [4b287a15-77af-487b-aef7-34d1d0ee189f@group-83C26644CFDA-LeaderElection221] INFO  impl.RoleInfo (RoleInfo.java:shutdownLeaderElection(134)) - 4b287a15-77af-487b-aef7-34d1d0ee189f: shutdown LeaderElection
2019-10-16 21:01:47,909 [4b287a15-77af-487b-aef7-34d1d0ee189f@group-83C26644CFDA-LeaderElection221] INFO  impl.RoleInfo (RoleInfo.java:updateAndGet(143)) - 4b287a15-77af-487b-aef7-34d1d0ee189f: start FollowerState
2019-10-16 21:01:48,091 [Thread-1661] INFO  impl.FollowerState (FollowerState.java:run(108)) - 4b287a15-77af-487b-aef7-34d1d0ee189f@group-83C26644CFDA-FollowerState: change to CANDIDATE, lastRpcTime:181ms, electionTimeout:181ms
2019-10-16 21:01:48,091 [Thread-1661] INFO  impl.RoleInfo (RoleInfo.java:shutdownFollowerState(121)) - 4b287a15-77af-487b-aef7-34d1d0ee189f: shutdown FollowerState
2019-10-16 21:01:48,091 [Thread-1661] INFO  impl.RaftServerImpl (RaftServerImpl.java:setRole(184)) - 4b287a15-77af-487b-aef7-34d1d0ee189f@group-83C26644CFDA: changes role from  FOLLOWER to CANDIDATE at term 224 for changeToCandidate
2019-10-16 21:01:48,091 [Thread-1661] INFO  impl.RoleInfo (RoleInfo.java:updateAndGet(143)) - 4b287a15-77af-487b-aef7-34d1d0ee189f: start LeaderElection
2019-10-16 21:01:48,095 [4b287a15-77af-487b-aef7-34d1d0ee189f@group-83C26644CFDA-LeaderElection222] INFO  impl.LeaderElection (LeaderElection.java:askForVotes(178)) - 4b287a15-77af-487b-aef7-34d1d0ee189f@group-83C26644CFDA-LeaderElection222: begin an election at term 225 for -1: [4b287a15-77af-487b-aef7-34d1d0ee189f:192.168.34.38:38597, 0aa3649f-570d-46c6-937f-492d7f3a8364:192.168.34.38:33209, 4a03179f-3169-4ac7-a075-259968512ef0:192.168.34.38:45833], old=null
2019-10-16 21:01:48,099 [grpc-default-executor-1] INFO  impl.RaftServerImpl (RaftServerImpl.java:setRole(184)) - 0aa3649f-570d-46c6-937f-492d7f3a8364@group-83C26644CFDA: changes role from  FOLLOWER to FOLLOWER at term 225 for recognizeCandidate:4b287a15-77af-487b-aef7-34d1d0ee189f
2019-10-16 21:01:48,099 [grpc-default-executor-2] INFO  impl.RaftServerImpl (RaftServerImpl.java:setRole(184)) - 4a03179f-3169-4ac7-a075-259968512ef0@group-83C26644CFDA: changes role from  FOLLOWER to FOLLOWER at term 225 for recognizeCandidate:4b287a15-77af-487b-aef7-34d1d0ee189f
2019-10-16 21:01:48,099 [grpc-default-executor-2] INFO  impl.RoleInfo (RoleInfo.java:shutdownFollowerState(121)) - 4a03179f-3169-4ac7-a075-259968512ef0: shutdown FollowerState
2019-10-16 21:01:48,099 [grpc-default-executor-1] INFO  impl.RoleInfo (RoleInfo.java:shutdownFollowerState(121)) - 0aa3649f-570d-46c6-937f-492d7f3a8364: shutdown FollowerState
2019-10-16 21:01:48,099 [Thread-1660] INFO  impl.FollowerState (FollowerState.java:run(117)) - 4a03179f-3169-4ac7-a075-259968512ef0@group-83C26644CFDA-FollowerState was interrupted: java.lang.InterruptedException: sleep interrupted
2019-10-16 21:01:48,099 [grpc-default-executor-2] INFO  impl.RoleInfo (RoleInfo.java:updateAndGet(143)) - 4a03179f-3169-4ac7-a075-259968512ef0: start FollowerState
2019-10-16 21:01:48,100 [Thread-1659] INFO  impl.FollowerState (FollowerState.java:run(117)) - 0aa3649f-570d-46c6-937f-492d7f3a8364@group-83C26644CFDA-FollowerState was interrupted: java.lang.InterruptedException: sleep interrupted
2019-10-16 21:01:48,100 [grpc-default-executor-1] INFO  impl.RoleInfo (RoleInfo.java:updateAndGet(143)) - 0aa3649f-570d-46c6-937f-492d7f3a8364: start FollowerState
2019-10-16 21:01:48,114 [4b287a15-77af-487b-aef7-34d1d0ee189f@group-83C26644CFDA-LeaderElection222] INFO  impl.LeaderElection (LeaderElection.java:logAndReturn(56)) - 4b287a15-77af-487b-aef7-34d1d0ee189f@group-83C26644CFDA-LeaderElection222: Election REJECTED; received 2 response(s) [4b287a15-77af-487b-aef7-34d1d0ee189f<-0aa3649f-570d-46c6-937f-492d7f3a8364#0:FAIL-t225, 4b287a15-77af-487b-aef7-34d1d0ee189f<-4a03179f-3169-4ac7-a075-259968512ef0#0:FAIL-t225] and 0 exception(s); 4b287a15-77af-487b-aef7-34d1d0ee189f@group-83C26644CFDA:t225, leader=null, voted=4b287a15-77af-487b-aef7-34d1d0ee189f, raftlog=4b287a15-77af-487b-aef7-34d1d0ee189f@group-83C26644CFDA-SegmentedRaftLog:OPENED:c-1,f-1,i0, conf=-1: [4b287a15-77af-487b-aef7-34d1d0ee189f:192.168.34.38:38597, 0aa3649f-570d-46c6-937f-492d7f3a8364:192.168.34.38:33209, 4a03179f-3169-4ac7-a075-259968512ef0:192.168.34.38:45833], old=null
2019-10-16 21:01:48,114 [4b287a15-77af-487b-aef7-34d1d0ee189f@group-83C26644CFDA-LeaderElection222] INFO  impl.RaftServerImpl (RaftServerImpl.java:setRole(184)) - 4b287a15-77af-487b-aef7-34d1d0ee189f@group-83C26644CFDA: changes role from CANDIDATE to FOLLOWER at term 225 for DISCOVERED_A_NEW_TERM
2019-10-16 21:01:48,114 [4b287a15-77af-487b-aef7-34d1d0ee189f@group-83C26644CFDA-LeaderElection222] INFO  impl.RoleInfo (RoleInfo.java:shutdownLeaderElection(134)) - 4b287a15-77af-487b-aef7-34d1d0ee189f: shutdown LeaderElection
2019-10-16 21:01:48,114 [4b287a15-77af-487b-aef7-34d1d0ee189f@group-83C26644CFDA-LeaderElection222] INFO  impl.RoleInfo (RoleInfo.java:updateAndGet(143)) - 4b287a15-77af-487b-aef7-34d1d0ee189f: start FollowerState
2019-10-16 21:01:48,211 [Thread-1667] INFO  impl.FollowerState (FollowerState.java:run(108)) - 4b287a15-77af-487b-aef7-34d1d0ee189f@group-83C26644CFDA-FollowerState: change to CANDIDATE, lastRpcTime:96ms, electionTimeout:96ms
2019-10-16 21:01:48,211 [Thread-1667] INFO  impl.RoleInfo (RoleInfo.java:shutdownFollowerState(121)) - 4b287a15-77af-487b-aef7-34d1d0ee189f: shutdown FollowerState
2019-10-16 21:01:48,211 [Thread-1667] INFO  impl.RaftServerImpl (RaftServerImpl.java:setRole(184)) - 4b287a15-77af-487b-aef7-34d1d0ee189f@group-83C26644CFDA: changes role from  FOLLOWER to CANDIDATE at term 225 for changeToCandidate
2019-10-16 21:01:48,211 [Thread-1667] INFO  impl.RoleInfo (RoleInfo.java:updateAndGet(143)) - 4b287a15-77af-487b-aef7-34d1d0ee189f: start LeaderElection
2019-10-16 21:01:48,237 [4b287a15-77af-487b-aef7-34d1d0ee189f@group-83C26644CFDA-LeaderElection223] INFO  impl.LeaderElection (LeaderElection.java:askForVotes(178)) - 4b287a15-77af-487b-aef7-34d1d0ee189f@group-83C26644CFDA-LeaderElection223: begin an election at term 226 for -1: [4b287a15-77af-487b-aef7-34d1d0ee189f:192.168.34.38:38597, 0aa3649f-570d-46c6-937f-492d7f3a8364:192.168.34.38:33209, 4a03179f-3169-4ac7-a075-259968512ef0:192.168.34.38:45833], old=null
2019-10-16 21:01:48,240 [grpc-default-executor-2] INFO  impl.RaftServerImpl (RaftServerImpl.java:setRole(184)) - 4a03179f-3169-4ac7-a075-259968512ef0@group-83C26644CFDA: changes role from  FOLLOWER to FOLLOWER at term 226 for recognizeCandidate:4b287a15-77af-487b-aef7-34d1d0ee189f
2019-10-16 21:01:48,240 [grpc-default-executor-1] INFO  impl.RaftServerImpl (RaftServerImpl.java:setRole(184)) - 0aa3649f-570d-46c6-937f-492d7f3a8364@group-83C26644CFDA: changes role from  FOLLOWER to FOLLOWER at term 226 for recognizeCandidate:4b287a15-77af-487b-aef7-34d1d0ee189f
2019-10-16 21:01:48,240 [grpc-default-executor-2] INFO  impl.RoleInfo (RoleInfo.java:shutdownFollowerState(121)) - 4a03179f-3169-4ac7-a075-259968512ef0: shutdown FollowerState
2019-10-16 21:01:48,240 [grpc-default-executor-1] INFO  impl.RoleInfo (RoleInfo.java:shutdownFollowerState(121)) - 0aa3649f-570d-46c6-937f-492d7f3a8364: shutdown FollowerState
2019-10-16 21:01:48,240 [grpc-default-executor-2] INFO  impl.RoleInfo (RoleInfo.java:updateAndGet(143)) - 4a03179f-3169-4ac7-a075-259968512ef0: start FollowerState
2019-10-16 21:01:48,240 [Thread-1666] INFO  impl.FollowerState (FollowerState.java:run(117)) - 0aa3649f-570d-46c6-937f-492d7f3a8364@group-83C26644CFDA-FollowerState was interrupted: java.lang.InterruptedException: sleep interrupted
2019-10-16 21:01:48,240 [Thread-1665] INFO  impl.FollowerState (FollowerState.java:run(117)) - 4a03179f-3169-4ac7-a075-259968512ef0@group-83C26644CFDA-FollowerState was interrupted: java.lang.InterruptedException: sleep interrupted
2019-10-16 21:01:48,240 [grpc-default-executor-1] INFO  impl.RoleInfo (RoleInfo.java:updateAndGet(143)) - 0aa3649f-570d-46c6-937f-492d7f3a8364: start FollowerState
2019-10-16 21:01:48,267 [4b287a15-77af-487b-aef7-34d1d0ee189f@group-83C26644CFDA-LeaderElection223] INFO  impl.LeaderElection (LeaderElection.java:logAndReturn(56)) - 4b287a15-77af-487b-aef7-34d1d0ee189f@group-83C26644CFDA-LeaderElection223: Election REJECTED; received 2 response(s) [4b287a15-77af-487b-aef7-34d1d0ee189f<-0aa3649f-570d-46c6-937f-492d7f3a8364#0:FAIL-t226, 4b287a15-77af-487b-aef7-34d1d0ee189f<-4a03179f-3169-4ac7-a075-259968512ef0#0:FAIL-t226] and 0 exception(s); 4b287a15-77af-487b-aef7-34d1d0ee189f@group-83C26644CFDA:t226, leader=null, voted=4b287a15-77af-487b-aef7-34d1d0ee189f, raftlog=4b287a15-77af-487b-aef7-34d1d0ee189f@group-83C26644CFDA-SegmentedRaftLog:OPENED:c-1,f-1,i0, conf=-1: [4b287a15-77af-487b-aef7-34d1d0ee189f:192.168.34.38:38597, 0aa3649f-570d-46c6-937f-492d7f3a8364:192.168.34.38:33209, 4a03179f-3169-4ac7-a075-259968512ef0:192.168.34.38:45833], old=null
2019-10-16 21:01:48,267 [4b287a15-77af-487b-aef7-34d1d0ee189f@group-83C26644CFDA-LeaderElection223] INFO  impl.RaftServerImpl (RaftServerImpl.java:setRole(184)) - 4b287a15-77af-487b-aef7-34d1d0ee189f@group-83C26644CFDA: changes role from CANDIDATE to FOLLOWER at term 226 for DISCOVERED_A_NEW_TERM
2019-10-16 21:01:48,268 [4b287a15-77af-487b-aef7-34d1d0ee189f@group-83C26644CFDA-LeaderElection223] INFO  impl.RoleInfo (RoleInfo.java:shutdownLeaderElection(134)) - 4b287a15-77af-487b-aef7-34d1d0ee189f: shutdown LeaderElection
2019-10-16 21:01:48,268 [4b287a15-77af-487b-aef7-34d1d0ee189f@group-83C26644CFDA-LeaderElection223] INFO  impl.RoleInfo (RoleInfo.java:updateAndGet(143)) - 4b287a15-77af-487b-aef7-34d1d0ee189f: start FollowerState
2019-10-16 21:01:48,356 [main] INFO  ozone.MiniOzoneClusterImpl (MiniOzoneClusterImpl.java:lambda$waitForClusterToBeReady$2(164)) - Waiting for 1 number of pipelines out of 4, to report a leader.
2019-10-16 21:01:48,447 [Thread-1673] INFO  impl.FollowerState (FollowerState.java:run(108)) - 4b287a15-77af-487b-aef7-34d1d0ee189f@group-83C26644CFDA-FollowerState: change to CANDIDATE, lastRpcTime:179ms, electionTimeout:179ms
2019-10-16 21:01:48,447 [Thread-1673] INFO  impl.RoleInfo (RoleInfo.java:shutdownFollowerState(121)) - 4b287a15-77af-487b-aef7-34d1d0ee189f: shutdown FollowerState
2019-10-16 21:01:48,448 [Thread-1673] INFO  impl.RaftServerImpl (RaftServerImpl.java:setRole(184)) - 4b287a15-77af-487b-aef7-34d1d0ee189f@group-83C26644CFDA: changes role from  FOLLOWER to CANDIDATE at term 226 for changeToCandidate
2019-10-16 21:01:48,448 [Thread-1673] INFO  impl.RoleInfo (RoleInfo.java:updateAndGet(143)) - 4b287a15-77af-487b-aef7-34d1d0ee189f: start LeaderElection
2019-10-16 21:01:48,461 [4b287a15-77af-487b-aef7-34d1d0ee189f@group-83C26644CFDA-LeaderElection224] INFO  impl.LeaderElection (LeaderElection.java:askForVotes(178)) - 4b287a15-77af-487b-aef7-34d1d0ee189f@group-83C26644CFDA-LeaderElection224: begin an election at term 227 for -1: [4b287a15-77af-487b-aef7-34d1d0ee189f:192.168.34.38:38597, 0aa3649f-570d-46c6-937f-492d7f3a8364:192.168.34.38:33209, 4a03179f-3169-4ac7-a075-259968512ef0:192.168.34.38:45833], old=null
2019-10-16 21:01:48,463 [grpc-default-executor-1] INFO  impl.RaftServerImpl (RaftServerImpl.java:setRole(184)) - 4a03179f-3169-4ac7-a075-259968512ef0@group-83C26644CFDA: changes role from  FOLLOWER to FOLLOWER at term 227 for recognizeCandidate:4b287a15-77af-487b-aef7-34d1d0ee189f
2019-10-16 21:01:48,463 [grpc-default-executor-2] INFO  impl.RaftServerImpl (RaftServerImpl.java:setRole(184)) - 0aa3649f-570d-46c6-937f-492d7f3a8364@group-83C26644CFDA: changes role from  FOLLOWER to FOLLOWER at term 227 for recognizeCandidate:4b287a15-77af-487b-aef7-34d1d0ee189f
2019-10-16 21:01:48,463 [grpc-default-executor-1] INFO  impl.RoleInfo (RoleInfo.java:shutdownFollowerState(121)) - 4a03179f-3169-4ac7-a075-259968512ef0: shutdown FollowerState
2019-10-16 21:01:48,463 [grpc-default-executor-2] INFO  impl.RoleInfo (RoleInfo.java:shutdownFollowerState(121)) - 0aa3649f-570d-46c6-937f-492d7f3a8364: shutdown FollowerState
2019-10-16 21:01:48,463 [Thread-1671] INFO  impl.FollowerState (FollowerState.java:run(117)) - 4a03179f-3169-4ac7-a075-259968512ef0@group-83C26644CFDA-FollowerState was interrupted: java.lang.InterruptedException: sleep interrupted
2019-10-16 21:01:48,463 [Thread-1672] INFO  impl.FollowerState (FollowerState.java:run(117)) - 0aa3649f-570d-46c6-937f-492d7f3a8364@group-83C26644CFDA-FollowerState was interrupted: java.lang.InterruptedException: sleep interrupted
2019-10-16 21:01:48,463 [grpc-default-executor-1] INFO  impl.RoleInfo (RoleInfo.java:updateAndGet(143)) - 4a03179f-3169-4ac7-a075-259968512ef0: start FollowerState
2019-10-16 21:01:48,463 [grpc-default-executor-2] INFO  impl.RoleInfo (RoleInfo.java:updateAndGet(143)) - 0aa3649f-570d-46c6-937f-492d7f3a8364: start FollowerState
2019-10-16 21:01:48,477 [4b287a15-77af-487b-aef7-34d1d0ee189f@group-83C26644CFDA-LeaderElection224] INFO  impl.LeaderElection (LeaderElection.java:logAndReturn(56)) - 4b287a15-77af-487b-aef7-34d1d0ee189f@group-83C26644CFDA-LeaderElection224: Election REJECTED; received 2 response(s) [4b287a15-77af-487b-aef7-34d1d0ee189f<-0aa3649f-570d-46c6-937f-492d7f3a8364#0:FAIL-t227, 4b287a15-77af-487b-aef7-34d1d0ee189f<-4a03179f-3169-4ac7-a075-259968512ef0#0:FAIL-t227] and 0 exception(s); 4b287a15-77af-487b-aef7-34d1d0ee189f@group-83C26644CFDA:t227, leader=null, voted=4b287a15-77af-487b-aef7-34d1d0ee189f, raftlog=4b287a15-77af-487b-aef7-34d1d0ee189f@group-83C26644CFDA-SegmentedRaftLog:OPENED:c-1,f-1,i0, conf=-1: [4b287a15-77af-487b-aef7-34d1d0ee189f:192.168.34.38:38597, 0aa3649f-570d-46c6-937f-492d7f3a8364:192.168.34.38:33209, 4a03179f-3169-4ac7-a075-259968512ef0:192.168.34.38:45833], old=null
2019-10-16 21:01:48,477 [4b287a15-77af-487b-aef7-34d1d0ee189f@group-83C26644CFDA-LeaderElection224] INFO  impl.RaftServerImpl (RaftServerImpl.java:setRole(184)) - 4b287a15-77af-487b-aef7-34d1d0ee189f@group-83C26644CFDA: changes role from CANDIDATE to FOLLOWER at term 227 for DISCOVERED_A_NEW_TERM
2019-10-16 21:01:48,477 [4b287a15-77af-487b-aef7-34d1d0ee189f@group-83C26644CFDA-LeaderElection224] INFO  impl.RoleInfo (RoleInfo.java:shutdownLeaderElection(134)) - 4b287a15-77af-487b-aef7-34d1d0ee189f: shutdown LeaderElection
2019-10-16 21:01:48,477 [4b287a15-77af-487b-aef7-34d1d0ee189f@group-83C26644CFDA-LeaderElection224] INFO  impl.RoleInfo (RoleInfo.java:updateAndGet(143)) - 4b287a15-77af-487b-aef7-34d1d0ee189f: start FollowerState
2019-10-16 21:01:48,585 [Thread-1679] INFO  impl.FollowerState (FollowerState.java:run(108)) - 4b287a15-77af-487b-aef7-34d1d0ee189f@group-83C26644CFDA-FollowerState: change to CANDIDATE, lastRpcTime:108ms, electionTimeout:108ms
2019-10-16 21:01:48,586 [Thread-1679] INFO  impl.RoleInfo (RoleInfo.java:shutdownFollowerState(121)) - 4b287a15-77af-487b-aef7-34d1d0ee189f: shutdown FollowerState
2019-10-16 21:01:48,586 [Thread-1679] INFO  impl.RaftServerImpl (RaftServerImpl.java:setRole(184)) - 4b287a15-77af-487b-aef7-34d1d0ee189f@group-83C26644CFDA: changes role from  FOLLOWER to CANDIDATE at term 227 for changeToCandidate
2019-10-16 21:01:48,586 [Thread-1679] INFO  impl.RoleInfo (RoleInfo.java:updateAndGet(143)) - 4b287a15-77af-487b-aef7-34d1d0ee189f: start LeaderElection
2019-10-16 21:01:48,594 [4b287a15-77af-487b-aef7-34d1d0ee189f@group-83C26644CFDA-LeaderElection225] INFO  impl.LeaderElection (LeaderElection.java:askForVotes(178)) - 4b287a15-77af-487b-aef7-34d1d0ee189f@group-83C26644CFDA-LeaderElection225: begin an election at term 228 for -1: [4b287a15-77af-487b-aef7-34d1d0ee189f:192.168.34.38:38597, 0aa3649f-570d-46c6-937f-492d7f3a8364:192.168.34.38:33209, 4a03179f-3169-4ac7-a075-259968512ef0:192.168.34.38:45833], old=null
2019-10-16 21:01:48,596 [grpc-default-executor-2] INFO  impl.RaftServerImpl (RaftServerImpl.java:setRole(184)) - 4a03179f-3169-4ac7-a075-259968512ef0@group-83C26644CFDA: changes role from  FOLLOWER to FOLLOWER at term 228 for recognizeCandidate:4b287a15-77af-487b-aef7-34d1d0ee189f
2019-10-16 21:01:48,596 [grpc-default-executor-1] INFO  impl.RaftServerImpl (RaftServerImpl.java:setRole(184)) - 0aa3649f-570d-46c6-937f-492d7f3a8364@group-83C26644CFDA: changes role from  FOLLOWER to FOLLOWER at term 228 for recognizeCandidate:4b287a15-77af-487b-aef7-34d1d0ee189f
2019-10-16 21:01:48,596 [grpc-default-executor-2] INFO  impl.RoleInfo (RoleInfo.java:shutdownFollowerState(121)) - 4a03179f-3169-4ac7-a075-259968512ef0: shutdown FollowerState
2019-10-16 21:01:48,596 [grpc-default-executor-1] INFO  impl.RoleInfo (RoleInfo.java:shutdownFollowerState(121)) - 0aa3649f-570d-46c6-937f-492d7f3a8364: shutdown FollowerState
2019-10-16 21:01:48,596 [Thread-1677] INFO  impl.FollowerState (FollowerState.java:run(117)) - 4a03179f-3169-4ac7-a075-259968512ef0@group-83C26644CFDA-FollowerState was interrupted: java.lang.InterruptedException: sleep interrupted
2019-10-16 21:01:48,596 [grpc-default-executor-2] INFO  impl.RoleInfo (RoleInfo.java:updateAndGet(143)) - 4a03179f-3169-4ac7-a075-259968512ef0: start FollowerState
2019-10-16 21:01:48,596 [Thread-1678] INFO  impl.FollowerState (FollowerState.java:run(117)) - 0aa3649f-570d-46c6-937f-492d7f3a8364@group-83C26644CFDA-FollowerState was interrupted: java.lang.InterruptedException: sleep interrupted
2019-10-16 21:01:48,596 [grpc-default-executor-1] INFO  impl.RoleInfo (RoleInfo.java:updateAndGet(143)) - 0aa3649f-570d-46c6-937f-492d7f3a8364: start FollowerState
2019-10-16 21:01:48,622 [4b287a15-77af-487b-aef7-34d1d0ee189f@group-83C26644CFDA-LeaderElection225] INFO  impl.LeaderElection (LeaderElection.java:logAndReturn(56)) - 4b287a15-77af-487b-aef7-34d1d0ee189f@group-83C26644CFDA-LeaderElection225: Election REJECTED; received 2 response(s) [4b287a15-77af-487b-aef7-34d1d0ee189f<-0aa3649f-570d-46c6-937f-492d7f3a8364#0:FAIL-t228, 4b287a15-77af-487b-aef7-34d1d0ee189f<-4a03179f-3169-4ac7-a075-259968512ef0#0:FAIL-t228] and 0 exception(s); 4b287a15-77af-487b-aef7-34d1d0ee189f@group-83C26644CFDA:t228, leader=null, voted=4b287a15-77af-487b-aef7-34d1d0ee189f, raftlog=4b287a15-77af-487b-aef7-34d1d0ee189f@group-83C26644CFDA-SegmentedRaftLog:OPENED:c-1,f-1,i0, conf=-1: [4b287a15-77af-487b-aef7-34d1d0ee189f:192.168.34.38:38597, 0aa3649f-570d-46c6-937f-492d7f3a8364:192.168.34.38:33209, 4a03179f-3169-4ac7-a075-259968512ef0:192.168.34.38:45833], old=null
2019-10-16 21:01:48,623 [4b287a15-77af-487b-aef7-34d1d0ee189f@group-83C26644CFDA-LeaderElection225] INFO  impl.RaftServerImpl (RaftServerImpl.java:setRole(184)) - 4b287a15-77af-487b-aef7-34d1d0ee189f@group-83C26644CFDA: changes role from CANDIDATE to FOLLOWER at term 228 for DISCOVERED_A_NEW_TERM
2019-10-16 21:01:48,623 [4b287a15-77af-487b-aef7-34d1d0ee189f@group-83C26644CFDA-LeaderElection225] INFO  impl.RoleInfo (RoleInfo.java:shutdownLeaderElection(134)) - 4b287a15-77af-487b-aef7-34d1d0ee189f: shutdown LeaderElection
2019-10-16 21:01:48,623 [4b287a15-77af-487b-aef7-34d1d0ee189f@group-83C26644CFDA-LeaderElection225] INFO  impl.RoleInfo (RoleInfo.java:updateAndGet(143)) - 4b287a15-77af-487b-aef7-34d1d0ee189f: start FollowerState
2019-10-16 21:01:48,700 [Thread-1685] INFO  impl.FollowerState (FollowerState.java:run(108)) - 4b287a15-77af-487b-aef7-34d1d0ee189f@group-83C26644CFDA-FollowerState: change to CANDIDATE, lastRpcTime:77ms, electionTimeout:77ms
2019-10-16 21:01:48,700 [Thread-1685] INFO  impl.RoleInfo (RoleInfo.java:shutdownFollowerState(121)) - 4b287a15-77af-487b-aef7-34d1d0ee189f: shutdown FollowerState
2019-10-16 21:01:48,700 [Thread-1685] INFO  impl.RaftServerImpl (RaftServerImpl.java:setRole(184)) - 4b287a15-77af-487b-aef7-34d1d0ee189f@group-83C26644CFDA: changes role from  FOLLOWER to CANDIDATE at term 228 for changeToCandidate
2019-10-16 21:01:48,701 [Thread-1685] INFO  impl.RoleInfo (RoleInfo.java:updateAndGet(143)) - 4b287a15-77af-487b-aef7-34d1d0ee189f: start LeaderElection
2019-10-16 21:01:48,719 [4b287a15-77af-487b-aef7-34d1d0ee189f@group-83C26644CFDA-LeaderElection226] INFO  impl.LeaderElection (LeaderElection.java:askForVotes(178)) - 4b287a15-77af-487b-aef7-34d1d0ee189f@group-83C26644CFDA-LeaderElection226: begin an election at term 229 for -1: [4b287a15-77af-487b-aef7-34d1d0ee189f:192.168.34.38:38597, 0aa3649f-570d-46c6-937f-492d7f3a8364:192.168.34.38:33209, 4a03179f-3169-4ac7-a075-259968512ef0:192.168.34.38:45833], old=null
2019-10-16 21:01:48,722 [grpc-default-executor-2] INFO  impl.RaftServerImpl (RaftServerImpl.java:setRole(184)) - 0aa3649f-570d-46c6-937f-492d7f3a8364@group-83C26644CFDA: changes role from  FOLLOWER to FOLLOWER at term 229 for recognizeCandidate:4b287a15-77af-487b-aef7-34d1d0ee189f
2019-10-16 21:01:48,722 [grpc-default-executor-1] INFO  impl.RaftServerImpl (RaftServerImpl.java:setRole(184)) - 4a03179f-3169-4ac7-a075-259968512ef0@group-83C26644CFDA: changes role from  FOLLOWER to FOLLOWER at term 229 for recognizeCandidate:4b287a15-77af-487b-aef7-34d1d0ee189f
2019-10-16 21:01:48,722 [grpc-default-executor-1] INFO  impl.RoleInfo (RoleInfo.java:shutdownFollowerState(121)) - 4a03179f-3169-4ac7-a075-259968512ef0: shutdown FollowerState
2019-10-16 21:01:48,722 [grpc-default-executor-2] INFO  impl.RoleInfo (RoleInfo.java:shutdownFollowerState(121)) - 0aa3649f-570d-46c6-937f-492d7f3a8364: shutdown FollowerState
2019-10-16 21:01:48,722 [Thread-1684] INFO  impl.FollowerState (FollowerState.java:run(117)) - 0aa3649f-570d-46c6-937f-492d7f3a8364@group-83C26644CFDA-FollowerState was interrupted: java.lang.InterruptedException: sleep interrupted
2019-10-16 21:01:48,722 [Thread-1683] INFO  impl.FollowerState (FollowerState.java:run(117)) - 4a03179f-3169-4ac7-a075-259968512ef0@group-83C26644CFDA-FollowerState was interrupted: java.lang.InterruptedException: sleep interrupted
2019-10-16 21:01:48,722 [grpc-default-executor-1] INFO  impl.RoleInfo (RoleInfo.java:updateAndGet(143)) - 4a03179f-3169-4ac7-a075-259968512ef0: start FollowerState
2019-10-16 21:01:48,722 [grpc-default-executor-2] INFO  impl.RoleInfo (RoleInfo.java:updateAndGet(143)) - 0aa3649f-570d-46c6-937f-492d7f3a8364: start FollowerState
2019-10-16 21:01:48,737 [4b287a15-77af-487b-aef7-34d1d0ee189f@group-83C26644CFDA-LeaderElection226] INFO  impl.LeaderElection (LeaderElection.java:logAndReturn(56)) - 4b287a15-77af-487b-aef7-34d1d0ee189f@group-83C26644CFDA-LeaderElection226: Election REJECTED; received 2 response(s) [4b287a15-77af-487b-aef7-34d1d0ee189f<-0aa3649f-570d-46c6-937f-492d7f3a8364#0:FAIL-t229, 4b287a15-77af-487b-aef7-34d1d0ee189f<-4a03179f-3169-4ac7-a075-259968512ef0#0:FAIL-t229] and 0 exception(s); 4b287a15-77af-487b-aef7-34d1d0ee189f@group-83C26644CFDA:t229, leader=null, voted=4b287a15-77af-487b-aef7-34d1d0ee189f, raftlog=4b287a15-77af-487b-aef7-34d1d0ee189f@group-83C26644CFDA-SegmentedRaftLog:OPENED:c-1,f-1,i0, conf=-1: [4b287a15-77af-487b-aef7-34d1d0ee189f:192.168.34.38:38597, 0aa3649f-570d-46c6-937f-492d7f3a8364:192.168.34.38:33209, 4a03179f-3169-4ac7-a075-259968512ef0:192.168.34.38:45833], old=null
2019-10-16 21:01:48,737 [4b287a15-77af-487b-aef7-34d1d0ee189f@group-83C26644CFDA-LeaderElection226] INFO  impl.RaftServerImpl (RaftServerImpl.java:setRole(184)) - 4b287a15-77af-487b-aef7-34d1d0ee189f@group-83C26644CFDA: changes role from CANDIDATE to FOLLOWER at term 229 for DISCOVERED_A_NEW_TERM
2019-10-16 21:01:48,737 [4b287a15-77af-487b-aef7-34d1d0ee189f@group-83C26644CFDA-LeaderElection226] INFO  impl.RoleInfo (RoleInfo.java:shutdownLeaderElection(134)) - 4b287a15-77af-487b-aef7-34d1d0ee189f: shutdown LeaderElection
2019-10-16 21:01:48,737 [4b287a15-77af-487b-aef7-34d1d0ee189f@group-83C26644CFDA-LeaderElection226] INFO  impl.RoleInfo (RoleInfo.java:updateAndGet(143)) - 4b287a15-77af-487b-aef7-34d1d0ee189f: start FollowerState
2019-10-16 21:01:48,759 [Thread-1691] INFO  impl.FollowerState (FollowerState.java:run(108)) - 4b287a15-77af-487b-aef7-34d1d0ee189f@group-83C26644CFDA-FollowerState: change to CANDIDATE, lastRpcTime:22ms, electionTimeout:21ms
2019-10-16 21:01:48,760 [Thread-1691] INFO  impl.RoleInfo (RoleInfo.java:shutdownFollowerState(121)) - 4b287a15-77af-487b-aef7-34d1d0ee189f: shutdown FollowerState
2019-10-16 21:01:48,760 [Thread-1691] INFO  impl.RaftServerImpl (RaftServerImpl.java:setRole(184)) - 4b287a15-77af-487b-aef7-34d1d0ee189f@group-83C26644CFDA: changes role from  FOLLOWER to CANDIDATE at term 229 for changeToCandidate
2019-10-16 21:01:48,760 [Thread-1691] INFO  impl.RoleInfo (RoleInfo.java:updateAndGet(143)) - 4b287a15-77af-487b-aef7-34d1d0ee189f: start LeaderElection
2019-10-16 21:01:48,773 [4b287a15-77af-487b-aef7-34d1d0ee189f@group-83C26644CFDA-LeaderElection227] INFO  impl.LeaderElection (LeaderElection.java:askForVotes(178)) - 4b287a15-77af-487b-aef7-34d1d0ee189f@group-83C26644CFDA-LeaderElection227: begin an election at term 230 for -1: [4b287a15-77af-487b-aef7-34d1d0ee189f:192.168.34.38:38597, 0aa3649f-570d-46c6-937f-492d7f3a8364:192.168.34.38:33209, 4a03179f-3169-4ac7-a075-259968512ef0:192.168.34.38:45833], old=null
2019-10-16 21:01:48,776 [grpc-default-executor-1] INFO  impl.RaftServerImpl (RaftServerImpl.java:setRole(184)) - 0aa3649f-570d-46c6-937f-492d7f3a8364@group-83C26644CFDA: changes role from  FOLLOWER to FOLLOWER at term 230 for recognizeCandidate:4b287a15-77af-487b-aef7-34d1d0ee189f
2019-10-16 21:01:48,776 [grpc-default-executor-2] INFO  impl.RaftServerImpl (RaftServerImpl.java:setRole(184)) - 4a03179f-3169-4ac7-a075-259968512ef0@group-83C26644CFDA: changes role from  FOLLOWER to FOLLOWER at term 230 for recognizeCandidate:4b287a15-77af-487b-aef7-34d1d0ee189f
2019-10-16 21:01:48,776 [grpc-default-executor-1] INFO  impl.RoleInfo (RoleInfo.java:shutdownFollowerState(121)) - 0aa3649f-570d-46c6-937f-492d7f3a8364: shutdown FollowerState
2019-10-16 21:01:48,776 [grpc-default-executor-2] INFO  impl.RoleInfo (RoleInfo.java:shutdownFollowerState(121)) - 4a03179f-3169-4ac7-a075-259968512ef0: shutdown FollowerState
2019-10-16 21:01:48,777 [Thread-1690] INFO  impl.FollowerState (FollowerState.java:run(117)) - 0aa3649f-570d-46c6-937f-492d7f3a8364@group-83C26644CFDA-FollowerState was interrupted: java.lang.InterruptedException: sleep interrupted
2019-10-16 21:01:48,776 [grpc-default-executor-1] INFO  impl.RoleInfo (RoleInfo.java:updateAndGet(143)) - 0aa3649f-570d-46c6-937f-492d7f3a8364: start FollowerState
2019-10-16 21:01:48,777 [Thread-1689] INFO  impl.FollowerState (FollowerState.java:run(117)) - 4a03179f-3169-4ac7-a075-259968512ef0@group-83C26644CFDA-FollowerState was interrupted: java.lang.InterruptedException: sleep interrupted
2019-10-16 21:01:48,777 [grpc-default-executor-2] INFO  impl.RoleInfo (RoleInfo.java:updateAndGet(143)) - 4a03179f-3169-4ac7-a075-259968512ef0: start FollowerState
2019-10-16 21:01:48,803 [4b287a15-77af-487b-aef7-34d1d0ee189f@group-83C26644CFDA-LeaderElection227] INFO  impl.LeaderElection (LeaderElection.java:logAndReturn(56)) - 4b287a15-77af-487b-aef7-34d1d0ee189f@group-83C26644CFDA-LeaderElection227: Election REJECTED; received 2 response(s) [4b287a15-77af-487b-aef7-34d1d0ee189f<-0aa3649f-570d-46c6-937f-492d7f3a8364#0:FAIL-t230, 4b287a15-77af-487b-aef7-34d1d0ee189f<-4a03179f-3169-4ac7-a075-259968512ef0#0:FAIL-t230] and 0 exception(s); 4b287a15-77af-487b-aef7-34d1d0ee189f@group-83C26644CFDA:t230, leader=null, voted=4b287a15-77af-487b-aef7-34d1d0ee189f, raftlog=4b287a15-77af-487b-aef7-34d1d0ee189f@group-83C26644CFDA-SegmentedRaftLog:OPENED:c-1,f-1,i0, conf=-1: [4b287a15-77af-487b-aef7-34d1d0ee189f:192.168.34.38:38597, 0aa3649f-570d-46c6-937f-492d7f3a8364:192.168.34.38:33209, 4a03179f-3169-4ac7-a075-259968512ef0:192.168.34.38:45833], old=null
2019-10-16 21:01:48,803 [4b287a15-77af-487b-aef7-34d1d0ee189f@group-83C26644CFDA-LeaderElection227] INFO  impl.RaftServerImpl (RaftServerImpl.java:setRole(184)) - 4b287a15-77af-487b-aef7-34d1d0ee189f@group-83C26644CFDA: changes role from CANDIDATE to FOLLOWER at term 230 for DISCOVERED_A_NEW_TERM
2019-10-16 21:01:48,803 [4b287a15-77af-487b-aef7-34d1d0ee189f@group-83C26644CFDA-LeaderElection227] INFO  impl.RoleInfo (RoleInfo.java:shutdownLeaderElection(134)) - 4b287a15-77af-487b-aef7-34d1d0ee189f: shutdown LeaderElection
2019-10-16 21:01:48,803 [4b287a15-77af-487b-aef7-34d1d0ee189f@group-83C26644CFDA-LeaderElection227] INFO  impl.RoleInfo (RoleInfo.java:updateAndGet(143)) - 4b287a15-77af-487b-aef7-34d1d0ee189f: start FollowerState
2019-10-16 21:01:48,814 [Thread-1697] INFO  impl.FollowerState (FollowerState.java:run(108)) - 4b287a15-77af-487b-aef7-34d1d0ee189f@group-83C26644CFDA-FollowerState: change to CANDIDATE, lastRpcTime:11ms, electionTimeout:11ms
2019-10-16 21:01:48,815 [Thread-1697] INFO  impl.RoleInfo (RoleInfo.java:shutdownFollowerState(121)) - 4b287a15-77af-487b-aef7-34d1d0ee189f: shutdown FollowerState
2019-10-16 21:01:48,815 [Thread-1697] INFO  impl.RaftServerImpl (RaftServerImpl.java:setRole(184)) - 4b287a15-77af-487b-aef7-34d1d0ee189f@group-83C26644CFDA: changes role from  FOLLOWER to CANDIDATE at term 230 for changeToCandidate
2019-10-16 21:01:48,815 [Thread-1697] INFO  impl.RoleInfo (RoleInfo.java:updateAndGet(143)) - 4b287a15-77af-487b-aef7-34d1d0ee189f: start LeaderElection
2019-10-16 21:01:48,829 [4b287a15-77af-487b-aef7-34d1d0ee189f@group-83C26644CFDA-LeaderElection228] INFO  impl.LeaderElection (LeaderElection.java:askForVotes(178)) - 4b287a15-77af-487b-aef7-34d1d0ee189f@group-83C26644CFDA-LeaderElection228: begin an election at term 231 for -1: [4b287a15-77af-487b-aef7-34d1d0ee189f:192.168.34.38:38597, 0aa3649f-570d-46c6-937f-492d7f3a8364:192.168.34.38:33209, 4a03179f-3169-4ac7-a075-259968512ef0:192.168.34.38:45833], old=null
2019-10-16 21:01:48,831 [grpc-default-executor-1] INFO  impl.RaftServerImpl (RaftServerImpl.java:setRole(184)) - 4a03179f-3169-4ac7-a075-259968512ef0@group-83C26644CFDA: changes role from  FOLLOWER to FOLLOWER at term 231 for recognizeCandidate:4b287a15-77af-487b-aef7-34d1d0ee189f
2019-10-16 21:01:48,831 [grpc-default-executor-2] INFO  impl.RaftServerImpl (RaftServerImpl.java:setRole(184)) - 0aa3649f-570d-46c6-937f-492d7f3a8364@group-83C26644CFDA: changes role from  FOLLOWER to FOLLOWER at term 231 for recognizeCandidate:4b287a15-77af-487b-aef7-34d1d0ee189f
2019-10-16 21:01:48,831 [grpc-default-executor-1] INFO  impl.RoleInfo (RoleInfo.java:shutdownFollowerState(121)) - 4a03179f-3169-4ac7-a075-259968512ef0: shutdown FollowerState
2019-10-16 21:01:48,831 [grpc-default-executor-2] INFO  impl.RoleInfo (RoleInfo.java:shutdownFollowerState(121)) - 0aa3649f-570d-46c6-937f-492d7f3a8364: shutdown FollowerState
2019-10-16 21:01:48,831 [Thread-1696] INFO  impl.FollowerState (FollowerState.java:run(117)) - 4a03179f-3169-4ac7-a075-259968512ef0@group-83C26644CFDA-FollowerState was interrupted: java.lang.InterruptedException: sleep interrupted
2019-10-16 21:01:48,831 [grpc-default-executor-1] INFO  impl.RoleInfo (RoleInfo.java:updateAndGet(143)) - 4a03179f-3169-4ac7-a075-259968512ef0: start FollowerState
2019-10-16 21:01:48,831 [Thread-1695] INFO  impl.FollowerState (FollowerState.java:run(117)) - 0aa3649f-570d-46c6-937f-492d7f3a8364@group-83C26644CFDA-FollowerState was interrupted: java.lang.InterruptedException: sleep interrupted
2019-10-16 21:01:48,831 [grpc-default-executor-2] INFO  impl.RoleInfo (RoleInfo.java:updateAndGet(143)) - 0aa3649f-570d-46c6-937f-492d7f3a8364: start FollowerState
2019-10-16 21:01:48,845 [4b287a15-77af-487b-aef7-34d1d0ee189f@group-83C26644CFDA-LeaderElection228] INFO  impl.LeaderElection (LeaderElection.java:logAndReturn(56)) - 4b287a15-77af-487b-aef7-34d1d0ee189f@group-83C26644CFDA-LeaderElection228: Election REJECTED; received 2 response(s) [4b287a15-77af-487b-aef7-34d1d0ee189f<-0aa3649f-570d-46c6-937f-492d7f3a8364#0:FAIL-t231, 4b287a15-77af-487b-aef7-34d1d0ee189f<-4a03179f-3169-4ac7-a075-259968512ef0#0:FAIL-t231] and 0 exception(s); 4b287a15-77af-487b-aef7-34d1d0ee189f@group-83C26644CFDA:t231, leader=null, voted=4b287a15-77af-487b-aef7-34d1d0ee189f, raftlog=4b287a15-77af-487b-aef7-34d1d0ee189f@group-83C26644CFDA-SegmentedRaftLog:OPENED:c-1,f-1,i0, conf=-1: [4b287a15-77af-487b-aef7-34d1d0ee189f:192.168.34.38:38597, 0aa3649f-570d-46c6-937f-492d7f3a8364:192.168.34.38:33209, 4a03179f-3169-4ac7-a075-259968512ef0:192.168.34.38:45833], old=null
2019-10-16 21:01:48,845 [4b287a15-77af-487b-aef7-34d1d0ee189f@group-83C26644CFDA-LeaderElection228] INFO  impl.RaftServerImpl (RaftServerImpl.java:setRole(184)) - 4b287a15-77af-487b-aef7-34d1d0ee189f@group-83C26644CFDA: changes role from CANDIDATE to FOLLOWER at term 231 for DISCOVERED_A_NEW_TERM
2019-10-16 21:01:48,845 [4b287a15-77af-487b-aef7-34d1d0ee189f@group-83C26644CFDA-LeaderElection228] INFO  impl.RoleInfo (RoleInfo.java:shutdownLeaderElection(134)) - 4b287a15-77af-487b-aef7-34d1d0ee189f: shutdown LeaderElection
2019-10-16 21:01:48,845 [4b287a15-77af-487b-aef7-34d1d0ee189f@group-83C26644CFDA-LeaderElection228] INFO  impl.RoleInfo (RoleInfo.java:updateAndGet(143)) - 4b287a15-77af-487b-aef7-34d1d0ee189f: start FollowerState
2019-10-16 21:01:48,997 [Thread-1703] INFO  impl.FollowerState (FollowerState.java:run(108)) - 4b287a15-77af-487b-aef7-34d1d0ee189f@group-83C26644CFDA-FollowerState: change to CANDIDATE, lastRpcTime:152ms, electionTimeout:152ms
2019-10-16 21:01:48,997 [Thread-1703] INFO  impl.RoleInfo (RoleInfo.java:shutdownFollowerState(121)) - 4b287a15-77af-487b-aef7-34d1d0ee189f: shutdown FollowerState
2019-10-16 21:01:48,998 [Thread-1703] INFO  impl.RaftServerImpl (RaftServerImpl.java:setRole(184)) - 4b287a15-77af-487b-aef7-34d1d0ee189f@group-83C26644CFDA: changes role from  FOLLOWER to CANDIDATE at term 231 for changeToCandidate
2019-10-16 21:01:48,998 [Thread-1703] INFO  impl.RoleInfo (RoleInfo.java:updateAndGet(143)) - 4b287a15-77af-487b-aef7-34d1d0ee189f: start LeaderElection
2019-10-16 21:01:49,010 [4b287a15-77af-487b-aef7-34d1d0ee189f@group-83C26644CFDA-LeaderElection229] INFO  impl.LeaderElection (LeaderElection.java:askForVotes(178)) - 4b287a15-77af-487b-aef7-34d1d0ee189f@group-83C26644CFDA-LeaderElection229: begin an election at term 232 for -1: [4b287a15-77af-487b-aef7-34d1d0ee189f:192.168.34.38:38597, 0aa3649f-570d-46c6-937f-492d7f3a8364:192.168.34.38:33209, 4a03179f-3169-4ac7-a075-259968512ef0:192.168.34.38:45833], old=null
2019-10-16 21:01:49,012 [grpc-default-executor-2] INFO  impl.RaftServerImpl (RaftServerImpl.java:setRole(184)) - 0aa3649f-570d-46c6-937f-492d7f3a8364@group-83C26644CFDA: changes role from  FOLLOWER to FOLLOWER at term 232 for recognizeCandidate:4b287a15-77af-487b-aef7-34d1d0ee189f
2019-10-16 21:01:49,012 [grpc-default-executor-1] INFO  impl.RaftServerImpl (RaftServerImpl.java:setRole(184)) - 4a03179f-3169-4ac7-a075-259968512ef0@group-83C26644CFDA: changes role from  FOLLOWER to FOLLOWER at term 232 for recognizeCandidate:4b287a15-77af-487b-aef7-34d1d0ee189f
2019-10-16 21:01:49,012 [grpc-default-executor-2] INFO  impl.RoleInfo (RoleInfo.java:shutdownFollowerState(121)) - 0aa3649f-570d-46c6-937f-492d7f3a8364: shutdown FollowerState
2019-10-16 21:01:49,012 [grpc-default-executor-1] INFO  impl.RoleInfo (RoleInfo.java:shutdownFollowerState(121)) - 4a03179f-3169-4ac7-a075-259968512ef0: shutdown FollowerState
2019-10-16 21:01:49,012 [Thread-1702] INFO  impl.FollowerState (FollowerState.java:run(117)) - 0aa3649f-570d-46c6-937f-492d7f3a8364@group-83C26644CFDA-FollowerState was interrupted: java.lang.InterruptedException: sleep interrupted
2019-10-16 21:01:49,012 [Thread-1701] INFO  impl.FollowerState (FollowerState.java:run(117)) - 4a03179f-3169-4ac7-a075-259968512ef0@group-83C26644CFDA-FollowerState was interrupted: java.lang.InterruptedException: sleep interrupted
2019-10-16 21:01:49,012 [grpc-default-executor-2] INFO  impl.RoleInfo (RoleInfo.java:updateAndGet(143)) - 0aa3649f-570d-46c6-937f-492d7f3a8364: start FollowerState
2019-10-16 21:01:49,012 [grpc-default-executor-1] INFO  impl.RoleInfo (RoleInfo.java:updateAndGet(143)) - 4a03179f-3169-4ac7-a075-259968512ef0: start FollowerState
2019-10-16 21:01:49,027 [4b287a15-77af-487b-aef7-34d1d0ee189f@group-83C26644CFDA-LeaderElection229] INFO  impl.LeaderElection (LeaderElection.java:logAndReturn(56)) - 4b287a15-77af-487b-aef7-34d1d0ee189f@group-83C26644CFDA-LeaderElection229: Election REJECTED; received 2 response(s) [4b287a15-77af-487b-aef7-34d1d0ee189f<-0aa3649f-570d-46c6-937f-492d7f3a8364#0:FAIL-t232, 4b287a15-77af-487b-aef7-34d1d0ee189f<-4a03179f-3169-4ac7-a075-259968512ef0#0:FAIL-t232] and 0 exception(s); 4b287a15-77af-487b-aef7-34d1d0ee189f@group-83C26644CFDA:t232, leader=null, voted=4b287a15-77af-487b-aef7-34d1d0ee189f, raftlog=4b287a15-77af-487b-aef7-34d1d0ee189f@group-83C26644CFDA-SegmentedRaftLog:OPENED:c-1,f-1,i0, conf=-1: [4b287a15-77af-487b-aef7-34d1d0ee189f:192.168.34.38:38597, 0aa3649f-570d-46c6-937f-492d7f3a8364:192.168.34.38:33209, 4a03179f-3169-4ac7-a075-259968512ef0:192.168.34.38:45833], old=null
2019-10-16 21:01:49,027 [4b287a15-77af-487b-aef7-34d1d0ee189f@group-83C26644CFDA-LeaderElection229] INFO  impl.RaftServerImpl (RaftServerImpl.java:setRole(184)) - 4b287a15-77af-487b-aef7-34d1d0ee189f@group-83C26644CFDA: changes role from CANDIDATE to FOLLOWER at term 232 for DISCOVERED_A_NEW_TERM
2019-10-16 21:01:49,028 [4b287a15-77af-487b-aef7-34d1d0ee189f@group-83C26644CFDA-LeaderElection229] INFO  impl.RoleInfo (RoleInfo.java:shutdownLeaderElection(134)) - 4b287a15-77af-487b-aef7-34d1d0ee189f: shutdown LeaderElection
2019-10-16 21:01:49,028 [4b287a15-77af-487b-aef7-34d1d0ee189f@group-83C26644CFDA-LeaderElection229] INFO  impl.RoleInfo (RoleInfo.java:updateAndGet(143)) - 4b287a15-77af-487b-aef7-34d1d0ee189f: start FollowerState
2019-10-16 21:01:49,149 [Thread-1709] INFO  impl.FollowerState (FollowerState.java:run(108)) - 4b287a15-77af-487b-aef7-34d1d0ee189f@group-83C26644CFDA-FollowerState: change to CANDIDATE, lastRpcTime:121ms, electionTimeout:121ms
2019-10-16 21:01:49,149 [Thread-1709] INFO  impl.RoleInfo (RoleInfo.java:shutdownFollowerState(121)) - 4b287a15-77af-487b-aef7-34d1d0ee189f: shutdown FollowerState
2019-10-16 21:01:49,150 [Thread-1709] INFO  impl.RaftServerImpl (RaftServerImpl.java:setRole(184)) - 4b287a15-77af-487b-aef7-34d1d0ee189f@group-83C26644CFDA: changes role from  FOLLOWER to CANDIDATE at term 232 for changeToCandidate
2019-10-16 21:01:49,150 [Thread-1709] INFO  impl.RoleInfo (RoleInfo.java:updateAndGet(143)) - 4b287a15-77af-487b-aef7-34d1d0ee189f: start LeaderElection
2019-10-16 21:01:49,176 [4b287a15-77af-487b-aef7-34d1d0ee189f@group-83C26644CFDA-LeaderElection230] INFO  impl.LeaderElection (LeaderElection.java:askForVotes(178)) - 4b287a15-77af-487b-aef7-34d1d0ee189f@group-83C26644CFDA-LeaderElection230: begin an election at term 233 for -1: [4b287a15-77af-487b-aef7-34d1d0ee189f:192.168.34.38:38597, 0aa3649f-570d-46c6-937f-492d7f3a8364:192.168.34.38:33209, 4a03179f-3169-4ac7-a075-259968512ef0:192.168.34.38:45833], old=null
2019-10-16 21:01:49,179 [grpc-default-executor-1] INFO  impl.RaftServerImpl (RaftServerImpl.java:setRole(184)) - 0aa3649f-570d-46c6-937f-492d7f3a8364@group-83C26644CFDA: changes role from  FOLLOWER to FOLLOWER at term 233 for recognizeCandidate:4b287a15-77af-487b-aef7-34d1d0ee189f
2019-10-16 21:01:49,179 [grpc-default-executor-1] INFO  impl.RoleInfo (RoleInfo.java:shutdownFollowerState(121)) - 0aa3649f-570d-46c6-937f-492d7f3a8364: shutdown FollowerState
2019-10-16 21:01:49,179 [grpc-default-executor-1] INFO  impl.RoleInfo (RoleInfo.java:updateAndGet(143)) - 0aa3649f-570d-46c6-937f-492d7f3a8364: start FollowerState
2019-10-16 21:01:49,179 [Thread-1707] INFO  impl.FollowerState (FollowerState.java:run(117)) - 0aa3649f-570d-46c6-937f-492d7f3a8364@group-83C26644CFDA-FollowerState was interrupted: java.lang.InterruptedException: sleep interrupted
2019-10-16 21:01:49,179 [grpc-default-executor-2] INFO  impl.RaftServerImpl (RaftServerImpl.java:setRole(184)) - 4a03179f-3169-4ac7-a075-259968512ef0@group-83C26644CFDA: changes role from  FOLLOWER to FOLLOWER at term 233 for recognizeCandidate:4b287a15-77af-487b-aef7-34d1d0ee189f
2019-10-16 21:01:49,180 [grpc-default-executor-2] INFO  impl.RoleInfo (RoleInfo.java:shutdownFollowerState(121)) - 4a03179f-3169-4ac7-a075-259968512ef0: shutdown FollowerState
2019-10-16 21:01:49,180 [grpc-default-executor-2] INFO  impl.RoleInfo (RoleInfo.java:updateAndGet(143)) - 4a03179f-3169-4ac7-a075-259968512ef0: start FollowerState
2019-10-16 21:01:49,180 [Thread-1708] INFO  impl.FollowerState (FollowerState.java:run(117)) - 4a03179f-3169-4ac7-a075-259968512ef0@group-83C26644CFDA-FollowerState was interrupted: java.lang.InterruptedException: sleep interrupted
2019-10-16 21:01:49,205 [4b287a15-77af-487b-aef7-34d1d0ee189f@group-83C26644CFDA-LeaderElection230] INFO  impl.LeaderElection (LeaderElection.java:logAndReturn(56)) - 4b287a15-77af-487b-aef7-34d1d0ee189f@group-83C26644CFDA-LeaderElection230: Election REJECTED; received 2 response(s) [4b287a15-77af-487b-aef7-34d1d0ee189f<-0aa3649f-570d-46c6-937f-492d7f3a8364#0:FAIL-t233, 4b287a15-77af-487b-aef7-34d1d0ee189f<-4a03179f-3169-4ac7-a075-259968512ef0#0:FAIL-t233] and 0 exception(s); 4b287a15-77af-487b-aef7-34d1d0ee189f@group-83C26644CFDA:t233, leader=null, voted=4b287a15-77af-487b-aef7-34d1d0ee189f, raftlog=4b287a15-77af-487b-aef7-34d1d0ee189f@group-83C26644CFDA-SegmentedRaftLog:OPENED:c-1,f-1,i0, conf=-1: [4b287a15-77af-487b-aef7-34d1d0ee189f:192.168.34.38:38597, 0aa3649f-570d-46c6-937f-492d7f3a8364:192.168.34.38:33209, 4a03179f-3169-4ac7-a075-259968512ef0:192.168.34.38:45833], old=null
2019-10-16 21:01:49,205 [4b287a15-77af-487b-aef7-34d1d0ee189f@group-83C26644CFDA-LeaderElection230] INFO  impl.RaftServerImpl (RaftServerImpl.java:setRole(184)) - 4b287a15-77af-487b-aef7-34d1d0ee189f@group-83C26644CFDA: changes role from CANDIDATE to FOLLOWER at term 233 for DISCOVERED_A_NEW_TERM
2019-10-16 21:01:49,205 [4b287a15-77af-487b-aef7-34d1d0ee189f@group-83C26644CFDA-LeaderElection230] INFO  impl.RoleInfo (RoleInfo.java:shutdownLeaderElection(134)) - 4b287a15-77af-487b-aef7-34d1d0ee189f: shutdown LeaderElection
2019-10-16 21:01:49,205 [4b287a15-77af-487b-aef7-34d1d0ee189f@group-83C26644CFDA-LeaderElection230] INFO  impl.RoleInfo (RoleInfo.java:updateAndGet(143)) - 4b287a15-77af-487b-aef7-34d1d0ee189f: start FollowerState
2019-10-16 21:01:49,311 [Thread-1715] INFO  impl.FollowerState (FollowerState.java:run(108)) - 4b287a15-77af-487b-aef7-34d1d0ee189f@group-83C26644CFDA-FollowerState: change to CANDIDATE, lastRpcTime:105ms, electionTimeout:105ms
2019-10-16 21:01:49,311 [Thread-1715] INFO  impl.RoleInfo (RoleInfo.java:shutdownFollowerState(121)) - 4b287a15-77af-487b-aef7-34d1d0ee189f: shutdown FollowerState
2019-10-16 21:01:49,311 [Thread-1715] INFO  impl.RaftServerImpl (RaftServerImpl.java:setRole(184)) - 4b287a15-77af-487b-aef7-34d1d0ee189f@group-83C26644CFDA: changes role from  FOLLOWER to CANDIDATE at term 233 for changeToCandidate
2019-10-16 21:01:49,311 [Thread-1715] INFO  impl.RoleInfo (RoleInfo.java:updateAndGet(143)) - 4b287a15-77af-487b-aef7-34d1d0ee189f: start LeaderElection
2019-10-16 21:01:49,320 [4b287a15-77af-487b-aef7-34d1d0ee189f@group-83C26644CFDA-LeaderElection231] INFO  impl.LeaderElection (LeaderElection.java:askForVotes(178)) - 4b287a15-77af-487b-aef7-34d1d0ee189f@group-83C26644CFDA-LeaderElection231: begin an election at term 234 for -1: [4b287a15-77af-487b-aef7-34d1d0ee189f:192.168.34.38:38597, 0aa3649f-570d-46c6-937f-492d7f3a8364:192.168.34.38:33209, 4a03179f-3169-4ac7-a075-259968512ef0:192.168.34.38:45833], old=null
2019-10-16 21:01:49,322 [grpc-default-executor-2] INFO  impl.RaftServerImpl (RaftServerImpl.java:setRole(184)) - 4a03179f-3169-4ac7-a075-259968512ef0@group-83C26644CFDA: changes role from  FOLLOWER to FOLLOWER at term 234 for recognizeCandidate:4b287a15-77af-487b-aef7-34d1d0ee189f
2019-10-16 21:01:49,322 [grpc-default-executor-1] INFO  impl.RaftServerImpl (RaftServerImpl.java:setRole(184)) - 0aa3649f-570d-46c6-937f-492d7f3a8364@group-83C26644CFDA: changes role from  FOLLOWER to FOLLOWER at term 234 for recognizeCandidate:4b287a15-77af-487b-aef7-34d1d0ee189f
2019-10-16 21:01:49,322 [grpc-default-executor-2] INFO  impl.RoleInfo (RoleInfo.java:shutdownFollowerState(121)) - 4a03179f-3169-4ac7-a075-259968512ef0: shutdown FollowerState
2019-10-16 21:01:49,322 [grpc-default-executor-1] INFO  impl.RoleInfo (RoleInfo.java:shutdownFollowerState(121)) - 0aa3649f-570d-46c6-937f-492d7f3a8364: shutdown FollowerState
2019-10-16 21:01:49,322 [Thread-1714] INFO  impl.FollowerState (FollowerState.java:run(117)) - 4a03179f-3169-4ac7-a075-259968512ef0@group-83C26644CFDA-FollowerState was interrupted: java.lang.InterruptedException: sleep interrupted
2019-10-16 21:01:49,322 [grpc-default-executor-2] INFO  impl.RoleInfo (RoleInfo.java:updateAndGet(143)) - 4a03179f-3169-4ac7-a075-259968512ef0: start FollowerState
2019-10-16 21:01:49,322 [grpc-default-executor-1] INFO  impl.RoleInfo (RoleInfo.java:updateAndGet(143)) - 0aa3649f-570d-46c6-937f-492d7f3a8364: start FollowerState
2019-10-16 21:01:49,322 [Thread-1713] INFO  impl.FollowerState (FollowerState.java:run(117)) - 0aa3649f-570d-46c6-937f-492d7f3a8364@group-83C26644CFDA-FollowerState was interrupted: java.lang.InterruptedException: sleep interrupted
2019-10-16 21:01:49,348 [4b287a15-77af-487b-aef7-34d1d0ee189f@group-83C26644CFDA-LeaderElection231] INFO  impl.LeaderElection (LeaderElection.java:logAndReturn(56)) - 4b287a15-77af-487b-aef7-34d1d0ee189f@group-83C26644CFDA-LeaderElection231: Election REJECTED; received 2 response(s) [4b287a15-77af-487b-aef7-34d1d0ee189f<-0aa3649f-570d-46c6-937f-492d7f3a8364#0:FAIL-t234, 4b287a15-77af-487b-aef7-34d1d0ee189f<-4a03179f-3169-4ac7-a075-259968512ef0#0:FAIL-t234] and 0 exception(s); 4b287a15-77af-487b-aef7-34d1d0ee189f@group-83C26644CFDA:t234, leader=null, voted=4b287a15-77af-487b-aef7-34d1d0ee189f, raftlog=4b287a15-77af-487b-aef7-34d1d0ee189f@group-83C26644CFDA-SegmentedRaftLog:OPENED:c-1,f-1,i0, conf=-1: [4b287a15-77af-487b-aef7-34d1d0ee189f:192.168.34.38:38597, 0aa3649f-570d-46c6-937f-492d7f3a8364:192.168.34.38:33209, 4a03179f-3169-4ac7-a075-259968512ef0:192.168.34.38:45833], old=null
2019-10-16 21:01:49,348 [4b287a15-77af-487b-aef7-34d1d0ee189f@group-83C26644CFDA-LeaderElection231] INFO  impl.RaftServerImpl (RaftServerImpl.java:setRole(184)) - 4b287a15-77af-487b-aef7-34d1d0ee189f@group-83C26644CFDA: changes role from CANDIDATE to FOLLOWER at term 234 for DISCOVERED_A_NEW_TERM
2019-10-16 21:01:49,348 [4b287a15-77af-487b-aef7-34d1d0ee189f@group-83C26644CFDA-LeaderElection231] INFO  impl.RoleInfo (RoleInfo.java:shutdownLeaderElection(134)) - 4b287a15-77af-487b-aef7-34d1d0ee189f: shutdown LeaderElection
2019-10-16 21:01:49,348 [4b287a15-77af-487b-aef7-34d1d0ee189f@group-83C26644CFDA-LeaderElection231] INFO  impl.RoleInfo (RoleInfo.java:updateAndGet(143)) - 4b287a15-77af-487b-aef7-34d1d0ee189f: start FollowerState
2019-10-16 21:01:49,356 [main] INFO  ozone.MiniOzoneClusterImpl (MiniOzoneClusterImpl.java:lambda$waitForClusterToBeReady$2(164)) - Waiting for 1 number of pipelines out of 4, to report a leader.
2019-10-16 21:01:49,514 [Thread-1721] INFO  impl.FollowerState (FollowerState.java:run(108)) - 4b287a15-77af-487b-aef7-34d1d0ee189f@group-83C26644CFDA-FollowerState: change to CANDIDATE, lastRpcTime:165ms, electionTimeout:165ms
2019-10-16 21:01:49,514 [Thread-1721] INFO  impl.RoleInfo (RoleInfo.java:shutdownFollowerState(121)) - 4b287a15-77af-487b-aef7-34d1d0ee189f: shutdown FollowerState
2019-10-16 21:01:49,514 [Thread-1721] INFO  impl.RaftServerImpl (RaftServerImpl.java:setRole(184)) - 4b287a15-77af-487b-aef7-34d1d0ee189f@group-83C26644CFDA: changes role from  FOLLOWER to CANDIDATE at term 234 for changeToCandidate
2019-10-16 21:01:49,514 [Thread-1721] INFO  impl.RoleInfo (RoleInfo.java:updateAndGet(143)) - 4b287a15-77af-487b-aef7-34d1d0ee189f: start LeaderElection
2019-10-16 21:01:49,534 [4b287a15-77af-487b-aef7-34d1d0ee189f@group-83C26644CFDA-LeaderElection232] INFO  impl.LeaderElection (LeaderElection.java:askForVotes(178)) - 4b287a15-77af-487b-aef7-34d1d0ee189f@group-83C26644CFDA-LeaderElection232: begin an election at term 235 for -1: [4b287a15-77af-487b-aef7-34d1d0ee189f:192.168.34.38:38597, 0aa3649f-570d-46c6-937f-492d7f3a8364:192.168.34.38:33209, 4a03179f-3169-4ac7-a075-259968512ef0:192.168.34.38:45833], old=null
2019-10-16 21:01:49,536 [grpc-default-executor-1] INFO  impl.RaftServerImpl (RaftServerImpl.java:setRole(184)) - 0aa3649f-570d-46c6-937f-492d7f3a8364@group-83C26644CFDA: changes role from  FOLLOWER to FOLLOWER at term 235 for recognizeCandidate:4b287a15-77af-487b-aef7-34d1d0ee189f
2019-10-16 21:01:49,536 [grpc-default-executor-1] INFO  impl.RoleInfo (RoleInfo.java:shutdownFollowerState(121)) - 0aa3649f-570d-46c6-937f-492d7f3a8364: shutdown FollowerState
2019-10-16 21:01:49,536 [grpc-default-executor-2] INFO  impl.RaftServerImpl (RaftServerImpl.java:setRole(184)) - 4a03179f-3169-4ac7-a075-259968512ef0@group-83C26644CFDA: changes role from  FOLLOWER to FOLLOWER at term 235 for recognizeCandidate:4b287a15-77af-487b-aef7-34d1d0ee189f
2019-10-16 21:01:49,536 [Thread-1720] INFO  impl.FollowerState (FollowerState.java:run(117)) - 0aa3649f-570d-46c6-937f-492d7f3a8364@group-83C26644CFDA-FollowerState was interrupted: java.lang.InterruptedException: sleep interrupted
2019-10-16 21:01:49,536 [grpc-default-executor-1] INFO  impl.RoleInfo (RoleInfo.java:updateAndGet(143)) - 0aa3649f-570d-46c6-937f-492d7f3a8364: start FollowerState
2019-10-16 21:01:49,537 [grpc-default-executor-2] INFO  impl.RoleInfo (RoleInfo.java:shutdownFollowerState(121)) - 4a03179f-3169-4ac7-a075-259968512ef0: shutdown FollowerState
2019-10-16 21:01:49,537 [grpc-default-executor-2] INFO  impl.RoleInfo (RoleInfo.java:updateAndGet(143)) - 4a03179f-3169-4ac7-a075-259968512ef0: start FollowerState
2019-10-16 21:01:49,537 [Thread-1719] INFO  impl.FollowerState (FollowerState.java:run(117)) - 4a03179f-3169-4ac7-a075-259968512ef0@group-83C26644CFDA-FollowerState was interrupted: java.lang.InterruptedException: sleep interrupted
2019-10-16 21:01:49,561 [4b287a15-77af-487b-aef7-34d1d0ee189f@group-83C26644CFDA-LeaderElection232] INFO  impl.LeaderElection (LeaderElection.java:logAndReturn(56)) - 4b287a15-77af-487b-aef7-34d1d0ee189f@group-83C26644CFDA-LeaderElection232: Election REJECTED; received 2 response(s) [4b287a15-77af-487b-aef7-34d1d0ee189f<-0aa3649f-570d-46c6-937f-492d7f3a8364#0:FAIL-t235, 4b287a15-77af-487b-aef7-34d1d0ee189f<-4a03179f-3169-4ac7-a075-259968512ef0#0:FAIL-t235] and 0 exception(s); 4b287a15-77af-487b-aef7-34d1d0ee189f@group-83C26644CFDA:t235, leader=null, voted=4b287a15-77af-487b-aef7-34d1d0ee189f, raftlog=4b287a15-77af-487b-aef7-34d1d0ee189f@group-83C26644CFDA-SegmentedRaftLog:OPENED:c-1,f-1,i0, conf=-1: [4b287a15-77af-487b-aef7-34d1d0ee189f:192.168.34.38:38597, 0aa3649f-570d-46c6-937f-492d7f3a8364:192.168.34.38:33209, 4a03179f-3169-4ac7-a075-259968512ef0:192.168.34.38:45833], old=null
2019-10-16 21:01:49,562 [4b287a15-77af-487b-aef7-34d1d0ee189f@group-83C26644CFDA-LeaderElection232] INFO  impl.RaftServerImpl (RaftServerImpl.java:setRole(184)) - 4b287a15-77af-487b-aef7-34d1d0ee189f@group-83C26644CFDA: changes role from CANDIDATE to FOLLOWER at term 235 for DISCOVERED_A_NEW_TERM
2019-10-16 21:01:49,562 [4b287a15-77af-487b-aef7-34d1d0ee189f@group-83C26644CFDA-LeaderElection232] INFO  impl.RoleInfo (RoleInfo.java:shutdownLeaderElection(134)) - 4b287a15-77af-487b-aef7-34d1d0ee189f: shutdown LeaderElection
2019-10-16 21:01:49,562 [4b287a15-77af-487b-aef7-34d1d0ee189f@group-83C26644CFDA-LeaderElection232] INFO  impl.RoleInfo (RoleInfo.java:updateAndGet(143)) - 4b287a15-77af-487b-aef7-34d1d0ee189f: start FollowerState
2019-10-16 21:01:49,688 [Thread-1727] INFO  impl.FollowerState (FollowerState.java:run(108)) - 4b287a15-77af-487b-aef7-34d1d0ee189f@group-83C26644CFDA-FollowerState: change to CANDIDATE, lastRpcTime:126ms, electionTimeout:126ms
2019-10-16 21:01:49,688 [Thread-1727] INFO  impl.RoleInfo (RoleInfo.java:shutdownFollowerState(121)) - 4b287a15-77af-487b-aef7-34d1d0ee189f: shutdown FollowerState
2019-10-16 21:01:49,689 [Thread-1727] INFO  impl.RaftServerImpl (RaftServerImpl.java:setRole(184)) - 4b287a15-77af-487b-aef7-34d1d0ee189f@group-83C26644CFDA: changes role from  FOLLOWER to CANDIDATE at term 235 for changeToCandidate
2019-10-16 21:01:49,689 [Thread-1727] INFO  impl.RoleInfo (RoleInfo.java:updateAndGet(143)) - 4b287a15-77af-487b-aef7-34d1d0ee189f: start LeaderElection
2019-10-16 21:01:49,702 [4b287a15-77af-487b-aef7-34d1d0ee189f@group-83C26644CFDA-LeaderElection233] INFO  impl.LeaderElection (LeaderElection.java:askForVotes(178)) - 4b287a15-77af-487b-aef7-34d1d0ee189f@group-83C26644CFDA-LeaderElection233: begin an election at term 236 for -1: [4b287a15-77af-487b-aef7-34d1d0ee189f:192.168.34.38:38597, 0aa3649f-570d-46c6-937f-492d7f3a8364:192.168.34.38:33209, 4a03179f-3169-4ac7-a075-259968512ef0:192.168.34.38:45833], old=null
2019-10-16 21:01:49,704 [grpc-default-executor-2] INFO  impl.RaftServerImpl (RaftServerImpl.java:setRole(184)) - 0aa3649f-570d-46c6-937f-492d7f3a8364@group-83C26644CFDA: changes role from  FOLLOWER to FOLLOWER at term 236 for recognizeCandidate:4b287a15-77af-487b-aef7-34d1d0ee189f
2019-10-16 21:01:49,704 [grpc-default-executor-2] INFO  impl.RoleInfo (RoleInfo.java:shutdownFollowerState(121)) - 0aa3649f-570d-46c6-937f-492d7f3a8364: shutdown FollowerState
2019-10-16 21:01:49,704 [grpc-default-executor-1] INFO  impl.RaftServerImpl (RaftServerImpl.java:setRole(184)) - 4a03179f-3169-4ac7-a075-259968512ef0@group-83C26644CFDA: changes role from  FOLLOWER to FOLLOWER at term 236 for recognizeCandidate:4b287a15-77af-487b-aef7-34d1d0ee189f
2019-10-16 21:01:49,704 [grpc-default-executor-2] INFO  impl.RoleInfo (RoleInfo.java:updateAndGet(143)) - 0aa3649f-570d-46c6-937f-492d7f3a8364: start FollowerState
2019-10-16 21:01:49,704 [Thread-1725] INFO  impl.FollowerState (FollowerState.java:run(117)) - 0aa3649f-570d-46c6-937f-492d7f3a8364@group-83C26644CFDA-FollowerState was interrupted: java.lang.InterruptedException: sleep interrupted
2019-10-16 21:01:49,704 [grpc-default-executor-1] INFO  impl.RoleInfo (RoleInfo.java:shutdownFollowerState(121)) - 4a03179f-3169-4ac7-a075-259968512ef0: shutdown FollowerState
2019-10-16 21:01:49,705 [grpc-default-executor-1] INFO  impl.RoleInfo (RoleInfo.java:updateAndGet(143)) - 4a03179f-3169-4ac7-a075-259968512ef0: start FollowerState
2019-10-16 21:01:49,705 [Thread-1726] INFO  impl.FollowerState (FollowerState.java:run(117)) - 4a03179f-3169-4ac7-a075-259968512ef0@group-83C26644CFDA-FollowerState was interrupted: java.lang.InterruptedException: sleep interrupted
2019-10-16 21:01:49,729 [4b287a15-77af-487b-aef7-34d1d0ee189f@group-83C26644CFDA-LeaderElection233] INFO  impl.LeaderElection (LeaderElection.java:logAndReturn(56)) - 4b287a15-77af-487b-aef7-34d1d0ee189f@group-83C26644CFDA-LeaderElection233: Election REJECTED; received 2 response(s) [4b287a15-77af-487b-aef7-34d1d0ee189f<-0aa3649f-570d-46c6-937f-492d7f3a8364#0:FAIL-t236, 4b287a15-77af-487b-aef7-34d1d0ee189f<-4a03179f-3169-4ac7-a075-259968512ef0#0:FAIL-t236] and 0 exception(s); 4b287a15-77af-487b-aef7-34d1d0ee189f@group-83C26644CFDA:t236, leader=null, voted=4b287a15-77af-487b-aef7-34d1d0ee189f, raftlog=4b287a15-77af-487b-aef7-34d1d0ee189f@group-83C26644CFDA-SegmentedRaftLog:OPENED:c-1,f-1,i0, conf=-1: [4b287a15-77af-487b-aef7-34d1d0ee189f:192.168.34.38:38597, 0aa3649f-570d-46c6-937f-492d7f3a8364:192.168.34.38:33209, 4a03179f-3169-4ac7-a075-259968512ef0:192.168.34.38:45833], old=null
2019-10-16 21:01:49,729 [4b287a15-77af-487b-aef7-34d1d0ee189f@group-83C26644CFDA-LeaderElection233] INFO  impl.RaftServerImpl (RaftServerImpl.java:setRole(184)) - 4b287a15-77af-487b-aef7-34d1d0ee189f@group-83C26644CFDA: changes role from CANDIDATE to FOLLOWER at term 236 for DISCOVERED_A_NEW_TERM
2019-10-16 21:01:49,729 [4b287a15-77af-487b-aef7-34d1d0ee189f@group-83C26644CFDA-LeaderElection233] INFO  impl.RoleInfo (RoleInfo.java:shutdownLeaderElection(134)) - 4b287a15-77af-487b-aef7-34d1d0ee189f: shutdown LeaderElection
2019-10-16 21:01:49,730 [4b287a15-77af-487b-aef7-34d1d0ee189f@group-83C26644CFDA-LeaderElection233] INFO  impl.RoleInfo (RoleInfo.java:updateAndGet(143)) - 4b287a15-77af-487b-aef7-34d1d0ee189f: start FollowerState
2019-10-16 21:01:49,922 [Thread-1733] INFO  impl.FollowerState (FollowerState.java:run(108)) - 4b287a15-77af-487b-aef7-34d1d0ee189f@group-83C26644CFDA-FollowerState: change to CANDIDATE, lastRpcTime:192ms, electionTimeout:192ms
2019-10-16 21:01:49,922 [Thread-1733] INFO  impl.RoleInfo (RoleInfo.java:shutdownFollowerState(121)) - 4b287a15-77af-487b-aef7-34d1d0ee189f: shutdown FollowerState
2019-10-16 21:01:49,922 [Thread-1733] INFO  impl.RaftServerImpl (RaftServerImpl.java:setRole(184)) - 4b287a15-77af-487b-aef7-34d1d0ee189f@group-83C26644CFDA: changes role from  FOLLOWER to CANDIDATE at term 236 for changeToCandidate
2019-10-16 21:01:49,922 [Thread-1733] INFO  impl.RoleInfo (RoleInfo.java:updateAndGet(143)) - 4b287a15-77af-487b-aef7-34d1d0ee189f: start LeaderElection
2019-10-16 21:01:49,944 [4b287a15-77af-487b-aef7-34d1d0ee189f@group-83C26644CFDA-LeaderElection234] INFO  impl.LeaderElection (LeaderElection.java:askForVotes(178)) - 4b287a15-77af-487b-aef7-34d1d0ee189f@group-83C26644CFDA-LeaderElection234: begin an election at term 237 for -1: [4b287a15-77af-487b-aef7-34d1d0ee189f:192.168.34.38:38597, 0aa3649f-570d-46c6-937f-492d7f3a8364:192.168.34.38:33209, 4a03179f-3169-4ac7-a075-259968512ef0:192.168.34.38:45833], old=null
2019-10-16 21:01:49,947 [grpc-default-executor-1] INFO  impl.RaftServerImpl (RaftServerImpl.java:setRole(184)) - 4a03179f-3169-4ac7-a075-259968512ef0@group-83C26644CFDA: changes role from  FOLLOWER to FOLLOWER at term 237 for recognizeCandidate:4b287a15-77af-487b-aef7-34d1d0ee189f
2019-10-16 21:01:49,947 [grpc-default-executor-2] INFO  impl.RaftServerImpl (RaftServerImpl.java:setRole(184)) - 0aa3649f-570d-46c6-937f-492d7f3a8364@group-83C26644CFDA: changes role from  FOLLOWER to FOLLOWER at term 237 for recognizeCandidate:4b287a15-77af-487b-aef7-34d1d0ee189f
2019-10-16 21:01:49,947 [grpc-default-executor-2] INFO  impl.RoleInfo (RoleInfo.java:shutdownFollowerState(121)) - 0aa3649f-570d-46c6-937f-492d7f3a8364: shutdown FollowerState
2019-10-16 21:01:49,947 [grpc-default-executor-1] INFO  impl.RoleInfo (RoleInfo.java:shutdownFollowerState(121)) - 4a03179f-3169-4ac7-a075-259968512ef0: shutdown FollowerState
2019-10-16 21:01:49,948 [Thread-1731] INFO  impl.FollowerState (FollowerState.java:run(117)) - 0aa3649f-570d-46c6-937f-492d7f3a8364@group-83C26644CFDA-FollowerState was interrupted: java.lang.InterruptedException: sleep interrupted
2019-10-16 21:01:49,948 [grpc-default-executor-2] INFO  impl.RoleInfo (RoleInfo.java:updateAndGet(143)) - 0aa3649f-570d-46c6-937f-492d7f3a8364: start FollowerState
2019-10-16 21:01:49,948 [grpc-default-executor-1] INFO  impl.RoleInfo (RoleInfo.java:updateAndGet(143)) - 4a03179f-3169-4ac7-a075-259968512ef0: start FollowerState
2019-10-16 21:01:49,948 [Thread-1732] INFO  impl.FollowerState (FollowerState.java:run(117)) - 4a03179f-3169-4ac7-a075-259968512ef0@group-83C26644CFDA-FollowerState was interrupted: java.lang.InterruptedException: sleep interrupted
2019-10-16 21:01:49,974 [4b287a15-77af-487b-aef7-34d1d0ee189f@group-83C26644CFDA-LeaderElection234] INFO  impl.LeaderElection (LeaderElection.java:logAndReturn(56)) - 4b287a15-77af-487b-aef7-34d1d0ee189f@group-83C26644CFDA-LeaderElection234: Election REJECTED; received 2 response(s) [4b287a15-77af-487b-aef7-34d1d0ee189f<-0aa3649f-570d-46c6-937f-492d7f3a8364#0:FAIL-t237, 4b287a15-77af-487b-aef7-34d1d0ee189f<-4a03179f-3169-4ac7-a075-259968512ef0#0:FAIL-t237] and 0 exception(s); 4b287a15-77af-487b-aef7-34d1d0ee189f@group-83C26644CFDA:t237, leader=null, voted=4b287a15-77af-487b-aef7-34d1d0ee189f, raftlog=4b287a15-77af-487b-aef7-34d1d0ee189f@group-83C26644CFDA-SegmentedRaftLog:OPENED:c-1,f-1,i0, conf=-1: [4b287a15-77af-487b-aef7-34d1d0ee189f:192.168.34.38:38597, 0aa3649f-570d-46c6-937f-492d7f3a8364:192.168.34.38:33209, 4a03179f-3169-4ac7-a075-259968512ef0:192.168.34.38:45833], old=null
2019-10-16 21:01:49,975 [4b287a15-77af-487b-aef7-34d1d0ee189f@group-83C26644CFDA-LeaderElection234] INFO  impl.RaftServerImpl (RaftServerImpl.java:setRole(184)) - 4b287a15-77af-487b-aef7-34d1d0ee189f@group-83C26644CFDA: changes role from CANDIDATE to FOLLOWER at term 237 for DISCOVERED_A_NEW_TERM
2019-10-16 21:01:49,975 [4b287a15-77af-487b-aef7-34d1d0ee189f@group-83C26644CFDA-LeaderElection234] INFO  impl.RoleInfo (RoleInfo.java:shutdownLeaderElection(134)) - 4b287a15-77af-487b-aef7-34d1d0ee189f: shutdown LeaderElection
2019-10-16 21:01:49,975 [4b287a15-77af-487b-aef7-34d1d0ee189f@group-83C26644CFDA-LeaderElection234] INFO  impl.RoleInfo (RoleInfo.java:updateAndGet(143)) - 4b287a15-77af-487b-aef7-34d1d0ee189f: start FollowerState
2019-10-16 21:01:49,995 [Thread-1739] INFO  impl.FollowerState (FollowerState.java:run(108)) - 4b287a15-77af-487b-aef7-34d1d0ee189f@group-83C26644CFDA-FollowerState: change to CANDIDATE, lastRpcTime:20ms, electionTimeout:20ms
2019-10-16 21:01:49,995 [Thread-1739] INFO  impl.RoleInfo (RoleInfo.java:shutdownFollowerState(121)) - 4b287a15-77af-487b-aef7-34d1d0ee189f: shutdown FollowerState
2019-10-16 21:01:49,995 [Thread-1739] INFO  impl.RaftServerImpl (RaftServerImpl.java:setRole(184)) - 4b287a15-77af-487b-aef7-34d1d0ee189f@group-83C26644CFDA: changes role from  FOLLOWER to CANDIDATE at term 237 for changeToCandidate
2019-10-16 21:01:49,996 [Thread-1739] INFO  impl.RoleInfo (RoleInfo.java:updateAndGet(143)) - 4b287a15-77af-487b-aef7-34d1d0ee189f: start LeaderElection
2019-10-16 21:01:50,010 [4b287a15-77af-487b-aef7-34d1d0ee189f@group-83C26644CFDA-LeaderElection235] INFO  impl.LeaderElection (LeaderElection.java:askForVotes(178)) - 4b287a15-77af-487b-aef7-34d1d0ee189f@group-83C26644CFDA-LeaderElection235: begin an election at term 238 for -1: [4b287a15-77af-487b-aef7-34d1d0ee189f:192.168.34.38:38597, 0aa3649f-570d-46c6-937f-492d7f3a8364:192.168.34.38:33209, 4a03179f-3169-4ac7-a075-259968512ef0:192.168.34.38:45833], old=null
2019-10-16 21:01:50,012 [grpc-default-executor-2] INFO  impl.RaftServerImpl (RaftServerImpl.java:setRole(184)) - 0aa3649f-570d-46c6-937f-492d7f3a8364@group-83C26644CFDA: changes role from  FOLLOWER to FOLLOWER at term 238 for recognizeCandidate:4b287a15-77af-487b-aef7-34d1d0ee189f
2019-10-16 21:01:50,012 [grpc-default-executor-2] INFO  impl.RoleInfo (RoleInfo.java:shutdownFollowerState(121)) - 0aa3649f-570d-46c6-937f-492d7f3a8364: shutdown FollowerState
2019-10-16 21:01:50,012 [grpc-default-executor-2] INFO  impl.RoleInfo (RoleInfo.java:updateAndGet(143)) - 0aa3649f-570d-46c6-937f-492d7f3a8364: start FollowerState
2019-10-16 21:01:50,012 [grpc-default-executor-1] INFO  impl.RaftServerImpl (RaftServerImpl.java:setRole(184)) - 4a03179f-3169-4ac7-a075-259968512ef0@group-83C26644CFDA: changes role from  FOLLOWER to FOLLOWER at term 238 for recognizeCandidate:4b287a15-77af-487b-aef7-34d1d0ee189f
2019-10-16 21:01:50,012 [Thread-1737] INFO  impl.FollowerState (FollowerState.java:run(117)) - 0aa3649f-570d-46c6-937f-492d7f3a8364@group-83C26644CFDA-FollowerState was interrupted: java.lang.InterruptedException: sleep interrupted
2019-10-16 21:01:50,012 [grpc-default-executor-1] INFO  impl.RoleInfo (RoleInfo.java:shutdownFollowerState(121)) - 4a03179f-3169-4ac7-a075-259968512ef0: shutdown FollowerState
2019-10-16 21:01:50,013 [grpc-default-executor-1] INFO  impl.RoleInfo (RoleInfo.java:updateAndGet(143)) - 4a03179f-3169-4ac7-a075-259968512ef0: start FollowerState
2019-10-16 21:01:50,013 [Thread-1738] INFO  impl.FollowerState (FollowerState.java:run(117)) - 4a03179f-3169-4ac7-a075-259968512ef0@group-83C26644CFDA-FollowerState was interrupted: java.lang.InterruptedException: sleep interrupted
2019-10-16 21:01:50,038 [4b287a15-77af-487b-aef7-34d1d0ee189f@group-83C26644CFDA-LeaderElection235] INFO  impl.LeaderElection (LeaderElection.java:logAndReturn(56)) - 4b287a15-77af-487b-aef7-34d1d0ee189f@group-83C26644CFDA-LeaderElection235: Election REJECTED; received 2 response(s) [4b287a15-77af-487b-aef7-34d1d0ee189f<-0aa3649f-570d-46c6-937f-492d7f3a8364#0:FAIL-t238, 4b287a15-77af-487b-aef7-34d1d0ee189f<-4a03179f-3169-4ac7-a075-259968512ef0#0:FAIL-t238] and 0 exception(s); 4b287a15-77af-487b-aef7-34d1d0ee189f@group-83C26644CFDA:t238, leader=null, voted=4b287a15-77af-487b-aef7-34d1d0ee189f, raftlog=4b287a15-77af-487b-aef7-34d1d0ee189f@group-83C26644CFDA-SegmentedRaftLog:OPENED:c-1,f-1,i0, conf=-1: [4b287a15-77af-487b-aef7-34d1d0ee189f:192.168.34.38:38597, 0aa3649f-570d-46c6-937f-492d7f3a8364:192.168.34.38:33209, 4a03179f-3169-4ac7-a075-259968512ef0:192.168.34.38:45833], old=null
2019-10-16 21:01:50,039 [4b287a15-77af-487b-aef7-34d1d0ee189f@group-83C26644CFDA-LeaderElection235] INFO  impl.RaftServerImpl (RaftServerImpl.java:setRole(184)) - 4b287a15-77af-487b-aef7-34d1d0ee189f@group-83C26644CFDA: changes role from CANDIDATE to FOLLOWER at term 238 for DISCOVERED_A_NEW_TERM
2019-10-16 21:01:50,039 [4b287a15-77af-487b-aef7-34d1d0ee189f@group-83C26644CFDA-LeaderElection235] INFO  impl.RoleInfo (RoleInfo.java:shutdownLeaderElection(134)) - 4b287a15-77af-487b-aef7-34d1d0ee189f: shutdown LeaderElection
2019-10-16 21:01:50,039 [4b287a15-77af-487b-aef7-34d1d0ee189f@group-83C26644CFDA-LeaderElection235] INFO  impl.RoleInfo (RoleInfo.java:updateAndGet(143)) - 4b287a15-77af-487b-aef7-34d1d0ee189f: start FollowerState
2019-10-16 21:01:50,229 [Thread-1745] INFO  impl.FollowerState (FollowerState.java:run(108)) - 4b287a15-77af-487b-aef7-34d1d0ee189f@group-83C26644CFDA-FollowerState: change to CANDIDATE, lastRpcTime:189ms, electionTimeout:189ms
2019-10-16 21:01:50,229 [Thread-1745] INFO  impl.RoleInfo (RoleInfo.java:shutdownFollowerState(121)) - 4b287a15-77af-487b-aef7-34d1d0ee189f: shutdown FollowerState
2019-10-16 21:01:50,229 [Thread-1745] INFO  impl.RaftServerImpl (RaftServerImpl.java:setRole(184)) - 4b287a15-77af-487b-aef7-34d1d0ee189f@group-83C26644CFDA: changes role from  FOLLOWER to CANDIDATE at term 238 for changeToCandidate
2019-10-16 21:01:50,229 [Thread-1745] INFO  impl.RoleInfo (RoleInfo.java:updateAndGet(143)) - 4b287a15-77af-487b-aef7-34d1d0ee189f: start LeaderElection
2019-10-16 21:01:50,242 [4b287a15-77af-487b-aef7-34d1d0ee189f@group-83C26644CFDA-LeaderElection236] INFO  impl.LeaderElection (LeaderElection.java:askForVotes(178)) - 4b287a15-77af-487b-aef7-34d1d0ee189f@group-83C26644CFDA-LeaderElection236: begin an election at term 239 for -1: [4b287a15-77af-487b-aef7-34d1d0ee189f:192.168.34.38:38597, 0aa3649f-570d-46c6-937f-492d7f3a8364:192.168.34.38:33209, 4a03179f-3169-4ac7-a075-259968512ef0:192.168.34.38:45833], old=null
2019-10-16 21:01:50,244 [grpc-default-executor-2] INFO  impl.RaftServerImpl (RaftServerImpl.java:setRole(184)) - 4a03179f-3169-4ac7-a075-259968512ef0@group-83C26644CFDA: changes role from  FOLLOWER to FOLLOWER at term 239 for recognizeCandidate:4b287a15-77af-487b-aef7-34d1d0ee189f
2019-10-16 21:01:50,244 [grpc-default-executor-1] INFO  impl.RaftServerImpl (RaftServerImpl.java:setRole(184)) - 0aa3649f-570d-46c6-937f-492d7f3a8364@group-83C26644CFDA: changes role from  FOLLOWER to FOLLOWER at term 239 for recognizeCandidate:4b287a15-77af-487b-aef7-34d1d0ee189f
2019-10-16 21:01:50,244 [grpc-default-executor-1] INFO  impl.RoleInfo (RoleInfo.java:shutdownFollowerState(121)) - 0aa3649f-570d-46c6-937f-492d7f3a8364: shutdown FollowerState
2019-10-16 21:01:50,244 [grpc-default-executor-2] INFO  impl.RoleInfo (RoleInfo.java:shutdownFollowerState(121)) - 4a03179f-3169-4ac7-a075-259968512ef0: shutdown FollowerState
2019-10-16 21:01:50,245 [Thread-1743] INFO  impl.FollowerState (FollowerState.java:run(117)) - 0aa3649f-570d-46c6-937f-492d7f3a8364@group-83C26644CFDA-FollowerState was interrupted: java.lang.InterruptedException: sleep interrupted
2019-10-16 21:01:50,245 [grpc-default-executor-1] INFO  impl.RoleInfo (RoleInfo.java:updateAndGet(143)) - 0aa3649f-570d-46c6-937f-492d7f3a8364: start FollowerState
2019-10-16 21:01:50,245 [Thread-1744] INFO  impl.FollowerState (FollowerState.java:run(117)) - 4a03179f-3169-4ac7-a075-259968512ef0@group-83C26644CFDA-FollowerState was interrupted: java.lang.InterruptedException: sleep interrupted
2019-10-16 21:01:50,245 [grpc-default-executor-2] INFO  impl.RoleInfo (RoleInfo.java:updateAndGet(143)) - 4a03179f-3169-4ac7-a075-259968512ef0: start FollowerState
2019-10-16 21:01:50,259 [4b287a15-77af-487b-aef7-34d1d0ee189f@group-83C26644CFDA-LeaderElection236] INFO  impl.LeaderElection (LeaderElection.java:logAndReturn(56)) - 4b287a15-77af-487b-aef7-34d1d0ee189f@group-83C26644CFDA-LeaderElection236: Election TIMEOUT; received 0 response(s) [] and 0 exception(s); 4b287a15-77af-487b-aef7-34d1d0ee189f@group-83C26644CFDA:t239, leader=null, voted=4b287a15-77af-487b-aef7-34d1d0ee189f, raftlog=4b287a15-77af-487b-aef7-34d1d0ee189f@group-83C26644CFDA-SegmentedRaftLog:OPENED:c-1,f-1,i0, conf=-1: [4b287a15-77af-487b-aef7-34d1d0ee189f:192.168.34.38:38597, 0aa3649f-570d-46c6-937f-492d7f3a8364:192.168.34.38:33209, 4a03179f-3169-4ac7-a075-259968512ef0:192.168.34.38:45833], old=null
2019-10-16 21:01:50,272 [4b287a15-77af-487b-aef7-34d1d0ee189f@group-83C26644CFDA-LeaderElection236] INFO  impl.LeaderElection (LeaderElection.java:askForVotes(178)) - 4b287a15-77af-487b-aef7-34d1d0ee189f@group-83C26644CFDA-LeaderElection236: begin an election at term 240 for -1: [4b287a15-77af-487b-aef7-34d1d0ee189f:192.168.34.38:38597, 0aa3649f-570d-46c6-937f-492d7f3a8364:192.168.34.38:33209, 4a03179f-3169-4ac7-a075-259968512ef0:192.168.34.38:45833], old=null
2019-10-16 21:01:50,273 [grpc-default-executor-1] INFO  impl.RaftServerImpl (RaftServerImpl.java:setRole(184)) - 0aa3649f-570d-46c6-937f-492d7f3a8364@group-83C26644CFDA: changes role from  FOLLOWER to FOLLOWER at term 240 for recognizeCandidate:4b287a15-77af-487b-aef7-34d1d0ee189f
2019-10-16 21:01:50,273 [grpc-default-executor-2] INFO  impl.RaftServerImpl (RaftServerImpl.java:setRole(184)) - 4a03179f-3169-4ac7-a075-259968512ef0@group-83C26644CFDA: changes role from  FOLLOWER to FOLLOWER at term 240 for recognizeCandidate:4b287a15-77af-487b-aef7-34d1d0ee189f
2019-10-16 21:01:50,273 [grpc-default-executor-1] INFO  impl.RoleInfo (RoleInfo.java:shutdownFollowerState(121)) - 0aa3649f-570d-46c6-937f-492d7f3a8364: shutdown FollowerState
2019-10-16 21:01:50,273 [grpc-default-executor-2] INFO  impl.RoleInfo (RoleInfo.java:shutdownFollowerState(121)) - 4a03179f-3169-4ac7-a075-259968512ef0: shutdown FollowerState
2019-10-16 21:01:50,274 [Thread-1749] INFO  impl.FollowerState (FollowerState.java:run(117)) - 0aa3649f-570d-46c6-937f-492d7f3a8364@group-83C26644CFDA-FollowerState was interrupted: java.lang.InterruptedException: sleep interrupted
2019-10-16 21:01:50,274 [grpc-default-executor-1] INFO  impl.RoleInfo (RoleInfo.java:updateAndGet(143)) - 0aa3649f-570d-46c6-937f-492d7f3a8364: start FollowerState
2019-10-16 21:01:50,274 [Thread-1750] INFO  impl.FollowerState (FollowerState.java:run(117)) - 4a03179f-3169-4ac7-a075-259968512ef0@group-83C26644CFDA-FollowerState was interrupted: java.lang.InterruptedException: sleep interrupted
2019-10-16 21:01:50,274 [grpc-default-executor-2] INFO  impl.RoleInfo (RoleInfo.java:updateAndGet(143)) - 4a03179f-3169-4ac7-a075-259968512ef0: start FollowerState
2019-10-16 21:01:50,288 [4b287a15-77af-487b-aef7-34d1d0ee189f@group-83C26644CFDA-LeaderElection236] INFO  impl.LeaderElection (LeaderElection.java:logAndReturn(56)) - 4b287a15-77af-487b-aef7-34d1d0ee189f@group-83C26644CFDA-LeaderElection236: Election REJECTED; received 2 response(s) [4b287a15-77af-487b-aef7-34d1d0ee189f<-0aa3649f-570d-46c6-937f-492d7f3a8364#0:FAIL-t240, 4b287a15-77af-487b-aef7-34d1d0ee189f<-4a03179f-3169-4ac7-a075-259968512ef0#0:FAIL-t240] and 0 exception(s); 4b287a15-77af-487b-aef7-34d1d0ee189f@group-83C26644CFDA:t240, leader=null, voted=4b287a15-77af-487b-aef7-34d1d0ee189f, raftlog=4b287a15-77af-487b-aef7-34d1d0ee189f@group-83C26644CFDA-SegmentedRaftLog:OPENED:c-1,f-1,i0, conf=-1: [4b287a15-77af-487b-aef7-34d1d0ee189f:192.168.34.38:38597, 0aa3649f-570d-46c6-937f-492d7f3a8364:192.168.34.38:33209, 4a03179f-3169-4ac7-a075-259968512ef0:192.168.34.38:45833], old=null
2019-10-16 21:01:50,288 [4b287a15-77af-487b-aef7-34d1d0ee189f@group-83C26644CFDA-LeaderElection236] INFO  impl.RaftServerImpl (RaftServerImpl.java:setRole(184)) - 4b287a15-77af-487b-aef7-34d1d0ee189f@group-83C26644CFDA: changes role from CANDIDATE to FOLLOWER at term 240 for DISCOVERED_A_NEW_TERM
2019-10-16 21:01:50,288 [4b287a15-77af-487b-aef7-34d1d0ee189f@group-83C26644CFDA-LeaderElection236] INFO  impl.RoleInfo (RoleInfo.java:shutdownLeaderElection(134)) - 4b287a15-77af-487b-aef7-34d1d0ee189f: shutdown LeaderElection
2019-10-16 21:01:50,288 [4b287a15-77af-487b-aef7-34d1d0ee189f@group-83C26644CFDA-LeaderElection236] INFO  impl.RoleInfo (RoleInfo.java:updateAndGet(143)) - 4b287a15-77af-487b-aef7-34d1d0ee189f: start FollowerState
2019-10-16 21:01:50,357 [main] INFO  ozone.MiniOzoneClusterImpl (MiniOzoneClusterImpl.java:lambda$waitForClusterToBeReady$2(164)) - Waiting for 1 number of pipelines out of 4, to report a leader.
2019-10-16 21:01:50,473 [Thread-1755] INFO  impl.FollowerState (FollowerState.java:run(108)) - 4b287a15-77af-487b-aef7-34d1d0ee189f@group-83C26644CFDA-FollowerState: change to CANDIDATE, lastRpcTime:185ms, electionTimeout:185ms
2019-10-16 21:01:50,474 [Thread-1755] INFO  impl.RoleInfo (RoleInfo.java:shutdownFollowerState(121)) - 4b287a15-77af-487b-aef7-34d1d0ee189f: shutdown FollowerState
2019-10-16 21:01:50,474 [Thread-1755] INFO  impl.RaftServerImpl (RaftServerImpl.java:setRole(184)) - 4b287a15-77af-487b-aef7-34d1d0ee189f@group-83C26644CFDA: changes role from  FOLLOWER to CANDIDATE at term 240 for changeToCandidate
2019-10-16 21:01:50,474 [Thread-1755] INFO  impl.RoleInfo (RoleInfo.java:updateAndGet(143)) - 4b287a15-77af-487b-aef7-34d1d0ee189f: start LeaderElection
2019-10-16 21:01:50,488 [4b287a15-77af-487b-aef7-34d1d0ee189f@group-83C26644CFDA-LeaderElection237] INFO  impl.LeaderElection (LeaderElection.java:askForVotes(178)) - 4b287a15-77af-487b-aef7-34d1d0ee189f@group-83C26644CFDA-LeaderElection237: begin an election at term 241 for -1: [4b287a15-77af-487b-aef7-34d1d0ee189f:192.168.34.38:38597, 0aa3649f-570d-46c6-937f-492d7f3a8364:192.168.34.38:33209, 4a03179f-3169-4ac7-a075-259968512ef0:192.168.34.38:45833], old=null
2019-10-16 21:01:50,491 [grpc-default-executor-2] INFO  impl.RaftServerImpl (RaftServerImpl.java:setRole(184)) - 4a03179f-3169-4ac7-a075-259968512ef0@group-83C26644CFDA: changes role from  FOLLOWER to FOLLOWER at term 241 for recognizeCandidate:4b287a15-77af-487b-aef7-34d1d0ee189f
2019-10-16 21:01:50,491 [grpc-default-executor-2] INFO  impl.RoleInfo (RoleInfo.java:shutdownFollowerState(121)) - 4a03179f-3169-4ac7-a075-259968512ef0: shutdown FollowerState
2019-10-16 21:01:50,491 [grpc-default-executor-2] INFO  impl.RoleInfo (RoleInfo.java:updateAndGet(143)) - 4a03179f-3169-4ac7-a075-259968512ef0: start FollowerState
2019-10-16 21:01:50,491 [grpc-default-executor-1] INFO  impl.RaftServerImpl (RaftServerImpl.java:setRole(184)) - 0aa3649f-570d-46c6-937f-492d7f3a8364@group-83C26644CFDA: changes role from  FOLLOWER to FOLLOWER at term 241 for recognizeCandidate:4b287a15-77af-487b-aef7-34d1d0ee189f
2019-10-16 21:01:50,491 [Thread-1754] INFO  impl.FollowerState (FollowerState.java:run(117)) - 4a03179f-3169-4ac7-a075-259968512ef0@group-83C26644CFDA-FollowerState was interrupted: java.lang.InterruptedException: sleep interrupted
2019-10-16 21:01:50,491 [grpc-default-executor-1] INFO  impl.RoleInfo (RoleInfo.java:shutdownFollowerState(121)) - 0aa3649f-570d-46c6-937f-492d7f3a8364: shutdown FollowerState
2019-10-16 21:01:50,492 [grpc-default-executor-1] INFO  impl.RoleInfo (RoleInfo.java:updateAndGet(143)) - 0aa3649f-570d-46c6-937f-492d7f3a8364: start FollowerState
2019-10-16 21:01:50,492 [Thread-1753] INFO  impl.FollowerState (FollowerState.java:run(117)) - 0aa3649f-570d-46c6-937f-492d7f3a8364@group-83C26644CFDA-FollowerState was interrupted: java.lang.InterruptedException: sleep interrupted
2019-10-16 21:01:50,517 [4b287a15-77af-487b-aef7-34d1d0ee189f@group-83C26644CFDA-LeaderElection237] INFO  impl.LeaderElection (LeaderElection.java:logAndReturn(56)) - 4b287a15-77af-487b-aef7-34d1d0ee189f@group-83C26644CFDA-LeaderElection237: Election REJECTED; received 2 response(s) [4b287a15-77af-487b-aef7-34d1d0ee189f<-0aa3649f-570d-46c6-937f-492d7f3a8364#0:FAIL-t241, 4b287a15-77af-487b-aef7-34d1d0ee189f<-4a03179f-3169-4ac7-a075-259968512ef0#0:FAIL-t241] and 0 exception(s); 4b287a15-77af-487b-aef7-34d1d0ee189f@group-83C26644CFDA:t241, leader=null, voted=4b287a15-77af-487b-aef7-34d1d0ee189f, raftlog=4b287a15-77af-487b-aef7-34d1d0ee189f@group-83C26644CFDA-SegmentedRaftLog:OPENED:c-1,f-1,i0, conf=-1: [4b287a15-77af-487b-aef7-34d1d0ee189f:192.168.34.38:38597, 0aa3649f-570d-46c6-937f-492d7f3a8364:192.168.34.38:33209, 4a03179f-3169-4ac7-a075-259968512ef0:192.168.34.38:45833], old=null
2019-10-16 21:01:50,517 [4b287a15-77af-487b-aef7-34d1d0ee189f@group-83C26644CFDA-LeaderElection237] INFO  impl.RaftServerImpl (RaftServerImpl.java:setRole(184)) - 4b287a15-77af-487b-aef7-34d1d0ee189f@group-83C26644CFDA: changes role from CANDIDATE to FOLLOWER at term 241 for DISCOVERED_A_NEW_TERM
2019-10-16 21:01:50,517 [4b287a15-77af-487b-aef7-34d1d0ee189f@group-83C26644CFDA-LeaderElection237] INFO  impl.RoleInfo (RoleInfo.java:shutdownLeaderElection(134)) - 4b287a15-77af-487b-aef7-34d1d0ee189f: shutdown LeaderElection
2019-10-16 21:01:50,518 [4b287a15-77af-487b-aef7-34d1d0ee189f@group-83C26644CFDA-LeaderElection237] INFO  impl.RoleInfo (RoleInfo.java:updateAndGet(143)) - 4b287a15-77af-487b-aef7-34d1d0ee189f: start FollowerState
2019-10-16 21:01:50,534 [Thread-1761] INFO  impl.FollowerState (FollowerState.java:run(108)) - 4b287a15-77af-487b-aef7-34d1d0ee189f@group-83C26644CFDA-FollowerState: change to CANDIDATE, lastRpcTime:16ms, electionTimeout:16ms
2019-10-16 21:01:50,534 [Thread-1761] INFO  impl.RoleInfo (RoleInfo.java:shutdownFollowerState(121)) - 4b287a15-77af-487b-aef7-34d1d0ee189f: shutdown FollowerState
2019-10-16 21:01:50,534 [Thread-1761] INFO  impl.RaftServerImpl (RaftServerImpl.java:setRole(184)) - 4b287a15-77af-487b-aef7-34d1d0ee189f@group-83C26644CFDA: changes role from  FOLLOWER to CANDIDATE at term 241 for changeToCandidate
2019-10-16 21:01:50,534 [Thread-1761] INFO  impl.RoleInfo (RoleInfo.java:updateAndGet(143)) - 4b287a15-77af-487b-aef7-34d1d0ee189f: start LeaderElection
2019-10-16 21:01:50,547 [4b287a15-77af-487b-aef7-34d1d0ee189f@group-83C26644CFDA-LeaderElection238] INFO  impl.LeaderElection (LeaderElection.java:askForVotes(178)) - 4b287a15-77af-487b-aef7-34d1d0ee189f@group-83C26644CFDA-LeaderElection238: begin an election at term 242 for -1: [4b287a15-77af-487b-aef7-34d1d0ee189f:192.168.34.38:38597, 0aa3649f-570d-46c6-937f-492d7f3a8364:192.168.34.38:33209, 4a03179f-3169-4ac7-a075-259968512ef0:192.168.34.38:45833], old=null
2019-10-16 21:01:50,549 [grpc-default-executor-1] INFO  impl.RaftServerImpl (RaftServerImpl.java:setRole(184)) - 0aa3649f-570d-46c6-937f-492d7f3a8364@group-83C26644CFDA: changes role from  FOLLOWER to FOLLOWER at term 242 for recognizeCandidate:4b287a15-77af-487b-aef7-34d1d0ee189f
2019-10-16 21:01:50,550 [grpc-default-executor-1] INFO  impl.RoleInfo (RoleInfo.java:shutdownFollowerState(121)) - 0aa3649f-570d-46c6-937f-492d7f3a8364: shutdown FollowerState
2019-10-16 21:01:50,550 [grpc-default-executor-2] INFO  impl.RaftServerImpl (RaftServerImpl.java:setRole(184)) - 4a03179f-3169-4ac7-a075-259968512ef0@group-83C26644CFDA: changes role from  FOLLOWER to FOLLOWER at term 242 for recognizeCandidate:4b287a15-77af-487b-aef7-34d1d0ee189f
2019-10-16 21:01:50,550 [Thread-1760] INFO  impl.FollowerState (FollowerState.java:run(117)) - 0aa3649f-570d-46c6-937f-492d7f3a8364@group-83C26644CFDA-FollowerState was interrupted: java.lang.InterruptedException: sleep interrupted
2019-10-16 21:01:50,550 [grpc-default-executor-1] INFO  impl.RoleInfo (RoleInfo.java:updateAndGet(143)) - 0aa3649f-570d-46c6-937f-492d7f3a8364: start FollowerState
2019-10-16 21:01:50,550 [grpc-default-executor-2] INFO  impl.RoleInfo (RoleInfo.java:shutdownFollowerState(121)) - 4a03179f-3169-4ac7-a075-259968512ef0: shutdown FollowerState
2019-10-16 21:01:50,550 [grpc-default-executor-2] INFO  impl.RoleInfo (RoleInfo.java:updateAndGet(143)) - 4a03179f-3169-4ac7-a075-259968512ef0: start FollowerState
2019-10-16 21:01:50,550 [Thread-1759] INFO  impl.FollowerState (FollowerState.java:run(117)) - 4a03179f-3169-4ac7-a075-259968512ef0@group-83C26644CFDA-FollowerState was interrupted: java.lang.InterruptedException: sleep interrupted
2019-10-16 21:01:50,564 [4b287a15-77af-487b-aef7-34d1d0ee189f@group-83C26644CFDA-LeaderElection238] INFO  impl.LeaderElection (LeaderElection.java:logAndReturn(56)) - 4b287a15-77af-487b-aef7-34d1d0ee189f@group-83C26644CFDA-LeaderElection238: Election REJECTED; received 2 response(s) [4b287a15-77af-487b-aef7-34d1d0ee189f<-0aa3649f-570d-46c6-937f-492d7f3a8364#0:FAIL-t242, 4b287a15-77af-487b-aef7-34d1d0ee189f<-4a03179f-3169-4ac7-a075-259968512ef0#0:FAIL-t242] and 0 exception(s); 4b287a15-77af-487b-aef7-34d1d0ee189f@group-83C26644CFDA:t242, leader=null, voted=4b287a15-77af-487b-aef7-34d1d0ee189f, raftlog=4b287a15-77af-487b-aef7-34d1d0ee189f@group-83C26644CFDA-SegmentedRaftLog:OPENED:c-1,f-1,i0, conf=-1: [4b287a15-77af-487b-aef7-34d1d0ee189f:192.168.34.38:38597, 0aa3649f-570d-46c6-937f-492d7f3a8364:192.168.34.38:33209, 4a03179f-3169-4ac7-a075-259968512ef0:192.168.34.38:45833], old=null
2019-10-16 21:01:50,564 [4b287a15-77af-487b-aef7-34d1d0ee189f@group-83C26644CFDA-LeaderElection238] INFO  impl.RaftServerImpl (RaftServerImpl.java:setRole(184)) - 4b287a15-77af-487b-aef7-34d1d0ee189f@group-83C26644CFDA: changes role from CANDIDATE to FOLLOWER at term 242 for DISCOVERED_A_NEW_TERM
2019-10-16 21:01:50,564 [4b287a15-77af-487b-aef7-34d1d0ee189f@group-83C26644CFDA-LeaderElection238] INFO  impl.RoleInfo (RoleInfo.java:shutdownLeaderElection(134)) - 4b287a15-77af-487b-aef7-34d1d0ee189f: shutdown LeaderElection
2019-10-16 21:01:50,565 [4b287a15-77af-487b-aef7-34d1d0ee189f@group-83C26644CFDA-LeaderElection238] INFO  impl.RoleInfo (RoleInfo.java:updateAndGet(143)) - 4b287a15-77af-487b-aef7-34d1d0ee189f: start FollowerState
2019-10-16 21:01:50,619 [Thread-1767] INFO  impl.FollowerState (FollowerState.java:run(108)) - 4b287a15-77af-487b-aef7-34d1d0ee189f@group-83C26644CFDA-FollowerState: change to CANDIDATE, lastRpcTime:54ms, electionTimeout:54ms
2019-10-16 21:01:50,619 [Thread-1767] INFO  impl.RoleInfo (RoleInfo.java:shutdownFollowerState(121)) - 4b287a15-77af-487b-aef7-34d1d0ee189f: shutdown FollowerState
2019-10-16 21:01:50,619 [Thread-1767] INFO  impl.RaftServerImpl (RaftServerImpl.java:setRole(184)) - 4b287a15-77af-487b-aef7-34d1d0ee189f@group-83C26644CFDA: changes role from  FOLLOWER to CANDIDATE at term 242 for changeToCandidate
2019-10-16 21:01:50,619 [Thread-1767] INFO  impl.RoleInfo (RoleInfo.java:updateAndGet(143)) - 4b287a15-77af-487b-aef7-34d1d0ee189f: start LeaderElection
2019-10-16 21:01:50,634 [4b287a15-77af-487b-aef7-34d1d0ee189f@group-83C26644CFDA-LeaderElection239] INFO  impl.LeaderElection (LeaderElection.java:askForVotes(178)) - 4b287a15-77af-487b-aef7-34d1d0ee189f@group-83C26644CFDA-LeaderElection239: begin an election at term 243 for -1: [4b287a15-77af-487b-aef7-34d1d0ee189f:192.168.34.38:38597, 0aa3649f-570d-46c6-937f-492d7f3a8364:192.168.34.38:33209, 4a03179f-3169-4ac7-a075-259968512ef0:192.168.34.38:45833], old=null
2019-10-16 21:01:50,636 [grpc-default-executor-2] INFO  impl.RaftServerImpl (RaftServerImpl.java:setRole(184)) - 0aa3649f-570d-46c6-937f-492d7f3a8364@group-83C26644CFDA: changes role from  FOLLOWER to FOLLOWER at term 243 for recognizeCandidate:4b287a15-77af-487b-aef7-34d1d0ee189f
2019-10-16 21:01:50,636 [grpc-default-executor-2] INFO  impl.RoleInfo (RoleInfo.java:shutdownFollowerState(121)) - 0aa3649f-570d-46c6-937f-492d7f3a8364: shutdown FollowerState
2019-10-16 21:01:50,636 [grpc-default-executor-2] INFO  impl.RoleInfo (RoleInfo.java:updateAndGet(143)) - 0aa3649f-570d-46c6-937f-492d7f3a8364: start FollowerState
2019-10-16 21:01:50,636 [grpc-default-executor-1] INFO  impl.RaftServerImpl (RaftServerImpl.java:setRole(184)) - 4a03179f-3169-4ac7-a075-259968512ef0@group-83C26644CFDA: changes role from  FOLLOWER to FOLLOWER at term 243 for recognizeCandidate:4b287a15-77af-487b-aef7-34d1d0ee189f
2019-10-16 21:01:50,636 [grpc-default-executor-1] INFO  impl.RoleInfo (RoleInfo.java:shutdownFollowerState(121)) - 4a03179f-3169-4ac7-a075-259968512ef0: shutdown FollowerState
2019-10-16 21:01:50,636 [Thread-1765] INFO  impl.FollowerState (FollowerState.java:run(117)) - 0aa3649f-570d-46c6-937f-492d7f3a8364@group-83C26644CFDA-FollowerState was interrupted: java.lang.InterruptedException: sleep interrupted
2019-10-16 21:01:50,637 [Thread-1766] INFO  impl.FollowerState (FollowerState.java:run(117)) - 4a03179f-3169-4ac7-a075-259968512ef0@group-83C26644CFDA-FollowerState was interrupted: java.lang.InterruptedException: sleep interrupted
2019-10-16 21:01:50,637 [grpc-default-executor-1] INFO  impl.RoleInfo (RoleInfo.java:updateAndGet(143)) - 4a03179f-3169-4ac7-a075-259968512ef0: start FollowerState
2019-10-16 21:01:50,651 [4b287a15-77af-487b-aef7-34d1d0ee189f@group-83C26644CFDA-LeaderElection239] INFO  impl.LeaderElection (LeaderElection.java:logAndReturn(56)) - 4b287a15-77af-487b-aef7-34d1d0ee189f@group-83C26644CFDA-LeaderElection239: Election REJECTED; received 2 response(s) [4b287a15-77af-487b-aef7-34d1d0ee189f<-0aa3649f-570d-46c6-937f-492d7f3a8364#0:FAIL-t243, 4b287a15-77af-487b-aef7-34d1d0ee189f<-4a03179f-3169-4ac7-a075-259968512ef0#0:FAIL-t243] and 0 exception(s); 4b287a15-77af-487b-aef7-34d1d0ee189f@group-83C26644CFDA:t243, leader=null, voted=4b287a15-77af-487b-aef7-34d1d0ee189f, raftlog=4b287a15-77af-487b-aef7-34d1d0ee189f@group-83C26644CFDA-SegmentedRaftLog:OPENED:c-1,f-1,i0, conf=-1: [4b287a15-77af-487b-aef7-34d1d0ee189f:192.168.34.38:38597, 0aa3649f-570d-46c6-937f-492d7f3a8364:192.168.34.38:33209, 4a03179f-3169-4ac7-a075-259968512ef0:192.168.34.38:45833], old=null
2019-10-16 21:01:50,651 [4b287a15-77af-487b-aef7-34d1d0ee189f@group-83C26644CFDA-LeaderElection239] INFO  impl.RaftServerImpl (RaftServerImpl.java:setRole(184)) - 4b287a15-77af-487b-aef7-34d1d0ee189f@group-83C26644CFDA: changes role from CANDIDATE to FOLLOWER at term 243 for DISCOVERED_A_NEW_TERM
2019-10-16 21:01:50,651 [4b287a15-77af-487b-aef7-34d1d0ee189f@group-83C26644CFDA-LeaderElection239] INFO  impl.RoleInfo (RoleInfo.java:shutdownLeaderElection(134)) - 4b287a15-77af-487b-aef7-34d1d0ee189f: shutdown LeaderElection
2019-10-16 21:01:50,651 [4b287a15-77af-487b-aef7-34d1d0ee189f@group-83C26644CFDA-LeaderElection239] INFO  impl.RoleInfo (RoleInfo.java:updateAndGet(143)) - 4b287a15-77af-487b-aef7-34d1d0ee189f: start FollowerState
2019-10-16 21:01:50,667 [Thread-1773] INFO  impl.FollowerState (FollowerState.java:run(108)) - 4b287a15-77af-487b-aef7-34d1d0ee189f@group-83C26644CFDA-FollowerState: change to CANDIDATE, lastRpcTime:16ms, electionTimeout:16ms
2019-10-16 21:01:50,668 [Thread-1773] INFO  impl.RoleInfo (RoleInfo.java:shutdownFollowerState(121)) - 4b287a15-77af-487b-aef7-34d1d0ee189f: shutdown FollowerState
2019-10-16 21:01:50,668 [Thread-1773] INFO  impl.RaftServerImpl (RaftServerImpl.java:setRole(184)) - 4b287a15-77af-487b-aef7-34d1d0ee189f@group-83C26644CFDA: changes role from  FOLLOWER to CANDIDATE at term 243 for changeToCandidate
2019-10-16 21:01:50,668 [Thread-1773] INFO  impl.RoleInfo (RoleInfo.java:updateAndGet(143)) - 4b287a15-77af-487b-aef7-34d1d0ee189f: start LeaderElection
2019-10-16 21:01:50,681 [4b287a15-77af-487b-aef7-34d1d0ee189f@group-83C26644CFDA-LeaderElection240] INFO  impl.LeaderElection (LeaderElection.java:askForVotes(178)) - 4b287a15-77af-487b-aef7-34d1d0ee189f@group-83C26644CFDA-LeaderElection240: begin an election at term 244 for -1: [4b287a15-77af-487b-aef7-34d1d0ee189f:192.168.34.38:38597, 0aa3649f-570d-46c6-937f-492d7f3a8364:192.168.34.38:33209, 4a03179f-3169-4ac7-a075-259968512ef0:192.168.34.38:45833], old=null
2019-10-16 21:01:50,682 [grpc-default-executor-2] INFO  impl.RaftServerImpl (RaftServerImpl.java:setRole(184)) - 0aa3649f-570d-46c6-937f-492d7f3a8364@group-83C26644CFDA: changes role from  FOLLOWER to FOLLOWER at term 244 for recognizeCandidate:4b287a15-77af-487b-aef7-34d1d0ee189f
2019-10-16 21:01:50,683 [grpc-default-executor-2] INFO  impl.RoleInfo (RoleInfo.java:shutdownFollowerState(121)) - 0aa3649f-570d-46c6-937f-492d7f3a8364: shutdown FollowerState
2019-10-16 21:01:50,683 [grpc-default-executor-2] INFO  impl.RoleInfo (RoleInfo.java:updateAndGet(143)) - 0aa3649f-570d-46c6-937f-492d7f3a8364: start FollowerState
2019-10-16 21:01:50,683 [Thread-1771] INFO  impl.FollowerState (FollowerState.java:run(117)) - 0aa3649f-570d-46c6-937f-492d7f3a8364@group-83C26644CFDA-FollowerState was interrupted: java.lang.InterruptedException: sleep interrupted
2019-10-16 21:01:50,683 [grpc-default-executor-1] INFO  impl.RaftServerImpl (RaftServerImpl.java:setRole(184)) - 4a03179f-3169-4ac7-a075-259968512ef0@group-83C26644CFDA: changes role from  FOLLOWER to FOLLOWER at term 244 for recognizeCandidate:4b287a15-77af-487b-aef7-34d1d0ee189f
2019-10-16 21:01:50,683 [grpc-default-executor-1] INFO  impl.RoleInfo (RoleInfo.java:shutdownFollowerState(121)) - 4a03179f-3169-4ac7-a075-259968512ef0: shutdown FollowerState
2019-10-16 21:01:50,683 [grpc-default-executor-1] INFO  impl.RoleInfo (RoleInfo.java:updateAndGet(143)) - 4a03179f-3169-4ac7-a075-259968512ef0: start FollowerState
2019-10-16 21:01:50,683 [Thread-1772] INFO  impl.FollowerState (FollowerState.java:run(117)) - 4a03179f-3169-4ac7-a075-259968512ef0@group-83C26644CFDA-FollowerState was interrupted: java.lang.InterruptedException: sleep interrupted
2019-10-16 21:01:50,709 [4b287a15-77af-487b-aef7-34d1d0ee189f@group-83C26644CFDA-LeaderElection240] INFO  impl.LeaderElection (LeaderElection.java:logAndReturn(56)) - 4b287a15-77af-487b-aef7-34d1d0ee189f@group-83C26644CFDA-LeaderElection240: Election REJECTED; received 2 response(s) [4b287a15-77af-487b-aef7-34d1d0ee189f<-0aa3649f-570d-46c6-937f-492d7f3a8364#0:FAIL-t244, 4b287a15-77af-487b-aef7-34d1d0ee189f<-4a03179f-3169-4ac7-a075-259968512ef0#0:FAIL-t244] and 0 exception(s); 4b287a15-77af-487b-aef7-34d1d0ee189f@group-83C26644CFDA:t244, leader=null, voted=4b287a15-77af-487b-aef7-34d1d0ee189f, raftlog=4b287a15-77af-487b-aef7-34d1d0ee189f@group-83C26644CFDA-SegmentedRaftLog:OPENED:c-1,f-1,i0, conf=-1: [4b287a15-77af-487b-aef7-34d1d0ee189f:192.168.34.38:38597, 0aa3649f-570d-46c6-937f-492d7f3a8364:192.168.34.38:33209, 4a03179f-3169-4ac7-a075-259968512ef0:192.168.34.38:45833], old=null
2019-10-16 21:01:50,709 [4b287a15-77af-487b-aef7-34d1d0ee189f@group-83C26644CFDA-LeaderElection240] INFO  impl.RaftServerImpl (RaftServerImpl.java:setRole(184)) - 4b287a15-77af-487b-aef7-34d1d0ee189f@group-83C26644CFDA: changes role from CANDIDATE to FOLLOWER at term 244 for DISCOVERED_A_NEW_TERM
2019-10-16 21:01:50,709 [4b287a15-77af-487b-aef7-34d1d0ee189f@group-83C26644CFDA-LeaderElection240] INFO  impl.RoleInfo (RoleInfo.java:shutdownLeaderElection(134)) - 4b287a15-77af-487b-aef7-34d1d0ee189f: shutdown LeaderElection
2019-10-16 21:01:50,709 [4b287a15-77af-487b-aef7-34d1d0ee189f@group-83C26644CFDA-LeaderElection240] INFO  impl.RoleInfo (RoleInfo.java:updateAndGet(143)) - 4b287a15-77af-487b-aef7-34d1d0ee189f: start FollowerState
2019-10-16 21:01:50,747 [Thread-1779] INFO  impl.FollowerState (FollowerState.java:run(108)) - 4b287a15-77af-487b-aef7-34d1d0ee189f@group-83C26644CFDA-FollowerState: change to CANDIDATE, lastRpcTime:38ms, electionTimeout:38ms
2019-10-16 21:01:50,748 [Thread-1779] INFO  impl.RoleInfo (RoleInfo.java:shutdownFollowerState(121)) - 4b287a15-77af-487b-aef7-34d1d0ee189f: shutdown FollowerState
2019-10-16 21:01:50,748 [Thread-1779] INFO  impl.RaftServerImpl (RaftServerImpl.java:setRole(184)) - 4b287a15-77af-487b-aef7-34d1d0ee189f@group-83C26644CFDA: changes role from  FOLLOWER to CANDIDATE at term 244 for changeToCandidate
2019-10-16 21:01:50,748 [Thread-1779] INFO  impl.RoleInfo (RoleInfo.java:updateAndGet(143)) - 4b287a15-77af-487b-aef7-34d1d0ee189f: start LeaderElection
2019-10-16 21:01:50,763 [4b287a15-77af-487b-aef7-34d1d0ee189f@group-83C26644CFDA-LeaderElection241] INFO  impl.LeaderElection (LeaderElection.java:askForVotes(178)) - 4b287a15-77af-487b-aef7-34d1d0ee189f@group-83C26644CFDA-LeaderElection241: begin an election at term 245 for -1: [4b287a15-77af-487b-aef7-34d1d0ee189f:192.168.34.38:38597, 0aa3649f-570d-46c6-937f-492d7f3a8364:192.168.34.38:33209, 4a03179f-3169-4ac7-a075-259968512ef0:192.168.34.38:45833], old=null
2019-10-16 21:01:50,765 [grpc-default-executor-2] INFO  impl.RaftServerImpl (RaftServerImpl.java:setRole(184)) - 0aa3649f-570d-46c6-937f-492d7f3a8364@group-83C26644CFDA: changes role from  FOLLOWER to FOLLOWER at term 245 for recognizeCandidate:4b287a15-77af-487b-aef7-34d1d0ee189f
2019-10-16 21:01:50,765 [grpc-default-executor-2] INFO  impl.RoleInfo (RoleInfo.java:shutdownFollowerState(121)) - 0aa3649f-570d-46c6-937f-492d7f3a8364: shutdown FollowerState
2019-10-16 21:01:50,765 [grpc-default-executor-1] INFO  impl.RaftServerImpl (RaftServerImpl.java:setRole(184)) - 4a03179f-3169-4ac7-a075-259968512ef0@group-83C26644CFDA: changes role from  FOLLOWER to FOLLOWER at term 245 for recognizeCandidate:4b287a15-77af-487b-aef7-34d1d0ee189f
2019-10-16 21:01:50,765 [Thread-1777] INFO  impl.FollowerState (FollowerState.java:run(117)) - 0aa3649f-570d-46c6-937f-492d7f3a8364@group-83C26644CFDA-FollowerState was interrupted: java.lang.InterruptedException: sleep interrupted
2019-10-16 21:01:50,765 [grpc-default-executor-2] INFO  impl.RoleInfo (RoleInfo.java:updateAndGet(143)) - 0aa3649f-570d-46c6-937f-492d7f3a8364: start FollowerState
2019-10-16 21:01:50,765 [grpc-default-executor-1] INFO  impl.RoleInfo (RoleInfo.java:shutdownFollowerState(121)) - 4a03179f-3169-4ac7-a075-259968512ef0: shutdown FollowerState
2019-10-16 21:01:50,765 [grpc-default-executor-1] INFO  impl.RoleInfo (RoleInfo.java:updateAndGet(143)) - 4a03179f-3169-4ac7-a075-259968512ef0: start FollowerState
2019-10-16 21:01:50,766 [Thread-1778] INFO  impl.FollowerState (FollowerState.java:run(117)) - 4a03179f-3169-4ac7-a075-259968512ef0@group-83C26644CFDA-FollowerState was interrupted: java.lang.InterruptedException: sleep interrupted
2019-10-16 21:01:50,782 [4b287a15-77af-487b-aef7-34d1d0ee189f@group-83C26644CFDA-LeaderElection241] INFO  impl.LeaderElection (LeaderElection.java:logAndReturn(56)) - 4b287a15-77af-487b-aef7-34d1d0ee189f@group-83C26644CFDA-LeaderElection241: Election REJECTED; received 2 response(s) [4b287a15-77af-487b-aef7-34d1d0ee189f<-0aa3649f-570d-46c6-937f-492d7f3a8364#0:FAIL-t245, 4b287a15-77af-487b-aef7-34d1d0ee189f<-4a03179f-3169-4ac7-a075-259968512ef0#0:FAIL-t245] and 0 exception(s); 4b287a15-77af-487b-aef7-34d1d0ee189f@group-83C26644CFDA:t245, leader=null, voted=4b287a15-77af-487b-aef7-34d1d0ee189f, raftlog=4b287a15-77af-487b-aef7-34d1d0ee189f@group-83C26644CFDA-SegmentedRaftLog:OPENED:c-1,f-1,i0, conf=-1: [4b287a15-77af-487b-aef7-34d1d0ee189f:192.168.34.38:38597, 0aa3649f-570d-46c6-937f-492d7f3a8364:192.168.34.38:33209, 4a03179f-3169-4ac7-a075-259968512ef0:192.168.34.38:45833], old=null
2019-10-16 21:01:50,782 [4b287a15-77af-487b-aef7-34d1d0ee189f@group-83C26644CFDA-LeaderElection241] INFO  impl.RaftServerImpl (RaftServerImpl.java:setRole(184)) - 4b287a15-77af-487b-aef7-34d1d0ee189f@group-83C26644CFDA: changes role from CANDIDATE to FOLLOWER at term 245 for DISCOVERED_A_NEW_TERM
2019-10-16 21:01:50,782 [4b287a15-77af-487b-aef7-34d1d0ee189f@group-83C26644CFDA-LeaderElection241] INFO  impl.RoleInfo (RoleInfo.java:shutdownLeaderElection(134)) - 4b287a15-77af-487b-aef7-34d1d0ee189f: shutdown LeaderElection
2019-10-16 21:01:50,782 [4b287a15-77af-487b-aef7-34d1d0ee189f@group-83C26644CFDA-LeaderElection241] INFO  impl.RoleInfo (RoleInfo.java:updateAndGet(143)) - 4b287a15-77af-487b-aef7-34d1d0ee189f: start FollowerState
2019-10-16 21:01:50,834 [Thread-1785] INFO  impl.FollowerState (FollowerState.java:run(108)) - 4b287a15-77af-487b-aef7-34d1d0ee189f@group-83C26644CFDA-FollowerState: change to CANDIDATE, lastRpcTime:51ms, electionTimeout:51ms
2019-10-16 21:01:50,834 [Thread-1785] INFO  impl.RoleInfo (RoleInfo.java:shutdownFollowerState(121)) - 4b287a15-77af-487b-aef7-34d1d0ee189f: shutdown FollowerState
2019-10-16 21:01:50,834 [Thread-1785] INFO  impl.RaftServerImpl (RaftServerImpl.java:setRole(184)) - 4b287a15-77af-487b-aef7-34d1d0ee189f@group-83C26644CFDA: changes role from  FOLLOWER to CANDIDATE at term 245 for changeToCandidate
2019-10-16 21:01:50,834 [Thread-1785] INFO  impl.RoleInfo (RoleInfo.java:updateAndGet(143)) - 4b287a15-77af-487b-aef7-34d1d0ee189f: start LeaderElection
2019-10-16 21:01:50,886 [4b287a15-77af-487b-aef7-34d1d0ee189f@group-83C26644CFDA-LeaderElection242] INFO  impl.LeaderElection (LeaderElection.java:askForVotes(178)) - 4b287a15-77af-487b-aef7-34d1d0ee189f@group-83C26644CFDA-LeaderElection242: begin an election at term 246 for -1: [4b287a15-77af-487b-aef7-34d1d0ee189f:192.168.34.38:38597, 0aa3649f-570d-46c6-937f-492d7f3a8364:192.168.34.38:33209, 4a03179f-3169-4ac7-a075-259968512ef0:192.168.34.38:45833], old=null
2019-10-16 21:01:50,888 [grpc-default-executor-2] INFO  impl.RaftServerImpl (RaftServerImpl.java:setRole(184)) - 0aa3649f-570d-46c6-937f-492d7f3a8364@group-83C26644CFDA: changes role from  FOLLOWER to FOLLOWER at term 246 for recognizeCandidate:4b287a15-77af-487b-aef7-34d1d0ee189f
2019-10-16 21:01:50,888 [grpc-default-executor-2] INFO  impl.RoleInfo (RoleInfo.java:shutdownFollowerState(121)) - 0aa3649f-570d-46c6-937f-492d7f3a8364: shutdown FollowerState
2019-10-16 21:01:50,889 [grpc-default-executor-1] INFO  impl.RaftServerImpl (RaftServerImpl.java:setRole(184)) - 4a03179f-3169-4ac7-a075-259968512ef0@group-83C26644CFDA: changes role from  FOLLOWER to FOLLOWER at term 246 for recognizeCandidate:4b287a15-77af-487b-aef7-34d1d0ee189f
2019-10-16 21:01:50,889 [Thread-1783] INFO  impl.FollowerState (FollowerState.java:run(117)) - 0aa3649f-570d-46c6-937f-492d7f3a8364@group-83C26644CFDA-FollowerState was interrupted: java.lang.InterruptedException: sleep interrupted
2019-10-16 21:01:50,889 [grpc-default-executor-2] INFO  impl.RoleInfo (RoleInfo.java:updateAndGet(143)) - 0aa3649f-570d-46c6-937f-492d7f3a8364: start FollowerState
2019-10-16 21:01:50,889 [grpc-default-executor-1] INFO  impl.RoleInfo (RoleInfo.java:shutdownFollowerState(121)) - 4a03179f-3169-4ac7-a075-259968512ef0: shutdown FollowerState
2019-10-16 21:01:50,889 [grpc-default-executor-1] INFO  impl.RoleInfo (RoleInfo.java:updateAndGet(143)) - 4a03179f-3169-4ac7-a075-259968512ef0: start FollowerState
2019-10-16 21:01:50,889 [Thread-1784] INFO  impl.FollowerState (FollowerState.java:run(117)) - 4a03179f-3169-4ac7-a075-259968512ef0@group-83C26644CFDA-FollowerState was interrupted: java.lang.InterruptedException: sleep interrupted
2019-10-16 21:01:50,903 [4b287a15-77af-487b-aef7-34d1d0ee189f@group-83C26644CFDA-LeaderElection242] INFO  impl.LeaderElection (LeaderElection.java:logAndReturn(56)) - 4b287a15-77af-487b-aef7-34d1d0ee189f@group-83C26644CFDA-LeaderElection242: Election REJECTED; received 2 response(s) [4b287a15-77af-487b-aef7-34d1d0ee189f<-0aa3649f-570d-46c6-937f-492d7f3a8364#0:FAIL-t246, 4b287a15-77af-487b-aef7-34d1d0ee189f<-4a03179f-3169-4ac7-a075-259968512ef0#0:FAIL-t246] and 0 exception(s); 4b287a15-77af-487b-aef7-34d1d0ee189f@group-83C26644CFDA:t246, leader=null, voted=4b287a15-77af-487b-aef7-34d1d0ee189f, raftlog=4b287a15-77af-487b-aef7-34d1d0ee189f@group-83C26644CFDA-SegmentedRaftLog:OPENED:c-1,f-1,i0, conf=-1: [4b287a15-77af-487b-aef7-34d1d0ee189f:192.168.34.38:38597, 0aa3649f-570d-46c6-937f-492d7f3a8364:192.168.34.38:33209, 4a03179f-3169-4ac7-a075-259968512ef0:192.168.34.38:45833], old=null
2019-10-16 21:01:50,903 [4b287a15-77af-487b-aef7-34d1d0ee189f@group-83C26644CFDA-LeaderElection242] INFO  impl.RaftServerImpl (RaftServerImpl.java:setRole(184)) - 4b287a15-77af-487b-aef7-34d1d0ee189f@group-83C26644CFDA: changes role from CANDIDATE to FOLLOWER at term 246 for DISCOVERED_A_NEW_TERM
2019-10-16 21:01:50,903 [4b287a15-77af-487b-aef7-34d1d0ee189f@group-83C26644CFDA-LeaderElection242] INFO  impl.RoleInfo (RoleInfo.java:shutdownLeaderElection(134)) - 4b287a15-77af-487b-aef7-34d1d0ee189f: shutdown LeaderElection
2019-10-16 21:01:50,903 [4b287a15-77af-487b-aef7-34d1d0ee189f@group-83C26644CFDA-LeaderElection242] INFO  impl.RoleInfo (RoleInfo.java:updateAndGet(143)) - 4b287a15-77af-487b-aef7-34d1d0ee189f: start FollowerState
2019-10-16 21:01:50,953 [Thread-1791] INFO  impl.FollowerState (FollowerState.java:run(108)) - 4b287a15-77af-487b-aef7-34d1d0ee189f@group-83C26644CFDA-FollowerState: change to CANDIDATE, lastRpcTime:50ms, electionTimeout:50ms
2019-10-16 21:01:50,954 [Thread-1791] INFO  impl.RoleInfo (RoleInfo.java:shutdownFollowerState(121)) - 4b287a15-77af-487b-aef7-34d1d0ee189f: shutdown FollowerState
2019-10-16 21:01:50,954 [Thread-1791] INFO  impl.RaftServerImpl (RaftServerImpl.java:setRole(184)) - 4b287a15-77af-487b-aef7-34d1d0ee189f@group-83C26644CFDA: changes role from  FOLLOWER to CANDIDATE at term 246 for changeToCandidate
2019-10-16 21:01:50,954 [Thread-1791] INFO  impl.RoleInfo (RoleInfo.java:updateAndGet(143)) - 4b287a15-77af-487b-aef7-34d1d0ee189f: start LeaderElection
2019-10-16 21:01:50,969 [4b287a15-77af-487b-aef7-34d1d0ee189f@group-83C26644CFDA-LeaderElection243] INFO  impl.LeaderElection (LeaderElection.java:askForVotes(178)) - 4b287a15-77af-487b-aef7-34d1d0ee189f@group-83C26644CFDA-LeaderElection243: begin an election at term 247 for -1: [4b287a15-77af-487b-aef7-34d1d0ee189f:192.168.34.38:38597, 0aa3649f-570d-46c6-937f-492d7f3a8364:192.168.34.38:33209, 4a03179f-3169-4ac7-a075-259968512ef0:192.168.34.38:45833], old=null
2019-10-16 21:01:50,970 [grpc-default-executor-1] INFO  impl.RaftServerImpl (RaftServerImpl.java:setRole(184)) - 4a03179f-3169-4ac7-a075-259968512ef0@group-83C26644CFDA: changes role from  FOLLOWER to FOLLOWER at term 247 for recognizeCandidate:4b287a15-77af-487b-aef7-34d1d0ee189f
2019-10-16 21:01:50,971 [grpc-default-executor-1] INFO  impl.RoleInfo (RoleInfo.java:shutdownFollowerState(121)) - 4a03179f-3169-4ac7-a075-259968512ef0: shutdown FollowerState
2019-10-16 21:01:50,971 [grpc-default-executor-1] INFO  impl.RoleInfo (RoleInfo.java:updateAndGet(143)) - 4a03179f-3169-4ac7-a075-259968512ef0: start FollowerState
2019-10-16 21:01:50,971 [grpc-default-executor-2] INFO  impl.RaftServerImpl (RaftServerImpl.java:setRole(184)) - 0aa3649f-570d-46c6-937f-492d7f3a8364@group-83C26644CFDA: changes role from  FOLLOWER to FOLLOWER at term 247 for recognizeCandidate:4b287a15-77af-487b-aef7-34d1d0ee189f
2019-10-16 21:01:50,971 [grpc-default-executor-2] INFO  impl.RoleInfo (RoleInfo.java:shutdownFollowerState(121)) - 0aa3649f-570d-46c6-937f-492d7f3a8364: shutdown FollowerState
2019-10-16 21:01:50,971 [Thread-1790] INFO  impl.FollowerState (FollowerState.java:run(117)) - 4a03179f-3169-4ac7-a075-259968512ef0@group-83C26644CFDA-FollowerState was interrupted: java.lang.InterruptedException: sleep interrupted
2019-10-16 21:01:50,971 [Thread-1789] INFO  impl.FollowerState (FollowerState.java:run(117)) - 0aa3649f-570d-46c6-937f-492d7f3a8364@group-83C26644CFDA-FollowerState was interrupted: java.lang.InterruptedException: sleep interrupted
2019-10-16 21:01:50,971 [grpc-default-executor-2] INFO  impl.RoleInfo (RoleInfo.java:updateAndGet(143)) - 0aa3649f-570d-46c6-937f-492d7f3a8364: start FollowerState
2019-10-16 21:01:50,987 [4b287a15-77af-487b-aef7-34d1d0ee189f@group-83C26644CFDA-LeaderElection243] INFO  impl.LeaderElection (LeaderElection.java:logAndReturn(56)) - 4b287a15-77af-487b-aef7-34d1d0ee189f@group-83C26644CFDA-LeaderElection243: Election REJECTED; received 2 response(s) [4b287a15-77af-487b-aef7-34d1d0ee189f<-0aa3649f-570d-46c6-937f-492d7f3a8364#0:FAIL-t247, 4b287a15-77af-487b-aef7-34d1d0ee189f<-4a03179f-3169-4ac7-a075-259968512ef0#0:FAIL-t247] and 0 exception(s); 4b287a15-77af-487b-aef7-34d1d0ee189f@group-83C26644CFDA:t247, leader=null, voted=4b287a15-77af-487b-aef7-34d1d0ee189f, raftlog=4b287a15-77af-487b-aef7-34d1d0ee189f@group-83C26644CFDA-SegmentedRaftLog:OPENED:c-1,f-1,i0, conf=-1: [4b287a15-77af-487b-aef7-34d1d0ee189f:192.168.34.38:38597, 0aa3649f-570d-46c6-937f-492d7f3a8364:192.168.34.38:33209, 4a03179f-3169-4ac7-a075-259968512ef0:192.168.34.38:45833], old=null
2019-10-16 21:01:50,987 [4b287a15-77af-487b-aef7-34d1d0ee189f@group-83C26644CFDA-LeaderElection243] INFO  impl.RaftServerImpl (RaftServerImpl.java:setRole(184)) - 4b287a15-77af-487b-aef7-34d1d0ee189f@group-83C26644CFDA: changes role from CANDIDATE to FOLLOWER at term 247 for DISCOVERED_A_NEW_TERM
2019-10-16 21:01:50,987 [4b287a15-77af-487b-aef7-34d1d0ee189f@group-83C26644CFDA-LeaderElection243] INFO  impl.RoleInfo (RoleInfo.java:shutdownLeaderElection(134)) - 4b287a15-77af-487b-aef7-34d1d0ee189f: shutdown LeaderElection
2019-10-16 21:01:50,987 [4b287a15-77af-487b-aef7-34d1d0ee189f@group-83C26644CFDA-LeaderElection243] INFO  impl.RoleInfo (RoleInfo.java:updateAndGet(143)) - 4b287a15-77af-487b-aef7-34d1d0ee189f: start FollowerState
2019-10-16 21:01:51,031 [Thread-1797] INFO  impl.FollowerState (FollowerState.java:run(108)) - 4b287a15-77af-487b-aef7-34d1d0ee189f@group-83C26644CFDA-FollowerState: change to CANDIDATE, lastRpcTime:43ms, electionTimeout:43ms
2019-10-16 21:01:51,031 [Thread-1797] INFO  impl.RoleInfo (RoleInfo.java:shutdownFollowerState(121)) - 4b287a15-77af-487b-aef7-34d1d0ee189f: shutdown FollowerState
2019-10-16 21:01:51,031 [Thread-1797] INFO  impl.RaftServerImpl (RaftServerImpl.java:setRole(184)) - 4b287a15-77af-487b-aef7-34d1d0ee189f@group-83C26644CFDA: changes role from  FOLLOWER to CANDIDATE at term 247 for changeToCandidate
2019-10-16 21:01:51,031 [Thread-1797] INFO  impl.RoleInfo (RoleInfo.java:updateAndGet(143)) - 4b287a15-77af-487b-aef7-34d1d0ee189f: start LeaderElection
2019-10-16 21:01:51,044 [4b287a15-77af-487b-aef7-34d1d0ee189f@group-83C26644CFDA-LeaderElection244] INFO  impl.LeaderElection (LeaderElection.java:askForVotes(178)) - 4b287a15-77af-487b-aef7-34d1d0ee189f@group-83C26644CFDA-LeaderElection244: begin an election at term 248 for -1: [4b287a15-77af-487b-aef7-34d1d0ee189f:192.168.34.38:38597, 0aa3649f-570d-46c6-937f-492d7f3a8364:192.168.34.38:33209, 4a03179f-3169-4ac7-a075-259968512ef0:192.168.34.38:45833], old=null
2019-10-16 21:01:51,046 [grpc-default-executor-1] INFO  impl.RaftServerImpl (RaftServerImpl.java:setRole(184)) - 0aa3649f-570d-46c6-937f-492d7f3a8364@group-83C26644CFDA: changes role from  FOLLOWER to FOLLOWER at term 248 for recognizeCandidate:4b287a15-77af-487b-aef7-34d1d0ee189f
2019-10-16 21:01:51,046 [grpc-default-executor-1] INFO  impl.RoleInfo (RoleInfo.java:shutdownFollowerState(121)) - 0aa3649f-570d-46c6-937f-492d7f3a8364: shutdown FollowerState
2019-10-16 21:01:51,047 [grpc-default-executor-2] INFO  impl.RaftServerImpl (RaftServerImpl.java:setRole(184)) - 4a03179f-3169-4ac7-a075-259968512ef0@group-83C26644CFDA: changes role from  FOLLOWER to FOLLOWER at term 248 for recognizeCandidate:4b287a15-77af-487b-aef7-34d1d0ee189f
2019-10-16 21:01:51,047 [grpc-default-executor-2] INFO  impl.RoleInfo (RoleInfo.java:shutdownFollowerState(121)) - 4a03179f-3169-4ac7-a075-259968512ef0: shutdown FollowerState
2019-10-16 21:01:51,047 [Thread-1796] INFO  impl.FollowerState (FollowerState.java:run(117)) - 0aa3649f-570d-46c6-937f-492d7f3a8364@group-83C26644CFDA-FollowerState was interrupted: java.lang.InterruptedException: sleep interrupted
2019-10-16 21:01:51,047 [grpc-default-executor-1] INFO  impl.RoleInfo (RoleInfo.java:updateAndGet(143)) - 0aa3649f-570d-46c6-937f-492d7f3a8364: start FollowerState
2019-10-16 21:01:51,047 [Thread-1795] INFO  impl.FollowerState (FollowerState.java:run(117)) - 4a03179f-3169-4ac7-a075-259968512ef0@group-83C26644CFDA-FollowerState was interrupted: java.lang.InterruptedException: sleep interrupted
2019-10-16 21:01:51,047 [grpc-default-executor-2] INFO  impl.RoleInfo (RoleInfo.java:updateAndGet(143)) - 4a03179f-3169-4ac7-a075-259968512ef0: start FollowerState
2019-10-16 21:01:51,074 [4b287a15-77af-487b-aef7-34d1d0ee189f@group-83C26644CFDA-LeaderElection244] INFO  impl.LeaderElection (LeaderElection.java:logAndReturn(56)) - 4b287a15-77af-487b-aef7-34d1d0ee189f@group-83C26644CFDA-LeaderElection244: Election REJECTED; received 2 response(s) [4b287a15-77af-487b-aef7-34d1d0ee189f<-0aa3649f-570d-46c6-937f-492d7f3a8364#0:FAIL-t248, 4b287a15-77af-487b-aef7-34d1d0ee189f<-4a03179f-3169-4ac7-a075-259968512ef0#0:FAIL-t248] and 0 exception(s); 4b287a15-77af-487b-aef7-34d1d0ee189f@group-83C26644CFDA:t248, leader=null, voted=4b287a15-77af-487b-aef7-34d1d0ee189f, raftlog=4b287a15-77af-487b-aef7-34d1d0ee189f@group-83C26644CFDA-SegmentedRaftLog:OPENED:c-1,f-1,i0, conf=-1: [4b287a15-77af-487b-aef7-34d1d0ee189f:192.168.34.38:38597, 0aa3649f-570d-46c6-937f-492d7f3a8364:192.168.34.38:33209, 4a03179f-3169-4ac7-a075-259968512ef0:192.168.34.38:45833], old=null
2019-10-16 21:01:51,074 [4b287a15-77af-487b-aef7-34d1d0ee189f@group-83C26644CFDA-LeaderElection244] INFO  impl.RaftServerImpl (RaftServerImpl.java:setRole(184)) - 4b287a15-77af-487b-aef7-34d1d0ee189f@group-83C26644CFDA: changes role from CANDIDATE to FOLLOWER at term 248 for DISCOVERED_A_NEW_TERM
2019-10-16 21:01:51,074 [4b287a15-77af-487b-aef7-34d1d0ee189f@group-83C26644CFDA-LeaderElection244] INFO  impl.RoleInfo (RoleInfo.java:shutdownLeaderElection(134)) - 4b287a15-77af-487b-aef7-34d1d0ee189f: shutdown LeaderElection
2019-10-16 21:01:51,074 [4b287a15-77af-487b-aef7-34d1d0ee189f@group-83C26644CFDA-LeaderElection244] INFO  impl.RoleInfo (RoleInfo.java:updateAndGet(143)) - 4b287a15-77af-487b-aef7-34d1d0ee189f: start FollowerState
2019-10-16 21:01:51,126 [Thread-1803] INFO  impl.FollowerState (FollowerState.java:run(108)) - 4b287a15-77af-487b-aef7-34d1d0ee189f@group-83C26644CFDA-FollowerState: change to CANDIDATE, lastRpcTime:52ms, electionTimeout:52ms
2019-10-16 21:01:51,126 [Thread-1803] INFO  impl.RoleInfo (RoleInfo.java:shutdownFollowerState(121)) - 4b287a15-77af-487b-aef7-34d1d0ee189f: shutdown FollowerState
2019-10-16 21:01:51,126 [Thread-1803] INFO  impl.RaftServerImpl (RaftServerImpl.java:setRole(184)) - 4b287a15-77af-487b-aef7-34d1d0ee189f@group-83C26644CFDA: changes role from  FOLLOWER to CANDIDATE at term 248 for changeToCandidate
2019-10-16 21:01:51,127 [Thread-1803] INFO  impl.RoleInfo (RoleInfo.java:updateAndGet(143)) - 4b287a15-77af-487b-aef7-34d1d0ee189f: start LeaderElection
2019-10-16 21:01:51,141 [4b287a15-77af-487b-aef7-34d1d0ee189f@group-83C26644CFDA-LeaderElection245] INFO  impl.LeaderElection (LeaderElection.java:askForVotes(178)) - 4b287a15-77af-487b-aef7-34d1d0ee189f@group-83C26644CFDA-LeaderElection245: begin an election at term 249 for -1: [4b287a15-77af-487b-aef7-34d1d0ee189f:192.168.34.38:38597, 0aa3649f-570d-46c6-937f-492d7f3a8364:192.168.34.38:33209, 4a03179f-3169-4ac7-a075-259968512ef0:192.168.34.38:45833], old=null
2019-10-16 21:01:51,144 [grpc-default-executor-2] INFO  impl.RaftServerImpl (RaftServerImpl.java:setRole(184)) - 0aa3649f-570d-46c6-937f-492d7f3a8364@group-83C26644CFDA: changes role from  FOLLOWER to FOLLOWER at term 249 for recognizeCandidate:4b287a15-77af-487b-aef7-34d1d0ee189f
2019-10-16 21:01:51,144 [grpc-default-executor-2] INFO  impl.RoleInfo (RoleInfo.java:shutdownFollowerState(121)) - 0aa3649f-570d-46c6-937f-492d7f3a8364: shutdown FollowerState
2019-10-16 21:01:51,144 [grpc-default-executor-1] INFO  impl.RaftServerImpl (RaftServerImpl.java:setRole(184)) - 4a03179f-3169-4ac7-a075-259968512ef0@group-83C26644CFDA: changes role from  FOLLOWER to FOLLOWER at term 249 for recognizeCandidate:4b287a15-77af-487b-aef7-34d1d0ee189f
2019-10-16 21:01:51,144 [Thread-1801] INFO  impl.FollowerState (FollowerState.java:run(117)) - 0aa3649f-570d-46c6-937f-492d7f3a8364@group-83C26644CFDA-FollowerState was interrupted: java.lang.InterruptedException: sleep interrupted
2019-10-16 21:01:51,144 [grpc-default-executor-2] INFO  impl.RoleInfo (RoleInfo.java:updateAndGet(143)) - 0aa3649f-570d-46c6-937f-492d7f3a8364: start FollowerState
2019-10-16 21:01:51,144 [grpc-default-executor-1] INFO  impl.RoleInfo (RoleInfo.java:shutdownFollowerState(121)) - 4a03179f-3169-4ac7-a075-259968512ef0: shutdown FollowerState
2019-10-16 21:01:51,145 [Thread-1802] INFO  impl.FollowerState (FollowerState.java:run(117)) - 4a03179f-3169-4ac7-a075-259968512ef0@group-83C26644CFDA-FollowerState was interrupted: java.lang.InterruptedException: sleep interrupted
2019-10-16 21:01:51,145 [grpc-default-executor-1] INFO  impl.RoleInfo (RoleInfo.java:updateAndGet(143)) - 4a03179f-3169-4ac7-a075-259968512ef0: start FollowerState
2019-10-16 21:01:51,167 [4b287a15-77af-487b-aef7-34d1d0ee189f@group-83C26644CFDA-LeaderElection245] INFO  impl.LeaderElection (LeaderElection.java:logAndReturn(56)) - 4b287a15-77af-487b-aef7-34d1d0ee189f@group-83C26644CFDA-LeaderElection245: Election REJECTED; received 2 response(s) [4b287a15-77af-487b-aef7-34d1d0ee189f<-0aa3649f-570d-46c6-937f-492d7f3a8364#0:FAIL-t249, 4b287a15-77af-487b-aef7-34d1d0ee189f<-4a03179f-3169-4ac7-a075-259968512ef0#0:FAIL-t249] and 0 exception(s); 4b287a15-77af-487b-aef7-34d1d0ee189f@group-83C26644CFDA:t249, leader=null, voted=4b287a15-77af-487b-aef7-34d1d0ee189f, raftlog=4b287a15-77af-487b-aef7-34d1d0ee189f@group-83C26644CFDA-SegmentedRaftLog:OPENED:c-1,f-1,i0, conf=-1: [4b287a15-77af-487b-aef7-34d1d0ee189f:192.168.34.38:38597, 0aa3649f-570d-46c6-937f-492d7f3a8364:192.168.34.38:33209, 4a03179f-3169-4ac7-a075-259968512ef0:192.168.34.38:45833], old=null
2019-10-16 21:01:51,167 [4b287a15-77af-487b-aef7-34d1d0ee189f@group-83C26644CFDA-LeaderElection245] INFO  impl.RaftServerImpl (RaftServerImpl.java:setRole(184)) - 4b287a15-77af-487b-aef7-34d1d0ee189f@group-83C26644CFDA: changes role from CANDIDATE to FOLLOWER at term 249 for DISCOVERED_A_NEW_TERM
2019-10-16 21:01:51,167 [4b287a15-77af-487b-aef7-34d1d0ee189f@group-83C26644CFDA-LeaderElection245] INFO  impl.RoleInfo (RoleInfo.java:shutdownLeaderElection(134)) - 4b287a15-77af-487b-aef7-34d1d0ee189f: shutdown LeaderElection
2019-10-16 21:01:51,167 [4b287a15-77af-487b-aef7-34d1d0ee189f@group-83C26644CFDA-LeaderElection245] INFO  impl.RoleInfo (RoleInfo.java:updateAndGet(143)) - 4b287a15-77af-487b-aef7-34d1d0ee189f: start FollowerState
2019-10-16 21:01:51,203 [Thread-1809] INFO  impl.FollowerState (FollowerState.java:run(108)) - 4b287a15-77af-487b-aef7-34d1d0ee189f@group-83C26644CFDA-FollowerState: change to CANDIDATE, lastRpcTime:36ms, electionTimeout:36ms
2019-10-16 21:01:51,204 [Thread-1809] INFO  impl.RoleInfo (RoleInfo.java:shutdownFollowerState(121)) - 4b287a15-77af-487b-aef7-34d1d0ee189f: shutdown FollowerState
2019-10-16 21:01:51,204 [Thread-1809] INFO  impl.RaftServerImpl (RaftServerImpl.java:setRole(184)) - 4b287a15-77af-487b-aef7-34d1d0ee189f@group-83C26644CFDA: changes role from  FOLLOWER to CANDIDATE at term 249 for changeToCandidate
2019-10-16 21:01:51,204 [Thread-1809] INFO  impl.RoleInfo (RoleInfo.java:updateAndGet(143)) - 4b287a15-77af-487b-aef7-34d1d0ee189f: start LeaderElection
2019-10-16 21:01:51,217 [4b287a15-77af-487b-aef7-34d1d0ee189f@group-83C26644CFDA-LeaderElection246] INFO  impl.LeaderElection (LeaderElection.java:askForVotes(178)) - 4b287a15-77af-487b-aef7-34d1d0ee189f@group-83C26644CFDA-LeaderElection246: begin an election at term 250 for -1: [4b287a15-77af-487b-aef7-34d1d0ee189f:192.168.34.38:38597, 0aa3649f-570d-46c6-937f-492d7f3a8364:192.168.34.38:33209, 4a03179f-3169-4ac7-a075-259968512ef0:192.168.34.38:45833], old=null
2019-10-16 21:01:51,219 [grpc-default-executor-2] INFO  impl.RaftServerImpl (RaftServerImpl.java:setRole(184)) - 0aa3649f-570d-46c6-937f-492d7f3a8364@group-83C26644CFDA: changes role from  FOLLOWER to FOLLOWER at term 250 for recognizeCandidate:4b287a15-77af-487b-aef7-34d1d0ee189f
2019-10-16 21:01:51,219 [grpc-default-executor-2] INFO  impl.RoleInfo (RoleInfo.java:shutdownFollowerState(121)) - 0aa3649f-570d-46c6-937f-492d7f3a8364: shutdown FollowerState
2019-10-16 21:01:51,219 [grpc-default-executor-1] INFO  impl.RaftServerImpl (RaftServerImpl.java:setRole(184)) - 4a03179f-3169-4ac7-a075-259968512ef0@group-83C26644CFDA: changes role from  FOLLOWER to FOLLOWER at term 250 for recognizeCandidate:4b287a15-77af-487b-aef7-34d1d0ee189f
2019-10-16 21:01:51,220 [grpc-default-executor-1] INFO  impl.RoleInfo (RoleInfo.java:shutdownFollowerState(121)) - 4a03179f-3169-4ac7-a075-259968512ef0: shutdown FollowerState
2019-10-16 21:01:51,219 [Thread-1807] INFO  impl.FollowerState (FollowerState.java:run(117)) - 0aa3649f-570d-46c6-937f-492d7f3a8364@group-83C26644CFDA-FollowerState was interrupted: java.lang.InterruptedException: sleep interrupted
2019-10-16 21:01:51,220 [Thread-1808] INFO  impl.FollowerState (FollowerState.java:run(117)) - 4a03179f-3169-4ac7-a075-259968512ef0@group-83C26644CFDA-FollowerState was interrupted: java.lang.InterruptedException: sleep interrupted
2019-10-16 21:01:51,219 [grpc-default-executor-2] INFO  impl.RoleInfo (RoleInfo.java:updateAndGet(143)) - 0aa3649f-570d-46c6-937f-492d7f3a8364: start FollowerState
2019-10-16 21:01:51,220 [grpc-default-executor-1] INFO  impl.RoleInfo (RoleInfo.java:updateAndGet(143)) - 4a03179f-3169-4ac7-a075-259968512ef0: start FollowerState
2019-10-16 21:01:51,236 [4b287a15-77af-487b-aef7-34d1d0ee189f@group-83C26644CFDA-LeaderElection246] INFO  impl.LeaderElection (LeaderElection.java:logAndReturn(56)) - 4b287a15-77af-487b-aef7-34d1d0ee189f@group-83C26644CFDA-LeaderElection246: Election REJECTED; received 2 response(s) [4b287a15-77af-487b-aef7-34d1d0ee189f<-0aa3649f-570d-46c6-937f-492d7f3a8364#0:FAIL-t250, 4b287a15-77af-487b-aef7-34d1d0ee189f<-4a03179f-3169-4ac7-a075-259968512ef0#0:FAIL-t250] and 0 exception(s); 4b287a15-77af-487b-aef7-34d1d0ee189f@group-83C26644CFDA:t250, leader=null, voted=4b287a15-77af-487b-aef7-34d1d0ee189f, raftlog=4b287a15-77af-487b-aef7-34d1d0ee189f@group-83C26644CFDA-SegmentedRaftLog:OPENED:c-1,f-1,i0, conf=-1: [4b287a15-77af-487b-aef7-34d1d0ee189f:192.168.34.38:38597, 0aa3649f-570d-46c6-937f-492d7f3a8364:192.168.34.38:33209, 4a03179f-3169-4ac7-a075-259968512ef0:192.168.34.38:45833], old=null
2019-10-16 21:01:51,236 [4b287a15-77af-487b-aef7-34d1d0ee189f@group-83C26644CFDA-LeaderElection246] INFO  impl.RaftServerImpl (RaftServerImpl.java:setRole(184)) - 4b287a15-77af-487b-aef7-34d1d0ee189f@group-83C26644CFDA: changes role from CANDIDATE to FOLLOWER at term 250 for DISCOVERED_A_NEW_TERM
2019-10-16 21:01:51,236 [4b287a15-77af-487b-aef7-34d1d0ee189f@group-83C26644CFDA-LeaderElection246] INFO  impl.RoleInfo (RoleInfo.java:shutdownLeaderElection(134)) - 4b287a15-77af-487b-aef7-34d1d0ee189f: shutdown LeaderElection
2019-10-16 21:01:51,237 [4b287a15-77af-487b-aef7-34d1d0ee189f@group-83C26644CFDA-LeaderElection246] INFO  impl.RoleInfo (RoleInfo.java:updateAndGet(143)) - 4b287a15-77af-487b-aef7-34d1d0ee189f: start FollowerState
2019-10-16 21:01:51,256 [Thread-1815] INFO  impl.FollowerState (FollowerState.java:run(108)) - 4b287a15-77af-487b-aef7-34d1d0ee189f@group-83C26644CFDA-FollowerState: change to CANDIDATE, lastRpcTime:19ms, electionTimeout:19ms
2019-10-16 21:01:51,256 [Thread-1815] INFO  impl.RoleInfo (RoleInfo.java:shutdownFollowerState(121)) - 4b287a15-77af-487b-aef7-34d1d0ee189f: shutdown FollowerState
2019-10-16 21:01:51,256 [Thread-1815] INFO  impl.RaftServerImpl (RaftServerImpl.java:setRole(184)) - 4b287a15-77af-487b-aef7-34d1d0ee189f@group-83C26644CFDA: changes role from  FOLLOWER to CANDIDATE at term 250 for changeToCandidate
2019-10-16 21:01:51,256 [Thread-1815] INFO  impl.RoleInfo (RoleInfo.java:updateAndGet(143)) - 4b287a15-77af-487b-aef7-34d1d0ee189f: start LeaderElection
2019-10-16 21:01:51,269 [4b287a15-77af-487b-aef7-34d1d0ee189f@group-83C26644CFDA-LeaderElection247] INFO  impl.LeaderElection (LeaderElection.java:askForVotes(178)) - 4b287a15-77af-487b-aef7-34d1d0ee189f@group-83C26644CFDA-LeaderElection247: begin an election at term 251 for -1: [4b287a15-77af-487b-aef7-34d1d0ee189f:192.168.34.38:38597, 0aa3649f-570d-46c6-937f-492d7f3a8364:192.168.34.38:33209, 4a03179f-3169-4ac7-a075-259968512ef0:192.168.34.38:45833], old=null
2019-10-16 21:01:51,271 [grpc-default-executor-1] INFO  impl.RaftServerImpl (RaftServerImpl.java:setRole(184)) - 0aa3649f-570d-46c6-937f-492d7f3a8364@group-83C26644CFDA: changes role from  FOLLOWER to FOLLOWER at term 251 for recognizeCandidate:4b287a15-77af-487b-aef7-34d1d0ee189f
2019-10-16 21:01:51,271 [grpc-default-executor-1] INFO  impl.RoleInfo (RoleInfo.java:shutdownFollowerState(121)) - 0aa3649f-570d-46c6-937f-492d7f3a8364: shutdown FollowerState
2019-10-16 21:01:51,272 [grpc-default-executor-1] INFO  impl.RoleInfo (RoleInfo.java:updateAndGet(143)) - 0aa3649f-570d-46c6-937f-492d7f3a8364: start FollowerState
2019-10-16 21:01:51,272 [Thread-1813] INFO  impl.FollowerState (FollowerState.java:run(117)) - 0aa3649f-570d-46c6-937f-492d7f3a8364@group-83C26644CFDA-FollowerState was interrupted: java.lang.InterruptedException: sleep interrupted
2019-10-16 21:01:51,272 [grpc-default-executor-2] INFO  impl.RaftServerImpl (RaftServerImpl.java:setRole(184)) - 4a03179f-3169-4ac7-a075-259968512ef0@group-83C26644CFDA: changes role from  FOLLOWER to FOLLOWER at term 251 for recognizeCandidate:4b287a15-77af-487b-aef7-34d1d0ee189f
2019-10-16 21:01:51,272 [grpc-default-executor-2] INFO  impl.RoleInfo (RoleInfo.java:shutdownFollowerState(121)) - 4a03179f-3169-4ac7-a075-259968512ef0: shutdown FollowerState
2019-10-16 21:01:51,272 [grpc-default-executor-2] INFO  impl.RoleInfo (RoleInfo.java:updateAndGet(143)) - 4a03179f-3169-4ac7-a075-259968512ef0: start FollowerState
2019-10-16 21:01:51,272 [Thread-1814] INFO  impl.FollowerState (FollowerState.java:run(117)) - 4a03179f-3169-4ac7-a075-259968512ef0@group-83C26644CFDA-FollowerState was interrupted: java.lang.InterruptedException: sleep interrupted
2019-10-16 21:01:51,285 [4b287a15-77af-487b-aef7-34d1d0ee189f@group-83C26644CFDA-LeaderElection247] INFO  impl.LeaderElection (LeaderElection.java:logAndReturn(56)) - 4b287a15-77af-487b-aef7-34d1d0ee189f@group-83C26644CFDA-LeaderElection247: Election REJECTED; received 2 response(s) [4b287a15-77af-487b-aef7-34d1d0ee189f<-0aa3649f-570d-46c6-937f-492d7f3a8364#0:FAIL-t251, 4b287a15-77af-487b-aef7-34d1d0ee189f<-4a03179f-3169-4ac7-a075-259968512ef0#0:FAIL-t251] and 0 exception(s); 4b287a15-77af-487b-aef7-34d1d0ee189f@group-83C26644CFDA:t251, leader=null, voted=4b287a15-77af-487b-aef7-34d1d0ee189f, raftlog=4b287a15-77af-487b-aef7-34d1d0ee189f@group-83C26644CFDA-SegmentedRaftLog:OPENED:c-1,f-1,i0, conf=-1: [4b287a15-77af-487b-aef7-34d1d0ee189f:192.168.34.38:38597, 0aa3649f-570d-46c6-937f-492d7f3a8364:192.168.34.38:33209, 4a03179f-3169-4ac7-a075-259968512ef0:192.168.34.38:45833], old=null
2019-10-16 21:01:51,285 [4b287a15-77af-487b-aef7-34d1d0ee189f@group-83C26644CFDA-LeaderElection247] INFO  impl.RaftServerImpl (RaftServerImpl.java:setRole(184)) - 4b287a15-77af-487b-aef7-34d1d0ee189f@group-83C26644CFDA: changes role from CANDIDATE to FOLLOWER at term 251 for DISCOVERED_A_NEW_TERM
2019-10-16 21:01:51,285 [4b287a15-77af-487b-aef7-34d1d0ee189f@group-83C26644CFDA-LeaderElection247] INFO  impl.RoleInfo (RoleInfo.java:shutdownLeaderElection(134)) - 4b287a15-77af-487b-aef7-34d1d0ee189f: shutdown LeaderElection
2019-10-16 21:01:51,286 [4b287a15-77af-487b-aef7-34d1d0ee189f@group-83C26644CFDA-LeaderElection247] INFO  impl.RoleInfo (RoleInfo.java:updateAndGet(143)) - 4b287a15-77af-487b-aef7-34d1d0ee189f: start FollowerState
2019-10-16 21:01:51,357 [main] INFO  ozone.MiniOzoneClusterImpl (MiniOzoneClusterImpl.java:lambda$waitForClusterToBeReady$2(164)) - Waiting for 1 number of pipelines out of 4, to report a leader.
2019-10-16 21:01:51,444 [Thread-1821] INFO  impl.FollowerState (FollowerState.java:run(108)) - 4b287a15-77af-487b-aef7-34d1d0ee189f@group-83C26644CFDA-FollowerState: change to CANDIDATE, lastRpcTime:158ms, electionTimeout:158ms
2019-10-16 21:01:51,444 [Thread-1821] INFO  impl.RoleInfo (RoleInfo.java:shutdownFollowerState(121)) - 4b287a15-77af-487b-aef7-34d1d0ee189f: shutdown FollowerState
2019-10-16 21:01:51,444 [Thread-1821] INFO  impl.RaftServerImpl (RaftServerImpl.java:setRole(184)) - 4b287a15-77af-487b-aef7-34d1d0ee189f@group-83C26644CFDA: changes role from  FOLLOWER to CANDIDATE at term 251 for changeToCandidate
2019-10-16 21:01:51,444 [Thread-1821] INFO  impl.RoleInfo (RoleInfo.java:updateAndGet(143)) - 4b287a15-77af-487b-aef7-34d1d0ee189f: start LeaderElection
2019-10-16 21:01:51,469 [4b287a15-77af-487b-aef7-34d1d0ee189f@group-83C26644CFDA-LeaderElection248] INFO  impl.LeaderElection (LeaderElection.java:askForVotes(178)) - 4b287a15-77af-487b-aef7-34d1d0ee189f@group-83C26644CFDA-LeaderElection248: begin an election at term 252 for -1: [4b287a15-77af-487b-aef7-34d1d0ee189f:192.168.34.38:38597, 0aa3649f-570d-46c6-937f-492d7f3a8364:192.168.34.38:33209, 4a03179f-3169-4ac7-a075-259968512ef0:192.168.34.38:45833], old=null
2019-10-16 21:01:51,471 [grpc-default-executor-1] INFO  impl.RaftServerImpl (RaftServerImpl.java:setRole(184)) - 4a03179f-3169-4ac7-a075-259968512ef0@group-83C26644CFDA: changes role from  FOLLOWER to FOLLOWER at term 252 for recognizeCandidate:4b287a15-77af-487b-aef7-34d1d0ee189f
2019-10-16 21:01:51,472 [grpc-default-executor-1] INFO  impl.RoleInfo (RoleInfo.java:shutdownFollowerState(121)) - 4a03179f-3169-4ac7-a075-259968512ef0: shutdown FollowerState
2019-10-16 21:01:51,472 [grpc-default-executor-2] INFO  impl.RaftServerImpl (RaftServerImpl.java:setRole(184)) - 0aa3649f-570d-46c6-937f-492d7f3a8364@group-83C26644CFDA: changes role from  FOLLOWER to FOLLOWER at term 252 for recognizeCandidate:4b287a15-77af-487b-aef7-34d1d0ee189f
2019-10-16 21:01:51,472 [Thread-1820] INFO  impl.FollowerState (FollowerState.java:run(117)) - 4a03179f-3169-4ac7-a075-259968512ef0@group-83C26644CFDA-FollowerState was interrupted: java.lang.InterruptedException: sleep interrupted
2019-10-16 21:01:51,472 [grpc-default-executor-1] INFO  impl.RoleInfo (RoleInfo.java:updateAndGet(143)) - 4a03179f-3169-4ac7-a075-259968512ef0: start FollowerState
2019-10-16 21:01:51,472 [grpc-default-executor-2] INFO  impl.RoleInfo (RoleInfo.java:shutdownFollowerState(121)) - 0aa3649f-570d-46c6-937f-492d7f3a8364: shutdown FollowerState
2019-10-16 21:01:51,473 [Thread-1819] INFO  impl.FollowerState (FollowerState.java:run(117)) - 0aa3649f-570d-46c6-937f-492d7f3a8364@group-83C26644CFDA-FollowerState was interrupted: java.lang.InterruptedException: sleep interrupted
2019-10-16 21:01:51,473 [grpc-default-executor-2] INFO  impl.RoleInfo (RoleInfo.java:updateAndGet(143)) - 0aa3649f-570d-46c6-937f-492d7f3a8364: start FollowerState
2019-10-16 21:01:51,476 [4b287a15-77af-487b-aef7-34d1d0ee189f@group-83C26644CFDA-LeaderElection248] INFO  impl.LeaderElection (LeaderElection.java:logAndReturn(56)) - 4b287a15-77af-487b-aef7-34d1d0ee189f@group-83C26644CFDA-LeaderElection248: Election TIMEOUT; received 0 response(s) [] and 0 exception(s); 4b287a15-77af-487b-aef7-34d1d0ee189f@group-83C26644CFDA:t252, leader=null, voted=4b287a15-77af-487b-aef7-34d1d0ee189f, raftlog=4b287a15-77af-487b-aef7-34d1d0ee189f@group-83C26644CFDA-SegmentedRaftLog:OPENED:c-1,f-1,i0, conf=-1: [4b287a15-77af-487b-aef7-34d1d0ee189f:192.168.34.38:38597, 0aa3649f-570d-46c6-937f-492d7f3a8364:192.168.34.38:33209, 4a03179f-3169-4ac7-a075-259968512ef0:192.168.34.38:45833], old=null
2019-10-16 21:01:51,487 [4b287a15-77af-487b-aef7-34d1d0ee189f@group-83C26644CFDA-LeaderElection248] INFO  impl.LeaderElection (LeaderElection.java:askForVotes(178)) - 4b287a15-77af-487b-aef7-34d1d0ee189f@group-83C26644CFDA-LeaderElection248: begin an election at term 253 for -1: [4b287a15-77af-487b-aef7-34d1d0ee189f:192.168.34.38:38597, 0aa3649f-570d-46c6-937f-492d7f3a8364:192.168.34.38:33209, 4a03179f-3169-4ac7-a075-259968512ef0:192.168.34.38:45833], old=null
2019-10-16 21:01:51,491 [grpc-default-executor-2] INFO  impl.RaftServerImpl (RaftServerImpl.java:setRole(184)) - 0aa3649f-570d-46c6-937f-492d7f3a8364@group-83C26644CFDA: changes role from  FOLLOWER to FOLLOWER at term 253 for recognizeCandidate:4b287a15-77af-487b-aef7-34d1d0ee189f
2019-10-16 21:01:51,491 [grpc-default-executor-2] INFO  impl.RoleInfo (RoleInfo.java:shutdownFollowerState(121)) - 0aa3649f-570d-46c6-937f-492d7f3a8364: shutdown FollowerState
2019-10-16 21:01:51,491 [grpc-default-executor-2] INFO  impl.RoleInfo (RoleInfo.java:updateAndGet(143)) - 0aa3649f-570d-46c6-937f-492d7f3a8364: start FollowerState
2019-10-16 21:01:51,491 [Thread-1826] INFO  impl.FollowerState (FollowerState.java:run(117)) - 0aa3649f-570d-46c6-937f-492d7f3a8364@group-83C26644CFDA-FollowerState was interrupted: java.lang.InterruptedException: sleep interrupted
2019-10-16 21:01:51,492 [grpc-default-executor-1] INFO  impl.RaftServerImpl (RaftServerImpl.java:setRole(184)) - 4a03179f-3169-4ac7-a075-259968512ef0@group-83C26644CFDA: changes role from  FOLLOWER to FOLLOWER at term 253 for recognizeCandidate:4b287a15-77af-487b-aef7-34d1d0ee189f
2019-10-16 21:01:51,492 [grpc-default-executor-1] INFO  impl.RoleInfo (RoleInfo.java:shutdownFollowerState(121)) - 4a03179f-3169-4ac7-a075-259968512ef0: shutdown FollowerState
2019-10-16 21:01:51,492 [grpc-default-executor-1] INFO  impl.RoleInfo (RoleInfo.java:updateAndGet(143)) - 4a03179f-3169-4ac7-a075-259968512ef0: start FollowerState
2019-10-16 21:01:51,492 [Thread-1825] INFO  impl.FollowerState (FollowerState.java:run(117)) - 4a03179f-3169-4ac7-a075-259968512ef0@group-83C26644CFDA-FollowerState was interrupted: java.lang.InterruptedException: sleep interrupted
2019-10-16 21:01:51,506 [4b287a15-77af-487b-aef7-34d1d0ee189f@group-83C26644CFDA-LeaderElection248] INFO  impl.LeaderElection (LeaderElection.java:logAndReturn(56)) - 4b287a15-77af-487b-aef7-34d1d0ee189f@group-83C26644CFDA-LeaderElection248: Election REJECTED; received 2 response(s) [4b287a15-77af-487b-aef7-34d1d0ee189f<-0aa3649f-570d-46c6-937f-492d7f3a8364#0:FAIL-t253, 4b287a15-77af-487b-aef7-34d1d0ee189f<-4a03179f-3169-4ac7-a075-259968512ef0#0:FAIL-t253] and 0 exception(s); 4b287a15-77af-487b-aef7-34d1d0ee189f@group-83C26644CFDA:t253, leader=null, voted=4b287a15-77af-487b-aef7-34d1d0ee189f, raftlog=4b287a15-77af-487b-aef7-34d1d0ee189f@group-83C26644CFDA-SegmentedRaftLog:OPENED:c-1,f-1,i0, conf=-1: [4b287a15-77af-487b-aef7-34d1d0ee189f:192.168.34.38:38597, 0aa3649f-570d-46c6-937f-492d7f3a8364:192.168.34.38:33209, 4a03179f-3169-4ac7-a075-259968512ef0:192.168.34.38:45833], old=null
2019-10-16 21:01:51,506 [4b287a15-77af-487b-aef7-34d1d0ee189f@group-83C26644CFDA-LeaderElection248] INFO  impl.RaftServerImpl (RaftServerImpl.java:setRole(184)) - 4b287a15-77af-487b-aef7-34d1d0ee189f@group-83C26644CFDA: changes role from CANDIDATE to FOLLOWER at term 253 for DISCOVERED_A_NEW_TERM
2019-10-16 21:01:51,507 [4b287a15-77af-487b-aef7-34d1d0ee189f@group-83C26644CFDA-LeaderElection248] INFO  impl.RoleInfo (RoleInfo.java:shutdownLeaderElection(134)) - 4b287a15-77af-487b-aef7-34d1d0ee189f: shutdown LeaderElection
2019-10-16 21:01:51,507 [4b287a15-77af-487b-aef7-34d1d0ee189f@group-83C26644CFDA-LeaderElection248] INFO  impl.RoleInfo (RoleInfo.java:updateAndGet(143)) - 4b287a15-77af-487b-aef7-34d1d0ee189f: start FollowerState
2019-10-16 21:01:51,572 [Thread-1831] INFO  impl.FollowerState (FollowerState.java:run(108)) - 4b287a15-77af-487b-aef7-34d1d0ee189f@group-83C26644CFDA-FollowerState: change to CANDIDATE, lastRpcTime:65ms, electionTimeout:65ms
2019-10-16 21:01:51,572 [Thread-1831] INFO  impl.RoleInfo (RoleInfo.java:shutdownFollowerState(121)) - 4b287a15-77af-487b-aef7-34d1d0ee189f: shutdown FollowerState
2019-10-16 21:01:51,572 [Thread-1831] INFO  impl.RaftServerImpl (RaftServerImpl.java:setRole(184)) - 4b287a15-77af-487b-aef7-34d1d0ee189f@group-83C26644CFDA: changes role from  FOLLOWER to CANDIDATE at term 253 for changeToCandidate
2019-10-16 21:01:51,573 [Thread-1831] INFO  impl.RoleInfo (RoleInfo.java:updateAndGet(143)) - 4b287a15-77af-487b-aef7-34d1d0ee189f: start LeaderElection
2019-10-16 21:01:51,586 [4b287a15-77af-487b-aef7-34d1d0ee189f@group-83C26644CFDA-LeaderElection249] INFO  impl.LeaderElection (LeaderElection.java:askForVotes(178)) - 4b287a15-77af-487b-aef7-34d1d0ee189f@group-83C26644CFDA-LeaderElection249: begin an election at term 254 for -1: [4b287a15-77af-487b-aef7-34d1d0ee189f:192.168.34.38:38597, 0aa3649f-570d-46c6-937f-492d7f3a8364:192.168.34.38:33209, 4a03179f-3169-4ac7-a075-259968512ef0:192.168.34.38:45833], old=null
2019-10-16 21:01:51,589 [grpc-default-executor-1] INFO  impl.RaftServerImpl (RaftServerImpl.java:setRole(184)) - 0aa3649f-570d-46c6-937f-492d7f3a8364@group-83C26644CFDA: changes role from  FOLLOWER to FOLLOWER at term 254 for recognizeCandidate:4b287a15-77af-487b-aef7-34d1d0ee189f
2019-10-16 21:01:51,589 [grpc-default-executor-1] INFO  impl.RoleInfo (RoleInfo.java:shutdownFollowerState(121)) - 0aa3649f-570d-46c6-937f-492d7f3a8364: shutdown FollowerState
2019-10-16 21:01:51,589 [grpc-default-executor-1] INFO  impl.RoleInfo (RoleInfo.java:updateAndGet(143)) - 0aa3649f-570d-46c6-937f-492d7f3a8364: start FollowerState
2019-10-16 21:01:51,590 [Thread-1829] INFO  impl.FollowerState (FollowerState.java:run(117)) - 0aa3649f-570d-46c6-937f-492d7f3a8364@group-83C26644CFDA-FollowerState was interrupted: java.lang.InterruptedException: sleep interrupted
2019-10-16 21:01:51,593 [grpc-default-executor-2] INFO  impl.RaftServerImpl (RaftServerImpl.java:setRole(184)) - 4a03179f-3169-4ac7-a075-259968512ef0@group-83C26644CFDA: changes role from  FOLLOWER to FOLLOWER at term 254 for recognizeCandidate:4b287a15-77af-487b-aef7-34d1d0ee189f
2019-10-16 21:01:51,593 [grpc-default-executor-2] INFO  impl.RoleInfo (RoleInfo.java:shutdownFollowerState(121)) - 4a03179f-3169-4ac7-a075-259968512ef0: shutdown FollowerState
2019-10-16 21:01:51,593 [grpc-default-executor-2] INFO  impl.RoleInfo (RoleInfo.java:updateAndGet(143)) - 4a03179f-3169-4ac7-a075-259968512ef0: start FollowerState
2019-10-16 21:01:51,593 [Thread-1830] INFO  impl.FollowerState (FollowerState.java:run(117)) - 4a03179f-3169-4ac7-a075-259968512ef0@group-83C26644CFDA-FollowerState was interrupted: java.lang.InterruptedException: sleep interrupted
2019-10-16 21:01:51,604 [4b287a15-77af-487b-aef7-34d1d0ee189f@group-83C26644CFDA-LeaderElection249] INFO  impl.LeaderElection (LeaderElection.java:logAndReturn(56)) - 4b287a15-77af-487b-aef7-34d1d0ee189f@group-83C26644CFDA-LeaderElection249: Election REJECTED; received 2 response(s) [4b287a15-77af-487b-aef7-34d1d0ee189f<-0aa3649f-570d-46c6-937f-492d7f3a8364#0:FAIL-t254, 4b287a15-77af-487b-aef7-34d1d0ee189f<-4a03179f-3169-4ac7-a075-259968512ef0#0:FAIL-t254] and 0 exception(s); 4b287a15-77af-487b-aef7-34d1d0ee189f@group-83C26644CFDA:t254, leader=null, voted=4b287a15-77af-487b-aef7-34d1d0ee189f, raftlog=4b287a15-77af-487b-aef7-34d1d0ee189f@group-83C26644CFDA-SegmentedRaftLog:OPENED:c-1,f-1,i0, conf=-1: [4b287a15-77af-487b-aef7-34d1d0ee189f:192.168.34.38:38597, 0aa3649f-570d-46c6-937f-492d7f3a8364:192.168.34.38:33209, 4a03179f-3169-4ac7-a075-259968512ef0:192.168.34.38:45833], old=null
2019-10-16 21:01:51,604 [4b287a15-77af-487b-aef7-34d1d0ee189f@group-83C26644CFDA-LeaderElection249] INFO  impl.RaftServerImpl (RaftServerImpl.java:setRole(184)) - 4b287a15-77af-487b-aef7-34d1d0ee189f@group-83C26644CFDA: changes role from CANDIDATE to FOLLOWER at term 254 for DISCOVERED_A_NEW_TERM
2019-10-16 21:01:51,605 [4b287a15-77af-487b-aef7-34d1d0ee189f@group-83C26644CFDA-LeaderElection249] INFO  impl.RoleInfo (RoleInfo.java:shutdownLeaderElection(134)) - 4b287a15-77af-487b-aef7-34d1d0ee189f: shutdown LeaderElection
2019-10-16 21:01:51,605 [4b287a15-77af-487b-aef7-34d1d0ee189f@group-83C26644CFDA-LeaderElection249] INFO  impl.RoleInfo (RoleInfo.java:updateAndGet(143)) - 4b287a15-77af-487b-aef7-34d1d0ee189f: start FollowerState
2019-10-16 21:01:51,690 [Thread-1837] INFO  impl.FollowerState (FollowerState.java:run(108)) - 4b287a15-77af-487b-aef7-34d1d0ee189f@group-83C26644CFDA-FollowerState: change to CANDIDATE, lastRpcTime:85ms, electionTimeout:85ms
2019-10-16 21:01:51,690 [Thread-1837] INFO  impl.RoleInfo (RoleInfo.java:shutdownFollowerState(121)) - 4b287a15-77af-487b-aef7-34d1d0ee189f: shutdown FollowerState
2019-10-16 21:01:51,690 [Thread-1837] INFO  impl.RaftServerImpl (RaftServerImpl.java:setRole(184)) - 4b287a15-77af-487b-aef7-34d1d0ee189f@group-83C26644CFDA: changes role from  FOLLOWER to CANDIDATE at term 254 for changeToCandidate
2019-10-16 21:01:51,691 [Thread-1837] INFO  impl.RoleInfo (RoleInfo.java:updateAndGet(143)) - 4b287a15-77af-487b-aef7-34d1d0ee189f: start LeaderElection
2019-10-16 21:01:51,711 [4b287a15-77af-487b-aef7-34d1d0ee189f@group-83C26644CFDA-LeaderElection250] INFO  impl.LeaderElection (LeaderElection.java:askForVotes(178)) - 4b287a15-77af-487b-aef7-34d1d0ee189f@group-83C26644CFDA-LeaderElection250: begin an election at term 255 for -1: [4b287a15-77af-487b-aef7-34d1d0ee189f:192.168.34.38:38597, 0aa3649f-570d-46c6-937f-492d7f3a8364:192.168.34.38:33209, 4a03179f-3169-4ac7-a075-259968512ef0:192.168.34.38:45833], old=null
2019-10-16 21:01:51,713 [grpc-default-executor-1] INFO  impl.RaftServerImpl (RaftServerImpl.java:setRole(184)) - 0aa3649f-570d-46c6-937f-492d7f3a8364@group-83C26644CFDA: changes role from  FOLLOWER to FOLLOWER at term 255 for recognizeCandidate:4b287a15-77af-487b-aef7-34d1d0ee189f
2019-10-16 21:01:51,713 [grpc-default-executor-1] INFO  impl.RoleInfo (RoleInfo.java:shutdownFollowerState(121)) - 0aa3649f-570d-46c6-937f-492d7f3a8364: shutdown FollowerState
2019-10-16 21:01:51,713 [grpc-default-executor-2] INFO  impl.RaftServerImpl (RaftServerImpl.java:setRole(184)) - 4a03179f-3169-4ac7-a075-259968512ef0@group-83C26644CFDA: changes role from  FOLLOWER to FOLLOWER at term 255 for recognizeCandidate:4b287a15-77af-487b-aef7-34d1d0ee189f
2019-10-16 21:01:51,714 [grpc-default-executor-1] INFO  impl.RoleInfo (RoleInfo.java:updateAndGet(143)) - 0aa3649f-570d-46c6-937f-492d7f3a8364: start FollowerState
2019-10-16 21:01:51,714 [Thread-1835] INFO  impl.FollowerState (FollowerState.java:run(117)) - 0aa3649f-570d-46c6-937f-492d7f3a8364@group-83C26644CFDA-FollowerState was interrupted: java.lang.InterruptedException: sleep interrupted
2019-10-16 21:01:51,714 [grpc-default-executor-2] INFO  impl.RoleInfo (RoleInfo.java:shutdownFollowerState(121)) - 4a03179f-3169-4ac7-a075-259968512ef0: shutdown FollowerState
2019-10-16 21:01:51,714 [grpc-default-executor-2] INFO  impl.RoleInfo (RoleInfo.java:updateAndGet(143)) - 4a03179f-3169-4ac7-a075-259968512ef0: start FollowerState
2019-10-16 21:01:51,714 [Thread-1836] INFO  impl.FollowerState (FollowerState.java:run(117)) - 4a03179f-3169-4ac7-a075-259968512ef0@group-83C26644CFDA-FollowerState was interrupted: java.lang.InterruptedException: sleep interrupted
2019-10-16 21:01:51,750 [4b287a15-77af-487b-aef7-34d1d0ee189f@group-83C26644CFDA-LeaderElection250] INFO  impl.LeaderElection (LeaderElection.java:logAndReturn(56)) - 4b287a15-77af-487b-aef7-34d1d0ee189f@group-83C26644CFDA-LeaderElection250: Election REJECTED; received 2 response(s) [4b287a15-77af-487b-aef7-34d1d0ee189f<-0aa3649f-570d-46c6-937f-492d7f3a8364#0:FAIL-t255, 4b287a15-77af-487b-aef7-34d1d0ee189f<-4a03179f-3169-4ac7-a075-259968512ef0#0:FAIL-t255] and 0 exception(s); 4b287a15-77af-487b-aef7-34d1d0ee189f@group-83C26644CFDA:t255, leader=null, voted=4b287a15-77af-487b-aef7-34d1d0ee189f, raftlog=4b287a15-77af-487b-aef7-34d1d0ee189f@group-83C26644CFDA-SegmentedRaftLog:OPENED:c-1,f-1,i0, conf=-1: [4b287a15-77af-487b-aef7-34d1d0ee189f:192.168.34.38:38597, 0aa3649f-570d-46c6-937f-492d7f3a8364:192.168.34.38:33209, 4a03179f-3169-4ac7-a075-259968512ef0:192.168.34.38:45833], old=null
2019-10-16 21:01:51,750 [4b287a15-77af-487b-aef7-34d1d0ee189f@group-83C26644CFDA-LeaderElection250] INFO  impl.RaftServerImpl (RaftServerImpl.java:setRole(184)) - 4b287a15-77af-487b-aef7-34d1d0ee189f@group-83C26644CFDA: changes role from CANDIDATE to FOLLOWER at term 255 for DISCOVERED_A_NEW_TERM
2019-10-16 21:01:51,750 [4b287a15-77af-487b-aef7-34d1d0ee189f@group-83C26644CFDA-LeaderElection250] INFO  impl.RoleInfo (RoleInfo.java:shutdownLeaderElection(134)) - 4b287a15-77af-487b-aef7-34d1d0ee189f: shutdown LeaderElection
2019-10-16 21:01:51,750 [4b287a15-77af-487b-aef7-34d1d0ee189f@group-83C26644CFDA-LeaderElection250] INFO  impl.RoleInfo (RoleInfo.java:updateAndGet(143)) - 4b287a15-77af-487b-aef7-34d1d0ee189f: start FollowerState
2019-10-16 21:01:51,888 [Thread-1843] INFO  impl.FollowerState (FollowerState.java:run(108)) - 4b287a15-77af-487b-aef7-34d1d0ee189f@group-83C26644CFDA-FollowerState: change to CANDIDATE, lastRpcTime:137ms, electionTimeout:137ms
2019-10-16 21:01:51,888 [Thread-1843] INFO  impl.RoleInfo (RoleInfo.java:shutdownFollowerState(121)) - 4b287a15-77af-487b-aef7-34d1d0ee189f: shutdown FollowerState
2019-10-16 21:01:51,888 [Thread-1843] INFO  impl.RaftServerImpl (RaftServerImpl.java:setRole(184)) - 4b287a15-77af-487b-aef7-34d1d0ee189f@group-83C26644CFDA: changes role from  FOLLOWER to CANDIDATE at term 255 for changeToCandidate
2019-10-16 21:01:51,888 [Thread-1843] INFO  impl.RoleInfo (RoleInfo.java:updateAndGet(143)) - 4b287a15-77af-487b-aef7-34d1d0ee189f: start LeaderElection
2019-10-16 21:01:51,901 [4b287a15-77af-487b-aef7-34d1d0ee189f@group-83C26644CFDA-LeaderElection251] INFO  impl.LeaderElection (LeaderElection.java:askForVotes(178)) - 4b287a15-77af-487b-aef7-34d1d0ee189f@group-83C26644CFDA-LeaderElection251: begin an election at term 256 for -1: [4b287a15-77af-487b-aef7-34d1d0ee189f:192.168.34.38:38597, 0aa3649f-570d-46c6-937f-492d7f3a8364:192.168.34.38:33209, 4a03179f-3169-4ac7-a075-259968512ef0:192.168.34.38:45833], old=null
2019-10-16 21:01:51,903 [grpc-default-executor-2] INFO  impl.RaftServerImpl (RaftServerImpl.java:setRole(184)) - 4a03179f-3169-4ac7-a075-259968512ef0@group-83C26644CFDA: changes role from  FOLLOWER to FOLLOWER at term 256 for recognizeCandidate:4b287a15-77af-487b-aef7-34d1d0ee189f
2019-10-16 21:01:51,904 [grpc-default-executor-1] INFO  impl.RaftServerImpl (RaftServerImpl.java:setRole(184)) - 0aa3649f-570d-46c6-937f-492d7f3a8364@group-83C26644CFDA: changes role from  FOLLOWER to FOLLOWER at term 256 for recognizeCandidate:4b287a15-77af-487b-aef7-34d1d0ee189f
2019-10-16 21:01:51,904 [grpc-default-executor-2] INFO  impl.RoleInfo (RoleInfo.java:shutdownFollowerState(121)) - 4a03179f-3169-4ac7-a075-259968512ef0: shutdown FollowerState
2019-10-16 21:01:51,904 [grpc-default-executor-1] INFO  impl.RoleInfo (RoleInfo.java:shutdownFollowerState(121)) - 0aa3649f-570d-46c6-937f-492d7f3a8364: shutdown FollowerState
2019-10-16 21:01:51,904 [grpc-default-executor-2] INFO  impl.RoleInfo (RoleInfo.java:updateAndGet(143)) - 4a03179f-3169-4ac7-a075-259968512ef0: start FollowerState
2019-10-16 21:01:51,904 [Thread-1842] INFO  impl.FollowerState (FollowerState.java:run(117)) - 4a03179f-3169-4ac7-a075-259968512ef0@group-83C26644CFDA-FollowerState was interrupted: java.lang.InterruptedException: sleep interrupted
2019-10-16 21:01:51,907 [Thread-1841] INFO  impl.FollowerState (FollowerState.java:run(117)) - 0aa3649f-570d-46c6-937f-492d7f3a8364@group-83C26644CFDA-FollowerState was interrupted: java.lang.InterruptedException: sleep interrupted
2019-10-16 21:01:51,907 [grpc-default-executor-1] INFO  impl.RoleInfo (RoleInfo.java:updateAndGet(143)) - 0aa3649f-570d-46c6-937f-492d7f3a8364: start FollowerState
2019-10-16 21:01:51,923 [4b287a15-77af-487b-aef7-34d1d0ee189f@group-83C26644CFDA-LeaderElection251] INFO  impl.LeaderElection (LeaderElection.java:logAndReturn(56)) - 4b287a15-77af-487b-aef7-34d1d0ee189f@group-83C26644CFDA-LeaderElection251: Election REJECTED; received 2 response(s) [4b287a15-77af-487b-aef7-34d1d0ee189f<-0aa3649f-570d-46c6-937f-492d7f3a8364#0:FAIL-t256, 4b287a15-77af-487b-aef7-34d1d0ee189f<-4a03179f-3169-4ac7-a075-259968512ef0#0:FAIL-t256] and 0 exception(s); 4b287a15-77af-487b-aef7-34d1d0ee189f@group-83C26644CFDA:t256, leader=null, voted=4b287a15-77af-487b-aef7-34d1d0ee189f, raftlog=4b287a15-77af-487b-aef7-34d1d0ee189f@group-83C26644CFDA-SegmentedRaftLog:OPENED:c-1,f-1,i0, conf=-1: [4b287a15-77af-487b-aef7-34d1d0ee189f:192.168.34.38:38597, 0aa3649f-570d-46c6-937f-492d7f3a8364:192.168.34.38:33209, 4a03179f-3169-4ac7-a075-259968512ef0:192.168.34.38:45833], old=null
2019-10-16 21:01:51,924 [4b287a15-77af-487b-aef7-34d1d0ee189f@group-83C26644CFDA-LeaderElection251] INFO  impl.RaftServerImpl (RaftServerImpl.java:setRole(184)) - 4b287a15-77af-487b-aef7-34d1d0ee189f@group-83C26644CFDA: changes role from CANDIDATE to FOLLOWER at term 256 for DISCOVERED_A_NEW_TERM
2019-10-16 21:01:51,924 [4b287a15-77af-487b-aef7-34d1d0ee189f@group-83C26644CFDA-LeaderElection251] INFO  impl.RoleInfo (RoleInfo.java:shutdownLeaderElection(134)) - 4b287a15-77af-487b-aef7-34d1d0ee189f: shutdown LeaderElection
2019-10-16 21:01:51,924 [4b287a15-77af-487b-aef7-34d1d0ee189f@group-83C26644CFDA-LeaderElection251] INFO  impl.RoleInfo (RoleInfo.java:updateAndGet(143)) - 4b287a15-77af-487b-aef7-34d1d0ee189f: start FollowerState
2019-10-16 21:01:51,945 [Thread-1849] INFO  impl.FollowerState (FollowerState.java:run(108)) - 4b287a15-77af-487b-aef7-34d1d0ee189f@group-83C26644CFDA-FollowerState: change to CANDIDATE, lastRpcTime:21ms, electionTimeout:21ms
2019-10-16 21:01:51,945 [Thread-1849] INFO  impl.RoleInfo (RoleInfo.java:shutdownFollowerState(121)) - 4b287a15-77af-487b-aef7-34d1d0ee189f: shutdown FollowerState
2019-10-16 21:01:51,945 [Thread-1849] INFO  impl.RaftServerImpl (RaftServerImpl.java:setRole(184)) - 4b287a15-77af-487b-aef7-34d1d0ee189f@group-83C26644CFDA: changes role from  FOLLOWER to CANDIDATE at term 256 for changeToCandidate
2019-10-16 21:01:51,946 [Thread-1849] INFO  impl.RoleInfo (RoleInfo.java:updateAndGet(143)) - 4b287a15-77af-487b-aef7-34d1d0ee189f: start LeaderElection
2019-10-16 21:01:51,959 [4b287a15-77af-487b-aef7-34d1d0ee189f@group-83C26644CFDA-LeaderElection252] INFO  impl.LeaderElection (LeaderElection.java:askForVotes(178)) - 4b287a15-77af-487b-aef7-34d1d0ee189f@group-83C26644CFDA-LeaderElection252: begin an election at term 257 for -1: [4b287a15-77af-487b-aef7-34d1d0ee189f:192.168.34.38:38597, 0aa3649f-570d-46c6-937f-492d7f3a8364:192.168.34.38:33209, 4a03179f-3169-4ac7-a075-259968512ef0:192.168.34.38:45833], old=null
2019-10-16 21:01:51,963 [grpc-default-executor-2] INFO  impl.RaftServerImpl (RaftServerImpl.java:setRole(184)) - 4a03179f-3169-4ac7-a075-259968512ef0@group-83C26644CFDA: changes role from  FOLLOWER to FOLLOWER at term 257 for recognizeCandidate:4b287a15-77af-487b-aef7-34d1d0ee189f
2019-10-16 21:01:51,963 [grpc-default-executor-1] INFO  impl.RaftServerImpl (RaftServerImpl.java:setRole(184)) - 0aa3649f-570d-46c6-937f-492d7f3a8364@group-83C26644CFDA: changes role from  FOLLOWER to FOLLOWER at term 257 for recognizeCandidate:4b287a15-77af-487b-aef7-34d1d0ee189f
2019-10-16 21:01:51,963 [grpc-default-executor-1] INFO  impl.RoleInfo (RoleInfo.java:shutdownFollowerState(121)) - 0aa3649f-570d-46c6-937f-492d7f3a8364: shutdown FollowerState
2019-10-16 21:01:51,963 [grpc-default-executor-2] INFO  impl.RoleInfo (RoleInfo.java:shutdownFollowerState(121)) - 4a03179f-3169-4ac7-a075-259968512ef0: shutdown FollowerState
2019-10-16 21:01:51,963 [Thread-1848] INFO  impl.FollowerState (FollowerState.java:run(117)) - 0aa3649f-570d-46c6-937f-492d7f3a8364@group-83C26644CFDA-FollowerState was interrupted: java.lang.InterruptedException: sleep interrupted
2019-10-16 21:01:51,963 [grpc-default-executor-1] INFO  impl.RoleInfo (RoleInfo.java:updateAndGet(143)) - 0aa3649f-570d-46c6-937f-492d7f3a8364: start FollowerState
2019-10-16 21:01:51,963 [Thread-1847] INFO  impl.FollowerState (FollowerState.java:run(117)) - 4a03179f-3169-4ac7-a075-259968512ef0@group-83C26644CFDA-FollowerState was interrupted: java.lang.InterruptedException: sleep interrupted
2019-10-16 21:01:51,963 [grpc-default-executor-2] INFO  impl.RoleInfo (RoleInfo.java:updateAndGet(143)) - 4a03179f-3169-4ac7-a075-259968512ef0: start FollowerState
2019-10-16 21:01:51,970 [4b287a15-77af-487b-aef7-34d1d0ee189f@group-83C26644CFDA-LeaderElection252] INFO  impl.LeaderElection (LeaderElection.java:logAndReturn(56)) - 4b287a15-77af-487b-aef7-34d1d0ee189f@group-83C26644CFDA-LeaderElection252: Election REJECTED; received 2 response(s) [4b287a15-77af-487b-aef7-34d1d0ee189f<-0aa3649f-570d-46c6-937f-492d7f3a8364#0:FAIL-t257, 4b287a15-77af-487b-aef7-34d1d0ee189f<-4a03179f-3169-4ac7-a075-259968512ef0#0:FAIL-t257] and 0 exception(s); 4b287a15-77af-487b-aef7-34d1d0ee189f@group-83C26644CFDA:t257, leader=null, voted=4b287a15-77af-487b-aef7-34d1d0ee189f, raftlog=4b287a15-77af-487b-aef7-34d1d0ee189f@group-83C26644CFDA-SegmentedRaftLog:OPENED:c-1,f-1,i0, conf=-1: [4b287a15-77af-487b-aef7-34d1d0ee189f:192.168.34.38:38597, 0aa3649f-570d-46c6-937f-492d7f3a8364:192.168.34.38:33209, 4a03179f-3169-4ac7-a075-259968512ef0:192.168.34.38:45833], old=null
2019-10-16 21:01:51,971 [4b287a15-77af-487b-aef7-34d1d0ee189f@group-83C26644CFDA-LeaderElection252] INFO  impl.RaftServerImpl (RaftServerImpl.java:setRole(184)) - 4b287a15-77af-487b-aef7-34d1d0ee189f@group-83C26644CFDA: changes role from CANDIDATE to FOLLOWER at term 257 for DISCOVERED_A_NEW_TERM
2019-10-16 21:01:51,971 [4b287a15-77af-487b-aef7-34d1d0ee189f@group-83C26644CFDA-LeaderElection252] INFO  impl.RoleInfo (RoleInfo.java:shutdownLeaderElection(134)) - 4b287a15-77af-487b-aef7-34d1d0ee189f: shutdown LeaderElection
2019-10-16 21:01:51,971 [4b287a15-77af-487b-aef7-34d1d0ee189f@group-83C26644CFDA-LeaderElection252] INFO  impl.RoleInfo (RoleInfo.java:updateAndGet(143)) - 4b287a15-77af-487b-aef7-34d1d0ee189f: start FollowerState
2019-10-16 21:01:52,057 [Thread-1855] INFO  impl.FollowerState (FollowerState.java:run(108)) - 4b287a15-77af-487b-aef7-34d1d0ee189f@group-83C26644CFDA-FollowerState: change to CANDIDATE, lastRpcTime:86ms, electionTimeout:86ms
2019-10-16 21:01:52,057 [Thread-1855] INFO  impl.RoleInfo (RoleInfo.java:shutdownFollowerState(121)) - 4b287a15-77af-487b-aef7-34d1d0ee189f: shutdown FollowerState
2019-10-16 21:01:52,058 [Thread-1855] INFO  impl.RaftServerImpl (RaftServerImpl.java:setRole(184)) - 4b287a15-77af-487b-aef7-34d1d0ee189f@group-83C26644CFDA: changes role from  FOLLOWER to CANDIDATE at term 257 for changeToCandidate
2019-10-16 21:01:52,058 [Thread-1855] INFO  impl.RoleInfo (RoleInfo.java:updateAndGet(143)) - 4b287a15-77af-487b-aef7-34d1d0ee189f: start LeaderElection
2019-10-16 21:01:52,071 [4b287a15-77af-487b-aef7-34d1d0ee189f@group-83C26644CFDA-LeaderElection253] INFO  impl.LeaderElection (LeaderElection.java:askForVotes(178)) - 4b287a15-77af-487b-aef7-34d1d0ee189f@group-83C26644CFDA-LeaderElection253: begin an election at term 258 for -1: [4b287a15-77af-487b-aef7-34d1d0ee189f:192.168.34.38:38597, 0aa3649f-570d-46c6-937f-492d7f3a8364:192.168.34.38:33209, 4a03179f-3169-4ac7-a075-259968512ef0:192.168.34.38:45833], old=null
2019-10-16 21:01:52,073 [grpc-default-executor-1] INFO  impl.RaftServerImpl (RaftServerImpl.java:setRole(184)) - 0aa3649f-570d-46c6-937f-492d7f3a8364@group-83C26644CFDA: changes role from  FOLLOWER to FOLLOWER at term 258 for recognizeCandidate:4b287a15-77af-487b-aef7-34d1d0ee189f
2019-10-16 21:01:52,073 [grpc-default-executor-1] INFO  impl.RoleInfo (RoleInfo.java:shutdownFollowerState(121)) - 0aa3649f-570d-46c6-937f-492d7f3a8364: shutdown FollowerState
2019-10-16 21:01:52,073 [grpc-default-executor-2] INFO  impl.RaftServerImpl (RaftServerImpl.java:setRole(184)) - 4a03179f-3169-4ac7-a075-259968512ef0@group-83C26644CFDA: changes role from  FOLLOWER to FOLLOWER at term 258 for recognizeCandidate:4b287a15-77af-487b-aef7-34d1d0ee189f
2019-10-16 21:01:52,073 [grpc-default-executor-2] INFO  impl.RoleInfo (RoleInfo.java:shutdownFollowerState(121)) - 4a03179f-3169-4ac7-a075-259968512ef0: shutdown FollowerState
2019-10-16 21:01:52,073 [grpc-default-executor-1] INFO  impl.RoleInfo (RoleInfo.java:updateAndGet(143)) - 0aa3649f-570d-46c6-937f-492d7f3a8364: start FollowerState
2019-10-16 21:01:52,073 [Thread-1853] INFO  impl.FollowerState (FollowerState.java:run(117)) - 0aa3649f-570d-46c6-937f-492d7f3a8364@group-83C26644CFDA-FollowerState was interrupted: java.lang.InterruptedException: sleep interrupted
2019-10-16 21:01:52,074 [grpc-default-executor-2] INFO  impl.RoleInfo (RoleInfo.java:updateAndGet(143)) - 4a03179f-3169-4ac7-a075-259968512ef0: start FollowerState
2019-10-16 21:01:52,074 [Thread-1854] INFO  impl.FollowerState (FollowerState.java:run(117)) - 4a03179f-3169-4ac7-a075-259968512ef0@group-83C26644CFDA-FollowerState was interrupted: java.lang.InterruptedException: sleep interrupted
2019-10-16 21:01:52,088 [4b287a15-77af-487b-aef7-34d1d0ee189f@group-83C26644CFDA-LeaderElection253] INFO  impl.LeaderElection (LeaderElection.java:logAndReturn(56)) - 4b287a15-77af-487b-aef7-34d1d0ee189f@group-83C26644CFDA-LeaderElection253: Election REJECTED; received 2 response(s) [4b287a15-77af-487b-aef7-34d1d0ee189f<-0aa3649f-570d-46c6-937f-492d7f3a8364#0:FAIL-t258, 4b287a15-77af-487b-aef7-34d1d0ee189f<-4a03179f-3169-4ac7-a075-259968512ef0#0:FAIL-t258] and 0 exception(s); 4b287a15-77af-487b-aef7-34d1d0ee189f@group-83C26644CFDA:t258, leader=null, voted=4b287a15-77af-487b-aef7-34d1d0ee189f, raftlog=4b287a15-77af-487b-aef7-34d1d0ee189f@group-83C26644CFDA-SegmentedRaftLog:OPENED:c-1,f-1,i0, conf=-1: [4b287a15-77af-487b-aef7-34d1d0ee189f:192.168.34.38:38597, 0aa3649f-570d-46c6-937f-492d7f3a8364:192.168.34.38:33209, 4a03179f-3169-4ac7-a075-259968512ef0:192.168.34.38:45833], old=null
2019-10-16 21:01:52,088 [4b287a15-77af-487b-aef7-34d1d0ee189f@group-83C26644CFDA-LeaderElection253] INFO  impl.RaftServerImpl (RaftServerImpl.java:setRole(184)) - 4b287a15-77af-487b-aef7-34d1d0ee189f@group-83C26644CFDA: changes role from CANDIDATE to FOLLOWER at term 258 for DISCOVERED_A_NEW_TERM
2019-10-16 21:01:52,088 [4b287a15-77af-487b-aef7-34d1d0ee189f@group-83C26644CFDA-LeaderElection253] INFO  impl.RoleInfo (RoleInfo.java:shutdownLeaderElection(134)) - 4b287a15-77af-487b-aef7-34d1d0ee189f: shutdown LeaderElection
2019-10-16 21:01:52,088 [4b287a15-77af-487b-aef7-34d1d0ee189f@group-83C26644CFDA-LeaderElection253] INFO  impl.RoleInfo (RoleInfo.java:updateAndGet(143)) - 4b287a15-77af-487b-aef7-34d1d0ee189f: start FollowerState
2019-10-16 21:01:52,101 [Thread-1861] INFO  impl.FollowerState (FollowerState.java:run(108)) - 4b287a15-77af-487b-aef7-34d1d0ee189f@group-83C26644CFDA-FollowerState: change to CANDIDATE, lastRpcTime:13ms, electionTimeout:13ms
2019-10-16 21:01:52,102 [Thread-1861] INFO  impl.RoleInfo (RoleInfo.java:shutdownFollowerState(121)) - 4b287a15-77af-487b-aef7-34d1d0ee189f: shutdown FollowerState
2019-10-16 21:01:52,102 [Thread-1861] INFO  impl.RaftServerImpl (RaftServerImpl.java:setRole(184)) - 4b287a15-77af-487b-aef7-34d1d0ee189f@group-83C26644CFDA: changes role from  FOLLOWER to CANDIDATE at term 258 for changeToCandidate
2019-10-16 21:01:52,102 [Thread-1861] INFO  impl.RoleInfo (RoleInfo.java:updateAndGet(143)) - 4b287a15-77af-487b-aef7-34d1d0ee189f: start LeaderElection
2019-10-16 21:01:52,115 [4b287a15-77af-487b-aef7-34d1d0ee189f@group-83C26644CFDA-LeaderElection254] INFO  impl.LeaderElection (LeaderElection.java:askForVotes(178)) - 4b287a15-77af-487b-aef7-34d1d0ee189f@group-83C26644CFDA-LeaderElection254: begin an election at term 259 for -1: [4b287a15-77af-487b-aef7-34d1d0ee189f:192.168.34.38:38597, 0aa3649f-570d-46c6-937f-492d7f3a8364:192.168.34.38:33209, 4a03179f-3169-4ac7-a075-259968512ef0:192.168.34.38:45833], old=null
2019-10-16 21:01:52,117 [grpc-default-executor-2] INFO  impl.RaftServerImpl (RaftServerImpl.java:setRole(184)) - 0aa3649f-570d-46c6-937f-492d7f3a8364@group-83C26644CFDA: changes role from  FOLLOWER to FOLLOWER at term 259 for recognizeCandidate:4b287a15-77af-487b-aef7-34d1d0ee189f
2019-10-16 21:01:52,117 [grpc-default-executor-1] INFO  impl.RaftServerImpl (RaftServerImpl.java:setRole(184)) - 4a03179f-3169-4ac7-a075-259968512ef0@group-83C26644CFDA: changes role from  FOLLOWER to FOLLOWER at term 259 for recognizeCandidate:4b287a15-77af-487b-aef7-34d1d0ee189f
2019-10-16 21:01:52,117 [grpc-default-executor-1] INFO  impl.RoleInfo (RoleInfo.java:shutdownFollowerState(121)) - 4a03179f-3169-4ac7-a075-259968512ef0: shutdown FollowerState
2019-10-16 21:01:52,117 [grpc-default-executor-2] INFO  impl.RoleInfo (RoleInfo.java:shutdownFollowerState(121)) - 0aa3649f-570d-46c6-937f-492d7f3a8364: shutdown FollowerState
2019-10-16 21:01:52,117 [grpc-default-executor-1] INFO  impl.RoleInfo (RoleInfo.java:updateAndGet(143)) - 4a03179f-3169-4ac7-a075-259968512ef0: start FollowerState
2019-10-16 21:01:52,117 [Thread-1860] INFO  impl.FollowerState (FollowerState.java:run(117)) - 4a03179f-3169-4ac7-a075-259968512ef0@group-83C26644CFDA-FollowerState was interrupted: java.lang.InterruptedException: sleep interrupted
2019-10-16 21:01:52,118 [grpc-default-executor-2] INFO  impl.RoleInfo (RoleInfo.java:updateAndGet(143)) - 0aa3649f-570d-46c6-937f-492d7f3a8364: start FollowerState
2019-10-16 21:01:52,118 [Thread-1859] INFO  impl.FollowerState (FollowerState.java:run(117)) - 0aa3649f-570d-46c6-937f-492d7f3a8364@group-83C26644CFDA-FollowerState was interrupted: java.lang.InterruptedException: sleep interrupted
2019-10-16 21:01:52,133 [4b287a15-77af-487b-aef7-34d1d0ee189f@group-83C26644CFDA-LeaderElection254] INFO  impl.LeaderElection (LeaderElection.java:logAndReturn(56)) - 4b287a15-77af-487b-aef7-34d1d0ee189f@group-83C26644CFDA-LeaderElection254: Election REJECTED; received 2 response(s) [4b287a15-77af-487b-aef7-34d1d0ee189f<-0aa3649f-570d-46c6-937f-492d7f3a8364#0:FAIL-t259, 4b287a15-77af-487b-aef7-34d1d0ee189f<-4a03179f-3169-4ac7-a075-259968512ef0#0:FAIL-t259] and 0 exception(s); 4b287a15-77af-487b-aef7-34d1d0ee189f@group-83C26644CFDA:t259, leader=null, voted=4b287a15-77af-487b-aef7-34d1d0ee189f, raftlog=4b287a15-77af-487b-aef7-34d1d0ee189f@group-83C26644CFDA-SegmentedRaftLog:OPENED:c-1,f-1,i0, conf=-1: [4b287a15-77af-487b-aef7-34d1d0ee189f:192.168.34.38:38597, 0aa3649f-570d-46c6-937f-492d7f3a8364:192.168.34.38:33209, 4a03179f-3169-4ac7-a075-259968512ef0:192.168.34.38:45833], old=null
2019-10-16 21:01:52,133 [4b287a15-77af-487b-aef7-34d1d0ee189f@group-83C26644CFDA-LeaderElection254] INFO  impl.RaftServerImpl (RaftServerImpl.java:setRole(184)) - 4b287a15-77af-487b-aef7-34d1d0ee189f@group-83C26644CFDA: changes role from CANDIDATE to FOLLOWER at term 259 for DISCOVERED_A_NEW_TERM
2019-10-16 21:01:52,133 [4b287a15-77af-487b-aef7-34d1d0ee189f@group-83C26644CFDA-LeaderElection254] INFO  impl.RoleInfo (RoleInfo.java:shutdownLeaderElection(134)) - 4b287a15-77af-487b-aef7-34d1d0ee189f: shutdown LeaderElection
2019-10-16 21:01:52,133 [4b287a15-77af-487b-aef7-34d1d0ee189f@group-83C26644CFDA-LeaderElection254] INFO  impl.RoleInfo (RoleInfo.java:updateAndGet(143)) - 4b287a15-77af-487b-aef7-34d1d0ee189f: start FollowerState
2019-10-16 21:01:52,202 [Thread-1867] INFO  impl.FollowerState (FollowerState.java:run(108)) - 4b287a15-77af-487b-aef7-34d1d0ee189f@group-83C26644CFDA-FollowerState: change to CANDIDATE, lastRpcTime:69ms, electionTimeout:69ms
2019-10-16 21:01:52,202 [Thread-1867] INFO  impl.RoleInfo (RoleInfo.java:shutdownFollowerState(121)) - 4b287a15-77af-487b-aef7-34d1d0ee189f: shutdown FollowerState
2019-10-16 21:01:52,203 [Thread-1867] INFO  impl.RaftServerImpl (RaftServerImpl.java:setRole(184)) - 4b287a15-77af-487b-aef7-34d1d0ee189f@group-83C26644CFDA: changes role from  FOLLOWER to CANDIDATE at term 259 for changeToCandidate
2019-10-16 21:01:52,203 [Thread-1867] INFO  impl.RoleInfo (RoleInfo.java:updateAndGet(143)) - 4b287a15-77af-487b-aef7-34d1d0ee189f: start LeaderElection
2019-10-16 21:01:52,291 [4b287a15-77af-487b-aef7-34d1d0ee189f@group-83C26644CFDA-LeaderElection255] INFO  impl.LeaderElection (LeaderElection.java:askForVotes(178)) - 4b287a15-77af-487b-aef7-34d1d0ee189f@group-83C26644CFDA-LeaderElection255: begin an election at term 260 for -1: [4b287a15-77af-487b-aef7-34d1d0ee189f:192.168.34.38:38597, 0aa3649f-570d-46c6-937f-492d7f3a8364:192.168.34.38:33209, 4a03179f-3169-4ac7-a075-259968512ef0:192.168.34.38:45833], old=null
2019-10-16 21:01:52,292 [grpc-default-executor-2] INFO  impl.RaftServerImpl (RaftServerImpl.java:setRole(184)) - 0aa3649f-570d-46c6-937f-492d7f3a8364@group-83C26644CFDA: changes role from  FOLLOWER to FOLLOWER at term 260 for recognizeCandidate:4b287a15-77af-487b-aef7-34d1d0ee189f
2019-10-16 21:01:52,293 [grpc-default-executor-2] INFO  impl.RoleInfo (RoleInfo.java:shutdownFollowerState(121)) - 0aa3649f-570d-46c6-937f-492d7f3a8364: shutdown FollowerState
2019-10-16 21:01:52,292 [grpc-default-executor-1] INFO  impl.RaftServerImpl (RaftServerImpl.java:setRole(184)) - 4a03179f-3169-4ac7-a075-259968512ef0@group-83C26644CFDA: changes role from  FOLLOWER to FOLLOWER at term 260 for recognizeCandidate:4b287a15-77af-487b-aef7-34d1d0ee189f
2019-10-16 21:01:52,293 [grpc-default-executor-2] INFO  impl.RoleInfo (RoleInfo.java:updateAndGet(143)) - 0aa3649f-570d-46c6-937f-492d7f3a8364: start FollowerState
2019-10-16 21:01:52,293 [Thread-1866] INFO  impl.FollowerState (FollowerState.java:run(117)) - 0aa3649f-570d-46c6-937f-492d7f3a8364@group-83C26644CFDA-FollowerState was interrupted: java.lang.InterruptedException: sleep interrupted
2019-10-16 21:01:52,293 [grpc-default-executor-1] INFO  impl.RoleInfo (RoleInfo.java:shutdownFollowerState(121)) - 4a03179f-3169-4ac7-a075-259968512ef0: shutdown FollowerState
2019-10-16 21:01:52,293 [grpc-default-executor-1] INFO  impl.RoleInfo (RoleInfo.java:updateAndGet(143)) - 4a03179f-3169-4ac7-a075-259968512ef0: start FollowerState
2019-10-16 21:01:52,293 [Thread-1865] INFO  impl.FollowerState (FollowerState.java:run(117)) - 4a03179f-3169-4ac7-a075-259968512ef0@group-83C26644CFDA-FollowerState was interrupted: java.lang.InterruptedException: sleep interrupted
2019-10-16 21:01:52,306 [4b287a15-77af-487b-aef7-34d1d0ee189f@group-83C26644CFDA-LeaderElection255] INFO  impl.LeaderElection (LeaderElection.java:logAndReturn(56)) - 4b287a15-77af-487b-aef7-34d1d0ee189f@group-83C26644CFDA-LeaderElection255: Election TIMEOUT; received 0 response(s) [] and 0 exception(s); 4b287a15-77af-487b-aef7-34d1d0ee189f@group-83C26644CFDA:t260, leader=null, voted=4b287a15-77af-487b-aef7-34d1d0ee189f, raftlog=4b287a15-77af-487b-aef7-34d1d0ee189f@group-83C26644CFDA-SegmentedRaftLog:OPENED:c-1,f-1,i0, conf=-1: [4b287a15-77af-487b-aef7-34d1d0ee189f:192.168.34.38:38597, 0aa3649f-570d-46c6-937f-492d7f3a8364:192.168.34.38:33209, 4a03179f-3169-4ac7-a075-259968512ef0:192.168.34.38:45833], old=null
2019-10-16 21:01:52,315 [4b287a15-77af-487b-aef7-34d1d0ee189f@group-83C26644CFDA-LeaderElection255] INFO  impl.LeaderElection (LeaderElection.java:askForVotes(178)) - 4b287a15-77af-487b-aef7-34d1d0ee189f@group-83C26644CFDA-LeaderElection255: begin an election at term 261 for -1: [4b287a15-77af-487b-aef7-34d1d0ee189f:192.168.34.38:38597, 0aa3649f-570d-46c6-937f-492d7f3a8364:192.168.34.38:33209, 4a03179f-3169-4ac7-a075-259968512ef0:192.168.34.38:45833], old=null
2019-10-16 21:01:52,316 [grpc-default-executor-2] INFO  impl.RaftServerImpl (RaftServerImpl.java:setRole(184)) - 0aa3649f-570d-46c6-937f-492d7f3a8364@group-83C26644CFDA: changes role from  FOLLOWER to FOLLOWER at term 261 for recognizeCandidate:4b287a15-77af-487b-aef7-34d1d0ee189f
2019-10-16 21:01:52,316 [4b287a15-77af-487b-aef7-34d1d0ee189f@group-83C26644CFDA-LeaderElection255] INFO  impl.LeaderElection (LeaderElection.java:logAndReturn(56)) - 4b287a15-77af-487b-aef7-34d1d0ee189f@group-83C26644CFDA-LeaderElection255: Election TIMEOUT; received 0 response(s) [] and 0 exception(s); 4b287a15-77af-487b-aef7-34d1d0ee189f@group-83C26644CFDA:t261, leader=null, voted=4b287a15-77af-487b-aef7-34d1d0ee189f, raftlog=4b287a15-77af-487b-aef7-34d1d0ee189f@group-83C26644CFDA-SegmentedRaftLog:OPENED:c-1,f-1,i0, conf=-1: [4b287a15-77af-487b-aef7-34d1d0ee189f:192.168.34.38:38597, 0aa3649f-570d-46c6-937f-492d7f3a8364:192.168.34.38:33209, 4a03179f-3169-4ac7-a075-259968512ef0:192.168.34.38:45833], old=null
2019-10-16 21:01:52,316 [grpc-default-executor-1] INFO  impl.RaftServerImpl (RaftServerImpl.java:setRole(184)) - 4a03179f-3169-4ac7-a075-259968512ef0@group-83C26644CFDA: changes role from  FOLLOWER to FOLLOWER at term 261 for recognizeCandidate:4b287a15-77af-487b-aef7-34d1d0ee189f
2019-10-16 21:01:52,316 [grpc-default-executor-2] INFO  impl.RoleInfo (RoleInfo.java:shutdownFollowerState(121)) - 0aa3649f-570d-46c6-937f-492d7f3a8364: shutdown FollowerState
2019-10-16 21:01:52,317 [grpc-default-executor-1] INFO  impl.RoleInfo (RoleInfo.java:shutdownFollowerState(121)) - 4a03179f-3169-4ac7-a075-259968512ef0: shutdown FollowerState
2019-10-16 21:01:52,317 [Thread-1871] INFO  impl.FollowerState (FollowerState.java:run(117)) - 0aa3649f-570d-46c6-937f-492d7f3a8364@group-83C26644CFDA-FollowerState was interrupted: java.lang.InterruptedException: sleep interrupted
2019-10-16 21:01:52,317 [grpc-default-executor-2] INFO  impl.RoleInfo (RoleInfo.java:updateAndGet(143)) - 0aa3649f-570d-46c6-937f-492d7f3a8364: start FollowerState
2019-10-16 21:01:52,317 [Thread-1872] INFO  impl.FollowerState (FollowerState.java:run(117)) - 4a03179f-3169-4ac7-a075-259968512ef0@group-83C26644CFDA-FollowerState was interrupted: java.lang.InterruptedException: sleep interrupted
2019-10-16 21:01:52,317 [grpc-default-executor-1] INFO  impl.RoleInfo (RoleInfo.java:updateAndGet(143)) - 4a03179f-3169-4ac7-a075-259968512ef0: start FollowerState
2019-10-16 21:01:52,324 [4b287a15-77af-487b-aef7-34d1d0ee189f@group-83C26644CFDA-LeaderElection255] INFO  impl.LeaderElection (LeaderElection.java:askForVotes(178)) - 4b287a15-77af-487b-aef7-34d1d0ee189f@group-83C26644CFDA-LeaderElection255: begin an election at term 262 for -1: [4b287a15-77af-487b-aef7-34d1d0ee189f:192.168.34.38:38597, 0aa3649f-570d-46c6-937f-492d7f3a8364:192.168.34.38:33209, 4a03179f-3169-4ac7-a075-259968512ef0:192.168.34.38:45833], old=null
2019-10-16 21:01:52,325 [grpc-default-executor-1] INFO  impl.RaftServerImpl (RaftServerImpl.java:setRole(184)) - 4a03179f-3169-4ac7-a075-259968512ef0@group-83C26644CFDA: changes role from  FOLLOWER to FOLLOWER at term 262 for recognizeCandidate:4b287a15-77af-487b-aef7-34d1d0ee189f
2019-10-16 21:01:52,325 [grpc-default-executor-2] INFO  impl.RaftServerImpl (RaftServerImpl.java:setRole(184)) - 0aa3649f-570d-46c6-937f-492d7f3a8364@group-83C26644CFDA: changes role from  FOLLOWER to FOLLOWER at term 262 for recognizeCandidate:4b287a15-77af-487b-aef7-34d1d0ee189f
2019-10-16 21:01:52,325 [grpc-default-executor-2] INFO  impl.RoleInfo (RoleInfo.java:shutdownFollowerState(121)) - 0aa3649f-570d-46c6-937f-492d7f3a8364: shutdown FollowerState
2019-10-16 21:01:52,325 [grpc-default-executor-1] INFO  impl.RoleInfo (RoleInfo.java:shutdownFollowerState(121)) - 4a03179f-3169-4ac7-a075-259968512ef0: shutdown FollowerState
2019-10-16 21:01:52,325 [grpc-default-executor-2] INFO  impl.RoleInfo (RoleInfo.java:updateAndGet(143)) - 0aa3649f-570d-46c6-937f-492d7f3a8364: start FollowerState
2019-10-16 21:01:52,325 [Thread-1875] INFO  impl.FollowerState (FollowerState.java:run(117)) - 0aa3649f-570d-46c6-937f-492d7f3a8364@group-83C26644CFDA-FollowerState was interrupted: java.lang.InterruptedException: sleep interrupted
2019-10-16 21:01:52,325 [Thread-1876] INFO  impl.FollowerState (FollowerState.java:run(117)) - 4a03179f-3169-4ac7-a075-259968512ef0@group-83C26644CFDA-FollowerState was interrupted: java.lang.InterruptedException: sleep interrupted
2019-10-16 21:01:52,325 [grpc-default-executor-1] INFO  impl.RoleInfo (RoleInfo.java:updateAndGet(143)) - 4a03179f-3169-4ac7-a075-259968512ef0: start FollowerState
2019-10-16 21:01:52,341 [4b287a15-77af-487b-aef7-34d1d0ee189f@group-83C26644CFDA-LeaderElection255] INFO  impl.LeaderElection (LeaderElection.java:logAndReturn(56)) - 4b287a15-77af-487b-aef7-34d1d0ee189f@group-83C26644CFDA-LeaderElection255: Election REJECTED; received 2 response(s) [4b287a15-77af-487b-aef7-34d1d0ee189f<-0aa3649f-570d-46c6-937f-492d7f3a8364#0:FAIL-t262, 4b287a15-77af-487b-aef7-34d1d0ee189f<-4a03179f-3169-4ac7-a075-259968512ef0#0:FAIL-t262] and 0 exception(s); 4b287a15-77af-487b-aef7-34d1d0ee189f@group-83C26644CFDA:t262, leader=null, voted=4b287a15-77af-487b-aef7-34d1d0ee189f, raftlog=4b287a15-77af-487b-aef7-34d1d0ee189f@group-83C26644CFDA-SegmentedRaftLog:OPENED:c-1,f-1,i0, conf=-1: [4b287a15-77af-487b-aef7-34d1d0ee189f:192.168.34.38:38597, 0aa3649f-570d-46c6-937f-492d7f3a8364:192.168.34.38:33209, 4a03179f-3169-4ac7-a075-259968512ef0:192.168.34.38:45833], old=null
2019-10-16 21:01:52,341 [4b287a15-77af-487b-aef7-34d1d0ee189f@group-83C26644CFDA-LeaderElection255] INFO  impl.RaftServerImpl (RaftServerImpl.java:setRole(184)) - 4b287a15-77af-487b-aef7-34d1d0ee189f@group-83C26644CFDA: changes role from CANDIDATE to FOLLOWER at term 262 for DISCOVERED_A_NEW_TERM
2019-10-16 21:01:52,341 [4b287a15-77af-487b-aef7-34d1d0ee189f@group-83C26644CFDA-LeaderElection255] INFO  impl.RoleInfo (RoleInfo.java:shutdownLeaderElection(134)) - 4b287a15-77af-487b-aef7-34d1d0ee189f: shutdown LeaderElection
2019-10-16 21:01:52,341 [4b287a15-77af-487b-aef7-34d1d0ee189f@group-83C26644CFDA-LeaderElection255] INFO  impl.RoleInfo (RoleInfo.java:updateAndGet(143)) - 4b287a15-77af-487b-aef7-34d1d0ee189f: start FollowerState
2019-10-16 21:01:52,357 [main] INFO  ozone.MiniOzoneClusterImpl (MiniOzoneClusterImpl.java:lambda$waitForClusterToBeReady$2(164)) - Waiting for 1 number of pipelines out of 4, to report a leader.
2019-10-16 21:01:52,366 [Thread-1881] INFO  impl.FollowerState (FollowerState.java:run(108)) - 4b287a15-77af-487b-aef7-34d1d0ee189f@group-83C26644CFDA-FollowerState: change to CANDIDATE, lastRpcTime:25ms, electionTimeout:25ms
2019-10-16 21:01:52,367 [Thread-1881] INFO  impl.RoleInfo (RoleInfo.java:shutdownFollowerState(121)) - 4b287a15-77af-487b-aef7-34d1d0ee189f: shutdown FollowerState
2019-10-16 21:01:52,367 [Thread-1881] INFO  impl.RaftServerImpl (RaftServerImpl.java:setRole(184)) - 4b287a15-77af-487b-aef7-34d1d0ee189f@group-83C26644CFDA: changes role from  FOLLOWER to CANDIDATE at term 262 for changeToCandidate
2019-10-16 21:01:52,367 [Thread-1881] INFO  impl.RoleInfo (RoleInfo.java:updateAndGet(143)) - 4b287a15-77af-487b-aef7-34d1d0ee189f: start LeaderElection
2019-10-16 21:01:52,372 [4b287a15-77af-487b-aef7-34d1d0ee189f@group-83C26644CFDA-LeaderElection256] INFO  impl.LeaderElection (LeaderElection.java:askForVotes(178)) - 4b287a15-77af-487b-aef7-34d1d0ee189f@group-83C26644CFDA-LeaderElection256: begin an election at term 263 for -1: [4b287a15-77af-487b-aef7-34d1d0ee189f:192.168.34.38:38597, 0aa3649f-570d-46c6-937f-492d7f3a8364:192.168.34.38:33209, 4a03179f-3169-4ac7-a075-259968512ef0:192.168.34.38:45833], old=null
2019-10-16 21:01:52,374 [grpc-default-executor-2] INFO  impl.RaftServerImpl (RaftServerImpl.java:setRole(184)) - 0aa3649f-570d-46c6-937f-492d7f3a8364@group-83C26644CFDA: changes role from  FOLLOWER to FOLLOWER at term 263 for recognizeCandidate:4b287a15-77af-487b-aef7-34d1d0ee189f
2019-10-16 21:01:52,374 [grpc-default-executor-2] INFO  impl.RoleInfo (RoleInfo.java:shutdownFollowerState(121)) - 0aa3649f-570d-46c6-937f-492d7f3a8364: shutdown FollowerState
2019-10-16 21:01:52,374 [grpc-default-executor-1] INFO  impl.RaftServerImpl (RaftServerImpl.java:setRole(184)) - 4a03179f-3169-4ac7-a075-259968512ef0@group-83C26644CFDA: changes role from  FOLLOWER to FOLLOWER at term 263 for recognizeCandidate:4b287a15-77af-487b-aef7-34d1d0ee189f
2019-10-16 21:01:52,374 [Thread-1879] INFO  impl.FollowerState (FollowerState.java:run(117)) - 0aa3649f-570d-46c6-937f-492d7f3a8364@group-83C26644CFDA-FollowerState was interrupted: java.lang.InterruptedException: sleep interrupted
2019-10-16 21:01:52,374 [grpc-default-executor-2] INFO  impl.RoleInfo (RoleInfo.java:updateAndGet(143)) - 0aa3649f-570d-46c6-937f-492d7f3a8364: start FollowerState
2019-10-16 21:01:52,375 [grpc-default-executor-1] INFO  impl.RoleInfo (RoleInfo.java:shutdownFollowerState(121)) - 4a03179f-3169-4ac7-a075-259968512ef0: shutdown FollowerState
2019-10-16 21:01:52,375 [grpc-default-executor-1] INFO  impl.RoleInfo (RoleInfo.java:updateAndGet(143)) - 4a03179f-3169-4ac7-a075-259968512ef0: start FollowerState
2019-10-16 21:01:52,375 [Thread-1880] INFO  impl.FollowerState (FollowerState.java:run(117)) - 4a03179f-3169-4ac7-a075-259968512ef0@group-83C26644CFDA-FollowerState was interrupted: java.lang.InterruptedException: sleep interrupted
2019-10-16 21:01:52,385 [4b287a15-77af-487b-aef7-34d1d0ee189f@group-83C26644CFDA-LeaderElection256] INFO  impl.LeaderElection (LeaderElection.java:logAndReturn(56)) - 4b287a15-77af-487b-aef7-34d1d0ee189f@group-83C26644CFDA-LeaderElection256: Election REJECTED; received 2 response(s) [4b287a15-77af-487b-aef7-34d1d0ee189f<-0aa3649f-570d-46c6-937f-492d7f3a8364#0:FAIL-t263, 4b287a15-77af-487b-aef7-34d1d0ee189f<-4a03179f-3169-4ac7-a075-259968512ef0#0:FAIL-t263] and 0 exception(s); 4b287a15-77af-487b-aef7-34d1d0ee189f@group-83C26644CFDA:t263, leader=null, voted=4b287a15-77af-487b-aef7-34d1d0ee189f, raftlog=4b287a15-77af-487b-aef7-34d1d0ee189f@group-83C26644CFDA-SegmentedRaftLog:OPENED:c-1,f-1,i0, conf=-1: [4b287a15-77af-487b-aef7-34d1d0ee189f:192.168.34.38:38597, 0aa3649f-570d-46c6-937f-492d7f3a8364:192.168.34.38:33209, 4a03179f-3169-4ac7-a075-259968512ef0:192.168.34.38:45833], old=null
2019-10-16 21:01:52,385 [4b287a15-77af-487b-aef7-34d1d0ee189f@group-83C26644CFDA-LeaderElection256] INFO  impl.RaftServerImpl (RaftServerImpl.java:setRole(184)) - 4b287a15-77af-487b-aef7-34d1d0ee189f@group-83C26644CFDA: changes role from CANDIDATE to FOLLOWER at term 263 for DISCOVERED_A_NEW_TERM
2019-10-16 21:01:52,385 [4b287a15-77af-487b-aef7-34d1d0ee189f@group-83C26644CFDA-LeaderElection256] INFO  impl.RoleInfo (RoleInfo.java:shutdownLeaderElection(134)) - 4b287a15-77af-487b-aef7-34d1d0ee189f: shutdown LeaderElection
2019-10-16 21:01:52,385 [4b287a15-77af-487b-aef7-34d1d0ee189f@group-83C26644CFDA-LeaderElection256] INFO  impl.RoleInfo (RoleInfo.java:updateAndGet(143)) - 4b287a15-77af-487b-aef7-34d1d0ee189f: start FollowerState
2019-10-16 21:01:52,392 [Thread-1887] INFO  impl.FollowerState (FollowerState.java:run(108)) - 4b287a15-77af-487b-aef7-34d1d0ee189f@group-83C26644CFDA-FollowerState: change to CANDIDATE, lastRpcTime:7ms, electionTimeout:7ms
2019-10-16 21:01:52,392 [Thread-1887] INFO  impl.RoleInfo (RoleInfo.java:shutdownFollowerState(121)) - 4b287a15-77af-487b-aef7-34d1d0ee189f: shutdown FollowerState
2019-10-16 21:01:52,393 [Thread-1887] INFO  impl.RaftServerImpl (RaftServerImpl.java:setRole(184)) - 4b287a15-77af-487b-aef7-34d1d0ee189f@group-83C26644CFDA: changes role from  FOLLOWER to CANDIDATE at term 263 for changeToCandidate
2019-10-16 21:01:52,393 [Thread-1887] INFO  impl.RoleInfo (RoleInfo.java:updateAndGet(143)) - 4b287a15-77af-487b-aef7-34d1d0ee189f: start LeaderElection
2019-10-16 21:01:52,402 [4b287a15-77af-487b-aef7-34d1d0ee189f@group-83C26644CFDA-LeaderElection257] INFO  impl.LeaderElection (LeaderElection.java:askForVotes(178)) - 4b287a15-77af-487b-aef7-34d1d0ee189f@group-83C26644CFDA-LeaderElection257: begin an election at term 264 for -1: [4b287a15-77af-487b-aef7-34d1d0ee189f:192.168.34.38:38597, 0aa3649f-570d-46c6-937f-492d7f3a8364:192.168.34.38:33209, 4a03179f-3169-4ac7-a075-259968512ef0:192.168.34.38:45833], old=null
2019-10-16 21:01:52,404 [grpc-default-executor-1] INFO  impl.RaftServerImpl (RaftServerImpl.java:setRole(184)) - 0aa3649f-570d-46c6-937f-492d7f3a8364@group-83C26644CFDA: changes role from  FOLLOWER to FOLLOWER at term 264 for recognizeCandidate:4b287a15-77af-487b-aef7-34d1d0ee189f
2019-10-16 21:01:52,404 [grpc-default-executor-1] INFO  impl.RoleInfo (RoleInfo.java:shutdownFollowerState(121)) - 0aa3649f-570d-46c6-937f-492d7f3a8364: shutdown FollowerState
2019-10-16 21:01:52,404 [grpc-default-executor-2] INFO  impl.RaftServerImpl (RaftServerImpl.java:setRole(184)) - 4a03179f-3169-4ac7-a075-259968512ef0@group-83C26644CFDA: changes role from  FOLLOWER to FOLLOWER at term 264 for recognizeCandidate:4b287a15-77af-487b-aef7-34d1d0ee189f
2019-10-16 21:01:52,404 [grpc-default-executor-2] INFO  impl.RoleInfo (RoleInfo.java:shutdownFollowerState(121)) - 4a03179f-3169-4ac7-a075-259968512ef0: shutdown FollowerState
2019-10-16 21:01:52,404 [grpc-default-executor-1] INFO  impl.RoleInfo (RoleInfo.java:updateAndGet(143)) - 0aa3649f-570d-46c6-937f-492d7f3a8364: start FollowerState
2019-10-16 21:01:52,404 [Thread-1885] INFO  impl.FollowerState (FollowerState.java:run(117)) - 0aa3649f-570d-46c6-937f-492d7f3a8364@group-83C26644CFDA-FollowerState was interrupted: java.lang.InterruptedException: sleep interrupted
2019-10-16 21:01:52,404 [grpc-default-executor-2] INFO  impl.RoleInfo (RoleInfo.java:updateAndGet(143)) - 4a03179f-3169-4ac7-a075-259968512ef0: start FollowerState
2019-10-16 21:01:52,404 [Thread-1886] INFO  impl.FollowerState (FollowerState.java:run(117)) - 4a03179f-3169-4ac7-a075-259968512ef0@group-83C26644CFDA-FollowerState was interrupted: java.lang.InterruptedException: sleep interrupted
2019-10-16 21:01:52,420 [4b287a15-77af-487b-aef7-34d1d0ee189f@group-83C26644CFDA-LeaderElection257] INFO  impl.LeaderElection (LeaderElection.java:logAndReturn(56)) - 4b287a15-77af-487b-aef7-34d1d0ee189f@group-83C26644CFDA-LeaderElection257: Election REJECTED; received 2 response(s) [4b287a15-77af-487b-aef7-34d1d0ee189f<-0aa3649f-570d-46c6-937f-492d7f3a8364#0:FAIL-t264, 4b287a15-77af-487b-aef7-34d1d0ee189f<-4a03179f-3169-4ac7-a075-259968512ef0#0:FAIL-t264] and 0 exception(s); 4b287a15-77af-487b-aef7-34d1d0ee189f@group-83C26644CFDA:t264, leader=null, voted=4b287a15-77af-487b-aef7-34d1d0ee189f, raftlog=4b287a15-77af-487b-aef7-34d1d0ee189f@group-83C26644CFDA-SegmentedRaftLog:OPENED:c-1,f-1,i0, conf=-1: [4b287a15-77af-487b-aef7-34d1d0ee189f:192.168.34.38:38597, 0aa3649f-570d-46c6-937f-492d7f3a8364:192.168.34.38:33209, 4a03179f-3169-4ac7-a075-259968512ef0:192.168.34.38:45833], old=null
2019-10-16 21:01:52,420 [4b287a15-77af-487b-aef7-34d1d0ee189f@group-83C26644CFDA-LeaderElection257] INFO  impl.RaftServerImpl (RaftServerImpl.java:setRole(184)) - 4b287a15-77af-487b-aef7-34d1d0ee189f@group-83C26644CFDA: changes role from CANDIDATE to FOLLOWER at term 264 for DISCOVERED_A_NEW_TERM
2019-10-16 21:01:52,420 [4b287a15-77af-487b-aef7-34d1d0ee189f@group-83C26644CFDA-LeaderElection257] INFO  impl.RoleInfo (RoleInfo.java:shutdownLeaderElection(134)) - 4b287a15-77af-487b-aef7-34d1d0ee189f: shutdown LeaderElection
2019-10-16 21:01:52,420 [4b287a15-77af-487b-aef7-34d1d0ee189f@group-83C26644CFDA-LeaderElection257] INFO  impl.RoleInfo (RoleInfo.java:updateAndGet(143)) - 4b287a15-77af-487b-aef7-34d1d0ee189f: start FollowerState
2019-10-16 21:01:52,477 [Thread-1893] INFO  impl.FollowerState (FollowerState.java:run(108)) - 4b287a15-77af-487b-aef7-34d1d0ee189f@group-83C26644CFDA-FollowerState: change to CANDIDATE, lastRpcTime:56ms, electionTimeout:56ms
2019-10-16 21:01:52,477 [Thread-1893] INFO  impl.RoleInfo (RoleInfo.java:shutdownFollowerState(121)) - 4b287a15-77af-487b-aef7-34d1d0ee189f: shutdown FollowerState
2019-10-16 21:01:52,477 [Thread-1893] INFO  impl.RaftServerImpl (RaftServerImpl.java:setRole(184)) - 4b287a15-77af-487b-aef7-34d1d0ee189f@group-83C26644CFDA: changes role from  FOLLOWER to CANDIDATE at term 264 for changeToCandidate
2019-10-16 21:01:52,477 [Thread-1893] INFO  impl.RoleInfo (RoleInfo.java:updateAndGet(143)) - 4b287a15-77af-487b-aef7-34d1d0ee189f: start LeaderElection
2019-10-16 21:01:52,484 [4b287a15-77af-487b-aef7-34d1d0ee189f@group-83C26644CFDA-LeaderElection258] INFO  impl.LeaderElection (LeaderElection.java:askForVotes(178)) - 4b287a15-77af-487b-aef7-34d1d0ee189f@group-83C26644CFDA-LeaderElection258: begin an election at term 265 for -1: [4b287a15-77af-487b-aef7-34d1d0ee189f:192.168.34.38:38597, 0aa3649f-570d-46c6-937f-492d7f3a8364:192.168.34.38:33209, 4a03179f-3169-4ac7-a075-259968512ef0:192.168.34.38:45833], old=null
2019-10-16 21:01:52,485 [grpc-default-executor-2] INFO  impl.RaftServerImpl (RaftServerImpl.java:setRole(184)) - 0aa3649f-570d-46c6-937f-492d7f3a8364@group-83C26644CFDA: changes role from  FOLLOWER to FOLLOWER at term 265 for recognizeCandidate:4b287a15-77af-487b-aef7-34d1d0ee189f
2019-10-16 21:01:52,486 [grpc-default-executor-2] INFO  impl.RoleInfo (RoleInfo.java:shutdownFollowerState(121)) - 0aa3649f-570d-46c6-937f-492d7f3a8364: shutdown FollowerState
2019-10-16 21:01:52,486 [grpc-default-executor-1] INFO  impl.RaftServerImpl (RaftServerImpl.java:setRole(184)) - 4a03179f-3169-4ac7-a075-259968512ef0@group-83C26644CFDA: changes role from  FOLLOWER to FOLLOWER at term 265 for recognizeCandidate:4b287a15-77af-487b-aef7-34d1d0ee189f
2019-10-16 21:01:52,486 [Thread-1891] INFO  impl.FollowerState (FollowerState.java:run(117)) - 0aa3649f-570d-46c6-937f-492d7f3a8364@group-83C26644CFDA-FollowerState was interrupted: java.lang.InterruptedException: sleep interrupted
2019-10-16 21:01:52,486 [grpc-default-executor-2] INFO  impl.RoleInfo (RoleInfo.java:updateAndGet(143)) - 0aa3649f-570d-46c6-937f-492d7f3a8364: start FollowerState
2019-10-16 21:01:52,486 [grpc-default-executor-1] INFO  impl.RoleInfo (RoleInfo.java:shutdownFollowerState(121)) - 4a03179f-3169-4ac7-a075-259968512ef0: shutdown FollowerState
2019-10-16 21:01:52,486 [grpc-default-executor-1] INFO  impl.RoleInfo (RoleInfo.java:updateAndGet(143)) - 4a03179f-3169-4ac7-a075-259968512ef0: start FollowerState
2019-10-16 21:01:52,486 [Thread-1892] INFO  impl.FollowerState (FollowerState.java:run(117)) - 4a03179f-3169-4ac7-a075-259968512ef0@group-83C26644CFDA-FollowerState was interrupted: java.lang.InterruptedException: sleep interrupted
2019-10-16 21:01:52,491 [4b287a15-77af-487b-aef7-34d1d0ee189f@group-83C26644CFDA-LeaderElection258] INFO  impl.LeaderElection (LeaderElection.java:logAndReturn(56)) - 4b287a15-77af-487b-aef7-34d1d0ee189f@group-83C26644CFDA-LeaderElection258: Election TIMEOUT; received 0 response(s) [] and 0 exception(s); 4b287a15-77af-487b-aef7-34d1d0ee189f@group-83C26644CFDA:t265, leader=null, voted=4b287a15-77af-487b-aef7-34d1d0ee189f, raftlog=4b287a15-77af-487b-aef7-34d1d0ee189f@group-83C26644CFDA-SegmentedRaftLog:OPENED:c-1,f-1,i0, conf=-1: [4b287a15-77af-487b-aef7-34d1d0ee189f:192.168.34.38:38597, 0aa3649f-570d-46c6-937f-492d7f3a8364:192.168.34.38:33209, 4a03179f-3169-4ac7-a075-259968512ef0:192.168.34.38:45833], old=null
2019-10-16 21:01:52,496 [4b287a15-77af-487b-aef7-34d1d0ee189f@group-83C26644CFDA-LeaderElection258] INFO  impl.LeaderElection (LeaderElection.java:askForVotes(178)) - 4b287a15-77af-487b-aef7-34d1d0ee189f@group-83C26644CFDA-LeaderElection258: begin an election at term 266 for -1: [4b287a15-77af-487b-aef7-34d1d0ee189f:192.168.34.38:38597, 0aa3649f-570d-46c6-937f-492d7f3a8364:192.168.34.38:33209, 4a03179f-3169-4ac7-a075-259968512ef0:192.168.34.38:45833], old=null
2019-10-16 21:01:52,497 [grpc-default-executor-1] INFO  impl.RaftServerImpl (RaftServerImpl.java:setRole(184)) - 0aa3649f-570d-46c6-937f-492d7f3a8364@group-83C26644CFDA: changes role from  FOLLOWER to FOLLOWER at term 266 for recognizeCandidate:4b287a15-77af-487b-aef7-34d1d0ee189f
2019-10-16 21:01:52,498 [grpc-default-executor-1] INFO  impl.RoleInfo (RoleInfo.java:shutdownFollowerState(121)) - 0aa3649f-570d-46c6-937f-492d7f3a8364: shutdown FollowerState
2019-10-16 21:01:52,498 [grpc-default-executor-1] INFO  impl.RoleInfo (RoleInfo.java:updateAndGet(143)) - 0aa3649f-570d-46c6-937f-492d7f3a8364: start FollowerState
2019-10-16 21:01:52,498 [Thread-1897] INFO  impl.FollowerState (FollowerState.java:run(117)) - 0aa3649f-570d-46c6-937f-492d7f3a8364@group-83C26644CFDA-FollowerState was interrupted: java.lang.InterruptedException: sleep interrupted
2019-10-16 21:01:52,498 [grpc-default-executor-2] INFO  impl.RaftServerImpl (RaftServerImpl.java:setRole(184)) - 4a03179f-3169-4ac7-a075-259968512ef0@group-83C26644CFDA: changes role from  FOLLOWER to FOLLOWER at term 266 for recognizeCandidate:4b287a15-77af-487b-aef7-34d1d0ee189f
2019-10-16 21:01:52,498 [grpc-default-executor-2] INFO  impl.RoleInfo (RoleInfo.java:shutdownFollowerState(121)) - 4a03179f-3169-4ac7-a075-259968512ef0: shutdown FollowerState
2019-10-16 21:01:52,498 [grpc-default-executor-2] INFO  impl.RoleInfo (RoleInfo.java:updateAndGet(143)) - 4a03179f-3169-4ac7-a075-259968512ef0: start FollowerState
2019-10-16 21:01:52,498 [Thread-1898] INFO  impl.FollowerState (FollowerState.java:run(117)) - 4a03179f-3169-4ac7-a075-259968512ef0@group-83C26644CFDA-FollowerState was interrupted: java.lang.InterruptedException: sleep interrupted
2019-10-16 21:01:52,505 [4b287a15-77af-487b-aef7-34d1d0ee189f@group-83C26644CFDA-LeaderElection258] INFO  impl.LeaderElection (LeaderElection.java:logAndReturn(56)) - 4b287a15-77af-487b-aef7-34d1d0ee189f@group-83C26644CFDA-LeaderElection258: Election REJECTED; received 2 response(s) [4b287a15-77af-487b-aef7-34d1d0ee189f<-0aa3649f-570d-46c6-937f-492d7f3a8364#0:FAIL-t266, 4b287a15-77af-487b-aef7-34d1d0ee189f<-4a03179f-3169-4ac7-a075-259968512ef0#0:FAIL-t266] and 0 exception(s); 4b287a15-77af-487b-aef7-34d1d0ee189f@group-83C26644CFDA:t266, leader=null, voted=4b287a15-77af-487b-aef7-34d1d0ee189f, raftlog=4b287a15-77af-487b-aef7-34d1d0ee189f@group-83C26644CFDA-SegmentedRaftLog:OPENED:c-1,f-1,i0, conf=-1: [4b287a15-77af-487b-aef7-34d1d0ee189f:192.168.34.38:38597, 0aa3649f-570d-46c6-937f-492d7f3a8364:192.168.34.38:33209, 4a03179f-3169-4ac7-a075-259968512ef0:192.168.34.38:45833], old=null
2019-10-16 21:01:52,505 [4b287a15-77af-487b-aef7-34d1d0ee189f@group-83C26644CFDA-LeaderElection258] INFO  impl.RaftServerImpl (RaftServerImpl.java:setRole(184)) - 4b287a15-77af-487b-aef7-34d1d0ee189f@group-83C26644CFDA: changes role from CANDIDATE to FOLLOWER at term 266 for DISCOVERED_A_NEW_TERM
2019-10-16 21:01:52,506 [4b287a15-77af-487b-aef7-34d1d0ee189f@group-83C26644CFDA-LeaderElection258] INFO  impl.RoleInfo (RoleInfo.java:shutdownLeaderElection(134)) - 4b287a15-77af-487b-aef7-34d1d0ee189f: shutdown LeaderElection
2019-10-16 21:01:52,506 [4b287a15-77af-487b-aef7-34d1d0ee189f@group-83C26644CFDA-LeaderElection258] INFO  impl.RoleInfo (RoleInfo.java:updateAndGet(143)) - 4b287a15-77af-487b-aef7-34d1d0ee189f: start FollowerState
2019-10-16 21:01:52,539 [Thread-1903] INFO  impl.FollowerState (FollowerState.java:run(108)) - 4b287a15-77af-487b-aef7-34d1d0ee189f@group-83C26644CFDA-FollowerState: change to CANDIDATE, lastRpcTime:33ms, electionTimeout:33ms
2019-10-16 21:01:52,539 [Thread-1903] INFO  impl.RoleInfo (RoleInfo.java:shutdownFollowerState(121)) - 4b287a15-77af-487b-aef7-34d1d0ee189f: shutdown FollowerState
2019-10-16 21:01:52,539 [Thread-1903] INFO  impl.RaftServerImpl (RaftServerImpl.java:setRole(184)) - 4b287a15-77af-487b-aef7-34d1d0ee189f@group-83C26644CFDA: changes role from  FOLLOWER to CANDIDATE at term 266 for changeToCandidate
2019-10-16 21:01:52,539 [Thread-1903] INFO  impl.RoleInfo (RoleInfo.java:updateAndGet(143)) - 4b287a15-77af-487b-aef7-34d1d0ee189f: start LeaderElection
2019-10-16 21:01:52,546 [4b287a15-77af-487b-aef7-34d1d0ee189f@group-83C26644CFDA-LeaderElection259] INFO  impl.LeaderElection (LeaderElection.java:askForVotes(178)) - 4b287a15-77af-487b-aef7-34d1d0ee189f@group-83C26644CFDA-LeaderElection259: begin an election at term 267 for -1: [4b287a15-77af-487b-aef7-34d1d0ee189f:192.168.34.38:38597, 0aa3649f-570d-46c6-937f-492d7f3a8364:192.168.34.38:33209, 4a03179f-3169-4ac7-a075-259968512ef0:192.168.34.38:45833], old=null
2019-10-16 21:01:52,547 [grpc-default-executor-2] INFO  impl.RaftServerImpl (RaftServerImpl.java:setRole(184)) - 4a03179f-3169-4ac7-a075-259968512ef0@group-83C26644CFDA: changes role from  FOLLOWER to FOLLOWER at term 267 for recognizeCandidate:4b287a15-77af-487b-aef7-34d1d0ee189f
2019-10-16 21:01:52,547 [grpc-default-executor-2] INFO  impl.RoleInfo (RoleInfo.java:shutdownFollowerState(121)) - 4a03179f-3169-4ac7-a075-259968512ef0: shutdown FollowerState
2019-10-16 21:01:52,547 [grpc-default-executor-1] INFO  impl.RaftServerImpl (RaftServerImpl.java:setRole(184)) - 0aa3649f-570d-46c6-937f-492d7f3a8364@group-83C26644CFDA: changes role from  FOLLOWER to FOLLOWER at term 267 for recognizeCandidate:4b287a15-77af-487b-aef7-34d1d0ee189f
2019-10-16 21:01:52,547 [Thread-1902] INFO  impl.FollowerState (FollowerState.java:run(117)) - 4a03179f-3169-4ac7-a075-259968512ef0@group-83C26644CFDA-FollowerState was interrupted: java.lang.InterruptedException: sleep interrupted
2019-10-16 21:01:52,547 [grpc-default-executor-2] INFO  impl.RoleInfo (RoleInfo.java:updateAndGet(143)) - 4a03179f-3169-4ac7-a075-259968512ef0: start FollowerState
2019-10-16 21:01:52,548 [grpc-default-executor-1] INFO  impl.RoleInfo (RoleInfo.java:shutdownFollowerState(121)) - 0aa3649f-570d-46c6-937f-492d7f3a8364: shutdown FollowerState
2019-10-16 21:01:52,548 [grpc-default-executor-1] INFO  impl.RoleInfo (RoleInfo.java:updateAndGet(143)) - 0aa3649f-570d-46c6-937f-492d7f3a8364: start FollowerState
2019-10-16 21:01:52,548 [Thread-1901] INFO  impl.FollowerState (FollowerState.java:run(117)) - 0aa3649f-570d-46c6-937f-492d7f3a8364@group-83C26644CFDA-FollowerState was interrupted: java.lang.InterruptedException: sleep interrupted
2019-10-16 21:01:52,556 [4b287a15-77af-487b-aef7-34d1d0ee189f@group-83C26644CFDA-LeaderElection259] INFO  impl.LeaderElection (LeaderElection.java:logAndReturn(56)) - 4b287a15-77af-487b-aef7-34d1d0ee189f@group-83C26644CFDA-LeaderElection259: Election REJECTED; received 2 response(s) [4b287a15-77af-487b-aef7-34d1d0ee189f<-0aa3649f-570d-46c6-937f-492d7f3a8364#0:FAIL-t267, 4b287a15-77af-487b-aef7-34d1d0ee189f<-4a03179f-3169-4ac7-a075-259968512ef0#0:FAIL-t267] and 0 exception(s); 4b287a15-77af-487b-aef7-34d1d0ee189f@group-83C26644CFDA:t267, leader=null, voted=4b287a15-77af-487b-aef7-34d1d0ee189f, raftlog=4b287a15-77af-487b-aef7-34d1d0ee189f@group-83C26644CFDA-SegmentedRaftLog:OPENED:c-1,f-1,i0, conf=-1: [4b287a15-77af-487b-aef7-34d1d0ee189f:192.168.34.38:38597, 0aa3649f-570d-46c6-937f-492d7f3a8364:192.168.34.38:33209, 4a03179f-3169-4ac7-a075-259968512ef0:192.168.34.38:45833], old=null
2019-10-16 21:01:52,556 [4b287a15-77af-487b-aef7-34d1d0ee189f@group-83C26644CFDA-LeaderElection259] INFO  impl.RaftServerImpl (RaftServerImpl.java:setRole(184)) - 4b287a15-77af-487b-aef7-34d1d0ee189f@group-83C26644CFDA: changes role from CANDIDATE to FOLLOWER at term 267 for DISCOVERED_A_NEW_TERM
2019-10-16 21:01:52,556 [4b287a15-77af-487b-aef7-34d1d0ee189f@group-83C26644CFDA-LeaderElection259] INFO  impl.RoleInfo (RoleInfo.java:shutdownLeaderElection(134)) - 4b287a15-77af-487b-aef7-34d1d0ee189f: shutdown LeaderElection
2019-10-16 21:01:52,557 [4b287a15-77af-487b-aef7-34d1d0ee189f@group-83C26644CFDA-LeaderElection259] INFO  impl.RoleInfo (RoleInfo.java:updateAndGet(143)) - 4b287a15-77af-487b-aef7-34d1d0ee189f: start FollowerState
2019-10-16 21:01:52,586 [Thread-1909] INFO  impl.FollowerState (FollowerState.java:run(108)) - 4b287a15-77af-487b-aef7-34d1d0ee189f@group-83C26644CFDA-FollowerState: change to CANDIDATE, lastRpcTime:29ms, electionTimeout:29ms
2019-10-16 21:01:52,586 [Thread-1909] INFO  impl.RoleInfo (RoleInfo.java:shutdownFollowerState(121)) - 4b287a15-77af-487b-aef7-34d1d0ee189f: shutdown FollowerState
2019-10-16 21:01:52,586 [Thread-1909] INFO  impl.RaftServerImpl (RaftServerImpl.java:setRole(184)) - 4b287a15-77af-487b-aef7-34d1d0ee189f@group-83C26644CFDA: changes role from  FOLLOWER to CANDIDATE at term 267 for changeToCandidate
2019-10-16 21:01:52,586 [Thread-1909] INFO  impl.RoleInfo (RoleInfo.java:updateAndGet(143)) - 4b287a15-77af-487b-aef7-34d1d0ee189f: start LeaderElection
2019-10-16 21:01:52,598 [4b287a15-77af-487b-aef7-34d1d0ee189f@group-83C26644CFDA-LeaderElection260] INFO  impl.LeaderElection (LeaderElection.java:askForVotes(178)) - 4b287a15-77af-487b-aef7-34d1d0ee189f@group-83C26644CFDA-LeaderElection260: begin an election at term 268 for -1: [4b287a15-77af-487b-aef7-34d1d0ee189f:192.168.34.38:38597, 0aa3649f-570d-46c6-937f-492d7f3a8364:192.168.34.38:33209, 4a03179f-3169-4ac7-a075-259968512ef0:192.168.34.38:45833], old=null
2019-10-16 21:01:52,600 [grpc-default-executor-1] INFO  impl.RaftServerImpl (RaftServerImpl.java:setRole(184)) - 0aa3649f-570d-46c6-937f-492d7f3a8364@group-83C26644CFDA: changes role from  FOLLOWER to FOLLOWER at term 268 for recognizeCandidate:4b287a15-77af-487b-aef7-34d1d0ee189f
2019-10-16 21:01:52,600 [grpc-default-executor-2] INFO  impl.RaftServerImpl (RaftServerImpl.java:setRole(184)) - 4a03179f-3169-4ac7-a075-259968512ef0@group-83C26644CFDA: changes role from  FOLLOWER to FOLLOWER at term 268 for recognizeCandidate:4b287a15-77af-487b-aef7-34d1d0ee189f
2019-10-16 21:01:52,600 [grpc-default-executor-2] INFO  impl.RoleInfo (RoleInfo.java:shutdownFollowerState(121)) - 4a03179f-3169-4ac7-a075-259968512ef0: shutdown FollowerState
2019-10-16 21:01:52,600 [grpc-default-executor-1] INFO  impl.RoleInfo (RoleInfo.java:shutdownFollowerState(121)) - 0aa3649f-570d-46c6-937f-492d7f3a8364: shutdown FollowerState
2019-10-16 21:01:52,600 [Thread-1907] INFO  impl.FollowerState (FollowerState.java:run(117)) - 4a03179f-3169-4ac7-a075-259968512ef0@group-83C26644CFDA-FollowerState was interrupted: java.lang.InterruptedException: sleep interrupted
2019-10-16 21:01:52,600 [grpc-default-executor-2] INFO  impl.RoleInfo (RoleInfo.java:updateAndGet(143)) - 4a03179f-3169-4ac7-a075-259968512ef0: start FollowerState
2019-10-16 21:01:52,600 [grpc-default-executor-1] INFO  impl.RoleInfo (RoleInfo.java:updateAndGet(143)) - 0aa3649f-570d-46c6-937f-492d7f3a8364: start FollowerState
2019-10-16 21:01:52,600 [Thread-1908] INFO  impl.FollowerState (FollowerState.java:run(117)) - 0aa3649f-570d-46c6-937f-492d7f3a8364@group-83C26644CFDA-FollowerState was interrupted: java.lang.InterruptedException: sleep interrupted
2019-10-16 21:01:52,611 [4b287a15-77af-487b-aef7-34d1d0ee189f@group-83C26644CFDA-LeaderElection260] INFO  impl.LeaderElection (LeaderElection.java:logAndReturn(56)) - 4b287a15-77af-487b-aef7-34d1d0ee189f@group-83C26644CFDA-LeaderElection260: Election REJECTED; received 2 response(s) [4b287a15-77af-487b-aef7-34d1d0ee189f<-0aa3649f-570d-46c6-937f-492d7f3a8364#0:FAIL-t268, 4b287a15-77af-487b-aef7-34d1d0ee189f<-4a03179f-3169-4ac7-a075-259968512ef0#0:FAIL-t268] and 0 exception(s); 4b287a15-77af-487b-aef7-34d1d0ee189f@group-83C26644CFDA:t268, leader=null, voted=4b287a15-77af-487b-aef7-34d1d0ee189f, raftlog=4b287a15-77af-487b-aef7-34d1d0ee189f@group-83C26644CFDA-SegmentedRaftLog:OPENED:c-1,f-1,i0, conf=-1: [4b287a15-77af-487b-aef7-34d1d0ee189f:192.168.34.38:38597, 0aa3649f-570d-46c6-937f-492d7f3a8364:192.168.34.38:33209, 4a03179f-3169-4ac7-a075-259968512ef0:192.168.34.38:45833], old=null
2019-10-16 21:01:52,611 [4b287a15-77af-487b-aef7-34d1d0ee189f@group-83C26644CFDA-LeaderElection260] INFO  impl.RaftServerImpl (RaftServerImpl.java:setRole(184)) - 4b287a15-77af-487b-aef7-34d1d0ee189f@group-83C26644CFDA: changes role from CANDIDATE to FOLLOWER at term 268 for DISCOVERED_A_NEW_TERM
2019-10-16 21:01:52,611 [4b287a15-77af-487b-aef7-34d1d0ee189f@group-83C26644CFDA-LeaderElection260] INFO  impl.RoleInfo (RoleInfo.java:shutdownLeaderElection(134)) - 4b287a15-77af-487b-aef7-34d1d0ee189f: shutdown LeaderElection
2019-10-16 21:01:52,612 [4b287a15-77af-487b-aef7-34d1d0ee189f@group-83C26644CFDA-LeaderElection260] INFO  impl.RoleInfo (RoleInfo.java:updateAndGet(143)) - 4b287a15-77af-487b-aef7-34d1d0ee189f: start FollowerState
2019-10-16 21:01:52,707 [Thread-1915] INFO  impl.FollowerState (FollowerState.java:run(108)) - 4b287a15-77af-487b-aef7-34d1d0ee189f@group-83C26644CFDA-FollowerState: change to CANDIDATE, lastRpcTime:95ms, electionTimeout:95ms
2019-10-16 21:01:52,707 [Thread-1915] INFO  impl.RoleInfo (RoleInfo.java:shutdownFollowerState(121)) - 4b287a15-77af-487b-aef7-34d1d0ee189f: shutdown FollowerState
2019-10-16 21:01:52,707 [Thread-1915] INFO  impl.RaftServerImpl (RaftServerImpl.java:setRole(184)) - 4b287a15-77af-487b-aef7-34d1d0ee189f@group-83C26644CFDA: changes role from  FOLLOWER to CANDIDATE at term 268 for changeToCandidate
2019-10-16 21:01:52,707 [Thread-1915] INFO  impl.RoleInfo (RoleInfo.java:updateAndGet(143)) - 4b287a15-77af-487b-aef7-34d1d0ee189f: start LeaderElection
2019-10-16 21:01:52,728 [4b287a15-77af-487b-aef7-34d1d0ee189f@group-83C26644CFDA-LeaderElection261] INFO  impl.LeaderElection (LeaderElection.java:askForVotes(178)) - 4b287a15-77af-487b-aef7-34d1d0ee189f@group-83C26644CFDA-LeaderElection261: begin an election at term 269 for -1: [4b287a15-77af-487b-aef7-34d1d0ee189f:192.168.34.38:38597, 0aa3649f-570d-46c6-937f-492d7f3a8364:192.168.34.38:33209, 4a03179f-3169-4ac7-a075-259968512ef0:192.168.34.38:45833], old=null
2019-10-16 21:01:52,730 [grpc-default-executor-2] INFO  impl.RaftServerImpl (RaftServerImpl.java:setRole(184)) - 4a03179f-3169-4ac7-a075-259968512ef0@group-83C26644CFDA: changes role from  FOLLOWER to FOLLOWER at term 269 for recognizeCandidate:4b287a15-77af-487b-aef7-34d1d0ee189f
2019-10-16 21:01:52,730 [grpc-default-executor-2] INFO  impl.RoleInfo (RoleInfo.java:shutdownFollowerState(121)) - 4a03179f-3169-4ac7-a075-259968512ef0: shutdown FollowerState
2019-10-16 21:01:52,730 [grpc-default-executor-2] INFO  impl.RoleInfo (RoleInfo.java:updateAndGet(143)) - 4a03179f-3169-4ac7-a075-259968512ef0: start FollowerState
2019-10-16 21:01:52,730 [Thread-1913] INFO  impl.FollowerState (FollowerState.java:run(117)) - 4a03179f-3169-4ac7-a075-259968512ef0@group-83C26644CFDA-FollowerState was interrupted: java.lang.InterruptedException: sleep interrupted
2019-10-16 21:01:52,730 [grpc-default-executor-1] INFO  impl.RaftServerImpl (RaftServerImpl.java:setRole(184)) - 0aa3649f-570d-46c6-937f-492d7f3a8364@group-83C26644CFDA: changes role from  FOLLOWER to FOLLOWER at term 269 for recognizeCandidate:4b287a15-77af-487b-aef7-34d1d0ee189f
2019-10-16 21:01:52,730 [grpc-default-executor-1] INFO  impl.RoleInfo (RoleInfo.java:shutdownFollowerState(121)) - 0aa3649f-570d-46c6-937f-492d7f3a8364: shutdown FollowerState
2019-10-16 21:01:52,730 [grpc-default-executor-1] INFO  impl.RoleInfo (RoleInfo.java:updateAndGet(143)) - 0aa3649f-570d-46c6-937f-492d7f3a8364: start FollowerState
2019-10-16 21:01:52,730 [Thread-1914] INFO  impl.FollowerState (FollowerState.java:run(117)) - 0aa3649f-570d-46c6-937f-492d7f3a8364@group-83C26644CFDA-FollowerState was interrupted: java.lang.InterruptedException: sleep interrupted
2019-10-16 21:01:52,742 [4b287a15-77af-487b-aef7-34d1d0ee189f@group-83C26644CFDA-LeaderElection261] INFO  impl.LeaderElection (LeaderElection.java:logAndReturn(56)) - 4b287a15-77af-487b-aef7-34d1d0ee189f@group-83C26644CFDA-LeaderElection261: Election REJECTED; received 2 response(s) [4b287a15-77af-487b-aef7-34d1d0ee189f<-0aa3649f-570d-46c6-937f-492d7f3a8364#0:FAIL-t269, 4b287a15-77af-487b-aef7-34d1d0ee189f<-4a03179f-3169-4ac7-a075-259968512ef0#0:FAIL-t269] and 0 exception(s); 4b287a15-77af-487b-aef7-34d1d0ee189f@group-83C26644CFDA:t269, leader=null, voted=4b287a15-77af-487b-aef7-34d1d0ee189f, raftlog=4b287a15-77af-487b-aef7-34d1d0ee189f@group-83C26644CFDA-SegmentedRaftLog:OPENED:c-1,f-1,i0, conf=-1: [4b287a15-77af-487b-aef7-34d1d0ee189f:192.168.34.38:38597, 0aa3649f-570d-46c6-937f-492d7f3a8364:192.168.34.38:33209, 4a03179f-3169-4ac7-a075-259968512ef0:192.168.34.38:45833], old=null
2019-10-16 21:01:52,742 [4b287a15-77af-487b-aef7-34d1d0ee189f@group-83C26644CFDA-LeaderElection261] INFO  impl.RaftServerImpl (RaftServerImpl.java:setRole(184)) - 4b287a15-77af-487b-aef7-34d1d0ee189f@group-83C26644CFDA: changes role from CANDIDATE to FOLLOWER at term 269 for DISCOVERED_A_NEW_TERM
2019-10-16 21:01:52,742 [4b287a15-77af-487b-aef7-34d1d0ee189f@group-83C26644CFDA-LeaderElection261] INFO  impl.RoleInfo (RoleInfo.java:shutdownLeaderElection(134)) - 4b287a15-77af-487b-aef7-34d1d0ee189f: shutdown LeaderElection
2019-10-16 21:01:52,742 [4b287a15-77af-487b-aef7-34d1d0ee189f@group-83C26644CFDA-LeaderElection261] INFO  impl.RoleInfo (RoleInfo.java:updateAndGet(143)) - 4b287a15-77af-487b-aef7-34d1d0ee189f: start FollowerState
2019-10-16 21:01:52,749 [Thread-1921] INFO  impl.FollowerState (FollowerState.java:run(108)) - 4b287a15-77af-487b-aef7-34d1d0ee189f@group-83C26644CFDA-FollowerState: change to CANDIDATE, lastRpcTime:6ms, electionTimeout:6ms
2019-10-16 21:01:52,749 [Thread-1921] INFO  impl.RoleInfo (RoleInfo.java:shutdownFollowerState(121)) - 4b287a15-77af-487b-aef7-34d1d0ee189f: shutdown FollowerState
2019-10-16 21:01:52,749 [Thread-1921] INFO  impl.RaftServerImpl (RaftServerImpl.java:setRole(184)) - 4b287a15-77af-487b-aef7-34d1d0ee189f@group-83C26644CFDA: changes role from  FOLLOWER to CANDIDATE at term 269 for changeToCandidate
2019-10-16 21:01:52,749 [Thread-1921] INFO  impl.RoleInfo (RoleInfo.java:updateAndGet(143)) - 4b287a15-77af-487b-aef7-34d1d0ee189f: start LeaderElection
2019-10-16 21:01:52,758 [4b287a15-77af-487b-aef7-34d1d0ee189f@group-83C26644CFDA-LeaderElection262] INFO  impl.LeaderElection (LeaderElection.java:askForVotes(178)) - 4b287a15-77af-487b-aef7-34d1d0ee189f@group-83C26644CFDA-LeaderElection262: begin an election at term 270 for -1: [4b287a15-77af-487b-aef7-34d1d0ee189f:192.168.34.38:38597, 0aa3649f-570d-46c6-937f-492d7f3a8364:192.168.34.38:33209, 4a03179f-3169-4ac7-a075-259968512ef0:192.168.34.38:45833], old=null
2019-10-16 21:01:52,759 [grpc-default-executor-1] INFO  impl.RaftServerImpl (RaftServerImpl.java:setRole(184)) - 0aa3649f-570d-46c6-937f-492d7f3a8364@group-83C26644CFDA: changes role from  FOLLOWER to FOLLOWER at term 270 for recognizeCandidate:4b287a15-77af-487b-aef7-34d1d0ee189f
2019-10-16 21:01:52,759 [grpc-default-executor-1] INFO  impl.RoleInfo (RoleInfo.java:shutdownFollowerState(121)) - 0aa3649f-570d-46c6-937f-492d7f3a8364: shutdown FollowerState
2019-10-16 21:01:52,759 [grpc-default-executor-2] INFO  impl.RaftServerImpl (RaftServerImpl.java:setRole(184)) - 4a03179f-3169-4ac7-a075-259968512ef0@group-83C26644CFDA: changes role from  FOLLOWER to FOLLOWER at term 270 for recognizeCandidate:4b287a15-77af-487b-aef7-34d1d0ee189f
2019-10-16 21:01:52,759 [Thread-1920] INFO  impl.FollowerState (FollowerState.java:run(117)) - 0aa3649f-570d-46c6-937f-492d7f3a8364@group-83C26644CFDA-FollowerState was interrupted: java.lang.InterruptedException: sleep interrupted
2019-10-16 21:01:52,759 [grpc-default-executor-1] INFO  impl.RoleInfo (RoleInfo.java:updateAndGet(143)) - 0aa3649f-570d-46c6-937f-492d7f3a8364: start FollowerState
2019-10-16 21:01:52,759 [grpc-default-executor-2] INFO  impl.RoleInfo (RoleInfo.java:shutdownFollowerState(121)) - 4a03179f-3169-4ac7-a075-259968512ef0: shutdown FollowerState
2019-10-16 21:01:52,759 [grpc-default-executor-2] INFO  impl.RoleInfo (RoleInfo.java:updateAndGet(143)) - 4a03179f-3169-4ac7-a075-259968512ef0: start FollowerState
2019-10-16 21:01:52,759 [Thread-1919] INFO  impl.FollowerState (FollowerState.java:run(117)) - 4a03179f-3169-4ac7-a075-259968512ef0@group-83C26644CFDA-FollowerState was interrupted: java.lang.InterruptedException: sleep interrupted
2019-10-16 21:01:52,775 [4b287a15-77af-487b-aef7-34d1d0ee189f@group-83C26644CFDA-LeaderElection262] INFO  impl.LeaderElection (LeaderElection.java:logAndReturn(56)) - 4b287a15-77af-487b-aef7-34d1d0ee189f@group-83C26644CFDA-LeaderElection262: Election REJECTED; received 2 response(s) [4b287a15-77af-487b-aef7-34d1d0ee189f<-0aa3649f-570d-46c6-937f-492d7f3a8364#0:FAIL-t270, 4b287a15-77af-487b-aef7-34d1d0ee189f<-4a03179f-3169-4ac7-a075-259968512ef0#0:FAIL-t270] and 0 exception(s); 4b287a15-77af-487b-aef7-34d1d0ee189f@group-83C26644CFDA:t270, leader=null, voted=4b287a15-77af-487b-aef7-34d1d0ee189f, raftlog=4b287a15-77af-487b-aef7-34d1d0ee189f@group-83C26644CFDA-SegmentedRaftLog:OPENED:c-1,f-1,i0, conf=-1: [4b287a15-77af-487b-aef7-34d1d0ee189f:192.168.34.38:38597, 0aa3649f-570d-46c6-937f-492d7f3a8364:192.168.34.38:33209, 4a03179f-3169-4ac7-a075-259968512ef0:192.168.34.38:45833], old=null
2019-10-16 21:01:52,775 [4b287a15-77af-487b-aef7-34d1d0ee189f@group-83C26644CFDA-LeaderElection262] INFO  impl.RaftServerImpl (RaftServerImpl.java:setRole(184)) - 4b287a15-77af-487b-aef7-34d1d0ee189f@group-83C26644CFDA: changes role from CANDIDATE to FOLLOWER at term 270 for DISCOVERED_A_NEW_TERM
2019-10-16 21:01:52,775 [4b287a15-77af-487b-aef7-34d1d0ee189f@group-83C26644CFDA-LeaderElection262] INFO  impl.RoleInfo (RoleInfo.java:shutdownLeaderElection(134)) - 4b287a15-77af-487b-aef7-34d1d0ee189f: shutdown LeaderElection
2019-10-16 21:01:52,775 [4b287a15-77af-487b-aef7-34d1d0ee189f@group-83C26644CFDA-LeaderElection262] INFO  impl.RoleInfo (RoleInfo.java:updateAndGet(143)) - 4b287a15-77af-487b-aef7-34d1d0ee189f: start FollowerState
2019-10-16 21:01:52,892 [Thread-1927] INFO  impl.FollowerState (FollowerState.java:run(108)) - 4b287a15-77af-487b-aef7-34d1d0ee189f@group-83C26644CFDA-FollowerState: change to CANDIDATE, lastRpcTime:116ms, electionTimeout:116ms
2019-10-16 21:01:52,892 [Thread-1927] INFO  impl.RoleInfo (RoleInfo.java:shutdownFollowerState(121)) - 4b287a15-77af-487b-aef7-34d1d0ee189f: shutdown FollowerState
2019-10-16 21:01:52,892 [Thread-1927] INFO  impl.RaftServerImpl (RaftServerImpl.java:setRole(184)) - 4b287a15-77af-487b-aef7-34d1d0ee189f@group-83C26644CFDA: changes role from  FOLLOWER to CANDIDATE at term 270 for changeToCandidate
2019-10-16 21:01:52,892 [Thread-1927] INFO  impl.RoleInfo (RoleInfo.java:updateAndGet(143)) - 4b287a15-77af-487b-aef7-34d1d0ee189f: start LeaderElection
2019-10-16 21:01:52,905 [4b287a15-77af-487b-aef7-34d1d0ee189f@group-83C26644CFDA-LeaderElection263] INFO  impl.LeaderElection (LeaderElection.java:askForVotes(178)) - 4b287a15-77af-487b-aef7-34d1d0ee189f@group-83C26644CFDA-LeaderElection263: begin an election at term 271 for -1: [4b287a15-77af-487b-aef7-34d1d0ee189f:192.168.34.38:38597, 0aa3649f-570d-46c6-937f-492d7f3a8364:192.168.34.38:33209, 4a03179f-3169-4ac7-a075-259968512ef0:192.168.34.38:45833], old=null
2019-10-16 21:01:52,907 [grpc-default-executor-1] INFO  impl.RaftServerImpl (RaftServerImpl.java:setRole(184)) - 4a03179f-3169-4ac7-a075-259968512ef0@group-83C26644CFDA: changes role from  FOLLOWER to FOLLOWER at term 271 for recognizeCandidate:4b287a15-77af-487b-aef7-34d1d0ee189f
2019-10-16 21:01:52,907 [grpc-default-executor-1] INFO  impl.RoleInfo (RoleInfo.java:shutdownFollowerState(121)) - 4a03179f-3169-4ac7-a075-259968512ef0: shutdown FollowerState
2019-10-16 21:01:52,907 [grpc-default-executor-2] INFO  impl.RaftServerImpl (RaftServerImpl.java:setRole(184)) - 0aa3649f-570d-46c6-937f-492d7f3a8364@group-83C26644CFDA: changes role from  FOLLOWER to FOLLOWER at term 271 for recognizeCandidate:4b287a15-77af-487b-aef7-34d1d0ee189f
2019-10-16 21:01:52,907 [Thread-1926] INFO  impl.FollowerState (FollowerState.java:run(117)) - 4a03179f-3169-4ac7-a075-259968512ef0@group-83C26644CFDA-FollowerState was interrupted: java.lang.InterruptedException: sleep interrupted
2019-10-16 21:01:52,907 [grpc-default-executor-1] INFO  impl.RoleInfo (RoleInfo.java:updateAndGet(143)) - 4a03179f-3169-4ac7-a075-259968512ef0: start FollowerState
2019-10-16 21:01:52,908 [grpc-default-executor-2] INFO  impl.RoleInfo (RoleInfo.java:shutdownFollowerState(121)) - 0aa3649f-570d-46c6-937f-492d7f3a8364: shutdown FollowerState
2019-10-16 21:01:52,908 [grpc-default-executor-2] INFO  impl.RoleInfo (RoleInfo.java:updateAndGet(143)) - 0aa3649f-570d-46c6-937f-492d7f3a8364: start FollowerState
2019-10-16 21:01:52,908 [Thread-1925] INFO  impl.FollowerState (FollowerState.java:run(117)) - 0aa3649f-570d-46c6-937f-492d7f3a8364@group-83C26644CFDA-FollowerState was interrupted: java.lang.InterruptedException: sleep interrupted
2019-10-16 21:01:52,922 [4b287a15-77af-487b-aef7-34d1d0ee189f@group-83C26644CFDA-LeaderElection263] INFO  impl.LeaderElection (LeaderElection.java:logAndReturn(56)) - 4b287a15-77af-487b-aef7-34d1d0ee189f@group-83C26644CFDA-LeaderElection263: Election REJECTED; received 2 response(s) [4b287a15-77af-487b-aef7-34d1d0ee189f<-0aa3649f-570d-46c6-937f-492d7f3a8364#0:FAIL-t271, 4b287a15-77af-487b-aef7-34d1d0ee189f<-4a03179f-3169-4ac7-a075-259968512ef0#0:FAIL-t271] and 0 exception(s); 4b287a15-77af-487b-aef7-34d1d0ee189f@group-83C26644CFDA:t271, leader=null, voted=4b287a15-77af-487b-aef7-34d1d0ee189f, raftlog=4b287a15-77af-487b-aef7-34d1d0ee189f@group-83C26644CFDA-SegmentedRaftLog:OPENED:c-1,f-1,i0, conf=-1: [4b287a15-77af-487b-aef7-34d1d0ee189f:192.168.34.38:38597, 0aa3649f-570d-46c6-937f-492d7f3a8364:192.168.34.38:33209, 4a03179f-3169-4ac7-a075-259968512ef0:192.168.34.38:45833], old=null
2019-10-16 21:01:52,922 [4b287a15-77af-487b-aef7-34d1d0ee189f@group-83C26644CFDA-LeaderElection263] INFO  impl.RaftServerImpl (RaftServerImpl.java:setRole(184)) - 4b287a15-77af-487b-aef7-34d1d0ee189f@group-83C26644CFDA: changes role from CANDIDATE to FOLLOWER at term 271 for DISCOVERED_A_NEW_TERM
2019-10-16 21:01:52,922 [4b287a15-77af-487b-aef7-34d1d0ee189f@group-83C26644CFDA-LeaderElection263] INFO  impl.RoleInfo (RoleInfo.java:shutdownLeaderElection(134)) - 4b287a15-77af-487b-aef7-34d1d0ee189f: shutdown LeaderElection
2019-10-16 21:01:52,922 [4b287a15-77af-487b-aef7-34d1d0ee189f@group-83C26644CFDA-LeaderElection263] INFO  impl.RoleInfo (RoleInfo.java:updateAndGet(143)) - 4b287a15-77af-487b-aef7-34d1d0ee189f: start FollowerState
2019-10-16 21:01:53,085 [Thread-1933] INFO  impl.FollowerState (FollowerState.java:run(108)) - 4b287a15-77af-487b-aef7-34d1d0ee189f@group-83C26644CFDA-FollowerState: change to CANDIDATE, lastRpcTime:163ms, electionTimeout:163ms
2019-10-16 21:01:53,086 [Thread-1933] INFO  impl.RoleInfo (RoleInfo.java:shutdownFollowerState(121)) - 4b287a15-77af-487b-aef7-34d1d0ee189f: shutdown FollowerState
2019-10-16 21:01:53,086 [Thread-1933] INFO  impl.RaftServerImpl (RaftServerImpl.java:setRole(184)) - 4b287a15-77af-487b-aef7-34d1d0ee189f@group-83C26644CFDA: changes role from  FOLLOWER to CANDIDATE at term 271 for changeToCandidate
2019-10-16 21:01:53,086 [Thread-1933] INFO  impl.RoleInfo (RoleInfo.java:updateAndGet(143)) - 4b287a15-77af-487b-aef7-34d1d0ee189f: start LeaderElection
2019-10-16 21:01:53,098 [4b287a15-77af-487b-aef7-34d1d0ee189f@group-83C26644CFDA-LeaderElection264] INFO  impl.LeaderElection (LeaderElection.java:askForVotes(178)) - 4b287a15-77af-487b-aef7-34d1d0ee189f@group-83C26644CFDA-LeaderElection264: begin an election at term 272 for -1: [4b287a15-77af-487b-aef7-34d1d0ee189f:192.168.34.38:38597, 0aa3649f-570d-46c6-937f-492d7f3a8364:192.168.34.38:33209, 4a03179f-3169-4ac7-a075-259968512ef0:192.168.34.38:45833], old=null
2019-10-16 21:01:53,101 [grpc-default-executor-1] INFO  impl.RaftServerImpl (RaftServerImpl.java:setRole(184)) - 0aa3649f-570d-46c6-937f-492d7f3a8364@group-83C26644CFDA: changes role from  FOLLOWER to FOLLOWER at term 272 for recognizeCandidate:4b287a15-77af-487b-aef7-34d1d0ee189f
2019-10-16 21:01:53,101 [grpc-default-executor-2] INFO  impl.RaftServerImpl (RaftServerImpl.java:setRole(184)) - 4a03179f-3169-4ac7-a075-259968512ef0@group-83C26644CFDA: changes role from  FOLLOWER to FOLLOWER at term 272 for recognizeCandidate:4b287a15-77af-487b-aef7-34d1d0ee189f
2019-10-16 21:01:53,101 [grpc-default-executor-1] INFO  impl.RoleInfo (RoleInfo.java:shutdownFollowerState(121)) - 0aa3649f-570d-46c6-937f-492d7f3a8364: shutdown FollowerState
2019-10-16 21:01:53,101 [grpc-default-executor-2] INFO  impl.RoleInfo (RoleInfo.java:shutdownFollowerState(121)) - 4a03179f-3169-4ac7-a075-259968512ef0: shutdown FollowerState
2019-10-16 21:01:53,101 [Thread-1932] INFO  impl.FollowerState (FollowerState.java:run(117)) - 0aa3649f-570d-46c6-937f-492d7f3a8364@group-83C26644CFDA-FollowerState was interrupted: java.lang.InterruptedException: sleep interrupted
2019-10-16 21:01:53,101 [grpc-default-executor-1] INFO  impl.RoleInfo (RoleInfo.java:updateAndGet(143)) - 0aa3649f-570d-46c6-937f-492d7f3a8364: start FollowerState
2019-10-16 21:01:53,101 [Thread-1931] INFO  impl.FollowerState (FollowerState.java:run(117)) - 4a03179f-3169-4ac7-a075-259968512ef0@group-83C26644CFDA-FollowerState was interrupted: java.lang.InterruptedException: sleep interrupted
2019-10-16 21:01:53,101 [grpc-default-executor-2] INFO  impl.RoleInfo (RoleInfo.java:updateAndGet(143)) - 4a03179f-3169-4ac7-a075-259968512ef0: start FollowerState
2019-10-16 21:01:53,116 [4b287a15-77af-487b-aef7-34d1d0ee189f@group-83C26644CFDA-LeaderElection264] INFO  impl.LeaderElection (LeaderElection.java:logAndReturn(56)) - 4b287a15-77af-487b-aef7-34d1d0ee189f@group-83C26644CFDA-LeaderElection264: Election REJECTED; received 2 response(s) [4b287a15-77af-487b-aef7-34d1d0ee189f<-0aa3649f-570d-46c6-937f-492d7f3a8364#0:FAIL-t272, 4b287a15-77af-487b-aef7-34d1d0ee189f<-4a03179f-3169-4ac7-a075-259968512ef0#0:FAIL-t272] and 0 exception(s); 4b287a15-77af-487b-aef7-34d1d0ee189f@group-83C26644CFDA:t272, leader=null, voted=4b287a15-77af-487b-aef7-34d1d0ee189f, raftlog=4b287a15-77af-487b-aef7-34d1d0ee189f@group-83C26644CFDA-SegmentedRaftLog:OPENED:c-1,f-1,i0, conf=-1: [4b287a15-77af-487b-aef7-34d1d0ee189f:192.168.34.38:38597, 0aa3649f-570d-46c6-937f-492d7f3a8364:192.168.34.38:33209, 4a03179f-3169-4ac7-a075-259968512ef0:192.168.34.38:45833], old=null
2019-10-16 21:01:53,116 [4b287a15-77af-487b-aef7-34d1d0ee189f@group-83C26644CFDA-LeaderElection264] INFO  impl.RaftServerImpl (RaftServerImpl.java:setRole(184)) - 4b287a15-77af-487b-aef7-34d1d0ee189f@group-83C26644CFDA: changes role from CANDIDATE to FOLLOWER at term 272 for DISCOVERED_A_NEW_TERM
2019-10-16 21:01:53,116 [4b287a15-77af-487b-aef7-34d1d0ee189f@group-83C26644CFDA-LeaderElection264] INFO  impl.RoleInfo (RoleInfo.java:shutdownLeaderElection(134)) - 4b287a15-77af-487b-aef7-34d1d0ee189f: shutdown LeaderElection
2019-10-16 21:01:53,116 [4b287a15-77af-487b-aef7-34d1d0ee189f@group-83C26644CFDA-LeaderElection264] INFO  impl.RoleInfo (RoleInfo.java:updateAndGet(143)) - 4b287a15-77af-487b-aef7-34d1d0ee189f: start FollowerState
2019-10-16 21:01:53,206 [Thread-1939] INFO  impl.FollowerState (FollowerState.java:run(108)) - 4b287a15-77af-487b-aef7-34d1d0ee189f@group-83C26644CFDA-FollowerState: change to CANDIDATE, lastRpcTime:90ms, electionTimeout:90ms
2019-10-16 21:01:53,206 [Thread-1939] INFO  impl.RoleInfo (RoleInfo.java:shutdownFollowerState(121)) - 4b287a15-77af-487b-aef7-34d1d0ee189f: shutdown FollowerState
2019-10-16 21:01:53,206 [Thread-1939] INFO  impl.RaftServerImpl (RaftServerImpl.java:setRole(184)) - 4b287a15-77af-487b-aef7-34d1d0ee189f@group-83C26644CFDA: changes role from  FOLLOWER to CANDIDATE at term 272 for changeToCandidate
2019-10-16 21:01:53,207 [Thread-1939] INFO  impl.RoleInfo (RoleInfo.java:updateAndGet(143)) - 4b287a15-77af-487b-aef7-34d1d0ee189f: start LeaderElection
2019-10-16 21:01:53,219 [4b287a15-77af-487b-aef7-34d1d0ee189f@group-83C26644CFDA-LeaderElection265] INFO  impl.LeaderElection (LeaderElection.java:askForVotes(178)) - 4b287a15-77af-487b-aef7-34d1d0ee189f@group-83C26644CFDA-LeaderElection265: begin an election at term 273 for -1: [4b287a15-77af-487b-aef7-34d1d0ee189f:192.168.34.38:38597, 0aa3649f-570d-46c6-937f-492d7f3a8364:192.168.34.38:33209, 4a03179f-3169-4ac7-a075-259968512ef0:192.168.34.38:45833], old=null
2019-10-16 21:01:53,220 [4b287a15-77af-487b-aef7-34d1d0ee189f@group-83C26644CFDA-LeaderElection265] INFO  impl.LeaderElection (LeaderElection.java:logAndReturn(56)) - 4b287a15-77af-487b-aef7-34d1d0ee189f@group-83C26644CFDA-LeaderElection265: Election TIMEOUT; received 0 response(s) [] and 0 exception(s); 4b287a15-77af-487b-aef7-34d1d0ee189f@group-83C26644CFDA:t273, leader=null, voted=4b287a15-77af-487b-aef7-34d1d0ee189f, raftlog=4b287a15-77af-487b-aef7-34d1d0ee189f@group-83C26644CFDA-SegmentedRaftLog:OPENED:c-1,f-1,i0, conf=-1: [4b287a15-77af-487b-aef7-34d1d0ee189f:192.168.34.38:38597, 0aa3649f-570d-46c6-937f-492d7f3a8364:192.168.34.38:33209, 4a03179f-3169-4ac7-a075-259968512ef0:192.168.34.38:45833], old=null
2019-10-16 21:01:53,221 [grpc-default-executor-2] INFO  impl.RaftServerImpl (RaftServerImpl.java:setRole(184)) - 0aa3649f-570d-46c6-937f-492d7f3a8364@group-83C26644CFDA: changes role from  FOLLOWER to FOLLOWER at term 273 for recognizeCandidate:4b287a15-77af-487b-aef7-34d1d0ee189f
2019-10-16 21:01:53,221 [grpc-default-executor-2] INFO  impl.RoleInfo (RoleInfo.java:shutdownFollowerState(121)) - 0aa3649f-570d-46c6-937f-492d7f3a8364: shutdown FollowerState
2019-10-16 21:01:53,221 [grpc-default-executor-2] INFO  impl.RoleInfo (RoleInfo.java:updateAndGet(143)) - 0aa3649f-570d-46c6-937f-492d7f3a8364: start FollowerState
2019-10-16 21:01:53,221 [Thread-1937] INFO  impl.FollowerState (FollowerState.java:run(117)) - 0aa3649f-570d-46c6-937f-492d7f3a8364@group-83C26644CFDA-FollowerState was interrupted: java.lang.InterruptedException: sleep interrupted
2019-10-16 21:01:53,221 [grpc-default-executor-1] INFO  impl.RaftServerImpl (RaftServerImpl.java:setRole(184)) - 4a03179f-3169-4ac7-a075-259968512ef0@group-83C26644CFDA: changes role from  FOLLOWER to FOLLOWER at term 273 for recognizeCandidate:4b287a15-77af-487b-aef7-34d1d0ee189f
2019-10-16 21:01:53,222 [grpc-default-executor-1] INFO  impl.RoleInfo (RoleInfo.java:shutdownFollowerState(121)) - 4a03179f-3169-4ac7-a075-259968512ef0: shutdown FollowerState
2019-10-16 21:01:53,222 [grpc-default-executor-1] INFO  impl.RoleInfo (RoleInfo.java:updateAndGet(143)) - 4a03179f-3169-4ac7-a075-259968512ef0: start FollowerState
2019-10-16 21:01:53,222 [Thread-1938] INFO  impl.FollowerState (FollowerState.java:run(117)) - 4a03179f-3169-4ac7-a075-259968512ef0@group-83C26644CFDA-FollowerState was interrupted: java.lang.InterruptedException: sleep interrupted
2019-10-16 21:01:53,234 [4b287a15-77af-487b-aef7-34d1d0ee189f@group-83C26644CFDA-LeaderElection265] INFO  impl.LeaderElection (LeaderElection.java:askForVotes(178)) - 4b287a15-77af-487b-aef7-34d1d0ee189f@group-83C26644CFDA-LeaderElection265: begin an election at term 274 for -1: [4b287a15-77af-487b-aef7-34d1d0ee189f:192.168.34.38:38597, 0aa3649f-570d-46c6-937f-492d7f3a8364:192.168.34.38:33209, 4a03179f-3169-4ac7-a075-259968512ef0:192.168.34.38:45833], old=null
2019-10-16 21:01:53,236 [grpc-default-executor-2] INFO  impl.RaftServerImpl (RaftServerImpl.java:setRole(184)) - 0aa3649f-570d-46c6-937f-492d7f3a8364@group-83C26644CFDA: changes role from  FOLLOWER to FOLLOWER at term 274 for recognizeCandidate:4b287a15-77af-487b-aef7-34d1d0ee189f
2019-10-16 21:01:53,236 [grpc-default-executor-2] INFO  impl.RoleInfo (RoleInfo.java:shutdownFollowerState(121)) - 0aa3649f-570d-46c6-937f-492d7f3a8364: shutdown FollowerState
2019-10-16 21:01:53,236 [grpc-default-executor-2] INFO  impl.RoleInfo (RoleInfo.java:updateAndGet(143)) - 0aa3649f-570d-46c6-937f-492d7f3a8364: start FollowerState
2019-10-16 21:01:53,236 [Thread-1943] INFO  impl.FollowerState (FollowerState.java:run(117)) - 0aa3649f-570d-46c6-937f-492d7f3a8364@group-83C26644CFDA-FollowerState was interrupted: java.lang.InterruptedException: sleep interrupted
2019-10-16 21:01:53,236 [grpc-default-executor-1] INFO  impl.RaftServerImpl (RaftServerImpl.java:setRole(184)) - 4a03179f-3169-4ac7-a075-259968512ef0@group-83C26644CFDA: changes role from  FOLLOWER to FOLLOWER at term 274 for recognizeCandidate:4b287a15-77af-487b-aef7-34d1d0ee189f
2019-10-16 21:01:53,237 [grpc-default-executor-1] INFO  impl.RoleInfo (RoleInfo.java:shutdownFollowerState(121)) - 4a03179f-3169-4ac7-a075-259968512ef0: shutdown FollowerState
2019-10-16 21:01:53,237 [grpc-default-executor-1] INFO  impl.RoleInfo (RoleInfo.java:updateAndGet(143)) - 4a03179f-3169-4ac7-a075-259968512ef0: start FollowerState
2019-10-16 21:01:53,237 [Thread-1944] INFO  impl.FollowerState (FollowerState.java:run(117)) - 4a03179f-3169-4ac7-a075-259968512ef0@group-83C26644CFDA-FollowerState was interrupted: java.lang.InterruptedException: sleep interrupted
2019-10-16 21:01:53,249 [4b287a15-77af-487b-aef7-34d1d0ee189f@group-83C26644CFDA-LeaderElection265] INFO  impl.LeaderElection (LeaderElection.java:logAndReturn(56)) - 4b287a15-77af-487b-aef7-34d1d0ee189f@group-83C26644CFDA-LeaderElection265: Election REJECTED; received 2 response(s) [4b287a15-77af-487b-aef7-34d1d0ee189f<-0aa3649f-570d-46c6-937f-492d7f3a8364#0:FAIL-t274, 4b287a15-77af-487b-aef7-34d1d0ee189f<-4a03179f-3169-4ac7-a075-259968512ef0#0:FAIL-t274] and 0 exception(s); 4b287a15-77af-487b-aef7-34d1d0ee189f@group-83C26644CFDA:t274, leader=null, voted=4b287a15-77af-487b-aef7-34d1d0ee189f, raftlog=4b287a15-77af-487b-aef7-34d1d0ee189f@group-83C26644CFDA-SegmentedRaftLog:OPENED:c-1,f-1,i0, conf=-1: [4b287a15-77af-487b-aef7-34d1d0ee189f:192.168.34.38:38597, 0aa3649f-570d-46c6-937f-492d7f3a8364:192.168.34.38:33209, 4a03179f-3169-4ac7-a075-259968512ef0:192.168.34.38:45833], old=null
2019-10-16 21:01:53,249 [4b287a15-77af-487b-aef7-34d1d0ee189f@group-83C26644CFDA-LeaderElection265] INFO  impl.RaftServerImpl (RaftServerImpl.java:setRole(184)) - 4b287a15-77af-487b-aef7-34d1d0ee189f@group-83C26644CFDA: changes role from CANDIDATE to FOLLOWER at term 274 for DISCOVERED_A_NEW_TERM
2019-10-16 21:01:53,249 [4b287a15-77af-487b-aef7-34d1d0ee189f@group-83C26644CFDA-LeaderElection265] INFO  impl.RoleInfo (RoleInfo.java:shutdownLeaderElection(134)) - 4b287a15-77af-487b-aef7-34d1d0ee189f: shutdown LeaderElection
2019-10-16 21:01:53,249 [4b287a15-77af-487b-aef7-34d1d0ee189f@group-83C26644CFDA-LeaderElection265] INFO  impl.RoleInfo (RoleInfo.java:updateAndGet(143)) - 4b287a15-77af-487b-aef7-34d1d0ee189f: start FollowerState
2019-10-16 21:01:53,358 [main] INFO  ozone.MiniOzoneClusterImpl (MiniOzoneClusterImpl.java:lambda$waitForClusterToBeReady$2(164)) - Waiting for 1 number of pipelines out of 4, to report a leader.
2019-10-16 21:01:53,449 [Thread-1949] INFO  impl.FollowerState (FollowerState.java:run(108)) - 4b287a15-77af-487b-aef7-34d1d0ee189f@group-83C26644CFDA-FollowerState: change to CANDIDATE, lastRpcTime:199ms, electionTimeout:199ms
2019-10-16 21:01:53,449 [Thread-1949] INFO  impl.RoleInfo (RoleInfo.java:shutdownFollowerState(121)) - 4b287a15-77af-487b-aef7-34d1d0ee189f: shutdown FollowerState
2019-10-16 21:01:53,449 [Thread-1949] INFO  impl.RaftServerImpl (RaftServerImpl.java:setRole(184)) - 4b287a15-77af-487b-aef7-34d1d0ee189f@group-83C26644CFDA: changes role from  FOLLOWER to CANDIDATE at term 274 for changeToCandidate
2019-10-16 21:01:53,449 [Thread-1949] INFO  impl.RoleInfo (RoleInfo.java:updateAndGet(143)) - 4b287a15-77af-487b-aef7-34d1d0ee189f: start LeaderElection
2019-10-16 21:01:53,462 [4b287a15-77af-487b-aef7-34d1d0ee189f@group-83C26644CFDA-LeaderElection266] INFO  impl.LeaderElection (LeaderElection.java:askForVotes(178)) - 4b287a15-77af-487b-aef7-34d1d0ee189f@group-83C26644CFDA-LeaderElection266: begin an election at term 275 for -1: [4b287a15-77af-487b-aef7-34d1d0ee189f:192.168.34.38:38597, 0aa3649f-570d-46c6-937f-492d7f3a8364:192.168.34.38:33209, 4a03179f-3169-4ac7-a075-259968512ef0:192.168.34.38:45833], old=null
2019-10-16 21:01:53,464 [grpc-default-executor-1] INFO  impl.RaftServerImpl (RaftServerImpl.java:setRole(184)) - 4a03179f-3169-4ac7-a075-259968512ef0@group-83C26644CFDA: changes role from  FOLLOWER to FOLLOWER at term 275 for recognizeCandidate:4b287a15-77af-487b-aef7-34d1d0ee189f
2019-10-16 21:01:53,464 [grpc-default-executor-2] INFO  impl.RaftServerImpl (RaftServerImpl.java:setRole(184)) - 0aa3649f-570d-46c6-937f-492d7f3a8364@group-83C26644CFDA: changes role from  FOLLOWER to FOLLOWER at term 275 for recognizeCandidate:4b287a15-77af-487b-aef7-34d1d0ee189f
2019-10-16 21:01:53,464 [grpc-default-executor-1] INFO  impl.RoleInfo (RoleInfo.java:shutdownFollowerState(121)) - 4a03179f-3169-4ac7-a075-259968512ef0: shutdown FollowerState
2019-10-16 21:01:53,465 [grpc-default-executor-2] INFO  impl.RoleInfo (RoleInfo.java:shutdownFollowerState(121)) - 0aa3649f-570d-46c6-937f-492d7f3a8364: shutdown FollowerState
2019-10-16 21:01:53,465 [Thread-1948] INFO  impl.FollowerState (FollowerState.java:run(117)) - 4a03179f-3169-4ac7-a075-259968512ef0@group-83C26644CFDA-FollowerState was interrupted: java.lang.InterruptedException: sleep interrupted
2019-10-16 21:01:53,465 [grpc-default-executor-1] INFO  impl.RoleInfo (RoleInfo.java:updateAndGet(143)) - 4a03179f-3169-4ac7-a075-259968512ef0: start FollowerState
2019-10-16 21:01:53,465 [Thread-1947] INFO  impl.FollowerState (FollowerState.java:run(117)) - 0aa3649f-570d-46c6-937f-492d7f3a8364@group-83C26644CFDA-FollowerState was interrupted: java.lang.InterruptedException: sleep interrupted
2019-10-16 21:01:53,465 [grpc-default-executor-2] INFO  impl.RoleInfo (RoleInfo.java:updateAndGet(143)) - 0aa3649f-570d-46c6-937f-492d7f3a8364: start FollowerState
2019-10-16 21:01:53,479 [4b287a15-77af-487b-aef7-34d1d0ee189f@group-83C26644CFDA-LeaderElection266] INFO  impl.LeaderElection (LeaderElection.java:logAndReturn(56)) - 4b287a15-77af-487b-aef7-34d1d0ee189f@group-83C26644CFDA-LeaderElection266: Election REJECTED; received 2 response(s) [4b287a15-77af-487b-aef7-34d1d0ee189f<-0aa3649f-570d-46c6-937f-492d7f3a8364#0:FAIL-t275, 4b287a15-77af-487b-aef7-34d1d0ee189f<-4a03179f-3169-4ac7-a075-259968512ef0#0:FAIL-t275] and 0 exception(s); 4b287a15-77af-487b-aef7-34d1d0ee189f@group-83C26644CFDA:t275, leader=null, voted=4b287a15-77af-487b-aef7-34d1d0ee189f, raftlog=4b287a15-77af-487b-aef7-34d1d0ee189f@group-83C26644CFDA-SegmentedRaftLog:OPENED:c-1,f-1,i0, conf=-1: [4b287a15-77af-487b-aef7-34d1d0ee189f:192.168.34.38:38597, 0aa3649f-570d-46c6-937f-492d7f3a8364:192.168.34.38:33209, 4a03179f-3169-4ac7-a075-259968512ef0:192.168.34.38:45833], old=null
2019-10-16 21:01:53,479 [4b287a15-77af-487b-aef7-34d1d0ee189f@group-83C26644CFDA-LeaderElection266] INFO  impl.RaftServerImpl (RaftServerImpl.java:setRole(184)) - 4b287a15-77af-487b-aef7-34d1d0ee189f@group-83C26644CFDA: changes role from CANDIDATE to FOLLOWER at term 275 for DISCOVERED_A_NEW_TERM
2019-10-16 21:01:53,479 [4b287a15-77af-487b-aef7-34d1d0ee189f@group-83C26644CFDA-LeaderElection266] INFO  impl.RoleInfo (RoleInfo.java:shutdownLeaderElection(134)) - 4b287a15-77af-487b-aef7-34d1d0ee189f: shutdown LeaderElection
2019-10-16 21:01:53,480 [4b287a15-77af-487b-aef7-34d1d0ee189f@group-83C26644CFDA-LeaderElection266] INFO  impl.RoleInfo (RoleInfo.java:updateAndGet(143)) - 4b287a15-77af-487b-aef7-34d1d0ee189f: start FollowerState
2019-10-16 21:01:53,533 [Thread-1955] INFO  impl.FollowerState (FollowerState.java:run(108)) - 4b287a15-77af-487b-aef7-34d1d0ee189f@group-83C26644CFDA-FollowerState: change to CANDIDATE, lastRpcTime:53ms, electionTimeout:53ms
2019-10-16 21:01:53,533 [Thread-1955] INFO  impl.RoleInfo (RoleInfo.java:shutdownFollowerState(121)) - 4b287a15-77af-487b-aef7-34d1d0ee189f: shutdown FollowerState
2019-10-16 21:01:53,533 [Thread-1955] INFO  impl.RaftServerImpl (RaftServerImpl.java:setRole(184)) - 4b287a15-77af-487b-aef7-34d1d0ee189f@group-83C26644CFDA: changes role from  FOLLOWER to CANDIDATE at term 275 for changeToCandidate
2019-10-16 21:01:53,533 [Thread-1955] INFO  impl.RoleInfo (RoleInfo.java:updateAndGet(143)) - 4b287a15-77af-487b-aef7-34d1d0ee189f: start LeaderElection
2019-10-16 21:01:53,555 [4b287a15-77af-487b-aef7-34d1d0ee189f@group-83C26644CFDA-LeaderElection267] INFO  impl.LeaderElection (LeaderElection.java:askForVotes(178)) - 4b287a15-77af-487b-aef7-34d1d0ee189f@group-83C26644CFDA-LeaderElection267: begin an election at term 276 for -1: [4b287a15-77af-487b-aef7-34d1d0ee189f:192.168.34.38:38597, 0aa3649f-570d-46c6-937f-492d7f3a8364:192.168.34.38:33209, 4a03179f-3169-4ac7-a075-259968512ef0:192.168.34.38:45833], old=null
2019-10-16 21:01:53,557 [grpc-default-executor-1] INFO  impl.RaftServerImpl (RaftServerImpl.java:setRole(184)) - 0aa3649f-570d-46c6-937f-492d7f3a8364@group-83C26644CFDA: changes role from  FOLLOWER to FOLLOWER at term 276 for recognizeCandidate:4b287a15-77af-487b-aef7-34d1d0ee189f
2019-10-16 21:01:53,557 [grpc-default-executor-1] INFO  impl.RoleInfo (RoleInfo.java:shutdownFollowerState(121)) - 0aa3649f-570d-46c6-937f-492d7f3a8364: shutdown FollowerState
2019-10-16 21:01:53,557 [grpc-default-executor-1] INFO  impl.RoleInfo (RoleInfo.java:updateAndGet(143)) - 0aa3649f-570d-46c6-937f-492d7f3a8364: start FollowerState
2019-10-16 21:01:53,557 [Thread-1954] INFO  impl.FollowerState (FollowerState.java:run(117)) - 0aa3649f-570d-46c6-937f-492d7f3a8364@group-83C26644CFDA-FollowerState was interrupted: java.lang.InterruptedException: sleep interrupted
2019-10-16 21:01:53,557 [grpc-default-executor-2] INFO  impl.RaftServerImpl (RaftServerImpl.java:setRole(184)) - 4a03179f-3169-4ac7-a075-259968512ef0@group-83C26644CFDA: changes role from  FOLLOWER to FOLLOWER at term 276 for recognizeCandidate:4b287a15-77af-487b-aef7-34d1d0ee189f
2019-10-16 21:01:53,558 [grpc-default-executor-2] INFO  impl.RoleInfo (RoleInfo.java:shutdownFollowerState(121)) - 4a03179f-3169-4ac7-a075-259968512ef0: shutdown FollowerState
2019-10-16 21:01:53,558 [grpc-default-executor-2] INFO  impl.RoleInfo (RoleInfo.java:updateAndGet(143)) - 4a03179f-3169-4ac7-a075-259968512ef0: start FollowerState
2019-10-16 21:01:53,558 [Thread-1953] INFO  impl.FollowerState (FollowerState.java:run(117)) - 4a03179f-3169-4ac7-a075-259968512ef0@group-83C26644CFDA-FollowerState was interrupted: java.lang.InterruptedException: sleep interrupted
2019-10-16 21:01:53,571 [4b287a15-77af-487b-aef7-34d1d0ee189f@group-83C26644CFDA-LeaderElection267] INFO  impl.LeaderElection (LeaderElection.java:logAndReturn(56)) - 4b287a15-77af-487b-aef7-34d1d0ee189f@group-83C26644CFDA-LeaderElection267: Election REJECTED; received 2 response(s) [4b287a15-77af-487b-aef7-34d1d0ee189f<-0aa3649f-570d-46c6-937f-492d7f3a8364#0:FAIL-t276, 4b287a15-77af-487b-aef7-34d1d0ee189f<-4a03179f-3169-4ac7-a075-259968512ef0#0:FAIL-t276] and 0 exception(s); 4b287a15-77af-487b-aef7-34d1d0ee189f@group-83C26644CFDA:t276, leader=null, voted=4b287a15-77af-487b-aef7-34d1d0ee189f, raftlog=4b287a15-77af-487b-aef7-34d1d0ee189f@group-83C26644CFDA-SegmentedRaftLog:OPENED:c-1,f-1,i0, conf=-1: [4b287a15-77af-487b-aef7-34d1d0ee189f:192.168.34.38:38597, 0aa3649f-570d-46c6-937f-492d7f3a8364:192.168.34.38:33209, 4a03179f-3169-4ac7-a075-259968512ef0:192.168.34.38:45833], old=null
2019-10-16 21:01:53,571 [4b287a15-77af-487b-aef7-34d1d0ee189f@group-83C26644CFDA-LeaderElection267] INFO  impl.RaftServerImpl (RaftServerImpl.java:setRole(184)) - 4b287a15-77af-487b-aef7-34d1d0ee189f@group-83C26644CFDA: changes role from CANDIDATE to FOLLOWER at term 276 for DISCOVERED_A_NEW_TERM
2019-10-16 21:01:53,571 [4b287a15-77af-487b-aef7-34d1d0ee189f@group-83C26644CFDA-LeaderElection267] INFO  impl.RoleInfo (RoleInfo.java:shutdownLeaderElection(134)) - 4b287a15-77af-487b-aef7-34d1d0ee189f: shutdown LeaderElection
2019-10-16 21:01:53,571 [4b287a15-77af-487b-aef7-34d1d0ee189f@group-83C26644CFDA-LeaderElection267] INFO  impl.RoleInfo (RoleInfo.java:updateAndGet(143)) - 4b287a15-77af-487b-aef7-34d1d0ee189f: start FollowerState
2019-10-16 21:01:53,596 [Thread-1961] INFO  impl.FollowerState (FollowerState.java:run(108)) - 4b287a15-77af-487b-aef7-34d1d0ee189f@group-83C26644CFDA-FollowerState: change to CANDIDATE, lastRpcTime:24ms, electionTimeout:24ms
2019-10-16 21:01:53,596 [Thread-1961] INFO  impl.RoleInfo (RoleInfo.java:shutdownFollowerState(121)) - 4b287a15-77af-487b-aef7-34d1d0ee189f: shutdown FollowerState
2019-10-16 21:01:53,596 [Thread-1961] INFO  impl.RaftServerImpl (RaftServerImpl.java:setRole(184)) - 4b287a15-77af-487b-aef7-34d1d0ee189f@group-83C26644CFDA: changes role from  FOLLOWER to CANDIDATE at term 276 for changeToCandidate
2019-10-16 21:01:53,596 [Thread-1961] INFO  impl.RoleInfo (RoleInfo.java:updateAndGet(143)) - 4b287a15-77af-487b-aef7-34d1d0ee189f: start LeaderElection
2019-10-16 21:01:53,609 [4b287a15-77af-487b-aef7-34d1d0ee189f@group-83C26644CFDA-LeaderElection268] INFO  impl.LeaderElection (LeaderElection.java:askForVotes(178)) - 4b287a15-77af-487b-aef7-34d1d0ee189f@group-83C26644CFDA-LeaderElection268: begin an election at term 277 for -1: [4b287a15-77af-487b-aef7-34d1d0ee189f:192.168.34.38:38597, 0aa3649f-570d-46c6-937f-492d7f3a8364:192.168.34.38:33209, 4a03179f-3169-4ac7-a075-259968512ef0:192.168.34.38:45833], old=null
2019-10-16 21:01:53,610 [grpc-default-executor-1] INFO  impl.RaftServerImpl (RaftServerImpl.java:setRole(184)) - 0aa3649f-570d-46c6-937f-492d7f3a8364@group-83C26644CFDA: changes role from  FOLLOWER to FOLLOWER at term 277 for recognizeCandidate:4b287a15-77af-487b-aef7-34d1d0ee189f
2019-10-16 21:01:53,611 [grpc-default-executor-1] INFO  impl.RoleInfo (RoleInfo.java:shutdownFollowerState(121)) - 0aa3649f-570d-46c6-937f-492d7f3a8364: shutdown FollowerState
2019-10-16 21:01:53,611 [grpc-default-executor-2] INFO  impl.RaftServerImpl (RaftServerImpl.java:setRole(184)) - 4a03179f-3169-4ac7-a075-259968512ef0@group-83C26644CFDA: changes role from  FOLLOWER to FOLLOWER at term 277 for recognizeCandidate:4b287a15-77af-487b-aef7-34d1d0ee189f
2019-10-16 21:01:53,611 [grpc-default-executor-2] INFO  impl.RoleInfo (RoleInfo.java:shutdownFollowerState(121)) - 4a03179f-3169-4ac7-a075-259968512ef0: shutdown FollowerState
2019-10-16 21:01:53,611 [Thread-1959] INFO  impl.FollowerState (FollowerState.java:run(117)) - 0aa3649f-570d-46c6-937f-492d7f3a8364@group-83C26644CFDA-FollowerState was interrupted: java.lang.InterruptedException: sleep interrupted
2019-10-16 21:01:53,611 [grpc-default-executor-1] INFO  impl.RoleInfo (RoleInfo.java:updateAndGet(143)) - 0aa3649f-570d-46c6-937f-492d7f3a8364: start FollowerState
2019-10-16 21:01:53,611 [Thread-1960] INFO  impl.FollowerState (FollowerState.java:run(117)) - 4a03179f-3169-4ac7-a075-259968512ef0@group-83C26644CFDA-FollowerState was interrupted: java.lang.InterruptedException: sleep interrupted
2019-10-16 21:01:53,611 [grpc-default-executor-2] INFO  impl.RoleInfo (RoleInfo.java:updateAndGet(143)) - 4a03179f-3169-4ac7-a075-259968512ef0: start FollowerState
2019-10-16 21:01:53,625 [4b287a15-77af-487b-aef7-34d1d0ee189f@group-83C26644CFDA-LeaderElection268] INFO  impl.LeaderElection (LeaderElection.java:logAndReturn(56)) - 4b287a15-77af-487b-aef7-34d1d0ee189f@group-83C26644CFDA-LeaderElection268: Election REJECTED; received 2 response(s) [4b287a15-77af-487b-aef7-34d1d0ee189f<-0aa3649f-570d-46c6-937f-492d7f3a8364#0:FAIL-t277, 4b287a15-77af-487b-aef7-34d1d0ee189f<-4a03179f-3169-4ac7-a075-259968512ef0#0:FAIL-t277] and 0 exception(s); 4b287a15-77af-487b-aef7-34d1d0ee189f@group-83C26644CFDA:t277, leader=null, voted=4b287a15-77af-487b-aef7-34d1d0ee189f, raftlog=4b287a15-77af-487b-aef7-34d1d0ee189f@group-83C26644CFDA-SegmentedRaftLog:OPENED:c-1,f-1,i0, conf=-1: [4b287a15-77af-487b-aef7-34d1d0ee189f:192.168.34.38:38597, 0aa3649f-570d-46c6-937f-492d7f3a8364:192.168.34.38:33209, 4a03179f-3169-4ac7-a075-259968512ef0:192.168.34.38:45833], old=null
2019-10-16 21:01:53,625 [4b287a15-77af-487b-aef7-34d1d0ee189f@group-83C26644CFDA-LeaderElection268] INFO  impl.RaftServerImpl (RaftServerImpl.java:setRole(184)) - 4b287a15-77af-487b-aef7-34d1d0ee189f@group-83C26644CFDA: changes role from CANDIDATE to FOLLOWER at term 277 for DISCOVERED_A_NEW_TERM
2019-10-16 21:01:53,625 [4b287a15-77af-487b-aef7-34d1d0ee189f@group-83C26644CFDA-LeaderElection268] INFO  impl.RoleInfo (RoleInfo.java:shutdownLeaderElection(134)) - 4b287a15-77af-487b-aef7-34d1d0ee189f: shutdown LeaderElection
2019-10-16 21:01:53,625 [4b287a15-77af-487b-aef7-34d1d0ee189f@group-83C26644CFDA-LeaderElection268] INFO  impl.RoleInfo (RoleInfo.java:updateAndGet(143)) - 4b287a15-77af-487b-aef7-34d1d0ee189f: start FollowerState
2019-10-16 21:01:53,760 [Thread-1967] INFO  impl.FollowerState (FollowerState.java:run(108)) - 4b287a15-77af-487b-aef7-34d1d0ee189f@group-83C26644CFDA-FollowerState: change to CANDIDATE, lastRpcTime:134ms, electionTimeout:134ms
2019-10-16 21:01:53,760 [Thread-1967] INFO  impl.RoleInfo (RoleInfo.java:shutdownFollowerState(121)) - 4b287a15-77af-487b-aef7-34d1d0ee189f: shutdown FollowerState
2019-10-16 21:01:53,760 [Thread-1967] INFO  impl.RaftServerImpl (RaftServerImpl.java:setRole(184)) - 4b287a15-77af-487b-aef7-34d1d0ee189f@group-83C26644CFDA: changes role from  FOLLOWER to CANDIDATE at term 277 for changeToCandidate
2019-10-16 21:01:53,760 [Thread-1967] INFO  impl.RoleInfo (RoleInfo.java:updateAndGet(143)) - 4b287a15-77af-487b-aef7-34d1d0ee189f: start LeaderElection
2019-10-16 21:01:53,773 [4b287a15-77af-487b-aef7-34d1d0ee189f@group-83C26644CFDA-LeaderElection269] INFO  impl.LeaderElection (LeaderElection.java:askForVotes(178)) - 4b287a15-77af-487b-aef7-34d1d0ee189f@group-83C26644CFDA-LeaderElection269: begin an election at term 278 for -1: [4b287a15-77af-487b-aef7-34d1d0ee189f:192.168.34.38:38597, 0aa3649f-570d-46c6-937f-492d7f3a8364:192.168.34.38:33209, 4a03179f-3169-4ac7-a075-259968512ef0:192.168.34.38:45833], old=null
2019-10-16 21:01:53,775 [grpc-default-executor-1] INFO  impl.RaftServerImpl (RaftServerImpl.java:setRole(184)) - 4a03179f-3169-4ac7-a075-259968512ef0@group-83C26644CFDA: changes role from  FOLLOWER to FOLLOWER at term 278 for recognizeCandidate:4b287a15-77af-487b-aef7-34d1d0ee189f
2019-10-16 21:01:53,776 [grpc-default-executor-2] INFO  impl.RaftServerImpl (RaftServerImpl.java:setRole(184)) - 0aa3649f-570d-46c6-937f-492d7f3a8364@group-83C26644CFDA: changes role from  FOLLOWER to FOLLOWER at term 278 for recognizeCandidate:4b287a15-77af-487b-aef7-34d1d0ee189f
2019-10-16 21:01:53,776 [grpc-default-executor-1] INFO  impl.RoleInfo (RoleInfo.java:shutdownFollowerState(121)) - 4a03179f-3169-4ac7-a075-259968512ef0: shutdown FollowerState
2019-10-16 21:01:53,776 [grpc-default-executor-2] INFO  impl.RoleInfo (RoleInfo.java:shutdownFollowerState(121)) - 0aa3649f-570d-46c6-937f-492d7f3a8364: shutdown FollowerState
2019-10-16 21:01:53,776 [Thread-1965] INFO  impl.FollowerState (FollowerState.java:run(117)) - 0aa3649f-570d-46c6-937f-492d7f3a8364@group-83C26644CFDA-FollowerState was interrupted: java.lang.InterruptedException: sleep interrupted
2019-10-16 21:01:53,776 [Thread-1966] INFO  impl.FollowerState (FollowerState.java:run(117)) - 4a03179f-3169-4ac7-a075-259968512ef0@group-83C26644CFDA-FollowerState was interrupted: java.lang.InterruptedException: sleep interrupted
2019-10-16 21:01:53,776 [grpc-default-executor-1] INFO  impl.RoleInfo (RoleInfo.java:updateAndGet(143)) - 4a03179f-3169-4ac7-a075-259968512ef0: start FollowerState
2019-10-16 21:01:53,776 [grpc-default-executor-2] INFO  impl.RoleInfo (RoleInfo.java:updateAndGet(143)) - 0aa3649f-570d-46c6-937f-492d7f3a8364: start FollowerState
2019-10-16 21:01:53,791 [4b287a15-77af-487b-aef7-34d1d0ee189f@group-83C26644CFDA-LeaderElection269] INFO  impl.LeaderElection (LeaderElection.java:logAndReturn(56)) - 4b287a15-77af-487b-aef7-34d1d0ee189f@group-83C26644CFDA-LeaderElection269: Election REJECTED; received 2 response(s) [4b287a15-77af-487b-aef7-34d1d0ee189f<-0aa3649f-570d-46c6-937f-492d7f3a8364#0:FAIL-t278, 4b287a15-77af-487b-aef7-34d1d0ee189f<-4a03179f-3169-4ac7-a075-259968512ef0#0:FAIL-t278] and 0 exception(s); 4b287a15-77af-487b-aef7-34d1d0ee189f@group-83C26644CFDA:t278, leader=null, voted=4b287a15-77af-487b-aef7-34d1d0ee189f, raftlog=4b287a15-77af-487b-aef7-34d1d0ee189f@group-83C26644CFDA-SegmentedRaftLog:OPENED:c-1,f-1,i0, conf=-1: [4b287a15-77af-487b-aef7-34d1d0ee189f:192.168.34.38:38597, 0aa3649f-570d-46c6-937f-492d7f3a8364:192.168.34.38:33209, 4a03179f-3169-4ac7-a075-259968512ef0:192.168.34.38:45833], old=null
2019-10-16 21:01:53,791 [4b287a15-77af-487b-aef7-34d1d0ee189f@group-83C26644CFDA-LeaderElection269] INFO  impl.RaftServerImpl (RaftServerImpl.java:setRole(184)) - 4b287a15-77af-487b-aef7-34d1d0ee189f@group-83C26644CFDA: changes role from CANDIDATE to FOLLOWER at term 278 for DISCOVERED_A_NEW_TERM
2019-10-16 21:01:53,791 [4b287a15-77af-487b-aef7-34d1d0ee189f@group-83C26644CFDA-LeaderElection269] INFO  impl.RoleInfo (RoleInfo.java:shutdownLeaderElection(134)) - 4b287a15-77af-487b-aef7-34d1d0ee189f: shutdown LeaderElection
2019-10-16 21:01:53,791 [4b287a15-77af-487b-aef7-34d1d0ee189f@group-83C26644CFDA-LeaderElection269] INFO  impl.RoleInfo (RoleInfo.java:updateAndGet(143)) - 4b287a15-77af-487b-aef7-34d1d0ee189f: start FollowerState
2019-10-16 21:01:53,884 [Thread-1973] INFO  impl.FollowerState (FollowerState.java:run(108)) - 4b287a15-77af-487b-aef7-34d1d0ee189f@group-83C26644CFDA-FollowerState: change to CANDIDATE, lastRpcTime:93ms, electionTimeout:93ms
2019-10-16 21:01:53,884 [Thread-1973] INFO  impl.RoleInfo (RoleInfo.java:shutdownFollowerState(121)) - 4b287a15-77af-487b-aef7-34d1d0ee189f: shutdown FollowerState
2019-10-16 21:01:53,885 [Thread-1973] INFO  impl.RaftServerImpl (RaftServerImpl.java:setRole(184)) - 4b287a15-77af-487b-aef7-34d1d0ee189f@group-83C26644CFDA: changes role from  FOLLOWER to CANDIDATE at term 278 for changeToCandidate
2019-10-16 21:01:53,885 [Thread-1973] INFO  impl.RoleInfo (RoleInfo.java:updateAndGet(143)) - 4b287a15-77af-487b-aef7-34d1d0ee189f: start LeaderElection
2019-10-16 21:01:53,907 [4b287a15-77af-487b-aef7-34d1d0ee189f@group-83C26644CFDA-LeaderElection270] INFO  impl.LeaderElection (LeaderElection.java:askForVotes(178)) - 4b287a15-77af-487b-aef7-34d1d0ee189f@group-83C26644CFDA-LeaderElection270: begin an election at term 279 for -1: [4b287a15-77af-487b-aef7-34d1d0ee189f:192.168.34.38:38597, 0aa3649f-570d-46c6-937f-492d7f3a8364:192.168.34.38:33209, 4a03179f-3169-4ac7-a075-259968512ef0:192.168.34.38:45833], old=null
2019-10-16 21:01:53,909 [grpc-default-executor-2] INFO  impl.RaftServerImpl (RaftServerImpl.java:setRole(184)) - 0aa3649f-570d-46c6-937f-492d7f3a8364@group-83C26644CFDA: changes role from  FOLLOWER to FOLLOWER at term 279 for recognizeCandidate:4b287a15-77af-487b-aef7-34d1d0ee189f
2019-10-16 21:01:53,909 [grpc-default-executor-1] INFO  impl.RaftServerImpl (RaftServerImpl.java:setRole(184)) - 4a03179f-3169-4ac7-a075-259968512ef0@group-83C26644CFDA: changes role from  FOLLOWER to FOLLOWER at term 279 for recognizeCandidate:4b287a15-77af-487b-aef7-34d1d0ee189f
2019-10-16 21:01:53,909 [grpc-default-executor-2] INFO  impl.RoleInfo (RoleInfo.java:shutdownFollowerState(121)) - 0aa3649f-570d-46c6-937f-492d7f3a8364: shutdown FollowerState
2019-10-16 21:01:53,909 [grpc-default-executor-1] INFO  impl.RoleInfo (RoleInfo.java:shutdownFollowerState(121)) - 4a03179f-3169-4ac7-a075-259968512ef0: shutdown FollowerState
2019-10-16 21:01:53,909 [Thread-1972] INFO  impl.FollowerState (FollowerState.java:run(117)) - 0aa3649f-570d-46c6-937f-492d7f3a8364@group-83C26644CFDA-FollowerState was interrupted: java.lang.InterruptedException: sleep interrupted
2019-10-16 21:01:53,909 [grpc-default-executor-2] INFO  impl.RoleInfo (RoleInfo.java:updateAndGet(143)) - 0aa3649f-570d-46c6-937f-492d7f3a8364: start FollowerState
2019-10-16 21:01:53,910 [grpc-default-executor-1] INFO  impl.RoleInfo (RoleInfo.java:updateAndGet(143)) - 4a03179f-3169-4ac7-a075-259968512ef0: start FollowerState
2019-10-16 21:01:53,910 [Thread-1971] INFO  impl.FollowerState (FollowerState.java:run(117)) - 4a03179f-3169-4ac7-a075-259968512ef0@group-83C26644CFDA-FollowerState was interrupted: java.lang.InterruptedException: sleep interrupted
2019-10-16 21:01:53,924 [4b287a15-77af-487b-aef7-34d1d0ee189f@group-83C26644CFDA-LeaderElection270] INFO  impl.LeaderElection (LeaderElection.java:logAndReturn(56)) - 4b287a15-77af-487b-aef7-34d1d0ee189f@group-83C26644CFDA-LeaderElection270: Election REJECTED; received 2 response(s) [4b287a15-77af-487b-aef7-34d1d0ee189f<-0aa3649f-570d-46c6-937f-492d7f3a8364#0:FAIL-t279, 4b287a15-77af-487b-aef7-34d1d0ee189f<-4a03179f-3169-4ac7-a075-259968512ef0#0:FAIL-t279] and 0 exception(s); 4b287a15-77af-487b-aef7-34d1d0ee189f@group-83C26644CFDA:t279, leader=null, voted=4b287a15-77af-487b-aef7-34d1d0ee189f, raftlog=4b287a15-77af-487b-aef7-34d1d0ee189f@group-83C26644CFDA-SegmentedRaftLog:OPENED:c-1,f-1,i0, conf=-1: [4b287a15-77af-487b-aef7-34d1d0ee189f:192.168.34.38:38597, 0aa3649f-570d-46c6-937f-492d7f3a8364:192.168.34.38:33209, 4a03179f-3169-4ac7-a075-259968512ef0:192.168.34.38:45833], old=null
2019-10-16 21:01:53,924 [4b287a15-77af-487b-aef7-34d1d0ee189f@group-83C26644CFDA-LeaderElection270] INFO  impl.RaftServerImpl (RaftServerImpl.java:setRole(184)) - 4b287a15-77af-487b-aef7-34d1d0ee189f@group-83C26644CFDA: changes role from CANDIDATE to FOLLOWER at term 279 for DISCOVERED_A_NEW_TERM
2019-10-16 21:01:53,924 [4b287a15-77af-487b-aef7-34d1d0ee189f@group-83C26644CFDA-LeaderElection270] INFO  impl.RoleInfo (RoleInfo.java:shutdownLeaderElection(134)) - 4b287a15-77af-487b-aef7-34d1d0ee189f: shutdown LeaderElection
2019-10-16 21:01:53,924 [4b287a15-77af-487b-aef7-34d1d0ee189f@group-83C26644CFDA-LeaderElection270] INFO  impl.RoleInfo (RoleInfo.java:updateAndGet(143)) - 4b287a15-77af-487b-aef7-34d1d0ee189f: start FollowerState
2019-10-16 21:01:54,016 [Thread-1979] INFO  impl.FollowerState (FollowerState.java:run(108)) - 4b287a15-77af-487b-aef7-34d1d0ee189f@group-83C26644CFDA-FollowerState: change to CANDIDATE, lastRpcTime:91ms, electionTimeout:91ms
2019-10-16 21:01:54,016 [Thread-1979] INFO  impl.RoleInfo (RoleInfo.java:shutdownFollowerState(121)) - 4b287a15-77af-487b-aef7-34d1d0ee189f: shutdown FollowerState
2019-10-16 21:01:54,016 [Thread-1979] INFO  impl.RaftServerImpl (RaftServerImpl.java:setRole(184)) - 4b287a15-77af-487b-aef7-34d1d0ee189f@group-83C26644CFDA: changes role from  FOLLOWER to CANDIDATE at term 279 for changeToCandidate
2019-10-16 21:01:54,016 [Thread-1979] INFO  impl.RoleInfo (RoleInfo.java:updateAndGet(143)) - 4b287a15-77af-487b-aef7-34d1d0ee189f: start LeaderElection
2019-10-16 21:01:54,029 [4b287a15-77af-487b-aef7-34d1d0ee189f@group-83C26644CFDA-LeaderElection271] INFO  impl.LeaderElection (LeaderElection.java:askForVotes(178)) - 4b287a15-77af-487b-aef7-34d1d0ee189f@group-83C26644CFDA-LeaderElection271: begin an election at term 280 for -1: [4b287a15-77af-487b-aef7-34d1d0ee189f:192.168.34.38:38597, 0aa3649f-570d-46c6-937f-492d7f3a8364:192.168.34.38:33209, 4a03179f-3169-4ac7-a075-259968512ef0:192.168.34.38:45833], old=null
2019-10-16 21:01:54,031 [grpc-default-executor-1] INFO  impl.RaftServerImpl (RaftServerImpl.java:setRole(184)) - 0aa3649f-570d-46c6-937f-492d7f3a8364@group-83C26644CFDA: changes role from  FOLLOWER to FOLLOWER at term 280 for recognizeCandidate:4b287a15-77af-487b-aef7-34d1d0ee189f
2019-10-16 21:01:54,031 [grpc-default-executor-2] INFO  impl.RaftServerImpl (RaftServerImpl.java:setRole(184)) - 4a03179f-3169-4ac7-a075-259968512ef0@group-83C26644CFDA: changes role from  FOLLOWER to FOLLOWER at term 280 for recognizeCandidate:4b287a15-77af-487b-aef7-34d1d0ee189f
2019-10-16 21:01:54,031 [grpc-default-executor-1] INFO  impl.RoleInfo (RoleInfo.java:shutdownFollowerState(121)) - 0aa3649f-570d-46c6-937f-492d7f3a8364: shutdown FollowerState
2019-10-16 21:01:54,032 [grpc-default-executor-2] INFO  impl.RoleInfo (RoleInfo.java:shutdownFollowerState(121)) - 4a03179f-3169-4ac7-a075-259968512ef0: shutdown FollowerState
2019-10-16 21:01:54,032 [Thread-1977] INFO  impl.FollowerState (FollowerState.java:run(117)) - 0aa3649f-570d-46c6-937f-492d7f3a8364@group-83C26644CFDA-FollowerState was interrupted: java.lang.InterruptedException: sleep interrupted
2019-10-16 21:01:54,032 [grpc-default-executor-1] INFO  impl.RoleInfo (RoleInfo.java:updateAndGet(143)) - 0aa3649f-570d-46c6-937f-492d7f3a8364: start FollowerState
2019-10-16 21:01:54,032 [Thread-1978] INFO  impl.FollowerState (FollowerState.java:run(117)) - 4a03179f-3169-4ac7-a075-259968512ef0@group-83C26644CFDA-FollowerState was interrupted: java.lang.InterruptedException: sleep interrupted
2019-10-16 21:01:54,032 [grpc-default-executor-2] INFO  impl.RoleInfo (RoleInfo.java:updateAndGet(143)) - 4a03179f-3169-4ac7-a075-259968512ef0: start FollowerState
2019-10-16 21:01:54,048 [4b287a15-77af-487b-aef7-34d1d0ee189f@group-83C26644CFDA-LeaderElection271] INFO  impl.LeaderElection (LeaderElection.java:logAndReturn(56)) - 4b287a15-77af-487b-aef7-34d1d0ee189f@group-83C26644CFDA-LeaderElection271: Election REJECTED; received 2 response(s) [4b287a15-77af-487b-aef7-34d1d0ee189f<-0aa3649f-570d-46c6-937f-492d7f3a8364#0:FAIL-t280, 4b287a15-77af-487b-aef7-34d1d0ee189f<-4a03179f-3169-4ac7-a075-259968512ef0#0:FAIL-t280] and 0 exception(s); 4b287a15-77af-487b-aef7-34d1d0ee189f@group-83C26644CFDA:t280, leader=null, voted=4b287a15-77af-487b-aef7-34d1d0ee189f, raftlog=4b287a15-77af-487b-aef7-34d1d0ee189f@group-83C26644CFDA-SegmentedRaftLog:OPENED:c-1,f-1,i0, conf=-1: [4b287a15-77af-487b-aef7-34d1d0ee189f:192.168.34.38:38597, 0aa3649f-570d-46c6-937f-492d7f3a8364:192.168.34.38:33209, 4a03179f-3169-4ac7-a075-259968512ef0:192.168.34.38:45833], old=null
2019-10-16 21:01:54,048 [4b287a15-77af-487b-aef7-34d1d0ee189f@group-83C26644CFDA-LeaderElection271] INFO  impl.RaftServerImpl (RaftServerImpl.java:setRole(184)) - 4b287a15-77af-487b-aef7-34d1d0ee189f@group-83C26644CFDA: changes role from CANDIDATE to FOLLOWER at term 280 for DISCOVERED_A_NEW_TERM
2019-10-16 21:01:54,048 [4b287a15-77af-487b-aef7-34d1d0ee189f@group-83C26644CFDA-LeaderElection271] INFO  impl.RoleInfo (RoleInfo.java:shutdownLeaderElection(134)) - 4b287a15-77af-487b-aef7-34d1d0ee189f: shutdown LeaderElection
2019-10-16 21:01:54,048 [4b287a15-77af-487b-aef7-34d1d0ee189f@group-83C26644CFDA-LeaderElection271] INFO  impl.RoleInfo (RoleInfo.java:updateAndGet(143)) - 4b287a15-77af-487b-aef7-34d1d0ee189f: start FollowerState
2019-10-16 21:01:54,215 [Thread-1985] INFO  impl.FollowerState (FollowerState.java:run(108)) - 4b287a15-77af-487b-aef7-34d1d0ee189f@group-83C26644CFDA-FollowerState: change to CANDIDATE, lastRpcTime:166ms, electionTimeout:166ms
2019-10-16 21:01:54,215 [Thread-1985] INFO  impl.RoleInfo (RoleInfo.java:shutdownFollowerState(121)) - 4b287a15-77af-487b-aef7-34d1d0ee189f: shutdown FollowerState
2019-10-16 21:01:54,215 [Thread-1985] INFO  impl.RaftServerImpl (RaftServerImpl.java:setRole(184)) - 4b287a15-77af-487b-aef7-34d1d0ee189f@group-83C26644CFDA: changes role from  FOLLOWER to CANDIDATE at term 280 for changeToCandidate
2019-10-16 21:01:54,215 [Thread-1985] INFO  impl.RoleInfo (RoleInfo.java:updateAndGet(143)) - 4b287a15-77af-487b-aef7-34d1d0ee189f: start LeaderElection
2019-10-16 21:01:54,234 [4b287a15-77af-487b-aef7-34d1d0ee189f@group-83C26644CFDA-LeaderElection272] INFO  impl.LeaderElection (LeaderElection.java:askForVotes(178)) - 4b287a15-77af-487b-aef7-34d1d0ee189f@group-83C26644CFDA-LeaderElection272: begin an election at term 281 for -1: [4b287a15-77af-487b-aef7-34d1d0ee189f:192.168.34.38:38597, 0aa3649f-570d-46c6-937f-492d7f3a8364:192.168.34.38:33209, 4a03179f-3169-4ac7-a075-259968512ef0:192.168.34.38:45833], old=null
2019-10-16 21:01:54,236 [grpc-default-executor-2] INFO  impl.RaftServerImpl (RaftServerImpl.java:setRole(184)) - 4a03179f-3169-4ac7-a075-259968512ef0@group-83C26644CFDA: changes role from  FOLLOWER to FOLLOWER at term 281 for recognizeCandidate:4b287a15-77af-487b-aef7-34d1d0ee189f
2019-10-16 21:01:54,236 [grpc-default-executor-2] INFO  impl.RoleInfo (RoleInfo.java:shutdownFollowerState(121)) - 4a03179f-3169-4ac7-a075-259968512ef0: shutdown FollowerState
2019-10-16 21:01:54,236 [grpc-default-executor-2] INFO  impl.RoleInfo (RoleInfo.java:updateAndGet(143)) - 4a03179f-3169-4ac7-a075-259968512ef0: start FollowerState
2019-10-16 21:01:54,236 [Thread-1984] INFO  impl.FollowerState (FollowerState.java:run(117)) - 4a03179f-3169-4ac7-a075-259968512ef0@group-83C26644CFDA-FollowerState was interrupted: java.lang.InterruptedException: sleep interrupted
2019-10-16 21:01:54,236 [grpc-default-executor-1] INFO  impl.RaftServerImpl (RaftServerImpl.java:setRole(184)) - 0aa3649f-570d-46c6-937f-492d7f3a8364@group-83C26644CFDA: changes role from  FOLLOWER to FOLLOWER at term 281 for recognizeCandidate:4b287a15-77af-487b-aef7-34d1d0ee189f
2019-10-16 21:01:54,236 [grpc-default-executor-1] INFO  impl.RoleInfo (RoleInfo.java:shutdownFollowerState(121)) - 0aa3649f-570d-46c6-937f-492d7f3a8364: shutdown FollowerState
2019-10-16 21:01:54,236 [grpc-default-executor-1] INFO  impl.RoleInfo (RoleInfo.java:updateAndGet(143)) - 0aa3649f-570d-46c6-937f-492d7f3a8364: start FollowerState
2019-10-16 21:01:54,236 [Thread-1983] INFO  impl.FollowerState (FollowerState.java:run(117)) - 0aa3649f-570d-46c6-937f-492d7f3a8364@group-83C26644CFDA-FollowerState was interrupted: java.lang.InterruptedException: sleep interrupted
2019-10-16 21:01:54,244 [4b287a15-77af-487b-aef7-34d1d0ee189f@group-83C26644CFDA-LeaderElection272] INFO  impl.LeaderElection (LeaderElection.java:logAndReturn(56)) - 4b287a15-77af-487b-aef7-34d1d0ee189f@group-83C26644CFDA-LeaderElection272: Election REJECTED; received 2 response(s) [4b287a15-77af-487b-aef7-34d1d0ee189f<-0aa3649f-570d-46c6-937f-492d7f3a8364#0:FAIL-t281, 4b287a15-77af-487b-aef7-34d1d0ee189f<-4a03179f-3169-4ac7-a075-259968512ef0#0:FAIL-t281] and 0 exception(s); 4b287a15-77af-487b-aef7-34d1d0ee189f@group-83C26644CFDA:t281, leader=null, voted=4b287a15-77af-487b-aef7-34d1d0ee189f, raftlog=4b287a15-77af-487b-aef7-34d1d0ee189f@group-83C26644CFDA-SegmentedRaftLog:OPENED:c-1,f-1,i0, conf=-1: [4b287a15-77af-487b-aef7-34d1d0ee189f:192.168.34.38:38597, 0aa3649f-570d-46c6-937f-492d7f3a8364:192.168.34.38:33209, 4a03179f-3169-4ac7-a075-259968512ef0:192.168.34.38:45833], old=null
2019-10-16 21:01:54,245 [4b287a15-77af-487b-aef7-34d1d0ee189f@group-83C26644CFDA-LeaderElection272] INFO  impl.RaftServerImpl (RaftServerImpl.java:setRole(184)) - 4b287a15-77af-487b-aef7-34d1d0ee189f@group-83C26644CFDA: changes role from CANDIDATE to FOLLOWER at term 281 for DISCOVERED_A_NEW_TERM
2019-10-16 21:01:54,245 [4b287a15-77af-487b-aef7-34d1d0ee189f@group-83C26644CFDA-LeaderElection272] INFO  impl.RoleInfo (RoleInfo.java:shutdownLeaderElection(134)) - 4b287a15-77af-487b-aef7-34d1d0ee189f: shutdown LeaderElection
2019-10-16 21:01:54,245 [4b287a15-77af-487b-aef7-34d1d0ee189f@group-83C26644CFDA-LeaderElection272] INFO  impl.RoleInfo (RoleInfo.java:updateAndGet(143)) - 4b287a15-77af-487b-aef7-34d1d0ee189f: start FollowerState
2019-10-16 21:01:54,358 [main] INFO  ozone.MiniOzoneClusterImpl (MiniOzoneClusterImpl.java:lambda$waitForClusterToBeReady$2(164)) - Waiting for 1 number of pipelines out of 4, to report a leader.
2019-10-16 21:01:54,421 [Thread-1991] INFO  impl.FollowerState (FollowerState.java:run(108)) - 4b287a15-77af-487b-aef7-34d1d0ee189f@group-83C26644CFDA-FollowerState: change to CANDIDATE, lastRpcTime:175ms, electionTimeout:175ms
2019-10-16 21:01:54,421 [Thread-1991] INFO  impl.RoleInfo (RoleInfo.java:shutdownFollowerState(121)) - 4b287a15-77af-487b-aef7-34d1d0ee189f: shutdown FollowerState
2019-10-16 21:01:54,421 [Thread-1991] INFO  impl.RaftServerImpl (RaftServerImpl.java:setRole(184)) - 4b287a15-77af-487b-aef7-34d1d0ee189f@group-83C26644CFDA: changes role from  FOLLOWER to CANDIDATE at term 281 for changeToCandidate
2019-10-16 21:01:54,421 [Thread-1991] INFO  impl.RoleInfo (RoleInfo.java:updateAndGet(143)) - 4b287a15-77af-487b-aef7-34d1d0ee189f: start LeaderElection
2019-10-16 21:01:54,429 [4b287a15-77af-487b-aef7-34d1d0ee189f@group-83C26644CFDA-LeaderElection273] INFO  impl.LeaderElection (LeaderElection.java:askForVotes(178)) - 4b287a15-77af-487b-aef7-34d1d0ee189f@group-83C26644CFDA-LeaderElection273: begin an election at term 282 for -1: [4b287a15-77af-487b-aef7-34d1d0ee189f:192.168.34.38:38597, 0aa3649f-570d-46c6-937f-492d7f3a8364:192.168.34.38:33209, 4a03179f-3169-4ac7-a075-259968512ef0:192.168.34.38:45833], old=null
2019-10-16 21:01:54,431 [grpc-default-executor-2] INFO  impl.RaftServerImpl (RaftServerImpl.java:setRole(184)) - 0aa3649f-570d-46c6-937f-492d7f3a8364@group-83C26644CFDA: changes role from  FOLLOWER to FOLLOWER at term 282 for recognizeCandidate:4b287a15-77af-487b-aef7-34d1d0ee189f
2019-10-16 21:01:54,431 [grpc-default-executor-2] INFO  impl.RoleInfo (RoleInfo.java:shutdownFollowerState(121)) - 0aa3649f-570d-46c6-937f-492d7f3a8364: shutdown FollowerState
2019-10-16 21:01:54,431 [grpc-default-executor-1] INFO  impl.RaftServerImpl (RaftServerImpl.java:setRole(184)) - 4a03179f-3169-4ac7-a075-259968512ef0@group-83C26644CFDA: changes role from  FOLLOWER to FOLLOWER at term 282 for recognizeCandidate:4b287a15-77af-487b-aef7-34d1d0ee189f
2019-10-16 21:01:54,431 [Thread-1990] INFO  impl.FollowerState (FollowerState.java:run(117)) - 0aa3649f-570d-46c6-937f-492d7f3a8364@group-83C26644CFDA-FollowerState was interrupted: java.lang.InterruptedException: sleep interrupted
2019-10-16 21:01:54,431 [grpc-default-executor-2] INFO  impl.RoleInfo (RoleInfo.java:updateAndGet(143)) - 0aa3649f-570d-46c6-937f-492d7f3a8364: start FollowerState
2019-10-16 21:01:54,431 [grpc-default-executor-1] INFO  impl.RoleInfo (RoleInfo.java:shutdownFollowerState(121)) - 4a03179f-3169-4ac7-a075-259968512ef0: shutdown FollowerState
2019-10-16 21:01:54,431 [grpc-default-executor-1] INFO  impl.RoleInfo (RoleInfo.java:updateAndGet(143)) - 4a03179f-3169-4ac7-a075-259968512ef0: start FollowerState
2019-10-16 21:01:54,431 [Thread-1989] INFO  impl.FollowerState (FollowerState.java:run(117)) - 4a03179f-3169-4ac7-a075-259968512ef0@group-83C26644CFDA-FollowerState was interrupted: java.lang.InterruptedException: sleep interrupted
2019-10-16 21:01:54,455 [4b287a15-77af-487b-aef7-34d1d0ee189f@group-83C26644CFDA-LeaderElection273] INFO  impl.LeaderElection (LeaderElection.java:logAndReturn(56)) - 4b287a15-77af-487b-aef7-34d1d0ee189f@group-83C26644CFDA-LeaderElection273: Election REJECTED; received 2 response(s) [4b287a15-77af-487b-aef7-34d1d0ee189f<-0aa3649f-570d-46c6-937f-492d7f3a8364#0:FAIL-t282, 4b287a15-77af-487b-aef7-34d1d0ee189f<-4a03179f-3169-4ac7-a075-259968512ef0#0:FAIL-t282] and 0 exception(s); 4b287a15-77af-487b-aef7-34d1d0ee189f@group-83C26644CFDA:t282, leader=null, voted=4b287a15-77af-487b-aef7-34d1d0ee189f, raftlog=4b287a15-77af-487b-aef7-34d1d0ee189f@group-83C26644CFDA-SegmentedRaftLog:OPENED:c-1,f-1,i0, conf=-1: [4b287a15-77af-487b-aef7-34d1d0ee189f:192.168.34.38:38597, 0aa3649f-570d-46c6-937f-492d7f3a8364:192.168.34.38:33209, 4a03179f-3169-4ac7-a075-259968512ef0:192.168.34.38:45833], old=null
2019-10-16 21:01:54,455 [4b287a15-77af-487b-aef7-34d1d0ee189f@group-83C26644CFDA-LeaderElection273] INFO  impl.RaftServerImpl (RaftServerImpl.java:setRole(184)) - 4b287a15-77af-487b-aef7-34d1d0ee189f@group-83C26644CFDA: changes role from CANDIDATE to FOLLOWER at term 282 for DISCOVERED_A_NEW_TERM
2019-10-16 21:01:54,455 [4b287a15-77af-487b-aef7-34d1d0ee189f@group-83C26644CFDA-LeaderElection273] INFO  impl.RoleInfo (RoleInfo.java:shutdownLeaderElection(134)) - 4b287a15-77af-487b-aef7-34d1d0ee189f: shutdown LeaderElection
2019-10-16 21:01:54,455 [4b287a15-77af-487b-aef7-34d1d0ee189f@group-83C26644CFDA-LeaderElection273] INFO  impl.RoleInfo (RoleInfo.java:updateAndGet(143)) - 4b287a15-77af-487b-aef7-34d1d0ee189f: start FollowerState
2019-10-16 21:01:54,629 [Thread-1997] INFO  impl.FollowerState (FollowerState.java:run(108)) - 4b287a15-77af-487b-aef7-34d1d0ee189f@group-83C26644CFDA-FollowerState: change to CANDIDATE, lastRpcTime:173ms, electionTimeout:173ms
2019-10-16 21:01:54,629 [Thread-1997] INFO  impl.RoleInfo (RoleInfo.java:shutdownFollowerState(121)) - 4b287a15-77af-487b-aef7-34d1d0ee189f: shutdown FollowerState
2019-10-16 21:01:54,629 [Thread-1997] INFO  impl.RaftServerImpl (RaftServerImpl.java:setRole(184)) - 4b287a15-77af-487b-aef7-34d1d0ee189f@group-83C26644CFDA: changes role from  FOLLOWER to CANDIDATE at term 282 for changeToCandidate
2019-10-16 21:01:54,629 [Thread-1997] INFO  impl.RoleInfo (RoleInfo.java:updateAndGet(143)) - 4b287a15-77af-487b-aef7-34d1d0ee189f: start LeaderElection
2019-10-16 21:01:54,657 [4b287a15-77af-487b-aef7-34d1d0ee189f@group-83C26644CFDA-LeaderElection274] INFO  impl.LeaderElection (LeaderElection.java:askForVotes(178)) - 4b287a15-77af-487b-aef7-34d1d0ee189f@group-83C26644CFDA-LeaderElection274: begin an election at term 283 for -1: [4b287a15-77af-487b-aef7-34d1d0ee189f:192.168.34.38:38597, 0aa3649f-570d-46c6-937f-492d7f3a8364:192.168.34.38:33209, 4a03179f-3169-4ac7-a075-259968512ef0:192.168.34.38:45833], old=null
2019-10-16 21:01:54,659 [grpc-default-executor-1] INFO  impl.RaftServerImpl (RaftServerImpl.java:setRole(184)) - 4a03179f-3169-4ac7-a075-259968512ef0@group-83C26644CFDA: changes role from  FOLLOWER to FOLLOWER at term 283 for recognizeCandidate:4b287a15-77af-487b-aef7-34d1d0ee189f
2019-10-16 21:01:54,659 [grpc-default-executor-2] INFO  impl.RaftServerImpl (RaftServerImpl.java:setRole(184)) - 0aa3649f-570d-46c6-937f-492d7f3a8364@group-83C26644CFDA: changes role from  FOLLOWER to FOLLOWER at term 283 for recognizeCandidate:4b287a15-77af-487b-aef7-34d1d0ee189f
2019-10-16 21:01:54,659 [grpc-default-executor-1] INFO  impl.RoleInfo (RoleInfo.java:shutdownFollowerState(121)) - 4a03179f-3169-4ac7-a075-259968512ef0: shutdown FollowerState
2019-10-16 21:01:54,660 [grpc-default-executor-2] INFO  impl.RoleInfo (RoleInfo.java:shutdownFollowerState(121)) - 0aa3649f-570d-46c6-937f-492d7f3a8364: shutdown FollowerState
2019-10-16 21:01:54,660 [Thread-1996] INFO  impl.FollowerState (FollowerState.java:run(117)) - 4a03179f-3169-4ac7-a075-259968512ef0@group-83C26644CFDA-FollowerState was interrupted: java.lang.InterruptedException: sleep interrupted
2019-10-16 21:01:54,660 [grpc-default-executor-1] INFO  impl.RoleInfo (RoleInfo.java:updateAndGet(143)) - 4a03179f-3169-4ac7-a075-259968512ef0: start FollowerState
2019-10-16 21:01:54,660 [grpc-default-executor-2] INFO  impl.RoleInfo (RoleInfo.java:updateAndGet(143)) - 0aa3649f-570d-46c6-937f-492d7f3a8364: start FollowerState
2019-10-16 21:01:54,660 [Thread-1995] INFO  impl.FollowerState (FollowerState.java:run(117)) - 0aa3649f-570d-46c6-937f-492d7f3a8364@group-83C26644CFDA-FollowerState was interrupted: java.lang.InterruptedException: sleep interrupted
2019-10-16 21:01:54,675 [4b287a15-77af-487b-aef7-34d1d0ee189f@group-83C26644CFDA-LeaderElection274] INFO  impl.LeaderElection (LeaderElection.java:logAndReturn(56)) - 4b287a15-77af-487b-aef7-34d1d0ee189f@group-83C26644CFDA-LeaderElection274: Election REJECTED; received 2 response(s) [4b287a15-77af-487b-aef7-34d1d0ee189f<-0aa3649f-570d-46c6-937f-492d7f3a8364#0:FAIL-t283, 4b287a15-77af-487b-aef7-34d1d0ee189f<-4a03179f-3169-4ac7-a075-259968512ef0#0:FAIL-t283] and 0 exception(s); 4b287a15-77af-487b-aef7-34d1d0ee189f@group-83C26644CFDA:t283, leader=null, voted=4b287a15-77af-487b-aef7-34d1d0ee189f, raftlog=4b287a15-77af-487b-aef7-34d1d0ee189f@group-83C26644CFDA-SegmentedRaftLog:OPENED:c-1,f-1,i0, conf=-1: [4b287a15-77af-487b-aef7-34d1d0ee189f:192.168.34.38:38597, 0aa3649f-570d-46c6-937f-492d7f3a8364:192.168.34.38:33209, 4a03179f-3169-4ac7-a075-259968512ef0:192.168.34.38:45833], old=null
2019-10-16 21:01:54,675 [4b287a15-77af-487b-aef7-34d1d0ee189f@group-83C26644CFDA-LeaderElection274] INFO  impl.RaftServerImpl (RaftServerImpl.java:setRole(184)) - 4b287a15-77af-487b-aef7-34d1d0ee189f@group-83C26644CFDA: changes role from CANDIDATE to FOLLOWER at term 283 for DISCOVERED_A_NEW_TERM
2019-10-16 21:01:54,675 [4b287a15-77af-487b-aef7-34d1d0ee189f@group-83C26644CFDA-LeaderElection274] INFO  impl.RoleInfo (RoleInfo.java:shutdownLeaderElection(134)) - 4b287a15-77af-487b-aef7-34d1d0ee189f: shutdown LeaderElection
2019-10-16 21:01:54,675 [4b287a15-77af-487b-aef7-34d1d0ee189f@group-83C26644CFDA-LeaderElection274] INFO  impl.RoleInfo (RoleInfo.java:updateAndGet(143)) - 4b287a15-77af-487b-aef7-34d1d0ee189f: start FollowerState
2019-10-16 21:01:54,678 [Thread-2003] INFO  impl.FollowerState (FollowerState.java:run(108)) - 4b287a15-77af-487b-aef7-34d1d0ee189f@group-83C26644CFDA-FollowerState: change to CANDIDATE, lastRpcTime:3ms, electionTimeout:3ms
2019-10-16 21:01:54,678 [Thread-2003] INFO  impl.RoleInfo (RoleInfo.java:shutdownFollowerState(121)) - 4b287a15-77af-487b-aef7-34d1d0ee189f: shutdown FollowerState
2019-10-16 21:01:54,678 [Thread-2003] INFO  impl.RaftServerImpl (RaftServerImpl.java:setRole(184)) - 4b287a15-77af-487b-aef7-34d1d0ee189f@group-83C26644CFDA: changes role from  FOLLOWER to CANDIDATE at term 283 for changeToCandidate
2019-10-16 21:01:54,679 [Thread-2003] INFO  impl.RoleInfo (RoleInfo.java:updateAndGet(143)) - 4b287a15-77af-487b-aef7-34d1d0ee189f: start LeaderElection
2019-10-16 21:01:54,689 [4b287a15-77af-487b-aef7-34d1d0ee189f@group-83C26644CFDA-LeaderElection275] INFO  impl.LeaderElection (LeaderElection.java:askForVotes(178)) - 4b287a15-77af-487b-aef7-34d1d0ee189f@group-83C26644CFDA-LeaderElection275: begin an election at term 284 for -1: [4b287a15-77af-487b-aef7-34d1d0ee189f:192.168.34.38:38597, 0aa3649f-570d-46c6-937f-492d7f3a8364:192.168.34.38:33209, 4a03179f-3169-4ac7-a075-259968512ef0:192.168.34.38:45833], old=null
2019-10-16 21:01:54,690 [grpc-default-executor-2] INFO  impl.RaftServerImpl (RaftServerImpl.java:setRole(184)) - 0aa3649f-570d-46c6-937f-492d7f3a8364@group-83C26644CFDA: changes role from  FOLLOWER to FOLLOWER at term 284 for recognizeCandidate:4b287a15-77af-487b-aef7-34d1d0ee189f
2019-10-16 21:01:54,690 [grpc-default-executor-1] INFO  impl.RaftServerImpl (RaftServerImpl.java:setRole(184)) - 4a03179f-3169-4ac7-a075-259968512ef0@group-83C26644CFDA: changes role from  FOLLOWER to FOLLOWER at term 284 for recognizeCandidate:4b287a15-77af-487b-aef7-34d1d0ee189f
2019-10-16 21:01:54,691 [grpc-default-executor-2] INFO  impl.RoleInfo (RoleInfo.java:shutdownFollowerState(121)) - 0aa3649f-570d-46c6-937f-492d7f3a8364: shutdown FollowerState
2019-10-16 21:01:54,691 [grpc-default-executor-1] INFO  impl.RoleInfo (RoleInfo.java:shutdownFollowerState(121)) - 4a03179f-3169-4ac7-a075-259968512ef0: shutdown FollowerState
2019-10-16 21:01:54,691 [Thread-2002] INFO  impl.FollowerState (FollowerState.java:run(117)) - 0aa3649f-570d-46c6-937f-492d7f3a8364@group-83C26644CFDA-FollowerState was interrupted: java.lang.InterruptedException: sleep interrupted
2019-10-16 21:01:54,691 [grpc-default-executor-1] INFO  impl.RoleInfo (RoleInfo.java:updateAndGet(143)) - 4a03179f-3169-4ac7-a075-259968512ef0: start FollowerState
2019-10-16 21:01:54,691 [grpc-default-executor-2] INFO  impl.RoleInfo (RoleInfo.java:updateAndGet(143)) - 0aa3649f-570d-46c6-937f-492d7f3a8364: start FollowerState
2019-10-16 21:01:54,691 [Thread-2001] INFO  impl.FollowerState (FollowerState.java:run(117)) - 4a03179f-3169-4ac7-a075-259968512ef0@group-83C26644CFDA-FollowerState was interrupted: java.lang.InterruptedException: sleep interrupted
2019-10-16 21:01:54,717 [4b287a15-77af-487b-aef7-34d1d0ee189f@group-83C26644CFDA-LeaderElection275] INFO  impl.LeaderElection (LeaderElection.java:logAndReturn(56)) - 4b287a15-77af-487b-aef7-34d1d0ee189f@group-83C26644CFDA-LeaderElection275: Election REJECTED; received 2 response(s) [4b287a15-77af-487b-aef7-34d1d0ee189f<-0aa3649f-570d-46c6-937f-492d7f3a8364#0:FAIL-t284, 4b287a15-77af-487b-aef7-34d1d0ee189f<-4a03179f-3169-4ac7-a075-259968512ef0#0:FAIL-t284] and 0 exception(s); 4b287a15-77af-487b-aef7-34d1d0ee189f@group-83C26644CFDA:t284, leader=null, voted=4b287a15-77af-487b-aef7-34d1d0ee189f, raftlog=4b287a15-77af-487b-aef7-34d1d0ee189f@group-83C26644CFDA-SegmentedRaftLog:OPENED:c-1,f-1,i0, conf=-1: [4b287a15-77af-487b-aef7-34d1d0ee189f:192.168.34.38:38597, 0aa3649f-570d-46c6-937f-492d7f3a8364:192.168.34.38:33209, 4a03179f-3169-4ac7-a075-259968512ef0:192.168.34.38:45833], old=null
2019-10-16 21:01:54,717 [4b287a15-77af-487b-aef7-34d1d0ee189f@group-83C26644CFDA-LeaderElection275] INFO  impl.RaftServerImpl (RaftServerImpl.java:setRole(184)) - 4b287a15-77af-487b-aef7-34d1d0ee189f@group-83C26644CFDA: changes role from CANDIDATE to FOLLOWER at term 284 for DISCOVERED_A_NEW_TERM
2019-10-16 21:01:54,717 [4b287a15-77af-487b-aef7-34d1d0ee189f@group-83C26644CFDA-LeaderElection275] INFO  impl.RoleInfo (RoleInfo.java:shutdownLeaderElection(134)) - 4b287a15-77af-487b-aef7-34d1d0ee189f: shutdown LeaderElection
2019-10-16 21:01:54,717 [4b287a15-77af-487b-aef7-34d1d0ee189f@group-83C26644CFDA-LeaderElection275] INFO  impl.RoleInfo (RoleInfo.java:updateAndGet(143)) - 4b287a15-77af-487b-aef7-34d1d0ee189f: start FollowerState
2019-10-16 21:01:54,763 [Thread-2009] INFO  impl.FollowerState (FollowerState.java:run(108)) - 4b287a15-77af-487b-aef7-34d1d0ee189f@group-83C26644CFDA-FollowerState: change to CANDIDATE, lastRpcTime:46ms, electionTimeout:46ms
2019-10-16 21:01:54,764 [Thread-2009] INFO  impl.RoleInfo (RoleInfo.java:shutdownFollowerState(121)) - 4b287a15-77af-487b-aef7-34d1d0ee189f: shutdown FollowerState
2019-10-16 21:01:54,764 [Thread-2009] INFO  impl.RaftServerImpl (RaftServerImpl.java:setRole(184)) - 4b287a15-77af-487b-aef7-34d1d0ee189f@group-83C26644CFDA: changes role from  FOLLOWER to CANDIDATE at term 284 for changeToCandidate
2019-10-16 21:01:54,764 [Thread-2009] INFO  impl.RoleInfo (RoleInfo.java:updateAndGet(143)) - 4b287a15-77af-487b-aef7-34d1d0ee189f: start LeaderElection
2019-10-16 21:01:54,774 [4b287a15-77af-487b-aef7-34d1d0ee189f@group-83C26644CFDA-LeaderElection276] INFO  impl.LeaderElection (LeaderElection.java:askForVotes(178)) - 4b287a15-77af-487b-aef7-34d1d0ee189f@group-83C26644CFDA-LeaderElection276: begin an election at term 285 for -1: [4b287a15-77af-487b-aef7-34d1d0ee189f:192.168.34.38:38597, 0aa3649f-570d-46c6-937f-492d7f3a8364:192.168.34.38:33209, 4a03179f-3169-4ac7-a075-259968512ef0:192.168.34.38:45833], old=null
2019-10-16 21:01:54,776 [grpc-default-executor-2] INFO  impl.RaftServerImpl (RaftServerImpl.java:setRole(184)) - 0aa3649f-570d-46c6-937f-492d7f3a8364@group-83C26644CFDA: changes role from  FOLLOWER to FOLLOWER at term 285 for recognizeCandidate:4b287a15-77af-487b-aef7-34d1d0ee189f
2019-10-16 21:01:54,776 [grpc-default-executor-1] INFO  impl.RaftServerImpl (RaftServerImpl.java:setRole(184)) - 4a03179f-3169-4ac7-a075-259968512ef0@group-83C26644CFDA: changes role from  FOLLOWER to FOLLOWER at term 285 for recognizeCandidate:4b287a15-77af-487b-aef7-34d1d0ee189f
2019-10-16 21:01:54,776 [grpc-default-executor-2] INFO  impl.RoleInfo (RoleInfo.java:shutdownFollowerState(121)) - 0aa3649f-570d-46c6-937f-492d7f3a8364: shutdown FollowerState
2019-10-16 21:01:54,777 [grpc-default-executor-1] INFO  impl.RoleInfo (RoleInfo.java:shutdownFollowerState(121)) - 4a03179f-3169-4ac7-a075-259968512ef0: shutdown FollowerState
2019-10-16 21:01:54,777 [Thread-2007] INFO  impl.FollowerState (FollowerState.java:run(117)) - 0aa3649f-570d-46c6-937f-492d7f3a8364@group-83C26644CFDA-FollowerState was interrupted: java.lang.InterruptedException: sleep interrupted
2019-10-16 21:01:54,777 [grpc-default-executor-2] INFO  impl.RoleInfo (RoleInfo.java:updateAndGet(143)) - 0aa3649f-570d-46c6-937f-492d7f3a8364: start FollowerState
2019-10-16 21:01:54,777 [Thread-2008] INFO  impl.FollowerState (FollowerState.java:run(117)) - 4a03179f-3169-4ac7-a075-259968512ef0@group-83C26644CFDA-FollowerState was interrupted: java.lang.InterruptedException: sleep interrupted
2019-10-16 21:01:54,777 [grpc-default-executor-1] INFO  impl.RoleInfo (RoleInfo.java:updateAndGet(143)) - 4a03179f-3169-4ac7-a075-259968512ef0: start FollowerState
2019-10-16 21:01:54,787 [4b287a15-77af-487b-aef7-34d1d0ee189f@group-83C26644CFDA-LeaderElection276] INFO  impl.LeaderElection (LeaderElection.java:logAndReturn(56)) - 4b287a15-77af-487b-aef7-34d1d0ee189f@group-83C26644CFDA-LeaderElection276: Election REJECTED; received 2 response(s) [4b287a15-77af-487b-aef7-34d1d0ee189f<-0aa3649f-570d-46c6-937f-492d7f3a8364#0:FAIL-t285, 4b287a15-77af-487b-aef7-34d1d0ee189f<-4a03179f-3169-4ac7-a075-259968512ef0#0:FAIL-t285] and 0 exception(s); 4b287a15-77af-487b-aef7-34d1d0ee189f@group-83C26644CFDA:t285, leader=null, voted=4b287a15-77af-487b-aef7-34d1d0ee189f, raftlog=4b287a15-77af-487b-aef7-34d1d0ee189f@group-83C26644CFDA-SegmentedRaftLog:OPENED:c-1,f-1,i0, conf=-1: [4b287a15-77af-487b-aef7-34d1d0ee189f:192.168.34.38:38597, 0aa3649f-570d-46c6-937f-492d7f3a8364:192.168.34.38:33209, 4a03179f-3169-4ac7-a075-259968512ef0:192.168.34.38:45833], old=null
2019-10-16 21:01:54,787 [4b287a15-77af-487b-aef7-34d1d0ee189f@group-83C26644CFDA-LeaderElection276] INFO  impl.RaftServerImpl (RaftServerImpl.java:setRole(184)) - 4b287a15-77af-487b-aef7-34d1d0ee189f@group-83C26644CFDA: changes role from CANDIDATE to FOLLOWER at term 285 for DISCOVERED_A_NEW_TERM
2019-10-16 21:01:54,787 [4b287a15-77af-487b-aef7-34d1d0ee189f@group-83C26644CFDA-LeaderElection276] INFO  impl.RoleInfo (RoleInfo.java:shutdownLeaderElection(134)) - 4b287a15-77af-487b-aef7-34d1d0ee189f: shutdown LeaderElection
2019-10-16 21:01:54,787 [4b287a15-77af-487b-aef7-34d1d0ee189f@group-83C26644CFDA-LeaderElection276] INFO  impl.RoleInfo (RoleInfo.java:updateAndGet(143)) - 4b287a15-77af-487b-aef7-34d1d0ee189f: start FollowerState
2019-10-16 21:01:54,939 [Thread-2015] INFO  impl.FollowerState (FollowerState.java:run(108)) - 4b287a15-77af-487b-aef7-34d1d0ee189f@group-83C26644CFDA-FollowerState: change to CANDIDATE, lastRpcTime:152ms, electionTimeout:152ms
2019-10-16 21:01:54,939 [Thread-2015] INFO  impl.RoleInfo (RoleInfo.java:shutdownFollowerState(121)) - 4b287a15-77af-487b-aef7-34d1d0ee189f: shutdown FollowerState
2019-10-16 21:01:54,940 [Thread-2015] INFO  impl.RaftServerImpl (RaftServerImpl.java:setRole(184)) - 4b287a15-77af-487b-aef7-34d1d0ee189f@group-83C26644CFDA: changes role from  FOLLOWER to CANDIDATE at term 285 for changeToCandidate
2019-10-16 21:01:54,940 [Thread-2015] INFO  impl.RoleInfo (RoleInfo.java:updateAndGet(143)) - 4b287a15-77af-487b-aef7-34d1d0ee189f: start LeaderElection
2019-10-16 21:01:54,953 [4b287a15-77af-487b-aef7-34d1d0ee189f@group-83C26644CFDA-LeaderElection277] INFO  impl.LeaderElection (LeaderElection.java:askForVotes(178)) - 4b287a15-77af-487b-aef7-34d1d0ee189f@group-83C26644CFDA-LeaderElection277: begin an election at term 286 for -1: [4b287a15-77af-487b-aef7-34d1d0ee189f:192.168.34.38:38597, 0aa3649f-570d-46c6-937f-492d7f3a8364:192.168.34.38:33209, 4a03179f-3169-4ac7-a075-259968512ef0:192.168.34.38:45833], old=null
2019-10-16 21:01:54,956 [grpc-default-executor-1] INFO  impl.RaftServerImpl (RaftServerImpl.java:setRole(184)) - 0aa3649f-570d-46c6-937f-492d7f3a8364@group-83C26644CFDA: changes role from  FOLLOWER to FOLLOWER at term 286 for recognizeCandidate:4b287a15-77af-487b-aef7-34d1d0ee189f
2019-10-16 21:01:54,956 [grpc-default-executor-2] INFO  impl.RaftServerImpl (RaftServerImpl.java:setRole(184)) - 4a03179f-3169-4ac7-a075-259968512ef0@group-83C26644CFDA: changes role from  FOLLOWER to FOLLOWER at term 286 for recognizeCandidate:4b287a15-77af-487b-aef7-34d1d0ee189f
2019-10-16 21:01:54,956 [grpc-default-executor-2] INFO  impl.RoleInfo (RoleInfo.java:shutdownFollowerState(121)) - 4a03179f-3169-4ac7-a075-259968512ef0: shutdown FollowerState
2019-10-16 21:01:54,956 [grpc-default-executor-1] INFO  impl.RoleInfo (RoleInfo.java:shutdownFollowerState(121)) - 0aa3649f-570d-46c6-937f-492d7f3a8364: shutdown FollowerState
2019-10-16 21:01:54,956 [Thread-2014] INFO  impl.FollowerState (FollowerState.java:run(117)) - 4a03179f-3169-4ac7-a075-259968512ef0@group-83C26644CFDA-FollowerState was interrupted: java.lang.InterruptedException: sleep interrupted
2019-10-16 21:01:54,956 [grpc-default-executor-2] INFO  impl.RoleInfo (RoleInfo.java:updateAndGet(143)) - 4a03179f-3169-4ac7-a075-259968512ef0: start FollowerState
2019-10-16 21:01:54,956 [grpc-default-executor-1] INFO  impl.RoleInfo (RoleInfo.java:updateAndGet(143)) - 0aa3649f-570d-46c6-937f-492d7f3a8364: start FollowerState
2019-10-16 21:01:54,956 [Thread-2013] INFO  impl.FollowerState (FollowerState.java:run(117)) - 0aa3649f-570d-46c6-937f-492d7f3a8364@group-83C26644CFDA-FollowerState was interrupted: java.lang.InterruptedException: sleep interrupted
2019-10-16 21:01:54,980 [4b287a15-77af-487b-aef7-34d1d0ee189f@group-83C26644CFDA-LeaderElection277] INFO  impl.LeaderElection (LeaderElection.java:logAndReturn(56)) - 4b287a15-77af-487b-aef7-34d1d0ee189f@group-83C26644CFDA-LeaderElection277: Election REJECTED; received 2 response(s) [4b287a15-77af-487b-aef7-34d1d0ee189f<-0aa3649f-570d-46c6-937f-492d7f3a8364#0:FAIL-t286, 4b287a15-77af-487b-aef7-34d1d0ee189f<-4a03179f-3169-4ac7-a075-259968512ef0#0:FAIL-t286] and 0 exception(s); 4b287a15-77af-487b-aef7-34d1d0ee189f@group-83C26644CFDA:t286, leader=null, voted=4b287a15-77af-487b-aef7-34d1d0ee189f, raftlog=4b287a15-77af-487b-aef7-34d1d0ee189f@group-83C26644CFDA-SegmentedRaftLog:OPENED:c-1,f-1,i0, conf=-1: [4b287a15-77af-487b-aef7-34d1d0ee189f:192.168.34.38:38597, 0aa3649f-570d-46c6-937f-492d7f3a8364:192.168.34.38:33209, 4a03179f-3169-4ac7-a075-259968512ef0:192.168.34.38:45833], old=null
2019-10-16 21:01:54,980 [4b287a15-77af-487b-aef7-34d1d0ee189f@group-83C26644CFDA-LeaderElection277] INFO  impl.RaftServerImpl (RaftServerImpl.java:setRole(184)) - 4b287a15-77af-487b-aef7-34d1d0ee189f@group-83C26644CFDA: changes role from CANDIDATE to FOLLOWER at term 286 for DISCOVERED_A_NEW_TERM
2019-10-16 21:01:54,980 [4b287a15-77af-487b-aef7-34d1d0ee189f@group-83C26644CFDA-LeaderElection277] INFO  impl.RoleInfo (RoleInfo.java:shutdownLeaderElection(134)) - 4b287a15-77af-487b-aef7-34d1d0ee189f: shutdown LeaderElection
2019-10-16 21:01:54,980 [4b287a15-77af-487b-aef7-34d1d0ee189f@group-83C26644CFDA-LeaderElection277] INFO  impl.RoleInfo (RoleInfo.java:updateAndGet(143)) - 4b287a15-77af-487b-aef7-34d1d0ee189f: start FollowerState
2019-10-16 21:01:55,119 [Thread-2021] INFO  impl.FollowerState (FollowerState.java:run(108)) - 4b287a15-77af-487b-aef7-34d1d0ee189f@group-83C26644CFDA-FollowerState: change to CANDIDATE, lastRpcTime:139ms, electionTimeout:139ms
2019-10-16 21:01:55,120 [Thread-2021] INFO  impl.RoleInfo (RoleInfo.java:shutdownFollowerState(121)) - 4b287a15-77af-487b-aef7-34d1d0ee189f: shutdown FollowerState
2019-10-16 21:01:55,120 [Thread-2021] INFO  impl.RaftServerImpl (RaftServerImpl.java:setRole(184)) - 4b287a15-77af-487b-aef7-34d1d0ee189f@group-83C26644CFDA: changes role from  FOLLOWER to CANDIDATE at term 286 for changeToCandidate
2019-10-16 21:01:55,120 [Thread-2021] INFO  impl.RoleInfo (RoleInfo.java:updateAndGet(143)) - 4b287a15-77af-487b-aef7-34d1d0ee189f: start LeaderElection
2019-10-16 21:01:55,134 [4b287a15-77af-487b-aef7-34d1d0ee189f@group-83C26644CFDA-LeaderElection278] INFO  impl.LeaderElection (LeaderElection.java:askForVotes(178)) - 4b287a15-77af-487b-aef7-34d1d0ee189f@group-83C26644CFDA-LeaderElection278: begin an election at term 287 for -1: [4b287a15-77af-487b-aef7-34d1d0ee189f:192.168.34.38:38597, 0aa3649f-570d-46c6-937f-492d7f3a8364:192.168.34.38:33209, 4a03179f-3169-4ac7-a075-259968512ef0:192.168.34.38:45833], old=null
2019-10-16 21:01:55,137 [grpc-default-executor-2] INFO  impl.RaftServerImpl (RaftServerImpl.java:setRole(184)) - 0aa3649f-570d-46c6-937f-492d7f3a8364@group-83C26644CFDA: changes role from  FOLLOWER to FOLLOWER at term 287 for recognizeCandidate:4b287a15-77af-487b-aef7-34d1d0ee189f
2019-10-16 21:01:55,137 [grpc-default-executor-1] INFO  impl.RaftServerImpl (RaftServerImpl.java:setRole(184)) - 4a03179f-3169-4ac7-a075-259968512ef0@group-83C26644CFDA: changes role from  FOLLOWER to FOLLOWER at term 287 for recognizeCandidate:4b287a15-77af-487b-aef7-34d1d0ee189f
2019-10-16 21:01:55,137 [grpc-default-executor-2] INFO  impl.RoleInfo (RoleInfo.java:shutdownFollowerState(121)) - 0aa3649f-570d-46c6-937f-492d7f3a8364: shutdown FollowerState
2019-10-16 21:01:55,137 [grpc-default-executor-1] INFO  impl.RoleInfo (RoleInfo.java:shutdownFollowerState(121)) - 4a03179f-3169-4ac7-a075-259968512ef0: shutdown FollowerState
2019-10-16 21:01:55,137 [Thread-2020] INFO  impl.FollowerState (FollowerState.java:run(117)) - 0aa3649f-570d-46c6-937f-492d7f3a8364@group-83C26644CFDA-FollowerState was interrupted: java.lang.InterruptedException: sleep interrupted
2019-10-16 21:01:55,137 [grpc-default-executor-2] INFO  impl.RoleInfo (RoleInfo.java:updateAndGet(143)) - 0aa3649f-570d-46c6-937f-492d7f3a8364: start FollowerState
2019-10-16 21:01:55,137 [Thread-2019] INFO  impl.FollowerState (FollowerState.java:run(117)) - 4a03179f-3169-4ac7-a075-259968512ef0@group-83C26644CFDA-FollowerState was interrupted: java.lang.InterruptedException: sleep interrupted
2019-10-16 21:01:55,137 [grpc-default-executor-1] INFO  impl.RoleInfo (RoleInfo.java:updateAndGet(143)) - 4a03179f-3169-4ac7-a075-259968512ef0: start FollowerState
2019-10-16 21:01:55,157 [4b287a15-77af-487b-aef7-34d1d0ee189f@group-83C26644CFDA-LeaderElection278] INFO  impl.LeaderElection (LeaderElection.java:logAndReturn(56)) - 4b287a15-77af-487b-aef7-34d1d0ee189f@group-83C26644CFDA-LeaderElection278: Election REJECTED; received 2 response(s) [4b287a15-77af-487b-aef7-34d1d0ee189f<-0aa3649f-570d-46c6-937f-492d7f3a8364#0:FAIL-t287, 4b287a15-77af-487b-aef7-34d1d0ee189f<-4a03179f-3169-4ac7-a075-259968512ef0#0:FAIL-t287] and 0 exception(s); 4b287a15-77af-487b-aef7-34d1d0ee189f@group-83C26644CFDA:t287, leader=null, voted=4b287a15-77af-487b-aef7-34d1d0ee189f, raftlog=4b287a15-77af-487b-aef7-34d1d0ee189f@group-83C26644CFDA-SegmentedRaftLog:OPENED:c-1,f-1,i0, conf=-1: [4b287a15-77af-487b-aef7-34d1d0ee189f:192.168.34.38:38597, 0aa3649f-570d-46c6-937f-492d7f3a8364:192.168.34.38:33209, 4a03179f-3169-4ac7-a075-259968512ef0:192.168.34.38:45833], old=null
2019-10-16 21:01:55,158 [4b287a15-77af-487b-aef7-34d1d0ee189f@group-83C26644CFDA-LeaderElection278] INFO  impl.RaftServerImpl (RaftServerImpl.java:setRole(184)) - 4b287a15-77af-487b-aef7-34d1d0ee189f@group-83C26644CFDA: changes role from CANDIDATE to FOLLOWER at term 287 for DISCOVERED_A_NEW_TERM
2019-10-16 21:01:55,158 [4b287a15-77af-487b-aef7-34d1d0ee189f@group-83C26644CFDA-LeaderElection278] INFO  impl.RoleInfo (RoleInfo.java:shutdownLeaderElection(134)) - 4b287a15-77af-487b-aef7-34d1d0ee189f: shutdown LeaderElection
2019-10-16 21:01:55,158 [4b287a15-77af-487b-aef7-34d1d0ee189f@group-83C26644CFDA-LeaderElection278] INFO  impl.RoleInfo (RoleInfo.java:updateAndGet(143)) - 4b287a15-77af-487b-aef7-34d1d0ee189f: start FollowerState
2019-10-16 21:01:55,193 [Thread-2027] INFO  impl.FollowerState (FollowerState.java:run(108)) - 4b287a15-77af-487b-aef7-34d1d0ee189f@group-83C26644CFDA-FollowerState: change to CANDIDATE, lastRpcTime:35ms, electionTimeout:35ms
2019-10-16 21:01:55,193 [Thread-2027] INFO  impl.RoleInfo (RoleInfo.java:shutdownFollowerState(121)) - 4b287a15-77af-487b-aef7-34d1d0ee189f: shutdown FollowerState
2019-10-16 21:01:55,193 [Thread-2027] INFO  impl.RaftServerImpl (RaftServerImpl.java:setRole(184)) - 4b287a15-77af-487b-aef7-34d1d0ee189f@group-83C26644CFDA: changes role from  FOLLOWER to CANDIDATE at term 287 for changeToCandidate
2019-10-16 21:01:55,194 [Thread-2027] INFO  impl.RoleInfo (RoleInfo.java:updateAndGet(143)) - 4b287a15-77af-487b-aef7-34d1d0ee189f: start LeaderElection
2019-10-16 21:01:55,209 [4b287a15-77af-487b-aef7-34d1d0ee189f@group-83C26644CFDA-LeaderElection279] INFO  impl.LeaderElection (LeaderElection.java:askForVotes(178)) - 4b287a15-77af-487b-aef7-34d1d0ee189f@group-83C26644CFDA-LeaderElection279: begin an election at term 288 for -1: [4b287a15-77af-487b-aef7-34d1d0ee189f:192.168.34.38:38597, 0aa3649f-570d-46c6-937f-492d7f3a8364:192.168.34.38:33209, 4a03179f-3169-4ac7-a075-259968512ef0:192.168.34.38:45833], old=null
2019-10-16 21:01:55,211 [grpc-default-executor-1] INFO  impl.RaftServerImpl (RaftServerImpl.java:setRole(184)) - 4a03179f-3169-4ac7-a075-259968512ef0@group-83C26644CFDA: changes role from  FOLLOWER to FOLLOWER at term 288 for recognizeCandidate:4b287a15-77af-487b-aef7-34d1d0ee189f
2019-10-16 21:01:55,211 [grpc-default-executor-2] INFO  impl.RaftServerImpl (RaftServerImpl.java:setRole(184)) - 0aa3649f-570d-46c6-937f-492d7f3a8364@group-83C26644CFDA: changes role from  FOLLOWER to FOLLOWER at term 288 for recognizeCandidate:4b287a15-77af-487b-aef7-34d1d0ee189f
2019-10-16 21:01:55,211 [grpc-default-executor-1] INFO  impl.RoleInfo (RoleInfo.java:shutdownFollowerState(121)) - 4a03179f-3169-4ac7-a075-259968512ef0: shutdown FollowerState
2019-10-16 21:01:55,212 [grpc-default-executor-2] INFO  impl.RoleInfo (RoleInfo.java:shutdownFollowerState(121)) - 0aa3649f-570d-46c6-937f-492d7f3a8364: shutdown FollowerState
2019-10-16 21:01:55,212 [Thread-2026] INFO  impl.FollowerState (FollowerState.java:run(117)) - 4a03179f-3169-4ac7-a075-259968512ef0@group-83C26644CFDA-FollowerState was interrupted: java.lang.InterruptedException: sleep interrupted
2019-10-16 21:01:55,212 [grpc-default-executor-1] INFO  impl.RoleInfo (RoleInfo.java:updateAndGet(143)) - 4a03179f-3169-4ac7-a075-259968512ef0: start FollowerState
2019-10-16 21:01:55,212 [Thread-2025] INFO  impl.FollowerState (FollowerState.java:run(117)) - 0aa3649f-570d-46c6-937f-492d7f3a8364@group-83C26644CFDA-FollowerState was interrupted: java.lang.InterruptedException: sleep interrupted
2019-10-16 21:01:55,212 [grpc-default-executor-2] INFO  impl.RoleInfo (RoleInfo.java:updateAndGet(143)) - 0aa3649f-570d-46c6-937f-492d7f3a8364: start FollowerState
2019-10-16 21:01:55,241 [4b287a15-77af-487b-aef7-34d1d0ee189f@group-83C26644CFDA-LeaderElection279] INFO  impl.LeaderElection (LeaderElection.java:logAndReturn(56)) - 4b287a15-77af-487b-aef7-34d1d0ee189f@group-83C26644CFDA-LeaderElection279: Election REJECTED; received 2 response(s) [4b287a15-77af-487b-aef7-34d1d0ee189f<-0aa3649f-570d-46c6-937f-492d7f3a8364#0:FAIL-t288, 4b287a15-77af-487b-aef7-34d1d0ee189f<-4a03179f-3169-4ac7-a075-259968512ef0#0:FAIL-t288] and 0 exception(s); 4b287a15-77af-487b-aef7-34d1d0ee189f@group-83C26644CFDA:t288, leader=null, voted=4b287a15-77af-487b-aef7-34d1d0ee189f, raftlog=4b287a15-77af-487b-aef7-34d1d0ee189f@group-83C26644CFDA-SegmentedRaftLog:OPENED:c-1,f-1,i0, conf=-1: [4b287a15-77af-487b-aef7-34d1d0ee189f:192.168.34.38:38597, 0aa3649f-570d-46c6-937f-492d7f3a8364:192.168.34.38:33209, 4a03179f-3169-4ac7-a075-259968512ef0:192.168.34.38:45833], old=null
2019-10-16 21:01:55,241 [4b287a15-77af-487b-aef7-34d1d0ee189f@group-83C26644CFDA-LeaderElection279] INFO  impl.RaftServerImpl (RaftServerImpl.java:setRole(184)) - 4b287a15-77af-487b-aef7-34d1d0ee189f@group-83C26644CFDA: changes role from CANDIDATE to FOLLOWER at term 288 for DISCOVERED_A_NEW_TERM
2019-10-16 21:01:55,241 [4b287a15-77af-487b-aef7-34d1d0ee189f@group-83C26644CFDA-LeaderElection279] INFO  impl.RoleInfo (RoleInfo.java:shutdownLeaderElection(134)) - 4b287a15-77af-487b-aef7-34d1d0ee189f: shutdown LeaderElection
2019-10-16 21:01:55,241 [4b287a15-77af-487b-aef7-34d1d0ee189f@group-83C26644CFDA-LeaderElection279] INFO  impl.RoleInfo (RoleInfo.java:updateAndGet(143)) - 4b287a15-77af-487b-aef7-34d1d0ee189f: start FollowerState
2019-10-16 21:01:55,359 [main] INFO  ozone.MiniOzoneClusterImpl (MiniOzoneClusterImpl.java:lambda$waitForClusterToBeReady$2(164)) - Waiting for 1 number of pipelines out of 4, to report a leader.
2019-10-16 21:01:55,384 [Thread-2033] INFO  impl.FollowerState (FollowerState.java:run(108)) - 4b287a15-77af-487b-aef7-34d1d0ee189f@group-83C26644CFDA-FollowerState: change to CANDIDATE, lastRpcTime:142ms, electionTimeout:142ms
2019-10-16 21:01:55,384 [Thread-2033] INFO  impl.RoleInfo (RoleInfo.java:shutdownFollowerState(121)) - 4b287a15-77af-487b-aef7-34d1d0ee189f: shutdown FollowerState
2019-10-16 21:01:55,384 [Thread-2033] INFO  impl.RaftServerImpl (RaftServerImpl.java:setRole(184)) - 4b287a15-77af-487b-aef7-34d1d0ee189f@group-83C26644CFDA: changes role from  FOLLOWER to CANDIDATE at term 288 for changeToCandidate
2019-10-16 21:01:55,384 [Thread-2033] INFO  impl.RoleInfo (RoleInfo.java:updateAndGet(143)) - 4b287a15-77af-487b-aef7-34d1d0ee189f: start LeaderElection
2019-10-16 21:01:55,388 [4b287a15-77af-487b-aef7-34d1d0ee189f@group-83C26644CFDA-LeaderElection280] INFO  impl.LeaderElection (LeaderElection.java:askForVotes(178)) - 4b287a15-77af-487b-aef7-34d1d0ee189f@group-83C26644CFDA-LeaderElection280: begin an election at term 289 for -1: [4b287a15-77af-487b-aef7-34d1d0ee189f:192.168.34.38:38597, 0aa3649f-570d-46c6-937f-492d7f3a8364:192.168.34.38:33209, 4a03179f-3169-4ac7-a075-259968512ef0:192.168.34.38:45833], old=null
2019-10-16 21:01:55,391 [grpc-default-executor-2] INFO  impl.RaftServerImpl (RaftServerImpl.java:setRole(184)) - 0aa3649f-570d-46c6-937f-492d7f3a8364@group-83C26644CFDA: changes role from  FOLLOWER to FOLLOWER at term 289 for recognizeCandidate:4b287a15-77af-487b-aef7-34d1d0ee189f
2019-10-16 21:01:55,391 [grpc-default-executor-2] INFO  impl.RoleInfo (RoleInfo.java:shutdownFollowerState(121)) - 0aa3649f-570d-46c6-937f-492d7f3a8364: shutdown FollowerState
2019-10-16 21:01:55,391 [grpc-default-executor-1] INFO  impl.RaftServerImpl (RaftServerImpl.java:setRole(184)) - 4a03179f-3169-4ac7-a075-259968512ef0@group-83C26644CFDA: changes role from  FOLLOWER to FOLLOWER at term 289 for recognizeCandidate:4b287a15-77af-487b-aef7-34d1d0ee189f
2019-10-16 21:01:55,391 [Thread-2032] INFO  impl.FollowerState (FollowerState.java:run(117)) - 0aa3649f-570d-46c6-937f-492d7f3a8364@group-83C26644CFDA-FollowerState was interrupted: java.lang.InterruptedException: sleep interrupted
2019-10-16 21:01:55,391 [grpc-default-executor-2] INFO  impl.RoleInfo (RoleInfo.java:updateAndGet(143)) - 0aa3649f-570d-46c6-937f-492d7f3a8364: start FollowerState
2019-10-16 21:01:55,391 [grpc-default-executor-1] INFO  impl.RoleInfo (RoleInfo.java:shutdownFollowerState(121)) - 4a03179f-3169-4ac7-a075-259968512ef0: shutdown FollowerState
2019-10-16 21:01:55,392 [grpc-default-executor-1] INFO  impl.RoleInfo (RoleInfo.java:updateAndGet(143)) - 4a03179f-3169-4ac7-a075-259968512ef0: start FollowerState
2019-10-16 21:01:55,392 [Thread-2031] INFO  impl.FollowerState (FollowerState.java:run(117)) - 4a03179f-3169-4ac7-a075-259968512ef0@group-83C26644CFDA-FollowerState was interrupted: java.lang.InterruptedException: sleep interrupted
2019-10-16 21:01:55,395 [4b287a15-77af-487b-aef7-34d1d0ee189f@group-83C26644CFDA-LeaderElection280] INFO  impl.LeaderElection (LeaderElection.java:logAndReturn(56)) - 4b287a15-77af-487b-aef7-34d1d0ee189f@group-83C26644CFDA-LeaderElection280: Election TIMEOUT; received 0 response(s) [] and 0 exception(s); 4b287a15-77af-487b-aef7-34d1d0ee189f@group-83C26644CFDA:t289, leader=null, voted=4b287a15-77af-487b-aef7-34d1d0ee189f, raftlog=4b287a15-77af-487b-aef7-34d1d0ee189f@group-83C26644CFDA-SegmentedRaftLog:OPENED:c-1,f-1,i0, conf=-1: [4b287a15-77af-487b-aef7-34d1d0ee189f:192.168.34.38:38597, 0aa3649f-570d-46c6-937f-492d7f3a8364:192.168.34.38:33209, 4a03179f-3169-4ac7-a075-259968512ef0:192.168.34.38:45833], old=null
2019-10-16 21:01:55,402 [4b287a15-77af-487b-aef7-34d1d0ee189f@group-83C26644CFDA-LeaderElection280] INFO  impl.LeaderElection (LeaderElection.java:askForVotes(178)) - 4b287a15-77af-487b-aef7-34d1d0ee189f@group-83C26644CFDA-LeaderElection280: begin an election at term 290 for -1: [4b287a15-77af-487b-aef7-34d1d0ee189f:192.168.34.38:38597, 0aa3649f-570d-46c6-937f-492d7f3a8364:192.168.34.38:33209, 4a03179f-3169-4ac7-a075-259968512ef0:192.168.34.38:45833], old=null
2019-10-16 21:01:55,404 [grpc-default-executor-1] INFO  impl.RaftServerImpl (RaftServerImpl.java:setRole(184)) - 0aa3649f-570d-46c6-937f-492d7f3a8364@group-83C26644CFDA: changes role from  FOLLOWER to FOLLOWER at term 290 for recognizeCandidate:4b287a15-77af-487b-aef7-34d1d0ee189f
2019-10-16 21:01:55,404 [grpc-default-executor-1] INFO  impl.RoleInfo (RoleInfo.java:shutdownFollowerState(121)) - 0aa3649f-570d-46c6-937f-492d7f3a8364: shutdown FollowerState
2019-10-16 21:01:55,404 [grpc-default-executor-1] INFO  impl.RoleInfo (RoleInfo.java:updateAndGet(143)) - 0aa3649f-570d-46c6-937f-492d7f3a8364: start FollowerState
2019-10-16 21:01:55,405 [grpc-default-executor-2] INFO  impl.RaftServerImpl (RaftServerImpl.java:setRole(184)) - 4a03179f-3169-4ac7-a075-259968512ef0@group-83C26644CFDA: changes role from  FOLLOWER to FOLLOWER at term 290 for recognizeCandidate:4b287a15-77af-487b-aef7-34d1d0ee189f
2019-10-16 21:01:55,405 [grpc-default-executor-2] INFO  impl.RoleInfo (RoleInfo.java:shutdownFollowerState(121)) - 4a03179f-3169-4ac7-a075-259968512ef0: shutdown FollowerState
2019-10-16 21:01:55,404 [Thread-2037] INFO  impl.FollowerState (FollowerState.java:run(117)) - 0aa3649f-570d-46c6-937f-492d7f3a8364@group-83C26644CFDA-FollowerState was interrupted: java.lang.InterruptedException: sleep interrupted
2019-10-16 21:01:55,405 [Thread-2038] INFO  impl.FollowerState (FollowerState.java:run(117)) - 4a03179f-3169-4ac7-a075-259968512ef0@group-83C26644CFDA-FollowerState was interrupted: java.lang.InterruptedException: sleep interrupted
2019-10-16 21:01:55,405 [grpc-default-executor-2] INFO  impl.RoleInfo (RoleInfo.java:updateAndGet(143)) - 4a03179f-3169-4ac7-a075-259968512ef0: start FollowerState
2019-10-16 21:01:55,418 [4b287a15-77af-487b-aef7-34d1d0ee189f@group-83C26644CFDA-LeaderElection280] INFO  impl.LeaderElection (LeaderElection.java:logAndReturn(56)) - 4b287a15-77af-487b-aef7-34d1d0ee189f@group-83C26644CFDA-LeaderElection280: Election REJECTED; received 2 response(s) [4b287a15-77af-487b-aef7-34d1d0ee189f<-0aa3649f-570d-46c6-937f-492d7f3a8364#0:FAIL-t290, 4b287a15-77af-487b-aef7-34d1d0ee189f<-4a03179f-3169-4ac7-a075-259968512ef0#0:FAIL-t290] and 0 exception(s); 4b287a15-77af-487b-aef7-34d1d0ee189f@group-83C26644CFDA:t290, leader=null, voted=4b287a15-77af-487b-aef7-34d1d0ee189f, raftlog=4b287a15-77af-487b-aef7-34d1d0ee189f@group-83C26644CFDA-SegmentedRaftLog:OPENED:c-1,f-1,i0, conf=-1: [4b287a15-77af-487b-aef7-34d1d0ee189f:192.168.34.38:38597, 0aa3649f-570d-46c6-937f-492d7f3a8364:192.168.34.38:33209, 4a03179f-3169-4ac7-a075-259968512ef0:192.168.34.38:45833], old=null
2019-10-16 21:01:55,418 [4b287a15-77af-487b-aef7-34d1d0ee189f@group-83C26644CFDA-LeaderElection280] INFO  impl.RaftServerImpl (RaftServerImpl.java:setRole(184)) - 4b287a15-77af-487b-aef7-34d1d0ee189f@group-83C26644CFDA: changes role from CANDIDATE to FOLLOWER at term 290 for DISCOVERED_A_NEW_TERM
2019-10-16 21:01:55,418 [4b287a15-77af-487b-aef7-34d1d0ee189f@group-83C26644CFDA-LeaderElection280] INFO  impl.RoleInfo (RoleInfo.java:shutdownLeaderElection(134)) - 4b287a15-77af-487b-aef7-34d1d0ee189f: shutdown LeaderElection
2019-10-16 21:01:55,418 [4b287a15-77af-487b-aef7-34d1d0ee189f@group-83C26644CFDA-LeaderElection280] INFO  impl.RoleInfo (RoleInfo.java:updateAndGet(143)) - 4b287a15-77af-487b-aef7-34d1d0ee189f: start FollowerState
2019-10-16 21:01:55,602 [Thread-2043] INFO  impl.FollowerState (FollowerState.java:run(108)) - 4b287a15-77af-487b-aef7-34d1d0ee189f@group-83C26644CFDA-FollowerState: change to CANDIDATE, lastRpcTime:183ms, electionTimeout:183ms
2019-10-16 21:01:55,602 [Thread-2043] INFO  impl.RoleInfo (RoleInfo.java:shutdownFollowerState(121)) - 4b287a15-77af-487b-aef7-34d1d0ee189f: shutdown FollowerState
2019-10-16 21:01:55,602 [Thread-2043] INFO  impl.RaftServerImpl (RaftServerImpl.java:setRole(184)) - 4b287a15-77af-487b-aef7-34d1d0ee189f@group-83C26644CFDA: changes role from  FOLLOWER to CANDIDATE at term 290 for changeToCandidate
2019-10-16 21:01:55,602 [Thread-2043] INFO  impl.RoleInfo (RoleInfo.java:updateAndGet(143)) - 4b287a15-77af-487b-aef7-34d1d0ee189f: start LeaderElection
2019-10-16 21:01:55,615 [4b287a15-77af-487b-aef7-34d1d0ee189f@group-83C26644CFDA-LeaderElection281] INFO  impl.LeaderElection (LeaderElection.java:askForVotes(178)) - 4b287a15-77af-487b-aef7-34d1d0ee189f@group-83C26644CFDA-LeaderElection281: begin an election at term 291 for -1: [4b287a15-77af-487b-aef7-34d1d0ee189f:192.168.34.38:38597, 0aa3649f-570d-46c6-937f-492d7f3a8364:192.168.34.38:33209, 4a03179f-3169-4ac7-a075-259968512ef0:192.168.34.38:45833], old=null
2019-10-16 21:01:55,617 [grpc-default-executor-1] INFO  impl.RaftServerImpl (RaftServerImpl.java:setRole(184)) - 0aa3649f-570d-46c6-937f-492d7f3a8364@group-83C26644CFDA: changes role from  FOLLOWER to FOLLOWER at term 291 for recognizeCandidate:4b287a15-77af-487b-aef7-34d1d0ee189f
2019-10-16 21:01:55,617 [grpc-default-executor-1] INFO  impl.RoleInfo (RoleInfo.java:shutdownFollowerState(121)) - 0aa3649f-570d-46c6-937f-492d7f3a8364: shutdown FollowerState
2019-10-16 21:01:55,618 [grpc-default-executor-2] INFO  impl.RaftServerImpl (RaftServerImpl.java:setRole(184)) - 4a03179f-3169-4ac7-a075-259968512ef0@group-83C26644CFDA: changes role from  FOLLOWER to FOLLOWER at term 291 for recognizeCandidate:4b287a15-77af-487b-aef7-34d1d0ee189f
2019-10-16 21:01:55,618 [grpc-default-executor-2] INFO  impl.RoleInfo (RoleInfo.java:shutdownFollowerState(121)) - 4a03179f-3169-4ac7-a075-259968512ef0: shutdown FollowerState
2019-10-16 21:01:55,618 [Thread-2041] INFO  impl.FollowerState (FollowerState.java:run(117)) - 0aa3649f-570d-46c6-937f-492d7f3a8364@group-83C26644CFDA-FollowerState was interrupted: java.lang.InterruptedException: sleep interrupted
2019-10-16 21:01:55,618 [grpc-default-executor-1] INFO  impl.RoleInfo (RoleInfo.java:updateAndGet(143)) - 0aa3649f-570d-46c6-937f-492d7f3a8364: start FollowerState
2019-10-16 21:01:55,618 [Thread-2042] INFO  impl.FollowerState (FollowerState.java:run(117)) - 4a03179f-3169-4ac7-a075-259968512ef0@group-83C26644CFDA-FollowerState was interrupted: java.lang.InterruptedException: sleep interrupted
2019-10-16 21:01:55,618 [grpc-default-executor-2] INFO  impl.RoleInfo (RoleInfo.java:updateAndGet(143)) - 4a03179f-3169-4ac7-a075-259968512ef0: start FollowerState
2019-10-16 21:01:55,627 [4b287a15-77af-487b-aef7-34d1d0ee189f@group-83C26644CFDA-LeaderElection281] INFO  impl.LeaderElection (LeaderElection.java:logAndReturn(56)) - 4b287a15-77af-487b-aef7-34d1d0ee189f@group-83C26644CFDA-LeaderElection281: Election REJECTED; received 2 response(s) [4b287a15-77af-487b-aef7-34d1d0ee189f<-0aa3649f-570d-46c6-937f-492d7f3a8364#0:FAIL-t291, 4b287a15-77af-487b-aef7-34d1d0ee189f<-4a03179f-3169-4ac7-a075-259968512ef0#0:FAIL-t291] and 0 exception(s); 4b287a15-77af-487b-aef7-34d1d0ee189f@group-83C26644CFDA:t291, leader=null, voted=4b287a15-77af-487b-aef7-34d1d0ee189f, raftlog=4b287a15-77af-487b-aef7-34d1d0ee189f@group-83C26644CFDA-SegmentedRaftLog:OPENED:c-1,f-1,i0, conf=-1: [4b287a15-77af-487b-aef7-34d1d0ee189f:192.168.34.38:38597, 0aa3649f-570d-46c6-937f-492d7f3a8364:192.168.34.38:33209, 4a03179f-3169-4ac7-a075-259968512ef0:192.168.34.38:45833], old=null
2019-10-16 21:01:55,628 [4b287a15-77af-487b-aef7-34d1d0ee189f@group-83C26644CFDA-LeaderElection281] INFO  impl.RaftServerImpl (RaftServerImpl.java:setRole(184)) - 4b287a15-77af-487b-aef7-34d1d0ee189f@group-83C26644CFDA: changes role from CANDIDATE to FOLLOWER at term 291 for DISCOVERED_A_NEW_TERM
2019-10-16 21:01:55,628 [4b287a15-77af-487b-aef7-34d1d0ee189f@group-83C26644CFDA-LeaderElection281] INFO  impl.RoleInfo (RoleInfo.java:shutdownLeaderElection(134)) - 4b287a15-77af-487b-aef7-34d1d0ee189f: shutdown LeaderElection
2019-10-16 21:01:55,628 [4b287a15-77af-487b-aef7-34d1d0ee189f@group-83C26644CFDA-LeaderElection281] INFO  impl.RoleInfo (RoleInfo.java:updateAndGet(143)) - 4b287a15-77af-487b-aef7-34d1d0ee189f: start FollowerState
2019-10-16 21:01:55,772 [Thread-2049] INFO  impl.FollowerState (FollowerState.java:run(108)) - 4b287a15-77af-487b-aef7-34d1d0ee189f@group-83C26644CFDA-FollowerState: change to CANDIDATE, lastRpcTime:144ms, electionTimeout:144ms
2019-10-16 21:01:55,772 [Thread-2049] INFO  impl.RoleInfo (RoleInfo.java:shutdownFollowerState(121)) - 4b287a15-77af-487b-aef7-34d1d0ee189f: shutdown FollowerState
2019-10-16 21:01:55,772 [Thread-2049] INFO  impl.RaftServerImpl (RaftServerImpl.java:setRole(184)) - 4b287a15-77af-487b-aef7-34d1d0ee189f@group-83C26644CFDA: changes role from  FOLLOWER to CANDIDATE at term 291 for changeToCandidate
2019-10-16 21:01:55,772 [Thread-2049] INFO  impl.RoleInfo (RoleInfo.java:updateAndGet(143)) - 4b287a15-77af-487b-aef7-34d1d0ee189f: start LeaderElection
2019-10-16 21:01:55,778 [4b287a15-77af-487b-aef7-34d1d0ee189f@group-83C26644CFDA-LeaderElection282] INFO  impl.LeaderElection (LeaderElection.java:askForVotes(178)) - 4b287a15-77af-487b-aef7-34d1d0ee189f@group-83C26644CFDA-LeaderElection282: begin an election at term 292 for -1: [4b287a15-77af-487b-aef7-34d1d0ee189f:192.168.34.38:38597, 0aa3649f-570d-46c6-937f-492d7f3a8364:192.168.34.38:33209, 4a03179f-3169-4ac7-a075-259968512ef0:192.168.34.38:45833], old=null
2019-10-16 21:01:55,780 [grpc-default-executor-1] INFO  impl.RaftServerImpl (RaftServerImpl.java:setRole(184)) - 0aa3649f-570d-46c6-937f-492d7f3a8364@group-83C26644CFDA: changes role from  FOLLOWER to FOLLOWER at term 292 for recognizeCandidate:4b287a15-77af-487b-aef7-34d1d0ee189f
2019-10-16 21:01:55,780 [grpc-default-executor-1] INFO  impl.RoleInfo (RoleInfo.java:shutdownFollowerState(121)) - 0aa3649f-570d-46c6-937f-492d7f3a8364: shutdown FollowerState
2019-10-16 21:01:55,780 [grpc-default-executor-1] INFO  impl.RoleInfo (RoleInfo.java:updateAndGet(143)) - 0aa3649f-570d-46c6-937f-492d7f3a8364: start FollowerState
2019-10-16 21:01:55,780 [Thread-2047] INFO  impl.FollowerState (FollowerState.java:run(117)) - 0aa3649f-570d-46c6-937f-492d7f3a8364@group-83C26644CFDA-FollowerState was interrupted: java.lang.InterruptedException: sleep interrupted
2019-10-16 21:01:55,780 [grpc-default-executor-2] INFO  impl.RaftServerImpl (RaftServerImpl.java:setRole(184)) - 4a03179f-3169-4ac7-a075-259968512ef0@group-83C26644CFDA: changes role from  FOLLOWER to FOLLOWER at term 292 for recognizeCandidate:4b287a15-77af-487b-aef7-34d1d0ee189f
2019-10-16 21:01:55,780 [grpc-default-executor-2] INFO  impl.RoleInfo (RoleInfo.java:shutdownFollowerState(121)) - 4a03179f-3169-4ac7-a075-259968512ef0: shutdown FollowerState
2019-10-16 21:01:55,781 [grpc-default-executor-2] INFO  impl.RoleInfo (RoleInfo.java:updateAndGet(143)) - 4a03179f-3169-4ac7-a075-259968512ef0: start FollowerState
2019-10-16 21:01:55,781 [Thread-2048] INFO  impl.FollowerState (FollowerState.java:run(117)) - 4a03179f-3169-4ac7-a075-259968512ef0@group-83C26644CFDA-FollowerState was interrupted: java.lang.InterruptedException: sleep interrupted
2019-10-16 21:01:55,789 [4b287a15-77af-487b-aef7-34d1d0ee189f@group-83C26644CFDA-LeaderElection282] INFO  impl.LeaderElection (LeaderElection.java:logAndReturn(56)) - 4b287a15-77af-487b-aef7-34d1d0ee189f@group-83C26644CFDA-LeaderElection282: Election REJECTED; received 2 response(s) [4b287a15-77af-487b-aef7-34d1d0ee189f<-0aa3649f-570d-46c6-937f-492d7f3a8364#0:FAIL-t292, 4b287a15-77af-487b-aef7-34d1d0ee189f<-4a03179f-3169-4ac7-a075-259968512ef0#0:FAIL-t292] and 0 exception(s); 4b287a15-77af-487b-aef7-34d1d0ee189f@group-83C26644CFDA:t292, leader=null, voted=4b287a15-77af-487b-aef7-34d1d0ee189f, raftlog=4b287a15-77af-487b-aef7-34d1d0ee189f@group-83C26644CFDA-SegmentedRaftLog:OPENED:c-1,f-1,i0, conf=-1: [4b287a15-77af-487b-aef7-34d1d0ee189f:192.168.34.38:38597, 0aa3649f-570d-46c6-937f-492d7f3a8364:192.168.34.38:33209, 4a03179f-3169-4ac7-a075-259968512ef0:192.168.34.38:45833], old=null
2019-10-16 21:01:55,789 [4b287a15-77af-487b-aef7-34d1d0ee189f@group-83C26644CFDA-LeaderElection282] INFO  impl.RaftServerImpl (RaftServerImpl.java:setRole(184)) - 4b287a15-77af-487b-aef7-34d1d0ee189f@group-83C26644CFDA: changes role from CANDIDATE to FOLLOWER at term 292 for DISCOVERED_A_NEW_TERM
2019-10-16 21:01:55,789 [4b287a15-77af-487b-aef7-34d1d0ee189f@group-83C26644CFDA-LeaderElection282] INFO  impl.RoleInfo (RoleInfo.java:shutdownLeaderElection(134)) - 4b287a15-77af-487b-aef7-34d1d0ee189f: shutdown LeaderElection
2019-10-16 21:01:55,789 [4b287a15-77af-487b-aef7-34d1d0ee189f@group-83C26644CFDA-LeaderElection282] INFO  impl.RoleInfo (RoleInfo.java:updateAndGet(143)) - 4b287a15-77af-487b-aef7-34d1d0ee189f: start FollowerState
2019-10-16 21:01:55,977 [Thread-2055] INFO  impl.FollowerState (FollowerState.java:run(108)) - 4b287a15-77af-487b-aef7-34d1d0ee189f@group-83C26644CFDA-FollowerState: change to CANDIDATE, lastRpcTime:188ms, electionTimeout:188ms
2019-10-16 21:01:55,978 [Thread-2055] INFO  impl.RoleInfo (RoleInfo.java:shutdownFollowerState(121)) - 4b287a15-77af-487b-aef7-34d1d0ee189f: shutdown FollowerState
2019-10-16 21:01:55,978 [Thread-2055] INFO  impl.RaftServerImpl (RaftServerImpl.java:setRole(184)) - 4b287a15-77af-487b-aef7-34d1d0ee189f@group-83C26644CFDA: changes role from  FOLLOWER to CANDIDATE at term 292 for changeToCandidate
2019-10-16 21:01:55,978 [Thread-2055] INFO  impl.RoleInfo (RoleInfo.java:updateAndGet(143)) - 4b287a15-77af-487b-aef7-34d1d0ee189f: start LeaderElection
2019-10-16 21:01:55,990 [4b287a15-77af-487b-aef7-34d1d0ee189f@group-83C26644CFDA-LeaderElection283] INFO  impl.LeaderElection (LeaderElection.java:askForVotes(178)) - 4b287a15-77af-487b-aef7-34d1d0ee189f@group-83C26644CFDA-LeaderElection283: begin an election at term 293 for -1: [4b287a15-77af-487b-aef7-34d1d0ee189f:192.168.34.38:38597, 0aa3649f-570d-46c6-937f-492d7f3a8364:192.168.34.38:33209, 4a03179f-3169-4ac7-a075-259968512ef0:192.168.34.38:45833], old=null
2019-10-16 21:01:55,993 [grpc-default-executor-2] INFO  impl.RaftServerImpl (RaftServerImpl.java:setRole(184)) - 4a03179f-3169-4ac7-a075-259968512ef0@group-83C26644CFDA: changes role from  FOLLOWER to FOLLOWER at term 293 for recognizeCandidate:4b287a15-77af-487b-aef7-34d1d0ee189f
2019-10-16 21:01:55,993 [grpc-default-executor-2] INFO  impl.RoleInfo (RoleInfo.java:shutdownFollowerState(121)) - 4a03179f-3169-4ac7-a075-259968512ef0: shutdown FollowerState
2019-10-16 21:01:55,993 [grpc-default-executor-1] INFO  impl.RaftServerImpl (RaftServerImpl.java:setRole(184)) - 0aa3649f-570d-46c6-937f-492d7f3a8364@group-83C26644CFDA: changes role from  FOLLOWER to FOLLOWER at term 293 for recognizeCandidate:4b287a15-77af-487b-aef7-34d1d0ee189f
2019-10-16 21:01:55,993 [Thread-2054] INFO  impl.FollowerState (FollowerState.java:run(117)) - 4a03179f-3169-4ac7-a075-259968512ef0@group-83C26644CFDA-FollowerState was interrupted: java.lang.InterruptedException: sleep interrupted
2019-10-16 21:01:55,993 [grpc-default-executor-2] INFO  impl.RoleInfo (RoleInfo.java:updateAndGet(143)) - 4a03179f-3169-4ac7-a075-259968512ef0: start FollowerState
2019-10-16 21:01:55,994 [grpc-default-executor-1] INFO  impl.RoleInfo (RoleInfo.java:shutdownFollowerState(121)) - 0aa3649f-570d-46c6-937f-492d7f3a8364: shutdown FollowerState
2019-10-16 21:01:55,994 [grpc-default-executor-1] INFO  impl.RoleInfo (RoleInfo.java:updateAndGet(143)) - 0aa3649f-570d-46c6-937f-492d7f3a8364: start FollowerState
2019-10-16 21:01:55,994 [Thread-2053] INFO  impl.FollowerState (FollowerState.java:run(117)) - 0aa3649f-570d-46c6-937f-492d7f3a8364@group-83C26644CFDA-FollowerState was interrupted: java.lang.InterruptedException: sleep interrupted
2019-10-16 21:01:56,008 [4b287a15-77af-487b-aef7-34d1d0ee189f@group-83C26644CFDA-LeaderElection283] INFO  impl.LeaderElection (LeaderElection.java:logAndReturn(56)) - 4b287a15-77af-487b-aef7-34d1d0ee189f@group-83C26644CFDA-LeaderElection283: Election REJECTED; received 2 response(s) [4b287a15-77af-487b-aef7-34d1d0ee189f<-0aa3649f-570d-46c6-937f-492d7f3a8364#0:FAIL-t293, 4b287a15-77af-487b-aef7-34d1d0ee189f<-4a03179f-3169-4ac7-a075-259968512ef0#0:FAIL-t293] and 0 exception(s); 4b287a15-77af-487b-aef7-34d1d0ee189f@group-83C26644CFDA:t293, leader=null, voted=4b287a15-77af-487b-aef7-34d1d0ee189f, raftlog=4b287a15-77af-487b-aef7-34d1d0ee189f@group-83C26644CFDA-SegmentedRaftLog:OPENED:c-1,f-1,i0, conf=-1: [4b287a15-77af-487b-aef7-34d1d0ee189f:192.168.34.38:38597, 0aa3649f-570d-46c6-937f-492d7f3a8364:192.168.34.38:33209, 4a03179f-3169-4ac7-a075-259968512ef0:192.168.34.38:45833], old=null
2019-10-16 21:01:56,008 [4b287a15-77af-487b-aef7-34d1d0ee189f@group-83C26644CFDA-LeaderElection283] INFO  impl.RaftServerImpl (RaftServerImpl.java:setRole(184)) - 4b287a15-77af-487b-aef7-34d1d0ee189f@group-83C26644CFDA: changes role from CANDIDATE to FOLLOWER at term 293 for DISCOVERED_A_NEW_TERM
2019-10-16 21:01:56,008 [4b287a15-77af-487b-aef7-34d1d0ee189f@group-83C26644CFDA-LeaderElection283] INFO  impl.RoleInfo (RoleInfo.java:shutdownLeaderElection(134)) - 4b287a15-77af-487b-aef7-34d1d0ee189f: shutdown LeaderElection
2019-10-16 21:01:56,009 [4b287a15-77af-487b-aef7-34d1d0ee189f@group-83C26644CFDA-LeaderElection283] INFO  impl.RoleInfo (RoleInfo.java:updateAndGet(143)) - 4b287a15-77af-487b-aef7-34d1d0ee189f: start FollowerState
2019-10-16 21:01:56,024 [Thread-2061] INFO  impl.FollowerState (FollowerState.java:run(108)) - 4b287a15-77af-487b-aef7-34d1d0ee189f@group-83C26644CFDA-FollowerState: change to CANDIDATE, lastRpcTime:15ms, electionTimeout:15ms
2019-10-16 21:01:56,024 [Thread-2061] INFO  impl.RoleInfo (RoleInfo.java:shutdownFollowerState(121)) - 4b287a15-77af-487b-aef7-34d1d0ee189f: shutdown FollowerState
2019-10-16 21:01:56,024 [Thread-2061] INFO  impl.RaftServerImpl (RaftServerImpl.java:setRole(184)) - 4b287a15-77af-487b-aef7-34d1d0ee189f@group-83C26644CFDA: changes role from  FOLLOWER to CANDIDATE at term 293 for changeToCandidate
2019-10-16 21:01:56,024 [Thread-2061] INFO  impl.RoleInfo (RoleInfo.java:updateAndGet(143)) - 4b287a15-77af-487b-aef7-34d1d0ee189f: start LeaderElection
2019-10-16 21:01:56,027 [4b287a15-77af-487b-aef7-34d1d0ee189f@group-83C26644CFDA-LeaderElection284] INFO  impl.LeaderElection (LeaderElection.java:askForVotes(178)) - 4b287a15-77af-487b-aef7-34d1d0ee189f@group-83C26644CFDA-LeaderElection284: begin an election at term 294 for -1: [4b287a15-77af-487b-aef7-34d1d0ee189f:192.168.34.38:38597, 0aa3649f-570d-46c6-937f-492d7f3a8364:192.168.34.38:33209, 4a03179f-3169-4ac7-a075-259968512ef0:192.168.34.38:45833], old=null
2019-10-16 21:01:56,029 [grpc-default-executor-1] INFO  impl.RaftServerImpl (RaftServerImpl.java:setRole(184)) - 4a03179f-3169-4ac7-a075-259968512ef0@group-83C26644CFDA: changes role from  FOLLOWER to FOLLOWER at term 294 for recognizeCandidate:4b287a15-77af-487b-aef7-34d1d0ee189f
2019-10-16 21:01:56,029 [grpc-default-executor-1] INFO  impl.RoleInfo (RoleInfo.java:shutdownFollowerState(121)) - 4a03179f-3169-4ac7-a075-259968512ef0: shutdown FollowerState
2019-10-16 21:01:56,029 [grpc-default-executor-1] INFO  impl.RoleInfo (RoleInfo.java:updateAndGet(143)) - 4a03179f-3169-4ac7-a075-259968512ef0: start FollowerState
2019-10-16 21:01:56,029 [Thread-2059] INFO  impl.FollowerState (FollowerState.java:run(117)) - 4a03179f-3169-4ac7-a075-259968512ef0@group-83C26644CFDA-FollowerState was interrupted: java.lang.InterruptedException: sleep interrupted
2019-10-16 21:01:56,030 [grpc-default-executor-2] INFO  impl.RaftServerImpl (RaftServerImpl.java:setRole(184)) - 0aa3649f-570d-46c6-937f-492d7f3a8364@group-83C26644CFDA: changes role from  FOLLOWER to FOLLOWER at term 294 for recognizeCandidate:4b287a15-77af-487b-aef7-34d1d0ee189f
2019-10-16 21:01:56,030 [grpc-default-executor-2] INFO  impl.RoleInfo (RoleInfo.java:shutdownFollowerState(121)) - 0aa3649f-570d-46c6-937f-492d7f3a8364: shutdown FollowerState
2019-10-16 21:01:56,030 [grpc-default-executor-2] INFO  impl.RoleInfo (RoleInfo.java:updateAndGet(143)) - 0aa3649f-570d-46c6-937f-492d7f3a8364: start FollowerState
2019-10-16 21:01:56,030 [Thread-2060] INFO  impl.FollowerState (FollowerState.java:run(117)) - 0aa3649f-570d-46c6-937f-492d7f3a8364@group-83C26644CFDA-FollowerState was interrupted: java.lang.InterruptedException: sleep interrupted
2019-10-16 21:01:56,040 [4b287a15-77af-487b-aef7-34d1d0ee189f@group-83C26644CFDA-LeaderElection284] INFO  impl.LeaderElection (LeaderElection.java:logAndReturn(56)) - 4b287a15-77af-487b-aef7-34d1d0ee189f@group-83C26644CFDA-LeaderElection284: Election REJECTED; received 2 response(s) [4b287a15-77af-487b-aef7-34d1d0ee189f<-0aa3649f-570d-46c6-937f-492d7f3a8364#0:FAIL-t294, 4b287a15-77af-487b-aef7-34d1d0ee189f<-4a03179f-3169-4ac7-a075-259968512ef0#0:FAIL-t294] and 0 exception(s); 4b287a15-77af-487b-aef7-34d1d0ee189f@group-83C26644CFDA:t294, leader=null, voted=4b287a15-77af-487b-aef7-34d1d0ee189f, raftlog=4b287a15-77af-487b-aef7-34d1d0ee189f@group-83C26644CFDA-SegmentedRaftLog:OPENED:c-1,f-1,i0, conf=-1: [4b287a15-77af-487b-aef7-34d1d0ee189f:192.168.34.38:38597, 0aa3649f-570d-46c6-937f-492d7f3a8364:192.168.34.38:33209, 4a03179f-3169-4ac7-a075-259968512ef0:192.168.34.38:45833], old=null
2019-10-16 21:01:56,040 [4b287a15-77af-487b-aef7-34d1d0ee189f@group-83C26644CFDA-LeaderElection284] INFO  impl.RaftServerImpl (RaftServerImpl.java:setRole(184)) - 4b287a15-77af-487b-aef7-34d1d0ee189f@group-83C26644CFDA: changes role from CANDIDATE to FOLLOWER at term 294 for DISCOVERED_A_NEW_TERM
2019-10-16 21:01:56,040 [4b287a15-77af-487b-aef7-34d1d0ee189f@group-83C26644CFDA-LeaderElection284] INFO  impl.RoleInfo (RoleInfo.java:shutdownLeaderElection(134)) - 4b287a15-77af-487b-aef7-34d1d0ee189f: shutdown LeaderElection
2019-10-16 21:01:56,040 [4b287a15-77af-487b-aef7-34d1d0ee189f@group-83C26644CFDA-LeaderElection284] INFO  impl.RoleInfo (RoleInfo.java:updateAndGet(143)) - 4b287a15-77af-487b-aef7-34d1d0ee189f: start FollowerState
2019-10-16 21:01:56,175 [Thread-2067] INFO  impl.FollowerState (FollowerState.java:run(108)) - 4b287a15-77af-487b-aef7-34d1d0ee189f@group-83C26644CFDA-FollowerState: change to CANDIDATE, lastRpcTime:134ms, electionTimeout:134ms
2019-10-16 21:01:56,175 [Thread-2067] INFO  impl.RoleInfo (RoleInfo.java:shutdownFollowerState(121)) - 4b287a15-77af-487b-aef7-34d1d0ee189f: shutdown FollowerState
2019-10-16 21:01:56,175 [Thread-2067] INFO  impl.RaftServerImpl (RaftServerImpl.java:setRole(184)) - 4b287a15-77af-487b-aef7-34d1d0ee189f@group-83C26644CFDA: changes role from  FOLLOWER to CANDIDATE at term 294 for changeToCandidate
2019-10-16 21:01:56,175 [Thread-2067] INFO  impl.RoleInfo (RoleInfo.java:updateAndGet(143)) - 4b287a15-77af-487b-aef7-34d1d0ee189f: start LeaderElection
2019-10-16 21:01:56,202 [4b287a15-77af-487b-aef7-34d1d0ee189f@group-83C26644CFDA-LeaderElection285] INFO  impl.LeaderElection (LeaderElection.java:askForVotes(178)) - 4b287a15-77af-487b-aef7-34d1d0ee189f@group-83C26644CFDA-LeaderElection285: begin an election at term 295 for -1: [4b287a15-77af-487b-aef7-34d1d0ee189f:192.168.34.38:38597, 0aa3649f-570d-46c6-937f-492d7f3a8364:192.168.34.38:33209, 4a03179f-3169-4ac7-a075-259968512ef0:192.168.34.38:45833], old=null
2019-10-16 21:01:56,261 [grpc-default-executor-2] INFO  impl.RaftServerImpl (RaftServerImpl.java:setRole(184)) - 4a03179f-3169-4ac7-a075-259968512ef0@group-83C26644CFDA: changes role from  FOLLOWER to FOLLOWER at term 295 for recognizeCandidate:4b287a15-77af-487b-aef7-34d1d0ee189f
2019-10-16 21:01:56,261 [grpc-default-executor-2] INFO  impl.RoleInfo (RoleInfo.java:shutdownFollowerState(121)) - 4a03179f-3169-4ac7-a075-259968512ef0: shutdown FollowerState
2019-10-16 21:01:56,261 [Thread-2065] INFO  impl.FollowerState (FollowerState.java:run(117)) - 4a03179f-3169-4ac7-a075-259968512ef0@group-83C26644CFDA-FollowerState was interrupted: java.lang.InterruptedException: sleep interrupted
2019-10-16 21:01:56,261 [grpc-default-executor-2] INFO  impl.RoleInfo (RoleInfo.java:updateAndGet(143)) - 4a03179f-3169-4ac7-a075-259968512ef0: start FollowerState
2019-10-16 21:01:56,343 [grpc-default-executor-1] INFO  impl.RaftServerImpl (RaftServerImpl.java:setRole(184)) - 0aa3649f-570d-46c6-937f-492d7f3a8364@group-83C26644CFDA: changes role from  FOLLOWER to FOLLOWER at term 295 for recognizeCandidate:4b287a15-77af-487b-aef7-34d1d0ee189f
2019-10-16 21:01:56,343 [grpc-default-executor-1] INFO  impl.RoleInfo (RoleInfo.java:shutdownFollowerState(121)) - 0aa3649f-570d-46c6-937f-492d7f3a8364: shutdown FollowerState
2019-10-16 21:01:56,343 [grpc-default-executor-1] INFO  impl.RoleInfo (RoleInfo.java:updateAndGet(143)) - 0aa3649f-570d-46c6-937f-492d7f3a8364: start FollowerState
2019-10-16 21:01:56,343 [Thread-2066] INFO  impl.FollowerState (FollowerState.java:run(117)) - 0aa3649f-570d-46c6-937f-492d7f3a8364@group-83C26644CFDA-FollowerState was interrupted: java.lang.InterruptedException: sleep interrupted
2019-10-16 21:01:56,359 [main] INFO  ozone.MiniOzoneClusterImpl (MiniOzoneClusterImpl.java:lambda$waitForClusterToBeReady$2(164)) - Waiting for 1 number of pipelines out of 4, to report a leader.
2019-10-16 21:01:56,366 [4b287a15-77af-487b-aef7-34d1d0ee189f@group-83C26644CFDA-LeaderElection285] INFO  impl.LeaderElection (LeaderElection.java:logAndReturn(56)) - 4b287a15-77af-487b-aef7-34d1d0ee189f@group-83C26644CFDA-LeaderElection285: Election TIMEOUT; received 0 response(s) [] and 0 exception(s); 4b287a15-77af-487b-aef7-34d1d0ee189f@group-83C26644CFDA:t295, leader=null, voted=4b287a15-77af-487b-aef7-34d1d0ee189f, raftlog=4b287a15-77af-487b-aef7-34d1d0ee189f@group-83C26644CFDA-SegmentedRaftLog:OPENED:c-1,f-1,i0, conf=-1: [4b287a15-77af-487b-aef7-34d1d0ee189f:192.168.34.38:38597, 0aa3649f-570d-46c6-937f-492d7f3a8364:192.168.34.38:33209, 4a03179f-3169-4ac7-a075-259968512ef0:192.168.34.38:45833], old=null
2019-10-16 21:01:56,415 [4b287a15-77af-487b-aef7-34d1d0ee189f@group-83C26644CFDA-LeaderElection285] INFO  impl.LeaderElection (LeaderElection.java:askForVotes(178)) - 4b287a15-77af-487b-aef7-34d1d0ee189f@group-83C26644CFDA-LeaderElection285: begin an election at term 296 for -1: [4b287a15-77af-487b-aef7-34d1d0ee189f:192.168.34.38:38597, 0aa3649f-570d-46c6-937f-492d7f3a8364:192.168.34.38:33209, 4a03179f-3169-4ac7-a075-259968512ef0:192.168.34.38:45833], old=null
2019-10-16 21:01:56,443 [grpc-default-executor-2] INFO  impl.RaftServerImpl (RaftServerImpl.java:setRole(184)) - 4a03179f-3169-4ac7-a075-259968512ef0@group-83C26644CFDA: changes role from  FOLLOWER to FOLLOWER at term 296 for recognizeCandidate:4b287a15-77af-487b-aef7-34d1d0ee189f
2019-10-16 21:01:56,444 [grpc-default-executor-2] INFO  impl.RoleInfo (RoleInfo.java:shutdownFollowerState(121)) - 4a03179f-3169-4ac7-a075-259968512ef0: shutdown FollowerState
2019-10-16 21:01:56,444 [grpc-default-executor-2] INFO  impl.RoleInfo (RoleInfo.java:updateAndGet(143)) - 4a03179f-3169-4ac7-a075-259968512ef0: start FollowerState
2019-10-16 21:01:56,444 [Thread-2071] INFO  impl.FollowerState (FollowerState.java:run(117)) - 4a03179f-3169-4ac7-a075-259968512ef0@group-83C26644CFDA-FollowerState was interrupted: java.lang.InterruptedException: sleep interrupted
2019-10-16 21:01:56,444 [grpc-default-executor-1] INFO  impl.RaftServerImpl (RaftServerImpl.java:setRole(184)) - 0aa3649f-570d-46c6-937f-492d7f3a8364@group-83C26644CFDA: changes role from  FOLLOWER to FOLLOWER at term 296 for recognizeCandidate:4b287a15-77af-487b-aef7-34d1d0ee189f
2019-10-16 21:01:56,444 [grpc-default-executor-1] INFO  impl.RoleInfo (RoleInfo.java:shutdownFollowerState(121)) - 0aa3649f-570d-46c6-937f-492d7f3a8364: shutdown FollowerState
2019-10-16 21:01:56,444 [grpc-default-executor-1] INFO  impl.RoleInfo (RoleInfo.java:updateAndGet(143)) - 0aa3649f-570d-46c6-937f-492d7f3a8364: start FollowerState
2019-10-16 21:01:56,444 [Thread-2072] INFO  impl.FollowerState (FollowerState.java:run(117)) - 0aa3649f-570d-46c6-937f-492d7f3a8364@group-83C26644CFDA-FollowerState was interrupted: java.lang.InterruptedException: sleep interrupted
2019-10-16 21:01:56,470 [4b287a15-77af-487b-aef7-34d1d0ee189f@group-83C26644CFDA-LeaderElection285] INFO  impl.LeaderElection (LeaderElection.java:logAndReturn(56)) - 4b287a15-77af-487b-aef7-34d1d0ee189f@group-83C26644CFDA-LeaderElection285: Election REJECTED; received 2 response(s) [4b287a15-77af-487b-aef7-34d1d0ee189f<-0aa3649f-570d-46c6-937f-492d7f3a8364#0:FAIL-t296, 4b287a15-77af-487b-aef7-34d1d0ee189f<-4a03179f-3169-4ac7-a075-259968512ef0#0:FAIL-t296] and 0 exception(s); 4b287a15-77af-487b-aef7-34d1d0ee189f@group-83C26644CFDA:t296, leader=null, voted=4b287a15-77af-487b-aef7-34d1d0ee189f, raftlog=4b287a15-77af-487b-aef7-34d1d0ee189f@group-83C26644CFDA-SegmentedRaftLog:OPENED:c-1,f-1,i0, conf=-1: [4b287a15-77af-487b-aef7-34d1d0ee189f:192.168.34.38:38597, 0aa3649f-570d-46c6-937f-492d7f3a8364:192.168.34.38:33209, 4a03179f-3169-4ac7-a075-259968512ef0:192.168.34.38:45833], old=null
2019-10-16 21:01:56,470 [4b287a15-77af-487b-aef7-34d1d0ee189f@group-83C26644CFDA-LeaderElection285] INFO  impl.RaftServerImpl (RaftServerImpl.java:setRole(184)) - 4b287a15-77af-487b-aef7-34d1d0ee189f@group-83C26644CFDA: changes role from CANDIDATE to FOLLOWER at term 296 for DISCOVERED_A_NEW_TERM
2019-10-16 21:01:56,470 [4b287a15-77af-487b-aef7-34d1d0ee189f@group-83C26644CFDA-LeaderElection285] INFO  impl.RoleInfo (RoleInfo.java:shutdownLeaderElection(134)) - 4b287a15-77af-487b-aef7-34d1d0ee189f: shutdown LeaderElection
2019-10-16 21:01:56,471 [4b287a15-77af-487b-aef7-34d1d0ee189f@group-83C26644CFDA-LeaderElection285] INFO  impl.RoleInfo (RoleInfo.java:updateAndGet(143)) - 4b287a15-77af-487b-aef7-34d1d0ee189f: start FollowerState
2019-10-16 21:01:56,635 [Thread-2077] INFO  impl.FollowerState (FollowerState.java:run(108)) - 4b287a15-77af-487b-aef7-34d1d0ee189f@group-83C26644CFDA-FollowerState: change to CANDIDATE, lastRpcTime:164ms, electionTimeout:164ms
2019-10-16 21:01:56,635 [Thread-2077] INFO  impl.RoleInfo (RoleInfo.java:shutdownFollowerState(121)) - 4b287a15-77af-487b-aef7-34d1d0ee189f: shutdown FollowerState
2019-10-16 21:01:56,636 [Thread-2077] INFO  impl.RaftServerImpl (RaftServerImpl.java:setRole(184)) - 4b287a15-77af-487b-aef7-34d1d0ee189f@group-83C26644CFDA: changes role from  FOLLOWER to CANDIDATE at term 296 for changeToCandidate
2019-10-16 21:01:56,636 [Thread-2077] INFO  impl.RoleInfo (RoleInfo.java:updateAndGet(143)) - 4b287a15-77af-487b-aef7-34d1d0ee189f: start LeaderElection
2019-10-16 21:01:56,655 [4b287a15-77af-487b-aef7-34d1d0ee189f@group-83C26644CFDA-LeaderElection286] INFO  impl.LeaderElection (LeaderElection.java:askForVotes(178)) - 4b287a15-77af-487b-aef7-34d1d0ee189f@group-83C26644CFDA-LeaderElection286: begin an election at term 297 for -1: [4b287a15-77af-487b-aef7-34d1d0ee189f:192.168.34.38:38597, 0aa3649f-570d-46c6-937f-492d7f3a8364:192.168.34.38:33209, 4a03179f-3169-4ac7-a075-259968512ef0:192.168.34.38:45833], old=null
2019-10-16 21:01:56,658 [grpc-default-executor-1] INFO  impl.RaftServerImpl (RaftServerImpl.java:setRole(184)) - 0aa3649f-570d-46c6-937f-492d7f3a8364@group-83C26644CFDA: changes role from  FOLLOWER to FOLLOWER at term 297 for recognizeCandidate:4b287a15-77af-487b-aef7-34d1d0ee189f
2019-10-16 21:01:56,658 [grpc-default-executor-2] INFO  impl.RaftServerImpl (RaftServerImpl.java:setRole(184)) - 4a03179f-3169-4ac7-a075-259968512ef0@group-83C26644CFDA: changes role from  FOLLOWER to FOLLOWER at term 297 for recognizeCandidate:4b287a15-77af-487b-aef7-34d1d0ee189f
2019-10-16 21:01:56,658 [grpc-default-executor-2] INFO  impl.RoleInfo (RoleInfo.java:shutdownFollowerState(121)) - 4a03179f-3169-4ac7-a075-259968512ef0: shutdown FollowerState
2019-10-16 21:01:56,658 [grpc-default-executor-1] INFO  impl.RoleInfo (RoleInfo.java:shutdownFollowerState(121)) - 0aa3649f-570d-46c6-937f-492d7f3a8364: shutdown FollowerState
2019-10-16 21:01:56,659 [Thread-2075] INFO  impl.FollowerState (FollowerState.java:run(117)) - 4a03179f-3169-4ac7-a075-259968512ef0@group-83C26644CFDA-FollowerState was interrupted: java.lang.InterruptedException: sleep interrupted
2019-10-16 21:01:56,659 [grpc-default-executor-2] INFO  impl.RoleInfo (RoleInfo.java:updateAndGet(143)) - 4a03179f-3169-4ac7-a075-259968512ef0: start FollowerState
2019-10-16 21:01:56,659 [Thread-2076] INFO  impl.FollowerState (FollowerState.java:run(117)) - 0aa3649f-570d-46c6-937f-492d7f3a8364@group-83C26644CFDA-FollowerState was interrupted: java.lang.InterruptedException: sleep interrupted
2019-10-16 21:01:56,659 [grpc-default-executor-1] INFO  impl.RoleInfo (RoleInfo.java:updateAndGet(143)) - 0aa3649f-570d-46c6-937f-492d7f3a8364: start FollowerState
2019-10-16 21:01:56,671 [4b287a15-77af-487b-aef7-34d1d0ee189f@group-83C26644CFDA-LeaderElection286] INFO  impl.LeaderElection (LeaderElection.java:logAndReturn(56)) - 4b287a15-77af-487b-aef7-34d1d0ee189f@group-83C26644CFDA-LeaderElection286: Election REJECTED; received 2 response(s) [4b287a15-77af-487b-aef7-34d1d0ee189f<-0aa3649f-570d-46c6-937f-492d7f3a8364#0:FAIL-t297, 4b287a15-77af-487b-aef7-34d1d0ee189f<-4a03179f-3169-4ac7-a075-259968512ef0#0:FAIL-t297] and 0 exception(s); 4b287a15-77af-487b-aef7-34d1d0ee189f@group-83C26644CFDA:t297, leader=null, voted=4b287a15-77af-487b-aef7-34d1d0ee189f, raftlog=4b287a15-77af-487b-aef7-34d1d0ee189f@group-83C26644CFDA-SegmentedRaftLog:OPENED:c-1,f-1,i0, conf=-1: [4b287a15-77af-487b-aef7-34d1d0ee189f:192.168.34.38:38597, 0aa3649f-570d-46c6-937f-492d7f3a8364:192.168.34.38:33209, 4a03179f-3169-4ac7-a075-259968512ef0:192.168.34.38:45833], old=null
2019-10-16 21:01:56,671 [4b287a15-77af-487b-aef7-34d1d0ee189f@group-83C26644CFDA-LeaderElection286] INFO  impl.RaftServerImpl (RaftServerImpl.java:setRole(184)) - 4b287a15-77af-487b-aef7-34d1d0ee189f@group-83C26644CFDA: changes role from CANDIDATE to FOLLOWER at term 297 for DISCOVERED_A_NEW_TERM
2019-10-16 21:01:56,671 [4b287a15-77af-487b-aef7-34d1d0ee189f@group-83C26644CFDA-LeaderElection286] INFO  impl.RoleInfo (RoleInfo.java:shutdownLeaderElection(134)) - 4b287a15-77af-487b-aef7-34d1d0ee189f: shutdown LeaderElection
2019-10-16 21:01:56,671 [4b287a15-77af-487b-aef7-34d1d0ee189f@group-83C26644CFDA-LeaderElection286] INFO  impl.RoleInfo (RoleInfo.java:updateAndGet(143)) - 4b287a15-77af-487b-aef7-34d1d0ee189f: start FollowerState
2019-10-16 21:01:56,737 [Thread-2083] INFO  impl.FollowerState (FollowerState.java:run(108)) - 4b287a15-77af-487b-aef7-34d1d0ee189f@group-83C26644CFDA-FollowerState: change to CANDIDATE, lastRpcTime:66ms, electionTimeout:66ms
2019-10-16 21:01:56,738 [Thread-2083] INFO  impl.RoleInfo (RoleInfo.java:shutdownFollowerState(121)) - 4b287a15-77af-487b-aef7-34d1d0ee189f: shutdown FollowerState
2019-10-16 21:01:56,738 [Thread-2083] INFO  impl.RaftServerImpl (RaftServerImpl.java:setRole(184)) - 4b287a15-77af-487b-aef7-34d1d0ee189f@group-83C26644CFDA: changes role from  FOLLOWER to CANDIDATE at term 297 for changeToCandidate
2019-10-16 21:01:56,738 [Thread-2083] INFO  impl.RoleInfo (RoleInfo.java:updateAndGet(143)) - 4b287a15-77af-487b-aef7-34d1d0ee189f: start LeaderElection
2019-10-16 21:01:56,751 [4b287a15-77af-487b-aef7-34d1d0ee189f@group-83C26644CFDA-LeaderElection287] INFO  impl.LeaderElection (LeaderElection.java:askForVotes(178)) - 4b287a15-77af-487b-aef7-34d1d0ee189f@group-83C26644CFDA-LeaderElection287: begin an election at term 298 for -1: [4b287a15-77af-487b-aef7-34d1d0ee189f:192.168.34.38:38597, 0aa3649f-570d-46c6-937f-492d7f3a8364:192.168.34.38:33209, 4a03179f-3169-4ac7-a075-259968512ef0:192.168.34.38:45833], old=null
2019-10-16 21:01:56,753 [grpc-default-executor-1] INFO  impl.RaftServerImpl (RaftServerImpl.java:setRole(184)) - 4a03179f-3169-4ac7-a075-259968512ef0@group-83C26644CFDA: changes role from  FOLLOWER to FOLLOWER at term 298 for recognizeCandidate:4b287a15-77af-487b-aef7-34d1d0ee189f
2019-10-16 21:01:56,753 [grpc-default-executor-2] INFO  impl.RaftServerImpl (RaftServerImpl.java:setRole(184)) - 0aa3649f-570d-46c6-937f-492d7f3a8364@group-83C26644CFDA: changes role from  FOLLOWER to FOLLOWER at term 298 for recognizeCandidate:4b287a15-77af-487b-aef7-34d1d0ee189f
2019-10-16 21:01:56,753 [grpc-default-executor-1] INFO  impl.RoleInfo (RoleInfo.java:shutdownFollowerState(121)) - 4a03179f-3169-4ac7-a075-259968512ef0: shutdown FollowerState
2019-10-16 21:01:56,754 [grpc-default-executor-2] INFO  impl.RoleInfo (RoleInfo.java:shutdownFollowerState(121)) - 0aa3649f-570d-46c6-937f-492d7f3a8364: shutdown FollowerState
2019-10-16 21:01:56,754 [Thread-2081] INFO  impl.FollowerState (FollowerState.java:run(117)) - 4a03179f-3169-4ac7-a075-259968512ef0@group-83C26644CFDA-FollowerState was interrupted: java.lang.InterruptedException: sleep interrupted
2019-10-16 21:01:56,754 [grpc-default-executor-1] INFO  impl.RoleInfo (RoleInfo.java:updateAndGet(143)) - 4a03179f-3169-4ac7-a075-259968512ef0: start FollowerState
2019-10-16 21:01:56,754 [Thread-2082] INFO  impl.FollowerState (FollowerState.java:run(117)) - 0aa3649f-570d-46c6-937f-492d7f3a8364@group-83C26644CFDA-FollowerState was interrupted: java.lang.InterruptedException: sleep interrupted
2019-10-16 21:01:56,754 [grpc-default-executor-2] INFO  impl.RoleInfo (RoleInfo.java:updateAndGet(143)) - 0aa3649f-570d-46c6-937f-492d7f3a8364: start FollowerState
2019-10-16 21:01:56,760 [4b287a15-77af-487b-aef7-34d1d0ee189f@group-83C26644CFDA-LeaderElection287] INFO  impl.LeaderElection (LeaderElection.java:logAndReturn(56)) - 4b287a15-77af-487b-aef7-34d1d0ee189f@group-83C26644CFDA-LeaderElection287: Election TIMEOUT; received 0 response(s) [] and 0 exception(s); 4b287a15-77af-487b-aef7-34d1d0ee189f@group-83C26644CFDA:t298, leader=null, voted=4b287a15-77af-487b-aef7-34d1d0ee189f, raftlog=4b287a15-77af-487b-aef7-34d1d0ee189f@group-83C26644CFDA-SegmentedRaftLog:OPENED:c-1,f-1,i0, conf=-1: [4b287a15-77af-487b-aef7-34d1d0ee189f:192.168.34.38:38597, 0aa3649f-570d-46c6-937f-492d7f3a8364:192.168.34.38:33209, 4a03179f-3169-4ac7-a075-259968512ef0:192.168.34.38:45833], old=null
2019-10-16 21:01:56,795 [4b287a15-77af-487b-aef7-34d1d0ee189f@group-83C26644CFDA-LeaderElection287] INFO  impl.LeaderElection (LeaderElection.java:askForVotes(178)) - 4b287a15-77af-487b-aef7-34d1d0ee189f@group-83C26644CFDA-LeaderElection287: begin an election at term 299 for -1: [4b287a15-77af-487b-aef7-34d1d0ee189f:192.168.34.38:38597, 0aa3649f-570d-46c6-937f-492d7f3a8364:192.168.34.38:33209, 4a03179f-3169-4ac7-a075-259968512ef0:192.168.34.38:45833], old=null
2019-10-16 21:01:56,796 [grpc-default-executor-1] INFO  impl.RaftServerImpl (RaftServerImpl.java:setRole(184)) - 0aa3649f-570d-46c6-937f-492d7f3a8364@group-83C26644CFDA: changes role from  FOLLOWER to FOLLOWER at term 299 for recognizeCandidate:4b287a15-77af-487b-aef7-34d1d0ee189f
2019-10-16 21:01:56,796 [grpc-default-executor-1] INFO  impl.RoleInfo (RoleInfo.java:shutdownFollowerState(121)) - 0aa3649f-570d-46c6-937f-492d7f3a8364: shutdown FollowerState
2019-10-16 21:01:56,796 [grpc-default-executor-2] INFO  impl.RaftServerImpl (RaftServerImpl.java:setRole(184)) - 4a03179f-3169-4ac7-a075-259968512ef0@group-83C26644CFDA: changes role from  FOLLOWER to FOLLOWER at term 299 for recognizeCandidate:4b287a15-77af-487b-aef7-34d1d0ee189f
2019-10-16 21:01:56,797 [Thread-2088] INFO  impl.FollowerState (FollowerState.java:run(117)) - 0aa3649f-570d-46c6-937f-492d7f3a8364@group-83C26644CFDA-FollowerState was interrupted: java.lang.InterruptedException: sleep interrupted
2019-10-16 21:01:56,797 [grpc-default-executor-1] INFO  impl.RoleInfo (RoleInfo.java:updateAndGet(143)) - 0aa3649f-570d-46c6-937f-492d7f3a8364: start FollowerState
2019-10-16 21:01:56,797 [grpc-default-executor-2] INFO  impl.RoleInfo (RoleInfo.java:shutdownFollowerState(121)) - 4a03179f-3169-4ac7-a075-259968512ef0: shutdown FollowerState
2019-10-16 21:01:56,797 [Thread-2087] INFO  impl.FollowerState (FollowerState.java:run(117)) - 4a03179f-3169-4ac7-a075-259968512ef0@group-83C26644CFDA-FollowerState was interrupted: java.lang.InterruptedException: sleep interrupted
2019-10-16 21:01:56,797 [grpc-default-executor-2] INFO  impl.RoleInfo (RoleInfo.java:updateAndGet(143)) - 4a03179f-3169-4ac7-a075-259968512ef0: start FollowerState
2019-10-16 21:01:56,812 [4b287a15-77af-487b-aef7-34d1d0ee189f@group-83C26644CFDA-LeaderElection287] INFO  impl.LeaderElection (LeaderElection.java:logAndReturn(56)) - 4b287a15-77af-487b-aef7-34d1d0ee189f@group-83C26644CFDA-LeaderElection287: Election REJECTED; received 2 response(s) [4b287a15-77af-487b-aef7-34d1d0ee189f<-0aa3649f-570d-46c6-937f-492d7f3a8364#0:FAIL-t299, 4b287a15-77af-487b-aef7-34d1d0ee189f<-4a03179f-3169-4ac7-a075-259968512ef0#0:FAIL-t299] and 0 exception(s); 4b287a15-77af-487b-aef7-34d1d0ee189f@group-83C26644CFDA:t299, leader=null, voted=4b287a15-77af-487b-aef7-34d1d0ee189f, raftlog=4b287a15-77af-487b-aef7-34d1d0ee189f@group-83C26644CFDA-SegmentedRaftLog:OPENED:c-1,f-1,i0, conf=-1: [4b287a15-77af-487b-aef7-34d1d0ee189f:192.168.34.38:38597, 0aa3649f-570d-46c6-937f-492d7f3a8364:192.168.34.38:33209, 4a03179f-3169-4ac7-a075-259968512ef0:192.168.34.38:45833], old=null
2019-10-16 21:01:56,812 [4b287a15-77af-487b-aef7-34d1d0ee189f@group-83C26644CFDA-LeaderElection287] INFO  impl.RaftServerImpl (RaftServerImpl.java:setRole(184)) - 4b287a15-77af-487b-aef7-34d1d0ee189f@group-83C26644CFDA: changes role from CANDIDATE to FOLLOWER at term 299 for DISCOVERED_A_NEW_TERM
2019-10-16 21:01:56,812 [4b287a15-77af-487b-aef7-34d1d0ee189f@group-83C26644CFDA-LeaderElection287] INFO  impl.RoleInfo (RoleInfo.java:shutdownLeaderElection(134)) - 4b287a15-77af-487b-aef7-34d1d0ee189f: shutdown LeaderElection
2019-10-16 21:01:56,812 [4b287a15-77af-487b-aef7-34d1d0ee189f@group-83C26644CFDA-LeaderElection287] INFO  impl.RoleInfo (RoleInfo.java:updateAndGet(143)) - 4b287a15-77af-487b-aef7-34d1d0ee189f: start FollowerState
2019-10-16 21:01:56,820 [Thread-2093] INFO  impl.FollowerState (FollowerState.java:run(108)) - 4b287a15-77af-487b-aef7-34d1d0ee189f@group-83C26644CFDA-FollowerState: change to CANDIDATE, lastRpcTime:8ms, electionTimeout:8ms
2019-10-16 21:01:56,820 [Thread-2093] INFO  impl.RoleInfo (RoleInfo.java:shutdownFollowerState(121)) - 4b287a15-77af-487b-aef7-34d1d0ee189f: shutdown FollowerState
2019-10-16 21:01:56,821 [Thread-2093] INFO  impl.RaftServerImpl (RaftServerImpl.java:setRole(184)) - 4b287a15-77af-487b-aef7-34d1d0ee189f@group-83C26644CFDA: changes role from  FOLLOWER to CANDIDATE at term 299 for changeToCandidate
2019-10-16 21:01:56,821 [Thread-2093] INFO  impl.RoleInfo (RoleInfo.java:updateAndGet(143)) - 4b287a15-77af-487b-aef7-34d1d0ee189f: start LeaderElection
2019-10-16 21:01:56,848 [4b287a15-77af-487b-aef7-34d1d0ee189f@group-83C26644CFDA-LeaderElection288] INFO  impl.LeaderElection (LeaderElection.java:askForVotes(178)) - 4b287a15-77af-487b-aef7-34d1d0ee189f@group-83C26644CFDA-LeaderElection288: begin an election at term 300 for -1: [4b287a15-77af-487b-aef7-34d1d0ee189f:192.168.34.38:38597, 0aa3649f-570d-46c6-937f-492d7f3a8364:192.168.34.38:33209, 4a03179f-3169-4ac7-a075-259968512ef0:192.168.34.38:45833], old=null
2019-10-16 21:01:56,850 [grpc-default-executor-1] INFO  impl.RaftServerImpl (RaftServerImpl.java:setRole(184)) - 0aa3649f-570d-46c6-937f-492d7f3a8364@group-83C26644CFDA: changes role from  FOLLOWER to FOLLOWER at term 300 for recognizeCandidate:4b287a15-77af-487b-aef7-34d1d0ee189f
2019-10-16 21:01:56,850 [grpc-default-executor-1] INFO  impl.RoleInfo (RoleInfo.java:shutdownFollowerState(121)) - 0aa3649f-570d-46c6-937f-492d7f3a8364: shutdown FollowerState
2019-10-16 21:01:56,850 [grpc-default-executor-2] INFO  impl.RaftServerImpl (RaftServerImpl.java:setRole(184)) - 4a03179f-3169-4ac7-a075-259968512ef0@group-83C26644CFDA: changes role from  FOLLOWER to FOLLOWER at term 300 for recognizeCandidate:4b287a15-77af-487b-aef7-34d1d0ee189f
2019-10-16 21:01:56,850 [Thread-2091] INFO  impl.FollowerState (FollowerState.java:run(117)) - 0aa3649f-570d-46c6-937f-492d7f3a8364@group-83C26644CFDA-FollowerState was interrupted: java.lang.InterruptedException: sleep interrupted
2019-10-16 21:01:56,850 [grpc-default-executor-1] INFO  impl.RoleInfo (RoleInfo.java:updateAndGet(143)) - 0aa3649f-570d-46c6-937f-492d7f3a8364: start FollowerState
2019-10-16 21:01:56,850 [grpc-default-executor-2] INFO  impl.RoleInfo (RoleInfo.java:shutdownFollowerState(121)) - 4a03179f-3169-4ac7-a075-259968512ef0: shutdown FollowerState
2019-10-16 21:01:56,851 [grpc-default-executor-2] INFO  impl.RoleInfo (RoleInfo.java:updateAndGet(143)) - 4a03179f-3169-4ac7-a075-259968512ef0: start FollowerState
2019-10-16 21:01:56,851 [Thread-2092] INFO  impl.FollowerState (FollowerState.java:run(117)) - 4a03179f-3169-4ac7-a075-259968512ef0@group-83C26644CFDA-FollowerState was interrupted: java.lang.InterruptedException: sleep interrupted
2019-10-16 21:01:56,864 [4b287a15-77af-487b-aef7-34d1d0ee189f@group-83C26644CFDA-LeaderElection288] INFO  impl.LeaderElection (LeaderElection.java:logAndReturn(56)) - 4b287a15-77af-487b-aef7-34d1d0ee189f@group-83C26644CFDA-LeaderElection288: Election REJECTED; received 2 response(s) [4b287a15-77af-487b-aef7-34d1d0ee189f<-0aa3649f-570d-46c6-937f-492d7f3a8364#0:FAIL-t300, 4b287a15-77af-487b-aef7-34d1d0ee189f<-4a03179f-3169-4ac7-a075-259968512ef0#0:FAIL-t300] and 0 exception(s); 4b287a15-77af-487b-aef7-34d1d0ee189f@group-83C26644CFDA:t300, leader=null, voted=4b287a15-77af-487b-aef7-34d1d0ee189f, raftlog=4b287a15-77af-487b-aef7-34d1d0ee189f@group-83C26644CFDA-SegmentedRaftLog:OPENED:c-1,f-1,i0, conf=-1: [4b287a15-77af-487b-aef7-34d1d0ee189f:192.168.34.38:38597, 0aa3649f-570d-46c6-937f-492d7f3a8364:192.168.34.38:33209, 4a03179f-3169-4ac7-a075-259968512ef0:192.168.34.38:45833], old=null
2019-10-16 21:01:56,865 [4b287a15-77af-487b-aef7-34d1d0ee189f@group-83C26644CFDA-LeaderElection288] INFO  impl.RaftServerImpl (RaftServerImpl.java:setRole(184)) - 4b287a15-77af-487b-aef7-34d1d0ee189f@group-83C26644CFDA: changes role from CANDIDATE to FOLLOWER at term 300 for DISCOVERED_A_NEW_TERM
2019-10-16 21:01:56,865 [4b287a15-77af-487b-aef7-34d1d0ee189f@group-83C26644CFDA-LeaderElection288] INFO  impl.RoleInfo (RoleInfo.java:shutdownLeaderElection(134)) - 4b287a15-77af-487b-aef7-34d1d0ee189f: shutdown LeaderElection
2019-10-16 21:01:56,865 [4b287a15-77af-487b-aef7-34d1d0ee189f@group-83C26644CFDA-LeaderElection288] INFO  impl.RoleInfo (RoleInfo.java:updateAndGet(143)) - 4b287a15-77af-487b-aef7-34d1d0ee189f: start FollowerState
2019-10-16 21:01:56,995 [Thread-2099] INFO  impl.FollowerState (FollowerState.java:run(108)) - 4b287a15-77af-487b-aef7-34d1d0ee189f@group-83C26644CFDA-FollowerState: change to CANDIDATE, lastRpcTime:130ms, electionTimeout:130ms
2019-10-16 21:01:56,995 [Thread-2099] INFO  impl.RoleInfo (RoleInfo.java:shutdownFollowerState(121)) - 4b287a15-77af-487b-aef7-34d1d0ee189f: shutdown FollowerState
2019-10-16 21:01:56,995 [Thread-2099] INFO  impl.RaftServerImpl (RaftServerImpl.java:setRole(184)) - 4b287a15-77af-487b-aef7-34d1d0ee189f@group-83C26644CFDA: changes role from  FOLLOWER to CANDIDATE at term 300 for changeToCandidate
2019-10-16 21:01:56,996 [Thread-2099] INFO  impl.RoleInfo (RoleInfo.java:updateAndGet(143)) - 4b287a15-77af-487b-aef7-34d1d0ee189f: start LeaderElection
2019-10-16 21:01:57,017 [4b287a15-77af-487b-aef7-34d1d0ee189f@group-83C26644CFDA-LeaderElection289] INFO  impl.LeaderElection (LeaderElection.java:askForVotes(178)) - 4b287a15-77af-487b-aef7-34d1d0ee189f@group-83C26644CFDA-LeaderElection289: begin an election at term 301 for -1: [4b287a15-77af-487b-aef7-34d1d0ee189f:192.168.34.38:38597, 0aa3649f-570d-46c6-937f-492d7f3a8364:192.168.34.38:33209, 4a03179f-3169-4ac7-a075-259968512ef0:192.168.34.38:45833], old=null
2019-10-16 21:01:57,020 [grpc-default-executor-1] INFO  impl.RaftServerImpl (RaftServerImpl.java:setRole(184)) - 0aa3649f-570d-46c6-937f-492d7f3a8364@group-83C26644CFDA: changes role from  FOLLOWER to FOLLOWER at term 301 for recognizeCandidate:4b287a15-77af-487b-aef7-34d1d0ee189f
2019-10-16 21:01:57,020 [grpc-default-executor-2] INFO  impl.RaftServerImpl (RaftServerImpl.java:setRole(184)) - 4a03179f-3169-4ac7-a075-259968512ef0@group-83C26644CFDA: changes role from  FOLLOWER to FOLLOWER at term 301 for recognizeCandidate:4b287a15-77af-487b-aef7-34d1d0ee189f
2019-10-16 21:01:57,020 [grpc-default-executor-2] INFO  impl.RoleInfo (RoleInfo.java:shutdownFollowerState(121)) - 4a03179f-3169-4ac7-a075-259968512ef0: shutdown FollowerState
2019-10-16 21:01:57,020 [grpc-default-executor-1] INFO  impl.RoleInfo (RoleInfo.java:shutdownFollowerState(121)) - 0aa3649f-570d-46c6-937f-492d7f3a8364: shutdown FollowerState
2019-10-16 21:01:57,020 [Thread-2098] INFO  impl.FollowerState (FollowerState.java:run(117)) - 4a03179f-3169-4ac7-a075-259968512ef0@group-83C26644CFDA-FollowerState was interrupted: java.lang.InterruptedException: sleep interrupted
2019-10-16 21:01:57,020 [grpc-default-executor-2] INFO  impl.RoleInfo (RoleInfo.java:updateAndGet(143)) - 4a03179f-3169-4ac7-a075-259968512ef0: start FollowerState
2019-10-16 21:01:57,021 [grpc-default-executor-1] INFO  impl.RoleInfo (RoleInfo.java:updateAndGet(143)) - 0aa3649f-570d-46c6-937f-492d7f3a8364: start FollowerState
2019-10-16 21:01:57,021 [Thread-2097] INFO  impl.FollowerState (FollowerState.java:run(117)) - 0aa3649f-570d-46c6-937f-492d7f3a8364@group-83C26644CFDA-FollowerState was interrupted: java.lang.InterruptedException: sleep interrupted
2019-10-16 21:01:57,047 [4b287a15-77af-487b-aef7-34d1d0ee189f@group-83C26644CFDA-LeaderElection289] INFO  impl.LeaderElection (LeaderElection.java:logAndReturn(56)) - 4b287a15-77af-487b-aef7-34d1d0ee189f@group-83C26644CFDA-LeaderElection289: Election REJECTED; received 2 response(s) [4b287a15-77af-487b-aef7-34d1d0ee189f<-0aa3649f-570d-46c6-937f-492d7f3a8364#0:FAIL-t301, 4b287a15-77af-487b-aef7-34d1d0ee189f<-4a03179f-3169-4ac7-a075-259968512ef0#0:FAIL-t301] and 0 exception(s); 4b287a15-77af-487b-aef7-34d1d0ee189f@group-83C26644CFDA:t301, leader=null, voted=4b287a15-77af-487b-aef7-34d1d0ee189f, raftlog=4b287a15-77af-487b-aef7-34d1d0ee189f@group-83C26644CFDA-SegmentedRaftLog:OPENED:c-1,f-1,i0, conf=-1: [4b287a15-77af-487b-aef7-34d1d0ee189f:192.168.34.38:38597, 0aa3649f-570d-46c6-937f-492d7f3a8364:192.168.34.38:33209, 4a03179f-3169-4ac7-a075-259968512ef0:192.168.34.38:45833], old=null
2019-10-16 21:01:57,047 [4b287a15-77af-487b-aef7-34d1d0ee189f@group-83C26644CFDA-LeaderElection289] INFO  impl.RaftServerImpl (RaftServerImpl.java:setRole(184)) - 4b287a15-77af-487b-aef7-34d1d0ee189f@group-83C26644CFDA: changes role from CANDIDATE to FOLLOWER at term 301 for DISCOVERED_A_NEW_TERM
2019-10-16 21:01:57,047 [4b287a15-77af-487b-aef7-34d1d0ee189f@group-83C26644CFDA-LeaderElection289] INFO  impl.RoleInfo (RoleInfo.java:shutdownLeaderElection(134)) - 4b287a15-77af-487b-aef7-34d1d0ee189f: shutdown LeaderElection
2019-10-16 21:01:57,047 [4b287a15-77af-487b-aef7-34d1d0ee189f@group-83C26644CFDA-LeaderElection289] INFO  impl.RoleInfo (RoleInfo.java:updateAndGet(143)) - 4b287a15-77af-487b-aef7-34d1d0ee189f: start FollowerState
2019-10-16 21:01:57,121 [Thread-2105] INFO  impl.FollowerState (FollowerState.java:run(108)) - 4b287a15-77af-487b-aef7-34d1d0ee189f@group-83C26644CFDA-FollowerState: change to CANDIDATE, lastRpcTime:74ms, electionTimeout:74ms
2019-10-16 21:01:57,121 [Thread-2105] INFO  impl.RoleInfo (RoleInfo.java:shutdownFollowerState(121)) - 4b287a15-77af-487b-aef7-34d1d0ee189f: shutdown FollowerState
2019-10-16 21:01:57,121 [Thread-2105] INFO  impl.RaftServerImpl (RaftServerImpl.java:setRole(184)) - 4b287a15-77af-487b-aef7-34d1d0ee189f@group-83C26644CFDA: changes role from  FOLLOWER to CANDIDATE at term 301 for changeToCandidate
2019-10-16 21:01:57,122 [Thread-2105] INFO  impl.RoleInfo (RoleInfo.java:updateAndGet(143)) - 4b287a15-77af-487b-aef7-34d1d0ee189f: start LeaderElection
2019-10-16 21:01:57,135 [4b287a15-77af-487b-aef7-34d1d0ee189f@group-83C26644CFDA-LeaderElection290] INFO  impl.LeaderElection (LeaderElection.java:askForVotes(178)) - 4b287a15-77af-487b-aef7-34d1d0ee189f@group-83C26644CFDA-LeaderElection290: begin an election at term 302 for -1: [4b287a15-77af-487b-aef7-34d1d0ee189f:192.168.34.38:38597, 0aa3649f-570d-46c6-937f-492d7f3a8364:192.168.34.38:33209, 4a03179f-3169-4ac7-a075-259968512ef0:192.168.34.38:45833], old=null
2019-10-16 21:01:57,137 [grpc-default-executor-2] INFO  impl.RaftServerImpl (RaftServerImpl.java:setRole(184)) - 0aa3649f-570d-46c6-937f-492d7f3a8364@group-83C26644CFDA: changes role from  FOLLOWER to FOLLOWER at term 302 for recognizeCandidate:4b287a15-77af-487b-aef7-34d1d0ee189f
2019-10-16 21:01:57,137 [grpc-default-executor-2] INFO  impl.RoleInfo (RoleInfo.java:shutdownFollowerState(121)) - 0aa3649f-570d-46c6-937f-492d7f3a8364: shutdown FollowerState
2019-10-16 21:01:57,137 [grpc-default-executor-1] INFO  impl.RaftServerImpl (RaftServerImpl.java:setRole(184)) - 4a03179f-3169-4ac7-a075-259968512ef0@group-83C26644CFDA: changes role from  FOLLOWER to FOLLOWER at term 302 for recognizeCandidate:4b287a15-77af-487b-aef7-34d1d0ee189f
2019-10-16 21:01:57,137 [grpc-default-executor-1] INFO  impl.RoleInfo (RoleInfo.java:shutdownFollowerState(121)) - 4a03179f-3169-4ac7-a075-259968512ef0: shutdown FollowerState
2019-10-16 21:01:57,137 [grpc-default-executor-2] INFO  impl.RoleInfo (RoleInfo.java:updateAndGet(143)) - 0aa3649f-570d-46c6-937f-492d7f3a8364: start FollowerState
2019-10-16 21:01:57,137 [Thread-2104] INFO  impl.FollowerState (FollowerState.java:run(117)) - 0aa3649f-570d-46c6-937f-492d7f3a8364@group-83C26644CFDA-FollowerState was interrupted: java.lang.InterruptedException: sleep interrupted
2019-10-16 21:01:57,138 [Thread-2103] INFO  impl.FollowerState (FollowerState.java:run(117)) - 4a03179f-3169-4ac7-a075-259968512ef0@group-83C26644CFDA-FollowerState was interrupted: java.lang.InterruptedException: sleep interrupted
2019-10-16 21:01:57,138 [grpc-default-executor-1] INFO  impl.RoleInfo (RoleInfo.java:updateAndGet(143)) - 4a03179f-3169-4ac7-a075-259968512ef0: start FollowerState
2019-10-16 21:01:57,151 [4b287a15-77af-487b-aef7-34d1d0ee189f@group-83C26644CFDA-LeaderElection290] INFO  impl.LeaderElection (LeaderElection.java:logAndReturn(56)) - 4b287a15-77af-487b-aef7-34d1d0ee189f@group-83C26644CFDA-LeaderElection290: Election REJECTED; received 2 response(s) [4b287a15-77af-487b-aef7-34d1d0ee189f<-0aa3649f-570d-46c6-937f-492d7f3a8364#0:FAIL-t302, 4b287a15-77af-487b-aef7-34d1d0ee189f<-4a03179f-3169-4ac7-a075-259968512ef0#0:FAIL-t302] and 0 exception(s); 4b287a15-77af-487b-aef7-34d1d0ee189f@group-83C26644CFDA:t302, leader=null, voted=4b287a15-77af-487b-aef7-34d1d0ee189f, raftlog=4b287a15-77af-487b-aef7-34d1d0ee189f@group-83C26644CFDA-SegmentedRaftLog:OPENED:c-1,f-1,i0, conf=-1: [4b287a15-77af-487b-aef7-34d1d0ee189f:192.168.34.38:38597, 0aa3649f-570d-46c6-937f-492d7f3a8364:192.168.34.38:33209, 4a03179f-3169-4ac7-a075-259968512ef0:192.168.34.38:45833], old=null
2019-10-16 21:01:57,151 [4b287a15-77af-487b-aef7-34d1d0ee189f@group-83C26644CFDA-LeaderElection290] INFO  impl.RaftServerImpl (RaftServerImpl.java:setRole(184)) - 4b287a15-77af-487b-aef7-34d1d0ee189f@group-83C26644CFDA: changes role from CANDIDATE to FOLLOWER at term 302 for DISCOVERED_A_NEW_TERM
2019-10-16 21:01:57,151 [4b287a15-77af-487b-aef7-34d1d0ee189f@group-83C26644CFDA-LeaderElection290] INFO  impl.RoleInfo (RoleInfo.java:shutdownLeaderElection(134)) - 4b287a15-77af-487b-aef7-34d1d0ee189f: shutdown LeaderElection
2019-10-16 21:01:57,151 [4b287a15-77af-487b-aef7-34d1d0ee189f@group-83C26644CFDA-LeaderElection290] INFO  impl.RoleInfo (RoleInfo.java:updateAndGet(143)) - 4b287a15-77af-487b-aef7-34d1d0ee189f: start FollowerState
2019-10-16 21:01:57,325 [Thread-2111] INFO  impl.FollowerState (FollowerState.java:run(108)) - 4b287a15-77af-487b-aef7-34d1d0ee189f@group-83C26644CFDA-FollowerState: change to CANDIDATE, lastRpcTime:173ms, electionTimeout:173ms
2019-10-16 21:01:57,325 [Thread-2111] INFO  impl.RoleInfo (RoleInfo.java:shutdownFollowerState(121)) - 4b287a15-77af-487b-aef7-34d1d0ee189f: shutdown FollowerState
2019-10-16 21:01:57,325 [Thread-2111] INFO  impl.RaftServerImpl (RaftServerImpl.java:setRole(184)) - 4b287a15-77af-487b-aef7-34d1d0ee189f@group-83C26644CFDA: changes role from  FOLLOWER to CANDIDATE at term 302 for changeToCandidate
2019-10-16 21:01:57,325 [Thread-2111] INFO  impl.RoleInfo (RoleInfo.java:updateAndGet(143)) - 4b287a15-77af-487b-aef7-34d1d0ee189f: start LeaderElection
2019-10-16 21:01:57,338 [4b287a15-77af-487b-aef7-34d1d0ee189f@group-83C26644CFDA-LeaderElection291] INFO  impl.LeaderElection (LeaderElection.java:askForVotes(178)) - 4b287a15-77af-487b-aef7-34d1d0ee189f@group-83C26644CFDA-LeaderElection291: begin an election at term 303 for -1: [4b287a15-77af-487b-aef7-34d1d0ee189f:192.168.34.38:38597, 0aa3649f-570d-46c6-937f-492d7f3a8364:192.168.34.38:33209, 4a03179f-3169-4ac7-a075-259968512ef0:192.168.34.38:45833], old=null
2019-10-16 21:01:57,341 [grpc-default-executor-1] INFO  impl.RaftServerImpl (RaftServerImpl.java:setRole(184)) - 4a03179f-3169-4ac7-a075-259968512ef0@group-83C26644CFDA: changes role from  FOLLOWER to FOLLOWER at term 303 for recognizeCandidate:4b287a15-77af-487b-aef7-34d1d0ee189f
2019-10-16 21:01:57,341 [grpc-default-executor-1] INFO  impl.RoleInfo (RoleInfo.java:shutdownFollowerState(121)) - 4a03179f-3169-4ac7-a075-259968512ef0: shutdown FollowerState
2019-10-16 21:01:57,341 [grpc-default-executor-2] INFO  impl.RaftServerImpl (RaftServerImpl.java:setRole(184)) - 0aa3649f-570d-46c6-937f-492d7f3a8364@group-83C26644CFDA: changes role from  FOLLOWER to FOLLOWER at term 303 for recognizeCandidate:4b287a15-77af-487b-aef7-34d1d0ee189f
2019-10-16 21:01:57,341 [Thread-2110] INFO  impl.FollowerState (FollowerState.java:run(117)) - 4a03179f-3169-4ac7-a075-259968512ef0@group-83C26644CFDA-FollowerState was interrupted: java.lang.InterruptedException: sleep interrupted
2019-10-16 21:01:57,341 [grpc-default-executor-1] INFO  impl.RoleInfo (RoleInfo.java:updateAndGet(143)) - 4a03179f-3169-4ac7-a075-259968512ef0: start FollowerState
2019-10-16 21:01:57,341 [grpc-default-executor-2] INFO  impl.RoleInfo (RoleInfo.java:shutdownFollowerState(121)) - 0aa3649f-570d-46c6-937f-492d7f3a8364: shutdown FollowerState
2019-10-16 21:01:57,342 [grpc-default-executor-2] INFO  impl.RoleInfo (RoleInfo.java:updateAndGet(143)) - 0aa3649f-570d-46c6-937f-492d7f3a8364: start FollowerState
2019-10-16 21:01:57,342 [Thread-2109] INFO  impl.FollowerState (FollowerState.java:run(117)) - 0aa3649f-570d-46c6-937f-492d7f3a8364@group-83C26644CFDA-FollowerState was interrupted: java.lang.InterruptedException: sleep interrupted
2019-10-16 21:01:57,356 [4b287a15-77af-487b-aef7-34d1d0ee189f@group-83C26644CFDA-LeaderElection291] INFO  impl.LeaderElection (LeaderElection.java:logAndReturn(56)) - 4b287a15-77af-487b-aef7-34d1d0ee189f@group-83C26644CFDA-LeaderElection291: Election REJECTED; received 2 response(s) [4b287a15-77af-487b-aef7-34d1d0ee189f<-0aa3649f-570d-46c6-937f-492d7f3a8364#0:FAIL-t303, 4b287a15-77af-487b-aef7-34d1d0ee189f<-4a03179f-3169-4ac7-a075-259968512ef0#0:FAIL-t303] and 0 exception(s); 4b287a15-77af-487b-aef7-34d1d0ee189f@group-83C26644CFDA:t303, leader=null, voted=4b287a15-77af-487b-aef7-34d1d0ee189f, raftlog=4b287a15-77af-487b-aef7-34d1d0ee189f@group-83C26644CFDA-SegmentedRaftLog:OPENED:c-1,f-1,i0, conf=-1: [4b287a15-77af-487b-aef7-34d1d0ee189f:192.168.34.38:38597, 0aa3649f-570d-46c6-937f-492d7f3a8364:192.168.34.38:33209, 4a03179f-3169-4ac7-a075-259968512ef0:192.168.34.38:45833], old=null
2019-10-16 21:01:57,356 [4b287a15-77af-487b-aef7-34d1d0ee189f@group-83C26644CFDA-LeaderElection291] INFO  impl.RaftServerImpl (RaftServerImpl.java:setRole(184)) - 4b287a15-77af-487b-aef7-34d1d0ee189f@group-83C26644CFDA: changes role from CANDIDATE to FOLLOWER at term 303 for DISCOVERED_A_NEW_TERM
2019-10-16 21:01:57,356 [4b287a15-77af-487b-aef7-34d1d0ee189f@group-83C26644CFDA-LeaderElection291] INFO  impl.RoleInfo (RoleInfo.java:shutdownLeaderElection(134)) - 4b287a15-77af-487b-aef7-34d1d0ee189f: shutdown LeaderElection
2019-10-16 21:01:57,356 [4b287a15-77af-487b-aef7-34d1d0ee189f@group-83C26644CFDA-LeaderElection291] INFO  impl.RoleInfo (RoleInfo.java:updateAndGet(143)) - 4b287a15-77af-487b-aef7-34d1d0ee189f: start FollowerState
2019-10-16 21:01:57,359 [main] INFO  ozone.MiniOzoneClusterImpl (MiniOzoneClusterImpl.java:lambda$waitForClusterToBeReady$2(164)) - Waiting for 1 number of pipelines out of 4, to report a leader.
2019-10-16 21:01:57,555 [Thread-2117] INFO  impl.FollowerState (FollowerState.java:run(108)) - 4b287a15-77af-487b-aef7-34d1d0ee189f@group-83C26644CFDA-FollowerState: change to CANDIDATE, lastRpcTime:199ms, electionTimeout:199ms
2019-10-16 21:01:57,556 [Thread-2117] INFO  impl.RoleInfo (RoleInfo.java:shutdownFollowerState(121)) - 4b287a15-77af-487b-aef7-34d1d0ee189f: shutdown FollowerState
2019-10-16 21:01:57,556 [Thread-2117] INFO  impl.RaftServerImpl (RaftServerImpl.java:setRole(184)) - 4b287a15-77af-487b-aef7-34d1d0ee189f@group-83C26644CFDA: changes role from  FOLLOWER to CANDIDATE at term 303 for changeToCandidate
2019-10-16 21:01:57,556 [Thread-2117] INFO  impl.RoleInfo (RoleInfo.java:updateAndGet(143)) - 4b287a15-77af-487b-aef7-34d1d0ee189f: start LeaderElection
2019-10-16 21:01:57,571 [4b287a15-77af-487b-aef7-34d1d0ee189f@group-83C26644CFDA-LeaderElection292] INFO  impl.LeaderElection (LeaderElection.java:askForVotes(178)) - 4b287a15-77af-487b-aef7-34d1d0ee189f@group-83C26644CFDA-LeaderElection292: begin an election at term 304 for -1: [4b287a15-77af-487b-aef7-34d1d0ee189f:192.168.34.38:38597, 0aa3649f-570d-46c6-937f-492d7f3a8364:192.168.34.38:33209, 4a03179f-3169-4ac7-a075-259968512ef0:192.168.34.38:45833], old=null
2019-10-16 21:01:57,574 [grpc-default-executor-1] INFO  impl.RaftServerImpl (RaftServerImpl.java:setRole(184)) - 0aa3649f-570d-46c6-937f-492d7f3a8364@group-83C26644CFDA: changes role from  FOLLOWER to FOLLOWER at term 304 for recognizeCandidate:4b287a15-77af-487b-aef7-34d1d0ee189f
2019-10-16 21:01:57,574 [grpc-default-executor-1] INFO  impl.RoleInfo (RoleInfo.java:shutdownFollowerState(121)) - 0aa3649f-570d-46c6-937f-492d7f3a8364: shutdown FollowerState
2019-10-16 21:01:57,574 [grpc-default-executor-2] INFO  impl.RaftServerImpl (RaftServerImpl.java:setRole(184)) - 4a03179f-3169-4ac7-a075-259968512ef0@group-83C26644CFDA: changes role from  FOLLOWER to FOLLOWER at term 304 for recognizeCandidate:4b287a15-77af-487b-aef7-34d1d0ee189f
2019-10-16 21:01:57,575 [Thread-2116] INFO  impl.FollowerState (FollowerState.java:run(117)) - 0aa3649f-570d-46c6-937f-492d7f3a8364@group-83C26644CFDA-FollowerState was interrupted: java.lang.InterruptedException: sleep interrupted
2019-10-16 21:01:57,575 [grpc-default-executor-1] INFO  impl.RoleInfo (RoleInfo.java:updateAndGet(143)) - 0aa3649f-570d-46c6-937f-492d7f3a8364: start FollowerState
2019-10-16 21:01:57,575 [grpc-default-executor-2] INFO  impl.RoleInfo (RoleInfo.java:shutdownFollowerState(121)) - 4a03179f-3169-4ac7-a075-259968512ef0: shutdown FollowerState
2019-10-16 21:01:57,575 [grpc-default-executor-2] INFO  impl.RoleInfo (RoleInfo.java:updateAndGet(143)) - 4a03179f-3169-4ac7-a075-259968512ef0: start FollowerState
2019-10-16 21:01:57,575 [Thread-2115] INFO  impl.FollowerState (FollowerState.java:run(117)) - 4a03179f-3169-4ac7-a075-259968512ef0@group-83C26644CFDA-FollowerState was interrupted: java.lang.InterruptedException: sleep interrupted
2019-10-16 21:01:57,586 [4b287a15-77af-487b-aef7-34d1d0ee189f@group-83C26644CFDA-LeaderElection292] INFO  impl.LeaderElection (LeaderElection.java:logAndReturn(56)) - 4b287a15-77af-487b-aef7-34d1d0ee189f@group-83C26644CFDA-LeaderElection292: Election REJECTED; received 2 response(s) [4b287a15-77af-487b-aef7-34d1d0ee189f<-0aa3649f-570d-46c6-937f-492d7f3a8364#0:FAIL-t304, 4b287a15-77af-487b-aef7-34d1d0ee189f<-4a03179f-3169-4ac7-a075-259968512ef0#0:FAIL-t304] and 0 exception(s); 4b287a15-77af-487b-aef7-34d1d0ee189f@group-83C26644CFDA:t304, leader=null, voted=4b287a15-77af-487b-aef7-34d1d0ee189f, raftlog=4b287a15-77af-487b-aef7-34d1d0ee189f@group-83C26644CFDA-SegmentedRaftLog:OPENED:c-1,f-1,i0, conf=-1: [4b287a15-77af-487b-aef7-34d1d0ee189f:192.168.34.38:38597, 0aa3649f-570d-46c6-937f-492d7f3a8364:192.168.34.38:33209, 4a03179f-3169-4ac7-a075-259968512ef0:192.168.34.38:45833], old=null
2019-10-16 21:01:57,586 [4b287a15-77af-487b-aef7-34d1d0ee189f@group-83C26644CFDA-LeaderElection292] INFO  impl.RaftServerImpl (RaftServerImpl.java:setRole(184)) - 4b287a15-77af-487b-aef7-34d1d0ee189f@group-83C26644CFDA: changes role from CANDIDATE to FOLLOWER at term 304 for DISCOVERED_A_NEW_TERM
2019-10-16 21:01:57,586 [4b287a15-77af-487b-aef7-34d1d0ee189f@group-83C26644CFDA-LeaderElection292] INFO  impl.RoleInfo (RoleInfo.java:shutdownLeaderElection(134)) - 4b287a15-77af-487b-aef7-34d1d0ee189f: shutdown LeaderElection
2019-10-16 21:01:57,586 [4b287a15-77af-487b-aef7-34d1d0ee189f@group-83C26644CFDA-LeaderElection292] INFO  impl.RoleInfo (RoleInfo.java:updateAndGet(143)) - 4b287a15-77af-487b-aef7-34d1d0ee189f: start FollowerState
2019-10-16 21:01:57,743 [Thread-2123] INFO  impl.FollowerState (FollowerState.java:run(108)) - 4b287a15-77af-487b-aef7-34d1d0ee189f@group-83C26644CFDA-FollowerState: change to CANDIDATE, lastRpcTime:157ms, electionTimeout:157ms
2019-10-16 21:01:57,744 [Thread-2123] INFO  impl.RoleInfo (RoleInfo.java:shutdownFollowerState(121)) - 4b287a15-77af-487b-aef7-34d1d0ee189f: shutdown FollowerState
2019-10-16 21:01:57,744 [Thread-2123] INFO  impl.RaftServerImpl (RaftServerImpl.java:setRole(184)) - 4b287a15-77af-487b-aef7-34d1d0ee189f@group-83C26644CFDA: changes role from  FOLLOWER to CANDIDATE at term 304 for changeToCandidate
2019-10-16 21:01:57,744 [Thread-2123] INFO  impl.RoleInfo (RoleInfo.java:updateAndGet(143)) - 4b287a15-77af-487b-aef7-34d1d0ee189f: start LeaderElection
2019-10-16 21:01:57,757 [4b287a15-77af-487b-aef7-34d1d0ee189f@group-83C26644CFDA-LeaderElection293] INFO  impl.LeaderElection (LeaderElection.java:askForVotes(178)) - 4b287a15-77af-487b-aef7-34d1d0ee189f@group-83C26644CFDA-LeaderElection293: begin an election at term 305 for -1: [4b287a15-77af-487b-aef7-34d1d0ee189f:192.168.34.38:38597, 0aa3649f-570d-46c6-937f-492d7f3a8364:192.168.34.38:33209, 4a03179f-3169-4ac7-a075-259968512ef0:192.168.34.38:45833], old=null
2019-10-16 21:01:57,759 [grpc-default-executor-1] INFO  impl.RaftServerImpl (RaftServerImpl.java:setRole(184)) - 4a03179f-3169-4ac7-a075-259968512ef0@group-83C26644CFDA: changes role from  FOLLOWER to FOLLOWER at term 305 for recognizeCandidate:4b287a15-77af-487b-aef7-34d1d0ee189f
2019-10-16 21:01:57,759 [grpc-default-executor-2] INFO  impl.RaftServerImpl (RaftServerImpl.java:setRole(184)) - 0aa3649f-570d-46c6-937f-492d7f3a8364@group-83C26644CFDA: changes role from  FOLLOWER to FOLLOWER at term 305 for recognizeCandidate:4b287a15-77af-487b-aef7-34d1d0ee189f
2019-10-16 21:01:57,760 [grpc-default-executor-2] INFO  impl.RoleInfo (RoleInfo.java:shutdownFollowerState(121)) - 0aa3649f-570d-46c6-937f-492d7f3a8364: shutdown FollowerState
2019-10-16 21:01:57,760 [grpc-default-executor-1] INFO  impl.RoleInfo (RoleInfo.java:shutdownFollowerState(121)) - 4a03179f-3169-4ac7-a075-259968512ef0: shutdown FollowerState
2019-10-16 21:01:57,760 [grpc-default-executor-2] INFO  impl.RoleInfo (RoleInfo.java:updateAndGet(143)) - 0aa3649f-570d-46c6-937f-492d7f3a8364: start FollowerState
2019-10-16 21:01:57,760 [Thread-2121] INFO  impl.FollowerState (FollowerState.java:run(117)) - 0aa3649f-570d-46c6-937f-492d7f3a8364@group-83C26644CFDA-FollowerState was interrupted: java.lang.InterruptedException: sleep interrupted
2019-10-16 21:01:57,760 [Thread-2122] INFO  impl.FollowerState (FollowerState.java:run(117)) - 4a03179f-3169-4ac7-a075-259968512ef0@group-83C26644CFDA-FollowerState was interrupted: java.lang.InterruptedException: sleep interrupted
2019-10-16 21:01:57,760 [grpc-default-executor-1] INFO  impl.RoleInfo (RoleInfo.java:updateAndGet(143)) - 4a03179f-3169-4ac7-a075-259968512ef0: start FollowerState
2019-10-16 21:01:57,775 [4b287a15-77af-487b-aef7-34d1d0ee189f@group-83C26644CFDA-LeaderElection293] INFO  impl.LeaderElection (LeaderElection.java:logAndReturn(56)) - 4b287a15-77af-487b-aef7-34d1d0ee189f@group-83C26644CFDA-LeaderElection293: Election REJECTED; received 2 response(s) [4b287a15-77af-487b-aef7-34d1d0ee189f<-0aa3649f-570d-46c6-937f-492d7f3a8364#0:FAIL-t305, 4b287a15-77af-487b-aef7-34d1d0ee189f<-4a03179f-3169-4ac7-a075-259968512ef0#0:FAIL-t305] and 0 exception(s); 4b287a15-77af-487b-aef7-34d1d0ee189f@group-83C26644CFDA:t305, leader=null, voted=4b287a15-77af-487b-aef7-34d1d0ee189f, raftlog=4b287a15-77af-487b-aef7-34d1d0ee189f@group-83C26644CFDA-SegmentedRaftLog:OPENED:c-1,f-1,i0, conf=-1: [4b287a15-77af-487b-aef7-34d1d0ee189f:192.168.34.38:38597, 0aa3649f-570d-46c6-937f-492d7f3a8364:192.168.34.38:33209, 4a03179f-3169-4ac7-a075-259968512ef0:192.168.34.38:45833], old=null
2019-10-16 21:01:57,775 [4b287a15-77af-487b-aef7-34d1d0ee189f@group-83C26644CFDA-LeaderElection293] INFO  impl.RaftServerImpl (RaftServerImpl.java:setRole(184)) - 4b287a15-77af-487b-aef7-34d1d0ee189f@group-83C26644CFDA: changes role from CANDIDATE to FOLLOWER at term 305 for DISCOVERED_A_NEW_TERM
2019-10-16 21:01:57,775 [4b287a15-77af-487b-aef7-34d1d0ee189f@group-83C26644CFDA-LeaderElection293] INFO  impl.RoleInfo (RoleInfo.java:shutdownLeaderElection(134)) - 4b287a15-77af-487b-aef7-34d1d0ee189f: shutdown LeaderElection
2019-10-16 21:01:57,776 [4b287a15-77af-487b-aef7-34d1d0ee189f@group-83C26644CFDA-LeaderElection293] INFO  impl.RoleInfo (RoleInfo.java:updateAndGet(143)) - 4b287a15-77af-487b-aef7-34d1d0ee189f: start FollowerState
2019-10-16 21:01:57,955 [Thread-2129] INFO  impl.FollowerState (FollowerState.java:run(108)) - 4b287a15-77af-487b-aef7-34d1d0ee189f@group-83C26644CFDA-FollowerState: change to CANDIDATE, lastRpcTime:179ms, electionTimeout:179ms
2019-10-16 21:01:57,955 [Thread-2129] INFO  impl.RoleInfo (RoleInfo.java:shutdownFollowerState(121)) - 4b287a15-77af-487b-aef7-34d1d0ee189f: shutdown FollowerState
2019-10-16 21:01:57,955 [Thread-2129] INFO  impl.RaftServerImpl (RaftServerImpl.java:setRole(184)) - 4b287a15-77af-487b-aef7-34d1d0ee189f@group-83C26644CFDA: changes role from  FOLLOWER to CANDIDATE at term 305 for changeToCandidate
2019-10-16 21:01:57,955 [Thread-2129] INFO  impl.RoleInfo (RoleInfo.java:updateAndGet(143)) - 4b287a15-77af-487b-aef7-34d1d0ee189f: start LeaderElection
2019-10-16 21:01:57,966 [4b287a15-77af-487b-aef7-34d1d0ee189f@group-83C26644CFDA-LeaderElection294] INFO  impl.LeaderElection (LeaderElection.java:askForVotes(178)) - 4b287a15-77af-487b-aef7-34d1d0ee189f@group-83C26644CFDA-LeaderElection294: begin an election at term 306 for -1: [4b287a15-77af-487b-aef7-34d1d0ee189f:192.168.34.38:38597, 0aa3649f-570d-46c6-937f-492d7f3a8364:192.168.34.38:33209, 4a03179f-3169-4ac7-a075-259968512ef0:192.168.34.38:45833], old=null
2019-10-16 21:01:57,969 [grpc-default-executor-2] INFO  impl.RaftServerImpl (RaftServerImpl.java:setRole(184)) - 4a03179f-3169-4ac7-a075-259968512ef0@group-83C26644CFDA: changes role from  FOLLOWER to FOLLOWER at term 306 for recognizeCandidate:4b287a15-77af-487b-aef7-34d1d0ee189f
2019-10-16 21:01:57,969 [grpc-default-executor-1] INFO  impl.RaftServerImpl (RaftServerImpl.java:setRole(184)) - 0aa3649f-570d-46c6-937f-492d7f3a8364@group-83C26644CFDA: changes role from  FOLLOWER to FOLLOWER at term 306 for recognizeCandidate:4b287a15-77af-487b-aef7-34d1d0ee189f
2019-10-16 21:01:57,969 [grpc-default-executor-1] INFO  impl.RoleInfo (RoleInfo.java:shutdownFollowerState(121)) - 0aa3649f-570d-46c6-937f-492d7f3a8364: shutdown FollowerState
2019-10-16 21:01:57,969 [grpc-default-executor-2] INFO  impl.RoleInfo (RoleInfo.java:shutdownFollowerState(121)) - 4a03179f-3169-4ac7-a075-259968512ef0: shutdown FollowerState
2019-10-16 21:01:57,969 [Thread-2127] INFO  impl.FollowerState (FollowerState.java:run(117)) - 0aa3649f-570d-46c6-937f-492d7f3a8364@group-83C26644CFDA-FollowerState was interrupted: java.lang.InterruptedException: sleep interrupted
2019-10-16 21:01:57,969 [grpc-default-executor-1] INFO  impl.RoleInfo (RoleInfo.java:updateAndGet(143)) - 0aa3649f-570d-46c6-937f-492d7f3a8364: start FollowerState
2019-10-16 21:01:57,969 [Thread-2128] INFO  impl.FollowerState (FollowerState.java:run(117)) - 4a03179f-3169-4ac7-a075-259968512ef0@group-83C26644CFDA-FollowerState was interrupted: java.lang.InterruptedException: sleep interrupted
2019-10-16 21:01:57,969 [grpc-default-executor-2] INFO  impl.RoleInfo (RoleInfo.java:updateAndGet(143)) - 4a03179f-3169-4ac7-a075-259968512ef0: start FollowerState
2019-10-16 21:01:57,972 [4b287a15-77af-487b-aef7-34d1d0ee189f@group-83C26644CFDA-LeaderElection294] INFO  impl.LeaderElection (LeaderElection.java:logAndReturn(56)) - 4b287a15-77af-487b-aef7-34d1d0ee189f@group-83C26644CFDA-LeaderElection294: Election TIMEOUT; received 0 response(s) [] and 0 exception(s); 4b287a15-77af-487b-aef7-34d1d0ee189f@group-83C26644CFDA:t306, leader=null, voted=4b287a15-77af-487b-aef7-34d1d0ee189f, raftlog=4b287a15-77af-487b-aef7-34d1d0ee189f@group-83C26644CFDA-SegmentedRaftLog:OPENED:c-1,f-1,i0, conf=-1: [4b287a15-77af-487b-aef7-34d1d0ee189f:192.168.34.38:38597, 0aa3649f-570d-46c6-937f-492d7f3a8364:192.168.34.38:33209, 4a03179f-3169-4ac7-a075-259968512ef0:192.168.34.38:45833], old=null
2019-10-16 21:01:57,984 [4b287a15-77af-487b-aef7-34d1d0ee189f@group-83C26644CFDA-LeaderElection294] INFO  impl.LeaderElection (LeaderElection.java:askForVotes(178)) - 4b287a15-77af-487b-aef7-34d1d0ee189f@group-83C26644CFDA-LeaderElection294: begin an election at term 307 for -1: [4b287a15-77af-487b-aef7-34d1d0ee189f:192.168.34.38:38597, 0aa3649f-570d-46c6-937f-492d7f3a8364:192.168.34.38:33209, 4a03179f-3169-4ac7-a075-259968512ef0:192.168.34.38:45833], old=null
2019-10-16 21:01:57,986 [grpc-default-executor-2] INFO  impl.RaftServerImpl (RaftServerImpl.java:setRole(184)) - 0aa3649f-570d-46c6-937f-492d7f3a8364@group-83C26644CFDA: changes role from  FOLLOWER to FOLLOWER at term 307 for recognizeCandidate:4b287a15-77af-487b-aef7-34d1d0ee189f
2019-10-16 21:01:57,986 [grpc-default-executor-2] INFO  impl.RoleInfo (RoleInfo.java:shutdownFollowerState(121)) - 0aa3649f-570d-46c6-937f-492d7f3a8364: shutdown FollowerState
2019-10-16 21:01:57,986 [grpc-default-executor-2] INFO  impl.RoleInfo (RoleInfo.java:updateAndGet(143)) - 0aa3649f-570d-46c6-937f-492d7f3a8364: start FollowerState
2019-10-16 21:01:57,986 [Thread-2133] INFO  impl.FollowerState (FollowerState.java:run(117)) - 0aa3649f-570d-46c6-937f-492d7f3a8364@group-83C26644CFDA-FollowerState was interrupted: java.lang.InterruptedException: sleep interrupted
2019-10-16 21:01:57,986 [grpc-default-executor-1] INFO  impl.RaftServerImpl (RaftServerImpl.java:setRole(184)) - 4a03179f-3169-4ac7-a075-259968512ef0@group-83C26644CFDA: changes role from  FOLLOWER to FOLLOWER at term 307 for recognizeCandidate:4b287a15-77af-487b-aef7-34d1d0ee189f
2019-10-16 21:01:57,986 [grpc-default-executor-1] INFO  impl.RoleInfo (RoleInfo.java:shutdownFollowerState(121)) - 4a03179f-3169-4ac7-a075-259968512ef0: shutdown FollowerState
2019-10-16 21:01:57,987 [grpc-default-executor-1] INFO  impl.RoleInfo (RoleInfo.java:updateAndGet(143)) - 4a03179f-3169-4ac7-a075-259968512ef0: start FollowerState
2019-10-16 21:01:57,987 [Thread-2134] INFO  impl.FollowerState (FollowerState.java:run(117)) - 4a03179f-3169-4ac7-a075-259968512ef0@group-83C26644CFDA-FollowerState was interrupted: java.lang.InterruptedException: sleep interrupted
2019-10-16 21:01:58,008 [4b287a15-77af-487b-aef7-34d1d0ee189f@group-83C26644CFDA-LeaderElection294] INFO  impl.LeaderElection (LeaderElection.java:logAndReturn(56)) - 4b287a15-77af-487b-aef7-34d1d0ee189f@group-83C26644CFDA-LeaderElection294: Election REJECTED; received 2 response(s) [4b287a15-77af-487b-aef7-34d1d0ee189f<-0aa3649f-570d-46c6-937f-492d7f3a8364#0:FAIL-t307, 4b287a15-77af-487b-aef7-34d1d0ee189f<-4a03179f-3169-4ac7-a075-259968512ef0#0:FAIL-t307] and 0 exception(s); 4b287a15-77af-487b-aef7-34d1d0ee189f@group-83C26644CFDA:t307, leader=null, voted=4b287a15-77af-487b-aef7-34d1d0ee189f, raftlog=4b287a15-77af-487b-aef7-34d1d0ee189f@group-83C26644CFDA-SegmentedRaftLog:OPENED:c-1,f-1,i0, conf=-1: [4b287a15-77af-487b-aef7-34d1d0ee189f:192.168.34.38:38597, 0aa3649f-570d-46c6-937f-492d7f3a8364:192.168.34.38:33209, 4a03179f-3169-4ac7-a075-259968512ef0:192.168.34.38:45833], old=null
2019-10-16 21:01:58,008 [4b287a15-77af-487b-aef7-34d1d0ee189f@group-83C26644CFDA-LeaderElection294] INFO  impl.RaftServerImpl (RaftServerImpl.java:setRole(184)) - 4b287a15-77af-487b-aef7-34d1d0ee189f@group-83C26644CFDA: changes role from CANDIDATE to FOLLOWER at term 307 for DISCOVERED_A_NEW_TERM
2019-10-16 21:01:58,010 [4b287a15-77af-487b-aef7-34d1d0ee189f@group-83C26644CFDA-LeaderElection294] INFO  impl.RoleInfo (RoleInfo.java:shutdownLeaderElection(134)) - 4b287a15-77af-487b-aef7-34d1d0ee189f: shutdown LeaderElection
2019-10-16 21:01:58,010 [4b287a15-77af-487b-aef7-34d1d0ee189f@group-83C26644CFDA-LeaderElection294] INFO  impl.RoleInfo (RoleInfo.java:updateAndGet(143)) - 4b287a15-77af-487b-aef7-34d1d0ee189f: start FollowerState
2019-10-16 21:01:58,138 [Thread-2139] INFO  impl.FollowerState (FollowerState.java:run(108)) - 4b287a15-77af-487b-aef7-34d1d0ee189f@group-83C26644CFDA-FollowerState: change to CANDIDATE, lastRpcTime:128ms, electionTimeout:128ms
2019-10-16 21:01:58,139 [Thread-2139] INFO  impl.RoleInfo (RoleInfo.java:shutdownFollowerState(121)) - 4b287a15-77af-487b-aef7-34d1d0ee189f: shutdown FollowerState
2019-10-16 21:01:58,139 [Thread-2139] INFO  impl.RaftServerImpl (RaftServerImpl.java:setRole(184)) - 4b287a15-77af-487b-aef7-34d1d0ee189f@group-83C26644CFDA: changes role from  FOLLOWER to CANDIDATE at term 307 for changeToCandidate
2019-10-16 21:01:58,139 [Thread-2139] INFO  impl.RoleInfo (RoleInfo.java:updateAndGet(143)) - 4b287a15-77af-487b-aef7-34d1d0ee189f: start LeaderElection
2019-10-16 21:01:58,142 [4b287a15-77af-487b-aef7-34d1d0ee189f@group-83C26644CFDA-LeaderElection295] INFO  impl.LeaderElection (LeaderElection.java:askForVotes(178)) - 4b287a15-77af-487b-aef7-34d1d0ee189f@group-83C26644CFDA-LeaderElection295: begin an election at term 308 for -1: [4b287a15-77af-487b-aef7-34d1d0ee189f:192.168.34.38:38597, 0aa3649f-570d-46c6-937f-492d7f3a8364:192.168.34.38:33209, 4a03179f-3169-4ac7-a075-259968512ef0:192.168.34.38:45833], old=null
2019-10-16 21:01:58,145 [grpc-default-executor-1] INFO  impl.RaftServerImpl (RaftServerImpl.java:setRole(184)) - 4a03179f-3169-4ac7-a075-259968512ef0@group-83C26644CFDA: changes role from  FOLLOWER to FOLLOWER at term 308 for recognizeCandidate:4b287a15-77af-487b-aef7-34d1d0ee189f
2019-10-16 21:01:58,145 [grpc-default-executor-1] INFO  impl.RoleInfo (RoleInfo.java:shutdownFollowerState(121)) - 4a03179f-3169-4ac7-a075-259968512ef0: shutdown FollowerState
2019-10-16 21:01:58,145 [grpc-default-executor-2] INFO  impl.RaftServerImpl (RaftServerImpl.java:setRole(184)) - 0aa3649f-570d-46c6-937f-492d7f3a8364@group-83C26644CFDA: changes role from  FOLLOWER to FOLLOWER at term 308 for recognizeCandidate:4b287a15-77af-487b-aef7-34d1d0ee189f
2019-10-16 21:01:58,146 [grpc-default-executor-2] INFO  impl.RoleInfo (RoleInfo.java:shutdownFollowerState(121)) - 0aa3649f-570d-46c6-937f-492d7f3a8364: shutdown FollowerState
2019-10-16 21:01:58,146 [Thread-2138] INFO  impl.FollowerState (FollowerState.java:run(117)) - 4a03179f-3169-4ac7-a075-259968512ef0@group-83C26644CFDA-FollowerState was interrupted: java.lang.InterruptedException: sleep interrupted
2019-10-16 21:01:58,146 [grpc-default-executor-1] INFO  impl.RoleInfo (RoleInfo.java:updateAndGet(143)) - 4a03179f-3169-4ac7-a075-259968512ef0: start FollowerState
2019-10-16 21:01:58,146 [Thread-2137] INFO  impl.FollowerState (FollowerState.java:run(117)) - 0aa3649f-570d-46c6-937f-492d7f3a8364@group-83C26644CFDA-FollowerState was interrupted: java.lang.InterruptedException: sleep interrupted
2019-10-16 21:01:58,146 [grpc-default-executor-2] INFO  impl.RoleInfo (RoleInfo.java:updateAndGet(143)) - 0aa3649f-570d-46c6-937f-492d7f3a8364: start FollowerState
2019-10-16 21:01:58,181 [4b287a15-77af-487b-aef7-34d1d0ee189f@group-83C26644CFDA-LeaderElection295] INFO  impl.LeaderElection (LeaderElection.java:logAndReturn(56)) - 4b287a15-77af-487b-aef7-34d1d0ee189f@group-83C26644CFDA-LeaderElection295: Election REJECTED; received 2 response(s) [4b287a15-77af-487b-aef7-34d1d0ee189f<-0aa3649f-570d-46c6-937f-492d7f3a8364#0:FAIL-t308, 4b287a15-77af-487b-aef7-34d1d0ee189f<-4a03179f-3169-4ac7-a075-259968512ef0#0:FAIL-t308] and 0 exception(s); 4b287a15-77af-487b-aef7-34d1d0ee189f@group-83C26644CFDA:t308, leader=null, voted=4b287a15-77af-487b-aef7-34d1d0ee189f, raftlog=4b287a15-77af-487b-aef7-34d1d0ee189f@group-83C26644CFDA-SegmentedRaftLog:OPENED:c-1,f-1,i0, conf=-1: [4b287a15-77af-487b-aef7-34d1d0ee189f:192.168.34.38:38597, 0aa3649f-570d-46c6-937f-492d7f3a8364:192.168.34.38:33209, 4a03179f-3169-4ac7-a075-259968512ef0:192.168.34.38:45833], old=null
2019-10-16 21:01:58,181 [4b287a15-77af-487b-aef7-34d1d0ee189f@group-83C26644CFDA-LeaderElection295] INFO  impl.RaftServerImpl (RaftServerImpl.java:setRole(184)) - 4b287a15-77af-487b-aef7-34d1d0ee189f@group-83C26644CFDA: changes role from CANDIDATE to FOLLOWER at term 308 for DISCOVERED_A_NEW_TERM
2019-10-16 21:01:58,181 [4b287a15-77af-487b-aef7-34d1d0ee189f@group-83C26644CFDA-LeaderElection295] INFO  impl.RoleInfo (RoleInfo.java:shutdownLeaderElection(134)) - 4b287a15-77af-487b-aef7-34d1d0ee189f: shutdown LeaderElection
2019-10-16 21:01:58,181 [4b287a15-77af-487b-aef7-34d1d0ee189f@group-83C26644CFDA-LeaderElection295] INFO  impl.RoleInfo (RoleInfo.java:updateAndGet(143)) - 4b287a15-77af-487b-aef7-34d1d0ee189f: start FollowerState
2019-10-16 21:01:58,323 [Thread-2145] INFO  impl.FollowerState (FollowerState.java:run(108)) - 4b287a15-77af-487b-aef7-34d1d0ee189f@group-83C26644CFDA-FollowerState: change to CANDIDATE, lastRpcTime:141ms, electionTimeout:141ms
2019-10-16 21:01:58,323 [Thread-2145] INFO  impl.RoleInfo (RoleInfo.java:shutdownFollowerState(121)) - 4b287a15-77af-487b-aef7-34d1d0ee189f: shutdown FollowerState
2019-10-16 21:01:58,323 [Thread-2145] INFO  impl.RaftServerImpl (RaftServerImpl.java:setRole(184)) - 4b287a15-77af-487b-aef7-34d1d0ee189f@group-83C26644CFDA: changes role from  FOLLOWER to CANDIDATE at term 308 for changeToCandidate
2019-10-16 21:01:58,323 [Thread-2145] INFO  impl.RoleInfo (RoleInfo.java:updateAndGet(143)) - 4b287a15-77af-487b-aef7-34d1d0ee189f: start LeaderElection
2019-10-16 21:01:58,327 [4b287a15-77af-487b-aef7-34d1d0ee189f@group-83C26644CFDA-LeaderElection296] INFO  impl.LeaderElection (LeaderElection.java:askForVotes(178)) - 4b287a15-77af-487b-aef7-34d1d0ee189f@group-83C26644CFDA-LeaderElection296: begin an election at term 309 for -1: [4b287a15-77af-487b-aef7-34d1d0ee189f:192.168.34.38:38597, 0aa3649f-570d-46c6-937f-492d7f3a8364:192.168.34.38:33209, 4a03179f-3169-4ac7-a075-259968512ef0:192.168.34.38:45833], old=null
2019-10-16 21:01:58,330 [grpc-default-executor-1] INFO  impl.RaftServerImpl (RaftServerImpl.java:setRole(184)) - 0aa3649f-570d-46c6-937f-492d7f3a8364@group-83C26644CFDA: changes role from  FOLLOWER to FOLLOWER at term 309 for recognizeCandidate:4b287a15-77af-487b-aef7-34d1d0ee189f
2019-10-16 21:01:58,330 [grpc-default-executor-1] INFO  impl.RoleInfo (RoleInfo.java:shutdownFollowerState(121)) - 0aa3649f-570d-46c6-937f-492d7f3a8364: shutdown FollowerState
2019-10-16 21:01:58,330 [grpc-default-executor-2] INFO  impl.RaftServerImpl (RaftServerImpl.java:setRole(184)) - 4a03179f-3169-4ac7-a075-259968512ef0@group-83C26644CFDA: changes role from  FOLLOWER to FOLLOWER at term 309 for recognizeCandidate:4b287a15-77af-487b-aef7-34d1d0ee189f
2019-10-16 21:01:58,330 [Thread-2144] INFO  impl.FollowerState (FollowerState.java:run(117)) - 0aa3649f-570d-46c6-937f-492d7f3a8364@group-83C26644CFDA-FollowerState was interrupted: java.lang.InterruptedException: sleep interrupted
2019-10-16 21:01:58,330 [grpc-default-executor-1] INFO  impl.RoleInfo (RoleInfo.java:updateAndGet(143)) - 0aa3649f-570d-46c6-937f-492d7f3a8364: start FollowerState
2019-10-16 21:01:58,331 [grpc-default-executor-2] INFO  impl.RoleInfo (RoleInfo.java:shutdownFollowerState(121)) - 4a03179f-3169-4ac7-a075-259968512ef0: shutdown FollowerState
2019-10-16 21:01:58,331 [grpc-default-executor-2] INFO  impl.RoleInfo (RoleInfo.java:updateAndGet(143)) - 4a03179f-3169-4ac7-a075-259968512ef0: start FollowerState
2019-10-16 21:01:58,331 [Thread-2143] INFO  impl.FollowerState (FollowerState.java:run(117)) - 4a03179f-3169-4ac7-a075-259968512ef0@group-83C26644CFDA-FollowerState was interrupted: java.lang.InterruptedException: sleep interrupted
2019-10-16 21:01:58,345 [4b287a15-77af-487b-aef7-34d1d0ee189f@group-83C26644CFDA-LeaderElection296] INFO  impl.LeaderElection (LeaderElection.java:logAndReturn(56)) - 4b287a15-77af-487b-aef7-34d1d0ee189f@group-83C26644CFDA-LeaderElection296: Election REJECTED; received 2 response(s) [4b287a15-77af-487b-aef7-34d1d0ee189f<-0aa3649f-570d-46c6-937f-492d7f3a8364#0:FAIL-t309, 4b287a15-77af-487b-aef7-34d1d0ee189f<-4a03179f-3169-4ac7-a075-259968512ef0#0:FAIL-t309] and 0 exception(s); 4b287a15-77af-487b-aef7-34d1d0ee189f@group-83C26644CFDA:t309, leader=null, voted=4b287a15-77af-487b-aef7-34d1d0ee189f, raftlog=4b287a15-77af-487b-aef7-34d1d0ee189f@group-83C26644CFDA-SegmentedRaftLog:OPENED:c-1,f-1,i0, conf=-1: [4b287a15-77af-487b-aef7-34d1d0ee189f:192.168.34.38:38597, 0aa3649f-570d-46c6-937f-492d7f3a8364:192.168.34.38:33209, 4a03179f-3169-4ac7-a075-259968512ef0:192.168.34.38:45833], old=null
2019-10-16 21:01:58,346 [4b287a15-77af-487b-aef7-34d1d0ee189f@group-83C26644CFDA-LeaderElection296] INFO  impl.RaftServerImpl (RaftServerImpl.java:setRole(184)) - 4b287a15-77af-487b-aef7-34d1d0ee189f@group-83C26644CFDA: changes role from CANDIDATE to FOLLOWER at term 309 for DISCOVERED_A_NEW_TERM
2019-10-16 21:01:58,346 [4b287a15-77af-487b-aef7-34d1d0ee189f@group-83C26644CFDA-LeaderElection296] INFO  impl.RoleInfo (RoleInfo.java:shutdownLeaderElection(134)) - 4b287a15-77af-487b-aef7-34d1d0ee189f: shutdown LeaderElection
2019-10-16 21:01:58,346 [4b287a15-77af-487b-aef7-34d1d0ee189f@group-83C26644CFDA-LeaderElection296] INFO  impl.RoleInfo (RoleInfo.java:updateAndGet(143)) - 4b287a15-77af-487b-aef7-34d1d0ee189f: start FollowerState
2019-10-16 21:01:58,360 [main] INFO  ozone.MiniOzoneClusterImpl (MiniOzoneClusterImpl.java:lambda$waitForClusterToBeReady$2(164)) - Waiting for 1 number of pipelines out of 4, to report a leader.
2019-10-16 21:01:58,414 [Thread-2151] INFO  impl.FollowerState (FollowerState.java:run(108)) - 4b287a15-77af-487b-aef7-34d1d0ee189f@group-83C26644CFDA-FollowerState: change to CANDIDATE, lastRpcTime:68ms, electionTimeout:68ms
2019-10-16 21:01:58,414 [Thread-2151] INFO  impl.RoleInfo (RoleInfo.java:shutdownFollowerState(121)) - 4b287a15-77af-487b-aef7-34d1d0ee189f: shutdown FollowerState
2019-10-16 21:01:58,415 [Thread-2151] INFO  impl.RaftServerImpl (RaftServerImpl.java:setRole(184)) - 4b287a15-77af-487b-aef7-34d1d0ee189f@group-83C26644CFDA: changes role from  FOLLOWER to CANDIDATE at term 309 for changeToCandidate
2019-10-16 21:01:58,415 [Thread-2151] INFO  impl.RoleInfo (RoleInfo.java:updateAndGet(143)) - 4b287a15-77af-487b-aef7-34d1d0ee189f: start LeaderElection
2019-10-16 21:01:58,431 [4b287a15-77af-487b-aef7-34d1d0ee189f@group-83C26644CFDA-LeaderElection297] INFO  impl.LeaderElection (LeaderElection.java:askForVotes(178)) - 4b287a15-77af-487b-aef7-34d1d0ee189f@group-83C26644CFDA-LeaderElection297: begin an election at term 310 for -1: [4b287a15-77af-487b-aef7-34d1d0ee189f:192.168.34.38:38597, 0aa3649f-570d-46c6-937f-492d7f3a8364:192.168.34.38:33209, 4a03179f-3169-4ac7-a075-259968512ef0:192.168.34.38:45833], old=null
2019-10-16 21:01:58,433 [grpc-default-executor-2] INFO  impl.RaftServerImpl (RaftServerImpl.java:setRole(184)) - 0aa3649f-570d-46c6-937f-492d7f3a8364@group-83C26644CFDA: changes role from  FOLLOWER to FOLLOWER at term 310 for recognizeCandidate:4b287a15-77af-487b-aef7-34d1d0ee189f
2019-10-16 21:01:58,433 [grpc-default-executor-2] INFO  impl.RoleInfo (RoleInfo.java:shutdownFollowerState(121)) - 0aa3649f-570d-46c6-937f-492d7f3a8364: shutdown FollowerState
2019-10-16 21:01:58,433 [grpc-default-executor-1] INFO  impl.RaftServerImpl (RaftServerImpl.java:setRole(184)) - 4a03179f-3169-4ac7-a075-259968512ef0@group-83C26644CFDA: changes role from  FOLLOWER to FOLLOWER at term 310 for recognizeCandidate:4b287a15-77af-487b-aef7-34d1d0ee189f
2019-10-16 21:01:58,433 [Thread-2149] INFO  impl.FollowerState (FollowerState.java:run(117)) - 0aa3649f-570d-46c6-937f-492d7f3a8364@group-83C26644CFDA-FollowerState was interrupted: java.lang.InterruptedException: sleep interrupted
2019-10-16 21:01:58,433 [grpc-default-executor-2] INFO  impl.RoleInfo (RoleInfo.java:updateAndGet(143)) - 0aa3649f-570d-46c6-937f-492d7f3a8364: start FollowerState
2019-10-16 21:01:58,433 [grpc-default-executor-1] INFO  impl.RoleInfo (RoleInfo.java:shutdownFollowerState(121)) - 4a03179f-3169-4ac7-a075-259968512ef0: shutdown FollowerState
2019-10-16 21:01:58,434 [grpc-default-executor-1] INFO  impl.RoleInfo (RoleInfo.java:updateAndGet(143)) - 4a03179f-3169-4ac7-a075-259968512ef0: start FollowerState
2019-10-16 21:01:58,434 [Thread-2150] INFO  impl.FollowerState (FollowerState.java:run(117)) - 4a03179f-3169-4ac7-a075-259968512ef0@group-83C26644CFDA-FollowerState was interrupted: java.lang.InterruptedException: sleep interrupted
2019-10-16 21:01:58,443 [4b287a15-77af-487b-aef7-34d1d0ee189f@group-83C26644CFDA-LeaderElection297] INFO  impl.LeaderElection (LeaderElection.java:logAndReturn(56)) - 4b287a15-77af-487b-aef7-34d1d0ee189f@group-83C26644CFDA-LeaderElection297: Election TIMEOUT; received 0 response(s) [] and 0 exception(s); 4b287a15-77af-487b-aef7-34d1d0ee189f@group-83C26644CFDA:t310, leader=null, voted=4b287a15-77af-487b-aef7-34d1d0ee189f, raftlog=4b287a15-77af-487b-aef7-34d1d0ee189f@group-83C26644CFDA-SegmentedRaftLog:OPENED:c-1,f-1,i0, conf=-1: [4b287a15-77af-487b-aef7-34d1d0ee189f:192.168.34.38:38597, 0aa3649f-570d-46c6-937f-492d7f3a8364:192.168.34.38:33209, 4a03179f-3169-4ac7-a075-259968512ef0:192.168.34.38:45833], old=null
2019-10-16 21:01:58,464 [4b287a15-77af-487b-aef7-34d1d0ee189f@group-83C26644CFDA-LeaderElection297] INFO  impl.LeaderElection (LeaderElection.java:askForVotes(178)) - 4b287a15-77af-487b-aef7-34d1d0ee189f@group-83C26644CFDA-LeaderElection297: begin an election at term 311 for -1: [4b287a15-77af-487b-aef7-34d1d0ee189f:192.168.34.38:38597, 0aa3649f-570d-46c6-937f-492d7f3a8364:192.168.34.38:33209, 4a03179f-3169-4ac7-a075-259968512ef0:192.168.34.38:45833], old=null
2019-10-16 21:01:58,466 [grpc-default-executor-1] INFO  impl.RaftServerImpl (RaftServerImpl.java:setRole(184)) - 0aa3649f-570d-46c6-937f-492d7f3a8364@group-83C26644CFDA: changes role from  FOLLOWER to FOLLOWER at term 311 for recognizeCandidate:4b287a15-77af-487b-aef7-34d1d0ee189f
2019-10-16 21:01:58,466 [grpc-default-executor-1] INFO  impl.RoleInfo (RoleInfo.java:shutdownFollowerState(121)) - 0aa3649f-570d-46c6-937f-492d7f3a8364: shutdown FollowerState
2019-10-16 21:01:58,466 [grpc-default-executor-1] INFO  impl.RoleInfo (RoleInfo.java:updateAndGet(143)) - 0aa3649f-570d-46c6-937f-492d7f3a8364: start FollowerState
2019-10-16 21:01:58,466 [Thread-2155] INFO  impl.FollowerState (FollowerState.java:run(117)) - 0aa3649f-570d-46c6-937f-492d7f3a8364@group-83C26644CFDA-FollowerState was interrupted: java.lang.InterruptedException: sleep interrupted
2019-10-16 21:01:58,466 [grpc-default-executor-2] INFO  impl.RaftServerImpl (RaftServerImpl.java:setRole(184)) - 4a03179f-3169-4ac7-a075-259968512ef0@group-83C26644CFDA: changes role from  FOLLOWER to FOLLOWER at term 311 for recognizeCandidate:4b287a15-77af-487b-aef7-34d1d0ee189f
2019-10-16 21:01:58,466 [grpc-default-executor-2] INFO  impl.RoleInfo (RoleInfo.java:shutdownFollowerState(121)) - 4a03179f-3169-4ac7-a075-259968512ef0: shutdown FollowerState
2019-10-16 21:01:58,467 [grpc-default-executor-2] INFO  impl.RoleInfo (RoleInfo.java:updateAndGet(143)) - 4a03179f-3169-4ac7-a075-259968512ef0: start FollowerState
2019-10-16 21:01:58,467 [Thread-2156] INFO  impl.FollowerState (FollowerState.java:run(117)) - 4a03179f-3169-4ac7-a075-259968512ef0@group-83C26644CFDA-FollowerState was interrupted: java.lang.InterruptedException: sleep interrupted
2019-10-16 21:01:58,481 [4b287a15-77af-487b-aef7-34d1d0ee189f@group-83C26644CFDA-LeaderElection297] INFO  impl.LeaderElection (LeaderElection.java:logAndReturn(56)) - 4b287a15-77af-487b-aef7-34d1d0ee189f@group-83C26644CFDA-LeaderElection297: Election REJECTED; received 2 response(s) [4b287a15-77af-487b-aef7-34d1d0ee189f<-0aa3649f-570d-46c6-937f-492d7f3a8364#0:FAIL-t311, 4b287a15-77af-487b-aef7-34d1d0ee189f<-4a03179f-3169-4ac7-a075-259968512ef0#0:FAIL-t311] and 0 exception(s); 4b287a15-77af-487b-aef7-34d1d0ee189f@group-83C26644CFDA:t311, leader=null, voted=4b287a15-77af-487b-aef7-34d1d0ee189f, raftlog=4b287a15-77af-487b-aef7-34d1d0ee189f@group-83C26644CFDA-SegmentedRaftLog:OPENED:c-1,f-1,i0, conf=-1: [4b287a15-77af-487b-aef7-34d1d0ee189f:192.168.34.38:38597, 0aa3649f-570d-46c6-937f-492d7f3a8364:192.168.34.38:33209, 4a03179f-3169-4ac7-a075-259968512ef0:192.168.34.38:45833], old=null
2019-10-16 21:01:58,481 [4b287a15-77af-487b-aef7-34d1d0ee189f@group-83C26644CFDA-LeaderElection297] INFO  impl.RaftServerImpl (RaftServerImpl.java:setRole(184)) - 4b287a15-77af-487b-aef7-34d1d0ee189f@group-83C26644CFDA: changes role from CANDIDATE to FOLLOWER at term 311 for DISCOVERED_A_NEW_TERM
2019-10-16 21:01:58,481 [4b287a15-77af-487b-aef7-34d1d0ee189f@group-83C26644CFDA-LeaderElection297] INFO  impl.RoleInfo (RoleInfo.java:shutdownLeaderElection(134)) - 4b287a15-77af-487b-aef7-34d1d0ee189f: shutdown LeaderElection
2019-10-16 21:01:58,481 [4b287a15-77af-487b-aef7-34d1d0ee189f@group-83C26644CFDA-LeaderElection297] INFO  impl.RoleInfo (RoleInfo.java:updateAndGet(143)) - 4b287a15-77af-487b-aef7-34d1d0ee189f: start FollowerState
2019-10-16 21:01:58,664 [Thread-2161] INFO  impl.FollowerState (FollowerState.java:run(108)) - 4b287a15-77af-487b-aef7-34d1d0ee189f@group-83C26644CFDA-FollowerState: change to CANDIDATE, lastRpcTime:183ms, electionTimeout:183ms
2019-10-16 21:01:58,665 [Thread-2161] INFO  impl.RoleInfo (RoleInfo.java:shutdownFollowerState(121)) - 4b287a15-77af-487b-aef7-34d1d0ee189f: shutdown FollowerState
2019-10-16 21:01:58,665 [Thread-2161] INFO  impl.RaftServerImpl (RaftServerImpl.java:setRole(184)) - 4b287a15-77af-487b-aef7-34d1d0ee189f@group-83C26644CFDA: changes role from  FOLLOWER to CANDIDATE at term 311 for changeToCandidate
2019-10-16 21:01:58,665 [Thread-2161] INFO  impl.RoleInfo (RoleInfo.java:updateAndGet(143)) - 4b287a15-77af-487b-aef7-34d1d0ee189f: start LeaderElection
2019-10-16 21:01:58,671 [4b287a15-77af-487b-aef7-34d1d0ee189f@group-83C26644CFDA-LeaderElection298] INFO  impl.LeaderElection (LeaderElection.java:askForVotes(178)) - 4b287a15-77af-487b-aef7-34d1d0ee189f@group-83C26644CFDA-LeaderElection298: begin an election at term 312 for -1: [4b287a15-77af-487b-aef7-34d1d0ee189f:192.168.34.38:38597, 0aa3649f-570d-46c6-937f-492d7f3a8364:192.168.34.38:33209, 4a03179f-3169-4ac7-a075-259968512ef0:192.168.34.38:45833], old=null
2019-10-16 21:01:58,673 [grpc-default-executor-2] INFO  impl.RaftServerImpl (RaftServerImpl.java:setRole(184)) - 4a03179f-3169-4ac7-a075-259968512ef0@group-83C26644CFDA: changes role from  FOLLOWER to FOLLOWER at term 312 for recognizeCandidate:4b287a15-77af-487b-aef7-34d1d0ee189f
2019-10-16 21:01:58,673 [grpc-default-executor-1] INFO  impl.RaftServerImpl (RaftServerImpl.java:setRole(184)) - 0aa3649f-570d-46c6-937f-492d7f3a8364@group-83C26644CFDA: changes role from  FOLLOWER to FOLLOWER at term 312 for recognizeCandidate:4b287a15-77af-487b-aef7-34d1d0ee189f
2019-10-16 21:01:58,673 [grpc-default-executor-2] INFO  impl.RoleInfo (RoleInfo.java:shutdownFollowerState(121)) - 4a03179f-3169-4ac7-a075-259968512ef0: shutdown FollowerState
2019-10-16 21:01:58,674 [grpc-default-executor-1] INFO  impl.RoleInfo (RoleInfo.java:shutdownFollowerState(121)) - 0aa3649f-570d-46c6-937f-492d7f3a8364: shutdown FollowerState
2019-10-16 21:01:58,674 [Thread-2160] INFO  impl.FollowerState (FollowerState.java:run(117)) - 4a03179f-3169-4ac7-a075-259968512ef0@group-83C26644CFDA-FollowerState was interrupted: java.lang.InterruptedException: sleep interrupted
2019-10-16 21:01:58,674 [grpc-default-executor-2] INFO  impl.RoleInfo (RoleInfo.java:updateAndGet(143)) - 4a03179f-3169-4ac7-a075-259968512ef0: start FollowerState
2019-10-16 21:01:58,674 [grpc-default-executor-1] INFO  impl.RoleInfo (RoleInfo.java:updateAndGet(143)) - 0aa3649f-570d-46c6-937f-492d7f3a8364: start FollowerState
2019-10-16 21:01:58,674 [Thread-2159] INFO  impl.FollowerState (FollowerState.java:run(117)) - 0aa3649f-570d-46c6-937f-492d7f3a8364@group-83C26644CFDA-FollowerState was interrupted: java.lang.InterruptedException: sleep interrupted
2019-10-16 21:01:58,690 [4b287a15-77af-487b-aef7-34d1d0ee189f@group-83C26644CFDA-LeaderElection298] INFO  impl.LeaderElection (LeaderElection.java:logAndReturn(56)) - 4b287a15-77af-487b-aef7-34d1d0ee189f@group-83C26644CFDA-LeaderElection298: Election REJECTED; received 2 response(s) [4b287a15-77af-487b-aef7-34d1d0ee189f<-0aa3649f-570d-46c6-937f-492d7f3a8364#0:FAIL-t312, 4b287a15-77af-487b-aef7-34d1d0ee189f<-4a03179f-3169-4ac7-a075-259968512ef0#0:FAIL-t312] and 0 exception(s); 4b287a15-77af-487b-aef7-34d1d0ee189f@group-83C26644CFDA:t312, leader=null, voted=4b287a15-77af-487b-aef7-34d1d0ee189f, raftlog=4b287a15-77af-487b-aef7-34d1d0ee189f@group-83C26644CFDA-SegmentedRaftLog:OPENED:c-1,f-1,i0, conf=-1: [4b287a15-77af-487b-aef7-34d1d0ee189f:192.168.34.38:38597, 0aa3649f-570d-46c6-937f-492d7f3a8364:192.168.34.38:33209, 4a03179f-3169-4ac7-a075-259968512ef0:192.168.34.38:45833], old=null
2019-10-16 21:01:58,691 [4b287a15-77af-487b-aef7-34d1d0ee189f@group-83C26644CFDA-LeaderElection298] INFO  impl.RaftServerImpl (RaftServerImpl.java:setRole(184)) - 4b287a15-77af-487b-aef7-34d1d0ee189f@group-83C26644CFDA: changes role from CANDIDATE to FOLLOWER at term 312 for DISCOVERED_A_NEW_TERM
2019-10-16 21:01:58,691 [4b287a15-77af-487b-aef7-34d1d0ee189f@group-83C26644CFDA-LeaderElection298] INFO  impl.RoleInfo (RoleInfo.java:shutdownLeaderElection(134)) - 4b287a15-77af-487b-aef7-34d1d0ee189f: shutdown LeaderElection
2019-10-16 21:01:58,691 [4b287a15-77af-487b-aef7-34d1d0ee189f@group-83C26644CFDA-LeaderElection298] INFO  impl.RoleInfo (RoleInfo.java:updateAndGet(143)) - 4b287a15-77af-487b-aef7-34d1d0ee189f: start FollowerState
2019-10-16 21:01:58,888 [Thread-2167] INFO  impl.FollowerState (FollowerState.java:run(108)) - 4b287a15-77af-487b-aef7-34d1d0ee189f@group-83C26644CFDA-FollowerState: change to CANDIDATE, lastRpcTime:197ms, electionTimeout:197ms
2019-10-16 21:01:58,888 [Thread-2167] INFO  impl.RoleInfo (RoleInfo.java:shutdownFollowerState(121)) - 4b287a15-77af-487b-aef7-34d1d0ee189f: shutdown FollowerState
2019-10-16 21:01:58,889 [Thread-2167] INFO  impl.RaftServerImpl (RaftServerImpl.java:setRole(184)) - 4b287a15-77af-487b-aef7-34d1d0ee189f@group-83C26644CFDA: changes role from  FOLLOWER to CANDIDATE at term 312 for changeToCandidate
2019-10-16 21:01:58,889 [Thread-2167] INFO  impl.RoleInfo (RoleInfo.java:updateAndGet(143)) - 4b287a15-77af-487b-aef7-34d1d0ee189f: start LeaderElection
2019-10-16 21:01:58,902 [4b287a15-77af-487b-aef7-34d1d0ee189f@group-83C26644CFDA-LeaderElection299] INFO  impl.LeaderElection (LeaderElection.java:askForVotes(178)) - 4b287a15-77af-487b-aef7-34d1d0ee189f@group-83C26644CFDA-LeaderElection299: begin an election at term 313 for -1: [4b287a15-77af-487b-aef7-34d1d0ee189f:192.168.34.38:38597, 0aa3649f-570d-46c6-937f-492d7f3a8364:192.168.34.38:33209, 4a03179f-3169-4ac7-a075-259968512ef0:192.168.34.38:45833], old=null
2019-10-16 21:01:58,904 [grpc-default-executor-2] INFO  impl.RaftServerImpl (RaftServerImpl.java:setRole(184)) - 0aa3649f-570d-46c6-937f-492d7f3a8364@group-83C26644CFDA: changes role from  FOLLOWER to FOLLOWER at term 313 for recognizeCandidate:4b287a15-77af-487b-aef7-34d1d0ee189f
2019-10-16 21:01:58,904 [grpc-default-executor-1] INFO  impl.RaftServerImpl (RaftServerImpl.java:setRole(184)) - 4a03179f-3169-4ac7-a075-259968512ef0@group-83C26644CFDA: changes role from  FOLLOWER to FOLLOWER at term 313 for recognizeCandidate:4b287a15-77af-487b-aef7-34d1d0ee189f
2019-10-16 21:01:58,904 [grpc-default-executor-1] INFO  impl.RoleInfo (RoleInfo.java:shutdownFollowerState(121)) - 4a03179f-3169-4ac7-a075-259968512ef0: shutdown FollowerState
2019-10-16 21:01:58,904 [grpc-default-executor-2] INFO  impl.RoleInfo (RoleInfo.java:shutdownFollowerState(121)) - 0aa3649f-570d-46c6-937f-492d7f3a8364: shutdown FollowerState
2019-10-16 21:01:58,905 [Thread-2165] INFO  impl.FollowerState (FollowerState.java:run(117)) - 4a03179f-3169-4ac7-a075-259968512ef0@group-83C26644CFDA-FollowerState was interrupted: java.lang.InterruptedException: sleep interrupted
2019-10-16 21:01:58,905 [Thread-2166] INFO  impl.FollowerState (FollowerState.java:run(117)) - 0aa3649f-570d-46c6-937f-492d7f3a8364@group-83C26644CFDA-FollowerState was interrupted: java.lang.InterruptedException: sleep interrupted
2019-10-16 21:01:58,905 [grpc-default-executor-1] INFO  impl.RoleInfo (RoleInfo.java:updateAndGet(143)) - 4a03179f-3169-4ac7-a075-259968512ef0: start FollowerState
2019-10-16 21:01:58,905 [grpc-default-executor-2] INFO  impl.RoleInfo (RoleInfo.java:updateAndGet(143)) - 0aa3649f-570d-46c6-937f-492d7f3a8364: start FollowerState
2019-10-16 21:01:58,950 [4b287a15-77af-487b-aef7-34d1d0ee189f@group-83C26644CFDA-LeaderElection299] INFO  impl.LeaderElection (LeaderElection.java:logAndReturn(56)) - 4b287a15-77af-487b-aef7-34d1d0ee189f@group-83C26644CFDA-LeaderElection299: Election REJECTED; received 2 response(s) [4b287a15-77af-487b-aef7-34d1d0ee189f<-0aa3649f-570d-46c6-937f-492d7f3a8364#0:FAIL-t313, 4b287a15-77af-487b-aef7-34d1d0ee189f<-4a03179f-3169-4ac7-a075-259968512ef0#0:FAIL-t313] and 0 exception(s); 4b287a15-77af-487b-aef7-34d1d0ee189f@group-83C26644CFDA:t313, leader=null, voted=4b287a15-77af-487b-aef7-34d1d0ee189f, raftlog=4b287a15-77af-487b-aef7-34d1d0ee189f@group-83C26644CFDA-SegmentedRaftLog:OPENED:c-1,f-1,i0, conf=-1: [4b287a15-77af-487b-aef7-34d1d0ee189f:192.168.34.38:38597, 0aa3649f-570d-46c6-937f-492d7f3a8364:192.168.34.38:33209, 4a03179f-3169-4ac7-a075-259968512ef0:192.168.34.38:45833], old=null
2019-10-16 21:01:58,950 [4b287a15-77af-487b-aef7-34d1d0ee189f@group-83C26644CFDA-LeaderElection299] INFO  impl.RaftServerImpl (RaftServerImpl.java:setRole(184)) - 4b287a15-77af-487b-aef7-34d1d0ee189f@group-83C26644CFDA: changes role from CANDIDATE to FOLLOWER at term 313 for DISCOVERED_A_NEW_TERM
2019-10-16 21:01:58,950 [4b287a15-77af-487b-aef7-34d1d0ee189f@group-83C26644CFDA-LeaderElection299] INFO  impl.RoleInfo (RoleInfo.java:shutdownLeaderElection(134)) - 4b287a15-77af-487b-aef7-34d1d0ee189f: shutdown LeaderElection
2019-10-16 21:01:58,950 [4b287a15-77af-487b-aef7-34d1d0ee189f@group-83C26644CFDA-LeaderElection299] INFO  impl.RoleInfo (RoleInfo.java:updateAndGet(143)) - 4b287a15-77af-487b-aef7-34d1d0ee189f: start FollowerState
2019-10-16 21:01:59,145 [Thread-2173] INFO  impl.FollowerState (FollowerState.java:run(108)) - 4b287a15-77af-487b-aef7-34d1d0ee189f@group-83C26644CFDA-FollowerState: change to CANDIDATE, lastRpcTime:194ms, electionTimeout:194ms
2019-10-16 21:01:59,145 [Thread-2173] INFO  impl.RoleInfo (RoleInfo.java:shutdownFollowerState(121)) - 4b287a15-77af-487b-aef7-34d1d0ee189f: shutdown FollowerState
2019-10-16 21:01:59,145 [Thread-2173] INFO  impl.RaftServerImpl (RaftServerImpl.java:setRole(184)) - 4b287a15-77af-487b-aef7-34d1d0ee189f@group-83C26644CFDA: changes role from  FOLLOWER to CANDIDATE at term 313 for changeToCandidate
2019-10-16 21:01:59,145 [Thread-2173] INFO  impl.RoleInfo (RoleInfo.java:updateAndGet(143)) - 4b287a15-77af-487b-aef7-34d1d0ee189f: start LeaderElection
2019-10-16 21:01:59,159 [4b287a15-77af-487b-aef7-34d1d0ee189f@group-83C26644CFDA-LeaderElection300] INFO  impl.LeaderElection (LeaderElection.java:askForVotes(178)) - 4b287a15-77af-487b-aef7-34d1d0ee189f@group-83C26644CFDA-LeaderElection300: begin an election at term 314 for -1: [4b287a15-77af-487b-aef7-34d1d0ee189f:192.168.34.38:38597, 0aa3649f-570d-46c6-937f-492d7f3a8364:192.168.34.38:33209, 4a03179f-3169-4ac7-a075-259968512ef0:192.168.34.38:45833], old=null
2019-10-16 21:01:59,162 [grpc-default-executor-2] INFO  impl.RaftServerImpl (RaftServerImpl.java:setRole(184)) - 0aa3649f-570d-46c6-937f-492d7f3a8364@group-83C26644CFDA: changes role from  FOLLOWER to FOLLOWER at term 314 for recognizeCandidate:4b287a15-77af-487b-aef7-34d1d0ee189f
2019-10-16 21:01:59,162 [grpc-default-executor-2] INFO  impl.RoleInfo (RoleInfo.java:shutdownFollowerState(121)) - 0aa3649f-570d-46c6-937f-492d7f3a8364: shutdown FollowerState
2019-10-16 21:01:59,162 [grpc-default-executor-1] INFO  impl.RaftServerImpl (RaftServerImpl.java:setRole(184)) - 4a03179f-3169-4ac7-a075-259968512ef0@group-83C26644CFDA: changes role from  FOLLOWER to FOLLOWER at term 314 for recognizeCandidate:4b287a15-77af-487b-aef7-34d1d0ee189f
2019-10-16 21:01:59,162 [Thread-2172] INFO  impl.FollowerState (FollowerState.java:run(117)) - 0aa3649f-570d-46c6-937f-492d7f3a8364@group-83C26644CFDA-FollowerState was interrupted: java.lang.InterruptedException: sleep interrupted
2019-10-16 21:01:59,162 [grpc-default-executor-2] INFO  impl.RoleInfo (RoleInfo.java:updateAndGet(143)) - 0aa3649f-570d-46c6-937f-492d7f3a8364: start FollowerState
2019-10-16 21:01:59,162 [grpc-default-executor-1] INFO  impl.RoleInfo (RoleInfo.java:shutdownFollowerState(121)) - 4a03179f-3169-4ac7-a075-259968512ef0: shutdown FollowerState
2019-10-16 21:01:59,163 [grpc-default-executor-1] INFO  impl.RoleInfo (RoleInfo.java:updateAndGet(143)) - 4a03179f-3169-4ac7-a075-259968512ef0: start FollowerState
2019-10-16 21:01:59,163 [Thread-2171] INFO  impl.FollowerState (FollowerState.java:run(117)) - 4a03179f-3169-4ac7-a075-259968512ef0@group-83C26644CFDA-FollowerState was interrupted: java.lang.InterruptedException: sleep interrupted
2019-10-16 21:01:59,187 [4b287a15-77af-487b-aef7-34d1d0ee189f@group-83C26644CFDA-LeaderElection300] INFO  impl.LeaderElection (LeaderElection.java:logAndReturn(56)) - 4b287a15-77af-487b-aef7-34d1d0ee189f@group-83C26644CFDA-LeaderElection300: Election REJECTED; received 2 response(s) [4b287a15-77af-487b-aef7-34d1d0ee189f<-0aa3649f-570d-46c6-937f-492d7f3a8364#0:FAIL-t314, 4b287a15-77af-487b-aef7-34d1d0ee189f<-4a03179f-3169-4ac7-a075-259968512ef0#0:FAIL-t314] and 0 exception(s); 4b287a15-77af-487b-aef7-34d1d0ee189f@group-83C26644CFDA:t314, leader=null, voted=4b287a15-77af-487b-aef7-34d1d0ee189f, raftlog=4b287a15-77af-487b-aef7-34d1d0ee189f@group-83C26644CFDA-SegmentedRaftLog:OPENED:c-1,f-1,i0, conf=-1: [4b287a15-77af-487b-aef7-34d1d0ee189f:192.168.34.38:38597, 0aa3649f-570d-46c6-937f-492d7f3a8364:192.168.34.38:33209, 4a03179f-3169-4ac7-a075-259968512ef0:192.168.34.38:45833], old=null
2019-10-16 21:01:59,187 [4b287a15-77af-487b-aef7-34d1d0ee189f@group-83C26644CFDA-LeaderElection300] INFO  impl.RaftServerImpl (RaftServerImpl.java:setRole(184)) - 4b287a15-77af-487b-aef7-34d1d0ee189f@group-83C26644CFDA: changes role from CANDIDATE to FOLLOWER at term 314 for DISCOVERED_A_NEW_TERM
2019-10-16 21:01:59,187 [4b287a15-77af-487b-aef7-34d1d0ee189f@group-83C26644CFDA-LeaderElection300] INFO  impl.RoleInfo (RoleInfo.java:shutdownLeaderElection(134)) - 4b287a15-77af-487b-aef7-34d1d0ee189f: shutdown LeaderElection
2019-10-16 21:01:59,187 [4b287a15-77af-487b-aef7-34d1d0ee189f@group-83C26644CFDA-LeaderElection300] INFO  impl.RoleInfo (RoleInfo.java:updateAndGet(143)) - 4b287a15-77af-487b-aef7-34d1d0ee189f: start FollowerState
2019-10-16 21:01:59,360 [main] INFO  ozone.MiniOzoneClusterImpl (MiniOzoneClusterImpl.java:lambda$waitForClusterToBeReady$2(164)) - Waiting for 1 number of pipelines out of 4, to report a leader.
2019-10-16 21:01:59,367 [Thread-2179] INFO  impl.FollowerState (FollowerState.java:run(108)) - 4b287a15-77af-487b-aef7-34d1d0ee189f@group-83C26644CFDA-FollowerState: change to CANDIDATE, lastRpcTime:179ms, electionTimeout:179ms
2019-10-16 21:01:59,367 [Thread-2179] INFO  impl.RoleInfo (RoleInfo.java:shutdownFollowerState(121)) - 4b287a15-77af-487b-aef7-34d1d0ee189f: shutdown FollowerState
2019-10-16 21:01:59,367 [Thread-2179] INFO  impl.RaftServerImpl (RaftServerImpl.java:setRole(184)) - 4b287a15-77af-487b-aef7-34d1d0ee189f@group-83C26644CFDA: changes role from  FOLLOWER to CANDIDATE at term 314 for changeToCandidate
2019-10-16 21:01:59,367 [Thread-2179] INFO  impl.RoleInfo (RoleInfo.java:updateAndGet(143)) - 4b287a15-77af-487b-aef7-34d1d0ee189f: start LeaderElection
2019-10-16 21:01:59,380 [4b287a15-77af-487b-aef7-34d1d0ee189f@group-83C26644CFDA-LeaderElection301] INFO  impl.LeaderElection (LeaderElection.java:askForVotes(178)) - 4b287a15-77af-487b-aef7-34d1d0ee189f@group-83C26644CFDA-LeaderElection301: begin an election at term 315 for -1: [4b287a15-77af-487b-aef7-34d1d0ee189f:192.168.34.38:38597, 0aa3649f-570d-46c6-937f-492d7f3a8364:192.168.34.38:33209, 4a03179f-3169-4ac7-a075-259968512ef0:192.168.34.38:45833], old=null
2019-10-16 21:01:59,383 [grpc-default-executor-1] INFO  impl.RaftServerImpl (RaftServerImpl.java:setRole(184)) - 0aa3649f-570d-46c6-937f-492d7f3a8364@group-83C26644CFDA: changes role from  FOLLOWER to FOLLOWER at term 315 for recognizeCandidate:4b287a15-77af-487b-aef7-34d1d0ee189f
2019-10-16 21:01:59,383 [grpc-default-executor-1] INFO  impl.RoleInfo (RoleInfo.java:shutdownFollowerState(121)) - 0aa3649f-570d-46c6-937f-492d7f3a8364: shutdown FollowerState
2019-10-16 21:01:59,383 [grpc-default-executor-2] INFO  impl.RaftServerImpl (RaftServerImpl.java:setRole(184)) - 4a03179f-3169-4ac7-a075-259968512ef0@group-83C26644CFDA: changes role from  FOLLOWER to FOLLOWER at term 315 for recognizeCandidate:4b287a15-77af-487b-aef7-34d1d0ee189f
2019-10-16 21:01:59,383 [Thread-2177] INFO  impl.FollowerState (FollowerState.java:run(117)) - 0aa3649f-570d-46c6-937f-492d7f3a8364@group-83C26644CFDA-FollowerState was interrupted: java.lang.InterruptedException: sleep interrupted
2019-10-16 21:01:59,383 [grpc-default-executor-1] INFO  impl.RoleInfo (RoleInfo.java:updateAndGet(143)) - 0aa3649f-570d-46c6-937f-492d7f3a8364: start FollowerState
2019-10-16 21:01:59,383 [grpc-default-executor-2] INFO  impl.RoleInfo (RoleInfo.java:shutdownFollowerState(121)) - 4a03179f-3169-4ac7-a075-259968512ef0: shutdown FollowerState
2019-10-16 21:01:59,384 [grpc-default-executor-2] INFO  impl.RoleInfo (RoleInfo.java:updateAndGet(143)) - 4a03179f-3169-4ac7-a075-259968512ef0: start FollowerState
2019-10-16 21:01:59,384 [Thread-2178] INFO  impl.FollowerState (FollowerState.java:run(117)) - 4a03179f-3169-4ac7-a075-259968512ef0@group-83C26644CFDA-FollowerState was interrupted: java.lang.InterruptedException: sleep interrupted
2019-10-16 21:01:59,406 [4b287a15-77af-487b-aef7-34d1d0ee189f@group-83C26644CFDA-LeaderElection301] INFO  impl.LeaderElection (LeaderElection.java:logAndReturn(56)) - 4b287a15-77af-487b-aef7-34d1d0ee189f@group-83C26644CFDA-LeaderElection301: Election REJECTED; received 2 response(s) [4b287a15-77af-487b-aef7-34d1d0ee189f<-0aa3649f-570d-46c6-937f-492d7f3a8364#0:FAIL-t315, 4b287a15-77af-487b-aef7-34d1d0ee189f<-4a03179f-3169-4ac7-a075-259968512ef0#0:FAIL-t315] and 0 exception(s); 4b287a15-77af-487b-aef7-34d1d0ee189f@group-83C26644CFDA:t315, leader=null, voted=4b287a15-77af-487b-aef7-34d1d0ee189f, raftlog=4b287a15-77af-487b-aef7-34d1d0ee189f@group-83C26644CFDA-SegmentedRaftLog:OPENED:c-1,f-1,i0, conf=-1: [4b287a15-77af-487b-aef7-34d1d0ee189f:192.168.34.38:38597, 0aa3649f-570d-46c6-937f-492d7f3a8364:192.168.34.38:33209, 4a03179f-3169-4ac7-a075-259968512ef0:192.168.34.38:45833], old=null
2019-10-16 21:01:59,407 [4b287a15-77af-487b-aef7-34d1d0ee189f@group-83C26644CFDA-LeaderElection301] INFO  impl.RaftServerImpl (RaftServerImpl.java:setRole(184)) - 4b287a15-77af-487b-aef7-34d1d0ee189f@group-83C26644CFDA: changes role from CANDIDATE to FOLLOWER at term 315 for DISCOVERED_A_NEW_TERM
2019-10-16 21:01:59,407 [4b287a15-77af-487b-aef7-34d1d0ee189f@group-83C26644CFDA-LeaderElection301] INFO  impl.RoleInfo (RoleInfo.java:shutdownLeaderElection(134)) - 4b287a15-77af-487b-aef7-34d1d0ee189f: shutdown LeaderElection
2019-10-16 21:01:59,407 [4b287a15-77af-487b-aef7-34d1d0ee189f@group-83C26644CFDA-LeaderElection301] INFO  impl.RoleInfo (RoleInfo.java:updateAndGet(143)) - 4b287a15-77af-487b-aef7-34d1d0ee189f: start FollowerState
2019-10-16 21:01:59,546 [Thread-2185] INFO  impl.FollowerState (FollowerState.java:run(108)) - 4b287a15-77af-487b-aef7-34d1d0ee189f@group-83C26644CFDA-FollowerState: change to CANDIDATE, lastRpcTime:139ms, electionTimeout:139ms
2019-10-16 21:01:59,547 [Thread-2185] INFO  impl.RoleInfo (RoleInfo.java:shutdownFollowerState(121)) - 4b287a15-77af-487b-aef7-34d1d0ee189f: shutdown FollowerState
2019-10-16 21:01:59,547 [Thread-2185] INFO  impl.RaftServerImpl (RaftServerImpl.java:setRole(184)) - 4b287a15-77af-487b-aef7-34d1d0ee189f@group-83C26644CFDA: changes role from  FOLLOWER to CANDIDATE at term 315 for changeToCandidate
2019-10-16 21:01:59,547 [Thread-2185] INFO  impl.RoleInfo (RoleInfo.java:updateAndGet(143)) - 4b287a15-77af-487b-aef7-34d1d0ee189f: start LeaderElection
2019-10-16 21:01:59,569 [4b287a15-77af-487b-aef7-34d1d0ee189f@group-83C26644CFDA-LeaderElection302] INFO  impl.LeaderElection (LeaderElection.java:askForVotes(178)) - 4b287a15-77af-487b-aef7-34d1d0ee189f@group-83C26644CFDA-LeaderElection302: begin an election at term 316 for -1: [4b287a15-77af-487b-aef7-34d1d0ee189f:192.168.34.38:38597, 0aa3649f-570d-46c6-937f-492d7f3a8364:192.168.34.38:33209, 4a03179f-3169-4ac7-a075-259968512ef0:192.168.34.38:45833], old=null
2019-10-16 21:01:59,572 [grpc-default-executor-2] INFO  impl.RaftServerImpl (RaftServerImpl.java:setRole(184)) - 0aa3649f-570d-46c6-937f-492d7f3a8364@group-83C26644CFDA: changes role from  FOLLOWER to FOLLOWER at term 316 for recognizeCandidate:4b287a15-77af-487b-aef7-34d1d0ee189f
2019-10-16 21:01:59,572 [grpc-default-executor-1] INFO  impl.RaftServerImpl (RaftServerImpl.java:setRole(184)) - 4a03179f-3169-4ac7-a075-259968512ef0@group-83C26644CFDA: changes role from  FOLLOWER to FOLLOWER at term 316 for recognizeCandidate:4b287a15-77af-487b-aef7-34d1d0ee189f
2019-10-16 21:01:59,572 [grpc-default-executor-1] INFO  impl.RoleInfo (RoleInfo.java:shutdownFollowerState(121)) - 4a03179f-3169-4ac7-a075-259968512ef0: shutdown FollowerState
2019-10-16 21:01:59,572 [grpc-default-executor-2] INFO  impl.RoleInfo (RoleInfo.java:shutdownFollowerState(121)) - 0aa3649f-570d-46c6-937f-492d7f3a8364: shutdown FollowerState
2019-10-16 21:01:59,573 [Thread-2184] INFO  impl.FollowerState (FollowerState.java:run(117)) - 4a03179f-3169-4ac7-a075-259968512ef0@group-83C26644CFDA-FollowerState was interrupted: java.lang.InterruptedException: sleep interrupted
2019-10-16 21:01:59,572 [grpc-default-executor-1] INFO  impl.RoleInfo (RoleInfo.java:updateAndGet(143)) - 4a03179f-3169-4ac7-a075-259968512ef0: start FollowerState
2019-10-16 21:01:59,573 [Thread-2183] INFO  impl.FollowerState (FollowerState.java:run(117)) - 0aa3649f-570d-46c6-937f-492d7f3a8364@group-83C26644CFDA-FollowerState was interrupted: java.lang.InterruptedException: sleep interrupted
2019-10-16 21:01:59,573 [grpc-default-executor-2] INFO  impl.RoleInfo (RoleInfo.java:updateAndGet(143)) - 0aa3649f-570d-46c6-937f-492d7f3a8364: start FollowerState
2019-10-16 21:01:59,597 [4b287a15-77af-487b-aef7-34d1d0ee189f@group-83C26644CFDA-LeaderElection302] INFO  impl.LeaderElection (LeaderElection.java:logAndReturn(56)) - 4b287a15-77af-487b-aef7-34d1d0ee189f@group-83C26644CFDA-LeaderElection302: Election TIMEOUT; received 0 response(s) [] and 0 exception(s); 4b287a15-77af-487b-aef7-34d1d0ee189f@group-83C26644CFDA:t316, leader=null, voted=4b287a15-77af-487b-aef7-34d1d0ee189f, raftlog=4b287a15-77af-487b-aef7-34d1d0ee189f@group-83C26644CFDA-SegmentedRaftLog:OPENED:c-1,f-1,i0, conf=-1: [4b287a15-77af-487b-aef7-34d1d0ee189f:192.168.34.38:38597, 0aa3649f-570d-46c6-937f-492d7f3a8364:192.168.34.38:33209, 4a03179f-3169-4ac7-a075-259968512ef0:192.168.34.38:45833], old=null
2019-10-16 21:01:59,623 [4b287a15-77af-487b-aef7-34d1d0ee189f@group-83C26644CFDA-LeaderElection302] INFO  impl.LeaderElection (LeaderElection.java:askForVotes(178)) - 4b287a15-77af-487b-aef7-34d1d0ee189f@group-83C26644CFDA-LeaderElection302: begin an election at term 317 for -1: [4b287a15-77af-487b-aef7-34d1d0ee189f:192.168.34.38:38597, 0aa3649f-570d-46c6-937f-492d7f3a8364:192.168.34.38:33209, 4a03179f-3169-4ac7-a075-259968512ef0:192.168.34.38:45833], old=null
2019-10-16 21:01:59,625 [grpc-default-executor-1] INFO  impl.RaftServerImpl (RaftServerImpl.java:setRole(184)) - 0aa3649f-570d-46c6-937f-492d7f3a8364@group-83C26644CFDA: changes role from  FOLLOWER to FOLLOWER at term 317 for recognizeCandidate:4b287a15-77af-487b-aef7-34d1d0ee189f
2019-10-16 21:01:59,626 [grpc-default-executor-1] INFO  impl.RoleInfo (RoleInfo.java:shutdownFollowerState(121)) - 0aa3649f-570d-46c6-937f-492d7f3a8364: shutdown FollowerState
2019-10-16 21:01:59,626 [grpc-default-executor-1] INFO  impl.RoleInfo (RoleInfo.java:updateAndGet(143)) - 0aa3649f-570d-46c6-937f-492d7f3a8364: start FollowerState
2019-10-16 21:01:59,626 [Thread-2190] INFO  impl.FollowerState (FollowerState.java:run(117)) - 0aa3649f-570d-46c6-937f-492d7f3a8364@group-83C26644CFDA-FollowerState was interrupted: java.lang.InterruptedException: sleep interrupted
2019-10-16 21:01:59,626 [grpc-default-executor-2] INFO  impl.RaftServerImpl (RaftServerImpl.java:setRole(184)) - 4a03179f-3169-4ac7-a075-259968512ef0@group-83C26644CFDA: changes role from  FOLLOWER to FOLLOWER at term 317 for recognizeCandidate:4b287a15-77af-487b-aef7-34d1d0ee189f
2019-10-16 21:01:59,626 [grpc-default-executor-2] INFO  impl.RoleInfo (RoleInfo.java:shutdownFollowerState(121)) - 4a03179f-3169-4ac7-a075-259968512ef0: shutdown FollowerState
2019-10-16 21:01:59,626 [grpc-default-executor-2] INFO  impl.RoleInfo (RoleInfo.java:updateAndGet(143)) - 4a03179f-3169-4ac7-a075-259968512ef0: start FollowerState
2019-10-16 21:01:59,627 [Thread-2189] INFO  impl.FollowerState (FollowerState.java:run(117)) - 4a03179f-3169-4ac7-a075-259968512ef0@group-83C26644CFDA-FollowerState was interrupted: java.lang.InterruptedException: sleep interrupted
2019-10-16 21:01:59,641 [4b287a15-77af-487b-aef7-34d1d0ee189f@group-83C26644CFDA-LeaderElection302] INFO  impl.LeaderElection (LeaderElection.java:logAndReturn(56)) - 4b287a15-77af-487b-aef7-34d1d0ee189f@group-83C26644CFDA-LeaderElection302: Election REJECTED; received 2 response(s) [4b287a15-77af-487b-aef7-34d1d0ee189f<-0aa3649f-570d-46c6-937f-492d7f3a8364#0:FAIL-t317, 4b287a15-77af-487b-aef7-34d1d0ee189f<-4a03179f-3169-4ac7-a075-259968512ef0#0:FAIL-t317] and 0 exception(s); 4b287a15-77af-487b-aef7-34d1d0ee189f@group-83C26644CFDA:t317, leader=null, voted=4b287a15-77af-487b-aef7-34d1d0ee189f, raftlog=4b287a15-77af-487b-aef7-34d1d0ee189f@group-83C26644CFDA-SegmentedRaftLog:OPENED:c-1,f-1,i0, conf=-1: [4b287a15-77af-487b-aef7-34d1d0ee189f:192.168.34.38:38597, 0aa3649f-570d-46c6-937f-492d7f3a8364:192.168.34.38:33209, 4a03179f-3169-4ac7-a075-259968512ef0:192.168.34.38:45833], old=null
2019-10-16 21:01:59,641 [4b287a15-77af-487b-aef7-34d1d0ee189f@group-83C26644CFDA-LeaderElection302] INFO  impl.RaftServerImpl (RaftServerImpl.java:setRole(184)) - 4b287a15-77af-487b-aef7-34d1d0ee189f@group-83C26644CFDA: changes role from CANDIDATE to FOLLOWER at term 317 for DISCOVERED_A_NEW_TERM
2019-10-16 21:01:59,642 [4b287a15-77af-487b-aef7-34d1d0ee189f@group-83C26644CFDA-LeaderElection302] INFO  impl.RoleInfo (RoleInfo.java:shutdownLeaderElection(134)) - 4b287a15-77af-487b-aef7-34d1d0ee189f: shutdown LeaderElection
2019-10-16 21:01:59,642 [4b287a15-77af-487b-aef7-34d1d0ee189f@group-83C26644CFDA-LeaderElection302] INFO  impl.RoleInfo (RoleInfo.java:updateAndGet(143)) - 4b287a15-77af-487b-aef7-34d1d0ee189f: start FollowerState
2019-10-16 21:01:59,754 [Thread-2195] INFO  impl.FollowerState (FollowerState.java:run(108)) - 4b287a15-77af-487b-aef7-34d1d0ee189f@group-83C26644CFDA-FollowerState: change to CANDIDATE, lastRpcTime:112ms, electionTimeout:112ms
2019-10-16 21:01:59,754 [Thread-2195] INFO  impl.RoleInfo (RoleInfo.java:shutdownFollowerState(121)) - 4b287a15-77af-487b-aef7-34d1d0ee189f: shutdown FollowerState
2019-10-16 21:01:59,754 [Thread-2195] INFO  impl.RaftServerImpl (RaftServerImpl.java:setRole(184)) - 4b287a15-77af-487b-aef7-34d1d0ee189f@group-83C26644CFDA: changes role from  FOLLOWER to CANDIDATE at term 317 for changeToCandidate
2019-10-16 21:01:59,755 [Thread-2195] INFO  impl.RoleInfo (RoleInfo.java:updateAndGet(143)) - 4b287a15-77af-487b-aef7-34d1d0ee189f: start LeaderElection
2019-10-16 21:01:59,768 [4b287a15-77af-487b-aef7-34d1d0ee189f@group-83C26644CFDA-LeaderElection303] INFO  impl.LeaderElection (LeaderElection.java:askForVotes(178)) - 4b287a15-77af-487b-aef7-34d1d0ee189f@group-83C26644CFDA-LeaderElection303: begin an election at term 318 for -1: [4b287a15-77af-487b-aef7-34d1d0ee189f:192.168.34.38:38597, 0aa3649f-570d-46c6-937f-492d7f3a8364:192.168.34.38:33209, 4a03179f-3169-4ac7-a075-259968512ef0:192.168.34.38:45833], old=null
2019-10-16 21:01:59,771 [grpc-default-executor-2] INFO  impl.RaftServerImpl (RaftServerImpl.java:setRole(184)) - 0aa3649f-570d-46c6-937f-492d7f3a8364@group-83C26644CFDA: changes role from  FOLLOWER to FOLLOWER at term 318 for recognizeCandidate:4b287a15-77af-487b-aef7-34d1d0ee189f
2019-10-16 21:01:59,771 [grpc-default-executor-2] INFO  impl.RoleInfo (RoleInfo.java:shutdownFollowerState(121)) - 0aa3649f-570d-46c6-937f-492d7f3a8364: shutdown FollowerState
2019-10-16 21:01:59,771 [grpc-default-executor-1] INFO  impl.RaftServerImpl (RaftServerImpl.java:setRole(184)) - 4a03179f-3169-4ac7-a075-259968512ef0@group-83C26644CFDA: changes role from  FOLLOWER to FOLLOWER at term 318 for recognizeCandidate:4b287a15-77af-487b-aef7-34d1d0ee189f
2019-10-16 21:01:59,771 [grpc-default-executor-1] INFO  impl.RoleInfo (RoleInfo.java:shutdownFollowerState(121)) - 4a03179f-3169-4ac7-a075-259968512ef0: shutdown FollowerState
2019-10-16 21:01:59,771 [Thread-2193] INFO  impl.FollowerState (FollowerState.java:run(117)) - 0aa3649f-570d-46c6-937f-492d7f3a8364@group-83C26644CFDA-FollowerState was interrupted: java.lang.InterruptedException: sleep interrupted
2019-10-16 21:01:59,771 [grpc-default-executor-2] INFO  impl.RoleInfo (RoleInfo.java:updateAndGet(143)) - 0aa3649f-570d-46c6-937f-492d7f3a8364: start FollowerState
2019-10-16 21:01:59,772 [grpc-default-executor-1] INFO  impl.RoleInfo (RoleInfo.java:updateAndGet(143)) - 4a03179f-3169-4ac7-a075-259968512ef0: start FollowerState
2019-10-16 21:01:59,772 [Thread-2194] INFO  impl.FollowerState (FollowerState.java:run(117)) - 4a03179f-3169-4ac7-a075-259968512ef0@group-83C26644CFDA-FollowerState was interrupted: java.lang.InterruptedException: sleep interrupted
2019-10-16 21:01:59,786 [4b287a15-77af-487b-aef7-34d1d0ee189f@group-83C26644CFDA-LeaderElection303] INFO  impl.LeaderElection (LeaderElection.java:logAndReturn(56)) - 4b287a15-77af-487b-aef7-34d1d0ee189f@group-83C26644CFDA-LeaderElection303: Election REJECTED; received 2 response(s) [4b287a15-77af-487b-aef7-34d1d0ee189f<-0aa3649f-570d-46c6-937f-492d7f3a8364#0:FAIL-t318, 4b287a15-77af-487b-aef7-34d1d0ee189f<-4a03179f-3169-4ac7-a075-259968512ef0#0:FAIL-t318] and 0 exception(s); 4b287a15-77af-487b-aef7-34d1d0ee189f@group-83C26644CFDA:t318, leader=null, voted=4b287a15-77af-487b-aef7-34d1d0ee189f, raftlog=4b287a15-77af-487b-aef7-34d1d0ee189f@group-83C26644CFDA-SegmentedRaftLog:OPENED:c-1,f-1,i0, conf=-1: [4b287a15-77af-487b-aef7-34d1d0ee189f:192.168.34.38:38597, 0aa3649f-570d-46c6-937f-492d7f3a8364:192.168.34.38:33209, 4a03179f-3169-4ac7-a075-259968512ef0:192.168.34.38:45833], old=null
2019-10-16 21:01:59,786 [4b287a15-77af-487b-aef7-34d1d0ee189f@group-83C26644CFDA-LeaderElection303] INFO  impl.RaftServerImpl (RaftServerImpl.java:setRole(184)) - 4b287a15-77af-487b-aef7-34d1d0ee189f@group-83C26644CFDA: changes role from CANDIDATE to FOLLOWER at term 318 for DISCOVERED_A_NEW_TERM
2019-10-16 21:01:59,786 [4b287a15-77af-487b-aef7-34d1d0ee189f@group-83C26644CFDA-LeaderElection303] INFO  impl.RoleInfo (RoleInfo.java:shutdownLeaderElection(134)) - 4b287a15-77af-487b-aef7-34d1d0ee189f: shutdown LeaderElection
2019-10-16 21:01:59,786 [4b287a15-77af-487b-aef7-34d1d0ee189f@group-83C26644CFDA-LeaderElection303] INFO  impl.RoleInfo (RoleInfo.java:updateAndGet(143)) - 4b287a15-77af-487b-aef7-34d1d0ee189f: start FollowerState
2019-10-16 21:01:59,811 [Thread-2201] INFO  impl.FollowerState (FollowerState.java:run(108)) - 4b287a15-77af-487b-aef7-34d1d0ee189f@group-83C26644CFDA-FollowerState: change to CANDIDATE, lastRpcTime:24ms, electionTimeout:24ms
2019-10-16 21:01:59,811 [Thread-2201] INFO  impl.RoleInfo (RoleInfo.java:shutdownFollowerState(121)) - 4b287a15-77af-487b-aef7-34d1d0ee189f: shutdown FollowerState
2019-10-16 21:01:59,811 [Thread-2201] INFO  impl.RaftServerImpl (RaftServerImpl.java:setRole(184)) - 4b287a15-77af-487b-aef7-34d1d0ee189f@group-83C26644CFDA: changes role from  FOLLOWER to CANDIDATE at term 318 for changeToCandidate
2019-10-16 21:01:59,811 [Thread-2201] INFO  impl.RoleInfo (RoleInfo.java:updateAndGet(143)) - 4b287a15-77af-487b-aef7-34d1d0ee189f: start LeaderElection
2019-10-16 21:01:59,824 [4b287a15-77af-487b-aef7-34d1d0ee189f@group-83C26644CFDA-LeaderElection304] INFO  impl.LeaderElection (LeaderElection.java:askForVotes(178)) - 4b287a15-77af-487b-aef7-34d1d0ee189f@group-83C26644CFDA-LeaderElection304: begin an election at term 319 for -1: [4b287a15-77af-487b-aef7-34d1d0ee189f:192.168.34.38:38597, 0aa3649f-570d-46c6-937f-492d7f3a8364:192.168.34.38:33209, 4a03179f-3169-4ac7-a075-259968512ef0:192.168.34.38:45833], old=null
2019-10-16 21:01:59,826 [grpc-default-executor-1] INFO  impl.RaftServerImpl (RaftServerImpl.java:setRole(184)) - 0aa3649f-570d-46c6-937f-492d7f3a8364@group-83C26644CFDA: changes role from  FOLLOWER to FOLLOWER at term 319 for recognizeCandidate:4b287a15-77af-487b-aef7-34d1d0ee189f
2019-10-16 21:01:59,826 [grpc-default-executor-1] INFO  impl.RoleInfo (RoleInfo.java:shutdownFollowerState(121)) - 0aa3649f-570d-46c6-937f-492d7f3a8364: shutdown FollowerState
2019-10-16 21:01:59,826 [grpc-default-executor-2] INFO  impl.RaftServerImpl (RaftServerImpl.java:setRole(184)) - 4a03179f-3169-4ac7-a075-259968512ef0@group-83C26644CFDA: changes role from  FOLLOWER to FOLLOWER at term 319 for recognizeCandidate:4b287a15-77af-487b-aef7-34d1d0ee189f
2019-10-16 21:01:59,826 [Thread-2199] INFO  impl.FollowerState (FollowerState.java:run(117)) - 0aa3649f-570d-46c6-937f-492d7f3a8364@group-83C26644CFDA-FollowerState was interrupted: java.lang.InterruptedException: sleep interrupted
2019-10-16 21:01:59,826 [grpc-default-executor-1] INFO  impl.RoleInfo (RoleInfo.java:updateAndGet(143)) - 0aa3649f-570d-46c6-937f-492d7f3a8364: start FollowerState
2019-10-16 21:01:59,827 [grpc-default-executor-2] INFO  impl.RoleInfo (RoleInfo.java:shutdownFollowerState(121)) - 4a03179f-3169-4ac7-a075-259968512ef0: shutdown FollowerState
2019-10-16 21:01:59,827 [grpc-default-executor-2] INFO  impl.RoleInfo (RoleInfo.java:updateAndGet(143)) - 4a03179f-3169-4ac7-a075-259968512ef0: start FollowerState
2019-10-16 21:01:59,827 [Thread-2200] INFO  impl.FollowerState (FollowerState.java:run(117)) - 4a03179f-3169-4ac7-a075-259968512ef0@group-83C26644CFDA-FollowerState was interrupted: java.lang.InterruptedException: sleep interrupted
2019-10-16 21:01:59,841 [4b287a15-77af-487b-aef7-34d1d0ee189f@group-83C26644CFDA-LeaderElection304] INFO  impl.LeaderElection (LeaderElection.java:logAndReturn(56)) - 4b287a15-77af-487b-aef7-34d1d0ee189f@group-83C26644CFDA-LeaderElection304: Election REJECTED; received 2 response(s) [4b287a15-77af-487b-aef7-34d1d0ee189f<-0aa3649f-570d-46c6-937f-492d7f3a8364#0:FAIL-t319, 4b287a15-77af-487b-aef7-34d1d0ee189f<-4a03179f-3169-4ac7-a075-259968512ef0#0:FAIL-t319] and 0 exception(s); 4b287a15-77af-487b-aef7-34d1d0ee189f@group-83C26644CFDA:t319, leader=null, voted=4b287a15-77af-487b-aef7-34d1d0ee189f, raftlog=4b287a15-77af-487b-aef7-34d1d0ee189f@group-83C26644CFDA-SegmentedRaftLog:OPENED:c-1,f-1,i0, conf=-1: [4b287a15-77af-487b-aef7-34d1d0ee189f:192.168.34.38:38597, 0aa3649f-570d-46c6-937f-492d7f3a8364:192.168.34.38:33209, 4a03179f-3169-4ac7-a075-259968512ef0:192.168.34.38:45833], old=null
2019-10-16 21:01:59,841 [4b287a15-77af-487b-aef7-34d1d0ee189f@group-83C26644CFDA-LeaderElection304] INFO  impl.RaftServerImpl (RaftServerImpl.java:setRole(184)) - 4b287a15-77af-487b-aef7-34d1d0ee189f@group-83C26644CFDA: changes role from CANDIDATE to FOLLOWER at term 319 for DISCOVERED_A_NEW_TERM
2019-10-16 21:01:59,841 [4b287a15-77af-487b-aef7-34d1d0ee189f@group-83C26644CFDA-LeaderElection304] INFO  impl.RoleInfo (RoleInfo.java:shutdownLeaderElection(134)) - 4b287a15-77af-487b-aef7-34d1d0ee189f: shutdown LeaderElection
2019-10-16 21:01:59,842 [4b287a15-77af-487b-aef7-34d1d0ee189f@group-83C26644CFDA-LeaderElection304] INFO  impl.RoleInfo (RoleInfo.java:updateAndGet(143)) - 4b287a15-77af-487b-aef7-34d1d0ee189f: start FollowerState
2019-10-16 21:01:59,961 [Thread-2207] INFO  impl.FollowerState (FollowerState.java:run(108)) - 4b287a15-77af-487b-aef7-34d1d0ee189f@group-83C26644CFDA-FollowerState: change to CANDIDATE, lastRpcTime:119ms, electionTimeout:119ms
2019-10-16 21:01:59,961 [Thread-2207] INFO  impl.RoleInfo (RoleInfo.java:shutdownFollowerState(121)) - 4b287a15-77af-487b-aef7-34d1d0ee189f: shutdown FollowerState
2019-10-16 21:01:59,961 [Thread-2207] INFO  impl.RaftServerImpl (RaftServerImpl.java:setRole(184)) - 4b287a15-77af-487b-aef7-34d1d0ee189f@group-83C26644CFDA: changes role from  FOLLOWER to CANDIDATE at term 319 for changeToCandidate
2019-10-16 21:01:59,961 [Thread-2207] INFO  impl.RoleInfo (RoleInfo.java:updateAndGet(143)) - 4b287a15-77af-487b-aef7-34d1d0ee189f: start LeaderElection
2019-10-16 21:01:59,975 [4b287a15-77af-487b-aef7-34d1d0ee189f@group-83C26644CFDA-LeaderElection305] INFO  impl.LeaderElection (LeaderElection.java:askForVotes(178)) - 4b287a15-77af-487b-aef7-34d1d0ee189f@group-83C26644CFDA-LeaderElection305: begin an election at term 320 for -1: [4b287a15-77af-487b-aef7-34d1d0ee189f:192.168.34.38:38597, 0aa3649f-570d-46c6-937f-492d7f3a8364:192.168.34.38:33209, 4a03179f-3169-4ac7-a075-259968512ef0:192.168.34.38:45833], old=null
2019-10-16 21:01:59,977 [grpc-default-executor-2] INFO  impl.RaftServerImpl (RaftServerImpl.java:setRole(184)) - 0aa3649f-570d-46c6-937f-492d7f3a8364@group-83C26644CFDA: changes role from  FOLLOWER to FOLLOWER at term 320 for recognizeCandidate:4b287a15-77af-487b-aef7-34d1d0ee189f
2019-10-16 21:01:59,977 [grpc-default-executor-2] INFO  impl.RoleInfo (RoleInfo.java:shutdownFollowerState(121)) - 0aa3649f-570d-46c6-937f-492d7f3a8364: shutdown FollowerState
2019-10-16 21:01:59,977 [grpc-default-executor-1] INFO  impl.RaftServerImpl (RaftServerImpl.java:setRole(184)) - 4a03179f-3169-4ac7-a075-259968512ef0@group-83C26644CFDA: changes role from  FOLLOWER to FOLLOWER at term 320 for recognizeCandidate:4b287a15-77af-487b-aef7-34d1d0ee189f
2019-10-16 21:01:59,977 [Thread-2205] INFO  impl.FollowerState (FollowerState.java:run(117)) - 0aa3649f-570d-46c6-937f-492d7f3a8364@group-83C26644CFDA-FollowerState was interrupted: java.lang.InterruptedException: sleep interrupted
2019-10-16 21:01:59,977 [grpc-default-executor-2] INFO  impl.RoleInfo (RoleInfo.java:updateAndGet(143)) - 0aa3649f-570d-46c6-937f-492d7f3a8364: start FollowerState
2019-10-16 21:01:59,978 [grpc-default-executor-1] INFO  impl.RoleInfo (RoleInfo.java:shutdownFollowerState(121)) - 4a03179f-3169-4ac7-a075-259968512ef0: shutdown FollowerState
2019-10-16 21:01:59,978 [grpc-default-executor-1] INFO  impl.RoleInfo (RoleInfo.java:updateAndGet(143)) - 4a03179f-3169-4ac7-a075-259968512ef0: start FollowerState
2019-10-16 21:01:59,978 [Thread-2206] INFO  impl.FollowerState (FollowerState.java:run(117)) - 4a03179f-3169-4ac7-a075-259968512ef0@group-83C26644CFDA-FollowerState was interrupted: java.lang.InterruptedException: sleep interrupted
2019-10-16 21:01:59,993 [4b287a15-77af-487b-aef7-34d1d0ee189f@group-83C26644CFDA-LeaderElection305] INFO  impl.LeaderElection (LeaderElection.java:logAndReturn(56)) - 4b287a15-77af-487b-aef7-34d1d0ee189f@group-83C26644CFDA-LeaderElection305: Election REJECTED; received 2 response(s) [4b287a15-77af-487b-aef7-34d1d0ee189f<-0aa3649f-570d-46c6-937f-492d7f3a8364#0:FAIL-t320, 4b287a15-77af-487b-aef7-34d1d0ee189f<-4a03179f-3169-4ac7-a075-259968512ef0#0:FAIL-t320] and 0 exception(s); 4b287a15-77af-487b-aef7-34d1d0ee189f@group-83C26644CFDA:t320, leader=null, voted=4b287a15-77af-487b-aef7-34d1d0ee189f, raftlog=4b287a15-77af-487b-aef7-34d1d0ee189f@group-83C26644CFDA-SegmentedRaftLog:OPENED:c-1,f-1,i0, conf=-1: [4b287a15-77af-487b-aef7-34d1d0ee189f:192.168.34.38:38597, 0aa3649f-570d-46c6-937f-492d7f3a8364:192.168.34.38:33209, 4a03179f-3169-4ac7-a075-259968512ef0:192.168.34.38:45833], old=null
2019-10-16 21:01:59,993 [4b287a15-77af-487b-aef7-34d1d0ee189f@group-83C26644CFDA-LeaderElection305] INFO  impl.RaftServerImpl (RaftServerImpl.java:setRole(184)) - 4b287a15-77af-487b-aef7-34d1d0ee189f@group-83C26644CFDA: changes role from CANDIDATE to FOLLOWER at term 320 for DISCOVERED_A_NEW_TERM
2019-10-16 21:01:59,993 [4b287a15-77af-487b-aef7-34d1d0ee189f@group-83C26644CFDA-LeaderElection305] INFO  impl.RoleInfo (RoleInfo.java:shutdownLeaderElection(134)) - 4b287a15-77af-487b-aef7-34d1d0ee189f: shutdown LeaderElection
2019-10-16 21:01:59,993 [4b287a15-77af-487b-aef7-34d1d0ee189f@group-83C26644CFDA-LeaderElection305] INFO  impl.RoleInfo (RoleInfo.java:updateAndGet(143)) - 4b287a15-77af-487b-aef7-34d1d0ee189f: start FollowerState
2019-10-16 21:02:00,116 [Thread-2213] INFO  impl.FollowerState (FollowerState.java:run(108)) - 4b287a15-77af-487b-aef7-34d1d0ee189f@group-83C26644CFDA-FollowerState: change to CANDIDATE, lastRpcTime:122ms, electionTimeout:122ms
2019-10-16 21:02:00,116 [Thread-2213] INFO  impl.RoleInfo (RoleInfo.java:shutdownFollowerState(121)) - 4b287a15-77af-487b-aef7-34d1d0ee189f: shutdown FollowerState
2019-10-16 21:02:00,116 [Thread-2213] INFO  impl.RaftServerImpl (RaftServerImpl.java:setRole(184)) - 4b287a15-77af-487b-aef7-34d1d0ee189f@group-83C26644CFDA: changes role from  FOLLOWER to CANDIDATE at term 320 for changeToCandidate
2019-10-16 21:02:00,116 [Thread-2213] INFO  impl.RoleInfo (RoleInfo.java:updateAndGet(143)) - 4b287a15-77af-487b-aef7-34d1d0ee189f: start LeaderElection
2019-10-16 21:02:00,137 [4b287a15-77af-487b-aef7-34d1d0ee189f@group-83C26644CFDA-LeaderElection306] INFO  impl.LeaderElection (LeaderElection.java:askForVotes(178)) - 4b287a15-77af-487b-aef7-34d1d0ee189f@group-83C26644CFDA-LeaderElection306: begin an election at term 321 for -1: [4b287a15-77af-487b-aef7-34d1d0ee189f:192.168.34.38:38597, 0aa3649f-570d-46c6-937f-492d7f3a8364:192.168.34.38:33209, 4a03179f-3169-4ac7-a075-259968512ef0:192.168.34.38:45833], old=null
2019-10-16 21:02:00,139 [grpc-default-executor-2] INFO  impl.RaftServerImpl (RaftServerImpl.java:setRole(184)) - 0aa3649f-570d-46c6-937f-492d7f3a8364@group-83C26644CFDA: changes role from  FOLLOWER to FOLLOWER at term 321 for recognizeCandidate:4b287a15-77af-487b-aef7-34d1d0ee189f
2019-10-16 21:02:00,139 [grpc-default-executor-2] INFO  impl.RoleInfo (RoleInfo.java:shutdownFollowerState(121)) - 0aa3649f-570d-46c6-937f-492d7f3a8364: shutdown FollowerState
2019-10-16 21:02:00,139 [grpc-default-executor-1] INFO  impl.RaftServerImpl (RaftServerImpl.java:setRole(184)) - 4a03179f-3169-4ac7-a075-259968512ef0@group-83C26644CFDA: changes role from  FOLLOWER to FOLLOWER at term 321 for recognizeCandidate:4b287a15-77af-487b-aef7-34d1d0ee189f
2019-10-16 21:02:00,140 [grpc-default-executor-1] INFO  impl.RoleInfo (RoleInfo.java:shutdownFollowerState(121)) - 4a03179f-3169-4ac7-a075-259968512ef0: shutdown FollowerState
2019-10-16 21:02:00,139 [grpc-default-executor-2] INFO  impl.RoleInfo (RoleInfo.java:updateAndGet(143)) - 0aa3649f-570d-46c6-937f-492d7f3a8364: start FollowerState
2019-10-16 21:02:00,139 [Thread-2211] INFO  impl.FollowerState (FollowerState.java:run(117)) - 0aa3649f-570d-46c6-937f-492d7f3a8364@group-83C26644CFDA-FollowerState was interrupted: java.lang.InterruptedException: sleep interrupted
2019-10-16 21:02:00,140 [Thread-2212] INFO  impl.FollowerState (FollowerState.java:run(117)) - 4a03179f-3169-4ac7-a075-259968512ef0@group-83C26644CFDA-FollowerState was interrupted: java.lang.InterruptedException: sleep interrupted
2019-10-16 21:02:00,140 [grpc-default-executor-1] INFO  impl.RoleInfo (RoleInfo.java:updateAndGet(143)) - 4a03179f-3169-4ac7-a075-259968512ef0: start FollowerState
2019-10-16 21:02:00,154 [4b287a15-77af-487b-aef7-34d1d0ee189f@group-83C26644CFDA-LeaderElection306] INFO  impl.LeaderElection (LeaderElection.java:logAndReturn(56)) - 4b287a15-77af-487b-aef7-34d1d0ee189f@group-83C26644CFDA-LeaderElection306: Election REJECTED; received 2 response(s) [4b287a15-77af-487b-aef7-34d1d0ee189f<-0aa3649f-570d-46c6-937f-492d7f3a8364#0:FAIL-t321, 4b287a15-77af-487b-aef7-34d1d0ee189f<-4a03179f-3169-4ac7-a075-259968512ef0#0:FAIL-t321] and 0 exception(s); 4b287a15-77af-487b-aef7-34d1d0ee189f@group-83C26644CFDA:t321, leader=null, voted=4b287a15-77af-487b-aef7-34d1d0ee189f, raftlog=4b287a15-77af-487b-aef7-34d1d0ee189f@group-83C26644CFDA-SegmentedRaftLog:OPENED:c-1,f-1,i0, conf=-1: [4b287a15-77af-487b-aef7-34d1d0ee189f:192.168.34.38:38597, 0aa3649f-570d-46c6-937f-492d7f3a8364:192.168.34.38:33209, 4a03179f-3169-4ac7-a075-259968512ef0:192.168.34.38:45833], old=null
2019-10-16 21:02:00,154 [4b287a15-77af-487b-aef7-34d1d0ee189f@group-83C26644CFDA-LeaderElection306] INFO  impl.RaftServerImpl (RaftServerImpl.java:setRole(184)) - 4b287a15-77af-487b-aef7-34d1d0ee189f@group-83C26644CFDA: changes role from CANDIDATE to FOLLOWER at term 321 for DISCOVERED_A_NEW_TERM
2019-10-16 21:02:00,154 [4b287a15-77af-487b-aef7-34d1d0ee189f@group-83C26644CFDA-LeaderElection306] INFO  impl.RoleInfo (RoleInfo.java:shutdownLeaderElection(134)) - 4b287a15-77af-487b-aef7-34d1d0ee189f: shutdown LeaderElection
2019-10-16 21:02:00,154 [4b287a15-77af-487b-aef7-34d1d0ee189f@group-83C26644CFDA-LeaderElection306] INFO  impl.RoleInfo (RoleInfo.java:updateAndGet(143)) - 4b287a15-77af-487b-aef7-34d1d0ee189f: start FollowerState
2019-10-16 21:02:00,300 [Thread-2219] INFO  impl.FollowerState (FollowerState.java:run(108)) - 4b287a15-77af-487b-aef7-34d1d0ee189f@group-83C26644CFDA-FollowerState: change to CANDIDATE, lastRpcTime:145ms, electionTimeout:145ms
2019-10-16 21:02:00,300 [Thread-2219] INFO  impl.RoleInfo (RoleInfo.java:shutdownFollowerState(121)) - 4b287a15-77af-487b-aef7-34d1d0ee189f: shutdown FollowerState
2019-10-16 21:02:00,300 [Thread-2219] INFO  impl.RaftServerImpl (RaftServerImpl.java:setRole(184)) - 4b287a15-77af-487b-aef7-34d1d0ee189f@group-83C26644CFDA: changes role from  FOLLOWER to CANDIDATE at term 321 for changeToCandidate
2019-10-16 21:02:00,300 [Thread-2219] INFO  impl.RoleInfo (RoleInfo.java:updateAndGet(143)) - 4b287a15-77af-487b-aef7-34d1d0ee189f: start LeaderElection
2019-10-16 21:02:00,313 [4b287a15-77af-487b-aef7-34d1d0ee189f@group-83C26644CFDA-LeaderElection307] INFO  impl.LeaderElection (LeaderElection.java:askForVotes(178)) - 4b287a15-77af-487b-aef7-34d1d0ee189f@group-83C26644CFDA-LeaderElection307: begin an election at term 322 for -1: [4b287a15-77af-487b-aef7-34d1d0ee189f:192.168.34.38:38597, 0aa3649f-570d-46c6-937f-492d7f3a8364:192.168.34.38:33209, 4a03179f-3169-4ac7-a075-259968512ef0:192.168.34.38:45833], old=null
2019-10-16 21:02:00,316 [grpc-default-executor-1] INFO  impl.RaftServerImpl (RaftServerImpl.java:setRole(184)) - 0aa3649f-570d-46c6-937f-492d7f3a8364@group-83C26644CFDA: changes role from  FOLLOWER to FOLLOWER at term 322 for recognizeCandidate:4b287a15-77af-487b-aef7-34d1d0ee189f
2019-10-16 21:02:00,316 [grpc-default-executor-1] INFO  impl.RoleInfo (RoleInfo.java:shutdownFollowerState(121)) - 0aa3649f-570d-46c6-937f-492d7f3a8364: shutdown FollowerState
2019-10-16 21:02:00,316 [grpc-default-executor-2] INFO  impl.RaftServerImpl (RaftServerImpl.java:setRole(184)) - 4a03179f-3169-4ac7-a075-259968512ef0@group-83C26644CFDA: changes role from  FOLLOWER to FOLLOWER at term 322 for recognizeCandidate:4b287a15-77af-487b-aef7-34d1d0ee189f
2019-10-16 21:02:00,316 [Thread-2217] INFO  impl.FollowerState (FollowerState.java:run(117)) - 0aa3649f-570d-46c6-937f-492d7f3a8364@group-83C26644CFDA-FollowerState was interrupted: java.lang.InterruptedException: sleep interrupted
2019-10-16 21:02:00,316 [grpc-default-executor-1] INFO  impl.RoleInfo (RoleInfo.java:updateAndGet(143)) - 0aa3649f-570d-46c6-937f-492d7f3a8364: start FollowerState
2019-10-16 21:02:00,316 [grpc-default-executor-2] INFO  impl.RoleInfo (RoleInfo.java:shutdownFollowerState(121)) - 4a03179f-3169-4ac7-a075-259968512ef0: shutdown FollowerState
2019-10-16 21:02:00,317 [grpc-default-executor-2] INFO  impl.RoleInfo (RoleInfo.java:updateAndGet(143)) - 4a03179f-3169-4ac7-a075-259968512ef0: start FollowerState
2019-10-16 21:02:00,317 [Thread-2218] INFO  impl.FollowerState (FollowerState.java:run(117)) - 4a03179f-3169-4ac7-a075-259968512ef0@group-83C26644CFDA-FollowerState was interrupted: java.lang.InterruptedException: sleep interrupted
2019-10-16 21:02:00,331 [4b287a15-77af-487b-aef7-34d1d0ee189f@group-83C26644CFDA-LeaderElection307] INFO  impl.LeaderElection (LeaderElection.java:logAndReturn(56)) - 4b287a15-77af-487b-aef7-34d1d0ee189f@group-83C26644CFDA-LeaderElection307: Election REJECTED; received 2 response(s) [4b287a15-77af-487b-aef7-34d1d0ee189f<-0aa3649f-570d-46c6-937f-492d7f3a8364#0:FAIL-t322, 4b287a15-77af-487b-aef7-34d1d0ee189f<-4a03179f-3169-4ac7-a075-259968512ef0#0:FAIL-t322] and 0 exception(s); 4b287a15-77af-487b-aef7-34d1d0ee189f@group-83C26644CFDA:t322, leader=null, voted=4b287a15-77af-487b-aef7-34d1d0ee189f, raftlog=4b287a15-77af-487b-aef7-34d1d0ee189f@group-83C26644CFDA-SegmentedRaftLog:OPENED:c-1,f-1,i0, conf=-1: [4b287a15-77af-487b-aef7-34d1d0ee189f:192.168.34.38:38597, 0aa3649f-570d-46c6-937f-492d7f3a8364:192.168.34.38:33209, 4a03179f-3169-4ac7-a075-259968512ef0:192.168.34.38:45833], old=null
2019-10-16 21:02:00,331 [4b287a15-77af-487b-aef7-34d1d0ee189f@group-83C26644CFDA-LeaderElection307] INFO  impl.RaftServerImpl (RaftServerImpl.java:setRole(184)) - 4b287a15-77af-487b-aef7-34d1d0ee189f@group-83C26644CFDA: changes role from CANDIDATE to FOLLOWER at term 322 for DISCOVERED_A_NEW_TERM
2019-10-16 21:02:00,331 [4b287a15-77af-487b-aef7-34d1d0ee189f@group-83C26644CFDA-LeaderElection307] INFO  impl.RoleInfo (RoleInfo.java:shutdownLeaderElection(134)) - 4b287a15-77af-487b-aef7-34d1d0ee189f: shutdown LeaderElection
2019-10-16 21:02:00,331 [4b287a15-77af-487b-aef7-34d1d0ee189f@group-83C26644CFDA-LeaderElection307] INFO  impl.RoleInfo (RoleInfo.java:updateAndGet(143)) - 4b287a15-77af-487b-aef7-34d1d0ee189f: start FollowerState
2019-10-16 21:02:00,361 [main] INFO  ozone.MiniOzoneClusterImpl (MiniOzoneClusterImpl.java:lambda$waitForClusterToBeReady$2(164)) - Waiting for 1 number of pipelines out of 4, to report a leader.
2019-10-16 21:02:00,412 [Thread-2225] INFO  impl.FollowerState (FollowerState.java:run(108)) - 4b287a15-77af-487b-aef7-34d1d0ee189f@group-83C26644CFDA-FollowerState: change to CANDIDATE, lastRpcTime:81ms, electionTimeout:81ms
2019-10-16 21:02:00,413 [Thread-2225] INFO  impl.RoleInfo (RoleInfo.java:shutdownFollowerState(121)) - 4b287a15-77af-487b-aef7-34d1d0ee189f: shutdown FollowerState
2019-10-16 21:02:00,413 [Thread-2225] INFO  impl.RaftServerImpl (RaftServerImpl.java:setRole(184)) - 4b287a15-77af-487b-aef7-34d1d0ee189f@group-83C26644CFDA: changes role from  FOLLOWER to CANDIDATE at term 322 for changeToCandidate
2019-10-16 21:02:00,413 [Thread-2225] INFO  impl.RoleInfo (RoleInfo.java:updateAndGet(143)) - 4b287a15-77af-487b-aef7-34d1d0ee189f: start LeaderElection
2019-10-16 21:02:00,426 [4b287a15-77af-487b-aef7-34d1d0ee189f@group-83C26644CFDA-LeaderElection308] INFO  impl.LeaderElection (LeaderElection.java:askForVotes(178)) - 4b287a15-77af-487b-aef7-34d1d0ee189f@group-83C26644CFDA-LeaderElection308: begin an election at term 323 for -1: [4b287a15-77af-487b-aef7-34d1d0ee189f:192.168.34.38:38597, 0aa3649f-570d-46c6-937f-492d7f3a8364:192.168.34.38:33209, 4a03179f-3169-4ac7-a075-259968512ef0:192.168.34.38:45833], old=null
2019-10-16 21:02:00,429 [grpc-default-executor-1] INFO  impl.RaftServerImpl (RaftServerImpl.java:setRole(184)) - 4a03179f-3169-4ac7-a075-259968512ef0@group-83C26644CFDA: changes role from  FOLLOWER to FOLLOWER at term 323 for recognizeCandidate:4b287a15-77af-487b-aef7-34d1d0ee189f
2019-10-16 21:02:00,429 [grpc-default-executor-1] INFO  impl.RoleInfo (RoleInfo.java:shutdownFollowerState(121)) - 4a03179f-3169-4ac7-a075-259968512ef0: shutdown FollowerState
2019-10-16 21:02:00,430 [grpc-default-executor-1] INFO  impl.RoleInfo (RoleInfo.java:updateAndGet(143)) - 4a03179f-3169-4ac7-a075-259968512ef0: start FollowerState
2019-10-16 21:02:00,430 [Thread-2224] INFO  impl.FollowerState (FollowerState.java:run(117)) - 4a03179f-3169-4ac7-a075-259968512ef0@group-83C26644CFDA-FollowerState was interrupted: java.lang.InterruptedException: sleep interrupted
2019-10-16 21:02:00,431 [grpc-default-executor-2] INFO  impl.RaftServerImpl (RaftServerImpl.java:setRole(184)) - 0aa3649f-570d-46c6-937f-492d7f3a8364@group-83C26644CFDA: changes role from  FOLLOWER to FOLLOWER at term 323 for recognizeCandidate:4b287a15-77af-487b-aef7-34d1d0ee189f
2019-10-16 21:02:00,432 [grpc-default-executor-2] INFO  impl.RoleInfo (RoleInfo.java:shutdownFollowerState(121)) - 0aa3649f-570d-46c6-937f-492d7f3a8364: shutdown FollowerState
2019-10-16 21:02:00,432 [grpc-default-executor-2] INFO  impl.RoleInfo (RoleInfo.java:updateAndGet(143)) - 0aa3649f-570d-46c6-937f-492d7f3a8364: start FollowerState
2019-10-16 21:02:00,432 [Thread-2223] INFO  impl.FollowerState (FollowerState.java:run(117)) - 0aa3649f-570d-46c6-937f-492d7f3a8364@group-83C26644CFDA-FollowerState was interrupted: java.lang.InterruptedException: sleep interrupted
2019-10-16 21:02:00,445 [4b287a15-77af-487b-aef7-34d1d0ee189f@group-83C26644CFDA-LeaderElection308] INFO  impl.LeaderElection (LeaderElection.java:logAndReturn(56)) - 4b287a15-77af-487b-aef7-34d1d0ee189f@group-83C26644CFDA-LeaderElection308: Election REJECTED; received 2 response(s) [4b287a15-77af-487b-aef7-34d1d0ee189f<-0aa3649f-570d-46c6-937f-492d7f3a8364#0:FAIL-t323, 4b287a15-77af-487b-aef7-34d1d0ee189f<-4a03179f-3169-4ac7-a075-259968512ef0#0:FAIL-t323] and 0 exception(s); 4b287a15-77af-487b-aef7-34d1d0ee189f@group-83C26644CFDA:t323, leader=null, voted=4b287a15-77af-487b-aef7-34d1d0ee189f, raftlog=4b287a15-77af-487b-aef7-34d1d0ee189f@group-83C26644CFDA-SegmentedRaftLog:OPENED:c-1,f-1,i0, conf=-1: [4b287a15-77af-487b-aef7-34d1d0ee189f:192.168.34.38:38597, 0aa3649f-570d-46c6-937f-492d7f3a8364:192.168.34.38:33209, 4a03179f-3169-4ac7-a075-259968512ef0:192.168.34.38:45833], old=null
2019-10-16 21:02:00,445 [4b287a15-77af-487b-aef7-34d1d0ee189f@group-83C26644CFDA-LeaderElection308] INFO  impl.RaftServerImpl (RaftServerImpl.java:setRole(184)) - 4b287a15-77af-487b-aef7-34d1d0ee189f@group-83C26644CFDA: changes role from CANDIDATE to FOLLOWER at term 323 for DISCOVERED_A_NEW_TERM
2019-10-16 21:02:00,446 [4b287a15-77af-487b-aef7-34d1d0ee189f@group-83C26644CFDA-LeaderElection308] INFO  impl.RoleInfo (RoleInfo.java:shutdownLeaderElection(134)) - 4b287a15-77af-487b-aef7-34d1d0ee189f: shutdown LeaderElection
2019-10-16 21:02:00,446 [4b287a15-77af-487b-aef7-34d1d0ee189f@group-83C26644CFDA-LeaderElection308] INFO  impl.RoleInfo (RoleInfo.java:updateAndGet(143)) - 4b287a15-77af-487b-aef7-34d1d0ee189f: start FollowerState
2019-10-16 21:02:00,613 [Thread-2231] INFO  impl.FollowerState (FollowerState.java:run(108)) - 4b287a15-77af-487b-aef7-34d1d0ee189f@group-83C26644CFDA-FollowerState: change to CANDIDATE, lastRpcTime:167ms, electionTimeout:167ms
2019-10-16 21:02:00,613 [Thread-2231] INFO  impl.RoleInfo (RoleInfo.java:shutdownFollowerState(121)) - 4b287a15-77af-487b-aef7-34d1d0ee189f: shutdown FollowerState
2019-10-16 21:02:00,613 [Thread-2231] INFO  impl.RaftServerImpl (RaftServerImpl.java:setRole(184)) - 4b287a15-77af-487b-aef7-34d1d0ee189f@group-83C26644CFDA: changes role from  FOLLOWER to CANDIDATE at term 323 for changeToCandidate
2019-10-16 21:02:00,614 [Thread-2231] INFO  impl.RoleInfo (RoleInfo.java:updateAndGet(143)) - 4b287a15-77af-487b-aef7-34d1d0ee189f: start LeaderElection
2019-10-16 21:02:00,627 [4b287a15-77af-487b-aef7-34d1d0ee189f@group-83C26644CFDA-LeaderElection309] INFO  impl.LeaderElection (LeaderElection.java:askForVotes(178)) - 4b287a15-77af-487b-aef7-34d1d0ee189f@group-83C26644CFDA-LeaderElection309: begin an election at term 324 for -1: [4b287a15-77af-487b-aef7-34d1d0ee189f:192.168.34.38:38597, 0aa3649f-570d-46c6-937f-492d7f3a8364:192.168.34.38:33209, 4a03179f-3169-4ac7-a075-259968512ef0:192.168.34.38:45833], old=null
2019-10-16 21:02:00,629 [grpc-default-executor-1] INFO  impl.RaftServerImpl (RaftServerImpl.java:setRole(184)) - 0aa3649f-570d-46c6-937f-492d7f3a8364@group-83C26644CFDA: changes role from  FOLLOWER to FOLLOWER at term 324 for recognizeCandidate:4b287a15-77af-487b-aef7-34d1d0ee189f
2019-10-16 21:02:00,630 [grpc-default-executor-1] INFO  impl.RoleInfo (RoleInfo.java:shutdownFollowerState(121)) - 0aa3649f-570d-46c6-937f-492d7f3a8364: shutdown FollowerState
2019-10-16 21:02:00,629 [grpc-default-executor-2] INFO  impl.RaftServerImpl (RaftServerImpl.java:setRole(184)) - 4a03179f-3169-4ac7-a075-259968512ef0@group-83C26644CFDA: changes role from  FOLLOWER to FOLLOWER at term 324 for recognizeCandidate:4b287a15-77af-487b-aef7-34d1d0ee189f
2019-10-16 21:02:00,630 [Thread-2230] INFO  impl.FollowerState (FollowerState.java:run(117)) - 0aa3649f-570d-46c6-937f-492d7f3a8364@group-83C26644CFDA-FollowerState was interrupted: java.lang.InterruptedException: sleep interrupted
2019-10-16 21:02:00,630 [grpc-default-executor-1] INFO  impl.RoleInfo (RoleInfo.java:updateAndGet(143)) - 0aa3649f-570d-46c6-937f-492d7f3a8364: start FollowerState
2019-10-16 21:02:00,630 [grpc-default-executor-2] INFO  impl.RoleInfo (RoleInfo.java:shutdownFollowerState(121)) - 4a03179f-3169-4ac7-a075-259968512ef0: shutdown FollowerState
2019-10-16 21:02:00,630 [grpc-default-executor-2] INFO  impl.RoleInfo (RoleInfo.java:updateAndGet(143)) - 4a03179f-3169-4ac7-a075-259968512ef0: start FollowerState
2019-10-16 21:02:00,630 [Thread-2229] INFO  impl.FollowerState (FollowerState.java:run(117)) - 4a03179f-3169-4ac7-a075-259968512ef0@group-83C26644CFDA-FollowerState was interrupted: java.lang.InterruptedException: sleep interrupted
2019-10-16 21:02:00,656 [4b287a15-77af-487b-aef7-34d1d0ee189f@group-83C26644CFDA-LeaderElection309] INFO  impl.LeaderElection (LeaderElection.java:logAndReturn(56)) - 4b287a15-77af-487b-aef7-34d1d0ee189f@group-83C26644CFDA-LeaderElection309: Election REJECTED; received 2 response(s) [4b287a15-77af-487b-aef7-34d1d0ee189f<-0aa3649f-570d-46c6-937f-492d7f3a8364#0:FAIL-t324, 4b287a15-77af-487b-aef7-34d1d0ee189f<-4a03179f-3169-4ac7-a075-259968512ef0#0:FAIL-t324] and 0 exception(s); 4b287a15-77af-487b-aef7-34d1d0ee189f@group-83C26644CFDA:t324, leader=null, voted=4b287a15-77af-487b-aef7-34d1d0ee189f, raftlog=4b287a15-77af-487b-aef7-34d1d0ee189f@group-83C26644CFDA-SegmentedRaftLog:OPENED:c-1,f-1,i0, conf=-1: [4b287a15-77af-487b-aef7-34d1d0ee189f:192.168.34.38:38597, 0aa3649f-570d-46c6-937f-492d7f3a8364:192.168.34.38:33209, 4a03179f-3169-4ac7-a075-259968512ef0:192.168.34.38:45833], old=null
2019-10-16 21:02:00,657 [4b287a15-77af-487b-aef7-34d1d0ee189f@group-83C26644CFDA-LeaderElection309] INFO  impl.RaftServerImpl (RaftServerImpl.java:setRole(184)) - 4b287a15-77af-487b-aef7-34d1d0ee189f@group-83C26644CFDA: changes role from CANDIDATE to FOLLOWER at term 324 for DISCOVERED_A_NEW_TERM
2019-10-16 21:02:00,657 [4b287a15-77af-487b-aef7-34d1d0ee189f@group-83C26644CFDA-LeaderElection309] INFO  impl.RoleInfo (RoleInfo.java:shutdownLeaderElection(134)) - 4b287a15-77af-487b-aef7-34d1d0ee189f: shutdown LeaderElection
2019-10-16 21:02:00,657 [4b287a15-77af-487b-aef7-34d1d0ee189f@group-83C26644CFDA-LeaderElection309] INFO  impl.RoleInfo (RoleInfo.java:updateAndGet(143)) - 4b287a15-77af-487b-aef7-34d1d0ee189f: start FollowerState
2019-10-16 21:02:00,789 [Thread-2237] INFO  impl.FollowerState (FollowerState.java:run(108)) - 4b287a15-77af-487b-aef7-34d1d0ee189f@group-83C26644CFDA-FollowerState: change to CANDIDATE, lastRpcTime:132ms, electionTimeout:132ms
2019-10-16 21:02:00,789 [Thread-2237] INFO  impl.RoleInfo (RoleInfo.java:shutdownFollowerState(121)) - 4b287a15-77af-487b-aef7-34d1d0ee189f: shutdown FollowerState
2019-10-16 21:02:00,789 [Thread-2237] INFO  impl.RaftServerImpl (RaftServerImpl.java:setRole(184)) - 4b287a15-77af-487b-aef7-34d1d0ee189f@group-83C26644CFDA: changes role from  FOLLOWER to CANDIDATE at term 324 for changeToCandidate
2019-10-16 21:02:00,790 [Thread-2237] INFO  impl.RoleInfo (RoleInfo.java:updateAndGet(143)) - 4b287a15-77af-487b-aef7-34d1d0ee189f: start LeaderElection
2019-10-16 21:02:00,797 [4b287a15-77af-487b-aef7-34d1d0ee189f@group-83C26644CFDA-LeaderElection310] INFO  impl.LeaderElection (LeaderElection.java:askForVotes(178)) - 4b287a15-77af-487b-aef7-34d1d0ee189f@group-83C26644CFDA-LeaderElection310: begin an election at term 325 for -1: [4b287a15-77af-487b-aef7-34d1d0ee189f:192.168.34.38:38597, 0aa3649f-570d-46c6-937f-492d7f3a8364:192.168.34.38:33209, 4a03179f-3169-4ac7-a075-259968512ef0:192.168.34.38:45833], old=null
2019-10-16 21:02:00,800 [grpc-default-executor-1] INFO  impl.RaftServerImpl (RaftServerImpl.java:setRole(184)) - 0aa3649f-570d-46c6-937f-492d7f3a8364@group-83C26644CFDA: changes role from  FOLLOWER to FOLLOWER at term 325 for recognizeCandidate:4b287a15-77af-487b-aef7-34d1d0ee189f
2019-10-16 21:02:00,800 [grpc-default-executor-1] INFO  impl.RoleInfo (RoleInfo.java:shutdownFollowerState(121)) - 0aa3649f-570d-46c6-937f-492d7f3a8364: shutdown FollowerState
2019-10-16 21:02:00,800 [grpc-default-executor-2] INFO  impl.RaftServerImpl (RaftServerImpl.java:setRole(184)) - 4a03179f-3169-4ac7-a075-259968512ef0@group-83C26644CFDA: changes role from  FOLLOWER to FOLLOWER at term 325 for recognizeCandidate:4b287a15-77af-487b-aef7-34d1d0ee189f
2019-10-16 21:02:00,800 [Thread-2235] INFO  impl.FollowerState (FollowerState.java:run(117)) - 0aa3649f-570d-46c6-937f-492d7f3a8364@group-83C26644CFDA-FollowerState was interrupted: java.lang.InterruptedException: sleep interrupted
2019-10-16 21:02:00,800 [grpc-default-executor-1] INFO  impl.RoleInfo (RoleInfo.java:updateAndGet(143)) - 0aa3649f-570d-46c6-937f-492d7f3a8364: start FollowerState
2019-10-16 21:02:00,800 [grpc-default-executor-2] INFO  impl.RoleInfo (RoleInfo.java:shutdownFollowerState(121)) - 4a03179f-3169-4ac7-a075-259968512ef0: shutdown FollowerState
2019-10-16 21:02:00,801 [grpc-default-executor-2] INFO  impl.RoleInfo (RoleInfo.java:updateAndGet(143)) - 4a03179f-3169-4ac7-a075-259968512ef0: start FollowerState
2019-10-16 21:02:00,801 [Thread-2236] INFO  impl.FollowerState (FollowerState.java:run(117)) - 4a03179f-3169-4ac7-a075-259968512ef0@group-83C26644CFDA-FollowerState was interrupted: java.lang.InterruptedException: sleep interrupted
2019-10-16 21:02:00,817 [4b287a15-77af-487b-aef7-34d1d0ee189f@group-83C26644CFDA-LeaderElection310] INFO  impl.LeaderElection (LeaderElection.java:logAndReturn(56)) - 4b287a15-77af-487b-aef7-34d1d0ee189f@group-83C26644CFDA-LeaderElection310: Election REJECTED; received 2 response(s) [4b287a15-77af-487b-aef7-34d1d0ee189f<-0aa3649f-570d-46c6-937f-492d7f3a8364#0:FAIL-t325, 4b287a15-77af-487b-aef7-34d1d0ee189f<-4a03179f-3169-4ac7-a075-259968512ef0#0:FAIL-t325] and 0 exception(s); 4b287a15-77af-487b-aef7-34d1d0ee189f@group-83C26644CFDA:t325, leader=null, voted=4b287a15-77af-487b-aef7-34d1d0ee189f, raftlog=4b287a15-77af-487b-aef7-34d1d0ee189f@group-83C26644CFDA-SegmentedRaftLog:OPENED:c-1,f-1,i0, conf=-1: [4b287a15-77af-487b-aef7-34d1d0ee189f:192.168.34.38:38597, 0aa3649f-570d-46c6-937f-492d7f3a8364:192.168.34.38:33209, 4a03179f-3169-4ac7-a075-259968512ef0:192.168.34.38:45833], old=null
2019-10-16 21:02:00,817 [4b287a15-77af-487b-aef7-34d1d0ee189f@group-83C26644CFDA-LeaderElection310] INFO  impl.RaftServerImpl (RaftServerImpl.java:setRole(184)) - 4b287a15-77af-487b-aef7-34d1d0ee189f@group-83C26644CFDA: changes role from CANDIDATE to FOLLOWER at term 325 for DISCOVERED_A_NEW_TERM
2019-10-16 21:02:00,817 [4b287a15-77af-487b-aef7-34d1d0ee189f@group-83C26644CFDA-LeaderElection310] INFO  impl.RoleInfo (RoleInfo.java:shutdownLeaderElection(134)) - 4b287a15-77af-487b-aef7-34d1d0ee189f: shutdown LeaderElection
2019-10-16 21:02:00,817 [4b287a15-77af-487b-aef7-34d1d0ee189f@group-83C26644CFDA-LeaderElection310] INFO  impl.RoleInfo (RoleInfo.java:updateAndGet(143)) - 4b287a15-77af-487b-aef7-34d1d0ee189f: start FollowerState
2019-10-16 21:02:00,920 [Thread-2243] INFO  impl.FollowerState (FollowerState.java:run(108)) - 4b287a15-77af-487b-aef7-34d1d0ee189f@group-83C26644CFDA-FollowerState: change to CANDIDATE, lastRpcTime:102ms, electionTimeout:102ms
2019-10-16 21:02:00,920 [Thread-2243] INFO  impl.RoleInfo (RoleInfo.java:shutdownFollowerState(121)) - 4b287a15-77af-487b-aef7-34d1d0ee189f: shutdown FollowerState
2019-10-16 21:02:00,920 [Thread-2243] INFO  impl.RaftServerImpl (RaftServerImpl.java:setRole(184)) - 4b287a15-77af-487b-aef7-34d1d0ee189f@group-83C26644CFDA: changes role from  FOLLOWER to CANDIDATE at term 325 for changeToCandidate
2019-10-16 21:02:00,920 [Thread-2243] INFO  impl.RoleInfo (RoleInfo.java:updateAndGet(143)) - 4b287a15-77af-487b-aef7-34d1d0ee189f: start LeaderElection
2019-10-16 21:02:00,942 [4b287a15-77af-487b-aef7-34d1d0ee189f@group-83C26644CFDA-LeaderElection311] INFO  impl.LeaderElection (LeaderElection.java:askForVotes(178)) - 4b287a15-77af-487b-aef7-34d1d0ee189f@group-83C26644CFDA-LeaderElection311: begin an election at term 326 for -1: [4b287a15-77af-487b-aef7-34d1d0ee189f:192.168.34.38:38597, 0aa3649f-570d-46c6-937f-492d7f3a8364:192.168.34.38:33209, 4a03179f-3169-4ac7-a075-259968512ef0:192.168.34.38:45833], old=null
2019-10-16 21:02:00,943 [grpc-default-executor-1] INFO  impl.RaftServerImpl (RaftServerImpl.java:setRole(184)) - 0aa3649f-570d-46c6-937f-492d7f3a8364@group-83C26644CFDA: changes role from  FOLLOWER to FOLLOWER at term 326 for recognizeCandidate:4b287a15-77af-487b-aef7-34d1d0ee189f
2019-10-16 21:02:00,944 [grpc-default-executor-1] INFO  impl.RoleInfo (RoleInfo.java:shutdownFollowerState(121)) - 0aa3649f-570d-46c6-937f-492d7f3a8364: shutdown FollowerState
2019-10-16 21:02:00,944 [grpc-default-executor-2] INFO  impl.RaftServerImpl (RaftServerImpl.java:setRole(184)) - 4a03179f-3169-4ac7-a075-259968512ef0@group-83C26644CFDA: changes role from  FOLLOWER to FOLLOWER at term 326 for recognizeCandidate:4b287a15-77af-487b-aef7-34d1d0ee189f
2019-10-16 21:02:00,944 [Thread-2241] INFO  impl.FollowerState (FollowerState.java:run(117)) - 0aa3649f-570d-46c6-937f-492d7f3a8364@group-83C26644CFDA-FollowerState was interrupted: java.lang.InterruptedException: sleep interrupted
2019-10-16 21:02:00,944 [grpc-default-executor-1] INFO  impl.RoleInfo (RoleInfo.java:updateAndGet(143)) - 0aa3649f-570d-46c6-937f-492d7f3a8364: start FollowerState
2019-10-16 21:02:00,944 [grpc-default-executor-2] INFO  impl.RoleInfo (RoleInfo.java:shutdownFollowerState(121)) - 4a03179f-3169-4ac7-a075-259968512ef0: shutdown FollowerState
2019-10-16 21:02:00,944 [Thread-2242] INFO  impl.FollowerState (FollowerState.java:run(117)) - 4a03179f-3169-4ac7-a075-259968512ef0@group-83C26644CFDA-FollowerState was interrupted: java.lang.InterruptedException: sleep interrupted
2019-10-16 21:02:00,944 [grpc-default-executor-2] INFO  impl.RoleInfo (RoleInfo.java:updateAndGet(143)) - 4a03179f-3169-4ac7-a075-259968512ef0: start FollowerState
2019-10-16 21:02:00,965 [4b287a15-77af-487b-aef7-34d1d0ee189f@group-83C26644CFDA-LeaderElection311] INFO  impl.LeaderElection (LeaderElection.java:logAndReturn(56)) - 4b287a15-77af-487b-aef7-34d1d0ee189f@group-83C26644CFDA-LeaderElection311: Election REJECTED; received 2 response(s) [4b287a15-77af-487b-aef7-34d1d0ee189f<-0aa3649f-570d-46c6-937f-492d7f3a8364#0:FAIL-t326, 4b287a15-77af-487b-aef7-34d1d0ee189f<-4a03179f-3169-4ac7-a075-259968512ef0#0:FAIL-t326] and 0 exception(s); 4b287a15-77af-487b-aef7-34d1d0ee189f@group-83C26644CFDA:t326, leader=null, voted=4b287a15-77af-487b-aef7-34d1d0ee189f, raftlog=4b287a15-77af-487b-aef7-34d1d0ee189f@group-83C26644CFDA-SegmentedRaftLog:OPENED:c-1,f-1,i0, conf=-1: [4b287a15-77af-487b-aef7-34d1d0ee189f:192.168.34.38:38597, 0aa3649f-570d-46c6-937f-492d7f3a8364:192.168.34.38:33209, 4a03179f-3169-4ac7-a075-259968512ef0:192.168.34.38:45833], old=null
2019-10-16 21:02:00,965 [4b287a15-77af-487b-aef7-34d1d0ee189f@group-83C26644CFDA-LeaderElection311] INFO  impl.RaftServerImpl (RaftServerImpl.java:setRole(184)) - 4b287a15-77af-487b-aef7-34d1d0ee189f@group-83C26644CFDA: changes role from CANDIDATE to FOLLOWER at term 326 for DISCOVERED_A_NEW_TERM
2019-10-16 21:02:00,965 [4b287a15-77af-487b-aef7-34d1d0ee189f@group-83C26644CFDA-LeaderElection311] INFO  impl.RoleInfo (RoleInfo.java:shutdownLeaderElection(134)) - 4b287a15-77af-487b-aef7-34d1d0ee189f: shutdown LeaderElection
2019-10-16 21:02:00,965 [4b287a15-77af-487b-aef7-34d1d0ee189f@group-83C26644CFDA-LeaderElection311] INFO  impl.RoleInfo (RoleInfo.java:updateAndGet(143)) - 4b287a15-77af-487b-aef7-34d1d0ee189f: start FollowerState
2019-10-16 21:02:01,142 [Thread-2249] INFO  impl.FollowerState (FollowerState.java:run(108)) - 4b287a15-77af-487b-aef7-34d1d0ee189f@group-83C26644CFDA-FollowerState: change to CANDIDATE, lastRpcTime:177ms, electionTimeout:177ms
2019-10-16 21:02:01,143 [Thread-2249] INFO  impl.RoleInfo (RoleInfo.java:shutdownFollowerState(121)) - 4b287a15-77af-487b-aef7-34d1d0ee189f: shutdown FollowerState
2019-10-16 21:02:01,143 [Thread-2249] INFO  impl.RaftServerImpl (RaftServerImpl.java:setRole(184)) - 4b287a15-77af-487b-aef7-34d1d0ee189f@group-83C26644CFDA: changes role from  FOLLOWER to CANDIDATE at term 326 for changeToCandidate
2019-10-16 21:02:01,143 [Thread-2249] INFO  impl.RoleInfo (RoleInfo.java:updateAndGet(143)) - 4b287a15-77af-487b-aef7-34d1d0ee189f: start LeaderElection
2019-10-16 21:02:01,156 [4b287a15-77af-487b-aef7-34d1d0ee189f@group-83C26644CFDA-LeaderElection312] INFO  impl.LeaderElection (LeaderElection.java:askForVotes(178)) - 4b287a15-77af-487b-aef7-34d1d0ee189f@group-83C26644CFDA-LeaderElection312: begin an election at term 327 for -1: [4b287a15-77af-487b-aef7-34d1d0ee189f:192.168.34.38:38597, 0aa3649f-570d-46c6-937f-492d7f3a8364:192.168.34.38:33209, 4a03179f-3169-4ac7-a075-259968512ef0:192.168.34.38:45833], old=null
2019-10-16 21:02:01,159 [grpc-default-executor-1] INFO  impl.RaftServerImpl (RaftServerImpl.java:setRole(184)) - 0aa3649f-570d-46c6-937f-492d7f3a8364@group-83C26644CFDA: changes role from  FOLLOWER to FOLLOWER at term 327 for recognizeCandidate:4b287a15-77af-487b-aef7-34d1d0ee189f
2019-10-16 21:02:01,159 [grpc-default-executor-2] INFO  impl.RaftServerImpl (RaftServerImpl.java:setRole(184)) - 4a03179f-3169-4ac7-a075-259968512ef0@group-83C26644CFDA: changes role from  FOLLOWER to FOLLOWER at term 327 for recognizeCandidate:4b287a15-77af-487b-aef7-34d1d0ee189f
2019-10-16 21:02:01,159 [grpc-default-executor-2] INFO  impl.RoleInfo (RoleInfo.java:shutdownFollowerState(121)) - 4a03179f-3169-4ac7-a075-259968512ef0: shutdown FollowerState
2019-10-16 21:02:01,159 [grpc-default-executor-1] INFO  impl.RoleInfo (RoleInfo.java:shutdownFollowerState(121)) - 0aa3649f-570d-46c6-937f-492d7f3a8364: shutdown FollowerState
2019-10-16 21:02:01,159 [Thread-2248] INFO  impl.FollowerState (FollowerState.java:run(117)) - 4a03179f-3169-4ac7-a075-259968512ef0@group-83C26644CFDA-FollowerState was interrupted: java.lang.InterruptedException: sleep interrupted
2019-10-16 21:02:01,159 [grpc-default-executor-2] INFO  impl.RoleInfo (RoleInfo.java:updateAndGet(143)) - 4a03179f-3169-4ac7-a075-259968512ef0: start FollowerState
2019-10-16 21:02:01,159 [Thread-2247] INFO  impl.FollowerState (FollowerState.java:run(117)) - 0aa3649f-570d-46c6-937f-492d7f3a8364@group-83C26644CFDA-FollowerState was interrupted: java.lang.InterruptedException: sleep interrupted
2019-10-16 21:02:01,159 [grpc-default-executor-1] INFO  impl.RoleInfo (RoleInfo.java:updateAndGet(143)) - 0aa3649f-570d-46c6-937f-492d7f3a8364: start FollowerState
2019-10-16 21:02:01,174 [4b287a15-77af-487b-aef7-34d1d0ee189f@group-83C26644CFDA-LeaderElection312] INFO  impl.LeaderElection (LeaderElection.java:logAndReturn(56)) - 4b287a15-77af-487b-aef7-34d1d0ee189f@group-83C26644CFDA-LeaderElection312: Election REJECTED; received 2 response(s) [4b287a15-77af-487b-aef7-34d1d0ee189f<-0aa3649f-570d-46c6-937f-492d7f3a8364#0:FAIL-t327, 4b287a15-77af-487b-aef7-34d1d0ee189f<-4a03179f-3169-4ac7-a075-259968512ef0#0:FAIL-t327] and 0 exception(s); 4b287a15-77af-487b-aef7-34d1d0ee189f@group-83C26644CFDA:t327, leader=null, voted=4b287a15-77af-487b-aef7-34d1d0ee189f, raftlog=4b287a15-77af-487b-aef7-34d1d0ee189f@group-83C26644CFDA-SegmentedRaftLog:OPENED:c-1,f-1,i0, conf=-1: [4b287a15-77af-487b-aef7-34d1d0ee189f:192.168.34.38:38597, 0aa3649f-570d-46c6-937f-492d7f3a8364:192.168.34.38:33209, 4a03179f-3169-4ac7-a075-259968512ef0:192.168.34.38:45833], old=null
2019-10-16 21:02:01,174 [4b287a15-77af-487b-aef7-34d1d0ee189f@group-83C26644CFDA-LeaderElection312] INFO  impl.RaftServerImpl (RaftServerImpl.java:setRole(184)) - 4b287a15-77af-487b-aef7-34d1d0ee189f@group-83C26644CFDA: changes role from CANDIDATE to FOLLOWER at term 327 for DISCOVERED_A_NEW_TERM
2019-10-16 21:02:01,174 [4b287a15-77af-487b-aef7-34d1d0ee189f@group-83C26644CFDA-LeaderElection312] INFO  impl.RoleInfo (RoleInfo.java:shutdownLeaderElection(134)) - 4b287a15-77af-487b-aef7-34d1d0ee189f: shutdown LeaderElection
2019-10-16 21:02:01,175 [4b287a15-77af-487b-aef7-34d1d0ee189f@group-83C26644CFDA-LeaderElection312] INFO  impl.RoleInfo (RoleInfo.java:updateAndGet(143)) - 4b287a15-77af-487b-aef7-34d1d0ee189f: start FollowerState
2019-10-16 21:02:01,353 [Thread-2255] INFO  impl.FollowerState (FollowerState.java:run(108)) - 4b287a15-77af-487b-aef7-34d1d0ee189f@group-83C26644CFDA-FollowerState: change to CANDIDATE, lastRpcTime:178ms, electionTimeout:178ms
2019-10-16 21:02:01,353 [Thread-2255] INFO  impl.RoleInfo (RoleInfo.java:shutdownFollowerState(121)) - 4b287a15-77af-487b-aef7-34d1d0ee189f: shutdown FollowerState
2019-10-16 21:02:01,353 [Thread-2255] INFO  impl.RaftServerImpl (RaftServerImpl.java:setRole(184)) - 4b287a15-77af-487b-aef7-34d1d0ee189f@group-83C26644CFDA: changes role from  FOLLOWER to CANDIDATE at term 327 for changeToCandidate
2019-10-16 21:02:01,353 [Thread-2255] INFO  impl.RoleInfo (RoleInfo.java:updateAndGet(143)) - 4b287a15-77af-487b-aef7-34d1d0ee189f: start LeaderElection
2019-10-16 21:02:01,361 [main] INFO  ozone.MiniOzoneClusterImpl (MiniOzoneClusterImpl.java:lambda$waitForClusterToBeReady$2(164)) - Waiting for 1 number of pipelines out of 4, to report a leader.
2019-10-16 21:02:01,366 [4b287a15-77af-487b-aef7-34d1d0ee189f@group-83C26644CFDA-LeaderElection313] INFO  impl.LeaderElection (LeaderElection.java:askForVotes(178)) - 4b287a15-77af-487b-aef7-34d1d0ee189f@group-83C26644CFDA-LeaderElection313: begin an election at term 328 for -1: [4b287a15-77af-487b-aef7-34d1d0ee189f:192.168.34.38:38597, 0aa3649f-570d-46c6-937f-492d7f3a8364:192.168.34.38:33209, 4a03179f-3169-4ac7-a075-259968512ef0:192.168.34.38:45833], old=null
2019-10-16 21:02:01,369 [grpc-default-executor-1] INFO  impl.RaftServerImpl (RaftServerImpl.java:setRole(184)) - 0aa3649f-570d-46c6-937f-492d7f3a8364@group-83C26644CFDA: changes role from  FOLLOWER to FOLLOWER at term 328 for recognizeCandidate:4b287a15-77af-487b-aef7-34d1d0ee189f
2019-10-16 21:02:01,369 [grpc-default-executor-1] INFO  impl.RoleInfo (RoleInfo.java:shutdownFollowerState(121)) - 0aa3649f-570d-46c6-937f-492d7f3a8364: shutdown FollowerState
2019-10-16 21:02:01,369 [grpc-default-executor-1] INFO  impl.RoleInfo (RoleInfo.java:updateAndGet(143)) - 0aa3649f-570d-46c6-937f-492d7f3a8364: start FollowerState
2019-10-16 21:02:01,369 [Thread-2254] INFO  impl.FollowerState (FollowerState.java:run(117)) - 0aa3649f-570d-46c6-937f-492d7f3a8364@group-83C26644CFDA-FollowerState was interrupted: java.lang.InterruptedException: sleep interrupted
2019-10-16 21:02:01,369 [grpc-default-executor-2] INFO  impl.RaftServerImpl (RaftServerImpl.java:setRole(184)) - 4a03179f-3169-4ac7-a075-259968512ef0@group-83C26644CFDA: changes role from  FOLLOWER to FOLLOWER at term 328 for recognizeCandidate:4b287a15-77af-487b-aef7-34d1d0ee189f
2019-10-16 21:02:01,370 [grpc-default-executor-2] INFO  impl.RoleInfo (RoleInfo.java:shutdownFollowerState(121)) - 4a03179f-3169-4ac7-a075-259968512ef0: shutdown FollowerState
2019-10-16 21:02:01,370 [grpc-default-executor-2] INFO  impl.RoleInfo (RoleInfo.java:updateAndGet(143)) - 4a03179f-3169-4ac7-a075-259968512ef0: start FollowerState
2019-10-16 21:02:01,370 [Thread-2253] INFO  impl.FollowerState (FollowerState.java:run(117)) - 4a03179f-3169-4ac7-a075-259968512ef0@group-83C26644CFDA-FollowerState was interrupted: java.lang.InterruptedException: sleep interrupted
2019-10-16 21:02:01,383 [4b287a15-77af-487b-aef7-34d1d0ee189f@group-83C26644CFDA-LeaderElection313] INFO  impl.LeaderElection (LeaderElection.java:logAndReturn(56)) - 4b287a15-77af-487b-aef7-34d1d0ee189f@group-83C26644CFDA-LeaderElection313: Election REJECTED; received 2 response(s) [4b287a15-77af-487b-aef7-34d1d0ee189f<-0aa3649f-570d-46c6-937f-492d7f3a8364#0:FAIL-t328, 4b287a15-77af-487b-aef7-34d1d0ee189f<-4a03179f-3169-4ac7-a075-259968512ef0#0:FAIL-t328] and 0 exception(s); 4b287a15-77af-487b-aef7-34d1d0ee189f@group-83C26644CFDA:t328, leader=null, voted=4b287a15-77af-487b-aef7-34d1d0ee189f, raftlog=4b287a15-77af-487b-aef7-34d1d0ee189f@group-83C26644CFDA-SegmentedRaftLog:OPENED:c-1,f-1,i0, conf=-1: [4b287a15-77af-487b-aef7-34d1d0ee189f:192.168.34.38:38597, 0aa3649f-570d-46c6-937f-492d7f3a8364:192.168.34.38:33209, 4a03179f-3169-4ac7-a075-259968512ef0:192.168.34.38:45833], old=null
2019-10-16 21:02:01,384 [4b287a15-77af-487b-aef7-34d1d0ee189f@group-83C26644CFDA-LeaderElection313] INFO  impl.RaftServerImpl (RaftServerImpl.java:setRole(184)) - 4b287a15-77af-487b-aef7-34d1d0ee189f@group-83C26644CFDA: changes role from CANDIDATE to FOLLOWER at term 328 for DISCOVERED_A_NEW_TERM
2019-10-16 21:02:01,384 [4b287a15-77af-487b-aef7-34d1d0ee189f@group-83C26644CFDA-LeaderElection313] INFO  impl.RoleInfo (RoleInfo.java:shutdownLeaderElection(134)) - 4b287a15-77af-487b-aef7-34d1d0ee189f: shutdown LeaderElection
2019-10-16 21:02:01,384 [4b287a15-77af-487b-aef7-34d1d0ee189f@group-83C26644CFDA-LeaderElection313] INFO  impl.RoleInfo (RoleInfo.java:updateAndGet(143)) - 4b287a15-77af-487b-aef7-34d1d0ee189f: start FollowerState
2019-10-16 21:02:01,428 [Thread-2261] INFO  impl.FollowerState (FollowerState.java:run(108)) - 4b287a15-77af-487b-aef7-34d1d0ee189f@group-83C26644CFDA-FollowerState: change to CANDIDATE, lastRpcTime:44ms, electionTimeout:44ms
2019-10-16 21:02:01,428 [Thread-2261] INFO  impl.RoleInfo (RoleInfo.java:shutdownFollowerState(121)) - 4b287a15-77af-487b-aef7-34d1d0ee189f: shutdown FollowerState
2019-10-16 21:02:01,429 [Thread-2261] INFO  impl.RaftServerImpl (RaftServerImpl.java:setRole(184)) - 4b287a15-77af-487b-aef7-34d1d0ee189f@group-83C26644CFDA: changes role from  FOLLOWER to CANDIDATE at term 328 for changeToCandidate
2019-10-16 21:02:01,429 [Thread-2261] INFO  impl.RoleInfo (RoleInfo.java:updateAndGet(143)) - 4b287a15-77af-487b-aef7-34d1d0ee189f: start LeaderElection
2019-10-16 21:02:01,490 [4b287a15-77af-487b-aef7-34d1d0ee189f@group-83C26644CFDA-LeaderElection314] INFO  impl.LeaderElection (LeaderElection.java:askForVotes(178)) - 4b287a15-77af-487b-aef7-34d1d0ee189f@group-83C26644CFDA-LeaderElection314: begin an election at term 329 for -1: [4b287a15-77af-487b-aef7-34d1d0ee189f:192.168.34.38:38597, 0aa3649f-570d-46c6-937f-492d7f3a8364:192.168.34.38:33209, 4a03179f-3169-4ac7-a075-259968512ef0:192.168.34.38:45833], old=null
2019-10-16 21:02:01,492 [grpc-default-executor-2] INFO  impl.RaftServerImpl (RaftServerImpl.java:setRole(184)) - 0aa3649f-570d-46c6-937f-492d7f3a8364@group-83C26644CFDA: changes role from  FOLLOWER to FOLLOWER at term 329 for recognizeCandidate:4b287a15-77af-487b-aef7-34d1d0ee189f
2019-10-16 21:02:01,492 [grpc-default-executor-2] INFO  impl.RoleInfo (RoleInfo.java:shutdownFollowerState(121)) - 0aa3649f-570d-46c6-937f-492d7f3a8364: shutdown FollowerState
2019-10-16 21:02:01,492 [grpc-default-executor-1] INFO  impl.RaftServerImpl (RaftServerImpl.java:setRole(184)) - 4a03179f-3169-4ac7-a075-259968512ef0@group-83C26644CFDA: changes role from  FOLLOWER to FOLLOWER at term 329 for recognizeCandidate:4b287a15-77af-487b-aef7-34d1d0ee189f
2019-10-16 21:02:01,492 [Thread-2259] INFO  impl.FollowerState (FollowerState.java:run(117)) - 0aa3649f-570d-46c6-937f-492d7f3a8364@group-83C26644CFDA-FollowerState was interrupted: java.lang.InterruptedException: sleep interrupted
2019-10-16 21:02:01,492 [grpc-default-executor-2] INFO  impl.RoleInfo (RoleInfo.java:updateAndGet(143)) - 0aa3649f-570d-46c6-937f-492d7f3a8364: start FollowerState
2019-10-16 21:02:01,493 [grpc-default-executor-1] INFO  impl.RoleInfo (RoleInfo.java:shutdownFollowerState(121)) - 4a03179f-3169-4ac7-a075-259968512ef0: shutdown FollowerState
2019-10-16 21:02:01,493 [grpc-default-executor-1] INFO  impl.RoleInfo (RoleInfo.java:updateAndGet(143)) - 4a03179f-3169-4ac7-a075-259968512ef0: start FollowerState
2019-10-16 21:02:01,493 [Thread-2260] INFO  impl.FollowerState (FollowerState.java:run(117)) - 4a03179f-3169-4ac7-a075-259968512ef0@group-83C26644CFDA-FollowerState was interrupted: java.lang.InterruptedException: sleep interrupted
2019-10-16 21:02:01,511 [4b287a15-77af-487b-aef7-34d1d0ee189f@group-83C26644CFDA-LeaderElection314] INFO  impl.LeaderElection (LeaderElection.java:logAndReturn(56)) - 4b287a15-77af-487b-aef7-34d1d0ee189f@group-83C26644CFDA-LeaderElection314: Election REJECTED; received 2 response(s) [4b287a15-77af-487b-aef7-34d1d0ee189f<-0aa3649f-570d-46c6-937f-492d7f3a8364#0:FAIL-t329, 4b287a15-77af-487b-aef7-34d1d0ee189f<-4a03179f-3169-4ac7-a075-259968512ef0#0:FAIL-t329] and 0 exception(s); 4b287a15-77af-487b-aef7-34d1d0ee189f@group-83C26644CFDA:t329, leader=null, voted=4b287a15-77af-487b-aef7-34d1d0ee189f, raftlog=4b287a15-77af-487b-aef7-34d1d0ee189f@group-83C26644CFDA-SegmentedRaftLog:OPENED:c-1,f-1,i0, conf=-1: [4b287a15-77af-487b-aef7-34d1d0ee189f:192.168.34.38:38597, 0aa3649f-570d-46c6-937f-492d7f3a8364:192.168.34.38:33209, 4a03179f-3169-4ac7-a075-259968512ef0:192.168.34.38:45833], old=null
2019-10-16 21:02:01,511 [4b287a15-77af-487b-aef7-34d1d0ee189f@group-83C26644CFDA-LeaderElection314] INFO  impl.RaftServerImpl (RaftServerImpl.java:setRole(184)) - 4b287a15-77af-487b-aef7-34d1d0ee189f@group-83C26644CFDA: changes role from CANDIDATE to FOLLOWER at term 329 for DISCOVERED_A_NEW_TERM
2019-10-16 21:02:01,511 [4b287a15-77af-487b-aef7-34d1d0ee189f@group-83C26644CFDA-LeaderElection314] INFO  impl.RoleInfo (RoleInfo.java:shutdownLeaderElection(134)) - 4b287a15-77af-487b-aef7-34d1d0ee189f: shutdown LeaderElection
2019-10-16 21:02:01,511 [4b287a15-77af-487b-aef7-34d1d0ee189f@group-83C26644CFDA-LeaderElection314] INFO  impl.RoleInfo (RoleInfo.java:updateAndGet(143)) - 4b287a15-77af-487b-aef7-34d1d0ee189f: start FollowerState
2019-10-16 21:02:01,638 [Thread-2267] INFO  impl.FollowerState (FollowerState.java:run(108)) - 4b287a15-77af-487b-aef7-34d1d0ee189f@group-83C26644CFDA-FollowerState: change to CANDIDATE, lastRpcTime:127ms, electionTimeout:127ms
2019-10-16 21:02:01,639 [Thread-2267] INFO  impl.RoleInfo (RoleInfo.java:shutdownFollowerState(121)) - 4b287a15-77af-487b-aef7-34d1d0ee189f: shutdown FollowerState
2019-10-16 21:02:01,639 [Thread-2267] INFO  impl.RaftServerImpl (RaftServerImpl.java:setRole(184)) - 4b287a15-77af-487b-aef7-34d1d0ee189f@group-83C26644CFDA: changes role from  FOLLOWER to CANDIDATE at term 329 for changeToCandidate
2019-10-16 21:02:01,639 [Thread-2267] INFO  impl.RoleInfo (RoleInfo.java:updateAndGet(143)) - 4b287a15-77af-487b-aef7-34d1d0ee189f: start LeaderElection
2019-10-16 21:02:01,653 [4b287a15-77af-487b-aef7-34d1d0ee189f@group-83C26644CFDA-LeaderElection315] INFO  impl.LeaderElection (LeaderElection.java:askForVotes(178)) - 4b287a15-77af-487b-aef7-34d1d0ee189f@group-83C26644CFDA-LeaderElection315: begin an election at term 330 for -1: [4b287a15-77af-487b-aef7-34d1d0ee189f:192.168.34.38:38597, 0aa3649f-570d-46c6-937f-492d7f3a8364:192.168.34.38:33209, 4a03179f-3169-4ac7-a075-259968512ef0:192.168.34.38:45833], old=null
2019-10-16 21:02:01,655 [grpc-default-executor-2] INFO  impl.RaftServerImpl (RaftServerImpl.java:setRole(184)) - 0aa3649f-570d-46c6-937f-492d7f3a8364@group-83C26644CFDA: changes role from  FOLLOWER to FOLLOWER at term 330 for recognizeCandidate:4b287a15-77af-487b-aef7-34d1d0ee189f
2019-10-16 21:02:01,655 [grpc-default-executor-2] INFO  impl.RoleInfo (RoleInfo.java:shutdownFollowerState(121)) - 0aa3649f-570d-46c6-937f-492d7f3a8364: shutdown FollowerState
2019-10-16 21:02:01,655 [grpc-default-executor-1] INFO  impl.RaftServerImpl (RaftServerImpl.java:setRole(184)) - 4a03179f-3169-4ac7-a075-259968512ef0@group-83C26644CFDA: changes role from  FOLLOWER to FOLLOWER at term 330 for recognizeCandidate:4b287a15-77af-487b-aef7-34d1d0ee189f
2019-10-16 21:02:01,655 [Thread-2265] INFO  impl.FollowerState (FollowerState.java:run(117)) - 0aa3649f-570d-46c6-937f-492d7f3a8364@group-83C26644CFDA-FollowerState was interrupted: java.lang.InterruptedException: sleep interrupted
2019-10-16 21:02:01,655 [grpc-default-executor-2] INFO  impl.RoleInfo (RoleInfo.java:updateAndGet(143)) - 0aa3649f-570d-46c6-937f-492d7f3a8364: start FollowerState
2019-10-16 21:02:01,656 [grpc-default-executor-1] INFO  impl.RoleInfo (RoleInfo.java:shutdownFollowerState(121)) - 4a03179f-3169-4ac7-a075-259968512ef0: shutdown FollowerState
2019-10-16 21:02:01,656 [grpc-default-executor-1] INFO  impl.RoleInfo (RoleInfo.java:updateAndGet(143)) - 4a03179f-3169-4ac7-a075-259968512ef0: start FollowerState
2019-10-16 21:02:01,656 [Thread-2266] INFO  impl.FollowerState (FollowerState.java:run(117)) - 4a03179f-3169-4ac7-a075-259968512ef0@group-83C26644CFDA-FollowerState was interrupted: java.lang.InterruptedException: sleep interrupted
2019-10-16 21:02:01,671 [4b287a15-77af-487b-aef7-34d1d0ee189f@group-83C26644CFDA-LeaderElection315] INFO  impl.LeaderElection (LeaderElection.java:logAndReturn(56)) - 4b287a15-77af-487b-aef7-34d1d0ee189f@group-83C26644CFDA-LeaderElection315: Election REJECTED; received 2 response(s) [4b287a15-77af-487b-aef7-34d1d0ee189f<-0aa3649f-570d-46c6-937f-492d7f3a8364#0:FAIL-t330, 4b287a15-77af-487b-aef7-34d1d0ee189f<-4a03179f-3169-4ac7-a075-259968512ef0#0:FAIL-t330] and 0 exception(s); 4b287a15-77af-487b-aef7-34d1d0ee189f@group-83C26644CFDA:t330, leader=null, voted=4b287a15-77af-487b-aef7-34d1d0ee189f, raftlog=4b287a15-77af-487b-aef7-34d1d0ee189f@group-83C26644CFDA-SegmentedRaftLog:OPENED:c-1,f-1,i0, conf=-1: [4b287a15-77af-487b-aef7-34d1d0ee189f:192.168.34.38:38597, 0aa3649f-570d-46c6-937f-492d7f3a8364:192.168.34.38:33209, 4a03179f-3169-4ac7-a075-259968512ef0:192.168.34.38:45833], old=null
2019-10-16 21:02:01,671 [4b287a15-77af-487b-aef7-34d1d0ee189f@group-83C26644CFDA-LeaderElection315] INFO  impl.RaftServerImpl (RaftServerImpl.java:setRole(184)) - 4b287a15-77af-487b-aef7-34d1d0ee189f@group-83C26644CFDA: changes role from CANDIDATE to FOLLOWER at term 330 for DISCOVERED_A_NEW_TERM
2019-10-16 21:02:01,672 [4b287a15-77af-487b-aef7-34d1d0ee189f@group-83C26644CFDA-LeaderElection315] INFO  impl.RoleInfo (RoleInfo.java:shutdownLeaderElection(134)) - 4b287a15-77af-487b-aef7-34d1d0ee189f: shutdown LeaderElection
2019-10-16 21:02:01,672 [4b287a15-77af-487b-aef7-34d1d0ee189f@group-83C26644CFDA-LeaderElection315] INFO  impl.RoleInfo (RoleInfo.java:updateAndGet(143)) - 4b287a15-77af-487b-aef7-34d1d0ee189f: start FollowerState
2019-10-16 21:02:01,815 [Thread-2273] INFO  impl.FollowerState (FollowerState.java:run(108)) - 4b287a15-77af-487b-aef7-34d1d0ee189f@group-83C26644CFDA-FollowerState: change to CANDIDATE, lastRpcTime:143ms, electionTimeout:143ms
2019-10-16 21:02:01,815 [Thread-2273] INFO  impl.RoleInfo (RoleInfo.java:shutdownFollowerState(121)) - 4b287a15-77af-487b-aef7-34d1d0ee189f: shutdown FollowerState
2019-10-16 21:02:01,816 [Thread-2273] INFO  impl.RaftServerImpl (RaftServerImpl.java:setRole(184)) - 4b287a15-77af-487b-aef7-34d1d0ee189f@group-83C26644CFDA: changes role from  FOLLOWER to CANDIDATE at term 330 for changeToCandidate
2019-10-16 21:02:01,816 [Thread-2273] INFO  impl.RoleInfo (RoleInfo.java:updateAndGet(143)) - 4b287a15-77af-487b-aef7-34d1d0ee189f: start LeaderElection
2019-10-16 21:02:01,825 [4b287a15-77af-487b-aef7-34d1d0ee189f@group-83C26644CFDA-LeaderElection316] INFO  impl.LeaderElection (LeaderElection.java:askForVotes(178)) - 4b287a15-77af-487b-aef7-34d1d0ee189f@group-83C26644CFDA-LeaderElection316: begin an election at term 331 for -1: [4b287a15-77af-487b-aef7-34d1d0ee189f:192.168.34.38:38597, 0aa3649f-570d-46c6-937f-492d7f3a8364:192.168.34.38:33209, 4a03179f-3169-4ac7-a075-259968512ef0:192.168.34.38:45833], old=null
2019-10-16 21:02:01,828 [grpc-default-executor-2] INFO  impl.RaftServerImpl (RaftServerImpl.java:setRole(184)) - 4a03179f-3169-4ac7-a075-259968512ef0@group-83C26644CFDA: changes role from  FOLLOWER to FOLLOWER at term 331 for recognizeCandidate:4b287a15-77af-487b-aef7-34d1d0ee189f
2019-10-16 21:02:01,828 [grpc-default-executor-2] INFO  impl.RoleInfo (RoleInfo.java:shutdownFollowerState(121)) - 4a03179f-3169-4ac7-a075-259968512ef0: shutdown FollowerState
2019-10-16 21:02:01,828 [grpc-default-executor-2] INFO  impl.RoleInfo (RoleInfo.java:updateAndGet(143)) - 4a03179f-3169-4ac7-a075-259968512ef0: start FollowerState
2019-10-16 21:02:01,828 [Thread-2272] INFO  impl.FollowerState (FollowerState.java:run(117)) - 4a03179f-3169-4ac7-a075-259968512ef0@group-83C26644CFDA-FollowerState was interrupted: java.lang.InterruptedException: sleep interrupted
2019-10-16 21:02:01,828 [grpc-default-executor-1] INFO  impl.RaftServerImpl (RaftServerImpl.java:setRole(184)) - 0aa3649f-570d-46c6-937f-492d7f3a8364@group-83C26644CFDA: changes role from  FOLLOWER to FOLLOWER at term 331 for recognizeCandidate:4b287a15-77af-487b-aef7-34d1d0ee189f
2019-10-16 21:02:01,828 [grpc-default-executor-1] INFO  impl.RoleInfo (RoleInfo.java:shutdownFollowerState(121)) - 0aa3649f-570d-46c6-937f-492d7f3a8364: shutdown FollowerState
2019-10-16 21:02:01,829 [grpc-default-executor-1] INFO  impl.RoleInfo (RoleInfo.java:updateAndGet(143)) - 0aa3649f-570d-46c6-937f-492d7f3a8364: start FollowerState
2019-10-16 21:02:01,829 [Thread-2271] INFO  impl.FollowerState (FollowerState.java:run(117)) - 0aa3649f-570d-46c6-937f-492d7f3a8364@group-83C26644CFDA-FollowerState was interrupted: java.lang.InterruptedException: sleep interrupted
2019-10-16 21:02:01,843 [4b287a15-77af-487b-aef7-34d1d0ee189f@group-83C26644CFDA-LeaderElection316] INFO  impl.LeaderElection (LeaderElection.java:logAndReturn(56)) - 4b287a15-77af-487b-aef7-34d1d0ee189f@group-83C26644CFDA-LeaderElection316: Election REJECTED; received 2 response(s) [4b287a15-77af-487b-aef7-34d1d0ee189f<-0aa3649f-570d-46c6-937f-492d7f3a8364#0:FAIL-t331, 4b287a15-77af-487b-aef7-34d1d0ee189f<-4a03179f-3169-4ac7-a075-259968512ef0#0:FAIL-t331] and 0 exception(s); 4b287a15-77af-487b-aef7-34d1d0ee189f@group-83C26644CFDA:t331, leader=null, voted=4b287a15-77af-487b-aef7-34d1d0ee189f, raftlog=4b287a15-77af-487b-aef7-34d1d0ee189f@group-83C26644CFDA-SegmentedRaftLog:OPENED:c-1,f-1,i0, conf=-1: [4b287a15-77af-487b-aef7-34d1d0ee189f:192.168.34.38:38597, 0aa3649f-570d-46c6-937f-492d7f3a8364:192.168.34.38:33209, 4a03179f-3169-4ac7-a075-259968512ef0:192.168.34.38:45833], old=null
2019-10-16 21:02:01,843 [4b287a15-77af-487b-aef7-34d1d0ee189f@group-83C26644CFDA-LeaderElection316] INFO  impl.RaftServerImpl (RaftServerImpl.java:setRole(184)) - 4b287a15-77af-487b-aef7-34d1d0ee189f@group-83C26644CFDA: changes role from CANDIDATE to FOLLOWER at term 331 for DISCOVERED_A_NEW_TERM
2019-10-16 21:02:01,843 [4b287a15-77af-487b-aef7-34d1d0ee189f@group-83C26644CFDA-LeaderElection316] INFO  impl.RoleInfo (RoleInfo.java:shutdownLeaderElection(134)) - 4b287a15-77af-487b-aef7-34d1d0ee189f: shutdown LeaderElection
2019-10-16 21:02:01,843 [4b287a15-77af-487b-aef7-34d1d0ee189f@group-83C26644CFDA-LeaderElection316] INFO  impl.RoleInfo (RoleInfo.java:updateAndGet(143)) - 4b287a15-77af-487b-aef7-34d1d0ee189f: start FollowerState
2019-10-16 21:02:02,006 [Thread-2279] INFO  impl.FollowerState (FollowerState.java:run(108)) - 4b287a15-77af-487b-aef7-34d1d0ee189f@group-83C26644CFDA-FollowerState: change to CANDIDATE, lastRpcTime:162ms, electionTimeout:162ms
2019-10-16 21:02:02,006 [Thread-2279] INFO  impl.RoleInfo (RoleInfo.java:shutdownFollowerState(121)) - 4b287a15-77af-487b-aef7-34d1d0ee189f: shutdown FollowerState
2019-10-16 21:02:02,006 [Thread-2279] INFO  impl.RaftServerImpl (RaftServerImpl.java:setRole(184)) - 4b287a15-77af-487b-aef7-34d1d0ee189f@group-83C26644CFDA: changes role from  FOLLOWER to CANDIDATE at term 331 for changeToCandidate
2019-10-16 21:02:02,006 [Thread-2279] INFO  impl.RoleInfo (RoleInfo.java:updateAndGet(143)) - 4b287a15-77af-487b-aef7-34d1d0ee189f: start LeaderElection
2019-10-16 21:02:02,018 [4b287a15-77af-487b-aef7-34d1d0ee189f@group-83C26644CFDA-LeaderElection317] INFO  impl.LeaderElection (LeaderElection.java:askForVotes(178)) - 4b287a15-77af-487b-aef7-34d1d0ee189f@group-83C26644CFDA-LeaderElection317: begin an election at term 332 for -1: [4b287a15-77af-487b-aef7-34d1d0ee189f:192.168.34.38:38597, 0aa3649f-570d-46c6-937f-492d7f3a8364:192.168.34.38:33209, 4a03179f-3169-4ac7-a075-259968512ef0:192.168.34.38:45833], old=null
2019-10-16 21:02:02,020 [grpc-default-executor-1] INFO  impl.RaftServerImpl (RaftServerImpl.java:setRole(184)) - 0aa3649f-570d-46c6-937f-492d7f3a8364@group-83C26644CFDA: changes role from  FOLLOWER to FOLLOWER at term 332 for recognizeCandidate:4b287a15-77af-487b-aef7-34d1d0ee189f
2019-10-16 21:02:02,020 [grpc-default-executor-1] INFO  impl.RoleInfo (RoleInfo.java:shutdownFollowerState(121)) - 0aa3649f-570d-46c6-937f-492d7f3a8364: shutdown FollowerState
2019-10-16 21:02:02,020 [grpc-default-executor-2] INFO  impl.RaftServerImpl (RaftServerImpl.java:setRole(184)) - 4a03179f-3169-4ac7-a075-259968512ef0@group-83C26644CFDA: changes role from  FOLLOWER to FOLLOWER at term 332 for recognizeCandidate:4b287a15-77af-487b-aef7-34d1d0ee189f
2019-10-16 21:02:02,020 [grpc-default-executor-2] INFO  impl.RoleInfo (RoleInfo.java:shutdownFollowerState(121)) - 4a03179f-3169-4ac7-a075-259968512ef0: shutdown FollowerState
2019-10-16 21:02:02,020 [Thread-2278] INFO  impl.FollowerState (FollowerState.java:run(117)) - 0aa3649f-570d-46c6-937f-492d7f3a8364@group-83C26644CFDA-FollowerState was interrupted: java.lang.InterruptedException: sleep interrupted
2019-10-16 21:02:02,020 [grpc-default-executor-1] INFO  impl.RoleInfo (RoleInfo.java:updateAndGet(143)) - 0aa3649f-570d-46c6-937f-492d7f3a8364: start FollowerState
2019-10-16 21:02:02,020 [Thread-2277] INFO  impl.FollowerState (FollowerState.java:run(117)) - 4a03179f-3169-4ac7-a075-259968512ef0@group-83C26644CFDA-FollowerState was interrupted: java.lang.InterruptedException: sleep interrupted
2019-10-16 21:02:02,020 [grpc-default-executor-2] INFO  impl.RoleInfo (RoleInfo.java:updateAndGet(143)) - 4a03179f-3169-4ac7-a075-259968512ef0: start FollowerState
2019-10-16 21:02:02,037 [4b287a15-77af-487b-aef7-34d1d0ee189f@group-83C26644CFDA-LeaderElection317] INFO  impl.LeaderElection (LeaderElection.java:logAndReturn(56)) - 4b287a15-77af-487b-aef7-34d1d0ee189f@group-83C26644CFDA-LeaderElection317: Election REJECTED; received 2 response(s) [4b287a15-77af-487b-aef7-34d1d0ee189f<-0aa3649f-570d-46c6-937f-492d7f3a8364#0:FAIL-t332, 4b287a15-77af-487b-aef7-34d1d0ee189f<-4a03179f-3169-4ac7-a075-259968512ef0#0:FAIL-t332] and 0 exception(s); 4b287a15-77af-487b-aef7-34d1d0ee189f@group-83C26644CFDA:t332, leader=null, voted=4b287a15-77af-487b-aef7-34d1d0ee189f, raftlog=4b287a15-77af-487b-aef7-34d1d0ee189f@group-83C26644CFDA-SegmentedRaftLog:OPENED:c-1,f-1,i0, conf=-1: [4b287a15-77af-487b-aef7-34d1d0ee189f:192.168.34.38:38597, 0aa3649f-570d-46c6-937f-492d7f3a8364:192.168.34.38:33209, 4a03179f-3169-4ac7-a075-259968512ef0:192.168.34.38:45833], old=null
2019-10-16 21:02:02,037 [4b287a15-77af-487b-aef7-34d1d0ee189f@group-83C26644CFDA-LeaderElection317] INFO  impl.RaftServerImpl (RaftServerImpl.java:setRole(184)) - 4b287a15-77af-487b-aef7-34d1d0ee189f@group-83C26644CFDA: changes role from CANDIDATE to FOLLOWER at term 332 for DISCOVERED_A_NEW_TERM
2019-10-16 21:02:02,037 [4b287a15-77af-487b-aef7-34d1d0ee189f@group-83C26644CFDA-LeaderElection317] INFO  impl.RoleInfo (RoleInfo.java:shutdownLeaderElection(134)) - 4b287a15-77af-487b-aef7-34d1d0ee189f: shutdown LeaderElection
2019-10-16 21:02:02,038 [4b287a15-77af-487b-aef7-34d1d0ee189f@group-83C26644CFDA-LeaderElection317] INFO  impl.RoleInfo (RoleInfo.java:updateAndGet(143)) - 4b287a15-77af-487b-aef7-34d1d0ee189f: start FollowerState
2019-10-16 21:02:02,151 [Thread-2285] INFO  impl.FollowerState (FollowerState.java:run(108)) - 4b287a15-77af-487b-aef7-34d1d0ee189f@group-83C26644CFDA-FollowerState: change to CANDIDATE, lastRpcTime:113ms, electionTimeout:113ms
2019-10-16 21:02:02,151 [Thread-2285] INFO  impl.RoleInfo (RoleInfo.java:shutdownFollowerState(121)) - 4b287a15-77af-487b-aef7-34d1d0ee189f: shutdown FollowerState
2019-10-16 21:02:02,151 [Thread-2285] INFO  impl.RaftServerImpl (RaftServerImpl.java:setRole(184)) - 4b287a15-77af-487b-aef7-34d1d0ee189f@group-83C26644CFDA: changes role from  FOLLOWER to CANDIDATE at term 332 for changeToCandidate
2019-10-16 21:02:02,152 [Thread-2285] INFO  impl.RoleInfo (RoleInfo.java:updateAndGet(143)) - 4b287a15-77af-487b-aef7-34d1d0ee189f: start LeaderElection
2019-10-16 21:02:02,166 [4b287a15-77af-487b-aef7-34d1d0ee189f@group-83C26644CFDA-LeaderElection318] INFO  impl.LeaderElection (LeaderElection.java:askForVotes(178)) - 4b287a15-77af-487b-aef7-34d1d0ee189f@group-83C26644CFDA-LeaderElection318: begin an election at term 333 for -1: [4b287a15-77af-487b-aef7-34d1d0ee189f:192.168.34.38:38597, 0aa3649f-570d-46c6-937f-492d7f3a8364:192.168.34.38:33209, 4a03179f-3169-4ac7-a075-259968512ef0:192.168.34.38:45833], old=null
2019-10-16 21:02:02,168 [grpc-default-executor-2] INFO  impl.RaftServerImpl (RaftServerImpl.java:setRole(184)) - 0aa3649f-570d-46c6-937f-492d7f3a8364@group-83C26644CFDA: changes role from  FOLLOWER to FOLLOWER at term 333 for recognizeCandidate:4b287a15-77af-487b-aef7-34d1d0ee189f
2019-10-16 21:02:02,168 [grpc-default-executor-1] INFO  impl.RaftServerImpl (RaftServerImpl.java:setRole(184)) - 4a03179f-3169-4ac7-a075-259968512ef0@group-83C26644CFDA: changes role from  FOLLOWER to FOLLOWER at term 333 for recognizeCandidate:4b287a15-77af-487b-aef7-34d1d0ee189f
2019-10-16 21:02:02,168 [grpc-default-executor-2] INFO  impl.RoleInfo (RoleInfo.java:shutdownFollowerState(121)) - 0aa3649f-570d-46c6-937f-492d7f3a8364: shutdown FollowerState
2019-10-16 21:02:02,168 [grpc-default-executor-1] INFO  impl.RoleInfo (RoleInfo.java:shutdownFollowerState(121)) - 4a03179f-3169-4ac7-a075-259968512ef0: shutdown FollowerState
2019-10-16 21:02:02,168 [Thread-2283] INFO  impl.FollowerState (FollowerState.java:run(117)) - 0aa3649f-570d-46c6-937f-492d7f3a8364@group-83C26644CFDA-FollowerState was interrupted: java.lang.InterruptedException: sleep interrupted
2019-10-16 21:02:02,169 [grpc-default-executor-1] INFO  impl.RoleInfo (RoleInfo.java:updateAndGet(143)) - 4a03179f-3169-4ac7-a075-259968512ef0: start FollowerState
2019-10-16 21:02:02,168 [grpc-default-executor-2] INFO  impl.RoleInfo (RoleInfo.java:updateAndGet(143)) - 0aa3649f-570d-46c6-937f-492d7f3a8364: start FollowerState
2019-10-16 21:02:02,169 [Thread-2284] INFO  impl.FollowerState (FollowerState.java:run(117)) - 4a03179f-3169-4ac7-a075-259968512ef0@group-83C26644CFDA-FollowerState was interrupted: java.lang.InterruptedException: sleep interrupted
2019-10-16 21:02:02,171 [4b287a15-77af-487b-aef7-34d1d0ee189f@group-83C26644CFDA-LeaderElection318] INFO  impl.LeaderElection (LeaderElection.java:logAndReturn(56)) - 4b287a15-77af-487b-aef7-34d1d0ee189f@group-83C26644CFDA-LeaderElection318: Election TIMEOUT; received 0 response(s) [] and 0 exception(s); 4b287a15-77af-487b-aef7-34d1d0ee189f@group-83C26644CFDA:t333, leader=null, voted=4b287a15-77af-487b-aef7-34d1d0ee189f, raftlog=4b287a15-77af-487b-aef7-34d1d0ee189f@group-83C26644CFDA-SegmentedRaftLog:OPENED:c-1,f-1,i0, conf=-1: [4b287a15-77af-487b-aef7-34d1d0ee189f:192.168.34.38:38597, 0aa3649f-570d-46c6-937f-492d7f3a8364:192.168.34.38:33209, 4a03179f-3169-4ac7-a075-259968512ef0:192.168.34.38:45833], old=null
2019-10-16 21:02:02,181 [4b287a15-77af-487b-aef7-34d1d0ee189f@group-83C26644CFDA-LeaderElection318] INFO  impl.LeaderElection (LeaderElection.java:askForVotes(178)) - 4b287a15-77af-487b-aef7-34d1d0ee189f@group-83C26644CFDA-LeaderElection318: begin an election at term 334 for -1: [4b287a15-77af-487b-aef7-34d1d0ee189f:192.168.34.38:38597, 0aa3649f-570d-46c6-937f-492d7f3a8364:192.168.34.38:33209, 4a03179f-3169-4ac7-a075-259968512ef0:192.168.34.38:45833], old=null
2019-10-16 21:02:02,182 [grpc-default-executor-1] INFO  impl.RaftServerImpl (RaftServerImpl.java:setRole(184)) - 0aa3649f-570d-46c6-937f-492d7f3a8364@group-83C26644CFDA: changes role from  FOLLOWER to FOLLOWER at term 334 for recognizeCandidate:4b287a15-77af-487b-aef7-34d1d0ee189f
2019-10-16 21:02:02,183 [grpc-default-executor-1] INFO  impl.RoleInfo (RoleInfo.java:shutdownFollowerState(121)) - 0aa3649f-570d-46c6-937f-492d7f3a8364: shutdown FollowerState
2019-10-16 21:02:02,183 [grpc-default-executor-2] INFO  impl.RaftServerImpl (RaftServerImpl.java:setRole(184)) - 4a03179f-3169-4ac7-a075-259968512ef0@group-83C26644CFDA: changes role from  FOLLOWER to FOLLOWER at term 334 for recognizeCandidate:4b287a15-77af-487b-aef7-34d1d0ee189f
2019-10-16 21:02:02,183 [Thread-2289] INFO  impl.FollowerState (FollowerState.java:run(117)) - 0aa3649f-570d-46c6-937f-492d7f3a8364@group-83C26644CFDA-FollowerState was interrupted: java.lang.InterruptedException: sleep interrupted
2019-10-16 21:02:02,183 [grpc-default-executor-1] INFO  impl.RoleInfo (RoleInfo.java:updateAndGet(143)) - 0aa3649f-570d-46c6-937f-492d7f3a8364: start FollowerState
2019-10-16 21:02:02,183 [grpc-default-executor-2] INFO  impl.RoleInfo (RoleInfo.java:shutdownFollowerState(121)) - 4a03179f-3169-4ac7-a075-259968512ef0: shutdown FollowerState
2019-10-16 21:02:02,183 [grpc-default-executor-2] INFO  impl.RoleInfo (RoleInfo.java:updateAndGet(143)) - 4a03179f-3169-4ac7-a075-259968512ef0: start FollowerState
2019-10-16 21:02:02,183 [Thread-2290] INFO  impl.FollowerState (FollowerState.java:run(117)) - 4a03179f-3169-4ac7-a075-259968512ef0@group-83C26644CFDA-FollowerState was interrupted: java.lang.InterruptedException: sleep interrupted
2019-10-16 21:02:02,224 [4b287a15-77af-487b-aef7-34d1d0ee189f@group-83C26644CFDA-LeaderElection318] INFO  impl.LeaderElection (LeaderElection.java:logAndReturn(56)) - 4b287a15-77af-487b-aef7-34d1d0ee189f@group-83C26644CFDA-LeaderElection318: Election REJECTED; received 2 response(s) [4b287a15-77af-487b-aef7-34d1d0ee189f<-0aa3649f-570d-46c6-937f-492d7f3a8364#0:FAIL-t334, 4b287a15-77af-487b-aef7-34d1d0ee189f<-4a03179f-3169-4ac7-a075-259968512ef0#0:FAIL-t334] and 0 exception(s); 4b287a15-77af-487b-aef7-34d1d0ee189f@group-83C26644CFDA:t334, leader=null, voted=4b287a15-77af-487b-aef7-34d1d0ee189f, raftlog=4b287a15-77af-487b-aef7-34d1d0ee189f@group-83C26644CFDA-SegmentedRaftLog:OPENED:c-1,f-1,i0, conf=-1: [4b287a15-77af-487b-aef7-34d1d0ee189f:192.168.34.38:38597, 0aa3649f-570d-46c6-937f-492d7f3a8364:192.168.34.38:33209, 4a03179f-3169-4ac7-a075-259968512ef0:192.168.34.38:45833], old=null
2019-10-16 21:02:02,224 [4b287a15-77af-487b-aef7-34d1d0ee189f@group-83C26644CFDA-LeaderElection318] INFO  impl.RaftServerImpl (RaftServerImpl.java:setRole(184)) - 4b287a15-77af-487b-aef7-34d1d0ee189f@group-83C26644CFDA: changes role from CANDIDATE to FOLLOWER at term 334 for DISCOVERED_A_NEW_TERM
2019-10-16 21:02:02,224 [4b287a15-77af-487b-aef7-34d1d0ee189f@group-83C26644CFDA-LeaderElection318] INFO  impl.RoleInfo (RoleInfo.java:shutdownLeaderElection(134)) - 4b287a15-77af-487b-aef7-34d1d0ee189f: shutdown LeaderElection
2019-10-16 21:02:02,224 [4b287a15-77af-487b-aef7-34d1d0ee189f@group-83C26644CFDA-LeaderElection318] INFO  impl.RoleInfo (RoleInfo.java:updateAndGet(143)) - 4b287a15-77af-487b-aef7-34d1d0ee189f: start FollowerState
2019-10-16 21:02:02,334 [Thread-2295] INFO  impl.FollowerState (FollowerState.java:run(108)) - 4b287a15-77af-487b-aef7-34d1d0ee189f@group-83C26644CFDA-FollowerState: change to CANDIDATE, lastRpcTime:109ms, electionTimeout:109ms
2019-10-16 21:02:02,334 [Thread-2295] INFO  impl.RoleInfo (RoleInfo.java:shutdownFollowerState(121)) - 4b287a15-77af-487b-aef7-34d1d0ee189f: shutdown FollowerState
2019-10-16 21:02:02,334 [Thread-2295] INFO  impl.RaftServerImpl (RaftServerImpl.java:setRole(184)) - 4b287a15-77af-487b-aef7-34d1d0ee189f@group-83C26644CFDA: changes role from  FOLLOWER to CANDIDATE at term 334 for changeToCandidate
2019-10-16 21:02:02,334 [Thread-2295] INFO  impl.RoleInfo (RoleInfo.java:updateAndGet(143)) - 4b287a15-77af-487b-aef7-34d1d0ee189f: start LeaderElection
2019-10-16 21:02:02,340 [4b287a15-77af-487b-aef7-34d1d0ee189f@group-83C26644CFDA-LeaderElection319] INFO  impl.LeaderElection (LeaderElection.java:askForVotes(178)) - 4b287a15-77af-487b-aef7-34d1d0ee189f@group-83C26644CFDA-LeaderElection319: begin an election at term 335 for -1: [4b287a15-77af-487b-aef7-34d1d0ee189f:192.168.34.38:38597, 0aa3649f-570d-46c6-937f-492d7f3a8364:192.168.34.38:33209, 4a03179f-3169-4ac7-a075-259968512ef0:192.168.34.38:45833], old=null
2019-10-16 21:02:02,343 [grpc-default-executor-1] INFO  impl.RaftServerImpl (RaftServerImpl.java:setRole(184)) - 4a03179f-3169-4ac7-a075-259968512ef0@group-83C26644CFDA: changes role from  FOLLOWER to FOLLOWER at term 335 for recognizeCandidate:4b287a15-77af-487b-aef7-34d1d0ee189f
2019-10-16 21:02:02,343 [grpc-default-executor-2] INFO  impl.RaftServerImpl (RaftServerImpl.java:setRole(184)) - 0aa3649f-570d-46c6-937f-492d7f3a8364@group-83C26644CFDA: changes role from  FOLLOWER to FOLLOWER at term 335 for recognizeCandidate:4b287a15-77af-487b-aef7-34d1d0ee189f
2019-10-16 21:02:02,343 [grpc-default-executor-1] INFO  impl.RoleInfo (RoleInfo.java:shutdownFollowerState(121)) - 4a03179f-3169-4ac7-a075-259968512ef0: shutdown FollowerState
2019-10-16 21:02:02,343 [grpc-default-executor-2] INFO  impl.RoleInfo (RoleInfo.java:shutdownFollowerState(121)) - 0aa3649f-570d-46c6-937f-492d7f3a8364: shutdown FollowerState
2019-10-16 21:02:02,344 [Thread-2294] INFO  impl.FollowerState (FollowerState.java:run(117)) - 4a03179f-3169-4ac7-a075-259968512ef0@group-83C26644CFDA-FollowerState was interrupted: java.lang.InterruptedException: sleep interrupted
2019-10-16 21:02:02,344 [grpc-default-executor-1] INFO  impl.RoleInfo (RoleInfo.java:updateAndGet(143)) - 4a03179f-3169-4ac7-a075-259968512ef0: start FollowerState
2019-10-16 21:02:02,344 [Thread-2293] INFO  impl.FollowerState (FollowerState.java:run(117)) - 0aa3649f-570d-46c6-937f-492d7f3a8364@group-83C26644CFDA-FollowerState was interrupted: java.lang.InterruptedException: sleep interrupted
2019-10-16 21:02:02,344 [grpc-default-executor-2] INFO  impl.RoleInfo (RoleInfo.java:updateAndGet(143)) - 0aa3649f-570d-46c6-937f-492d7f3a8364: start FollowerState
2019-10-16 21:02:02,362 [main] INFO  ozone.MiniOzoneClusterImpl (MiniOzoneClusterImpl.java:lambda$waitForClusterToBeReady$2(164)) - Waiting for 1 number of pipelines out of 4, to report a leader.
2019-10-16 21:02:02,384 [4b287a15-77af-487b-aef7-34d1d0ee189f@group-83C26644CFDA-LeaderElection319] INFO  impl.LeaderElection (LeaderElection.java:logAndReturn(56)) - 4b287a15-77af-487b-aef7-34d1d0ee189f@group-83C26644CFDA-LeaderElection319: Election REJECTED; received 2 response(s) [4b287a15-77af-487b-aef7-34d1d0ee189f<-0aa3649f-570d-46c6-937f-492d7f3a8364#0:FAIL-t335, 4b287a15-77af-487b-aef7-34d1d0ee189f<-4a03179f-3169-4ac7-a075-259968512ef0#0:FAIL-t335] and 0 exception(s); 4b287a15-77af-487b-aef7-34d1d0ee189f@group-83C26644CFDA:t335, leader=null, voted=4b287a15-77af-487b-aef7-34d1d0ee189f, raftlog=4b287a15-77af-487b-aef7-34d1d0ee189f@group-83C26644CFDA-SegmentedRaftLog:OPENED:c-1,f-1,i0, conf=-1: [4b287a15-77af-487b-aef7-34d1d0ee189f:192.168.34.38:38597, 0aa3649f-570d-46c6-937f-492d7f3a8364:192.168.34.38:33209, 4a03179f-3169-4ac7-a075-259968512ef0:192.168.34.38:45833], old=null
2019-10-16 21:02:02,384 [4b287a15-77af-487b-aef7-34d1d0ee189f@group-83C26644CFDA-LeaderElection319] INFO  impl.RaftServerImpl (RaftServerImpl.java:setRole(184)) - 4b287a15-77af-487b-aef7-34d1d0ee189f@group-83C26644CFDA: changes role from CANDIDATE to FOLLOWER at term 335 for DISCOVERED_A_NEW_TERM
2019-10-16 21:02:02,384 [4b287a15-77af-487b-aef7-34d1d0ee189f@group-83C26644CFDA-LeaderElection319] INFO  impl.RoleInfo (RoleInfo.java:shutdownLeaderElection(134)) - 4b287a15-77af-487b-aef7-34d1d0ee189f: shutdown LeaderElection
2019-10-16 21:02:02,385 [4b287a15-77af-487b-aef7-34d1d0ee189f@group-83C26644CFDA-LeaderElection319] INFO  impl.RoleInfo (RoleInfo.java:updateAndGet(143)) - 4b287a15-77af-487b-aef7-34d1d0ee189f: start FollowerState
2019-10-16 21:02:02,535 [Thread-2301] INFO  impl.FollowerState (FollowerState.java:run(108)) - 4b287a15-77af-487b-aef7-34d1d0ee189f@group-83C26644CFDA-FollowerState: change to CANDIDATE, lastRpcTime:150ms, electionTimeout:150ms
2019-10-16 21:02:02,535 [Thread-2301] INFO  impl.RoleInfo (RoleInfo.java:shutdownFollowerState(121)) - 4b287a15-77af-487b-aef7-34d1d0ee189f: shutdown FollowerState
2019-10-16 21:02:02,535 [Thread-2301] INFO  impl.RaftServerImpl (RaftServerImpl.java:setRole(184)) - 4b287a15-77af-487b-aef7-34d1d0ee189f@group-83C26644CFDA: changes role from  FOLLOWER to CANDIDATE at term 335 for changeToCandidate
2019-10-16 21:02:02,536 [Thread-2301] INFO  impl.RoleInfo (RoleInfo.java:updateAndGet(143)) - 4b287a15-77af-487b-aef7-34d1d0ee189f: start LeaderElection
2019-10-16 21:02:02,545 [4b287a15-77af-487b-aef7-34d1d0ee189f@group-83C26644CFDA-LeaderElection320] INFO  impl.LeaderElection (LeaderElection.java:askForVotes(178)) - 4b287a15-77af-487b-aef7-34d1d0ee189f@group-83C26644CFDA-LeaderElection320: begin an election at term 336 for -1: [4b287a15-77af-487b-aef7-34d1d0ee189f:192.168.34.38:38597, 0aa3649f-570d-46c6-937f-492d7f3a8364:192.168.34.38:33209, 4a03179f-3169-4ac7-a075-259968512ef0:192.168.34.38:45833], old=null
2019-10-16 21:02:02,548 [grpc-default-executor-1] INFO  impl.RaftServerImpl (RaftServerImpl.java:setRole(184)) - 4a03179f-3169-4ac7-a075-259968512ef0@group-83C26644CFDA: changes role from  FOLLOWER to FOLLOWER at term 336 for recognizeCandidate:4b287a15-77af-487b-aef7-34d1d0ee189f
2019-10-16 21:02:02,548 [grpc-default-executor-2] INFO  impl.RaftServerImpl (RaftServerImpl.java:setRole(184)) - 0aa3649f-570d-46c6-937f-492d7f3a8364@group-83C26644CFDA: changes role from  FOLLOWER to FOLLOWER at term 336 for recognizeCandidate:4b287a15-77af-487b-aef7-34d1d0ee189f
2019-10-16 21:02:02,548 [grpc-default-executor-1] INFO  impl.RoleInfo (RoleInfo.java:shutdownFollowerState(121)) - 4a03179f-3169-4ac7-a075-259968512ef0: shutdown FollowerState
2019-10-16 21:02:02,548 [grpc-default-executor-2] INFO  impl.RoleInfo (RoleInfo.java:shutdownFollowerState(121)) - 0aa3649f-570d-46c6-937f-492d7f3a8364: shutdown FollowerState
2019-10-16 21:02:02,548 [Thread-2299] INFO  impl.FollowerState (FollowerState.java:run(117)) - 4a03179f-3169-4ac7-a075-259968512ef0@group-83C26644CFDA-FollowerState was interrupted: java.lang.InterruptedException: sleep interrupted
2019-10-16 21:02:02,548 [grpc-default-executor-1] INFO  impl.RoleInfo (RoleInfo.java:updateAndGet(143)) - 4a03179f-3169-4ac7-a075-259968512ef0: start FollowerState
2019-10-16 21:02:02,549 [Thread-2300] INFO  impl.FollowerState (FollowerState.java:run(117)) - 0aa3649f-570d-46c6-937f-492d7f3a8364@group-83C26644CFDA-FollowerState was interrupted: java.lang.InterruptedException: sleep interrupted
2019-10-16 21:02:02,549 [grpc-default-executor-2] INFO  impl.RoleInfo (RoleInfo.java:updateAndGet(143)) - 0aa3649f-570d-46c6-937f-492d7f3a8364: start FollowerState
2019-10-16 21:02:02,560 [4b287a15-77af-487b-aef7-34d1d0ee189f@group-83C26644CFDA-LeaderElection320] INFO  impl.LeaderElection (LeaderElection.java:logAndReturn(56)) - 4b287a15-77af-487b-aef7-34d1d0ee189f@group-83C26644CFDA-LeaderElection320: Election REJECTED; received 2 response(s) [4b287a15-77af-487b-aef7-34d1d0ee189f<-0aa3649f-570d-46c6-937f-492d7f3a8364#0:FAIL-t336, 4b287a15-77af-487b-aef7-34d1d0ee189f<-4a03179f-3169-4ac7-a075-259968512ef0#0:FAIL-t336] and 0 exception(s); 4b287a15-77af-487b-aef7-34d1d0ee189f@group-83C26644CFDA:t336, leader=null, voted=4b287a15-77af-487b-aef7-34d1d0ee189f, raftlog=4b287a15-77af-487b-aef7-34d1d0ee189f@group-83C26644CFDA-SegmentedRaftLog:OPENED:c-1,f-1,i0, conf=-1: [4b287a15-77af-487b-aef7-34d1d0ee189f:192.168.34.38:38597, 0aa3649f-570d-46c6-937f-492d7f3a8364:192.168.34.38:33209, 4a03179f-3169-4ac7-a075-259968512ef0:192.168.34.38:45833], old=null
2019-10-16 21:02:02,560 [4b287a15-77af-487b-aef7-34d1d0ee189f@group-83C26644CFDA-LeaderElection320] INFO  impl.RaftServerImpl (RaftServerImpl.java:setRole(184)) - 4b287a15-77af-487b-aef7-34d1d0ee189f@group-83C26644CFDA: changes role from CANDIDATE to FOLLOWER at term 336 for DISCOVERED_A_NEW_TERM
2019-10-16 21:02:02,560 [4b287a15-77af-487b-aef7-34d1d0ee189f@group-83C26644CFDA-LeaderElection320] INFO  impl.RoleInfo (RoleInfo.java:shutdownLeaderElection(134)) - 4b287a15-77af-487b-aef7-34d1d0ee189f: shutdown LeaderElection
2019-10-16 21:02:02,561 [4b287a15-77af-487b-aef7-34d1d0ee189f@group-83C26644CFDA-LeaderElection320] INFO  impl.RoleInfo (RoleInfo.java:updateAndGet(143)) - 4b287a15-77af-487b-aef7-34d1d0ee189f: start FollowerState
2019-10-16 21:02:02,624 [Thread-2307] INFO  impl.FollowerState (FollowerState.java:run(108)) - 4b287a15-77af-487b-aef7-34d1d0ee189f@group-83C26644CFDA-FollowerState: change to CANDIDATE, lastRpcTime:63ms, electionTimeout:63ms
2019-10-16 21:02:02,624 [Thread-2307] INFO  impl.RoleInfo (RoleInfo.java:shutdownFollowerState(121)) - 4b287a15-77af-487b-aef7-34d1d0ee189f: shutdown FollowerState
2019-10-16 21:02:02,624 [Thread-2307] INFO  impl.RaftServerImpl (RaftServerImpl.java:setRole(184)) - 4b287a15-77af-487b-aef7-34d1d0ee189f@group-83C26644CFDA: changes role from  FOLLOWER to CANDIDATE at term 336 for changeToCandidate
2019-10-16 21:02:02,624 [Thread-2307] INFO  impl.RoleInfo (RoleInfo.java:updateAndGet(143)) - 4b287a15-77af-487b-aef7-34d1d0ee189f: start LeaderElection
2019-10-16 21:02:02,632 [4b287a15-77af-487b-aef7-34d1d0ee189f@group-83C26644CFDA-LeaderElection321] INFO  impl.LeaderElection (LeaderElection.java:askForVotes(178)) - 4b287a15-77af-487b-aef7-34d1d0ee189f@group-83C26644CFDA-LeaderElection321: begin an election at term 337 for -1: [4b287a15-77af-487b-aef7-34d1d0ee189f:192.168.34.38:38597, 0aa3649f-570d-46c6-937f-492d7f3a8364:192.168.34.38:33209, 4a03179f-3169-4ac7-a075-259968512ef0:192.168.34.38:45833], old=null
2019-10-16 21:02:02,634 [grpc-default-executor-2] INFO  impl.RaftServerImpl (RaftServerImpl.java:setRole(184)) - 0aa3649f-570d-46c6-937f-492d7f3a8364@group-83C26644CFDA: changes role from  FOLLOWER to FOLLOWER at term 337 for recognizeCandidate:4b287a15-77af-487b-aef7-34d1d0ee189f
2019-10-16 21:02:02,634 [grpc-default-executor-2] INFO  impl.RoleInfo (RoleInfo.java:shutdownFollowerState(121)) - 0aa3649f-570d-46c6-937f-492d7f3a8364: shutdown FollowerState
2019-10-16 21:02:02,634 [grpc-default-executor-1] INFO  impl.RaftServerImpl (RaftServerImpl.java:setRole(184)) - 4a03179f-3169-4ac7-a075-259968512ef0@group-83C26644CFDA: changes role from  FOLLOWER to FOLLOWER at term 337 for recognizeCandidate:4b287a15-77af-487b-aef7-34d1d0ee189f
2019-10-16 21:02:02,634 [grpc-default-executor-1] INFO  impl.RoleInfo (RoleInfo.java:shutdownFollowerState(121)) - 4a03179f-3169-4ac7-a075-259968512ef0: shutdown FollowerState
2019-10-16 21:02:02,634 [Thread-2306] INFO  impl.FollowerState (FollowerState.java:run(117)) - 0aa3649f-570d-46c6-937f-492d7f3a8364@group-83C26644CFDA-FollowerState was interrupted: java.lang.InterruptedException: sleep interrupted
2019-10-16 21:02:02,634 [grpc-default-executor-2] INFO  impl.RoleInfo (RoleInfo.java:updateAndGet(143)) - 0aa3649f-570d-46c6-937f-492d7f3a8364: start FollowerState
2019-10-16 21:02:02,634 [Thread-2305] INFO  impl.FollowerState (FollowerState.java:run(117)) - 4a03179f-3169-4ac7-a075-259968512ef0@group-83C26644CFDA-FollowerState was interrupted: java.lang.InterruptedException: sleep interrupted
2019-10-16 21:02:02,634 [grpc-default-executor-1] INFO  impl.RoleInfo (RoleInfo.java:updateAndGet(143)) - 4a03179f-3169-4ac7-a075-259968512ef0: start FollowerState
2019-10-16 21:02:02,647 [4b287a15-77af-487b-aef7-34d1d0ee189f@group-83C26644CFDA-LeaderElection321] INFO  impl.LeaderElection (LeaderElection.java:logAndReturn(56)) - 4b287a15-77af-487b-aef7-34d1d0ee189f@group-83C26644CFDA-LeaderElection321: Election REJECTED; received 2 response(s) [4b287a15-77af-487b-aef7-34d1d0ee189f<-0aa3649f-570d-46c6-937f-492d7f3a8364#0:FAIL-t337, 4b287a15-77af-487b-aef7-34d1d0ee189f<-4a03179f-3169-4ac7-a075-259968512ef0#0:FAIL-t337] and 0 exception(s); 4b287a15-77af-487b-aef7-34d1d0ee189f@group-83C26644CFDA:t337, leader=null, voted=4b287a15-77af-487b-aef7-34d1d0ee189f, raftlog=4b287a15-77af-487b-aef7-34d1d0ee189f@group-83C26644CFDA-SegmentedRaftLog:OPENED:c-1,f-1,i0, conf=-1: [4b287a15-77af-487b-aef7-34d1d0ee189f:192.168.34.38:38597, 0aa3649f-570d-46c6-937f-492d7f3a8364:192.168.34.38:33209, 4a03179f-3169-4ac7-a075-259968512ef0:192.168.34.38:45833], old=null
2019-10-16 21:02:02,647 [4b287a15-77af-487b-aef7-34d1d0ee189f@group-83C26644CFDA-LeaderElection321] INFO  impl.RaftServerImpl (RaftServerImpl.java:setRole(184)) - 4b287a15-77af-487b-aef7-34d1d0ee189f@group-83C26644CFDA: changes role from CANDIDATE to FOLLOWER at term 337 for DISCOVERED_A_NEW_TERM
2019-10-16 21:02:02,647 [4b287a15-77af-487b-aef7-34d1d0ee189f@group-83C26644CFDA-LeaderElection321] INFO  impl.RoleInfo (RoleInfo.java:shutdownLeaderElection(134)) - 4b287a15-77af-487b-aef7-34d1d0ee189f: shutdown LeaderElection
2019-10-16 21:02:02,647 [4b287a15-77af-487b-aef7-34d1d0ee189f@group-83C26644CFDA-LeaderElection321] INFO  impl.RoleInfo (RoleInfo.java:updateAndGet(143)) - 4b287a15-77af-487b-aef7-34d1d0ee189f: start FollowerState
2019-10-16 21:02:02,788 [Thread-2313] INFO  impl.FollowerState (FollowerState.java:run(108)) - 4b287a15-77af-487b-aef7-34d1d0ee189f@group-83C26644CFDA-FollowerState: change to CANDIDATE, lastRpcTime:140ms, electionTimeout:140ms
2019-10-16 21:02:02,788 [Thread-2313] INFO  impl.RoleInfo (RoleInfo.java:shutdownFollowerState(121)) - 4b287a15-77af-487b-aef7-34d1d0ee189f: shutdown FollowerState
2019-10-16 21:02:02,788 [Thread-2313] INFO  impl.RaftServerImpl (RaftServerImpl.java:setRole(184)) - 4b287a15-77af-487b-aef7-34d1d0ee189f@group-83C26644CFDA: changes role from  FOLLOWER to CANDIDATE at term 337 for changeToCandidate
2019-10-16 21:02:02,788 [Thread-2313] INFO  impl.RoleInfo (RoleInfo.java:updateAndGet(143)) - 4b287a15-77af-487b-aef7-34d1d0ee189f: start LeaderElection
2019-10-16 21:02:02,803 [4b287a15-77af-487b-aef7-34d1d0ee189f@group-83C26644CFDA-LeaderElection322] INFO  impl.LeaderElection (LeaderElection.java:askForVotes(178)) - 4b287a15-77af-487b-aef7-34d1d0ee189f@group-83C26644CFDA-LeaderElection322: begin an election at term 338 for -1: [4b287a15-77af-487b-aef7-34d1d0ee189f:192.168.34.38:38597, 0aa3649f-570d-46c6-937f-492d7f3a8364:192.168.34.38:33209, 4a03179f-3169-4ac7-a075-259968512ef0:192.168.34.38:45833], old=null
2019-10-16 21:02:02,805 [grpc-default-executor-2] INFO  impl.RaftServerImpl (RaftServerImpl.java:setRole(184)) - 0aa3649f-570d-46c6-937f-492d7f3a8364@group-83C26644CFDA: changes role from  FOLLOWER to FOLLOWER at term 338 for recognizeCandidate:4b287a15-77af-487b-aef7-34d1d0ee189f
2019-10-16 21:02:02,805 [grpc-default-executor-2] INFO  impl.RoleInfo (RoleInfo.java:shutdownFollowerState(121)) - 0aa3649f-570d-46c6-937f-492d7f3a8364: shutdown FollowerState
2019-10-16 21:02:02,805 [grpc-default-executor-1] INFO  impl.RaftServerImpl (RaftServerImpl.java:setRole(184)) - 4a03179f-3169-4ac7-a075-259968512ef0@group-83C26644CFDA: changes role from  FOLLOWER to FOLLOWER at term 338 for recognizeCandidate:4b287a15-77af-487b-aef7-34d1d0ee189f
2019-10-16 21:02:02,806 [grpc-default-executor-1] INFO  impl.RoleInfo (RoleInfo.java:shutdownFollowerState(121)) - 4a03179f-3169-4ac7-a075-259968512ef0: shutdown FollowerState
2019-10-16 21:02:02,805 [Thread-2311] INFO  impl.FollowerState (FollowerState.java:run(117)) - 0aa3649f-570d-46c6-937f-492d7f3a8364@group-83C26644CFDA-FollowerState was interrupted: java.lang.InterruptedException: sleep interrupted
2019-10-16 21:02:02,805 [grpc-default-executor-2] INFO  impl.RoleInfo (RoleInfo.java:updateAndGet(143)) - 0aa3649f-570d-46c6-937f-492d7f3a8364: start FollowerState
2019-10-16 21:02:02,806 [Thread-2312] INFO  impl.FollowerState (FollowerState.java:run(117)) - 4a03179f-3169-4ac7-a075-259968512ef0@group-83C26644CFDA-FollowerState was interrupted: java.lang.InterruptedException: sleep interrupted
2019-10-16 21:02:02,806 [grpc-default-executor-1] INFO  impl.RoleInfo (RoleInfo.java:updateAndGet(143)) - 4a03179f-3169-4ac7-a075-259968512ef0: start FollowerState
2019-10-16 21:02:02,820 [4b287a15-77af-487b-aef7-34d1d0ee189f@group-83C26644CFDA-LeaderElection322] INFO  impl.LeaderElection (LeaderElection.java:logAndReturn(56)) - 4b287a15-77af-487b-aef7-34d1d0ee189f@group-83C26644CFDA-LeaderElection322: Election REJECTED; received 2 response(s) [4b287a15-77af-487b-aef7-34d1d0ee189f<-0aa3649f-570d-46c6-937f-492d7f3a8364#0:FAIL-t338, 4b287a15-77af-487b-aef7-34d1d0ee189f<-4a03179f-3169-4ac7-a075-259968512ef0#0:FAIL-t338] and 0 exception(s); 4b287a15-77af-487b-aef7-34d1d0ee189f@group-83C26644CFDA:t338, leader=null, voted=4b287a15-77af-487b-aef7-34d1d0ee189f, raftlog=4b287a15-77af-487b-aef7-34d1d0ee189f@group-83C26644CFDA-SegmentedRaftLog:OPENED:c-1,f-1,i0, conf=-1: [4b287a15-77af-487b-aef7-34d1d0ee189f:192.168.34.38:38597, 0aa3649f-570d-46c6-937f-492d7f3a8364:192.168.34.38:33209, 4a03179f-3169-4ac7-a075-259968512ef0:192.168.34.38:45833], old=null
2019-10-16 21:02:02,821 [4b287a15-77af-487b-aef7-34d1d0ee189f@group-83C26644CFDA-LeaderElection322] INFO  impl.RaftServerImpl (RaftServerImpl.java:setRole(184)) - 4b287a15-77af-487b-aef7-34d1d0ee189f@group-83C26644CFDA: changes role from CANDIDATE to FOLLOWER at term 338 for DISCOVERED_A_NEW_TERM
2019-10-16 21:02:02,821 [4b287a15-77af-487b-aef7-34d1d0ee189f@group-83C26644CFDA-LeaderElection322] INFO  impl.RoleInfo (RoleInfo.java:shutdownLeaderElection(134)) - 4b287a15-77af-487b-aef7-34d1d0ee189f: shutdown LeaderElection
2019-10-16 21:02:02,821 [4b287a15-77af-487b-aef7-34d1d0ee189f@group-83C26644CFDA-LeaderElection322] INFO  impl.RoleInfo (RoleInfo.java:updateAndGet(143)) - 4b287a15-77af-487b-aef7-34d1d0ee189f: start FollowerState
2019-10-16 21:02:02,993 [Thread-2319] INFO  impl.FollowerState (FollowerState.java:run(108)) - 4b287a15-77af-487b-aef7-34d1d0ee189f@group-83C26644CFDA-FollowerState: change to CANDIDATE, lastRpcTime:172ms, electionTimeout:172ms
2019-10-16 21:02:02,993 [Thread-2319] INFO  impl.RoleInfo (RoleInfo.java:shutdownFollowerState(121)) - 4b287a15-77af-487b-aef7-34d1d0ee189f: shutdown FollowerState
2019-10-16 21:02:02,994 [Thread-2319] INFO  impl.RaftServerImpl (RaftServerImpl.java:setRole(184)) - 4b287a15-77af-487b-aef7-34d1d0ee189f@group-83C26644CFDA: changes role from  FOLLOWER to CANDIDATE at term 338 for changeToCandidate
2019-10-16 21:02:02,994 [Thread-2319] INFO  impl.RoleInfo (RoleInfo.java:updateAndGet(143)) - 4b287a15-77af-487b-aef7-34d1d0ee189f: start LeaderElection
2019-10-16 21:02:03,007 [4b287a15-77af-487b-aef7-34d1d0ee189f@group-83C26644CFDA-LeaderElection323] INFO  impl.LeaderElection (LeaderElection.java:askForVotes(178)) - 4b287a15-77af-487b-aef7-34d1d0ee189f@group-83C26644CFDA-LeaderElection323: begin an election at term 339 for -1: [4b287a15-77af-487b-aef7-34d1d0ee189f:192.168.34.38:38597, 0aa3649f-570d-46c6-937f-492d7f3a8364:192.168.34.38:33209, 4a03179f-3169-4ac7-a075-259968512ef0:192.168.34.38:45833], old=null
2019-10-16 21:02:03,009 [grpc-default-executor-1] INFO  impl.RaftServerImpl (RaftServerImpl.java:setRole(184)) - 4a03179f-3169-4ac7-a075-259968512ef0@group-83C26644CFDA: changes role from  FOLLOWER to FOLLOWER at term 339 for recognizeCandidate:4b287a15-77af-487b-aef7-34d1d0ee189f
2019-10-16 21:02:03,009 [grpc-default-executor-1] INFO  impl.RoleInfo (RoleInfo.java:shutdownFollowerState(121)) - 4a03179f-3169-4ac7-a075-259968512ef0: shutdown FollowerState
2019-10-16 21:02:03,009 [grpc-default-executor-2] INFO  impl.RaftServerImpl (RaftServerImpl.java:setRole(184)) - 0aa3649f-570d-46c6-937f-492d7f3a8364@group-83C26644CFDA: changes role from  FOLLOWER to FOLLOWER at term 339 for recognizeCandidate:4b287a15-77af-487b-aef7-34d1d0ee189f
2019-10-16 21:02:03,009 [Thread-2318] INFO  impl.FollowerState (FollowerState.java:run(117)) - 4a03179f-3169-4ac7-a075-259968512ef0@group-83C26644CFDA-FollowerState was interrupted: java.lang.InterruptedException: sleep interrupted
2019-10-16 21:02:03,009 [grpc-default-executor-1] INFO  impl.RoleInfo (RoleInfo.java:updateAndGet(143)) - 4a03179f-3169-4ac7-a075-259968512ef0: start FollowerState
2019-10-16 21:02:03,009 [grpc-default-executor-2] INFO  impl.RoleInfo (RoleInfo.java:shutdownFollowerState(121)) - 0aa3649f-570d-46c6-937f-492d7f3a8364: shutdown FollowerState
2019-10-16 21:02:03,010 [grpc-default-executor-2] INFO  impl.RoleInfo (RoleInfo.java:updateAndGet(143)) - 0aa3649f-570d-46c6-937f-492d7f3a8364: start FollowerState
2019-10-16 21:02:03,010 [Thread-2317] INFO  impl.FollowerState (FollowerState.java:run(117)) - 0aa3649f-570d-46c6-937f-492d7f3a8364@group-83C26644CFDA-FollowerState was interrupted: java.lang.InterruptedException: sleep interrupted
2019-10-16 21:02:03,024 [4b287a15-77af-487b-aef7-34d1d0ee189f@group-83C26644CFDA-LeaderElection323] INFO  impl.LeaderElection (LeaderElection.java:logAndReturn(56)) - 4b287a15-77af-487b-aef7-34d1d0ee189f@group-83C26644CFDA-LeaderElection323: Election REJECTED; received 2 response(s) [4b287a15-77af-487b-aef7-34d1d0ee189f<-0aa3649f-570d-46c6-937f-492d7f3a8364#0:FAIL-t339, 4b287a15-77af-487b-aef7-34d1d0ee189f<-4a03179f-3169-4ac7-a075-259968512ef0#0:FAIL-t339] and 0 exception(s); 4b287a15-77af-487b-aef7-34d1d0ee189f@group-83C26644CFDA:t339, leader=null, voted=4b287a15-77af-487b-aef7-34d1d0ee189f, raftlog=4b287a15-77af-487b-aef7-34d1d0ee189f@group-83C26644CFDA-SegmentedRaftLog:OPENED:c-1,f-1,i0, conf=-1: [4b287a15-77af-487b-aef7-34d1d0ee189f:192.168.34.38:38597, 0aa3649f-570d-46c6-937f-492d7f3a8364:192.168.34.38:33209, 4a03179f-3169-4ac7-a075-259968512ef0:192.168.34.38:45833], old=null
2019-10-16 21:02:03,024 [4b287a15-77af-487b-aef7-34d1d0ee189f@group-83C26644CFDA-LeaderElection323] INFO  impl.RaftServerImpl (RaftServerImpl.java:setRole(184)) - 4b287a15-77af-487b-aef7-34d1d0ee189f@group-83C26644CFDA: changes role from CANDIDATE to FOLLOWER at term 339 for DISCOVERED_A_NEW_TERM
2019-10-16 21:02:03,024 [4b287a15-77af-487b-aef7-34d1d0ee189f@group-83C26644CFDA-LeaderElection323] INFO  impl.RoleInfo (RoleInfo.java:shutdownLeaderElection(134)) - 4b287a15-77af-487b-aef7-34d1d0ee189f: shutdown LeaderElection
2019-10-16 21:02:03,024 [4b287a15-77af-487b-aef7-34d1d0ee189f@group-83C26644CFDA-LeaderElection323] INFO  impl.RoleInfo (RoleInfo.java:updateAndGet(143)) - 4b287a15-77af-487b-aef7-34d1d0ee189f: start FollowerState
2019-10-16 21:02:03,030 [Thread-2325] INFO  impl.FollowerState (FollowerState.java:run(108)) - 4b287a15-77af-487b-aef7-34d1d0ee189f@group-83C26644CFDA-FollowerState: change to CANDIDATE, lastRpcTime:5ms, electionTimeout:5ms
2019-10-16 21:02:03,030 [Thread-2325] INFO  impl.RoleInfo (RoleInfo.java:shutdownFollowerState(121)) - 4b287a15-77af-487b-aef7-34d1d0ee189f: shutdown FollowerState
2019-10-16 21:02:03,030 [Thread-2325] INFO  impl.RaftServerImpl (RaftServerImpl.java:setRole(184)) - 4b287a15-77af-487b-aef7-34d1d0ee189f@group-83C26644CFDA: changes role from  FOLLOWER to CANDIDATE at term 339 for changeToCandidate
2019-10-16 21:02:03,030 [Thread-2325] INFO  impl.RoleInfo (RoleInfo.java:updateAndGet(143)) - 4b287a15-77af-487b-aef7-34d1d0ee189f: start LeaderElection
2019-10-16 21:02:03,043 [4b287a15-77af-487b-aef7-34d1d0ee189f@group-83C26644CFDA-LeaderElection324] INFO  impl.LeaderElection (LeaderElection.java:askForVotes(178)) - 4b287a15-77af-487b-aef7-34d1d0ee189f@group-83C26644CFDA-LeaderElection324: begin an election at term 340 for -1: [4b287a15-77af-487b-aef7-34d1d0ee189f:192.168.34.38:38597, 0aa3649f-570d-46c6-937f-492d7f3a8364:192.168.34.38:33209, 4a03179f-3169-4ac7-a075-259968512ef0:192.168.34.38:45833], old=null
2019-10-16 21:02:03,045 [grpc-default-executor-2] INFO  impl.RaftServerImpl (RaftServerImpl.java:setRole(184)) - 0aa3649f-570d-46c6-937f-492d7f3a8364@group-83C26644CFDA: changes role from  FOLLOWER to FOLLOWER at term 340 for recognizeCandidate:4b287a15-77af-487b-aef7-34d1d0ee189f
2019-10-16 21:02:03,045 [grpc-default-executor-2] INFO  impl.RoleInfo (RoleInfo.java:shutdownFollowerState(121)) - 0aa3649f-570d-46c6-937f-492d7f3a8364: shutdown FollowerState
2019-10-16 21:02:03,045 [grpc-default-executor-1] INFO  impl.RaftServerImpl (RaftServerImpl.java:setRole(184)) - 4a03179f-3169-4ac7-a075-259968512ef0@group-83C26644CFDA: changes role from  FOLLOWER to FOLLOWER at term 340 for recognizeCandidate:4b287a15-77af-487b-aef7-34d1d0ee189f
2019-10-16 21:02:03,045 [grpc-default-executor-1] INFO  impl.RoleInfo (RoleInfo.java:shutdownFollowerState(121)) - 4a03179f-3169-4ac7-a075-259968512ef0: shutdown FollowerState
2019-10-16 21:02:03,045 [Thread-2324] INFO  impl.FollowerState (FollowerState.java:run(117)) - 0aa3649f-570d-46c6-937f-492d7f3a8364@group-83C26644CFDA-FollowerState was interrupted: java.lang.InterruptedException: sleep interrupted
2019-10-16 21:02:03,045 [grpc-default-executor-2] INFO  impl.RoleInfo (RoleInfo.java:updateAndGet(143)) - 0aa3649f-570d-46c6-937f-492d7f3a8364: start FollowerState
2019-10-16 21:02:03,046 [Thread-2323] INFO  impl.FollowerState (FollowerState.java:run(117)) - 4a03179f-3169-4ac7-a075-259968512ef0@group-83C26644CFDA-FollowerState was interrupted: java.lang.InterruptedException: sleep interrupted
2019-10-16 21:02:03,045 [grpc-default-executor-1] INFO  impl.RoleInfo (RoleInfo.java:updateAndGet(143)) - 4a03179f-3169-4ac7-a075-259968512ef0: start FollowerState
2019-10-16 21:02:03,060 [4b287a15-77af-487b-aef7-34d1d0ee189f@group-83C26644CFDA-LeaderElection324] INFO  impl.LeaderElection (LeaderElection.java:logAndReturn(56)) - 4b287a15-77af-487b-aef7-34d1d0ee189f@group-83C26644CFDA-LeaderElection324: Election REJECTED; received 2 response(s) [4b287a15-77af-487b-aef7-34d1d0ee189f<-0aa3649f-570d-46c6-937f-492d7f3a8364#0:FAIL-t340, 4b287a15-77af-487b-aef7-34d1d0ee189f<-4a03179f-3169-4ac7-a075-259968512ef0#0:FAIL-t340] and 0 exception(s); 4b287a15-77af-487b-aef7-34d1d0ee189f@group-83C26644CFDA:t340, leader=null, voted=4b287a15-77af-487b-aef7-34d1d0ee189f, raftlog=4b287a15-77af-487b-aef7-34d1d0ee189f@group-83C26644CFDA-SegmentedRaftLog:OPENED:c-1,f-1,i0, conf=-1: [4b287a15-77af-487b-aef7-34d1d0ee189f:192.168.34.38:38597, 0aa3649f-570d-46c6-937f-492d7f3a8364:192.168.34.38:33209, 4a03179f-3169-4ac7-a075-259968512ef0:192.168.34.38:45833], old=null
2019-10-16 21:02:03,060 [4b287a15-77af-487b-aef7-34d1d0ee189f@group-83C26644CFDA-LeaderElection324] INFO  impl.RaftServerImpl (RaftServerImpl.java:setRole(184)) - 4b287a15-77af-487b-aef7-34d1d0ee189f@group-83C26644CFDA: changes role from CANDIDATE to FOLLOWER at term 340 for DISCOVERED_A_NEW_TERM
2019-10-16 21:02:03,060 [4b287a15-77af-487b-aef7-34d1d0ee189f@group-83C26644CFDA-LeaderElection324] INFO  impl.RoleInfo (RoleInfo.java:shutdownLeaderElection(134)) - 4b287a15-77af-487b-aef7-34d1d0ee189f: shutdown LeaderElection
2019-10-16 21:02:03,060 [4b287a15-77af-487b-aef7-34d1d0ee189f@group-83C26644CFDA-LeaderElection324] INFO  impl.RoleInfo (RoleInfo.java:updateAndGet(143)) - 4b287a15-77af-487b-aef7-34d1d0ee189f: start FollowerState
2019-10-16 21:02:03,216 [Thread-2331] INFO  impl.FollowerState (FollowerState.java:run(108)) - 4b287a15-77af-487b-aef7-34d1d0ee189f@group-83C26644CFDA-FollowerState: change to CANDIDATE, lastRpcTime:155ms, electionTimeout:155ms
2019-10-16 21:02:03,216 [Thread-2331] INFO  impl.RoleInfo (RoleInfo.java:shutdownFollowerState(121)) - 4b287a15-77af-487b-aef7-34d1d0ee189f: shutdown FollowerState
2019-10-16 21:02:03,216 [Thread-2331] INFO  impl.RaftServerImpl (RaftServerImpl.java:setRole(184)) - 4b287a15-77af-487b-aef7-34d1d0ee189f@group-83C26644CFDA: changes role from  FOLLOWER to CANDIDATE at term 340 for changeToCandidate
2019-10-16 21:02:03,216 [Thread-2331] INFO  impl.RoleInfo (RoleInfo.java:updateAndGet(143)) - 4b287a15-77af-487b-aef7-34d1d0ee189f: start LeaderElection
2019-10-16 21:02:03,222 [4b287a15-77af-487b-aef7-34d1d0ee189f@group-83C26644CFDA-LeaderElection325] INFO  impl.LeaderElection (LeaderElection.java:askForVotes(178)) - 4b287a15-77af-487b-aef7-34d1d0ee189f@group-83C26644CFDA-LeaderElection325: begin an election at term 341 for -1: [4b287a15-77af-487b-aef7-34d1d0ee189f:192.168.34.38:38597, 0aa3649f-570d-46c6-937f-492d7f3a8364:192.168.34.38:33209, 4a03179f-3169-4ac7-a075-259968512ef0:192.168.34.38:45833], old=null
2019-10-16 21:02:03,224 [grpc-default-executor-1] INFO  impl.RaftServerImpl (RaftServerImpl.java:setRole(184)) - 0aa3649f-570d-46c6-937f-492d7f3a8364@group-83C26644CFDA: changes role from  FOLLOWER to FOLLOWER at term 341 for recognizeCandidate:4b287a15-77af-487b-aef7-34d1d0ee189f
2019-10-16 21:02:03,224 [grpc-default-executor-1] INFO  impl.RoleInfo (RoleInfo.java:shutdownFollowerState(121)) - 0aa3649f-570d-46c6-937f-492d7f3a8364: shutdown FollowerState
2019-10-16 21:02:03,224 [grpc-default-executor-2] INFO  impl.RaftServerImpl (RaftServerImpl.java:setRole(184)) - 4a03179f-3169-4ac7-a075-259968512ef0@group-83C26644CFDA: changes role from  FOLLOWER to FOLLOWER at term 341 for recognizeCandidate:4b287a15-77af-487b-aef7-34d1d0ee189f
2019-10-16 21:02:03,224 [grpc-default-executor-2] INFO  impl.RoleInfo (RoleInfo.java:shutdownFollowerState(121)) - 4a03179f-3169-4ac7-a075-259968512ef0: shutdown FollowerState
2019-10-16 21:02:03,224 [Thread-2329] INFO  impl.FollowerState (FollowerState.java:run(117)) - 0aa3649f-570d-46c6-937f-492d7f3a8364@group-83C26644CFDA-FollowerState was interrupted: java.lang.InterruptedException: sleep interrupted
2019-10-16 21:02:03,224 [grpc-default-executor-1] INFO  impl.RoleInfo (RoleInfo.java:updateAndGet(143)) - 0aa3649f-570d-46c6-937f-492d7f3a8364: start FollowerState
2019-10-16 21:02:03,225 [Thread-2330] INFO  impl.FollowerState (FollowerState.java:run(117)) - 4a03179f-3169-4ac7-a075-259968512ef0@group-83C26644CFDA-FollowerState was interrupted: java.lang.InterruptedException: sleep interrupted
2019-10-16 21:02:03,224 [grpc-default-executor-2] INFO  impl.RoleInfo (RoleInfo.java:updateAndGet(143)) - 4a03179f-3169-4ac7-a075-259968512ef0: start FollowerState
2019-10-16 21:02:03,238 [4b287a15-77af-487b-aef7-34d1d0ee189f@group-83C26644CFDA-LeaderElection325] INFO  impl.LeaderElection (LeaderElection.java:logAndReturn(56)) - 4b287a15-77af-487b-aef7-34d1d0ee189f@group-83C26644CFDA-LeaderElection325: Election REJECTED; received 2 response(s) [4b287a15-77af-487b-aef7-34d1d0ee189f<-0aa3649f-570d-46c6-937f-492d7f3a8364#0:FAIL-t341, 4b287a15-77af-487b-aef7-34d1d0ee189f<-4a03179f-3169-4ac7-a075-259968512ef0#0:FAIL-t341] and 0 exception(s); 4b287a15-77af-487b-aef7-34d1d0ee189f@group-83C26644CFDA:t341, leader=null, voted=4b287a15-77af-487b-aef7-34d1d0ee189f, raftlog=4b287a15-77af-487b-aef7-34d1d0ee189f@group-83C26644CFDA-SegmentedRaftLog:OPENED:c-1,f-1,i0, conf=-1: [4b287a15-77af-487b-aef7-34d1d0ee189f:192.168.34.38:38597, 0aa3649f-570d-46c6-937f-492d7f3a8364:192.168.34.38:33209, 4a03179f-3169-4ac7-a075-259968512ef0:192.168.34.38:45833], old=null
2019-10-16 21:02:03,238 [4b287a15-77af-487b-aef7-34d1d0ee189f@group-83C26644CFDA-LeaderElection325] INFO  impl.RaftServerImpl (RaftServerImpl.java:setRole(184)) - 4b287a15-77af-487b-aef7-34d1d0ee189f@group-83C26644CFDA: changes role from CANDIDATE to FOLLOWER at term 341 for DISCOVERED_A_NEW_TERM
2019-10-16 21:02:03,238 [4b287a15-77af-487b-aef7-34d1d0ee189f@group-83C26644CFDA-LeaderElection325] INFO  impl.RoleInfo (RoleInfo.java:shutdownLeaderElection(134)) - 4b287a15-77af-487b-aef7-34d1d0ee189f: shutdown LeaderElection
2019-10-16 21:02:03,239 [4b287a15-77af-487b-aef7-34d1d0ee189f@group-83C26644CFDA-LeaderElection325] INFO  impl.RoleInfo (RoleInfo.java:updateAndGet(143)) - 4b287a15-77af-487b-aef7-34d1d0ee189f: start FollowerState
2019-10-16 21:02:03,320 [Thread-2337] INFO  impl.FollowerState (FollowerState.java:run(108)) - 4b287a15-77af-487b-aef7-34d1d0ee189f@group-83C26644CFDA-FollowerState: change to CANDIDATE, lastRpcTime:81ms, electionTimeout:81ms
2019-10-16 21:02:03,320 [Thread-2337] INFO  impl.RoleInfo (RoleInfo.java:shutdownFollowerState(121)) - 4b287a15-77af-487b-aef7-34d1d0ee189f: shutdown FollowerState
2019-10-16 21:02:03,320 [Thread-2337] INFO  impl.RaftServerImpl (RaftServerImpl.java:setRole(184)) - 4b287a15-77af-487b-aef7-34d1d0ee189f@group-83C26644CFDA: changes role from  FOLLOWER to CANDIDATE at term 341 for changeToCandidate
2019-10-16 21:02:03,320 [Thread-2337] INFO  impl.RoleInfo (RoleInfo.java:updateAndGet(143)) - 4b287a15-77af-487b-aef7-34d1d0ee189f: start LeaderElection
2019-10-16 21:02:03,327 [4b287a15-77af-487b-aef7-34d1d0ee189f@group-83C26644CFDA-LeaderElection326] INFO  impl.LeaderElection (LeaderElection.java:askForVotes(178)) - 4b287a15-77af-487b-aef7-34d1d0ee189f@group-83C26644CFDA-LeaderElection326: begin an election at term 342 for -1: [4b287a15-77af-487b-aef7-34d1d0ee189f:192.168.34.38:38597, 0aa3649f-570d-46c6-937f-492d7f3a8364:192.168.34.38:33209, 4a03179f-3169-4ac7-a075-259968512ef0:192.168.34.38:45833], old=null
2019-10-16 21:02:03,329 [grpc-default-executor-1] INFO  impl.RaftServerImpl (RaftServerImpl.java:setRole(184)) - 4a03179f-3169-4ac7-a075-259968512ef0@group-83C26644CFDA: changes role from  FOLLOWER to FOLLOWER at term 342 for recognizeCandidate:4b287a15-77af-487b-aef7-34d1d0ee189f
2019-10-16 21:02:03,329 [grpc-default-executor-1] INFO  impl.RoleInfo (RoleInfo.java:shutdownFollowerState(121)) - 4a03179f-3169-4ac7-a075-259968512ef0: shutdown FollowerState
2019-10-16 21:02:03,329 [grpc-default-executor-2] INFO  impl.RaftServerImpl (RaftServerImpl.java:setRole(184)) - 0aa3649f-570d-46c6-937f-492d7f3a8364@group-83C26644CFDA: changes role from  FOLLOWER to FOLLOWER at term 342 for recognizeCandidate:4b287a15-77af-487b-aef7-34d1d0ee189f
2019-10-16 21:02:03,330 [grpc-default-executor-2] INFO  impl.RoleInfo (RoleInfo.java:shutdownFollowerState(121)) - 0aa3649f-570d-46c6-937f-492d7f3a8364: shutdown FollowerState
2019-10-16 21:02:03,330 [Thread-2336] INFO  impl.FollowerState (FollowerState.java:run(117)) - 4a03179f-3169-4ac7-a075-259968512ef0@group-83C26644CFDA-FollowerState was interrupted: java.lang.InterruptedException: sleep interrupted
2019-10-16 21:02:03,330 [grpc-default-executor-1] INFO  impl.RoleInfo (RoleInfo.java:updateAndGet(143)) - 4a03179f-3169-4ac7-a075-259968512ef0: start FollowerState
2019-10-16 21:02:03,330 [Thread-2335] INFO  impl.FollowerState (FollowerState.java:run(117)) - 0aa3649f-570d-46c6-937f-492d7f3a8364@group-83C26644CFDA-FollowerState was interrupted: java.lang.InterruptedException: sleep interrupted
2019-10-16 21:02:03,330 [grpc-default-executor-2] INFO  impl.RoleInfo (RoleInfo.java:updateAndGet(143)) - 0aa3649f-570d-46c6-937f-492d7f3a8364: start FollowerState
2019-10-16 21:02:03,344 [4b287a15-77af-487b-aef7-34d1d0ee189f@group-83C26644CFDA-LeaderElection326] INFO  impl.LeaderElection (LeaderElection.java:logAndReturn(56)) - 4b287a15-77af-487b-aef7-34d1d0ee189f@group-83C26644CFDA-LeaderElection326: Election REJECTED; received 2 response(s) [4b287a15-77af-487b-aef7-34d1d0ee189f<-0aa3649f-570d-46c6-937f-492d7f3a8364#0:FAIL-t342, 4b287a15-77af-487b-aef7-34d1d0ee189f<-4a03179f-3169-4ac7-a075-259968512ef0#0:FAIL-t342] and 0 exception(s); 4b287a15-77af-487b-aef7-34d1d0ee189f@group-83C26644CFDA:t342, leader=null, voted=4b287a15-77af-487b-aef7-34d1d0ee189f, raftlog=4b287a15-77af-487b-aef7-34d1d0ee189f@group-83C26644CFDA-SegmentedRaftLog:OPENED:c-1,f-1,i0, conf=-1: [4b287a15-77af-487b-aef7-34d1d0ee189f:192.168.34.38:38597, 0aa3649f-570d-46c6-937f-492d7f3a8364:192.168.34.38:33209, 4a03179f-3169-4ac7-a075-259968512ef0:192.168.34.38:45833], old=null
2019-10-16 21:02:03,344 [4b287a15-77af-487b-aef7-34d1d0ee189f@group-83C26644CFDA-LeaderElection326] INFO  impl.RaftServerImpl (RaftServerImpl.java:setRole(184)) - 4b287a15-77af-487b-aef7-34d1d0ee189f@group-83C26644CFDA: changes role from CANDIDATE to FOLLOWER at term 342 for DISCOVERED_A_NEW_TERM
2019-10-16 21:02:03,344 [4b287a15-77af-487b-aef7-34d1d0ee189f@group-83C26644CFDA-LeaderElection326] INFO  impl.RoleInfo (RoleInfo.java:shutdownLeaderElection(134)) - 4b287a15-77af-487b-aef7-34d1d0ee189f: shutdown LeaderElection
2019-10-16 21:02:03,344 [4b287a15-77af-487b-aef7-34d1d0ee189f@group-83C26644CFDA-LeaderElection326] INFO  impl.RoleInfo (RoleInfo.java:updateAndGet(143)) - 4b287a15-77af-487b-aef7-34d1d0ee189f: start FollowerState
2019-10-16 21:02:03,352 [Thread-2343] INFO  impl.FollowerState (FollowerState.java:run(108)) - 4b287a15-77af-487b-aef7-34d1d0ee189f@group-83C26644CFDA-FollowerState: change to CANDIDATE, lastRpcTime:7ms, electionTimeout:7ms
2019-10-16 21:02:03,352 [Thread-2343] INFO  impl.RoleInfo (RoleInfo.java:shutdownFollowerState(121)) - 4b287a15-77af-487b-aef7-34d1d0ee189f: shutdown FollowerState
2019-10-16 21:02:03,352 [Thread-2343] INFO  impl.RaftServerImpl (RaftServerImpl.java:setRole(184)) - 4b287a15-77af-487b-aef7-34d1d0ee189f@group-83C26644CFDA: changes role from  FOLLOWER to CANDIDATE at term 342 for changeToCandidate
2019-10-16 21:02:03,352 [Thread-2343] INFO  impl.RoleInfo (RoleInfo.java:updateAndGet(143)) - 4b287a15-77af-487b-aef7-34d1d0ee189f: start LeaderElection
2019-10-16 21:02:03,362 [main] INFO  ozone.MiniOzoneClusterImpl (MiniOzoneClusterImpl.java:lambda$waitForClusterToBeReady$2(164)) - Waiting for 1 number of pipelines out of 4, to report a leader.
2019-10-16 21:02:03,366 [4b287a15-77af-487b-aef7-34d1d0ee189f@group-83C26644CFDA-LeaderElection327] INFO  impl.LeaderElection (LeaderElection.java:askForVotes(178)) - 4b287a15-77af-487b-aef7-34d1d0ee189f@group-83C26644CFDA-LeaderElection327: begin an election at term 343 for -1: [4b287a15-77af-487b-aef7-34d1d0ee189f:192.168.34.38:38597, 0aa3649f-570d-46c6-937f-492d7f3a8364:192.168.34.38:33209, 4a03179f-3169-4ac7-a075-259968512ef0:192.168.34.38:45833], old=null
2019-10-16 21:02:03,367 [grpc-default-executor-1] INFO  impl.RaftServerImpl (RaftServerImpl.java:setRole(184)) - 0aa3649f-570d-46c6-937f-492d7f3a8364@group-83C26644CFDA: changes role from  FOLLOWER to FOLLOWER at term 343 for recognizeCandidate:4b287a15-77af-487b-aef7-34d1d0ee189f
2019-10-16 21:02:03,367 [grpc-default-executor-1] INFO  impl.RoleInfo (RoleInfo.java:shutdownFollowerState(121)) - 0aa3649f-570d-46c6-937f-492d7f3a8364: shutdown FollowerState
2019-10-16 21:02:03,367 [grpc-default-executor-2] INFO  impl.RaftServerImpl (RaftServerImpl.java:setRole(184)) - 4a03179f-3169-4ac7-a075-259968512ef0@group-83C26644CFDA: changes role from  FOLLOWER to FOLLOWER at term 343 for recognizeCandidate:4b287a15-77af-487b-aef7-34d1d0ee189f
2019-10-16 21:02:03,368 [Thread-2342] INFO  impl.FollowerState (FollowerState.java:run(117)) - 0aa3649f-570d-46c6-937f-492d7f3a8364@group-83C26644CFDA-FollowerState was interrupted: java.lang.InterruptedException: sleep interrupted
2019-10-16 21:02:03,367 [grpc-default-executor-1] INFO  impl.RoleInfo (RoleInfo.java:updateAndGet(143)) - 0aa3649f-570d-46c6-937f-492d7f3a8364: start FollowerState
2019-10-16 21:02:03,368 [grpc-default-executor-2] INFO  impl.RoleInfo (RoleInfo.java:shutdownFollowerState(121)) - 4a03179f-3169-4ac7-a075-259968512ef0: shutdown FollowerState
2019-10-16 21:02:03,368 [grpc-default-executor-2] INFO  impl.RoleInfo (RoleInfo.java:updateAndGet(143)) - 4a03179f-3169-4ac7-a075-259968512ef0: start FollowerState
2019-10-16 21:02:03,368 [Thread-2341] INFO  impl.FollowerState (FollowerState.java:run(117)) - 4a03179f-3169-4ac7-a075-259968512ef0@group-83C26644CFDA-FollowerState was interrupted: java.lang.InterruptedException: sleep interrupted
2019-10-16 21:02:03,382 [4b287a15-77af-487b-aef7-34d1d0ee189f@group-83C26644CFDA-LeaderElection327] INFO  impl.LeaderElection (LeaderElection.java:logAndReturn(56)) - 4b287a15-77af-487b-aef7-34d1d0ee189f@group-83C26644CFDA-LeaderElection327: Election REJECTED; received 2 response(s) [4b287a15-77af-487b-aef7-34d1d0ee189f<-0aa3649f-570d-46c6-937f-492d7f3a8364#0:FAIL-t343, 4b287a15-77af-487b-aef7-34d1d0ee189f<-4a03179f-3169-4ac7-a075-259968512ef0#0:FAIL-t343] and 0 exception(s); 4b287a15-77af-487b-aef7-34d1d0ee189f@group-83C26644CFDA:t343, leader=null, voted=4b287a15-77af-487b-aef7-34d1d0ee189f, raftlog=4b287a15-77af-487b-aef7-34d1d0ee189f@group-83C26644CFDA-SegmentedRaftLog:OPENED:c-1,f-1,i0, conf=-1: [4b287a15-77af-487b-aef7-34d1d0ee189f:192.168.34.38:38597, 0aa3649f-570d-46c6-937f-492d7f3a8364:192.168.34.38:33209, 4a03179f-3169-4ac7-a075-259968512ef0:192.168.34.38:45833], old=null
2019-10-16 21:02:03,383 [4b287a15-77af-487b-aef7-34d1d0ee189f@group-83C26644CFDA-LeaderElection327] INFO  impl.RaftServerImpl (RaftServerImpl.java:setRole(184)) - 4b287a15-77af-487b-aef7-34d1d0ee189f@group-83C26644CFDA: changes role from CANDIDATE to FOLLOWER at term 343 for DISCOVERED_A_NEW_TERM
2019-10-16 21:02:03,383 [4b287a15-77af-487b-aef7-34d1d0ee189f@group-83C26644CFDA-LeaderElection327] INFO  impl.RoleInfo (RoleInfo.java:shutdownLeaderElection(134)) - 4b287a15-77af-487b-aef7-34d1d0ee189f: shutdown LeaderElection
2019-10-16 21:02:03,383 [4b287a15-77af-487b-aef7-34d1d0ee189f@group-83C26644CFDA-LeaderElection327] INFO  impl.RoleInfo (RoleInfo.java:updateAndGet(143)) - 4b287a15-77af-487b-aef7-34d1d0ee189f: start FollowerState
2019-10-16 21:02:03,500 [Thread-2349] INFO  impl.FollowerState (FollowerState.java:run(108)) - 4b287a15-77af-487b-aef7-34d1d0ee189f@group-83C26644CFDA-FollowerState: change to CANDIDATE, lastRpcTime:117ms, electionTimeout:117ms
2019-10-16 21:02:03,500 [Thread-2349] INFO  impl.RoleInfo (RoleInfo.java:shutdownFollowerState(121)) - 4b287a15-77af-487b-aef7-34d1d0ee189f: shutdown FollowerState
2019-10-16 21:02:03,500 [Thread-2349] INFO  impl.RaftServerImpl (RaftServerImpl.java:setRole(184)) - 4b287a15-77af-487b-aef7-34d1d0ee189f@group-83C26644CFDA: changes role from  FOLLOWER to CANDIDATE at term 343 for changeToCandidate
2019-10-16 21:02:03,500 [Thread-2349] INFO  impl.RoleInfo (RoleInfo.java:updateAndGet(143)) - 4b287a15-77af-487b-aef7-34d1d0ee189f: start LeaderElection
2019-10-16 21:02:03,504 [4b287a15-77af-487b-aef7-34d1d0ee189f@group-83C26644CFDA-LeaderElection328] INFO  impl.LeaderElection (LeaderElection.java:askForVotes(178)) - 4b287a15-77af-487b-aef7-34d1d0ee189f@group-83C26644CFDA-LeaderElection328: begin an election at term 344 for -1: [4b287a15-77af-487b-aef7-34d1d0ee189f:192.168.34.38:38597, 0aa3649f-570d-46c6-937f-492d7f3a8364:192.168.34.38:33209, 4a03179f-3169-4ac7-a075-259968512ef0:192.168.34.38:45833], old=null
2019-10-16 21:02:03,505 [grpc-default-executor-2] INFO  impl.RaftServerImpl (RaftServerImpl.java:setRole(184)) - 0aa3649f-570d-46c6-937f-492d7f3a8364@group-83C26644CFDA: changes role from  FOLLOWER to FOLLOWER at term 344 for recognizeCandidate:4b287a15-77af-487b-aef7-34d1d0ee189f
2019-10-16 21:02:03,506 [grpc-default-executor-2] INFO  impl.RoleInfo (RoleInfo.java:shutdownFollowerState(121)) - 0aa3649f-570d-46c6-937f-492d7f3a8364: shutdown FollowerState
2019-10-16 21:02:03,506 [grpc-default-executor-2] INFO  impl.RoleInfo (RoleInfo.java:updateAndGet(143)) - 0aa3649f-570d-46c6-937f-492d7f3a8364: start FollowerState
2019-10-16 21:02:03,506 [grpc-default-executor-1] INFO  impl.RaftServerImpl (RaftServerImpl.java:setRole(184)) - 4a03179f-3169-4ac7-a075-259968512ef0@group-83C26644CFDA: changes role from  FOLLOWER to FOLLOWER at term 344 for recognizeCandidate:4b287a15-77af-487b-aef7-34d1d0ee189f
2019-10-16 21:02:03,506 [Thread-2347] INFO  impl.FollowerState (FollowerState.java:run(117)) - 0aa3649f-570d-46c6-937f-492d7f3a8364@group-83C26644CFDA-FollowerState was interrupted: java.lang.InterruptedException: sleep interrupted
2019-10-16 21:02:03,506 [grpc-default-executor-1] INFO  impl.RoleInfo (RoleInfo.java:shutdownFollowerState(121)) - 4a03179f-3169-4ac7-a075-259968512ef0: shutdown FollowerState
2019-10-16 21:02:03,506 [grpc-default-executor-1] INFO  impl.RoleInfo (RoleInfo.java:updateAndGet(143)) - 4a03179f-3169-4ac7-a075-259968512ef0: start FollowerState
2019-10-16 21:02:03,506 [Thread-2348] INFO  impl.FollowerState (FollowerState.java:run(117)) - 4a03179f-3169-4ac7-a075-259968512ef0@group-83C26644CFDA-FollowerState was interrupted: java.lang.InterruptedException: sleep interrupted
2019-10-16 21:02:03,510 [4b287a15-77af-487b-aef7-34d1d0ee189f@group-83C26644CFDA-LeaderElection328] INFO  impl.LeaderElection (LeaderElection.java:logAndReturn(56)) - 4b287a15-77af-487b-aef7-34d1d0ee189f@group-83C26644CFDA-LeaderElection328: Election REJECTED; received 2 response(s) [4b287a15-77af-487b-aef7-34d1d0ee189f<-0aa3649f-570d-46c6-937f-492d7f3a8364#0:FAIL-t344, 4b287a15-77af-487b-aef7-34d1d0ee189f<-4a03179f-3169-4ac7-a075-259968512ef0#0:FAIL-t344] and 0 exception(s); 4b287a15-77af-487b-aef7-34d1d0ee189f@group-83C26644CFDA:t344, leader=null, voted=4b287a15-77af-487b-aef7-34d1d0ee189f, raftlog=4b287a15-77af-487b-aef7-34d1d0ee189f@group-83C26644CFDA-SegmentedRaftLog:OPENED:c-1,f-1,i0, conf=-1: [4b287a15-77af-487b-aef7-34d1d0ee189f:192.168.34.38:38597, 0aa3649f-570d-46c6-937f-492d7f3a8364:192.168.34.38:33209, 4a03179f-3169-4ac7-a075-259968512ef0:192.168.34.38:45833], old=null
2019-10-16 21:02:03,511 [4b287a15-77af-487b-aef7-34d1d0ee189f@group-83C26644CFDA-LeaderElection328] INFO  impl.RaftServerImpl (RaftServerImpl.java:setRole(184)) - 4b287a15-77af-487b-aef7-34d1d0ee189f@group-83C26644CFDA: changes role from CANDIDATE to FOLLOWER at term 344 for DISCOVERED_A_NEW_TERM
2019-10-16 21:02:03,511 [4b287a15-77af-487b-aef7-34d1d0ee189f@group-83C26644CFDA-LeaderElection328] INFO  impl.RoleInfo (RoleInfo.java:shutdownLeaderElection(134)) - 4b287a15-77af-487b-aef7-34d1d0ee189f: shutdown LeaderElection
2019-10-16 21:02:03,511 [4b287a15-77af-487b-aef7-34d1d0ee189f@group-83C26644CFDA-LeaderElection328] INFO  impl.RoleInfo (RoleInfo.java:updateAndGet(143)) - 4b287a15-77af-487b-aef7-34d1d0ee189f: start FollowerState
2019-10-16 21:02:03,625 [Thread-2355] INFO  impl.FollowerState (FollowerState.java:run(108)) - 4b287a15-77af-487b-aef7-34d1d0ee189f@group-83C26644CFDA-FollowerState: change to CANDIDATE, lastRpcTime:114ms, electionTimeout:114ms
2019-10-16 21:02:03,625 [Thread-2355] INFO  impl.RoleInfo (RoleInfo.java:shutdownFollowerState(121)) - 4b287a15-77af-487b-aef7-34d1d0ee189f: shutdown FollowerState
2019-10-16 21:02:03,625 [Thread-2355] INFO  impl.RaftServerImpl (RaftServerImpl.java:setRole(184)) - 4b287a15-77af-487b-aef7-34d1d0ee189f@group-83C26644CFDA: changes role from  FOLLOWER to CANDIDATE at term 344 for changeToCandidate
2019-10-16 21:02:03,626 [Thread-2355] INFO  impl.RoleInfo (RoleInfo.java:updateAndGet(143)) - 4b287a15-77af-487b-aef7-34d1d0ee189f: start LeaderElection
2019-10-16 21:02:03,638 [4b287a15-77af-487b-aef7-34d1d0ee189f@group-83C26644CFDA-LeaderElection329] INFO  impl.LeaderElection (LeaderElection.java:askForVotes(178)) - 4b287a15-77af-487b-aef7-34d1d0ee189f@group-83C26644CFDA-LeaderElection329: begin an election at term 345 for -1: [4b287a15-77af-487b-aef7-34d1d0ee189f:192.168.34.38:38597, 0aa3649f-570d-46c6-937f-492d7f3a8364:192.168.34.38:33209, 4a03179f-3169-4ac7-a075-259968512ef0:192.168.34.38:45833], old=null
2019-10-16 21:02:03,641 [grpc-default-executor-2] INFO  impl.RaftServerImpl (RaftServerImpl.java:setRole(184)) - 4a03179f-3169-4ac7-a075-259968512ef0@group-83C26644CFDA: changes role from  FOLLOWER to FOLLOWER at term 345 for recognizeCandidate:4b287a15-77af-487b-aef7-34d1d0ee189f
2019-10-16 21:02:03,641 [grpc-default-executor-1] INFO  impl.RaftServerImpl (RaftServerImpl.java:setRole(184)) - 0aa3649f-570d-46c6-937f-492d7f3a8364@group-83C26644CFDA: changes role from  FOLLOWER to FOLLOWER at term 345 for recognizeCandidate:4b287a15-77af-487b-aef7-34d1d0ee189f
2019-10-16 21:02:03,641 [grpc-default-executor-1] INFO  impl.RoleInfo (RoleInfo.java:shutdownFollowerState(121)) - 0aa3649f-570d-46c6-937f-492d7f3a8364: shutdown FollowerState
2019-10-16 21:02:03,641 [grpc-default-executor-2] INFO  impl.RoleInfo (RoleInfo.java:shutdownFollowerState(121)) - 4a03179f-3169-4ac7-a075-259968512ef0: shutdown FollowerState
2019-10-16 21:02:03,641 [Thread-2353] INFO  impl.FollowerState (FollowerState.java:run(117)) - 0aa3649f-570d-46c6-937f-492d7f3a8364@group-83C26644CFDA-FollowerState was interrupted: java.lang.InterruptedException: sleep interrupted
2019-10-16 21:02:03,641 [grpc-default-executor-1] INFO  impl.RoleInfo (RoleInfo.java:updateAndGet(143)) - 0aa3649f-570d-46c6-937f-492d7f3a8364: start FollowerState
2019-10-16 21:02:03,641 [Thread-2354] INFO  impl.FollowerState (FollowerState.java:run(117)) - 4a03179f-3169-4ac7-a075-259968512ef0@group-83C26644CFDA-FollowerState was interrupted: java.lang.InterruptedException: sleep interrupted
2019-10-16 21:02:03,641 [grpc-default-executor-2] INFO  impl.RoleInfo (RoleInfo.java:updateAndGet(143)) - 4a03179f-3169-4ac7-a075-259968512ef0: start FollowerState
2019-10-16 21:02:03,656 [4b287a15-77af-487b-aef7-34d1d0ee189f@group-83C26644CFDA-LeaderElection329] INFO  impl.LeaderElection (LeaderElection.java:logAndReturn(56)) - 4b287a15-77af-487b-aef7-34d1d0ee189f@group-83C26644CFDA-LeaderElection329: Election REJECTED; received 2 response(s) [4b287a15-77af-487b-aef7-34d1d0ee189f<-0aa3649f-570d-46c6-937f-492d7f3a8364#0:FAIL-t345, 4b287a15-77af-487b-aef7-34d1d0ee189f<-4a03179f-3169-4ac7-a075-259968512ef0#0:FAIL-t345] and 0 exception(s); 4b287a15-77af-487b-aef7-34d1d0ee189f@group-83C26644CFDA:t345, leader=null, voted=4b287a15-77af-487b-aef7-34d1d0ee189f, raftlog=4b287a15-77af-487b-aef7-34d1d0ee189f@group-83C26644CFDA-SegmentedRaftLog:OPENED:c-1,f-1,i0, conf=-1: [4b287a15-77af-487b-aef7-34d1d0ee189f:192.168.34.38:38597, 0aa3649f-570d-46c6-937f-492d7f3a8364:192.168.34.38:33209, 4a03179f-3169-4ac7-a075-259968512ef0:192.168.34.38:45833], old=null
2019-10-16 21:02:03,656 [4b287a15-77af-487b-aef7-34d1d0ee189f@group-83C26644CFDA-LeaderElection329] INFO  impl.RaftServerImpl (RaftServerImpl.java:setRole(184)) - 4b287a15-77af-487b-aef7-34d1d0ee189f@group-83C26644CFDA: changes role from CANDIDATE to FOLLOWER at term 345 for DISCOVERED_A_NEW_TERM
2019-10-16 21:02:03,656 [4b287a15-77af-487b-aef7-34d1d0ee189f@group-83C26644CFDA-LeaderElection329] INFO  impl.RoleInfo (RoleInfo.java:shutdownLeaderElection(134)) - 4b287a15-77af-487b-aef7-34d1d0ee189f: shutdown LeaderElection
2019-10-16 21:02:03,656 [4b287a15-77af-487b-aef7-34d1d0ee189f@group-83C26644CFDA-LeaderElection329] INFO  impl.RoleInfo (RoleInfo.java:updateAndGet(143)) - 4b287a15-77af-487b-aef7-34d1d0ee189f: start FollowerState
2019-10-16 21:02:03,848 [Thread-2361] INFO  impl.FollowerState (FollowerState.java:run(108)) - 4b287a15-77af-487b-aef7-34d1d0ee189f@group-83C26644CFDA-FollowerState: change to CANDIDATE, lastRpcTime:192ms, electionTimeout:192ms
2019-10-16 21:02:03,849 [Thread-2361] INFO  impl.RoleInfo (RoleInfo.java:shutdownFollowerState(121)) - 4b287a15-77af-487b-aef7-34d1d0ee189f: shutdown FollowerState
2019-10-16 21:02:03,849 [Thread-2361] INFO  impl.RaftServerImpl (RaftServerImpl.java:setRole(184)) - 4b287a15-77af-487b-aef7-34d1d0ee189f@group-83C26644CFDA: changes role from  FOLLOWER to CANDIDATE at term 345 for changeToCandidate
2019-10-16 21:02:03,849 [Thread-2361] INFO  impl.RoleInfo (RoleInfo.java:updateAndGet(143)) - 4b287a15-77af-487b-aef7-34d1d0ee189f: start LeaderElection
2019-10-16 21:02:03,886 [4b287a15-77af-487b-aef7-34d1d0ee189f@group-83C26644CFDA-LeaderElection330] INFO  impl.LeaderElection (LeaderElection.java:askForVotes(178)) - 4b287a15-77af-487b-aef7-34d1d0ee189f@group-83C26644CFDA-LeaderElection330: begin an election at term 346 for -1: [4b287a15-77af-487b-aef7-34d1d0ee189f:192.168.34.38:38597, 0aa3649f-570d-46c6-937f-492d7f3a8364:192.168.34.38:33209, 4a03179f-3169-4ac7-a075-259968512ef0:192.168.34.38:45833], old=null
2019-10-16 21:02:03,889 [grpc-default-executor-1] INFO  impl.RaftServerImpl (RaftServerImpl.java:setRole(184)) - 4a03179f-3169-4ac7-a075-259968512ef0@group-83C26644CFDA: changes role from  FOLLOWER to FOLLOWER at term 346 for recognizeCandidate:4b287a15-77af-487b-aef7-34d1d0ee189f
2019-10-16 21:02:03,889 [grpc-default-executor-2] INFO  impl.RaftServerImpl (RaftServerImpl.java:setRole(184)) - 0aa3649f-570d-46c6-937f-492d7f3a8364@group-83C26644CFDA: changes role from  FOLLOWER to FOLLOWER at term 346 for recognizeCandidate:4b287a15-77af-487b-aef7-34d1d0ee189f
2019-10-16 21:02:03,889 [grpc-default-executor-1] INFO  impl.RoleInfo (RoleInfo.java:shutdownFollowerState(121)) - 4a03179f-3169-4ac7-a075-259968512ef0: shutdown FollowerState
2019-10-16 21:02:03,889 [grpc-default-executor-2] INFO  impl.RoleInfo (RoleInfo.java:shutdownFollowerState(121)) - 0aa3649f-570d-46c6-937f-492d7f3a8364: shutdown FollowerState
2019-10-16 21:02:03,889 [Thread-2360] INFO  impl.FollowerState (FollowerState.java:run(117)) - 4a03179f-3169-4ac7-a075-259968512ef0@group-83C26644CFDA-FollowerState was interrupted: java.lang.InterruptedException: sleep interrupted
2019-10-16 21:02:03,889 [grpc-default-executor-1] INFO  impl.RoleInfo (RoleInfo.java:updateAndGet(143)) - 4a03179f-3169-4ac7-a075-259968512ef0: start FollowerState
2019-10-16 21:02:03,889 [Thread-2359] INFO  impl.FollowerState (FollowerState.java:run(117)) - 0aa3649f-570d-46c6-937f-492d7f3a8364@group-83C26644CFDA-FollowerState was interrupted: java.lang.InterruptedException: sleep interrupted
2019-10-16 21:02:03,889 [grpc-default-executor-2] INFO  impl.RoleInfo (RoleInfo.java:updateAndGet(143)) - 0aa3649f-570d-46c6-937f-492d7f3a8364: start FollowerState
2019-10-16 21:02:03,905 [4b287a15-77af-487b-aef7-34d1d0ee189f@group-83C26644CFDA-LeaderElection330] INFO  impl.LeaderElection (LeaderElection.java:logAndReturn(56)) - 4b287a15-77af-487b-aef7-34d1d0ee189f@group-83C26644CFDA-LeaderElection330: Election REJECTED; received 2 response(s) [4b287a15-77af-487b-aef7-34d1d0ee189f<-0aa3649f-570d-46c6-937f-492d7f3a8364#0:FAIL-t346, 4b287a15-77af-487b-aef7-34d1d0ee189f<-4a03179f-3169-4ac7-a075-259968512ef0#0:FAIL-t346] and 0 exception(s); 4b287a15-77af-487b-aef7-34d1d0ee189f@group-83C26644CFDA:t346, leader=null, voted=4b287a15-77af-487b-aef7-34d1d0ee189f, raftlog=4b287a15-77af-487b-aef7-34d1d0ee189f@group-83C26644CFDA-SegmentedRaftLog:OPENED:c-1,f-1,i0, conf=-1: [4b287a15-77af-487b-aef7-34d1d0ee189f:192.168.34.38:38597, 0aa3649f-570d-46c6-937f-492d7f3a8364:192.168.34.38:33209, 4a03179f-3169-4ac7-a075-259968512ef0:192.168.34.38:45833], old=null
2019-10-16 21:02:03,905 [4b287a15-77af-487b-aef7-34d1d0ee189f@group-83C26644CFDA-LeaderElection330] INFO  impl.RaftServerImpl (RaftServerImpl.java:setRole(184)) - 4b287a15-77af-487b-aef7-34d1d0ee189f@group-83C26644CFDA: changes role from CANDIDATE to FOLLOWER at term 346 for DISCOVERED_A_NEW_TERM
2019-10-16 21:02:03,905 [4b287a15-77af-487b-aef7-34d1d0ee189f@group-83C26644CFDA-LeaderElection330] INFO  impl.RoleInfo (RoleInfo.java:shutdownLeaderElection(134)) - 4b287a15-77af-487b-aef7-34d1d0ee189f: shutdown LeaderElection
2019-10-16 21:02:03,905 [4b287a15-77af-487b-aef7-34d1d0ee189f@group-83C26644CFDA-LeaderElection330] INFO  impl.RoleInfo (RoleInfo.java:updateAndGet(143)) - 4b287a15-77af-487b-aef7-34d1d0ee189f: start FollowerState
2019-10-16 21:02:03,947 [Thread-2367] INFO  impl.FollowerState (FollowerState.java:run(108)) - 4b287a15-77af-487b-aef7-34d1d0ee189f@group-83C26644CFDA-FollowerState: change to CANDIDATE, lastRpcTime:41ms, electionTimeout:41ms
2019-10-16 21:02:03,947 [Thread-2367] INFO  impl.RoleInfo (RoleInfo.java:shutdownFollowerState(121)) - 4b287a15-77af-487b-aef7-34d1d0ee189f: shutdown FollowerState
2019-10-16 21:02:03,947 [Thread-2367] INFO  impl.RaftServerImpl (RaftServerImpl.java:setRole(184)) - 4b287a15-77af-487b-aef7-34d1d0ee189f@group-83C26644CFDA: changes role from  FOLLOWER to CANDIDATE at term 346 for changeToCandidate
2019-10-16 21:02:03,947 [Thread-2367] INFO  impl.RoleInfo (RoleInfo.java:updateAndGet(143)) - 4b287a15-77af-487b-aef7-34d1d0ee189f: start LeaderElection
2019-10-16 21:02:03,960 [4b287a15-77af-487b-aef7-34d1d0ee189f@group-83C26644CFDA-LeaderElection331] INFO  impl.LeaderElection (LeaderElection.java:askForVotes(178)) - 4b287a15-77af-487b-aef7-34d1d0ee189f@group-83C26644CFDA-LeaderElection331: begin an election at term 347 for -1: [4b287a15-77af-487b-aef7-34d1d0ee189f:192.168.34.38:38597, 0aa3649f-570d-46c6-937f-492d7f3a8364:192.168.34.38:33209, 4a03179f-3169-4ac7-a075-259968512ef0:192.168.34.38:45833], old=null
2019-10-16 21:02:03,962 [grpc-default-executor-1] INFO  impl.RaftServerImpl (RaftServerImpl.java:setRole(184)) - 0aa3649f-570d-46c6-937f-492d7f3a8364@group-83C26644CFDA: changes role from  FOLLOWER to FOLLOWER at term 347 for recognizeCandidate:4b287a15-77af-487b-aef7-34d1d0ee189f
2019-10-16 21:02:03,962 [grpc-default-executor-1] INFO  impl.RoleInfo (RoleInfo.java:shutdownFollowerState(121)) - 0aa3649f-570d-46c6-937f-492d7f3a8364: shutdown FollowerState
2019-10-16 21:02:03,962 [grpc-default-executor-2] INFO  impl.RaftServerImpl (RaftServerImpl.java:setRole(184)) - 4a03179f-3169-4ac7-a075-259968512ef0@group-83C26644CFDA: changes role from  FOLLOWER to FOLLOWER at term 347 for recognizeCandidate:4b287a15-77af-487b-aef7-34d1d0ee189f
2019-10-16 21:02:03,963 [Thread-2366] INFO  impl.FollowerState (FollowerState.java:run(117)) - 0aa3649f-570d-46c6-937f-492d7f3a8364@group-83C26644CFDA-FollowerState was interrupted: java.lang.InterruptedException: sleep interrupted
2019-10-16 21:02:03,963 [grpc-default-executor-1] INFO  impl.RoleInfo (RoleInfo.java:updateAndGet(143)) - 0aa3649f-570d-46c6-937f-492d7f3a8364: start FollowerState
2019-10-16 21:02:03,963 [grpc-default-executor-2] INFO  impl.RoleInfo (RoleInfo.java:shutdownFollowerState(121)) - 4a03179f-3169-4ac7-a075-259968512ef0: shutdown FollowerState
2019-10-16 21:02:03,963 [grpc-default-executor-2] INFO  impl.RoleInfo (RoleInfo.java:updateAndGet(143)) - 4a03179f-3169-4ac7-a075-259968512ef0: start FollowerState
2019-10-16 21:02:03,963 [Thread-2365] INFO  impl.FollowerState (FollowerState.java:run(117)) - 4a03179f-3169-4ac7-a075-259968512ef0@group-83C26644CFDA-FollowerState was interrupted: java.lang.InterruptedException: sleep interrupted
2019-10-16 21:02:03,977 [4b287a15-77af-487b-aef7-34d1d0ee189f@group-83C26644CFDA-LeaderElection331] INFO  impl.LeaderElection (LeaderElection.java:logAndReturn(56)) - 4b287a15-77af-487b-aef7-34d1d0ee189f@group-83C26644CFDA-LeaderElection331: Election REJECTED; received 2 response(s) [4b287a15-77af-487b-aef7-34d1d0ee189f<-0aa3649f-570d-46c6-937f-492d7f3a8364#0:FAIL-t347, 4b287a15-77af-487b-aef7-34d1d0ee189f<-4a03179f-3169-4ac7-a075-259968512ef0#0:FAIL-t347] and 0 exception(s); 4b287a15-77af-487b-aef7-34d1d0ee189f@group-83C26644CFDA:t347, leader=null, voted=4b287a15-77af-487b-aef7-34d1d0ee189f, raftlog=4b287a15-77af-487b-aef7-34d1d0ee189f@group-83C26644CFDA-SegmentedRaftLog:OPENED:c-1,f-1,i0, conf=-1: [4b287a15-77af-487b-aef7-34d1d0ee189f:192.168.34.38:38597, 0aa3649f-570d-46c6-937f-492d7f3a8364:192.168.34.38:33209, 4a03179f-3169-4ac7-a075-259968512ef0:192.168.34.38:45833], old=null
2019-10-16 21:02:03,977 [4b287a15-77af-487b-aef7-34d1d0ee189f@group-83C26644CFDA-LeaderElection331] INFO  impl.RaftServerImpl (RaftServerImpl.java:setRole(184)) - 4b287a15-77af-487b-aef7-34d1d0ee189f@group-83C26644CFDA: changes role from CANDIDATE to FOLLOWER at term 347 for DISCOVERED_A_NEW_TERM
2019-10-16 21:02:03,977 [4b287a15-77af-487b-aef7-34d1d0ee189f@group-83C26644CFDA-LeaderElection331] INFO  impl.RoleInfo (RoleInfo.java:shutdownLeaderElection(134)) - 4b287a15-77af-487b-aef7-34d1d0ee189f: shutdown LeaderElection
2019-10-16 21:02:03,977 [4b287a15-77af-487b-aef7-34d1d0ee189f@group-83C26644CFDA-LeaderElection331] INFO  impl.RoleInfo (RoleInfo.java:updateAndGet(143)) - 4b287a15-77af-487b-aef7-34d1d0ee189f: start FollowerState
2019-10-16 21:02:04,123 [Thread-2373] INFO  impl.FollowerState (FollowerState.java:run(108)) - 4b287a15-77af-487b-aef7-34d1d0ee189f@group-83C26644CFDA-FollowerState: change to CANDIDATE, lastRpcTime:145ms, electionTimeout:145ms
2019-10-16 21:02:04,123 [Thread-2373] INFO  impl.RoleInfo (RoleInfo.java:shutdownFollowerState(121)) - 4b287a15-77af-487b-aef7-34d1d0ee189f: shutdown FollowerState
2019-10-16 21:02:04,123 [Thread-2373] INFO  impl.RaftServerImpl (RaftServerImpl.java:setRole(184)) - 4b287a15-77af-487b-aef7-34d1d0ee189f@group-83C26644CFDA: changes role from  FOLLOWER to CANDIDATE at term 347 for changeToCandidate
2019-10-16 21:02:04,123 [Thread-2373] INFO  impl.RoleInfo (RoleInfo.java:updateAndGet(143)) - 4b287a15-77af-487b-aef7-34d1d0ee189f: start LeaderElection
2019-10-16 21:02:04,137 [4b287a15-77af-487b-aef7-34d1d0ee189f@group-83C26644CFDA-LeaderElection332] INFO  impl.LeaderElection (LeaderElection.java:askForVotes(178)) - 4b287a15-77af-487b-aef7-34d1d0ee189f@group-83C26644CFDA-LeaderElection332: begin an election at term 348 for -1: [4b287a15-77af-487b-aef7-34d1d0ee189f:192.168.34.38:38597, 0aa3649f-570d-46c6-937f-492d7f3a8364:192.168.34.38:33209, 4a03179f-3169-4ac7-a075-259968512ef0:192.168.34.38:45833], old=null
2019-10-16 21:02:04,139 [grpc-default-executor-1] INFO  impl.RaftServerImpl (RaftServerImpl.java:setRole(184)) - 0aa3649f-570d-46c6-937f-492d7f3a8364@group-83C26644CFDA: changes role from  FOLLOWER to FOLLOWER at term 348 for recognizeCandidate:4b287a15-77af-487b-aef7-34d1d0ee189f
2019-10-16 21:02:04,139 [grpc-default-executor-2] INFO  impl.RaftServerImpl (RaftServerImpl.java:setRole(184)) - 4a03179f-3169-4ac7-a075-259968512ef0@group-83C26644CFDA: changes role from  FOLLOWER to FOLLOWER at term 348 for recognizeCandidate:4b287a15-77af-487b-aef7-34d1d0ee189f
2019-10-16 21:02:04,139 [grpc-default-executor-1] INFO  impl.RoleInfo (RoleInfo.java:shutdownFollowerState(121)) - 0aa3649f-570d-46c6-937f-492d7f3a8364: shutdown FollowerState
2019-10-16 21:02:04,139 [grpc-default-executor-2] INFO  impl.RoleInfo (RoleInfo.java:shutdownFollowerState(121)) - 4a03179f-3169-4ac7-a075-259968512ef0: shutdown FollowerState
2019-10-16 21:02:04,140 [Thread-2371] INFO  impl.FollowerState (FollowerState.java:run(117)) - 0aa3649f-570d-46c6-937f-492d7f3a8364@group-83C26644CFDA-FollowerState was interrupted: java.lang.InterruptedException: sleep interrupted
2019-10-16 21:02:04,140 [Thread-2372] INFO  impl.FollowerState (FollowerState.java:run(117)) - 4a03179f-3169-4ac7-a075-259968512ef0@group-83C26644CFDA-FollowerState was interrupted: java.lang.InterruptedException: sleep interrupted
2019-10-16 21:02:04,140 [grpc-default-executor-1] INFO  impl.RoleInfo (RoleInfo.java:updateAndGet(143)) - 0aa3649f-570d-46c6-937f-492d7f3a8364: start FollowerState
2019-10-16 21:02:04,140 [grpc-default-executor-2] INFO  impl.RoleInfo (RoleInfo.java:updateAndGet(143)) - 4a03179f-3169-4ac7-a075-259968512ef0: start FollowerState
2019-10-16 21:02:04,154 [4b287a15-77af-487b-aef7-34d1d0ee189f@group-83C26644CFDA-LeaderElection332] INFO  impl.LeaderElection (LeaderElection.java:logAndReturn(56)) - 4b287a15-77af-487b-aef7-34d1d0ee189f@group-83C26644CFDA-LeaderElection332: Election REJECTED; received 2 response(s) [4b287a15-77af-487b-aef7-34d1d0ee189f<-0aa3649f-570d-46c6-937f-492d7f3a8364#0:FAIL-t348, 4b287a15-77af-487b-aef7-34d1d0ee189f<-4a03179f-3169-4ac7-a075-259968512ef0#0:FAIL-t348] and 0 exception(s); 4b287a15-77af-487b-aef7-34d1d0ee189f@group-83C26644CFDA:t348, leader=null, voted=4b287a15-77af-487b-aef7-34d1d0ee189f, raftlog=4b287a15-77af-487b-aef7-34d1d0ee189f@group-83C26644CFDA-SegmentedRaftLog:OPENED:c-1,f-1,i0, conf=-1: [4b287a15-77af-487b-aef7-34d1d0ee189f:192.168.34.38:38597, 0aa3649f-570d-46c6-937f-492d7f3a8364:192.168.34.38:33209, 4a03179f-3169-4ac7-a075-259968512ef0:192.168.34.38:45833], old=null
2019-10-16 21:02:04,154 [4b287a15-77af-487b-aef7-34d1d0ee189f@group-83C26644CFDA-LeaderElection332] INFO  impl.RaftServerImpl (RaftServerImpl.java:setRole(184)) - 4b287a15-77af-487b-aef7-34d1d0ee189f@group-83C26644CFDA: changes role from CANDIDATE to FOLLOWER at term 348 for DISCOVERED_A_NEW_TERM
2019-10-16 21:02:04,154 [4b287a15-77af-487b-aef7-34d1d0ee189f@group-83C26644CFDA-LeaderElection332] INFO  impl.RoleInfo (RoleInfo.java:shutdownLeaderElection(134)) - 4b287a15-77af-487b-aef7-34d1d0ee189f: shutdown LeaderElection
2019-10-16 21:02:04,154 [4b287a15-77af-487b-aef7-34d1d0ee189f@group-83C26644CFDA-LeaderElection332] INFO  impl.RoleInfo (RoleInfo.java:updateAndGet(143)) - 4b287a15-77af-487b-aef7-34d1d0ee189f: start FollowerState
2019-10-16 21:02:04,246 [Thread-2379] INFO  impl.FollowerState (FollowerState.java:run(108)) - 4b287a15-77af-487b-aef7-34d1d0ee189f@group-83C26644CFDA-FollowerState: change to CANDIDATE, lastRpcTime:91ms, electionTimeout:91ms
2019-10-16 21:02:04,246 [Thread-2379] INFO  impl.RoleInfo (RoleInfo.java:shutdownFollowerState(121)) - 4b287a15-77af-487b-aef7-34d1d0ee189f: shutdown FollowerState
2019-10-16 21:02:04,246 [Thread-2379] INFO  impl.RaftServerImpl (RaftServerImpl.java:setRole(184)) - 4b287a15-77af-487b-aef7-34d1d0ee189f@group-83C26644CFDA: changes role from  FOLLOWER to CANDIDATE at term 348 for changeToCandidate
2019-10-16 21:02:04,246 [Thread-2379] INFO  impl.RoleInfo (RoleInfo.java:updateAndGet(143)) - 4b287a15-77af-487b-aef7-34d1d0ee189f: start LeaderElection
2019-10-16 21:02:04,259 [4b287a15-77af-487b-aef7-34d1d0ee189f@group-83C26644CFDA-LeaderElection333] INFO  impl.LeaderElection (LeaderElection.java:askForVotes(178)) - 4b287a15-77af-487b-aef7-34d1d0ee189f@group-83C26644CFDA-LeaderElection333: begin an election at term 349 for -1: [4b287a15-77af-487b-aef7-34d1d0ee189f:192.168.34.38:38597, 0aa3649f-570d-46c6-937f-492d7f3a8364:192.168.34.38:33209, 4a03179f-3169-4ac7-a075-259968512ef0:192.168.34.38:45833], old=null
2019-10-16 21:02:04,261 [grpc-default-executor-1] INFO  impl.RaftServerImpl (RaftServerImpl.java:setRole(184)) - 0aa3649f-570d-46c6-937f-492d7f3a8364@group-83C26644CFDA: changes role from  FOLLOWER to FOLLOWER at term 349 for recognizeCandidate:4b287a15-77af-487b-aef7-34d1d0ee189f
2019-10-16 21:02:04,261 [grpc-default-executor-1] INFO  impl.RoleInfo (RoleInfo.java:shutdownFollowerState(121)) - 0aa3649f-570d-46c6-937f-492d7f3a8364: shutdown FollowerState
2019-10-16 21:02:04,261 [grpc-default-executor-2] INFO  impl.RaftServerImpl (RaftServerImpl.java:setRole(184)) - 4a03179f-3169-4ac7-a075-259968512ef0@group-83C26644CFDA: changes role from  FOLLOWER to FOLLOWER at term 349 for recognizeCandidate:4b287a15-77af-487b-aef7-34d1d0ee189f
2019-10-16 21:02:04,262 [grpc-default-executor-2] INFO  impl.RoleInfo (RoleInfo.java:shutdownFollowerState(121)) - 4a03179f-3169-4ac7-a075-259968512ef0: shutdown FollowerState
2019-10-16 21:02:04,262 [Thread-2377] INFO  impl.FollowerState (FollowerState.java:run(117)) - 0aa3649f-570d-46c6-937f-492d7f3a8364@group-83C26644CFDA-FollowerState was interrupted: java.lang.InterruptedException: sleep interrupted
2019-10-16 21:02:04,262 [grpc-default-executor-1] INFO  impl.RoleInfo (RoleInfo.java:updateAndGet(143)) - 0aa3649f-570d-46c6-937f-492d7f3a8364: start FollowerState
2019-10-16 21:02:04,262 [Thread-2378] INFO  impl.FollowerState (FollowerState.java:run(117)) - 4a03179f-3169-4ac7-a075-259968512ef0@group-83C26644CFDA-FollowerState was interrupted: java.lang.InterruptedException: sleep interrupted
2019-10-16 21:02:04,262 [grpc-default-executor-2] INFO  impl.RoleInfo (RoleInfo.java:updateAndGet(143)) - 4a03179f-3169-4ac7-a075-259968512ef0: start FollowerState
2019-10-16 21:02:04,276 [4b287a15-77af-487b-aef7-34d1d0ee189f@group-83C26644CFDA-LeaderElection333] INFO  impl.LeaderElection (LeaderElection.java:logAndReturn(56)) - 4b287a15-77af-487b-aef7-34d1d0ee189f@group-83C26644CFDA-LeaderElection333: Election REJECTED; received 2 response(s) [4b287a15-77af-487b-aef7-34d1d0ee189f<-0aa3649f-570d-46c6-937f-492d7f3a8364#0:FAIL-t349, 4b287a15-77af-487b-aef7-34d1d0ee189f<-4a03179f-3169-4ac7-a075-259968512ef0#0:FAIL-t349] and 0 exception(s); 4b287a15-77af-487b-aef7-34d1d0ee189f@group-83C26644CFDA:t349, leader=null, voted=4b287a15-77af-487b-aef7-34d1d0ee189f, raftlog=4b287a15-77af-487b-aef7-34d1d0ee189f@group-83C26644CFDA-SegmentedRaftLog:OPENED:c-1,f-1,i0, conf=-1: [4b287a15-77af-487b-aef7-34d1d0ee189f:192.168.34.38:38597, 0aa3649f-570d-46c6-937f-492d7f3a8364:192.168.34.38:33209, 4a03179f-3169-4ac7-a075-259968512ef0:192.168.34.38:45833], old=null
2019-10-16 21:02:04,276 [4b287a15-77af-487b-aef7-34d1d0ee189f@group-83C26644CFDA-LeaderElection333] INFO  impl.RaftServerImpl (RaftServerImpl.java:setRole(184)) - 4b287a15-77af-487b-aef7-34d1d0ee189f@group-83C26644CFDA: changes role from CANDIDATE to FOLLOWER at term 349 for DISCOVERED_A_NEW_TERM
2019-10-16 21:02:04,276 [4b287a15-77af-487b-aef7-34d1d0ee189f@group-83C26644CFDA-LeaderElection333] INFO  impl.RoleInfo (RoleInfo.java:shutdownLeaderElection(134)) - 4b287a15-77af-487b-aef7-34d1d0ee189f: shutdown LeaderElection
2019-10-16 21:02:04,277 [4b287a15-77af-487b-aef7-34d1d0ee189f@group-83C26644CFDA-LeaderElection333] INFO  impl.RoleInfo (RoleInfo.java:updateAndGet(143)) - 4b287a15-77af-487b-aef7-34d1d0ee189f: start FollowerState
2019-10-16 21:02:04,362 [main] INFO  ozone.MiniOzoneClusterImpl (MiniOzoneClusterImpl.java:lambda$waitForClusterToBeReady$2(164)) - Waiting for 1 number of pipelines out of 4, to report a leader.
2019-10-16 21:02:04,364 [Thread-2385] INFO  impl.FollowerState (FollowerState.java:run(108)) - 4b287a15-77af-487b-aef7-34d1d0ee189f@group-83C26644CFDA-FollowerState: change to CANDIDATE, lastRpcTime:87ms, electionTimeout:87ms
2019-10-16 21:02:04,364 [Thread-2385] INFO  impl.RoleInfo (RoleInfo.java:shutdownFollowerState(121)) - 4b287a15-77af-487b-aef7-34d1d0ee189f: shutdown FollowerState
2019-10-16 21:02:04,364 [Thread-2385] INFO  impl.RaftServerImpl (RaftServerImpl.java:setRole(184)) - 4b287a15-77af-487b-aef7-34d1d0ee189f@group-83C26644CFDA: changes role from  FOLLOWER to CANDIDATE at term 349 for changeToCandidate
2019-10-16 21:02:04,364 [Thread-2385] INFO  impl.RoleInfo (RoleInfo.java:updateAndGet(143)) - 4b287a15-77af-487b-aef7-34d1d0ee189f: start LeaderElection
2019-10-16 21:02:04,378 [4b287a15-77af-487b-aef7-34d1d0ee189f@group-83C26644CFDA-LeaderElection334] INFO  impl.LeaderElection (LeaderElection.java:askForVotes(178)) - 4b287a15-77af-487b-aef7-34d1d0ee189f@group-83C26644CFDA-LeaderElection334: begin an election at term 350 for -1: [4b287a15-77af-487b-aef7-34d1d0ee189f:192.168.34.38:38597, 0aa3649f-570d-46c6-937f-492d7f3a8364:192.168.34.38:33209, 4a03179f-3169-4ac7-a075-259968512ef0:192.168.34.38:45833], old=null
2019-10-16 21:02:04,380 [grpc-default-executor-1] INFO  impl.RaftServerImpl (RaftServerImpl.java:setRole(184)) - 4a03179f-3169-4ac7-a075-259968512ef0@group-83C26644CFDA: changes role from  FOLLOWER to FOLLOWER at term 350 for recognizeCandidate:4b287a15-77af-487b-aef7-34d1d0ee189f
2019-10-16 21:02:04,381 [grpc-default-executor-1] INFO  impl.RoleInfo (RoleInfo.java:shutdownFollowerState(121)) - 4a03179f-3169-4ac7-a075-259968512ef0: shutdown FollowerState
2019-10-16 21:02:04,381 [grpc-default-executor-2] INFO  impl.RaftServerImpl (RaftServerImpl.java:setRole(184)) - 0aa3649f-570d-46c6-937f-492d7f3a8364@group-83C26644CFDA: changes role from  FOLLOWER to FOLLOWER at term 350 for recognizeCandidate:4b287a15-77af-487b-aef7-34d1d0ee189f
2019-10-16 21:02:04,381 [Thread-2384] INFO  impl.FollowerState (FollowerState.java:run(117)) - 4a03179f-3169-4ac7-a075-259968512ef0@group-83C26644CFDA-FollowerState was interrupted: java.lang.InterruptedException: sleep interrupted
2019-10-16 21:02:04,381 [grpc-default-executor-1] INFO  impl.RoleInfo (RoleInfo.java:updateAndGet(143)) - 4a03179f-3169-4ac7-a075-259968512ef0: start FollowerState
2019-10-16 21:02:04,381 [grpc-default-executor-2] INFO  impl.RoleInfo (RoleInfo.java:shutdownFollowerState(121)) - 0aa3649f-570d-46c6-937f-492d7f3a8364: shutdown FollowerState
2019-10-16 21:02:04,381 [grpc-default-executor-2] INFO  impl.RoleInfo (RoleInfo.java:updateAndGet(143)) - 0aa3649f-570d-46c6-937f-492d7f3a8364: start FollowerState
2019-10-16 21:02:04,381 [Thread-2383] INFO  impl.FollowerState (FollowerState.java:run(117)) - 0aa3649f-570d-46c6-937f-492d7f3a8364@group-83C26644CFDA-FollowerState was interrupted: java.lang.InterruptedException: sleep interrupted
2019-10-16 21:02:04,395 [4b287a15-77af-487b-aef7-34d1d0ee189f@group-83C26644CFDA-LeaderElection334] INFO  impl.LeaderElection (LeaderElection.java:logAndReturn(56)) - 4b287a15-77af-487b-aef7-34d1d0ee189f@group-83C26644CFDA-LeaderElection334: Election REJECTED; received 2 response(s) [4b287a15-77af-487b-aef7-34d1d0ee189f<-0aa3649f-570d-46c6-937f-492d7f3a8364#0:FAIL-t350, 4b287a15-77af-487b-aef7-34d1d0ee189f<-4a03179f-3169-4ac7-a075-259968512ef0#0:FAIL-t350] and 0 exception(s); 4b287a15-77af-487b-aef7-34d1d0ee189f@group-83C26644CFDA:t350, leader=null, voted=4b287a15-77af-487b-aef7-34d1d0ee189f, raftlog=4b287a15-77af-487b-aef7-34d1d0ee189f@group-83C26644CFDA-SegmentedRaftLog:OPENED:c-1,f-1,i0, conf=-1: [4b287a15-77af-487b-aef7-34d1d0ee189f:192.168.34.38:38597, 0aa3649f-570d-46c6-937f-492d7f3a8364:192.168.34.38:33209, 4a03179f-3169-4ac7-a075-259968512ef0:192.168.34.38:45833], old=null
2019-10-16 21:02:04,396 [4b287a15-77af-487b-aef7-34d1d0ee189f@group-83C26644CFDA-LeaderElection334] INFO  impl.RaftServerImpl (RaftServerImpl.java:setRole(184)) - 4b287a15-77af-487b-aef7-34d1d0ee189f@group-83C26644CFDA: changes role from CANDIDATE to FOLLOWER at term 350 for DISCOVERED_A_NEW_TERM
2019-10-16 21:02:04,396 [4b287a15-77af-487b-aef7-34d1d0ee189f@group-83C26644CFDA-LeaderElection334] INFO  impl.RoleInfo (RoleInfo.java:shutdownLeaderElection(134)) - 4b287a15-77af-487b-aef7-34d1d0ee189f: shutdown LeaderElection
2019-10-16 21:02:04,396 [4b287a15-77af-487b-aef7-34d1d0ee189f@group-83C26644CFDA-LeaderElection334] INFO  impl.RoleInfo (RoleInfo.java:updateAndGet(143)) - 4b287a15-77af-487b-aef7-34d1d0ee189f: start FollowerState
2019-10-16 21:02:04,470 [Thread-2391] INFO  impl.FollowerState (FollowerState.java:run(108)) - 4b287a15-77af-487b-aef7-34d1d0ee189f@group-83C26644CFDA-FollowerState: change to CANDIDATE, lastRpcTime:74ms, electionTimeout:74ms
2019-10-16 21:02:04,470 [Thread-2391] INFO  impl.RoleInfo (RoleInfo.java:shutdownFollowerState(121)) - 4b287a15-77af-487b-aef7-34d1d0ee189f: shutdown FollowerState
2019-10-16 21:02:04,471 [Thread-2391] INFO  impl.RaftServerImpl (RaftServerImpl.java:setRole(184)) - 4b287a15-77af-487b-aef7-34d1d0ee189f@group-83C26644CFDA: changes role from  FOLLOWER to CANDIDATE at term 350 for changeToCandidate
2019-10-16 21:02:04,471 [Thread-2391] INFO  impl.RoleInfo (RoleInfo.java:updateAndGet(143)) - 4b287a15-77af-487b-aef7-34d1d0ee189f: start LeaderElection
2019-10-16 21:02:04,485 [4b287a15-77af-487b-aef7-34d1d0ee189f@group-83C26644CFDA-LeaderElection335] INFO  impl.LeaderElection (LeaderElection.java:askForVotes(178)) - 4b287a15-77af-487b-aef7-34d1d0ee189f@group-83C26644CFDA-LeaderElection335: begin an election at term 351 for -1: [4b287a15-77af-487b-aef7-34d1d0ee189f:192.168.34.38:38597, 0aa3649f-570d-46c6-937f-492d7f3a8364:192.168.34.38:33209, 4a03179f-3169-4ac7-a075-259968512ef0:192.168.34.38:45833], old=null
2019-10-16 21:02:04,487 [grpc-default-executor-2] INFO  impl.RaftServerImpl (RaftServerImpl.java:setRole(184)) - 0aa3649f-570d-46c6-937f-492d7f3a8364@group-83C26644CFDA: changes role from  FOLLOWER to FOLLOWER at term 351 for recognizeCandidate:4b287a15-77af-487b-aef7-34d1d0ee189f
2019-10-16 21:02:04,487 [grpc-default-executor-2] INFO  impl.RoleInfo (RoleInfo.java:shutdownFollowerState(121)) - 0aa3649f-570d-46c6-937f-492d7f3a8364: shutdown FollowerState
2019-10-16 21:02:04,487 [grpc-default-executor-1] INFO  impl.RaftServerImpl (RaftServerImpl.java:setRole(184)) - 4a03179f-3169-4ac7-a075-259968512ef0@group-83C26644CFDA: changes role from  FOLLOWER to FOLLOWER at term 351 for recognizeCandidate:4b287a15-77af-487b-aef7-34d1d0ee189f
2019-10-16 21:02:04,487 [grpc-default-executor-1] INFO  impl.RoleInfo (RoleInfo.java:shutdownFollowerState(121)) - 4a03179f-3169-4ac7-a075-259968512ef0: shutdown FollowerState
2019-10-16 21:02:04,487 [grpc-default-executor-2] INFO  impl.RoleInfo (RoleInfo.java:updateAndGet(143)) - 0aa3649f-570d-46c6-937f-492d7f3a8364: start FollowerState
2019-10-16 21:02:04,487 [Thread-2390] INFO  impl.FollowerState (FollowerState.java:run(117)) - 0aa3649f-570d-46c6-937f-492d7f3a8364@group-83C26644CFDA-FollowerState was interrupted: java.lang.InterruptedException: sleep interrupted
2019-10-16 21:02:04,488 [Thread-2389] INFO  impl.FollowerState (FollowerState.java:run(117)) - 4a03179f-3169-4ac7-a075-259968512ef0@group-83C26644CFDA-FollowerState was interrupted: java.lang.InterruptedException: sleep interrupted
2019-10-16 21:02:04,487 [grpc-default-executor-1] INFO  impl.RoleInfo (RoleInfo.java:updateAndGet(143)) - 4a03179f-3169-4ac7-a075-259968512ef0: start FollowerState
2019-10-16 21:02:04,502 [4b287a15-77af-487b-aef7-34d1d0ee189f@group-83C26644CFDA-LeaderElection335] INFO  impl.LeaderElection (LeaderElection.java:logAndReturn(56)) - 4b287a15-77af-487b-aef7-34d1d0ee189f@group-83C26644CFDA-LeaderElection335: Election REJECTED; received 2 response(s) [4b287a15-77af-487b-aef7-34d1d0ee189f<-0aa3649f-570d-46c6-937f-492d7f3a8364#0:FAIL-t351, 4b287a15-77af-487b-aef7-34d1d0ee189f<-4a03179f-3169-4ac7-a075-259968512ef0#0:FAIL-t351] and 0 exception(s); 4b287a15-77af-487b-aef7-34d1d0ee189f@group-83C26644CFDA:t351, leader=null, voted=4b287a15-77af-487b-aef7-34d1d0ee189f, raftlog=4b287a15-77af-487b-aef7-34d1d0ee189f@group-83C26644CFDA-SegmentedRaftLog:OPENED:c-1,f-1,i0, conf=-1: [4b287a15-77af-487b-aef7-34d1d0ee189f:192.168.34.38:38597, 0aa3649f-570d-46c6-937f-492d7f3a8364:192.168.34.38:33209, 4a03179f-3169-4ac7-a075-259968512ef0:192.168.34.38:45833], old=null
2019-10-16 21:02:04,503 [4b287a15-77af-487b-aef7-34d1d0ee189f@group-83C26644CFDA-LeaderElection335] INFO  impl.RaftServerImpl (RaftServerImpl.java:setRole(184)) - 4b287a15-77af-487b-aef7-34d1d0ee189f@group-83C26644CFDA: changes role from CANDIDATE to FOLLOWER at term 351 for DISCOVERED_A_NEW_TERM
2019-10-16 21:02:04,503 [4b287a15-77af-487b-aef7-34d1d0ee189f@group-83C26644CFDA-LeaderElection335] INFO  impl.RoleInfo (RoleInfo.java:shutdownLeaderElection(134)) - 4b287a15-77af-487b-aef7-34d1d0ee189f: shutdown LeaderElection
2019-10-16 21:02:04,503 [4b287a15-77af-487b-aef7-34d1d0ee189f@group-83C26644CFDA-LeaderElection335] INFO  impl.RoleInfo (RoleInfo.java:updateAndGet(143)) - 4b287a15-77af-487b-aef7-34d1d0ee189f: start FollowerState
2019-10-16 21:02:04,659 [Thread-2397] INFO  impl.FollowerState (FollowerState.java:run(108)) - 4b287a15-77af-487b-aef7-34d1d0ee189f@group-83C26644CFDA-FollowerState: change to CANDIDATE, lastRpcTime:156ms, electionTimeout:156ms
2019-10-16 21:02:04,660 [Thread-2397] INFO  impl.RoleInfo (RoleInfo.java:shutdownFollowerState(121)) - 4b287a15-77af-487b-aef7-34d1d0ee189f: shutdown FollowerState
2019-10-16 21:02:04,660 [Thread-2397] INFO  impl.RaftServerImpl (RaftServerImpl.java:setRole(184)) - 4b287a15-77af-487b-aef7-34d1d0ee189f@group-83C26644CFDA: changes role from  FOLLOWER to CANDIDATE at term 351 for changeToCandidate
2019-10-16 21:02:04,660 [Thread-2397] INFO  impl.RoleInfo (RoleInfo.java:updateAndGet(143)) - 4b287a15-77af-487b-aef7-34d1d0ee189f: start LeaderElection
2019-10-16 21:02:04,673 [4b287a15-77af-487b-aef7-34d1d0ee189f@group-83C26644CFDA-LeaderElection336] INFO  impl.LeaderElection (LeaderElection.java:askForVotes(178)) - 4b287a15-77af-487b-aef7-34d1d0ee189f@group-83C26644CFDA-LeaderElection336: begin an election at term 352 for -1: [4b287a15-77af-487b-aef7-34d1d0ee189f:192.168.34.38:38597, 0aa3649f-570d-46c6-937f-492d7f3a8364:192.168.34.38:33209, 4a03179f-3169-4ac7-a075-259968512ef0:192.168.34.38:45833], old=null
2019-10-16 21:02:04,674 [grpc-default-executor-1] INFO  impl.RaftServerImpl (RaftServerImpl.java:setRole(184)) - 0aa3649f-570d-46c6-937f-492d7f3a8364@group-83C26644CFDA: changes role from  FOLLOWER to FOLLOWER at term 352 for recognizeCandidate:4b287a15-77af-487b-aef7-34d1d0ee189f
2019-10-16 21:02:04,675 [grpc-default-executor-2] INFO  impl.RaftServerImpl (RaftServerImpl.java:setRole(184)) - 4a03179f-3169-4ac7-a075-259968512ef0@group-83C26644CFDA: changes role from  FOLLOWER to FOLLOWER at term 352 for recognizeCandidate:4b287a15-77af-487b-aef7-34d1d0ee189f
2019-10-16 21:02:04,675 [grpc-default-executor-1] INFO  impl.RoleInfo (RoleInfo.java:shutdownFollowerState(121)) - 0aa3649f-570d-46c6-937f-492d7f3a8364: shutdown FollowerState
2019-10-16 21:02:04,675 [grpc-default-executor-2] INFO  impl.RoleInfo (RoleInfo.java:shutdownFollowerState(121)) - 4a03179f-3169-4ac7-a075-259968512ef0: shutdown FollowerState
2019-10-16 21:02:04,675 [Thread-2395] INFO  impl.FollowerState (FollowerState.java:run(117)) - 0aa3649f-570d-46c6-937f-492d7f3a8364@group-83C26644CFDA-FollowerState was interrupted: java.lang.InterruptedException: sleep interrupted
2019-10-16 21:02:04,675 [grpc-default-executor-1] INFO  impl.RoleInfo (RoleInfo.java:updateAndGet(143)) - 0aa3649f-570d-46c6-937f-492d7f3a8364: start FollowerState
2019-10-16 21:02:04,675 [Thread-2396] INFO  impl.FollowerState (FollowerState.java:run(117)) - 4a03179f-3169-4ac7-a075-259968512ef0@group-83C26644CFDA-FollowerState was interrupted: java.lang.InterruptedException: sleep interrupted
2019-10-16 21:02:04,675 [grpc-default-executor-2] INFO  impl.RoleInfo (RoleInfo.java:updateAndGet(143)) - 4a03179f-3169-4ac7-a075-259968512ef0: start FollowerState
2019-10-16 21:02:04,690 [4b287a15-77af-487b-aef7-34d1d0ee189f@group-83C26644CFDA-LeaderElection336] INFO  impl.LeaderElection (LeaderElection.java:logAndReturn(56)) - 4b287a15-77af-487b-aef7-34d1d0ee189f@group-83C26644CFDA-LeaderElection336: Election REJECTED; received 2 response(s) [4b287a15-77af-487b-aef7-34d1d0ee189f<-0aa3649f-570d-46c6-937f-492d7f3a8364#0:FAIL-t352, 4b287a15-77af-487b-aef7-34d1d0ee189f<-4a03179f-3169-4ac7-a075-259968512ef0#0:FAIL-t352] and 0 exception(s); 4b287a15-77af-487b-aef7-34d1d0ee189f@group-83C26644CFDA:t352, leader=null, voted=4b287a15-77af-487b-aef7-34d1d0ee189f, raftlog=4b287a15-77af-487b-aef7-34d1d0ee189f@group-83C26644CFDA-SegmentedRaftLog:OPENED:c-1,f-1,i0, conf=-1: [4b287a15-77af-487b-aef7-34d1d0ee189f:192.168.34.38:38597, 0aa3649f-570d-46c6-937f-492d7f3a8364:192.168.34.38:33209, 4a03179f-3169-4ac7-a075-259968512ef0:192.168.34.38:45833], old=null
2019-10-16 21:02:04,690 [4b287a15-77af-487b-aef7-34d1d0ee189f@group-83C26644CFDA-LeaderElection336] INFO  impl.RaftServerImpl (RaftServerImpl.java:setRole(184)) - 4b287a15-77af-487b-aef7-34d1d0ee189f@group-83C26644CFDA: changes role from CANDIDATE to FOLLOWER at term 352 for DISCOVERED_A_NEW_TERM
2019-10-16 21:02:04,690 [4b287a15-77af-487b-aef7-34d1d0ee189f@group-83C26644CFDA-LeaderElection336] INFO  impl.RoleInfo (RoleInfo.java:shutdownLeaderElection(134)) - 4b287a15-77af-487b-aef7-34d1d0ee189f: shutdown LeaderElection
2019-10-16 21:02:04,691 [4b287a15-77af-487b-aef7-34d1d0ee189f@group-83C26644CFDA-LeaderElection336] INFO  impl.RoleInfo (RoleInfo.java:updateAndGet(143)) - 4b287a15-77af-487b-aef7-34d1d0ee189f: start FollowerState
2019-10-16 21:02:04,757 [Thread-2403] INFO  impl.FollowerState (FollowerState.java:run(108)) - 4b287a15-77af-487b-aef7-34d1d0ee189f@group-83C26644CFDA-FollowerState: change to CANDIDATE, lastRpcTime:66ms, electionTimeout:66ms
2019-10-16 21:02:04,757 [Thread-2403] INFO  impl.RoleInfo (RoleInfo.java:shutdownFollowerState(121)) - 4b287a15-77af-487b-aef7-34d1d0ee189f: shutdown FollowerState
2019-10-16 21:02:04,757 [Thread-2403] INFO  impl.RaftServerImpl (RaftServerImpl.java:setRole(184)) - 4b287a15-77af-487b-aef7-34d1d0ee189f@group-83C26644CFDA: changes role from  FOLLOWER to CANDIDATE at term 352 for changeToCandidate
2019-10-16 21:02:04,757 [Thread-2403] INFO  impl.RoleInfo (RoleInfo.java:updateAndGet(143)) - 4b287a15-77af-487b-aef7-34d1d0ee189f: start LeaderElection
2019-10-16 21:02:04,770 [4b287a15-77af-487b-aef7-34d1d0ee189f@group-83C26644CFDA-LeaderElection337] INFO  impl.LeaderElection (LeaderElection.java:askForVotes(178)) - 4b287a15-77af-487b-aef7-34d1d0ee189f@group-83C26644CFDA-LeaderElection337: begin an election at term 353 for -1: [4b287a15-77af-487b-aef7-34d1d0ee189f:192.168.34.38:38597, 0aa3649f-570d-46c6-937f-492d7f3a8364:192.168.34.38:33209, 4a03179f-3169-4ac7-a075-259968512ef0:192.168.34.38:45833], old=null
2019-10-16 21:02:04,774 [grpc-default-executor-2] INFO  impl.RaftServerImpl (RaftServerImpl.java:setRole(184)) - 0aa3649f-570d-46c6-937f-492d7f3a8364@group-83C26644CFDA: changes role from  FOLLOWER to FOLLOWER at term 353 for recognizeCandidate:4b287a15-77af-487b-aef7-34d1d0ee189f
2019-10-16 21:02:04,774 [grpc-default-executor-2] INFO  impl.RoleInfo (RoleInfo.java:shutdownFollowerState(121)) - 0aa3649f-570d-46c6-937f-492d7f3a8364: shutdown FollowerState
2019-10-16 21:02:04,774 [grpc-default-executor-1] INFO  impl.RaftServerImpl (RaftServerImpl.java:setRole(184)) - 4a03179f-3169-4ac7-a075-259968512ef0@group-83C26644CFDA: changes role from  FOLLOWER to FOLLOWER at term 353 for recognizeCandidate:4b287a15-77af-487b-aef7-34d1d0ee189f
2019-10-16 21:02:04,774 [Thread-2401] INFO  impl.FollowerState (FollowerState.java:run(117)) - 0aa3649f-570d-46c6-937f-492d7f3a8364@group-83C26644CFDA-FollowerState was interrupted: java.lang.InterruptedException: sleep interrupted
2019-10-16 21:02:04,774 [grpc-default-executor-2] INFO  impl.RoleInfo (RoleInfo.java:updateAndGet(143)) - 0aa3649f-570d-46c6-937f-492d7f3a8364: start FollowerState
2019-10-16 21:02:04,774 [grpc-default-executor-1] INFO  impl.RoleInfo (RoleInfo.java:shutdownFollowerState(121)) - 4a03179f-3169-4ac7-a075-259968512ef0: shutdown FollowerState
2019-10-16 21:02:04,775 [grpc-default-executor-1] INFO  impl.RoleInfo (RoleInfo.java:updateAndGet(143)) - 4a03179f-3169-4ac7-a075-259968512ef0: start FollowerState
2019-10-16 21:02:04,775 [Thread-2402] INFO  impl.FollowerState (FollowerState.java:run(117)) - 4a03179f-3169-4ac7-a075-259968512ef0@group-83C26644CFDA-FollowerState was interrupted: java.lang.InterruptedException: sleep interrupted
2019-10-16 21:02:04,791 [4b287a15-77af-487b-aef7-34d1d0ee189f@group-83C26644CFDA-LeaderElection337] INFO  impl.LeaderElection (LeaderElection.java:logAndReturn(56)) - 4b287a15-77af-487b-aef7-34d1d0ee189f@group-83C26644CFDA-LeaderElection337: Election REJECTED; received 2 response(s) [4b287a15-77af-487b-aef7-34d1d0ee189f<-0aa3649f-570d-46c6-937f-492d7f3a8364#0:FAIL-t353, 4b287a15-77af-487b-aef7-34d1d0ee189f<-4a03179f-3169-4ac7-a075-259968512ef0#0:FAIL-t353] and 0 exception(s); 4b287a15-77af-487b-aef7-34d1d0ee189f@group-83C26644CFDA:t353, leader=null, voted=4b287a15-77af-487b-aef7-34d1d0ee189f, raftlog=4b287a15-77af-487b-aef7-34d1d0ee189f@group-83C26644CFDA-SegmentedRaftLog:OPENED:c-1,f-1,i0, conf=-1: [4b287a15-77af-487b-aef7-34d1d0ee189f:192.168.34.38:38597, 0aa3649f-570d-46c6-937f-492d7f3a8364:192.168.34.38:33209, 4a03179f-3169-4ac7-a075-259968512ef0:192.168.34.38:45833], old=null
2019-10-16 21:02:04,791 [4b287a15-77af-487b-aef7-34d1d0ee189f@group-83C26644CFDA-LeaderElection337] INFO  impl.RaftServerImpl (RaftServerImpl.java:setRole(184)) - 4b287a15-77af-487b-aef7-34d1d0ee189f@group-83C26644CFDA: changes role from CANDIDATE to FOLLOWER at term 353 for DISCOVERED_A_NEW_TERM
2019-10-16 21:02:04,791 [4b287a15-77af-487b-aef7-34d1d0ee189f@group-83C26644CFDA-LeaderElection337] INFO  impl.RoleInfo (RoleInfo.java:shutdownLeaderElection(134)) - 4b287a15-77af-487b-aef7-34d1d0ee189f: shutdown LeaderElection
2019-10-16 21:02:04,792 [4b287a15-77af-487b-aef7-34d1d0ee189f@group-83C26644CFDA-LeaderElection337] INFO  impl.RoleInfo (RoleInfo.java:updateAndGet(143)) - 4b287a15-77af-487b-aef7-34d1d0ee189f: start FollowerState
2019-10-16 21:02:04,988 [Thread-2409] INFO  impl.FollowerState (FollowerState.java:run(108)) - 4b287a15-77af-487b-aef7-34d1d0ee189f@group-83C26644CFDA-FollowerState: change to CANDIDATE, lastRpcTime:196ms, electionTimeout:196ms
2019-10-16 21:02:04,988 [Thread-2409] INFO  impl.RoleInfo (RoleInfo.java:shutdownFollowerState(121)) - 4b287a15-77af-487b-aef7-34d1d0ee189f: shutdown FollowerState
2019-10-16 21:02:04,989 [Thread-2409] INFO  impl.RaftServerImpl (RaftServerImpl.java:setRole(184)) - 4b287a15-77af-487b-aef7-34d1d0ee189f@group-83C26644CFDA: changes role from  FOLLOWER to CANDIDATE at term 353 for changeToCandidate
2019-10-16 21:02:04,989 [Thread-2409] INFO  impl.RoleInfo (RoleInfo.java:updateAndGet(143)) - 4b287a15-77af-487b-aef7-34d1d0ee189f: start LeaderElection
2019-10-16 21:02:05,014 [4b287a15-77af-487b-aef7-34d1d0ee189f@group-83C26644CFDA-LeaderElection338] INFO  impl.LeaderElection (LeaderElection.java:askForVotes(178)) - 4b287a15-77af-487b-aef7-34d1d0ee189f@group-83C26644CFDA-LeaderElection338: begin an election at term 354 for -1: [4b287a15-77af-487b-aef7-34d1d0ee189f:192.168.34.38:38597, 0aa3649f-570d-46c6-937f-492d7f3a8364:192.168.34.38:33209, 4a03179f-3169-4ac7-a075-259968512ef0:192.168.34.38:45833], old=null
2019-10-16 21:02:05,016 [grpc-default-executor-1] INFO  impl.RaftServerImpl (RaftServerImpl.java:setRole(184)) - 4a03179f-3169-4ac7-a075-259968512ef0@group-83C26644CFDA: changes role from  FOLLOWER to FOLLOWER at term 354 for recognizeCandidate:4b287a15-77af-487b-aef7-34d1d0ee189f
2019-10-16 21:02:05,017 [grpc-default-executor-1] INFO  impl.RoleInfo (RoleInfo.java:shutdownFollowerState(121)) - 4a03179f-3169-4ac7-a075-259968512ef0: shutdown FollowerState
2019-10-16 21:02:05,016 [grpc-default-executor-2] INFO  impl.RaftServerImpl (RaftServerImpl.java:setRole(184)) - 0aa3649f-570d-46c6-937f-492d7f3a8364@group-83C26644CFDA: changes role from  FOLLOWER to FOLLOWER at term 354 for recognizeCandidate:4b287a15-77af-487b-aef7-34d1d0ee189f
2019-10-16 21:02:05,017 [grpc-default-executor-2] INFO  impl.RoleInfo (RoleInfo.java:shutdownFollowerState(121)) - 0aa3649f-570d-46c6-937f-492d7f3a8364: shutdown FollowerState
2019-10-16 21:02:05,017 [grpc-default-executor-1] INFO  impl.RoleInfo (RoleInfo.java:updateAndGet(143)) - 4a03179f-3169-4ac7-a075-259968512ef0: start FollowerState
2019-10-16 21:02:05,017 [Thread-2408] INFO  impl.FollowerState (FollowerState.java:run(117)) - 4a03179f-3169-4ac7-a075-259968512ef0@group-83C26644CFDA-FollowerState was interrupted: java.lang.InterruptedException: sleep interrupted
2019-10-16 21:02:05,017 [Thread-2407] INFO  impl.FollowerState (FollowerState.java:run(117)) - 0aa3649f-570d-46c6-937f-492d7f3a8364@group-83C26644CFDA-FollowerState was interrupted: java.lang.InterruptedException: sleep interrupted
2019-10-16 21:02:05,017 [grpc-default-executor-2] INFO  impl.RoleInfo (RoleInfo.java:updateAndGet(143)) - 0aa3649f-570d-46c6-937f-492d7f3a8364: start FollowerState
2019-10-16 21:02:05,041 [4b287a15-77af-487b-aef7-34d1d0ee189f@group-83C26644CFDA-LeaderElection338] INFO  impl.LeaderElection (LeaderElection.java:logAndReturn(56)) - 4b287a15-77af-487b-aef7-34d1d0ee189f@group-83C26644CFDA-LeaderElection338: Election REJECTED; received 2 response(s) [4b287a15-77af-487b-aef7-34d1d0ee189f<-0aa3649f-570d-46c6-937f-492d7f3a8364#0:FAIL-t354, 4b287a15-77af-487b-aef7-34d1d0ee189f<-4a03179f-3169-4ac7-a075-259968512ef0#0:FAIL-t354] and 0 exception(s); 4b287a15-77af-487b-aef7-34d1d0ee189f@group-83C26644CFDA:t354, leader=null, voted=4b287a15-77af-487b-aef7-34d1d0ee189f, raftlog=4b287a15-77af-487b-aef7-34d1d0ee189f@group-83C26644CFDA-SegmentedRaftLog:OPENED:c-1,f-1,i0, conf=-1: [4b287a15-77af-487b-aef7-34d1d0ee189f:192.168.34.38:38597, 0aa3649f-570d-46c6-937f-492d7f3a8364:192.168.34.38:33209, 4a03179f-3169-4ac7-a075-259968512ef0:192.168.34.38:45833], old=null
2019-10-16 21:02:05,042 [4b287a15-77af-487b-aef7-34d1d0ee189f@group-83C26644CFDA-LeaderElection338] INFO  impl.RaftServerImpl (RaftServerImpl.java:setRole(184)) - 4b287a15-77af-487b-aef7-34d1d0ee189f@group-83C26644CFDA: changes role from CANDIDATE to FOLLOWER at term 354 for DISCOVERED_A_NEW_TERM
2019-10-16 21:02:05,042 [4b287a15-77af-487b-aef7-34d1d0ee189f@group-83C26644CFDA-LeaderElection338] INFO  impl.RoleInfo (RoleInfo.java:shutdownLeaderElection(134)) - 4b287a15-77af-487b-aef7-34d1d0ee189f: shutdown LeaderElection
2019-10-16 21:02:05,042 [4b287a15-77af-487b-aef7-34d1d0ee189f@group-83C26644CFDA-LeaderElection338] INFO  impl.RoleInfo (RoleInfo.java:updateAndGet(143)) - 4b287a15-77af-487b-aef7-34d1d0ee189f: start FollowerState
2019-10-16 21:02:05,218 [Thread-2415] INFO  impl.FollowerState (FollowerState.java:run(108)) - 4b287a15-77af-487b-aef7-34d1d0ee189f@group-83C26644CFDA-FollowerState: change to CANDIDATE, lastRpcTime:176ms, electionTimeout:176ms
2019-10-16 21:02:05,219 [Thread-2415] INFO  impl.RoleInfo (RoleInfo.java:shutdownFollowerState(121)) - 4b287a15-77af-487b-aef7-34d1d0ee189f: shutdown FollowerState
2019-10-16 21:02:05,219 [Thread-2415] INFO  impl.RaftServerImpl (RaftServerImpl.java:setRole(184)) - 4b287a15-77af-487b-aef7-34d1d0ee189f@group-83C26644CFDA: changes role from  FOLLOWER to CANDIDATE at term 354 for changeToCandidate
2019-10-16 21:02:05,219 [Thread-2415] INFO  impl.RoleInfo (RoleInfo.java:updateAndGet(143)) - 4b287a15-77af-487b-aef7-34d1d0ee189f: start LeaderElection
2019-10-16 21:02:05,223 [4b287a15-77af-487b-aef7-34d1d0ee189f@group-83C26644CFDA-LeaderElection339] INFO  impl.LeaderElection (LeaderElection.java:askForVotes(178)) - 4b287a15-77af-487b-aef7-34d1d0ee189f@group-83C26644CFDA-LeaderElection339: begin an election at term 355 for -1: [4b287a15-77af-487b-aef7-34d1d0ee189f:192.168.34.38:38597, 0aa3649f-570d-46c6-937f-492d7f3a8364:192.168.34.38:33209, 4a03179f-3169-4ac7-a075-259968512ef0:192.168.34.38:45833], old=null
2019-10-16 21:02:05,225 [grpc-default-executor-2] INFO  impl.RaftServerImpl (RaftServerImpl.java:setRole(184)) - 0aa3649f-570d-46c6-937f-492d7f3a8364@group-83C26644CFDA: changes role from  FOLLOWER to FOLLOWER at term 355 for recognizeCandidate:4b287a15-77af-487b-aef7-34d1d0ee189f
2019-10-16 21:02:05,226 [grpc-default-executor-2] INFO  impl.RoleInfo (RoleInfo.java:shutdownFollowerState(121)) - 0aa3649f-570d-46c6-937f-492d7f3a8364: shutdown FollowerState
2019-10-16 21:02:05,225 [grpc-default-executor-1] INFO  impl.RaftServerImpl (RaftServerImpl.java:setRole(184)) - 4a03179f-3169-4ac7-a075-259968512ef0@group-83C26644CFDA: changes role from  FOLLOWER to FOLLOWER at term 355 for recognizeCandidate:4b287a15-77af-487b-aef7-34d1d0ee189f
2019-10-16 21:02:05,226 [Thread-2414] INFO  impl.FollowerState (FollowerState.java:run(117)) - 0aa3649f-570d-46c6-937f-492d7f3a8364@group-83C26644CFDA-FollowerState was interrupted: java.lang.InterruptedException: sleep interrupted
2019-10-16 21:02:05,226 [grpc-default-executor-2] INFO  impl.RoleInfo (RoleInfo.java:updateAndGet(143)) - 0aa3649f-570d-46c6-937f-492d7f3a8364: start FollowerState
2019-10-16 21:02:05,226 [grpc-default-executor-1] INFO  impl.RoleInfo (RoleInfo.java:shutdownFollowerState(121)) - 4a03179f-3169-4ac7-a075-259968512ef0: shutdown FollowerState
2019-10-16 21:02:05,226 [grpc-default-executor-1] INFO  impl.RoleInfo (RoleInfo.java:updateAndGet(143)) - 4a03179f-3169-4ac7-a075-259968512ef0: start FollowerState
2019-10-16 21:02:05,227 [Thread-2413] INFO  impl.FollowerState (FollowerState.java:run(117)) - 4a03179f-3169-4ac7-a075-259968512ef0@group-83C26644CFDA-FollowerState was interrupted: java.lang.InterruptedException: sleep interrupted
2019-10-16 21:02:05,241 [4b287a15-77af-487b-aef7-34d1d0ee189f@group-83C26644CFDA-LeaderElection339] INFO  impl.LeaderElection (LeaderElection.java:logAndReturn(56)) - 4b287a15-77af-487b-aef7-34d1d0ee189f@group-83C26644CFDA-LeaderElection339: Election REJECTED; received 2 response(s) [4b287a15-77af-487b-aef7-34d1d0ee189f<-0aa3649f-570d-46c6-937f-492d7f3a8364#0:FAIL-t355, 4b287a15-77af-487b-aef7-34d1d0ee189f<-4a03179f-3169-4ac7-a075-259968512ef0#0:FAIL-t355] and 0 exception(s); 4b287a15-77af-487b-aef7-34d1d0ee189f@group-83C26644CFDA:t355, leader=null, voted=4b287a15-77af-487b-aef7-34d1d0ee189f, raftlog=4b287a15-77af-487b-aef7-34d1d0ee189f@group-83C26644CFDA-SegmentedRaftLog:OPENED:c-1,f-1,i0, conf=-1: [4b287a15-77af-487b-aef7-34d1d0ee189f:192.168.34.38:38597, 0aa3649f-570d-46c6-937f-492d7f3a8364:192.168.34.38:33209, 4a03179f-3169-4ac7-a075-259968512ef0:192.168.34.38:45833], old=null
2019-10-16 21:02:05,241 [4b287a15-77af-487b-aef7-34d1d0ee189f@group-83C26644CFDA-LeaderElection339] INFO  impl.RaftServerImpl (RaftServerImpl.java:setRole(184)) - 4b287a15-77af-487b-aef7-34d1d0ee189f@group-83C26644CFDA: changes role from CANDIDATE to FOLLOWER at term 355 for DISCOVERED_A_NEW_TERM
2019-10-16 21:02:05,241 [4b287a15-77af-487b-aef7-34d1d0ee189f@group-83C26644CFDA-LeaderElection339] INFO  impl.RoleInfo (RoleInfo.java:shutdownLeaderElection(134)) - 4b287a15-77af-487b-aef7-34d1d0ee189f: shutdown LeaderElection
2019-10-16 21:02:05,242 [4b287a15-77af-487b-aef7-34d1d0ee189f@group-83C26644CFDA-LeaderElection339] INFO  impl.RoleInfo (RoleInfo.java:updateAndGet(143)) - 4b287a15-77af-487b-aef7-34d1d0ee189f: start FollowerState
2019-10-16 21:02:05,363 [main] INFO  ozone.MiniOzoneClusterImpl (MiniOzoneClusterImpl.java:lambda$waitForClusterToBeReady$2(164)) - Waiting for 1 number of pipelines out of 4, to report a leader.
2019-10-16 21:02:05,403 [Thread-2421] INFO  impl.FollowerState (FollowerState.java:run(108)) - 4b287a15-77af-487b-aef7-34d1d0ee189f@group-83C26644CFDA-FollowerState: change to CANDIDATE, lastRpcTime:161ms, electionTimeout:161ms
2019-10-16 21:02:05,403 [Thread-2421] INFO  impl.RoleInfo (RoleInfo.java:shutdownFollowerState(121)) - 4b287a15-77af-487b-aef7-34d1d0ee189f: shutdown FollowerState
2019-10-16 21:02:05,403 [Thread-2421] INFO  impl.RaftServerImpl (RaftServerImpl.java:setRole(184)) - 4b287a15-77af-487b-aef7-34d1d0ee189f@group-83C26644CFDA: changes role from  FOLLOWER to CANDIDATE at term 355 for changeToCandidate
2019-10-16 21:02:05,404 [Thread-2421] INFO  impl.RoleInfo (RoleInfo.java:updateAndGet(143)) - 4b287a15-77af-487b-aef7-34d1d0ee189f: start LeaderElection
2019-10-16 21:02:05,417 [4b287a15-77af-487b-aef7-34d1d0ee189f@group-83C26644CFDA-LeaderElection340] INFO  impl.LeaderElection (LeaderElection.java:askForVotes(178)) - 4b287a15-77af-487b-aef7-34d1d0ee189f@group-83C26644CFDA-LeaderElection340: begin an election at term 356 for -1: [4b287a15-77af-487b-aef7-34d1d0ee189f:192.168.34.38:38597, 0aa3649f-570d-46c6-937f-492d7f3a8364:192.168.34.38:33209, 4a03179f-3169-4ac7-a075-259968512ef0:192.168.34.38:45833], old=null
2019-10-16 21:02:05,420 [grpc-default-executor-2] INFO  impl.RaftServerImpl (RaftServerImpl.java:setRole(184)) - 0aa3649f-570d-46c6-937f-492d7f3a8364@group-83C26644CFDA: changes role from  FOLLOWER to FOLLOWER at term 356 for recognizeCandidate:4b287a15-77af-487b-aef7-34d1d0ee189f
2019-10-16 21:02:05,420 [grpc-default-executor-2] INFO  impl.RoleInfo (RoleInfo.java:shutdownFollowerState(121)) - 0aa3649f-570d-46c6-937f-492d7f3a8364: shutdown FollowerState
2019-10-16 21:02:05,420 [grpc-default-executor-2] INFO  impl.RoleInfo (RoleInfo.java:updateAndGet(143)) - 0aa3649f-570d-46c6-937f-492d7f3a8364: start FollowerState
2019-10-16 21:02:05,420 [Thread-2419] INFO  impl.FollowerState (FollowerState.java:run(117)) - 0aa3649f-570d-46c6-937f-492d7f3a8364@group-83C26644CFDA-FollowerState was interrupted: java.lang.InterruptedException: sleep interrupted
2019-10-16 21:02:05,421 [grpc-default-executor-1] INFO  impl.RaftServerImpl (RaftServerImpl.java:setRole(184)) - 4a03179f-3169-4ac7-a075-259968512ef0@group-83C26644CFDA: changes role from  FOLLOWER to FOLLOWER at term 356 for recognizeCandidate:4b287a15-77af-487b-aef7-34d1d0ee189f
2019-10-16 21:02:05,421 [grpc-default-executor-1] INFO  impl.RoleInfo (RoleInfo.java:shutdownFollowerState(121)) - 4a03179f-3169-4ac7-a075-259968512ef0: shutdown FollowerState
2019-10-16 21:02:05,421 [grpc-default-executor-1] INFO  impl.RoleInfo (RoleInfo.java:updateAndGet(143)) - 4a03179f-3169-4ac7-a075-259968512ef0: start FollowerState
2019-10-16 21:02:05,421 [Thread-2420] INFO  impl.FollowerState (FollowerState.java:run(117)) - 4a03179f-3169-4ac7-a075-259968512ef0@group-83C26644CFDA-FollowerState was interrupted: java.lang.InterruptedException: sleep interrupted
2019-10-16 21:02:05,440 [4b287a15-77af-487b-aef7-34d1d0ee189f@group-83C26644CFDA-LeaderElection340] INFO  impl.LeaderElection (LeaderElection.java:logAndReturn(56)) - 4b287a15-77af-487b-aef7-34d1d0ee189f@group-83C26644CFDA-LeaderElection340: Election REJECTED; received 2 response(s) [4b287a15-77af-487b-aef7-34d1d0ee189f<-0aa3649f-570d-46c6-937f-492d7f3a8364#0:FAIL-t356, 4b287a15-77af-487b-aef7-34d1d0ee189f<-4a03179f-3169-4ac7-a075-259968512ef0#0:FAIL-t356] and 0 exception(s); 4b287a15-77af-487b-aef7-34d1d0ee189f@group-83C26644CFDA:t356, leader=null, voted=4b287a15-77af-487b-aef7-34d1d0ee189f, raftlog=4b287a15-77af-487b-aef7-34d1d0ee189f@group-83C26644CFDA-SegmentedRaftLog:OPENED:c-1,f-1,i0, conf=-1: [4b287a15-77af-487b-aef7-34d1d0ee189f:192.168.34.38:38597, 0aa3649f-570d-46c6-937f-492d7f3a8364:192.168.34.38:33209, 4a03179f-3169-4ac7-a075-259968512ef0:192.168.34.38:45833], old=null
2019-10-16 21:02:05,440 [4b287a15-77af-487b-aef7-34d1d0ee189f@group-83C26644CFDA-LeaderElection340] INFO  impl.RaftServerImpl (RaftServerImpl.java:setRole(184)) - 4b287a15-77af-487b-aef7-34d1d0ee189f@group-83C26644CFDA: changes role from CANDIDATE to FOLLOWER at term 356 for DISCOVERED_A_NEW_TERM
2019-10-16 21:02:05,440 [4b287a15-77af-487b-aef7-34d1d0ee189f@group-83C26644CFDA-LeaderElection340] INFO  impl.RoleInfo (RoleInfo.java:shutdownLeaderElection(134)) - 4b287a15-77af-487b-aef7-34d1d0ee189f: shutdown LeaderElection
2019-10-16 21:02:05,441 [4b287a15-77af-487b-aef7-34d1d0ee189f@group-83C26644CFDA-LeaderElection340] INFO  impl.RoleInfo (RoleInfo.java:updateAndGet(143)) - 4b287a15-77af-487b-aef7-34d1d0ee189f: start FollowerState
2019-10-16 21:02:05,522 [Thread-2427] INFO  impl.FollowerState (FollowerState.java:run(108)) - 4b287a15-77af-487b-aef7-34d1d0ee189f@group-83C26644CFDA-FollowerState: change to CANDIDATE, lastRpcTime:81ms, electionTimeout:81ms
2019-10-16 21:02:05,522 [Thread-2427] INFO  impl.RoleInfo (RoleInfo.java:shutdownFollowerState(121)) - 4b287a15-77af-487b-aef7-34d1d0ee189f: shutdown FollowerState
2019-10-16 21:02:05,522 [Thread-2427] INFO  impl.RaftServerImpl (RaftServerImpl.java:setRole(184)) - 4b287a15-77af-487b-aef7-34d1d0ee189f@group-83C26644CFDA: changes role from  FOLLOWER to CANDIDATE at term 356 for changeToCandidate
2019-10-16 21:02:05,522 [Thread-2427] INFO  impl.RoleInfo (RoleInfo.java:updateAndGet(143)) - 4b287a15-77af-487b-aef7-34d1d0ee189f: start LeaderElection
2019-10-16 21:02:05,536 [4b287a15-77af-487b-aef7-34d1d0ee189f@group-83C26644CFDA-LeaderElection341] INFO  impl.LeaderElection (LeaderElection.java:askForVotes(178)) - 4b287a15-77af-487b-aef7-34d1d0ee189f@group-83C26644CFDA-LeaderElection341: begin an election at term 357 for -1: [4b287a15-77af-487b-aef7-34d1d0ee189f:192.168.34.38:38597, 0aa3649f-570d-46c6-937f-492d7f3a8364:192.168.34.38:33209, 4a03179f-3169-4ac7-a075-259968512ef0:192.168.34.38:45833], old=null
2019-10-16 21:02:05,539 [grpc-default-executor-1] INFO  impl.RaftServerImpl (RaftServerImpl.java:setRole(184)) - 4a03179f-3169-4ac7-a075-259968512ef0@group-83C26644CFDA: changes role from  FOLLOWER to FOLLOWER at term 357 for recognizeCandidate:4b287a15-77af-487b-aef7-34d1d0ee189f
2019-10-16 21:02:05,539 [grpc-default-executor-2] INFO  impl.RaftServerImpl (RaftServerImpl.java:setRole(184)) - 0aa3649f-570d-46c6-937f-492d7f3a8364@group-83C26644CFDA: changes role from  FOLLOWER to FOLLOWER at term 357 for recognizeCandidate:4b287a15-77af-487b-aef7-34d1d0ee189f
2019-10-16 21:02:05,539 [grpc-default-executor-2] INFO  impl.RoleInfo (RoleInfo.java:shutdownFollowerState(121)) - 0aa3649f-570d-46c6-937f-492d7f3a8364: shutdown FollowerState
2019-10-16 21:02:05,539 [grpc-default-executor-1] INFO  impl.RoleInfo (RoleInfo.java:shutdownFollowerState(121)) - 4a03179f-3169-4ac7-a075-259968512ef0: shutdown FollowerState
2019-10-16 21:02:05,539 [grpc-default-executor-2] INFO  impl.RoleInfo (RoleInfo.java:updateAndGet(143)) - 0aa3649f-570d-46c6-937f-492d7f3a8364: start FollowerState
2019-10-16 21:02:05,539 [Thread-2425] INFO  impl.FollowerState (FollowerState.java:run(117)) - 0aa3649f-570d-46c6-937f-492d7f3a8364@group-83C26644CFDA-FollowerState was interrupted: java.lang.InterruptedException: sleep interrupted
2019-10-16 21:02:05,539 [Thread-2426] INFO  impl.FollowerState (FollowerState.java:run(117)) - 4a03179f-3169-4ac7-a075-259968512ef0@group-83C26644CFDA-FollowerState was interrupted: java.lang.InterruptedException: sleep interrupted
2019-10-16 21:02:05,539 [grpc-default-executor-1] INFO  impl.RoleInfo (RoleInfo.java:updateAndGet(143)) - 4a03179f-3169-4ac7-a075-259968512ef0: start FollowerState
2019-10-16 21:02:05,553 [4b287a15-77af-487b-aef7-34d1d0ee189f@group-83C26644CFDA-LeaderElection341] INFO  impl.LeaderElection (LeaderElection.java:logAndReturn(56)) - 4b287a15-77af-487b-aef7-34d1d0ee189f@group-83C26644CFDA-LeaderElection341: Election REJECTED; received 2 response(s) [4b287a15-77af-487b-aef7-34d1d0ee189f<-0aa3649f-570d-46c6-937f-492d7f3a8364#0:FAIL-t357, 4b287a15-77af-487b-aef7-34d1d0ee189f<-4a03179f-3169-4ac7-a075-259968512ef0#0:FAIL-t357] and 0 exception(s); 4b287a15-77af-487b-aef7-34d1d0ee189f@group-83C26644CFDA:t357, leader=null, voted=4b287a15-77af-487b-aef7-34d1d0ee189f, raftlog=4b287a15-77af-487b-aef7-34d1d0ee189f@group-83C26644CFDA-SegmentedRaftLog:OPENED:c-1,f-1,i0, conf=-1: [4b287a15-77af-487b-aef7-34d1d0ee189f:192.168.34.38:38597, 0aa3649f-570d-46c6-937f-492d7f3a8364:192.168.34.38:33209, 4a03179f-3169-4ac7-a075-259968512ef0:192.168.34.38:45833], old=null
2019-10-16 21:02:05,553 [4b287a15-77af-487b-aef7-34d1d0ee189f@group-83C26644CFDA-LeaderElection341] INFO  impl.RaftServerImpl (RaftServerImpl.java:setRole(184)) - 4b287a15-77af-487b-aef7-34d1d0ee189f@group-83C26644CFDA: changes role from CANDIDATE to FOLLOWER at term 357 for DISCOVERED_A_NEW_TERM
2019-10-16 21:02:05,554 [4b287a15-77af-487b-aef7-34d1d0ee189f@group-83C26644CFDA-LeaderElection341] INFO  impl.RoleInfo (RoleInfo.java:shutdownLeaderElection(134)) - 4b287a15-77af-487b-aef7-34d1d0ee189f: shutdown LeaderElection
2019-10-16 21:02:05,554 [4b287a15-77af-487b-aef7-34d1d0ee189f@group-83C26644CFDA-LeaderElection341] INFO  impl.RoleInfo (RoleInfo.java:updateAndGet(143)) - 4b287a15-77af-487b-aef7-34d1d0ee189f: start FollowerState
2019-10-16 21:02:05,728 [Thread-2433] INFO  impl.FollowerState (FollowerState.java:run(108)) - 4b287a15-77af-487b-aef7-34d1d0ee189f@group-83C26644CFDA-FollowerState: change to CANDIDATE, lastRpcTime:174ms, electionTimeout:174ms
2019-10-16 21:02:05,728 [Thread-2433] INFO  impl.RoleInfo (RoleInfo.java:shutdownFollowerState(121)) - 4b287a15-77af-487b-aef7-34d1d0ee189f: shutdown FollowerState
2019-10-16 21:02:05,729 [Thread-2433] INFO  impl.RaftServerImpl (RaftServerImpl.java:setRole(184)) - 4b287a15-77af-487b-aef7-34d1d0ee189f@group-83C26644CFDA: changes role from  FOLLOWER to CANDIDATE at term 357 for changeToCandidate
2019-10-16 21:02:05,729 [Thread-2433] INFO  impl.RoleInfo (RoleInfo.java:updateAndGet(143)) - 4b287a15-77af-487b-aef7-34d1d0ee189f: start LeaderElection
2019-10-16 21:02:05,743 [4b287a15-77af-487b-aef7-34d1d0ee189f@group-83C26644CFDA-LeaderElection342] INFO  impl.LeaderElection (LeaderElection.java:askForVotes(178)) - 4b287a15-77af-487b-aef7-34d1d0ee189f@group-83C26644CFDA-LeaderElection342: begin an election at term 358 for -1: [4b287a15-77af-487b-aef7-34d1d0ee189f:192.168.34.38:38597, 0aa3649f-570d-46c6-937f-492d7f3a8364:192.168.34.38:33209, 4a03179f-3169-4ac7-a075-259968512ef0:192.168.34.38:45833], old=null
2019-10-16 21:02:05,745 [grpc-default-executor-1] INFO  impl.RaftServerImpl (RaftServerImpl.java:setRole(184)) - 0aa3649f-570d-46c6-937f-492d7f3a8364@group-83C26644CFDA: changes role from  FOLLOWER to FOLLOWER at term 358 for recognizeCandidate:4b287a15-77af-487b-aef7-34d1d0ee189f
2019-10-16 21:02:05,745 [grpc-default-executor-1] INFO  impl.RoleInfo (RoleInfo.java:shutdownFollowerState(121)) - 0aa3649f-570d-46c6-937f-492d7f3a8364: shutdown FollowerState
2019-10-16 21:02:05,745 [grpc-default-executor-2] INFO  impl.RaftServerImpl (RaftServerImpl.java:setRole(184)) - 4a03179f-3169-4ac7-a075-259968512ef0@group-83C26644CFDA: changes role from  FOLLOWER to FOLLOWER at term 358 for recognizeCandidate:4b287a15-77af-487b-aef7-34d1d0ee189f
2019-10-16 21:02:05,745 [grpc-default-executor-2] INFO  impl.RoleInfo (RoleInfo.java:shutdownFollowerState(121)) - 4a03179f-3169-4ac7-a075-259968512ef0: shutdown FollowerState
2019-10-16 21:02:05,745 [grpc-default-executor-1] INFO  impl.RoleInfo (RoleInfo.java:updateAndGet(143)) - 0aa3649f-570d-46c6-937f-492d7f3a8364: start FollowerState
2019-10-16 21:02:05,746 [Thread-2432] INFO  impl.FollowerState (FollowerState.java:run(117)) - 4a03179f-3169-4ac7-a075-259968512ef0@group-83C26644CFDA-FollowerState was interrupted: java.lang.InterruptedException: sleep interrupted
2019-10-16 21:02:05,746 [grpc-default-executor-2] INFO  impl.RoleInfo (RoleInfo.java:updateAndGet(143)) - 4a03179f-3169-4ac7-a075-259968512ef0: start FollowerState
2019-10-16 21:02:05,745 [Thread-2431] INFO  impl.FollowerState (FollowerState.java:run(117)) - 0aa3649f-570d-46c6-937f-492d7f3a8364@group-83C26644CFDA-FollowerState was interrupted: java.lang.InterruptedException: sleep interrupted
2019-10-16 21:02:05,760 [4b287a15-77af-487b-aef7-34d1d0ee189f@group-83C26644CFDA-LeaderElection342] INFO  impl.LeaderElection (LeaderElection.java:logAndReturn(56)) - 4b287a15-77af-487b-aef7-34d1d0ee189f@group-83C26644CFDA-LeaderElection342: Election REJECTED; received 2 response(s) [4b287a15-77af-487b-aef7-34d1d0ee189f<-0aa3649f-570d-46c6-937f-492d7f3a8364#0:FAIL-t358, 4b287a15-77af-487b-aef7-34d1d0ee189f<-4a03179f-3169-4ac7-a075-259968512ef0#0:FAIL-t358] and 0 exception(s); 4b287a15-77af-487b-aef7-34d1d0ee189f@group-83C26644CFDA:t358, leader=null, voted=4b287a15-77af-487b-aef7-34d1d0ee189f, raftlog=4b287a15-77af-487b-aef7-34d1d0ee189f@group-83C26644CFDA-SegmentedRaftLog:OPENED:c-1,f-1,i0, conf=-1: [4b287a15-77af-487b-aef7-34d1d0ee189f:192.168.34.38:38597, 0aa3649f-570d-46c6-937f-492d7f3a8364:192.168.34.38:33209, 4a03179f-3169-4ac7-a075-259968512ef0:192.168.34.38:45833], old=null
2019-10-16 21:02:05,760 [4b287a15-77af-487b-aef7-34d1d0ee189f@group-83C26644CFDA-LeaderElection342] INFO  impl.RaftServerImpl (RaftServerImpl.java:setRole(184)) - 4b287a15-77af-487b-aef7-34d1d0ee189f@group-83C26644CFDA: changes role from CANDIDATE to FOLLOWER at term 358 for DISCOVERED_A_NEW_TERM
2019-10-16 21:02:05,760 [4b287a15-77af-487b-aef7-34d1d0ee189f@group-83C26644CFDA-LeaderElection342] INFO  impl.RoleInfo (RoleInfo.java:shutdownLeaderElection(134)) - 4b287a15-77af-487b-aef7-34d1d0ee189f: shutdown LeaderElection
2019-10-16 21:02:05,760 [4b287a15-77af-487b-aef7-34d1d0ee189f@group-83C26644CFDA-LeaderElection342] INFO  impl.RoleInfo (RoleInfo.java:updateAndGet(143)) - 4b287a15-77af-487b-aef7-34d1d0ee189f: start FollowerState
2019-10-16 21:02:05,798 [Thread-2439] INFO  impl.FollowerState (FollowerState.java:run(108)) - 4b287a15-77af-487b-aef7-34d1d0ee189f@group-83C26644CFDA-FollowerState: change to CANDIDATE, lastRpcTime:38ms, electionTimeout:38ms
2019-10-16 21:02:05,799 [Thread-2439] INFO  impl.RoleInfo (RoleInfo.java:shutdownFollowerState(121)) - 4b287a15-77af-487b-aef7-34d1d0ee189f: shutdown FollowerState
2019-10-16 21:02:05,799 [Thread-2439] INFO  impl.RaftServerImpl (RaftServerImpl.java:setRole(184)) - 4b287a15-77af-487b-aef7-34d1d0ee189f@group-83C26644CFDA: changes role from  FOLLOWER to CANDIDATE at term 358 for changeToCandidate
2019-10-16 21:02:05,799 [Thread-2439] INFO  impl.RoleInfo (RoleInfo.java:updateAndGet(143)) - 4b287a15-77af-487b-aef7-34d1d0ee189f: start LeaderElection
2019-10-16 21:02:05,834 [4b287a15-77af-487b-aef7-34d1d0ee189f@group-83C26644CFDA-LeaderElection343] INFO  impl.LeaderElection (LeaderElection.java:askForVotes(178)) - 4b287a15-77af-487b-aef7-34d1d0ee189f@group-83C26644CFDA-LeaderElection343: begin an election at term 359 for -1: [4b287a15-77af-487b-aef7-34d1d0ee189f:192.168.34.38:38597, 0aa3649f-570d-46c6-937f-492d7f3a8364:192.168.34.38:33209, 4a03179f-3169-4ac7-a075-259968512ef0:192.168.34.38:45833], old=null
2019-10-16 21:02:05,836 [grpc-default-executor-1] INFO  impl.RaftServerImpl (RaftServerImpl.java:setRole(184)) - 0aa3649f-570d-46c6-937f-492d7f3a8364@group-83C26644CFDA: changes role from  FOLLOWER to FOLLOWER at term 359 for recognizeCandidate:4b287a15-77af-487b-aef7-34d1d0ee189f
2019-10-16 21:02:05,837 [grpc-default-executor-2] INFO  impl.RaftServerImpl (RaftServerImpl.java:setRole(184)) - 4a03179f-3169-4ac7-a075-259968512ef0@group-83C26644CFDA: changes role from  FOLLOWER to FOLLOWER at term 359 for recognizeCandidate:4b287a15-77af-487b-aef7-34d1d0ee189f
2019-10-16 21:02:05,837 [grpc-default-executor-2] INFO  impl.RoleInfo (RoleInfo.java:shutdownFollowerState(121)) - 4a03179f-3169-4ac7-a075-259968512ef0: shutdown FollowerState
2019-10-16 21:02:05,837 [grpc-default-executor-1] INFO  impl.RoleInfo (RoleInfo.java:shutdownFollowerState(121)) - 0aa3649f-570d-46c6-937f-492d7f3a8364: shutdown FollowerState
2019-10-16 21:02:05,837 [Thread-2438] INFO  impl.FollowerState (FollowerState.java:run(117)) - 4a03179f-3169-4ac7-a075-259968512ef0@group-83C26644CFDA-FollowerState was interrupted: java.lang.InterruptedException: sleep interrupted
2019-10-16 21:02:05,837 [grpc-default-executor-2] INFO  impl.RoleInfo (RoleInfo.java:updateAndGet(143)) - 4a03179f-3169-4ac7-a075-259968512ef0: start FollowerState
2019-10-16 21:02:05,837 [Thread-2437] INFO  impl.FollowerState (FollowerState.java:run(117)) - 0aa3649f-570d-46c6-937f-492d7f3a8364@group-83C26644CFDA-FollowerState was interrupted: java.lang.InterruptedException: sleep interrupted
2019-10-16 21:02:05,837 [grpc-default-executor-1] INFO  impl.RoleInfo (RoleInfo.java:updateAndGet(143)) - 0aa3649f-570d-46c6-937f-492d7f3a8364: start FollowerState
2019-10-16 21:02:05,853 [4b287a15-77af-487b-aef7-34d1d0ee189f@group-83C26644CFDA-LeaderElection343] INFO  impl.LeaderElection (LeaderElection.java:logAndReturn(56)) - 4b287a15-77af-487b-aef7-34d1d0ee189f@group-83C26644CFDA-LeaderElection343: Election REJECTED; received 2 response(s) [4b287a15-77af-487b-aef7-34d1d0ee189f<-0aa3649f-570d-46c6-937f-492d7f3a8364#0:FAIL-t359, 4b287a15-77af-487b-aef7-34d1d0ee189f<-4a03179f-3169-4ac7-a075-259968512ef0#0:FAIL-t359] and 0 exception(s); 4b287a15-77af-487b-aef7-34d1d0ee189f@group-83C26644CFDA:t359, leader=null, voted=4b287a15-77af-487b-aef7-34d1d0ee189f, raftlog=4b287a15-77af-487b-aef7-34d1d0ee189f@group-83C26644CFDA-SegmentedRaftLog:OPENED:c-1,f-1,i0, conf=-1: [4b287a15-77af-487b-aef7-34d1d0ee189f:192.168.34.38:38597, 0aa3649f-570d-46c6-937f-492d7f3a8364:192.168.34.38:33209, 4a03179f-3169-4ac7-a075-259968512ef0:192.168.34.38:45833], old=null
2019-10-16 21:02:05,853 [4b287a15-77af-487b-aef7-34d1d0ee189f@group-83C26644CFDA-LeaderElection343] INFO  impl.RaftServerImpl (RaftServerImpl.java:setRole(184)) - 4b287a15-77af-487b-aef7-34d1d0ee189f@group-83C26644CFDA: changes role from CANDIDATE to FOLLOWER at term 359 for DISCOVERED_A_NEW_TERM
2019-10-16 21:02:05,853 [4b287a15-77af-487b-aef7-34d1d0ee189f@group-83C26644CFDA-LeaderElection343] INFO  impl.RoleInfo (RoleInfo.java:shutdownLeaderElection(134)) - 4b287a15-77af-487b-aef7-34d1d0ee189f: shutdown LeaderElection
2019-10-16 21:02:05,854 [4b287a15-77af-487b-aef7-34d1d0ee189f@group-83C26644CFDA-LeaderElection343] INFO  impl.RoleInfo (RoleInfo.java:updateAndGet(143)) - 4b287a15-77af-487b-aef7-34d1d0ee189f: start FollowerState
2019-10-16 21:02:05,965 [Thread-2445] INFO  impl.FollowerState (FollowerState.java:run(108)) - 4b287a15-77af-487b-aef7-34d1d0ee189f@group-83C26644CFDA-FollowerState: change to CANDIDATE, lastRpcTime:111ms, electionTimeout:111ms
2019-10-16 21:02:05,965 [Thread-2445] INFO  impl.RoleInfo (RoleInfo.java:shutdownFollowerState(121)) - 4b287a15-77af-487b-aef7-34d1d0ee189f: shutdown FollowerState
2019-10-16 21:02:05,965 [Thread-2445] INFO  impl.RaftServerImpl (RaftServerImpl.java:setRole(184)) - 4b287a15-77af-487b-aef7-34d1d0ee189f@group-83C26644CFDA: changes role from  FOLLOWER to CANDIDATE at term 359 for changeToCandidate
2019-10-16 21:02:05,966 [Thread-2445] INFO  impl.RoleInfo (RoleInfo.java:updateAndGet(143)) - 4b287a15-77af-487b-aef7-34d1d0ee189f: start LeaderElection
2019-10-16 21:02:05,976 [4b287a15-77af-487b-aef7-34d1d0ee189f@group-83C26644CFDA-LeaderElection344] INFO  impl.LeaderElection (LeaderElection.java:askForVotes(178)) - 4b287a15-77af-487b-aef7-34d1d0ee189f@group-83C26644CFDA-LeaderElection344: begin an election at term 360 for -1: [4b287a15-77af-487b-aef7-34d1d0ee189f:192.168.34.38:38597, 0aa3649f-570d-46c6-937f-492d7f3a8364:192.168.34.38:33209, 4a03179f-3169-4ac7-a075-259968512ef0:192.168.34.38:45833], old=null
2019-10-16 21:02:05,978 [grpc-default-executor-1] INFO  impl.RaftServerImpl (RaftServerImpl.java:setRole(184)) - 0aa3649f-570d-46c6-937f-492d7f3a8364@group-83C26644CFDA: changes role from  FOLLOWER to FOLLOWER at term 360 for recognizeCandidate:4b287a15-77af-487b-aef7-34d1d0ee189f
2019-10-16 21:02:05,978 [grpc-default-executor-2] INFO  impl.RaftServerImpl (RaftServerImpl.java:setRole(184)) - 4a03179f-3169-4ac7-a075-259968512ef0@group-83C26644CFDA: changes role from  FOLLOWER to FOLLOWER at term 360 for recognizeCandidate:4b287a15-77af-487b-aef7-34d1d0ee189f
2019-10-16 21:02:05,978 [grpc-default-executor-2] INFO  impl.RoleInfo (RoleInfo.java:shutdownFollowerState(121)) - 4a03179f-3169-4ac7-a075-259968512ef0: shutdown FollowerState
2019-10-16 21:02:05,978 [grpc-default-executor-1] INFO  impl.RoleInfo (RoleInfo.java:shutdownFollowerState(121)) - 0aa3649f-570d-46c6-937f-492d7f3a8364: shutdown FollowerState
2019-10-16 21:02:05,978 [Thread-2443] INFO  impl.FollowerState (FollowerState.java:run(117)) - 4a03179f-3169-4ac7-a075-259968512ef0@group-83C26644CFDA-FollowerState was interrupted: java.lang.InterruptedException: sleep interrupted
2019-10-16 21:02:05,978 [grpc-default-executor-2] INFO  impl.RoleInfo (RoleInfo.java:updateAndGet(143)) - 4a03179f-3169-4ac7-a075-259968512ef0: start FollowerState
2019-10-16 21:02:05,978 [Thread-2444] INFO  impl.FollowerState (FollowerState.java:run(117)) - 0aa3649f-570d-46c6-937f-492d7f3a8364@group-83C26644CFDA-FollowerState was interrupted: java.lang.InterruptedException: sleep interrupted
2019-10-16 21:02:05,978 [grpc-default-executor-1] INFO  impl.RoleInfo (RoleInfo.java:updateAndGet(143)) - 0aa3649f-570d-46c6-937f-492d7f3a8364: start FollowerState
2019-10-16 21:02:05,994 [4b287a15-77af-487b-aef7-34d1d0ee189f@group-83C26644CFDA-LeaderElection344] INFO  impl.LeaderElection (LeaderElection.java:logAndReturn(56)) - 4b287a15-77af-487b-aef7-34d1d0ee189f@group-83C26644CFDA-LeaderElection344: Election REJECTED; received 2 response(s) [4b287a15-77af-487b-aef7-34d1d0ee189f<-0aa3649f-570d-46c6-937f-492d7f3a8364#0:FAIL-t360, 4b287a15-77af-487b-aef7-34d1d0ee189f<-4a03179f-3169-4ac7-a075-259968512ef0#0:FAIL-t360] and 0 exception(s); 4b287a15-77af-487b-aef7-34d1d0ee189f@group-83C26644CFDA:t360, leader=null, voted=4b287a15-77af-487b-aef7-34d1d0ee189f, raftlog=4b287a15-77af-487b-aef7-34d1d0ee189f@group-83C26644CFDA-SegmentedRaftLog:OPENED:c-1,f-1,i0, conf=-1: [4b287a15-77af-487b-aef7-34d1d0ee189f:192.168.34.38:38597, 0aa3649f-570d-46c6-937f-492d7f3a8364:192.168.34.38:33209, 4a03179f-3169-4ac7-a075-259968512ef0:192.168.34.38:45833], old=null
2019-10-16 21:02:05,994 [4b287a15-77af-487b-aef7-34d1d0ee189f@group-83C26644CFDA-LeaderElection344] INFO  impl.RaftServerImpl (RaftServerImpl.java:setRole(184)) - 4b287a15-77af-487b-aef7-34d1d0ee189f@group-83C26644CFDA: changes role from CANDIDATE to FOLLOWER at term 360 for DISCOVERED_A_NEW_TERM
2019-10-16 21:02:05,994 [4b287a15-77af-487b-aef7-34d1d0ee189f@group-83C26644CFDA-LeaderElection344] INFO  impl.RoleInfo (RoleInfo.java:shutdownLeaderElection(134)) - 4b287a15-77af-487b-aef7-34d1d0ee189f: shutdown LeaderElection
2019-10-16 21:02:05,994 [4b287a15-77af-487b-aef7-34d1d0ee189f@group-83C26644CFDA-LeaderElection344] INFO  impl.RoleInfo (RoleInfo.java:updateAndGet(143)) - 4b287a15-77af-487b-aef7-34d1d0ee189f: start FollowerState
2019-10-16 21:02:06,121 [Thread-2451] INFO  impl.FollowerState (FollowerState.java:run(108)) - 4b287a15-77af-487b-aef7-34d1d0ee189f@group-83C26644CFDA-FollowerState: change to CANDIDATE, lastRpcTime:126ms, electionTimeout:126ms
2019-10-16 21:02:06,121 [Thread-2451] INFO  impl.RoleInfo (RoleInfo.java:shutdownFollowerState(121)) - 4b287a15-77af-487b-aef7-34d1d0ee189f: shutdown FollowerState
2019-10-16 21:02:06,121 [Thread-2451] INFO  impl.RaftServerImpl (RaftServerImpl.java:setRole(184)) - 4b287a15-77af-487b-aef7-34d1d0ee189f@group-83C26644CFDA: changes role from  FOLLOWER to CANDIDATE at term 360 for changeToCandidate
2019-10-16 21:02:06,121 [Thread-2451] INFO  impl.RoleInfo (RoleInfo.java:updateAndGet(143)) - 4b287a15-77af-487b-aef7-34d1d0ee189f: start LeaderElection
2019-10-16 21:02:06,145 [4b287a15-77af-487b-aef7-34d1d0ee189f@group-83C26644CFDA-LeaderElection345] INFO  impl.LeaderElection (LeaderElection.java:askForVotes(178)) - 4b287a15-77af-487b-aef7-34d1d0ee189f@group-83C26644CFDA-LeaderElection345: begin an election at term 361 for -1: [4b287a15-77af-487b-aef7-34d1d0ee189f:192.168.34.38:38597, 0aa3649f-570d-46c6-937f-492d7f3a8364:192.168.34.38:33209, 4a03179f-3169-4ac7-a075-259968512ef0:192.168.34.38:45833], old=null
2019-10-16 21:02:06,147 [grpc-default-executor-1] INFO  impl.RaftServerImpl (RaftServerImpl.java:setRole(184)) - 0aa3649f-570d-46c6-937f-492d7f3a8364@group-83C26644CFDA: changes role from  FOLLOWER to FOLLOWER at term 361 for recognizeCandidate:4b287a15-77af-487b-aef7-34d1d0ee189f
2019-10-16 21:02:06,147 [grpc-default-executor-2] INFO  impl.RaftServerImpl (RaftServerImpl.java:setRole(184)) - 4a03179f-3169-4ac7-a075-259968512ef0@group-83C26644CFDA: changes role from  FOLLOWER to FOLLOWER at term 361 for recognizeCandidate:4b287a15-77af-487b-aef7-34d1d0ee189f
2019-10-16 21:02:06,147 [grpc-default-executor-1] INFO  impl.RoleInfo (RoleInfo.java:shutdownFollowerState(121)) - 0aa3649f-570d-46c6-937f-492d7f3a8364: shutdown FollowerState
2019-10-16 21:02:06,148 [grpc-default-executor-2] INFO  impl.RoleInfo (RoleInfo.java:shutdownFollowerState(121)) - 4a03179f-3169-4ac7-a075-259968512ef0: shutdown FollowerState
2019-10-16 21:02:06,148 [Thread-2450] INFO  impl.FollowerState (FollowerState.java:run(117)) - 0aa3649f-570d-46c6-937f-492d7f3a8364@group-83C26644CFDA-FollowerState was interrupted: java.lang.InterruptedException: sleep interrupted
2019-10-16 21:02:06,148 [grpc-default-executor-1] INFO  impl.RoleInfo (RoleInfo.java:updateAndGet(143)) - 0aa3649f-570d-46c6-937f-492d7f3a8364: start FollowerState
2019-10-16 21:02:06,148 [Thread-2449] INFO  impl.FollowerState (FollowerState.java:run(117)) - 4a03179f-3169-4ac7-a075-259968512ef0@group-83C26644CFDA-FollowerState was interrupted: java.lang.InterruptedException: sleep interrupted
2019-10-16 21:02:06,148 [grpc-default-executor-2] INFO  impl.RoleInfo (RoleInfo.java:updateAndGet(143)) - 4a03179f-3169-4ac7-a075-259968512ef0: start FollowerState
2019-10-16 21:02:06,163 [4b287a15-77af-487b-aef7-34d1d0ee189f@group-83C26644CFDA-LeaderElection345] INFO  impl.LeaderElection (LeaderElection.java:logAndReturn(56)) - 4b287a15-77af-487b-aef7-34d1d0ee189f@group-83C26644CFDA-LeaderElection345: Election REJECTED; received 2 response(s) [4b287a15-77af-487b-aef7-34d1d0ee189f<-0aa3649f-570d-46c6-937f-492d7f3a8364#0:FAIL-t361, 4b287a15-77af-487b-aef7-34d1d0ee189f<-4a03179f-3169-4ac7-a075-259968512ef0#0:FAIL-t361] and 0 exception(s); 4b287a15-77af-487b-aef7-34d1d0ee189f@group-83C26644CFDA:t361, leader=null, voted=4b287a15-77af-487b-aef7-34d1d0ee189f, raftlog=4b287a15-77af-487b-aef7-34d1d0ee189f@group-83C26644CFDA-SegmentedRaftLog:OPENED:c-1,f-1,i0, conf=-1: [4b287a15-77af-487b-aef7-34d1d0ee189f:192.168.34.38:38597, 0aa3649f-570d-46c6-937f-492d7f3a8364:192.168.34.38:33209, 4a03179f-3169-4ac7-a075-259968512ef0:192.168.34.38:45833], old=null
2019-10-16 21:02:06,163 [4b287a15-77af-487b-aef7-34d1d0ee189f@group-83C26644CFDA-LeaderElection345] INFO  impl.RaftServerImpl (RaftServerImpl.java:setRole(184)) - 4b287a15-77af-487b-aef7-34d1d0ee189f@group-83C26644CFDA: changes role from CANDIDATE to FOLLOWER at term 361 for DISCOVERED_A_NEW_TERM
2019-10-16 21:02:06,164 [4b287a15-77af-487b-aef7-34d1d0ee189f@group-83C26644CFDA-LeaderElection345] INFO  impl.RoleInfo (RoleInfo.java:shutdownLeaderElection(134)) - 4b287a15-77af-487b-aef7-34d1d0ee189f: shutdown LeaderElection
2019-10-16 21:02:06,164 [4b287a15-77af-487b-aef7-34d1d0ee189f@group-83C26644CFDA-LeaderElection345] INFO  impl.RoleInfo (RoleInfo.java:updateAndGet(143)) - 4b287a15-77af-487b-aef7-34d1d0ee189f: start FollowerState
2019-10-16 21:02:06,302 [Thread-2457] INFO  impl.FollowerState (FollowerState.java:run(108)) - 4b287a15-77af-487b-aef7-34d1d0ee189f@group-83C26644CFDA-FollowerState: change to CANDIDATE, lastRpcTime:138ms, electionTimeout:138ms
2019-10-16 21:02:06,302 [Thread-2457] INFO  impl.RoleInfo (RoleInfo.java:shutdownFollowerState(121)) - 4b287a15-77af-487b-aef7-34d1d0ee189f: shutdown FollowerState
2019-10-16 21:02:06,302 [Thread-2457] INFO  impl.RaftServerImpl (RaftServerImpl.java:setRole(184)) - 4b287a15-77af-487b-aef7-34d1d0ee189f@group-83C26644CFDA: changes role from  FOLLOWER to CANDIDATE at term 361 for changeToCandidate
2019-10-16 21:02:06,303 [Thread-2457] INFO  impl.RoleInfo (RoleInfo.java:updateAndGet(143)) - 4b287a15-77af-487b-aef7-34d1d0ee189f: start LeaderElection
2019-10-16 21:02:06,318 [4b287a15-77af-487b-aef7-34d1d0ee189f@group-83C26644CFDA-LeaderElection346] INFO  impl.LeaderElection (LeaderElection.java:askForVotes(178)) - 4b287a15-77af-487b-aef7-34d1d0ee189f@group-83C26644CFDA-LeaderElection346: begin an election at term 362 for -1: [4b287a15-77af-487b-aef7-34d1d0ee189f:192.168.34.38:38597, 0aa3649f-570d-46c6-937f-492d7f3a8364:192.168.34.38:33209, 4a03179f-3169-4ac7-a075-259968512ef0:192.168.34.38:45833], old=null
2019-10-16 21:02:06,320 [grpc-default-executor-2] INFO  impl.RaftServerImpl (RaftServerImpl.java:setRole(184)) - 0aa3649f-570d-46c6-937f-492d7f3a8364@group-83C26644CFDA: changes role from  FOLLOWER to FOLLOWER at term 362 for recognizeCandidate:4b287a15-77af-487b-aef7-34d1d0ee189f
2019-10-16 21:02:06,320 [grpc-default-executor-1] INFO  impl.RaftServerImpl (RaftServerImpl.java:setRole(184)) - 4a03179f-3169-4ac7-a075-259968512ef0@group-83C26644CFDA: changes role from  FOLLOWER to FOLLOWER at term 362 for recognizeCandidate:4b287a15-77af-487b-aef7-34d1d0ee189f
2019-10-16 21:02:06,320 [grpc-default-executor-2] INFO  impl.RoleInfo (RoleInfo.java:shutdownFollowerState(121)) - 0aa3649f-570d-46c6-937f-492d7f3a8364: shutdown FollowerState
2019-10-16 21:02:06,320 [grpc-default-executor-1] INFO  impl.RoleInfo (RoleInfo.java:shutdownFollowerState(121)) - 4a03179f-3169-4ac7-a075-259968512ef0: shutdown FollowerState
2019-10-16 21:02:06,321 [Thread-2455] INFO  impl.FollowerState (FollowerState.java:run(117)) - 0aa3649f-570d-46c6-937f-492d7f3a8364@group-83C26644CFDA-FollowerState was interrupted: java.lang.InterruptedException: sleep interrupted
2019-10-16 21:02:06,321 [grpc-default-executor-2] INFO  impl.RoleInfo (RoleInfo.java:updateAndGet(143)) - 0aa3649f-570d-46c6-937f-492d7f3a8364: start FollowerState
2019-10-16 21:02:06,321 [Thread-2456] INFO  impl.FollowerState (FollowerState.java:run(117)) - 4a03179f-3169-4ac7-a075-259968512ef0@group-83C26644CFDA-FollowerState was interrupted: java.lang.InterruptedException: sleep interrupted
2019-10-16 21:02:06,321 [grpc-default-executor-1] INFO  impl.RoleInfo (RoleInfo.java:updateAndGet(143)) - 4a03179f-3169-4ac7-a075-259968512ef0: start FollowerState
2019-10-16 21:02:06,337 [4b287a15-77af-487b-aef7-34d1d0ee189f@group-83C26644CFDA-LeaderElection346] INFO  impl.LeaderElection (LeaderElection.java:logAndReturn(56)) - 4b287a15-77af-487b-aef7-34d1d0ee189f@group-83C26644CFDA-LeaderElection346: Election REJECTED; received 2 response(s) [4b287a15-77af-487b-aef7-34d1d0ee189f<-0aa3649f-570d-46c6-937f-492d7f3a8364#0:FAIL-t362, 4b287a15-77af-487b-aef7-34d1d0ee189f<-4a03179f-3169-4ac7-a075-259968512ef0#0:FAIL-t362] and 0 exception(s); 4b287a15-77af-487b-aef7-34d1d0ee189f@group-83C26644CFDA:t362, leader=null, voted=4b287a15-77af-487b-aef7-34d1d0ee189f, raftlog=4b287a15-77af-487b-aef7-34d1d0ee189f@group-83C26644CFDA-SegmentedRaftLog:OPENED:c-1,f-1,i0, conf=-1: [4b287a15-77af-487b-aef7-34d1d0ee189f:192.168.34.38:38597, 0aa3649f-570d-46c6-937f-492d7f3a8364:192.168.34.38:33209, 4a03179f-3169-4ac7-a075-259968512ef0:192.168.34.38:45833], old=null
2019-10-16 21:02:06,337 [4b287a15-77af-487b-aef7-34d1d0ee189f@group-83C26644CFDA-LeaderElection346] INFO  impl.RaftServerImpl (RaftServerImpl.java:setRole(184)) - 4b287a15-77af-487b-aef7-34d1d0ee189f@group-83C26644CFDA: changes role from CANDIDATE to FOLLOWER at term 362 for DISCOVERED_A_NEW_TERM
2019-10-16 21:02:06,337 [4b287a15-77af-487b-aef7-34d1d0ee189f@group-83C26644CFDA-LeaderElection346] INFO  impl.RoleInfo (RoleInfo.java:shutdownLeaderElection(134)) - 4b287a15-77af-487b-aef7-34d1d0ee189f: shutdown LeaderElection
2019-10-16 21:02:06,337 [4b287a15-77af-487b-aef7-34d1d0ee189f@group-83C26644CFDA-LeaderElection346] INFO  impl.RoleInfo (RoleInfo.java:updateAndGet(143)) - 4b287a15-77af-487b-aef7-34d1d0ee189f: start FollowerState
2019-10-16 21:02:06,363 [main] INFO  ozone.MiniOzoneClusterImpl (MiniOzoneClusterImpl.java:lambda$waitForClusterToBeReady$2(164)) - Waiting for 1 number of pipelines out of 4, to report a leader.
2019-10-16 21:02:06,531 [Thread-2463] INFO  impl.FollowerState (FollowerState.java:run(108)) - 4b287a15-77af-487b-aef7-34d1d0ee189f@group-83C26644CFDA-FollowerState: change to CANDIDATE, lastRpcTime:193ms, electionTimeout:193ms
2019-10-16 21:02:06,531 [Thread-2463] INFO  impl.RoleInfo (RoleInfo.java:shutdownFollowerState(121)) - 4b287a15-77af-487b-aef7-34d1d0ee189f: shutdown FollowerState
2019-10-16 21:02:06,531 [Thread-2463] INFO  impl.RaftServerImpl (RaftServerImpl.java:setRole(184)) - 4b287a15-77af-487b-aef7-34d1d0ee189f@group-83C26644CFDA: changes role from  FOLLOWER to CANDIDATE at term 362 for changeToCandidate
2019-10-16 21:02:06,531 [Thread-2463] INFO  impl.RoleInfo (RoleInfo.java:updateAndGet(143)) - 4b287a15-77af-487b-aef7-34d1d0ee189f: start LeaderElection
2019-10-16 21:02:06,545 [4b287a15-77af-487b-aef7-34d1d0ee189f@group-83C26644CFDA-LeaderElection347] INFO  impl.LeaderElection (LeaderElection.java:askForVotes(178)) - 4b287a15-77af-487b-aef7-34d1d0ee189f@group-83C26644CFDA-LeaderElection347: begin an election at term 363 for -1: [4b287a15-77af-487b-aef7-34d1d0ee189f:192.168.34.38:38597, 0aa3649f-570d-46c6-937f-492d7f3a8364:192.168.34.38:33209, 4a03179f-3169-4ac7-a075-259968512ef0:192.168.34.38:45833], old=null
2019-10-16 21:02:06,547 [grpc-default-executor-2] INFO  impl.RaftServerImpl (RaftServerImpl.java:setRole(184)) - 4a03179f-3169-4ac7-a075-259968512ef0@group-83C26644CFDA: changes role from  FOLLOWER to FOLLOWER at term 363 for recognizeCandidate:4b287a15-77af-487b-aef7-34d1d0ee189f
2019-10-16 21:02:06,547 [grpc-default-executor-1] INFO  impl.RaftServerImpl (RaftServerImpl.java:setRole(184)) - 0aa3649f-570d-46c6-937f-492d7f3a8364@group-83C26644CFDA: changes role from  FOLLOWER to FOLLOWER at term 363 for recognizeCandidate:4b287a15-77af-487b-aef7-34d1d0ee189f
2019-10-16 21:02:06,548 [grpc-default-executor-2] INFO  impl.RoleInfo (RoleInfo.java:shutdownFollowerState(121)) - 4a03179f-3169-4ac7-a075-259968512ef0: shutdown FollowerState
2019-10-16 21:02:06,548 [grpc-default-executor-1] INFO  impl.RoleInfo (RoleInfo.java:shutdownFollowerState(121)) - 0aa3649f-570d-46c6-937f-492d7f3a8364: shutdown FollowerState
2019-10-16 21:02:06,548 [Thread-2462] INFO  impl.FollowerState (FollowerState.java:run(117)) - 4a03179f-3169-4ac7-a075-259968512ef0@group-83C26644CFDA-FollowerState was interrupted: java.lang.InterruptedException: sleep interrupted
2019-10-16 21:02:06,548 [grpc-default-executor-2] INFO  impl.RoleInfo (RoleInfo.java:updateAndGet(143)) - 4a03179f-3169-4ac7-a075-259968512ef0: start FollowerState
2019-10-16 21:02:06,548 [Thread-2461] INFO  impl.FollowerState (FollowerState.java:run(117)) - 0aa3649f-570d-46c6-937f-492d7f3a8364@group-83C26644CFDA-FollowerState was interrupted: java.lang.InterruptedException: sleep interrupted
2019-10-16 21:02:06,548 [grpc-default-executor-1] INFO  impl.RoleInfo (RoleInfo.java:updateAndGet(143)) - 0aa3649f-570d-46c6-937f-492d7f3a8364: start FollowerState
2019-10-16 21:02:06,562 [4b287a15-77af-487b-aef7-34d1d0ee189f@group-83C26644CFDA-LeaderElection347] INFO  impl.LeaderElection (LeaderElection.java:logAndReturn(56)) - 4b287a15-77af-487b-aef7-34d1d0ee189f@group-83C26644CFDA-LeaderElection347: Election REJECTED; received 2 response(s) [4b287a15-77af-487b-aef7-34d1d0ee189f<-0aa3649f-570d-46c6-937f-492d7f3a8364#0:FAIL-t363, 4b287a15-77af-487b-aef7-34d1d0ee189f<-4a03179f-3169-4ac7-a075-259968512ef0#0:FAIL-t363] and 0 exception(s); 4b287a15-77af-487b-aef7-34d1d0ee189f@group-83C26644CFDA:t363, leader=null, voted=4b287a15-77af-487b-aef7-34d1d0ee189f, raftlog=4b287a15-77af-487b-aef7-34d1d0ee189f@group-83C26644CFDA-SegmentedRaftLog:OPENED:c-1,f-1,i0, conf=-1: [4b287a15-77af-487b-aef7-34d1d0ee189f:192.168.34.38:38597, 0aa3649f-570d-46c6-937f-492d7f3a8364:192.168.34.38:33209, 4a03179f-3169-4ac7-a075-259968512ef0:192.168.34.38:45833], old=null
2019-10-16 21:02:06,562 [4b287a15-77af-487b-aef7-34d1d0ee189f@group-83C26644CFDA-LeaderElection347] INFO  impl.RaftServerImpl (RaftServerImpl.java:setRole(184)) - 4b287a15-77af-487b-aef7-34d1d0ee189f@group-83C26644CFDA: changes role from CANDIDATE to FOLLOWER at term 363 for DISCOVERED_A_NEW_TERM
2019-10-16 21:02:06,563 [4b287a15-77af-487b-aef7-34d1d0ee189f@group-83C26644CFDA-LeaderElection347] INFO  impl.RoleInfo (RoleInfo.java:shutdownLeaderElection(134)) - 4b287a15-77af-487b-aef7-34d1d0ee189f: shutdown LeaderElection
2019-10-16 21:02:06,563 [4b287a15-77af-487b-aef7-34d1d0ee189f@group-83C26644CFDA-LeaderElection347] INFO  impl.RoleInfo (RoleInfo.java:updateAndGet(143)) - 4b287a15-77af-487b-aef7-34d1d0ee189f: start FollowerState
2019-10-16 21:02:06,661 [Thread-2469] INFO  impl.FollowerState (FollowerState.java:run(108)) - 4b287a15-77af-487b-aef7-34d1d0ee189f@group-83C26644CFDA-FollowerState: change to CANDIDATE, lastRpcTime:98ms, electionTimeout:98ms
2019-10-16 21:02:06,661 [Thread-2469] INFO  impl.RoleInfo (RoleInfo.java:shutdownFollowerState(121)) - 4b287a15-77af-487b-aef7-34d1d0ee189f: shutdown FollowerState
2019-10-16 21:02:06,662 [Thread-2469] INFO  impl.RaftServerImpl (RaftServerImpl.java:setRole(184)) - 4b287a15-77af-487b-aef7-34d1d0ee189f@group-83C26644CFDA: changes role from  FOLLOWER to CANDIDATE at term 363 for changeToCandidate
2019-10-16 21:02:06,662 [Thread-2469] INFO  impl.RoleInfo (RoleInfo.java:updateAndGet(143)) - 4b287a15-77af-487b-aef7-34d1d0ee189f: start LeaderElection
2019-10-16 21:02:06,675 [4b287a15-77af-487b-aef7-34d1d0ee189f@group-83C26644CFDA-LeaderElection348] INFO  impl.LeaderElection (LeaderElection.java:askForVotes(178)) - 4b287a15-77af-487b-aef7-34d1d0ee189f@group-83C26644CFDA-LeaderElection348: begin an election at term 364 for -1: [4b287a15-77af-487b-aef7-34d1d0ee189f:192.168.34.38:38597, 0aa3649f-570d-46c6-937f-492d7f3a8364:192.168.34.38:33209, 4a03179f-3169-4ac7-a075-259968512ef0:192.168.34.38:45833], old=null
2019-10-16 21:02:06,677 [grpc-default-executor-1] INFO  impl.RaftServerImpl (RaftServerImpl.java:setRole(184)) - 4a03179f-3169-4ac7-a075-259968512ef0@group-83C26644CFDA: changes role from  FOLLOWER to FOLLOWER at term 364 for recognizeCandidate:4b287a15-77af-487b-aef7-34d1d0ee189f
2019-10-16 21:02:06,677 [grpc-default-executor-2] INFO  impl.RaftServerImpl (RaftServerImpl.java:setRole(184)) - 0aa3649f-570d-46c6-937f-492d7f3a8364@group-83C26644CFDA: changes role from  FOLLOWER to FOLLOWER at term 364 for recognizeCandidate:4b287a15-77af-487b-aef7-34d1d0ee189f
2019-10-16 21:02:06,678 [grpc-default-executor-1] INFO  impl.RoleInfo (RoleInfo.java:shutdownFollowerState(121)) - 4a03179f-3169-4ac7-a075-259968512ef0: shutdown FollowerState
2019-10-16 21:02:06,678 [grpc-default-executor-2] INFO  impl.RoleInfo (RoleInfo.java:shutdownFollowerState(121)) - 0aa3649f-570d-46c6-937f-492d7f3a8364: shutdown FollowerState
2019-10-16 21:02:06,678 [Thread-2467] INFO  impl.FollowerState (FollowerState.java:run(117)) - 4a03179f-3169-4ac7-a075-259968512ef0@group-83C26644CFDA-FollowerState was interrupted: java.lang.InterruptedException: sleep interrupted
2019-10-16 21:02:06,678 [grpc-default-executor-1] INFO  impl.RoleInfo (RoleInfo.java:updateAndGet(143)) - 4a03179f-3169-4ac7-a075-259968512ef0: start FollowerState
2019-10-16 21:02:06,678 [Thread-2468] INFO  impl.FollowerState (FollowerState.java:run(117)) - 0aa3649f-570d-46c6-937f-492d7f3a8364@group-83C26644CFDA-FollowerState was interrupted: java.lang.InterruptedException: sleep interrupted
2019-10-16 21:02:06,678 [grpc-default-executor-2] INFO  impl.RoleInfo (RoleInfo.java:updateAndGet(143)) - 0aa3649f-570d-46c6-937f-492d7f3a8364: start FollowerState
2019-10-16 21:02:06,693 [4b287a15-77af-487b-aef7-34d1d0ee189f@group-83C26644CFDA-LeaderElection348] INFO  impl.LeaderElection (LeaderElection.java:logAndReturn(56)) - 4b287a15-77af-487b-aef7-34d1d0ee189f@group-83C26644CFDA-LeaderElection348: Election REJECTED; received 2 response(s) [4b287a15-77af-487b-aef7-34d1d0ee189f<-0aa3649f-570d-46c6-937f-492d7f3a8364#0:FAIL-t364, 4b287a15-77af-487b-aef7-34d1d0ee189f<-4a03179f-3169-4ac7-a075-259968512ef0#0:FAIL-t364] and 0 exception(s); 4b287a15-77af-487b-aef7-34d1d0ee189f@group-83C26644CFDA:t364, leader=null, voted=4b287a15-77af-487b-aef7-34d1d0ee189f, raftlog=4b287a15-77af-487b-aef7-34d1d0ee189f@group-83C26644CFDA-SegmentedRaftLog:OPENED:c-1,f-1,i0, conf=-1: [4b287a15-77af-487b-aef7-34d1d0ee189f:192.168.34.38:38597, 0aa3649f-570d-46c6-937f-492d7f3a8364:192.168.34.38:33209, 4a03179f-3169-4ac7-a075-259968512ef0:192.168.34.38:45833], old=null
2019-10-16 21:02:06,693 [4b287a15-77af-487b-aef7-34d1d0ee189f@group-83C26644CFDA-LeaderElection348] INFO  impl.RaftServerImpl (RaftServerImpl.java:setRole(184)) - 4b287a15-77af-487b-aef7-34d1d0ee189f@group-83C26644CFDA: changes role from CANDIDATE to FOLLOWER at term 364 for DISCOVERED_A_NEW_TERM
2019-10-16 21:02:06,693 [4b287a15-77af-487b-aef7-34d1d0ee189f@group-83C26644CFDA-LeaderElection348] INFO  impl.RoleInfo (RoleInfo.java:shutdownLeaderElection(134)) - 4b287a15-77af-487b-aef7-34d1d0ee189f: shutdown LeaderElection
2019-10-16 21:02:06,693 [4b287a15-77af-487b-aef7-34d1d0ee189f@group-83C26644CFDA-LeaderElection348] INFO  impl.RoleInfo (RoleInfo.java:updateAndGet(143)) - 4b287a15-77af-487b-aef7-34d1d0ee189f: start FollowerState
2019-10-16 21:02:06,879 [Thread-2475] INFO  impl.FollowerState (FollowerState.java:run(108)) - 4b287a15-77af-487b-aef7-34d1d0ee189f@group-83C26644CFDA-FollowerState: change to CANDIDATE, lastRpcTime:185ms, electionTimeout:185ms
2019-10-16 21:02:06,879 [Thread-2475] INFO  impl.RoleInfo (RoleInfo.java:shutdownFollowerState(121)) - 4b287a15-77af-487b-aef7-34d1d0ee189f: shutdown FollowerState
2019-10-16 21:02:06,879 [Thread-2475] INFO  impl.RaftServerImpl (RaftServerImpl.java:setRole(184)) - 4b287a15-77af-487b-aef7-34d1d0ee189f@group-83C26644CFDA: changes role from  FOLLOWER to CANDIDATE at term 364 for changeToCandidate
2019-10-16 21:02:06,879 [Thread-2475] INFO  impl.RoleInfo (RoleInfo.java:updateAndGet(143)) - 4b287a15-77af-487b-aef7-34d1d0ee189f: start LeaderElection
2019-10-16 21:02:06,894 [4b287a15-77af-487b-aef7-34d1d0ee189f@group-83C26644CFDA-LeaderElection349] INFO  impl.LeaderElection (LeaderElection.java:askForVotes(178)) - 4b287a15-77af-487b-aef7-34d1d0ee189f@group-83C26644CFDA-LeaderElection349: begin an election at term 365 for -1: [4b287a15-77af-487b-aef7-34d1d0ee189f:192.168.34.38:38597, 0aa3649f-570d-46c6-937f-492d7f3a8364:192.168.34.38:33209, 4a03179f-3169-4ac7-a075-259968512ef0:192.168.34.38:45833], old=null
2019-10-16 21:02:06,897 [grpc-default-executor-2] INFO  impl.RaftServerImpl (RaftServerImpl.java:setRole(184)) - 4a03179f-3169-4ac7-a075-259968512ef0@group-83C26644CFDA: changes role from  FOLLOWER to FOLLOWER at term 365 for recognizeCandidate:4b287a15-77af-487b-aef7-34d1d0ee189f
2019-10-16 21:02:06,897 [grpc-default-executor-1] INFO  impl.RaftServerImpl (RaftServerImpl.java:setRole(184)) - 0aa3649f-570d-46c6-937f-492d7f3a8364@group-83C26644CFDA: changes role from  FOLLOWER to FOLLOWER at term 365 for recognizeCandidate:4b287a15-77af-487b-aef7-34d1d0ee189f
2019-10-16 21:02:06,897 [grpc-default-executor-1] INFO  impl.RoleInfo (RoleInfo.java:shutdownFollowerState(121)) - 0aa3649f-570d-46c6-937f-492d7f3a8364: shutdown FollowerState
2019-10-16 21:02:06,897 [grpc-default-executor-2] INFO  impl.RoleInfo (RoleInfo.java:shutdownFollowerState(121)) - 4a03179f-3169-4ac7-a075-259968512ef0: shutdown FollowerState
2019-10-16 21:02:06,897 [grpc-default-executor-1] INFO  impl.RoleInfo (RoleInfo.java:updateAndGet(143)) - 0aa3649f-570d-46c6-937f-492d7f3a8364: start FollowerState
2019-10-16 21:02:06,897 [Thread-2473] INFO  impl.FollowerState (FollowerState.java:run(117)) - 4a03179f-3169-4ac7-a075-259968512ef0@group-83C26644CFDA-FollowerState was interrupted: java.lang.InterruptedException: sleep interrupted
2019-10-16 21:02:06,897 [grpc-default-executor-2] INFO  impl.RoleInfo (RoleInfo.java:updateAndGet(143)) - 4a03179f-3169-4ac7-a075-259968512ef0: start FollowerState
2019-10-16 21:02:06,897 [Thread-2474] INFO  impl.FollowerState (FollowerState.java:run(117)) - 0aa3649f-570d-46c6-937f-492d7f3a8364@group-83C26644CFDA-FollowerState was interrupted: java.lang.InterruptedException: sleep interrupted
2019-10-16 21:02:06,912 [4b287a15-77af-487b-aef7-34d1d0ee189f@group-83C26644CFDA-LeaderElection349] INFO  impl.LeaderElection (LeaderElection.java:logAndReturn(56)) - 4b287a15-77af-487b-aef7-34d1d0ee189f@group-83C26644CFDA-LeaderElection349: Election REJECTED; received 2 response(s) [4b287a15-77af-487b-aef7-34d1d0ee189f<-0aa3649f-570d-46c6-937f-492d7f3a8364#0:FAIL-t365, 4b287a15-77af-487b-aef7-34d1d0ee189f<-4a03179f-3169-4ac7-a075-259968512ef0#0:FAIL-t365] and 0 exception(s); 4b287a15-77af-487b-aef7-34d1d0ee189f@group-83C26644CFDA:t365, leader=null, voted=4b287a15-77af-487b-aef7-34d1d0ee189f, raftlog=4b287a15-77af-487b-aef7-34d1d0ee189f@group-83C26644CFDA-SegmentedRaftLog:OPENED:c-1,f-1,i0, conf=-1: [4b287a15-77af-487b-aef7-34d1d0ee189f:192.168.34.38:38597, 0aa3649f-570d-46c6-937f-492d7f3a8364:192.168.34.38:33209, 4a03179f-3169-4ac7-a075-259968512ef0:192.168.34.38:45833], old=null
2019-10-16 21:02:06,912 [4b287a15-77af-487b-aef7-34d1d0ee189f@group-83C26644CFDA-LeaderElection349] INFO  impl.RaftServerImpl (RaftServerImpl.java:setRole(184)) - 4b287a15-77af-487b-aef7-34d1d0ee189f@group-83C26644CFDA: changes role from CANDIDATE to FOLLOWER at term 365 for DISCOVERED_A_NEW_TERM
2019-10-16 21:02:06,912 [4b287a15-77af-487b-aef7-34d1d0ee189f@group-83C26644CFDA-LeaderElection349] INFO  impl.RoleInfo (RoleInfo.java:shutdownLeaderElection(134)) - 4b287a15-77af-487b-aef7-34d1d0ee189f: shutdown LeaderElection
2019-10-16 21:02:06,912 [4b287a15-77af-487b-aef7-34d1d0ee189f@group-83C26644CFDA-LeaderElection349] INFO  impl.RoleInfo (RoleInfo.java:updateAndGet(143)) - 4b287a15-77af-487b-aef7-34d1d0ee189f: start FollowerState
2019-10-16 21:02:06,940 [Thread-2481] INFO  impl.FollowerState (FollowerState.java:run(108)) - 4b287a15-77af-487b-aef7-34d1d0ee189f@group-83C26644CFDA-FollowerState: change to CANDIDATE, lastRpcTime:27ms, electionTimeout:27ms
2019-10-16 21:02:06,940 [Thread-2481] INFO  impl.RoleInfo (RoleInfo.java:shutdownFollowerState(121)) - 4b287a15-77af-487b-aef7-34d1d0ee189f: shutdown FollowerState
2019-10-16 21:02:06,940 [Thread-2481] INFO  impl.RaftServerImpl (RaftServerImpl.java:setRole(184)) - 4b287a15-77af-487b-aef7-34d1d0ee189f@group-83C26644CFDA: changes role from  FOLLOWER to CANDIDATE at term 365 for changeToCandidate
2019-10-16 21:02:06,940 [Thread-2481] INFO  impl.RoleInfo (RoleInfo.java:updateAndGet(143)) - 4b287a15-77af-487b-aef7-34d1d0ee189f: start LeaderElection
2019-10-16 21:02:06,968 [4b287a15-77af-487b-aef7-34d1d0ee189f@group-83C26644CFDA-LeaderElection350] INFO  impl.LeaderElection (LeaderElection.java:askForVotes(178)) - 4b287a15-77af-487b-aef7-34d1d0ee189f@group-83C26644CFDA-LeaderElection350: begin an election at term 366 for -1: [4b287a15-77af-487b-aef7-34d1d0ee189f:192.168.34.38:38597, 0aa3649f-570d-46c6-937f-492d7f3a8364:192.168.34.38:33209, 4a03179f-3169-4ac7-a075-259968512ef0:192.168.34.38:45833], old=null
2019-10-16 21:02:06,970 [grpc-default-executor-2] INFO  impl.RaftServerImpl (RaftServerImpl.java:setRole(184)) - 0aa3649f-570d-46c6-937f-492d7f3a8364@group-83C26644CFDA: changes role from  FOLLOWER to FOLLOWER at term 366 for recognizeCandidate:4b287a15-77af-487b-aef7-34d1d0ee189f
2019-10-16 21:02:06,970 [grpc-default-executor-1] INFO  impl.RaftServerImpl (RaftServerImpl.java:setRole(184)) - 4a03179f-3169-4ac7-a075-259968512ef0@group-83C26644CFDA: changes role from  FOLLOWER to FOLLOWER at term 366 for recognizeCandidate:4b287a15-77af-487b-aef7-34d1d0ee189f
2019-10-16 21:02:06,970 [grpc-default-executor-2] INFO  impl.RoleInfo (RoleInfo.java:shutdownFollowerState(121)) - 0aa3649f-570d-46c6-937f-492d7f3a8364: shutdown FollowerState
2019-10-16 21:02:06,970 [grpc-default-executor-1] INFO  impl.RoleInfo (RoleInfo.java:shutdownFollowerState(121)) - 4a03179f-3169-4ac7-a075-259968512ef0: shutdown FollowerState
2019-10-16 21:02:06,970 [Thread-2479] INFO  impl.FollowerState (FollowerState.java:run(117)) - 0aa3649f-570d-46c6-937f-492d7f3a8364@group-83C26644CFDA-FollowerState was interrupted: java.lang.InterruptedException: sleep interrupted
2019-10-16 21:02:06,970 [grpc-default-executor-2] INFO  impl.RoleInfo (RoleInfo.java:updateAndGet(143)) - 0aa3649f-570d-46c6-937f-492d7f3a8364: start FollowerState
2019-10-16 21:02:06,971 [grpc-default-executor-1] INFO  impl.RoleInfo (RoleInfo.java:updateAndGet(143)) - 4a03179f-3169-4ac7-a075-259968512ef0: start FollowerState
2019-10-16 21:02:06,971 [Thread-2480] INFO  impl.FollowerState (FollowerState.java:run(117)) - 4a03179f-3169-4ac7-a075-259968512ef0@group-83C26644CFDA-FollowerState was interrupted: java.lang.InterruptedException: sleep interrupted
2019-10-16 21:02:06,994 [4b287a15-77af-487b-aef7-34d1d0ee189f@group-83C26644CFDA-LeaderElection350] INFO  impl.LeaderElection (LeaderElection.java:logAndReturn(56)) - 4b287a15-77af-487b-aef7-34d1d0ee189f@group-83C26644CFDA-LeaderElection350: Election REJECTED; received 2 response(s) [4b287a15-77af-487b-aef7-34d1d0ee189f<-0aa3649f-570d-46c6-937f-492d7f3a8364#0:FAIL-t366, 4b287a15-77af-487b-aef7-34d1d0ee189f<-4a03179f-3169-4ac7-a075-259968512ef0#0:FAIL-t366] and 0 exception(s); 4b287a15-77af-487b-aef7-34d1d0ee189f@group-83C26644CFDA:t366, leader=null, voted=4b287a15-77af-487b-aef7-34d1d0ee189f, raftlog=4b287a15-77af-487b-aef7-34d1d0ee189f@group-83C26644CFDA-SegmentedRaftLog:OPENED:c-1,f-1,i0, conf=-1: [4b287a15-77af-487b-aef7-34d1d0ee189f:192.168.34.38:38597, 0aa3649f-570d-46c6-937f-492d7f3a8364:192.168.34.38:33209, 4a03179f-3169-4ac7-a075-259968512ef0:192.168.34.38:45833], old=null
2019-10-16 21:02:06,994 [4b287a15-77af-487b-aef7-34d1d0ee189f@group-83C26644CFDA-LeaderElection350] INFO  impl.RaftServerImpl (RaftServerImpl.java:setRole(184)) - 4b287a15-77af-487b-aef7-34d1d0ee189f@group-83C26644CFDA: changes role from CANDIDATE to FOLLOWER at term 366 for DISCOVERED_A_NEW_TERM
2019-10-16 21:02:06,994 [4b287a15-77af-487b-aef7-34d1d0ee189f@group-83C26644CFDA-LeaderElection350] INFO  impl.RoleInfo (RoleInfo.java:shutdownLeaderElection(134)) - 4b287a15-77af-487b-aef7-34d1d0ee189f: shutdown LeaderElection
2019-10-16 21:02:06,994 [4b287a15-77af-487b-aef7-34d1d0ee189f@group-83C26644CFDA-LeaderElection350] INFO  impl.RoleInfo (RoleInfo.java:updateAndGet(143)) - 4b287a15-77af-487b-aef7-34d1d0ee189f: start FollowerState
2019-10-16 21:02:07,093 [Thread-2487] INFO  impl.FollowerState (FollowerState.java:run(108)) - 4b287a15-77af-487b-aef7-34d1d0ee189f@group-83C26644CFDA-FollowerState: change to CANDIDATE, lastRpcTime:98ms, electionTimeout:98ms
2019-10-16 21:02:07,093 [Thread-2487] INFO  impl.RoleInfo (RoleInfo.java:shutdownFollowerState(121)) - 4b287a15-77af-487b-aef7-34d1d0ee189f: shutdown FollowerState
2019-10-16 21:02:07,093 [Thread-2487] INFO  impl.RaftServerImpl (RaftServerImpl.java:setRole(184)) - 4b287a15-77af-487b-aef7-34d1d0ee189f@group-83C26644CFDA: changes role from  FOLLOWER to CANDIDATE at term 366 for changeToCandidate
2019-10-16 21:02:07,094 [Thread-2487] INFO  impl.RoleInfo (RoleInfo.java:updateAndGet(143)) - 4b287a15-77af-487b-aef7-34d1d0ee189f: start LeaderElection
2019-10-16 21:02:07,367 [main] INFO  ozone.MiniOzoneClusterImpl (MiniOzoneClusterImpl.java:lambda$waitForClusterToBeReady$2(164)) - Waiting for 1 number of pipelines out of 4, to report a leader.
2019-10-16 21:02:07,432 [4b287a15-77af-487b-aef7-34d1d0ee189f@group-83C26644CFDA-LeaderElection351] INFO  impl.LeaderElection (LeaderElection.java:askForVotes(178)) - 4b287a15-77af-487b-aef7-34d1d0ee189f@group-83C26644CFDA-LeaderElection351: begin an election at term 367 for -1: [4b287a15-77af-487b-aef7-34d1d0ee189f:192.168.34.38:38597, 0aa3649f-570d-46c6-937f-492d7f3a8364:192.168.34.38:33209, 4a03179f-3169-4ac7-a075-259968512ef0:192.168.34.38:45833], old=null
2019-10-16 21:02:07,435 [grpc-default-executor-2] INFO  impl.RaftServerImpl (RaftServerImpl.java:setRole(184)) - 0aa3649f-570d-46c6-937f-492d7f3a8364@group-83C26644CFDA: changes role from  FOLLOWER to FOLLOWER at term 367 for recognizeCandidate:4b287a15-77af-487b-aef7-34d1d0ee189f
2019-10-16 21:02:07,435 [grpc-default-executor-1] INFO  impl.RaftServerImpl (RaftServerImpl.java:setRole(184)) - 4a03179f-3169-4ac7-a075-259968512ef0@group-83C26644CFDA: changes role from  FOLLOWER to FOLLOWER at term 367 for recognizeCandidate:4b287a15-77af-487b-aef7-34d1d0ee189f
2019-10-16 21:02:07,435 [grpc-default-executor-2] INFO  impl.RoleInfo (RoleInfo.java:shutdownFollowerState(121)) - 0aa3649f-570d-46c6-937f-492d7f3a8364: shutdown FollowerState
2019-10-16 21:02:07,435 [grpc-default-executor-1] INFO  impl.RoleInfo (RoleInfo.java:shutdownFollowerState(121)) - 4a03179f-3169-4ac7-a075-259968512ef0: shutdown FollowerState
2019-10-16 21:02:07,435 [Thread-2485] INFO  impl.FollowerState (FollowerState.java:run(117)) - 0aa3649f-570d-46c6-937f-492d7f3a8364@group-83C26644CFDA-FollowerState was interrupted: java.lang.InterruptedException: sleep interrupted
2019-10-16 21:02:07,435 [grpc-default-executor-2] INFO  impl.RoleInfo (RoleInfo.java:updateAndGet(143)) - 0aa3649f-570d-46c6-937f-492d7f3a8364: start FollowerState
2019-10-16 21:02:07,435 [Thread-2486] INFO  impl.FollowerState (FollowerState.java:run(117)) - 4a03179f-3169-4ac7-a075-259968512ef0@group-83C26644CFDA-FollowerState was interrupted: java.lang.InterruptedException: sleep interrupted
2019-10-16 21:02:07,435 [grpc-default-executor-1] INFO  impl.RoleInfo (RoleInfo.java:updateAndGet(143)) - 4a03179f-3169-4ac7-a075-259968512ef0: start FollowerState
2019-10-16 21:02:07,504 [4b287a15-77af-487b-aef7-34d1d0ee189f@group-83C26644CFDA-LeaderElection351] INFO  impl.LeaderElection (LeaderElection.java:logAndReturn(56)) - 4b287a15-77af-487b-aef7-34d1d0ee189f@group-83C26644CFDA-LeaderElection351: Election TIMEOUT; received 0 response(s) [] and 0 exception(s); 4b287a15-77af-487b-aef7-34d1d0ee189f@group-83C26644CFDA:t367, leader=null, voted=4b287a15-77af-487b-aef7-34d1d0ee189f, raftlog=4b287a15-77af-487b-aef7-34d1d0ee189f@group-83C26644CFDA-SegmentedRaftLog:OPENED:c-1,f-1,i0, conf=-1: [4b287a15-77af-487b-aef7-34d1d0ee189f:192.168.34.38:38597, 0aa3649f-570d-46c6-937f-492d7f3a8364:192.168.34.38:33209, 4a03179f-3169-4ac7-a075-259968512ef0:192.168.34.38:45833], old=null
2019-10-16 21:02:07,723 [4b287a15-77af-487b-aef7-34d1d0ee189f@group-83C26644CFDA-LeaderElection351] INFO  impl.LeaderElection (LeaderElection.java:askForVotes(178)) - 4b287a15-77af-487b-aef7-34d1d0ee189f@group-83C26644CFDA-LeaderElection351: begin an election at term 368 for -1: [4b287a15-77af-487b-aef7-34d1d0ee189f:192.168.34.38:38597, 0aa3649f-570d-46c6-937f-492d7f3a8364:192.168.34.38:33209, 4a03179f-3169-4ac7-a075-259968512ef0:192.168.34.38:45833], old=null
2019-10-16 21:02:07,724 [grpc-default-executor-1] INFO  impl.RaftServerImpl (RaftServerImpl.java:setRole(184)) - 0aa3649f-570d-46c6-937f-492d7f3a8364@group-83C26644CFDA: changes role from  FOLLOWER to FOLLOWER at term 368 for recognizeCandidate:4b287a15-77af-487b-aef7-34d1d0ee189f
2019-10-16 21:02:07,724 [grpc-default-executor-2] INFO  impl.RaftServerImpl (RaftServerImpl.java:setRole(184)) - 4a03179f-3169-4ac7-a075-259968512ef0@group-83C26644CFDA: changes role from  FOLLOWER to FOLLOWER at term 368 for recognizeCandidate:4b287a15-77af-487b-aef7-34d1d0ee189f
2019-10-16 21:02:07,724 [grpc-default-executor-1] INFO  impl.RoleInfo (RoleInfo.java:shutdownFollowerState(121)) - 0aa3649f-570d-46c6-937f-492d7f3a8364: shutdown FollowerState
2019-10-16 21:02:07,724 [grpc-default-executor-2] INFO  impl.RoleInfo (RoleInfo.java:shutdownFollowerState(121)) - 4a03179f-3169-4ac7-a075-259968512ef0: shutdown FollowerState
2019-10-16 21:02:07,725 [grpc-default-executor-1] INFO  impl.RoleInfo (RoleInfo.java:updateAndGet(143)) - 0aa3649f-570d-46c6-937f-492d7f3a8364: start FollowerState
2019-10-16 21:02:07,725 [Thread-2492] INFO  impl.FollowerState (FollowerState.java:run(117)) - 4a03179f-3169-4ac7-a075-259968512ef0@group-83C26644CFDA-FollowerState was interrupted: java.lang.InterruptedException: sleep interrupted
2019-10-16 21:02:07,725 [Thread-2491] INFO  impl.FollowerState (FollowerState.java:run(117)) - 0aa3649f-570d-46c6-937f-492d7f3a8364@group-83C26644CFDA-FollowerState was interrupted: java.lang.InterruptedException: sleep interrupted
2019-10-16 21:02:07,725 [grpc-default-executor-2] INFO  impl.RoleInfo (RoleInfo.java:updateAndGet(143)) - 4a03179f-3169-4ac7-a075-259968512ef0: start FollowerState
2019-10-16 21:02:07,732 [4b287a15-77af-487b-aef7-34d1d0ee189f@group-83C26644CFDA-LeaderElection351] INFO  impl.LeaderElection (LeaderElection.java:logAndReturn(56)) - 4b287a15-77af-487b-aef7-34d1d0ee189f@group-83C26644CFDA-LeaderElection351: Election REJECTED; received 2 response(s) [4b287a15-77af-487b-aef7-34d1d0ee189f<-0aa3649f-570d-46c6-937f-492d7f3a8364#0:FAIL-t368, 4b287a15-77af-487b-aef7-34d1d0ee189f<-4a03179f-3169-4ac7-a075-259968512ef0#0:FAIL-t368] and 0 exception(s); 4b287a15-77af-487b-aef7-34d1d0ee189f@group-83C26644CFDA:t368, leader=null, voted=4b287a15-77af-487b-aef7-34d1d0ee189f, raftlog=4b287a15-77af-487b-aef7-34d1d0ee189f@group-83C26644CFDA-SegmentedRaftLog:OPENED:c-1,f-1,i0, conf=-1: [4b287a15-77af-487b-aef7-34d1d0ee189f:192.168.34.38:38597, 0aa3649f-570d-46c6-937f-492d7f3a8364:192.168.34.38:33209, 4a03179f-3169-4ac7-a075-259968512ef0:192.168.34.38:45833], old=null
2019-10-16 21:02:07,733 [4b287a15-77af-487b-aef7-34d1d0ee189f@group-83C26644CFDA-LeaderElection351] INFO  impl.RaftServerImpl (RaftServerImpl.java:setRole(184)) - 4b287a15-77af-487b-aef7-34d1d0ee189f@group-83C26644CFDA: changes role from CANDIDATE to FOLLOWER at term 368 for DISCOVERED_A_NEW_TERM
2019-10-16 21:02:07,733 [4b287a15-77af-487b-aef7-34d1d0ee189f@group-83C26644CFDA-LeaderElection351] INFO  impl.RoleInfo (RoleInfo.java:shutdownLeaderElection(134)) - 4b287a15-77af-487b-aef7-34d1d0ee189f: shutdown LeaderElection
2019-10-16 21:02:07,733 [4b287a15-77af-487b-aef7-34d1d0ee189f@group-83C26644CFDA-LeaderElection351] INFO  impl.RoleInfo (RoleInfo.java:updateAndGet(143)) - 4b287a15-77af-487b-aef7-34d1d0ee189f: start FollowerState
2019-10-16 21:02:07,849 [Thread-2497] INFO  impl.FollowerState (FollowerState.java:run(108)) - 4b287a15-77af-487b-aef7-34d1d0ee189f@group-83C26644CFDA-FollowerState: change to CANDIDATE, lastRpcTime:116ms, electionTimeout:116ms
2019-10-16 21:02:07,849 [Thread-2497] INFO  impl.RoleInfo (RoleInfo.java:shutdownFollowerState(121)) - 4b287a15-77af-487b-aef7-34d1d0ee189f: shutdown FollowerState
2019-10-16 21:02:07,850 [Thread-2497] INFO  impl.RaftServerImpl (RaftServerImpl.java:setRole(184)) - 4b287a15-77af-487b-aef7-34d1d0ee189f@group-83C26644CFDA: changes role from  FOLLOWER to CANDIDATE at term 368 for changeToCandidate
2019-10-16 21:02:07,850 [Thread-2497] INFO  impl.RoleInfo (RoleInfo.java:updateAndGet(143)) - 4b287a15-77af-487b-aef7-34d1d0ee189f: start LeaderElection
2019-10-16 21:02:07,857 [4b287a15-77af-487b-aef7-34d1d0ee189f@group-83C26644CFDA-LeaderElection352] INFO  impl.LeaderElection (LeaderElection.java:askForVotes(178)) - 4b287a15-77af-487b-aef7-34d1d0ee189f@group-83C26644CFDA-LeaderElection352: begin an election at term 369 for -1: [4b287a15-77af-487b-aef7-34d1d0ee189f:192.168.34.38:38597, 0aa3649f-570d-46c6-937f-492d7f3a8364:192.168.34.38:33209, 4a03179f-3169-4ac7-a075-259968512ef0:192.168.34.38:45833], old=null
2019-10-16 21:02:07,859 [grpc-default-executor-2] INFO  impl.RaftServerImpl (RaftServerImpl.java:setRole(184)) - 4a03179f-3169-4ac7-a075-259968512ef0@group-83C26644CFDA: changes role from  FOLLOWER to FOLLOWER at term 369 for recognizeCandidate:4b287a15-77af-487b-aef7-34d1d0ee189f
2019-10-16 21:02:07,859 [grpc-default-executor-2] INFO  impl.RoleInfo (RoleInfo.java:shutdownFollowerState(121)) - 4a03179f-3169-4ac7-a075-259968512ef0: shutdown FollowerState
2019-10-16 21:02:07,859 [grpc-default-executor-2] INFO  impl.RoleInfo (RoleInfo.java:updateAndGet(143)) - 4a03179f-3169-4ac7-a075-259968512ef0: start FollowerState
2019-10-16 21:02:07,859 [Thread-2496] INFO  impl.FollowerState (FollowerState.java:run(117)) - 4a03179f-3169-4ac7-a075-259968512ef0@group-83C26644CFDA-FollowerState was interrupted: java.lang.InterruptedException: sleep interrupted
2019-10-16 21:02:07,860 [grpc-default-executor-1] INFO  impl.RaftServerImpl (RaftServerImpl.java:setRole(184)) - 0aa3649f-570d-46c6-937f-492d7f3a8364@group-83C26644CFDA: changes role from  FOLLOWER to FOLLOWER at term 369 for recognizeCandidate:4b287a15-77af-487b-aef7-34d1d0ee189f
2019-10-16 21:02:07,860 [grpc-default-executor-1] INFO  impl.RoleInfo (RoleInfo.java:shutdownFollowerState(121)) - 0aa3649f-570d-46c6-937f-492d7f3a8364: shutdown FollowerState
2019-10-16 21:02:07,860 [grpc-default-executor-1] INFO  impl.RoleInfo (RoleInfo.java:updateAndGet(143)) - 0aa3649f-570d-46c6-937f-492d7f3a8364: start FollowerState
2019-10-16 21:02:07,860 [Thread-2495] INFO  impl.FollowerState (FollowerState.java:run(117)) - 0aa3649f-570d-46c6-937f-492d7f3a8364@group-83C26644CFDA-FollowerState was interrupted: java.lang.InterruptedException: sleep interrupted
2019-10-16 21:02:07,867 [4b287a15-77af-487b-aef7-34d1d0ee189f@group-83C26644CFDA-LeaderElection352] INFO  impl.LeaderElection (LeaderElection.java:logAndReturn(56)) - 4b287a15-77af-487b-aef7-34d1d0ee189f@group-83C26644CFDA-LeaderElection352: Election REJECTED; received 2 response(s) [4b287a15-77af-487b-aef7-34d1d0ee189f<-0aa3649f-570d-46c6-937f-492d7f3a8364#0:FAIL-t369, 4b287a15-77af-487b-aef7-34d1d0ee189f<-4a03179f-3169-4ac7-a075-259968512ef0#0:FAIL-t369] and 0 exception(s); 4b287a15-77af-487b-aef7-34d1d0ee189f@group-83C26644CFDA:t369, leader=null, voted=4b287a15-77af-487b-aef7-34d1d0ee189f, raftlog=4b287a15-77af-487b-aef7-34d1d0ee189f@group-83C26644CFDA-SegmentedRaftLog:OPENED:c-1,f-1,i0, conf=-1: [4b287a15-77af-487b-aef7-34d1d0ee189f:192.168.34.38:38597, 0aa3649f-570d-46c6-937f-492d7f3a8364:192.168.34.38:33209, 4a03179f-3169-4ac7-a075-259968512ef0:192.168.34.38:45833], old=null
2019-10-16 21:02:07,868 [4b287a15-77af-487b-aef7-34d1d0ee189f@group-83C26644CFDA-LeaderElection352] INFO  impl.RaftServerImpl (RaftServerImpl.java:setRole(184)) - 4b287a15-77af-487b-aef7-34d1d0ee189f@group-83C26644CFDA: changes role from CANDIDATE to FOLLOWER at term 369 for DISCOVERED_A_NEW_TERM
2019-10-16 21:02:07,868 [4b287a15-77af-487b-aef7-34d1d0ee189f@group-83C26644CFDA-LeaderElection352] INFO  impl.RoleInfo (RoleInfo.java:shutdownLeaderElection(134)) - 4b287a15-77af-487b-aef7-34d1d0ee189f: shutdown LeaderElection
2019-10-16 21:02:07,868 [4b287a15-77af-487b-aef7-34d1d0ee189f@group-83C26644CFDA-LeaderElection352] INFO  impl.RoleInfo (RoleInfo.java:updateAndGet(143)) - 4b287a15-77af-487b-aef7-34d1d0ee189f: start FollowerState
2019-10-16 21:02:08,051 [Thread-2503] INFO  impl.FollowerState (FollowerState.java:run(108)) - 4b287a15-77af-487b-aef7-34d1d0ee189f@group-83C26644CFDA-FollowerState: change to CANDIDATE, lastRpcTime:183ms, electionTimeout:183ms
2019-10-16 21:02:08,052 [Thread-2503] INFO  impl.RoleInfo (RoleInfo.java:shutdownFollowerState(121)) - 4b287a15-77af-487b-aef7-34d1d0ee189f: shutdown FollowerState
2019-10-16 21:02:08,052 [Thread-2503] INFO  impl.RaftServerImpl (RaftServerImpl.java:setRole(184)) - 4b287a15-77af-487b-aef7-34d1d0ee189f@group-83C26644CFDA: changes role from  FOLLOWER to CANDIDATE at term 369 for changeToCandidate
2019-10-16 21:02:08,052 [Thread-2503] INFO  impl.RoleInfo (RoleInfo.java:updateAndGet(143)) - 4b287a15-77af-487b-aef7-34d1d0ee189f: start LeaderElection
2019-10-16 21:02:08,060 [4b287a15-77af-487b-aef7-34d1d0ee189f@group-83C26644CFDA-LeaderElection353] INFO  impl.LeaderElection (LeaderElection.java:askForVotes(178)) - 4b287a15-77af-487b-aef7-34d1d0ee189f@group-83C26644CFDA-LeaderElection353: begin an election at term 370 for -1: [4b287a15-77af-487b-aef7-34d1d0ee189f:192.168.34.38:38597, 0aa3649f-570d-46c6-937f-492d7f3a8364:192.168.34.38:33209, 4a03179f-3169-4ac7-a075-259968512ef0:192.168.34.38:45833], old=null
2019-10-16 21:02:08,062 [grpc-default-executor-1] INFO  impl.RaftServerImpl (RaftServerImpl.java:setRole(184)) - 0aa3649f-570d-46c6-937f-492d7f3a8364@group-83C26644CFDA: changes role from  FOLLOWER to FOLLOWER at term 370 for recognizeCandidate:4b287a15-77af-487b-aef7-34d1d0ee189f
2019-10-16 21:02:08,062 [grpc-default-executor-1] INFO  impl.RoleInfo (RoleInfo.java:shutdownFollowerState(121)) - 0aa3649f-570d-46c6-937f-492d7f3a8364: shutdown FollowerState
2019-10-16 21:02:08,062 [grpc-default-executor-1] INFO  impl.RoleInfo (RoleInfo.java:updateAndGet(143)) - 0aa3649f-570d-46c6-937f-492d7f3a8364: start FollowerState
2019-10-16 21:02:08,062 [Thread-2502] INFO  impl.FollowerState (FollowerState.java:run(117)) - 0aa3649f-570d-46c6-937f-492d7f3a8364@group-83C26644CFDA-FollowerState was interrupted: java.lang.InterruptedException: sleep interrupted
2019-10-16 21:02:08,062 [grpc-default-executor-2] INFO  impl.RaftServerImpl (RaftServerImpl.java:setRole(184)) - 4a03179f-3169-4ac7-a075-259968512ef0@group-83C26644CFDA: changes role from  FOLLOWER to FOLLOWER at term 370 for recognizeCandidate:4b287a15-77af-487b-aef7-34d1d0ee189f
2019-10-16 21:02:08,063 [grpc-default-executor-2] INFO  impl.RoleInfo (RoleInfo.java:shutdownFollowerState(121)) - 4a03179f-3169-4ac7-a075-259968512ef0: shutdown FollowerState
2019-10-16 21:02:08,063 [grpc-default-executor-2] INFO  impl.RoleInfo (RoleInfo.java:updateAndGet(143)) - 4a03179f-3169-4ac7-a075-259968512ef0: start FollowerState
2019-10-16 21:02:08,063 [Thread-2501] INFO  impl.FollowerState (FollowerState.java:run(117)) - 4a03179f-3169-4ac7-a075-259968512ef0@group-83C26644CFDA-FollowerState was interrupted: java.lang.InterruptedException: sleep interrupted
2019-10-16 21:02:08,077 [4b287a15-77af-487b-aef7-34d1d0ee189f@group-83C26644CFDA-LeaderElection353] INFO  impl.LeaderElection (LeaderElection.java:logAndReturn(56)) - 4b287a15-77af-487b-aef7-34d1d0ee189f@group-83C26644CFDA-LeaderElection353: Election REJECTED; received 2 response(s) [4b287a15-77af-487b-aef7-34d1d0ee189f<-0aa3649f-570d-46c6-937f-492d7f3a8364#0:FAIL-t370, 4b287a15-77af-487b-aef7-34d1d0ee189f<-4a03179f-3169-4ac7-a075-259968512ef0#0:FAIL-t370] and 0 exception(s); 4b287a15-77af-487b-aef7-34d1d0ee189f@group-83C26644CFDA:t370, leader=null, voted=4b287a15-77af-487b-aef7-34d1d0ee189f, raftlog=4b287a15-77af-487b-aef7-34d1d0ee189f@group-83C26644CFDA-SegmentedRaftLog:OPENED:c-1,f-1,i0, conf=-1: [4b287a15-77af-487b-aef7-34d1d0ee189f:192.168.34.38:38597, 0aa3649f-570d-46c6-937f-492d7f3a8364:192.168.34.38:33209, 4a03179f-3169-4ac7-a075-259968512ef0:192.168.34.38:45833], old=null
2019-10-16 21:02:08,077 [4b287a15-77af-487b-aef7-34d1d0ee189f@group-83C26644CFDA-LeaderElection353] INFO  impl.RaftServerImpl (RaftServerImpl.java:setRole(184)) - 4b287a15-77af-487b-aef7-34d1d0ee189f@group-83C26644CFDA: changes role from CANDIDATE to FOLLOWER at term 370 for DISCOVERED_A_NEW_TERM
2019-10-16 21:02:08,077 [4b287a15-77af-487b-aef7-34d1d0ee189f@group-83C26644CFDA-LeaderElection353] INFO  impl.RoleInfo (RoleInfo.java:shutdownLeaderElection(134)) - 4b287a15-77af-487b-aef7-34d1d0ee189f: shutdown LeaderElection
2019-10-16 21:02:08,077 [4b287a15-77af-487b-aef7-34d1d0ee189f@group-83C26644CFDA-LeaderElection353] INFO  impl.RoleInfo (RoleInfo.java:updateAndGet(143)) - 4b287a15-77af-487b-aef7-34d1d0ee189f: start FollowerState
2019-10-16 21:02:08,247 [Thread-2509] INFO  impl.FollowerState (FollowerState.java:run(108)) - 4b287a15-77af-487b-aef7-34d1d0ee189f@group-83C26644CFDA-FollowerState: change to CANDIDATE, lastRpcTime:170ms, electionTimeout:170ms
2019-10-16 21:02:08,248 [Thread-2509] INFO  impl.RoleInfo (RoleInfo.java:shutdownFollowerState(121)) - 4b287a15-77af-487b-aef7-34d1d0ee189f: shutdown FollowerState
2019-10-16 21:02:08,248 [Thread-2509] INFO  impl.RaftServerImpl (RaftServerImpl.java:setRole(184)) - 4b287a15-77af-487b-aef7-34d1d0ee189f@group-83C26644CFDA: changes role from  FOLLOWER to CANDIDATE at term 370 for changeToCandidate
2019-10-16 21:02:08,248 [Thread-2509] INFO  impl.RoleInfo (RoleInfo.java:updateAndGet(143)) - 4b287a15-77af-487b-aef7-34d1d0ee189f: start LeaderElection
2019-10-16 21:02:08,261 [4b287a15-77af-487b-aef7-34d1d0ee189f@group-83C26644CFDA-LeaderElection354] INFO  impl.LeaderElection (LeaderElection.java:askForVotes(178)) - 4b287a15-77af-487b-aef7-34d1d0ee189f@group-83C26644CFDA-LeaderElection354: begin an election at term 371 for -1: [4b287a15-77af-487b-aef7-34d1d0ee189f:192.168.34.38:38597, 0aa3649f-570d-46c6-937f-492d7f3a8364:192.168.34.38:33209, 4a03179f-3169-4ac7-a075-259968512ef0:192.168.34.38:45833], old=null
2019-10-16 21:02:08,264 [grpc-default-executor-1] INFO  impl.RaftServerImpl (RaftServerImpl.java:setRole(184)) - 4a03179f-3169-4ac7-a075-259968512ef0@group-83C26644CFDA: changes role from  FOLLOWER to FOLLOWER at term 371 for recognizeCandidate:4b287a15-77af-487b-aef7-34d1d0ee189f
2019-10-16 21:02:08,264 [grpc-default-executor-1] INFO  impl.RoleInfo (RoleInfo.java:shutdownFollowerState(121)) - 4a03179f-3169-4ac7-a075-259968512ef0: shutdown FollowerState
2019-10-16 21:02:08,264 [grpc-default-executor-2] INFO  impl.RaftServerImpl (RaftServerImpl.java:setRole(184)) - 0aa3649f-570d-46c6-937f-492d7f3a8364@group-83C26644CFDA: changes role from  FOLLOWER to FOLLOWER at term 371 for recognizeCandidate:4b287a15-77af-487b-aef7-34d1d0ee189f
2019-10-16 21:02:08,264 [grpc-default-executor-2] INFO  impl.RoleInfo (RoleInfo.java:shutdownFollowerState(121)) - 0aa3649f-570d-46c6-937f-492d7f3a8364: shutdown FollowerState
2019-10-16 21:02:08,267 [grpc-default-executor-2] INFO  impl.RoleInfo (RoleInfo.java:updateAndGet(143)) - 0aa3649f-570d-46c6-937f-492d7f3a8364: start FollowerState
2019-10-16 21:02:08,267 [Thread-2508] INFO  impl.FollowerState (FollowerState.java:run(117)) - 4a03179f-3169-4ac7-a075-259968512ef0@group-83C26644CFDA-FollowerState was interrupted: java.lang.InterruptedException: sleep interrupted
2019-10-16 21:02:08,267 [Thread-2507] INFO  impl.FollowerState (FollowerState.java:run(117)) - 0aa3649f-570d-46c6-937f-492d7f3a8364@group-83C26644CFDA-FollowerState was interrupted: java.lang.InterruptedException: sleep interrupted
2019-10-16 21:02:08,267 [grpc-default-executor-1] INFO  impl.RoleInfo (RoleInfo.java:updateAndGet(143)) - 4a03179f-3169-4ac7-a075-259968512ef0: start FollowerState
2019-10-16 21:02:08,282 [4b287a15-77af-487b-aef7-34d1d0ee189f@group-83C26644CFDA-LeaderElection354] INFO  impl.LeaderElection (LeaderElection.java:logAndReturn(56)) - 4b287a15-77af-487b-aef7-34d1d0ee189f@group-83C26644CFDA-LeaderElection354: Election REJECTED; received 2 response(s) [4b287a15-77af-487b-aef7-34d1d0ee189f<-0aa3649f-570d-46c6-937f-492d7f3a8364#0:FAIL-t371, 4b287a15-77af-487b-aef7-34d1d0ee189f<-4a03179f-3169-4ac7-a075-259968512ef0#0:FAIL-t371] and 0 exception(s); 4b287a15-77af-487b-aef7-34d1d0ee189f@group-83C26644CFDA:t371, leader=null, voted=4b287a15-77af-487b-aef7-34d1d0ee189f, raftlog=4b287a15-77af-487b-aef7-34d1d0ee189f@group-83C26644CFDA-SegmentedRaftLog:OPENED:c-1,f-1,i0, conf=-1: [4b287a15-77af-487b-aef7-34d1d0ee189f:192.168.34.38:38597, 0aa3649f-570d-46c6-937f-492d7f3a8364:192.168.34.38:33209, 4a03179f-3169-4ac7-a075-259968512ef0:192.168.34.38:45833], old=null
2019-10-16 21:02:08,282 [4b287a15-77af-487b-aef7-34d1d0ee189f@group-83C26644CFDA-LeaderElection354] INFO  impl.RaftServerImpl (RaftServerImpl.java:setRole(184)) - 4b287a15-77af-487b-aef7-34d1d0ee189f@group-83C26644CFDA: changes role from CANDIDATE to FOLLOWER at term 371 for DISCOVERED_A_NEW_TERM
2019-10-16 21:02:08,282 [4b287a15-77af-487b-aef7-34d1d0ee189f@group-83C26644CFDA-LeaderElection354] INFO  impl.RoleInfo (RoleInfo.java:shutdownLeaderElection(134)) - 4b287a15-77af-487b-aef7-34d1d0ee189f: shutdown LeaderElection
2019-10-16 21:02:08,282 [4b287a15-77af-487b-aef7-34d1d0ee189f@group-83C26644CFDA-LeaderElection354] INFO  impl.RoleInfo (RoleInfo.java:updateAndGet(143)) - 4b287a15-77af-487b-aef7-34d1d0ee189f: start FollowerState
2019-10-16 21:02:08,368 [main] INFO  ozone.MiniOzoneClusterImpl (MiniOzoneClusterImpl.java:lambda$waitForClusterToBeReady$2(164)) - Waiting for 1 number of pipelines out of 4, to report a leader.
2019-10-16 21:02:08,464 [Thread-2515] INFO  impl.FollowerState (FollowerState.java:run(108)) - 4b287a15-77af-487b-aef7-34d1d0ee189f@group-83C26644CFDA-FollowerState: change to CANDIDATE, lastRpcTime:182ms, electionTimeout:182ms
2019-10-16 21:02:08,464 [Thread-2515] INFO  impl.RoleInfo (RoleInfo.java:shutdownFollowerState(121)) - 4b287a15-77af-487b-aef7-34d1d0ee189f: shutdown FollowerState
2019-10-16 21:02:08,464 [Thread-2515] INFO  impl.RaftServerImpl (RaftServerImpl.java:setRole(184)) - 4b287a15-77af-487b-aef7-34d1d0ee189f@group-83C26644CFDA: changes role from  FOLLOWER to CANDIDATE at term 371 for changeToCandidate
2019-10-16 21:02:08,465 [Thread-2515] INFO  impl.RoleInfo (RoleInfo.java:updateAndGet(143)) - 4b287a15-77af-487b-aef7-34d1d0ee189f: start LeaderElection
2019-10-16 21:02:08,478 [4b287a15-77af-487b-aef7-34d1d0ee189f@group-83C26644CFDA-LeaderElection355] INFO  impl.LeaderElection (LeaderElection.java:askForVotes(178)) - 4b287a15-77af-487b-aef7-34d1d0ee189f@group-83C26644CFDA-LeaderElection355: begin an election at term 372 for -1: [4b287a15-77af-487b-aef7-34d1d0ee189f:192.168.34.38:38597, 0aa3649f-570d-46c6-937f-492d7f3a8364:192.168.34.38:33209, 4a03179f-3169-4ac7-a075-259968512ef0:192.168.34.38:45833], old=null
2019-10-16 21:02:08,480 [grpc-default-executor-1] INFO  impl.RaftServerImpl (RaftServerImpl.java:setRole(184)) - 0aa3649f-570d-46c6-937f-492d7f3a8364@group-83C26644CFDA: changes role from  FOLLOWER to FOLLOWER at term 372 for recognizeCandidate:4b287a15-77af-487b-aef7-34d1d0ee189f
2019-10-16 21:02:08,480 [grpc-default-executor-1] INFO  impl.RoleInfo (RoleInfo.java:shutdownFollowerState(121)) - 0aa3649f-570d-46c6-937f-492d7f3a8364: shutdown FollowerState
2019-10-16 21:02:08,480 [grpc-default-executor-2] INFO  impl.RaftServerImpl (RaftServerImpl.java:setRole(184)) - 4a03179f-3169-4ac7-a075-259968512ef0@group-83C26644CFDA: changes role from  FOLLOWER to FOLLOWER at term 372 for recognizeCandidate:4b287a15-77af-487b-aef7-34d1d0ee189f
2019-10-16 21:02:08,480 [Thread-2513] INFO  impl.FollowerState (FollowerState.java:run(117)) - 0aa3649f-570d-46c6-937f-492d7f3a8364@group-83C26644CFDA-FollowerState was interrupted: java.lang.InterruptedException: sleep interrupted
2019-10-16 21:02:08,480 [grpc-default-executor-1] INFO  impl.RoleInfo (RoleInfo.java:updateAndGet(143)) - 0aa3649f-570d-46c6-937f-492d7f3a8364: start FollowerState
2019-10-16 21:02:08,480 [grpc-default-executor-2] INFO  impl.RoleInfo (RoleInfo.java:shutdownFollowerState(121)) - 4a03179f-3169-4ac7-a075-259968512ef0: shutdown FollowerState
2019-10-16 21:02:08,480 [grpc-default-executor-2] INFO  impl.RoleInfo (RoleInfo.java:updateAndGet(143)) - 4a03179f-3169-4ac7-a075-259968512ef0: start FollowerState
2019-10-16 21:02:08,480 [Thread-2514] INFO  impl.FollowerState (FollowerState.java:run(117)) - 4a03179f-3169-4ac7-a075-259968512ef0@group-83C26644CFDA-FollowerState was interrupted: java.lang.InterruptedException: sleep interrupted
2019-10-16 21:02:08,497 [4b287a15-77af-487b-aef7-34d1d0ee189f@group-83C26644CFDA-LeaderElection355] INFO  impl.LeaderElection (LeaderElection.java:logAndReturn(56)) - 4b287a15-77af-487b-aef7-34d1d0ee189f@group-83C26644CFDA-LeaderElection355: Election REJECTED; received 2 response(s) [4b287a15-77af-487b-aef7-34d1d0ee189f<-0aa3649f-570d-46c6-937f-492d7f3a8364#0:FAIL-t372, 4b287a15-77af-487b-aef7-34d1d0ee189f<-4a03179f-3169-4ac7-a075-259968512ef0#0:FAIL-t372] and 0 exception(s); 4b287a15-77af-487b-aef7-34d1d0ee189f@group-83C26644CFDA:t372, leader=null, voted=4b287a15-77af-487b-aef7-34d1d0ee189f, raftlog=4b287a15-77af-487b-aef7-34d1d0ee189f@group-83C26644CFDA-SegmentedRaftLog:OPENED:c-1,f-1,i0, conf=-1: [4b287a15-77af-487b-aef7-34d1d0ee189f:192.168.34.38:38597, 0aa3649f-570d-46c6-937f-492d7f3a8364:192.168.34.38:33209, 4a03179f-3169-4ac7-a075-259968512ef0:192.168.34.38:45833], old=null
2019-10-16 21:02:08,497 [4b287a15-77af-487b-aef7-34d1d0ee189f@group-83C26644CFDA-LeaderElection355] INFO  impl.RaftServerImpl (RaftServerImpl.java:setRole(184)) - 4b287a15-77af-487b-aef7-34d1d0ee189f@group-83C26644CFDA: changes role from CANDIDATE to FOLLOWER at term 372 for DISCOVERED_A_NEW_TERM
2019-10-16 21:02:08,497 [4b287a15-77af-487b-aef7-34d1d0ee189f@group-83C26644CFDA-LeaderElection355] INFO  impl.RoleInfo (RoleInfo.java:shutdownLeaderElection(134)) - 4b287a15-77af-487b-aef7-34d1d0ee189f: shutdown LeaderElection
2019-10-16 21:02:08,497 [4b287a15-77af-487b-aef7-34d1d0ee189f@group-83C26644CFDA-LeaderElection355] INFO  impl.RoleInfo (RoleInfo.java:updateAndGet(143)) - 4b287a15-77af-487b-aef7-34d1d0ee189f: start FollowerState
2019-10-16 21:02:08,692 [Thread-2521] INFO  impl.FollowerState (FollowerState.java:run(108)) - 4b287a15-77af-487b-aef7-34d1d0ee189f@group-83C26644CFDA-FollowerState: change to CANDIDATE, lastRpcTime:195ms, electionTimeout:195ms
2019-10-16 21:02:08,693 [Thread-2521] INFO  impl.RoleInfo (RoleInfo.java:shutdownFollowerState(121)) - 4b287a15-77af-487b-aef7-34d1d0ee189f: shutdown FollowerState
2019-10-16 21:02:08,693 [Thread-2521] INFO  impl.RaftServerImpl (RaftServerImpl.java:setRole(184)) - 4b287a15-77af-487b-aef7-34d1d0ee189f@group-83C26644CFDA: changes role from  FOLLOWER to CANDIDATE at term 372 for changeToCandidate
2019-10-16 21:02:08,693 [Thread-2521] INFO  impl.RoleInfo (RoleInfo.java:updateAndGet(143)) - 4b287a15-77af-487b-aef7-34d1d0ee189f: start LeaderElection
2019-10-16 21:02:08,703 [4b287a15-77af-487b-aef7-34d1d0ee189f@group-83C26644CFDA-LeaderElection356] INFO  impl.LeaderElection (LeaderElection.java:askForVotes(178)) - 4b287a15-77af-487b-aef7-34d1d0ee189f@group-83C26644CFDA-LeaderElection356: begin an election at term 373 for -1: [4b287a15-77af-487b-aef7-34d1d0ee189f:192.168.34.38:38597, 0aa3649f-570d-46c6-937f-492d7f3a8364:192.168.34.38:33209, 4a03179f-3169-4ac7-a075-259968512ef0:192.168.34.38:45833], old=null
2019-10-16 21:02:08,704 [grpc-default-executor-2] INFO  impl.RaftServerImpl (RaftServerImpl.java:setRole(184)) - 0aa3649f-570d-46c6-937f-492d7f3a8364@group-83C26644CFDA: changes role from  FOLLOWER to FOLLOWER at term 373 for recognizeCandidate:4b287a15-77af-487b-aef7-34d1d0ee189f
2019-10-16 21:02:08,705 [grpc-default-executor-2] INFO  impl.RoleInfo (RoleInfo.java:shutdownFollowerState(121)) - 0aa3649f-570d-46c6-937f-492d7f3a8364: shutdown FollowerState
2019-10-16 21:02:08,705 [grpc-default-executor-1] INFO  impl.RaftServerImpl (RaftServerImpl.java:setRole(184)) - 4a03179f-3169-4ac7-a075-259968512ef0@group-83C26644CFDA: changes role from  FOLLOWER to FOLLOWER at term 373 for recognizeCandidate:4b287a15-77af-487b-aef7-34d1d0ee189f
2019-10-16 21:02:08,705 [Thread-2519] INFO  impl.FollowerState (FollowerState.java:run(117)) - 0aa3649f-570d-46c6-937f-492d7f3a8364@group-83C26644CFDA-FollowerState was interrupted: java.lang.InterruptedException: sleep interrupted
2019-10-16 21:02:08,705 [grpc-default-executor-2] INFO  impl.RoleInfo (RoleInfo.java:updateAndGet(143)) - 0aa3649f-570d-46c6-937f-492d7f3a8364: start FollowerState
2019-10-16 21:02:08,705 [grpc-default-executor-1] INFO  impl.RoleInfo (RoleInfo.java:shutdownFollowerState(121)) - 4a03179f-3169-4ac7-a075-259968512ef0: shutdown FollowerState
2019-10-16 21:02:08,706 [grpc-default-executor-1] INFO  impl.RoleInfo (RoleInfo.java:updateAndGet(143)) - 4a03179f-3169-4ac7-a075-259968512ef0: start FollowerState
2019-10-16 21:02:08,706 [Thread-2520] INFO  impl.FollowerState (FollowerState.java:run(117)) - 4a03179f-3169-4ac7-a075-259968512ef0@group-83C26644CFDA-FollowerState was interrupted: java.lang.InterruptedException: sleep interrupted
2019-10-16 21:02:08,719 [4b287a15-77af-487b-aef7-34d1d0ee189f@group-83C26644CFDA-LeaderElection356] INFO  impl.LeaderElection (LeaderElection.java:logAndReturn(56)) - 4b287a15-77af-487b-aef7-34d1d0ee189f@group-83C26644CFDA-LeaderElection356: Election REJECTED; received 2 response(s) [4b287a15-77af-487b-aef7-34d1d0ee189f<-0aa3649f-570d-46c6-937f-492d7f3a8364#0:FAIL-t373, 4b287a15-77af-487b-aef7-34d1d0ee189f<-4a03179f-3169-4ac7-a075-259968512ef0#0:FAIL-t373] and 0 exception(s); 4b287a15-77af-487b-aef7-34d1d0ee189f@group-83C26644CFDA:t373, leader=null, voted=4b287a15-77af-487b-aef7-34d1d0ee189f, raftlog=4b287a15-77af-487b-aef7-34d1d0ee189f@group-83C26644CFDA-SegmentedRaftLog:OPENED:c-1,f-1,i0, conf=-1: [4b287a15-77af-487b-aef7-34d1d0ee189f:192.168.34.38:38597, 0aa3649f-570d-46c6-937f-492d7f3a8364:192.168.34.38:33209, 4a03179f-3169-4ac7-a075-259968512ef0:192.168.34.38:45833], old=null
2019-10-16 21:02:08,719 [4b287a15-77af-487b-aef7-34d1d0ee189f@group-83C26644CFDA-LeaderElection356] INFO  impl.RaftServerImpl (RaftServerImpl.java:setRole(184)) - 4b287a15-77af-487b-aef7-34d1d0ee189f@group-83C26644CFDA: changes role from CANDIDATE to FOLLOWER at term 373 for DISCOVERED_A_NEW_TERM
2019-10-16 21:02:08,719 [4b287a15-77af-487b-aef7-34d1d0ee189f@group-83C26644CFDA-LeaderElection356] INFO  impl.RoleInfo (RoleInfo.java:shutdownLeaderElection(134)) - 4b287a15-77af-487b-aef7-34d1d0ee189f: shutdown LeaderElection
2019-10-16 21:02:08,720 [4b287a15-77af-487b-aef7-34d1d0ee189f@group-83C26644CFDA-LeaderElection356] INFO  impl.RoleInfo (RoleInfo.java:updateAndGet(143)) - 4b287a15-77af-487b-aef7-34d1d0ee189f: start FollowerState
2019-10-16 21:02:08,817 [Thread-2527] INFO  impl.FollowerState (FollowerState.java:run(108)) - 4b287a15-77af-487b-aef7-34d1d0ee189f@group-83C26644CFDA-FollowerState: change to CANDIDATE, lastRpcTime:97ms, electionTimeout:97ms
2019-10-16 21:02:08,817 [Thread-2527] INFO  impl.RoleInfo (RoleInfo.java:shutdownFollowerState(121)) - 4b287a15-77af-487b-aef7-34d1d0ee189f: shutdown FollowerState
2019-10-16 21:02:08,817 [Thread-2527] INFO  impl.RaftServerImpl (RaftServerImpl.java:setRole(184)) - 4b287a15-77af-487b-aef7-34d1d0ee189f@group-83C26644CFDA: changes role from  FOLLOWER to CANDIDATE at term 373 for changeToCandidate
2019-10-16 21:02:08,818 [Thread-2527] INFO  impl.RoleInfo (RoleInfo.java:updateAndGet(143)) - 4b287a15-77af-487b-aef7-34d1d0ee189f: start LeaderElection
2019-10-16 21:02:08,829 [4b287a15-77af-487b-aef7-34d1d0ee189f@group-83C26644CFDA-LeaderElection357] INFO  impl.LeaderElection (LeaderElection.java:askForVotes(178)) - 4b287a15-77af-487b-aef7-34d1d0ee189f@group-83C26644CFDA-LeaderElection357: begin an election at term 374 for -1: [4b287a15-77af-487b-aef7-34d1d0ee189f:192.168.34.38:38597, 0aa3649f-570d-46c6-937f-492d7f3a8364:192.168.34.38:33209, 4a03179f-3169-4ac7-a075-259968512ef0:192.168.34.38:45833], old=null
2019-10-16 21:02:08,831 [grpc-default-executor-2] INFO  impl.RaftServerImpl (RaftServerImpl.java:setRole(184)) - 0aa3649f-570d-46c6-937f-492d7f3a8364@group-83C26644CFDA: changes role from  FOLLOWER to FOLLOWER at term 374 for recognizeCandidate:4b287a15-77af-487b-aef7-34d1d0ee189f
2019-10-16 21:02:08,831 [grpc-default-executor-2] INFO  impl.RoleInfo (RoleInfo.java:shutdownFollowerState(121)) - 0aa3649f-570d-46c6-937f-492d7f3a8364: shutdown FollowerState
2019-10-16 21:02:08,831 [grpc-default-executor-1] INFO  impl.RaftServerImpl (RaftServerImpl.java:setRole(184)) - 4a03179f-3169-4ac7-a075-259968512ef0@group-83C26644CFDA: changes role from  FOLLOWER to FOLLOWER at term 374 for recognizeCandidate:4b287a15-77af-487b-aef7-34d1d0ee189f
2019-10-16 21:02:08,831 [grpc-default-executor-1] INFO  impl.RoleInfo (RoleInfo.java:shutdownFollowerState(121)) - 4a03179f-3169-4ac7-a075-259968512ef0: shutdown FollowerState
2019-10-16 21:02:08,831 [Thread-2525] INFO  impl.FollowerState (FollowerState.java:run(117)) - 0aa3649f-570d-46c6-937f-492d7f3a8364@group-83C26644CFDA-FollowerState was interrupted: java.lang.InterruptedException: sleep interrupted
2019-10-16 21:02:08,831 [grpc-default-executor-2] INFO  impl.RoleInfo (RoleInfo.java:updateAndGet(143)) - 0aa3649f-570d-46c6-937f-492d7f3a8364: start FollowerState
2019-10-16 21:02:08,831 [Thread-2526] INFO  impl.FollowerState (FollowerState.java:run(117)) - 4a03179f-3169-4ac7-a075-259968512ef0@group-83C26644CFDA-FollowerState was interrupted: java.lang.InterruptedException: sleep interrupted
2019-10-16 21:02:08,831 [grpc-default-executor-1] INFO  impl.RoleInfo (RoleInfo.java:updateAndGet(143)) - 4a03179f-3169-4ac7-a075-259968512ef0: start FollowerState
2019-10-16 21:02:08,846 [4b287a15-77af-487b-aef7-34d1d0ee189f@group-83C26644CFDA-LeaderElection357] INFO  impl.LeaderElection (LeaderElection.java:logAndReturn(56)) - 4b287a15-77af-487b-aef7-34d1d0ee189f@group-83C26644CFDA-LeaderElection357: Election REJECTED; received 2 response(s) [4b287a15-77af-487b-aef7-34d1d0ee189f<-0aa3649f-570d-46c6-937f-492d7f3a8364#0:FAIL-t374, 4b287a15-77af-487b-aef7-34d1d0ee189f<-4a03179f-3169-4ac7-a075-259968512ef0#0:FAIL-t374] and 0 exception(s); 4b287a15-77af-487b-aef7-34d1d0ee189f@group-83C26644CFDA:t374, leader=null, voted=4b287a15-77af-487b-aef7-34d1d0ee189f, raftlog=4b287a15-77af-487b-aef7-34d1d0ee189f@group-83C26644CFDA-SegmentedRaftLog:OPENED:c-1,f-1,i0, conf=-1: [4b287a15-77af-487b-aef7-34d1d0ee189f:192.168.34.38:38597, 0aa3649f-570d-46c6-937f-492d7f3a8364:192.168.34.38:33209, 4a03179f-3169-4ac7-a075-259968512ef0:192.168.34.38:45833], old=null
2019-10-16 21:02:08,846 [4b287a15-77af-487b-aef7-34d1d0ee189f@group-83C26644CFDA-LeaderElection357] INFO  impl.RaftServerImpl (RaftServerImpl.java:setRole(184)) - 4b287a15-77af-487b-aef7-34d1d0ee189f@group-83C26644CFDA: changes role from CANDIDATE to FOLLOWER at term 374 for DISCOVERED_A_NEW_TERM
2019-10-16 21:02:08,846 [4b287a15-77af-487b-aef7-34d1d0ee189f@group-83C26644CFDA-LeaderElection357] INFO  impl.RoleInfo (RoleInfo.java:shutdownLeaderElection(134)) - 4b287a15-77af-487b-aef7-34d1d0ee189f: shutdown LeaderElection
2019-10-16 21:02:08,846 [4b287a15-77af-487b-aef7-34d1d0ee189f@group-83C26644CFDA-LeaderElection357] INFO  impl.RoleInfo (RoleInfo.java:updateAndGet(143)) - 4b287a15-77af-487b-aef7-34d1d0ee189f: start FollowerState
2019-10-16 21:02:08,859 [Thread-2533] INFO  impl.FollowerState (FollowerState.java:run(108)) - 4b287a15-77af-487b-aef7-34d1d0ee189f@group-83C26644CFDA-FollowerState: change to CANDIDATE, lastRpcTime:13ms, electionTimeout:13ms
2019-10-16 21:02:08,860 [Thread-2533] INFO  impl.RoleInfo (RoleInfo.java:shutdownFollowerState(121)) - 4b287a15-77af-487b-aef7-34d1d0ee189f: shutdown FollowerState
2019-10-16 21:02:08,860 [Thread-2533] INFO  impl.RaftServerImpl (RaftServerImpl.java:setRole(184)) - 4b287a15-77af-487b-aef7-34d1d0ee189f@group-83C26644CFDA: changes role from  FOLLOWER to CANDIDATE at term 374 for changeToCandidate
2019-10-16 21:02:08,860 [Thread-2533] INFO  impl.RoleInfo (RoleInfo.java:updateAndGet(143)) - 4b287a15-77af-487b-aef7-34d1d0ee189f: start LeaderElection
2019-10-16 21:02:08,872 [4b287a15-77af-487b-aef7-34d1d0ee189f@group-83C26644CFDA-LeaderElection358] INFO  impl.LeaderElection (LeaderElection.java:askForVotes(178)) - 4b287a15-77af-487b-aef7-34d1d0ee189f@group-83C26644CFDA-LeaderElection358: begin an election at term 375 for -1: [4b287a15-77af-487b-aef7-34d1d0ee189f:192.168.34.38:38597, 0aa3649f-570d-46c6-937f-492d7f3a8364:192.168.34.38:33209, 4a03179f-3169-4ac7-a075-259968512ef0:192.168.34.38:45833], old=null
2019-10-16 21:02:08,874 [grpc-default-executor-1] INFO  impl.RaftServerImpl (RaftServerImpl.java:setRole(184)) - 0aa3649f-570d-46c6-937f-492d7f3a8364@group-83C26644CFDA: changes role from  FOLLOWER to FOLLOWER at term 375 for recognizeCandidate:4b287a15-77af-487b-aef7-34d1d0ee189f
2019-10-16 21:02:08,874 [grpc-default-executor-1] INFO  impl.RoleInfo (RoleInfo.java:shutdownFollowerState(121)) - 0aa3649f-570d-46c6-937f-492d7f3a8364: shutdown FollowerState
2019-10-16 21:02:08,874 [grpc-default-executor-1] INFO  impl.RoleInfo (RoleInfo.java:updateAndGet(143)) - 0aa3649f-570d-46c6-937f-492d7f3a8364: start FollowerState
2019-10-16 21:02:08,874 [grpc-default-executor-2] INFO  impl.RaftServerImpl (RaftServerImpl.java:setRole(184)) - 4a03179f-3169-4ac7-a075-259968512ef0@group-83C26644CFDA: changes role from  FOLLOWER to FOLLOWER at term 375 for recognizeCandidate:4b287a15-77af-487b-aef7-34d1d0ee189f
2019-10-16 21:02:08,875 [grpc-default-executor-2] INFO  impl.RoleInfo (RoleInfo.java:shutdownFollowerState(121)) - 4a03179f-3169-4ac7-a075-259968512ef0: shutdown FollowerState
2019-10-16 21:02:08,874 [Thread-2531] INFO  impl.FollowerState (FollowerState.java:run(117)) - 0aa3649f-570d-46c6-937f-492d7f3a8364@group-83C26644CFDA-FollowerState was interrupted: java.lang.InterruptedException: sleep interrupted
2019-10-16 21:02:08,875 [Thread-2532] INFO  impl.FollowerState (FollowerState.java:run(117)) - 4a03179f-3169-4ac7-a075-259968512ef0@group-83C26644CFDA-FollowerState was interrupted: java.lang.InterruptedException: sleep interrupted
2019-10-16 21:02:08,875 [grpc-default-executor-2] INFO  impl.RoleInfo (RoleInfo.java:updateAndGet(143)) - 4a03179f-3169-4ac7-a075-259968512ef0: start FollowerState
2019-10-16 21:02:08,889 [4b287a15-77af-487b-aef7-34d1d0ee189f@group-83C26644CFDA-LeaderElection358] INFO  impl.LeaderElection (LeaderElection.java:logAndReturn(56)) - 4b287a15-77af-487b-aef7-34d1d0ee189f@group-83C26644CFDA-LeaderElection358: Election REJECTED; received 2 response(s) [4b287a15-77af-487b-aef7-34d1d0ee189f<-0aa3649f-570d-46c6-937f-492d7f3a8364#0:FAIL-t375, 4b287a15-77af-487b-aef7-34d1d0ee189f<-4a03179f-3169-4ac7-a075-259968512ef0#0:FAIL-t375] and 0 exception(s); 4b287a15-77af-487b-aef7-34d1d0ee189f@group-83C26644CFDA:t375, leader=null, voted=4b287a15-77af-487b-aef7-34d1d0ee189f, raftlog=4b287a15-77af-487b-aef7-34d1d0ee189f@group-83C26644CFDA-SegmentedRaftLog:OPENED:c-1,f-1,i0, conf=-1: [4b287a15-77af-487b-aef7-34d1d0ee189f:192.168.34.38:38597, 0aa3649f-570d-46c6-937f-492d7f3a8364:192.168.34.38:33209, 4a03179f-3169-4ac7-a075-259968512ef0:192.168.34.38:45833], old=null
2019-10-16 21:02:08,889 [4b287a15-77af-487b-aef7-34d1d0ee189f@group-83C26644CFDA-LeaderElection358] INFO  impl.RaftServerImpl (RaftServerImpl.java:setRole(184)) - 4b287a15-77af-487b-aef7-34d1d0ee189f@group-83C26644CFDA: changes role from CANDIDATE to FOLLOWER at term 375 for DISCOVERED_A_NEW_TERM
2019-10-16 21:02:08,889 [4b287a15-77af-487b-aef7-34d1d0ee189f@group-83C26644CFDA-LeaderElection358] INFO  impl.RoleInfo (RoleInfo.java:shutdownLeaderElection(134)) - 4b287a15-77af-487b-aef7-34d1d0ee189f: shutdown LeaderElection
2019-10-16 21:02:08,889 [4b287a15-77af-487b-aef7-34d1d0ee189f@group-83C26644CFDA-LeaderElection358] INFO  impl.RoleInfo (RoleInfo.java:updateAndGet(143)) - 4b287a15-77af-487b-aef7-34d1d0ee189f: start FollowerState
2019-10-16 21:02:09,055 [Thread-2539] INFO  impl.FollowerState (FollowerState.java:run(108)) - 4b287a15-77af-487b-aef7-34d1d0ee189f@group-83C26644CFDA-FollowerState: change to CANDIDATE, lastRpcTime:165ms, electionTimeout:165ms
2019-10-16 21:02:09,055 [Thread-2539] INFO  impl.RoleInfo (RoleInfo.java:shutdownFollowerState(121)) - 4b287a15-77af-487b-aef7-34d1d0ee189f: shutdown FollowerState
2019-10-16 21:02:09,055 [Thread-2539] INFO  impl.RaftServerImpl (RaftServerImpl.java:setRole(184)) - 4b287a15-77af-487b-aef7-34d1d0ee189f@group-83C26644CFDA: changes role from  FOLLOWER to CANDIDATE at term 375 for changeToCandidate
2019-10-16 21:02:09,055 [Thread-2539] INFO  impl.RoleInfo (RoleInfo.java:updateAndGet(143)) - 4b287a15-77af-487b-aef7-34d1d0ee189f: start LeaderElection
2019-10-16 21:02:09,068 [4b287a15-77af-487b-aef7-34d1d0ee189f@group-83C26644CFDA-LeaderElection359] INFO  impl.LeaderElection (LeaderElection.java:askForVotes(178)) - 4b287a15-77af-487b-aef7-34d1d0ee189f@group-83C26644CFDA-LeaderElection359: begin an election at term 376 for -1: [4b287a15-77af-487b-aef7-34d1d0ee189f:192.168.34.38:38597, 0aa3649f-570d-46c6-937f-492d7f3a8364:192.168.34.38:33209, 4a03179f-3169-4ac7-a075-259968512ef0:192.168.34.38:45833], old=null
2019-10-16 21:02:09,071 [grpc-default-executor-2] INFO  impl.RaftServerImpl (RaftServerImpl.java:setRole(184)) - 0aa3649f-570d-46c6-937f-492d7f3a8364@group-83C26644CFDA: changes role from  FOLLOWER to FOLLOWER at term 376 for recognizeCandidate:4b287a15-77af-487b-aef7-34d1d0ee189f
2019-10-16 21:02:09,071 [grpc-default-executor-1] INFO  impl.RaftServerImpl (RaftServerImpl.java:setRole(184)) - 4a03179f-3169-4ac7-a075-259968512ef0@group-83C26644CFDA: changes role from  FOLLOWER to FOLLOWER at term 376 for recognizeCandidate:4b287a15-77af-487b-aef7-34d1d0ee189f
2019-10-16 21:02:09,071 [grpc-default-executor-2] INFO  impl.RoleInfo (RoleInfo.java:shutdownFollowerState(121)) - 0aa3649f-570d-46c6-937f-492d7f3a8364: shutdown FollowerState
2019-10-16 21:02:09,071 [grpc-default-executor-1] INFO  impl.RoleInfo (RoleInfo.java:shutdownFollowerState(121)) - 4a03179f-3169-4ac7-a075-259968512ef0: shutdown FollowerState
2019-10-16 21:02:09,072 [Thread-2537] INFO  impl.FollowerState (FollowerState.java:run(117)) - 0aa3649f-570d-46c6-937f-492d7f3a8364@group-83C26644CFDA-FollowerState was interrupted: java.lang.InterruptedException: sleep interrupted
2019-10-16 21:02:09,071 [grpc-default-executor-2] INFO  impl.RoleInfo (RoleInfo.java:updateAndGet(143)) - 0aa3649f-570d-46c6-937f-492d7f3a8364: start FollowerState
2019-10-16 21:02:09,072 [Thread-2538] INFO  impl.FollowerState (FollowerState.java:run(117)) - 4a03179f-3169-4ac7-a075-259968512ef0@group-83C26644CFDA-FollowerState was interrupted: java.lang.InterruptedException: sleep interrupted
2019-10-16 21:02:09,072 [grpc-default-executor-1] INFO  impl.RoleInfo (RoleInfo.java:updateAndGet(143)) - 4a03179f-3169-4ac7-a075-259968512ef0: start FollowerState
2019-10-16 21:02:09,086 [4b287a15-77af-487b-aef7-34d1d0ee189f@group-83C26644CFDA-LeaderElection359] INFO  impl.LeaderElection (LeaderElection.java:logAndReturn(56)) - 4b287a15-77af-487b-aef7-34d1d0ee189f@group-83C26644CFDA-LeaderElection359: Election REJECTED; received 2 response(s) [4b287a15-77af-487b-aef7-34d1d0ee189f<-0aa3649f-570d-46c6-937f-492d7f3a8364#0:FAIL-t376, 4b287a15-77af-487b-aef7-34d1d0ee189f<-4a03179f-3169-4ac7-a075-259968512ef0#0:FAIL-t376] and 0 exception(s); 4b287a15-77af-487b-aef7-34d1d0ee189f@group-83C26644CFDA:t376, leader=null, voted=4b287a15-77af-487b-aef7-34d1d0ee189f, raftlog=4b287a15-77af-487b-aef7-34d1d0ee189f@group-83C26644CFDA-SegmentedRaftLog:OPENED:c-1,f-1,i0, conf=-1: [4b287a15-77af-487b-aef7-34d1d0ee189f:192.168.34.38:38597, 0aa3649f-570d-46c6-937f-492d7f3a8364:192.168.34.38:33209, 4a03179f-3169-4ac7-a075-259968512ef0:192.168.34.38:45833], old=null
2019-10-16 21:02:09,086 [4b287a15-77af-487b-aef7-34d1d0ee189f@group-83C26644CFDA-LeaderElection359] INFO  impl.RaftServerImpl (RaftServerImpl.java:setRole(184)) - 4b287a15-77af-487b-aef7-34d1d0ee189f@group-83C26644CFDA: changes role from CANDIDATE to FOLLOWER at term 376 for DISCOVERED_A_NEW_TERM
2019-10-16 21:02:09,086 [4b287a15-77af-487b-aef7-34d1d0ee189f@group-83C26644CFDA-LeaderElection359] INFO  impl.RoleInfo (RoleInfo.java:shutdownLeaderElection(134)) - 4b287a15-77af-487b-aef7-34d1d0ee189f: shutdown LeaderElection
2019-10-16 21:02:09,086 [4b287a15-77af-487b-aef7-34d1d0ee189f@group-83C26644CFDA-LeaderElection359] INFO  impl.RoleInfo (RoleInfo.java:updateAndGet(143)) - 4b287a15-77af-487b-aef7-34d1d0ee189f: start FollowerState
2019-10-16 21:02:09,109 [Thread-2545] INFO  impl.FollowerState (FollowerState.java:run(108)) - 4b287a15-77af-487b-aef7-34d1d0ee189f@group-83C26644CFDA-FollowerState: change to CANDIDATE, lastRpcTime:23ms, electionTimeout:23ms
2019-10-16 21:02:09,110 [Thread-2545] INFO  impl.RoleInfo (RoleInfo.java:shutdownFollowerState(121)) - 4b287a15-77af-487b-aef7-34d1d0ee189f: shutdown FollowerState
2019-10-16 21:02:09,110 [Thread-2545] INFO  impl.RaftServerImpl (RaftServerImpl.java:setRole(184)) - 4b287a15-77af-487b-aef7-34d1d0ee189f@group-83C26644CFDA: changes role from  FOLLOWER to CANDIDATE at term 376 for changeToCandidate
2019-10-16 21:02:09,110 [Thread-2545] INFO  impl.RoleInfo (RoleInfo.java:updateAndGet(143)) - 4b287a15-77af-487b-aef7-34d1d0ee189f: start LeaderElection
2019-10-16 21:02:09,123 [4b287a15-77af-487b-aef7-34d1d0ee189f@group-83C26644CFDA-LeaderElection360] INFO  impl.LeaderElection (LeaderElection.java:askForVotes(178)) - 4b287a15-77af-487b-aef7-34d1d0ee189f@group-83C26644CFDA-LeaderElection360: begin an election at term 377 for -1: [4b287a15-77af-487b-aef7-34d1d0ee189f:192.168.34.38:38597, 0aa3649f-570d-46c6-937f-492d7f3a8364:192.168.34.38:33209, 4a03179f-3169-4ac7-a075-259968512ef0:192.168.34.38:45833], old=null
2019-10-16 21:02:09,124 [grpc-default-executor-2] INFO  impl.RaftServerImpl (RaftServerImpl.java:setRole(184)) - 0aa3649f-570d-46c6-937f-492d7f3a8364@group-83C26644CFDA: changes role from  FOLLOWER to FOLLOWER at term 377 for recognizeCandidate:4b287a15-77af-487b-aef7-34d1d0ee189f
2019-10-16 21:02:09,125 [grpc-default-executor-2] INFO  impl.RoleInfo (RoleInfo.java:shutdownFollowerState(121)) - 0aa3649f-570d-46c6-937f-492d7f3a8364: shutdown FollowerState
2019-10-16 21:02:09,125 [grpc-default-executor-2] INFO  impl.RoleInfo (RoleInfo.java:updateAndGet(143)) - 0aa3649f-570d-46c6-937f-492d7f3a8364: start FollowerState
2019-10-16 21:02:09,125 [grpc-default-executor-1] INFO  impl.RaftServerImpl (RaftServerImpl.java:setRole(184)) - 4a03179f-3169-4ac7-a075-259968512ef0@group-83C26644CFDA: changes role from  FOLLOWER to FOLLOWER at term 377 for recognizeCandidate:4b287a15-77af-487b-aef7-34d1d0ee189f
2019-10-16 21:02:09,125 [grpc-default-executor-1] INFO  impl.RoleInfo (RoleInfo.java:shutdownFollowerState(121)) - 4a03179f-3169-4ac7-a075-259968512ef0: shutdown FollowerState
2019-10-16 21:02:09,125 [Thread-2543] INFO  impl.FollowerState (FollowerState.java:run(117)) - 0aa3649f-570d-46c6-937f-492d7f3a8364@group-83C26644CFDA-FollowerState was interrupted: java.lang.InterruptedException: sleep interrupted
2019-10-16 21:02:09,125 [grpc-default-executor-1] INFO  impl.RoleInfo (RoleInfo.java:updateAndGet(143)) - 4a03179f-3169-4ac7-a075-259968512ef0: start FollowerState
2019-10-16 21:02:09,125 [Thread-2544] INFO  impl.FollowerState (FollowerState.java:run(117)) - 4a03179f-3169-4ac7-a075-259968512ef0@group-83C26644CFDA-FollowerState was interrupted: java.lang.InterruptedException: sleep interrupted
2019-10-16 21:02:09,139 [4b287a15-77af-487b-aef7-34d1d0ee189f@group-83C26644CFDA-LeaderElection360] INFO  impl.LeaderElection (LeaderElection.java:logAndReturn(56)) - 4b287a15-77af-487b-aef7-34d1d0ee189f@group-83C26644CFDA-LeaderElection360: Election REJECTED; received 2 response(s) [4b287a15-77af-487b-aef7-34d1d0ee189f<-0aa3649f-570d-46c6-937f-492d7f3a8364#0:FAIL-t377, 4b287a15-77af-487b-aef7-34d1d0ee189f<-4a03179f-3169-4ac7-a075-259968512ef0#0:FAIL-t377] and 0 exception(s); 4b287a15-77af-487b-aef7-34d1d0ee189f@group-83C26644CFDA:t377, leader=null, voted=4b287a15-77af-487b-aef7-34d1d0ee189f, raftlog=4b287a15-77af-487b-aef7-34d1d0ee189f@group-83C26644CFDA-SegmentedRaftLog:OPENED:c-1,f-1,i0, conf=-1: [4b287a15-77af-487b-aef7-34d1d0ee189f:192.168.34.38:38597, 0aa3649f-570d-46c6-937f-492d7f3a8364:192.168.34.38:33209, 4a03179f-3169-4ac7-a075-259968512ef0:192.168.34.38:45833], old=null
2019-10-16 21:02:09,139 [4b287a15-77af-487b-aef7-34d1d0ee189f@group-83C26644CFDA-LeaderElection360] INFO  impl.RaftServerImpl (RaftServerImpl.java:setRole(184)) - 4b287a15-77af-487b-aef7-34d1d0ee189f@group-83C26644CFDA: changes role from CANDIDATE to FOLLOWER at term 377 for DISCOVERED_A_NEW_TERM
2019-10-16 21:02:09,140 [4b287a15-77af-487b-aef7-34d1d0ee189f@group-83C26644CFDA-LeaderElection360] INFO  impl.RoleInfo (RoleInfo.java:shutdownLeaderElection(134)) - 4b287a15-77af-487b-aef7-34d1d0ee189f: shutdown LeaderElection
2019-10-16 21:02:09,140 [4b287a15-77af-487b-aef7-34d1d0ee189f@group-83C26644CFDA-LeaderElection360] INFO  impl.RoleInfo (RoleInfo.java:updateAndGet(143)) - 4b287a15-77af-487b-aef7-34d1d0ee189f: start FollowerState
2019-10-16 21:02:09,308 [Thread-2551] INFO  impl.FollowerState (FollowerState.java:run(108)) - 4b287a15-77af-487b-aef7-34d1d0ee189f@group-83C26644CFDA-FollowerState: change to CANDIDATE, lastRpcTime:168ms, electionTimeout:168ms
2019-10-16 21:02:09,308 [Thread-2551] INFO  impl.RoleInfo (RoleInfo.java:shutdownFollowerState(121)) - 4b287a15-77af-487b-aef7-34d1d0ee189f: shutdown FollowerState
2019-10-16 21:02:09,308 [Thread-2551] INFO  impl.RaftServerImpl (RaftServerImpl.java:setRole(184)) - 4b287a15-77af-487b-aef7-34d1d0ee189f@group-83C26644CFDA: changes role from  FOLLOWER to CANDIDATE at term 377 for changeToCandidate
2019-10-16 21:02:09,309 [Thread-2551] INFO  impl.RoleInfo (RoleInfo.java:updateAndGet(143)) - 4b287a15-77af-487b-aef7-34d1d0ee189f: start LeaderElection
2019-10-16 21:02:09,314 [4b287a15-77af-487b-aef7-34d1d0ee189f@group-83C26644CFDA-LeaderElection361] INFO  impl.LeaderElection (LeaderElection.java:askForVotes(178)) - 4b287a15-77af-487b-aef7-34d1d0ee189f@group-83C26644CFDA-LeaderElection361: begin an election at term 378 for -1: [4b287a15-77af-487b-aef7-34d1d0ee189f:192.168.34.38:38597, 0aa3649f-570d-46c6-937f-492d7f3a8364:192.168.34.38:33209, 4a03179f-3169-4ac7-a075-259968512ef0:192.168.34.38:45833], old=null
2019-10-16 21:02:09,316 [grpc-default-executor-2] INFO  impl.RaftServerImpl (RaftServerImpl.java:setRole(184)) - 0aa3649f-570d-46c6-937f-492d7f3a8364@group-83C26644CFDA: changes role from  FOLLOWER to FOLLOWER at term 378 for recognizeCandidate:4b287a15-77af-487b-aef7-34d1d0ee189f
2019-10-16 21:02:09,316 [grpc-default-executor-1] INFO  impl.RaftServerImpl (RaftServerImpl.java:setRole(184)) - 4a03179f-3169-4ac7-a075-259968512ef0@group-83C26644CFDA: changes role from  FOLLOWER to FOLLOWER at term 378 for recognizeCandidate:4b287a15-77af-487b-aef7-34d1d0ee189f
2019-10-16 21:02:09,316 [grpc-default-executor-2] INFO  impl.RoleInfo (RoleInfo.java:shutdownFollowerState(121)) - 0aa3649f-570d-46c6-937f-492d7f3a8364: shutdown FollowerState
2019-10-16 21:02:09,316 [grpc-default-executor-1] INFO  impl.RoleInfo (RoleInfo.java:shutdownFollowerState(121)) - 4a03179f-3169-4ac7-a075-259968512ef0: shutdown FollowerState
2019-10-16 21:02:09,316 [Thread-2549] INFO  impl.FollowerState (FollowerState.java:run(117)) - 0aa3649f-570d-46c6-937f-492d7f3a8364@group-83C26644CFDA-FollowerState was interrupted: java.lang.InterruptedException: sleep interrupted
2019-10-16 21:02:09,316 [grpc-default-executor-2] INFO  impl.RoleInfo (RoleInfo.java:updateAndGet(143)) - 0aa3649f-570d-46c6-937f-492d7f3a8364: start FollowerState
2019-10-16 21:02:09,316 [Thread-2550] INFO  impl.FollowerState (FollowerState.java:run(117)) - 4a03179f-3169-4ac7-a075-259968512ef0@group-83C26644CFDA-FollowerState was interrupted: java.lang.InterruptedException: sleep interrupted
2019-10-16 21:02:09,316 [grpc-default-executor-1] INFO  impl.RoleInfo (RoleInfo.java:updateAndGet(143)) - 4a03179f-3169-4ac7-a075-259968512ef0: start FollowerState
2019-10-16 21:02:09,331 [4b287a15-77af-487b-aef7-34d1d0ee189f@group-83C26644CFDA-LeaderElection361] INFO  impl.LeaderElection (LeaderElection.java:logAndReturn(56)) - 4b287a15-77af-487b-aef7-34d1d0ee189f@group-83C26644CFDA-LeaderElection361: Election REJECTED; received 2 response(s) [4b287a15-77af-487b-aef7-34d1d0ee189f<-0aa3649f-570d-46c6-937f-492d7f3a8364#0:FAIL-t378, 4b287a15-77af-487b-aef7-34d1d0ee189f<-4a03179f-3169-4ac7-a075-259968512ef0#0:FAIL-t378] and 0 exception(s); 4b287a15-77af-487b-aef7-34d1d0ee189f@group-83C26644CFDA:t378, leader=null, voted=4b287a15-77af-487b-aef7-34d1d0ee189f, raftlog=4b287a15-77af-487b-aef7-34d1d0ee189f@group-83C26644CFDA-SegmentedRaftLog:OPENED:c-1,f-1,i0, conf=-1: [4b287a15-77af-487b-aef7-34d1d0ee189f:192.168.34.38:38597, 0aa3649f-570d-46c6-937f-492d7f3a8364:192.168.34.38:33209, 4a03179f-3169-4ac7-a075-259968512ef0:192.168.34.38:45833], old=null
2019-10-16 21:02:09,331 [4b287a15-77af-487b-aef7-34d1d0ee189f@group-83C26644CFDA-LeaderElection361] INFO  impl.RaftServerImpl (RaftServerImpl.java:setRole(184)) - 4b287a15-77af-487b-aef7-34d1d0ee189f@group-83C26644CFDA: changes role from CANDIDATE to FOLLOWER at term 378 for DISCOVERED_A_NEW_TERM
2019-10-16 21:02:09,331 [4b287a15-77af-487b-aef7-34d1d0ee189f@group-83C26644CFDA-LeaderElection361] INFO  impl.RoleInfo (RoleInfo.java:shutdownLeaderElection(134)) - 4b287a15-77af-487b-aef7-34d1d0ee189f: shutdown LeaderElection
2019-10-16 21:02:09,332 [4b287a15-77af-487b-aef7-34d1d0ee189f@group-83C26644CFDA-LeaderElection361] INFO  impl.RoleInfo (RoleInfo.java:updateAndGet(143)) - 4b287a15-77af-487b-aef7-34d1d0ee189f: start FollowerState
2019-10-16 21:02:09,361 [Thread-2557] INFO  impl.FollowerState (FollowerState.java:run(108)) - 4b287a15-77af-487b-aef7-34d1d0ee189f@group-83C26644CFDA-FollowerState: change to CANDIDATE, lastRpcTime:29ms, electionTimeout:29ms
2019-10-16 21:02:09,361 [Thread-2557] INFO  impl.RoleInfo (RoleInfo.java:shutdownFollowerState(121)) - 4b287a15-77af-487b-aef7-34d1d0ee189f: shutdown FollowerState
2019-10-16 21:02:09,361 [Thread-2557] INFO  impl.RaftServerImpl (RaftServerImpl.java:setRole(184)) - 4b287a15-77af-487b-aef7-34d1d0ee189f@group-83C26644CFDA: changes role from  FOLLOWER to CANDIDATE at term 378 for changeToCandidate
2019-10-16 21:02:09,361 [Thread-2557] INFO  impl.RoleInfo (RoleInfo.java:updateAndGet(143)) - 4b287a15-77af-487b-aef7-34d1d0ee189f: start LeaderElection
2019-10-16 21:02:09,369 [main] INFO  ozone.MiniOzoneClusterImpl (MiniOzoneClusterImpl.java:lambda$waitForClusterToBeReady$2(164)) - Waiting for 1 number of pipelines out of 4, to report a leader.
2019-10-16 21:02:09,375 [4b287a15-77af-487b-aef7-34d1d0ee189f@group-83C26644CFDA-LeaderElection362] INFO  impl.LeaderElection (LeaderElection.java:askForVotes(178)) - 4b287a15-77af-487b-aef7-34d1d0ee189f@group-83C26644CFDA-LeaderElection362: begin an election at term 379 for -1: [4b287a15-77af-487b-aef7-34d1d0ee189f:192.168.34.38:38597, 0aa3649f-570d-46c6-937f-492d7f3a8364:192.168.34.38:33209, 4a03179f-3169-4ac7-a075-259968512ef0:192.168.34.38:45833], old=null
2019-10-16 21:02:09,376 [grpc-default-executor-2] INFO  impl.RaftServerImpl (RaftServerImpl.java:setRole(184)) - 0aa3649f-570d-46c6-937f-492d7f3a8364@group-83C26644CFDA: changes role from  FOLLOWER to FOLLOWER at term 379 for recognizeCandidate:4b287a15-77af-487b-aef7-34d1d0ee189f
2019-10-16 21:02:09,377 [grpc-default-executor-1] INFO  impl.RaftServerImpl (RaftServerImpl.java:setRole(184)) - 4a03179f-3169-4ac7-a075-259968512ef0@group-83C26644CFDA: changes role from  FOLLOWER to FOLLOWER at term 379 for recognizeCandidate:4b287a15-77af-487b-aef7-34d1d0ee189f
2019-10-16 21:02:09,377 [grpc-default-executor-1] INFO  impl.RoleInfo (RoleInfo.java:shutdownFollowerState(121)) - 4a03179f-3169-4ac7-a075-259968512ef0: shutdown FollowerState
2019-10-16 21:02:09,377 [grpc-default-executor-2] INFO  impl.RoleInfo (RoleInfo.java:shutdownFollowerState(121)) - 0aa3649f-570d-46c6-937f-492d7f3a8364: shutdown FollowerState
2019-10-16 21:02:09,377 [Thread-2556] INFO  impl.FollowerState (FollowerState.java:run(117)) - 4a03179f-3169-4ac7-a075-259968512ef0@group-83C26644CFDA-FollowerState was interrupted: java.lang.InterruptedException: sleep interrupted
2019-10-16 21:02:09,377 [grpc-default-executor-1] INFO  impl.RoleInfo (RoleInfo.java:updateAndGet(143)) - 4a03179f-3169-4ac7-a075-259968512ef0: start FollowerState
2019-10-16 21:02:09,377 [grpc-default-executor-2] INFO  impl.RoleInfo (RoleInfo.java:updateAndGet(143)) - 0aa3649f-570d-46c6-937f-492d7f3a8364: start FollowerState
2019-10-16 21:02:09,377 [Thread-2555] INFO  impl.FollowerState (FollowerState.java:run(117)) - 0aa3649f-570d-46c6-937f-492d7f3a8364@group-83C26644CFDA-FollowerState was interrupted: java.lang.InterruptedException: sleep interrupted
2019-10-16 21:02:09,382 [4b287a15-77af-487b-aef7-34d1d0ee189f@group-83C26644CFDA-LeaderElection362] INFO  impl.LeaderElection (LeaderElection.java:logAndReturn(56)) - 4b287a15-77af-487b-aef7-34d1d0ee189f@group-83C26644CFDA-LeaderElection362: Election REJECTED; received 2 response(s) [4b287a15-77af-487b-aef7-34d1d0ee189f<-0aa3649f-570d-46c6-937f-492d7f3a8364#0:FAIL-t379, 4b287a15-77af-487b-aef7-34d1d0ee189f<-4a03179f-3169-4ac7-a075-259968512ef0#0:FAIL-t379] and 0 exception(s); 4b287a15-77af-487b-aef7-34d1d0ee189f@group-83C26644CFDA:t379, leader=null, voted=4b287a15-77af-487b-aef7-34d1d0ee189f, raftlog=4b287a15-77af-487b-aef7-34d1d0ee189f@group-83C26644CFDA-SegmentedRaftLog:OPENED:c-1,f-1,i0, conf=-1: [4b287a15-77af-487b-aef7-34d1d0ee189f:192.168.34.38:38597, 0aa3649f-570d-46c6-937f-492d7f3a8364:192.168.34.38:33209, 4a03179f-3169-4ac7-a075-259968512ef0:192.168.34.38:45833], old=null
2019-10-16 21:02:09,382 [4b287a15-77af-487b-aef7-34d1d0ee189f@group-83C26644CFDA-LeaderElection362] INFO  impl.RaftServerImpl (RaftServerImpl.java:setRole(184)) - 4b287a15-77af-487b-aef7-34d1d0ee189f@group-83C26644CFDA: changes role from CANDIDATE to FOLLOWER at term 379 for DISCOVERED_A_NEW_TERM
2019-10-16 21:02:09,382 [4b287a15-77af-487b-aef7-34d1d0ee189f@group-83C26644CFDA-LeaderElection362] INFO  impl.RoleInfo (RoleInfo.java:shutdownLeaderElection(134)) - 4b287a15-77af-487b-aef7-34d1d0ee189f: shutdown LeaderElection
2019-10-16 21:02:09,382 [4b287a15-77af-487b-aef7-34d1d0ee189f@group-83C26644CFDA-LeaderElection362] INFO  impl.RoleInfo (RoleInfo.java:updateAndGet(143)) - 4b287a15-77af-487b-aef7-34d1d0ee189f: start FollowerState
2019-10-16 21:02:09,582 [Thread-2563] INFO  impl.FollowerState (FollowerState.java:run(108)) - 4b287a15-77af-487b-aef7-34d1d0ee189f@group-83C26644CFDA-FollowerState: change to CANDIDATE, lastRpcTime:200ms, electionTimeout:200ms
2019-10-16 21:02:09,582 [Thread-2563] INFO  impl.RoleInfo (RoleInfo.java:shutdownFollowerState(121)) - 4b287a15-77af-487b-aef7-34d1d0ee189f: shutdown FollowerState
2019-10-16 21:02:09,583 [Thread-2563] INFO  impl.RaftServerImpl (RaftServerImpl.java:setRole(184)) - 4b287a15-77af-487b-aef7-34d1d0ee189f@group-83C26644CFDA: changes role from  FOLLOWER to CANDIDATE at term 379 for changeToCandidate
2019-10-16 21:02:09,583 [Thread-2563] INFO  impl.RoleInfo (RoleInfo.java:updateAndGet(143)) - 4b287a15-77af-487b-aef7-34d1d0ee189f: start LeaderElection
2019-10-16 21:02:09,596 [4b287a15-77af-487b-aef7-34d1d0ee189f@group-83C26644CFDA-LeaderElection363] INFO  impl.LeaderElection (LeaderElection.java:askForVotes(178)) - 4b287a15-77af-487b-aef7-34d1d0ee189f@group-83C26644CFDA-LeaderElection363: begin an election at term 380 for -1: [4b287a15-77af-487b-aef7-34d1d0ee189f:192.168.34.38:38597, 0aa3649f-570d-46c6-937f-492d7f3a8364:192.168.34.38:33209, 4a03179f-3169-4ac7-a075-259968512ef0:192.168.34.38:45833], old=null
2019-10-16 21:02:09,597 [grpc-default-executor-2] INFO  impl.RaftServerImpl (RaftServerImpl.java:setRole(184)) - 0aa3649f-570d-46c6-937f-492d7f3a8364@group-83C26644CFDA: changes role from  FOLLOWER to FOLLOWER at term 380 for recognizeCandidate:4b287a15-77af-487b-aef7-34d1d0ee189f
2019-10-16 21:02:09,597 [grpc-default-executor-1] INFO  impl.RaftServerImpl (RaftServerImpl.java:setRole(184)) - 4a03179f-3169-4ac7-a075-259968512ef0@group-83C26644CFDA: changes role from  FOLLOWER to FOLLOWER at term 380 for recognizeCandidate:4b287a15-77af-487b-aef7-34d1d0ee189f
2019-10-16 21:02:09,598 [grpc-default-executor-1] INFO  impl.RoleInfo (RoleInfo.java:shutdownFollowerState(121)) - 4a03179f-3169-4ac7-a075-259968512ef0: shutdown FollowerState
2019-10-16 21:02:09,598 [grpc-default-executor-2] INFO  impl.RoleInfo (RoleInfo.java:shutdownFollowerState(121)) - 0aa3649f-570d-46c6-937f-492d7f3a8364: shutdown FollowerState
2019-10-16 21:02:09,598 [grpc-default-executor-1] INFO  impl.RoleInfo (RoleInfo.java:updateAndGet(143)) - 4a03179f-3169-4ac7-a075-259968512ef0: start FollowerState
2019-10-16 21:02:09,598 [Thread-2561] INFO  impl.FollowerState (FollowerState.java:run(117)) - 4a03179f-3169-4ac7-a075-259968512ef0@group-83C26644CFDA-FollowerState was interrupted: java.lang.InterruptedException: sleep interrupted
2019-10-16 21:02:09,598 [Thread-2562] INFO  impl.FollowerState (FollowerState.java:run(117)) - 0aa3649f-570d-46c6-937f-492d7f3a8364@group-83C26644CFDA-FollowerState was interrupted: java.lang.InterruptedException: sleep interrupted
2019-10-16 21:02:09,598 [grpc-default-executor-2] INFO  impl.RoleInfo (RoleInfo.java:updateAndGet(143)) - 0aa3649f-570d-46c6-937f-492d7f3a8364: start FollowerState
2019-10-16 21:02:09,612 [4b287a15-77af-487b-aef7-34d1d0ee189f@group-83C26644CFDA-LeaderElection363] INFO  impl.LeaderElection (LeaderElection.java:logAndReturn(56)) - 4b287a15-77af-487b-aef7-34d1d0ee189f@group-83C26644CFDA-LeaderElection363: Election REJECTED; received 2 response(s) [4b287a15-77af-487b-aef7-34d1d0ee189f<-0aa3649f-570d-46c6-937f-492d7f3a8364#0:FAIL-t380, 4b287a15-77af-487b-aef7-34d1d0ee189f<-4a03179f-3169-4ac7-a075-259968512ef0#0:FAIL-t380] and 0 exception(s); 4b287a15-77af-487b-aef7-34d1d0ee189f@group-83C26644CFDA:t380, leader=null, voted=4b287a15-77af-487b-aef7-34d1d0ee189f, raftlog=4b287a15-77af-487b-aef7-34d1d0ee189f@group-83C26644CFDA-SegmentedRaftLog:OPENED:c-1,f-1,i0, conf=-1: [4b287a15-77af-487b-aef7-34d1d0ee189f:192.168.34.38:38597, 0aa3649f-570d-46c6-937f-492d7f3a8364:192.168.34.38:33209, 4a03179f-3169-4ac7-a075-259968512ef0:192.168.34.38:45833], old=null
2019-10-16 21:02:09,612 [4b287a15-77af-487b-aef7-34d1d0ee189f@group-83C26644CFDA-LeaderElection363] INFO  impl.RaftServerImpl (RaftServerImpl.java:setRole(184)) - 4b287a15-77af-487b-aef7-34d1d0ee189f@group-83C26644CFDA: changes role from CANDIDATE to FOLLOWER at term 380 for DISCOVERED_A_NEW_TERM
2019-10-16 21:02:09,612 [4b287a15-77af-487b-aef7-34d1d0ee189f@group-83C26644CFDA-LeaderElection363] INFO  impl.RoleInfo (RoleInfo.java:shutdownLeaderElection(134)) - 4b287a15-77af-487b-aef7-34d1d0ee189f: shutdown LeaderElection
2019-10-16 21:02:09,612 [4b287a15-77af-487b-aef7-34d1d0ee189f@group-83C26644CFDA-LeaderElection363] INFO  impl.RoleInfo (RoleInfo.java:updateAndGet(143)) - 4b287a15-77af-487b-aef7-34d1d0ee189f: start FollowerState
2019-10-16 21:02:09,683 [Thread-2569] INFO  impl.FollowerState (FollowerState.java:run(108)) - 4b287a15-77af-487b-aef7-34d1d0ee189f@group-83C26644CFDA-FollowerState: change to CANDIDATE, lastRpcTime:70ms, electionTimeout:70ms
2019-10-16 21:02:09,683 [Thread-2569] INFO  impl.RoleInfo (RoleInfo.java:shutdownFollowerState(121)) - 4b287a15-77af-487b-aef7-34d1d0ee189f: shutdown FollowerState
2019-10-16 21:02:09,683 [Thread-2569] INFO  impl.RaftServerImpl (RaftServerImpl.java:setRole(184)) - 4b287a15-77af-487b-aef7-34d1d0ee189f@group-83C26644CFDA: changes role from  FOLLOWER to CANDIDATE at term 380 for changeToCandidate
2019-10-16 21:02:09,683 [Thread-2569] INFO  impl.RoleInfo (RoleInfo.java:updateAndGet(143)) - 4b287a15-77af-487b-aef7-34d1d0ee189f: start LeaderElection
2019-10-16 21:02:09,691 [4b287a15-77af-487b-aef7-34d1d0ee189f@group-83C26644CFDA-LeaderElection364] INFO  impl.LeaderElection (LeaderElection.java:askForVotes(178)) - 4b287a15-77af-487b-aef7-34d1d0ee189f@group-83C26644CFDA-LeaderElection364: begin an election at term 381 for -1: [4b287a15-77af-487b-aef7-34d1d0ee189f:192.168.34.38:38597, 0aa3649f-570d-46c6-937f-492d7f3a8364:192.168.34.38:33209, 4a03179f-3169-4ac7-a075-259968512ef0:192.168.34.38:45833], old=null
2019-10-16 21:02:09,693 [grpc-default-executor-2] INFO  impl.RaftServerImpl (RaftServerImpl.java:setRole(184)) - 0aa3649f-570d-46c6-937f-492d7f3a8364@group-83C26644CFDA: changes role from  FOLLOWER to FOLLOWER at term 381 for recognizeCandidate:4b287a15-77af-487b-aef7-34d1d0ee189f
2019-10-16 21:02:09,693 [grpc-default-executor-2] INFO  impl.RoleInfo (RoleInfo.java:shutdownFollowerState(121)) - 0aa3649f-570d-46c6-937f-492d7f3a8364: shutdown FollowerState
2019-10-16 21:02:09,693 [grpc-default-executor-1] INFO  impl.RaftServerImpl (RaftServerImpl.java:setRole(184)) - 4a03179f-3169-4ac7-a075-259968512ef0@group-83C26644CFDA: changes role from  FOLLOWER to FOLLOWER at term 381 for recognizeCandidate:4b287a15-77af-487b-aef7-34d1d0ee189f
2019-10-16 21:02:09,693 [Thread-2568] INFO  impl.FollowerState (FollowerState.java:run(117)) - 0aa3649f-570d-46c6-937f-492d7f3a8364@group-83C26644CFDA-FollowerState was interrupted: java.lang.InterruptedException: sleep interrupted
2019-10-16 21:02:09,693 [grpc-default-executor-2] INFO  impl.RoleInfo (RoleInfo.java:updateAndGet(143)) - 0aa3649f-570d-46c6-937f-492d7f3a8364: start FollowerState
2019-10-16 21:02:09,693 [grpc-default-executor-1] INFO  impl.RoleInfo (RoleInfo.java:shutdownFollowerState(121)) - 4a03179f-3169-4ac7-a075-259968512ef0: shutdown FollowerState
2019-10-16 21:02:09,694 [grpc-default-executor-1] INFO  impl.RoleInfo (RoleInfo.java:updateAndGet(143)) - 4a03179f-3169-4ac7-a075-259968512ef0: start FollowerState
2019-10-16 21:02:09,694 [Thread-2567] INFO  impl.FollowerState (FollowerState.java:run(117)) - 4a03179f-3169-4ac7-a075-259968512ef0@group-83C26644CFDA-FollowerState was interrupted: java.lang.InterruptedException: sleep interrupted
2019-10-16 21:02:09,707 [4b287a15-77af-487b-aef7-34d1d0ee189f@group-83C26644CFDA-LeaderElection364] INFO  impl.LeaderElection (LeaderElection.java:logAndReturn(56)) - 4b287a15-77af-487b-aef7-34d1d0ee189f@group-83C26644CFDA-LeaderElection364: Election REJECTED; received 2 response(s) [4b287a15-77af-487b-aef7-34d1d0ee189f<-0aa3649f-570d-46c6-937f-492d7f3a8364#0:FAIL-t381, 4b287a15-77af-487b-aef7-34d1d0ee189f<-4a03179f-3169-4ac7-a075-259968512ef0#0:FAIL-t381] and 0 exception(s); 4b287a15-77af-487b-aef7-34d1d0ee189f@group-83C26644CFDA:t381, leader=null, voted=4b287a15-77af-487b-aef7-34d1d0ee189f, raftlog=4b287a15-77af-487b-aef7-34d1d0ee189f@group-83C26644CFDA-SegmentedRaftLog:OPENED:c-1,f-1,i0, conf=-1: [4b287a15-77af-487b-aef7-34d1d0ee189f:192.168.34.38:38597, 0aa3649f-570d-46c6-937f-492d7f3a8364:192.168.34.38:33209, 4a03179f-3169-4ac7-a075-259968512ef0:192.168.34.38:45833], old=null
2019-10-16 21:02:09,707 [4b287a15-77af-487b-aef7-34d1d0ee189f@group-83C26644CFDA-LeaderElection364] INFO  impl.RaftServerImpl (RaftServerImpl.java:setRole(184)) - 4b287a15-77af-487b-aef7-34d1d0ee189f@group-83C26644CFDA: changes role from CANDIDATE to FOLLOWER at term 381 for DISCOVERED_A_NEW_TERM
2019-10-16 21:02:09,707 [4b287a15-77af-487b-aef7-34d1d0ee189f@group-83C26644CFDA-LeaderElection364] INFO  impl.RoleInfo (RoleInfo.java:shutdownLeaderElection(134)) - 4b287a15-77af-487b-aef7-34d1d0ee189f: shutdown LeaderElection
2019-10-16 21:02:09,708 [4b287a15-77af-487b-aef7-34d1d0ee189f@group-83C26644CFDA-LeaderElection364] INFO  impl.RoleInfo (RoleInfo.java:updateAndGet(143)) - 4b287a15-77af-487b-aef7-34d1d0ee189f: start FollowerState
2019-10-16 21:02:09,876 [Thread-2575] INFO  impl.FollowerState (FollowerState.java:run(108)) - 4b287a15-77af-487b-aef7-34d1d0ee189f@group-83C26644CFDA-FollowerState: change to CANDIDATE, lastRpcTime:168ms, electionTimeout:168ms
2019-10-16 21:02:09,876 [Thread-2575] INFO  impl.RoleInfo (RoleInfo.java:shutdownFollowerState(121)) - 4b287a15-77af-487b-aef7-34d1d0ee189f: shutdown FollowerState
2019-10-16 21:02:09,876 [Thread-2575] INFO  impl.RaftServerImpl (RaftServerImpl.java:setRole(184)) - 4b287a15-77af-487b-aef7-34d1d0ee189f@group-83C26644CFDA: changes role from  FOLLOWER to CANDIDATE at term 381 for changeToCandidate
2019-10-16 21:02:09,876 [Thread-2575] INFO  impl.RoleInfo (RoleInfo.java:updateAndGet(143)) - 4b287a15-77af-487b-aef7-34d1d0ee189f: start LeaderElection
2019-10-16 21:02:09,889 [4b287a15-77af-487b-aef7-34d1d0ee189f@group-83C26644CFDA-LeaderElection365] INFO  impl.LeaderElection (LeaderElection.java:askForVotes(178)) - 4b287a15-77af-487b-aef7-34d1d0ee189f@group-83C26644CFDA-LeaderElection365: begin an election at term 382 for -1: [4b287a15-77af-487b-aef7-34d1d0ee189f:192.168.34.38:38597, 0aa3649f-570d-46c6-937f-492d7f3a8364:192.168.34.38:33209, 4a03179f-3169-4ac7-a075-259968512ef0:192.168.34.38:45833], old=null
2019-10-16 21:02:09,891 [grpc-default-executor-2] INFO  impl.RaftServerImpl (RaftServerImpl.java:setRole(184)) - 0aa3649f-570d-46c6-937f-492d7f3a8364@group-83C26644CFDA: changes role from  FOLLOWER to FOLLOWER at term 382 for recognizeCandidate:4b287a15-77af-487b-aef7-34d1d0ee189f
2019-10-16 21:02:09,891 [grpc-default-executor-2] INFO  impl.RoleInfo (RoleInfo.java:shutdownFollowerState(121)) - 0aa3649f-570d-46c6-937f-492d7f3a8364: shutdown FollowerState
2019-10-16 21:02:09,891 [grpc-default-executor-2] INFO  impl.RoleInfo (RoleInfo.java:updateAndGet(143)) - 0aa3649f-570d-46c6-937f-492d7f3a8364: start FollowerState
2019-10-16 21:02:09,891 [grpc-default-executor-1] INFO  impl.RaftServerImpl (RaftServerImpl.java:setRole(184)) - 4a03179f-3169-4ac7-a075-259968512ef0@group-83C26644CFDA: changes role from  FOLLOWER to FOLLOWER at term 382 for recognizeCandidate:4b287a15-77af-487b-aef7-34d1d0ee189f
2019-10-16 21:02:09,891 [grpc-default-executor-1] INFO  impl.RoleInfo (RoleInfo.java:shutdownFollowerState(121)) - 4a03179f-3169-4ac7-a075-259968512ef0: shutdown FollowerState
2019-10-16 21:02:09,891 [Thread-2573] INFO  impl.FollowerState (FollowerState.java:run(117)) - 0aa3649f-570d-46c6-937f-492d7f3a8364@group-83C26644CFDA-FollowerState was interrupted: java.lang.InterruptedException: sleep interrupted
2019-10-16 21:02:09,892 [Thread-2574] INFO  impl.FollowerState (FollowerState.java:run(117)) - 4a03179f-3169-4ac7-a075-259968512ef0@group-83C26644CFDA-FollowerState was interrupted: java.lang.InterruptedException: sleep interrupted
2019-10-16 21:02:09,892 [grpc-default-executor-1] INFO  impl.RoleInfo (RoleInfo.java:updateAndGet(143)) - 4a03179f-3169-4ac7-a075-259968512ef0: start FollowerState
2019-10-16 21:02:09,912 [4b287a15-77af-487b-aef7-34d1d0ee189f@group-83C26644CFDA-LeaderElection365] INFO  impl.LeaderElection (LeaderElection.java:logAndReturn(56)) - 4b287a15-77af-487b-aef7-34d1d0ee189f@group-83C26644CFDA-LeaderElection365: Election REJECTED; received 2 response(s) [4b287a15-77af-487b-aef7-34d1d0ee189f<-0aa3649f-570d-46c6-937f-492d7f3a8364#0:FAIL-t382, 4b287a15-77af-487b-aef7-34d1d0ee189f<-4a03179f-3169-4ac7-a075-259968512ef0#0:FAIL-t382] and 0 exception(s); 4b287a15-77af-487b-aef7-34d1d0ee189f@group-83C26644CFDA:t382, leader=null, voted=4b287a15-77af-487b-aef7-34d1d0ee189f, raftlog=4b287a15-77af-487b-aef7-34d1d0ee189f@group-83C26644CFDA-SegmentedRaftLog:OPENED:c-1,f-1,i0, conf=-1: [4b287a15-77af-487b-aef7-34d1d0ee189f:192.168.34.38:38597, 0aa3649f-570d-46c6-937f-492d7f3a8364:192.168.34.38:33209, 4a03179f-3169-4ac7-a075-259968512ef0:192.168.34.38:45833], old=null
2019-10-16 21:02:09,912 [4b287a15-77af-487b-aef7-34d1d0ee189f@group-83C26644CFDA-LeaderElection365] INFO  impl.RaftServerImpl (RaftServerImpl.java:setRole(184)) - 4b287a15-77af-487b-aef7-34d1d0ee189f@group-83C26644CFDA: changes role from CANDIDATE to FOLLOWER at term 382 for DISCOVERED_A_NEW_TERM
2019-10-16 21:02:09,913 [4b287a15-77af-487b-aef7-34d1d0ee189f@group-83C26644CFDA-LeaderElection365] INFO  impl.RoleInfo (RoleInfo.java:shutdownLeaderElection(134)) - 4b287a15-77af-487b-aef7-34d1d0ee189f: shutdown LeaderElection
2019-10-16 21:02:09,913 [4b287a15-77af-487b-aef7-34d1d0ee189f@group-83C26644CFDA-LeaderElection365] INFO  impl.RoleInfo (RoleInfo.java:updateAndGet(143)) - 4b287a15-77af-487b-aef7-34d1d0ee189f: start FollowerState
2019-10-16 21:02:10,094 [Thread-2581] INFO  impl.FollowerState (FollowerState.java:run(108)) - 4b287a15-77af-487b-aef7-34d1d0ee189f@group-83C26644CFDA-FollowerState: change to CANDIDATE, lastRpcTime:181ms, electionTimeout:181ms
2019-10-16 21:02:10,094 [Thread-2581] INFO  impl.RoleInfo (RoleInfo.java:shutdownFollowerState(121)) - 4b287a15-77af-487b-aef7-34d1d0ee189f: shutdown FollowerState
2019-10-16 21:02:10,094 [Thread-2581] INFO  impl.RaftServerImpl (RaftServerImpl.java:setRole(184)) - 4b287a15-77af-487b-aef7-34d1d0ee189f@group-83C26644CFDA: changes role from  FOLLOWER to CANDIDATE at term 382 for changeToCandidate
2019-10-16 21:02:10,095 [Thread-2581] INFO  impl.RoleInfo (RoleInfo.java:updateAndGet(143)) - 4b287a15-77af-487b-aef7-34d1d0ee189f: start LeaderElection
2019-10-16 21:02:10,099 [4b287a15-77af-487b-aef7-34d1d0ee189f@group-83C26644CFDA-LeaderElection366] INFO  impl.LeaderElection (LeaderElection.java:askForVotes(178)) - 4b287a15-77af-487b-aef7-34d1d0ee189f@group-83C26644CFDA-LeaderElection366: begin an election at term 383 for -1: [4b287a15-77af-487b-aef7-34d1d0ee189f:192.168.34.38:38597, 0aa3649f-570d-46c6-937f-492d7f3a8364:192.168.34.38:33209, 4a03179f-3169-4ac7-a075-259968512ef0:192.168.34.38:45833], old=null
2019-10-16 21:02:10,101 [grpc-default-executor-2] INFO  impl.RaftServerImpl (RaftServerImpl.java:setRole(184)) - 4a03179f-3169-4ac7-a075-259968512ef0@group-83C26644CFDA: changes role from  FOLLOWER to FOLLOWER at term 383 for recognizeCandidate:4b287a15-77af-487b-aef7-34d1d0ee189f
2019-10-16 21:02:10,101 [grpc-default-executor-2] INFO  impl.RoleInfo (RoleInfo.java:shutdownFollowerState(121)) - 4a03179f-3169-4ac7-a075-259968512ef0: shutdown FollowerState
2019-10-16 21:02:10,101 [grpc-default-executor-1] INFO  impl.RaftServerImpl (RaftServerImpl.java:setRole(184)) - 0aa3649f-570d-46c6-937f-492d7f3a8364@group-83C26644CFDA: changes role from  FOLLOWER to FOLLOWER at term 383 for recognizeCandidate:4b287a15-77af-487b-aef7-34d1d0ee189f
2019-10-16 21:02:10,102 [Thread-2580] INFO  impl.FollowerState (FollowerState.java:run(117)) - 4a03179f-3169-4ac7-a075-259968512ef0@group-83C26644CFDA-FollowerState was interrupted: java.lang.InterruptedException: sleep interrupted
2019-10-16 21:02:10,101 [grpc-default-executor-2] INFO  impl.RoleInfo (RoleInfo.java:updateAndGet(143)) - 4a03179f-3169-4ac7-a075-259968512ef0: start FollowerState
2019-10-16 21:02:10,102 [grpc-default-executor-1] INFO  impl.RoleInfo (RoleInfo.java:shutdownFollowerState(121)) - 0aa3649f-570d-46c6-937f-492d7f3a8364: shutdown FollowerState
2019-10-16 21:02:10,102 [Thread-2579] INFO  impl.FollowerState (FollowerState.java:run(117)) - 0aa3649f-570d-46c6-937f-492d7f3a8364@group-83C26644CFDA-FollowerState was interrupted: java.lang.InterruptedException: sleep interrupted
2019-10-16 21:02:10,102 [grpc-default-executor-1] INFO  impl.RoleInfo (RoleInfo.java:updateAndGet(143)) - 0aa3649f-570d-46c6-937f-492d7f3a8364: start FollowerState
2019-10-16 21:02:10,116 [4b287a15-77af-487b-aef7-34d1d0ee189f@group-83C26644CFDA-LeaderElection366] INFO  impl.LeaderElection (LeaderElection.java:logAndReturn(56)) - 4b287a15-77af-487b-aef7-34d1d0ee189f@group-83C26644CFDA-LeaderElection366: Election REJECTED; received 2 response(s) [4b287a15-77af-487b-aef7-34d1d0ee189f<-0aa3649f-570d-46c6-937f-492d7f3a8364#0:FAIL-t383, 4b287a15-77af-487b-aef7-34d1d0ee189f<-4a03179f-3169-4ac7-a075-259968512ef0#0:FAIL-t383] and 0 exception(s); 4b287a15-77af-487b-aef7-34d1d0ee189f@group-83C26644CFDA:t383, leader=null, voted=4b287a15-77af-487b-aef7-34d1d0ee189f, raftlog=4b287a15-77af-487b-aef7-34d1d0ee189f@group-83C26644CFDA-SegmentedRaftLog:OPENED:c-1,f-1,i0, conf=-1: [4b287a15-77af-487b-aef7-34d1d0ee189f:192.168.34.38:38597, 0aa3649f-570d-46c6-937f-492d7f3a8364:192.168.34.38:33209, 4a03179f-3169-4ac7-a075-259968512ef0:192.168.34.38:45833], old=null
2019-10-16 21:02:10,116 [4b287a15-77af-487b-aef7-34d1d0ee189f@group-83C26644CFDA-LeaderElection366] INFO  impl.RaftServerImpl (RaftServerImpl.java:setRole(184)) - 4b287a15-77af-487b-aef7-34d1d0ee189f@group-83C26644CFDA: changes role from CANDIDATE to FOLLOWER at term 383 for DISCOVERED_A_NEW_TERM
2019-10-16 21:02:10,116 [4b287a15-77af-487b-aef7-34d1d0ee189f@group-83C26644CFDA-LeaderElection366] INFO  impl.RoleInfo (RoleInfo.java:shutdownLeaderElection(134)) - 4b287a15-77af-487b-aef7-34d1d0ee189f: shutdown LeaderElection
2019-10-16 21:02:10,116 [4b287a15-77af-487b-aef7-34d1d0ee189f@group-83C26644CFDA-LeaderElection366] INFO  impl.RoleInfo (RoleInfo.java:updateAndGet(143)) - 4b287a15-77af-487b-aef7-34d1d0ee189f: start FollowerState
2019-10-16 21:02:10,160 [Thread-2587] INFO  impl.FollowerState (FollowerState.java:run(108)) - 4b287a15-77af-487b-aef7-34d1d0ee189f@group-83C26644CFDA-FollowerState: change to CANDIDATE, lastRpcTime:44ms, electionTimeout:44ms
2019-10-16 21:02:10,161 [Thread-2587] INFO  impl.RoleInfo (RoleInfo.java:shutdownFollowerState(121)) - 4b287a15-77af-487b-aef7-34d1d0ee189f: shutdown FollowerState
2019-10-16 21:02:10,161 [Thread-2587] INFO  impl.RaftServerImpl (RaftServerImpl.java:setRole(184)) - 4b287a15-77af-487b-aef7-34d1d0ee189f@group-83C26644CFDA: changes role from  FOLLOWER to CANDIDATE at term 383 for changeToCandidate
2019-10-16 21:02:10,161 [Thread-2587] INFO  impl.RoleInfo (RoleInfo.java:updateAndGet(143)) - 4b287a15-77af-487b-aef7-34d1d0ee189f: start LeaderElection
2019-10-16 21:02:10,178 [4b287a15-77af-487b-aef7-34d1d0ee189f@group-83C26644CFDA-LeaderElection367] INFO  impl.LeaderElection (LeaderElection.java:askForVotes(178)) - 4b287a15-77af-487b-aef7-34d1d0ee189f@group-83C26644CFDA-LeaderElection367: begin an election at term 384 for -1: [4b287a15-77af-487b-aef7-34d1d0ee189f:192.168.34.38:38597, 0aa3649f-570d-46c6-937f-492d7f3a8364:192.168.34.38:33209, 4a03179f-3169-4ac7-a075-259968512ef0:192.168.34.38:45833], old=null
2019-10-16 21:02:10,180 [grpc-default-executor-1] INFO  impl.RaftServerImpl (RaftServerImpl.java:setRole(184)) - 4a03179f-3169-4ac7-a075-259968512ef0@group-83C26644CFDA: changes role from  FOLLOWER to FOLLOWER at term 384 for recognizeCandidate:4b287a15-77af-487b-aef7-34d1d0ee189f
2019-10-16 21:02:10,180 [grpc-default-executor-1] INFO  impl.RoleInfo (RoleInfo.java:shutdownFollowerState(121)) - 4a03179f-3169-4ac7-a075-259968512ef0: shutdown FollowerState
2019-10-16 21:02:10,180 [grpc-default-executor-2] INFO  impl.RaftServerImpl (RaftServerImpl.java:setRole(184)) - 0aa3649f-570d-46c6-937f-492d7f3a8364@group-83C26644CFDA: changes role from  FOLLOWER to FOLLOWER at term 384 for recognizeCandidate:4b287a15-77af-487b-aef7-34d1d0ee189f
2019-10-16 21:02:10,181 [Thread-2585] INFO  impl.FollowerState (FollowerState.java:run(117)) - 4a03179f-3169-4ac7-a075-259968512ef0@group-83C26644CFDA-FollowerState was interrupted: java.lang.InterruptedException: sleep interrupted
2019-10-16 21:02:10,181 [grpc-default-executor-1] INFO  impl.RoleInfo (RoleInfo.java:updateAndGet(143)) - 4a03179f-3169-4ac7-a075-259968512ef0: start FollowerState
2019-10-16 21:02:10,181 [grpc-default-executor-2] INFO  impl.RoleInfo (RoleInfo.java:shutdownFollowerState(121)) - 0aa3649f-570d-46c6-937f-492d7f3a8364: shutdown FollowerState
2019-10-16 21:02:10,181 [grpc-default-executor-2] INFO  impl.RoleInfo (RoleInfo.java:updateAndGet(143)) - 0aa3649f-570d-46c6-937f-492d7f3a8364: start FollowerState
2019-10-16 21:02:10,181 [Thread-2586] INFO  impl.FollowerState (FollowerState.java:run(117)) - 0aa3649f-570d-46c6-937f-492d7f3a8364@group-83C26644CFDA-FollowerState was interrupted: java.lang.InterruptedException: sleep interrupted
2019-10-16 21:02:10,191 [4b287a15-77af-487b-aef7-34d1d0ee189f@group-83C26644CFDA-LeaderElection367] INFO  impl.LeaderElection (LeaderElection.java:logAndReturn(56)) - 4b287a15-77af-487b-aef7-34d1d0ee189f@group-83C26644CFDA-LeaderElection367: Election TIMEOUT; received 0 response(s) [] and 0 exception(s); 4b287a15-77af-487b-aef7-34d1d0ee189f@group-83C26644CFDA:t384, leader=null, voted=4b287a15-77af-487b-aef7-34d1d0ee189f, raftlog=4b287a15-77af-487b-aef7-34d1d0ee189f@group-83C26644CFDA-SegmentedRaftLog:OPENED:c-1,f-1,i0, conf=-1: [4b287a15-77af-487b-aef7-34d1d0ee189f:192.168.34.38:38597, 0aa3649f-570d-46c6-937f-492d7f3a8364:192.168.34.38:33209, 4a03179f-3169-4ac7-a075-259968512ef0:192.168.34.38:45833], old=null
2019-10-16 21:02:10,194 [4b287a15-77af-487b-aef7-34d1d0ee189f@group-83C26644CFDA-LeaderElection367] INFO  impl.LeaderElection (LeaderElection.java:askForVotes(178)) - 4b287a15-77af-487b-aef7-34d1d0ee189f@group-83C26644CFDA-LeaderElection367: begin an election at term 385 for -1: [4b287a15-77af-487b-aef7-34d1d0ee189f:192.168.34.38:38597, 0aa3649f-570d-46c6-937f-492d7f3a8364:192.168.34.38:33209, 4a03179f-3169-4ac7-a075-259968512ef0:192.168.34.38:45833], old=null
2019-10-16 21:02:10,195 [grpc-default-executor-1] INFO  impl.RaftServerImpl (RaftServerImpl.java:setRole(184)) - 0aa3649f-570d-46c6-937f-492d7f3a8364@group-83C26644CFDA: changes role from  FOLLOWER to FOLLOWER at term 385 for recognizeCandidate:4b287a15-77af-487b-aef7-34d1d0ee189f
2019-10-16 21:02:10,195 [grpc-default-executor-1] INFO  impl.RoleInfo (RoleInfo.java:shutdownFollowerState(121)) - 0aa3649f-570d-46c6-937f-492d7f3a8364: shutdown FollowerState
2019-10-16 21:02:10,196 [grpc-default-executor-1] INFO  impl.RoleInfo (RoleInfo.java:updateAndGet(143)) - 0aa3649f-570d-46c6-937f-492d7f3a8364: start FollowerState
2019-10-16 21:02:10,196 [Thread-2592] INFO  impl.FollowerState (FollowerState.java:run(117)) - 0aa3649f-570d-46c6-937f-492d7f3a8364@group-83C26644CFDA-FollowerState was interrupted: java.lang.InterruptedException: sleep interrupted
2019-10-16 21:02:10,196 [grpc-default-executor-2] INFO  impl.RaftServerImpl (RaftServerImpl.java:setRole(184)) - 4a03179f-3169-4ac7-a075-259968512ef0@group-83C26644CFDA: changes role from  FOLLOWER to FOLLOWER at term 385 for recognizeCandidate:4b287a15-77af-487b-aef7-34d1d0ee189f
2019-10-16 21:02:10,196 [grpc-default-executor-2] INFO  impl.RoleInfo (RoleInfo.java:shutdownFollowerState(121)) - 4a03179f-3169-4ac7-a075-259968512ef0: shutdown FollowerState
2019-10-16 21:02:10,196 [grpc-default-executor-2] INFO  impl.RoleInfo (RoleInfo.java:updateAndGet(143)) - 4a03179f-3169-4ac7-a075-259968512ef0: start FollowerState
2019-10-16 21:02:10,196 [Thread-2591] INFO  impl.FollowerState (FollowerState.java:run(117)) - 4a03179f-3169-4ac7-a075-259968512ef0@group-83C26644CFDA-FollowerState was interrupted: java.lang.InterruptedException: sleep interrupted
2019-10-16 21:02:10,209 [4b287a15-77af-487b-aef7-34d1d0ee189f@group-83C26644CFDA-LeaderElection367] INFO  impl.LeaderElection (LeaderElection.java:logAndReturn(56)) - 4b287a15-77af-487b-aef7-34d1d0ee189f@group-83C26644CFDA-LeaderElection367: Election REJECTED; received 2 response(s) [4b287a15-77af-487b-aef7-34d1d0ee189f<-0aa3649f-570d-46c6-937f-492d7f3a8364#0:FAIL-t385, 4b287a15-77af-487b-aef7-34d1d0ee189f<-4a03179f-3169-4ac7-a075-259968512ef0#0:FAIL-t385] and 0 exception(s); 4b287a15-77af-487b-aef7-34d1d0ee189f@group-83C26644CFDA:t385, leader=null, voted=4b287a15-77af-487b-aef7-34d1d0ee189f, raftlog=4b287a15-77af-487b-aef7-34d1d0ee189f@group-83C26644CFDA-SegmentedRaftLog:OPENED:c-1,f-1,i0, conf=-1: [4b287a15-77af-487b-aef7-34d1d0ee189f:192.168.34.38:38597, 0aa3649f-570d-46c6-937f-492d7f3a8364:192.168.34.38:33209, 4a03179f-3169-4ac7-a075-259968512ef0:192.168.34.38:45833], old=null
2019-10-16 21:02:10,209 [4b287a15-77af-487b-aef7-34d1d0ee189f@group-83C26644CFDA-LeaderElection367] INFO  impl.RaftServerImpl (RaftServerImpl.java:setRole(184)) - 4b287a15-77af-487b-aef7-34d1d0ee189f@group-83C26644CFDA: changes role from CANDIDATE to FOLLOWER at term 385 for DISCOVERED_A_NEW_TERM
2019-10-16 21:02:10,210 [4b287a15-77af-487b-aef7-34d1d0ee189f@group-83C26644CFDA-LeaderElection367] INFO  impl.RoleInfo (RoleInfo.java:shutdownLeaderElection(134)) - 4b287a15-77af-487b-aef7-34d1d0ee189f: shutdown LeaderElection
2019-10-16 21:02:10,210 [4b287a15-77af-487b-aef7-34d1d0ee189f@group-83C26644CFDA-LeaderElection367] INFO  impl.RoleInfo (RoleInfo.java:updateAndGet(143)) - 4b287a15-77af-487b-aef7-34d1d0ee189f: start FollowerState
2019-10-16 21:02:10,320 [Thread-2597] INFO  impl.FollowerState (FollowerState.java:run(108)) - 4b287a15-77af-487b-aef7-34d1d0ee189f@group-83C26644CFDA-FollowerState: change to CANDIDATE, lastRpcTime:110ms, electionTimeout:110ms
2019-10-16 21:02:10,320 [Thread-2597] INFO  impl.RoleInfo (RoleInfo.java:shutdownFollowerState(121)) - 4b287a15-77af-487b-aef7-34d1d0ee189f: shutdown FollowerState
2019-10-16 21:02:10,320 [Thread-2597] INFO  impl.RaftServerImpl (RaftServerImpl.java:setRole(184)) - 4b287a15-77af-487b-aef7-34d1d0ee189f@group-83C26644CFDA: changes role from  FOLLOWER to CANDIDATE at term 385 for changeToCandidate
2019-10-16 21:02:10,321 [Thread-2597] INFO  impl.RoleInfo (RoleInfo.java:updateAndGet(143)) - 4b287a15-77af-487b-aef7-34d1d0ee189f: start LeaderElection
2019-10-16 21:02:10,331 [4b287a15-77af-487b-aef7-34d1d0ee189f@group-83C26644CFDA-LeaderElection368] INFO  impl.LeaderElection (LeaderElection.java:askForVotes(178)) - 4b287a15-77af-487b-aef7-34d1d0ee189f@group-83C26644CFDA-LeaderElection368: begin an election at term 386 for -1: [4b287a15-77af-487b-aef7-34d1d0ee189f:192.168.34.38:38597, 0aa3649f-570d-46c6-937f-492d7f3a8364:192.168.34.38:33209, 4a03179f-3169-4ac7-a075-259968512ef0:192.168.34.38:45833], old=null
2019-10-16 21:02:10,333 [grpc-default-executor-2] INFO  impl.RaftServerImpl (RaftServerImpl.java:setRole(184)) - 0aa3649f-570d-46c6-937f-492d7f3a8364@group-83C26644CFDA: changes role from  FOLLOWER to FOLLOWER at term 386 for recognizeCandidate:4b287a15-77af-487b-aef7-34d1d0ee189f
2019-10-16 21:02:10,333 [grpc-default-executor-2] INFO  impl.RoleInfo (RoleInfo.java:shutdownFollowerState(121)) - 0aa3649f-570d-46c6-937f-492d7f3a8364: shutdown FollowerState
2019-10-16 21:02:10,333 [grpc-default-executor-2] INFO  impl.RoleInfo (RoleInfo.java:updateAndGet(143)) - 0aa3649f-570d-46c6-937f-492d7f3a8364: start FollowerState
2019-10-16 21:02:10,333 [Thread-2595] INFO  impl.FollowerState (FollowerState.java:run(117)) - 0aa3649f-570d-46c6-937f-492d7f3a8364@group-83C26644CFDA-FollowerState was interrupted: java.lang.InterruptedException: sleep interrupted
2019-10-16 21:02:10,333 [grpc-default-executor-1] INFO  impl.RaftServerImpl (RaftServerImpl.java:setRole(184)) - 4a03179f-3169-4ac7-a075-259968512ef0@group-83C26644CFDA: changes role from  FOLLOWER to FOLLOWER at term 386 for recognizeCandidate:4b287a15-77af-487b-aef7-34d1d0ee189f
2019-10-16 21:02:10,333 [grpc-default-executor-1] INFO  impl.RoleInfo (RoleInfo.java:shutdownFollowerState(121)) - 4a03179f-3169-4ac7-a075-259968512ef0: shutdown FollowerState
2019-10-16 21:02:10,334 [grpc-default-executor-1] INFO  impl.RoleInfo (RoleInfo.java:updateAndGet(143)) - 4a03179f-3169-4ac7-a075-259968512ef0: start FollowerState
2019-10-16 21:02:10,334 [Thread-2596] INFO  impl.FollowerState (FollowerState.java:run(117)) - 4a03179f-3169-4ac7-a075-259968512ef0@group-83C26644CFDA-FollowerState was interrupted: java.lang.InterruptedException: sleep interrupted
2019-10-16 21:02:10,335 [4b287a15-77af-487b-aef7-34d1d0ee189f@group-83C26644CFDA-LeaderElection368] INFO  impl.LeaderElection (LeaderElection.java:logAndReturn(56)) - 4b287a15-77af-487b-aef7-34d1d0ee189f@group-83C26644CFDA-LeaderElection368: Election TIMEOUT; received 0 response(s) [] and 0 exception(s); 4b287a15-77af-487b-aef7-34d1d0ee189f@group-83C26644CFDA:t386, leader=null, voted=4b287a15-77af-487b-aef7-34d1d0ee189f, raftlog=4b287a15-77af-487b-aef7-34d1d0ee189f@group-83C26644CFDA-SegmentedRaftLog:OPENED:c-1,f-1,i0, conf=-1: [4b287a15-77af-487b-aef7-34d1d0ee189f:192.168.34.38:38597, 0aa3649f-570d-46c6-937f-492d7f3a8364:192.168.34.38:33209, 4a03179f-3169-4ac7-a075-259968512ef0:192.168.34.38:45833], old=null
2019-10-16 21:02:10,347 [4b287a15-77af-487b-aef7-34d1d0ee189f@group-83C26644CFDA-LeaderElection368] INFO  impl.LeaderElection (LeaderElection.java:askForVotes(178)) - 4b287a15-77af-487b-aef7-34d1d0ee189f@group-83C26644CFDA-LeaderElection368: begin an election at term 387 for -1: [4b287a15-77af-487b-aef7-34d1d0ee189f:192.168.34.38:38597, 0aa3649f-570d-46c6-937f-492d7f3a8364:192.168.34.38:33209, 4a03179f-3169-4ac7-a075-259968512ef0:192.168.34.38:45833], old=null
2019-10-16 21:02:10,348 [grpc-default-executor-1] INFO  impl.RaftServerImpl (RaftServerImpl.java:setRole(184)) - 0aa3649f-570d-46c6-937f-492d7f3a8364@group-83C26644CFDA: changes role from  FOLLOWER to FOLLOWER at term 387 for recognizeCandidate:4b287a15-77af-487b-aef7-34d1d0ee189f
2019-10-16 21:02:10,348 [grpc-default-executor-1] INFO  impl.RoleInfo (RoleInfo.java:shutdownFollowerState(121)) - 0aa3649f-570d-46c6-937f-492d7f3a8364: shutdown FollowerState
2019-10-16 21:02:10,348 [grpc-default-executor-1] INFO  impl.RoleInfo (RoleInfo.java:updateAndGet(143)) - 0aa3649f-570d-46c6-937f-492d7f3a8364: start FollowerState
2019-10-16 21:02:10,348 [grpc-default-executor-2] INFO  impl.RaftServerImpl (RaftServerImpl.java:setRole(184)) - 4a03179f-3169-4ac7-a075-259968512ef0@group-83C26644CFDA: changes role from  FOLLOWER to FOLLOWER at term 387 for recognizeCandidate:4b287a15-77af-487b-aef7-34d1d0ee189f
2019-10-16 21:02:10,348 [Thread-2601] INFO  impl.FollowerState (FollowerState.java:run(117)) - 0aa3649f-570d-46c6-937f-492d7f3a8364@group-83C26644CFDA-FollowerState was interrupted: java.lang.InterruptedException: sleep interrupted
2019-10-16 21:02:10,349 [grpc-default-executor-2] INFO  impl.RoleInfo (RoleInfo.java:shutdownFollowerState(121)) - 4a03179f-3169-4ac7-a075-259968512ef0: shutdown FollowerState
2019-10-16 21:02:10,349 [grpc-default-executor-2] INFO  impl.RoleInfo (RoleInfo.java:updateAndGet(143)) - 4a03179f-3169-4ac7-a075-259968512ef0: start FollowerState
2019-10-16 21:02:10,349 [Thread-2602] INFO  impl.FollowerState (FollowerState.java:run(117)) - 4a03179f-3169-4ac7-a075-259968512ef0@group-83C26644CFDA-FollowerState was interrupted: java.lang.InterruptedException: sleep interrupted
2019-10-16 21:02:10,352 [4b287a15-77af-487b-aef7-34d1d0ee189f@group-83C26644CFDA-LeaderElection368] INFO  impl.LeaderElection (LeaderElection.java:logAndReturn(56)) - 4b287a15-77af-487b-aef7-34d1d0ee189f@group-83C26644CFDA-LeaderElection368: Election REJECTED; received 2 response(s) [4b287a15-77af-487b-aef7-34d1d0ee189f<-0aa3649f-570d-46c6-937f-492d7f3a8364#0:FAIL-t387, 4b287a15-77af-487b-aef7-34d1d0ee189f<-4a03179f-3169-4ac7-a075-259968512ef0#0:FAIL-t387] and 0 exception(s); 4b287a15-77af-487b-aef7-34d1d0ee189f@group-83C26644CFDA:t387, leader=null, voted=4b287a15-77af-487b-aef7-34d1d0ee189f, raftlog=4b287a15-77af-487b-aef7-34d1d0ee189f@group-83C26644CFDA-SegmentedRaftLog:OPENED:c-1,f-1,i0, conf=-1: [4b287a15-77af-487b-aef7-34d1d0ee189f:192.168.34.38:38597, 0aa3649f-570d-46c6-937f-492d7f3a8364:192.168.34.38:33209, 4a03179f-3169-4ac7-a075-259968512ef0:192.168.34.38:45833], old=null
2019-10-16 21:02:10,353 [4b287a15-77af-487b-aef7-34d1d0ee189f@group-83C26644CFDA-LeaderElection368] INFO  impl.RaftServerImpl (RaftServerImpl.java:setRole(184)) - 4b287a15-77af-487b-aef7-34d1d0ee189f@group-83C26644CFDA: changes role from CANDIDATE to FOLLOWER at term 387 for DISCOVERED_A_NEW_TERM
2019-10-16 21:02:10,353 [4b287a15-77af-487b-aef7-34d1d0ee189f@group-83C26644CFDA-LeaderElection368] INFO  impl.RoleInfo (RoleInfo.java:shutdownLeaderElection(134)) - 4b287a15-77af-487b-aef7-34d1d0ee189f: shutdown LeaderElection
2019-10-16 21:02:10,353 [4b287a15-77af-487b-aef7-34d1d0ee189f@group-83C26644CFDA-LeaderElection368] INFO  impl.RoleInfo (RoleInfo.java:updateAndGet(143)) - 4b287a15-77af-487b-aef7-34d1d0ee189f: start FollowerState
2019-10-16 21:02:10,370 [main] INFO  ozone.MiniOzoneClusterImpl (MiniOzoneClusterImpl.java:lambda$waitForClusterToBeReady$2(164)) - Waiting for 1 number of pipelines out of 4, to report a leader.
2019-10-16 21:02:10,450 [Thread-2607] INFO  impl.FollowerState (FollowerState.java:run(108)) - 4b287a15-77af-487b-aef7-34d1d0ee189f@group-83C26644CFDA-FollowerState: change to CANDIDATE, lastRpcTime:97ms, electionTimeout:97ms
2019-10-16 21:02:10,450 [Thread-2607] INFO  impl.RoleInfo (RoleInfo.java:shutdownFollowerState(121)) - 4b287a15-77af-487b-aef7-34d1d0ee189f: shutdown FollowerState
2019-10-16 21:02:10,450 [Thread-2607] INFO  impl.RaftServerImpl (RaftServerImpl.java:setRole(184)) - 4b287a15-77af-487b-aef7-34d1d0ee189f@group-83C26644CFDA: changes role from  FOLLOWER to CANDIDATE at term 387 for changeToCandidate
2019-10-16 21:02:10,451 [Thread-2607] INFO  impl.RoleInfo (RoleInfo.java:updateAndGet(143)) - 4b287a15-77af-487b-aef7-34d1d0ee189f: start LeaderElection
2019-10-16 21:02:10,474 [4b287a15-77af-487b-aef7-34d1d0ee189f@group-83C26644CFDA-LeaderElection369] INFO  impl.LeaderElection (LeaderElection.java:askForVotes(178)) - 4b287a15-77af-487b-aef7-34d1d0ee189f@group-83C26644CFDA-LeaderElection369: begin an election at term 388 for -1: [4b287a15-77af-487b-aef7-34d1d0ee189f:192.168.34.38:38597, 0aa3649f-570d-46c6-937f-492d7f3a8364:192.168.34.38:33209, 4a03179f-3169-4ac7-a075-259968512ef0:192.168.34.38:45833], old=null
2019-10-16 21:02:10,475 [grpc-default-executor-1] INFO  impl.RaftServerImpl (RaftServerImpl.java:setRole(184)) - 0aa3649f-570d-46c6-937f-492d7f3a8364@group-83C26644CFDA: changes role from  FOLLOWER to FOLLOWER at term 388 for recognizeCandidate:4b287a15-77af-487b-aef7-34d1d0ee189f
2019-10-16 21:02:10,476 [grpc-default-executor-1] INFO  impl.RoleInfo (RoleInfo.java:shutdownFollowerState(121)) - 0aa3649f-570d-46c6-937f-492d7f3a8364: shutdown FollowerState
2019-10-16 21:02:10,476 [grpc-default-executor-2] INFO  impl.RaftServerImpl (RaftServerImpl.java:setRole(184)) - 4a03179f-3169-4ac7-a075-259968512ef0@group-83C26644CFDA: changes role from  FOLLOWER to FOLLOWER at term 388 for recognizeCandidate:4b287a15-77af-487b-aef7-34d1d0ee189f
2019-10-16 21:02:10,476 [grpc-default-executor-2] INFO  impl.RoleInfo (RoleInfo.java:shutdownFollowerState(121)) - 4a03179f-3169-4ac7-a075-259968512ef0: shutdown FollowerState
2019-10-16 21:02:10,476 [Thread-2605] INFO  impl.FollowerState (FollowerState.java:run(117)) - 0aa3649f-570d-46c6-937f-492d7f3a8364@group-83C26644CFDA-FollowerState was interrupted: java.lang.InterruptedException: sleep interrupted
2019-10-16 21:02:10,476 [grpc-default-executor-1] INFO  impl.RoleInfo (RoleInfo.java:updateAndGet(143)) - 0aa3649f-570d-46c6-937f-492d7f3a8364: start FollowerState
2019-10-16 21:02:10,476 [Thread-2606] INFO  impl.FollowerState (FollowerState.java:run(117)) - 4a03179f-3169-4ac7-a075-259968512ef0@group-83C26644CFDA-FollowerState was interrupted: java.lang.InterruptedException: sleep interrupted
2019-10-16 21:02:10,476 [grpc-default-executor-2] INFO  impl.RoleInfo (RoleInfo.java:updateAndGet(143)) - 4a03179f-3169-4ac7-a075-259968512ef0: start FollowerState
2019-10-16 21:02:10,496 [4b287a15-77af-487b-aef7-34d1d0ee189f@group-83C26644CFDA-LeaderElection369] INFO  impl.LeaderElection (LeaderElection.java:logAndReturn(56)) - 4b287a15-77af-487b-aef7-34d1d0ee189f@group-83C26644CFDA-LeaderElection369: Election REJECTED; received 2 response(s) [4b287a15-77af-487b-aef7-34d1d0ee189f<-0aa3649f-570d-46c6-937f-492d7f3a8364#0:FAIL-t388, 4b287a15-77af-487b-aef7-34d1d0ee189f<-4a03179f-3169-4ac7-a075-259968512ef0#0:FAIL-t388] and 0 exception(s); 4b287a15-77af-487b-aef7-34d1d0ee189f@group-83C26644CFDA:t388, leader=null, voted=4b287a15-77af-487b-aef7-34d1d0ee189f, raftlog=4b287a15-77af-487b-aef7-34d1d0ee189f@group-83C26644CFDA-SegmentedRaftLog:OPENED:c-1,f-1,i0, conf=-1: [4b287a15-77af-487b-aef7-34d1d0ee189f:192.168.34.38:38597, 0aa3649f-570d-46c6-937f-492d7f3a8364:192.168.34.38:33209, 4a03179f-3169-4ac7-a075-259968512ef0:192.168.34.38:45833], old=null
2019-10-16 21:02:10,496 [4b287a15-77af-487b-aef7-34d1d0ee189f@group-83C26644CFDA-LeaderElection369] INFO  impl.RaftServerImpl (RaftServerImpl.java:setRole(184)) - 4b287a15-77af-487b-aef7-34d1d0ee189f@group-83C26644CFDA: changes role from CANDIDATE to FOLLOWER at term 388 for DISCOVERED_A_NEW_TERM
2019-10-16 21:02:10,496 [4b287a15-77af-487b-aef7-34d1d0ee189f@group-83C26644CFDA-LeaderElection369] INFO  impl.RoleInfo (RoleInfo.java:shutdownLeaderElection(134)) - 4b287a15-77af-487b-aef7-34d1d0ee189f: shutdown LeaderElection
2019-10-16 21:02:10,496 [4b287a15-77af-487b-aef7-34d1d0ee189f@group-83C26644CFDA-LeaderElection369] INFO  impl.RoleInfo (RoleInfo.java:updateAndGet(143)) - 4b287a15-77af-487b-aef7-34d1d0ee189f: start FollowerState
2019-10-16 21:02:10,673 [Thread-2613] INFO  impl.FollowerState (FollowerState.java:run(108)) - 4b287a15-77af-487b-aef7-34d1d0ee189f@group-83C26644CFDA-FollowerState: change to CANDIDATE, lastRpcTime:177ms, electionTimeout:177ms
2019-10-16 21:02:10,673 [Thread-2613] INFO  impl.RoleInfo (RoleInfo.java:shutdownFollowerState(121)) - 4b287a15-77af-487b-aef7-34d1d0ee189f: shutdown FollowerState
2019-10-16 21:02:10,673 [Thread-2613] INFO  impl.RaftServerImpl (RaftServerImpl.java:setRole(184)) - 4b287a15-77af-487b-aef7-34d1d0ee189f@group-83C26644CFDA: changes role from  FOLLOWER to CANDIDATE at term 388 for changeToCandidate
2019-10-16 21:02:10,674 [Thread-2613] INFO  impl.RoleInfo (RoleInfo.java:updateAndGet(143)) - 4b287a15-77af-487b-aef7-34d1d0ee189f: start LeaderElection
2019-10-16 21:02:10,688 [4b287a15-77af-487b-aef7-34d1d0ee189f@group-83C26644CFDA-LeaderElection370] INFO  impl.LeaderElection (LeaderElection.java:askForVotes(178)) - 4b287a15-77af-487b-aef7-34d1d0ee189f@group-83C26644CFDA-LeaderElection370: begin an election at term 389 for -1: [4b287a15-77af-487b-aef7-34d1d0ee189f:192.168.34.38:38597, 0aa3649f-570d-46c6-937f-492d7f3a8364:192.168.34.38:33209, 4a03179f-3169-4ac7-a075-259968512ef0:192.168.34.38:45833], old=null
2019-10-16 21:02:10,690 [grpc-default-executor-2] INFO  impl.RaftServerImpl (RaftServerImpl.java:setRole(184)) - 0aa3649f-570d-46c6-937f-492d7f3a8364@group-83C26644CFDA: changes role from  FOLLOWER to FOLLOWER at term 389 for recognizeCandidate:4b287a15-77af-487b-aef7-34d1d0ee189f
2019-10-16 21:02:10,690 [grpc-default-executor-1] INFO  impl.RaftServerImpl (RaftServerImpl.java:setRole(184)) - 4a03179f-3169-4ac7-a075-259968512ef0@group-83C26644CFDA: changes role from  FOLLOWER to FOLLOWER at term 389 for recognizeCandidate:4b287a15-77af-487b-aef7-34d1d0ee189f
2019-10-16 21:02:10,690 [grpc-default-executor-1] INFO  impl.RoleInfo (RoleInfo.java:shutdownFollowerState(121)) - 4a03179f-3169-4ac7-a075-259968512ef0: shutdown FollowerState
2019-10-16 21:02:10,690 [grpc-default-executor-2] INFO  impl.RoleInfo (RoleInfo.java:shutdownFollowerState(121)) - 0aa3649f-570d-46c6-937f-492d7f3a8364: shutdown FollowerState
2019-10-16 21:02:10,690 [Thread-2612] INFO  impl.FollowerState (FollowerState.java:run(117)) - 4a03179f-3169-4ac7-a075-259968512ef0@group-83C26644CFDA-FollowerState was interrupted: java.lang.InterruptedException: sleep interrupted
2019-10-16 21:02:10,690 [Thread-2611] INFO  impl.FollowerState (FollowerState.java:run(117)) - 0aa3649f-570d-46c6-937f-492d7f3a8364@group-83C26644CFDA-FollowerState was interrupted: java.lang.InterruptedException: sleep interrupted
2019-10-16 21:02:10,690 [grpc-default-executor-1] INFO  impl.RoleInfo (RoleInfo.java:updateAndGet(143)) - 4a03179f-3169-4ac7-a075-259968512ef0: start FollowerState
2019-10-16 21:02:10,690 [grpc-default-executor-2] INFO  impl.RoleInfo (RoleInfo.java:updateAndGet(143)) - 0aa3649f-570d-46c6-937f-492d7f3a8364: start FollowerState
2019-10-16 21:02:10,705 [4b287a15-77af-487b-aef7-34d1d0ee189f@group-83C26644CFDA-LeaderElection370] INFO  impl.LeaderElection (LeaderElection.java:logAndReturn(56)) - 4b287a15-77af-487b-aef7-34d1d0ee189f@group-83C26644CFDA-LeaderElection370: Election REJECTED; received 2 response(s) [4b287a15-77af-487b-aef7-34d1d0ee189f<-0aa3649f-570d-46c6-937f-492d7f3a8364#0:FAIL-t389, 4b287a15-77af-487b-aef7-34d1d0ee189f<-4a03179f-3169-4ac7-a075-259968512ef0#0:FAIL-t389] and 0 exception(s); 4b287a15-77af-487b-aef7-34d1d0ee189f@group-83C26644CFDA:t389, leader=null, voted=4b287a15-77af-487b-aef7-34d1d0ee189f, raftlog=4b287a15-77af-487b-aef7-34d1d0ee189f@group-83C26644CFDA-SegmentedRaftLog:OPENED:c-1,f-1,i0, conf=-1: [4b287a15-77af-487b-aef7-34d1d0ee189f:192.168.34.38:38597, 0aa3649f-570d-46c6-937f-492d7f3a8364:192.168.34.38:33209, 4a03179f-3169-4ac7-a075-259968512ef0:192.168.34.38:45833], old=null
2019-10-16 21:02:10,705 [4b287a15-77af-487b-aef7-34d1d0ee189f@group-83C26644CFDA-LeaderElection370] INFO  impl.RaftServerImpl (RaftServerImpl.java:setRole(184)) - 4b287a15-77af-487b-aef7-34d1d0ee189f@group-83C26644CFDA: changes role from CANDIDATE to FOLLOWER at term 389 for DISCOVERED_A_NEW_TERM
2019-10-16 21:02:10,706 [4b287a15-77af-487b-aef7-34d1d0ee189f@group-83C26644CFDA-LeaderElection370] INFO  impl.RoleInfo (RoleInfo.java:shutdownLeaderElection(134)) - 4b287a15-77af-487b-aef7-34d1d0ee189f: shutdown LeaderElection
2019-10-16 21:02:10,706 [4b287a15-77af-487b-aef7-34d1d0ee189f@group-83C26644CFDA-LeaderElection370] INFO  impl.RoleInfo (RoleInfo.java:updateAndGet(143)) - 4b287a15-77af-487b-aef7-34d1d0ee189f: start FollowerState
2019-10-16 21:02:10,860 [Thread-2620] INFO  impl.FollowerState (FollowerState.java:run(108)) - 4b287a15-77af-487b-aef7-34d1d0ee189f@group-83C26644CFDA-FollowerState: change to CANDIDATE, lastRpcTime:154ms, electionTimeout:154ms
2019-10-16 21:02:10,860 [Thread-2620] INFO  impl.RoleInfo (RoleInfo.java:shutdownFollowerState(121)) - 4b287a15-77af-487b-aef7-34d1d0ee189f: shutdown FollowerState
2019-10-16 21:02:10,860 [Thread-2620] INFO  impl.RaftServerImpl (RaftServerImpl.java:setRole(184)) - 4b287a15-77af-487b-aef7-34d1d0ee189f@group-83C26644CFDA: changes role from  FOLLOWER to CANDIDATE at term 389 for changeToCandidate
2019-10-16 21:02:10,861 [Thread-2620] INFO  impl.RoleInfo (RoleInfo.java:updateAndGet(143)) - 4b287a15-77af-487b-aef7-34d1d0ee189f: start LeaderElection
2019-10-16 21:02:10,890 [4b287a15-77af-487b-aef7-34d1d0ee189f@group-83C26644CFDA-LeaderElection371] INFO  impl.LeaderElection (LeaderElection.java:askForVotes(178)) - 4b287a15-77af-487b-aef7-34d1d0ee189f@group-83C26644CFDA-LeaderElection371: begin an election at term 390 for -1: [4b287a15-77af-487b-aef7-34d1d0ee189f:192.168.34.38:38597, 0aa3649f-570d-46c6-937f-492d7f3a8364:192.168.34.38:33209, 4a03179f-3169-4ac7-a075-259968512ef0:192.168.34.38:45833], old=null
2019-10-16 21:02:10,892 [grpc-default-executor-1] INFO  impl.RaftServerImpl (RaftServerImpl.java:setRole(184)) - 0aa3649f-570d-46c6-937f-492d7f3a8364@group-83C26644CFDA: changes role from  FOLLOWER to FOLLOWER at term 390 for recognizeCandidate:4b287a15-77af-487b-aef7-34d1d0ee189f
2019-10-16 21:02:10,892 [grpc-default-executor-1] INFO  impl.RoleInfo (RoleInfo.java:shutdownFollowerState(121)) - 0aa3649f-570d-46c6-937f-492d7f3a8364: shutdown FollowerState
2019-10-16 21:02:10,892 [grpc-default-executor-2] INFO  impl.RaftServerImpl (RaftServerImpl.java:setRole(184)) - 4a03179f-3169-4ac7-a075-259968512ef0@group-83C26644CFDA: changes role from  FOLLOWER to FOLLOWER at term 390 for recognizeCandidate:4b287a15-77af-487b-aef7-34d1d0ee189f
2019-10-16 21:02:10,893 [grpc-default-executor-2] INFO  impl.RoleInfo (RoleInfo.java:shutdownFollowerState(121)) - 4a03179f-3169-4ac7-a075-259968512ef0: shutdown FollowerState
2019-10-16 21:02:10,893 [Thread-2619] INFO  impl.FollowerState (FollowerState.java:run(117)) - 0aa3649f-570d-46c6-937f-492d7f3a8364@group-83C26644CFDA-FollowerState was interrupted: java.lang.InterruptedException: sleep interrupted
2019-10-16 21:02:10,893 [grpc-default-executor-1] INFO  impl.RoleInfo (RoleInfo.java:updateAndGet(143)) - 0aa3649f-570d-46c6-937f-492d7f3a8364: start FollowerState
2019-10-16 21:02:10,893 [grpc-default-executor-2] INFO  impl.RoleInfo (RoleInfo.java:updateAndGet(143)) - 4a03179f-3169-4ac7-a075-259968512ef0: start FollowerState
2019-10-16 21:02:10,893 [Thread-2618] INFO  impl.FollowerState (FollowerState.java:run(117)) - 4a03179f-3169-4ac7-a075-259968512ef0@group-83C26644CFDA-FollowerState was interrupted: java.lang.InterruptedException: sleep interrupted
2019-10-16 21:02:10,907 [4b287a15-77af-487b-aef7-34d1d0ee189f@group-83C26644CFDA-LeaderElection371] INFO  impl.LeaderElection (LeaderElection.java:logAndReturn(56)) - 4b287a15-77af-487b-aef7-34d1d0ee189f@group-83C26644CFDA-LeaderElection371: Election REJECTED; received 2 response(s) [4b287a15-77af-487b-aef7-34d1d0ee189f<-0aa3649f-570d-46c6-937f-492d7f3a8364#0:FAIL-t390, 4b287a15-77af-487b-aef7-34d1d0ee189f<-4a03179f-3169-4ac7-a075-259968512ef0#0:FAIL-t390] and 0 exception(s); 4b287a15-77af-487b-aef7-34d1d0ee189f@group-83C26644CFDA:t390, leader=null, voted=4b287a15-77af-487b-aef7-34d1d0ee189f, raftlog=4b287a15-77af-487b-aef7-34d1d0ee189f@group-83C26644CFDA-SegmentedRaftLog:OPENED:c-1,f-1,i0, conf=-1: [4b287a15-77af-487b-aef7-34d1d0ee189f:192.168.34.38:38597, 0aa3649f-570d-46c6-937f-492d7f3a8364:192.168.34.38:33209, 4a03179f-3169-4ac7-a075-259968512ef0:192.168.34.38:45833], old=null
2019-10-16 21:02:10,907 [4b287a15-77af-487b-aef7-34d1d0ee189f@group-83C26644CFDA-LeaderElection371] INFO  impl.RaftServerImpl (RaftServerImpl.java:setRole(184)) - 4b287a15-77af-487b-aef7-34d1d0ee189f@group-83C26644CFDA: changes role from CANDIDATE to FOLLOWER at term 390 for DISCOVERED_A_NEW_TERM
2019-10-16 21:02:10,908 [4b287a15-77af-487b-aef7-34d1d0ee189f@group-83C26644CFDA-LeaderElection371] INFO  impl.RoleInfo (RoleInfo.java:shutdownLeaderElection(134)) - 4b287a15-77af-487b-aef7-34d1d0ee189f: shutdown LeaderElection
2019-10-16 21:02:10,908 [4b287a15-77af-487b-aef7-34d1d0ee189f@group-83C26644CFDA-LeaderElection371] INFO  impl.RoleInfo (RoleInfo.java:updateAndGet(143)) - 4b287a15-77af-487b-aef7-34d1d0ee189f: start FollowerState
2019-10-16 21:02:11,108 [Thread-2626] INFO  impl.FollowerState (FollowerState.java:run(108)) - 4b287a15-77af-487b-aef7-34d1d0ee189f@group-83C26644CFDA-FollowerState: change to CANDIDATE, lastRpcTime:200ms, electionTimeout:200ms
2019-10-16 21:02:11,108 [Thread-2626] INFO  impl.RoleInfo (RoleInfo.java:shutdownFollowerState(121)) - 4b287a15-77af-487b-aef7-34d1d0ee189f: shutdown FollowerState
2019-10-16 21:02:11,109 [Thread-2626] INFO  impl.RaftServerImpl (RaftServerImpl.java:setRole(184)) - 4b287a15-77af-487b-aef7-34d1d0ee189f@group-83C26644CFDA: changes role from  FOLLOWER to CANDIDATE at term 390 for changeToCandidate
2019-10-16 21:02:11,109 [Thread-2626] INFO  impl.RoleInfo (RoleInfo.java:updateAndGet(143)) - 4b287a15-77af-487b-aef7-34d1d0ee189f: start LeaderElection
2019-10-16 21:02:11,120 [4b287a15-77af-487b-aef7-34d1d0ee189f@group-83C26644CFDA-LeaderElection372] INFO  impl.LeaderElection (LeaderElection.java:askForVotes(178)) - 4b287a15-77af-487b-aef7-34d1d0ee189f@group-83C26644CFDA-LeaderElection372: begin an election at term 391 for -1: [4b287a15-77af-487b-aef7-34d1d0ee189f:192.168.34.38:38597, 0aa3649f-570d-46c6-937f-492d7f3a8364:192.168.34.38:33209, 4a03179f-3169-4ac7-a075-259968512ef0:192.168.34.38:45833], old=null
2019-10-16 21:02:11,122 [grpc-default-executor-2] INFO  impl.RaftServerImpl (RaftServerImpl.java:setRole(184)) - 0aa3649f-570d-46c6-937f-492d7f3a8364@group-83C26644CFDA: changes role from  FOLLOWER to FOLLOWER at term 391 for recognizeCandidate:4b287a15-77af-487b-aef7-34d1d0ee189f
2019-10-16 21:02:11,122 [grpc-default-executor-2] INFO  impl.RoleInfo (RoleInfo.java:shutdownFollowerState(121)) - 0aa3649f-570d-46c6-937f-492d7f3a8364: shutdown FollowerState
2019-10-16 21:02:11,122 [grpc-default-executor-1] INFO  impl.RaftServerImpl (RaftServerImpl.java:setRole(184)) - 4a03179f-3169-4ac7-a075-259968512ef0@group-83C26644CFDA: changes role from  FOLLOWER to FOLLOWER at term 391 for recognizeCandidate:4b287a15-77af-487b-aef7-34d1d0ee189f
2019-10-16 21:02:11,122 [grpc-default-executor-1] INFO  impl.RoleInfo (RoleInfo.java:shutdownFollowerState(121)) - 4a03179f-3169-4ac7-a075-259968512ef0: shutdown FollowerState
2019-10-16 21:02:11,122 [Thread-2624] INFO  impl.FollowerState (FollowerState.java:run(117)) - 0aa3649f-570d-46c6-937f-492d7f3a8364@group-83C26644CFDA-FollowerState was interrupted: java.lang.InterruptedException: sleep interrupted
2019-10-16 21:02:11,123 [Thread-2625] INFO  impl.FollowerState (FollowerState.java:run(117)) - 4a03179f-3169-4ac7-a075-259968512ef0@group-83C26644CFDA-FollowerState was interrupted: java.lang.InterruptedException: sleep interrupted
2019-10-16 21:02:11,122 [grpc-default-executor-2] INFO  impl.RoleInfo (RoleInfo.java:updateAndGet(143)) - 0aa3649f-570d-46c6-937f-492d7f3a8364: start FollowerState
2019-10-16 21:02:11,123 [grpc-default-executor-1] INFO  impl.RoleInfo (RoleInfo.java:updateAndGet(143)) - 4a03179f-3169-4ac7-a075-259968512ef0: start FollowerState
2019-10-16 21:02:11,136 [4b287a15-77af-487b-aef7-34d1d0ee189f@group-83C26644CFDA-LeaderElection372] INFO  impl.LeaderElection (LeaderElection.java:logAndReturn(56)) - 4b287a15-77af-487b-aef7-34d1d0ee189f@group-83C26644CFDA-LeaderElection372: Election REJECTED; received 2 response(s) [4b287a15-77af-487b-aef7-34d1d0ee189f<-0aa3649f-570d-46c6-937f-492d7f3a8364#0:FAIL-t391, 4b287a15-77af-487b-aef7-34d1d0ee189f<-4a03179f-3169-4ac7-a075-259968512ef0#0:FAIL-t391] and 0 exception(s); 4b287a15-77af-487b-aef7-34d1d0ee189f@group-83C26644CFDA:t391, leader=null, voted=4b287a15-77af-487b-aef7-34d1d0ee189f, raftlog=4b287a15-77af-487b-aef7-34d1d0ee189f@group-83C26644CFDA-SegmentedRaftLog:OPENED:c-1,f-1,i0, conf=-1: [4b287a15-77af-487b-aef7-34d1d0ee189f:192.168.34.38:38597, 0aa3649f-570d-46c6-937f-492d7f3a8364:192.168.34.38:33209, 4a03179f-3169-4ac7-a075-259968512ef0:192.168.34.38:45833], old=null
2019-10-16 21:02:11,137 [4b287a15-77af-487b-aef7-34d1d0ee189f@group-83C26644CFDA-LeaderElection372] INFO  impl.RaftServerImpl (RaftServerImpl.java:setRole(184)) - 4b287a15-77af-487b-aef7-34d1d0ee189f@group-83C26644CFDA: changes role from CANDIDATE to FOLLOWER at term 391 for DISCOVERED_A_NEW_TERM
2019-10-16 21:02:11,137 [4b287a15-77af-487b-aef7-34d1d0ee189f@group-83C26644CFDA-LeaderElection372] INFO  impl.RoleInfo (RoleInfo.java:shutdownLeaderElection(134)) - 4b287a15-77af-487b-aef7-34d1d0ee189f: shutdown LeaderElection
2019-10-16 21:02:11,137 [4b287a15-77af-487b-aef7-34d1d0ee189f@group-83C26644CFDA-LeaderElection372] INFO  impl.RoleInfo (RoleInfo.java:updateAndGet(143)) - 4b287a15-77af-487b-aef7-34d1d0ee189f: start FollowerState
2019-10-16 21:02:11,328 [Thread-2632] INFO  impl.FollowerState (FollowerState.java:run(108)) - 4b287a15-77af-487b-aef7-34d1d0ee189f@group-83C26644CFDA-FollowerState: change to CANDIDATE, lastRpcTime:191ms, electionTimeout:191ms
2019-10-16 21:02:11,328 [Thread-2632] INFO  impl.RoleInfo (RoleInfo.java:shutdownFollowerState(121)) - 4b287a15-77af-487b-aef7-34d1d0ee189f: shutdown FollowerState
2019-10-16 21:02:11,329 [Thread-2632] INFO  impl.RaftServerImpl (RaftServerImpl.java:setRole(184)) - 4b287a15-77af-487b-aef7-34d1d0ee189f@group-83C26644CFDA: changes role from  FOLLOWER to CANDIDATE at term 391 for changeToCandidate
2019-10-16 21:02:11,329 [Thread-2632] INFO  impl.RoleInfo (RoleInfo.java:updateAndGet(143)) - 4b287a15-77af-487b-aef7-34d1d0ee189f: start LeaderElection
2019-10-16 21:02:11,335 [4b287a15-77af-487b-aef7-34d1d0ee189f@group-83C26644CFDA-LeaderElection373] INFO  impl.LeaderElection (LeaderElection.java:askForVotes(178)) - 4b287a15-77af-487b-aef7-34d1d0ee189f@group-83C26644CFDA-LeaderElection373: begin an election at term 392 for -1: [4b287a15-77af-487b-aef7-34d1d0ee189f:192.168.34.38:38597, 0aa3649f-570d-46c6-937f-492d7f3a8364:192.168.34.38:33209, 4a03179f-3169-4ac7-a075-259968512ef0:192.168.34.38:45833], old=null
2019-10-16 21:02:11,337 [grpc-default-executor-1] INFO  impl.RaftServerImpl (RaftServerImpl.java:setRole(184)) - 0aa3649f-570d-46c6-937f-492d7f3a8364@group-83C26644CFDA: changes role from  FOLLOWER to FOLLOWER at term 392 for recognizeCandidate:4b287a15-77af-487b-aef7-34d1d0ee189f
2019-10-16 21:02:11,337 [grpc-default-executor-1] INFO  impl.RoleInfo (RoleInfo.java:shutdownFollowerState(121)) - 0aa3649f-570d-46c6-937f-492d7f3a8364: shutdown FollowerState
2019-10-16 21:02:11,337 [grpc-default-executor-2] INFO  impl.RaftServerImpl (RaftServerImpl.java:setRole(184)) - 4a03179f-3169-4ac7-a075-259968512ef0@group-83C26644CFDA: changes role from  FOLLOWER to FOLLOWER at term 392 for recognizeCandidate:4b287a15-77af-487b-aef7-34d1d0ee189f
2019-10-16 21:02:11,337 [grpc-default-executor-2] INFO  impl.RoleInfo (RoleInfo.java:shutdownFollowerState(121)) - 4a03179f-3169-4ac7-a075-259968512ef0: shutdown FollowerState
2019-10-16 21:02:11,337 [Thread-2630] INFO  impl.FollowerState (FollowerState.java:run(117)) - 0aa3649f-570d-46c6-937f-492d7f3a8364@group-83C26644CFDA-FollowerState was interrupted: java.lang.InterruptedException: sleep interrupted
2019-10-16 21:02:11,337 [grpc-default-executor-1] INFO  impl.RoleInfo (RoleInfo.java:updateAndGet(143)) - 0aa3649f-570d-46c6-937f-492d7f3a8364: start FollowerState
2019-10-16 21:02:11,338 [Thread-2631] INFO  impl.FollowerState (FollowerState.java:run(117)) - 4a03179f-3169-4ac7-a075-259968512ef0@group-83C26644CFDA-FollowerState was interrupted: java.lang.InterruptedException: sleep interrupted
2019-10-16 21:02:11,338 [grpc-default-executor-2] INFO  impl.RoleInfo (RoleInfo.java:updateAndGet(143)) - 4a03179f-3169-4ac7-a075-259968512ef0: start FollowerState
2019-10-16 21:02:11,352 [4b287a15-77af-487b-aef7-34d1d0ee189f@group-83C26644CFDA-LeaderElection373] INFO  impl.LeaderElection (LeaderElection.java:logAndReturn(56)) - 4b287a15-77af-487b-aef7-34d1d0ee189f@group-83C26644CFDA-LeaderElection373: Election REJECTED; received 2 response(s) [4b287a15-77af-487b-aef7-34d1d0ee189f<-0aa3649f-570d-46c6-937f-492d7f3a8364#0:FAIL-t392, 4b287a15-77af-487b-aef7-34d1d0ee189f<-4a03179f-3169-4ac7-a075-259968512ef0#0:FAIL-t392] and 0 exception(s); 4b287a15-77af-487b-aef7-34d1d0ee189f@group-83C26644CFDA:t392, leader=null, voted=4b287a15-77af-487b-aef7-34d1d0ee189f, raftlog=4b287a15-77af-487b-aef7-34d1d0ee189f@group-83C26644CFDA-SegmentedRaftLog:OPENED:c-1,f-1,i0, conf=-1: [4b287a15-77af-487b-aef7-34d1d0ee189f:192.168.34.38:38597, 0aa3649f-570d-46c6-937f-492d7f3a8364:192.168.34.38:33209, 4a03179f-3169-4ac7-a075-259968512ef0:192.168.34.38:45833], old=null
2019-10-16 21:02:11,352 [4b287a15-77af-487b-aef7-34d1d0ee189f@group-83C26644CFDA-LeaderElection373] INFO  impl.RaftServerImpl (RaftServerImpl.java:setRole(184)) - 4b287a15-77af-487b-aef7-34d1d0ee189f@group-83C26644CFDA: changes role from CANDIDATE to FOLLOWER at term 392 for DISCOVERED_A_NEW_TERM
2019-10-16 21:02:11,352 [4b287a15-77af-487b-aef7-34d1d0ee189f@group-83C26644CFDA-LeaderElection373] INFO  impl.RoleInfo (RoleInfo.java:shutdownLeaderElection(134)) - 4b287a15-77af-487b-aef7-34d1d0ee189f: shutdown LeaderElection
2019-10-16 21:02:11,352 [4b287a15-77af-487b-aef7-34d1d0ee189f@group-83C26644CFDA-LeaderElection373] INFO  impl.RoleInfo (RoleInfo.java:updateAndGet(143)) - 4b287a15-77af-487b-aef7-34d1d0ee189f: start FollowerState
2019-10-16 21:02:11,364 [Thread-2638] INFO  impl.FollowerState (FollowerState.java:run(108)) - 4b287a15-77af-487b-aef7-34d1d0ee189f@group-83C26644CFDA-FollowerState: change to CANDIDATE, lastRpcTime:11ms, electionTimeout:11ms
2019-10-16 21:02:11,364 [Thread-2638] INFO  impl.RoleInfo (RoleInfo.java:shutdownFollowerState(121)) - 4b287a15-77af-487b-aef7-34d1d0ee189f: shutdown FollowerState
2019-10-16 21:02:11,364 [Thread-2638] INFO  impl.RaftServerImpl (RaftServerImpl.java:setRole(184)) - 4b287a15-77af-487b-aef7-34d1d0ee189f@group-83C26644CFDA: changes role from  FOLLOWER to CANDIDATE at term 392 for changeToCandidate
2019-10-16 21:02:11,364 [Thread-2638] INFO  impl.RoleInfo (RoleInfo.java:updateAndGet(143)) - 4b287a15-77af-487b-aef7-34d1d0ee189f: start LeaderElection
2019-10-16 21:02:11,371 [main] INFO  ozone.MiniOzoneClusterImpl (MiniOzoneClusterImpl.java:lambda$waitForClusterToBeReady$2(164)) - Waiting for 1 number of pipelines out of 4, to report a leader.
2019-10-16 21:02:11,381 [4b287a15-77af-487b-aef7-34d1d0ee189f@group-83C26644CFDA-LeaderElection374] INFO  impl.LeaderElection (LeaderElection.java:askForVotes(178)) - 4b287a15-77af-487b-aef7-34d1d0ee189f@group-83C26644CFDA-LeaderElection374: begin an election at term 393 for -1: [4b287a15-77af-487b-aef7-34d1d0ee189f:192.168.34.38:38597, 0aa3649f-570d-46c6-937f-492d7f3a8364:192.168.34.38:33209, 4a03179f-3169-4ac7-a075-259968512ef0:192.168.34.38:45833], old=null
2019-10-16 21:02:11,383 [grpc-default-executor-1] INFO  impl.RaftServerImpl (RaftServerImpl.java:setRole(184)) - 0aa3649f-570d-46c6-937f-492d7f3a8364@group-83C26644CFDA: changes role from  FOLLOWER to FOLLOWER at term 393 for recognizeCandidate:4b287a15-77af-487b-aef7-34d1d0ee189f
2019-10-16 21:02:11,383 [grpc-default-executor-1] INFO  impl.RoleInfo (RoleInfo.java:shutdownFollowerState(121)) - 0aa3649f-570d-46c6-937f-492d7f3a8364: shutdown FollowerState
2019-10-16 21:02:11,383 [grpc-default-executor-2] INFO  impl.RaftServerImpl (RaftServerImpl.java:setRole(184)) - 4a03179f-3169-4ac7-a075-259968512ef0@group-83C26644CFDA: changes role from  FOLLOWER to FOLLOWER at term 393 for recognizeCandidate:4b287a15-77af-487b-aef7-34d1d0ee189f
2019-10-16 21:02:11,383 [Thread-2636] INFO  impl.FollowerState (FollowerState.java:run(117)) - 0aa3649f-570d-46c6-937f-492d7f3a8364@group-83C26644CFDA-FollowerState was interrupted: java.lang.InterruptedException: sleep interrupted
2019-10-16 21:02:11,383 [grpc-default-executor-1] INFO  impl.RoleInfo (RoleInfo.java:updateAndGet(143)) - 0aa3649f-570d-46c6-937f-492d7f3a8364: start FollowerState
2019-10-16 21:02:11,383 [grpc-default-executor-2] INFO  impl.RoleInfo (RoleInfo.java:shutdownFollowerState(121)) - 4a03179f-3169-4ac7-a075-259968512ef0: shutdown FollowerState
2019-10-16 21:02:11,384 [grpc-default-executor-2] INFO  impl.RoleInfo (RoleInfo.java:updateAndGet(143)) - 4a03179f-3169-4ac7-a075-259968512ef0: start FollowerState
2019-10-16 21:02:11,384 [Thread-2637] INFO  impl.FollowerState (FollowerState.java:run(117)) - 4a03179f-3169-4ac7-a075-259968512ef0@group-83C26644CFDA-FollowerState was interrupted: java.lang.InterruptedException: sleep interrupted
2019-10-16 21:02:11,397 [4b287a15-77af-487b-aef7-34d1d0ee189f@group-83C26644CFDA-LeaderElection374] INFO  impl.LeaderElection (LeaderElection.java:logAndReturn(56)) - 4b287a15-77af-487b-aef7-34d1d0ee189f@group-83C26644CFDA-LeaderElection374: Election REJECTED; received 2 response(s) [4b287a15-77af-487b-aef7-34d1d0ee189f<-0aa3649f-570d-46c6-937f-492d7f3a8364#0:FAIL-t393, 4b287a15-77af-487b-aef7-34d1d0ee189f<-4a03179f-3169-4ac7-a075-259968512ef0#0:FAIL-t393] and 0 exception(s); 4b287a15-77af-487b-aef7-34d1d0ee189f@group-83C26644CFDA:t393, leader=null, voted=4b287a15-77af-487b-aef7-34d1d0ee189f, raftlog=4b287a15-77af-487b-aef7-34d1d0ee189f@group-83C26644CFDA-SegmentedRaftLog:OPENED:c-1,f-1,i0, conf=-1: [4b287a15-77af-487b-aef7-34d1d0ee189f:192.168.34.38:38597, 0aa3649f-570d-46c6-937f-492d7f3a8364:192.168.34.38:33209, 4a03179f-3169-4ac7-a075-259968512ef0:192.168.34.38:45833], old=null
2019-10-16 21:02:11,397 [4b287a15-77af-487b-aef7-34d1d0ee189f@group-83C26644CFDA-LeaderElection374] INFO  impl.RaftServerImpl (RaftServerImpl.java:setRole(184)) - 4b287a15-77af-487b-aef7-34d1d0ee189f@group-83C26644CFDA: changes role from CANDIDATE to FOLLOWER at term 393 for DISCOVERED_A_NEW_TERM
2019-10-16 21:02:11,397 [4b287a15-77af-487b-aef7-34d1d0ee189f@group-83C26644CFDA-LeaderElection374] INFO  impl.RoleInfo (RoleInfo.java:shutdownLeaderElection(134)) - 4b287a15-77af-487b-aef7-34d1d0ee189f: shutdown LeaderElection
2019-10-16 21:02:11,397 [4b287a15-77af-487b-aef7-34d1d0ee189f@group-83C26644CFDA-LeaderElection374] INFO  impl.RoleInfo (RoleInfo.java:updateAndGet(143)) - 4b287a15-77af-487b-aef7-34d1d0ee189f: start FollowerState
2019-10-16 21:02:11,417 [main] INFO  ozone.MiniOzoneClusterImpl (MiniOzoneClusterImpl.java:shutdown(352)) - Shutting down the Mini Ozone Cluster
2019-10-16 21:02:11,418 [main] INFO  ozone.MiniOzoneClusterImpl (MiniOzoneClusterImpl.java:stop(368)) - Stopping the Mini Ozone Cluster
2019-10-16 21:02:11,418 [main] INFO  ozone.MiniOzoneClusterImpl (MiniOzoneClusterImpl.java:stopOM(438)) - Stopping the OzoneManager
2019-10-16 21:02:11,418 [main] INFO  ipc.Server (Server.java:stop(3082)) - Stopping server on 35897
2019-10-16 21:02:11,419 [IPC Server listener on 35897] INFO  ipc.Server (Server.java:run(1185)) - Stopping IPC Server listener on 35897
2019-10-16 21:02:11,419 [main] INFO  ratis.OzoneManagerDoubleBuffer (OzoneManagerDoubleBuffer.java:stop(250)) - Stopping OMDoubleBuffer flush thread
2019-10-16 21:02:11,419 [IPC Server Responder] INFO  ipc.Server (Server.java:run(1319)) - Stopping IPC Server Responder
2019-10-16 21:02:11,420 [OMDoubleBufferFlushThread] INFO  ratis.OzoneManagerDoubleBuffer (OzoneManagerDoubleBuffer.java:flushTransactions(193)) - OMDoubleBuffer flush thread OMDoubleBufferFlushThread is interrupted and will exit. OMDoubleBufferFlushThread
2019-10-16 21:02:11,420 [main] INFO  utils.BackgroundService (BackgroundService.java:shutdown(151)) - Shutting down service KeyDeletingService
2019-10-16 21:02:11,425 [main] INFO  handler.ContextHandler (ContextHandler.java:doStop(910)) - Stopped o.e.j.w.WebAppContext@75b3673{/,null,UNAVAILABLE}{/ozoneManager}
2019-10-16 21:02:11,431 [main] INFO  server.AbstractConnector (AbstractConnector.java:doStop(318)) - Stopped ServerConnector@1bcb79c2{HTTP/1.1,[http/1.1]}{0.0.0.0:0}
2019-10-16 21:02:11,431 [main] INFO  handler.ContextHandler (ContextHandler.java:doStop(910)) - Stopped o.e.j.s.ServletContextHandler@37095ded{/static,file:///workdir/hadoop-ozone/integration-test/target/test-classes/webapps/static,UNAVAILABLE}
2019-10-16 21:02:11,431 [main] INFO  handler.ContextHandler (ContextHandler.java:doStop(910)) - Stopped o.e.j.s.ServletContextHandler@aa10649{/logs,file:///workdir/hadoop-ozone/integration-test/target/log,UNAVAILABLE}
2019-10-16 21:02:11,437 [main] INFO  ozone.MiniOzoneClusterImpl (MiniOzoneClusterImpl.java:stopDatanodes(415)) - Stopping the HddsDatanodes
2019-10-16 21:02:11,472 [Datanode State Machine Thread - 0] INFO  statemachine.DatanodeStateMachine (DatanodeStateMachine.java:lambda$startDaemon$0(350)) - Ozone container server started.
2019-10-16 21:02:11,472 [Datanode State Machine Thread - 0] INFO  statemachine.DatanodeStateMachine (DatanodeStateMachine.java:lambda$startDaemon$0(350)) - Ozone container server started.
2019-10-16 21:02:11,539 [Thread-2644] INFO  impl.FollowerState (FollowerState.java:run(108)) - 4b287a15-77af-487b-aef7-34d1d0ee189f@group-83C26644CFDA-FollowerState: change to CANDIDATE, lastRpcTime:141ms, electionTimeout:141ms
2019-10-16 21:02:11,539 [Thread-2644] INFO  impl.RoleInfo (RoleInfo.java:shutdownFollowerState(121)) - 4b287a15-77af-487b-aef7-34d1d0ee189f: shutdown FollowerState
2019-10-16 21:02:11,539 [Thread-2644] INFO  impl.RaftServerImpl (RaftServerImpl.java:setRole(184)) - 4b287a15-77af-487b-aef7-34d1d0ee189f@group-83C26644CFDA: changes role from  FOLLOWER to CANDIDATE at term 393 for changeToCandidate
2019-10-16 21:02:11,539 [Thread-2644] INFO  impl.RoleInfo (RoleInfo.java:updateAndGet(143)) - 4b287a15-77af-487b-aef7-34d1d0ee189f: start LeaderElection
2019-10-16 21:02:11,573 [4b287a15-77af-487b-aef7-34d1d0ee189f@group-83C26644CFDA-LeaderElection375] INFO  impl.LeaderElection (LeaderElection.java:askForVotes(178)) - 4b287a15-77af-487b-aef7-34d1d0ee189f@group-83C26644CFDA-LeaderElection375: begin an election at term 394 for -1: [4b287a15-77af-487b-aef7-34d1d0ee189f:192.168.34.38:38597, 0aa3649f-570d-46c6-937f-492d7f3a8364:192.168.34.38:33209, 4a03179f-3169-4ac7-a075-259968512ef0:192.168.34.38:45833], old=null
2019-10-16 21:02:11,575 [grpc-default-executor-1] INFO  impl.RaftServerImpl (RaftServerImpl.java:setRole(184)) - 0aa3649f-570d-46c6-937f-492d7f3a8364@group-83C26644CFDA: changes role from  FOLLOWER to FOLLOWER at term 394 for recognizeCandidate:4b287a15-77af-487b-aef7-34d1d0ee189f
2019-10-16 21:02:11,575 [grpc-default-executor-2] INFO  impl.RaftServerImpl (RaftServerImpl.java:setRole(184)) - 4a03179f-3169-4ac7-a075-259968512ef0@group-83C26644CFDA: changes role from  FOLLOWER to FOLLOWER at term 394 for recognizeCandidate:4b287a15-77af-487b-aef7-34d1d0ee189f
2019-10-16 21:02:11,575 [grpc-default-executor-2] INFO  impl.RoleInfo (RoleInfo.java:shutdownFollowerState(121)) - 4a03179f-3169-4ac7-a075-259968512ef0: shutdown FollowerState
2019-10-16 21:02:11,575 [grpc-default-executor-1] INFO  impl.RoleInfo (RoleInfo.java:shutdownFollowerState(121)) - 0aa3649f-570d-46c6-937f-492d7f3a8364: shutdown FollowerState
2019-10-16 21:02:11,576 [Thread-2643] INFO  impl.FollowerState (FollowerState.java:run(117)) - 4a03179f-3169-4ac7-a075-259968512ef0@group-83C26644CFDA-FollowerState was interrupted: java.lang.InterruptedException: sleep interrupted
2019-10-16 21:02:11,576 [Thread-2642] INFO  impl.FollowerState (FollowerState.java:run(117)) - 0aa3649f-570d-46c6-937f-492d7f3a8364@group-83C26644CFDA-FollowerState was interrupted: java.lang.InterruptedException: sleep interrupted
2019-10-16 21:02:11,576 [grpc-default-executor-2] INFO  impl.RoleInfo (RoleInfo.java:updateAndGet(143)) - 4a03179f-3169-4ac7-a075-259968512ef0: start FollowerState
2019-10-16 21:02:11,576 [grpc-default-executor-1] INFO  impl.RoleInfo (RoleInfo.java:updateAndGet(143)) - 0aa3649f-570d-46c6-937f-492d7f3a8364: start FollowerState
2019-10-16 21:02:11,589 [4b287a15-77af-487b-aef7-34d1d0ee189f@group-83C26644CFDA-LeaderElection375] INFO  impl.LeaderElection (LeaderElection.java:logAndReturn(56)) - 4b287a15-77af-487b-aef7-34d1d0ee189f@group-83C26644CFDA-LeaderElection375: Election REJECTED; received 2 response(s) [4b287a15-77af-487b-aef7-34d1d0ee189f<-0aa3649f-570d-46c6-937f-492d7f3a8364#0:FAIL-t394, 4b287a15-77af-487b-aef7-34d1d0ee189f<-4a03179f-3169-4ac7-a075-259968512ef0#0:FAIL-t394] and 0 exception(s); 4b287a15-77af-487b-aef7-34d1d0ee189f@group-83C26644CFDA:t394, leader=null, voted=4b287a15-77af-487b-aef7-34d1d0ee189f, raftlog=4b287a15-77af-487b-aef7-34d1d0ee189f@group-83C26644CFDA-SegmentedRaftLog:OPENED:c-1,f-1,i0, conf=-1: [4b287a15-77af-487b-aef7-34d1d0ee189f:192.168.34.38:38597, 0aa3649f-570d-46c6-937f-492d7f3a8364:192.168.34.38:33209, 4a03179f-3169-4ac7-a075-259968512ef0:192.168.34.38:45833], old=null
2019-10-16 21:02:11,589 [4b287a15-77af-487b-aef7-34d1d0ee189f@group-83C26644CFDA-LeaderElection375] INFO  impl.RaftServerImpl (RaftServerImpl.java:setRole(184)) - 4b287a15-77af-487b-aef7-34d1d0ee189f@group-83C26644CFDA: changes role from CANDIDATE to FOLLOWER at term 394 for DISCOVERED_A_NEW_TERM
2019-10-16 21:02:11,590 [4b287a15-77af-487b-aef7-34d1d0ee189f@group-83C26644CFDA-LeaderElection375] INFO  impl.RoleInfo (RoleInfo.java:shutdownLeaderElection(134)) - 4b287a15-77af-487b-aef7-34d1d0ee189f: shutdown LeaderElection
2019-10-16 21:02:11,590 [4b287a15-77af-487b-aef7-34d1d0ee189f@group-83C26644CFDA-LeaderElection375] INFO  impl.RoleInfo (RoleInfo.java:updateAndGet(143)) - 4b287a15-77af-487b-aef7-34d1d0ee189f: start FollowerState
2019-10-16 21:02:11,686 [Thread-2650] INFO  impl.FollowerState (FollowerState.java:run(108)) - 4b287a15-77af-487b-aef7-34d1d0ee189f@group-83C26644CFDA-FollowerState: change to CANDIDATE, lastRpcTime:96ms, electionTimeout:96ms
2019-10-16 21:02:11,686 [Thread-2650] INFO  impl.RoleInfo (RoleInfo.java:shutdownFollowerState(121)) - 4b287a15-77af-487b-aef7-34d1d0ee189f: shutdown FollowerState
2019-10-16 21:02:11,686 [Thread-2650] INFO  impl.RaftServerImpl (RaftServerImpl.java:setRole(184)) - 4b287a15-77af-487b-aef7-34d1d0ee189f@group-83C26644CFDA: changes role from  FOLLOWER to CANDIDATE at term 394 for changeToCandidate
2019-10-16 21:02:11,687 [Thread-2650] INFO  impl.RoleInfo (RoleInfo.java:updateAndGet(143)) - 4b287a15-77af-487b-aef7-34d1d0ee189f: start LeaderElection
2019-10-16 21:02:11,700 [4b287a15-77af-487b-aef7-34d1d0ee189f@group-83C26644CFDA-LeaderElection376] INFO  impl.LeaderElection (LeaderElection.java:askForVotes(178)) - 4b287a15-77af-487b-aef7-34d1d0ee189f@group-83C26644CFDA-LeaderElection376: begin an election at term 395 for -1: [4b287a15-77af-487b-aef7-34d1d0ee189f:192.168.34.38:38597, 0aa3649f-570d-46c6-937f-492d7f3a8364:192.168.34.38:33209, 4a03179f-3169-4ac7-a075-259968512ef0:192.168.34.38:45833], old=null
2019-10-16 21:02:11,702 [grpc-default-executor-1] INFO  impl.RaftServerImpl (RaftServerImpl.java:setRole(184)) - 4a03179f-3169-4ac7-a075-259968512ef0@group-83C26644CFDA: changes role from  FOLLOWER to FOLLOWER at term 395 for recognizeCandidate:4b287a15-77af-487b-aef7-34d1d0ee189f
2019-10-16 21:02:11,702 [grpc-default-executor-1] INFO  impl.RoleInfo (RoleInfo.java:shutdownFollowerState(121)) - 4a03179f-3169-4ac7-a075-259968512ef0: shutdown FollowerState
2019-10-16 21:02:11,702 [grpc-default-executor-2] INFO  impl.RaftServerImpl (RaftServerImpl.java:setRole(184)) - 0aa3649f-570d-46c6-937f-492d7f3a8364@group-83C26644CFDA: changes role from  FOLLOWER to FOLLOWER at term 395 for recognizeCandidate:4b287a15-77af-487b-aef7-34d1d0ee189f
2019-10-16 21:02:11,703 [Thread-2648] INFO  impl.FollowerState (FollowerState.java:run(117)) - 4a03179f-3169-4ac7-a075-259968512ef0@group-83C26644CFDA-FollowerState was interrupted: java.lang.InterruptedException: sleep interrupted
2019-10-16 21:02:11,703 [grpc-default-executor-1] INFO  impl.RoleInfo (RoleInfo.java:updateAndGet(143)) - 4a03179f-3169-4ac7-a075-259968512ef0: start FollowerState
2019-10-16 21:02:11,703 [grpc-default-executor-2] INFO  impl.RoleInfo (RoleInfo.java:shutdownFollowerState(121)) - 0aa3649f-570d-46c6-937f-492d7f3a8364: shutdown FollowerState
2019-10-16 21:02:11,703 [grpc-default-executor-2] INFO  impl.RoleInfo (RoleInfo.java:updateAndGet(143)) - 0aa3649f-570d-46c6-937f-492d7f3a8364: start FollowerState
2019-10-16 21:02:11,703 [Thread-2649] INFO  impl.FollowerState (FollowerState.java:run(117)) - 0aa3649f-570d-46c6-937f-492d7f3a8364@group-83C26644CFDA-FollowerState was interrupted: java.lang.InterruptedException: sleep interrupted
2019-10-16 21:02:11,717 [4b287a15-77af-487b-aef7-34d1d0ee189f@group-83C26644CFDA-LeaderElection376] INFO  impl.LeaderElection (LeaderElection.java:logAndReturn(56)) - 4b287a15-77af-487b-aef7-34d1d0ee189f@group-83C26644CFDA-LeaderElection376: Election REJECTED; received 2 response(s) [4b287a15-77af-487b-aef7-34d1d0ee189f<-0aa3649f-570d-46c6-937f-492d7f3a8364#0:FAIL-t395, 4b287a15-77af-487b-aef7-34d1d0ee189f<-4a03179f-3169-4ac7-a075-259968512ef0#0:FAIL-t395] and 0 exception(s); 4b287a15-77af-487b-aef7-34d1d0ee189f@group-83C26644CFDA:t395, leader=null, voted=4b287a15-77af-487b-aef7-34d1d0ee189f, raftlog=4b287a15-77af-487b-aef7-34d1d0ee189f@group-83C26644CFDA-SegmentedRaftLog:OPENED:c-1,f-1,i0, conf=-1: [4b287a15-77af-487b-aef7-34d1d0ee189f:192.168.34.38:38597, 0aa3649f-570d-46c6-937f-492d7f3a8364:192.168.34.38:33209, 4a03179f-3169-4ac7-a075-259968512ef0:192.168.34.38:45833], old=null
2019-10-16 21:02:11,717 [4b287a15-77af-487b-aef7-34d1d0ee189f@group-83C26644CFDA-LeaderElection376] INFO  impl.RaftServerImpl (RaftServerImpl.java:setRole(184)) - 4b287a15-77af-487b-aef7-34d1d0ee189f@group-83C26644CFDA: changes role from CANDIDATE to FOLLOWER at term 395 for DISCOVERED_A_NEW_TERM
2019-10-16 21:02:11,717 [4b287a15-77af-487b-aef7-34d1d0ee189f@group-83C26644CFDA-LeaderElection376] INFO  impl.RoleInfo (RoleInfo.java:shutdownLeaderElection(134)) - 4b287a15-77af-487b-aef7-34d1d0ee189f: shutdown LeaderElection
2019-10-16 21:02:11,717 [4b287a15-77af-487b-aef7-34d1d0ee189f@group-83C26644CFDA-LeaderElection376] INFO  impl.RoleInfo (RoleInfo.java:updateAndGet(143)) - 4b287a15-77af-487b-aef7-34d1d0ee189f: start FollowerState
2019-10-16 21:02:11,888 [Thread-2656] INFO  impl.FollowerState (FollowerState.java:run(108)) - 4b287a15-77af-487b-aef7-34d1d0ee189f@group-83C26644CFDA-FollowerState: change to CANDIDATE, lastRpcTime:170ms, electionTimeout:170ms
2019-10-16 21:02:11,888 [Thread-2656] INFO  impl.RoleInfo (RoleInfo.java:shutdownFollowerState(121)) - 4b287a15-77af-487b-aef7-34d1d0ee189f: shutdown FollowerState
2019-10-16 21:02:11,888 [Thread-2656] INFO  impl.RaftServerImpl (RaftServerImpl.java:setRole(184)) - 4b287a15-77af-487b-aef7-34d1d0ee189f@group-83C26644CFDA: changes role from  FOLLOWER to CANDIDATE at term 395 for changeToCandidate
2019-10-16 21:02:11,888 [Thread-2656] INFO  impl.RoleInfo (RoleInfo.java:updateAndGet(143)) - 4b287a15-77af-487b-aef7-34d1d0ee189f: start LeaderElection
2019-10-16 21:02:11,902 [4b287a15-77af-487b-aef7-34d1d0ee189f@group-83C26644CFDA-LeaderElection377] INFO  impl.LeaderElection (LeaderElection.java:askForVotes(178)) - 4b287a15-77af-487b-aef7-34d1d0ee189f@group-83C26644CFDA-LeaderElection377: begin an election at term 396 for -1: [4b287a15-77af-487b-aef7-34d1d0ee189f:192.168.34.38:38597, 0aa3649f-570d-46c6-937f-492d7f3a8364:192.168.34.38:33209, 4a03179f-3169-4ac7-a075-259968512ef0:192.168.34.38:45833], old=null
2019-10-16 21:02:11,904 [grpc-default-executor-2] INFO  impl.RaftServerImpl (RaftServerImpl.java:setRole(184)) - 0aa3649f-570d-46c6-937f-492d7f3a8364@group-83C26644CFDA: changes role from  FOLLOWER to FOLLOWER at term 396 for recognizeCandidate:4b287a15-77af-487b-aef7-34d1d0ee189f
2019-10-16 21:02:11,904 [grpc-default-executor-2] INFO  impl.RoleInfo (RoleInfo.java:shutdownFollowerState(121)) - 0aa3649f-570d-46c6-937f-492d7f3a8364: shutdown FollowerState
2019-10-16 21:02:11,904 [grpc-default-executor-2] INFO  impl.RoleInfo (RoleInfo.java:updateAndGet(143)) - 0aa3649f-570d-46c6-937f-492d7f3a8364: start FollowerState
2019-10-16 21:02:11,904 [grpc-default-executor-1] INFO  impl.RaftServerImpl (RaftServerImpl.java:setRole(184)) - 4a03179f-3169-4ac7-a075-259968512ef0@group-83C26644CFDA: changes role from  FOLLOWER to FOLLOWER at term 396 for recognizeCandidate:4b287a15-77af-487b-aef7-34d1d0ee189f
2019-10-16 21:02:11,905 [grpc-default-executor-1] INFO  impl.RoleInfo (RoleInfo.java:shutdownFollowerState(121)) - 4a03179f-3169-4ac7-a075-259968512ef0: shutdown FollowerState
2019-10-16 21:02:11,904 [Thread-2655] INFO  impl.FollowerState (FollowerState.java:run(117)) - 0aa3649f-570d-46c6-937f-492d7f3a8364@group-83C26644CFDA-FollowerState was interrupted: java.lang.InterruptedException: sleep interrupted
2019-10-16 21:02:11,905 [Thread-2654] INFO  impl.FollowerState (FollowerState.java:run(117)) - 4a03179f-3169-4ac7-a075-259968512ef0@group-83C26644CFDA-FollowerState was interrupted: java.lang.InterruptedException: sleep interrupted
2019-10-16 21:02:11,905 [grpc-default-executor-1] INFO  impl.RoleInfo (RoleInfo.java:updateAndGet(143)) - 4a03179f-3169-4ac7-a075-259968512ef0: start FollowerState
2019-10-16 21:02:11,919 [4b287a15-77af-487b-aef7-34d1d0ee189f@group-83C26644CFDA-LeaderElection377] INFO  impl.LeaderElection (LeaderElection.java:logAndReturn(56)) - 4b287a15-77af-487b-aef7-34d1d0ee189f@group-83C26644CFDA-LeaderElection377: Election REJECTED; received 2 response(s) [4b287a15-77af-487b-aef7-34d1d0ee189f<-0aa3649f-570d-46c6-937f-492d7f3a8364#0:FAIL-t396, 4b287a15-77af-487b-aef7-34d1d0ee189f<-4a03179f-3169-4ac7-a075-259968512ef0#0:FAIL-t396] and 0 exception(s); 4b287a15-77af-487b-aef7-34d1d0ee189f@group-83C26644CFDA:t396, leader=null, voted=4b287a15-77af-487b-aef7-34d1d0ee189f, raftlog=4b287a15-77af-487b-aef7-34d1d0ee189f@group-83C26644CFDA-SegmentedRaftLog:OPENED:c-1,f-1,i0, conf=-1: [4b287a15-77af-487b-aef7-34d1d0ee189f:192.168.34.38:38597, 0aa3649f-570d-46c6-937f-492d7f3a8364:192.168.34.38:33209, 4a03179f-3169-4ac7-a075-259968512ef0:192.168.34.38:45833], old=null
2019-10-16 21:02:11,919 [4b287a15-77af-487b-aef7-34d1d0ee189f@group-83C26644CFDA-LeaderElection377] INFO  impl.RaftServerImpl (RaftServerImpl.java:setRole(184)) - 4b287a15-77af-487b-aef7-34d1d0ee189f@group-83C26644CFDA: changes role from CANDIDATE to FOLLOWER at term 396 for DISCOVERED_A_NEW_TERM
2019-10-16 21:02:11,919 [4b287a15-77af-487b-aef7-34d1d0ee189f@group-83C26644CFDA-LeaderElection377] INFO  impl.RoleInfo (RoleInfo.java:shutdownLeaderElection(134)) - 4b287a15-77af-487b-aef7-34d1d0ee189f: shutdown LeaderElection
2019-10-16 21:02:11,919 [4b287a15-77af-487b-aef7-34d1d0ee189f@group-83C26644CFDA-LeaderElection377] INFO  impl.RoleInfo (RoleInfo.java:updateAndGet(143)) - 4b287a15-77af-487b-aef7-34d1d0ee189f: start FollowerState
2019-10-16 21:02:11,971 [Thread-2662] INFO  impl.FollowerState (FollowerState.java:run(108)) - 4b287a15-77af-487b-aef7-34d1d0ee189f@group-83C26644CFDA-FollowerState: change to CANDIDATE, lastRpcTime:51ms, electionTimeout:51ms
2019-10-16 21:02:11,971 [Thread-2662] INFO  impl.RoleInfo (RoleInfo.java:shutdownFollowerState(121)) - 4b287a15-77af-487b-aef7-34d1d0ee189f: shutdown FollowerState
2019-10-16 21:02:11,971 [Thread-2662] INFO  impl.RaftServerImpl (RaftServerImpl.java:setRole(184)) - 4b287a15-77af-487b-aef7-34d1d0ee189f@group-83C26644CFDA: changes role from  FOLLOWER to CANDIDATE at term 396 for changeToCandidate
2019-10-16 21:02:11,971 [Thread-2662] INFO  impl.RoleInfo (RoleInfo.java:updateAndGet(143)) - 4b287a15-77af-487b-aef7-34d1d0ee189f: start LeaderElection
2019-10-16 21:02:11,986 [4b287a15-77af-487b-aef7-34d1d0ee189f@group-83C26644CFDA-LeaderElection378] INFO  impl.LeaderElection (LeaderElection.java:askForVotes(178)) - 4b287a15-77af-487b-aef7-34d1d0ee189f@group-83C26644CFDA-LeaderElection378: begin an election at term 397 for -1: [4b287a15-77af-487b-aef7-34d1d0ee189f:192.168.34.38:38597, 0aa3649f-570d-46c6-937f-492d7f3a8364:192.168.34.38:33209, 4a03179f-3169-4ac7-a075-259968512ef0:192.168.34.38:45833], old=null
2019-10-16 21:02:11,988 [grpc-default-executor-2] INFO  impl.RaftServerImpl (RaftServerImpl.java:setRole(184)) - 0aa3649f-570d-46c6-937f-492d7f3a8364@group-83C26644CFDA: changes role from  FOLLOWER to FOLLOWER at term 397 for recognizeCandidate:4b287a15-77af-487b-aef7-34d1d0ee189f
2019-10-16 21:02:11,988 [grpc-default-executor-1] INFO  impl.RaftServerImpl (RaftServerImpl.java:setRole(184)) - 4a03179f-3169-4ac7-a075-259968512ef0@group-83C26644CFDA: changes role from  FOLLOWER to FOLLOWER at term 397 for recognizeCandidate:4b287a15-77af-487b-aef7-34d1d0ee189f
2019-10-16 21:02:11,988 [grpc-default-executor-1] INFO  impl.RoleInfo (RoleInfo.java:shutdownFollowerState(121)) - 4a03179f-3169-4ac7-a075-259968512ef0: shutdown FollowerState
2019-10-16 21:02:11,988 [grpc-default-executor-2] INFO  impl.RoleInfo (RoleInfo.java:shutdownFollowerState(121)) - 0aa3649f-570d-46c6-937f-492d7f3a8364: shutdown FollowerState
2019-10-16 21:02:11,988 [Thread-2661] INFO  impl.FollowerState (FollowerState.java:run(117)) - 4a03179f-3169-4ac7-a075-259968512ef0@group-83C26644CFDA-FollowerState was interrupted: java.lang.InterruptedException: sleep interrupted
2019-10-16 21:02:11,988 [grpc-default-executor-1] INFO  impl.RoleInfo (RoleInfo.java:updateAndGet(143)) - 4a03179f-3169-4ac7-a075-259968512ef0: start FollowerState
2019-10-16 21:02:11,988 [Thread-2660] INFO  impl.FollowerState (FollowerState.java:run(117)) - 0aa3649f-570d-46c6-937f-492d7f3a8364@group-83C26644CFDA-FollowerState was interrupted: java.lang.InterruptedException: sleep interrupted
2019-10-16 21:02:11,988 [grpc-default-executor-2] INFO  impl.RoleInfo (RoleInfo.java:updateAndGet(143)) - 0aa3649f-570d-46c6-937f-492d7f3a8364: start FollowerState
2019-10-16 21:02:11,991 [4b287a15-77af-487b-aef7-34d1d0ee189f@group-83C26644CFDA-LeaderElection378] INFO  impl.LeaderElection (LeaderElection.java:logAndReturn(56)) - 4b287a15-77af-487b-aef7-34d1d0ee189f@group-83C26644CFDA-LeaderElection378: Election TIMEOUT; received 0 response(s) [] and 0 exception(s); 4b287a15-77af-487b-aef7-34d1d0ee189f@group-83C26644CFDA:t397, leader=null, voted=4b287a15-77af-487b-aef7-34d1d0ee189f, raftlog=4b287a15-77af-487b-aef7-34d1d0ee189f@group-83C26644CFDA-SegmentedRaftLog:OPENED:c-1,f-1,i0, conf=-1: [4b287a15-77af-487b-aef7-34d1d0ee189f:192.168.34.38:38597, 0aa3649f-570d-46c6-937f-492d7f3a8364:192.168.34.38:33209, 4a03179f-3169-4ac7-a075-259968512ef0:192.168.34.38:45833], old=null
2019-10-16 21:02:12,003 [4b287a15-77af-487b-aef7-34d1d0ee189f@group-83C26644CFDA-LeaderElection378] INFO  impl.LeaderElection (LeaderElection.java:askForVotes(178)) - 4b287a15-77af-487b-aef7-34d1d0ee189f@group-83C26644CFDA-LeaderElection378: begin an election at term 398 for -1: [4b287a15-77af-487b-aef7-34d1d0ee189f:192.168.34.38:38597, 0aa3649f-570d-46c6-937f-492d7f3a8364:192.168.34.38:33209, 4a03179f-3169-4ac7-a075-259968512ef0:192.168.34.38:45833], old=null
2019-10-16 21:02:12,004 [grpc-default-executor-2] INFO  impl.RaftServerImpl (RaftServerImpl.java:setRole(184)) - 0aa3649f-570d-46c6-937f-492d7f3a8364@group-83C26644CFDA: changes role from  FOLLOWER to FOLLOWER at term 398 for recognizeCandidate:4b287a15-77af-487b-aef7-34d1d0ee189f
2019-10-16 21:02:12,004 [grpc-default-executor-2] INFO  impl.RoleInfo (RoleInfo.java:shutdownFollowerState(121)) - 0aa3649f-570d-46c6-937f-492d7f3a8364: shutdown FollowerState
2019-10-16 21:02:12,005 [grpc-default-executor-2] INFO  impl.RoleInfo (RoleInfo.java:updateAndGet(143)) - 0aa3649f-570d-46c6-937f-492d7f3a8364: start FollowerState
2019-10-16 21:02:12,005 [Thread-2667] INFO  impl.FollowerState (FollowerState.java:run(117)) - 0aa3649f-570d-46c6-937f-492d7f3a8364@group-83C26644CFDA-FollowerState was interrupted: java.lang.InterruptedException: sleep interrupted
2019-10-16 21:02:12,005 [grpc-default-executor-1] INFO  impl.RaftServerImpl (RaftServerImpl.java:setRole(184)) - 4a03179f-3169-4ac7-a075-259968512ef0@group-83C26644CFDA: changes role from  FOLLOWER to FOLLOWER at term 398 for recognizeCandidate:4b287a15-77af-487b-aef7-34d1d0ee189f
2019-10-16 21:02:12,005 [grpc-default-executor-1] INFO  impl.RoleInfo (RoleInfo.java:shutdownFollowerState(121)) - 4a03179f-3169-4ac7-a075-259968512ef0: shutdown FollowerState
2019-10-16 21:02:12,005 [grpc-default-executor-1] INFO  impl.RoleInfo (RoleInfo.java:updateAndGet(143)) - 4a03179f-3169-4ac7-a075-259968512ef0: start FollowerState
2019-10-16 21:02:12,005 [Thread-2666] INFO  impl.FollowerState (FollowerState.java:run(117)) - 4a03179f-3169-4ac7-a075-259968512ef0@group-83C26644CFDA-FollowerState was interrupted: java.lang.InterruptedException: sleep interrupted
2019-10-16 21:02:12,016 [4b287a15-77af-487b-aef7-34d1d0ee189f@group-83C26644CFDA-LeaderElection378] INFO  impl.LeaderElection (LeaderElection.java:logAndReturn(56)) - 4b287a15-77af-487b-aef7-34d1d0ee189f@group-83C26644CFDA-LeaderElection378: Election REJECTED; received 2 response(s) [4b287a15-77af-487b-aef7-34d1d0ee189f<-0aa3649f-570d-46c6-937f-492d7f3a8364#0:FAIL-t398, 4b287a15-77af-487b-aef7-34d1d0ee189f<-4a03179f-3169-4ac7-a075-259968512ef0#0:FAIL-t398] and 0 exception(s); 4b287a15-77af-487b-aef7-34d1d0ee189f@group-83C26644CFDA:t398, leader=null, voted=4b287a15-77af-487b-aef7-34d1d0ee189f, raftlog=4b287a15-77af-487b-aef7-34d1d0ee189f@group-83C26644CFDA-SegmentedRaftLog:OPENED:c-1,f-1,i0, conf=-1: [4b287a15-77af-487b-aef7-34d1d0ee189f:192.168.34.38:38597, 0aa3649f-570d-46c6-937f-492d7f3a8364:192.168.34.38:33209, 4a03179f-3169-4ac7-a075-259968512ef0:192.168.34.38:45833], old=null
2019-10-16 21:02:12,016 [4b287a15-77af-487b-aef7-34d1d0ee189f@group-83C26644CFDA-LeaderElection378] INFO  impl.RaftServerImpl (RaftServerImpl.java:setRole(184)) - 4b287a15-77af-487b-aef7-34d1d0ee189f@group-83C26644CFDA: changes role from CANDIDATE to FOLLOWER at term 398 for DISCOVERED_A_NEW_TERM
2019-10-16 21:02:12,016 [4b287a15-77af-487b-aef7-34d1d0ee189f@group-83C26644CFDA-LeaderElection378] INFO  impl.RoleInfo (RoleInfo.java:shutdownLeaderElection(134)) - 4b287a15-77af-487b-aef7-34d1d0ee189f: shutdown LeaderElection
2019-10-16 21:02:12,016 [4b287a15-77af-487b-aef7-34d1d0ee189f@group-83C26644CFDA-LeaderElection378] INFO  impl.RoleInfo (RoleInfo.java:updateAndGet(143)) - 4b287a15-77af-487b-aef7-34d1d0ee189f: start FollowerState
2019-10-16 21:02:12,066 [Thread-2672] INFO  impl.FollowerState (FollowerState.java:run(108)) - 4b287a15-77af-487b-aef7-34d1d0ee189f@group-83C26644CFDA-FollowerState: change to CANDIDATE, lastRpcTime:49ms, electionTimeout:49ms
2019-10-16 21:02:12,066 [Thread-2672] INFO  impl.RoleInfo (RoleInfo.java:shutdownFollowerState(121)) - 4b287a15-77af-487b-aef7-34d1d0ee189f: shutdown FollowerState
2019-10-16 21:02:12,066 [Thread-2672] INFO  impl.RaftServerImpl (RaftServerImpl.java:setRole(184)) - 4b287a15-77af-487b-aef7-34d1d0ee189f@group-83C26644CFDA: changes role from  FOLLOWER to CANDIDATE at term 398 for changeToCandidate
2019-10-16 21:02:12,066 [Thread-2672] INFO  impl.RoleInfo (RoleInfo.java:updateAndGet(143)) - 4b287a15-77af-487b-aef7-34d1d0ee189f: start LeaderElection
2019-10-16 21:02:12,080 [4b287a15-77af-487b-aef7-34d1d0ee189f@group-83C26644CFDA-LeaderElection379] INFO  impl.LeaderElection (LeaderElection.java:askForVotes(178)) - 4b287a15-77af-487b-aef7-34d1d0ee189f@group-83C26644CFDA-LeaderElection379: begin an election at term 399 for -1: [4b287a15-77af-487b-aef7-34d1d0ee189f:192.168.34.38:38597, 0aa3649f-570d-46c6-937f-492d7f3a8364:192.168.34.38:33209, 4a03179f-3169-4ac7-a075-259968512ef0:192.168.34.38:45833], old=null
2019-10-16 21:02:12,082 [grpc-default-executor-2] INFO  impl.RaftServerImpl (RaftServerImpl.java:setRole(184)) - 0aa3649f-570d-46c6-937f-492d7f3a8364@group-83C26644CFDA: changes role from  FOLLOWER to FOLLOWER at term 399 for recognizeCandidate:4b287a15-77af-487b-aef7-34d1d0ee189f
2019-10-16 21:02:12,082 [grpc-default-executor-2] INFO  impl.RoleInfo (RoleInfo.java:shutdownFollowerState(121)) - 0aa3649f-570d-46c6-937f-492d7f3a8364: shutdown FollowerState
2019-10-16 21:02:12,082 [grpc-default-executor-1] INFO  impl.RaftServerImpl (RaftServerImpl.java:setRole(184)) - 4a03179f-3169-4ac7-a075-259968512ef0@group-83C26644CFDA: changes role from  FOLLOWER to FOLLOWER at term 399 for recognizeCandidate:4b287a15-77af-487b-aef7-34d1d0ee189f
2019-10-16 21:02:12,082 [grpc-default-executor-1] INFO  impl.RoleInfo (RoleInfo.java:shutdownFollowerState(121)) - 4a03179f-3169-4ac7-a075-259968512ef0: shutdown FollowerState
2019-10-16 21:02:12,082 [Thread-2670] INFO  impl.FollowerState (FollowerState.java:run(117)) - 0aa3649f-570d-46c6-937f-492d7f3a8364@group-83C26644CFDA-FollowerState was interrupted: java.lang.InterruptedException: sleep interrupted
2019-10-16 21:02:12,082 [grpc-default-executor-2] INFO  impl.RoleInfo (RoleInfo.java:updateAndGet(143)) - 0aa3649f-570d-46c6-937f-492d7f3a8364: start FollowerState
2019-10-16 21:02:12,083 [Thread-2671] INFO  impl.FollowerState (FollowerState.java:run(117)) - 4a03179f-3169-4ac7-a075-259968512ef0@group-83C26644CFDA-FollowerState was interrupted: java.lang.InterruptedException: sleep interrupted
2019-10-16 21:02:12,083 [grpc-default-executor-1] INFO  impl.RoleInfo (RoleInfo.java:updateAndGet(143)) - 4a03179f-3169-4ac7-a075-259968512ef0: start FollowerState
2019-10-16 21:02:12,097 [4b287a15-77af-487b-aef7-34d1d0ee189f@group-83C26644CFDA-LeaderElection379] INFO  impl.LeaderElection (LeaderElection.java:logAndReturn(56)) - 4b287a15-77af-487b-aef7-34d1d0ee189f@group-83C26644CFDA-LeaderElection379: Election REJECTED; received 2 response(s) [4b287a15-77af-487b-aef7-34d1d0ee189f<-0aa3649f-570d-46c6-937f-492d7f3a8364#0:FAIL-t399, 4b287a15-77af-487b-aef7-34d1d0ee189f<-4a03179f-3169-4ac7-a075-259968512ef0#0:FAIL-t399] and 0 exception(s); 4b287a15-77af-487b-aef7-34d1d0ee189f@group-83C26644CFDA:t399, leader=null, voted=4b287a15-77af-487b-aef7-34d1d0ee189f, raftlog=4b287a15-77af-487b-aef7-34d1d0ee189f@group-83C26644CFDA-SegmentedRaftLog:OPENED:c-1,f-1,i0, conf=-1: [4b287a15-77af-487b-aef7-34d1d0ee189f:192.168.34.38:38597, 0aa3649f-570d-46c6-937f-492d7f3a8364:192.168.34.38:33209, 4a03179f-3169-4ac7-a075-259968512ef0:192.168.34.38:45833], old=null
2019-10-16 21:02:12,097 [4b287a15-77af-487b-aef7-34d1d0ee189f@group-83C26644CFDA-LeaderElection379] INFO  impl.RaftServerImpl (RaftServerImpl.java:setRole(184)) - 4b287a15-77af-487b-aef7-34d1d0ee189f@group-83C26644CFDA: changes role from CANDIDATE to FOLLOWER at term 399 for DISCOVERED_A_NEW_TERM
2019-10-16 21:02:12,097 [4b287a15-77af-487b-aef7-34d1d0ee189f@group-83C26644CFDA-LeaderElection379] INFO  impl.RoleInfo (RoleInfo.java:shutdownLeaderElection(134)) - 4b287a15-77af-487b-aef7-34d1d0ee189f: shutdown LeaderElection
2019-10-16 21:02:12,097 [4b287a15-77af-487b-aef7-34d1d0ee189f@group-83C26644CFDA-LeaderElection379] INFO  impl.RoleInfo (RoleInfo.java:updateAndGet(143)) - 4b287a15-77af-487b-aef7-34d1d0ee189f: start FollowerState
2019-10-16 21:02:12,192 [Thread-2678] INFO  impl.FollowerState (FollowerState.java:run(108)) - 4b287a15-77af-487b-aef7-34d1d0ee189f@group-83C26644CFDA-FollowerState: change to CANDIDATE, lastRpcTime:94ms, electionTimeout:94ms
2019-10-16 21:02:12,192 [Thread-2678] INFO  impl.RoleInfo (RoleInfo.java:shutdownFollowerState(121)) - 4b287a15-77af-487b-aef7-34d1d0ee189f: shutdown FollowerState
2019-10-16 21:02:12,192 [Thread-2678] INFO  impl.RaftServerImpl (RaftServerImpl.java:setRole(184)) - 4b287a15-77af-487b-aef7-34d1d0ee189f@group-83C26644CFDA: changes role from  FOLLOWER to CANDIDATE at term 399 for changeToCandidate
2019-10-16 21:02:12,192 [Thread-2678] INFO  impl.RoleInfo (RoleInfo.java:updateAndGet(143)) - 4b287a15-77af-487b-aef7-34d1d0ee189f: start LeaderElection
2019-10-16 21:02:12,218 [4b287a15-77af-487b-aef7-34d1d0ee189f@group-83C26644CFDA-LeaderElection380] INFO  impl.LeaderElection (LeaderElection.java:askForVotes(178)) - 4b287a15-77af-487b-aef7-34d1d0ee189f@group-83C26644CFDA-LeaderElection380: begin an election at term 400 for -1: [4b287a15-77af-487b-aef7-34d1d0ee189f:192.168.34.38:38597, 0aa3649f-570d-46c6-937f-492d7f3a8364:192.168.34.38:33209, 4a03179f-3169-4ac7-a075-259968512ef0:192.168.34.38:45833], old=null
2019-10-16 21:02:12,220 [grpc-default-executor-2] INFO  impl.RaftServerImpl (RaftServerImpl.java:setRole(184)) - 0aa3649f-570d-46c6-937f-492d7f3a8364@group-83C26644CFDA: changes role from  FOLLOWER to FOLLOWER at term 400 for recognizeCandidate:4b287a15-77af-487b-aef7-34d1d0ee189f
2019-10-16 21:02:12,220 [grpc-default-executor-2] INFO  impl.RoleInfo (RoleInfo.java:shutdownFollowerState(121)) - 0aa3649f-570d-46c6-937f-492d7f3a8364: shutdown FollowerState
2019-10-16 21:02:12,220 [grpc-default-executor-1] INFO  impl.RaftServerImpl (RaftServerImpl.java:setRole(184)) - 4a03179f-3169-4ac7-a075-259968512ef0@group-83C26644CFDA: changes role from  FOLLOWER to FOLLOWER at term 400 for recognizeCandidate:4b287a15-77af-487b-aef7-34d1d0ee189f
2019-10-16 21:02:12,220 [grpc-default-executor-1] INFO  impl.RoleInfo (RoleInfo.java:shutdownFollowerState(121)) - 4a03179f-3169-4ac7-a075-259968512ef0: shutdown FollowerState
2019-10-16 21:02:12,220 [grpc-default-executor-2] INFO  impl.RoleInfo (RoleInfo.java:updateAndGet(143)) - 0aa3649f-570d-46c6-937f-492d7f3a8364: start FollowerState
2019-10-16 21:02:12,220 [Thread-2676] INFO  impl.FollowerState (FollowerState.java:run(117)) - 0aa3649f-570d-46c6-937f-492d7f3a8364@group-83C26644CFDA-FollowerState was interrupted: java.lang.InterruptedException: sleep interrupted
2019-10-16 21:02:12,220 [Thread-2677] INFO  impl.FollowerState (FollowerState.java:run(117)) - 4a03179f-3169-4ac7-a075-259968512ef0@group-83C26644CFDA-FollowerState was interrupted: java.lang.InterruptedException: sleep interrupted
2019-10-16 21:02:12,220 [grpc-default-executor-1] INFO  impl.RoleInfo (RoleInfo.java:updateAndGet(143)) - 4a03179f-3169-4ac7-a075-259968512ef0: start FollowerState
2019-10-16 21:02:12,240 [4b287a15-77af-487b-aef7-34d1d0ee189f@group-83C26644CFDA-LeaderElection380] INFO  impl.LeaderElection (LeaderElection.java:logAndReturn(56)) - 4b287a15-77af-487b-aef7-34d1d0ee189f@group-83C26644CFDA-LeaderElection380: Election REJECTED; received 2 response(s) [4b287a15-77af-487b-aef7-34d1d0ee189f<-0aa3649f-570d-46c6-937f-492d7f3a8364#0:FAIL-t400, 4b287a15-77af-487b-aef7-34d1d0ee189f<-4a03179f-3169-4ac7-a075-259968512ef0#0:FAIL-t400] and 0 exception(s); 4b287a15-77af-487b-aef7-34d1d0ee189f@group-83C26644CFDA:t400, leader=null, voted=4b287a15-77af-487b-aef7-34d1d0ee189f, raftlog=4b287a15-77af-487b-aef7-34d1d0ee189f@group-83C26644CFDA-SegmentedRaftLog:OPENED:c-1,f-1,i0, conf=-1: [4b287a15-77af-487b-aef7-34d1d0ee189f:192.168.34.38:38597, 0aa3649f-570d-46c6-937f-492d7f3a8364:192.168.34.38:33209, 4a03179f-3169-4ac7-a075-259968512ef0:192.168.34.38:45833], old=null
2019-10-16 21:02:12,240 [4b287a15-77af-487b-aef7-34d1d0ee189f@group-83C26644CFDA-LeaderElection380] INFO  impl.RaftServerImpl (RaftServerImpl.java:setRole(184)) - 4b287a15-77af-487b-aef7-34d1d0ee189f@group-83C26644CFDA: changes role from CANDIDATE to FOLLOWER at term 400 for DISCOVERED_A_NEW_TERM
2019-10-16 21:02:12,240 [4b287a15-77af-487b-aef7-34d1d0ee189f@group-83C26644CFDA-LeaderElection380] INFO  impl.RoleInfo (RoleInfo.java:shutdownLeaderElection(134)) - 4b287a15-77af-487b-aef7-34d1d0ee189f: shutdown LeaderElection
2019-10-16 21:02:12,240 [4b287a15-77af-487b-aef7-34d1d0ee189f@group-83C26644CFDA-LeaderElection380] INFO  impl.RoleInfo (RoleInfo.java:updateAndGet(143)) - 4b287a15-77af-487b-aef7-34d1d0ee189f: start FollowerState
2019-10-16 21:02:12,261 [Thread-2684] INFO  impl.FollowerState (FollowerState.java:run(108)) - 4b287a15-77af-487b-aef7-34d1d0ee189f@group-83C26644CFDA-FollowerState: change to CANDIDATE, lastRpcTime:21ms, electionTimeout:21ms
2019-10-16 21:02:12,262 [Thread-2684] INFO  impl.RoleInfo (RoleInfo.java:shutdownFollowerState(121)) - 4b287a15-77af-487b-aef7-34d1d0ee189f: shutdown FollowerState
2019-10-16 21:02:12,262 [Thread-2684] INFO  impl.RaftServerImpl (RaftServerImpl.java:setRole(184)) - 4b287a15-77af-487b-aef7-34d1d0ee189f@group-83C26644CFDA: changes role from  FOLLOWER to CANDIDATE at term 400 for changeToCandidate
2019-10-16 21:02:12,262 [Thread-2684] INFO  impl.RoleInfo (RoleInfo.java:updateAndGet(143)) - 4b287a15-77af-487b-aef7-34d1d0ee189f: start LeaderElection
2019-10-16 21:02:12,275 [4b287a15-77af-487b-aef7-34d1d0ee189f@group-83C26644CFDA-LeaderElection381] INFO  impl.LeaderElection (LeaderElection.java:askForVotes(178)) - 4b287a15-77af-487b-aef7-34d1d0ee189f@group-83C26644CFDA-LeaderElection381: begin an election at term 401 for -1: [4b287a15-77af-487b-aef7-34d1d0ee189f:192.168.34.38:38597, 0aa3649f-570d-46c6-937f-492d7f3a8364:192.168.34.38:33209, 4a03179f-3169-4ac7-a075-259968512ef0:192.168.34.38:45833], old=null
2019-10-16 21:02:12,277 [grpc-default-executor-1] INFO  impl.RaftServerImpl (RaftServerImpl.java:setRole(184)) - 0aa3649f-570d-46c6-937f-492d7f3a8364@group-83C26644CFDA: changes role from  FOLLOWER to FOLLOWER at term 401 for recognizeCandidate:4b287a15-77af-487b-aef7-34d1d0ee189f
2019-10-16 21:02:12,277 [grpc-default-executor-1] INFO  impl.RoleInfo (RoleInfo.java:shutdownFollowerState(121)) - 0aa3649f-570d-46c6-937f-492d7f3a8364: shutdown FollowerState
2019-10-16 21:02:12,277 [grpc-default-executor-1] INFO  impl.RoleInfo (RoleInfo.java:updateAndGet(143)) - 0aa3649f-570d-46c6-937f-492d7f3a8364: start FollowerState
2019-10-16 21:02:12,277 [Thread-2682] INFO  impl.FollowerState (FollowerState.java:run(117)) - 0aa3649f-570d-46c6-937f-492d7f3a8364@group-83C26644CFDA-FollowerState was interrupted: java.lang.InterruptedException: sleep interrupted
2019-10-16 21:02:12,277 [grpc-default-executor-2] INFO  impl.RaftServerImpl (RaftServerImpl.java:setRole(184)) - 4a03179f-3169-4ac7-a075-259968512ef0@group-83C26644CFDA: changes role from  FOLLOWER to FOLLOWER at term 401 for recognizeCandidate:4b287a15-77af-487b-aef7-34d1d0ee189f
2019-10-16 21:02:12,278 [grpc-default-executor-2] INFO  impl.RoleInfo (RoleInfo.java:shutdownFollowerState(121)) - 4a03179f-3169-4ac7-a075-259968512ef0: shutdown FollowerState
2019-10-16 21:02:12,278 [grpc-default-executor-2] INFO  impl.RoleInfo (RoleInfo.java:updateAndGet(143)) - 4a03179f-3169-4ac7-a075-259968512ef0: start FollowerState
2019-10-16 21:02:12,278 [Thread-2683] INFO  impl.FollowerState (FollowerState.java:run(117)) - 4a03179f-3169-4ac7-a075-259968512ef0@group-83C26644CFDA-FollowerState was interrupted: java.lang.InterruptedException: sleep interrupted
2019-10-16 21:02:12,291 [4b287a15-77af-487b-aef7-34d1d0ee189f@group-83C26644CFDA-LeaderElection381] INFO  impl.LeaderElection (LeaderElection.java:logAndReturn(56)) - 4b287a15-77af-487b-aef7-34d1d0ee189f@group-83C26644CFDA-LeaderElection381: Election REJECTED; received 2 response(s) [4b287a15-77af-487b-aef7-34d1d0ee189f<-0aa3649f-570d-46c6-937f-492d7f3a8364#0:FAIL-t401, 4b287a15-77af-487b-aef7-34d1d0ee189f<-4a03179f-3169-4ac7-a075-259968512ef0#0:FAIL-t401] and 0 exception(s); 4b287a15-77af-487b-aef7-34d1d0ee189f@group-83C26644CFDA:t401, leader=null, voted=4b287a15-77af-487b-aef7-34d1d0ee189f, raftlog=4b287a15-77af-487b-aef7-34d1d0ee189f@group-83C26644CFDA-SegmentedRaftLog:OPENED:c-1,f-1,i0, conf=-1: [4b287a15-77af-487b-aef7-34d1d0ee189f:192.168.34.38:38597, 0aa3649f-570d-46c6-937f-492d7f3a8364:192.168.34.38:33209, 4a03179f-3169-4ac7-a075-259968512ef0:192.168.34.38:45833], old=null
2019-10-16 21:02:12,291 [4b287a15-77af-487b-aef7-34d1d0ee189f@group-83C26644CFDA-LeaderElection381] INFO  impl.RaftServerImpl (RaftServerImpl.java:setRole(184)) - 4b287a15-77af-487b-aef7-34d1d0ee189f@group-83C26644CFDA: changes role from CANDIDATE to FOLLOWER at term 401 for DISCOVERED_A_NEW_TERM
2019-10-16 21:02:12,291 [4b287a15-77af-487b-aef7-34d1d0ee189f@group-83C26644CFDA-LeaderElection381] INFO  impl.RoleInfo (RoleInfo.java:shutdownLeaderElection(134)) - 4b287a15-77af-487b-aef7-34d1d0ee189f: shutdown LeaderElection
2019-10-16 21:02:12,291 [4b287a15-77af-487b-aef7-34d1d0ee189f@group-83C26644CFDA-LeaderElection381] INFO  impl.RoleInfo (RoleInfo.java:updateAndGet(143)) - 4b287a15-77af-487b-aef7-34d1d0ee189f: start FollowerState
2019-10-16 21:02:12,331 [Thread-2690] INFO  impl.FollowerState (FollowerState.java:run(108)) - 4b287a15-77af-487b-aef7-34d1d0ee189f@group-83C26644CFDA-FollowerState: change to CANDIDATE, lastRpcTime:40ms, electionTimeout:40ms
2019-10-16 21:02:12,331 [Thread-2690] INFO  impl.RoleInfo (RoleInfo.java:shutdownFollowerState(121)) - 4b287a15-77af-487b-aef7-34d1d0ee189f: shutdown FollowerState
2019-10-16 21:02:12,332 [Thread-2690] INFO  impl.RaftServerImpl (RaftServerImpl.java:setRole(184)) - 4b287a15-77af-487b-aef7-34d1d0ee189f@group-83C26644CFDA: changes role from  FOLLOWER to CANDIDATE at term 401 for changeToCandidate
2019-10-16 21:02:12,332 [Thread-2690] INFO  impl.RoleInfo (RoleInfo.java:updateAndGet(143)) - 4b287a15-77af-487b-aef7-34d1d0ee189f: start LeaderElection
2019-10-16 21:02:12,345 [4b287a15-77af-487b-aef7-34d1d0ee189f@group-83C26644CFDA-LeaderElection382] INFO  impl.LeaderElection (LeaderElection.java:askForVotes(178)) - 4b287a15-77af-487b-aef7-34d1d0ee189f@group-83C26644CFDA-LeaderElection382: begin an election at term 402 for -1: [4b287a15-77af-487b-aef7-34d1d0ee189f:192.168.34.38:38597, 0aa3649f-570d-46c6-937f-492d7f3a8364:192.168.34.38:33209, 4a03179f-3169-4ac7-a075-259968512ef0:192.168.34.38:45833], old=null
2019-10-16 21:02:12,347 [grpc-default-executor-2] INFO  impl.RaftServerImpl (RaftServerImpl.java:setRole(184)) - 0aa3649f-570d-46c6-937f-492d7f3a8364@group-83C26644CFDA: changes role from  FOLLOWER to FOLLOWER at term 402 for recognizeCandidate:4b287a15-77af-487b-aef7-34d1d0ee189f
2019-10-16 21:02:12,347 [grpc-default-executor-2] INFO  impl.RoleInfo (RoleInfo.java:shutdownFollowerState(121)) - 0aa3649f-570d-46c6-937f-492d7f3a8364: shutdown FollowerState
2019-10-16 21:02:12,347 [grpc-default-executor-1] INFO  impl.RaftServerImpl (RaftServerImpl.java:setRole(184)) - 4a03179f-3169-4ac7-a075-259968512ef0@group-83C26644CFDA: changes role from  FOLLOWER to FOLLOWER at term 402 for recognizeCandidate:4b287a15-77af-487b-aef7-34d1d0ee189f
2019-10-16 21:02:12,347 [Thread-2688] INFO  impl.FollowerState (FollowerState.java:run(117)) - 0aa3649f-570d-46c6-937f-492d7f3a8364@group-83C26644CFDA-FollowerState was interrupted: java.lang.InterruptedException: sleep interrupted
2019-10-16 21:02:12,347 [grpc-default-executor-2] INFO  impl.RoleInfo (RoleInfo.java:updateAndGet(143)) - 0aa3649f-570d-46c6-937f-492d7f3a8364: start FollowerState
2019-10-16 21:02:12,347 [grpc-default-executor-1] INFO  impl.RoleInfo (RoleInfo.java:shutdownFollowerState(121)) - 4a03179f-3169-4ac7-a075-259968512ef0: shutdown FollowerState
2019-10-16 21:02:12,348 [grpc-default-executor-1] INFO  impl.RoleInfo (RoleInfo.java:updateAndGet(143)) - 4a03179f-3169-4ac7-a075-259968512ef0: start FollowerState
2019-10-16 21:02:12,348 [Thread-2689] INFO  impl.FollowerState (FollowerState.java:run(117)) - 4a03179f-3169-4ac7-a075-259968512ef0@group-83C26644CFDA-FollowerState was interrupted: java.lang.InterruptedException: sleep interrupted
2019-10-16 21:02:12,359 [4b287a15-77af-487b-aef7-34d1d0ee189f@group-83C26644CFDA-LeaderElection382] INFO  impl.LeaderElection (LeaderElection.java:logAndReturn(56)) - 4b287a15-77af-487b-aef7-34d1d0ee189f@group-83C26644CFDA-LeaderElection382: Election REJECTED; received 2 response(s) [4b287a15-77af-487b-aef7-34d1d0ee189f<-0aa3649f-570d-46c6-937f-492d7f3a8364#0:FAIL-t402, 4b287a15-77af-487b-aef7-34d1d0ee189f<-4a03179f-3169-4ac7-a075-259968512ef0#0:FAIL-t402] and 0 exception(s); 4b287a15-77af-487b-aef7-34d1d0ee189f@group-83C26644CFDA:t402, leader=null, voted=4b287a15-77af-487b-aef7-34d1d0ee189f, raftlog=4b287a15-77af-487b-aef7-34d1d0ee189f@group-83C26644CFDA-SegmentedRaftLog:OPENED:c-1,f-1,i0, conf=-1: [4b287a15-77af-487b-aef7-34d1d0ee189f:192.168.34.38:38597, 0aa3649f-570d-46c6-937f-492d7f3a8364:192.168.34.38:33209, 4a03179f-3169-4ac7-a075-259968512ef0:192.168.34.38:45833], old=null
2019-10-16 21:02:12,359 [4b287a15-77af-487b-aef7-34d1d0ee189f@group-83C26644CFDA-LeaderElection382] INFO  impl.RaftServerImpl (RaftServerImpl.java:setRole(184)) - 4b287a15-77af-487b-aef7-34d1d0ee189f@group-83C26644CFDA: changes role from CANDIDATE to FOLLOWER at term 402 for DISCOVERED_A_NEW_TERM
2019-10-16 21:02:12,359 [4b287a15-77af-487b-aef7-34d1d0ee189f@group-83C26644CFDA-LeaderElection382] INFO  impl.RoleInfo (RoleInfo.java:shutdownLeaderElection(134)) - 4b287a15-77af-487b-aef7-34d1d0ee189f: shutdown LeaderElection
2019-10-16 21:02:12,359 [4b287a15-77af-487b-aef7-34d1d0ee189f@group-83C26644CFDA-LeaderElection382] INFO  impl.RoleInfo (RoleInfo.java:updateAndGet(143)) - 4b287a15-77af-487b-aef7-34d1d0ee189f: start FollowerState
2019-10-16 21:02:12,489 [Thread-2696] INFO  impl.FollowerState (FollowerState.java:run(108)) - 4b287a15-77af-487b-aef7-34d1d0ee189f@group-83C26644CFDA-FollowerState: change to CANDIDATE, lastRpcTime:130ms, electionTimeout:130ms
2019-10-16 21:02:12,490 [Thread-2696] INFO  impl.RoleInfo (RoleInfo.java:shutdownFollowerState(121)) - 4b287a15-77af-487b-aef7-34d1d0ee189f: shutdown FollowerState
2019-10-16 21:02:12,490 [Thread-2696] INFO  impl.RaftServerImpl (RaftServerImpl.java:setRole(184)) - 4b287a15-77af-487b-aef7-34d1d0ee189f@group-83C26644CFDA: changes role from  FOLLOWER to CANDIDATE at term 402 for changeToCandidate
2019-10-16 21:02:12,490 [Thread-2696] INFO  impl.RoleInfo (RoleInfo.java:updateAndGet(143)) - 4b287a15-77af-487b-aef7-34d1d0ee189f: start LeaderElection
2019-10-16 21:02:12,504 [4b287a15-77af-487b-aef7-34d1d0ee189f@group-83C26644CFDA-LeaderElection383] INFO  impl.LeaderElection (LeaderElection.java:askForVotes(178)) - 4b287a15-77af-487b-aef7-34d1d0ee189f@group-83C26644CFDA-LeaderElection383: begin an election at term 403 for -1: [4b287a15-77af-487b-aef7-34d1d0ee189f:192.168.34.38:38597, 0aa3649f-570d-46c6-937f-492d7f3a8364:192.168.34.38:33209, 4a03179f-3169-4ac7-a075-259968512ef0:192.168.34.38:45833], old=null
2019-10-16 21:02:12,506 [grpc-default-executor-1] INFO  impl.RaftServerImpl (RaftServerImpl.java:setRole(184)) - 0aa3649f-570d-46c6-937f-492d7f3a8364@group-83C26644CFDA: changes role from  FOLLOWER to FOLLOWER at term 403 for recognizeCandidate:4b287a15-77af-487b-aef7-34d1d0ee189f
2019-10-16 21:02:12,506 [grpc-default-executor-1] INFO  impl.RoleInfo (RoleInfo.java:shutdownFollowerState(121)) - 0aa3649f-570d-46c6-937f-492d7f3a8364: shutdown FollowerState
2019-10-16 21:02:12,506 [grpc-default-executor-2] INFO  impl.RaftServerImpl (RaftServerImpl.java:setRole(184)) - 4a03179f-3169-4ac7-a075-259968512ef0@group-83C26644CFDA: changes role from  FOLLOWER to FOLLOWER at term 403 for recognizeCandidate:4b287a15-77af-487b-aef7-34d1d0ee189f
2019-10-16 21:02:12,506 [Thread-2694] INFO  impl.FollowerState (FollowerState.java:run(117)) - 0aa3649f-570d-46c6-937f-492d7f3a8364@group-83C26644CFDA-FollowerState was interrupted: java.lang.InterruptedException: sleep interrupted
2019-10-16 21:02:12,506 [grpc-default-executor-1] INFO  impl.RoleInfo (RoleInfo.java:updateAndGet(143)) - 0aa3649f-570d-46c6-937f-492d7f3a8364: start FollowerState
2019-10-16 21:02:12,506 [grpc-default-executor-2] INFO  impl.RoleInfo (RoleInfo.java:shutdownFollowerState(121)) - 4a03179f-3169-4ac7-a075-259968512ef0: shutdown FollowerState
2019-10-16 21:02:12,507 [grpc-default-executor-2] INFO  impl.RoleInfo (RoleInfo.java:updateAndGet(143)) - 4a03179f-3169-4ac7-a075-259968512ef0: start FollowerState
2019-10-16 21:02:12,507 [Thread-2695] INFO  impl.FollowerState (FollowerState.java:run(117)) - 4a03179f-3169-4ac7-a075-259968512ef0@group-83C26644CFDA-FollowerState was interrupted: java.lang.InterruptedException: sleep interrupted
2019-10-16 21:02:12,521 [4b287a15-77af-487b-aef7-34d1d0ee189f@group-83C26644CFDA-LeaderElection383] INFO  impl.LeaderElection (LeaderElection.java:logAndReturn(56)) - 4b287a15-77af-487b-aef7-34d1d0ee189f@group-83C26644CFDA-LeaderElection383: Election REJECTED; received 2 response(s) [4b287a15-77af-487b-aef7-34d1d0ee189f<-0aa3649f-570d-46c6-937f-492d7f3a8364#0:FAIL-t403, 4b287a15-77af-487b-aef7-34d1d0ee189f<-4a03179f-3169-4ac7-a075-259968512ef0#0:FAIL-t403] and 0 exception(s); 4b287a15-77af-487b-aef7-34d1d0ee189f@group-83C26644CFDA:t403, leader=null, voted=4b287a15-77af-487b-aef7-34d1d0ee189f, raftlog=4b287a15-77af-487b-aef7-34d1d0ee189f@group-83C26644CFDA-SegmentedRaftLog:OPENED:c-1,f-1,i0, conf=-1: [4b287a15-77af-487b-aef7-34d1d0ee189f:192.168.34.38:38597, 0aa3649f-570d-46c6-937f-492d7f3a8364:192.168.34.38:33209, 4a03179f-3169-4ac7-a075-259968512ef0:192.168.34.38:45833], old=null
2019-10-16 21:02:12,521 [4b287a15-77af-487b-aef7-34d1d0ee189f@group-83C26644CFDA-LeaderElection383] INFO  impl.RaftServerImpl (RaftServerImpl.java:setRole(184)) - 4b287a15-77af-487b-aef7-34d1d0ee189f@group-83C26644CFDA: changes role from CANDIDATE to FOLLOWER at term 403 for DISCOVERED_A_NEW_TERM
2019-10-16 21:02:12,521 [4b287a15-77af-487b-aef7-34d1d0ee189f@group-83C26644CFDA-LeaderElection383] INFO  impl.RoleInfo (RoleInfo.java:shutdownLeaderElection(134)) - 4b287a15-77af-487b-aef7-34d1d0ee189f: shutdown LeaderElection
2019-10-16 21:02:12,521 [4b287a15-77af-487b-aef7-34d1d0ee189f@group-83C26644CFDA-LeaderElection383] INFO  impl.RoleInfo (RoleInfo.java:updateAndGet(143)) - 4b287a15-77af-487b-aef7-34d1d0ee189f: start FollowerState
2019-10-16 21:02:12,555 [Thread-2702] INFO  impl.FollowerState (FollowerState.java:run(108)) - 4b287a15-77af-487b-aef7-34d1d0ee189f@group-83C26644CFDA-FollowerState: change to CANDIDATE, lastRpcTime:33ms, electionTimeout:33ms
2019-10-16 21:02:12,555 [Thread-2702] INFO  impl.RoleInfo (RoleInfo.java:shutdownFollowerState(121)) - 4b287a15-77af-487b-aef7-34d1d0ee189f: shutdown FollowerState
2019-10-16 21:02:12,555 [Thread-2702] INFO  impl.RaftServerImpl (RaftServerImpl.java:setRole(184)) - 4b287a15-77af-487b-aef7-34d1d0ee189f@group-83C26644CFDA: changes role from  FOLLOWER to CANDIDATE at term 403 for changeToCandidate
2019-10-16 21:02:12,555 [Thread-2702] INFO  impl.RoleInfo (RoleInfo.java:updateAndGet(143)) - 4b287a15-77af-487b-aef7-34d1d0ee189f: start LeaderElection
2019-10-16 21:02:12,577 [4b287a15-77af-487b-aef7-34d1d0ee189f@group-83C26644CFDA-LeaderElection384] INFO  impl.LeaderElection (LeaderElection.java:askForVotes(178)) - 4b287a15-77af-487b-aef7-34d1d0ee189f@group-83C26644CFDA-LeaderElection384: begin an election at term 404 for -1: [4b287a15-77af-487b-aef7-34d1d0ee189f:192.168.34.38:38597, 0aa3649f-570d-46c6-937f-492d7f3a8364:192.168.34.38:33209, 4a03179f-3169-4ac7-a075-259968512ef0:192.168.34.38:45833], old=null
2019-10-16 21:02:12,578 [grpc-default-executor-2] INFO  impl.RaftServerImpl (RaftServerImpl.java:setRole(184)) - 0aa3649f-570d-46c6-937f-492d7f3a8364@group-83C26644CFDA: changes role from  FOLLOWER to FOLLOWER at term 404 for recognizeCandidate:4b287a15-77af-487b-aef7-34d1d0ee189f
2019-10-16 21:02:12,579 [grpc-default-executor-2] INFO  impl.RoleInfo (RoleInfo.java:shutdownFollowerState(121)) - 0aa3649f-570d-46c6-937f-492d7f3a8364: shutdown FollowerState
2019-10-16 21:02:12,579 [grpc-default-executor-1] INFO  impl.RaftServerImpl (RaftServerImpl.java:setRole(184)) - 4a03179f-3169-4ac7-a075-259968512ef0@group-83C26644CFDA: changes role from  FOLLOWER to FOLLOWER at term 404 for recognizeCandidate:4b287a15-77af-487b-aef7-34d1d0ee189f
2019-10-16 21:02:12,579 [grpc-default-executor-1] INFO  impl.RoleInfo (RoleInfo.java:shutdownFollowerState(121)) - 4a03179f-3169-4ac7-a075-259968512ef0: shutdown FollowerState
2019-10-16 21:02:12,579 [Thread-2700] INFO  impl.FollowerState (FollowerState.java:run(117)) - 0aa3649f-570d-46c6-937f-492d7f3a8364@group-83C26644CFDA-FollowerState was interrupted: java.lang.InterruptedException: sleep interrupted
2019-10-16 21:02:12,579 [Thread-2701] INFO  impl.FollowerState (FollowerState.java:run(117)) - 4a03179f-3169-4ac7-a075-259968512ef0@group-83C26644CFDA-FollowerState was interrupted: java.lang.InterruptedException: sleep interrupted
2019-10-16 21:02:12,579 [grpc-default-executor-2] INFO  impl.RoleInfo (RoleInfo.java:updateAndGet(143)) - 0aa3649f-570d-46c6-937f-492d7f3a8364: start FollowerState
2019-10-16 21:02:12,579 [grpc-default-executor-1] INFO  impl.RoleInfo (RoleInfo.java:updateAndGet(143)) - 4a03179f-3169-4ac7-a075-259968512ef0: start FollowerState
2019-10-16 21:02:12,594 [4b287a15-77af-487b-aef7-34d1d0ee189f@group-83C26644CFDA-LeaderElection384] INFO  impl.LeaderElection (LeaderElection.java:logAndReturn(56)) - 4b287a15-77af-487b-aef7-34d1d0ee189f@group-83C26644CFDA-LeaderElection384: Election REJECTED; received 2 response(s) [4b287a15-77af-487b-aef7-34d1d0ee189f<-0aa3649f-570d-46c6-937f-492d7f3a8364#0:FAIL-t404, 4b287a15-77af-487b-aef7-34d1d0ee189f<-4a03179f-3169-4ac7-a075-259968512ef0#0:FAIL-t404] and 0 exception(s); 4b287a15-77af-487b-aef7-34d1d0ee189f@group-83C26644CFDA:t404, leader=null, voted=4b287a15-77af-487b-aef7-34d1d0ee189f, raftlog=4b287a15-77af-487b-aef7-34d1d0ee189f@group-83C26644CFDA-SegmentedRaftLog:OPENED:c-1,f-1,i0, conf=-1: [4b287a15-77af-487b-aef7-34d1d0ee189f:192.168.34.38:38597, 0aa3649f-570d-46c6-937f-492d7f3a8364:192.168.34.38:33209, 4a03179f-3169-4ac7-a075-259968512ef0:192.168.34.38:45833], old=null
2019-10-16 21:02:12,594 [4b287a15-77af-487b-aef7-34d1d0ee189f@group-83C26644CFDA-LeaderElection384] INFO  impl.RaftServerImpl (RaftServerImpl.java:setRole(184)) - 4b287a15-77af-487b-aef7-34d1d0ee189f@group-83C26644CFDA: changes role from CANDIDATE to FOLLOWER at term 404 for DISCOVERED_A_NEW_TERM
2019-10-16 21:02:12,594 [4b287a15-77af-487b-aef7-34d1d0ee189f@group-83C26644CFDA-LeaderElection384] INFO  impl.RoleInfo (RoleInfo.java:shutdownLeaderElection(134)) - 4b287a15-77af-487b-aef7-34d1d0ee189f: shutdown LeaderElection
2019-10-16 21:02:12,594 [4b287a15-77af-487b-aef7-34d1d0ee189f@group-83C26644CFDA-LeaderElection384] INFO  impl.RoleInfo (RoleInfo.java:updateAndGet(143)) - 4b287a15-77af-487b-aef7-34d1d0ee189f: start FollowerState
2019-10-16 21:02:12,772 [Thread-2708] INFO  impl.FollowerState (FollowerState.java:run(108)) - 4b287a15-77af-487b-aef7-34d1d0ee189f@group-83C26644CFDA-FollowerState: change to CANDIDATE, lastRpcTime:177ms, electionTimeout:177ms
2019-10-16 21:02:12,772 [Thread-2708] INFO  impl.RoleInfo (RoleInfo.java:shutdownFollowerState(121)) - 4b287a15-77af-487b-aef7-34d1d0ee189f: shutdown FollowerState
2019-10-16 21:02:12,772 [Thread-2708] INFO  impl.RaftServerImpl (RaftServerImpl.java:setRole(184)) - 4b287a15-77af-487b-aef7-34d1d0ee189f@group-83C26644CFDA: changes role from  FOLLOWER to CANDIDATE at term 404 for changeToCandidate
2019-10-16 21:02:12,772 [Thread-2708] INFO  impl.RoleInfo (RoleInfo.java:updateAndGet(143)) - 4b287a15-77af-487b-aef7-34d1d0ee189f: start LeaderElection
2019-10-16 21:02:12,779 [4b287a15-77af-487b-aef7-34d1d0ee189f@group-83C26644CFDA-LeaderElection385] INFO  impl.LeaderElection (LeaderElection.java:askForVotes(178)) - 4b287a15-77af-487b-aef7-34d1d0ee189f@group-83C26644CFDA-LeaderElection385: begin an election at term 405 for -1: [4b287a15-77af-487b-aef7-34d1d0ee189f:192.168.34.38:38597, 0aa3649f-570d-46c6-937f-492d7f3a8364:192.168.34.38:33209, 4a03179f-3169-4ac7-a075-259968512ef0:192.168.34.38:45833], old=null
2019-10-16 21:02:12,782 [grpc-default-executor-1] INFO  impl.RaftServerImpl (RaftServerImpl.java:setRole(184)) - 0aa3649f-570d-46c6-937f-492d7f3a8364@group-83C26644CFDA: changes role from  FOLLOWER to FOLLOWER at term 405 for recognizeCandidate:4b287a15-77af-487b-aef7-34d1d0ee189f
2019-10-16 21:02:12,782 [grpc-default-executor-1] INFO  impl.RoleInfo (RoleInfo.java:shutdownFollowerState(121)) - 0aa3649f-570d-46c6-937f-492d7f3a8364: shutdown FollowerState
2019-10-16 21:02:12,782 [grpc-default-executor-1] INFO  impl.RoleInfo (RoleInfo.java:updateAndGet(143)) - 0aa3649f-570d-46c6-937f-492d7f3a8364: start FollowerState
2019-10-16 21:02:12,782 [Thread-2706] INFO  impl.FollowerState (FollowerState.java:run(117)) - 0aa3649f-570d-46c6-937f-492d7f3a8364@group-83C26644CFDA-FollowerState was interrupted: java.lang.InterruptedException: sleep interrupted
2019-10-16 21:02:12,782 [grpc-default-executor-2] INFO  impl.RaftServerImpl (RaftServerImpl.java:setRole(184)) - 4a03179f-3169-4ac7-a075-259968512ef0@group-83C26644CFDA: changes role from  FOLLOWER to FOLLOWER at term 405 for recognizeCandidate:4b287a15-77af-487b-aef7-34d1d0ee189f
2019-10-16 21:02:12,782 [grpc-default-executor-2] INFO  impl.RoleInfo (RoleInfo.java:shutdownFollowerState(121)) - 4a03179f-3169-4ac7-a075-259968512ef0: shutdown FollowerState
2019-10-16 21:02:12,783 [Thread-2707] INFO  impl.FollowerState (FollowerState.java:run(117)) - 4a03179f-3169-4ac7-a075-259968512ef0@group-83C26644CFDA-FollowerState was interrupted: java.lang.InterruptedException: sleep interrupted
2019-10-16 21:02:12,783 [grpc-default-executor-2] INFO  impl.RoleInfo (RoleInfo.java:updateAndGet(143)) - 4a03179f-3169-4ac7-a075-259968512ef0: start FollowerState
2019-10-16 21:02:12,795 [4b287a15-77af-487b-aef7-34d1d0ee189f@group-83C26644CFDA-LeaderElection385] INFO  impl.LeaderElection (LeaderElection.java:logAndReturn(56)) - 4b287a15-77af-487b-aef7-34d1d0ee189f@group-83C26644CFDA-LeaderElection385: Election TIMEOUT; received 0 response(s) [] and 0 exception(s); 4b287a15-77af-487b-aef7-34d1d0ee189f@group-83C26644CFDA:t405, leader=null, voted=4b287a15-77af-487b-aef7-34d1d0ee189f, raftlog=4b287a15-77af-487b-aef7-34d1d0ee189f@group-83C26644CFDA-SegmentedRaftLog:OPENED:c-1,f-1,i0, conf=-1: [4b287a15-77af-487b-aef7-34d1d0ee189f:192.168.34.38:38597, 0aa3649f-570d-46c6-937f-492d7f3a8364:192.168.34.38:33209, 4a03179f-3169-4ac7-a075-259968512ef0:192.168.34.38:45833], old=null
2019-10-16 21:02:12,804 [4b287a15-77af-487b-aef7-34d1d0ee189f@group-83C26644CFDA-LeaderElection385] INFO  impl.LeaderElection (LeaderElection.java:askForVotes(178)) - 4b287a15-77af-487b-aef7-34d1d0ee189f@group-83C26644CFDA-LeaderElection385: begin an election at term 406 for -1: [4b287a15-77af-487b-aef7-34d1d0ee189f:192.168.34.38:38597, 0aa3649f-570d-46c6-937f-492d7f3a8364:192.168.34.38:33209, 4a03179f-3169-4ac7-a075-259968512ef0:192.168.34.38:45833], old=null
2019-10-16 21:02:12,806 [grpc-default-executor-2] INFO  impl.RaftServerImpl (RaftServerImpl.java:setRole(184)) - 0aa3649f-570d-46c6-937f-492d7f3a8364@group-83C26644CFDA: changes role from  FOLLOWER to FOLLOWER at term 406 for recognizeCandidate:4b287a15-77af-487b-aef7-34d1d0ee189f
2019-10-16 21:02:12,806 [grpc-default-executor-2] INFO  impl.RoleInfo (RoleInfo.java:shutdownFollowerState(121)) - 0aa3649f-570d-46c6-937f-492d7f3a8364: shutdown FollowerState
2019-10-16 21:02:12,806 [grpc-default-executor-1] INFO  impl.RaftServerImpl (RaftServerImpl.java:setRole(184)) - 4a03179f-3169-4ac7-a075-259968512ef0@group-83C26644CFDA: changes role from  FOLLOWER to FOLLOWER at term 406 for recognizeCandidate:4b287a15-77af-487b-aef7-34d1d0ee189f
2019-10-16 21:02:12,806 [Thread-2712] INFO  impl.FollowerState (FollowerState.java:run(117)) - 0aa3649f-570d-46c6-937f-492d7f3a8364@group-83C26644CFDA-FollowerState was interrupted: java.lang.InterruptedException: sleep interrupted
2019-10-16 21:02:12,806 [grpc-default-executor-2] INFO  impl.RoleInfo (RoleInfo.java:updateAndGet(143)) - 0aa3649f-570d-46c6-937f-492d7f3a8364: start FollowerState
2019-10-16 21:02:12,806 [grpc-default-executor-1] INFO  impl.RoleInfo (RoleInfo.java:shutdownFollowerState(121)) - 4a03179f-3169-4ac7-a075-259968512ef0: shutdown FollowerState
2019-10-16 21:02:12,807 [grpc-default-executor-1] INFO  impl.RoleInfo (RoleInfo.java:updateAndGet(143)) - 4a03179f-3169-4ac7-a075-259968512ef0: start FollowerState
2019-10-16 21:02:12,807 [Thread-2713] INFO  impl.FollowerState (FollowerState.java:run(117)) - 4a03179f-3169-4ac7-a075-259968512ef0@group-83C26644CFDA-FollowerState was interrupted: java.lang.InterruptedException: sleep interrupted
2019-10-16 21:02:12,816 [4b287a15-77af-487b-aef7-34d1d0ee189f@group-83C26644CFDA-LeaderElection385] INFO  impl.LeaderElection (LeaderElection.java:logAndReturn(56)) - 4b287a15-77af-487b-aef7-34d1d0ee189f@group-83C26644CFDA-LeaderElection385: Election TIMEOUT; received 0 response(s) [] and 0 exception(s); 4b287a15-77af-487b-aef7-34d1d0ee189f@group-83C26644CFDA:t406, leader=null, voted=4b287a15-77af-487b-aef7-34d1d0ee189f, raftlog=4b287a15-77af-487b-aef7-34d1d0ee189f@group-83C26644CFDA-SegmentedRaftLog:OPENED:c-1,f-1,i0, conf=-1: [4b287a15-77af-487b-aef7-34d1d0ee189f:192.168.34.38:38597, 0aa3649f-570d-46c6-937f-492d7f3a8364:192.168.34.38:33209, 4a03179f-3169-4ac7-a075-259968512ef0:192.168.34.38:45833], old=null
2019-10-16 21:02:12,822 [4b287a15-77af-487b-aef7-34d1d0ee189f@group-83C26644CFDA-LeaderElection385] INFO  impl.LeaderElection (LeaderElection.java:askForVotes(178)) - 4b287a15-77af-487b-aef7-34d1d0ee189f@group-83C26644CFDA-LeaderElection385: begin an election at term 407 for -1: [4b287a15-77af-487b-aef7-34d1d0ee189f:192.168.34.38:38597, 0aa3649f-570d-46c6-937f-492d7f3a8364:192.168.34.38:33209, 4a03179f-3169-4ac7-a075-259968512ef0:192.168.34.38:45833], old=null
2019-10-16 21:02:12,823 [grpc-default-executor-2] INFO  impl.RaftServerImpl (RaftServerImpl.java:setRole(184)) - 0aa3649f-570d-46c6-937f-492d7f3a8364@group-83C26644CFDA: changes role from  FOLLOWER to FOLLOWER at term 407 for recognizeCandidate:4b287a15-77af-487b-aef7-34d1d0ee189f
2019-10-16 21:02:12,824 [grpc-default-executor-2] INFO  impl.RoleInfo (RoleInfo.java:shutdownFollowerState(121)) - 0aa3649f-570d-46c6-937f-492d7f3a8364: shutdown FollowerState
2019-10-16 21:02:12,824 [grpc-default-executor-2] INFO  impl.RoleInfo (RoleInfo.java:updateAndGet(143)) - 0aa3649f-570d-46c6-937f-492d7f3a8364: start FollowerState
2019-10-16 21:02:12,824 [Thread-2716] INFO  impl.FollowerState (FollowerState.java:run(117)) - 0aa3649f-570d-46c6-937f-492d7f3a8364@group-83C26644CFDA-FollowerState was interrupted: java.lang.InterruptedException: sleep interrupted
2019-10-16 21:02:12,824 [grpc-default-executor-1] INFO  impl.RaftServerImpl (RaftServerImpl.java:setRole(184)) - 4a03179f-3169-4ac7-a075-259968512ef0@group-83C26644CFDA: changes role from  FOLLOWER to FOLLOWER at term 407 for recognizeCandidate:4b287a15-77af-487b-aef7-34d1d0ee189f
2019-10-16 21:02:12,824 [grpc-default-executor-1] INFO  impl.RoleInfo (RoleInfo.java:shutdownFollowerState(121)) - 4a03179f-3169-4ac7-a075-259968512ef0: shutdown FollowerState
2019-10-16 21:02:12,824 [grpc-default-executor-1] INFO  impl.RoleInfo (RoleInfo.java:updateAndGet(143)) - 4a03179f-3169-4ac7-a075-259968512ef0: start FollowerState
2019-10-16 21:02:12,825 [Thread-2717] INFO  impl.FollowerState (FollowerState.java:run(117)) - 4a03179f-3169-4ac7-a075-259968512ef0@group-83C26644CFDA-FollowerState was interrupted: java.lang.InterruptedException: sleep interrupted
2019-10-16 21:02:12,839 [4b287a15-77af-487b-aef7-34d1d0ee189f@group-83C26644CFDA-LeaderElection385] INFO  impl.LeaderElection (LeaderElection.java:logAndReturn(56)) - 4b287a15-77af-487b-aef7-34d1d0ee189f@group-83C26644CFDA-LeaderElection385: Election REJECTED; received 2 response(s) [4b287a15-77af-487b-aef7-34d1d0ee189f<-0aa3649f-570d-46c6-937f-492d7f3a8364#0:FAIL-t407, 4b287a15-77af-487b-aef7-34d1d0ee189f<-4a03179f-3169-4ac7-a075-259968512ef0#0:FAIL-t407] and 0 exception(s); 4b287a15-77af-487b-aef7-34d1d0ee189f@group-83C26644CFDA:t407, leader=null, voted=4b287a15-77af-487b-aef7-34d1d0ee189f, raftlog=4b287a15-77af-487b-aef7-34d1d0ee189f@group-83C26644CFDA-SegmentedRaftLog:OPENED:c-1,f-1,i0, conf=-1: [4b287a15-77af-487b-aef7-34d1d0ee189f:192.168.34.38:38597, 0aa3649f-570d-46c6-937f-492d7f3a8364:192.168.34.38:33209, 4a03179f-3169-4ac7-a075-259968512ef0:192.168.34.38:45833], old=null
2019-10-16 21:02:12,839 [4b287a15-77af-487b-aef7-34d1d0ee189f@group-83C26644CFDA-LeaderElection385] INFO  impl.RaftServerImpl (RaftServerImpl.java:setRole(184)) - 4b287a15-77af-487b-aef7-34d1d0ee189f@group-83C26644CFDA: changes role from CANDIDATE to FOLLOWER at term 407 for DISCOVERED_A_NEW_TERM
2019-10-16 21:02:12,839 [4b287a15-77af-487b-aef7-34d1d0ee189f@group-83C26644CFDA-LeaderElection385] INFO  impl.RoleInfo (RoleInfo.java:shutdownLeaderElection(134)) - 4b287a15-77af-487b-aef7-34d1d0ee189f: shutdown LeaderElection
2019-10-16 21:02:12,840 [4b287a15-77af-487b-aef7-34d1d0ee189f@group-83C26644CFDA-LeaderElection385] INFO  impl.RoleInfo (RoleInfo.java:updateAndGet(143)) - 4b287a15-77af-487b-aef7-34d1d0ee189f: start FollowerState
2019-10-16 21:02:12,966 [Thread-2722] INFO  impl.FollowerState (FollowerState.java:run(108)) - 4b287a15-77af-487b-aef7-34d1d0ee189f@group-83C26644CFDA-FollowerState: change to CANDIDATE, lastRpcTime:126ms, electionTimeout:126ms
2019-10-16 21:02:12,966 [Thread-2722] INFO  impl.RoleInfo (RoleInfo.java:shutdownFollowerState(121)) - 4b287a15-77af-487b-aef7-34d1d0ee189f: shutdown FollowerState
2019-10-16 21:02:12,966 [Thread-2722] INFO  impl.RaftServerImpl (RaftServerImpl.java:setRole(184)) - 4b287a15-77af-487b-aef7-34d1d0ee189f@group-83C26644CFDA: changes role from  FOLLOWER to CANDIDATE at term 407 for changeToCandidate
2019-10-16 21:02:12,967 [Thread-2722] INFO  impl.RoleInfo (RoleInfo.java:updateAndGet(143)) - 4b287a15-77af-487b-aef7-34d1d0ee189f: start LeaderElection
2019-10-16 21:02:12,974 [4b287a15-77af-487b-aef7-34d1d0ee189f@group-83C26644CFDA-LeaderElection386] INFO  impl.LeaderElection (LeaderElection.java:askForVotes(178)) - 4b287a15-77af-487b-aef7-34d1d0ee189f@group-83C26644CFDA-LeaderElection386: begin an election at term 408 for -1: [4b287a15-77af-487b-aef7-34d1d0ee189f:192.168.34.38:38597, 0aa3649f-570d-46c6-937f-492d7f3a8364:192.168.34.38:33209, 4a03179f-3169-4ac7-a075-259968512ef0:192.168.34.38:45833], old=null
2019-10-16 21:02:12,977 [grpc-default-executor-1] INFO  impl.RaftServerImpl (RaftServerImpl.java:setRole(184)) - 0aa3649f-570d-46c6-937f-492d7f3a8364@group-83C26644CFDA: changes role from  FOLLOWER to FOLLOWER at term 408 for recognizeCandidate:4b287a15-77af-487b-aef7-34d1d0ee189f
2019-10-16 21:02:12,978 [grpc-default-executor-1] INFO  impl.RoleInfo (RoleInfo.java:shutdownFollowerState(121)) - 0aa3649f-570d-46c6-937f-492d7f3a8364: shutdown FollowerState
2019-10-16 21:02:12,977 [grpc-default-executor-2] INFO  impl.RaftServerImpl (RaftServerImpl.java:setRole(184)) - 4a03179f-3169-4ac7-a075-259968512ef0@group-83C26644CFDA: changes role from  FOLLOWER to FOLLOWER at term 408 for recognizeCandidate:4b287a15-77af-487b-aef7-34d1d0ee189f
2019-10-16 21:02:12,978 [grpc-default-executor-2] INFO  impl.RoleInfo (RoleInfo.java:shutdownFollowerState(121)) - 4a03179f-3169-4ac7-a075-259968512ef0: shutdown FollowerState
2019-10-16 21:02:12,978 [Thread-2720] INFO  impl.FollowerState (FollowerState.java:run(117)) - 0aa3649f-570d-46c6-937f-492d7f3a8364@group-83C26644CFDA-FollowerState was interrupted: java.lang.InterruptedException: sleep interrupted
2019-10-16 21:02:12,978 [grpc-default-executor-1] INFO  impl.RoleInfo (RoleInfo.java:updateAndGet(143)) - 0aa3649f-570d-46c6-937f-492d7f3a8364: start FollowerState
2019-10-16 21:02:12,979 [Thread-2721] INFO  impl.FollowerState (FollowerState.java:run(117)) - 4a03179f-3169-4ac7-a075-259968512ef0@group-83C26644CFDA-FollowerState was interrupted: java.lang.InterruptedException: sleep interrupted
2019-10-16 21:02:12,978 [grpc-default-executor-2] INFO  impl.RoleInfo (RoleInfo.java:updateAndGet(143)) - 4a03179f-3169-4ac7-a075-259968512ef0: start FollowerState
2019-10-16 21:02:12,993 [4b287a15-77af-487b-aef7-34d1d0ee189f@group-83C26644CFDA-LeaderElection386] INFO  impl.LeaderElection (LeaderElection.java:logAndReturn(56)) - 4b287a15-77af-487b-aef7-34d1d0ee189f@group-83C26644CFDA-LeaderElection386: Election REJECTED; received 2 response(s) [4b287a15-77af-487b-aef7-34d1d0ee189f<-0aa3649f-570d-46c6-937f-492d7f3a8364#0:FAIL-t408, 4b287a15-77af-487b-aef7-34d1d0ee189f<-4a03179f-3169-4ac7-a075-259968512ef0#0:FAIL-t408] and 0 exception(s); 4b287a15-77af-487b-aef7-34d1d0ee189f@group-83C26644CFDA:t408, leader=null, voted=4b287a15-77af-487b-aef7-34d1d0ee189f, raftlog=4b287a15-77af-487b-aef7-34d1d0ee189f@group-83C26644CFDA-SegmentedRaftLog:OPENED:c-1,f-1,i0, conf=-1: [4b287a15-77af-487b-aef7-34d1d0ee189f:192.168.34.38:38597, 0aa3649f-570d-46c6-937f-492d7f3a8364:192.168.34.38:33209, 4a03179f-3169-4ac7-a075-259968512ef0:192.168.34.38:45833], old=null
2019-10-16 21:02:12,994 [4b287a15-77af-487b-aef7-34d1d0ee189f@group-83C26644CFDA-LeaderElection386] INFO  impl.RaftServerImpl (RaftServerImpl.java:setRole(184)) - 4b287a15-77af-487b-aef7-34d1d0ee189f@group-83C26644CFDA: changes role from CANDIDATE to FOLLOWER at term 408 for DISCOVERED_A_NEW_TERM
2019-10-16 21:02:12,994 [4b287a15-77af-487b-aef7-34d1d0ee189f@group-83C26644CFDA-LeaderElection386] INFO  impl.RoleInfo (RoleInfo.java:shutdownLeaderElection(134)) - 4b287a15-77af-487b-aef7-34d1d0ee189f: shutdown LeaderElection
2019-10-16 21:02:12,994 [4b287a15-77af-487b-aef7-34d1d0ee189f@group-83C26644CFDA-LeaderElection386] INFO  impl.RoleInfo (RoleInfo.java:updateAndGet(143)) - 4b287a15-77af-487b-aef7-34d1d0ee189f: start FollowerState
2019-10-16 21:02:13,058 [Thread-2728] INFO  impl.FollowerState (FollowerState.java:run(108)) - 4b287a15-77af-487b-aef7-34d1d0ee189f@group-83C26644CFDA-FollowerState: change to CANDIDATE, lastRpcTime:64ms, electionTimeout:64ms
2019-10-16 21:02:13,059 [Thread-2728] INFO  impl.RoleInfo (RoleInfo.java:shutdownFollowerState(121)) - 4b287a15-77af-487b-aef7-34d1d0ee189f: shutdown FollowerState
2019-10-16 21:02:13,059 [Thread-2728] INFO  impl.RaftServerImpl (RaftServerImpl.java:setRole(184)) - 4b287a15-77af-487b-aef7-34d1d0ee189f@group-83C26644CFDA: changes role from  FOLLOWER to CANDIDATE at term 408 for changeToCandidate
2019-10-16 21:02:13,059 [Thread-2728] INFO  impl.RoleInfo (RoleInfo.java:updateAndGet(143)) - 4b287a15-77af-487b-aef7-34d1d0ee189f: start LeaderElection
2019-10-16 21:02:13,072 [4b287a15-77af-487b-aef7-34d1d0ee189f@group-83C26644CFDA-LeaderElection387] INFO  impl.LeaderElection (LeaderElection.java:askForVotes(178)) - 4b287a15-77af-487b-aef7-34d1d0ee189f@group-83C26644CFDA-LeaderElection387: begin an election at term 409 for -1: [4b287a15-77af-487b-aef7-34d1d0ee189f:192.168.34.38:38597, 0aa3649f-570d-46c6-937f-492d7f3a8364:192.168.34.38:33209, 4a03179f-3169-4ac7-a075-259968512ef0:192.168.34.38:45833], old=null
2019-10-16 21:02:13,074 [grpc-default-executor-1] INFO  impl.RaftServerImpl (RaftServerImpl.java:setRole(184)) - 0aa3649f-570d-46c6-937f-492d7f3a8364@group-83C26644CFDA: changes role from  FOLLOWER to FOLLOWER at term 409 for recognizeCandidate:4b287a15-77af-487b-aef7-34d1d0ee189f
2019-10-16 21:02:13,075 [grpc-default-executor-1] INFO  impl.RoleInfo (RoleInfo.java:shutdownFollowerState(121)) - 0aa3649f-570d-46c6-937f-492d7f3a8364: shutdown FollowerState
2019-10-16 21:02:13,075 [grpc-default-executor-1] INFO  impl.RoleInfo (RoleInfo.java:updateAndGet(143)) - 0aa3649f-570d-46c6-937f-492d7f3a8364: start FollowerState
2019-10-16 21:02:13,075 [Thread-2726] INFO  impl.FollowerState (FollowerState.java:run(117)) - 0aa3649f-570d-46c6-937f-492d7f3a8364@group-83C26644CFDA-FollowerState was interrupted: java.lang.InterruptedException: sleep interrupted
2019-10-16 21:02:13,075 [grpc-default-executor-2] INFO  impl.RaftServerImpl (RaftServerImpl.java:setRole(184)) - 4a03179f-3169-4ac7-a075-259968512ef0@group-83C26644CFDA: changes role from  FOLLOWER to FOLLOWER at term 409 for recognizeCandidate:4b287a15-77af-487b-aef7-34d1d0ee189f
2019-10-16 21:02:13,076 [grpc-default-executor-2] INFO  impl.RoleInfo (RoleInfo.java:shutdownFollowerState(121)) - 4a03179f-3169-4ac7-a075-259968512ef0: shutdown FollowerState
2019-10-16 21:02:13,076 [grpc-default-executor-2] INFO  impl.RoleInfo (RoleInfo.java:updateAndGet(143)) - 4a03179f-3169-4ac7-a075-259968512ef0: start FollowerState
2019-10-16 21:02:13,076 [Thread-2727] INFO  impl.FollowerState (FollowerState.java:run(117)) - 4a03179f-3169-4ac7-a075-259968512ef0@group-83C26644CFDA-FollowerState was interrupted: java.lang.InterruptedException: sleep interrupted
2019-10-16 21:02:13,089 [4b287a15-77af-487b-aef7-34d1d0ee189f@group-83C26644CFDA-LeaderElection387] INFO  impl.LeaderElection (LeaderElection.java:logAndReturn(56)) - 4b287a15-77af-487b-aef7-34d1d0ee189f@group-83C26644CFDA-LeaderElection387: Election REJECTED; received 2 response(s) [4b287a15-77af-487b-aef7-34d1d0ee189f<-0aa3649f-570d-46c6-937f-492d7f3a8364#0:FAIL-t409, 4b287a15-77af-487b-aef7-34d1d0ee189f<-4a03179f-3169-4ac7-a075-259968512ef0#0:FAIL-t409] and 0 exception(s); 4b287a15-77af-487b-aef7-34d1d0ee189f@group-83C26644CFDA:t409, leader=null, voted=4b287a15-77af-487b-aef7-34d1d0ee189f, raftlog=4b287a15-77af-487b-aef7-34d1d0ee189f@group-83C26644CFDA-SegmentedRaftLog:OPENED:c-1,f-1,i0, conf=-1: [4b287a15-77af-487b-aef7-34d1d0ee189f:192.168.34.38:38597, 0aa3649f-570d-46c6-937f-492d7f3a8364:192.168.34.38:33209, 4a03179f-3169-4ac7-a075-259968512ef0:192.168.34.38:45833], old=null
2019-10-16 21:02:13,089 [4b287a15-77af-487b-aef7-34d1d0ee189f@group-83C26644CFDA-LeaderElection387] INFO  impl.RaftServerImpl (RaftServerImpl.java:setRole(184)) - 4b287a15-77af-487b-aef7-34d1d0ee189f@group-83C26644CFDA: changes role from CANDIDATE to FOLLOWER at term 409 for DISCOVERED_A_NEW_TERM
2019-10-16 21:02:13,089 [4b287a15-77af-487b-aef7-34d1d0ee189f@group-83C26644CFDA-LeaderElection387] INFO  impl.RoleInfo (RoleInfo.java:shutdownLeaderElection(134)) - 4b287a15-77af-487b-aef7-34d1d0ee189f: shutdown LeaderElection
2019-10-16 21:02:13,090 [4b287a15-77af-487b-aef7-34d1d0ee189f@group-83C26644CFDA-LeaderElection387] INFO  impl.RoleInfo (RoleInfo.java:updateAndGet(143)) - 4b287a15-77af-487b-aef7-34d1d0ee189f: start FollowerState
2019-10-16 21:02:13,266 [Thread-2734] INFO  impl.FollowerState (FollowerState.java:run(108)) - 4b287a15-77af-487b-aef7-34d1d0ee189f@group-83C26644CFDA-FollowerState: change to CANDIDATE, lastRpcTime:176ms, electionTimeout:176ms
2019-10-16 21:02:13,266 [Thread-2734] INFO  impl.RoleInfo (RoleInfo.java:shutdownFollowerState(121)) - 4b287a15-77af-487b-aef7-34d1d0ee189f: shutdown FollowerState
2019-10-16 21:02:13,266 [Thread-2734] INFO  impl.RaftServerImpl (RaftServerImpl.java:setRole(184)) - 4b287a15-77af-487b-aef7-34d1d0ee189f@group-83C26644CFDA: changes role from  FOLLOWER to CANDIDATE at term 409 for changeToCandidate
2019-10-16 21:02:13,266 [Thread-2734] INFO  impl.RoleInfo (RoleInfo.java:updateAndGet(143)) - 4b287a15-77af-487b-aef7-34d1d0ee189f: start LeaderElection
2019-10-16 21:02:13,288 [4b287a15-77af-487b-aef7-34d1d0ee189f@group-83C26644CFDA-LeaderElection388] INFO  impl.LeaderElection (LeaderElection.java:askForVotes(178)) - 4b287a15-77af-487b-aef7-34d1d0ee189f@group-83C26644CFDA-LeaderElection388: begin an election at term 410 for -1: [4b287a15-77af-487b-aef7-34d1d0ee189f:192.168.34.38:38597, 0aa3649f-570d-46c6-937f-492d7f3a8364:192.168.34.38:33209, 4a03179f-3169-4ac7-a075-259968512ef0:192.168.34.38:45833], old=null
2019-10-16 21:02:13,290 [grpc-default-executor-2] INFO  impl.RaftServerImpl (RaftServerImpl.java:setRole(184)) - 4a03179f-3169-4ac7-a075-259968512ef0@group-83C26644CFDA: changes role from  FOLLOWER to FOLLOWER at term 410 for recognizeCandidate:4b287a15-77af-487b-aef7-34d1d0ee189f
2019-10-16 21:02:13,290 [grpc-default-executor-2] INFO  impl.RoleInfo (RoleInfo.java:shutdownFollowerState(121)) - 4a03179f-3169-4ac7-a075-259968512ef0: shutdown FollowerState
2019-10-16 21:02:13,290 [grpc-default-executor-1] INFO  impl.RaftServerImpl (RaftServerImpl.java:setRole(184)) - 0aa3649f-570d-46c6-937f-492d7f3a8364@group-83C26644CFDA: changes role from  FOLLOWER to FOLLOWER at term 410 for recognizeCandidate:4b287a15-77af-487b-aef7-34d1d0ee189f
2019-10-16 21:02:13,291 [grpc-default-executor-1] INFO  impl.RoleInfo (RoleInfo.java:shutdownFollowerState(121)) - 0aa3649f-570d-46c6-937f-492d7f3a8364: shutdown FollowerState
2019-10-16 21:02:13,290 [Thread-2733] INFO  impl.FollowerState (FollowerState.java:run(117)) - 4a03179f-3169-4ac7-a075-259968512ef0@group-83C26644CFDA-FollowerState was interrupted: java.lang.InterruptedException: sleep interrupted
2019-10-16 21:02:13,290 [grpc-default-executor-2] INFO  impl.RoleInfo (RoleInfo.java:updateAndGet(143)) - 4a03179f-3169-4ac7-a075-259968512ef0: start FollowerState
2019-10-16 21:02:13,291 [Thread-2732] INFO  impl.FollowerState (FollowerState.java:run(117)) - 0aa3649f-570d-46c6-937f-492d7f3a8364@group-83C26644CFDA-FollowerState was interrupted: java.lang.InterruptedException: sleep interrupted
2019-10-16 21:02:13,291 [grpc-default-executor-1] INFO  impl.RoleInfo (RoleInfo.java:updateAndGet(143)) - 0aa3649f-570d-46c6-937f-492d7f3a8364: start FollowerState
2019-10-16 21:02:13,299 [4b287a15-77af-487b-aef7-34d1d0ee189f@group-83C26644CFDA-LeaderElection388] INFO  impl.LeaderElection (LeaderElection.java:logAndReturn(56)) - 4b287a15-77af-487b-aef7-34d1d0ee189f@group-83C26644CFDA-LeaderElection388: Election TIMEOUT; received 0 response(s) [] and 0 exception(s); 4b287a15-77af-487b-aef7-34d1d0ee189f@group-83C26644CFDA:t410, leader=null, voted=4b287a15-77af-487b-aef7-34d1d0ee189f, raftlog=4b287a15-77af-487b-aef7-34d1d0ee189f@group-83C26644CFDA-SegmentedRaftLog:OPENED:c-1,f-1,i0, conf=-1: [4b287a15-77af-487b-aef7-34d1d0ee189f:192.168.34.38:38597, 0aa3649f-570d-46c6-937f-492d7f3a8364:192.168.34.38:33209, 4a03179f-3169-4ac7-a075-259968512ef0:192.168.34.38:45833], old=null
2019-10-16 21:02:13,305 [4b287a15-77af-487b-aef7-34d1d0ee189f@group-83C26644CFDA-LeaderElection388] INFO  impl.LeaderElection (LeaderElection.java:askForVotes(178)) - 4b287a15-77af-487b-aef7-34d1d0ee189f@group-83C26644CFDA-LeaderElection388: begin an election at term 411 for -1: [4b287a15-77af-487b-aef7-34d1d0ee189f:192.168.34.38:38597, 0aa3649f-570d-46c6-937f-492d7f3a8364:192.168.34.38:33209, 4a03179f-3169-4ac7-a075-259968512ef0:192.168.34.38:45833], old=null
2019-10-16 21:02:13,306 [grpc-default-executor-2] INFO  impl.RaftServerImpl (RaftServerImpl.java:setRole(184)) - 0aa3649f-570d-46c6-937f-492d7f3a8364@group-83C26644CFDA: changes role from  FOLLOWER to FOLLOWER at term 411 for recognizeCandidate:4b287a15-77af-487b-aef7-34d1d0ee189f
2019-10-16 21:02:13,307 [grpc-default-executor-2] INFO  impl.RoleInfo (RoleInfo.java:shutdownFollowerState(121)) - 0aa3649f-570d-46c6-937f-492d7f3a8364: shutdown FollowerState
2019-10-16 21:02:13,307 [grpc-default-executor-2] INFO  impl.RoleInfo (RoleInfo.java:updateAndGet(143)) - 0aa3649f-570d-46c6-937f-492d7f3a8364: start FollowerState
2019-10-16 21:02:13,307 [grpc-default-executor-1] INFO  impl.RaftServerImpl (RaftServerImpl.java:setRole(184)) - 4a03179f-3169-4ac7-a075-259968512ef0@group-83C26644CFDA: changes role from  FOLLOWER to FOLLOWER at term 411 for recognizeCandidate:4b287a15-77af-487b-aef7-34d1d0ee189f
2019-10-16 21:02:13,307 [Thread-2739] INFO  impl.FollowerState (FollowerState.java:run(117)) - 0aa3649f-570d-46c6-937f-492d7f3a8364@group-83C26644CFDA-FollowerState was interrupted: java.lang.InterruptedException: sleep interrupted
2019-10-16 21:02:13,307 [grpc-default-executor-1] INFO  impl.RoleInfo (RoleInfo.java:shutdownFollowerState(121)) - 4a03179f-3169-4ac7-a075-259968512ef0: shutdown FollowerState
2019-10-16 21:02:13,307 [grpc-default-executor-1] INFO  impl.RoleInfo (RoleInfo.java:updateAndGet(143)) - 4a03179f-3169-4ac7-a075-259968512ef0: start FollowerState
2019-10-16 21:02:13,307 [Thread-2738] INFO  impl.FollowerState (FollowerState.java:run(117)) - 4a03179f-3169-4ac7-a075-259968512ef0@group-83C26644CFDA-FollowerState was interrupted: java.lang.InterruptedException: sleep interrupted
2019-10-16 21:02:13,320 [4b287a15-77af-487b-aef7-34d1d0ee189f@group-83C26644CFDA-LeaderElection388] INFO  impl.LeaderElection (LeaderElection.java:logAndReturn(56)) - 4b287a15-77af-487b-aef7-34d1d0ee189f@group-83C26644CFDA-LeaderElection388: Election REJECTED; received 2 response(s) [4b287a15-77af-487b-aef7-34d1d0ee189f<-0aa3649f-570d-46c6-937f-492d7f3a8364#0:FAIL-t411, 4b287a15-77af-487b-aef7-34d1d0ee189f<-4a03179f-3169-4ac7-a075-259968512ef0#0:FAIL-t411] and 0 exception(s); 4b287a15-77af-487b-aef7-34d1d0ee189f@group-83C26644CFDA:t411, leader=null, voted=4b287a15-77af-487b-aef7-34d1d0ee189f, raftlog=4b287a15-77af-487b-aef7-34d1d0ee189f@group-83C26644CFDA-SegmentedRaftLog:OPENED:c-1,f-1,i0, conf=-1: [4b287a15-77af-487b-aef7-34d1d0ee189f:192.168.34.38:38597, 0aa3649f-570d-46c6-937f-492d7f3a8364:192.168.34.38:33209, 4a03179f-3169-4ac7-a075-259968512ef0:192.168.34.38:45833], old=null
2019-10-16 21:02:13,321 [4b287a15-77af-487b-aef7-34d1d0ee189f@group-83C26644CFDA-LeaderElection388] INFO  impl.RaftServerImpl (RaftServerImpl.java:setRole(184)) - 4b287a15-77af-487b-aef7-34d1d0ee189f@group-83C26644CFDA: changes role from CANDIDATE to FOLLOWER at term 411 for DISCOVERED_A_NEW_TERM
2019-10-16 21:02:13,321 [4b287a15-77af-487b-aef7-34d1d0ee189f@group-83C26644CFDA-LeaderElection388] INFO  impl.RoleInfo (RoleInfo.java:shutdownLeaderElection(134)) - 4b287a15-77af-487b-aef7-34d1d0ee189f: shutdown LeaderElection
2019-10-16 21:02:13,321 [4b287a15-77af-487b-aef7-34d1d0ee189f@group-83C26644CFDA-LeaderElection388] INFO  impl.RoleInfo (RoleInfo.java:updateAndGet(143)) - 4b287a15-77af-487b-aef7-34d1d0ee189f: start FollowerState
2019-10-16 21:02:13,492 [Thread-2744] INFO  impl.FollowerState (FollowerState.java:run(108)) - 4b287a15-77af-487b-aef7-34d1d0ee189f@group-83C26644CFDA-FollowerState: change to CANDIDATE, lastRpcTime:171ms, electionTimeout:171ms
2019-10-16 21:02:13,493 [Thread-2744] INFO  impl.RoleInfo (RoleInfo.java:shutdownFollowerState(121)) - 4b287a15-77af-487b-aef7-34d1d0ee189f: shutdown FollowerState
2019-10-16 21:02:13,493 [Thread-2744] INFO  impl.RaftServerImpl (RaftServerImpl.java:setRole(184)) - 4b287a15-77af-487b-aef7-34d1d0ee189f@group-83C26644CFDA: changes role from  FOLLOWER to CANDIDATE at term 411 for changeToCandidate
2019-10-16 21:02:13,493 [Thread-2744] INFO  impl.RoleInfo (RoleInfo.java:updateAndGet(143)) - 4b287a15-77af-487b-aef7-34d1d0ee189f: start LeaderElection
2019-10-16 21:02:13,506 [4b287a15-77af-487b-aef7-34d1d0ee189f@group-83C26644CFDA-LeaderElection389] INFO  impl.LeaderElection (LeaderElection.java:askForVotes(178)) - 4b287a15-77af-487b-aef7-34d1d0ee189f@group-83C26644CFDA-LeaderElection389: begin an election at term 412 for -1: [4b287a15-77af-487b-aef7-34d1d0ee189f:192.168.34.38:38597, 0aa3649f-570d-46c6-937f-492d7f3a8364:192.168.34.38:33209, 4a03179f-3169-4ac7-a075-259968512ef0:192.168.34.38:45833], old=null
2019-10-16 21:02:13,508 [grpc-default-executor-1] INFO  impl.RaftServerImpl (RaftServerImpl.java:setRole(184)) - 0aa3649f-570d-46c6-937f-492d7f3a8364@group-83C26644CFDA: changes role from  FOLLOWER to FOLLOWER at term 412 for recognizeCandidate:4b287a15-77af-487b-aef7-34d1d0ee189f
2019-10-16 21:02:13,508 [grpc-default-executor-1] INFO  impl.RoleInfo (RoleInfo.java:shutdownFollowerState(121)) - 0aa3649f-570d-46c6-937f-492d7f3a8364: shutdown FollowerState
2019-10-16 21:02:13,509 [grpc-default-executor-1] INFO  impl.RoleInfo (RoleInfo.java:updateAndGet(143)) - 0aa3649f-570d-46c6-937f-492d7f3a8364: start FollowerState
2019-10-16 21:02:13,509 [Thread-2742] INFO  impl.FollowerState (FollowerState.java:run(117)) - 0aa3649f-570d-46c6-937f-492d7f3a8364@group-83C26644CFDA-FollowerState was interrupted: java.lang.InterruptedException: sleep interrupted
2019-10-16 21:02:13,509 [grpc-default-executor-2] INFO  impl.RaftServerImpl (RaftServerImpl.java:setRole(184)) - 4a03179f-3169-4ac7-a075-259968512ef0@group-83C26644CFDA: changes role from  FOLLOWER to FOLLOWER at term 412 for recognizeCandidate:4b287a15-77af-487b-aef7-34d1d0ee189f
2019-10-16 21:02:13,509 [grpc-default-executor-2] INFO  impl.RoleInfo (RoleInfo.java:shutdownFollowerState(121)) - 4a03179f-3169-4ac7-a075-259968512ef0: shutdown FollowerState
2019-10-16 21:02:13,509 [grpc-default-executor-2] INFO  impl.RoleInfo (RoleInfo.java:updateAndGet(143)) - 4a03179f-3169-4ac7-a075-259968512ef0: start FollowerState
2019-10-16 21:02:13,509 [Thread-2743] INFO  impl.FollowerState (FollowerState.java:run(117)) - 4a03179f-3169-4ac7-a075-259968512ef0@group-83C26644CFDA-FollowerState was interrupted: java.lang.InterruptedException: sleep interrupted
2019-10-16 21:02:13,523 [4b287a15-77af-487b-aef7-34d1d0ee189f@group-83C26644CFDA-LeaderElection389] INFO  impl.LeaderElection (LeaderElection.java:logAndReturn(56)) - 4b287a15-77af-487b-aef7-34d1d0ee189f@group-83C26644CFDA-LeaderElection389: Election REJECTED; received 2 response(s) [4b287a15-77af-487b-aef7-34d1d0ee189f<-0aa3649f-570d-46c6-937f-492d7f3a8364#0:FAIL-t412, 4b287a15-77af-487b-aef7-34d1d0ee189f<-4a03179f-3169-4ac7-a075-259968512ef0#0:FAIL-t412] and 0 exception(s); 4b287a15-77af-487b-aef7-34d1d0ee189f@group-83C26644CFDA:t412, leader=null, voted=4b287a15-77af-487b-aef7-34d1d0ee189f, raftlog=4b287a15-77af-487b-aef7-34d1d0ee189f@group-83C26644CFDA-SegmentedRaftLog:OPENED:c-1,f-1,i0, conf=-1: [4b287a15-77af-487b-aef7-34d1d0ee189f:192.168.34.38:38597, 0aa3649f-570d-46c6-937f-492d7f3a8364:192.168.34.38:33209, 4a03179f-3169-4ac7-a075-259968512ef0:192.168.34.38:45833], old=null
2019-10-16 21:02:13,523 [4b287a15-77af-487b-aef7-34d1d0ee189f@group-83C26644CFDA-LeaderElection389] INFO  impl.RaftServerImpl (RaftServerImpl.java:setRole(184)) - 4b287a15-77af-487b-aef7-34d1d0ee189f@group-83C26644CFDA: changes role from CANDIDATE to FOLLOWER at term 412 for DISCOVERED_A_NEW_TERM
2019-10-16 21:02:13,523 [4b287a15-77af-487b-aef7-34d1d0ee189f@group-83C26644CFDA-LeaderElection389] INFO  impl.RoleInfo (RoleInfo.java:shutdownLeaderElection(134)) - 4b287a15-77af-487b-aef7-34d1d0ee189f: shutdown LeaderElection
2019-10-16 21:02:13,523 [4b287a15-77af-487b-aef7-34d1d0ee189f@group-83C26644CFDA-LeaderElection389] INFO  impl.RoleInfo (RoleInfo.java:updateAndGet(143)) - 4b287a15-77af-487b-aef7-34d1d0ee189f: start FollowerState
2019-10-16 21:02:13,680 [Thread-2750] INFO  impl.FollowerState (FollowerState.java:run(108)) - 4b287a15-77af-487b-aef7-34d1d0ee189f@group-83C26644CFDA-FollowerState: change to CANDIDATE, lastRpcTime:156ms, electionTimeout:156ms
2019-10-16 21:02:13,680 [Thread-2750] INFO  impl.RoleInfo (RoleInfo.java:shutdownFollowerState(121)) - 4b287a15-77af-487b-aef7-34d1d0ee189f: shutdown FollowerState
2019-10-16 21:02:13,680 [Thread-2750] INFO  impl.RaftServerImpl (RaftServerImpl.java:setRole(184)) - 4b287a15-77af-487b-aef7-34d1d0ee189f@group-83C26644CFDA: changes role from  FOLLOWER to CANDIDATE at term 412 for changeToCandidate
2019-10-16 21:02:13,680 [Thread-2750] INFO  impl.RoleInfo (RoleInfo.java:updateAndGet(143)) - 4b287a15-77af-487b-aef7-34d1d0ee189f: start LeaderElection
2019-10-16 21:02:13,692 [4b287a15-77af-487b-aef7-34d1d0ee189f@group-83C26644CFDA-LeaderElection390] INFO  impl.LeaderElection (LeaderElection.java:askForVotes(178)) - 4b287a15-77af-487b-aef7-34d1d0ee189f@group-83C26644CFDA-LeaderElection390: begin an election at term 413 for -1: [4b287a15-77af-487b-aef7-34d1d0ee189f:192.168.34.38:38597, 0aa3649f-570d-46c6-937f-492d7f3a8364:192.168.34.38:33209, 4a03179f-3169-4ac7-a075-259968512ef0:192.168.34.38:45833], old=null
2019-10-16 21:02:13,694 [grpc-default-executor-1] INFO  impl.RaftServerImpl (RaftServerImpl.java:setRole(184)) - 4a03179f-3169-4ac7-a075-259968512ef0@group-83C26644CFDA: changes role from  FOLLOWER to FOLLOWER at term 413 for recognizeCandidate:4b287a15-77af-487b-aef7-34d1d0ee189f
2019-10-16 21:02:13,694 [grpc-default-executor-2] INFO  impl.RaftServerImpl (RaftServerImpl.java:setRole(184)) - 0aa3649f-570d-46c6-937f-492d7f3a8364@group-83C26644CFDA: changes role from  FOLLOWER to FOLLOWER at term 413 for recognizeCandidate:4b287a15-77af-487b-aef7-34d1d0ee189f
2019-10-16 21:02:13,694 [grpc-default-executor-2] INFO  impl.RoleInfo (RoleInfo.java:shutdownFollowerState(121)) - 0aa3649f-570d-46c6-937f-492d7f3a8364: shutdown FollowerState
2019-10-16 21:02:13,694 [grpc-default-executor-1] INFO  impl.RoleInfo (RoleInfo.java:shutdownFollowerState(121)) - 4a03179f-3169-4ac7-a075-259968512ef0: shutdown FollowerState
2019-10-16 21:02:13,695 [Thread-2748] INFO  impl.FollowerState (FollowerState.java:run(117)) - 0aa3649f-570d-46c6-937f-492d7f3a8364@group-83C26644CFDA-FollowerState was interrupted: java.lang.InterruptedException: sleep interrupted
2019-10-16 21:02:13,695 [grpc-default-executor-2] INFO  impl.RoleInfo (RoleInfo.java:updateAndGet(143)) - 0aa3649f-570d-46c6-937f-492d7f3a8364: start FollowerState
2019-10-16 21:02:13,695 [Thread-2749] INFO  impl.FollowerState (FollowerState.java:run(117)) - 4a03179f-3169-4ac7-a075-259968512ef0@group-83C26644CFDA-FollowerState was interrupted: java.lang.InterruptedException: sleep interrupted
2019-10-16 21:02:13,695 [grpc-default-executor-1] INFO  impl.RoleInfo (RoleInfo.java:updateAndGet(143)) - 4a03179f-3169-4ac7-a075-259968512ef0: start FollowerState
2019-10-16 21:02:13,711 [4b287a15-77af-487b-aef7-34d1d0ee189f@group-83C26644CFDA-LeaderElection390] INFO  impl.LeaderElection (LeaderElection.java:logAndReturn(56)) - 4b287a15-77af-487b-aef7-34d1d0ee189f@group-83C26644CFDA-LeaderElection390: Election REJECTED; received 2 response(s) [4b287a15-77af-487b-aef7-34d1d0ee189f<-0aa3649f-570d-46c6-937f-492d7f3a8364#0:FAIL-t413, 4b287a15-77af-487b-aef7-34d1d0ee189f<-4a03179f-3169-4ac7-a075-259968512ef0#0:FAIL-t413] and 0 exception(s); 4b287a15-77af-487b-aef7-34d1d0ee189f@group-83C26644CFDA:t413, leader=null, voted=4b287a15-77af-487b-aef7-34d1d0ee189f, raftlog=4b287a15-77af-487b-aef7-34d1d0ee189f@group-83C26644CFDA-SegmentedRaftLog:OPENED:c-1,f-1,i0, conf=-1: [4b287a15-77af-487b-aef7-34d1d0ee189f:192.168.34.38:38597, 0aa3649f-570d-46c6-937f-492d7f3a8364:192.168.34.38:33209, 4a03179f-3169-4ac7-a075-259968512ef0:192.168.34.38:45833], old=null
2019-10-16 21:02:13,711 [4b287a15-77af-487b-aef7-34d1d0ee189f@group-83C26644CFDA-LeaderElection390] INFO  impl.RaftServerImpl (RaftServerImpl.java:setRole(184)) - 4b287a15-77af-487b-aef7-34d1d0ee189f@group-83C26644CFDA: changes role from CANDIDATE to FOLLOWER at term 413 for DISCOVERED_A_NEW_TERM
2019-10-16 21:02:13,711 [4b287a15-77af-487b-aef7-34d1d0ee189f@group-83C26644CFDA-LeaderElection390] INFO  impl.RoleInfo (RoleInfo.java:shutdownLeaderElection(134)) - 4b287a15-77af-487b-aef7-34d1d0ee189f: shutdown LeaderElection
2019-10-16 21:02:13,711 [4b287a15-77af-487b-aef7-34d1d0ee189f@group-83C26644CFDA-LeaderElection390] INFO  impl.RoleInfo (RoleInfo.java:updateAndGet(143)) - 4b287a15-77af-487b-aef7-34d1d0ee189f: start FollowerState
2019-10-16 21:02:13,766 [Thread-2756] INFO  impl.FollowerState (FollowerState.java:run(108)) - 4b287a15-77af-487b-aef7-34d1d0ee189f@group-83C26644CFDA-FollowerState: change to CANDIDATE, lastRpcTime:54ms, electionTimeout:54ms
2019-10-16 21:02:13,766 [Thread-2756] INFO  impl.RoleInfo (RoleInfo.java:shutdownFollowerState(121)) - 4b287a15-77af-487b-aef7-34d1d0ee189f: shutdown FollowerState
2019-10-16 21:02:13,766 [Thread-2756] INFO  impl.RaftServerImpl (RaftServerImpl.java:setRole(184)) - 4b287a15-77af-487b-aef7-34d1d0ee189f@group-83C26644CFDA: changes role from  FOLLOWER to CANDIDATE at term 413 for changeToCandidate
2019-10-16 21:02:13,766 [Thread-2756] INFO  impl.RoleInfo (RoleInfo.java:updateAndGet(143)) - 4b287a15-77af-487b-aef7-34d1d0ee189f: start LeaderElection
2019-10-16 21:02:13,775 [4b287a15-77af-487b-aef7-34d1d0ee189f@group-83C26644CFDA-LeaderElection391] INFO  impl.LeaderElection (LeaderElection.java:askForVotes(178)) - 4b287a15-77af-487b-aef7-34d1d0ee189f@group-83C26644CFDA-LeaderElection391: begin an election at term 414 for -1: [4b287a15-77af-487b-aef7-34d1d0ee189f:192.168.34.38:38597, 0aa3649f-570d-46c6-937f-492d7f3a8364:192.168.34.38:33209, 4a03179f-3169-4ac7-a075-259968512ef0:192.168.34.38:45833], old=null
2019-10-16 21:02:13,777 [grpc-default-executor-2] INFO  impl.RaftServerImpl (RaftServerImpl.java:setRole(184)) - 0aa3649f-570d-46c6-937f-492d7f3a8364@group-83C26644CFDA: changes role from  FOLLOWER to FOLLOWER at term 414 for recognizeCandidate:4b287a15-77af-487b-aef7-34d1d0ee189f
2019-10-16 21:02:13,777 [grpc-default-executor-2] INFO  impl.RoleInfo (RoleInfo.java:shutdownFollowerState(121)) - 0aa3649f-570d-46c6-937f-492d7f3a8364: shutdown FollowerState
2019-10-16 21:02:13,777 [grpc-default-executor-1] INFO  impl.RaftServerImpl (RaftServerImpl.java:setRole(184)) - 4a03179f-3169-4ac7-a075-259968512ef0@group-83C26644CFDA: changes role from  FOLLOWER to FOLLOWER at term 414 for recognizeCandidate:4b287a15-77af-487b-aef7-34d1d0ee189f
2019-10-16 21:02:13,778 [grpc-default-executor-1] INFO  impl.RoleInfo (RoleInfo.java:shutdownFollowerState(121)) - 4a03179f-3169-4ac7-a075-259968512ef0: shutdown FollowerState
2019-10-16 21:02:13,777 [grpc-default-executor-2] INFO  impl.RoleInfo (RoleInfo.java:updateAndGet(143)) - 0aa3649f-570d-46c6-937f-492d7f3a8364: start FollowerState
2019-10-16 21:02:13,777 [Thread-2754] INFO  impl.FollowerState (FollowerState.java:run(117)) - 0aa3649f-570d-46c6-937f-492d7f3a8364@group-83C26644CFDA-FollowerState was interrupted: java.lang.InterruptedException: sleep interrupted
2019-10-16 21:02:13,778 [Thread-2755] INFO  impl.FollowerState (FollowerState.java:run(117)) - 4a03179f-3169-4ac7-a075-259968512ef0@group-83C26644CFDA-FollowerState was interrupted: java.lang.InterruptedException: sleep interrupted
2019-10-16 21:02:13,778 [grpc-default-executor-1] INFO  impl.RoleInfo (RoleInfo.java:updateAndGet(143)) - 4a03179f-3169-4ac7-a075-259968512ef0: start FollowerState
2019-10-16 21:02:13,789 [4b287a15-77af-487b-aef7-34d1d0ee189f@group-83C26644CFDA-LeaderElection391] INFO  impl.LeaderElection (LeaderElection.java:logAndReturn(56)) - 4b287a15-77af-487b-aef7-34d1d0ee189f@group-83C26644CFDA-LeaderElection391: Election TIMEOUT; received 0 response(s) [] and 0 exception(s); 4b287a15-77af-487b-aef7-34d1d0ee189f@group-83C26644CFDA:t414, leader=null, voted=4b287a15-77af-487b-aef7-34d1d0ee189f, raftlog=4b287a15-77af-487b-aef7-34d1d0ee189f@group-83C26644CFDA-SegmentedRaftLog:OPENED:c-1,f-1,i0, conf=-1: [4b287a15-77af-487b-aef7-34d1d0ee189f:192.168.34.38:38597, 0aa3649f-570d-46c6-937f-492d7f3a8364:192.168.34.38:33209, 4a03179f-3169-4ac7-a075-259968512ef0:192.168.34.38:45833], old=null
2019-10-16 21:02:13,793 [4b287a15-77af-487b-aef7-34d1d0ee189f@group-83C26644CFDA-LeaderElection391] INFO  impl.LeaderElection (LeaderElection.java:askForVotes(178)) - 4b287a15-77af-487b-aef7-34d1d0ee189f@group-83C26644CFDA-LeaderElection391: begin an election at term 415 for -1: [4b287a15-77af-487b-aef7-34d1d0ee189f:192.168.34.38:38597, 0aa3649f-570d-46c6-937f-492d7f3a8364:192.168.34.38:33209, 4a03179f-3169-4ac7-a075-259968512ef0:192.168.34.38:45833], old=null
2019-10-16 21:02:13,795 [grpc-default-executor-2] INFO  impl.RaftServerImpl (RaftServerImpl.java:setRole(184)) - 0aa3649f-570d-46c6-937f-492d7f3a8364@group-83C26644CFDA: changes role from  FOLLOWER to FOLLOWER at term 415 for recognizeCandidate:4b287a15-77af-487b-aef7-34d1d0ee189f
2019-10-16 21:02:13,795 [grpc-default-executor-2] INFO  impl.RoleInfo (RoleInfo.java:shutdownFollowerState(121)) - 0aa3649f-570d-46c6-937f-492d7f3a8364: shutdown FollowerState
2019-10-16 21:02:13,795 [grpc-default-executor-1] INFO  impl.RaftServerImpl (RaftServerImpl.java:setRole(184)) - 4a03179f-3169-4ac7-a075-259968512ef0@group-83C26644CFDA: changes role from  FOLLOWER to FOLLOWER at term 415 for recognizeCandidate:4b287a15-77af-487b-aef7-34d1d0ee189f
2019-10-16 21:02:13,795 [Thread-2760] INFO  impl.FollowerState (FollowerState.java:run(117)) - 0aa3649f-570d-46c6-937f-492d7f3a8364@group-83C26644CFDA-FollowerState was interrupted: java.lang.InterruptedException: sleep interrupted
2019-10-16 21:02:13,795 [grpc-default-executor-2] INFO  impl.RoleInfo (RoleInfo.java:updateAndGet(143)) - 0aa3649f-570d-46c6-937f-492d7f3a8364: start FollowerState
2019-10-16 21:02:13,795 [grpc-default-executor-1] INFO  impl.RoleInfo (RoleInfo.java:shutdownFollowerState(121)) - 4a03179f-3169-4ac7-a075-259968512ef0: shutdown FollowerState
2019-10-16 21:02:13,795 [grpc-default-executor-1] INFO  impl.RoleInfo (RoleInfo.java:updateAndGet(143)) - 4a03179f-3169-4ac7-a075-259968512ef0: start FollowerState
2019-10-16 21:02:13,795 [Thread-2761] INFO  impl.FollowerState (FollowerState.java:run(117)) - 4a03179f-3169-4ac7-a075-259968512ef0@group-83C26644CFDA-FollowerState was interrupted: java.lang.InterruptedException: sleep interrupted
2019-10-16 21:02:13,809 [4b287a15-77af-487b-aef7-34d1d0ee189f@group-83C26644CFDA-LeaderElection391] INFO  impl.LeaderElection (LeaderElection.java:logAndReturn(56)) - 4b287a15-77af-487b-aef7-34d1d0ee189f@group-83C26644CFDA-LeaderElection391: Election REJECTED; received 2 response(s) [4b287a15-77af-487b-aef7-34d1d0ee189f<-0aa3649f-570d-46c6-937f-492d7f3a8364#0:FAIL-t415, 4b287a15-77af-487b-aef7-34d1d0ee189f<-4a03179f-3169-4ac7-a075-259968512ef0#0:FAIL-t415] and 0 exception(s); 4b287a15-77af-487b-aef7-34d1d0ee189f@group-83C26644CFDA:t415, leader=null, voted=4b287a15-77af-487b-aef7-34d1d0ee189f, raftlog=4b287a15-77af-487b-aef7-34d1d0ee189f@group-83C26644CFDA-SegmentedRaftLog:OPENED:c-1,f-1,i0, conf=-1: [4b287a15-77af-487b-aef7-34d1d0ee189f:192.168.34.38:38597, 0aa3649f-570d-46c6-937f-492d7f3a8364:192.168.34.38:33209, 4a03179f-3169-4ac7-a075-259968512ef0:192.168.34.38:45833], old=null
2019-10-16 21:02:13,810 [4b287a15-77af-487b-aef7-34d1d0ee189f@group-83C26644CFDA-LeaderElection391] INFO  impl.RaftServerImpl (RaftServerImpl.java:setRole(184)) - 4b287a15-77af-487b-aef7-34d1d0ee189f@group-83C26644CFDA: changes role from CANDIDATE to FOLLOWER at term 415 for DISCOVERED_A_NEW_TERM
2019-10-16 21:02:13,810 [4b287a15-77af-487b-aef7-34d1d0ee189f@group-83C26644CFDA-LeaderElection391] INFO  impl.RoleInfo (RoleInfo.java:shutdownLeaderElection(134)) - 4b287a15-77af-487b-aef7-34d1d0ee189f: shutdown LeaderElection
2019-10-16 21:02:13,810 [4b287a15-77af-487b-aef7-34d1d0ee189f@group-83C26644CFDA-LeaderElection391] INFO  impl.RoleInfo (RoleInfo.java:updateAndGet(143)) - 4b287a15-77af-487b-aef7-34d1d0ee189f: start FollowerState
2019-10-16 21:02:13,997 [Thread-2766] INFO  impl.FollowerState (FollowerState.java:run(108)) - 4b287a15-77af-487b-aef7-34d1d0ee189f@group-83C26644CFDA-FollowerState: change to CANDIDATE, lastRpcTime:187ms, electionTimeout:187ms
2019-10-16 21:02:13,997 [Thread-2766] INFO  impl.RoleInfo (RoleInfo.java:shutdownFollowerState(121)) - 4b287a15-77af-487b-aef7-34d1d0ee189f: shutdown FollowerState
2019-10-16 21:02:13,997 [Thread-2766] INFO  impl.RaftServerImpl (RaftServerImpl.java:setRole(184)) - 4b287a15-77af-487b-aef7-34d1d0ee189f@group-83C26644CFDA: changes role from  FOLLOWER to CANDIDATE at term 415 for changeToCandidate
2019-10-16 21:02:13,998 [Thread-2766] INFO  impl.RoleInfo (RoleInfo.java:updateAndGet(143)) - 4b287a15-77af-487b-aef7-34d1d0ee189f: start LeaderElection
2019-10-16 21:02:14,011 [4b287a15-77af-487b-aef7-34d1d0ee189f@group-83C26644CFDA-LeaderElection392] INFO  impl.LeaderElection (LeaderElection.java:askForVotes(178)) - 4b287a15-77af-487b-aef7-34d1d0ee189f@group-83C26644CFDA-LeaderElection392: begin an election at term 416 for -1: [4b287a15-77af-487b-aef7-34d1d0ee189f:192.168.34.38:38597, 0aa3649f-570d-46c6-937f-492d7f3a8364:192.168.34.38:33209, 4a03179f-3169-4ac7-a075-259968512ef0:192.168.34.38:45833], old=null
2019-10-16 21:02:14,013 [grpc-default-executor-1] INFO  impl.RaftServerImpl (RaftServerImpl.java:setRole(184)) - 0aa3649f-570d-46c6-937f-492d7f3a8364@group-83C26644CFDA: changes role from  FOLLOWER to FOLLOWER at term 416 for recognizeCandidate:4b287a15-77af-487b-aef7-34d1d0ee189f
2019-10-16 21:02:14,013 [grpc-default-executor-1] INFO  impl.RoleInfo (RoleInfo.java:shutdownFollowerState(121)) - 0aa3649f-570d-46c6-937f-492d7f3a8364: shutdown FollowerState
2019-10-16 21:02:14,013 [grpc-default-executor-2] INFO  impl.RaftServerImpl (RaftServerImpl.java:setRole(184)) - 4a03179f-3169-4ac7-a075-259968512ef0@group-83C26644CFDA: changes role from  FOLLOWER to FOLLOWER at term 416 for recognizeCandidate:4b287a15-77af-487b-aef7-34d1d0ee189f
2019-10-16 21:02:14,013 [grpc-default-executor-2] INFO  impl.RoleInfo (RoleInfo.java:shutdownFollowerState(121)) - 4a03179f-3169-4ac7-a075-259968512ef0: shutdown FollowerState
2019-10-16 21:02:14,013 [Thread-2764] INFO  impl.FollowerState (FollowerState.java:run(117)) - 0aa3649f-570d-46c6-937f-492d7f3a8364@group-83C26644CFDA-FollowerState was interrupted: java.lang.InterruptedException: sleep interrupted
2019-10-16 21:02:14,013 [Thread-2765] INFO  impl.FollowerState (FollowerState.java:run(117)) - 4a03179f-3169-4ac7-a075-259968512ef0@group-83C26644CFDA-FollowerState was interrupted: java.lang.InterruptedException: sleep interrupted
2019-10-16 21:02:14,013 [grpc-default-executor-1] INFO  impl.RoleInfo (RoleInfo.java:updateAndGet(143)) - 0aa3649f-570d-46c6-937f-492d7f3a8364: start FollowerState
2019-10-16 21:02:14,013 [grpc-default-executor-2] INFO  impl.RoleInfo (RoleInfo.java:updateAndGet(143)) - 4a03179f-3169-4ac7-a075-259968512ef0: start FollowerState
2019-10-16 21:02:14,031 [4b287a15-77af-487b-aef7-34d1d0ee189f@group-83C26644CFDA-LeaderElection392] INFO  impl.LeaderElection (LeaderElection.java:logAndReturn(56)) - 4b287a15-77af-487b-aef7-34d1d0ee189f@group-83C26644CFDA-LeaderElection392: Election TIMEOUT; received 0 response(s) [] and 0 exception(s); 4b287a15-77af-487b-aef7-34d1d0ee189f@group-83C26644CFDA:t416, leader=null, voted=4b287a15-77af-487b-aef7-34d1d0ee189f, raftlog=4b287a15-77af-487b-aef7-34d1d0ee189f@group-83C26644CFDA-SegmentedRaftLog:OPENED:c-1,f-1,i0, conf=-1: [4b287a15-77af-487b-aef7-34d1d0ee189f:192.168.34.38:38597, 0aa3649f-570d-46c6-937f-492d7f3a8364:192.168.34.38:33209, 4a03179f-3169-4ac7-a075-259968512ef0:192.168.34.38:45833], old=null
2019-10-16 21:02:14,041 [4b287a15-77af-487b-aef7-34d1d0ee189f@group-83C26644CFDA-LeaderElection392] INFO  impl.LeaderElection (LeaderElection.java:askForVotes(178)) - 4b287a15-77af-487b-aef7-34d1d0ee189f@group-83C26644CFDA-LeaderElection392: begin an election at term 417 for -1: [4b287a15-77af-487b-aef7-34d1d0ee189f:192.168.34.38:38597, 0aa3649f-570d-46c6-937f-492d7f3a8364:192.168.34.38:33209, 4a03179f-3169-4ac7-a075-259968512ef0:192.168.34.38:45833], old=null
2019-10-16 21:02:14,042 [grpc-default-executor-1] INFO  impl.RaftServerImpl (RaftServerImpl.java:setRole(184)) - 0aa3649f-570d-46c6-937f-492d7f3a8364@group-83C26644CFDA: changes role from  FOLLOWER to FOLLOWER at term 417 for recognizeCandidate:4b287a15-77af-487b-aef7-34d1d0ee189f
2019-10-16 21:02:14,042 [grpc-default-executor-1] INFO  impl.RoleInfo (RoleInfo.java:shutdownFollowerState(121)) - 0aa3649f-570d-46c6-937f-492d7f3a8364: shutdown FollowerState
2019-10-16 21:02:14,042 [grpc-default-executor-2] INFO  impl.RaftServerImpl (RaftServerImpl.java:setRole(184)) - 4a03179f-3169-4ac7-a075-259968512ef0@group-83C26644CFDA: changes role from  FOLLOWER to FOLLOWER at term 417 for recognizeCandidate:4b287a15-77af-487b-aef7-34d1d0ee189f
2019-10-16 21:02:14,042 [Thread-2770] INFO  impl.FollowerState (FollowerState.java:run(117)) - 0aa3649f-570d-46c6-937f-492d7f3a8364@group-83C26644CFDA-FollowerState was interrupted: java.lang.InterruptedException: sleep interrupted
2019-10-16 21:02:14,042 [grpc-default-executor-1] INFO  impl.RoleInfo (RoleInfo.java:updateAndGet(143)) - 0aa3649f-570d-46c6-937f-492d7f3a8364: start FollowerState
2019-10-16 21:02:14,043 [grpc-default-executor-2] INFO  impl.RoleInfo (RoleInfo.java:shutdownFollowerState(121)) - 4a03179f-3169-4ac7-a075-259968512ef0: shutdown FollowerState
2019-10-16 21:02:14,043 [grpc-default-executor-2] INFO  impl.RoleInfo (RoleInfo.java:updateAndGet(143)) - 4a03179f-3169-4ac7-a075-259968512ef0: start FollowerState
2019-10-16 21:02:14,043 [Thread-2771] INFO  impl.FollowerState (FollowerState.java:run(117)) - 4a03179f-3169-4ac7-a075-259968512ef0@group-83C26644CFDA-FollowerState was interrupted: java.lang.InterruptedException: sleep interrupted
2019-10-16 21:02:14,057 [4b287a15-77af-487b-aef7-34d1d0ee189f@group-83C26644CFDA-LeaderElection392] INFO  impl.LeaderElection (LeaderElection.java:logAndReturn(56)) - 4b287a15-77af-487b-aef7-34d1d0ee189f@group-83C26644CFDA-LeaderElection392: Election REJECTED; received 2 response(s) [4b287a15-77af-487b-aef7-34d1d0ee189f<-0aa3649f-570d-46c6-937f-492d7f3a8364#0:FAIL-t417, 4b287a15-77af-487b-aef7-34d1d0ee189f<-4a03179f-3169-4ac7-a075-259968512ef0#0:FAIL-t417] and 0 exception(s); 4b287a15-77af-487b-aef7-34d1d0ee189f@group-83C26644CFDA:t417, leader=null, voted=4b287a15-77af-487b-aef7-34d1d0ee189f, raftlog=4b287a15-77af-487b-aef7-34d1d0ee189f@group-83C26644CFDA-SegmentedRaftLog:OPENED:c-1,f-1,i0, conf=-1: [4b287a15-77af-487b-aef7-34d1d0ee189f:192.168.34.38:38597, 0aa3649f-570d-46c6-937f-492d7f3a8364:192.168.34.38:33209, 4a03179f-3169-4ac7-a075-259968512ef0:192.168.34.38:45833], old=null
2019-10-16 21:02:14,057 [4b287a15-77af-487b-aef7-34d1d0ee189f@group-83C26644CFDA-LeaderElection392] INFO  impl.RaftServerImpl (RaftServerImpl.java:setRole(184)) - 4b287a15-77af-487b-aef7-34d1d0ee189f@group-83C26644CFDA: changes role from CANDIDATE to FOLLOWER at term 417 for DISCOVERED_A_NEW_TERM
2019-10-16 21:02:14,057 [4b287a15-77af-487b-aef7-34d1d0ee189f@group-83C26644CFDA-LeaderElection392] INFO  impl.RoleInfo (RoleInfo.java:shutdownLeaderElection(134)) - 4b287a15-77af-487b-aef7-34d1d0ee189f: shutdown LeaderElection
2019-10-16 21:02:14,057 [4b287a15-77af-487b-aef7-34d1d0ee189f@group-83C26644CFDA-LeaderElection392] INFO  impl.RoleInfo (RoleInfo.java:updateAndGet(143)) - 4b287a15-77af-487b-aef7-34d1d0ee189f: start FollowerState
2019-10-16 21:02:14,190 [Thread-2776] INFO  impl.FollowerState (FollowerState.java:run(108)) - 4b287a15-77af-487b-aef7-34d1d0ee189f@group-83C26644CFDA-FollowerState: change to CANDIDATE, lastRpcTime:132ms, electionTimeout:132ms
2019-10-16 21:02:14,190 [Thread-2776] INFO  impl.RoleInfo (RoleInfo.java:shutdownFollowerState(121)) - 4b287a15-77af-487b-aef7-34d1d0ee189f: shutdown FollowerState
2019-10-16 21:02:14,190 [Thread-2776] INFO  impl.RaftServerImpl (RaftServerImpl.java:setRole(184)) - 4b287a15-77af-487b-aef7-34d1d0ee189f@group-83C26644CFDA: changes role from  FOLLOWER to CANDIDATE at term 417 for changeToCandidate
2019-10-16 21:02:14,190 [Thread-2776] INFO  impl.RoleInfo (RoleInfo.java:updateAndGet(143)) - 4b287a15-77af-487b-aef7-34d1d0ee189f: start LeaderElection
2019-10-16 21:02:14,215 [4b287a15-77af-487b-aef7-34d1d0ee189f@group-83C26644CFDA-LeaderElection393] INFO  impl.LeaderElection (LeaderElection.java:askForVotes(178)) - 4b287a15-77af-487b-aef7-34d1d0ee189f@group-83C26644CFDA-LeaderElection393: begin an election at term 418 for -1: [4b287a15-77af-487b-aef7-34d1d0ee189f:192.168.34.38:38597, 0aa3649f-570d-46c6-937f-492d7f3a8364:192.168.34.38:33209, 4a03179f-3169-4ac7-a075-259968512ef0:192.168.34.38:45833], old=null
2019-10-16 21:02:14,216 [grpc-default-executor-1] INFO  impl.RaftServerImpl (RaftServerImpl.java:setRole(184)) - 0aa3649f-570d-46c6-937f-492d7f3a8364@group-83C26644CFDA: changes role from  FOLLOWER to FOLLOWER at term 418 for recognizeCandidate:4b287a15-77af-487b-aef7-34d1d0ee189f
2019-10-16 21:02:14,216 [grpc-default-executor-2] INFO  impl.RaftServerImpl (RaftServerImpl.java:setRole(184)) - 4a03179f-3169-4ac7-a075-259968512ef0@group-83C26644CFDA: changes role from  FOLLOWER to FOLLOWER at term 418 for recognizeCandidate:4b287a15-77af-487b-aef7-34d1d0ee189f
2019-10-16 21:02:14,216 [grpc-default-executor-1] INFO  impl.RoleInfo (RoleInfo.java:shutdownFollowerState(121)) - 0aa3649f-570d-46c6-937f-492d7f3a8364: shutdown FollowerState
2019-10-16 21:02:14,217 [grpc-default-executor-2] INFO  impl.RoleInfo (RoleInfo.java:shutdownFollowerState(121)) - 4a03179f-3169-4ac7-a075-259968512ef0: shutdown FollowerState
2019-10-16 21:02:14,217 [Thread-2774] INFO  impl.FollowerState (FollowerState.java:run(117)) - 0aa3649f-570d-46c6-937f-492d7f3a8364@group-83C26644CFDA-FollowerState was interrupted: java.lang.InterruptedException: sleep interrupted
2019-10-16 21:02:14,217 [grpc-default-executor-1] INFO  impl.RoleInfo (RoleInfo.java:updateAndGet(143)) - 0aa3649f-570d-46c6-937f-492d7f3a8364: start FollowerState
2019-10-16 21:02:14,217 [Thread-2775] INFO  impl.FollowerState (FollowerState.java:run(117)) - 4a03179f-3169-4ac7-a075-259968512ef0@group-83C26644CFDA-FollowerState was interrupted: java.lang.InterruptedException: sleep interrupted
2019-10-16 21:02:14,217 [grpc-default-executor-2] INFO  impl.RoleInfo (RoleInfo.java:updateAndGet(143)) - 4a03179f-3169-4ac7-a075-259968512ef0: start FollowerState
2019-10-16 21:02:14,235 [4b287a15-77af-487b-aef7-34d1d0ee189f@group-83C26644CFDA-LeaderElection393] INFO  impl.LeaderElection (LeaderElection.java:logAndReturn(56)) - 4b287a15-77af-487b-aef7-34d1d0ee189f@group-83C26644CFDA-LeaderElection393: Election REJECTED; received 2 response(s) [4b287a15-77af-487b-aef7-34d1d0ee189f<-0aa3649f-570d-46c6-937f-492d7f3a8364#0:FAIL-t418, 4b287a15-77af-487b-aef7-34d1d0ee189f<-4a03179f-3169-4ac7-a075-259968512ef0#0:FAIL-t418] and 0 exception(s); 4b287a15-77af-487b-aef7-34d1d0ee189f@group-83C26644CFDA:t418, leader=null, voted=4b287a15-77af-487b-aef7-34d1d0ee189f, raftlog=4b287a15-77af-487b-aef7-34d1d0ee189f@group-83C26644CFDA-SegmentedRaftLog:OPENED:c-1,f-1,i0, conf=-1: [4b287a15-77af-487b-aef7-34d1d0ee189f:192.168.34.38:38597, 0aa3649f-570d-46c6-937f-492d7f3a8364:192.168.34.38:33209, 4a03179f-3169-4ac7-a075-259968512ef0:192.168.34.38:45833], old=null
2019-10-16 21:02:14,235 [4b287a15-77af-487b-aef7-34d1d0ee189f@group-83C26644CFDA-LeaderElection393] INFO  impl.RaftServerImpl (RaftServerImpl.java:setRole(184)) - 4b287a15-77af-487b-aef7-34d1d0ee189f@group-83C26644CFDA: changes role from CANDIDATE to FOLLOWER at term 418 for DISCOVERED_A_NEW_TERM
2019-10-16 21:02:14,235 [4b287a15-77af-487b-aef7-34d1d0ee189f@group-83C26644CFDA-LeaderElection393] INFO  impl.RoleInfo (RoleInfo.java:shutdownLeaderElection(134)) - 4b287a15-77af-487b-aef7-34d1d0ee189f: shutdown LeaderElection
2019-10-16 21:02:14,235 [4b287a15-77af-487b-aef7-34d1d0ee189f@group-83C26644CFDA-LeaderElection393] INFO  impl.RoleInfo (RoleInfo.java:updateAndGet(143)) - 4b287a15-77af-487b-aef7-34d1d0ee189f: start FollowerState
2019-10-16 21:02:14,354 [Thread-2782] INFO  impl.FollowerState (FollowerState.java:run(108)) - 4b287a15-77af-487b-aef7-34d1d0ee189f@group-83C26644CFDA-FollowerState: change to CANDIDATE, lastRpcTime:119ms, electionTimeout:119ms
2019-10-16 21:02:14,355 [Thread-2782] INFO  impl.RoleInfo (RoleInfo.java:shutdownFollowerState(121)) - 4b287a15-77af-487b-aef7-34d1d0ee189f: shutdown FollowerState
2019-10-16 21:02:14,355 [Thread-2782] INFO  impl.RaftServerImpl (RaftServerImpl.java:setRole(184)) - 4b287a15-77af-487b-aef7-34d1d0ee189f@group-83C26644CFDA: changes role from  FOLLOWER to CANDIDATE at term 418 for changeToCandidate
2019-10-16 21:02:14,355 [Thread-2782] INFO  impl.RoleInfo (RoleInfo.java:updateAndGet(143)) - 4b287a15-77af-487b-aef7-34d1d0ee189f: start LeaderElection
2019-10-16 21:02:14,367 [4b287a15-77af-487b-aef7-34d1d0ee189f@group-83C26644CFDA-LeaderElection394] INFO  impl.LeaderElection (LeaderElection.java:askForVotes(178)) - 4b287a15-77af-487b-aef7-34d1d0ee189f@group-83C26644CFDA-LeaderElection394: begin an election at term 419 for -1: [4b287a15-77af-487b-aef7-34d1d0ee189f:192.168.34.38:38597, 0aa3649f-570d-46c6-937f-492d7f3a8364:192.168.34.38:33209, 4a03179f-3169-4ac7-a075-259968512ef0:192.168.34.38:45833], old=null
2019-10-16 21:02:14,369 [grpc-default-executor-1] INFO  impl.RaftServerImpl (RaftServerImpl.java:setRole(184)) - 0aa3649f-570d-46c6-937f-492d7f3a8364@group-83C26644CFDA: changes role from  FOLLOWER to FOLLOWER at term 419 for recognizeCandidate:4b287a15-77af-487b-aef7-34d1d0ee189f
2019-10-16 21:02:14,369 [grpc-default-executor-2] INFO  impl.RaftServerImpl (RaftServerImpl.java:setRole(184)) - 4a03179f-3169-4ac7-a075-259968512ef0@group-83C26644CFDA: changes role from  FOLLOWER to FOLLOWER at term 419 for recognizeCandidate:4b287a15-77af-487b-aef7-34d1d0ee189f
2019-10-16 21:02:14,369 [grpc-default-executor-2] INFO  impl.RoleInfo (RoleInfo.java:shutdownFollowerState(121)) - 4a03179f-3169-4ac7-a075-259968512ef0: shutdown FollowerState
2019-10-16 21:02:14,369 [grpc-default-executor-1] INFO  impl.RoleInfo (RoleInfo.java:shutdownFollowerState(121)) - 0aa3649f-570d-46c6-937f-492d7f3a8364: shutdown FollowerState
2019-10-16 21:02:14,369 [Thread-2781] INFO  impl.FollowerState (FollowerState.java:run(117)) - 4a03179f-3169-4ac7-a075-259968512ef0@group-83C26644CFDA-FollowerState was interrupted: java.lang.InterruptedException: sleep interrupted
2019-10-16 21:02:14,369 [grpc-default-executor-2] INFO  impl.RoleInfo (RoleInfo.java:updateAndGet(143)) - 4a03179f-3169-4ac7-a075-259968512ef0: start FollowerState
2019-10-16 21:02:14,369 [Thread-2780] INFO  impl.FollowerState (FollowerState.java:run(117)) - 0aa3649f-570d-46c6-937f-492d7f3a8364@group-83C26644CFDA-FollowerState was interrupted: java.lang.InterruptedException: sleep interrupted
2019-10-16 21:02:14,369 [grpc-default-executor-1] INFO  impl.RoleInfo (RoleInfo.java:updateAndGet(143)) - 0aa3649f-570d-46c6-937f-492d7f3a8364: start FollowerState
2019-10-16 21:02:14,383 [4b287a15-77af-487b-aef7-34d1d0ee189f@group-83C26644CFDA-LeaderElection394] INFO  impl.LeaderElection (LeaderElection.java:logAndReturn(56)) - 4b287a15-77af-487b-aef7-34d1d0ee189f@group-83C26644CFDA-LeaderElection394: Election REJECTED; received 2 response(s) [4b287a15-77af-487b-aef7-34d1d0ee189f<-0aa3649f-570d-46c6-937f-492d7f3a8364#0:FAIL-t419, 4b287a15-77af-487b-aef7-34d1d0ee189f<-4a03179f-3169-4ac7-a075-259968512ef0#0:FAIL-t419] and 0 exception(s); 4b287a15-77af-487b-aef7-34d1d0ee189f@group-83C26644CFDA:t419, leader=null, voted=4b287a15-77af-487b-aef7-34d1d0ee189f, raftlog=4b287a15-77af-487b-aef7-34d1d0ee189f@group-83C26644CFDA-SegmentedRaftLog:OPENED:c-1,f-1,i0, conf=-1: [4b287a15-77af-487b-aef7-34d1d0ee189f:192.168.34.38:38597, 0aa3649f-570d-46c6-937f-492d7f3a8364:192.168.34.38:33209, 4a03179f-3169-4ac7-a075-259968512ef0:192.168.34.38:45833], old=null
2019-10-16 21:02:14,383 [4b287a15-77af-487b-aef7-34d1d0ee189f@group-83C26644CFDA-LeaderElection394] INFO  impl.RaftServerImpl (RaftServerImpl.java:setRole(184)) - 4b287a15-77af-487b-aef7-34d1d0ee189f@group-83C26644CFDA: changes role from CANDIDATE to FOLLOWER at term 419 for DISCOVERED_A_NEW_TERM
2019-10-16 21:02:14,383 [4b287a15-77af-487b-aef7-34d1d0ee189f@group-83C26644CFDA-LeaderElection394] INFO  impl.RoleInfo (RoleInfo.java:shutdownLeaderElection(134)) - 4b287a15-77af-487b-aef7-34d1d0ee189f: shutdown LeaderElection
2019-10-16 21:02:14,383 [4b287a15-77af-487b-aef7-34d1d0ee189f@group-83C26644CFDA-LeaderElection394] INFO  impl.RoleInfo (RoleInfo.java:updateAndGet(143)) - 4b287a15-77af-487b-aef7-34d1d0ee189f: start FollowerState
2019-10-16 21:02:14,488 [Thread-2788] INFO  impl.FollowerState (FollowerState.java:run(108)) - 4b287a15-77af-487b-aef7-34d1d0ee189f@group-83C26644CFDA-FollowerState: change to CANDIDATE, lastRpcTime:104ms, electionTimeout:104ms
2019-10-16 21:02:14,488 [Thread-2788] INFO  impl.RoleInfo (RoleInfo.java:shutdownFollowerState(121)) - 4b287a15-77af-487b-aef7-34d1d0ee189f: shutdown FollowerState
2019-10-16 21:02:14,488 [Thread-2788] INFO  impl.RaftServerImpl (RaftServerImpl.java:setRole(184)) - 4b287a15-77af-487b-aef7-34d1d0ee189f@group-83C26644CFDA: changes role from  FOLLOWER to CANDIDATE at term 419 for changeToCandidate
2019-10-16 21:02:14,488 [Thread-2788] INFO  impl.RoleInfo (RoleInfo.java:updateAndGet(143)) - 4b287a15-77af-487b-aef7-34d1d0ee189f: start LeaderElection
2019-10-16 21:02:14,505 [4b287a15-77af-487b-aef7-34d1d0ee189f@group-83C26644CFDA-LeaderElection395] INFO  impl.LeaderElection (LeaderElection.java:askForVotes(178)) - 4b287a15-77af-487b-aef7-34d1d0ee189f@group-83C26644CFDA-LeaderElection395: begin an election at term 420 for -1: [4b287a15-77af-487b-aef7-34d1d0ee189f:192.168.34.38:38597, 0aa3649f-570d-46c6-937f-492d7f3a8364:192.168.34.38:33209, 4a03179f-3169-4ac7-a075-259968512ef0:192.168.34.38:45833], old=null
2019-10-16 21:02:14,507 [grpc-default-executor-1] INFO  impl.RaftServerImpl (RaftServerImpl.java:setRole(184)) - 0aa3649f-570d-46c6-937f-492d7f3a8364@group-83C26644CFDA: changes role from  FOLLOWER to FOLLOWER at term 420 for recognizeCandidate:4b287a15-77af-487b-aef7-34d1d0ee189f
2019-10-16 21:02:14,507 [grpc-default-executor-2] INFO  impl.RaftServerImpl (RaftServerImpl.java:setRole(184)) - 4a03179f-3169-4ac7-a075-259968512ef0@group-83C26644CFDA: changes role from  FOLLOWER to FOLLOWER at term 420 for recognizeCandidate:4b287a15-77af-487b-aef7-34d1d0ee189f
2019-10-16 21:02:14,508 [grpc-default-executor-2] INFO  impl.RoleInfo (RoleInfo.java:shutdownFollowerState(121)) - 4a03179f-3169-4ac7-a075-259968512ef0: shutdown FollowerState
2019-10-16 21:02:14,508 [grpc-default-executor-1] INFO  impl.RoleInfo (RoleInfo.java:shutdownFollowerState(121)) - 0aa3649f-570d-46c6-937f-492d7f3a8364: shutdown FollowerState
2019-10-16 21:02:14,508 [Thread-2786] INFO  impl.FollowerState (FollowerState.java:run(117)) - 4a03179f-3169-4ac7-a075-259968512ef0@group-83C26644CFDA-FollowerState was interrupted: java.lang.InterruptedException: sleep interrupted
2019-10-16 21:02:14,508 [grpc-default-executor-2] INFO  impl.RoleInfo (RoleInfo.java:updateAndGet(143)) - 4a03179f-3169-4ac7-a075-259968512ef0: start FollowerState
2019-10-16 21:02:14,508 [Thread-2787] INFO  impl.FollowerState (FollowerState.java:run(117)) - 0aa3649f-570d-46c6-937f-492d7f3a8364@group-83C26644CFDA-FollowerState was interrupted: java.lang.InterruptedException: sleep interrupted
2019-10-16 21:02:14,508 [grpc-default-executor-1] INFO  impl.RoleInfo (RoleInfo.java:updateAndGet(143)) - 0aa3649f-570d-46c6-937f-492d7f3a8364: start FollowerState
2019-10-16 21:02:14,514 [4b287a15-77af-487b-aef7-34d1d0ee189f@group-83C26644CFDA-LeaderElection395] INFO  impl.LeaderElection (LeaderElection.java:logAndReturn(56)) - 4b287a15-77af-487b-aef7-34d1d0ee189f@group-83C26644CFDA-LeaderElection395: Election REJECTED; received 2 response(s) [4b287a15-77af-487b-aef7-34d1d0ee189f<-0aa3649f-570d-46c6-937f-492d7f3a8364#0:FAIL-t420, 4b287a15-77af-487b-aef7-34d1d0ee189f<-4a03179f-3169-4ac7-a075-259968512ef0#0:FAIL-t420] and 0 exception(s); 4b287a15-77af-487b-aef7-34d1d0ee189f@group-83C26644CFDA:t420, leader=null, voted=4b287a15-77af-487b-aef7-34d1d0ee189f, raftlog=4b287a15-77af-487b-aef7-34d1d0ee189f@group-83C26644CFDA-SegmentedRaftLog:OPENED:c-1,f-1,i0, conf=-1: [4b287a15-77af-487b-aef7-34d1d0ee189f:192.168.34.38:38597, 0aa3649f-570d-46c6-937f-492d7f3a8364:192.168.34.38:33209, 4a03179f-3169-4ac7-a075-259968512ef0:192.168.34.38:45833], old=null
2019-10-16 21:02:14,515 [4b287a15-77af-487b-aef7-34d1d0ee189f@group-83C26644CFDA-LeaderElection395] INFO  impl.RaftServerImpl (RaftServerImpl.java:setRole(184)) - 4b287a15-77af-487b-aef7-34d1d0ee189f@group-83C26644CFDA: changes role from CANDIDATE to FOLLOWER at term 420 for DISCOVERED_A_NEW_TERM
2019-10-16 21:02:14,515 [4b287a15-77af-487b-aef7-34d1d0ee189f@group-83C26644CFDA-LeaderElection395] INFO  impl.RoleInfo (RoleInfo.java:shutdownLeaderElection(134)) - 4b287a15-77af-487b-aef7-34d1d0ee189f: shutdown LeaderElection
2019-10-16 21:02:14,515 [4b287a15-77af-487b-aef7-34d1d0ee189f@group-83C26644CFDA-LeaderElection395] INFO  impl.RoleInfo (RoleInfo.java:updateAndGet(143)) - 4b287a15-77af-487b-aef7-34d1d0ee189f: start FollowerState
2019-10-16 21:02:14,550 [Thread-2794] INFO  impl.FollowerState (FollowerState.java:run(108)) - 4b287a15-77af-487b-aef7-34d1d0ee189f@group-83C26644CFDA-FollowerState: change to CANDIDATE, lastRpcTime:35ms, electionTimeout:35ms
2019-10-16 21:02:14,550 [Thread-2794] INFO  impl.RoleInfo (RoleInfo.java:shutdownFollowerState(121)) - 4b287a15-77af-487b-aef7-34d1d0ee189f: shutdown FollowerState
2019-10-16 21:02:14,550 [Thread-2794] INFO  impl.RaftServerImpl (RaftServerImpl.java:setRole(184)) - 4b287a15-77af-487b-aef7-34d1d0ee189f@group-83C26644CFDA: changes role from  FOLLOWER to CANDIDATE at term 420 for changeToCandidate
2019-10-16 21:02:14,550 [Thread-2794] INFO  impl.RoleInfo (RoleInfo.java:updateAndGet(143)) - 4b287a15-77af-487b-aef7-34d1d0ee189f: start LeaderElection
2019-10-16 21:02:14,565 [4b287a15-77af-487b-aef7-34d1d0ee189f@group-83C26644CFDA-LeaderElection396] INFO  impl.LeaderElection (LeaderElection.java:askForVotes(178)) - 4b287a15-77af-487b-aef7-34d1d0ee189f@group-83C26644CFDA-LeaderElection396: begin an election at term 421 for -1: [4b287a15-77af-487b-aef7-34d1d0ee189f:192.168.34.38:38597, 0aa3649f-570d-46c6-937f-492d7f3a8364:192.168.34.38:33209, 4a03179f-3169-4ac7-a075-259968512ef0:192.168.34.38:45833], old=null
2019-10-16 21:02:14,566 [grpc-default-executor-2] INFO  impl.RaftServerImpl (RaftServerImpl.java:setRole(184)) - 0aa3649f-570d-46c6-937f-492d7f3a8364@group-83C26644CFDA: changes role from  FOLLOWER to FOLLOWER at term 421 for recognizeCandidate:4b287a15-77af-487b-aef7-34d1d0ee189f
2019-10-16 21:02:14,566 [grpc-default-executor-1] INFO  impl.RaftServerImpl (RaftServerImpl.java:setRole(184)) - 4a03179f-3169-4ac7-a075-259968512ef0@group-83C26644CFDA: changes role from  FOLLOWER to FOLLOWER at term 421 for recognizeCandidate:4b287a15-77af-487b-aef7-34d1d0ee189f
2019-10-16 21:02:14,567 [grpc-default-executor-2] INFO  impl.RoleInfo (RoleInfo.java:shutdownFollowerState(121)) - 0aa3649f-570d-46c6-937f-492d7f3a8364: shutdown FollowerState
2019-10-16 21:02:14,567 [grpc-default-executor-1] INFO  impl.RoleInfo (RoleInfo.java:shutdownFollowerState(121)) - 4a03179f-3169-4ac7-a075-259968512ef0: shutdown FollowerState
2019-10-16 21:02:14,567 [Thread-2793] INFO  impl.FollowerState (FollowerState.java:run(117)) - 0aa3649f-570d-46c6-937f-492d7f3a8364@group-83C26644CFDA-FollowerState was interrupted: java.lang.InterruptedException: sleep interrupted
2019-10-16 21:02:14,567 [Thread-2792] INFO  impl.FollowerState (FollowerState.java:run(117)) - 4a03179f-3169-4ac7-a075-259968512ef0@group-83C26644CFDA-FollowerState was interrupted: java.lang.InterruptedException: sleep interrupted
2019-10-16 21:02:14,567 [grpc-default-executor-2] INFO  impl.RoleInfo (RoleInfo.java:updateAndGet(143)) - 0aa3649f-570d-46c6-937f-492d7f3a8364: start FollowerState
2019-10-16 21:02:14,567 [grpc-default-executor-1] INFO  impl.RoleInfo (RoleInfo.java:updateAndGet(143)) - 4a03179f-3169-4ac7-a075-259968512ef0: start FollowerState
2019-10-16 21:02:14,581 [4b287a15-77af-487b-aef7-34d1d0ee189f@group-83C26644CFDA-LeaderElection396] INFO  impl.LeaderElection (LeaderElection.java:logAndReturn(56)) - 4b287a15-77af-487b-aef7-34d1d0ee189f@group-83C26644CFDA-LeaderElection396: Election REJECTED; received 2 response(s) [4b287a15-77af-487b-aef7-34d1d0ee189f<-0aa3649f-570d-46c6-937f-492d7f3a8364#0:FAIL-t421, 4b287a15-77af-487b-aef7-34d1d0ee189f<-4a03179f-3169-4ac7-a075-259968512ef0#0:FAIL-t421] and 0 exception(s); 4b287a15-77af-487b-aef7-34d1d0ee189f@group-83C26644CFDA:t421, leader=null, voted=4b287a15-77af-487b-aef7-34d1d0ee189f, raftlog=4b287a15-77af-487b-aef7-34d1d0ee189f@group-83C26644CFDA-SegmentedRaftLog:OPENED:c-1,f-1,i0, conf=-1: [4b287a15-77af-487b-aef7-34d1d0ee189f:192.168.34.38:38597, 0aa3649f-570d-46c6-937f-492d7f3a8364:192.168.34.38:33209, 4a03179f-3169-4ac7-a075-259968512ef0:192.168.34.38:45833], old=null
2019-10-16 21:02:14,582 [4b287a15-77af-487b-aef7-34d1d0ee189f@group-83C26644CFDA-LeaderElection396] INFO  impl.RaftServerImpl (RaftServerImpl.java:setRole(184)) - 4b287a15-77af-487b-aef7-34d1d0ee189f@group-83C26644CFDA: changes role from CANDIDATE to FOLLOWER at term 421 for DISCOVERED_A_NEW_TERM
2019-10-16 21:02:14,582 [4b287a15-77af-487b-aef7-34d1d0ee189f@group-83C26644CFDA-LeaderElection396] INFO  impl.RoleInfo (RoleInfo.java:shutdownLeaderElection(134)) - 4b287a15-77af-487b-aef7-34d1d0ee189f: shutdown LeaderElection
2019-10-16 21:02:14,582 [4b287a15-77af-487b-aef7-34d1d0ee189f@group-83C26644CFDA-LeaderElection396] INFO  impl.RoleInfo (RoleInfo.java:updateAndGet(143)) - 4b287a15-77af-487b-aef7-34d1d0ee189f: start FollowerState
2019-10-16 21:02:14,655 [Thread-2800] INFO  impl.FollowerState (FollowerState.java:run(108)) - 4b287a15-77af-487b-aef7-34d1d0ee189f@group-83C26644CFDA-FollowerState: change to CANDIDATE, lastRpcTime:73ms, electionTimeout:73ms
2019-10-16 21:02:14,655 [Thread-2800] INFO  impl.RoleInfo (RoleInfo.java:shutdownFollowerState(121)) - 4b287a15-77af-487b-aef7-34d1d0ee189f: shutdown FollowerState
2019-10-16 21:02:14,655 [Thread-2800] INFO  impl.RaftServerImpl (RaftServerImpl.java:setRole(184)) - 4b287a15-77af-487b-aef7-34d1d0ee189f@group-83C26644CFDA: changes role from  FOLLOWER to CANDIDATE at term 421 for changeToCandidate
2019-10-16 21:02:14,656 [Thread-2800] INFO  impl.RoleInfo (RoleInfo.java:updateAndGet(143)) - 4b287a15-77af-487b-aef7-34d1d0ee189f: start LeaderElection
2019-10-16 21:02:14,667 [4b287a15-77af-487b-aef7-34d1d0ee189f@group-83C26644CFDA-LeaderElection397] INFO  impl.LeaderElection (LeaderElection.java:askForVotes(178)) - 4b287a15-77af-487b-aef7-34d1d0ee189f@group-83C26644CFDA-LeaderElection397: begin an election at term 422 for -1: [4b287a15-77af-487b-aef7-34d1d0ee189f:192.168.34.38:38597, 0aa3649f-570d-46c6-937f-492d7f3a8364:192.168.34.38:33209, 4a03179f-3169-4ac7-a075-259968512ef0:192.168.34.38:45833], old=null
2019-10-16 21:02:14,669 [grpc-default-executor-1] INFO  impl.RaftServerImpl (RaftServerImpl.java:setRole(184)) - 0aa3649f-570d-46c6-937f-492d7f3a8364@group-83C26644CFDA: changes role from  FOLLOWER to FOLLOWER at term 422 for recognizeCandidate:4b287a15-77af-487b-aef7-34d1d0ee189f
2019-10-16 21:02:14,669 [grpc-default-executor-1] INFO  impl.RoleInfo (RoleInfo.java:shutdownFollowerState(121)) - 0aa3649f-570d-46c6-937f-492d7f3a8364: shutdown FollowerState
2019-10-16 21:02:14,669 [grpc-default-executor-2] INFO  impl.RaftServerImpl (RaftServerImpl.java:setRole(184)) - 4a03179f-3169-4ac7-a075-259968512ef0@group-83C26644CFDA: changes role from  FOLLOWER to FOLLOWER at term 422 for recognizeCandidate:4b287a15-77af-487b-aef7-34d1d0ee189f
2019-10-16 21:02:14,669 [grpc-default-executor-2] INFO  impl.RoleInfo (RoleInfo.java:shutdownFollowerState(121)) - 4a03179f-3169-4ac7-a075-259968512ef0: shutdown FollowerState
2019-10-16 21:02:14,669 [Thread-2798] INFO  impl.FollowerState (FollowerState.java:run(117)) - 0aa3649f-570d-46c6-937f-492d7f3a8364@group-83C26644CFDA-FollowerState was interrupted: java.lang.InterruptedException: sleep interrupted
2019-10-16 21:02:14,669 [grpc-default-executor-1] INFO  impl.RoleInfo (RoleInfo.java:updateAndGet(143)) - 0aa3649f-570d-46c6-937f-492d7f3a8364: start FollowerState
2019-10-16 21:02:14,669 [Thread-2799] INFO  impl.FollowerState (FollowerState.java:run(117)) - 4a03179f-3169-4ac7-a075-259968512ef0@group-83C26644CFDA-FollowerState was interrupted: java.lang.InterruptedException: sleep interrupted
2019-10-16 21:02:14,669 [grpc-default-executor-2] INFO  impl.RoleInfo (RoleInfo.java:updateAndGet(143)) - 4a03179f-3169-4ac7-a075-259968512ef0: start FollowerState
2019-10-16 21:02:14,707 [4b287a15-77af-487b-aef7-34d1d0ee189f@group-83C26644CFDA-LeaderElection397] INFO  impl.LeaderElection (LeaderElection.java:logAndReturn(56)) - 4b287a15-77af-487b-aef7-34d1d0ee189f@group-83C26644CFDA-LeaderElection397: Election REJECTED; received 2 response(s) [4b287a15-77af-487b-aef7-34d1d0ee189f<-0aa3649f-570d-46c6-937f-492d7f3a8364#0:FAIL-t422, 4b287a15-77af-487b-aef7-34d1d0ee189f<-4a03179f-3169-4ac7-a075-259968512ef0#0:FAIL-t422] and 0 exception(s); 4b287a15-77af-487b-aef7-34d1d0ee189f@group-83C26644CFDA:t422, leader=null, voted=4b287a15-77af-487b-aef7-34d1d0ee189f, raftlog=4b287a15-77af-487b-aef7-34d1d0ee189f@group-83C26644CFDA-SegmentedRaftLog:OPENED:c-1,f-1,i0, conf=-1: [4b287a15-77af-487b-aef7-34d1d0ee189f:192.168.34.38:38597, 0aa3649f-570d-46c6-937f-492d7f3a8364:192.168.34.38:33209, 4a03179f-3169-4ac7-a075-259968512ef0:192.168.34.38:45833], old=null
2019-10-16 21:02:14,708 [4b287a15-77af-487b-aef7-34d1d0ee189f@group-83C26644CFDA-LeaderElection397] INFO  impl.RaftServerImpl (RaftServerImpl.java:setRole(184)) - 4b287a15-77af-487b-aef7-34d1d0ee189f@group-83C26644CFDA: changes role from CANDIDATE to FOLLOWER at term 422 for DISCOVERED_A_NEW_TERM
2019-10-16 21:02:14,708 [4b287a15-77af-487b-aef7-34d1d0ee189f@group-83C26644CFDA-LeaderElection397] INFO  impl.RoleInfo (RoleInfo.java:shutdownLeaderElection(134)) - 4b287a15-77af-487b-aef7-34d1d0ee189f: shutdown LeaderElection
2019-10-16 21:02:14,708 [4b287a15-77af-487b-aef7-34d1d0ee189f@group-83C26644CFDA-LeaderElection397] INFO  impl.RoleInfo (RoleInfo.java:updateAndGet(143)) - 4b287a15-77af-487b-aef7-34d1d0ee189f: start FollowerState
2019-10-16 21:02:14,846 [Thread-2806] INFO  impl.FollowerState (FollowerState.java:run(108)) - 4b287a15-77af-487b-aef7-34d1d0ee189f@group-83C26644CFDA-FollowerState: change to CANDIDATE, lastRpcTime:138ms, electionTimeout:138ms
2019-10-16 21:02:14,847 [Thread-2806] INFO  impl.RoleInfo (RoleInfo.java:shutdownFollowerState(121)) - 4b287a15-77af-487b-aef7-34d1d0ee189f: shutdown FollowerState
2019-10-16 21:02:14,847 [Thread-2806] INFO  impl.RaftServerImpl (RaftServerImpl.java:setRole(184)) - 4b287a15-77af-487b-aef7-34d1d0ee189f@group-83C26644CFDA: changes role from  FOLLOWER to CANDIDATE at term 422 for changeToCandidate
2019-10-16 21:02:14,847 [Thread-2806] INFO  impl.RoleInfo (RoleInfo.java:updateAndGet(143)) - 4b287a15-77af-487b-aef7-34d1d0ee189f: start LeaderElection
2019-10-16 21:02:14,860 [4b287a15-77af-487b-aef7-34d1d0ee189f@group-83C26644CFDA-LeaderElection398] INFO  impl.LeaderElection (LeaderElection.java:askForVotes(178)) - 4b287a15-77af-487b-aef7-34d1d0ee189f@group-83C26644CFDA-LeaderElection398: begin an election at term 423 for -1: [4b287a15-77af-487b-aef7-34d1d0ee189f:192.168.34.38:38597, 0aa3649f-570d-46c6-937f-492d7f3a8364:192.168.34.38:33209, 4a03179f-3169-4ac7-a075-259968512ef0:192.168.34.38:45833], old=null
2019-10-16 21:02:14,862 [grpc-default-executor-1] INFO  impl.RaftServerImpl (RaftServerImpl.java:setRole(184)) - 0aa3649f-570d-46c6-937f-492d7f3a8364@group-83C26644CFDA: changes role from  FOLLOWER to FOLLOWER at term 423 for recognizeCandidate:4b287a15-77af-487b-aef7-34d1d0ee189f
2019-10-16 21:02:14,862 [grpc-default-executor-2] INFO  impl.RaftServerImpl (RaftServerImpl.java:setRole(184)) - 4a03179f-3169-4ac7-a075-259968512ef0@group-83C26644CFDA: changes role from  FOLLOWER to FOLLOWER at term 423 for recognizeCandidate:4b287a15-77af-487b-aef7-34d1d0ee189f
2019-10-16 21:02:14,862 [grpc-default-executor-2] INFO  impl.RoleInfo (RoleInfo.java:shutdownFollowerState(121)) - 4a03179f-3169-4ac7-a075-259968512ef0: shutdown FollowerState
2019-10-16 21:02:14,862 [grpc-default-executor-1] INFO  impl.RoleInfo (RoleInfo.java:shutdownFollowerState(121)) - 0aa3649f-570d-46c6-937f-492d7f3a8364: shutdown FollowerState
2019-10-16 21:02:14,863 [Thread-2805] INFO  impl.FollowerState (FollowerState.java:run(117)) - 4a03179f-3169-4ac7-a075-259968512ef0@group-83C26644CFDA-FollowerState was interrupted: java.lang.InterruptedException: sleep interrupted
2019-10-16 21:02:14,863 [grpc-default-executor-2] INFO  impl.RoleInfo (RoleInfo.java:updateAndGet(143)) - 4a03179f-3169-4ac7-a075-259968512ef0: start FollowerState
2019-10-16 21:02:14,863 [Thread-2804] INFO  impl.FollowerState (FollowerState.java:run(117)) - 0aa3649f-570d-46c6-937f-492d7f3a8364@group-83C26644CFDA-FollowerState was interrupted: java.lang.InterruptedException: sleep interrupted
2019-10-16 21:02:14,863 [grpc-default-executor-1] INFO  impl.RoleInfo (RoleInfo.java:updateAndGet(143)) - 0aa3649f-570d-46c6-937f-492d7f3a8364: start FollowerState
2019-10-16 21:02:14,877 [4b287a15-77af-487b-aef7-34d1d0ee189f@group-83C26644CFDA-LeaderElection398] INFO  impl.LeaderElection (LeaderElection.java:logAndReturn(56)) - 4b287a15-77af-487b-aef7-34d1d0ee189f@group-83C26644CFDA-LeaderElection398: Election REJECTED; received 2 response(s) [4b287a15-77af-487b-aef7-34d1d0ee189f<-0aa3649f-570d-46c6-937f-492d7f3a8364#0:FAIL-t423, 4b287a15-77af-487b-aef7-34d1d0ee189f<-4a03179f-3169-4ac7-a075-259968512ef0#0:FAIL-t423] and 0 exception(s); 4b287a15-77af-487b-aef7-34d1d0ee189f@group-83C26644CFDA:t423, leader=null, voted=4b287a15-77af-487b-aef7-34d1d0ee189f, raftlog=4b287a15-77af-487b-aef7-34d1d0ee189f@group-83C26644CFDA-SegmentedRaftLog:OPENED:c-1,f-1,i0, conf=-1: [4b287a15-77af-487b-aef7-34d1d0ee189f:192.168.34.38:38597, 0aa3649f-570d-46c6-937f-492d7f3a8364:192.168.34.38:33209, 4a03179f-3169-4ac7-a075-259968512ef0:192.168.34.38:45833], old=null
2019-10-16 21:02:14,877 [4b287a15-77af-487b-aef7-34d1d0ee189f@group-83C26644CFDA-LeaderElection398] INFO  impl.RaftServerImpl (RaftServerImpl.java:setRole(184)) - 4b287a15-77af-487b-aef7-34d1d0ee189f@group-83C26644CFDA: changes role from CANDIDATE to FOLLOWER at term 423 for DISCOVERED_A_NEW_TERM
2019-10-16 21:02:14,877 [4b287a15-77af-487b-aef7-34d1d0ee189f@group-83C26644CFDA-LeaderElection398] INFO  impl.RoleInfo (RoleInfo.java:shutdownLeaderElection(134)) - 4b287a15-77af-487b-aef7-34d1d0ee189f: shutdown LeaderElection
2019-10-16 21:02:14,877 [4b287a15-77af-487b-aef7-34d1d0ee189f@group-83C26644CFDA-LeaderElection398] INFO  impl.RoleInfo (RoleInfo.java:updateAndGet(143)) - 4b287a15-77af-487b-aef7-34d1d0ee189f: start FollowerState
2019-10-16 21:02:14,952 [Thread-2812] INFO  impl.FollowerState (FollowerState.java:run(108)) - 4b287a15-77af-487b-aef7-34d1d0ee189f@group-83C26644CFDA-FollowerState: change to CANDIDATE, lastRpcTime:74ms, electionTimeout:74ms
2019-10-16 21:02:14,952 [Thread-2812] INFO  impl.RoleInfo (RoleInfo.java:shutdownFollowerState(121)) - 4b287a15-77af-487b-aef7-34d1d0ee189f: shutdown FollowerState
2019-10-16 21:02:14,952 [Thread-2812] INFO  impl.RaftServerImpl (RaftServerImpl.java:setRole(184)) - 4b287a15-77af-487b-aef7-34d1d0ee189f@group-83C26644CFDA: changes role from  FOLLOWER to CANDIDATE at term 423 for changeToCandidate
2019-10-16 21:02:14,952 [Thread-2812] INFO  impl.RoleInfo (RoleInfo.java:updateAndGet(143)) - 4b287a15-77af-487b-aef7-34d1d0ee189f: start LeaderElection
2019-10-16 21:02:14,973 [4b287a15-77af-487b-aef7-34d1d0ee189f@group-83C26644CFDA-LeaderElection399] INFO  impl.LeaderElection (LeaderElection.java:askForVotes(178)) - 4b287a15-77af-487b-aef7-34d1d0ee189f@group-83C26644CFDA-LeaderElection399: begin an election at term 424 for -1: [4b287a15-77af-487b-aef7-34d1d0ee189f:192.168.34.38:38597, 0aa3649f-570d-46c6-937f-492d7f3a8364:192.168.34.38:33209, 4a03179f-3169-4ac7-a075-259968512ef0:192.168.34.38:45833], old=null
2019-10-16 21:02:14,975 [grpc-default-executor-1] INFO  impl.RaftServerImpl (RaftServerImpl.java:setRole(184)) - 0aa3649f-570d-46c6-937f-492d7f3a8364@group-83C26644CFDA: changes role from  FOLLOWER to FOLLOWER at term 424 for recognizeCandidate:4b287a15-77af-487b-aef7-34d1d0ee189f
2019-10-16 21:02:14,975 [grpc-default-executor-2] INFO  impl.RaftServerImpl (RaftServerImpl.java:setRole(184)) - 4a03179f-3169-4ac7-a075-259968512ef0@group-83C26644CFDA: changes role from  FOLLOWER to FOLLOWER at term 424 for recognizeCandidate:4b287a15-77af-487b-aef7-34d1d0ee189f
2019-10-16 21:02:14,975 [grpc-default-executor-1] INFO  impl.RoleInfo (RoleInfo.java:shutdownFollowerState(121)) - 0aa3649f-570d-46c6-937f-492d7f3a8364: shutdown FollowerState
2019-10-16 21:02:14,976 [grpc-default-executor-2] INFO  impl.RoleInfo (RoleInfo.java:shutdownFollowerState(121)) - 4a03179f-3169-4ac7-a075-259968512ef0: shutdown FollowerState
2019-10-16 21:02:14,976 [Thread-2811] INFO  impl.FollowerState (FollowerState.java:run(117)) - 0aa3649f-570d-46c6-937f-492d7f3a8364@group-83C26644CFDA-FollowerState was interrupted: java.lang.InterruptedException: sleep interrupted
2019-10-16 21:02:14,976 [grpc-default-executor-1] INFO  impl.RoleInfo (RoleInfo.java:updateAndGet(143)) - 0aa3649f-570d-46c6-937f-492d7f3a8364: start FollowerState
2019-10-16 21:02:14,976 [Thread-2810] INFO  impl.FollowerState (FollowerState.java:run(117)) - 4a03179f-3169-4ac7-a075-259968512ef0@group-83C26644CFDA-FollowerState was interrupted: java.lang.InterruptedException: sleep interrupted
2019-10-16 21:02:14,976 [grpc-default-executor-2] INFO  impl.RoleInfo (RoleInfo.java:updateAndGet(143)) - 4a03179f-3169-4ac7-a075-259968512ef0: start FollowerState
2019-10-16 21:02:14,995 [4b287a15-77af-487b-aef7-34d1d0ee189f@group-83C26644CFDA-LeaderElection399] INFO  impl.LeaderElection (LeaderElection.java:logAndReturn(56)) - 4b287a15-77af-487b-aef7-34d1d0ee189f@group-83C26644CFDA-LeaderElection399: Election REJECTED; received 2 response(s) [4b287a15-77af-487b-aef7-34d1d0ee189f<-0aa3649f-570d-46c6-937f-492d7f3a8364#0:FAIL-t424, 4b287a15-77af-487b-aef7-34d1d0ee189f<-4a03179f-3169-4ac7-a075-259968512ef0#0:FAIL-t424] and 0 exception(s); 4b287a15-77af-487b-aef7-34d1d0ee189f@group-83C26644CFDA:t424, leader=null, voted=4b287a15-77af-487b-aef7-34d1d0ee189f, raftlog=4b287a15-77af-487b-aef7-34d1d0ee189f@group-83C26644CFDA-SegmentedRaftLog:OPENED:c-1,f-1,i0, conf=-1: [4b287a15-77af-487b-aef7-34d1d0ee189f:192.168.34.38:38597, 0aa3649f-570d-46c6-937f-492d7f3a8364:192.168.34.38:33209, 4a03179f-3169-4ac7-a075-259968512ef0:192.168.34.38:45833], old=null
2019-10-16 21:02:14,996 [4b287a15-77af-487b-aef7-34d1d0ee189f@group-83C26644CFDA-LeaderElection399] INFO  impl.RaftServerImpl (RaftServerImpl.java:setRole(184)) - 4b287a15-77af-487b-aef7-34d1d0ee189f@group-83C26644CFDA: changes role from CANDIDATE to FOLLOWER at term 424 for DISCOVERED_A_NEW_TERM
2019-10-16 21:02:14,996 [4b287a15-77af-487b-aef7-34d1d0ee189f@group-83C26644CFDA-LeaderElection399] INFO  impl.RoleInfo (RoleInfo.java:shutdownLeaderElection(134)) - 4b287a15-77af-487b-aef7-34d1d0ee189f: shutdown LeaderElection
2019-10-16 21:02:14,996 [4b287a15-77af-487b-aef7-34d1d0ee189f@group-83C26644CFDA-LeaderElection399] INFO  impl.RoleInfo (RoleInfo.java:updateAndGet(143)) - 4b287a15-77af-487b-aef7-34d1d0ee189f: start FollowerState
2019-10-16 21:02:15,036 [Thread-2818] INFO  impl.FollowerState (FollowerState.java:run(108)) - 4b287a15-77af-487b-aef7-34d1d0ee189f@group-83C26644CFDA-FollowerState: change to CANDIDATE, lastRpcTime:40ms, electionTimeout:40ms
2019-10-16 21:02:15,036 [Thread-2818] INFO  impl.RoleInfo (RoleInfo.java:shutdownFollowerState(121)) - 4b287a15-77af-487b-aef7-34d1d0ee189f: shutdown FollowerState
2019-10-16 21:02:15,037 [Thread-2818] INFO  impl.RaftServerImpl (RaftServerImpl.java:setRole(184)) - 4b287a15-77af-487b-aef7-34d1d0ee189f@group-83C26644CFDA: changes role from  FOLLOWER to CANDIDATE at term 424 for changeToCandidate
2019-10-16 21:02:15,037 [Thread-2818] INFO  impl.RoleInfo (RoleInfo.java:updateAndGet(143)) - 4b287a15-77af-487b-aef7-34d1d0ee189f: start LeaderElection
2019-10-16 21:02:15,058 [4b287a15-77af-487b-aef7-34d1d0ee189f@group-83C26644CFDA-LeaderElection400] INFO  impl.LeaderElection (LeaderElection.java:askForVotes(178)) - 4b287a15-77af-487b-aef7-34d1d0ee189f@group-83C26644CFDA-LeaderElection400: begin an election at term 425 for -1: [4b287a15-77af-487b-aef7-34d1d0ee189f:192.168.34.38:38597, 0aa3649f-570d-46c6-937f-492d7f3a8364:192.168.34.38:33209, 4a03179f-3169-4ac7-a075-259968512ef0:192.168.34.38:45833], old=null
2019-10-16 21:02:15,060 [grpc-default-executor-1] INFO  impl.RaftServerImpl (RaftServerImpl.java:setRole(184)) - 0aa3649f-570d-46c6-937f-492d7f3a8364@group-83C26644CFDA: changes role from  FOLLOWER to FOLLOWER at term 425 for recognizeCandidate:4b287a15-77af-487b-aef7-34d1d0ee189f
2019-10-16 21:02:15,061 [grpc-default-executor-1] INFO  impl.RoleInfo (RoleInfo.java:shutdownFollowerState(121)) - 0aa3649f-570d-46c6-937f-492d7f3a8364: shutdown FollowerState
2019-10-16 21:02:15,061 [grpc-default-executor-2] INFO  impl.RaftServerImpl (RaftServerImpl.java:setRole(184)) - 4a03179f-3169-4ac7-a075-259968512ef0@group-83C26644CFDA: changes role from  FOLLOWER to FOLLOWER at term 425 for recognizeCandidate:4b287a15-77af-487b-aef7-34d1d0ee189f
2019-10-16 21:02:15,061 [grpc-default-executor-2] INFO  impl.RoleInfo (RoleInfo.java:shutdownFollowerState(121)) - 4a03179f-3169-4ac7-a075-259968512ef0: shutdown FollowerState
2019-10-16 21:02:15,061 [Thread-2816] INFO  impl.FollowerState (FollowerState.java:run(117)) - 0aa3649f-570d-46c6-937f-492d7f3a8364@group-83C26644CFDA-FollowerState was interrupted: java.lang.InterruptedException: sleep interrupted
2019-10-16 21:02:15,061 [grpc-default-executor-1] INFO  impl.RoleInfo (RoleInfo.java:updateAndGet(143)) - 0aa3649f-570d-46c6-937f-492d7f3a8364: start FollowerState
2019-10-16 21:02:15,061 [Thread-2817] INFO  impl.FollowerState (FollowerState.java:run(117)) - 4a03179f-3169-4ac7-a075-259968512ef0@group-83C26644CFDA-FollowerState was interrupted: java.lang.InterruptedException: sleep interrupted
2019-10-16 21:02:15,061 [grpc-default-executor-2] INFO  impl.RoleInfo (RoleInfo.java:updateAndGet(143)) - 4a03179f-3169-4ac7-a075-259968512ef0: start FollowerState
2019-10-16 21:02:15,078 [4b287a15-77af-487b-aef7-34d1d0ee189f@group-83C26644CFDA-LeaderElection400] INFO  impl.LeaderElection (LeaderElection.java:logAndReturn(56)) - 4b287a15-77af-487b-aef7-34d1d0ee189f@group-83C26644CFDA-LeaderElection400: Election REJECTED; received 2 response(s) [4b287a15-77af-487b-aef7-34d1d0ee189f<-0aa3649f-570d-46c6-937f-492d7f3a8364#0:FAIL-t425, 4b287a15-77af-487b-aef7-34d1d0ee189f<-4a03179f-3169-4ac7-a075-259968512ef0#0:FAIL-t425] and 0 exception(s); 4b287a15-77af-487b-aef7-34d1d0ee189f@group-83C26644CFDA:t425, leader=null, voted=4b287a15-77af-487b-aef7-34d1d0ee189f, raftlog=4b287a15-77af-487b-aef7-34d1d0ee189f@group-83C26644CFDA-SegmentedRaftLog:OPENED:c-1,f-1,i0, conf=-1: [4b287a15-77af-487b-aef7-34d1d0ee189f:192.168.34.38:38597, 0aa3649f-570d-46c6-937f-492d7f3a8364:192.168.34.38:33209, 4a03179f-3169-4ac7-a075-259968512ef0:192.168.34.38:45833], old=null
2019-10-16 21:02:15,078 [4b287a15-77af-487b-aef7-34d1d0ee189f@group-83C26644CFDA-LeaderElection400] INFO  impl.RaftServerImpl (RaftServerImpl.java:setRole(184)) - 4b287a15-77af-487b-aef7-34d1d0ee189f@group-83C26644CFDA: changes role from CANDIDATE to FOLLOWER at term 425 for DISCOVERED_A_NEW_TERM
2019-10-16 21:02:15,078 [4b287a15-77af-487b-aef7-34d1d0ee189f@group-83C26644CFDA-LeaderElection400] INFO  impl.RoleInfo (RoleInfo.java:shutdownLeaderElection(134)) - 4b287a15-77af-487b-aef7-34d1d0ee189f: shutdown LeaderElection
2019-10-16 21:02:15,078 [4b287a15-77af-487b-aef7-34d1d0ee189f@group-83C26644CFDA-LeaderElection400] INFO  impl.RoleInfo (RoleInfo.java:updateAndGet(143)) - 4b287a15-77af-487b-aef7-34d1d0ee189f: start FollowerState
2019-10-16 21:02:15,253 [Thread-2824] INFO  impl.FollowerState (FollowerState.java:run(108)) - 4b287a15-77af-487b-aef7-34d1d0ee189f@group-83C26644CFDA-FollowerState: change to CANDIDATE, lastRpcTime:174ms, electionTimeout:174ms
2019-10-16 21:02:15,253 [Thread-2824] INFO  impl.RoleInfo (RoleInfo.java:shutdownFollowerState(121)) - 4b287a15-77af-487b-aef7-34d1d0ee189f: shutdown FollowerState
2019-10-16 21:02:15,253 [Thread-2824] INFO  impl.RaftServerImpl (RaftServerImpl.java:setRole(184)) - 4b287a15-77af-487b-aef7-34d1d0ee189f@group-83C26644CFDA: changes role from  FOLLOWER to CANDIDATE at term 425 for changeToCandidate
2019-10-16 21:02:15,253 [Thread-2824] INFO  impl.RoleInfo (RoleInfo.java:updateAndGet(143)) - 4b287a15-77af-487b-aef7-34d1d0ee189f: start LeaderElection
2019-10-16 21:02:15,258 [4b287a15-77af-487b-aef7-34d1d0ee189f@group-83C26644CFDA-LeaderElection401] INFO  impl.LeaderElection (LeaderElection.java:askForVotes(178)) - 4b287a15-77af-487b-aef7-34d1d0ee189f@group-83C26644CFDA-LeaderElection401: begin an election at term 426 for -1: [4b287a15-77af-487b-aef7-34d1d0ee189f:192.168.34.38:38597, 0aa3649f-570d-46c6-937f-492d7f3a8364:192.168.34.38:33209, 4a03179f-3169-4ac7-a075-259968512ef0:192.168.34.38:45833], old=null
2019-10-16 21:02:15,260 [grpc-default-executor-1] INFO  impl.RaftServerImpl (RaftServerImpl.java:setRole(184)) - 0aa3649f-570d-46c6-937f-492d7f3a8364@group-83C26644CFDA: changes role from  FOLLOWER to FOLLOWER at term 426 for recognizeCandidate:4b287a15-77af-487b-aef7-34d1d0ee189f
2019-10-16 21:02:15,261 [grpc-default-executor-1] INFO  impl.RoleInfo (RoleInfo.java:shutdownFollowerState(121)) - 0aa3649f-570d-46c6-937f-492d7f3a8364: shutdown FollowerState
2019-10-16 21:02:15,261 [grpc-default-executor-2] INFO  impl.RaftServerImpl (RaftServerImpl.java:setRole(184)) - 4a03179f-3169-4ac7-a075-259968512ef0@group-83C26644CFDA: changes role from  FOLLOWER to FOLLOWER at term 426 for recognizeCandidate:4b287a15-77af-487b-aef7-34d1d0ee189f
2019-10-16 21:02:15,261 [Thread-2822] INFO  impl.FollowerState (FollowerState.java:run(117)) - 0aa3649f-570d-46c6-937f-492d7f3a8364@group-83C26644CFDA-FollowerState was interrupted: java.lang.InterruptedException: sleep interrupted
2019-10-16 21:02:15,261 [grpc-default-executor-1] INFO  impl.RoleInfo (RoleInfo.java:updateAndGet(143)) - 0aa3649f-570d-46c6-937f-492d7f3a8364: start FollowerState
2019-10-16 21:02:15,261 [grpc-default-executor-2] INFO  impl.RoleInfo (RoleInfo.java:shutdownFollowerState(121)) - 4a03179f-3169-4ac7-a075-259968512ef0: shutdown FollowerState
2019-10-16 21:02:15,262 [grpc-default-executor-2] INFO  impl.RoleInfo (RoleInfo.java:updateAndGet(143)) - 4a03179f-3169-4ac7-a075-259968512ef0: start FollowerState
2019-10-16 21:02:15,262 [Thread-2823] INFO  impl.FollowerState (FollowerState.java:run(117)) - 4a03179f-3169-4ac7-a075-259968512ef0@group-83C26644CFDA-FollowerState was interrupted: java.lang.InterruptedException: sleep interrupted
2019-10-16 21:02:15,271 [4b287a15-77af-487b-aef7-34d1d0ee189f@group-83C26644CFDA-LeaderElection401] INFO  impl.LeaderElection (LeaderElection.java:logAndReturn(56)) - 4b287a15-77af-487b-aef7-34d1d0ee189f@group-83C26644CFDA-LeaderElection401: Election REJECTED; received 2 response(s) [4b287a15-77af-487b-aef7-34d1d0ee189f<-0aa3649f-570d-46c6-937f-492d7f3a8364#0:FAIL-t426, 4b287a15-77af-487b-aef7-34d1d0ee189f<-4a03179f-3169-4ac7-a075-259968512ef0#0:FAIL-t426] and 0 exception(s); 4b287a15-77af-487b-aef7-34d1d0ee189f@group-83C26644CFDA:t426, leader=null, voted=4b287a15-77af-487b-aef7-34d1d0ee189f, raftlog=4b287a15-77af-487b-aef7-34d1d0ee189f@group-83C26644CFDA-SegmentedRaftLog:OPENED:c-1,f-1,i0, conf=-1: [4b287a15-77af-487b-aef7-34d1d0ee189f:192.168.34.38:38597, 0aa3649f-570d-46c6-937f-492d7f3a8364:192.168.34.38:33209, 4a03179f-3169-4ac7-a075-259968512ef0:192.168.34.38:45833], old=null
2019-10-16 21:02:15,272 [4b287a15-77af-487b-aef7-34d1d0ee189f@group-83C26644CFDA-LeaderElection401] INFO  impl.RaftServerImpl (RaftServerImpl.java:setRole(184)) - 4b287a15-77af-487b-aef7-34d1d0ee189f@group-83C26644CFDA: changes role from CANDIDATE to FOLLOWER at term 426 for DISCOVERED_A_NEW_TERM
2019-10-16 21:02:15,272 [4b287a15-77af-487b-aef7-34d1d0ee189f@group-83C26644CFDA-LeaderElection401] INFO  impl.RoleInfo (RoleInfo.java:shutdownLeaderElection(134)) - 4b287a15-77af-487b-aef7-34d1d0ee189f: shutdown LeaderElection
2019-10-16 21:02:15,272 [4b287a15-77af-487b-aef7-34d1d0ee189f@group-83C26644CFDA-LeaderElection401] INFO  impl.RoleInfo (RoleInfo.java:updateAndGet(143)) - 4b287a15-77af-487b-aef7-34d1d0ee189f: start FollowerState
2019-10-16 21:02:15,361 [Thread-2830] INFO  impl.FollowerState (FollowerState.java:run(108)) - 4b287a15-77af-487b-aef7-34d1d0ee189f@group-83C26644CFDA-FollowerState: change to CANDIDATE, lastRpcTime:89ms, electionTimeout:89ms
2019-10-16 21:02:15,361 [Thread-2830] INFO  impl.RoleInfo (RoleInfo.java:shutdownFollowerState(121)) - 4b287a15-77af-487b-aef7-34d1d0ee189f: shutdown FollowerState
2019-10-16 21:02:15,362 [Thread-2830] INFO  impl.RaftServerImpl (RaftServerImpl.java:setRole(184)) - 4b287a15-77af-487b-aef7-34d1d0ee189f@group-83C26644CFDA: changes role from  FOLLOWER to CANDIDATE at term 426 for changeToCandidate
2019-10-16 21:02:15,362 [Thread-2830] INFO  impl.RoleInfo (RoleInfo.java:updateAndGet(143)) - 4b287a15-77af-487b-aef7-34d1d0ee189f: start LeaderElection
2019-10-16 21:02:15,375 [4b287a15-77af-487b-aef7-34d1d0ee189f@group-83C26644CFDA-LeaderElection402] INFO  impl.LeaderElection (LeaderElection.java:askForVotes(178)) - 4b287a15-77af-487b-aef7-34d1d0ee189f@group-83C26644CFDA-LeaderElection402: begin an election at term 427 for -1: [4b287a15-77af-487b-aef7-34d1d0ee189f:192.168.34.38:38597, 0aa3649f-570d-46c6-937f-492d7f3a8364:192.168.34.38:33209, 4a03179f-3169-4ac7-a075-259968512ef0:192.168.34.38:45833], old=null
2019-10-16 21:02:15,376 [grpc-default-executor-2] INFO  impl.RaftServerImpl (RaftServerImpl.java:setRole(184)) - 0aa3649f-570d-46c6-937f-492d7f3a8364@group-83C26644CFDA: changes role from  FOLLOWER to FOLLOWER at term 427 for recognizeCandidate:4b287a15-77af-487b-aef7-34d1d0ee189f
2019-10-16 21:02:15,377 [grpc-default-executor-1] INFO  impl.RaftServerImpl (RaftServerImpl.java:setRole(184)) - 4a03179f-3169-4ac7-a075-259968512ef0@group-83C26644CFDA: changes role from  FOLLOWER to FOLLOWER at term 427 for recognizeCandidate:4b287a15-77af-487b-aef7-34d1d0ee189f
2019-10-16 21:02:15,377 [grpc-default-executor-1] INFO  impl.RoleInfo (RoleInfo.java:shutdownFollowerState(121)) - 4a03179f-3169-4ac7-a075-259968512ef0: shutdown FollowerState
2019-10-16 21:02:15,377 [grpc-default-executor-2] INFO  impl.RoleInfo (RoleInfo.java:shutdownFollowerState(121)) - 0aa3649f-570d-46c6-937f-492d7f3a8364: shutdown FollowerState
2019-10-16 21:02:15,377 [Thread-2829] INFO  impl.FollowerState (FollowerState.java:run(117)) - 4a03179f-3169-4ac7-a075-259968512ef0@group-83C26644CFDA-FollowerState was interrupted: java.lang.InterruptedException: sleep interrupted
2019-10-16 21:02:15,377 [grpc-default-executor-1] INFO  impl.RoleInfo (RoleInfo.java:updateAndGet(143)) - 4a03179f-3169-4ac7-a075-259968512ef0: start FollowerState
2019-10-16 21:02:15,377 [Thread-2828] INFO  impl.FollowerState (FollowerState.java:run(117)) - 0aa3649f-570d-46c6-937f-492d7f3a8364@group-83C26644CFDA-FollowerState was interrupted: java.lang.InterruptedException: sleep interrupted
2019-10-16 21:02:15,377 [grpc-default-executor-2] INFO  impl.RoleInfo (RoleInfo.java:updateAndGet(143)) - 0aa3649f-570d-46c6-937f-492d7f3a8364: start FollowerState
2019-10-16 21:02:15,396 [4b287a15-77af-487b-aef7-34d1d0ee189f@group-83C26644CFDA-LeaderElection402] INFO  impl.LeaderElection (LeaderElection.java:logAndReturn(56)) - 4b287a15-77af-487b-aef7-34d1d0ee189f@group-83C26644CFDA-LeaderElection402: Election REJECTED; received 2 response(s) [4b287a15-77af-487b-aef7-34d1d0ee189f<-0aa3649f-570d-46c6-937f-492d7f3a8364#0:FAIL-t427, 4b287a15-77af-487b-aef7-34d1d0ee189f<-4a03179f-3169-4ac7-a075-259968512ef0#0:FAIL-t427] and 0 exception(s); 4b287a15-77af-487b-aef7-34d1d0ee189f@group-83C26644CFDA:t427, leader=null, voted=4b287a15-77af-487b-aef7-34d1d0ee189f, raftlog=4b287a15-77af-487b-aef7-34d1d0ee189f@group-83C26644CFDA-SegmentedRaftLog:OPENED:c-1,f-1,i0, conf=-1: [4b287a15-77af-487b-aef7-34d1d0ee189f:192.168.34.38:38597, 0aa3649f-570d-46c6-937f-492d7f3a8364:192.168.34.38:33209, 4a03179f-3169-4ac7-a075-259968512ef0:192.168.34.38:45833], old=null
2019-10-16 21:02:15,396 [4b287a15-77af-487b-aef7-34d1d0ee189f@group-83C26644CFDA-LeaderElection402] INFO  impl.RaftServerImpl (RaftServerImpl.java:setRole(184)) - 4b287a15-77af-487b-aef7-34d1d0ee189f@group-83C26644CFDA: changes role from CANDIDATE to FOLLOWER at term 427 for DISCOVERED_A_NEW_TERM
2019-10-16 21:02:15,396 [4b287a15-77af-487b-aef7-34d1d0ee189f@group-83C26644CFDA-LeaderElection402] INFO  impl.RoleInfo (RoleInfo.java:shutdownLeaderElection(134)) - 4b287a15-77af-487b-aef7-34d1d0ee189f: shutdown LeaderElection
2019-10-16 21:02:15,396 [4b287a15-77af-487b-aef7-34d1d0ee189f@group-83C26644CFDA-LeaderElection402] INFO  impl.RoleInfo (RoleInfo.java:updateAndGet(143)) - 4b287a15-77af-487b-aef7-34d1d0ee189f: start FollowerState
2019-10-16 21:02:15,421 [Thread-2836] INFO  impl.FollowerState (FollowerState.java:run(108)) - 4b287a15-77af-487b-aef7-34d1d0ee189f@group-83C26644CFDA-FollowerState: change to CANDIDATE, lastRpcTime:24ms, electionTimeout:24ms
2019-10-16 21:02:15,421 [Thread-2836] INFO  impl.RoleInfo (RoleInfo.java:shutdownFollowerState(121)) - 4b287a15-77af-487b-aef7-34d1d0ee189f: shutdown FollowerState
2019-10-16 21:02:15,421 [Thread-2836] INFO  impl.RaftServerImpl (RaftServerImpl.java:setRole(184)) - 4b287a15-77af-487b-aef7-34d1d0ee189f@group-83C26644CFDA: changes role from  FOLLOWER to CANDIDATE at term 427 for changeToCandidate
2019-10-16 21:02:15,421 [Thread-2836] INFO  impl.RoleInfo (RoleInfo.java:updateAndGet(143)) - 4b287a15-77af-487b-aef7-34d1d0ee189f: start LeaderElection
2019-10-16 21:02:15,426 [4b287a15-77af-487b-aef7-34d1d0ee189f@group-83C26644CFDA-LeaderElection403] INFO  impl.LeaderElection (LeaderElection.java:askForVotes(178)) - 4b287a15-77af-487b-aef7-34d1d0ee189f@group-83C26644CFDA-LeaderElection403: begin an election at term 428 for -1: [4b287a15-77af-487b-aef7-34d1d0ee189f:192.168.34.38:38597, 0aa3649f-570d-46c6-937f-492d7f3a8364:192.168.34.38:33209, 4a03179f-3169-4ac7-a075-259968512ef0:192.168.34.38:45833], old=null
2019-10-16 21:02:15,428 [grpc-default-executor-2] INFO  impl.RaftServerImpl (RaftServerImpl.java:setRole(184)) - 0aa3649f-570d-46c6-937f-492d7f3a8364@group-83C26644CFDA: changes role from  FOLLOWER to FOLLOWER at term 428 for recognizeCandidate:4b287a15-77af-487b-aef7-34d1d0ee189f
2019-10-16 21:02:15,428 [grpc-default-executor-2] INFO  impl.RoleInfo (RoleInfo.java:shutdownFollowerState(121)) - 0aa3649f-570d-46c6-937f-492d7f3a8364: shutdown FollowerState
2019-10-16 21:02:15,428 [grpc-default-executor-1] INFO  impl.RaftServerImpl (RaftServerImpl.java:setRole(184)) - 4a03179f-3169-4ac7-a075-259968512ef0@group-83C26644CFDA: changes role from  FOLLOWER to FOLLOWER at term 428 for recognizeCandidate:4b287a15-77af-487b-aef7-34d1d0ee189f
2019-10-16 21:02:15,429 [Thread-2835] INFO  impl.FollowerState (FollowerState.java:run(117)) - 0aa3649f-570d-46c6-937f-492d7f3a8364@group-83C26644CFDA-FollowerState was interrupted: java.lang.InterruptedException: sleep interrupted
2019-10-16 21:02:15,429 [grpc-default-executor-2] INFO  impl.RoleInfo (RoleInfo.java:updateAndGet(143)) - 0aa3649f-570d-46c6-937f-492d7f3a8364: start FollowerState
2019-10-16 21:02:15,429 [grpc-default-executor-1] INFO  impl.RoleInfo (RoleInfo.java:shutdownFollowerState(121)) - 4a03179f-3169-4ac7-a075-259968512ef0: shutdown FollowerState
2019-10-16 21:02:15,429 [grpc-default-executor-1] INFO  impl.RoleInfo (RoleInfo.java:updateAndGet(143)) - 4a03179f-3169-4ac7-a075-259968512ef0: start FollowerState
2019-10-16 21:02:15,429 [Thread-2834] INFO  impl.FollowerState (FollowerState.java:run(117)) - 4a03179f-3169-4ac7-a075-259968512ef0@group-83C26644CFDA-FollowerState was interrupted: java.lang.InterruptedException: sleep interrupted
2019-10-16 21:02:15,444 [4b287a15-77af-487b-aef7-34d1d0ee189f@group-83C26644CFDA-LeaderElection403] INFO  impl.LeaderElection (LeaderElection.java:logAndReturn(56)) - 4b287a15-77af-487b-aef7-34d1d0ee189f@group-83C26644CFDA-LeaderElection403: Election REJECTED; received 2 response(s) [4b287a15-77af-487b-aef7-34d1d0ee189f<-0aa3649f-570d-46c6-937f-492d7f3a8364#0:FAIL-t428, 4b287a15-77af-487b-aef7-34d1d0ee189f<-4a03179f-3169-4ac7-a075-259968512ef0#0:FAIL-t428] and 0 exception(s); 4b287a15-77af-487b-aef7-34d1d0ee189f@group-83C26644CFDA:t428, leader=null, voted=4b287a15-77af-487b-aef7-34d1d0ee189f, raftlog=4b287a15-77af-487b-aef7-34d1d0ee189f@group-83C26644CFDA-SegmentedRaftLog:OPENED:c-1,f-1,i0, conf=-1: [4b287a15-77af-487b-aef7-34d1d0ee189f:192.168.34.38:38597, 0aa3649f-570d-46c6-937f-492d7f3a8364:192.168.34.38:33209, 4a03179f-3169-4ac7-a075-259968512ef0:192.168.34.38:45833], old=null
2019-10-16 21:02:15,444 [4b287a15-77af-487b-aef7-34d1d0ee189f@group-83C26644CFDA-LeaderElection403] INFO  impl.RaftServerImpl (RaftServerImpl.java:setRole(184)) - 4b287a15-77af-487b-aef7-34d1d0ee189f@group-83C26644CFDA: changes role from CANDIDATE to FOLLOWER at term 428 for DISCOVERED_A_NEW_TERM
2019-10-16 21:02:15,444 [4b287a15-77af-487b-aef7-34d1d0ee189f@group-83C26644CFDA-LeaderElection403] INFO  impl.RoleInfo (RoleInfo.java:shutdownLeaderElection(134)) - 4b287a15-77af-487b-aef7-34d1d0ee189f: shutdown LeaderElection
2019-10-16 21:02:15,444 [4b287a15-77af-487b-aef7-34d1d0ee189f@group-83C26644CFDA-LeaderElection403] INFO  impl.RoleInfo (RoleInfo.java:updateAndGet(143)) - 4b287a15-77af-487b-aef7-34d1d0ee189f: start FollowerState
2019-10-16 21:02:15,471 [Thread-2842] INFO  impl.FollowerState (FollowerState.java:run(108)) - 4b287a15-77af-487b-aef7-34d1d0ee189f@group-83C26644CFDA-FollowerState: change to CANDIDATE, lastRpcTime:26ms, electionTimeout:26ms
2019-10-16 21:02:15,471 [Thread-2842] INFO  impl.RoleInfo (RoleInfo.java:shutdownFollowerState(121)) - 4b287a15-77af-487b-aef7-34d1d0ee189f: shutdown FollowerState
2019-10-16 21:02:15,471 [Thread-2842] INFO  impl.RaftServerImpl (RaftServerImpl.java:setRole(184)) - 4b287a15-77af-487b-aef7-34d1d0ee189f@group-83C26644CFDA: changes role from  FOLLOWER to CANDIDATE at term 428 for changeToCandidate
2019-10-16 21:02:15,471 [Thread-2842] INFO  impl.RoleInfo (RoleInfo.java:updateAndGet(143)) - 4b287a15-77af-487b-aef7-34d1d0ee189f: start LeaderElection
2019-10-16 21:02:15,484 [4b287a15-77af-487b-aef7-34d1d0ee189f@group-83C26644CFDA-LeaderElection404] INFO  impl.LeaderElection (LeaderElection.java:askForVotes(178)) - 4b287a15-77af-487b-aef7-34d1d0ee189f@group-83C26644CFDA-LeaderElection404: begin an election at term 429 for -1: [4b287a15-77af-487b-aef7-34d1d0ee189f:192.168.34.38:38597, 0aa3649f-570d-46c6-937f-492d7f3a8364:192.168.34.38:33209, 4a03179f-3169-4ac7-a075-259968512ef0:192.168.34.38:45833], old=null
2019-10-16 21:02:15,486 [grpc-default-executor-1] INFO  impl.RaftServerImpl (RaftServerImpl.java:setRole(184)) - 0aa3649f-570d-46c6-937f-492d7f3a8364@group-83C26644CFDA: changes role from  FOLLOWER to FOLLOWER at term 429 for recognizeCandidate:4b287a15-77af-487b-aef7-34d1d0ee189f
2019-10-16 21:02:15,486 [grpc-default-executor-2] INFO  impl.RaftServerImpl (RaftServerImpl.java:setRole(184)) - 4a03179f-3169-4ac7-a075-259968512ef0@group-83C26644CFDA: changes role from  FOLLOWER to FOLLOWER at term 429 for recognizeCandidate:4b287a15-77af-487b-aef7-34d1d0ee189f
2019-10-16 21:02:15,486 [grpc-default-executor-1] INFO  impl.RoleInfo (RoleInfo.java:shutdownFollowerState(121)) - 0aa3649f-570d-46c6-937f-492d7f3a8364: shutdown FollowerState
2019-10-16 21:02:15,486 [grpc-default-executor-2] INFO  impl.RoleInfo (RoleInfo.java:shutdownFollowerState(121)) - 4a03179f-3169-4ac7-a075-259968512ef0: shutdown FollowerState
2019-10-16 21:02:15,486 [Thread-2840] INFO  impl.FollowerState (FollowerState.java:run(117)) - 0aa3649f-570d-46c6-937f-492d7f3a8364@group-83C26644CFDA-FollowerState was interrupted: java.lang.InterruptedException: sleep interrupted
2019-10-16 21:02:15,486 [grpc-default-executor-1] INFO  impl.RoleInfo (RoleInfo.java:updateAndGet(143)) - 0aa3649f-570d-46c6-937f-492d7f3a8364: start FollowerState
2019-10-16 21:02:15,486 [Thread-2841] INFO  impl.FollowerState (FollowerState.java:run(117)) - 4a03179f-3169-4ac7-a075-259968512ef0@group-83C26644CFDA-FollowerState was interrupted: java.lang.InterruptedException: sleep interrupted
2019-10-16 21:02:15,486 [grpc-default-executor-2] INFO  impl.RoleInfo (RoleInfo.java:updateAndGet(143)) - 4a03179f-3169-4ac7-a075-259968512ef0: start FollowerState
2019-10-16 21:02:15,501 [4b287a15-77af-487b-aef7-34d1d0ee189f@group-83C26644CFDA-LeaderElection404] INFO  impl.LeaderElection (LeaderElection.java:logAndReturn(56)) - 4b287a15-77af-487b-aef7-34d1d0ee189f@group-83C26644CFDA-LeaderElection404: Election REJECTED; received 2 response(s) [4b287a15-77af-487b-aef7-34d1d0ee189f<-0aa3649f-570d-46c6-937f-492d7f3a8364#0:FAIL-t429, 4b287a15-77af-487b-aef7-34d1d0ee189f<-4a03179f-3169-4ac7-a075-259968512ef0#0:FAIL-t429] and 0 exception(s); 4b287a15-77af-487b-aef7-34d1d0ee189f@group-83C26644CFDA:t429, leader=null, voted=4b287a15-77af-487b-aef7-34d1d0ee189f, raftlog=4b287a15-77af-487b-aef7-34d1d0ee189f@group-83C26644CFDA-SegmentedRaftLog:OPENED:c-1,f-1,i0, conf=-1: [4b287a15-77af-487b-aef7-34d1d0ee189f:192.168.34.38:38597, 0aa3649f-570d-46c6-937f-492d7f3a8364:192.168.34.38:33209, 4a03179f-3169-4ac7-a075-259968512ef0:192.168.34.38:45833], old=null
2019-10-16 21:02:15,501 [4b287a15-77af-487b-aef7-34d1d0ee189f@group-83C26644CFDA-LeaderElection404] INFO  impl.RaftServerImpl (RaftServerImpl.java:setRole(184)) - 4b287a15-77af-487b-aef7-34d1d0ee189f@group-83C26644CFDA: changes role from CANDIDATE to FOLLOWER at term 429 for DISCOVERED_A_NEW_TERM
2019-10-16 21:02:15,501 [4b287a15-77af-487b-aef7-34d1d0ee189f@group-83C26644CFDA-LeaderElection404] INFO  impl.RoleInfo (RoleInfo.java:shutdownLeaderElection(134)) - 4b287a15-77af-487b-aef7-34d1d0ee189f: shutdown LeaderElection
2019-10-16 21:02:15,501 [4b287a15-77af-487b-aef7-34d1d0ee189f@group-83C26644CFDA-LeaderElection404] INFO  impl.RoleInfo (RoleInfo.java:updateAndGet(143)) - 4b287a15-77af-487b-aef7-34d1d0ee189f: start FollowerState
2019-10-16 21:02:15,520 [Thread-2848] INFO  impl.FollowerState (FollowerState.java:run(108)) - 4b287a15-77af-487b-aef7-34d1d0ee189f@group-83C26644CFDA-FollowerState: change to CANDIDATE, lastRpcTime:19ms, electionTimeout:19ms
2019-10-16 21:02:15,520 [Thread-2848] INFO  impl.RoleInfo (RoleInfo.java:shutdownFollowerState(121)) - 4b287a15-77af-487b-aef7-34d1d0ee189f: shutdown FollowerState
2019-10-16 21:02:15,520 [Thread-2848] INFO  impl.RaftServerImpl (RaftServerImpl.java:setRole(184)) - 4b287a15-77af-487b-aef7-34d1d0ee189f@group-83C26644CFDA: changes role from  FOLLOWER to CANDIDATE at term 429 for changeToCandidate
2019-10-16 21:02:15,520 [Thread-2848] INFO  impl.RoleInfo (RoleInfo.java:updateAndGet(143)) - 4b287a15-77af-487b-aef7-34d1d0ee189f: start LeaderElection
2019-10-16 21:02:15,529 [4b287a15-77af-487b-aef7-34d1d0ee189f@group-83C26644CFDA-LeaderElection405] INFO  impl.LeaderElection (LeaderElection.java:askForVotes(178)) - 4b287a15-77af-487b-aef7-34d1d0ee189f@group-83C26644CFDA-LeaderElection405: begin an election at term 430 for -1: [4b287a15-77af-487b-aef7-34d1d0ee189f:192.168.34.38:38597, 0aa3649f-570d-46c6-937f-492d7f3a8364:192.168.34.38:33209, 4a03179f-3169-4ac7-a075-259968512ef0:192.168.34.38:45833], old=null
2019-10-16 21:02:15,530 [grpc-default-executor-2] INFO  impl.RaftServerImpl (RaftServerImpl.java:setRole(184)) - 0aa3649f-570d-46c6-937f-492d7f3a8364@group-83C26644CFDA: changes role from  FOLLOWER to FOLLOWER at term 430 for recognizeCandidate:4b287a15-77af-487b-aef7-34d1d0ee189f
2019-10-16 21:02:15,530 [grpc-default-executor-1] INFO  impl.RaftServerImpl (RaftServerImpl.java:setRole(184)) - 4a03179f-3169-4ac7-a075-259968512ef0@group-83C26644CFDA: changes role from  FOLLOWER to FOLLOWER at term 430 for recognizeCandidate:4b287a15-77af-487b-aef7-34d1d0ee189f
2019-10-16 21:02:15,530 [grpc-default-executor-1] INFO  impl.RoleInfo (RoleInfo.java:shutdownFollowerState(121)) - 4a03179f-3169-4ac7-a075-259968512ef0: shutdown FollowerState
2019-10-16 21:02:15,530 [grpc-default-executor-2] INFO  impl.RoleInfo (RoleInfo.java:shutdownFollowerState(121)) - 0aa3649f-570d-46c6-937f-492d7f3a8364: shutdown FollowerState
2019-10-16 21:02:15,531 [Thread-2847] INFO  impl.FollowerState (FollowerState.java:run(117)) - 4a03179f-3169-4ac7-a075-259968512ef0@group-83C26644CFDA-FollowerState was interrupted: java.lang.InterruptedException: sleep interrupted
2019-10-16 21:02:15,531 [grpc-default-executor-1] INFO  impl.RoleInfo (RoleInfo.java:updateAndGet(143)) - 4a03179f-3169-4ac7-a075-259968512ef0: start FollowerState
2019-10-16 21:02:15,531 [Thread-2846] INFO  impl.FollowerState (FollowerState.java:run(117)) - 0aa3649f-570d-46c6-937f-492d7f3a8364@group-83C26644CFDA-FollowerState was interrupted: java.lang.InterruptedException: sleep interrupted
2019-10-16 21:02:15,531 [grpc-default-executor-2] INFO  impl.RoleInfo (RoleInfo.java:updateAndGet(143)) - 0aa3649f-570d-46c6-937f-492d7f3a8364: start FollowerState
2019-10-16 21:02:15,532 [4b287a15-77af-487b-aef7-34d1d0ee189f@group-83C26644CFDA-LeaderElection405] INFO  impl.LeaderElection (LeaderElection.java:logAndReturn(56)) - 4b287a15-77af-487b-aef7-34d1d0ee189f@group-83C26644CFDA-LeaderElection405: Election TIMEOUT; received 0 response(s) [] and 0 exception(s); 4b287a15-77af-487b-aef7-34d1d0ee189f@group-83C26644CFDA:t430, leader=null, voted=4b287a15-77af-487b-aef7-34d1d0ee189f, raftlog=4b287a15-77af-487b-aef7-34d1d0ee189f@group-83C26644CFDA-SegmentedRaftLog:OPENED:c-1,f-1,i0, conf=-1: [4b287a15-77af-487b-aef7-34d1d0ee189f:192.168.34.38:38597, 0aa3649f-570d-46c6-937f-492d7f3a8364:192.168.34.38:33209, 4a03179f-3169-4ac7-a075-259968512ef0:192.168.34.38:45833], old=null
2019-10-16 21:02:15,545 [4b287a15-77af-487b-aef7-34d1d0ee189f@group-83C26644CFDA-LeaderElection405] INFO  impl.LeaderElection (LeaderElection.java:askForVotes(178)) - 4b287a15-77af-487b-aef7-34d1d0ee189f@group-83C26644CFDA-LeaderElection405: begin an election at term 431 for -1: [4b287a15-77af-487b-aef7-34d1d0ee189f:192.168.34.38:38597, 0aa3649f-570d-46c6-937f-492d7f3a8364:192.168.34.38:33209, 4a03179f-3169-4ac7-a075-259968512ef0:192.168.34.38:45833], old=null
2019-10-16 21:02:15,547 [grpc-default-executor-1] INFO  impl.RaftServerImpl (RaftServerImpl.java:setRole(184)) - 4a03179f-3169-4ac7-a075-259968512ef0@group-83C26644CFDA: changes role from  FOLLOWER to FOLLOWER at term 431 for recognizeCandidate:4b287a15-77af-487b-aef7-34d1d0ee189f
2019-10-16 21:02:15,547 [grpc-default-executor-1] INFO  impl.RoleInfo (RoleInfo.java:shutdownFollowerState(121)) - 4a03179f-3169-4ac7-a075-259968512ef0: shutdown FollowerState
2019-10-16 21:02:15,547 [grpc-default-executor-1] INFO  impl.RoleInfo (RoleInfo.java:updateAndGet(143)) - 4a03179f-3169-4ac7-a075-259968512ef0: start FollowerState
2019-10-16 21:02:15,547 [grpc-default-executor-2] INFO  impl.RaftServerImpl (RaftServerImpl.java:setRole(184)) - 0aa3649f-570d-46c6-937f-492d7f3a8364@group-83C26644CFDA: changes role from  FOLLOWER to FOLLOWER at term 431 for recognizeCandidate:4b287a15-77af-487b-aef7-34d1d0ee189f
2019-10-16 21:02:15,547 [Thread-2852] INFO  impl.FollowerState (FollowerState.java:run(117)) - 4a03179f-3169-4ac7-a075-259968512ef0@group-83C26644CFDA-FollowerState was interrupted: java.lang.InterruptedException: sleep interrupted
2019-10-16 21:02:15,547 [grpc-default-executor-2] INFO  impl.RoleInfo (RoleInfo.java:shutdownFollowerState(121)) - 0aa3649f-570d-46c6-937f-492d7f3a8364: shutdown FollowerState
2019-10-16 21:02:15,548 [Thread-2853] INFO  impl.FollowerState (FollowerState.java:run(117)) - 0aa3649f-570d-46c6-937f-492d7f3a8364@group-83C26644CFDA-FollowerState was interrupted: java.lang.InterruptedException: sleep interrupted
2019-10-16 21:02:15,548 [grpc-default-executor-2] INFO  impl.RoleInfo (RoleInfo.java:updateAndGet(143)) - 0aa3649f-570d-46c6-937f-492d7f3a8364: start FollowerState
2019-10-16 21:02:15,559 [4b287a15-77af-487b-aef7-34d1d0ee189f@group-83C26644CFDA-LeaderElection405] INFO  impl.LeaderElection (LeaderElection.java:logAndReturn(56)) - 4b287a15-77af-487b-aef7-34d1d0ee189f@group-83C26644CFDA-LeaderElection405: Election REJECTED; received 2 response(s) [4b287a15-77af-487b-aef7-34d1d0ee189f<-0aa3649f-570d-46c6-937f-492d7f3a8364#0:FAIL-t431, 4b287a15-77af-487b-aef7-34d1d0ee189f<-4a03179f-3169-4ac7-a075-259968512ef0#0:FAIL-t431] and 0 exception(s); 4b287a15-77af-487b-aef7-34d1d0ee189f@group-83C26644CFDA:t431, leader=null, voted=4b287a15-77af-487b-aef7-34d1d0ee189f, raftlog=4b287a15-77af-487b-aef7-34d1d0ee189f@group-83C26644CFDA-SegmentedRaftLog:OPENED:c-1,f-1,i0, conf=-1: [4b287a15-77af-487b-aef7-34d1d0ee189f:192.168.34.38:38597, 0aa3649f-570d-46c6-937f-492d7f3a8364:192.168.34.38:33209, 4a03179f-3169-4ac7-a075-259968512ef0:192.168.34.38:45833], old=null
2019-10-16 21:02:15,559 [4b287a15-77af-487b-aef7-34d1d0ee189f@group-83C26644CFDA-LeaderElection405] INFO  impl.RaftServerImpl (RaftServerImpl.java:setRole(184)) - 4b287a15-77af-487b-aef7-34d1d0ee189f@group-83C26644CFDA: changes role from CANDIDATE to FOLLOWER at term 431 for DISCOVERED_A_NEW_TERM
2019-10-16 21:02:15,560 [4b287a15-77af-487b-aef7-34d1d0ee189f@group-83C26644CFDA-LeaderElection405] INFO  impl.RoleInfo (RoleInfo.java:shutdownLeaderElection(134)) - 4b287a15-77af-487b-aef7-34d1d0ee189f: shutdown LeaderElection
2019-10-16 21:02:15,560 [4b287a15-77af-487b-aef7-34d1d0ee189f@group-83C26644CFDA-LeaderElection405] INFO  impl.RoleInfo (RoleInfo.java:updateAndGet(143)) - 4b287a15-77af-487b-aef7-34d1d0ee189f: start FollowerState
2019-10-16 21:02:15,747 [Thread-2858] INFO  impl.FollowerState (FollowerState.java:run(108)) - 4b287a15-77af-487b-aef7-34d1d0ee189f@group-83C26644CFDA-FollowerState: change to CANDIDATE, lastRpcTime:187ms, electionTimeout:187ms
2019-10-16 21:02:15,747 [Thread-2858] INFO  impl.RoleInfo (RoleInfo.java:shutdownFollowerState(121)) - 4b287a15-77af-487b-aef7-34d1d0ee189f: shutdown FollowerState
2019-10-16 21:02:15,748 [Thread-2858] INFO  impl.RaftServerImpl (RaftServerImpl.java:setRole(184)) - 4b287a15-77af-487b-aef7-34d1d0ee189f@group-83C26644CFDA: changes role from  FOLLOWER to CANDIDATE at term 431 for changeToCandidate
2019-10-16 21:02:15,748 [Thread-2858] INFO  impl.RoleInfo (RoleInfo.java:updateAndGet(143)) - 4b287a15-77af-487b-aef7-34d1d0ee189f: start LeaderElection
2019-10-16 21:02:15,762 [4b287a15-77af-487b-aef7-34d1d0ee189f@group-83C26644CFDA-LeaderElection406] INFO  impl.LeaderElection (LeaderElection.java:askForVotes(178)) - 4b287a15-77af-487b-aef7-34d1d0ee189f@group-83C26644CFDA-LeaderElection406: begin an election at term 432 for -1: [4b287a15-77af-487b-aef7-34d1d0ee189f:192.168.34.38:38597, 0aa3649f-570d-46c6-937f-492d7f3a8364:192.168.34.38:33209, 4a03179f-3169-4ac7-a075-259968512ef0:192.168.34.38:45833], old=null
2019-10-16 21:02:15,764 [grpc-default-executor-2] INFO  impl.RaftServerImpl (RaftServerImpl.java:setRole(184)) - 0aa3649f-570d-46c6-937f-492d7f3a8364@group-83C26644CFDA: changes role from  FOLLOWER to FOLLOWER at term 432 for recognizeCandidate:4b287a15-77af-487b-aef7-34d1d0ee189f
2019-10-16 21:02:15,764 [grpc-default-executor-2] INFO  impl.RoleInfo (RoleInfo.java:shutdownFollowerState(121)) - 0aa3649f-570d-46c6-937f-492d7f3a8364: shutdown FollowerState
2019-10-16 21:02:15,764 [grpc-default-executor-1] INFO  impl.RaftServerImpl (RaftServerImpl.java:setRole(184)) - 4a03179f-3169-4ac7-a075-259968512ef0@group-83C26644CFDA: changes role from  FOLLOWER to FOLLOWER at term 432 for recognizeCandidate:4b287a15-77af-487b-aef7-34d1d0ee189f
2019-10-16 21:02:15,765 [Thread-2857] INFO  impl.FollowerState (FollowerState.java:run(117)) - 0aa3649f-570d-46c6-937f-492d7f3a8364@group-83C26644CFDA-FollowerState was interrupted: java.lang.InterruptedException: sleep interrupted
2019-10-16 21:02:15,765 [grpc-default-executor-2] INFO  impl.RoleInfo (RoleInfo.java:updateAndGet(143)) - 0aa3649f-570d-46c6-937f-492d7f3a8364: start FollowerState
2019-10-16 21:02:15,765 [grpc-default-executor-1] INFO  impl.RoleInfo (RoleInfo.java:shutdownFollowerState(121)) - 4a03179f-3169-4ac7-a075-259968512ef0: shutdown FollowerState
2019-10-16 21:02:15,765 [grpc-default-executor-1] INFO  impl.RoleInfo (RoleInfo.java:updateAndGet(143)) - 4a03179f-3169-4ac7-a075-259968512ef0: start FollowerState
2019-10-16 21:02:15,765 [Thread-2856] INFO  impl.FollowerState (FollowerState.java:run(117)) - 4a03179f-3169-4ac7-a075-259968512ef0@group-83C26644CFDA-FollowerState was interrupted: java.lang.InterruptedException: sleep interrupted
2019-10-16 21:02:15,780 [4b287a15-77af-487b-aef7-34d1d0ee189f@group-83C26644CFDA-LeaderElection406] INFO  impl.LeaderElection (LeaderElection.java:logAndReturn(56)) - 4b287a15-77af-487b-aef7-34d1d0ee189f@group-83C26644CFDA-LeaderElection406: Election REJECTED; received 2 response(s) [4b287a15-77af-487b-aef7-34d1d0ee189f<-0aa3649f-570d-46c6-937f-492d7f3a8364#0:FAIL-t432, 4b287a15-77af-487b-aef7-34d1d0ee189f<-4a03179f-3169-4ac7-a075-259968512ef0#0:FAIL-t432] and 0 exception(s); 4b287a15-77af-487b-aef7-34d1d0ee189f@group-83C26644CFDA:t432, leader=null, voted=4b287a15-77af-487b-aef7-34d1d0ee189f, raftlog=4b287a15-77af-487b-aef7-34d1d0ee189f@group-83C26644CFDA-SegmentedRaftLog:OPENED:c-1,f-1,i0, conf=-1: [4b287a15-77af-487b-aef7-34d1d0ee189f:192.168.34.38:38597, 0aa3649f-570d-46c6-937f-492d7f3a8364:192.168.34.38:33209, 4a03179f-3169-4ac7-a075-259968512ef0:192.168.34.38:45833], old=null
2019-10-16 21:02:15,780 [4b287a15-77af-487b-aef7-34d1d0ee189f@group-83C26644CFDA-LeaderElection406] INFO  impl.RaftServerImpl (RaftServerImpl.java:setRole(184)) - 4b287a15-77af-487b-aef7-34d1d0ee189f@group-83C26644CFDA: changes role from CANDIDATE to FOLLOWER at term 432 for DISCOVERED_A_NEW_TERM
2019-10-16 21:02:15,780 [4b287a15-77af-487b-aef7-34d1d0ee189f@group-83C26644CFDA-LeaderElection406] INFO  impl.RoleInfo (RoleInfo.java:shutdownLeaderElection(134)) - 4b287a15-77af-487b-aef7-34d1d0ee189f: shutdown LeaderElection
2019-10-16 21:02:15,780 [4b287a15-77af-487b-aef7-34d1d0ee189f@group-83C26644CFDA-LeaderElection406] INFO  impl.RoleInfo (RoleInfo.java:updateAndGet(143)) - 4b287a15-77af-487b-aef7-34d1d0ee189f: start FollowerState
2019-10-16 21:02:15,807 [Thread-2864] INFO  impl.FollowerState (FollowerState.java:run(108)) - 4b287a15-77af-487b-aef7-34d1d0ee189f@group-83C26644CFDA-FollowerState: change to CANDIDATE, lastRpcTime:26ms, electionTimeout:26ms
2019-10-16 21:02:15,807 [Thread-2864] INFO  impl.RoleInfo (RoleInfo.java:shutdownFollowerState(121)) - 4b287a15-77af-487b-aef7-34d1d0ee189f: shutdown FollowerState
2019-10-16 21:02:15,807 [Thread-2864] INFO  impl.RaftServerImpl (RaftServerImpl.java:setRole(184)) - 4b287a15-77af-487b-aef7-34d1d0ee189f@group-83C26644CFDA: changes role from  FOLLOWER to CANDIDATE at term 432 for changeToCandidate
2019-10-16 21:02:15,807 [Thread-2864] INFO  impl.RoleInfo (RoleInfo.java:updateAndGet(143)) - 4b287a15-77af-487b-aef7-34d1d0ee189f: start LeaderElection
2019-10-16 21:02:15,821 [4b287a15-77af-487b-aef7-34d1d0ee189f@group-83C26644CFDA-LeaderElection407] INFO  impl.LeaderElection (LeaderElection.java:askForVotes(178)) - 4b287a15-77af-487b-aef7-34d1d0ee189f@group-83C26644CFDA-LeaderElection407: begin an election at term 433 for -1: [4b287a15-77af-487b-aef7-34d1d0ee189f:192.168.34.38:38597, 0aa3649f-570d-46c6-937f-492d7f3a8364:192.168.34.38:33209, 4a03179f-3169-4ac7-a075-259968512ef0:192.168.34.38:45833], old=null
2019-10-16 21:02:15,822 [grpc-default-executor-1] INFO  impl.RaftServerImpl (RaftServerImpl.java:setRole(184)) - 0aa3649f-570d-46c6-937f-492d7f3a8364@group-83C26644CFDA: changes role from  FOLLOWER to FOLLOWER at term 433 for recognizeCandidate:4b287a15-77af-487b-aef7-34d1d0ee189f
2019-10-16 21:02:15,823 [grpc-default-executor-1] INFO  impl.RoleInfo (RoleInfo.java:shutdownFollowerState(121)) - 0aa3649f-570d-46c6-937f-492d7f3a8364: shutdown FollowerState
2019-10-16 21:02:15,823 [Thread-2862] INFO  impl.FollowerState (FollowerState.java:run(117)) - 0aa3649f-570d-46c6-937f-492d7f3a8364@group-83C26644CFDA-FollowerState was interrupted: java.lang.InterruptedException: sleep interrupted
2019-10-16 21:02:15,823 [grpc-default-executor-2] INFO  impl.RaftServerImpl (RaftServerImpl.java:setRole(184)) - 4a03179f-3169-4ac7-a075-259968512ef0@group-83C26644CFDA: changes role from  FOLLOWER to FOLLOWER at term 433 for recognizeCandidate:4b287a15-77af-487b-aef7-34d1d0ee189f
2019-10-16 21:02:15,823 [grpc-default-executor-1] INFO  impl.RoleInfo (RoleInfo.java:updateAndGet(143)) - 0aa3649f-570d-46c6-937f-492d7f3a8364: start FollowerState
2019-10-16 21:02:15,823 [grpc-default-executor-2] INFO  impl.RoleInfo (RoleInfo.java:shutdownFollowerState(121)) - 4a03179f-3169-4ac7-a075-259968512ef0: shutdown FollowerState
2019-10-16 21:02:15,824 [grpc-default-executor-2] INFO  impl.RoleInfo (RoleInfo.java:updateAndGet(143)) - 4a03179f-3169-4ac7-a075-259968512ef0: start FollowerState
2019-10-16 21:02:15,824 [Thread-2863] INFO  impl.FollowerState (FollowerState.java:run(117)) - 4a03179f-3169-4ac7-a075-259968512ef0@group-83C26644CFDA-FollowerState was interrupted: java.lang.InterruptedException: sleep interrupted
2019-10-16 21:02:15,838 [4b287a15-77af-487b-aef7-34d1d0ee189f@group-83C26644CFDA-LeaderElection407] INFO  impl.LeaderElection (LeaderElection.java:logAndReturn(56)) - 4b287a15-77af-487b-aef7-34d1d0ee189f@group-83C26644CFDA-LeaderElection407: Election REJECTED; received 2 response(s) [4b287a15-77af-487b-aef7-34d1d0ee189f<-0aa3649f-570d-46c6-937f-492d7f3a8364#0:FAIL-t433, 4b287a15-77af-487b-aef7-34d1d0ee189f<-4a03179f-3169-4ac7-a075-259968512ef0#0:FAIL-t433] and 0 exception(s); 4b287a15-77af-487b-aef7-34d1d0ee189f@group-83C26644CFDA:t433, leader=null, voted=4b287a15-77af-487b-aef7-34d1d0ee189f, raftlog=4b287a15-77af-487b-aef7-34d1d0ee189f@group-83C26644CFDA-SegmentedRaftLog:OPENED:c-1,f-1,i0, conf=-1: [4b287a15-77af-487b-aef7-34d1d0ee189f:192.168.34.38:38597, 0aa3649f-570d-46c6-937f-492d7f3a8364:192.168.34.38:33209, 4a03179f-3169-4ac7-a075-259968512ef0:192.168.34.38:45833], old=null
2019-10-16 21:02:15,838 [4b287a15-77af-487b-aef7-34d1d0ee189f@group-83C26644CFDA-LeaderElection407] INFO  impl.RaftServerImpl (RaftServerImpl.java:setRole(184)) - 4b287a15-77af-487b-aef7-34d1d0ee189f@group-83C26644CFDA: changes role from CANDIDATE to FOLLOWER at term 433 for DISCOVERED_A_NEW_TERM
2019-10-16 21:02:15,838 [4b287a15-77af-487b-aef7-34d1d0ee189f@group-83C26644CFDA-LeaderElection407] INFO  impl.RoleInfo (RoleInfo.java:shutdownLeaderElection(134)) - 4b287a15-77af-487b-aef7-34d1d0ee189f: shutdown LeaderElection
2019-10-16 21:02:15,839 [4b287a15-77af-487b-aef7-34d1d0ee189f@group-83C26644CFDA-LeaderElection407] INFO  impl.RoleInfo (RoleInfo.java:updateAndGet(143)) - 4b287a15-77af-487b-aef7-34d1d0ee189f: start FollowerState
2019-10-16 21:02:16,005 [Thread-2870] INFO  impl.FollowerState (FollowerState.java:run(108)) - 4b287a15-77af-487b-aef7-34d1d0ee189f@group-83C26644CFDA-FollowerState: change to CANDIDATE, lastRpcTime:166ms, electionTimeout:166ms
2019-10-16 21:02:16,005 [Thread-2870] INFO  impl.RoleInfo (RoleInfo.java:shutdownFollowerState(121)) - 4b287a15-77af-487b-aef7-34d1d0ee189f: shutdown FollowerState
2019-10-16 21:02:16,005 [Thread-2870] INFO  impl.RaftServerImpl (RaftServerImpl.java:setRole(184)) - 4b287a15-77af-487b-aef7-34d1d0ee189f@group-83C26644CFDA: changes role from  FOLLOWER to CANDIDATE at term 433 for changeToCandidate
2019-10-16 21:02:16,006 [Thread-2870] INFO  impl.RoleInfo (RoleInfo.java:updateAndGet(143)) - 4b287a15-77af-487b-aef7-34d1d0ee189f: start LeaderElection
2019-10-16 21:02:16,019 [4b287a15-77af-487b-aef7-34d1d0ee189f@group-83C26644CFDA-LeaderElection408] INFO  impl.LeaderElection (LeaderElection.java:askForVotes(178)) - 4b287a15-77af-487b-aef7-34d1d0ee189f@group-83C26644CFDA-LeaderElection408: begin an election at term 434 for -1: [4b287a15-77af-487b-aef7-34d1d0ee189f:192.168.34.38:38597, 0aa3649f-570d-46c6-937f-492d7f3a8364:192.168.34.38:33209, 4a03179f-3169-4ac7-a075-259968512ef0:192.168.34.38:45833], old=null
2019-10-16 21:02:16,021 [grpc-default-executor-2] INFO  impl.RaftServerImpl (RaftServerImpl.java:setRole(184)) - 4a03179f-3169-4ac7-a075-259968512ef0@group-83C26644CFDA: changes role from  FOLLOWER to FOLLOWER at term 434 for recognizeCandidate:4b287a15-77af-487b-aef7-34d1d0ee189f
2019-10-16 21:02:16,021 [grpc-default-executor-1] INFO  impl.RaftServerImpl (RaftServerImpl.java:setRole(184)) - 0aa3649f-570d-46c6-937f-492d7f3a8364@group-83C26644CFDA: changes role from  FOLLOWER to FOLLOWER at term 434 for recognizeCandidate:4b287a15-77af-487b-aef7-34d1d0ee189f
2019-10-16 21:02:16,021 [grpc-default-executor-2] INFO  impl.RoleInfo (RoleInfo.java:shutdownFollowerState(121)) - 4a03179f-3169-4ac7-a075-259968512ef0: shutdown FollowerState
2019-10-16 21:02:16,022 [grpc-default-executor-1] INFO  impl.RoleInfo (RoleInfo.java:shutdownFollowerState(121)) - 0aa3649f-570d-46c6-937f-492d7f3a8364: shutdown FollowerState
2019-10-16 21:02:16,022 [Thread-2869] INFO  impl.FollowerState (FollowerState.java:run(117)) - 4a03179f-3169-4ac7-a075-259968512ef0@group-83C26644CFDA-FollowerState was interrupted: java.lang.InterruptedException: sleep interrupted
2019-10-16 21:02:16,022 [grpc-default-executor-2] INFO  impl.RoleInfo (RoleInfo.java:updateAndGet(143)) - 4a03179f-3169-4ac7-a075-259968512ef0: start FollowerState
2019-10-16 21:02:16,022 [Thread-2868] INFO  impl.FollowerState (FollowerState.java:run(117)) - 0aa3649f-570d-46c6-937f-492d7f3a8364@group-83C26644CFDA-FollowerState was interrupted: java.lang.InterruptedException: sleep interrupted
2019-10-16 21:02:16,022 [grpc-default-executor-1] INFO  impl.RoleInfo (RoleInfo.java:updateAndGet(143)) - 0aa3649f-570d-46c6-937f-492d7f3a8364: start FollowerState
2019-10-16 21:02:16,036 [4b287a15-77af-487b-aef7-34d1d0ee189f@group-83C26644CFDA-LeaderElection408] INFO  impl.LeaderElection (LeaderElection.java:logAndReturn(56)) - 4b287a15-77af-487b-aef7-34d1d0ee189f@group-83C26644CFDA-LeaderElection408: Election REJECTED; received 2 response(s) [4b287a15-77af-487b-aef7-34d1d0ee189f<-0aa3649f-570d-46c6-937f-492d7f3a8364#0:FAIL-t434, 4b287a15-77af-487b-aef7-34d1d0ee189f<-4a03179f-3169-4ac7-a075-259968512ef0#0:FAIL-t434] and 0 exception(s); 4b287a15-77af-487b-aef7-34d1d0ee189f@group-83C26644CFDA:t434, leader=null, voted=4b287a15-77af-487b-aef7-34d1d0ee189f, raftlog=4b287a15-77af-487b-aef7-34d1d0ee189f@group-83C26644CFDA-SegmentedRaftLog:OPENED:c-1,f-1,i0, conf=-1: [4b287a15-77af-487b-aef7-34d1d0ee189f:192.168.34.38:38597, 0aa3649f-570d-46c6-937f-492d7f3a8364:192.168.34.38:33209, 4a03179f-3169-4ac7-a075-259968512ef0:192.168.34.38:45833], old=null
2019-10-16 21:02:16,036 [4b287a15-77af-487b-aef7-34d1d0ee189f@group-83C26644CFDA-LeaderElection408] INFO  impl.RaftServerImpl (RaftServerImpl.java:setRole(184)) - 4b287a15-77af-487b-aef7-34d1d0ee189f@group-83C26644CFDA: changes role from CANDIDATE to FOLLOWER at term 434 for DISCOVERED_A_NEW_TERM
2019-10-16 21:02:16,036 [4b287a15-77af-487b-aef7-34d1d0ee189f@group-83C26644CFDA-LeaderElection408] INFO  impl.RoleInfo (RoleInfo.java:shutdownLeaderElection(134)) - 4b287a15-77af-487b-aef7-34d1d0ee189f: shutdown LeaderElection
2019-10-16 21:02:16,036 [4b287a15-77af-487b-aef7-34d1d0ee189f@group-83C26644CFDA-LeaderElection408] INFO  impl.RoleInfo (RoleInfo.java:updateAndGet(143)) - 4b287a15-77af-487b-aef7-34d1d0ee189f: start FollowerState
2019-10-16 21:02:16,070 [Thread-2876] INFO  impl.FollowerState (FollowerState.java:run(108)) - 4b287a15-77af-487b-aef7-34d1d0ee189f@group-83C26644CFDA-FollowerState: change to CANDIDATE, lastRpcTime:33ms, electionTimeout:33ms
2019-10-16 21:02:16,070 [Thread-2876] INFO  impl.RoleInfo (RoleInfo.java:shutdownFollowerState(121)) - 4b287a15-77af-487b-aef7-34d1d0ee189f: shutdown FollowerState
2019-10-16 21:02:16,070 [Thread-2876] INFO  impl.RaftServerImpl (RaftServerImpl.java:setRole(184)) - 4b287a15-77af-487b-aef7-34d1d0ee189f@group-83C26644CFDA: changes role from  FOLLOWER to CANDIDATE at term 434 for changeToCandidate
2019-10-16 21:02:16,070 [Thread-2876] INFO  impl.RoleInfo (RoleInfo.java:updateAndGet(143)) - 4b287a15-77af-487b-aef7-34d1d0ee189f: start LeaderElection
2019-10-16 21:02:16,083 [4b287a15-77af-487b-aef7-34d1d0ee189f@group-83C26644CFDA-LeaderElection409] INFO  impl.LeaderElection (LeaderElection.java:askForVotes(178)) - 4b287a15-77af-487b-aef7-34d1d0ee189f@group-83C26644CFDA-LeaderElection409: begin an election at term 435 for -1: [4b287a15-77af-487b-aef7-34d1d0ee189f:192.168.34.38:38597, 0aa3649f-570d-46c6-937f-492d7f3a8364:192.168.34.38:33209, 4a03179f-3169-4ac7-a075-259968512ef0:192.168.34.38:45833], old=null
2019-10-16 21:02:16,085 [grpc-default-executor-1] INFO  impl.RaftServerImpl (RaftServerImpl.java:setRole(184)) - 4a03179f-3169-4ac7-a075-259968512ef0@group-83C26644CFDA: changes role from  FOLLOWER to FOLLOWER at term 435 for recognizeCandidate:4b287a15-77af-487b-aef7-34d1d0ee189f
2019-10-16 21:02:16,085 [grpc-default-executor-2] INFO  impl.RaftServerImpl (RaftServerImpl.java:setRole(184)) - 0aa3649f-570d-46c6-937f-492d7f3a8364@group-83C26644CFDA: changes role from  FOLLOWER to FOLLOWER at term 435 for recognizeCandidate:4b287a15-77af-487b-aef7-34d1d0ee189f
2019-10-16 21:02:16,086 [grpc-default-executor-2] INFO  impl.RoleInfo (RoleInfo.java:shutdownFollowerState(121)) - 0aa3649f-570d-46c6-937f-492d7f3a8364: shutdown FollowerState
2019-10-16 21:02:16,085 [grpc-default-executor-1] INFO  impl.RoleInfo (RoleInfo.java:shutdownFollowerState(121)) - 4a03179f-3169-4ac7-a075-259968512ef0: shutdown FollowerState
2019-10-16 21:02:16,086 [Thread-2875] INFO  impl.FollowerState (FollowerState.java:run(117)) - 0aa3649f-570d-46c6-937f-492d7f3a8364@group-83C26644CFDA-FollowerState was interrupted: java.lang.InterruptedException: sleep interrupted
2019-10-16 21:02:16,086 [grpc-default-executor-2] INFO  impl.RoleInfo (RoleInfo.java:updateAndGet(143)) - 0aa3649f-570d-46c6-937f-492d7f3a8364: start FollowerState
2019-10-16 21:02:16,086 [Thread-2874] INFO  impl.FollowerState (FollowerState.java:run(117)) - 4a03179f-3169-4ac7-a075-259968512ef0@group-83C26644CFDA-FollowerState was interrupted: java.lang.InterruptedException: sleep interrupted
2019-10-16 21:02:16,086 [grpc-default-executor-1] INFO  impl.RoleInfo (RoleInfo.java:updateAndGet(143)) - 4a03179f-3169-4ac7-a075-259968512ef0: start FollowerState
2019-10-16 21:02:16,104 [4b287a15-77af-487b-aef7-34d1d0ee189f@group-83C26644CFDA-LeaderElection409] INFO  impl.LeaderElection (LeaderElection.java:logAndReturn(56)) - 4b287a15-77af-487b-aef7-34d1d0ee189f@group-83C26644CFDA-LeaderElection409: Election REJECTED; received 2 response(s) [4b287a15-77af-487b-aef7-34d1d0ee189f<-0aa3649f-570d-46c6-937f-492d7f3a8364#0:FAIL-t435, 4b287a15-77af-487b-aef7-34d1d0ee189f<-4a03179f-3169-4ac7-a075-259968512ef0#0:FAIL-t435] and 0 exception(s); 4b287a15-77af-487b-aef7-34d1d0ee189f@group-83C26644CFDA:t435, leader=null, voted=4b287a15-77af-487b-aef7-34d1d0ee189f, raftlog=4b287a15-77af-487b-aef7-34d1d0ee189f@group-83C26644CFDA-SegmentedRaftLog:OPENED:c-1,f-1,i0, conf=-1: [4b287a15-77af-487b-aef7-34d1d0ee189f:192.168.34.38:38597, 0aa3649f-570d-46c6-937f-492d7f3a8364:192.168.34.38:33209, 4a03179f-3169-4ac7-a075-259968512ef0:192.168.34.38:45833], old=null
2019-10-16 21:02:16,104 [4b287a15-77af-487b-aef7-34d1d0ee189f@group-83C26644CFDA-LeaderElection409] INFO  impl.RaftServerImpl (RaftServerImpl.java:setRole(184)) - 4b287a15-77af-487b-aef7-34d1d0ee189f@group-83C26644CFDA: changes role from CANDIDATE to FOLLOWER at term 435 for DISCOVERED_A_NEW_TERM
2019-10-16 21:02:16,105 [4b287a15-77af-487b-aef7-34d1d0ee189f@group-83C26644CFDA-LeaderElection409] INFO  impl.RoleInfo (RoleInfo.java:shutdownLeaderElection(134)) - 4b287a15-77af-487b-aef7-34d1d0ee189f: shutdown LeaderElection
2019-10-16 21:02:16,105 [4b287a15-77af-487b-aef7-34d1d0ee189f@group-83C26644CFDA-LeaderElection409] INFO  impl.RoleInfo (RoleInfo.java:updateAndGet(143)) - 4b287a15-77af-487b-aef7-34d1d0ee189f: start FollowerState
2019-10-16 21:02:16,135 [Thread-2882] INFO  impl.FollowerState (FollowerState.java:run(108)) - 4b287a15-77af-487b-aef7-34d1d0ee189f@group-83C26644CFDA-FollowerState: change to CANDIDATE, lastRpcTime:30ms, electionTimeout:30ms
2019-10-16 21:02:16,135 [Thread-2882] INFO  impl.RoleInfo (RoleInfo.java:shutdownFollowerState(121)) - 4b287a15-77af-487b-aef7-34d1d0ee189f: shutdown FollowerState
2019-10-16 21:02:16,135 [Thread-2882] INFO  impl.RaftServerImpl (RaftServerImpl.java:setRole(184)) - 4b287a15-77af-487b-aef7-34d1d0ee189f@group-83C26644CFDA: changes role from  FOLLOWER to CANDIDATE at term 435 for changeToCandidate
2019-10-16 21:02:16,136 [Thread-2882] INFO  impl.RoleInfo (RoleInfo.java:updateAndGet(143)) - 4b287a15-77af-487b-aef7-34d1d0ee189f: start LeaderElection
2019-10-16 21:02:16,147 [4b287a15-77af-487b-aef7-34d1d0ee189f@group-83C26644CFDA-LeaderElection410] INFO  impl.LeaderElection (LeaderElection.java:askForVotes(178)) - 4b287a15-77af-487b-aef7-34d1d0ee189f@group-83C26644CFDA-LeaderElection410: begin an election at term 436 for -1: [4b287a15-77af-487b-aef7-34d1d0ee189f:192.168.34.38:38597, 0aa3649f-570d-46c6-937f-492d7f3a8364:192.168.34.38:33209, 4a03179f-3169-4ac7-a075-259968512ef0:192.168.34.38:45833], old=null
2019-10-16 21:02:16,149 [grpc-default-executor-2] INFO  impl.RaftServerImpl (RaftServerImpl.java:setRole(184)) - 0aa3649f-570d-46c6-937f-492d7f3a8364@group-83C26644CFDA: changes role from  FOLLOWER to FOLLOWER at term 436 for recognizeCandidate:4b287a15-77af-487b-aef7-34d1d0ee189f
2019-10-16 21:02:16,149 [grpc-default-executor-1] INFO  impl.RaftServerImpl (RaftServerImpl.java:setRole(184)) - 4a03179f-3169-4ac7-a075-259968512ef0@group-83C26644CFDA: changes role from  FOLLOWER to FOLLOWER at term 436 for recognizeCandidate:4b287a15-77af-487b-aef7-34d1d0ee189f
2019-10-16 21:02:16,149 [grpc-default-executor-1] INFO  impl.RoleInfo (RoleInfo.java:shutdownFollowerState(121)) - 4a03179f-3169-4ac7-a075-259968512ef0: shutdown FollowerState
2019-10-16 21:02:16,149 [grpc-default-executor-2] INFO  impl.RoleInfo (RoleInfo.java:shutdownFollowerState(121)) - 0aa3649f-570d-46c6-937f-492d7f3a8364: shutdown FollowerState
2019-10-16 21:02:16,149 [Thread-2881] INFO  impl.FollowerState (FollowerState.java:run(117)) - 4a03179f-3169-4ac7-a075-259968512ef0@group-83C26644CFDA-FollowerState was interrupted: java.lang.InterruptedException: sleep interrupted
2019-10-16 21:02:16,149 [grpc-default-executor-1] INFO  impl.RoleInfo (RoleInfo.java:updateAndGet(143)) - 4a03179f-3169-4ac7-a075-259968512ef0: start FollowerState
2019-10-16 21:02:16,149 [Thread-2880] INFO  impl.FollowerState (FollowerState.java:run(117)) - 0aa3649f-570d-46c6-937f-492d7f3a8364@group-83C26644CFDA-FollowerState was interrupted: java.lang.InterruptedException: sleep interrupted
2019-10-16 21:02:16,149 [grpc-default-executor-2] INFO  impl.RoleInfo (RoleInfo.java:updateAndGet(143)) - 0aa3649f-570d-46c6-937f-492d7f3a8364: start FollowerState
2019-10-16 21:02:16,163 [4b287a15-77af-487b-aef7-34d1d0ee189f@group-83C26644CFDA-LeaderElection410] INFO  impl.LeaderElection (LeaderElection.java:logAndReturn(56)) - 4b287a15-77af-487b-aef7-34d1d0ee189f@group-83C26644CFDA-LeaderElection410: Election REJECTED; received 2 response(s) [4b287a15-77af-487b-aef7-34d1d0ee189f<-0aa3649f-570d-46c6-937f-492d7f3a8364#0:FAIL-t436, 4b287a15-77af-487b-aef7-34d1d0ee189f<-4a03179f-3169-4ac7-a075-259968512ef0#0:FAIL-t436] and 0 exception(s); 4b287a15-77af-487b-aef7-34d1d0ee189f@group-83C26644CFDA:t436, leader=null, voted=4b287a15-77af-487b-aef7-34d1d0ee189f, raftlog=4b287a15-77af-487b-aef7-34d1d0ee189f@group-83C26644CFDA-SegmentedRaftLog:OPENED:c-1,f-1,i0, conf=-1: [4b287a15-77af-487b-aef7-34d1d0ee189f:192.168.34.38:38597, 0aa3649f-570d-46c6-937f-492d7f3a8364:192.168.34.38:33209, 4a03179f-3169-4ac7-a075-259968512ef0:192.168.34.38:45833], old=null
2019-10-16 21:02:16,163 [4b287a15-77af-487b-aef7-34d1d0ee189f@group-83C26644CFDA-LeaderElection410] INFO  impl.RaftServerImpl (RaftServerImpl.java:setRole(184)) - 4b287a15-77af-487b-aef7-34d1d0ee189f@group-83C26644CFDA: changes role from CANDIDATE to FOLLOWER at term 436 for DISCOVERED_A_NEW_TERM
2019-10-16 21:02:16,163 [4b287a15-77af-487b-aef7-34d1d0ee189f@group-83C26644CFDA-LeaderElection410] INFO  impl.RoleInfo (RoleInfo.java:shutdownLeaderElection(134)) - 4b287a15-77af-487b-aef7-34d1d0ee189f: shutdown LeaderElection
2019-10-16 21:02:16,163 [4b287a15-77af-487b-aef7-34d1d0ee189f@group-83C26644CFDA-LeaderElection410] INFO  impl.RoleInfo (RoleInfo.java:updateAndGet(143)) - 4b287a15-77af-487b-aef7-34d1d0ee189f: start FollowerState
2019-10-16 21:02:16,256 [Thread-2888] INFO  impl.FollowerState (FollowerState.java:run(108)) - 4b287a15-77af-487b-aef7-34d1d0ee189f@group-83C26644CFDA-FollowerState: change to CANDIDATE, lastRpcTime:92ms, electionTimeout:92ms
2019-10-16 21:02:16,256 [Thread-2888] INFO  impl.RoleInfo (RoleInfo.java:shutdownFollowerState(121)) - 4b287a15-77af-487b-aef7-34d1d0ee189f: shutdown FollowerState
2019-10-16 21:02:16,256 [Thread-2888] INFO  impl.RaftServerImpl (RaftServerImpl.java:setRole(184)) - 4b287a15-77af-487b-aef7-34d1d0ee189f@group-83C26644CFDA: changes role from  FOLLOWER to CANDIDATE at term 436 for changeToCandidate
2019-10-16 21:02:16,256 [Thread-2888] INFO  impl.RoleInfo (RoleInfo.java:updateAndGet(143)) - 4b287a15-77af-487b-aef7-34d1d0ee189f: start LeaderElection
2019-10-16 21:02:16,270 [4b287a15-77af-487b-aef7-34d1d0ee189f@group-83C26644CFDA-LeaderElection411] INFO  impl.LeaderElection (LeaderElection.java:askForVotes(178)) - 4b287a15-77af-487b-aef7-34d1d0ee189f@group-83C26644CFDA-LeaderElection411: begin an election at term 437 for -1: [4b287a15-77af-487b-aef7-34d1d0ee189f:192.168.34.38:38597, 0aa3649f-570d-46c6-937f-492d7f3a8364:192.168.34.38:33209, 4a03179f-3169-4ac7-a075-259968512ef0:192.168.34.38:45833], old=null
2019-10-16 21:02:16,271 [grpc-default-executor-1] INFO  impl.RaftServerImpl (RaftServerImpl.java:setRole(184)) - 0aa3649f-570d-46c6-937f-492d7f3a8364@group-83C26644CFDA: changes role from  FOLLOWER to FOLLOWER at term 437 for recognizeCandidate:4b287a15-77af-487b-aef7-34d1d0ee189f
2019-10-16 21:02:16,271 [grpc-default-executor-1] INFO  impl.RoleInfo (RoleInfo.java:shutdownFollowerState(121)) - 0aa3649f-570d-46c6-937f-492d7f3a8364: shutdown FollowerState
2019-10-16 21:02:16,271 [grpc-default-executor-2] INFO  impl.RaftServerImpl (RaftServerImpl.java:setRole(184)) - 4a03179f-3169-4ac7-a075-259968512ef0@group-83C26644CFDA: changes role from  FOLLOWER to FOLLOWER at term 437 for recognizeCandidate:4b287a15-77af-487b-aef7-34d1d0ee189f
2019-10-16 21:02:16,272 [Thread-2887] INFO  impl.FollowerState (FollowerState.java:run(117)) - 0aa3649f-570d-46c6-937f-492d7f3a8364@group-83C26644CFDA-FollowerState was interrupted: java.lang.InterruptedException: sleep interrupted
2019-10-16 21:02:16,272 [grpc-default-executor-1] INFO  impl.RoleInfo (RoleInfo.java:updateAndGet(143)) - 0aa3649f-570d-46c6-937f-492d7f3a8364: start FollowerState
2019-10-16 21:02:16,272 [grpc-default-executor-2] INFO  impl.RoleInfo (RoleInfo.java:shutdownFollowerState(121)) - 4a03179f-3169-4ac7-a075-259968512ef0: shutdown FollowerState
2019-10-16 21:02:16,272 [Thread-2886] INFO  impl.FollowerState (FollowerState.java:run(117)) - 4a03179f-3169-4ac7-a075-259968512ef0@group-83C26644CFDA-FollowerState was interrupted: java.lang.InterruptedException: sleep interrupted
2019-10-16 21:02:16,272 [grpc-default-executor-2] INFO  impl.RoleInfo (RoleInfo.java:updateAndGet(143)) - 4a03179f-3169-4ac7-a075-259968512ef0: start FollowerState
2019-10-16 21:02:16,286 [4b287a15-77af-487b-aef7-34d1d0ee189f@group-83C26644CFDA-LeaderElection411] INFO  impl.LeaderElection (LeaderElection.java:logAndReturn(56)) - 4b287a15-77af-487b-aef7-34d1d0ee189f@group-83C26644CFDA-LeaderElection411: Election REJECTED; received 2 response(s) [4b287a15-77af-487b-aef7-34d1d0ee189f<-0aa3649f-570d-46c6-937f-492d7f3a8364#0:FAIL-t437, 4b287a15-77af-487b-aef7-34d1d0ee189f<-4a03179f-3169-4ac7-a075-259968512ef0#0:FAIL-t437] and 0 exception(s); 4b287a15-77af-487b-aef7-34d1d0ee189f@group-83C26644CFDA:t437, leader=null, voted=4b287a15-77af-487b-aef7-34d1d0ee189f, raftlog=4b287a15-77af-487b-aef7-34d1d0ee189f@group-83C26644CFDA-SegmentedRaftLog:OPENED:c-1,f-1,i0, conf=-1: [4b287a15-77af-487b-aef7-34d1d0ee189f:192.168.34.38:38597, 0aa3649f-570d-46c6-937f-492d7f3a8364:192.168.34.38:33209, 4a03179f-3169-4ac7-a075-259968512ef0:192.168.34.38:45833], old=null
2019-10-16 21:02:16,286 [4b287a15-77af-487b-aef7-34d1d0ee189f@group-83C26644CFDA-LeaderElection411] INFO  impl.RaftServerImpl (RaftServerImpl.java:setRole(184)) - 4b287a15-77af-487b-aef7-34d1d0ee189f@group-83C26644CFDA: changes role from CANDIDATE to FOLLOWER at term 437 for DISCOVERED_A_NEW_TERM
2019-10-16 21:02:16,286 [4b287a15-77af-487b-aef7-34d1d0ee189f@group-83C26644CFDA-LeaderElection411] INFO  impl.RoleInfo (RoleInfo.java:shutdownLeaderElection(134)) - 4b287a15-77af-487b-aef7-34d1d0ee189f: shutdown LeaderElection
2019-10-16 21:02:16,286 [4b287a15-77af-487b-aef7-34d1d0ee189f@group-83C26644CFDA-LeaderElection411] INFO  impl.RoleInfo (RoleInfo.java:updateAndGet(143)) - 4b287a15-77af-487b-aef7-34d1d0ee189f: start FollowerState
2019-10-16 21:02:16,413 [Thread-2894] INFO  impl.FollowerState (FollowerState.java:run(108)) - 4b287a15-77af-487b-aef7-34d1d0ee189f@group-83C26644CFDA-FollowerState: change to CANDIDATE, lastRpcTime:126ms, electionTimeout:126ms
2019-10-16 21:02:16,413 [Thread-2894] INFO  impl.RoleInfo (RoleInfo.java:shutdownFollowerState(121)) - 4b287a15-77af-487b-aef7-34d1d0ee189f: shutdown FollowerState
2019-10-16 21:02:16,413 [Thread-2894] INFO  impl.RaftServerImpl (RaftServerImpl.java:setRole(184)) - 4b287a15-77af-487b-aef7-34d1d0ee189f@group-83C26644CFDA: changes role from  FOLLOWER to CANDIDATE at term 437 for changeToCandidate
2019-10-16 21:02:16,413 [Thread-2894] INFO  impl.RoleInfo (RoleInfo.java:updateAndGet(143)) - 4b287a15-77af-487b-aef7-34d1d0ee189f: start LeaderElection
2019-10-16 21:02:16,421 [4b287a15-77af-487b-aef7-34d1d0ee189f@group-83C26644CFDA-LeaderElection412] INFO  impl.LeaderElection (LeaderElection.java:askForVotes(178)) - 4b287a15-77af-487b-aef7-34d1d0ee189f@group-83C26644CFDA-LeaderElection412: begin an election at term 438 for -1: [4b287a15-77af-487b-aef7-34d1d0ee189f:192.168.34.38:38597, 0aa3649f-570d-46c6-937f-492d7f3a8364:192.168.34.38:33209, 4a03179f-3169-4ac7-a075-259968512ef0:192.168.34.38:45833], old=null
2019-10-16 21:02:16,423 [grpc-default-executor-1] INFO  impl.RaftServerImpl (RaftServerImpl.java:setRole(184)) - 4a03179f-3169-4ac7-a075-259968512ef0@group-83C26644CFDA: changes role from  FOLLOWER to FOLLOWER at term 438 for recognizeCandidate:4b287a15-77af-487b-aef7-34d1d0ee189f
2019-10-16 21:02:16,423 [grpc-default-executor-1] INFO  impl.RoleInfo (RoleInfo.java:shutdownFollowerState(121)) - 4a03179f-3169-4ac7-a075-259968512ef0: shutdown FollowerState
2019-10-16 21:02:16,423 [grpc-default-executor-2] INFO  impl.RaftServerImpl (RaftServerImpl.java:setRole(184)) - 0aa3649f-570d-46c6-937f-492d7f3a8364@group-83C26644CFDA: changes role from  FOLLOWER to FOLLOWER at term 438 for recognizeCandidate:4b287a15-77af-487b-aef7-34d1d0ee189f
2019-10-16 21:02:16,424 [Thread-2893] INFO  impl.FollowerState (FollowerState.java:run(117)) - 4a03179f-3169-4ac7-a075-259968512ef0@group-83C26644CFDA-FollowerState was interrupted: java.lang.InterruptedException: sleep interrupted
2019-10-16 21:02:16,424 [grpc-default-executor-2] INFO  impl.RoleInfo (RoleInfo.java:shutdownFollowerState(121)) - 0aa3649f-570d-46c6-937f-492d7f3a8364: shutdown FollowerState
2019-10-16 21:02:16,424 [grpc-default-executor-1] INFO  impl.RoleInfo (RoleInfo.java:updateAndGet(143)) - 4a03179f-3169-4ac7-a075-259968512ef0: start FollowerState
2019-10-16 21:02:16,424 [grpc-default-executor-2] INFO  impl.RoleInfo (RoleInfo.java:updateAndGet(143)) - 0aa3649f-570d-46c6-937f-492d7f3a8364: start FollowerState
2019-10-16 21:02:16,424 [Thread-2892] INFO  impl.FollowerState (FollowerState.java:run(117)) - 0aa3649f-570d-46c6-937f-492d7f3a8364@group-83C26644CFDA-FollowerState was interrupted: java.lang.InterruptedException: sleep interrupted
2019-10-16 21:02:16,441 [ForkJoinPool.commonPool-worker-1] INFO  ozoneimpl.OzoneContainer (OzoneContainer.java:stop(227)) - Attempting to stop container services.
2019-10-16 21:02:16,441 [main] INFO  ozoneimpl.OzoneContainer (OzoneContainer.java:stop(227)) - Attempting to stop container services.
2019-10-16 21:02:16,442 [4b287a15-77af-487b-aef7-34d1d0ee189f@group-83C26644CFDA-LeaderElection412] INFO  impl.LeaderElection (LeaderElection.java:logAndReturn(56)) - 4b287a15-77af-487b-aef7-34d1d0ee189f@group-83C26644CFDA-LeaderElection412: Election REJECTED; received 2 response(s) [4b287a15-77af-487b-aef7-34d1d0ee189f<-0aa3649f-570d-46c6-937f-492d7f3a8364#0:FAIL-t438, 4b287a15-77af-487b-aef7-34d1d0ee189f<-4a03179f-3169-4ac7-a075-259968512ef0#0:FAIL-t438] and 0 exception(s); 4b287a15-77af-487b-aef7-34d1d0ee189f@group-83C26644CFDA:t438, leader=null, voted=4b287a15-77af-487b-aef7-34d1d0ee189f, raftlog=4b287a15-77af-487b-aef7-34d1d0ee189f@group-83C26644CFDA-SegmentedRaftLog:OPENED:c-1,f-1,i0, conf=-1: [4b287a15-77af-487b-aef7-34d1d0ee189f:192.168.34.38:38597, 0aa3649f-570d-46c6-937f-492d7f3a8364:192.168.34.38:33209, 4a03179f-3169-4ac7-a075-259968512ef0:192.168.34.38:45833], old=null
2019-10-16 21:02:16,442 [4b287a15-77af-487b-aef7-34d1d0ee189f@group-83C26644CFDA-LeaderElection412] INFO  impl.RaftServerImpl (RaftServerImpl.java:setRole(184)) - 4b287a15-77af-487b-aef7-34d1d0ee189f@group-83C26644CFDA: changes role from CANDIDATE to FOLLOWER at term 438 for DISCOVERED_A_NEW_TERM
2019-10-16 21:02:16,442 [4b287a15-77af-487b-aef7-34d1d0ee189f@group-83C26644CFDA-LeaderElection412] INFO  impl.RoleInfo (RoleInfo.java:shutdownLeaderElection(134)) - 4b287a15-77af-487b-aef7-34d1d0ee189f: shutdown LeaderElection
2019-10-16 21:02:16,442 [main] INFO  impl.RaftServerProxy (RaftServerProxy.java:lambda$close$4(314)) - 4a03179f-3169-4ac7-a075-259968512ef0: close
2019-10-16 21:02:16,442 [4b287a15-77af-487b-aef7-34d1d0ee189f@group-83C26644CFDA-LeaderElection412] INFO  impl.RoleInfo (RoleInfo.java:updateAndGet(143)) - 4b287a15-77af-487b-aef7-34d1d0ee189f: start FollowerState
2019-10-16 21:02:16,442 [ForkJoinPool.commonPool-worker-1] INFO  impl.RaftServerProxy (RaftServerProxy.java:lambda$close$4(314)) - 0aa3649f-570d-46c6-937f-492d7f3a8364: close
2019-10-16 21:02:16,444 [ForkJoinPool.commonPool-worker-1] INFO  impl.RaftServerImpl (RaftServerImpl.java:lambda$shutdown$3(261)) - 0aa3649f-570d-46c6-937f-492d7f3a8364@group-83C26644CFDA: shutdown
2019-10-16 21:02:16,444 [main] INFO  impl.RaftServerImpl (RaftServerImpl.java:lambda$shutdown$3(261)) - 4a03179f-3169-4ac7-a075-259968512ef0@group-83C26644CFDA: shutdown
2019-10-16 21:02:16,444 [ForkJoinPool.commonPool-worker-1] INFO  util.JmxRegister (JmxRegister.java:unregister(73)) - Successfully un-registered JMX Bean with object name Ratis:service=RaftServer,group=group-83C26644CFDA,id=0aa3649f-570d-46c6-937f-492d7f3a8364
2019-10-16 21:02:16,444 [main] INFO  util.JmxRegister (JmxRegister.java:unregister(73)) - Successfully un-registered JMX Bean with object name Ratis:service=RaftServer,group=group-83C26644CFDA,id=4a03179f-3169-4ac7-a075-259968512ef0
2019-10-16 21:02:16,445 [ForkJoinPool.commonPool-worker-1] INFO  impl.RoleInfo (RoleInfo.java:shutdownFollowerState(121)) - 0aa3649f-570d-46c6-937f-492d7f3a8364: shutdown FollowerState
2019-10-16 21:02:16,445 [main] INFO  impl.RoleInfo (RoleInfo.java:shutdownFollowerState(121)) - 4a03179f-3169-4ac7-a075-259968512ef0: shutdown FollowerState
2019-10-16 21:02:16,445 [ForkJoinPool.commonPool-worker-1] INFO  impl.StateMachineUpdater (StateMachineUpdater.java:stopAndJoin(136)) - 0aa3649f-570d-46c6-937f-492d7f3a8364@group-83C26644CFDA-StateMachineUpdater: set stopIndex = -1
2019-10-16 21:02:16,447 [ForkJoinPool.commonPool-worker-1] INFO  impl.RaftServerImpl (ServerState.java:close(388)) - 0aa3649f-570d-46c6-937f-492d7f3a8364@group-83C26644CFDA: closes. applyIndex: -1
2019-10-16 21:02:16,445 [Thread-2899] INFO  impl.FollowerState (FollowerState.java:run(117)) - 0aa3649f-570d-46c6-937f-492d7f3a8364@group-83C26644CFDA-FollowerState was interrupted: java.lang.InterruptedException: sleep interrupted
2019-10-16 21:02:16,447 [Thread-2898] INFO  impl.FollowerState (FollowerState.java:run(117)) - 4a03179f-3169-4ac7-a075-259968512ef0@group-83C26644CFDA-FollowerState was interrupted: java.lang.InterruptedException: sleep interrupted
2019-10-16 21:02:16,447 [0aa3649f-570d-46c6-937f-492d7f3a8364@group-83C26644CFDA-SegmentedRaftLogWorker] INFO  segmented.SegmentedRaftLogWorker (SegmentedRaftLogWorker.java:run(316)) - 0aa3649f-570d-46c6-937f-492d7f3a8364@group-83C26644CFDA-SegmentedRaftLogWorker was interrupted, exiting. There are 0 tasks remaining in the queue.
2019-10-16 21:02:16,447 [main] INFO  impl.StateMachineUpdater (StateMachineUpdater.java:stopAndJoin(136)) - 4a03179f-3169-4ac7-a075-259968512ef0@group-83C26644CFDA-StateMachineUpdater: set stopIndex = -1
2019-10-16 21:02:16,448 [ForkJoinPool.commonPool-worker-1] INFO  segmented.SegmentedRaftLogWorker (SegmentedRaftLogWorker.java:close(224)) - 0aa3649f-570d-46c6-937f-492d7f3a8364@group-83C26644CFDA-SegmentedRaftLogWorker close()
2019-10-16 21:02:16,448 [main] INFO  impl.RaftServerImpl (ServerState.java:close(388)) - 4a03179f-3169-4ac7-a075-259968512ef0@group-83C26644CFDA: closes. applyIndex: -1
2019-10-16 21:02:16,450 [ForkJoinPool.commonPool-worker-1] INFO  impl.RaftServerImpl (RaftServerImpl.java:lambda$shutdown$3(261)) - 0aa3649f-570d-46c6-937f-492d7f3a8364@group-360612460FAC: shutdown
2019-10-16 21:02:16,450 [4a03179f-3169-4ac7-a075-259968512ef0@group-83C26644CFDA-SegmentedRaftLogWorker] INFO  segmented.SegmentedRaftLogWorker (SegmentedRaftLogWorker.java:run(316)) - 4a03179f-3169-4ac7-a075-259968512ef0@group-83C26644CFDA-SegmentedRaftLogWorker was interrupted, exiting. There are 0 tasks remaining in the queue.
2019-10-16 21:02:16,450 [ForkJoinPool.commonPool-worker-1] INFO  util.JmxRegister (JmxRegister.java:unregister(73)) - Successfully un-registered JMX Bean with object name Ratis:service=RaftServer,group=group-360612460FAC,id=0aa3649f-570d-46c6-937f-492d7f3a8364
2019-10-16 21:02:16,451 [main] INFO  segmented.SegmentedRaftLogWorker (SegmentedRaftLogWorker.java:close(224)) - 4a03179f-3169-4ac7-a075-259968512ef0@group-83C26644CFDA-SegmentedRaftLogWorker close()
2019-10-16 21:02:16,451 [ForkJoinPool.commonPool-worker-1] INFO  impl.RoleInfo (RoleInfo.java:shutdownLeaderState(104)) - 0aa3649f-570d-46c6-937f-492d7f3a8364: shutdown LeaderState
2019-10-16 21:02:16,453 [main] INFO  impl.RaftServerImpl (RaftServerImpl.java:lambda$shutdown$3(261)) - 4a03179f-3169-4ac7-a075-259968512ef0@group-2D7F127AF803: shutdown
2019-10-16 21:02:16,453 [ForkJoinPool.commonPool-worker-1] INFO  impl.PendingRequests (PendingRequests.java:sendNotLeaderResponses(202)) - 0aa3649f-570d-46c6-937f-492d7f3a8364@group-360612460FAC-PendingRequests: sendNotLeaderResponses
2019-10-16 21:02:16,454 [main] INFO  util.JmxRegister (JmxRegister.java:unregister(73)) - Successfully un-registered JMX Bean with object name Ratis:service=RaftServer,group=group-2D7F127AF803,id=4a03179f-3169-4ac7-a075-259968512ef0
2019-10-16 21:02:16,454 [ForkJoinPool.commonPool-worker-1] INFO  impl.StateMachineUpdater (StateMachineUpdater.java:stopAndJoin(136)) - 0aa3649f-570d-46c6-937f-492d7f3a8364@group-360612460FAC-StateMachineUpdater: set stopIndex = 0
2019-10-16 21:02:16,454 [main] INFO  impl.RoleInfo (RoleInfo.java:shutdownLeaderState(104)) - 4a03179f-3169-4ac7-a075-259968512ef0: shutdown LeaderState
2019-10-16 21:02:16,454 [ForkJoinPool.commonPool-worker-1] INFO  impl.RaftServerImpl (ServerState.java:close(388)) - 0aa3649f-570d-46c6-937f-492d7f3a8364@group-360612460FAC: closes. applyIndex: 0
2019-10-16 21:02:16,455 [main] INFO  impl.PendingRequests (PendingRequests.java:sendNotLeaderResponses(202)) - 4a03179f-3169-4ac7-a075-259968512ef0@group-2D7F127AF803-PendingRequests: sendNotLeaderResponses
2019-10-16 21:02:16,455 [0aa3649f-570d-46c6-937f-492d7f3a8364@group-360612460FAC-SegmentedRaftLogWorker] INFO  segmented.SegmentedRaftLogWorker (SegmentedRaftLogWorker.java:run(316)) - 0aa3649f-570d-46c6-937f-492d7f3a8364@group-360612460FAC-SegmentedRaftLogWorker was interrupted, exiting. There are 0 tasks remaining in the queue.
2019-10-16 21:02:16,455 [main] INFO  impl.StateMachineUpdater (StateMachineUpdater.java:stopAndJoin(136)) - 4a03179f-3169-4ac7-a075-259968512ef0@group-2D7F127AF803-StateMachineUpdater: set stopIndex = 0
2019-10-16 21:02:16,456 [ForkJoinPool.commonPool-worker-1] INFO  segmented.SegmentedRaftLogWorker (SegmentedRaftLogWorker.java:close(224)) - 0aa3649f-570d-46c6-937f-492d7f3a8364@group-360612460FAC-SegmentedRaftLogWorker close()
2019-10-16 21:02:16,456 [main] INFO  impl.RaftServerImpl (ServerState.java:close(388)) - 4a03179f-3169-4ac7-a075-259968512ef0@group-2D7F127AF803: closes. applyIndex: 0
2019-10-16 21:02:16,458 [4a03179f-3169-4ac7-a075-259968512ef0@group-2D7F127AF803-SegmentedRaftLogWorker] INFO  segmented.SegmentedRaftLogWorker (SegmentedRaftLogWorker.java:run(316)) - 4a03179f-3169-4ac7-a075-259968512ef0@group-2D7F127AF803-SegmentedRaftLogWorker was interrupted, exiting. There are 0 tasks remaining in the queue.
2019-10-16 21:02:16,459 [main] INFO  segmented.SegmentedRaftLogWorker (SegmentedRaftLogWorker.java:close(224)) - 4a03179f-3169-4ac7-a075-259968512ef0@group-2D7F127AF803-SegmentedRaftLogWorker close()
2019-10-16 21:02:16,459 [ForkJoinPool.commonPool-worker-1] INFO  server.GrpcService (GrpcService.java:closeImpl(164)) - 0aa3649f-570d-46c6-937f-492d7f3a8364: shutdown server with port 33209 now
2019-10-16 21:02:16,461 [main] INFO  server.GrpcService (GrpcService.java:closeImpl(164)) - 4a03179f-3169-4ac7-a075-259968512ef0: shutdown server with port 45833 now
2019-10-16 21:02:16,464 [ForkJoinPool.commonPool-worker-1] INFO  server.GrpcService (GrpcService.java:closeImpl(172)) - 0aa3649f-570d-46c6-937f-492d7f3a8364: shutdown server with port 33209 successfully
2019-10-16 21:02:16,467 [main] INFO  server.GrpcService (GrpcService.java:closeImpl(172)) - 4a03179f-3169-4ac7-a075-259968512ef0: shutdown server with port 45833 successfully
2019-10-16 21:02:16,467 [refreshUsed-/workdir/hadoop-ozone/integration-test/target/test-dir/MiniOzoneClusterImpl-c59fee7e-17c5-4f17-b61a-b44f1b433ee8/datanode-0/data/containers] WARN  fs.CachingGetSpaceUsed (CachingGetSpaceUsed.java:run(183)) - Thread Interrupted waiting to refresh disk information: sleep interrupted
2019-10-16 21:02:16,475 [refreshUsed-/workdir/hadoop-ozone/integration-test/target/test-dir/MiniOzoneClusterImpl-c59fee7e-17c5-4f17-b61a-b44f1b433ee8/datanode-1/data/containers] WARN  fs.CachingGetSpaceUsed (CachingGetSpaceUsed.java:run(183)) - Thread Interrupted waiting to refresh disk information: sleep interrupted
2019-10-16 21:02:16,491 [ForkJoinPool.commonPool-worker-1] INFO  utils.BackgroundService (BackgroundService.java:shutdown(151)) - Shutting down service BlockDeletingService
2019-10-16 21:02:16,491 [main] INFO  utils.BackgroundService (BackgroundService.java:shutdown(151)) - Shutting down service BlockDeletingService
2019-10-16 21:02:16,493 [ForkJoinPool.commonPool-worker-1] INFO  statemachine.DatanodeStateMachine (DatanodeStateMachine.java:stopDaemon(395)) - Ozone container server stopped.
2019-10-16 21:02:16,495 [main] INFO  statemachine.DatanodeStateMachine (DatanodeStateMachine.java:stopDaemon(395)) - Ozone container server stopped.
2019-10-16 21:02:16,496 [ForkJoinPool.commonPool-worker-1] INFO  handler.ContextHandler (ContextHandler.java:doStop(910)) - Stopped o.e.j.w.WebAppContext@de8039f{/,null,UNAVAILABLE}{/hddsDatanode}
2019-10-16 21:02:16,497 [main] INFO  handler.ContextHandler (ContextHandler.java:doStop(910)) - Stopped o.e.j.w.WebAppContext@7a0ef219{/,null,UNAVAILABLE}{/hddsDatanode}
2019-10-16 21:02:16,497 [ForkJoinPool.commonPool-worker-1] INFO  server.AbstractConnector (AbstractConnector.java:doStop(318)) - Stopped ServerConnector@1deceb67{HTTP/1.1,[http/1.1]}{0.0.0.0:0}
2019-10-16 21:02:16,497 [ForkJoinPool.commonPool-worker-1] INFO  handler.ContextHandler (ContextHandler.java:doStop(910)) - Stopped o.e.j.s.ServletContextHandler@1ac4ccad{/static,jar:file:/home/user/.m2/repository/org/apache/hadoop/hadoop-hdds-container-service/0.5.0-SNAPSHOT/hadoop-hdds-container-service-0.5.0-SNAPSHOT.jar!/webapps/static,UNAVAILABLE}
2019-10-16 21:02:16,497 [main] INFO  server.AbstractConnector (AbstractConnector.java:doStop(318)) - Stopped ServerConnector@1b1f5012{HTTP/1.1,[http/1.1]}{0.0.0.0:0}
2019-10-16 21:02:16,498 [ForkJoinPool.commonPool-worker-1] INFO  handler.ContextHandler (ContextHandler.java:doStop(910)) - Stopped o.e.j.s.ServletContextHandler@60cf62ad{/logs,file:///workdir/hadoop-ozone/integration-test/target/log,UNAVAILABLE}
2019-10-16 21:02:16,498 [main] INFO  handler.ContextHandler (ContextHandler.java:doStop(910)) - Stopped o.e.j.s.ServletContextHandler@8851ce1{/static,jar:file:/home/user/.m2/repository/org/apache/hadoop/hadoop-hdds-container-service/0.5.0-SNAPSHOT/hadoop-hdds-container-service-0.5.0-SNAPSHOT.jar!/webapps/static,UNAVAILABLE}
2019-10-16 21:02:16,499 [main] INFO  handler.ContextHandler (ContextHandler.java:doStop(910)) - Stopped o.e.j.s.ServletContextHandler@5e65afb6{/logs,file:///workdir/hadoop-ozone/integration-test/target/log,UNAVAILABLE}
2019-10-16 21:02:16,514 [Thread-2900] INFO  impl.FollowerState (FollowerState.java:run(108)) - 4b287a15-77af-487b-aef7-34d1d0ee189f@group-83C26644CFDA-FollowerState: change to CANDIDATE, lastRpcTime:71ms, electionTimeout:71ms
2019-10-16 21:02:16,514 [Thread-2900] INFO  impl.RoleInfo (RoleInfo.java:shutdownFollowerState(121)) - 4b287a15-77af-487b-aef7-34d1d0ee189f: shutdown FollowerState
2019-10-16 21:02:16,514 [Thread-2900] INFO  impl.RaftServerImpl (RaftServerImpl.java:setRole(184)) - 4b287a15-77af-487b-aef7-34d1d0ee189f@group-83C26644CFDA: changes role from  FOLLOWER to CANDIDATE at term 438 for changeToCandidate
2019-10-16 21:02:16,514 [Thread-2900] INFO  impl.RoleInfo (RoleInfo.java:updateAndGet(143)) - 4b287a15-77af-487b-aef7-34d1d0ee189f: start LeaderElection
2019-10-16 21:02:16,528 [4b287a15-77af-487b-aef7-34d1d0ee189f@group-83C26644CFDA-LeaderElection413] INFO  impl.LeaderElection (LeaderElection.java:askForVotes(178)) - 4b287a15-77af-487b-aef7-34d1d0ee189f@group-83C26644CFDA-LeaderElection413: begin an election at term 439 for -1: [4b287a15-77af-487b-aef7-34d1d0ee189f:192.168.34.38:38597, 0aa3649f-570d-46c6-937f-492d7f3a8364:192.168.34.38:33209, 4a03179f-3169-4ac7-a075-259968512ef0:192.168.34.38:45833], old=null
2019-10-16 21:02:16,540 [4b287a15-77af-487b-aef7-34d1d0ee189f@group-83C26644CFDA-LeaderElection413] INFO  impl.LeaderElection (LogUtils.java:infoOrTrace(149)) - 4b287a15-77af-487b-aef7-34d1d0ee189f@group-83C26644CFDA-LeaderElection413 got exception when requesting votes: {}
java.util.concurrent.ExecutionException: org.apache.ratis.thirdparty.io.grpc.StatusRuntimeException: UNAVAILABLE: io exception
	at java.util.concurrent.FutureTask.report(FutureTask.java:122)
	at java.util.concurrent.FutureTask.get(FutureTask.java:192)
	at org.apache.ratis.server.impl.LeaderElection.waitForResults(LeaderElection.java:259)
	at org.apache.ratis.server.impl.LeaderElection.askForVotes(LeaderElection.java:197)
	at org.apache.ratis.server.impl.LeaderElection.run(LeaderElection.java:133)
	at java.lang.Thread.run(Thread.java:748)
Caused by: org.apache.ratis.thirdparty.io.grpc.StatusRuntimeException: UNAVAILABLE: io exception
	at org.apache.ratis.thirdparty.io.grpc.stub.ClientCalls.toStatusRuntimeException(ClientCalls.java:233)
	at org.apache.ratis.thirdparty.io.grpc.stub.ClientCalls.getUnchecked(ClientCalls.java:214)
	at org.apache.ratis.thirdparty.io.grpc.stub.ClientCalls.blockingUnaryCall(ClientCalls.java:139)
	at org.apache.ratis.proto.grpc.RaftServerProtocolServiceGrpc$RaftServerProtocolServiceBlockingStub.requestVote(RaftServerProtocolServiceGrpc.java:265)
	at org.apache.ratis.grpc.server.GrpcServerProtocolClient.requestVote(GrpcServerProtocolClient.java:99)
	at org.apache.ratis.grpc.server.GrpcService.requestVote(GrpcService.java:204)
	at org.apache.ratis.server.impl.LeaderElection.lambda$submitRequests$1(LeaderElection.java:234)
	at java.util.concurrent.FutureTask.run(FutureTask.java:266)
	at java.util.concurrent.Executors$RunnableAdapter.call(Executors.java:511)
	at java.util.concurrent.FutureTask.run(FutureTask.java:266)
	at java.util.concurrent.ThreadPoolExecutor.runWorker(ThreadPoolExecutor.java:1149)
	at java.util.concurrent.ThreadPoolExecutor$Worker.run(ThreadPoolExecutor.java:624)
	... 1 more
Caused by: org.apache.ratis.thirdparty.io.netty.channel.AbstractChannel$AnnotatedConnectException: Connection refused: /192.168.34.38:33209
	at sun.nio.ch.SocketChannelImpl.checkConnect(Native Method)
	at sun.nio.ch.SocketChannelImpl.finishConnect(SocketChannelImpl.java:717)
	at org.apache.ratis.thirdparty.io.netty.channel.socket.nio.NioSocketChannel.doFinishConnect(NioSocketChannel.java:327)
	at org.apache.ratis.thirdparty.io.netty.channel.nio.AbstractNioChannel$AbstractNioUnsafe.finishConnect(AbstractNioChannel.java:340)
	at org.apache.ratis.thirdparty.io.netty.channel.nio.NioEventLoop.processSelectedKey(NioEventLoop.java:632)
	at org.apache.ratis.thirdparty.io.netty.channel.nio.NioEventLoop.processSelectedKeysOptimized(NioEventLoop.java:579)
	at org.apache.ratis.thirdparty.io.netty.channel.nio.NioEventLoop.processSelectedKeys(NioEventLoop.java:496)
	at org.apache.ratis.thirdparty.io.netty.channel.nio.NioEventLoop.run(NioEventLoop.java:458)
	at org.apache.ratis.thirdparty.io.netty.util.concurrent.SingleThreadEventExecutor$5.run(SingleThreadEventExecutor.java:897)
	at org.apache.ratis.thirdparty.io.netty.util.concurrent.FastThreadLocalRunnable.run(FastThreadLocalRunnable.java:30)
	... 1 more
Caused by: java.net.ConnectException: Connection refused
	... 11 more
2019-10-16 21:02:16,543 [4b287a15-77af-487b-aef7-34d1d0ee189f@group-83C26644CFDA-LeaderElection413] INFO  impl.LeaderElection (LogUtils.java:infoOrTrace(149)) - 4b287a15-77af-487b-aef7-34d1d0ee189f@group-83C26644CFDA-LeaderElection413 got exception when requesting votes: {}
java.util.concurrent.ExecutionException: org.apache.ratis.thirdparty.io.grpc.StatusRuntimeException: UNAVAILABLE: io exception
	at java.util.concurrent.FutureTask.report(FutureTask.java:122)
	at java.util.concurrent.FutureTask.get(FutureTask.java:192)
	at org.apache.ratis.server.impl.LeaderElection.waitForResults(LeaderElection.java:259)
	at org.apache.ratis.server.impl.LeaderElection.askForVotes(LeaderElection.java:197)
	at org.apache.ratis.server.impl.LeaderElection.run(LeaderElection.java:133)
	at java.lang.Thread.run(Thread.java:748)
Caused by: org.apache.ratis.thirdparty.io.grpc.StatusRuntimeException: UNAVAILABLE: io exception
	at org.apache.ratis.thirdparty.io.grpc.stub.ClientCalls.toStatusRuntimeException(ClientCalls.java:233)
	at org.apache.ratis.thirdparty.io.grpc.stub.ClientCalls.getUnchecked(ClientCalls.java:214)
	at org.apache.ratis.thirdparty.io.grpc.stub.ClientCalls.blockingUnaryCall(ClientCalls.java:139)
	at org.apache.ratis.proto.grpc.RaftServerProtocolServiceGrpc$RaftServerProtocolServiceBlockingStub.requestVote(RaftServerProtocolServiceGrpc.java:265)
	at org.apache.ratis.grpc.server.GrpcServerProtocolClient.requestVote(GrpcServerProtocolClient.java:99)
	at org.apache.ratis.grpc.server.GrpcService.requestVote(GrpcService.java:204)
	at org.apache.ratis.server.impl.LeaderElection.lambda$submitRequests$1(LeaderElection.java:234)
	at java.util.concurrent.FutureTask.run(FutureTask.java:266)
	at java.util.concurrent.Executors$RunnableAdapter.call(Executors.java:511)
	at java.util.concurrent.FutureTask.run(FutureTask.java:266)
	at java.util.concurrent.ThreadPoolExecutor.runWorker(ThreadPoolExecutor.java:1149)
	at java.util.concurrent.ThreadPoolExecutor$Worker.run(ThreadPoolExecutor.java:624)
	... 1 more
Caused by: org.apache.ratis.thirdparty.io.netty.channel.AbstractChannel$AnnotatedConnectException: Connection refused: /192.168.34.38:45833
	at sun.nio.ch.SocketChannelImpl.checkConnect(Native Method)
	at sun.nio.ch.SocketChannelImpl.finishConnect(SocketChannelImpl.java:717)
	at org.apache.ratis.thirdparty.io.netty.channel.socket.nio.NioSocketChannel.doFinishConnect(NioSocketChannel.java:327)
	at org.apache.ratis.thirdparty.io.netty.channel.nio.AbstractNioChannel$AbstractNioUnsafe.finishConnect(AbstractNioChannel.java:340)
	at org.apache.ratis.thirdparty.io.netty.channel.nio.NioEventLoop.processSelectedKey(NioEventLoop.java:632)
	at org.apache.ratis.thirdparty.io.netty.channel.nio.NioEventLoop.processSelectedKeysOptimized(NioEventLoop.java:579)
	at org.apache.ratis.thirdparty.io.netty.channel.nio.NioEventLoop.processSelectedKeys(NioEventLoop.java:496)
	at org.apache.ratis.thirdparty.io.netty.channel.nio.NioEventLoop.run(NioEventLoop.java:458)
	at org.apache.ratis.thirdparty.io.netty.util.concurrent.SingleThreadEventExecutor$5.run(SingleThreadEventExecutor.java:897)
	at org.apache.ratis.thirdparty.io.netty.util.concurrent.FastThreadLocalRunnable.run(FastThreadLocalRunnable.java:30)
	... 1 more
Caused by: java.net.ConnectException: Connection refused
	... 11 more
2019-10-16 21:02:16,544 [4b287a15-77af-487b-aef7-34d1d0ee189f@group-83C26644CFDA-LeaderElection413] INFO  impl.LeaderElection (LeaderElection.java:logAndReturn(56)) - 4b287a15-77af-487b-aef7-34d1d0ee189f@group-83C26644CFDA-LeaderElection413: Election REJECTED; received 0 response(s) [] and 2 exception(s); 4b287a15-77af-487b-aef7-34d1d0ee189f@group-83C26644CFDA:t439, leader=null, voted=4b287a15-77af-487b-aef7-34d1d0ee189f, raftlog=4b287a15-77af-487b-aef7-34d1d0ee189f@group-83C26644CFDA-SegmentedRaftLog:OPENED:c-1,f-1,i0, conf=-1: [4b287a15-77af-487b-aef7-34d1d0ee189f:192.168.34.38:38597, 0aa3649f-570d-46c6-937f-492d7f3a8364:192.168.34.38:33209, 4a03179f-3169-4ac7-a075-259968512ef0:192.168.34.38:45833], old=null
2019-10-16 21:02:16,545 [4b287a15-77af-487b-aef7-34d1d0ee189f@group-83C26644CFDA-LeaderElection413] INFO  impl.LeaderElection (LogUtils.java:infoOrTrace(149)) -   Exception 0: {}
java.util.concurrent.ExecutionException: org.apache.ratis.thirdparty.io.grpc.StatusRuntimeException: UNAVAILABLE: io exception
	at java.util.concurrent.FutureTask.report(FutureTask.java:122)
	at java.util.concurrent.FutureTask.get(FutureTask.java:192)
	at org.apache.ratis.server.impl.LeaderElection.waitForResults(LeaderElection.java:259)
	at org.apache.ratis.server.impl.LeaderElection.askForVotes(LeaderElection.java:197)
	at org.apache.ratis.server.impl.LeaderElection.run(LeaderElection.java:133)
	at java.lang.Thread.run(Thread.java:748)
Caused by: org.apache.ratis.thirdparty.io.grpc.StatusRuntimeException: UNAVAILABLE: io exception
	at org.apache.ratis.thirdparty.io.grpc.stub.ClientCalls.toStatusRuntimeException(ClientCalls.java:233)
	at org.apache.ratis.thirdparty.io.grpc.stub.ClientCalls.getUnchecked(ClientCalls.java:214)
	at org.apache.ratis.thirdparty.io.grpc.stub.ClientCalls.blockingUnaryCall(ClientCalls.java:139)
	at org.apache.ratis.proto.grpc.RaftServerProtocolServiceGrpc$RaftServerProtocolServiceBlockingStub.requestVote(RaftServerProtocolServiceGrpc.java:265)
	at org.apache.ratis.grpc.server.GrpcServerProtocolClient.requestVote(GrpcServerProtocolClient.java:99)
	at org.apache.ratis.grpc.server.GrpcService.requestVote(GrpcService.java:204)
	at org.apache.ratis.server.impl.LeaderElection.lambda$submitRequests$1(LeaderElection.java:234)
	at java.util.concurrent.FutureTask.run(FutureTask.java:266)
	at java.util.concurrent.Executors$RunnableAdapter.call(Executors.java:511)
	at java.util.concurrent.FutureTask.run(FutureTask.java:266)
	at java.util.concurrent.ThreadPoolExecutor.runWorker(ThreadPoolExecutor.java:1149)
	at java.util.concurrent.ThreadPoolExecutor$Worker.run(ThreadPoolExecutor.java:624)
	... 1 more
Caused by: org.apache.ratis.thirdparty.io.netty.channel.AbstractChannel$AnnotatedConnectException: Connection refused: /192.168.34.38:33209
	at sun.nio.ch.SocketChannelImpl.checkConnect(Native Method)
	at sun.nio.ch.SocketChannelImpl.finishConnect(SocketChannelImpl.java:717)
	at org.apache.ratis.thirdparty.io.netty.channel.socket.nio.NioSocketChannel.doFinishConnect(NioSocketChannel.java:327)
	at org.apache.ratis.thirdparty.io.netty.channel.nio.AbstractNioChannel$AbstractNioUnsafe.finishConnect(AbstractNioChannel.java:340)
	at org.apache.ratis.thirdparty.io.netty.channel.nio.NioEventLoop.processSelectedKey(NioEventLoop.java:632)
	at org.apache.ratis.thirdparty.io.netty.channel.nio.NioEventLoop.processSelectedKeysOptimized(NioEventLoop.java:579)
	at org.apache.ratis.thirdparty.io.netty.channel.nio.NioEventLoop.processSelectedKeys(NioEventLoop.java:496)
	at org.apache.ratis.thirdparty.io.netty.channel.nio.NioEventLoop.run(NioEventLoop.java:458)
	at org.apache.ratis.thirdparty.io.netty.util.concurrent.SingleThreadEventExecutor$5.run(SingleThreadEventExecutor.java:897)
	at org.apache.ratis.thirdparty.io.netty.util.concurrent.FastThreadLocalRunnable.run(FastThreadLocalRunnable.java:30)
	... 1 more
Caused by: java.net.ConnectException: Connection refused
	... 11 more
2019-10-16 21:02:16,545 [4b287a15-77af-487b-aef7-34d1d0ee189f@group-83C26644CFDA-LeaderElection413] INFO  impl.LeaderElection (LogUtils.java:infoOrTrace(149)) -   Exception 1: {}
java.util.concurrent.ExecutionException: org.apache.ratis.thirdparty.io.grpc.StatusRuntimeException: UNAVAILABLE: io exception
	at java.util.concurrent.FutureTask.report(FutureTask.java:122)
	at java.util.concurrent.FutureTask.get(FutureTask.java:192)
	at org.apache.ratis.server.impl.LeaderElection.waitForResults(LeaderElection.java:259)
	at org.apache.ratis.server.impl.LeaderElection.askForVotes(LeaderElection.java:197)
	at org.apache.ratis.server.impl.LeaderElection.run(LeaderElection.java:133)
	at java.lang.Thread.run(Thread.java:748)
Caused by: org.apache.ratis.thirdparty.io.grpc.StatusRuntimeException: UNAVAILABLE: io exception
	at org.apache.ratis.thirdparty.io.grpc.stub.ClientCalls.toStatusRuntimeException(ClientCalls.java:233)
	at org.apache.ratis.thirdparty.io.grpc.stub.ClientCalls.getUnchecked(ClientCalls.java:214)
	at org.apache.ratis.thirdparty.io.grpc.stub.ClientCalls.blockingUnaryCall(ClientCalls.java:139)
	at org.apache.ratis.proto.grpc.RaftServerProtocolServiceGrpc$RaftServerProtocolServiceBlockingStub.requestVote(RaftServerProtocolServiceGrpc.java:265)
	at org.apache.ratis.grpc.server.GrpcServerProtocolClient.requestVote(GrpcServerProtocolClient.java:99)
	at org.apache.ratis.grpc.server.GrpcService.requestVote(GrpcService.java:204)
	at org.apache.ratis.server.impl.LeaderElection.lambda$submitRequests$1(LeaderElection.java:234)
	at java.util.concurrent.FutureTask.run(FutureTask.java:266)
	at java.util.concurrent.Executors$RunnableAdapter.call(Executors.java:511)
	at java.util.concurrent.FutureTask.run(FutureTask.java:266)
	at java.util.concurrent.ThreadPoolExecutor.runWorker(ThreadPoolExecutor.java:1149)
	at java.util.concurrent.ThreadPoolExecutor$Worker.run(ThreadPoolExecutor.java:624)
	... 1 more
Caused by: org.apache.ratis.thirdparty.io.netty.channel.AbstractChannel$AnnotatedConnectException: Connection refused: /192.168.34.38:45833
	at sun.nio.ch.SocketChannelImpl.checkConnect(Native Method)
	at sun.nio.ch.SocketChannelImpl.finishConnect(SocketChannelImpl.java:717)
	at org.apache.ratis.thirdparty.io.netty.channel.socket.nio.NioSocketChannel.doFinishConnect(NioSocketChannel.java:327)
	at org.apache.ratis.thirdparty.io.netty.channel.nio.AbstractNioChannel$AbstractNioUnsafe.finishConnect(AbstractNioChannel.java:340)
	at org.apache.ratis.thirdparty.io.netty.channel.nio.NioEventLoop.processSelectedKey(NioEventLoop.java:632)
	at org.apache.ratis.thirdparty.io.netty.channel.nio.NioEventLoop.processSelectedKeysOptimized(NioEventLoop.java:579)
	at org.apache.ratis.thirdparty.io.netty.channel.nio.NioEventLoop.processSelectedKeys(NioEventLoop.java:496)
	at org.apache.ratis.thirdparty.io.netty.channel.nio.NioEventLoop.run(NioEventLoop.java:458)
	at org.apache.ratis.thirdparty.io.netty.util.concurrent.SingleThreadEventExecutor$5.run(SingleThreadEventExecutor.java:897)
	at org.apache.ratis.thirdparty.io.netty.util.concurrent.FastThreadLocalRunnable.run(FastThreadLocalRunnable.java:30)
	... 1 more
Caused by: java.net.ConnectException: Connection refused
	... 11 more
2019-10-16 21:02:16,545 [4b287a15-77af-487b-aef7-34d1d0ee189f@group-83C26644CFDA-LeaderElection413] INFO  impl.RaftServerImpl (RaftServerImpl.java:setRole(184)) - 4b287a15-77af-487b-aef7-34d1d0ee189f@group-83C26644CFDA: changes role from CANDIDATE to FOLLOWER at term 439 for DISCOVERED_A_NEW_TERM
2019-10-16 21:02:16,546 [4b287a15-77af-487b-aef7-34d1d0ee189f@group-83C26644CFDA-LeaderElection413] INFO  impl.RoleInfo (RoleInfo.java:shutdownLeaderElection(134)) - 4b287a15-77af-487b-aef7-34d1d0ee189f: shutdown LeaderElection
2019-10-16 21:02:16,546 [4b287a15-77af-487b-aef7-34d1d0ee189f@group-83C26644CFDA-LeaderElection413] INFO  impl.RoleInfo (RoleInfo.java:updateAndGet(143)) - 4b287a15-77af-487b-aef7-34d1d0ee189f: start FollowerState
2019-10-16 21:02:16,554 [Thread-2904] INFO  impl.FollowerState (FollowerState.java:run(108)) - 4b287a15-77af-487b-aef7-34d1d0ee189f@group-83C26644CFDA-FollowerState: change to CANDIDATE, lastRpcTime:8ms, electionTimeout:8ms
2019-10-16 21:02:16,554 [Thread-2904] INFO  impl.RoleInfo (RoleInfo.java:shutdownFollowerState(121)) - 4b287a15-77af-487b-aef7-34d1d0ee189f: shutdown FollowerState
2019-10-16 21:02:16,554 [Thread-2904] INFO  impl.RaftServerImpl (RaftServerImpl.java:setRole(184)) - 4b287a15-77af-487b-aef7-34d1d0ee189f@group-83C26644CFDA: changes role from  FOLLOWER to CANDIDATE at term 439 for changeToCandidate
2019-10-16 21:02:16,554 [Thread-2904] INFO  impl.RoleInfo (RoleInfo.java:updateAndGet(143)) - 4b287a15-77af-487b-aef7-34d1d0ee189f: start LeaderElection
2019-10-16 21:02:16,562 [4b287a15-77af-487b-aef7-34d1d0ee189f@group-83C26644CFDA-LeaderElection414] INFO  impl.LeaderElection (LeaderElection.java:askForVotes(178)) - 4b287a15-77af-487b-aef7-34d1d0ee189f@group-83C26644CFDA-LeaderElection414: begin an election at term 440 for -1: [4b287a15-77af-487b-aef7-34d1d0ee189f:192.168.34.38:38597, 0aa3649f-570d-46c6-937f-492d7f3a8364:192.168.34.38:33209, 4a03179f-3169-4ac7-a075-259968512ef0:192.168.34.38:45833], old=null
2019-10-16 21:02:16,563 [4b287a15-77af-487b-aef7-34d1d0ee189f@group-83C26644CFDA-LeaderElection414] INFO  impl.LeaderElection (LogUtils.java:infoOrTrace(149)) - 4b287a15-77af-487b-aef7-34d1d0ee189f@group-83C26644CFDA-LeaderElection414 got exception when requesting votes: {}
java.util.concurrent.ExecutionException: org.apache.ratis.thirdparty.io.grpc.StatusRuntimeException: UNAVAILABLE: io exception
	at java.util.concurrent.FutureTask.report(FutureTask.java:122)
	at java.util.concurrent.FutureTask.get(FutureTask.java:192)
	at org.apache.ratis.server.impl.LeaderElection.waitForResults(LeaderElection.java:259)
	at org.apache.ratis.server.impl.LeaderElection.askForVotes(LeaderElection.java:197)
	at org.apache.ratis.server.impl.LeaderElection.run(LeaderElection.java:133)
	at java.lang.Thread.run(Thread.java:748)
Caused by: org.apache.ratis.thirdparty.io.grpc.StatusRuntimeException: UNAVAILABLE: io exception
	at org.apache.ratis.thirdparty.io.grpc.stub.ClientCalls.toStatusRuntimeException(ClientCalls.java:233)
	at org.apache.ratis.thirdparty.io.grpc.stub.ClientCalls.getUnchecked(ClientCalls.java:214)
	at org.apache.ratis.thirdparty.io.grpc.stub.ClientCalls.blockingUnaryCall(ClientCalls.java:139)
	at org.apache.ratis.proto.grpc.RaftServerProtocolServiceGrpc$RaftServerProtocolServiceBlockingStub.requestVote(RaftServerProtocolServiceGrpc.java:265)
	at org.apache.ratis.grpc.server.GrpcServerProtocolClient.requestVote(GrpcServerProtocolClient.java:99)
	at org.apache.ratis.grpc.server.GrpcService.requestVote(GrpcService.java:204)
	at org.apache.ratis.server.impl.LeaderElection.lambda$submitRequests$1(LeaderElection.java:234)
	at java.util.concurrent.FutureTask.run(FutureTask.java:266)
	at java.util.concurrent.Executors$RunnableAdapter.call(Executors.java:511)
	at java.util.concurrent.FutureTask.run(FutureTask.java:266)
	at java.util.concurrent.ThreadPoolExecutor.runWorker(ThreadPoolExecutor.java:1149)
	at java.util.concurrent.ThreadPoolExecutor$Worker.run(ThreadPoolExecutor.java:624)
	... 1 more
Caused by: org.apache.ratis.thirdparty.io.netty.channel.AbstractChannel$AnnotatedConnectException: Connection refused: /192.168.34.38:45833
	at sun.nio.ch.SocketChannelImpl.checkConnect(Native Method)
	at sun.nio.ch.SocketChannelImpl.finishConnect(SocketChannelImpl.java:717)
	at org.apache.ratis.thirdparty.io.netty.channel.socket.nio.NioSocketChannel.doFinishConnect(NioSocketChannel.java:327)
	at org.apache.ratis.thirdparty.io.netty.channel.nio.AbstractNioChannel$AbstractNioUnsafe.finishConnect(AbstractNioChannel.java:340)
	at org.apache.ratis.thirdparty.io.netty.channel.nio.NioEventLoop.processSelectedKey(NioEventLoop.java:632)
	at org.apache.ratis.thirdparty.io.netty.channel.nio.NioEventLoop.processSelectedKeysOptimized(NioEventLoop.java:579)
	at org.apache.ratis.thirdparty.io.netty.channel.nio.NioEventLoop.processSelectedKeys(NioEventLoop.java:496)
	at org.apache.ratis.thirdparty.io.netty.channel.nio.NioEventLoop.run(NioEventLoop.java:458)
	at org.apache.ratis.thirdparty.io.netty.util.concurrent.SingleThreadEventExecutor$5.run(SingleThreadEventExecutor.java:897)
	at org.apache.ratis.thirdparty.io.netty.util.concurrent.FastThreadLocalRunnable.run(FastThreadLocalRunnable.java:30)
	... 1 more
Caused by: java.net.ConnectException: Connection refused
	... 11 more
2019-10-16 21:02:16,564 [4b287a15-77af-487b-aef7-34d1d0ee189f@group-83C26644CFDA-LeaderElection414] INFO  impl.LeaderElection (LogUtils.java:infoOrTrace(149)) - 4b287a15-77af-487b-aef7-34d1d0ee189f@group-83C26644CFDA-LeaderElection414 got exception when requesting votes: {}
java.util.concurrent.ExecutionException: org.apache.ratis.thirdparty.io.grpc.StatusRuntimeException: UNAVAILABLE: io exception
	at java.util.concurrent.FutureTask.report(FutureTask.java:122)
	at java.util.concurrent.FutureTask.get(FutureTask.java:192)
	at org.apache.ratis.server.impl.LeaderElection.waitForResults(LeaderElection.java:259)
	at org.apache.ratis.server.impl.LeaderElection.askForVotes(LeaderElection.java:197)
	at org.apache.ratis.server.impl.LeaderElection.run(LeaderElection.java:133)
	at java.lang.Thread.run(Thread.java:748)
Caused by: org.apache.ratis.thirdparty.io.grpc.StatusRuntimeException: UNAVAILABLE: io exception
	at org.apache.ratis.thirdparty.io.grpc.stub.ClientCalls.toStatusRuntimeException(ClientCalls.java:233)
	at org.apache.ratis.thirdparty.io.grpc.stub.ClientCalls.getUnchecked(ClientCalls.java:214)
	at org.apache.ratis.thirdparty.io.grpc.stub.ClientCalls.blockingUnaryCall(ClientCalls.java:139)
	at org.apache.ratis.proto.grpc.RaftServerProtocolServiceGrpc$RaftServerProtocolServiceBlockingStub.requestVote(RaftServerProtocolServiceGrpc.java:265)
	at org.apache.ratis.grpc.server.GrpcServerProtocolClient.requestVote(GrpcServerProtocolClient.java:99)
	at org.apache.ratis.grpc.server.GrpcService.requestVote(GrpcService.java:204)
	at org.apache.ratis.server.impl.LeaderElection.lambda$submitRequests$1(LeaderElection.java:234)
	at java.util.concurrent.FutureTask.run(FutureTask.java:266)
	at java.util.concurrent.Executors$RunnableAdapter.call(Executors.java:511)
	at java.util.concurrent.FutureTask.run(FutureTask.java:266)
	at java.util.concurrent.ThreadPoolExecutor.runWorker(ThreadPoolExecutor.java:1149)
	at java.util.concurrent.ThreadPoolExecutor$Worker.run(ThreadPoolExecutor.java:624)
	... 1 more
Caused by: org.apache.ratis.thirdparty.io.netty.channel.AbstractChannel$AnnotatedConnectException: Connection refused: /192.168.34.38:33209
	at sun.nio.ch.SocketChannelImpl.checkConnect(Native Method)
	at sun.nio.ch.SocketChannelImpl.finishConnect(SocketChannelImpl.java:717)
	at org.apache.ratis.thirdparty.io.netty.channel.socket.nio.NioSocketChannel.doFinishConnect(NioSocketChannel.java:327)
	at org.apache.ratis.thirdparty.io.netty.channel.nio.AbstractNioChannel$AbstractNioUnsafe.finishConnect(AbstractNioChannel.java:340)
	at org.apache.ratis.thirdparty.io.netty.channel.nio.NioEventLoop.processSelectedKey(NioEventLoop.java:632)
	at org.apache.ratis.thirdparty.io.netty.channel.nio.NioEventLoop.processSelectedKeysOptimized(NioEventLoop.java:579)
	at org.apache.ratis.thirdparty.io.netty.channel.nio.NioEventLoop.processSelectedKeys(NioEventLoop.java:496)
	at org.apache.ratis.thirdparty.io.netty.channel.nio.NioEventLoop.run(NioEventLoop.java:458)
	at org.apache.ratis.thirdparty.io.netty.util.concurrent.SingleThreadEventExecutor$5.run(SingleThreadEventExecutor.java:897)
	at org.apache.ratis.thirdparty.io.netty.util.concurrent.FastThreadLocalRunnable.run(FastThreadLocalRunnable.java:30)
	... 1 more
Caused by: java.net.ConnectException: Connection refused
	... 11 more
2019-10-16 21:02:16,565 [4b287a15-77af-487b-aef7-34d1d0ee189f@group-83C26644CFDA-LeaderElection414] INFO  impl.LeaderElection (LeaderElection.java:logAndReturn(56)) - 4b287a15-77af-487b-aef7-34d1d0ee189f@group-83C26644CFDA-LeaderElection414: Election REJECTED; received 0 response(s) [] and 2 exception(s); 4b287a15-77af-487b-aef7-34d1d0ee189f@group-83C26644CFDA:t440, leader=null, voted=4b287a15-77af-487b-aef7-34d1d0ee189f, raftlog=4b287a15-77af-487b-aef7-34d1d0ee189f@group-83C26644CFDA-SegmentedRaftLog:OPENED:c-1,f-1,i0, conf=-1: [4b287a15-77af-487b-aef7-34d1d0ee189f:192.168.34.38:38597, 0aa3649f-570d-46c6-937f-492d7f3a8364:192.168.34.38:33209, 4a03179f-3169-4ac7-a075-259968512ef0:192.168.34.38:45833], old=null
2019-10-16 21:02:16,565 [4b287a15-77af-487b-aef7-34d1d0ee189f@group-83C26644CFDA-LeaderElection414] INFO  impl.LeaderElection (LogUtils.java:infoOrTrace(149)) -   Exception 0: {}
java.util.concurrent.ExecutionException: org.apache.ratis.thirdparty.io.grpc.StatusRuntimeException: UNAVAILABLE: io exception
	at java.util.concurrent.FutureTask.report(FutureTask.java:122)
	at java.util.concurrent.FutureTask.get(FutureTask.java:192)
	at org.apache.ratis.server.impl.LeaderElection.waitForResults(LeaderElection.java:259)
	at org.apache.ratis.server.impl.LeaderElection.askForVotes(LeaderElection.java:197)
	at org.apache.ratis.server.impl.LeaderElection.run(LeaderElection.java:133)
	at java.lang.Thread.run(Thread.java:748)
Caused by: org.apache.ratis.thirdparty.io.grpc.StatusRuntimeException: UNAVAILABLE: io exception
	at org.apache.ratis.thirdparty.io.grpc.stub.ClientCalls.toStatusRuntimeException(ClientCalls.java:233)
	at org.apache.ratis.thirdparty.io.grpc.stub.ClientCalls.getUnchecked(ClientCalls.java:214)
	at org.apache.ratis.thirdparty.io.grpc.stub.ClientCalls.blockingUnaryCall(ClientCalls.java:139)
	at org.apache.ratis.proto.grpc.RaftServerProtocolServiceGrpc$RaftServerProtocolServiceBlockingStub.requestVote(RaftServerProtocolServiceGrpc.java:265)
	at org.apache.ratis.grpc.server.GrpcServerProtocolClient.requestVote(GrpcServerProtocolClient.java:99)
	at org.apache.ratis.grpc.server.GrpcService.requestVote(GrpcService.java:204)
	at org.apache.ratis.server.impl.LeaderElection.lambda$submitRequests$1(LeaderElection.java:234)
	at java.util.concurrent.FutureTask.run(FutureTask.java:266)
	at java.util.concurrent.Executors$RunnableAdapter.call(Executors.java:511)
	at java.util.concurrent.FutureTask.run(FutureTask.java:266)
	at java.util.concurrent.ThreadPoolExecutor.runWorker(ThreadPoolExecutor.java:1149)
	at java.util.concurrent.ThreadPoolExecutor$Worker.run(ThreadPoolExecutor.java:624)
	... 1 more
Caused by: org.apache.ratis.thirdparty.io.netty.channel.AbstractChannel$AnnotatedConnectException: Connection refused: /192.168.34.38:45833
	at sun.nio.ch.SocketChannelImpl.checkConnect(Native Method)
	at sun.nio.ch.SocketChannelImpl.finishConnect(SocketChannelImpl.java:717)
	at org.apache.ratis.thirdparty.io.netty.channel.socket.nio.NioSocketChannel.doFinishConnect(NioSocketChannel.java:327)
	at org.apache.ratis.thirdparty.io.netty.channel.nio.AbstractNioChannel$AbstractNioUnsafe.finishConnect(AbstractNioChannel.java:340)
	at org.apache.ratis.thirdparty.io.netty.channel.nio.NioEventLoop.processSelectedKey(NioEventLoop.java:632)
	at org.apache.ratis.thirdparty.io.netty.channel.nio.NioEventLoop.processSelectedKeysOptimized(NioEventLoop.java:579)
	at org.apache.ratis.thirdparty.io.netty.channel.nio.NioEventLoop.processSelectedKeys(NioEventLoop.java:496)
	at org.apache.ratis.thirdparty.io.netty.channel.nio.NioEventLoop.run(NioEventLoop.java:458)
	at org.apache.ratis.thirdparty.io.netty.util.concurrent.SingleThreadEventExecutor$5.run(SingleThreadEventExecutor.java:897)
	at org.apache.ratis.thirdparty.io.netty.util.concurrent.FastThreadLocalRunnable.run(FastThreadLocalRunnable.java:30)
	... 1 more
Caused by: java.net.ConnectException: Connection refused
	... 11 more
2019-10-16 21:02:16,565 [4b287a15-77af-487b-aef7-34d1d0ee189f@group-83C26644CFDA-LeaderElection414] INFO  impl.LeaderElection (LogUtils.java:infoOrTrace(149)) -   Exception 1: {}
java.util.concurrent.ExecutionException: org.apache.ratis.thirdparty.io.grpc.StatusRuntimeException: UNAVAILABLE: io exception
	at java.util.concurrent.FutureTask.report(FutureTask.java:122)
	at java.util.concurrent.FutureTask.get(FutureTask.java:192)
	at org.apache.ratis.server.impl.LeaderElection.waitForResults(LeaderElection.java:259)
	at org.apache.ratis.server.impl.LeaderElection.askForVotes(LeaderElection.java:197)
	at org.apache.ratis.server.impl.LeaderElection.run(LeaderElection.java:133)
	at java.lang.Thread.run(Thread.java:748)
Caused by: org.apache.ratis.thirdparty.io.grpc.StatusRuntimeException: UNAVAILABLE: io exception
	at org.apache.ratis.thirdparty.io.grpc.stub.ClientCalls.toStatusRuntimeException(ClientCalls.java:233)
	at org.apache.ratis.thirdparty.io.grpc.stub.ClientCalls.getUnchecked(ClientCalls.java:214)
	at org.apache.ratis.thirdparty.io.grpc.stub.ClientCalls.blockingUnaryCall(ClientCalls.java:139)
	at org.apache.ratis.proto.grpc.RaftServerProtocolServiceGrpc$RaftServerProtocolServiceBlockingStub.requestVote(RaftServerProtocolServiceGrpc.java:265)
	at org.apache.ratis.grpc.server.GrpcServerProtocolClient.requestVote(GrpcServerProtocolClient.java:99)
	at org.apache.ratis.grpc.server.GrpcService.requestVote(GrpcService.java:204)
	at org.apache.ratis.server.impl.LeaderElection.lambda$submitRequests$1(LeaderElection.java:234)
	at java.util.concurrent.FutureTask.run(FutureTask.java:266)
	at java.util.concurrent.Executors$RunnableAdapter.call(Executors.java:511)
	at java.util.concurrent.FutureTask.run(FutureTask.java:266)
	at java.util.concurrent.ThreadPoolExecutor.runWorker(ThreadPoolExecutor.java:1149)
	at java.util.concurrent.ThreadPoolExecutor$Worker.run(ThreadPoolExecutor.java:624)
	... 1 more
Caused by: org.apache.ratis.thirdparty.io.netty.channel.AbstractChannel$AnnotatedConnectException: Connection refused: /192.168.34.38:33209
	at sun.nio.ch.SocketChannelImpl.checkConnect(Native Method)
	at sun.nio.ch.SocketChannelImpl.finishConnect(SocketChannelImpl.java:717)
	at org.apache.ratis.thirdparty.io.netty.channel.socket.nio.NioSocketChannel.doFinishConnect(NioSocketChannel.java:327)
	at org.apache.ratis.thirdparty.io.netty.channel.nio.AbstractNioChannel$AbstractNioUnsafe.finishConnect(AbstractNioChannel.java:340)
	at org.apache.ratis.thirdparty.io.netty.channel.nio.NioEventLoop.processSelectedKey(NioEventLoop.java:632)
	at org.apache.ratis.thirdparty.io.netty.channel.nio.NioEventLoop.processSelectedKeysOptimized(NioEventLoop.java:579)
	at org.apache.ratis.thirdparty.io.netty.channel.nio.NioEventLoop.processSelectedKeys(NioEventLoop.java:496)
	at org.apache.ratis.thirdparty.io.netty.channel.nio.NioEventLoop.run(NioEventLoop.java:458)
	at org.apache.ratis.thirdparty.io.netty.util.concurrent.SingleThreadEventExecutor$5.run(SingleThreadEventExecutor.java:897)
	at org.apache.ratis.thirdparty.io.netty.util.concurrent.FastThreadLocalRunnable.run(FastThreadLocalRunnable.java:30)
	... 1 more
Caused by: java.net.ConnectException: Connection refused
	... 11 more
2019-10-16 21:02:16,566 [4b287a15-77af-487b-aef7-34d1d0ee189f@group-83C26644CFDA-LeaderElection414] INFO  impl.RaftServerImpl (RaftServerImpl.java:setRole(184)) - 4b287a15-77af-487b-aef7-34d1d0ee189f@group-83C26644CFDA: changes role from CANDIDATE to FOLLOWER at term 440 for DISCOVERED_A_NEW_TERM
2019-10-16 21:02:16,566 [4b287a15-77af-487b-aef7-34d1d0ee189f@group-83C26644CFDA-LeaderElection414] INFO  impl.RoleInfo (RoleInfo.java:shutdownLeaderElection(134)) - 4b287a15-77af-487b-aef7-34d1d0ee189f: shutdown LeaderElection
2019-10-16 21:02:16,566 [4b287a15-77af-487b-aef7-34d1d0ee189f@group-83C26644CFDA-LeaderElection414] INFO  impl.RoleInfo (RoleInfo.java:updateAndGet(143)) - 4b287a15-77af-487b-aef7-34d1d0ee189f: start FollowerState
2019-10-16 21:02:16,578 [Datanode State Machine Thread - 0] INFO  statemachine.DatanodeStateMachine (DatanodeStateMachine.java:lambda$startDaemon$0(350)) - Ozone container server started.
2019-10-16 21:02:16,613 [Thread-2908] INFO  impl.FollowerState (FollowerState.java:run(108)) - 4b287a15-77af-487b-aef7-34d1d0ee189f@group-83C26644CFDA-FollowerState: change to CANDIDATE, lastRpcTime:47ms, electionTimeout:47ms
2019-10-16 21:02:16,613 [Thread-2908] INFO  impl.RoleInfo (RoleInfo.java:shutdownFollowerState(121)) - 4b287a15-77af-487b-aef7-34d1d0ee189f: shutdown FollowerState
2019-10-16 21:02:16,613 [Thread-2908] INFO  impl.RaftServerImpl (RaftServerImpl.java:setRole(184)) - 4b287a15-77af-487b-aef7-34d1d0ee189f@group-83C26644CFDA: changes role from  FOLLOWER to CANDIDATE at term 440 for changeToCandidate
2019-10-16 21:02:16,613 [Thread-2908] INFO  impl.RoleInfo (RoleInfo.java:updateAndGet(143)) - 4b287a15-77af-487b-aef7-34d1d0ee189f: start LeaderElection
2019-10-16 21:02:16,630 [4b287a15-77af-487b-aef7-34d1d0ee189f@group-83C26644CFDA-LeaderElection415] INFO  impl.LeaderElection (LeaderElection.java:askForVotes(178)) - 4b287a15-77af-487b-aef7-34d1d0ee189f@group-83C26644CFDA-LeaderElection415: begin an election at term 441 for -1: [4b287a15-77af-487b-aef7-34d1d0ee189f:192.168.34.38:38597, 0aa3649f-570d-46c6-937f-492d7f3a8364:192.168.34.38:33209, 4a03179f-3169-4ac7-a075-259968512ef0:192.168.34.38:45833], old=null
2019-10-16 21:02:16,631 [4b287a15-77af-487b-aef7-34d1d0ee189f@group-83C26644CFDA-LeaderElection415] INFO  impl.LeaderElection (LogUtils.java:infoOrTrace(149)) - 4b287a15-77af-487b-aef7-34d1d0ee189f@group-83C26644CFDA-LeaderElection415 got exception when requesting votes: {}
java.util.concurrent.ExecutionException: org.apache.ratis.thirdparty.io.grpc.StatusRuntimeException: UNAVAILABLE: io exception
	at java.util.concurrent.FutureTask.report(FutureTask.java:122)
	at java.util.concurrent.FutureTask.get(FutureTask.java:192)
	at org.apache.ratis.server.impl.LeaderElection.waitForResults(LeaderElection.java:259)
	at org.apache.ratis.server.impl.LeaderElection.askForVotes(LeaderElection.java:197)
	at org.apache.ratis.server.impl.LeaderElection.run(LeaderElection.java:133)
	at java.lang.Thread.run(Thread.java:748)
Caused by: org.apache.ratis.thirdparty.io.grpc.StatusRuntimeException: UNAVAILABLE: io exception
	at org.apache.ratis.thirdparty.io.grpc.stub.ClientCalls.toStatusRuntimeException(ClientCalls.java:233)
	at org.apache.ratis.thirdparty.io.grpc.stub.ClientCalls.getUnchecked(ClientCalls.java:214)
	at org.apache.ratis.thirdparty.io.grpc.stub.ClientCalls.blockingUnaryCall(ClientCalls.java:139)
	at org.apache.ratis.proto.grpc.RaftServerProtocolServiceGrpc$RaftServerProtocolServiceBlockingStub.requestVote(RaftServerProtocolServiceGrpc.java:265)
	at org.apache.ratis.grpc.server.GrpcServerProtocolClient.requestVote(GrpcServerProtocolClient.java:99)
	at org.apache.ratis.grpc.server.GrpcService.requestVote(GrpcService.java:204)
	at org.apache.ratis.server.impl.LeaderElection.lambda$submitRequests$1(LeaderElection.java:234)
	at java.util.concurrent.FutureTask.run(FutureTask.java:266)
	at java.util.concurrent.Executors$RunnableAdapter.call(Executors.java:511)
	at java.util.concurrent.FutureTask.run(FutureTask.java:266)
	at java.util.concurrent.ThreadPoolExecutor.runWorker(ThreadPoolExecutor.java:1149)
	at java.util.concurrent.ThreadPoolExecutor$Worker.run(ThreadPoolExecutor.java:624)
	... 1 more
Caused by: org.apache.ratis.thirdparty.io.netty.channel.AbstractChannel$AnnotatedConnectException: Connection refused: /192.168.34.38:33209
	at sun.nio.ch.SocketChannelImpl.checkConnect(Native Method)
	at sun.nio.ch.SocketChannelImpl.finishConnect(SocketChannelImpl.java:717)
	at org.apache.ratis.thirdparty.io.netty.channel.socket.nio.NioSocketChannel.doFinishConnect(NioSocketChannel.java:327)
	at org.apache.ratis.thirdparty.io.netty.channel.nio.AbstractNioChannel$AbstractNioUnsafe.finishConnect(AbstractNioChannel.java:340)
	at org.apache.ratis.thirdparty.io.netty.channel.nio.NioEventLoop.processSelectedKey(NioEventLoop.java:632)
	at org.apache.ratis.thirdparty.io.netty.channel.nio.NioEventLoop.processSelectedKeysOptimized(NioEventLoop.java:579)
	at org.apache.ratis.thirdparty.io.netty.channel.nio.NioEventLoop.processSelectedKeys(NioEventLoop.java:496)
	at org.apache.ratis.thirdparty.io.netty.channel.nio.NioEventLoop.run(NioEventLoop.java:458)
	at org.apache.ratis.thirdparty.io.netty.util.concurrent.SingleThreadEventExecutor$5.run(SingleThreadEventExecutor.java:897)
	at org.apache.ratis.thirdparty.io.netty.util.concurrent.FastThreadLocalRunnable.run(FastThreadLocalRunnable.java:30)
	... 1 more
Caused by: java.net.ConnectException: Connection refused
	... 11 more
2019-10-16 21:02:16,633 [4b287a15-77af-487b-aef7-34d1d0ee189f@group-83C26644CFDA-LeaderElection415] INFO  impl.LeaderElection (LogUtils.java:infoOrTrace(149)) - 4b287a15-77af-487b-aef7-34d1d0ee189f@group-83C26644CFDA-LeaderElection415 got exception when requesting votes: {}
java.util.concurrent.ExecutionException: org.apache.ratis.thirdparty.io.grpc.StatusRuntimeException: UNAVAILABLE: io exception
	at java.util.concurrent.FutureTask.report(FutureTask.java:122)
	at java.util.concurrent.FutureTask.get(FutureTask.java:192)
	at org.apache.ratis.server.impl.LeaderElection.waitForResults(LeaderElection.java:259)
	at org.apache.ratis.server.impl.LeaderElection.askForVotes(LeaderElection.java:197)
	at org.apache.ratis.server.impl.LeaderElection.run(LeaderElection.java:133)
	at java.lang.Thread.run(Thread.java:748)
Caused by: org.apache.ratis.thirdparty.io.grpc.StatusRuntimeException: UNAVAILABLE: io exception
	at org.apache.ratis.thirdparty.io.grpc.stub.ClientCalls.toStatusRuntimeException(ClientCalls.java:233)
	at org.apache.ratis.thirdparty.io.grpc.stub.ClientCalls.getUnchecked(ClientCalls.java:214)
	at org.apache.ratis.thirdparty.io.grpc.stub.ClientCalls.blockingUnaryCall(ClientCalls.java:139)
	at org.apache.ratis.proto.grpc.RaftServerProtocolServiceGrpc$RaftServerProtocolServiceBlockingStub.requestVote(RaftServerProtocolServiceGrpc.java:265)
	at org.apache.ratis.grpc.server.GrpcServerProtocolClient.requestVote(GrpcServerProtocolClient.java:99)
	at org.apache.ratis.grpc.server.GrpcService.requestVote(GrpcService.java:204)
	at org.apache.ratis.server.impl.LeaderElection.lambda$submitRequests$1(LeaderElection.java:234)
	at java.util.concurrent.FutureTask.run(FutureTask.java:266)
	at java.util.concurrent.Executors$RunnableAdapter.call(Executors.java:511)
	at java.util.concurrent.FutureTask.run(FutureTask.java:266)
	at java.util.concurrent.ThreadPoolExecutor.runWorker(ThreadPoolExecutor.java:1149)
	at java.util.concurrent.ThreadPoolExecutor$Worker.run(ThreadPoolExecutor.java:624)
	... 1 more
Caused by: org.apache.ratis.thirdparty.io.netty.channel.AbstractChannel$AnnotatedConnectException: Connection refused: /192.168.34.38:45833
	at sun.nio.ch.SocketChannelImpl.checkConnect(Native Method)
	at sun.nio.ch.SocketChannelImpl.finishConnect(SocketChannelImpl.java:717)
	at org.apache.ratis.thirdparty.io.netty.channel.socket.nio.NioSocketChannel.doFinishConnect(NioSocketChannel.java:327)
	at org.apache.ratis.thirdparty.io.netty.channel.nio.AbstractNioChannel$AbstractNioUnsafe.finishConnect(AbstractNioChannel.java:340)
	at org.apache.ratis.thirdparty.io.netty.channel.nio.NioEventLoop.processSelectedKey(NioEventLoop.java:632)
	at org.apache.ratis.thirdparty.io.netty.channel.nio.NioEventLoop.processSelectedKeysOptimized(NioEventLoop.java:579)
	at org.apache.ratis.thirdparty.io.netty.channel.nio.NioEventLoop.processSelectedKeys(NioEventLoop.java:496)
	at org.apache.ratis.thirdparty.io.netty.channel.nio.NioEventLoop.run(NioEventLoop.java:458)
	at org.apache.ratis.thirdparty.io.netty.util.concurrent.SingleThreadEventExecutor$5.run(SingleThreadEventExecutor.java:897)
	at org.apache.ratis.thirdparty.io.netty.util.concurrent.FastThreadLocalRunnable.run(FastThreadLocalRunnable.java:30)
	... 1 more
Caused by: java.net.ConnectException: Connection refused
	... 11 more
2019-10-16 21:02:16,634 [4b287a15-77af-487b-aef7-34d1d0ee189f@group-83C26644CFDA-LeaderElection415] INFO  impl.LeaderElection (LeaderElection.java:logAndReturn(56)) - 4b287a15-77af-487b-aef7-34d1d0ee189f@group-83C26644CFDA-LeaderElection415: Election REJECTED; received 0 response(s) [] and 2 exception(s); 4b287a15-77af-487b-aef7-34d1d0ee189f@group-83C26644CFDA:t441, leader=null, voted=4b287a15-77af-487b-aef7-34d1d0ee189f, raftlog=4b287a15-77af-487b-aef7-34d1d0ee189f@group-83C26644CFDA-SegmentedRaftLog:OPENED:c-1,f-1,i0, conf=-1: [4b287a15-77af-487b-aef7-34d1d0ee189f:192.168.34.38:38597, 0aa3649f-570d-46c6-937f-492d7f3a8364:192.168.34.38:33209, 4a03179f-3169-4ac7-a075-259968512ef0:192.168.34.38:45833], old=null
2019-10-16 21:02:16,635 [4b287a15-77af-487b-aef7-34d1d0ee189f@group-83C26644CFDA-LeaderElection415] INFO  impl.LeaderElection (LogUtils.java:infoOrTrace(149)) -   Exception 0: {}
java.util.concurrent.ExecutionException: org.apache.ratis.thirdparty.io.grpc.StatusRuntimeException: UNAVAILABLE: io exception
	at java.util.concurrent.FutureTask.report(FutureTask.java:122)
	at java.util.concurrent.FutureTask.get(FutureTask.java:192)
	at org.apache.ratis.server.impl.LeaderElection.waitForResults(LeaderElection.java:259)
	at org.apache.ratis.server.impl.LeaderElection.askForVotes(LeaderElection.java:197)
	at org.apache.ratis.server.impl.LeaderElection.run(LeaderElection.java:133)
	at java.lang.Thread.run(Thread.java:748)
Caused by: org.apache.ratis.thirdparty.io.grpc.StatusRuntimeException: UNAVAILABLE: io exception
	at org.apache.ratis.thirdparty.io.grpc.stub.ClientCalls.toStatusRuntimeException(ClientCalls.java:233)
	at org.apache.ratis.thirdparty.io.grpc.stub.ClientCalls.getUnchecked(ClientCalls.java:214)
	at org.apache.ratis.thirdparty.io.grpc.stub.ClientCalls.blockingUnaryCall(ClientCalls.java:139)
	at org.apache.ratis.proto.grpc.RaftServerProtocolServiceGrpc$RaftServerProtocolServiceBlockingStub.requestVote(RaftServerProtocolServiceGrpc.java:265)
	at org.apache.ratis.grpc.server.GrpcServerProtocolClient.requestVote(GrpcServerProtocolClient.java:99)
	at org.apache.ratis.grpc.server.GrpcService.requestVote(GrpcService.java:204)
	at org.apache.ratis.server.impl.LeaderElection.lambda$submitRequests$1(LeaderElection.java:234)
	at java.util.concurrent.FutureTask.run(FutureTask.java:266)
	at java.util.concurrent.Executors$RunnableAdapter.call(Executors.java:511)
	at java.util.concurrent.FutureTask.run(FutureTask.java:266)
	at java.util.concurrent.ThreadPoolExecutor.runWorker(ThreadPoolExecutor.java:1149)
	at java.util.concurrent.ThreadPoolExecutor$Worker.run(ThreadPoolExecutor.java:624)
	... 1 more
Caused by: org.apache.ratis.thirdparty.io.netty.channel.AbstractChannel$AnnotatedConnectException: Connection refused: /192.168.34.38:33209
	at sun.nio.ch.SocketChannelImpl.checkConnect(Native Method)
	at sun.nio.ch.SocketChannelImpl.finishConnect(SocketChannelImpl.java:717)
	at org.apache.ratis.thirdparty.io.netty.channel.socket.nio.NioSocketChannel.doFinishConnect(NioSocketChannel.java:327)
	at org.apache.ratis.thirdparty.io.netty.channel.nio.AbstractNioChannel$AbstractNioUnsafe.finishConnect(AbstractNioChannel.java:340)
	at org.apache.ratis.thirdparty.io.netty.channel.nio.NioEventLoop.processSelectedKey(NioEventLoop.java:632)
	at org.apache.ratis.thirdparty.io.netty.channel.nio.NioEventLoop.processSelectedKeysOptimized(NioEventLoop.java:579)
	at org.apache.ratis.thirdparty.io.netty.channel.nio.NioEventLoop.processSelectedKeys(NioEventLoop.java:496)
	at org.apache.ratis.thirdparty.io.netty.channel.nio.NioEventLoop.run(NioEventLoop.java:458)
	at org.apache.ratis.thirdparty.io.netty.util.concurrent.SingleThreadEventExecutor$5.run(SingleThreadEventExecutor.java:897)
	at org.apache.ratis.thirdparty.io.netty.util.concurrent.FastThreadLocalRunnable.run(FastThreadLocalRunnable.java:30)
	... 1 more
Caused by: java.net.ConnectException: Connection refused
	... 11 more
2019-10-16 21:02:16,635 [4b287a15-77af-487b-aef7-34d1d0ee189f@group-83C26644CFDA-LeaderElection415] INFO  impl.LeaderElection (LogUtils.java:infoOrTrace(149)) -   Exception 1: {}
java.util.concurrent.ExecutionException: org.apache.ratis.thirdparty.io.grpc.StatusRuntimeException: UNAVAILABLE: io exception
	at java.util.concurrent.FutureTask.report(FutureTask.java:122)
	at java.util.concurrent.FutureTask.get(FutureTask.java:192)
	at org.apache.ratis.server.impl.LeaderElection.waitForResults(LeaderElection.java:259)
	at org.apache.ratis.server.impl.LeaderElection.askForVotes(LeaderElection.java:197)
	at org.apache.ratis.server.impl.LeaderElection.run(LeaderElection.java:133)
	at java.lang.Thread.run(Thread.java:748)
Caused by: org.apache.ratis.thirdparty.io.grpc.StatusRuntimeException: UNAVAILABLE: io exception
	at org.apache.ratis.thirdparty.io.grpc.stub.ClientCalls.toStatusRuntimeException(ClientCalls.java:233)
	at org.apache.ratis.thirdparty.io.grpc.stub.ClientCalls.getUnchecked(ClientCalls.java:214)
	at org.apache.ratis.thirdparty.io.grpc.stub.ClientCalls.blockingUnaryCall(ClientCalls.java:139)
	at org.apache.ratis.proto.grpc.RaftServerProtocolServiceGrpc$RaftServerProtocolServiceBlockingStub.requestVote(RaftServerProtocolServiceGrpc.java:265)
	at org.apache.ratis.grpc.server.GrpcServerProtocolClient.requestVote(GrpcServerProtocolClient.java:99)
	at org.apache.ratis.grpc.server.GrpcService.requestVote(GrpcService.java:204)
	at org.apache.ratis.server.impl.LeaderElection.lambda$submitRequests$1(LeaderElection.java:234)
	at java.util.concurrent.FutureTask.run(FutureTask.java:266)
	at java.util.concurrent.Executors$RunnableAdapter.call(Executors.java:511)
	at java.util.concurrent.FutureTask.run(FutureTask.java:266)
	at java.util.concurrent.ThreadPoolExecutor.runWorker(ThreadPoolExecutor.java:1149)
	at java.util.concurrent.ThreadPoolExecutor$Worker.run(ThreadPoolExecutor.java:624)
	... 1 more
Caused by: org.apache.ratis.thirdparty.io.netty.channel.AbstractChannel$AnnotatedConnectException: Connection refused: /192.168.34.38:45833
	at sun.nio.ch.SocketChannelImpl.checkConnect(Native Method)
	at sun.nio.ch.SocketChannelImpl.finishConnect(SocketChannelImpl.java:717)
	at org.apache.ratis.thirdparty.io.netty.channel.socket.nio.NioSocketChannel.doFinishConnect(NioSocketChannel.java:327)
	at org.apache.ratis.thirdparty.io.netty.channel.nio.AbstractNioChannel$AbstractNioUnsafe.finishConnect(AbstractNioChannel.java:340)
	at org.apache.ratis.thirdparty.io.netty.channel.nio.NioEventLoop.processSelectedKey(NioEventLoop.java:632)
	at org.apache.ratis.thirdparty.io.netty.channel.nio.NioEventLoop.processSelectedKeysOptimized(NioEventLoop.java:579)
	at org.apache.ratis.thirdparty.io.netty.channel.nio.NioEventLoop.processSelectedKeys(NioEventLoop.java:496)
	at org.apache.ratis.thirdparty.io.netty.channel.nio.NioEventLoop.run(NioEventLoop.java:458)
	at org.apache.ratis.thirdparty.io.netty.util.concurrent.SingleThreadEventExecutor$5.run(SingleThreadEventExecutor.java:897)
	at org.apache.ratis.thirdparty.io.netty.util.concurrent.FastThreadLocalRunnable.run(FastThreadLocalRunnable.java:30)
	... 1 more
Caused by: java.net.ConnectException: Connection refused
	... 11 more
2019-10-16 21:02:16,635 [4b287a15-77af-487b-aef7-34d1d0ee189f@group-83C26644CFDA-LeaderElection415] INFO  impl.RaftServerImpl (RaftServerImpl.java:setRole(184)) - 4b287a15-77af-487b-aef7-34d1d0ee189f@group-83C26644CFDA: changes role from CANDIDATE to FOLLOWER at term 441 for DISCOVERED_A_NEW_TERM
2019-10-16 21:02:16,635 [4b287a15-77af-487b-aef7-34d1d0ee189f@group-83C26644CFDA-LeaderElection415] INFO  impl.RoleInfo (RoleInfo.java:shutdownLeaderElection(134)) - 4b287a15-77af-487b-aef7-34d1d0ee189f: shutdown LeaderElection
2019-10-16 21:02:16,636 [4b287a15-77af-487b-aef7-34d1d0ee189f@group-83C26644CFDA-LeaderElection415] INFO  impl.RoleInfo (RoleInfo.java:updateAndGet(143)) - 4b287a15-77af-487b-aef7-34d1d0ee189f: start FollowerState
2019-10-16 21:02:16,645 [Thread-2912] INFO  impl.FollowerState (FollowerState.java:run(108)) - 4b287a15-77af-487b-aef7-34d1d0ee189f@group-83C26644CFDA-FollowerState: change to CANDIDATE, lastRpcTime:9ms, electionTimeout:9ms
2019-10-16 21:02:16,645 [Thread-2912] INFO  impl.RoleInfo (RoleInfo.java:shutdownFollowerState(121)) - 4b287a15-77af-487b-aef7-34d1d0ee189f: shutdown FollowerState
2019-10-16 21:02:16,645 [Thread-2912] INFO  impl.RaftServerImpl (RaftServerImpl.java:setRole(184)) - 4b287a15-77af-487b-aef7-34d1d0ee189f@group-83C26644CFDA: changes role from  FOLLOWER to CANDIDATE at term 441 for changeToCandidate
2019-10-16 21:02:16,645 [Thread-2912] INFO  impl.RoleInfo (RoleInfo.java:updateAndGet(143)) - 4b287a15-77af-487b-aef7-34d1d0ee189f: start LeaderElection
2019-10-16 21:02:16,660 [4b287a15-77af-487b-aef7-34d1d0ee189f@group-83C26644CFDA-LeaderElection416] INFO  impl.LeaderElection (LeaderElection.java:askForVotes(178)) - 4b287a15-77af-487b-aef7-34d1d0ee189f@group-83C26644CFDA-LeaderElection416: begin an election at term 442 for -1: [4b287a15-77af-487b-aef7-34d1d0ee189f:192.168.34.38:38597, 0aa3649f-570d-46c6-937f-492d7f3a8364:192.168.34.38:33209, 4a03179f-3169-4ac7-a075-259968512ef0:192.168.34.38:45833], old=null
2019-10-16 21:02:16,661 [4b287a15-77af-487b-aef7-34d1d0ee189f@group-83C26644CFDA-LeaderElection416] INFO  impl.LeaderElection (LogUtils.java:infoOrTrace(149)) - 4b287a15-77af-487b-aef7-34d1d0ee189f@group-83C26644CFDA-LeaderElection416 got exception when requesting votes: {}
java.util.concurrent.ExecutionException: org.apache.ratis.thirdparty.io.grpc.StatusRuntimeException: UNAVAILABLE: io exception
	at java.util.concurrent.FutureTask.report(FutureTask.java:122)
	at java.util.concurrent.FutureTask.get(FutureTask.java:192)
	at org.apache.ratis.server.impl.LeaderElection.waitForResults(LeaderElection.java:259)
	at org.apache.ratis.server.impl.LeaderElection.askForVotes(LeaderElection.java:197)
	at org.apache.ratis.server.impl.LeaderElection.run(LeaderElection.java:133)
	at java.lang.Thread.run(Thread.java:748)
Caused by: org.apache.ratis.thirdparty.io.grpc.StatusRuntimeException: UNAVAILABLE: io exception
	at org.apache.ratis.thirdparty.io.grpc.stub.ClientCalls.toStatusRuntimeException(ClientCalls.java:233)
	at org.apache.ratis.thirdparty.io.grpc.stub.ClientCalls.getUnchecked(ClientCalls.java:214)
	at org.apache.ratis.thirdparty.io.grpc.stub.ClientCalls.blockingUnaryCall(ClientCalls.java:139)
	at org.apache.ratis.proto.grpc.RaftServerProtocolServiceGrpc$RaftServerProtocolServiceBlockingStub.requestVote(RaftServerProtocolServiceGrpc.java:265)
	at org.apache.ratis.grpc.server.GrpcServerProtocolClient.requestVote(GrpcServerProtocolClient.java:99)
	at org.apache.ratis.grpc.server.GrpcService.requestVote(GrpcService.java:204)
	at org.apache.ratis.server.impl.LeaderElection.lambda$submitRequests$1(LeaderElection.java:234)
	at java.util.concurrent.FutureTask.run(FutureTask.java:266)
	at java.util.concurrent.Executors$RunnableAdapter.call(Executors.java:511)
	at java.util.concurrent.FutureTask.run(FutureTask.java:266)
	at java.util.concurrent.ThreadPoolExecutor.runWorker(ThreadPoolExecutor.java:1149)
	at java.util.concurrent.ThreadPoolExecutor$Worker.run(ThreadPoolExecutor.java:624)
	... 1 more
Caused by: org.apache.ratis.thirdparty.io.netty.channel.AbstractChannel$AnnotatedConnectException: Connection refused: /192.168.34.38:33209
	at sun.nio.ch.SocketChannelImpl.checkConnect(Native Method)
	at sun.nio.ch.SocketChannelImpl.finishConnect(SocketChannelImpl.java:717)
	at org.apache.ratis.thirdparty.io.netty.channel.socket.nio.NioSocketChannel.doFinishConnect(NioSocketChannel.java:327)
	at org.apache.ratis.thirdparty.io.netty.channel.nio.AbstractNioChannel$AbstractNioUnsafe.finishConnect(AbstractNioChannel.java:340)
	at org.apache.ratis.thirdparty.io.netty.channel.nio.NioEventLoop.processSelectedKey(NioEventLoop.java:632)
	at org.apache.ratis.thirdparty.io.netty.channel.nio.NioEventLoop.processSelectedKeysOptimized(NioEventLoop.java:579)
	at org.apache.ratis.thirdparty.io.netty.channel.nio.NioEventLoop.processSelectedKeys(NioEventLoop.java:496)
	at org.apache.ratis.thirdparty.io.netty.channel.nio.NioEventLoop.run(NioEventLoop.java:458)
	at org.apache.ratis.thirdparty.io.netty.util.concurrent.SingleThreadEventExecutor$5.run(SingleThreadEventExecutor.java:897)
	at org.apache.ratis.thirdparty.io.netty.util.concurrent.FastThreadLocalRunnable.run(FastThreadLocalRunnable.java:30)
	... 1 more
Caused by: java.net.ConnectException: Connection refused
	... 11 more
2019-10-16 21:02:16,662 [4b287a15-77af-487b-aef7-34d1d0ee189f@group-83C26644CFDA-LeaderElection416] INFO  impl.LeaderElection (LogUtils.java:infoOrTrace(149)) - 4b287a15-77af-487b-aef7-34d1d0ee189f@group-83C26644CFDA-LeaderElection416 got exception when requesting votes: {}
java.util.concurrent.ExecutionException: org.apache.ratis.thirdparty.io.grpc.StatusRuntimeException: UNAVAILABLE: io exception
	at java.util.concurrent.FutureTask.report(FutureTask.java:122)
	at java.util.concurrent.FutureTask.get(FutureTask.java:192)
	at org.apache.ratis.server.impl.LeaderElection.waitForResults(LeaderElection.java:259)
	at org.apache.ratis.server.impl.LeaderElection.askForVotes(LeaderElection.java:197)
	at org.apache.ratis.server.impl.LeaderElection.run(LeaderElection.java:133)
	at java.lang.Thread.run(Thread.java:748)
Caused by: org.apache.ratis.thirdparty.io.grpc.StatusRuntimeException: UNAVAILABLE: io exception
	at org.apache.ratis.thirdparty.io.grpc.stub.ClientCalls.toStatusRuntimeException(ClientCalls.java:233)
	at org.apache.ratis.thirdparty.io.grpc.stub.ClientCalls.getUnchecked(ClientCalls.java:214)
	at org.apache.ratis.thirdparty.io.grpc.stub.ClientCalls.blockingUnaryCall(ClientCalls.java:139)
	at org.apache.ratis.proto.grpc.RaftServerProtocolServiceGrpc$RaftServerProtocolServiceBlockingStub.requestVote(RaftServerProtocolServiceGrpc.java:265)
	at org.apache.ratis.grpc.server.GrpcServerProtocolClient.requestVote(GrpcServerProtocolClient.java:99)
	at org.apache.ratis.grpc.server.GrpcService.requestVote(GrpcService.java:204)
	at org.apache.ratis.server.impl.LeaderElection.lambda$submitRequests$1(LeaderElection.java:234)
	at java.util.concurrent.FutureTask.run(FutureTask.java:266)
	at java.util.concurrent.Executors$RunnableAdapter.call(Executors.java:511)
	at java.util.concurrent.FutureTask.run(FutureTask.java:266)
	at java.util.concurrent.ThreadPoolExecutor.runWorker(ThreadPoolExecutor.java:1149)
	at java.util.concurrent.ThreadPoolExecutor$Worker.run(ThreadPoolExecutor.java:624)
	... 1 more
Caused by: org.apache.ratis.thirdparty.io.netty.channel.AbstractChannel$AnnotatedConnectException: Connection refused: /192.168.34.38:45833
	at sun.nio.ch.SocketChannelImpl.checkConnect(Native Method)
	at sun.nio.ch.SocketChannelImpl.finishConnect(SocketChannelImpl.java:717)
	at org.apache.ratis.thirdparty.io.netty.channel.socket.nio.NioSocketChannel.doFinishConnect(NioSocketChannel.java:327)
	at org.apache.ratis.thirdparty.io.netty.channel.nio.AbstractNioChannel$AbstractNioUnsafe.finishConnect(AbstractNioChannel.java:340)
	at org.apache.ratis.thirdparty.io.netty.channel.nio.NioEventLoop.processSelectedKey(NioEventLoop.java:632)
	at org.apache.ratis.thirdparty.io.netty.channel.nio.NioEventLoop.processSelectedKeysOptimized(NioEventLoop.java:579)
	at org.apache.ratis.thirdparty.io.netty.channel.nio.NioEventLoop.processSelectedKeys(NioEventLoop.java:496)
	at org.apache.ratis.thirdparty.io.netty.channel.nio.NioEventLoop.run(NioEventLoop.java:458)
	at org.apache.ratis.thirdparty.io.netty.util.concurrent.SingleThreadEventExecutor$5.run(SingleThreadEventExecutor.java:897)
	at org.apache.ratis.thirdparty.io.netty.util.concurrent.FastThreadLocalRunnable.run(FastThreadLocalRunnable.java:30)
	... 1 more
Caused by: java.net.ConnectException: Connection refused
	... 11 more
2019-10-16 21:02:16,663 [4b287a15-77af-487b-aef7-34d1d0ee189f@group-83C26644CFDA-LeaderElection416] INFO  impl.LeaderElection (LeaderElection.java:logAndReturn(56)) - 4b287a15-77af-487b-aef7-34d1d0ee189f@group-83C26644CFDA-LeaderElection416: Election REJECTED; received 0 response(s) [] and 2 exception(s); 4b287a15-77af-487b-aef7-34d1d0ee189f@group-83C26644CFDA:t442, leader=null, voted=4b287a15-77af-487b-aef7-34d1d0ee189f, raftlog=4b287a15-77af-487b-aef7-34d1d0ee189f@group-83C26644CFDA-SegmentedRaftLog:OPENED:c-1,f-1,i0, conf=-1: [4b287a15-77af-487b-aef7-34d1d0ee189f:192.168.34.38:38597, 0aa3649f-570d-46c6-937f-492d7f3a8364:192.168.34.38:33209, 4a03179f-3169-4ac7-a075-259968512ef0:192.168.34.38:45833], old=null
2019-10-16 21:02:16,663 [4b287a15-77af-487b-aef7-34d1d0ee189f@group-83C26644CFDA-LeaderElection416] INFO  impl.LeaderElection (LogUtils.java:infoOrTrace(149)) -   Exception 0: {}
java.util.concurrent.ExecutionException: org.apache.ratis.thirdparty.io.grpc.StatusRuntimeException: UNAVAILABLE: io exception
	at java.util.concurrent.FutureTask.report(FutureTask.java:122)
	at java.util.concurrent.FutureTask.get(FutureTask.java:192)
	at org.apache.ratis.server.impl.LeaderElection.waitForResults(LeaderElection.java:259)
	at org.apache.ratis.server.impl.LeaderElection.askForVotes(LeaderElection.java:197)
	at org.apache.ratis.server.impl.LeaderElection.run(LeaderElection.java:133)
	at java.lang.Thread.run(Thread.java:748)
Caused by: org.apache.ratis.thirdparty.io.grpc.StatusRuntimeException: UNAVAILABLE: io exception
	at org.apache.ratis.thirdparty.io.grpc.stub.ClientCalls.toStatusRuntimeException(ClientCalls.java:233)
	at org.apache.ratis.thirdparty.io.grpc.stub.ClientCalls.getUnchecked(ClientCalls.java:214)
	at org.apache.ratis.thirdparty.io.grpc.stub.ClientCalls.blockingUnaryCall(ClientCalls.java:139)
	at org.apache.ratis.proto.grpc.RaftServerProtocolServiceGrpc$RaftServerProtocolServiceBlockingStub.requestVote(RaftServerProtocolServiceGrpc.java:265)
	at org.apache.ratis.grpc.server.GrpcServerProtocolClient.requestVote(GrpcServerProtocolClient.java:99)
	at org.apache.ratis.grpc.server.GrpcService.requestVote(GrpcService.java:204)
	at org.apache.ratis.server.impl.LeaderElection.lambda$submitRequests$1(LeaderElection.java:234)
	at java.util.concurrent.FutureTask.run(FutureTask.java:266)
	at java.util.concurrent.Executors$RunnableAdapter.call(Executors.java:511)
	at java.util.concurrent.FutureTask.run(FutureTask.java:266)
	at java.util.concurrent.ThreadPoolExecutor.runWorker(ThreadPoolExecutor.java:1149)
	at java.util.concurrent.ThreadPoolExecutor$Worker.run(ThreadPoolExecutor.java:624)
	... 1 more
Caused by: org.apache.ratis.thirdparty.io.netty.channel.AbstractChannel$AnnotatedConnectException: Connection refused: /192.168.34.38:33209
	at sun.nio.ch.SocketChannelImpl.checkConnect(Native Method)
	at sun.nio.ch.SocketChannelImpl.finishConnect(SocketChannelImpl.java:717)
	at org.apache.ratis.thirdparty.io.netty.channel.socket.nio.NioSocketChannel.doFinishConnect(NioSocketChannel.java:327)
	at org.apache.ratis.thirdparty.io.netty.channel.nio.AbstractNioChannel$AbstractNioUnsafe.finishConnect(AbstractNioChannel.java:340)
	at org.apache.ratis.thirdparty.io.netty.channel.nio.NioEventLoop.processSelectedKey(NioEventLoop.java:632)
	at org.apache.ratis.thirdparty.io.netty.channel.nio.NioEventLoop.processSelectedKeysOptimized(NioEventLoop.java:579)
	at org.apache.ratis.thirdparty.io.netty.channel.nio.NioEventLoop.processSelectedKeys(NioEventLoop.java:496)
	at org.apache.ratis.thirdparty.io.netty.channel.nio.NioEventLoop.run(NioEventLoop.java:458)
	at org.apache.ratis.thirdparty.io.netty.util.concurrent.SingleThreadEventExecutor$5.run(SingleThreadEventExecutor.java:897)
	at org.apache.ratis.thirdparty.io.netty.util.concurrent.FastThreadLocalRunnable.run(FastThreadLocalRunnable.java:30)
	... 1 more
Caused by: java.net.ConnectException: Connection refused
	... 11 more
2019-10-16 21:02:16,664 [4b287a15-77af-487b-aef7-34d1d0ee189f@group-83C26644CFDA-LeaderElection416] INFO  impl.LeaderElection (LogUtils.java:infoOrTrace(149)) -   Exception 1: {}
java.util.concurrent.ExecutionException: org.apache.ratis.thirdparty.io.grpc.StatusRuntimeException: UNAVAILABLE: io exception
	at java.util.concurrent.FutureTask.report(FutureTask.java:122)
	at java.util.concurrent.FutureTask.get(FutureTask.java:192)
	at org.apache.ratis.server.impl.LeaderElection.waitForResults(LeaderElection.java:259)
	at org.apache.ratis.server.impl.LeaderElection.askForVotes(LeaderElection.java:197)
	at org.apache.ratis.server.impl.LeaderElection.run(LeaderElection.java:133)
	at java.lang.Thread.run(Thread.java:748)
Caused by: org.apache.ratis.thirdparty.io.grpc.StatusRuntimeException: UNAVAILABLE: io exception
	at org.apache.ratis.thirdparty.io.grpc.stub.ClientCalls.toStatusRuntimeException(ClientCalls.java:233)
	at org.apache.ratis.thirdparty.io.grpc.stub.ClientCalls.getUnchecked(ClientCalls.java:214)
	at org.apache.ratis.thirdparty.io.grpc.stub.ClientCalls.blockingUnaryCall(ClientCalls.java:139)
	at org.apache.ratis.proto.grpc.RaftServerProtocolServiceGrpc$RaftServerProtocolServiceBlockingStub.requestVote(RaftServerProtocolServiceGrpc.java:265)
	at org.apache.ratis.grpc.server.GrpcServerProtocolClient.requestVote(GrpcServerProtocolClient.java:99)
	at org.apache.ratis.grpc.server.GrpcService.requestVote(GrpcService.java:204)
	at org.apache.ratis.server.impl.LeaderElection.lambda$submitRequests$1(LeaderElection.java:234)
	at java.util.concurrent.FutureTask.run(FutureTask.java:266)
	at java.util.concurrent.Executors$RunnableAdapter.call(Executors.java:511)
	at java.util.concurrent.FutureTask.run(FutureTask.java:266)
	at java.util.concurrent.ThreadPoolExecutor.runWorker(ThreadPoolExecutor.java:1149)
	at java.util.concurrent.ThreadPoolExecutor$Worker.run(ThreadPoolExecutor.java:624)
	... 1 more
Caused by: org.apache.ratis.thirdparty.io.netty.channel.AbstractChannel$AnnotatedConnectException: Connection refused: /192.168.34.38:45833
	at sun.nio.ch.SocketChannelImpl.checkConnect(Native Method)
	at sun.nio.ch.SocketChannelImpl.finishConnect(SocketChannelImpl.java:717)
	at org.apache.ratis.thirdparty.io.netty.channel.socket.nio.NioSocketChannel.doFinishConnect(NioSocketChannel.java:327)
	at org.apache.ratis.thirdparty.io.netty.channel.nio.AbstractNioChannel$AbstractNioUnsafe.finishConnect(AbstractNioChannel.java:340)
	at org.apache.ratis.thirdparty.io.netty.channel.nio.NioEventLoop.processSelectedKey(NioEventLoop.java:632)
	at org.apache.ratis.thirdparty.io.netty.channel.nio.NioEventLoop.processSelectedKeysOptimized(NioEventLoop.java:579)
	at org.apache.ratis.thirdparty.io.netty.channel.nio.NioEventLoop.processSelectedKeys(NioEventLoop.java:496)
	at org.apache.ratis.thirdparty.io.netty.channel.nio.NioEventLoop.run(NioEventLoop.java:458)
	at org.apache.ratis.thirdparty.io.netty.util.concurrent.SingleThreadEventExecutor$5.run(SingleThreadEventExecutor.java:897)
	at org.apache.ratis.thirdparty.io.netty.util.concurrent.FastThreadLocalRunnable.run(FastThreadLocalRunnable.java:30)
	... 1 more
Caused by: java.net.ConnectException: Connection refused
	... 11 more
2019-10-16 21:02:16,664 [4b287a15-77af-487b-aef7-34d1d0ee189f@group-83C26644CFDA-LeaderElection416] INFO  impl.RaftServerImpl (RaftServerImpl.java:setRole(184)) - 4b287a15-77af-487b-aef7-34d1d0ee189f@group-83C26644CFDA: changes role from CANDIDATE to FOLLOWER at term 442 for DISCOVERED_A_NEW_TERM
2019-10-16 21:02:16,664 [4b287a15-77af-487b-aef7-34d1d0ee189f@group-83C26644CFDA-LeaderElection416] INFO  impl.RoleInfo (RoleInfo.java:shutdownLeaderElection(134)) - 4b287a15-77af-487b-aef7-34d1d0ee189f: shutdown LeaderElection
2019-10-16 21:02:16,665 [4b287a15-77af-487b-aef7-34d1d0ee189f@group-83C26644CFDA-LeaderElection416] INFO  impl.RoleInfo (RoleInfo.java:updateAndGet(143)) - 4b287a15-77af-487b-aef7-34d1d0ee189f: start FollowerState
2019-10-16 21:02:16,676 [Thread-2916] INFO  impl.FollowerState (FollowerState.java:run(108)) - 4b287a15-77af-487b-aef7-34d1d0ee189f@group-83C26644CFDA-FollowerState: change to CANDIDATE, lastRpcTime:11ms, electionTimeout:11ms
2019-10-16 21:02:16,676 [Thread-2916] INFO  impl.RoleInfo (RoleInfo.java:shutdownFollowerState(121)) - 4b287a15-77af-487b-aef7-34d1d0ee189f: shutdown FollowerState
2019-10-16 21:02:16,676 [Thread-2916] INFO  impl.RaftServerImpl (RaftServerImpl.java:setRole(184)) - 4b287a15-77af-487b-aef7-34d1d0ee189f@group-83C26644CFDA: changes role from  FOLLOWER to CANDIDATE at term 442 for changeToCandidate
2019-10-16 21:02:16,676 [Thread-2916] INFO  impl.RoleInfo (RoleInfo.java:updateAndGet(143)) - 4b287a15-77af-487b-aef7-34d1d0ee189f: start LeaderElection
2019-10-16 21:02:16,695 [4b287a15-77af-487b-aef7-34d1d0ee189f@group-83C26644CFDA-LeaderElection417] INFO  impl.LeaderElection (LeaderElection.java:askForVotes(178)) - 4b287a15-77af-487b-aef7-34d1d0ee189f@group-83C26644CFDA-LeaderElection417: begin an election at term 443 for -1: [4b287a15-77af-487b-aef7-34d1d0ee189f:192.168.34.38:38597, 0aa3649f-570d-46c6-937f-492d7f3a8364:192.168.34.38:33209, 4a03179f-3169-4ac7-a075-259968512ef0:192.168.34.38:45833], old=null
2019-10-16 21:02:16,695 [4b287a15-77af-487b-aef7-34d1d0ee189f@group-83C26644CFDA-LeaderElection417] INFO  impl.LeaderElection (LogUtils.java:infoOrTrace(149)) - 4b287a15-77af-487b-aef7-34d1d0ee189f@group-83C26644CFDA-LeaderElection417 got exception when requesting votes: {}
java.util.concurrent.ExecutionException: org.apache.ratis.thirdparty.io.grpc.StatusRuntimeException: UNAVAILABLE: io exception
	at java.util.concurrent.FutureTask.report(FutureTask.java:122)
	at java.util.concurrent.FutureTask.get(FutureTask.java:192)
	at org.apache.ratis.server.impl.LeaderElection.waitForResults(LeaderElection.java:259)
	at org.apache.ratis.server.impl.LeaderElection.askForVotes(LeaderElection.java:197)
	at org.apache.ratis.server.impl.LeaderElection.run(LeaderElection.java:133)
	at java.lang.Thread.run(Thread.java:748)
Caused by: org.apache.ratis.thirdparty.io.grpc.StatusRuntimeException: UNAVAILABLE: io exception
	at org.apache.ratis.thirdparty.io.grpc.stub.ClientCalls.toStatusRuntimeException(ClientCalls.java:233)
	at org.apache.ratis.thirdparty.io.grpc.stub.ClientCalls.getUnchecked(ClientCalls.java:214)
	at org.apache.ratis.thirdparty.io.grpc.stub.ClientCalls.blockingUnaryCall(ClientCalls.java:139)
	at org.apache.ratis.proto.grpc.RaftServerProtocolServiceGrpc$RaftServerProtocolServiceBlockingStub.requestVote(RaftServerProtocolServiceGrpc.java:265)
	at org.apache.ratis.grpc.server.GrpcServerProtocolClient.requestVote(GrpcServerProtocolClient.java:99)
	at org.apache.ratis.grpc.server.GrpcService.requestVote(GrpcService.java:204)
	at org.apache.ratis.server.impl.LeaderElection.lambda$submitRequests$1(LeaderElection.java:234)
	at java.util.concurrent.FutureTask.run(FutureTask.java:266)
	at java.util.concurrent.Executors$RunnableAdapter.call(Executors.java:511)
	at java.util.concurrent.FutureTask.run(FutureTask.java:266)
	at java.util.concurrent.ThreadPoolExecutor.runWorker(ThreadPoolExecutor.java:1149)
	at java.util.concurrent.ThreadPoolExecutor$Worker.run(ThreadPoolExecutor.java:624)
	... 1 more
Caused by: org.apache.ratis.thirdparty.io.netty.channel.AbstractChannel$AnnotatedConnectException: Connection refused: /192.168.34.38:33209
	at sun.nio.ch.SocketChannelImpl.checkConnect(Native Method)
	at sun.nio.ch.SocketChannelImpl.finishConnect(SocketChannelImpl.java:717)
	at org.apache.ratis.thirdparty.io.netty.channel.socket.nio.NioSocketChannel.doFinishConnect(NioSocketChannel.java:327)
	at org.apache.ratis.thirdparty.io.netty.channel.nio.AbstractNioChannel$AbstractNioUnsafe.finishConnect(AbstractNioChannel.java:340)
	at org.apache.ratis.thirdparty.io.netty.channel.nio.NioEventLoop.processSelectedKey(NioEventLoop.java:632)
	at org.apache.ratis.thirdparty.io.netty.channel.nio.NioEventLoop.processSelectedKeysOptimized(NioEventLoop.java:579)
	at org.apache.ratis.thirdparty.io.netty.channel.nio.NioEventLoop.processSelectedKeys(NioEventLoop.java:496)
	at org.apache.ratis.thirdparty.io.netty.channel.nio.NioEventLoop.run(NioEventLoop.java:458)
	at org.apache.ratis.thirdparty.io.netty.util.concurrent.SingleThreadEventExecutor$5.run(SingleThreadEventExecutor.java:897)
	at org.apache.ratis.thirdparty.io.netty.util.concurrent.FastThreadLocalRunnable.run(FastThreadLocalRunnable.java:30)
	... 1 more
Caused by: java.net.ConnectException: Connection refused
	... 11 more
2019-10-16 21:02:16,697 [4b287a15-77af-487b-aef7-34d1d0ee189f@group-83C26644CFDA-LeaderElection417] INFO  impl.LeaderElection (LogUtils.java:infoOrTrace(149)) - 4b287a15-77af-487b-aef7-34d1d0ee189f@group-83C26644CFDA-LeaderElection417 got exception when requesting votes: {}
java.util.concurrent.ExecutionException: org.apache.ratis.thirdparty.io.grpc.StatusRuntimeException: UNAVAILABLE: io exception
	at java.util.concurrent.FutureTask.report(FutureTask.java:122)
	at java.util.concurrent.FutureTask.get(FutureTask.java:192)
	at org.apache.ratis.server.impl.LeaderElection.waitForResults(LeaderElection.java:259)
	at org.apache.ratis.server.impl.LeaderElection.askForVotes(LeaderElection.java:197)
	at org.apache.ratis.server.impl.LeaderElection.run(LeaderElection.java:133)
	at java.lang.Thread.run(Thread.java:748)
Caused by: org.apache.ratis.thirdparty.io.grpc.StatusRuntimeException: UNAVAILABLE: io exception
	at org.apache.ratis.thirdparty.io.grpc.stub.ClientCalls.toStatusRuntimeException(ClientCalls.java:233)
	at org.apache.ratis.thirdparty.io.grpc.stub.ClientCalls.getUnchecked(ClientCalls.java:214)
	at org.apache.ratis.thirdparty.io.grpc.stub.ClientCalls.blockingUnaryCall(ClientCalls.java:139)
	at org.apache.ratis.proto.grpc.RaftServerProtocolServiceGrpc$RaftServerProtocolServiceBlockingStub.requestVote(RaftServerProtocolServiceGrpc.java:265)
	at org.apache.ratis.grpc.server.GrpcServerProtocolClient.requestVote(GrpcServerProtocolClient.java:99)
	at org.apache.ratis.grpc.server.GrpcService.requestVote(GrpcService.java:204)
	at org.apache.ratis.server.impl.LeaderElection.lambda$submitRequests$1(LeaderElection.java:234)
	at java.util.concurrent.FutureTask.run(FutureTask.java:266)
	at java.util.concurrent.Executors$RunnableAdapter.call(Executors.java:511)
	at java.util.concurrent.FutureTask.run(FutureTask.java:266)
	at java.util.concurrent.ThreadPoolExecutor.runWorker(ThreadPoolExecutor.java:1149)
	at java.util.concurrent.ThreadPoolExecutor$Worker.run(ThreadPoolExecutor.java:624)
	... 1 more
Caused by: org.apache.ratis.thirdparty.io.netty.channel.AbstractChannel$AnnotatedConnectException: Connection refused: /192.168.34.38:45833
	at sun.nio.ch.SocketChannelImpl.checkConnect(Native Method)
	at sun.nio.ch.SocketChannelImpl.finishConnect(SocketChannelImpl.java:717)
	at org.apache.ratis.thirdparty.io.netty.channel.socket.nio.NioSocketChannel.doFinishConnect(NioSocketChannel.java:327)
	at org.apache.ratis.thirdparty.io.netty.channel.nio.AbstractNioChannel$AbstractNioUnsafe.finishConnect(AbstractNioChannel.java:340)
	at org.apache.ratis.thirdparty.io.netty.channel.nio.NioEventLoop.processSelectedKey(NioEventLoop.java:632)
	at org.apache.ratis.thirdparty.io.netty.channel.nio.NioEventLoop.processSelectedKeysOptimized(NioEventLoop.java:579)
	at org.apache.ratis.thirdparty.io.netty.channel.nio.NioEventLoop.processSelectedKeys(NioEventLoop.java:496)
	at org.apache.ratis.thirdparty.io.netty.channel.nio.NioEventLoop.run(NioEventLoop.java:458)
	at org.apache.ratis.thirdparty.io.netty.util.concurrent.SingleThreadEventExecutor$5.run(SingleThreadEventExecutor.java:897)
	at org.apache.ratis.thirdparty.io.netty.util.concurrent.FastThreadLocalRunnable.run(FastThreadLocalRunnable.java:30)
	... 1 more
Caused by: java.net.ConnectException: Connection refused
	... 11 more
2019-10-16 21:02:16,698 [4b287a15-77af-487b-aef7-34d1d0ee189f@group-83C26644CFDA-LeaderElection417] INFO  impl.LeaderElection (LeaderElection.java:logAndReturn(56)) - 4b287a15-77af-487b-aef7-34d1d0ee189f@group-83C26644CFDA-LeaderElection417: Election REJECTED; received 0 response(s) [] and 2 exception(s); 4b287a15-77af-487b-aef7-34d1d0ee189f@group-83C26644CFDA:t443, leader=null, voted=4b287a15-77af-487b-aef7-34d1d0ee189f, raftlog=4b287a15-77af-487b-aef7-34d1d0ee189f@group-83C26644CFDA-SegmentedRaftLog:OPENED:c-1,f-1,i0, conf=-1: [4b287a15-77af-487b-aef7-34d1d0ee189f:192.168.34.38:38597, 0aa3649f-570d-46c6-937f-492d7f3a8364:192.168.34.38:33209, 4a03179f-3169-4ac7-a075-259968512ef0:192.168.34.38:45833], old=null
2019-10-16 21:02:16,698 [4b287a15-77af-487b-aef7-34d1d0ee189f@group-83C26644CFDA-LeaderElection417] INFO  impl.LeaderElection (LogUtils.java:infoOrTrace(149)) -   Exception 0: {}
java.util.concurrent.ExecutionException: org.apache.ratis.thirdparty.io.grpc.StatusRuntimeException: UNAVAILABLE: io exception
	at java.util.concurrent.FutureTask.report(FutureTask.java:122)
	at java.util.concurrent.FutureTask.get(FutureTask.java:192)
	at org.apache.ratis.server.impl.LeaderElection.waitForResults(LeaderElection.java:259)
	at org.apache.ratis.server.impl.LeaderElection.askForVotes(LeaderElection.java:197)
	at org.apache.ratis.server.impl.LeaderElection.run(LeaderElection.java:133)
	at java.lang.Thread.run(Thread.java:748)
Caused by: org.apache.ratis.thirdparty.io.grpc.StatusRuntimeException: UNAVAILABLE: io exception
	at org.apache.ratis.thirdparty.io.grpc.stub.ClientCalls.toStatusRuntimeException(ClientCalls.java:233)
	at org.apache.ratis.thirdparty.io.grpc.stub.ClientCalls.getUnchecked(ClientCalls.java:214)
	at org.apache.ratis.thirdparty.io.grpc.stub.ClientCalls.blockingUnaryCall(ClientCalls.java:139)
	at org.apache.ratis.proto.grpc.RaftServerProtocolServiceGrpc$RaftServerProtocolServiceBlockingStub.requestVote(RaftServerProtocolServiceGrpc.java:265)
	at org.apache.ratis.grpc.server.GrpcServerProtocolClient.requestVote(GrpcServerProtocolClient.java:99)
	at org.apache.ratis.grpc.server.GrpcService.requestVote(GrpcService.java:204)
	at org.apache.ratis.server.impl.LeaderElection.lambda$submitRequests$1(LeaderElection.java:234)
	at java.util.concurrent.FutureTask.run(FutureTask.java:266)
	at java.util.concurrent.Executors$RunnableAdapter.call(Executors.java:511)
	at java.util.concurrent.FutureTask.run(FutureTask.java:266)
	at java.util.concurrent.ThreadPoolExecutor.runWorker(ThreadPoolExecutor.java:1149)
	at java.util.concurrent.ThreadPoolExecutor$Worker.run(ThreadPoolExecutor.java:624)
	... 1 more
Caused by: org.apache.ratis.thirdparty.io.netty.channel.AbstractChannel$AnnotatedConnectException: Connection refused: /192.168.34.38:33209
	at sun.nio.ch.SocketChannelImpl.checkConnect(Native Method)
	at sun.nio.ch.SocketChannelImpl.finishConnect(SocketChannelImpl.java:717)
	at org.apache.ratis.thirdparty.io.netty.channel.socket.nio.NioSocketChannel.doFinishConnect(NioSocketChannel.java:327)
	at org.apache.ratis.thirdparty.io.netty.channel.nio.AbstractNioChannel$AbstractNioUnsafe.finishConnect(AbstractNioChannel.java:340)
	at org.apache.ratis.thirdparty.io.netty.channel.nio.NioEventLoop.processSelectedKey(NioEventLoop.java:632)
	at org.apache.ratis.thirdparty.io.netty.channel.nio.NioEventLoop.processSelectedKeysOptimized(NioEventLoop.java:579)
	at org.apache.ratis.thirdparty.io.netty.channel.nio.NioEventLoop.processSelectedKeys(NioEventLoop.java:496)
	at org.apache.ratis.thirdparty.io.netty.channel.nio.NioEventLoop.run(NioEventLoop.java:458)
	at org.apache.ratis.thirdparty.io.netty.util.concurrent.SingleThreadEventExecutor$5.run(SingleThreadEventExecutor.java:897)
	at org.apache.ratis.thirdparty.io.netty.util.concurrent.FastThreadLocalRunnable.run(FastThreadLocalRunnable.java:30)
	... 1 more
Caused by: java.net.ConnectException: Connection refused
	... 11 more
2019-10-16 21:02:16,698 [4b287a15-77af-487b-aef7-34d1d0ee189f@group-83C26644CFDA-LeaderElection417] INFO  impl.LeaderElection (LogUtils.java:infoOrTrace(149)) -   Exception 1: {}
java.util.concurrent.ExecutionException: org.apache.ratis.thirdparty.io.grpc.StatusRuntimeException: UNAVAILABLE: io exception
	at java.util.concurrent.FutureTask.report(FutureTask.java:122)
	at java.util.concurrent.FutureTask.get(FutureTask.java:192)
	at org.apache.ratis.server.impl.LeaderElection.waitForResults(LeaderElection.java:259)
	at org.apache.ratis.server.impl.LeaderElection.askForVotes(LeaderElection.java:197)
	at org.apache.ratis.server.impl.LeaderElection.run(LeaderElection.java:133)
	at java.lang.Thread.run(Thread.java:748)
Caused by: org.apache.ratis.thirdparty.io.grpc.StatusRuntimeException: UNAVAILABLE: io exception
	at org.apache.ratis.thirdparty.io.grpc.stub.ClientCalls.toStatusRuntimeException(ClientCalls.java:233)
	at org.apache.ratis.thirdparty.io.grpc.stub.ClientCalls.getUnchecked(ClientCalls.java:214)
	at org.apache.ratis.thirdparty.io.grpc.stub.ClientCalls.blockingUnaryCall(ClientCalls.java:139)
	at org.apache.ratis.proto.grpc.RaftServerProtocolServiceGrpc$RaftServerProtocolServiceBlockingStub.requestVote(RaftServerProtocolServiceGrpc.java:265)
	at org.apache.ratis.grpc.server.GrpcServerProtocolClient.requestVote(GrpcServerProtocolClient.java:99)
	at org.apache.ratis.grpc.server.GrpcService.requestVote(GrpcService.java:204)
	at org.apache.ratis.server.impl.LeaderElection.lambda$submitRequests$1(LeaderElection.java:234)
	at java.util.concurrent.FutureTask.run(FutureTask.java:266)
	at java.util.concurrent.Executors$RunnableAdapter.call(Executors.java:511)
	at java.util.concurrent.FutureTask.run(FutureTask.java:266)
	at java.util.concurrent.ThreadPoolExecutor.runWorker(ThreadPoolExecutor.java:1149)
	at java.util.concurrent.ThreadPoolExecutor$Worker.run(ThreadPoolExecutor.java:624)
	... 1 more
Caused by: org.apache.ratis.thirdparty.io.netty.channel.AbstractChannel$AnnotatedConnectException: Connection refused: /192.168.34.38:45833
	at sun.nio.ch.SocketChannelImpl.checkConnect(Native Method)
	at sun.nio.ch.SocketChannelImpl.finishConnect(SocketChannelImpl.java:717)
	at org.apache.ratis.thirdparty.io.netty.channel.socket.nio.NioSocketChannel.doFinishConnect(NioSocketChannel.java:327)
	at org.apache.ratis.thirdparty.io.netty.channel.nio.AbstractNioChannel$AbstractNioUnsafe.finishConnect(AbstractNioChannel.java:340)
	at org.apache.ratis.thirdparty.io.netty.channel.nio.NioEventLoop.processSelectedKey(NioEventLoop.java:632)
	at org.apache.ratis.thirdparty.io.netty.channel.nio.NioEventLoop.processSelectedKeysOptimized(NioEventLoop.java:579)
	at org.apache.ratis.thirdparty.io.netty.channel.nio.NioEventLoop.processSelectedKeys(NioEventLoop.java:496)
	at org.apache.ratis.thirdparty.io.netty.channel.nio.NioEventLoop.run(NioEventLoop.java:458)
	at org.apache.ratis.thirdparty.io.netty.util.concurrent.SingleThreadEventExecutor$5.run(SingleThreadEventExecutor.java:897)
	at org.apache.ratis.thirdparty.io.netty.util.concurrent.FastThreadLocalRunnable.run(FastThreadLocalRunnable.java:30)
	... 1 more
Caused by: java.net.ConnectException: Connection refused
	... 11 more
2019-10-16 21:02:16,699 [4b287a15-77af-487b-aef7-34d1d0ee189f@group-83C26644CFDA-LeaderElection417] INFO  impl.RaftServerImpl (RaftServerImpl.java:setRole(184)) - 4b287a15-77af-487b-aef7-34d1d0ee189f@group-83C26644CFDA: changes role from CANDIDATE to FOLLOWER at term 443 for DISCOVERED_A_NEW_TERM
2019-10-16 21:02:16,699 [4b287a15-77af-487b-aef7-34d1d0ee189f@group-83C26644CFDA-LeaderElection417] INFO  impl.RoleInfo (RoleInfo.java:shutdownLeaderElection(134)) - 4b287a15-77af-487b-aef7-34d1d0ee189f: shutdown LeaderElection
2019-10-16 21:02:16,699 [4b287a15-77af-487b-aef7-34d1d0ee189f@group-83C26644CFDA-LeaderElection417] INFO  impl.RoleInfo (RoleInfo.java:updateAndGet(143)) - 4b287a15-77af-487b-aef7-34d1d0ee189f: start FollowerState
2019-10-16 21:02:16,704 [Thread-2920] INFO  impl.FollowerState (FollowerState.java:run(108)) - 4b287a15-77af-487b-aef7-34d1d0ee189f@group-83C26644CFDA-FollowerState: change to CANDIDATE, lastRpcTime:4ms, electionTimeout:4ms
2019-10-16 21:02:16,704 [Thread-2920] INFO  impl.RoleInfo (RoleInfo.java:shutdownFollowerState(121)) - 4b287a15-77af-487b-aef7-34d1d0ee189f: shutdown FollowerState
2019-10-16 21:02:16,704 [Thread-2920] INFO  impl.RaftServerImpl (RaftServerImpl.java:setRole(184)) - 4b287a15-77af-487b-aef7-34d1d0ee189f@group-83C26644CFDA: changes role from  FOLLOWER to CANDIDATE at term 443 for changeToCandidate
2019-10-16 21:02:16,704 [Thread-2920] INFO  impl.RoleInfo (RoleInfo.java:updateAndGet(143)) - 4b287a15-77af-487b-aef7-34d1d0ee189f: start LeaderElection
2019-10-16 21:02:16,726 [4b287a15-77af-487b-aef7-34d1d0ee189f@group-83C26644CFDA-LeaderElection418] INFO  impl.LeaderElection (LeaderElection.java:askForVotes(178)) - 4b287a15-77af-487b-aef7-34d1d0ee189f@group-83C26644CFDA-LeaderElection418: begin an election at term 444 for -1: [4b287a15-77af-487b-aef7-34d1d0ee189f:192.168.34.38:38597, 0aa3649f-570d-46c6-937f-492d7f3a8364:192.168.34.38:33209, 4a03179f-3169-4ac7-a075-259968512ef0:192.168.34.38:45833], old=null
2019-10-16 21:02:16,727 [4b287a15-77af-487b-aef7-34d1d0ee189f@group-83C26644CFDA-LeaderElection418] INFO  impl.LeaderElection (LogUtils.java:infoOrTrace(149)) - 4b287a15-77af-487b-aef7-34d1d0ee189f@group-83C26644CFDA-LeaderElection418 got exception when requesting votes: {}
java.util.concurrent.ExecutionException: org.apache.ratis.thirdparty.io.grpc.StatusRuntimeException: UNAVAILABLE: io exception
	at java.util.concurrent.FutureTask.report(FutureTask.java:122)
	at java.util.concurrent.FutureTask.get(FutureTask.java:192)
	at org.apache.ratis.server.impl.LeaderElection.waitForResults(LeaderElection.java:259)
	at org.apache.ratis.server.impl.LeaderElection.askForVotes(LeaderElection.java:197)
	at org.apache.ratis.server.impl.LeaderElection.run(LeaderElection.java:133)
	at java.lang.Thread.run(Thread.java:748)
Caused by: org.apache.ratis.thirdparty.io.grpc.StatusRuntimeException: UNAVAILABLE: io exception
	at org.apache.ratis.thirdparty.io.grpc.stub.ClientCalls.toStatusRuntimeException(ClientCalls.java:233)
	at org.apache.ratis.thirdparty.io.grpc.stub.ClientCalls.getUnchecked(ClientCalls.java:214)
	at org.apache.ratis.thirdparty.io.grpc.stub.ClientCalls.blockingUnaryCall(ClientCalls.java:139)
	at org.apache.ratis.proto.grpc.RaftServerProtocolServiceGrpc$RaftServerProtocolServiceBlockingStub.requestVote(RaftServerProtocolServiceGrpc.java:265)
	at org.apache.ratis.grpc.server.GrpcServerProtocolClient.requestVote(GrpcServerProtocolClient.java:99)
	at org.apache.ratis.grpc.server.GrpcService.requestVote(GrpcService.java:204)
	at org.apache.ratis.server.impl.LeaderElection.lambda$submitRequests$1(LeaderElection.java:234)
	at java.util.concurrent.FutureTask.run(FutureTask.java:266)
	at java.util.concurrent.Executors$RunnableAdapter.call(Executors.java:511)
	at java.util.concurrent.FutureTask.run(FutureTask.java:266)
	at java.util.concurrent.ThreadPoolExecutor.runWorker(ThreadPoolExecutor.java:1149)
	at java.util.concurrent.ThreadPoolExecutor$Worker.run(ThreadPoolExecutor.java:624)
	... 1 more
Caused by: org.apache.ratis.thirdparty.io.netty.channel.AbstractChannel$AnnotatedConnectException: Connection refused: /192.168.34.38:33209
	at sun.nio.ch.SocketChannelImpl.checkConnect(Native Method)
	at sun.nio.ch.SocketChannelImpl.finishConnect(SocketChannelImpl.java:717)
	at org.apache.ratis.thirdparty.io.netty.channel.socket.nio.NioSocketChannel.doFinishConnect(NioSocketChannel.java:327)
	at org.apache.ratis.thirdparty.io.netty.channel.nio.AbstractNioChannel$AbstractNioUnsafe.finishConnect(AbstractNioChannel.java:340)
	at org.apache.ratis.thirdparty.io.netty.channel.nio.NioEventLoop.processSelectedKey(NioEventLoop.java:632)
	at org.apache.ratis.thirdparty.io.netty.channel.nio.NioEventLoop.processSelectedKeysOptimized(NioEventLoop.java:579)
	at org.apache.ratis.thirdparty.io.netty.channel.nio.NioEventLoop.processSelectedKeys(NioEventLoop.java:496)
	at org.apache.ratis.thirdparty.io.netty.channel.nio.NioEventLoop.run(NioEventLoop.java:458)
	at org.apache.ratis.thirdparty.io.netty.util.concurrent.SingleThreadEventExecutor$5.run(SingleThreadEventExecutor.java:897)
	at org.apache.ratis.thirdparty.io.netty.util.concurrent.FastThreadLocalRunnable.run(FastThreadLocalRunnable.java:30)
	... 1 more
Caused by: java.net.ConnectException: Connection refused
	... 11 more
2019-10-16 21:02:16,728 [4b287a15-77af-487b-aef7-34d1d0ee189f@group-83C26644CFDA-LeaderElection418] INFO  impl.LeaderElection (LogUtils.java:infoOrTrace(149)) - 4b287a15-77af-487b-aef7-34d1d0ee189f@group-83C26644CFDA-LeaderElection418 got exception when requesting votes: {}
java.util.concurrent.ExecutionException: org.apache.ratis.thirdparty.io.grpc.StatusRuntimeException: UNAVAILABLE: io exception
	at java.util.concurrent.FutureTask.report(FutureTask.java:122)
	at java.util.concurrent.FutureTask.get(FutureTask.java:192)
	at org.apache.ratis.server.impl.LeaderElection.waitForResults(LeaderElection.java:259)
	at org.apache.ratis.server.impl.LeaderElection.askForVotes(LeaderElection.java:197)
	at org.apache.ratis.server.impl.LeaderElection.run(LeaderElection.java:133)
	at java.lang.Thread.run(Thread.java:748)
Caused by: org.apache.ratis.thirdparty.io.grpc.StatusRuntimeException: UNAVAILABLE: io exception
	at org.apache.ratis.thirdparty.io.grpc.stub.ClientCalls.toStatusRuntimeException(ClientCalls.java:233)
	at org.apache.ratis.thirdparty.io.grpc.stub.ClientCalls.getUnchecked(ClientCalls.java:214)
	at org.apache.ratis.thirdparty.io.grpc.stub.ClientCalls.blockingUnaryCall(ClientCalls.java:139)
	at org.apache.ratis.proto.grpc.RaftServerProtocolServiceGrpc$RaftServerProtocolServiceBlockingStub.requestVote(RaftServerProtocolServiceGrpc.java:265)
	at org.apache.ratis.grpc.server.GrpcServerProtocolClient.requestVote(GrpcServerProtocolClient.java:99)
	at org.apache.ratis.grpc.server.GrpcService.requestVote(GrpcService.java:204)
	at org.apache.ratis.server.impl.LeaderElection.lambda$submitRequests$1(LeaderElection.java:234)
	at java.util.concurrent.FutureTask.run(FutureTask.java:266)
	at java.util.concurrent.Executors$RunnableAdapter.call(Executors.java:511)
	at java.util.concurrent.FutureTask.run(FutureTask.java:266)
	at java.util.concurrent.ThreadPoolExecutor.runWorker(ThreadPoolExecutor.java:1149)
	at java.util.concurrent.ThreadPoolExecutor$Worker.run(ThreadPoolExecutor.java:624)
	... 1 more
Caused by: org.apache.ratis.thirdparty.io.netty.channel.AbstractChannel$AnnotatedConnectException: Connection refused: /192.168.34.38:45833
	at sun.nio.ch.SocketChannelImpl.checkConnect(Native Method)
	at sun.nio.ch.SocketChannelImpl.finishConnect(SocketChannelImpl.java:717)
	at org.apache.ratis.thirdparty.io.netty.channel.socket.nio.NioSocketChannel.doFinishConnect(NioSocketChannel.java:327)
	at org.apache.ratis.thirdparty.io.netty.channel.nio.AbstractNioChannel$AbstractNioUnsafe.finishConnect(AbstractNioChannel.java:340)
	at org.apache.ratis.thirdparty.io.netty.channel.nio.NioEventLoop.processSelectedKey(NioEventLoop.java:632)
	at org.apache.ratis.thirdparty.io.netty.channel.nio.NioEventLoop.processSelectedKeysOptimized(NioEventLoop.java:579)
	at org.apache.ratis.thirdparty.io.netty.channel.nio.NioEventLoop.processSelectedKeys(NioEventLoop.java:496)
	at org.apache.ratis.thirdparty.io.netty.channel.nio.NioEventLoop.run(NioEventLoop.java:458)
	at org.apache.ratis.thirdparty.io.netty.util.concurrent.SingleThreadEventExecutor$5.run(SingleThreadEventExecutor.java:897)
	at org.apache.ratis.thirdparty.io.netty.util.concurrent.FastThreadLocalRunnable.run(FastThreadLocalRunnable.java:30)
	... 1 more
Caused by: java.net.ConnectException: Connection refused
	... 11 more
2019-10-16 21:02:16,730 [4b287a15-77af-487b-aef7-34d1d0ee189f@group-83C26644CFDA-LeaderElection418] INFO  impl.LeaderElection (LeaderElection.java:logAndReturn(56)) - 4b287a15-77af-487b-aef7-34d1d0ee189f@group-83C26644CFDA-LeaderElection418: Election REJECTED; received 0 response(s) [] and 2 exception(s); 4b287a15-77af-487b-aef7-34d1d0ee189f@group-83C26644CFDA:t444, leader=null, voted=4b287a15-77af-487b-aef7-34d1d0ee189f, raftlog=4b287a15-77af-487b-aef7-34d1d0ee189f@group-83C26644CFDA-SegmentedRaftLog:OPENED:c-1,f-1,i0, conf=-1: [4b287a15-77af-487b-aef7-34d1d0ee189f:192.168.34.38:38597, 0aa3649f-570d-46c6-937f-492d7f3a8364:192.168.34.38:33209, 4a03179f-3169-4ac7-a075-259968512ef0:192.168.34.38:45833], old=null
2019-10-16 21:02:16,730 [4b287a15-77af-487b-aef7-34d1d0ee189f@group-83C26644CFDA-LeaderElection418] INFO  impl.LeaderElection (LogUtils.java:infoOrTrace(149)) -   Exception 0: {}
java.util.concurrent.ExecutionException: org.apache.ratis.thirdparty.io.grpc.StatusRuntimeException: UNAVAILABLE: io exception
	at java.util.concurrent.FutureTask.report(FutureTask.java:122)
	at java.util.concurrent.FutureTask.get(FutureTask.java:192)
	at org.apache.ratis.server.impl.LeaderElection.waitForResults(LeaderElection.java:259)
	at org.apache.ratis.server.impl.LeaderElection.askForVotes(LeaderElection.java:197)
	at org.apache.ratis.server.impl.LeaderElection.run(LeaderElection.java:133)
	at java.lang.Thread.run(Thread.java:748)
Caused by: org.apache.ratis.thirdparty.io.grpc.StatusRuntimeException: UNAVAILABLE: io exception
	at org.apache.ratis.thirdparty.io.grpc.stub.ClientCalls.toStatusRuntimeException(ClientCalls.java:233)
	at org.apache.ratis.thirdparty.io.grpc.stub.ClientCalls.getUnchecked(ClientCalls.java:214)
	at org.apache.ratis.thirdparty.io.grpc.stub.ClientCalls.blockingUnaryCall(ClientCalls.java:139)
	at org.apache.ratis.proto.grpc.RaftServerProtocolServiceGrpc$RaftServerProtocolServiceBlockingStub.requestVote(RaftServerProtocolServiceGrpc.java:265)
	at org.apache.ratis.grpc.server.GrpcServerProtocolClient.requestVote(GrpcServerProtocolClient.java:99)
	at org.apache.ratis.grpc.server.GrpcService.requestVote(GrpcService.java:204)
	at org.apache.ratis.server.impl.LeaderElection.lambda$submitRequests$1(LeaderElection.java:234)
	at java.util.concurrent.FutureTask.run(FutureTask.java:266)
	at java.util.concurrent.Executors$RunnableAdapter.call(Executors.java:511)
	at java.util.concurrent.FutureTask.run(FutureTask.java:266)
	at java.util.concurrent.ThreadPoolExecutor.runWorker(ThreadPoolExecutor.java:1149)
	at java.util.concurrent.ThreadPoolExecutor$Worker.run(ThreadPoolExecutor.java:624)
	... 1 more
Caused by: org.apache.ratis.thirdparty.io.netty.channel.AbstractChannel$AnnotatedConnectException: Connection refused: /192.168.34.38:33209
	at sun.nio.ch.SocketChannelImpl.checkConnect(Native Method)
	at sun.nio.ch.SocketChannelImpl.finishConnect(SocketChannelImpl.java:717)
	at org.apache.ratis.thirdparty.io.netty.channel.socket.nio.NioSocketChannel.doFinishConnect(NioSocketChannel.java:327)
	at org.apache.ratis.thirdparty.io.netty.channel.nio.AbstractNioChannel$AbstractNioUnsafe.finishConnect(AbstractNioChannel.java:340)
	at org.apache.ratis.thirdparty.io.netty.channel.nio.NioEventLoop.processSelectedKey(NioEventLoop.java:632)
	at org.apache.ratis.thirdparty.io.netty.channel.nio.NioEventLoop.processSelectedKeysOptimized(NioEventLoop.java:579)
	at org.apache.ratis.thirdparty.io.netty.channel.nio.NioEventLoop.processSelectedKeys(NioEventLoop.java:496)
	at org.apache.ratis.thirdparty.io.netty.channel.nio.NioEventLoop.run(NioEventLoop.java:458)
	at org.apache.ratis.thirdparty.io.netty.util.concurrent.SingleThreadEventExecutor$5.run(SingleThreadEventExecutor.java:897)
	at org.apache.ratis.thirdparty.io.netty.util.concurrent.FastThreadLocalRunnable.run(FastThreadLocalRunnable.java:30)
	... 1 more
Caused by: java.net.ConnectException: Connection refused
	... 11 more
2019-10-16 21:02:16,731 [4b287a15-77af-487b-aef7-34d1d0ee189f@group-83C26644CFDA-LeaderElection418] INFO  impl.LeaderElection (LogUtils.java:infoOrTrace(149)) -   Exception 1: {}
java.util.concurrent.ExecutionException: org.apache.ratis.thirdparty.io.grpc.StatusRuntimeException: UNAVAILABLE: io exception
	at java.util.concurrent.FutureTask.report(FutureTask.java:122)
	at java.util.concurrent.FutureTask.get(FutureTask.java:192)
	at org.apache.ratis.server.impl.LeaderElection.waitForResults(LeaderElection.java:259)
	at org.apache.ratis.server.impl.LeaderElection.askForVotes(LeaderElection.java:197)
	at org.apache.ratis.server.impl.LeaderElection.run(LeaderElection.java:133)
	at java.lang.Thread.run(Thread.java:748)
Caused by: org.apache.ratis.thirdparty.io.grpc.StatusRuntimeException: UNAVAILABLE: io exception
	at org.apache.ratis.thirdparty.io.grpc.stub.ClientCalls.toStatusRuntimeException(ClientCalls.java:233)
	at org.apache.ratis.thirdparty.io.grpc.stub.ClientCalls.getUnchecked(ClientCalls.java:214)
	at org.apache.ratis.thirdparty.io.grpc.stub.ClientCalls.blockingUnaryCall(ClientCalls.java:139)
	at org.apache.ratis.proto.grpc.RaftServerProtocolServiceGrpc$RaftServerProtocolServiceBlockingStub.requestVote(RaftServerProtocolServiceGrpc.java:265)
	at org.apache.ratis.grpc.server.GrpcServerProtocolClient.requestVote(GrpcServerProtocolClient.java:99)
	at org.apache.ratis.grpc.server.GrpcService.requestVote(GrpcService.java:204)
	at org.apache.ratis.server.impl.LeaderElection.lambda$submitRequests$1(LeaderElection.java:234)
	at java.util.concurrent.FutureTask.run(FutureTask.java:266)
	at java.util.concurrent.Executors$RunnableAdapter.call(Executors.java:511)
	at java.util.concurrent.FutureTask.run(FutureTask.java:266)
	at java.util.concurrent.ThreadPoolExecutor.runWorker(ThreadPoolExecutor.java:1149)
	at java.util.concurrent.ThreadPoolExecutor$Worker.run(ThreadPoolExecutor.java:624)
	... 1 more
Caused by: org.apache.ratis.thirdparty.io.netty.channel.AbstractChannel$AnnotatedConnectException: Connection refused: /192.168.34.38:45833
	at sun.nio.ch.SocketChannelImpl.checkConnect(Native Method)
	at sun.nio.ch.SocketChannelImpl.finishConnect(SocketChannelImpl.java:717)
	at org.apache.ratis.thirdparty.io.netty.channel.socket.nio.NioSocketChannel.doFinishConnect(NioSocketChannel.java:327)
	at org.apache.ratis.thirdparty.io.netty.channel.nio.AbstractNioChannel$AbstractNioUnsafe.finishConnect(AbstractNioChannel.java:340)
	at org.apache.ratis.thirdparty.io.netty.channel.nio.NioEventLoop.processSelectedKey(NioEventLoop.java:632)
	at org.apache.ratis.thirdparty.io.netty.channel.nio.NioEventLoop.processSelectedKeysOptimized(NioEventLoop.java:579)
	at org.apache.ratis.thirdparty.io.netty.channel.nio.NioEventLoop.processSelectedKeys(NioEventLoop.java:496)
	at org.apache.ratis.thirdparty.io.netty.channel.nio.NioEventLoop.run(NioEventLoop.java:458)
	at org.apache.ratis.thirdparty.io.netty.util.concurrent.SingleThreadEventExecutor$5.run(SingleThreadEventExecutor.java:897)
	at org.apache.ratis.thirdparty.io.netty.util.concurrent.FastThreadLocalRunnable.run(FastThreadLocalRunnable.java:30)
	... 1 more
Caused by: java.net.ConnectException: Connection refused
	... 11 more
2019-10-16 21:02:16,731 [4b287a15-77af-487b-aef7-34d1d0ee189f@group-83C26644CFDA-LeaderElection418] INFO  impl.RaftServerImpl (RaftServerImpl.java:setRole(184)) - 4b287a15-77af-487b-aef7-34d1d0ee189f@group-83C26644CFDA: changes role from CANDIDATE to FOLLOWER at term 444 for DISCOVERED_A_NEW_TERM
2019-10-16 21:02:16,731 [4b287a15-77af-487b-aef7-34d1d0ee189f@group-83C26644CFDA-LeaderElection418] INFO  impl.RoleInfo (RoleInfo.java:shutdownLeaderElection(134)) - 4b287a15-77af-487b-aef7-34d1d0ee189f: shutdown LeaderElection
2019-10-16 21:02:16,731 [4b287a15-77af-487b-aef7-34d1d0ee189f@group-83C26644CFDA-LeaderElection418] INFO  impl.RoleInfo (RoleInfo.java:updateAndGet(143)) - 4b287a15-77af-487b-aef7-34d1d0ee189f: start FollowerState
2019-10-16 21:02:16,739 [Thread-2924] INFO  impl.FollowerState (FollowerState.java:run(108)) - 4b287a15-77af-487b-aef7-34d1d0ee189f@group-83C26644CFDA-FollowerState: change to CANDIDATE, lastRpcTime:7ms, electionTimeout:7ms
2019-10-16 21:02:16,739 [Thread-2924] INFO  impl.RoleInfo (RoleInfo.java:shutdownFollowerState(121)) - 4b287a15-77af-487b-aef7-34d1d0ee189f: shutdown FollowerState
2019-10-16 21:02:16,739 [Thread-2924] INFO  impl.RaftServerImpl (RaftServerImpl.java:setRole(184)) - 4b287a15-77af-487b-aef7-34d1d0ee189f@group-83C26644CFDA: changes role from  FOLLOWER to CANDIDATE at term 444 for changeToCandidate
2019-10-16 21:02:16,739 [Thread-2924] INFO  impl.RoleInfo (RoleInfo.java:updateAndGet(143)) - 4b287a15-77af-487b-aef7-34d1d0ee189f: start LeaderElection
2019-10-16 21:02:16,752 [4b287a15-77af-487b-aef7-34d1d0ee189f@group-83C26644CFDA-LeaderElection419] INFO  impl.LeaderElection (LeaderElection.java:askForVotes(178)) - 4b287a15-77af-487b-aef7-34d1d0ee189f@group-83C26644CFDA-LeaderElection419: begin an election at term 445 for -1: [4b287a15-77af-487b-aef7-34d1d0ee189f:192.168.34.38:38597, 0aa3649f-570d-46c6-937f-492d7f3a8364:192.168.34.38:33209, 4a03179f-3169-4ac7-a075-259968512ef0:192.168.34.38:45833], old=null
2019-10-16 21:02:16,753 [4b287a15-77af-487b-aef7-34d1d0ee189f@group-83C26644CFDA-LeaderElection419] INFO  impl.LeaderElection (LogUtils.java:infoOrTrace(149)) - 4b287a15-77af-487b-aef7-34d1d0ee189f@group-83C26644CFDA-LeaderElection419 got exception when requesting votes: {}
java.util.concurrent.ExecutionException: org.apache.ratis.thirdparty.io.grpc.StatusRuntimeException: UNAVAILABLE: io exception
	at java.util.concurrent.FutureTask.report(FutureTask.java:122)
	at java.util.concurrent.FutureTask.get(FutureTask.java:192)
	at org.apache.ratis.server.impl.LeaderElection.waitForResults(LeaderElection.java:259)
	at org.apache.ratis.server.impl.LeaderElection.askForVotes(LeaderElection.java:197)
	at org.apache.ratis.server.impl.LeaderElection.run(LeaderElection.java:133)
	at java.lang.Thread.run(Thread.java:748)
Caused by: org.apache.ratis.thirdparty.io.grpc.StatusRuntimeException: UNAVAILABLE: io exception
	at org.apache.ratis.thirdparty.io.grpc.stub.ClientCalls.toStatusRuntimeException(ClientCalls.java:233)
	at org.apache.ratis.thirdparty.io.grpc.stub.ClientCalls.getUnchecked(ClientCalls.java:214)
	at org.apache.ratis.thirdparty.io.grpc.stub.ClientCalls.blockingUnaryCall(ClientCalls.java:139)
	at org.apache.ratis.proto.grpc.RaftServerProtocolServiceGrpc$RaftServerProtocolServiceBlockingStub.requestVote(RaftServerProtocolServiceGrpc.java:265)
	at org.apache.ratis.grpc.server.GrpcServerProtocolClient.requestVote(GrpcServerProtocolClient.java:99)
	at org.apache.ratis.grpc.server.GrpcService.requestVote(GrpcService.java:204)
	at org.apache.ratis.server.impl.LeaderElection.lambda$submitRequests$1(LeaderElection.java:234)
	at java.util.concurrent.FutureTask.run(FutureTask.java:266)
	at java.util.concurrent.Executors$RunnableAdapter.call(Executors.java:511)
	at java.util.concurrent.FutureTask.run(FutureTask.java:266)
	at java.util.concurrent.ThreadPoolExecutor.runWorker(ThreadPoolExecutor.java:1149)
	at java.util.concurrent.ThreadPoolExecutor$Worker.run(ThreadPoolExecutor.java:624)
	... 1 more
Caused by: org.apache.ratis.thirdparty.io.netty.channel.AbstractChannel$AnnotatedConnectException: Connection refused: /192.168.34.38:33209
	at sun.nio.ch.SocketChannelImpl.checkConnect(Native Method)
	at sun.nio.ch.SocketChannelImpl.finishConnect(SocketChannelImpl.java:717)
	at org.apache.ratis.thirdparty.io.netty.channel.socket.nio.NioSocketChannel.doFinishConnect(NioSocketChannel.java:327)
	at org.apache.ratis.thirdparty.io.netty.channel.nio.AbstractNioChannel$AbstractNioUnsafe.finishConnect(AbstractNioChannel.java:340)
	at org.apache.ratis.thirdparty.io.netty.channel.nio.NioEventLoop.processSelectedKey(NioEventLoop.java:632)
	at org.apache.ratis.thirdparty.io.netty.channel.nio.NioEventLoop.processSelectedKeysOptimized(NioEventLoop.java:579)
	at org.apache.ratis.thirdparty.io.netty.channel.nio.NioEventLoop.processSelectedKeys(NioEventLoop.java:496)
	at org.apache.ratis.thirdparty.io.netty.channel.nio.NioEventLoop.run(NioEventLoop.java:458)
	at org.apache.ratis.thirdparty.io.netty.util.concurrent.SingleThreadEventExecutor$5.run(SingleThreadEventExecutor.java:897)
	at org.apache.ratis.thirdparty.io.netty.util.concurrent.FastThreadLocalRunnable.run(FastThreadLocalRunnable.java:30)
	... 1 more
Caused by: java.net.ConnectException: Connection refused
	... 11 more
2019-10-16 21:02:16,755 [4b287a15-77af-487b-aef7-34d1d0ee189f@group-83C26644CFDA-LeaderElection419] INFO  impl.LeaderElection (LogUtils.java:infoOrTrace(149)) - 4b287a15-77af-487b-aef7-34d1d0ee189f@group-83C26644CFDA-LeaderElection419 got exception when requesting votes: {}
java.util.concurrent.ExecutionException: org.apache.ratis.thirdparty.io.grpc.StatusRuntimeException: UNAVAILABLE: io exception
	at java.util.concurrent.FutureTask.report(FutureTask.java:122)
	at java.util.concurrent.FutureTask.get(FutureTask.java:192)
	at org.apache.ratis.server.impl.LeaderElection.waitForResults(LeaderElection.java:259)
	at org.apache.ratis.server.impl.LeaderElection.askForVotes(LeaderElection.java:197)
	at org.apache.ratis.server.impl.LeaderElection.run(LeaderElection.java:133)
	at java.lang.Thread.run(Thread.java:748)
Caused by: org.apache.ratis.thirdparty.io.grpc.StatusRuntimeException: UNAVAILABLE: io exception
	at org.apache.ratis.thirdparty.io.grpc.stub.ClientCalls.toStatusRuntimeException(ClientCalls.java:233)
	at org.apache.ratis.thirdparty.io.grpc.stub.ClientCalls.getUnchecked(ClientCalls.java:214)
	at org.apache.ratis.thirdparty.io.grpc.stub.ClientCalls.blockingUnaryCall(ClientCalls.java:139)
	at org.apache.ratis.proto.grpc.RaftServerProtocolServiceGrpc$RaftServerProtocolServiceBlockingStub.requestVote(RaftServerProtocolServiceGrpc.java:265)
	at org.apache.ratis.grpc.server.GrpcServerProtocolClient.requestVote(GrpcServerProtocolClient.java:99)
	at org.apache.ratis.grpc.server.GrpcService.requestVote(GrpcService.java:204)
	at org.apache.ratis.server.impl.LeaderElection.lambda$submitRequests$1(LeaderElection.java:234)
	at java.util.concurrent.FutureTask.run(FutureTask.java:266)
	at java.util.concurrent.Executors$RunnableAdapter.call(Executors.java:511)
	at java.util.concurrent.FutureTask.run(FutureTask.java:266)
	at java.util.concurrent.ThreadPoolExecutor.runWorker(ThreadPoolExecutor.java:1149)
	at java.util.concurrent.ThreadPoolExecutor$Worker.run(ThreadPoolExecutor.java:624)
	... 1 more
Caused by: org.apache.ratis.thirdparty.io.netty.channel.AbstractChannel$AnnotatedConnectException: Connection refused: /192.168.34.38:45833
	at sun.nio.ch.SocketChannelImpl.checkConnect(Native Method)
	at sun.nio.ch.SocketChannelImpl.finishConnect(SocketChannelImpl.java:717)
	at org.apache.ratis.thirdparty.io.netty.channel.socket.nio.NioSocketChannel.doFinishConnect(NioSocketChannel.java:327)
	at org.apache.ratis.thirdparty.io.netty.channel.nio.AbstractNioChannel$AbstractNioUnsafe.finishConnect(AbstractNioChannel.java:340)
	at org.apache.ratis.thirdparty.io.netty.channel.nio.NioEventLoop.processSelectedKey(NioEventLoop.java:632)
	at org.apache.ratis.thirdparty.io.netty.channel.nio.NioEventLoop.processSelectedKeysOptimized(NioEventLoop.java:579)
	at org.apache.ratis.thirdparty.io.netty.channel.nio.NioEventLoop.processSelectedKeys(NioEventLoop.java:496)
	at org.apache.ratis.thirdparty.io.netty.channel.nio.NioEventLoop.run(NioEventLoop.java:458)
	at org.apache.ratis.thirdparty.io.netty.util.concurrent.SingleThreadEventExecutor$5.run(SingleThreadEventExecutor.java:897)
	at org.apache.ratis.thirdparty.io.netty.util.concurrent.FastThreadLocalRunnable.run(FastThreadLocalRunnable.java:30)
	... 1 more
Caused by: java.net.ConnectException: Connection refused
	... 11 more
2019-10-16 21:02:16,756 [4b287a15-77af-487b-aef7-34d1d0ee189f@group-83C26644CFDA-LeaderElection419] INFO  impl.LeaderElection (LeaderElection.java:logAndReturn(56)) - 4b287a15-77af-487b-aef7-34d1d0ee189f@group-83C26644CFDA-LeaderElection419: Election REJECTED; received 0 response(s) [] and 2 exception(s); 4b287a15-77af-487b-aef7-34d1d0ee189f@group-83C26644CFDA:t445, leader=null, voted=4b287a15-77af-487b-aef7-34d1d0ee189f, raftlog=4b287a15-77af-487b-aef7-34d1d0ee189f@group-83C26644CFDA-SegmentedRaftLog:OPENED:c-1,f-1,i0, conf=-1: [4b287a15-77af-487b-aef7-34d1d0ee189f:192.168.34.38:38597, 0aa3649f-570d-46c6-937f-492d7f3a8364:192.168.34.38:33209, 4a03179f-3169-4ac7-a075-259968512ef0:192.168.34.38:45833], old=null
2019-10-16 21:02:16,756 [4b287a15-77af-487b-aef7-34d1d0ee189f@group-83C26644CFDA-LeaderElection419] INFO  impl.LeaderElection (LogUtils.java:infoOrTrace(149)) -   Exception 0: {}
java.util.concurrent.ExecutionException: org.apache.ratis.thirdparty.io.grpc.StatusRuntimeException: UNAVAILABLE: io exception
	at java.util.concurrent.FutureTask.report(FutureTask.java:122)
	at java.util.concurrent.FutureTask.get(FutureTask.java:192)
	at org.apache.ratis.server.impl.LeaderElection.waitForResults(LeaderElection.java:259)
	at org.apache.ratis.server.impl.LeaderElection.askForVotes(LeaderElection.java:197)
	at org.apache.ratis.server.impl.LeaderElection.run(LeaderElection.java:133)
	at java.lang.Thread.run(Thread.java:748)
Caused by: org.apache.ratis.thirdparty.io.grpc.StatusRuntimeException: UNAVAILABLE: io exception
	at org.apache.ratis.thirdparty.io.grpc.stub.ClientCalls.toStatusRuntimeException(ClientCalls.java:233)
	at org.apache.ratis.thirdparty.io.grpc.stub.ClientCalls.getUnchecked(ClientCalls.java:214)
	at org.apache.ratis.thirdparty.io.grpc.stub.ClientCalls.blockingUnaryCall(ClientCalls.java:139)
	at org.apache.ratis.proto.grpc.RaftServerProtocolServiceGrpc$RaftServerProtocolServiceBlockingStub.requestVote(RaftServerProtocolServiceGrpc.java:265)
	at org.apache.ratis.grpc.server.GrpcServerProtocolClient.requestVote(GrpcServerProtocolClient.java:99)
	at org.apache.ratis.grpc.server.GrpcService.requestVote(GrpcService.java:204)
	at org.apache.ratis.server.impl.LeaderElection.lambda$submitRequests$1(LeaderElection.java:234)
	at java.util.concurrent.FutureTask.run(FutureTask.java:266)
	at java.util.concurrent.Executors$RunnableAdapter.call(Executors.java:511)
	at java.util.concurrent.FutureTask.run(FutureTask.java:266)
	at java.util.concurrent.ThreadPoolExecutor.runWorker(ThreadPoolExecutor.java:1149)
	at java.util.concurrent.ThreadPoolExecutor$Worker.run(ThreadPoolExecutor.java:624)
	... 1 more
Caused by: org.apache.ratis.thirdparty.io.netty.channel.AbstractChannel$AnnotatedConnectException: Connection refused: /192.168.34.38:33209
	at sun.nio.ch.SocketChannelImpl.checkConnect(Native Method)
	at sun.nio.ch.SocketChannelImpl.finishConnect(SocketChannelImpl.java:717)
	at org.apache.ratis.thirdparty.io.netty.channel.socket.nio.NioSocketChannel.doFinishConnect(NioSocketChannel.java:327)
	at org.apache.ratis.thirdparty.io.netty.channel.nio.AbstractNioChannel$AbstractNioUnsafe.finishConnect(AbstractNioChannel.java:340)
	at org.apache.ratis.thirdparty.io.netty.channel.nio.NioEventLoop.processSelectedKey(NioEventLoop.java:632)
	at org.apache.ratis.thirdparty.io.netty.channel.nio.NioEventLoop.processSelectedKeysOptimized(NioEventLoop.java:579)
	at org.apache.ratis.thirdparty.io.netty.channel.nio.NioEventLoop.processSelectedKeys(NioEventLoop.java:496)
	at org.apache.ratis.thirdparty.io.netty.channel.nio.NioEventLoop.run(NioEventLoop.java:458)
	at org.apache.ratis.thirdparty.io.netty.util.concurrent.SingleThreadEventExecutor$5.run(SingleThreadEventExecutor.java:897)
	at org.apache.ratis.thirdparty.io.netty.util.concurrent.FastThreadLocalRunnable.run(FastThreadLocalRunnable.java:30)
	... 1 more
Caused by: java.net.ConnectException: Connection refused
	... 11 more
2019-10-16 21:02:16,756 [4b287a15-77af-487b-aef7-34d1d0ee189f@group-83C26644CFDA-LeaderElection419] INFO  impl.LeaderElection (LogUtils.java:infoOrTrace(149)) -   Exception 1: {}
java.util.concurrent.ExecutionException: org.apache.ratis.thirdparty.io.grpc.StatusRuntimeException: UNAVAILABLE: io exception
	at java.util.concurrent.FutureTask.report(FutureTask.java:122)
	at java.util.concurrent.FutureTask.get(FutureTask.java:192)
	at org.apache.ratis.server.impl.LeaderElection.waitForResults(LeaderElection.java:259)
	at org.apache.ratis.server.impl.LeaderElection.askForVotes(LeaderElection.java:197)
	at org.apache.ratis.server.impl.LeaderElection.run(LeaderElection.java:133)
	at java.lang.Thread.run(Thread.java:748)
Caused by: org.apache.ratis.thirdparty.io.grpc.StatusRuntimeException: UNAVAILABLE: io exception
	at org.apache.ratis.thirdparty.io.grpc.stub.ClientCalls.toStatusRuntimeException(ClientCalls.java:233)
	at org.apache.ratis.thirdparty.io.grpc.stub.ClientCalls.getUnchecked(ClientCalls.java:214)
	at org.apache.ratis.thirdparty.io.grpc.stub.ClientCalls.blockingUnaryCall(ClientCalls.java:139)
	at org.apache.ratis.proto.grpc.RaftServerProtocolServiceGrpc$RaftServerProtocolServiceBlockingStub.requestVote(RaftServerProtocolServiceGrpc.java:265)
	at org.apache.ratis.grpc.server.GrpcServerProtocolClient.requestVote(GrpcServerProtocolClient.java:99)
	at org.apache.ratis.grpc.server.GrpcService.requestVote(GrpcService.java:204)
	at org.apache.ratis.server.impl.LeaderElection.lambda$submitRequests$1(LeaderElection.java:234)
	at java.util.concurrent.FutureTask.run(FutureTask.java:266)
	at java.util.concurrent.Executors$RunnableAdapter.call(Executors.java:511)
	at java.util.concurrent.FutureTask.run(FutureTask.java:266)
	at java.util.concurrent.ThreadPoolExecutor.runWorker(ThreadPoolExecutor.java:1149)
	at java.util.concurrent.ThreadPoolExecutor$Worker.run(ThreadPoolExecutor.java:624)
	... 1 more
Caused by: org.apache.ratis.thirdparty.io.netty.channel.AbstractChannel$AnnotatedConnectException: Connection refused: /192.168.34.38:45833
	at sun.nio.ch.SocketChannelImpl.checkConnect(Native Method)
	at sun.nio.ch.SocketChannelImpl.finishConnect(SocketChannelImpl.java:717)
	at org.apache.ratis.thirdparty.io.netty.channel.socket.nio.NioSocketChannel.doFinishConnect(NioSocketChannel.java:327)
	at org.apache.ratis.thirdparty.io.netty.channel.nio.AbstractNioChannel$AbstractNioUnsafe.finishConnect(AbstractNioChannel.java:340)
	at org.apache.ratis.thirdparty.io.netty.channel.nio.NioEventLoop.processSelectedKey(NioEventLoop.java:632)
	at org.apache.ratis.thirdparty.io.netty.channel.nio.NioEventLoop.processSelectedKeysOptimized(NioEventLoop.java:579)
	at org.apache.ratis.thirdparty.io.netty.channel.nio.NioEventLoop.processSelectedKeys(NioEventLoop.java:496)
	at org.apache.ratis.thirdparty.io.netty.channel.nio.NioEventLoop.run(NioEventLoop.java:458)
	at org.apache.ratis.thirdparty.io.netty.util.concurrent.SingleThreadEventExecutor$5.run(SingleThreadEventExecutor.java:897)
	at org.apache.ratis.thirdparty.io.netty.util.concurrent.FastThreadLocalRunnable.run(FastThreadLocalRunnable.java:30)
	... 1 more
Caused by: java.net.ConnectException: Connection refused
	... 11 more
2019-10-16 21:02:16,757 [4b287a15-77af-487b-aef7-34d1d0ee189f@group-83C26644CFDA-LeaderElection419] INFO  impl.RaftServerImpl (RaftServerImpl.java:setRole(184)) - 4b287a15-77af-487b-aef7-34d1d0ee189f@group-83C26644CFDA: changes role from CANDIDATE to FOLLOWER at term 445 for DISCOVERED_A_NEW_TERM
2019-10-16 21:02:16,757 [4b287a15-77af-487b-aef7-34d1d0ee189f@group-83C26644CFDA-LeaderElection419] INFO  impl.RoleInfo (RoleInfo.java:shutdownLeaderElection(134)) - 4b287a15-77af-487b-aef7-34d1d0ee189f: shutdown LeaderElection
2019-10-16 21:02:16,757 [4b287a15-77af-487b-aef7-34d1d0ee189f@group-83C26644CFDA-LeaderElection419] INFO  impl.RoleInfo (RoleInfo.java:updateAndGet(143)) - 4b287a15-77af-487b-aef7-34d1d0ee189f: start FollowerState
2019-10-16 21:02:16,927 [Thread-2928] INFO  impl.FollowerState (FollowerState.java:run(108)) - 4b287a15-77af-487b-aef7-34d1d0ee189f@group-83C26644CFDA-FollowerState: change to CANDIDATE, lastRpcTime:169ms, electionTimeout:169ms
2019-10-16 21:02:16,927 [Thread-2928] INFO  impl.RoleInfo (RoleInfo.java:shutdownFollowerState(121)) - 4b287a15-77af-487b-aef7-34d1d0ee189f: shutdown FollowerState
2019-10-16 21:02:16,927 [Thread-2928] INFO  impl.RaftServerImpl (RaftServerImpl.java:setRole(184)) - 4b287a15-77af-487b-aef7-34d1d0ee189f@group-83C26644CFDA: changes role from  FOLLOWER to CANDIDATE at term 445 for changeToCandidate
2019-10-16 21:02:16,927 [Thread-2928] INFO  impl.RoleInfo (RoleInfo.java:updateAndGet(143)) - 4b287a15-77af-487b-aef7-34d1d0ee189f: start LeaderElection
2019-10-16 21:02:16,938 [4b287a15-77af-487b-aef7-34d1d0ee189f@group-83C26644CFDA-LeaderElection420] INFO  impl.LeaderElection (LeaderElection.java:askForVotes(178)) - 4b287a15-77af-487b-aef7-34d1d0ee189f@group-83C26644CFDA-LeaderElection420: begin an election at term 446 for -1: [4b287a15-77af-487b-aef7-34d1d0ee189f:192.168.34.38:38597, 0aa3649f-570d-46c6-937f-492d7f3a8364:192.168.34.38:33209, 4a03179f-3169-4ac7-a075-259968512ef0:192.168.34.38:45833], old=null
2019-10-16 21:02:16,939 [4b287a15-77af-487b-aef7-34d1d0ee189f@group-83C26644CFDA-LeaderElection420] INFO  impl.LeaderElection (LogUtils.java:infoOrTrace(149)) - 4b287a15-77af-487b-aef7-34d1d0ee189f@group-83C26644CFDA-LeaderElection420 got exception when requesting votes: {}
java.util.concurrent.ExecutionException: org.apache.ratis.thirdparty.io.grpc.StatusRuntimeException: UNAVAILABLE: io exception
	at java.util.concurrent.FutureTask.report(FutureTask.java:122)
	at java.util.concurrent.FutureTask.get(FutureTask.java:192)
	at org.apache.ratis.server.impl.LeaderElection.waitForResults(LeaderElection.java:259)
	at org.apache.ratis.server.impl.LeaderElection.askForVotes(LeaderElection.java:197)
	at org.apache.ratis.server.impl.LeaderElection.run(LeaderElection.java:133)
	at java.lang.Thread.run(Thread.java:748)
Caused by: org.apache.ratis.thirdparty.io.grpc.StatusRuntimeException: UNAVAILABLE: io exception
	at org.apache.ratis.thirdparty.io.grpc.stub.ClientCalls.toStatusRuntimeException(ClientCalls.java:233)
	at org.apache.ratis.thirdparty.io.grpc.stub.ClientCalls.getUnchecked(ClientCalls.java:214)
	at org.apache.ratis.thirdparty.io.grpc.stub.ClientCalls.blockingUnaryCall(ClientCalls.java:139)
	at org.apache.ratis.proto.grpc.RaftServerProtocolServiceGrpc$RaftServerProtocolServiceBlockingStub.requestVote(RaftServerProtocolServiceGrpc.java:265)
	at org.apache.ratis.grpc.server.GrpcServerProtocolClient.requestVote(GrpcServerProtocolClient.java:99)
	at org.apache.ratis.grpc.server.GrpcService.requestVote(GrpcService.java:204)
	at org.apache.ratis.server.impl.LeaderElection.lambda$submitRequests$1(LeaderElection.java:234)
	at java.util.concurrent.FutureTask.run(FutureTask.java:266)
	at java.util.concurrent.Executors$RunnableAdapter.call(Executors.java:511)
	at java.util.concurrent.FutureTask.run(FutureTask.java:266)
	at java.util.concurrent.ThreadPoolExecutor.runWorker(ThreadPoolExecutor.java:1149)
	at java.util.concurrent.ThreadPoolExecutor$Worker.run(ThreadPoolExecutor.java:624)
	... 1 more
Caused by: org.apache.ratis.thirdparty.io.netty.channel.AbstractChannel$AnnotatedConnectException: Connection refused: /192.168.34.38:33209
	at sun.nio.ch.SocketChannelImpl.checkConnect(Native Method)
	at sun.nio.ch.SocketChannelImpl.finishConnect(SocketChannelImpl.java:717)
	at org.apache.ratis.thirdparty.io.netty.channel.socket.nio.NioSocketChannel.doFinishConnect(NioSocketChannel.java:327)
	at org.apache.ratis.thirdparty.io.netty.channel.nio.AbstractNioChannel$AbstractNioUnsafe.finishConnect(AbstractNioChannel.java:340)
	at org.apache.ratis.thirdparty.io.netty.channel.nio.NioEventLoop.processSelectedKey(NioEventLoop.java:632)
	at org.apache.ratis.thirdparty.io.netty.channel.nio.NioEventLoop.processSelectedKeysOptimized(NioEventLoop.java:579)
	at org.apache.ratis.thirdparty.io.netty.channel.nio.NioEventLoop.processSelectedKeys(NioEventLoop.java:496)
	at org.apache.ratis.thirdparty.io.netty.channel.nio.NioEventLoop.run(NioEventLoop.java:458)
	at org.apache.ratis.thirdparty.io.netty.util.concurrent.SingleThreadEventExecutor$5.run(SingleThreadEventExecutor.java:897)
	at org.apache.ratis.thirdparty.io.netty.util.concurrent.FastThreadLocalRunnable.run(FastThreadLocalRunnable.java:30)
	... 1 more
Caused by: java.net.ConnectException: Connection refused
	... 11 more
2019-10-16 21:02:16,940 [4b287a15-77af-487b-aef7-34d1d0ee189f@group-83C26644CFDA-LeaderElection420] INFO  impl.LeaderElection (LogUtils.java:infoOrTrace(149)) - 4b287a15-77af-487b-aef7-34d1d0ee189f@group-83C26644CFDA-LeaderElection420 got exception when requesting votes: {}
java.util.concurrent.ExecutionException: org.apache.ratis.thirdparty.io.grpc.StatusRuntimeException: UNAVAILABLE: io exception
	at java.util.concurrent.FutureTask.report(FutureTask.java:122)
	at java.util.concurrent.FutureTask.get(FutureTask.java:192)
	at org.apache.ratis.server.impl.LeaderElection.waitForResults(LeaderElection.java:259)
	at org.apache.ratis.server.impl.LeaderElection.askForVotes(LeaderElection.java:197)
	at org.apache.ratis.server.impl.LeaderElection.run(LeaderElection.java:133)
	at java.lang.Thread.run(Thread.java:748)
Caused by: org.apache.ratis.thirdparty.io.grpc.StatusRuntimeException: UNAVAILABLE: io exception
	at org.apache.ratis.thirdparty.io.grpc.stub.ClientCalls.toStatusRuntimeException(ClientCalls.java:233)
	at org.apache.ratis.thirdparty.io.grpc.stub.ClientCalls.getUnchecked(ClientCalls.java:214)
	at org.apache.ratis.thirdparty.io.grpc.stub.ClientCalls.blockingUnaryCall(ClientCalls.java:139)
	at org.apache.ratis.proto.grpc.RaftServerProtocolServiceGrpc$RaftServerProtocolServiceBlockingStub.requestVote(RaftServerProtocolServiceGrpc.java:265)
	at org.apache.ratis.grpc.server.GrpcServerProtocolClient.requestVote(GrpcServerProtocolClient.java:99)
	at org.apache.ratis.grpc.server.GrpcService.requestVote(GrpcService.java:204)
	at org.apache.ratis.server.impl.LeaderElection.lambda$submitRequests$1(LeaderElection.java:234)
	at java.util.concurrent.FutureTask.run(FutureTask.java:266)
	at java.util.concurrent.Executors$RunnableAdapter.call(Executors.java:511)
	at java.util.concurrent.FutureTask.run(FutureTask.java:266)
	at java.util.concurrent.ThreadPoolExecutor.runWorker(ThreadPoolExecutor.java:1149)
	at java.util.concurrent.ThreadPoolExecutor$Worker.run(ThreadPoolExecutor.java:624)
	... 1 more
Caused by: org.apache.ratis.thirdparty.io.netty.channel.AbstractChannel$AnnotatedConnectException: Connection refused: /192.168.34.38:45833
	at sun.nio.ch.SocketChannelImpl.checkConnect(Native Method)
	at sun.nio.ch.SocketChannelImpl.finishConnect(SocketChannelImpl.java:717)
	at org.apache.ratis.thirdparty.io.netty.channel.socket.nio.NioSocketChannel.doFinishConnect(NioSocketChannel.java:327)
	at org.apache.ratis.thirdparty.io.netty.channel.nio.AbstractNioChannel$AbstractNioUnsafe.finishConnect(AbstractNioChannel.java:340)
	at org.apache.ratis.thirdparty.io.netty.channel.nio.NioEventLoop.processSelectedKey(NioEventLoop.java:632)
	at org.apache.ratis.thirdparty.io.netty.channel.nio.NioEventLoop.processSelectedKeysOptimized(NioEventLoop.java:579)
	at org.apache.ratis.thirdparty.io.netty.channel.nio.NioEventLoop.processSelectedKeys(NioEventLoop.java:496)
	at org.apache.ratis.thirdparty.io.netty.channel.nio.NioEventLoop.run(NioEventLoop.java:458)
	at org.apache.ratis.thirdparty.io.netty.util.concurrent.SingleThreadEventExecutor$5.run(SingleThreadEventExecutor.java:897)
	at org.apache.ratis.thirdparty.io.netty.util.concurrent.FastThreadLocalRunnable.run(FastThreadLocalRunnable.java:30)
	... 1 more
Caused by: java.net.ConnectException: Connection refused
	... 11 more
2019-10-16 21:02:16,941 [4b287a15-77af-487b-aef7-34d1d0ee189f@group-83C26644CFDA-LeaderElection420] INFO  impl.LeaderElection (LeaderElection.java:logAndReturn(56)) - 4b287a15-77af-487b-aef7-34d1d0ee189f@group-83C26644CFDA-LeaderElection420: Election REJECTED; received 0 response(s) [] and 2 exception(s); 4b287a15-77af-487b-aef7-34d1d0ee189f@group-83C26644CFDA:t446, leader=null, voted=4b287a15-77af-487b-aef7-34d1d0ee189f, raftlog=4b287a15-77af-487b-aef7-34d1d0ee189f@group-83C26644CFDA-SegmentedRaftLog:OPENED:c-1,f-1,i0, conf=-1: [4b287a15-77af-487b-aef7-34d1d0ee189f:192.168.34.38:38597, 0aa3649f-570d-46c6-937f-492d7f3a8364:192.168.34.38:33209, 4a03179f-3169-4ac7-a075-259968512ef0:192.168.34.38:45833], old=null
2019-10-16 21:02:16,942 [4b287a15-77af-487b-aef7-34d1d0ee189f@group-83C26644CFDA-LeaderElection420] INFO  impl.LeaderElection (LogUtils.java:infoOrTrace(149)) -   Exception 0: {}
java.util.concurrent.ExecutionException: org.apache.ratis.thirdparty.io.grpc.StatusRuntimeException: UNAVAILABLE: io exception
	at java.util.concurrent.FutureTask.report(FutureTask.java:122)
	at java.util.concurrent.FutureTask.get(FutureTask.java:192)
	at org.apache.ratis.server.impl.LeaderElection.waitForResults(LeaderElection.java:259)
	at org.apache.ratis.server.impl.LeaderElection.askForVotes(LeaderElection.java:197)
	at org.apache.ratis.server.impl.LeaderElection.run(LeaderElection.java:133)
	at java.lang.Thread.run(Thread.java:748)
Caused by: org.apache.ratis.thirdparty.io.grpc.StatusRuntimeException: UNAVAILABLE: io exception
	at org.apache.ratis.thirdparty.io.grpc.stub.ClientCalls.toStatusRuntimeException(ClientCalls.java:233)
	at org.apache.ratis.thirdparty.io.grpc.stub.ClientCalls.getUnchecked(ClientCalls.java:214)
	at org.apache.ratis.thirdparty.io.grpc.stub.ClientCalls.blockingUnaryCall(ClientCalls.java:139)
	at org.apache.ratis.proto.grpc.RaftServerProtocolServiceGrpc$RaftServerProtocolServiceBlockingStub.requestVote(RaftServerProtocolServiceGrpc.java:265)
	at org.apache.ratis.grpc.server.GrpcServerProtocolClient.requestVote(GrpcServerProtocolClient.java:99)
	at org.apache.ratis.grpc.server.GrpcService.requestVote(GrpcService.java:204)
	at org.apache.ratis.server.impl.LeaderElection.lambda$submitRequests$1(LeaderElection.java:234)
	at java.util.concurrent.FutureTask.run(FutureTask.java:266)
	at java.util.concurrent.Executors$RunnableAdapter.call(Executors.java:511)
	at java.util.concurrent.FutureTask.run(FutureTask.java:266)
	at java.util.concurrent.ThreadPoolExecutor.runWorker(ThreadPoolExecutor.java:1149)
	at java.util.concurrent.ThreadPoolExecutor$Worker.run(ThreadPoolExecutor.java:624)
	... 1 more
Caused by: org.apache.ratis.thirdparty.io.netty.channel.AbstractChannel$AnnotatedConnectException: Connection refused: /192.168.34.38:33209
	at sun.nio.ch.SocketChannelImpl.checkConnect(Native Method)
	at sun.nio.ch.SocketChannelImpl.finishConnect(SocketChannelImpl.java:717)
	at org.apache.ratis.thirdparty.io.netty.channel.socket.nio.NioSocketChannel.doFinishConnect(NioSocketChannel.java:327)
	at org.apache.ratis.thirdparty.io.netty.channel.nio.AbstractNioChannel$AbstractNioUnsafe.finishConnect(AbstractNioChannel.java:340)
	at org.apache.ratis.thirdparty.io.netty.channel.nio.NioEventLoop.processSelectedKey(NioEventLoop.java:632)
	at org.apache.ratis.thirdparty.io.netty.channel.nio.NioEventLoop.processSelectedKeysOptimized(NioEventLoop.java:579)
	at org.apache.ratis.thirdparty.io.netty.channel.nio.NioEventLoop.processSelectedKeys(NioEventLoop.java:496)
	at org.apache.ratis.thirdparty.io.netty.channel.nio.NioEventLoop.run(NioEventLoop.java:458)
	at org.apache.ratis.thirdparty.io.netty.util.concurrent.SingleThreadEventExecutor$5.run(SingleThreadEventExecutor.java:897)
	at org.apache.ratis.thirdparty.io.netty.util.concurrent.FastThreadLocalRunnable.run(FastThreadLocalRunnable.java:30)
	... 1 more
Caused by: java.net.ConnectException: Connection refused
	... 11 more
2019-10-16 21:02:16,942 [4b287a15-77af-487b-aef7-34d1d0ee189f@group-83C26644CFDA-LeaderElection420] INFO  impl.LeaderElection (LogUtils.java:infoOrTrace(149)) -   Exception 1: {}
java.util.concurrent.ExecutionException: org.apache.ratis.thirdparty.io.grpc.StatusRuntimeException: UNAVAILABLE: io exception
	at java.util.concurrent.FutureTask.report(FutureTask.java:122)
	at java.util.concurrent.FutureTask.get(FutureTask.java:192)
	at org.apache.ratis.server.impl.LeaderElection.waitForResults(LeaderElection.java:259)
	at org.apache.ratis.server.impl.LeaderElection.askForVotes(LeaderElection.java:197)
	at org.apache.ratis.server.impl.LeaderElection.run(LeaderElection.java:133)
	at java.lang.Thread.run(Thread.java:748)
Caused by: org.apache.ratis.thirdparty.io.grpc.StatusRuntimeException: UNAVAILABLE: io exception
	at org.apache.ratis.thirdparty.io.grpc.stub.ClientCalls.toStatusRuntimeException(ClientCalls.java:233)
	at org.apache.ratis.thirdparty.io.grpc.stub.ClientCalls.getUnchecked(ClientCalls.java:214)
	at org.apache.ratis.thirdparty.io.grpc.stub.ClientCalls.blockingUnaryCall(ClientCalls.java:139)
	at org.apache.ratis.proto.grpc.RaftServerProtocolServiceGrpc$RaftServerProtocolServiceBlockingStub.requestVote(RaftServerProtocolServiceGrpc.java:265)
	at org.apache.ratis.grpc.server.GrpcServerProtocolClient.requestVote(GrpcServerProtocolClient.java:99)
	at org.apache.ratis.grpc.server.GrpcService.requestVote(GrpcService.java:204)
	at org.apache.ratis.server.impl.LeaderElection.lambda$submitRequests$1(LeaderElection.java:234)
	at java.util.concurrent.FutureTask.run(FutureTask.java:266)
	at java.util.concurrent.Executors$RunnableAdapter.call(Executors.java:511)
	at java.util.concurrent.FutureTask.run(FutureTask.java:266)
	at java.util.concurrent.ThreadPoolExecutor.runWorker(ThreadPoolExecutor.java:1149)
	at java.util.concurrent.ThreadPoolExecutor$Worker.run(ThreadPoolExecutor.java:624)
	... 1 more
Caused by: org.apache.ratis.thirdparty.io.netty.channel.AbstractChannel$AnnotatedConnectException: Connection refused: /192.168.34.38:45833
	at sun.nio.ch.SocketChannelImpl.checkConnect(Native Method)
	at sun.nio.ch.SocketChannelImpl.finishConnect(SocketChannelImpl.java:717)
	at org.apache.ratis.thirdparty.io.netty.channel.socket.nio.NioSocketChannel.doFinishConnect(NioSocketChannel.java:327)
	at org.apache.ratis.thirdparty.io.netty.channel.nio.AbstractNioChannel$AbstractNioUnsafe.finishConnect(AbstractNioChannel.java:340)
	at org.apache.ratis.thirdparty.io.netty.channel.nio.NioEventLoop.processSelectedKey(NioEventLoop.java:632)
	at org.apache.ratis.thirdparty.io.netty.channel.nio.NioEventLoop.processSelectedKeysOptimized(NioEventLoop.java:579)
	at org.apache.ratis.thirdparty.io.netty.channel.nio.NioEventLoop.processSelectedKeys(NioEventLoop.java:496)
	at org.apache.ratis.thirdparty.io.netty.channel.nio.NioEventLoop.run(NioEventLoop.java:458)
	at org.apache.ratis.thirdparty.io.netty.util.concurrent.SingleThreadEventExecutor$5.run(SingleThreadEventExecutor.java:897)
	at org.apache.ratis.thirdparty.io.netty.util.concurrent.FastThreadLocalRunnable.run(FastThreadLocalRunnable.java:30)
	... 1 more
Caused by: java.net.ConnectException: Connection refused
	... 11 more
2019-10-16 21:02:16,943 [4b287a15-77af-487b-aef7-34d1d0ee189f@group-83C26644CFDA-LeaderElection420] INFO  impl.RaftServerImpl (RaftServerImpl.java:setRole(184)) - 4b287a15-77af-487b-aef7-34d1d0ee189f@group-83C26644CFDA: changes role from CANDIDATE to FOLLOWER at term 446 for DISCOVERED_A_NEW_TERM
2019-10-16 21:02:16,943 [4b287a15-77af-487b-aef7-34d1d0ee189f@group-83C26644CFDA-LeaderElection420] INFO  impl.RoleInfo (RoleInfo.java:shutdownLeaderElection(134)) - 4b287a15-77af-487b-aef7-34d1d0ee189f: shutdown LeaderElection
2019-10-16 21:02:16,943 [4b287a15-77af-487b-aef7-34d1d0ee189f@group-83C26644CFDA-LeaderElection420] INFO  impl.RoleInfo (RoleInfo.java:updateAndGet(143)) - 4b287a15-77af-487b-aef7-34d1d0ee189f: start FollowerState
2019-10-16 21:02:16,953 [Thread-2932] INFO  impl.FollowerState (FollowerState.java:run(108)) - 4b287a15-77af-487b-aef7-34d1d0ee189f@group-83C26644CFDA-FollowerState: change to CANDIDATE, lastRpcTime:10ms, electionTimeout:10ms
2019-10-16 21:02:16,954 [Thread-2932] INFO  impl.RoleInfo (RoleInfo.java:shutdownFollowerState(121)) - 4b287a15-77af-487b-aef7-34d1d0ee189f: shutdown FollowerState
2019-10-16 21:02:16,954 [Thread-2932] INFO  impl.RaftServerImpl (RaftServerImpl.java:setRole(184)) - 4b287a15-77af-487b-aef7-34d1d0ee189f@group-83C26644CFDA: changes role from  FOLLOWER to CANDIDATE at term 446 for changeToCandidate
2019-10-16 21:02:16,954 [Thread-2932] INFO  impl.RoleInfo (RoleInfo.java:updateAndGet(143)) - 4b287a15-77af-487b-aef7-34d1d0ee189f: start LeaderElection
2019-10-16 21:02:16,957 [4b287a15-77af-487b-aef7-34d1d0ee189f@group-83C26644CFDA-LeaderElection421] INFO  impl.LeaderElection (LeaderElection.java:askForVotes(178)) - 4b287a15-77af-487b-aef7-34d1d0ee189f@group-83C26644CFDA-LeaderElection421: begin an election at term 447 for -1: [4b287a15-77af-487b-aef7-34d1d0ee189f:192.168.34.38:38597, 0aa3649f-570d-46c6-937f-492d7f3a8364:192.168.34.38:33209, 4a03179f-3169-4ac7-a075-259968512ef0:192.168.34.38:45833], old=null
2019-10-16 21:02:16,958 [4b287a15-77af-487b-aef7-34d1d0ee189f@group-83C26644CFDA-LeaderElection421] INFO  impl.LeaderElection (LogUtils.java:infoOrTrace(149)) - 4b287a15-77af-487b-aef7-34d1d0ee189f@group-83C26644CFDA-LeaderElection421 got exception when requesting votes: {}
java.util.concurrent.ExecutionException: org.apache.ratis.thirdparty.io.grpc.StatusRuntimeException: UNAVAILABLE: io exception
	at java.util.concurrent.FutureTask.report(FutureTask.java:122)
	at java.util.concurrent.FutureTask.get(FutureTask.java:192)
	at org.apache.ratis.server.impl.LeaderElection.waitForResults(LeaderElection.java:259)
	at org.apache.ratis.server.impl.LeaderElection.askForVotes(LeaderElection.java:197)
	at org.apache.ratis.server.impl.LeaderElection.run(LeaderElection.java:133)
	at java.lang.Thread.run(Thread.java:748)
Caused by: org.apache.ratis.thirdparty.io.grpc.StatusRuntimeException: UNAVAILABLE: io exception
	at org.apache.ratis.thirdparty.io.grpc.stub.ClientCalls.toStatusRuntimeException(ClientCalls.java:233)
	at org.apache.ratis.thirdparty.io.grpc.stub.ClientCalls.getUnchecked(ClientCalls.java:214)
	at org.apache.ratis.thirdparty.io.grpc.stub.ClientCalls.blockingUnaryCall(ClientCalls.java:139)
	at org.apache.ratis.proto.grpc.RaftServerProtocolServiceGrpc$RaftServerProtocolServiceBlockingStub.requestVote(RaftServerProtocolServiceGrpc.java:265)
	at org.apache.ratis.grpc.server.GrpcServerProtocolClient.requestVote(GrpcServerProtocolClient.java:99)
	at org.apache.ratis.grpc.server.GrpcService.requestVote(GrpcService.java:204)
	at org.apache.ratis.server.impl.LeaderElection.lambda$submitRequests$1(LeaderElection.java:234)
	at java.util.concurrent.FutureTask.run(FutureTask.java:266)
	at java.util.concurrent.Executors$RunnableAdapter.call(Executors.java:511)
	at java.util.concurrent.FutureTask.run(FutureTask.java:266)
	at java.util.concurrent.ThreadPoolExecutor.runWorker(ThreadPoolExecutor.java:1149)
	at java.util.concurrent.ThreadPoolExecutor$Worker.run(ThreadPoolExecutor.java:624)
	... 1 more
Caused by: org.apache.ratis.thirdparty.io.netty.channel.AbstractChannel$AnnotatedConnectException: Connection refused: /192.168.34.38:33209
	at sun.nio.ch.SocketChannelImpl.checkConnect(Native Method)
	at sun.nio.ch.SocketChannelImpl.finishConnect(SocketChannelImpl.java:717)
	at org.apache.ratis.thirdparty.io.netty.channel.socket.nio.NioSocketChannel.doFinishConnect(NioSocketChannel.java:327)
	at org.apache.ratis.thirdparty.io.netty.channel.nio.AbstractNioChannel$AbstractNioUnsafe.finishConnect(AbstractNioChannel.java:340)
	at org.apache.ratis.thirdparty.io.netty.channel.nio.NioEventLoop.processSelectedKey(NioEventLoop.java:632)
	at org.apache.ratis.thirdparty.io.netty.channel.nio.NioEventLoop.processSelectedKeysOptimized(NioEventLoop.java:579)
	at org.apache.ratis.thirdparty.io.netty.channel.nio.NioEventLoop.processSelectedKeys(NioEventLoop.java:496)
	at org.apache.ratis.thirdparty.io.netty.channel.nio.NioEventLoop.run(NioEventLoop.java:458)
	at org.apache.ratis.thirdparty.io.netty.util.concurrent.SingleThreadEventExecutor$5.run(SingleThreadEventExecutor.java:897)
	at org.apache.ratis.thirdparty.io.netty.util.concurrent.FastThreadLocalRunnable.run(FastThreadLocalRunnable.java:30)
	... 1 more
Caused by: java.net.ConnectException: Connection refused
	... 11 more
2019-10-16 21:02:16,960 [4b287a15-77af-487b-aef7-34d1d0ee189f@group-83C26644CFDA-LeaderElection421] INFO  impl.LeaderElection (LogUtils.java:infoOrTrace(149)) - 4b287a15-77af-487b-aef7-34d1d0ee189f@group-83C26644CFDA-LeaderElection421 got exception when requesting votes: {}
java.util.concurrent.ExecutionException: org.apache.ratis.thirdparty.io.grpc.StatusRuntimeException: UNAVAILABLE: io exception
	at java.util.concurrent.FutureTask.report(FutureTask.java:122)
	at java.util.concurrent.FutureTask.get(FutureTask.java:192)
	at org.apache.ratis.server.impl.LeaderElection.waitForResults(LeaderElection.java:259)
	at org.apache.ratis.server.impl.LeaderElection.askForVotes(LeaderElection.java:197)
	at org.apache.ratis.server.impl.LeaderElection.run(LeaderElection.java:133)
	at java.lang.Thread.run(Thread.java:748)
Caused by: org.apache.ratis.thirdparty.io.grpc.StatusRuntimeException: UNAVAILABLE: io exception
	at org.apache.ratis.thirdparty.io.grpc.stub.ClientCalls.toStatusRuntimeException(ClientCalls.java:233)
	at org.apache.ratis.thirdparty.io.grpc.stub.ClientCalls.getUnchecked(ClientCalls.java:214)
	at org.apache.ratis.thirdparty.io.grpc.stub.ClientCalls.blockingUnaryCall(ClientCalls.java:139)
	at org.apache.ratis.proto.grpc.RaftServerProtocolServiceGrpc$RaftServerProtocolServiceBlockingStub.requestVote(RaftServerProtocolServiceGrpc.java:265)
	at org.apache.ratis.grpc.server.GrpcServerProtocolClient.requestVote(GrpcServerProtocolClient.java:99)
	at org.apache.ratis.grpc.server.GrpcService.requestVote(GrpcService.java:204)
	at org.apache.ratis.server.impl.LeaderElection.lambda$submitRequests$1(LeaderElection.java:234)
	at java.util.concurrent.FutureTask.run(FutureTask.java:266)
	at java.util.concurrent.Executors$RunnableAdapter.call(Executors.java:511)
	at java.util.concurrent.FutureTask.run(FutureTask.java:266)
	at java.util.concurrent.ThreadPoolExecutor.runWorker(ThreadPoolExecutor.java:1149)
	at java.util.concurrent.ThreadPoolExecutor$Worker.run(ThreadPoolExecutor.java:624)
	... 1 more
Caused by: org.apache.ratis.thirdparty.io.netty.channel.AbstractChannel$AnnotatedConnectException: Connection refused: /192.168.34.38:45833
	at sun.nio.ch.SocketChannelImpl.checkConnect(Native Method)
	at sun.nio.ch.SocketChannelImpl.finishConnect(SocketChannelImpl.java:717)
	at org.apache.ratis.thirdparty.io.netty.channel.socket.nio.NioSocketChannel.doFinishConnect(NioSocketChannel.java:327)
	at org.apache.ratis.thirdparty.io.netty.channel.nio.AbstractNioChannel$AbstractNioUnsafe.finishConnect(AbstractNioChannel.java:340)
	at org.apache.ratis.thirdparty.io.netty.channel.nio.NioEventLoop.processSelectedKey(NioEventLoop.java:632)
	at org.apache.ratis.thirdparty.io.netty.channel.nio.NioEventLoop.processSelectedKeysOptimized(NioEventLoop.java:579)
	at org.apache.ratis.thirdparty.io.netty.channel.nio.NioEventLoop.processSelectedKeys(NioEventLoop.java:496)
	at org.apache.ratis.thirdparty.io.netty.channel.nio.NioEventLoop.run(NioEventLoop.java:458)
	at org.apache.ratis.thirdparty.io.netty.util.concurrent.SingleThreadEventExecutor$5.run(SingleThreadEventExecutor.java:897)
	at org.apache.ratis.thirdparty.io.netty.util.concurrent.FastThreadLocalRunnable.run(FastThreadLocalRunnable.java:30)
	... 1 more
Caused by: java.net.ConnectException: Connection refused
	... 11 more
2019-10-16 21:02:16,961 [4b287a15-77af-487b-aef7-34d1d0ee189f@group-83C26644CFDA-LeaderElection421] INFO  impl.LeaderElection (LeaderElection.java:logAndReturn(56)) - 4b287a15-77af-487b-aef7-34d1d0ee189f@group-83C26644CFDA-LeaderElection421: Election REJECTED; received 0 response(s) [] and 2 exception(s); 4b287a15-77af-487b-aef7-34d1d0ee189f@group-83C26644CFDA:t447, leader=null, voted=4b287a15-77af-487b-aef7-34d1d0ee189f, raftlog=4b287a15-77af-487b-aef7-34d1d0ee189f@group-83C26644CFDA-SegmentedRaftLog:OPENED:c-1,f-1,i0, conf=-1: [4b287a15-77af-487b-aef7-34d1d0ee189f:192.168.34.38:38597, 0aa3649f-570d-46c6-937f-492d7f3a8364:192.168.34.38:33209, 4a03179f-3169-4ac7-a075-259968512ef0:192.168.34.38:45833], old=null
2019-10-16 21:02:16,961 [4b287a15-77af-487b-aef7-34d1d0ee189f@group-83C26644CFDA-LeaderElection421] INFO  impl.LeaderElection (LogUtils.java:infoOrTrace(149)) -   Exception 0: {}
java.util.concurrent.ExecutionException: org.apache.ratis.thirdparty.io.grpc.StatusRuntimeException: UNAVAILABLE: io exception
	at java.util.concurrent.FutureTask.report(FutureTask.java:122)
	at java.util.concurrent.FutureTask.get(FutureTask.java:192)
	at org.apache.ratis.server.impl.LeaderElection.waitForResults(LeaderElection.java:259)
	at org.apache.ratis.server.impl.LeaderElection.askForVotes(LeaderElection.java:197)
	at org.apache.ratis.server.impl.LeaderElection.run(LeaderElection.java:133)
	at java.lang.Thread.run(Thread.java:748)
Caused by: org.apache.ratis.thirdparty.io.grpc.StatusRuntimeException: UNAVAILABLE: io exception
	at org.apache.ratis.thirdparty.io.grpc.stub.ClientCalls.toStatusRuntimeException(ClientCalls.java:233)
	at org.apache.ratis.thirdparty.io.grpc.stub.ClientCalls.getUnchecked(ClientCalls.java:214)
	at org.apache.ratis.thirdparty.io.grpc.stub.ClientCalls.blockingUnaryCall(ClientCalls.java:139)
	at org.apache.ratis.proto.grpc.RaftServerProtocolServiceGrpc$RaftServerProtocolServiceBlockingStub.requestVote(RaftServerProtocolServiceGrpc.java:265)
	at org.apache.ratis.grpc.server.GrpcServerProtocolClient.requestVote(GrpcServerProtocolClient.java:99)
	at org.apache.ratis.grpc.server.GrpcService.requestVote(GrpcService.java:204)
	at org.apache.ratis.server.impl.LeaderElection.lambda$submitRequests$1(LeaderElection.java:234)
	at java.util.concurrent.FutureTask.run(FutureTask.java:266)
	at java.util.concurrent.Executors$RunnableAdapter.call(Executors.java:511)
	at java.util.concurrent.FutureTask.run(FutureTask.java:266)
	at java.util.concurrent.ThreadPoolExecutor.runWorker(ThreadPoolExecutor.java:1149)
	at java.util.concurrent.ThreadPoolExecutor$Worker.run(ThreadPoolExecutor.java:624)
	... 1 more
Caused by: org.apache.ratis.thirdparty.io.netty.channel.AbstractChannel$AnnotatedConnectException: Connection refused: /192.168.34.38:33209
	at sun.nio.ch.SocketChannelImpl.checkConnect(Native Method)
	at sun.nio.ch.SocketChannelImpl.finishConnect(SocketChannelImpl.java:717)
	at org.apache.ratis.thirdparty.io.netty.channel.socket.nio.NioSocketChannel.doFinishConnect(NioSocketChannel.java:327)
	at org.apache.ratis.thirdparty.io.netty.channel.nio.AbstractNioChannel$AbstractNioUnsafe.finishConnect(AbstractNioChannel.java:340)
	at org.apache.ratis.thirdparty.io.netty.channel.nio.NioEventLoop.processSelectedKey(NioEventLoop.java:632)
	at org.apache.ratis.thirdparty.io.netty.channel.nio.NioEventLoop.processSelectedKeysOptimized(NioEventLoop.java:579)
	at org.apache.ratis.thirdparty.io.netty.channel.nio.NioEventLoop.processSelectedKeys(NioEventLoop.java:496)
	at org.apache.ratis.thirdparty.io.netty.channel.nio.NioEventLoop.run(NioEventLoop.java:458)
	at org.apache.ratis.thirdparty.io.netty.util.concurrent.SingleThreadEventExecutor$5.run(SingleThreadEventExecutor.java:897)
	at org.apache.ratis.thirdparty.io.netty.util.concurrent.FastThreadLocalRunnable.run(FastThreadLocalRunnable.java:30)
	... 1 more
Caused by: java.net.ConnectException: Connection refused
	... 11 more
2019-10-16 21:02:16,961 [4b287a15-77af-487b-aef7-34d1d0ee189f@group-83C26644CFDA-LeaderElection421] INFO  impl.LeaderElection (LogUtils.java:infoOrTrace(149)) -   Exception 1: {}
java.util.concurrent.ExecutionException: org.apache.ratis.thirdparty.io.grpc.StatusRuntimeException: UNAVAILABLE: io exception
	at java.util.concurrent.FutureTask.report(FutureTask.java:122)
	at java.util.concurrent.FutureTask.get(FutureTask.java:192)
	at org.apache.ratis.server.impl.LeaderElection.waitForResults(LeaderElection.java:259)
	at org.apache.ratis.server.impl.LeaderElection.askForVotes(LeaderElection.java:197)
	at org.apache.ratis.server.impl.LeaderElection.run(LeaderElection.java:133)
	at java.lang.Thread.run(Thread.java:748)
Caused by: org.apache.ratis.thirdparty.io.grpc.StatusRuntimeException: UNAVAILABLE: io exception
	at org.apache.ratis.thirdparty.io.grpc.stub.ClientCalls.toStatusRuntimeException(ClientCalls.java:233)
	at org.apache.ratis.thirdparty.io.grpc.stub.ClientCalls.getUnchecked(ClientCalls.java:214)
	at org.apache.ratis.thirdparty.io.grpc.stub.ClientCalls.blockingUnaryCall(ClientCalls.java:139)
	at org.apache.ratis.proto.grpc.RaftServerProtocolServiceGrpc$RaftServerProtocolServiceBlockingStub.requestVote(RaftServerProtocolServiceGrpc.java:265)
	at org.apache.ratis.grpc.server.GrpcServerProtocolClient.requestVote(GrpcServerProtocolClient.java:99)
	at org.apache.ratis.grpc.server.GrpcService.requestVote(GrpcService.java:204)
	at org.apache.ratis.server.impl.LeaderElection.lambda$submitRequests$1(LeaderElection.java:234)
	at java.util.concurrent.FutureTask.run(FutureTask.java:266)
	at java.util.concurrent.Executors$RunnableAdapter.call(Executors.java:511)
	at java.util.concurrent.FutureTask.run(FutureTask.java:266)
	at java.util.concurrent.ThreadPoolExecutor.runWorker(ThreadPoolExecutor.java:1149)
	at java.util.concurrent.ThreadPoolExecutor$Worker.run(ThreadPoolExecutor.java:624)
	... 1 more
Caused by: org.apache.ratis.thirdparty.io.netty.channel.AbstractChannel$AnnotatedConnectException: Connection refused: /192.168.34.38:45833
	at sun.nio.ch.SocketChannelImpl.checkConnect(Native Method)
	at sun.nio.ch.SocketChannelImpl.finishConnect(SocketChannelImpl.java:717)
	at org.apache.ratis.thirdparty.io.netty.channel.socket.nio.NioSocketChannel.doFinishConnect(NioSocketChannel.java:327)
	at org.apache.ratis.thirdparty.io.netty.channel.nio.AbstractNioChannel$AbstractNioUnsafe.finishConnect(AbstractNioChannel.java:340)
	at org.apache.ratis.thirdparty.io.netty.channel.nio.NioEventLoop.processSelectedKey(NioEventLoop.java:632)
	at org.apache.ratis.thirdparty.io.netty.channel.nio.NioEventLoop.processSelectedKeysOptimized(NioEventLoop.java:579)
	at org.apache.ratis.thirdparty.io.netty.channel.nio.NioEventLoop.processSelectedKeys(NioEventLoop.java:496)
	at org.apache.ratis.thirdparty.io.netty.channel.nio.NioEventLoop.run(NioEventLoop.java:458)
	at org.apache.ratis.thirdparty.io.netty.util.concurrent.SingleThreadEventExecutor$5.run(SingleThreadEventExecutor.java:897)
	at org.apache.ratis.thirdparty.io.netty.util.concurrent.FastThreadLocalRunnable.run(FastThreadLocalRunnable.java:30)
	... 1 more
Caused by: java.net.ConnectException: Connection refused
	... 11 more
2019-10-16 21:02:16,961 [4b287a15-77af-487b-aef7-34d1d0ee189f@group-83C26644CFDA-LeaderElection421] INFO  impl.RaftServerImpl (RaftServerImpl.java:setRole(184)) - 4b287a15-77af-487b-aef7-34d1d0ee189f@group-83C26644CFDA: changes role from CANDIDATE to FOLLOWER at term 447 for DISCOVERED_A_NEW_TERM
2019-10-16 21:02:16,962 [4b287a15-77af-487b-aef7-34d1d0ee189f@group-83C26644CFDA-LeaderElection421] INFO  impl.RoleInfo (RoleInfo.java:shutdownLeaderElection(134)) - 4b287a15-77af-487b-aef7-34d1d0ee189f: shutdown LeaderElection
2019-10-16 21:02:16,962 [4b287a15-77af-487b-aef7-34d1d0ee189f@group-83C26644CFDA-LeaderElection421] INFO  impl.RoleInfo (RoleInfo.java:updateAndGet(143)) - 4b287a15-77af-487b-aef7-34d1d0ee189f: start FollowerState
2019-10-16 21:02:17,073 [Thread-2936] INFO  impl.FollowerState (FollowerState.java:run(108)) - 4b287a15-77af-487b-aef7-34d1d0ee189f@group-83C26644CFDA-FollowerState: change to CANDIDATE, lastRpcTime:111ms, electionTimeout:111ms
2019-10-16 21:02:17,073 [Thread-2936] INFO  impl.RoleInfo (RoleInfo.java:shutdownFollowerState(121)) - 4b287a15-77af-487b-aef7-34d1d0ee189f: shutdown FollowerState
2019-10-16 21:02:17,074 [Thread-2936] INFO  impl.RaftServerImpl (RaftServerImpl.java:setRole(184)) - 4b287a15-77af-487b-aef7-34d1d0ee189f@group-83C26644CFDA: changes role from  FOLLOWER to CANDIDATE at term 447 for changeToCandidate
2019-10-16 21:02:17,074 [Thread-2936] INFO  impl.RoleInfo (RoleInfo.java:updateAndGet(143)) - 4b287a15-77af-487b-aef7-34d1d0ee189f: start LeaderElection
2019-10-16 21:02:17,087 [4b287a15-77af-487b-aef7-34d1d0ee189f@group-83C26644CFDA-LeaderElection422] INFO  impl.LeaderElection (LeaderElection.java:askForVotes(178)) - 4b287a15-77af-487b-aef7-34d1d0ee189f@group-83C26644CFDA-LeaderElection422: begin an election at term 448 for -1: [4b287a15-77af-487b-aef7-34d1d0ee189f:192.168.34.38:38597, 0aa3649f-570d-46c6-937f-492d7f3a8364:192.168.34.38:33209, 4a03179f-3169-4ac7-a075-259968512ef0:192.168.34.38:45833], old=null
2019-10-16 21:02:17,088 [4b287a15-77af-487b-aef7-34d1d0ee189f@group-83C26644CFDA-LeaderElection422] INFO  impl.LeaderElection (LogUtils.java:infoOrTrace(149)) - 4b287a15-77af-487b-aef7-34d1d0ee189f@group-83C26644CFDA-LeaderElection422 got exception when requesting votes: {}
java.util.concurrent.ExecutionException: org.apache.ratis.thirdparty.io.grpc.StatusRuntimeException: UNAVAILABLE: io exception
	at java.util.concurrent.FutureTask.report(FutureTask.java:122)
	at java.util.concurrent.FutureTask.get(FutureTask.java:192)
	at org.apache.ratis.server.impl.LeaderElection.waitForResults(LeaderElection.java:259)
	at org.apache.ratis.server.impl.LeaderElection.askForVotes(LeaderElection.java:197)
	at org.apache.ratis.server.impl.LeaderElection.run(LeaderElection.java:133)
	at java.lang.Thread.run(Thread.java:748)
Caused by: org.apache.ratis.thirdparty.io.grpc.StatusRuntimeException: UNAVAILABLE: io exception
	at org.apache.ratis.thirdparty.io.grpc.stub.ClientCalls.toStatusRuntimeException(ClientCalls.java:233)
	at org.apache.ratis.thirdparty.io.grpc.stub.ClientCalls.getUnchecked(ClientCalls.java:214)
	at org.apache.ratis.thirdparty.io.grpc.stub.ClientCalls.blockingUnaryCall(ClientCalls.java:139)
	at org.apache.ratis.proto.grpc.RaftServerProtocolServiceGrpc$RaftServerProtocolServiceBlockingStub.requestVote(RaftServerProtocolServiceGrpc.java:265)
	at org.apache.ratis.grpc.server.GrpcServerProtocolClient.requestVote(GrpcServerProtocolClient.java:99)
	at org.apache.ratis.grpc.server.GrpcService.requestVote(GrpcService.java:204)
	at org.apache.ratis.server.impl.LeaderElection.lambda$submitRequests$1(LeaderElection.java:234)
	at java.util.concurrent.FutureTask.run(FutureTask.java:266)
	at java.util.concurrent.Executors$RunnableAdapter.call(Executors.java:511)
	at java.util.concurrent.FutureTask.run(FutureTask.java:266)
	at java.util.concurrent.ThreadPoolExecutor.runWorker(ThreadPoolExecutor.java:1149)
	at java.util.concurrent.ThreadPoolExecutor$Worker.run(ThreadPoolExecutor.java:624)
	... 1 more
Caused by: org.apache.ratis.thirdparty.io.netty.channel.AbstractChannel$AnnotatedConnectException: Connection refused: /192.168.34.38:33209
	at sun.nio.ch.SocketChannelImpl.checkConnect(Native Method)
	at sun.nio.ch.SocketChannelImpl.finishConnect(SocketChannelImpl.java:717)
	at org.apache.ratis.thirdparty.io.netty.channel.socket.nio.NioSocketChannel.doFinishConnect(NioSocketChannel.java:327)
	at org.apache.ratis.thirdparty.io.netty.channel.nio.AbstractNioChannel$AbstractNioUnsafe.finishConnect(AbstractNioChannel.java:340)
	at org.apache.ratis.thirdparty.io.netty.channel.nio.NioEventLoop.processSelectedKey(NioEventLoop.java:632)
	at org.apache.ratis.thirdparty.io.netty.channel.nio.NioEventLoop.processSelectedKeysOptimized(NioEventLoop.java:579)
	at org.apache.ratis.thirdparty.io.netty.channel.nio.NioEventLoop.processSelectedKeys(NioEventLoop.java:496)
	at org.apache.ratis.thirdparty.io.netty.channel.nio.NioEventLoop.run(NioEventLoop.java:458)
	at org.apache.ratis.thirdparty.io.netty.util.concurrent.SingleThreadEventExecutor$5.run(SingleThreadEventExecutor.java:897)
	at org.apache.ratis.thirdparty.io.netty.util.concurrent.FastThreadLocalRunnable.run(FastThreadLocalRunnable.java:30)
	... 1 more
Caused by: java.net.ConnectException: Connection refused
	... 11 more
2019-10-16 21:02:17,090 [4b287a15-77af-487b-aef7-34d1d0ee189f@group-83C26644CFDA-LeaderElection422] INFO  impl.LeaderElection (LogUtils.java:infoOrTrace(149)) - 4b287a15-77af-487b-aef7-34d1d0ee189f@group-83C26644CFDA-LeaderElection422 got exception when requesting votes: {}
java.util.concurrent.ExecutionException: org.apache.ratis.thirdparty.io.grpc.StatusRuntimeException: UNAVAILABLE: io exception
	at java.util.concurrent.FutureTask.report(FutureTask.java:122)
	at java.util.concurrent.FutureTask.get(FutureTask.java:192)
	at org.apache.ratis.server.impl.LeaderElection.waitForResults(LeaderElection.java:259)
	at org.apache.ratis.server.impl.LeaderElection.askForVotes(LeaderElection.java:197)
	at org.apache.ratis.server.impl.LeaderElection.run(LeaderElection.java:133)
	at java.lang.Thread.run(Thread.java:748)
Caused by: org.apache.ratis.thirdparty.io.grpc.StatusRuntimeException: UNAVAILABLE: io exception
	at org.apache.ratis.thirdparty.io.grpc.stub.ClientCalls.toStatusRuntimeException(ClientCalls.java:233)
	at org.apache.ratis.thirdparty.io.grpc.stub.ClientCalls.getUnchecked(ClientCalls.java:214)
	at org.apache.ratis.thirdparty.io.grpc.stub.ClientCalls.blockingUnaryCall(ClientCalls.java:139)
	at org.apache.ratis.proto.grpc.RaftServerProtocolServiceGrpc$RaftServerProtocolServiceBlockingStub.requestVote(RaftServerProtocolServiceGrpc.java:265)
	at org.apache.ratis.grpc.server.GrpcServerProtocolClient.requestVote(GrpcServerProtocolClient.java:99)
	at org.apache.ratis.grpc.server.GrpcService.requestVote(GrpcService.java:204)
	at org.apache.ratis.server.impl.LeaderElection.lambda$submitRequests$1(LeaderElection.java:234)
	at java.util.concurrent.FutureTask.run(FutureTask.java:266)
	at java.util.concurrent.Executors$RunnableAdapter.call(Executors.java:511)
	at java.util.concurrent.FutureTask.run(FutureTask.java:266)
	at java.util.concurrent.ThreadPoolExecutor.runWorker(ThreadPoolExecutor.java:1149)
	at java.util.concurrent.ThreadPoolExecutor$Worker.run(ThreadPoolExecutor.java:624)
	... 1 more
Caused by: org.apache.ratis.thirdparty.io.netty.channel.AbstractChannel$AnnotatedConnectException: Connection refused: /192.168.34.38:45833
	at sun.nio.ch.SocketChannelImpl.checkConnect(Native Method)
	at sun.nio.ch.SocketChannelImpl.finishConnect(SocketChannelImpl.java:717)
	at org.apache.ratis.thirdparty.io.netty.channel.socket.nio.NioSocketChannel.doFinishConnect(NioSocketChannel.java:327)
	at org.apache.ratis.thirdparty.io.netty.channel.nio.AbstractNioChannel$AbstractNioUnsafe.finishConnect(AbstractNioChannel.java:340)
	at org.apache.ratis.thirdparty.io.netty.channel.nio.NioEventLoop.processSelectedKey(NioEventLoop.java:632)
	at org.apache.ratis.thirdparty.io.netty.channel.nio.NioEventLoop.processSelectedKeysOptimized(NioEventLoop.java:579)
	at org.apache.ratis.thirdparty.io.netty.channel.nio.NioEventLoop.processSelectedKeys(NioEventLoop.java:496)
	at org.apache.ratis.thirdparty.io.netty.channel.nio.NioEventLoop.run(NioEventLoop.java:458)
	at org.apache.ratis.thirdparty.io.netty.util.concurrent.SingleThreadEventExecutor$5.run(SingleThreadEventExecutor.java:897)
	at org.apache.ratis.thirdparty.io.netty.util.concurrent.FastThreadLocalRunnable.run(FastThreadLocalRunnable.java:30)
	... 1 more
Caused by: java.net.ConnectException: Connection refused
	... 11 more
2019-10-16 21:02:17,094 [4b287a15-77af-487b-aef7-34d1d0ee189f@group-83C26644CFDA-LeaderElection422] INFO  impl.LeaderElection (LeaderElection.java:logAndReturn(56)) - 4b287a15-77af-487b-aef7-34d1d0ee189f@group-83C26644CFDA-LeaderElection422: Election REJECTED; received 0 response(s) [] and 2 exception(s); 4b287a15-77af-487b-aef7-34d1d0ee189f@group-83C26644CFDA:t448, leader=null, voted=4b287a15-77af-487b-aef7-34d1d0ee189f, raftlog=4b287a15-77af-487b-aef7-34d1d0ee189f@group-83C26644CFDA-SegmentedRaftLog:OPENED:c-1,f-1,i0, conf=-1: [4b287a15-77af-487b-aef7-34d1d0ee189f:192.168.34.38:38597, 0aa3649f-570d-46c6-937f-492d7f3a8364:192.168.34.38:33209, 4a03179f-3169-4ac7-a075-259968512ef0:192.168.34.38:45833], old=null
2019-10-16 21:02:17,094 [4b287a15-77af-487b-aef7-34d1d0ee189f@group-83C26644CFDA-LeaderElection422] INFO  impl.LeaderElection (LogUtils.java:infoOrTrace(149)) -   Exception 0: {}
java.util.concurrent.ExecutionException: org.apache.ratis.thirdparty.io.grpc.StatusRuntimeException: UNAVAILABLE: io exception
	at java.util.concurrent.FutureTask.report(FutureTask.java:122)
	at java.util.concurrent.FutureTask.get(FutureTask.java:192)
	at org.apache.ratis.server.impl.LeaderElection.waitForResults(LeaderElection.java:259)
	at org.apache.ratis.server.impl.LeaderElection.askForVotes(LeaderElection.java:197)
	at org.apache.ratis.server.impl.LeaderElection.run(LeaderElection.java:133)
	at java.lang.Thread.run(Thread.java:748)
Caused by: org.apache.ratis.thirdparty.io.grpc.StatusRuntimeException: UNAVAILABLE: io exception
	at org.apache.ratis.thirdparty.io.grpc.stub.ClientCalls.toStatusRuntimeException(ClientCalls.java:233)
	at org.apache.ratis.thirdparty.io.grpc.stub.ClientCalls.getUnchecked(ClientCalls.java:214)
	at org.apache.ratis.thirdparty.io.grpc.stub.ClientCalls.blockingUnaryCall(ClientCalls.java:139)
	at org.apache.ratis.proto.grpc.RaftServerProtocolServiceGrpc$RaftServerProtocolServiceBlockingStub.requestVote(RaftServerProtocolServiceGrpc.java:265)
	at org.apache.ratis.grpc.server.GrpcServerProtocolClient.requestVote(GrpcServerProtocolClient.java:99)
	at org.apache.ratis.grpc.server.GrpcService.requestVote(GrpcService.java:204)
	at org.apache.ratis.server.impl.LeaderElection.lambda$submitRequests$1(LeaderElection.java:234)
	at java.util.concurrent.FutureTask.run(FutureTask.java:266)
	at java.util.concurrent.Executors$RunnableAdapter.call(Executors.java:511)
	at java.util.concurrent.FutureTask.run(FutureTask.java:266)
	at java.util.concurrent.ThreadPoolExecutor.runWorker(ThreadPoolExecutor.java:1149)
	at java.util.concurrent.ThreadPoolExecutor$Worker.run(ThreadPoolExecutor.java:624)
	... 1 more
Caused by: org.apache.ratis.thirdparty.io.netty.channel.AbstractChannel$AnnotatedConnectException: Connection refused: /192.168.34.38:33209
	at sun.nio.ch.SocketChannelImpl.checkConnect(Native Method)
	at sun.nio.ch.SocketChannelImpl.finishConnect(SocketChannelImpl.java:717)
	at org.apache.ratis.thirdparty.io.netty.channel.socket.nio.NioSocketChannel.doFinishConnect(NioSocketChannel.java:327)
	at org.apache.ratis.thirdparty.io.netty.channel.nio.AbstractNioChannel$AbstractNioUnsafe.finishConnect(AbstractNioChannel.java:340)
	at org.apache.ratis.thirdparty.io.netty.channel.nio.NioEventLoop.processSelectedKey(NioEventLoop.java:632)
	at org.apache.ratis.thirdparty.io.netty.channel.nio.NioEventLoop.processSelectedKeysOptimized(NioEventLoop.java:579)
	at org.apache.ratis.thirdparty.io.netty.channel.nio.NioEventLoop.processSelectedKeys(NioEventLoop.java:496)
	at org.apache.ratis.thirdparty.io.netty.channel.nio.NioEventLoop.run(NioEventLoop.java:458)
	at org.apache.ratis.thirdparty.io.netty.util.concurrent.SingleThreadEventExecutor$5.run(SingleThreadEventExecutor.java:897)
	at org.apache.ratis.thirdparty.io.netty.util.concurrent.FastThreadLocalRunnable.run(FastThreadLocalRunnable.java:30)
	... 1 more
Caused by: java.net.ConnectException: Connection refused
	... 11 more
2019-10-16 21:02:17,094 [4b287a15-77af-487b-aef7-34d1d0ee189f@group-83C26644CFDA-LeaderElection422] INFO  impl.LeaderElection (LogUtils.java:infoOrTrace(149)) -   Exception 1: {}
java.util.concurrent.ExecutionException: org.apache.ratis.thirdparty.io.grpc.StatusRuntimeException: UNAVAILABLE: io exception
	at java.util.concurrent.FutureTask.report(FutureTask.java:122)
	at java.util.concurrent.FutureTask.get(FutureTask.java:192)
	at org.apache.ratis.server.impl.LeaderElection.waitForResults(LeaderElection.java:259)
	at org.apache.ratis.server.impl.LeaderElection.askForVotes(LeaderElection.java:197)
	at org.apache.ratis.server.impl.LeaderElection.run(LeaderElection.java:133)
	at java.lang.Thread.run(Thread.java:748)
Caused by: org.apache.ratis.thirdparty.io.grpc.StatusRuntimeException: UNAVAILABLE: io exception
	at org.apache.ratis.thirdparty.io.grpc.stub.ClientCalls.toStatusRuntimeException(ClientCalls.java:233)
	at org.apache.ratis.thirdparty.io.grpc.stub.ClientCalls.getUnchecked(ClientCalls.java:214)
	at org.apache.ratis.thirdparty.io.grpc.stub.ClientCalls.blockingUnaryCall(ClientCalls.java:139)
	at org.apache.ratis.proto.grpc.RaftServerProtocolServiceGrpc$RaftServerProtocolServiceBlockingStub.requestVote(RaftServerProtocolServiceGrpc.java:265)
	at org.apache.ratis.grpc.server.GrpcServerProtocolClient.requestVote(GrpcServerProtocolClient.java:99)
	at org.apache.ratis.grpc.server.GrpcService.requestVote(GrpcService.java:204)
	at org.apache.ratis.server.impl.LeaderElection.lambda$submitRequests$1(LeaderElection.java:234)
	at java.util.concurrent.FutureTask.run(FutureTask.java:266)
	at java.util.concurrent.Executors$RunnableAdapter.call(Executors.java:511)
	at java.util.concurrent.FutureTask.run(FutureTask.java:266)
	at java.util.concurrent.ThreadPoolExecutor.runWorker(ThreadPoolExecutor.java:1149)
	at java.util.concurrent.ThreadPoolExecutor$Worker.run(ThreadPoolExecutor.java:624)
	... 1 more
Caused by: org.apache.ratis.thirdparty.io.netty.channel.AbstractChannel$AnnotatedConnectException: Connection refused: /192.168.34.38:45833
	at sun.nio.ch.SocketChannelImpl.checkConnect(Native Method)
	at sun.nio.ch.SocketChannelImpl.finishConnect(SocketChannelImpl.java:717)
	at org.apache.ratis.thirdparty.io.netty.channel.socket.nio.NioSocketChannel.doFinishConnect(NioSocketChannel.java:327)
	at org.apache.ratis.thirdparty.io.netty.channel.nio.AbstractNioChannel$AbstractNioUnsafe.finishConnect(AbstractNioChannel.java:340)
	at org.apache.ratis.thirdparty.io.netty.channel.nio.NioEventLoop.processSelectedKey(NioEventLoop.java:632)
	at org.apache.ratis.thirdparty.io.netty.channel.nio.NioEventLoop.processSelectedKeysOptimized(NioEventLoop.java:579)
	at org.apache.ratis.thirdparty.io.netty.channel.nio.NioEventLoop.processSelectedKeys(NioEventLoop.java:496)
	at org.apache.ratis.thirdparty.io.netty.channel.nio.NioEventLoop.run(NioEventLoop.java:458)
	at org.apache.ratis.thirdparty.io.netty.util.concurrent.SingleThreadEventExecutor$5.run(SingleThreadEventExecutor.java:897)
	at org.apache.ratis.thirdparty.io.netty.util.concurrent.FastThreadLocalRunnable.run(FastThreadLocalRunnable.java:30)
	... 1 more
Caused by: java.net.ConnectException: Connection refused
	... 11 more
2019-10-16 21:02:17,095 [4b287a15-77af-487b-aef7-34d1d0ee189f@group-83C26644CFDA-LeaderElection422] INFO  impl.RaftServerImpl (RaftServerImpl.java:setRole(184)) - 4b287a15-77af-487b-aef7-34d1d0ee189f@group-83C26644CFDA: changes role from CANDIDATE to FOLLOWER at term 448 for DISCOVERED_A_NEW_TERM
2019-10-16 21:02:17,095 [4b287a15-77af-487b-aef7-34d1d0ee189f@group-83C26644CFDA-LeaderElection422] INFO  impl.RoleInfo (RoleInfo.java:shutdownLeaderElection(134)) - 4b287a15-77af-487b-aef7-34d1d0ee189f: shutdown LeaderElection
2019-10-16 21:02:17,095 [4b287a15-77af-487b-aef7-34d1d0ee189f@group-83C26644CFDA-LeaderElection422] INFO  impl.RoleInfo (RoleInfo.java:updateAndGet(143)) - 4b287a15-77af-487b-aef7-34d1d0ee189f: start FollowerState
2019-10-16 21:02:17,152 [Thread-2940] INFO  impl.FollowerState (FollowerState.java:run(108)) - 4b287a15-77af-487b-aef7-34d1d0ee189f@group-83C26644CFDA-FollowerState: change to CANDIDATE, lastRpcTime:57ms, electionTimeout:57ms
2019-10-16 21:02:17,153 [Thread-2940] INFO  impl.RoleInfo (RoleInfo.java:shutdownFollowerState(121)) - 4b287a15-77af-487b-aef7-34d1d0ee189f: shutdown FollowerState
2019-10-16 21:02:17,153 [Thread-2940] INFO  impl.RaftServerImpl (RaftServerImpl.java:setRole(184)) - 4b287a15-77af-487b-aef7-34d1d0ee189f@group-83C26644CFDA: changes role from  FOLLOWER to CANDIDATE at term 448 for changeToCandidate
2019-10-16 21:02:17,153 [Thread-2940] INFO  impl.RoleInfo (RoleInfo.java:updateAndGet(143)) - 4b287a15-77af-487b-aef7-34d1d0ee189f: start LeaderElection
2019-10-16 21:02:17,167 [4b287a15-77af-487b-aef7-34d1d0ee189f@group-83C26644CFDA-LeaderElection423] INFO  impl.LeaderElection (LeaderElection.java:askForVotes(178)) - 4b287a15-77af-487b-aef7-34d1d0ee189f@group-83C26644CFDA-LeaderElection423: begin an election at term 449 for -1: [4b287a15-77af-487b-aef7-34d1d0ee189f:192.168.34.38:38597, 0aa3649f-570d-46c6-937f-492d7f3a8364:192.168.34.38:33209, 4a03179f-3169-4ac7-a075-259968512ef0:192.168.34.38:45833], old=null
2019-10-16 21:02:17,168 [4b287a15-77af-487b-aef7-34d1d0ee189f@group-83C26644CFDA-LeaderElection423] INFO  impl.LeaderElection (LogUtils.java:infoOrTrace(149)) - 4b287a15-77af-487b-aef7-34d1d0ee189f@group-83C26644CFDA-LeaderElection423 got exception when requesting votes: {}
java.util.concurrent.ExecutionException: org.apache.ratis.thirdparty.io.grpc.StatusRuntimeException: UNAVAILABLE: io exception
	at java.util.concurrent.FutureTask.report(FutureTask.java:122)
	at java.util.concurrent.FutureTask.get(FutureTask.java:192)
	at org.apache.ratis.server.impl.LeaderElection.waitForResults(LeaderElection.java:259)
	at org.apache.ratis.server.impl.LeaderElection.askForVotes(LeaderElection.java:197)
	at org.apache.ratis.server.impl.LeaderElection.run(LeaderElection.java:133)
	at java.lang.Thread.run(Thread.java:748)
Caused by: org.apache.ratis.thirdparty.io.grpc.StatusRuntimeException: UNAVAILABLE: io exception
	at org.apache.ratis.thirdparty.io.grpc.stub.ClientCalls.toStatusRuntimeException(ClientCalls.java:233)
	at org.apache.ratis.thirdparty.io.grpc.stub.ClientCalls.getUnchecked(ClientCalls.java:214)
	at org.apache.ratis.thirdparty.io.grpc.stub.ClientCalls.blockingUnaryCall(ClientCalls.java:139)
	at org.apache.ratis.proto.grpc.RaftServerProtocolServiceGrpc$RaftServerProtocolServiceBlockingStub.requestVote(RaftServerProtocolServiceGrpc.java:265)
	at org.apache.ratis.grpc.server.GrpcServerProtocolClient.requestVote(GrpcServerProtocolClient.java:99)
	at org.apache.ratis.grpc.server.GrpcService.requestVote(GrpcService.java:204)
	at org.apache.ratis.server.impl.LeaderElection.lambda$submitRequests$1(LeaderElection.java:234)
	at java.util.concurrent.FutureTask.run(FutureTask.java:266)
	at java.util.concurrent.Executors$RunnableAdapter.call(Executors.java:511)
	at java.util.concurrent.FutureTask.run(FutureTask.java:266)
	at java.util.concurrent.ThreadPoolExecutor.runWorker(ThreadPoolExecutor.java:1149)
	at java.util.concurrent.ThreadPoolExecutor$Worker.run(ThreadPoolExecutor.java:624)
	... 1 more
Caused by: org.apache.ratis.thirdparty.io.netty.channel.AbstractChannel$AnnotatedConnectException: Connection refused: /192.168.34.38:33209
	at sun.nio.ch.SocketChannelImpl.checkConnect(Native Method)
	at sun.nio.ch.SocketChannelImpl.finishConnect(SocketChannelImpl.java:717)
	at org.apache.ratis.thirdparty.io.netty.channel.socket.nio.NioSocketChannel.doFinishConnect(NioSocketChannel.java:327)
	at org.apache.ratis.thirdparty.io.netty.channel.nio.AbstractNioChannel$AbstractNioUnsafe.finishConnect(AbstractNioChannel.java:340)
	at org.apache.ratis.thirdparty.io.netty.channel.nio.NioEventLoop.processSelectedKey(NioEventLoop.java:632)
	at org.apache.ratis.thirdparty.io.netty.channel.nio.NioEventLoop.processSelectedKeysOptimized(NioEventLoop.java:579)
	at org.apache.ratis.thirdparty.io.netty.channel.nio.NioEventLoop.processSelectedKeys(NioEventLoop.java:496)
	at org.apache.ratis.thirdparty.io.netty.channel.nio.NioEventLoop.run(NioEventLoop.java:458)
	at org.apache.ratis.thirdparty.io.netty.util.concurrent.SingleThreadEventExecutor$5.run(SingleThreadEventExecutor.java:897)
	at org.apache.ratis.thirdparty.io.netty.util.concurrent.FastThreadLocalRunnable.run(FastThreadLocalRunnable.java:30)
	... 1 more
Caused by: java.net.ConnectException: Connection refused
	... 11 more
2019-10-16 21:02:17,170 [4b287a15-77af-487b-aef7-34d1d0ee189f@group-83C26644CFDA-LeaderElection423] INFO  impl.LeaderElection (LogUtils.java:infoOrTrace(149)) - 4b287a15-77af-487b-aef7-34d1d0ee189f@group-83C26644CFDA-LeaderElection423 got exception when requesting votes: {}
java.util.concurrent.ExecutionException: org.apache.ratis.thirdparty.io.grpc.StatusRuntimeException: UNAVAILABLE: io exception
	at java.util.concurrent.FutureTask.report(FutureTask.java:122)
	at java.util.concurrent.FutureTask.get(FutureTask.java:192)
	at org.apache.ratis.server.impl.LeaderElection.waitForResults(LeaderElection.java:259)
	at org.apache.ratis.server.impl.LeaderElection.askForVotes(LeaderElection.java:197)
	at org.apache.ratis.server.impl.LeaderElection.run(LeaderElection.java:133)
	at java.lang.Thread.run(Thread.java:748)
Caused by: org.apache.ratis.thirdparty.io.grpc.StatusRuntimeException: UNAVAILABLE: io exception
	at org.apache.ratis.thirdparty.io.grpc.stub.ClientCalls.toStatusRuntimeException(ClientCalls.java:233)
	at org.apache.ratis.thirdparty.io.grpc.stub.ClientCalls.getUnchecked(ClientCalls.java:214)
	at org.apache.ratis.thirdparty.io.grpc.stub.ClientCalls.blockingUnaryCall(ClientCalls.java:139)
	at org.apache.ratis.proto.grpc.RaftServerProtocolServiceGrpc$RaftServerProtocolServiceBlockingStub.requestVote(RaftServerProtocolServiceGrpc.java:265)
	at org.apache.ratis.grpc.server.GrpcServerProtocolClient.requestVote(GrpcServerProtocolClient.java:99)
	at org.apache.ratis.grpc.server.GrpcService.requestVote(GrpcService.java:204)
	at org.apache.ratis.server.impl.LeaderElection.lambda$submitRequests$1(LeaderElection.java:234)
	at java.util.concurrent.FutureTask.run(FutureTask.java:266)
	at java.util.concurrent.Executors$RunnableAdapter.call(Executors.java:511)
	at java.util.concurrent.FutureTask.run(FutureTask.java:266)
	at java.util.concurrent.ThreadPoolExecutor.runWorker(ThreadPoolExecutor.java:1149)
	at java.util.concurrent.ThreadPoolExecutor$Worker.run(ThreadPoolExecutor.java:624)
	... 1 more
Caused by: org.apache.ratis.thirdparty.io.netty.channel.AbstractChannel$AnnotatedConnectException: Connection refused: /192.168.34.38:45833
	at sun.nio.ch.SocketChannelImpl.checkConnect(Native Method)
	at sun.nio.ch.SocketChannelImpl.finishConnect(SocketChannelImpl.java:717)
	at org.apache.ratis.thirdparty.io.netty.channel.socket.nio.NioSocketChannel.doFinishConnect(NioSocketChannel.java:327)
	at org.apache.ratis.thirdparty.io.netty.channel.nio.AbstractNioChannel$AbstractNioUnsafe.finishConnect(AbstractNioChannel.java:340)
	at org.apache.ratis.thirdparty.io.netty.channel.nio.NioEventLoop.processSelectedKey(NioEventLoop.java:632)
	at org.apache.ratis.thirdparty.io.netty.channel.nio.NioEventLoop.processSelectedKeysOptimized(NioEventLoop.java:579)
	at org.apache.ratis.thirdparty.io.netty.channel.nio.NioEventLoop.processSelectedKeys(NioEventLoop.java:496)
	at org.apache.ratis.thirdparty.io.netty.channel.nio.NioEventLoop.run(NioEventLoop.java:458)
	at org.apache.ratis.thirdparty.io.netty.util.concurrent.SingleThreadEventExecutor$5.run(SingleThreadEventExecutor.java:897)
	at org.apache.ratis.thirdparty.io.netty.util.concurrent.FastThreadLocalRunnable.run(FastThreadLocalRunnable.java:30)
	... 1 more
Caused by: java.net.ConnectException: Connection refused
	... 11 more
2019-10-16 21:02:17,172 [4b287a15-77af-487b-aef7-34d1d0ee189f@group-83C26644CFDA-LeaderElection423] INFO  impl.LeaderElection (LeaderElection.java:logAndReturn(56)) - 4b287a15-77af-487b-aef7-34d1d0ee189f@group-83C26644CFDA-LeaderElection423: Election REJECTED; received 0 response(s) [] and 2 exception(s); 4b287a15-77af-487b-aef7-34d1d0ee189f@group-83C26644CFDA:t449, leader=null, voted=4b287a15-77af-487b-aef7-34d1d0ee189f, raftlog=4b287a15-77af-487b-aef7-34d1d0ee189f@group-83C26644CFDA-SegmentedRaftLog:OPENED:c-1,f-1,i0, conf=-1: [4b287a15-77af-487b-aef7-34d1d0ee189f:192.168.34.38:38597, 0aa3649f-570d-46c6-937f-492d7f3a8364:192.168.34.38:33209, 4a03179f-3169-4ac7-a075-259968512ef0:192.168.34.38:45833], old=null
2019-10-16 21:02:17,172 [4b287a15-77af-487b-aef7-34d1d0ee189f@group-83C26644CFDA-LeaderElection423] INFO  impl.LeaderElection (LogUtils.java:infoOrTrace(149)) -   Exception 0: {}
java.util.concurrent.ExecutionException: org.apache.ratis.thirdparty.io.grpc.StatusRuntimeException: UNAVAILABLE: io exception
	at java.util.concurrent.FutureTask.report(FutureTask.java:122)
	at java.util.concurrent.FutureTask.get(FutureTask.java:192)
	at org.apache.ratis.server.impl.LeaderElection.waitForResults(LeaderElection.java:259)
	at org.apache.ratis.server.impl.LeaderElection.askForVotes(LeaderElection.java:197)
	at org.apache.ratis.server.impl.LeaderElection.run(LeaderElection.java:133)
	at java.lang.Thread.run(Thread.java:748)
Caused by: org.apache.ratis.thirdparty.io.grpc.StatusRuntimeException: UNAVAILABLE: io exception
	at org.apache.ratis.thirdparty.io.grpc.stub.ClientCalls.toStatusRuntimeException(ClientCalls.java:233)
	at org.apache.ratis.thirdparty.io.grpc.stub.ClientCalls.getUnchecked(ClientCalls.java:214)
	at org.apache.ratis.thirdparty.io.grpc.stub.ClientCalls.blockingUnaryCall(ClientCalls.java:139)
	at org.apache.ratis.proto.grpc.RaftServerProtocolServiceGrpc$RaftServerProtocolServiceBlockingStub.requestVote(RaftServerProtocolServiceGrpc.java:265)
	at org.apache.ratis.grpc.server.GrpcServerProtocolClient.requestVote(GrpcServerProtocolClient.java:99)
	at org.apache.ratis.grpc.server.GrpcService.requestVote(GrpcService.java:204)
	at org.apache.ratis.server.impl.LeaderElection.lambda$submitRequests$1(LeaderElection.java:234)
	at java.util.concurrent.FutureTask.run(FutureTask.java:266)
	at java.util.concurrent.Executors$RunnableAdapter.call(Executors.java:511)
	at java.util.concurrent.FutureTask.run(FutureTask.java:266)
	at java.util.concurrent.ThreadPoolExecutor.runWorker(ThreadPoolExecutor.java:1149)
	at java.util.concurrent.ThreadPoolExecutor$Worker.run(ThreadPoolExecutor.java:624)
	... 1 more
Caused by: org.apache.ratis.thirdparty.io.netty.channel.AbstractChannel$AnnotatedConnectException: Connection refused: /192.168.34.38:33209
	at sun.nio.ch.SocketChannelImpl.checkConnect(Native Method)
	at sun.nio.ch.SocketChannelImpl.finishConnect(SocketChannelImpl.java:717)
	at org.apache.ratis.thirdparty.io.netty.channel.socket.nio.NioSocketChannel.doFinishConnect(NioSocketChannel.java:327)
	at org.apache.ratis.thirdparty.io.netty.channel.nio.AbstractNioChannel$AbstractNioUnsafe.finishConnect(AbstractNioChannel.java:340)
	at org.apache.ratis.thirdparty.io.netty.channel.nio.NioEventLoop.processSelectedKey(NioEventLoop.java:632)
	at org.apache.ratis.thirdparty.io.netty.channel.nio.NioEventLoop.processSelectedKeysOptimized(NioEventLoop.java:579)
	at org.apache.ratis.thirdparty.io.netty.channel.nio.NioEventLoop.processSelectedKeys(NioEventLoop.java:496)
	at org.apache.ratis.thirdparty.io.netty.channel.nio.NioEventLoop.run(NioEventLoop.java:458)
	at org.apache.ratis.thirdparty.io.netty.util.concurrent.SingleThreadEventExecutor$5.run(SingleThreadEventExecutor.java:897)
	at org.apache.ratis.thirdparty.io.netty.util.concurrent.FastThreadLocalRunnable.run(FastThreadLocalRunnable.java:30)
	... 1 more
Caused by: java.net.ConnectException: Connection refused
	... 11 more
2019-10-16 21:02:17,172 [4b287a15-77af-487b-aef7-34d1d0ee189f@group-83C26644CFDA-LeaderElection423] INFO  impl.LeaderElection (LogUtils.java:infoOrTrace(149)) -   Exception 1: {}
java.util.concurrent.ExecutionException: org.apache.ratis.thirdparty.io.grpc.StatusRuntimeException: UNAVAILABLE: io exception
	at java.util.concurrent.FutureTask.report(FutureTask.java:122)
	at java.util.concurrent.FutureTask.get(FutureTask.java:192)
	at org.apache.ratis.server.impl.LeaderElection.waitForResults(LeaderElection.java:259)
	at org.apache.ratis.server.impl.LeaderElection.askForVotes(LeaderElection.java:197)
	at org.apache.ratis.server.impl.LeaderElection.run(LeaderElection.java:133)
	at java.lang.Thread.run(Thread.java:748)
Caused by: org.apache.ratis.thirdparty.io.grpc.StatusRuntimeException: UNAVAILABLE: io exception
	at org.apache.ratis.thirdparty.io.grpc.stub.ClientCalls.toStatusRuntimeException(ClientCalls.java:233)
	at org.apache.ratis.thirdparty.io.grpc.stub.ClientCalls.getUnchecked(ClientCalls.java:214)
	at org.apache.ratis.thirdparty.io.grpc.stub.ClientCalls.blockingUnaryCall(ClientCalls.java:139)
	at org.apache.ratis.proto.grpc.RaftServerProtocolServiceGrpc$RaftServerProtocolServiceBlockingStub.requestVote(RaftServerProtocolServiceGrpc.java:265)
	at org.apache.ratis.grpc.server.GrpcServerProtocolClient.requestVote(GrpcServerProtocolClient.java:99)
	at org.apache.ratis.grpc.server.GrpcService.requestVote(GrpcService.java:204)
	at org.apache.ratis.server.impl.LeaderElection.lambda$submitRequests$1(LeaderElection.java:234)
	at java.util.concurrent.FutureTask.run(FutureTask.java:266)
	at java.util.concurrent.Executors$RunnableAdapter.call(Executors.java:511)
	at java.util.concurrent.FutureTask.run(FutureTask.java:266)
	at java.util.concurrent.ThreadPoolExecutor.runWorker(ThreadPoolExecutor.java:1149)
	at java.util.concurrent.ThreadPoolExecutor$Worker.run(ThreadPoolExecutor.java:624)
	... 1 more
Caused by: org.apache.ratis.thirdparty.io.netty.channel.AbstractChannel$AnnotatedConnectException: Connection refused: /192.168.34.38:45833
	at sun.nio.ch.SocketChannelImpl.checkConnect(Native Method)
	at sun.nio.ch.SocketChannelImpl.finishConnect(SocketChannelImpl.java:717)
	at org.apache.ratis.thirdparty.io.netty.channel.socket.nio.NioSocketChannel.doFinishConnect(NioSocketChannel.java:327)
	at org.apache.ratis.thirdparty.io.netty.channel.nio.AbstractNioChannel$AbstractNioUnsafe.finishConnect(AbstractNioChannel.java:340)
	at org.apache.ratis.thirdparty.io.netty.channel.nio.NioEventLoop.processSelectedKey(NioEventLoop.java:632)
	at org.apache.ratis.thirdparty.io.netty.channel.nio.NioEventLoop.processSelectedKeysOptimized(NioEventLoop.java:579)
	at org.apache.ratis.thirdparty.io.netty.channel.nio.NioEventLoop.processSelectedKeys(NioEventLoop.java:496)
	at org.apache.ratis.thirdparty.io.netty.channel.nio.NioEventLoop.run(NioEventLoop.java:458)
	at org.apache.ratis.thirdparty.io.netty.util.concurrent.SingleThreadEventExecutor$5.run(SingleThreadEventExecutor.java:897)
	at org.apache.ratis.thirdparty.io.netty.util.concurrent.FastThreadLocalRunnable.run(FastThreadLocalRunnable.java:30)
	... 1 more
Caused by: java.net.ConnectException: Connection refused
	... 11 more
2019-10-16 21:02:17,173 [4b287a15-77af-487b-aef7-34d1d0ee189f@group-83C26644CFDA-LeaderElection423] INFO  impl.RaftServerImpl (RaftServerImpl.java:setRole(184)) - 4b287a15-77af-487b-aef7-34d1d0ee189f@group-83C26644CFDA: changes role from CANDIDATE to FOLLOWER at term 449 for DISCOVERED_A_NEW_TERM
2019-10-16 21:02:17,173 [4b287a15-77af-487b-aef7-34d1d0ee189f@group-83C26644CFDA-LeaderElection423] INFO  impl.RoleInfo (RoleInfo.java:shutdownLeaderElection(134)) - 4b287a15-77af-487b-aef7-34d1d0ee189f: shutdown LeaderElection
2019-10-16 21:02:17,173 [4b287a15-77af-487b-aef7-34d1d0ee189f@group-83C26644CFDA-LeaderElection423] INFO  impl.RoleInfo (RoleInfo.java:updateAndGet(143)) - 4b287a15-77af-487b-aef7-34d1d0ee189f: start FollowerState
2019-10-16 21:02:17,199 [Thread-2944] INFO  impl.FollowerState (FollowerState.java:run(108)) - 4b287a15-77af-487b-aef7-34d1d0ee189f@group-83C26644CFDA-FollowerState: change to CANDIDATE, lastRpcTime:25ms, electionTimeout:25ms
2019-10-16 21:02:17,199 [Thread-2944] INFO  impl.RoleInfo (RoleInfo.java:shutdownFollowerState(121)) - 4b287a15-77af-487b-aef7-34d1d0ee189f: shutdown FollowerState
2019-10-16 21:02:17,199 [Thread-2944] INFO  impl.RaftServerImpl (RaftServerImpl.java:setRole(184)) - 4b287a15-77af-487b-aef7-34d1d0ee189f@group-83C26644CFDA: changes role from  FOLLOWER to CANDIDATE at term 449 for changeToCandidate
2019-10-16 21:02:17,199 [Thread-2944] INFO  impl.RoleInfo (RoleInfo.java:updateAndGet(143)) - 4b287a15-77af-487b-aef7-34d1d0ee189f: start LeaderElection
2019-10-16 21:02:17,213 [4b287a15-77af-487b-aef7-34d1d0ee189f@group-83C26644CFDA-LeaderElection424] INFO  impl.LeaderElection (LeaderElection.java:askForVotes(178)) - 4b287a15-77af-487b-aef7-34d1d0ee189f@group-83C26644CFDA-LeaderElection424: begin an election at term 450 for -1: [4b287a15-77af-487b-aef7-34d1d0ee189f:192.168.34.38:38597, 0aa3649f-570d-46c6-937f-492d7f3a8364:192.168.34.38:33209, 4a03179f-3169-4ac7-a075-259968512ef0:192.168.34.38:45833], old=null
2019-10-16 21:02:17,214 [4b287a15-77af-487b-aef7-34d1d0ee189f@group-83C26644CFDA-LeaderElection424] INFO  impl.LeaderElection (LogUtils.java:infoOrTrace(149)) - 4b287a15-77af-487b-aef7-34d1d0ee189f@group-83C26644CFDA-LeaderElection424 got exception when requesting votes: {}
java.util.concurrent.ExecutionException: org.apache.ratis.thirdparty.io.grpc.StatusRuntimeException: UNAVAILABLE: io exception
	at java.util.concurrent.FutureTask.report(FutureTask.java:122)
	at java.util.concurrent.FutureTask.get(FutureTask.java:192)
	at org.apache.ratis.server.impl.LeaderElection.waitForResults(LeaderElection.java:259)
	at org.apache.ratis.server.impl.LeaderElection.askForVotes(LeaderElection.java:197)
	at org.apache.ratis.server.impl.LeaderElection.run(LeaderElection.java:133)
	at java.lang.Thread.run(Thread.java:748)
Caused by: org.apache.ratis.thirdparty.io.grpc.StatusRuntimeException: UNAVAILABLE: io exception
	at org.apache.ratis.thirdparty.io.grpc.stub.ClientCalls.toStatusRuntimeException(ClientCalls.java:233)
	at org.apache.ratis.thirdparty.io.grpc.stub.ClientCalls.getUnchecked(ClientCalls.java:214)
	at org.apache.ratis.thirdparty.io.grpc.stub.ClientCalls.blockingUnaryCall(ClientCalls.java:139)
	at org.apache.ratis.proto.grpc.RaftServerProtocolServiceGrpc$RaftServerProtocolServiceBlockingStub.requestVote(RaftServerProtocolServiceGrpc.java:265)
	at org.apache.ratis.grpc.server.GrpcServerProtocolClient.requestVote(GrpcServerProtocolClient.java:99)
	at org.apache.ratis.grpc.server.GrpcService.requestVote(GrpcService.java:204)
	at org.apache.ratis.server.impl.LeaderElection.lambda$submitRequests$1(LeaderElection.java:234)
	at java.util.concurrent.FutureTask.run(FutureTask.java:266)
	at java.util.concurrent.Executors$RunnableAdapter.call(Executors.java:511)
	at java.util.concurrent.FutureTask.run(FutureTask.java:266)
	at java.util.concurrent.ThreadPoolExecutor.runWorker(ThreadPoolExecutor.java:1149)
	at java.util.concurrent.ThreadPoolExecutor$Worker.run(ThreadPoolExecutor.java:624)
	... 1 more
Caused by: org.apache.ratis.thirdparty.io.netty.channel.AbstractChannel$AnnotatedConnectException: Connection refused: /192.168.34.38:33209
	at sun.nio.ch.SocketChannelImpl.checkConnect(Native Method)
	at sun.nio.ch.SocketChannelImpl.finishConnect(SocketChannelImpl.java:717)
	at org.apache.ratis.thirdparty.io.netty.channel.socket.nio.NioSocketChannel.doFinishConnect(NioSocketChannel.java:327)
	at org.apache.ratis.thirdparty.io.netty.channel.nio.AbstractNioChannel$AbstractNioUnsafe.finishConnect(AbstractNioChannel.java:340)
	at org.apache.ratis.thirdparty.io.netty.channel.nio.NioEventLoop.processSelectedKey(NioEventLoop.java:632)
	at org.apache.ratis.thirdparty.io.netty.channel.nio.NioEventLoop.processSelectedKeysOptimized(NioEventLoop.java:579)
	at org.apache.ratis.thirdparty.io.netty.channel.nio.NioEventLoop.processSelectedKeys(NioEventLoop.java:496)
	at org.apache.ratis.thirdparty.io.netty.channel.nio.NioEventLoop.run(NioEventLoop.java:458)
	at org.apache.ratis.thirdparty.io.netty.util.concurrent.SingleThreadEventExecutor$5.run(SingleThreadEventExecutor.java:897)
	at org.apache.ratis.thirdparty.io.netty.util.concurrent.FastThreadLocalRunnable.run(FastThreadLocalRunnable.java:30)
	... 1 more
Caused by: java.net.ConnectException: Connection refused
	... 11 more
2019-10-16 21:02:17,215 [4b287a15-77af-487b-aef7-34d1d0ee189f@group-83C26644CFDA-LeaderElection424] INFO  impl.LeaderElection (LogUtils.java:infoOrTrace(149)) - 4b287a15-77af-487b-aef7-34d1d0ee189f@group-83C26644CFDA-LeaderElection424 got exception when requesting votes: {}
java.util.concurrent.ExecutionException: org.apache.ratis.thirdparty.io.grpc.StatusRuntimeException: UNAVAILABLE: io exception
	at java.util.concurrent.FutureTask.report(FutureTask.java:122)
	at java.util.concurrent.FutureTask.get(FutureTask.java:192)
	at org.apache.ratis.server.impl.LeaderElection.waitForResults(LeaderElection.java:259)
	at org.apache.ratis.server.impl.LeaderElection.askForVotes(LeaderElection.java:197)
	at org.apache.ratis.server.impl.LeaderElection.run(LeaderElection.java:133)
	at java.lang.Thread.run(Thread.java:748)
Caused by: org.apache.ratis.thirdparty.io.grpc.StatusRuntimeException: UNAVAILABLE: io exception
	at org.apache.ratis.thirdparty.io.grpc.stub.ClientCalls.toStatusRuntimeException(ClientCalls.java:233)
	at org.apache.ratis.thirdparty.io.grpc.stub.ClientCalls.getUnchecked(ClientCalls.java:214)
	at org.apache.ratis.thirdparty.io.grpc.stub.ClientCalls.blockingUnaryCall(ClientCalls.java:139)
	at org.apache.ratis.proto.grpc.RaftServerProtocolServiceGrpc$RaftServerProtocolServiceBlockingStub.requestVote(RaftServerProtocolServiceGrpc.java:265)
	at org.apache.ratis.grpc.server.GrpcServerProtocolClient.requestVote(GrpcServerProtocolClient.java:99)
	at org.apache.ratis.grpc.server.GrpcService.requestVote(GrpcService.java:204)
	at org.apache.ratis.server.impl.LeaderElection.lambda$submitRequests$1(LeaderElection.java:234)
	at java.util.concurrent.FutureTask.run(FutureTask.java:266)
	at java.util.concurrent.Executors$RunnableAdapter.call(Executors.java:511)
	at java.util.concurrent.FutureTask.run(FutureTask.java:266)
	at java.util.concurrent.ThreadPoolExecutor.runWorker(ThreadPoolExecutor.java:1149)
	at java.util.concurrent.ThreadPoolExecutor$Worker.run(ThreadPoolExecutor.java:624)
	... 1 more
Caused by: org.apache.ratis.thirdparty.io.netty.channel.AbstractChannel$AnnotatedConnectException: Connection refused: /192.168.34.38:45833
	at sun.nio.ch.SocketChannelImpl.checkConnect(Native Method)
	at sun.nio.ch.SocketChannelImpl.finishConnect(SocketChannelImpl.java:717)
	at org.apache.ratis.thirdparty.io.netty.channel.socket.nio.NioSocketChannel.doFinishConnect(NioSocketChannel.java:327)
	at org.apache.ratis.thirdparty.io.netty.channel.nio.AbstractNioChannel$AbstractNioUnsafe.finishConnect(AbstractNioChannel.java:340)
	at org.apache.ratis.thirdparty.io.netty.channel.nio.NioEventLoop.processSelectedKey(NioEventLoop.java:632)
	at org.apache.ratis.thirdparty.io.netty.channel.nio.NioEventLoop.processSelectedKeysOptimized(NioEventLoop.java:579)
	at org.apache.ratis.thirdparty.io.netty.channel.nio.NioEventLoop.processSelectedKeys(NioEventLoop.java:496)
	at org.apache.ratis.thirdparty.io.netty.channel.nio.NioEventLoop.run(NioEventLoop.java:458)
	at org.apache.ratis.thirdparty.io.netty.util.concurrent.SingleThreadEventExecutor$5.run(SingleThreadEventExecutor.java:897)
	at org.apache.ratis.thirdparty.io.netty.util.concurrent.FastThreadLocalRunnable.run(FastThreadLocalRunnable.java:30)
	... 1 more
Caused by: java.net.ConnectException: Connection refused
	... 11 more
2019-10-16 21:02:17,216 [4b287a15-77af-487b-aef7-34d1d0ee189f@group-83C26644CFDA-LeaderElection424] INFO  impl.LeaderElection (LeaderElection.java:logAndReturn(56)) - 4b287a15-77af-487b-aef7-34d1d0ee189f@group-83C26644CFDA-LeaderElection424: Election REJECTED; received 0 response(s) [] and 2 exception(s); 4b287a15-77af-487b-aef7-34d1d0ee189f@group-83C26644CFDA:t450, leader=null, voted=4b287a15-77af-487b-aef7-34d1d0ee189f, raftlog=4b287a15-77af-487b-aef7-34d1d0ee189f@group-83C26644CFDA-SegmentedRaftLog:OPENED:c-1,f-1,i0, conf=-1: [4b287a15-77af-487b-aef7-34d1d0ee189f:192.168.34.38:38597, 0aa3649f-570d-46c6-937f-492d7f3a8364:192.168.34.38:33209, 4a03179f-3169-4ac7-a075-259968512ef0:192.168.34.38:45833], old=null
2019-10-16 21:02:17,216 [4b287a15-77af-487b-aef7-34d1d0ee189f@group-83C26644CFDA-LeaderElection424] INFO  impl.LeaderElection (LogUtils.java:infoOrTrace(149)) -   Exception 0: {}
java.util.concurrent.ExecutionException: org.apache.ratis.thirdparty.io.grpc.StatusRuntimeException: UNAVAILABLE: io exception
	at java.util.concurrent.FutureTask.report(FutureTask.java:122)
	at java.util.concurrent.FutureTask.get(FutureTask.java:192)
	at org.apache.ratis.server.impl.LeaderElection.waitForResults(LeaderElection.java:259)
	at org.apache.ratis.server.impl.LeaderElection.askForVotes(LeaderElection.java:197)
	at org.apache.ratis.server.impl.LeaderElection.run(LeaderElection.java:133)
	at java.lang.Thread.run(Thread.java:748)
Caused by: org.apache.ratis.thirdparty.io.grpc.StatusRuntimeException: UNAVAILABLE: io exception
	at org.apache.ratis.thirdparty.io.grpc.stub.ClientCalls.toStatusRuntimeException(ClientCalls.java:233)
	at org.apache.ratis.thirdparty.io.grpc.stub.ClientCalls.getUnchecked(ClientCalls.java:214)
	at org.apache.ratis.thirdparty.io.grpc.stub.ClientCalls.blockingUnaryCall(ClientCalls.java:139)
	at org.apache.ratis.proto.grpc.RaftServerProtocolServiceGrpc$RaftServerProtocolServiceBlockingStub.requestVote(RaftServerProtocolServiceGrpc.java:265)
	at org.apache.ratis.grpc.server.GrpcServerProtocolClient.requestVote(GrpcServerProtocolClient.java:99)
	at org.apache.ratis.grpc.server.GrpcService.requestVote(GrpcService.java:204)
	at org.apache.ratis.server.impl.LeaderElection.lambda$submitRequests$1(LeaderElection.java:234)
	at java.util.concurrent.FutureTask.run(FutureTask.java:266)
	at java.util.concurrent.Executors$RunnableAdapter.call(Executors.java:511)
	at java.util.concurrent.FutureTask.run(FutureTask.java:266)
	at java.util.concurrent.ThreadPoolExecutor.runWorker(ThreadPoolExecutor.java:1149)
	at java.util.concurrent.ThreadPoolExecutor$Worker.run(ThreadPoolExecutor.java:624)
	... 1 more
Caused by: org.apache.ratis.thirdparty.io.netty.channel.AbstractChannel$AnnotatedConnectException: Connection refused: /192.168.34.38:33209
	at sun.nio.ch.SocketChannelImpl.checkConnect(Native Method)
	at sun.nio.ch.SocketChannelImpl.finishConnect(SocketChannelImpl.java:717)
	at org.apache.ratis.thirdparty.io.netty.channel.socket.nio.NioSocketChannel.doFinishConnect(NioSocketChannel.java:327)
	at org.apache.ratis.thirdparty.io.netty.channel.nio.AbstractNioChannel$AbstractNioUnsafe.finishConnect(AbstractNioChannel.java:340)
	at org.apache.ratis.thirdparty.io.netty.channel.nio.NioEventLoop.processSelectedKey(NioEventLoop.java:632)
	at org.apache.ratis.thirdparty.io.netty.channel.nio.NioEventLoop.processSelectedKeysOptimized(NioEventLoop.java:579)
	at org.apache.ratis.thirdparty.io.netty.channel.nio.NioEventLoop.processSelectedKeys(NioEventLoop.java:496)
	at org.apache.ratis.thirdparty.io.netty.channel.nio.NioEventLoop.run(NioEventLoop.java:458)
	at org.apache.ratis.thirdparty.io.netty.util.concurrent.SingleThreadEventExecutor$5.run(SingleThreadEventExecutor.java:897)
	at org.apache.ratis.thirdparty.io.netty.util.concurrent.FastThreadLocalRunnable.run(FastThreadLocalRunnable.java:30)
	... 1 more
Caused by: java.net.ConnectException: Connection refused
	... 11 more
2019-10-16 21:02:17,216 [4b287a15-77af-487b-aef7-34d1d0ee189f@group-83C26644CFDA-LeaderElection424] INFO  impl.LeaderElection (LogUtils.java:infoOrTrace(149)) -   Exception 1: {}
java.util.concurrent.ExecutionException: org.apache.ratis.thirdparty.io.grpc.StatusRuntimeException: UNAVAILABLE: io exception
	at java.util.concurrent.FutureTask.report(FutureTask.java:122)
	at java.util.concurrent.FutureTask.get(FutureTask.java:192)
	at org.apache.ratis.server.impl.LeaderElection.waitForResults(LeaderElection.java:259)
	at org.apache.ratis.server.impl.LeaderElection.askForVotes(LeaderElection.java:197)
	at org.apache.ratis.server.impl.LeaderElection.run(LeaderElection.java:133)
	at java.lang.Thread.run(Thread.java:748)
Caused by: org.apache.ratis.thirdparty.io.grpc.StatusRuntimeException: UNAVAILABLE: io exception
	at org.apache.ratis.thirdparty.io.grpc.stub.ClientCalls.toStatusRuntimeException(ClientCalls.java:233)
	at org.apache.ratis.thirdparty.io.grpc.stub.ClientCalls.getUnchecked(ClientCalls.java:214)
	at org.apache.ratis.thirdparty.io.grpc.stub.ClientCalls.blockingUnaryCall(ClientCalls.java:139)
	at org.apache.ratis.proto.grpc.RaftServerProtocolServiceGrpc$RaftServerProtocolServiceBlockingStub.requestVote(RaftServerProtocolServiceGrpc.java:265)
	at org.apache.ratis.grpc.server.GrpcServerProtocolClient.requestVote(GrpcServerProtocolClient.java:99)
	at org.apache.ratis.grpc.server.GrpcService.requestVote(GrpcService.java:204)
	at org.apache.ratis.server.impl.LeaderElection.lambda$submitRequests$1(LeaderElection.java:234)
	at java.util.concurrent.FutureTask.run(FutureTask.java:266)
	at java.util.concurrent.Executors$RunnableAdapter.call(Executors.java:511)
	at java.util.concurrent.FutureTask.run(FutureTask.java:266)
	at java.util.concurrent.ThreadPoolExecutor.runWorker(ThreadPoolExecutor.java:1149)
	at java.util.concurrent.ThreadPoolExecutor$Worker.run(ThreadPoolExecutor.java:624)
	... 1 more
Caused by: org.apache.ratis.thirdparty.io.netty.channel.AbstractChannel$AnnotatedConnectException: Connection refused: /192.168.34.38:45833
	at sun.nio.ch.SocketChannelImpl.checkConnect(Native Method)
	at sun.nio.ch.SocketChannelImpl.finishConnect(SocketChannelImpl.java:717)
	at org.apache.ratis.thirdparty.io.netty.channel.socket.nio.NioSocketChannel.doFinishConnect(NioSocketChannel.java:327)
	at org.apache.ratis.thirdparty.io.netty.channel.nio.AbstractNioChannel$AbstractNioUnsafe.finishConnect(AbstractNioChannel.java:340)
	at org.apache.ratis.thirdparty.io.netty.channel.nio.NioEventLoop.processSelectedKey(NioEventLoop.java:632)
	at org.apache.ratis.thirdparty.io.netty.channel.nio.NioEventLoop.processSelectedKeysOptimized(NioEventLoop.java:579)
	at org.apache.ratis.thirdparty.io.netty.channel.nio.NioEventLoop.processSelectedKeys(NioEventLoop.java:496)
	at org.apache.ratis.thirdparty.io.netty.channel.nio.NioEventLoop.run(NioEventLoop.java:458)
	at org.apache.ratis.thirdparty.io.netty.util.concurrent.SingleThreadEventExecutor$5.run(SingleThreadEventExecutor.java:897)
	at org.apache.ratis.thirdparty.io.netty.util.concurrent.FastThreadLocalRunnable.run(FastThreadLocalRunnable.java:30)
	... 1 more
Caused by: java.net.ConnectException: Connection refused
	... 11 more
2019-10-16 21:02:17,217 [4b287a15-77af-487b-aef7-34d1d0ee189f@group-83C26644CFDA-LeaderElection424] INFO  impl.RaftServerImpl (RaftServerImpl.java:setRole(184)) - 4b287a15-77af-487b-aef7-34d1d0ee189f@group-83C26644CFDA: changes role from CANDIDATE to FOLLOWER at term 450 for DISCOVERED_A_NEW_TERM
2019-10-16 21:02:17,217 [4b287a15-77af-487b-aef7-34d1d0ee189f@group-83C26644CFDA-LeaderElection424] INFO  impl.RoleInfo (RoleInfo.java:shutdownLeaderElection(134)) - 4b287a15-77af-487b-aef7-34d1d0ee189f: shutdown LeaderElection
2019-10-16 21:02:17,217 [4b287a15-77af-487b-aef7-34d1d0ee189f@group-83C26644CFDA-LeaderElection424] INFO  impl.RoleInfo (RoleInfo.java:updateAndGet(143)) - 4b287a15-77af-487b-aef7-34d1d0ee189f: start FollowerState
2019-10-16 21:02:17,346 [Thread-2948] INFO  impl.FollowerState (FollowerState.java:run(108)) - 4b287a15-77af-487b-aef7-34d1d0ee189f@group-83C26644CFDA-FollowerState: change to CANDIDATE, lastRpcTime:129ms, electionTimeout:129ms
2019-10-16 21:02:17,347 [Thread-2948] INFO  impl.RoleInfo (RoleInfo.java:shutdownFollowerState(121)) - 4b287a15-77af-487b-aef7-34d1d0ee189f: shutdown FollowerState
2019-10-16 21:02:17,347 [Thread-2948] INFO  impl.RaftServerImpl (RaftServerImpl.java:setRole(184)) - 4b287a15-77af-487b-aef7-34d1d0ee189f@group-83C26644CFDA: changes role from  FOLLOWER to CANDIDATE at term 450 for changeToCandidate
2019-10-16 21:02:17,347 [Thread-2948] INFO  impl.RoleInfo (RoleInfo.java:updateAndGet(143)) - 4b287a15-77af-487b-aef7-34d1d0ee189f: start LeaderElection
2019-10-16 21:02:17,360 [4b287a15-77af-487b-aef7-34d1d0ee189f@group-83C26644CFDA-LeaderElection425] INFO  impl.LeaderElection (LeaderElection.java:askForVotes(178)) - 4b287a15-77af-487b-aef7-34d1d0ee189f@group-83C26644CFDA-LeaderElection425: begin an election at term 451 for -1: [4b287a15-77af-487b-aef7-34d1d0ee189f:192.168.34.38:38597, 0aa3649f-570d-46c6-937f-492d7f3a8364:192.168.34.38:33209, 4a03179f-3169-4ac7-a075-259968512ef0:192.168.34.38:45833], old=null
2019-10-16 21:02:17,361 [4b287a15-77af-487b-aef7-34d1d0ee189f@group-83C26644CFDA-LeaderElection425] INFO  impl.LeaderElection (LogUtils.java:infoOrTrace(149)) - 4b287a15-77af-487b-aef7-34d1d0ee189f@group-83C26644CFDA-LeaderElection425 got exception when requesting votes: {}
java.util.concurrent.ExecutionException: org.apache.ratis.thirdparty.io.grpc.StatusRuntimeException: UNAVAILABLE: io exception
	at java.util.concurrent.FutureTask.report(FutureTask.java:122)
	at java.util.concurrent.FutureTask.get(FutureTask.java:192)
	at org.apache.ratis.server.impl.LeaderElection.waitForResults(LeaderElection.java:259)
	at org.apache.ratis.server.impl.LeaderElection.askForVotes(LeaderElection.java:197)
	at org.apache.ratis.server.impl.LeaderElection.run(LeaderElection.java:133)
	at java.lang.Thread.run(Thread.java:748)
Caused by: org.apache.ratis.thirdparty.io.grpc.StatusRuntimeException: UNAVAILABLE: io exception
	at org.apache.ratis.thirdparty.io.grpc.stub.ClientCalls.toStatusRuntimeException(ClientCalls.java:233)
	at org.apache.ratis.thirdparty.io.grpc.stub.ClientCalls.getUnchecked(ClientCalls.java:214)
	at org.apache.ratis.thirdparty.io.grpc.stub.ClientCalls.blockingUnaryCall(ClientCalls.java:139)
	at org.apache.ratis.proto.grpc.RaftServerProtocolServiceGrpc$RaftServerProtocolServiceBlockingStub.requestVote(RaftServerProtocolServiceGrpc.java:265)
	at org.apache.ratis.grpc.server.GrpcServerProtocolClient.requestVote(GrpcServerProtocolClient.java:99)
	at org.apache.ratis.grpc.server.GrpcService.requestVote(GrpcService.java:204)
	at org.apache.ratis.server.impl.LeaderElection.lambda$submitRequests$1(LeaderElection.java:234)
	at java.util.concurrent.FutureTask.run(FutureTask.java:266)
	at java.util.concurrent.Executors$RunnableAdapter.call(Executors.java:511)
	at java.util.concurrent.FutureTask.run(FutureTask.java:266)
	at java.util.concurrent.ThreadPoolExecutor.runWorker(ThreadPoolExecutor.java:1149)
	at java.util.concurrent.ThreadPoolExecutor$Worker.run(ThreadPoolExecutor.java:624)
	... 1 more
Caused by: org.apache.ratis.thirdparty.io.netty.channel.AbstractChannel$AnnotatedConnectException: Connection refused: /192.168.34.38:45833
	at sun.nio.ch.SocketChannelImpl.checkConnect(Native Method)
	at sun.nio.ch.SocketChannelImpl.finishConnect(SocketChannelImpl.java:717)
	at org.apache.ratis.thirdparty.io.netty.channel.socket.nio.NioSocketChannel.doFinishConnect(NioSocketChannel.java:327)
	at org.apache.ratis.thirdparty.io.netty.channel.nio.AbstractNioChannel$AbstractNioUnsafe.finishConnect(AbstractNioChannel.java:340)
	at org.apache.ratis.thirdparty.io.netty.channel.nio.NioEventLoop.processSelectedKey(NioEventLoop.java:632)
	at org.apache.ratis.thirdparty.io.netty.channel.nio.NioEventLoop.processSelectedKeysOptimized(NioEventLoop.java:579)
	at org.apache.ratis.thirdparty.io.netty.channel.nio.NioEventLoop.processSelectedKeys(NioEventLoop.java:496)
	at org.apache.ratis.thirdparty.io.netty.channel.nio.NioEventLoop.run(NioEventLoop.java:458)
	at org.apache.ratis.thirdparty.io.netty.util.concurrent.SingleThreadEventExecutor$5.run(SingleThreadEventExecutor.java:897)
	at org.apache.ratis.thirdparty.io.netty.util.concurrent.FastThreadLocalRunnable.run(FastThreadLocalRunnable.java:30)
	... 1 more
Caused by: java.net.ConnectException: Connection refused
	... 11 more
2019-10-16 21:02:17,363 [4b287a15-77af-487b-aef7-34d1d0ee189f@group-83C26644CFDA-LeaderElection425] INFO  impl.LeaderElection (LogUtils.java:infoOrTrace(149)) - 4b287a15-77af-487b-aef7-34d1d0ee189f@group-83C26644CFDA-LeaderElection425 got exception when requesting votes: {}
java.util.concurrent.ExecutionException: org.apache.ratis.thirdparty.io.grpc.StatusRuntimeException: UNAVAILABLE: io exception
	at java.util.concurrent.FutureTask.report(FutureTask.java:122)
	at java.util.concurrent.FutureTask.get(FutureTask.java:192)
	at org.apache.ratis.server.impl.LeaderElection.waitForResults(LeaderElection.java:259)
	at org.apache.ratis.server.impl.LeaderElection.askForVotes(LeaderElection.java:197)
	at org.apache.ratis.server.impl.LeaderElection.run(LeaderElection.java:133)
	at java.lang.Thread.run(Thread.java:748)
Caused by: org.apache.ratis.thirdparty.io.grpc.StatusRuntimeException: UNAVAILABLE: io exception
	at org.apache.ratis.thirdparty.io.grpc.stub.ClientCalls.toStatusRuntimeException(ClientCalls.java:233)
	at org.apache.ratis.thirdparty.io.grpc.stub.ClientCalls.getUnchecked(ClientCalls.java:214)
	at org.apache.ratis.thirdparty.io.grpc.stub.ClientCalls.blockingUnaryCall(ClientCalls.java:139)
	at org.apache.ratis.proto.grpc.RaftServerProtocolServiceGrpc$RaftServerProtocolServiceBlockingStub.requestVote(RaftServerProtocolServiceGrpc.java:265)
	at org.apache.ratis.grpc.server.GrpcServerProtocolClient.requestVote(GrpcServerProtocolClient.java:99)
	at org.apache.ratis.grpc.server.GrpcService.requestVote(GrpcService.java:204)
	at org.apache.ratis.server.impl.LeaderElection.lambda$submitRequests$1(LeaderElection.java:234)
	at java.util.concurrent.FutureTask.run(FutureTask.java:266)
	at java.util.concurrent.Executors$RunnableAdapter.call(Executors.java:511)
	at java.util.concurrent.FutureTask.run(FutureTask.java:266)
	at java.util.concurrent.ThreadPoolExecutor.runWorker(ThreadPoolExecutor.java:1149)
	at java.util.concurrent.ThreadPoolExecutor$Worker.run(ThreadPoolExecutor.java:624)
	... 1 more
Caused by: org.apache.ratis.thirdparty.io.netty.channel.AbstractChannel$AnnotatedConnectException: Connection refused: /192.168.34.38:33209
	at sun.nio.ch.SocketChannelImpl.checkConnect(Native Method)
	at sun.nio.ch.SocketChannelImpl.finishConnect(SocketChannelImpl.java:717)
	at org.apache.ratis.thirdparty.io.netty.channel.socket.nio.NioSocketChannel.doFinishConnect(NioSocketChannel.java:327)
	at org.apache.ratis.thirdparty.io.netty.channel.nio.AbstractNioChannel$AbstractNioUnsafe.finishConnect(AbstractNioChannel.java:340)
	at org.apache.ratis.thirdparty.io.netty.channel.nio.NioEventLoop.processSelectedKey(NioEventLoop.java:632)
	at org.apache.ratis.thirdparty.io.netty.channel.nio.NioEventLoop.processSelectedKeysOptimized(NioEventLoop.java:579)
	at org.apache.ratis.thirdparty.io.netty.channel.nio.NioEventLoop.processSelectedKeys(NioEventLoop.java:496)
	at org.apache.ratis.thirdparty.io.netty.channel.nio.NioEventLoop.run(NioEventLoop.java:458)
	at org.apache.ratis.thirdparty.io.netty.util.concurrent.SingleThreadEventExecutor$5.run(SingleThreadEventExecutor.java:897)
	at org.apache.ratis.thirdparty.io.netty.util.concurrent.FastThreadLocalRunnable.run(FastThreadLocalRunnable.java:30)
	... 1 more
Caused by: java.net.ConnectException: Connection refused
	... 11 more
2019-10-16 21:02:17,364 [4b287a15-77af-487b-aef7-34d1d0ee189f@group-83C26644CFDA-LeaderElection425] INFO  impl.LeaderElection (LeaderElection.java:logAndReturn(56)) - 4b287a15-77af-487b-aef7-34d1d0ee189f@group-83C26644CFDA-LeaderElection425: Election REJECTED; received 0 response(s) [] and 2 exception(s); 4b287a15-77af-487b-aef7-34d1d0ee189f@group-83C26644CFDA:t451, leader=null, voted=4b287a15-77af-487b-aef7-34d1d0ee189f, raftlog=4b287a15-77af-487b-aef7-34d1d0ee189f@group-83C26644CFDA-SegmentedRaftLog:OPENED:c-1,f-1,i0, conf=-1: [4b287a15-77af-487b-aef7-34d1d0ee189f:192.168.34.38:38597, 0aa3649f-570d-46c6-937f-492d7f3a8364:192.168.34.38:33209, 4a03179f-3169-4ac7-a075-259968512ef0:192.168.34.38:45833], old=null
2019-10-16 21:02:17,364 [4b287a15-77af-487b-aef7-34d1d0ee189f@group-83C26644CFDA-LeaderElection425] INFO  impl.LeaderElection (LogUtils.java:infoOrTrace(149)) -   Exception 0: {}
java.util.concurrent.ExecutionException: org.apache.ratis.thirdparty.io.grpc.StatusRuntimeException: UNAVAILABLE: io exception
	at java.util.concurrent.FutureTask.report(FutureTask.java:122)
	at java.util.concurrent.FutureTask.get(FutureTask.java:192)
	at org.apache.ratis.server.impl.LeaderElection.waitForResults(LeaderElection.java:259)
	at org.apache.ratis.server.impl.LeaderElection.askForVotes(LeaderElection.java:197)
	at org.apache.ratis.server.impl.LeaderElection.run(LeaderElection.java:133)
	at java.lang.Thread.run(Thread.java:748)
Caused by: org.apache.ratis.thirdparty.io.grpc.StatusRuntimeException: UNAVAILABLE: io exception
	at org.apache.ratis.thirdparty.io.grpc.stub.ClientCalls.toStatusRuntimeException(ClientCalls.java:233)
	at org.apache.ratis.thirdparty.io.grpc.stub.ClientCalls.getUnchecked(ClientCalls.java:214)
	at org.apache.ratis.thirdparty.io.grpc.stub.ClientCalls.blockingUnaryCall(ClientCalls.java:139)
	at org.apache.ratis.proto.grpc.RaftServerProtocolServiceGrpc$RaftServerProtocolServiceBlockingStub.requestVote(RaftServerProtocolServiceGrpc.java:265)
	at org.apache.ratis.grpc.server.GrpcServerProtocolClient.requestVote(GrpcServerProtocolClient.java:99)
	at org.apache.ratis.grpc.server.GrpcService.requestVote(GrpcService.java:204)
	at org.apache.ratis.server.impl.LeaderElection.lambda$submitRequests$1(LeaderElection.java:234)
	at java.util.concurrent.FutureTask.run(FutureTask.java:266)
	at java.util.concurrent.Executors$RunnableAdapter.call(Executors.java:511)
	at java.util.concurrent.FutureTask.run(FutureTask.java:266)
	at java.util.concurrent.ThreadPoolExecutor.runWorker(ThreadPoolExecutor.java:1149)
	at java.util.concurrent.ThreadPoolExecutor$Worker.run(ThreadPoolExecutor.java:624)
	... 1 more
Caused by: org.apache.ratis.thirdparty.io.netty.channel.AbstractChannel$AnnotatedConnectException: Connection refused: /192.168.34.38:45833
	at sun.nio.ch.SocketChannelImpl.checkConnect(Native Method)
	at sun.nio.ch.SocketChannelImpl.finishConnect(SocketChannelImpl.java:717)
	at org.apache.ratis.thirdparty.io.netty.channel.socket.nio.NioSocketChannel.doFinishConnect(NioSocketChannel.java:327)
	at org.apache.ratis.thirdparty.io.netty.channel.nio.AbstractNioChannel$AbstractNioUnsafe.finishConnect(AbstractNioChannel.java:340)
	at org.apache.ratis.thirdparty.io.netty.channel.nio.NioEventLoop.processSelectedKey(NioEventLoop.java:632)
	at org.apache.ratis.thirdparty.io.netty.channel.nio.NioEventLoop.processSelectedKeysOptimized(NioEventLoop.java:579)
	at org.apache.ratis.thirdparty.io.netty.channel.nio.NioEventLoop.processSelectedKeys(NioEventLoop.java:496)
	at org.apache.ratis.thirdparty.io.netty.channel.nio.NioEventLoop.run(NioEventLoop.java:458)
	at org.apache.ratis.thirdparty.io.netty.util.concurrent.SingleThreadEventExecutor$5.run(SingleThreadEventExecutor.java:897)
	at org.apache.ratis.thirdparty.io.netty.util.concurrent.FastThreadLocalRunnable.run(FastThreadLocalRunnable.java:30)
	... 1 more
Caused by: java.net.ConnectException: Connection refused
	... 11 more
2019-10-16 21:02:17,364 [4b287a15-77af-487b-aef7-34d1d0ee189f@group-83C26644CFDA-LeaderElection425] INFO  impl.LeaderElection (LogUtils.java:infoOrTrace(149)) -   Exception 1: {}
java.util.concurrent.ExecutionException: org.apache.ratis.thirdparty.io.grpc.StatusRuntimeException: UNAVAILABLE: io exception
	at java.util.concurrent.FutureTask.report(FutureTask.java:122)
	at java.util.concurrent.FutureTask.get(FutureTask.java:192)
	at org.apache.ratis.server.impl.LeaderElection.waitForResults(LeaderElection.java:259)
	at org.apache.ratis.server.impl.LeaderElection.askForVotes(LeaderElection.java:197)
	at org.apache.ratis.server.impl.LeaderElection.run(LeaderElection.java:133)
	at java.lang.Thread.run(Thread.java:748)
Caused by: org.apache.ratis.thirdparty.io.grpc.StatusRuntimeException: UNAVAILABLE: io exception
	at org.apache.ratis.thirdparty.io.grpc.stub.ClientCalls.toStatusRuntimeException(ClientCalls.java:233)
	at org.apache.ratis.thirdparty.io.grpc.stub.ClientCalls.getUnchecked(ClientCalls.java:214)
	at org.apache.ratis.thirdparty.io.grpc.stub.ClientCalls.blockingUnaryCall(ClientCalls.java:139)
	at org.apache.ratis.proto.grpc.RaftServerProtocolServiceGrpc$RaftServerProtocolServiceBlockingStub.requestVote(RaftServerProtocolServiceGrpc.java:265)
	at org.apache.ratis.grpc.server.GrpcServerProtocolClient.requestVote(GrpcServerProtocolClient.java:99)
	at org.apache.ratis.grpc.server.GrpcService.requestVote(GrpcService.java:204)
	at org.apache.ratis.server.impl.LeaderElection.lambda$submitRequests$1(LeaderElection.java:234)
	at java.util.concurrent.FutureTask.run(FutureTask.java:266)
	at java.util.concurrent.Executors$RunnableAdapter.call(Executors.java:511)
	at java.util.concurrent.FutureTask.run(FutureTask.java:266)
	at java.util.concurrent.ThreadPoolExecutor.runWorker(ThreadPoolExecutor.java:1149)
	at java.util.concurrent.ThreadPoolExecutor$Worker.run(ThreadPoolExecutor.java:624)
	... 1 more
Caused by: org.apache.ratis.thirdparty.io.netty.channel.AbstractChannel$AnnotatedConnectException: Connection refused: /192.168.34.38:33209
	at sun.nio.ch.SocketChannelImpl.checkConnect(Native Method)
	at sun.nio.ch.SocketChannelImpl.finishConnect(SocketChannelImpl.java:717)
	at org.apache.ratis.thirdparty.io.netty.channel.socket.nio.NioSocketChannel.doFinishConnect(NioSocketChannel.java:327)
	at org.apache.ratis.thirdparty.io.netty.channel.nio.AbstractNioChannel$AbstractNioUnsafe.finishConnect(AbstractNioChannel.java:340)
	at org.apache.ratis.thirdparty.io.netty.channel.nio.NioEventLoop.processSelectedKey(NioEventLoop.java:632)
	at org.apache.ratis.thirdparty.io.netty.channel.nio.NioEventLoop.processSelectedKeysOptimized(NioEventLoop.java:579)
	at org.apache.ratis.thirdparty.io.netty.channel.nio.NioEventLoop.processSelectedKeys(NioEventLoop.java:496)
	at org.apache.ratis.thirdparty.io.netty.channel.nio.NioEventLoop.run(NioEventLoop.java:458)
	at org.apache.ratis.thirdparty.io.netty.util.concurrent.SingleThreadEventExecutor$5.run(SingleThreadEventExecutor.java:897)
	at org.apache.ratis.thirdparty.io.netty.util.concurrent.FastThreadLocalRunnable.run(FastThreadLocalRunnable.java:30)
	... 1 more
Caused by: java.net.ConnectException: Connection refused
	... 11 more
2019-10-16 21:02:17,365 [4b287a15-77af-487b-aef7-34d1d0ee189f@group-83C26644CFDA-LeaderElection425] INFO  impl.RaftServerImpl (RaftServerImpl.java:setRole(184)) - 4b287a15-77af-487b-aef7-34d1d0ee189f@group-83C26644CFDA: changes role from CANDIDATE to FOLLOWER at term 451 for DISCOVERED_A_NEW_TERM
2019-10-16 21:02:17,365 [4b287a15-77af-487b-aef7-34d1d0ee189f@group-83C26644CFDA-LeaderElection425] INFO  impl.RoleInfo (RoleInfo.java:shutdownLeaderElection(134)) - 4b287a15-77af-487b-aef7-34d1d0ee189f: shutdown LeaderElection
2019-10-16 21:02:17,365 [4b287a15-77af-487b-aef7-34d1d0ee189f@group-83C26644CFDA-LeaderElection425] INFO  impl.RoleInfo (RoleInfo.java:updateAndGet(143)) - 4b287a15-77af-487b-aef7-34d1d0ee189f: start FollowerState
2019-10-16 21:02:17,437 [Thread-2952] INFO  impl.FollowerState (FollowerState.java:run(108)) - 4b287a15-77af-487b-aef7-34d1d0ee189f@group-83C26644CFDA-FollowerState: change to CANDIDATE, lastRpcTime:72ms, electionTimeout:72ms
2019-10-16 21:02:17,438 [Thread-2952] INFO  impl.RoleInfo (RoleInfo.java:shutdownFollowerState(121)) - 4b287a15-77af-487b-aef7-34d1d0ee189f: shutdown FollowerState
2019-10-16 21:02:17,438 [Thread-2952] INFO  impl.RaftServerImpl (RaftServerImpl.java:setRole(184)) - 4b287a15-77af-487b-aef7-34d1d0ee189f@group-83C26644CFDA: changes role from  FOLLOWER to CANDIDATE at term 451 for changeToCandidate
2019-10-16 21:02:17,438 [Thread-2952] INFO  impl.RoleInfo (RoleInfo.java:updateAndGet(143)) - 4b287a15-77af-487b-aef7-34d1d0ee189f: start LeaderElection
2019-10-16 21:02:17,449 [4b287a15-77af-487b-aef7-34d1d0ee189f@group-83C26644CFDA-LeaderElection426] INFO  impl.LeaderElection (LeaderElection.java:askForVotes(178)) - 4b287a15-77af-487b-aef7-34d1d0ee189f@group-83C26644CFDA-LeaderElection426: begin an election at term 452 for -1: [4b287a15-77af-487b-aef7-34d1d0ee189f:192.168.34.38:38597, 0aa3649f-570d-46c6-937f-492d7f3a8364:192.168.34.38:33209, 4a03179f-3169-4ac7-a075-259968512ef0:192.168.34.38:45833], old=null
2019-10-16 21:02:17,450 [4b287a15-77af-487b-aef7-34d1d0ee189f@group-83C26644CFDA-LeaderElection426] INFO  impl.LeaderElection (LogUtils.java:infoOrTrace(149)) - 4b287a15-77af-487b-aef7-34d1d0ee189f@group-83C26644CFDA-LeaderElection426 got exception when requesting votes: {}
java.util.concurrent.ExecutionException: org.apache.ratis.thirdparty.io.grpc.StatusRuntimeException: UNAVAILABLE: io exception
	at java.util.concurrent.FutureTask.report(FutureTask.java:122)
	at java.util.concurrent.FutureTask.get(FutureTask.java:192)
	at org.apache.ratis.server.impl.LeaderElection.waitForResults(LeaderElection.java:259)
	at org.apache.ratis.server.impl.LeaderElection.askForVotes(LeaderElection.java:197)
	at org.apache.ratis.server.impl.LeaderElection.run(LeaderElection.java:133)
	at java.lang.Thread.run(Thread.java:748)
Caused by: org.apache.ratis.thirdparty.io.grpc.StatusRuntimeException: UNAVAILABLE: io exception
	at org.apache.ratis.thirdparty.io.grpc.stub.ClientCalls.toStatusRuntimeException(ClientCalls.java:233)
	at org.apache.ratis.thirdparty.io.grpc.stub.ClientCalls.getUnchecked(ClientCalls.java:214)
	at org.apache.ratis.thirdparty.io.grpc.stub.ClientCalls.blockingUnaryCall(ClientCalls.java:139)
	at org.apache.ratis.proto.grpc.RaftServerProtocolServiceGrpc$RaftServerProtocolServiceBlockingStub.requestVote(RaftServerProtocolServiceGrpc.java:265)
	at org.apache.ratis.grpc.server.GrpcServerProtocolClient.requestVote(GrpcServerProtocolClient.java:99)
	at org.apache.ratis.grpc.server.GrpcService.requestVote(GrpcService.java:204)
	at org.apache.ratis.server.impl.LeaderElection.lambda$submitRequests$1(LeaderElection.java:234)
	at java.util.concurrent.FutureTask.run(FutureTask.java:266)
	at java.util.concurrent.Executors$RunnableAdapter.call(Executors.java:511)
	at java.util.concurrent.FutureTask.run(FutureTask.java:266)
	at java.util.concurrent.ThreadPoolExecutor.runWorker(ThreadPoolExecutor.java:1149)
	at java.util.concurrent.ThreadPoolExecutor$Worker.run(ThreadPoolExecutor.java:624)
	... 1 more
Caused by: org.apache.ratis.thirdparty.io.netty.channel.AbstractChannel$AnnotatedConnectException: Connection refused: /192.168.34.38:33209
	at sun.nio.ch.SocketChannelImpl.checkConnect(Native Method)
	at sun.nio.ch.SocketChannelImpl.finishConnect(SocketChannelImpl.java:717)
	at org.apache.ratis.thirdparty.io.netty.channel.socket.nio.NioSocketChannel.doFinishConnect(NioSocketChannel.java:327)
	at org.apache.ratis.thirdparty.io.netty.channel.nio.AbstractNioChannel$AbstractNioUnsafe.finishConnect(AbstractNioChannel.java:340)
	at org.apache.ratis.thirdparty.io.netty.channel.nio.NioEventLoop.processSelectedKey(NioEventLoop.java:632)
	at org.apache.ratis.thirdparty.io.netty.channel.nio.NioEventLoop.processSelectedKeysOptimized(NioEventLoop.java:579)
	at org.apache.ratis.thirdparty.io.netty.channel.nio.NioEventLoop.processSelectedKeys(NioEventLoop.java:496)
	at org.apache.ratis.thirdparty.io.netty.channel.nio.NioEventLoop.run(NioEventLoop.java:458)
	at org.apache.ratis.thirdparty.io.netty.util.concurrent.SingleThreadEventExecutor$5.run(SingleThreadEventExecutor.java:897)
	at org.apache.ratis.thirdparty.io.netty.util.concurrent.FastThreadLocalRunnable.run(FastThreadLocalRunnable.java:30)
	... 1 more
Caused by: java.net.ConnectException: Connection refused
	... 11 more
2019-10-16 21:02:17,452 [4b287a15-77af-487b-aef7-34d1d0ee189f@group-83C26644CFDA-LeaderElection426] INFO  impl.LeaderElection (LogUtils.java:infoOrTrace(149)) - 4b287a15-77af-487b-aef7-34d1d0ee189f@group-83C26644CFDA-LeaderElection426 got exception when requesting votes: {}
java.util.concurrent.ExecutionException: org.apache.ratis.thirdparty.io.grpc.StatusRuntimeException: UNAVAILABLE: io exception
	at java.util.concurrent.FutureTask.report(FutureTask.java:122)
	at java.util.concurrent.FutureTask.get(FutureTask.java:192)
	at org.apache.ratis.server.impl.LeaderElection.waitForResults(LeaderElection.java:259)
	at org.apache.ratis.server.impl.LeaderElection.askForVotes(LeaderElection.java:197)
	at org.apache.ratis.server.impl.LeaderElection.run(LeaderElection.java:133)
	at java.lang.Thread.run(Thread.java:748)
Caused by: org.apache.ratis.thirdparty.io.grpc.StatusRuntimeException: UNAVAILABLE: io exception
	at org.apache.ratis.thirdparty.io.grpc.stub.ClientCalls.toStatusRuntimeException(ClientCalls.java:233)
	at org.apache.ratis.thirdparty.io.grpc.stub.ClientCalls.getUnchecked(ClientCalls.java:214)
	at org.apache.ratis.thirdparty.io.grpc.stub.ClientCalls.blockingUnaryCall(ClientCalls.java:139)
	at org.apache.ratis.proto.grpc.RaftServerProtocolServiceGrpc$RaftServerProtocolServiceBlockingStub.requestVote(RaftServerProtocolServiceGrpc.java:265)
	at org.apache.ratis.grpc.server.GrpcServerProtocolClient.requestVote(GrpcServerProtocolClient.java:99)
	at org.apache.ratis.grpc.server.GrpcService.requestVote(GrpcService.java:204)
	at org.apache.ratis.server.impl.LeaderElection.lambda$submitRequests$1(LeaderElection.java:234)
	at java.util.concurrent.FutureTask.run(FutureTask.java:266)
	at java.util.concurrent.Executors$RunnableAdapter.call(Executors.java:511)
	at java.util.concurrent.FutureTask.run(FutureTask.java:266)
	at java.util.concurrent.ThreadPoolExecutor.runWorker(ThreadPoolExecutor.java:1149)
	at java.util.concurrent.ThreadPoolExecutor$Worker.run(ThreadPoolExecutor.java:624)
	... 1 more
Caused by: org.apache.ratis.thirdparty.io.netty.channel.AbstractChannel$AnnotatedConnectException: Connection refused: /192.168.34.38:45833
	at sun.nio.ch.SocketChannelImpl.checkConnect(Native Method)
	at sun.nio.ch.SocketChannelImpl.finishConnect(SocketChannelImpl.java:717)
	at org.apache.ratis.thirdparty.io.netty.channel.socket.nio.NioSocketChannel.doFinishConnect(NioSocketChannel.java:327)
	at org.apache.ratis.thirdparty.io.netty.channel.nio.AbstractNioChannel$AbstractNioUnsafe.finishConnect(AbstractNioChannel.java:340)
	at org.apache.ratis.thirdparty.io.netty.channel.nio.NioEventLoop.processSelectedKey(NioEventLoop.java:632)
	at org.apache.ratis.thirdparty.io.netty.channel.nio.NioEventLoop.processSelectedKeysOptimized(NioEventLoop.java:579)
	at org.apache.ratis.thirdparty.io.netty.channel.nio.NioEventLoop.processSelectedKeys(NioEventLoop.java:496)
	at org.apache.ratis.thirdparty.io.netty.channel.nio.NioEventLoop.run(NioEventLoop.java:458)
	at org.apache.ratis.thirdparty.io.netty.util.concurrent.SingleThreadEventExecutor$5.run(SingleThreadEventExecutor.java:897)
	at org.apache.ratis.thirdparty.io.netty.util.concurrent.FastThreadLocalRunnable.run(FastThreadLocalRunnable.java:30)
	... 1 more
Caused by: java.net.ConnectException: Connection refused
	... 11 more
2019-10-16 21:02:17,453 [4b287a15-77af-487b-aef7-34d1d0ee189f@group-83C26644CFDA-LeaderElection426] INFO  impl.LeaderElection (LeaderElection.java:logAndReturn(56)) - 4b287a15-77af-487b-aef7-34d1d0ee189f@group-83C26644CFDA-LeaderElection426: Election REJECTED; received 0 response(s) [] and 2 exception(s); 4b287a15-77af-487b-aef7-34d1d0ee189f@group-83C26644CFDA:t452, leader=null, voted=4b287a15-77af-487b-aef7-34d1d0ee189f, raftlog=4b287a15-77af-487b-aef7-34d1d0ee189f@group-83C26644CFDA-SegmentedRaftLog:OPENED:c-1,f-1,i0, conf=-1: [4b287a15-77af-487b-aef7-34d1d0ee189f:192.168.34.38:38597, 0aa3649f-570d-46c6-937f-492d7f3a8364:192.168.34.38:33209, 4a03179f-3169-4ac7-a075-259968512ef0:192.168.34.38:45833], old=null
2019-10-16 21:02:17,453 [4b287a15-77af-487b-aef7-34d1d0ee189f@group-83C26644CFDA-LeaderElection426] INFO  impl.LeaderElection (LogUtils.java:infoOrTrace(149)) -   Exception 0: {}
java.util.concurrent.ExecutionException: org.apache.ratis.thirdparty.io.grpc.StatusRuntimeException: UNAVAILABLE: io exception
	at java.util.concurrent.FutureTask.report(FutureTask.java:122)
	at java.util.concurrent.FutureTask.get(FutureTask.java:192)
	at org.apache.ratis.server.impl.LeaderElection.waitForResults(LeaderElection.java:259)
	at org.apache.ratis.server.impl.LeaderElection.askForVotes(LeaderElection.java:197)
	at org.apache.ratis.server.impl.LeaderElection.run(LeaderElection.java:133)
	at java.lang.Thread.run(Thread.java:748)
Caused by: org.apache.ratis.thirdparty.io.grpc.StatusRuntimeException: UNAVAILABLE: io exception
	at org.apache.ratis.thirdparty.io.grpc.stub.ClientCalls.toStatusRuntimeException(ClientCalls.java:233)
	at org.apache.ratis.thirdparty.io.grpc.stub.ClientCalls.getUnchecked(ClientCalls.java:214)
	at org.apache.ratis.thirdparty.io.grpc.stub.ClientCalls.blockingUnaryCall(ClientCalls.java:139)
	at org.apache.ratis.proto.grpc.RaftServerProtocolServiceGrpc$RaftServerProtocolServiceBlockingStub.requestVote(RaftServerProtocolServiceGrpc.java:265)
	at org.apache.ratis.grpc.server.GrpcServerProtocolClient.requestVote(GrpcServerProtocolClient.java:99)
	at org.apache.ratis.grpc.server.GrpcService.requestVote(GrpcService.java:204)
	at org.apache.ratis.server.impl.LeaderElection.lambda$submitRequests$1(LeaderElection.java:234)
	at java.util.concurrent.FutureTask.run(FutureTask.java:266)
	at java.util.concurrent.Executors$RunnableAdapter.call(Executors.java:511)
	at java.util.concurrent.FutureTask.run(FutureTask.java:266)
	at java.util.concurrent.ThreadPoolExecutor.runWorker(ThreadPoolExecutor.java:1149)
	at java.util.concurrent.ThreadPoolExecutor$Worker.run(ThreadPoolExecutor.java:624)
	... 1 more
Caused by: org.apache.ratis.thirdparty.io.netty.channel.AbstractChannel$AnnotatedConnectException: Connection refused: /192.168.34.38:33209
	at sun.nio.ch.SocketChannelImpl.checkConnect(Native Method)
	at sun.nio.ch.SocketChannelImpl.finishConnect(SocketChannelImpl.java:717)
	at org.apache.ratis.thirdparty.io.netty.channel.socket.nio.NioSocketChannel.doFinishConnect(NioSocketChannel.java:327)
	at org.apache.ratis.thirdparty.io.netty.channel.nio.AbstractNioChannel$AbstractNioUnsafe.finishConnect(AbstractNioChannel.java:340)
	at org.apache.ratis.thirdparty.io.netty.channel.nio.NioEventLoop.processSelectedKey(NioEventLoop.java:632)
	at org.apache.ratis.thirdparty.io.netty.channel.nio.NioEventLoop.processSelectedKeysOptimized(NioEventLoop.java:579)
	at org.apache.ratis.thirdparty.io.netty.channel.nio.NioEventLoop.processSelectedKeys(NioEventLoop.java:496)
	at org.apache.ratis.thirdparty.io.netty.channel.nio.NioEventLoop.run(NioEventLoop.java:458)
	at org.apache.ratis.thirdparty.io.netty.util.concurrent.SingleThreadEventExecutor$5.run(SingleThreadEventExecutor.java:897)
	at org.apache.ratis.thirdparty.io.netty.util.concurrent.FastThreadLocalRunnable.run(FastThreadLocalRunnable.java:30)
	... 1 more
Caused by: java.net.ConnectException: Connection refused
	... 11 more
2019-10-16 21:02:17,453 [4b287a15-77af-487b-aef7-34d1d0ee189f@group-83C26644CFDA-LeaderElection426] INFO  impl.LeaderElection (LogUtils.java:infoOrTrace(149)) -   Exception 1: {}
java.util.concurrent.ExecutionException: org.apache.ratis.thirdparty.io.grpc.StatusRuntimeException: UNAVAILABLE: io exception
	at java.util.concurrent.FutureTask.report(FutureTask.java:122)
	at java.util.concurrent.FutureTask.get(FutureTask.java:192)
	at org.apache.ratis.server.impl.LeaderElection.waitForResults(LeaderElection.java:259)
	at org.apache.ratis.server.impl.LeaderElection.askForVotes(LeaderElection.java:197)
	at org.apache.ratis.server.impl.LeaderElection.run(LeaderElection.java:133)
	at java.lang.Thread.run(Thread.java:748)
Caused by: org.apache.ratis.thirdparty.io.grpc.StatusRuntimeException: UNAVAILABLE: io exception
	at org.apache.ratis.thirdparty.io.grpc.stub.ClientCalls.toStatusRuntimeException(ClientCalls.java:233)
	at org.apache.ratis.thirdparty.io.grpc.stub.ClientCalls.getUnchecked(ClientCalls.java:214)
	at org.apache.ratis.thirdparty.io.grpc.stub.ClientCalls.blockingUnaryCall(ClientCalls.java:139)
	at org.apache.ratis.proto.grpc.RaftServerProtocolServiceGrpc$RaftServerProtocolServiceBlockingStub.requestVote(RaftServerProtocolServiceGrpc.java:265)
	at org.apache.ratis.grpc.server.GrpcServerProtocolClient.requestVote(GrpcServerProtocolClient.java:99)
	at org.apache.ratis.grpc.server.GrpcService.requestVote(GrpcService.java:204)
	at org.apache.ratis.server.impl.LeaderElection.lambda$submitRequests$1(LeaderElection.java:234)
	at java.util.concurrent.FutureTask.run(FutureTask.java:266)
	at java.util.concurrent.Executors$RunnableAdapter.call(Executors.java:511)
	at java.util.concurrent.FutureTask.run(FutureTask.java:266)
	at java.util.concurrent.ThreadPoolExecutor.runWorker(ThreadPoolExecutor.java:1149)
	at java.util.concurrent.ThreadPoolExecutor$Worker.run(ThreadPoolExecutor.java:624)
	... 1 more
Caused by: org.apache.ratis.thirdparty.io.netty.channel.AbstractChannel$AnnotatedConnectException: Connection refused: /192.168.34.38:45833
	at sun.nio.ch.SocketChannelImpl.checkConnect(Native Method)
	at sun.nio.ch.SocketChannelImpl.finishConnect(SocketChannelImpl.java:717)
	at org.apache.ratis.thirdparty.io.netty.channel.socket.nio.NioSocketChannel.doFinishConnect(NioSocketChannel.java:327)
	at org.apache.ratis.thirdparty.io.netty.channel.nio.AbstractNioChannel$AbstractNioUnsafe.finishConnect(AbstractNioChannel.java:340)
	at org.apache.ratis.thirdparty.io.netty.channel.nio.NioEventLoop.processSelectedKey(NioEventLoop.java:632)
	at org.apache.ratis.thirdparty.io.netty.channel.nio.NioEventLoop.processSelectedKeysOptimized(NioEventLoop.java:579)
	at org.apache.ratis.thirdparty.io.netty.channel.nio.NioEventLoop.processSelectedKeys(NioEventLoop.java:496)
	at org.apache.ratis.thirdparty.io.netty.channel.nio.NioEventLoop.run(NioEventLoop.java:458)
	at org.apache.ratis.thirdparty.io.netty.util.concurrent.SingleThreadEventExecutor$5.run(SingleThreadEventExecutor.java:897)
	at org.apache.ratis.thirdparty.io.netty.util.concurrent.FastThreadLocalRunnable.run(FastThreadLocalRunnable.java:30)
	... 1 more
Caused by: java.net.ConnectException: Connection refused
	... 11 more
2019-10-16 21:02:17,454 [4b287a15-77af-487b-aef7-34d1d0ee189f@group-83C26644CFDA-LeaderElection426] INFO  impl.RaftServerImpl (RaftServerImpl.java:setRole(184)) - 4b287a15-77af-487b-aef7-34d1d0ee189f@group-83C26644CFDA: changes role from CANDIDATE to FOLLOWER at term 452 for DISCOVERED_A_NEW_TERM
2019-10-16 21:02:17,454 [4b287a15-77af-487b-aef7-34d1d0ee189f@group-83C26644CFDA-LeaderElection426] INFO  impl.RoleInfo (RoleInfo.java:shutdownLeaderElection(134)) - 4b287a15-77af-487b-aef7-34d1d0ee189f: shutdown LeaderElection
2019-10-16 21:02:17,454 [4b287a15-77af-487b-aef7-34d1d0ee189f@group-83C26644CFDA-LeaderElection426] INFO  impl.RoleInfo (RoleInfo.java:updateAndGet(143)) - 4b287a15-77af-487b-aef7-34d1d0ee189f: start FollowerState
2019-10-16 21:02:17,612 [Thread-2956] INFO  impl.FollowerState (FollowerState.java:run(108)) - 4b287a15-77af-487b-aef7-34d1d0ee189f@group-83C26644CFDA-FollowerState: change to CANDIDATE, lastRpcTime:157ms, electionTimeout:157ms
2019-10-16 21:02:17,612 [Thread-2956] INFO  impl.RoleInfo (RoleInfo.java:shutdownFollowerState(121)) - 4b287a15-77af-487b-aef7-34d1d0ee189f: shutdown FollowerState
2019-10-16 21:02:17,612 [Thread-2956] INFO  impl.RaftServerImpl (RaftServerImpl.java:setRole(184)) - 4b287a15-77af-487b-aef7-34d1d0ee189f@group-83C26644CFDA: changes role from  FOLLOWER to CANDIDATE at term 452 for changeToCandidate
2019-10-16 21:02:17,612 [Thread-2956] INFO  impl.RoleInfo (RoleInfo.java:updateAndGet(143)) - 4b287a15-77af-487b-aef7-34d1d0ee189f: start LeaderElection
2019-10-16 21:02:17,626 [4b287a15-77af-487b-aef7-34d1d0ee189f@group-83C26644CFDA-LeaderElection427] INFO  impl.LeaderElection (LeaderElection.java:askForVotes(178)) - 4b287a15-77af-487b-aef7-34d1d0ee189f@group-83C26644CFDA-LeaderElection427: begin an election at term 453 for -1: [4b287a15-77af-487b-aef7-34d1d0ee189f:192.168.34.38:38597, 0aa3649f-570d-46c6-937f-492d7f3a8364:192.168.34.38:33209, 4a03179f-3169-4ac7-a075-259968512ef0:192.168.34.38:45833], old=null
2019-10-16 21:02:17,627 [4b287a15-77af-487b-aef7-34d1d0ee189f@group-83C26644CFDA-LeaderElection427] INFO  impl.LeaderElection (LogUtils.java:infoOrTrace(149)) - 4b287a15-77af-487b-aef7-34d1d0ee189f@group-83C26644CFDA-LeaderElection427 got exception when requesting votes: {}
java.util.concurrent.ExecutionException: org.apache.ratis.thirdparty.io.grpc.StatusRuntimeException: UNAVAILABLE: io exception
	at java.util.concurrent.FutureTask.report(FutureTask.java:122)
	at java.util.concurrent.FutureTask.get(FutureTask.java:192)
	at org.apache.ratis.server.impl.LeaderElection.waitForResults(LeaderElection.java:259)
	at org.apache.ratis.server.impl.LeaderElection.askForVotes(LeaderElection.java:197)
	at org.apache.ratis.server.impl.LeaderElection.run(LeaderElection.java:133)
	at java.lang.Thread.run(Thread.java:748)
Caused by: org.apache.ratis.thirdparty.io.grpc.StatusRuntimeException: UNAVAILABLE: io exception
	at org.apache.ratis.thirdparty.io.grpc.stub.ClientCalls.toStatusRuntimeException(ClientCalls.java:233)
	at org.apache.ratis.thirdparty.io.grpc.stub.ClientCalls.getUnchecked(ClientCalls.java:214)
	at org.apache.ratis.thirdparty.io.grpc.stub.ClientCalls.blockingUnaryCall(ClientCalls.java:139)
	at org.apache.ratis.proto.grpc.RaftServerProtocolServiceGrpc$RaftServerProtocolServiceBlockingStub.requestVote(RaftServerProtocolServiceGrpc.java:265)
	at org.apache.ratis.grpc.server.GrpcServerProtocolClient.requestVote(GrpcServerProtocolClient.java:99)
	at org.apache.ratis.grpc.server.GrpcService.requestVote(GrpcService.java:204)
	at org.apache.ratis.server.impl.LeaderElection.lambda$submitRequests$1(LeaderElection.java:234)
	at java.util.concurrent.FutureTask.run(FutureTask.java:266)
	at java.util.concurrent.Executors$RunnableAdapter.call(Executors.java:511)
	at java.util.concurrent.FutureTask.run(FutureTask.java:266)
	at java.util.concurrent.ThreadPoolExecutor.runWorker(ThreadPoolExecutor.java:1149)
	at java.util.concurrent.ThreadPoolExecutor$Worker.run(ThreadPoolExecutor.java:624)
	... 1 more
Caused by: org.apache.ratis.thirdparty.io.netty.channel.AbstractChannel$AnnotatedConnectException: Connection refused: /192.168.34.38:45833
	at sun.nio.ch.SocketChannelImpl.checkConnect(Native Method)
	at sun.nio.ch.SocketChannelImpl.finishConnect(SocketChannelImpl.java:717)
	at org.apache.ratis.thirdparty.io.netty.channel.socket.nio.NioSocketChannel.doFinishConnect(NioSocketChannel.java:327)
	at org.apache.ratis.thirdparty.io.netty.channel.nio.AbstractNioChannel$AbstractNioUnsafe.finishConnect(AbstractNioChannel.java:340)
	at org.apache.ratis.thirdparty.io.netty.channel.nio.NioEventLoop.processSelectedKey(NioEventLoop.java:632)
	at org.apache.ratis.thirdparty.io.netty.channel.nio.NioEventLoop.processSelectedKeysOptimized(NioEventLoop.java:579)
	at org.apache.ratis.thirdparty.io.netty.channel.nio.NioEventLoop.processSelectedKeys(NioEventLoop.java:496)
	at org.apache.ratis.thirdparty.io.netty.channel.nio.NioEventLoop.run(NioEventLoop.java:458)
	at org.apache.ratis.thirdparty.io.netty.util.concurrent.SingleThreadEventExecutor$5.run(SingleThreadEventExecutor.java:897)
	at org.apache.ratis.thirdparty.io.netty.util.concurrent.FastThreadLocalRunnable.run(FastThreadLocalRunnable.java:30)
	... 1 more
Caused by: java.net.ConnectException: Connection refused
	... 11 more
2019-10-16 21:02:17,628 [4b287a15-77af-487b-aef7-34d1d0ee189f@group-83C26644CFDA-LeaderElection427] INFO  impl.LeaderElection (LogUtils.java:infoOrTrace(149)) - 4b287a15-77af-487b-aef7-34d1d0ee189f@group-83C26644CFDA-LeaderElection427 got exception when requesting votes: {}
java.util.concurrent.ExecutionException: org.apache.ratis.thirdparty.io.grpc.StatusRuntimeException: UNAVAILABLE: io exception
	at java.util.concurrent.FutureTask.report(FutureTask.java:122)
	at java.util.concurrent.FutureTask.get(FutureTask.java:192)
	at org.apache.ratis.server.impl.LeaderElection.waitForResults(LeaderElection.java:259)
	at org.apache.ratis.server.impl.LeaderElection.askForVotes(LeaderElection.java:197)
	at org.apache.ratis.server.impl.LeaderElection.run(LeaderElection.java:133)
	at java.lang.Thread.run(Thread.java:748)
Caused by: org.apache.ratis.thirdparty.io.grpc.StatusRuntimeException: UNAVAILABLE: io exception
	at org.apache.ratis.thirdparty.io.grpc.stub.ClientCalls.toStatusRuntimeException(ClientCalls.java:233)
	at org.apache.ratis.thirdparty.io.grpc.stub.ClientCalls.getUnchecked(ClientCalls.java:214)
	at org.apache.ratis.thirdparty.io.grpc.stub.ClientCalls.blockingUnaryCall(ClientCalls.java:139)
	at org.apache.ratis.proto.grpc.RaftServerProtocolServiceGrpc$RaftServerProtocolServiceBlockingStub.requestVote(RaftServerProtocolServiceGrpc.java:265)
	at org.apache.ratis.grpc.server.GrpcServerProtocolClient.requestVote(GrpcServerProtocolClient.java:99)
	at org.apache.ratis.grpc.server.GrpcService.requestVote(GrpcService.java:204)
	at org.apache.ratis.server.impl.LeaderElection.lambda$submitRequests$1(LeaderElection.java:234)
	at java.util.concurrent.FutureTask.run(FutureTask.java:266)
	at java.util.concurrent.Executors$RunnableAdapter.call(Executors.java:511)
	at java.util.concurrent.FutureTask.run(FutureTask.java:266)
	at java.util.concurrent.ThreadPoolExecutor.runWorker(ThreadPoolExecutor.java:1149)
	at java.util.concurrent.ThreadPoolExecutor$Worker.run(ThreadPoolExecutor.java:624)
	... 1 more
Caused by: org.apache.ratis.thirdparty.io.netty.channel.AbstractChannel$AnnotatedConnectException: Connection refused: /192.168.34.38:33209
	at sun.nio.ch.SocketChannelImpl.checkConnect(Native Method)
	at sun.nio.ch.SocketChannelImpl.finishConnect(SocketChannelImpl.java:717)
	at org.apache.ratis.thirdparty.io.netty.channel.socket.nio.NioSocketChannel.doFinishConnect(NioSocketChannel.java:327)
	at org.apache.ratis.thirdparty.io.netty.channel.nio.AbstractNioChannel$AbstractNioUnsafe.finishConnect(AbstractNioChannel.java:340)
	at org.apache.ratis.thirdparty.io.netty.channel.nio.NioEventLoop.processSelectedKey(NioEventLoop.java:632)
	at org.apache.ratis.thirdparty.io.netty.channel.nio.NioEventLoop.processSelectedKeysOptimized(NioEventLoop.java:579)
	at org.apache.ratis.thirdparty.io.netty.channel.nio.NioEventLoop.processSelectedKeys(NioEventLoop.java:496)
	at org.apache.ratis.thirdparty.io.netty.channel.nio.NioEventLoop.run(NioEventLoop.java:458)
	at org.apache.ratis.thirdparty.io.netty.util.concurrent.SingleThreadEventExecutor$5.run(SingleThreadEventExecutor.java:897)
	at org.apache.ratis.thirdparty.io.netty.util.concurrent.FastThreadLocalRunnable.run(FastThreadLocalRunnable.java:30)
	... 1 more
Caused by: java.net.ConnectException: Connection refused
	... 11 more
2019-10-16 21:02:17,630 [4b287a15-77af-487b-aef7-34d1d0ee189f@group-83C26644CFDA-LeaderElection427] INFO  impl.LeaderElection (LeaderElection.java:logAndReturn(56)) - 4b287a15-77af-487b-aef7-34d1d0ee189f@group-83C26644CFDA-LeaderElection427: Election REJECTED; received 0 response(s) [] and 2 exception(s); 4b287a15-77af-487b-aef7-34d1d0ee189f@group-83C26644CFDA:t453, leader=null, voted=4b287a15-77af-487b-aef7-34d1d0ee189f, raftlog=4b287a15-77af-487b-aef7-34d1d0ee189f@group-83C26644CFDA-SegmentedRaftLog:OPENED:c-1,f-1,i0, conf=-1: [4b287a15-77af-487b-aef7-34d1d0ee189f:192.168.34.38:38597, 0aa3649f-570d-46c6-937f-492d7f3a8364:192.168.34.38:33209, 4a03179f-3169-4ac7-a075-259968512ef0:192.168.34.38:45833], old=null
2019-10-16 21:02:17,630 [4b287a15-77af-487b-aef7-34d1d0ee189f@group-83C26644CFDA-LeaderElection427] INFO  impl.LeaderElection (LogUtils.java:infoOrTrace(149)) -   Exception 0: {}
java.util.concurrent.ExecutionException: org.apache.ratis.thirdparty.io.grpc.StatusRuntimeException: UNAVAILABLE: io exception
	at java.util.concurrent.FutureTask.report(FutureTask.java:122)
	at java.util.concurrent.FutureTask.get(FutureTask.java:192)
	at org.apache.ratis.server.impl.LeaderElection.waitForResults(LeaderElection.java:259)
	at org.apache.ratis.server.impl.LeaderElection.askForVotes(LeaderElection.java:197)
	at org.apache.ratis.server.impl.LeaderElection.run(LeaderElection.java:133)
	at java.lang.Thread.run(Thread.java:748)
Caused by: org.apache.ratis.thirdparty.io.grpc.StatusRuntimeException: UNAVAILABLE: io exception
	at org.apache.ratis.thirdparty.io.grpc.stub.ClientCalls.toStatusRuntimeException(ClientCalls.java:233)
	at org.apache.ratis.thirdparty.io.grpc.stub.ClientCalls.getUnchecked(ClientCalls.java:214)
	at org.apache.ratis.thirdparty.io.grpc.stub.ClientCalls.blockingUnaryCall(ClientCalls.java:139)
	at org.apache.ratis.proto.grpc.RaftServerProtocolServiceGrpc$RaftServerProtocolServiceBlockingStub.requestVote(RaftServerProtocolServiceGrpc.java:265)
	at org.apache.ratis.grpc.server.GrpcServerProtocolClient.requestVote(GrpcServerProtocolClient.java:99)
	at org.apache.ratis.grpc.server.GrpcService.requestVote(GrpcService.java:204)
	at org.apache.ratis.server.impl.LeaderElection.lambda$submitRequests$1(LeaderElection.java:234)
	at java.util.concurrent.FutureTask.run(FutureTask.java:266)
	at java.util.concurrent.Executors$RunnableAdapter.call(Executors.java:511)
	at java.util.concurrent.FutureTask.run(FutureTask.java:266)
	at java.util.concurrent.ThreadPoolExecutor.runWorker(ThreadPoolExecutor.java:1149)
	at java.util.concurrent.ThreadPoolExecutor$Worker.run(ThreadPoolExecutor.java:624)
	... 1 more
Caused by: org.apache.ratis.thirdparty.io.netty.channel.AbstractChannel$AnnotatedConnectException: Connection refused: /192.168.34.38:45833
	at sun.nio.ch.SocketChannelImpl.checkConnect(Native Method)
	at sun.nio.ch.SocketChannelImpl.finishConnect(SocketChannelImpl.java:717)
	at org.apache.ratis.thirdparty.io.netty.channel.socket.nio.NioSocketChannel.doFinishConnect(NioSocketChannel.java:327)
	at org.apache.ratis.thirdparty.io.netty.channel.nio.AbstractNioChannel$AbstractNioUnsafe.finishConnect(AbstractNioChannel.java:340)
	at org.apache.ratis.thirdparty.io.netty.channel.nio.NioEventLoop.processSelectedKey(NioEventLoop.java:632)
	at org.apache.ratis.thirdparty.io.netty.channel.nio.NioEventLoop.processSelectedKeysOptimized(NioEventLoop.java:579)
	at org.apache.ratis.thirdparty.io.netty.channel.nio.NioEventLoop.processSelectedKeys(NioEventLoop.java:496)
	at org.apache.ratis.thirdparty.io.netty.channel.nio.NioEventLoop.run(NioEventLoop.java:458)
	at org.apache.ratis.thirdparty.io.netty.util.concurrent.SingleThreadEventExecutor$5.run(SingleThreadEventExecutor.java:897)
	at org.apache.ratis.thirdparty.io.netty.util.concurrent.FastThreadLocalRunnable.run(FastThreadLocalRunnable.java:30)
	... 1 more
Caused by: java.net.ConnectException: Connection refused
	... 11 more
2019-10-16 21:02:17,630 [4b287a15-77af-487b-aef7-34d1d0ee189f@group-83C26644CFDA-LeaderElection427] INFO  impl.LeaderElection (LogUtils.java:infoOrTrace(149)) -   Exception 1: {}
java.util.concurrent.ExecutionException: org.apache.ratis.thirdparty.io.grpc.StatusRuntimeException: UNAVAILABLE: io exception
	at java.util.concurrent.FutureTask.report(FutureTask.java:122)
	at java.util.concurrent.FutureTask.get(FutureTask.java:192)
	at org.apache.ratis.server.impl.LeaderElection.waitForResults(LeaderElection.java:259)
	at org.apache.ratis.server.impl.LeaderElection.askForVotes(LeaderElection.java:197)
	at org.apache.ratis.server.impl.LeaderElection.run(LeaderElection.java:133)
	at java.lang.Thread.run(Thread.java:748)
Caused by: org.apache.ratis.thirdparty.io.grpc.StatusRuntimeException: UNAVAILABLE: io exception
	at org.apache.ratis.thirdparty.io.grpc.stub.ClientCalls.toStatusRuntimeException(ClientCalls.java:233)
	at org.apache.ratis.thirdparty.io.grpc.stub.ClientCalls.getUnchecked(ClientCalls.java:214)
	at org.apache.ratis.thirdparty.io.grpc.stub.ClientCalls.blockingUnaryCall(ClientCalls.java:139)
	at org.apache.ratis.proto.grpc.RaftServerProtocolServiceGrpc$RaftServerProtocolServiceBlockingStub.requestVote(RaftServerProtocolServiceGrpc.java:265)
	at org.apache.ratis.grpc.server.GrpcServerProtocolClient.requestVote(GrpcServerProtocolClient.java:99)
	at org.apache.ratis.grpc.server.GrpcService.requestVote(GrpcService.java:204)
	at org.apache.ratis.server.impl.LeaderElection.lambda$submitRequests$1(LeaderElection.java:234)
	at java.util.concurrent.FutureTask.run(FutureTask.java:266)
	at java.util.concurrent.Executors$RunnableAdapter.call(Executors.java:511)
	at java.util.concurrent.FutureTask.run(FutureTask.java:266)
	at java.util.concurrent.ThreadPoolExecutor.runWorker(ThreadPoolExecutor.java:1149)
	at java.util.concurrent.ThreadPoolExecutor$Worker.run(ThreadPoolExecutor.java:624)
	... 1 more
Caused by: org.apache.ratis.thirdparty.io.netty.channel.AbstractChannel$AnnotatedConnectException: Connection refused: /192.168.34.38:33209
	at sun.nio.ch.SocketChannelImpl.checkConnect(Native Method)
	at sun.nio.ch.SocketChannelImpl.finishConnect(SocketChannelImpl.java:717)
	at org.apache.ratis.thirdparty.io.netty.channel.socket.nio.NioSocketChannel.doFinishConnect(NioSocketChannel.java:327)
	at org.apache.ratis.thirdparty.io.netty.channel.nio.AbstractNioChannel$AbstractNioUnsafe.finishConnect(AbstractNioChannel.java:340)
	at org.apache.ratis.thirdparty.io.netty.channel.nio.NioEventLoop.processSelectedKey(NioEventLoop.java:632)
	at org.apache.ratis.thirdparty.io.netty.channel.nio.NioEventLoop.processSelectedKeysOptimized(NioEventLoop.java:579)
	at org.apache.ratis.thirdparty.io.netty.channel.nio.NioEventLoop.processSelectedKeys(NioEventLoop.java:496)
	at org.apache.ratis.thirdparty.io.netty.channel.nio.NioEventLoop.run(NioEventLoop.java:458)
	at org.apache.ratis.thirdparty.io.netty.util.concurrent.SingleThreadEventExecutor$5.run(SingleThreadEventExecutor.java:897)
	at org.apache.ratis.thirdparty.io.netty.util.concurrent.FastThreadLocalRunnable.run(FastThreadLocalRunnable.java:30)
	... 1 more
Caused by: java.net.ConnectException: Connection refused
	... 11 more
2019-10-16 21:02:17,631 [4b287a15-77af-487b-aef7-34d1d0ee189f@group-83C26644CFDA-LeaderElection427] INFO  impl.RaftServerImpl (RaftServerImpl.java:setRole(184)) - 4b287a15-77af-487b-aef7-34d1d0ee189f@group-83C26644CFDA: changes role from CANDIDATE to FOLLOWER at term 453 for DISCOVERED_A_NEW_TERM
2019-10-16 21:02:17,631 [4b287a15-77af-487b-aef7-34d1d0ee189f@group-83C26644CFDA-LeaderElection427] INFO  impl.RoleInfo (RoleInfo.java:shutdownLeaderElection(134)) - 4b287a15-77af-487b-aef7-34d1d0ee189f: shutdown LeaderElection
2019-10-16 21:02:17,631 [4b287a15-77af-487b-aef7-34d1d0ee189f@group-83C26644CFDA-LeaderElection427] INFO  impl.RoleInfo (RoleInfo.java:updateAndGet(143)) - 4b287a15-77af-487b-aef7-34d1d0ee189f: start FollowerState
2019-10-16 21:02:17,774 [Thread-2960] INFO  impl.FollowerState (FollowerState.java:run(108)) - 4b287a15-77af-487b-aef7-34d1d0ee189f@group-83C26644CFDA-FollowerState: change to CANDIDATE, lastRpcTime:143ms, electionTimeout:143ms
2019-10-16 21:02:17,774 [Thread-2960] INFO  impl.RoleInfo (RoleInfo.java:shutdownFollowerState(121)) - 4b287a15-77af-487b-aef7-34d1d0ee189f: shutdown FollowerState
2019-10-16 21:02:17,774 [Thread-2960] INFO  impl.RaftServerImpl (RaftServerImpl.java:setRole(184)) - 4b287a15-77af-487b-aef7-34d1d0ee189f@group-83C26644CFDA: changes role from  FOLLOWER to CANDIDATE at term 453 for changeToCandidate
2019-10-16 21:02:17,775 [Thread-2960] INFO  impl.RoleInfo (RoleInfo.java:updateAndGet(143)) - 4b287a15-77af-487b-aef7-34d1d0ee189f: start LeaderElection
2019-10-16 21:02:17,788 [4b287a15-77af-487b-aef7-34d1d0ee189f@group-83C26644CFDA-LeaderElection428] INFO  impl.LeaderElection (LeaderElection.java:askForVotes(178)) - 4b287a15-77af-487b-aef7-34d1d0ee189f@group-83C26644CFDA-LeaderElection428: begin an election at term 454 for -1: [4b287a15-77af-487b-aef7-34d1d0ee189f:192.168.34.38:38597, 0aa3649f-570d-46c6-937f-492d7f3a8364:192.168.34.38:33209, 4a03179f-3169-4ac7-a075-259968512ef0:192.168.34.38:45833], old=null
2019-10-16 21:02:17,789 [4b287a15-77af-487b-aef7-34d1d0ee189f@group-83C26644CFDA-LeaderElection428] INFO  impl.LeaderElection (LogUtils.java:infoOrTrace(149)) - 4b287a15-77af-487b-aef7-34d1d0ee189f@group-83C26644CFDA-LeaderElection428 got exception when requesting votes: {}
java.util.concurrent.ExecutionException: org.apache.ratis.thirdparty.io.grpc.StatusRuntimeException: UNAVAILABLE: io exception
	at java.util.concurrent.FutureTask.report(FutureTask.java:122)
	at java.util.concurrent.FutureTask.get(FutureTask.java:192)
	at org.apache.ratis.server.impl.LeaderElection.waitForResults(LeaderElection.java:259)
	at org.apache.ratis.server.impl.LeaderElection.askForVotes(LeaderElection.java:197)
	at org.apache.ratis.server.impl.LeaderElection.run(LeaderElection.java:133)
	at java.lang.Thread.run(Thread.java:748)
Caused by: org.apache.ratis.thirdparty.io.grpc.StatusRuntimeException: UNAVAILABLE: io exception
	at org.apache.ratis.thirdparty.io.grpc.stub.ClientCalls.toStatusRuntimeException(ClientCalls.java:233)
	at org.apache.ratis.thirdparty.io.grpc.stub.ClientCalls.getUnchecked(ClientCalls.java:214)
	at org.apache.ratis.thirdparty.io.grpc.stub.ClientCalls.blockingUnaryCall(ClientCalls.java:139)
	at org.apache.ratis.proto.grpc.RaftServerProtocolServiceGrpc$RaftServerProtocolServiceBlockingStub.requestVote(RaftServerProtocolServiceGrpc.java:265)
	at org.apache.ratis.grpc.server.GrpcServerProtocolClient.requestVote(GrpcServerProtocolClient.java:99)
	at org.apache.ratis.grpc.server.GrpcService.requestVote(GrpcService.java:204)
	at org.apache.ratis.server.impl.LeaderElection.lambda$submitRequests$1(LeaderElection.java:234)
	at java.util.concurrent.FutureTask.run(FutureTask.java:266)
	at java.util.concurrent.Executors$RunnableAdapter.call(Executors.java:511)
	at java.util.concurrent.FutureTask.run(FutureTask.java:266)
	at java.util.concurrent.ThreadPoolExecutor.runWorker(ThreadPoolExecutor.java:1149)
	at java.util.concurrent.ThreadPoolExecutor$Worker.run(ThreadPoolExecutor.java:624)
	... 1 more
Caused by: org.apache.ratis.thirdparty.io.netty.channel.AbstractChannel$AnnotatedConnectException: Connection refused: /192.168.34.38:33209
	at sun.nio.ch.SocketChannelImpl.checkConnect(Native Method)
	at sun.nio.ch.SocketChannelImpl.finishConnect(SocketChannelImpl.java:717)
	at org.apache.ratis.thirdparty.io.netty.channel.socket.nio.NioSocketChannel.doFinishConnect(NioSocketChannel.java:327)
	at org.apache.ratis.thirdparty.io.netty.channel.nio.AbstractNioChannel$AbstractNioUnsafe.finishConnect(AbstractNioChannel.java:340)
	at org.apache.ratis.thirdparty.io.netty.channel.nio.NioEventLoop.processSelectedKey(NioEventLoop.java:632)
	at org.apache.ratis.thirdparty.io.netty.channel.nio.NioEventLoop.processSelectedKeysOptimized(NioEventLoop.java:579)
	at org.apache.ratis.thirdparty.io.netty.channel.nio.NioEventLoop.processSelectedKeys(NioEventLoop.java:496)
	at org.apache.ratis.thirdparty.io.netty.channel.nio.NioEventLoop.run(NioEventLoop.java:458)
	at org.apache.ratis.thirdparty.io.netty.util.concurrent.SingleThreadEventExecutor$5.run(SingleThreadEventExecutor.java:897)
	at org.apache.ratis.thirdparty.io.netty.util.concurrent.FastThreadLocalRunnable.run(FastThreadLocalRunnable.java:30)
	... 1 more
Caused by: java.net.ConnectException: Connection refused
	... 11 more
2019-10-16 21:02:17,790 [4b287a15-77af-487b-aef7-34d1d0ee189f@group-83C26644CFDA-LeaderElection428] INFO  impl.LeaderElection (LogUtils.java:infoOrTrace(149)) - 4b287a15-77af-487b-aef7-34d1d0ee189f@group-83C26644CFDA-LeaderElection428 got exception when requesting votes: {}
java.util.concurrent.ExecutionException: org.apache.ratis.thirdparty.io.grpc.StatusRuntimeException: UNAVAILABLE: io exception
	at java.util.concurrent.FutureTask.report(FutureTask.java:122)
	at java.util.concurrent.FutureTask.get(FutureTask.java:192)
	at org.apache.ratis.server.impl.LeaderElection.waitForResults(LeaderElection.java:259)
	at org.apache.ratis.server.impl.LeaderElection.askForVotes(LeaderElection.java:197)
	at org.apache.ratis.server.impl.LeaderElection.run(LeaderElection.java:133)
	at java.lang.Thread.run(Thread.java:748)
Caused by: org.apache.ratis.thirdparty.io.grpc.StatusRuntimeException: UNAVAILABLE: io exception
	at org.apache.ratis.thirdparty.io.grpc.stub.ClientCalls.toStatusRuntimeException(ClientCalls.java:233)
	at org.apache.ratis.thirdparty.io.grpc.stub.ClientCalls.getUnchecked(ClientCalls.java:214)
	at org.apache.ratis.thirdparty.io.grpc.stub.ClientCalls.blockingUnaryCall(ClientCalls.java:139)
	at org.apache.ratis.proto.grpc.RaftServerProtocolServiceGrpc$RaftServerProtocolServiceBlockingStub.requestVote(RaftServerProtocolServiceGrpc.java:265)
	at org.apache.ratis.grpc.server.GrpcServerProtocolClient.requestVote(GrpcServerProtocolClient.java:99)
	at org.apache.ratis.grpc.server.GrpcService.requestVote(GrpcService.java:204)
	at org.apache.ratis.server.impl.LeaderElection.lambda$submitRequests$1(LeaderElection.java:234)
	at java.util.concurrent.FutureTask.run(FutureTask.java:266)
	at java.util.concurrent.Executors$RunnableAdapter.call(Executors.java:511)
	at java.util.concurrent.FutureTask.run(FutureTask.java:266)
	at java.util.concurrent.ThreadPoolExecutor.runWorker(ThreadPoolExecutor.java:1149)
	at java.util.concurrent.ThreadPoolExecutor$Worker.run(ThreadPoolExecutor.java:624)
	... 1 more
Caused by: org.apache.ratis.thirdparty.io.netty.channel.AbstractChannel$AnnotatedConnectException: Connection refused: /192.168.34.38:45833
	at sun.nio.ch.SocketChannelImpl.checkConnect(Native Method)
	at sun.nio.ch.SocketChannelImpl.finishConnect(SocketChannelImpl.java:717)
	at org.apache.ratis.thirdparty.io.netty.channel.socket.nio.NioSocketChannel.doFinishConnect(NioSocketChannel.java:327)
	at org.apache.ratis.thirdparty.io.netty.channel.nio.AbstractNioChannel$AbstractNioUnsafe.finishConnect(AbstractNioChannel.java:340)
	at org.apache.ratis.thirdparty.io.netty.channel.nio.NioEventLoop.processSelectedKey(NioEventLoop.java:632)
	at org.apache.ratis.thirdparty.io.netty.channel.nio.NioEventLoop.processSelectedKeysOptimized(NioEventLoop.java:579)
	at org.apache.ratis.thirdparty.io.netty.channel.nio.NioEventLoop.processSelectedKeys(NioEventLoop.java:496)
	at org.apache.ratis.thirdparty.io.netty.channel.nio.NioEventLoop.run(NioEventLoop.java:458)
	at org.apache.ratis.thirdparty.io.netty.util.concurrent.SingleThreadEventExecutor$5.run(SingleThreadEventExecutor.java:897)
	at org.apache.ratis.thirdparty.io.netty.util.concurrent.FastThreadLocalRunnable.run(FastThreadLocalRunnable.java:30)
	... 1 more
Caused by: java.net.ConnectException: Connection refused
	... 11 more
2019-10-16 21:02:17,791 [4b287a15-77af-487b-aef7-34d1d0ee189f@group-83C26644CFDA-LeaderElection428] INFO  impl.LeaderElection (LeaderElection.java:logAndReturn(56)) - 4b287a15-77af-487b-aef7-34d1d0ee189f@group-83C26644CFDA-LeaderElection428: Election REJECTED; received 0 response(s) [] and 2 exception(s); 4b287a15-77af-487b-aef7-34d1d0ee189f@group-83C26644CFDA:t454, leader=null, voted=4b287a15-77af-487b-aef7-34d1d0ee189f, raftlog=4b287a15-77af-487b-aef7-34d1d0ee189f@group-83C26644CFDA-SegmentedRaftLog:OPENED:c-1,f-1,i0, conf=-1: [4b287a15-77af-487b-aef7-34d1d0ee189f:192.168.34.38:38597, 0aa3649f-570d-46c6-937f-492d7f3a8364:192.168.34.38:33209, 4a03179f-3169-4ac7-a075-259968512ef0:192.168.34.38:45833], old=null
2019-10-16 21:02:17,791 [4b287a15-77af-487b-aef7-34d1d0ee189f@group-83C26644CFDA-LeaderElection428] INFO  impl.LeaderElection (LogUtils.java:infoOrTrace(149)) -   Exception 0: {}
java.util.concurrent.ExecutionException: org.apache.ratis.thirdparty.io.grpc.StatusRuntimeException: UNAVAILABLE: io exception
	at java.util.concurrent.FutureTask.report(FutureTask.java:122)
	at java.util.concurrent.FutureTask.get(FutureTask.java:192)
	at org.apache.ratis.server.impl.LeaderElection.waitForResults(LeaderElection.java:259)
	at org.apache.ratis.server.impl.LeaderElection.askForVotes(LeaderElection.java:197)
	at org.apache.ratis.server.impl.LeaderElection.run(LeaderElection.java:133)
	at java.lang.Thread.run(Thread.java:748)
Caused by: org.apache.ratis.thirdparty.io.grpc.StatusRuntimeException: UNAVAILABLE: io exception
	at org.apache.ratis.thirdparty.io.grpc.stub.ClientCalls.toStatusRuntimeException(ClientCalls.java:233)
	at org.apache.ratis.thirdparty.io.grpc.stub.ClientCalls.getUnchecked(ClientCalls.java:214)
	at org.apache.ratis.thirdparty.io.grpc.stub.ClientCalls.blockingUnaryCall(ClientCalls.java:139)
	at org.apache.ratis.proto.grpc.RaftServerProtocolServiceGrpc$RaftServerProtocolServiceBlockingStub.requestVote(RaftServerProtocolServiceGrpc.java:265)
	at org.apache.ratis.grpc.server.GrpcServerProtocolClient.requestVote(GrpcServerProtocolClient.java:99)
	at org.apache.ratis.grpc.server.GrpcService.requestVote(GrpcService.java:204)
	at org.apache.ratis.server.impl.LeaderElection.lambda$submitRequests$1(LeaderElection.java:234)
	at java.util.concurrent.FutureTask.run(FutureTask.java:266)
	at java.util.concurrent.Executors$RunnableAdapter.call(Executors.java:511)
	at java.util.concurrent.FutureTask.run(FutureTask.java:266)
	at java.util.concurrent.ThreadPoolExecutor.runWorker(ThreadPoolExecutor.java:1149)
	at java.util.concurrent.ThreadPoolExecutor$Worker.run(ThreadPoolExecutor.java:624)
	... 1 more
Caused by: org.apache.ratis.thirdparty.io.netty.channel.AbstractChannel$AnnotatedConnectException: Connection refused: /192.168.34.38:33209
	at sun.nio.ch.SocketChannelImpl.checkConnect(Native Method)
	at sun.nio.ch.SocketChannelImpl.finishConnect(SocketChannelImpl.java:717)
	at org.apache.ratis.thirdparty.io.netty.channel.socket.nio.NioSocketChannel.doFinishConnect(NioSocketChannel.java:327)
	at org.apache.ratis.thirdparty.io.netty.channel.nio.AbstractNioChannel$AbstractNioUnsafe.finishConnect(AbstractNioChannel.java:340)
	at org.apache.ratis.thirdparty.io.netty.channel.nio.NioEventLoop.processSelectedKey(NioEventLoop.java:632)
	at org.apache.ratis.thirdparty.io.netty.channel.nio.NioEventLoop.processSelectedKeysOptimized(NioEventLoop.java:579)
	at org.apache.ratis.thirdparty.io.netty.channel.nio.NioEventLoop.processSelectedKeys(NioEventLoop.java:496)
	at org.apache.ratis.thirdparty.io.netty.channel.nio.NioEventLoop.run(NioEventLoop.java:458)
	at org.apache.ratis.thirdparty.io.netty.util.concurrent.SingleThreadEventExecutor$5.run(SingleThreadEventExecutor.java:897)
	at org.apache.ratis.thirdparty.io.netty.util.concurrent.FastThreadLocalRunnable.run(FastThreadLocalRunnable.java:30)
	... 1 more
Caused by: java.net.ConnectException: Connection refused
	... 11 more
2019-10-16 21:02:17,791 [4b287a15-77af-487b-aef7-34d1d0ee189f@group-83C26644CFDA-LeaderElection428] INFO  impl.LeaderElection (LogUtils.java:infoOrTrace(149)) -   Exception 1: {}
java.util.concurrent.ExecutionException: org.apache.ratis.thirdparty.io.grpc.StatusRuntimeException: UNAVAILABLE: io exception
	at java.util.concurrent.FutureTask.report(FutureTask.java:122)
	at java.util.concurrent.FutureTask.get(FutureTask.java:192)
	at org.apache.ratis.server.impl.LeaderElection.waitForResults(LeaderElection.java:259)
	at org.apache.ratis.server.impl.LeaderElection.askForVotes(LeaderElection.java:197)
	at org.apache.ratis.server.impl.LeaderElection.run(LeaderElection.java:133)
	at java.lang.Thread.run(Thread.java:748)
Caused by: org.apache.ratis.thirdparty.io.grpc.StatusRuntimeException: UNAVAILABLE: io exception
	at org.apache.ratis.thirdparty.io.grpc.stub.ClientCalls.toStatusRuntimeException(ClientCalls.java:233)
	at org.apache.ratis.thirdparty.io.grpc.stub.ClientCalls.getUnchecked(ClientCalls.java:214)
	at org.apache.ratis.thirdparty.io.grpc.stub.ClientCalls.blockingUnaryCall(ClientCalls.java:139)
	at org.apache.ratis.proto.grpc.RaftServerProtocolServiceGrpc$RaftServerProtocolServiceBlockingStub.requestVote(RaftServerProtocolServiceGrpc.java:265)
	at org.apache.ratis.grpc.server.GrpcServerProtocolClient.requestVote(GrpcServerProtocolClient.java:99)
	at org.apache.ratis.grpc.server.GrpcService.requestVote(GrpcService.java:204)
	at org.apache.ratis.server.impl.LeaderElection.lambda$submitRequests$1(LeaderElection.java:234)
	at java.util.concurrent.FutureTask.run(FutureTask.java:266)
	at java.util.concurrent.Executors$RunnableAdapter.call(Executors.java:511)
	at java.util.concurrent.FutureTask.run(FutureTask.java:266)
	at java.util.concurrent.ThreadPoolExecutor.runWorker(ThreadPoolExecutor.java:1149)
	at java.util.concurrent.ThreadPoolExecutor$Worker.run(ThreadPoolExecutor.java:624)
	... 1 more
Caused by: org.apache.ratis.thirdparty.io.netty.channel.AbstractChannel$AnnotatedConnectException: Connection refused: /192.168.34.38:45833
	at sun.nio.ch.SocketChannelImpl.checkConnect(Native Method)
	at sun.nio.ch.SocketChannelImpl.finishConnect(SocketChannelImpl.java:717)
	at org.apache.ratis.thirdparty.io.netty.channel.socket.nio.NioSocketChannel.doFinishConnect(NioSocketChannel.java:327)
	at org.apache.ratis.thirdparty.io.netty.channel.nio.AbstractNioChannel$AbstractNioUnsafe.finishConnect(AbstractNioChannel.java:340)
	at org.apache.ratis.thirdparty.io.netty.channel.nio.NioEventLoop.processSelectedKey(NioEventLoop.java:632)
	at org.apache.ratis.thirdparty.io.netty.channel.nio.NioEventLoop.processSelectedKeysOptimized(NioEventLoop.java:579)
	at org.apache.ratis.thirdparty.io.netty.channel.nio.NioEventLoop.processSelectedKeys(NioEventLoop.java:496)
	at org.apache.ratis.thirdparty.io.netty.channel.nio.NioEventLoop.run(NioEventLoop.java:458)
	at org.apache.ratis.thirdparty.io.netty.util.concurrent.SingleThreadEventExecutor$5.run(SingleThreadEventExecutor.java:897)
	at org.apache.ratis.thirdparty.io.netty.util.concurrent.FastThreadLocalRunnable.run(FastThreadLocalRunnable.java:30)
	... 1 more
Caused by: java.net.ConnectException: Connection refused
	... 11 more
2019-10-16 21:02:17,792 [4b287a15-77af-487b-aef7-34d1d0ee189f@group-83C26644CFDA-LeaderElection428] INFO  impl.RaftServerImpl (RaftServerImpl.java:setRole(184)) - 4b287a15-77af-487b-aef7-34d1d0ee189f@group-83C26644CFDA: changes role from CANDIDATE to FOLLOWER at term 454 for DISCOVERED_A_NEW_TERM
2019-10-16 21:02:17,792 [4b287a15-77af-487b-aef7-34d1d0ee189f@group-83C26644CFDA-LeaderElection428] INFO  impl.RoleInfo (RoleInfo.java:shutdownLeaderElection(134)) - 4b287a15-77af-487b-aef7-34d1d0ee189f: shutdown LeaderElection
2019-10-16 21:02:17,792 [4b287a15-77af-487b-aef7-34d1d0ee189f@group-83C26644CFDA-LeaderElection428] INFO  impl.RoleInfo (RoleInfo.java:updateAndGet(143)) - 4b287a15-77af-487b-aef7-34d1d0ee189f: start FollowerState
2019-10-16 21:02:17,858 [Thread-2964] INFO  impl.FollowerState (FollowerState.java:run(108)) - 4b287a15-77af-487b-aef7-34d1d0ee189f@group-83C26644CFDA-FollowerState: change to CANDIDATE, lastRpcTime:66ms, electionTimeout:66ms
2019-10-16 21:02:17,858 [Thread-2964] INFO  impl.RoleInfo (RoleInfo.java:shutdownFollowerState(121)) - 4b287a15-77af-487b-aef7-34d1d0ee189f: shutdown FollowerState
2019-10-16 21:02:17,859 [Thread-2964] INFO  impl.RaftServerImpl (RaftServerImpl.java:setRole(184)) - 4b287a15-77af-487b-aef7-34d1d0ee189f@group-83C26644CFDA: changes role from  FOLLOWER to CANDIDATE at term 454 for changeToCandidate
2019-10-16 21:02:17,859 [Thread-2964] INFO  impl.RoleInfo (RoleInfo.java:updateAndGet(143)) - 4b287a15-77af-487b-aef7-34d1d0ee189f: start LeaderElection
2019-10-16 21:02:17,864 [4b287a15-77af-487b-aef7-34d1d0ee189f@group-83C26644CFDA-LeaderElection429] INFO  impl.LeaderElection (LeaderElection.java:askForVotes(178)) - 4b287a15-77af-487b-aef7-34d1d0ee189f@group-83C26644CFDA-LeaderElection429: begin an election at term 455 for -1: [4b287a15-77af-487b-aef7-34d1d0ee189f:192.168.34.38:38597, 0aa3649f-570d-46c6-937f-492d7f3a8364:192.168.34.38:33209, 4a03179f-3169-4ac7-a075-259968512ef0:192.168.34.38:45833], old=null
2019-10-16 21:02:17,865 [4b287a15-77af-487b-aef7-34d1d0ee189f@group-83C26644CFDA-LeaderElection429] INFO  impl.LeaderElection (LogUtils.java:infoOrTrace(149)) - 4b287a15-77af-487b-aef7-34d1d0ee189f@group-83C26644CFDA-LeaderElection429 got exception when requesting votes: {}
java.util.concurrent.ExecutionException: org.apache.ratis.thirdparty.io.grpc.StatusRuntimeException: UNAVAILABLE: io exception
	at java.util.concurrent.FutureTask.report(FutureTask.java:122)
	at java.util.concurrent.FutureTask.get(FutureTask.java:192)
	at org.apache.ratis.server.impl.LeaderElection.waitForResults(LeaderElection.java:259)
	at org.apache.ratis.server.impl.LeaderElection.askForVotes(LeaderElection.java:197)
	at org.apache.ratis.server.impl.LeaderElection.run(LeaderElection.java:133)
	at java.lang.Thread.run(Thread.java:748)
Caused by: org.apache.ratis.thirdparty.io.grpc.StatusRuntimeException: UNAVAILABLE: io exception
	at org.apache.ratis.thirdparty.io.grpc.stub.ClientCalls.toStatusRuntimeException(ClientCalls.java:233)
	at org.apache.ratis.thirdparty.io.grpc.stub.ClientCalls.getUnchecked(ClientCalls.java:214)
	at org.apache.ratis.thirdparty.io.grpc.stub.ClientCalls.blockingUnaryCall(ClientCalls.java:139)
	at org.apache.ratis.proto.grpc.RaftServerProtocolServiceGrpc$RaftServerProtocolServiceBlockingStub.requestVote(RaftServerProtocolServiceGrpc.java:265)
	at org.apache.ratis.grpc.server.GrpcServerProtocolClient.requestVote(GrpcServerProtocolClient.java:99)
	at org.apache.ratis.grpc.server.GrpcService.requestVote(GrpcService.java:204)
	at org.apache.ratis.server.impl.LeaderElection.lambda$submitRequests$1(LeaderElection.java:234)
	at java.util.concurrent.FutureTask.run(FutureTask.java:266)
	at java.util.concurrent.Executors$RunnableAdapter.call(Executors.java:511)
	at java.util.concurrent.FutureTask.run(FutureTask.java:266)
	at java.util.concurrent.ThreadPoolExecutor.runWorker(ThreadPoolExecutor.java:1149)
	at java.util.concurrent.ThreadPoolExecutor$Worker.run(ThreadPoolExecutor.java:624)
	... 1 more
Caused by: org.apache.ratis.thirdparty.io.netty.channel.AbstractChannel$AnnotatedConnectException: Connection refused: /192.168.34.38:45833
	at sun.nio.ch.SocketChannelImpl.checkConnect(Native Method)
	at sun.nio.ch.SocketChannelImpl.finishConnect(SocketChannelImpl.java:717)
	at org.apache.ratis.thirdparty.io.netty.channel.socket.nio.NioSocketChannel.doFinishConnect(NioSocketChannel.java:327)
	at org.apache.ratis.thirdparty.io.netty.channel.nio.AbstractNioChannel$AbstractNioUnsafe.finishConnect(AbstractNioChannel.java:340)
	at org.apache.ratis.thirdparty.io.netty.channel.nio.NioEventLoop.processSelectedKey(NioEventLoop.java:632)
	at org.apache.ratis.thirdparty.io.netty.channel.nio.NioEventLoop.processSelectedKeysOptimized(NioEventLoop.java:579)
	at org.apache.ratis.thirdparty.io.netty.channel.nio.NioEventLoop.processSelectedKeys(NioEventLoop.java:496)
	at org.apache.ratis.thirdparty.io.netty.channel.nio.NioEventLoop.run(NioEventLoop.java:458)
	at org.apache.ratis.thirdparty.io.netty.util.concurrent.SingleThreadEventExecutor$5.run(SingleThreadEventExecutor.java:897)
	at org.apache.ratis.thirdparty.io.netty.util.concurrent.FastThreadLocalRunnable.run(FastThreadLocalRunnable.java:30)
	... 1 more
Caused by: java.net.ConnectException: Connection refused
	... 11 more
2019-10-16 21:02:17,868 [4b287a15-77af-487b-aef7-34d1d0ee189f@group-83C26644CFDA-LeaderElection429] INFO  impl.LeaderElection (LogUtils.java:infoOrTrace(149)) - 4b287a15-77af-487b-aef7-34d1d0ee189f@group-83C26644CFDA-LeaderElection429 got exception when requesting votes: {}
java.util.concurrent.ExecutionException: org.apache.ratis.thirdparty.io.grpc.StatusRuntimeException: UNAVAILABLE: io exception
	at java.util.concurrent.FutureTask.report(FutureTask.java:122)
	at java.util.concurrent.FutureTask.get(FutureTask.java:192)
	at org.apache.ratis.server.impl.LeaderElection.waitForResults(LeaderElection.java:259)
	at org.apache.ratis.server.impl.LeaderElection.askForVotes(LeaderElection.java:197)
	at org.apache.ratis.server.impl.LeaderElection.run(LeaderElection.java:133)
	at java.lang.Thread.run(Thread.java:748)
Caused by: org.apache.ratis.thirdparty.io.grpc.StatusRuntimeException: UNAVAILABLE: io exception
	at org.apache.ratis.thirdparty.io.grpc.stub.ClientCalls.toStatusRuntimeException(ClientCalls.java:233)
	at org.apache.ratis.thirdparty.io.grpc.stub.ClientCalls.getUnchecked(ClientCalls.java:214)
	at org.apache.ratis.thirdparty.io.grpc.stub.ClientCalls.blockingUnaryCall(ClientCalls.java:139)
	at org.apache.ratis.proto.grpc.RaftServerProtocolServiceGrpc$RaftServerProtocolServiceBlockingStub.requestVote(RaftServerProtocolServiceGrpc.java:265)
	at org.apache.ratis.grpc.server.GrpcServerProtocolClient.requestVote(GrpcServerProtocolClient.java:99)
	at org.apache.ratis.grpc.server.GrpcService.requestVote(GrpcService.java:204)
	at org.apache.ratis.server.impl.LeaderElection.lambda$submitRequests$1(LeaderElection.java:234)
	at java.util.concurrent.FutureTask.run(FutureTask.java:266)
	at java.util.concurrent.Executors$RunnableAdapter.call(Executors.java:511)
	at java.util.concurrent.FutureTask.run(FutureTask.java:266)
	at java.util.concurrent.ThreadPoolExecutor.runWorker(ThreadPoolExecutor.java:1149)
	at java.util.concurrent.ThreadPoolExecutor$Worker.run(ThreadPoolExecutor.java:624)
	... 1 more
Caused by: org.apache.ratis.thirdparty.io.netty.channel.AbstractChannel$AnnotatedConnectException: Connection refused: /192.168.34.38:33209
	at sun.nio.ch.SocketChannelImpl.checkConnect(Native Method)
	at sun.nio.ch.SocketChannelImpl.finishConnect(SocketChannelImpl.java:717)
	at org.apache.ratis.thirdparty.io.netty.channel.socket.nio.NioSocketChannel.doFinishConnect(NioSocketChannel.java:327)
	at org.apache.ratis.thirdparty.io.netty.channel.nio.AbstractNioChannel$AbstractNioUnsafe.finishConnect(AbstractNioChannel.java:340)
	at org.apache.ratis.thirdparty.io.netty.channel.nio.NioEventLoop.processSelectedKey(NioEventLoop.java:632)
	at org.apache.ratis.thirdparty.io.netty.channel.nio.NioEventLoop.processSelectedKeysOptimized(NioEventLoop.java:579)
	at org.apache.ratis.thirdparty.io.netty.channel.nio.NioEventLoop.processSelectedKeys(NioEventLoop.java:496)
	at org.apache.ratis.thirdparty.io.netty.channel.nio.NioEventLoop.run(NioEventLoop.java:458)
	at org.apache.ratis.thirdparty.io.netty.util.concurrent.SingleThreadEventExecutor$5.run(SingleThreadEventExecutor.java:897)
	at org.apache.ratis.thirdparty.io.netty.util.concurrent.FastThreadLocalRunnable.run(FastThreadLocalRunnable.java:30)
	... 1 more
Caused by: java.net.ConnectException: Connection refused
	... 11 more
2019-10-16 21:02:17,869 [4b287a15-77af-487b-aef7-34d1d0ee189f@group-83C26644CFDA-LeaderElection429] INFO  impl.LeaderElection (LeaderElection.java:logAndReturn(56)) - 4b287a15-77af-487b-aef7-34d1d0ee189f@group-83C26644CFDA-LeaderElection429: Election REJECTED; received 0 response(s) [] and 2 exception(s); 4b287a15-77af-487b-aef7-34d1d0ee189f@group-83C26644CFDA:t455, leader=null, voted=4b287a15-77af-487b-aef7-34d1d0ee189f, raftlog=4b287a15-77af-487b-aef7-34d1d0ee189f@group-83C26644CFDA-SegmentedRaftLog:OPENED:c-1,f-1,i0, conf=-1: [4b287a15-77af-487b-aef7-34d1d0ee189f:192.168.34.38:38597, 0aa3649f-570d-46c6-937f-492d7f3a8364:192.168.34.38:33209, 4a03179f-3169-4ac7-a075-259968512ef0:192.168.34.38:45833], old=null
2019-10-16 21:02:17,870 [4b287a15-77af-487b-aef7-34d1d0ee189f@group-83C26644CFDA-LeaderElection429] INFO  impl.LeaderElection (LogUtils.java:infoOrTrace(149)) -   Exception 0: {}
java.util.concurrent.ExecutionException: org.apache.ratis.thirdparty.io.grpc.StatusRuntimeException: UNAVAILABLE: io exception
	at java.util.concurrent.FutureTask.report(FutureTask.java:122)
	at java.util.concurrent.FutureTask.get(FutureTask.java:192)
	at org.apache.ratis.server.impl.LeaderElection.waitForResults(LeaderElection.java:259)
	at org.apache.ratis.server.impl.LeaderElection.askForVotes(LeaderElection.java:197)
	at org.apache.ratis.server.impl.LeaderElection.run(LeaderElection.java:133)
	at java.lang.Thread.run(Thread.java:748)
Caused by: org.apache.ratis.thirdparty.io.grpc.StatusRuntimeException: UNAVAILABLE: io exception
	at org.apache.ratis.thirdparty.io.grpc.stub.ClientCalls.toStatusRuntimeException(ClientCalls.java:233)
	at org.apache.ratis.thirdparty.io.grpc.stub.ClientCalls.getUnchecked(ClientCalls.java:214)
	at org.apache.ratis.thirdparty.io.grpc.stub.ClientCalls.blockingUnaryCall(ClientCalls.java:139)
	at org.apache.ratis.proto.grpc.RaftServerProtocolServiceGrpc$RaftServerProtocolServiceBlockingStub.requestVote(RaftServerProtocolServiceGrpc.java:265)
	at org.apache.ratis.grpc.server.GrpcServerProtocolClient.requestVote(GrpcServerProtocolClient.java:99)
	at org.apache.ratis.grpc.server.GrpcService.requestVote(GrpcService.java:204)
	at org.apache.ratis.server.impl.LeaderElection.lambda$submitRequests$1(LeaderElection.java:234)
	at java.util.concurrent.FutureTask.run(FutureTask.java:266)
	at java.util.concurrent.Executors$RunnableAdapter.call(Executors.java:511)
	at java.util.concurrent.FutureTask.run(FutureTask.java:266)
	at java.util.concurrent.ThreadPoolExecutor.runWorker(ThreadPoolExecutor.java:1149)
	at java.util.concurrent.ThreadPoolExecutor$Worker.run(ThreadPoolExecutor.java:624)
	... 1 more
Caused by: org.apache.ratis.thirdparty.io.netty.channel.AbstractChannel$AnnotatedConnectException: Connection refused: /192.168.34.38:45833
	at sun.nio.ch.SocketChannelImpl.checkConnect(Native Method)
	at sun.nio.ch.SocketChannelImpl.finishConnect(SocketChannelImpl.java:717)
	at org.apache.ratis.thirdparty.io.netty.channel.socket.nio.NioSocketChannel.doFinishConnect(NioSocketChannel.java:327)
	at org.apache.ratis.thirdparty.io.netty.channel.nio.AbstractNioChannel$AbstractNioUnsafe.finishConnect(AbstractNioChannel.java:340)
	at org.apache.ratis.thirdparty.io.netty.channel.nio.NioEventLoop.processSelectedKey(NioEventLoop.java:632)
	at org.apache.ratis.thirdparty.io.netty.channel.nio.NioEventLoop.processSelectedKeysOptimized(NioEventLoop.java:579)
	at org.apache.ratis.thirdparty.io.netty.channel.nio.NioEventLoop.processSelectedKeys(NioEventLoop.java:496)
	at org.apache.ratis.thirdparty.io.netty.channel.nio.NioEventLoop.run(NioEventLoop.java:458)
	at org.apache.ratis.thirdparty.io.netty.util.concurrent.SingleThreadEventExecutor$5.run(SingleThreadEventExecutor.java:897)
	at org.apache.ratis.thirdparty.io.netty.util.concurrent.FastThreadLocalRunnable.run(FastThreadLocalRunnable.java:30)
	... 1 more
Caused by: java.net.ConnectException: Connection refused
	... 11 more
2019-10-16 21:02:17,870 [4b287a15-77af-487b-aef7-34d1d0ee189f@group-83C26644CFDA-LeaderElection429] INFO  impl.LeaderElection (LogUtils.java:infoOrTrace(149)) -   Exception 1: {}
java.util.concurrent.ExecutionException: org.apache.ratis.thirdparty.io.grpc.StatusRuntimeException: UNAVAILABLE: io exception
	at java.util.concurrent.FutureTask.report(FutureTask.java:122)
	at java.util.concurrent.FutureTask.get(FutureTask.java:192)
	at org.apache.ratis.server.impl.LeaderElection.waitForResults(LeaderElection.java:259)
	at org.apache.ratis.server.impl.LeaderElection.askForVotes(LeaderElection.java:197)
	at org.apache.ratis.server.impl.LeaderElection.run(LeaderElection.java:133)
	at java.lang.Thread.run(Thread.java:748)
Caused by: org.apache.ratis.thirdparty.io.grpc.StatusRuntimeException: UNAVAILABLE: io exception
	at org.apache.ratis.thirdparty.io.grpc.stub.ClientCalls.toStatusRuntimeException(ClientCalls.java:233)
	at org.apache.ratis.thirdparty.io.grpc.stub.ClientCalls.getUnchecked(ClientCalls.java:214)
	at org.apache.ratis.thirdparty.io.grpc.stub.ClientCalls.blockingUnaryCall(ClientCalls.java:139)
	at org.apache.ratis.proto.grpc.RaftServerProtocolServiceGrpc$RaftServerProtocolServiceBlockingStub.requestVote(RaftServerProtocolServiceGrpc.java:265)
	at org.apache.ratis.grpc.server.GrpcServerProtocolClient.requestVote(GrpcServerProtocolClient.java:99)
	at org.apache.ratis.grpc.server.GrpcService.requestVote(GrpcService.java:204)
	at org.apache.ratis.server.impl.LeaderElection.lambda$submitRequests$1(LeaderElection.java:234)
	at java.util.concurrent.FutureTask.run(FutureTask.java:266)
	at java.util.concurrent.Executors$RunnableAdapter.call(Executors.java:511)
	at java.util.concurrent.FutureTask.run(FutureTask.java:266)
	at java.util.concurrent.ThreadPoolExecutor.runWorker(ThreadPoolExecutor.java:1149)
	at java.util.concurrent.ThreadPoolExecutor$Worker.run(ThreadPoolExecutor.java:624)
	... 1 more
Caused by: org.apache.ratis.thirdparty.io.netty.channel.AbstractChannel$AnnotatedConnectException: Connection refused: /192.168.34.38:33209
	at sun.nio.ch.SocketChannelImpl.checkConnect(Native Method)
	at sun.nio.ch.SocketChannelImpl.finishConnect(SocketChannelImpl.java:717)
	at org.apache.ratis.thirdparty.io.netty.channel.socket.nio.NioSocketChannel.doFinishConnect(NioSocketChannel.java:327)
	at org.apache.ratis.thirdparty.io.netty.channel.nio.AbstractNioChannel$AbstractNioUnsafe.finishConnect(AbstractNioChannel.java:340)
	at org.apache.ratis.thirdparty.io.netty.channel.nio.NioEventLoop.processSelectedKey(NioEventLoop.java:632)
	at org.apache.ratis.thirdparty.io.netty.channel.nio.NioEventLoop.processSelectedKeysOptimized(NioEventLoop.java:579)
	at org.apache.ratis.thirdparty.io.netty.channel.nio.NioEventLoop.processSelectedKeys(NioEventLoop.java:496)
	at org.apache.ratis.thirdparty.io.netty.channel.nio.NioEventLoop.run(NioEventLoop.java:458)
	at org.apache.ratis.thirdparty.io.netty.util.concurrent.SingleThreadEventExecutor$5.run(SingleThreadEventExecutor.java:897)
	at org.apache.ratis.thirdparty.io.netty.util.concurrent.FastThreadLocalRunnable.run(FastThreadLocalRunnable.java:30)
	... 1 more
Caused by: java.net.ConnectException: Connection refused
	... 11 more
2019-10-16 21:02:17,871 [4b287a15-77af-487b-aef7-34d1d0ee189f@group-83C26644CFDA-LeaderElection429] INFO  impl.RaftServerImpl (RaftServerImpl.java:setRole(184)) - 4b287a15-77af-487b-aef7-34d1d0ee189f@group-83C26644CFDA: changes role from CANDIDATE to FOLLOWER at term 455 for DISCOVERED_A_NEW_TERM
2019-10-16 21:02:17,871 [4b287a15-77af-487b-aef7-34d1d0ee189f@group-83C26644CFDA-LeaderElection429] INFO  impl.RoleInfo (RoleInfo.java:shutdownLeaderElection(134)) - 4b287a15-77af-487b-aef7-34d1d0ee189f: shutdown LeaderElection
2019-10-16 21:02:17,871 [4b287a15-77af-487b-aef7-34d1d0ee189f@group-83C26644CFDA-LeaderElection429] INFO  impl.RoleInfo (RoleInfo.java:updateAndGet(143)) - 4b287a15-77af-487b-aef7-34d1d0ee189f: start FollowerState
2019-10-16 21:02:18,021 [Thread-2968] INFO  impl.FollowerState (FollowerState.java:run(108)) - 4b287a15-77af-487b-aef7-34d1d0ee189f@group-83C26644CFDA-FollowerState: change to CANDIDATE, lastRpcTime:149ms, electionTimeout:149ms
2019-10-16 21:02:18,021 [Thread-2968] INFO  impl.RoleInfo (RoleInfo.java:shutdownFollowerState(121)) - 4b287a15-77af-487b-aef7-34d1d0ee189f: shutdown FollowerState
2019-10-16 21:02:18,021 [Thread-2968] INFO  impl.RaftServerImpl (RaftServerImpl.java:setRole(184)) - 4b287a15-77af-487b-aef7-34d1d0ee189f@group-83C26644CFDA: changes role from  FOLLOWER to CANDIDATE at term 455 for changeToCandidate
2019-10-16 21:02:18,021 [Thread-2968] INFO  impl.RoleInfo (RoleInfo.java:updateAndGet(143)) - 4b287a15-77af-487b-aef7-34d1d0ee189f: start LeaderElection
2019-10-16 21:02:18,036 [4b287a15-77af-487b-aef7-34d1d0ee189f@group-83C26644CFDA-LeaderElection430] INFO  impl.LeaderElection (LeaderElection.java:askForVotes(178)) - 4b287a15-77af-487b-aef7-34d1d0ee189f@group-83C26644CFDA-LeaderElection430: begin an election at term 456 for -1: [4b287a15-77af-487b-aef7-34d1d0ee189f:192.168.34.38:38597, 0aa3649f-570d-46c6-937f-492d7f3a8364:192.168.34.38:33209, 4a03179f-3169-4ac7-a075-259968512ef0:192.168.34.38:45833], old=null
2019-10-16 21:02:18,037 [4b287a15-77af-487b-aef7-34d1d0ee189f@group-83C26644CFDA-LeaderElection430] INFO  impl.LeaderElection (LogUtils.java:infoOrTrace(149)) - 4b287a15-77af-487b-aef7-34d1d0ee189f@group-83C26644CFDA-LeaderElection430 got exception when requesting votes: {}
java.util.concurrent.ExecutionException: org.apache.ratis.thirdparty.io.grpc.StatusRuntimeException: UNAVAILABLE: io exception
	at java.util.concurrent.FutureTask.report(FutureTask.java:122)
	at java.util.concurrent.FutureTask.get(FutureTask.java:192)
	at org.apache.ratis.server.impl.LeaderElection.waitForResults(LeaderElection.java:259)
	at org.apache.ratis.server.impl.LeaderElection.askForVotes(LeaderElection.java:197)
	at org.apache.ratis.server.impl.LeaderElection.run(LeaderElection.java:133)
	at java.lang.Thread.run(Thread.java:748)
Caused by: org.apache.ratis.thirdparty.io.grpc.StatusRuntimeException: UNAVAILABLE: io exception
	at org.apache.ratis.thirdparty.io.grpc.stub.ClientCalls.toStatusRuntimeException(ClientCalls.java:233)
	at org.apache.ratis.thirdparty.io.grpc.stub.ClientCalls.getUnchecked(ClientCalls.java:214)
	at org.apache.ratis.thirdparty.io.grpc.stub.ClientCalls.blockingUnaryCall(ClientCalls.java:139)
	at org.apache.ratis.proto.grpc.RaftServerProtocolServiceGrpc$RaftServerProtocolServiceBlockingStub.requestVote(RaftServerProtocolServiceGrpc.java:265)
	at org.apache.ratis.grpc.server.GrpcServerProtocolClient.requestVote(GrpcServerProtocolClient.java:99)
	at org.apache.ratis.grpc.server.GrpcService.requestVote(GrpcService.java:204)
	at org.apache.ratis.server.impl.LeaderElection.lambda$submitRequests$1(LeaderElection.java:234)
	at java.util.concurrent.FutureTask.run(FutureTask.java:266)
	at java.util.concurrent.Executors$RunnableAdapter.call(Executors.java:511)
	at java.util.concurrent.FutureTask.run(FutureTask.java:266)
	at java.util.concurrent.ThreadPoolExecutor.runWorker(ThreadPoolExecutor.java:1149)
	at java.util.concurrent.ThreadPoolExecutor$Worker.run(ThreadPoolExecutor.java:624)
	... 1 more
Caused by: org.apache.ratis.thirdparty.io.netty.channel.AbstractChannel$AnnotatedConnectException: Connection refused: /192.168.34.38:33209
	at sun.nio.ch.SocketChannelImpl.checkConnect(Native Method)
	at sun.nio.ch.SocketChannelImpl.finishConnect(SocketChannelImpl.java:717)
	at org.apache.ratis.thirdparty.io.netty.channel.socket.nio.NioSocketChannel.doFinishConnect(NioSocketChannel.java:327)
	at org.apache.ratis.thirdparty.io.netty.channel.nio.AbstractNioChannel$AbstractNioUnsafe.finishConnect(AbstractNioChannel.java:340)
	at org.apache.ratis.thirdparty.io.netty.channel.nio.NioEventLoop.processSelectedKey(NioEventLoop.java:632)
	at org.apache.ratis.thirdparty.io.netty.channel.nio.NioEventLoop.processSelectedKeysOptimized(NioEventLoop.java:579)
	at org.apache.ratis.thirdparty.io.netty.channel.nio.NioEventLoop.processSelectedKeys(NioEventLoop.java:496)
	at org.apache.ratis.thirdparty.io.netty.channel.nio.NioEventLoop.run(NioEventLoop.java:458)
	at org.apache.ratis.thirdparty.io.netty.util.concurrent.SingleThreadEventExecutor$5.run(SingleThreadEventExecutor.java:897)
	at org.apache.ratis.thirdparty.io.netty.util.concurrent.FastThreadLocalRunnable.run(FastThreadLocalRunnable.java:30)
	... 1 more
Caused by: java.net.ConnectException: Connection refused
	... 11 more
2019-10-16 21:02:18,038 [4b287a15-77af-487b-aef7-34d1d0ee189f@group-83C26644CFDA-LeaderElection430] INFO  impl.LeaderElection (LogUtils.java:infoOrTrace(149)) - 4b287a15-77af-487b-aef7-34d1d0ee189f@group-83C26644CFDA-LeaderElection430 got exception when requesting votes: {}
java.util.concurrent.ExecutionException: org.apache.ratis.thirdparty.io.grpc.StatusRuntimeException: UNAVAILABLE: io exception
	at java.util.concurrent.FutureTask.report(FutureTask.java:122)
	at java.util.concurrent.FutureTask.get(FutureTask.java:192)
	at org.apache.ratis.server.impl.LeaderElection.waitForResults(LeaderElection.java:259)
	at org.apache.ratis.server.impl.LeaderElection.askForVotes(LeaderElection.java:197)
	at org.apache.ratis.server.impl.LeaderElection.run(LeaderElection.java:133)
	at java.lang.Thread.run(Thread.java:748)
Caused by: org.apache.ratis.thirdparty.io.grpc.StatusRuntimeException: UNAVAILABLE: io exception
	at org.apache.ratis.thirdparty.io.grpc.stub.ClientCalls.toStatusRuntimeException(ClientCalls.java:233)
	at org.apache.ratis.thirdparty.io.grpc.stub.ClientCalls.getUnchecked(ClientCalls.java:214)
	at org.apache.ratis.thirdparty.io.grpc.stub.ClientCalls.blockingUnaryCall(ClientCalls.java:139)
	at org.apache.ratis.proto.grpc.RaftServerProtocolServiceGrpc$RaftServerProtocolServiceBlockingStub.requestVote(RaftServerProtocolServiceGrpc.java:265)
	at org.apache.ratis.grpc.server.GrpcServerProtocolClient.requestVote(GrpcServerProtocolClient.java:99)
	at org.apache.ratis.grpc.server.GrpcService.requestVote(GrpcService.java:204)
	at org.apache.ratis.server.impl.LeaderElection.lambda$submitRequests$1(LeaderElection.java:234)
	at java.util.concurrent.FutureTask.run(FutureTask.java:266)
	at java.util.concurrent.Executors$RunnableAdapter.call(Executors.java:511)
	at java.util.concurrent.FutureTask.run(FutureTask.java:266)
	at java.util.concurrent.ThreadPoolExecutor.runWorker(ThreadPoolExecutor.java:1149)
	at java.util.concurrent.ThreadPoolExecutor$Worker.run(ThreadPoolExecutor.java:624)
	... 1 more
Caused by: org.apache.ratis.thirdparty.io.netty.channel.AbstractChannel$AnnotatedConnectException: Connection refused: /192.168.34.38:45833
	at sun.nio.ch.SocketChannelImpl.checkConnect(Native Method)
	at sun.nio.ch.SocketChannelImpl.finishConnect(SocketChannelImpl.java:717)
	at org.apache.ratis.thirdparty.io.netty.channel.socket.nio.NioSocketChannel.doFinishConnect(NioSocketChannel.java:327)
	at org.apache.ratis.thirdparty.io.netty.channel.nio.AbstractNioChannel$AbstractNioUnsafe.finishConnect(AbstractNioChannel.java:340)
	at org.apache.ratis.thirdparty.io.netty.channel.nio.NioEventLoop.processSelectedKey(NioEventLoop.java:632)
	at org.apache.ratis.thirdparty.io.netty.channel.nio.NioEventLoop.processSelectedKeysOptimized(NioEventLoop.java:579)
	at org.apache.ratis.thirdparty.io.netty.channel.nio.NioEventLoop.processSelectedKeys(NioEventLoop.java:496)
	at org.apache.ratis.thirdparty.io.netty.channel.nio.NioEventLoop.run(NioEventLoop.java:458)
	at org.apache.ratis.thirdparty.io.netty.util.concurrent.SingleThreadEventExecutor$5.run(SingleThreadEventExecutor.java:897)
	at org.apache.ratis.thirdparty.io.netty.util.concurrent.FastThreadLocalRunnable.run(FastThreadLocalRunnable.java:30)
	... 1 more
Caused by: java.net.ConnectException: Connection refused
	... 11 more
2019-10-16 21:02:18,039 [4b287a15-77af-487b-aef7-34d1d0ee189f@group-83C26644CFDA-LeaderElection430] INFO  impl.LeaderElection (LeaderElection.java:logAndReturn(56)) - 4b287a15-77af-487b-aef7-34d1d0ee189f@group-83C26644CFDA-LeaderElection430: Election REJECTED; received 0 response(s) [] and 2 exception(s); 4b287a15-77af-487b-aef7-34d1d0ee189f@group-83C26644CFDA:t456, leader=null, voted=4b287a15-77af-487b-aef7-34d1d0ee189f, raftlog=4b287a15-77af-487b-aef7-34d1d0ee189f@group-83C26644CFDA-SegmentedRaftLog:OPENED:c-1,f-1,i0, conf=-1: [4b287a15-77af-487b-aef7-34d1d0ee189f:192.168.34.38:38597, 0aa3649f-570d-46c6-937f-492d7f3a8364:192.168.34.38:33209, 4a03179f-3169-4ac7-a075-259968512ef0:192.168.34.38:45833], old=null
2019-10-16 21:02:18,039 [4b287a15-77af-487b-aef7-34d1d0ee189f@group-83C26644CFDA-LeaderElection430] INFO  impl.LeaderElection (LogUtils.java:infoOrTrace(149)) -   Exception 0: {}
java.util.concurrent.ExecutionException: org.apache.ratis.thirdparty.io.grpc.StatusRuntimeException: UNAVAILABLE: io exception
	at java.util.concurrent.FutureTask.report(FutureTask.java:122)
	at java.util.concurrent.FutureTask.get(FutureTask.java:192)
	at org.apache.ratis.server.impl.LeaderElection.waitForResults(LeaderElection.java:259)
	at org.apache.ratis.server.impl.LeaderElection.askForVotes(LeaderElection.java:197)
	at org.apache.ratis.server.impl.LeaderElection.run(LeaderElection.java:133)
	at java.lang.Thread.run(Thread.java:748)
Caused by: org.apache.ratis.thirdparty.io.grpc.StatusRuntimeException: UNAVAILABLE: io exception
	at org.apache.ratis.thirdparty.io.grpc.stub.ClientCalls.toStatusRuntimeException(ClientCalls.java:233)
	at org.apache.ratis.thirdparty.io.grpc.stub.ClientCalls.getUnchecked(ClientCalls.java:214)
	at org.apache.ratis.thirdparty.io.grpc.stub.ClientCalls.blockingUnaryCall(ClientCalls.java:139)
	at org.apache.ratis.proto.grpc.RaftServerProtocolServiceGrpc$RaftServerProtocolServiceBlockingStub.requestVote(RaftServerProtocolServiceGrpc.java:265)
	at org.apache.ratis.grpc.server.GrpcServerProtocolClient.requestVote(GrpcServerProtocolClient.java:99)
	at org.apache.ratis.grpc.server.GrpcService.requestVote(GrpcService.java:204)
	at org.apache.ratis.server.impl.LeaderElection.lambda$submitRequests$1(LeaderElection.java:234)
	at java.util.concurrent.FutureTask.run(FutureTask.java:266)
	at java.util.concurrent.Executors$RunnableAdapter.call(Executors.java:511)
	at java.util.concurrent.FutureTask.run(FutureTask.java:266)
	at java.util.concurrent.ThreadPoolExecutor.runWorker(ThreadPoolExecutor.java:1149)
	at java.util.concurrent.ThreadPoolExecutor$Worker.run(ThreadPoolExecutor.java:624)
	... 1 more
Caused by: org.apache.ratis.thirdparty.io.netty.channel.AbstractChannel$AnnotatedConnectException: Connection refused: /192.168.34.38:33209
	at sun.nio.ch.SocketChannelImpl.checkConnect(Native Method)
	at sun.nio.ch.SocketChannelImpl.finishConnect(SocketChannelImpl.java:717)
	at org.apache.ratis.thirdparty.io.netty.channel.socket.nio.NioSocketChannel.doFinishConnect(NioSocketChannel.java:327)
	at org.apache.ratis.thirdparty.io.netty.channel.nio.AbstractNioChannel$AbstractNioUnsafe.finishConnect(AbstractNioChannel.java:340)
	at org.apache.ratis.thirdparty.io.netty.channel.nio.NioEventLoop.processSelectedKey(NioEventLoop.java:632)
	at org.apache.ratis.thirdparty.io.netty.channel.nio.NioEventLoop.processSelectedKeysOptimized(NioEventLoop.java:579)
	at org.apache.ratis.thirdparty.io.netty.channel.nio.NioEventLoop.processSelectedKeys(NioEventLoop.java:496)
	at org.apache.ratis.thirdparty.io.netty.channel.nio.NioEventLoop.run(NioEventLoop.java:458)
	at org.apache.ratis.thirdparty.io.netty.util.concurrent.SingleThreadEventExecutor$5.run(SingleThreadEventExecutor.java:897)
	at org.apache.ratis.thirdparty.io.netty.util.concurrent.FastThreadLocalRunnable.run(FastThreadLocalRunnable.java:30)
	... 1 more
Caused by: java.net.ConnectException: Connection refused
	... 11 more
2019-10-16 21:02:18,039 [4b287a15-77af-487b-aef7-34d1d0ee189f@group-83C26644CFDA-LeaderElection430] INFO  impl.LeaderElection (LogUtils.java:infoOrTrace(149)) -   Exception 1: {}
java.util.concurrent.ExecutionException: org.apache.ratis.thirdparty.io.grpc.StatusRuntimeException: UNAVAILABLE: io exception
	at java.util.concurrent.FutureTask.report(FutureTask.java:122)
	at java.util.concurrent.FutureTask.get(FutureTask.java:192)
	at org.apache.ratis.server.impl.LeaderElection.waitForResults(LeaderElection.java:259)
	at org.apache.ratis.server.impl.LeaderElection.askForVotes(LeaderElection.java:197)
	at org.apache.ratis.server.impl.LeaderElection.run(LeaderElection.java:133)
	at java.lang.Thread.run(Thread.java:748)
Caused by: org.apache.ratis.thirdparty.io.grpc.StatusRuntimeException: UNAVAILABLE: io exception
	at org.apache.ratis.thirdparty.io.grpc.stub.ClientCalls.toStatusRuntimeException(ClientCalls.java:233)
	at org.apache.ratis.thirdparty.io.grpc.stub.ClientCalls.getUnchecked(ClientCalls.java:214)
	at org.apache.ratis.thirdparty.io.grpc.stub.ClientCalls.blockingUnaryCall(ClientCalls.java:139)
	at org.apache.ratis.proto.grpc.RaftServerProtocolServiceGrpc$RaftServerProtocolServiceBlockingStub.requestVote(RaftServerProtocolServiceGrpc.java:265)
	at org.apache.ratis.grpc.server.GrpcServerProtocolClient.requestVote(GrpcServerProtocolClient.java:99)
	at org.apache.ratis.grpc.server.GrpcService.requestVote(GrpcService.java:204)
	at org.apache.ratis.server.impl.LeaderElection.lambda$submitRequests$1(LeaderElection.java:234)
	at java.util.concurrent.FutureTask.run(FutureTask.java:266)
	at java.util.concurrent.Executors$RunnableAdapter.call(Executors.java:511)
	at java.util.concurrent.FutureTask.run(FutureTask.java:266)
	at java.util.concurrent.ThreadPoolExecutor.runWorker(ThreadPoolExecutor.java:1149)
	at java.util.concurrent.ThreadPoolExecutor$Worker.run(ThreadPoolExecutor.java:624)
	... 1 more
Caused by: org.apache.ratis.thirdparty.io.netty.channel.AbstractChannel$AnnotatedConnectException: Connection refused: /192.168.34.38:45833
	at sun.nio.ch.SocketChannelImpl.checkConnect(Native Method)
	at sun.nio.ch.SocketChannelImpl.finishConnect(SocketChannelImpl.java:717)
	at org.apache.ratis.thirdparty.io.netty.channel.socket.nio.NioSocketChannel.doFinishConnect(NioSocketChannel.java:327)
	at org.apache.ratis.thirdparty.io.netty.channel.nio.AbstractNioChannel$AbstractNioUnsafe.finishConnect(AbstractNioChannel.java:340)
	at org.apache.ratis.thirdparty.io.netty.channel.nio.NioEventLoop.processSelectedKey(NioEventLoop.java:632)
	at org.apache.ratis.thirdparty.io.netty.channel.nio.NioEventLoop.processSelectedKeysOptimized(NioEventLoop.java:579)
	at org.apache.ratis.thirdparty.io.netty.channel.nio.NioEventLoop.processSelectedKeys(NioEventLoop.java:496)
	at org.apache.ratis.thirdparty.io.netty.channel.nio.NioEventLoop.run(NioEventLoop.java:458)
	at org.apache.ratis.thirdparty.io.netty.util.concurrent.SingleThreadEventExecutor$5.run(SingleThreadEventExecutor.java:897)
	at org.apache.ratis.thirdparty.io.netty.util.concurrent.FastThreadLocalRunnable.run(FastThreadLocalRunnable.java:30)
	... 1 more
Caused by: java.net.ConnectException: Connection refused
	... 11 more
2019-10-16 21:02:18,039 [4b287a15-77af-487b-aef7-34d1d0ee189f@group-83C26644CFDA-LeaderElection430] INFO  impl.RaftServerImpl (RaftServerImpl.java:setRole(184)) - 4b287a15-77af-487b-aef7-34d1d0ee189f@group-83C26644CFDA: changes role from CANDIDATE to FOLLOWER at term 456 for DISCOVERED_A_NEW_TERM
2019-10-16 21:02:18,039 [4b287a15-77af-487b-aef7-34d1d0ee189f@group-83C26644CFDA-LeaderElection430] INFO  impl.RoleInfo (RoleInfo.java:shutdownLeaderElection(134)) - 4b287a15-77af-487b-aef7-34d1d0ee189f: shutdown LeaderElection
2019-10-16 21:02:18,039 [4b287a15-77af-487b-aef7-34d1d0ee189f@group-83C26644CFDA-LeaderElection430] INFO  impl.RoleInfo (RoleInfo.java:updateAndGet(143)) - 4b287a15-77af-487b-aef7-34d1d0ee189f: start FollowerState
2019-10-16 21:02:18,052 [Thread-2972] INFO  impl.FollowerState (FollowerState.java:run(108)) - 4b287a15-77af-487b-aef7-34d1d0ee189f@group-83C26644CFDA-FollowerState: change to CANDIDATE, lastRpcTime:12ms, electionTimeout:12ms
2019-10-16 21:02:18,052 [Thread-2972] INFO  impl.RoleInfo (RoleInfo.java:shutdownFollowerState(121)) - 4b287a15-77af-487b-aef7-34d1d0ee189f: shutdown FollowerState
2019-10-16 21:02:18,052 [Thread-2972] INFO  impl.RaftServerImpl (RaftServerImpl.java:setRole(184)) - 4b287a15-77af-487b-aef7-34d1d0ee189f@group-83C26644CFDA: changes role from  FOLLOWER to CANDIDATE at term 456 for changeToCandidate
2019-10-16 21:02:18,052 [Thread-2972] INFO  impl.RoleInfo (RoleInfo.java:updateAndGet(143)) - 4b287a15-77af-487b-aef7-34d1d0ee189f: start LeaderElection
2019-10-16 21:02:18,066 [4b287a15-77af-487b-aef7-34d1d0ee189f@group-83C26644CFDA-LeaderElection431] INFO  impl.LeaderElection (LeaderElection.java:askForVotes(178)) - 4b287a15-77af-487b-aef7-34d1d0ee189f@group-83C26644CFDA-LeaderElection431: begin an election at term 457 for -1: [4b287a15-77af-487b-aef7-34d1d0ee189f:192.168.34.38:38597, 0aa3649f-570d-46c6-937f-492d7f3a8364:192.168.34.38:33209, 4a03179f-3169-4ac7-a075-259968512ef0:192.168.34.38:45833], old=null
2019-10-16 21:02:18,067 [4b287a15-77af-487b-aef7-34d1d0ee189f@group-83C26644CFDA-LeaderElection431] INFO  impl.LeaderElection (LogUtils.java:infoOrTrace(149)) - 4b287a15-77af-487b-aef7-34d1d0ee189f@group-83C26644CFDA-LeaderElection431 got exception when requesting votes: {}
java.util.concurrent.ExecutionException: org.apache.ratis.thirdparty.io.grpc.StatusRuntimeException: UNAVAILABLE: io exception
	at java.util.concurrent.FutureTask.report(FutureTask.java:122)
	at java.util.concurrent.FutureTask.get(FutureTask.java:192)
	at org.apache.ratis.server.impl.LeaderElection.waitForResults(LeaderElection.java:259)
	at org.apache.ratis.server.impl.LeaderElection.askForVotes(LeaderElection.java:197)
	at org.apache.ratis.server.impl.LeaderElection.run(LeaderElection.java:133)
	at java.lang.Thread.run(Thread.java:748)
Caused by: org.apache.ratis.thirdparty.io.grpc.StatusRuntimeException: UNAVAILABLE: io exception
	at org.apache.ratis.thirdparty.io.grpc.stub.ClientCalls.toStatusRuntimeException(ClientCalls.java:233)
	at org.apache.ratis.thirdparty.io.grpc.stub.ClientCalls.getUnchecked(ClientCalls.java:214)
	at org.apache.ratis.thirdparty.io.grpc.stub.ClientCalls.blockingUnaryCall(ClientCalls.java:139)
	at org.apache.ratis.proto.grpc.RaftServerProtocolServiceGrpc$RaftServerProtocolServiceBlockingStub.requestVote(RaftServerProtocolServiceGrpc.java:265)
	at org.apache.ratis.grpc.server.GrpcServerProtocolClient.requestVote(GrpcServerProtocolClient.java:99)
	at org.apache.ratis.grpc.server.GrpcService.requestVote(GrpcService.java:204)
	at org.apache.ratis.server.impl.LeaderElection.lambda$submitRequests$1(LeaderElection.java:234)
	at java.util.concurrent.FutureTask.run(FutureTask.java:266)
	at java.util.concurrent.Executors$RunnableAdapter.call(Executors.java:511)
	at java.util.concurrent.FutureTask.run(FutureTask.java:266)
	at java.util.concurrent.ThreadPoolExecutor.runWorker(ThreadPoolExecutor.java:1149)
	at java.util.concurrent.ThreadPoolExecutor$Worker.run(ThreadPoolExecutor.java:624)
	... 1 more
Caused by: org.apache.ratis.thirdparty.io.netty.channel.AbstractChannel$AnnotatedConnectException: Connection refused: /192.168.34.38:33209
	at sun.nio.ch.SocketChannelImpl.checkConnect(Native Method)
	at sun.nio.ch.SocketChannelImpl.finishConnect(SocketChannelImpl.java:717)
	at org.apache.ratis.thirdparty.io.netty.channel.socket.nio.NioSocketChannel.doFinishConnect(NioSocketChannel.java:327)
	at org.apache.ratis.thirdparty.io.netty.channel.nio.AbstractNioChannel$AbstractNioUnsafe.finishConnect(AbstractNioChannel.java:340)
	at org.apache.ratis.thirdparty.io.netty.channel.nio.NioEventLoop.processSelectedKey(NioEventLoop.java:632)
	at org.apache.ratis.thirdparty.io.netty.channel.nio.NioEventLoop.processSelectedKeysOptimized(NioEventLoop.java:579)
	at org.apache.ratis.thirdparty.io.netty.channel.nio.NioEventLoop.processSelectedKeys(NioEventLoop.java:496)
	at org.apache.ratis.thirdparty.io.netty.channel.nio.NioEventLoop.run(NioEventLoop.java:458)
	at org.apache.ratis.thirdparty.io.netty.util.concurrent.SingleThreadEventExecutor$5.run(SingleThreadEventExecutor.java:897)
	at org.apache.ratis.thirdparty.io.netty.util.concurrent.FastThreadLocalRunnable.run(FastThreadLocalRunnable.java:30)
	... 1 more
Caused by: java.net.ConnectException: Connection refused
	... 11 more
2019-10-16 21:02:18,069 [4b287a15-77af-487b-aef7-34d1d0ee189f@group-83C26644CFDA-LeaderElection431] INFO  impl.LeaderElection (LogUtils.java:infoOrTrace(149)) - 4b287a15-77af-487b-aef7-34d1d0ee189f@group-83C26644CFDA-LeaderElection431 got exception when requesting votes: {}
java.util.concurrent.ExecutionException: org.apache.ratis.thirdparty.io.grpc.StatusRuntimeException: UNAVAILABLE: io exception
	at java.util.concurrent.FutureTask.report(FutureTask.java:122)
	at java.util.concurrent.FutureTask.get(FutureTask.java:192)
	at org.apache.ratis.server.impl.LeaderElection.waitForResults(LeaderElection.java:259)
	at org.apache.ratis.server.impl.LeaderElection.askForVotes(LeaderElection.java:197)
	at org.apache.ratis.server.impl.LeaderElection.run(LeaderElection.java:133)
	at java.lang.Thread.run(Thread.java:748)
Caused by: org.apache.ratis.thirdparty.io.grpc.StatusRuntimeException: UNAVAILABLE: io exception
	at org.apache.ratis.thirdparty.io.grpc.stub.ClientCalls.toStatusRuntimeException(ClientCalls.java:233)
	at org.apache.ratis.thirdparty.io.grpc.stub.ClientCalls.getUnchecked(ClientCalls.java:214)
	at org.apache.ratis.thirdparty.io.grpc.stub.ClientCalls.blockingUnaryCall(ClientCalls.java:139)
	at org.apache.ratis.proto.grpc.RaftServerProtocolServiceGrpc$RaftServerProtocolServiceBlockingStub.requestVote(RaftServerProtocolServiceGrpc.java:265)
	at org.apache.ratis.grpc.server.GrpcServerProtocolClient.requestVote(GrpcServerProtocolClient.java:99)
	at org.apache.ratis.grpc.server.GrpcService.requestVote(GrpcService.java:204)
	at org.apache.ratis.server.impl.LeaderElection.lambda$submitRequests$1(LeaderElection.java:234)
	at java.util.concurrent.FutureTask.run(FutureTask.java:266)
	at java.util.concurrent.Executors$RunnableAdapter.call(Executors.java:511)
	at java.util.concurrent.FutureTask.run(FutureTask.java:266)
	at java.util.concurrent.ThreadPoolExecutor.runWorker(ThreadPoolExecutor.java:1149)
	at java.util.concurrent.ThreadPoolExecutor$Worker.run(ThreadPoolExecutor.java:624)
	... 1 more
Caused by: org.apache.ratis.thirdparty.io.netty.channel.AbstractChannel$AnnotatedConnectException: Connection refused: /192.168.34.38:45833
	at sun.nio.ch.SocketChannelImpl.checkConnect(Native Method)
	at sun.nio.ch.SocketChannelImpl.finishConnect(SocketChannelImpl.java:717)
	at org.apache.ratis.thirdparty.io.netty.channel.socket.nio.NioSocketChannel.doFinishConnect(NioSocketChannel.java:327)
	at org.apache.ratis.thirdparty.io.netty.channel.nio.AbstractNioChannel$AbstractNioUnsafe.finishConnect(AbstractNioChannel.java:340)
	at org.apache.ratis.thirdparty.io.netty.channel.nio.NioEventLoop.processSelectedKey(NioEventLoop.java:632)
	at org.apache.ratis.thirdparty.io.netty.channel.nio.NioEventLoop.processSelectedKeysOptimized(NioEventLoop.java:579)
	at org.apache.ratis.thirdparty.io.netty.channel.nio.NioEventLoop.processSelectedKeys(NioEventLoop.java:496)
	at org.apache.ratis.thirdparty.io.netty.channel.nio.NioEventLoop.run(NioEventLoop.java:458)
	at org.apache.ratis.thirdparty.io.netty.util.concurrent.SingleThreadEventExecutor$5.run(SingleThreadEventExecutor.java:897)
	at org.apache.ratis.thirdparty.io.netty.util.concurrent.FastThreadLocalRunnable.run(FastThreadLocalRunnable.java:30)
	... 1 more
Caused by: java.net.ConnectException: Connection refused
	... 11 more
2019-10-16 21:02:18,070 [4b287a15-77af-487b-aef7-34d1d0ee189f@group-83C26644CFDA-LeaderElection431] INFO  impl.LeaderElection (LeaderElection.java:logAndReturn(56)) - 4b287a15-77af-487b-aef7-34d1d0ee189f@group-83C26644CFDA-LeaderElection431: Election REJECTED; received 0 response(s) [] and 2 exception(s); 4b287a15-77af-487b-aef7-34d1d0ee189f@group-83C26644CFDA:t457, leader=null, voted=4b287a15-77af-487b-aef7-34d1d0ee189f, raftlog=4b287a15-77af-487b-aef7-34d1d0ee189f@group-83C26644CFDA-SegmentedRaftLog:OPENED:c-1,f-1,i0, conf=-1: [4b287a15-77af-487b-aef7-34d1d0ee189f:192.168.34.38:38597, 0aa3649f-570d-46c6-937f-492d7f3a8364:192.168.34.38:33209, 4a03179f-3169-4ac7-a075-259968512ef0:192.168.34.38:45833], old=null
2019-10-16 21:02:18,070 [4b287a15-77af-487b-aef7-34d1d0ee189f@group-83C26644CFDA-LeaderElection431] INFO  impl.LeaderElection (LogUtils.java:infoOrTrace(149)) -   Exception 0: {}
java.util.concurrent.ExecutionException: org.apache.ratis.thirdparty.io.grpc.StatusRuntimeException: UNAVAILABLE: io exception
	at java.util.concurrent.FutureTask.report(FutureTask.java:122)
	at java.util.concurrent.FutureTask.get(FutureTask.java:192)
	at org.apache.ratis.server.impl.LeaderElection.waitForResults(LeaderElection.java:259)
	at org.apache.ratis.server.impl.LeaderElection.askForVotes(LeaderElection.java:197)
	at org.apache.ratis.server.impl.LeaderElection.run(LeaderElection.java:133)
	at java.lang.Thread.run(Thread.java:748)
Caused by: org.apache.ratis.thirdparty.io.grpc.StatusRuntimeException: UNAVAILABLE: io exception
	at org.apache.ratis.thirdparty.io.grpc.stub.ClientCalls.toStatusRuntimeException(ClientCalls.java:233)
	at org.apache.ratis.thirdparty.io.grpc.stub.ClientCalls.getUnchecked(ClientCalls.java:214)
	at org.apache.ratis.thirdparty.io.grpc.stub.ClientCalls.blockingUnaryCall(ClientCalls.java:139)
	at org.apache.ratis.proto.grpc.RaftServerProtocolServiceGrpc$RaftServerProtocolServiceBlockingStub.requestVote(RaftServerProtocolServiceGrpc.java:265)
	at org.apache.ratis.grpc.server.GrpcServerProtocolClient.requestVote(GrpcServerProtocolClient.java:99)
	at org.apache.ratis.grpc.server.GrpcService.requestVote(GrpcService.java:204)
	at org.apache.ratis.server.impl.LeaderElection.lambda$submitRequests$1(LeaderElection.java:234)
	at java.util.concurrent.FutureTask.run(FutureTask.java:266)
	at java.util.concurrent.Executors$RunnableAdapter.call(Executors.java:511)
	at java.util.concurrent.FutureTask.run(FutureTask.java:266)
	at java.util.concurrent.ThreadPoolExecutor.runWorker(ThreadPoolExecutor.java:1149)
	at java.util.concurrent.ThreadPoolExecutor$Worker.run(ThreadPoolExecutor.java:624)
	... 1 more
Caused by: org.apache.ratis.thirdparty.io.netty.channel.AbstractChannel$AnnotatedConnectException: Connection refused: /192.168.34.38:33209
	at sun.nio.ch.SocketChannelImpl.checkConnect(Native Method)
	at sun.nio.ch.SocketChannelImpl.finishConnect(SocketChannelImpl.java:717)
	at org.apache.ratis.thirdparty.io.netty.channel.socket.nio.NioSocketChannel.doFinishConnect(NioSocketChannel.java:327)
	at org.apache.ratis.thirdparty.io.netty.channel.nio.AbstractNioChannel$AbstractNioUnsafe.finishConnect(AbstractNioChannel.java:340)
	at org.apache.ratis.thirdparty.io.netty.channel.nio.NioEventLoop.processSelectedKey(NioEventLoop.java:632)
	at org.apache.ratis.thirdparty.io.netty.channel.nio.NioEventLoop.processSelectedKeysOptimized(NioEventLoop.java:579)
	at org.apache.ratis.thirdparty.io.netty.channel.nio.NioEventLoop.processSelectedKeys(NioEventLoop.java:496)
	at org.apache.ratis.thirdparty.io.netty.channel.nio.NioEventLoop.run(NioEventLoop.java:458)
	at org.apache.ratis.thirdparty.io.netty.util.concurrent.SingleThreadEventExecutor$5.run(SingleThreadEventExecutor.java:897)
	at org.apache.ratis.thirdparty.io.netty.util.concurrent.FastThreadLocalRunnable.run(FastThreadLocalRunnable.java:30)
	... 1 more
Caused by: java.net.ConnectException: Connection refused
	... 11 more
2019-10-16 21:02:18,070 [4b287a15-77af-487b-aef7-34d1d0ee189f@group-83C26644CFDA-LeaderElection431] INFO  impl.LeaderElection (LogUtils.java:infoOrTrace(149)) -   Exception 1: {}
java.util.concurrent.ExecutionException: org.apache.ratis.thirdparty.io.grpc.StatusRuntimeException: UNAVAILABLE: io exception
	at java.util.concurrent.FutureTask.report(FutureTask.java:122)
	at java.util.concurrent.FutureTask.get(FutureTask.java:192)
	at org.apache.ratis.server.impl.LeaderElection.waitForResults(LeaderElection.java:259)
	at org.apache.ratis.server.impl.LeaderElection.askForVotes(LeaderElection.java:197)
	at org.apache.ratis.server.impl.LeaderElection.run(LeaderElection.java:133)
	at java.lang.Thread.run(Thread.java:748)
Caused by: org.apache.ratis.thirdparty.io.grpc.StatusRuntimeException: UNAVAILABLE: io exception
	at org.apache.ratis.thirdparty.io.grpc.stub.ClientCalls.toStatusRuntimeException(ClientCalls.java:233)
	at org.apache.ratis.thirdparty.io.grpc.stub.ClientCalls.getUnchecked(ClientCalls.java:214)
	at org.apache.ratis.thirdparty.io.grpc.stub.ClientCalls.blockingUnaryCall(ClientCalls.java:139)
	at org.apache.ratis.proto.grpc.RaftServerProtocolServiceGrpc$RaftServerProtocolServiceBlockingStub.requestVote(RaftServerProtocolServiceGrpc.java:265)
	at org.apache.ratis.grpc.server.GrpcServerProtocolClient.requestVote(GrpcServerProtocolClient.java:99)
	at org.apache.ratis.grpc.server.GrpcService.requestVote(GrpcService.java:204)
	at org.apache.ratis.server.impl.LeaderElection.lambda$submitRequests$1(LeaderElection.java:234)
	at java.util.concurrent.FutureTask.run(FutureTask.java:266)
	at java.util.concurrent.Executors$RunnableAdapter.call(Executors.java:511)
	at java.util.concurrent.FutureTask.run(FutureTask.java:266)
	at java.util.concurrent.ThreadPoolExecutor.runWorker(ThreadPoolExecutor.java:1149)
	at java.util.concurrent.ThreadPoolExecutor$Worker.run(ThreadPoolExecutor.java:624)
	... 1 more
Caused by: org.apache.ratis.thirdparty.io.netty.channel.AbstractChannel$AnnotatedConnectException: Connection refused: /192.168.34.38:45833
	at sun.nio.ch.SocketChannelImpl.checkConnect(Native Method)
	at sun.nio.ch.SocketChannelImpl.finishConnect(SocketChannelImpl.java:717)
	at org.apache.ratis.thirdparty.io.netty.channel.socket.nio.NioSocketChannel.doFinishConnect(NioSocketChannel.java:327)
	at org.apache.ratis.thirdparty.io.netty.channel.nio.AbstractNioChannel$AbstractNioUnsafe.finishConnect(AbstractNioChannel.java:340)
	at org.apache.ratis.thirdparty.io.netty.channel.nio.NioEventLoop.processSelectedKey(NioEventLoop.java:632)
	at org.apache.ratis.thirdparty.io.netty.channel.nio.NioEventLoop.processSelectedKeysOptimized(NioEventLoop.java:579)
	at org.apache.ratis.thirdparty.io.netty.channel.nio.NioEventLoop.processSelectedKeys(NioEventLoop.java:496)
	at org.apache.ratis.thirdparty.io.netty.channel.nio.NioEventLoop.run(NioEventLoop.java:458)
	at org.apache.ratis.thirdparty.io.netty.util.concurrent.SingleThreadEventExecutor$5.run(SingleThreadEventExecutor.java:897)
	at org.apache.ratis.thirdparty.io.netty.util.concurrent.FastThreadLocalRunnable.run(FastThreadLocalRunnable.java:30)
	... 1 more
Caused by: java.net.ConnectException: Connection refused
	... 11 more
2019-10-16 21:02:18,071 [4b287a15-77af-487b-aef7-34d1d0ee189f@group-83C26644CFDA-LeaderElection431] INFO  impl.RaftServerImpl (RaftServerImpl.java:setRole(184)) - 4b287a15-77af-487b-aef7-34d1d0ee189f@group-83C26644CFDA: changes role from CANDIDATE to FOLLOWER at term 457 for DISCOVERED_A_NEW_TERM
2019-10-16 21:02:18,071 [4b287a15-77af-487b-aef7-34d1d0ee189f@group-83C26644CFDA-LeaderElection431] INFO  impl.RoleInfo (RoleInfo.java:shutdownLeaderElection(134)) - 4b287a15-77af-487b-aef7-34d1d0ee189f: shutdown LeaderElection
2019-10-16 21:02:18,071 [4b287a15-77af-487b-aef7-34d1d0ee189f@group-83C26644CFDA-LeaderElection431] INFO  impl.RoleInfo (RoleInfo.java:updateAndGet(143)) - 4b287a15-77af-487b-aef7-34d1d0ee189f: start FollowerState
2019-10-16 21:02:18,210 [Thread-2976] INFO  impl.FollowerState (FollowerState.java:run(108)) - 4b287a15-77af-487b-aef7-34d1d0ee189f@group-83C26644CFDA-FollowerState: change to CANDIDATE, lastRpcTime:139ms, electionTimeout:139ms
2019-10-16 21:02:18,210 [Thread-2976] INFO  impl.RoleInfo (RoleInfo.java:shutdownFollowerState(121)) - 4b287a15-77af-487b-aef7-34d1d0ee189f: shutdown FollowerState
2019-10-16 21:02:18,211 [Thread-2976] INFO  impl.RaftServerImpl (RaftServerImpl.java:setRole(184)) - 4b287a15-77af-487b-aef7-34d1d0ee189f@group-83C26644CFDA: changes role from  FOLLOWER to CANDIDATE at term 457 for changeToCandidate
2019-10-16 21:02:18,211 [Thread-2976] INFO  impl.RoleInfo (RoleInfo.java:updateAndGet(143)) - 4b287a15-77af-487b-aef7-34d1d0ee189f: start LeaderElection
2019-10-16 21:02:18,218 [4b287a15-77af-487b-aef7-34d1d0ee189f@group-83C26644CFDA-LeaderElection432] INFO  impl.LeaderElection (LeaderElection.java:askForVotes(178)) - 4b287a15-77af-487b-aef7-34d1d0ee189f@group-83C26644CFDA-LeaderElection432: begin an election at term 458 for -1: [4b287a15-77af-487b-aef7-34d1d0ee189f:192.168.34.38:38597, 0aa3649f-570d-46c6-937f-492d7f3a8364:192.168.34.38:33209, 4a03179f-3169-4ac7-a075-259968512ef0:192.168.34.38:45833], old=null
2019-10-16 21:02:18,219 [4b287a15-77af-487b-aef7-34d1d0ee189f@group-83C26644CFDA-LeaderElection432] INFO  impl.LeaderElection (LogUtils.java:infoOrTrace(149)) - 4b287a15-77af-487b-aef7-34d1d0ee189f@group-83C26644CFDA-LeaderElection432 got exception when requesting votes: {}
java.util.concurrent.ExecutionException: org.apache.ratis.thirdparty.io.grpc.StatusRuntimeException: UNAVAILABLE: io exception
	at java.util.concurrent.FutureTask.report(FutureTask.java:122)
	at java.util.concurrent.FutureTask.get(FutureTask.java:192)
	at org.apache.ratis.server.impl.LeaderElection.waitForResults(LeaderElection.java:259)
	at org.apache.ratis.server.impl.LeaderElection.askForVotes(LeaderElection.java:197)
	at org.apache.ratis.server.impl.LeaderElection.run(LeaderElection.java:133)
	at java.lang.Thread.run(Thread.java:748)
Caused by: org.apache.ratis.thirdparty.io.grpc.StatusRuntimeException: UNAVAILABLE: io exception
	at org.apache.ratis.thirdparty.io.grpc.stub.ClientCalls.toStatusRuntimeException(ClientCalls.java:233)
	at org.apache.ratis.thirdparty.io.grpc.stub.ClientCalls.getUnchecked(ClientCalls.java:214)
	at org.apache.ratis.thirdparty.io.grpc.stub.ClientCalls.blockingUnaryCall(ClientCalls.java:139)
	at org.apache.ratis.proto.grpc.RaftServerProtocolServiceGrpc$RaftServerProtocolServiceBlockingStub.requestVote(RaftServerProtocolServiceGrpc.java:265)
	at org.apache.ratis.grpc.server.GrpcServerProtocolClient.requestVote(GrpcServerProtocolClient.java:99)
	at org.apache.ratis.grpc.server.GrpcService.requestVote(GrpcService.java:204)
	at org.apache.ratis.server.impl.LeaderElection.lambda$submitRequests$1(LeaderElection.java:234)
	at java.util.concurrent.FutureTask.run(FutureTask.java:266)
	at java.util.concurrent.Executors$RunnableAdapter.call(Executors.java:511)
	at java.util.concurrent.FutureTask.run(FutureTask.java:266)
	at java.util.concurrent.ThreadPoolExecutor.runWorker(ThreadPoolExecutor.java:1149)
	at java.util.concurrent.ThreadPoolExecutor$Worker.run(ThreadPoolExecutor.java:624)
	... 1 more
Caused by: org.apache.ratis.thirdparty.io.netty.channel.AbstractChannel$AnnotatedConnectException: Connection refused: /192.168.34.38:33209
	at sun.nio.ch.SocketChannelImpl.checkConnect(Native Method)
	at sun.nio.ch.SocketChannelImpl.finishConnect(SocketChannelImpl.java:717)
	at org.apache.ratis.thirdparty.io.netty.channel.socket.nio.NioSocketChannel.doFinishConnect(NioSocketChannel.java:327)
	at org.apache.ratis.thirdparty.io.netty.channel.nio.AbstractNioChannel$AbstractNioUnsafe.finishConnect(AbstractNioChannel.java:340)
	at org.apache.ratis.thirdparty.io.netty.channel.nio.NioEventLoop.processSelectedKey(NioEventLoop.java:632)
	at org.apache.ratis.thirdparty.io.netty.channel.nio.NioEventLoop.processSelectedKeysOptimized(NioEventLoop.java:579)
	at org.apache.ratis.thirdparty.io.netty.channel.nio.NioEventLoop.processSelectedKeys(NioEventLoop.java:496)
	at org.apache.ratis.thirdparty.io.netty.channel.nio.NioEventLoop.run(NioEventLoop.java:458)
	at org.apache.ratis.thirdparty.io.netty.util.concurrent.SingleThreadEventExecutor$5.run(SingleThreadEventExecutor.java:897)
	at org.apache.ratis.thirdparty.io.netty.util.concurrent.FastThreadLocalRunnable.run(FastThreadLocalRunnable.java:30)
	... 1 more
Caused by: java.net.ConnectException: Connection refused
	... 11 more
2019-10-16 21:02:18,220 [4b287a15-77af-487b-aef7-34d1d0ee189f@group-83C26644CFDA-LeaderElection432] INFO  impl.LeaderElection (LogUtils.java:infoOrTrace(149)) - 4b287a15-77af-487b-aef7-34d1d0ee189f@group-83C26644CFDA-LeaderElection432 got exception when requesting votes: {}
java.util.concurrent.ExecutionException: org.apache.ratis.thirdparty.io.grpc.StatusRuntimeException: UNAVAILABLE: io exception
	at java.util.concurrent.FutureTask.report(FutureTask.java:122)
	at java.util.concurrent.FutureTask.get(FutureTask.java:192)
	at org.apache.ratis.server.impl.LeaderElection.waitForResults(LeaderElection.java:259)
	at org.apache.ratis.server.impl.LeaderElection.askForVotes(LeaderElection.java:197)
	at org.apache.ratis.server.impl.LeaderElection.run(LeaderElection.java:133)
	at java.lang.Thread.run(Thread.java:748)
Caused by: org.apache.ratis.thirdparty.io.grpc.StatusRuntimeException: UNAVAILABLE: io exception
	at org.apache.ratis.thirdparty.io.grpc.stub.ClientCalls.toStatusRuntimeException(ClientCalls.java:233)
	at org.apache.ratis.thirdparty.io.grpc.stub.ClientCalls.getUnchecked(ClientCalls.java:214)
	at org.apache.ratis.thirdparty.io.grpc.stub.ClientCalls.blockingUnaryCall(ClientCalls.java:139)
	at org.apache.ratis.proto.grpc.RaftServerProtocolServiceGrpc$RaftServerProtocolServiceBlockingStub.requestVote(RaftServerProtocolServiceGrpc.java:265)
	at org.apache.ratis.grpc.server.GrpcServerProtocolClient.requestVote(GrpcServerProtocolClient.java:99)
	at org.apache.ratis.grpc.server.GrpcService.requestVote(GrpcService.java:204)
	at org.apache.ratis.server.impl.LeaderElection.lambda$submitRequests$1(LeaderElection.java:234)
	at java.util.concurrent.FutureTask.run(FutureTask.java:266)
	at java.util.concurrent.Executors$RunnableAdapter.call(Executors.java:511)
	at java.util.concurrent.FutureTask.run(FutureTask.java:266)
	at java.util.concurrent.ThreadPoolExecutor.runWorker(ThreadPoolExecutor.java:1149)
	at java.util.concurrent.ThreadPoolExecutor$Worker.run(ThreadPoolExecutor.java:624)
	... 1 more
Caused by: org.apache.ratis.thirdparty.io.netty.channel.AbstractChannel$AnnotatedConnectException: Connection refused: /192.168.34.38:45833
	at sun.nio.ch.SocketChannelImpl.checkConnect(Native Method)
	at sun.nio.ch.SocketChannelImpl.finishConnect(SocketChannelImpl.java:717)
	at org.apache.ratis.thirdparty.io.netty.channel.socket.nio.NioSocketChannel.doFinishConnect(NioSocketChannel.java:327)
	at org.apache.ratis.thirdparty.io.netty.channel.nio.AbstractNioChannel$AbstractNioUnsafe.finishConnect(AbstractNioChannel.java:340)
	at org.apache.ratis.thirdparty.io.netty.channel.nio.NioEventLoop.processSelectedKey(NioEventLoop.java:632)
	at org.apache.ratis.thirdparty.io.netty.channel.nio.NioEventLoop.processSelectedKeysOptimized(NioEventLoop.java:579)
	at org.apache.ratis.thirdparty.io.netty.channel.nio.NioEventLoop.processSelectedKeys(NioEventLoop.java:496)
	at org.apache.ratis.thirdparty.io.netty.channel.nio.NioEventLoop.run(NioEventLoop.java:458)
	at org.apache.ratis.thirdparty.io.netty.util.concurrent.SingleThreadEventExecutor$5.run(SingleThreadEventExecutor.java:897)
	at org.apache.ratis.thirdparty.io.netty.util.concurrent.FastThreadLocalRunnable.run(FastThreadLocalRunnable.java:30)
	... 1 more
Caused by: java.net.ConnectException: Connection refused
	... 11 more
2019-10-16 21:02:18,225 [4b287a15-77af-487b-aef7-34d1d0ee189f@group-83C26644CFDA-LeaderElection432] INFO  impl.LeaderElection (LeaderElection.java:logAndReturn(56)) - 4b287a15-77af-487b-aef7-34d1d0ee189f@group-83C26644CFDA-LeaderElection432: Election REJECTED; received 0 response(s) [] and 2 exception(s); 4b287a15-77af-487b-aef7-34d1d0ee189f@group-83C26644CFDA:t458, leader=null, voted=4b287a15-77af-487b-aef7-34d1d0ee189f, raftlog=4b287a15-77af-487b-aef7-34d1d0ee189f@group-83C26644CFDA-SegmentedRaftLog:OPENED:c-1,f-1,i0, conf=-1: [4b287a15-77af-487b-aef7-34d1d0ee189f:192.168.34.38:38597, 0aa3649f-570d-46c6-937f-492d7f3a8364:192.168.34.38:33209, 4a03179f-3169-4ac7-a075-259968512ef0:192.168.34.38:45833], old=null
2019-10-16 21:02:18,225 [4b287a15-77af-487b-aef7-34d1d0ee189f@group-83C26644CFDA-LeaderElection432] INFO  impl.LeaderElection (LogUtils.java:infoOrTrace(149)) -   Exception 0: {}
java.util.concurrent.ExecutionException: org.apache.ratis.thirdparty.io.grpc.StatusRuntimeException: UNAVAILABLE: io exception
	at java.util.concurrent.FutureTask.report(FutureTask.java:122)
	at java.util.concurrent.FutureTask.get(FutureTask.java:192)
	at org.apache.ratis.server.impl.LeaderElection.waitForResults(LeaderElection.java:259)
	at org.apache.ratis.server.impl.LeaderElection.askForVotes(LeaderElection.java:197)
	at org.apache.ratis.server.impl.LeaderElection.run(LeaderElection.java:133)
	at java.lang.Thread.run(Thread.java:748)
Caused by: org.apache.ratis.thirdparty.io.grpc.StatusRuntimeException: UNAVAILABLE: io exception
	at org.apache.ratis.thirdparty.io.grpc.stub.ClientCalls.toStatusRuntimeException(ClientCalls.java:233)
	at org.apache.ratis.thirdparty.io.grpc.stub.ClientCalls.getUnchecked(ClientCalls.java:214)
	at org.apache.ratis.thirdparty.io.grpc.stub.ClientCalls.blockingUnaryCall(ClientCalls.java:139)
	at org.apache.ratis.proto.grpc.RaftServerProtocolServiceGrpc$RaftServerProtocolServiceBlockingStub.requestVote(RaftServerProtocolServiceGrpc.java:265)
	at org.apache.ratis.grpc.server.GrpcServerProtocolClient.requestVote(GrpcServerProtocolClient.java:99)
	at org.apache.ratis.grpc.server.GrpcService.requestVote(GrpcService.java:204)
	at org.apache.ratis.server.impl.LeaderElection.lambda$submitRequests$1(LeaderElection.java:234)
	at java.util.concurrent.FutureTask.run(FutureTask.java:266)
	at java.util.concurrent.Executors$RunnableAdapter.call(Executors.java:511)
	at java.util.concurrent.FutureTask.run(FutureTask.java:266)
	at java.util.concurrent.ThreadPoolExecutor.runWorker(ThreadPoolExecutor.java:1149)
	at java.util.concurrent.ThreadPoolExecutor$Worker.run(ThreadPoolExecutor.java:624)
	... 1 more
Caused by: org.apache.ratis.thirdparty.io.netty.channel.AbstractChannel$AnnotatedConnectException: Connection refused: /192.168.34.38:33209
	at sun.nio.ch.SocketChannelImpl.checkConnect(Native Method)
	at sun.nio.ch.SocketChannelImpl.finishConnect(SocketChannelImpl.java:717)
	at org.apache.ratis.thirdparty.io.netty.channel.socket.nio.NioSocketChannel.doFinishConnect(NioSocketChannel.java:327)
	at org.apache.ratis.thirdparty.io.netty.channel.nio.AbstractNioChannel$AbstractNioUnsafe.finishConnect(AbstractNioChannel.java:340)
	at org.apache.ratis.thirdparty.io.netty.channel.nio.NioEventLoop.processSelectedKey(NioEventLoop.java:632)
	at org.apache.ratis.thirdparty.io.netty.channel.nio.NioEventLoop.processSelectedKeysOptimized(NioEventLoop.java:579)
	at org.apache.ratis.thirdparty.io.netty.channel.nio.NioEventLoop.processSelectedKeys(NioEventLoop.java:496)
	at org.apache.ratis.thirdparty.io.netty.channel.nio.NioEventLoop.run(NioEventLoop.java:458)
	at org.apache.ratis.thirdparty.io.netty.util.concurrent.SingleThreadEventExecutor$5.run(SingleThreadEventExecutor.java:897)
	at org.apache.ratis.thirdparty.io.netty.util.concurrent.FastThreadLocalRunnable.run(FastThreadLocalRunnable.java:30)
	... 1 more
Caused by: java.net.ConnectException: Connection refused
	... 11 more
2019-10-16 21:02:18,225 [4b287a15-77af-487b-aef7-34d1d0ee189f@group-83C26644CFDA-LeaderElection432] INFO  impl.LeaderElection (LogUtils.java:infoOrTrace(149)) -   Exception 1: {}
java.util.concurrent.ExecutionException: org.apache.ratis.thirdparty.io.grpc.StatusRuntimeException: UNAVAILABLE: io exception
	at java.util.concurrent.FutureTask.report(FutureTask.java:122)
	at java.util.concurrent.FutureTask.get(FutureTask.java:192)
	at org.apache.ratis.server.impl.LeaderElection.waitForResults(LeaderElection.java:259)
	at org.apache.ratis.server.impl.LeaderElection.askForVotes(LeaderElection.java:197)
	at org.apache.ratis.server.impl.LeaderElection.run(LeaderElection.java:133)
	at java.lang.Thread.run(Thread.java:748)
Caused by: org.apache.ratis.thirdparty.io.grpc.StatusRuntimeException: UNAVAILABLE: io exception
	at org.apache.ratis.thirdparty.io.grpc.stub.ClientCalls.toStatusRuntimeException(ClientCalls.java:233)
	at org.apache.ratis.thirdparty.io.grpc.stub.ClientCalls.getUnchecked(ClientCalls.java:214)
	at org.apache.ratis.thirdparty.io.grpc.stub.ClientCalls.blockingUnaryCall(ClientCalls.java:139)
	at org.apache.ratis.proto.grpc.RaftServerProtocolServiceGrpc$RaftServerProtocolServiceBlockingStub.requestVote(RaftServerProtocolServiceGrpc.java:265)
	at org.apache.ratis.grpc.server.GrpcServerProtocolClient.requestVote(GrpcServerProtocolClient.java:99)
	at org.apache.ratis.grpc.server.GrpcService.requestVote(GrpcService.java:204)
	at org.apache.ratis.server.impl.LeaderElection.lambda$submitRequests$1(LeaderElection.java:234)
	at java.util.concurrent.FutureTask.run(FutureTask.java:266)
	at java.util.concurrent.Executors$RunnableAdapter.call(Executors.java:511)
	at java.util.concurrent.FutureTask.run(FutureTask.java:266)
	at java.util.concurrent.ThreadPoolExecutor.runWorker(ThreadPoolExecutor.java:1149)
	at java.util.concurrent.ThreadPoolExecutor$Worker.run(ThreadPoolExecutor.java:624)
	... 1 more
Caused by: org.apache.ratis.thirdparty.io.netty.channel.AbstractChannel$AnnotatedConnectException: Connection refused: /192.168.34.38:45833
	at sun.nio.ch.SocketChannelImpl.checkConnect(Native Method)
	at sun.nio.ch.SocketChannelImpl.finishConnect(SocketChannelImpl.java:717)
	at org.apache.ratis.thirdparty.io.netty.channel.socket.nio.NioSocketChannel.doFinishConnect(NioSocketChannel.java:327)
	at org.apache.ratis.thirdparty.io.netty.channel.nio.AbstractNioChannel$AbstractNioUnsafe.finishConnect(AbstractNioChannel.java:340)
	at org.apache.ratis.thirdparty.io.netty.channel.nio.NioEventLoop.processSelectedKey(NioEventLoop.java:632)
	at org.apache.ratis.thirdparty.io.netty.channel.nio.NioEventLoop.processSelectedKeysOptimized(NioEventLoop.java:579)
	at org.apache.ratis.thirdparty.io.netty.channel.nio.NioEventLoop.processSelectedKeys(NioEventLoop.java:496)
	at org.apache.ratis.thirdparty.io.netty.channel.nio.NioEventLoop.run(NioEventLoop.java:458)
	at org.apache.ratis.thirdparty.io.netty.util.concurrent.SingleThreadEventExecutor$5.run(SingleThreadEventExecutor.java:897)
	at org.apache.ratis.thirdparty.io.netty.util.concurrent.FastThreadLocalRunnable.run(FastThreadLocalRunnable.java:30)
	... 1 more
Caused by: java.net.ConnectException: Connection refused
	... 11 more
2019-10-16 21:02:18,226 [4b287a15-77af-487b-aef7-34d1d0ee189f@group-83C26644CFDA-LeaderElection432] INFO  impl.RaftServerImpl (RaftServerImpl.java:setRole(184)) - 4b287a15-77af-487b-aef7-34d1d0ee189f@group-83C26644CFDA: changes role from CANDIDATE to FOLLOWER at term 458 for DISCOVERED_A_NEW_TERM
2019-10-16 21:02:18,226 [4b287a15-77af-487b-aef7-34d1d0ee189f@group-83C26644CFDA-LeaderElection432] INFO  impl.RoleInfo (RoleInfo.java:shutdownLeaderElection(134)) - 4b287a15-77af-487b-aef7-34d1d0ee189f: shutdown LeaderElection
2019-10-16 21:02:18,226 [4b287a15-77af-487b-aef7-34d1d0ee189f@group-83C26644CFDA-LeaderElection432] INFO  impl.RoleInfo (RoleInfo.java:updateAndGet(143)) - 4b287a15-77af-487b-aef7-34d1d0ee189f: start FollowerState
2019-10-16 21:02:18,351 [Thread-2980] INFO  impl.FollowerState (FollowerState.java:run(108)) - 4b287a15-77af-487b-aef7-34d1d0ee189f@group-83C26644CFDA-FollowerState: change to CANDIDATE, lastRpcTime:125ms, electionTimeout:125ms
2019-10-16 21:02:18,351 [Thread-2980] INFO  impl.RoleInfo (RoleInfo.java:shutdownFollowerState(121)) - 4b287a15-77af-487b-aef7-34d1d0ee189f: shutdown FollowerState
2019-10-16 21:02:18,351 [Thread-2980] INFO  impl.RaftServerImpl (RaftServerImpl.java:setRole(184)) - 4b287a15-77af-487b-aef7-34d1d0ee189f@group-83C26644CFDA: changes role from  FOLLOWER to CANDIDATE at term 458 for changeToCandidate
2019-10-16 21:02:18,352 [Thread-2980] INFO  impl.RoleInfo (RoleInfo.java:updateAndGet(143)) - 4b287a15-77af-487b-aef7-34d1d0ee189f: start LeaderElection
2019-10-16 21:02:18,365 [4b287a15-77af-487b-aef7-34d1d0ee189f@group-83C26644CFDA-LeaderElection433] INFO  impl.LeaderElection (LeaderElection.java:askForVotes(178)) - 4b287a15-77af-487b-aef7-34d1d0ee189f@group-83C26644CFDA-LeaderElection433: begin an election at term 459 for -1: [4b287a15-77af-487b-aef7-34d1d0ee189f:192.168.34.38:38597, 0aa3649f-570d-46c6-937f-492d7f3a8364:192.168.34.38:33209, 4a03179f-3169-4ac7-a075-259968512ef0:192.168.34.38:45833], old=null
2019-10-16 21:02:18,366 [4b287a15-77af-487b-aef7-34d1d0ee189f@group-83C26644CFDA-LeaderElection433] INFO  impl.LeaderElection (LogUtils.java:infoOrTrace(149)) - 4b287a15-77af-487b-aef7-34d1d0ee189f@group-83C26644CFDA-LeaderElection433 got exception when requesting votes: {}
java.util.concurrent.ExecutionException: org.apache.ratis.thirdparty.io.grpc.StatusRuntimeException: UNAVAILABLE: io exception
	at java.util.concurrent.FutureTask.report(FutureTask.java:122)
	at java.util.concurrent.FutureTask.get(FutureTask.java:192)
	at org.apache.ratis.server.impl.LeaderElection.waitForResults(LeaderElection.java:259)
	at org.apache.ratis.server.impl.LeaderElection.askForVotes(LeaderElection.java:197)
	at org.apache.ratis.server.impl.LeaderElection.run(LeaderElection.java:133)
	at java.lang.Thread.run(Thread.java:748)
Caused by: org.apache.ratis.thirdparty.io.grpc.StatusRuntimeException: UNAVAILABLE: io exception
	at org.apache.ratis.thirdparty.io.grpc.stub.ClientCalls.toStatusRuntimeException(ClientCalls.java:233)
	at org.apache.ratis.thirdparty.io.grpc.stub.ClientCalls.getUnchecked(ClientCalls.java:214)
	at org.apache.ratis.thirdparty.io.grpc.stub.ClientCalls.blockingUnaryCall(ClientCalls.java:139)
	at org.apache.ratis.proto.grpc.RaftServerProtocolServiceGrpc$RaftServerProtocolServiceBlockingStub.requestVote(RaftServerProtocolServiceGrpc.java:265)
	at org.apache.ratis.grpc.server.GrpcServerProtocolClient.requestVote(GrpcServerProtocolClient.java:99)
	at org.apache.ratis.grpc.server.GrpcService.requestVote(GrpcService.java:204)
	at org.apache.ratis.server.impl.LeaderElection.lambda$submitRequests$1(LeaderElection.java:234)
	at java.util.concurrent.FutureTask.run(FutureTask.java:266)
	at java.util.concurrent.Executors$RunnableAdapter.call(Executors.java:511)
	at java.util.concurrent.FutureTask.run(FutureTask.java:266)
	at java.util.concurrent.ThreadPoolExecutor.runWorker(ThreadPoolExecutor.java:1149)
	at java.util.concurrent.ThreadPoolExecutor$Worker.run(ThreadPoolExecutor.java:624)
	... 1 more
Caused by: org.apache.ratis.thirdparty.io.netty.channel.AbstractChannel$AnnotatedConnectException: Connection refused: /192.168.34.38:33209
	at sun.nio.ch.SocketChannelImpl.checkConnect(Native Method)
	at sun.nio.ch.SocketChannelImpl.finishConnect(SocketChannelImpl.java:717)
	at org.apache.ratis.thirdparty.io.netty.channel.socket.nio.NioSocketChannel.doFinishConnect(NioSocketChannel.java:327)
	at org.apache.ratis.thirdparty.io.netty.channel.nio.AbstractNioChannel$AbstractNioUnsafe.finishConnect(AbstractNioChannel.java:340)
	at org.apache.ratis.thirdparty.io.netty.channel.nio.NioEventLoop.processSelectedKey(NioEventLoop.java:632)
	at org.apache.ratis.thirdparty.io.netty.channel.nio.NioEventLoop.processSelectedKeysOptimized(NioEventLoop.java:579)
	at org.apache.ratis.thirdparty.io.netty.channel.nio.NioEventLoop.processSelectedKeys(NioEventLoop.java:496)
	at org.apache.ratis.thirdparty.io.netty.channel.nio.NioEventLoop.run(NioEventLoop.java:458)
	at org.apache.ratis.thirdparty.io.netty.util.concurrent.SingleThreadEventExecutor$5.run(SingleThreadEventExecutor.java:897)
	at org.apache.ratis.thirdparty.io.netty.util.concurrent.FastThreadLocalRunnable.run(FastThreadLocalRunnable.java:30)
	... 1 more
Caused by: java.net.ConnectException: Connection refused
	... 11 more
2019-10-16 21:02:18,367 [4b287a15-77af-487b-aef7-34d1d0ee189f@group-83C26644CFDA-LeaderElection433] INFO  impl.LeaderElection (LogUtils.java:infoOrTrace(149)) - 4b287a15-77af-487b-aef7-34d1d0ee189f@group-83C26644CFDA-LeaderElection433 got exception when requesting votes: {}
java.util.concurrent.ExecutionException: org.apache.ratis.thirdparty.io.grpc.StatusRuntimeException: UNAVAILABLE: io exception
	at java.util.concurrent.FutureTask.report(FutureTask.java:122)
	at java.util.concurrent.FutureTask.get(FutureTask.java:192)
	at org.apache.ratis.server.impl.LeaderElection.waitForResults(LeaderElection.java:259)
	at org.apache.ratis.server.impl.LeaderElection.askForVotes(LeaderElection.java:197)
	at org.apache.ratis.server.impl.LeaderElection.run(LeaderElection.java:133)
	at java.lang.Thread.run(Thread.java:748)
Caused by: org.apache.ratis.thirdparty.io.grpc.StatusRuntimeException: UNAVAILABLE: io exception
	at org.apache.ratis.thirdparty.io.grpc.stub.ClientCalls.toStatusRuntimeException(ClientCalls.java:233)
	at org.apache.ratis.thirdparty.io.grpc.stub.ClientCalls.getUnchecked(ClientCalls.java:214)
	at org.apache.ratis.thirdparty.io.grpc.stub.ClientCalls.blockingUnaryCall(ClientCalls.java:139)
	at org.apache.ratis.proto.grpc.RaftServerProtocolServiceGrpc$RaftServerProtocolServiceBlockingStub.requestVote(RaftServerProtocolServiceGrpc.java:265)
	at org.apache.ratis.grpc.server.GrpcServerProtocolClient.requestVote(GrpcServerProtocolClient.java:99)
	at org.apache.ratis.grpc.server.GrpcService.requestVote(GrpcService.java:204)
	at org.apache.ratis.server.impl.LeaderElection.lambda$submitRequests$1(LeaderElection.java:234)
	at java.util.concurrent.FutureTask.run(FutureTask.java:266)
	at java.util.concurrent.Executors$RunnableAdapter.call(Executors.java:511)
	at java.util.concurrent.FutureTask.run(FutureTask.java:266)
	at java.util.concurrent.ThreadPoolExecutor.runWorker(ThreadPoolExecutor.java:1149)
	at java.util.concurrent.ThreadPoolExecutor$Worker.run(ThreadPoolExecutor.java:624)
	... 1 more
Caused by: org.apache.ratis.thirdparty.io.netty.channel.AbstractChannel$AnnotatedConnectException: Connection refused: /192.168.34.38:45833
	at sun.nio.ch.SocketChannelImpl.checkConnect(Native Method)
	at sun.nio.ch.SocketChannelImpl.finishConnect(SocketChannelImpl.java:717)
	at org.apache.ratis.thirdparty.io.netty.channel.socket.nio.NioSocketChannel.doFinishConnect(NioSocketChannel.java:327)
	at org.apache.ratis.thirdparty.io.netty.channel.nio.AbstractNioChannel$AbstractNioUnsafe.finishConnect(AbstractNioChannel.java:340)
	at org.apache.ratis.thirdparty.io.netty.channel.nio.NioEventLoop.processSelectedKey(NioEventLoop.java:632)
	at org.apache.ratis.thirdparty.io.netty.channel.nio.NioEventLoop.processSelectedKeysOptimized(NioEventLoop.java:579)
	at org.apache.ratis.thirdparty.io.netty.channel.nio.NioEventLoop.processSelectedKeys(NioEventLoop.java:496)
	at org.apache.ratis.thirdparty.io.netty.channel.nio.NioEventLoop.run(NioEventLoop.java:458)
	at org.apache.ratis.thirdparty.io.netty.util.concurrent.SingleThreadEventExecutor$5.run(SingleThreadEventExecutor.java:897)
	at org.apache.ratis.thirdparty.io.netty.util.concurrent.FastThreadLocalRunnable.run(FastThreadLocalRunnable.java:30)
	... 1 more
Caused by: java.net.ConnectException: Connection refused
	... 11 more
2019-10-16 21:02:18,367 [4b287a15-77af-487b-aef7-34d1d0ee189f@group-83C26644CFDA-LeaderElection433] INFO  impl.LeaderElection (LeaderElection.java:logAndReturn(56)) - 4b287a15-77af-487b-aef7-34d1d0ee189f@group-83C26644CFDA-LeaderElection433: Election REJECTED; received 0 response(s) [] and 2 exception(s); 4b287a15-77af-487b-aef7-34d1d0ee189f@group-83C26644CFDA:t459, leader=null, voted=4b287a15-77af-487b-aef7-34d1d0ee189f, raftlog=4b287a15-77af-487b-aef7-34d1d0ee189f@group-83C26644CFDA-SegmentedRaftLog:OPENED:c-1,f-1,i0, conf=-1: [4b287a15-77af-487b-aef7-34d1d0ee189f:192.168.34.38:38597, 0aa3649f-570d-46c6-937f-492d7f3a8364:192.168.34.38:33209, 4a03179f-3169-4ac7-a075-259968512ef0:192.168.34.38:45833], old=null
2019-10-16 21:02:18,367 [4b287a15-77af-487b-aef7-34d1d0ee189f@group-83C26644CFDA-LeaderElection433] INFO  impl.LeaderElection (LogUtils.java:infoOrTrace(149)) -   Exception 0: {}
java.util.concurrent.ExecutionException: org.apache.ratis.thirdparty.io.grpc.StatusRuntimeException: UNAVAILABLE: io exception
	at java.util.concurrent.FutureTask.report(FutureTask.java:122)
	at java.util.concurrent.FutureTask.get(FutureTask.java:192)
	at org.apache.ratis.server.impl.LeaderElection.waitForResults(LeaderElection.java:259)
	at org.apache.ratis.server.impl.LeaderElection.askForVotes(LeaderElection.java:197)
	at org.apache.ratis.server.impl.LeaderElection.run(LeaderElection.java:133)
	at java.lang.Thread.run(Thread.java:748)
Caused by: org.apache.ratis.thirdparty.io.grpc.StatusRuntimeException: UNAVAILABLE: io exception
	at org.apache.ratis.thirdparty.io.grpc.stub.ClientCalls.toStatusRuntimeException(ClientCalls.java:233)
	at org.apache.ratis.thirdparty.io.grpc.stub.ClientCalls.getUnchecked(ClientCalls.java:214)
	at org.apache.ratis.thirdparty.io.grpc.stub.ClientCalls.blockingUnaryCall(ClientCalls.java:139)
	at org.apache.ratis.proto.grpc.RaftServerProtocolServiceGrpc$RaftServerProtocolServiceBlockingStub.requestVote(RaftServerProtocolServiceGrpc.java:265)
	at org.apache.ratis.grpc.server.GrpcServerProtocolClient.requestVote(GrpcServerProtocolClient.java:99)
	at org.apache.ratis.grpc.server.GrpcService.requestVote(GrpcService.java:204)
	at org.apache.ratis.server.impl.LeaderElection.lambda$submitRequests$1(LeaderElection.java:234)
	at java.util.concurrent.FutureTask.run(FutureTask.java:266)
	at java.util.concurrent.Executors$RunnableAdapter.call(Executors.java:511)
	at java.util.concurrent.FutureTask.run(FutureTask.java:266)
	at java.util.concurrent.ThreadPoolExecutor.runWorker(ThreadPoolExecutor.java:1149)
	at java.util.concurrent.ThreadPoolExecutor$Worker.run(ThreadPoolExecutor.java:624)
	... 1 more
Caused by: org.apache.ratis.thirdparty.io.netty.channel.AbstractChannel$AnnotatedConnectException: Connection refused: /192.168.34.38:33209
	at sun.nio.ch.SocketChannelImpl.checkConnect(Native Method)
	at sun.nio.ch.SocketChannelImpl.finishConnect(SocketChannelImpl.java:717)
	at org.apache.ratis.thirdparty.io.netty.channel.socket.nio.NioSocketChannel.doFinishConnect(NioSocketChannel.java:327)
	at org.apache.ratis.thirdparty.io.netty.channel.nio.AbstractNioChannel$AbstractNioUnsafe.finishConnect(AbstractNioChannel.java:340)
	at org.apache.ratis.thirdparty.io.netty.channel.nio.NioEventLoop.processSelectedKey(NioEventLoop.java:632)
	at org.apache.ratis.thirdparty.io.netty.channel.nio.NioEventLoop.processSelectedKeysOptimized(NioEventLoop.java:579)
	at org.apache.ratis.thirdparty.io.netty.channel.nio.NioEventLoop.processSelectedKeys(NioEventLoop.java:496)
	at org.apache.ratis.thirdparty.io.netty.channel.nio.NioEventLoop.run(NioEventLoop.java:458)
	at org.apache.ratis.thirdparty.io.netty.util.concurrent.SingleThreadEventExecutor$5.run(SingleThreadEventExecutor.java:897)
	at org.apache.ratis.thirdparty.io.netty.util.concurrent.FastThreadLocalRunnable.run(FastThreadLocalRunnable.java:30)
	... 1 more
Caused by: java.net.ConnectException: Connection refused
	... 11 more
2019-10-16 21:02:18,368 [4b287a15-77af-487b-aef7-34d1d0ee189f@group-83C26644CFDA-LeaderElection433] INFO  impl.LeaderElection (LogUtils.java:infoOrTrace(149)) -   Exception 1: {}
java.util.concurrent.ExecutionException: org.apache.ratis.thirdparty.io.grpc.StatusRuntimeException: UNAVAILABLE: io exception
	at java.util.concurrent.FutureTask.report(FutureTask.java:122)
	at java.util.concurrent.FutureTask.get(FutureTask.java:192)
	at org.apache.ratis.server.impl.LeaderElection.waitForResults(LeaderElection.java:259)
	at org.apache.ratis.server.impl.LeaderElection.askForVotes(LeaderElection.java:197)
	at org.apache.ratis.server.impl.LeaderElection.run(LeaderElection.java:133)
	at java.lang.Thread.run(Thread.java:748)
Caused by: org.apache.ratis.thirdparty.io.grpc.StatusRuntimeException: UNAVAILABLE: io exception
	at org.apache.ratis.thirdparty.io.grpc.stub.ClientCalls.toStatusRuntimeException(ClientCalls.java:233)
	at org.apache.ratis.thirdparty.io.grpc.stub.ClientCalls.getUnchecked(ClientCalls.java:214)
	at org.apache.ratis.thirdparty.io.grpc.stub.ClientCalls.blockingUnaryCall(ClientCalls.java:139)
	at org.apache.ratis.proto.grpc.RaftServerProtocolServiceGrpc$RaftServerProtocolServiceBlockingStub.requestVote(RaftServerProtocolServiceGrpc.java:265)
	at org.apache.ratis.grpc.server.GrpcServerProtocolClient.requestVote(GrpcServerProtocolClient.java:99)
	at org.apache.ratis.grpc.server.GrpcService.requestVote(GrpcService.java:204)
	at org.apache.ratis.server.impl.LeaderElection.lambda$submitRequests$1(LeaderElection.java:234)
	at java.util.concurrent.FutureTask.run(FutureTask.java:266)
	at java.util.concurrent.Executors$RunnableAdapter.call(Executors.java:511)
	at java.util.concurrent.FutureTask.run(FutureTask.java:266)
	at java.util.concurrent.ThreadPoolExecutor.runWorker(ThreadPoolExecutor.java:1149)
	at java.util.concurrent.ThreadPoolExecutor$Worker.run(ThreadPoolExecutor.java:624)
	... 1 more
Caused by: org.apache.ratis.thirdparty.io.netty.channel.AbstractChannel$AnnotatedConnectException: Connection refused: /192.168.34.38:45833
	at sun.nio.ch.SocketChannelImpl.checkConnect(Native Method)
	at sun.nio.ch.SocketChannelImpl.finishConnect(SocketChannelImpl.java:717)
	at org.apache.ratis.thirdparty.io.netty.channel.socket.nio.NioSocketChannel.doFinishConnect(NioSocketChannel.java:327)
	at org.apache.ratis.thirdparty.io.netty.channel.nio.AbstractNioChannel$AbstractNioUnsafe.finishConnect(AbstractNioChannel.java:340)
	at org.apache.ratis.thirdparty.io.netty.channel.nio.NioEventLoop.processSelectedKey(NioEventLoop.java:632)
	at org.apache.ratis.thirdparty.io.netty.channel.nio.NioEventLoop.processSelectedKeysOptimized(NioEventLoop.java:579)
	at org.apache.ratis.thirdparty.io.netty.channel.nio.NioEventLoop.processSelectedKeys(NioEventLoop.java:496)
	at org.apache.ratis.thirdparty.io.netty.channel.nio.NioEventLoop.run(NioEventLoop.java:458)
	at org.apache.ratis.thirdparty.io.netty.util.concurrent.SingleThreadEventExecutor$5.run(SingleThreadEventExecutor.java:897)
	at org.apache.ratis.thirdparty.io.netty.util.concurrent.FastThreadLocalRunnable.run(FastThreadLocalRunnable.java:30)
	... 1 more
Caused by: java.net.ConnectException: Connection refused
	... 11 more
2019-10-16 21:02:18,368 [4b287a15-77af-487b-aef7-34d1d0ee189f@group-83C26644CFDA-LeaderElection433] INFO  impl.RaftServerImpl (RaftServerImpl.java:setRole(184)) - 4b287a15-77af-487b-aef7-34d1d0ee189f@group-83C26644CFDA: changes role from CANDIDATE to FOLLOWER at term 459 for DISCOVERED_A_NEW_TERM
2019-10-16 21:02:18,368 [4b287a15-77af-487b-aef7-34d1d0ee189f@group-83C26644CFDA-LeaderElection433] INFO  impl.RoleInfo (RoleInfo.java:shutdownLeaderElection(134)) - 4b287a15-77af-487b-aef7-34d1d0ee189f: shutdown LeaderElection
2019-10-16 21:02:18,368 [4b287a15-77af-487b-aef7-34d1d0ee189f@group-83C26644CFDA-LeaderElection433] INFO  impl.RoleInfo (RoleInfo.java:updateAndGet(143)) - 4b287a15-77af-487b-aef7-34d1d0ee189f: start FollowerState
2019-10-16 21:02:18,385 [Thread-2984] INFO  impl.FollowerState (FollowerState.java:run(108)) - 4b287a15-77af-487b-aef7-34d1d0ee189f@group-83C26644CFDA-FollowerState: change to CANDIDATE, lastRpcTime:16ms, electionTimeout:16ms
2019-10-16 21:02:18,385 [Thread-2984] INFO  impl.RoleInfo (RoleInfo.java:shutdownFollowerState(121)) - 4b287a15-77af-487b-aef7-34d1d0ee189f: shutdown FollowerState
2019-10-16 21:02:18,385 [Thread-2984] INFO  impl.RaftServerImpl (RaftServerImpl.java:setRole(184)) - 4b287a15-77af-487b-aef7-34d1d0ee189f@group-83C26644CFDA: changes role from  FOLLOWER to CANDIDATE at term 459 for changeToCandidate
2019-10-16 21:02:18,385 [Thread-2984] INFO  impl.RoleInfo (RoleInfo.java:updateAndGet(143)) - 4b287a15-77af-487b-aef7-34d1d0ee189f: start LeaderElection
2019-10-16 21:02:18,398 [4b287a15-77af-487b-aef7-34d1d0ee189f@group-83C26644CFDA-LeaderElection434] INFO  impl.LeaderElection (LeaderElection.java:askForVotes(178)) - 4b287a15-77af-487b-aef7-34d1d0ee189f@group-83C26644CFDA-LeaderElection434: begin an election at term 460 for -1: [4b287a15-77af-487b-aef7-34d1d0ee189f:192.168.34.38:38597, 0aa3649f-570d-46c6-937f-492d7f3a8364:192.168.34.38:33209, 4a03179f-3169-4ac7-a075-259968512ef0:192.168.34.38:45833], old=null
2019-10-16 21:02:18,399 [4b287a15-77af-487b-aef7-34d1d0ee189f@group-83C26644CFDA-LeaderElection434] INFO  impl.LeaderElection (LogUtils.java:infoOrTrace(149)) - 4b287a15-77af-487b-aef7-34d1d0ee189f@group-83C26644CFDA-LeaderElection434 got exception when requesting votes: {}
java.util.concurrent.ExecutionException: org.apache.ratis.thirdparty.io.grpc.StatusRuntimeException: UNAVAILABLE: io exception
	at java.util.concurrent.FutureTask.report(FutureTask.java:122)
	at java.util.concurrent.FutureTask.get(FutureTask.java:192)
	at org.apache.ratis.server.impl.LeaderElection.waitForResults(LeaderElection.java:259)
	at org.apache.ratis.server.impl.LeaderElection.askForVotes(LeaderElection.java:197)
	at org.apache.ratis.server.impl.LeaderElection.run(LeaderElection.java:133)
	at java.lang.Thread.run(Thread.java:748)
Caused by: org.apache.ratis.thirdparty.io.grpc.StatusRuntimeException: UNAVAILABLE: io exception
	at org.apache.ratis.thirdparty.io.grpc.stub.ClientCalls.toStatusRuntimeException(ClientCalls.java:233)
	at org.apache.ratis.thirdparty.io.grpc.stub.ClientCalls.getUnchecked(ClientCalls.java:214)
	at org.apache.ratis.thirdparty.io.grpc.stub.ClientCalls.blockingUnaryCall(ClientCalls.java:139)
	at org.apache.ratis.proto.grpc.RaftServerProtocolServiceGrpc$RaftServerProtocolServiceBlockingStub.requestVote(RaftServerProtocolServiceGrpc.java:265)
	at org.apache.ratis.grpc.server.GrpcServerProtocolClient.requestVote(GrpcServerProtocolClient.java:99)
	at org.apache.ratis.grpc.server.GrpcService.requestVote(GrpcService.java:204)
	at org.apache.ratis.server.impl.LeaderElection.lambda$submitRequests$1(LeaderElection.java:234)
	at java.util.concurrent.FutureTask.run(FutureTask.java:266)
	at java.util.concurrent.Executors$RunnableAdapter.call(Executors.java:511)
	at java.util.concurrent.FutureTask.run(FutureTask.java:266)
	at java.util.concurrent.ThreadPoolExecutor.runWorker(ThreadPoolExecutor.java:1149)
	at java.util.concurrent.ThreadPoolExecutor$Worker.run(ThreadPoolExecutor.java:624)
	... 1 more
Caused by: org.apache.ratis.thirdparty.io.netty.channel.AbstractChannel$AnnotatedConnectException: Connection refused: /192.168.34.38:45833
	at sun.nio.ch.SocketChannelImpl.checkConnect(Native Method)
	at sun.nio.ch.SocketChannelImpl.finishConnect(SocketChannelImpl.java:717)
	at org.apache.ratis.thirdparty.io.netty.channel.socket.nio.NioSocketChannel.doFinishConnect(NioSocketChannel.java:327)
	at org.apache.ratis.thirdparty.io.netty.channel.nio.AbstractNioChannel$AbstractNioUnsafe.finishConnect(AbstractNioChannel.java:340)
	at org.apache.ratis.thirdparty.io.netty.channel.nio.NioEventLoop.processSelectedKey(NioEventLoop.java:632)
	at org.apache.ratis.thirdparty.io.netty.channel.nio.NioEventLoop.processSelectedKeysOptimized(NioEventLoop.java:579)
	at org.apache.ratis.thirdparty.io.netty.channel.nio.NioEventLoop.processSelectedKeys(NioEventLoop.java:496)
	at org.apache.ratis.thirdparty.io.netty.channel.nio.NioEventLoop.run(NioEventLoop.java:458)
	at org.apache.ratis.thirdparty.io.netty.util.concurrent.SingleThreadEventExecutor$5.run(SingleThreadEventExecutor.java:897)
	at org.apache.ratis.thirdparty.io.netty.util.concurrent.FastThreadLocalRunnable.run(FastThreadLocalRunnable.java:30)
	... 1 more
Caused by: java.net.ConnectException: Connection refused
	... 11 more
2019-10-16 21:02:18,399 [4b287a15-77af-487b-aef7-34d1d0ee189f@group-83C26644CFDA-LeaderElection434] INFO  impl.LeaderElection (LogUtils.java:infoOrTrace(149)) - 4b287a15-77af-487b-aef7-34d1d0ee189f@group-83C26644CFDA-LeaderElection434 got exception when requesting votes: {}
java.util.concurrent.ExecutionException: org.apache.ratis.thirdparty.io.grpc.StatusRuntimeException: UNAVAILABLE: io exception
	at java.util.concurrent.FutureTask.report(FutureTask.java:122)
	at java.util.concurrent.FutureTask.get(FutureTask.java:192)
	at org.apache.ratis.server.impl.LeaderElection.waitForResults(LeaderElection.java:259)
	at org.apache.ratis.server.impl.LeaderElection.askForVotes(LeaderElection.java:197)
	at org.apache.ratis.server.impl.LeaderElection.run(LeaderElection.java:133)
	at java.lang.Thread.run(Thread.java:748)
Caused by: org.apache.ratis.thirdparty.io.grpc.StatusRuntimeException: UNAVAILABLE: io exception
	at org.apache.ratis.thirdparty.io.grpc.stub.ClientCalls.toStatusRuntimeException(ClientCalls.java:233)
	at org.apache.ratis.thirdparty.io.grpc.stub.ClientCalls.getUnchecked(ClientCalls.java:214)
	at org.apache.ratis.thirdparty.io.grpc.stub.ClientCalls.blockingUnaryCall(ClientCalls.java:139)
	at org.apache.ratis.proto.grpc.RaftServerProtocolServiceGrpc$RaftServerProtocolServiceBlockingStub.requestVote(RaftServerProtocolServiceGrpc.java:265)
	at org.apache.ratis.grpc.server.GrpcServerProtocolClient.requestVote(GrpcServerProtocolClient.java:99)
	at org.apache.ratis.grpc.server.GrpcService.requestVote(GrpcService.java:204)
	at org.apache.ratis.server.impl.LeaderElection.lambda$submitRequests$1(LeaderElection.java:234)
	at java.util.concurrent.FutureTask.run(FutureTask.java:266)
	at java.util.concurrent.Executors$RunnableAdapter.call(Executors.java:511)
	at java.util.concurrent.FutureTask.run(FutureTask.java:266)
	at java.util.concurrent.ThreadPoolExecutor.runWorker(ThreadPoolExecutor.java:1149)
	at java.util.concurrent.ThreadPoolExecutor$Worker.run(ThreadPoolExecutor.java:624)
	... 1 more
Caused by: org.apache.ratis.thirdparty.io.netty.channel.AbstractChannel$AnnotatedConnectException: Connection refused: /192.168.34.38:33209
	at sun.nio.ch.SocketChannelImpl.checkConnect(Native Method)
	at sun.nio.ch.SocketChannelImpl.finishConnect(SocketChannelImpl.java:717)
	at org.apache.ratis.thirdparty.io.netty.channel.socket.nio.NioSocketChannel.doFinishConnect(NioSocketChannel.java:327)
	at org.apache.ratis.thirdparty.io.netty.channel.nio.AbstractNioChannel$AbstractNioUnsafe.finishConnect(AbstractNioChannel.java:340)
	at org.apache.ratis.thirdparty.io.netty.channel.nio.NioEventLoop.processSelectedKey(NioEventLoop.java:632)
	at org.apache.ratis.thirdparty.io.netty.channel.nio.NioEventLoop.processSelectedKeysOptimized(NioEventLoop.java:579)
	at org.apache.ratis.thirdparty.io.netty.channel.nio.NioEventLoop.processSelectedKeys(NioEventLoop.java:496)
	at org.apache.ratis.thirdparty.io.netty.channel.nio.NioEventLoop.run(NioEventLoop.java:458)
	at org.apache.ratis.thirdparty.io.netty.util.concurrent.SingleThreadEventExecutor$5.run(SingleThreadEventExecutor.java:897)
	at org.apache.ratis.thirdparty.io.netty.util.concurrent.FastThreadLocalRunnable.run(FastThreadLocalRunnable.java:30)
	... 1 more
Caused by: java.net.ConnectException: Connection refused
	... 11 more
2019-10-16 21:02:18,399 [4b287a15-77af-487b-aef7-34d1d0ee189f@group-83C26644CFDA-LeaderElection434] INFO  impl.LeaderElection (LeaderElection.java:logAndReturn(56)) - 4b287a15-77af-487b-aef7-34d1d0ee189f@group-83C26644CFDA-LeaderElection434: Election REJECTED; received 0 response(s) [] and 2 exception(s); 4b287a15-77af-487b-aef7-34d1d0ee189f@group-83C26644CFDA:t460, leader=null, voted=4b287a15-77af-487b-aef7-34d1d0ee189f, raftlog=4b287a15-77af-487b-aef7-34d1d0ee189f@group-83C26644CFDA-SegmentedRaftLog:OPENED:c-1,f-1,i0, conf=-1: [4b287a15-77af-487b-aef7-34d1d0ee189f:192.168.34.38:38597, 0aa3649f-570d-46c6-937f-492d7f3a8364:192.168.34.38:33209, 4a03179f-3169-4ac7-a075-259968512ef0:192.168.34.38:45833], old=null
2019-10-16 21:02:18,399 [4b287a15-77af-487b-aef7-34d1d0ee189f@group-83C26644CFDA-LeaderElection434] INFO  impl.LeaderElection (LogUtils.java:infoOrTrace(149)) -   Exception 0: {}
java.util.concurrent.ExecutionException: org.apache.ratis.thirdparty.io.grpc.StatusRuntimeException: UNAVAILABLE: io exception
	at java.util.concurrent.FutureTask.report(FutureTask.java:122)
	at java.util.concurrent.FutureTask.get(FutureTask.java:192)
	at org.apache.ratis.server.impl.LeaderElection.waitForResults(LeaderElection.java:259)
	at org.apache.ratis.server.impl.LeaderElection.askForVotes(LeaderElection.java:197)
	at org.apache.ratis.server.impl.LeaderElection.run(LeaderElection.java:133)
	at java.lang.Thread.run(Thread.java:748)
Caused by: org.apache.ratis.thirdparty.io.grpc.StatusRuntimeException: UNAVAILABLE: io exception
	at org.apache.ratis.thirdparty.io.grpc.stub.ClientCalls.toStatusRuntimeException(ClientCalls.java:233)
	at org.apache.ratis.thirdparty.io.grpc.stub.ClientCalls.getUnchecked(ClientCalls.java:214)
	at org.apache.ratis.thirdparty.io.grpc.stub.ClientCalls.blockingUnaryCall(ClientCalls.java:139)
	at org.apache.ratis.proto.grpc.RaftServerProtocolServiceGrpc$RaftServerProtocolServiceBlockingStub.requestVote(RaftServerProtocolServiceGrpc.java:265)
	at org.apache.ratis.grpc.server.GrpcServerProtocolClient.requestVote(GrpcServerProtocolClient.java:99)
	at org.apache.ratis.grpc.server.GrpcService.requestVote(GrpcService.java:204)
	at org.apache.ratis.server.impl.LeaderElection.lambda$submitRequests$1(LeaderElection.java:234)
	at java.util.concurrent.FutureTask.run(FutureTask.java:266)
	at java.util.concurrent.Executors$RunnableAdapter.call(Executors.java:511)
	at java.util.concurrent.FutureTask.run(FutureTask.java:266)
	at java.util.concurrent.ThreadPoolExecutor.runWorker(ThreadPoolExecutor.java:1149)
	at java.util.concurrent.ThreadPoolExecutor$Worker.run(ThreadPoolExecutor.java:624)
	... 1 more
Caused by: org.apache.ratis.thirdparty.io.netty.channel.AbstractChannel$AnnotatedConnectException: Connection refused: /192.168.34.38:45833
	at sun.nio.ch.SocketChannelImpl.checkConnect(Native Method)
	at sun.nio.ch.SocketChannelImpl.finishConnect(SocketChannelImpl.java:717)
	at org.apache.ratis.thirdparty.io.netty.channel.socket.nio.NioSocketChannel.doFinishConnect(NioSocketChannel.java:327)
	at org.apache.ratis.thirdparty.io.netty.channel.nio.AbstractNioChannel$AbstractNioUnsafe.finishConnect(AbstractNioChannel.java:340)
	at org.apache.ratis.thirdparty.io.netty.channel.nio.NioEventLoop.processSelectedKey(NioEventLoop.java:632)
	at org.apache.ratis.thirdparty.io.netty.channel.nio.NioEventLoop.processSelectedKeysOptimized(NioEventLoop.java:579)
	at org.apache.ratis.thirdparty.io.netty.channel.nio.NioEventLoop.processSelectedKeys(NioEventLoop.java:496)
	at org.apache.ratis.thirdparty.io.netty.channel.nio.NioEventLoop.run(NioEventLoop.java:458)
	at org.apache.ratis.thirdparty.io.netty.util.concurrent.SingleThreadEventExecutor$5.run(SingleThreadEventExecutor.java:897)
	at org.apache.ratis.thirdparty.io.netty.util.concurrent.FastThreadLocalRunnable.run(FastThreadLocalRunnable.java:30)
	... 1 more
Caused by: java.net.ConnectException: Connection refused
	... 11 more
2019-10-16 21:02:18,400 [4b287a15-77af-487b-aef7-34d1d0ee189f@group-83C26644CFDA-LeaderElection434] INFO  impl.LeaderElection (LogUtils.java:infoOrTrace(149)) -   Exception 1: {}
java.util.concurrent.ExecutionException: org.apache.ratis.thirdparty.io.grpc.StatusRuntimeException: UNAVAILABLE: io exception
	at java.util.concurrent.FutureTask.report(FutureTask.java:122)
	at java.util.concurrent.FutureTask.get(FutureTask.java:192)
	at org.apache.ratis.server.impl.LeaderElection.waitForResults(LeaderElection.java:259)
	at org.apache.ratis.server.impl.LeaderElection.askForVotes(LeaderElection.java:197)
	at org.apache.ratis.server.impl.LeaderElection.run(LeaderElection.java:133)
	at java.lang.Thread.run(Thread.java:748)
Caused by: org.apache.ratis.thirdparty.io.grpc.StatusRuntimeException: UNAVAILABLE: io exception
	at org.apache.ratis.thirdparty.io.grpc.stub.ClientCalls.toStatusRuntimeException(ClientCalls.java:233)
	at org.apache.ratis.thirdparty.io.grpc.stub.ClientCalls.getUnchecked(ClientCalls.java:214)
	at org.apache.ratis.thirdparty.io.grpc.stub.ClientCalls.blockingUnaryCall(ClientCalls.java:139)
	at org.apache.ratis.proto.grpc.RaftServerProtocolServiceGrpc$RaftServerProtocolServiceBlockingStub.requestVote(RaftServerProtocolServiceGrpc.java:265)
	at org.apache.ratis.grpc.server.GrpcServerProtocolClient.requestVote(GrpcServerProtocolClient.java:99)
	at org.apache.ratis.grpc.server.GrpcService.requestVote(GrpcService.java:204)
	at org.apache.ratis.server.impl.LeaderElection.lambda$submitRequests$1(LeaderElection.java:234)
	at java.util.concurrent.FutureTask.run(FutureTask.java:266)
	at java.util.concurrent.Executors$RunnableAdapter.call(Executors.java:511)
	at java.util.concurrent.FutureTask.run(FutureTask.java:266)
	at java.util.concurrent.ThreadPoolExecutor.runWorker(ThreadPoolExecutor.java:1149)
	at java.util.concurrent.ThreadPoolExecutor$Worker.run(ThreadPoolExecutor.java:624)
	... 1 more
Caused by: org.apache.ratis.thirdparty.io.netty.channel.AbstractChannel$AnnotatedConnectException: Connection refused: /192.168.34.38:33209
	at sun.nio.ch.SocketChannelImpl.checkConnect(Native Method)
	at sun.nio.ch.SocketChannelImpl.finishConnect(SocketChannelImpl.java:717)
	at org.apache.ratis.thirdparty.io.netty.channel.socket.nio.NioSocketChannel.doFinishConnect(NioSocketChannel.java:327)
	at org.apache.ratis.thirdparty.io.netty.channel.nio.AbstractNioChannel$AbstractNioUnsafe.finishConnect(AbstractNioChannel.java:340)
	at org.apache.ratis.thirdparty.io.netty.channel.nio.NioEventLoop.processSelectedKey(NioEventLoop.java:632)
	at org.apache.ratis.thirdparty.io.netty.channel.nio.NioEventLoop.processSelectedKeysOptimized(NioEventLoop.java:579)
	at org.apache.ratis.thirdparty.io.netty.channel.nio.NioEventLoop.processSelectedKeys(NioEventLoop.java:496)
	at org.apache.ratis.thirdparty.io.netty.channel.nio.NioEventLoop.run(NioEventLoop.java:458)
	at org.apache.ratis.thirdparty.io.netty.util.concurrent.SingleThreadEventExecutor$5.run(SingleThreadEventExecutor.java:897)
	at org.apache.ratis.thirdparty.io.netty.util.concurrent.FastThreadLocalRunnable.run(FastThreadLocalRunnable.java:30)
	... 1 more
Caused by: java.net.ConnectException: Connection refused
	... 11 more
2019-10-16 21:02:18,400 [4b287a15-77af-487b-aef7-34d1d0ee189f@group-83C26644CFDA-LeaderElection434] INFO  impl.RaftServerImpl (RaftServerImpl.java:setRole(184)) - 4b287a15-77af-487b-aef7-34d1d0ee189f@group-83C26644CFDA: changes role from CANDIDATE to FOLLOWER at term 460 for DISCOVERED_A_NEW_TERM
2019-10-16 21:02:18,400 [4b287a15-77af-487b-aef7-34d1d0ee189f@group-83C26644CFDA-LeaderElection434] INFO  impl.RoleInfo (RoleInfo.java:shutdownLeaderElection(134)) - 4b287a15-77af-487b-aef7-34d1d0ee189f: shutdown LeaderElection
2019-10-16 21:02:18,400 [4b287a15-77af-487b-aef7-34d1d0ee189f@group-83C26644CFDA-LeaderElection434] INFO  impl.RoleInfo (RoleInfo.java:updateAndGet(143)) - 4b287a15-77af-487b-aef7-34d1d0ee189f: start FollowerState
2019-10-16 21:02:18,516 [Thread-2988] INFO  impl.FollowerState (FollowerState.java:run(108)) - 4b287a15-77af-487b-aef7-34d1d0ee189f@group-83C26644CFDA-FollowerState: change to CANDIDATE, lastRpcTime:115ms, electionTimeout:115ms
2019-10-16 21:02:18,516 [Thread-2988] INFO  impl.RoleInfo (RoleInfo.java:shutdownFollowerState(121)) - 4b287a15-77af-487b-aef7-34d1d0ee189f: shutdown FollowerState
2019-10-16 21:02:18,516 [Thread-2988] INFO  impl.RaftServerImpl (RaftServerImpl.java:setRole(184)) - 4b287a15-77af-487b-aef7-34d1d0ee189f@group-83C26644CFDA: changes role from  FOLLOWER to CANDIDATE at term 460 for changeToCandidate
2019-10-16 21:02:18,516 [Thread-2988] INFO  impl.RoleInfo (RoleInfo.java:updateAndGet(143)) - 4b287a15-77af-487b-aef7-34d1d0ee189f: start LeaderElection
2019-10-16 21:02:18,529 [4b287a15-77af-487b-aef7-34d1d0ee189f@group-83C26644CFDA-LeaderElection435] INFO  impl.LeaderElection (LeaderElection.java:askForVotes(178)) - 4b287a15-77af-487b-aef7-34d1d0ee189f@group-83C26644CFDA-LeaderElection435: begin an election at term 461 for -1: [4b287a15-77af-487b-aef7-34d1d0ee189f:192.168.34.38:38597, 0aa3649f-570d-46c6-937f-492d7f3a8364:192.168.34.38:33209, 4a03179f-3169-4ac7-a075-259968512ef0:192.168.34.38:45833], old=null
2019-10-16 21:02:18,530 [4b287a15-77af-487b-aef7-34d1d0ee189f@group-83C26644CFDA-LeaderElection435] INFO  impl.LeaderElection (LogUtils.java:infoOrTrace(149)) - 4b287a15-77af-487b-aef7-34d1d0ee189f@group-83C26644CFDA-LeaderElection435 got exception when requesting votes: {}
java.util.concurrent.ExecutionException: org.apache.ratis.thirdparty.io.grpc.StatusRuntimeException: UNAVAILABLE: io exception
	at java.util.concurrent.FutureTask.report(FutureTask.java:122)
	at java.util.concurrent.FutureTask.get(FutureTask.java:192)
	at org.apache.ratis.server.impl.LeaderElection.waitForResults(LeaderElection.java:259)
	at org.apache.ratis.server.impl.LeaderElection.askForVotes(LeaderElection.java:197)
	at org.apache.ratis.server.impl.LeaderElection.run(LeaderElection.java:133)
	at java.lang.Thread.run(Thread.java:748)
Caused by: org.apache.ratis.thirdparty.io.grpc.StatusRuntimeException: UNAVAILABLE: io exception
	at org.apache.ratis.thirdparty.io.grpc.stub.ClientCalls.toStatusRuntimeException(ClientCalls.java:233)
	at org.apache.ratis.thirdparty.io.grpc.stub.ClientCalls.getUnchecked(ClientCalls.java:214)
	at org.apache.ratis.thirdparty.io.grpc.stub.ClientCalls.blockingUnaryCall(ClientCalls.java:139)
	at org.apache.ratis.proto.grpc.RaftServerProtocolServiceGrpc$RaftServerProtocolServiceBlockingStub.requestVote(RaftServerProtocolServiceGrpc.java:265)
	at org.apache.ratis.grpc.server.GrpcServerProtocolClient.requestVote(GrpcServerProtocolClient.java:99)
	at org.apache.ratis.grpc.server.GrpcService.requestVote(GrpcService.java:204)
	at org.apache.ratis.server.impl.LeaderElection.lambda$submitRequests$1(LeaderElection.java:234)
	at java.util.concurrent.FutureTask.run(FutureTask.java:266)
	at java.util.concurrent.Executors$RunnableAdapter.call(Executors.java:511)
	at java.util.concurrent.FutureTask.run(FutureTask.java:266)
	at java.util.concurrent.ThreadPoolExecutor.runWorker(ThreadPoolExecutor.java:1149)
	at java.util.concurrent.ThreadPoolExecutor$Worker.run(ThreadPoolExecutor.java:624)
	... 1 more
Caused by: org.apache.ratis.thirdparty.io.netty.channel.AbstractChannel$AnnotatedConnectException: Connection refused: /192.168.34.38:45833
	at sun.nio.ch.SocketChannelImpl.checkConnect(Native Method)
	at sun.nio.ch.SocketChannelImpl.finishConnect(SocketChannelImpl.java:717)
	at org.apache.ratis.thirdparty.io.netty.channel.socket.nio.NioSocketChannel.doFinishConnect(NioSocketChannel.java:327)
	at org.apache.ratis.thirdparty.io.netty.channel.nio.AbstractNioChannel$AbstractNioUnsafe.finishConnect(AbstractNioChannel.java:340)
	at org.apache.ratis.thirdparty.io.netty.channel.nio.NioEventLoop.processSelectedKey(NioEventLoop.java:632)
	at org.apache.ratis.thirdparty.io.netty.channel.nio.NioEventLoop.processSelectedKeysOptimized(NioEventLoop.java:579)
	at org.apache.ratis.thirdparty.io.netty.channel.nio.NioEventLoop.processSelectedKeys(NioEventLoop.java:496)
	at org.apache.ratis.thirdparty.io.netty.channel.nio.NioEventLoop.run(NioEventLoop.java:458)
	at org.apache.ratis.thirdparty.io.netty.util.concurrent.SingleThreadEventExecutor$5.run(SingleThreadEventExecutor.java:897)
	at org.apache.ratis.thirdparty.io.netty.util.concurrent.FastThreadLocalRunnable.run(FastThreadLocalRunnable.java:30)
	... 1 more
Caused by: java.net.ConnectException: Connection refused
	... 11 more
2019-10-16 21:02:18,531 [4b287a15-77af-487b-aef7-34d1d0ee189f@group-83C26644CFDA-LeaderElection435] INFO  impl.LeaderElection (LogUtils.java:infoOrTrace(149)) - 4b287a15-77af-487b-aef7-34d1d0ee189f@group-83C26644CFDA-LeaderElection435 got exception when requesting votes: {}
java.util.concurrent.ExecutionException: org.apache.ratis.thirdparty.io.grpc.StatusRuntimeException: UNAVAILABLE: io exception
	at java.util.concurrent.FutureTask.report(FutureTask.java:122)
	at java.util.concurrent.FutureTask.get(FutureTask.java:192)
	at org.apache.ratis.server.impl.LeaderElection.waitForResults(LeaderElection.java:259)
	at org.apache.ratis.server.impl.LeaderElection.askForVotes(LeaderElection.java:197)
	at org.apache.ratis.server.impl.LeaderElection.run(LeaderElection.java:133)
	at java.lang.Thread.run(Thread.java:748)
Caused by: org.apache.ratis.thirdparty.io.grpc.StatusRuntimeException: UNAVAILABLE: io exception
	at org.apache.ratis.thirdparty.io.grpc.stub.ClientCalls.toStatusRuntimeException(ClientCalls.java:233)
	at org.apache.ratis.thirdparty.io.grpc.stub.ClientCalls.getUnchecked(ClientCalls.java:214)
	at org.apache.ratis.thirdparty.io.grpc.stub.ClientCalls.blockingUnaryCall(ClientCalls.java:139)
	at org.apache.ratis.proto.grpc.RaftServerProtocolServiceGrpc$RaftServerProtocolServiceBlockingStub.requestVote(RaftServerProtocolServiceGrpc.java:265)
	at org.apache.ratis.grpc.server.GrpcServerProtocolClient.requestVote(GrpcServerProtocolClient.java:99)
	at org.apache.ratis.grpc.server.GrpcService.requestVote(GrpcService.java:204)
	at org.apache.ratis.server.impl.LeaderElection.lambda$submitRequests$1(LeaderElection.java:234)
	at java.util.concurrent.FutureTask.run(FutureTask.java:266)
	at java.util.concurrent.Executors$RunnableAdapter.call(Executors.java:511)
	at java.util.concurrent.FutureTask.run(FutureTask.java:266)
	at java.util.concurrent.ThreadPoolExecutor.runWorker(ThreadPoolExecutor.java:1149)
	at java.util.concurrent.ThreadPoolExecutor$Worker.run(ThreadPoolExecutor.java:624)
	... 1 more
Caused by: org.apache.ratis.thirdparty.io.netty.channel.AbstractChannel$AnnotatedConnectException: Connection refused: /192.168.34.38:33209
	at sun.nio.ch.SocketChannelImpl.checkConnect(Native Method)
	at sun.nio.ch.SocketChannelImpl.finishConnect(SocketChannelImpl.java:717)
	at org.apache.ratis.thirdparty.io.netty.channel.socket.nio.NioSocketChannel.doFinishConnect(NioSocketChannel.java:327)
	at org.apache.ratis.thirdparty.io.netty.channel.nio.AbstractNioChannel$AbstractNioUnsafe.finishConnect(AbstractNioChannel.java:340)
	at org.apache.ratis.thirdparty.io.netty.channel.nio.NioEventLoop.processSelectedKey(NioEventLoop.java:632)
	at org.apache.ratis.thirdparty.io.netty.channel.nio.NioEventLoop.processSelectedKeysOptimized(NioEventLoop.java:579)
	at org.apache.ratis.thirdparty.io.netty.channel.nio.NioEventLoop.processSelectedKeys(NioEventLoop.java:496)
	at org.apache.ratis.thirdparty.io.netty.channel.nio.NioEventLoop.run(NioEventLoop.java:458)
	at org.apache.ratis.thirdparty.io.netty.util.concurrent.SingleThreadEventExecutor$5.run(SingleThreadEventExecutor.java:897)
	at org.apache.ratis.thirdparty.io.netty.util.concurrent.FastThreadLocalRunnable.run(FastThreadLocalRunnable.java:30)
	... 1 more
Caused by: java.net.ConnectException: Connection refused
	... 11 more
2019-10-16 21:02:18,531 [4b287a15-77af-487b-aef7-34d1d0ee189f@group-83C26644CFDA-LeaderElection435] INFO  impl.LeaderElection (LeaderElection.java:logAndReturn(56)) - 4b287a15-77af-487b-aef7-34d1d0ee189f@group-83C26644CFDA-LeaderElection435: Election REJECTED; received 0 response(s) [] and 2 exception(s); 4b287a15-77af-487b-aef7-34d1d0ee189f@group-83C26644CFDA:t461, leader=null, voted=4b287a15-77af-487b-aef7-34d1d0ee189f, raftlog=4b287a15-77af-487b-aef7-34d1d0ee189f@group-83C26644CFDA-SegmentedRaftLog:OPENED:c-1,f-1,i0, conf=-1: [4b287a15-77af-487b-aef7-34d1d0ee189f:192.168.34.38:38597, 0aa3649f-570d-46c6-937f-492d7f3a8364:192.168.34.38:33209, 4a03179f-3169-4ac7-a075-259968512ef0:192.168.34.38:45833], old=null
2019-10-16 21:02:18,531 [4b287a15-77af-487b-aef7-34d1d0ee189f@group-83C26644CFDA-LeaderElection435] INFO  impl.LeaderElection (LogUtils.java:infoOrTrace(149)) -   Exception 0: {}
java.util.concurrent.ExecutionException: org.apache.ratis.thirdparty.io.grpc.StatusRuntimeException: UNAVAILABLE: io exception
	at java.util.concurrent.FutureTask.report(FutureTask.java:122)
	at java.util.concurrent.FutureTask.get(FutureTask.java:192)
	at org.apache.ratis.server.impl.LeaderElection.waitForResults(LeaderElection.java:259)
	at org.apache.ratis.server.impl.LeaderElection.askForVotes(LeaderElection.java:197)
	at org.apache.ratis.server.impl.LeaderElection.run(LeaderElection.java:133)
	at java.lang.Thread.run(Thread.java:748)
Caused by: org.apache.ratis.thirdparty.io.grpc.StatusRuntimeException: UNAVAILABLE: io exception
	at org.apache.ratis.thirdparty.io.grpc.stub.ClientCalls.toStatusRuntimeException(ClientCalls.java:233)
	at org.apache.ratis.thirdparty.io.grpc.stub.ClientCalls.getUnchecked(ClientCalls.java:214)
	at org.apache.ratis.thirdparty.io.grpc.stub.ClientCalls.blockingUnaryCall(ClientCalls.java:139)
	at org.apache.ratis.proto.grpc.RaftServerProtocolServiceGrpc$RaftServerProtocolServiceBlockingStub.requestVote(RaftServerProtocolServiceGrpc.java:265)
	at org.apache.ratis.grpc.server.GrpcServerProtocolClient.requestVote(GrpcServerProtocolClient.java:99)
	at org.apache.ratis.grpc.server.GrpcService.requestVote(GrpcService.java:204)
	at org.apache.ratis.server.impl.LeaderElection.lambda$submitRequests$1(LeaderElection.java:234)
	at java.util.concurrent.FutureTask.run(FutureTask.java:266)
	at java.util.concurrent.Executors$RunnableAdapter.call(Executors.java:511)
	at java.util.concurrent.FutureTask.run(FutureTask.java:266)
	at java.util.concurrent.ThreadPoolExecutor.runWorker(ThreadPoolExecutor.java:1149)
	at java.util.concurrent.ThreadPoolExecutor$Worker.run(ThreadPoolExecutor.java:624)
	... 1 more
Caused by: org.apache.ratis.thirdparty.io.netty.channel.AbstractChannel$AnnotatedConnectException: Connection refused: /192.168.34.38:45833
	at sun.nio.ch.SocketChannelImpl.checkConnect(Native Method)
	at sun.nio.ch.SocketChannelImpl.finishConnect(SocketChannelImpl.java:717)
	at org.apache.ratis.thirdparty.io.netty.channel.socket.nio.NioSocketChannel.doFinishConnect(NioSocketChannel.java:327)
	at org.apache.ratis.thirdparty.io.netty.channel.nio.AbstractNioChannel$AbstractNioUnsafe.finishConnect(AbstractNioChannel.java:340)
	at org.apache.ratis.thirdparty.io.netty.channel.nio.NioEventLoop.processSelectedKey(NioEventLoop.java:632)
	at org.apache.ratis.thirdparty.io.netty.channel.nio.NioEventLoop.processSelectedKeysOptimized(NioEventLoop.java:579)
	at org.apache.ratis.thirdparty.io.netty.channel.nio.NioEventLoop.processSelectedKeys(NioEventLoop.java:496)
	at org.apache.ratis.thirdparty.io.netty.channel.nio.NioEventLoop.run(NioEventLoop.java:458)
	at org.apache.ratis.thirdparty.io.netty.util.concurrent.SingleThreadEventExecutor$5.run(SingleThreadEventExecutor.java:897)
	at org.apache.ratis.thirdparty.io.netty.util.concurrent.FastThreadLocalRunnable.run(FastThreadLocalRunnable.java:30)
	... 1 more
Caused by: java.net.ConnectException: Connection refused
	... 11 more
2019-10-16 21:02:18,531 [4b287a15-77af-487b-aef7-34d1d0ee189f@group-83C26644CFDA-LeaderElection435] INFO  impl.LeaderElection (LogUtils.java:infoOrTrace(149)) -   Exception 1: {}
java.util.concurrent.ExecutionException: org.apache.ratis.thirdparty.io.grpc.StatusRuntimeException: UNAVAILABLE: io exception
	at java.util.concurrent.FutureTask.report(FutureTask.java:122)
	at java.util.concurrent.FutureTask.get(FutureTask.java:192)
	at org.apache.ratis.server.impl.LeaderElection.waitForResults(LeaderElection.java:259)
	at org.apache.ratis.server.impl.LeaderElection.askForVotes(LeaderElection.java:197)
	at org.apache.ratis.server.impl.LeaderElection.run(LeaderElection.java:133)
	at java.lang.Thread.run(Thread.java:748)
Caused by: org.apache.ratis.thirdparty.io.grpc.StatusRuntimeException: UNAVAILABLE: io exception
	at org.apache.ratis.thirdparty.io.grpc.stub.ClientCalls.toStatusRuntimeException(ClientCalls.java:233)
	at org.apache.ratis.thirdparty.io.grpc.stub.ClientCalls.getUnchecked(ClientCalls.java:214)
	at org.apache.ratis.thirdparty.io.grpc.stub.ClientCalls.blockingUnaryCall(ClientCalls.java:139)
	at org.apache.ratis.proto.grpc.RaftServerProtocolServiceGrpc$RaftServerProtocolServiceBlockingStub.requestVote(RaftServerProtocolServiceGrpc.java:265)
	at org.apache.ratis.grpc.server.GrpcServerProtocolClient.requestVote(GrpcServerProtocolClient.java:99)
	at org.apache.ratis.grpc.server.GrpcService.requestVote(GrpcService.java:204)
	at org.apache.ratis.server.impl.LeaderElection.lambda$submitRequests$1(LeaderElection.java:234)
	at java.util.concurrent.FutureTask.run(FutureTask.java:266)
	at java.util.concurrent.Executors$RunnableAdapter.call(Executors.java:511)
	at java.util.concurrent.FutureTask.run(FutureTask.java:266)
	at java.util.concurrent.ThreadPoolExecutor.runWorker(ThreadPoolExecutor.java:1149)
	at java.util.concurrent.ThreadPoolExecutor$Worker.run(ThreadPoolExecutor.java:624)
	... 1 more
Caused by: org.apache.ratis.thirdparty.io.netty.channel.AbstractChannel$AnnotatedConnectException: Connection refused: /192.168.34.38:33209
	at sun.nio.ch.SocketChannelImpl.checkConnect(Native Method)
	at sun.nio.ch.SocketChannelImpl.finishConnect(SocketChannelImpl.java:717)
	at org.apache.ratis.thirdparty.io.netty.channel.socket.nio.NioSocketChannel.doFinishConnect(NioSocketChannel.java:327)
	at org.apache.ratis.thirdparty.io.netty.channel.nio.AbstractNioChannel$AbstractNioUnsafe.finishConnect(AbstractNioChannel.java:340)
	at org.apache.ratis.thirdparty.io.netty.channel.nio.NioEventLoop.processSelectedKey(NioEventLoop.java:632)
	at org.apache.ratis.thirdparty.io.netty.channel.nio.NioEventLoop.processSelectedKeysOptimized(NioEventLoop.java:579)
	at org.apache.ratis.thirdparty.io.netty.channel.nio.NioEventLoop.processSelectedKeys(NioEventLoop.java:496)
	at org.apache.ratis.thirdparty.io.netty.channel.nio.NioEventLoop.run(NioEventLoop.java:458)
	at org.apache.ratis.thirdparty.io.netty.util.concurrent.SingleThreadEventExecutor$5.run(SingleThreadEventExecutor.java:897)
	at org.apache.ratis.thirdparty.io.netty.util.concurrent.FastThreadLocalRunnable.run(FastThreadLocalRunnable.java:30)
	... 1 more
Caused by: java.net.ConnectException: Connection refused
	... 11 more
2019-10-16 21:02:18,532 [4b287a15-77af-487b-aef7-34d1d0ee189f@group-83C26644CFDA-LeaderElection435] INFO  impl.RaftServerImpl (RaftServerImpl.java:setRole(184)) - 4b287a15-77af-487b-aef7-34d1d0ee189f@group-83C26644CFDA: changes role from CANDIDATE to FOLLOWER at term 461 for DISCOVERED_A_NEW_TERM
2019-10-16 21:02:18,532 [4b287a15-77af-487b-aef7-34d1d0ee189f@group-83C26644CFDA-LeaderElection435] INFO  impl.RoleInfo (RoleInfo.java:shutdownLeaderElection(134)) - 4b287a15-77af-487b-aef7-34d1d0ee189f: shutdown LeaderElection
2019-10-16 21:02:18,532 [4b287a15-77af-487b-aef7-34d1d0ee189f@group-83C26644CFDA-LeaderElection435] INFO  impl.RoleInfo (RoleInfo.java:updateAndGet(143)) - 4b287a15-77af-487b-aef7-34d1d0ee189f: start FollowerState
2019-10-16 21:02:18,566 [Thread-2992] INFO  impl.FollowerState (FollowerState.java:run(108)) - 4b287a15-77af-487b-aef7-34d1d0ee189f@group-83C26644CFDA-FollowerState: change to CANDIDATE, lastRpcTime:34ms, electionTimeout:34ms
2019-10-16 21:02:18,566 [Thread-2992] INFO  impl.RoleInfo (RoleInfo.java:shutdownFollowerState(121)) - 4b287a15-77af-487b-aef7-34d1d0ee189f: shutdown FollowerState
2019-10-16 21:02:18,566 [Thread-2992] INFO  impl.RaftServerImpl (RaftServerImpl.java:setRole(184)) - 4b287a15-77af-487b-aef7-34d1d0ee189f@group-83C26644CFDA: changes role from  FOLLOWER to CANDIDATE at term 461 for changeToCandidate
2019-10-16 21:02:18,566 [Thread-2992] INFO  impl.RoleInfo (RoleInfo.java:updateAndGet(143)) - 4b287a15-77af-487b-aef7-34d1d0ee189f: start LeaderElection
2019-10-16 21:02:18,579 [4b287a15-77af-487b-aef7-34d1d0ee189f@group-83C26644CFDA-LeaderElection436] INFO  impl.LeaderElection (LeaderElection.java:askForVotes(178)) - 4b287a15-77af-487b-aef7-34d1d0ee189f@group-83C26644CFDA-LeaderElection436: begin an election at term 462 for -1: [4b287a15-77af-487b-aef7-34d1d0ee189f:192.168.34.38:38597, 0aa3649f-570d-46c6-937f-492d7f3a8364:192.168.34.38:33209, 4a03179f-3169-4ac7-a075-259968512ef0:192.168.34.38:45833], old=null
2019-10-16 21:02:18,579 [4b287a15-77af-487b-aef7-34d1d0ee189f@group-83C26644CFDA-LeaderElection436] INFO  impl.LeaderElection (LogUtils.java:infoOrTrace(149)) - 4b287a15-77af-487b-aef7-34d1d0ee189f@group-83C26644CFDA-LeaderElection436 got exception when requesting votes: {}
java.util.concurrent.ExecutionException: org.apache.ratis.thirdparty.io.grpc.StatusRuntimeException: UNAVAILABLE: io exception
	at java.util.concurrent.FutureTask.report(FutureTask.java:122)
	at java.util.concurrent.FutureTask.get(FutureTask.java:192)
	at org.apache.ratis.server.impl.LeaderElection.waitForResults(LeaderElection.java:259)
	at org.apache.ratis.server.impl.LeaderElection.askForVotes(LeaderElection.java:197)
	at org.apache.ratis.server.impl.LeaderElection.run(LeaderElection.java:133)
	at java.lang.Thread.run(Thread.java:748)
Caused by: org.apache.ratis.thirdparty.io.grpc.StatusRuntimeException: UNAVAILABLE: io exception
	at org.apache.ratis.thirdparty.io.grpc.stub.ClientCalls.toStatusRuntimeException(ClientCalls.java:233)
	at org.apache.ratis.thirdparty.io.grpc.stub.ClientCalls.getUnchecked(ClientCalls.java:214)
	at org.apache.ratis.thirdparty.io.grpc.stub.ClientCalls.blockingUnaryCall(ClientCalls.java:139)
	at org.apache.ratis.proto.grpc.RaftServerProtocolServiceGrpc$RaftServerProtocolServiceBlockingStub.requestVote(RaftServerProtocolServiceGrpc.java:265)
	at org.apache.ratis.grpc.server.GrpcServerProtocolClient.requestVote(GrpcServerProtocolClient.java:99)
	at org.apache.ratis.grpc.server.GrpcService.requestVote(GrpcService.java:204)
	at org.apache.ratis.server.impl.LeaderElection.lambda$submitRequests$1(LeaderElection.java:234)
	at java.util.concurrent.FutureTask.run(FutureTask.java:266)
	at java.util.concurrent.Executors$RunnableAdapter.call(Executors.java:511)
	at java.util.concurrent.FutureTask.run(FutureTask.java:266)
	at java.util.concurrent.ThreadPoolExecutor.runWorker(ThreadPoolExecutor.java:1149)
	at java.util.concurrent.ThreadPoolExecutor$Worker.run(ThreadPoolExecutor.java:624)
	... 1 more
Caused by: org.apache.ratis.thirdparty.io.netty.channel.AbstractChannel$AnnotatedConnectException: Connection refused: /192.168.34.38:45833
	at sun.nio.ch.SocketChannelImpl.checkConnect(Native Method)
	at sun.nio.ch.SocketChannelImpl.finishConnect(SocketChannelImpl.java:717)
	at org.apache.ratis.thirdparty.io.netty.channel.socket.nio.NioSocketChannel.doFinishConnect(NioSocketChannel.java:327)
	at org.apache.ratis.thirdparty.io.netty.channel.nio.AbstractNioChannel$AbstractNioUnsafe.finishConnect(AbstractNioChannel.java:340)
	at org.apache.ratis.thirdparty.io.netty.channel.nio.NioEventLoop.processSelectedKey(NioEventLoop.java:632)
	at org.apache.ratis.thirdparty.io.netty.channel.nio.NioEventLoop.processSelectedKeysOptimized(NioEventLoop.java:579)
	at org.apache.ratis.thirdparty.io.netty.channel.nio.NioEventLoop.processSelectedKeys(NioEventLoop.java:496)
	at org.apache.ratis.thirdparty.io.netty.channel.nio.NioEventLoop.run(NioEventLoop.java:458)
	at org.apache.ratis.thirdparty.io.netty.util.concurrent.SingleThreadEventExecutor$5.run(SingleThreadEventExecutor.java:897)
	at org.apache.ratis.thirdparty.io.netty.util.concurrent.FastThreadLocalRunnable.run(FastThreadLocalRunnable.java:30)
	... 1 more
Caused by: java.net.ConnectException: Connection refused
	... 11 more
2019-10-16 21:02:18,580 [4b287a15-77af-487b-aef7-34d1d0ee189f@group-83C26644CFDA-LeaderElection436] INFO  impl.LeaderElection (LogUtils.java:infoOrTrace(149)) - 4b287a15-77af-487b-aef7-34d1d0ee189f@group-83C26644CFDA-LeaderElection436 got exception when requesting votes: {}
java.util.concurrent.ExecutionException: org.apache.ratis.thirdparty.io.grpc.StatusRuntimeException: UNAVAILABLE: io exception
	at java.util.concurrent.FutureTask.report(FutureTask.java:122)
	at java.util.concurrent.FutureTask.get(FutureTask.java:192)
	at org.apache.ratis.server.impl.LeaderElection.waitForResults(LeaderElection.java:259)
	at org.apache.ratis.server.impl.LeaderElection.askForVotes(LeaderElection.java:197)
	at org.apache.ratis.server.impl.LeaderElection.run(LeaderElection.java:133)
	at java.lang.Thread.run(Thread.java:748)
Caused by: org.apache.ratis.thirdparty.io.grpc.StatusRuntimeException: UNAVAILABLE: io exception
	at org.apache.ratis.thirdparty.io.grpc.stub.ClientCalls.toStatusRuntimeException(ClientCalls.java:233)
	at org.apache.ratis.thirdparty.io.grpc.stub.ClientCalls.getUnchecked(ClientCalls.java:214)
	at org.apache.ratis.thirdparty.io.grpc.stub.ClientCalls.blockingUnaryCall(ClientCalls.java:139)
	at org.apache.ratis.proto.grpc.RaftServerProtocolServiceGrpc$RaftServerProtocolServiceBlockingStub.requestVote(RaftServerProtocolServiceGrpc.java:265)
	at org.apache.ratis.grpc.server.GrpcServerProtocolClient.requestVote(GrpcServerProtocolClient.java:99)
	at org.apache.ratis.grpc.server.GrpcService.requestVote(GrpcService.java:204)
	at org.apache.ratis.server.impl.LeaderElection.lambda$submitRequests$1(LeaderElection.java:234)
	at java.util.concurrent.FutureTask.run(FutureTask.java:266)
	at java.util.concurrent.Executors$RunnableAdapter.call(Executors.java:511)
	at java.util.concurrent.FutureTask.run(FutureTask.java:266)
	at java.util.concurrent.ThreadPoolExecutor.runWorker(ThreadPoolExecutor.java:1149)
	at java.util.concurrent.ThreadPoolExecutor$Worker.run(ThreadPoolExecutor.java:624)
	... 1 more
Caused by: org.apache.ratis.thirdparty.io.netty.channel.AbstractChannel$AnnotatedConnectException: Connection refused: /192.168.34.38:33209
	at sun.nio.ch.SocketChannelImpl.checkConnect(Native Method)
	at sun.nio.ch.SocketChannelImpl.finishConnect(SocketChannelImpl.java:717)
	at org.apache.ratis.thirdparty.io.netty.channel.socket.nio.NioSocketChannel.doFinishConnect(NioSocketChannel.java:327)
	at org.apache.ratis.thirdparty.io.netty.channel.nio.AbstractNioChannel$AbstractNioUnsafe.finishConnect(AbstractNioChannel.java:340)
	at org.apache.ratis.thirdparty.io.netty.channel.nio.NioEventLoop.processSelectedKey(NioEventLoop.java:632)
	at org.apache.ratis.thirdparty.io.netty.channel.nio.NioEventLoop.processSelectedKeysOptimized(NioEventLoop.java:579)
	at org.apache.ratis.thirdparty.io.netty.channel.nio.NioEventLoop.processSelectedKeys(NioEventLoop.java:496)
	at org.apache.ratis.thirdparty.io.netty.channel.nio.NioEventLoop.run(NioEventLoop.java:458)
	at org.apache.ratis.thirdparty.io.netty.util.concurrent.SingleThreadEventExecutor$5.run(SingleThreadEventExecutor.java:897)
	at org.apache.ratis.thirdparty.io.netty.util.concurrent.FastThreadLocalRunnable.run(FastThreadLocalRunnable.java:30)
	... 1 more
Caused by: java.net.ConnectException: Connection refused
	... 11 more
2019-10-16 21:02:18,580 [4b287a15-77af-487b-aef7-34d1d0ee189f@group-83C26644CFDA-LeaderElection436] INFO  impl.LeaderElection (LeaderElection.java:logAndReturn(56)) - 4b287a15-77af-487b-aef7-34d1d0ee189f@group-83C26644CFDA-LeaderElection436: Election REJECTED; received 0 response(s) [] and 2 exception(s); 4b287a15-77af-487b-aef7-34d1d0ee189f@group-83C26644CFDA:t462, leader=null, voted=4b287a15-77af-487b-aef7-34d1d0ee189f, raftlog=4b287a15-77af-487b-aef7-34d1d0ee189f@group-83C26644CFDA-SegmentedRaftLog:OPENED:c-1,f-1,i0, conf=-1: [4b287a15-77af-487b-aef7-34d1d0ee189f:192.168.34.38:38597, 0aa3649f-570d-46c6-937f-492d7f3a8364:192.168.34.38:33209, 4a03179f-3169-4ac7-a075-259968512ef0:192.168.34.38:45833], old=null
2019-10-16 21:02:18,580 [4b287a15-77af-487b-aef7-34d1d0ee189f@group-83C26644CFDA-LeaderElection436] INFO  impl.LeaderElection (LogUtils.java:infoOrTrace(149)) -   Exception 0: {}
java.util.concurrent.ExecutionException: org.apache.ratis.thirdparty.io.grpc.StatusRuntimeException: UNAVAILABLE: io exception
	at java.util.concurrent.FutureTask.report(FutureTask.java:122)
	at java.util.concurrent.FutureTask.get(FutureTask.java:192)
	at org.apache.ratis.server.impl.LeaderElection.waitForResults(LeaderElection.java:259)
	at org.apache.ratis.server.impl.LeaderElection.askForVotes(LeaderElection.java:197)
	at org.apache.ratis.server.impl.LeaderElection.run(LeaderElection.java:133)
	at java.lang.Thread.run(Thread.java:748)
Caused by: org.apache.ratis.thirdparty.io.grpc.StatusRuntimeException: UNAVAILABLE: io exception
	at org.apache.ratis.thirdparty.io.grpc.stub.ClientCalls.toStatusRuntimeException(ClientCalls.java:233)
	at org.apache.ratis.thirdparty.io.grpc.stub.ClientCalls.getUnchecked(ClientCalls.java:214)
	at org.apache.ratis.thirdparty.io.grpc.stub.ClientCalls.blockingUnaryCall(ClientCalls.java:139)
	at org.apache.ratis.proto.grpc.RaftServerProtocolServiceGrpc$RaftServerProtocolServiceBlockingStub.requestVote(RaftServerProtocolServiceGrpc.java:265)
	at org.apache.ratis.grpc.server.GrpcServerProtocolClient.requestVote(GrpcServerProtocolClient.java:99)
	at org.apache.ratis.grpc.server.GrpcService.requestVote(GrpcService.java:204)
	at org.apache.ratis.server.impl.LeaderElection.lambda$submitRequests$1(LeaderElection.java:234)
	at java.util.concurrent.FutureTask.run(FutureTask.java:266)
	at java.util.concurrent.Executors$RunnableAdapter.call(Executors.java:511)
	at java.util.concurrent.FutureTask.run(FutureTask.java:266)
	at java.util.concurrent.ThreadPoolExecutor.runWorker(ThreadPoolExecutor.java:1149)
	at java.util.concurrent.ThreadPoolExecutor$Worker.run(ThreadPoolExecutor.java:624)
	... 1 more
Caused by: org.apache.ratis.thirdparty.io.netty.channel.AbstractChannel$AnnotatedConnectException: Connection refused: /192.168.34.38:45833
	at sun.nio.ch.SocketChannelImpl.checkConnect(Native Method)
	at sun.nio.ch.SocketChannelImpl.finishConnect(SocketChannelImpl.java:717)
	at org.apache.ratis.thirdparty.io.netty.channel.socket.nio.NioSocketChannel.doFinishConnect(NioSocketChannel.java:327)
	at org.apache.ratis.thirdparty.io.netty.channel.nio.AbstractNioChannel$AbstractNioUnsafe.finishConnect(AbstractNioChannel.java:340)
	at org.apache.ratis.thirdparty.io.netty.channel.nio.NioEventLoop.processSelectedKey(NioEventLoop.java:632)
	at org.apache.ratis.thirdparty.io.netty.channel.nio.NioEventLoop.processSelectedKeysOptimized(NioEventLoop.java:579)
	at org.apache.ratis.thirdparty.io.netty.channel.nio.NioEventLoop.processSelectedKeys(NioEventLoop.java:496)
	at org.apache.ratis.thirdparty.io.netty.channel.nio.NioEventLoop.run(NioEventLoop.java:458)
	at org.apache.ratis.thirdparty.io.netty.util.concurrent.SingleThreadEventExecutor$5.run(SingleThreadEventExecutor.java:897)
	at org.apache.ratis.thirdparty.io.netty.util.concurrent.FastThreadLocalRunnable.run(FastThreadLocalRunnable.java:30)
	... 1 more
Caused by: java.net.ConnectException: Connection refused
	... 11 more
2019-10-16 21:02:18,580 [4b287a15-77af-487b-aef7-34d1d0ee189f@group-83C26644CFDA-LeaderElection436] INFO  impl.LeaderElection (LogUtils.java:infoOrTrace(149)) -   Exception 1: {}
java.util.concurrent.ExecutionException: org.apache.ratis.thirdparty.io.grpc.StatusRuntimeException: UNAVAILABLE: io exception
	at java.util.concurrent.FutureTask.report(FutureTask.java:122)
	at java.util.concurrent.FutureTask.get(FutureTask.java:192)
	at org.apache.ratis.server.impl.LeaderElection.waitForResults(LeaderElection.java:259)
	at org.apache.ratis.server.impl.LeaderElection.askForVotes(LeaderElection.java:197)
	at org.apache.ratis.server.impl.LeaderElection.run(LeaderElection.java:133)
	at java.lang.Thread.run(Thread.java:748)
Caused by: org.apache.ratis.thirdparty.io.grpc.StatusRuntimeException: UNAVAILABLE: io exception
	at org.apache.ratis.thirdparty.io.grpc.stub.ClientCalls.toStatusRuntimeException(ClientCalls.java:233)
	at org.apache.ratis.thirdparty.io.grpc.stub.ClientCalls.getUnchecked(ClientCalls.java:214)
	at org.apache.ratis.thirdparty.io.grpc.stub.ClientCalls.blockingUnaryCall(ClientCalls.java:139)
	at org.apache.ratis.proto.grpc.RaftServerProtocolServiceGrpc$RaftServerProtocolServiceBlockingStub.requestVote(RaftServerProtocolServiceGrpc.java:265)
	at org.apache.ratis.grpc.server.GrpcServerProtocolClient.requestVote(GrpcServerProtocolClient.java:99)
	at org.apache.ratis.grpc.server.GrpcService.requestVote(GrpcService.java:204)
	at org.apache.ratis.server.impl.LeaderElection.lambda$submitRequests$1(LeaderElection.java:234)
	at java.util.concurrent.FutureTask.run(FutureTask.java:266)
	at java.util.concurrent.Executors$RunnableAdapter.call(Executors.java:511)
	at java.util.concurrent.FutureTask.run(FutureTask.java:266)
	at java.util.concurrent.ThreadPoolExecutor.runWorker(ThreadPoolExecutor.java:1149)
	at java.util.concurrent.ThreadPoolExecutor$Worker.run(ThreadPoolExecutor.java:624)
	... 1 more
Caused by: org.apache.ratis.thirdparty.io.netty.channel.AbstractChannel$AnnotatedConnectException: Connection refused: /192.168.34.38:33209
	at sun.nio.ch.SocketChannelImpl.checkConnect(Native Method)
	at sun.nio.ch.SocketChannelImpl.finishConnect(SocketChannelImpl.java:717)
	at org.apache.ratis.thirdparty.io.netty.channel.socket.nio.NioSocketChannel.doFinishConnect(NioSocketChannel.java:327)
	at org.apache.ratis.thirdparty.io.netty.channel.nio.AbstractNioChannel$AbstractNioUnsafe.finishConnect(AbstractNioChannel.java:340)
	at org.apache.ratis.thirdparty.io.netty.channel.nio.NioEventLoop.processSelectedKey(NioEventLoop.java:632)
	at org.apache.ratis.thirdparty.io.netty.channel.nio.NioEventLoop.processSelectedKeysOptimized(NioEventLoop.java:579)
	at org.apache.ratis.thirdparty.io.netty.channel.nio.NioEventLoop.processSelectedKeys(NioEventLoop.java:496)
	at org.apache.ratis.thirdparty.io.netty.channel.nio.NioEventLoop.run(NioEventLoop.java:458)
	at org.apache.ratis.thirdparty.io.netty.util.concurrent.SingleThreadEventExecutor$5.run(SingleThreadEventExecutor.java:897)
	at org.apache.ratis.thirdparty.io.netty.util.concurrent.FastThreadLocalRunnable.run(FastThreadLocalRunnable.java:30)
	... 1 more
Caused by: java.net.ConnectException: Connection refused
	... 11 more
2019-10-16 21:02:18,581 [4b287a15-77af-487b-aef7-34d1d0ee189f@group-83C26644CFDA-LeaderElection436] INFO  impl.RaftServerImpl (RaftServerImpl.java:setRole(184)) - 4b287a15-77af-487b-aef7-34d1d0ee189f@group-83C26644CFDA: changes role from CANDIDATE to FOLLOWER at term 462 for DISCOVERED_A_NEW_TERM
2019-10-16 21:02:18,581 [4b287a15-77af-487b-aef7-34d1d0ee189f@group-83C26644CFDA-LeaderElection436] INFO  impl.RoleInfo (RoleInfo.java:shutdownLeaderElection(134)) - 4b287a15-77af-487b-aef7-34d1d0ee189f: shutdown LeaderElection
2019-10-16 21:02:18,581 [4b287a15-77af-487b-aef7-34d1d0ee189f@group-83C26644CFDA-LeaderElection436] INFO  impl.RoleInfo (RoleInfo.java:updateAndGet(143)) - 4b287a15-77af-487b-aef7-34d1d0ee189f: start FollowerState
2019-10-16 21:02:18,681 [Thread-2996] INFO  impl.FollowerState (FollowerState.java:run(108)) - 4b287a15-77af-487b-aef7-34d1d0ee189f@group-83C26644CFDA-FollowerState: change to CANDIDATE, lastRpcTime:100ms, electionTimeout:100ms
2019-10-16 21:02:18,681 [Thread-2996] INFO  impl.RoleInfo (RoleInfo.java:shutdownFollowerState(121)) - 4b287a15-77af-487b-aef7-34d1d0ee189f: shutdown FollowerState
2019-10-16 21:02:18,681 [Thread-2996] INFO  impl.RaftServerImpl (RaftServerImpl.java:setRole(184)) - 4b287a15-77af-487b-aef7-34d1d0ee189f@group-83C26644CFDA: changes role from  FOLLOWER to CANDIDATE at term 462 for changeToCandidate
2019-10-16 21:02:18,681 [Thread-2996] INFO  impl.RoleInfo (RoleInfo.java:updateAndGet(143)) - 4b287a15-77af-487b-aef7-34d1d0ee189f: start LeaderElection
2019-10-16 21:02:18,694 [4b287a15-77af-487b-aef7-34d1d0ee189f@group-83C26644CFDA-LeaderElection437] INFO  impl.LeaderElection (LeaderElection.java:askForVotes(178)) - 4b287a15-77af-487b-aef7-34d1d0ee189f@group-83C26644CFDA-LeaderElection437: begin an election at term 463 for -1: [4b287a15-77af-487b-aef7-34d1d0ee189f:192.168.34.38:38597, 0aa3649f-570d-46c6-937f-492d7f3a8364:192.168.34.38:33209, 4a03179f-3169-4ac7-a075-259968512ef0:192.168.34.38:45833], old=null
2019-10-16 21:02:18,695 [4b287a15-77af-487b-aef7-34d1d0ee189f@group-83C26644CFDA-LeaderElection437] INFO  impl.LeaderElection (LeaderElection.java:logAndReturn(56)) - 4b287a15-77af-487b-aef7-34d1d0ee189f@group-83C26644CFDA-LeaderElection437: Election TIMEOUT; received 0 response(s) [] and 0 exception(s); 4b287a15-77af-487b-aef7-34d1d0ee189f@group-83C26644CFDA:t463, leader=null, voted=4b287a15-77af-487b-aef7-34d1d0ee189f, raftlog=4b287a15-77af-487b-aef7-34d1d0ee189f@group-83C26644CFDA-SegmentedRaftLog:OPENED:c-1,f-1,i0, conf=-1: [4b287a15-77af-487b-aef7-34d1d0ee189f:192.168.34.38:38597, 0aa3649f-570d-46c6-937f-492d7f3a8364:192.168.34.38:33209, 4a03179f-3169-4ac7-a075-259968512ef0:192.168.34.38:45833], old=null
2019-10-16 21:02:18,715 [4b287a15-77af-487b-aef7-34d1d0ee189f@group-83C26644CFDA-LeaderElection437] INFO  impl.LeaderElection (LeaderElection.java:askForVotes(178)) - 4b287a15-77af-487b-aef7-34d1d0ee189f@group-83C26644CFDA-LeaderElection437: begin an election at term 464 for -1: [4b287a15-77af-487b-aef7-34d1d0ee189f:192.168.34.38:38597, 0aa3649f-570d-46c6-937f-492d7f3a8364:192.168.34.38:33209, 4a03179f-3169-4ac7-a075-259968512ef0:192.168.34.38:45833], old=null
2019-10-16 21:02:18,716 [4b287a15-77af-487b-aef7-34d1d0ee189f@group-83C26644CFDA-LeaderElection437] INFO  impl.LeaderElection (LogUtils.java:infoOrTrace(149)) - 4b287a15-77af-487b-aef7-34d1d0ee189f@group-83C26644CFDA-LeaderElection437 got exception when requesting votes: {}
java.util.concurrent.ExecutionException: org.apache.ratis.thirdparty.io.grpc.StatusRuntimeException: UNAVAILABLE: io exception
	at java.util.concurrent.FutureTask.report(FutureTask.java:122)
	at java.util.concurrent.FutureTask.get(FutureTask.java:192)
	at org.apache.ratis.server.impl.LeaderElection.waitForResults(LeaderElection.java:259)
	at org.apache.ratis.server.impl.LeaderElection.askForVotes(LeaderElection.java:197)
	at org.apache.ratis.server.impl.LeaderElection.run(LeaderElection.java:133)
	at java.lang.Thread.run(Thread.java:748)
Caused by: org.apache.ratis.thirdparty.io.grpc.StatusRuntimeException: UNAVAILABLE: io exception
	at org.apache.ratis.thirdparty.io.grpc.stub.ClientCalls.toStatusRuntimeException(ClientCalls.java:233)
	at org.apache.ratis.thirdparty.io.grpc.stub.ClientCalls.getUnchecked(ClientCalls.java:214)
	at org.apache.ratis.thirdparty.io.grpc.stub.ClientCalls.blockingUnaryCall(ClientCalls.java:139)
	at org.apache.ratis.proto.grpc.RaftServerProtocolServiceGrpc$RaftServerProtocolServiceBlockingStub.requestVote(RaftServerProtocolServiceGrpc.java:265)
	at org.apache.ratis.grpc.server.GrpcServerProtocolClient.requestVote(GrpcServerProtocolClient.java:99)
	at org.apache.ratis.grpc.server.GrpcService.requestVote(GrpcService.java:204)
	at org.apache.ratis.server.impl.LeaderElection.lambda$submitRequests$1(LeaderElection.java:234)
	at java.util.concurrent.FutureTask.run(FutureTask.java:266)
	at java.util.concurrent.Executors$RunnableAdapter.call(Executors.java:511)
	at java.util.concurrent.FutureTask.run(FutureTask.java:266)
	at java.util.concurrent.ThreadPoolExecutor.runWorker(ThreadPoolExecutor.java:1149)
	at java.util.concurrent.ThreadPoolExecutor$Worker.run(ThreadPoolExecutor.java:624)
	... 1 more
Caused by: org.apache.ratis.thirdparty.io.netty.channel.AbstractChannel$AnnotatedConnectException: Connection refused: /192.168.34.38:33209
	at sun.nio.ch.SocketChannelImpl.checkConnect(Native Method)
	at sun.nio.ch.SocketChannelImpl.finishConnect(SocketChannelImpl.java:717)
	at org.apache.ratis.thirdparty.io.netty.channel.socket.nio.NioSocketChannel.doFinishConnect(NioSocketChannel.java:327)
	at org.apache.ratis.thirdparty.io.netty.channel.nio.AbstractNioChannel$AbstractNioUnsafe.finishConnect(AbstractNioChannel.java:340)
	at org.apache.ratis.thirdparty.io.netty.channel.nio.NioEventLoop.processSelectedKey(NioEventLoop.java:632)
	at org.apache.ratis.thirdparty.io.netty.channel.nio.NioEventLoop.processSelectedKeysOptimized(NioEventLoop.java:579)
	at org.apache.ratis.thirdparty.io.netty.channel.nio.NioEventLoop.processSelectedKeys(NioEventLoop.java:496)
	at org.apache.ratis.thirdparty.io.netty.channel.nio.NioEventLoop.run(NioEventLoop.java:458)
	at org.apache.ratis.thirdparty.io.netty.util.concurrent.SingleThreadEventExecutor$5.run(SingleThreadEventExecutor.java:897)
	at org.apache.ratis.thirdparty.io.netty.util.concurrent.FastThreadLocalRunnable.run(FastThreadLocalRunnable.java:30)
	... 1 more
Caused by: java.net.ConnectException: Connection refused
	... 11 more
2019-10-16 21:02:18,717 [4b287a15-77af-487b-aef7-34d1d0ee189f@group-83C26644CFDA-LeaderElection437] INFO  impl.LeaderElection (LogUtils.java:infoOrTrace(149)) - 4b287a15-77af-487b-aef7-34d1d0ee189f@group-83C26644CFDA-LeaderElection437 got exception when requesting votes: {}
java.util.concurrent.ExecutionException: org.apache.ratis.thirdparty.io.grpc.StatusRuntimeException: UNAVAILABLE: io exception
	at java.util.concurrent.FutureTask.report(FutureTask.java:122)
	at java.util.concurrent.FutureTask.get(FutureTask.java:192)
	at org.apache.ratis.server.impl.LeaderElection.waitForResults(LeaderElection.java:259)
	at org.apache.ratis.server.impl.LeaderElection.askForVotes(LeaderElection.java:197)
	at org.apache.ratis.server.impl.LeaderElection.run(LeaderElection.java:133)
	at java.lang.Thread.run(Thread.java:748)
Caused by: org.apache.ratis.thirdparty.io.grpc.StatusRuntimeException: UNAVAILABLE: io exception
	at org.apache.ratis.thirdparty.io.grpc.stub.ClientCalls.toStatusRuntimeException(ClientCalls.java:233)
	at org.apache.ratis.thirdparty.io.grpc.stub.ClientCalls.getUnchecked(ClientCalls.java:214)
	at org.apache.ratis.thirdparty.io.grpc.stub.ClientCalls.blockingUnaryCall(ClientCalls.java:139)
	at org.apache.ratis.proto.grpc.RaftServerProtocolServiceGrpc$RaftServerProtocolServiceBlockingStub.requestVote(RaftServerProtocolServiceGrpc.java:265)
	at org.apache.ratis.grpc.server.GrpcServerProtocolClient.requestVote(GrpcServerProtocolClient.java:99)
	at org.apache.ratis.grpc.server.GrpcService.requestVote(GrpcService.java:204)
	at org.apache.ratis.server.impl.LeaderElection.lambda$submitRequests$1(LeaderElection.java:234)
	at java.util.concurrent.FutureTask.run(FutureTask.java:266)
	at java.util.concurrent.Executors$RunnableAdapter.call(Executors.java:511)
	at java.util.concurrent.FutureTask.run(FutureTask.java:266)
	at java.util.concurrent.ThreadPoolExecutor.runWorker(ThreadPoolExecutor.java:1149)
	at java.util.concurrent.ThreadPoolExecutor$Worker.run(ThreadPoolExecutor.java:624)
	... 1 more
Caused by: org.apache.ratis.thirdparty.io.netty.channel.AbstractChannel$AnnotatedConnectException: Connection refused: /192.168.34.38:45833
	at sun.nio.ch.SocketChannelImpl.checkConnect(Native Method)
	at sun.nio.ch.SocketChannelImpl.finishConnect(SocketChannelImpl.java:717)
	at org.apache.ratis.thirdparty.io.netty.channel.socket.nio.NioSocketChannel.doFinishConnect(NioSocketChannel.java:327)
	at org.apache.ratis.thirdparty.io.netty.channel.nio.AbstractNioChannel$AbstractNioUnsafe.finishConnect(AbstractNioChannel.java:340)
	at org.apache.ratis.thirdparty.io.netty.channel.nio.NioEventLoop.processSelectedKey(NioEventLoop.java:632)
	at org.apache.ratis.thirdparty.io.netty.channel.nio.NioEventLoop.processSelectedKeysOptimized(NioEventLoop.java:579)
	at org.apache.ratis.thirdparty.io.netty.channel.nio.NioEventLoop.processSelectedKeys(NioEventLoop.java:496)
	at org.apache.ratis.thirdparty.io.netty.channel.nio.NioEventLoop.run(NioEventLoop.java:458)
	at org.apache.ratis.thirdparty.io.netty.util.concurrent.SingleThreadEventExecutor$5.run(SingleThreadEventExecutor.java:897)
	at org.apache.ratis.thirdparty.io.netty.util.concurrent.FastThreadLocalRunnable.run(FastThreadLocalRunnable.java:30)
	... 1 more
Caused by: java.net.ConnectException: Connection refused
	... 11 more
2019-10-16 21:02:18,718 [4b287a15-77af-487b-aef7-34d1d0ee189f@group-83C26644CFDA-LeaderElection437] INFO  impl.LeaderElection (LeaderElection.java:logAndReturn(56)) - 4b287a15-77af-487b-aef7-34d1d0ee189f@group-83C26644CFDA-LeaderElection437: Election REJECTED; received 0 response(s) [] and 2 exception(s); 4b287a15-77af-487b-aef7-34d1d0ee189f@group-83C26644CFDA:t464, leader=null, voted=4b287a15-77af-487b-aef7-34d1d0ee189f, raftlog=4b287a15-77af-487b-aef7-34d1d0ee189f@group-83C26644CFDA-SegmentedRaftLog:OPENED:c-1,f-1,i0, conf=-1: [4b287a15-77af-487b-aef7-34d1d0ee189f:192.168.34.38:38597, 0aa3649f-570d-46c6-937f-492d7f3a8364:192.168.34.38:33209, 4a03179f-3169-4ac7-a075-259968512ef0:192.168.34.38:45833], old=null
2019-10-16 21:02:18,718 [4b287a15-77af-487b-aef7-34d1d0ee189f@group-83C26644CFDA-LeaderElection437] INFO  impl.LeaderElection (LogUtils.java:infoOrTrace(149)) -   Exception 0: {}
java.util.concurrent.ExecutionException: org.apache.ratis.thirdparty.io.grpc.StatusRuntimeException: UNAVAILABLE: io exception
	at java.util.concurrent.FutureTask.report(FutureTask.java:122)
	at java.util.concurrent.FutureTask.get(FutureTask.java:192)
	at org.apache.ratis.server.impl.LeaderElection.waitForResults(LeaderElection.java:259)
	at org.apache.ratis.server.impl.LeaderElection.askForVotes(LeaderElection.java:197)
	at org.apache.ratis.server.impl.LeaderElection.run(LeaderElection.java:133)
	at java.lang.Thread.run(Thread.java:748)
Caused by: org.apache.ratis.thirdparty.io.grpc.StatusRuntimeException: UNAVAILABLE: io exception
	at org.apache.ratis.thirdparty.io.grpc.stub.ClientCalls.toStatusRuntimeException(ClientCalls.java:233)
	at org.apache.ratis.thirdparty.io.grpc.stub.ClientCalls.getUnchecked(ClientCalls.java:214)
	at org.apache.ratis.thirdparty.io.grpc.stub.ClientCalls.blockingUnaryCall(ClientCalls.java:139)
	at org.apache.ratis.proto.grpc.RaftServerProtocolServiceGrpc$RaftServerProtocolServiceBlockingStub.requestVote(RaftServerProtocolServiceGrpc.java:265)
	at org.apache.ratis.grpc.server.GrpcServerProtocolClient.requestVote(GrpcServerProtocolClient.java:99)
	at org.apache.ratis.grpc.server.GrpcService.requestVote(GrpcService.java:204)
	at org.apache.ratis.server.impl.LeaderElection.lambda$submitRequests$1(LeaderElection.java:234)
	at java.util.concurrent.FutureTask.run(FutureTask.java:266)
	at java.util.concurrent.Executors$RunnableAdapter.call(Executors.java:511)
	at java.util.concurrent.FutureTask.run(FutureTask.java:266)
	at java.util.concurrent.ThreadPoolExecutor.runWorker(ThreadPoolExecutor.java:1149)
	at java.util.concurrent.ThreadPoolExecutor$Worker.run(ThreadPoolExecutor.java:624)
	... 1 more
Caused by: org.apache.ratis.thirdparty.io.netty.channel.AbstractChannel$AnnotatedConnectException: Connection refused: /192.168.34.38:33209
	at sun.nio.ch.SocketChannelImpl.checkConnect(Native Method)
	at sun.nio.ch.SocketChannelImpl.finishConnect(SocketChannelImpl.java:717)
	at org.apache.ratis.thirdparty.io.netty.channel.socket.nio.NioSocketChannel.doFinishConnect(NioSocketChannel.java:327)
	at org.apache.ratis.thirdparty.io.netty.channel.nio.AbstractNioChannel$AbstractNioUnsafe.finishConnect(AbstractNioChannel.java:340)
	at org.apache.ratis.thirdparty.io.netty.channel.nio.NioEventLoop.processSelectedKey(NioEventLoop.java:632)
	at org.apache.ratis.thirdparty.io.netty.channel.nio.NioEventLoop.processSelectedKeysOptimized(NioEventLoop.java:579)
	at org.apache.ratis.thirdparty.io.netty.channel.nio.NioEventLoop.processSelectedKeys(NioEventLoop.java:496)
	at org.apache.ratis.thirdparty.io.netty.channel.nio.NioEventLoop.run(NioEventLoop.java:458)
	at org.apache.ratis.thirdparty.io.netty.util.concurrent.SingleThreadEventExecutor$5.run(SingleThreadEventExecutor.java:897)
	at org.apache.ratis.thirdparty.io.netty.util.concurrent.FastThreadLocalRunnable.run(FastThreadLocalRunnable.java:30)
	... 1 more
Caused by: java.net.ConnectException: Connection refused
	... 11 more
2019-10-16 21:02:18,718 [4b287a15-77af-487b-aef7-34d1d0ee189f@group-83C26644CFDA-LeaderElection437] INFO  impl.LeaderElection (LogUtils.java:infoOrTrace(149)) -   Exception 1: {}
java.util.concurrent.ExecutionException: org.apache.ratis.thirdparty.io.grpc.StatusRuntimeException: UNAVAILABLE: io exception
	at java.util.concurrent.FutureTask.report(FutureTask.java:122)
	at java.util.concurrent.FutureTask.get(FutureTask.java:192)
	at org.apache.ratis.server.impl.LeaderElection.waitForResults(LeaderElection.java:259)
	at org.apache.ratis.server.impl.LeaderElection.askForVotes(LeaderElection.java:197)
	at org.apache.ratis.server.impl.LeaderElection.run(LeaderElection.java:133)
	at java.lang.Thread.run(Thread.java:748)
Caused by: org.apache.ratis.thirdparty.io.grpc.StatusRuntimeException: UNAVAILABLE: io exception
	at org.apache.ratis.thirdparty.io.grpc.stub.ClientCalls.toStatusRuntimeException(ClientCalls.java:233)
	at org.apache.ratis.thirdparty.io.grpc.stub.ClientCalls.getUnchecked(ClientCalls.java:214)
	at org.apache.ratis.thirdparty.io.grpc.stub.ClientCalls.blockingUnaryCall(ClientCalls.java:139)
	at org.apache.ratis.proto.grpc.RaftServerProtocolServiceGrpc$RaftServerProtocolServiceBlockingStub.requestVote(RaftServerProtocolServiceGrpc.java:265)
	at org.apache.ratis.grpc.server.GrpcServerProtocolClient.requestVote(GrpcServerProtocolClient.java:99)
	at org.apache.ratis.grpc.server.GrpcService.requestVote(GrpcService.java:204)
	at org.apache.ratis.server.impl.LeaderElection.lambda$submitRequests$1(LeaderElection.java:234)
	at java.util.concurrent.FutureTask.run(FutureTask.java:266)
	at java.util.concurrent.Executors$RunnableAdapter.call(Executors.java:511)
	at java.util.concurrent.FutureTask.run(FutureTask.java:266)
	at java.util.concurrent.ThreadPoolExecutor.runWorker(ThreadPoolExecutor.java:1149)
	at java.util.concurrent.ThreadPoolExecutor$Worker.run(ThreadPoolExecutor.java:624)
	... 1 more
Caused by: org.apache.ratis.thirdparty.io.netty.channel.AbstractChannel$AnnotatedConnectException: Connection refused: /192.168.34.38:45833
	at sun.nio.ch.SocketChannelImpl.checkConnect(Native Method)
	at sun.nio.ch.SocketChannelImpl.finishConnect(SocketChannelImpl.java:717)
	at org.apache.ratis.thirdparty.io.netty.channel.socket.nio.NioSocketChannel.doFinishConnect(NioSocketChannel.java:327)
	at org.apache.ratis.thirdparty.io.netty.channel.nio.AbstractNioChannel$AbstractNioUnsafe.finishConnect(AbstractNioChannel.java:340)
	at org.apache.ratis.thirdparty.io.netty.channel.nio.NioEventLoop.processSelectedKey(NioEventLoop.java:632)
	at org.apache.ratis.thirdparty.io.netty.channel.nio.NioEventLoop.processSelectedKeysOptimized(NioEventLoop.java:579)
	at org.apache.ratis.thirdparty.io.netty.channel.nio.NioEventLoop.processSelectedKeys(NioEventLoop.java:496)
	at org.apache.ratis.thirdparty.io.netty.channel.nio.NioEventLoop.run(NioEventLoop.java:458)
	at org.apache.ratis.thirdparty.io.netty.util.concurrent.SingleThreadEventExecutor$5.run(SingleThreadEventExecutor.java:897)
	at org.apache.ratis.thirdparty.io.netty.util.concurrent.FastThreadLocalRunnable.run(FastThreadLocalRunnable.java:30)
	... 1 more
Caused by: java.net.ConnectException: Connection refused
	... 11 more
2019-10-16 21:02:18,719 [4b287a15-77af-487b-aef7-34d1d0ee189f@group-83C26644CFDA-LeaderElection437] INFO  impl.RaftServerImpl (RaftServerImpl.java:setRole(184)) - 4b287a15-77af-487b-aef7-34d1d0ee189f@group-83C26644CFDA: changes role from CANDIDATE to FOLLOWER at term 464 for DISCOVERED_A_NEW_TERM
2019-10-16 21:02:18,719 [4b287a15-77af-487b-aef7-34d1d0ee189f@group-83C26644CFDA-LeaderElection437] INFO  impl.RoleInfo (RoleInfo.java:shutdownLeaderElection(134)) - 4b287a15-77af-487b-aef7-34d1d0ee189f: shutdown LeaderElection
2019-10-16 21:02:18,719 [4b287a15-77af-487b-aef7-34d1d0ee189f@group-83C26644CFDA-LeaderElection437] INFO  impl.RoleInfo (RoleInfo.java:updateAndGet(143)) - 4b287a15-77af-487b-aef7-34d1d0ee189f: start FollowerState
2019-10-16 21:02:18,728 [Thread-3002] INFO  impl.FollowerState (FollowerState.java:run(108)) - 4b287a15-77af-487b-aef7-34d1d0ee189f@group-83C26644CFDA-FollowerState: change to CANDIDATE, lastRpcTime:8ms, electionTimeout:8ms
2019-10-16 21:02:18,728 [Thread-3002] INFO  impl.RoleInfo (RoleInfo.java:shutdownFollowerState(121)) - 4b287a15-77af-487b-aef7-34d1d0ee189f: shutdown FollowerState
2019-10-16 21:02:18,728 [Thread-3002] INFO  impl.RaftServerImpl (RaftServerImpl.java:setRole(184)) - 4b287a15-77af-487b-aef7-34d1d0ee189f@group-83C26644CFDA: changes role from  FOLLOWER to CANDIDATE at term 464 for changeToCandidate
2019-10-16 21:02:18,728 [Thread-3002] INFO  impl.RoleInfo (RoleInfo.java:updateAndGet(143)) - 4b287a15-77af-487b-aef7-34d1d0ee189f: start LeaderElection
2019-10-16 21:02:18,741 [4b287a15-77af-487b-aef7-34d1d0ee189f@group-83C26644CFDA-LeaderElection438] INFO  impl.LeaderElection (LeaderElection.java:askForVotes(178)) - 4b287a15-77af-487b-aef7-34d1d0ee189f@group-83C26644CFDA-LeaderElection438: begin an election at term 465 for -1: [4b287a15-77af-487b-aef7-34d1d0ee189f:192.168.34.38:38597, 0aa3649f-570d-46c6-937f-492d7f3a8364:192.168.34.38:33209, 4a03179f-3169-4ac7-a075-259968512ef0:192.168.34.38:45833], old=null
2019-10-16 21:02:18,742 [4b287a15-77af-487b-aef7-34d1d0ee189f@group-83C26644CFDA-LeaderElection438] INFO  impl.LeaderElection (LogUtils.java:infoOrTrace(149)) - 4b287a15-77af-487b-aef7-34d1d0ee189f@group-83C26644CFDA-LeaderElection438 got exception when requesting votes: {}
java.util.concurrent.ExecutionException: org.apache.ratis.thirdparty.io.grpc.StatusRuntimeException: UNAVAILABLE: io exception
	at java.util.concurrent.FutureTask.report(FutureTask.java:122)
	at java.util.concurrent.FutureTask.get(FutureTask.java:192)
	at org.apache.ratis.server.impl.LeaderElection.waitForResults(LeaderElection.java:259)
	at org.apache.ratis.server.impl.LeaderElection.askForVotes(LeaderElection.java:197)
	at org.apache.ratis.server.impl.LeaderElection.run(LeaderElection.java:133)
	at java.lang.Thread.run(Thread.java:748)
Caused by: org.apache.ratis.thirdparty.io.grpc.StatusRuntimeException: UNAVAILABLE: io exception
	at org.apache.ratis.thirdparty.io.grpc.stub.ClientCalls.toStatusRuntimeException(ClientCalls.java:233)
	at org.apache.ratis.thirdparty.io.grpc.stub.ClientCalls.getUnchecked(ClientCalls.java:214)
	at org.apache.ratis.thirdparty.io.grpc.stub.ClientCalls.blockingUnaryCall(ClientCalls.java:139)
	at org.apache.ratis.proto.grpc.RaftServerProtocolServiceGrpc$RaftServerProtocolServiceBlockingStub.requestVote(RaftServerProtocolServiceGrpc.java:265)
	at org.apache.ratis.grpc.server.GrpcServerProtocolClient.requestVote(GrpcServerProtocolClient.java:99)
	at org.apache.ratis.grpc.server.GrpcService.requestVote(GrpcService.java:204)
	at org.apache.ratis.server.impl.LeaderElection.lambda$submitRequests$1(LeaderElection.java:234)
	at java.util.concurrent.FutureTask.run(FutureTask.java:266)
	at java.util.concurrent.Executors$RunnableAdapter.call(Executors.java:511)
	at java.util.concurrent.FutureTask.run(FutureTask.java:266)
	at java.util.concurrent.ThreadPoolExecutor.runWorker(ThreadPoolExecutor.java:1149)
	at java.util.concurrent.ThreadPoolExecutor$Worker.run(ThreadPoolExecutor.java:624)
	... 1 more
Caused by: org.apache.ratis.thirdparty.io.netty.channel.AbstractChannel$AnnotatedConnectException: Connection refused: /192.168.34.38:33209
	at sun.nio.ch.SocketChannelImpl.checkConnect(Native Method)
	at sun.nio.ch.SocketChannelImpl.finishConnect(SocketChannelImpl.java:717)
	at org.apache.ratis.thirdparty.io.netty.channel.socket.nio.NioSocketChannel.doFinishConnect(NioSocketChannel.java:327)
	at org.apache.ratis.thirdparty.io.netty.channel.nio.AbstractNioChannel$AbstractNioUnsafe.finishConnect(AbstractNioChannel.java:340)
	at org.apache.ratis.thirdparty.io.netty.channel.nio.NioEventLoop.processSelectedKey(NioEventLoop.java:632)
	at org.apache.ratis.thirdparty.io.netty.channel.nio.NioEventLoop.processSelectedKeysOptimized(NioEventLoop.java:579)
	at org.apache.ratis.thirdparty.io.netty.channel.nio.NioEventLoop.processSelectedKeys(NioEventLoop.java:496)
	at org.apache.ratis.thirdparty.io.netty.channel.nio.NioEventLoop.run(NioEventLoop.java:458)
	at org.apache.ratis.thirdparty.io.netty.util.concurrent.SingleThreadEventExecutor$5.run(SingleThreadEventExecutor.java:897)
	at org.apache.ratis.thirdparty.io.netty.util.concurrent.FastThreadLocalRunnable.run(FastThreadLocalRunnable.java:30)
	... 1 more
Caused by: java.net.ConnectException: Connection refused
	... 11 more
2019-10-16 21:02:18,743 [4b287a15-77af-487b-aef7-34d1d0ee189f@group-83C26644CFDA-LeaderElection438] INFO  impl.LeaderElection (LogUtils.java:infoOrTrace(149)) - 4b287a15-77af-487b-aef7-34d1d0ee189f@group-83C26644CFDA-LeaderElection438 got exception when requesting votes: {}
java.util.concurrent.ExecutionException: org.apache.ratis.thirdparty.io.grpc.StatusRuntimeException: UNAVAILABLE: io exception
	at java.util.concurrent.FutureTask.report(FutureTask.java:122)
	at java.util.concurrent.FutureTask.get(FutureTask.java:192)
	at org.apache.ratis.server.impl.LeaderElection.waitForResults(LeaderElection.java:259)
	at org.apache.ratis.server.impl.LeaderElection.askForVotes(LeaderElection.java:197)
	at org.apache.ratis.server.impl.LeaderElection.run(LeaderElection.java:133)
	at java.lang.Thread.run(Thread.java:748)
Caused by: org.apache.ratis.thirdparty.io.grpc.StatusRuntimeException: UNAVAILABLE: io exception
	at org.apache.ratis.thirdparty.io.grpc.stub.ClientCalls.toStatusRuntimeException(ClientCalls.java:233)
	at org.apache.ratis.thirdparty.io.grpc.stub.ClientCalls.getUnchecked(ClientCalls.java:214)
	at org.apache.ratis.thirdparty.io.grpc.stub.ClientCalls.blockingUnaryCall(ClientCalls.java:139)
	at org.apache.ratis.proto.grpc.RaftServerProtocolServiceGrpc$RaftServerProtocolServiceBlockingStub.requestVote(RaftServerProtocolServiceGrpc.java:265)
	at org.apache.ratis.grpc.server.GrpcServerProtocolClient.requestVote(GrpcServerProtocolClient.java:99)
	at org.apache.ratis.grpc.server.GrpcService.requestVote(GrpcService.java:204)
	at org.apache.ratis.server.impl.LeaderElection.lambda$submitRequests$1(LeaderElection.java:234)
	at java.util.concurrent.FutureTask.run(FutureTask.java:266)
	at java.util.concurrent.Executors$RunnableAdapter.call(Executors.java:511)
	at java.util.concurrent.FutureTask.run(FutureTask.java:266)
	at java.util.concurrent.ThreadPoolExecutor.runWorker(ThreadPoolExecutor.java:1149)
	at java.util.concurrent.ThreadPoolExecutor$Worker.run(ThreadPoolExecutor.java:624)
	... 1 more
Caused by: org.apache.ratis.thirdparty.io.netty.channel.AbstractChannel$AnnotatedConnectException: Connection refused: /192.168.34.38:45833
	at sun.nio.ch.SocketChannelImpl.checkConnect(Native Method)
	at sun.nio.ch.SocketChannelImpl.finishConnect(SocketChannelImpl.java:717)
	at org.apache.ratis.thirdparty.io.netty.channel.socket.nio.NioSocketChannel.doFinishConnect(NioSocketChannel.java:327)
	at org.apache.ratis.thirdparty.io.netty.channel.nio.AbstractNioChannel$AbstractNioUnsafe.finishConnect(AbstractNioChannel.java:340)
	at org.apache.ratis.thirdparty.io.netty.channel.nio.NioEventLoop.processSelectedKey(NioEventLoop.java:632)
	at org.apache.ratis.thirdparty.io.netty.channel.nio.NioEventLoop.processSelectedKeysOptimized(NioEventLoop.java:579)
	at org.apache.ratis.thirdparty.io.netty.channel.nio.NioEventLoop.processSelectedKeys(NioEventLoop.java:496)
	at org.apache.ratis.thirdparty.io.netty.channel.nio.NioEventLoop.run(NioEventLoop.java:458)
	at org.apache.ratis.thirdparty.io.netty.util.concurrent.SingleThreadEventExecutor$5.run(SingleThreadEventExecutor.java:897)
	at org.apache.ratis.thirdparty.io.netty.util.concurrent.FastThreadLocalRunnable.run(FastThreadLocalRunnable.java:30)
	... 1 more
Caused by: java.net.ConnectException: Connection refused
	... 11 more
2019-10-16 21:02:18,743 [4b287a15-77af-487b-aef7-34d1d0ee189f@group-83C26644CFDA-LeaderElection438] INFO  impl.LeaderElection (LeaderElection.java:logAndReturn(56)) - 4b287a15-77af-487b-aef7-34d1d0ee189f@group-83C26644CFDA-LeaderElection438: Election REJECTED; received 0 response(s) [] and 2 exception(s); 4b287a15-77af-487b-aef7-34d1d0ee189f@group-83C26644CFDA:t465, leader=null, voted=4b287a15-77af-487b-aef7-34d1d0ee189f, raftlog=4b287a15-77af-487b-aef7-34d1d0ee189f@group-83C26644CFDA-SegmentedRaftLog:OPENED:c-1,f-1,i0, conf=-1: [4b287a15-77af-487b-aef7-34d1d0ee189f:192.168.34.38:38597, 0aa3649f-570d-46c6-937f-492d7f3a8364:192.168.34.38:33209, 4a03179f-3169-4ac7-a075-259968512ef0:192.168.34.38:45833], old=null
2019-10-16 21:02:18,743 [4b287a15-77af-487b-aef7-34d1d0ee189f@group-83C26644CFDA-LeaderElection438] INFO  impl.LeaderElection (LogUtils.java:infoOrTrace(149)) -   Exception 0: {}
java.util.concurrent.ExecutionException: org.apache.ratis.thirdparty.io.grpc.StatusRuntimeException: UNAVAILABLE: io exception
	at java.util.concurrent.FutureTask.report(FutureTask.java:122)
	at java.util.concurrent.FutureTask.get(FutureTask.java:192)
	at org.apache.ratis.server.impl.LeaderElection.waitForResults(LeaderElection.java:259)
	at org.apache.ratis.server.impl.LeaderElection.askForVotes(LeaderElection.java:197)
	at org.apache.ratis.server.impl.LeaderElection.run(LeaderElection.java:133)
	at java.lang.Thread.run(Thread.java:748)
Caused by: org.apache.ratis.thirdparty.io.grpc.StatusRuntimeException: UNAVAILABLE: io exception
	at org.apache.ratis.thirdparty.io.grpc.stub.ClientCalls.toStatusRuntimeException(ClientCalls.java:233)
	at org.apache.ratis.thirdparty.io.grpc.stub.ClientCalls.getUnchecked(ClientCalls.java:214)
	at org.apache.ratis.thirdparty.io.grpc.stub.ClientCalls.blockingUnaryCall(ClientCalls.java:139)
	at org.apache.ratis.proto.grpc.RaftServerProtocolServiceGrpc$RaftServerProtocolServiceBlockingStub.requestVote(RaftServerProtocolServiceGrpc.java:265)
	at org.apache.ratis.grpc.server.GrpcServerProtocolClient.requestVote(GrpcServerProtocolClient.java:99)
	at org.apache.ratis.grpc.server.GrpcService.requestVote(GrpcService.java:204)
	at org.apache.ratis.server.impl.LeaderElection.lambda$submitRequests$1(LeaderElection.java:234)
	at java.util.concurrent.FutureTask.run(FutureTask.java:266)
	at java.util.concurrent.Executors$RunnableAdapter.call(Executors.java:511)
	at java.util.concurrent.FutureTask.run(FutureTask.java:266)
	at java.util.concurrent.ThreadPoolExecutor.runWorker(ThreadPoolExecutor.java:1149)
	at java.util.concurrent.ThreadPoolExecutor$Worker.run(ThreadPoolExecutor.java:624)
	... 1 more
Caused by: org.apache.ratis.thirdparty.io.netty.channel.AbstractChannel$AnnotatedConnectException: Connection refused: /192.168.34.38:33209
	at sun.nio.ch.SocketChannelImpl.checkConnect(Native Method)
	at sun.nio.ch.SocketChannelImpl.finishConnect(SocketChannelImpl.java:717)
	at org.apache.ratis.thirdparty.io.netty.channel.socket.nio.NioSocketChannel.doFinishConnect(NioSocketChannel.java:327)
	at org.apache.ratis.thirdparty.io.netty.channel.nio.AbstractNioChannel$AbstractNioUnsafe.finishConnect(AbstractNioChannel.java:340)
	at org.apache.ratis.thirdparty.io.netty.channel.nio.NioEventLoop.processSelectedKey(NioEventLoop.java:632)
	at org.apache.ratis.thirdparty.io.netty.channel.nio.NioEventLoop.processSelectedKeysOptimized(NioEventLoop.java:579)
	at org.apache.ratis.thirdparty.io.netty.channel.nio.NioEventLoop.processSelectedKeys(NioEventLoop.java:496)
	at org.apache.ratis.thirdparty.io.netty.channel.nio.NioEventLoop.run(NioEventLoop.java:458)
	at org.apache.ratis.thirdparty.io.netty.util.concurrent.SingleThreadEventExecutor$5.run(SingleThreadEventExecutor.java:897)
	at org.apache.ratis.thirdparty.io.netty.util.concurrent.FastThreadLocalRunnable.run(FastThreadLocalRunnable.java:30)
	... 1 more
Caused by: java.net.ConnectException: Connection refused
	... 11 more
2019-10-16 21:02:18,743 [4b287a15-77af-487b-aef7-34d1d0ee189f@group-83C26644CFDA-LeaderElection438] INFO  impl.LeaderElection (LogUtils.java:infoOrTrace(149)) -   Exception 1: {}
java.util.concurrent.ExecutionException: org.apache.ratis.thirdparty.io.grpc.StatusRuntimeException: UNAVAILABLE: io exception
	at java.util.concurrent.FutureTask.report(FutureTask.java:122)
	at java.util.concurrent.FutureTask.get(FutureTask.java:192)
	at org.apache.ratis.server.impl.LeaderElection.waitForResults(LeaderElection.java:259)
	at org.apache.ratis.server.impl.LeaderElection.askForVotes(LeaderElection.java:197)
	at org.apache.ratis.server.impl.LeaderElection.run(LeaderElection.java:133)
	at java.lang.Thread.run(Thread.java:748)
Caused by: org.apache.ratis.thirdparty.io.grpc.StatusRuntimeException: UNAVAILABLE: io exception
	at org.apache.ratis.thirdparty.io.grpc.stub.ClientCalls.toStatusRuntimeException(ClientCalls.java:233)
	at org.apache.ratis.thirdparty.io.grpc.stub.ClientCalls.getUnchecked(ClientCalls.java:214)
	at org.apache.ratis.thirdparty.io.grpc.stub.ClientCalls.blockingUnaryCall(ClientCalls.java:139)
	at org.apache.ratis.proto.grpc.RaftServerProtocolServiceGrpc$RaftServerProtocolServiceBlockingStub.requestVote(RaftServerProtocolServiceGrpc.java:265)
	at org.apache.ratis.grpc.server.GrpcServerProtocolClient.requestVote(GrpcServerProtocolClient.java:99)
	at org.apache.ratis.grpc.server.GrpcService.requestVote(GrpcService.java:204)
	at org.apache.ratis.server.impl.LeaderElection.lambda$submitRequests$1(LeaderElection.java:234)
	at java.util.concurrent.FutureTask.run(FutureTask.java:266)
	at java.util.concurrent.Executors$RunnableAdapter.call(Executors.java:511)
	at java.util.concurrent.FutureTask.run(FutureTask.java:266)
	at java.util.concurrent.ThreadPoolExecutor.runWorker(ThreadPoolExecutor.java:1149)
	at java.util.concurrent.ThreadPoolExecutor$Worker.run(ThreadPoolExecutor.java:624)
	... 1 more
Caused by: org.apache.ratis.thirdparty.io.netty.channel.AbstractChannel$AnnotatedConnectException: Connection refused: /192.168.34.38:45833
	at sun.nio.ch.SocketChannelImpl.checkConnect(Native Method)
	at sun.nio.ch.SocketChannelImpl.finishConnect(SocketChannelImpl.java:717)
	at org.apache.ratis.thirdparty.io.netty.channel.socket.nio.NioSocketChannel.doFinishConnect(NioSocketChannel.java:327)
	at org.apache.ratis.thirdparty.io.netty.channel.nio.AbstractNioChannel$AbstractNioUnsafe.finishConnect(AbstractNioChannel.java:340)
	at org.apache.ratis.thirdparty.io.netty.channel.nio.NioEventLoop.processSelectedKey(NioEventLoop.java:632)
	at org.apache.ratis.thirdparty.io.netty.channel.nio.NioEventLoop.processSelectedKeysOptimized(NioEventLoop.java:579)
	at org.apache.ratis.thirdparty.io.netty.channel.nio.NioEventLoop.processSelectedKeys(NioEventLoop.java:496)
	at org.apache.ratis.thirdparty.io.netty.channel.nio.NioEventLoop.run(NioEventLoop.java:458)
	at org.apache.ratis.thirdparty.io.netty.util.concurrent.SingleThreadEventExecutor$5.run(SingleThreadEventExecutor.java:897)
	at org.apache.ratis.thirdparty.io.netty.util.concurrent.FastThreadLocalRunnable.run(FastThreadLocalRunnable.java:30)
	... 1 more
Caused by: java.net.ConnectException: Connection refused
	... 11 more
2019-10-16 21:02:18,743 [4b287a15-77af-487b-aef7-34d1d0ee189f@group-83C26644CFDA-LeaderElection438] INFO  impl.RaftServerImpl (RaftServerImpl.java:setRole(184)) - 4b287a15-77af-487b-aef7-34d1d0ee189f@group-83C26644CFDA: changes role from CANDIDATE to FOLLOWER at term 465 for DISCOVERED_A_NEW_TERM
2019-10-16 21:02:18,744 [4b287a15-77af-487b-aef7-34d1d0ee189f@group-83C26644CFDA-LeaderElection438] INFO  impl.RoleInfo (RoleInfo.java:shutdownLeaderElection(134)) - 4b287a15-77af-487b-aef7-34d1d0ee189f: shutdown LeaderElection
2019-10-16 21:02:18,744 [4b287a15-77af-487b-aef7-34d1d0ee189f@group-83C26644CFDA-LeaderElection438] INFO  impl.RoleInfo (RoleInfo.java:updateAndGet(143)) - 4b287a15-77af-487b-aef7-34d1d0ee189f: start FollowerState
2019-10-16 21:02:18,773 [Thread-3006] INFO  impl.FollowerState (FollowerState.java:run(108)) - 4b287a15-77af-487b-aef7-34d1d0ee189f@group-83C26644CFDA-FollowerState: change to CANDIDATE, lastRpcTime:29ms, electionTimeout:29ms
2019-10-16 21:02:18,773 [Thread-3006] INFO  impl.RoleInfo (RoleInfo.java:shutdownFollowerState(121)) - 4b287a15-77af-487b-aef7-34d1d0ee189f: shutdown FollowerState
2019-10-16 21:02:18,773 [Thread-3006] INFO  impl.RaftServerImpl (RaftServerImpl.java:setRole(184)) - 4b287a15-77af-487b-aef7-34d1d0ee189f@group-83C26644CFDA: changes role from  FOLLOWER to CANDIDATE at term 465 for changeToCandidate
2019-10-16 21:02:18,773 [Thread-3006] INFO  impl.RoleInfo (RoleInfo.java:updateAndGet(143)) - 4b287a15-77af-487b-aef7-34d1d0ee189f: start LeaderElection
2019-10-16 21:02:18,787 [4b287a15-77af-487b-aef7-34d1d0ee189f@group-83C26644CFDA-LeaderElection439] INFO  impl.LeaderElection (LeaderElection.java:askForVotes(178)) - 4b287a15-77af-487b-aef7-34d1d0ee189f@group-83C26644CFDA-LeaderElection439: begin an election at term 466 for -1: [4b287a15-77af-487b-aef7-34d1d0ee189f:192.168.34.38:38597, 0aa3649f-570d-46c6-937f-492d7f3a8364:192.168.34.38:33209, 4a03179f-3169-4ac7-a075-259968512ef0:192.168.34.38:45833], old=null
2019-10-16 21:02:18,788 [4b287a15-77af-487b-aef7-34d1d0ee189f@group-83C26644CFDA-LeaderElection439] INFO  impl.LeaderElection (LogUtils.java:infoOrTrace(149)) - 4b287a15-77af-487b-aef7-34d1d0ee189f@group-83C26644CFDA-LeaderElection439 got exception when requesting votes: {}
java.util.concurrent.ExecutionException: org.apache.ratis.thirdparty.io.grpc.StatusRuntimeException: UNAVAILABLE: io exception
	at java.util.concurrent.FutureTask.report(FutureTask.java:122)
	at java.util.concurrent.FutureTask.get(FutureTask.java:192)
	at org.apache.ratis.server.impl.LeaderElection.waitForResults(LeaderElection.java:259)
	at org.apache.ratis.server.impl.LeaderElection.askForVotes(LeaderElection.java:197)
	at org.apache.ratis.server.impl.LeaderElection.run(LeaderElection.java:133)
	at java.lang.Thread.run(Thread.java:748)
Caused by: org.apache.ratis.thirdparty.io.grpc.StatusRuntimeException: UNAVAILABLE: io exception
	at org.apache.ratis.thirdparty.io.grpc.stub.ClientCalls.toStatusRuntimeException(ClientCalls.java:233)
	at org.apache.ratis.thirdparty.io.grpc.stub.ClientCalls.getUnchecked(ClientCalls.java:214)
	at org.apache.ratis.thirdparty.io.grpc.stub.ClientCalls.blockingUnaryCall(ClientCalls.java:139)
	at org.apache.ratis.proto.grpc.RaftServerProtocolServiceGrpc$RaftServerProtocolServiceBlockingStub.requestVote(RaftServerProtocolServiceGrpc.java:265)
	at org.apache.ratis.grpc.server.GrpcServerProtocolClient.requestVote(GrpcServerProtocolClient.java:99)
	at org.apache.ratis.grpc.server.GrpcService.requestVote(GrpcService.java:204)
	at org.apache.ratis.server.impl.LeaderElection.lambda$submitRequests$1(LeaderElection.java:234)
	at java.util.concurrent.FutureTask.run(FutureTask.java:266)
	at java.util.concurrent.Executors$RunnableAdapter.call(Executors.java:511)
	at java.util.concurrent.FutureTask.run(FutureTask.java:266)
	at java.util.concurrent.ThreadPoolExecutor.runWorker(ThreadPoolExecutor.java:1149)
	at java.util.concurrent.ThreadPoolExecutor$Worker.run(ThreadPoolExecutor.java:624)
	... 1 more
Caused by: org.apache.ratis.thirdparty.io.netty.channel.AbstractChannel$AnnotatedConnectException: Connection refused: /192.168.34.38:33209
	at sun.nio.ch.SocketChannelImpl.checkConnect(Native Method)
	at sun.nio.ch.SocketChannelImpl.finishConnect(SocketChannelImpl.java:717)
	at org.apache.ratis.thirdparty.io.netty.channel.socket.nio.NioSocketChannel.doFinishConnect(NioSocketChannel.java:327)
	at org.apache.ratis.thirdparty.io.netty.channel.nio.AbstractNioChannel$AbstractNioUnsafe.finishConnect(AbstractNioChannel.java:340)
	at org.apache.ratis.thirdparty.io.netty.channel.nio.NioEventLoop.processSelectedKey(NioEventLoop.java:632)
	at org.apache.ratis.thirdparty.io.netty.channel.nio.NioEventLoop.processSelectedKeysOptimized(NioEventLoop.java:579)
	at org.apache.ratis.thirdparty.io.netty.channel.nio.NioEventLoop.processSelectedKeys(NioEventLoop.java:496)
	at org.apache.ratis.thirdparty.io.netty.channel.nio.NioEventLoop.run(NioEventLoop.java:458)
	at org.apache.ratis.thirdparty.io.netty.util.concurrent.SingleThreadEventExecutor$5.run(SingleThreadEventExecutor.java:897)
	at org.apache.ratis.thirdparty.io.netty.util.concurrent.FastThreadLocalRunnable.run(FastThreadLocalRunnable.java:30)
	... 1 more
Caused by: java.net.ConnectException: Connection refused
	... 11 more
2019-10-16 21:02:18,788 [4b287a15-77af-487b-aef7-34d1d0ee189f@group-83C26644CFDA-LeaderElection439] INFO  impl.LeaderElection (LogUtils.java:infoOrTrace(149)) - 4b287a15-77af-487b-aef7-34d1d0ee189f@group-83C26644CFDA-LeaderElection439 got exception when requesting votes: {}
java.util.concurrent.ExecutionException: org.apache.ratis.thirdparty.io.grpc.StatusRuntimeException: UNAVAILABLE: io exception
	at java.util.concurrent.FutureTask.report(FutureTask.java:122)
	at java.util.concurrent.FutureTask.get(FutureTask.java:192)
	at org.apache.ratis.server.impl.LeaderElection.waitForResults(LeaderElection.java:259)
	at org.apache.ratis.server.impl.LeaderElection.askForVotes(LeaderElection.java:197)
	at org.apache.ratis.server.impl.LeaderElection.run(LeaderElection.java:133)
	at java.lang.Thread.run(Thread.java:748)
Caused by: org.apache.ratis.thirdparty.io.grpc.StatusRuntimeException: UNAVAILABLE: io exception
	at org.apache.ratis.thirdparty.io.grpc.stub.ClientCalls.toStatusRuntimeException(ClientCalls.java:233)
	at org.apache.ratis.thirdparty.io.grpc.stub.ClientCalls.getUnchecked(ClientCalls.java:214)
	at org.apache.ratis.thirdparty.io.grpc.stub.ClientCalls.blockingUnaryCall(ClientCalls.java:139)
	at org.apache.ratis.proto.grpc.RaftServerProtocolServiceGrpc$RaftServerProtocolServiceBlockingStub.requestVote(RaftServerProtocolServiceGrpc.java:265)
	at org.apache.ratis.grpc.server.GrpcServerProtocolClient.requestVote(GrpcServerProtocolClient.java:99)
	at org.apache.ratis.grpc.server.GrpcService.requestVote(GrpcService.java:204)
	at org.apache.ratis.server.impl.LeaderElection.lambda$submitRequests$1(LeaderElection.java:234)
	at java.util.concurrent.FutureTask.run(FutureTask.java:266)
	at java.util.concurrent.Executors$RunnableAdapter.call(Executors.java:511)
	at java.util.concurrent.FutureTask.run(FutureTask.java:266)
	at java.util.concurrent.ThreadPoolExecutor.runWorker(ThreadPoolExecutor.java:1149)
	at java.util.concurrent.ThreadPoolExecutor$Worker.run(ThreadPoolExecutor.java:624)
	... 1 more
Caused by: org.apache.ratis.thirdparty.io.netty.channel.AbstractChannel$AnnotatedConnectException: Connection refused: /192.168.34.38:45833
	at sun.nio.ch.SocketChannelImpl.checkConnect(Native Method)
	at sun.nio.ch.SocketChannelImpl.finishConnect(SocketChannelImpl.java:717)
	at org.apache.ratis.thirdparty.io.netty.channel.socket.nio.NioSocketChannel.doFinishConnect(NioSocketChannel.java:327)
	at org.apache.ratis.thirdparty.io.netty.channel.nio.AbstractNioChannel$AbstractNioUnsafe.finishConnect(AbstractNioChannel.java:340)
	at org.apache.ratis.thirdparty.io.netty.channel.nio.NioEventLoop.processSelectedKey(NioEventLoop.java:632)
	at org.apache.ratis.thirdparty.io.netty.channel.nio.NioEventLoop.processSelectedKeysOptimized(NioEventLoop.java:579)
	at org.apache.ratis.thirdparty.io.netty.channel.nio.NioEventLoop.processSelectedKeys(NioEventLoop.java:496)
	at org.apache.ratis.thirdparty.io.netty.channel.nio.NioEventLoop.run(NioEventLoop.java:458)
	at org.apache.ratis.thirdparty.io.netty.util.concurrent.SingleThreadEventExecutor$5.run(SingleThreadEventExecutor.java:897)
	at org.apache.ratis.thirdparty.io.netty.util.concurrent.FastThreadLocalRunnable.run(FastThreadLocalRunnable.java:30)
	... 1 more
Caused by: java.net.ConnectException: Connection refused
	... 11 more
2019-10-16 21:02:18,789 [4b287a15-77af-487b-aef7-34d1d0ee189f@group-83C26644CFDA-LeaderElection439] INFO  impl.LeaderElection (LeaderElection.java:logAndReturn(56)) - 4b287a15-77af-487b-aef7-34d1d0ee189f@group-83C26644CFDA-LeaderElection439: Election REJECTED; received 0 response(s) [] and 2 exception(s); 4b287a15-77af-487b-aef7-34d1d0ee189f@group-83C26644CFDA:t466, leader=null, voted=4b287a15-77af-487b-aef7-34d1d0ee189f, raftlog=4b287a15-77af-487b-aef7-34d1d0ee189f@group-83C26644CFDA-SegmentedRaftLog:OPENED:c-1,f-1,i0, conf=-1: [4b287a15-77af-487b-aef7-34d1d0ee189f:192.168.34.38:38597, 0aa3649f-570d-46c6-937f-492d7f3a8364:192.168.34.38:33209, 4a03179f-3169-4ac7-a075-259968512ef0:192.168.34.38:45833], old=null
2019-10-16 21:02:18,789 [4b287a15-77af-487b-aef7-34d1d0ee189f@group-83C26644CFDA-LeaderElection439] INFO  impl.LeaderElection (LogUtils.java:infoOrTrace(149)) -   Exception 0: {}
java.util.concurrent.ExecutionException: org.apache.ratis.thirdparty.io.grpc.StatusRuntimeException: UNAVAILABLE: io exception
	at java.util.concurrent.FutureTask.report(FutureTask.java:122)
	at java.util.concurrent.FutureTask.get(FutureTask.java:192)
	at org.apache.ratis.server.impl.LeaderElection.waitForResults(LeaderElection.java:259)
	at org.apache.ratis.server.impl.LeaderElection.askForVotes(LeaderElection.java:197)
	at org.apache.ratis.server.impl.LeaderElection.run(LeaderElection.java:133)
	at java.lang.Thread.run(Thread.java:748)
Caused by: org.apache.ratis.thirdparty.io.grpc.StatusRuntimeException: UNAVAILABLE: io exception
	at org.apache.ratis.thirdparty.io.grpc.stub.ClientCalls.toStatusRuntimeException(ClientCalls.java:233)
	at org.apache.ratis.thirdparty.io.grpc.stub.ClientCalls.getUnchecked(ClientCalls.java:214)
	at org.apache.ratis.thirdparty.io.grpc.stub.ClientCalls.blockingUnaryCall(ClientCalls.java:139)
	at org.apache.ratis.proto.grpc.RaftServerProtocolServiceGrpc$RaftServerProtocolServiceBlockingStub.requestVote(RaftServerProtocolServiceGrpc.java:265)
	at org.apache.ratis.grpc.server.GrpcServerProtocolClient.requestVote(GrpcServerProtocolClient.java:99)
	at org.apache.ratis.grpc.server.GrpcService.requestVote(GrpcService.java:204)
	at org.apache.ratis.server.impl.LeaderElection.lambda$submitRequests$1(LeaderElection.java:234)
	at java.util.concurrent.FutureTask.run(FutureTask.java:266)
	at java.util.concurrent.Executors$RunnableAdapter.call(Executors.java:511)
	at java.util.concurrent.FutureTask.run(FutureTask.java:266)
	at java.util.concurrent.ThreadPoolExecutor.runWorker(ThreadPoolExecutor.java:1149)
	at java.util.concurrent.ThreadPoolExecutor$Worker.run(ThreadPoolExecutor.java:624)
	... 1 more
Caused by: org.apache.ratis.thirdparty.io.netty.channel.AbstractChannel$AnnotatedConnectException: Connection refused: /192.168.34.38:33209
	at sun.nio.ch.SocketChannelImpl.checkConnect(Native Method)
	at sun.nio.ch.SocketChannelImpl.finishConnect(SocketChannelImpl.java:717)
	at org.apache.ratis.thirdparty.io.netty.channel.socket.nio.NioSocketChannel.doFinishConnect(NioSocketChannel.java:327)
	at org.apache.ratis.thirdparty.io.netty.channel.nio.AbstractNioChannel$AbstractNioUnsafe.finishConnect(AbstractNioChannel.java:340)
	at org.apache.ratis.thirdparty.io.netty.channel.nio.NioEventLoop.processSelectedKey(NioEventLoop.java:632)
	at org.apache.ratis.thirdparty.io.netty.channel.nio.NioEventLoop.processSelectedKeysOptimized(NioEventLoop.java:579)
	at org.apache.ratis.thirdparty.io.netty.channel.nio.NioEventLoop.processSelectedKeys(NioEventLoop.java:496)
	at org.apache.ratis.thirdparty.io.netty.channel.nio.NioEventLoop.run(NioEventLoop.java:458)
	at org.apache.ratis.thirdparty.io.netty.util.concurrent.SingleThreadEventExecutor$5.run(SingleThreadEventExecutor.java:897)
	at org.apache.ratis.thirdparty.io.netty.util.concurrent.FastThreadLocalRunnable.run(FastThreadLocalRunnable.java:30)
	... 1 more
Caused by: java.net.ConnectException: Connection refused
	... 11 more
2019-10-16 21:02:18,789 [4b287a15-77af-487b-aef7-34d1d0ee189f@group-83C26644CFDA-LeaderElection439] INFO  impl.LeaderElection (LogUtils.java:infoOrTrace(149)) -   Exception 1: {}
java.util.concurrent.ExecutionException: org.apache.ratis.thirdparty.io.grpc.StatusRuntimeException: UNAVAILABLE: io exception
	at java.util.concurrent.FutureTask.report(FutureTask.java:122)
	at java.util.concurrent.FutureTask.get(FutureTask.java:192)
	at org.apache.ratis.server.impl.LeaderElection.waitForResults(LeaderElection.java:259)
	at org.apache.ratis.server.impl.LeaderElection.askForVotes(LeaderElection.java:197)
	at org.apache.ratis.server.impl.LeaderElection.run(LeaderElection.java:133)
	at java.lang.Thread.run(Thread.java:748)
Caused by: org.apache.ratis.thirdparty.io.grpc.StatusRuntimeException: UNAVAILABLE: io exception
	at org.apache.ratis.thirdparty.io.grpc.stub.ClientCalls.toStatusRuntimeException(ClientCalls.java:233)
	at org.apache.ratis.thirdparty.io.grpc.stub.ClientCalls.getUnchecked(ClientCalls.java:214)
	at org.apache.ratis.thirdparty.io.grpc.stub.ClientCalls.blockingUnaryCall(ClientCalls.java:139)
	at org.apache.ratis.proto.grpc.RaftServerProtocolServiceGrpc$RaftServerProtocolServiceBlockingStub.requestVote(RaftServerProtocolServiceGrpc.java:265)
	at org.apache.ratis.grpc.server.GrpcServerProtocolClient.requestVote(GrpcServerProtocolClient.java:99)
	at org.apache.ratis.grpc.server.GrpcService.requestVote(GrpcService.java:204)
	at org.apache.ratis.server.impl.LeaderElection.lambda$submitRequests$1(LeaderElection.java:234)
	at java.util.concurrent.FutureTask.run(FutureTask.java:266)
	at java.util.concurrent.Executors$RunnableAdapter.call(Executors.java:511)
	at java.util.concurrent.FutureTask.run(FutureTask.java:266)
	at java.util.concurrent.ThreadPoolExecutor.runWorker(ThreadPoolExecutor.java:1149)
	at java.util.concurrent.ThreadPoolExecutor$Worker.run(ThreadPoolExecutor.java:624)
	... 1 more
Caused by: org.apache.ratis.thirdparty.io.netty.channel.AbstractChannel$AnnotatedConnectException: Connection refused: /192.168.34.38:45833
	at sun.nio.ch.SocketChannelImpl.checkConnect(Native Method)
	at sun.nio.ch.SocketChannelImpl.finishConnect(SocketChannelImpl.java:717)
	at org.apache.ratis.thirdparty.io.netty.channel.socket.nio.NioSocketChannel.doFinishConnect(NioSocketChannel.java:327)
	at org.apache.ratis.thirdparty.io.netty.channel.nio.AbstractNioChannel$AbstractNioUnsafe.finishConnect(AbstractNioChannel.java:340)
	at org.apache.ratis.thirdparty.io.netty.channel.nio.NioEventLoop.processSelectedKey(NioEventLoop.java:632)
	at org.apache.ratis.thirdparty.io.netty.channel.nio.NioEventLoop.processSelectedKeysOptimized(NioEventLoop.java:579)
	at org.apache.ratis.thirdparty.io.netty.channel.nio.NioEventLoop.processSelectedKeys(NioEventLoop.java:496)
	at org.apache.ratis.thirdparty.io.netty.channel.nio.NioEventLoop.run(NioEventLoop.java:458)
	at org.apache.ratis.thirdparty.io.netty.util.concurrent.SingleThreadEventExecutor$5.run(SingleThreadEventExecutor.java:897)
	at org.apache.ratis.thirdparty.io.netty.util.concurrent.FastThreadLocalRunnable.run(FastThreadLocalRunnable.java:30)
	... 1 more
Caused by: java.net.ConnectException: Connection refused
	... 11 more
2019-10-16 21:02:18,789 [4b287a15-77af-487b-aef7-34d1d0ee189f@group-83C26644CFDA-LeaderElection439] INFO  impl.RaftServerImpl (RaftServerImpl.java:setRole(184)) - 4b287a15-77af-487b-aef7-34d1d0ee189f@group-83C26644CFDA: changes role from CANDIDATE to FOLLOWER at term 466 for DISCOVERED_A_NEW_TERM
2019-10-16 21:02:18,790 [4b287a15-77af-487b-aef7-34d1d0ee189f@group-83C26644CFDA-LeaderElection439] INFO  impl.RoleInfo (RoleInfo.java:shutdownLeaderElection(134)) - 4b287a15-77af-487b-aef7-34d1d0ee189f: shutdown LeaderElection
2019-10-16 21:02:18,790 [4b287a15-77af-487b-aef7-34d1d0ee189f@group-83C26644CFDA-LeaderElection439] INFO  impl.RoleInfo (RoleInfo.java:updateAndGet(143)) - 4b287a15-77af-487b-aef7-34d1d0ee189f: start FollowerState
2019-10-16 21:02:18,796 [Thread-3010] INFO  impl.FollowerState (FollowerState.java:run(108)) - 4b287a15-77af-487b-aef7-34d1d0ee189f@group-83C26644CFDA-FollowerState: change to CANDIDATE, lastRpcTime:6ms, electionTimeout:6ms
2019-10-16 21:02:18,796 [Thread-3010] INFO  impl.RoleInfo (RoleInfo.java:shutdownFollowerState(121)) - 4b287a15-77af-487b-aef7-34d1d0ee189f: shutdown FollowerState
2019-10-16 21:02:18,796 [Thread-3010] INFO  impl.RaftServerImpl (RaftServerImpl.java:setRole(184)) - 4b287a15-77af-487b-aef7-34d1d0ee189f@group-83C26644CFDA: changes role from  FOLLOWER to CANDIDATE at term 466 for changeToCandidate
2019-10-16 21:02:18,796 [Thread-3010] INFO  impl.RoleInfo (RoleInfo.java:updateAndGet(143)) - 4b287a15-77af-487b-aef7-34d1d0ee189f: start LeaderElection
2019-10-16 21:02:18,809 [4b287a15-77af-487b-aef7-34d1d0ee189f@group-83C26644CFDA-LeaderElection440] INFO  impl.LeaderElection (LeaderElection.java:askForVotes(178)) - 4b287a15-77af-487b-aef7-34d1d0ee189f@group-83C26644CFDA-LeaderElection440: begin an election at term 467 for -1: [4b287a15-77af-487b-aef7-34d1d0ee189f:192.168.34.38:38597, 0aa3649f-570d-46c6-937f-492d7f3a8364:192.168.34.38:33209, 4a03179f-3169-4ac7-a075-259968512ef0:192.168.34.38:45833], old=null
2019-10-16 21:02:18,810 [4b287a15-77af-487b-aef7-34d1d0ee189f@group-83C26644CFDA-LeaderElection440] INFO  impl.LeaderElection (LogUtils.java:infoOrTrace(149)) - 4b287a15-77af-487b-aef7-34d1d0ee189f@group-83C26644CFDA-LeaderElection440 got exception when requesting votes: {}
java.util.concurrent.ExecutionException: org.apache.ratis.thirdparty.io.grpc.StatusRuntimeException: UNAVAILABLE: io exception
	at java.util.concurrent.FutureTask.report(FutureTask.java:122)
	at java.util.concurrent.FutureTask.get(FutureTask.java:192)
	at org.apache.ratis.server.impl.LeaderElection.waitForResults(LeaderElection.java:259)
	at org.apache.ratis.server.impl.LeaderElection.askForVotes(LeaderElection.java:197)
	at org.apache.ratis.server.impl.LeaderElection.run(LeaderElection.java:133)
	at java.lang.Thread.run(Thread.java:748)
Caused by: org.apache.ratis.thirdparty.io.grpc.StatusRuntimeException: UNAVAILABLE: io exception
	at org.apache.ratis.thirdparty.io.grpc.stub.ClientCalls.toStatusRuntimeException(ClientCalls.java:233)
	at org.apache.ratis.thirdparty.io.grpc.stub.ClientCalls.getUnchecked(ClientCalls.java:214)
	at org.apache.ratis.thirdparty.io.grpc.stub.ClientCalls.blockingUnaryCall(ClientCalls.java:139)
	at org.apache.ratis.proto.grpc.RaftServerProtocolServiceGrpc$RaftServerProtocolServiceBlockingStub.requestVote(RaftServerProtocolServiceGrpc.java:265)
	at org.apache.ratis.grpc.server.GrpcServerProtocolClient.requestVote(GrpcServerProtocolClient.java:99)
	at org.apache.ratis.grpc.server.GrpcService.requestVote(GrpcService.java:204)
	at org.apache.ratis.server.impl.LeaderElection.lambda$submitRequests$1(LeaderElection.java:234)
	at java.util.concurrent.FutureTask.run(FutureTask.java:266)
	at java.util.concurrent.Executors$RunnableAdapter.call(Executors.java:511)
	at java.util.concurrent.FutureTask.run(FutureTask.java:266)
	at java.util.concurrent.ThreadPoolExecutor.runWorker(ThreadPoolExecutor.java:1149)
	at java.util.concurrent.ThreadPoolExecutor$Worker.run(ThreadPoolExecutor.java:624)
	... 1 more
Caused by: org.apache.ratis.thirdparty.io.netty.channel.AbstractChannel$AnnotatedConnectException: Connection refused: /192.168.34.38:33209
	at sun.nio.ch.SocketChannelImpl.checkConnect(Native Method)
	at sun.nio.ch.SocketChannelImpl.finishConnect(SocketChannelImpl.java:717)
	at org.apache.ratis.thirdparty.io.netty.channel.socket.nio.NioSocketChannel.doFinishConnect(NioSocketChannel.java:327)
	at org.apache.ratis.thirdparty.io.netty.channel.nio.AbstractNioChannel$AbstractNioUnsafe.finishConnect(AbstractNioChannel.java:340)
	at org.apache.ratis.thirdparty.io.netty.channel.nio.NioEventLoop.processSelectedKey(NioEventLoop.java:632)
	at org.apache.ratis.thirdparty.io.netty.channel.nio.NioEventLoop.processSelectedKeysOptimized(NioEventLoop.java:579)
	at org.apache.ratis.thirdparty.io.netty.channel.nio.NioEventLoop.processSelectedKeys(NioEventLoop.java:496)
	at org.apache.ratis.thirdparty.io.netty.channel.nio.NioEventLoop.run(NioEventLoop.java:458)
	at org.apache.ratis.thirdparty.io.netty.util.concurrent.SingleThreadEventExecutor$5.run(SingleThreadEventExecutor.java:897)
	at org.apache.ratis.thirdparty.io.netty.util.concurrent.FastThreadLocalRunnable.run(FastThreadLocalRunnable.java:30)
	... 1 more
Caused by: java.net.ConnectException: Connection refused
	... 11 more
2019-10-16 21:02:18,810 [4b287a15-77af-487b-aef7-34d1d0ee189f@group-83C26644CFDA-LeaderElection440] INFO  impl.LeaderElection (LogUtils.java:infoOrTrace(149)) - 4b287a15-77af-487b-aef7-34d1d0ee189f@group-83C26644CFDA-LeaderElection440 got exception when requesting votes: {}
java.util.concurrent.ExecutionException: org.apache.ratis.thirdparty.io.grpc.StatusRuntimeException: UNAVAILABLE: io exception
	at java.util.concurrent.FutureTask.report(FutureTask.java:122)
	at java.util.concurrent.FutureTask.get(FutureTask.java:192)
	at org.apache.ratis.server.impl.LeaderElection.waitForResults(LeaderElection.java:259)
	at org.apache.ratis.server.impl.LeaderElection.askForVotes(LeaderElection.java:197)
	at org.apache.ratis.server.impl.LeaderElection.run(LeaderElection.java:133)
	at java.lang.Thread.run(Thread.java:748)
Caused by: org.apache.ratis.thirdparty.io.grpc.StatusRuntimeException: UNAVAILABLE: io exception
	at org.apache.ratis.thirdparty.io.grpc.stub.ClientCalls.toStatusRuntimeException(ClientCalls.java:233)
	at org.apache.ratis.thirdparty.io.grpc.stub.ClientCalls.getUnchecked(ClientCalls.java:214)
	at org.apache.ratis.thirdparty.io.grpc.stub.ClientCalls.blockingUnaryCall(ClientCalls.java:139)
	at org.apache.ratis.proto.grpc.RaftServerProtocolServiceGrpc$RaftServerProtocolServiceBlockingStub.requestVote(RaftServerProtocolServiceGrpc.java:265)
	at org.apache.ratis.grpc.server.GrpcServerProtocolClient.requestVote(GrpcServerProtocolClient.java:99)
	at org.apache.ratis.grpc.server.GrpcService.requestVote(GrpcService.java:204)
	at org.apache.ratis.server.impl.LeaderElection.lambda$submitRequests$1(LeaderElection.java:234)
	at java.util.concurrent.FutureTask.run(FutureTask.java:266)
	at java.util.concurrent.Executors$RunnableAdapter.call(Executors.java:511)
	at java.util.concurrent.FutureTask.run(FutureTask.java:266)
	at java.util.concurrent.ThreadPoolExecutor.runWorker(ThreadPoolExecutor.java:1149)
	at java.util.concurrent.ThreadPoolExecutor$Worker.run(ThreadPoolExecutor.java:624)
	... 1 more
Caused by: org.apache.ratis.thirdparty.io.netty.channel.AbstractChannel$AnnotatedConnectException: Connection refused: /192.168.34.38:45833
	at sun.nio.ch.SocketChannelImpl.checkConnect(Native Method)
	at sun.nio.ch.SocketChannelImpl.finishConnect(SocketChannelImpl.java:717)
	at org.apache.ratis.thirdparty.io.netty.channel.socket.nio.NioSocketChannel.doFinishConnect(NioSocketChannel.java:327)
	at org.apache.ratis.thirdparty.io.netty.channel.nio.AbstractNioChannel$AbstractNioUnsafe.finishConnect(AbstractNioChannel.java:340)
	at org.apache.ratis.thirdparty.io.netty.channel.nio.NioEventLoop.processSelectedKey(NioEventLoop.java:632)
	at org.apache.ratis.thirdparty.io.netty.channel.nio.NioEventLoop.processSelectedKeysOptimized(NioEventLoop.java:579)
	at org.apache.ratis.thirdparty.io.netty.channel.nio.NioEventLoop.processSelectedKeys(NioEventLoop.java:496)
	at org.apache.ratis.thirdparty.io.netty.channel.nio.NioEventLoop.run(NioEventLoop.java:458)
	at org.apache.ratis.thirdparty.io.netty.util.concurrent.SingleThreadEventExecutor$5.run(SingleThreadEventExecutor.java:897)
	at org.apache.ratis.thirdparty.io.netty.util.concurrent.FastThreadLocalRunnable.run(FastThreadLocalRunnable.java:30)
	... 1 more
Caused by: java.net.ConnectException: Connection refused
	... 11 more
2019-10-16 21:02:18,810 [4b287a15-77af-487b-aef7-34d1d0ee189f@group-83C26644CFDA-LeaderElection440] INFO  impl.LeaderElection (LeaderElection.java:logAndReturn(56)) - 4b287a15-77af-487b-aef7-34d1d0ee189f@group-83C26644CFDA-LeaderElection440: Election REJECTED; received 0 response(s) [] and 2 exception(s); 4b287a15-77af-487b-aef7-34d1d0ee189f@group-83C26644CFDA:t467, leader=null, voted=4b287a15-77af-487b-aef7-34d1d0ee189f, raftlog=4b287a15-77af-487b-aef7-34d1d0ee189f@group-83C26644CFDA-SegmentedRaftLog:OPENED:c-1,f-1,i0, conf=-1: [4b287a15-77af-487b-aef7-34d1d0ee189f:192.168.34.38:38597, 0aa3649f-570d-46c6-937f-492d7f3a8364:192.168.34.38:33209, 4a03179f-3169-4ac7-a075-259968512ef0:192.168.34.38:45833], old=null
2019-10-16 21:02:18,810 [4b287a15-77af-487b-aef7-34d1d0ee189f@group-83C26644CFDA-LeaderElection440] INFO  impl.LeaderElection (LogUtils.java:infoOrTrace(149)) -   Exception 0: {}
java.util.concurrent.ExecutionException: org.apache.ratis.thirdparty.io.grpc.StatusRuntimeException: UNAVAILABLE: io exception
	at java.util.concurrent.FutureTask.report(FutureTask.java:122)
	at java.util.concurrent.FutureTask.get(FutureTask.java:192)
	at org.apache.ratis.server.impl.LeaderElection.waitForResults(LeaderElection.java:259)
	at org.apache.ratis.server.impl.LeaderElection.askForVotes(LeaderElection.java:197)
	at org.apache.ratis.server.impl.LeaderElection.run(LeaderElection.java:133)
	at java.lang.Thread.run(Thread.java:748)
Caused by: org.apache.ratis.thirdparty.io.grpc.StatusRuntimeException: UNAVAILABLE: io exception
	at org.apache.ratis.thirdparty.io.grpc.stub.ClientCalls.toStatusRuntimeException(ClientCalls.java:233)
	at org.apache.ratis.thirdparty.io.grpc.stub.ClientCalls.getUnchecked(ClientCalls.java:214)
	at org.apache.ratis.thirdparty.io.grpc.stub.ClientCalls.blockingUnaryCall(ClientCalls.java:139)
	at org.apache.ratis.proto.grpc.RaftServerProtocolServiceGrpc$RaftServerProtocolServiceBlockingStub.requestVote(RaftServerProtocolServiceGrpc.java:265)
	at org.apache.ratis.grpc.server.GrpcServerProtocolClient.requestVote(GrpcServerProtocolClient.java:99)
	at org.apache.ratis.grpc.server.GrpcService.requestVote(GrpcService.java:204)
	at org.apache.ratis.server.impl.LeaderElection.lambda$submitRequests$1(LeaderElection.java:234)
	at java.util.concurrent.FutureTask.run(FutureTask.java:266)
	at java.util.concurrent.Executors$RunnableAdapter.call(Executors.java:511)
	at java.util.concurrent.FutureTask.run(FutureTask.java:266)
	at java.util.concurrent.ThreadPoolExecutor.runWorker(ThreadPoolExecutor.java:1149)
	at java.util.concurrent.ThreadPoolExecutor$Worker.run(ThreadPoolExecutor.java:624)
	... 1 more
Caused by: org.apache.ratis.thirdparty.io.netty.channel.AbstractChannel$AnnotatedConnectException: Connection refused: /192.168.34.38:33209
	at sun.nio.ch.SocketChannelImpl.checkConnect(Native Method)
	at sun.nio.ch.SocketChannelImpl.finishConnect(SocketChannelImpl.java:717)
	at org.apache.ratis.thirdparty.io.netty.channel.socket.nio.NioSocketChannel.doFinishConnect(NioSocketChannel.java:327)
	at org.apache.ratis.thirdparty.io.netty.channel.nio.AbstractNioChannel$AbstractNioUnsafe.finishConnect(AbstractNioChannel.java:340)
	at org.apache.ratis.thirdparty.io.netty.channel.nio.NioEventLoop.processSelectedKey(NioEventLoop.java:632)
	at org.apache.ratis.thirdparty.io.netty.channel.nio.NioEventLoop.processSelectedKeysOptimized(NioEventLoop.java:579)
	at org.apache.ratis.thirdparty.io.netty.channel.nio.NioEventLoop.processSelectedKeys(NioEventLoop.java:496)
	at org.apache.ratis.thirdparty.io.netty.channel.nio.NioEventLoop.run(NioEventLoop.java:458)
	at org.apache.ratis.thirdparty.io.netty.util.concurrent.SingleThreadEventExecutor$5.run(SingleThreadEventExecutor.java:897)
	at org.apache.ratis.thirdparty.io.netty.util.concurrent.FastThreadLocalRunnable.run(FastThreadLocalRunnable.java:30)
	... 1 more
Caused by: java.net.ConnectException: Connection refused
	... 11 more
2019-10-16 21:02:18,810 [4b287a15-77af-487b-aef7-34d1d0ee189f@group-83C26644CFDA-LeaderElection440] INFO  impl.LeaderElection (LogUtils.java:infoOrTrace(149)) -   Exception 1: {}
java.util.concurrent.ExecutionException: org.apache.ratis.thirdparty.io.grpc.StatusRuntimeException: UNAVAILABLE: io exception
	at java.util.concurrent.FutureTask.report(FutureTask.java:122)
	at java.util.concurrent.FutureTask.get(FutureTask.java:192)
	at org.apache.ratis.server.impl.LeaderElection.waitForResults(LeaderElection.java:259)
	at org.apache.ratis.server.impl.LeaderElection.askForVotes(LeaderElection.java:197)
	at org.apache.ratis.server.impl.LeaderElection.run(LeaderElection.java:133)
	at java.lang.Thread.run(Thread.java:748)
Caused by: org.apache.ratis.thirdparty.io.grpc.StatusRuntimeException: UNAVAILABLE: io exception
	at org.apache.ratis.thirdparty.io.grpc.stub.ClientCalls.toStatusRuntimeException(ClientCalls.java:233)
	at org.apache.ratis.thirdparty.io.grpc.stub.ClientCalls.getUnchecked(ClientCalls.java:214)
	at org.apache.ratis.thirdparty.io.grpc.stub.ClientCalls.blockingUnaryCall(ClientCalls.java:139)
	at org.apache.ratis.proto.grpc.RaftServerProtocolServiceGrpc$RaftServerProtocolServiceBlockingStub.requestVote(RaftServerProtocolServiceGrpc.java:265)
	at org.apache.ratis.grpc.server.GrpcServerProtocolClient.requestVote(GrpcServerProtocolClient.java:99)
	at org.apache.ratis.grpc.server.GrpcService.requestVote(GrpcService.java:204)
	at org.apache.ratis.server.impl.LeaderElection.lambda$submitRequests$1(LeaderElection.java:234)
	at java.util.concurrent.FutureTask.run(FutureTask.java:266)
	at java.util.concurrent.Executors$RunnableAdapter.call(Executors.java:511)
	at java.util.concurrent.FutureTask.run(FutureTask.java:266)
	at java.util.concurrent.ThreadPoolExecutor.runWorker(ThreadPoolExecutor.java:1149)
	at java.util.concurrent.ThreadPoolExecutor$Worker.run(ThreadPoolExecutor.java:624)
	... 1 more
Caused by: org.apache.ratis.thirdparty.io.netty.channel.AbstractChannel$AnnotatedConnectException: Connection refused: /192.168.34.38:45833
	at sun.nio.ch.SocketChannelImpl.checkConnect(Native Method)
	at sun.nio.ch.SocketChannelImpl.finishConnect(SocketChannelImpl.java:717)
	at org.apache.ratis.thirdparty.io.netty.channel.socket.nio.NioSocketChannel.doFinishConnect(NioSocketChannel.java:327)
	at org.apache.ratis.thirdparty.io.netty.channel.nio.AbstractNioChannel$AbstractNioUnsafe.finishConnect(AbstractNioChannel.java:340)
	at org.apache.ratis.thirdparty.io.netty.channel.nio.NioEventLoop.processSelectedKey(NioEventLoop.java:632)
	at org.apache.ratis.thirdparty.io.netty.channel.nio.NioEventLoop.processSelectedKeysOptimized(NioEventLoop.java:579)
	at org.apache.ratis.thirdparty.io.netty.channel.nio.NioEventLoop.processSelectedKeys(NioEventLoop.java:496)
	at org.apache.ratis.thirdparty.io.netty.channel.nio.NioEventLoop.run(NioEventLoop.java:458)
	at org.apache.ratis.thirdparty.io.netty.util.concurrent.SingleThreadEventExecutor$5.run(SingleThreadEventExecutor.java:897)
	at org.apache.ratis.thirdparty.io.netty.util.concurrent.FastThreadLocalRunnable.run(FastThreadLocalRunnable.java:30)
	... 1 more
Caused by: java.net.ConnectException: Connection refused
	... 11 more
2019-10-16 21:02:18,811 [4b287a15-77af-487b-aef7-34d1d0ee189f@group-83C26644CFDA-LeaderElection440] INFO  impl.RaftServerImpl (RaftServerImpl.java:setRole(184)) - 4b287a15-77af-487b-aef7-34d1d0ee189f@group-83C26644CFDA: changes role from CANDIDATE to FOLLOWER at term 467 for DISCOVERED_A_NEW_TERM
2019-10-16 21:02:18,811 [4b287a15-77af-487b-aef7-34d1d0ee189f@group-83C26644CFDA-LeaderElection440] INFO  impl.RoleInfo (RoleInfo.java:shutdownLeaderElection(134)) - 4b287a15-77af-487b-aef7-34d1d0ee189f: shutdown LeaderElection
2019-10-16 21:02:18,811 [4b287a15-77af-487b-aef7-34d1d0ee189f@group-83C26644CFDA-LeaderElection440] INFO  impl.RoleInfo (RoleInfo.java:updateAndGet(143)) - 4b287a15-77af-487b-aef7-34d1d0ee189f: start FollowerState
2019-10-16 21:02:18,953 [Thread-3014] INFO  impl.FollowerState (FollowerState.java:run(108)) - 4b287a15-77af-487b-aef7-34d1d0ee189f@group-83C26644CFDA-FollowerState: change to CANDIDATE, lastRpcTime:142ms, electionTimeout:142ms
2019-10-16 21:02:18,953 [Thread-3014] INFO  impl.RoleInfo (RoleInfo.java:shutdownFollowerState(121)) - 4b287a15-77af-487b-aef7-34d1d0ee189f: shutdown FollowerState
2019-10-16 21:02:18,954 [Thread-3014] INFO  impl.RaftServerImpl (RaftServerImpl.java:setRole(184)) - 4b287a15-77af-487b-aef7-34d1d0ee189f@group-83C26644CFDA: changes role from  FOLLOWER to CANDIDATE at term 467 for changeToCandidate
2019-10-16 21:02:18,954 [Thread-3014] INFO  impl.RoleInfo (RoleInfo.java:updateAndGet(143)) - 4b287a15-77af-487b-aef7-34d1d0ee189f: start LeaderElection
2019-10-16 21:02:18,966 [4b287a15-77af-487b-aef7-34d1d0ee189f@group-83C26644CFDA-LeaderElection441] INFO  impl.LeaderElection (LeaderElection.java:askForVotes(178)) - 4b287a15-77af-487b-aef7-34d1d0ee189f@group-83C26644CFDA-LeaderElection441: begin an election at term 468 for -1: [4b287a15-77af-487b-aef7-34d1d0ee189f:192.168.34.38:38597, 0aa3649f-570d-46c6-937f-492d7f3a8364:192.168.34.38:33209, 4a03179f-3169-4ac7-a075-259968512ef0:192.168.34.38:45833], old=null
2019-10-16 21:02:18,967 [4b287a15-77af-487b-aef7-34d1d0ee189f@group-83C26644CFDA-LeaderElection441] INFO  impl.LeaderElection (LogUtils.java:infoOrTrace(149)) - 4b287a15-77af-487b-aef7-34d1d0ee189f@group-83C26644CFDA-LeaderElection441 got exception when requesting votes: {}
java.util.concurrent.ExecutionException: org.apache.ratis.thirdparty.io.grpc.StatusRuntimeException: UNAVAILABLE: io exception
	at java.util.concurrent.FutureTask.report(FutureTask.java:122)
	at java.util.concurrent.FutureTask.get(FutureTask.java:192)
	at org.apache.ratis.server.impl.LeaderElection.waitForResults(LeaderElection.java:259)
	at org.apache.ratis.server.impl.LeaderElection.askForVotes(LeaderElection.java:197)
	at org.apache.ratis.server.impl.LeaderElection.run(LeaderElection.java:133)
	at java.lang.Thread.run(Thread.java:748)
Caused by: org.apache.ratis.thirdparty.io.grpc.StatusRuntimeException: UNAVAILABLE: io exception
	at org.apache.ratis.thirdparty.io.grpc.stub.ClientCalls.toStatusRuntimeException(ClientCalls.java:233)
	at org.apache.ratis.thirdparty.io.grpc.stub.ClientCalls.getUnchecked(ClientCalls.java:214)
	at org.apache.ratis.thirdparty.io.grpc.stub.ClientCalls.blockingUnaryCall(ClientCalls.java:139)
	at org.apache.ratis.proto.grpc.RaftServerProtocolServiceGrpc$RaftServerProtocolServiceBlockingStub.requestVote(RaftServerProtocolServiceGrpc.java:265)
	at org.apache.ratis.grpc.server.GrpcServerProtocolClient.requestVote(GrpcServerProtocolClient.java:99)
	at org.apache.ratis.grpc.server.GrpcService.requestVote(GrpcService.java:204)
	at org.apache.ratis.server.impl.LeaderElection.lambda$submitRequests$1(LeaderElection.java:234)
	at java.util.concurrent.FutureTask.run(FutureTask.java:266)
	at java.util.concurrent.Executors$RunnableAdapter.call(Executors.java:511)
	at java.util.concurrent.FutureTask.run(FutureTask.java:266)
	at java.util.concurrent.ThreadPoolExecutor.runWorker(ThreadPoolExecutor.java:1149)
	at java.util.concurrent.ThreadPoolExecutor$Worker.run(ThreadPoolExecutor.java:624)
	... 1 more
Caused by: org.apache.ratis.thirdparty.io.netty.channel.AbstractChannel$AnnotatedConnectException: Connection refused: /192.168.34.38:33209
	at sun.nio.ch.SocketChannelImpl.checkConnect(Native Method)
	at sun.nio.ch.SocketChannelImpl.finishConnect(SocketChannelImpl.java:717)
	at org.apache.ratis.thirdparty.io.netty.channel.socket.nio.NioSocketChannel.doFinishConnect(NioSocketChannel.java:327)
	at org.apache.ratis.thirdparty.io.netty.channel.nio.AbstractNioChannel$AbstractNioUnsafe.finishConnect(AbstractNioChannel.java:340)
	at org.apache.ratis.thirdparty.io.netty.channel.nio.NioEventLoop.processSelectedKey(NioEventLoop.java:632)
	at org.apache.ratis.thirdparty.io.netty.channel.nio.NioEventLoop.processSelectedKeysOptimized(NioEventLoop.java:579)
	at org.apache.ratis.thirdparty.io.netty.channel.nio.NioEventLoop.processSelectedKeys(NioEventLoop.java:496)
	at org.apache.ratis.thirdparty.io.netty.channel.nio.NioEventLoop.run(NioEventLoop.java:458)
	at org.apache.ratis.thirdparty.io.netty.util.concurrent.SingleThreadEventExecutor$5.run(SingleThreadEventExecutor.java:897)
	at org.apache.ratis.thirdparty.io.netty.util.concurrent.FastThreadLocalRunnable.run(FastThreadLocalRunnable.java:30)
	... 1 more
Caused by: java.net.ConnectException: Connection refused
	... 11 more
2019-10-16 21:02:18,967 [4b287a15-77af-487b-aef7-34d1d0ee189f@group-83C26644CFDA-LeaderElection441] INFO  impl.LeaderElection (LogUtils.java:infoOrTrace(149)) - 4b287a15-77af-487b-aef7-34d1d0ee189f@group-83C26644CFDA-LeaderElection441 got exception when requesting votes: {}
java.util.concurrent.ExecutionException: org.apache.ratis.thirdparty.io.grpc.StatusRuntimeException: UNAVAILABLE: io exception
	at java.util.concurrent.FutureTask.report(FutureTask.java:122)
	at java.util.concurrent.FutureTask.get(FutureTask.java:192)
	at org.apache.ratis.server.impl.LeaderElection.waitForResults(LeaderElection.java:259)
	at org.apache.ratis.server.impl.LeaderElection.askForVotes(LeaderElection.java:197)
	at org.apache.ratis.server.impl.LeaderElection.run(LeaderElection.java:133)
	at java.lang.Thread.run(Thread.java:748)
Caused by: org.apache.ratis.thirdparty.io.grpc.StatusRuntimeException: UNAVAILABLE: io exception
	at org.apache.ratis.thirdparty.io.grpc.stub.ClientCalls.toStatusRuntimeException(ClientCalls.java:233)
	at org.apache.ratis.thirdparty.io.grpc.stub.ClientCalls.getUnchecked(ClientCalls.java:214)
	at org.apache.ratis.thirdparty.io.grpc.stub.ClientCalls.blockingUnaryCall(ClientCalls.java:139)
	at org.apache.ratis.proto.grpc.RaftServerProtocolServiceGrpc$RaftServerProtocolServiceBlockingStub.requestVote(RaftServerProtocolServiceGrpc.java:265)
	at org.apache.ratis.grpc.server.GrpcServerProtocolClient.requestVote(GrpcServerProtocolClient.java:99)
	at org.apache.ratis.grpc.server.GrpcService.requestVote(GrpcService.java:204)
	at org.apache.ratis.server.impl.LeaderElection.lambda$submitRequests$1(LeaderElection.java:234)
	at java.util.concurrent.FutureTask.run(FutureTask.java:266)
	at java.util.concurrent.Executors$RunnableAdapter.call(Executors.java:511)
	at java.util.concurrent.FutureTask.run(FutureTask.java:266)
	at java.util.concurrent.ThreadPoolExecutor.runWorker(ThreadPoolExecutor.java:1149)
	at java.util.concurrent.ThreadPoolExecutor$Worker.run(ThreadPoolExecutor.java:624)
	... 1 more
Caused by: org.apache.ratis.thirdparty.io.netty.channel.AbstractChannel$AnnotatedConnectException: Connection refused: /192.168.34.38:45833
	at sun.nio.ch.SocketChannelImpl.checkConnect(Native Method)
	at sun.nio.ch.SocketChannelImpl.finishConnect(SocketChannelImpl.java:717)
	at org.apache.ratis.thirdparty.io.netty.channel.socket.nio.NioSocketChannel.doFinishConnect(NioSocketChannel.java:327)
	at org.apache.ratis.thirdparty.io.netty.channel.nio.AbstractNioChannel$AbstractNioUnsafe.finishConnect(AbstractNioChannel.java:340)
	at org.apache.ratis.thirdparty.io.netty.channel.nio.NioEventLoop.processSelectedKey(NioEventLoop.java:632)
	at org.apache.ratis.thirdparty.io.netty.channel.nio.NioEventLoop.processSelectedKeysOptimized(NioEventLoop.java:579)
	at org.apache.ratis.thirdparty.io.netty.channel.nio.NioEventLoop.processSelectedKeys(NioEventLoop.java:496)
	at org.apache.ratis.thirdparty.io.netty.channel.nio.NioEventLoop.run(NioEventLoop.java:458)
	at org.apache.ratis.thirdparty.io.netty.util.concurrent.SingleThreadEventExecutor$5.run(SingleThreadEventExecutor.java:897)
	at org.apache.ratis.thirdparty.io.netty.util.concurrent.FastThreadLocalRunnable.run(FastThreadLocalRunnable.java:30)
	... 1 more
Caused by: java.net.ConnectException: Connection refused
	... 11 more
2019-10-16 21:02:18,968 [4b287a15-77af-487b-aef7-34d1d0ee189f@group-83C26644CFDA-LeaderElection441] INFO  impl.LeaderElection (LeaderElection.java:logAndReturn(56)) - 4b287a15-77af-487b-aef7-34d1d0ee189f@group-83C26644CFDA-LeaderElection441: Election REJECTED; received 0 response(s) [] and 2 exception(s); 4b287a15-77af-487b-aef7-34d1d0ee189f@group-83C26644CFDA:t468, leader=null, voted=4b287a15-77af-487b-aef7-34d1d0ee189f, raftlog=4b287a15-77af-487b-aef7-34d1d0ee189f@group-83C26644CFDA-SegmentedRaftLog:OPENED:c-1,f-1,i0, conf=-1: [4b287a15-77af-487b-aef7-34d1d0ee189f:192.168.34.38:38597, 0aa3649f-570d-46c6-937f-492d7f3a8364:192.168.34.38:33209, 4a03179f-3169-4ac7-a075-259968512ef0:192.168.34.38:45833], old=null
2019-10-16 21:02:18,968 [4b287a15-77af-487b-aef7-34d1d0ee189f@group-83C26644CFDA-LeaderElection441] INFO  impl.LeaderElection (LogUtils.java:infoOrTrace(149)) -   Exception 0: {}
java.util.concurrent.ExecutionException: org.apache.ratis.thirdparty.io.grpc.StatusRuntimeException: UNAVAILABLE: io exception
	at java.util.concurrent.FutureTask.report(FutureTask.java:122)
	at java.util.concurrent.FutureTask.get(FutureTask.java:192)
	at org.apache.ratis.server.impl.LeaderElection.waitForResults(LeaderElection.java:259)
	at org.apache.ratis.server.impl.LeaderElection.askForVotes(LeaderElection.java:197)
	at org.apache.ratis.server.impl.LeaderElection.run(LeaderElection.java:133)
	at java.lang.Thread.run(Thread.java:748)
Caused by: org.apache.ratis.thirdparty.io.grpc.StatusRuntimeException: UNAVAILABLE: io exception
	at org.apache.ratis.thirdparty.io.grpc.stub.ClientCalls.toStatusRuntimeException(ClientCalls.java:233)
	at org.apache.ratis.thirdparty.io.grpc.stub.ClientCalls.getUnchecked(ClientCalls.java:214)
	at org.apache.ratis.thirdparty.io.grpc.stub.ClientCalls.blockingUnaryCall(ClientCalls.java:139)
	at org.apache.ratis.proto.grpc.RaftServerProtocolServiceGrpc$RaftServerProtocolServiceBlockingStub.requestVote(RaftServerProtocolServiceGrpc.java:265)
	at org.apache.ratis.grpc.server.GrpcServerProtocolClient.requestVote(GrpcServerProtocolClient.java:99)
	at org.apache.ratis.grpc.server.GrpcService.requestVote(GrpcService.java:204)
	at org.apache.ratis.server.impl.LeaderElection.lambda$submitRequests$1(LeaderElection.java:234)
	at java.util.concurrent.FutureTask.run(FutureTask.java:266)
	at java.util.concurrent.Executors$RunnableAdapter.call(Executors.java:511)
	at java.util.concurrent.FutureTask.run(FutureTask.java:266)
	at java.util.concurrent.ThreadPoolExecutor.runWorker(ThreadPoolExecutor.java:1149)
	at java.util.concurrent.ThreadPoolExecutor$Worker.run(ThreadPoolExecutor.java:624)
	... 1 more
Caused by: org.apache.ratis.thirdparty.io.netty.channel.AbstractChannel$AnnotatedConnectException: Connection refused: /192.168.34.38:33209
	at sun.nio.ch.SocketChannelImpl.checkConnect(Native Method)
	at sun.nio.ch.SocketChannelImpl.finishConnect(SocketChannelImpl.java:717)
	at org.apache.ratis.thirdparty.io.netty.channel.socket.nio.NioSocketChannel.doFinishConnect(NioSocketChannel.java:327)
	at org.apache.ratis.thirdparty.io.netty.channel.nio.AbstractNioChannel$AbstractNioUnsafe.finishConnect(AbstractNioChannel.java:340)
	at org.apache.ratis.thirdparty.io.netty.channel.nio.NioEventLoop.processSelectedKey(NioEventLoop.java:632)
	at org.apache.ratis.thirdparty.io.netty.channel.nio.NioEventLoop.processSelectedKeysOptimized(NioEventLoop.java:579)
	at org.apache.ratis.thirdparty.io.netty.channel.nio.NioEventLoop.processSelectedKeys(NioEventLoop.java:496)
	at org.apache.ratis.thirdparty.io.netty.channel.nio.NioEventLoop.run(NioEventLoop.java:458)
	at org.apache.ratis.thirdparty.io.netty.util.concurrent.SingleThreadEventExecutor$5.run(SingleThreadEventExecutor.java:897)
	at org.apache.ratis.thirdparty.io.netty.util.concurrent.FastThreadLocalRunnable.run(FastThreadLocalRunnable.java:30)
	... 1 more
Caused by: java.net.ConnectException: Connection refused
	... 11 more
2019-10-16 21:02:18,968 [4b287a15-77af-487b-aef7-34d1d0ee189f@group-83C26644CFDA-LeaderElection441] INFO  impl.LeaderElection (LogUtils.java:infoOrTrace(149)) -   Exception 1: {}
java.util.concurrent.ExecutionException: org.apache.ratis.thirdparty.io.grpc.StatusRuntimeException: UNAVAILABLE: io exception
	at java.util.concurrent.FutureTask.report(FutureTask.java:122)
	at java.util.concurrent.FutureTask.get(FutureTask.java:192)
	at org.apache.ratis.server.impl.LeaderElection.waitForResults(LeaderElection.java:259)
	at org.apache.ratis.server.impl.LeaderElection.askForVotes(LeaderElection.java:197)
	at org.apache.ratis.server.impl.LeaderElection.run(LeaderElection.java:133)
	at java.lang.Thread.run(Thread.java:748)
Caused by: org.apache.ratis.thirdparty.io.grpc.StatusRuntimeException: UNAVAILABLE: io exception
	at org.apache.ratis.thirdparty.io.grpc.stub.ClientCalls.toStatusRuntimeException(ClientCalls.java:233)
	at org.apache.ratis.thirdparty.io.grpc.stub.ClientCalls.getUnchecked(ClientCalls.java:214)
	at org.apache.ratis.thirdparty.io.grpc.stub.ClientCalls.blockingUnaryCall(ClientCalls.java:139)
	at org.apache.ratis.proto.grpc.RaftServerProtocolServiceGrpc$RaftServerProtocolServiceBlockingStub.requestVote(RaftServerProtocolServiceGrpc.java:265)
	at org.apache.ratis.grpc.server.GrpcServerProtocolClient.requestVote(GrpcServerProtocolClient.java:99)
	at org.apache.ratis.grpc.server.GrpcService.requestVote(GrpcService.java:204)
	at org.apache.ratis.server.impl.LeaderElection.lambda$submitRequests$1(LeaderElection.java:234)
	at java.util.concurrent.FutureTask.run(FutureTask.java:266)
	at java.util.concurrent.Executors$RunnableAdapter.call(Executors.java:511)
	at java.util.concurrent.FutureTask.run(FutureTask.java:266)
	at java.util.concurrent.ThreadPoolExecutor.runWorker(ThreadPoolExecutor.java:1149)
	at java.util.concurrent.ThreadPoolExecutor$Worker.run(ThreadPoolExecutor.java:624)
	... 1 more
Caused by: org.apache.ratis.thirdparty.io.netty.channel.AbstractChannel$AnnotatedConnectException: Connection refused: /192.168.34.38:45833
	at sun.nio.ch.SocketChannelImpl.checkConnect(Native Method)
	at sun.nio.ch.SocketChannelImpl.finishConnect(SocketChannelImpl.java:717)
	at org.apache.ratis.thirdparty.io.netty.channel.socket.nio.NioSocketChannel.doFinishConnect(NioSocketChannel.java:327)
	at org.apache.ratis.thirdparty.io.netty.channel.nio.AbstractNioChannel$AbstractNioUnsafe.finishConnect(AbstractNioChannel.java:340)
	at org.apache.ratis.thirdparty.io.netty.channel.nio.NioEventLoop.processSelectedKey(NioEventLoop.java:632)
	at org.apache.ratis.thirdparty.io.netty.channel.nio.NioEventLoop.processSelectedKeysOptimized(NioEventLoop.java:579)
	at org.apache.ratis.thirdparty.io.netty.channel.nio.NioEventLoop.processSelectedKeys(NioEventLoop.java:496)
	at org.apache.ratis.thirdparty.io.netty.channel.nio.NioEventLoop.run(NioEventLoop.java:458)
	at org.apache.ratis.thirdparty.io.netty.util.concurrent.SingleThreadEventExecutor$5.run(SingleThreadEventExecutor.java:897)
	at org.apache.ratis.thirdparty.io.netty.util.concurrent.FastThreadLocalRunnable.run(FastThreadLocalRunnable.java:30)
	... 1 more
Caused by: java.net.ConnectException: Connection refused
	... 11 more
2019-10-16 21:02:18,968 [4b287a15-77af-487b-aef7-34d1d0ee189f@group-83C26644CFDA-LeaderElection441] INFO  impl.RaftServerImpl (RaftServerImpl.java:setRole(184)) - 4b287a15-77af-487b-aef7-34d1d0ee189f@group-83C26644CFDA: changes role from CANDIDATE to FOLLOWER at term 468 for DISCOVERED_A_NEW_TERM
2019-10-16 21:02:18,969 [4b287a15-77af-487b-aef7-34d1d0ee189f@group-83C26644CFDA-LeaderElection441] INFO  impl.RoleInfo (RoleInfo.java:shutdownLeaderElection(134)) - 4b287a15-77af-487b-aef7-34d1d0ee189f: shutdown LeaderElection
2019-10-16 21:02:18,969 [4b287a15-77af-487b-aef7-34d1d0ee189f@group-83C26644CFDA-LeaderElection441] INFO  impl.RoleInfo (RoleInfo.java:updateAndGet(143)) - 4b287a15-77af-487b-aef7-34d1d0ee189f: start FollowerState
2019-10-16 21:02:19,127 [Thread-3018] INFO  impl.FollowerState (FollowerState.java:run(108)) - 4b287a15-77af-487b-aef7-34d1d0ee189f@group-83C26644CFDA-FollowerState: change to CANDIDATE, lastRpcTime:158ms, electionTimeout:158ms
2019-10-16 21:02:19,127 [Thread-3018] INFO  impl.RoleInfo (RoleInfo.java:shutdownFollowerState(121)) - 4b287a15-77af-487b-aef7-34d1d0ee189f: shutdown FollowerState
2019-10-16 21:02:19,128 [Thread-3018] INFO  impl.RaftServerImpl (RaftServerImpl.java:setRole(184)) - 4b287a15-77af-487b-aef7-34d1d0ee189f@group-83C26644CFDA: changes role from  FOLLOWER to CANDIDATE at term 468 for changeToCandidate
2019-10-16 21:02:19,128 [Thread-3018] INFO  impl.RoleInfo (RoleInfo.java:updateAndGet(143)) - 4b287a15-77af-487b-aef7-34d1d0ee189f: start LeaderElection
2019-10-16 21:02:19,136 [4b287a15-77af-487b-aef7-34d1d0ee189f@group-83C26644CFDA-LeaderElection442] INFO  impl.LeaderElection (LeaderElection.java:askForVotes(178)) - 4b287a15-77af-487b-aef7-34d1d0ee189f@group-83C26644CFDA-LeaderElection442: begin an election at term 469 for -1: [4b287a15-77af-487b-aef7-34d1d0ee189f:192.168.34.38:38597, 0aa3649f-570d-46c6-937f-492d7f3a8364:192.168.34.38:33209, 4a03179f-3169-4ac7-a075-259968512ef0:192.168.34.38:45833], old=null
2019-10-16 21:02:19,137 [4b287a15-77af-487b-aef7-34d1d0ee189f@group-83C26644CFDA-LeaderElection442] INFO  impl.LeaderElection (LogUtils.java:infoOrTrace(149)) - 4b287a15-77af-487b-aef7-34d1d0ee189f@group-83C26644CFDA-LeaderElection442 got exception when requesting votes: {}
java.util.concurrent.ExecutionException: org.apache.ratis.thirdparty.io.grpc.StatusRuntimeException: UNAVAILABLE: io exception
	at java.util.concurrent.FutureTask.report(FutureTask.java:122)
	at java.util.concurrent.FutureTask.get(FutureTask.java:192)
	at org.apache.ratis.server.impl.LeaderElection.waitForResults(LeaderElection.java:259)
	at org.apache.ratis.server.impl.LeaderElection.askForVotes(LeaderElection.java:197)
	at org.apache.ratis.server.impl.LeaderElection.run(LeaderElection.java:133)
	at java.lang.Thread.run(Thread.java:748)
Caused by: org.apache.ratis.thirdparty.io.grpc.StatusRuntimeException: UNAVAILABLE: io exception
	at org.apache.ratis.thirdparty.io.grpc.stub.ClientCalls.toStatusRuntimeException(ClientCalls.java:233)
	at org.apache.ratis.thirdparty.io.grpc.stub.ClientCalls.getUnchecked(ClientCalls.java:214)
	at org.apache.ratis.thirdparty.io.grpc.stub.ClientCalls.blockingUnaryCall(ClientCalls.java:139)
	at org.apache.ratis.proto.grpc.RaftServerProtocolServiceGrpc$RaftServerProtocolServiceBlockingStub.requestVote(RaftServerProtocolServiceGrpc.java:265)
	at org.apache.ratis.grpc.server.GrpcServerProtocolClient.requestVote(GrpcServerProtocolClient.java:99)
	at org.apache.ratis.grpc.server.GrpcService.requestVote(GrpcService.java:204)
	at org.apache.ratis.server.impl.LeaderElection.lambda$submitRequests$1(LeaderElection.java:234)
	at java.util.concurrent.FutureTask.run(FutureTask.java:266)
	at java.util.concurrent.Executors$RunnableAdapter.call(Executors.java:511)
	at java.util.concurrent.FutureTask.run(FutureTask.java:266)
	at java.util.concurrent.ThreadPoolExecutor.runWorker(ThreadPoolExecutor.java:1149)
	at java.util.concurrent.ThreadPoolExecutor$Worker.run(ThreadPoolExecutor.java:624)
	... 1 more
Caused by: org.apache.ratis.thirdparty.io.netty.channel.AbstractChannel$AnnotatedConnectException: Connection refused: /192.168.34.38:33209
	at sun.nio.ch.SocketChannelImpl.checkConnect(Native Method)
	at sun.nio.ch.SocketChannelImpl.finishConnect(SocketChannelImpl.java:717)
	at org.apache.ratis.thirdparty.io.netty.channel.socket.nio.NioSocketChannel.doFinishConnect(NioSocketChannel.java:327)
	at org.apache.ratis.thirdparty.io.netty.channel.nio.AbstractNioChannel$AbstractNioUnsafe.finishConnect(AbstractNioChannel.java:340)
	at org.apache.ratis.thirdparty.io.netty.channel.nio.NioEventLoop.processSelectedKey(NioEventLoop.java:632)
	at org.apache.ratis.thirdparty.io.netty.channel.nio.NioEventLoop.processSelectedKeysOptimized(NioEventLoop.java:579)
	at org.apache.ratis.thirdparty.io.netty.channel.nio.NioEventLoop.processSelectedKeys(NioEventLoop.java:496)
	at org.apache.ratis.thirdparty.io.netty.channel.nio.NioEventLoop.run(NioEventLoop.java:458)
	at org.apache.ratis.thirdparty.io.netty.util.concurrent.SingleThreadEventExecutor$5.run(SingleThreadEventExecutor.java:897)
	at org.apache.ratis.thirdparty.io.netty.util.concurrent.FastThreadLocalRunnable.run(FastThreadLocalRunnable.java:30)
	... 1 more
Caused by: java.net.ConnectException: Connection refused
	... 11 more
2019-10-16 21:02:19,138 [4b287a15-77af-487b-aef7-34d1d0ee189f@group-83C26644CFDA-LeaderElection442] INFO  impl.LeaderElection (LogUtils.java:infoOrTrace(149)) - 4b287a15-77af-487b-aef7-34d1d0ee189f@group-83C26644CFDA-LeaderElection442 got exception when requesting votes: {}
java.util.concurrent.ExecutionException: org.apache.ratis.thirdparty.io.grpc.StatusRuntimeException: UNAVAILABLE: io exception
	at java.util.concurrent.FutureTask.report(FutureTask.java:122)
	at java.util.concurrent.FutureTask.get(FutureTask.java:192)
	at org.apache.ratis.server.impl.LeaderElection.waitForResults(LeaderElection.java:259)
	at org.apache.ratis.server.impl.LeaderElection.askForVotes(LeaderElection.java:197)
	at org.apache.ratis.server.impl.LeaderElection.run(LeaderElection.java:133)
	at java.lang.Thread.run(Thread.java:748)
Caused by: org.apache.ratis.thirdparty.io.grpc.StatusRuntimeException: UNAVAILABLE: io exception
	at org.apache.ratis.thirdparty.io.grpc.stub.ClientCalls.toStatusRuntimeException(ClientCalls.java:233)
	at org.apache.ratis.thirdparty.io.grpc.stub.ClientCalls.getUnchecked(ClientCalls.java:214)
	at org.apache.ratis.thirdparty.io.grpc.stub.ClientCalls.blockingUnaryCall(ClientCalls.java:139)
	at org.apache.ratis.proto.grpc.RaftServerProtocolServiceGrpc$RaftServerProtocolServiceBlockingStub.requestVote(RaftServerProtocolServiceGrpc.java:265)
	at org.apache.ratis.grpc.server.GrpcServerProtocolClient.requestVote(GrpcServerProtocolClient.java:99)
	at org.apache.ratis.grpc.server.GrpcService.requestVote(GrpcService.java:204)
	at org.apache.ratis.server.impl.LeaderElection.lambda$submitRequests$1(LeaderElection.java:234)
	at java.util.concurrent.FutureTask.run(FutureTask.java:266)
	at java.util.concurrent.Executors$RunnableAdapter.call(Executors.java:511)
	at java.util.concurrent.FutureTask.run(FutureTask.java:266)
	at java.util.concurrent.ThreadPoolExecutor.runWorker(ThreadPoolExecutor.java:1149)
	at java.util.concurrent.ThreadPoolExecutor$Worker.run(ThreadPoolExecutor.java:624)
	... 1 more
Caused by: org.apache.ratis.thirdparty.io.netty.channel.AbstractChannel$AnnotatedConnectException: Connection refused: /192.168.34.38:45833
	at sun.nio.ch.SocketChannelImpl.checkConnect(Native Method)
	at sun.nio.ch.SocketChannelImpl.finishConnect(SocketChannelImpl.java:717)
	at org.apache.ratis.thirdparty.io.netty.channel.socket.nio.NioSocketChannel.doFinishConnect(NioSocketChannel.java:327)
	at org.apache.ratis.thirdparty.io.netty.channel.nio.AbstractNioChannel$AbstractNioUnsafe.finishConnect(AbstractNioChannel.java:340)
	at org.apache.ratis.thirdparty.io.netty.channel.nio.NioEventLoop.processSelectedKey(NioEventLoop.java:632)
	at org.apache.ratis.thirdparty.io.netty.channel.nio.NioEventLoop.processSelectedKeysOptimized(NioEventLoop.java:579)
	at org.apache.ratis.thirdparty.io.netty.channel.nio.NioEventLoop.processSelectedKeys(NioEventLoop.java:496)
	at org.apache.ratis.thirdparty.io.netty.channel.nio.NioEventLoop.run(NioEventLoop.java:458)
	at org.apache.ratis.thirdparty.io.netty.util.concurrent.SingleThreadEventExecutor$5.run(SingleThreadEventExecutor.java:897)
	at org.apache.ratis.thirdparty.io.netty.util.concurrent.FastThreadLocalRunnable.run(FastThreadLocalRunnable.java:30)
	... 1 more
Caused by: java.net.ConnectException: Connection refused
	... 11 more
2019-10-16 21:02:19,138 [4b287a15-77af-487b-aef7-34d1d0ee189f@group-83C26644CFDA-LeaderElection442] INFO  impl.LeaderElection (LeaderElection.java:logAndReturn(56)) - 4b287a15-77af-487b-aef7-34d1d0ee189f@group-83C26644CFDA-LeaderElection442: Election REJECTED; received 0 response(s) [] and 2 exception(s); 4b287a15-77af-487b-aef7-34d1d0ee189f@group-83C26644CFDA:t469, leader=null, voted=4b287a15-77af-487b-aef7-34d1d0ee189f, raftlog=4b287a15-77af-487b-aef7-34d1d0ee189f@group-83C26644CFDA-SegmentedRaftLog:OPENED:c-1,f-1,i0, conf=-1: [4b287a15-77af-487b-aef7-34d1d0ee189f:192.168.34.38:38597, 0aa3649f-570d-46c6-937f-492d7f3a8364:192.168.34.38:33209, 4a03179f-3169-4ac7-a075-259968512ef0:192.168.34.38:45833], old=null
2019-10-16 21:02:19,138 [4b287a15-77af-487b-aef7-34d1d0ee189f@group-83C26644CFDA-LeaderElection442] INFO  impl.LeaderElection (LogUtils.java:infoOrTrace(149)) -   Exception 0: {}
java.util.concurrent.ExecutionException: org.apache.ratis.thirdparty.io.grpc.StatusRuntimeException: UNAVAILABLE: io exception
	at java.util.concurrent.FutureTask.report(FutureTask.java:122)
	at java.util.concurrent.FutureTask.get(FutureTask.java:192)
	at org.apache.ratis.server.impl.LeaderElection.waitForResults(LeaderElection.java:259)
	at org.apache.ratis.server.impl.LeaderElection.askForVotes(LeaderElection.java:197)
	at org.apache.ratis.server.impl.LeaderElection.run(LeaderElection.java:133)
	at java.lang.Thread.run(Thread.java:748)
Caused by: org.apache.ratis.thirdparty.io.grpc.StatusRuntimeException: UNAVAILABLE: io exception
	at org.apache.ratis.thirdparty.io.grpc.stub.ClientCalls.toStatusRuntimeException(ClientCalls.java:233)
	at org.apache.ratis.thirdparty.io.grpc.stub.ClientCalls.getUnchecked(ClientCalls.java:214)
	at org.apache.ratis.thirdparty.io.grpc.stub.ClientCalls.blockingUnaryCall(ClientCalls.java:139)
	at org.apache.ratis.proto.grpc.RaftServerProtocolServiceGrpc$RaftServerProtocolServiceBlockingStub.requestVote(RaftServerProtocolServiceGrpc.java:265)
	at org.apache.ratis.grpc.server.GrpcServerProtocolClient.requestVote(GrpcServerProtocolClient.java:99)
	at org.apache.ratis.grpc.server.GrpcService.requestVote(GrpcService.java:204)
	at org.apache.ratis.server.impl.LeaderElection.lambda$submitRequests$1(LeaderElection.java:234)
	at java.util.concurrent.FutureTask.run(FutureTask.java:266)
	at java.util.concurrent.Executors$RunnableAdapter.call(Executors.java:511)
	at java.util.concurrent.FutureTask.run(FutureTask.java:266)
	at java.util.concurrent.ThreadPoolExecutor.runWorker(ThreadPoolExecutor.java:1149)
	at java.util.concurrent.ThreadPoolExecutor$Worker.run(ThreadPoolExecutor.java:624)
	... 1 more
Caused by: org.apache.ratis.thirdparty.io.netty.channel.AbstractChannel$AnnotatedConnectException: Connection refused: /192.168.34.38:33209
	at sun.nio.ch.SocketChannelImpl.checkConnect(Native Method)
	at sun.nio.ch.SocketChannelImpl.finishConnect(SocketChannelImpl.java:717)
	at org.apache.ratis.thirdparty.io.netty.channel.socket.nio.NioSocketChannel.doFinishConnect(NioSocketChannel.java:327)
	at org.apache.ratis.thirdparty.io.netty.channel.nio.AbstractNioChannel$AbstractNioUnsafe.finishConnect(AbstractNioChannel.java:340)
	at org.apache.ratis.thirdparty.io.netty.channel.nio.NioEventLoop.processSelectedKey(NioEventLoop.java:632)
	at org.apache.ratis.thirdparty.io.netty.channel.nio.NioEventLoop.processSelectedKeysOptimized(NioEventLoop.java:579)
	at org.apache.ratis.thirdparty.io.netty.channel.nio.NioEventLoop.processSelectedKeys(NioEventLoop.java:496)
	at org.apache.ratis.thirdparty.io.netty.channel.nio.NioEventLoop.run(NioEventLoop.java:458)
	at org.apache.ratis.thirdparty.io.netty.util.concurrent.SingleThreadEventExecutor$5.run(SingleThreadEventExecutor.java:897)
	at org.apache.ratis.thirdparty.io.netty.util.concurrent.FastThreadLocalRunnable.run(FastThreadLocalRunnable.java:30)
	... 1 more
Caused by: java.net.ConnectException: Connection refused
	... 11 more
2019-10-16 21:02:19,139 [4b287a15-77af-487b-aef7-34d1d0ee189f@group-83C26644CFDA-LeaderElection442] INFO  impl.LeaderElection (LogUtils.java:infoOrTrace(149)) -   Exception 1: {}
java.util.concurrent.ExecutionException: org.apache.ratis.thirdparty.io.grpc.StatusRuntimeException: UNAVAILABLE: io exception
	at java.util.concurrent.FutureTask.report(FutureTask.java:122)
	at java.util.concurrent.FutureTask.get(FutureTask.java:192)
	at org.apache.ratis.server.impl.LeaderElection.waitForResults(LeaderElection.java:259)
	at org.apache.ratis.server.impl.LeaderElection.askForVotes(LeaderElection.java:197)
	at org.apache.ratis.server.impl.LeaderElection.run(LeaderElection.java:133)
	at java.lang.Thread.run(Thread.java:748)
Caused by: org.apache.ratis.thirdparty.io.grpc.StatusRuntimeException: UNAVAILABLE: io exception
	at org.apache.ratis.thirdparty.io.grpc.stub.ClientCalls.toStatusRuntimeException(ClientCalls.java:233)
	at org.apache.ratis.thirdparty.io.grpc.stub.ClientCalls.getUnchecked(ClientCalls.java:214)
	at org.apache.ratis.thirdparty.io.grpc.stub.ClientCalls.blockingUnaryCall(ClientCalls.java:139)
	at org.apache.ratis.proto.grpc.RaftServerProtocolServiceGrpc$RaftServerProtocolServiceBlockingStub.requestVote(RaftServerProtocolServiceGrpc.java:265)
	at org.apache.ratis.grpc.server.GrpcServerProtocolClient.requestVote(GrpcServerProtocolClient.java:99)
	at org.apache.ratis.grpc.server.GrpcService.requestVote(GrpcService.java:204)
	at org.apache.ratis.server.impl.LeaderElection.lambda$submitRequests$1(LeaderElection.java:234)
	at java.util.concurrent.FutureTask.run(FutureTask.java:266)
	at java.util.concurrent.Executors$RunnableAdapter.call(Executors.java:511)
	at java.util.concurrent.FutureTask.run(FutureTask.java:266)
	at java.util.concurrent.ThreadPoolExecutor.runWorker(ThreadPoolExecutor.java:1149)
	at java.util.concurrent.ThreadPoolExecutor$Worker.run(ThreadPoolExecutor.java:624)
	... 1 more
Caused by: org.apache.ratis.thirdparty.io.netty.channel.AbstractChannel$AnnotatedConnectException: Connection refused: /192.168.34.38:45833
	at sun.nio.ch.SocketChannelImpl.checkConnect(Native Method)
	at sun.nio.ch.SocketChannelImpl.finishConnect(SocketChannelImpl.java:717)
	at org.apache.ratis.thirdparty.io.netty.channel.socket.nio.NioSocketChannel.doFinishConnect(NioSocketChannel.java:327)
	at org.apache.ratis.thirdparty.io.netty.channel.nio.AbstractNioChannel$AbstractNioUnsafe.finishConnect(AbstractNioChannel.java:340)
	at org.apache.ratis.thirdparty.io.netty.channel.nio.NioEventLoop.processSelectedKey(NioEventLoop.java:632)
	at org.apache.ratis.thirdparty.io.netty.channel.nio.NioEventLoop.processSelectedKeysOptimized(NioEventLoop.java:579)
	at org.apache.ratis.thirdparty.io.netty.channel.nio.NioEventLoop.processSelectedKeys(NioEventLoop.java:496)
	at org.apache.ratis.thirdparty.io.netty.channel.nio.NioEventLoop.run(NioEventLoop.java:458)
	at org.apache.ratis.thirdparty.io.netty.util.concurrent.SingleThreadEventExecutor$5.run(SingleThreadEventExecutor.java:897)
	at org.apache.ratis.thirdparty.io.netty.util.concurrent.FastThreadLocalRunnable.run(FastThreadLocalRunnable.java:30)
	... 1 more
Caused by: java.net.ConnectException: Connection refused
	... 11 more
2019-10-16 21:02:19,139 [4b287a15-77af-487b-aef7-34d1d0ee189f@group-83C26644CFDA-LeaderElection442] INFO  impl.RaftServerImpl (RaftServerImpl.java:setRole(184)) - 4b287a15-77af-487b-aef7-34d1d0ee189f@group-83C26644CFDA: changes role from CANDIDATE to FOLLOWER at term 469 for DISCOVERED_A_NEW_TERM
2019-10-16 21:02:19,139 [4b287a15-77af-487b-aef7-34d1d0ee189f@group-83C26644CFDA-LeaderElection442] INFO  impl.RoleInfo (RoleInfo.java:shutdownLeaderElection(134)) - 4b287a15-77af-487b-aef7-34d1d0ee189f: shutdown LeaderElection
2019-10-16 21:02:19,139 [4b287a15-77af-487b-aef7-34d1d0ee189f@group-83C26644CFDA-LeaderElection442] INFO  impl.RoleInfo (RoleInfo.java:updateAndGet(143)) - 4b287a15-77af-487b-aef7-34d1d0ee189f: start FollowerState
2019-10-16 21:02:19,246 [Thread-3022] INFO  impl.FollowerState (FollowerState.java:run(108)) - 4b287a15-77af-487b-aef7-34d1d0ee189f@group-83C26644CFDA-FollowerState: change to CANDIDATE, lastRpcTime:106ms, electionTimeout:106ms
2019-10-16 21:02:19,246 [Thread-3022] INFO  impl.RoleInfo (RoleInfo.java:shutdownFollowerState(121)) - 4b287a15-77af-487b-aef7-34d1d0ee189f: shutdown FollowerState
2019-10-16 21:02:19,246 [Thread-3022] INFO  impl.RaftServerImpl (RaftServerImpl.java:setRole(184)) - 4b287a15-77af-487b-aef7-34d1d0ee189f@group-83C26644CFDA: changes role from  FOLLOWER to CANDIDATE at term 469 for changeToCandidate
2019-10-16 21:02:19,246 [Thread-3022] INFO  impl.RoleInfo (RoleInfo.java:updateAndGet(143)) - 4b287a15-77af-487b-aef7-34d1d0ee189f: start LeaderElection
2019-10-16 21:02:19,260 [4b287a15-77af-487b-aef7-34d1d0ee189f@group-83C26644CFDA-LeaderElection443] INFO  impl.LeaderElection (LeaderElection.java:askForVotes(178)) - 4b287a15-77af-487b-aef7-34d1d0ee189f@group-83C26644CFDA-LeaderElection443: begin an election at term 470 for -1: [4b287a15-77af-487b-aef7-34d1d0ee189f:192.168.34.38:38597, 0aa3649f-570d-46c6-937f-492d7f3a8364:192.168.34.38:33209, 4a03179f-3169-4ac7-a075-259968512ef0:192.168.34.38:45833], old=null
2019-10-16 21:02:19,261 [4b287a15-77af-487b-aef7-34d1d0ee189f@group-83C26644CFDA-LeaderElection443] INFO  impl.LeaderElection (LogUtils.java:infoOrTrace(149)) - 4b287a15-77af-487b-aef7-34d1d0ee189f@group-83C26644CFDA-LeaderElection443 got exception when requesting votes: {}
java.util.concurrent.ExecutionException: org.apache.ratis.thirdparty.io.grpc.StatusRuntimeException: UNAVAILABLE: io exception
	at java.util.concurrent.FutureTask.report(FutureTask.java:122)
	at java.util.concurrent.FutureTask.get(FutureTask.java:192)
	at org.apache.ratis.server.impl.LeaderElection.waitForResults(LeaderElection.java:259)
	at org.apache.ratis.server.impl.LeaderElection.askForVotes(LeaderElection.java:197)
	at org.apache.ratis.server.impl.LeaderElection.run(LeaderElection.java:133)
	at java.lang.Thread.run(Thread.java:748)
Caused by: org.apache.ratis.thirdparty.io.grpc.StatusRuntimeException: UNAVAILABLE: io exception
	at org.apache.ratis.thirdparty.io.grpc.stub.ClientCalls.toStatusRuntimeException(ClientCalls.java:233)
	at org.apache.ratis.thirdparty.io.grpc.stub.ClientCalls.getUnchecked(ClientCalls.java:214)
	at org.apache.ratis.thirdparty.io.grpc.stub.ClientCalls.blockingUnaryCall(ClientCalls.java:139)
	at org.apache.ratis.proto.grpc.RaftServerProtocolServiceGrpc$RaftServerProtocolServiceBlockingStub.requestVote(RaftServerProtocolServiceGrpc.java:265)
	at org.apache.ratis.grpc.server.GrpcServerProtocolClient.requestVote(GrpcServerProtocolClient.java:99)
	at org.apache.ratis.grpc.server.GrpcService.requestVote(GrpcService.java:204)
	at org.apache.ratis.server.impl.LeaderElection.lambda$submitRequests$1(LeaderElection.java:234)
	at java.util.concurrent.FutureTask.run(FutureTask.java:266)
	at java.util.concurrent.Executors$RunnableAdapter.call(Executors.java:511)
	at java.util.concurrent.FutureTask.run(FutureTask.java:266)
	at java.util.concurrent.ThreadPoolExecutor.runWorker(ThreadPoolExecutor.java:1149)
	at java.util.concurrent.ThreadPoolExecutor$Worker.run(ThreadPoolExecutor.java:624)
	... 1 more
Caused by: org.apache.ratis.thirdparty.io.netty.channel.AbstractChannel$AnnotatedConnectException: Connection refused: /192.168.34.38:33209
	at sun.nio.ch.SocketChannelImpl.checkConnect(Native Method)
	at sun.nio.ch.SocketChannelImpl.finishConnect(SocketChannelImpl.java:717)
	at org.apache.ratis.thirdparty.io.netty.channel.socket.nio.NioSocketChannel.doFinishConnect(NioSocketChannel.java:327)
	at org.apache.ratis.thirdparty.io.netty.channel.nio.AbstractNioChannel$AbstractNioUnsafe.finishConnect(AbstractNioChannel.java:340)
	at org.apache.ratis.thirdparty.io.netty.channel.nio.NioEventLoop.processSelectedKey(NioEventLoop.java:632)
	at org.apache.ratis.thirdparty.io.netty.channel.nio.NioEventLoop.processSelectedKeysOptimized(NioEventLoop.java:579)
	at org.apache.ratis.thirdparty.io.netty.channel.nio.NioEventLoop.processSelectedKeys(NioEventLoop.java:496)
	at org.apache.ratis.thirdparty.io.netty.channel.nio.NioEventLoop.run(NioEventLoop.java:458)
	at org.apache.ratis.thirdparty.io.netty.util.concurrent.SingleThreadEventExecutor$5.run(SingleThreadEventExecutor.java:897)
	at org.apache.ratis.thirdparty.io.netty.util.concurrent.FastThreadLocalRunnable.run(FastThreadLocalRunnable.java:30)
	... 1 more
Caused by: java.net.ConnectException: Connection refused
	... 11 more
2019-10-16 21:02:19,262 [4b287a15-77af-487b-aef7-34d1d0ee189f@group-83C26644CFDA-LeaderElection443] INFO  impl.LeaderElection (LogUtils.java:infoOrTrace(149)) - 4b287a15-77af-487b-aef7-34d1d0ee189f@group-83C26644CFDA-LeaderElection443 got exception when requesting votes: {}
java.util.concurrent.ExecutionException: org.apache.ratis.thirdparty.io.grpc.StatusRuntimeException: UNAVAILABLE: io exception
	at java.util.concurrent.FutureTask.report(FutureTask.java:122)
	at java.util.concurrent.FutureTask.get(FutureTask.java:192)
	at org.apache.ratis.server.impl.LeaderElection.waitForResults(LeaderElection.java:259)
	at org.apache.ratis.server.impl.LeaderElection.askForVotes(LeaderElection.java:197)
	at org.apache.ratis.server.impl.LeaderElection.run(LeaderElection.java:133)
	at java.lang.Thread.run(Thread.java:748)
Caused by: org.apache.ratis.thirdparty.io.grpc.StatusRuntimeException: UNAVAILABLE: io exception
	at org.apache.ratis.thirdparty.io.grpc.stub.ClientCalls.toStatusRuntimeException(ClientCalls.java:233)
	at org.apache.ratis.thirdparty.io.grpc.stub.ClientCalls.getUnchecked(ClientCalls.java:214)
	at org.apache.ratis.thirdparty.io.grpc.stub.ClientCalls.blockingUnaryCall(ClientCalls.java:139)
	at org.apache.ratis.proto.grpc.RaftServerProtocolServiceGrpc$RaftServerProtocolServiceBlockingStub.requestVote(RaftServerProtocolServiceGrpc.java:265)
	at org.apache.ratis.grpc.server.GrpcServerProtocolClient.requestVote(GrpcServerProtocolClient.java:99)
	at org.apache.ratis.grpc.server.GrpcService.requestVote(GrpcService.java:204)
	at org.apache.ratis.server.impl.LeaderElection.lambda$submitRequests$1(LeaderElection.java:234)
	at java.util.concurrent.FutureTask.run(FutureTask.java:266)
	at java.util.concurrent.Executors$RunnableAdapter.call(Executors.java:511)
	at java.util.concurrent.FutureTask.run(FutureTask.java:266)
	at java.util.concurrent.ThreadPoolExecutor.runWorker(ThreadPoolExecutor.java:1149)
	at java.util.concurrent.ThreadPoolExecutor$Worker.run(ThreadPoolExecutor.java:624)
	... 1 more
Caused by: org.apache.ratis.thirdparty.io.netty.channel.AbstractChannel$AnnotatedConnectException: Connection refused: /192.168.34.38:45833
	at sun.nio.ch.SocketChannelImpl.checkConnect(Native Method)
	at sun.nio.ch.SocketChannelImpl.finishConnect(SocketChannelImpl.java:717)
	at org.apache.ratis.thirdparty.io.netty.channel.socket.nio.NioSocketChannel.doFinishConnect(NioSocketChannel.java:327)
	at org.apache.ratis.thirdparty.io.netty.channel.nio.AbstractNioChannel$AbstractNioUnsafe.finishConnect(AbstractNioChannel.java:340)
	at org.apache.ratis.thirdparty.io.netty.channel.nio.NioEventLoop.processSelectedKey(NioEventLoop.java:632)
	at org.apache.ratis.thirdparty.io.netty.channel.nio.NioEventLoop.processSelectedKeysOptimized(NioEventLoop.java:579)
	at org.apache.ratis.thirdparty.io.netty.channel.nio.NioEventLoop.processSelectedKeys(NioEventLoop.java:496)
	at org.apache.ratis.thirdparty.io.netty.channel.nio.NioEventLoop.run(NioEventLoop.java:458)
	at org.apache.ratis.thirdparty.io.netty.util.concurrent.SingleThreadEventExecutor$5.run(SingleThreadEventExecutor.java:897)
	at org.apache.ratis.thirdparty.io.netty.util.concurrent.FastThreadLocalRunnable.run(FastThreadLocalRunnable.java:30)
	... 1 more
Caused by: java.net.ConnectException: Connection refused
	... 11 more
2019-10-16 21:02:19,262 [4b287a15-77af-487b-aef7-34d1d0ee189f@group-83C26644CFDA-LeaderElection443] INFO  impl.LeaderElection (LeaderElection.java:logAndReturn(56)) - 4b287a15-77af-487b-aef7-34d1d0ee189f@group-83C26644CFDA-LeaderElection443: Election REJECTED; received 0 response(s) [] and 2 exception(s); 4b287a15-77af-487b-aef7-34d1d0ee189f@group-83C26644CFDA:t470, leader=null, voted=4b287a15-77af-487b-aef7-34d1d0ee189f, raftlog=4b287a15-77af-487b-aef7-34d1d0ee189f@group-83C26644CFDA-SegmentedRaftLog:OPENED:c-1,f-1,i0, conf=-1: [4b287a15-77af-487b-aef7-34d1d0ee189f:192.168.34.38:38597, 0aa3649f-570d-46c6-937f-492d7f3a8364:192.168.34.38:33209, 4a03179f-3169-4ac7-a075-259968512ef0:192.168.34.38:45833], old=null
2019-10-16 21:02:19,262 [4b287a15-77af-487b-aef7-34d1d0ee189f@group-83C26644CFDA-LeaderElection443] INFO  impl.LeaderElection (LogUtils.java:infoOrTrace(149)) -   Exception 0: {}
java.util.concurrent.ExecutionException: org.apache.ratis.thirdparty.io.grpc.StatusRuntimeException: UNAVAILABLE: io exception
	at java.util.concurrent.FutureTask.report(FutureTask.java:122)
	at java.util.concurrent.FutureTask.get(FutureTask.java:192)
	at org.apache.ratis.server.impl.LeaderElection.waitForResults(LeaderElection.java:259)
	at org.apache.ratis.server.impl.LeaderElection.askForVotes(LeaderElection.java:197)
	at org.apache.ratis.server.impl.LeaderElection.run(LeaderElection.java:133)
	at java.lang.Thread.run(Thread.java:748)
Caused by: org.apache.ratis.thirdparty.io.grpc.StatusRuntimeException: UNAVAILABLE: io exception
	at org.apache.ratis.thirdparty.io.grpc.stub.ClientCalls.toStatusRuntimeException(ClientCalls.java:233)
	at org.apache.ratis.thirdparty.io.grpc.stub.ClientCalls.getUnchecked(ClientCalls.java:214)
	at org.apache.ratis.thirdparty.io.grpc.stub.ClientCalls.blockingUnaryCall(ClientCalls.java:139)
	at org.apache.ratis.proto.grpc.RaftServerProtocolServiceGrpc$RaftServerProtocolServiceBlockingStub.requestVote(RaftServerProtocolServiceGrpc.java:265)
	at org.apache.ratis.grpc.server.GrpcServerProtocolClient.requestVote(GrpcServerProtocolClient.java:99)
	at org.apache.ratis.grpc.server.GrpcService.requestVote(GrpcService.java:204)
	at org.apache.ratis.server.impl.LeaderElection.lambda$submitRequests$1(LeaderElection.java:234)
	at java.util.concurrent.FutureTask.run(FutureTask.java:266)
	at java.util.concurrent.Executors$RunnableAdapter.call(Executors.java:511)
	at java.util.concurrent.FutureTask.run(FutureTask.java:266)
	at java.util.concurrent.ThreadPoolExecutor.runWorker(ThreadPoolExecutor.java:1149)
	at java.util.concurrent.ThreadPoolExecutor$Worker.run(ThreadPoolExecutor.java:624)
	... 1 more
Caused by: org.apache.ratis.thirdparty.io.netty.channel.AbstractChannel$AnnotatedConnectException: Connection refused: /192.168.34.38:33209
	at sun.nio.ch.SocketChannelImpl.checkConnect(Native Method)
	at sun.nio.ch.SocketChannelImpl.finishConnect(SocketChannelImpl.java:717)
	at org.apache.ratis.thirdparty.io.netty.channel.socket.nio.NioSocketChannel.doFinishConnect(NioSocketChannel.java:327)
	at org.apache.ratis.thirdparty.io.netty.channel.nio.AbstractNioChannel$AbstractNioUnsafe.finishConnect(AbstractNioChannel.java:340)
	at org.apache.ratis.thirdparty.io.netty.channel.nio.NioEventLoop.processSelectedKey(NioEventLoop.java:632)
	at org.apache.ratis.thirdparty.io.netty.channel.nio.NioEventLoop.processSelectedKeysOptimized(NioEventLoop.java:579)
	at org.apache.ratis.thirdparty.io.netty.channel.nio.NioEventLoop.processSelectedKeys(NioEventLoop.java:496)
	at org.apache.ratis.thirdparty.io.netty.channel.nio.NioEventLoop.run(NioEventLoop.java:458)
	at org.apache.ratis.thirdparty.io.netty.util.concurrent.SingleThreadEventExecutor$5.run(SingleThreadEventExecutor.java:897)
	at org.apache.ratis.thirdparty.io.netty.util.concurrent.FastThreadLocalRunnable.run(FastThreadLocalRunnable.java:30)
	... 1 more
Caused by: java.net.ConnectException: Connection refused
	... 11 more
2019-10-16 21:02:19,263 [4b287a15-77af-487b-aef7-34d1d0ee189f@group-83C26644CFDA-LeaderElection443] INFO  impl.LeaderElection (LogUtils.java:infoOrTrace(149)) -   Exception 1: {}
java.util.concurrent.ExecutionException: org.apache.ratis.thirdparty.io.grpc.StatusRuntimeException: UNAVAILABLE: io exception
	at java.util.concurrent.FutureTask.report(FutureTask.java:122)
	at java.util.concurrent.FutureTask.get(FutureTask.java:192)
	at org.apache.ratis.server.impl.LeaderElection.waitForResults(LeaderElection.java:259)
	at org.apache.ratis.server.impl.LeaderElection.askForVotes(LeaderElection.java:197)
	at org.apache.ratis.server.impl.LeaderElection.run(LeaderElection.java:133)
	at java.lang.Thread.run(Thread.java:748)
Caused by: org.apache.ratis.thirdparty.io.grpc.StatusRuntimeException: UNAVAILABLE: io exception
	at org.apache.ratis.thirdparty.io.grpc.stub.ClientCalls.toStatusRuntimeException(ClientCalls.java:233)
	at org.apache.ratis.thirdparty.io.grpc.stub.ClientCalls.getUnchecked(ClientCalls.java:214)
	at org.apache.ratis.thirdparty.io.grpc.stub.ClientCalls.blockingUnaryCall(ClientCalls.java:139)
	at org.apache.ratis.proto.grpc.RaftServerProtocolServiceGrpc$RaftServerProtocolServiceBlockingStub.requestVote(RaftServerProtocolServiceGrpc.java:265)
	at org.apache.ratis.grpc.server.GrpcServerProtocolClient.requestVote(GrpcServerProtocolClient.java:99)
	at org.apache.ratis.grpc.server.GrpcService.requestVote(GrpcService.java:204)
	at org.apache.ratis.server.impl.LeaderElection.lambda$submitRequests$1(LeaderElection.java:234)
	at java.util.concurrent.FutureTask.run(FutureTask.java:266)
	at java.util.concurrent.Executors$RunnableAdapter.call(Executors.java:511)
	at java.util.concurrent.FutureTask.run(FutureTask.java:266)
	at java.util.concurrent.ThreadPoolExecutor.runWorker(ThreadPoolExecutor.java:1149)
	at java.util.concurrent.ThreadPoolExecutor$Worker.run(ThreadPoolExecutor.java:624)
	... 1 more
Caused by: org.apache.ratis.thirdparty.io.netty.channel.AbstractChannel$AnnotatedConnectException: Connection refused: /192.168.34.38:45833
	at sun.nio.ch.SocketChannelImpl.checkConnect(Native Method)
	at sun.nio.ch.SocketChannelImpl.finishConnect(SocketChannelImpl.java:717)
	at org.apache.ratis.thirdparty.io.netty.channel.socket.nio.NioSocketChannel.doFinishConnect(NioSocketChannel.java:327)
	at org.apache.ratis.thirdparty.io.netty.channel.nio.AbstractNioChannel$AbstractNioUnsafe.finishConnect(AbstractNioChannel.java:340)
	at org.apache.ratis.thirdparty.io.netty.channel.nio.NioEventLoop.processSelectedKey(NioEventLoop.java:632)
	at org.apache.ratis.thirdparty.io.netty.channel.nio.NioEventLoop.processSelectedKeysOptimized(NioEventLoop.java:579)
	at org.apache.ratis.thirdparty.io.netty.channel.nio.NioEventLoop.processSelectedKeys(NioEventLoop.java:496)
	at org.apache.ratis.thirdparty.io.netty.channel.nio.NioEventLoop.run(NioEventLoop.java:458)
	at org.apache.ratis.thirdparty.io.netty.util.concurrent.SingleThreadEventExecutor$5.run(SingleThreadEventExecutor.java:897)
	at org.apache.ratis.thirdparty.io.netty.util.concurrent.FastThreadLocalRunnable.run(FastThreadLocalRunnable.java:30)
	... 1 more
Caused by: java.net.ConnectException: Connection refused
	... 11 more
2019-10-16 21:02:19,263 [4b287a15-77af-487b-aef7-34d1d0ee189f@group-83C26644CFDA-LeaderElection443] INFO  impl.RaftServerImpl (RaftServerImpl.java:setRole(184)) - 4b287a15-77af-487b-aef7-34d1d0ee189f@group-83C26644CFDA: changes role from CANDIDATE to FOLLOWER at term 470 for DISCOVERED_A_NEW_TERM
2019-10-16 21:02:19,263 [4b287a15-77af-487b-aef7-34d1d0ee189f@group-83C26644CFDA-LeaderElection443] INFO  impl.RoleInfo (RoleInfo.java:shutdownLeaderElection(134)) - 4b287a15-77af-487b-aef7-34d1d0ee189f: shutdown LeaderElection
2019-10-16 21:02:19,264 [4b287a15-77af-487b-aef7-34d1d0ee189f@group-83C26644CFDA-LeaderElection443] INFO  impl.RoleInfo (RoleInfo.java:updateAndGet(143)) - 4b287a15-77af-487b-aef7-34d1d0ee189f: start FollowerState
2019-10-16 21:02:19,384 [Thread-3026] INFO  impl.FollowerState (FollowerState.java:run(108)) - 4b287a15-77af-487b-aef7-34d1d0ee189f@group-83C26644CFDA-FollowerState: change to CANDIDATE, lastRpcTime:120ms, electionTimeout:120ms
2019-10-16 21:02:19,384 [Thread-3026] INFO  impl.RoleInfo (RoleInfo.java:shutdownFollowerState(121)) - 4b287a15-77af-487b-aef7-34d1d0ee189f: shutdown FollowerState
2019-10-16 21:02:19,384 [Thread-3026] INFO  impl.RaftServerImpl (RaftServerImpl.java:setRole(184)) - 4b287a15-77af-487b-aef7-34d1d0ee189f@group-83C26644CFDA: changes role from  FOLLOWER to CANDIDATE at term 470 for changeToCandidate
2019-10-16 21:02:19,384 [Thread-3026] INFO  impl.RoleInfo (RoleInfo.java:updateAndGet(143)) - 4b287a15-77af-487b-aef7-34d1d0ee189f: start LeaderElection
2019-10-16 21:02:19,407 [4b287a15-77af-487b-aef7-34d1d0ee189f@group-83C26644CFDA-LeaderElection444] INFO  impl.LeaderElection (LeaderElection.java:askForVotes(178)) - 4b287a15-77af-487b-aef7-34d1d0ee189f@group-83C26644CFDA-LeaderElection444: begin an election at term 471 for -1: [4b287a15-77af-487b-aef7-34d1d0ee189f:192.168.34.38:38597, 0aa3649f-570d-46c6-937f-492d7f3a8364:192.168.34.38:33209, 4a03179f-3169-4ac7-a075-259968512ef0:192.168.34.38:45833], old=null
2019-10-16 21:02:19,407 [4b287a15-77af-487b-aef7-34d1d0ee189f@group-83C26644CFDA-LeaderElection444] INFO  impl.LeaderElection (LogUtils.java:infoOrTrace(149)) - 4b287a15-77af-487b-aef7-34d1d0ee189f@group-83C26644CFDA-LeaderElection444 got exception when requesting votes: {}
java.util.concurrent.ExecutionException: org.apache.ratis.thirdparty.io.grpc.StatusRuntimeException: UNAVAILABLE: io exception
	at java.util.concurrent.FutureTask.report(FutureTask.java:122)
	at java.util.concurrent.FutureTask.get(FutureTask.java:192)
	at org.apache.ratis.server.impl.LeaderElection.waitForResults(LeaderElection.java:259)
	at org.apache.ratis.server.impl.LeaderElection.askForVotes(LeaderElection.java:197)
	at org.apache.ratis.server.impl.LeaderElection.run(LeaderElection.java:133)
	at java.lang.Thread.run(Thread.java:748)
Caused by: org.apache.ratis.thirdparty.io.grpc.StatusRuntimeException: UNAVAILABLE: io exception
	at org.apache.ratis.thirdparty.io.grpc.stub.ClientCalls.toStatusRuntimeException(ClientCalls.java:233)
	at org.apache.ratis.thirdparty.io.grpc.stub.ClientCalls.getUnchecked(ClientCalls.java:214)
	at org.apache.ratis.thirdparty.io.grpc.stub.ClientCalls.blockingUnaryCall(ClientCalls.java:139)
	at org.apache.ratis.proto.grpc.RaftServerProtocolServiceGrpc$RaftServerProtocolServiceBlockingStub.requestVote(RaftServerProtocolServiceGrpc.java:265)
	at org.apache.ratis.grpc.server.GrpcServerProtocolClient.requestVote(GrpcServerProtocolClient.java:99)
	at org.apache.ratis.grpc.server.GrpcService.requestVote(GrpcService.java:204)
	at org.apache.ratis.server.impl.LeaderElection.lambda$submitRequests$1(LeaderElection.java:234)
	at java.util.concurrent.FutureTask.run(FutureTask.java:266)
	at java.util.concurrent.Executors$RunnableAdapter.call(Executors.java:511)
	at java.util.concurrent.FutureTask.run(FutureTask.java:266)
	at java.util.concurrent.ThreadPoolExecutor.runWorker(ThreadPoolExecutor.java:1149)
	at java.util.concurrent.ThreadPoolExecutor$Worker.run(ThreadPoolExecutor.java:624)
	... 1 more
Caused by: org.apache.ratis.thirdparty.io.netty.channel.AbstractChannel$AnnotatedConnectException: Connection refused: /192.168.34.38:33209
	at sun.nio.ch.SocketChannelImpl.checkConnect(Native Method)
	at sun.nio.ch.SocketChannelImpl.finishConnect(SocketChannelImpl.java:717)
	at org.apache.ratis.thirdparty.io.netty.channel.socket.nio.NioSocketChannel.doFinishConnect(NioSocketChannel.java:327)
	at org.apache.ratis.thirdparty.io.netty.channel.nio.AbstractNioChannel$AbstractNioUnsafe.finishConnect(AbstractNioChannel.java:340)
	at org.apache.ratis.thirdparty.io.netty.channel.nio.NioEventLoop.processSelectedKey(NioEventLoop.java:632)
	at org.apache.ratis.thirdparty.io.netty.channel.nio.NioEventLoop.processSelectedKeysOptimized(NioEventLoop.java:579)
	at org.apache.ratis.thirdparty.io.netty.channel.nio.NioEventLoop.processSelectedKeys(NioEventLoop.java:496)
	at org.apache.ratis.thirdparty.io.netty.channel.nio.NioEventLoop.run(NioEventLoop.java:458)
	at org.apache.ratis.thirdparty.io.netty.util.concurrent.SingleThreadEventExecutor$5.run(SingleThreadEventExecutor.java:897)
	at org.apache.ratis.thirdparty.io.netty.util.concurrent.FastThreadLocalRunnable.run(FastThreadLocalRunnable.java:30)
	... 1 more
Caused by: java.net.ConnectException: Connection refused
	... 11 more
2019-10-16 21:02:19,408 [4b287a15-77af-487b-aef7-34d1d0ee189f@group-83C26644CFDA-LeaderElection444] INFO  impl.LeaderElection (LogUtils.java:infoOrTrace(149)) - 4b287a15-77af-487b-aef7-34d1d0ee189f@group-83C26644CFDA-LeaderElection444 got exception when requesting votes: {}
java.util.concurrent.ExecutionException: org.apache.ratis.thirdparty.io.grpc.StatusRuntimeException: UNAVAILABLE: io exception
	at java.util.concurrent.FutureTask.report(FutureTask.java:122)
	at java.util.concurrent.FutureTask.get(FutureTask.java:192)
	at org.apache.ratis.server.impl.LeaderElection.waitForResults(LeaderElection.java:259)
	at org.apache.ratis.server.impl.LeaderElection.askForVotes(LeaderElection.java:197)
	at org.apache.ratis.server.impl.LeaderElection.run(LeaderElection.java:133)
	at java.lang.Thread.run(Thread.java:748)
Caused by: org.apache.ratis.thirdparty.io.grpc.StatusRuntimeException: UNAVAILABLE: io exception
	at org.apache.ratis.thirdparty.io.grpc.stub.ClientCalls.toStatusRuntimeException(ClientCalls.java:233)
	at org.apache.ratis.thirdparty.io.grpc.stub.ClientCalls.getUnchecked(ClientCalls.java:214)
	at org.apache.ratis.thirdparty.io.grpc.stub.ClientCalls.blockingUnaryCall(ClientCalls.java:139)
	at org.apache.ratis.proto.grpc.RaftServerProtocolServiceGrpc$RaftServerProtocolServiceBlockingStub.requestVote(RaftServerProtocolServiceGrpc.java:265)
	at org.apache.ratis.grpc.server.GrpcServerProtocolClient.requestVote(GrpcServerProtocolClient.java:99)
	at org.apache.ratis.grpc.server.GrpcService.requestVote(GrpcService.java:204)
	at org.apache.ratis.server.impl.LeaderElection.lambda$submitRequests$1(LeaderElection.java:234)
	at java.util.concurrent.FutureTask.run(FutureTask.java:266)
	at java.util.concurrent.Executors$RunnableAdapter.call(Executors.java:511)
	at java.util.concurrent.FutureTask.run(FutureTask.java:266)
	at java.util.concurrent.ThreadPoolExecutor.runWorker(ThreadPoolExecutor.java:1149)
	at java.util.concurrent.ThreadPoolExecutor$Worker.run(ThreadPoolExecutor.java:624)
	... 1 more
Caused by: org.apache.ratis.thirdparty.io.netty.channel.AbstractChannel$AnnotatedConnectException: Connection refused: /192.168.34.38:45833
	at sun.nio.ch.SocketChannelImpl.checkConnect(Native Method)
	at sun.nio.ch.SocketChannelImpl.finishConnect(SocketChannelImpl.java:717)
	at org.apache.ratis.thirdparty.io.netty.channel.socket.nio.NioSocketChannel.doFinishConnect(NioSocketChannel.java:327)
	at org.apache.ratis.thirdparty.io.netty.channel.nio.AbstractNioChannel$AbstractNioUnsafe.finishConnect(AbstractNioChannel.java:340)
	at org.apache.ratis.thirdparty.io.netty.channel.nio.NioEventLoop.processSelectedKey(NioEventLoop.java:632)
	at org.apache.ratis.thirdparty.io.netty.channel.nio.NioEventLoop.processSelectedKeysOptimized(NioEventLoop.java:579)
	at org.apache.ratis.thirdparty.io.netty.channel.nio.NioEventLoop.processSelectedKeys(NioEventLoop.java:496)
	at org.apache.ratis.thirdparty.io.netty.channel.nio.NioEventLoop.run(NioEventLoop.java:458)
	at org.apache.ratis.thirdparty.io.netty.util.concurrent.SingleThreadEventExecutor$5.run(SingleThreadEventExecutor.java:897)
	at org.apache.ratis.thirdparty.io.netty.util.concurrent.FastThreadLocalRunnable.run(FastThreadLocalRunnable.java:30)
	... 1 more
Caused by: java.net.ConnectException: Connection refused
	... 11 more
2019-10-16 21:02:19,408 [4b287a15-77af-487b-aef7-34d1d0ee189f@group-83C26644CFDA-LeaderElection444] INFO  impl.LeaderElection (LeaderElection.java:logAndReturn(56)) - 4b287a15-77af-487b-aef7-34d1d0ee189f@group-83C26644CFDA-LeaderElection444: Election REJECTED; received 0 response(s) [] and 2 exception(s); 4b287a15-77af-487b-aef7-34d1d0ee189f@group-83C26644CFDA:t471, leader=null, voted=4b287a15-77af-487b-aef7-34d1d0ee189f, raftlog=4b287a15-77af-487b-aef7-34d1d0ee189f@group-83C26644CFDA-SegmentedRaftLog:OPENED:c-1,f-1,i0, conf=-1: [4b287a15-77af-487b-aef7-34d1d0ee189f:192.168.34.38:38597, 0aa3649f-570d-46c6-937f-492d7f3a8364:192.168.34.38:33209, 4a03179f-3169-4ac7-a075-259968512ef0:192.168.34.38:45833], old=null
2019-10-16 21:02:19,408 [4b287a15-77af-487b-aef7-34d1d0ee189f@group-83C26644CFDA-LeaderElection444] INFO  impl.LeaderElection (LogUtils.java:infoOrTrace(149)) -   Exception 0: {}
java.util.concurrent.ExecutionException: org.apache.ratis.thirdparty.io.grpc.StatusRuntimeException: UNAVAILABLE: io exception
	at java.util.concurrent.FutureTask.report(FutureTask.java:122)
	at java.util.concurrent.FutureTask.get(FutureTask.java:192)
	at org.apache.ratis.server.impl.LeaderElection.waitForResults(LeaderElection.java:259)
	at org.apache.ratis.server.impl.LeaderElection.askForVotes(LeaderElection.java:197)
	at org.apache.ratis.server.impl.LeaderElection.run(LeaderElection.java:133)
	at java.lang.Thread.run(Thread.java:748)
Caused by: org.apache.ratis.thirdparty.io.grpc.StatusRuntimeException: UNAVAILABLE: io exception
	at org.apache.ratis.thirdparty.io.grpc.stub.ClientCalls.toStatusRuntimeException(ClientCalls.java:233)
	at org.apache.ratis.thirdparty.io.grpc.stub.ClientCalls.getUnchecked(ClientCalls.java:214)
	at org.apache.ratis.thirdparty.io.grpc.stub.ClientCalls.blockingUnaryCall(ClientCalls.java:139)
	at org.apache.ratis.proto.grpc.RaftServerProtocolServiceGrpc$RaftServerProtocolServiceBlockingStub.requestVote(RaftServerProtocolServiceGrpc.java:265)
	at org.apache.ratis.grpc.server.GrpcServerProtocolClient.requestVote(GrpcServerProtocolClient.java:99)
	at org.apache.ratis.grpc.server.GrpcService.requestVote(GrpcService.java:204)
	at org.apache.ratis.server.impl.LeaderElection.lambda$submitRequests$1(LeaderElection.java:234)
	at java.util.concurrent.FutureTask.run(FutureTask.java:266)
	at java.util.concurrent.Executors$RunnableAdapter.call(Executors.java:511)
	at java.util.concurrent.FutureTask.run(FutureTask.java:266)
	at java.util.concurrent.ThreadPoolExecutor.runWorker(ThreadPoolExecutor.java:1149)
	at java.util.concurrent.ThreadPoolExecutor$Worker.run(ThreadPoolExecutor.java:624)
	... 1 more
Caused by: org.apache.ratis.thirdparty.io.netty.channel.AbstractChannel$AnnotatedConnectException: Connection refused: /192.168.34.38:33209
	at sun.nio.ch.SocketChannelImpl.checkConnect(Native Method)
	at sun.nio.ch.SocketChannelImpl.finishConnect(SocketChannelImpl.java:717)
	at org.apache.ratis.thirdparty.io.netty.channel.socket.nio.NioSocketChannel.doFinishConnect(NioSocketChannel.java:327)
	at org.apache.ratis.thirdparty.io.netty.channel.nio.AbstractNioChannel$AbstractNioUnsafe.finishConnect(AbstractNioChannel.java:340)
	at org.apache.ratis.thirdparty.io.netty.channel.nio.NioEventLoop.processSelectedKey(NioEventLoop.java:632)
	at org.apache.ratis.thirdparty.io.netty.channel.nio.NioEventLoop.processSelectedKeysOptimized(NioEventLoop.java:579)
	at org.apache.ratis.thirdparty.io.netty.channel.nio.NioEventLoop.processSelectedKeys(NioEventLoop.java:496)
	at org.apache.ratis.thirdparty.io.netty.channel.nio.NioEventLoop.run(NioEventLoop.java:458)
	at org.apache.ratis.thirdparty.io.netty.util.concurrent.SingleThreadEventExecutor$5.run(SingleThreadEventExecutor.java:897)
	at org.apache.ratis.thirdparty.io.netty.util.concurrent.FastThreadLocalRunnable.run(FastThreadLocalRunnable.java:30)
	... 1 more
Caused by: java.net.ConnectException: Connection refused
	... 11 more
2019-10-16 21:02:19,409 [4b287a15-77af-487b-aef7-34d1d0ee189f@group-83C26644CFDA-LeaderElection444] INFO  impl.LeaderElection (LogUtils.java:infoOrTrace(149)) -   Exception 1: {}
java.util.concurrent.ExecutionException: org.apache.ratis.thirdparty.io.grpc.StatusRuntimeException: UNAVAILABLE: io exception
	at java.util.concurrent.FutureTask.report(FutureTask.java:122)
	at java.util.concurrent.FutureTask.get(FutureTask.java:192)
	at org.apache.ratis.server.impl.LeaderElection.waitForResults(LeaderElection.java:259)
	at org.apache.ratis.server.impl.LeaderElection.askForVotes(LeaderElection.java:197)
	at org.apache.ratis.server.impl.LeaderElection.run(LeaderElection.java:133)
	at java.lang.Thread.run(Thread.java:748)
Caused by: org.apache.ratis.thirdparty.io.grpc.StatusRuntimeException: UNAVAILABLE: io exception
	at org.apache.ratis.thirdparty.io.grpc.stub.ClientCalls.toStatusRuntimeException(ClientCalls.java:233)
	at org.apache.ratis.thirdparty.io.grpc.stub.ClientCalls.getUnchecked(ClientCalls.java:214)
	at org.apache.ratis.thirdparty.io.grpc.stub.ClientCalls.blockingUnaryCall(ClientCalls.java:139)
	at org.apache.ratis.proto.grpc.RaftServerProtocolServiceGrpc$RaftServerProtocolServiceBlockingStub.requestVote(RaftServerProtocolServiceGrpc.java:265)
	at org.apache.ratis.grpc.server.GrpcServerProtocolClient.requestVote(GrpcServerProtocolClient.java:99)
	at org.apache.ratis.grpc.server.GrpcService.requestVote(GrpcService.java:204)
	at org.apache.ratis.server.impl.LeaderElection.lambda$submitRequests$1(LeaderElection.java:234)
	at java.util.concurrent.FutureTask.run(FutureTask.java:266)
	at java.util.concurrent.Executors$RunnableAdapter.call(Executors.java:511)
	at java.util.concurrent.FutureTask.run(FutureTask.java:266)
	at java.util.concurrent.ThreadPoolExecutor.runWorker(ThreadPoolExecutor.java:1149)
	at java.util.concurrent.ThreadPoolExecutor$Worker.run(ThreadPoolExecutor.java:624)
	... 1 more
Caused by: org.apache.ratis.thirdparty.io.netty.channel.AbstractChannel$AnnotatedConnectException: Connection refused: /192.168.34.38:45833
	at sun.nio.ch.SocketChannelImpl.checkConnect(Native Method)
	at sun.nio.ch.SocketChannelImpl.finishConnect(SocketChannelImpl.java:717)
	at org.apache.ratis.thirdparty.io.netty.channel.socket.nio.NioSocketChannel.doFinishConnect(NioSocketChannel.java:327)
	at org.apache.ratis.thirdparty.io.netty.channel.nio.AbstractNioChannel$AbstractNioUnsafe.finishConnect(AbstractNioChannel.java:340)
	at org.apache.ratis.thirdparty.io.netty.channel.nio.NioEventLoop.processSelectedKey(NioEventLoop.java:632)
	at org.apache.ratis.thirdparty.io.netty.channel.nio.NioEventLoop.processSelectedKeysOptimized(NioEventLoop.java:579)
	at org.apache.ratis.thirdparty.io.netty.channel.nio.NioEventLoop.processSelectedKeys(NioEventLoop.java:496)
	at org.apache.ratis.thirdparty.io.netty.channel.nio.NioEventLoop.run(NioEventLoop.java:458)
	at org.apache.ratis.thirdparty.io.netty.util.concurrent.SingleThreadEventExecutor$5.run(SingleThreadEventExecutor.java:897)
	at org.apache.ratis.thirdparty.io.netty.util.concurrent.FastThreadLocalRunnable.run(FastThreadLocalRunnable.java:30)
	... 1 more
Caused by: java.net.ConnectException: Connection refused
	... 11 more
2019-10-16 21:02:19,409 [4b287a15-77af-487b-aef7-34d1d0ee189f@group-83C26644CFDA-LeaderElection444] INFO  impl.RaftServerImpl (RaftServerImpl.java:setRole(184)) - 4b287a15-77af-487b-aef7-34d1d0ee189f@group-83C26644CFDA: changes role from CANDIDATE to FOLLOWER at term 471 for DISCOVERED_A_NEW_TERM
2019-10-16 21:02:19,409 [4b287a15-77af-487b-aef7-34d1d0ee189f@group-83C26644CFDA-LeaderElection444] INFO  impl.RoleInfo (RoleInfo.java:shutdownLeaderElection(134)) - 4b287a15-77af-487b-aef7-34d1d0ee189f: shutdown LeaderElection
2019-10-16 21:02:19,409 [4b287a15-77af-487b-aef7-34d1d0ee189f@group-83C26644CFDA-LeaderElection444] INFO  impl.RoleInfo (RoleInfo.java:updateAndGet(143)) - 4b287a15-77af-487b-aef7-34d1d0ee189f: start FollowerState
2019-10-16 21:02:19,498 [Thread-3030] INFO  impl.FollowerState (FollowerState.java:run(108)) - 4b287a15-77af-487b-aef7-34d1d0ee189f@group-83C26644CFDA-FollowerState: change to CANDIDATE, lastRpcTime:88ms, electionTimeout:88ms
2019-10-16 21:02:19,498 [Thread-3030] INFO  impl.RoleInfo (RoleInfo.java:shutdownFollowerState(121)) - 4b287a15-77af-487b-aef7-34d1d0ee189f: shutdown FollowerState
2019-10-16 21:02:19,498 [Thread-3030] INFO  impl.RaftServerImpl (RaftServerImpl.java:setRole(184)) - 4b287a15-77af-487b-aef7-34d1d0ee189f@group-83C26644CFDA: changes role from  FOLLOWER to CANDIDATE at term 471 for changeToCandidate
2019-10-16 21:02:19,498 [Thread-3030] INFO  impl.RoleInfo (RoleInfo.java:updateAndGet(143)) - 4b287a15-77af-487b-aef7-34d1d0ee189f: start LeaderElection
2019-10-16 21:02:19,511 [4b287a15-77af-487b-aef7-34d1d0ee189f@group-83C26644CFDA-LeaderElection445] INFO  impl.LeaderElection (LeaderElection.java:askForVotes(178)) - 4b287a15-77af-487b-aef7-34d1d0ee189f@group-83C26644CFDA-LeaderElection445: begin an election at term 472 for -1: [4b287a15-77af-487b-aef7-34d1d0ee189f:192.168.34.38:38597, 0aa3649f-570d-46c6-937f-492d7f3a8364:192.168.34.38:33209, 4a03179f-3169-4ac7-a075-259968512ef0:192.168.34.38:45833], old=null
2019-10-16 21:02:19,512 [4b287a15-77af-487b-aef7-34d1d0ee189f@group-83C26644CFDA-LeaderElection445] INFO  impl.LeaderElection (LogUtils.java:infoOrTrace(149)) - 4b287a15-77af-487b-aef7-34d1d0ee189f@group-83C26644CFDA-LeaderElection445 got exception when requesting votes: {}
java.util.concurrent.ExecutionException: org.apache.ratis.thirdparty.io.grpc.StatusRuntimeException: UNAVAILABLE: io exception
	at java.util.concurrent.FutureTask.report(FutureTask.java:122)
	at java.util.concurrent.FutureTask.get(FutureTask.java:192)
	at org.apache.ratis.server.impl.LeaderElection.waitForResults(LeaderElection.java:259)
	at org.apache.ratis.server.impl.LeaderElection.askForVotes(LeaderElection.java:197)
	at org.apache.ratis.server.impl.LeaderElection.run(LeaderElection.java:133)
	at java.lang.Thread.run(Thread.java:748)
Caused by: org.apache.ratis.thirdparty.io.grpc.StatusRuntimeException: UNAVAILABLE: io exception
	at org.apache.ratis.thirdparty.io.grpc.stub.ClientCalls.toStatusRuntimeException(ClientCalls.java:233)
	at org.apache.ratis.thirdparty.io.grpc.stub.ClientCalls.getUnchecked(ClientCalls.java:214)
	at org.apache.ratis.thirdparty.io.grpc.stub.ClientCalls.blockingUnaryCall(ClientCalls.java:139)
	at org.apache.ratis.proto.grpc.RaftServerProtocolServiceGrpc$RaftServerProtocolServiceBlockingStub.requestVote(RaftServerProtocolServiceGrpc.java:265)
	at org.apache.ratis.grpc.server.GrpcServerProtocolClient.requestVote(GrpcServerProtocolClient.java:99)
	at org.apache.ratis.grpc.server.GrpcService.requestVote(GrpcService.java:204)
	at org.apache.ratis.server.impl.LeaderElection.lambda$submitRequests$1(LeaderElection.java:234)
	at java.util.concurrent.FutureTask.run(FutureTask.java:266)
	at java.util.concurrent.Executors$RunnableAdapter.call(Executors.java:511)
	at java.util.concurrent.FutureTask.run(FutureTask.java:266)
	at java.util.concurrent.ThreadPoolExecutor.runWorker(ThreadPoolExecutor.java:1149)
	at java.util.concurrent.ThreadPoolExecutor$Worker.run(ThreadPoolExecutor.java:624)
	... 1 more
Caused by: org.apache.ratis.thirdparty.io.netty.channel.AbstractChannel$AnnotatedConnectException: Connection refused: /192.168.34.38:33209
	at sun.nio.ch.SocketChannelImpl.checkConnect(Native Method)
	at sun.nio.ch.SocketChannelImpl.finishConnect(SocketChannelImpl.java:717)
	at org.apache.ratis.thirdparty.io.netty.channel.socket.nio.NioSocketChannel.doFinishConnect(NioSocketChannel.java:327)
	at org.apache.ratis.thirdparty.io.netty.channel.nio.AbstractNioChannel$AbstractNioUnsafe.finishConnect(AbstractNioChannel.java:340)
	at org.apache.ratis.thirdparty.io.netty.channel.nio.NioEventLoop.processSelectedKey(NioEventLoop.java:632)
	at org.apache.ratis.thirdparty.io.netty.channel.nio.NioEventLoop.processSelectedKeysOptimized(NioEventLoop.java:579)
	at org.apache.ratis.thirdparty.io.netty.channel.nio.NioEventLoop.processSelectedKeys(NioEventLoop.java:496)
	at org.apache.ratis.thirdparty.io.netty.channel.nio.NioEventLoop.run(NioEventLoop.java:458)
	at org.apache.ratis.thirdparty.io.netty.util.concurrent.SingleThreadEventExecutor$5.run(SingleThreadEventExecutor.java:897)
	at org.apache.ratis.thirdparty.io.netty.util.concurrent.FastThreadLocalRunnable.run(FastThreadLocalRunnable.java:30)
	... 1 more
Caused by: java.net.ConnectException: Connection refused
	... 11 more
2019-10-16 21:02:19,513 [4b287a15-77af-487b-aef7-34d1d0ee189f@group-83C26644CFDA-LeaderElection445] INFO  impl.LeaderElection (LogUtils.java:infoOrTrace(149)) - 4b287a15-77af-487b-aef7-34d1d0ee189f@group-83C26644CFDA-LeaderElection445 got exception when requesting votes: {}
java.util.concurrent.ExecutionException: org.apache.ratis.thirdparty.io.grpc.StatusRuntimeException: UNAVAILABLE: io exception
	at java.util.concurrent.FutureTask.report(FutureTask.java:122)
	at java.util.concurrent.FutureTask.get(FutureTask.java:192)
	at org.apache.ratis.server.impl.LeaderElection.waitForResults(LeaderElection.java:259)
	at org.apache.ratis.server.impl.LeaderElection.askForVotes(LeaderElection.java:197)
	at org.apache.ratis.server.impl.LeaderElection.run(LeaderElection.java:133)
	at java.lang.Thread.run(Thread.java:748)
Caused by: org.apache.ratis.thirdparty.io.grpc.StatusRuntimeException: UNAVAILABLE: io exception
	at org.apache.ratis.thirdparty.io.grpc.stub.ClientCalls.toStatusRuntimeException(ClientCalls.java:233)
	at org.apache.ratis.thirdparty.io.grpc.stub.ClientCalls.getUnchecked(ClientCalls.java:214)
	at org.apache.ratis.thirdparty.io.grpc.stub.ClientCalls.blockingUnaryCall(ClientCalls.java:139)
	at org.apache.ratis.proto.grpc.RaftServerProtocolServiceGrpc$RaftServerProtocolServiceBlockingStub.requestVote(RaftServerProtocolServiceGrpc.java:265)
	at org.apache.ratis.grpc.server.GrpcServerProtocolClient.requestVote(GrpcServerProtocolClient.java:99)
	at org.apache.ratis.grpc.server.GrpcService.requestVote(GrpcService.java:204)
	at org.apache.ratis.server.impl.LeaderElection.lambda$submitRequests$1(LeaderElection.java:234)
	at java.util.concurrent.FutureTask.run(FutureTask.java:266)
	at java.util.concurrent.Executors$RunnableAdapter.call(Executors.java:511)
	at java.util.concurrent.FutureTask.run(FutureTask.java:266)
	at java.util.concurrent.ThreadPoolExecutor.runWorker(ThreadPoolExecutor.java:1149)
	at java.util.concurrent.ThreadPoolExecutor$Worker.run(ThreadPoolExecutor.java:624)
	... 1 more
Caused by: org.apache.ratis.thirdparty.io.netty.channel.AbstractChannel$AnnotatedConnectException: Connection refused: /192.168.34.38:45833
	at sun.nio.ch.SocketChannelImpl.checkConnect(Native Method)
	at sun.nio.ch.SocketChannelImpl.finishConnect(SocketChannelImpl.java:717)
	at org.apache.ratis.thirdparty.io.netty.channel.socket.nio.NioSocketChannel.doFinishConnect(NioSocketChannel.java:327)
	at org.apache.ratis.thirdparty.io.netty.channel.nio.AbstractNioChannel$AbstractNioUnsafe.finishConnect(AbstractNioChannel.java:340)
	at org.apache.ratis.thirdparty.io.netty.channel.nio.NioEventLoop.processSelectedKey(NioEventLoop.java:632)
	at org.apache.ratis.thirdparty.io.netty.channel.nio.NioEventLoop.processSelectedKeysOptimized(NioEventLoop.java:579)
	at org.apache.ratis.thirdparty.io.netty.channel.nio.NioEventLoop.processSelectedKeys(NioEventLoop.java:496)
	at org.apache.ratis.thirdparty.io.netty.channel.nio.NioEventLoop.run(NioEventLoop.java:458)
	at org.apache.ratis.thirdparty.io.netty.util.concurrent.SingleThreadEventExecutor$5.run(SingleThreadEventExecutor.java:897)
	at org.apache.ratis.thirdparty.io.netty.util.concurrent.FastThreadLocalRunnable.run(FastThreadLocalRunnable.java:30)
	... 1 more
Caused by: java.net.ConnectException: Connection refused
	... 11 more
2019-10-16 21:02:19,513 [4b287a15-77af-487b-aef7-34d1d0ee189f@group-83C26644CFDA-LeaderElection445] INFO  impl.LeaderElection (LeaderElection.java:logAndReturn(56)) - 4b287a15-77af-487b-aef7-34d1d0ee189f@group-83C26644CFDA-LeaderElection445: Election REJECTED; received 0 response(s) [] and 2 exception(s); 4b287a15-77af-487b-aef7-34d1d0ee189f@group-83C26644CFDA:t472, leader=null, voted=4b287a15-77af-487b-aef7-34d1d0ee189f, raftlog=4b287a15-77af-487b-aef7-34d1d0ee189f@group-83C26644CFDA-SegmentedRaftLog:OPENED:c-1,f-1,i0, conf=-1: [4b287a15-77af-487b-aef7-34d1d0ee189f:192.168.34.38:38597, 0aa3649f-570d-46c6-937f-492d7f3a8364:192.168.34.38:33209, 4a03179f-3169-4ac7-a075-259968512ef0:192.168.34.38:45833], old=null
2019-10-16 21:02:19,513 [4b287a15-77af-487b-aef7-34d1d0ee189f@group-83C26644CFDA-LeaderElection445] INFO  impl.LeaderElection (LogUtils.java:infoOrTrace(149)) -   Exception 0: {}
java.util.concurrent.ExecutionException: org.apache.ratis.thirdparty.io.grpc.StatusRuntimeException: UNAVAILABLE: io exception
	at java.util.concurrent.FutureTask.report(FutureTask.java:122)
	at java.util.concurrent.FutureTask.get(FutureTask.java:192)
	at org.apache.ratis.server.impl.LeaderElection.waitForResults(LeaderElection.java:259)
	at org.apache.ratis.server.impl.LeaderElection.askForVotes(LeaderElection.java:197)
	at org.apache.ratis.server.impl.LeaderElection.run(LeaderElection.java:133)
	at java.lang.Thread.run(Thread.java:748)
Caused by: org.apache.ratis.thirdparty.io.grpc.StatusRuntimeException: UNAVAILABLE: io exception
	at org.apache.ratis.thirdparty.io.grpc.stub.ClientCalls.toStatusRuntimeException(ClientCalls.java:233)
	at org.apache.ratis.thirdparty.io.grpc.stub.ClientCalls.getUnchecked(ClientCalls.java:214)
	at org.apache.ratis.thirdparty.io.grpc.stub.ClientCalls.blockingUnaryCall(ClientCalls.java:139)
	at org.apache.ratis.proto.grpc.RaftServerProtocolServiceGrpc$RaftServerProtocolServiceBlockingStub.requestVote(RaftServerProtocolServiceGrpc.java:265)
	at org.apache.ratis.grpc.server.GrpcServerProtocolClient.requestVote(GrpcServerProtocolClient.java:99)
	at org.apache.ratis.grpc.server.GrpcService.requestVote(GrpcService.java:204)
	at org.apache.ratis.server.impl.LeaderElection.lambda$submitRequests$1(LeaderElection.java:234)
	at java.util.concurrent.FutureTask.run(FutureTask.java:266)
	at java.util.concurrent.Executors$RunnableAdapter.call(Executors.java:511)
	at java.util.concurrent.FutureTask.run(FutureTask.java:266)
	at java.util.concurrent.ThreadPoolExecutor.runWorker(ThreadPoolExecutor.java:1149)
	at java.util.concurrent.ThreadPoolExecutor$Worker.run(ThreadPoolExecutor.java:624)
	... 1 more
Caused by: org.apache.ratis.thirdparty.io.netty.channel.AbstractChannel$AnnotatedConnectException: Connection refused: /192.168.34.38:33209
	at sun.nio.ch.SocketChannelImpl.checkConnect(Native Method)
	at sun.nio.ch.SocketChannelImpl.finishConnect(SocketChannelImpl.java:717)
	at org.apache.ratis.thirdparty.io.netty.channel.socket.nio.NioSocketChannel.doFinishConnect(NioSocketChannel.java:327)
	at org.apache.ratis.thirdparty.io.netty.channel.nio.AbstractNioChannel$AbstractNioUnsafe.finishConnect(AbstractNioChannel.java:340)
	at org.apache.ratis.thirdparty.io.netty.channel.nio.NioEventLoop.processSelectedKey(NioEventLoop.java:632)
	at org.apache.ratis.thirdparty.io.netty.channel.nio.NioEventLoop.processSelectedKeysOptimized(NioEventLoop.java:579)
	at org.apache.ratis.thirdparty.io.netty.channel.nio.NioEventLoop.processSelectedKeys(NioEventLoop.java:496)
	at org.apache.ratis.thirdparty.io.netty.channel.nio.NioEventLoop.run(NioEventLoop.java:458)
	at org.apache.ratis.thirdparty.io.netty.util.concurrent.SingleThreadEventExecutor$5.run(SingleThreadEventExecutor.java:897)
	at org.apache.ratis.thirdparty.io.netty.util.concurrent.FastThreadLocalRunnable.run(FastThreadLocalRunnable.java:30)
	... 1 more
Caused by: java.net.ConnectException: Connection refused
	... 11 more
2019-10-16 21:02:19,513 [4b287a15-77af-487b-aef7-34d1d0ee189f@group-83C26644CFDA-LeaderElection445] INFO  impl.LeaderElection (LogUtils.java:infoOrTrace(149)) -   Exception 1: {}
java.util.concurrent.ExecutionException: org.apache.ratis.thirdparty.io.grpc.StatusRuntimeException: UNAVAILABLE: io exception
	at java.util.concurrent.FutureTask.report(FutureTask.java:122)
	at java.util.concurrent.FutureTask.get(FutureTask.java:192)
	at org.apache.ratis.server.impl.LeaderElection.waitForResults(LeaderElection.java:259)
	at org.apache.ratis.server.impl.LeaderElection.askForVotes(LeaderElection.java:197)
	at org.apache.ratis.server.impl.LeaderElection.run(LeaderElection.java:133)
	at java.lang.Thread.run(Thread.java:748)
Caused by: org.apache.ratis.thirdparty.io.grpc.StatusRuntimeException: UNAVAILABLE: io exception
	at org.apache.ratis.thirdparty.io.grpc.stub.ClientCalls.toStatusRuntimeException(ClientCalls.java:233)
	at org.apache.ratis.thirdparty.io.grpc.stub.ClientCalls.getUnchecked(ClientCalls.java:214)
	at org.apache.ratis.thirdparty.io.grpc.stub.ClientCalls.blockingUnaryCall(ClientCalls.java:139)
	at org.apache.ratis.proto.grpc.RaftServerProtocolServiceGrpc$RaftServerProtocolServiceBlockingStub.requestVote(RaftServerProtocolServiceGrpc.java:265)
	at org.apache.ratis.grpc.server.GrpcServerProtocolClient.requestVote(GrpcServerProtocolClient.java:99)
	at org.apache.ratis.grpc.server.GrpcService.requestVote(GrpcService.java:204)
	at org.apache.ratis.server.impl.LeaderElection.lambda$submitRequests$1(LeaderElection.java:234)
	at java.util.concurrent.FutureTask.run(FutureTask.java:266)
	at java.util.concurrent.Executors$RunnableAdapter.call(Executors.java:511)
	at java.util.concurrent.FutureTask.run(FutureTask.java:266)
	at java.util.concurrent.ThreadPoolExecutor.runWorker(ThreadPoolExecutor.java:1149)
	at java.util.concurrent.ThreadPoolExecutor$Worker.run(ThreadPoolExecutor.java:624)
	... 1 more
Caused by: org.apache.ratis.thirdparty.io.netty.channel.AbstractChannel$AnnotatedConnectException: Connection refused: /192.168.34.38:45833
	at sun.nio.ch.SocketChannelImpl.checkConnect(Native Method)
	at sun.nio.ch.SocketChannelImpl.finishConnect(SocketChannelImpl.java:717)
	at org.apache.ratis.thirdparty.io.netty.channel.socket.nio.NioSocketChannel.doFinishConnect(NioSocketChannel.java:327)
	at org.apache.ratis.thirdparty.io.netty.channel.nio.AbstractNioChannel$AbstractNioUnsafe.finishConnect(AbstractNioChannel.java:340)
	at org.apache.ratis.thirdparty.io.netty.channel.nio.NioEventLoop.processSelectedKey(NioEventLoop.java:632)
	at org.apache.ratis.thirdparty.io.netty.channel.nio.NioEventLoop.processSelectedKeysOptimized(NioEventLoop.java:579)
	at org.apache.ratis.thirdparty.io.netty.channel.nio.NioEventLoop.processSelectedKeys(NioEventLoop.java:496)
	at org.apache.ratis.thirdparty.io.netty.channel.nio.NioEventLoop.run(NioEventLoop.java:458)
	at org.apache.ratis.thirdparty.io.netty.util.concurrent.SingleThreadEventExecutor$5.run(SingleThreadEventExecutor.java:897)
	at org.apache.ratis.thirdparty.io.netty.util.concurrent.FastThreadLocalRunnable.run(FastThreadLocalRunnable.java:30)
	... 1 more
Caused by: java.net.ConnectException: Connection refused
	... 11 more
2019-10-16 21:02:19,514 [4b287a15-77af-487b-aef7-34d1d0ee189f@group-83C26644CFDA-LeaderElection445] INFO  impl.RaftServerImpl (RaftServerImpl.java:setRole(184)) - 4b287a15-77af-487b-aef7-34d1d0ee189f@group-83C26644CFDA: changes role from CANDIDATE to FOLLOWER at term 472 for DISCOVERED_A_NEW_TERM
2019-10-16 21:02:19,514 [4b287a15-77af-487b-aef7-34d1d0ee189f@group-83C26644CFDA-LeaderElection445] INFO  impl.RoleInfo (RoleInfo.java:shutdownLeaderElection(134)) - 4b287a15-77af-487b-aef7-34d1d0ee189f: shutdown LeaderElection
2019-10-16 21:02:19,514 [4b287a15-77af-487b-aef7-34d1d0ee189f@group-83C26644CFDA-LeaderElection445] INFO  impl.RoleInfo (RoleInfo.java:updateAndGet(143)) - 4b287a15-77af-487b-aef7-34d1d0ee189f: start FollowerState
2019-10-16 21:02:19,660 [Thread-3034] INFO  impl.FollowerState (FollowerState.java:run(108)) - 4b287a15-77af-487b-aef7-34d1d0ee189f@group-83C26644CFDA-FollowerState: change to CANDIDATE, lastRpcTime:146ms, electionTimeout:146ms
2019-10-16 21:02:19,660 [Thread-3034] INFO  impl.RoleInfo (RoleInfo.java:shutdownFollowerState(121)) - 4b287a15-77af-487b-aef7-34d1d0ee189f: shutdown FollowerState
2019-10-16 21:02:19,660 [Thread-3034] INFO  impl.RaftServerImpl (RaftServerImpl.java:setRole(184)) - 4b287a15-77af-487b-aef7-34d1d0ee189f@group-83C26644CFDA: changes role from  FOLLOWER to CANDIDATE at term 472 for changeToCandidate
2019-10-16 21:02:19,661 [Thread-3034] INFO  impl.RoleInfo (RoleInfo.java:updateAndGet(143)) - 4b287a15-77af-487b-aef7-34d1d0ee189f: start LeaderElection
2019-10-16 21:02:19,673 [4b287a15-77af-487b-aef7-34d1d0ee189f@group-83C26644CFDA-LeaderElection446] INFO  impl.LeaderElection (LeaderElection.java:askForVotes(178)) - 4b287a15-77af-487b-aef7-34d1d0ee189f@group-83C26644CFDA-LeaderElection446: begin an election at term 473 for -1: [4b287a15-77af-487b-aef7-34d1d0ee189f:192.168.34.38:38597, 0aa3649f-570d-46c6-937f-492d7f3a8364:192.168.34.38:33209, 4a03179f-3169-4ac7-a075-259968512ef0:192.168.34.38:45833], old=null
2019-10-16 21:02:19,674 [4b287a15-77af-487b-aef7-34d1d0ee189f@group-83C26644CFDA-LeaderElection446] INFO  impl.LeaderElection (LogUtils.java:infoOrTrace(149)) - 4b287a15-77af-487b-aef7-34d1d0ee189f@group-83C26644CFDA-LeaderElection446 got exception when requesting votes: {}
java.util.concurrent.ExecutionException: org.apache.ratis.thirdparty.io.grpc.StatusRuntimeException: UNAVAILABLE: io exception
	at java.util.concurrent.FutureTask.report(FutureTask.java:122)
	at java.util.concurrent.FutureTask.get(FutureTask.java:192)
	at org.apache.ratis.server.impl.LeaderElection.waitForResults(LeaderElection.java:259)
	at org.apache.ratis.server.impl.LeaderElection.askForVotes(LeaderElection.java:197)
	at org.apache.ratis.server.impl.LeaderElection.run(LeaderElection.java:133)
	at java.lang.Thread.run(Thread.java:748)
Caused by: org.apache.ratis.thirdparty.io.grpc.StatusRuntimeException: UNAVAILABLE: io exception
	at org.apache.ratis.thirdparty.io.grpc.stub.ClientCalls.toStatusRuntimeException(ClientCalls.java:233)
	at org.apache.ratis.thirdparty.io.grpc.stub.ClientCalls.getUnchecked(ClientCalls.java:214)
	at org.apache.ratis.thirdparty.io.grpc.stub.ClientCalls.blockingUnaryCall(ClientCalls.java:139)
	at org.apache.ratis.proto.grpc.RaftServerProtocolServiceGrpc$RaftServerProtocolServiceBlockingStub.requestVote(RaftServerProtocolServiceGrpc.java:265)
	at org.apache.ratis.grpc.server.GrpcServerProtocolClient.requestVote(GrpcServerProtocolClient.java:99)
	at org.apache.ratis.grpc.server.GrpcService.requestVote(GrpcService.java:204)
	at org.apache.ratis.server.impl.LeaderElection.lambda$submitRequests$1(LeaderElection.java:234)
	at java.util.concurrent.FutureTask.run(FutureTask.java:266)
	at java.util.concurrent.Executors$RunnableAdapter.call(Executors.java:511)
	at java.util.concurrent.FutureTask.run(FutureTask.java:266)
	at java.util.concurrent.ThreadPoolExecutor.runWorker(ThreadPoolExecutor.java:1149)
	at java.util.concurrent.ThreadPoolExecutor$Worker.run(ThreadPoolExecutor.java:624)
	... 1 more
Caused by: org.apache.ratis.thirdparty.io.netty.channel.AbstractChannel$AnnotatedConnectException: Connection refused: /192.168.34.38:33209
	at sun.nio.ch.SocketChannelImpl.checkConnect(Native Method)
	at sun.nio.ch.SocketChannelImpl.finishConnect(SocketChannelImpl.java:717)
	at org.apache.ratis.thirdparty.io.netty.channel.socket.nio.NioSocketChannel.doFinishConnect(NioSocketChannel.java:327)
	at org.apache.ratis.thirdparty.io.netty.channel.nio.AbstractNioChannel$AbstractNioUnsafe.finishConnect(AbstractNioChannel.java:340)
	at org.apache.ratis.thirdparty.io.netty.channel.nio.NioEventLoop.processSelectedKey(NioEventLoop.java:632)
	at org.apache.ratis.thirdparty.io.netty.channel.nio.NioEventLoop.processSelectedKeysOptimized(NioEventLoop.java:579)
	at org.apache.ratis.thirdparty.io.netty.channel.nio.NioEventLoop.processSelectedKeys(NioEventLoop.java:496)
	at org.apache.ratis.thirdparty.io.netty.channel.nio.NioEventLoop.run(NioEventLoop.java:458)
	at org.apache.ratis.thirdparty.io.netty.util.concurrent.SingleThreadEventExecutor$5.run(SingleThreadEventExecutor.java:897)
	at org.apache.ratis.thirdparty.io.netty.util.concurrent.FastThreadLocalRunnable.run(FastThreadLocalRunnable.java:30)
	... 1 more
Caused by: java.net.ConnectException: Connection refused
	... 11 more
2019-10-16 21:02:19,674 [4b287a15-77af-487b-aef7-34d1d0ee189f@group-83C26644CFDA-LeaderElection446] INFO  impl.LeaderElection (LogUtils.java:infoOrTrace(149)) - 4b287a15-77af-487b-aef7-34d1d0ee189f@group-83C26644CFDA-LeaderElection446 got exception when requesting votes: {}
java.util.concurrent.ExecutionException: org.apache.ratis.thirdparty.io.grpc.StatusRuntimeException: UNAVAILABLE: io exception
	at java.util.concurrent.FutureTask.report(FutureTask.java:122)
	at java.util.concurrent.FutureTask.get(FutureTask.java:192)
	at org.apache.ratis.server.impl.LeaderElection.waitForResults(LeaderElection.java:259)
	at org.apache.ratis.server.impl.LeaderElection.askForVotes(LeaderElection.java:197)
	at org.apache.ratis.server.impl.LeaderElection.run(LeaderElection.java:133)
	at java.lang.Thread.run(Thread.java:748)
Caused by: org.apache.ratis.thirdparty.io.grpc.StatusRuntimeException: UNAVAILABLE: io exception
	at org.apache.ratis.thirdparty.io.grpc.stub.ClientCalls.toStatusRuntimeException(ClientCalls.java:233)
	at org.apache.ratis.thirdparty.io.grpc.stub.ClientCalls.getUnchecked(ClientCalls.java:214)
	at org.apache.ratis.thirdparty.io.grpc.stub.ClientCalls.blockingUnaryCall(ClientCalls.java:139)
	at org.apache.ratis.proto.grpc.RaftServerProtocolServiceGrpc$RaftServerProtocolServiceBlockingStub.requestVote(RaftServerProtocolServiceGrpc.java:265)
	at org.apache.ratis.grpc.server.GrpcServerProtocolClient.requestVote(GrpcServerProtocolClient.java:99)
	at org.apache.ratis.grpc.server.GrpcService.requestVote(GrpcService.java:204)
	at org.apache.ratis.server.impl.LeaderElection.lambda$submitRequests$1(LeaderElection.java:234)
	at java.util.concurrent.FutureTask.run(FutureTask.java:266)
	at java.util.concurrent.Executors$RunnableAdapter.call(Executors.java:511)
	at java.util.concurrent.FutureTask.run(FutureTask.java:266)
	at java.util.concurrent.ThreadPoolExecutor.runWorker(ThreadPoolExecutor.java:1149)
	at java.util.concurrent.ThreadPoolExecutor$Worker.run(ThreadPoolExecutor.java:624)
	... 1 more
Caused by: org.apache.ratis.thirdparty.io.netty.channel.AbstractChannel$AnnotatedConnectException: Connection refused: /192.168.34.38:45833
	at sun.nio.ch.SocketChannelImpl.checkConnect(Native Method)
	at sun.nio.ch.SocketChannelImpl.finishConnect(SocketChannelImpl.java:717)
	at org.apache.ratis.thirdparty.io.netty.channel.socket.nio.NioSocketChannel.doFinishConnect(NioSocketChannel.java:327)
	at org.apache.ratis.thirdparty.io.netty.channel.nio.AbstractNioChannel$AbstractNioUnsafe.finishConnect(AbstractNioChannel.java:340)
	at org.apache.ratis.thirdparty.io.netty.channel.nio.NioEventLoop.processSelectedKey(NioEventLoop.java:632)
	at org.apache.ratis.thirdparty.io.netty.channel.nio.NioEventLoop.processSelectedKeysOptimized(NioEventLoop.java:579)
	at org.apache.ratis.thirdparty.io.netty.channel.nio.NioEventLoop.processSelectedKeys(NioEventLoop.java:496)
	at org.apache.ratis.thirdparty.io.netty.channel.nio.NioEventLoop.run(NioEventLoop.java:458)
	at org.apache.ratis.thirdparty.io.netty.util.concurrent.SingleThreadEventExecutor$5.run(SingleThreadEventExecutor.java:897)
	at org.apache.ratis.thirdparty.io.netty.util.concurrent.FastThreadLocalRunnable.run(FastThreadLocalRunnable.java:30)
	... 1 more
Caused by: java.net.ConnectException: Connection refused
	... 11 more
2019-10-16 21:02:19,675 [4b287a15-77af-487b-aef7-34d1d0ee189f@group-83C26644CFDA-LeaderElection446] INFO  impl.LeaderElection (LeaderElection.java:logAndReturn(56)) - 4b287a15-77af-487b-aef7-34d1d0ee189f@group-83C26644CFDA-LeaderElection446: Election REJECTED; received 0 response(s) [] and 2 exception(s); 4b287a15-77af-487b-aef7-34d1d0ee189f@group-83C26644CFDA:t473, leader=null, voted=4b287a15-77af-487b-aef7-34d1d0ee189f, raftlog=4b287a15-77af-487b-aef7-34d1d0ee189f@group-83C26644CFDA-SegmentedRaftLog:OPENED:c-1,f-1,i0, conf=-1: [4b287a15-77af-487b-aef7-34d1d0ee189f:192.168.34.38:38597, 0aa3649f-570d-46c6-937f-492d7f3a8364:192.168.34.38:33209, 4a03179f-3169-4ac7-a075-259968512ef0:192.168.34.38:45833], old=null
2019-10-16 21:02:19,675 [4b287a15-77af-487b-aef7-34d1d0ee189f@group-83C26644CFDA-LeaderElection446] INFO  impl.LeaderElection (LogUtils.java:infoOrTrace(149)) -   Exception 0: {}
java.util.concurrent.ExecutionException: org.apache.ratis.thirdparty.io.grpc.StatusRuntimeException: UNAVAILABLE: io exception
	at java.util.concurrent.FutureTask.report(FutureTask.java:122)
	at java.util.concurrent.FutureTask.get(FutureTask.java:192)
	at org.apache.ratis.server.impl.LeaderElection.waitForResults(LeaderElection.java:259)
	at org.apache.ratis.server.impl.LeaderElection.askForVotes(LeaderElection.java:197)
	at org.apache.ratis.server.impl.LeaderElection.run(LeaderElection.java:133)
	at java.lang.Thread.run(Thread.java:748)
Caused by: org.apache.ratis.thirdparty.io.grpc.StatusRuntimeException: UNAVAILABLE: io exception
	at org.apache.ratis.thirdparty.io.grpc.stub.ClientCalls.toStatusRuntimeException(ClientCalls.java:233)
	at org.apache.ratis.thirdparty.io.grpc.stub.ClientCalls.getUnchecked(ClientCalls.java:214)
	at org.apache.ratis.thirdparty.io.grpc.stub.ClientCalls.blockingUnaryCall(ClientCalls.java:139)
	at org.apache.ratis.proto.grpc.RaftServerProtocolServiceGrpc$RaftServerProtocolServiceBlockingStub.requestVote(RaftServerProtocolServiceGrpc.java:265)
	at org.apache.ratis.grpc.server.GrpcServerProtocolClient.requestVote(GrpcServerProtocolClient.java:99)
	at org.apache.ratis.grpc.server.GrpcService.requestVote(GrpcService.java:204)
	at org.apache.ratis.server.impl.LeaderElection.lambda$submitRequests$1(LeaderElection.java:234)
	at java.util.concurrent.FutureTask.run(FutureTask.java:266)
	at java.util.concurrent.Executors$RunnableAdapter.call(Executors.java:511)
	at java.util.concurrent.FutureTask.run(FutureTask.java:266)
	at java.util.concurrent.ThreadPoolExecutor.runWorker(ThreadPoolExecutor.java:1149)
	at java.util.concurrent.ThreadPoolExecutor$Worker.run(ThreadPoolExecutor.java:624)
	... 1 more
Caused by: org.apache.ratis.thirdparty.io.netty.channel.AbstractChannel$AnnotatedConnectException: Connection refused: /192.168.34.38:33209
	at sun.nio.ch.SocketChannelImpl.checkConnect(Native Method)
	at sun.nio.ch.SocketChannelImpl.finishConnect(SocketChannelImpl.java:717)
	at org.apache.ratis.thirdparty.io.netty.channel.socket.nio.NioSocketChannel.doFinishConnect(NioSocketChannel.java:327)
	at org.apache.ratis.thirdparty.io.netty.channel.nio.AbstractNioChannel$AbstractNioUnsafe.finishConnect(AbstractNioChannel.java:340)
	at org.apache.ratis.thirdparty.io.netty.channel.nio.NioEventLoop.processSelectedKey(NioEventLoop.java:632)
	at org.apache.ratis.thirdparty.io.netty.channel.nio.NioEventLoop.processSelectedKeysOptimized(NioEventLoop.java:579)
	at org.apache.ratis.thirdparty.io.netty.channel.nio.NioEventLoop.processSelectedKeys(NioEventLoop.java:496)
	at org.apache.ratis.thirdparty.io.netty.channel.nio.NioEventLoop.run(NioEventLoop.java:458)
	at org.apache.ratis.thirdparty.io.netty.util.concurrent.SingleThreadEventExecutor$5.run(SingleThreadEventExecutor.java:897)
	at org.apache.ratis.thirdparty.io.netty.util.concurrent.FastThreadLocalRunnable.run(FastThreadLocalRunnable.java:30)
	... 1 more
Caused by: java.net.ConnectException: Connection refused
	... 11 more
2019-10-16 21:02:19,675 [4b287a15-77af-487b-aef7-34d1d0ee189f@group-83C26644CFDA-LeaderElection446] INFO  impl.LeaderElection (LogUtils.java:infoOrTrace(149)) -   Exception 1: {}
java.util.concurrent.ExecutionException: org.apache.ratis.thirdparty.io.grpc.StatusRuntimeException: UNAVAILABLE: io exception
	at java.util.concurrent.FutureTask.report(FutureTask.java:122)
	at java.util.concurrent.FutureTask.get(FutureTask.java:192)
	at org.apache.ratis.server.impl.LeaderElection.waitForResults(LeaderElection.java:259)
	at org.apache.ratis.server.impl.LeaderElection.askForVotes(LeaderElection.java:197)
	at org.apache.ratis.server.impl.LeaderElection.run(LeaderElection.java:133)
	at java.lang.Thread.run(Thread.java:748)
Caused by: org.apache.ratis.thirdparty.io.grpc.StatusRuntimeException: UNAVAILABLE: io exception
	at org.apache.ratis.thirdparty.io.grpc.stub.ClientCalls.toStatusRuntimeException(ClientCalls.java:233)
	at org.apache.ratis.thirdparty.io.grpc.stub.ClientCalls.getUnchecked(ClientCalls.java:214)
	at org.apache.ratis.thirdparty.io.grpc.stub.ClientCalls.blockingUnaryCall(ClientCalls.java:139)
	at org.apache.ratis.proto.grpc.RaftServerProtocolServiceGrpc$RaftServerProtocolServiceBlockingStub.requestVote(RaftServerProtocolServiceGrpc.java:265)
	at org.apache.ratis.grpc.server.GrpcServerProtocolClient.requestVote(GrpcServerProtocolClient.java:99)
	at org.apache.ratis.grpc.server.GrpcService.requestVote(GrpcService.java:204)
	at org.apache.ratis.server.impl.LeaderElection.lambda$submitRequests$1(LeaderElection.java:234)
	at java.util.concurrent.FutureTask.run(FutureTask.java:266)
	at java.util.concurrent.Executors$RunnableAdapter.call(Executors.java:511)
	at java.util.concurrent.FutureTask.run(FutureTask.java:266)
	at java.util.concurrent.ThreadPoolExecutor.runWorker(ThreadPoolExecutor.java:1149)
	at java.util.concurrent.ThreadPoolExecutor$Worker.run(ThreadPoolExecutor.java:624)
	... 1 more
Caused by: org.apache.ratis.thirdparty.io.netty.channel.AbstractChannel$AnnotatedConnectException: Connection refused: /192.168.34.38:45833
	at sun.nio.ch.SocketChannelImpl.checkConnect(Native Method)
	at sun.nio.ch.SocketChannelImpl.finishConnect(SocketChannelImpl.java:717)
	at org.apache.ratis.thirdparty.io.netty.channel.socket.nio.NioSocketChannel.doFinishConnect(NioSocketChannel.java:327)
	at org.apache.ratis.thirdparty.io.netty.channel.nio.AbstractNioChannel$AbstractNioUnsafe.finishConnect(AbstractNioChannel.java:340)
	at org.apache.ratis.thirdparty.io.netty.channel.nio.NioEventLoop.processSelectedKey(NioEventLoop.java:632)
	at org.apache.ratis.thirdparty.io.netty.channel.nio.NioEventLoop.processSelectedKeysOptimized(NioEventLoop.java:579)
	at org.apache.ratis.thirdparty.io.netty.channel.nio.NioEventLoop.processSelectedKeys(NioEventLoop.java:496)
	at org.apache.ratis.thirdparty.io.netty.channel.nio.NioEventLoop.run(NioEventLoop.java:458)
	at org.apache.ratis.thirdparty.io.netty.util.concurrent.SingleThreadEventExecutor$5.run(SingleThreadEventExecutor.java:897)
	at org.apache.ratis.thirdparty.io.netty.util.concurrent.FastThreadLocalRunnable.run(FastThreadLocalRunnable.java:30)
	... 1 more
Caused by: java.net.ConnectException: Connection refused
	... 11 more
2019-10-16 21:02:19,675 [4b287a15-77af-487b-aef7-34d1d0ee189f@group-83C26644CFDA-LeaderElection446] INFO  impl.RaftServerImpl (RaftServerImpl.java:setRole(184)) - 4b287a15-77af-487b-aef7-34d1d0ee189f@group-83C26644CFDA: changes role from CANDIDATE to FOLLOWER at term 473 for DISCOVERED_A_NEW_TERM
2019-10-16 21:02:19,675 [4b287a15-77af-487b-aef7-34d1d0ee189f@group-83C26644CFDA-LeaderElection446] INFO  impl.RoleInfo (RoleInfo.java:shutdownLeaderElection(134)) - 4b287a15-77af-487b-aef7-34d1d0ee189f: shutdown LeaderElection
2019-10-16 21:02:19,676 [4b287a15-77af-487b-aef7-34d1d0ee189f@group-83C26644CFDA-LeaderElection446] INFO  impl.RoleInfo (RoleInfo.java:updateAndGet(143)) - 4b287a15-77af-487b-aef7-34d1d0ee189f: start FollowerState
2019-10-16 21:02:19,834 [Thread-3038] INFO  impl.FollowerState (FollowerState.java:run(108)) - 4b287a15-77af-487b-aef7-34d1d0ee189f@group-83C26644CFDA-FollowerState: change to CANDIDATE, lastRpcTime:158ms, electionTimeout:158ms
2019-10-16 21:02:19,834 [Thread-3038] INFO  impl.RoleInfo (RoleInfo.java:shutdownFollowerState(121)) - 4b287a15-77af-487b-aef7-34d1d0ee189f: shutdown FollowerState
2019-10-16 21:02:19,834 [Thread-3038] INFO  impl.RaftServerImpl (RaftServerImpl.java:setRole(184)) - 4b287a15-77af-487b-aef7-34d1d0ee189f@group-83C26644CFDA: changes role from  FOLLOWER to CANDIDATE at term 473 for changeToCandidate
2019-10-16 21:02:19,834 [Thread-3038] INFO  impl.RoleInfo (RoleInfo.java:updateAndGet(143)) - 4b287a15-77af-487b-aef7-34d1d0ee189f: start LeaderElection
2019-10-16 21:02:19,846 [4b287a15-77af-487b-aef7-34d1d0ee189f@group-83C26644CFDA-LeaderElection447] INFO  impl.LeaderElection (LeaderElection.java:askForVotes(178)) - 4b287a15-77af-487b-aef7-34d1d0ee189f@group-83C26644CFDA-LeaderElection447: begin an election at term 474 for -1: [4b287a15-77af-487b-aef7-34d1d0ee189f:192.168.34.38:38597, 0aa3649f-570d-46c6-937f-492d7f3a8364:192.168.34.38:33209, 4a03179f-3169-4ac7-a075-259968512ef0:192.168.34.38:45833], old=null
2019-10-16 21:02:19,847 [4b287a15-77af-487b-aef7-34d1d0ee189f@group-83C26644CFDA-LeaderElection447] INFO  impl.LeaderElection (LogUtils.java:infoOrTrace(149)) - 4b287a15-77af-487b-aef7-34d1d0ee189f@group-83C26644CFDA-LeaderElection447 got exception when requesting votes: {}
java.util.concurrent.ExecutionException: org.apache.ratis.thirdparty.io.grpc.StatusRuntimeException: UNAVAILABLE: io exception
	at java.util.concurrent.FutureTask.report(FutureTask.java:122)
	at java.util.concurrent.FutureTask.get(FutureTask.java:192)
	at org.apache.ratis.server.impl.LeaderElection.waitForResults(LeaderElection.java:259)
	at org.apache.ratis.server.impl.LeaderElection.askForVotes(LeaderElection.java:197)
	at org.apache.ratis.server.impl.LeaderElection.run(LeaderElection.java:133)
	at java.lang.Thread.run(Thread.java:748)
Caused by: org.apache.ratis.thirdparty.io.grpc.StatusRuntimeException: UNAVAILABLE: io exception
	at org.apache.ratis.thirdparty.io.grpc.stub.ClientCalls.toStatusRuntimeException(ClientCalls.java:233)
	at org.apache.ratis.thirdparty.io.grpc.stub.ClientCalls.getUnchecked(ClientCalls.java:214)
	at org.apache.ratis.thirdparty.io.grpc.stub.ClientCalls.blockingUnaryCall(ClientCalls.java:139)
	at org.apache.ratis.proto.grpc.RaftServerProtocolServiceGrpc$RaftServerProtocolServiceBlockingStub.requestVote(RaftServerProtocolServiceGrpc.java:265)
	at org.apache.ratis.grpc.server.GrpcServerProtocolClient.requestVote(GrpcServerProtocolClient.java:99)
	at org.apache.ratis.grpc.server.GrpcService.requestVote(GrpcService.java:204)
	at org.apache.ratis.server.impl.LeaderElection.lambda$submitRequests$1(LeaderElection.java:234)
	at java.util.concurrent.FutureTask.run(FutureTask.java:266)
	at java.util.concurrent.Executors$RunnableAdapter.call(Executors.java:511)
	at java.util.concurrent.FutureTask.run(FutureTask.java:266)
	at java.util.concurrent.ThreadPoolExecutor.runWorker(ThreadPoolExecutor.java:1149)
	at java.util.concurrent.ThreadPoolExecutor$Worker.run(ThreadPoolExecutor.java:624)
	... 1 more
Caused by: org.apache.ratis.thirdparty.io.netty.channel.AbstractChannel$AnnotatedConnectException: Connection refused: /192.168.34.38:33209
	at sun.nio.ch.SocketChannelImpl.checkConnect(Native Method)
	at sun.nio.ch.SocketChannelImpl.finishConnect(SocketChannelImpl.java:717)
	at org.apache.ratis.thirdparty.io.netty.channel.socket.nio.NioSocketChannel.doFinishConnect(NioSocketChannel.java:327)
	at org.apache.ratis.thirdparty.io.netty.channel.nio.AbstractNioChannel$AbstractNioUnsafe.finishConnect(AbstractNioChannel.java:340)
	at org.apache.ratis.thirdparty.io.netty.channel.nio.NioEventLoop.processSelectedKey(NioEventLoop.java:632)
	at org.apache.ratis.thirdparty.io.netty.channel.nio.NioEventLoop.processSelectedKeysOptimized(NioEventLoop.java:579)
	at org.apache.ratis.thirdparty.io.netty.channel.nio.NioEventLoop.processSelectedKeys(NioEventLoop.java:496)
	at org.apache.ratis.thirdparty.io.netty.channel.nio.NioEventLoop.run(NioEventLoop.java:458)
	at org.apache.ratis.thirdparty.io.netty.util.concurrent.SingleThreadEventExecutor$5.run(SingleThreadEventExecutor.java:897)
	at org.apache.ratis.thirdparty.io.netty.util.concurrent.FastThreadLocalRunnable.run(FastThreadLocalRunnable.java:30)
	... 1 more
Caused by: java.net.ConnectException: Connection refused
	... 11 more
2019-10-16 21:02:19,847 [4b287a15-77af-487b-aef7-34d1d0ee189f@group-83C26644CFDA-LeaderElection447] INFO  impl.LeaderElection (LogUtils.java:infoOrTrace(149)) - 4b287a15-77af-487b-aef7-34d1d0ee189f@group-83C26644CFDA-LeaderElection447 got exception when requesting votes: {}
java.util.concurrent.ExecutionException: org.apache.ratis.thirdparty.io.grpc.StatusRuntimeException: UNAVAILABLE: io exception
	at java.util.concurrent.FutureTask.report(FutureTask.java:122)
	at java.util.concurrent.FutureTask.get(FutureTask.java:192)
	at org.apache.ratis.server.impl.LeaderElection.waitForResults(LeaderElection.java:259)
	at org.apache.ratis.server.impl.LeaderElection.askForVotes(LeaderElection.java:197)
	at org.apache.ratis.server.impl.LeaderElection.run(LeaderElection.java:133)
	at java.lang.Thread.run(Thread.java:748)
Caused by: org.apache.ratis.thirdparty.io.grpc.StatusRuntimeException: UNAVAILABLE: io exception
	at org.apache.ratis.thirdparty.io.grpc.stub.ClientCalls.toStatusRuntimeException(ClientCalls.java:233)
	at org.apache.ratis.thirdparty.io.grpc.stub.ClientCalls.getUnchecked(ClientCalls.java:214)
	at org.apache.ratis.thirdparty.io.grpc.stub.ClientCalls.blockingUnaryCall(ClientCalls.java:139)
	at org.apache.ratis.proto.grpc.RaftServerProtocolServiceGrpc$RaftServerProtocolServiceBlockingStub.requestVote(RaftServerProtocolServiceGrpc.java:265)
	at org.apache.ratis.grpc.server.GrpcServerProtocolClient.requestVote(GrpcServerProtocolClient.java:99)
	at org.apache.ratis.grpc.server.GrpcService.requestVote(GrpcService.java:204)
	at org.apache.ratis.server.impl.LeaderElection.lambda$submitRequests$1(LeaderElection.java:234)
	at java.util.concurrent.FutureTask.run(FutureTask.java:266)
	at java.util.concurrent.Executors$RunnableAdapter.call(Executors.java:511)
	at java.util.concurrent.FutureTask.run(FutureTask.java:266)
	at java.util.concurrent.ThreadPoolExecutor.runWorker(ThreadPoolExecutor.java:1149)
	at java.util.concurrent.ThreadPoolExecutor$Worker.run(ThreadPoolExecutor.java:624)
	... 1 more
Caused by: org.apache.ratis.thirdparty.io.netty.channel.AbstractChannel$AnnotatedConnectException: Connection refused: /192.168.34.38:45833
	at sun.nio.ch.SocketChannelImpl.checkConnect(Native Method)
	at sun.nio.ch.SocketChannelImpl.finishConnect(SocketChannelImpl.java:717)
	at org.apache.ratis.thirdparty.io.netty.channel.socket.nio.NioSocketChannel.doFinishConnect(NioSocketChannel.java:327)
	at org.apache.ratis.thirdparty.io.netty.channel.nio.AbstractNioChannel$AbstractNioUnsafe.finishConnect(AbstractNioChannel.java:340)
	at org.apache.ratis.thirdparty.io.netty.channel.nio.NioEventLoop.processSelectedKey(NioEventLoop.java:632)
	at org.apache.ratis.thirdparty.io.netty.channel.nio.NioEventLoop.processSelectedKeysOptimized(NioEventLoop.java:579)
	at org.apache.ratis.thirdparty.io.netty.channel.nio.NioEventLoop.processSelectedKeys(NioEventLoop.java:496)
	at org.apache.ratis.thirdparty.io.netty.channel.nio.NioEventLoop.run(NioEventLoop.java:458)
	at org.apache.ratis.thirdparty.io.netty.util.concurrent.SingleThreadEventExecutor$5.run(SingleThreadEventExecutor.java:897)
	at org.apache.ratis.thirdparty.io.netty.util.concurrent.FastThreadLocalRunnable.run(FastThreadLocalRunnable.java:30)
	... 1 more
Caused by: java.net.ConnectException: Connection refused
	... 11 more
2019-10-16 21:02:19,848 [4b287a15-77af-487b-aef7-34d1d0ee189f@group-83C26644CFDA-LeaderElection447] INFO  impl.LeaderElection (LeaderElection.java:logAndReturn(56)) - 4b287a15-77af-487b-aef7-34d1d0ee189f@group-83C26644CFDA-LeaderElection447: Election REJECTED; received 0 response(s) [] and 2 exception(s); 4b287a15-77af-487b-aef7-34d1d0ee189f@group-83C26644CFDA:t474, leader=null, voted=4b287a15-77af-487b-aef7-34d1d0ee189f, raftlog=4b287a15-77af-487b-aef7-34d1d0ee189f@group-83C26644CFDA-SegmentedRaftLog:OPENED:c-1,f-1,i0, conf=-1: [4b287a15-77af-487b-aef7-34d1d0ee189f:192.168.34.38:38597, 0aa3649f-570d-46c6-937f-492d7f3a8364:192.168.34.38:33209, 4a03179f-3169-4ac7-a075-259968512ef0:192.168.34.38:45833], old=null
2019-10-16 21:02:19,848 [4b287a15-77af-487b-aef7-34d1d0ee189f@group-83C26644CFDA-LeaderElection447] INFO  impl.LeaderElection (LogUtils.java:infoOrTrace(149)) -   Exception 0: {}
java.util.concurrent.ExecutionException: org.apache.ratis.thirdparty.io.grpc.StatusRuntimeException: UNAVAILABLE: io exception
	at java.util.concurrent.FutureTask.report(FutureTask.java:122)
	at java.util.concurrent.FutureTask.get(FutureTask.java:192)
	at org.apache.ratis.server.impl.LeaderElection.waitForResults(LeaderElection.java:259)
	at org.apache.ratis.server.impl.LeaderElection.askForVotes(LeaderElection.java:197)
	at org.apache.ratis.server.impl.LeaderElection.run(LeaderElection.java:133)
	at java.lang.Thread.run(Thread.java:748)
Caused by: org.apache.ratis.thirdparty.io.grpc.StatusRuntimeException: UNAVAILABLE: io exception
	at org.apache.ratis.thirdparty.io.grpc.stub.ClientCalls.toStatusRuntimeException(ClientCalls.java:233)
	at org.apache.ratis.thirdparty.io.grpc.stub.ClientCalls.getUnchecked(ClientCalls.java:214)
	at org.apache.ratis.thirdparty.io.grpc.stub.ClientCalls.blockingUnaryCall(ClientCalls.java:139)
	at org.apache.ratis.proto.grpc.RaftServerProtocolServiceGrpc$RaftServerProtocolServiceBlockingStub.requestVote(RaftServerProtocolServiceGrpc.java:265)
	at org.apache.ratis.grpc.server.GrpcServerProtocolClient.requestVote(GrpcServerProtocolClient.java:99)
	at org.apache.ratis.grpc.server.GrpcService.requestVote(GrpcService.java:204)
	at org.apache.ratis.server.impl.LeaderElection.lambda$submitRequests$1(LeaderElection.java:234)
	at java.util.concurrent.FutureTask.run(FutureTask.java:266)
	at java.util.concurrent.Executors$RunnableAdapter.call(Executors.java:511)
	at java.util.concurrent.FutureTask.run(FutureTask.java:266)
	at java.util.concurrent.ThreadPoolExecutor.runWorker(ThreadPoolExecutor.java:1149)
	at java.util.concurrent.ThreadPoolExecutor$Worker.run(ThreadPoolExecutor.java:624)
	... 1 more
Caused by: org.apache.ratis.thirdparty.io.netty.channel.AbstractChannel$AnnotatedConnectException: Connection refused: /192.168.34.38:33209
	at sun.nio.ch.SocketChannelImpl.checkConnect(Native Method)
	at sun.nio.ch.SocketChannelImpl.finishConnect(SocketChannelImpl.java:717)
	at org.apache.ratis.thirdparty.io.netty.channel.socket.nio.NioSocketChannel.doFinishConnect(NioSocketChannel.java:327)
	at org.apache.ratis.thirdparty.io.netty.channel.nio.AbstractNioChannel$AbstractNioUnsafe.finishConnect(AbstractNioChannel.java:340)
	at org.apache.ratis.thirdparty.io.netty.channel.nio.NioEventLoop.processSelectedKey(NioEventLoop.java:632)
	at org.apache.ratis.thirdparty.io.netty.channel.nio.NioEventLoop.processSelectedKeysOptimized(NioEventLoop.java:579)
	at org.apache.ratis.thirdparty.io.netty.channel.nio.NioEventLoop.processSelectedKeys(NioEventLoop.java:496)
	at org.apache.ratis.thirdparty.io.netty.channel.nio.NioEventLoop.run(NioEventLoop.java:458)
	at org.apache.ratis.thirdparty.io.netty.util.concurrent.SingleThreadEventExecutor$5.run(SingleThreadEventExecutor.java:897)
	at org.apache.ratis.thirdparty.io.netty.util.concurrent.FastThreadLocalRunnable.run(FastThreadLocalRunnable.java:30)
	... 1 more
Caused by: java.net.ConnectException: Connection refused
	... 11 more
2019-10-16 21:02:19,848 [4b287a15-77af-487b-aef7-34d1d0ee189f@group-83C26644CFDA-LeaderElection447] INFO  impl.LeaderElection (LogUtils.java:infoOrTrace(149)) -   Exception 1: {}
java.util.concurrent.ExecutionException: org.apache.ratis.thirdparty.io.grpc.StatusRuntimeException: UNAVAILABLE: io exception
	at java.util.concurrent.FutureTask.report(FutureTask.java:122)
	at java.util.concurrent.FutureTask.get(FutureTask.java:192)
	at org.apache.ratis.server.impl.LeaderElection.waitForResults(LeaderElection.java:259)
	at org.apache.ratis.server.impl.LeaderElection.askForVotes(LeaderElection.java:197)
	at org.apache.ratis.server.impl.LeaderElection.run(LeaderElection.java:133)
	at java.lang.Thread.run(Thread.java:748)
Caused by: org.apache.ratis.thirdparty.io.grpc.StatusRuntimeException: UNAVAILABLE: io exception
	at org.apache.ratis.thirdparty.io.grpc.stub.ClientCalls.toStatusRuntimeException(ClientCalls.java:233)
	at org.apache.ratis.thirdparty.io.grpc.stub.ClientCalls.getUnchecked(ClientCalls.java:214)
	at org.apache.ratis.thirdparty.io.grpc.stub.ClientCalls.blockingUnaryCall(ClientCalls.java:139)
	at org.apache.ratis.proto.grpc.RaftServerProtocolServiceGrpc$RaftServerProtocolServiceBlockingStub.requestVote(RaftServerProtocolServiceGrpc.java:265)
	at org.apache.ratis.grpc.server.GrpcServerProtocolClient.requestVote(GrpcServerProtocolClient.java:99)
	at org.apache.ratis.grpc.server.GrpcService.requestVote(GrpcService.java:204)
	at org.apache.ratis.server.impl.LeaderElection.lambda$submitRequests$1(LeaderElection.java:234)
	at java.util.concurrent.FutureTask.run(FutureTask.java:266)
	at java.util.concurrent.Executors$RunnableAdapter.call(Executors.java:511)
	at java.util.concurrent.FutureTask.run(FutureTask.java:266)
	at java.util.concurrent.ThreadPoolExecutor.runWorker(ThreadPoolExecutor.java:1149)
	at java.util.concurrent.ThreadPoolExecutor$Worker.run(ThreadPoolExecutor.java:624)
	... 1 more
Caused by: org.apache.ratis.thirdparty.io.netty.channel.AbstractChannel$AnnotatedConnectException: Connection refused: /192.168.34.38:45833
	at sun.nio.ch.SocketChannelImpl.checkConnect(Native Method)
	at sun.nio.ch.SocketChannelImpl.finishConnect(SocketChannelImpl.java:717)
	at org.apache.ratis.thirdparty.io.netty.channel.socket.nio.NioSocketChannel.doFinishConnect(NioSocketChannel.java:327)
	at org.apache.ratis.thirdparty.io.netty.channel.nio.AbstractNioChannel$AbstractNioUnsafe.finishConnect(AbstractNioChannel.java:340)
	at org.apache.ratis.thirdparty.io.netty.channel.nio.NioEventLoop.processSelectedKey(NioEventLoop.java:632)
	at org.apache.ratis.thirdparty.io.netty.channel.nio.NioEventLoop.processSelectedKeysOptimized(NioEventLoop.java:579)
	at org.apache.ratis.thirdparty.io.netty.channel.nio.NioEventLoop.processSelectedKeys(NioEventLoop.java:496)
	at org.apache.ratis.thirdparty.io.netty.channel.nio.NioEventLoop.run(NioEventLoop.java:458)
	at org.apache.ratis.thirdparty.io.netty.util.concurrent.SingleThreadEventExecutor$5.run(SingleThreadEventExecutor.java:897)
	at org.apache.ratis.thirdparty.io.netty.util.concurrent.FastThreadLocalRunnable.run(FastThreadLocalRunnable.java:30)
	... 1 more
Caused by: java.net.ConnectException: Connection refused
	... 11 more
2019-10-16 21:02:19,848 [4b287a15-77af-487b-aef7-34d1d0ee189f@group-83C26644CFDA-LeaderElection447] INFO  impl.RaftServerImpl (RaftServerImpl.java:setRole(184)) - 4b287a15-77af-487b-aef7-34d1d0ee189f@group-83C26644CFDA: changes role from CANDIDATE to FOLLOWER at term 474 for DISCOVERED_A_NEW_TERM
2019-10-16 21:02:19,848 [4b287a15-77af-487b-aef7-34d1d0ee189f@group-83C26644CFDA-LeaderElection447] INFO  impl.RoleInfo (RoleInfo.java:shutdownLeaderElection(134)) - 4b287a15-77af-487b-aef7-34d1d0ee189f: shutdown LeaderElection
2019-10-16 21:02:19,848 [4b287a15-77af-487b-aef7-34d1d0ee189f@group-83C26644CFDA-LeaderElection447] INFO  impl.RoleInfo (RoleInfo.java:updateAndGet(143)) - 4b287a15-77af-487b-aef7-34d1d0ee189f: start FollowerState
2019-10-16 21:02:19,853 [Thread-3042] INFO  impl.FollowerState (FollowerState.java:run(108)) - 4b287a15-77af-487b-aef7-34d1d0ee189f@group-83C26644CFDA-FollowerState: change to CANDIDATE, lastRpcTime:4ms, electionTimeout:4ms
2019-10-16 21:02:19,853 [Thread-3042] INFO  impl.RoleInfo (RoleInfo.java:shutdownFollowerState(121)) - 4b287a15-77af-487b-aef7-34d1d0ee189f: shutdown FollowerState
2019-10-16 21:02:19,853 [Thread-3042] INFO  impl.RaftServerImpl (RaftServerImpl.java:setRole(184)) - 4b287a15-77af-487b-aef7-34d1d0ee189f@group-83C26644CFDA: changes role from  FOLLOWER to CANDIDATE at term 474 for changeToCandidate
2019-10-16 21:02:19,853 [Thread-3042] INFO  impl.RoleInfo (RoleInfo.java:updateAndGet(143)) - 4b287a15-77af-487b-aef7-34d1d0ee189f: start LeaderElection
2019-10-16 21:02:19,867 [4b287a15-77af-487b-aef7-34d1d0ee189f@group-83C26644CFDA-LeaderElection448] INFO  impl.LeaderElection (LeaderElection.java:askForVotes(178)) - 4b287a15-77af-487b-aef7-34d1d0ee189f@group-83C26644CFDA-LeaderElection448: begin an election at term 475 for -1: [4b287a15-77af-487b-aef7-34d1d0ee189f:192.168.34.38:38597, 0aa3649f-570d-46c6-937f-492d7f3a8364:192.168.34.38:33209, 4a03179f-3169-4ac7-a075-259968512ef0:192.168.34.38:45833], old=null
2019-10-16 21:02:19,867 [4b287a15-77af-487b-aef7-34d1d0ee189f@group-83C26644CFDA-LeaderElection448] INFO  impl.LeaderElection (LogUtils.java:infoOrTrace(149)) - 4b287a15-77af-487b-aef7-34d1d0ee189f@group-83C26644CFDA-LeaderElection448 got exception when requesting votes: {}
java.util.concurrent.ExecutionException: org.apache.ratis.thirdparty.io.grpc.StatusRuntimeException: UNAVAILABLE: io exception
	at java.util.concurrent.FutureTask.report(FutureTask.java:122)
	at java.util.concurrent.FutureTask.get(FutureTask.java:192)
	at org.apache.ratis.server.impl.LeaderElection.waitForResults(LeaderElection.java:259)
	at org.apache.ratis.server.impl.LeaderElection.askForVotes(LeaderElection.java:197)
	at org.apache.ratis.server.impl.LeaderElection.run(LeaderElection.java:133)
	at java.lang.Thread.run(Thread.java:748)
Caused by: org.apache.ratis.thirdparty.io.grpc.StatusRuntimeException: UNAVAILABLE: io exception
	at org.apache.ratis.thirdparty.io.grpc.stub.ClientCalls.toStatusRuntimeException(ClientCalls.java:233)
	at org.apache.ratis.thirdparty.io.grpc.stub.ClientCalls.getUnchecked(ClientCalls.java:214)
	at org.apache.ratis.thirdparty.io.grpc.stub.ClientCalls.blockingUnaryCall(ClientCalls.java:139)
	at org.apache.ratis.proto.grpc.RaftServerProtocolServiceGrpc$RaftServerProtocolServiceBlockingStub.requestVote(RaftServerProtocolServiceGrpc.java:265)
	at org.apache.ratis.grpc.server.GrpcServerProtocolClient.requestVote(GrpcServerProtocolClient.java:99)
	at org.apache.ratis.grpc.server.GrpcService.requestVote(GrpcService.java:204)
	at org.apache.ratis.server.impl.LeaderElection.lambda$submitRequests$1(LeaderElection.java:234)
	at java.util.concurrent.FutureTask.run(FutureTask.java:266)
	at java.util.concurrent.Executors$RunnableAdapter.call(Executors.java:511)
	at java.util.concurrent.FutureTask.run(FutureTask.java:266)
	at java.util.concurrent.ThreadPoolExecutor.runWorker(ThreadPoolExecutor.java:1149)
	at java.util.concurrent.ThreadPoolExecutor$Worker.run(ThreadPoolExecutor.java:624)
	... 1 more
Caused by: org.apache.ratis.thirdparty.io.netty.channel.AbstractChannel$AnnotatedConnectException: Connection refused: /192.168.34.38:33209
	at sun.nio.ch.SocketChannelImpl.checkConnect(Native Method)
	at sun.nio.ch.SocketChannelImpl.finishConnect(SocketChannelImpl.java:717)
	at org.apache.ratis.thirdparty.io.netty.channel.socket.nio.NioSocketChannel.doFinishConnect(NioSocketChannel.java:327)
	at org.apache.ratis.thirdparty.io.netty.channel.nio.AbstractNioChannel$AbstractNioUnsafe.finishConnect(AbstractNioChannel.java:340)
	at org.apache.ratis.thirdparty.io.netty.channel.nio.NioEventLoop.processSelectedKey(NioEventLoop.java:632)
	at org.apache.ratis.thirdparty.io.netty.channel.nio.NioEventLoop.processSelectedKeysOptimized(NioEventLoop.java:579)
	at org.apache.ratis.thirdparty.io.netty.channel.nio.NioEventLoop.processSelectedKeys(NioEventLoop.java:496)
	at org.apache.ratis.thirdparty.io.netty.channel.nio.NioEventLoop.run(NioEventLoop.java:458)
	at org.apache.ratis.thirdparty.io.netty.util.concurrent.SingleThreadEventExecutor$5.run(SingleThreadEventExecutor.java:897)
	at org.apache.ratis.thirdparty.io.netty.util.concurrent.FastThreadLocalRunnable.run(FastThreadLocalRunnable.java:30)
	... 1 more
Caused by: java.net.ConnectException: Connection refused
	... 11 more
2019-10-16 21:02:19,868 [4b287a15-77af-487b-aef7-34d1d0ee189f@group-83C26644CFDA-LeaderElection448] INFO  impl.LeaderElection (LogUtils.java:infoOrTrace(149)) - 4b287a15-77af-487b-aef7-34d1d0ee189f@group-83C26644CFDA-LeaderElection448 got exception when requesting votes: {}
java.util.concurrent.ExecutionException: org.apache.ratis.thirdparty.io.grpc.StatusRuntimeException: UNAVAILABLE: io exception
	at java.util.concurrent.FutureTask.report(FutureTask.java:122)
	at java.util.concurrent.FutureTask.get(FutureTask.java:192)
	at org.apache.ratis.server.impl.LeaderElection.waitForResults(LeaderElection.java:259)
	at org.apache.ratis.server.impl.LeaderElection.askForVotes(LeaderElection.java:197)
	at org.apache.ratis.server.impl.LeaderElection.run(LeaderElection.java:133)
	at java.lang.Thread.run(Thread.java:748)
Caused by: org.apache.ratis.thirdparty.io.grpc.StatusRuntimeException: UNAVAILABLE: io exception
	at org.apache.ratis.thirdparty.io.grpc.stub.ClientCalls.toStatusRuntimeException(ClientCalls.java:233)
	at org.apache.ratis.thirdparty.io.grpc.stub.ClientCalls.getUnchecked(ClientCalls.java:214)
	at org.apache.ratis.thirdparty.io.grpc.stub.ClientCalls.blockingUnaryCall(ClientCalls.java:139)
	at org.apache.ratis.proto.grpc.RaftServerProtocolServiceGrpc$RaftServerProtocolServiceBlockingStub.requestVote(RaftServerProtocolServiceGrpc.java:265)
	at org.apache.ratis.grpc.server.GrpcServerProtocolClient.requestVote(GrpcServerProtocolClient.java:99)
	at org.apache.ratis.grpc.server.GrpcService.requestVote(GrpcService.java:204)
	at org.apache.ratis.server.impl.LeaderElection.lambda$submitRequests$1(LeaderElection.java:234)
	at java.util.concurrent.FutureTask.run(FutureTask.java:266)
	at java.util.concurrent.Executors$RunnableAdapter.call(Executors.java:511)
	at java.util.concurrent.FutureTask.run(FutureTask.java:266)
	at java.util.concurrent.ThreadPoolExecutor.runWorker(ThreadPoolExecutor.java:1149)
	at java.util.concurrent.ThreadPoolExecutor$Worker.run(ThreadPoolExecutor.java:624)
	... 1 more
Caused by: org.apache.ratis.thirdparty.io.netty.channel.AbstractChannel$AnnotatedConnectException: Connection refused: /192.168.34.38:45833
	at sun.nio.ch.SocketChannelImpl.checkConnect(Native Method)
	at sun.nio.ch.SocketChannelImpl.finishConnect(SocketChannelImpl.java:717)
	at org.apache.ratis.thirdparty.io.netty.channel.socket.nio.NioSocketChannel.doFinishConnect(NioSocketChannel.java:327)
	at org.apache.ratis.thirdparty.io.netty.channel.nio.AbstractNioChannel$AbstractNioUnsafe.finishConnect(AbstractNioChannel.java:340)
	at org.apache.ratis.thirdparty.io.netty.channel.nio.NioEventLoop.processSelectedKey(NioEventLoop.java:632)
	at org.apache.ratis.thirdparty.io.netty.channel.nio.NioEventLoop.processSelectedKeysOptimized(NioEventLoop.java:579)
	at org.apache.ratis.thirdparty.io.netty.channel.nio.NioEventLoop.processSelectedKeys(NioEventLoop.java:496)
	at org.apache.ratis.thirdparty.io.netty.channel.nio.NioEventLoop.run(NioEventLoop.java:458)
	at org.apache.ratis.thirdparty.io.netty.util.concurrent.SingleThreadEventExecutor$5.run(SingleThreadEventExecutor.java:897)
	at org.apache.ratis.thirdparty.io.netty.util.concurrent.FastThreadLocalRunnable.run(FastThreadLocalRunnable.java:30)
	... 1 more
Caused by: java.net.ConnectException: Connection refused
	... 11 more
2019-10-16 21:02:19,868 [4b287a15-77af-487b-aef7-34d1d0ee189f@group-83C26644CFDA-LeaderElection448] INFO  impl.LeaderElection (LeaderElection.java:logAndReturn(56)) - 4b287a15-77af-487b-aef7-34d1d0ee189f@group-83C26644CFDA-LeaderElection448: Election REJECTED; received 0 response(s) [] and 2 exception(s); 4b287a15-77af-487b-aef7-34d1d0ee189f@group-83C26644CFDA:t475, leader=null, voted=4b287a15-77af-487b-aef7-34d1d0ee189f, raftlog=4b287a15-77af-487b-aef7-34d1d0ee189f@group-83C26644CFDA-SegmentedRaftLog:OPENED:c-1,f-1,i0, conf=-1: [4b287a15-77af-487b-aef7-34d1d0ee189f:192.168.34.38:38597, 0aa3649f-570d-46c6-937f-492d7f3a8364:192.168.34.38:33209, 4a03179f-3169-4ac7-a075-259968512ef0:192.168.34.38:45833], old=null
2019-10-16 21:02:19,868 [4b287a15-77af-487b-aef7-34d1d0ee189f@group-83C26644CFDA-LeaderElection448] INFO  impl.LeaderElection (LogUtils.java:infoOrTrace(149)) -   Exception 0: {}
java.util.concurrent.ExecutionException: org.apache.ratis.thirdparty.io.grpc.StatusRuntimeException: UNAVAILABLE: io exception
	at java.util.concurrent.FutureTask.report(FutureTask.java:122)
	at java.util.concurrent.FutureTask.get(FutureTask.java:192)
	at org.apache.ratis.server.impl.LeaderElection.waitForResults(LeaderElection.java:259)
	at org.apache.ratis.server.impl.LeaderElection.askForVotes(LeaderElection.java:197)
	at org.apache.ratis.server.impl.LeaderElection.run(LeaderElection.java:133)
	at java.lang.Thread.run(Thread.java:748)
Caused by: org.apache.ratis.thirdparty.io.grpc.StatusRuntimeException: UNAVAILABLE: io exception
	at org.apache.ratis.thirdparty.io.grpc.stub.ClientCalls.toStatusRuntimeException(ClientCalls.java:233)
	at org.apache.ratis.thirdparty.io.grpc.stub.ClientCalls.getUnchecked(ClientCalls.java:214)
	at org.apache.ratis.thirdparty.io.grpc.stub.ClientCalls.blockingUnaryCall(ClientCalls.java:139)
	at org.apache.ratis.proto.grpc.RaftServerProtocolServiceGrpc$RaftServerProtocolServiceBlockingStub.requestVote(RaftServerProtocolServiceGrpc.java:265)
	at org.apache.ratis.grpc.server.GrpcServerProtocolClient.requestVote(GrpcServerProtocolClient.java:99)
	at org.apache.ratis.grpc.server.GrpcService.requestVote(GrpcService.java:204)
	at org.apache.ratis.server.impl.LeaderElection.lambda$submitRequests$1(LeaderElection.java:234)
	at java.util.concurrent.FutureTask.run(FutureTask.java:266)
	at java.util.concurrent.Executors$RunnableAdapter.call(Executors.java:511)
	at java.util.concurrent.FutureTask.run(FutureTask.java:266)
	at java.util.concurrent.ThreadPoolExecutor.runWorker(ThreadPoolExecutor.java:1149)
	at java.util.concurrent.ThreadPoolExecutor$Worker.run(ThreadPoolExecutor.java:624)
	... 1 more
Caused by: org.apache.ratis.thirdparty.io.netty.channel.AbstractChannel$AnnotatedConnectException: Connection refused: /192.168.34.38:33209
	at sun.nio.ch.SocketChannelImpl.checkConnect(Native Method)
	at sun.nio.ch.SocketChannelImpl.finishConnect(SocketChannelImpl.java:717)
	at org.apache.ratis.thirdparty.io.netty.channel.socket.nio.NioSocketChannel.doFinishConnect(NioSocketChannel.java:327)
	at org.apache.ratis.thirdparty.io.netty.channel.nio.AbstractNioChannel$AbstractNioUnsafe.finishConnect(AbstractNioChannel.java:340)
	at org.apache.ratis.thirdparty.io.netty.channel.nio.NioEventLoop.processSelectedKey(NioEventLoop.java:632)
	at org.apache.ratis.thirdparty.io.netty.channel.nio.NioEventLoop.processSelectedKeysOptimized(NioEventLoop.java:579)
	at org.apache.ratis.thirdparty.io.netty.channel.nio.NioEventLoop.processSelectedKeys(NioEventLoop.java:496)
	at org.apache.ratis.thirdparty.io.netty.channel.nio.NioEventLoop.run(NioEventLoop.java:458)
	at org.apache.ratis.thirdparty.io.netty.util.concurrent.SingleThreadEventExecutor$5.run(SingleThreadEventExecutor.java:897)
	at org.apache.ratis.thirdparty.io.netty.util.concurrent.FastThreadLocalRunnable.run(FastThreadLocalRunnable.java:30)
	... 1 more
Caused by: java.net.ConnectException: Connection refused
	... 11 more
2019-10-16 21:02:19,868 [4b287a15-77af-487b-aef7-34d1d0ee189f@group-83C26644CFDA-LeaderElection448] INFO  impl.LeaderElection (LogUtils.java:infoOrTrace(149)) -   Exception 1: {}
java.util.concurrent.ExecutionException: org.apache.ratis.thirdparty.io.grpc.StatusRuntimeException: UNAVAILABLE: io exception
	at java.util.concurrent.FutureTask.report(FutureTask.java:122)
	at java.util.concurrent.FutureTask.get(FutureTask.java:192)
	at org.apache.ratis.server.impl.LeaderElection.waitForResults(LeaderElection.java:259)
	at org.apache.ratis.server.impl.LeaderElection.askForVotes(LeaderElection.java:197)
	at org.apache.ratis.server.impl.LeaderElection.run(LeaderElection.java:133)
	at java.lang.Thread.run(Thread.java:748)
Caused by: org.apache.ratis.thirdparty.io.grpc.StatusRuntimeException: UNAVAILABLE: io exception
	at org.apache.ratis.thirdparty.io.grpc.stub.ClientCalls.toStatusRuntimeException(ClientCalls.java:233)
	at org.apache.ratis.thirdparty.io.grpc.stub.ClientCalls.getUnchecked(ClientCalls.java:214)
	at org.apache.ratis.thirdparty.io.grpc.stub.ClientCalls.blockingUnaryCall(ClientCalls.java:139)
	at org.apache.ratis.proto.grpc.RaftServerProtocolServiceGrpc$RaftServerProtocolServiceBlockingStub.requestVote(RaftServerProtocolServiceGrpc.java:265)
	at org.apache.ratis.grpc.server.GrpcServerProtocolClient.requestVote(GrpcServerProtocolClient.java:99)
	at org.apache.ratis.grpc.server.GrpcService.requestVote(GrpcService.java:204)
	at org.apache.ratis.server.impl.LeaderElection.lambda$submitRequests$1(LeaderElection.java:234)
	at java.util.concurrent.FutureTask.run(FutureTask.java:266)
	at java.util.concurrent.Executors$RunnableAdapter.call(Executors.java:511)
	at java.util.concurrent.FutureTask.run(FutureTask.java:266)
	at java.util.concurrent.ThreadPoolExecutor.runWorker(ThreadPoolExecutor.java:1149)
	at java.util.concurrent.ThreadPoolExecutor$Worker.run(ThreadPoolExecutor.java:624)
	... 1 more
Caused by: org.apache.ratis.thirdparty.io.netty.channel.AbstractChannel$AnnotatedConnectException: Connection refused: /192.168.34.38:45833
	at sun.nio.ch.SocketChannelImpl.checkConnect(Native Method)
	at sun.nio.ch.SocketChannelImpl.finishConnect(SocketChannelImpl.java:717)
	at org.apache.ratis.thirdparty.io.netty.channel.socket.nio.NioSocketChannel.doFinishConnect(NioSocketChannel.java:327)
	at org.apache.ratis.thirdparty.io.netty.channel.nio.AbstractNioChannel$AbstractNioUnsafe.finishConnect(AbstractNioChannel.java:340)
	at org.apache.ratis.thirdparty.io.netty.channel.nio.NioEventLoop.processSelectedKey(NioEventLoop.java:632)
	at org.apache.ratis.thirdparty.io.netty.channel.nio.NioEventLoop.processSelectedKeysOptimized(NioEventLoop.java:579)
	at org.apache.ratis.thirdparty.io.netty.channel.nio.NioEventLoop.processSelectedKeys(NioEventLoop.java:496)
	at org.apache.ratis.thirdparty.io.netty.channel.nio.NioEventLoop.run(NioEventLoop.java:458)
	at org.apache.ratis.thirdparty.io.netty.util.concurrent.SingleThreadEventExecutor$5.run(SingleThreadEventExecutor.java:897)
	at org.apache.ratis.thirdparty.io.netty.util.concurrent.FastThreadLocalRunnable.run(FastThreadLocalRunnable.java:30)
	... 1 more
Caused by: java.net.ConnectException: Connection refused
	... 11 more
2019-10-16 21:02:19,869 [4b287a15-77af-487b-aef7-34d1d0ee189f@group-83C26644CFDA-LeaderElection448] INFO  impl.RaftServerImpl (RaftServerImpl.java:setRole(184)) - 4b287a15-77af-487b-aef7-34d1d0ee189f@group-83C26644CFDA: changes role from CANDIDATE to FOLLOWER at term 475 for DISCOVERED_A_NEW_TERM
2019-10-16 21:02:19,869 [4b287a15-77af-487b-aef7-34d1d0ee189f@group-83C26644CFDA-LeaderElection448] INFO  impl.RoleInfo (RoleInfo.java:shutdownLeaderElection(134)) - 4b287a15-77af-487b-aef7-34d1d0ee189f: shutdown LeaderElection
2019-10-16 21:02:19,869 [4b287a15-77af-487b-aef7-34d1d0ee189f@group-83C26644CFDA-LeaderElection448] INFO  impl.RoleInfo (RoleInfo.java:updateAndGet(143)) - 4b287a15-77af-487b-aef7-34d1d0ee189f: start FollowerState
2019-10-16 21:02:20,068 [Thread-3046] INFO  impl.FollowerState (FollowerState.java:run(108)) - 4b287a15-77af-487b-aef7-34d1d0ee189f@group-83C26644CFDA-FollowerState: change to CANDIDATE, lastRpcTime:199ms, electionTimeout:199ms
2019-10-16 21:02:20,069 [Thread-3046] INFO  impl.RoleInfo (RoleInfo.java:shutdownFollowerState(121)) - 4b287a15-77af-487b-aef7-34d1d0ee189f: shutdown FollowerState
2019-10-16 21:02:20,069 [Thread-3046] INFO  impl.RaftServerImpl (RaftServerImpl.java:setRole(184)) - 4b287a15-77af-487b-aef7-34d1d0ee189f@group-83C26644CFDA: changes role from  FOLLOWER to CANDIDATE at term 475 for changeToCandidate
2019-10-16 21:02:20,069 [Thread-3046] INFO  impl.RoleInfo (RoleInfo.java:updateAndGet(143)) - 4b287a15-77af-487b-aef7-34d1d0ee189f: start LeaderElection
2019-10-16 21:02:20,083 [4b287a15-77af-487b-aef7-34d1d0ee189f@group-83C26644CFDA-LeaderElection449] INFO  impl.LeaderElection (LeaderElection.java:askForVotes(178)) - 4b287a15-77af-487b-aef7-34d1d0ee189f@group-83C26644CFDA-LeaderElection449: begin an election at term 476 for -1: [4b287a15-77af-487b-aef7-34d1d0ee189f:192.168.34.38:38597, 0aa3649f-570d-46c6-937f-492d7f3a8364:192.168.34.38:33209, 4a03179f-3169-4ac7-a075-259968512ef0:192.168.34.38:45833], old=null
2019-10-16 21:02:20,084 [4b287a15-77af-487b-aef7-34d1d0ee189f@group-83C26644CFDA-LeaderElection449] INFO  impl.LeaderElection (LogUtils.java:infoOrTrace(149)) - 4b287a15-77af-487b-aef7-34d1d0ee189f@group-83C26644CFDA-LeaderElection449 got exception when requesting votes: {}
java.util.concurrent.ExecutionException: org.apache.ratis.thirdparty.io.grpc.StatusRuntimeException: UNAVAILABLE: io exception
	at java.util.concurrent.FutureTask.report(FutureTask.java:122)
	at java.util.concurrent.FutureTask.get(FutureTask.java:192)
	at org.apache.ratis.server.impl.LeaderElection.waitForResults(LeaderElection.java:259)
	at org.apache.ratis.server.impl.LeaderElection.askForVotes(LeaderElection.java:197)
	at org.apache.ratis.server.impl.LeaderElection.run(LeaderElection.java:133)
	at java.lang.Thread.run(Thread.java:748)
Caused by: org.apache.ratis.thirdparty.io.grpc.StatusRuntimeException: UNAVAILABLE: io exception
	at org.apache.ratis.thirdparty.io.grpc.stub.ClientCalls.toStatusRuntimeException(ClientCalls.java:233)
	at org.apache.ratis.thirdparty.io.grpc.stub.ClientCalls.getUnchecked(ClientCalls.java:214)
	at org.apache.ratis.thirdparty.io.grpc.stub.ClientCalls.blockingUnaryCall(ClientCalls.java:139)
	at org.apache.ratis.proto.grpc.RaftServerProtocolServiceGrpc$RaftServerProtocolServiceBlockingStub.requestVote(RaftServerProtocolServiceGrpc.java:265)
	at org.apache.ratis.grpc.server.GrpcServerProtocolClient.requestVote(GrpcServerProtocolClient.java:99)
	at org.apache.ratis.grpc.server.GrpcService.requestVote(GrpcService.java:204)
	at org.apache.ratis.server.impl.LeaderElection.lambda$submitRequests$1(LeaderElection.java:234)
	at java.util.concurrent.FutureTask.run(FutureTask.java:266)
	at java.util.concurrent.Executors$RunnableAdapter.call(Executors.java:511)
	at java.util.concurrent.FutureTask.run(FutureTask.java:266)
	at java.util.concurrent.ThreadPoolExecutor.runWorker(ThreadPoolExecutor.java:1149)
	at java.util.concurrent.ThreadPoolExecutor$Worker.run(ThreadPoolExecutor.java:624)
	... 1 more
Caused by: org.apache.ratis.thirdparty.io.netty.channel.AbstractChannel$AnnotatedConnectException: Connection refused: /192.168.34.38:33209
	at sun.nio.ch.SocketChannelImpl.checkConnect(Native Method)
	at sun.nio.ch.SocketChannelImpl.finishConnect(SocketChannelImpl.java:717)
	at org.apache.ratis.thirdparty.io.netty.channel.socket.nio.NioSocketChannel.doFinishConnect(NioSocketChannel.java:327)
	at org.apache.ratis.thirdparty.io.netty.channel.nio.AbstractNioChannel$AbstractNioUnsafe.finishConnect(AbstractNioChannel.java:340)
	at org.apache.ratis.thirdparty.io.netty.channel.nio.NioEventLoop.processSelectedKey(NioEventLoop.java:632)
	at org.apache.ratis.thirdparty.io.netty.channel.nio.NioEventLoop.processSelectedKeysOptimized(NioEventLoop.java:579)
	at org.apache.ratis.thirdparty.io.netty.channel.nio.NioEventLoop.processSelectedKeys(NioEventLoop.java:496)
	at org.apache.ratis.thirdparty.io.netty.channel.nio.NioEventLoop.run(NioEventLoop.java:458)
	at org.apache.ratis.thirdparty.io.netty.util.concurrent.SingleThreadEventExecutor$5.run(SingleThreadEventExecutor.java:897)
	at org.apache.ratis.thirdparty.io.netty.util.concurrent.FastThreadLocalRunnable.run(FastThreadLocalRunnable.java:30)
	... 1 more
Caused by: java.net.ConnectException: Connection refused
	... 11 more
2019-10-16 21:02:20,084 [4b287a15-77af-487b-aef7-34d1d0ee189f@group-83C26644CFDA-LeaderElection449] INFO  impl.LeaderElection (LogUtils.java:infoOrTrace(149)) - 4b287a15-77af-487b-aef7-34d1d0ee189f@group-83C26644CFDA-LeaderElection449 got exception when requesting votes: {}
java.util.concurrent.ExecutionException: org.apache.ratis.thirdparty.io.grpc.StatusRuntimeException: UNAVAILABLE: io exception
	at java.util.concurrent.FutureTask.report(FutureTask.java:122)
	at java.util.concurrent.FutureTask.get(FutureTask.java:192)
	at org.apache.ratis.server.impl.LeaderElection.waitForResults(LeaderElection.java:259)
	at org.apache.ratis.server.impl.LeaderElection.askForVotes(LeaderElection.java:197)
	at org.apache.ratis.server.impl.LeaderElection.run(LeaderElection.java:133)
	at java.lang.Thread.run(Thread.java:748)
Caused by: org.apache.ratis.thirdparty.io.grpc.StatusRuntimeException: UNAVAILABLE: io exception
	at org.apache.ratis.thirdparty.io.grpc.stub.ClientCalls.toStatusRuntimeException(ClientCalls.java:233)
	at org.apache.ratis.thirdparty.io.grpc.stub.ClientCalls.getUnchecked(ClientCalls.java:214)
	at org.apache.ratis.thirdparty.io.grpc.stub.ClientCalls.blockingUnaryCall(ClientCalls.java:139)
	at org.apache.ratis.proto.grpc.RaftServerProtocolServiceGrpc$RaftServerProtocolServiceBlockingStub.requestVote(RaftServerProtocolServiceGrpc.java:265)
	at org.apache.ratis.grpc.server.GrpcServerProtocolClient.requestVote(GrpcServerProtocolClient.java:99)
	at org.apache.ratis.grpc.server.GrpcService.requestVote(GrpcService.java:204)
	at org.apache.ratis.server.impl.LeaderElection.lambda$submitRequests$1(LeaderElection.java:234)
	at java.util.concurrent.FutureTask.run(FutureTask.java:266)
	at java.util.concurrent.Executors$RunnableAdapter.call(Executors.java:511)
	at java.util.concurrent.FutureTask.run(FutureTask.java:266)
	at java.util.concurrent.ThreadPoolExecutor.runWorker(ThreadPoolExecutor.java:1149)
	at java.util.concurrent.ThreadPoolExecutor$Worker.run(ThreadPoolExecutor.java:624)
	... 1 more
Caused by: org.apache.ratis.thirdparty.io.netty.channel.AbstractChannel$AnnotatedConnectException: Connection refused: /192.168.34.38:45833
	at sun.nio.ch.SocketChannelImpl.checkConnect(Native Method)
	at sun.nio.ch.SocketChannelImpl.finishConnect(SocketChannelImpl.java:717)
	at org.apache.ratis.thirdparty.io.netty.channel.socket.nio.NioSocketChannel.doFinishConnect(NioSocketChannel.java:327)
	at org.apache.ratis.thirdparty.io.netty.channel.nio.AbstractNioChannel$AbstractNioUnsafe.finishConnect(AbstractNioChannel.java:340)
	at org.apache.ratis.thirdparty.io.netty.channel.nio.NioEventLoop.processSelectedKey(NioEventLoop.java:632)
	at org.apache.ratis.thirdparty.io.netty.channel.nio.NioEventLoop.processSelectedKeysOptimized(NioEventLoop.java:579)
	at org.apache.ratis.thirdparty.io.netty.channel.nio.NioEventLoop.processSelectedKeys(NioEventLoop.java:496)
	at org.apache.ratis.thirdparty.io.netty.channel.nio.NioEventLoop.run(NioEventLoop.java:458)
	at org.apache.ratis.thirdparty.io.netty.util.concurrent.SingleThreadEventExecutor$5.run(SingleThreadEventExecutor.java:897)
	at org.apache.ratis.thirdparty.io.netty.util.concurrent.FastThreadLocalRunnable.run(FastThreadLocalRunnable.java:30)
	... 1 more
Caused by: java.net.ConnectException: Connection refused
	... 11 more
2019-10-16 21:02:20,085 [4b287a15-77af-487b-aef7-34d1d0ee189f@group-83C26644CFDA-LeaderElection449] INFO  impl.LeaderElection (LeaderElection.java:logAndReturn(56)) - 4b287a15-77af-487b-aef7-34d1d0ee189f@group-83C26644CFDA-LeaderElection449: Election REJECTED; received 0 response(s) [] and 2 exception(s); 4b287a15-77af-487b-aef7-34d1d0ee189f@group-83C26644CFDA:t476, leader=null, voted=4b287a15-77af-487b-aef7-34d1d0ee189f, raftlog=4b287a15-77af-487b-aef7-34d1d0ee189f@group-83C26644CFDA-SegmentedRaftLog:OPENED:c-1,f-1,i0, conf=-1: [4b287a15-77af-487b-aef7-34d1d0ee189f:192.168.34.38:38597, 0aa3649f-570d-46c6-937f-492d7f3a8364:192.168.34.38:33209, 4a03179f-3169-4ac7-a075-259968512ef0:192.168.34.38:45833], old=null
2019-10-16 21:02:20,085 [4b287a15-77af-487b-aef7-34d1d0ee189f@group-83C26644CFDA-LeaderElection449] INFO  impl.LeaderElection (LogUtils.java:infoOrTrace(149)) -   Exception 0: {}
java.util.concurrent.ExecutionException: org.apache.ratis.thirdparty.io.grpc.StatusRuntimeException: UNAVAILABLE: io exception
	at java.util.concurrent.FutureTask.report(FutureTask.java:122)
	at java.util.concurrent.FutureTask.get(FutureTask.java:192)
	at org.apache.ratis.server.impl.LeaderElection.waitForResults(LeaderElection.java:259)
	at org.apache.ratis.server.impl.LeaderElection.askForVotes(LeaderElection.java:197)
	at org.apache.ratis.server.impl.LeaderElection.run(LeaderElection.java:133)
	at java.lang.Thread.run(Thread.java:748)
Caused by: org.apache.ratis.thirdparty.io.grpc.StatusRuntimeException: UNAVAILABLE: io exception
	at org.apache.ratis.thirdparty.io.grpc.stub.ClientCalls.toStatusRuntimeException(ClientCalls.java:233)
	at org.apache.ratis.thirdparty.io.grpc.stub.ClientCalls.getUnchecked(ClientCalls.java:214)
	at org.apache.ratis.thirdparty.io.grpc.stub.ClientCalls.blockingUnaryCall(ClientCalls.java:139)
	at org.apache.ratis.proto.grpc.RaftServerProtocolServiceGrpc$RaftServerProtocolServiceBlockingStub.requestVote(RaftServerProtocolServiceGrpc.java:265)
	at org.apache.ratis.grpc.server.GrpcServerProtocolClient.requestVote(GrpcServerProtocolClient.java:99)
	at org.apache.ratis.grpc.server.GrpcService.requestVote(GrpcService.java:204)
	at org.apache.ratis.server.impl.LeaderElection.lambda$submitRequests$1(LeaderElection.java:234)
	at java.util.concurrent.FutureTask.run(FutureTask.java:266)
	at java.util.concurrent.Executors$RunnableAdapter.call(Executors.java:511)
	at java.util.concurrent.FutureTask.run(FutureTask.java:266)
	at java.util.concurrent.ThreadPoolExecutor.runWorker(ThreadPoolExecutor.java:1149)
	at java.util.concurrent.ThreadPoolExecutor$Worker.run(ThreadPoolExecutor.java:624)
	... 1 more
Caused by: org.apache.ratis.thirdparty.io.netty.channel.AbstractChannel$AnnotatedConnectException: Connection refused: /192.168.34.38:33209
	at sun.nio.ch.SocketChannelImpl.checkConnect(Native Method)
	at sun.nio.ch.SocketChannelImpl.finishConnect(SocketChannelImpl.java:717)
	at org.apache.ratis.thirdparty.io.netty.channel.socket.nio.NioSocketChannel.doFinishConnect(NioSocketChannel.java:327)
	at org.apache.ratis.thirdparty.io.netty.channel.nio.AbstractNioChannel$AbstractNioUnsafe.finishConnect(AbstractNioChannel.java:340)
	at org.apache.ratis.thirdparty.io.netty.channel.nio.NioEventLoop.processSelectedKey(NioEventLoop.java:632)
	at org.apache.ratis.thirdparty.io.netty.channel.nio.NioEventLoop.processSelectedKeysOptimized(NioEventLoop.java:579)
	at org.apache.ratis.thirdparty.io.netty.channel.nio.NioEventLoop.processSelectedKeys(NioEventLoop.java:496)
	at org.apache.ratis.thirdparty.io.netty.channel.nio.NioEventLoop.run(NioEventLoop.java:458)
	at org.apache.ratis.thirdparty.io.netty.util.concurrent.SingleThreadEventExecutor$5.run(SingleThreadEventExecutor.java:897)
	at org.apache.ratis.thirdparty.io.netty.util.concurrent.FastThreadLocalRunnable.run(FastThreadLocalRunnable.java:30)
	... 1 more
Caused by: java.net.ConnectException: Connection refused
	... 11 more
2019-10-16 21:02:20,085 [4b287a15-77af-487b-aef7-34d1d0ee189f@group-83C26644CFDA-LeaderElection449] INFO  impl.LeaderElection (LogUtils.java:infoOrTrace(149)) -   Exception 1: {}
java.util.concurrent.ExecutionException: org.apache.ratis.thirdparty.io.grpc.StatusRuntimeException: UNAVAILABLE: io exception
	at java.util.concurrent.FutureTask.report(FutureTask.java:122)
	at java.util.concurrent.FutureTask.get(FutureTask.java:192)
	at org.apache.ratis.server.impl.LeaderElection.waitForResults(LeaderElection.java:259)
	at org.apache.ratis.server.impl.LeaderElection.askForVotes(LeaderElection.java:197)
	at org.apache.ratis.server.impl.LeaderElection.run(LeaderElection.java:133)
	at java.lang.Thread.run(Thread.java:748)
Caused by: org.apache.ratis.thirdparty.io.grpc.StatusRuntimeException: UNAVAILABLE: io exception
	at org.apache.ratis.thirdparty.io.grpc.stub.ClientCalls.toStatusRuntimeException(ClientCalls.java:233)
	at org.apache.ratis.thirdparty.io.grpc.stub.ClientCalls.getUnchecked(ClientCalls.java:214)
	at org.apache.ratis.thirdparty.io.grpc.stub.ClientCalls.blockingUnaryCall(ClientCalls.java:139)
	at org.apache.ratis.proto.grpc.RaftServerProtocolServiceGrpc$RaftServerProtocolServiceBlockingStub.requestVote(RaftServerProtocolServiceGrpc.java:265)
	at org.apache.ratis.grpc.server.GrpcServerProtocolClient.requestVote(GrpcServerProtocolClient.java:99)
	at org.apache.ratis.grpc.server.GrpcService.requestVote(GrpcService.java:204)
	at org.apache.ratis.server.impl.LeaderElection.lambda$submitRequests$1(LeaderElection.java:234)
	at java.util.concurrent.FutureTask.run(FutureTask.java:266)
	at java.util.concurrent.Executors$RunnableAdapter.call(Executors.java:511)
	at java.util.concurrent.FutureTask.run(FutureTask.java:266)
	at java.util.concurrent.ThreadPoolExecutor.runWorker(ThreadPoolExecutor.java:1149)
	at java.util.concurrent.ThreadPoolExecutor$Worker.run(ThreadPoolExecutor.java:624)
	... 1 more
Caused by: org.apache.ratis.thirdparty.io.netty.channel.AbstractChannel$AnnotatedConnectException: Connection refused: /192.168.34.38:45833
	at sun.nio.ch.SocketChannelImpl.checkConnect(Native Method)
	at sun.nio.ch.SocketChannelImpl.finishConnect(SocketChannelImpl.java:717)
	at org.apache.ratis.thirdparty.io.netty.channel.socket.nio.NioSocketChannel.doFinishConnect(NioSocketChannel.java:327)
	at org.apache.ratis.thirdparty.io.netty.channel.nio.AbstractNioChannel$AbstractNioUnsafe.finishConnect(AbstractNioChannel.java:340)
	at org.apache.ratis.thirdparty.io.netty.channel.nio.NioEventLoop.processSelectedKey(NioEventLoop.java:632)
	at org.apache.ratis.thirdparty.io.netty.channel.nio.NioEventLoop.processSelectedKeysOptimized(NioEventLoop.java:579)
	at org.apache.ratis.thirdparty.io.netty.channel.nio.NioEventLoop.processSelectedKeys(NioEventLoop.java:496)
	at org.apache.ratis.thirdparty.io.netty.channel.nio.NioEventLoop.run(NioEventLoop.java:458)
	at org.apache.ratis.thirdparty.io.netty.util.concurrent.SingleThreadEventExecutor$5.run(SingleThreadEventExecutor.java:897)
	at org.apache.ratis.thirdparty.io.netty.util.concurrent.FastThreadLocalRunnable.run(FastThreadLocalRunnable.java:30)
	... 1 more
Caused by: java.net.ConnectException: Connection refused
	... 11 more
2019-10-16 21:02:20,086 [4b287a15-77af-487b-aef7-34d1d0ee189f@group-83C26644CFDA-LeaderElection449] INFO  impl.RaftServerImpl (RaftServerImpl.java:setRole(184)) - 4b287a15-77af-487b-aef7-34d1d0ee189f@group-83C26644CFDA: changes role from CANDIDATE to FOLLOWER at term 476 for DISCOVERED_A_NEW_TERM
2019-10-16 21:02:20,086 [4b287a15-77af-487b-aef7-34d1d0ee189f@group-83C26644CFDA-LeaderElection449] INFO  impl.RoleInfo (RoleInfo.java:shutdownLeaderElection(134)) - 4b287a15-77af-487b-aef7-34d1d0ee189f: shutdown LeaderElection
2019-10-16 21:02:20,086 [4b287a15-77af-487b-aef7-34d1d0ee189f@group-83C26644CFDA-LeaderElection449] INFO  impl.RoleInfo (RoleInfo.java:updateAndGet(143)) - 4b287a15-77af-487b-aef7-34d1d0ee189f: start FollowerState
2019-10-16 21:02:20,147 [Thread-3050] INFO  impl.FollowerState (FollowerState.java:run(108)) - 4b287a15-77af-487b-aef7-34d1d0ee189f@group-83C26644CFDA-FollowerState: change to CANDIDATE, lastRpcTime:61ms, electionTimeout:61ms
2019-10-16 21:02:20,147 [Thread-3050] INFO  impl.RoleInfo (RoleInfo.java:shutdownFollowerState(121)) - 4b287a15-77af-487b-aef7-34d1d0ee189f: shutdown FollowerState
2019-10-16 21:02:20,148 [Thread-3050] INFO  impl.RaftServerImpl (RaftServerImpl.java:setRole(184)) - 4b287a15-77af-487b-aef7-34d1d0ee189f@group-83C26644CFDA: changes role from  FOLLOWER to CANDIDATE at term 476 for changeToCandidate
2019-10-16 21:02:20,148 [Thread-3050] INFO  impl.RoleInfo (RoleInfo.java:updateAndGet(143)) - 4b287a15-77af-487b-aef7-34d1d0ee189f: start LeaderElection
2019-10-16 21:02:20,153 [4b287a15-77af-487b-aef7-34d1d0ee189f@group-83C26644CFDA-LeaderElection450] INFO  impl.LeaderElection (LeaderElection.java:askForVotes(178)) - 4b287a15-77af-487b-aef7-34d1d0ee189f@group-83C26644CFDA-LeaderElection450: begin an election at term 477 for -1: [4b287a15-77af-487b-aef7-34d1d0ee189f:192.168.34.38:38597, 0aa3649f-570d-46c6-937f-492d7f3a8364:192.168.34.38:33209, 4a03179f-3169-4ac7-a075-259968512ef0:192.168.34.38:45833], old=null
2019-10-16 21:02:20,154 [4b287a15-77af-487b-aef7-34d1d0ee189f@group-83C26644CFDA-LeaderElection450] INFO  impl.LeaderElection (LogUtils.java:infoOrTrace(149)) - 4b287a15-77af-487b-aef7-34d1d0ee189f@group-83C26644CFDA-LeaderElection450 got exception when requesting votes: {}
java.util.concurrent.ExecutionException: org.apache.ratis.thirdparty.io.grpc.StatusRuntimeException: UNAVAILABLE: io exception
	at java.util.concurrent.FutureTask.report(FutureTask.java:122)
	at java.util.concurrent.FutureTask.get(FutureTask.java:192)
	at org.apache.ratis.server.impl.LeaderElection.waitForResults(LeaderElection.java:259)
	at org.apache.ratis.server.impl.LeaderElection.askForVotes(LeaderElection.java:197)
	at org.apache.ratis.server.impl.LeaderElection.run(LeaderElection.java:133)
	at java.lang.Thread.run(Thread.java:748)
Caused by: org.apache.ratis.thirdparty.io.grpc.StatusRuntimeException: UNAVAILABLE: io exception
	at org.apache.ratis.thirdparty.io.grpc.stub.ClientCalls.toStatusRuntimeException(ClientCalls.java:233)
	at org.apache.ratis.thirdparty.io.grpc.stub.ClientCalls.getUnchecked(ClientCalls.java:214)
	at org.apache.ratis.thirdparty.io.grpc.stub.ClientCalls.blockingUnaryCall(ClientCalls.java:139)
	at org.apache.ratis.proto.grpc.RaftServerProtocolServiceGrpc$RaftServerProtocolServiceBlockingStub.requestVote(RaftServerProtocolServiceGrpc.java:265)
	at org.apache.ratis.grpc.server.GrpcServerProtocolClient.requestVote(GrpcServerProtocolClient.java:99)
	at org.apache.ratis.grpc.server.GrpcService.requestVote(GrpcService.java:204)
	at org.apache.ratis.server.impl.LeaderElection.lambda$submitRequests$1(LeaderElection.java:234)
	at java.util.concurrent.FutureTask.run(FutureTask.java:266)
	at java.util.concurrent.Executors$RunnableAdapter.call(Executors.java:511)
	at java.util.concurrent.FutureTask.run(FutureTask.java:266)
	at java.util.concurrent.ThreadPoolExecutor.runWorker(ThreadPoolExecutor.java:1149)
	at java.util.concurrent.ThreadPoolExecutor$Worker.run(ThreadPoolExecutor.java:624)
	... 1 more
Caused by: org.apache.ratis.thirdparty.io.netty.channel.AbstractChannel$AnnotatedConnectException: Connection refused: /192.168.34.38:45833
	at sun.nio.ch.SocketChannelImpl.checkConnect(Native Method)
	at sun.nio.ch.SocketChannelImpl.finishConnect(SocketChannelImpl.java:717)
	at org.apache.ratis.thirdparty.io.netty.channel.socket.nio.NioSocketChannel.doFinishConnect(NioSocketChannel.java:327)
	at org.apache.ratis.thirdparty.io.netty.channel.nio.AbstractNioChannel$AbstractNioUnsafe.finishConnect(AbstractNioChannel.java:340)
	at org.apache.ratis.thirdparty.io.netty.channel.nio.NioEventLoop.processSelectedKey(NioEventLoop.java:632)
	at org.apache.ratis.thirdparty.io.netty.channel.nio.NioEventLoop.processSelectedKeysOptimized(NioEventLoop.java:579)
	at org.apache.ratis.thirdparty.io.netty.channel.nio.NioEventLoop.processSelectedKeys(NioEventLoop.java:496)
	at org.apache.ratis.thirdparty.io.netty.channel.nio.NioEventLoop.run(NioEventLoop.java:458)
	at org.apache.ratis.thirdparty.io.netty.util.concurrent.SingleThreadEventExecutor$5.run(SingleThreadEventExecutor.java:897)
	at org.apache.ratis.thirdparty.io.netty.util.concurrent.FastThreadLocalRunnable.run(FastThreadLocalRunnable.java:30)
	... 1 more
Caused by: java.net.ConnectException: Connection refused
	... 11 more
2019-10-16 21:02:20,155 [4b287a15-77af-487b-aef7-34d1d0ee189f@group-83C26644CFDA-LeaderElection450] INFO  impl.LeaderElection (LogUtils.java:infoOrTrace(149)) - 4b287a15-77af-487b-aef7-34d1d0ee189f@group-83C26644CFDA-LeaderElection450 got exception when requesting votes: {}
java.util.concurrent.ExecutionException: org.apache.ratis.thirdparty.io.grpc.StatusRuntimeException: UNAVAILABLE: io exception
	at java.util.concurrent.FutureTask.report(FutureTask.java:122)
	at java.util.concurrent.FutureTask.get(FutureTask.java:192)
	at org.apache.ratis.server.impl.LeaderElection.waitForResults(LeaderElection.java:259)
	at org.apache.ratis.server.impl.LeaderElection.askForVotes(LeaderElection.java:197)
	at org.apache.ratis.server.impl.LeaderElection.run(LeaderElection.java:133)
	at java.lang.Thread.run(Thread.java:748)
Caused by: org.apache.ratis.thirdparty.io.grpc.StatusRuntimeException: UNAVAILABLE: io exception
	at org.apache.ratis.thirdparty.io.grpc.stub.ClientCalls.toStatusRuntimeException(ClientCalls.java:233)
	at org.apache.ratis.thirdparty.io.grpc.stub.ClientCalls.getUnchecked(ClientCalls.java:214)
	at org.apache.ratis.thirdparty.io.grpc.stub.ClientCalls.blockingUnaryCall(ClientCalls.java:139)
	at org.apache.ratis.proto.grpc.RaftServerProtocolServiceGrpc$RaftServerProtocolServiceBlockingStub.requestVote(RaftServerProtocolServiceGrpc.java:265)
	at org.apache.ratis.grpc.server.GrpcServerProtocolClient.requestVote(GrpcServerProtocolClient.java:99)
	at org.apache.ratis.grpc.server.GrpcService.requestVote(GrpcService.java:204)
	at org.apache.ratis.server.impl.LeaderElection.lambda$submitRequests$1(LeaderElection.java:234)
	at java.util.concurrent.FutureTask.run(FutureTask.java:266)
	at java.util.concurrent.Executors$RunnableAdapter.call(Executors.java:511)
	at java.util.concurrent.FutureTask.run(FutureTask.java:266)
	at java.util.concurrent.ThreadPoolExecutor.runWorker(ThreadPoolExecutor.java:1149)
	at java.util.concurrent.ThreadPoolExecutor$Worker.run(ThreadPoolExecutor.java:624)
	... 1 more
Caused by: org.apache.ratis.thirdparty.io.netty.channel.AbstractChannel$AnnotatedConnectException: Connection refused: /192.168.34.38:33209
	at sun.nio.ch.SocketChannelImpl.checkConnect(Native Method)
	at sun.nio.ch.SocketChannelImpl.finishConnect(SocketChannelImpl.java:717)
	at org.apache.ratis.thirdparty.io.netty.channel.socket.nio.NioSocketChannel.doFinishConnect(NioSocketChannel.java:327)
	at org.apache.ratis.thirdparty.io.netty.channel.nio.AbstractNioChannel$AbstractNioUnsafe.finishConnect(AbstractNioChannel.java:340)
	at org.apache.ratis.thirdparty.io.netty.channel.nio.NioEventLoop.processSelectedKey(NioEventLoop.java:632)
	at org.apache.ratis.thirdparty.io.netty.channel.nio.NioEventLoop.processSelectedKeysOptimized(NioEventLoop.java:579)
	at org.apache.ratis.thirdparty.io.netty.channel.nio.NioEventLoop.processSelectedKeys(NioEventLoop.java:496)
	at org.apache.ratis.thirdparty.io.netty.channel.nio.NioEventLoop.run(NioEventLoop.java:458)
	at org.apache.ratis.thirdparty.io.netty.util.concurrent.SingleThreadEventExecutor$5.run(SingleThreadEventExecutor.java:897)
	at org.apache.ratis.thirdparty.io.netty.util.concurrent.FastThreadLocalRunnable.run(FastThreadLocalRunnable.java:30)
	... 1 more
Caused by: java.net.ConnectException: Connection refused
	... 11 more
2019-10-16 21:02:20,155 [4b287a15-77af-487b-aef7-34d1d0ee189f@group-83C26644CFDA-LeaderElection450] INFO  impl.LeaderElection (LeaderElection.java:logAndReturn(56)) - 4b287a15-77af-487b-aef7-34d1d0ee189f@group-83C26644CFDA-LeaderElection450: Election REJECTED; received 0 response(s) [] and 2 exception(s); 4b287a15-77af-487b-aef7-34d1d0ee189f@group-83C26644CFDA:t477, leader=null, voted=4b287a15-77af-487b-aef7-34d1d0ee189f, raftlog=4b287a15-77af-487b-aef7-34d1d0ee189f@group-83C26644CFDA-SegmentedRaftLog:OPENED:c-1,f-1,i0, conf=-1: [4b287a15-77af-487b-aef7-34d1d0ee189f:192.168.34.38:38597, 0aa3649f-570d-46c6-937f-492d7f3a8364:192.168.34.38:33209, 4a03179f-3169-4ac7-a075-259968512ef0:192.168.34.38:45833], old=null
2019-10-16 21:02:20,156 [4b287a15-77af-487b-aef7-34d1d0ee189f@group-83C26644CFDA-LeaderElection450] INFO  impl.LeaderElection (LogUtils.java:infoOrTrace(149)) -   Exception 0: {}
java.util.concurrent.ExecutionException: org.apache.ratis.thirdparty.io.grpc.StatusRuntimeException: UNAVAILABLE: io exception
	at java.util.concurrent.FutureTask.report(FutureTask.java:122)
	at java.util.concurrent.FutureTask.get(FutureTask.java:192)
	at org.apache.ratis.server.impl.LeaderElection.waitForResults(LeaderElection.java:259)
	at org.apache.ratis.server.impl.LeaderElection.askForVotes(LeaderElection.java:197)
	at org.apache.ratis.server.impl.LeaderElection.run(LeaderElection.java:133)
	at java.lang.Thread.run(Thread.java:748)
Caused by: org.apache.ratis.thirdparty.io.grpc.StatusRuntimeException: UNAVAILABLE: io exception
	at org.apache.ratis.thirdparty.io.grpc.stub.ClientCalls.toStatusRuntimeException(ClientCalls.java:233)
	at org.apache.ratis.thirdparty.io.grpc.stub.ClientCalls.getUnchecked(ClientCalls.java:214)
	at org.apache.ratis.thirdparty.io.grpc.stub.ClientCalls.blockingUnaryCall(ClientCalls.java:139)
	at org.apache.ratis.proto.grpc.RaftServerProtocolServiceGrpc$RaftServerProtocolServiceBlockingStub.requestVote(RaftServerProtocolServiceGrpc.java:265)
	at org.apache.ratis.grpc.server.GrpcServerProtocolClient.requestVote(GrpcServerProtocolClient.java:99)
	at org.apache.ratis.grpc.server.GrpcService.requestVote(GrpcService.java:204)
	at org.apache.ratis.server.impl.LeaderElection.lambda$submitRequests$1(LeaderElection.java:234)
	at java.util.concurrent.FutureTask.run(FutureTask.java:266)
	at java.util.concurrent.Executors$RunnableAdapter.call(Executors.java:511)
	at java.util.concurrent.FutureTask.run(FutureTask.java:266)
	at java.util.concurrent.ThreadPoolExecutor.runWorker(ThreadPoolExecutor.java:1149)
	at java.util.concurrent.ThreadPoolExecutor$Worker.run(ThreadPoolExecutor.java:624)
	... 1 more
Caused by: org.apache.ratis.thirdparty.io.netty.channel.AbstractChannel$AnnotatedConnectException: Connection refused: /192.168.34.38:45833
	at sun.nio.ch.SocketChannelImpl.checkConnect(Native Method)
	at sun.nio.ch.SocketChannelImpl.finishConnect(SocketChannelImpl.java:717)
	at org.apache.ratis.thirdparty.io.netty.channel.socket.nio.NioSocketChannel.doFinishConnect(NioSocketChannel.java:327)
	at org.apache.ratis.thirdparty.io.netty.channel.nio.AbstractNioChannel$AbstractNioUnsafe.finishConnect(AbstractNioChannel.java:340)
	at org.apache.ratis.thirdparty.io.netty.channel.nio.NioEventLoop.processSelectedKey(NioEventLoop.java:632)
	at org.apache.ratis.thirdparty.io.netty.channel.nio.NioEventLoop.processSelectedKeysOptimized(NioEventLoop.java:579)
	at org.apache.ratis.thirdparty.io.netty.channel.nio.NioEventLoop.processSelectedKeys(NioEventLoop.java:496)
	at org.apache.ratis.thirdparty.io.netty.channel.nio.NioEventLoop.run(NioEventLoop.java:458)
	at org.apache.ratis.thirdparty.io.netty.util.concurrent.SingleThreadEventExecutor$5.run(SingleThreadEventExecutor.java:897)
	at org.apache.ratis.thirdparty.io.netty.util.concurrent.FastThreadLocalRunnable.run(FastThreadLocalRunnable.java:30)
	... 1 more
Caused by: java.net.ConnectException: Connection refused
	... 11 more
2019-10-16 21:02:20,156 [4b287a15-77af-487b-aef7-34d1d0ee189f@group-83C26644CFDA-LeaderElection450] INFO  impl.LeaderElection (LogUtils.java:infoOrTrace(149)) -   Exception 1: {}
java.util.concurrent.ExecutionException: org.apache.ratis.thirdparty.io.grpc.StatusRuntimeException: UNAVAILABLE: io exception
	at java.util.concurrent.FutureTask.report(FutureTask.java:122)
	at java.util.concurrent.FutureTask.get(FutureTask.java:192)
	at org.apache.ratis.server.impl.LeaderElection.waitForResults(LeaderElection.java:259)
	at org.apache.ratis.server.impl.LeaderElection.askForVotes(LeaderElection.java:197)
	at org.apache.ratis.server.impl.LeaderElection.run(LeaderElection.java:133)
	at java.lang.Thread.run(Thread.java:748)
Caused by: org.apache.ratis.thirdparty.io.grpc.StatusRuntimeException: UNAVAILABLE: io exception
	at org.apache.ratis.thirdparty.io.grpc.stub.ClientCalls.toStatusRuntimeException(ClientCalls.java:233)
	at org.apache.ratis.thirdparty.io.grpc.stub.ClientCalls.getUnchecked(ClientCalls.java:214)
	at org.apache.ratis.thirdparty.io.grpc.stub.ClientCalls.blockingUnaryCall(ClientCalls.java:139)
	at org.apache.ratis.proto.grpc.RaftServerProtocolServiceGrpc$RaftServerProtocolServiceBlockingStub.requestVote(RaftServerProtocolServiceGrpc.java:265)
	at org.apache.ratis.grpc.server.GrpcServerProtocolClient.requestVote(GrpcServerProtocolClient.java:99)
	at org.apache.ratis.grpc.server.GrpcService.requestVote(GrpcService.java:204)
	at org.apache.ratis.server.impl.LeaderElection.lambda$submitRequests$1(LeaderElection.java:234)
	at java.util.concurrent.FutureTask.run(FutureTask.java:266)
	at java.util.concurrent.Executors$RunnableAdapter.call(Executors.java:511)
	at java.util.concurrent.FutureTask.run(FutureTask.java:266)
	at java.util.concurrent.ThreadPoolExecutor.runWorker(ThreadPoolExecutor.java:1149)
	at java.util.concurrent.ThreadPoolExecutor$Worker.run(ThreadPoolExecutor.java:624)
	... 1 more
Caused by: org.apache.ratis.thirdparty.io.netty.channel.AbstractChannel$AnnotatedConnectException: Connection refused: /192.168.34.38:33209
	at sun.nio.ch.SocketChannelImpl.checkConnect(Native Method)
	at sun.nio.ch.SocketChannelImpl.finishConnect(SocketChannelImpl.java:717)
	at org.apache.ratis.thirdparty.io.netty.channel.socket.nio.NioSocketChannel.doFinishConnect(NioSocketChannel.java:327)
	at org.apache.ratis.thirdparty.io.netty.channel.nio.AbstractNioChannel$AbstractNioUnsafe.finishConnect(AbstractNioChannel.java:340)
	at org.apache.ratis.thirdparty.io.netty.channel.nio.NioEventLoop.processSelectedKey(NioEventLoop.java:632)
	at org.apache.ratis.thirdparty.io.netty.channel.nio.NioEventLoop.processSelectedKeysOptimized(NioEventLoop.java:579)
	at org.apache.ratis.thirdparty.io.netty.channel.nio.NioEventLoop.processSelectedKeys(NioEventLoop.java:496)
	at org.apache.ratis.thirdparty.io.netty.channel.nio.NioEventLoop.run(NioEventLoop.java:458)
	at org.apache.ratis.thirdparty.io.netty.util.concurrent.SingleThreadEventExecutor$5.run(SingleThreadEventExecutor.java:897)
	at org.apache.ratis.thirdparty.io.netty.util.concurrent.FastThreadLocalRunnable.run(FastThreadLocalRunnable.java:30)
	... 1 more
Caused by: java.net.ConnectException: Connection refused
	... 11 more
2019-10-16 21:02:20,156 [4b287a15-77af-487b-aef7-34d1d0ee189f@group-83C26644CFDA-LeaderElection450] INFO  impl.RaftServerImpl (RaftServerImpl.java:setRole(184)) - 4b287a15-77af-487b-aef7-34d1d0ee189f@group-83C26644CFDA: changes role from CANDIDATE to FOLLOWER at term 477 for DISCOVERED_A_NEW_TERM
2019-10-16 21:02:20,156 [4b287a15-77af-487b-aef7-34d1d0ee189f@group-83C26644CFDA-LeaderElection450] INFO  impl.RoleInfo (RoleInfo.java:shutdownLeaderElection(134)) - 4b287a15-77af-487b-aef7-34d1d0ee189f: shutdown LeaderElection
2019-10-16 21:02:20,157 [4b287a15-77af-487b-aef7-34d1d0ee189f@group-83C26644CFDA-LeaderElection450] INFO  impl.RoleInfo (RoleInfo.java:updateAndGet(143)) - 4b287a15-77af-487b-aef7-34d1d0ee189f: start FollowerState
2019-10-16 21:02:20,346 [Thread-3054] INFO  impl.FollowerState (FollowerState.java:run(108)) - 4b287a15-77af-487b-aef7-34d1d0ee189f@group-83C26644CFDA-FollowerState: change to CANDIDATE, lastRpcTime:189ms, electionTimeout:189ms
2019-10-16 21:02:20,346 [Thread-3054] INFO  impl.RoleInfo (RoleInfo.java:shutdownFollowerState(121)) - 4b287a15-77af-487b-aef7-34d1d0ee189f: shutdown FollowerState
2019-10-16 21:02:20,346 [Thread-3054] INFO  impl.RaftServerImpl (RaftServerImpl.java:setRole(184)) - 4b287a15-77af-487b-aef7-34d1d0ee189f@group-83C26644CFDA: changes role from  FOLLOWER to CANDIDATE at term 477 for changeToCandidate
2019-10-16 21:02:20,346 [Thread-3054] INFO  impl.RoleInfo (RoleInfo.java:updateAndGet(143)) - 4b287a15-77af-487b-aef7-34d1d0ee189f: start LeaderElection
2019-10-16 21:02:20,373 [4b287a15-77af-487b-aef7-34d1d0ee189f@group-83C26644CFDA-LeaderElection451] INFO  impl.LeaderElection (LeaderElection.java:askForVotes(178)) - 4b287a15-77af-487b-aef7-34d1d0ee189f@group-83C26644CFDA-LeaderElection451: begin an election at term 478 for -1: [4b287a15-77af-487b-aef7-34d1d0ee189f:192.168.34.38:38597, 0aa3649f-570d-46c6-937f-492d7f3a8364:192.168.34.38:33209, 4a03179f-3169-4ac7-a075-259968512ef0:192.168.34.38:45833], old=null
2019-10-16 21:02:20,375 [4b287a15-77af-487b-aef7-34d1d0ee189f@group-83C26644CFDA-LeaderElection451] INFO  impl.LeaderElection (LogUtils.java:infoOrTrace(149)) - 4b287a15-77af-487b-aef7-34d1d0ee189f@group-83C26644CFDA-LeaderElection451 got exception when requesting votes: {}
java.util.concurrent.ExecutionException: org.apache.ratis.thirdparty.io.grpc.StatusRuntimeException: UNAVAILABLE: io exception
	at java.util.concurrent.FutureTask.report(FutureTask.java:122)
	at java.util.concurrent.FutureTask.get(FutureTask.java:192)
	at org.apache.ratis.server.impl.LeaderElection.waitForResults(LeaderElection.java:259)
	at org.apache.ratis.server.impl.LeaderElection.askForVotes(LeaderElection.java:197)
	at org.apache.ratis.server.impl.LeaderElection.run(LeaderElection.java:133)
	at java.lang.Thread.run(Thread.java:748)
Caused by: org.apache.ratis.thirdparty.io.grpc.StatusRuntimeException: UNAVAILABLE: io exception
	at org.apache.ratis.thirdparty.io.grpc.stub.ClientCalls.toStatusRuntimeException(ClientCalls.java:233)
	at org.apache.ratis.thirdparty.io.grpc.stub.ClientCalls.getUnchecked(ClientCalls.java:214)
	at org.apache.ratis.thirdparty.io.grpc.stub.ClientCalls.blockingUnaryCall(ClientCalls.java:139)
	at org.apache.ratis.proto.grpc.RaftServerProtocolServiceGrpc$RaftServerProtocolServiceBlockingStub.requestVote(RaftServerProtocolServiceGrpc.java:265)
	at org.apache.ratis.grpc.server.GrpcServerProtocolClient.requestVote(GrpcServerProtocolClient.java:99)
	at org.apache.ratis.grpc.server.GrpcService.requestVote(GrpcService.java:204)
	at org.apache.ratis.server.impl.LeaderElection.lambda$submitRequests$1(LeaderElection.java:234)
	at java.util.concurrent.FutureTask.run(FutureTask.java:266)
	at java.util.concurrent.Executors$RunnableAdapter.call(Executors.java:511)
	at java.util.concurrent.FutureTask.run(FutureTask.java:266)
	at java.util.concurrent.ThreadPoolExecutor.runWorker(ThreadPoolExecutor.java:1149)
	at java.util.concurrent.ThreadPoolExecutor$Worker.run(ThreadPoolExecutor.java:624)
	... 1 more
Caused by: org.apache.ratis.thirdparty.io.netty.channel.AbstractChannel$AnnotatedConnectException: Connection refused: /192.168.34.38:45833
	at sun.nio.ch.SocketChannelImpl.checkConnect(Native Method)
	at sun.nio.ch.SocketChannelImpl.finishConnect(SocketChannelImpl.java:717)
	at org.apache.ratis.thirdparty.io.netty.channel.socket.nio.NioSocketChannel.doFinishConnect(NioSocketChannel.java:327)
	at org.apache.ratis.thirdparty.io.netty.channel.nio.AbstractNioChannel$AbstractNioUnsafe.finishConnect(AbstractNioChannel.java:340)
	at org.apache.ratis.thirdparty.io.netty.channel.nio.NioEventLoop.processSelectedKey(NioEventLoop.java:632)
	at org.apache.ratis.thirdparty.io.netty.channel.nio.NioEventLoop.processSelectedKeysOptimized(NioEventLoop.java:579)
	at org.apache.ratis.thirdparty.io.netty.channel.nio.NioEventLoop.processSelectedKeys(NioEventLoop.java:496)
	at org.apache.ratis.thirdparty.io.netty.channel.nio.NioEventLoop.run(NioEventLoop.java:458)
	at org.apache.ratis.thirdparty.io.netty.util.concurrent.SingleThreadEventExecutor$5.run(SingleThreadEventExecutor.java:897)
	at org.apache.ratis.thirdparty.io.netty.util.concurrent.FastThreadLocalRunnable.run(FastThreadLocalRunnable.java:30)
	... 1 more
Caused by: java.net.ConnectException: Connection refused
	... 11 more
2019-10-16 21:02:20,376 [4b287a15-77af-487b-aef7-34d1d0ee189f@group-83C26644CFDA-LeaderElection451] INFO  impl.LeaderElection (LogUtils.java:infoOrTrace(149)) - 4b287a15-77af-487b-aef7-34d1d0ee189f@group-83C26644CFDA-LeaderElection451 got exception when requesting votes: {}
java.util.concurrent.ExecutionException: org.apache.ratis.thirdparty.io.grpc.StatusRuntimeException: UNAVAILABLE: io exception
	at java.util.concurrent.FutureTask.report(FutureTask.java:122)
	at java.util.concurrent.FutureTask.get(FutureTask.java:192)
	at org.apache.ratis.server.impl.LeaderElection.waitForResults(LeaderElection.java:259)
	at org.apache.ratis.server.impl.LeaderElection.askForVotes(LeaderElection.java:197)
	at org.apache.ratis.server.impl.LeaderElection.run(LeaderElection.java:133)
	at java.lang.Thread.run(Thread.java:748)
Caused by: org.apache.ratis.thirdparty.io.grpc.StatusRuntimeException: UNAVAILABLE: io exception
	at org.apache.ratis.thirdparty.io.grpc.stub.ClientCalls.toStatusRuntimeException(ClientCalls.java:233)
	at org.apache.ratis.thirdparty.io.grpc.stub.ClientCalls.getUnchecked(ClientCalls.java:214)
	at org.apache.ratis.thirdparty.io.grpc.stub.ClientCalls.blockingUnaryCall(ClientCalls.java:139)
	at org.apache.ratis.proto.grpc.RaftServerProtocolServiceGrpc$RaftServerProtocolServiceBlockingStub.requestVote(RaftServerProtocolServiceGrpc.java:265)
	at org.apache.ratis.grpc.server.GrpcServerProtocolClient.requestVote(GrpcServerProtocolClient.java:99)
	at org.apache.ratis.grpc.server.GrpcService.requestVote(GrpcService.java:204)
	at org.apache.ratis.server.impl.LeaderElection.lambda$submitRequests$1(LeaderElection.java:234)
	at java.util.concurrent.FutureTask.run(FutureTask.java:266)
	at java.util.concurrent.Executors$RunnableAdapter.call(Executors.java:511)
	at java.util.concurrent.FutureTask.run(FutureTask.java:266)
	at java.util.concurrent.ThreadPoolExecutor.runWorker(ThreadPoolExecutor.java:1149)
	at java.util.concurrent.ThreadPoolExecutor$Worker.run(ThreadPoolExecutor.java:624)
	... 1 more
Caused by: org.apache.ratis.thirdparty.io.netty.channel.AbstractChannel$AnnotatedConnectException: Connection refused: /192.168.34.38:33209
	at sun.nio.ch.SocketChannelImpl.checkConnect(Native Method)
	at sun.nio.ch.SocketChannelImpl.finishConnect(SocketChannelImpl.java:717)
	at org.apache.ratis.thirdparty.io.netty.channel.socket.nio.NioSocketChannel.doFinishConnect(NioSocketChannel.java:327)
	at org.apache.ratis.thirdparty.io.netty.channel.nio.AbstractNioChannel$AbstractNioUnsafe.finishConnect(AbstractNioChannel.java:340)
	at org.apache.ratis.thirdparty.io.netty.channel.nio.NioEventLoop.processSelectedKey(NioEventLoop.java:632)
	at org.apache.ratis.thirdparty.io.netty.channel.nio.NioEventLoop.processSelectedKeysOptimized(NioEventLoop.java:579)
	at org.apache.ratis.thirdparty.io.netty.channel.nio.NioEventLoop.processSelectedKeys(NioEventLoop.java:496)
	at org.apache.ratis.thirdparty.io.netty.channel.nio.NioEventLoop.run(NioEventLoop.java:458)
	at org.apache.ratis.thirdparty.io.netty.util.concurrent.SingleThreadEventExecutor$5.run(SingleThreadEventExecutor.java:897)
	at org.apache.ratis.thirdparty.io.netty.util.concurrent.FastThreadLocalRunnable.run(FastThreadLocalRunnable.java:30)
	... 1 more
Caused by: java.net.ConnectException: Connection refused
	... 11 more
2019-10-16 21:02:20,377 [4b287a15-77af-487b-aef7-34d1d0ee189f@group-83C26644CFDA-LeaderElection451] INFO  impl.LeaderElection (LeaderElection.java:logAndReturn(56)) - 4b287a15-77af-487b-aef7-34d1d0ee189f@group-83C26644CFDA-LeaderElection451: Election REJECTED; received 0 response(s) [] and 2 exception(s); 4b287a15-77af-487b-aef7-34d1d0ee189f@group-83C26644CFDA:t478, leader=null, voted=4b287a15-77af-487b-aef7-34d1d0ee189f, raftlog=4b287a15-77af-487b-aef7-34d1d0ee189f@group-83C26644CFDA-SegmentedRaftLog:OPENED:c-1,f-1,i0, conf=-1: [4b287a15-77af-487b-aef7-34d1d0ee189f:192.168.34.38:38597, 0aa3649f-570d-46c6-937f-492d7f3a8364:192.168.34.38:33209, 4a03179f-3169-4ac7-a075-259968512ef0:192.168.34.38:45833], old=null
2019-10-16 21:02:20,377 [4b287a15-77af-487b-aef7-34d1d0ee189f@group-83C26644CFDA-LeaderElection451] INFO  impl.LeaderElection (LogUtils.java:infoOrTrace(149)) -   Exception 0: {}
java.util.concurrent.ExecutionException: org.apache.ratis.thirdparty.io.grpc.StatusRuntimeException: UNAVAILABLE: io exception
	at java.util.concurrent.FutureTask.report(FutureTask.java:122)
	at java.util.concurrent.FutureTask.get(FutureTask.java:192)
	at org.apache.ratis.server.impl.LeaderElection.waitForResults(LeaderElection.java:259)
	at org.apache.ratis.server.impl.LeaderElection.askForVotes(LeaderElection.java:197)
	at org.apache.ratis.server.impl.LeaderElection.run(LeaderElection.java:133)
	at java.lang.Thread.run(Thread.java:748)
Caused by: org.apache.ratis.thirdparty.io.grpc.StatusRuntimeException: UNAVAILABLE: io exception
	at org.apache.ratis.thirdparty.io.grpc.stub.ClientCalls.toStatusRuntimeException(ClientCalls.java:233)
	at org.apache.ratis.thirdparty.io.grpc.stub.ClientCalls.getUnchecked(ClientCalls.java:214)
	at org.apache.ratis.thirdparty.io.grpc.stub.ClientCalls.blockingUnaryCall(ClientCalls.java:139)
	at org.apache.ratis.proto.grpc.RaftServerProtocolServiceGrpc$RaftServerProtocolServiceBlockingStub.requestVote(RaftServerProtocolServiceGrpc.java:265)
	at org.apache.ratis.grpc.server.GrpcServerProtocolClient.requestVote(GrpcServerProtocolClient.java:99)
	at org.apache.ratis.grpc.server.GrpcService.requestVote(GrpcService.java:204)
	at org.apache.ratis.server.impl.LeaderElection.lambda$submitRequests$1(LeaderElection.java:234)
	at java.util.concurrent.FutureTask.run(FutureTask.java:266)
	at java.util.concurrent.Executors$RunnableAdapter.call(Executors.java:511)
	at java.util.concurrent.FutureTask.run(FutureTask.java:266)
	at java.util.concurrent.ThreadPoolExecutor.runWorker(ThreadPoolExecutor.java:1149)
	at java.util.concurrent.ThreadPoolExecutor$Worker.run(ThreadPoolExecutor.java:624)
	... 1 more
Caused by: org.apache.ratis.thirdparty.io.netty.channel.AbstractChannel$AnnotatedConnectException: Connection refused: /192.168.34.38:45833
	at sun.nio.ch.SocketChannelImpl.checkConnect(Native Method)
	at sun.nio.ch.SocketChannelImpl.finishConnect(SocketChannelImpl.java:717)
	at org.apache.ratis.thirdparty.io.netty.channel.socket.nio.NioSocketChannel.doFinishConnect(NioSocketChannel.java:327)
	at org.apache.ratis.thirdparty.io.netty.channel.nio.AbstractNioChannel$AbstractNioUnsafe.finishConnect(AbstractNioChannel.java:340)
	at org.apache.ratis.thirdparty.io.netty.channel.nio.NioEventLoop.processSelectedKey(NioEventLoop.java:632)
	at org.apache.ratis.thirdparty.io.netty.channel.nio.NioEventLoop.processSelectedKeysOptimized(NioEventLoop.java:579)
	at org.apache.ratis.thirdparty.io.netty.channel.nio.NioEventLoop.processSelectedKeys(NioEventLoop.java:496)
	at org.apache.ratis.thirdparty.io.netty.channel.nio.NioEventLoop.run(NioEventLoop.java:458)
	at org.apache.ratis.thirdparty.io.netty.util.concurrent.SingleThreadEventExecutor$5.run(SingleThreadEventExecutor.java:897)
	at org.apache.ratis.thirdparty.io.netty.util.concurrent.FastThreadLocalRunnable.run(FastThreadLocalRunnable.java:30)
	... 1 more
Caused by: java.net.ConnectException: Connection refused
	... 11 more
2019-10-16 21:02:20,377 [4b287a15-77af-487b-aef7-34d1d0ee189f@group-83C26644CFDA-LeaderElection451] INFO  impl.LeaderElection (LogUtils.java:infoOrTrace(149)) -   Exception 1: {}
java.util.concurrent.ExecutionException: org.apache.ratis.thirdparty.io.grpc.StatusRuntimeException: UNAVAILABLE: io exception
	at java.util.concurrent.FutureTask.report(FutureTask.java:122)
	at java.util.concurrent.FutureTask.get(FutureTask.java:192)
	at org.apache.ratis.server.impl.LeaderElection.waitForResults(LeaderElection.java:259)
	at org.apache.ratis.server.impl.LeaderElection.askForVotes(LeaderElection.java:197)
	at org.apache.ratis.server.impl.LeaderElection.run(LeaderElection.java:133)
	at java.lang.Thread.run(Thread.java:748)
Caused by: org.apache.ratis.thirdparty.io.grpc.StatusRuntimeException: UNAVAILABLE: io exception
	at org.apache.ratis.thirdparty.io.grpc.stub.ClientCalls.toStatusRuntimeException(ClientCalls.java:233)
	at org.apache.ratis.thirdparty.io.grpc.stub.ClientCalls.getUnchecked(ClientCalls.java:214)
	at org.apache.ratis.thirdparty.io.grpc.stub.ClientCalls.blockingUnaryCall(ClientCalls.java:139)
	at org.apache.ratis.proto.grpc.RaftServerProtocolServiceGrpc$RaftServerProtocolServiceBlockingStub.requestVote(RaftServerProtocolServiceGrpc.java:265)
	at org.apache.ratis.grpc.server.GrpcServerProtocolClient.requestVote(GrpcServerProtocolClient.java:99)
	at org.apache.ratis.grpc.server.GrpcService.requestVote(GrpcService.java:204)
	at org.apache.ratis.server.impl.LeaderElection.lambda$submitRequests$1(LeaderElection.java:234)
	at java.util.concurrent.FutureTask.run(FutureTask.java:266)
	at java.util.concurrent.Executors$RunnableAdapter.call(Executors.java:511)
	at java.util.concurrent.FutureTask.run(FutureTask.java:266)
	at java.util.concurrent.ThreadPoolExecutor.runWorker(ThreadPoolExecutor.java:1149)
	at java.util.concurrent.ThreadPoolExecutor$Worker.run(ThreadPoolExecutor.java:624)
	... 1 more
Caused by: org.apache.ratis.thirdparty.io.netty.channel.AbstractChannel$AnnotatedConnectException: Connection refused: /192.168.34.38:33209
	at sun.nio.ch.SocketChannelImpl.checkConnect(Native Method)
	at sun.nio.ch.SocketChannelImpl.finishConnect(SocketChannelImpl.java:717)
	at org.apache.ratis.thirdparty.io.netty.channel.socket.nio.NioSocketChannel.doFinishConnect(NioSocketChannel.java:327)
	at org.apache.ratis.thirdparty.io.netty.channel.nio.AbstractNioChannel$AbstractNioUnsafe.finishConnect(AbstractNioChannel.java:340)
	at org.apache.ratis.thirdparty.io.netty.channel.nio.NioEventLoop.processSelectedKey(NioEventLoop.java:632)
	at org.apache.ratis.thirdparty.io.netty.channel.nio.NioEventLoop.processSelectedKeysOptimized(NioEventLoop.java:579)
	at org.apache.ratis.thirdparty.io.netty.channel.nio.NioEventLoop.processSelectedKeys(NioEventLoop.java:496)
	at org.apache.ratis.thirdparty.io.netty.channel.nio.NioEventLoop.run(NioEventLoop.java:458)
	at org.apache.ratis.thirdparty.io.netty.util.concurrent.SingleThreadEventExecutor$5.run(SingleThreadEventExecutor.java:897)
	at org.apache.ratis.thirdparty.io.netty.util.concurrent.FastThreadLocalRunnable.run(FastThreadLocalRunnable.java:30)
	... 1 more
Caused by: java.net.ConnectException: Connection refused
	... 11 more
2019-10-16 21:02:20,378 [4b287a15-77af-487b-aef7-34d1d0ee189f@group-83C26644CFDA-LeaderElection451] INFO  impl.RaftServerImpl (RaftServerImpl.java:setRole(184)) - 4b287a15-77af-487b-aef7-34d1d0ee189f@group-83C26644CFDA: changes role from CANDIDATE to FOLLOWER at term 478 for DISCOVERED_A_NEW_TERM
2019-10-16 21:02:20,378 [4b287a15-77af-487b-aef7-34d1d0ee189f@group-83C26644CFDA-LeaderElection451] INFO  impl.RoleInfo (RoleInfo.java:shutdownLeaderElection(134)) - 4b287a15-77af-487b-aef7-34d1d0ee189f: shutdown LeaderElection
2019-10-16 21:02:20,378 [4b287a15-77af-487b-aef7-34d1d0ee189f@group-83C26644CFDA-LeaderElection451] INFO  impl.RoleInfo (RoleInfo.java:updateAndGet(143)) - 4b287a15-77af-487b-aef7-34d1d0ee189f: start FollowerState
2019-10-16 21:02:20,399 [Thread-3058] INFO  impl.FollowerState (FollowerState.java:run(108)) - 4b287a15-77af-487b-aef7-34d1d0ee189f@group-83C26644CFDA-FollowerState: change to CANDIDATE, lastRpcTime:21ms, electionTimeout:21ms
2019-10-16 21:02:20,399 [Thread-3058] INFO  impl.RoleInfo (RoleInfo.java:shutdownFollowerState(121)) - 4b287a15-77af-487b-aef7-34d1d0ee189f: shutdown FollowerState
2019-10-16 21:02:20,399 [Thread-3058] INFO  impl.RaftServerImpl (RaftServerImpl.java:setRole(184)) - 4b287a15-77af-487b-aef7-34d1d0ee189f@group-83C26644CFDA: changes role from  FOLLOWER to CANDIDATE at term 478 for changeToCandidate
2019-10-16 21:02:20,400 [Thread-3058] INFO  impl.RoleInfo (RoleInfo.java:updateAndGet(143)) - 4b287a15-77af-487b-aef7-34d1d0ee189f: start LeaderElection
2019-10-16 21:02:20,414 [4b287a15-77af-487b-aef7-34d1d0ee189f@group-83C26644CFDA-LeaderElection452] INFO  impl.LeaderElection (LeaderElection.java:askForVotes(178)) - 4b287a15-77af-487b-aef7-34d1d0ee189f@group-83C26644CFDA-LeaderElection452: begin an election at term 479 for -1: [4b287a15-77af-487b-aef7-34d1d0ee189f:192.168.34.38:38597, 0aa3649f-570d-46c6-937f-492d7f3a8364:192.168.34.38:33209, 4a03179f-3169-4ac7-a075-259968512ef0:192.168.34.38:45833], old=null
2019-10-16 21:02:20,415 [4b287a15-77af-487b-aef7-34d1d0ee189f@group-83C26644CFDA-LeaderElection452] INFO  impl.LeaderElection (LogUtils.java:infoOrTrace(149)) - 4b287a15-77af-487b-aef7-34d1d0ee189f@group-83C26644CFDA-LeaderElection452 got exception when requesting votes: {}
java.util.concurrent.ExecutionException: org.apache.ratis.thirdparty.io.grpc.StatusRuntimeException: UNAVAILABLE: io exception
	at java.util.concurrent.FutureTask.report(FutureTask.java:122)
	at java.util.concurrent.FutureTask.get(FutureTask.java:192)
	at org.apache.ratis.server.impl.LeaderElection.waitForResults(LeaderElection.java:259)
	at org.apache.ratis.server.impl.LeaderElection.askForVotes(LeaderElection.java:197)
	at org.apache.ratis.server.impl.LeaderElection.run(LeaderElection.java:133)
	at java.lang.Thread.run(Thread.java:748)
Caused by: org.apache.ratis.thirdparty.io.grpc.StatusRuntimeException: UNAVAILABLE: io exception
	at org.apache.ratis.thirdparty.io.grpc.stub.ClientCalls.toStatusRuntimeException(ClientCalls.java:233)
	at org.apache.ratis.thirdparty.io.grpc.stub.ClientCalls.getUnchecked(ClientCalls.java:214)
	at org.apache.ratis.thirdparty.io.grpc.stub.ClientCalls.blockingUnaryCall(ClientCalls.java:139)
	at org.apache.ratis.proto.grpc.RaftServerProtocolServiceGrpc$RaftServerProtocolServiceBlockingStub.requestVote(RaftServerProtocolServiceGrpc.java:265)
	at org.apache.ratis.grpc.server.GrpcServerProtocolClient.requestVote(GrpcServerProtocolClient.java:99)
	at org.apache.ratis.grpc.server.GrpcService.requestVote(GrpcService.java:204)
	at org.apache.ratis.server.impl.LeaderElection.lambda$submitRequests$1(LeaderElection.java:234)
	at java.util.concurrent.FutureTask.run(FutureTask.java:266)
	at java.util.concurrent.Executors$RunnableAdapter.call(Executors.java:511)
	at java.util.concurrent.FutureTask.run(FutureTask.java:266)
	at java.util.concurrent.ThreadPoolExecutor.runWorker(ThreadPoolExecutor.java:1149)
	at java.util.concurrent.ThreadPoolExecutor$Worker.run(ThreadPoolExecutor.java:624)
	... 1 more
Caused by: org.apache.ratis.thirdparty.io.netty.channel.AbstractChannel$AnnotatedConnectException: Connection refused: /192.168.34.38:33209
	at sun.nio.ch.SocketChannelImpl.checkConnect(Native Method)
	at sun.nio.ch.SocketChannelImpl.finishConnect(SocketChannelImpl.java:717)
	at org.apache.ratis.thirdparty.io.netty.channel.socket.nio.NioSocketChannel.doFinishConnect(NioSocketChannel.java:327)
	at org.apache.ratis.thirdparty.io.netty.channel.nio.AbstractNioChannel$AbstractNioUnsafe.finishConnect(AbstractNioChannel.java:340)
	at org.apache.ratis.thirdparty.io.netty.channel.nio.NioEventLoop.processSelectedKey(NioEventLoop.java:632)
	at org.apache.ratis.thirdparty.io.netty.channel.nio.NioEventLoop.processSelectedKeysOptimized(NioEventLoop.java:579)
	at org.apache.ratis.thirdparty.io.netty.channel.nio.NioEventLoop.processSelectedKeys(NioEventLoop.java:496)
	at org.apache.ratis.thirdparty.io.netty.channel.nio.NioEventLoop.run(NioEventLoop.java:458)
	at org.apache.ratis.thirdparty.io.netty.util.concurrent.SingleThreadEventExecutor$5.run(SingleThreadEventExecutor.java:897)
	at org.apache.ratis.thirdparty.io.netty.util.concurrent.FastThreadLocalRunnable.run(FastThreadLocalRunnable.java:30)
	... 1 more
Caused by: java.net.ConnectException: Connection refused
	... 11 more
2019-10-16 21:02:20,415 [4b287a15-77af-487b-aef7-34d1d0ee189f@group-83C26644CFDA-LeaderElection452] INFO  impl.LeaderElection (LogUtils.java:infoOrTrace(149)) - 4b287a15-77af-487b-aef7-34d1d0ee189f@group-83C26644CFDA-LeaderElection452 got exception when requesting votes: {}
java.util.concurrent.ExecutionException: org.apache.ratis.thirdparty.io.grpc.StatusRuntimeException: UNAVAILABLE: io exception
	at java.util.concurrent.FutureTask.report(FutureTask.java:122)
	at java.util.concurrent.FutureTask.get(FutureTask.java:192)
	at org.apache.ratis.server.impl.LeaderElection.waitForResults(LeaderElection.java:259)
	at org.apache.ratis.server.impl.LeaderElection.askForVotes(LeaderElection.java:197)
	at org.apache.ratis.server.impl.LeaderElection.run(LeaderElection.java:133)
	at java.lang.Thread.run(Thread.java:748)
Caused by: org.apache.ratis.thirdparty.io.grpc.StatusRuntimeException: UNAVAILABLE: io exception
	at org.apache.ratis.thirdparty.io.grpc.stub.ClientCalls.toStatusRuntimeException(ClientCalls.java:233)
	at org.apache.ratis.thirdparty.io.grpc.stub.ClientCalls.getUnchecked(ClientCalls.java:214)
	at org.apache.ratis.thirdparty.io.grpc.stub.ClientCalls.blockingUnaryCall(ClientCalls.java:139)
	at org.apache.ratis.proto.grpc.RaftServerProtocolServiceGrpc$RaftServerProtocolServiceBlockingStub.requestVote(RaftServerProtocolServiceGrpc.java:265)
	at org.apache.ratis.grpc.server.GrpcServerProtocolClient.requestVote(GrpcServerProtocolClient.java:99)
	at org.apache.ratis.grpc.server.GrpcService.requestVote(GrpcService.java:204)
	at org.apache.ratis.server.impl.LeaderElection.lambda$submitRequests$1(LeaderElection.java:234)
	at java.util.concurrent.FutureTask.run(FutureTask.java:266)
	at java.util.concurrent.Executors$RunnableAdapter.call(Executors.java:511)
	at java.util.concurrent.FutureTask.run(FutureTask.java:266)
	at java.util.concurrent.ThreadPoolExecutor.runWorker(ThreadPoolExecutor.java:1149)
	at java.util.concurrent.ThreadPoolExecutor$Worker.run(ThreadPoolExecutor.java:624)
	... 1 more
Caused by: org.apache.ratis.thirdparty.io.netty.channel.AbstractChannel$AnnotatedConnectException: Connection refused: /192.168.34.38:45833
	at sun.nio.ch.SocketChannelImpl.checkConnect(Native Method)
	at sun.nio.ch.SocketChannelImpl.finishConnect(SocketChannelImpl.java:717)
	at org.apache.ratis.thirdparty.io.netty.channel.socket.nio.NioSocketChannel.doFinishConnect(NioSocketChannel.java:327)
	at org.apache.ratis.thirdparty.io.netty.channel.nio.AbstractNioChannel$AbstractNioUnsafe.finishConnect(AbstractNioChannel.java:340)
	at org.apache.ratis.thirdparty.io.netty.channel.nio.NioEventLoop.processSelectedKey(NioEventLoop.java:632)
	at org.apache.ratis.thirdparty.io.netty.channel.nio.NioEventLoop.processSelectedKeysOptimized(NioEventLoop.java:579)
	at org.apache.ratis.thirdparty.io.netty.channel.nio.NioEventLoop.processSelectedKeys(NioEventLoop.java:496)
	at org.apache.ratis.thirdparty.io.netty.channel.nio.NioEventLoop.run(NioEventLoop.java:458)
	at org.apache.ratis.thirdparty.io.netty.util.concurrent.SingleThreadEventExecutor$5.run(SingleThreadEventExecutor.java:897)
	at org.apache.ratis.thirdparty.io.netty.util.concurrent.FastThreadLocalRunnable.run(FastThreadLocalRunnable.java:30)
	... 1 more
Caused by: java.net.ConnectException: Connection refused
	... 11 more
2019-10-16 21:02:20,415 [4b287a15-77af-487b-aef7-34d1d0ee189f@group-83C26644CFDA-LeaderElection452] INFO  impl.LeaderElection (LeaderElection.java:logAndReturn(56)) - 4b287a15-77af-487b-aef7-34d1d0ee189f@group-83C26644CFDA-LeaderElection452: Election REJECTED; received 0 response(s) [] and 2 exception(s); 4b287a15-77af-487b-aef7-34d1d0ee189f@group-83C26644CFDA:t479, leader=null, voted=4b287a15-77af-487b-aef7-34d1d0ee189f, raftlog=4b287a15-77af-487b-aef7-34d1d0ee189f@group-83C26644CFDA-SegmentedRaftLog:OPENED:c-1,f-1,i0, conf=-1: [4b287a15-77af-487b-aef7-34d1d0ee189f:192.168.34.38:38597, 0aa3649f-570d-46c6-937f-492d7f3a8364:192.168.34.38:33209, 4a03179f-3169-4ac7-a075-259968512ef0:192.168.34.38:45833], old=null
2019-10-16 21:02:20,416 [4b287a15-77af-487b-aef7-34d1d0ee189f@group-83C26644CFDA-LeaderElection452] INFO  impl.LeaderElection (LogUtils.java:infoOrTrace(149)) -   Exception 0: {}
java.util.concurrent.ExecutionException: org.apache.ratis.thirdparty.io.grpc.StatusRuntimeException: UNAVAILABLE: io exception
	at java.util.concurrent.FutureTask.report(FutureTask.java:122)
	at java.util.concurrent.FutureTask.get(FutureTask.java:192)
	at org.apache.ratis.server.impl.LeaderElection.waitForResults(LeaderElection.java:259)
	at org.apache.ratis.server.impl.LeaderElection.askForVotes(LeaderElection.java:197)
	at org.apache.ratis.server.impl.LeaderElection.run(LeaderElection.java:133)
	at java.lang.Thread.run(Thread.java:748)
Caused by: org.apache.ratis.thirdparty.io.grpc.StatusRuntimeException: UNAVAILABLE: io exception
	at org.apache.ratis.thirdparty.io.grpc.stub.ClientCalls.toStatusRuntimeException(ClientCalls.java:233)
	at org.apache.ratis.thirdparty.io.grpc.stub.ClientCalls.getUnchecked(ClientCalls.java:214)
	at org.apache.ratis.thirdparty.io.grpc.stub.ClientCalls.blockingUnaryCall(ClientCalls.java:139)
	at org.apache.ratis.proto.grpc.RaftServerProtocolServiceGrpc$RaftServerProtocolServiceBlockingStub.requestVote(RaftServerProtocolServiceGrpc.java:265)
	at org.apache.ratis.grpc.server.GrpcServerProtocolClient.requestVote(GrpcServerProtocolClient.java:99)
	at org.apache.ratis.grpc.server.GrpcService.requestVote(GrpcService.java:204)
	at org.apache.ratis.server.impl.LeaderElection.lambda$submitRequests$1(LeaderElection.java:234)
	at java.util.concurrent.FutureTask.run(FutureTask.java:266)
	at java.util.concurrent.Executors$RunnableAdapter.call(Executors.java:511)
	at java.util.concurrent.FutureTask.run(FutureTask.java:266)
	at java.util.concurrent.ThreadPoolExecutor.runWorker(ThreadPoolExecutor.java:1149)
	at java.util.concurrent.ThreadPoolExecutor$Worker.run(ThreadPoolExecutor.java:624)
	... 1 more
Caused by: org.apache.ratis.thirdparty.io.netty.channel.AbstractChannel$AnnotatedConnectException: Connection refused: /192.168.34.38:33209
	at sun.nio.ch.SocketChannelImpl.checkConnect(Native Method)
	at sun.nio.ch.SocketChannelImpl.finishConnect(SocketChannelImpl.java:717)
	at org.apache.ratis.thirdparty.io.netty.channel.socket.nio.NioSocketChannel.doFinishConnect(NioSocketChannel.java:327)
	at org.apache.ratis.thirdparty.io.netty.channel.nio.AbstractNioChannel$AbstractNioUnsafe.finishConnect(AbstractNioChannel.java:340)
	at org.apache.ratis.thirdparty.io.netty.channel.nio.NioEventLoop.processSelectedKey(NioEventLoop.java:632)
	at org.apache.ratis.thirdparty.io.netty.channel.nio.NioEventLoop.processSelectedKeysOptimized(NioEventLoop.java:579)
	at org.apache.ratis.thirdparty.io.netty.channel.nio.NioEventLoop.processSelectedKeys(NioEventLoop.java:496)
	at org.apache.ratis.thirdparty.io.netty.channel.nio.NioEventLoop.run(NioEventLoop.java:458)
	at org.apache.ratis.thirdparty.io.netty.util.concurrent.SingleThreadEventExecutor$5.run(SingleThreadEventExecutor.java:897)
	at org.apache.ratis.thirdparty.io.netty.util.concurrent.FastThreadLocalRunnable.run(FastThreadLocalRunnable.java:30)
	... 1 more
Caused by: java.net.ConnectException: Connection refused
	... 11 more
2019-10-16 21:02:20,416 [4b287a15-77af-487b-aef7-34d1d0ee189f@group-83C26644CFDA-LeaderElection452] INFO  impl.LeaderElection (LogUtils.java:infoOrTrace(149)) -   Exception 1: {}
java.util.concurrent.ExecutionException: org.apache.ratis.thirdparty.io.grpc.StatusRuntimeException: UNAVAILABLE: io exception
	at java.util.concurrent.FutureTask.report(FutureTask.java:122)
	at java.util.concurrent.FutureTask.get(FutureTask.java:192)
	at org.apache.ratis.server.impl.LeaderElection.waitForResults(LeaderElection.java:259)
	at org.apache.ratis.server.impl.LeaderElection.askForVotes(LeaderElection.java:197)
	at org.apache.ratis.server.impl.LeaderElection.run(LeaderElection.java:133)
	at java.lang.Thread.run(Thread.java:748)
Caused by: org.apache.ratis.thirdparty.io.grpc.StatusRuntimeException: UNAVAILABLE: io exception
	at org.apache.ratis.thirdparty.io.grpc.stub.ClientCalls.toStatusRuntimeException(ClientCalls.java:233)
	at org.apache.ratis.thirdparty.io.grpc.stub.ClientCalls.getUnchecked(ClientCalls.java:214)
	at org.apache.ratis.thirdparty.io.grpc.stub.ClientCalls.blockingUnaryCall(ClientCalls.java:139)
	at org.apache.ratis.proto.grpc.RaftServerProtocolServiceGrpc$RaftServerProtocolServiceBlockingStub.requestVote(RaftServerProtocolServiceGrpc.java:265)
	at org.apache.ratis.grpc.server.GrpcServerProtocolClient.requestVote(GrpcServerProtocolClient.java:99)
	at org.apache.ratis.grpc.server.GrpcService.requestVote(GrpcService.java:204)
	at org.apache.ratis.server.impl.LeaderElection.lambda$submitRequests$1(LeaderElection.java:234)
	at java.util.concurrent.FutureTask.run(FutureTask.java:266)
	at java.util.concurrent.Executors$RunnableAdapter.call(Executors.java:511)
	at java.util.concurrent.FutureTask.run(FutureTask.java:266)
	at java.util.concurrent.ThreadPoolExecutor.runWorker(ThreadPoolExecutor.java:1149)
	at java.util.concurrent.ThreadPoolExecutor$Worker.run(ThreadPoolExecutor.java:624)
	... 1 more
Caused by: org.apache.ratis.thirdparty.io.netty.channel.AbstractChannel$AnnotatedConnectException: Connection refused: /192.168.34.38:45833
	at sun.nio.ch.SocketChannelImpl.checkConnect(Native Method)
	at sun.nio.ch.SocketChannelImpl.finishConnect(SocketChannelImpl.java:717)
	at org.apache.ratis.thirdparty.io.netty.channel.socket.nio.NioSocketChannel.doFinishConnect(NioSocketChannel.java:327)
	at org.apache.ratis.thirdparty.io.netty.channel.nio.AbstractNioChannel$AbstractNioUnsafe.finishConnect(AbstractNioChannel.java:340)
	at org.apache.ratis.thirdparty.io.netty.channel.nio.NioEventLoop.processSelectedKey(NioEventLoop.java:632)
	at org.apache.ratis.thirdparty.io.netty.channel.nio.NioEventLoop.processSelectedKeysOptimized(NioEventLoop.java:579)
	at org.apache.ratis.thirdparty.io.netty.channel.nio.NioEventLoop.processSelectedKeys(NioEventLoop.java:496)
	at org.apache.ratis.thirdparty.io.netty.channel.nio.NioEventLoop.run(NioEventLoop.java:458)
	at org.apache.ratis.thirdparty.io.netty.util.concurrent.SingleThreadEventExecutor$5.run(SingleThreadEventExecutor.java:897)
	at org.apache.ratis.thirdparty.io.netty.util.concurrent.FastThreadLocalRunnable.run(FastThreadLocalRunnable.java:30)
	... 1 more
Caused by: java.net.ConnectException: Connection refused
	... 11 more
2019-10-16 21:02:20,416 [4b287a15-77af-487b-aef7-34d1d0ee189f@group-83C26644CFDA-LeaderElection452] INFO  impl.RaftServerImpl (RaftServerImpl.java:setRole(184)) - 4b287a15-77af-487b-aef7-34d1d0ee189f@group-83C26644CFDA: changes role from CANDIDATE to FOLLOWER at term 479 for DISCOVERED_A_NEW_TERM
2019-10-16 21:02:20,416 [4b287a15-77af-487b-aef7-34d1d0ee189f@group-83C26644CFDA-LeaderElection452] INFO  impl.RoleInfo (RoleInfo.java:shutdownLeaderElection(134)) - 4b287a15-77af-487b-aef7-34d1d0ee189f: shutdown LeaderElection
2019-10-16 21:02:20,416 [4b287a15-77af-487b-aef7-34d1d0ee189f@group-83C26644CFDA-LeaderElection452] INFO  impl.RoleInfo (RoleInfo.java:updateAndGet(143)) - 4b287a15-77af-487b-aef7-34d1d0ee189f: start FollowerState
2019-10-16 21:02:20,529 [Thread-3062] INFO  impl.FollowerState (FollowerState.java:run(108)) - 4b287a15-77af-487b-aef7-34d1d0ee189f@group-83C26644CFDA-FollowerState: change to CANDIDATE, lastRpcTime:112ms, electionTimeout:112ms
2019-10-16 21:02:20,529 [Thread-3062] INFO  impl.RoleInfo (RoleInfo.java:shutdownFollowerState(121)) - 4b287a15-77af-487b-aef7-34d1d0ee189f: shutdown FollowerState
2019-10-16 21:02:20,529 [Thread-3062] INFO  impl.RaftServerImpl (RaftServerImpl.java:setRole(184)) - 4b287a15-77af-487b-aef7-34d1d0ee189f@group-83C26644CFDA: changes role from  FOLLOWER to CANDIDATE at term 479 for changeToCandidate
2019-10-16 21:02:20,529 [Thread-3062] INFO  impl.RoleInfo (RoleInfo.java:updateAndGet(143)) - 4b287a15-77af-487b-aef7-34d1d0ee189f: start LeaderElection
2019-10-16 21:02:20,543 [4b287a15-77af-487b-aef7-34d1d0ee189f@group-83C26644CFDA-LeaderElection453] INFO  impl.LeaderElection (LeaderElection.java:askForVotes(178)) - 4b287a15-77af-487b-aef7-34d1d0ee189f@group-83C26644CFDA-LeaderElection453: begin an election at term 480 for -1: [4b287a15-77af-487b-aef7-34d1d0ee189f:192.168.34.38:38597, 0aa3649f-570d-46c6-937f-492d7f3a8364:192.168.34.38:33209, 4a03179f-3169-4ac7-a075-259968512ef0:192.168.34.38:45833], old=null
2019-10-16 21:02:20,544 [4b287a15-77af-487b-aef7-34d1d0ee189f@group-83C26644CFDA-LeaderElection453] INFO  impl.LeaderElection (LogUtils.java:infoOrTrace(149)) - 4b287a15-77af-487b-aef7-34d1d0ee189f@group-83C26644CFDA-LeaderElection453 got exception when requesting votes: {}
java.util.concurrent.ExecutionException: org.apache.ratis.thirdparty.io.grpc.StatusRuntimeException: UNAVAILABLE: io exception
	at java.util.concurrent.FutureTask.report(FutureTask.java:122)
	at java.util.concurrent.FutureTask.get(FutureTask.java:192)
	at org.apache.ratis.server.impl.LeaderElection.waitForResults(LeaderElection.java:259)
	at org.apache.ratis.server.impl.LeaderElection.askForVotes(LeaderElection.java:197)
	at org.apache.ratis.server.impl.LeaderElection.run(LeaderElection.java:133)
	at java.lang.Thread.run(Thread.java:748)
Caused by: org.apache.ratis.thirdparty.io.grpc.StatusRuntimeException: UNAVAILABLE: io exception
	at org.apache.ratis.thirdparty.io.grpc.stub.ClientCalls.toStatusRuntimeException(ClientCalls.java:233)
	at org.apache.ratis.thirdparty.io.grpc.stub.ClientCalls.getUnchecked(ClientCalls.java:214)
	at org.apache.ratis.thirdparty.io.grpc.stub.ClientCalls.blockingUnaryCall(ClientCalls.java:139)
	at org.apache.ratis.proto.grpc.RaftServerProtocolServiceGrpc$RaftServerProtocolServiceBlockingStub.requestVote(RaftServerProtocolServiceGrpc.java:265)
	at org.apache.ratis.grpc.server.GrpcServerProtocolClient.requestVote(GrpcServerProtocolClient.java:99)
	at org.apache.ratis.grpc.server.GrpcService.requestVote(GrpcService.java:204)
	at org.apache.ratis.server.impl.LeaderElection.lambda$submitRequests$1(LeaderElection.java:234)
	at java.util.concurrent.FutureTask.run(FutureTask.java:266)
	at java.util.concurrent.Executors$RunnableAdapter.call(Executors.java:511)
	at java.util.concurrent.FutureTask.run(FutureTask.java:266)
	at java.util.concurrent.ThreadPoolExecutor.runWorker(ThreadPoolExecutor.java:1149)
	at java.util.concurrent.ThreadPoolExecutor$Worker.run(ThreadPoolExecutor.java:624)
	... 1 more
Caused by: org.apache.ratis.thirdparty.io.netty.channel.AbstractChannel$AnnotatedConnectException: Connection refused: /192.168.34.38:45833
	at sun.nio.ch.SocketChannelImpl.checkConnect(Native Method)
	at sun.nio.ch.SocketChannelImpl.finishConnect(SocketChannelImpl.java:717)
	at org.apache.ratis.thirdparty.io.netty.channel.socket.nio.NioSocketChannel.doFinishConnect(NioSocketChannel.java:327)
	at org.apache.ratis.thirdparty.io.netty.channel.nio.AbstractNioChannel$AbstractNioUnsafe.finishConnect(AbstractNioChannel.java:340)
	at org.apache.ratis.thirdparty.io.netty.channel.nio.NioEventLoop.processSelectedKey(NioEventLoop.java:632)
	at org.apache.ratis.thirdparty.io.netty.channel.nio.NioEventLoop.processSelectedKeysOptimized(NioEventLoop.java:579)
	at org.apache.ratis.thirdparty.io.netty.channel.nio.NioEventLoop.processSelectedKeys(NioEventLoop.java:496)
	at org.apache.ratis.thirdparty.io.netty.channel.nio.NioEventLoop.run(NioEventLoop.java:458)
	at org.apache.ratis.thirdparty.io.netty.util.concurrent.SingleThreadEventExecutor$5.run(SingleThreadEventExecutor.java:897)
	at org.apache.ratis.thirdparty.io.netty.util.concurrent.FastThreadLocalRunnable.run(FastThreadLocalRunnable.java:30)
	... 1 more
Caused by: java.net.ConnectException: Connection refused
	... 11 more
2019-10-16 21:02:20,544 [4b287a15-77af-487b-aef7-34d1d0ee189f@group-83C26644CFDA-LeaderElection453] INFO  impl.LeaderElection (LogUtils.java:infoOrTrace(149)) - 4b287a15-77af-487b-aef7-34d1d0ee189f@group-83C26644CFDA-LeaderElection453 got exception when requesting votes: {}
java.util.concurrent.ExecutionException: org.apache.ratis.thirdparty.io.grpc.StatusRuntimeException: UNAVAILABLE: io exception
	at java.util.concurrent.FutureTask.report(FutureTask.java:122)
	at java.util.concurrent.FutureTask.get(FutureTask.java:192)
	at org.apache.ratis.server.impl.LeaderElection.waitForResults(LeaderElection.java:259)
	at org.apache.ratis.server.impl.LeaderElection.askForVotes(LeaderElection.java:197)
	at org.apache.ratis.server.impl.LeaderElection.run(LeaderElection.java:133)
	at java.lang.Thread.run(Thread.java:748)
Caused by: org.apache.ratis.thirdparty.io.grpc.StatusRuntimeException: UNAVAILABLE: io exception
	at org.apache.ratis.thirdparty.io.grpc.stub.ClientCalls.toStatusRuntimeException(ClientCalls.java:233)
	at org.apache.ratis.thirdparty.io.grpc.stub.ClientCalls.getUnchecked(ClientCalls.java:214)
	at org.apache.ratis.thirdparty.io.grpc.stub.ClientCalls.blockingUnaryCall(ClientCalls.java:139)
	at org.apache.ratis.proto.grpc.RaftServerProtocolServiceGrpc$RaftServerProtocolServiceBlockingStub.requestVote(RaftServerProtocolServiceGrpc.java:265)
	at org.apache.ratis.grpc.server.GrpcServerProtocolClient.requestVote(GrpcServerProtocolClient.java:99)
	at org.apache.ratis.grpc.server.GrpcService.requestVote(GrpcService.java:204)
	at org.apache.ratis.server.impl.LeaderElection.lambda$submitRequests$1(LeaderElection.java:234)
	at java.util.concurrent.FutureTask.run(FutureTask.java:266)
	at java.util.concurrent.Executors$RunnableAdapter.call(Executors.java:511)
	at java.util.concurrent.FutureTask.run(FutureTask.java:266)
	at java.util.concurrent.ThreadPoolExecutor.runWorker(ThreadPoolExecutor.java:1149)
	at java.util.concurrent.ThreadPoolExecutor$Worker.run(ThreadPoolExecutor.java:624)
	... 1 more
Caused by: org.apache.ratis.thirdparty.io.netty.channel.AbstractChannel$AnnotatedConnectException: Connection refused: /192.168.34.38:33209
	at sun.nio.ch.SocketChannelImpl.checkConnect(Native Method)
	at sun.nio.ch.SocketChannelImpl.finishConnect(SocketChannelImpl.java:717)
	at org.apache.ratis.thirdparty.io.netty.channel.socket.nio.NioSocketChannel.doFinishConnect(NioSocketChannel.java:327)
	at org.apache.ratis.thirdparty.io.netty.channel.nio.AbstractNioChannel$AbstractNioUnsafe.finishConnect(AbstractNioChannel.java:340)
	at org.apache.ratis.thirdparty.io.netty.channel.nio.NioEventLoop.processSelectedKey(NioEventLoop.java:632)
	at org.apache.ratis.thirdparty.io.netty.channel.nio.NioEventLoop.processSelectedKeysOptimized(NioEventLoop.java:579)
	at org.apache.ratis.thirdparty.io.netty.channel.nio.NioEventLoop.processSelectedKeys(NioEventLoop.java:496)
	at org.apache.ratis.thirdparty.io.netty.channel.nio.NioEventLoop.run(NioEventLoop.java:458)
	at org.apache.ratis.thirdparty.io.netty.util.concurrent.SingleThreadEventExecutor$5.run(SingleThreadEventExecutor.java:897)
	at org.apache.ratis.thirdparty.io.netty.util.concurrent.FastThreadLocalRunnable.run(FastThreadLocalRunnable.java:30)
	... 1 more
Caused by: java.net.ConnectException: Connection refused
	... 11 more
2019-10-16 21:02:20,545 [4b287a15-77af-487b-aef7-34d1d0ee189f@group-83C26644CFDA-LeaderElection453] INFO  impl.LeaderElection (LeaderElection.java:logAndReturn(56)) - 4b287a15-77af-487b-aef7-34d1d0ee189f@group-83C26644CFDA-LeaderElection453: Election REJECTED; received 0 response(s) [] and 2 exception(s); 4b287a15-77af-487b-aef7-34d1d0ee189f@group-83C26644CFDA:t480, leader=null, voted=4b287a15-77af-487b-aef7-34d1d0ee189f, raftlog=4b287a15-77af-487b-aef7-34d1d0ee189f@group-83C26644CFDA-SegmentedRaftLog:OPENED:c-1,f-1,i0, conf=-1: [4b287a15-77af-487b-aef7-34d1d0ee189f:192.168.34.38:38597, 0aa3649f-570d-46c6-937f-492d7f3a8364:192.168.34.38:33209, 4a03179f-3169-4ac7-a075-259968512ef0:192.168.34.38:45833], old=null
2019-10-16 21:02:20,545 [4b287a15-77af-487b-aef7-34d1d0ee189f@group-83C26644CFDA-LeaderElection453] INFO  impl.LeaderElection (LogUtils.java:infoOrTrace(149)) -   Exception 0: {}
java.util.concurrent.ExecutionException: org.apache.ratis.thirdparty.io.grpc.StatusRuntimeException: UNAVAILABLE: io exception
	at java.util.concurrent.FutureTask.report(FutureTask.java:122)
	at java.util.concurrent.FutureTask.get(FutureTask.java:192)
	at org.apache.ratis.server.impl.LeaderElection.waitForResults(LeaderElection.java:259)
	at org.apache.ratis.server.impl.LeaderElection.askForVotes(LeaderElection.java:197)
	at org.apache.ratis.server.impl.LeaderElection.run(LeaderElection.java:133)
	at java.lang.Thread.run(Thread.java:748)
Caused by: org.apache.ratis.thirdparty.io.grpc.StatusRuntimeException: UNAVAILABLE: io exception
	at org.apache.ratis.thirdparty.io.grpc.stub.ClientCalls.toStatusRuntimeException(ClientCalls.java:233)
	at org.apache.ratis.thirdparty.io.grpc.stub.ClientCalls.getUnchecked(ClientCalls.java:214)
	at org.apache.ratis.thirdparty.io.grpc.stub.ClientCalls.blockingUnaryCall(ClientCalls.java:139)
	at org.apache.ratis.proto.grpc.RaftServerProtocolServiceGrpc$RaftServerProtocolServiceBlockingStub.requestVote(RaftServerProtocolServiceGrpc.java:265)
	at org.apache.ratis.grpc.server.GrpcServerProtocolClient.requestVote(GrpcServerProtocolClient.java:99)
	at org.apache.ratis.grpc.server.GrpcService.requestVote(GrpcService.java:204)
	at org.apache.ratis.server.impl.LeaderElection.lambda$submitRequests$1(LeaderElection.java:234)
	at java.util.concurrent.FutureTask.run(FutureTask.java:266)
	at java.util.concurrent.Executors$RunnableAdapter.call(Executors.java:511)
	at java.util.concurrent.FutureTask.run(FutureTask.java:266)
	at java.util.concurrent.ThreadPoolExecutor.runWorker(ThreadPoolExecutor.java:1149)
	at java.util.concurrent.ThreadPoolExecutor$Worker.run(ThreadPoolExecutor.java:624)
	... 1 more
Caused by: org.apache.ratis.thirdparty.io.netty.channel.AbstractChannel$AnnotatedConnectException: Connection refused: /192.168.34.38:45833
	at sun.nio.ch.SocketChannelImpl.checkConnect(Native Method)
	at sun.nio.ch.SocketChannelImpl.finishConnect(SocketChannelImpl.java:717)
	at org.apache.ratis.thirdparty.io.netty.channel.socket.nio.NioSocketChannel.doFinishConnect(NioSocketChannel.java:327)
	at org.apache.ratis.thirdparty.io.netty.channel.nio.AbstractNioChannel$AbstractNioUnsafe.finishConnect(AbstractNioChannel.java:340)
	at org.apache.ratis.thirdparty.io.netty.channel.nio.NioEventLoop.processSelectedKey(NioEventLoop.java:632)
	at org.apache.ratis.thirdparty.io.netty.channel.nio.NioEventLoop.processSelectedKeysOptimized(NioEventLoop.java:579)
	at org.apache.ratis.thirdparty.io.netty.channel.nio.NioEventLoop.processSelectedKeys(NioEventLoop.java:496)
	at org.apache.ratis.thirdparty.io.netty.channel.nio.NioEventLoop.run(NioEventLoop.java:458)
	at org.apache.ratis.thirdparty.io.netty.util.concurrent.SingleThreadEventExecutor$5.run(SingleThreadEventExecutor.java:897)
	at org.apache.ratis.thirdparty.io.netty.util.concurrent.FastThreadLocalRunnable.run(FastThreadLocalRunnable.java:30)
	... 1 more
Caused by: java.net.ConnectException: Connection refused
	... 11 more
2019-10-16 21:02:20,545 [4b287a15-77af-487b-aef7-34d1d0ee189f@group-83C26644CFDA-LeaderElection453] INFO  impl.LeaderElection (LogUtils.java:infoOrTrace(149)) -   Exception 1: {}
java.util.concurrent.ExecutionException: org.apache.ratis.thirdparty.io.grpc.StatusRuntimeException: UNAVAILABLE: io exception
	at java.util.concurrent.FutureTask.report(FutureTask.java:122)
	at java.util.concurrent.FutureTask.get(FutureTask.java:192)
	at org.apache.ratis.server.impl.LeaderElection.waitForResults(LeaderElection.java:259)
	at org.apache.ratis.server.impl.LeaderElection.askForVotes(LeaderElection.java:197)
	at org.apache.ratis.server.impl.LeaderElection.run(LeaderElection.java:133)
	at java.lang.Thread.run(Thread.java:748)
Caused by: org.apache.ratis.thirdparty.io.grpc.StatusRuntimeException: UNAVAILABLE: io exception
	at org.apache.ratis.thirdparty.io.grpc.stub.ClientCalls.toStatusRuntimeException(ClientCalls.java:233)
	at org.apache.ratis.thirdparty.io.grpc.stub.ClientCalls.getUnchecked(ClientCalls.java:214)
	at org.apache.ratis.thirdparty.io.grpc.stub.ClientCalls.blockingUnaryCall(ClientCalls.java:139)
	at org.apache.ratis.proto.grpc.RaftServerProtocolServiceGrpc$RaftServerProtocolServiceBlockingStub.requestVote(RaftServerProtocolServiceGrpc.java:265)
	at org.apache.ratis.grpc.server.GrpcServerProtocolClient.requestVote(GrpcServerProtocolClient.java:99)
	at org.apache.ratis.grpc.server.GrpcService.requestVote(GrpcService.java:204)
	at org.apache.ratis.server.impl.LeaderElection.lambda$submitRequests$1(LeaderElection.java:234)
	at java.util.concurrent.FutureTask.run(FutureTask.java:266)
	at java.util.concurrent.Executors$RunnableAdapter.call(Executors.java:511)
	at java.util.concurrent.FutureTask.run(FutureTask.java:266)
	at java.util.concurrent.ThreadPoolExecutor.runWorker(ThreadPoolExecutor.java:1149)
	at java.util.concurrent.ThreadPoolExecutor$Worker.run(ThreadPoolExecutor.java:624)
	... 1 more
Caused by: org.apache.ratis.thirdparty.io.netty.channel.AbstractChannel$AnnotatedConnectException: Connection refused: /192.168.34.38:33209
	at sun.nio.ch.SocketChannelImpl.checkConnect(Native Method)
	at sun.nio.ch.SocketChannelImpl.finishConnect(SocketChannelImpl.java:717)
	at org.apache.ratis.thirdparty.io.netty.channel.socket.nio.NioSocketChannel.doFinishConnect(NioSocketChannel.java:327)
	at org.apache.ratis.thirdparty.io.netty.channel.nio.AbstractNioChannel$AbstractNioUnsafe.finishConnect(AbstractNioChannel.java:340)
	at org.apache.ratis.thirdparty.io.netty.channel.nio.NioEventLoop.processSelectedKey(NioEventLoop.java:632)
	at org.apache.ratis.thirdparty.io.netty.channel.nio.NioEventLoop.processSelectedKeysOptimized(NioEventLoop.java:579)
	at org.apache.ratis.thirdparty.io.netty.channel.nio.NioEventLoop.processSelectedKeys(NioEventLoop.java:496)
	at org.apache.ratis.thirdparty.io.netty.channel.nio.NioEventLoop.run(NioEventLoop.java:458)
	at org.apache.ratis.thirdparty.io.netty.util.concurrent.SingleThreadEventExecutor$5.run(SingleThreadEventExecutor.java:897)
	at org.apache.ratis.thirdparty.io.netty.util.concurrent.FastThreadLocalRunnable.run(FastThreadLocalRunnable.java:30)
	... 1 more
Caused by: java.net.ConnectException: Connection refused
	... 11 more
2019-10-16 21:02:20,545 [4b287a15-77af-487b-aef7-34d1d0ee189f@group-83C26644CFDA-LeaderElection453] INFO  impl.RaftServerImpl (RaftServerImpl.java:setRole(184)) - 4b287a15-77af-487b-aef7-34d1d0ee189f@group-83C26644CFDA: changes role from CANDIDATE to FOLLOWER at term 480 for DISCOVERED_A_NEW_TERM
2019-10-16 21:02:20,545 [4b287a15-77af-487b-aef7-34d1d0ee189f@group-83C26644CFDA-LeaderElection453] INFO  impl.RoleInfo (RoleInfo.java:shutdownLeaderElection(134)) - 4b287a15-77af-487b-aef7-34d1d0ee189f: shutdown LeaderElection
2019-10-16 21:02:20,545 [4b287a15-77af-487b-aef7-34d1d0ee189f@group-83C26644CFDA-LeaderElection453] INFO  impl.RoleInfo (RoleInfo.java:updateAndGet(143)) - 4b287a15-77af-487b-aef7-34d1d0ee189f: start FollowerState
2019-10-16 21:02:20,745 [Thread-3066] INFO  impl.FollowerState (FollowerState.java:run(108)) - 4b287a15-77af-487b-aef7-34d1d0ee189f@group-83C26644CFDA-FollowerState: change to CANDIDATE, lastRpcTime:199ms, electionTimeout:199ms
2019-10-16 21:02:20,745 [Thread-3066] INFO  impl.RoleInfo (RoleInfo.java:shutdownFollowerState(121)) - 4b287a15-77af-487b-aef7-34d1d0ee189f: shutdown FollowerState
2019-10-16 21:02:20,745 [Thread-3066] INFO  impl.RaftServerImpl (RaftServerImpl.java:setRole(184)) - 4b287a15-77af-487b-aef7-34d1d0ee189f@group-83C26644CFDA: changes role from  FOLLOWER to CANDIDATE at term 480 for changeToCandidate
2019-10-16 21:02:20,745 [Thread-3066] INFO  impl.RoleInfo (RoleInfo.java:updateAndGet(143)) - 4b287a15-77af-487b-aef7-34d1d0ee189f: start LeaderElection
2019-10-16 21:02:20,758 [4b287a15-77af-487b-aef7-34d1d0ee189f@group-83C26644CFDA-LeaderElection454] INFO  impl.LeaderElection (LeaderElection.java:askForVotes(178)) - 4b287a15-77af-487b-aef7-34d1d0ee189f@group-83C26644CFDA-LeaderElection454: begin an election at term 481 for -1: [4b287a15-77af-487b-aef7-34d1d0ee189f:192.168.34.38:38597, 0aa3649f-570d-46c6-937f-492d7f3a8364:192.168.34.38:33209, 4a03179f-3169-4ac7-a075-259968512ef0:192.168.34.38:45833], old=null
2019-10-16 21:02:20,759 [4b287a15-77af-487b-aef7-34d1d0ee189f@group-83C26644CFDA-LeaderElection454] INFO  impl.LeaderElection (LogUtils.java:infoOrTrace(149)) - 4b287a15-77af-487b-aef7-34d1d0ee189f@group-83C26644CFDA-LeaderElection454 got exception when requesting votes: {}
java.util.concurrent.ExecutionException: org.apache.ratis.thirdparty.io.grpc.StatusRuntimeException: UNAVAILABLE: io exception
	at java.util.concurrent.FutureTask.report(FutureTask.java:122)
	at java.util.concurrent.FutureTask.get(FutureTask.java:192)
	at org.apache.ratis.server.impl.LeaderElection.waitForResults(LeaderElection.java:259)
	at org.apache.ratis.server.impl.LeaderElection.askForVotes(LeaderElection.java:197)
	at org.apache.ratis.server.impl.LeaderElection.run(LeaderElection.java:133)
	at java.lang.Thread.run(Thread.java:748)
Caused by: org.apache.ratis.thirdparty.io.grpc.StatusRuntimeException: UNAVAILABLE: io exception
	at org.apache.ratis.thirdparty.io.grpc.stub.ClientCalls.toStatusRuntimeException(ClientCalls.java:233)
	at org.apache.ratis.thirdparty.io.grpc.stub.ClientCalls.getUnchecked(ClientCalls.java:214)
	at org.apache.ratis.thirdparty.io.grpc.stub.ClientCalls.blockingUnaryCall(ClientCalls.java:139)
	at org.apache.ratis.proto.grpc.RaftServerProtocolServiceGrpc$RaftServerProtocolServiceBlockingStub.requestVote(RaftServerProtocolServiceGrpc.java:265)
	at org.apache.ratis.grpc.server.GrpcServerProtocolClient.requestVote(GrpcServerProtocolClient.java:99)
	at org.apache.ratis.grpc.server.GrpcService.requestVote(GrpcService.java:204)
	at org.apache.ratis.server.impl.LeaderElection.lambda$submitRequests$1(LeaderElection.java:234)
	at java.util.concurrent.FutureTask.run(FutureTask.java:266)
	at java.util.concurrent.Executors$RunnableAdapter.call(Executors.java:511)
	at java.util.concurrent.FutureTask.run(FutureTask.java:266)
	at java.util.concurrent.ThreadPoolExecutor.runWorker(ThreadPoolExecutor.java:1149)
	at java.util.concurrent.ThreadPoolExecutor$Worker.run(ThreadPoolExecutor.java:624)
	... 1 more
Caused by: org.apache.ratis.thirdparty.io.netty.channel.AbstractChannel$AnnotatedConnectException: Connection refused: /192.168.34.38:33209
	at sun.nio.ch.SocketChannelImpl.checkConnect(Native Method)
	at sun.nio.ch.SocketChannelImpl.finishConnect(SocketChannelImpl.java:717)
	at org.apache.ratis.thirdparty.io.netty.channel.socket.nio.NioSocketChannel.doFinishConnect(NioSocketChannel.java:327)
	at org.apache.ratis.thirdparty.io.netty.channel.nio.AbstractNioChannel$AbstractNioUnsafe.finishConnect(AbstractNioChannel.java:340)
	at org.apache.ratis.thirdparty.io.netty.channel.nio.NioEventLoop.processSelectedKey(NioEventLoop.java:632)
	at org.apache.ratis.thirdparty.io.netty.channel.nio.NioEventLoop.processSelectedKeysOptimized(NioEventLoop.java:579)
	at org.apache.ratis.thirdparty.io.netty.channel.nio.NioEventLoop.processSelectedKeys(NioEventLoop.java:496)
	at org.apache.ratis.thirdparty.io.netty.channel.nio.NioEventLoop.run(NioEventLoop.java:458)
	at org.apache.ratis.thirdparty.io.netty.util.concurrent.SingleThreadEventExecutor$5.run(SingleThreadEventExecutor.java:897)
	at org.apache.ratis.thirdparty.io.netty.util.concurrent.FastThreadLocalRunnable.run(FastThreadLocalRunnable.java:30)
	... 1 more
Caused by: java.net.ConnectException: Connection refused
	... 11 more
2019-10-16 21:02:20,760 [4b287a15-77af-487b-aef7-34d1d0ee189f@group-83C26644CFDA-LeaderElection454] INFO  impl.LeaderElection (LogUtils.java:infoOrTrace(149)) - 4b287a15-77af-487b-aef7-34d1d0ee189f@group-83C26644CFDA-LeaderElection454 got exception when requesting votes: {}
java.util.concurrent.ExecutionException: org.apache.ratis.thirdparty.io.grpc.StatusRuntimeException: UNAVAILABLE: io exception
	at java.util.concurrent.FutureTask.report(FutureTask.java:122)
	at java.util.concurrent.FutureTask.get(FutureTask.java:192)
	at org.apache.ratis.server.impl.LeaderElection.waitForResults(LeaderElection.java:259)
	at org.apache.ratis.server.impl.LeaderElection.askForVotes(LeaderElection.java:197)
	at org.apache.ratis.server.impl.LeaderElection.run(LeaderElection.java:133)
	at java.lang.Thread.run(Thread.java:748)
Caused by: org.apache.ratis.thirdparty.io.grpc.StatusRuntimeException: UNAVAILABLE: io exception
	at org.apache.ratis.thirdparty.io.grpc.stub.ClientCalls.toStatusRuntimeException(ClientCalls.java:233)
	at org.apache.ratis.thirdparty.io.grpc.stub.ClientCalls.getUnchecked(ClientCalls.java:214)
	at org.apache.ratis.thirdparty.io.grpc.stub.ClientCalls.blockingUnaryCall(ClientCalls.java:139)
	at org.apache.ratis.proto.grpc.RaftServerProtocolServiceGrpc$RaftServerProtocolServiceBlockingStub.requestVote(RaftServerProtocolServiceGrpc.java:265)
	at org.apache.ratis.grpc.server.GrpcServerProtocolClient.requestVote(GrpcServerProtocolClient.java:99)
	at org.apache.ratis.grpc.server.GrpcService.requestVote(GrpcService.java:204)
	at org.apache.ratis.server.impl.LeaderElection.lambda$submitRequests$1(LeaderElection.java:234)
	at java.util.concurrent.FutureTask.run(FutureTask.java:266)
	at java.util.concurrent.Executors$RunnableAdapter.call(Executors.java:511)
	at java.util.concurrent.FutureTask.run(FutureTask.java:266)
	at java.util.concurrent.ThreadPoolExecutor.runWorker(ThreadPoolExecutor.java:1149)
	at java.util.concurrent.ThreadPoolExecutor$Worker.run(ThreadPoolExecutor.java:624)
	... 1 more
Caused by: org.apache.ratis.thirdparty.io.netty.channel.AbstractChannel$AnnotatedConnectException: Connection refused: /192.168.34.38:45833
	at sun.nio.ch.SocketChannelImpl.checkConnect(Native Method)
	at sun.nio.ch.SocketChannelImpl.finishConnect(SocketChannelImpl.java:717)
	at org.apache.ratis.thirdparty.io.netty.channel.socket.nio.NioSocketChannel.doFinishConnect(NioSocketChannel.java:327)
	at org.apache.ratis.thirdparty.io.netty.channel.nio.AbstractNioChannel$AbstractNioUnsafe.finishConnect(AbstractNioChannel.java:340)
	at org.apache.ratis.thirdparty.io.netty.channel.nio.NioEventLoop.processSelectedKey(NioEventLoop.java:632)
	at org.apache.ratis.thirdparty.io.netty.channel.nio.NioEventLoop.processSelectedKeysOptimized(NioEventLoop.java:579)
	at org.apache.ratis.thirdparty.io.netty.channel.nio.NioEventLoop.processSelectedKeys(NioEventLoop.java:496)
	at org.apache.ratis.thirdparty.io.netty.channel.nio.NioEventLoop.run(NioEventLoop.java:458)
	at org.apache.ratis.thirdparty.io.netty.util.concurrent.SingleThreadEventExecutor$5.run(SingleThreadEventExecutor.java:897)
	at org.apache.ratis.thirdparty.io.netty.util.concurrent.FastThreadLocalRunnable.run(FastThreadLocalRunnable.java:30)
	... 1 more
Caused by: java.net.ConnectException: Connection refused
	... 11 more
2019-10-16 21:02:20,760 [4b287a15-77af-487b-aef7-34d1d0ee189f@group-83C26644CFDA-LeaderElection454] INFO  impl.LeaderElection (LeaderElection.java:logAndReturn(56)) - 4b287a15-77af-487b-aef7-34d1d0ee189f@group-83C26644CFDA-LeaderElection454: Election REJECTED; received 0 response(s) [] and 2 exception(s); 4b287a15-77af-487b-aef7-34d1d0ee189f@group-83C26644CFDA:t481, leader=null, voted=4b287a15-77af-487b-aef7-34d1d0ee189f, raftlog=4b287a15-77af-487b-aef7-34d1d0ee189f@group-83C26644CFDA-SegmentedRaftLog:OPENED:c-1,f-1,i0, conf=-1: [4b287a15-77af-487b-aef7-34d1d0ee189f:192.168.34.38:38597, 0aa3649f-570d-46c6-937f-492d7f3a8364:192.168.34.38:33209, 4a03179f-3169-4ac7-a075-259968512ef0:192.168.34.38:45833], old=null
2019-10-16 21:02:20,760 [4b287a15-77af-487b-aef7-34d1d0ee189f@group-83C26644CFDA-LeaderElection454] INFO  impl.LeaderElection (LogUtils.java:infoOrTrace(149)) -   Exception 0: {}
java.util.concurrent.ExecutionException: org.apache.ratis.thirdparty.io.grpc.StatusRuntimeException: UNAVAILABLE: io exception
	at java.util.concurrent.FutureTask.report(FutureTask.java:122)
	at java.util.concurrent.FutureTask.get(FutureTask.java:192)
	at org.apache.ratis.server.impl.LeaderElection.waitForResults(LeaderElection.java:259)
	at org.apache.ratis.server.impl.LeaderElection.askForVotes(LeaderElection.java:197)
	at org.apache.ratis.server.impl.LeaderElection.run(LeaderElection.java:133)
	at java.lang.Thread.run(Thread.java:748)
Caused by: org.apache.ratis.thirdparty.io.grpc.StatusRuntimeException: UNAVAILABLE: io exception
	at org.apache.ratis.thirdparty.io.grpc.stub.ClientCalls.toStatusRuntimeException(ClientCalls.java:233)
	at org.apache.ratis.thirdparty.io.grpc.stub.ClientCalls.getUnchecked(ClientCalls.java:214)
	at org.apache.ratis.thirdparty.io.grpc.stub.ClientCalls.blockingUnaryCall(ClientCalls.java:139)
	at org.apache.ratis.proto.grpc.RaftServerProtocolServiceGrpc$RaftServerProtocolServiceBlockingStub.requestVote(RaftServerProtocolServiceGrpc.java:265)
	at org.apache.ratis.grpc.server.GrpcServerProtocolClient.requestVote(GrpcServerProtocolClient.java:99)
	at org.apache.ratis.grpc.server.GrpcService.requestVote(GrpcService.java:204)
	at org.apache.ratis.server.impl.LeaderElection.lambda$submitRequests$1(LeaderElection.java:234)
	at java.util.concurrent.FutureTask.run(FutureTask.java:266)
	at java.util.concurrent.Executors$RunnableAdapter.call(Executors.java:511)
	at java.util.concurrent.FutureTask.run(FutureTask.java:266)
	at java.util.concurrent.ThreadPoolExecutor.runWorker(ThreadPoolExecutor.java:1149)
	at java.util.concurrent.ThreadPoolExecutor$Worker.run(ThreadPoolExecutor.java:624)
	... 1 more
Caused by: org.apache.ratis.thirdparty.io.netty.channel.AbstractChannel$AnnotatedConnectException: Connection refused: /192.168.34.38:33209
	at sun.nio.ch.SocketChannelImpl.checkConnect(Native Method)
	at sun.nio.ch.SocketChannelImpl.finishConnect(SocketChannelImpl.java:717)
	at org.apache.ratis.thirdparty.io.netty.channel.socket.nio.NioSocketChannel.doFinishConnect(NioSocketChannel.java:327)
	at org.apache.ratis.thirdparty.io.netty.channel.nio.AbstractNioChannel$AbstractNioUnsafe.finishConnect(AbstractNioChannel.java:340)
	at org.apache.ratis.thirdparty.io.netty.channel.nio.NioEventLoop.processSelectedKey(NioEventLoop.java:632)
	at org.apache.ratis.thirdparty.io.netty.channel.nio.NioEventLoop.processSelectedKeysOptimized(NioEventLoop.java:579)
	at org.apache.ratis.thirdparty.io.netty.channel.nio.NioEventLoop.processSelectedKeys(NioEventLoop.java:496)
	at org.apache.ratis.thirdparty.io.netty.channel.nio.NioEventLoop.run(NioEventLoop.java:458)
	at org.apache.ratis.thirdparty.io.netty.util.concurrent.SingleThreadEventExecutor$5.run(SingleThreadEventExecutor.java:897)
	at org.apache.ratis.thirdparty.io.netty.util.concurrent.FastThreadLocalRunnable.run(FastThreadLocalRunnable.java:30)
	... 1 more
Caused by: java.net.ConnectException: Connection refused
	... 11 more
2019-10-16 21:02:20,760 [4b287a15-77af-487b-aef7-34d1d0ee189f@group-83C26644CFDA-LeaderElection454] INFO  impl.LeaderElection (LogUtils.java:infoOrTrace(149)) -   Exception 1: {}
java.util.concurrent.ExecutionException: org.apache.ratis.thirdparty.io.grpc.StatusRuntimeException: UNAVAILABLE: io exception
	at java.util.concurrent.FutureTask.report(FutureTask.java:122)
	at java.util.concurrent.FutureTask.get(FutureTask.java:192)
	at org.apache.ratis.server.impl.LeaderElection.waitForResults(LeaderElection.java:259)
	at org.apache.ratis.server.impl.LeaderElection.askForVotes(LeaderElection.java:197)
	at org.apache.ratis.server.impl.LeaderElection.run(LeaderElection.java:133)
	at java.lang.Thread.run(Thread.java:748)
Caused by: org.apache.ratis.thirdparty.io.grpc.StatusRuntimeException: UNAVAILABLE: io exception
	at org.apache.ratis.thirdparty.io.grpc.stub.ClientCalls.toStatusRuntimeException(ClientCalls.java:233)
	at org.apache.ratis.thirdparty.io.grpc.stub.ClientCalls.getUnchecked(ClientCalls.java:214)
	at org.apache.ratis.thirdparty.io.grpc.stub.ClientCalls.blockingUnaryCall(ClientCalls.java:139)
	at org.apache.ratis.proto.grpc.RaftServerProtocolServiceGrpc$RaftServerProtocolServiceBlockingStub.requestVote(RaftServerProtocolServiceGrpc.java:265)
	at org.apache.ratis.grpc.server.GrpcServerProtocolClient.requestVote(GrpcServerProtocolClient.java:99)
	at org.apache.ratis.grpc.server.GrpcService.requestVote(GrpcService.java:204)
	at org.apache.ratis.server.impl.LeaderElection.lambda$submitRequests$1(LeaderElection.java:234)
	at java.util.concurrent.FutureTask.run(FutureTask.java:266)
	at java.util.concurrent.Executors$RunnableAdapter.call(Executors.java:511)
	at java.util.concurrent.FutureTask.run(FutureTask.java:266)
	at java.util.concurrent.ThreadPoolExecutor.runWorker(ThreadPoolExecutor.java:1149)
	at java.util.concurrent.ThreadPoolExecutor$Worker.run(ThreadPoolExecutor.java:624)
	... 1 more
Caused by: org.apache.ratis.thirdparty.io.netty.channel.AbstractChannel$AnnotatedConnectException: Connection refused: /192.168.34.38:45833
	at sun.nio.ch.SocketChannelImpl.checkConnect(Native Method)
	at sun.nio.ch.SocketChannelImpl.finishConnect(SocketChannelImpl.java:717)
	at org.apache.ratis.thirdparty.io.netty.channel.socket.nio.NioSocketChannel.doFinishConnect(NioSocketChannel.java:327)
	at org.apache.ratis.thirdparty.io.netty.channel.nio.AbstractNioChannel$AbstractNioUnsafe.finishConnect(AbstractNioChannel.java:340)
	at org.apache.ratis.thirdparty.io.netty.channel.nio.NioEventLoop.processSelectedKey(NioEventLoop.java:632)
	at org.apache.ratis.thirdparty.io.netty.channel.nio.NioEventLoop.processSelectedKeysOptimized(NioEventLoop.java:579)
	at org.apache.ratis.thirdparty.io.netty.channel.nio.NioEventLoop.processSelectedKeys(NioEventLoop.java:496)
	at org.apache.ratis.thirdparty.io.netty.channel.nio.NioEventLoop.run(NioEventLoop.java:458)
	at org.apache.ratis.thirdparty.io.netty.util.concurrent.SingleThreadEventExecutor$5.run(SingleThreadEventExecutor.java:897)
	at org.apache.ratis.thirdparty.io.netty.util.concurrent.FastThreadLocalRunnable.run(FastThreadLocalRunnable.java:30)
	... 1 more
Caused by: java.net.ConnectException: Connection refused
	... 11 more
2019-10-16 21:02:20,761 [4b287a15-77af-487b-aef7-34d1d0ee189f@group-83C26644CFDA-LeaderElection454] INFO  impl.RaftServerImpl (RaftServerImpl.java:setRole(184)) - 4b287a15-77af-487b-aef7-34d1d0ee189f@group-83C26644CFDA: changes role from CANDIDATE to FOLLOWER at term 481 for DISCOVERED_A_NEW_TERM
2019-10-16 21:02:20,761 [4b287a15-77af-487b-aef7-34d1d0ee189f@group-83C26644CFDA-LeaderElection454] INFO  impl.RoleInfo (RoleInfo.java:shutdownLeaderElection(134)) - 4b287a15-77af-487b-aef7-34d1d0ee189f: shutdown LeaderElection
2019-10-16 21:02:20,761 [4b287a15-77af-487b-aef7-34d1d0ee189f@group-83C26644CFDA-LeaderElection454] INFO  impl.RoleInfo (RoleInfo.java:updateAndGet(143)) - 4b287a15-77af-487b-aef7-34d1d0ee189f: start FollowerState
2019-10-16 21:02:20,797 [Thread-3070] INFO  impl.FollowerState (FollowerState.java:run(108)) - 4b287a15-77af-487b-aef7-34d1d0ee189f@group-83C26644CFDA-FollowerState: change to CANDIDATE, lastRpcTime:36ms, electionTimeout:36ms
2019-10-16 21:02:20,797 [Thread-3070] INFO  impl.RoleInfo (RoleInfo.java:shutdownFollowerState(121)) - 4b287a15-77af-487b-aef7-34d1d0ee189f: shutdown FollowerState
2019-10-16 21:02:20,797 [Thread-3070] INFO  impl.RaftServerImpl (RaftServerImpl.java:setRole(184)) - 4b287a15-77af-487b-aef7-34d1d0ee189f@group-83C26644CFDA: changes role from  FOLLOWER to CANDIDATE at term 481 for changeToCandidate
2019-10-16 21:02:20,797 [Thread-3070] INFO  impl.RoleInfo (RoleInfo.java:updateAndGet(143)) - 4b287a15-77af-487b-aef7-34d1d0ee189f: start LeaderElection
2019-10-16 21:02:20,803 [4b287a15-77af-487b-aef7-34d1d0ee189f@group-83C26644CFDA-LeaderElection455] INFO  impl.LeaderElection (LeaderElection.java:askForVotes(178)) - 4b287a15-77af-487b-aef7-34d1d0ee189f@group-83C26644CFDA-LeaderElection455: begin an election at term 482 for -1: [4b287a15-77af-487b-aef7-34d1d0ee189f:192.168.34.38:38597, 0aa3649f-570d-46c6-937f-492d7f3a8364:192.168.34.38:33209, 4a03179f-3169-4ac7-a075-259968512ef0:192.168.34.38:45833], old=null
2019-10-16 21:02:20,804 [4b287a15-77af-487b-aef7-34d1d0ee189f@group-83C26644CFDA-LeaderElection455] INFO  impl.LeaderElection (LogUtils.java:infoOrTrace(149)) - 4b287a15-77af-487b-aef7-34d1d0ee189f@group-83C26644CFDA-LeaderElection455 got exception when requesting votes: {}
java.util.concurrent.ExecutionException: org.apache.ratis.thirdparty.io.grpc.StatusRuntimeException: UNAVAILABLE: io exception
	at java.util.concurrent.FutureTask.report(FutureTask.java:122)
	at java.util.concurrent.FutureTask.get(FutureTask.java:192)
	at org.apache.ratis.server.impl.LeaderElection.waitForResults(LeaderElection.java:259)
	at org.apache.ratis.server.impl.LeaderElection.askForVotes(LeaderElection.java:197)
	at org.apache.ratis.server.impl.LeaderElection.run(LeaderElection.java:133)
	at java.lang.Thread.run(Thread.java:748)
Caused by: org.apache.ratis.thirdparty.io.grpc.StatusRuntimeException: UNAVAILABLE: io exception
	at org.apache.ratis.thirdparty.io.grpc.stub.ClientCalls.toStatusRuntimeException(ClientCalls.java:233)
	at org.apache.ratis.thirdparty.io.grpc.stub.ClientCalls.getUnchecked(ClientCalls.java:214)
	at org.apache.ratis.thirdparty.io.grpc.stub.ClientCalls.blockingUnaryCall(ClientCalls.java:139)
	at org.apache.ratis.proto.grpc.RaftServerProtocolServiceGrpc$RaftServerProtocolServiceBlockingStub.requestVote(RaftServerProtocolServiceGrpc.java:265)
	at org.apache.ratis.grpc.server.GrpcServerProtocolClient.requestVote(GrpcServerProtocolClient.java:99)
	at org.apache.ratis.grpc.server.GrpcService.requestVote(GrpcService.java:204)
	at org.apache.ratis.server.impl.LeaderElection.lambda$submitRequests$1(LeaderElection.java:234)
	at java.util.concurrent.FutureTask.run(FutureTask.java:266)
	at java.util.concurrent.Executors$RunnableAdapter.call(Executors.java:511)
	at java.util.concurrent.FutureTask.run(FutureTask.java:266)
	at java.util.concurrent.ThreadPoolExecutor.runWorker(ThreadPoolExecutor.java:1149)
	at java.util.concurrent.ThreadPoolExecutor$Worker.run(ThreadPoolExecutor.java:624)
	... 1 more
Caused by: org.apache.ratis.thirdparty.io.netty.channel.AbstractChannel$AnnotatedConnectException: Connection refused: /192.168.34.38:45833
	at sun.nio.ch.SocketChannelImpl.checkConnect(Native Method)
	at sun.nio.ch.SocketChannelImpl.finishConnect(SocketChannelImpl.java:717)
	at org.apache.ratis.thirdparty.io.netty.channel.socket.nio.NioSocketChannel.doFinishConnect(NioSocketChannel.java:327)
	at org.apache.ratis.thirdparty.io.netty.channel.nio.AbstractNioChannel$AbstractNioUnsafe.finishConnect(AbstractNioChannel.java:340)
	at org.apache.ratis.thirdparty.io.netty.channel.nio.NioEventLoop.processSelectedKey(NioEventLoop.java:632)
	at org.apache.ratis.thirdparty.io.netty.channel.nio.NioEventLoop.processSelectedKeysOptimized(NioEventLoop.java:579)
	at org.apache.ratis.thirdparty.io.netty.channel.nio.NioEventLoop.processSelectedKeys(NioEventLoop.java:496)
	at org.apache.ratis.thirdparty.io.netty.channel.nio.NioEventLoop.run(NioEventLoop.java:458)
	at org.apache.ratis.thirdparty.io.netty.util.concurrent.SingleThreadEventExecutor$5.run(SingleThreadEventExecutor.java:897)
	at org.apache.ratis.thirdparty.io.netty.util.concurrent.FastThreadLocalRunnable.run(FastThreadLocalRunnable.java:30)
	... 1 more
Caused by: java.net.ConnectException: Connection refused
	... 11 more
2019-10-16 21:02:20,804 [4b287a15-77af-487b-aef7-34d1d0ee189f@group-83C26644CFDA-LeaderElection455] INFO  impl.LeaderElection (LogUtils.java:infoOrTrace(149)) - 4b287a15-77af-487b-aef7-34d1d0ee189f@group-83C26644CFDA-LeaderElection455 got exception when requesting votes: {}
java.util.concurrent.ExecutionException: org.apache.ratis.thirdparty.io.grpc.StatusRuntimeException: UNAVAILABLE: io exception
	at java.util.concurrent.FutureTask.report(FutureTask.java:122)
	at java.util.concurrent.FutureTask.get(FutureTask.java:192)
	at org.apache.ratis.server.impl.LeaderElection.waitForResults(LeaderElection.java:259)
	at org.apache.ratis.server.impl.LeaderElection.askForVotes(LeaderElection.java:197)
	at org.apache.ratis.server.impl.LeaderElection.run(LeaderElection.java:133)
	at java.lang.Thread.run(Thread.java:748)
Caused by: org.apache.ratis.thirdparty.io.grpc.StatusRuntimeException: UNAVAILABLE: io exception
	at org.apache.ratis.thirdparty.io.grpc.stub.ClientCalls.toStatusRuntimeException(ClientCalls.java:233)
	at org.apache.ratis.thirdparty.io.grpc.stub.ClientCalls.getUnchecked(ClientCalls.java:214)
	at org.apache.ratis.thirdparty.io.grpc.stub.ClientCalls.blockingUnaryCall(ClientCalls.java:139)
	at org.apache.ratis.proto.grpc.RaftServerProtocolServiceGrpc$RaftServerProtocolServiceBlockingStub.requestVote(RaftServerProtocolServiceGrpc.java:265)
	at org.apache.ratis.grpc.server.GrpcServerProtocolClient.requestVote(GrpcServerProtocolClient.java:99)
	at org.apache.ratis.grpc.server.GrpcService.requestVote(GrpcService.java:204)
	at org.apache.ratis.server.impl.LeaderElection.lambda$submitRequests$1(LeaderElection.java:234)
	at java.util.concurrent.FutureTask.run(FutureTask.java:266)
	at java.util.concurrent.Executors$RunnableAdapter.call(Executors.java:511)
	at java.util.concurrent.FutureTask.run(FutureTask.java:266)
	at java.util.concurrent.ThreadPoolExecutor.runWorker(ThreadPoolExecutor.java:1149)
	at java.util.concurrent.ThreadPoolExecutor$Worker.run(ThreadPoolExecutor.java:624)
	... 1 more
Caused by: org.apache.ratis.thirdparty.io.netty.channel.AbstractChannel$AnnotatedConnectException: Connection refused: /192.168.34.38:33209
	at sun.nio.ch.SocketChannelImpl.checkConnect(Native Method)
	at sun.nio.ch.SocketChannelImpl.finishConnect(SocketChannelImpl.java:717)
	at org.apache.ratis.thirdparty.io.netty.channel.socket.nio.NioSocketChannel.doFinishConnect(NioSocketChannel.java:327)
	at org.apache.ratis.thirdparty.io.netty.channel.nio.AbstractNioChannel$AbstractNioUnsafe.finishConnect(AbstractNioChannel.java:340)
	at org.apache.ratis.thirdparty.io.netty.channel.nio.NioEventLoop.processSelectedKey(NioEventLoop.java:632)
	at org.apache.ratis.thirdparty.io.netty.channel.nio.NioEventLoop.processSelectedKeysOptimized(NioEventLoop.java:579)
	at org.apache.ratis.thirdparty.io.netty.channel.nio.NioEventLoop.processSelectedKeys(NioEventLoop.java:496)
	at org.apache.ratis.thirdparty.io.netty.channel.nio.NioEventLoop.run(NioEventLoop.java:458)
	at org.apache.ratis.thirdparty.io.netty.util.concurrent.SingleThreadEventExecutor$5.run(SingleThreadEventExecutor.java:897)
	at org.apache.ratis.thirdparty.io.netty.util.concurrent.FastThreadLocalRunnable.run(FastThreadLocalRunnable.java:30)
	... 1 more
Caused by: java.net.ConnectException: Connection refused
	... 11 more
2019-10-16 21:02:20,805 [4b287a15-77af-487b-aef7-34d1d0ee189f@group-83C26644CFDA-LeaderElection455] INFO  impl.LeaderElection (LeaderElection.java:logAndReturn(56)) - 4b287a15-77af-487b-aef7-34d1d0ee189f@group-83C26644CFDA-LeaderElection455: Election REJECTED; received 0 response(s) [] and 2 exception(s); 4b287a15-77af-487b-aef7-34d1d0ee189f@group-83C26644CFDA:t482, leader=null, voted=4b287a15-77af-487b-aef7-34d1d0ee189f, raftlog=4b287a15-77af-487b-aef7-34d1d0ee189f@group-83C26644CFDA-SegmentedRaftLog:OPENED:c-1,f-1,i0, conf=-1: [4b287a15-77af-487b-aef7-34d1d0ee189f:192.168.34.38:38597, 0aa3649f-570d-46c6-937f-492d7f3a8364:192.168.34.38:33209, 4a03179f-3169-4ac7-a075-259968512ef0:192.168.34.38:45833], old=null
2019-10-16 21:02:20,805 [4b287a15-77af-487b-aef7-34d1d0ee189f@group-83C26644CFDA-LeaderElection455] INFO  impl.LeaderElection (LogUtils.java:infoOrTrace(149)) -   Exception 0: {}
java.util.concurrent.ExecutionException: org.apache.ratis.thirdparty.io.grpc.StatusRuntimeException: UNAVAILABLE: io exception
	at java.util.concurrent.FutureTask.report(FutureTask.java:122)
	at java.util.concurrent.FutureTask.get(FutureTask.java:192)
	at org.apache.ratis.server.impl.LeaderElection.waitForResults(LeaderElection.java:259)
	at org.apache.ratis.server.impl.LeaderElection.askForVotes(LeaderElection.java:197)
	at org.apache.ratis.server.impl.LeaderElection.run(LeaderElection.java:133)
	at java.lang.Thread.run(Thread.java:748)
Caused by: org.apache.ratis.thirdparty.io.grpc.StatusRuntimeException: UNAVAILABLE: io exception
	at org.apache.ratis.thirdparty.io.grpc.stub.ClientCalls.toStatusRuntimeException(ClientCalls.java:233)
	at org.apache.ratis.thirdparty.io.grpc.stub.ClientCalls.getUnchecked(ClientCalls.java:214)
	at org.apache.ratis.thirdparty.io.grpc.stub.ClientCalls.blockingUnaryCall(ClientCalls.java:139)
	at org.apache.ratis.proto.grpc.RaftServerProtocolServiceGrpc$RaftServerProtocolServiceBlockingStub.requestVote(RaftServerProtocolServiceGrpc.java:265)
	at org.apache.ratis.grpc.server.GrpcServerProtocolClient.requestVote(GrpcServerProtocolClient.java:99)
	at org.apache.ratis.grpc.server.GrpcService.requestVote(GrpcService.java:204)
	at org.apache.ratis.server.impl.LeaderElection.lambda$submitRequests$1(LeaderElection.java:234)
	at java.util.concurrent.FutureTask.run(FutureTask.java:266)
	at java.util.concurrent.Executors$RunnableAdapter.call(Executors.java:511)
	at java.util.concurrent.FutureTask.run(FutureTask.java:266)
	at java.util.concurrent.ThreadPoolExecutor.runWorker(ThreadPoolExecutor.java:1149)
	at java.util.concurrent.ThreadPoolExecutor$Worker.run(ThreadPoolExecutor.java:624)
	... 1 more
Caused by: org.apache.ratis.thirdparty.io.netty.channel.AbstractChannel$AnnotatedConnectException: Connection refused: /192.168.34.38:45833
	at sun.nio.ch.SocketChannelImpl.checkConnect(Native Method)
	at sun.nio.ch.SocketChannelImpl.finishConnect(SocketChannelImpl.java:717)
	at org.apache.ratis.thirdparty.io.netty.channel.socket.nio.NioSocketChannel.doFinishConnect(NioSocketChannel.java:327)
	at org.apache.ratis.thirdparty.io.netty.channel.nio.AbstractNioChannel$AbstractNioUnsafe.finishConnect(AbstractNioChannel.java:340)
	at org.apache.ratis.thirdparty.io.netty.channel.nio.NioEventLoop.processSelectedKey(NioEventLoop.java:632)
	at org.apache.ratis.thirdparty.io.netty.channel.nio.NioEventLoop.processSelectedKeysOptimized(NioEventLoop.java:579)
	at org.apache.ratis.thirdparty.io.netty.channel.nio.NioEventLoop.processSelectedKeys(NioEventLoop.java:496)
	at org.apache.ratis.thirdparty.io.netty.channel.nio.NioEventLoop.run(NioEventLoop.java:458)
	at org.apache.ratis.thirdparty.io.netty.util.concurrent.SingleThreadEventExecutor$5.run(SingleThreadEventExecutor.java:897)
	at org.apache.ratis.thirdparty.io.netty.util.concurrent.FastThreadLocalRunnable.run(FastThreadLocalRunnable.java:30)
	... 1 more
Caused by: java.net.ConnectException: Connection refused
	... 11 more
2019-10-16 21:02:20,805 [4b287a15-77af-487b-aef7-34d1d0ee189f@group-83C26644CFDA-LeaderElection455] INFO  impl.LeaderElection (LogUtils.java:infoOrTrace(149)) -   Exception 1: {}
java.util.concurrent.ExecutionException: org.apache.ratis.thirdparty.io.grpc.StatusRuntimeException: UNAVAILABLE: io exception
	at java.util.concurrent.FutureTask.report(FutureTask.java:122)
	at java.util.concurrent.FutureTask.get(FutureTask.java:192)
	at org.apache.ratis.server.impl.LeaderElection.waitForResults(LeaderElection.java:259)
	at org.apache.ratis.server.impl.LeaderElection.askForVotes(LeaderElection.java:197)
	at org.apache.ratis.server.impl.LeaderElection.run(LeaderElection.java:133)
	at java.lang.Thread.run(Thread.java:748)
Caused by: org.apache.ratis.thirdparty.io.grpc.StatusRuntimeException: UNAVAILABLE: io exception
	at org.apache.ratis.thirdparty.io.grpc.stub.ClientCalls.toStatusRuntimeException(ClientCalls.java:233)
	at org.apache.ratis.thirdparty.io.grpc.stub.ClientCalls.getUnchecked(ClientCalls.java:214)
	at org.apache.ratis.thirdparty.io.grpc.stub.ClientCalls.blockingUnaryCall(ClientCalls.java:139)
	at org.apache.ratis.proto.grpc.RaftServerProtocolServiceGrpc$RaftServerProtocolServiceBlockingStub.requestVote(RaftServerProtocolServiceGrpc.java:265)
	at org.apache.ratis.grpc.server.GrpcServerProtocolClient.requestVote(GrpcServerProtocolClient.java:99)
	at org.apache.ratis.grpc.server.GrpcService.requestVote(GrpcService.java:204)
	at org.apache.ratis.server.impl.LeaderElection.lambda$submitRequests$1(LeaderElection.java:234)
	at java.util.concurrent.FutureTask.run(FutureTask.java:266)
	at java.util.concurrent.Executors$RunnableAdapter.call(Executors.java:511)
	at java.util.concurrent.FutureTask.run(FutureTask.java:266)
	at java.util.concurrent.ThreadPoolExecutor.runWorker(ThreadPoolExecutor.java:1149)
	at java.util.concurrent.ThreadPoolExecutor$Worker.run(ThreadPoolExecutor.java:624)
	... 1 more
Caused by: org.apache.ratis.thirdparty.io.netty.channel.AbstractChannel$AnnotatedConnectException: Connection refused: /192.168.34.38:33209
	at sun.nio.ch.SocketChannelImpl.checkConnect(Native Method)
	at sun.nio.ch.SocketChannelImpl.finishConnect(SocketChannelImpl.java:717)
	at org.apache.ratis.thirdparty.io.netty.channel.socket.nio.NioSocketChannel.doFinishConnect(NioSocketChannel.java:327)
	at org.apache.ratis.thirdparty.io.netty.channel.nio.AbstractNioChannel$AbstractNioUnsafe.finishConnect(AbstractNioChannel.java:340)
	at org.apache.ratis.thirdparty.io.netty.channel.nio.NioEventLoop.processSelectedKey(NioEventLoop.java:632)
	at org.apache.ratis.thirdparty.io.netty.channel.nio.NioEventLoop.processSelectedKeysOptimized(NioEventLoop.java:579)
	at org.apache.ratis.thirdparty.io.netty.channel.nio.NioEventLoop.processSelectedKeys(NioEventLoop.java:496)
	at org.apache.ratis.thirdparty.io.netty.channel.nio.NioEventLoop.run(NioEventLoop.java:458)
	at org.apache.ratis.thirdparty.io.netty.util.concurrent.SingleThreadEventExecutor$5.run(SingleThreadEventExecutor.java:897)
	at org.apache.ratis.thirdparty.io.netty.util.concurrent.FastThreadLocalRunnable.run(FastThreadLocalRunnable.java:30)
	... 1 more
Caused by: java.net.ConnectException: Connection refused
	... 11 more
2019-10-16 21:02:20,805 [4b287a15-77af-487b-aef7-34d1d0ee189f@group-83C26644CFDA-LeaderElection455] INFO  impl.RaftServerImpl (RaftServerImpl.java:setRole(184)) - 4b287a15-77af-487b-aef7-34d1d0ee189f@group-83C26644CFDA: changes role from CANDIDATE to FOLLOWER at term 482 for DISCOVERED_A_NEW_TERM
2019-10-16 21:02:20,805 [4b287a15-77af-487b-aef7-34d1d0ee189f@group-83C26644CFDA-LeaderElection455] INFO  impl.RoleInfo (RoleInfo.java:shutdownLeaderElection(134)) - 4b287a15-77af-487b-aef7-34d1d0ee189f: shutdown LeaderElection
2019-10-16 21:02:20,805 [4b287a15-77af-487b-aef7-34d1d0ee189f@group-83C26644CFDA-LeaderElection455] INFO  impl.RoleInfo (RoleInfo.java:updateAndGet(143)) - 4b287a15-77af-487b-aef7-34d1d0ee189f: start FollowerState
2019-10-16 21:02:20,930 [Thread-3074] INFO  impl.FollowerState (FollowerState.java:run(108)) - 4b287a15-77af-487b-aef7-34d1d0ee189f@group-83C26644CFDA-FollowerState: change to CANDIDATE, lastRpcTime:124ms, electionTimeout:124ms
2019-10-16 21:02:20,930 [Thread-3074] INFO  impl.RoleInfo (RoleInfo.java:shutdownFollowerState(121)) - 4b287a15-77af-487b-aef7-34d1d0ee189f: shutdown FollowerState
2019-10-16 21:02:20,930 [Thread-3074] INFO  impl.RaftServerImpl (RaftServerImpl.java:setRole(184)) - 4b287a15-77af-487b-aef7-34d1d0ee189f@group-83C26644CFDA: changes role from  FOLLOWER to CANDIDATE at term 482 for changeToCandidate
2019-10-16 21:02:20,930 [Thread-3074] INFO  impl.RoleInfo (RoleInfo.java:updateAndGet(143)) - 4b287a15-77af-487b-aef7-34d1d0ee189f: start LeaderElection
2019-10-16 21:02:20,945 [4b287a15-77af-487b-aef7-34d1d0ee189f@group-83C26644CFDA-LeaderElection456] INFO  impl.LeaderElection (LeaderElection.java:askForVotes(178)) - 4b287a15-77af-487b-aef7-34d1d0ee189f@group-83C26644CFDA-LeaderElection456: begin an election at term 483 for -1: [4b287a15-77af-487b-aef7-34d1d0ee189f:192.168.34.38:38597, 0aa3649f-570d-46c6-937f-492d7f3a8364:192.168.34.38:33209, 4a03179f-3169-4ac7-a075-259968512ef0:192.168.34.38:45833], old=null
2019-10-16 21:02:20,946 [4b287a15-77af-487b-aef7-34d1d0ee189f@group-83C26644CFDA-LeaderElection456] INFO  impl.LeaderElection (LogUtils.java:infoOrTrace(149)) - 4b287a15-77af-487b-aef7-34d1d0ee189f@group-83C26644CFDA-LeaderElection456 got exception when requesting votes: {}
java.util.concurrent.ExecutionException: org.apache.ratis.thirdparty.io.grpc.StatusRuntimeException: UNAVAILABLE: io exception
	at java.util.concurrent.FutureTask.report(FutureTask.java:122)
	at java.util.concurrent.FutureTask.get(FutureTask.java:192)
	at org.apache.ratis.server.impl.LeaderElection.waitForResults(LeaderElection.java:259)
	at org.apache.ratis.server.impl.LeaderElection.askForVotes(LeaderElection.java:197)
	at org.apache.ratis.server.impl.LeaderElection.run(LeaderElection.java:133)
	at java.lang.Thread.run(Thread.java:748)
Caused by: org.apache.ratis.thirdparty.io.grpc.StatusRuntimeException: UNAVAILABLE: io exception
	at org.apache.ratis.thirdparty.io.grpc.stub.ClientCalls.toStatusRuntimeException(ClientCalls.java:233)
	at org.apache.ratis.thirdparty.io.grpc.stub.ClientCalls.getUnchecked(ClientCalls.java:214)
	at org.apache.ratis.thirdparty.io.grpc.stub.ClientCalls.blockingUnaryCall(ClientCalls.java:139)
	at org.apache.ratis.proto.grpc.RaftServerProtocolServiceGrpc$RaftServerProtocolServiceBlockingStub.requestVote(RaftServerProtocolServiceGrpc.java:265)
	at org.apache.ratis.grpc.server.GrpcServerProtocolClient.requestVote(GrpcServerProtocolClient.java:99)
	at org.apache.ratis.grpc.server.GrpcService.requestVote(GrpcService.java:204)
	at org.apache.ratis.server.impl.LeaderElection.lambda$submitRequests$1(LeaderElection.java:234)
	at java.util.concurrent.FutureTask.run(FutureTask.java:266)
	at java.util.concurrent.Executors$RunnableAdapter.call(Executors.java:511)
	at java.util.concurrent.FutureTask.run(FutureTask.java:266)
	at java.util.concurrent.ThreadPoolExecutor.runWorker(ThreadPoolExecutor.java:1149)
	at java.util.concurrent.ThreadPoolExecutor$Worker.run(ThreadPoolExecutor.java:624)
	... 1 more
Caused by: org.apache.ratis.thirdparty.io.netty.channel.AbstractChannel$AnnotatedConnectException: Connection refused: /192.168.34.38:33209
	at sun.nio.ch.SocketChannelImpl.checkConnect(Native Method)
	at sun.nio.ch.SocketChannelImpl.finishConnect(SocketChannelImpl.java:717)
	at org.apache.ratis.thirdparty.io.netty.channel.socket.nio.NioSocketChannel.doFinishConnect(NioSocketChannel.java:327)
	at org.apache.ratis.thirdparty.io.netty.channel.nio.AbstractNioChannel$AbstractNioUnsafe.finishConnect(AbstractNioChannel.java:340)
	at org.apache.ratis.thirdparty.io.netty.channel.nio.NioEventLoop.processSelectedKey(NioEventLoop.java:632)
	at org.apache.ratis.thirdparty.io.netty.channel.nio.NioEventLoop.processSelectedKeysOptimized(NioEventLoop.java:579)
	at org.apache.ratis.thirdparty.io.netty.channel.nio.NioEventLoop.processSelectedKeys(NioEventLoop.java:496)
	at org.apache.ratis.thirdparty.io.netty.channel.nio.NioEventLoop.run(NioEventLoop.java:458)
	at org.apache.ratis.thirdparty.io.netty.util.concurrent.SingleThreadEventExecutor$5.run(SingleThreadEventExecutor.java:897)
	at org.apache.ratis.thirdparty.io.netty.util.concurrent.FastThreadLocalRunnable.run(FastThreadLocalRunnable.java:30)
	... 1 more
Caused by: java.net.ConnectException: Connection refused
	... 11 more
2019-10-16 21:02:20,946 [4b287a15-77af-487b-aef7-34d1d0ee189f@group-83C26644CFDA-LeaderElection456] INFO  impl.LeaderElection (LogUtils.java:infoOrTrace(149)) - 4b287a15-77af-487b-aef7-34d1d0ee189f@group-83C26644CFDA-LeaderElection456 got exception when requesting votes: {}
java.util.concurrent.ExecutionException: org.apache.ratis.thirdparty.io.grpc.StatusRuntimeException: UNAVAILABLE: io exception
	at java.util.concurrent.FutureTask.report(FutureTask.java:122)
	at java.util.concurrent.FutureTask.get(FutureTask.java:192)
	at org.apache.ratis.server.impl.LeaderElection.waitForResults(LeaderElection.java:259)
	at org.apache.ratis.server.impl.LeaderElection.askForVotes(LeaderElection.java:197)
	at org.apache.ratis.server.impl.LeaderElection.run(LeaderElection.java:133)
	at java.lang.Thread.run(Thread.java:748)
Caused by: org.apache.ratis.thirdparty.io.grpc.StatusRuntimeException: UNAVAILABLE: io exception
	at org.apache.ratis.thirdparty.io.grpc.stub.ClientCalls.toStatusRuntimeException(ClientCalls.java:233)
	at org.apache.ratis.thirdparty.io.grpc.stub.ClientCalls.getUnchecked(ClientCalls.java:214)
	at org.apache.ratis.thirdparty.io.grpc.stub.ClientCalls.blockingUnaryCall(ClientCalls.java:139)
	at org.apache.ratis.proto.grpc.RaftServerProtocolServiceGrpc$RaftServerProtocolServiceBlockingStub.requestVote(RaftServerProtocolServiceGrpc.java:265)
	at org.apache.ratis.grpc.server.GrpcServerProtocolClient.requestVote(GrpcServerProtocolClient.java:99)
	at org.apache.ratis.grpc.server.GrpcService.requestVote(GrpcService.java:204)
	at org.apache.ratis.server.impl.LeaderElection.lambda$submitRequests$1(LeaderElection.java:234)
	at java.util.concurrent.FutureTask.run(FutureTask.java:266)
	at java.util.concurrent.Executors$RunnableAdapter.call(Executors.java:511)
	at java.util.concurrent.FutureTask.run(FutureTask.java:266)
	at java.util.concurrent.ThreadPoolExecutor.runWorker(ThreadPoolExecutor.java:1149)
	at java.util.concurrent.ThreadPoolExecutor$Worker.run(ThreadPoolExecutor.java:624)
	... 1 more
Caused by: org.apache.ratis.thirdparty.io.netty.channel.AbstractChannel$AnnotatedConnectException: Connection refused: /192.168.34.38:45833
	at sun.nio.ch.SocketChannelImpl.checkConnect(Native Method)
	at sun.nio.ch.SocketChannelImpl.finishConnect(SocketChannelImpl.java:717)
	at org.apache.ratis.thirdparty.io.netty.channel.socket.nio.NioSocketChannel.doFinishConnect(NioSocketChannel.java:327)
	at org.apache.ratis.thirdparty.io.netty.channel.nio.AbstractNioChannel$AbstractNioUnsafe.finishConnect(AbstractNioChannel.java:340)
	at org.apache.ratis.thirdparty.io.netty.channel.nio.NioEventLoop.processSelectedKey(NioEventLoop.java:632)
	at org.apache.ratis.thirdparty.io.netty.channel.nio.NioEventLoop.processSelectedKeysOptimized(NioEventLoop.java:579)
	at org.apache.ratis.thirdparty.io.netty.channel.nio.NioEventLoop.processSelectedKeys(NioEventLoop.java:496)
	at org.apache.ratis.thirdparty.io.netty.channel.nio.NioEventLoop.run(NioEventLoop.java:458)
	at org.apache.ratis.thirdparty.io.netty.util.concurrent.SingleThreadEventExecutor$5.run(SingleThreadEventExecutor.java:897)
	at org.apache.ratis.thirdparty.io.netty.util.concurrent.FastThreadLocalRunnable.run(FastThreadLocalRunnable.java:30)
	... 1 more
Caused by: java.net.ConnectException: Connection refused
	... 11 more
2019-10-16 21:02:20,947 [4b287a15-77af-487b-aef7-34d1d0ee189f@group-83C26644CFDA-LeaderElection456] INFO  impl.LeaderElection (LeaderElection.java:logAndReturn(56)) - 4b287a15-77af-487b-aef7-34d1d0ee189f@group-83C26644CFDA-LeaderElection456: Election REJECTED; received 0 response(s) [] and 2 exception(s); 4b287a15-77af-487b-aef7-34d1d0ee189f@group-83C26644CFDA:t483, leader=null, voted=4b287a15-77af-487b-aef7-34d1d0ee189f, raftlog=4b287a15-77af-487b-aef7-34d1d0ee189f@group-83C26644CFDA-SegmentedRaftLog:OPENED:c-1,f-1,i0, conf=-1: [4b287a15-77af-487b-aef7-34d1d0ee189f:192.168.34.38:38597, 0aa3649f-570d-46c6-937f-492d7f3a8364:192.168.34.38:33209, 4a03179f-3169-4ac7-a075-259968512ef0:192.168.34.38:45833], old=null
2019-10-16 21:02:20,947 [4b287a15-77af-487b-aef7-34d1d0ee189f@group-83C26644CFDA-LeaderElection456] INFO  impl.LeaderElection (LogUtils.java:infoOrTrace(149)) -   Exception 0: {}
java.util.concurrent.ExecutionException: org.apache.ratis.thirdparty.io.grpc.StatusRuntimeException: UNAVAILABLE: io exception
	at java.util.concurrent.FutureTask.report(FutureTask.java:122)
	at java.util.concurrent.FutureTask.get(FutureTask.java:192)
	at org.apache.ratis.server.impl.LeaderElection.waitForResults(LeaderElection.java:259)
	at org.apache.ratis.server.impl.LeaderElection.askForVotes(LeaderElection.java:197)
	at org.apache.ratis.server.impl.LeaderElection.run(LeaderElection.java:133)
	at java.lang.Thread.run(Thread.java:748)
Caused by: org.apache.ratis.thirdparty.io.grpc.StatusRuntimeException: UNAVAILABLE: io exception
	at org.apache.ratis.thirdparty.io.grpc.stub.ClientCalls.toStatusRuntimeException(ClientCalls.java:233)
	at org.apache.ratis.thirdparty.io.grpc.stub.ClientCalls.getUnchecked(ClientCalls.java:214)
	at org.apache.ratis.thirdparty.io.grpc.stub.ClientCalls.blockingUnaryCall(ClientCalls.java:139)
	at org.apache.ratis.proto.grpc.RaftServerProtocolServiceGrpc$RaftServerProtocolServiceBlockingStub.requestVote(RaftServerProtocolServiceGrpc.java:265)
	at org.apache.ratis.grpc.server.GrpcServerProtocolClient.requestVote(GrpcServerProtocolClient.java:99)
	at org.apache.ratis.grpc.server.GrpcService.requestVote(GrpcService.java:204)
	at org.apache.ratis.server.impl.LeaderElection.lambda$submitRequests$1(LeaderElection.java:234)
	at java.util.concurrent.FutureTask.run(FutureTask.java:266)
	at java.util.concurrent.Executors$RunnableAdapter.call(Executors.java:511)
	at java.util.concurrent.FutureTask.run(FutureTask.java:266)
	at java.util.concurrent.ThreadPoolExecutor.runWorker(ThreadPoolExecutor.java:1149)
	at java.util.concurrent.ThreadPoolExecutor$Worker.run(ThreadPoolExecutor.java:624)
	... 1 more
Caused by: org.apache.ratis.thirdparty.io.netty.channel.AbstractChannel$AnnotatedConnectException: Connection refused: /192.168.34.38:33209
	at sun.nio.ch.SocketChannelImpl.checkConnect(Native Method)
	at sun.nio.ch.SocketChannelImpl.finishConnect(SocketChannelImpl.java:717)
	at org.apache.ratis.thirdparty.io.netty.channel.socket.nio.NioSocketChannel.doFinishConnect(NioSocketChannel.java:327)
	at org.apache.ratis.thirdparty.io.netty.channel.nio.AbstractNioChannel$AbstractNioUnsafe.finishConnect(AbstractNioChannel.java:340)
	at org.apache.ratis.thirdparty.io.netty.channel.nio.NioEventLoop.processSelectedKey(NioEventLoop.java:632)
	at org.apache.ratis.thirdparty.io.netty.channel.nio.NioEventLoop.processSelectedKeysOptimized(NioEventLoop.java:579)
	at org.apache.ratis.thirdparty.io.netty.channel.nio.NioEventLoop.processSelectedKeys(NioEventLoop.java:496)
	at org.apache.ratis.thirdparty.io.netty.channel.nio.NioEventLoop.run(NioEventLoop.java:458)
	at org.apache.ratis.thirdparty.io.netty.util.concurrent.SingleThreadEventExecutor$5.run(SingleThreadEventExecutor.java:897)
	at org.apache.ratis.thirdparty.io.netty.util.concurrent.FastThreadLocalRunnable.run(FastThreadLocalRunnable.java:30)
	... 1 more
Caused by: java.net.ConnectException: Connection refused
	... 11 more
2019-10-16 21:02:20,947 [4b287a15-77af-487b-aef7-34d1d0ee189f@group-83C26644CFDA-LeaderElection456] INFO  impl.LeaderElection (LogUtils.java:infoOrTrace(149)) -   Exception 1: {}
java.util.concurrent.ExecutionException: org.apache.ratis.thirdparty.io.grpc.StatusRuntimeException: UNAVAILABLE: io exception
	at java.util.concurrent.FutureTask.report(FutureTask.java:122)
	at java.util.concurrent.FutureTask.get(FutureTask.java:192)
	at org.apache.ratis.server.impl.LeaderElection.waitForResults(LeaderElection.java:259)
	at org.apache.ratis.server.impl.LeaderElection.askForVotes(LeaderElection.java:197)
	at org.apache.ratis.server.impl.LeaderElection.run(LeaderElection.java:133)
	at java.lang.Thread.run(Thread.java:748)
Caused by: org.apache.ratis.thirdparty.io.grpc.StatusRuntimeException: UNAVAILABLE: io exception
	at org.apache.ratis.thirdparty.io.grpc.stub.ClientCalls.toStatusRuntimeException(ClientCalls.java:233)
	at org.apache.ratis.thirdparty.io.grpc.stub.ClientCalls.getUnchecked(ClientCalls.java:214)
	at org.apache.ratis.thirdparty.io.grpc.stub.ClientCalls.blockingUnaryCall(ClientCalls.java:139)
	at org.apache.ratis.proto.grpc.RaftServerProtocolServiceGrpc$RaftServerProtocolServiceBlockingStub.requestVote(RaftServerProtocolServiceGrpc.java:265)
	at org.apache.ratis.grpc.server.GrpcServerProtocolClient.requestVote(GrpcServerProtocolClient.java:99)
	at org.apache.ratis.grpc.server.GrpcService.requestVote(GrpcService.java:204)
	at org.apache.ratis.server.impl.LeaderElection.lambda$submitRequests$1(LeaderElection.java:234)
	at java.util.concurrent.FutureTask.run(FutureTask.java:266)
	at java.util.concurrent.Executors$RunnableAdapter.call(Executors.java:511)
	at java.util.concurrent.FutureTask.run(FutureTask.java:266)
	at java.util.concurrent.ThreadPoolExecutor.runWorker(ThreadPoolExecutor.java:1149)
	at java.util.concurrent.ThreadPoolExecutor$Worker.run(ThreadPoolExecutor.java:624)
	... 1 more
Caused by: org.apache.ratis.thirdparty.io.netty.channel.AbstractChannel$AnnotatedConnectException: Connection refused: /192.168.34.38:45833
	at sun.nio.ch.SocketChannelImpl.checkConnect(Native Method)
	at sun.nio.ch.SocketChannelImpl.finishConnect(SocketChannelImpl.java:717)
	at org.apache.ratis.thirdparty.io.netty.channel.socket.nio.NioSocketChannel.doFinishConnect(NioSocketChannel.java:327)
	at org.apache.ratis.thirdparty.io.netty.channel.nio.AbstractNioChannel$AbstractNioUnsafe.finishConnect(AbstractNioChannel.java:340)
	at org.apache.ratis.thirdparty.io.netty.channel.nio.NioEventLoop.processSelectedKey(NioEventLoop.java:632)
	at org.apache.ratis.thirdparty.io.netty.channel.nio.NioEventLoop.processSelectedKeysOptimized(NioEventLoop.java:579)
	at org.apache.ratis.thirdparty.io.netty.channel.nio.NioEventLoop.processSelectedKeys(NioEventLoop.java:496)
	at org.apache.ratis.thirdparty.io.netty.channel.nio.NioEventLoop.run(NioEventLoop.java:458)
	at org.apache.ratis.thirdparty.io.netty.util.concurrent.SingleThreadEventExecutor$5.run(SingleThreadEventExecutor.java:897)
	at org.apache.ratis.thirdparty.io.netty.util.concurrent.FastThreadLocalRunnable.run(FastThreadLocalRunnable.java:30)
	... 1 more
Caused by: java.net.ConnectException: Connection refused
	... 11 more
2019-10-16 21:02:20,948 [4b287a15-77af-487b-aef7-34d1d0ee189f@group-83C26644CFDA-LeaderElection456] INFO  impl.RaftServerImpl (RaftServerImpl.java:setRole(184)) - 4b287a15-77af-487b-aef7-34d1d0ee189f@group-83C26644CFDA: changes role from CANDIDATE to FOLLOWER at term 483 for DISCOVERED_A_NEW_TERM
2019-10-16 21:02:20,948 [4b287a15-77af-487b-aef7-34d1d0ee189f@group-83C26644CFDA-LeaderElection456] INFO  impl.RoleInfo (RoleInfo.java:shutdownLeaderElection(134)) - 4b287a15-77af-487b-aef7-34d1d0ee189f: shutdown LeaderElection
2019-10-16 21:02:20,948 [4b287a15-77af-487b-aef7-34d1d0ee189f@group-83C26644CFDA-LeaderElection456] INFO  impl.RoleInfo (RoleInfo.java:updateAndGet(143)) - 4b287a15-77af-487b-aef7-34d1d0ee189f: start FollowerState
2019-10-16 21:02:21,087 [Thread-3078] INFO  impl.FollowerState (FollowerState.java:run(108)) - 4b287a15-77af-487b-aef7-34d1d0ee189f@group-83C26644CFDA-FollowerState: change to CANDIDATE, lastRpcTime:138ms, electionTimeout:138ms
2019-10-16 21:02:21,087 [Thread-3078] INFO  impl.RoleInfo (RoleInfo.java:shutdownFollowerState(121)) - 4b287a15-77af-487b-aef7-34d1d0ee189f: shutdown FollowerState
2019-10-16 21:02:21,087 [Thread-3078] INFO  impl.RaftServerImpl (RaftServerImpl.java:setRole(184)) - 4b287a15-77af-487b-aef7-34d1d0ee189f@group-83C26644CFDA: changes role from  FOLLOWER to CANDIDATE at term 483 for changeToCandidate
2019-10-16 21:02:21,087 [Thread-3078] INFO  impl.RoleInfo (RoleInfo.java:updateAndGet(143)) - 4b287a15-77af-487b-aef7-34d1d0ee189f: start LeaderElection
2019-10-16 21:02:21,096 [4b287a15-77af-487b-aef7-34d1d0ee189f@group-83C26644CFDA-LeaderElection457] INFO  impl.LeaderElection (LeaderElection.java:askForVotes(178)) - 4b287a15-77af-487b-aef7-34d1d0ee189f@group-83C26644CFDA-LeaderElection457: begin an election at term 484 for -1: [4b287a15-77af-487b-aef7-34d1d0ee189f:192.168.34.38:38597, 0aa3649f-570d-46c6-937f-492d7f3a8364:192.168.34.38:33209, 4a03179f-3169-4ac7-a075-259968512ef0:192.168.34.38:45833], old=null
2019-10-16 21:02:21,097 [4b287a15-77af-487b-aef7-34d1d0ee189f@group-83C26644CFDA-LeaderElection457] INFO  impl.LeaderElection (LogUtils.java:infoOrTrace(149)) - 4b287a15-77af-487b-aef7-34d1d0ee189f@group-83C26644CFDA-LeaderElection457 got exception when requesting votes: {}
java.util.concurrent.ExecutionException: org.apache.ratis.thirdparty.io.grpc.StatusRuntimeException: UNAVAILABLE: io exception
	at java.util.concurrent.FutureTask.report(FutureTask.java:122)
	at java.util.concurrent.FutureTask.get(FutureTask.java:192)
	at org.apache.ratis.server.impl.LeaderElection.waitForResults(LeaderElection.java:259)
	at org.apache.ratis.server.impl.LeaderElection.askForVotes(LeaderElection.java:197)
	at org.apache.ratis.server.impl.LeaderElection.run(LeaderElection.java:133)
	at java.lang.Thread.run(Thread.java:748)
Caused by: org.apache.ratis.thirdparty.io.grpc.StatusRuntimeException: UNAVAILABLE: io exception
	at org.apache.ratis.thirdparty.io.grpc.stub.ClientCalls.toStatusRuntimeException(ClientCalls.java:233)
	at org.apache.ratis.thirdparty.io.grpc.stub.ClientCalls.getUnchecked(ClientCalls.java:214)
	at org.apache.ratis.thirdparty.io.grpc.stub.ClientCalls.blockingUnaryCall(ClientCalls.java:139)
	at org.apache.ratis.proto.grpc.RaftServerProtocolServiceGrpc$RaftServerProtocolServiceBlockingStub.requestVote(RaftServerProtocolServiceGrpc.java:265)
	at org.apache.ratis.grpc.server.GrpcServerProtocolClient.requestVote(GrpcServerProtocolClient.java:99)
	at org.apache.ratis.grpc.server.GrpcService.requestVote(GrpcService.java:204)
	at org.apache.ratis.server.impl.LeaderElection.lambda$submitRequests$1(LeaderElection.java:234)
	at java.util.concurrent.FutureTask.run(FutureTask.java:266)
	at java.util.concurrent.Executors$RunnableAdapter.call(Executors.java:511)
	at java.util.concurrent.FutureTask.run(FutureTask.java:266)
	at java.util.concurrent.ThreadPoolExecutor.runWorker(ThreadPoolExecutor.java:1149)
	at java.util.concurrent.ThreadPoolExecutor$Worker.run(ThreadPoolExecutor.java:624)
	... 1 more
Caused by: org.apache.ratis.thirdparty.io.netty.channel.AbstractChannel$AnnotatedConnectException: Connection refused: /192.168.34.38:33209
	at sun.nio.ch.SocketChannelImpl.checkConnect(Native Method)
	at sun.nio.ch.SocketChannelImpl.finishConnect(SocketChannelImpl.java:717)
	at org.apache.ratis.thirdparty.io.netty.channel.socket.nio.NioSocketChannel.doFinishConnect(NioSocketChannel.java:327)
	at org.apache.ratis.thirdparty.io.netty.channel.nio.AbstractNioChannel$AbstractNioUnsafe.finishConnect(AbstractNioChannel.java:340)
	at org.apache.ratis.thirdparty.io.netty.channel.nio.NioEventLoop.processSelectedKey(NioEventLoop.java:632)
	at org.apache.ratis.thirdparty.io.netty.channel.nio.NioEventLoop.processSelectedKeysOptimized(NioEventLoop.java:579)
	at org.apache.ratis.thirdparty.io.netty.channel.nio.NioEventLoop.processSelectedKeys(NioEventLoop.java:496)
	at org.apache.ratis.thirdparty.io.netty.channel.nio.NioEventLoop.run(NioEventLoop.java:458)
	at org.apache.ratis.thirdparty.io.netty.util.concurrent.SingleThreadEventExecutor$5.run(SingleThreadEventExecutor.java:897)
	at org.apache.ratis.thirdparty.io.netty.util.concurrent.FastThreadLocalRunnable.run(FastThreadLocalRunnable.java:30)
	... 1 more
Caused by: java.net.ConnectException: Connection refused
	... 11 more
2019-10-16 21:02:21,098 [4b287a15-77af-487b-aef7-34d1d0ee189f@group-83C26644CFDA-LeaderElection457] INFO  impl.LeaderElection (LogUtils.java:infoOrTrace(149)) - 4b287a15-77af-487b-aef7-34d1d0ee189f@group-83C26644CFDA-LeaderElection457 got exception when requesting votes: {}
java.util.concurrent.ExecutionException: org.apache.ratis.thirdparty.io.grpc.StatusRuntimeException: UNAVAILABLE: io exception
	at java.util.concurrent.FutureTask.report(FutureTask.java:122)
	at java.util.concurrent.FutureTask.get(FutureTask.java:192)
	at org.apache.ratis.server.impl.LeaderElection.waitForResults(LeaderElection.java:259)
	at org.apache.ratis.server.impl.LeaderElection.askForVotes(LeaderElection.java:197)
	at org.apache.ratis.server.impl.LeaderElection.run(LeaderElection.java:133)
	at java.lang.Thread.run(Thread.java:748)
Caused by: org.apache.ratis.thirdparty.io.grpc.StatusRuntimeException: UNAVAILABLE: io exception
	at org.apache.ratis.thirdparty.io.grpc.stub.ClientCalls.toStatusRuntimeException(ClientCalls.java:233)
	at org.apache.ratis.thirdparty.io.grpc.stub.ClientCalls.getUnchecked(ClientCalls.java:214)
	at org.apache.ratis.thirdparty.io.grpc.stub.ClientCalls.blockingUnaryCall(ClientCalls.java:139)
	at org.apache.ratis.proto.grpc.RaftServerProtocolServiceGrpc$RaftServerProtocolServiceBlockingStub.requestVote(RaftServerProtocolServiceGrpc.java:265)
	at org.apache.ratis.grpc.server.GrpcServerProtocolClient.requestVote(GrpcServerProtocolClient.java:99)
	at org.apache.ratis.grpc.server.GrpcService.requestVote(GrpcService.java:204)
	at org.apache.ratis.server.impl.LeaderElection.lambda$submitRequests$1(LeaderElection.java:234)
	at java.util.concurrent.FutureTask.run(FutureTask.java:266)
	at java.util.concurrent.Executors$RunnableAdapter.call(Executors.java:511)
	at java.util.concurrent.FutureTask.run(FutureTask.java:266)
	at java.util.concurrent.ThreadPoolExecutor.runWorker(ThreadPoolExecutor.java:1149)
	at java.util.concurrent.ThreadPoolExecutor$Worker.run(ThreadPoolExecutor.java:624)
	... 1 more
Caused by: org.apache.ratis.thirdparty.io.netty.channel.AbstractChannel$AnnotatedConnectException: Connection refused: /192.168.34.38:45833
	at sun.nio.ch.SocketChannelImpl.checkConnect(Native Method)
	at sun.nio.ch.SocketChannelImpl.finishConnect(SocketChannelImpl.java:717)
	at org.apache.ratis.thirdparty.io.netty.channel.socket.nio.NioSocketChannel.doFinishConnect(NioSocketChannel.java:327)
	at org.apache.ratis.thirdparty.io.netty.channel.nio.AbstractNioChannel$AbstractNioUnsafe.finishConnect(AbstractNioChannel.java:340)
	at org.apache.ratis.thirdparty.io.netty.channel.nio.NioEventLoop.processSelectedKey(NioEventLoop.java:632)
	at org.apache.ratis.thirdparty.io.netty.channel.nio.NioEventLoop.processSelectedKeysOptimized(NioEventLoop.java:579)
	at org.apache.ratis.thirdparty.io.netty.channel.nio.NioEventLoop.processSelectedKeys(NioEventLoop.java:496)
	at org.apache.ratis.thirdparty.io.netty.channel.nio.NioEventLoop.run(NioEventLoop.java:458)
	at org.apache.ratis.thirdparty.io.netty.util.concurrent.SingleThreadEventExecutor$5.run(SingleThreadEventExecutor.java:897)
	at org.apache.ratis.thirdparty.io.netty.util.concurrent.FastThreadLocalRunnable.run(FastThreadLocalRunnable.java:30)
	... 1 more
Caused by: java.net.ConnectException: Connection refused
	... 11 more
2019-10-16 21:02:21,098 [4b287a15-77af-487b-aef7-34d1d0ee189f@group-83C26644CFDA-LeaderElection457] INFO  impl.LeaderElection (LeaderElection.java:logAndReturn(56)) - 4b287a15-77af-487b-aef7-34d1d0ee189f@group-83C26644CFDA-LeaderElection457: Election REJECTED; received 0 response(s) [] and 2 exception(s); 4b287a15-77af-487b-aef7-34d1d0ee189f@group-83C26644CFDA:t484, leader=null, voted=4b287a15-77af-487b-aef7-34d1d0ee189f, raftlog=4b287a15-77af-487b-aef7-34d1d0ee189f@group-83C26644CFDA-SegmentedRaftLog:OPENED:c-1,f-1,i0, conf=-1: [4b287a15-77af-487b-aef7-34d1d0ee189f:192.168.34.38:38597, 0aa3649f-570d-46c6-937f-492d7f3a8364:192.168.34.38:33209, 4a03179f-3169-4ac7-a075-259968512ef0:192.168.34.38:45833], old=null
2019-10-16 21:02:21,098 [4b287a15-77af-487b-aef7-34d1d0ee189f@group-83C26644CFDA-LeaderElection457] INFO  impl.LeaderElection (LogUtils.java:infoOrTrace(149)) -   Exception 0: {}
java.util.concurrent.ExecutionException: org.apache.ratis.thirdparty.io.grpc.StatusRuntimeException: UNAVAILABLE: io exception
	at java.util.concurrent.FutureTask.report(FutureTask.java:122)
	at java.util.concurrent.FutureTask.get(FutureTask.java:192)
	at org.apache.ratis.server.impl.LeaderElection.waitForResults(LeaderElection.java:259)
	at org.apache.ratis.server.impl.LeaderElection.askForVotes(LeaderElection.java:197)
	at org.apache.ratis.server.impl.LeaderElection.run(LeaderElection.java:133)
	at java.lang.Thread.run(Thread.java:748)
Caused by: org.apache.ratis.thirdparty.io.grpc.StatusRuntimeException: UNAVAILABLE: io exception
	at org.apache.ratis.thirdparty.io.grpc.stub.ClientCalls.toStatusRuntimeException(ClientCalls.java:233)
	at org.apache.ratis.thirdparty.io.grpc.stub.ClientCalls.getUnchecked(ClientCalls.java:214)
	at org.apache.ratis.thirdparty.io.grpc.stub.ClientCalls.blockingUnaryCall(ClientCalls.java:139)
	at org.apache.ratis.proto.grpc.RaftServerProtocolServiceGrpc$RaftServerProtocolServiceBlockingStub.requestVote(RaftServerProtocolServiceGrpc.java:265)
	at org.apache.ratis.grpc.server.GrpcServerProtocolClient.requestVote(GrpcServerProtocolClient.java:99)
	at org.apache.ratis.grpc.server.GrpcService.requestVote(GrpcService.java:204)
	at org.apache.ratis.server.impl.LeaderElection.lambda$submitRequests$1(LeaderElection.java:234)
	at java.util.concurrent.FutureTask.run(FutureTask.java:266)
	at java.util.concurrent.Executors$RunnableAdapter.call(Executors.java:511)
	at java.util.concurrent.FutureTask.run(FutureTask.java:266)
	at java.util.concurrent.ThreadPoolExecutor.runWorker(ThreadPoolExecutor.java:1149)
	at java.util.concurrent.ThreadPoolExecutor$Worker.run(ThreadPoolExecutor.java:624)
	... 1 more
Caused by: org.apache.ratis.thirdparty.io.netty.channel.AbstractChannel$AnnotatedConnectException: Connection refused: /192.168.34.38:33209
	at sun.nio.ch.SocketChannelImpl.checkConnect(Native Method)
	at sun.nio.ch.SocketChannelImpl.finishConnect(SocketChannelImpl.java:717)
	at org.apache.ratis.thirdparty.io.netty.channel.socket.nio.NioSocketChannel.doFinishConnect(NioSocketChannel.java:327)
	at org.apache.ratis.thirdparty.io.netty.channel.nio.AbstractNioChannel$AbstractNioUnsafe.finishConnect(AbstractNioChannel.java:340)
	at org.apache.ratis.thirdparty.io.netty.channel.nio.NioEventLoop.processSelectedKey(NioEventLoop.java:632)
	at org.apache.ratis.thirdparty.io.netty.channel.nio.NioEventLoop.processSelectedKeysOptimized(NioEventLoop.java:579)
	at org.apache.ratis.thirdparty.io.netty.channel.nio.NioEventLoop.processSelectedKeys(NioEventLoop.java:496)
	at org.apache.ratis.thirdparty.io.netty.channel.nio.NioEventLoop.run(NioEventLoop.java:458)
	at org.apache.ratis.thirdparty.io.netty.util.concurrent.SingleThreadEventExecutor$5.run(SingleThreadEventExecutor.java:897)
	at org.apache.ratis.thirdparty.io.netty.util.concurrent.FastThreadLocalRunnable.run(FastThreadLocalRunnable.java:30)
	... 1 more
Caused by: java.net.ConnectException: Connection refused
	... 11 more
2019-10-16 21:02:21,099 [4b287a15-77af-487b-aef7-34d1d0ee189f@group-83C26644CFDA-LeaderElection457] INFO  impl.LeaderElection (LogUtils.java:infoOrTrace(149)) -   Exception 1: {}
java.util.concurrent.ExecutionException: org.apache.ratis.thirdparty.io.grpc.StatusRuntimeException: UNAVAILABLE: io exception
	at java.util.concurrent.FutureTask.report(FutureTask.java:122)
	at java.util.concurrent.FutureTask.get(FutureTask.java:192)
	at org.apache.ratis.server.impl.LeaderElection.waitForResults(LeaderElection.java:259)
	at org.apache.ratis.server.impl.LeaderElection.askForVotes(LeaderElection.java:197)
	at org.apache.ratis.server.impl.LeaderElection.run(LeaderElection.java:133)
	at java.lang.Thread.run(Thread.java:748)
Caused by: org.apache.ratis.thirdparty.io.grpc.StatusRuntimeException: UNAVAILABLE: io exception
	at org.apache.ratis.thirdparty.io.grpc.stub.ClientCalls.toStatusRuntimeException(ClientCalls.java:233)
	at org.apache.ratis.thirdparty.io.grpc.stub.ClientCalls.getUnchecked(ClientCalls.java:214)
	at org.apache.ratis.thirdparty.io.grpc.stub.ClientCalls.blockingUnaryCall(ClientCalls.java:139)
	at org.apache.ratis.proto.grpc.RaftServerProtocolServiceGrpc$RaftServerProtocolServiceBlockingStub.requestVote(RaftServerProtocolServiceGrpc.java:265)
	at org.apache.ratis.grpc.server.GrpcServerProtocolClient.requestVote(GrpcServerProtocolClient.java:99)
	at org.apache.ratis.grpc.server.GrpcService.requestVote(GrpcService.java:204)
	at org.apache.ratis.server.impl.LeaderElection.lambda$submitRequests$1(LeaderElection.java:234)
	at java.util.concurrent.FutureTask.run(FutureTask.java:266)
	at java.util.concurrent.Executors$RunnableAdapter.call(Executors.java:511)
	at java.util.concurrent.FutureTask.run(FutureTask.java:266)
	at java.util.concurrent.ThreadPoolExecutor.runWorker(ThreadPoolExecutor.java:1149)
	at java.util.concurrent.ThreadPoolExecutor$Worker.run(ThreadPoolExecutor.java:624)
	... 1 more
Caused by: org.apache.ratis.thirdparty.io.netty.channel.AbstractChannel$AnnotatedConnectException: Connection refused: /192.168.34.38:45833
	at sun.nio.ch.SocketChannelImpl.checkConnect(Native Method)
	at sun.nio.ch.SocketChannelImpl.finishConnect(SocketChannelImpl.java:717)
	at org.apache.ratis.thirdparty.io.netty.channel.socket.nio.NioSocketChannel.doFinishConnect(NioSocketChannel.java:327)
	at org.apache.ratis.thirdparty.io.netty.channel.nio.AbstractNioChannel$AbstractNioUnsafe.finishConnect(AbstractNioChannel.java:340)
	at org.apache.ratis.thirdparty.io.netty.channel.nio.NioEventLoop.processSelectedKey(NioEventLoop.java:632)
	at org.apache.ratis.thirdparty.io.netty.channel.nio.NioEventLoop.processSelectedKeysOptimized(NioEventLoop.java:579)
	at org.apache.ratis.thirdparty.io.netty.channel.nio.NioEventLoop.processSelectedKeys(NioEventLoop.java:496)
	at org.apache.ratis.thirdparty.io.netty.channel.nio.NioEventLoop.run(NioEventLoop.java:458)
	at org.apache.ratis.thirdparty.io.netty.util.concurrent.SingleThreadEventExecutor$5.run(SingleThreadEventExecutor.java:897)
	at org.apache.ratis.thirdparty.io.netty.util.concurrent.FastThreadLocalRunnable.run(FastThreadLocalRunnable.java:30)
	... 1 more
Caused by: java.net.ConnectException: Connection refused
	... 11 more
2019-10-16 21:02:21,099 [4b287a15-77af-487b-aef7-34d1d0ee189f@group-83C26644CFDA-LeaderElection457] INFO  impl.RaftServerImpl (RaftServerImpl.java:setRole(184)) - 4b287a15-77af-487b-aef7-34d1d0ee189f@group-83C26644CFDA: changes role from CANDIDATE to FOLLOWER at term 484 for DISCOVERED_A_NEW_TERM
2019-10-16 21:02:21,099 [4b287a15-77af-487b-aef7-34d1d0ee189f@group-83C26644CFDA-LeaderElection457] INFO  impl.RoleInfo (RoleInfo.java:shutdownLeaderElection(134)) - 4b287a15-77af-487b-aef7-34d1d0ee189f: shutdown LeaderElection
2019-10-16 21:02:21,099 [4b287a15-77af-487b-aef7-34d1d0ee189f@group-83C26644CFDA-LeaderElection457] INFO  impl.RoleInfo (RoleInfo.java:updateAndGet(143)) - 4b287a15-77af-487b-aef7-34d1d0ee189f: start FollowerState
2019-10-16 21:02:21,186 [Thread-3082] INFO  impl.FollowerState (FollowerState.java:run(108)) - 4b287a15-77af-487b-aef7-34d1d0ee189f@group-83C26644CFDA-FollowerState: change to CANDIDATE, lastRpcTime:86ms, electionTimeout:86ms
2019-10-16 21:02:21,186 [Thread-3082] INFO  impl.RoleInfo (RoleInfo.java:shutdownFollowerState(121)) - 4b287a15-77af-487b-aef7-34d1d0ee189f: shutdown FollowerState
2019-10-16 21:02:21,186 [Thread-3082] INFO  impl.RaftServerImpl (RaftServerImpl.java:setRole(184)) - 4b287a15-77af-487b-aef7-34d1d0ee189f@group-83C26644CFDA: changes role from  FOLLOWER to CANDIDATE at term 484 for changeToCandidate
2019-10-16 21:02:21,186 [Thread-3082] INFO  impl.RoleInfo (RoleInfo.java:updateAndGet(143)) - 4b287a15-77af-487b-aef7-34d1d0ee189f: start LeaderElection
2019-10-16 21:02:21,189 [4b287a15-77af-487b-aef7-34d1d0ee189f@group-83C26644CFDA-LeaderElection458] INFO  impl.LeaderElection (LeaderElection.java:askForVotes(178)) - 4b287a15-77af-487b-aef7-34d1d0ee189f@group-83C26644CFDA-LeaderElection458: begin an election at term 485 for -1: [4b287a15-77af-487b-aef7-34d1d0ee189f:192.168.34.38:38597, 0aa3649f-570d-46c6-937f-492d7f3a8364:192.168.34.38:33209, 4a03179f-3169-4ac7-a075-259968512ef0:192.168.34.38:45833], old=null
2019-10-16 21:02:21,190 [4b287a15-77af-487b-aef7-34d1d0ee189f@group-83C26644CFDA-LeaderElection458] INFO  impl.LeaderElection (LogUtils.java:infoOrTrace(149)) - 4b287a15-77af-487b-aef7-34d1d0ee189f@group-83C26644CFDA-LeaderElection458 got exception when requesting votes: {}
java.util.concurrent.ExecutionException: org.apache.ratis.thirdparty.io.grpc.StatusRuntimeException: UNAVAILABLE: io exception
	at java.util.concurrent.FutureTask.report(FutureTask.java:122)
	at java.util.concurrent.FutureTask.get(FutureTask.java:192)
	at org.apache.ratis.server.impl.LeaderElection.waitForResults(LeaderElection.java:259)
	at org.apache.ratis.server.impl.LeaderElection.askForVotes(LeaderElection.java:197)
	at org.apache.ratis.server.impl.LeaderElection.run(LeaderElection.java:133)
	at java.lang.Thread.run(Thread.java:748)
Caused by: org.apache.ratis.thirdparty.io.grpc.StatusRuntimeException: UNAVAILABLE: io exception
	at org.apache.ratis.thirdparty.io.grpc.stub.ClientCalls.toStatusRuntimeException(ClientCalls.java:233)
	at org.apache.ratis.thirdparty.io.grpc.stub.ClientCalls.getUnchecked(ClientCalls.java:214)
	at org.apache.ratis.thirdparty.io.grpc.stub.ClientCalls.blockingUnaryCall(ClientCalls.java:139)
	at org.apache.ratis.proto.grpc.RaftServerProtocolServiceGrpc$RaftServerProtocolServiceBlockingStub.requestVote(RaftServerProtocolServiceGrpc.java:265)
	at org.apache.ratis.grpc.server.GrpcServerProtocolClient.requestVote(GrpcServerProtocolClient.java:99)
	at org.apache.ratis.grpc.server.GrpcService.requestVote(GrpcService.java:204)
	at org.apache.ratis.server.impl.LeaderElection.lambda$submitRequests$1(LeaderElection.java:234)
	at java.util.concurrent.FutureTask.run(FutureTask.java:266)
	at java.util.concurrent.Executors$RunnableAdapter.call(Executors.java:511)
	at java.util.concurrent.FutureTask.run(FutureTask.java:266)
	at java.util.concurrent.ThreadPoolExecutor.runWorker(ThreadPoolExecutor.java:1149)
	at java.util.concurrent.ThreadPoolExecutor$Worker.run(ThreadPoolExecutor.java:624)
	... 1 more
Caused by: org.apache.ratis.thirdparty.io.netty.channel.AbstractChannel$AnnotatedConnectException: Connection refused: /192.168.34.38:33209
	at sun.nio.ch.SocketChannelImpl.checkConnect(Native Method)
	at sun.nio.ch.SocketChannelImpl.finishConnect(SocketChannelImpl.java:717)
	at org.apache.ratis.thirdparty.io.netty.channel.socket.nio.NioSocketChannel.doFinishConnect(NioSocketChannel.java:327)
	at org.apache.ratis.thirdparty.io.netty.channel.nio.AbstractNioChannel$AbstractNioUnsafe.finishConnect(AbstractNioChannel.java:340)
	at org.apache.ratis.thirdparty.io.netty.channel.nio.NioEventLoop.processSelectedKey(NioEventLoop.java:632)
	at org.apache.ratis.thirdparty.io.netty.channel.nio.NioEventLoop.processSelectedKeysOptimized(NioEventLoop.java:579)
	at org.apache.ratis.thirdparty.io.netty.channel.nio.NioEventLoop.processSelectedKeys(NioEventLoop.java:496)
	at org.apache.ratis.thirdparty.io.netty.channel.nio.NioEventLoop.run(NioEventLoop.java:458)
	at org.apache.ratis.thirdparty.io.netty.util.concurrent.SingleThreadEventExecutor$5.run(SingleThreadEventExecutor.java:897)
	at org.apache.ratis.thirdparty.io.netty.util.concurrent.FastThreadLocalRunnable.run(FastThreadLocalRunnable.java:30)
	... 1 more
Caused by: java.net.ConnectException: Connection refused
	... 11 more
2019-10-16 21:02:21,191 [4b287a15-77af-487b-aef7-34d1d0ee189f@group-83C26644CFDA-LeaderElection458] INFO  impl.LeaderElection (LogUtils.java:infoOrTrace(149)) - 4b287a15-77af-487b-aef7-34d1d0ee189f@group-83C26644CFDA-LeaderElection458 got exception when requesting votes: {}
java.util.concurrent.ExecutionException: org.apache.ratis.thirdparty.io.grpc.StatusRuntimeException: UNAVAILABLE: io exception
	at java.util.concurrent.FutureTask.report(FutureTask.java:122)
	at java.util.concurrent.FutureTask.get(FutureTask.java:192)
	at org.apache.ratis.server.impl.LeaderElection.waitForResults(LeaderElection.java:259)
	at org.apache.ratis.server.impl.LeaderElection.askForVotes(LeaderElection.java:197)
	at org.apache.ratis.server.impl.LeaderElection.run(LeaderElection.java:133)
	at java.lang.Thread.run(Thread.java:748)
Caused by: org.apache.ratis.thirdparty.io.grpc.StatusRuntimeException: UNAVAILABLE: io exception
	at org.apache.ratis.thirdparty.io.grpc.stub.ClientCalls.toStatusRuntimeException(ClientCalls.java:233)
	at org.apache.ratis.thirdparty.io.grpc.stub.ClientCalls.getUnchecked(ClientCalls.java:214)
	at org.apache.ratis.thirdparty.io.grpc.stub.ClientCalls.blockingUnaryCall(ClientCalls.java:139)
	at org.apache.ratis.proto.grpc.RaftServerProtocolServiceGrpc$RaftServerProtocolServiceBlockingStub.requestVote(RaftServerProtocolServiceGrpc.java:265)
	at org.apache.ratis.grpc.server.GrpcServerProtocolClient.requestVote(GrpcServerProtocolClient.java:99)
	at org.apache.ratis.grpc.server.GrpcService.requestVote(GrpcService.java:204)
	at org.apache.ratis.server.impl.LeaderElection.lambda$submitRequests$1(LeaderElection.java:234)
	at java.util.concurrent.FutureTask.run(FutureTask.java:266)
	at java.util.concurrent.Executors$RunnableAdapter.call(Executors.java:511)
	at java.util.concurrent.FutureTask.run(FutureTask.java:266)
	at java.util.concurrent.ThreadPoolExecutor.runWorker(ThreadPoolExecutor.java:1149)
	at java.util.concurrent.ThreadPoolExecutor$Worker.run(ThreadPoolExecutor.java:624)
	... 1 more
Caused by: org.apache.ratis.thirdparty.io.netty.channel.AbstractChannel$AnnotatedConnectException: Connection refused: /192.168.34.38:45833
	at sun.nio.ch.SocketChannelImpl.checkConnect(Native Method)
	at sun.nio.ch.SocketChannelImpl.finishConnect(SocketChannelImpl.java:717)
	at org.apache.ratis.thirdparty.io.netty.channel.socket.nio.NioSocketChannel.doFinishConnect(NioSocketChannel.java:327)
	at org.apache.ratis.thirdparty.io.netty.channel.nio.AbstractNioChannel$AbstractNioUnsafe.finishConnect(AbstractNioChannel.java:340)
	at org.apache.ratis.thirdparty.io.netty.channel.nio.NioEventLoop.processSelectedKey(NioEventLoop.java:632)
	at org.apache.ratis.thirdparty.io.netty.channel.nio.NioEventLoop.processSelectedKeysOptimized(NioEventLoop.java:579)
	at org.apache.ratis.thirdparty.io.netty.channel.nio.NioEventLoop.processSelectedKeys(NioEventLoop.java:496)
	at org.apache.ratis.thirdparty.io.netty.channel.nio.NioEventLoop.run(NioEventLoop.java:458)
	at org.apache.ratis.thirdparty.io.netty.util.concurrent.SingleThreadEventExecutor$5.run(SingleThreadEventExecutor.java:897)
	at org.apache.ratis.thirdparty.io.netty.util.concurrent.FastThreadLocalRunnable.run(FastThreadLocalRunnable.java:30)
	... 1 more
Caused by: java.net.ConnectException: Connection refused
	... 11 more
2019-10-16 21:02:21,191 [4b287a15-77af-487b-aef7-34d1d0ee189f@group-83C26644CFDA-LeaderElection458] INFO  impl.LeaderElection (LeaderElection.java:logAndReturn(56)) - 4b287a15-77af-487b-aef7-34d1d0ee189f@group-83C26644CFDA-LeaderElection458: Election REJECTED; received 0 response(s) [] and 2 exception(s); 4b287a15-77af-487b-aef7-34d1d0ee189f@group-83C26644CFDA:t485, leader=null, voted=4b287a15-77af-487b-aef7-34d1d0ee189f, raftlog=4b287a15-77af-487b-aef7-34d1d0ee189f@group-83C26644CFDA-SegmentedRaftLog:OPENED:c-1,f-1,i0, conf=-1: [4b287a15-77af-487b-aef7-34d1d0ee189f:192.168.34.38:38597, 0aa3649f-570d-46c6-937f-492d7f3a8364:192.168.34.38:33209, 4a03179f-3169-4ac7-a075-259968512ef0:192.168.34.38:45833], old=null
2019-10-16 21:02:21,191 [4b287a15-77af-487b-aef7-34d1d0ee189f@group-83C26644CFDA-LeaderElection458] INFO  impl.LeaderElection (LogUtils.java:infoOrTrace(149)) -   Exception 0: {}
java.util.concurrent.ExecutionException: org.apache.ratis.thirdparty.io.grpc.StatusRuntimeException: UNAVAILABLE: io exception
	at java.util.concurrent.FutureTask.report(FutureTask.java:122)
	at java.util.concurrent.FutureTask.get(FutureTask.java:192)
	at org.apache.ratis.server.impl.LeaderElection.waitForResults(LeaderElection.java:259)
	at org.apache.ratis.server.impl.LeaderElection.askForVotes(LeaderElection.java:197)
	at org.apache.ratis.server.impl.LeaderElection.run(LeaderElection.java:133)
	at java.lang.Thread.run(Thread.java:748)
Caused by: org.apache.ratis.thirdparty.io.grpc.StatusRuntimeException: UNAVAILABLE: io exception
	at org.apache.ratis.thirdparty.io.grpc.stub.ClientCalls.toStatusRuntimeException(ClientCalls.java:233)
	at org.apache.ratis.thirdparty.io.grpc.stub.ClientCalls.getUnchecked(ClientCalls.java:214)
	at org.apache.ratis.thirdparty.io.grpc.stub.ClientCalls.blockingUnaryCall(ClientCalls.java:139)
	at org.apache.ratis.proto.grpc.RaftServerProtocolServiceGrpc$RaftServerProtocolServiceBlockingStub.requestVote(RaftServerProtocolServiceGrpc.java:265)
	at org.apache.ratis.grpc.server.GrpcServerProtocolClient.requestVote(GrpcServerProtocolClient.java:99)
	at org.apache.ratis.grpc.server.GrpcService.requestVote(GrpcService.java:204)
	at org.apache.ratis.server.impl.LeaderElection.lambda$submitRequests$1(LeaderElection.java:234)
	at java.util.concurrent.FutureTask.run(FutureTask.java:266)
	at java.util.concurrent.Executors$RunnableAdapter.call(Executors.java:511)
	at java.util.concurrent.FutureTask.run(FutureTask.java:266)
	at java.util.concurrent.ThreadPoolExecutor.runWorker(ThreadPoolExecutor.java:1149)
	at java.util.concurrent.ThreadPoolExecutor$Worker.run(ThreadPoolExecutor.java:624)
	... 1 more
Caused by: org.apache.ratis.thirdparty.io.netty.channel.AbstractChannel$AnnotatedConnectException: Connection refused: /192.168.34.38:33209
	at sun.nio.ch.SocketChannelImpl.checkConnect(Native Method)
	at sun.nio.ch.SocketChannelImpl.finishConnect(SocketChannelImpl.java:717)
	at org.apache.ratis.thirdparty.io.netty.channel.socket.nio.NioSocketChannel.doFinishConnect(NioSocketChannel.java:327)
	at org.apache.ratis.thirdparty.io.netty.channel.nio.AbstractNioChannel$AbstractNioUnsafe.finishConnect(AbstractNioChannel.java:340)
	at org.apache.ratis.thirdparty.io.netty.channel.nio.NioEventLoop.processSelectedKey(NioEventLoop.java:632)
	at org.apache.ratis.thirdparty.io.netty.channel.nio.NioEventLoop.processSelectedKeysOptimized(NioEventLoop.java:579)
	at org.apache.ratis.thirdparty.io.netty.channel.nio.NioEventLoop.processSelectedKeys(NioEventLoop.java:496)
	at org.apache.ratis.thirdparty.io.netty.channel.nio.NioEventLoop.run(NioEventLoop.java:458)
	at org.apache.ratis.thirdparty.io.netty.util.concurrent.SingleThreadEventExecutor$5.run(SingleThreadEventExecutor.java:897)
	at org.apache.ratis.thirdparty.io.netty.util.concurrent.FastThreadLocalRunnable.run(FastThreadLocalRunnable.java:30)
	... 1 more
Caused by: java.net.ConnectException: Connection refused
	... 11 more
2019-10-16 21:02:21,192 [4b287a15-77af-487b-aef7-34d1d0ee189f@group-83C26644CFDA-LeaderElection458] INFO  impl.LeaderElection (LogUtils.java:infoOrTrace(149)) -   Exception 1: {}
java.util.concurrent.ExecutionException: org.apache.ratis.thirdparty.io.grpc.StatusRuntimeException: UNAVAILABLE: io exception
	at java.util.concurrent.FutureTask.report(FutureTask.java:122)
	at java.util.concurrent.FutureTask.get(FutureTask.java:192)
	at org.apache.ratis.server.impl.LeaderElection.waitForResults(LeaderElection.java:259)
	at org.apache.ratis.server.impl.LeaderElection.askForVotes(LeaderElection.java:197)
	at org.apache.ratis.server.impl.LeaderElection.run(LeaderElection.java:133)
	at java.lang.Thread.run(Thread.java:748)
Caused by: org.apache.ratis.thirdparty.io.grpc.StatusRuntimeException: UNAVAILABLE: io exception
	at org.apache.ratis.thirdparty.io.grpc.stub.ClientCalls.toStatusRuntimeException(ClientCalls.java:233)
	at org.apache.ratis.thirdparty.io.grpc.stub.ClientCalls.getUnchecked(ClientCalls.java:214)
	at org.apache.ratis.thirdparty.io.grpc.stub.ClientCalls.blockingUnaryCall(ClientCalls.java:139)
	at org.apache.ratis.proto.grpc.RaftServerProtocolServiceGrpc$RaftServerProtocolServiceBlockingStub.requestVote(RaftServerProtocolServiceGrpc.java:265)
	at org.apache.ratis.grpc.server.GrpcServerProtocolClient.requestVote(GrpcServerProtocolClient.java:99)
	at org.apache.ratis.grpc.server.GrpcService.requestVote(GrpcService.java:204)
	at org.apache.ratis.server.impl.LeaderElection.lambda$submitRequests$1(LeaderElection.java:234)
	at java.util.concurrent.FutureTask.run(FutureTask.java:266)
	at java.util.concurrent.Executors$RunnableAdapter.call(Executors.java:511)
	at java.util.concurrent.FutureTask.run(FutureTask.java:266)
	at java.util.concurrent.ThreadPoolExecutor.runWorker(ThreadPoolExecutor.java:1149)
	at java.util.concurrent.ThreadPoolExecutor$Worker.run(ThreadPoolExecutor.java:624)
	... 1 more
Caused by: org.apache.ratis.thirdparty.io.netty.channel.AbstractChannel$AnnotatedConnectException: Connection refused: /192.168.34.38:45833
	at sun.nio.ch.SocketChannelImpl.checkConnect(Native Method)
	at sun.nio.ch.SocketChannelImpl.finishConnect(SocketChannelImpl.java:717)
	at org.apache.ratis.thirdparty.io.netty.channel.socket.nio.NioSocketChannel.doFinishConnect(NioSocketChannel.java:327)
	at org.apache.ratis.thirdparty.io.netty.channel.nio.AbstractNioChannel$AbstractNioUnsafe.finishConnect(AbstractNioChannel.java:340)
	at org.apache.ratis.thirdparty.io.netty.channel.nio.NioEventLoop.processSelectedKey(NioEventLoop.java:632)
	at org.apache.ratis.thirdparty.io.netty.channel.nio.NioEventLoop.processSelectedKeysOptimized(NioEventLoop.java:579)
	at org.apache.ratis.thirdparty.io.netty.channel.nio.NioEventLoop.processSelectedKeys(NioEventLoop.java:496)
	at org.apache.ratis.thirdparty.io.netty.channel.nio.NioEventLoop.run(NioEventLoop.java:458)
	at org.apache.ratis.thirdparty.io.netty.util.concurrent.SingleThreadEventExecutor$5.run(SingleThreadEventExecutor.java:897)
	at org.apache.ratis.thirdparty.io.netty.util.concurrent.FastThreadLocalRunnable.run(FastThreadLocalRunnable.java:30)
	... 1 more
Caused by: java.net.ConnectException: Connection refused
	... 11 more
2019-10-16 21:02:21,192 [4b287a15-77af-487b-aef7-34d1d0ee189f@group-83C26644CFDA-LeaderElection458] INFO  impl.RaftServerImpl (RaftServerImpl.java:setRole(184)) - 4b287a15-77af-487b-aef7-34d1d0ee189f@group-83C26644CFDA: changes role from CANDIDATE to FOLLOWER at term 485 for DISCOVERED_A_NEW_TERM
2019-10-16 21:02:21,192 [4b287a15-77af-487b-aef7-34d1d0ee189f@group-83C26644CFDA-LeaderElection458] INFO  impl.RoleInfo (RoleInfo.java:shutdownLeaderElection(134)) - 4b287a15-77af-487b-aef7-34d1d0ee189f: shutdown LeaderElection
2019-10-16 21:02:21,192 [4b287a15-77af-487b-aef7-34d1d0ee189f@group-83C26644CFDA-LeaderElection458] INFO  impl.RoleInfo (RoleInfo.java:updateAndGet(143)) - 4b287a15-77af-487b-aef7-34d1d0ee189f: start FollowerState
2019-10-16 21:02:21,385 [Thread-3086] INFO  impl.FollowerState (FollowerState.java:run(108)) - 4b287a15-77af-487b-aef7-34d1d0ee189f@group-83C26644CFDA-FollowerState: change to CANDIDATE, lastRpcTime:192ms, electionTimeout:192ms
2019-10-16 21:02:21,385 [Thread-3086] INFO  impl.RoleInfo (RoleInfo.java:shutdownFollowerState(121)) - 4b287a15-77af-487b-aef7-34d1d0ee189f: shutdown FollowerState
2019-10-16 21:02:21,385 [Thread-3086] INFO  impl.RaftServerImpl (RaftServerImpl.java:setRole(184)) - 4b287a15-77af-487b-aef7-34d1d0ee189f@group-83C26644CFDA: changes role from  FOLLOWER to CANDIDATE at term 485 for changeToCandidate
2019-10-16 21:02:21,385 [Thread-3086] INFO  impl.RoleInfo (RoleInfo.java:updateAndGet(143)) - 4b287a15-77af-487b-aef7-34d1d0ee189f: start LeaderElection
2019-10-16 21:02:21,399 [4b287a15-77af-487b-aef7-34d1d0ee189f@group-83C26644CFDA-LeaderElection459] INFO  impl.LeaderElection (LeaderElection.java:askForVotes(178)) - 4b287a15-77af-487b-aef7-34d1d0ee189f@group-83C26644CFDA-LeaderElection459: begin an election at term 486 for -1: [4b287a15-77af-487b-aef7-34d1d0ee189f:192.168.34.38:38597, 0aa3649f-570d-46c6-937f-492d7f3a8364:192.168.34.38:33209, 4a03179f-3169-4ac7-a075-259968512ef0:192.168.34.38:45833], old=null
2019-10-16 21:02:21,400 [4b287a15-77af-487b-aef7-34d1d0ee189f@group-83C26644CFDA-LeaderElection459] INFO  impl.LeaderElection (LogUtils.java:infoOrTrace(149)) - 4b287a15-77af-487b-aef7-34d1d0ee189f@group-83C26644CFDA-LeaderElection459 got exception when requesting votes: {}
java.util.concurrent.ExecutionException: org.apache.ratis.thirdparty.io.grpc.StatusRuntimeException: UNAVAILABLE: io exception
	at java.util.concurrent.FutureTask.report(FutureTask.java:122)
	at java.util.concurrent.FutureTask.get(FutureTask.java:192)
	at org.apache.ratis.server.impl.LeaderElection.waitForResults(LeaderElection.java:259)
	at org.apache.ratis.server.impl.LeaderElection.askForVotes(LeaderElection.java:197)
	at org.apache.ratis.server.impl.LeaderElection.run(LeaderElection.java:133)
	at java.lang.Thread.run(Thread.java:748)
Caused by: org.apache.ratis.thirdparty.io.grpc.StatusRuntimeException: UNAVAILABLE: io exception
	at org.apache.ratis.thirdparty.io.grpc.stub.ClientCalls.toStatusRuntimeException(ClientCalls.java:233)
	at org.apache.ratis.thirdparty.io.grpc.stub.ClientCalls.getUnchecked(ClientCalls.java:214)
	at org.apache.ratis.thirdparty.io.grpc.stub.ClientCalls.blockingUnaryCall(ClientCalls.java:139)
	at org.apache.ratis.proto.grpc.RaftServerProtocolServiceGrpc$RaftServerProtocolServiceBlockingStub.requestVote(RaftServerProtocolServiceGrpc.java:265)
	at org.apache.ratis.grpc.server.GrpcServerProtocolClient.requestVote(GrpcServerProtocolClient.java:99)
	at org.apache.ratis.grpc.server.GrpcService.requestVote(GrpcService.java:204)
	at org.apache.ratis.server.impl.LeaderElection.lambda$submitRequests$1(LeaderElection.java:234)
	at java.util.concurrent.FutureTask.run(FutureTask.java:266)
	at java.util.concurrent.Executors$RunnableAdapter.call(Executors.java:511)
	at java.util.concurrent.FutureTask.run(FutureTask.java:266)
	at java.util.concurrent.ThreadPoolExecutor.runWorker(ThreadPoolExecutor.java:1149)
	at java.util.concurrent.ThreadPoolExecutor$Worker.run(ThreadPoolExecutor.java:624)
	... 1 more
Caused by: org.apache.ratis.thirdparty.io.netty.channel.AbstractChannel$AnnotatedConnectException: Connection refused: /192.168.34.38:33209
	at sun.nio.ch.SocketChannelImpl.checkConnect(Native Method)
	at sun.nio.ch.SocketChannelImpl.finishConnect(SocketChannelImpl.java:717)
	at org.apache.ratis.thirdparty.io.netty.channel.socket.nio.NioSocketChannel.doFinishConnect(NioSocketChannel.java:327)
	at org.apache.ratis.thirdparty.io.netty.channel.nio.AbstractNioChannel$AbstractNioUnsafe.finishConnect(AbstractNioChannel.java:340)
	at org.apache.ratis.thirdparty.io.netty.channel.nio.NioEventLoop.processSelectedKey(NioEventLoop.java:632)
	at org.apache.ratis.thirdparty.io.netty.channel.nio.NioEventLoop.processSelectedKeysOptimized(NioEventLoop.java:579)
	at org.apache.ratis.thirdparty.io.netty.channel.nio.NioEventLoop.processSelectedKeys(NioEventLoop.java:496)
	at org.apache.ratis.thirdparty.io.netty.channel.nio.NioEventLoop.run(NioEventLoop.java:458)
	at org.apache.ratis.thirdparty.io.netty.util.concurrent.SingleThreadEventExecutor$5.run(SingleThreadEventExecutor.java:897)
	at org.apache.ratis.thirdparty.io.netty.util.concurrent.FastThreadLocalRunnable.run(FastThreadLocalRunnable.java:30)
	... 1 more
Caused by: java.net.ConnectException: Connection refused
	... 11 more
2019-10-16 21:02:21,400 [4b287a15-77af-487b-aef7-34d1d0ee189f@group-83C26644CFDA-LeaderElection459] INFO  impl.LeaderElection (LogUtils.java:infoOrTrace(149)) - 4b287a15-77af-487b-aef7-34d1d0ee189f@group-83C26644CFDA-LeaderElection459 got exception when requesting votes: {}
java.util.concurrent.ExecutionException: org.apache.ratis.thirdparty.io.grpc.StatusRuntimeException: UNAVAILABLE: io exception
	at java.util.concurrent.FutureTask.report(FutureTask.java:122)
	at java.util.concurrent.FutureTask.get(FutureTask.java:192)
	at org.apache.ratis.server.impl.LeaderElection.waitForResults(LeaderElection.java:259)
	at org.apache.ratis.server.impl.LeaderElection.askForVotes(LeaderElection.java:197)
	at org.apache.ratis.server.impl.LeaderElection.run(LeaderElection.java:133)
	at java.lang.Thread.run(Thread.java:748)
Caused by: org.apache.ratis.thirdparty.io.grpc.StatusRuntimeException: UNAVAILABLE: io exception
	at org.apache.ratis.thirdparty.io.grpc.stub.ClientCalls.toStatusRuntimeException(ClientCalls.java:233)
	at org.apache.ratis.thirdparty.io.grpc.stub.ClientCalls.getUnchecked(ClientCalls.java:214)
	at org.apache.ratis.thirdparty.io.grpc.stub.ClientCalls.blockingUnaryCall(ClientCalls.java:139)
	at org.apache.ratis.proto.grpc.RaftServerProtocolServiceGrpc$RaftServerProtocolServiceBlockingStub.requestVote(RaftServerProtocolServiceGrpc.java:265)
	at org.apache.ratis.grpc.server.GrpcServerProtocolClient.requestVote(GrpcServerProtocolClient.java:99)
	at org.apache.ratis.grpc.server.GrpcService.requestVote(GrpcService.java:204)
	at org.apache.ratis.server.impl.LeaderElection.lambda$submitRequests$1(LeaderElection.java:234)
	at java.util.concurrent.FutureTask.run(FutureTask.java:266)
	at java.util.concurrent.Executors$RunnableAdapter.call(Executors.java:511)
	at java.util.concurrent.FutureTask.run(FutureTask.java:266)
	at java.util.concurrent.ThreadPoolExecutor.runWorker(ThreadPoolExecutor.java:1149)
	at java.util.concurrent.ThreadPoolExecutor$Worker.run(ThreadPoolExecutor.java:624)
	... 1 more
Caused by: org.apache.ratis.thirdparty.io.netty.channel.AbstractChannel$AnnotatedConnectException: Connection refused: /192.168.34.38:45833
	at sun.nio.ch.SocketChannelImpl.checkConnect(Native Method)
	at sun.nio.ch.SocketChannelImpl.finishConnect(SocketChannelImpl.java:717)
	at org.apache.ratis.thirdparty.io.netty.channel.socket.nio.NioSocketChannel.doFinishConnect(NioSocketChannel.java:327)
	at org.apache.ratis.thirdparty.io.netty.channel.nio.AbstractNioChannel$AbstractNioUnsafe.finishConnect(AbstractNioChannel.java:340)
	at org.apache.ratis.thirdparty.io.netty.channel.nio.NioEventLoop.processSelectedKey(NioEventLoop.java:632)
	at org.apache.ratis.thirdparty.io.netty.channel.nio.NioEventLoop.processSelectedKeysOptimized(NioEventLoop.java:579)
	at org.apache.ratis.thirdparty.io.netty.channel.nio.NioEventLoop.processSelectedKeys(NioEventLoop.java:496)
	at org.apache.ratis.thirdparty.io.netty.channel.nio.NioEventLoop.run(NioEventLoop.java:458)
	at org.apache.ratis.thirdparty.io.netty.util.concurrent.SingleThreadEventExecutor$5.run(SingleThreadEventExecutor.java:897)
	at org.apache.ratis.thirdparty.io.netty.util.concurrent.FastThreadLocalRunnable.run(FastThreadLocalRunnable.java:30)
	... 1 more
Caused by: java.net.ConnectException: Connection refused
	... 11 more
2019-10-16 21:02:21,401 [4b287a15-77af-487b-aef7-34d1d0ee189f@group-83C26644CFDA-LeaderElection459] INFO  impl.LeaderElection (LeaderElection.java:logAndReturn(56)) - 4b287a15-77af-487b-aef7-34d1d0ee189f@group-83C26644CFDA-LeaderElection459: Election REJECTED; received 0 response(s) [] and 2 exception(s); 4b287a15-77af-487b-aef7-34d1d0ee189f@group-83C26644CFDA:t486, leader=null, voted=4b287a15-77af-487b-aef7-34d1d0ee189f, raftlog=4b287a15-77af-487b-aef7-34d1d0ee189f@group-83C26644CFDA-SegmentedRaftLog:OPENED:c-1,f-1,i0, conf=-1: [4b287a15-77af-487b-aef7-34d1d0ee189f:192.168.34.38:38597, 0aa3649f-570d-46c6-937f-492d7f3a8364:192.168.34.38:33209, 4a03179f-3169-4ac7-a075-259968512ef0:192.168.34.38:45833], old=null
2019-10-16 21:02:21,401 [4b287a15-77af-487b-aef7-34d1d0ee189f@group-83C26644CFDA-LeaderElection459] INFO  impl.LeaderElection (LogUtils.java:infoOrTrace(149)) -   Exception 0: {}
java.util.concurrent.ExecutionException: org.apache.ratis.thirdparty.io.grpc.StatusRuntimeException: UNAVAILABLE: io exception
	at java.util.concurrent.FutureTask.report(FutureTask.java:122)
	at java.util.concurrent.FutureTask.get(FutureTask.java:192)
	at org.apache.ratis.server.impl.LeaderElection.waitForResults(LeaderElection.java:259)
	at org.apache.ratis.server.impl.LeaderElection.askForVotes(LeaderElection.java:197)
	at org.apache.ratis.server.impl.LeaderElection.run(LeaderElection.java:133)
	at java.lang.Thread.run(Thread.java:748)
Caused by: org.apache.ratis.thirdparty.io.grpc.StatusRuntimeException: UNAVAILABLE: io exception
	at org.apache.ratis.thirdparty.io.grpc.stub.ClientCalls.toStatusRuntimeException(ClientCalls.java:233)
	at org.apache.ratis.thirdparty.io.grpc.stub.ClientCalls.getUnchecked(ClientCalls.java:214)
	at org.apache.ratis.thirdparty.io.grpc.stub.ClientCalls.blockingUnaryCall(ClientCalls.java:139)
	at org.apache.ratis.proto.grpc.RaftServerProtocolServiceGrpc$RaftServerProtocolServiceBlockingStub.requestVote(RaftServerProtocolServiceGrpc.java:265)
	at org.apache.ratis.grpc.server.GrpcServerProtocolClient.requestVote(GrpcServerProtocolClient.java:99)
	at org.apache.ratis.grpc.server.GrpcService.requestVote(GrpcService.java:204)
	at org.apache.ratis.server.impl.LeaderElection.lambda$submitRequests$1(LeaderElection.java:234)
	at java.util.concurrent.FutureTask.run(FutureTask.java:266)
	at java.util.concurrent.Executors$RunnableAdapter.call(Executors.java:511)
	at java.util.concurrent.FutureTask.run(FutureTask.java:266)
	at java.util.concurrent.ThreadPoolExecutor.runWorker(ThreadPoolExecutor.java:1149)
	at java.util.concurrent.ThreadPoolExecutor$Worker.run(ThreadPoolExecutor.java:624)
	... 1 more
Caused by: org.apache.ratis.thirdparty.io.netty.channel.AbstractChannel$AnnotatedConnectException: Connection refused: /192.168.34.38:33209
	at sun.nio.ch.SocketChannelImpl.checkConnect(Native Method)
	at sun.nio.ch.SocketChannelImpl.finishConnect(SocketChannelImpl.java:717)
	at org.apache.ratis.thirdparty.io.netty.channel.socket.nio.NioSocketChannel.doFinishConnect(NioSocketChannel.java:327)
	at org.apache.ratis.thirdparty.io.netty.channel.nio.AbstractNioChannel$AbstractNioUnsafe.finishConnect(AbstractNioChannel.java:340)
	at org.apache.ratis.thirdparty.io.netty.channel.nio.NioEventLoop.processSelectedKey(NioEventLoop.java:632)
	at org.apache.ratis.thirdparty.io.netty.channel.nio.NioEventLoop.processSelectedKeysOptimized(NioEventLoop.java:579)
	at org.apache.ratis.thirdparty.io.netty.channel.nio.NioEventLoop.processSelectedKeys(NioEventLoop.java:496)
	at org.apache.ratis.thirdparty.io.netty.channel.nio.NioEventLoop.run(NioEventLoop.java:458)
	at org.apache.ratis.thirdparty.io.netty.util.concurrent.SingleThreadEventExecutor$5.run(SingleThreadEventExecutor.java:897)
	at org.apache.ratis.thirdparty.io.netty.util.concurrent.FastThreadLocalRunnable.run(FastThreadLocalRunnable.java:30)
	... 1 more
Caused by: java.net.ConnectException: Connection refused
	... 11 more
2019-10-16 21:02:21,401 [4b287a15-77af-487b-aef7-34d1d0ee189f@group-83C26644CFDA-LeaderElection459] INFO  impl.LeaderElection (LogUtils.java:infoOrTrace(149)) -   Exception 1: {}
java.util.concurrent.ExecutionException: org.apache.ratis.thirdparty.io.grpc.StatusRuntimeException: UNAVAILABLE: io exception
	at java.util.concurrent.FutureTask.report(FutureTask.java:122)
	at java.util.concurrent.FutureTask.get(FutureTask.java:192)
	at org.apache.ratis.server.impl.LeaderElection.waitForResults(LeaderElection.java:259)
	at org.apache.ratis.server.impl.LeaderElection.askForVotes(LeaderElection.java:197)
	at org.apache.ratis.server.impl.LeaderElection.run(LeaderElection.java:133)
	at java.lang.Thread.run(Thread.java:748)
Caused by: org.apache.ratis.thirdparty.io.grpc.StatusRuntimeException: UNAVAILABLE: io exception
	at org.apache.ratis.thirdparty.io.grpc.stub.ClientCalls.toStatusRuntimeException(ClientCalls.java:233)
	at org.apache.ratis.thirdparty.io.grpc.stub.ClientCalls.getUnchecked(ClientCalls.java:214)
	at org.apache.ratis.thirdparty.io.grpc.stub.ClientCalls.blockingUnaryCall(ClientCalls.java:139)
	at org.apache.ratis.proto.grpc.RaftServerProtocolServiceGrpc$RaftServerProtocolServiceBlockingStub.requestVote(RaftServerProtocolServiceGrpc.java:265)
	at org.apache.ratis.grpc.server.GrpcServerProtocolClient.requestVote(GrpcServerProtocolClient.java:99)
	at org.apache.ratis.grpc.server.GrpcService.requestVote(GrpcService.java:204)
	at org.apache.ratis.server.impl.LeaderElection.lambda$submitRequests$1(LeaderElection.java:234)
	at java.util.concurrent.FutureTask.run(FutureTask.java:266)
	at java.util.concurrent.Executors$RunnableAdapter.call(Executors.java:511)
	at java.util.concurrent.FutureTask.run(FutureTask.java:266)
	at java.util.concurrent.ThreadPoolExecutor.runWorker(ThreadPoolExecutor.java:1149)
	at java.util.concurrent.ThreadPoolExecutor$Worker.run(ThreadPoolExecutor.java:624)
	... 1 more
Caused by: org.apache.ratis.thirdparty.io.netty.channel.AbstractChannel$AnnotatedConnectException: Connection refused: /192.168.34.38:45833
	at sun.nio.ch.SocketChannelImpl.checkConnect(Native Method)
	at sun.nio.ch.SocketChannelImpl.finishConnect(SocketChannelImpl.java:717)
	at org.apache.ratis.thirdparty.io.netty.channel.socket.nio.NioSocketChannel.doFinishConnect(NioSocketChannel.java:327)
	at org.apache.ratis.thirdparty.io.netty.channel.nio.AbstractNioChannel$AbstractNioUnsafe.finishConnect(AbstractNioChannel.java:340)
	at org.apache.ratis.thirdparty.io.netty.channel.nio.NioEventLoop.processSelectedKey(NioEventLoop.java:632)
	at org.apache.ratis.thirdparty.io.netty.channel.nio.NioEventLoop.processSelectedKeysOptimized(NioEventLoop.java:579)
	at org.apache.ratis.thirdparty.io.netty.channel.nio.NioEventLoop.processSelectedKeys(NioEventLoop.java:496)
	at org.apache.ratis.thirdparty.io.netty.channel.nio.NioEventLoop.run(NioEventLoop.java:458)
	at org.apache.ratis.thirdparty.io.netty.util.concurrent.SingleThreadEventExecutor$5.run(SingleThreadEventExecutor.java:897)
	at org.apache.ratis.thirdparty.io.netty.util.concurrent.FastThreadLocalRunnable.run(FastThreadLocalRunnable.java:30)
	... 1 more
Caused by: java.net.ConnectException: Connection refused
	... 11 more
2019-10-16 21:02:21,402 [4b287a15-77af-487b-aef7-34d1d0ee189f@group-83C26644CFDA-LeaderElection459] INFO  impl.RaftServerImpl (RaftServerImpl.java:setRole(184)) - 4b287a15-77af-487b-aef7-34d1d0ee189f@group-83C26644CFDA: changes role from CANDIDATE to FOLLOWER at term 486 for DISCOVERED_A_NEW_TERM
2019-10-16 21:02:21,402 [4b287a15-77af-487b-aef7-34d1d0ee189f@group-83C26644CFDA-LeaderElection459] INFO  impl.RoleInfo (RoleInfo.java:shutdownLeaderElection(134)) - 4b287a15-77af-487b-aef7-34d1d0ee189f: shutdown LeaderElection
2019-10-16 21:02:21,402 [4b287a15-77af-487b-aef7-34d1d0ee189f@group-83C26644CFDA-LeaderElection459] INFO  impl.RoleInfo (RoleInfo.java:updateAndGet(143)) - 4b287a15-77af-487b-aef7-34d1d0ee189f: start FollowerState
2019-10-16 21:02:21,499 [ForkJoinPool.commonPool-worker-1] INFO  ozoneimpl.OzoneContainer (OzoneContainer.java:stop(227)) - Attempting to stop container services.
2019-10-16 21:02:21,500 [ForkJoinPool.commonPool-worker-1] INFO  impl.RaftServerProxy (RaftServerProxy.java:lambda$close$4(314)) - 4b287a15-77af-487b-aef7-34d1d0ee189f: close
2019-10-16 21:02:21,500 [ForkJoinPool.commonPool-worker-1] INFO  impl.RaftServerImpl (RaftServerImpl.java:lambda$shutdown$3(261)) - 4b287a15-77af-487b-aef7-34d1d0ee189f@group-83C26644CFDA: shutdown
2019-10-16 21:02:21,500 [ForkJoinPool.commonPool-worker-1] INFO  util.JmxRegister (JmxRegister.java:unregister(73)) - Successfully un-registered JMX Bean with object name Ratis:service=RaftServer,group=group-83C26644CFDA,id=4b287a15-77af-487b-aef7-34d1d0ee189f
2019-10-16 21:02:21,500 [ForkJoinPool.commonPool-worker-1] INFO  impl.RoleInfo (RoleInfo.java:shutdownFollowerState(121)) - 4b287a15-77af-487b-aef7-34d1d0ee189f: shutdown FollowerState
2019-10-16 21:02:21,500 [ForkJoinPool.commonPool-worker-1] INFO  impl.StateMachineUpdater (StateMachineUpdater.java:stopAndJoin(136)) - 4b287a15-77af-487b-aef7-34d1d0ee189f@group-83C26644CFDA-StateMachineUpdater: set stopIndex = -1
2019-10-16 21:02:21,500 [Thread-3090] INFO  impl.FollowerState (FollowerState.java:run(117)) - 4b287a15-77af-487b-aef7-34d1d0ee189f@group-83C26644CFDA-FollowerState was interrupted: java.lang.InterruptedException: sleep interrupted
2019-10-16 21:02:21,513 [ForkJoinPool.commonPool-worker-1] INFO  impl.RaftServerImpl (ServerState.java:close(388)) - 4b287a15-77af-487b-aef7-34d1d0ee189f@group-83C26644CFDA: closes. applyIndex: -1
2019-10-16 21:02:21,513 [4b287a15-77af-487b-aef7-34d1d0ee189f@group-83C26644CFDA-SegmentedRaftLogWorker] INFO  segmented.SegmentedRaftLogWorker (SegmentedRaftLogWorker.java:run(316)) - 4b287a15-77af-487b-aef7-34d1d0ee189f@group-83C26644CFDA-SegmentedRaftLogWorker was interrupted, exiting. There are 0 tasks remaining in the queue.
2019-10-16 21:02:21,513 [ForkJoinPool.commonPool-worker-1] INFO  segmented.SegmentedRaftLogWorker (SegmentedRaftLogWorker.java:close(224)) - 4b287a15-77af-487b-aef7-34d1d0ee189f@group-83C26644CFDA-SegmentedRaftLogWorker close()
2019-10-16 21:02:21,515 [ForkJoinPool.commonPool-worker-1] INFO  impl.RaftServerImpl (RaftServerImpl.java:lambda$shutdown$3(261)) - 4b287a15-77af-487b-aef7-34d1d0ee189f@group-968E4693433D: shutdown
2019-10-16 21:02:21,515 [ForkJoinPool.commonPool-worker-1] INFO  util.JmxRegister (JmxRegister.java:unregister(73)) - Successfully un-registered JMX Bean with object name Ratis:service=RaftServer,group=group-968E4693433D,id=4b287a15-77af-487b-aef7-34d1d0ee189f
2019-10-16 21:02:21,516 [ForkJoinPool.commonPool-worker-1] INFO  impl.RoleInfo (RoleInfo.java:shutdownLeaderState(104)) - 4b287a15-77af-487b-aef7-34d1d0ee189f: shutdown LeaderState
2019-10-16 21:02:21,516 [ForkJoinPool.commonPool-worker-1] INFO  impl.PendingRequests (PendingRequests.java:sendNotLeaderResponses(202)) - 4b287a15-77af-487b-aef7-34d1d0ee189f@group-968E4693433D-PendingRequests: sendNotLeaderResponses
2019-10-16 21:02:21,516 [ForkJoinPool.commonPool-worker-1] INFO  impl.StateMachineUpdater (StateMachineUpdater.java:stopAndJoin(136)) - 4b287a15-77af-487b-aef7-34d1d0ee189f@group-968E4693433D-StateMachineUpdater: set stopIndex = 0
2019-10-16 21:02:21,517 [ForkJoinPool.commonPool-worker-1] INFO  impl.RaftServerImpl (ServerState.java:close(388)) - 4b287a15-77af-487b-aef7-34d1d0ee189f@group-968E4693433D: closes. applyIndex: 0
2019-10-16 21:02:21,517 [4b287a15-77af-487b-aef7-34d1d0ee189f@group-968E4693433D-SegmentedRaftLogWorker] INFO  segmented.SegmentedRaftLogWorker (SegmentedRaftLogWorker.java:run(316)) - 4b287a15-77af-487b-aef7-34d1d0ee189f@group-968E4693433D-SegmentedRaftLogWorker was interrupted, exiting. There are 0 tasks remaining in the queue.
2019-10-16 21:02:21,518 [ForkJoinPool.commonPool-worker-1] INFO  segmented.SegmentedRaftLogWorker (SegmentedRaftLogWorker.java:close(224)) - 4b287a15-77af-487b-aef7-34d1d0ee189f@group-968E4693433D-SegmentedRaftLogWorker close()
2019-10-16 21:02:21,519 [ForkJoinPool.commonPool-worker-1] INFO  server.GrpcService (GrpcService.java:closeImpl(164)) - 4b287a15-77af-487b-aef7-34d1d0ee189f: shutdown server with port 38597 now
2019-10-16 21:02:21,520 [ForkJoinPool.commonPool-worker-1] INFO  server.GrpcService (GrpcService.java:closeImpl(172)) - 4b287a15-77af-487b-aef7-34d1d0ee189f: shutdown server with port 38597 successfully
2019-10-16 21:02:21,523 [refreshUsed-/workdir/hadoop-ozone/integration-test/target/test-dir/MiniOzoneClusterImpl-c59fee7e-17c5-4f17-b61a-b44f1b433ee8/datanode-2/data/containers] WARN  fs.CachingGetSpaceUsed (CachingGetSpaceUsed.java:run(183)) - Thread Interrupted waiting to refresh disk information: sleep interrupted
2019-10-16 21:02:21,542 [ForkJoinPool.commonPool-worker-1] INFO  utils.BackgroundService (BackgroundService.java:shutdown(151)) - Shutting down service BlockDeletingService
2019-10-16 21:02:21,544 [ForkJoinPool.commonPool-worker-1] INFO  statemachine.DatanodeStateMachine (DatanodeStateMachine.java:stopDaemon(395)) - Ozone container server stopped.
2019-10-16 21:02:21,546 [ForkJoinPool.commonPool-worker-1] INFO  handler.ContextHandler (ContextHandler.java:doStop(910)) - Stopped o.e.j.w.WebAppContext@43e9089{/,null,UNAVAILABLE}{/hddsDatanode}
2019-10-16 21:02:21,547 [ForkJoinPool.commonPool-worker-1] INFO  server.AbstractConnector (AbstractConnector.java:doStop(318)) - Stopped ServerConnector@3c5dbdf8{HTTP/1.1,[http/1.1]}{0.0.0.0:0}
2019-10-16 21:02:21,547 [ForkJoinPool.commonPool-worker-1] INFO  handler.ContextHandler (ContextHandler.java:doStop(910)) - Stopped o.e.j.s.ServletContextHandler@433348bc{/static,jar:file:/home/user/.m2/repository/org/apache/hadoop/hadoop-hdds-container-service/0.5.0-SNAPSHOT/hadoop-hdds-container-service-0.5.0-SNAPSHOT.jar!/webapps/static,UNAVAILABLE}
2019-10-16 21:02:21,548 [ForkJoinPool.commonPool-worker-1] INFO  handler.ContextHandler (ContextHandler.java:doStop(910)) - Stopped o.e.j.s.ServletContextHandler@5fa23c{/logs,file:///workdir/hadoop-ozone/integration-test/target/log,UNAVAILABLE}
2019-10-16 21:02:21,549 [main] INFO  ozone.MiniOzoneClusterImpl (MiniOzoneClusterImpl.java:stopSCM(430)) - Stopping the StorageContainerManager
2019-10-16 21:02:21,549 [main] INFO  server.StorageContainerManager (StorageContainerManager.java:stop(810)) - Stopping Replication Manager Service.
2019-10-16 21:02:21,549 [main] INFO  container.ReplicationManager (ReplicationManager.java:stop(203)) - Stopping Replication Monitor Thread.
2019-10-16 21:02:21,549 [main] INFO  server.StorageContainerManager (StorageContainerManager.java:stop(817)) - Stopping Lease Manager of the command watchers
2019-10-16 21:02:21,549 [main] INFO  server.StorageContainerManager (StorageContainerManager.java:stop(824)) - Stopping datanode service RPC server
2019-10-16 21:02:21,549 [main] INFO  server.SCMDatanodeProtocolServer (SCMDatanodeProtocolServer.java:stop(346)) - Stopping the RPC server for DataNodes
2019-10-16 21:02:21,550 [main] INFO  ipc.Server (Server.java:stop(3082)) - Stopping server on 34353
2019-10-16 21:02:21,550 [IPC Server listener on 34353] INFO  ipc.Server (Server.java:run(1185)) - Stopping IPC Server listener on 34353
2019-10-16 21:02:21,550 [IPC Server Responder] INFO  ipc.Server (Server.java:run(1319)) - Stopping IPC Server Responder
2019-10-16 21:02:21,588 [SCM Heartbeat Processing Thread - 0] WARN  node.NodeStateManager (NodeStateManager.java:scheduleNextHealthCheck(646)) - Current Thread is interrupted, shutting down HB processing thread for Node Manager.
2019-10-16 21:02:21,589 [main] INFO  server.StorageContainerManager (StorageContainerManager.java:stop(832)) - Stopping block service RPC server
2019-10-16 21:02:21,589 [main] INFO  server.SCMBlockProtocolServer (SCMBlockProtocolServer.java:stop(155)) - Stopping the RPC server for Block Protocol
2019-10-16 21:02:21,589 [main] INFO  ipc.Server (Server.java:stop(3082)) - Stopping server on 40661
2019-10-16 21:02:21,591 [IPC Server listener on 40661] INFO  ipc.Server (Server.java:run(1185)) - Stopping IPC Server listener on 40661
2019-10-16 21:02:21,591 [main] INFO  server.StorageContainerManager (StorageContainerManager.java:stop(839)) - Stopping the StorageContainerLocationProtocol RPC server
2019-10-16 21:02:21,591 [IPC Server Responder] INFO  ipc.Server (Server.java:run(1319)) - Stopping IPC Server Responder
2019-10-16 21:02:21,591 [main] INFO  server.SCMClientProtocolServer (SCMClientProtocolServer.java:stop(168)) - Stopping the RPC server for Client Protocol
2019-10-16 21:02:21,591 [main] INFO  ipc.Server (Server.java:stop(3082)) - Stopping server on 33987
2019-10-16 21:02:21,593 [IPC Server listener on 33987] INFO  ipc.Server (Server.java:run(1185)) - Stopping IPC Server listener on 33987
2019-10-16 21:02:21,593 [main] INFO  server.StorageContainerManager (StorageContainerManager.java:stop(846)) - Stopping Storage Container Manager HTTP server.
2019-10-16 21:02:21,593 [IPC Server Responder] INFO  ipc.Server (Server.java:run(1319)) - Stopping IPC Server Responder
2019-10-16 21:02:21,594 [main] INFO  handler.ContextHandler (ContextHandler.java:doStop(910)) - Stopped o.e.j.w.WebAppContext@24a1c17f{/,null,UNAVAILABLE}{/scm}
2019-10-16 21:02:21,594 [main] INFO  server.AbstractConnector (AbstractConnector.java:doStop(318)) - Stopped ServerConnector@4d63b624{HTTP/1.1,[http/1.1]}{0.0.0.0:0}
2019-10-16 21:02:21,595 [main] INFO  handler.ContextHandler (ContextHandler.java:doStop(910)) - Stopped o.e.j.s.ServletContextHandler@3724af13{/static,file:///workdir/hadoop-ozone/integration-test/target/test-classes/webapps/static,UNAVAILABLE}
2019-10-16 21:02:21,595 [main] INFO  handler.ContextHandler (ContextHandler.java:doStop(910)) - Stopped o.e.j.s.ServletContextHandler@42f8285e{/logs,file:///workdir/hadoop-ozone/integration-test/target/log,UNAVAILABLE}
2019-10-16 21:02:21,596 [main] INFO  server.StorageContainerManager (StorageContainerManager.java:stop(857)) - Stopping Block Manager Service.
2019-10-16 21:02:21,596 [main] INFO  utils.BackgroundService (BackgroundService.java:shutdown(151)) - Shutting down service SCMBlockDeletingService
2019-10-16 21:02:21,596 [main] INFO  utils.BackgroundService (BackgroundService.java:shutdown(151)) - Shutting down service SCMBlockDeletingService
2019-10-16 21:02:21,597 [main] INFO  server.StorageContainerManager (StorageContainerManager.java:stop(879)) - Stopping SCM Event Queue.
2019-10-16 21:02:21,603 [main] INFO  impl.MetricsSystemImpl (MetricsSystemImpl.java:stop(210)) - Stopping ratis metrics system...
2019-10-16 21:02:21,609 [prometheus] INFO  impl.MetricsSinkAdapter (MetricsSinkAdapter.java:publishMetricsFromQueue(141)) - prometheus thread interrupted.
2019-10-16 21:02:21,609 [main] INFO  impl.MetricsSystemImpl (MetricsSystemImpl.java:stop(216)) - ratis metrics system stopped.
]]></system-out>
    <system-err><![CDATA[ERROR StatusLogger No Log4j 2 configuration file found. Using default configuration (logging only errors to the console), or user programmatically provided configurations. Set system property 'log4j2.debug' to show Log4j 2 internal initialization logging. See https://logging.apache.org/log4j/2.x/manual/configuration.html for instructions on how to configure Log4j 2
]]></system-err>
  </testcase>
</testsuite>