<?xml version="1.0" encoding="UTF-8"?>
<testsuite xmlns:xsi="http://www.w3.org/2001/XMLSchema-instance" xsi:noNamespaceSchemaLocation="https://maven.apache.org/surefire/maven-surefire-plugin/xsd/surefire-test-report.xsd" name="org.apache.hadoop.ozone.client.rpc.TestDeleteWithSlowFollower" time="147.797" tests="1" errors="0" skipped="0" failures="1">
  <properties>
    <property name="awt.toolkit" value="sun.awt.X11.XToolkit"/>
    <property name="file.encoding.pkg" value="sun.io"/>
    <property name="java.specification.version" value="1.8"/>
    <property name="sun.cpu.isalist" value=""/>
    <property name="sun.jnu.encoding" value="ANSI_X3.4-1968"/>
    <property name="java.class.path" value="/workdir/hadoop-ozone/integration-test/target/test-classes:/workdir/hadoop-ozone/integration-test/target/classes:/home/user/.m2/repository/org/apache/hadoop/hadoop-ozone-common/0.5.0-SNAPSHOT/hadoop-ozone-common-0.5.0-SNAPSHOT.jar:/home/user/.m2/repository/org/apache/commons/commons-compress/1.4.1/commons-compress-1.4.1.jar:/home/user/.m2/repository/org/tukaani/xz/1.0/xz-1.0.jar:/home/user/.m2/repository/org/apache/hadoop/hadoop-common/3.2.0/hadoop-common-3.2.0.jar:/home/user/.m2/repository/org/apache/hadoop/hadoop-hdfs/3.2.0/hadoop-hdfs-3.2.0.jar:/home/user/.m2/repository/org/apache/hadoop/hadoop-hdfs-client/3.2.0/hadoop-hdfs-client-3.2.0.jar:/home/user/.m2/repository/com/fasterxml/jackson/core/jackson-annotations/2.9.9/jackson-annotations-2.9.9.jar:/home/user/.m2/repository/org/apache/hadoop/hadoop-hdds-common/0.5.0-SNAPSHOT/hadoop-hdds-common-0.5.0-SNAPSHOT.jar:/home/user/.m2/repository/javax/annotation/javax.annotation-api/1.2/javax.annotation-api-1.2.jar:/home/user/.m2/repository/org/apache/ratis/ratis-server/0.5.0-ced7dbf-SNAPSHOT/ratis-server-0.5.0-ced7dbf-SNAPSHOT.jar:/home/user/.m2/repository/org/apache/ratis/ratis-thirdparty-misc/0.2.0/ratis-thirdparty-misc-0.2.0.jar:/home/user/.m2/repository/org/apache/ratis/ratis-proto/0.5.0-ced7dbf-SNAPSHOT/ratis-proto-0.5.0-ced7dbf-SNAPSHOT.jar:/home/user/.m2/repository/org/apache/ratis/ratis-common/0.5.0-ced7dbf-SNAPSHOT/ratis-common-0.5.0-ced7dbf-SNAPSHOT.jar:/home/user/.m2/repository/org/apache/ratis/ratis-client/0.5.0-ced7dbf-SNAPSHOT/ratis-client-0.5.0-ced7dbf-SNAPSHOT.jar:/home/user/.m2/repository/org/apache/ratis/ratis-metrics/0.5.0-ced7dbf-SNAPSHOT/ratis-metrics-0.5.0-ced7dbf-SNAPSHOT.jar:/home/user/.m2/repository/org/apache/ratis/ratis-netty/0.5.0-ced7dbf-SNAPSHOT/ratis-netty-0.5.0-ced7dbf-SNAPSHOT.jar:/home/user/.m2/repository/org/apache/ratis/ratis-grpc/0.5.0-ced7dbf-SNAPSHOT/ratis-grpc-0.5.0-ced7dbf-SNAPSHOT.jar:/home/user/.m2/repository/org/rocksdb/rocksdbjni/6.0.1/rocksdbjni-6.0.1.jar:/home/user/.m2/repository/org/apache/logging/log4j/log4j-api/2.11.0/log4j-api-2.11.0.jar:/home/user/.m2/repository/org/apache/logging/log4j/log4j-core/2.11.0/log4j-core-2.11.0.jar:/home/user/.m2/repository/com/lmax/disruptor/3.4.2/disruptor-3.4.2.jar:/home/user/.m2/repository/org/apache/commons/commons-pool2/2.6.0/commons-pool2-2.6.0.jar:/home/user/.m2/repository/org/bouncycastle/bcpkix-jdk15on/1.60/bcpkix-jdk15on-1.60.jar:/home/user/.m2/repository/commons-validator/commons-validator/1.6/commons-validator-1.6.jar:/home/user/.m2/repository/commons-digester/commons-digester/1.8.1/commons-digester-1.8.1.jar:/home/user/.m2/repository/io/jaegertracing/jaeger-client/0.34.0/jaeger-client-0.34.0.jar:/home/user/.m2/repository/io/jaegertracing/jaeger-thrift/0.34.0/jaeger-thrift-0.34.0.jar:/home/user/.m2/repository/org/apache/thrift/libthrift/0.12.0/libthrift-0.12.0.jar:/home/user/.m2/repository/com/squareup/okhttp3/okhttp/3.9.0/okhttp-3.9.0.jar:/home/user/.m2/repository/com/squareup/okio/okio/1.13.0/okio-1.13.0.jar:/home/user/.m2/repository/io/jaegertracing/jaeger-core/0.34.0/jaeger-core-0.34.0.jar:/home/user/.m2/repository/io/jaegertracing/jaeger-tracerresolver/0.34.0/jaeger-tracerresolver-0.34.0.jar:/home/user/.m2/repository/io/opentracing/contrib/opentracing-tracerresolver/0.1.5/opentracing-tracerresolver-0.1.5.jar:/home/user/.m2/repository/io/opentracing/opentracing-util/0.31.0/opentracing-util-0.31.0.jar:/home/user/.m2/repository/io/opentracing/opentracing-api/0.31.0/opentracing-api-0.31.0.jar:/home/user/.m2/repository/io/opentracing/opentracing-noop/0.31.0/opentracing-noop-0.31.0.jar:/home/user/.m2/repository/org/apache/hadoop/hadoop-hdds-server-framework/0.5.0-SNAPSHOT/hadoop-hdds-server-framework-0.5.0-SNAPSHOT.jar:/home/user/.m2/repository/org/apache/hadoop/hadoop-hdds-container-service/0.5.0-SNAPSHOT/hadoop-hdds-container-service-0.5.0-SNAPSHOT.jar:/home/user/.m2/repository/org/apache/hadoop/hadoop-hdds-client/0.5.0-SNAPSHOT/hadoop-hdds-client-0.5.0-SNAPSHOT.jar:/home/user/.m2/repository/org/apache/hadoop/hadoop-hdds-tools/0.5.0-SNAPSHOT/hadoop-hdds-tools-0.5.0-SNAPSHOT.jar:/home/user/.m2/repository/org/apache/hadoop/hadoop-hdds-server-scm/0.5.0-SNAPSHOT/hadoop-hdds-server-scm-0.5.0-SNAPSHOT.jar:/home/user/.m2/repository/org/apache/hadoop/hadoop-hdds-docs/0.5.0-SNAPSHOT/hadoop-hdds-docs-0.5.0-SNAPSHOT.jar:/home/user/.m2/repository/io/dropwizard/metrics/metrics-core/3.2.4/metrics-core-3.2.4.jar:/home/user/.m2/repository/org/hamcrest/hamcrest-all/1.3/hamcrest-all-1.3.jar:/home/user/.m2/repository/org/bouncycastle/bcprov-jdk15on/1.60/bcprov-jdk15on-1.60.jar:/home/user/.m2/repository/info/picocli/picocli/3.9.6/picocli-3.9.6.jar:/home/user/.m2/repository/com/google/protobuf/protobuf-java/2.5.0/protobuf-java-2.5.0.jar:/home/user/.m2/repository/com/google/guava/guava/11.0.2/guava-11.0.2.jar:/home/user/.m2/repository/org/apache/hadoop/hadoop-ozone-ozone-manager/0.5.0-SNAPSHOT/hadoop-ozone-ozone-manager-0.5.0-SNAPSHOT.jar:/home/user/.m2/repository/org/apache/hadoop/hadoop-minikdc/3.2.0/hadoop-minikdc-3.2.0.jar:/home/user/.m2/repository/commons-io/commons-io/2.5/commons-io-2.5.jar:/home/user/.m2/repository/org/apache/kerby/kerb-simplekdc/1.0.1/kerb-simplekdc-1.0.1.jar:/home/user/.m2/repository/org/apache/kerby/kerb-client/1.0.1/kerb-client-1.0.1.jar:/home/user/.m2/repository/org/apache/kerby/kerby-config/1.0.1/kerby-config-1.0.1.jar:/home/user/.m2/repository/org/apache/kerby/kerb-core/1.0.1/kerb-core-1.0.1.jar:/home/user/.m2/repository/org/apache/kerby/kerby-pkix/1.0.1/kerby-pkix-1.0.1.jar:/home/user/.m2/repository/org/apache/kerby/kerby-asn1/1.0.1/kerby-asn1-1.0.1.jar:/home/user/.m2/repository/org/apache/kerby/kerby-util/1.0.1/kerby-util-1.0.1.jar:/home/user/.m2/repository/org/apache/kerby/kerb-common/1.0.1/kerb-common-1.0.1.jar:/home/user/.m2/repository/org/apache/kerby/kerb-crypto/1.0.1/kerb-crypto-1.0.1.jar:/home/user/.m2/repository/org/apache/kerby/kerb-util/1.0.1/kerb-util-1.0.1.jar:/home/user/.m2/repository/org/apache/kerby/token-provider/1.0.1/token-provider-1.0.1.jar:/home/user/.m2/repository/org/apache/kerby/kerb-admin/1.0.1/kerb-admin-1.0.1.jar:/home/user/.m2/repository/org/apache/kerby/kerb-server/1.0.1/kerb-server-1.0.1.jar:/home/user/.m2/repository/org/apache/kerby/kerb-identity/1.0.1/kerb-identity-1.0.1.jar:/home/user/.m2/repository/org/apache/kerby/kerby-xdr/1.0.1/kerby-xdr-1.0.1.jar:/home/user/.m2/repository/org/slf4j/slf4j-log4j12/1.7.25/slf4j-log4j12-1.7.25.jar:/home/user/.m2/repository/org/apache/hadoop/hadoop-ozone-s3gateway/0.5.0-SNAPSHOT/hadoop-ozone-s3gateway-0.5.0-SNAPSHOT.jar:/home/user/.m2/repository/org/jboss/weld/servlet/weld-servlet/2.4.7.Final/weld-servlet-2.4.7.Final.jar:/home/user/.m2/repository/org/glassfish/jersey/containers/jersey-container-servlet-core/2.27/jersey-container-servlet-core-2.27.jar:/home/user/.m2/repository/org/glassfish/hk2/external/javax.inject/2.5.0-b42/javax.inject-2.5.0-b42.jar:/home/user/.m2/repository/org/glassfish/jersey/core/jersey-common/2.27/jersey-common-2.27.jar:/home/user/.m2/repository/org/glassfish/hk2/osgi-resource-locator/1.0.1/osgi-resource-locator-1.0.1.jar:/home/user/.m2/repository/javax/ws/rs/javax.ws.rs-api/2.1/javax.ws.rs-api-2.1.jar:/home/user/.m2/repository/org/glassfish/jersey/ext/cdi/jersey-cdi1x/2.27/jersey-cdi1x-2.27.jar:/home/user/.m2/repository/org/glassfish/jersey/inject/jersey-hk2/2.27/jersey-hk2-2.27.jar:/home/user/.m2/repository/org/glassfish/hk2/hk2-locator/2.5.0-b42/hk2-locator-2.5.0-b42.jar:/home/user/.m2/repository/org/javassist/javassist/3.22.0-CR2/javassist-3.22.0-CR2.jar:/home/user/.m2/repository/org/glassfish/hk2/hk2-api/2.5.0/hk2-api-2.5.0.jar:/home/user/.m2/repository/org/glassfish/hk2/external/jakarta.inject/2.5.0/jakarta.inject-2.5.0.jar:/home/user/.m2/repository/org/glassfish/hk2/hk2-utils/2.5.0/hk2-utils-2.5.0.jar:/home/user/.m2/repository/jakarta/annotation/jakarta.annotation-api/1.3.4/jakarta.annotation-api-1.3.4.jar:/home/user/.m2/repository/org/glassfish/hk2/external/aopalliance-repackaged/2.5.0/aopalliance-repackaged-2.5.0.jar:/home/user/.m2/repository/com/fasterxml/jackson/dataformat/jackson-dataformat-xml/2.9.0/jackson-dataformat-xml-2.9.0.jar:/home/user/.m2/repository/com/fasterxml/jackson/core/jackson-core/2.9.9/jackson-core-2.9.9.jar:/home/user/.m2/repository/com/fasterxml/jackson/module/jackson-module-jaxb-annotations/2.9.9/jackson-module-jaxb-annotations-2.9.9.jar:/home/user/.m2/repository/javax/enterprise/cdi-api/1.2/cdi-api-1.2.jar:/home/user/.m2/repository/javax/el/javax.el-api/3.0.0/javax.el-api-3.0.0.jar:/home/user/.m2/repository/javax/interceptor/javax.interceptor-api/1.2/javax.interceptor-api-1.2.jar:/home/user/.m2/repository/javax/inject/javax.inject/1/javax.inject-1.jar:/home/user/.m2/repository/com/sun/xml/bind/jaxb-impl/2.3.0.1/jaxb-impl-2.3.0.1.jar:/home/user/.m2/repository/com/sun/xml/bind/jaxb-core/2.3.0.1/jaxb-core-2.3.0.1.jar:/home/user/.m2/repository/javax/xml/bind/jaxb-api/2.3.0/jaxb-api-2.3.0.jar:/home/user/.m2/repository/javax/activation/activation/1.1.1/activation-1.1.1.jar:/home/user/.m2/repository/org/apache/hadoop/hadoop-ozone-csi/0.5.0-SNAPSHOT/hadoop-ozone-csi-0.5.0-SNAPSHOT.jar:/home/user/.m2/repository/com/google/protobuf/protobuf-java-util/3.5.1/protobuf-java-util-3.5.1.jar:/home/user/.m2/repository/org/apache/hadoop/hadoop-hdds-config/0.5.0-SNAPSHOT/hadoop-hdds-config-0.5.0-SNAPSHOT.jar:/home/user/.m2/repository/io/grpc/grpc-netty/1.17.1/grpc-netty-1.17.1.jar:/home/user/.m2/repository/io/grpc/grpc-core/1.17.1/grpc-core-1.17.1.jar:/home/user/.m2/repository/io/grpc/grpc-context/1.17.1/grpc-context-1.17.1.jar:/home/user/.m2/repository/com/google/errorprone/error_prone_annotations/2.2.0/error_prone_annotations-2.2.0.jar:/home/user/.m2/repository/org/codehaus/mojo/animal-sniffer-annotations/1.17/animal-sniffer-annotations-1.17.jar:/home/user/.m2/repository/io/opencensus/opencensus-api/0.17.0/opencensus-api-0.17.0.jar:/home/user/.m2/repository/io/opencensus/opencensus-contrib-grpc-metrics/0.17.0/opencensus-contrib-grpc-metrics-0.17.0.jar:/home/user/.m2/repository/io/netty/netty-codec-http2/4.1.30.Final/netty-codec-http2-4.1.30.Final.jar:/home/user/.m2/repository/io/netty/netty-codec-http/4.1.30.Final/netty-codec-http-4.1.30.Final.jar:/home/user/.m2/repository/io/netty/netty-codec/4.1.30.Final/netty-codec-4.1.30.Final.jar:/home/user/.m2/repository/io/netty/netty-handler/4.1.30.Final/netty-handler-4.1.30.Final.jar:/home/user/.m2/repository/io/netty/netty-handler-proxy/4.1.30.Final/netty-handler-proxy-4.1.30.Final.jar:/home/user/.m2/repository/io/netty/netty-codec-socks/4.1.30.Final/netty-codec-socks-4.1.30.Final.jar:/home/user/.m2/repository/io/netty/netty-transport-native-epoll/4.1.30.Final/netty-transport-native-epoll-4.1.30.Final.jar:/home/user/.m2/repository/io/netty/netty-common/4.1.30.Final/netty-common-4.1.30.Final.jar:/home/user/.m2/repository/io/netty/netty-buffer/4.1.30.Final/netty-buffer-4.1.30.Final.jar:/home/user/.m2/repository/io/netty/netty-transport/4.1.30.Final/netty-transport-4.1.30.Final.jar:/home/user/.m2/repository/io/netty/netty-resolver/4.1.30.Final/netty-resolver-4.1.30.Final.jar:/home/user/.m2/repository/io/netty/netty-transport-native-unix-common/4.1.30.Final/netty-transport-native-unix-common-4.1.30.Final.jar:/home/user/.m2/repository/io/grpc/grpc-protobuf/1.17.1/grpc-protobuf-1.17.1.jar:/home/user/.m2/repository/com/google/api/grpc/proto-google-common-protos/1.0.0/proto-google-common-protos-1.0.0.jar:/home/user/.m2/repository/io/grpc/grpc-protobuf-lite/1.17.1/grpc-protobuf-lite-1.17.1.jar:/home/user/.m2/repository/io/grpc/grpc-stub/1.17.1/grpc-stub-1.17.1.jar:/home/user/.m2/repository/org/apache/hadoop/hadoop-ozone-recon/0.5.0-SNAPSHOT/hadoop-ozone-recon-0.5.0-SNAPSHOT.jar:/home/user/.m2/repository/org/apache/hadoop/hadoop-ozone-reconcodegen/0.5.0-SNAPSHOT/hadoop-ozone-reconcodegen-0.5.0-SNAPSHOT.jar:/home/user/.m2/repository/com/google/inject/extensions/guice-multibindings/4.0/guice-multibindings-4.0.jar:/home/user/.m2/repository/com/google/inject/guice/4.0/guice-4.0.jar:/home/user/.m2/repository/aopalliance/aopalliance/1.0/aopalliance-1.0.jar:/home/user/.m2/repository/com/google/inject/extensions/guice-servlet/4.0/guice-servlet-4.0.jar:/home/user/.m2/repository/org/glassfish/jersey/containers/jersey-container-servlet/2.27/jersey-container-servlet-2.27.jar:/home/user/.m2/repository/org/glassfish/hk2/guice-bridge/2.5.0/guice-bridge-2.5.0.jar:/home/user/.m2/repository/org/glassfish/jersey/core/jersey-server/2.27/jersey-server-2.27.jar:/home/user/.m2/repository/org/glassfish/jersey/core/jersey-client/2.27/jersey-client-2.27.jar:/home/user/.m2/repository/org/glassfish/jersey/media/jersey-media-jaxb/2.27/jersey-media-jaxb-2.27.jar:/home/user/.m2/repository/javax/validation/validation-api/1.1.0.Final/validation-api-1.1.0.Final.jar:/home/user/.m2/repository/org/glassfish/jersey/media/jersey-media-json-jackson/2.27/jersey-media-json-jackson-2.27.jar:/home/user/.m2/repository/org/glassfish/jersey/ext/jersey-entity-filtering/2.27/jersey-entity-filtering-2.27.jar:/home/user/.m2/repository/com/google/inject/extensions/guice-assistedinject/4.0/guice-assistedinject-4.0.jar:/home/user/.m2/repository/org/jooq/jooq/3.11.10/jooq-3.11.10.jar:/home/user/.m2/repository/org/jooq/jooq-meta/3.11.10/jooq-meta-3.11.10.jar:/home/user/.m2/repository/org/jooq/jooq-codegen/3.11.10/jooq-codegen-3.11.10.jar:/home/user/.m2/repository/com/jolbox/bonecp/0.8.0.RELEASE/bonecp-0.8.0.RELEASE.jar:/home/user/.m2/repository/org/xerial/sqlite-jdbc/3.25.2/sqlite-jdbc-3.25.2.jar:/home/user/.m2/repository/org/springframework/spring-jdbc/5.1.3.RELEASE/spring-jdbc-5.1.3.RELEASE.jar:/home/user/.m2/repository/org/springframework/spring-beans/5.1.3.RELEASE/spring-beans-5.1.3.RELEASE.jar:/home/user/.m2/repository/org/springframework/spring-core/5.1.3.RELEASE/spring-core-5.1.3.RELEASE.jar:/home/user/.m2/repository/org/springframework/spring-jcl/5.1.3.RELEASE/spring-jcl-5.1.3.RELEASE.jar:/home/user/.m2/repository/org/springframework/spring-tx/5.1.3.RELEASE/spring-tx-5.1.3.RELEASE.jar:/home/user/.m2/repository/org/apache/hadoop/hadoop-ozone-client/0.5.0-SNAPSHOT/hadoop-ozone-client-0.5.0-SNAPSHOT.jar:/home/user/.m2/repository/commons-lang/commons-lang/2.6/commons-lang-2.6.jar:/home/user/.m2/repository/org/apache/hadoop/hadoop-ozone-ozone-manager/0.5.0-SNAPSHOT/hadoop-ozone-ozone-manager-0.5.0-SNAPSHOT-tests.jar:/home/user/.m2/repository/junit/junit/4.11/junit-4.11.jar:/home/user/.m2/repository/org/hamcrest/hamcrest-core/1.3/hamcrest-core-1.3.jar:/home/user/.m2/repository/org/openjdk/jmh/jmh-core/1.19/jmh-core-1.19.jar:/home/user/.m2/repository/net/sf/jopt-simple/jopt-simple/4.6/jopt-simple-4.6.jar:/home/user/.m2/repository/org/apache/commons/commons-math3/3.1.1/commons-math3-3.1.1.jar:/home/user/.m2/repository/org/openjdk/jmh/jmh-generator-annprocess/1.19/jmh-generator-annprocess-1.19.jar:/home/user/.m2/repository/org/mockito/mockito-all/1.8.5/mockito-all-1.8.5.jar:/home/user/.m2/repository/org/apache/hadoop/hadoop-kms/3.2.0/hadoop-kms-3.2.0.jar:/home/user/.m2/repository/org/apache/hadoop/hadoop-auth/3.2.0/hadoop-auth-3.2.0.jar:/home/user/.m2/repository/com/nimbusds/nimbus-jose-jwt/4.41.1/nimbus-jose-jwt-4.41.1.jar:/home/user/.m2/repository/com/github/stephenc/jcip/jcip-annotations/1.0-1/jcip-annotations-1.0-1.jar:/home/user/.m2/repository/net/minidev/json-smart/2.3/json-smart-2.3.jar:/home/user/.m2/repository/net/minidev/accessors-smart/1.2/accessors-smart-1.2.jar:/home/user/.m2/repository/org/ow2/asm/asm/5.0.4/asm-5.0.4.jar:/home/user/.m2/repository/org/apache/curator/curator-framework/2.12.0/curator-framework-2.12.0.jar:/home/user/.m2/repository/com/sun/jersey/jersey-core/1.19/jersey-core-1.19.jar:/home/user/.m2/repository/javax/ws/rs/jsr311-api/1.1.1/jsr311-api-1.1.1.jar:/home/user/.m2/repository/com/sun/jersey/jersey-server/1.19/jersey-server-1.19.jar:/home/user/.m2/repository/javax/servlet/javax.servlet-api/3.1.0/javax.servlet-api-3.1.0.jar:/home/user/.m2/repository/org/eclipse/jetty/jetty-server/9.3.25.v20180904/jetty-server-9.3.25.v20180904.jar:/home/user/.m2/repository/org/eclipse/jetty/jetty-http/9.3.25.v20180904/jetty-http-9.3.25.v20180904.jar:/home/user/.m2/repository/org/eclipse/jetty/jetty-io/9.3.25.v20180904/jetty-io-9.3.25.v20180904.jar:/home/user/.m2/repository/org/eclipse/jetty/jetty-webapp/9.3.25.v20180904/jetty-webapp-9.3.25.v20180904.jar:/home/user/.m2/repository/org/eclipse/jetty/jetty-xml/9.3.25.v20180904/jetty-xml-9.3.25.v20180904.jar:/home/user/.m2/repository/log4j/log4j/1.2.17/log4j-1.2.17.jar:/home/user/.m2/repository/org/slf4j/slf4j-api/1.7.25/slf4j-api-1.7.25.jar:/home/user/.m2/repository/org/slf4j/jul-to-slf4j/1.7.25/jul-to-slf4j-1.7.25.jar:/home/user/.m2/repository/org/eclipse/jetty/jetty-util/9.3.25.v20180904/jetty-util-9.3.25.v20180904.jar:/home/user/.m2/repository/com/fasterxml/jackson/core/jackson-databind/2.9.9/jackson-databind-2.9.9.jar:/home/user/.m2/repository/org/apache/hadoop/hadoop-kms/3.2.0/hadoop-kms-3.2.0-tests.jar:/home/user/.m2/repository/org/apache/hadoop/hadoop-hdds-server-scm/0.5.0-SNAPSHOT/hadoop-hdds-server-scm-0.5.0-SNAPSHOT-tests.jar:/home/user/.m2/repository/org/apache/hadoop/hadoop-hdds-container-service/0.5.0-SNAPSHOT/hadoop-hdds-container-service-0.5.0-SNAPSHOT-tests.jar:/home/user/.m2/repository/org/yaml/snakeyaml/1.16/snakeyaml-1.16.jar:/home/user/.m2/repository/org/apache/hadoop/hadoop-common/3.2.0/hadoop-common-3.2.0-tests.jar:/home/user/.m2/repository/org/apache/hadoop/hadoop-annotations/3.2.0/hadoop-annotations-3.2.0.jar:/usr/lib/jvm/java-1.8.0-openjdk-1.8.0.222.b10-1.el7_7.x86_64/jre/../lib/tools.jar:/home/user/.m2/repository/commons-cli/commons-cli/1.2/commons-cli-1.2.jar:/home/user/.m2/repository/org/apache/httpcomponents/httpclient/4.5.2/httpclient-4.5.2.jar:/home/user/.m2/repository/org/apache/httpcomponents/httpcore/4.4.4/httpcore-4.4.4.jar:/home/user/.m2/repository/commons-codec/commons-codec/1.11/commons-codec-1.11.jar:/home/user/.m2/repository/commons-net/commons-net/3.6/commons-net-3.6.jar:/home/user/.m2/repository/commons-collections/commons-collections/3.2.2/commons-collections-3.2.2.jar:/home/user/.m2/repository/org/eclipse/jetty/jetty-servlet/9.3.25.v20180904/jetty-servlet-9.3.25.v20180904.jar:/home/user/.m2/repository/org/eclipse/jetty/jetty-security/9.3.25.v20180904/jetty-security-9.3.25.v20180904.jar:/home/user/.m2/repository/javax/servlet/jsp/jsp-api/2.1/jsp-api-2.1.jar:/home/user/.m2/repository/com/sun/jersey/jersey-servlet/1.19/jersey-servlet-1.19.jar:/home/user/.m2/repository/com/sun/jersey/jersey-json/1.19/jersey-json-1.19.jar:/home/user/.m2/repository/org/codehaus/jettison/jettison/1.1/jettison-1.1.jar:/home/user/.m2/repository/org/codehaus/jackson/jackson-core-asl/1.9.13/jackson-core-asl-1.9.13.jar:/home/user/.m2/repository/org/codehaus/jackson/jackson-mapper-asl/1.9.13/jackson-mapper-asl-1.9.13.jar:/home/user/.m2/repository/org/codehaus/jackson/jackson-jaxrs/1.9.13/jackson-jaxrs-1.9.13.jar:/home/user/.m2/repository/org/codehaus/jackson/jackson-xc/1.9.13/jackson-xc-1.9.13.jar:/home/user/.m2/repository/commons-logging/commons-logging/1.1.3/commons-logging-1.1.3.jar:/home/user/.m2/repository/commons-beanutils/commons-beanutils/1.9.4/commons-beanutils-1.9.4.jar:/home/user/.m2/repository/org/apache/commons/commons-configuration2/2.1.1/commons-configuration2-2.1.1.jar:/home/user/.m2/repository/org/apache/commons/commons-lang3/3.7/commons-lang3-3.7.jar:/home/user/.m2/repository/org/apache/commons/commons-text/1.4/commons-text-1.4.jar:/home/user/.m2/repository/org/apache/avro/avro/1.7.7/avro-1.7.7.jar:/home/user/.m2/repository/com/thoughtworks/paranamer/paranamer/2.3/paranamer-2.3.jar:/home/user/.m2/repository/org/xerial/snappy/snappy-java/1.0.5/snappy-java-1.0.5.jar:/home/user/.m2/repository/com/google/re2j/re2j/1.1/re2j-1.1.jar:/home/user/.m2/repository/com/google/code/gson/gson/2.2.4/gson-2.2.4.jar:/home/user/.m2/repository/com/jcraft/jsch/0.1.54/jsch-0.1.54.jar:/home/user/.m2/repository/org/apache/curator/curator-client/2.12.0/curator-client-2.12.0.jar:/home/user/.m2/repository/org/apache/curator/curator-recipes/2.12.0/curator-recipes-2.12.0.jar:/home/user/.m2/repository/com/google/code/findbugs/jsr305/3.0.0/jsr305-3.0.0.jar:/home/user/.m2/repository/org/apache/htrace/htrace-core4/4.1.0-incubating/htrace-core4-4.1.0-incubating.jar:/home/user/.m2/repository/org/apache/zookeeper/zookeeper/3.4.13/zookeeper-3.4.13.jar:/home/user/.m2/repository/jline/jline/0.9.94/jline-0.9.94.jar:/home/user/.m2/repository/org/apache/yetus/audience-annotations/0.5.0/audience-annotations-0.5.0.jar:/home/user/.m2/repository/org/codehaus/woodstox/stax2-api/3.1.4/stax2-api-3.1.4.jar:/home/user/.m2/repository/com/fasterxml/woodstox/woodstox-core/5.0.3/woodstox-core-5.0.3.jar:/home/user/.m2/repository/dnsjava/dnsjava/2.1.7/dnsjava-2.1.7.jar:/home/user/.m2/repository/org/apache/hadoop/hadoop-hdfs/3.2.0/hadoop-hdfs-3.2.0-tests.jar:/home/user/.m2/repository/org/eclipse/jetty/jetty-util-ajax/9.3.25.v20180904/jetty-util-ajax-9.3.25.v20180904.jar:/home/user/.m2/repository/commons-daemon/commons-daemon/1.0.13/commons-daemon-1.0.13.jar:/home/user/.m2/repository/io/netty/netty/3.10.5.Final/netty-3.10.5.Final.jar:/home/user/.m2/repository/io/netty/netty-all/4.0.52.Final/netty-all-4.0.52.Final.jar:/home/user/.m2/repository/org/fusesource/leveldbjni/leveldbjni-all/1.8/leveldbjni-all-1.8.jar:"/>
    <property name="java.vm.vendor" value="Oracle Corporation"/>
    <property name="sun.arch.data.model" value="64"/>
    <property name="test.build.dir" value="/workdir/hadoop-ozone/integration-test/target/test-dir"/>
    <property name="test.cache.data" value=""/>
    <property name="java.vendor.url" value="http://java.oracle.com/"/>
    <property name="user.timezone" value=""/>
    <property name="java.vm.specification.version" value="1.8"/>
    <property name="os.name" value="Linux"/>
    <property name="test.build.data" value="/workdir/hadoop-ozone/integration-test/target/test-dir"/>
    <property name="user.country" value="US"/>
    <property name="sun.java.launcher" value="SUN_STANDARD"/>
    <property name="sun.boot.library.path" value="/usr/lib/jvm/java-1.8.0-openjdk-1.8.0.222.b10-1.el7_7.x86_64/jre/lib/amd64"/>
    <property name="sun.java.command" value="/workdir/hadoop-ozone/integration-test/target/surefire/surefirebooter3667537997543010350.jar /workdir/hadoop-ozone/integration-test/target/surefire 2019-10-21T04-15-44_361-jvmRun1 surefire5046165650192785751tmp surefire_485154882760957490514tmp"/>
    <property name="surefire.test.class.path" value="/workdir/hadoop-ozone/integration-test/target/test-classes:/workdir/hadoop-ozone/integration-test/target/classes:/home/user/.m2/repository/org/apache/hadoop/hadoop-ozone-common/0.5.0-SNAPSHOT/hadoop-ozone-common-0.5.0-SNAPSHOT.jar:/home/user/.m2/repository/org/apache/commons/commons-compress/1.4.1/commons-compress-1.4.1.jar:/home/user/.m2/repository/org/tukaani/xz/1.0/xz-1.0.jar:/home/user/.m2/repository/org/apache/hadoop/hadoop-common/3.2.0/hadoop-common-3.2.0.jar:/home/user/.m2/repository/org/apache/hadoop/hadoop-hdfs/3.2.0/hadoop-hdfs-3.2.0.jar:/home/user/.m2/repository/org/apache/hadoop/hadoop-hdfs-client/3.2.0/hadoop-hdfs-client-3.2.0.jar:/home/user/.m2/repository/com/fasterxml/jackson/core/jackson-annotations/2.9.9/jackson-annotations-2.9.9.jar:/home/user/.m2/repository/org/apache/hadoop/hadoop-hdds-common/0.5.0-SNAPSHOT/hadoop-hdds-common-0.5.0-SNAPSHOT.jar:/home/user/.m2/repository/javax/annotation/javax.annotation-api/1.2/javax.annotation-api-1.2.jar:/home/user/.m2/repository/org/apache/ratis/ratis-server/0.5.0-ced7dbf-SNAPSHOT/ratis-server-0.5.0-ced7dbf-SNAPSHOT.jar:/home/user/.m2/repository/org/apache/ratis/ratis-thirdparty-misc/0.2.0/ratis-thirdparty-misc-0.2.0.jar:/home/user/.m2/repository/org/apache/ratis/ratis-proto/0.5.0-ced7dbf-SNAPSHOT/ratis-proto-0.5.0-ced7dbf-SNAPSHOT.jar:/home/user/.m2/repository/org/apache/ratis/ratis-common/0.5.0-ced7dbf-SNAPSHOT/ratis-common-0.5.0-ced7dbf-SNAPSHOT.jar:/home/user/.m2/repository/org/apache/ratis/ratis-client/0.5.0-ced7dbf-SNAPSHOT/ratis-client-0.5.0-ced7dbf-SNAPSHOT.jar:/home/user/.m2/repository/org/apache/ratis/ratis-metrics/0.5.0-ced7dbf-SNAPSHOT/ratis-metrics-0.5.0-ced7dbf-SNAPSHOT.jar:/home/user/.m2/repository/org/apache/ratis/ratis-netty/0.5.0-ced7dbf-SNAPSHOT/ratis-netty-0.5.0-ced7dbf-SNAPSHOT.jar:/home/user/.m2/repository/org/apache/ratis/ratis-grpc/0.5.0-ced7dbf-SNAPSHOT/ratis-grpc-0.5.0-ced7dbf-SNAPSHOT.jar:/home/user/.m2/repository/org/rocksdb/rocksdbjni/6.0.1/rocksdbjni-6.0.1.jar:/home/user/.m2/repository/org/apache/logging/log4j/log4j-api/2.11.0/log4j-api-2.11.0.jar:/home/user/.m2/repository/org/apache/logging/log4j/log4j-core/2.11.0/log4j-core-2.11.0.jar:/home/user/.m2/repository/com/lmax/disruptor/3.4.2/disruptor-3.4.2.jar:/home/user/.m2/repository/org/apache/commons/commons-pool2/2.6.0/commons-pool2-2.6.0.jar:/home/user/.m2/repository/org/bouncycastle/bcpkix-jdk15on/1.60/bcpkix-jdk15on-1.60.jar:/home/user/.m2/repository/commons-validator/commons-validator/1.6/commons-validator-1.6.jar:/home/user/.m2/repository/commons-digester/commons-digester/1.8.1/commons-digester-1.8.1.jar:/home/user/.m2/repository/io/jaegertracing/jaeger-client/0.34.0/jaeger-client-0.34.0.jar:/home/user/.m2/repository/io/jaegertracing/jaeger-thrift/0.34.0/jaeger-thrift-0.34.0.jar:/home/user/.m2/repository/org/apache/thrift/libthrift/0.12.0/libthrift-0.12.0.jar:/home/user/.m2/repository/com/squareup/okhttp3/okhttp/3.9.0/okhttp-3.9.0.jar:/home/user/.m2/repository/com/squareup/okio/okio/1.13.0/okio-1.13.0.jar:/home/user/.m2/repository/io/jaegertracing/jaeger-core/0.34.0/jaeger-core-0.34.0.jar:/home/user/.m2/repository/io/jaegertracing/jaeger-tracerresolver/0.34.0/jaeger-tracerresolver-0.34.0.jar:/home/user/.m2/repository/io/opentracing/contrib/opentracing-tracerresolver/0.1.5/opentracing-tracerresolver-0.1.5.jar:/home/user/.m2/repository/io/opentracing/opentracing-util/0.31.0/opentracing-util-0.31.0.jar:/home/user/.m2/repository/io/opentracing/opentracing-api/0.31.0/opentracing-api-0.31.0.jar:/home/user/.m2/repository/io/opentracing/opentracing-noop/0.31.0/opentracing-noop-0.31.0.jar:/home/user/.m2/repository/org/apache/hadoop/hadoop-hdds-server-framework/0.5.0-SNAPSHOT/hadoop-hdds-server-framework-0.5.0-SNAPSHOT.jar:/home/user/.m2/repository/org/apache/hadoop/hadoop-hdds-container-service/0.5.0-SNAPSHOT/hadoop-hdds-container-service-0.5.0-SNAPSHOT.jar:/home/user/.m2/repository/org/apache/hadoop/hadoop-hdds-client/0.5.0-SNAPSHOT/hadoop-hdds-client-0.5.0-SNAPSHOT.jar:/home/user/.m2/repository/org/apache/hadoop/hadoop-hdds-tools/0.5.0-SNAPSHOT/hadoop-hdds-tools-0.5.0-SNAPSHOT.jar:/home/user/.m2/repository/org/apache/hadoop/hadoop-hdds-server-scm/0.5.0-SNAPSHOT/hadoop-hdds-server-scm-0.5.0-SNAPSHOT.jar:/home/user/.m2/repository/org/apache/hadoop/hadoop-hdds-docs/0.5.0-SNAPSHOT/hadoop-hdds-docs-0.5.0-SNAPSHOT.jar:/home/user/.m2/repository/io/dropwizard/metrics/metrics-core/3.2.4/metrics-core-3.2.4.jar:/home/user/.m2/repository/org/hamcrest/hamcrest-all/1.3/hamcrest-all-1.3.jar:/home/user/.m2/repository/org/bouncycastle/bcprov-jdk15on/1.60/bcprov-jdk15on-1.60.jar:/home/user/.m2/repository/info/picocli/picocli/3.9.6/picocli-3.9.6.jar:/home/user/.m2/repository/com/google/protobuf/protobuf-java/2.5.0/protobuf-java-2.5.0.jar:/home/user/.m2/repository/com/google/guava/guava/11.0.2/guava-11.0.2.jar:/home/user/.m2/repository/org/apache/hadoop/hadoop-ozone-ozone-manager/0.5.0-SNAPSHOT/hadoop-ozone-ozone-manager-0.5.0-SNAPSHOT.jar:/home/user/.m2/repository/org/apache/hadoop/hadoop-minikdc/3.2.0/hadoop-minikdc-3.2.0.jar:/home/user/.m2/repository/commons-io/commons-io/2.5/commons-io-2.5.jar:/home/user/.m2/repository/org/apache/kerby/kerb-simplekdc/1.0.1/kerb-simplekdc-1.0.1.jar:/home/user/.m2/repository/org/apache/kerby/kerb-client/1.0.1/kerb-client-1.0.1.jar:/home/user/.m2/repository/org/apache/kerby/kerby-config/1.0.1/kerby-config-1.0.1.jar:/home/user/.m2/repository/org/apache/kerby/kerb-core/1.0.1/kerb-core-1.0.1.jar:/home/user/.m2/repository/org/apache/kerby/kerby-pkix/1.0.1/kerby-pkix-1.0.1.jar:/home/user/.m2/repository/org/apache/kerby/kerby-asn1/1.0.1/kerby-asn1-1.0.1.jar:/home/user/.m2/repository/org/apache/kerby/kerby-util/1.0.1/kerby-util-1.0.1.jar:/home/user/.m2/repository/org/apache/kerby/kerb-common/1.0.1/kerb-common-1.0.1.jar:/home/user/.m2/repository/org/apache/kerby/kerb-crypto/1.0.1/kerb-crypto-1.0.1.jar:/home/user/.m2/repository/org/apache/kerby/kerb-util/1.0.1/kerb-util-1.0.1.jar:/home/user/.m2/repository/org/apache/kerby/token-provider/1.0.1/token-provider-1.0.1.jar:/home/user/.m2/repository/org/apache/kerby/kerb-admin/1.0.1/kerb-admin-1.0.1.jar:/home/user/.m2/repository/org/apache/kerby/kerb-server/1.0.1/kerb-server-1.0.1.jar:/home/user/.m2/repository/org/apache/kerby/kerb-identity/1.0.1/kerb-identity-1.0.1.jar:/home/user/.m2/repository/org/apache/kerby/kerby-xdr/1.0.1/kerby-xdr-1.0.1.jar:/home/user/.m2/repository/org/slf4j/slf4j-log4j12/1.7.25/slf4j-log4j12-1.7.25.jar:/home/user/.m2/repository/org/apache/hadoop/hadoop-ozone-s3gateway/0.5.0-SNAPSHOT/hadoop-ozone-s3gateway-0.5.0-SNAPSHOT.jar:/home/user/.m2/repository/org/jboss/weld/servlet/weld-servlet/2.4.7.Final/weld-servlet-2.4.7.Final.jar:/home/user/.m2/repository/org/glassfish/jersey/containers/jersey-container-servlet-core/2.27/jersey-container-servlet-core-2.27.jar:/home/user/.m2/repository/org/glassfish/hk2/external/javax.inject/2.5.0-b42/javax.inject-2.5.0-b42.jar:/home/user/.m2/repository/org/glassfish/jersey/core/jersey-common/2.27/jersey-common-2.27.jar:/home/user/.m2/repository/org/glassfish/hk2/osgi-resource-locator/1.0.1/osgi-resource-locator-1.0.1.jar:/home/user/.m2/repository/javax/ws/rs/javax.ws.rs-api/2.1/javax.ws.rs-api-2.1.jar:/home/user/.m2/repository/org/glassfish/jersey/ext/cdi/jersey-cdi1x/2.27/jersey-cdi1x-2.27.jar:/home/user/.m2/repository/org/glassfish/jersey/inject/jersey-hk2/2.27/jersey-hk2-2.27.jar:/home/user/.m2/repository/org/glassfish/hk2/hk2-locator/2.5.0-b42/hk2-locator-2.5.0-b42.jar:/home/user/.m2/repository/org/javassist/javassist/3.22.0-CR2/javassist-3.22.0-CR2.jar:/home/user/.m2/repository/org/glassfish/hk2/hk2-api/2.5.0/hk2-api-2.5.0.jar:/home/user/.m2/repository/org/glassfish/hk2/external/jakarta.inject/2.5.0/jakarta.inject-2.5.0.jar:/home/user/.m2/repository/org/glassfish/hk2/hk2-utils/2.5.0/hk2-utils-2.5.0.jar:/home/user/.m2/repository/jakarta/annotation/jakarta.annotation-api/1.3.4/jakarta.annotation-api-1.3.4.jar:/home/user/.m2/repository/org/glassfish/hk2/external/aopalliance-repackaged/2.5.0/aopalliance-repackaged-2.5.0.jar:/home/user/.m2/repository/com/fasterxml/jackson/dataformat/jackson-dataformat-xml/2.9.0/jackson-dataformat-xml-2.9.0.jar:/home/user/.m2/repository/com/fasterxml/jackson/core/jackson-core/2.9.9/jackson-core-2.9.9.jar:/home/user/.m2/repository/com/fasterxml/jackson/module/jackson-module-jaxb-annotations/2.9.9/jackson-module-jaxb-annotations-2.9.9.jar:/home/user/.m2/repository/javax/enterprise/cdi-api/1.2/cdi-api-1.2.jar:/home/user/.m2/repository/javax/el/javax.el-api/3.0.0/javax.el-api-3.0.0.jar:/home/user/.m2/repository/javax/interceptor/javax.interceptor-api/1.2/javax.interceptor-api-1.2.jar:/home/user/.m2/repository/javax/inject/javax.inject/1/javax.inject-1.jar:/home/user/.m2/repository/com/sun/xml/bind/jaxb-impl/2.3.0.1/jaxb-impl-2.3.0.1.jar:/home/user/.m2/repository/com/sun/xml/bind/jaxb-core/2.3.0.1/jaxb-core-2.3.0.1.jar:/home/user/.m2/repository/javax/xml/bind/jaxb-api/2.3.0/jaxb-api-2.3.0.jar:/home/user/.m2/repository/javax/activation/activation/1.1.1/activation-1.1.1.jar:/home/user/.m2/repository/org/apache/hadoop/hadoop-ozone-csi/0.5.0-SNAPSHOT/hadoop-ozone-csi-0.5.0-SNAPSHOT.jar:/home/user/.m2/repository/com/google/protobuf/protobuf-java-util/3.5.1/protobuf-java-util-3.5.1.jar:/home/user/.m2/repository/org/apache/hadoop/hadoop-hdds-config/0.5.0-SNAPSHOT/hadoop-hdds-config-0.5.0-SNAPSHOT.jar:/home/user/.m2/repository/io/grpc/grpc-netty/1.17.1/grpc-netty-1.17.1.jar:/home/user/.m2/repository/io/grpc/grpc-core/1.17.1/grpc-core-1.17.1.jar:/home/user/.m2/repository/io/grpc/grpc-context/1.17.1/grpc-context-1.17.1.jar:/home/user/.m2/repository/com/google/errorprone/error_prone_annotations/2.2.0/error_prone_annotations-2.2.0.jar:/home/user/.m2/repository/org/codehaus/mojo/animal-sniffer-annotations/1.17/animal-sniffer-annotations-1.17.jar:/home/user/.m2/repository/io/opencensus/opencensus-api/0.17.0/opencensus-api-0.17.0.jar:/home/user/.m2/repository/io/opencensus/opencensus-contrib-grpc-metrics/0.17.0/opencensus-contrib-grpc-metrics-0.17.0.jar:/home/user/.m2/repository/io/netty/netty-codec-http2/4.1.30.Final/netty-codec-http2-4.1.30.Final.jar:/home/user/.m2/repository/io/netty/netty-codec-http/4.1.30.Final/netty-codec-http-4.1.30.Final.jar:/home/user/.m2/repository/io/netty/netty-codec/4.1.30.Final/netty-codec-4.1.30.Final.jar:/home/user/.m2/repository/io/netty/netty-handler/4.1.30.Final/netty-handler-4.1.30.Final.jar:/home/user/.m2/repository/io/netty/netty-handler-proxy/4.1.30.Final/netty-handler-proxy-4.1.30.Final.jar:/home/user/.m2/repository/io/netty/netty-codec-socks/4.1.30.Final/netty-codec-socks-4.1.30.Final.jar:/home/user/.m2/repository/io/netty/netty-transport-native-epoll/4.1.30.Final/netty-transport-native-epoll-4.1.30.Final.jar:/home/user/.m2/repository/io/netty/netty-common/4.1.30.Final/netty-common-4.1.30.Final.jar:/home/user/.m2/repository/io/netty/netty-buffer/4.1.30.Final/netty-buffer-4.1.30.Final.jar:/home/user/.m2/repository/io/netty/netty-transport/4.1.30.Final/netty-transport-4.1.30.Final.jar:/home/user/.m2/repository/io/netty/netty-resolver/4.1.30.Final/netty-resolver-4.1.30.Final.jar:/home/user/.m2/repository/io/netty/netty-transport-native-unix-common/4.1.30.Final/netty-transport-native-unix-common-4.1.30.Final.jar:/home/user/.m2/repository/io/grpc/grpc-protobuf/1.17.1/grpc-protobuf-1.17.1.jar:/home/user/.m2/repository/com/google/api/grpc/proto-google-common-protos/1.0.0/proto-google-common-protos-1.0.0.jar:/home/user/.m2/repository/io/grpc/grpc-protobuf-lite/1.17.1/grpc-protobuf-lite-1.17.1.jar:/home/user/.m2/repository/io/grpc/grpc-stub/1.17.1/grpc-stub-1.17.1.jar:/home/user/.m2/repository/org/apache/hadoop/hadoop-ozone-recon/0.5.0-SNAPSHOT/hadoop-ozone-recon-0.5.0-SNAPSHOT.jar:/home/user/.m2/repository/org/apache/hadoop/hadoop-ozone-reconcodegen/0.5.0-SNAPSHOT/hadoop-ozone-reconcodegen-0.5.0-SNAPSHOT.jar:/home/user/.m2/repository/com/google/inject/extensions/guice-multibindings/4.0/guice-multibindings-4.0.jar:/home/user/.m2/repository/com/google/inject/guice/4.0/guice-4.0.jar:/home/user/.m2/repository/aopalliance/aopalliance/1.0/aopalliance-1.0.jar:/home/user/.m2/repository/com/google/inject/extensions/guice-servlet/4.0/guice-servlet-4.0.jar:/home/user/.m2/repository/org/glassfish/jersey/containers/jersey-container-servlet/2.27/jersey-container-servlet-2.27.jar:/home/user/.m2/repository/org/glassfish/hk2/guice-bridge/2.5.0/guice-bridge-2.5.0.jar:/home/user/.m2/repository/org/glassfish/jersey/core/jersey-server/2.27/jersey-server-2.27.jar:/home/user/.m2/repository/org/glassfish/jersey/core/jersey-client/2.27/jersey-client-2.27.jar:/home/user/.m2/repository/org/glassfish/jersey/media/jersey-media-jaxb/2.27/jersey-media-jaxb-2.27.jar:/home/user/.m2/repository/javax/validation/validation-api/1.1.0.Final/validation-api-1.1.0.Final.jar:/home/user/.m2/repository/org/glassfish/jersey/media/jersey-media-json-jackson/2.27/jersey-media-json-jackson-2.27.jar:/home/user/.m2/repository/org/glassfish/jersey/ext/jersey-entity-filtering/2.27/jersey-entity-filtering-2.27.jar:/home/user/.m2/repository/com/google/inject/extensions/guice-assistedinject/4.0/guice-assistedinject-4.0.jar:/home/user/.m2/repository/org/jooq/jooq/3.11.10/jooq-3.11.10.jar:/home/user/.m2/repository/org/jooq/jooq-meta/3.11.10/jooq-meta-3.11.10.jar:/home/user/.m2/repository/org/jooq/jooq-codegen/3.11.10/jooq-codegen-3.11.10.jar:/home/user/.m2/repository/com/jolbox/bonecp/0.8.0.RELEASE/bonecp-0.8.0.RELEASE.jar:/home/user/.m2/repository/org/xerial/sqlite-jdbc/3.25.2/sqlite-jdbc-3.25.2.jar:/home/user/.m2/repository/org/springframework/spring-jdbc/5.1.3.RELEASE/spring-jdbc-5.1.3.RELEASE.jar:/home/user/.m2/repository/org/springframework/spring-beans/5.1.3.RELEASE/spring-beans-5.1.3.RELEASE.jar:/home/user/.m2/repository/org/springframework/spring-core/5.1.3.RELEASE/spring-core-5.1.3.RELEASE.jar:/home/user/.m2/repository/org/springframework/spring-jcl/5.1.3.RELEASE/spring-jcl-5.1.3.RELEASE.jar:/home/user/.m2/repository/org/springframework/spring-tx/5.1.3.RELEASE/spring-tx-5.1.3.RELEASE.jar:/home/user/.m2/repository/org/apache/hadoop/hadoop-ozone-client/0.5.0-SNAPSHOT/hadoop-ozone-client-0.5.0-SNAPSHOT.jar:/home/user/.m2/repository/commons-lang/commons-lang/2.6/commons-lang-2.6.jar:/home/user/.m2/repository/org/apache/hadoop/hadoop-ozone-ozone-manager/0.5.0-SNAPSHOT/hadoop-ozone-ozone-manager-0.5.0-SNAPSHOT-tests.jar:/home/user/.m2/repository/junit/junit/4.11/junit-4.11.jar:/home/user/.m2/repository/org/hamcrest/hamcrest-core/1.3/hamcrest-core-1.3.jar:/home/user/.m2/repository/org/openjdk/jmh/jmh-core/1.19/jmh-core-1.19.jar:/home/user/.m2/repository/net/sf/jopt-simple/jopt-simple/4.6/jopt-simple-4.6.jar:/home/user/.m2/repository/org/apache/commons/commons-math3/3.1.1/commons-math3-3.1.1.jar:/home/user/.m2/repository/org/openjdk/jmh/jmh-generator-annprocess/1.19/jmh-generator-annprocess-1.19.jar:/home/user/.m2/repository/org/mockito/mockito-all/1.8.5/mockito-all-1.8.5.jar:/home/user/.m2/repository/org/apache/hadoop/hadoop-kms/3.2.0/hadoop-kms-3.2.0.jar:/home/user/.m2/repository/org/apache/hadoop/hadoop-auth/3.2.0/hadoop-auth-3.2.0.jar:/home/user/.m2/repository/com/nimbusds/nimbus-jose-jwt/4.41.1/nimbus-jose-jwt-4.41.1.jar:/home/user/.m2/repository/com/github/stephenc/jcip/jcip-annotations/1.0-1/jcip-annotations-1.0-1.jar:/home/user/.m2/repository/net/minidev/json-smart/2.3/json-smart-2.3.jar:/home/user/.m2/repository/net/minidev/accessors-smart/1.2/accessors-smart-1.2.jar:/home/user/.m2/repository/org/ow2/asm/asm/5.0.4/asm-5.0.4.jar:/home/user/.m2/repository/org/apache/curator/curator-framework/2.12.0/curator-framework-2.12.0.jar:/home/user/.m2/repository/com/sun/jersey/jersey-core/1.19/jersey-core-1.19.jar:/home/user/.m2/repository/javax/ws/rs/jsr311-api/1.1.1/jsr311-api-1.1.1.jar:/home/user/.m2/repository/com/sun/jersey/jersey-server/1.19/jersey-server-1.19.jar:/home/user/.m2/repository/javax/servlet/javax.servlet-api/3.1.0/javax.servlet-api-3.1.0.jar:/home/user/.m2/repository/org/eclipse/jetty/jetty-server/9.3.25.v20180904/jetty-server-9.3.25.v20180904.jar:/home/user/.m2/repository/org/eclipse/jetty/jetty-http/9.3.25.v20180904/jetty-http-9.3.25.v20180904.jar:/home/user/.m2/repository/org/eclipse/jetty/jetty-io/9.3.25.v20180904/jetty-io-9.3.25.v20180904.jar:/home/user/.m2/repository/org/eclipse/jetty/jetty-webapp/9.3.25.v20180904/jetty-webapp-9.3.25.v20180904.jar:/home/user/.m2/repository/org/eclipse/jetty/jetty-xml/9.3.25.v20180904/jetty-xml-9.3.25.v20180904.jar:/home/user/.m2/repository/log4j/log4j/1.2.17/log4j-1.2.17.jar:/home/user/.m2/repository/org/slf4j/slf4j-api/1.7.25/slf4j-api-1.7.25.jar:/home/user/.m2/repository/org/slf4j/jul-to-slf4j/1.7.25/jul-to-slf4j-1.7.25.jar:/home/user/.m2/repository/org/eclipse/jetty/jetty-util/9.3.25.v20180904/jetty-util-9.3.25.v20180904.jar:/home/user/.m2/repository/com/fasterxml/jackson/core/jackson-databind/2.9.9/jackson-databind-2.9.9.jar:/home/user/.m2/repository/org/apache/hadoop/hadoop-kms/3.2.0/hadoop-kms-3.2.0-tests.jar:/home/user/.m2/repository/org/apache/hadoop/hadoop-hdds-server-scm/0.5.0-SNAPSHOT/hadoop-hdds-server-scm-0.5.0-SNAPSHOT-tests.jar:/home/user/.m2/repository/org/apache/hadoop/hadoop-hdds-container-service/0.5.0-SNAPSHOT/hadoop-hdds-container-service-0.5.0-SNAPSHOT-tests.jar:/home/user/.m2/repository/org/yaml/snakeyaml/1.16/snakeyaml-1.16.jar:/home/user/.m2/repository/org/apache/hadoop/hadoop-common/3.2.0/hadoop-common-3.2.0-tests.jar:/home/user/.m2/repository/org/apache/hadoop/hadoop-annotations/3.2.0/hadoop-annotations-3.2.0.jar:/usr/lib/jvm/java-1.8.0-openjdk-1.8.0.222.b10-1.el7_7.x86_64/jre/../lib/tools.jar:/home/user/.m2/repository/commons-cli/commons-cli/1.2/commons-cli-1.2.jar:/home/user/.m2/repository/org/apache/httpcomponents/httpclient/4.5.2/httpclient-4.5.2.jar:/home/user/.m2/repository/org/apache/httpcomponents/httpcore/4.4.4/httpcore-4.4.4.jar:/home/user/.m2/repository/commons-codec/commons-codec/1.11/commons-codec-1.11.jar:/home/user/.m2/repository/commons-net/commons-net/3.6/commons-net-3.6.jar:/home/user/.m2/repository/commons-collections/commons-collections/3.2.2/commons-collections-3.2.2.jar:/home/user/.m2/repository/org/eclipse/jetty/jetty-servlet/9.3.25.v20180904/jetty-servlet-9.3.25.v20180904.jar:/home/user/.m2/repository/org/eclipse/jetty/jetty-security/9.3.25.v20180904/jetty-security-9.3.25.v20180904.jar:/home/user/.m2/repository/javax/servlet/jsp/jsp-api/2.1/jsp-api-2.1.jar:/home/user/.m2/repository/com/sun/jersey/jersey-servlet/1.19/jersey-servlet-1.19.jar:/home/user/.m2/repository/com/sun/jersey/jersey-json/1.19/jersey-json-1.19.jar:/home/user/.m2/repository/org/codehaus/jettison/jettison/1.1/jettison-1.1.jar:/home/user/.m2/repository/org/codehaus/jackson/jackson-core-asl/1.9.13/jackson-core-asl-1.9.13.jar:/home/user/.m2/repository/org/codehaus/jackson/jackson-mapper-asl/1.9.13/jackson-mapper-asl-1.9.13.jar:/home/user/.m2/repository/org/codehaus/jackson/jackson-jaxrs/1.9.13/jackson-jaxrs-1.9.13.jar:/home/user/.m2/repository/org/codehaus/jackson/jackson-xc/1.9.13/jackson-xc-1.9.13.jar:/home/user/.m2/repository/commons-logging/commons-logging/1.1.3/commons-logging-1.1.3.jar:/home/user/.m2/repository/commons-beanutils/commons-beanutils/1.9.4/commons-beanutils-1.9.4.jar:/home/user/.m2/repository/org/apache/commons/commons-configuration2/2.1.1/commons-configuration2-2.1.1.jar:/home/user/.m2/repository/org/apache/commons/commons-lang3/3.7/commons-lang3-3.7.jar:/home/user/.m2/repository/org/apache/commons/commons-text/1.4/commons-text-1.4.jar:/home/user/.m2/repository/org/apache/avro/avro/1.7.7/avro-1.7.7.jar:/home/user/.m2/repository/com/thoughtworks/paranamer/paranamer/2.3/paranamer-2.3.jar:/home/user/.m2/repository/org/xerial/snappy/snappy-java/1.0.5/snappy-java-1.0.5.jar:/home/user/.m2/repository/com/google/re2j/re2j/1.1/re2j-1.1.jar:/home/user/.m2/repository/com/google/code/gson/gson/2.2.4/gson-2.2.4.jar:/home/user/.m2/repository/com/jcraft/jsch/0.1.54/jsch-0.1.54.jar:/home/user/.m2/repository/org/apache/curator/curator-client/2.12.0/curator-client-2.12.0.jar:/home/user/.m2/repository/org/apache/curator/curator-recipes/2.12.0/curator-recipes-2.12.0.jar:/home/user/.m2/repository/com/google/code/findbugs/jsr305/3.0.0/jsr305-3.0.0.jar:/home/user/.m2/repository/org/apache/htrace/htrace-core4/4.1.0-incubating/htrace-core4-4.1.0-incubating.jar:/home/user/.m2/repository/org/apache/zookeeper/zookeeper/3.4.13/zookeeper-3.4.13.jar:/home/user/.m2/repository/jline/jline/0.9.94/jline-0.9.94.jar:/home/user/.m2/repository/org/apache/yetus/audience-annotations/0.5.0/audience-annotations-0.5.0.jar:/home/user/.m2/repository/org/codehaus/woodstox/stax2-api/3.1.4/stax2-api-3.1.4.jar:/home/user/.m2/repository/com/fasterxml/woodstox/woodstox-core/5.0.3/woodstox-core-5.0.3.jar:/home/user/.m2/repository/dnsjava/dnsjava/2.1.7/dnsjava-2.1.7.jar:/home/user/.m2/repository/org/apache/hadoop/hadoop-hdfs/3.2.0/hadoop-hdfs-3.2.0-tests.jar:/home/user/.m2/repository/org/eclipse/jetty/jetty-util-ajax/9.3.25.v20180904/jetty-util-ajax-9.3.25.v20180904.jar:/home/user/.m2/repository/commons-daemon/commons-daemon/1.0.13/commons-daemon-1.0.13.jar:/home/user/.m2/repository/io/netty/netty/3.10.5.Final/netty-3.10.5.Final.jar:/home/user/.m2/repository/io/netty/netty-all/4.0.52.Final/netty-all-4.0.52.Final.jar:/home/user/.m2/repository/org/fusesource/leveldbjni/leveldbjni-all/1.8/leveldbjni-all-1.8.jar:"/>
    <property name="sun.cpu.endian" value="little"/>
    <property name="user.home" value="/home/user"/>
    <property name="user.language" value="en"/>
    <property name="java.specification.vendor" value="Oracle Corporation"/>
    <property name="java.home" value="/usr/lib/jvm/java-1.8.0-openjdk-1.8.0.222.b10-1.el7_7.x86_64/jre"/>
    <property name="surefire.excludesFile" value="/tools/ozone-bad-unit-tests"/>
    <property name="java.security.krb5.conf" value="/workdir/hadoop-ozone/integration-test/target/test-classes/krb5.conf"/>
    <property name="basedir" value="/workdir/hadoop-ozone/integration-test"/>
    <property name="file.separator" value="/"/>
    <property name="line.separator" value="&#10;"/>
    <property name="java.vm.specification.vendor" value="Oracle Corporation"/>
    <property name="java.specification.name" value="Java Platform API Specification"/>
    <property name="java.awt.graphicsenv" value="sun.awt.X11GraphicsEnvironment"/>
    <property name="surefire.real.class.path" value="/workdir/hadoop-ozone/integration-test/target/surefire/surefirebooter3667537997543010350.jar"/>
    <property name="hadoop.log.dir" value="/workdir/hadoop-ozone/integration-test/target/log"/>
    <property name="sun.boot.class.path" value="/usr/lib/jvm/java-1.8.0-openjdk-1.8.0.222.b10-1.el7_7.x86_64/jre/lib/resources.jar:/usr/lib/jvm/java-1.8.0-openjdk-1.8.0.222.b10-1.el7_7.x86_64/jre/lib/rt.jar:/usr/lib/jvm/java-1.8.0-openjdk-1.8.0.222.b10-1.el7_7.x86_64/jre/lib/sunrsasign.jar:/usr/lib/jvm/java-1.8.0-openjdk-1.8.0.222.b10-1.el7_7.x86_64/jre/lib/jsse.jar:/usr/lib/jvm/java-1.8.0-openjdk-1.8.0.222.b10-1.el7_7.x86_64/jre/lib/jce.jar:/usr/lib/jvm/java-1.8.0-openjdk-1.8.0.222.b10-1.el7_7.x86_64/jre/lib/charsets.jar:/usr/lib/jvm/java-1.8.0-openjdk-1.8.0.222.b10-1.el7_7.x86_64/jre/lib/jfr.jar:/usr/lib/jvm/java-1.8.0-openjdk-1.8.0.222.b10-1.el7_7.x86_64/jre/classes"/>
    <property name="sun.management.compiler" value="HotSpot 64-Bit Tiered Compilers"/>
    <property name="java.runtime.version" value="1.8.0_222-b10"/>
    <property name="java.net.preferIPv4Stack" value="true"/>
    <property name="user.name" value="jenkins1000"/>
    <property name="path.separator" value=":"/>
    <property name="java.security.egd" value="file:///dev/urandom"/>
    <property name="os.version" value="3.10.0-957.12.2.el7.x86_64"/>
    <property name="java.endorsed.dirs" value="/usr/lib/jvm/java-1.8.0-openjdk-1.8.0.222.b10-1.el7_7.x86_64/jre/lib/endorsed"/>
    <property name="java.runtime.name" value="OpenJDK Runtime Environment"/>
    <property name="file.encoding" value="ANSI_X3.4-1968"/>
    <property name="java.vm.name" value="OpenJDK 64-Bit Server VM"/>
    <property name="test.build.webapps" value=""/>
    <property name="localRepository" value="/home/user/.m2/repository"/>
    <property name="java.vendor.url.bug" value="http://bugreport.sun.com/bugreport/"/>
    <property name="java.io.tmpdir" value="/tmp"/>
    <property name="require.test.libhadoop" value=""/>
    <property name="java.version" value="1.8.0_222"/>
    <property name="user.dir" value="/workdir/hadoop-ozone/integration-test"/>
    <property name="os.arch" value="amd64"/>
    <property name="java.vm.specification.name" value="Java Virtual Machine Specification"/>
    <property name="test.build.classes" value="/workdir/hadoop-ozone/integration-test/target/test-classes"/>
    <property name="java.awt.printerjob" value="sun.print.PSPrinterJob"/>
    <property name="sun.os.patch.level" value="unknown"/>
    <property name="hadoop.tmp.dir" value="/workdir/hadoop-ozone/integration-test/target/tmp"/>
    <property name="java.library.path" value="/usr/lib:/workdir/hadoop-ozone/integration-test/target/native/target/usr/local/lib:/workdir/hadoop-ozone/integration-test/../../hadoop-common-project/hadoop-common/target/native/target/usr/local/lib:/usr/java/packages/lib/amd64:/usr/lib64:/lib64:/lib:/usr/lib"/>
    <property name="java.vm.info" value="mixed mode"/>
    <property name="java.vendor" value="Oracle Corporation"/>
    <property name="java.vm.version" value="25.222-b10"/>
    <property name="java.ext.dirs" value="/usr/lib/jvm/java-1.8.0-openjdk-1.8.0.222.b10-1.el7_7.x86_64/jre/lib/ext:/usr/java/packages/lib/ext"/>
    <property name="sun.io.unicode.encoding" value="UnicodeLittle"/>
    <property name="java.class.version" value="52.0"/>
  </properties>
  <testcase name="testDeleteKeyWithSlowFollower" classname="org.apache.hadoop.ozone.client.rpc.TestDeleteWithSlowFollower" time="117.333">
    <failure type="java.lang.AssertionError">java.lang.AssertionError
	at org.junit.Assert.fail(Assert.java:86)
	at org.junit.Assert.assertTrue(Assert.java:41)
	at org.junit.Assert.assertTrue(Assert.java:52)
	at org.apache.hadoop.ozone.client.rpc.TestDeleteWithSlowFollower.testDeleteKeyWithSlowFollower(TestDeleteWithSlowFollower.java:265)
	at sun.reflect.NativeMethodAccessorImpl.invoke0(Native Method)
	at sun.reflect.NativeMethodAccessorImpl.invoke(NativeMethodAccessorImpl.java:62)
	at sun.reflect.DelegatingMethodAccessorImpl.invoke(DelegatingMethodAccessorImpl.java:43)
	at java.lang.reflect.Method.invoke(Method.java:498)
	at org.junit.runners.model.FrameworkMethod$1.runReflectiveCall(FrameworkMethod.java:47)
	at org.junit.internal.runners.model.ReflectiveCallable.run(ReflectiveCallable.java:12)
	at org.junit.runners.model.FrameworkMethod.invokeExplosively(FrameworkMethod.java:44)
	at org.junit.internal.runners.statements.InvokeMethod.evaluate(InvokeMethod.java:17)
	at org.junit.runners.ParentRunner.runLeaf(ParentRunner.java:271)
	at org.junit.runners.BlockJUnit4ClassRunner.runChild(BlockJUnit4ClassRunner.java:70)
	at org.junit.runners.BlockJUnit4ClassRunner.runChild(BlockJUnit4ClassRunner.java:50)
	at org.junit.runners.ParentRunner$3.run(ParentRunner.java:238)
	at org.junit.runners.ParentRunner$1.schedule(ParentRunner.java:63)
	at org.junit.runners.ParentRunner.runChildren(ParentRunner.java:236)
	at org.junit.runners.ParentRunner.access$000(ParentRunner.java:53)
	at org.junit.runners.ParentRunner$2.evaluate(ParentRunner.java:229)
	at org.junit.internal.runners.statements.RunBefores.evaluate(RunBefores.java:26)
	at org.junit.internal.runners.statements.RunAfters.evaluate(RunAfters.java:27)
	at org.junit.runners.ParentRunner.run(ParentRunner.java:309)
	at org.apache.maven.surefire.junit4.JUnit4Provider.execute(JUnit4Provider.java:365)
	at org.apache.maven.surefire.junit4.JUnit4Provider.executeWithRerun(JUnit4Provider.java:273)
	at org.apache.maven.surefire.junit4.JUnit4Provider.executeTestSet(JUnit4Provider.java:238)
	at org.apache.maven.surefire.junit4.JUnit4Provider.invoke(JUnit4Provider.java:159)
	at org.apache.maven.surefire.booter.ForkedBooter.invokeProviderInSameClassLoader(ForkedBooter.java:384)
	at org.apache.maven.surefire.booter.ForkedBooter.runSuitesInProcess(ForkedBooter.java:345)
	at org.apache.maven.surefire.booter.ForkedBooter.execute(ForkedBooter.java:126)
	at org.apache.maven.surefire.booter.ForkedBooter.main(ForkedBooter.java:418)
</failure>
    <system-out><![CDATA[2019-10-21 05:28:43,563 [main] WARN  server.ServerUtils (ServerUtils.java:getScmDbDir(145)) - ozone.scm.db.dirs is not configured. We recommend adding this setting. Falling back to ozone.metadata.dirs instead.
2019-10-21 05:28:43,668 [main] WARN  server.ServerUtils (ServerUtils.java:getScmDbDir(145)) - ozone.scm.db.dirs is not configured. We recommend adding this setting. Falling back to ozone.metadata.dirs instead.
2019-10-21 05:28:43,671 [main] WARN  server.ServerUtils (ServerUtils.java:getScmDbDir(145)) - ozone.scm.db.dirs is not configured. We recommend adding this setting. Falling back to ozone.metadata.dirs instead.
2019-10-21 05:28:43,695 [main] INFO  util.log (Log.java:initialized(192)) - Logging initialized @810ms
2019-10-21 05:28:43,803 [main] INFO  db.DBStoreBuilder (DBStoreBuilder.java:addTable(117)) - using custom profile for table: deletedBlocks
2019-10-21 05:28:43,803 [main] INFO  db.DBStoreBuilder (DBStoreBuilder.java:processTables(168)) - Using default column profile:DBProfile.DISK for Table:deletedBlocks
2019-10-21 05:28:43,803 [main] INFO  db.DBStoreBuilder (DBStoreBuilder.java:addTable(117)) - using custom profile for table: validCerts
2019-10-21 05:28:43,804 [main] INFO  db.DBStoreBuilder (DBStoreBuilder.java:processTables(168)) - Using default column profile:DBProfile.DISK for Table:validCerts
2019-10-21 05:28:43,804 [main] INFO  db.DBStoreBuilder (DBStoreBuilder.java:addTable(117)) - using custom profile for table: revokedCerts
2019-10-21 05:28:43,804 [main] INFO  db.DBStoreBuilder (DBStoreBuilder.java:processTables(168)) - Using default column profile:DBProfile.DISK for Table:revokedCerts
2019-10-21 05:28:43,815 [main] INFO  db.DBStoreBuilder (DBStoreBuilder.java:addTable(117)) - using custom profile for table: default
2019-10-21 05:28:43,815 [main] INFO  db.DBStoreBuilder (DBStoreBuilder.java:processTables(174)) - Using default column profile:DBProfile.DISK for Table:default
2019-10-21 05:28:43,817 [main] INFO  db.DBStoreBuilder (DBStoreBuilder.java:getDbProfile(205)) - Using default options. DBProfile.DISK
2019-10-21 05:28:44,094 [main] INFO  net.NodeSchemaLoader (NodeSchemaLoader.java:loadSchemaFromFile(125)) - Loading file from sun.misc.CompoundEnumeration@78691363
2019-10-21 05:28:44,095 [main] INFO  net.NodeSchemaLoader (NodeSchemaLoader.java:loadSchema(171)) - Loading network topology layer schema file
2019-10-21 05:28:44,152 [main] WARN  server.ServerUtils (ServerUtils.java:sanitizeUserArgs(70)) - ozone.scm.stale.node.interval value = 1000000 is larger than max = 100000 based on the key value of ozone.scm.heartbeat.thread.interval, reset to the max value 100000.
2019-10-21 05:28:44,154 [main] WARN  server.ServerUtils (ServerUtils.java:sanitizeUserArgs(70)) - ozone.scm.stale.node.interval value = 1000000 is larger than max = 100000 based on the key value of ozone.scm.heartbeat.thread.interval, reset to the max value 100000.
2019-10-21 05:28:44,156 [main] INFO  node.SCMNodeManager (SCMNodeManager.java:<init>(116)) - Entering startup safe mode.
2019-10-21 05:28:44,217 [main] INFO  algorithms.ContainerPlacementPolicyFactory (ContainerPlacementPolicyFactory.java:getPolicy(57)) - Create container placement policy of type org.apache.hadoop.hdds.scm.container.placement.algorithms.SCMContainerPlacementRandom
2019-10-21 05:28:44,230 [main] WARN  server.ServerUtils (ServerUtils.java:getScmDbDir(145)) - ozone.scm.db.dirs is not configured. We recommend adding this setting. Falling back to ozone.metadata.dirs instead.
2019-10-21 05:28:44,433 [main] INFO  pipeline.SCMPipelineManager (SCMPipelineManager.java:initializePipelineState(138)) - No pipeline exists in current db
2019-10-21 05:28:44,436 [main] WARN  server.ServerUtils (ServerUtils.java:getScmDbDir(145)) - ozone.scm.db.dirs is not configured. We recommend adding this setting. Falling back to ozone.metadata.dirs instead.
2019-10-21 05:28:44,592 [main] WARN  events.EventQueue (EventQueue.java:fireEvent(183)) - No event handler registered for event TypedEvent{payloadType=SafeModeStatus, name='SafeModeStatus'}
2019-10-21 05:28:44,972 [main] INFO  ipc.CallQueueManager (CallQueueManager.java:<init>(84)) - Using callQueue: class java.util.concurrent.LinkedBlockingQueue, queueCapacity: 2000, scheduler: class org.apache.hadoop.ipc.DefaultRpcScheduler, ipcBackoff: false.
2019-10-21 05:28:45,073 [Socket Reader #1 for port 35451] INFO  ipc.Server (Server.java:run(1074)) - Starting Socket Reader #1 for port 35451
2019-10-21 05:28:45,096 [main] INFO  ipc.CallQueueManager (CallQueueManager.java:<init>(84)) - Using callQueue: class java.util.concurrent.LinkedBlockingQueue, queueCapacity: 2000, scheduler: class org.apache.hadoop.ipc.DefaultRpcScheduler, ipcBackoff: false.
2019-10-21 05:28:45,097 [Socket Reader #1 for port 41661] INFO  ipc.Server (Server.java:run(1074)) - Starting Socket Reader #1 for port 41661
2019-10-21 05:28:45,105 [main] INFO  ipc.CallQueueManager (CallQueueManager.java:<init>(84)) - Using callQueue: class java.util.concurrent.LinkedBlockingQueue, queueCapacity: 2000, scheduler: class org.apache.hadoop.ipc.DefaultRpcScheduler, ipcBackoff: false.
2019-10-21 05:28:45,106 [Socket Reader #1 for port 34107] INFO  ipc.Server (Server.java:run(1074)) - Starting Socket Reader #1 for port 34107
2019-10-21 05:28:45,127 [main] INFO  hdfs.DFSUtil (DFSUtil.java:httpServerTemplateForNNAndJN(1641)) - Starting Web-server for scm at: http://0.0.0.0:0
2019-10-21 05:28:45,281 [main] INFO  server.AuthenticationFilter (AuthenticationFilter.java:constructSecretProvider(240)) - Unable to initialize FileSignerSecretProvider, falling back to use random secrets.
2019-10-21 05:28:45,289 [main] WARN  http.HttpRequestLog (HttpRequestLog.java:getRequestLog(97)) - Jetty request log can only be enabled using Log4j
2019-10-21 05:28:45,297 [main] INFO  http.HttpServer2 (HttpServer2.java:addGlobalFilter(975)) - Added global filter 'safety' (class=org.apache.hadoop.http.HttpServer2$QuotingInputFilter)
2019-10-21 05:28:45,300 [main] INFO  http.HttpServer2 (HttpServer2.java:addFilter(948)) - Added filter static_user_filter (class=org.apache.hadoop.http.lib.StaticUserWebFilter$StaticUserFilter) to context scm
2019-10-21 05:28:45,300 [main] INFO  http.HttpServer2 (HttpServer2.java:addFilter(958)) - Added filter static_user_filter (class=org.apache.hadoop.http.lib.StaticUserWebFilter$StaticUserFilter) to context logs
2019-10-21 05:28:45,301 [main] INFO  http.HttpServer2 (HttpServer2.java:addFilter(958)) - Added filter static_user_filter (class=org.apache.hadoop.http.lib.StaticUserWebFilter$StaticUserFilter) to context static
2019-10-21 05:28:45,330 [main] INFO  server.StorageContainerManager (StorageContainerManager.java:start(772)) - StorageContainerLocationProtocol RPC server is listening at /0.0.0.0:34107
2019-10-21 05:28:45,389 [main] WARN  impl.MetricsConfig (MetricsConfig.java:loadFirst(134)) - Cannot locate configuration: tried hadoop-metrics2-storagecontainermanager.properties,hadoop-metrics2.properties
2019-10-21 05:28:45,403 [main] INFO  impl.MetricsSystemImpl (MetricsSystemImpl.java:startTimer(374)) - Scheduled Metric snapshot period at 10 second(s).
2019-10-21 05:28:45,403 [main] INFO  impl.MetricsSystemImpl (MetricsSystemImpl.java:start(191)) - StorageContainerManager metrics system started
2019-10-21 05:28:45,652 [main] INFO  server.SCMClientProtocolServer (SCMClientProtocolServer.java:start(159)) - RPC server for Client  is listening at /0.0.0.0:34107
2019-10-21 05:28:45,652 [IPC Server Responder] INFO  ipc.Server (Server.java:run(1314)) - IPC Server Responder: starting
2019-10-21 05:28:45,652 [IPC Server listener on 34107] INFO  ipc.Server (Server.java:run(1153)) - IPC Server listener on 34107: starting
2019-10-21 05:28:45,655 [main] INFO  server.StorageContainerManager (StorageContainerManager.java:start(782)) - ScmBlockLocationProtocol RPC server is listening at /0.0.0.0:41661
2019-10-21 05:28:45,655 [main] INFO  server.SCMBlockProtocolServer (SCMBlockProtocolServer.java:start(146)) - RPC server for Block Protocol is listening at /0.0.0.0:41661
2019-10-21 05:28:45,656 [IPC Server Responder] INFO  ipc.Server (Server.java:run(1314)) - IPC Server Responder: starting
2019-10-21 05:28:45,656 [IPC Server listener on 41661] INFO  ipc.Server (Server.java:run(1153)) - IPC Server listener on 41661: starting
2019-10-21 05:28:45,658 [main] INFO  server.StorageContainerManager (StorageContainerManager.java:start(786)) - ScmDatanodeProtocl RPC server is listening at /0.0.0.0:35451
2019-10-21 05:28:45,658 [main] INFO  server.SCMDatanodeProtocolServer (SCMDatanodeProtocolServer.java:start(169)) - RPC server for DataNodes is listening at /0.0.0.0:35451
2019-10-21 05:28:45,659 [IPC Server Responder] INFO  ipc.Server (Server.java:run(1314)) - IPC Server Responder: starting
2019-10-21 05:28:45,659 [IPC Server listener on 35451] INFO  ipc.Server (Server.java:run(1153)) - IPC Server listener on 35451: starting
2019-10-21 05:28:45,662 [main] INFO  http.HttpServer2 (HttpServer2.java:bindListener(1191)) - Jetty bound to port 37747
2019-10-21 05:28:45,665 [main] INFO  server.Server (Server.java:doStart(351)) - jetty-9.3.25.v20180904, build timestamp: 2018-09-04T21:11:46Z, git hash: 3ce520221d0240229c862b122d2b06c12a625732
2019-10-21 05:28:45,702 [main] INFO  handler.ContextHandler (ContextHandler.java:doStart(781)) - Started o.e.j.s.ServletContextHandler@753432a2{/logs,file:///workdir/hadoop-ozone/integration-test/target/log,AVAILABLE}
2019-10-21 05:28:45,703 [main] INFO  handler.ContextHandler (ContextHandler.java:doStart(781)) - Started o.e.j.s.ServletContextHandler@4983159f{/static,file:///workdir/hadoop-ozone/integration-test/target/test-classes/webapps/static,AVAILABLE}
2019-10-21 05:28:45,733 [main] INFO  handler.ContextHandler (ContextHandler.java:doStart(781)) - Started o.e.j.w.WebAppContext@70ab80e3{/,file:///workdir/hadoop-ozone/integration-test/target/test-classes/webapps/scm/,AVAILABLE}{/scm}
2019-10-21 05:28:45,739 [main] INFO  server.AbstractConnector (AbstractConnector.java:doStart(278)) - Started ServerConnector@410954b{HTTP/1.1,[http/1.1]}{0.0.0.0:37747}
2019-10-21 05:28:45,739 [main] INFO  server.Server (Server.java:doStart(419)) - Started @2854ms
2019-10-21 05:28:45,741 [main] INFO  impl.MetricsSinkAdapter (MetricsSinkAdapter.java:start(204)) - Sink prometheus started
2019-10-21 05:28:45,741 [main] INFO  impl.MetricsSystemImpl (MetricsSystemImpl.java:registerSink(301)) - Registered sink prometheus
2019-10-21 05:28:45,743 [main] INFO  server.BaseHttpServer (BaseHttpServer.java:updateConnectorAddress(215)) - HTTP server of SCM is listening at http://0.0.0.0:37747
2019-10-21 05:28:45,747 [org.apache.hadoop.util.JvmPauseMonitor$Monitor@579d011c] INFO  util.JvmPauseMonitor (JvmPauseMonitor.java:run(188)) - Starting JVM pause monitor
2019-10-21 05:28:45,750 [main] WARN  server.ServerUtils (ServerUtils.java:getDBPath(222)) - ozone.om.db.dirs is not configured. We recommend adding this setting. Falling back to ozone.metadata.dirs instead.
2019-10-21 05:28:45,933 [main] INFO  ha.OMHANodeDetails (OMHANodeDetails.java:loadOMHAConfig(190)) - Configuration either no ozone.om.address set. Falling back to the default OM address /127.0.0.1:0
2019-10-21 05:28:45,933 [main] INFO  ha.OMHANodeDetails (OMHANodeDetails.java:getOMNodeDetails(220)) - OM Service ID is not set. Setting it to the default ID: omServiceIdDefault
2019-10-21 05:28:45,935 [main] WARN  server.ServerUtils (ServerUtils.java:getDBPath(222)) - ozone.om.db.dirs is not configured. We recommend adding this setting. Falling back to ozone.metadata.dirs instead.
2019-10-21 05:28:45,936 [main] WARN  server.ServerUtils (ServerUtils.java:getDBPath(222)) - ozone.om.db.dirs is not configured. We recommend adding this setting. Falling back to ozone.metadata.dirs instead.
2019-10-21 05:28:46,566 [main] WARN  server.ServerUtils (ServerUtils.java:getDBPath(222)) - ozone.om.db.dirs is not configured. We recommend adding this setting. Falling back to ozone.metadata.dirs instead.
2019-10-21 05:28:46,573 [main] INFO  db.DBStoreBuilder (DBStoreBuilder.java:addTable(117)) - using custom profile for table: userTable
2019-10-21 05:28:46,573 [main] INFO  db.DBStoreBuilder (DBStoreBuilder.java:processTables(168)) - Using default column profile:DBProfile.DISK for Table:userTable
2019-10-21 05:28:46,574 [main] INFO  db.DBStoreBuilder (DBStoreBuilder.java:addTable(117)) - using custom profile for table: volumeTable
2019-10-21 05:28:46,574 [main] INFO  db.DBStoreBuilder (DBStoreBuilder.java:processTables(168)) - Using default column profile:DBProfile.DISK for Table:volumeTable
2019-10-21 05:28:46,574 [main] INFO  db.DBStoreBuilder (DBStoreBuilder.java:addTable(117)) - using custom profile for table: bucketTable
2019-10-21 05:28:46,574 [main] INFO  db.DBStoreBuilder (DBStoreBuilder.java:processTables(168)) - Using default column profile:DBProfile.DISK for Table:bucketTable
2019-10-21 05:28:46,575 [main] INFO  db.DBStoreBuilder (DBStoreBuilder.java:addTable(117)) - using custom profile for table: keyTable
2019-10-21 05:28:46,575 [main] INFO  db.DBStoreBuilder (DBStoreBuilder.java:processTables(168)) - Using default column profile:DBProfile.DISK for Table:keyTable
2019-10-21 05:28:46,575 [main] INFO  db.DBStoreBuilder (DBStoreBuilder.java:addTable(117)) - using custom profile for table: deletedTable
2019-10-21 05:28:46,575 [main] INFO  db.DBStoreBuilder (DBStoreBuilder.java:processTables(168)) - Using default column profile:DBProfile.DISK for Table:deletedTable
2019-10-21 05:28:46,576 [main] INFO  db.DBStoreBuilder (DBStoreBuilder.java:addTable(117)) - using custom profile for table: openKeyTable
2019-10-21 05:28:46,576 [main] INFO  db.DBStoreBuilder (DBStoreBuilder.java:processTables(168)) - Using default column profile:DBProfile.DISK for Table:openKeyTable
2019-10-21 05:28:46,576 [main] INFO  db.DBStoreBuilder (DBStoreBuilder.java:addTable(117)) - using custom profile for table: s3Table
2019-10-21 05:28:46,577 [main] INFO  db.DBStoreBuilder (DBStoreBuilder.java:processTables(168)) - Using default column profile:DBProfile.DISK for Table:s3Table
2019-10-21 05:28:46,577 [main] INFO  db.DBStoreBuilder (DBStoreBuilder.java:addTable(117)) - using custom profile for table: multipartInfoTable
2019-10-21 05:28:46,577 [main] INFO  db.DBStoreBuilder (DBStoreBuilder.java:processTables(168)) - Using default column profile:DBProfile.DISK for Table:multipartInfoTable
2019-10-21 05:28:46,578 [main] INFO  db.DBStoreBuilder (DBStoreBuilder.java:addTable(117)) - using custom profile for table: dTokenTable
2019-10-21 05:28:46,578 [main] INFO  db.DBStoreBuilder (DBStoreBuilder.java:processTables(168)) - Using default column profile:DBProfile.DISK for Table:dTokenTable
2019-10-21 05:28:46,579 [main] INFO  db.DBStoreBuilder (DBStoreBuilder.java:addTable(117)) - using custom profile for table: s3SecretTable
2019-10-21 05:28:46,579 [main] INFO  db.DBStoreBuilder (DBStoreBuilder.java:processTables(168)) - Using default column profile:DBProfile.DISK for Table:s3SecretTable
2019-10-21 05:28:46,579 [main] INFO  db.DBStoreBuilder (DBStoreBuilder.java:addTable(117)) - using custom profile for table: prefixTable
2019-10-21 05:28:46,579 [main] INFO  db.DBStoreBuilder (DBStoreBuilder.java:processTables(168)) - Using default column profile:DBProfile.DISK for Table:prefixTable
2019-10-21 05:28:46,580 [main] INFO  db.DBStoreBuilder (DBStoreBuilder.java:addTable(117)) - using custom profile for table: default
2019-10-21 05:28:46,580 [main] INFO  db.DBStoreBuilder (DBStoreBuilder.java:processTables(174)) - Using default column profile:DBProfile.DISK for Table:default
2019-10-21 05:28:46,581 [main] INFO  db.DBStoreBuilder (DBStoreBuilder.java:getDbProfile(205)) - Using default options. DBProfile.DISK
2019-10-21 05:28:47,410 [main] INFO  ipc.CallQueueManager (CallQueueManager.java:<init>(84)) - Using callQueue: class java.util.concurrent.LinkedBlockingQueue, queueCapacity: 2000, scheduler: class org.apache.hadoop.ipc.DefaultRpcScheduler, ipcBackoff: false.
2019-10-21 05:28:47,410 [Socket Reader #1 for port 39009] INFO  ipc.Server (Server.java:run(1074)) - Starting Socket Reader #1 for port 39009
2019-10-21 05:28:47,430 [main] INFO  om.OzoneManager (OzoneManager.java:start(1074)) - OzoneManager RPC server is listening at localhost/127.0.0.1:39009
2019-10-21 05:28:47,430 [main] INFO  impl.MetricsSystemImpl (MetricsSystemImpl.java:init(158)) - OzoneManager metrics system started (again)
2019-10-21 05:28:47,438 [IPC Server Responder] INFO  ipc.Server (Server.java:run(1314)) - IPC Server Responder: starting
2019-10-21 05:28:47,438 [IPC Server listener on 39009] INFO  ipc.Server (Server.java:run(1153)) - IPC Server listener on 39009: starting
2019-10-21 05:28:47,458 [main] INFO  hdfs.DFSUtil (DFSUtil.java:httpServerTemplateForNNAndJN(1641)) - Starting Web-server for ozoneManager at: http://0.0.0.0:0
2019-10-21 05:28:47,461 [main] INFO  server.AuthenticationFilter (AuthenticationFilter.java:constructSecretProvider(240)) - Unable to initialize FileSignerSecretProvider, falling back to use random secrets.
2019-10-21 05:28:47,461 [main] WARN  http.HttpRequestLog (HttpRequestLog.java:getRequestLog(97)) - Jetty request log can only be enabled using Log4j
2019-10-21 05:28:47,464 [main] INFO  http.HttpServer2 (HttpServer2.java:addGlobalFilter(975)) - Added global filter 'safety' (class=org.apache.hadoop.http.HttpServer2$QuotingInputFilter)
2019-10-21 05:28:47,465 [main] INFO  http.HttpServer2 (HttpServer2.java:addFilter(948)) - Added filter static_user_filter (class=org.apache.hadoop.http.lib.StaticUserWebFilter$StaticUserFilter) to context ozoneManager
2019-10-21 05:28:47,465 [main] INFO  http.HttpServer2 (HttpServer2.java:addFilter(958)) - Added filter static_user_filter (class=org.apache.hadoop.http.lib.StaticUserWebFilter$StaticUserFilter) to context logs
2019-10-21 05:28:47,465 [main] INFO  http.HttpServer2 (HttpServer2.java:addFilter(958)) - Added filter static_user_filter (class=org.apache.hadoop.http.lib.StaticUserWebFilter$StaticUserFilter) to context static
2019-10-21 05:28:47,468 [main] INFO  http.HttpServer2 (HttpServer2.java:bindListener(1191)) - Jetty bound to port 38976
2019-10-21 05:28:47,468 [main] INFO  server.Server (Server.java:doStart(351)) - jetty-9.3.25.v20180904, build timestamp: 2018-09-04T21:11:46Z, git hash: 3ce520221d0240229c862b122d2b06c12a625732
2019-10-21 05:28:47,470 [main] INFO  handler.ContextHandler (ContextHandler.java:doStart(781)) - Started o.e.j.s.ServletContextHandler@65cc8228{/logs,file:///workdir/hadoop-ozone/integration-test/target/log,AVAILABLE}
2019-10-21 05:28:47,470 [main] INFO  handler.ContextHandler (ContextHandler.java:doStart(781)) - Started o.e.j.s.ServletContextHandler@21719a0{/static,file:///workdir/hadoop-ozone/integration-test/target/test-classes/webapps/static,AVAILABLE}
2019-10-21 05:28:47,513 [main] INFO  handler.ContextHandler (ContextHandler.java:doStart(781)) - Started o.e.j.w.WebAppContext@c446b14{/,file:///workdir/hadoop-ozone/integration-test/target/test-classes/webapps/ozoneManager/,AVAILABLE}{/ozoneManager}
2019-10-21 05:28:47,514 [main] INFO  server.AbstractConnector (AbstractConnector.java:doStart(278)) - Started ServerConnector@3af356f{HTTP/1.1,[http/1.1]}{0.0.0.0:38976}
2019-10-21 05:28:47,515 [main] INFO  server.Server (Server.java:doStart(419)) - Started @4630ms
2019-10-21 05:28:47,515 [main] WARN  impl.MetricsSystemImpl (MetricsSystemImpl.java:register(276)) - Sink prometheus already exists!
2019-10-21 05:28:47,515 [main] INFO  server.BaseHttpServer (BaseHttpServer.java:updateConnectorAddress(215)) - HTTP server of OZONEMANAGER is listening at http://0.0.0.0:38976
2019-10-21 05:28:47,730 [main] INFO  impl.MetricsSystemImpl (MetricsSystemImpl.java:init(158)) - HddsDatanode metrics system started (again)
2019-10-21 05:28:47,773 [main] INFO  ozone.HddsDatanodeService (HddsDatanodeService.java:start(184)) - HddsDatanodeService host:pr-hdds-1868-qzls5-2202220713 ip:192.168.164.197
2019-10-21 05:28:47,808 [main] INFO  volume.HddsVolume (HddsVolume.java:<init>(176)) - Creating Volume: /workdir/hadoop-ozone/integration-test/target/test-dir/MiniOzoneClusterImpl-a605ea08-6c65-4b38-80f2-5db36cdad253/datanode-0/data/containers/hdds of  storage type : DISK and capacity : 1482555576320
2019-10-21 05:28:47,810 [main] INFO  volume.VolumeSet (VolumeSet.java:initializeVolumeSet(170)) - Added Volume : /workdir/hadoop-ozone/integration-test/target/test-dir/MiniOzoneClusterImpl-a605ea08-6c65-4b38-80f2-5db36cdad253/datanode-0/data/containers/hdds to VolumeSet
2019-10-21 05:28:47,812 [main] INFO  volume.ThrottledAsyncChecker (ThrottledAsyncChecker.java:schedule(141)) - Scheduling a check for /workdir/hadoop-ozone/integration-test/target/test-dir/MiniOzoneClusterImpl-a605ea08-6c65-4b38-80f2-5db36cdad253/datanode-0/data/containers/hdds
2019-10-21 05:28:47,827 [main] INFO  volume.HddsVolumeChecker (HddsVolumeChecker.java:checkAllVolumes(204)) - Scheduled health check for volume /workdir/hadoop-ozone/integration-test/target/test-dir/MiniOzoneClusterImpl-a605ea08-6c65-4b38-80f2-5db36cdad253/datanode-0/data/containers/hdds
2019-10-21 05:28:47,922 [main] INFO  impl.RaftServerProxy (ConfUtils.java:logGet(43)) - raft.rpc.type = GRPC (default)
2019-10-21 05:28:47,979 [main] INFO  grpc.GrpcFactory (GrpcFactory.java:checkPooledByteBufAllocatorUseCacheForAllThreads(45)) - PERFORMANCE WARNING: useCacheForAllThreads is true that may cause Netty to create a lot garbage objects and, as a result, trigger GC.
	It is recommended to disable useCacheForAllThreads by setting -Dorg.apache.ratis.thirdparty.io.netty.allocator.useCacheForAllThreads=false in command line.
2019-10-21 05:28:47,984 [main] INFO  grpc.GrpcConfigKeys$Server (ConfUtils.java:logGet(43)) - raft.grpc.server.port = 0 (default)
2019-10-21 05:28:47,985 [main] INFO  server.GrpcService (ConfUtils.java:logGet(43)) - raft.grpc.message.size.max = 33570816 (custom)
2019-10-21 05:28:47,986 [main] INFO  server.RaftServerConfigKeys (ConfUtils.java:logGet(43)) - raft.server.log.appender.buffer.byte-limit = 33554432 (custom)
2019-10-21 05:28:47,987 [main] INFO  server.GrpcService (ConfUtils.java:logGet(43)) - raft.grpc.flow.control.window = 1MB (=1048576) (default)
2019-10-21 05:28:47,988 [main] INFO  server.RaftServerConfigKeys (ConfUtils.java:logGet(43)) - raft.server.rpc.request.timeout = 3000ms (default)
2019-10-21 05:28:48,141 [main] INFO  server.RaftServerConfigKeys (ConfUtils.java:logGet(43)) - raft.server.storage.dir = [/workdir/hadoop-ozone/integration-test/target/test-dir/MiniOzoneClusterImpl-a605ea08-6c65-4b38-80f2-5db36cdad253/datanode-0/data/ratis] (custom)
2019-10-21 05:28:48,197 [main] INFO  hdfs.DFSUtil (DFSUtil.java:httpServerTemplateForNNAndJN(1641)) - Starting Web-server for hddsDatanode at: http://0.0.0.0:0
2019-10-21 05:28:48,200 [main] INFO  server.AuthenticationFilter (AuthenticationFilter.java:constructSecretProvider(240)) - Unable to initialize FileSignerSecretProvider, falling back to use random secrets.
2019-10-21 05:28:48,201 [main] WARN  http.HttpRequestLog (HttpRequestLog.java:getRequestLog(97)) - Jetty request log can only be enabled using Log4j
2019-10-21 05:28:48,204 [main] INFO  http.HttpServer2 (HttpServer2.java:addGlobalFilter(975)) - Added global filter 'safety' (class=org.apache.hadoop.http.HttpServer2$QuotingInputFilter)
2019-10-21 05:28:48,206 [main] INFO  http.HttpServer2 (HttpServer2.java:addFilter(948)) - Added filter static_user_filter (class=org.apache.hadoop.http.lib.StaticUserWebFilter$StaticUserFilter) to context hddsDatanode
2019-10-21 05:28:48,206 [main] INFO  http.HttpServer2 (HttpServer2.java:addFilter(958)) - Added filter static_user_filter (class=org.apache.hadoop.http.lib.StaticUserWebFilter$StaticUserFilter) to context logs
2019-10-21 05:28:48,206 [main] INFO  http.HttpServer2 (HttpServer2.java:addFilter(958)) - Added filter static_user_filter (class=org.apache.hadoop.http.lib.StaticUserWebFilter$StaticUserFilter) to context static
2019-10-21 05:28:48,207 [main] INFO  http.HttpServer2 (HttpServer2.java:bindListener(1191)) - Jetty bound to port 34835
2019-10-21 05:28:48,207 [main] INFO  server.Server (Server.java:doStart(351)) - jetty-9.3.25.v20180904, build timestamp: 2018-09-04T21:11:46Z, git hash: 3ce520221d0240229c862b122d2b06c12a625732
2019-10-21 05:28:48,210 [main] INFO  handler.ContextHandler (ContextHandler.java:doStart(781)) - Started o.e.j.s.ServletContextHandler@21079a12{/logs,file:///workdir/hadoop-ozone/integration-test/target/log,AVAILABLE}
2019-10-21 05:28:48,211 [main] INFO  handler.ContextHandler (ContextHandler.java:doStart(781)) - Started o.e.j.s.ServletContextHandler@67c5ac52{/static,jar:file:/home/user/.m2/repository/org/apache/hadoop/hadoop-hdds-container-service/0.5.0-SNAPSHOT/hadoop-hdds-container-service-0.5.0-SNAPSHOT.jar!/webapps/static,AVAILABLE}
2019-10-21 05:28:48,285 [main] INFO  handler.ContextHandler (ContextHandler.java:doStart(781)) - Started o.e.j.w.WebAppContext@2436ea2f{/,file:///tmp/jetty-0.0.0.0-34835-hddsDatanode-_-any-4821263693071032347.dir/webapp/,AVAILABLE}{/hddsDatanode}
2019-10-21 05:28:48,286 [main] INFO  server.AbstractConnector (AbstractConnector.java:doStart(278)) - Started ServerConnector@f951a7f{HTTP/1.1,[http/1.1]}{0.0.0.0:34835}
2019-10-21 05:28:48,286 [main] INFO  server.Server (Server.java:doStart(419)) - Started @5401ms
2019-10-21 05:28:48,286 [main] WARN  impl.MetricsSystemImpl (MetricsSystemImpl.java:register(276)) - Sink prometheus already exists!
2019-10-21 05:28:48,288 [main] INFO  server.BaseHttpServer (BaseHttpServer.java:updateConnectorAddress(215)) - HTTP server of HDDSDATANODE is listening at http://0.0.0.0:34835
2019-10-21 05:28:48,289 [main] INFO  impl.MetricsSystemImpl (MetricsSystemImpl.java:init(158)) - HddsDatanode metrics system started (again)
2019-10-21 05:28:48,293 [main] INFO  ozone.HddsDatanodeService (HddsDatanodeService.java:start(184)) - HddsDatanodeService host:pr-hdds-1868-qzls5-2202220713 ip:192.168.164.197
2019-10-21 05:28:48,293 [org.apache.hadoop.util.JvmPauseMonitor$Monitor@2f02d3c4] INFO  util.JvmPauseMonitor (JvmPauseMonitor.java:run(188)) - Starting JVM pause monitor
2019-10-21 05:28:48,302 [main] INFO  volume.HddsVolume (HddsVolume.java:<init>(176)) - Creating Volume: /workdir/hadoop-ozone/integration-test/target/test-dir/MiniOzoneClusterImpl-a605ea08-6c65-4b38-80f2-5db36cdad253/datanode-1/data/containers/hdds of  storage type : DISK and capacity : 1482555576320
2019-10-21 05:28:48,302 [main] INFO  volume.VolumeSet (VolumeSet.java:initializeVolumeSet(170)) - Added Volume : /workdir/hadoop-ozone/integration-test/target/test-dir/MiniOzoneClusterImpl-a605ea08-6c65-4b38-80f2-5db36cdad253/datanode-1/data/containers/hdds to VolumeSet
2019-10-21 05:28:48,303 [main] INFO  volume.ThrottledAsyncChecker (ThrottledAsyncChecker.java:schedule(141)) - Scheduling a check for /workdir/hadoop-ozone/integration-test/target/test-dir/MiniOzoneClusterImpl-a605ea08-6c65-4b38-80f2-5db36cdad253/datanode-1/data/containers/hdds
2019-10-21 05:28:48,304 [main] INFO  volume.HddsVolumeChecker (HddsVolumeChecker.java:checkAllVolumes(204)) - Scheduled health check for volume /workdir/hadoop-ozone/integration-test/target/test-dir/MiniOzoneClusterImpl-a605ea08-6c65-4b38-80f2-5db36cdad253/datanode-1/data/containers/hdds
2019-10-21 05:28:48,324 [main] INFO  impl.RaftServerProxy (ConfUtils.java:logGet(43)) - raft.rpc.type = GRPC (default)
2019-10-21 05:28:48,324 [main] INFO  grpc.GrpcFactory (GrpcFactory.java:checkPooledByteBufAllocatorUseCacheForAllThreads(45)) - PERFORMANCE WARNING: useCacheForAllThreads is true that may cause Netty to create a lot garbage objects and, as a result, trigger GC.
	It is recommended to disable useCacheForAllThreads by setting -Dorg.apache.ratis.thirdparty.io.netty.allocator.useCacheForAllThreads=false in command line.
2019-10-21 05:28:48,325 [main] INFO  grpc.GrpcConfigKeys$Server (ConfUtils.java:logGet(43)) - raft.grpc.server.port = 0 (default)
2019-10-21 05:28:48,325 [main] INFO  server.GrpcService (ConfUtils.java:logGet(43)) - raft.grpc.message.size.max = 33570816 (custom)
2019-10-21 05:28:48,325 [main] INFO  server.RaftServerConfigKeys (ConfUtils.java:logGet(43)) - raft.server.log.appender.buffer.byte-limit = 33554432 (custom)
2019-10-21 05:28:48,325 [main] INFO  server.GrpcService (ConfUtils.java:logGet(43)) - raft.grpc.flow.control.window = 1MB (=1048576) (default)
2019-10-21 05:28:48,326 [main] INFO  server.RaftServerConfigKeys (ConfUtils.java:logGet(43)) - raft.server.rpc.request.timeout = 3000ms (default)
2019-10-21 05:28:48,327 [main] INFO  server.RaftServerConfigKeys (ConfUtils.java:logGet(43)) - raft.server.storage.dir = [/workdir/hadoop-ozone/integration-test/target/test-dir/MiniOzoneClusterImpl-a605ea08-6c65-4b38-80f2-5db36cdad253/datanode-1/data/ratis] (custom)
2019-10-21 05:28:48,329 [main] INFO  hdfs.DFSUtil (DFSUtil.java:httpServerTemplateForNNAndJN(1641)) - Starting Web-server for hddsDatanode at: http://0.0.0.0:0
2019-10-21 05:28:48,331 [main] INFO  server.AuthenticationFilter (AuthenticationFilter.java:constructSecretProvider(240)) - Unable to initialize FileSignerSecretProvider, falling back to use random secrets.
2019-10-21 05:28:48,331 [main] WARN  http.HttpRequestLog (HttpRequestLog.java:getRequestLog(97)) - Jetty request log can only be enabled using Log4j
2019-10-21 05:28:48,333 [main] INFO  http.HttpServer2 (HttpServer2.java:addGlobalFilter(975)) - Added global filter 'safety' (class=org.apache.hadoop.http.HttpServer2$QuotingInputFilter)
2019-10-21 05:28:48,334 [main] INFO  http.HttpServer2 (HttpServer2.java:addFilter(948)) - Added filter static_user_filter (class=org.apache.hadoop.http.lib.StaticUserWebFilter$StaticUserFilter) to context hddsDatanode
2019-10-21 05:28:48,335 [main] INFO  http.HttpServer2 (HttpServer2.java:addFilter(958)) - Added filter static_user_filter (class=org.apache.hadoop.http.lib.StaticUserWebFilter$StaticUserFilter) to context static
2019-10-21 05:28:48,335 [main] INFO  http.HttpServer2 (HttpServer2.java:addFilter(958)) - Added filter static_user_filter (class=org.apache.hadoop.http.lib.StaticUserWebFilter$StaticUserFilter) to context logs
2019-10-21 05:28:48,336 [main] INFO  http.HttpServer2 (HttpServer2.java:bindListener(1191)) - Jetty bound to port 43214
2019-10-21 05:28:48,336 [main] INFO  server.Server (Server.java:doStart(351)) - jetty-9.3.25.v20180904, build timestamp: 2018-09-04T21:11:46Z, git hash: 3ce520221d0240229c862b122d2b06c12a625732
2019-10-21 05:28:48,342 [main] INFO  handler.ContextHandler (ContextHandler.java:doStart(781)) - Started o.e.j.s.ServletContextHandler@78d6447a{/logs,file:///workdir/hadoop-ozone/integration-test/target/log,AVAILABLE}
2019-10-21 05:28:48,343 [main] INFO  handler.ContextHandler (ContextHandler.java:doStart(781)) - Started o.e.j.s.ServletContextHandler@1e469dfd{/static,jar:file:/home/user/.m2/repository/org/apache/hadoop/hadoop-hdds-container-service/0.5.0-SNAPSHOT/hadoop-hdds-container-service-0.5.0-SNAPSHOT.jar!/webapps/static,AVAILABLE}
2019-10-21 05:28:48,389 [main] INFO  handler.ContextHandler (ContextHandler.java:doStart(781)) - Started o.e.j.w.WebAppContext@2af69643{/,file:///tmp/jetty-0.0.0.0-43214-hddsDatanode-_-any-9082469359152114197.dir/webapp/,AVAILABLE}{/hddsDatanode}
2019-10-21 05:28:48,391 [main] INFO  server.AbstractConnector (AbstractConnector.java:doStart(278)) - Started ServerConnector@587a1cfb{HTTP/1.1,[http/1.1]}{0.0.0.0:43214}
2019-10-21 05:28:48,392 [main] INFO  server.Server (Server.java:doStart(419)) - Started @5507ms
2019-10-21 05:28:48,392 [main] WARN  impl.MetricsSystemImpl (MetricsSystemImpl.java:register(276)) - Sink prometheus already exists!
2019-10-21 05:28:48,398 [Datanode State Machine Thread - 0] INFO  datanode.InitDatanodeState (InitDatanodeState.java:persistContainerDatanodeDetails(140)) - DatanodeDetails is persisted to /workdir/hadoop-ozone/integration-test/target/test-dir/MiniOzoneClusterImpl-a605ea08-6c65-4b38-80f2-5db36cdad253/datanode-0/meta/datanode.id
2019-10-21 05:28:48,454 [main] INFO  server.BaseHttpServer (BaseHttpServer.java:updateConnectorAddress(215)) - HTTP server of HDDSDATANODE is listening at http://0.0.0.0:43214
2019-10-21 05:28:48,455 [main] INFO  impl.MetricsSystemImpl (MetricsSystemImpl.java:init(158)) - HddsDatanode metrics system started (again)
2019-10-21 05:28:48,457 [org.apache.hadoop.util.JvmPauseMonitor$Monitor@3551dcf5] INFO  util.JvmPauseMonitor (JvmPauseMonitor.java:run(188)) - Starting JVM pause monitor
2019-10-21 05:28:48,457 [main] INFO  ozone.HddsDatanodeService (HddsDatanodeService.java:start(184)) - HddsDatanodeService host:pr-hdds-1868-qzls5-2202220713 ip:192.168.164.197
2019-10-21 05:28:48,461 [Datanode State Machine Thread - 0] INFO  datanode.InitDatanodeState (InitDatanodeState.java:persistContainerDatanodeDetails(140)) - DatanodeDetails is persisted to /workdir/hadoop-ozone/integration-test/target/test-dir/MiniOzoneClusterImpl-a605ea08-6c65-4b38-80f2-5db36cdad253/datanode-1/meta/datanode.id
2019-10-21 05:28:48,465 [main] INFO  volume.HddsVolume (HddsVolume.java:<init>(176)) - Creating Volume: /workdir/hadoop-ozone/integration-test/target/test-dir/MiniOzoneClusterImpl-a605ea08-6c65-4b38-80f2-5db36cdad253/datanode-2/data/containers/hdds of  storage type : DISK and capacity : 1482555576320
2019-10-21 05:28:48,466 [main] INFO  volume.VolumeSet (VolumeSet.java:initializeVolumeSet(170)) - Added Volume : /workdir/hadoop-ozone/integration-test/target/test-dir/MiniOzoneClusterImpl-a605ea08-6c65-4b38-80f2-5db36cdad253/datanode-2/data/containers/hdds to VolumeSet
2019-10-21 05:28:48,466 [main] INFO  volume.ThrottledAsyncChecker (ThrottledAsyncChecker.java:schedule(141)) - Scheduling a check for /workdir/hadoop-ozone/integration-test/target/test-dir/MiniOzoneClusterImpl-a605ea08-6c65-4b38-80f2-5db36cdad253/datanode-2/data/containers/hdds
2019-10-21 05:28:48,466 [main] INFO  volume.HddsVolumeChecker (HddsVolumeChecker.java:checkAllVolumes(204)) - Scheduled health check for volume /workdir/hadoop-ozone/integration-test/target/test-dir/MiniOzoneClusterImpl-a605ea08-6c65-4b38-80f2-5db36cdad253/datanode-2/data/containers/hdds
2019-10-21 05:28:48,482 [main] INFO  impl.RaftServerProxy (ConfUtils.java:logGet(43)) - raft.rpc.type = GRPC (default)
2019-10-21 05:28:48,483 [main] INFO  grpc.GrpcFactory (GrpcFactory.java:checkPooledByteBufAllocatorUseCacheForAllThreads(45)) - PERFORMANCE WARNING: useCacheForAllThreads is true that may cause Netty to create a lot garbage objects and, as a result, trigger GC.
	It is recommended to disable useCacheForAllThreads by setting -Dorg.apache.ratis.thirdparty.io.netty.allocator.useCacheForAllThreads=false in command line.
2019-10-21 05:28:48,483 [main] INFO  grpc.GrpcConfigKeys$Server (ConfUtils.java:logGet(43)) - raft.grpc.server.port = 0 (default)
2019-10-21 05:28:48,483 [main] INFO  server.GrpcService (ConfUtils.java:logGet(43)) - raft.grpc.message.size.max = 33570816 (custom)
2019-10-21 05:28:48,484 [main] INFO  server.RaftServerConfigKeys (ConfUtils.java:logGet(43)) - raft.server.log.appender.buffer.byte-limit = 33554432 (custom)
2019-10-21 05:28:48,484 [main] INFO  server.GrpcService (ConfUtils.java:logGet(43)) - raft.grpc.flow.control.window = 1MB (=1048576) (default)
2019-10-21 05:28:48,484 [main] INFO  server.RaftServerConfigKeys (ConfUtils.java:logGet(43)) - raft.server.rpc.request.timeout = 3000ms (default)
2019-10-21 05:28:48,485 [main] INFO  server.RaftServerConfigKeys (ConfUtils.java:logGet(43)) - raft.server.storage.dir = [/workdir/hadoop-ozone/integration-test/target/test-dir/MiniOzoneClusterImpl-a605ea08-6c65-4b38-80f2-5db36cdad253/datanode-2/data/ratis] (custom)
2019-10-21 05:28:48,487 [main] INFO  hdfs.DFSUtil (DFSUtil.java:httpServerTemplateForNNAndJN(1641)) - Starting Web-server for hddsDatanode at: http://0.0.0.0:0
2019-10-21 05:28:48,489 [main] INFO  server.AuthenticationFilter (AuthenticationFilter.java:constructSecretProvider(240)) - Unable to initialize FileSignerSecretProvider, falling back to use random secrets.
2019-10-21 05:28:48,489 [main] WARN  http.HttpRequestLog (HttpRequestLog.java:getRequestLog(97)) - Jetty request log can only be enabled using Log4j
2019-10-21 05:28:48,491 [main] INFO  http.HttpServer2 (HttpServer2.java:addGlobalFilter(975)) - Added global filter 'safety' (class=org.apache.hadoop.http.HttpServer2$QuotingInputFilter)
2019-10-21 05:28:48,492 [main] INFO  http.HttpServer2 (HttpServer2.java:addFilter(948)) - Added filter static_user_filter (class=org.apache.hadoop.http.lib.StaticUserWebFilter$StaticUserFilter) to context hddsDatanode
2019-10-21 05:28:48,492 [main] INFO  http.HttpServer2 (HttpServer2.java:addFilter(958)) - Added filter static_user_filter (class=org.apache.hadoop.http.lib.StaticUserWebFilter$StaticUserFilter) to context static
2019-10-21 05:28:48,492 [main] INFO  http.HttpServer2 (HttpServer2.java:addFilter(958)) - Added filter static_user_filter (class=org.apache.hadoop.http.lib.StaticUserWebFilter$StaticUserFilter) to context logs
2019-10-21 05:28:48,493 [main] INFO  http.HttpServer2 (HttpServer2.java:bindListener(1191)) - Jetty bound to port 37283
2019-10-21 05:28:48,493 [main] INFO  server.Server (Server.java:doStart(351)) - jetty-9.3.25.v20180904, build timestamp: 2018-09-04T21:11:46Z, git hash: 3ce520221d0240229c862b122d2b06c12a625732
2019-10-21 05:28:48,495 [main] INFO  handler.ContextHandler (ContextHandler.java:doStart(781)) - Started o.e.j.s.ServletContextHandler@4fc3c165{/logs,file:///workdir/hadoop-ozone/integration-test/target/log,AVAILABLE}
2019-10-21 05:28:48,496 [main] INFO  handler.ContextHandler (ContextHandler.java:doStart(781)) - Started o.e.j.s.ServletContextHandler@7b6860f9{/static,jar:file:/home/user/.m2/repository/org/apache/hadoop/hadoop-hdds-container-service/0.5.0-SNAPSHOT/hadoop-hdds-container-service-0.5.0-SNAPSHOT.jar!/webapps/static,AVAILABLE}
2019-10-21 05:28:48,544 [main] INFO  handler.ContextHandler (ContextHandler.java:doStart(781)) - Started o.e.j.w.WebAppContext@21bd20ee{/,file:///tmp/jetty-0.0.0.0-37283-hddsDatanode-_-any-4695785616414518716.dir/webapp/,AVAILABLE}{/hddsDatanode}
2019-10-21 05:28:48,545 [main] INFO  server.AbstractConnector (AbstractConnector.java:doStart(278)) - Started ServerConnector@26c47874{HTTP/1.1,[http/1.1]}{0.0.0.0:37283}
2019-10-21 05:28:48,546 [main] INFO  server.Server (Server.java:doStart(419)) - Started @5661ms
2019-10-21 05:28:48,546 [main] WARN  impl.MetricsSystemImpl (MetricsSystemImpl.java:register(276)) - Sink prometheus already exists!
2019-10-21 05:28:48,547 [main] INFO  server.BaseHttpServer (BaseHttpServer.java:updateConnectorAddress(215)) - HTTP server of HDDSDATANODE is listening at http://0.0.0.0:37283
2019-10-21 05:28:48,549 [main] INFO  ozone.MiniOzoneClusterImpl (MiniOzoneClusterImpl.java:lambda$waitForClusterToBeReady$2(170)) - Waiting for cluster to be ready. Got 0 of 3 DN Heartbeats.
2019-10-21 05:28:48,550 [org.apache.hadoop.util.JvmPauseMonitor$Monitor@1649e5b0] INFO  util.JvmPauseMonitor (JvmPauseMonitor.java:run(188)) - Starting JVM pause monitor
2019-10-21 05:28:48,554 [Datanode State Machine Thread - 0] INFO  datanode.InitDatanodeState (InitDatanodeState.java:persistContainerDatanodeDetails(140)) - DatanodeDetails is persisted to /workdir/hadoop-ozone/integration-test/target/test-dir/MiniOzoneClusterImpl-a605ea08-6c65-4b38-80f2-5db36cdad253/datanode-2/meta/datanode.id
2019-10-21 05:28:49,550 [main] INFO  ozone.MiniOzoneClusterImpl (MiniOzoneClusterImpl.java:lambda$waitForClusterToBeReady$2(170)) - Waiting for cluster to be ready. Got 0 of 3 DN Heartbeats.
2019-10-21 05:28:50,446 [Datanode State Machine Thread - 0] INFO  ozoneimpl.OzoneContainer (OzoneContainer.java:start(213)) - Attempting to start container services.
2019-10-21 05:28:50,449 [Datanode State Machine Thread - 0] INFO  ozoneimpl.OzoneContainer (OzoneContainer.java:startContainerScrub(177)) - Background container scanner has been disabled.
2019-10-21 05:28:50,449 [Datanode State Machine Thread - 0] INFO  ratis.XceiverServerRatis (XceiverServerRatis.java:start(424)) - Starting XceiverServerRatis 756d617c-4df0-4d16-a449-32c84fd3d9b4 at port 0
2019-10-21 05:28:50,467 [Datanode State Machine Thread - 0] INFO  impl.RaftServerProxy (RaftServerProxy.java:lambda$start$3(299)) - 756d617c-4df0-4d16-a449-32c84fd3d9b4: start RPC server
2019-10-21 05:28:50,543 [Datanode State Machine Thread - 0] INFO  ozoneimpl.OzoneContainer (OzoneContainer.java:start(213)) - Attempting to start container services.
2019-10-21 05:28:50,549 [Datanode State Machine Thread - 0] INFO  ozoneimpl.OzoneContainer (OzoneContainer.java:startContainerScrub(177)) - Background container scanner has been disabled.
2019-10-21 05:28:50,549 [Datanode State Machine Thread - 0] INFO  ratis.XceiverServerRatis (XceiverServerRatis.java:start(424)) - Starting XceiverServerRatis 10936abf-a8c2-471d-9c61-a43b910bc959 at port 0
2019-10-21 05:28:50,550 [main] INFO  ozone.MiniOzoneClusterImpl (MiniOzoneClusterImpl.java:lambda$waitForClusterToBeReady$2(170)) - Waiting for cluster to be ready. Got 0 of 3 DN Heartbeats.
2019-10-21 05:28:50,562 [Datanode State Machine Thread - 0] INFO  impl.RaftServerProxy (RaftServerProxy.java:lambda$start$3(299)) - 10936abf-a8c2-471d-9c61-a43b910bc959: start RPC server
2019-10-21 05:28:50,569 [Datanode State Machine Thread - 0] INFO  server.GrpcService (GrpcService.java:startImpl(158)) - 756d617c-4df0-4d16-a449-32c84fd3d9b4: GrpcService started, listening on 0.0.0.0/0.0.0.0:42479
2019-10-21 05:28:50,569 [Datanode State Machine Thread - 0] INFO  server.GrpcService (GrpcService.java:startImpl(158)) - 10936abf-a8c2-471d-9c61-a43b910bc959: GrpcService started, listening on 0.0.0.0/0.0.0.0:35893
2019-10-21 05:28:50,570 [Datanode State Machine Thread - 0] INFO  ratis.XceiverServerRatis (XceiverServerRatis.java:start(434)) - XceiverServerRatis 756d617c-4df0-4d16-a449-32c84fd3d9b4 is started using port 42479
2019-10-21 05:28:50,570 [Datanode State Machine Thread - 0] INFO  ratis.XceiverServerRatis (XceiverServerRatis.java:start(434)) - XceiverServerRatis 10936abf-a8c2-471d-9c61-a43b910bc959 is started using port 35893
2019-10-21 05:28:50,573 [Datanode State Machine Thread - 0] INFO  server.XceiverServerGrpc (XceiverServerGrpc.java:start(149)) - XceiverServerGrpc 756d617c-4df0-4d16-a449-32c84fd3d9b4 is started using port 42798
2019-10-21 05:28:50,573 [Datanode State Machine Thread - 0] INFO  server.XceiverServerGrpc (XceiverServerGrpc.java:start(149)) - XceiverServerGrpc 10936abf-a8c2-471d-9c61-a43b910bc959 is started using port 45063
2019-10-21 05:28:50,617 [Datanode State Machine Thread - 0] INFO  ozoneimpl.OzoneContainer (OzoneContainer.java:start(213)) - Attempting to start container services.
2019-10-21 05:28:50,618 [Datanode State Machine Thread - 0] INFO  ozoneimpl.OzoneContainer (OzoneContainer.java:startContainerScrub(177)) - Background container scanner has been disabled.
2019-10-21 05:28:50,618 [Datanode State Machine Thread - 0] INFO  ratis.XceiverServerRatis (XceiverServerRatis.java:start(424)) - Starting XceiverServerRatis de422f88-f067-42c5-9741-971d3fd4b460 at port 0
2019-10-21 05:28:50,626 [Datanode State Machine Thread - 0] INFO  impl.RaftServerProxy (RaftServerProxy.java:lambda$start$3(299)) - de422f88-f067-42c5-9741-971d3fd4b460: start RPC server
2019-10-21 05:28:50,627 [Datanode State Machine Thread - 0] INFO  server.GrpcService (GrpcService.java:startImpl(158)) - de422f88-f067-42c5-9741-971d3fd4b460: GrpcService started, listening on 0.0.0.0/0.0.0.0:37219
2019-10-21 05:28:50,628 [Datanode State Machine Thread - 0] INFO  ratis.XceiverServerRatis (XceiverServerRatis.java:start(434)) - XceiverServerRatis de422f88-f067-42c5-9741-971d3fd4b460 is started using port 37219
2019-10-21 05:28:50,629 [Datanode State Machine Thread - 0] INFO  server.XceiverServerGrpc (XceiverServerGrpc.java:start(149)) - XceiverServerGrpc de422f88-f067-42c5-9741-971d3fd4b460 is started using port 36300
2019-10-21 05:28:51,551 [main] INFO  ozone.MiniOzoneClusterImpl (MiniOzoneClusterImpl.java:lambda$waitForClusterToBeReady$2(170)) - Waiting for cluster to be ready. Got 0 of 3 DN Heartbeats.
2019-10-21 05:28:52,324 [IPC Server handler 1 on 35451] INFO  net.NetworkTopology (NetworkTopologyImpl.java:add(111)) - Added a new node: /default-rack/756d617c-4df0-4d16-a449-32c84fd3d9b4
2019-10-21 05:28:52,325 [IPC Server handler 1 on 35451] INFO  node.SCMNodeManager (SCMNodeManager.java:register(268)) - Registered Data node : 756d617c-4df0-4d16-a449-32c84fd3d9b4{ip: 192.168.164.197, host: pr-hdds-1868-qzls5-2202220713, networkLocation: /default-rack, certSerialId: null}
2019-10-21 05:28:52,327 [EventQueue-NodeRegistrationContainerReportForDataNodeSafeModeRule] INFO  safemode.SCMSafeModeManager (DataNodeSafeModeRule.java:process(71)) - SCM in safe mode. 1 DataNodes registered, 1 required.
2019-10-21 05:28:52,327 [EventQueue-NodeRegistrationContainerReportForDataNodeSafeModeRule] INFO  safemode.SCMSafeModeManager (SCMSafeModeManager.java:validateSafeModeExitRules(177)) - ScmSafeModeManager, all rules are successfully validated
2019-10-21 05:28:52,327 [EventQueue-NodeRegistrationContainerReportForDataNodeSafeModeRule] INFO  safemode.SCMSafeModeManager (SCMSafeModeManager.java:exitSafeMode(193)) - SCM exiting safe mode.
2019-10-21 05:28:52,460 [IPC Server handler 2 on 35451] INFO  net.NetworkTopology (NetworkTopologyImpl.java:add(111)) - Added a new node: /default-rack/10936abf-a8c2-471d-9c61-a43b910bc959
2019-10-21 05:28:52,460 [IPC Server handler 2 on 35451] INFO  node.SCMNodeManager (SCMNodeManager.java:register(268)) - Registered Data node : 10936abf-a8c2-471d-9c61-a43b910bc959{ip: 192.168.164.197, host: pr-hdds-1868-qzls5-2202220713, networkLocation: /default-rack, certSerialId: null}
2019-10-21 05:28:52,552 [IPC Server handler 0 on 35451] INFO  net.NetworkTopology (NetworkTopologyImpl.java:add(111)) - Added a new node: /default-rack/de422f88-f067-42c5-9741-971d3fd4b460
2019-10-21 05:28:52,552 [IPC Server handler 0 on 35451] INFO  node.SCMNodeManager (SCMNodeManager.java:register(268)) - Registered Data node : de422f88-f067-42c5-9741-971d3fd4b460{ip: 192.168.164.197, host: pr-hdds-1868-qzls5-2202220713, networkLocation: /default-rack, certSerialId: null}
2019-10-21 05:28:52,753 [grpc-default-executor-0] INFO  impl.RaftServerProxy (RaftServerProxy.java:addNew(89)) - 756d617c-4df0-4d16-a449-32c84fd3d9b4: addNew group-C7906BD91538:[756d617c-4df0-4d16-a449-32c84fd3d9b4:192.168.164.197:42479] returns group-C7906BD91538:java.util.concurrent.CompletableFuture@203ed059[Not completed]
2019-10-21 05:28:52,769 [pool-27-thread-1] INFO  impl.RaftServerImpl (RaftServerImpl.java:<init>(98)) - 756d617c-4df0-4d16-a449-32c84fd3d9b4: new RaftServerImpl for group-C7906BD91538:[756d617c-4df0-4d16-a449-32c84fd3d9b4:192.168.164.197:42479] with ContainerStateMachine:uninitialized
2019-10-21 05:28:52,771 [pool-27-thread-1] INFO  server.RaftServerConfigKeys (ConfUtils.java:logGet(43)) - raft.server.rpc.timeout.min = 5s (custom)
2019-10-21 05:28:52,772 [pool-27-thread-1] INFO  server.RaftServerConfigKeys (ConfUtils.java:logGet(43)) - raft.server.rpc.timeout.max = 5200ms (custom)
2019-10-21 05:28:52,772 [pool-27-thread-1] INFO  server.RaftServerConfigKeys (ConfUtils.java:logGet(43)) - raft.server.rpcslowness.timeout = 1000s (custom)
2019-10-21 05:28:52,772 [pool-27-thread-1] INFO  server.RaftServerConfigKeys (ConfUtils.java:logGet(43)) - raft.server.sleep.deviation.threshold = 300 (default)
2019-10-21 05:28:52,773 [pool-27-thread-1] INFO  server.RaftServerConfigKeys (ConfUtils.java:logGet(43)) - raft.server.log.appender.install.snapshot.enabled = false (custom)
2019-10-21 05:28:52,780 [pool-27-thread-1] INFO  impl.RaftServerImpl (ServerState.java:<init>(103)) - 756d617c-4df0-4d16-a449-32c84fd3d9b4@group-C7906BD91538: ConfigurationManager, init=-1: [756d617c-4df0-4d16-a449-32c84fd3d9b4:192.168.164.197:42479], old=null, confs=<EMPTY_MAP>
2019-10-21 05:28:52,780 [pool-27-thread-1] INFO  server.RaftServerConfigKeys (ConfUtils.java:logGet(43)) - raft.server.storage.dir = [/workdir/hadoop-ozone/integration-test/target/test-dir/MiniOzoneClusterImpl-a605ea08-6c65-4b38-80f2-5db36cdad253/datanode-0/data/ratis] (custom)
2019-10-21 05:28:52,785 [pool-27-thread-1] INFO  server.RaftServerConfigKeys (ConfUtils.java:logGet(43)) - raft.server.log.corruption.policy = EXCEPTION (default)
2019-10-21 05:28:52,787 [pool-27-thread-1] INFO  storage.RaftStorageDirectory (RaftStorageDirectory.java:analyzeStorage(246)) - The storage directory /workdir/hadoop-ozone/integration-test/target/test-dir/MiniOzoneClusterImpl-a605ea08-6c65-4b38-80f2-5db36cdad253/datanode-0/data/ratis/99edb24d-d01a-4909-88a1-c7906bd91538 does not exist. Creating ...
2019-10-21 05:28:52,836 [pool-27-thread-1] INFO  storage.RaftStorageDirectory (RaftStorageDirectory.java:tryLock(328)) - Lock on /workdir/hadoop-ozone/integration-test/target/test-dir/MiniOzoneClusterImpl-a605ea08-6c65-4b38-80f2-5db36cdad253/datanode-0/data/ratis/99edb24d-d01a-4909-88a1-c7906bd91538/in_use.lock acquired by nodename 1954@pr-hdds-1868-qzls5-2202220713
2019-10-21 05:28:52,880 [pool-27-thread-1] INFO  storage.RaftStorage (RaftStorage.java:format(84)) - Storage directory /workdir/hadoop-ozone/integration-test/target/test-dir/MiniOzoneClusterImpl-a605ea08-6c65-4b38-80f2-5db36cdad253/datanode-0/data/ratis/99edb24d-d01a-4909-88a1-c7906bd91538 has been successfully formatted.
2019-10-21 05:28:52,883 [pool-27-thread-1] INFO  ratis.ContainerStateMachine (ContainerStateMachine.java:loadSnapshot(233)) - group-C7906BD91538: The snapshot info is null. Setting the last applied indexto:(t:0, i:~)
2019-10-21 05:28:52,883 [pool-27-thread-1] INFO  server.RaftServerConfigKeys (ConfUtils.java:logGet(43)) - raft.server.notification.no-leader.timeout = 1000s (custom)
2019-10-21 05:28:52,885 [pool-27-thread-1] INFO  server.RaftServerConfigKeys (ConfUtils.java:logGet(43)) - raft.server.log.use.memory = false (default)
2019-10-21 05:28:52,893 [pool-27-thread-1] INFO  server.RaftServerConfigKeys (ConfUtils.java:logGet(43)) - raft.server.log.purge.gap = 1000000 (custom)
2019-10-21 05:28:52,894 [pool-27-thread-1] INFO  server.RaftServerConfigKeys (ConfUtils.java:logGet(43)) - raft.server.log.appender.buffer.byte-limit = 33554432 (custom)
2019-10-21 05:28:52,895 [pool-27-thread-1] INFO  server.RaftServerConfigKeys (ConfUtils.java:logGet(43)) - raft.server.log.segment.size.max = 1048576 (custom)
2019-10-21 05:28:52,900 [pool-27-thread-1] INFO  metrics.MetricRegistries (MetricRegistriesLoader.java:load(64)) - Loaded MetricRegistries class org.apache.ratis.metrics.impl.MetricRegistriesImpl
2019-10-21 05:28:52,904 [pool-27-thread-1] WARN  impl.MetricRegistriesImpl (MetricRegistriesImpl.java:lambda$create$1(61)) - First MetricRegistry has been created without registering reporters. You may need to call MetricRegistries.global().addReportRegistration(...) before.
2019-10-21 05:28:52,909 [pool-27-thread-1] INFO  server.RaftServerConfigKeys (ConfUtils.java:logGet(43)) - raft.server.log.segment.cache.num.max = 2 (custom)
2019-10-21 05:28:52,913 [pool-27-thread-1] INFO  segmented.SegmentedRaftLogWorker (SegmentedRaftLogWorker.java:<init>(173)) - new 756d617c-4df0-4d16-a449-32c84fd3d9b4@group-C7906BD91538-SegmentedRaftLogWorker for RaftStorage:Storage Directory /workdir/hadoop-ozone/integration-test/target/test-dir/MiniOzoneClusterImpl-a605ea08-6c65-4b38-80f2-5db36cdad253/datanode-0/data/ratis/99edb24d-d01a-4909-88a1-c7906bd91538
2019-10-21 05:28:52,914 [pool-27-thread-1] INFO  server.RaftServerConfigKeys (ConfUtils.java:logGet(43)) - raft.server.log.queue.byte-limit = 2147483647 (custom)
2019-10-21 05:28:52,914 [pool-27-thread-1] INFO  server.RaftServerConfigKeys (ConfUtils.java:logGet(43)) - raft.server.log.queue.element-limit = 1024 (custom)
2019-10-21 05:28:52,916 [pool-27-thread-1] INFO  server.RaftServerConfigKeys (ConfUtils.java:logGet(43)) - raft.server.log.segment.size.max = 1048576 (custom)
2019-10-21 05:28:52,917 [pool-27-thread-1] INFO  server.RaftServerConfigKeys (ConfUtils.java:logGet(43)) - raft.server.log.preallocated.size = 16384 (custom)
2019-10-21 05:28:52,917 [pool-27-thread-1] INFO  server.RaftServerConfigKeys (ConfUtils.java:logGet(43)) - raft.server.log.write.buffer.size = 33554432 (custom)
2019-10-21 05:28:52,917 [pool-27-thread-1] INFO  server.RaftServerConfigKeys (ConfUtils.java:logGet(43)) - raft.server.log.force.sync.num = 128 (default)
2019-10-21 05:28:52,918 [pool-27-thread-1] INFO  server.RaftServerConfigKeys (ConfUtils.java:logGet(43)) - raft.server.log.statemachine.data.sync = true (default)
2019-10-21 05:28:52,919 [pool-27-thread-1] INFO  server.RaftServerConfigKeys (ConfUtils.java:logGet(43)) - raft.server.log.statemachine.data.sync.timeout = 10s (default)
2019-10-21 05:28:52,919 [pool-27-thread-1] INFO  server.RaftServerConfigKeys (ConfUtils.java:logGet(43)) - raft.server.log.statemachine.data.sync.timeout.retry = -1 (default)
2019-10-21 05:28:52,928 [pool-27-thread-1] INFO  server.RaftServerConfigKeys (ConfUtils.java:logGet(43)) - raft.server.log.statemachine.data.caching.enabled = true (custom)
2019-10-21 05:28:52,943 [pool-27-thread-1] INFO  segmented.SegmentedRaftLogWorker (SegmentedRaftLogWorker.java:lambda$new$0(128)) - 756d617c-4df0-4d16-a449-32c84fd3d9b4@group-C7906BD91538-SegmentedRaftLogWorker: flushIndex: setUnconditionally 0 -> -1
2019-10-21 05:28:52,946 [pool-27-thread-1] INFO  server.RaftServerConfigKeys (ConfUtils.java:logGet(43)) - raft.server.snapshot.auto.trigger.enabled = true (custom)
2019-10-21 05:28:52,947 [pool-27-thread-1] INFO  server.RaftServerConfigKeys (ConfUtils.java:logGet(43)) - raft.server.snapshot.auto.trigger.threshold = 10000 (custom)
2019-10-21 05:28:52,947 [pool-27-thread-1] INFO  server.RaftServerConfigKeys (ConfUtils.java:logGet(43)) - raft.server.snapshot.retention.file.num = 5 (custom)
2019-10-21 05:28:52,948 [pool-27-thread-1] INFO  server.RaftServerConfigKeys (ConfUtils.java:logGet(43)) - raft.server.retrycache.expirytime = 600000ms (custom)
2019-10-21 05:28:52,964 [pool-27-thread-1] WARN  impl.MetricRegistriesImpl (MetricRegistriesImpl.java:lambda$create$1(61)) - First MetricRegistry has been created without registering reporters. You may need to call MetricRegistries.global().addReportRegistration(...) before.
2019-10-21 05:28:52,968 [pool-27-thread-1] WARN  impl.MetricRegistriesImpl (MetricRegistriesImpl.java:lambda$create$1(61)) - First MetricRegistry has been created without registering reporters. You may need to call MetricRegistries.global().addReportRegistration(...) before.
2019-10-21 05:28:52,969 [pool-27-thread-1] INFO  impl.RaftServerImpl (RaftServerImpl.java:start(184)) - 756d617c-4df0-4d16-a449-32c84fd3d9b4@group-C7906BD91538: start as a follower, conf=-1: [756d617c-4df0-4d16-a449-32c84fd3d9b4:192.168.164.197:42479], old=null
2019-10-21 05:28:52,970 [pool-27-thread-1] INFO  impl.RaftServerImpl (RaftServerImpl.java:setRole(173)) - 756d617c-4df0-4d16-a449-32c84fd3d9b4@group-C7906BD91538: changes role from      null to FOLLOWER at term 0 for startAsFollower
2019-10-21 05:28:52,971 [pool-27-thread-1] INFO  impl.RoleInfo (RoleInfo.java:updateAndGet(143)) - 756d617c-4df0-4d16-a449-32c84fd3d9b4: start FollowerState
2019-10-21 05:28:52,973 [pool-27-thread-1] INFO  util.JmxRegister (JmxRegister.java:tryRegister(44)) - Successfully registered JMX Bean with object name Ratis:service=RaftServer,group=group-C7906BD91538,id=756d617c-4df0-4d16-a449-32c84fd3d9b4
2019-10-21 05:28:52,974 [pool-27-thread-1] WARN  impl.MetricRegistriesImpl (MetricRegistriesImpl.java:lambda$create$1(61)) - First MetricRegistry has been created without registering reporters. You may need to call MetricRegistries.global().addReportRegistration(...) before.
2019-10-21 05:28:53,029 [RatisPipelineUtilsThread] INFO  pipeline.PipelineStateManager (PipelineStateManager.java:addPipeline(55)) - Created pipeline Pipeline[ Id: 99edb24d-d01a-4909-88a1-c7906bd91538, Nodes: 756d617c-4df0-4d16-a449-32c84fd3d9b4{ip: 192.168.164.197, host: pr-hdds-1868-qzls5-2202220713, networkLocation: /default-rack, certSerialId: null}, Type:RATIS, Factor:ONE, State:ALLOCATED]
2019-10-21 05:28:53,044 [grpc-default-executor-0] INFO  impl.RaftServerProxy (RaftServerProxy.java:addNew(89)) - de422f88-f067-42c5-9741-971d3fd4b460: addNew group-2DE4B9FAE7CC:[de422f88-f067-42c5-9741-971d3fd4b460:192.168.164.197:37219] returns group-2DE4B9FAE7CC:java.util.concurrent.CompletableFuture@5e12736a[Not completed]
2019-10-21 05:28:53,066 [pool-47-thread-1] INFO  impl.RaftServerImpl (RaftServerImpl.java:<init>(98)) - de422f88-f067-42c5-9741-971d3fd4b460: new RaftServerImpl for group-2DE4B9FAE7CC:[de422f88-f067-42c5-9741-971d3fd4b460:192.168.164.197:37219] with ContainerStateMachine:uninitialized
2019-10-21 05:28:53,067 [pool-47-thread-1] INFO  server.RaftServerConfigKeys (ConfUtils.java:logGet(43)) - raft.server.rpc.timeout.min = 5s (custom)
2019-10-21 05:28:53,068 [pool-47-thread-1] INFO  server.RaftServerConfigKeys (ConfUtils.java:logGet(43)) - raft.server.rpc.timeout.max = 5200ms (custom)
2019-10-21 05:28:53,068 [pool-47-thread-1] INFO  server.RaftServerConfigKeys (ConfUtils.java:logGet(43)) - raft.server.rpcslowness.timeout = 1000s (custom)
2019-10-21 05:28:53,068 [pool-47-thread-1] INFO  server.RaftServerConfigKeys (ConfUtils.java:logGet(43)) - raft.server.sleep.deviation.threshold = 300 (default)
2019-10-21 05:28:53,068 [pool-47-thread-1] INFO  server.RaftServerConfigKeys (ConfUtils.java:logGet(43)) - raft.server.log.appender.install.snapshot.enabled = false (custom)
2019-10-21 05:28:53,068 [pool-47-thread-1] INFO  impl.RaftServerImpl (ServerState.java:<init>(103)) - de422f88-f067-42c5-9741-971d3fd4b460@group-2DE4B9FAE7CC: ConfigurationManager, init=-1: [de422f88-f067-42c5-9741-971d3fd4b460:192.168.164.197:37219], old=null, confs=<EMPTY_MAP>
2019-10-21 05:28:53,068 [pool-47-thread-1] INFO  server.RaftServerConfigKeys (ConfUtils.java:logGet(43)) - raft.server.storage.dir = [/workdir/hadoop-ozone/integration-test/target/test-dir/MiniOzoneClusterImpl-a605ea08-6c65-4b38-80f2-5db36cdad253/datanode-2/data/ratis] (custom)
2019-10-21 05:28:53,069 [pool-47-thread-1] INFO  server.RaftServerConfigKeys (ConfUtils.java:logGet(43)) - raft.server.log.corruption.policy = EXCEPTION (default)
2019-10-21 05:28:53,069 [pool-47-thread-1] INFO  storage.RaftStorageDirectory (RaftStorageDirectory.java:analyzeStorage(246)) - The storage directory /workdir/hadoop-ozone/integration-test/target/test-dir/MiniOzoneClusterImpl-a605ea08-6c65-4b38-80f2-5db36cdad253/datanode-2/data/ratis/a0c7f9d8-1467-4bd6-a872-2de4b9fae7cc does not exist. Creating ...
2019-10-21 05:28:53,100 [pool-47-thread-1] INFO  storage.RaftStorageDirectory (RaftStorageDirectory.java:tryLock(328)) - Lock on /workdir/hadoop-ozone/integration-test/target/test-dir/MiniOzoneClusterImpl-a605ea08-6c65-4b38-80f2-5db36cdad253/datanode-2/data/ratis/a0c7f9d8-1467-4bd6-a872-2de4b9fae7cc/in_use.lock acquired by nodename 1954@pr-hdds-1868-qzls5-2202220713
2019-10-21 05:28:53,176 [pool-47-thread-1] INFO  storage.RaftStorage (RaftStorage.java:format(84)) - Storage directory /workdir/hadoop-ozone/integration-test/target/test-dir/MiniOzoneClusterImpl-a605ea08-6c65-4b38-80f2-5db36cdad253/datanode-2/data/ratis/a0c7f9d8-1467-4bd6-a872-2de4b9fae7cc has been successfully formatted.
2019-10-21 05:28:53,177 [pool-47-thread-1] INFO  ratis.ContainerStateMachine (ContainerStateMachine.java:loadSnapshot(233)) - group-2DE4B9FAE7CC: The snapshot info is null. Setting the last applied indexto:(t:0, i:~)
2019-10-21 05:28:53,178 [pool-47-thread-1] INFO  server.RaftServerConfigKeys (ConfUtils.java:logGet(43)) - raft.server.notification.no-leader.timeout = 1000s (custom)
2019-10-21 05:28:53,178 [pool-47-thread-1] INFO  server.RaftServerConfigKeys (ConfUtils.java:logGet(43)) - raft.server.log.use.memory = false (default)
2019-10-21 05:28:53,178 [pool-47-thread-1] INFO  server.RaftServerConfigKeys (ConfUtils.java:logGet(43)) - raft.server.log.purge.gap = 1000000 (custom)
2019-10-21 05:28:53,178 [pool-47-thread-1] INFO  server.RaftServerConfigKeys (ConfUtils.java:logGet(43)) - raft.server.log.appender.buffer.byte-limit = 33554432 (custom)
2019-10-21 05:28:53,178 [pool-47-thread-1] INFO  server.RaftServerConfigKeys (ConfUtils.java:logGet(43)) - raft.server.log.segment.size.max = 1048576 (custom)
2019-10-21 05:28:53,179 [pool-47-thread-1] WARN  impl.MetricRegistriesImpl (MetricRegistriesImpl.java:lambda$create$1(61)) - First MetricRegistry has been created without registering reporters. You may need to call MetricRegistries.global().addReportRegistration(...) before.
2019-10-21 05:28:53,179 [pool-47-thread-1] INFO  server.RaftServerConfigKeys (ConfUtils.java:logGet(43)) - raft.server.log.segment.cache.num.max = 2 (custom)
2019-10-21 05:28:53,179 [pool-47-thread-1] INFO  segmented.SegmentedRaftLogWorker (SegmentedRaftLogWorker.java:<init>(173)) - new de422f88-f067-42c5-9741-971d3fd4b460@group-2DE4B9FAE7CC-SegmentedRaftLogWorker for RaftStorage:Storage Directory /workdir/hadoop-ozone/integration-test/target/test-dir/MiniOzoneClusterImpl-a605ea08-6c65-4b38-80f2-5db36cdad253/datanode-2/data/ratis/a0c7f9d8-1467-4bd6-a872-2de4b9fae7cc
2019-10-21 05:28:53,180 [pool-47-thread-1] INFO  server.RaftServerConfigKeys (ConfUtils.java:logGet(43)) - raft.server.log.queue.byte-limit = 2147483647 (custom)
2019-10-21 05:28:53,180 [pool-47-thread-1] INFO  server.RaftServerConfigKeys (ConfUtils.java:logGet(43)) - raft.server.log.queue.element-limit = 1024 (custom)
2019-10-21 05:28:53,180 [pool-47-thread-1] INFO  server.RaftServerConfigKeys (ConfUtils.java:logGet(43)) - raft.server.log.segment.size.max = 1048576 (custom)
2019-10-21 05:28:53,180 [pool-47-thread-1] INFO  server.RaftServerConfigKeys (ConfUtils.java:logGet(43)) - raft.server.log.preallocated.size = 16384 (custom)
2019-10-21 05:28:53,180 [pool-47-thread-1] INFO  server.RaftServerConfigKeys (ConfUtils.java:logGet(43)) - raft.server.log.write.buffer.size = 33554432 (custom)
2019-10-21 05:28:53,180 [pool-47-thread-1] INFO  server.RaftServerConfigKeys (ConfUtils.java:logGet(43)) - raft.server.log.force.sync.num = 128 (default)
2019-10-21 05:28:53,181 [pool-47-thread-1] INFO  server.RaftServerConfigKeys (ConfUtils.java:logGet(43)) - raft.server.log.statemachine.data.sync = true (default)
2019-10-21 05:28:53,181 [pool-47-thread-1] INFO  server.RaftServerConfigKeys (ConfUtils.java:logGet(43)) - raft.server.log.statemachine.data.sync.timeout = 10s (default)
2019-10-21 05:28:53,181 [pool-47-thread-1] INFO  server.RaftServerConfigKeys (ConfUtils.java:logGet(43)) - raft.server.log.statemachine.data.sync.timeout.retry = -1 (default)
2019-10-21 05:28:53,181 [pool-47-thread-1] INFO  server.RaftServerConfigKeys (ConfUtils.java:logGet(43)) - raft.server.log.statemachine.data.caching.enabled = true (custom)
2019-10-21 05:28:53,181 [pool-47-thread-1] INFO  segmented.SegmentedRaftLogWorker (SegmentedRaftLogWorker.java:lambda$new$0(128)) - de422f88-f067-42c5-9741-971d3fd4b460@group-2DE4B9FAE7CC-SegmentedRaftLogWorker: flushIndex: setUnconditionally 0 -> -1
2019-10-21 05:28:53,182 [pool-47-thread-1] INFO  server.RaftServerConfigKeys (ConfUtils.java:logGet(43)) - raft.server.snapshot.auto.trigger.enabled = true (custom)
2019-10-21 05:28:53,182 [pool-47-thread-1] INFO  server.RaftServerConfigKeys (ConfUtils.java:logGet(43)) - raft.server.snapshot.auto.trigger.threshold = 10000 (custom)
2019-10-21 05:28:53,182 [pool-47-thread-1] INFO  server.RaftServerConfigKeys (ConfUtils.java:logGet(43)) - raft.server.snapshot.retention.file.num = 5 (custom)
2019-10-21 05:28:53,182 [pool-47-thread-1] INFO  server.RaftServerConfigKeys (ConfUtils.java:logGet(43)) - raft.server.retrycache.expirytime = 600000ms (custom)
2019-10-21 05:28:53,182 [pool-47-thread-1] WARN  impl.MetricRegistriesImpl (MetricRegistriesImpl.java:lambda$create$1(61)) - First MetricRegistry has been created without registering reporters. You may need to call MetricRegistries.global().addReportRegistration(...) before.
2019-10-21 05:28:53,182 [pool-47-thread-1] WARN  impl.MetricRegistriesImpl (MetricRegistriesImpl.java:lambda$create$1(61)) - First MetricRegistry has been created without registering reporters. You may need to call MetricRegistries.global().addReportRegistration(...) before.
2019-10-21 05:28:53,182 [pool-47-thread-1] INFO  impl.RaftServerImpl (RaftServerImpl.java:start(184)) - de422f88-f067-42c5-9741-971d3fd4b460@group-2DE4B9FAE7CC: start as a follower, conf=-1: [de422f88-f067-42c5-9741-971d3fd4b460:192.168.164.197:37219], old=null
2019-10-21 05:28:53,183 [pool-47-thread-1] INFO  impl.RaftServerImpl (RaftServerImpl.java:setRole(173)) - de422f88-f067-42c5-9741-971d3fd4b460@group-2DE4B9FAE7CC: changes role from      null to FOLLOWER at term 0 for startAsFollower
2019-10-21 05:28:53,183 [pool-47-thread-1] INFO  impl.RoleInfo (RoleInfo.java:updateAndGet(143)) - de422f88-f067-42c5-9741-971d3fd4b460: start FollowerState
2019-10-21 05:28:53,184 [pool-47-thread-1] INFO  util.JmxRegister (JmxRegister.java:tryRegister(44)) - Successfully registered JMX Bean with object name Ratis:service=RaftServer,group=group-2DE4B9FAE7CC,id=de422f88-f067-42c5-9741-971d3fd4b460
2019-10-21 05:28:53,184 [pool-47-thread-1] WARN  impl.MetricRegistriesImpl (MetricRegistriesImpl.java:lambda$create$1(61)) - First MetricRegistry has been created without registering reporters. You may need to call MetricRegistries.global().addReportRegistration(...) before.
2019-10-21 05:28:53,194 [RatisPipelineUtilsThread] INFO  pipeline.PipelineStateManager (PipelineStateManager.java:addPipeline(55)) - Created pipeline Pipeline[ Id: a0c7f9d8-1467-4bd6-a872-2de4b9fae7cc, Nodes: de422f88-f067-42c5-9741-971d3fd4b460{ip: 192.168.164.197, host: pr-hdds-1868-qzls5-2202220713, networkLocation: /default-rack, certSerialId: null}, Type:RATIS, Factor:ONE, State:ALLOCATED]
2019-10-21 05:28:53,207 [grpc-default-executor-0] INFO  impl.RaftServerProxy (RaftServerProxy.java:addNew(89)) - 10936abf-a8c2-471d-9c61-a43b910bc959: addNew group-B98D2E93DCA1:[10936abf-a8c2-471d-9c61-a43b910bc959:192.168.164.197:35893] returns group-B98D2E93DCA1:java.util.concurrent.CompletableFuture@4389f977[Not completed]
2019-10-21 05:28:53,216 [pool-37-thread-1] INFO  impl.RaftServerImpl (RaftServerImpl.java:<init>(98)) - 10936abf-a8c2-471d-9c61-a43b910bc959: new RaftServerImpl for group-B98D2E93DCA1:[10936abf-a8c2-471d-9c61-a43b910bc959:192.168.164.197:35893] with ContainerStateMachine:uninitialized
2019-10-21 05:28:53,216 [pool-37-thread-1] INFO  server.RaftServerConfigKeys (ConfUtils.java:logGet(43)) - raft.server.rpc.timeout.min = 5s (custom)
2019-10-21 05:28:53,217 [pool-37-thread-1] INFO  server.RaftServerConfigKeys (ConfUtils.java:logGet(43)) - raft.server.rpc.timeout.max = 5200ms (custom)
2019-10-21 05:28:53,217 [pool-37-thread-1] INFO  server.RaftServerConfigKeys (ConfUtils.java:logGet(43)) - raft.server.rpcslowness.timeout = 1000s (custom)
2019-10-21 05:28:53,217 [pool-37-thread-1] INFO  server.RaftServerConfigKeys (ConfUtils.java:logGet(43)) - raft.server.sleep.deviation.threshold = 300 (default)
2019-10-21 05:28:53,217 [pool-37-thread-1] INFO  server.RaftServerConfigKeys (ConfUtils.java:logGet(43)) - raft.server.log.appender.install.snapshot.enabled = false (custom)
2019-10-21 05:28:53,217 [pool-37-thread-1] INFO  impl.RaftServerImpl (ServerState.java:<init>(103)) - 10936abf-a8c2-471d-9c61-a43b910bc959@group-B98D2E93DCA1: ConfigurationManager, init=-1: [10936abf-a8c2-471d-9c61-a43b910bc959:192.168.164.197:35893], old=null, confs=<EMPTY_MAP>
2019-10-21 05:28:53,217 [pool-37-thread-1] INFO  server.RaftServerConfigKeys (ConfUtils.java:logGet(43)) - raft.server.storage.dir = [/workdir/hadoop-ozone/integration-test/target/test-dir/MiniOzoneClusterImpl-a605ea08-6c65-4b38-80f2-5db36cdad253/datanode-1/data/ratis] (custom)
2019-10-21 05:28:53,218 [pool-37-thread-1] INFO  server.RaftServerConfigKeys (ConfUtils.java:logGet(43)) - raft.server.log.corruption.policy = EXCEPTION (default)
2019-10-21 05:28:53,218 [pool-37-thread-1] INFO  storage.RaftStorageDirectory (RaftStorageDirectory.java:analyzeStorage(246)) - The storage directory /workdir/hadoop-ozone/integration-test/target/test-dir/MiniOzoneClusterImpl-a605ea08-6c65-4b38-80f2-5db36cdad253/datanode-1/data/ratis/cd077a89-c4c5-401a-9e6f-b98d2e93dca1 does not exist. Creating ...
2019-10-21 05:28:53,282 [pool-37-thread-1] INFO  storage.RaftStorageDirectory (RaftStorageDirectory.java:tryLock(328)) - Lock on /workdir/hadoop-ozone/integration-test/target/test-dir/MiniOzoneClusterImpl-a605ea08-6c65-4b38-80f2-5db36cdad253/datanode-1/data/ratis/cd077a89-c4c5-401a-9e6f-b98d2e93dca1/in_use.lock acquired by nodename 1954@pr-hdds-1868-qzls5-2202220713
2019-10-21 05:28:53,308 [pool-37-thread-1] INFO  storage.RaftStorage (RaftStorage.java:format(84)) - Storage directory /workdir/hadoop-ozone/integration-test/target/test-dir/MiniOzoneClusterImpl-a605ea08-6c65-4b38-80f2-5db36cdad253/datanode-1/data/ratis/cd077a89-c4c5-401a-9e6f-b98d2e93dca1 has been successfully formatted.
2019-10-21 05:28:53,308 [pool-37-thread-1] INFO  ratis.ContainerStateMachine (ContainerStateMachine.java:loadSnapshot(233)) - group-B98D2E93DCA1: The snapshot info is null. Setting the last applied indexto:(t:0, i:~)
2019-10-21 05:28:53,309 [pool-37-thread-1] INFO  server.RaftServerConfigKeys (ConfUtils.java:logGet(43)) - raft.server.notification.no-leader.timeout = 1000s (custom)
2019-10-21 05:28:53,309 [pool-37-thread-1] INFO  server.RaftServerConfigKeys (ConfUtils.java:logGet(43)) - raft.server.log.use.memory = false (default)
2019-10-21 05:28:53,309 [pool-37-thread-1] INFO  server.RaftServerConfigKeys (ConfUtils.java:logGet(43)) - raft.server.log.purge.gap = 1000000 (custom)
2019-10-21 05:28:53,309 [pool-37-thread-1] INFO  server.RaftServerConfigKeys (ConfUtils.java:logGet(43)) - raft.server.log.appender.buffer.byte-limit = 33554432 (custom)
2019-10-21 05:28:53,309 [pool-37-thread-1] INFO  server.RaftServerConfigKeys (ConfUtils.java:logGet(43)) - raft.server.log.segment.size.max = 1048576 (custom)
2019-10-21 05:28:53,309 [pool-37-thread-1] WARN  impl.MetricRegistriesImpl (MetricRegistriesImpl.java:lambda$create$1(61)) - First MetricRegistry has been created without registering reporters. You may need to call MetricRegistries.global().addReportRegistration(...) before.
2019-10-21 05:28:53,309 [pool-37-thread-1] INFO  server.RaftServerConfigKeys (ConfUtils.java:logGet(43)) - raft.server.log.segment.cache.num.max = 2 (custom)
2019-10-21 05:28:53,309 [pool-37-thread-1] INFO  segmented.SegmentedRaftLogWorker (SegmentedRaftLogWorker.java:<init>(173)) - new 10936abf-a8c2-471d-9c61-a43b910bc959@group-B98D2E93DCA1-SegmentedRaftLogWorker for RaftStorage:Storage Directory /workdir/hadoop-ozone/integration-test/target/test-dir/MiniOzoneClusterImpl-a605ea08-6c65-4b38-80f2-5db36cdad253/datanode-1/data/ratis/cd077a89-c4c5-401a-9e6f-b98d2e93dca1
2019-10-21 05:28:53,309 [pool-37-thread-1] INFO  server.RaftServerConfigKeys (ConfUtils.java:logGet(43)) - raft.server.log.queue.byte-limit = 2147483647 (custom)
2019-10-21 05:28:53,310 [pool-37-thread-1] INFO  server.RaftServerConfigKeys (ConfUtils.java:logGet(43)) - raft.server.log.queue.element-limit = 1024 (custom)
2019-10-21 05:28:53,310 [pool-37-thread-1] INFO  server.RaftServerConfigKeys (ConfUtils.java:logGet(43)) - raft.server.log.segment.size.max = 1048576 (custom)
2019-10-21 05:28:53,310 [pool-37-thread-1] INFO  server.RaftServerConfigKeys (ConfUtils.java:logGet(43)) - raft.server.log.preallocated.size = 16384 (custom)
2019-10-21 05:28:53,310 [pool-37-thread-1] INFO  server.RaftServerConfigKeys (ConfUtils.java:logGet(43)) - raft.server.log.write.buffer.size = 33554432 (custom)
2019-10-21 05:28:53,310 [pool-37-thread-1] INFO  server.RaftServerConfigKeys (ConfUtils.java:logGet(43)) - raft.server.log.force.sync.num = 128 (default)
2019-10-21 05:28:53,310 [pool-37-thread-1] INFO  server.RaftServerConfigKeys (ConfUtils.java:logGet(43)) - raft.server.log.statemachine.data.sync = true (default)
2019-10-21 05:28:53,310 [pool-37-thread-1] INFO  server.RaftServerConfigKeys (ConfUtils.java:logGet(43)) - raft.server.log.statemachine.data.sync.timeout = 10s (default)
2019-10-21 05:28:53,310 [pool-37-thread-1] INFO  server.RaftServerConfigKeys (ConfUtils.java:logGet(43)) - raft.server.log.statemachine.data.sync.timeout.retry = -1 (default)
2019-10-21 05:28:53,311 [pool-37-thread-1] INFO  server.RaftServerConfigKeys (ConfUtils.java:logGet(43)) - raft.server.log.statemachine.data.caching.enabled = true (custom)
2019-10-21 05:28:53,311 [pool-37-thread-1] INFO  segmented.SegmentedRaftLogWorker (SegmentedRaftLogWorker.java:lambda$new$0(128)) - 10936abf-a8c2-471d-9c61-a43b910bc959@group-B98D2E93DCA1-SegmentedRaftLogWorker: flushIndex: setUnconditionally 0 -> -1
2019-10-21 05:28:53,311 [pool-37-thread-1] INFO  server.RaftServerConfigKeys (ConfUtils.java:logGet(43)) - raft.server.snapshot.auto.trigger.enabled = true (custom)
2019-10-21 05:28:53,311 [pool-37-thread-1] INFO  server.RaftServerConfigKeys (ConfUtils.java:logGet(43)) - raft.server.snapshot.auto.trigger.threshold = 10000 (custom)
2019-10-21 05:28:53,312 [pool-37-thread-1] INFO  server.RaftServerConfigKeys (ConfUtils.java:logGet(43)) - raft.server.snapshot.retention.file.num = 5 (custom)
2019-10-21 05:28:53,312 [pool-37-thread-1] INFO  server.RaftServerConfigKeys (ConfUtils.java:logGet(43)) - raft.server.retrycache.expirytime = 600000ms (custom)
2019-10-21 05:28:53,312 [pool-37-thread-1] WARN  impl.MetricRegistriesImpl (MetricRegistriesImpl.java:lambda$create$1(61)) - First MetricRegistry has been created without registering reporters. You may need to call MetricRegistries.global().addReportRegistration(...) before.
2019-10-21 05:28:53,312 [pool-37-thread-1] WARN  impl.MetricRegistriesImpl (MetricRegistriesImpl.java:lambda$create$1(61)) - First MetricRegistry has been created without registering reporters. You may need to call MetricRegistries.global().addReportRegistration(...) before.
2019-10-21 05:28:53,312 [pool-37-thread-1] INFO  impl.RaftServerImpl (RaftServerImpl.java:start(184)) - 10936abf-a8c2-471d-9c61-a43b910bc959@group-B98D2E93DCA1: start as a follower, conf=-1: [10936abf-a8c2-471d-9c61-a43b910bc959:192.168.164.197:35893], old=null
2019-10-21 05:28:53,312 [pool-37-thread-1] INFO  impl.RaftServerImpl (RaftServerImpl.java:setRole(173)) - 10936abf-a8c2-471d-9c61-a43b910bc959@group-B98D2E93DCA1: changes role from      null to FOLLOWER at term 0 for startAsFollower
2019-10-21 05:28:53,312 [pool-37-thread-1] INFO  impl.RoleInfo (RoleInfo.java:updateAndGet(143)) - 10936abf-a8c2-471d-9c61-a43b910bc959: start FollowerState
2019-10-21 05:28:53,313 [pool-37-thread-1] INFO  util.JmxRegister (JmxRegister.java:tryRegister(44)) - Successfully registered JMX Bean with object name Ratis:service=RaftServer,group=group-B98D2E93DCA1,id=10936abf-a8c2-471d-9c61-a43b910bc959
2019-10-21 05:28:53,313 [pool-37-thread-1] WARN  impl.MetricRegistriesImpl (MetricRegistriesImpl.java:lambda$create$1(61)) - First MetricRegistry has been created without registering reporters. You may need to call MetricRegistries.global().addReportRegistration(...) before.
2019-10-21 05:28:53,321 [RatisPipelineUtilsThread] INFO  pipeline.PipelineStateManager (PipelineStateManager.java:addPipeline(55)) - Created pipeline Pipeline[ Id: cd077a89-c4c5-401a-9e6f-b98d2e93dca1, Nodes: 10936abf-a8c2-471d-9c61-a43b910bc959{ip: 192.168.164.197, host: pr-hdds-1868-qzls5-2202220713, networkLocation: /default-rack, certSerialId: null}, Type:RATIS, Factor:ONE, State:ALLOCATED]
2019-10-21 05:28:53,344 [grpc-default-executor-1] INFO  impl.RaftServerProxy (RaftServerProxy.java:addNew(89)) - 756d617c-4df0-4d16-a449-32c84fd3d9b4: addNew group-F0DE7DB92154:[10936abf-a8c2-471d-9c61-a43b910bc959:192.168.164.197:35893, 756d617c-4df0-4d16-a449-32c84fd3d9b4:192.168.164.197:42479, de422f88-f067-42c5-9741-971d3fd4b460:192.168.164.197:37219] returns group-F0DE7DB92154:java.util.concurrent.CompletableFuture@7c061bd7[Not completed]
2019-10-21 05:28:53,347 [grpc-default-executor-1] INFO  impl.RaftServerProxy (RaftServerProxy.java:addNew(89)) - de422f88-f067-42c5-9741-971d3fd4b460: addNew group-F0DE7DB92154:[10936abf-a8c2-471d-9c61-a43b910bc959:192.168.164.197:35893, 756d617c-4df0-4d16-a449-32c84fd3d9b4:192.168.164.197:42479, de422f88-f067-42c5-9741-971d3fd4b460:192.168.164.197:37219] returns group-F0DE7DB92154:java.util.concurrent.CompletableFuture@7839808f[Not completed]
2019-10-21 05:28:53,347 [pool-27-thread-1] INFO  impl.RaftServerImpl (RaftServerImpl.java:<init>(98)) - 756d617c-4df0-4d16-a449-32c84fd3d9b4: new RaftServerImpl for group-F0DE7DB92154:[10936abf-a8c2-471d-9c61-a43b910bc959:192.168.164.197:35893, 756d617c-4df0-4d16-a449-32c84fd3d9b4:192.168.164.197:42479, de422f88-f067-42c5-9741-971d3fd4b460:192.168.164.197:37219] with ContainerStateMachine:uninitialized
2019-10-21 05:28:53,347 [grpc-default-executor-2] INFO  impl.RaftServerProxy (RaftServerProxy.java:addNew(89)) - 10936abf-a8c2-471d-9c61-a43b910bc959: addNew group-F0DE7DB92154:[10936abf-a8c2-471d-9c61-a43b910bc959:192.168.164.197:35893, 756d617c-4df0-4d16-a449-32c84fd3d9b4:192.168.164.197:42479, de422f88-f067-42c5-9741-971d3fd4b460:192.168.164.197:37219] returns group-F0DE7DB92154:java.util.concurrent.CompletableFuture@21a3af4f[Not completed]
2019-10-21 05:28:53,347 [pool-27-thread-1] INFO  server.RaftServerConfigKeys (ConfUtils.java:logGet(43)) - raft.server.rpc.timeout.min = 5s (custom)
2019-10-21 05:28:53,348 [pool-27-thread-1] INFO  server.RaftServerConfigKeys (ConfUtils.java:logGet(43)) - raft.server.rpc.timeout.max = 5200ms (custom)
2019-10-21 05:28:53,348 [pool-27-thread-1] INFO  server.RaftServerConfigKeys (ConfUtils.java:logGet(43)) - raft.server.rpcslowness.timeout = 1000s (custom)
2019-10-21 05:28:53,348 [pool-27-thread-1] INFO  server.RaftServerConfigKeys (ConfUtils.java:logGet(43)) - raft.server.sleep.deviation.threshold = 300 (default)
2019-10-21 05:28:53,348 [pool-27-thread-1] INFO  server.RaftServerConfigKeys (ConfUtils.java:logGet(43)) - raft.server.log.appender.install.snapshot.enabled = false (custom)
2019-10-21 05:28:53,348 [pool-47-thread-1] INFO  impl.RaftServerImpl (RaftServerImpl.java:<init>(98)) - de422f88-f067-42c5-9741-971d3fd4b460: new RaftServerImpl for group-F0DE7DB92154:[10936abf-a8c2-471d-9c61-a43b910bc959:192.168.164.197:35893, 756d617c-4df0-4d16-a449-32c84fd3d9b4:192.168.164.197:42479, de422f88-f067-42c5-9741-971d3fd4b460:192.168.164.197:37219] with ContainerStateMachine:uninitialized
2019-10-21 05:28:53,348 [pool-27-thread-1] INFO  impl.RaftServerImpl (ServerState.java:<init>(103)) - 756d617c-4df0-4d16-a449-32c84fd3d9b4@group-F0DE7DB92154: ConfigurationManager, init=-1: [10936abf-a8c2-471d-9c61-a43b910bc959:192.168.164.197:35893, 756d617c-4df0-4d16-a449-32c84fd3d9b4:192.168.164.197:42479, de422f88-f067-42c5-9741-971d3fd4b460:192.168.164.197:37219], old=null, confs=<EMPTY_MAP>
2019-10-21 05:28:53,348 [pool-47-thread-1] INFO  server.RaftServerConfigKeys (ConfUtils.java:logGet(43)) - raft.server.rpc.timeout.min = 5s (custom)
2019-10-21 05:28:53,348 [pool-27-thread-1] INFO  server.RaftServerConfigKeys (ConfUtils.java:logGet(43)) - raft.server.storage.dir = [/workdir/hadoop-ozone/integration-test/target/test-dir/MiniOzoneClusterImpl-a605ea08-6c65-4b38-80f2-5db36cdad253/datanode-0/data/ratis] (custom)
2019-10-21 05:28:53,348 [pool-47-thread-1] INFO  server.RaftServerConfigKeys (ConfUtils.java:logGet(43)) - raft.server.rpc.timeout.max = 5200ms (custom)
2019-10-21 05:28:53,349 [pool-47-thread-1] INFO  server.RaftServerConfigKeys (ConfUtils.java:logGet(43)) - raft.server.rpcslowness.timeout = 1000s (custom)
2019-10-21 05:28:53,349 [pool-47-thread-1] INFO  server.RaftServerConfigKeys (ConfUtils.java:logGet(43)) - raft.server.sleep.deviation.threshold = 300 (default)
2019-10-21 05:28:53,349 [pool-27-thread-1] INFO  server.RaftServerConfigKeys (ConfUtils.java:logGet(43)) - raft.server.log.corruption.policy = EXCEPTION (default)
2019-10-21 05:28:53,349 [pool-37-thread-1] INFO  impl.RaftServerImpl (RaftServerImpl.java:<init>(98)) - 10936abf-a8c2-471d-9c61-a43b910bc959: new RaftServerImpl for group-F0DE7DB92154:[10936abf-a8c2-471d-9c61-a43b910bc959:192.168.164.197:35893, 756d617c-4df0-4d16-a449-32c84fd3d9b4:192.168.164.197:42479, de422f88-f067-42c5-9741-971d3fd4b460:192.168.164.197:37219] with ContainerStateMachine:uninitialized
2019-10-21 05:28:53,349 [pool-47-thread-1] INFO  server.RaftServerConfigKeys (ConfUtils.java:logGet(43)) - raft.server.log.appender.install.snapshot.enabled = false (custom)
2019-10-21 05:28:53,349 [pool-37-thread-1] INFO  server.RaftServerConfigKeys (ConfUtils.java:logGet(43)) - raft.server.rpc.timeout.min = 5s (custom)
2019-10-21 05:28:53,349 [pool-27-thread-1] INFO  storage.RaftStorageDirectory (RaftStorageDirectory.java:analyzeStorage(246)) - The storage directory /workdir/hadoop-ozone/integration-test/target/test-dir/MiniOzoneClusterImpl-a605ea08-6c65-4b38-80f2-5db36cdad253/datanode-0/data/ratis/08a9cb43-d9bf-4034-a756-f0de7db92154 does not exist. Creating ...
2019-10-21 05:28:53,349 [pool-37-thread-1] INFO  server.RaftServerConfigKeys (ConfUtils.java:logGet(43)) - raft.server.rpc.timeout.max = 5200ms (custom)
2019-10-21 05:28:53,349 [pool-47-thread-1] INFO  impl.RaftServerImpl (ServerState.java:<init>(103)) - de422f88-f067-42c5-9741-971d3fd4b460@group-F0DE7DB92154: ConfigurationManager, init=-1: [10936abf-a8c2-471d-9c61-a43b910bc959:192.168.164.197:35893, 756d617c-4df0-4d16-a449-32c84fd3d9b4:192.168.164.197:42479, de422f88-f067-42c5-9741-971d3fd4b460:192.168.164.197:37219], old=null, confs=<EMPTY_MAP>
2019-10-21 05:28:53,349 [pool-37-thread-1] INFO  server.RaftServerConfigKeys (ConfUtils.java:logGet(43)) - raft.server.rpcslowness.timeout = 1000s (custom)
2019-10-21 05:28:53,349 [pool-47-thread-1] INFO  server.RaftServerConfigKeys (ConfUtils.java:logGet(43)) - raft.server.storage.dir = [/workdir/hadoop-ozone/integration-test/target/test-dir/MiniOzoneClusterImpl-a605ea08-6c65-4b38-80f2-5db36cdad253/datanode-2/data/ratis] (custom)
2019-10-21 05:28:53,350 [pool-37-thread-1] INFO  server.RaftServerConfigKeys (ConfUtils.java:logGet(43)) - raft.server.sleep.deviation.threshold = 300 (default)
2019-10-21 05:28:53,350 [pool-47-thread-1] INFO  server.RaftServerConfigKeys (ConfUtils.java:logGet(43)) - raft.server.log.corruption.policy = EXCEPTION (default)
2019-10-21 05:28:53,350 [pool-37-thread-1] INFO  server.RaftServerConfigKeys (ConfUtils.java:logGet(43)) - raft.server.log.appender.install.snapshot.enabled = false (custom)
2019-10-21 05:28:53,350 [pool-47-thread-1] INFO  storage.RaftStorageDirectory (RaftStorageDirectory.java:analyzeStorage(246)) - The storage directory /workdir/hadoop-ozone/integration-test/target/test-dir/MiniOzoneClusterImpl-a605ea08-6c65-4b38-80f2-5db36cdad253/datanode-2/data/ratis/08a9cb43-d9bf-4034-a756-f0de7db92154 does not exist. Creating ...
2019-10-21 05:28:53,350 [pool-37-thread-1] INFO  impl.RaftServerImpl (ServerState.java:<init>(103)) - 10936abf-a8c2-471d-9c61-a43b910bc959@group-F0DE7DB92154: ConfigurationManager, init=-1: [10936abf-a8c2-471d-9c61-a43b910bc959:192.168.164.197:35893, 756d617c-4df0-4d16-a449-32c84fd3d9b4:192.168.164.197:42479, de422f88-f067-42c5-9741-971d3fd4b460:192.168.164.197:37219], old=null, confs=<EMPTY_MAP>
2019-10-21 05:28:53,350 [pool-37-thread-1] INFO  server.RaftServerConfigKeys (ConfUtils.java:logGet(43)) - raft.server.storage.dir = [/workdir/hadoop-ozone/integration-test/target/test-dir/MiniOzoneClusterImpl-a605ea08-6c65-4b38-80f2-5db36cdad253/datanode-1/data/ratis] (custom)
2019-10-21 05:28:53,350 [pool-37-thread-1] INFO  server.RaftServerConfigKeys (ConfUtils.java:logGet(43)) - raft.server.log.corruption.policy = EXCEPTION (default)
2019-10-21 05:28:53,351 [pool-37-thread-1] INFO  storage.RaftStorageDirectory (RaftStorageDirectory.java:analyzeStorage(246)) - The storage directory /workdir/hadoop-ozone/integration-test/target/test-dir/MiniOzoneClusterImpl-a605ea08-6c65-4b38-80f2-5db36cdad253/datanode-1/data/ratis/08a9cb43-d9bf-4034-a756-f0de7db92154 does not exist. Creating ...
2019-10-21 05:28:53,384 [pool-37-thread-1] INFO  storage.RaftStorageDirectory (RaftStorageDirectory.java:tryLock(328)) - Lock on /workdir/hadoop-ozone/integration-test/target/test-dir/MiniOzoneClusterImpl-a605ea08-6c65-4b38-80f2-5db36cdad253/datanode-1/data/ratis/08a9cb43-d9bf-4034-a756-f0de7db92154/in_use.lock acquired by nodename 1954@pr-hdds-1868-qzls5-2202220713
2019-10-21 05:28:53,384 [pool-47-thread-1] INFO  storage.RaftStorageDirectory (RaftStorageDirectory.java:tryLock(328)) - Lock on /workdir/hadoop-ozone/integration-test/target/test-dir/MiniOzoneClusterImpl-a605ea08-6c65-4b38-80f2-5db36cdad253/datanode-2/data/ratis/08a9cb43-d9bf-4034-a756-f0de7db92154/in_use.lock acquired by nodename 1954@pr-hdds-1868-qzls5-2202220713
2019-10-21 05:28:53,384 [pool-27-thread-1] INFO  storage.RaftStorageDirectory (RaftStorageDirectory.java:tryLock(328)) - Lock on /workdir/hadoop-ozone/integration-test/target/test-dir/MiniOzoneClusterImpl-a605ea08-6c65-4b38-80f2-5db36cdad253/datanode-0/data/ratis/08a9cb43-d9bf-4034-a756-f0de7db92154/in_use.lock acquired by nodename 1954@pr-hdds-1868-qzls5-2202220713
2019-10-21 05:28:53,408 [pool-27-thread-1] INFO  storage.RaftStorage (RaftStorage.java:format(84)) - Storage directory /workdir/hadoop-ozone/integration-test/target/test-dir/MiniOzoneClusterImpl-a605ea08-6c65-4b38-80f2-5db36cdad253/datanode-0/data/ratis/08a9cb43-d9bf-4034-a756-f0de7db92154 has been successfully formatted.
2019-10-21 05:28:53,408 [pool-47-thread-1] INFO  storage.RaftStorage (RaftStorage.java:format(84)) - Storage directory /workdir/hadoop-ozone/integration-test/target/test-dir/MiniOzoneClusterImpl-a605ea08-6c65-4b38-80f2-5db36cdad253/datanode-2/data/ratis/08a9cb43-d9bf-4034-a756-f0de7db92154 has been successfully formatted.
2019-10-21 05:28:53,408 [pool-37-thread-1] INFO  storage.RaftStorage (RaftStorage.java:format(84)) - Storage directory /workdir/hadoop-ozone/integration-test/target/test-dir/MiniOzoneClusterImpl-a605ea08-6c65-4b38-80f2-5db36cdad253/datanode-1/data/ratis/08a9cb43-d9bf-4034-a756-f0de7db92154 has been successfully formatted.
2019-10-21 05:28:53,409 [pool-47-thread-1] INFO  ratis.ContainerStateMachine (ContainerStateMachine.java:loadSnapshot(233)) - group-F0DE7DB92154: The snapshot info is null. Setting the last applied indexto:(t:0, i:~)
2019-10-21 05:28:53,409 [pool-27-thread-1] INFO  ratis.ContainerStateMachine (ContainerStateMachine.java:loadSnapshot(233)) - group-F0DE7DB92154: The snapshot info is null. Setting the last applied indexto:(t:0, i:~)
2019-10-21 05:28:53,409 [pool-47-thread-1] INFO  server.RaftServerConfigKeys (ConfUtils.java:logGet(43)) - raft.server.notification.no-leader.timeout = 1000s (custom)
2019-10-21 05:28:53,409 [pool-37-thread-1] INFO  ratis.ContainerStateMachine (ContainerStateMachine.java:loadSnapshot(233)) - group-F0DE7DB92154: The snapshot info is null. Setting the last applied indexto:(t:0, i:~)
2019-10-21 05:28:53,409 [pool-47-thread-1] INFO  server.RaftServerConfigKeys (ConfUtils.java:logGet(43)) - raft.server.log.use.memory = false (default)
2019-10-21 05:28:53,409 [pool-27-thread-1] INFO  server.RaftServerConfigKeys (ConfUtils.java:logGet(43)) - raft.server.notification.no-leader.timeout = 1000s (custom)
2019-10-21 05:28:53,409 [pool-47-thread-1] INFO  server.RaftServerConfigKeys (ConfUtils.java:logGet(43)) - raft.server.log.purge.gap = 1000000 (custom)
2019-10-21 05:28:53,409 [pool-37-thread-1] INFO  server.RaftServerConfigKeys (ConfUtils.java:logGet(43)) - raft.server.notification.no-leader.timeout = 1000s (custom)
2019-10-21 05:28:53,409 [pool-47-thread-1] INFO  server.RaftServerConfigKeys (ConfUtils.java:logGet(43)) - raft.server.log.appender.buffer.byte-limit = 33554432 (custom)
2019-10-21 05:28:53,409 [pool-27-thread-1] INFO  server.RaftServerConfigKeys (ConfUtils.java:logGet(43)) - raft.server.log.use.memory = false (default)
2019-10-21 05:28:53,410 [pool-47-thread-1] INFO  server.RaftServerConfigKeys (ConfUtils.java:logGet(43)) - raft.server.log.segment.size.max = 1048576 (custom)
2019-10-21 05:28:53,410 [pool-37-thread-1] INFO  server.RaftServerConfigKeys (ConfUtils.java:logGet(43)) - raft.server.log.use.memory = false (default)
2019-10-21 05:28:53,410 [pool-47-thread-1] INFO  server.RaftServerConfigKeys (ConfUtils.java:logGet(43)) - raft.server.log.segment.cache.num.max = 2 (custom)
2019-10-21 05:28:53,410 [pool-37-thread-1] INFO  server.RaftServerConfigKeys (ConfUtils.java:logGet(43)) - raft.server.log.purge.gap = 1000000 (custom)
2019-10-21 05:28:53,410 [pool-27-thread-1] INFO  server.RaftServerConfigKeys (ConfUtils.java:logGet(43)) - raft.server.log.purge.gap = 1000000 (custom)
2019-10-21 05:28:53,410 [pool-37-thread-1] INFO  server.RaftServerConfigKeys (ConfUtils.java:logGet(43)) - raft.server.log.appender.buffer.byte-limit = 33554432 (custom)
2019-10-21 05:28:53,410 [pool-47-thread-1] INFO  segmented.SegmentedRaftLogWorker (SegmentedRaftLogWorker.java:<init>(173)) - new de422f88-f067-42c5-9741-971d3fd4b460@group-F0DE7DB92154-SegmentedRaftLogWorker for RaftStorage:Storage Directory /workdir/hadoop-ozone/integration-test/target/test-dir/MiniOzoneClusterImpl-a605ea08-6c65-4b38-80f2-5db36cdad253/datanode-2/data/ratis/08a9cb43-d9bf-4034-a756-f0de7db92154
2019-10-21 05:28:53,410 [pool-37-thread-1] INFO  server.RaftServerConfigKeys (ConfUtils.java:logGet(43)) - raft.server.log.segment.size.max = 1048576 (custom)
2019-10-21 05:28:53,410 [pool-27-thread-1] INFO  server.RaftServerConfigKeys (ConfUtils.java:logGet(43)) - raft.server.log.appender.buffer.byte-limit = 33554432 (custom)
2019-10-21 05:28:53,410 [pool-37-thread-1] INFO  server.RaftServerConfigKeys (ConfUtils.java:logGet(43)) - raft.server.log.segment.cache.num.max = 2 (custom)
2019-10-21 05:28:53,410 [pool-47-thread-1] INFO  server.RaftServerConfigKeys (ConfUtils.java:logGet(43)) - raft.server.log.queue.byte-limit = 2147483647 (custom)
2019-10-21 05:28:53,411 [pool-37-thread-1] INFO  segmented.SegmentedRaftLogWorker (SegmentedRaftLogWorker.java:<init>(173)) - new 10936abf-a8c2-471d-9c61-a43b910bc959@group-F0DE7DB92154-SegmentedRaftLogWorker for RaftStorage:Storage Directory /workdir/hadoop-ozone/integration-test/target/test-dir/MiniOzoneClusterImpl-a605ea08-6c65-4b38-80f2-5db36cdad253/datanode-1/data/ratis/08a9cb43-d9bf-4034-a756-f0de7db92154
2019-10-21 05:28:53,411 [pool-27-thread-1] INFO  server.RaftServerConfigKeys (ConfUtils.java:logGet(43)) - raft.server.log.segment.size.max = 1048576 (custom)
2019-10-21 05:28:53,411 [pool-37-thread-1] INFO  server.RaftServerConfigKeys (ConfUtils.java:logGet(43)) - raft.server.log.queue.byte-limit = 2147483647 (custom)
2019-10-21 05:28:53,411 [pool-47-thread-1] INFO  server.RaftServerConfigKeys (ConfUtils.java:logGet(43)) - raft.server.log.queue.element-limit = 1024 (custom)
2019-10-21 05:28:53,411 [pool-37-thread-1] INFO  server.RaftServerConfigKeys (ConfUtils.java:logGet(43)) - raft.server.log.queue.element-limit = 1024 (custom)
2019-10-21 05:28:53,411 [pool-27-thread-1] INFO  server.RaftServerConfigKeys (ConfUtils.java:logGet(43)) - raft.server.log.segment.cache.num.max = 2 (custom)
2019-10-21 05:28:53,411 [pool-37-thread-1] INFO  server.RaftServerConfigKeys (ConfUtils.java:logGet(43)) - raft.server.log.segment.size.max = 1048576 (custom)
2019-10-21 05:28:53,411 [pool-47-thread-1] INFO  server.RaftServerConfigKeys (ConfUtils.java:logGet(43)) - raft.server.log.segment.size.max = 1048576 (custom)
2019-10-21 05:28:53,411 [pool-37-thread-1] INFO  server.RaftServerConfigKeys (ConfUtils.java:logGet(43)) - raft.server.log.preallocated.size = 16384 (custom)
2019-10-21 05:28:53,411 [pool-27-thread-1] INFO  segmented.SegmentedRaftLogWorker (SegmentedRaftLogWorker.java:<init>(173)) - new 756d617c-4df0-4d16-a449-32c84fd3d9b4@group-F0DE7DB92154-SegmentedRaftLogWorker for RaftStorage:Storage Directory /workdir/hadoop-ozone/integration-test/target/test-dir/MiniOzoneClusterImpl-a605ea08-6c65-4b38-80f2-5db36cdad253/datanode-0/data/ratis/08a9cb43-d9bf-4034-a756-f0de7db92154
2019-10-21 05:28:53,412 [pool-37-thread-1] INFO  server.RaftServerConfigKeys (ConfUtils.java:logGet(43)) - raft.server.log.write.buffer.size = 33554432 (custom)
2019-10-21 05:28:53,412 [pool-47-thread-1] INFO  server.RaftServerConfigKeys (ConfUtils.java:logGet(43)) - raft.server.log.preallocated.size = 16384 (custom)
2019-10-21 05:28:53,412 [pool-37-thread-1] INFO  server.RaftServerConfigKeys (ConfUtils.java:logGet(43)) - raft.server.log.force.sync.num = 128 (default)
2019-10-21 05:28:53,412 [pool-27-thread-1] INFO  server.RaftServerConfigKeys (ConfUtils.java:logGet(43)) - raft.server.log.queue.byte-limit = 2147483647 (custom)
2019-10-21 05:28:53,412 [pool-37-thread-1] INFO  server.RaftServerConfigKeys (ConfUtils.java:logGet(43)) - raft.server.log.statemachine.data.sync = true (default)
2019-10-21 05:28:53,412 [pool-47-thread-1] INFO  server.RaftServerConfigKeys (ConfUtils.java:logGet(43)) - raft.server.log.write.buffer.size = 33554432 (custom)
2019-10-21 05:28:53,412 [pool-37-thread-1] INFO  server.RaftServerConfigKeys (ConfUtils.java:logGet(43)) - raft.server.log.statemachine.data.sync.timeout = 10s (default)
2019-10-21 05:28:53,412 [pool-27-thread-1] INFO  server.RaftServerConfigKeys (ConfUtils.java:logGet(43)) - raft.server.log.queue.element-limit = 1024 (custom)
2019-10-21 05:28:53,412 [pool-37-thread-1] INFO  server.RaftServerConfigKeys (ConfUtils.java:logGet(43)) - raft.server.log.statemachine.data.sync.timeout.retry = -1 (default)
2019-10-21 05:28:53,412 [pool-47-thread-1] INFO  server.RaftServerConfigKeys (ConfUtils.java:logGet(43)) - raft.server.log.force.sync.num = 128 (default)
2019-10-21 05:28:53,413 [pool-27-thread-1] INFO  server.RaftServerConfigKeys (ConfUtils.java:logGet(43)) - raft.server.log.segment.size.max = 1048576 (custom)
2019-10-21 05:28:53,413 [pool-37-thread-1] INFO  server.RaftServerConfigKeys (ConfUtils.java:logGet(43)) - raft.server.log.statemachine.data.caching.enabled = true (custom)
2019-10-21 05:28:53,413 [pool-47-thread-1] INFO  server.RaftServerConfigKeys (ConfUtils.java:logGet(43)) - raft.server.log.statemachine.data.sync = true (default)
2019-10-21 05:28:53,413 [pool-27-thread-1] INFO  server.RaftServerConfigKeys (ConfUtils.java:logGet(43)) - raft.server.log.preallocated.size = 16384 (custom)
2019-10-21 05:28:53,413 [pool-47-thread-1] INFO  server.RaftServerConfigKeys (ConfUtils.java:logGet(43)) - raft.server.log.statemachine.data.sync.timeout = 10s (default)
2019-10-21 05:28:53,413 [pool-27-thread-1] INFO  server.RaftServerConfigKeys (ConfUtils.java:logGet(43)) - raft.server.log.write.buffer.size = 33554432 (custom)
2019-10-21 05:28:53,413 [pool-37-thread-1] INFO  segmented.SegmentedRaftLogWorker (SegmentedRaftLogWorker.java:lambda$new$0(128)) - 10936abf-a8c2-471d-9c61-a43b910bc959@group-F0DE7DB92154-SegmentedRaftLogWorker: flushIndex: setUnconditionally 0 -> -1
2019-10-21 05:28:53,413 [pool-27-thread-1] INFO  server.RaftServerConfigKeys (ConfUtils.java:logGet(43)) - raft.server.log.force.sync.num = 128 (default)
2019-10-21 05:28:53,413 [pool-47-thread-1] INFO  server.RaftServerConfigKeys (ConfUtils.java:logGet(43)) - raft.server.log.statemachine.data.sync.timeout.retry = -1 (default)
2019-10-21 05:28:53,414 [pool-37-thread-1] INFO  server.RaftServerConfigKeys (ConfUtils.java:logGet(43)) - raft.server.snapshot.auto.trigger.enabled = true (custom)
2019-10-21 05:28:53,414 [pool-27-thread-1] INFO  server.RaftServerConfigKeys (ConfUtils.java:logGet(43)) - raft.server.log.statemachine.data.sync = true (default)
2019-10-21 05:28:53,414 [pool-37-thread-1] INFO  server.RaftServerConfigKeys (ConfUtils.java:logGet(43)) - raft.server.snapshot.auto.trigger.threshold = 10000 (custom)
2019-10-21 05:28:53,414 [pool-47-thread-1] INFO  server.RaftServerConfigKeys (ConfUtils.java:logGet(43)) - raft.server.log.statemachine.data.caching.enabled = true (custom)
2019-10-21 05:28:53,414 [pool-37-thread-1] INFO  server.RaftServerConfigKeys (ConfUtils.java:logGet(43)) - raft.server.snapshot.retention.file.num = 5 (custom)
2019-10-21 05:28:53,414 [pool-27-thread-1] INFO  server.RaftServerConfigKeys (ConfUtils.java:logGet(43)) - raft.server.log.statemachine.data.sync.timeout = 10s (default)
2019-10-21 05:28:53,414 [pool-47-thread-1] INFO  segmented.SegmentedRaftLogWorker (SegmentedRaftLogWorker.java:lambda$new$0(128)) - de422f88-f067-42c5-9741-971d3fd4b460@group-F0DE7DB92154-SegmentedRaftLogWorker: flushIndex: setUnconditionally 0 -> -1
2019-10-21 05:28:53,414 [pool-27-thread-1] INFO  server.RaftServerConfigKeys (ConfUtils.java:logGet(43)) - raft.server.log.statemachine.data.sync.timeout.retry = -1 (default)
2019-10-21 05:28:53,414 [pool-37-thread-1] INFO  server.RaftServerConfigKeys (ConfUtils.java:logGet(43)) - raft.server.retrycache.expirytime = 600000ms (custom)
2019-10-21 05:28:53,414 [pool-47-thread-1] INFO  server.RaftServerConfigKeys (ConfUtils.java:logGet(43)) - raft.server.snapshot.auto.trigger.enabled = true (custom)
2019-10-21 05:28:53,415 [pool-37-thread-1] WARN  impl.MetricRegistriesImpl (MetricRegistriesImpl.java:lambda$create$1(61)) - First MetricRegistry has been created without registering reporters. You may need to call MetricRegistries.global().addReportRegistration(...) before.
2019-10-21 05:28:53,415 [pool-47-thread-1] INFO  server.RaftServerConfigKeys (ConfUtils.java:logGet(43)) - raft.server.snapshot.auto.trigger.threshold = 10000 (custom)
2019-10-21 05:28:53,414 [pool-27-thread-1] INFO  server.RaftServerConfigKeys (ConfUtils.java:logGet(43)) - raft.server.log.statemachine.data.caching.enabled = true (custom)
2019-10-21 05:28:53,415 [pool-47-thread-1] INFO  server.RaftServerConfigKeys (ConfUtils.java:logGet(43)) - raft.server.snapshot.retention.file.num = 5 (custom)
2019-10-21 05:28:53,415 [pool-37-thread-1] WARN  impl.MetricRegistriesImpl (MetricRegistriesImpl.java:lambda$create$1(61)) - First MetricRegistry has been created without registering reporters. You may need to call MetricRegistries.global().addReportRegistration(...) before.
2019-10-21 05:28:53,415 [pool-47-thread-1] INFO  server.RaftServerConfigKeys (ConfUtils.java:logGet(43)) - raft.server.retrycache.expirytime = 600000ms (custom)
2019-10-21 05:28:53,415 [pool-27-thread-1] INFO  segmented.SegmentedRaftLogWorker (SegmentedRaftLogWorker.java:lambda$new$0(128)) - 756d617c-4df0-4d16-a449-32c84fd3d9b4@group-F0DE7DB92154-SegmentedRaftLogWorker: flushIndex: setUnconditionally 0 -> -1
2019-10-21 05:28:53,415 [pool-37-thread-1] INFO  impl.RaftServerImpl (RaftServerImpl.java:start(184)) - 10936abf-a8c2-471d-9c61-a43b910bc959@group-F0DE7DB92154: start as a follower, conf=-1: [10936abf-a8c2-471d-9c61-a43b910bc959:192.168.164.197:35893, 756d617c-4df0-4d16-a449-32c84fd3d9b4:192.168.164.197:42479, de422f88-f067-42c5-9741-971d3fd4b460:192.168.164.197:37219], old=null
2019-10-21 05:28:53,415 [pool-47-thread-1] WARN  impl.MetricRegistriesImpl (MetricRegistriesImpl.java:lambda$create$1(61)) - First MetricRegistry has been created without registering reporters. You may need to call MetricRegistries.global().addReportRegistration(...) before.
2019-10-21 05:28:53,415 [pool-27-thread-1] INFO  server.RaftServerConfigKeys (ConfUtils.java:logGet(43)) - raft.server.snapshot.auto.trigger.enabled = true (custom)
2019-10-21 05:28:53,415 [pool-37-thread-1] INFO  impl.RaftServerImpl (RaftServerImpl.java:setRole(173)) - 10936abf-a8c2-471d-9c61-a43b910bc959@group-F0DE7DB92154: changes role from      null to FOLLOWER at term 0 for startAsFollower
2019-10-21 05:28:53,415 [pool-27-thread-1] INFO  server.RaftServerConfigKeys (ConfUtils.java:logGet(43)) - raft.server.snapshot.auto.trigger.threshold = 10000 (custom)
2019-10-21 05:28:53,415 [pool-47-thread-1] WARN  impl.MetricRegistriesImpl (MetricRegistriesImpl.java:lambda$create$1(61)) - First MetricRegistry has been created without registering reporters. You may need to call MetricRegistries.global().addReportRegistration(...) before.
2019-10-21 05:28:53,416 [pool-37-thread-1] INFO  impl.RoleInfo (RoleInfo.java:updateAndGet(143)) - 10936abf-a8c2-471d-9c61-a43b910bc959: start FollowerState
2019-10-21 05:28:53,416 [pool-47-thread-1] INFO  impl.RaftServerImpl (RaftServerImpl.java:start(184)) - de422f88-f067-42c5-9741-971d3fd4b460@group-F0DE7DB92154: start as a follower, conf=-1: [10936abf-a8c2-471d-9c61-a43b910bc959:192.168.164.197:35893, 756d617c-4df0-4d16-a449-32c84fd3d9b4:192.168.164.197:42479, de422f88-f067-42c5-9741-971d3fd4b460:192.168.164.197:37219], old=null
2019-10-21 05:28:53,416 [pool-27-thread-1] INFO  server.RaftServerConfigKeys (ConfUtils.java:logGet(43)) - raft.server.snapshot.retention.file.num = 5 (custom)
2019-10-21 05:28:53,416 [pool-47-thread-1] INFO  impl.RaftServerImpl (RaftServerImpl.java:setRole(173)) - de422f88-f067-42c5-9741-971d3fd4b460@group-F0DE7DB92154: changes role from      null to FOLLOWER at term 0 for startAsFollower
2019-10-21 05:28:53,416 [pool-37-thread-1] INFO  util.JmxRegister (JmxRegister.java:tryRegister(44)) - Successfully registered JMX Bean with object name Ratis:service=RaftServer,group=group-F0DE7DB92154,id=10936abf-a8c2-471d-9c61-a43b910bc959
2019-10-21 05:28:53,416 [pool-27-thread-1] INFO  server.RaftServerConfigKeys (ConfUtils.java:logGet(43)) - raft.server.retrycache.expirytime = 600000ms (custom)
2019-10-21 05:28:53,416 [pool-47-thread-1] INFO  impl.RoleInfo (RoleInfo.java:updateAndGet(143)) - de422f88-f067-42c5-9741-971d3fd4b460: start FollowerState
2019-10-21 05:28:53,416 [pool-37-thread-1] WARN  impl.MetricRegistriesImpl (MetricRegistriesImpl.java:lambda$create$1(61)) - First MetricRegistry has been created without registering reporters. You may need to call MetricRegistries.global().addReportRegistration(...) before.
2019-10-21 05:28:53,416 [pool-27-thread-1] WARN  impl.MetricRegistriesImpl (MetricRegistriesImpl.java:lambda$create$1(61)) - First MetricRegistry has been created without registering reporters. You may need to call MetricRegistries.global().addReportRegistration(...) before.
2019-10-21 05:28:53,417 [pool-27-thread-1] WARN  impl.MetricRegistriesImpl (MetricRegistriesImpl.java:lambda$create$1(61)) - First MetricRegistry has been created without registering reporters. You may need to call MetricRegistries.global().addReportRegistration(...) before.
2019-10-21 05:28:53,417 [pool-47-thread-1] INFO  util.JmxRegister (JmxRegister.java:tryRegister(44)) - Successfully registered JMX Bean with object name Ratis:service=RaftServer,group=group-F0DE7DB92154,id=de422f88-f067-42c5-9741-971d3fd4b460
2019-10-21 05:28:53,417 [pool-27-thread-1] INFO  impl.RaftServerImpl (RaftServerImpl.java:start(184)) - 756d617c-4df0-4d16-a449-32c84fd3d9b4@group-F0DE7DB92154: start as a follower, conf=-1: [10936abf-a8c2-471d-9c61-a43b910bc959:192.168.164.197:35893, 756d617c-4df0-4d16-a449-32c84fd3d9b4:192.168.164.197:42479, de422f88-f067-42c5-9741-971d3fd4b460:192.168.164.197:37219], old=null
2019-10-21 05:28:53,417 [pool-47-thread-1] WARN  impl.MetricRegistriesImpl (MetricRegistriesImpl.java:lambda$create$1(61)) - First MetricRegistry has been created without registering reporters. You may need to call MetricRegistries.global().addReportRegistration(...) before.
2019-10-21 05:28:53,417 [pool-27-thread-1] INFO  impl.RaftServerImpl (RaftServerImpl.java:setRole(173)) - 756d617c-4df0-4d16-a449-32c84fd3d9b4@group-F0DE7DB92154: changes role from      null to FOLLOWER at term 0 for startAsFollower
2019-10-21 05:28:53,418 [pool-27-thread-1] INFO  impl.RoleInfo (RoleInfo.java:updateAndGet(143)) - 756d617c-4df0-4d16-a449-32c84fd3d9b4: start FollowerState
2019-10-21 05:28:53,420 [pool-27-thread-1] INFO  util.JmxRegister (JmxRegister.java:tryRegister(44)) - Successfully registered JMX Bean with object name Ratis:service=RaftServer,group=group-F0DE7DB92154,id=756d617c-4df0-4d16-a449-32c84fd3d9b4
2019-10-21 05:28:53,421 [pool-27-thread-1] WARN  impl.MetricRegistriesImpl (MetricRegistriesImpl.java:lambda$create$1(61)) - First MetricRegistry has been created without registering reporters. You may need to call MetricRegistries.global().addReportRegistration(...) before.
2019-10-21 05:28:53,435 [RatisPipelineUtilsThread] INFO  pipeline.PipelineStateManager (PipelineStateManager.java:addPipeline(55)) - Created pipeline Pipeline[ Id: 08a9cb43-d9bf-4034-a756-f0de7db92154, Nodes: de422f88-f067-42c5-9741-971d3fd4b460{ip: 192.168.164.197, host: pr-hdds-1868-qzls5-2202220713, networkLocation: /default-rack, certSerialId: null}756d617c-4df0-4d16-a449-32c84fd3d9b4{ip: 192.168.164.197, host: pr-hdds-1868-qzls5-2202220713, networkLocation: /default-rack, certSerialId: null}10936abf-a8c2-471d-9c61-a43b910bc959{ip: 192.168.164.197, host: pr-hdds-1868-qzls5-2202220713, networkLocation: /default-rack, certSerialId: null}, Type:RATIS, Factor:THREE, State:ALLOCATED]
2019-10-21 05:28:53,437 [main] INFO  ozone.MiniOzoneClusterImpl (MiniOzoneClusterImpl.java:lambda$waitForClusterToBeReady$2(162)) - Waiting for 4 number of pipelines out of 4, to report a leader.
2019-10-21 05:28:54,438 [main] INFO  ozone.MiniOzoneClusterImpl (MiniOzoneClusterImpl.java:lambda$waitForClusterToBeReady$2(162)) - Waiting for 4 number of pipelines out of 4, to report a leader.
2019-10-21 05:28:55,332 [Thread-181] INFO  container.ReplicationManager (ReplicationManager.java:start(162)) - Starting Replication Monitor Thread.
2019-10-21 05:28:55,334 [Thread-181] INFO  pipeline.SCMPipelineManager (SCMPipelineManager.java:finalizeAndDestroyPipeline(343)) - destroying pipeline:Pipeline[ Id: cd077a89-c4c5-401a-9e6f-b98d2e93dca1, Nodes: 10936abf-a8c2-471d-9c61-a43b910bc959{ip: 192.168.164.197, host: pr-hdds-1868-qzls5-2202220713, networkLocation: /default-rack, certSerialId: null}, Type:RATIS, Factor:ONE, State:ALLOCATED]
2019-10-21 05:28:55,334 [ReplicationMonitor] INFO  container.ReplicationManager (ReplicationManager.java:run(225)) - Replication Monitor Thread took 1 milliseconds for processing 0 containers.
2019-10-21 05:28:55,335 [Thread-181] INFO  pipeline.PipelineStateManager (PipelineStateManager.java:finalizePipeline(121)) - Pipeline Pipeline[ Id: cd077a89-c4c5-401a-9e6f-b98d2e93dca1, Nodes: 10936abf-a8c2-471d-9c61-a43b910bc959{ip: 192.168.164.197, host: pr-hdds-1868-qzls5-2202220713, networkLocation: /default-rack, certSerialId: null}, Type:RATIS, Factor:ONE, State:CLOSED] moved to CLOSED state
2019-10-21 05:28:55,354 [grpc-default-executor-2] INFO  impl.RaftServerProxy (RaftServerProxy.java:remove(95)) - 10936abf-a8c2-471d-9c61-a43b910bc959: remove  FOLLOWER 10936abf-a8c2-471d-9c61-a43b910bc959@group-B98D2E93DCA1:t0, leader=null, voted=null, raftlog=10936abf-a8c2-471d-9c61-a43b910bc959@group-B98D2E93DCA1-SegmentedRaftLog:OPENED:c-1,f-1,i0, conf=-1: [10936abf-a8c2-471d-9c61-a43b910bc959:192.168.164.197:35893], old=null RUNNING
2019-10-21 05:28:55,356 [grpc-default-executor-2] INFO  impl.RaftServerImpl (RaftServerImpl.java:lambda$shutdown$3(250)) - 10936abf-a8c2-471d-9c61-a43b910bc959@group-B98D2E93DCA1: shutdown
2019-10-21 05:28:55,356 [grpc-default-executor-2] INFO  util.JmxRegister (JmxRegister.java:unregister(73)) - Successfully un-registered JMX Bean with object name Ratis:service=RaftServer,group=group-B98D2E93DCA1,id=10936abf-a8c2-471d-9c61-a43b910bc959
2019-10-21 05:28:55,357 [grpc-default-executor-2] INFO  impl.RoleInfo (RoleInfo.java:shutdownFollowerState(121)) - 10936abf-a8c2-471d-9c61-a43b910bc959: shutdown FollowerState
2019-10-21 05:28:55,357 [Thread-192] INFO  impl.FollowerState (FollowerState.java:run(120)) - 10936abf-a8c2-471d-9c61-a43b910bc959@group-B98D2E93DCA1-FollowerState was interrupted: java.lang.InterruptedException: sleep interrupted
2019-10-21 05:28:55,357 [grpc-default-executor-2] INFO  impl.StateMachineUpdater (StateMachineUpdater.java:stopAndJoin(136)) - 10936abf-a8c2-471d-9c61-a43b910bc959@group-B98D2E93DCA1-StateMachineUpdater: set stopIndex = -1
2019-10-21 05:28:55,359 [grpc-default-executor-2] INFO  impl.RaftServerImpl (ServerState.java:close(387)) - 10936abf-a8c2-471d-9c61-a43b910bc959@group-B98D2E93DCA1: closes. applyIndex: -1
2019-10-21 05:28:55,362 [10936abf-a8c2-471d-9c61-a43b910bc959@group-B98D2E93DCA1-SegmentedRaftLogWorker] INFO  segmented.SegmentedRaftLogWorker (SegmentedRaftLogWorker.java:run(316)) - 10936abf-a8c2-471d-9c61-a43b910bc959@group-B98D2E93DCA1-SegmentedRaftLogWorker was interrupted, exiting. There are 0 tasks remaining in the queue.
2019-10-21 05:28:55,362 [grpc-default-executor-2] INFO  segmented.SegmentedRaftLogWorker (SegmentedRaftLogWorker.java:close(224)) - 10936abf-a8c2-471d-9c61-a43b910bc959@group-B98D2E93DCA1-SegmentedRaftLogWorker close()
2019-10-21 05:28:55,374 [Thread-181] INFO  pipeline.PipelineStateManager (PipelineStateManager.java:removePipeline(106)) - Pipeline Pipeline[ Id: cd077a89-c4c5-401a-9e6f-b98d2e93dca1, Nodes: 10936abf-a8c2-471d-9c61-a43b910bc959{ip: 192.168.164.197, host: pr-hdds-1868-qzls5-2202220713, networkLocation: /default-rack, certSerialId: null}, Type:RATIS, Factor:ONE, State:CLOSED] removed from db
2019-10-21 05:28:55,375 [Thread-181] INFO  pipeline.SCMPipelineManager (SCMPipelineManager.java:finalizeAndDestroyPipeline(343)) - destroying pipeline:Pipeline[ Id: 99edb24d-d01a-4909-88a1-c7906bd91538, Nodes: 756d617c-4df0-4d16-a449-32c84fd3d9b4{ip: 192.168.164.197, host: pr-hdds-1868-qzls5-2202220713, networkLocation: /default-rack, certSerialId: null}, Type:RATIS, Factor:ONE, State:ALLOCATED]
2019-10-21 05:28:55,384 [grpc-default-executor-2] INFO  impl.RaftServerProxy (RaftServerProxy.java:addNew(89)) - 10936abf-a8c2-471d-9c61-a43b910bc959: addNew group-A89C89C2D8EE:[10936abf-a8c2-471d-9c61-a43b910bc959:192.168.164.197:35893] returns group-A89C89C2D8EE:java.util.concurrent.CompletableFuture@779ed49[Not completed]
2019-10-21 05:28:55,385 [pool-37-thread-1] INFO  impl.RaftServerImpl (RaftServerImpl.java:<init>(98)) - 10936abf-a8c2-471d-9c61-a43b910bc959: new RaftServerImpl for group-A89C89C2D8EE:[10936abf-a8c2-471d-9c61-a43b910bc959:192.168.164.197:35893] with ContainerStateMachine:uninitialized
2019-10-21 05:28:55,385 [pool-37-thread-1] INFO  server.RaftServerConfigKeys (ConfUtils.java:logGet(43)) - raft.server.rpc.timeout.min = 5s (custom)
2019-10-21 05:28:55,385 [pool-37-thread-1] INFO  server.RaftServerConfigKeys (ConfUtils.java:logGet(43)) - raft.server.rpc.timeout.max = 5200ms (custom)
2019-10-21 05:28:55,385 [pool-37-thread-1] INFO  server.RaftServerConfigKeys (ConfUtils.java:logGet(43)) - raft.server.rpcslowness.timeout = 1000s (custom)
2019-10-21 05:28:55,385 [pool-37-thread-1] INFO  server.RaftServerConfigKeys (ConfUtils.java:logGet(43)) - raft.server.sleep.deviation.threshold = 300 (default)
2019-10-21 05:28:55,385 [pool-37-thread-1] INFO  server.RaftServerConfigKeys (ConfUtils.java:logGet(43)) - raft.server.log.appender.install.snapshot.enabled = false (custom)
2019-10-21 05:28:55,386 [pool-37-thread-1] INFO  impl.RaftServerImpl (ServerState.java:<init>(103)) - 10936abf-a8c2-471d-9c61-a43b910bc959@group-A89C89C2D8EE: ConfigurationManager, init=-1: [10936abf-a8c2-471d-9c61-a43b910bc959:192.168.164.197:35893], old=null, confs=<EMPTY_MAP>
2019-10-21 05:28:55,386 [pool-37-thread-1] INFO  server.RaftServerConfigKeys (ConfUtils.java:logGet(43)) - raft.server.storage.dir = [/workdir/hadoop-ozone/integration-test/target/test-dir/MiniOzoneClusterImpl-a605ea08-6c65-4b38-80f2-5db36cdad253/datanode-1/data/ratis] (custom)
2019-10-21 05:28:55,386 [pool-37-thread-1] INFO  server.RaftServerConfigKeys (ConfUtils.java:logGet(43)) - raft.server.log.corruption.policy = EXCEPTION (default)
2019-10-21 05:28:55,386 [pool-37-thread-1] INFO  storage.RaftStorageDirectory (RaftStorageDirectory.java:analyzeStorage(246)) - The storage directory /workdir/hadoop-ozone/integration-test/target/test-dir/MiniOzoneClusterImpl-a605ea08-6c65-4b38-80f2-5db36cdad253/datanode-1/data/ratis/818444d4-905e-43ea-bac6-a89c89c2d8ee does not exist. Creating ...
2019-10-21 05:28:55,413 [pool-37-thread-1] INFO  storage.RaftStorageDirectory (RaftStorageDirectory.java:tryLock(328)) - Lock on /workdir/hadoop-ozone/integration-test/target/test-dir/MiniOzoneClusterImpl-a605ea08-6c65-4b38-80f2-5db36cdad253/datanode-1/data/ratis/818444d4-905e-43ea-bac6-a89c89c2d8ee/in_use.lock acquired by nodename 1954@pr-hdds-1868-qzls5-2202220713
2019-10-21 05:28:55,435 [pool-37-thread-1] INFO  storage.RaftStorage (RaftStorage.java:format(84)) - Storage directory /workdir/hadoop-ozone/integration-test/target/test-dir/MiniOzoneClusterImpl-a605ea08-6c65-4b38-80f2-5db36cdad253/datanode-1/data/ratis/818444d4-905e-43ea-bac6-a89c89c2d8ee has been successfully formatted.
2019-10-21 05:28:55,440 [pool-37-thread-1] INFO  ratis.ContainerStateMachine (ContainerStateMachine.java:loadSnapshot(233)) - group-A89C89C2D8EE: The snapshot info is null. Setting the last applied indexto:(t:0, i:~)
2019-10-21 05:28:55,441 [pool-37-thread-1] INFO  server.RaftServerConfigKeys (ConfUtils.java:logGet(43)) - raft.server.notification.no-leader.timeout = 1000s (custom)
2019-10-21 05:28:55,441 [pool-37-thread-1] INFO  server.RaftServerConfigKeys (ConfUtils.java:logGet(43)) - raft.server.log.use.memory = false (default)
2019-10-21 05:28:55,441 [pool-37-thread-1] INFO  server.RaftServerConfigKeys (ConfUtils.java:logGet(43)) - raft.server.log.purge.gap = 1000000 (custom)
2019-10-21 05:28:55,441 [pool-37-thread-1] INFO  server.RaftServerConfigKeys (ConfUtils.java:logGet(43)) - raft.server.log.appender.buffer.byte-limit = 33554432 (custom)
2019-10-21 05:28:55,441 [pool-37-thread-1] INFO  server.RaftServerConfigKeys (ConfUtils.java:logGet(43)) - raft.server.log.segment.size.max = 1048576 (custom)
2019-10-21 05:28:55,441 [pool-37-thread-1] INFO  server.RaftServerConfigKeys (ConfUtils.java:logGet(43)) - raft.server.log.segment.cache.num.max = 2 (custom)
2019-10-21 05:28:55,441 [pool-37-thread-1] INFO  segmented.SegmentedRaftLogWorker (SegmentedRaftLogWorker.java:<init>(173)) - new 10936abf-a8c2-471d-9c61-a43b910bc959@group-A89C89C2D8EE-SegmentedRaftLogWorker for RaftStorage:Storage Directory /workdir/hadoop-ozone/integration-test/target/test-dir/MiniOzoneClusterImpl-a605ea08-6c65-4b38-80f2-5db36cdad253/datanode-1/data/ratis/818444d4-905e-43ea-bac6-a89c89c2d8ee
2019-10-21 05:28:55,441 [pool-37-thread-1] INFO  server.RaftServerConfigKeys (ConfUtils.java:logGet(43)) - raft.server.log.queue.byte-limit = 2147483647 (custom)
2019-10-21 05:28:55,441 [pool-37-thread-1] INFO  server.RaftServerConfigKeys (ConfUtils.java:logGet(43)) - raft.server.log.queue.element-limit = 1024 (custom)
2019-10-21 05:28:55,441 [pool-37-thread-1] INFO  server.RaftServerConfigKeys (ConfUtils.java:logGet(43)) - raft.server.log.segment.size.max = 1048576 (custom)
2019-10-21 05:28:55,442 [pool-37-thread-1] INFO  server.RaftServerConfigKeys (ConfUtils.java:logGet(43)) - raft.server.log.preallocated.size = 16384 (custom)
2019-10-21 05:28:55,442 [pool-37-thread-1] INFO  server.RaftServerConfigKeys (ConfUtils.java:logGet(43)) - raft.server.log.write.buffer.size = 33554432 (custom)
2019-10-21 05:28:55,442 [pool-37-thread-1] INFO  server.RaftServerConfigKeys (ConfUtils.java:logGet(43)) - raft.server.log.force.sync.num = 128 (default)
2019-10-21 05:28:55,442 [pool-37-thread-1] INFO  server.RaftServerConfigKeys (ConfUtils.java:logGet(43)) - raft.server.log.statemachine.data.sync = true (default)
2019-10-21 05:28:55,442 [pool-37-thread-1] INFO  server.RaftServerConfigKeys (ConfUtils.java:logGet(43)) - raft.server.log.statemachine.data.sync.timeout = 10s (default)
2019-10-21 05:28:55,442 [pool-37-thread-1] INFO  server.RaftServerConfigKeys (ConfUtils.java:logGet(43)) - raft.server.log.statemachine.data.sync.timeout.retry = -1 (default)
2019-10-21 05:28:55,443 [pool-37-thread-1] INFO  server.RaftServerConfigKeys (ConfUtils.java:logGet(43)) - raft.server.log.statemachine.data.caching.enabled = true (custom)
2019-10-21 05:28:55,443 [pool-37-thread-1] INFO  segmented.SegmentedRaftLogWorker (SegmentedRaftLogWorker.java:lambda$new$0(128)) - 10936abf-a8c2-471d-9c61-a43b910bc959@group-A89C89C2D8EE-SegmentedRaftLogWorker: flushIndex: setUnconditionally 0 -> -1
2019-10-21 05:28:55,444 [pool-37-thread-1] INFO  server.RaftServerConfigKeys (ConfUtils.java:logGet(43)) - raft.server.snapshot.auto.trigger.enabled = true (custom)
2019-10-21 05:28:55,444 [pool-37-thread-1] INFO  server.RaftServerConfigKeys (ConfUtils.java:logGet(43)) - raft.server.snapshot.auto.trigger.threshold = 10000 (custom)
2019-10-21 05:28:55,444 [pool-37-thread-1] INFO  server.RaftServerConfigKeys (ConfUtils.java:logGet(43)) - raft.server.snapshot.retention.file.num = 5 (custom)
2019-10-21 05:28:55,446 [pool-37-thread-1] INFO  server.RaftServerConfigKeys (ConfUtils.java:logGet(43)) - raft.server.retrycache.expirytime = 600000ms (custom)
2019-10-21 05:28:55,446 [pool-37-thread-1] WARN  impl.MetricRegistriesImpl (MetricRegistriesImpl.java:lambda$create$1(61)) - First MetricRegistry has been created without registering reporters. You may need to call MetricRegistries.global().addReportRegistration(...) before.
2019-10-21 05:28:55,446 [pool-37-thread-1] WARN  impl.MetricRegistriesImpl (MetricRegistriesImpl.java:lambda$create$1(61)) - First MetricRegistry has been created without registering reporters. You may need to call MetricRegistries.global().addReportRegistration(...) before.
2019-10-21 05:28:55,447 [pool-37-thread-1] INFO  impl.RaftServerImpl (RaftServerImpl.java:start(184)) - 10936abf-a8c2-471d-9c61-a43b910bc959@group-A89C89C2D8EE: start as a follower, conf=-1: [10936abf-a8c2-471d-9c61-a43b910bc959:192.168.164.197:35893], old=null
2019-10-21 05:28:55,447 [pool-37-thread-1] INFO  impl.RaftServerImpl (RaftServerImpl.java:setRole(173)) - 10936abf-a8c2-471d-9c61-a43b910bc959@group-A89C89C2D8EE: changes role from      null to FOLLOWER at term 0 for startAsFollower
2019-10-21 05:28:55,448 [pool-37-thread-1] INFO  impl.RoleInfo (RoleInfo.java:updateAndGet(143)) - 10936abf-a8c2-471d-9c61-a43b910bc959: start FollowerState
2019-10-21 05:28:55,451 [pool-37-thread-1] INFO  util.JmxRegister (JmxRegister.java:tryRegister(44)) - Successfully registered JMX Bean with object name Ratis:service=RaftServer,group=group-A89C89C2D8EE,id=10936abf-a8c2-471d-9c61-a43b910bc959
2019-10-21 05:28:55,451 [pool-37-thread-1] WARN  impl.MetricRegistriesImpl (MetricRegistriesImpl.java:lambda$create$1(61)) - First MetricRegistry has been created without registering reporters. You may need to call MetricRegistries.global().addReportRegistration(...) before.
2019-10-21 05:28:55,457 [RatisPipelineUtilsThread] INFO  pipeline.PipelineStateManager (PipelineStateManager.java:addPipeline(55)) - Created pipeline Pipeline[ Id: 818444d4-905e-43ea-bac6-a89c89c2d8ee, Nodes: 10936abf-a8c2-471d-9c61-a43b910bc959{ip: 192.168.164.197, host: pr-hdds-1868-qzls5-2202220713, networkLocation: /default-rack, certSerialId: null}, Type:RATIS, Factor:ONE, State:ALLOCATED]
2019-10-21 05:28:55,460 [Thread-181] INFO  pipeline.PipelineStateManager (PipelineStateManager.java:finalizePipeline(121)) - Pipeline Pipeline[ Id: 99edb24d-d01a-4909-88a1-c7906bd91538, Nodes: 756d617c-4df0-4d16-a449-32c84fd3d9b4{ip: 192.168.164.197, host: pr-hdds-1868-qzls5-2202220713, networkLocation: /default-rack, certSerialId: null}, Type:RATIS, Factor:ONE, State:CLOSED] moved to CLOSED state
2019-10-21 05:28:55,460 [main] INFO  ozone.MiniOzoneClusterImpl (MiniOzoneClusterImpl.java:lambda$waitForClusterToBeReady$2(162)) - Waiting for 3 number of pipelines out of 4, to report a leader.
2019-10-21 05:28:55,469 [grpc-default-executor-2] INFO  impl.RaftServerProxy (RaftServerProxy.java:remove(95)) - 756d617c-4df0-4d16-a449-32c84fd3d9b4: remove  FOLLOWER 756d617c-4df0-4d16-a449-32c84fd3d9b4@group-C7906BD91538:t0, leader=null, voted=null, raftlog=756d617c-4df0-4d16-a449-32c84fd3d9b4@group-C7906BD91538-SegmentedRaftLog:OPENED:c-1,f-1,i0, conf=-1: [756d617c-4df0-4d16-a449-32c84fd3d9b4:192.168.164.197:42479], old=null RUNNING
2019-10-21 05:28:55,469 [grpc-default-executor-2] INFO  impl.RaftServerImpl (RaftServerImpl.java:lambda$shutdown$3(250)) - 756d617c-4df0-4d16-a449-32c84fd3d9b4@group-C7906BD91538: shutdown
2019-10-21 05:28:55,470 [grpc-default-executor-2] INFO  util.JmxRegister (JmxRegister.java:unregister(73)) - Successfully un-registered JMX Bean with object name Ratis:service=RaftServer,group=group-C7906BD91538,id=756d617c-4df0-4d16-a449-32c84fd3d9b4
2019-10-21 05:28:55,470 [grpc-default-executor-2] INFO  impl.RoleInfo (RoleInfo.java:shutdownFollowerState(121)) - 756d617c-4df0-4d16-a449-32c84fd3d9b4: shutdown FollowerState
2019-10-21 05:28:55,470 [grpc-default-executor-2] INFO  impl.StateMachineUpdater (StateMachineUpdater.java:stopAndJoin(136)) - 756d617c-4df0-4d16-a449-32c84fd3d9b4@group-C7906BD91538-StateMachineUpdater: set stopIndex = -1
2019-10-21 05:28:55,470 [Thread-186] INFO  impl.FollowerState (FollowerState.java:run(120)) - 756d617c-4df0-4d16-a449-32c84fd3d9b4@group-C7906BD91538-FollowerState was interrupted: java.lang.InterruptedException: sleep interrupted
2019-10-21 05:28:55,472 [grpc-default-executor-2] INFO  impl.RaftServerImpl (ServerState.java:close(387)) - 756d617c-4df0-4d16-a449-32c84fd3d9b4@group-C7906BD91538: closes. applyIndex: -1
2019-10-21 05:28:55,473 [756d617c-4df0-4d16-a449-32c84fd3d9b4@group-C7906BD91538-SegmentedRaftLogWorker] INFO  segmented.SegmentedRaftLogWorker (SegmentedRaftLogWorker.java:run(316)) - 756d617c-4df0-4d16-a449-32c84fd3d9b4@group-C7906BD91538-SegmentedRaftLogWorker was interrupted, exiting. There are 0 tasks remaining in the queue.
2019-10-21 05:28:55,473 [grpc-default-executor-2] INFO  segmented.SegmentedRaftLogWorker (SegmentedRaftLogWorker.java:close(224)) - 756d617c-4df0-4d16-a449-32c84fd3d9b4@group-C7906BD91538-SegmentedRaftLogWorker close()
2019-10-21 05:28:55,481 [Thread-181] INFO  pipeline.PipelineStateManager (PipelineStateManager.java:removePipeline(106)) - Pipeline Pipeline[ Id: 99edb24d-d01a-4909-88a1-c7906bd91538, Nodes: 756d617c-4df0-4d16-a449-32c84fd3d9b4{ip: 192.168.164.197, host: pr-hdds-1868-qzls5-2202220713, networkLocation: /default-rack, certSerialId: null}, Type:RATIS, Factor:ONE, State:CLOSED] removed from db
2019-10-21 05:28:55,481 [Thread-181] INFO  pipeline.SCMPipelineManager (SCMPipelineManager.java:finalizeAndDestroyPipeline(343)) - destroying pipeline:Pipeline[ Id: 08a9cb43-d9bf-4034-a756-f0de7db92154, Nodes: de422f88-f067-42c5-9741-971d3fd4b460{ip: 192.168.164.197, host: pr-hdds-1868-qzls5-2202220713, networkLocation: /default-rack, certSerialId: null}756d617c-4df0-4d16-a449-32c84fd3d9b4{ip: 192.168.164.197, host: pr-hdds-1868-qzls5-2202220713, networkLocation: /default-rack, certSerialId: null}10936abf-a8c2-471d-9c61-a43b910bc959{ip: 192.168.164.197, host: pr-hdds-1868-qzls5-2202220713, networkLocation: /default-rack, certSerialId: null}, Type:RATIS, Factor:THREE, State:ALLOCATED]
2019-10-21 05:28:55,491 [grpc-default-executor-2] INFO  impl.RaftServerProxy (RaftServerProxy.java:addNew(89)) - 756d617c-4df0-4d16-a449-32c84fd3d9b4: addNew group-FA6DC49A668E:[756d617c-4df0-4d16-a449-32c84fd3d9b4:192.168.164.197:42479] returns group-FA6DC49A668E:java.util.concurrent.CompletableFuture@27b6d709[Not completed]
2019-10-21 05:28:55,494 [pool-27-thread-1] INFO  impl.RaftServerImpl (RaftServerImpl.java:<init>(98)) - 756d617c-4df0-4d16-a449-32c84fd3d9b4: new RaftServerImpl for group-FA6DC49A668E:[756d617c-4df0-4d16-a449-32c84fd3d9b4:192.168.164.197:42479] with ContainerStateMachine:uninitialized
2019-10-21 05:28:55,495 [pool-27-thread-1] INFO  server.RaftServerConfigKeys (ConfUtils.java:logGet(43)) - raft.server.rpc.timeout.min = 5s (custom)
2019-10-21 05:28:55,495 [pool-27-thread-1] INFO  server.RaftServerConfigKeys (ConfUtils.java:logGet(43)) - raft.server.rpc.timeout.max = 5200ms (custom)
2019-10-21 05:28:55,495 [pool-27-thread-1] INFO  server.RaftServerConfigKeys (ConfUtils.java:logGet(43)) - raft.server.rpcslowness.timeout = 1000s (custom)
2019-10-21 05:28:55,495 [pool-27-thread-1] INFO  server.RaftServerConfigKeys (ConfUtils.java:logGet(43)) - raft.server.sleep.deviation.threshold = 300 (default)
2019-10-21 05:28:55,496 [pool-27-thread-1] INFO  server.RaftServerConfigKeys (ConfUtils.java:logGet(43)) - raft.server.log.appender.install.snapshot.enabled = false (custom)
2019-10-21 05:28:55,496 [pool-27-thread-1] INFO  impl.RaftServerImpl (ServerState.java:<init>(103)) - 756d617c-4df0-4d16-a449-32c84fd3d9b4@group-FA6DC49A668E: ConfigurationManager, init=-1: [756d617c-4df0-4d16-a449-32c84fd3d9b4:192.168.164.197:42479], old=null, confs=<EMPTY_MAP>
2019-10-21 05:28:55,499 [pool-27-thread-1] INFO  server.RaftServerConfigKeys (ConfUtils.java:logGet(43)) - raft.server.storage.dir = [/workdir/hadoop-ozone/integration-test/target/test-dir/MiniOzoneClusterImpl-a605ea08-6c65-4b38-80f2-5db36cdad253/datanode-0/data/ratis] (custom)
2019-10-21 05:28:55,502 [pool-27-thread-1] INFO  server.RaftServerConfigKeys (ConfUtils.java:logGet(43)) - raft.server.log.corruption.policy = EXCEPTION (default)
2019-10-21 05:28:55,502 [pool-27-thread-1] INFO  storage.RaftStorageDirectory (RaftStorageDirectory.java:analyzeStorage(246)) - The storage directory /workdir/hadoop-ozone/integration-test/target/test-dir/MiniOzoneClusterImpl-a605ea08-6c65-4b38-80f2-5db36cdad253/datanode-0/data/ratis/b0597201-2f12-4118-9cf2-fa6dc49a668e does not exist. Creating ...
2019-10-21 05:28:55,515 [pool-27-thread-1] INFO  storage.RaftStorageDirectory (RaftStorageDirectory.java:tryLock(328)) - Lock on /workdir/hadoop-ozone/integration-test/target/test-dir/MiniOzoneClusterImpl-a605ea08-6c65-4b38-80f2-5db36cdad253/datanode-0/data/ratis/b0597201-2f12-4118-9cf2-fa6dc49a668e/in_use.lock acquired by nodename 1954@pr-hdds-1868-qzls5-2202220713
2019-10-21 05:28:55,528 [pool-27-thread-1] INFO  storage.RaftStorage (RaftStorage.java:format(84)) - Storage directory /workdir/hadoop-ozone/integration-test/target/test-dir/MiniOzoneClusterImpl-a605ea08-6c65-4b38-80f2-5db36cdad253/datanode-0/data/ratis/b0597201-2f12-4118-9cf2-fa6dc49a668e has been successfully formatted.
2019-10-21 05:28:55,528 [pool-27-thread-1] INFO  ratis.ContainerStateMachine (ContainerStateMachine.java:loadSnapshot(233)) - group-FA6DC49A668E: The snapshot info is null. Setting the last applied indexto:(t:0, i:~)
2019-10-21 05:28:55,529 [pool-27-thread-1] INFO  server.RaftServerConfigKeys (ConfUtils.java:logGet(43)) - raft.server.notification.no-leader.timeout = 1000s (custom)
2019-10-21 05:28:55,529 [pool-27-thread-1] INFO  server.RaftServerConfigKeys (ConfUtils.java:logGet(43)) - raft.server.log.use.memory = false (default)
2019-10-21 05:28:55,529 [pool-27-thread-1] INFO  server.RaftServerConfigKeys (ConfUtils.java:logGet(43)) - raft.server.log.purge.gap = 1000000 (custom)
2019-10-21 05:28:55,529 [pool-27-thread-1] INFO  server.RaftServerConfigKeys (ConfUtils.java:logGet(43)) - raft.server.log.appender.buffer.byte-limit = 33554432 (custom)
2019-10-21 05:28:55,529 [pool-27-thread-1] INFO  server.RaftServerConfigKeys (ConfUtils.java:logGet(43)) - raft.server.log.segment.size.max = 1048576 (custom)
2019-10-21 05:28:55,529 [pool-27-thread-1] INFO  server.RaftServerConfigKeys (ConfUtils.java:logGet(43)) - raft.server.log.segment.cache.num.max = 2 (custom)
2019-10-21 05:28:55,529 [pool-27-thread-1] INFO  segmented.SegmentedRaftLogWorker (SegmentedRaftLogWorker.java:<init>(173)) - new 756d617c-4df0-4d16-a449-32c84fd3d9b4@group-FA6DC49A668E-SegmentedRaftLogWorker for RaftStorage:Storage Directory /workdir/hadoop-ozone/integration-test/target/test-dir/MiniOzoneClusterImpl-a605ea08-6c65-4b38-80f2-5db36cdad253/datanode-0/data/ratis/b0597201-2f12-4118-9cf2-fa6dc49a668e
2019-10-21 05:28:55,529 [pool-27-thread-1] INFO  server.RaftServerConfigKeys (ConfUtils.java:logGet(43)) - raft.server.log.queue.byte-limit = 2147483647 (custom)
2019-10-21 05:28:55,529 [pool-27-thread-1] INFO  server.RaftServerConfigKeys (ConfUtils.java:logGet(43)) - raft.server.log.queue.element-limit = 1024 (custom)
2019-10-21 05:28:55,530 [pool-27-thread-1] INFO  server.RaftServerConfigKeys (ConfUtils.java:logGet(43)) - raft.server.log.segment.size.max = 1048576 (custom)
2019-10-21 05:28:55,530 [pool-27-thread-1] INFO  server.RaftServerConfigKeys (ConfUtils.java:logGet(43)) - raft.server.log.preallocated.size = 16384 (custom)
2019-10-21 05:28:55,530 [pool-27-thread-1] INFO  server.RaftServerConfigKeys (ConfUtils.java:logGet(43)) - raft.server.log.write.buffer.size = 33554432 (custom)
2019-10-21 05:28:55,530 [pool-27-thread-1] INFO  server.RaftServerConfigKeys (ConfUtils.java:logGet(43)) - raft.server.log.force.sync.num = 128 (default)
2019-10-21 05:28:55,530 [pool-27-thread-1] INFO  server.RaftServerConfigKeys (ConfUtils.java:logGet(43)) - raft.server.log.statemachine.data.sync = true (default)
2019-10-21 05:28:55,530 [pool-27-thread-1] INFO  server.RaftServerConfigKeys (ConfUtils.java:logGet(43)) - raft.server.log.statemachine.data.sync.timeout = 10s (default)
2019-10-21 05:28:55,530 [pool-27-thread-1] INFO  server.RaftServerConfigKeys (ConfUtils.java:logGet(43)) - raft.server.log.statemachine.data.sync.timeout.retry = -1 (default)
2019-10-21 05:28:55,530 [pool-27-thread-1] INFO  server.RaftServerConfigKeys (ConfUtils.java:logGet(43)) - raft.server.log.statemachine.data.caching.enabled = true (custom)
2019-10-21 05:28:55,531 [pool-27-thread-1] INFO  segmented.SegmentedRaftLogWorker (SegmentedRaftLogWorker.java:lambda$new$0(128)) - 756d617c-4df0-4d16-a449-32c84fd3d9b4@group-FA6DC49A668E-SegmentedRaftLogWorker: flushIndex: setUnconditionally 0 -> -1
2019-10-21 05:28:55,531 [pool-27-thread-1] INFO  server.RaftServerConfigKeys (ConfUtils.java:logGet(43)) - raft.server.snapshot.auto.trigger.enabled = true (custom)
2019-10-21 05:28:55,531 [pool-27-thread-1] INFO  server.RaftServerConfigKeys (ConfUtils.java:logGet(43)) - raft.server.snapshot.auto.trigger.threshold = 10000 (custom)
2019-10-21 05:28:55,531 [pool-27-thread-1] INFO  server.RaftServerConfigKeys (ConfUtils.java:logGet(43)) - raft.server.snapshot.retention.file.num = 5 (custom)
2019-10-21 05:28:55,531 [pool-27-thread-1] INFO  server.RaftServerConfigKeys (ConfUtils.java:logGet(43)) - raft.server.retrycache.expirytime = 600000ms (custom)
2019-10-21 05:28:55,531 [pool-27-thread-1] WARN  impl.MetricRegistriesImpl (MetricRegistriesImpl.java:lambda$create$1(61)) - First MetricRegistry has been created without registering reporters. You may need to call MetricRegistries.global().addReportRegistration(...) before.
2019-10-21 05:28:55,531 [pool-27-thread-1] WARN  impl.MetricRegistriesImpl (MetricRegistriesImpl.java:lambda$create$1(61)) - First MetricRegistry has been created without registering reporters. You may need to call MetricRegistries.global().addReportRegistration(...) before.
2019-10-21 05:28:55,532 [pool-27-thread-1] INFO  impl.RaftServerImpl (RaftServerImpl.java:start(184)) - 756d617c-4df0-4d16-a449-32c84fd3d9b4@group-FA6DC49A668E: start as a follower, conf=-1: [756d617c-4df0-4d16-a449-32c84fd3d9b4:192.168.164.197:42479], old=null
2019-10-21 05:28:55,532 [pool-27-thread-1] INFO  impl.RaftServerImpl (RaftServerImpl.java:setRole(173)) - 756d617c-4df0-4d16-a449-32c84fd3d9b4@group-FA6DC49A668E: changes role from      null to FOLLOWER at term 0 for startAsFollower
2019-10-21 05:28:55,532 [pool-27-thread-1] INFO  impl.RoleInfo (RoleInfo.java:updateAndGet(143)) - 756d617c-4df0-4d16-a449-32c84fd3d9b4: start FollowerState
2019-10-21 05:28:55,532 [pool-27-thread-1] INFO  util.JmxRegister (JmxRegister.java:tryRegister(44)) - Successfully registered JMX Bean with object name Ratis:service=RaftServer,group=group-FA6DC49A668E,id=756d617c-4df0-4d16-a449-32c84fd3d9b4
2019-10-21 05:28:55,532 [pool-27-thread-1] WARN  impl.MetricRegistriesImpl (MetricRegistriesImpl.java:lambda$create$1(61)) - First MetricRegistry has been created without registering reporters. You may need to call MetricRegistries.global().addReportRegistration(...) before.
2019-10-21 05:28:55,538 [RatisPipelineUtilsThread] INFO  pipeline.PipelineStateManager (PipelineStateManager.java:addPipeline(55)) - Created pipeline Pipeline[ Id: b0597201-2f12-4118-9cf2-fa6dc49a668e, Nodes: 756d617c-4df0-4d16-a449-32c84fd3d9b4{ip: 192.168.164.197, host: pr-hdds-1868-qzls5-2202220713, networkLocation: /default-rack, certSerialId: null}, Type:RATIS, Factor:ONE, State:ALLOCATED]
2019-10-21 05:28:55,539 [Thread-181] INFO  pipeline.PipelineStateManager (PipelineStateManager.java:finalizePipeline(121)) - Pipeline Pipeline[ Id: 08a9cb43-d9bf-4034-a756-f0de7db92154, Nodes: de422f88-f067-42c5-9741-971d3fd4b460{ip: 192.168.164.197, host: pr-hdds-1868-qzls5-2202220713, networkLocation: /default-rack, certSerialId: null}756d617c-4df0-4d16-a449-32c84fd3d9b4{ip: 192.168.164.197, host: pr-hdds-1868-qzls5-2202220713, networkLocation: /default-rack, certSerialId: null}10936abf-a8c2-471d-9c61-a43b910bc959{ip: 192.168.164.197, host: pr-hdds-1868-qzls5-2202220713, networkLocation: /default-rack, certSerialId: null}, Type:RATIS, Factor:THREE, State:CLOSED] moved to CLOSED state
2019-10-21 05:28:55,546 [grpc-default-executor-2] INFO  impl.RaftServerProxy (RaftServerProxy.java:remove(95)) - de422f88-f067-42c5-9741-971d3fd4b460: remove  FOLLOWER de422f88-f067-42c5-9741-971d3fd4b460@group-F0DE7DB92154:t0, leader=null, voted=null, raftlog=de422f88-f067-42c5-9741-971d3fd4b460@group-F0DE7DB92154-SegmentedRaftLog:OPENED:c-1,f-1,i0, conf=-1: [10936abf-a8c2-471d-9c61-a43b910bc959:192.168.164.197:35893, 756d617c-4df0-4d16-a449-32c84fd3d9b4:192.168.164.197:42479, de422f88-f067-42c5-9741-971d3fd4b460:192.168.164.197:37219], old=null RUNNING
2019-10-21 05:28:55,547 [grpc-default-executor-2] INFO  impl.RaftServerImpl (RaftServerImpl.java:lambda$shutdown$3(250)) - de422f88-f067-42c5-9741-971d3fd4b460@group-F0DE7DB92154: shutdown
2019-10-21 05:28:55,547 [grpc-default-executor-2] INFO  util.JmxRegister (JmxRegister.java:unregister(73)) - Successfully un-registered JMX Bean with object name Ratis:service=RaftServer,group=group-F0DE7DB92154,id=de422f88-f067-42c5-9741-971d3fd4b460
2019-10-21 05:28:55,547 [grpc-default-executor-2] INFO  impl.RoleInfo (RoleInfo.java:shutdownFollowerState(121)) - de422f88-f067-42c5-9741-971d3fd4b460: shutdown FollowerState
2019-10-21 05:28:55,547 [grpc-default-executor-2] INFO  impl.StateMachineUpdater (StateMachineUpdater.java:stopAndJoin(136)) - de422f88-f067-42c5-9741-971d3fd4b460@group-F0DE7DB92154-StateMachineUpdater: set stopIndex = -1
2019-10-21 05:28:55,547 [Thread-198] INFO  impl.FollowerState (FollowerState.java:run(120)) - de422f88-f067-42c5-9741-971d3fd4b460@group-F0DE7DB92154-FollowerState was interrupted: java.lang.InterruptedException: sleep interrupted
2019-10-21 05:28:55,548 [grpc-default-executor-2] INFO  impl.RaftServerImpl (ServerState.java:close(387)) - de422f88-f067-42c5-9741-971d3fd4b460@group-F0DE7DB92154: closes. applyIndex: -1
2019-10-21 05:28:55,548 [de422f88-f067-42c5-9741-971d3fd4b460@group-F0DE7DB92154-SegmentedRaftLogWorker] INFO  segmented.SegmentedRaftLogWorker (SegmentedRaftLogWorker.java:run(316)) - de422f88-f067-42c5-9741-971d3fd4b460@group-F0DE7DB92154-SegmentedRaftLogWorker was interrupted, exiting. There are 0 tasks remaining in the queue.
2019-10-21 05:28:55,549 [grpc-default-executor-2] INFO  segmented.SegmentedRaftLogWorker (SegmentedRaftLogWorker.java:close(224)) - de422f88-f067-42c5-9741-971d3fd4b460@group-F0DE7DB92154-SegmentedRaftLogWorker close()
2019-10-21 05:28:55,562 [grpc-default-executor-2] INFO  impl.RaftServerProxy (RaftServerProxy.java:remove(95)) - 756d617c-4df0-4d16-a449-32c84fd3d9b4: remove  FOLLOWER 756d617c-4df0-4d16-a449-32c84fd3d9b4@group-F0DE7DB92154:t0, leader=null, voted=null, raftlog=756d617c-4df0-4d16-a449-32c84fd3d9b4@group-F0DE7DB92154-SegmentedRaftLog:OPENED:c-1,f-1,i0, conf=-1: [10936abf-a8c2-471d-9c61-a43b910bc959:192.168.164.197:35893, 756d617c-4df0-4d16-a449-32c84fd3d9b4:192.168.164.197:42479, de422f88-f067-42c5-9741-971d3fd4b460:192.168.164.197:37219], old=null RUNNING
2019-10-21 05:28:55,562 [grpc-default-executor-2] INFO  impl.RaftServerImpl (RaftServerImpl.java:lambda$shutdown$3(250)) - 756d617c-4df0-4d16-a449-32c84fd3d9b4@group-F0DE7DB92154: shutdown
2019-10-21 05:28:55,562 [grpc-default-executor-2] INFO  util.JmxRegister (JmxRegister.java:unregister(73)) - Successfully un-registered JMX Bean with object name Ratis:service=RaftServer,group=group-F0DE7DB92154,id=756d617c-4df0-4d16-a449-32c84fd3d9b4
2019-10-21 05:28:55,562 [grpc-default-executor-2] INFO  impl.RoleInfo (RoleInfo.java:shutdownFollowerState(121)) - 756d617c-4df0-4d16-a449-32c84fd3d9b4: shutdown FollowerState
2019-10-21 05:28:55,562 [grpc-default-executor-2] INFO  impl.StateMachineUpdater (StateMachineUpdater.java:stopAndJoin(136)) - 756d617c-4df0-4d16-a449-32c84fd3d9b4@group-F0DE7DB92154-StateMachineUpdater: set stopIndex = -1
2019-10-21 05:28:55,562 [Thread-200] INFO  impl.FollowerState (FollowerState.java:run(120)) - 756d617c-4df0-4d16-a449-32c84fd3d9b4@group-F0DE7DB92154-FollowerState was interrupted: java.lang.InterruptedException: sleep interrupted
2019-10-21 05:28:55,563 [grpc-default-executor-2] INFO  impl.RaftServerImpl (ServerState.java:close(387)) - 756d617c-4df0-4d16-a449-32c84fd3d9b4@group-F0DE7DB92154: closes. applyIndex: -1
2019-10-21 05:28:55,564 [756d617c-4df0-4d16-a449-32c84fd3d9b4@group-F0DE7DB92154-SegmentedRaftLogWorker] INFO  segmented.SegmentedRaftLogWorker (SegmentedRaftLogWorker.java:run(316)) - 756d617c-4df0-4d16-a449-32c84fd3d9b4@group-F0DE7DB92154-SegmentedRaftLogWorker was interrupted, exiting. There are 0 tasks remaining in the queue.
2019-10-21 05:28:55,564 [grpc-default-executor-2] INFO  segmented.SegmentedRaftLogWorker (SegmentedRaftLogWorker.java:close(224)) - 756d617c-4df0-4d16-a449-32c84fd3d9b4@group-F0DE7DB92154-SegmentedRaftLogWorker close()
2019-10-21 05:28:55,579 [grpc-default-executor-2] INFO  impl.RaftServerProxy (RaftServerProxy.java:remove(95)) - 10936abf-a8c2-471d-9c61-a43b910bc959: remove  FOLLOWER 10936abf-a8c2-471d-9c61-a43b910bc959@group-F0DE7DB92154:t0, leader=null, voted=null, raftlog=10936abf-a8c2-471d-9c61-a43b910bc959@group-F0DE7DB92154-SegmentedRaftLog:OPENED:c-1,f-1,i0, conf=-1: [10936abf-a8c2-471d-9c61-a43b910bc959:192.168.164.197:35893, 756d617c-4df0-4d16-a449-32c84fd3d9b4:192.168.164.197:42479, de422f88-f067-42c5-9741-971d3fd4b460:192.168.164.197:37219], old=null RUNNING
2019-10-21 05:28:55,580 [grpc-default-executor-2] INFO  impl.RaftServerImpl (RaftServerImpl.java:lambda$shutdown$3(250)) - 10936abf-a8c2-471d-9c61-a43b910bc959@group-F0DE7DB92154: shutdown
2019-10-21 05:28:55,580 [grpc-default-executor-2] INFO  util.JmxRegister (JmxRegister.java:unregister(73)) - Successfully un-registered JMX Bean with object name Ratis:service=RaftServer,group=group-F0DE7DB92154,id=10936abf-a8c2-471d-9c61-a43b910bc959
2019-10-21 05:28:55,580 [grpc-default-executor-2] INFO  impl.RoleInfo (RoleInfo.java:shutdownFollowerState(121)) - 10936abf-a8c2-471d-9c61-a43b910bc959: shutdown FollowerState
2019-10-21 05:28:55,580 [grpc-default-executor-2] INFO  impl.StateMachineUpdater (StateMachineUpdater.java:stopAndJoin(136)) - 10936abf-a8c2-471d-9c61-a43b910bc959@group-F0DE7DB92154-StateMachineUpdater: set stopIndex = -1
2019-10-21 05:28:55,580 [Thread-196] INFO  impl.FollowerState (FollowerState.java:run(120)) - 10936abf-a8c2-471d-9c61-a43b910bc959@group-F0DE7DB92154-FollowerState was interrupted: java.lang.InterruptedException: sleep interrupted
2019-10-21 05:28:55,581 [grpc-default-executor-2] INFO  impl.RaftServerImpl (ServerState.java:close(387)) - 10936abf-a8c2-471d-9c61-a43b910bc959@group-F0DE7DB92154: closes. applyIndex: -1
2019-10-21 05:28:55,582 [10936abf-a8c2-471d-9c61-a43b910bc959@group-F0DE7DB92154-SegmentedRaftLogWorker] INFO  segmented.SegmentedRaftLogWorker (SegmentedRaftLogWorker.java:run(316)) - 10936abf-a8c2-471d-9c61-a43b910bc959@group-F0DE7DB92154-SegmentedRaftLogWorker was interrupted, exiting. There are 0 tasks remaining in the queue.
2019-10-21 05:28:55,582 [grpc-default-executor-2] INFO  segmented.SegmentedRaftLogWorker (SegmentedRaftLogWorker.java:close(224)) - 10936abf-a8c2-471d-9c61-a43b910bc959@group-F0DE7DB92154-SegmentedRaftLogWorker close()
2019-10-21 05:28:55,589 [Thread-181] INFO  pipeline.PipelineStateManager (PipelineStateManager.java:removePipeline(106)) - Pipeline Pipeline[ Id: 08a9cb43-d9bf-4034-a756-f0de7db92154, Nodes: de422f88-f067-42c5-9741-971d3fd4b460{ip: 192.168.164.197, host: pr-hdds-1868-qzls5-2202220713, networkLocation: /default-rack, certSerialId: null}756d617c-4df0-4d16-a449-32c84fd3d9b4{ip: 192.168.164.197, host: pr-hdds-1868-qzls5-2202220713, networkLocation: /default-rack, certSerialId: null}10936abf-a8c2-471d-9c61-a43b910bc959{ip: 192.168.164.197, host: pr-hdds-1868-qzls5-2202220713, networkLocation: /default-rack, certSerialId: null}, Type:RATIS, Factor:THREE, State:CLOSED] removed from db
2019-10-21 05:28:55,590 [Thread-181] INFO  pipeline.SCMPipelineManager (SCMPipelineManager.java:finalizeAndDestroyPipeline(343)) - destroying pipeline:Pipeline[ Id: a0c7f9d8-1467-4bd6-a872-2de4b9fae7cc, Nodes: de422f88-f067-42c5-9741-971d3fd4b460{ip: 192.168.164.197, host: pr-hdds-1868-qzls5-2202220713, networkLocation: /default-rack, certSerialId: null}, Type:RATIS, Factor:ONE, State:ALLOCATED]
2019-10-21 05:28:55,602 [grpc-default-executor-1] INFO  impl.RaftServerProxy (RaftServerProxy.java:addNew(89)) - de422f88-f067-42c5-9741-971d3fd4b460: addNew group-2B447D4C4854:[10936abf-a8c2-471d-9c61-a43b910bc959:192.168.164.197:35893, 756d617c-4df0-4d16-a449-32c84fd3d9b4:192.168.164.197:42479, de422f88-f067-42c5-9741-971d3fd4b460:192.168.164.197:37219] returns group-2B447D4C4854:java.util.concurrent.CompletableFuture@40d88ba7[Not completed]
2019-10-21 05:28:55,602 [grpc-default-executor-0] INFO  impl.RaftServerProxy (RaftServerProxy.java:addNew(89)) - 10936abf-a8c2-471d-9c61-a43b910bc959: addNew group-2B447D4C4854:[10936abf-a8c2-471d-9c61-a43b910bc959:192.168.164.197:35893, 756d617c-4df0-4d16-a449-32c84fd3d9b4:192.168.164.197:42479, de422f88-f067-42c5-9741-971d3fd4b460:192.168.164.197:37219] returns group-2B447D4C4854:java.util.concurrent.CompletableFuture@50833fcd[Not completed]
2019-10-21 05:28:55,602 [grpc-default-executor-2] INFO  impl.RaftServerProxy (RaftServerProxy.java:addNew(89)) - 756d617c-4df0-4d16-a449-32c84fd3d9b4: addNew group-2B447D4C4854:[10936abf-a8c2-471d-9c61-a43b910bc959:192.168.164.197:35893, 756d617c-4df0-4d16-a449-32c84fd3d9b4:192.168.164.197:42479, de422f88-f067-42c5-9741-971d3fd4b460:192.168.164.197:37219] returns group-2B447D4C4854:java.util.concurrent.CompletableFuture@3e2ed0a8[Not completed]
2019-10-21 05:28:55,604 [pool-27-thread-1] INFO  impl.RaftServerImpl (RaftServerImpl.java:<init>(98)) - 756d617c-4df0-4d16-a449-32c84fd3d9b4: new RaftServerImpl for group-2B447D4C4854:[10936abf-a8c2-471d-9c61-a43b910bc959:192.168.164.197:35893, 756d617c-4df0-4d16-a449-32c84fd3d9b4:192.168.164.197:42479, de422f88-f067-42c5-9741-971d3fd4b460:192.168.164.197:37219] with ContainerStateMachine:uninitialized
2019-10-21 05:28:55,604 [pool-27-thread-1] INFO  server.RaftServerConfigKeys (ConfUtils.java:logGet(43)) - raft.server.rpc.timeout.min = 5s (custom)
2019-10-21 05:28:55,604 [pool-27-thread-1] INFO  server.RaftServerConfigKeys (ConfUtils.java:logGet(43)) - raft.server.rpc.timeout.max = 5200ms (custom)
2019-10-21 05:28:55,604 [pool-27-thread-1] INFO  server.RaftServerConfigKeys (ConfUtils.java:logGet(43)) - raft.server.rpcslowness.timeout = 1000s (custom)
2019-10-21 05:28:55,604 [pool-27-thread-1] INFO  server.RaftServerConfigKeys (ConfUtils.java:logGet(43)) - raft.server.sleep.deviation.threshold = 300 (default)
2019-10-21 05:28:55,604 [pool-27-thread-1] INFO  server.RaftServerConfigKeys (ConfUtils.java:logGet(43)) - raft.server.log.appender.install.snapshot.enabled = false (custom)
2019-10-21 05:28:55,604 [pool-27-thread-1] INFO  impl.RaftServerImpl (ServerState.java:<init>(103)) - 756d617c-4df0-4d16-a449-32c84fd3d9b4@group-2B447D4C4854: ConfigurationManager, init=-1: [10936abf-a8c2-471d-9c61-a43b910bc959:192.168.164.197:35893, 756d617c-4df0-4d16-a449-32c84fd3d9b4:192.168.164.197:42479, de422f88-f067-42c5-9741-971d3fd4b460:192.168.164.197:37219], old=null, confs=<EMPTY_MAP>
2019-10-21 05:28:55,605 [pool-27-thread-1] INFO  server.RaftServerConfigKeys (ConfUtils.java:logGet(43)) - raft.server.storage.dir = [/workdir/hadoop-ozone/integration-test/target/test-dir/MiniOzoneClusterImpl-a605ea08-6c65-4b38-80f2-5db36cdad253/datanode-0/data/ratis] (custom)
2019-10-21 05:28:55,605 [pool-37-thread-1] INFO  impl.RaftServerImpl (RaftServerImpl.java:<init>(98)) - 10936abf-a8c2-471d-9c61-a43b910bc959: new RaftServerImpl for group-2B447D4C4854:[10936abf-a8c2-471d-9c61-a43b910bc959:192.168.164.197:35893, 756d617c-4df0-4d16-a449-32c84fd3d9b4:192.168.164.197:42479, de422f88-f067-42c5-9741-971d3fd4b460:192.168.164.197:37219] with ContainerStateMachine:uninitialized
2019-10-21 05:28:55,605 [pool-37-thread-1] INFO  server.RaftServerConfigKeys (ConfUtils.java:logGet(43)) - raft.server.rpc.timeout.min = 5s (custom)
2019-10-21 05:28:55,605 [pool-27-thread-1] INFO  server.RaftServerConfigKeys (ConfUtils.java:logGet(43)) - raft.server.log.corruption.policy = EXCEPTION (default)
2019-10-21 05:28:55,605 [pool-37-thread-1] INFO  server.RaftServerConfigKeys (ConfUtils.java:logGet(43)) - raft.server.rpc.timeout.max = 5200ms (custom)
2019-10-21 05:28:55,605 [pool-27-thread-1] INFO  storage.RaftStorageDirectory (RaftStorageDirectory.java:analyzeStorage(246)) - The storage directory /workdir/hadoop-ozone/integration-test/target/test-dir/MiniOzoneClusterImpl-a605ea08-6c65-4b38-80f2-5db36cdad253/datanode-0/data/ratis/ea95e8fe-4098-4221-913b-2b447d4c4854 does not exist. Creating ...
2019-10-21 05:28:55,605 [pool-37-thread-1] INFO  server.RaftServerConfigKeys (ConfUtils.java:logGet(43)) - raft.server.rpcslowness.timeout = 1000s (custom)
2019-10-21 05:28:55,605 [pool-37-thread-1] INFO  server.RaftServerConfigKeys (ConfUtils.java:logGet(43)) - raft.server.sleep.deviation.threshold = 300 (default)
2019-10-21 05:28:55,605 [pool-47-thread-1] INFO  impl.RaftServerImpl (RaftServerImpl.java:<init>(98)) - de422f88-f067-42c5-9741-971d3fd4b460: new RaftServerImpl for group-2B447D4C4854:[10936abf-a8c2-471d-9c61-a43b910bc959:192.168.164.197:35893, 756d617c-4df0-4d16-a449-32c84fd3d9b4:192.168.164.197:42479, de422f88-f067-42c5-9741-971d3fd4b460:192.168.164.197:37219] with ContainerStateMachine:uninitialized
2019-10-21 05:28:55,605 [pool-37-thread-1] INFO  server.RaftServerConfigKeys (ConfUtils.java:logGet(43)) - raft.server.log.appender.install.snapshot.enabled = false (custom)
2019-10-21 05:28:55,605 [pool-47-thread-1] INFO  server.RaftServerConfigKeys (ConfUtils.java:logGet(43)) - raft.server.rpc.timeout.min = 5s (custom)
2019-10-21 05:28:55,606 [pool-37-thread-1] INFO  impl.RaftServerImpl (ServerState.java:<init>(103)) - 10936abf-a8c2-471d-9c61-a43b910bc959@group-2B447D4C4854: ConfigurationManager, init=-1: [10936abf-a8c2-471d-9c61-a43b910bc959:192.168.164.197:35893, 756d617c-4df0-4d16-a449-32c84fd3d9b4:192.168.164.197:42479, de422f88-f067-42c5-9741-971d3fd4b460:192.168.164.197:37219], old=null, confs=<EMPTY_MAP>
2019-10-21 05:28:55,606 [pool-47-thread-1] INFO  server.RaftServerConfigKeys (ConfUtils.java:logGet(43)) - raft.server.rpc.timeout.max = 5200ms (custom)
2019-10-21 05:28:55,606 [pool-37-thread-1] INFO  server.RaftServerConfigKeys (ConfUtils.java:logGet(43)) - raft.server.storage.dir = [/workdir/hadoop-ozone/integration-test/target/test-dir/MiniOzoneClusterImpl-a605ea08-6c65-4b38-80f2-5db36cdad253/datanode-1/data/ratis] (custom)
2019-10-21 05:28:55,606 [pool-47-thread-1] INFO  server.RaftServerConfigKeys (ConfUtils.java:logGet(43)) - raft.server.rpcslowness.timeout = 1000s (custom)
2019-10-21 05:28:55,606 [pool-47-thread-1] INFO  server.RaftServerConfigKeys (ConfUtils.java:logGet(43)) - raft.server.sleep.deviation.threshold = 300 (default)
2019-10-21 05:28:55,606 [pool-37-thread-1] INFO  server.RaftServerConfigKeys (ConfUtils.java:logGet(43)) - raft.server.log.corruption.policy = EXCEPTION (default)
2019-10-21 05:28:55,606 [pool-47-thread-1] INFO  server.RaftServerConfigKeys (ConfUtils.java:logGet(43)) - raft.server.log.appender.install.snapshot.enabled = false (custom)
2019-10-21 05:28:55,606 [pool-47-thread-1] INFO  impl.RaftServerImpl (ServerState.java:<init>(103)) - de422f88-f067-42c5-9741-971d3fd4b460@group-2B447D4C4854: ConfigurationManager, init=-1: [10936abf-a8c2-471d-9c61-a43b910bc959:192.168.164.197:35893, 756d617c-4df0-4d16-a449-32c84fd3d9b4:192.168.164.197:42479, de422f88-f067-42c5-9741-971d3fd4b460:192.168.164.197:37219], old=null, confs=<EMPTY_MAP>
2019-10-21 05:28:55,606 [pool-37-thread-1] INFO  storage.RaftStorageDirectory (RaftStorageDirectory.java:analyzeStorage(246)) - The storage directory /workdir/hadoop-ozone/integration-test/target/test-dir/MiniOzoneClusterImpl-a605ea08-6c65-4b38-80f2-5db36cdad253/datanode-1/data/ratis/ea95e8fe-4098-4221-913b-2b447d4c4854 does not exist. Creating ...
2019-10-21 05:28:55,606 [pool-47-thread-1] INFO  server.RaftServerConfigKeys (ConfUtils.java:logGet(43)) - raft.server.storage.dir = [/workdir/hadoop-ozone/integration-test/target/test-dir/MiniOzoneClusterImpl-a605ea08-6c65-4b38-80f2-5db36cdad253/datanode-2/data/ratis] (custom)
2019-10-21 05:28:55,607 [pool-47-thread-1] INFO  server.RaftServerConfigKeys (ConfUtils.java:logGet(43)) - raft.server.log.corruption.policy = EXCEPTION (default)
2019-10-21 05:28:55,607 [pool-47-thread-1] INFO  storage.RaftStorageDirectory (RaftStorageDirectory.java:analyzeStorage(246)) - The storage directory /workdir/hadoop-ozone/integration-test/target/test-dir/MiniOzoneClusterImpl-a605ea08-6c65-4b38-80f2-5db36cdad253/datanode-2/data/ratis/ea95e8fe-4098-4221-913b-2b447d4c4854 does not exist. Creating ...
2019-10-21 05:28:55,619 [pool-47-thread-1] INFO  storage.RaftStorageDirectory (RaftStorageDirectory.java:tryLock(328)) - Lock on /workdir/hadoop-ozone/integration-test/target/test-dir/MiniOzoneClusterImpl-a605ea08-6c65-4b38-80f2-5db36cdad253/datanode-2/data/ratis/ea95e8fe-4098-4221-913b-2b447d4c4854/in_use.lock acquired by nodename 1954@pr-hdds-1868-qzls5-2202220713
2019-10-21 05:28:55,619 [pool-27-thread-1] INFO  storage.RaftStorageDirectory (RaftStorageDirectory.java:tryLock(328)) - Lock on /workdir/hadoop-ozone/integration-test/target/test-dir/MiniOzoneClusterImpl-a605ea08-6c65-4b38-80f2-5db36cdad253/datanode-0/data/ratis/ea95e8fe-4098-4221-913b-2b447d4c4854/in_use.lock acquired by nodename 1954@pr-hdds-1868-qzls5-2202220713
2019-10-21 05:28:55,619 [pool-37-thread-1] INFO  storage.RaftStorageDirectory (RaftStorageDirectory.java:tryLock(328)) - Lock on /workdir/hadoop-ozone/integration-test/target/test-dir/MiniOzoneClusterImpl-a605ea08-6c65-4b38-80f2-5db36cdad253/datanode-1/data/ratis/ea95e8fe-4098-4221-913b-2b447d4c4854/in_use.lock acquired by nodename 1954@pr-hdds-1868-qzls5-2202220713
2019-10-21 05:28:55,632 [pool-37-thread-1] INFO  storage.RaftStorage (RaftStorage.java:format(84)) - Storage directory /workdir/hadoop-ozone/integration-test/target/test-dir/MiniOzoneClusterImpl-a605ea08-6c65-4b38-80f2-5db36cdad253/datanode-1/data/ratis/ea95e8fe-4098-4221-913b-2b447d4c4854 has been successfully formatted.
2019-10-21 05:28:55,632 [pool-47-thread-1] INFO  storage.RaftStorage (RaftStorage.java:format(84)) - Storage directory /workdir/hadoop-ozone/integration-test/target/test-dir/MiniOzoneClusterImpl-a605ea08-6c65-4b38-80f2-5db36cdad253/datanode-2/data/ratis/ea95e8fe-4098-4221-913b-2b447d4c4854 has been successfully formatted.
2019-10-21 05:28:55,632 [pool-27-thread-1] INFO  storage.RaftStorage (RaftStorage.java:format(84)) - Storage directory /workdir/hadoop-ozone/integration-test/target/test-dir/MiniOzoneClusterImpl-a605ea08-6c65-4b38-80f2-5db36cdad253/datanode-0/data/ratis/ea95e8fe-4098-4221-913b-2b447d4c4854 has been successfully formatted.
2019-10-21 05:28:55,632 [pool-37-thread-1] INFO  ratis.ContainerStateMachine (ContainerStateMachine.java:loadSnapshot(233)) - group-2B447D4C4854: The snapshot info is null. Setting the last applied indexto:(t:0, i:~)
2019-10-21 05:28:55,632 [pool-47-thread-1] INFO  ratis.ContainerStateMachine (ContainerStateMachine.java:loadSnapshot(233)) - group-2B447D4C4854: The snapshot info is null. Setting the last applied indexto:(t:0, i:~)
2019-10-21 05:28:55,633 [pool-27-thread-1] INFO  ratis.ContainerStateMachine (ContainerStateMachine.java:loadSnapshot(233)) - group-2B447D4C4854: The snapshot info is null. Setting the last applied indexto:(t:0, i:~)
2019-10-21 05:28:55,633 [pool-47-thread-1] INFO  server.RaftServerConfigKeys (ConfUtils.java:logGet(43)) - raft.server.notification.no-leader.timeout = 1000s (custom)
2019-10-21 05:28:55,633 [pool-37-thread-1] INFO  server.RaftServerConfigKeys (ConfUtils.java:logGet(43)) - raft.server.notification.no-leader.timeout = 1000s (custom)
2019-10-21 05:28:55,633 [pool-47-thread-1] INFO  server.RaftServerConfigKeys (ConfUtils.java:logGet(43)) - raft.server.log.use.memory = false (default)
2019-10-21 05:28:55,633 [pool-27-thread-1] INFO  server.RaftServerConfigKeys (ConfUtils.java:logGet(43)) - raft.server.notification.no-leader.timeout = 1000s (custom)
2019-10-21 05:28:55,633 [pool-47-thread-1] INFO  server.RaftServerConfigKeys (ConfUtils.java:logGet(43)) - raft.server.log.purge.gap = 1000000 (custom)
2019-10-21 05:28:55,633 [pool-37-thread-1] INFO  server.RaftServerConfigKeys (ConfUtils.java:logGet(43)) - raft.server.log.use.memory = false (default)
2019-10-21 05:28:55,633 [pool-47-thread-1] INFO  server.RaftServerConfigKeys (ConfUtils.java:logGet(43)) - raft.server.log.appender.buffer.byte-limit = 33554432 (custom)
2019-10-21 05:28:55,633 [pool-27-thread-1] INFO  server.RaftServerConfigKeys (ConfUtils.java:logGet(43)) - raft.server.log.use.memory = false (default)
2019-10-21 05:28:55,633 [pool-47-thread-1] INFO  server.RaftServerConfigKeys (ConfUtils.java:logGet(43)) - raft.server.log.segment.size.max = 1048576 (custom)
2019-10-21 05:28:55,633 [pool-37-thread-1] INFO  server.RaftServerConfigKeys (ConfUtils.java:logGet(43)) - raft.server.log.purge.gap = 1000000 (custom)
2019-10-21 05:28:55,634 [pool-47-thread-1] INFO  server.RaftServerConfigKeys (ConfUtils.java:logGet(43)) - raft.server.log.segment.cache.num.max = 2 (custom)
2019-10-21 05:28:55,633 [pool-27-thread-1] INFO  server.RaftServerConfigKeys (ConfUtils.java:logGet(43)) - raft.server.log.purge.gap = 1000000 (custom)
2019-10-21 05:28:55,634 [pool-47-thread-1] INFO  segmented.SegmentedRaftLogWorker (SegmentedRaftLogWorker.java:<init>(173)) - new de422f88-f067-42c5-9741-971d3fd4b460@group-2B447D4C4854-SegmentedRaftLogWorker for RaftStorage:Storage Directory /workdir/hadoop-ozone/integration-test/target/test-dir/MiniOzoneClusterImpl-a605ea08-6c65-4b38-80f2-5db36cdad253/datanode-2/data/ratis/ea95e8fe-4098-4221-913b-2b447d4c4854
2019-10-21 05:28:55,634 [pool-37-thread-1] INFO  server.RaftServerConfigKeys (ConfUtils.java:logGet(43)) - raft.server.log.appender.buffer.byte-limit = 33554432 (custom)
2019-10-21 05:28:55,634 [pool-47-thread-1] INFO  server.RaftServerConfigKeys (ConfUtils.java:logGet(43)) - raft.server.log.queue.byte-limit = 2147483647 (custom)
2019-10-21 05:28:55,634 [pool-27-thread-1] INFO  server.RaftServerConfigKeys (ConfUtils.java:logGet(43)) - raft.server.log.appender.buffer.byte-limit = 33554432 (custom)
2019-10-21 05:28:55,634 [pool-47-thread-1] INFO  server.RaftServerConfigKeys (ConfUtils.java:logGet(43)) - raft.server.log.queue.element-limit = 1024 (custom)
2019-10-21 05:28:55,634 [pool-37-thread-1] INFO  server.RaftServerConfigKeys (ConfUtils.java:logGet(43)) - raft.server.log.segment.size.max = 1048576 (custom)
2019-10-21 05:28:55,634 [pool-47-thread-1] INFO  server.RaftServerConfigKeys (ConfUtils.java:logGet(43)) - raft.server.log.segment.size.max = 1048576 (custom)
2019-10-21 05:28:55,634 [pool-27-thread-1] INFO  server.RaftServerConfigKeys (ConfUtils.java:logGet(43)) - raft.server.log.segment.size.max = 1048576 (custom)
2019-10-21 05:28:55,634 [pool-47-thread-1] INFO  server.RaftServerConfigKeys (ConfUtils.java:logGet(43)) - raft.server.log.preallocated.size = 16384 (custom)
2019-10-21 05:28:55,634 [pool-37-thread-1] INFO  server.RaftServerConfigKeys (ConfUtils.java:logGet(43)) - raft.server.log.segment.cache.num.max = 2 (custom)
2019-10-21 05:28:55,634 [pool-47-thread-1] INFO  server.RaftServerConfigKeys (ConfUtils.java:logGet(43)) - raft.server.log.write.buffer.size = 33554432 (custom)
2019-10-21 05:28:55,634 [pool-27-thread-1] INFO  server.RaftServerConfigKeys (ConfUtils.java:logGet(43)) - raft.server.log.segment.cache.num.max = 2 (custom)
2019-10-21 05:28:55,635 [pool-47-thread-1] INFO  server.RaftServerConfigKeys (ConfUtils.java:logGet(43)) - raft.server.log.force.sync.num = 128 (default)
2019-10-21 05:28:55,635 [pool-37-thread-1] INFO  segmented.SegmentedRaftLogWorker (SegmentedRaftLogWorker.java:<init>(173)) - new 10936abf-a8c2-471d-9c61-a43b910bc959@group-2B447D4C4854-SegmentedRaftLogWorker for RaftStorage:Storage Directory /workdir/hadoop-ozone/integration-test/target/test-dir/MiniOzoneClusterImpl-a605ea08-6c65-4b38-80f2-5db36cdad253/datanode-1/data/ratis/ea95e8fe-4098-4221-913b-2b447d4c4854
2019-10-21 05:28:55,635 [pool-47-thread-1] INFO  server.RaftServerConfigKeys (ConfUtils.java:logGet(43)) - raft.server.log.statemachine.data.sync = true (default)
2019-10-21 05:28:55,635 [pool-27-thread-1] INFO  segmented.SegmentedRaftLogWorker (SegmentedRaftLogWorker.java:<init>(173)) - new 756d617c-4df0-4d16-a449-32c84fd3d9b4@group-2B447D4C4854-SegmentedRaftLogWorker for RaftStorage:Storage Directory /workdir/hadoop-ozone/integration-test/target/test-dir/MiniOzoneClusterImpl-a605ea08-6c65-4b38-80f2-5db36cdad253/datanode-0/data/ratis/ea95e8fe-4098-4221-913b-2b447d4c4854
2019-10-21 05:28:55,635 [pool-47-thread-1] INFO  server.RaftServerConfigKeys (ConfUtils.java:logGet(43)) - raft.server.log.statemachine.data.sync.timeout = 10s (default)
2019-10-21 05:28:55,635 [pool-37-thread-1] INFO  server.RaftServerConfigKeys (ConfUtils.java:logGet(43)) - raft.server.log.queue.byte-limit = 2147483647 (custom)
2019-10-21 05:28:55,635 [pool-47-thread-1] INFO  server.RaftServerConfigKeys (ConfUtils.java:logGet(43)) - raft.server.log.statemachine.data.sync.timeout.retry = -1 (default)
2019-10-21 05:28:55,635 [pool-27-thread-1] INFO  server.RaftServerConfigKeys (ConfUtils.java:logGet(43)) - raft.server.log.queue.byte-limit = 2147483647 (custom)
2019-10-21 05:28:55,635 [pool-37-thread-1] INFO  server.RaftServerConfigKeys (ConfUtils.java:logGet(43)) - raft.server.log.queue.element-limit = 1024 (custom)
2019-10-21 05:28:55,635 [pool-47-thread-1] INFO  server.RaftServerConfigKeys (ConfUtils.java:logGet(43)) - raft.server.log.statemachine.data.caching.enabled = true (custom)
2019-10-21 05:28:55,635 [pool-27-thread-1] INFO  server.RaftServerConfigKeys (ConfUtils.java:logGet(43)) - raft.server.log.queue.element-limit = 1024 (custom)
2019-10-21 05:28:55,635 [pool-37-thread-1] INFO  server.RaftServerConfigKeys (ConfUtils.java:logGet(43)) - raft.server.log.segment.size.max = 1048576 (custom)
2019-10-21 05:28:55,636 [pool-27-thread-1] INFO  server.RaftServerConfigKeys (ConfUtils.java:logGet(43)) - raft.server.log.segment.size.max = 1048576 (custom)
2019-10-21 05:28:55,636 [pool-47-thread-1] INFO  segmented.SegmentedRaftLogWorker (SegmentedRaftLogWorker.java:lambda$new$0(128)) - de422f88-f067-42c5-9741-971d3fd4b460@group-2B447D4C4854-SegmentedRaftLogWorker: flushIndex: setUnconditionally 0 -> -1
2019-10-21 05:28:55,636 [pool-37-thread-1] INFO  server.RaftServerConfigKeys (ConfUtils.java:logGet(43)) - raft.server.log.preallocated.size = 16384 (custom)
2019-10-21 05:28:55,636 [pool-27-thread-1] INFO  server.RaftServerConfigKeys (ConfUtils.java:logGet(43)) - raft.server.log.preallocated.size = 16384 (custom)
2019-10-21 05:28:55,636 [pool-47-thread-1] INFO  server.RaftServerConfigKeys (ConfUtils.java:logGet(43)) - raft.server.snapshot.auto.trigger.enabled = true (custom)
2019-10-21 05:28:55,636 [pool-37-thread-1] INFO  server.RaftServerConfigKeys (ConfUtils.java:logGet(43)) - raft.server.log.write.buffer.size = 33554432 (custom)
2019-10-21 05:28:55,636 [pool-47-thread-1] INFO  server.RaftServerConfigKeys (ConfUtils.java:logGet(43)) - raft.server.snapshot.auto.trigger.threshold = 10000 (custom)
2019-10-21 05:28:55,636 [pool-27-thread-1] INFO  server.RaftServerConfigKeys (ConfUtils.java:logGet(43)) - raft.server.log.write.buffer.size = 33554432 (custom)
2019-10-21 05:28:55,636 [pool-47-thread-1] INFO  server.RaftServerConfigKeys (ConfUtils.java:logGet(43)) - raft.server.snapshot.retention.file.num = 5 (custom)
2019-10-21 05:28:55,636 [pool-37-thread-1] INFO  server.RaftServerConfigKeys (ConfUtils.java:logGet(43)) - raft.server.log.force.sync.num = 128 (default)
2019-10-21 05:28:55,636 [pool-27-thread-1] INFO  server.RaftServerConfigKeys (ConfUtils.java:logGet(43)) - raft.server.log.force.sync.num = 128 (default)
2019-10-21 05:28:55,636 [pool-37-thread-1] INFO  server.RaftServerConfigKeys (ConfUtils.java:logGet(43)) - raft.server.log.statemachine.data.sync = true (default)
2019-10-21 05:28:55,636 [pool-47-thread-1] INFO  server.RaftServerConfigKeys (ConfUtils.java:logGet(43)) - raft.server.retrycache.expirytime = 600000ms (custom)
2019-10-21 05:28:55,637 [pool-37-thread-1] INFO  server.RaftServerConfigKeys (ConfUtils.java:logGet(43)) - raft.server.log.statemachine.data.sync.timeout = 10s (default)
2019-10-21 05:28:55,637 [pool-47-thread-1] WARN  impl.MetricRegistriesImpl (MetricRegistriesImpl.java:lambda$create$1(61)) - First MetricRegistry has been created without registering reporters. You may need to call MetricRegistries.global().addReportRegistration(...) before.
2019-10-21 05:28:55,637 [pool-27-thread-1] INFO  server.RaftServerConfigKeys (ConfUtils.java:logGet(43)) - raft.server.log.statemachine.data.sync = true (default)
2019-10-21 05:28:55,637 [pool-47-thread-1] WARN  impl.MetricRegistriesImpl (MetricRegistriesImpl.java:lambda$create$1(61)) - First MetricRegistry has been created without registering reporters. You may need to call MetricRegistries.global().addReportRegistration(...) before.
2019-10-21 05:28:55,637 [pool-37-thread-1] INFO  server.RaftServerConfigKeys (ConfUtils.java:logGet(43)) - raft.server.log.statemachine.data.sync.timeout.retry = -1 (default)
2019-10-21 05:28:55,637 [pool-27-thread-1] INFO  server.RaftServerConfigKeys (ConfUtils.java:logGet(43)) - raft.server.log.statemachine.data.sync.timeout = 10s (default)
2019-10-21 05:28:55,637 [pool-47-thread-1] INFO  impl.RaftServerImpl (RaftServerImpl.java:start(184)) - de422f88-f067-42c5-9741-971d3fd4b460@group-2B447D4C4854: start as a follower, conf=-1: [10936abf-a8c2-471d-9c61-a43b910bc959:192.168.164.197:35893, 756d617c-4df0-4d16-a449-32c84fd3d9b4:192.168.164.197:42479, de422f88-f067-42c5-9741-971d3fd4b460:192.168.164.197:37219], old=null
2019-10-21 05:28:55,637 [pool-27-thread-1] INFO  server.RaftServerConfigKeys (ConfUtils.java:logGet(43)) - raft.server.log.statemachine.data.sync.timeout.retry = -1 (default)
2019-10-21 05:28:55,637 [pool-37-thread-1] INFO  server.RaftServerConfigKeys (ConfUtils.java:logGet(43)) - raft.server.log.statemachine.data.caching.enabled = true (custom)
2019-10-21 05:28:55,637 [pool-47-thread-1] INFO  impl.RaftServerImpl (RaftServerImpl.java:setRole(173)) - de422f88-f067-42c5-9741-971d3fd4b460@group-2B447D4C4854: changes role from      null to FOLLOWER at term 0 for startAsFollower
2019-10-21 05:28:55,637 [pool-27-thread-1] INFO  server.RaftServerConfigKeys (ConfUtils.java:logGet(43)) - raft.server.log.statemachine.data.caching.enabled = true (custom)
2019-10-21 05:28:55,638 [pool-47-thread-1] INFO  impl.RoleInfo (RoleInfo.java:updateAndGet(143)) - de422f88-f067-42c5-9741-971d3fd4b460: start FollowerState
2019-10-21 05:28:55,638 [pool-37-thread-1] INFO  segmented.SegmentedRaftLogWorker (SegmentedRaftLogWorker.java:lambda$new$0(128)) - 10936abf-a8c2-471d-9c61-a43b910bc959@group-2B447D4C4854-SegmentedRaftLogWorker: flushIndex: setUnconditionally 0 -> -1
2019-10-21 05:28:55,638 [pool-27-thread-1] INFO  segmented.SegmentedRaftLogWorker (SegmentedRaftLogWorker.java:lambda$new$0(128)) - 756d617c-4df0-4d16-a449-32c84fd3d9b4@group-2B447D4C4854-SegmentedRaftLogWorker: flushIndex: setUnconditionally 0 -> -1
2019-10-21 05:28:55,638 [pool-47-thread-1] INFO  util.JmxRegister (JmxRegister.java:tryRegister(44)) - Successfully registered JMX Bean with object name Ratis:service=RaftServer,group=group-2B447D4C4854,id=de422f88-f067-42c5-9741-971d3fd4b460
2019-10-21 05:28:55,638 [pool-27-thread-1] INFO  server.RaftServerConfigKeys (ConfUtils.java:logGet(43)) - raft.server.snapshot.auto.trigger.enabled = true (custom)
2019-10-21 05:28:55,638 [pool-37-thread-1] INFO  server.RaftServerConfigKeys (ConfUtils.java:logGet(43)) - raft.server.snapshot.auto.trigger.enabled = true (custom)
2019-10-21 05:28:55,638 [pool-27-thread-1] INFO  server.RaftServerConfigKeys (ConfUtils.java:logGet(43)) - raft.server.snapshot.auto.trigger.threshold = 10000 (custom)
2019-10-21 05:28:55,638 [pool-47-thread-1] WARN  impl.MetricRegistriesImpl (MetricRegistriesImpl.java:lambda$create$1(61)) - First MetricRegistry has been created without registering reporters. You may need to call MetricRegistries.global().addReportRegistration(...) before.
2019-10-21 05:28:55,638 [pool-27-thread-1] INFO  server.RaftServerConfigKeys (ConfUtils.java:logGet(43)) - raft.server.snapshot.retention.file.num = 5 (custom)
2019-10-21 05:28:55,638 [pool-37-thread-1] INFO  server.RaftServerConfigKeys (ConfUtils.java:logGet(43)) - raft.server.snapshot.auto.trigger.threshold = 10000 (custom)
2019-10-21 05:28:55,639 [pool-27-thread-1] INFO  server.RaftServerConfigKeys (ConfUtils.java:logGet(43)) - raft.server.retrycache.expirytime = 600000ms (custom)
2019-10-21 05:28:55,639 [pool-37-thread-1] INFO  server.RaftServerConfigKeys (ConfUtils.java:logGet(43)) - raft.server.snapshot.retention.file.num = 5 (custom)
2019-10-21 05:28:55,639 [pool-27-thread-1] WARN  impl.MetricRegistriesImpl (MetricRegistriesImpl.java:lambda$create$1(61)) - First MetricRegistry has been created without registering reporters. You may need to call MetricRegistries.global().addReportRegistration(...) before.
2019-10-21 05:28:55,639 [pool-37-thread-1] INFO  server.RaftServerConfigKeys (ConfUtils.java:logGet(43)) - raft.server.retrycache.expirytime = 600000ms (custom)
2019-10-21 05:28:55,639 [pool-27-thread-1] WARN  impl.MetricRegistriesImpl (MetricRegistriesImpl.java:lambda$create$1(61)) - First MetricRegistry has been created without registering reporters. You may need to call MetricRegistries.global().addReportRegistration(...) before.
2019-10-21 05:28:55,639 [pool-37-thread-1] WARN  impl.MetricRegistriesImpl (MetricRegistriesImpl.java:lambda$create$1(61)) - First MetricRegistry has been created without registering reporters. You may need to call MetricRegistries.global().addReportRegistration(...) before.
2019-10-21 05:28:55,639 [pool-27-thread-1] INFO  impl.RaftServerImpl (RaftServerImpl.java:start(184)) - 756d617c-4df0-4d16-a449-32c84fd3d9b4@group-2B447D4C4854: start as a follower, conf=-1: [10936abf-a8c2-471d-9c61-a43b910bc959:192.168.164.197:35893, 756d617c-4df0-4d16-a449-32c84fd3d9b4:192.168.164.197:42479, de422f88-f067-42c5-9741-971d3fd4b460:192.168.164.197:37219], old=null
2019-10-21 05:28:55,639 [pool-37-thread-1] WARN  impl.MetricRegistriesImpl (MetricRegistriesImpl.java:lambda$create$1(61)) - First MetricRegistry has been created without registering reporters. You may need to call MetricRegistries.global().addReportRegistration(...) before.
2019-10-21 05:28:55,639 [pool-27-thread-1] INFO  impl.RaftServerImpl (RaftServerImpl.java:setRole(173)) - 756d617c-4df0-4d16-a449-32c84fd3d9b4@group-2B447D4C4854: changes role from      null to FOLLOWER at term 0 for startAsFollower
2019-10-21 05:28:55,639 [pool-37-thread-1] INFO  impl.RaftServerImpl (RaftServerImpl.java:start(184)) - 10936abf-a8c2-471d-9c61-a43b910bc959@group-2B447D4C4854: start as a follower, conf=-1: [10936abf-a8c2-471d-9c61-a43b910bc959:192.168.164.197:35893, 756d617c-4df0-4d16-a449-32c84fd3d9b4:192.168.164.197:42479, de422f88-f067-42c5-9741-971d3fd4b460:192.168.164.197:37219], old=null
2019-10-21 05:28:55,640 [pool-27-thread-1] INFO  impl.RoleInfo (RoleInfo.java:updateAndGet(143)) - 756d617c-4df0-4d16-a449-32c84fd3d9b4: start FollowerState
2019-10-21 05:28:55,640 [pool-37-thread-1] INFO  impl.RaftServerImpl (RaftServerImpl.java:setRole(173)) - 10936abf-a8c2-471d-9c61-a43b910bc959@group-2B447D4C4854: changes role from      null to FOLLOWER at term 0 for startAsFollower
2019-10-21 05:28:55,640 [pool-37-thread-1] INFO  impl.RoleInfo (RoleInfo.java:updateAndGet(143)) - 10936abf-a8c2-471d-9c61-a43b910bc959: start FollowerState
2019-10-21 05:28:55,640 [pool-27-thread-1] INFO  util.JmxRegister (JmxRegister.java:tryRegister(44)) - Successfully registered JMX Bean with object name Ratis:service=RaftServer,group=group-2B447D4C4854,id=756d617c-4df0-4d16-a449-32c84fd3d9b4
2019-10-21 05:28:55,640 [pool-27-thread-1] WARN  impl.MetricRegistriesImpl (MetricRegistriesImpl.java:lambda$create$1(61)) - First MetricRegistry has been created without registering reporters. You may need to call MetricRegistries.global().addReportRegistration(...) before.
2019-10-21 05:28:55,640 [pool-37-thread-1] INFO  util.JmxRegister (JmxRegister.java:tryRegister(44)) - Successfully registered JMX Bean with object name Ratis:service=RaftServer,group=group-2B447D4C4854,id=10936abf-a8c2-471d-9c61-a43b910bc959
2019-10-21 05:28:55,641 [pool-37-thread-1] WARN  impl.MetricRegistriesImpl (MetricRegistriesImpl.java:lambda$create$1(61)) - First MetricRegistry has been created without registering reporters. You may need to call MetricRegistries.global().addReportRegistration(...) before.
2019-10-21 05:28:55,648 [RatisPipelineUtilsThread] INFO  pipeline.PipelineStateManager (PipelineStateManager.java:addPipeline(55)) - Created pipeline Pipeline[ Id: ea95e8fe-4098-4221-913b-2b447d4c4854, Nodes: de422f88-f067-42c5-9741-971d3fd4b460{ip: 192.168.164.197, host: pr-hdds-1868-qzls5-2202220713, networkLocation: /default-rack, certSerialId: null}756d617c-4df0-4d16-a449-32c84fd3d9b4{ip: 192.168.164.197, host: pr-hdds-1868-qzls5-2202220713, networkLocation: /default-rack, certSerialId: null}10936abf-a8c2-471d-9c61-a43b910bc959{ip: 192.168.164.197, host: pr-hdds-1868-qzls5-2202220713, networkLocation: /default-rack, certSerialId: null}, Type:RATIS, Factor:THREE, State:ALLOCATED]
2019-10-21 05:28:55,648 [Thread-181] INFO  pipeline.PipelineStateManager (PipelineStateManager.java:finalizePipeline(121)) - Pipeline Pipeline[ Id: a0c7f9d8-1467-4bd6-a872-2de4b9fae7cc, Nodes: de422f88-f067-42c5-9741-971d3fd4b460{ip: 192.168.164.197, host: pr-hdds-1868-qzls5-2202220713, networkLocation: /default-rack, certSerialId: null}, Type:RATIS, Factor:ONE, State:CLOSED] moved to CLOSED state
2019-10-21 05:28:55,657 [grpc-default-executor-2] INFO  impl.RaftServerProxy (RaftServerProxy.java:remove(95)) - de422f88-f067-42c5-9741-971d3fd4b460: remove  FOLLOWER de422f88-f067-42c5-9741-971d3fd4b460@group-2DE4B9FAE7CC:t0, leader=null, voted=null, raftlog=de422f88-f067-42c5-9741-971d3fd4b460@group-2DE4B9FAE7CC-SegmentedRaftLog:OPENED:c-1,f-1,i0, conf=-1: [de422f88-f067-42c5-9741-971d3fd4b460:192.168.164.197:37219], old=null RUNNING
2019-10-21 05:28:55,658 [grpc-default-executor-2] INFO  impl.RaftServerImpl (RaftServerImpl.java:lambda$shutdown$3(250)) - de422f88-f067-42c5-9741-971d3fd4b460@group-2DE4B9FAE7CC: shutdown
2019-10-21 05:28:55,658 [grpc-default-executor-2] INFO  util.JmxRegister (JmxRegister.java:unregister(73)) - Successfully un-registered JMX Bean with object name Ratis:service=RaftServer,group=group-2DE4B9FAE7CC,id=de422f88-f067-42c5-9741-971d3fd4b460
2019-10-21 05:28:55,658 [grpc-default-executor-2] INFO  impl.RoleInfo (RoleInfo.java:shutdownFollowerState(121)) - de422f88-f067-42c5-9741-971d3fd4b460: shutdown FollowerState
2019-10-21 05:28:55,659 [grpc-default-executor-2] INFO  impl.StateMachineUpdater (StateMachineUpdater.java:stopAndJoin(136)) - de422f88-f067-42c5-9741-971d3fd4b460@group-2DE4B9FAE7CC-StateMachineUpdater: set stopIndex = -1
2019-10-21 05:28:55,659 [Thread-189] INFO  impl.FollowerState (FollowerState.java:run(120)) - de422f88-f067-42c5-9741-971d3fd4b460@group-2DE4B9FAE7CC-FollowerState was interrupted: java.lang.InterruptedException: sleep interrupted
2019-10-21 05:28:55,659 [grpc-default-executor-2] INFO  impl.RaftServerImpl (ServerState.java:close(387)) - de422f88-f067-42c5-9741-971d3fd4b460@group-2DE4B9FAE7CC: closes. applyIndex: -1
2019-10-21 05:28:55,660 [de422f88-f067-42c5-9741-971d3fd4b460@group-2DE4B9FAE7CC-SegmentedRaftLogWorker] INFO  segmented.SegmentedRaftLogWorker (SegmentedRaftLogWorker.java:run(316)) - de422f88-f067-42c5-9741-971d3fd4b460@group-2DE4B9FAE7CC-SegmentedRaftLogWorker was interrupted, exiting. There are 0 tasks remaining in the queue.
2019-10-21 05:28:55,660 [grpc-default-executor-2] INFO  segmented.SegmentedRaftLogWorker (SegmentedRaftLogWorker.java:close(224)) - de422f88-f067-42c5-9741-971d3fd4b460@group-2DE4B9FAE7CC-SegmentedRaftLogWorker close()
2019-10-21 05:28:55,664 [Thread-181] INFO  pipeline.PipelineStateManager (PipelineStateManager.java:removePipeline(106)) - Pipeline Pipeline[ Id: a0c7f9d8-1467-4bd6-a872-2de4b9fae7cc, Nodes: de422f88-f067-42c5-9741-971d3fd4b460{ip: 192.168.164.197, host: pr-hdds-1868-qzls5-2202220713, networkLocation: /default-rack, certSerialId: null}, Type:RATIS, Factor:ONE, State:CLOSED] removed from db
2019-10-21 05:28:55,671 [grpc-default-executor-2] INFO  impl.RaftServerProxy (RaftServerProxy.java:addNew(89)) - de422f88-f067-42c5-9741-971d3fd4b460: addNew group-D76DCC43D4BF:[de422f88-f067-42c5-9741-971d3fd4b460:192.168.164.197:37219] returns group-D76DCC43D4BF:java.util.concurrent.CompletableFuture@a7699df[Not completed]
2019-10-21 05:28:55,672 [pool-47-thread-1] INFO  impl.RaftServerImpl (RaftServerImpl.java:<init>(98)) - de422f88-f067-42c5-9741-971d3fd4b460: new RaftServerImpl for group-D76DCC43D4BF:[de422f88-f067-42c5-9741-971d3fd4b460:192.168.164.197:37219] with ContainerStateMachine:uninitialized
2019-10-21 05:28:55,672 [pool-47-thread-1] INFO  server.RaftServerConfigKeys (ConfUtils.java:logGet(43)) - raft.server.rpc.timeout.min = 5s (custom)
2019-10-21 05:28:55,672 [pool-47-thread-1] INFO  server.RaftServerConfigKeys (ConfUtils.java:logGet(43)) - raft.server.rpc.timeout.max = 5200ms (custom)
2019-10-21 05:28:55,672 [pool-47-thread-1] INFO  server.RaftServerConfigKeys (ConfUtils.java:logGet(43)) - raft.server.rpcslowness.timeout = 1000s (custom)
2019-10-21 05:28:55,672 [pool-47-thread-1] INFO  server.RaftServerConfigKeys (ConfUtils.java:logGet(43)) - raft.server.sleep.deviation.threshold = 300 (default)
2019-10-21 05:28:55,673 [pool-47-thread-1] INFO  server.RaftServerConfigKeys (ConfUtils.java:logGet(43)) - raft.server.log.appender.install.snapshot.enabled = false (custom)
2019-10-21 05:28:55,673 [pool-47-thread-1] INFO  impl.RaftServerImpl (ServerState.java:<init>(103)) - de422f88-f067-42c5-9741-971d3fd4b460@group-D76DCC43D4BF: ConfigurationManager, init=-1: [de422f88-f067-42c5-9741-971d3fd4b460:192.168.164.197:37219], old=null, confs=<EMPTY_MAP>
2019-10-21 05:28:55,673 [pool-47-thread-1] INFO  server.RaftServerConfigKeys (ConfUtils.java:logGet(43)) - raft.server.storage.dir = [/workdir/hadoop-ozone/integration-test/target/test-dir/MiniOzoneClusterImpl-a605ea08-6c65-4b38-80f2-5db36cdad253/datanode-2/data/ratis] (custom)
2019-10-21 05:28:55,673 [pool-47-thread-1] INFO  server.RaftServerConfigKeys (ConfUtils.java:logGet(43)) - raft.server.log.corruption.policy = EXCEPTION (default)
2019-10-21 05:28:55,673 [pool-47-thread-1] INFO  storage.RaftStorageDirectory (RaftStorageDirectory.java:analyzeStorage(246)) - The storage directory /workdir/hadoop-ozone/integration-test/target/test-dir/MiniOzoneClusterImpl-a605ea08-6c65-4b38-80f2-5db36cdad253/datanode-2/data/ratis/2cca5f9b-a247-4661-850b-d76dcc43d4bf does not exist. Creating ...
2019-10-21 05:28:55,689 [pool-47-thread-1] INFO  storage.RaftStorageDirectory (RaftStorageDirectory.java:tryLock(328)) - Lock on /workdir/hadoop-ozone/integration-test/target/test-dir/MiniOzoneClusterImpl-a605ea08-6c65-4b38-80f2-5db36cdad253/datanode-2/data/ratis/2cca5f9b-a247-4661-850b-d76dcc43d4bf/in_use.lock acquired by nodename 1954@pr-hdds-1868-qzls5-2202220713
2019-10-21 05:28:55,703 [pool-47-thread-1] INFO  storage.RaftStorage (RaftStorage.java:format(84)) - Storage directory /workdir/hadoop-ozone/integration-test/target/test-dir/MiniOzoneClusterImpl-a605ea08-6c65-4b38-80f2-5db36cdad253/datanode-2/data/ratis/2cca5f9b-a247-4661-850b-d76dcc43d4bf has been successfully formatted.
2019-10-21 05:28:55,703 [pool-47-thread-1] INFO  ratis.ContainerStateMachine (ContainerStateMachine.java:loadSnapshot(233)) - group-D76DCC43D4BF: The snapshot info is null. Setting the last applied indexto:(t:0, i:~)
2019-10-21 05:28:55,704 [pool-47-thread-1] INFO  server.RaftServerConfigKeys (ConfUtils.java:logGet(43)) - raft.server.notification.no-leader.timeout = 1000s (custom)
2019-10-21 05:28:55,704 [pool-47-thread-1] INFO  server.RaftServerConfigKeys (ConfUtils.java:logGet(43)) - raft.server.log.use.memory = false (default)
2019-10-21 05:28:55,704 [pool-47-thread-1] INFO  server.RaftServerConfigKeys (ConfUtils.java:logGet(43)) - raft.server.log.purge.gap = 1000000 (custom)
2019-10-21 05:28:55,704 [pool-47-thread-1] INFO  server.RaftServerConfigKeys (ConfUtils.java:logGet(43)) - raft.server.log.appender.buffer.byte-limit = 33554432 (custom)
2019-10-21 05:28:55,704 [pool-47-thread-1] INFO  server.RaftServerConfigKeys (ConfUtils.java:logGet(43)) - raft.server.log.segment.size.max = 1048576 (custom)
2019-10-21 05:28:55,704 [pool-47-thread-1] INFO  server.RaftServerConfigKeys (ConfUtils.java:logGet(43)) - raft.server.log.segment.cache.num.max = 2 (custom)
2019-10-21 05:28:55,704 [pool-47-thread-1] INFO  segmented.SegmentedRaftLogWorker (SegmentedRaftLogWorker.java:<init>(173)) - new de422f88-f067-42c5-9741-971d3fd4b460@group-D76DCC43D4BF-SegmentedRaftLogWorker for RaftStorage:Storage Directory /workdir/hadoop-ozone/integration-test/target/test-dir/MiniOzoneClusterImpl-a605ea08-6c65-4b38-80f2-5db36cdad253/datanode-2/data/ratis/2cca5f9b-a247-4661-850b-d76dcc43d4bf
2019-10-21 05:28:55,704 [pool-47-thread-1] INFO  server.RaftServerConfigKeys (ConfUtils.java:logGet(43)) - raft.server.log.queue.byte-limit = 2147483647 (custom)
2019-10-21 05:28:55,704 [pool-47-thread-1] INFO  server.RaftServerConfigKeys (ConfUtils.java:logGet(43)) - raft.server.log.queue.element-limit = 1024 (custom)
2019-10-21 05:28:55,704 [pool-47-thread-1] INFO  server.RaftServerConfigKeys (ConfUtils.java:logGet(43)) - raft.server.log.segment.size.max = 1048576 (custom)
2019-10-21 05:28:55,705 [pool-47-thread-1] INFO  server.RaftServerConfigKeys (ConfUtils.java:logGet(43)) - raft.server.log.preallocated.size = 16384 (custom)
2019-10-21 05:28:55,705 [pool-47-thread-1] INFO  server.RaftServerConfigKeys (ConfUtils.java:logGet(43)) - raft.server.log.write.buffer.size = 33554432 (custom)
2019-10-21 05:28:55,705 [pool-47-thread-1] INFO  server.RaftServerConfigKeys (ConfUtils.java:logGet(43)) - raft.server.log.force.sync.num = 128 (default)
2019-10-21 05:28:55,705 [pool-47-thread-1] INFO  server.RaftServerConfigKeys (ConfUtils.java:logGet(43)) - raft.server.log.statemachine.data.sync = true (default)
2019-10-21 05:28:55,705 [pool-47-thread-1] INFO  server.RaftServerConfigKeys (ConfUtils.java:logGet(43)) - raft.server.log.statemachine.data.sync.timeout = 10s (default)
2019-10-21 05:28:55,705 [pool-47-thread-1] INFO  server.RaftServerConfigKeys (ConfUtils.java:logGet(43)) - raft.server.log.statemachine.data.sync.timeout.retry = -1 (default)
2019-10-21 05:28:55,705 [pool-47-thread-1] INFO  server.RaftServerConfigKeys (ConfUtils.java:logGet(43)) - raft.server.log.statemachine.data.caching.enabled = true (custom)
2019-10-21 05:28:55,705 [pool-47-thread-1] INFO  segmented.SegmentedRaftLogWorker (SegmentedRaftLogWorker.java:lambda$new$0(128)) - de422f88-f067-42c5-9741-971d3fd4b460@group-D76DCC43D4BF-SegmentedRaftLogWorker: flushIndex: setUnconditionally 0 -> -1
2019-10-21 05:28:55,706 [pool-47-thread-1] INFO  server.RaftServerConfigKeys (ConfUtils.java:logGet(43)) - raft.server.snapshot.auto.trigger.enabled = true (custom)
2019-10-21 05:28:55,706 [pool-47-thread-1] INFO  server.RaftServerConfigKeys (ConfUtils.java:logGet(43)) - raft.server.snapshot.auto.trigger.threshold = 10000 (custom)
2019-10-21 05:28:55,706 [pool-47-thread-1] INFO  server.RaftServerConfigKeys (ConfUtils.java:logGet(43)) - raft.server.snapshot.retention.file.num = 5 (custom)
2019-10-21 05:28:55,706 [pool-47-thread-1] INFO  server.RaftServerConfigKeys (ConfUtils.java:logGet(43)) - raft.server.retrycache.expirytime = 600000ms (custom)
2019-10-21 05:28:55,706 [pool-47-thread-1] WARN  impl.MetricRegistriesImpl (MetricRegistriesImpl.java:lambda$create$1(61)) - First MetricRegistry has been created without registering reporters. You may need to call MetricRegistries.global().addReportRegistration(...) before.
2019-10-21 05:28:55,706 [pool-47-thread-1] WARN  impl.MetricRegistriesImpl (MetricRegistriesImpl.java:lambda$create$1(61)) - First MetricRegistry has been created without registering reporters. You may need to call MetricRegistries.global().addReportRegistration(...) before.
2019-10-21 05:28:55,707 [pool-47-thread-1] INFO  impl.RaftServerImpl (RaftServerImpl.java:start(184)) - de422f88-f067-42c5-9741-971d3fd4b460@group-D76DCC43D4BF: start as a follower, conf=-1: [de422f88-f067-42c5-9741-971d3fd4b460:192.168.164.197:37219], old=null
2019-10-21 05:28:55,707 [pool-47-thread-1] INFO  impl.RaftServerImpl (RaftServerImpl.java:setRole(173)) - de422f88-f067-42c5-9741-971d3fd4b460@group-D76DCC43D4BF: changes role from      null to FOLLOWER at term 0 for startAsFollower
2019-10-21 05:28:55,707 [pool-47-thread-1] INFO  impl.RoleInfo (RoleInfo.java:updateAndGet(143)) - de422f88-f067-42c5-9741-971d3fd4b460: start FollowerState
2019-10-21 05:28:55,707 [pool-47-thread-1] INFO  util.JmxRegister (JmxRegister.java:tryRegister(44)) - Successfully registered JMX Bean with object name Ratis:service=RaftServer,group=group-D76DCC43D4BF,id=de422f88-f067-42c5-9741-971d3fd4b460
2019-10-21 05:28:55,707 [pool-47-thread-1] WARN  impl.MetricRegistriesImpl (MetricRegistriesImpl.java:lambda$create$1(61)) - First MetricRegistry has been created without registering reporters. You may need to call MetricRegistries.global().addReportRegistration(...) before.
2019-10-21 05:28:55,712 [RatisPipelineUtilsThread] INFO  pipeline.PipelineStateManager (PipelineStateManager.java:addPipeline(55)) - Created pipeline Pipeline[ Id: 2cca5f9b-a247-4661-850b-d76dcc43d4bf, Nodes: de422f88-f067-42c5-9741-971d3fd4b460{ip: 192.168.164.197, host: pr-hdds-1868-qzls5-2202220713, networkLocation: /default-rack, certSerialId: null}, Type:RATIS, Factor:ONE, State:ALLOCATED]
2019-10-21 05:28:56,460 [main] INFO  ozone.MiniOzoneClusterImpl (MiniOzoneClusterImpl.java:lambda$waitForClusterToBeReady$2(162)) - Waiting for 4 number of pipelines out of 4, to report a leader.
2019-10-21 05:28:57,461 [main] INFO  ozone.MiniOzoneClusterImpl (MiniOzoneClusterImpl.java:lambda$waitForClusterToBeReady$2(162)) - Waiting for 4 number of pipelines out of 4, to report a leader.
2019-10-21 05:28:58,461 [main] INFO  ozone.MiniOzoneClusterImpl (MiniOzoneClusterImpl.java:lambda$waitForClusterToBeReady$2(162)) - Waiting for 4 number of pipelines out of 4, to report a leader.
2019-10-21 05:28:59,461 [main] INFO  ozone.MiniOzoneClusterImpl (MiniOzoneClusterImpl.java:lambda$waitForClusterToBeReady$2(162)) - Waiting for 4 number of pipelines out of 4, to report a leader.
2019-10-21 05:29:00,462 [main] INFO  ozone.MiniOzoneClusterImpl (MiniOzoneClusterImpl.java:lambda$waitForClusterToBeReady$2(162)) - Waiting for 4 number of pipelines out of 4, to report a leader.
2019-10-21 05:29:00,500 [Thread-212] INFO  impl.FollowerState (FollowerState.java:run(111)) - 10936abf-a8c2-471d-9c61-a43b910bc959@group-A89C89C2D8EE-FollowerState: change to CANDIDATE, lastRpcTime:5051ms, electionTimeout:5049ms
2019-10-21 05:29:00,502 [Thread-212] INFO  impl.RoleInfo (RoleInfo.java:shutdownFollowerState(121)) - 10936abf-a8c2-471d-9c61-a43b910bc959: shutdown FollowerState
2019-10-21 05:29:00,502 [Thread-212] INFO  impl.RaftServerImpl (RaftServerImpl.java:setRole(173)) - 10936abf-a8c2-471d-9c61-a43b910bc959@group-A89C89C2D8EE: changes role from  FOLLOWER to CANDIDATE at term 0 for changeToCandidate
2019-10-21 05:29:00,506 [Thread-212] INFO  impl.RoleInfo (RoleInfo.java:updateAndGet(143)) - 10936abf-a8c2-471d-9c61-a43b910bc959: start LeaderElection
2019-10-21 05:29:00,516 [10936abf-a8c2-471d-9c61-a43b910bc959@group-A89C89C2D8EE-LeaderElection1] INFO  impl.LeaderElection (LeaderElection.java:askForVotes(178)) - 10936abf-a8c2-471d-9c61-a43b910bc959@group-A89C89C2D8EE-LeaderElection1: begin an election at term 1 for -1: [10936abf-a8c2-471d-9c61-a43b910bc959:192.168.164.197:35893], old=null
2019-10-21 05:29:00,518 [10936abf-a8c2-471d-9c61-a43b910bc959@group-A89C89C2D8EE-LeaderElection1] INFO  impl.RoleInfo (RoleInfo.java:shutdownLeaderElection(134)) - 10936abf-a8c2-471d-9c61-a43b910bc959: shutdown LeaderElection
2019-10-21 05:29:00,518 [10936abf-a8c2-471d-9c61-a43b910bc959@group-A89C89C2D8EE-LeaderElection1] INFO  impl.RaftServerImpl (RaftServerImpl.java:setRole(173)) - 10936abf-a8c2-471d-9c61-a43b910bc959@group-A89C89C2D8EE: changes role from CANDIDATE to LEADER at term 1 for changeToLeader
2019-10-21 05:29:00,518 [10936abf-a8c2-471d-9c61-a43b910bc959@group-A89C89C2D8EE-LeaderElection1] INFO  ratis.XceiverServerRatis (XceiverServerRatis.java:handleLeaderChangedNotification(701)) - Leader change notification received for group: group-A89C89C2D8EE with new leaderId: 10936abf-a8c2-471d-9c61-a43b910bc959
2019-10-21 05:29:00,520 [10936abf-a8c2-471d-9c61-a43b910bc959@group-A89C89C2D8EE-LeaderElection1] INFO  impl.RaftServerImpl (ServerState.java:setLeader(255)) - 10936abf-a8c2-471d-9c61-a43b910bc959@group-A89C89C2D8EE: change Leader from null to 10936abf-a8c2-471d-9c61-a43b910bc959 at term 1 for becomeLeader, leader elected after 5077ms
2019-10-21 05:29:00,522 [EventQueue-PipelineReportForPipelineReportHandler] INFO  pipeline.PipelineReportHandler (PipelineReportHandler.java:processPipelineReport(105)) - Pipeline PipelineID=818444d4-905e-43ea-bac6-a89c89c2d8ee reported by 10936abf-a8c2-471d-9c61-a43b910bc959{ip: 192.168.164.197, host: pr-hdds-1868-qzls5-2202220713, networkLocation: /default-rack, certSerialId: null} with leaderId 10936abf-a8c2-471d-9c61-a43b910bc959
2019-10-21 05:29:00,524 [10936abf-a8c2-471d-9c61-a43b910bc959@group-A89C89C2D8EE-LeaderElection1] INFO  server.RaftServerConfigKeys (ConfUtils.java:logGet(43)) - raft.server.staging.catchup.gap = 1000 (default)
2019-10-21 05:29:00,524 [10936abf-a8c2-471d-9c61-a43b910bc959@group-A89C89C2D8EE-LeaderElection1] INFO  server.RaftServerConfigKeys (ConfUtils.java:logGet(43)) - raft.server.rpc.sleep.time = 25ms (default)
2019-10-21 05:29:00,526 [EventQueue-PipelineReportForPipelineReportHandler] INFO  pipeline.SCMPipelineManager (SCMPipelineManager.java:processReportedLeaderInfo(313)) - Opening pipeline PipelineID=818444d4-905e-43ea-bac6-a89c89c2d8ee with reported leader <ByteString@2af5bff7 size=36>
2019-10-21 05:29:00,526 [EventQueue-PipelineReportForPipelineReportHandler] INFO  pipeline.PipelineStateManager (PipelineStateManager.java:openPipeline(134)) - Pipeline Pipeline[ Id: 818444d4-905e-43ea-bac6-a89c89c2d8ee, Nodes: 10936abf-a8c2-471d-9c61-a43b910bc959{ip: 192.168.164.197, host: pr-hdds-1868-qzls5-2202220713, networkLocation: /default-rack, certSerialId: null}, Type:RATIS, Factor:ONE, State:OPEN] moved to OPEN state
2019-10-21 05:29:00,527 [EventQueue-PipelineReportForPipelineReportHandler] INFO  pipeline.PipelineReportHandler (PipelineReportHandler.java:processPipelineReport(105)) - Pipeline PipelineID=ea95e8fe-4098-4221-913b-2b447d4c4854 reported by 10936abf-a8c2-471d-9c61-a43b910bc959{ip: 192.168.164.197, host: pr-hdds-1868-qzls5-2202220713, networkLocation: /default-rack, certSerialId: null} with leaderId 
2019-10-21 05:29:00,527 [10936abf-a8c2-471d-9c61-a43b910bc959@group-A89C89C2D8EE-LeaderElection1] INFO  server.RaftServerConfigKeys (ConfUtils.java:logGet(43)) - raft.server.write.element-limit = 4096 (default)
2019-10-21 05:29:00,529 [10936abf-a8c2-471d-9c61-a43b910bc959@group-A89C89C2D8EE-LeaderElection1] INFO  server.RaftServerConfigKeys (ConfUtils.java:logGet(43)) - raft.server.watch.timeout = 10s (default)
2019-10-21 05:29:00,529 [10936abf-a8c2-471d-9c61-a43b910bc959@group-A89C89C2D8EE-LeaderElection1] INFO  server.RaftServerConfigKeys (ConfUtils.java:logGet(43)) - raft.server.watch.timeout.denomination = 1s (default)
2019-10-21 05:29:00,530 [10936abf-a8c2-471d-9c61-a43b910bc959@group-A89C89C2D8EE-LeaderElection1] INFO  server.RaftServerConfigKeys (ConfUtils.java:logGet(43)) - raft.server.watch.element-limit = 65536 (default)
2019-10-21 05:29:00,536 [10936abf-a8c2-471d-9c61-a43b910bc959@group-A89C89C2D8EE-LeaderElection1] INFO  impl.RoleInfo (RoleInfo.java:updateAndGet(143)) - 10936abf-a8c2-471d-9c61-a43b910bc959: start LeaderState
2019-10-21 05:29:00,549 [10936abf-a8c2-471d-9c61-a43b910bc959@group-A89C89C2D8EE-LeaderElection1] INFO  segmented.SegmentedRaftLogWorker (SegmentedRaftLogWorker.java:startLogSegment(385)) - 10936abf-a8c2-471d-9c61-a43b910bc959@group-A89C89C2D8EE-SegmentedRaftLogWorker: Starting segment from index:0
2019-10-21 05:29:00,557 [10936abf-a8c2-471d-9c61-a43b910bc959@group-A89C89C2D8EE-LeaderElection1] INFO  impl.RaftServerImpl (ServerState.java:setRaftConf(356)) - 10936abf-a8c2-471d-9c61-a43b910bc959@group-A89C89C2D8EE: set configuration 0: [10936abf-a8c2-471d-9c61-a43b910bc959:192.168.164.197:35893], old=null at 0
2019-10-21 05:29:00,564 [Thread-216] INFO  impl.FollowerState (FollowerState.java:run(111)) - 756d617c-4df0-4d16-a449-32c84fd3d9b4@group-FA6DC49A668E-FollowerState: change to CANDIDATE, lastRpcTime:5032ms, electionTimeout:5032ms
2019-10-21 05:29:00,564 [Thread-216] INFO  impl.RoleInfo (RoleInfo.java:shutdownFollowerState(121)) - 756d617c-4df0-4d16-a449-32c84fd3d9b4: shutdown FollowerState
2019-10-21 05:29:00,564 [Thread-216] INFO  impl.RaftServerImpl (RaftServerImpl.java:setRole(173)) - 756d617c-4df0-4d16-a449-32c84fd3d9b4@group-FA6DC49A668E: changes role from  FOLLOWER to CANDIDATE at term 0 for changeToCandidate
2019-10-21 05:29:00,565 [Thread-216] INFO  impl.RoleInfo (RoleInfo.java:updateAndGet(143)) - 756d617c-4df0-4d16-a449-32c84fd3d9b4: start LeaderElection
2019-10-21 05:29:00,570 [756d617c-4df0-4d16-a449-32c84fd3d9b4@group-FA6DC49A668E-LeaderElection2] INFO  impl.LeaderElection (LeaderElection.java:askForVotes(178)) - 756d617c-4df0-4d16-a449-32c84fd3d9b4@group-FA6DC49A668E-LeaderElection2: begin an election at term 1 for -1: [756d617c-4df0-4d16-a449-32c84fd3d9b4:192.168.164.197:42479], old=null
2019-10-21 05:29:00,571 [756d617c-4df0-4d16-a449-32c84fd3d9b4@group-FA6DC49A668E-LeaderElection2] INFO  impl.RoleInfo (RoleInfo.java:shutdownLeaderElection(134)) - 756d617c-4df0-4d16-a449-32c84fd3d9b4: shutdown LeaderElection
2019-10-21 05:29:00,571 [756d617c-4df0-4d16-a449-32c84fd3d9b4@group-FA6DC49A668E-LeaderElection2] INFO  impl.RaftServerImpl (RaftServerImpl.java:setRole(173)) - 756d617c-4df0-4d16-a449-32c84fd3d9b4@group-FA6DC49A668E: changes role from CANDIDATE to LEADER at term 1 for changeToLeader
2019-10-21 05:29:00,571 [756d617c-4df0-4d16-a449-32c84fd3d9b4@group-FA6DC49A668E-LeaderElection2] INFO  ratis.XceiverServerRatis (XceiverServerRatis.java:handleLeaderChangedNotification(701)) - Leader change notification received for group: group-FA6DC49A668E with new leaderId: 756d617c-4df0-4d16-a449-32c84fd3d9b4
2019-10-21 05:29:00,571 [756d617c-4df0-4d16-a449-32c84fd3d9b4@group-FA6DC49A668E-LeaderElection2] INFO  impl.RaftServerImpl (ServerState.java:setLeader(255)) - 756d617c-4df0-4d16-a449-32c84fd3d9b4@group-FA6DC49A668E: change Leader from null to 756d617c-4df0-4d16-a449-32c84fd3d9b4 at term 1 for becomeLeader, leader elected after 5042ms
2019-10-21 05:29:00,571 [756d617c-4df0-4d16-a449-32c84fd3d9b4@group-FA6DC49A668E-LeaderElection2] INFO  server.RaftServerConfigKeys (ConfUtils.java:logGet(43)) - raft.server.staging.catchup.gap = 1000 (default)
2019-10-21 05:29:00,571 [756d617c-4df0-4d16-a449-32c84fd3d9b4@group-FA6DC49A668E-LeaderElection2] INFO  server.RaftServerConfigKeys (ConfUtils.java:logGet(43)) - raft.server.rpc.sleep.time = 25ms (default)
2019-10-21 05:29:00,571 [756d617c-4df0-4d16-a449-32c84fd3d9b4@group-FA6DC49A668E-LeaderElection2] INFO  server.RaftServerConfigKeys (ConfUtils.java:logGet(43)) - raft.server.write.element-limit = 4096 (default)
2019-10-21 05:29:00,571 [756d617c-4df0-4d16-a449-32c84fd3d9b4@group-FA6DC49A668E-LeaderElection2] INFO  server.RaftServerConfigKeys (ConfUtils.java:logGet(43)) - raft.server.watch.timeout = 10s (default)
2019-10-21 05:29:00,571 [756d617c-4df0-4d16-a449-32c84fd3d9b4@group-FA6DC49A668E-LeaderElection2] INFO  server.RaftServerConfigKeys (ConfUtils.java:logGet(43)) - raft.server.watch.timeout.denomination = 1s (default)
2019-10-21 05:29:00,572 [756d617c-4df0-4d16-a449-32c84fd3d9b4@group-FA6DC49A668E-LeaderElection2] INFO  server.RaftServerConfigKeys (ConfUtils.java:logGet(43)) - raft.server.watch.element-limit = 65536 (default)
2019-10-21 05:29:00,572 [756d617c-4df0-4d16-a449-32c84fd3d9b4@group-FA6DC49A668E-LeaderElection2] INFO  impl.RoleInfo (RoleInfo.java:updateAndGet(143)) - 756d617c-4df0-4d16-a449-32c84fd3d9b4: start LeaderState
2019-10-21 05:29:00,572 [756d617c-4df0-4d16-a449-32c84fd3d9b4@group-FA6DC49A668E-LeaderElection2] INFO  segmented.SegmentedRaftLogWorker (SegmentedRaftLogWorker.java:startLogSegment(385)) - 756d617c-4df0-4d16-a449-32c84fd3d9b4@group-FA6DC49A668E-SegmentedRaftLogWorker: Starting segment from index:0
2019-10-21 05:29:00,572 [EventQueue-PipelineReportForPipelineReportHandler] INFO  pipeline.PipelineReportHandler (PipelineReportHandler.java:processPipelineReport(105)) - Pipeline PipelineID=ea95e8fe-4098-4221-913b-2b447d4c4854 reported by 756d617c-4df0-4d16-a449-32c84fd3d9b4{ip: 192.168.164.197, host: pr-hdds-1868-qzls5-2202220713, networkLocation: /default-rack, certSerialId: null} with leaderId 
2019-10-21 05:29:00,572 [EventQueue-PipelineReportForPipelineReportHandler] INFO  pipeline.PipelineReportHandler (PipelineReportHandler.java:processPipelineReport(105)) - Pipeline PipelineID=b0597201-2f12-4118-9cf2-fa6dc49a668e reported by 756d617c-4df0-4d16-a449-32c84fd3d9b4{ip: 192.168.164.197, host: pr-hdds-1868-qzls5-2202220713, networkLocation: /default-rack, certSerialId: null} with leaderId 756d617c-4df0-4d16-a449-32c84fd3d9b4
2019-10-21 05:29:00,572 [756d617c-4df0-4d16-a449-32c84fd3d9b4@group-FA6DC49A668E-LeaderElection2] INFO  impl.RaftServerImpl (ServerState.java:setRaftConf(356)) - 756d617c-4df0-4d16-a449-32c84fd3d9b4@group-FA6DC49A668E: set configuration 0: [756d617c-4df0-4d16-a449-32c84fd3d9b4:192.168.164.197:42479], old=null at 0
2019-10-21 05:29:00,573 [EventQueue-PipelineReportForPipelineReportHandler] INFO  pipeline.SCMPipelineManager (SCMPipelineManager.java:processReportedLeaderInfo(313)) - Opening pipeline PipelineID=b0597201-2f12-4118-9cf2-fa6dc49a668e with reported leader <ByteString@a37538b size=36>
2019-10-21 05:29:00,573 [EventQueue-PipelineReportForPipelineReportHandler] INFO  pipeline.PipelineStateManager (PipelineStateManager.java:openPipeline(134)) - Pipeline Pipeline[ Id: b0597201-2f12-4118-9cf2-fa6dc49a668e, Nodes: 756d617c-4df0-4d16-a449-32c84fd3d9b4{ip: 192.168.164.197, host: pr-hdds-1868-qzls5-2202220713, networkLocation: /default-rack, certSerialId: null}, Type:RATIS, Factor:ONE, State:OPEN] moved to OPEN state
2019-10-21 05:29:00,681 [Thread-225] INFO  impl.FollowerState (FollowerState.java:run(111)) - de422f88-f067-42c5-9741-971d3fd4b460@group-2B447D4C4854-FollowerState: change to CANDIDATE, lastRpcTime:5043ms, electionTimeout:5043ms
2019-10-21 05:29:00,681 [Thread-225] INFO  impl.RoleInfo (RoleInfo.java:shutdownFollowerState(121)) - de422f88-f067-42c5-9741-971d3fd4b460: shutdown FollowerState
2019-10-21 05:29:00,682 [Thread-225] INFO  impl.RaftServerImpl (RaftServerImpl.java:setRole(173)) - de422f88-f067-42c5-9741-971d3fd4b460@group-2B447D4C4854: changes role from  FOLLOWER to CANDIDATE at term 0 for changeToCandidate
2019-10-21 05:29:00,682 [Thread-225] INFO  impl.RoleInfo (RoleInfo.java:updateAndGet(143)) - de422f88-f067-42c5-9741-971d3fd4b460: start LeaderElection
2019-10-21 05:29:00,712 [Thread-235] INFO  impl.FollowerState (FollowerState.java:run(111)) - de422f88-f067-42c5-9741-971d3fd4b460@group-D76DCC43D4BF-FollowerState: change to CANDIDATE, lastRpcTime:5005ms, electionTimeout:5005ms
2019-10-21 05:29:00,713 [Thread-235] INFO  impl.RoleInfo (RoleInfo.java:shutdownFollowerState(121)) - de422f88-f067-42c5-9741-971d3fd4b460: shutdown FollowerState
2019-10-21 05:29:00,713 [Thread-235] INFO  impl.RaftServerImpl (RaftServerImpl.java:setRole(173)) - de422f88-f067-42c5-9741-971d3fd4b460@group-D76DCC43D4BF: changes role from  FOLLOWER to CANDIDATE at term 0 for changeToCandidate
2019-10-21 05:29:00,713 [Thread-235] INFO  impl.RoleInfo (RoleInfo.java:updateAndGet(143)) - de422f88-f067-42c5-9741-971d3fd4b460: start LeaderElection
2019-10-21 05:29:00,816 [Thread-230] INFO  impl.FollowerState (FollowerState.java:run(111)) - 10936abf-a8c2-471d-9c61-a43b910bc959@group-2B447D4C4854-FollowerState: change to CANDIDATE, lastRpcTime:5176ms, electionTimeout:5176ms
2019-10-21 05:29:00,816 [Thread-230] INFO  impl.RoleInfo (RoleInfo.java:shutdownFollowerState(121)) - 10936abf-a8c2-471d-9c61-a43b910bc959: shutdown FollowerState
2019-10-21 05:29:00,816 [Thread-230] INFO  impl.RaftServerImpl (RaftServerImpl.java:setRole(173)) - 10936abf-a8c2-471d-9c61-a43b910bc959@group-2B447D4C4854: changes role from  FOLLOWER to CANDIDATE at term 0 for changeToCandidate
2019-10-21 05:29:00,817 [Thread-230] INFO  impl.RoleInfo (RoleInfo.java:updateAndGet(143)) - 10936abf-a8c2-471d-9c61-a43b910bc959: start LeaderElection
2019-10-21 05:29:00,823 [Thread-229] INFO  impl.FollowerState (FollowerState.java:run(111)) - 756d617c-4df0-4d16-a449-32c84fd3d9b4@group-2B447D4C4854-FollowerState: change to CANDIDATE, lastRpcTime:5183ms, electionTimeout:5183ms
2019-10-21 05:29:00,823 [Thread-229] INFO  impl.RoleInfo (RoleInfo.java:shutdownFollowerState(121)) - 756d617c-4df0-4d16-a449-32c84fd3d9b4: shutdown FollowerState
2019-10-21 05:29:00,823 [Thread-229] INFO  impl.RaftServerImpl (RaftServerImpl.java:setRole(173)) - 756d617c-4df0-4d16-a449-32c84fd3d9b4@group-2B447D4C4854: changes role from  FOLLOWER to CANDIDATE at term 0 for changeToCandidate
2019-10-21 05:29:00,823 [Thread-229] INFO  impl.RoleInfo (RoleInfo.java:updateAndGet(143)) - 756d617c-4df0-4d16-a449-32c84fd3d9b4: start LeaderElection
2019-10-21 05:29:01,255 [756d617c-4df0-4d16-a449-32c84fd3d9b4@group-FA6DC49A668E-SegmentedRaftLogWorker] INFO  segmented.SegmentedRaftLogWorker (SegmentedRaftLogWorker.java:execute(576)) - 756d617c-4df0-4d16-a449-32c84fd3d9b4@group-FA6DC49A668E-SegmentedRaftLogWorker: created new log segment /workdir/hadoop-ozone/integration-test/target/test-dir/MiniOzoneClusterImpl-a605ea08-6c65-4b38-80f2-5db36cdad253/datanode-0/data/ratis/b0597201-2f12-4118-9cf2-fa6dc49a668e/current/log_inprogress_0
2019-10-21 05:29:01,255 [10936abf-a8c2-471d-9c61-a43b910bc959@group-A89C89C2D8EE-SegmentedRaftLogWorker] INFO  segmented.SegmentedRaftLogWorker (SegmentedRaftLogWorker.java:execute(576)) - 10936abf-a8c2-471d-9c61-a43b910bc959@group-A89C89C2D8EE-SegmentedRaftLogWorker: created new log segment /workdir/hadoop-ozone/integration-test/target/test-dir/MiniOzoneClusterImpl-a605ea08-6c65-4b38-80f2-5db36cdad253/datanode-1/data/ratis/818444d4-905e-43ea-bac6-a89c89c2d8ee/current/log_inprogress_0
2019-10-21 05:29:01,462 [main] INFO  ozone.MiniOzoneClusterImpl (MiniOzoneClusterImpl.java:lambda$waitForClusterToBeReady$2(162)) - Waiting for 2 number of pipelines out of 4, to report a leader.
2019-10-21 05:29:01,634 [de422f88-f067-42c5-9741-971d3fd4b460@group-D76DCC43D4BF-LeaderElection4] INFO  impl.LeaderElection (LeaderElection.java:askForVotes(178)) - de422f88-f067-42c5-9741-971d3fd4b460@group-D76DCC43D4BF-LeaderElection4: begin an election at term 1 for -1: [de422f88-f067-42c5-9741-971d3fd4b460:192.168.164.197:37219], old=null
2019-10-21 05:29:01,635 [de422f88-f067-42c5-9741-971d3fd4b460@group-2B447D4C4854-LeaderElection3] INFO  impl.LeaderElection (LeaderElection.java:askForVotes(178)) - de422f88-f067-42c5-9741-971d3fd4b460@group-2B447D4C4854-LeaderElection3: begin an election at term 1 for -1: [10936abf-a8c2-471d-9c61-a43b910bc959:192.168.164.197:35893, 756d617c-4df0-4d16-a449-32c84fd3d9b4:192.168.164.197:42479, de422f88-f067-42c5-9741-971d3fd4b460:192.168.164.197:37219], old=null
2019-10-21 05:29:01,635 [de422f88-f067-42c5-9741-971d3fd4b460@group-D76DCC43D4BF-LeaderElection4] INFO  impl.RoleInfo (RoleInfo.java:shutdownLeaderElection(134)) - de422f88-f067-42c5-9741-971d3fd4b460: shutdown LeaderElection
2019-10-21 05:29:01,635 [de422f88-f067-42c5-9741-971d3fd4b460@group-D76DCC43D4BF-LeaderElection4] INFO  impl.RaftServerImpl (RaftServerImpl.java:setRole(173)) - de422f88-f067-42c5-9741-971d3fd4b460@group-D76DCC43D4BF: changes role from CANDIDATE to LEADER at term 1 for changeToLeader
2019-10-21 05:29:01,635 [de422f88-f067-42c5-9741-971d3fd4b460@group-D76DCC43D4BF-LeaderElection4] INFO  ratis.XceiverServerRatis (XceiverServerRatis.java:handleLeaderChangedNotification(701)) - Leader change notification received for group: group-D76DCC43D4BF with new leaderId: de422f88-f067-42c5-9741-971d3fd4b460
2019-10-21 05:29:01,635 [de422f88-f067-42c5-9741-971d3fd4b460@group-D76DCC43D4BF-LeaderElection4] INFO  impl.RaftServerImpl (ServerState.java:setLeader(255)) - de422f88-f067-42c5-9741-971d3fd4b460@group-D76DCC43D4BF: change Leader from null to de422f88-f067-42c5-9741-971d3fd4b460 at term 1 for becomeLeader, leader elected after 5931ms
2019-10-21 05:29:01,635 [de422f88-f067-42c5-9741-971d3fd4b460@group-D76DCC43D4BF-LeaderElection4] INFO  server.RaftServerConfigKeys (ConfUtils.java:logGet(43)) - raft.server.staging.catchup.gap = 1000 (default)
2019-10-21 05:29:01,636 [de422f88-f067-42c5-9741-971d3fd4b460@group-D76DCC43D4BF-LeaderElection4] INFO  server.RaftServerConfigKeys (ConfUtils.java:logGet(43)) - raft.server.rpc.sleep.time = 25ms (default)
2019-10-21 05:29:01,636 [de422f88-f067-42c5-9741-971d3fd4b460@group-D76DCC43D4BF-LeaderElection4] INFO  server.RaftServerConfigKeys (ConfUtils.java:logGet(43)) - raft.server.write.element-limit = 4096 (default)
2019-10-21 05:29:01,636 [de422f88-f067-42c5-9741-971d3fd4b460@group-D76DCC43D4BF-LeaderElection4] INFO  server.RaftServerConfigKeys (ConfUtils.java:logGet(43)) - raft.server.watch.timeout = 10s (default)
2019-10-21 05:29:01,636 [de422f88-f067-42c5-9741-971d3fd4b460@group-D76DCC43D4BF-LeaderElection4] INFO  server.RaftServerConfigKeys (ConfUtils.java:logGet(43)) - raft.server.watch.timeout.denomination = 1s (default)
2019-10-21 05:29:01,636 [de422f88-f067-42c5-9741-971d3fd4b460@group-D76DCC43D4BF-LeaderElection4] INFO  server.RaftServerConfigKeys (ConfUtils.java:logGet(43)) - raft.server.watch.element-limit = 65536 (default)
2019-10-21 05:29:01,636 [EventQueue-PipelineReportForPipelineReportHandler] INFO  pipeline.PipelineReportHandler (PipelineReportHandler.java:processPipelineReport(105)) - Pipeline PipelineID=ea95e8fe-4098-4221-913b-2b447d4c4854 reported by de422f88-f067-42c5-9741-971d3fd4b460{ip: 192.168.164.197, host: pr-hdds-1868-qzls5-2202220713, networkLocation: /default-rack, certSerialId: null} with leaderId 
2019-10-21 05:29:01,637 [de422f88-f067-42c5-9741-971d3fd4b460@group-D76DCC43D4BF-LeaderElection4] INFO  impl.RoleInfo (RoleInfo.java:updateAndGet(143)) - de422f88-f067-42c5-9741-971d3fd4b460: start LeaderState
2019-10-21 05:29:01,637 [EventQueue-PipelineReportForPipelineReportHandler] INFO  pipeline.SCMPipelineManager (SCMPipelineManager.java:processReportedLeaderInfo(313)) - Opening pipeline PipelineID=ea95e8fe-4098-4221-913b-2b447d4c4854 with reported leader <ByteString@52eefbcb size=0>
2019-10-21 05:29:01,637 [de422f88-f067-42c5-9741-971d3fd4b460@group-D76DCC43D4BF-LeaderElection4] INFO  segmented.SegmentedRaftLogWorker (SegmentedRaftLogWorker.java:startLogSegment(385)) - de422f88-f067-42c5-9741-971d3fd4b460@group-D76DCC43D4BF-SegmentedRaftLogWorker: Starting segment from index:0
2019-10-21 05:29:01,637 [EventQueue-PipelineReportForPipelineReportHandler] INFO  pipeline.PipelineStateManager (PipelineStateManager.java:openPipeline(134)) - Pipeline Pipeline[ Id: ea95e8fe-4098-4221-913b-2b447d4c4854, Nodes: de422f88-f067-42c5-9741-971d3fd4b460{ip: 192.168.164.197, host: pr-hdds-1868-qzls5-2202220713, networkLocation: /default-rack, certSerialId: null}756d617c-4df0-4d16-a449-32c84fd3d9b4{ip: 192.168.164.197, host: pr-hdds-1868-qzls5-2202220713, networkLocation: /default-rack, certSerialId: null}10936abf-a8c2-471d-9c61-a43b910bc959{ip: 192.168.164.197, host: pr-hdds-1868-qzls5-2202220713, networkLocation: /default-rack, certSerialId: null}, Type:RATIS, Factor:THREE, State:OPEN] moved to OPEN state
2019-10-21 05:29:01,637 [EventQueue-PipelineReportForPipelineReportHandler] INFO  pipeline.PipelineReportHandler (PipelineReportHandler.java:processPipelineReport(105)) - Pipeline PipelineID=2cca5f9b-a247-4661-850b-d76dcc43d4bf reported by de422f88-f067-42c5-9741-971d3fd4b460{ip: 192.168.164.197, host: pr-hdds-1868-qzls5-2202220713, networkLocation: /default-rack, certSerialId: null} with leaderId de422f88-f067-42c5-9741-971d3fd4b460
2019-10-21 05:29:01,638 [de422f88-f067-42c5-9741-971d3fd4b460@group-D76DCC43D4BF-LeaderElection4] INFO  impl.RaftServerImpl (ServerState.java:setRaftConf(356)) - de422f88-f067-42c5-9741-971d3fd4b460@group-D76DCC43D4BF: set configuration 0: [de422f88-f067-42c5-9741-971d3fd4b460:192.168.164.197:37219], old=null at 0
2019-10-21 05:29:01,663 [EventQueue-PipelineReportForPipelineReportHandler] INFO  pipeline.SCMPipelineManager (SCMPipelineManager.java:processReportedLeaderInfo(313)) - Opening pipeline PipelineID=2cca5f9b-a247-4661-850b-d76dcc43d4bf with reported leader <ByteString@5be9b65d size=36>
2019-10-21 05:29:01,663 [EventQueue-PipelineReportForPipelineReportHandler] INFO  pipeline.PipelineStateManager (PipelineStateManager.java:openPipeline(134)) - Pipeline Pipeline[ Id: 2cca5f9b-a247-4661-850b-d76dcc43d4bf, Nodes: de422f88-f067-42c5-9741-971d3fd4b460{ip: 192.168.164.197, host: pr-hdds-1868-qzls5-2202220713, networkLocation: /default-rack, certSerialId: null}, Type:RATIS, Factor:ONE, State:OPEN] moved to OPEN state
2019-10-21 05:29:02,463 [main] INFO  ozone.MiniOzoneClusterImpl (MiniOzoneClusterImpl.java:lambda$waitForClusterToBeReady$2(170)) - Cluster is ready. Got 3 of 3 DN Heartbeats.
2019-10-21 05:29:03,107 [10936abf-a8c2-471d-9c61-a43b910bc959@group-2B447D4C4854-LeaderElection5] INFO  impl.LeaderElection (LeaderElection.java:askForVotes(178)) - 10936abf-a8c2-471d-9c61-a43b910bc959@group-2B447D4C4854-LeaderElection5: begin an election at term 1 for -1: [10936abf-a8c2-471d-9c61-a43b910bc959:192.168.164.197:35893, 756d617c-4df0-4d16-a449-32c84fd3d9b4:192.168.164.197:42479, de422f88-f067-42c5-9741-971d3fd4b460:192.168.164.197:37219], old=null
2019-10-21 05:29:03,107 [756d617c-4df0-4d16-a449-32c84fd3d9b4@group-2B447D4C4854-LeaderElection6] INFO  impl.LeaderElection (LeaderElection.java:askForVotes(178)) - 756d617c-4df0-4d16-a449-32c84fd3d9b4@group-2B447D4C4854-LeaderElection6: begin an election at term 1 for -1: [10936abf-a8c2-471d-9c61-a43b910bc959:192.168.164.197:35893, 756d617c-4df0-4d16-a449-32c84fd3d9b4:192.168.164.197:42479, de422f88-f067-42c5-9741-971d3fd4b460:192.168.164.197:37219], old=null
2019-10-21 05:29:03,129 [de422f88-f067-42c5-9741-971d3fd4b460@group-2B447D4C4854-LeaderElection3] INFO  impl.LeaderElection (LeaderElection.java:logAndReturn(56)) - de422f88-f067-42c5-9741-971d3fd4b460@group-2B447D4C4854-LeaderElection3: Election REJECTED; received 2 response(s) [de422f88-f067-42c5-9741-971d3fd4b460<-10936abf-a8c2-471d-9c61-a43b910bc959#0:FAIL-t1, de422f88-f067-42c5-9741-971d3fd4b460<-756d617c-4df0-4d16-a449-32c84fd3d9b4#0:FAIL-t1] and 0 exception(s); de422f88-f067-42c5-9741-971d3fd4b460@group-2B447D4C4854:t1, leader=null, voted=de422f88-f067-42c5-9741-971d3fd4b460, raftlog=de422f88-f067-42c5-9741-971d3fd4b460@group-2B447D4C4854-SegmentedRaftLog:OPENED:c-1,f-1,i0, conf=-1: [10936abf-a8c2-471d-9c61-a43b910bc959:192.168.164.197:35893, 756d617c-4df0-4d16-a449-32c84fd3d9b4:192.168.164.197:42479, de422f88-f067-42c5-9741-971d3fd4b460:192.168.164.197:37219], old=null
2019-10-21 05:29:03,132 [de422f88-f067-42c5-9741-971d3fd4b460@group-2B447D4C4854-LeaderElection3] INFO  impl.RaftServerImpl (RaftServerImpl.java:setRole(173)) - de422f88-f067-42c5-9741-971d3fd4b460@group-2B447D4C4854: changes role from CANDIDATE to FOLLOWER at term 1 for DISCOVERED_A_NEW_TERM
2019-10-21 05:29:03,132 [de422f88-f067-42c5-9741-971d3fd4b460@group-2B447D4C4854-LeaderElection3] INFO  impl.RoleInfo (RoleInfo.java:shutdownLeaderElection(134)) - de422f88-f067-42c5-9741-971d3fd4b460: shutdown LeaderElection
2019-10-21 05:29:03,133 [de422f88-f067-42c5-9741-971d3fd4b460@group-2B447D4C4854-LeaderElection3] INFO  impl.RoleInfo (RoleInfo.java:updateAndGet(143)) - de422f88-f067-42c5-9741-971d3fd4b460: start FollowerState
2019-10-21 05:29:03,147 [756d617c-4df0-4d16-a449-32c84fd3d9b4@group-2B447D4C4854-LeaderElection6] INFO  impl.LeaderElection (LeaderElection.java:logAndReturn(56)) - 756d617c-4df0-4d16-a449-32c84fd3d9b4@group-2B447D4C4854-LeaderElection6: Election REJECTED; received 2 response(s) [756d617c-4df0-4d16-a449-32c84fd3d9b4<-10936abf-a8c2-471d-9c61-a43b910bc959#0:FAIL-t1, 756d617c-4df0-4d16-a449-32c84fd3d9b4<-de422f88-f067-42c5-9741-971d3fd4b460#0:FAIL-t1] and 0 exception(s); 756d617c-4df0-4d16-a449-32c84fd3d9b4@group-2B447D4C4854:t1, leader=null, voted=756d617c-4df0-4d16-a449-32c84fd3d9b4, raftlog=756d617c-4df0-4d16-a449-32c84fd3d9b4@group-2B447D4C4854-SegmentedRaftLog:OPENED:c-1,f-1,i0, conf=-1: [10936abf-a8c2-471d-9c61-a43b910bc959:192.168.164.197:35893, 756d617c-4df0-4d16-a449-32c84fd3d9b4:192.168.164.197:42479, de422f88-f067-42c5-9741-971d3fd4b460:192.168.164.197:37219], old=null
2019-10-21 05:29:03,148 [756d617c-4df0-4d16-a449-32c84fd3d9b4@group-2B447D4C4854-LeaderElection6] INFO  impl.RaftServerImpl (RaftServerImpl.java:setRole(173)) - 756d617c-4df0-4d16-a449-32c84fd3d9b4@group-2B447D4C4854: changes role from CANDIDATE to FOLLOWER at term 1 for DISCOVERED_A_NEW_TERM
2019-10-21 05:29:03,149 [756d617c-4df0-4d16-a449-32c84fd3d9b4@group-2B447D4C4854-LeaderElection6] INFO  impl.RoleInfo (RoleInfo.java:shutdownLeaderElection(134)) - 756d617c-4df0-4d16-a449-32c84fd3d9b4: shutdown LeaderElection
2019-10-21 05:29:03,151 [756d617c-4df0-4d16-a449-32c84fd3d9b4@group-2B447D4C4854-LeaderElection6] INFO  impl.RoleInfo (RoleInfo.java:updateAndGet(143)) - 756d617c-4df0-4d16-a449-32c84fd3d9b4: start FollowerState
2019-10-21 05:29:03,159 [10936abf-a8c2-471d-9c61-a43b910bc959@group-2B447D4C4854-LeaderElection5] INFO  impl.LeaderElection (LeaderElection.java:logAndReturn(56)) - 10936abf-a8c2-471d-9c61-a43b910bc959@group-2B447D4C4854-LeaderElection5: Election REJECTED; received 2 response(s) [10936abf-a8c2-471d-9c61-a43b910bc959<-756d617c-4df0-4d16-a449-32c84fd3d9b4#0:FAIL-t1, 10936abf-a8c2-471d-9c61-a43b910bc959<-de422f88-f067-42c5-9741-971d3fd4b460#0:FAIL-t1] and 0 exception(s); 10936abf-a8c2-471d-9c61-a43b910bc959@group-2B447D4C4854:t1, leader=null, voted=10936abf-a8c2-471d-9c61-a43b910bc959, raftlog=10936abf-a8c2-471d-9c61-a43b910bc959@group-2B447D4C4854-SegmentedRaftLog:OPENED:c-1,f-1,i0, conf=-1: [10936abf-a8c2-471d-9c61-a43b910bc959:192.168.164.197:35893, 756d617c-4df0-4d16-a449-32c84fd3d9b4:192.168.164.197:42479, de422f88-f067-42c5-9741-971d3fd4b460:192.168.164.197:37219], old=null
2019-10-21 05:29:03,160 [10936abf-a8c2-471d-9c61-a43b910bc959@group-2B447D4C4854-LeaderElection5] INFO  impl.RaftServerImpl (RaftServerImpl.java:setRole(173)) - 10936abf-a8c2-471d-9c61-a43b910bc959@group-2B447D4C4854: changes role from CANDIDATE to FOLLOWER at term 1 for DISCOVERED_A_NEW_TERM
2019-10-21 05:29:03,161 [10936abf-a8c2-471d-9c61-a43b910bc959@group-2B447D4C4854-LeaderElection5] INFO  impl.RoleInfo (RoleInfo.java:shutdownLeaderElection(134)) - 10936abf-a8c2-471d-9c61-a43b910bc959: shutdown LeaderElection
2019-10-21 05:29:03,161 [10936abf-a8c2-471d-9c61-a43b910bc959@group-2B447D4C4854-LeaderElection5] INFO  impl.RoleInfo (RoleInfo.java:updateAndGet(143)) - 10936abf-a8c2-471d-9c61-a43b910bc959: start FollowerState
2019-10-21 05:29:03,220 [main] INFO  rpc.RpcClient (RpcClient.java:createVolume(272)) - Creating Volume: testcontainerstatemachinefailures, with jenkins1000 as owner.
2019-10-21 05:29:03,295 [IPC Server handler 0 on 39009] INFO  volume.OMVolumeCreateRequest (OMVolumeCreateRequest.java:validateAndUpdateCache(193)) - created volume:testcontainerstatemachinefailures for user:jenkins1000
2019-10-21 05:29:03,316 [main] INFO  rpc.RpcClient (RpcClient.java:createBucket(411)) - Creating Bucket: testcontainerstatemachinefailures/testcontainerstatemachinefailures, with Versioning false and Storage Type set to DISK and Encryption set to false 
2019-10-21 05:29:03,429 [main] INFO  impl.MetricsSystemImpl (MetricsSystemImpl.java:init(158)) - XceiverClientMetrics metrics system started (again)
2019-10-21 05:29:03,503 [de422f88-f067-42c5-9741-971d3fd4b460@group-D76DCC43D4BF-SegmentedRaftLogWorker] INFO  segmented.SegmentedRaftLogWorker (SegmentedRaftLogWorker.java:execute(576)) - de422f88-f067-42c5-9741-971d3fd4b460@group-D76DCC43D4BF-SegmentedRaftLogWorker: created new log segment /workdir/hadoop-ozone/integration-test/target/test-dir/MiniOzoneClusterImpl-a605ea08-6c65-4b38-80f2-5db36cdad253/datanode-2/data/ratis/2cca5f9b-a247-4661-850b-d76dcc43d4bf/current/log_inprogress_0
2019-10-21 05:29:08,144 [Thread-263] INFO  impl.FollowerState (FollowerState.java:run(111)) - de422f88-f067-42c5-9741-971d3fd4b460@group-2B447D4C4854-FollowerState: change to CANDIDATE, lastRpcTime:5011ms, electionTimeout:5010ms
2019-10-21 05:29:08,144 [Thread-263] INFO  impl.RoleInfo (RoleInfo.java:shutdownFollowerState(121)) - de422f88-f067-42c5-9741-971d3fd4b460: shutdown FollowerState
2019-10-21 05:29:08,145 [Thread-263] INFO  impl.RaftServerImpl (RaftServerImpl.java:setRole(173)) - de422f88-f067-42c5-9741-971d3fd4b460@group-2B447D4C4854: changes role from  FOLLOWER to CANDIDATE at term 1 for changeToCandidate
2019-10-21 05:29:08,145 [Thread-263] INFO  impl.RoleInfo (RoleInfo.java:updateAndGet(143)) - de422f88-f067-42c5-9741-971d3fd4b460: start LeaderElection
2019-10-21 05:29:08,197 [de422f88-f067-42c5-9741-971d3fd4b460@group-2B447D4C4854-LeaderElection7] INFO  impl.LeaderElection (LeaderElection.java:askForVotes(178)) - de422f88-f067-42c5-9741-971d3fd4b460@group-2B447D4C4854-LeaderElection7: begin an election at term 2 for -1: [10936abf-a8c2-471d-9c61-a43b910bc959:192.168.164.197:35893, 756d617c-4df0-4d16-a449-32c84fd3d9b4:192.168.164.197:42479, de422f88-f067-42c5-9741-971d3fd4b460:192.168.164.197:37219], old=null
2019-10-21 05:29:08,209 [grpc-default-executor-3] INFO  impl.RaftServerImpl (RaftServerImpl.java:setRole(173)) - 756d617c-4df0-4d16-a449-32c84fd3d9b4@group-2B447D4C4854: changes role from  FOLLOWER to FOLLOWER at term 2 for recognizeCandidate:de422f88-f067-42c5-9741-971d3fd4b460
2019-10-21 05:29:08,209 [grpc-default-executor-3] INFO  impl.RoleInfo (RoleInfo.java:shutdownFollowerState(121)) - 756d617c-4df0-4d16-a449-32c84fd3d9b4: shutdown FollowerState
2019-10-21 05:29:08,210 [Thread-264] INFO  impl.FollowerState (FollowerState.java:run(120)) - 756d617c-4df0-4d16-a449-32c84fd3d9b4@group-2B447D4C4854-FollowerState was interrupted: java.lang.InterruptedException: sleep interrupted
2019-10-21 05:29:08,210 [grpc-default-executor-1] INFO  impl.RaftServerImpl (RaftServerImpl.java:setRole(173)) - 10936abf-a8c2-471d-9c61-a43b910bc959@group-2B447D4C4854: changes role from  FOLLOWER to FOLLOWER at term 2 for recognizeCandidate:de422f88-f067-42c5-9741-971d3fd4b460
2019-10-21 05:29:08,211 [grpc-default-executor-1] INFO  impl.RoleInfo (RoleInfo.java:shutdownFollowerState(121)) - 10936abf-a8c2-471d-9c61-a43b910bc959: shutdown FollowerState
2019-10-21 05:29:08,210 [grpc-default-executor-3] INFO  impl.RoleInfo (RoleInfo.java:updateAndGet(143)) - 756d617c-4df0-4d16-a449-32c84fd3d9b4: start FollowerState
2019-10-21 05:29:08,212 [grpc-default-executor-1] INFO  impl.RoleInfo (RoleInfo.java:updateAndGet(143)) - 10936abf-a8c2-471d-9c61-a43b910bc959: start FollowerState
2019-10-21 05:29:08,211 [Thread-265] INFO  impl.FollowerState (FollowerState.java:run(120)) - 10936abf-a8c2-471d-9c61-a43b910bc959@group-2B447D4C4854-FollowerState was interrupted: java.lang.InterruptedException: sleep interrupted
2019-10-21 05:29:08,231 [de422f88-f067-42c5-9741-971d3fd4b460@group-2B447D4C4854-LeaderElection7] INFO  impl.LeaderElection (LeaderElection.java:logAndReturn(56)) - de422f88-f067-42c5-9741-971d3fd4b460@group-2B447D4C4854-LeaderElection7: Election PASSED; received 1 response(s) [de422f88-f067-42c5-9741-971d3fd4b460<-756d617c-4df0-4d16-a449-32c84fd3d9b4#0:OK-t2] and 0 exception(s); de422f88-f067-42c5-9741-971d3fd4b460@group-2B447D4C4854:t2, leader=null, voted=de422f88-f067-42c5-9741-971d3fd4b460, raftlog=de422f88-f067-42c5-9741-971d3fd4b460@group-2B447D4C4854-SegmentedRaftLog:OPENED:c-1,f-1,i0, conf=-1: [10936abf-a8c2-471d-9c61-a43b910bc959:192.168.164.197:35893, 756d617c-4df0-4d16-a449-32c84fd3d9b4:192.168.164.197:42479, de422f88-f067-42c5-9741-971d3fd4b460:192.168.164.197:37219], old=null
2019-10-21 05:29:08,231 [de422f88-f067-42c5-9741-971d3fd4b460@group-2B447D4C4854-LeaderElection7] INFO  impl.RoleInfo (RoleInfo.java:shutdownLeaderElection(134)) - de422f88-f067-42c5-9741-971d3fd4b460: shutdown LeaderElection
2019-10-21 05:29:08,233 [de422f88-f067-42c5-9741-971d3fd4b460@group-2B447D4C4854-LeaderElection7] INFO  impl.RaftServerImpl (RaftServerImpl.java:setRole(173)) - de422f88-f067-42c5-9741-971d3fd4b460@group-2B447D4C4854: changes role from CANDIDATE to LEADER at term 2 for changeToLeader
2019-10-21 05:29:08,233 [de422f88-f067-42c5-9741-971d3fd4b460@group-2B447D4C4854-LeaderElection7] INFO  ratis.XceiverServerRatis (XceiverServerRatis.java:handleLeaderChangedNotification(701)) - Leader change notification received for group: group-2B447D4C4854 with new leaderId: de422f88-f067-42c5-9741-971d3fd4b460
2019-10-21 05:29:08,233 [de422f88-f067-42c5-9741-971d3fd4b460@group-2B447D4C4854-LeaderElection7] INFO  impl.RaftServerImpl (ServerState.java:setLeader(255)) - de422f88-f067-42c5-9741-971d3fd4b460@group-2B447D4C4854: change Leader from null to de422f88-f067-42c5-9741-971d3fd4b460 at term 2 for becomeLeader, leader elected after 12600ms
2019-10-21 05:29:08,233 [de422f88-f067-42c5-9741-971d3fd4b460@group-2B447D4C4854-LeaderElection7] INFO  server.RaftServerConfigKeys (ConfUtils.java:logGet(43)) - raft.server.staging.catchup.gap = 1000 (default)
2019-10-21 05:29:08,233 [de422f88-f067-42c5-9741-971d3fd4b460@group-2B447D4C4854-LeaderElection7] INFO  server.RaftServerConfigKeys (ConfUtils.java:logGet(43)) - raft.server.rpc.sleep.time = 25ms (default)
2019-10-21 05:29:08,234 [de422f88-f067-42c5-9741-971d3fd4b460@group-2B447D4C4854-LeaderElection7] INFO  server.RaftServerConfigKeys (ConfUtils.java:logGet(43)) - raft.server.write.element-limit = 4096 (default)
2019-10-21 05:29:08,234 [de422f88-f067-42c5-9741-971d3fd4b460@group-2B447D4C4854-LeaderElection7] INFO  server.RaftServerConfigKeys (ConfUtils.java:logGet(43)) - raft.server.watch.timeout = 10s (default)
2019-10-21 05:29:08,234 [de422f88-f067-42c5-9741-971d3fd4b460@group-2B447D4C4854-LeaderElection7] INFO  server.RaftServerConfigKeys (ConfUtils.java:logGet(43)) - raft.server.watch.timeout.denomination = 1s (default)
2019-10-21 05:29:08,234 [de422f88-f067-42c5-9741-971d3fd4b460@group-2B447D4C4854-LeaderElection7] INFO  server.RaftServerConfigKeys (ConfUtils.java:logGet(43)) - raft.server.watch.element-limit = 65536 (default)
2019-10-21 05:29:08,236 [de422f88-f067-42c5-9741-971d3fd4b460@group-2B447D4C4854-LeaderElection7] INFO  server.RaftServerConfigKeys (ConfUtils.java:logGet(43)) - raft.server.log.appender.snapshot.chunk.size.max = 16MB (=16777216) (default)
2019-10-21 05:29:08,237 [de422f88-f067-42c5-9741-971d3fd4b460@group-2B447D4C4854-LeaderElection7] INFO  server.RaftServerConfigKeys (ConfUtils.java:logGet(43)) - raft.server.log.appender.buffer.byte-limit = 33554432 (custom)
2019-10-21 05:29:08,237 [de422f88-f067-42c5-9741-971d3fd4b460@group-2B447D4C4854-LeaderElection7] INFO  server.RaftServerConfigKeys (ConfUtils.java:logGet(43)) - raft.server.log.appender.buffer.element-limit = 1 (custom)
2019-10-21 05:29:08,239 [de422f88-f067-42c5-9741-971d3fd4b460@group-2B447D4C4854-LeaderElection7] INFO  grpc.GrpcConfigKeys$Server (ConfUtils.java:logGet(43)) - raft.grpc.server.leader.outstanding.appends.max = 128 (default)
2019-10-21 05:29:08,240 [de422f88-f067-42c5-9741-971d3fd4b460@group-2B447D4C4854-LeaderElection7] INFO  server.RaftServerConfigKeys (ConfUtils.java:logGet(43)) - raft.server.rpc.request.timeout = 3000ms (default)
2019-10-21 05:29:08,240 [de422f88-f067-42c5-9741-971d3fd4b460@group-2B447D4C4854-LeaderElection7] INFO  server.RaftServerConfigKeys (ConfUtils.java:logGet(43)) - raft.server.log.appender.install.snapshot.enabled = false (custom)
2019-10-21 05:29:08,241 [de422f88-f067-42c5-9741-971d3fd4b460@group-2B447D4C4854-LeaderElection7] WARN  impl.MetricRegistriesImpl (MetricRegistriesImpl.java:lambda$create$1(61)) - First MetricRegistry has been created without registering reporters. You may need to call MetricRegistries.global().addReportRegistration(...) before.
2019-10-21 05:29:08,242 [de422f88-f067-42c5-9741-971d3fd4b460@group-2B447D4C4854-LeaderElection7] INFO  server.RaftServerConfigKeys (ConfUtils.java:logGet(43)) - raft.server.log.appender.snapshot.chunk.size.max = 16MB (=16777216) (default)
2019-10-21 05:29:08,242 [de422f88-f067-42c5-9741-971d3fd4b460@group-2B447D4C4854-LeaderElection7] INFO  server.RaftServerConfigKeys (ConfUtils.java:logGet(43)) - raft.server.log.appender.buffer.byte-limit = 33554432 (custom)
2019-10-21 05:29:08,242 [de422f88-f067-42c5-9741-971d3fd4b460@group-2B447D4C4854-LeaderElection7] INFO  server.RaftServerConfigKeys (ConfUtils.java:logGet(43)) - raft.server.log.appender.buffer.element-limit = 1 (custom)
2019-10-21 05:29:08,242 [de422f88-f067-42c5-9741-971d3fd4b460@group-2B447D4C4854-LeaderElection7] INFO  grpc.GrpcConfigKeys$Server (ConfUtils.java:logGet(43)) - raft.grpc.server.leader.outstanding.appends.max = 128 (default)
2019-10-21 05:29:08,242 [de422f88-f067-42c5-9741-971d3fd4b460@group-2B447D4C4854-LeaderElection7] INFO  server.RaftServerConfigKeys (ConfUtils.java:logGet(43)) - raft.server.rpc.request.timeout = 3000ms (default)
2019-10-21 05:29:08,243 [de422f88-f067-42c5-9741-971d3fd4b460@group-2B447D4C4854-LeaderElection7] INFO  server.RaftServerConfigKeys (ConfUtils.java:logGet(43)) - raft.server.log.appender.install.snapshot.enabled = false (custom)
2019-10-21 05:29:08,243 [de422f88-f067-42c5-9741-971d3fd4b460@group-2B447D4C4854-LeaderElection7] INFO  impl.RoleInfo (RoleInfo.java:updateAndGet(143)) - de422f88-f067-42c5-9741-971d3fd4b460: start LeaderState
2019-10-21 05:29:08,244 [de422f88-f067-42c5-9741-971d3fd4b460@group-2B447D4C4854-LeaderElection7] INFO  segmented.SegmentedRaftLogWorker (SegmentedRaftLogWorker.java:startLogSegment(385)) - de422f88-f067-42c5-9741-971d3fd4b460@group-2B447D4C4854-SegmentedRaftLogWorker: Starting segment from index:0
2019-10-21 05:29:08,245 [de422f88-f067-42c5-9741-971d3fd4b460@group-2B447D4C4854-LeaderElection7] INFO  impl.RaftServerImpl (ServerState.java:setRaftConf(356)) - de422f88-f067-42c5-9741-971d3fd4b460@group-2B447D4C4854: set configuration 0: [10936abf-a8c2-471d-9c61-a43b910bc959:192.168.164.197:35893, 756d617c-4df0-4d16-a449-32c84fd3d9b4:192.168.164.197:42479, de422f88-f067-42c5-9741-971d3fd4b460:192.168.164.197:37219], old=null at 0
2019-10-21 05:29:08,273 [de422f88-f067-42c5-9741-971d3fd4b460@group-2B447D4C4854-SegmentedRaftLogWorker] INFO  segmented.SegmentedRaftLogWorker (SegmentedRaftLogWorker.java:execute(576)) - de422f88-f067-42c5-9741-971d3fd4b460@group-2B447D4C4854-SegmentedRaftLogWorker: created new log segment /workdir/hadoop-ozone/integration-test/target/test-dir/MiniOzoneClusterImpl-a605ea08-6c65-4b38-80f2-5db36cdad253/datanode-2/data/ratis/ea95e8fe-4098-4221-913b-2b447d4c4854/current/log_inprogress_0
2019-10-21 05:29:08,284 [grpc-default-executor-3] INFO  ratis.XceiverServerRatis (XceiverServerRatis.java:handleLeaderChangedNotification(701)) - Leader change notification received for group: group-2B447D4C4854 with new leaderId: de422f88-f067-42c5-9741-971d3fd4b460
2019-10-21 05:29:08,284 [grpc-default-executor-1] INFO  ratis.XceiverServerRatis (XceiverServerRatis.java:handleLeaderChangedNotification(701)) - Leader change notification received for group: group-2B447D4C4854 with new leaderId: de422f88-f067-42c5-9741-971d3fd4b460
2019-10-21 05:29:08,285 [grpc-default-executor-3] INFO  impl.RaftServerImpl (ServerState.java:setLeader(255)) - 10936abf-a8c2-471d-9c61-a43b910bc959@group-2B447D4C4854: change Leader from null to de422f88-f067-42c5-9741-971d3fd4b460 at term 2 for appendEntries, leader elected after 12651ms
2019-10-21 05:29:08,285 [grpc-default-executor-1] INFO  impl.RaftServerImpl (ServerState.java:setLeader(255)) - 756d617c-4df0-4d16-a449-32c84fd3d9b4@group-2B447D4C4854: change Leader from null to de422f88-f067-42c5-9741-971d3fd4b460 at term 2 for appendEntries, leader elected after 12651ms
2019-10-21 05:29:08,305 [grpc-default-executor-3] INFO  impl.RaftServerImpl (ServerState.java:setRaftConf(356)) - 756d617c-4df0-4d16-a449-32c84fd3d9b4@group-2B447D4C4854: set configuration 0: [10936abf-a8c2-471d-9c61-a43b910bc959:192.168.164.197:35893, 756d617c-4df0-4d16-a449-32c84fd3d9b4:192.168.164.197:42479, de422f88-f067-42c5-9741-971d3fd4b460:192.168.164.197:37219], old=null at 0
2019-10-21 05:29:08,305 [grpc-default-executor-1] INFO  impl.RaftServerImpl (ServerState.java:setRaftConf(356)) - 10936abf-a8c2-471d-9c61-a43b910bc959@group-2B447D4C4854: set configuration 0: [10936abf-a8c2-471d-9c61-a43b910bc959:192.168.164.197:35893, 756d617c-4df0-4d16-a449-32c84fd3d9b4:192.168.164.197:42479, de422f88-f067-42c5-9741-971d3fd4b460:192.168.164.197:37219], old=null at 0
2019-10-21 05:29:08,305 [grpc-default-executor-3] INFO  segmented.SegmentedRaftLogWorker (SegmentedRaftLogWorker.java:startLogSegment(385)) - 756d617c-4df0-4d16-a449-32c84fd3d9b4@group-2B447D4C4854-SegmentedRaftLogWorker: Starting segment from index:0
2019-10-21 05:29:08,305 [grpc-default-executor-1] INFO  segmented.SegmentedRaftLogWorker (SegmentedRaftLogWorker.java:startLogSegment(385)) - 10936abf-a8c2-471d-9c61-a43b910bc959@group-2B447D4C4854-SegmentedRaftLogWorker: Starting segment from index:0
2019-10-21 05:29:08,408 [756d617c-4df0-4d16-a449-32c84fd3d9b4@group-2B447D4C4854-SegmentedRaftLogWorker] INFO  segmented.SegmentedRaftLogWorker (SegmentedRaftLogWorker.java:execute(576)) - 756d617c-4df0-4d16-a449-32c84fd3d9b4@group-2B447D4C4854-SegmentedRaftLogWorker: created new log segment /workdir/hadoop-ozone/integration-test/target/test-dir/MiniOzoneClusterImpl-a605ea08-6c65-4b38-80f2-5db36cdad253/datanode-0/data/ratis/ea95e8fe-4098-4221-913b-2b447d4c4854/current/log_inprogress_0
2019-10-21 05:29:08,408 [10936abf-a8c2-471d-9c61-a43b910bc959@group-2B447D4C4854-SegmentedRaftLogWorker] INFO  segmented.SegmentedRaftLogWorker (SegmentedRaftLogWorker.java:execute(576)) - 10936abf-a8c2-471d-9c61-a43b910bc959@group-2B447D4C4854-SegmentedRaftLogWorker: created new log segment /workdir/hadoop-ozone/integration-test/target/test-dir/MiniOzoneClusterImpl-a605ea08-6c65-4b38-80f2-5db36cdad253/datanode-1/data/ratis/ea95e8fe-4098-4221-913b-2b447d4c4854/current/log_inprogress_0
2019-10-21 05:29:09,165 [Datanode State Machine Thread - 0] INFO  statemachine.DatanodeStateMachine (DatanodeStateMachine.java:lambda$startDaemon$0(350)) - Ozone container server started.
2019-10-21 05:29:14,142 [main] INFO  ozoneimpl.OzoneContainer (OzoneContainer.java:stop(227)) - Attempting to stop container services.
2019-10-21 05:29:14,143 [main] INFO  impl.RaftServerProxy (RaftServerProxy.java:lambda$close$4(314)) - 10936abf-a8c2-471d-9c61-a43b910bc959: close
2019-10-21 05:29:14,144 [main] INFO  impl.RaftServerImpl (RaftServerImpl.java:lambda$shutdown$3(250)) - 10936abf-a8c2-471d-9c61-a43b910bc959@group-A89C89C2D8EE: shutdown
2019-10-21 05:29:14,144 [main] INFO  util.JmxRegister (JmxRegister.java:unregister(73)) - Successfully un-registered JMX Bean with object name Ratis:service=RaftServer,group=group-A89C89C2D8EE,id=10936abf-a8c2-471d-9c61-a43b910bc959
2019-10-21 05:29:14,145 [main] INFO  impl.RoleInfo (RoleInfo.java:shutdownLeaderState(104)) - 10936abf-a8c2-471d-9c61-a43b910bc959: shutdown LeaderState
2019-10-21 05:29:14,145 [main] INFO  impl.PendingRequests (PendingRequests.java:sendNotLeaderResponses(206)) - 10936abf-a8c2-471d-9c61-a43b910bc959@group-A89C89C2D8EE-PendingRequests: sendNotLeaderResponses
2019-10-21 05:29:14,147 [main] INFO  impl.StateMachineUpdater (StateMachineUpdater.java:stopAndJoin(136)) - 10936abf-a8c2-471d-9c61-a43b910bc959@group-A89C89C2D8EE-StateMachineUpdater: set stopIndex = 0
2019-10-21 05:29:14,151 [main] INFO  impl.RaftServerImpl (ServerState.java:close(387)) - 10936abf-a8c2-471d-9c61-a43b910bc959@group-A89C89C2D8EE: closes. applyIndex: 0
2019-10-21 05:29:14,152 [10936abf-a8c2-471d-9c61-a43b910bc959@group-A89C89C2D8EE-SegmentedRaftLogWorker] INFO  segmented.SegmentedRaftLogWorker (SegmentedRaftLogWorker.java:run(316)) - 10936abf-a8c2-471d-9c61-a43b910bc959@group-A89C89C2D8EE-SegmentedRaftLogWorker was interrupted, exiting. There are 0 tasks remaining in the queue.
2019-10-21 05:29:14,153 [main] INFO  segmented.SegmentedRaftLogWorker (SegmentedRaftLogWorker.java:close(224)) - 10936abf-a8c2-471d-9c61-a43b910bc959@group-A89C89C2D8EE-SegmentedRaftLogWorker close()
2019-10-21 05:29:14,155 [main] INFO  impl.RaftServerImpl (RaftServerImpl.java:lambda$shutdown$3(250)) - 10936abf-a8c2-471d-9c61-a43b910bc959@group-2B447D4C4854: shutdown
2019-10-21 05:29:14,155 [main] INFO  util.JmxRegister (JmxRegister.java:unregister(73)) - Successfully un-registered JMX Bean with object name Ratis:service=RaftServer,group=group-2B447D4C4854,id=10936abf-a8c2-471d-9c61-a43b910bc959
2019-10-21 05:29:14,155 [main] INFO  impl.RoleInfo (RoleInfo.java:shutdownFollowerState(121)) - 10936abf-a8c2-471d-9c61-a43b910bc959: shutdown FollowerState
2019-10-21 05:29:14,156 [main] INFO  impl.StateMachineUpdater (StateMachineUpdater.java:stopAndJoin(136)) - 10936abf-a8c2-471d-9c61-a43b910bc959@group-2B447D4C4854-StateMachineUpdater: set stopIndex = 4
2019-10-21 05:29:14,156 [10936abf-a8c2-471d-9c61-a43b910bc959@group-2B447D4C4854-StateMachineUpdater] INFO  ratis.ContainerStateMachine (ContainerStateMachine.java:takeSnapshot(296)) - group-2B447D4C4854: Taking a snapshot at:(t:2, i:3) file /workdir/hadoop-ozone/integration-test/target/test-dir/MiniOzoneClusterImpl-a605ea08-6c65-4b38-80f2-5db36cdad253/datanode-1/data/ratis/ea95e8fe-4098-4221-913b-2b447d4c4854/sm/snapshot.2_3
2019-10-21 05:29:14,156 [Thread-283] INFO  impl.FollowerState (FollowerState.java:run(120)) - 10936abf-a8c2-471d-9c61-a43b910bc959@group-2B447D4C4854-FollowerState was interrupted: java.lang.InterruptedException: sleep interrupted
2019-10-21 05:29:14,282 [10936abf-a8c2-471d-9c61-a43b910bc959@group-2B447D4C4854-StateMachineUpdater] INFO  ratis.ContainerStateMachine (ContainerStateMachine.java:takeSnapshot(307)) - group-2B447D4C4854: Finished taking a snapshot at:(t:2, i:3) file:/workdir/hadoop-ozone/integration-test/target/test-dir/MiniOzoneClusterImpl-a605ea08-6c65-4b38-80f2-5db36cdad253/datanode-1/data/ratis/ea95e8fe-4098-4221-913b-2b447d4c4854/sm/snapshot.2_3 time:126
2019-10-21 05:29:14,283 [10936abf-a8c2-471d-9c61-a43b910bc959@group-2B447D4C4854-StateMachineUpdater] INFO  impl.StateMachineUpdater (StateMachineUpdater.java:takeSnapshot(269)) - 10936abf-a8c2-471d-9c61-a43b910bc959@group-2B447D4C4854-StateMachineUpdater: Took a snapshot at index 3
2019-10-21 05:29:14,284 [10936abf-a8c2-471d-9c61-a43b910bc959@group-2B447D4C4854-StateMachineUpdater] INFO  impl.StateMachineUpdater (StateMachineUpdater.java:lambda$new$0(84)) - 10936abf-a8c2-471d-9c61-a43b910bc959@group-2B447D4C4854-StateMachineUpdater: snapshotIndex: updateIncreasingly -1 -> 3
2019-10-21 05:29:14,287 [10936abf-a8c2-471d-9c61-a43b910bc959@group-2B447D4C4854-StateMachineUpdater] INFO  ratis.ContainerStateMachine (ContainerStateMachine.java:takeSnapshot(296)) - group-2B447D4C4854: Taking a snapshot at:(t:2, i:3) file /workdir/hadoop-ozone/integration-test/target/test-dir/MiniOzoneClusterImpl-a605ea08-6c65-4b38-80f2-5db36cdad253/datanode-1/data/ratis/ea95e8fe-4098-4221-913b-2b447d4c4854/sm/snapshot.2_3
2019-10-21 05:29:14,315 [10936abf-a8c2-471d-9c61-a43b910bc959@group-2B447D4C4854-StateMachineUpdater] INFO  ratis.ContainerStateMachine (ContainerStateMachine.java:takeSnapshot(307)) - group-2B447D4C4854: Finished taking a snapshot at:(t:2, i:3) file:/workdir/hadoop-ozone/integration-test/target/test-dir/MiniOzoneClusterImpl-a605ea08-6c65-4b38-80f2-5db36cdad253/datanode-1/data/ratis/ea95e8fe-4098-4221-913b-2b447d4c4854/sm/snapshot.2_3 time:28
2019-10-21 05:29:14,315 [10936abf-a8c2-471d-9c61-a43b910bc959@group-2B447D4C4854-StateMachineUpdater] INFO  impl.StateMachineUpdater (StateMachineUpdater.java:takeSnapshot(269)) - 10936abf-a8c2-471d-9c61-a43b910bc959@group-2B447D4C4854-StateMachineUpdater: Took a snapshot at index 3
2019-10-21 05:29:14,315 [10936abf-a8c2-471d-9c61-a43b910bc959@group-2B447D4C4854-StateMachineUpdater] INFO  impl.StateMachineUpdater (StateMachineUpdater.java:lambda$new$0(84)) - 10936abf-a8c2-471d-9c61-a43b910bc959@group-2B447D4C4854-StateMachineUpdater: snapshotIndex: updateIncreasingly 3 -> 3
2019-10-21 05:29:14,315 [main] INFO  impl.RaftServerImpl (ServerState.java:close(387)) - 10936abf-a8c2-471d-9c61-a43b910bc959@group-2B447D4C4854: closes. applyIndex: 4
2019-10-21 05:29:14,316 [10936abf-a8c2-471d-9c61-a43b910bc959@group-2B447D4C4854-SegmentedRaftLogWorker] INFO  segmented.SegmentedRaftLogWorker (SegmentedRaftLogWorker.java:run(316)) - 10936abf-a8c2-471d-9c61-a43b910bc959@group-2B447D4C4854-SegmentedRaftLogWorker was interrupted, exiting. There are 0 tasks remaining in the queue.
2019-10-21 05:29:14,317 [main] INFO  segmented.SegmentedRaftLogWorker (SegmentedRaftLogWorker.java:close(224)) - 10936abf-a8c2-471d-9c61-a43b910bc959@group-2B447D4C4854-SegmentedRaftLogWorker close()
2019-10-21 05:29:14,319 [main] INFO  server.GrpcService (GrpcService.java:closeImpl(164)) - 10936abf-a8c2-471d-9c61-a43b910bc959: shutdown server with port 35893 now
2019-10-21 05:29:14,326 [main] INFO  server.GrpcService (GrpcService.java:closeImpl(172)) - 10936abf-a8c2-471d-9c61-a43b910bc959: shutdown server with port 35893 successfully
2019-10-21 05:29:14,326 [grpc-default-executor-0] WARN  server.GrpcServerProtocolService (LogUtils.java:warn(134)) - 10936abf-a8c2-471d-9c61-a43b910bc959: installSnapshot onError, lastRequest: de422f88-f067-42c5-9741-971d3fd4b460->10936abf-a8c2-471d-9c61-a43b910bc959#7-t2, previous=(t:2, i:4), leaderCommit=4, initializing? false, entries: <empty>: org.apache.ratis.thirdparty.io.grpc.StatusRuntimeException: CANCELLED: cancelled before receiving half close
2019-10-21 05:29:14,327 [grpc-default-executor-3] WARN  server.GrpcLogAppender (LogUtils.java:warn(134)) - de422f88-f067-42c5-9741-971d3fd4b460@group-2B447D4C4854->10936abf-a8c2-471d-9c61-a43b910bc959-AppendLogResponseHandler: Failed appendEntries: org.apache.ratis.thirdparty.io.grpc.StatusRuntimeException: CANCELLED: HTTP/2 error code: CANCEL
Received Rst Stream
2019-10-21 05:29:14,328 [refreshUsed-/workdir/hadoop-ozone/integration-test/target/test-dir/MiniOzoneClusterImpl-a605ea08-6c65-4b38-80f2-5db36cdad253/datanode-1/data/containers] WARN  fs.CachingGetSpaceUsed (CachingGetSpaceUsed.java:run(183)) - Thread Interrupted waiting to refresh disk information: sleep interrupted
2019-10-21 05:29:14,342 [main] INFO  utils.BackgroundService (BackgroundService.java:shutdown(151)) - Shutting down service BlockDeletingService
2019-10-21 05:29:14,346 [main] INFO  statemachine.DatanodeStateMachine (DatanodeStateMachine.java:stopDaemon(395)) - Ozone container server stopped.
2019-10-21 05:29:14,349 [main] INFO  handler.ContextHandler (ContextHandler.java:doStop(910)) - Stopped o.e.j.w.WebAppContext@2af69643{/,null,UNAVAILABLE}{/hddsDatanode}
2019-10-21 05:29:14,353 [main] INFO  server.AbstractConnector (AbstractConnector.java:doStop(318)) - Stopped ServerConnector@587a1cfb{HTTP/1.1,[http/1.1]}{0.0.0.0:0}
2019-10-21 05:29:14,353 [main] INFO  handler.ContextHandler (ContextHandler.java:doStop(910)) - Stopped o.e.j.s.ServletContextHandler@1e469dfd{/static,jar:file:/home/user/.m2/repository/org/apache/hadoop/hadoop-hdds-container-service/0.5.0-SNAPSHOT/hadoop-hdds-container-service-0.5.0-SNAPSHOT.jar!/webapps/static,UNAVAILABLE}
2019-10-21 05:29:14,354 [main] INFO  handler.ContextHandler (ContextHandler.java:doStop(910)) - Stopped o.e.j.s.ServletContextHandler@78d6447a{/logs,file:///workdir/hadoop-ozone/integration-test/target/log,UNAVAILABLE}
2019-10-21 05:29:17,361 [java.util.concurrent.ThreadPoolExecutor$Worker@60838a74[State = -1, empty queue]] WARN  server.GrpcLogAppender (GrpcLogAppender.java:timeoutAppendRequest(209)) - de422f88-f067-42c5-9741-971d3fd4b460@group-2B447D4C4854->10936abf-a8c2-471d-9c61-a43b910bc959-GrpcLogAppender: appendEntries Timeout, request=de422f88-f067-42c5-9741-971d3fd4b460->10936abf-a8c2-471d-9c61-a43b910bc959#8-t2, previous=(t:2, i:4), leaderCommit=4, initializing? false, entries: size=1, first=(t:2, i:5), STATEMACHINELOGENTRY, client-B3AE2EAE799D, cid=20
2019-10-21 05:29:17,363 [java.util.concurrent.ThreadPoolExecutor$Worker@60838a74[State = -1, empty queue]] WARN  server.GrpcLogAppender (GrpcLogAppender.java:timeoutAppendRequest(209)) - de422f88-f067-42c5-9741-971d3fd4b460@group-2B447D4C4854->10936abf-a8c2-471d-9c61-a43b910bc959-GrpcLogAppender: appendEntries Timeout, request=de422f88-f067-42c5-9741-971d3fd4b460->10936abf-a8c2-471d-9c61-a43b910bc959#9-t2, previous=(t:2, i:5), leaderCommit=4, initializing? false, entries: size=1, first=(t:2, i:6), STATEMACHINELOGENTRY, client-B3AE2EAE799D, cid=21
2019-10-21 05:29:17,383 [java.util.concurrent.ThreadPoolExecutor$Worker@60838a74[State = -1, empty queue]] WARN  server.GrpcLogAppender (GrpcLogAppender.java:timeoutAppendRequest(209)) - de422f88-f067-42c5-9741-971d3fd4b460@group-2B447D4C4854->10936abf-a8c2-471d-9c61-a43b910bc959-GrpcLogAppender: appendEntries Timeout, request=de422f88-f067-42c5-9741-971d3fd4b460->10936abf-a8c2-471d-9c61-a43b910bc959#10-t2, previous=(t:2, i:6), leaderCommit=6, initializing? false, entries: size=1, first=(t:2, i:7), METADATAENTRY(c5)
2019-10-21 05:29:17,384 [java.util.concurrent.ThreadPoolExecutor$Worker@60838a74[State = -1, empty queue]] WARN  server.GrpcLogAppender (GrpcLogAppender.java:timeoutAppendRequest(209)) - de422f88-f067-42c5-9741-971d3fd4b460@group-2B447D4C4854->10936abf-a8c2-471d-9c61-a43b910bc959-GrpcLogAppender: appendEntries Timeout, request=de422f88-f067-42c5-9741-971d3fd4b460->10936abf-a8c2-471d-9c61-a43b910bc959#11-t2, previous=(t:2, i:7), leaderCommit=6, initializing? false, entries: size=1, first=(t:2, i:8), METADATAENTRY(c6)
2019-10-21 05:29:19,885 [java.util.concurrent.ThreadPoolExecutor$Worker@60838a74[State = -1, empty queue]] WARN  server.GrpcLogAppender (GrpcLogAppender.java:timeoutAppendRequest(209)) - de422f88-f067-42c5-9741-971d3fd4b460@group-2B447D4C4854->10936abf-a8c2-471d-9c61-a43b910bc959-GrpcLogAppender: appendEntries Timeout, request=de422f88-f067-42c5-9741-971d3fd4b460->10936abf-a8c2-471d-9c61-a43b910bc959#12-t2, previous=(t:2, i:8), leaderCommit=8, initializing? false, entries: <empty>
2019-10-21 05:29:22,386 [java.util.concurrent.ThreadPoolExecutor$Worker@60838a74[State = -1, empty queue]] WARN  server.GrpcLogAppender (GrpcLogAppender.java:timeoutAppendRequest(209)) - de422f88-f067-42c5-9741-971d3fd4b460@group-2B447D4C4854->10936abf-a8c2-471d-9c61-a43b910bc959-GrpcLogAppender: appendEntries Timeout, request=de422f88-f067-42c5-9741-971d3fd4b460->10936abf-a8c2-471d-9c61-a43b910bc959#13-t2, previous=(t:2, i:8), leaderCommit=8, initializing? false, entries: <empty>
2019-10-21 05:29:23,406 [Thread-326] INFO  client.GrpcClientProtocolService (GrpcClientProtocolService.java:lambda$processClientRequest$0(279)) - Failed RaftClientRequest:client-B3AE2EAE799D->756d617c-4df0-4d16-a449-32c84fd3d9b4@group-2B447D4C4854, cid=22, seq=0, Watch-ALL_COMMITTED(6), Message:<EMPTY>, reply=RaftClientReply:client-B3AE2EAE799D->756d617c-4df0-4d16-a449-32c84fd3d9b4@group-2B447D4C4854, cid=22, FAILED org.apache.ratis.protocol.NotLeaderException: Server 756d617c-4df0-4d16-a449-32c84fd3d9b4@group-2B447D4C4854 is not the leader de422f88-f067-42c5-9741-971d3fd4b460:192.168.164.197:37219, logIndex=0, commits[756d617c-4df0-4d16-a449-32c84fd3d9b4:c8, 10936abf-a8c2-471d-9c61-a43b910bc959:c4, de422f88-f067-42c5-9741-971d3fd4b460:c8]
2019-10-21 05:29:24,685 [Thread-330] INFO  client.GrpcClientProtocolService (GrpcClientProtocolService.java:lambda$processClientRequest$0(279)) - Failed RaftClientRequest:client-B3AE2EAE799D->de422f88-f067-42c5-9741-971d3fd4b460@group-2B447D4C4854, cid=22, seq=0, Watch-ALL_COMMITTED(6), Message:<EMPTY>, reply=RaftClientReply:client-B3AE2EAE799D->de422f88-f067-42c5-9741-971d3fd4b460@group-2B447D4C4854, cid=22, FAILED org.apache.ratis.protocol.NotReplicatedException: Request with call Id 22 and log index 6 is not yet replicated to ALL_COMMITTED, logIndex=6, commits[de422f88-f067-42c5-9741-971d3fd4b460:c8, 10936abf-a8c2-471d-9c61-a43b910bc959:c4, 756d617c-4df0-4d16-a449-32c84fd3d9b4:c8]
2019-10-21 05:29:24,887 [java.util.concurrent.ThreadPoolExecutor$Worker@60838a74[State = -1, empty queue]] WARN  server.GrpcLogAppender (GrpcLogAppender.java:timeoutAppendRequest(209)) - de422f88-f067-42c5-9741-971d3fd4b460@group-2B447D4C4854->10936abf-a8c2-471d-9c61-a43b910bc959-GrpcLogAppender: appendEntries Timeout, request=de422f88-f067-42c5-9741-971d3fd4b460->10936abf-a8c2-471d-9c61-a43b910bc959#14-t2, previous=(t:2, i:8), leaderCommit=8, initializing? false, entries: <empty>
2019-10-21 05:29:27,388 [java.util.concurrent.ThreadPoolExecutor$Worker@60838a74[State = -1, empty queue]] WARN  server.GrpcLogAppender (GrpcLogAppender.java:timeoutAppendRequest(209)) - de422f88-f067-42c5-9741-971d3fd4b460@group-2B447D4C4854->10936abf-a8c2-471d-9c61-a43b910bc959-GrpcLogAppender: appendEntries Timeout, request=de422f88-f067-42c5-9741-971d3fd4b460->10936abf-a8c2-471d-9c61-a43b910bc959#15-t2, previous=(t:2, i:8), leaderCommit=8, initializing? false, entries: <empty>
2019-10-21 05:29:29,891 [java.util.concurrent.ThreadPoolExecutor$Worker@60838a74[State = -1, empty queue]] WARN  server.GrpcLogAppender (GrpcLogAppender.java:timeoutAppendRequest(209)) - de422f88-f067-42c5-9741-971d3fd4b460@group-2B447D4C4854->10936abf-a8c2-471d-9c61-a43b910bc959-GrpcLogAppender: appendEntries Timeout, request=de422f88-f067-42c5-9741-971d3fd4b460->10936abf-a8c2-471d-9c61-a43b910bc959#16-t2, previous=(t:2, i:8), leaderCommit=8, initializing? false, entries: <empty>
2019-10-21 05:29:32,395 [java.util.concurrent.ThreadPoolExecutor$Worker@60838a74[State = -1, empty queue]] WARN  server.GrpcLogAppender (GrpcLogAppender.java:timeoutAppendRequest(209)) - de422f88-f067-42c5-9741-971d3fd4b460@group-2B447D4C4854->10936abf-a8c2-471d-9c61-a43b910bc959-GrpcLogAppender: appendEntries Timeout, request=de422f88-f067-42c5-9741-971d3fd4b460->10936abf-a8c2-471d-9c61-a43b910bc959#17-t2, previous=(t:2, i:8), leaderCommit=8, initializing? false, entries: <empty>
2019-10-21 05:29:33,682 [Thread-338] INFO  client.GrpcClientProtocolService (GrpcClientProtocolService.java:lambda$processClientRequest$0(279)) - Failed RaftClientRequest:client-B3AE2EAE799D->de422f88-f067-42c5-9741-971d3fd4b460@group-2B447D4C4854, cid=22, seq=0, Watch-ALL_COMMITTED(6), Message:<EMPTY>, reply=RaftClientReply:client-B3AE2EAE799D->de422f88-f067-42c5-9741-971d3fd4b460@group-2B447D4C4854, cid=22, FAILED org.apache.ratis.protocol.NotReplicatedException: Request with call Id 22 and log index 6 is not yet replicated to ALL_COMMITTED, logIndex=6, commits[de422f88-f067-42c5-9741-971d3fd4b460:c8, 10936abf-a8c2-471d-9c61-a43b910bc959:c4, 756d617c-4df0-4d16-a449-32c84fd3d9b4:c8]
2019-10-21 05:29:34,896 [java.util.concurrent.ThreadPoolExecutor$Worker@60838a74[State = -1, empty queue]] WARN  server.GrpcLogAppender (GrpcLogAppender.java:timeoutAppendRequest(209)) - de422f88-f067-42c5-9741-971d3fd4b460@group-2B447D4C4854->10936abf-a8c2-471d-9c61-a43b910bc959-GrpcLogAppender: appendEntries Timeout, request=de422f88-f067-42c5-9741-971d3fd4b460->10936abf-a8c2-471d-9c61-a43b910bc959#18-t2, previous=(t:2, i:8), leaderCommit=8, initializing? false, entries: <empty>
2019-10-21 05:29:37,397 [java.util.concurrent.ThreadPoolExecutor$Worker@60838a74[State = -1, empty queue]] WARN  server.GrpcLogAppender (GrpcLogAppender.java:timeoutAppendRequest(209)) - de422f88-f067-42c5-9741-971d3fd4b460@group-2B447D4C4854->10936abf-a8c2-471d-9c61-a43b910bc959-GrpcLogAppender: appendEntries Timeout, request=de422f88-f067-42c5-9741-971d3fd4b460->10936abf-a8c2-471d-9c61-a43b910bc959#19-t2, previous=(t:2, i:8), leaderCommit=8, initializing? false, entries: <empty>
2019-10-21 05:29:39,899 [java.util.concurrent.ThreadPoolExecutor$Worker@60838a74[State = -1, empty queue]] WARN  server.GrpcLogAppender (GrpcLogAppender.java:timeoutAppendRequest(209)) - de422f88-f067-42c5-9741-971d3fd4b460@group-2B447D4C4854->10936abf-a8c2-471d-9c61-a43b910bc959-GrpcLogAppender: appendEntries Timeout, request=de422f88-f067-42c5-9741-971d3fd4b460->10936abf-a8c2-471d-9c61-a43b910bc959#20-t2, previous=(t:2, i:8), leaderCommit=8, initializing? false, entries: <empty>
2019-10-21 05:29:42,400 [java.util.concurrent.ThreadPoolExecutor$Worker@60838a74[State = -1, empty queue]] WARN  server.GrpcLogAppender (GrpcLogAppender.java:timeoutAppendRequest(209)) - de422f88-f067-42c5-9741-971d3fd4b460@group-2B447D4C4854->10936abf-a8c2-471d-9c61-a43b910bc959-GrpcLogAppender: appendEntries Timeout, request=de422f88-f067-42c5-9741-971d3fd4b460->10936abf-a8c2-471d-9c61-a43b910bc959#21-t2, previous=(t:2, i:8), leaderCommit=8, initializing? false, entries: <empty>
2019-10-21 05:29:42,465 [Thread-345] INFO  client.GrpcClientProtocolService (GrpcClientProtocolService.java:lambda$processClientRequest$0(279)) - Failed RaftClientRequest:client-B3AE2EAE799D->756d617c-4df0-4d16-a449-32c84fd3d9b4@group-2B447D4C4854, cid=22, seq=0, Watch-ALL_COMMITTED(6), Message:<EMPTY>, reply=RaftClientReply:client-B3AE2EAE799D->756d617c-4df0-4d16-a449-32c84fd3d9b4@group-2B447D4C4854, cid=22, FAILED org.apache.ratis.protocol.NotLeaderException: Server 756d617c-4df0-4d16-a449-32c84fd3d9b4@group-2B447D4C4854 is not the leader de422f88-f067-42c5-9741-971d3fd4b460:192.168.164.197:37219, logIndex=0, commits[756d617c-4df0-4d16-a449-32c84fd3d9b4:c8, 10936abf-a8c2-471d-9c61-a43b910bc959:c4, de422f88-f067-42c5-9741-971d3fd4b460:c8]
2019-10-21 05:29:43,683 [Thread-348] INFO  client.GrpcClientProtocolService (GrpcClientProtocolService.java:lambda$processClientRequest$0(279)) - Failed RaftClientRequest:client-B3AE2EAE799D->de422f88-f067-42c5-9741-971d3fd4b460@group-2B447D4C4854, cid=22, seq=0, Watch-ALL_COMMITTED(6), Message:<EMPTY>, reply=RaftClientReply:client-B3AE2EAE799D->de422f88-f067-42c5-9741-971d3fd4b460@group-2B447D4C4854, cid=22, FAILED org.apache.ratis.protocol.NotReplicatedException: Request with call Id 22 and log index 6 is not yet replicated to ALL_COMMITTED, logIndex=6, commits[de422f88-f067-42c5-9741-971d3fd4b460:c8, 10936abf-a8c2-471d-9c61-a43b910bc959:c4, 756d617c-4df0-4d16-a449-32c84fd3d9b4:c8]
2019-10-21 05:29:44,397 [main] WARN  scm.XceiverClientRatis (XceiverClientRatis.java:watchForCommit(277)) - 3 way commit failed on pipeline Pipeline[ Id: ea95e8fe-4098-4221-913b-2b447d4c4854, Nodes: de422f88-f067-42c5-9741-971d3fd4b460{ip: 192.168.164.197, host: pr-hdds-1868-qzls5-2202220713, networkLocation: /default-rack, certSerialId: null}756d617c-4df0-4d16-a449-32c84fd3d9b4{ip: 192.168.164.197, host: pr-hdds-1868-qzls5-2202220713, networkLocation: /default-rack, certSerialId: null}10936abf-a8c2-471d-9c61-a43b910bc959{ip: 192.168.164.197, host: pr-hdds-1868-qzls5-2202220713, networkLocation: /default-rack, certSerialId: null}, Type:RATIS, Factor:THREE, State:OPEN]
java.util.concurrent.TimeoutException
	at java.util.concurrent.CompletableFuture.timedGet(CompletableFuture.java:1771)
	at java.util.concurrent.CompletableFuture.get(CompletableFuture.java:1915)
	at org.apache.hadoop.hdds.scm.XceiverClientRatis.watchForCommit(XceiverClientRatis.java:274)
	at org.apache.hadoop.hdds.scm.storage.CommitWatcher.watchForCommit(CommitWatcher.java:198)
	at org.apache.hadoop.hdds.scm.storage.CommitWatcher.watchOnLastIndex(CommitWatcher.java:161)
	at org.apache.hadoop.hdds.scm.storage.BlockOutputStream.watchForCommit(BlockOutputStream.java:346)
	at org.apache.hadoop.hdds.scm.storage.BlockOutputStream.handleFlush(BlockOutputStream.java:482)
	at org.apache.hadoop.hdds.scm.storage.BlockOutputStream.close(BlockOutputStream.java:496)
	at org.apache.hadoop.ozone.client.io.BlockOutputStreamEntry.close(BlockOutputStreamEntry.java:143)
	at org.apache.hadoop.ozone.client.io.KeyOutputStream.handleFlushOrClose(KeyOutputStream.java:435)
	at org.apache.hadoop.ozone.client.io.KeyOutputStream.close(KeyOutputStream.java:473)
	at org.apache.hadoop.ozone.client.io.OzoneOutputStream.close(OzoneOutputStream.java:60)
	at org.apache.hadoop.ozone.client.rpc.TestDeleteWithSlowFollower.testDeleteKeyWithSlowFollower(TestDeleteWithSlowFollower.java:193)
	at sun.reflect.NativeMethodAccessorImpl.invoke0(Native Method)
	at sun.reflect.NativeMethodAccessorImpl.invoke(NativeMethodAccessorImpl.java:62)
	at sun.reflect.DelegatingMethodAccessorImpl.invoke(DelegatingMethodAccessorImpl.java:43)
	at java.lang.reflect.Method.invoke(Method.java:498)
	at org.junit.runners.model.FrameworkMethod$1.runReflectiveCall(FrameworkMethod.java:47)
	at org.junit.internal.runners.model.ReflectiveCallable.run(ReflectiveCallable.java:12)
	at org.junit.runners.model.FrameworkMethod.invokeExplosively(FrameworkMethod.java:44)
	at org.junit.internal.runners.statements.InvokeMethod.evaluate(InvokeMethod.java:17)
	at org.junit.runners.ParentRunner.runLeaf(ParentRunner.java:271)
	at org.junit.runners.BlockJUnit4ClassRunner.runChild(BlockJUnit4ClassRunner.java:70)
	at org.junit.runners.BlockJUnit4ClassRunner.runChild(BlockJUnit4ClassRunner.java:50)
	at org.junit.runners.ParentRunner$3.run(ParentRunner.java:238)
	at org.junit.runners.ParentRunner$1.schedule(ParentRunner.java:63)
	at org.junit.runners.ParentRunner.runChildren(ParentRunner.java:236)
	at org.junit.runners.ParentRunner.access$000(ParentRunner.java:53)
	at org.junit.runners.ParentRunner$2.evaluate(ParentRunner.java:229)
	at org.junit.internal.runners.statements.RunBefores.evaluate(RunBefores.java:26)
	at org.junit.internal.runners.statements.RunAfters.evaluate(RunAfters.java:27)
	at org.junit.runners.ParentRunner.run(ParentRunner.java:309)
	at org.apache.maven.surefire.junit4.JUnit4Provider.execute(JUnit4Provider.java:365)
	at org.apache.maven.surefire.junit4.JUnit4Provider.executeWithRerun(JUnit4Provider.java:273)
	at org.apache.maven.surefire.junit4.JUnit4Provider.executeTestSet(JUnit4Provider.java:238)
	at org.apache.maven.surefire.junit4.JUnit4Provider.invoke(JUnit4Provider.java:159)
	at org.apache.maven.surefire.booter.ForkedBooter.invokeProviderInSameClassLoader(ForkedBooter.java:384)
	at org.apache.maven.surefire.booter.ForkedBooter.runSuitesInProcess(ForkedBooter.java:345)
	at org.apache.maven.surefire.booter.ForkedBooter.execute(ForkedBooter.java:126)
	at org.apache.maven.surefire.booter.ForkedBooter.main(ForkedBooter.java:418)
2019-10-21 05:29:44,410 [main] INFO  scm.XceiverClientRatis (XceiverClientRatis.java:lambda$watchForCommit$5(295)) - Could not commit index 6 on pipeline Pipeline[ Id: ea95e8fe-4098-4221-913b-2b447d4c4854, Nodes: de422f88-f067-42c5-9741-971d3fd4b460{ip: 192.168.164.197, host: pr-hdds-1868-qzls5-2202220713, networkLocation: /default-rack, certSerialId: null}756d617c-4df0-4d16-a449-32c84fd3d9b4{ip: 192.168.164.197, host: pr-hdds-1868-qzls5-2202220713, networkLocation: /default-rack, certSerialId: null}10936abf-a8c2-471d-9c61-a43b910bc959{ip: 192.168.164.197, host: pr-hdds-1868-qzls5-2202220713, networkLocation: /default-rack, certSerialId: null}, Type:RATIS, Factor:THREE, State:OPEN] to all the nodes. Server 10936abf-a8c2-471d-9c61-a43b910bc959 has failed. Committed by majority.
2019-10-21 05:29:44,411 [main] WARN  storage.BlockOutputStream (BlockOutputStream.java:watchForCommit(352)) - Failed to commit BlockId conID: 1 locID: 102998720077692928 bcsId: 6 on Pipeline[ Id: ea95e8fe-4098-4221-913b-2b447d4c4854, Nodes: de422f88-f067-42c5-9741-971d3fd4b460{ip: 192.168.164.197, host: pr-hdds-1868-qzls5-2202220713, networkLocation: /default-rack, certSerialId: null}756d617c-4df0-4d16-a449-32c84fd3d9b4{ip: 192.168.164.197, host: pr-hdds-1868-qzls5-2202220713, networkLocation: /default-rack, certSerialId: null}10936abf-a8c2-471d-9c61-a43b910bc959{ip: 192.168.164.197, host: pr-hdds-1868-qzls5-2202220713, networkLocation: /default-rack, certSerialId: null}, Type:RATIS, Factor:THREE, State:OPEN]. Failed nodes: [10936abf-a8c2-471d-9c61-a43b910bc959{ip: null, host: null, networkLocation: /default-rack, certSerialId: null}]
2019-10-21 05:29:44,482 [EventQueue-IncrementalContainerReportForIncrementalContainerReportHandler] WARN  container.IncrementalContainerReportHandler (AbstractContainerReportHandler.java:updateContainerState(145)) - Container #1 is in OPEN state, but the datanode de422f88-f067-42c5-9741-971d3fd4b460{ip: 192.168.164.197, host: pr-hdds-1868-qzls5-2202220713, networkLocation: /default-rack, certSerialId: null} reports an CLOSING replica.
2019-10-21 05:29:44,483 [RatisApplyTransactionExecutor 1] INFO  interfaces.Container (KeyValueContainer.java:flushAndSyncDB(386)) - Container 1 is synced with bcsId 6.
2019-10-21 05:29:44,484 [EventQueue-IncrementalContainerReportForIncrementalContainerReportHandler] WARN  container.IncrementalContainerReportHandler (AbstractContainerReportHandler.java:updateContainerState(145)) - Container #1 is in OPEN state, but the datanode 756d617c-4df0-4d16-a449-32c84fd3d9b4{ip: 192.168.164.197, host: pr-hdds-1868-qzls5-2202220713, networkLocation: /default-rack, certSerialId: null} reports an CLOSING replica.
2019-10-21 05:29:44,484 [RatisApplyTransactionExecutor 1] INFO  interfaces.Container (KeyValueContainer.java:flushAndSyncDB(386)) - Container 1 is synced with bcsId 6.
2019-10-21 05:29:44,484 [RatisApplyTransactionExecutor 1] INFO  interfaces.Container (KeyValueContainer.java:flushAndSyncDB(386)) - Container 1 is synced with bcsId 6.
2019-10-21 05:29:44,485 [RatisApplyTransactionExecutor 1] INFO  interfaces.Container (KeyValueContainer.java:flushAndSyncDB(386)) - Container 1 is synced with bcsId 6.
2019-10-21 05:29:44,501 [RatisApplyTransactionExecutor 1] INFO  interfaces.Container (KeyValueContainer.java:close(335)) - Container 1 is closed with bcsId 6.
2019-10-21 05:29:44,501 [RatisApplyTransactionExecutor 1] INFO  interfaces.Container (KeyValueContainer.java:close(335)) - Container 1 is closed with bcsId 6.
2019-10-21 05:29:44,502 [EventQueue-IncrementalContainerReportForIncrementalContainerReportHandler] WARN  container.IncrementalContainerReportHandler (AbstractContainerReportHandler.java:updateContainerState(145)) - Container #1 is in OPEN state, but the datanode 756d617c-4df0-4d16-a449-32c84fd3d9b4{ip: 192.168.164.197, host: pr-hdds-1868-qzls5-2202220713, networkLocation: /default-rack, certSerialId: null} reports an CLOSED replica.
2019-10-21 05:29:44,503 [EventQueue-IncrementalContainerReportForIncrementalContainerReportHandler] WARN  container.IncrementalContainerReportHandler (AbstractContainerReportHandler.java:updateContainerState(145)) - Container #1 is in OPEN state, but the datanode de422f88-f067-42c5-9741-971d3fd4b460{ip: 192.168.164.197, host: pr-hdds-1868-qzls5-2202220713, networkLocation: /default-rack, certSerialId: null} reports an CLOSED replica.
2019-10-21 05:29:44,609 [BlockDeletingService#2] WARN  background.BlockDeletingService (BlockDeletingService.java:isDeletionAllowed(187)) - Close Container log Index 6 is not replicated across allthe servers in the pipeline ea95e8fe-4098-4221-913b-2b447d4c4854 as the min replicated index is 4. Deletion is not allowed in this container yet.
2019-10-21 05:29:44,648 [BlockDeletingService#2] WARN  background.BlockDeletingService (BlockDeletingService.java:isDeletionAllowed(187)) - Close Container log Index 6 is not replicated across allthe servers in the pipeline ea95e8fe-4098-4221-913b-2b447d4c4854 as the min replicated index is 4. Deletion is not allowed in this container yet.
2019-10-21 05:29:44,702 [EventQueue-ContainerReportForContainerReportHandler] WARN  container.ContainerReportHandler (AbstractContainerReportHandler.java:updateContainerState(145)) - Container #1 is in OPEN state, but the datanode 756d617c-4df0-4d16-a449-32c84fd3d9b4{ip: 192.168.164.197, host: pr-hdds-1868-qzls5-2202220713, networkLocation: /default-rack, certSerialId: null} reports an CLOSED replica.
2019-10-21 05:29:44,702 [EventQueue-ContainerReportForContainerReportHandler] WARN  container.ContainerReportHandler (AbstractContainerReportHandler.java:updateContainerState(145)) - Container #1 is in OPEN state, but the datanode de422f88-f067-42c5-9741-971d3fd4b460{ip: 192.168.164.197, host: pr-hdds-1868-qzls5-2202220713, networkLocation: /default-rack, certSerialId: null} reports an CLOSED replica.
2019-10-21 05:29:44,901 [java.util.concurrent.ThreadPoolExecutor$Worker@60838a74[State = -1, empty queue]] WARN  server.GrpcLogAppender (GrpcLogAppender.java:timeoutAppendRequest(209)) - de422f88-f067-42c5-9741-971d3fd4b460@group-2B447D4C4854->10936abf-a8c2-471d-9c61-a43b910bc959-GrpcLogAppender: appendEntries Timeout, request=de422f88-f067-42c5-9741-971d3fd4b460->10936abf-a8c2-471d-9c61-a43b910bc959#22-t2, previous=(t:2, i:8), leaderCommit=8, initializing? false, entries: <empty>
2019-10-21 05:29:45,001 [EventQueue-ContainerReportForContainerReportHandler] WARN  container.ContainerReportHandler (AbstractContainerReportHandler.java:updateContainerState(145)) - Container #1 is in OPEN state, but the datanode 756d617c-4df0-4d16-a449-32c84fd3d9b4{ip: 192.168.164.197, host: pr-hdds-1868-qzls5-2202220713, networkLocation: /default-rack, certSerialId: null} reports an CLOSED replica.
2019-10-21 05:29:45,002 [EventQueue-ContainerReportForContainerReportHandler] WARN  container.ContainerReportHandler (AbstractContainerReportHandler.java:updateContainerState(145)) - Container #1 is in OPEN state, but the datanode de422f88-f067-42c5-9741-971d3fd4b460{ip: 192.168.164.197, host: pr-hdds-1868-qzls5-2202220713, networkLocation: /default-rack, certSerialId: null} reports an CLOSED replica.
2019-10-21 05:29:45,302 [EventQueue-ContainerReportForContainerReportHandler] WARN  container.ContainerReportHandler (AbstractContainerReportHandler.java:updateContainerState(145)) - Container #1 is in OPEN state, but the datanode 756d617c-4df0-4d16-a449-32c84fd3d9b4{ip: 192.168.164.197, host: pr-hdds-1868-qzls5-2202220713, networkLocation: /default-rack, certSerialId: null} reports an CLOSED replica.
2019-10-21 05:29:45,302 [EventQueue-ContainerReportForContainerReportHandler] WARN  container.ContainerReportHandler (AbstractContainerReportHandler.java:updateContainerState(145)) - Container #1 is in OPEN state, but the datanode de422f88-f067-42c5-9741-971d3fd4b460{ip: 192.168.164.197, host: pr-hdds-1868-qzls5-2202220713, networkLocation: /default-rack, certSerialId: null} reports an CLOSED replica.
2019-10-21 05:29:45,476 [IPC Server handler 14 on 41661] INFO  server.SCMBlockProtocolServer (SCMBlockProtocolServer.java:deleteKeyBlocks(212)) - SCM is informed by OM to delete 1 blocks
2019-10-21 05:29:45,477 [IPC Server handler 14 on 41661] INFO  block.BlockManagerImpl (BlockManagerImpl.java:deleteBlocks(285)) - Deleting blocks conID: 1 locID: 102998720077692928 bcsId: 0
2019-10-21 05:29:45,602 [EventQueue-ContainerReportForContainerReportHandler] WARN  container.ContainerReportHandler (AbstractContainerReportHandler.java:updateContainerState(145)) - Container #1 is in OPEN state, but the datanode 756d617c-4df0-4d16-a449-32c84fd3d9b4{ip: 192.168.164.197, host: pr-hdds-1868-qzls5-2202220713, networkLocation: /default-rack, certSerialId: null} reports an CLOSED replica.
2019-10-21 05:29:45,611 [BlockDeletingService#2] WARN  background.BlockDeletingService (BlockDeletingService.java:isDeletionAllowed(187)) - Close Container log Index 6 is not replicated across allthe servers in the pipeline ea95e8fe-4098-4221-913b-2b447d4c4854 as the min replicated index is 4. Deletion is not allowed in this container yet.
2019-10-21 05:29:45,650 [BlockDeletingService#2] WARN  background.BlockDeletingService (BlockDeletingService.java:isDeletionAllowed(187)) - Close Container log Index 6 is not replicated across allthe servers in the pipeline ea95e8fe-4098-4221-913b-2b447d4c4854 as the min replicated index is 4. Deletion is not allowed in this container yet.
2019-10-21 05:29:45,702 [EventQueue-ContainerReportForContainerReportHandler] WARN  container.ContainerReportHandler (AbstractContainerReportHandler.java:updateContainerState(145)) - Container #1 is in OPEN state, but the datanode de422f88-f067-42c5-9741-971d3fd4b460{ip: 192.168.164.197, host: pr-hdds-1868-qzls5-2202220713, networkLocation: /default-rack, certSerialId: null} reports an CLOSED replica.
2019-10-21 05:29:45,902 [EventQueue-ContainerReportForContainerReportHandler] WARN  container.ContainerReportHandler (AbstractContainerReportHandler.java:updateContainerState(145)) - Container #1 is in OPEN state, but the datanode 756d617c-4df0-4d16-a449-32c84fd3d9b4{ip: 192.168.164.197, host: pr-hdds-1868-qzls5-2202220713, networkLocation: /default-rack, certSerialId: null} reports an CLOSED replica.
2019-10-21 05:29:45,902 [EventQueue-ContainerReportForContainerReportHandler] WARN  container.ContainerReportHandler (AbstractContainerReportHandler.java:updateContainerState(145)) - Container #1 is in OPEN state, but the datanode de422f88-f067-42c5-9741-971d3fd4b460{ip: 192.168.164.197, host: pr-hdds-1868-qzls5-2202220713, networkLocation: /default-rack, certSerialId: null} reports an CLOSED replica.
2019-10-21 05:29:46,202 [EventQueue-ContainerReportForContainerReportHandler] WARN  container.ContainerReportHandler (AbstractContainerReportHandler.java:updateContainerState(145)) - Container #1 is in OPEN state, but the datanode 756d617c-4df0-4d16-a449-32c84fd3d9b4{ip: 192.168.164.197, host: pr-hdds-1868-qzls5-2202220713, networkLocation: /default-rack, certSerialId: null} reports an CLOSED replica.
2019-10-21 05:29:46,302 [EventQueue-ContainerReportForContainerReportHandler] WARN  container.ContainerReportHandler (AbstractContainerReportHandler.java:updateContainerState(145)) - Container #1 is in OPEN state, but the datanode de422f88-f067-42c5-9741-971d3fd4b460{ip: 192.168.164.197, host: pr-hdds-1868-qzls5-2202220713, networkLocation: /default-rack, certSerialId: null} reports an CLOSED replica.
2019-10-21 05:29:46,404 [EventQueue-ContainerReportForContainerReportHandler] WARN  container.ContainerReportHandler (AbstractContainerReportHandler.java:updateContainerState(145)) - Container #1 is in OPEN state, but the datanode 756d617c-4df0-4d16-a449-32c84fd3d9b4{ip: 192.168.164.197, host: pr-hdds-1868-qzls5-2202220713, networkLocation: /default-rack, certSerialId: null} reports an CLOSED replica.
2019-10-21 05:29:46,601 [EventQueue-ContainerReportForContainerReportHandler] WARN  container.ContainerReportHandler (AbstractContainerReportHandler.java:updateContainerState(145)) - Container #1 is in OPEN state, but the datanode de422f88-f067-42c5-9741-971d3fd4b460{ip: 192.168.164.197, host: pr-hdds-1868-qzls5-2202220713, networkLocation: /default-rack, certSerialId: null} reports an CLOSED replica.
2019-10-21 05:29:46,612 [BlockDeletingService#2] WARN  background.BlockDeletingService (BlockDeletingService.java:isDeletionAllowed(187)) - Close Container log Index 6 is not replicated across allthe servers in the pipeline ea95e8fe-4098-4221-913b-2b447d4c4854 as the min replicated index is 4. Deletion is not allowed in this container yet.
2019-10-21 05:29:46,651 [BlockDeletingService#2] WARN  background.BlockDeletingService (BlockDeletingService.java:isDeletionAllowed(187)) - Close Container log Index 6 is not replicated across allthe servers in the pipeline ea95e8fe-4098-4221-913b-2b447d4c4854 as the min replicated index is 4. Deletion is not allowed in this container yet.
2019-10-21 05:29:46,702 [EventQueue-ContainerReportForContainerReportHandler] WARN  container.ContainerReportHandler (AbstractContainerReportHandler.java:updateContainerState(145)) - Container #1 is in OPEN state, but the datanode 756d617c-4df0-4d16-a449-32c84fd3d9b4{ip: 192.168.164.197, host: pr-hdds-1868-qzls5-2202220713, networkLocation: /default-rack, certSerialId: null} reports an CLOSED replica.
2019-10-21 05:29:46,801 [EventQueue-ContainerReportForContainerReportHandler] WARN  container.ContainerReportHandler (AbstractContainerReportHandler.java:updateContainerState(145)) - Container #1 is in OPEN state, but the datanode de422f88-f067-42c5-9741-971d3fd4b460{ip: 192.168.164.197, host: pr-hdds-1868-qzls5-2202220713, networkLocation: /default-rack, certSerialId: null} reports an CLOSED replica.
2019-10-21 05:29:46,903 [EventQueue-ContainerReportForContainerReportHandler] WARN  container.ContainerReportHandler (AbstractContainerReportHandler.java:updateContainerState(145)) - Container #1 is in OPEN state, but the datanode 756d617c-4df0-4d16-a449-32c84fd3d9b4{ip: 192.168.164.197, host: pr-hdds-1868-qzls5-2202220713, networkLocation: /default-rack, certSerialId: null} reports an CLOSED replica.
2019-10-21 05:29:47,202 [EventQueue-ContainerReportForContainerReportHandler] WARN  container.ContainerReportHandler (AbstractContainerReportHandler.java:updateContainerState(145)) - Container #1 is in OPEN state, but the datanode de422f88-f067-42c5-9741-971d3fd4b460{ip: 192.168.164.197, host: pr-hdds-1868-qzls5-2202220713, networkLocation: /default-rack, certSerialId: null} reports an CLOSED replica.
2019-10-21 05:29:47,202 [EventQueue-ContainerReportForContainerReportHandler] WARN  container.ContainerReportHandler (AbstractContainerReportHandler.java:updateContainerState(145)) - Container #1 is in OPEN state, but the datanode 756d617c-4df0-4d16-a449-32c84fd3d9b4{ip: 192.168.164.197, host: pr-hdds-1868-qzls5-2202220713, networkLocation: /default-rack, certSerialId: null} reports an CLOSED replica.
2019-10-21 05:29:47,404 [java.util.concurrent.ThreadPoolExecutor$Worker@60838a74[State = -1, empty queue]] WARN  server.GrpcLogAppender (GrpcLogAppender.java:timeoutAppendRequest(209)) - de422f88-f067-42c5-9741-971d3fd4b460@group-2B447D4C4854->10936abf-a8c2-471d-9c61-a43b910bc959-GrpcLogAppender: appendEntries Timeout, request=de422f88-f067-42c5-9741-971d3fd4b460->10936abf-a8c2-471d-9c61-a43b910bc959#23-t2, previous=(t:2, i:8), leaderCommit=8, initializing? false, entries: <empty>
2019-10-21 05:29:47,441 [java.util.concurrent.ThreadPoolExecutor$Worker@60838a74[State = -1, empty queue]] WARN  server.GrpcLogAppender (GrpcLogAppender.java:timeoutAppendRequest(209)) - de422f88-f067-42c5-9741-971d3fd4b460@group-2B447D4C4854->10936abf-a8c2-471d-9c61-a43b910bc959-GrpcLogAppender: appendEntries Timeout, request=de422f88-f067-42c5-9741-971d3fd4b460->10936abf-a8c2-471d-9c61-a43b910bc959#24-t2, previous=(t:2, i:8), leaderCommit=8, initializing? false, entries: size=1, first=(t:2, i:9), STATEMACHINELOGENTRY, client-FCCB2F10D006, cid=24
2019-10-21 05:29:47,454 [java.util.concurrent.ThreadPoolExecutor$Worker@60838a74[State = -1, empty queue]] WARN  server.GrpcLogAppender (GrpcLogAppender.java:timeoutAppendRequest(209)) - de422f88-f067-42c5-9741-971d3fd4b460@group-2B447D4C4854->10936abf-a8c2-471d-9c61-a43b910bc959-GrpcLogAppender: appendEntries Timeout, request=de422f88-f067-42c5-9741-971d3fd4b460->10936abf-a8c2-471d-9c61-a43b910bc959#25-t2, previous=(t:2, i:9), leaderCommit=9, initializing? false, entries: size=1, first=(t:2, i:10), METADATAENTRY(c9)
2019-10-21 05:29:47,504 [EventQueue-ContainerReportForContainerReportHandler] WARN  container.ContainerReportHandler (AbstractContainerReportHandler.java:updateContainerState(145)) - Container #1 is in OPEN state, but the datanode 756d617c-4df0-4d16-a449-32c84fd3d9b4{ip: 192.168.164.197, host: pr-hdds-1868-qzls5-2202220713, networkLocation: /default-rack, certSerialId: null} reports an CLOSED replica.
2019-10-21 05:29:47,507 [EventQueue-ContainerReportForContainerReportHandler] WARN  container.ContainerReportHandler (AbstractContainerReportHandler.java:updateContainerState(145)) - Container #1 is in OPEN state, but the datanode de422f88-f067-42c5-9741-971d3fd4b460{ip: 192.168.164.197, host: pr-hdds-1868-qzls5-2202220713, networkLocation: /default-rack, certSerialId: null} reports an CLOSED replica.
2019-10-21 05:29:47,613 [BlockDeletingService#2] WARN  background.BlockDeletingService (BlockDeletingService.java:isDeletionAllowed(187)) - Close Container log Index 6 is not replicated across allthe servers in the pipeline ea95e8fe-4098-4221-913b-2b447d4c4854 as the min replicated index is 4. Deletion is not allowed in this container yet.
2019-10-21 05:29:47,652 [BlockDeletingService#2] WARN  background.BlockDeletingService (BlockDeletingService.java:isDeletionAllowed(187)) - Close Container log Index 6 is not replicated across allthe servers in the pipeline ea95e8fe-4098-4221-913b-2b447d4c4854 as the min replicated index is 4. Deletion is not allowed in this container yet.
2019-10-21 05:29:47,804 [EventQueue-ContainerReportForContainerReportHandler] WARN  container.ContainerReportHandler (AbstractContainerReportHandler.java:updateContainerState(145)) - Container #1 is in OPEN state, but the datanode de422f88-f067-42c5-9741-971d3fd4b460{ip: 192.168.164.197, host: pr-hdds-1868-qzls5-2202220713, networkLocation: /default-rack, certSerialId: null} reports an CLOSED replica.
2019-10-21 05:29:47,804 [EventQueue-ContainerReportForContainerReportHandler] WARN  container.ContainerReportHandler (AbstractContainerReportHandler.java:updateContainerState(145)) - Container #1 is in OPEN state, but the datanode 756d617c-4df0-4d16-a449-32c84fd3d9b4{ip: 192.168.164.197, host: pr-hdds-1868-qzls5-2202220713, networkLocation: /default-rack, certSerialId: null} reports an CLOSED replica.
2019-10-21 05:29:48,004 [EventQueue-ContainerReportForContainerReportHandler] WARN  container.ContainerReportHandler (AbstractContainerReportHandler.java:updateContainerState(145)) - Container #1 is in OPEN state, but the datanode 756d617c-4df0-4d16-a449-32c84fd3d9b4{ip: 192.168.164.197, host: pr-hdds-1868-qzls5-2202220713, networkLocation: /default-rack, certSerialId: null} reports an CLOSED replica.
2019-10-21 05:29:48,104 [EventQueue-ContainerReportForContainerReportHandler] WARN  container.ContainerReportHandler (AbstractContainerReportHandler.java:updateContainerState(145)) - Container #1 is in OPEN state, but the datanode de422f88-f067-42c5-9741-971d3fd4b460{ip: 192.168.164.197, host: pr-hdds-1868-qzls5-2202220713, networkLocation: /default-rack, certSerialId: null} reports an CLOSED replica.
2019-10-21 05:29:48,305 [EventQueue-ContainerReportForContainerReportHandler] WARN  container.ContainerReportHandler (AbstractContainerReportHandler.java:updateContainerState(145)) - Container #1 is in OPEN state, but the datanode 756d617c-4df0-4d16-a449-32c84fd3d9b4{ip: 192.168.164.197, host: pr-hdds-1868-qzls5-2202220713, networkLocation: /default-rack, certSerialId: null} reports an CLOSED replica.
2019-10-21 05:29:48,403 [EventQueue-ContainerReportForContainerReportHandler] WARN  container.ContainerReportHandler (AbstractContainerReportHandler.java:updateContainerState(145)) - Container #1 is in OPEN state, but the datanode de422f88-f067-42c5-9741-971d3fd4b460{ip: 192.168.164.197, host: pr-hdds-1868-qzls5-2202220713, networkLocation: /default-rack, certSerialId: null} reports an CLOSED replica.
2019-10-21 05:29:48,604 [EventQueue-ContainerReportForContainerReportHandler] WARN  container.ContainerReportHandler (AbstractContainerReportHandler.java:updateContainerState(145)) - Container #1 is in OPEN state, but the datanode 756d617c-4df0-4d16-a449-32c84fd3d9b4{ip: 192.168.164.197, host: pr-hdds-1868-qzls5-2202220713, networkLocation: /default-rack, certSerialId: null} reports an CLOSED replica.
2019-10-21 05:29:48,616 [BlockDeletingService#2] WARN  background.BlockDeletingService (BlockDeletingService.java:isDeletionAllowed(187)) - Close Container log Index 6 is not replicated across allthe servers in the pipeline ea95e8fe-4098-4221-913b-2b447d4c4854 as the min replicated index is 4. Deletion is not allowed in this container yet.
2019-10-21 05:29:48,653 [BlockDeletingService#2] WARN  background.BlockDeletingService (BlockDeletingService.java:isDeletionAllowed(187)) - Close Container log Index 6 is not replicated across allthe servers in the pipeline ea95e8fe-4098-4221-913b-2b447d4c4854 as the min replicated index is 4. Deletion is not allowed in this container yet.
2019-10-21 05:29:48,704 [EventQueue-ContainerReportForContainerReportHandler] WARN  container.ContainerReportHandler (AbstractContainerReportHandler.java:updateContainerState(145)) - Container #1 is in OPEN state, but the datanode de422f88-f067-42c5-9741-971d3fd4b460{ip: 192.168.164.197, host: pr-hdds-1868-qzls5-2202220713, networkLocation: /default-rack, certSerialId: null} reports an CLOSED replica.
2019-10-21 05:29:48,905 [EventQueue-ContainerReportForContainerReportHandler] WARN  container.ContainerReportHandler (AbstractContainerReportHandler.java:updateContainerState(145)) - Container #1 is in OPEN state, but the datanode 756d617c-4df0-4d16-a449-32c84fd3d9b4{ip: 192.168.164.197, host: pr-hdds-1868-qzls5-2202220713, networkLocation: /default-rack, certSerialId: null} reports an CLOSED replica.
2019-10-21 05:29:49,105 [EventQueue-ContainerReportForContainerReportHandler] WARN  container.ContainerReportHandler (AbstractContainerReportHandler.java:updateContainerState(145)) - Container #1 is in OPEN state, but the datanode de422f88-f067-42c5-9741-971d3fd4b460{ip: 192.168.164.197, host: pr-hdds-1868-qzls5-2202220713, networkLocation: /default-rack, certSerialId: null} reports an CLOSED replica.
2019-10-21 05:29:49,205 [EventQueue-ContainerReportForContainerReportHandler] WARN  container.ContainerReportHandler (AbstractContainerReportHandler.java:updateContainerState(145)) - Container #1 is in OPEN state, but the datanode 756d617c-4df0-4d16-a449-32c84fd3d9b4{ip: 192.168.164.197, host: pr-hdds-1868-qzls5-2202220713, networkLocation: /default-rack, certSerialId: null} reports an CLOSED replica.
2019-10-21 05:29:49,404 [EventQueue-ContainerReportForContainerReportHandler] WARN  container.ContainerReportHandler (AbstractContainerReportHandler.java:updateContainerState(145)) - Container #1 is in OPEN state, but the datanode 756d617c-4df0-4d16-a449-32c84fd3d9b4{ip: 192.168.164.197, host: pr-hdds-1868-qzls5-2202220713, networkLocation: /default-rack, certSerialId: null} reports an CLOSED replica.
2019-10-21 05:29:49,505 [EventQueue-ContainerReportForContainerReportHandler] WARN  container.ContainerReportHandler (AbstractContainerReportHandler.java:updateContainerState(145)) - Container #1 is in OPEN state, but the datanode de422f88-f067-42c5-9741-971d3fd4b460{ip: 192.168.164.197, host: pr-hdds-1868-qzls5-2202220713, networkLocation: /default-rack, certSerialId: null} reports an CLOSED replica.
2019-10-21 05:29:49,617 [BlockDeletingService#2] WARN  background.BlockDeletingService (BlockDeletingService.java:isDeletionAllowed(187)) - Close Container log Index 6 is not replicated across allthe servers in the pipeline ea95e8fe-4098-4221-913b-2b447d4c4854 as the min replicated index is 4. Deletion is not allowed in this container yet.
2019-10-21 05:29:49,654 [BlockDeletingService#2] WARN  background.BlockDeletingService (BlockDeletingService.java:isDeletionAllowed(187)) - Close Container log Index 6 is not replicated across allthe servers in the pipeline ea95e8fe-4098-4221-913b-2b447d4c4854 as the min replicated index is 4. Deletion is not allowed in this container yet.
2019-10-21 05:29:49,705 [EventQueue-ContainerReportForContainerReportHandler] WARN  container.ContainerReportHandler (AbstractContainerReportHandler.java:updateContainerState(145)) - Container #1 is in OPEN state, but the datanode de422f88-f067-42c5-9741-971d3fd4b460{ip: 192.168.164.197, host: pr-hdds-1868-qzls5-2202220713, networkLocation: /default-rack, certSerialId: null} reports an CLOSED replica.
2019-10-21 05:29:49,805 [EventQueue-ContainerReportForContainerReportHandler] WARN  container.ContainerReportHandler (AbstractContainerReportHandler.java:updateContainerState(145)) - Container #1 is in OPEN state, but the datanode 756d617c-4df0-4d16-a449-32c84fd3d9b4{ip: 192.168.164.197, host: pr-hdds-1868-qzls5-2202220713, networkLocation: /default-rack, certSerialId: null} reports an CLOSED replica.
2019-10-21 05:29:49,955 [java.util.concurrent.ThreadPoolExecutor$Worker@60838a74[State = -1, empty queue]] WARN  server.GrpcLogAppender (GrpcLogAppender.java:timeoutAppendRequest(209)) - de422f88-f067-42c5-9741-971d3fd4b460@group-2B447D4C4854->10936abf-a8c2-471d-9c61-a43b910bc959-GrpcLogAppender: appendEntries Timeout, request=de422f88-f067-42c5-9741-971d3fd4b460->10936abf-a8c2-471d-9c61-a43b910bc959#26-t2, previous=(t:2, i:10), leaderCommit=10, initializing? false, entries: <empty>
2019-10-21 05:29:50,006 [EventQueue-ContainerReportForContainerReportHandler] WARN  container.ContainerReportHandler (AbstractContainerReportHandler.java:updateContainerState(145)) - Container #1 is in OPEN state, but the datanode de422f88-f067-42c5-9741-971d3fd4b460{ip: 192.168.164.197, host: pr-hdds-1868-qzls5-2202220713, networkLocation: /default-rack, certSerialId: null} reports an CLOSED replica.
2019-10-21 05:29:50,105 [EventQueue-ContainerReportForContainerReportHandler] WARN  container.ContainerReportHandler (AbstractContainerReportHandler.java:updateContainerState(145)) - Container #1 is in OPEN state, but the datanode 756d617c-4df0-4d16-a449-32c84fd3d9b4{ip: 192.168.164.197, host: pr-hdds-1868-qzls5-2202220713, networkLocation: /default-rack, certSerialId: null} reports an CLOSED replica.
2019-10-21 05:29:50,305 [EventQueue-ContainerReportForContainerReportHandler] WARN  container.ContainerReportHandler (AbstractContainerReportHandler.java:updateContainerState(145)) - Container #1 is in OPEN state, but the datanode 756d617c-4df0-4d16-a449-32c84fd3d9b4{ip: 192.168.164.197, host: pr-hdds-1868-qzls5-2202220713, networkLocation: /default-rack, certSerialId: null} reports an CLOSED replica.
2019-10-21 05:29:50,405 [EventQueue-ContainerReportForContainerReportHandler] WARN  container.ContainerReportHandler (AbstractContainerReportHandler.java:updateContainerState(145)) - Container #1 is in OPEN state, but the datanode de422f88-f067-42c5-9741-971d3fd4b460{ip: 192.168.164.197, host: pr-hdds-1868-qzls5-2202220713, networkLocation: /default-rack, certSerialId: null} reports an CLOSED replica.
2019-10-21 05:29:50,605 [EventQueue-ContainerReportForContainerReportHandler] WARN  container.ContainerReportHandler (AbstractContainerReportHandler.java:updateContainerState(145)) - Container #1 is in OPEN state, but the datanode 756d617c-4df0-4d16-a449-32c84fd3d9b4{ip: 192.168.164.197, host: pr-hdds-1868-qzls5-2202220713, networkLocation: /default-rack, certSerialId: null} reports an CLOSED replica.
2019-10-21 05:29:50,606 [EventQueue-ContainerReportForContainerReportHandler] WARN  container.ContainerReportHandler (AbstractContainerReportHandler.java:updateContainerState(145)) - Container #1 is in OPEN state, but the datanode de422f88-f067-42c5-9741-971d3fd4b460{ip: 192.168.164.197, host: pr-hdds-1868-qzls5-2202220713, networkLocation: /default-rack, certSerialId: null} reports an CLOSED replica.
2019-10-21 05:29:50,619 [BlockDeletingService#2] WARN  background.BlockDeletingService (BlockDeletingService.java:isDeletionAllowed(187)) - Close Container log Index 6 is not replicated across allthe servers in the pipeline ea95e8fe-4098-4221-913b-2b447d4c4854 as the min replicated index is 4. Deletion is not allowed in this container yet.
2019-10-21 05:29:50,656 [BlockDeletingService#2] WARN  background.BlockDeletingService (BlockDeletingService.java:isDeletionAllowed(187)) - Close Container log Index 6 is not replicated across allthe servers in the pipeline ea95e8fe-4098-4221-913b-2b447d4c4854 as the min replicated index is 4. Deletion is not allowed in this container yet.
2019-10-21 05:29:50,906 [EventQueue-ContainerReportForContainerReportHandler] WARN  container.ContainerReportHandler (AbstractContainerReportHandler.java:updateContainerState(145)) - Container #1 is in OPEN state, but the datanode de422f88-f067-42c5-9741-971d3fd4b460{ip: 192.168.164.197, host: pr-hdds-1868-qzls5-2202220713, networkLocation: /default-rack, certSerialId: null} reports an CLOSED replica.
2019-10-21 05:29:50,906 [EventQueue-ContainerReportForContainerReportHandler] WARN  container.ContainerReportHandler (AbstractContainerReportHandler.java:updateContainerState(145)) - Container #1 is in OPEN state, but the datanode 756d617c-4df0-4d16-a449-32c84fd3d9b4{ip: 192.168.164.197, host: pr-hdds-1868-qzls5-2202220713, networkLocation: /default-rack, certSerialId: null} reports an CLOSED replica.
2019-10-21 05:29:51,206 [EventQueue-ContainerReportForContainerReportHandler] WARN  container.ContainerReportHandler (AbstractContainerReportHandler.java:updateContainerState(145)) - Container #1 is in OPEN state, but the datanode 756d617c-4df0-4d16-a449-32c84fd3d9b4{ip: 192.168.164.197, host: pr-hdds-1868-qzls5-2202220713, networkLocation: /default-rack, certSerialId: null} reports an CLOSED replica.
2019-10-21 05:29:51,306 [EventQueue-ContainerReportForContainerReportHandler] WARN  container.ContainerReportHandler (AbstractContainerReportHandler.java:updateContainerState(145)) - Container #1 is in OPEN state, but the datanode de422f88-f067-42c5-9741-971d3fd4b460{ip: 192.168.164.197, host: pr-hdds-1868-qzls5-2202220713, networkLocation: /default-rack, certSerialId: null} reports an CLOSED replica.
2019-10-21 05:29:51,606 [EventQueue-ContainerReportForContainerReportHandler] WARN  container.ContainerReportHandler (AbstractContainerReportHandler.java:updateContainerState(145)) - Container #1 is in OPEN state, but the datanode 756d617c-4df0-4d16-a449-32c84fd3d9b4{ip: 192.168.164.197, host: pr-hdds-1868-qzls5-2202220713, networkLocation: /default-rack, certSerialId: null} reports an CLOSED replica.
2019-10-21 05:29:51,606 [EventQueue-ContainerReportForContainerReportHandler] WARN  container.ContainerReportHandler (AbstractContainerReportHandler.java:updateContainerState(145)) - Container #1 is in OPEN state, but the datanode de422f88-f067-42c5-9741-971d3fd4b460{ip: 192.168.164.197, host: pr-hdds-1868-qzls5-2202220713, networkLocation: /default-rack, certSerialId: null} reports an CLOSED replica.
2019-10-21 05:29:51,621 [BlockDeletingService#2] WARN  background.BlockDeletingService (BlockDeletingService.java:isDeletionAllowed(187)) - Close Container log Index 6 is not replicated across allthe servers in the pipeline ea95e8fe-4098-4221-913b-2b447d4c4854 as the min replicated index is 4. Deletion is not allowed in this container yet.
2019-10-21 05:29:51,657 [BlockDeletingService#2] WARN  background.BlockDeletingService (BlockDeletingService.java:isDeletionAllowed(187)) - Close Container log Index 6 is not replicated across allthe servers in the pipeline ea95e8fe-4098-4221-913b-2b447d4c4854 as the min replicated index is 4. Deletion is not allowed in this container yet.
2019-10-21 05:29:51,905 [EventQueue-ContainerReportForContainerReportHandler] WARN  container.ContainerReportHandler (AbstractContainerReportHandler.java:updateContainerState(145)) - Container #1 is in OPEN state, but the datanode de422f88-f067-42c5-9741-971d3fd4b460{ip: 192.168.164.197, host: pr-hdds-1868-qzls5-2202220713, networkLocation: /default-rack, certSerialId: null} reports an CLOSED replica.
2019-10-21 05:29:51,907 [EventQueue-ContainerReportForContainerReportHandler] WARN  container.ContainerReportHandler (AbstractContainerReportHandler.java:updateContainerState(145)) - Container #1 is in OPEN state, but the datanode 756d617c-4df0-4d16-a449-32c84fd3d9b4{ip: 192.168.164.197, host: pr-hdds-1868-qzls5-2202220713, networkLocation: /default-rack, certSerialId: null} reports an CLOSED replica.
2019-10-21 05:29:52,205 [EventQueue-ContainerReportForContainerReportHandler] WARN  container.ContainerReportHandler (AbstractContainerReportHandler.java:updateContainerState(145)) - Container #1 is in OPEN state, but the datanode de422f88-f067-42c5-9741-971d3fd4b460{ip: 192.168.164.197, host: pr-hdds-1868-qzls5-2202220713, networkLocation: /default-rack, certSerialId: null} reports an CLOSED replica.
2019-10-21 05:29:52,207 [EventQueue-ContainerReportForContainerReportHandler] WARN  container.ContainerReportHandler (AbstractContainerReportHandler.java:updateContainerState(145)) - Container #1 is in OPEN state, but the datanode 756d617c-4df0-4d16-a449-32c84fd3d9b4{ip: 192.168.164.197, host: pr-hdds-1868-qzls5-2202220713, networkLocation: /default-rack, certSerialId: null} reports an CLOSED replica.
2019-10-21 05:29:52,406 [EventQueue-ContainerReportForContainerReportHandler] WARN  container.ContainerReportHandler (AbstractContainerReportHandler.java:updateContainerState(145)) - Container #1 is in OPEN state, but the datanode de422f88-f067-42c5-9741-971d3fd4b460{ip: 192.168.164.197, host: pr-hdds-1868-qzls5-2202220713, networkLocation: /default-rack, certSerialId: null} reports an CLOSED replica.
2019-10-21 05:29:52,456 [java.util.concurrent.ThreadPoolExecutor$Worker@60838a74[State = -1, empty queue]] WARN  server.GrpcLogAppender (GrpcLogAppender.java:timeoutAppendRequest(209)) - de422f88-f067-42c5-9741-971d3fd4b460@group-2B447D4C4854->10936abf-a8c2-471d-9c61-a43b910bc959-GrpcLogAppender: appendEntries Timeout, request=de422f88-f067-42c5-9741-971d3fd4b460->10936abf-a8c2-471d-9c61-a43b910bc959#27-t2, previous=(t:2, i:10), leaderCommit=10, initializing? false, entries: <empty>
2019-10-21 05:29:52,508 [EventQueue-ContainerReportForContainerReportHandler] WARN  container.ContainerReportHandler (AbstractContainerReportHandler.java:updateContainerState(145)) - Container #1 is in OPEN state, but the datanode 756d617c-4df0-4d16-a449-32c84fd3d9b4{ip: 192.168.164.197, host: pr-hdds-1868-qzls5-2202220713, networkLocation: /default-rack, certSerialId: null} reports an CLOSED replica.
2019-10-21 05:29:52,623 [BlockDeletingService#2] WARN  background.BlockDeletingService (BlockDeletingService.java:isDeletionAllowed(187)) - Close Container log Index 6 is not replicated across allthe servers in the pipeline ea95e8fe-4098-4221-913b-2b447d4c4854 as the min replicated index is 4. Deletion is not allowed in this container yet.
2019-10-21 05:29:52,659 [BlockDeletingService#2] WARN  background.BlockDeletingService (BlockDeletingService.java:isDeletionAllowed(187)) - Close Container log Index 6 is not replicated across allthe servers in the pipeline ea95e8fe-4098-4221-913b-2b447d4c4854 as the min replicated index is 4. Deletion is not allowed in this container yet.
2019-10-21 05:29:52,682 [Thread-383] INFO  client.GrpcClientProtocolService (GrpcClientProtocolService.java:lambda$processClientRequest$0(279)) - Failed RaftClientRequest:client-B3AE2EAE799D->de422f88-f067-42c5-9741-971d3fd4b460@group-2B447D4C4854, cid=22, seq=0, Watch-ALL_COMMITTED(6), Message:<EMPTY>, reply=RaftClientReply:client-B3AE2EAE799D->de422f88-f067-42c5-9741-971d3fd4b460@group-2B447D4C4854, cid=22, FAILED org.apache.ratis.protocol.NotReplicatedException: Request with call Id 22 and log index 6 is not yet replicated to ALL_COMMITTED, logIndex=6, commits[de422f88-f067-42c5-9741-971d3fd4b460:c10, 10936abf-a8c2-471d-9c61-a43b910bc959:c4, 756d617c-4df0-4d16-a449-32c84fd3d9b4:c10]
2019-10-21 05:29:52,706 [EventQueue-ContainerReportForContainerReportHandler] WARN  container.ContainerReportHandler (AbstractContainerReportHandler.java:updateContainerState(145)) - Container #1 is in OPEN state, but the datanode de422f88-f067-42c5-9741-971d3fd4b460{ip: 192.168.164.197, host: pr-hdds-1868-qzls5-2202220713, networkLocation: /default-rack, certSerialId: null} reports an CLOSED replica.
2019-10-21 05:29:52,907 [EventQueue-ContainerReportForContainerReportHandler] WARN  container.ContainerReportHandler (AbstractContainerReportHandler.java:updateContainerState(145)) - Container #1 is in OPEN state, but the datanode 756d617c-4df0-4d16-a449-32c84fd3d9b4{ip: 192.168.164.197, host: pr-hdds-1868-qzls5-2202220713, networkLocation: /default-rack, certSerialId: null} reports an CLOSED replica.
2019-10-21 05:29:53,111 [EventQueue-ContainerReportForContainerReportHandler] WARN  container.ContainerReportHandler (AbstractContainerReportHandler.java:updateContainerState(145)) - Container #1 is in OPEN state, but the datanode de422f88-f067-42c5-9741-971d3fd4b460{ip: 192.168.164.197, host: pr-hdds-1868-qzls5-2202220713, networkLocation: /default-rack, certSerialId: null} reports an CLOSED replica.
2019-10-21 05:29:53,308 [EventQueue-ContainerReportForContainerReportHandler] WARN  container.ContainerReportHandler (AbstractContainerReportHandler.java:updateContainerState(145)) - Container #1 is in OPEN state, but the datanode 756d617c-4df0-4d16-a449-32c84fd3d9b4{ip: 192.168.164.197, host: pr-hdds-1868-qzls5-2202220713, networkLocation: /default-rack, certSerialId: null} reports an CLOSED replica.
2019-10-21 05:29:53,506 [EventQueue-ContainerReportForContainerReportHandler] WARN  container.ContainerReportHandler (AbstractContainerReportHandler.java:updateContainerState(145)) - Container #1 is in OPEN state, but the datanode de422f88-f067-42c5-9741-971d3fd4b460{ip: 192.168.164.197, host: pr-hdds-1868-qzls5-2202220713, networkLocation: /default-rack, certSerialId: null} reports an CLOSED replica.
2019-10-21 05:29:53,608 [EventQueue-ContainerReportForContainerReportHandler] WARN  container.ContainerReportHandler (AbstractContainerReportHandler.java:updateContainerState(145)) - Container #1 is in OPEN state, but the datanode 756d617c-4df0-4d16-a449-32c84fd3d9b4{ip: 192.168.164.197, host: pr-hdds-1868-qzls5-2202220713, networkLocation: /default-rack, certSerialId: null} reports an CLOSED replica.
2019-10-21 05:29:53,624 [BlockDeletingService#2] WARN  background.BlockDeletingService (BlockDeletingService.java:isDeletionAllowed(187)) - Close Container log Index 6 is not replicated across allthe servers in the pipeline ea95e8fe-4098-4221-913b-2b447d4c4854 as the min replicated index is 4. Deletion is not allowed in this container yet.
2019-10-21 05:29:53,660 [BlockDeletingService#2] WARN  background.BlockDeletingService (BlockDeletingService.java:isDeletionAllowed(187)) - Close Container log Index 6 is not replicated across allthe servers in the pipeline ea95e8fe-4098-4221-913b-2b447d4c4854 as the min replicated index is 4. Deletion is not allowed in this container yet.
2019-10-21 05:29:53,707 [EventQueue-ContainerReportForContainerReportHandler] WARN  container.ContainerReportHandler (AbstractContainerReportHandler.java:updateContainerState(145)) - Container #1 is in OPEN state, but the datanode de422f88-f067-42c5-9741-971d3fd4b460{ip: 192.168.164.197, host: pr-hdds-1868-qzls5-2202220713, networkLocation: /default-rack, certSerialId: null} reports an CLOSED replica.
2019-10-21 05:29:54,007 [EventQueue-ContainerReportForContainerReportHandler] WARN  container.ContainerReportHandler (AbstractContainerReportHandler.java:updateContainerState(145)) - Container #1 is in OPEN state, but the datanode de422f88-f067-42c5-9741-971d3fd4b460{ip: 192.168.164.197, host: pr-hdds-1868-qzls5-2202220713, networkLocation: /default-rack, certSerialId: null} reports an CLOSED replica.
2019-10-21 05:29:54,008 [EventQueue-ContainerReportForContainerReportHandler] WARN  container.ContainerReportHandler (AbstractContainerReportHandler.java:updateContainerState(145)) - Container #1 is in OPEN state, but the datanode 756d617c-4df0-4d16-a449-32c84fd3d9b4{ip: 192.168.164.197, host: pr-hdds-1868-qzls5-2202220713, networkLocation: /default-rack, certSerialId: null} reports an CLOSED replica.
2019-10-21 05:29:54,209 [EventQueue-ContainerReportForContainerReportHandler] WARN  container.ContainerReportHandler (AbstractContainerReportHandler.java:updateContainerState(145)) - Container #1 is in OPEN state, but the datanode 756d617c-4df0-4d16-a449-32c84fd3d9b4{ip: 192.168.164.197, host: pr-hdds-1868-qzls5-2202220713, networkLocation: /default-rack, certSerialId: null} reports an CLOSED replica.
2019-10-21 05:29:54,407 [EventQueue-ContainerReportForContainerReportHandler] WARN  container.ContainerReportHandler (AbstractContainerReportHandler.java:updateContainerState(145)) - Container #1 is in OPEN state, but the datanode de422f88-f067-42c5-9741-971d3fd4b460{ip: 192.168.164.197, host: pr-hdds-1868-qzls5-2202220713, networkLocation: /default-rack, certSerialId: null} reports an CLOSED replica.
2019-10-21 05:29:54,608 [EventQueue-ContainerReportForContainerReportHandler] WARN  container.ContainerReportHandler (AbstractContainerReportHandler.java:updateContainerState(145)) - Container #1 is in OPEN state, but the datanode 756d617c-4df0-4d16-a449-32c84fd3d9b4{ip: 192.168.164.197, host: pr-hdds-1868-qzls5-2202220713, networkLocation: /default-rack, certSerialId: null} reports an CLOSED replica.
2019-10-21 05:29:54,627 [BlockDeletingService#2] WARN  background.BlockDeletingService (BlockDeletingService.java:isDeletionAllowed(187)) - Close Container log Index 6 is not replicated across allthe servers in the pipeline ea95e8fe-4098-4221-913b-2b447d4c4854 as the min replicated index is 4. Deletion is not allowed in this container yet.
2019-10-21 05:29:54,661 [BlockDeletingService#2] WARN  background.BlockDeletingService (BlockDeletingService.java:isDeletionAllowed(187)) - Close Container log Index 6 is not replicated across allthe servers in the pipeline ea95e8fe-4098-4221-913b-2b447d4c4854 as the min replicated index is 4. Deletion is not allowed in this container yet.
2019-10-21 05:29:54,807 [EventQueue-ContainerReportForContainerReportHandler] WARN  container.ContainerReportHandler (AbstractContainerReportHandler.java:updateContainerState(145)) - Container #1 is in OPEN state, but the datanode de422f88-f067-42c5-9741-971d3fd4b460{ip: 192.168.164.197, host: pr-hdds-1868-qzls5-2202220713, networkLocation: /default-rack, certSerialId: null} reports an CLOSED replica.
2019-10-21 05:29:54,808 [EventQueue-ContainerReportForContainerReportHandler] WARN  container.ContainerReportHandler (AbstractContainerReportHandler.java:updateContainerState(145)) - Container #1 is in OPEN state, but the datanode 756d617c-4df0-4d16-a449-32c84fd3d9b4{ip: 192.168.164.197, host: pr-hdds-1868-qzls5-2202220713, networkLocation: /default-rack, certSerialId: null} reports an CLOSED replica.
2019-10-21 05:29:54,957 [java.util.concurrent.ThreadPoolExecutor$Worker@60838a74[State = -1, empty queue]] WARN  server.GrpcLogAppender (GrpcLogAppender.java:timeoutAppendRequest(209)) - de422f88-f067-42c5-9741-971d3fd4b460@group-2B447D4C4854->10936abf-a8c2-471d-9c61-a43b910bc959-GrpcLogAppender: appendEntries Timeout, request=de422f88-f067-42c5-9741-971d3fd4b460->10936abf-a8c2-471d-9c61-a43b910bc959#28-t2, previous=(t:2, i:10), leaderCommit=10, initializing? false, entries: <empty>
2019-10-21 05:29:55,008 [EventQueue-ContainerReportForContainerReportHandler] WARN  container.ContainerReportHandler (AbstractContainerReportHandler.java:updateContainerState(145)) - Container #1 is in OPEN state, but the datanode 756d617c-4df0-4d16-a449-32c84fd3d9b4{ip: 192.168.164.197, host: pr-hdds-1868-qzls5-2202220713, networkLocation: /default-rack, certSerialId: null} reports an CLOSED replica.
2019-10-21 05:29:55,107 [EventQueue-ContainerReportForContainerReportHandler] WARN  container.ContainerReportHandler (AbstractContainerReportHandler.java:updateContainerState(145)) - Container #1 is in OPEN state, but the datanode de422f88-f067-42c5-9741-971d3fd4b460{ip: 192.168.164.197, host: pr-hdds-1868-qzls5-2202220713, networkLocation: /default-rack, certSerialId: null} reports an CLOSED replica.
2019-10-21 05:29:55,308 [EventQueue-ContainerReportForContainerReportHandler] WARN  container.ContainerReportHandler (AbstractContainerReportHandler.java:updateContainerState(145)) - Container #1 is in OPEN state, but the datanode 756d617c-4df0-4d16-a449-32c84fd3d9b4{ip: 192.168.164.197, host: pr-hdds-1868-qzls5-2202220713, networkLocation: /default-rack, certSerialId: null} reports an CLOSED replica.
2019-10-21 05:29:55,406 [EventQueue-ContainerReportForContainerReportHandler] WARN  container.ContainerReportHandler (AbstractContainerReportHandler.java:updateContainerState(145)) - Container #1 is in OPEN state, but the datanode de422f88-f067-42c5-9741-971d3fd4b460{ip: 192.168.164.197, host: pr-hdds-1868-qzls5-2202220713, networkLocation: /default-rack, certSerialId: null} reports an CLOSED replica.
2019-10-21 05:29:55,610 [EventQueue-ContainerReportForContainerReportHandler] WARN  container.ContainerReportHandler (AbstractContainerReportHandler.java:updateContainerState(145)) - Container #1 is in OPEN state, but the datanode 756d617c-4df0-4d16-a449-32c84fd3d9b4{ip: 192.168.164.197, host: pr-hdds-1868-qzls5-2202220713, networkLocation: /default-rack, certSerialId: null} reports an CLOSED replica.
2019-10-21 05:29:55,628 [BlockDeletingService#2] WARN  background.BlockDeletingService (BlockDeletingService.java:isDeletionAllowed(187)) - Close Container log Index 6 is not replicated across allthe servers in the pipeline ea95e8fe-4098-4221-913b-2b447d4c4854 as the min replicated index is 4. Deletion is not allowed in this container yet.
2019-10-21 05:29:55,662 [BlockDeletingService#2] WARN  background.BlockDeletingService (BlockDeletingService.java:isDeletionAllowed(187)) - Close Container log Index 6 is not replicated across allthe servers in the pipeline ea95e8fe-4098-4221-913b-2b447d4c4854 as the min replicated index is 4. Deletion is not allowed in this container yet.
2019-10-21 05:29:55,706 [EventQueue-ContainerReportForContainerReportHandler] WARN  container.ContainerReportHandler (AbstractContainerReportHandler.java:updateContainerState(145)) - Container #1 is in OPEN state, but the datanode de422f88-f067-42c5-9741-971d3fd4b460{ip: 192.168.164.197, host: pr-hdds-1868-qzls5-2202220713, networkLocation: /default-rack, certSerialId: null} reports an CLOSED replica.
2019-10-21 05:29:55,811 [EventQueue-ContainerReportForContainerReportHandler] WARN  container.ContainerReportHandler (AbstractContainerReportHandler.java:updateContainerState(145)) - Container #1 is in OPEN state, but the datanode 756d617c-4df0-4d16-a449-32c84fd3d9b4{ip: 192.168.164.197, host: pr-hdds-1868-qzls5-2202220713, networkLocation: /default-rack, certSerialId: null} reports an CLOSED replica.
2019-10-21 05:29:56,007 [EventQueue-ContainerReportForContainerReportHandler] WARN  container.ContainerReportHandler (AbstractContainerReportHandler.java:updateContainerState(145)) - Container #1 is in OPEN state, but the datanode de422f88-f067-42c5-9741-971d3fd4b460{ip: 192.168.164.197, host: pr-hdds-1868-qzls5-2202220713, networkLocation: /default-rack, certSerialId: null} reports an CLOSED replica.
2019-10-21 05:29:56,111 [EventQueue-ContainerReportForContainerReportHandler] WARN  container.ContainerReportHandler (AbstractContainerReportHandler.java:updateContainerState(145)) - Container #1 is in OPEN state, but the datanode 756d617c-4df0-4d16-a449-32c84fd3d9b4{ip: 192.168.164.197, host: pr-hdds-1868-qzls5-2202220713, networkLocation: /default-rack, certSerialId: null} reports an CLOSED replica.
2019-10-21 05:29:56,407 [EventQueue-ContainerReportForContainerReportHandler] WARN  container.ContainerReportHandler (AbstractContainerReportHandler.java:updateContainerState(145)) - Container #1 is in OPEN state, but the datanode de422f88-f067-42c5-9741-971d3fd4b460{ip: 192.168.164.197, host: pr-hdds-1868-qzls5-2202220713, networkLocation: /default-rack, certSerialId: null} reports an CLOSED replica.
2019-10-21 05:29:56,411 [EventQueue-ContainerReportForContainerReportHandler] WARN  container.ContainerReportHandler (AbstractContainerReportHandler.java:updateContainerState(145)) - Container #1 is in OPEN state, but the datanode 756d617c-4df0-4d16-a449-32c84fd3d9b4{ip: 192.168.164.197, host: pr-hdds-1868-qzls5-2202220713, networkLocation: /default-rack, certSerialId: null} reports an CLOSED replica.
2019-10-21 05:29:56,629 [BlockDeletingService#2] WARN  background.BlockDeletingService (BlockDeletingService.java:isDeletionAllowed(187)) - Close Container log Index 6 is not replicated across allthe servers in the pipeline ea95e8fe-4098-4221-913b-2b447d4c4854 as the min replicated index is 4. Deletion is not allowed in this container yet.
2019-10-21 05:29:56,663 [BlockDeletingService#2] WARN  background.BlockDeletingService (BlockDeletingService.java:isDeletionAllowed(187)) - Close Container log Index 6 is not replicated across allthe servers in the pipeline ea95e8fe-4098-4221-913b-2b447d4c4854 as the min replicated index is 4. Deletion is not allowed in this container yet.
2019-10-21 05:29:56,711 [EventQueue-ContainerReportForContainerReportHandler] WARN  container.ContainerReportHandler (AbstractContainerReportHandler.java:updateContainerState(145)) - Container #1 is in OPEN state, but the datanode 756d617c-4df0-4d16-a449-32c84fd3d9b4{ip: 192.168.164.197, host: pr-hdds-1868-qzls5-2202220713, networkLocation: /default-rack, certSerialId: null} reports an CLOSED replica.
2019-10-21 05:29:56,809 [EventQueue-ContainerReportForContainerReportHandler] WARN  container.ContainerReportHandler (AbstractContainerReportHandler.java:updateContainerState(145)) - Container #1 is in OPEN state, but the datanode de422f88-f067-42c5-9741-971d3fd4b460{ip: 192.168.164.197, host: pr-hdds-1868-qzls5-2202220713, networkLocation: /default-rack, certSerialId: null} reports an CLOSED replica.
2019-10-21 05:29:57,011 [EventQueue-ContainerReportForContainerReportHandler] WARN  container.ContainerReportHandler (AbstractContainerReportHandler.java:updateContainerState(145)) - Container #1 is in OPEN state, but the datanode 756d617c-4df0-4d16-a449-32c84fd3d9b4{ip: 192.168.164.197, host: pr-hdds-1868-qzls5-2202220713, networkLocation: /default-rack, certSerialId: null} reports an CLOSED replica.
2019-10-21 05:29:57,108 [EventQueue-ContainerReportForContainerReportHandler] WARN  container.ContainerReportHandler (AbstractContainerReportHandler.java:updateContainerState(145)) - Container #1 is in OPEN state, but the datanode de422f88-f067-42c5-9741-971d3fd4b460{ip: 192.168.164.197, host: pr-hdds-1868-qzls5-2202220713, networkLocation: /default-rack, certSerialId: null} reports an CLOSED replica.
2019-10-21 05:29:57,309 [EventQueue-ContainerReportForContainerReportHandler] WARN  container.ContainerReportHandler (AbstractContainerReportHandler.java:updateContainerState(145)) - Container #1 is in OPEN state, but the datanode de422f88-f067-42c5-9741-971d3fd4b460{ip: 192.168.164.197, host: pr-hdds-1868-qzls5-2202220713, networkLocation: /default-rack, certSerialId: null} reports an CLOSED replica.
2019-10-21 05:29:57,311 [EventQueue-ContainerReportForContainerReportHandler] WARN  container.ContainerReportHandler (AbstractContainerReportHandler.java:updateContainerState(145)) - Container #1 is in OPEN state, but the datanode 756d617c-4df0-4d16-a449-32c84fd3d9b4{ip: 192.168.164.197, host: pr-hdds-1868-qzls5-2202220713, networkLocation: /default-rack, certSerialId: null} reports an CLOSED replica.
2019-10-21 05:29:57,458 [java.util.concurrent.ThreadPoolExecutor$Worker@60838a74[State = -1, empty queue]] WARN  server.GrpcLogAppender (GrpcLogAppender.java:timeoutAppendRequest(209)) - de422f88-f067-42c5-9741-971d3fd4b460@group-2B447D4C4854->10936abf-a8c2-471d-9c61-a43b910bc959-GrpcLogAppender: appendEntries Timeout, request=de422f88-f067-42c5-9741-971d3fd4b460->10936abf-a8c2-471d-9c61-a43b910bc959#29-t2, previous=(t:2, i:10), leaderCommit=10, initializing? false, entries: <empty>
2019-10-21 05:29:57,609 [EventQueue-ContainerReportForContainerReportHandler] WARN  container.ContainerReportHandler (AbstractContainerReportHandler.java:updateContainerState(145)) - Container #1 is in OPEN state, but the datanode de422f88-f067-42c5-9741-971d3fd4b460{ip: 192.168.164.197, host: pr-hdds-1868-qzls5-2202220713, networkLocation: /default-rack, certSerialId: null} reports an CLOSED replica.
2019-10-21 05:29:57,611 [EventQueue-ContainerReportForContainerReportHandler] WARN  container.ContainerReportHandler (AbstractContainerReportHandler.java:updateContainerState(145)) - Container #1 is in OPEN state, but the datanode 756d617c-4df0-4d16-a449-32c84fd3d9b4{ip: 192.168.164.197, host: pr-hdds-1868-qzls5-2202220713, networkLocation: /default-rack, certSerialId: null} reports an CLOSED replica.
2019-10-21 05:29:57,630 [BlockDeletingService#2] WARN  background.BlockDeletingService (BlockDeletingService.java:isDeletionAllowed(187)) - Close Container log Index 6 is not replicated across allthe servers in the pipeline ea95e8fe-4098-4221-913b-2b447d4c4854 as the min replicated index is 4. Deletion is not allowed in this container yet.
2019-10-21 05:29:57,664 [BlockDeletingService#2] WARN  background.BlockDeletingService (BlockDeletingService.java:isDeletionAllowed(187)) - Close Container log Index 6 is not replicated across allthe servers in the pipeline ea95e8fe-4098-4221-913b-2b447d4c4854 as the min replicated index is 4. Deletion is not allowed in this container yet.
2019-10-21 05:29:57,909 [EventQueue-ContainerReportForContainerReportHandler] WARN  container.ContainerReportHandler (AbstractContainerReportHandler.java:updateContainerState(145)) - Container #1 is in OPEN state, but the datanode de422f88-f067-42c5-9741-971d3fd4b460{ip: 192.168.164.197, host: pr-hdds-1868-qzls5-2202220713, networkLocation: /default-rack, certSerialId: null} reports an CLOSED replica.
2019-10-21 05:29:58,012 [EventQueue-ContainerReportForContainerReportHandler] WARN  container.ContainerReportHandler (AbstractContainerReportHandler.java:updateContainerState(145)) - Container #1 is in OPEN state, but the datanode 756d617c-4df0-4d16-a449-32c84fd3d9b4{ip: 192.168.164.197, host: pr-hdds-1868-qzls5-2202220713, networkLocation: /default-rack, certSerialId: null} reports an CLOSED replica.
2019-10-21 05:29:58,109 [EventQueue-ContainerReportForContainerReportHandler] WARN  container.ContainerReportHandler (AbstractContainerReportHandler.java:updateContainerState(145)) - Container #1 is in OPEN state, but the datanode de422f88-f067-42c5-9741-971d3fd4b460{ip: 192.168.164.197, host: pr-hdds-1868-qzls5-2202220713, networkLocation: /default-rack, certSerialId: null} reports an CLOSED replica.
2019-10-21 05:29:58,313 [EventQueue-ContainerReportForContainerReportHandler] WARN  container.ContainerReportHandler (AbstractContainerReportHandler.java:updateContainerState(145)) - Container #1 is in OPEN state, but the datanode 756d617c-4df0-4d16-a449-32c84fd3d9b4{ip: 192.168.164.197, host: pr-hdds-1868-qzls5-2202220713, networkLocation: /default-rack, certSerialId: null} reports an CLOSED replica.
2019-10-21 05:29:58,509 [EventQueue-ContainerReportForContainerReportHandler] WARN  container.ContainerReportHandler (AbstractContainerReportHandler.java:updateContainerState(145)) - Container #1 is in OPEN state, but the datanode de422f88-f067-42c5-9741-971d3fd4b460{ip: 192.168.164.197, host: pr-hdds-1868-qzls5-2202220713, networkLocation: /default-rack, certSerialId: null} reports an CLOSED replica.
2019-10-21 05:29:58,612 [EventQueue-ContainerReportForContainerReportHandler] WARN  container.ContainerReportHandler (AbstractContainerReportHandler.java:updateContainerState(145)) - Container #1 is in OPEN state, but the datanode 756d617c-4df0-4d16-a449-32c84fd3d9b4{ip: 192.168.164.197, host: pr-hdds-1868-qzls5-2202220713, networkLocation: /default-rack, certSerialId: null} reports an CLOSED replica.
2019-10-21 05:29:58,631 [BlockDeletingService#2] WARN  background.BlockDeletingService (BlockDeletingService.java:isDeletionAllowed(187)) - Close Container log Index 6 is not replicated across allthe servers in the pipeline ea95e8fe-4098-4221-913b-2b447d4c4854 as the min replicated index is 4. Deletion is not allowed in this container yet.
2019-10-21 05:29:58,665 [BlockDeletingService#2] WARN  background.BlockDeletingService (BlockDeletingService.java:isDeletionAllowed(187)) - Close Container log Index 6 is not replicated across allthe servers in the pipeline ea95e8fe-4098-4221-913b-2b447d4c4854 as the min replicated index is 4. Deletion is not allowed in this container yet.
2019-10-21 05:29:58,811 [EventQueue-ContainerReportForContainerReportHandler] WARN  container.ContainerReportHandler (AbstractContainerReportHandler.java:updateContainerState(145)) - Container #1 is in OPEN state, but the datanode de422f88-f067-42c5-9741-971d3fd4b460{ip: 192.168.164.197, host: pr-hdds-1868-qzls5-2202220713, networkLocation: /default-rack, certSerialId: null} reports an CLOSED replica.
2019-10-21 05:29:58,912 [EventQueue-ContainerReportForContainerReportHandler] WARN  container.ContainerReportHandler (AbstractContainerReportHandler.java:updateContainerState(145)) - Container #1 is in OPEN state, but the datanode 756d617c-4df0-4d16-a449-32c84fd3d9b4{ip: 192.168.164.197, host: pr-hdds-1868-qzls5-2202220713, networkLocation: /default-rack, certSerialId: null} reports an CLOSED replica.
2019-10-21 05:29:59,111 [EventQueue-ContainerReportForContainerReportHandler] WARN  container.ContainerReportHandler (AbstractContainerReportHandler.java:updateContainerState(145)) - Container #1 is in OPEN state, but the datanode de422f88-f067-42c5-9741-971d3fd4b460{ip: 192.168.164.197, host: pr-hdds-1868-qzls5-2202220713, networkLocation: /default-rack, certSerialId: null} reports an CLOSED replica.
2019-10-21 05:29:59,112 [EventQueue-ContainerReportForContainerReportHandler] WARN  container.ContainerReportHandler (AbstractContainerReportHandler.java:updateContainerState(145)) - Container #1 is in OPEN state, but the datanode 756d617c-4df0-4d16-a449-32c84fd3d9b4{ip: 192.168.164.197, host: pr-hdds-1868-qzls5-2202220713, networkLocation: /default-rack, certSerialId: null} reports an CLOSED replica.
2019-10-21 05:29:59,310 [EventQueue-ContainerReportForContainerReportHandler] WARN  container.ContainerReportHandler (AbstractContainerReportHandler.java:updateContainerState(145)) - Container #1 is in OPEN state, but the datanode de422f88-f067-42c5-9741-971d3fd4b460{ip: 192.168.164.197, host: pr-hdds-1868-qzls5-2202220713, networkLocation: /default-rack, certSerialId: null} reports an CLOSED replica.
2019-10-21 05:29:59,513 [EventQueue-ContainerReportForContainerReportHandler] WARN  container.ContainerReportHandler (AbstractContainerReportHandler.java:updateContainerState(145)) - Container #1 is in OPEN state, but the datanode 756d617c-4df0-4d16-a449-32c84fd3d9b4{ip: 192.168.164.197, host: pr-hdds-1868-qzls5-2202220713, networkLocation: /default-rack, certSerialId: null} reports an CLOSED replica.
2019-10-21 05:29:59,611 [EventQueue-ContainerReportForContainerReportHandler] WARN  container.ContainerReportHandler (AbstractContainerReportHandler.java:updateContainerState(145)) - Container #1 is in OPEN state, but the datanode de422f88-f067-42c5-9741-971d3fd4b460{ip: 192.168.164.197, host: pr-hdds-1868-qzls5-2202220713, networkLocation: /default-rack, certSerialId: null} reports an CLOSED replica.
2019-10-21 05:29:59,633 [BlockDeletingService#2] WARN  background.BlockDeletingService (BlockDeletingService.java:isDeletionAllowed(187)) - Close Container log Index 6 is not replicated across allthe servers in the pipeline ea95e8fe-4098-4221-913b-2b447d4c4854 as the min replicated index is 4. Deletion is not allowed in this container yet.
2019-10-21 05:29:59,666 [BlockDeletingService#2] WARN  background.BlockDeletingService (BlockDeletingService.java:isDeletionAllowed(187)) - Close Container log Index 6 is not replicated across allthe servers in the pipeline ea95e8fe-4098-4221-913b-2b447d4c4854 as the min replicated index is 4. Deletion is not allowed in this container yet.
2019-10-21 05:29:59,814 [EventQueue-ContainerReportForContainerReportHandler] WARN  container.ContainerReportHandler (AbstractContainerReportHandler.java:updateContainerState(145)) - Container #1 is in OPEN state, but the datanode 756d617c-4df0-4d16-a449-32c84fd3d9b4{ip: 192.168.164.197, host: pr-hdds-1868-qzls5-2202220713, networkLocation: /default-rack, certSerialId: null} reports an CLOSED replica.
2019-10-21 05:29:59,911 [EventQueue-ContainerReportForContainerReportHandler] WARN  container.ContainerReportHandler (AbstractContainerReportHandler.java:updateContainerState(145)) - Container #1 is in OPEN state, but the datanode de422f88-f067-42c5-9741-971d3fd4b460{ip: 192.168.164.197, host: pr-hdds-1868-qzls5-2202220713, networkLocation: /default-rack, certSerialId: null} reports an CLOSED replica.
2019-10-21 05:29:59,958 [java.util.concurrent.ThreadPoolExecutor$Worker@60838a74[State = -1, empty queue]] WARN  server.GrpcLogAppender (GrpcLogAppender.java:timeoutAppendRequest(209)) - de422f88-f067-42c5-9741-971d3fd4b460@group-2B447D4C4854->10936abf-a8c2-471d-9c61-a43b910bc959-GrpcLogAppender: appendEntries Timeout, request=de422f88-f067-42c5-9741-971d3fd4b460->10936abf-a8c2-471d-9c61-a43b910bc959#30-t2, previous=(t:2, i:10), leaderCommit=10, initializing? false, entries: <empty>
2019-10-21 05:30:00,115 [EventQueue-ContainerReportForContainerReportHandler] WARN  container.ContainerReportHandler (AbstractContainerReportHandler.java:updateContainerState(145)) - Container #1 is in OPEN state, but the datanode 756d617c-4df0-4d16-a449-32c84fd3d9b4{ip: 192.168.164.197, host: pr-hdds-1868-qzls5-2202220713, networkLocation: /default-rack, certSerialId: null} reports an CLOSED replica.
2019-10-21 05:30:00,313 [EventQueue-ContainerReportForContainerReportHandler] WARN  container.ContainerReportHandler (AbstractContainerReportHandler.java:updateContainerState(145)) - Container #1 is in OPEN state, but the datanode de422f88-f067-42c5-9741-971d3fd4b460{ip: 192.168.164.197, host: pr-hdds-1868-qzls5-2202220713, networkLocation: /default-rack, certSerialId: null} reports an CLOSED replica.
2019-10-21 05:30:00,314 [EventQueue-ContainerReportForContainerReportHandler] WARN  container.ContainerReportHandler (AbstractContainerReportHandler.java:updateContainerState(145)) - Container #1 is in OPEN state, but the datanode 756d617c-4df0-4d16-a449-32c84fd3d9b4{ip: 192.168.164.197, host: pr-hdds-1868-qzls5-2202220713, networkLocation: /default-rack, certSerialId: null} reports an CLOSED replica.
2019-10-21 05:30:00,615 [EventQueue-ContainerReportForContainerReportHandler] WARN  container.ContainerReportHandler (AbstractContainerReportHandler.java:updateContainerState(145)) - Container #1 is in OPEN state, but the datanode 756d617c-4df0-4d16-a449-32c84fd3d9b4{ip: 192.168.164.197, host: pr-hdds-1868-qzls5-2202220713, networkLocation: /default-rack, certSerialId: null} reports an CLOSED replica.
2019-10-21 05:30:00,634 [BlockDeletingService#2] WARN  background.BlockDeletingService (BlockDeletingService.java:isDeletionAllowed(187)) - Close Container log Index 6 is not replicated across allthe servers in the pipeline ea95e8fe-4098-4221-913b-2b447d4c4854 as the min replicated index is 4. Deletion is not allowed in this container yet.
2019-10-21 05:30:00,667 [BlockDeletingService#2] WARN  background.BlockDeletingService (BlockDeletingService.java:isDeletionAllowed(187)) - Close Container log Index 6 is not replicated across allthe servers in the pipeline ea95e8fe-4098-4221-913b-2b447d4c4854 as the min replicated index is 4. Deletion is not allowed in this container yet.
2019-10-21 05:30:00,713 [EventQueue-ContainerReportForContainerReportHandler] WARN  container.ContainerReportHandler (AbstractContainerReportHandler.java:updateContainerState(145)) - Container #1 is in OPEN state, but the datanode de422f88-f067-42c5-9741-971d3fd4b460{ip: 192.168.164.197, host: pr-hdds-1868-qzls5-2202220713, networkLocation: /default-rack, certSerialId: null} reports an CLOSED replica.
2019-10-21 05:30:00,915 [EventQueue-ContainerReportForContainerReportHandler] WARN  container.ContainerReportHandler (AbstractContainerReportHandler.java:updateContainerState(145)) - Container #1 is in OPEN state, but the datanode 756d617c-4df0-4d16-a449-32c84fd3d9b4{ip: 192.168.164.197, host: pr-hdds-1868-qzls5-2202220713, networkLocation: /default-rack, certSerialId: null} reports an CLOSED replica.
2019-10-21 05:30:01,012 [EventQueue-ContainerReportForContainerReportHandler] WARN  container.ContainerReportHandler (AbstractContainerReportHandler.java:updateContainerState(145)) - Container #1 is in OPEN state, but the datanode de422f88-f067-42c5-9741-971d3fd4b460{ip: 192.168.164.197, host: pr-hdds-1868-qzls5-2202220713, networkLocation: /default-rack, certSerialId: null} reports an CLOSED replica.
2019-10-21 05:30:01,214 [EventQueue-ContainerReportForContainerReportHandler] WARN  container.ContainerReportHandler (AbstractContainerReportHandler.java:updateContainerState(145)) - Container #1 is in OPEN state, but the datanode 756d617c-4df0-4d16-a449-32c84fd3d9b4{ip: 192.168.164.197, host: pr-hdds-1868-qzls5-2202220713, networkLocation: /default-rack, certSerialId: null} reports an CLOSED replica.
2019-10-21 05:30:01,313 [EventQueue-ContainerReportForContainerReportHandler] WARN  container.ContainerReportHandler (AbstractContainerReportHandler.java:updateContainerState(145)) - Container #1 is in OPEN state, but the datanode de422f88-f067-42c5-9741-971d3fd4b460{ip: 192.168.164.197, host: pr-hdds-1868-qzls5-2202220713, networkLocation: /default-rack, certSerialId: null} reports an CLOSED replica.
2019-10-21 05:30:01,509 [Thread-405] INFO  client.GrpcClientProtocolService (GrpcClientProtocolService.java:lambda$processClientRequest$0(279)) - Failed RaftClientRequest:client-B3AE2EAE799D->756d617c-4df0-4d16-a449-32c84fd3d9b4@group-2B447D4C4854, cid=22, seq=0, Watch-ALL_COMMITTED(6), Message:<EMPTY>, reply=RaftClientReply:client-B3AE2EAE799D->756d617c-4df0-4d16-a449-32c84fd3d9b4@group-2B447D4C4854, cid=22, FAILED org.apache.ratis.protocol.NotLeaderException: Server 756d617c-4df0-4d16-a449-32c84fd3d9b4@group-2B447D4C4854 is not the leader de422f88-f067-42c5-9741-971d3fd4b460:192.168.164.197:37219, logIndex=0, commits[756d617c-4df0-4d16-a449-32c84fd3d9b4:c10, 10936abf-a8c2-471d-9c61-a43b910bc959:c4, de422f88-f067-42c5-9741-971d3fd4b460:c10]
2019-10-21 05:30:01,613 [EventQueue-ContainerReportForContainerReportHandler] WARN  container.ContainerReportHandler (AbstractContainerReportHandler.java:updateContainerState(145)) - Container #1 is in OPEN state, but the datanode de422f88-f067-42c5-9741-971d3fd4b460{ip: 192.168.164.197, host: pr-hdds-1868-qzls5-2202220713, networkLocation: /default-rack, certSerialId: null} reports an CLOSED replica.
2019-10-21 05:30:01,617 [EventQueue-ContainerReportForContainerReportHandler] WARN  container.ContainerReportHandler (AbstractContainerReportHandler.java:updateContainerState(145)) - Container #1 is in OPEN state, but the datanode 756d617c-4df0-4d16-a449-32c84fd3d9b4{ip: 192.168.164.197, host: pr-hdds-1868-qzls5-2202220713, networkLocation: /default-rack, certSerialId: null} reports an CLOSED replica.
2019-10-21 05:30:01,635 [BlockDeletingService#2] WARN  background.BlockDeletingService (BlockDeletingService.java:isDeletionAllowed(187)) - Close Container log Index 6 is not replicated across allthe servers in the pipeline ea95e8fe-4098-4221-913b-2b447d4c4854 as the min replicated index is 4. Deletion is not allowed in this container yet.
2019-10-21 05:30:01,668 [BlockDeletingService#2] WARN  background.BlockDeletingService (BlockDeletingService.java:isDeletionAllowed(187)) - Close Container log Index 6 is not replicated across allthe servers in the pipeline ea95e8fe-4098-4221-913b-2b447d4c4854 as the min replicated index is 4. Deletion is not allowed in this container yet.
2019-10-21 05:30:01,913 [EventQueue-ContainerReportForContainerReportHandler] WARN  container.ContainerReportHandler (AbstractContainerReportHandler.java:updateContainerState(145)) - Container #1 is in OPEN state, but the datanode de422f88-f067-42c5-9741-971d3fd4b460{ip: 192.168.164.197, host: pr-hdds-1868-qzls5-2202220713, networkLocation: /default-rack, certSerialId: null} reports an CLOSED replica.
2019-10-21 05:30:02,018 [EventQueue-ContainerReportForContainerReportHandler] WARN  container.ContainerReportHandler (AbstractContainerReportHandler.java:updateContainerState(145)) - Container #1 is in OPEN state, but the datanode 756d617c-4df0-4d16-a449-32c84fd3d9b4{ip: 192.168.164.197, host: pr-hdds-1868-qzls5-2202220713, networkLocation: /default-rack, certSerialId: null} reports an CLOSED replica.
2019-10-21 05:30:02,313 [EventQueue-ContainerReportForContainerReportHandler] WARN  container.ContainerReportHandler (AbstractContainerReportHandler.java:updateContainerState(145)) - Container #1 is in OPEN state, but the datanode de422f88-f067-42c5-9741-971d3fd4b460{ip: 192.168.164.197, host: pr-hdds-1868-qzls5-2202220713, networkLocation: /default-rack, certSerialId: null} reports an CLOSED replica.
2019-10-21 05:30:02,318 [EventQueue-ContainerReportForContainerReportHandler] WARN  container.ContainerReportHandler (AbstractContainerReportHandler.java:updateContainerState(145)) - Container #1 is in OPEN state, but the datanode 756d617c-4df0-4d16-a449-32c84fd3d9b4{ip: 192.168.164.197, host: pr-hdds-1868-qzls5-2202220713, networkLocation: /default-rack, certSerialId: null} reports an CLOSED replica.
2019-10-21 05:30:02,460 [java.util.concurrent.ThreadPoolExecutor$Worker@60838a74[State = -1, empty queue]] WARN  server.GrpcLogAppender (GrpcLogAppender.java:timeoutAppendRequest(209)) - de422f88-f067-42c5-9741-971d3fd4b460@group-2B447D4C4854->10936abf-a8c2-471d-9c61-a43b910bc959-GrpcLogAppender: appendEntries Timeout, request=de422f88-f067-42c5-9741-971d3fd4b460->10936abf-a8c2-471d-9c61-a43b910bc959#31-t2, previous=(t:2, i:10), leaderCommit=10, initializing? false, entries: <empty>
2019-10-21 05:30:02,513 [EventQueue-ContainerReportForContainerReportHandler] WARN  container.ContainerReportHandler (AbstractContainerReportHandler.java:updateContainerState(145)) - Container #1 is in OPEN state, but the datanode de422f88-f067-42c5-9741-971d3fd4b460{ip: 192.168.164.197, host: pr-hdds-1868-qzls5-2202220713, networkLocation: /default-rack, certSerialId: null} reports an CLOSED replica.
2019-10-21 05:30:02,519 [EventQueue-ContainerReportForContainerReportHandler] WARN  container.ContainerReportHandler (AbstractContainerReportHandler.java:updateContainerState(145)) - Container #1 is in OPEN state, but the datanode 756d617c-4df0-4d16-a449-32c84fd3d9b4{ip: 192.168.164.197, host: pr-hdds-1868-qzls5-2202220713, networkLocation: /default-rack, certSerialId: null} reports an CLOSED replica.
2019-10-21 05:30:02,637 [BlockDeletingService#2] WARN  background.BlockDeletingService (BlockDeletingService.java:isDeletionAllowed(187)) - Close Container log Index 6 is not replicated across allthe servers in the pipeline ea95e8fe-4098-4221-913b-2b447d4c4854 as the min replicated index is 4. Deletion is not allowed in this container yet.
2019-10-21 05:30:02,669 [BlockDeletingService#2] WARN  background.BlockDeletingService (BlockDeletingService.java:isDeletionAllowed(187)) - Close Container log Index 6 is not replicated across allthe servers in the pipeline ea95e8fe-4098-4221-913b-2b447d4c4854 as the min replicated index is 4. Deletion is not allowed in this container yet.
2019-10-21 05:30:02,682 [Thread-413] INFO  client.GrpcClientProtocolService (GrpcClientProtocolService.java:lambda$processClientRequest$0(279)) - Failed RaftClientRequest:client-B3AE2EAE799D->de422f88-f067-42c5-9741-971d3fd4b460@group-2B447D4C4854, cid=22, seq=0, Watch-ALL_COMMITTED(6), Message:<EMPTY>, reply=RaftClientReply:client-B3AE2EAE799D->de422f88-f067-42c5-9741-971d3fd4b460@group-2B447D4C4854, cid=22, FAILED org.apache.ratis.protocol.NotReplicatedException: Request with call Id 22 and log index 6 is not yet replicated to ALL_COMMITTED, logIndex=6, commits[de422f88-f067-42c5-9741-971d3fd4b460:c10, 10936abf-a8c2-471d-9c61-a43b910bc959:c4, 756d617c-4df0-4d16-a449-32c84fd3d9b4:c10]
2019-10-21 05:30:02,718 [EventQueue-ContainerReportForContainerReportHandler] WARN  container.ContainerReportHandler (AbstractContainerReportHandler.java:updateContainerState(145)) - Container #1 is in OPEN state, but the datanode 756d617c-4df0-4d16-a449-32c84fd3d9b4{ip: 192.168.164.197, host: pr-hdds-1868-qzls5-2202220713, networkLocation: /default-rack, certSerialId: null} reports an CLOSED replica.
2019-10-21 05:30:02,813 [EventQueue-ContainerReportForContainerReportHandler] WARN  container.ContainerReportHandler (AbstractContainerReportHandler.java:updateContainerState(145)) - Container #1 is in OPEN state, but the datanode de422f88-f067-42c5-9741-971d3fd4b460{ip: 192.168.164.197, host: pr-hdds-1868-qzls5-2202220713, networkLocation: /default-rack, certSerialId: null} reports an CLOSED replica.
2019-10-21 05:30:03,118 [EventQueue-ContainerReportForContainerReportHandler] WARN  container.ContainerReportHandler (AbstractContainerReportHandler.java:updateContainerState(145)) - Container #1 is in OPEN state, but the datanode 756d617c-4df0-4d16-a449-32c84fd3d9b4{ip: 192.168.164.197, host: pr-hdds-1868-qzls5-2202220713, networkLocation: /default-rack, certSerialId: null} reports an CLOSED replica.
2019-10-21 05:30:03,212 [EventQueue-ContainerReportForContainerReportHandler] WARN  container.ContainerReportHandler (AbstractContainerReportHandler.java:updateContainerState(145)) - Container #1 is in OPEN state, but the datanode de422f88-f067-42c5-9741-971d3fd4b460{ip: 192.168.164.197, host: pr-hdds-1868-qzls5-2202220713, networkLocation: /default-rack, certSerialId: null} reports an CLOSED replica.
2019-10-21 05:30:03,318 [EventQueue-ContainerReportForContainerReportHandler] WARN  container.ContainerReportHandler (AbstractContainerReportHandler.java:updateContainerState(145)) - Container #1 is in OPEN state, but the datanode 756d617c-4df0-4d16-a449-32c84fd3d9b4{ip: 192.168.164.197, host: pr-hdds-1868-qzls5-2202220713, networkLocation: /default-rack, certSerialId: null} reports an CLOSED replica.
2019-10-21 05:30:03,513 [EventQueue-ContainerReportForContainerReportHandler] WARN  container.ContainerReportHandler (AbstractContainerReportHandler.java:updateContainerState(145)) - Container #1 is in OPEN state, but the datanode de422f88-f067-42c5-9741-971d3fd4b460{ip: 192.168.164.197, host: pr-hdds-1868-qzls5-2202220713, networkLocation: /default-rack, certSerialId: null} reports an CLOSED replica.
2019-10-21 05:30:03,639 [BlockDeletingService#2] WARN  background.BlockDeletingService (BlockDeletingService.java:isDeletionAllowed(187)) - Close Container log Index 6 is not replicated across allthe servers in the pipeline ea95e8fe-4098-4221-913b-2b447d4c4854 as the min replicated index is 4. Deletion is not allowed in this container yet.
2019-10-21 05:30:03,671 [BlockDeletingService#2] WARN  background.BlockDeletingService (BlockDeletingService.java:isDeletionAllowed(187)) - Close Container log Index 6 is not replicated across allthe servers in the pipeline ea95e8fe-4098-4221-913b-2b447d4c4854 as the min replicated index is 4. Deletion is not allowed in this container yet.
2019-10-21 05:30:03,718 [EventQueue-ContainerReportForContainerReportHandler] WARN  container.ContainerReportHandler (AbstractContainerReportHandler.java:updateContainerState(145)) - Container #1 is in OPEN state, but the datanode 756d617c-4df0-4d16-a449-32c84fd3d9b4{ip: 192.168.164.197, host: pr-hdds-1868-qzls5-2202220713, networkLocation: /default-rack, certSerialId: null} reports an CLOSED replica.
2019-10-21 05:30:03,813 [EventQueue-ContainerReportForContainerReportHandler] WARN  container.ContainerReportHandler (AbstractContainerReportHandler.java:updateContainerState(145)) - Container #1 is in OPEN state, but the datanode de422f88-f067-42c5-9741-971d3fd4b460{ip: 192.168.164.197, host: pr-hdds-1868-qzls5-2202220713, networkLocation: /default-rack, certSerialId: null} reports an CLOSED replica.
2019-10-21 05:30:03,919 [EventQueue-ContainerReportForContainerReportHandler] WARN  container.ContainerReportHandler (AbstractContainerReportHandler.java:updateContainerState(145)) - Container #1 is in OPEN state, but the datanode 756d617c-4df0-4d16-a449-32c84fd3d9b4{ip: 192.168.164.197, host: pr-hdds-1868-qzls5-2202220713, networkLocation: /default-rack, certSerialId: null} reports an CLOSED replica.
2019-10-21 05:30:04,012 [EventQueue-ContainerReportForContainerReportHandler] WARN  container.ContainerReportHandler (AbstractContainerReportHandler.java:updateContainerState(145)) - Container #1 is in OPEN state, but the datanode de422f88-f067-42c5-9741-971d3fd4b460{ip: 192.168.164.197, host: pr-hdds-1868-qzls5-2202220713, networkLocation: /default-rack, certSerialId: null} reports an CLOSED replica.
2019-10-21 05:30:04,312 [EventQueue-ContainerReportForContainerReportHandler] WARN  container.ContainerReportHandler (AbstractContainerReportHandler.java:updateContainerState(145)) - Container #1 is in OPEN state, but the datanode de422f88-f067-42c5-9741-971d3fd4b460{ip: 192.168.164.197, host: pr-hdds-1868-qzls5-2202220713, networkLocation: /default-rack, certSerialId: null} reports an CLOSED replica.
2019-10-21 05:30:04,318 [EventQueue-ContainerReportForContainerReportHandler] WARN  container.ContainerReportHandler (AbstractContainerReportHandler.java:updateContainerState(145)) - Container #1 is in OPEN state, but the datanode 756d617c-4df0-4d16-a449-32c84fd3d9b4{ip: 192.168.164.197, host: pr-hdds-1868-qzls5-2202220713, networkLocation: /default-rack, certSerialId: null} reports an CLOSED replica.
2019-10-21 05:30:04,613 [EventQueue-ContainerReportForContainerReportHandler] WARN  container.ContainerReportHandler (AbstractContainerReportHandler.java:updateContainerState(145)) - Container #1 is in OPEN state, but the datanode de422f88-f067-42c5-9741-971d3fd4b460{ip: 192.168.164.197, host: pr-hdds-1868-qzls5-2202220713, networkLocation: /default-rack, certSerialId: null} reports an CLOSED replica.
2019-10-21 05:30:04,620 [EventQueue-ContainerReportForContainerReportHandler] WARN  container.ContainerReportHandler (AbstractContainerReportHandler.java:updateContainerState(145)) - Container #1 is in OPEN state, but the datanode 756d617c-4df0-4d16-a449-32c84fd3d9b4{ip: 192.168.164.197, host: pr-hdds-1868-qzls5-2202220713, networkLocation: /default-rack, certSerialId: null} reports an CLOSED replica.
2019-10-21 05:30:04,642 [BlockDeletingService#2] WARN  background.BlockDeletingService (BlockDeletingService.java:isDeletionAllowed(187)) - Close Container log Index 6 is not replicated across allthe servers in the pipeline ea95e8fe-4098-4221-913b-2b447d4c4854 as the min replicated index is 4. Deletion is not allowed in this container yet.
2019-10-21 05:30:04,672 [BlockDeletingService#2] WARN  background.BlockDeletingService (BlockDeletingService.java:isDeletionAllowed(187)) - Close Container log Index 6 is not replicated across allthe servers in the pipeline ea95e8fe-4098-4221-913b-2b447d4c4854 as the min replicated index is 4. Deletion is not allowed in this container yet.
2019-10-21 05:30:04,920 [EventQueue-ContainerReportForContainerReportHandler] WARN  container.ContainerReportHandler (AbstractContainerReportHandler.java:updateContainerState(145)) - Container #1 is in OPEN state, but the datanode 756d617c-4df0-4d16-a449-32c84fd3d9b4{ip: 192.168.164.197, host: pr-hdds-1868-qzls5-2202220713, networkLocation: /default-rack, certSerialId: null} reports an CLOSED replica.
2019-10-21 05:30:04,961 [java.util.concurrent.ThreadPoolExecutor$Worker@60838a74[State = -1, empty queue]] WARN  server.GrpcLogAppender (GrpcLogAppender.java:timeoutAppendRequest(209)) - de422f88-f067-42c5-9741-971d3fd4b460@group-2B447D4C4854->10936abf-a8c2-471d-9c61-a43b910bc959-GrpcLogAppender: appendEntries Timeout, request=de422f88-f067-42c5-9741-971d3fd4b460->10936abf-a8c2-471d-9c61-a43b910bc959#32-t2, previous=(t:2, i:10), leaderCommit=10, initializing? false, entries: <empty>
2019-10-21 05:30:05,013 [EventQueue-ContainerReportForContainerReportHandler] WARN  container.ContainerReportHandler (AbstractContainerReportHandler.java:updateContainerState(145)) - Container #1 is in OPEN state, but the datanode de422f88-f067-42c5-9741-971d3fd4b460{ip: 192.168.164.197, host: pr-hdds-1868-qzls5-2202220713, networkLocation: /default-rack, certSerialId: null} reports an CLOSED replica.
2019-10-21 05:30:05,220 [EventQueue-ContainerReportForContainerReportHandler] WARN  container.ContainerReportHandler (AbstractContainerReportHandler.java:updateContainerState(145)) - Container #1 is in OPEN state, but the datanode 756d617c-4df0-4d16-a449-32c84fd3d9b4{ip: 192.168.164.197, host: pr-hdds-1868-qzls5-2202220713, networkLocation: /default-rack, certSerialId: null} reports an CLOSED replica.
2019-10-21 05:30:05,313 [EventQueue-ContainerReportForContainerReportHandler] WARN  container.ContainerReportHandler (AbstractContainerReportHandler.java:updateContainerState(145)) - Container #1 is in OPEN state, but the datanode de422f88-f067-42c5-9741-971d3fd4b460{ip: 192.168.164.197, host: pr-hdds-1868-qzls5-2202220713, networkLocation: /default-rack, certSerialId: null} reports an CLOSED replica.
2019-10-21 05:30:05,613 [EventQueue-ContainerReportForContainerReportHandler] WARN  container.ContainerReportHandler (AbstractContainerReportHandler.java:updateContainerState(145)) - Container #1 is in OPEN state, but the datanode de422f88-f067-42c5-9741-971d3fd4b460{ip: 192.168.164.197, host: pr-hdds-1868-qzls5-2202220713, networkLocation: /default-rack, certSerialId: null} reports an CLOSED replica.
2019-10-21 05:30:05,619 [EventQueue-ContainerReportForContainerReportHandler] WARN  container.ContainerReportHandler (AbstractContainerReportHandler.java:updateContainerState(145)) - Container #1 is in OPEN state, but the datanode 756d617c-4df0-4d16-a449-32c84fd3d9b4{ip: 192.168.164.197, host: pr-hdds-1868-qzls5-2202220713, networkLocation: /default-rack, certSerialId: null} reports an CLOSED replica.
2019-10-21 05:30:05,643 [BlockDeletingService#2] WARN  background.BlockDeletingService (BlockDeletingService.java:isDeletionAllowed(187)) - Close Container log Index 6 is not replicated across allthe servers in the pipeline ea95e8fe-4098-4221-913b-2b447d4c4854 as the min replicated index is 4. Deletion is not allowed in this container yet.
2019-10-21 05:30:05,673 [BlockDeletingService#2] WARN  background.BlockDeletingService (BlockDeletingService.java:isDeletionAllowed(187)) - Close Container log Index 6 is not replicated across allthe servers in the pipeline ea95e8fe-4098-4221-913b-2b447d4c4854 as the min replicated index is 4. Deletion is not allowed in this container yet.
2019-10-21 05:30:05,819 [EventQueue-ContainerReportForContainerReportHandler] WARN  container.ContainerReportHandler (AbstractContainerReportHandler.java:updateContainerState(145)) - Container #1 is in OPEN state, but the datanode 756d617c-4df0-4d16-a449-32c84fd3d9b4{ip: 192.168.164.197, host: pr-hdds-1868-qzls5-2202220713, networkLocation: /default-rack, certSerialId: null} reports an CLOSED replica.
2019-10-21 05:30:05,912 [EventQueue-ContainerReportForContainerReportHandler] WARN  container.ContainerReportHandler (AbstractContainerReportHandler.java:updateContainerState(145)) - Container #1 is in OPEN state, but the datanode de422f88-f067-42c5-9741-971d3fd4b460{ip: 192.168.164.197, host: pr-hdds-1868-qzls5-2202220713, networkLocation: /default-rack, certSerialId: null} reports an CLOSED replica.
2019-10-21 05:30:06,221 [EventQueue-ContainerReportForContainerReportHandler] WARN  container.ContainerReportHandler (AbstractContainerReportHandler.java:updateContainerState(145)) - Container #1 is in OPEN state, but the datanode 756d617c-4df0-4d16-a449-32c84fd3d9b4{ip: 192.168.164.197, host: pr-hdds-1868-qzls5-2202220713, networkLocation: /default-rack, certSerialId: null} reports an CLOSED replica.
2019-10-21 05:30:06,313 [EventQueue-ContainerReportForContainerReportHandler] WARN  container.ContainerReportHandler (AbstractContainerReportHandler.java:updateContainerState(145)) - Container #1 is in OPEN state, but the datanode de422f88-f067-42c5-9741-971d3fd4b460{ip: 192.168.164.197, host: pr-hdds-1868-qzls5-2202220713, networkLocation: /default-rack, certSerialId: null} reports an CLOSED replica.
2019-10-21 05:30:06,421 [EventQueue-ContainerReportForContainerReportHandler] WARN  container.ContainerReportHandler (AbstractContainerReportHandler.java:updateContainerState(145)) - Container #1 is in OPEN state, but the datanode 756d617c-4df0-4d16-a449-32c84fd3d9b4{ip: 192.168.164.197, host: pr-hdds-1868-qzls5-2202220713, networkLocation: /default-rack, certSerialId: null} reports an CLOSED replica.
2019-10-21 05:30:06,614 [EventQueue-ContainerReportForContainerReportHandler] WARN  container.ContainerReportHandler (AbstractContainerReportHandler.java:updateContainerState(145)) - Container #1 is in OPEN state, but the datanode de422f88-f067-42c5-9741-971d3fd4b460{ip: 192.168.164.197, host: pr-hdds-1868-qzls5-2202220713, networkLocation: /default-rack, certSerialId: null} reports an CLOSED replica.
2019-10-21 05:30:06,645 [BlockDeletingService#2] WARN  background.BlockDeletingService (BlockDeletingService.java:isDeletionAllowed(187)) - Close Container log Index 6 is not replicated across allthe servers in the pipeline ea95e8fe-4098-4221-913b-2b447d4c4854 as the min replicated index is 4. Deletion is not allowed in this container yet.
2019-10-21 05:30:06,675 [BlockDeletingService#2] WARN  background.BlockDeletingService (BlockDeletingService.java:isDeletionAllowed(187)) - Close Container log Index 6 is not replicated across allthe servers in the pipeline ea95e8fe-4098-4221-913b-2b447d4c4854 as the min replicated index is 4. Deletion is not allowed in this container yet.
2019-10-21 05:30:06,723 [EventQueue-ContainerReportForContainerReportHandler] WARN  container.ContainerReportHandler (AbstractContainerReportHandler.java:updateContainerState(145)) - Container #1 is in OPEN state, but the datanode 756d617c-4df0-4d16-a449-32c84fd3d9b4{ip: 192.168.164.197, host: pr-hdds-1868-qzls5-2202220713, networkLocation: /default-rack, certSerialId: null} reports an CLOSED replica.
2019-10-21 05:30:07,016 [EventQueue-ContainerReportForContainerReportHandler] WARN  container.ContainerReportHandler (AbstractContainerReportHandler.java:updateContainerState(145)) - Container #1 is in OPEN state, but the datanode de422f88-f067-42c5-9741-971d3fd4b460{ip: 192.168.164.197, host: pr-hdds-1868-qzls5-2202220713, networkLocation: /default-rack, certSerialId: null} reports an CLOSED replica.
2019-10-21 05:30:07,024 [EventQueue-ContainerReportForContainerReportHandler] WARN  container.ContainerReportHandler (AbstractContainerReportHandler.java:updateContainerState(145)) - Container #1 is in OPEN state, but the datanode 756d617c-4df0-4d16-a449-32c84fd3d9b4{ip: 192.168.164.197, host: pr-hdds-1868-qzls5-2202220713, networkLocation: /default-rack, certSerialId: null} reports an CLOSED replica.
2019-10-21 05:30:07,415 [EventQueue-ContainerReportForContainerReportHandler] WARN  container.ContainerReportHandler (AbstractContainerReportHandler.java:updateContainerState(145)) - Container #1 is in OPEN state, but the datanode de422f88-f067-42c5-9741-971d3fd4b460{ip: 192.168.164.197, host: pr-hdds-1868-qzls5-2202220713, networkLocation: /default-rack, certSerialId: null} reports an CLOSED replica.
2019-10-21 05:30:07,423 [EventQueue-ContainerReportForContainerReportHandler] WARN  container.ContainerReportHandler (AbstractContainerReportHandler.java:updateContainerState(145)) - Container #1 is in OPEN state, but the datanode 756d617c-4df0-4d16-a449-32c84fd3d9b4{ip: 192.168.164.197, host: pr-hdds-1868-qzls5-2202220713, networkLocation: /default-rack, certSerialId: null} reports an CLOSED replica.
2019-10-21 05:30:07,462 [java.util.concurrent.ThreadPoolExecutor$Worker@60838a74[State = -1, empty queue]] WARN  server.GrpcLogAppender (GrpcLogAppender.java:timeoutAppendRequest(209)) - de422f88-f067-42c5-9741-971d3fd4b460@group-2B447D4C4854->10936abf-a8c2-471d-9c61-a43b910bc959-GrpcLogAppender: appendEntries Timeout, request=de422f88-f067-42c5-9741-971d3fd4b460->10936abf-a8c2-471d-9c61-a43b910bc959#33-t2, previous=(t:2, i:10), leaderCommit=10, initializing? false, entries: <empty>
2019-10-21 05:30:07,624 [EventQueue-ContainerReportForContainerReportHandler] WARN  container.ContainerReportHandler (AbstractContainerReportHandler.java:updateContainerState(145)) - Container #1 is in OPEN state, but the datanode 756d617c-4df0-4d16-a449-32c84fd3d9b4{ip: 192.168.164.197, host: pr-hdds-1868-qzls5-2202220713, networkLocation: /default-rack, certSerialId: null} reports an CLOSED replica.
2019-10-21 05:30:07,647 [BlockDeletingService#2] WARN  background.BlockDeletingService (BlockDeletingService.java:isDeletionAllowed(187)) - Close Container log Index 6 is not replicated across allthe servers in the pipeline ea95e8fe-4098-4221-913b-2b447d4c4854 as the min replicated index is 4. Deletion is not allowed in this container yet.
2019-10-21 05:30:07,676 [BlockDeletingService#2] WARN  background.BlockDeletingService (BlockDeletingService.java:isDeletionAllowed(187)) - Close Container log Index 6 is not replicated across allthe servers in the pipeline ea95e8fe-4098-4221-913b-2b447d4c4854 as the min replicated index is 4. Deletion is not allowed in this container yet.
2019-10-21 05:30:07,715 [EventQueue-ContainerReportForContainerReportHandler] WARN  container.ContainerReportHandler (AbstractContainerReportHandler.java:updateContainerState(145)) - Container #1 is in OPEN state, but the datanode de422f88-f067-42c5-9741-971d3fd4b460{ip: 192.168.164.197, host: pr-hdds-1868-qzls5-2202220713, networkLocation: /default-rack, certSerialId: null} reports an CLOSED replica.
2019-10-21 05:30:07,924 [EventQueue-ContainerReportForContainerReportHandler] WARN  container.ContainerReportHandler (AbstractContainerReportHandler.java:updateContainerState(145)) - Container #1 is in OPEN state, but the datanode 756d617c-4df0-4d16-a449-32c84fd3d9b4{ip: 192.168.164.197, host: pr-hdds-1868-qzls5-2202220713, networkLocation: /default-rack, certSerialId: null} reports an CLOSED replica.
2019-10-21 05:30:08,116 [EventQueue-ContainerReportForContainerReportHandler] WARN  container.ContainerReportHandler (AbstractContainerReportHandler.java:updateContainerState(145)) - Container #1 is in OPEN state, but the datanode de422f88-f067-42c5-9741-971d3fd4b460{ip: 192.168.164.197, host: pr-hdds-1868-qzls5-2202220713, networkLocation: /default-rack, certSerialId: null} reports an CLOSED replica.
2019-10-21 05:30:08,224 [EventQueue-ContainerReportForContainerReportHandler] WARN  container.ContainerReportHandler (AbstractContainerReportHandler.java:updateContainerState(145)) - Container #1 is in OPEN state, but the datanode 756d617c-4df0-4d16-a449-32c84fd3d9b4{ip: 192.168.164.197, host: pr-hdds-1868-qzls5-2202220713, networkLocation: /default-rack, certSerialId: null} reports an CLOSED replica.
2019-10-21 05:30:08,415 [EventQueue-ContainerReportForContainerReportHandler] WARN  container.ContainerReportHandler (AbstractContainerReportHandler.java:updateContainerState(145)) - Container #1 is in OPEN state, but the datanode de422f88-f067-42c5-9741-971d3fd4b460{ip: 192.168.164.197, host: pr-hdds-1868-qzls5-2202220713, networkLocation: /default-rack, certSerialId: null} reports an CLOSED replica.
2019-10-21 05:30:08,524 [EventQueue-ContainerReportForContainerReportHandler] WARN  container.ContainerReportHandler (AbstractContainerReportHandler.java:updateContainerState(145)) - Container #1 is in OPEN state, but the datanode 756d617c-4df0-4d16-a449-32c84fd3d9b4{ip: 192.168.164.197, host: pr-hdds-1868-qzls5-2202220713, networkLocation: /default-rack, certSerialId: null} reports an CLOSED replica.
2019-10-21 05:30:08,648 [BlockDeletingService#2] WARN  background.BlockDeletingService (BlockDeletingService.java:isDeletionAllowed(187)) - Close Container log Index 6 is not replicated across allthe servers in the pipeline ea95e8fe-4098-4221-913b-2b447d4c4854 as the min replicated index is 4. Deletion is not allowed in this container yet.
2019-10-21 05:30:08,677 [BlockDeletingService#2] WARN  background.BlockDeletingService (BlockDeletingService.java:isDeletionAllowed(187)) - Close Container log Index 6 is not replicated across allthe servers in the pipeline ea95e8fe-4098-4221-913b-2b447d4c4854 as the min replicated index is 4. Deletion is not allowed in this container yet.
2019-10-21 05:30:08,716 [EventQueue-ContainerReportForContainerReportHandler] WARN  container.ContainerReportHandler (AbstractContainerReportHandler.java:updateContainerState(145)) - Container #1 is in OPEN state, but the datanode de422f88-f067-42c5-9741-971d3fd4b460{ip: 192.168.164.197, host: pr-hdds-1868-qzls5-2202220713, networkLocation: /default-rack, certSerialId: null} reports an CLOSED replica.
2019-10-21 05:30:08,923 [EventQueue-ContainerReportForContainerReportHandler] WARN  container.ContainerReportHandler (AbstractContainerReportHandler.java:updateContainerState(145)) - Container #1 is in OPEN state, but the datanode 756d617c-4df0-4d16-a449-32c84fd3d9b4{ip: 192.168.164.197, host: pr-hdds-1868-qzls5-2202220713, networkLocation: /default-rack, certSerialId: null} reports an CLOSED replica.
2019-10-21 05:30:09,015 [EventQueue-ContainerReportForContainerReportHandler] WARN  container.ContainerReportHandler (AbstractContainerReportHandler.java:updateContainerState(145)) - Container #1 is in OPEN state, but the datanode de422f88-f067-42c5-9741-971d3fd4b460{ip: 192.168.164.197, host: pr-hdds-1868-qzls5-2202220713, networkLocation: /default-rack, certSerialId: null} reports an CLOSED replica.
2019-10-21 05:30:09,223 [EventQueue-ContainerReportForContainerReportHandler] WARN  container.ContainerReportHandler (AbstractContainerReportHandler.java:updateContainerState(145)) - Container #1 is in OPEN state, but the datanode 756d617c-4df0-4d16-a449-32c84fd3d9b4{ip: 192.168.164.197, host: pr-hdds-1868-qzls5-2202220713, networkLocation: /default-rack, certSerialId: null} reports an CLOSED replica.
2019-10-21 05:30:09,316 [EventQueue-ContainerReportForContainerReportHandler] WARN  container.ContainerReportHandler (AbstractContainerReportHandler.java:updateContainerState(145)) - Container #1 is in OPEN state, but the datanode de422f88-f067-42c5-9741-971d3fd4b460{ip: 192.168.164.197, host: pr-hdds-1868-qzls5-2202220713, networkLocation: /default-rack, certSerialId: null} reports an CLOSED replica.
2019-10-21 05:30:09,617 [EventQueue-ContainerReportForContainerReportHandler] WARN  container.ContainerReportHandler (AbstractContainerReportHandler.java:updateContainerState(145)) - Container #1 is in OPEN state, but the datanode de422f88-f067-42c5-9741-971d3fd4b460{ip: 192.168.164.197, host: pr-hdds-1868-qzls5-2202220713, networkLocation: /default-rack, certSerialId: null} reports an CLOSED replica.
2019-10-21 05:30:09,624 [EventQueue-ContainerReportForContainerReportHandler] WARN  container.ContainerReportHandler (AbstractContainerReportHandler.java:updateContainerState(145)) - Container #1 is in OPEN state, but the datanode 756d617c-4df0-4d16-a449-32c84fd3d9b4{ip: 192.168.164.197, host: pr-hdds-1868-qzls5-2202220713, networkLocation: /default-rack, certSerialId: null} reports an CLOSED replica.
2019-10-21 05:30:09,650 [BlockDeletingService#2] WARN  background.BlockDeletingService (BlockDeletingService.java:isDeletionAllowed(187)) - Close Container log Index 6 is not replicated across allthe servers in the pipeline ea95e8fe-4098-4221-913b-2b447d4c4854 as the min replicated index is 4. Deletion is not allowed in this container yet.
2019-10-21 05:30:09,678 [BlockDeletingService#2] WARN  background.BlockDeletingService (BlockDeletingService.java:isDeletionAllowed(187)) - Close Container log Index 6 is not replicated across allthe servers in the pipeline ea95e8fe-4098-4221-913b-2b447d4c4854 as the min replicated index is 4. Deletion is not allowed in this container yet.
2019-10-21 05:30:09,826 [EventQueue-ContainerReportForContainerReportHandler] WARN  container.ContainerReportHandler (AbstractContainerReportHandler.java:updateContainerState(145)) - Container #1 is in OPEN state, but the datanode 756d617c-4df0-4d16-a449-32c84fd3d9b4{ip: 192.168.164.197, host: pr-hdds-1868-qzls5-2202220713, networkLocation: /default-rack, certSerialId: null} reports an CLOSED replica.
2019-10-21 05:30:09,917 [EventQueue-ContainerReportForContainerReportHandler] WARN  container.ContainerReportHandler (AbstractContainerReportHandler.java:updateContainerState(145)) - Container #1 is in OPEN state, but the datanode de422f88-f067-42c5-9741-971d3fd4b460{ip: 192.168.164.197, host: pr-hdds-1868-qzls5-2202220713, networkLocation: /default-rack, certSerialId: null} reports an CLOSED replica.
2019-10-21 05:30:09,964 [java.util.concurrent.ThreadPoolExecutor$Worker@60838a74[State = -1, empty queue]] WARN  server.GrpcLogAppender (GrpcLogAppender.java:timeoutAppendRequest(209)) - de422f88-f067-42c5-9741-971d3fd4b460@group-2B447D4C4854->10936abf-a8c2-471d-9c61-a43b910bc959-GrpcLogAppender: appendEntries Timeout, request=de422f88-f067-42c5-9741-971d3fd4b460->10936abf-a8c2-471d-9c61-a43b910bc959#34-t2, previous=(t:2, i:10), leaderCommit=10, initializing? false, entries: <empty>
2019-10-21 05:30:10,027 [EventQueue-ContainerReportForContainerReportHandler] WARN  container.ContainerReportHandler (AbstractContainerReportHandler.java:updateContainerState(145)) - Container #1 is in OPEN state, but the datanode 756d617c-4df0-4d16-a449-32c84fd3d9b4{ip: 192.168.164.197, host: pr-hdds-1868-qzls5-2202220713, networkLocation: /default-rack, certSerialId: null} reports an CLOSED replica.
2019-10-21 05:30:10,218 [EventQueue-ContainerReportForContainerReportHandler] WARN  container.ContainerReportHandler (AbstractContainerReportHandler.java:updateContainerState(145)) - Container #1 is in OPEN state, but the datanode de422f88-f067-42c5-9741-971d3fd4b460{ip: 192.168.164.197, host: pr-hdds-1868-qzls5-2202220713, networkLocation: /default-rack, certSerialId: null} reports an CLOSED replica.
2019-10-21 05:30:10,417 [EventQueue-ContainerReportForContainerReportHandler] WARN  container.ContainerReportHandler (AbstractContainerReportHandler.java:updateContainerState(145)) - Container #1 is in OPEN state, but the datanode de422f88-f067-42c5-9741-971d3fd4b460{ip: 192.168.164.197, host: pr-hdds-1868-qzls5-2202220713, networkLocation: /default-rack, certSerialId: null} reports an CLOSED replica.
2019-10-21 05:30:10,428 [EventQueue-ContainerReportForContainerReportHandler] WARN  container.ContainerReportHandler (AbstractContainerReportHandler.java:updateContainerState(145)) - Container #1 is in OPEN state, but the datanode 756d617c-4df0-4d16-a449-32c84fd3d9b4{ip: 192.168.164.197, host: pr-hdds-1868-qzls5-2202220713, networkLocation: /default-rack, certSerialId: null} reports an CLOSED replica.
2019-10-21 05:30:10,651 [BlockDeletingService#2] WARN  background.BlockDeletingService (BlockDeletingService.java:isDeletionAllowed(187)) - Close Container log Index 6 is not replicated across allthe servers in the pipeline ea95e8fe-4098-4221-913b-2b447d4c4854 as the min replicated index is 4. Deletion is not allowed in this container yet.
2019-10-21 05:30:10,679 [BlockDeletingService#2] WARN  background.BlockDeletingService (BlockDeletingService.java:isDeletionAllowed(187)) - Close Container log Index 6 is not replicated across allthe servers in the pipeline ea95e8fe-4098-4221-913b-2b447d4c4854 as the min replicated index is 4. Deletion is not allowed in this container yet.
2019-10-21 05:30:10,717 [EventQueue-ContainerReportForContainerReportHandler] WARN  container.ContainerReportHandler (AbstractContainerReportHandler.java:updateContainerState(145)) - Container #1 is in OPEN state, but the datanode de422f88-f067-42c5-9741-971d3fd4b460{ip: 192.168.164.197, host: pr-hdds-1868-qzls5-2202220713, networkLocation: /default-rack, certSerialId: null} reports an CLOSED replica.
2019-10-21 05:30:10,727 [EventQueue-ContainerReportForContainerReportHandler] WARN  container.ContainerReportHandler (AbstractContainerReportHandler.java:updateContainerState(145)) - Container #1 is in OPEN state, but the datanode 756d617c-4df0-4d16-a449-32c84fd3d9b4{ip: 192.168.164.197, host: pr-hdds-1868-qzls5-2202220713, networkLocation: /default-rack, certSerialId: null} reports an CLOSED replica.
2019-10-21 05:30:10,927 [EventQueue-ContainerReportForContainerReportHandler] WARN  container.ContainerReportHandler (AbstractContainerReportHandler.java:updateContainerState(145)) - Container #1 is in OPEN state, but the datanode 756d617c-4df0-4d16-a449-32c84fd3d9b4{ip: 192.168.164.197, host: pr-hdds-1868-qzls5-2202220713, networkLocation: /default-rack, certSerialId: null} reports an CLOSED replica.
2019-10-21 05:30:11,118 [EventQueue-ContainerReportForContainerReportHandler] WARN  container.ContainerReportHandler (AbstractContainerReportHandler.java:updateContainerState(145)) - Container #1 is in OPEN state, but the datanode de422f88-f067-42c5-9741-971d3fd4b460{ip: 192.168.164.197, host: pr-hdds-1868-qzls5-2202220713, networkLocation: /default-rack, certSerialId: null} reports an CLOSED replica.
2019-10-21 05:30:11,228 [EventQueue-ContainerReportForContainerReportHandler] WARN  container.ContainerReportHandler (AbstractContainerReportHandler.java:updateContainerState(145)) - Container #1 is in OPEN state, but the datanode 756d617c-4df0-4d16-a449-32c84fd3d9b4{ip: 192.168.164.197, host: pr-hdds-1868-qzls5-2202220713, networkLocation: /default-rack, certSerialId: null} reports an CLOSED replica.
2019-10-21 05:30:11,420 [EventQueue-ContainerReportForContainerReportHandler] WARN  container.ContainerReportHandler (AbstractContainerReportHandler.java:updateContainerState(145)) - Container #1 is in OPEN state, but the datanode de422f88-f067-42c5-9741-971d3fd4b460{ip: 192.168.164.197, host: pr-hdds-1868-qzls5-2202220713, networkLocation: /default-rack, certSerialId: null} reports an CLOSED replica.
2019-10-21 05:30:11,427 [EventQueue-ContainerReportForContainerReportHandler] WARN  container.ContainerReportHandler (AbstractContainerReportHandler.java:updateContainerState(145)) - Container #1 is in OPEN state, but the datanode 756d617c-4df0-4d16-a449-32c84fd3d9b4{ip: 192.168.164.197, host: pr-hdds-1868-qzls5-2202220713, networkLocation: /default-rack, certSerialId: null} reports an CLOSED replica.
2019-10-21 05:30:11,549 [Thread-437] INFO  client.GrpcClientProtocolService (GrpcClientProtocolService.java:lambda$processClientRequest$0(279)) - Failed RaftClientRequest:client-B3AE2EAE799D->756d617c-4df0-4d16-a449-32c84fd3d9b4@group-2B447D4C4854, cid=22, seq=0, Watch-ALL_COMMITTED(6), Message:<EMPTY>, reply=RaftClientReply:client-B3AE2EAE799D->756d617c-4df0-4d16-a449-32c84fd3d9b4@group-2B447D4C4854, cid=22, FAILED org.apache.ratis.protocol.NotLeaderException: Server 756d617c-4df0-4d16-a449-32c84fd3d9b4@group-2B447D4C4854 is not the leader de422f88-f067-42c5-9741-971d3fd4b460:192.168.164.197:37219, logIndex=0, commits[756d617c-4df0-4d16-a449-32c84fd3d9b4:c10, 10936abf-a8c2-471d-9c61-a43b910bc959:c4, de422f88-f067-42c5-9741-971d3fd4b460:c10]
2019-10-21 05:30:11,653 [BlockDeletingService#2] WARN  background.BlockDeletingService (BlockDeletingService.java:isDeletionAllowed(187)) - Close Container log Index 6 is not replicated across allthe servers in the pipeline ea95e8fe-4098-4221-913b-2b447d4c4854 as the min replicated index is 4. Deletion is not allowed in this container yet.
2019-10-21 05:30:11,681 [BlockDeletingService#2] WARN  background.BlockDeletingService (BlockDeletingService.java:isDeletionAllowed(187)) - Close Container log Index 6 is not replicated across allthe servers in the pipeline ea95e8fe-4098-4221-913b-2b447d4c4854 as the min replicated index is 4. Deletion is not allowed in this container yet.
2019-10-21 05:30:11,682 [Thread-442] INFO  client.GrpcClientProtocolService (GrpcClientProtocolService.java:lambda$processClientRequest$0(279)) - Failed RaftClientRequest:client-B3AE2EAE799D->de422f88-f067-42c5-9741-971d3fd4b460@group-2B447D4C4854, cid=22, seq=0, Watch-ALL_COMMITTED(6), Message:<EMPTY>, reply=RaftClientReply:client-B3AE2EAE799D->de422f88-f067-42c5-9741-971d3fd4b460@group-2B447D4C4854, cid=22, FAILED org.apache.ratis.protocol.NotReplicatedException: Request with call Id 22 and log index 6 is not yet replicated to ALL_COMMITTED, logIndex=6, commits[de422f88-f067-42c5-9741-971d3fd4b460:c10, 10936abf-a8c2-471d-9c61-a43b910bc959:c4, 756d617c-4df0-4d16-a449-32c84fd3d9b4:c10]
2019-10-21 05:30:11,727 [EventQueue-ContainerReportForContainerReportHandler] WARN  container.ContainerReportHandler (AbstractContainerReportHandler.java:updateContainerState(145)) - Container #1 is in OPEN state, but the datanode 756d617c-4df0-4d16-a449-32c84fd3d9b4{ip: 192.168.164.197, host: pr-hdds-1868-qzls5-2202220713, networkLocation: /default-rack, certSerialId: null} reports an CLOSED replica.
2019-10-21 05:30:11,820 [EventQueue-ContainerReportForContainerReportHandler] WARN  container.ContainerReportHandler (AbstractContainerReportHandler.java:updateContainerState(145)) - Container #1 is in OPEN state, but the datanode de422f88-f067-42c5-9741-971d3fd4b460{ip: 192.168.164.197, host: pr-hdds-1868-qzls5-2202220713, networkLocation: /default-rack, certSerialId: null} reports an CLOSED replica.
2019-10-21 05:30:12,027 [EventQueue-ContainerReportForContainerReportHandler] WARN  container.ContainerReportHandler (AbstractContainerReportHandler.java:updateContainerState(145)) - Container #1 is in OPEN state, but the datanode 756d617c-4df0-4d16-a449-32c84fd3d9b4{ip: 192.168.164.197, host: pr-hdds-1868-qzls5-2202220713, networkLocation: /default-rack, certSerialId: null} reports an CLOSED replica.
2019-10-21 05:30:12,119 [EventQueue-ContainerReportForContainerReportHandler] WARN  container.ContainerReportHandler (AbstractContainerReportHandler.java:updateContainerState(145)) - Container #1 is in OPEN state, but the datanode de422f88-f067-42c5-9741-971d3fd4b460{ip: 192.168.164.197, host: pr-hdds-1868-qzls5-2202220713, networkLocation: /default-rack, certSerialId: null} reports an CLOSED replica.
2019-10-21 05:30:12,420 [EventQueue-ContainerReportForContainerReportHandler] WARN  container.ContainerReportHandler (AbstractContainerReportHandler.java:updateContainerState(145)) - Container #1 is in OPEN state, but the datanode de422f88-f067-42c5-9741-971d3fd4b460{ip: 192.168.164.197, host: pr-hdds-1868-qzls5-2202220713, networkLocation: /default-rack, certSerialId: null} reports an CLOSED replica.
2019-10-21 05:30:12,428 [EventQueue-ContainerReportForContainerReportHandler] WARN  container.ContainerReportHandler (AbstractContainerReportHandler.java:updateContainerState(145)) - Container #1 is in OPEN state, but the datanode 756d617c-4df0-4d16-a449-32c84fd3d9b4{ip: 192.168.164.197, host: pr-hdds-1868-qzls5-2202220713, networkLocation: /default-rack, certSerialId: null} reports an CLOSED replica.
2019-10-21 05:30:12,464 [java.util.concurrent.ThreadPoolExecutor$Worker@60838a74[State = -1, empty queue]] WARN  server.GrpcLogAppender (GrpcLogAppender.java:timeoutAppendRequest(209)) - de422f88-f067-42c5-9741-971d3fd4b460@group-2B447D4C4854->10936abf-a8c2-471d-9c61-a43b910bc959-GrpcLogAppender: appendEntries Timeout, request=de422f88-f067-42c5-9741-971d3fd4b460->10936abf-a8c2-471d-9c61-a43b910bc959#35-t2, previous=(t:2, i:10), leaderCommit=10, initializing? false, entries: <empty>
2019-10-21 05:30:12,654 [BlockDeletingService#2] WARN  background.BlockDeletingService (BlockDeletingService.java:isDeletionAllowed(187)) - Close Container log Index 6 is not replicated across allthe servers in the pipeline ea95e8fe-4098-4221-913b-2b447d4c4854 as the min replicated index is 4. Deletion is not allowed in this container yet.
2019-10-21 05:30:12,683 [BlockDeletingService#2] WARN  background.BlockDeletingService (BlockDeletingService.java:isDeletionAllowed(187)) - Close Container log Index 6 is not replicated across allthe servers in the pipeline ea95e8fe-4098-4221-913b-2b447d4c4854 as the min replicated index is 4. Deletion is not allowed in this container yet.
2019-10-21 05:30:12,720 [EventQueue-ContainerReportForContainerReportHandler] WARN  container.ContainerReportHandler (AbstractContainerReportHandler.java:updateContainerState(145)) - Container #1 is in OPEN state, but the datanode de422f88-f067-42c5-9741-971d3fd4b460{ip: 192.168.164.197, host: pr-hdds-1868-qzls5-2202220713, networkLocation: /default-rack, certSerialId: null} reports an CLOSED replica.
2019-10-21 05:30:12,728 [EventQueue-ContainerReportForContainerReportHandler] WARN  container.ContainerReportHandler (AbstractContainerReportHandler.java:updateContainerState(145)) - Container #1 is in OPEN state, but the datanode 756d617c-4df0-4d16-a449-32c84fd3d9b4{ip: 192.168.164.197, host: pr-hdds-1868-qzls5-2202220713, networkLocation: /default-rack, certSerialId: null} reports an CLOSED replica.
2019-10-21 05:30:13,020 [EventQueue-ContainerReportForContainerReportHandler] WARN  container.ContainerReportHandler (AbstractContainerReportHandler.java:updateContainerState(145)) - Container #1 is in OPEN state, but the datanode de422f88-f067-42c5-9741-971d3fd4b460{ip: 192.168.164.197, host: pr-hdds-1868-qzls5-2202220713, networkLocation: /default-rack, certSerialId: null} reports an CLOSED replica.
2019-10-21 05:30:13,128 [EventQueue-ContainerReportForContainerReportHandler] WARN  container.ContainerReportHandler (AbstractContainerReportHandler.java:updateContainerState(145)) - Container #1 is in OPEN state, but the datanode 756d617c-4df0-4d16-a449-32c84fd3d9b4{ip: 192.168.164.197, host: pr-hdds-1868-qzls5-2202220713, networkLocation: /default-rack, certSerialId: null} reports an CLOSED replica.
2019-10-21 05:30:13,221 [EventQueue-ContainerReportForContainerReportHandler] WARN  container.ContainerReportHandler (AbstractContainerReportHandler.java:updateContainerState(145)) - Container #1 is in OPEN state, but the datanode de422f88-f067-42c5-9741-971d3fd4b460{ip: 192.168.164.197, host: pr-hdds-1868-qzls5-2202220713, networkLocation: /default-rack, certSerialId: null} reports an CLOSED replica.
2019-10-21 05:30:13,528 [EventQueue-ContainerReportForContainerReportHandler] WARN  container.ContainerReportHandler (AbstractContainerReportHandler.java:updateContainerState(145)) - Container #1 is in OPEN state, but the datanode 756d617c-4df0-4d16-a449-32c84fd3d9b4{ip: 192.168.164.197, host: pr-hdds-1868-qzls5-2202220713, networkLocation: /default-rack, certSerialId: null} reports an CLOSED replica.
2019-10-21 05:30:13,620 [EventQueue-ContainerReportForContainerReportHandler] WARN  container.ContainerReportHandler (AbstractContainerReportHandler.java:updateContainerState(145)) - Container #1 is in OPEN state, but the datanode de422f88-f067-42c5-9741-971d3fd4b460{ip: 192.168.164.197, host: pr-hdds-1868-qzls5-2202220713, networkLocation: /default-rack, certSerialId: null} reports an CLOSED replica.
2019-10-21 05:30:13,655 [BlockDeletingService#2] WARN  background.BlockDeletingService (BlockDeletingService.java:isDeletionAllowed(187)) - Close Container log Index 6 is not replicated across allthe servers in the pipeline ea95e8fe-4098-4221-913b-2b447d4c4854 as the min replicated index is 4. Deletion is not allowed in this container yet.
2019-10-21 05:30:13,684 [BlockDeletingService#2] WARN  background.BlockDeletingService (BlockDeletingService.java:isDeletionAllowed(187)) - Close Container log Index 6 is not replicated across allthe servers in the pipeline ea95e8fe-4098-4221-913b-2b447d4c4854 as the min replicated index is 4. Deletion is not allowed in this container yet.
2019-10-21 05:30:13,828 [EventQueue-ContainerReportForContainerReportHandler] WARN  container.ContainerReportHandler (AbstractContainerReportHandler.java:updateContainerState(145)) - Container #1 is in OPEN state, but the datanode 756d617c-4df0-4d16-a449-32c84fd3d9b4{ip: 192.168.164.197, host: pr-hdds-1868-qzls5-2202220713, networkLocation: /default-rack, certSerialId: null} reports an CLOSED replica.
2019-10-21 05:30:13,920 [EventQueue-ContainerReportForContainerReportHandler] WARN  container.ContainerReportHandler (AbstractContainerReportHandler.java:updateContainerState(145)) - Container #1 is in OPEN state, but the datanode de422f88-f067-42c5-9741-971d3fd4b460{ip: 192.168.164.197, host: pr-hdds-1868-qzls5-2202220713, networkLocation: /default-rack, certSerialId: null} reports an CLOSED replica.
2019-10-21 05:30:14,229 [EventQueue-ContainerReportForContainerReportHandler] WARN  container.ContainerReportHandler (AbstractContainerReportHandler.java:updateContainerState(145)) - Container #1 is in OPEN state, but the datanode 756d617c-4df0-4d16-a449-32c84fd3d9b4{ip: 192.168.164.197, host: pr-hdds-1868-qzls5-2202220713, networkLocation: /default-rack, certSerialId: null} reports an CLOSED replica.
2019-10-21 05:30:14,321 [EventQueue-ContainerReportForContainerReportHandler] WARN  container.ContainerReportHandler (AbstractContainerReportHandler.java:updateContainerState(145)) - Container #1 is in OPEN state, but the datanode de422f88-f067-42c5-9741-971d3fd4b460{ip: 192.168.164.197, host: pr-hdds-1868-qzls5-2202220713, networkLocation: /default-rack, certSerialId: null} reports an CLOSED replica.
2019-10-21 05:30:14,530 [EventQueue-ContainerReportForContainerReportHandler] WARN  container.ContainerReportHandler (AbstractContainerReportHandler.java:updateContainerState(145)) - Container #1 is in OPEN state, but the datanode 756d617c-4df0-4d16-a449-32c84fd3d9b4{ip: 192.168.164.197, host: pr-hdds-1868-qzls5-2202220713, networkLocation: /default-rack, certSerialId: null} reports an CLOSED replica.
2019-10-21 05:30:14,620 [EventQueue-ContainerReportForContainerReportHandler] WARN  container.ContainerReportHandler (AbstractContainerReportHandler.java:updateContainerState(145)) - Container #1 is in OPEN state, but the datanode de422f88-f067-42c5-9741-971d3fd4b460{ip: 192.168.164.197, host: pr-hdds-1868-qzls5-2202220713, networkLocation: /default-rack, certSerialId: null} reports an CLOSED replica.
2019-10-21 05:30:14,656 [BlockDeletingService#2] WARN  background.BlockDeletingService (BlockDeletingService.java:isDeletionAllowed(187)) - Close Container log Index 6 is not replicated across allthe servers in the pipeline ea95e8fe-4098-4221-913b-2b447d4c4854 as the min replicated index is 4. Deletion is not allowed in this container yet.
2019-10-21 05:30:14,685 [BlockDeletingService#2] WARN  background.BlockDeletingService (BlockDeletingService.java:isDeletionAllowed(187)) - Close Container log Index 6 is not replicated across allthe servers in the pipeline ea95e8fe-4098-4221-913b-2b447d4c4854 as the min replicated index is 4. Deletion is not allowed in this container yet.
2019-10-21 05:30:14,830 [EventQueue-ContainerReportForContainerReportHandler] WARN  container.ContainerReportHandler (AbstractContainerReportHandler.java:updateContainerState(145)) - Container #1 is in OPEN state, but the datanode 756d617c-4df0-4d16-a449-32c84fd3d9b4{ip: 192.168.164.197, host: pr-hdds-1868-qzls5-2202220713, networkLocation: /default-rack, certSerialId: null} reports an CLOSED replica.
2019-10-21 05:30:14,922 [EventQueue-ContainerReportForContainerReportHandler] WARN  container.ContainerReportHandler (AbstractContainerReportHandler.java:updateContainerState(145)) - Container #1 is in OPEN state, but the datanode de422f88-f067-42c5-9741-971d3fd4b460{ip: 192.168.164.197, host: pr-hdds-1868-qzls5-2202220713, networkLocation: /default-rack, certSerialId: null} reports an CLOSED replica.
2019-10-21 05:30:14,965 [java.util.concurrent.ThreadPoolExecutor$Worker@60838a74[State = -1, empty queue]] WARN  server.GrpcLogAppender (GrpcLogAppender.java:timeoutAppendRequest(209)) - de422f88-f067-42c5-9741-971d3fd4b460@group-2B447D4C4854->10936abf-a8c2-471d-9c61-a43b910bc959-GrpcLogAppender: appendEntries Timeout, request=de422f88-f067-42c5-9741-971d3fd4b460->10936abf-a8c2-471d-9c61-a43b910bc959#36-t2, previous=(t:2, i:10), leaderCommit=10, initializing? false, entries: <empty>
2019-10-21 05:30:15,131 [EventQueue-ContainerReportForContainerReportHandler] WARN  container.ContainerReportHandler (AbstractContainerReportHandler.java:updateContainerState(145)) - Container #1 is in OPEN state, but the datanode 756d617c-4df0-4d16-a449-32c84fd3d9b4{ip: 192.168.164.197, host: pr-hdds-1868-qzls5-2202220713, networkLocation: /default-rack, certSerialId: null} reports an CLOSED replica.
2019-10-21 05:30:15,321 [EventQueue-ContainerReportForContainerReportHandler] WARN  container.ContainerReportHandler (AbstractContainerReportHandler.java:updateContainerState(145)) - Container #1 is in OPEN state, but the datanode de422f88-f067-42c5-9741-971d3fd4b460{ip: 192.168.164.197, host: pr-hdds-1868-qzls5-2202220713, networkLocation: /default-rack, certSerialId: null} reports an CLOSED replica.
2019-10-21 05:30:15,531 [EventQueue-ContainerReportForContainerReportHandler] WARN  container.ContainerReportHandler (AbstractContainerReportHandler.java:updateContainerState(145)) - Container #1 is in OPEN state, but the datanode 756d617c-4df0-4d16-a449-32c84fd3d9b4{ip: 192.168.164.197, host: pr-hdds-1868-qzls5-2202220713, networkLocation: /default-rack, certSerialId: null} reports an CLOSED replica.
2019-10-21 05:30:15,622 [EventQueue-ContainerReportForContainerReportHandler] WARN  container.ContainerReportHandler (AbstractContainerReportHandler.java:updateContainerState(145)) - Container #1 is in OPEN state, but the datanode de422f88-f067-42c5-9741-971d3fd4b460{ip: 192.168.164.197, host: pr-hdds-1868-qzls5-2202220713, networkLocation: /default-rack, certSerialId: null} reports an CLOSED replica.
2019-10-21 05:30:15,657 [BlockDeletingService#2] WARN  background.BlockDeletingService (BlockDeletingService.java:isDeletionAllowed(187)) - Close Container log Index 6 is not replicated across allthe servers in the pipeline ea95e8fe-4098-4221-913b-2b447d4c4854 as the min replicated index is 4. Deletion is not allowed in this container yet.
2019-10-21 05:30:15,685 [BlockDeletingService#2] WARN  background.BlockDeletingService (BlockDeletingService.java:isDeletionAllowed(187)) - Close Container log Index 6 is not replicated across allthe servers in the pipeline ea95e8fe-4098-4221-913b-2b447d4c4854 as the min replicated index is 4. Deletion is not allowed in this container yet.
2019-10-21 05:30:15,830 [EventQueue-ContainerReportForContainerReportHandler] WARN  container.ContainerReportHandler (AbstractContainerReportHandler.java:updateContainerState(145)) - Container #1 is in OPEN state, but the datanode 756d617c-4df0-4d16-a449-32c84fd3d9b4{ip: 192.168.164.197, host: pr-hdds-1868-qzls5-2202220713, networkLocation: /default-rack, certSerialId: null} reports an CLOSED replica.
2019-10-21 05:30:15,924 [EventQueue-ContainerReportForContainerReportHandler] WARN  container.ContainerReportHandler (AbstractContainerReportHandler.java:updateContainerState(145)) - Container #1 is in OPEN state, but the datanode de422f88-f067-42c5-9741-971d3fd4b460{ip: 192.168.164.197, host: pr-hdds-1868-qzls5-2202220713, networkLocation: /default-rack, certSerialId: null} reports an CLOSED replica.
2019-10-21 05:30:16,130 [EventQueue-ContainerReportForContainerReportHandler] WARN  container.ContainerReportHandler (AbstractContainerReportHandler.java:updateContainerState(145)) - Container #1 is in OPEN state, but the datanode 756d617c-4df0-4d16-a449-32c84fd3d9b4{ip: 192.168.164.197, host: pr-hdds-1868-qzls5-2202220713, networkLocation: /default-rack, certSerialId: null} reports an CLOSED replica.
2019-10-21 05:30:16,224 [EventQueue-ContainerReportForContainerReportHandler] WARN  container.ContainerReportHandler (AbstractContainerReportHandler.java:updateContainerState(145)) - Container #1 is in OPEN state, but the datanode de422f88-f067-42c5-9741-971d3fd4b460{ip: 192.168.164.197, host: pr-hdds-1868-qzls5-2202220713, networkLocation: /default-rack, certSerialId: null} reports an CLOSED replica.
2019-10-21 05:30:16,426 [EventQueue-ContainerReportForContainerReportHandler] WARN  container.ContainerReportHandler (AbstractContainerReportHandler.java:updateContainerState(145)) - Container #1 is in OPEN state, but the datanode de422f88-f067-42c5-9741-971d3fd4b460{ip: 192.168.164.197, host: pr-hdds-1868-qzls5-2202220713, networkLocation: /default-rack, certSerialId: null} reports an CLOSED replica.
2019-10-21 05:30:16,432 [EventQueue-ContainerReportForContainerReportHandler] WARN  container.ContainerReportHandler (AbstractContainerReportHandler.java:updateContainerState(145)) - Container #1 is in OPEN state, but the datanode 756d617c-4df0-4d16-a449-32c84fd3d9b4{ip: 192.168.164.197, host: pr-hdds-1868-qzls5-2202220713, networkLocation: /default-rack, certSerialId: null} reports an CLOSED replica.
2019-10-21 05:30:16,626 [EventQueue-ContainerReportForContainerReportHandler] WARN  container.ContainerReportHandler (AbstractContainerReportHandler.java:updateContainerState(145)) - Container #1 is in OPEN state, but the datanode de422f88-f067-42c5-9741-971d3fd4b460{ip: 192.168.164.197, host: pr-hdds-1868-qzls5-2202220713, networkLocation: /default-rack, certSerialId: null} reports an CLOSED replica.
2019-10-21 05:30:16,631 [EventQueue-ContainerReportForContainerReportHandler] WARN  container.ContainerReportHandler (AbstractContainerReportHandler.java:updateContainerState(145)) - Container #1 is in OPEN state, but the datanode 756d617c-4df0-4d16-a449-32c84fd3d9b4{ip: 192.168.164.197, host: pr-hdds-1868-qzls5-2202220713, networkLocation: /default-rack, certSerialId: null} reports an CLOSED replica.
2019-10-21 05:30:16,658 [BlockDeletingService#2] WARN  background.BlockDeletingService (BlockDeletingService.java:isDeletionAllowed(187)) - Close Container log Index 6 is not replicated across allthe servers in the pipeline ea95e8fe-4098-4221-913b-2b447d4c4854 as the min replicated index is 4. Deletion is not allowed in this container yet.
2019-10-21 05:30:16,686 [BlockDeletingService#2] WARN  background.BlockDeletingService (BlockDeletingService.java:isDeletionAllowed(187)) - Close Container log Index 6 is not replicated across allthe servers in the pipeline ea95e8fe-4098-4221-913b-2b447d4c4854 as the min replicated index is 4. Deletion is not allowed in this container yet.
2019-10-21 05:30:16,925 [EventQueue-ContainerReportForContainerReportHandler] WARN  container.ContainerReportHandler (AbstractContainerReportHandler.java:updateContainerState(145)) - Container #1 is in OPEN state, but the datanode de422f88-f067-42c5-9741-971d3fd4b460{ip: 192.168.164.197, host: pr-hdds-1868-qzls5-2202220713, networkLocation: /default-rack, certSerialId: null} reports an CLOSED replica.
2019-10-21 05:30:16,931 [EventQueue-ContainerReportForContainerReportHandler] WARN  container.ContainerReportHandler (AbstractContainerReportHandler.java:updateContainerState(145)) - Container #1 is in OPEN state, but the datanode 756d617c-4df0-4d16-a449-32c84fd3d9b4{ip: 192.168.164.197, host: pr-hdds-1868-qzls5-2202220713, networkLocation: /default-rack, certSerialId: null} reports an CLOSED replica.
2019-10-21 05:30:17,226 [EventQueue-ContainerReportForContainerReportHandler] WARN  container.ContainerReportHandler (AbstractContainerReportHandler.java:updateContainerState(145)) - Container #1 is in OPEN state, but the datanode de422f88-f067-42c5-9741-971d3fd4b460{ip: 192.168.164.197, host: pr-hdds-1868-qzls5-2202220713, networkLocation: /default-rack, certSerialId: null} reports an CLOSED replica.
2019-10-21 05:30:17,332 [EventQueue-ContainerReportForContainerReportHandler] WARN  container.ContainerReportHandler (AbstractContainerReportHandler.java:updateContainerState(145)) - Container #1 is in OPEN state, but the datanode 756d617c-4df0-4d16-a449-32c84fd3d9b4{ip: 192.168.164.197, host: pr-hdds-1868-qzls5-2202220713, networkLocation: /default-rack, certSerialId: null} reports an CLOSED replica.
2019-10-21 05:30:17,466 [java.util.concurrent.ThreadPoolExecutor$Worker@60838a74[State = -1, empty queue]] WARN  server.GrpcLogAppender (GrpcLogAppender.java:timeoutAppendRequest(209)) - de422f88-f067-42c5-9741-971d3fd4b460@group-2B447D4C4854->10936abf-a8c2-471d-9c61-a43b910bc959-GrpcLogAppender: appendEntries Timeout, request=de422f88-f067-42c5-9741-971d3fd4b460->10936abf-a8c2-471d-9c61-a43b910bc959#37-t2, previous=(t:2, i:10), leaderCommit=10, initializing? false, entries: <empty>
2019-10-21 05:30:17,526 [EventQueue-ContainerReportForContainerReportHandler] WARN  container.ContainerReportHandler (AbstractContainerReportHandler.java:updateContainerState(145)) - Container #1 is in OPEN state, but the datanode de422f88-f067-42c5-9741-971d3fd4b460{ip: 192.168.164.197, host: pr-hdds-1868-qzls5-2202220713, networkLocation: /default-rack, certSerialId: null} reports an CLOSED replica.
2019-10-21 05:30:17,633 [EventQueue-ContainerReportForContainerReportHandler] WARN  container.ContainerReportHandler (AbstractContainerReportHandler.java:updateContainerState(145)) - Container #1 is in OPEN state, but the datanode 756d617c-4df0-4d16-a449-32c84fd3d9b4{ip: 192.168.164.197, host: pr-hdds-1868-qzls5-2202220713, networkLocation: /default-rack, certSerialId: null} reports an CLOSED replica.
2019-10-21 05:30:17,660 [BlockDeletingService#2] WARN  background.BlockDeletingService (BlockDeletingService.java:isDeletionAllowed(187)) - Close Container log Index 6 is not replicated across allthe servers in the pipeline ea95e8fe-4098-4221-913b-2b447d4c4854 as the min replicated index is 4. Deletion is not allowed in this container yet.
2019-10-21 05:30:17,687 [BlockDeletingService#2] WARN  background.BlockDeletingService (BlockDeletingService.java:isDeletionAllowed(187)) - Close Container log Index 6 is not replicated across allthe servers in the pipeline ea95e8fe-4098-4221-913b-2b447d4c4854 as the min replicated index is 4. Deletion is not allowed in this container yet.
2019-10-21 05:30:17,827 [EventQueue-ContainerReportForContainerReportHandler] WARN  container.ContainerReportHandler (AbstractContainerReportHandler.java:updateContainerState(145)) - Container #1 is in OPEN state, but the datanode de422f88-f067-42c5-9741-971d3fd4b460{ip: 192.168.164.197, host: pr-hdds-1868-qzls5-2202220713, networkLocation: /default-rack, certSerialId: null} reports an CLOSED replica.
2019-10-21 05:30:17,833 [EventQueue-ContainerReportForContainerReportHandler] WARN  container.ContainerReportHandler (AbstractContainerReportHandler.java:updateContainerState(145)) - Container #1 is in OPEN state, but the datanode 756d617c-4df0-4d16-a449-32c84fd3d9b4{ip: 192.168.164.197, host: pr-hdds-1868-qzls5-2202220713, networkLocation: /default-rack, certSerialId: null} reports an CLOSED replica.
2019-10-21 05:30:18,127 [EventQueue-ContainerReportForContainerReportHandler] WARN  container.ContainerReportHandler (AbstractContainerReportHandler.java:updateContainerState(145)) - Container #1 is in OPEN state, but the datanode de422f88-f067-42c5-9741-971d3fd4b460{ip: 192.168.164.197, host: pr-hdds-1868-qzls5-2202220713, networkLocation: /default-rack, certSerialId: null} reports an CLOSED replica.
2019-10-21 05:30:18,133 [EventQueue-ContainerReportForContainerReportHandler] WARN  container.ContainerReportHandler (AbstractContainerReportHandler.java:updateContainerState(145)) - Container #1 is in OPEN state, but the datanode 756d617c-4df0-4d16-a449-32c84fd3d9b4{ip: 192.168.164.197, host: pr-hdds-1868-qzls5-2202220713, networkLocation: /default-rack, certSerialId: null} reports an CLOSED replica.
2019-10-21 05:30:18,433 [EventQueue-ContainerReportForContainerReportHandler] WARN  container.ContainerReportHandler (AbstractContainerReportHandler.java:updateContainerState(145)) - Container #1 is in OPEN state, but the datanode 756d617c-4df0-4d16-a449-32c84fd3d9b4{ip: 192.168.164.197, host: pr-hdds-1868-qzls5-2202220713, networkLocation: /default-rack, certSerialId: null} reports an CLOSED replica.
2019-10-21 05:30:18,527 [EventQueue-ContainerReportForContainerReportHandler] WARN  container.ContainerReportHandler (AbstractContainerReportHandler.java:updateContainerState(145)) - Container #1 is in OPEN state, but the datanode de422f88-f067-42c5-9741-971d3fd4b460{ip: 192.168.164.197, host: pr-hdds-1868-qzls5-2202220713, networkLocation: /default-rack, certSerialId: null} reports an CLOSED replica.
2019-10-21 05:30:18,661 [BlockDeletingService#2] WARN  background.BlockDeletingService (BlockDeletingService.java:isDeletionAllowed(187)) - Close Container log Index 6 is not replicated across allthe servers in the pipeline ea95e8fe-4098-4221-913b-2b447d4c4854 as the min replicated index is 4. Deletion is not allowed in this container yet.
2019-10-21 05:30:18,688 [BlockDeletingService#2] WARN  background.BlockDeletingService (BlockDeletingService.java:isDeletionAllowed(187)) - Close Container log Index 6 is not replicated across allthe servers in the pipeline ea95e8fe-4098-4221-913b-2b447d4c4854 as the min replicated index is 4. Deletion is not allowed in this container yet.
2019-10-21 05:30:18,727 [EventQueue-ContainerReportForContainerReportHandler] WARN  container.ContainerReportHandler (AbstractContainerReportHandler.java:updateContainerState(145)) - Container #1 is in OPEN state, but the datanode de422f88-f067-42c5-9741-971d3fd4b460{ip: 192.168.164.197, host: pr-hdds-1868-qzls5-2202220713, networkLocation: /default-rack, certSerialId: null} reports an CLOSED replica.
2019-10-21 05:30:18,733 [EventQueue-ContainerReportForContainerReportHandler] WARN  container.ContainerReportHandler (AbstractContainerReportHandler.java:updateContainerState(145)) - Container #1 is in OPEN state, but the datanode 756d617c-4df0-4d16-a449-32c84fd3d9b4{ip: 192.168.164.197, host: pr-hdds-1868-qzls5-2202220713, networkLocation: /default-rack, certSerialId: null} reports an CLOSED replica.
2019-10-21 05:30:18,934 [EventQueue-ContainerReportForContainerReportHandler] WARN  container.ContainerReportHandler (AbstractContainerReportHandler.java:updateContainerState(145)) - Container #1 is in OPEN state, but the datanode 756d617c-4df0-4d16-a449-32c84fd3d9b4{ip: 192.168.164.197, host: pr-hdds-1868-qzls5-2202220713, networkLocation: /default-rack, certSerialId: null} reports an CLOSED replica.
2019-10-21 05:30:19,029 [EventQueue-ContainerReportForContainerReportHandler] WARN  container.ContainerReportHandler (AbstractContainerReportHandler.java:updateContainerState(145)) - Container #1 is in OPEN state, but the datanode de422f88-f067-42c5-9741-971d3fd4b460{ip: 192.168.164.197, host: pr-hdds-1868-qzls5-2202220713, networkLocation: /default-rack, certSerialId: null} reports an CLOSED replica.
2019-10-21 05:30:19,333 [EventQueue-ContainerReportForContainerReportHandler] WARN  container.ContainerReportHandler (AbstractContainerReportHandler.java:updateContainerState(145)) - Container #1 is in OPEN state, but the datanode 756d617c-4df0-4d16-a449-32c84fd3d9b4{ip: 192.168.164.197, host: pr-hdds-1868-qzls5-2202220713, networkLocation: /default-rack, certSerialId: null} reports an CLOSED replica.
2019-10-21 05:30:19,428 [EventQueue-ContainerReportForContainerReportHandler] WARN  container.ContainerReportHandler (AbstractContainerReportHandler.java:updateContainerState(145)) - Container #1 is in OPEN state, but the datanode de422f88-f067-42c5-9741-971d3fd4b460{ip: 192.168.164.197, host: pr-hdds-1868-qzls5-2202220713, networkLocation: /default-rack, certSerialId: null} reports an CLOSED replica.
2019-10-21 05:30:19,633 [EventQueue-ContainerReportForContainerReportHandler] WARN  container.ContainerReportHandler (AbstractContainerReportHandler.java:updateContainerState(145)) - Container #1 is in OPEN state, but the datanode 756d617c-4df0-4d16-a449-32c84fd3d9b4{ip: 192.168.164.197, host: pr-hdds-1868-qzls5-2202220713, networkLocation: /default-rack, certSerialId: null} reports an CLOSED replica.
2019-10-21 05:30:19,662 [BlockDeletingService#2] WARN  background.BlockDeletingService (BlockDeletingService.java:isDeletionAllowed(187)) - Close Container log Index 6 is not replicated across allthe servers in the pipeline ea95e8fe-4098-4221-913b-2b447d4c4854 as the min replicated index is 4. Deletion is not allowed in this container yet.
2019-10-21 05:30:19,689 [BlockDeletingService#2] WARN  background.BlockDeletingService (BlockDeletingService.java:isDeletionAllowed(187)) - Close Container log Index 6 is not replicated across allthe servers in the pipeline ea95e8fe-4098-4221-913b-2b447d4c4854 as the min replicated index is 4. Deletion is not allowed in this container yet.
2019-10-21 05:30:19,729 [EventQueue-ContainerReportForContainerReportHandler] WARN  container.ContainerReportHandler (AbstractContainerReportHandler.java:updateContainerState(145)) - Container #1 is in OPEN state, but the datanode de422f88-f067-42c5-9741-971d3fd4b460{ip: 192.168.164.197, host: pr-hdds-1868-qzls5-2202220713, networkLocation: /default-rack, certSerialId: null} reports an CLOSED replica.
2019-10-21 05:30:19,966 [java.util.concurrent.ThreadPoolExecutor$Worker@60838a74[State = -1, empty queue]] WARN  server.GrpcLogAppender (GrpcLogAppender.java:timeoutAppendRequest(209)) - de422f88-f067-42c5-9741-971d3fd4b460@group-2B447D4C4854->10936abf-a8c2-471d-9c61-a43b910bc959-GrpcLogAppender: appendEntries Timeout, request=de422f88-f067-42c5-9741-971d3fd4b460->10936abf-a8c2-471d-9c61-a43b910bc959#38-t2, previous=(t:2, i:10), leaderCommit=10, initializing? false, entries: <empty>
2019-10-21 05:30:20,028 [EventQueue-ContainerReportForContainerReportHandler] WARN  container.ContainerReportHandler (AbstractContainerReportHandler.java:updateContainerState(145)) - Container #1 is in OPEN state, but the datanode de422f88-f067-42c5-9741-971d3fd4b460{ip: 192.168.164.197, host: pr-hdds-1868-qzls5-2202220713, networkLocation: /default-rack, certSerialId: null} reports an CLOSED replica.
2019-10-21 05:30:20,034 [EventQueue-ContainerReportForContainerReportHandler] WARN  container.ContainerReportHandler (AbstractContainerReportHandler.java:updateContainerState(145)) - Container #1 is in OPEN state, but the datanode 756d617c-4df0-4d16-a449-32c84fd3d9b4{ip: 192.168.164.197, host: pr-hdds-1868-qzls5-2202220713, networkLocation: /default-rack, certSerialId: null} reports an CLOSED replica.
2019-10-21 05:30:20,328 [EventQueue-ContainerReportForContainerReportHandler] WARN  container.ContainerReportHandler (AbstractContainerReportHandler.java:updateContainerState(145)) - Container #1 is in OPEN state, but the datanode de422f88-f067-42c5-9741-971d3fd4b460{ip: 192.168.164.197, host: pr-hdds-1868-qzls5-2202220713, networkLocation: /default-rack, certSerialId: null} reports an CLOSED replica.
2019-10-21 05:30:20,334 [EventQueue-ContainerReportForContainerReportHandler] WARN  container.ContainerReportHandler (AbstractContainerReportHandler.java:updateContainerState(145)) - Container #1 is in OPEN state, but the datanode 756d617c-4df0-4d16-a449-32c84fd3d9b4{ip: 192.168.164.197, host: pr-hdds-1868-qzls5-2202220713, networkLocation: /default-rack, certSerialId: null} reports an CLOSED replica.
2019-10-21 05:30:20,534 [EventQueue-ContainerReportForContainerReportHandler] WARN  container.ContainerReportHandler (AbstractContainerReportHandler.java:updateContainerState(145)) - Container #1 is in OPEN state, but the datanode 756d617c-4df0-4d16-a449-32c84fd3d9b4{ip: 192.168.164.197, host: pr-hdds-1868-qzls5-2202220713, networkLocation: /default-rack, certSerialId: null} reports an CLOSED replica.
2019-10-21 05:30:20,663 [BlockDeletingService#2] WARN  background.BlockDeletingService (BlockDeletingService.java:isDeletionAllowed(187)) - Close Container log Index 6 is not replicated across allthe servers in the pipeline ea95e8fe-4098-4221-913b-2b447d4c4854 as the min replicated index is 4. Deletion is not allowed in this container yet.
2019-10-21 05:30:20,690 [BlockDeletingService#2] WARN  background.BlockDeletingService (BlockDeletingService.java:isDeletionAllowed(187)) - Close Container log Index 6 is not replicated across allthe servers in the pipeline ea95e8fe-4098-4221-913b-2b447d4c4854 as the min replicated index is 4. Deletion is not allowed in this container yet.
2019-10-21 05:30:20,728 [EventQueue-ContainerReportForContainerReportHandler] WARN  container.ContainerReportHandler (AbstractContainerReportHandler.java:updateContainerState(145)) - Container #1 is in OPEN state, but the datanode de422f88-f067-42c5-9741-971d3fd4b460{ip: 192.168.164.197, host: pr-hdds-1868-qzls5-2202220713, networkLocation: /default-rack, certSerialId: null} reports an CLOSED replica.
2019-10-21 05:30:20,835 [EventQueue-ContainerReportForContainerReportHandler] WARN  container.ContainerReportHandler (AbstractContainerReportHandler.java:updateContainerState(145)) - Container #1 is in OPEN state, but the datanode 756d617c-4df0-4d16-a449-32c84fd3d9b4{ip: 192.168.164.197, host: pr-hdds-1868-qzls5-2202220713, networkLocation: /default-rack, certSerialId: null} reports an CLOSED replica.
2019-10-21 05:30:21,034 [EventQueue-ContainerReportForContainerReportHandler] WARN  container.ContainerReportHandler (AbstractContainerReportHandler.java:updateContainerState(145)) - Container #1 is in OPEN state, but the datanode 756d617c-4df0-4d16-a449-32c84fd3d9b4{ip: 192.168.164.197, host: pr-hdds-1868-qzls5-2202220713, networkLocation: /default-rack, certSerialId: null} reports an CLOSED replica.
2019-10-21 05:30:21,129 [EventQueue-ContainerReportForContainerReportHandler] WARN  container.ContainerReportHandler (AbstractContainerReportHandler.java:updateContainerState(145)) - Container #1 is in OPEN state, but the datanode de422f88-f067-42c5-9741-971d3fd4b460{ip: 192.168.164.197, host: pr-hdds-1868-qzls5-2202220713, networkLocation: /default-rack, certSerialId: null} reports an CLOSED replica.
2019-10-21 05:30:21,334 [EventQueue-ContainerReportForContainerReportHandler] WARN  container.ContainerReportHandler (AbstractContainerReportHandler.java:updateContainerState(145)) - Container #1 is in OPEN state, but the datanode 756d617c-4df0-4d16-a449-32c84fd3d9b4{ip: 192.168.164.197, host: pr-hdds-1868-qzls5-2202220713, networkLocation: /default-rack, certSerialId: null} reports an CLOSED replica.
2019-10-21 05:30:21,428 [EventQueue-ContainerReportForContainerReportHandler] WARN  container.ContainerReportHandler (AbstractContainerReportHandler.java:updateContainerState(145)) - Container #1 is in OPEN state, but the datanode de422f88-f067-42c5-9741-971d3fd4b460{ip: 192.168.164.197, host: pr-hdds-1868-qzls5-2202220713, networkLocation: /default-rack, certSerialId: null} reports an CLOSED replica.
2019-10-21 05:30:21,577 [Thread-469] INFO  client.GrpcClientProtocolService (GrpcClientProtocolService.java:lambda$processClientRequest$0(279)) - Failed RaftClientRequest:client-B3AE2EAE799D->756d617c-4df0-4d16-a449-32c84fd3d9b4@group-2B447D4C4854, cid=22, seq=0, Watch-ALL_COMMITTED(6), Message:<EMPTY>, reply=RaftClientReply:client-B3AE2EAE799D->756d617c-4df0-4d16-a449-32c84fd3d9b4@group-2B447D4C4854, cid=22, FAILED org.apache.ratis.protocol.NotLeaderException: Server 756d617c-4df0-4d16-a449-32c84fd3d9b4@group-2B447D4C4854 is not the leader de422f88-f067-42c5-9741-971d3fd4b460:192.168.164.197:37219, logIndex=0, commits[756d617c-4df0-4d16-a449-32c84fd3d9b4:c10, 10936abf-a8c2-471d-9c61-a43b910bc959:c4, de422f88-f067-42c5-9741-971d3fd4b460:c10]
2019-10-21 05:30:21,629 [EventQueue-ContainerReportForContainerReportHandler] WARN  container.ContainerReportHandler (AbstractContainerReportHandler.java:updateContainerState(145)) - Container #1 is in OPEN state, but the datanode de422f88-f067-42c5-9741-971d3fd4b460{ip: 192.168.164.197, host: pr-hdds-1868-qzls5-2202220713, networkLocation: /default-rack, certSerialId: null} reports an CLOSED replica.
2019-10-21 05:30:21,664 [BlockDeletingService#5] WARN  background.BlockDeletingService (BlockDeletingService.java:isDeletionAllowed(187)) - Close Container log Index 6 is not replicated across allthe servers in the pipeline ea95e8fe-4098-4221-913b-2b447d4c4854 as the min replicated index is 4. Deletion is not allowed in this container yet.
2019-10-21 05:30:21,682 [Thread-473] INFO  client.GrpcClientProtocolService (GrpcClientProtocolService.java:lambda$processClientRequest$0(279)) - Failed RaftClientRequest:client-B3AE2EAE799D->de422f88-f067-42c5-9741-971d3fd4b460@group-2B447D4C4854, cid=22, seq=0, Watch-ALL_COMMITTED(6), Message:<EMPTY>, reply=RaftClientReply:client-B3AE2EAE799D->de422f88-f067-42c5-9741-971d3fd4b460@group-2B447D4C4854, cid=22, FAILED org.apache.ratis.protocol.NotReplicatedException: Request with call Id 22 and log index 6 is not yet replicated to ALL_COMMITTED, logIndex=6, commits[de422f88-f067-42c5-9741-971d3fd4b460:c10, 10936abf-a8c2-471d-9c61-a43b910bc959:c4, 756d617c-4df0-4d16-a449-32c84fd3d9b4:c10]
2019-10-21 05:30:21,691 [BlockDeletingService#2] WARN  background.BlockDeletingService (BlockDeletingService.java:isDeletionAllowed(187)) - Close Container log Index 6 is not replicated across allthe servers in the pipeline ea95e8fe-4098-4221-913b-2b447d4c4854 as the min replicated index is 4. Deletion is not allowed in this container yet.
2019-10-21 05:30:21,735 [EventQueue-ContainerReportForContainerReportHandler] WARN  container.ContainerReportHandler (AbstractContainerReportHandler.java:updateContainerState(145)) - Container #1 is in OPEN state, but the datanode 756d617c-4df0-4d16-a449-32c84fd3d9b4{ip: 192.168.164.197, host: pr-hdds-1868-qzls5-2202220713, networkLocation: /default-rack, certSerialId: null} reports an CLOSED replica.
2019-10-21 05:30:22,028 [EventQueue-ContainerReportForContainerReportHandler] WARN  container.ContainerReportHandler (AbstractContainerReportHandler.java:updateContainerState(145)) - Container #1 is in OPEN state, but the datanode de422f88-f067-42c5-9741-971d3fd4b460{ip: 192.168.164.197, host: pr-hdds-1868-qzls5-2202220713, networkLocation: /default-rack, certSerialId: null} reports an CLOSED replica.
2019-10-21 05:30:22,034 [EventQueue-ContainerReportForContainerReportHandler] WARN  container.ContainerReportHandler (AbstractContainerReportHandler.java:updateContainerState(145)) - Container #1 is in OPEN state, but the datanode 756d617c-4df0-4d16-a449-32c84fd3d9b4{ip: 192.168.164.197, host: pr-hdds-1868-qzls5-2202220713, networkLocation: /default-rack, certSerialId: null} reports an CLOSED replica.
2019-10-21 05:30:22,328 [EventQueue-ContainerReportForContainerReportHandler] WARN  container.ContainerReportHandler (AbstractContainerReportHandler.java:updateContainerState(145)) - Container #1 is in OPEN state, but the datanode de422f88-f067-42c5-9741-971d3fd4b460{ip: 192.168.164.197, host: pr-hdds-1868-qzls5-2202220713, networkLocation: /default-rack, certSerialId: null} reports an CLOSED replica.
2019-10-21 05:30:22,434 [EventQueue-ContainerReportForContainerReportHandler] WARN  container.ContainerReportHandler (AbstractContainerReportHandler.java:updateContainerState(145)) - Container #1 is in OPEN state, but the datanode 756d617c-4df0-4d16-a449-32c84fd3d9b4{ip: 192.168.164.197, host: pr-hdds-1868-qzls5-2202220713, networkLocation: /default-rack, certSerialId: null} reports an CLOSED replica.
2019-10-21 05:30:22,467 [java.util.concurrent.ThreadPoolExecutor$Worker@60838a74[State = -1, empty queue]] WARN  server.GrpcLogAppender (GrpcLogAppender.java:timeoutAppendRequest(209)) - de422f88-f067-42c5-9741-971d3fd4b460@group-2B447D4C4854->10936abf-a8c2-471d-9c61-a43b910bc959-GrpcLogAppender: appendEntries Timeout, request=de422f88-f067-42c5-9741-971d3fd4b460->10936abf-a8c2-471d-9c61-a43b910bc959#39-t2, previous=(t:2, i:10), leaderCommit=10, initializing? false, entries: <empty>
2019-10-21 05:30:22,528 [EventQueue-ContainerReportForContainerReportHandler] WARN  container.ContainerReportHandler (AbstractContainerReportHandler.java:updateContainerState(145)) - Container #1 is in OPEN state, but the datanode de422f88-f067-42c5-9741-971d3fd4b460{ip: 192.168.164.197, host: pr-hdds-1868-qzls5-2202220713, networkLocation: /default-rack, certSerialId: null} reports an CLOSED replica.
2019-10-21 05:30:22,666 [BlockDeletingService#1] WARN  background.BlockDeletingService (BlockDeletingService.java:isDeletionAllowed(187)) - Close Container log Index 6 is not replicated across allthe servers in the pipeline ea95e8fe-4098-4221-913b-2b447d4c4854 as the min replicated index is 4. Deletion is not allowed in this container yet.
2019-10-21 05:30:22,692 [BlockDeletingService#2] WARN  background.BlockDeletingService (BlockDeletingService.java:isDeletionAllowed(187)) - Close Container log Index 6 is not replicated across allthe servers in the pipeline ea95e8fe-4098-4221-913b-2b447d4c4854 as the min replicated index is 4. Deletion is not allowed in this container yet.
2019-10-21 05:30:22,735 [EventQueue-ContainerReportForContainerReportHandler] WARN  container.ContainerReportHandler (AbstractContainerReportHandler.java:updateContainerState(145)) - Container #1 is in OPEN state, but the datanode 756d617c-4df0-4d16-a449-32c84fd3d9b4{ip: 192.168.164.197, host: pr-hdds-1868-qzls5-2202220713, networkLocation: /default-rack, certSerialId: null} reports an CLOSED replica.
2019-10-21 05:30:22,829 [EventQueue-ContainerReportForContainerReportHandler] WARN  container.ContainerReportHandler (AbstractContainerReportHandler.java:updateContainerState(145)) - Container #1 is in OPEN state, but the datanode de422f88-f067-42c5-9741-971d3fd4b460{ip: 192.168.164.197, host: pr-hdds-1868-qzls5-2202220713, networkLocation: /default-rack, certSerialId: null} reports an CLOSED replica.
2019-10-21 05:30:23,131 [EventQueue-ContainerReportForContainerReportHandler] WARN  container.ContainerReportHandler (AbstractContainerReportHandler.java:updateContainerState(145)) - Container #1 is in OPEN state, but the datanode de422f88-f067-42c5-9741-971d3fd4b460{ip: 192.168.164.197, host: pr-hdds-1868-qzls5-2202220713, networkLocation: /default-rack, certSerialId: null} reports an CLOSED replica.
2019-10-21 05:30:23,135 [EventQueue-ContainerReportForContainerReportHandler] WARN  container.ContainerReportHandler (AbstractContainerReportHandler.java:updateContainerState(145)) - Container #1 is in OPEN state, but the datanode 756d617c-4df0-4d16-a449-32c84fd3d9b4{ip: 192.168.164.197, host: pr-hdds-1868-qzls5-2202220713, networkLocation: /default-rack, certSerialId: null} reports an CLOSED replica.
2019-10-21 05:30:23,433 [EventQueue-ContainerReportForContainerReportHandler] WARN  container.ContainerReportHandler (AbstractContainerReportHandler.java:updateContainerState(145)) - Container #1 is in OPEN state, but the datanode de422f88-f067-42c5-9741-971d3fd4b460{ip: 192.168.164.197, host: pr-hdds-1868-qzls5-2202220713, networkLocation: /default-rack, certSerialId: null} reports an CLOSED replica.
2019-10-21 05:30:23,435 [EventQueue-ContainerReportForContainerReportHandler] WARN  container.ContainerReportHandler (AbstractContainerReportHandler.java:updateContainerState(145)) - Container #1 is in OPEN state, but the datanode 756d617c-4df0-4d16-a449-32c84fd3d9b4{ip: 192.168.164.197, host: pr-hdds-1868-qzls5-2202220713, networkLocation: /default-rack, certSerialId: null} reports an CLOSED replica.
2019-10-21 05:30:23,635 [EventQueue-ContainerReportForContainerReportHandler] WARN  container.ContainerReportHandler (AbstractContainerReportHandler.java:updateContainerState(145)) - Container #1 is in OPEN state, but the datanode 756d617c-4df0-4d16-a449-32c84fd3d9b4{ip: 192.168.164.197, host: pr-hdds-1868-qzls5-2202220713, networkLocation: /default-rack, certSerialId: null} reports an CLOSED replica.
2019-10-21 05:30:23,667 [BlockDeletingService#1] WARN  background.BlockDeletingService (BlockDeletingService.java:isDeletionAllowed(187)) - Close Container log Index 6 is not replicated across allthe servers in the pipeline ea95e8fe-4098-4221-913b-2b447d4c4854 as the min replicated index is 4. Deletion is not allowed in this container yet.
2019-10-21 05:30:23,693 [BlockDeletingService#2] WARN  background.BlockDeletingService (BlockDeletingService.java:isDeletionAllowed(187)) - Close Container log Index 6 is not replicated across allthe servers in the pipeline ea95e8fe-4098-4221-913b-2b447d4c4854 as the min replicated index is 4. Deletion is not allowed in this container yet.
2019-10-21 05:30:23,733 [EventQueue-ContainerReportForContainerReportHandler] WARN  container.ContainerReportHandler (AbstractContainerReportHandler.java:updateContainerState(145)) - Container #1 is in OPEN state, but the datanode de422f88-f067-42c5-9741-971d3fd4b460{ip: 192.168.164.197, host: pr-hdds-1868-qzls5-2202220713, networkLocation: /default-rack, certSerialId: null} reports an CLOSED replica.
2019-10-21 05:30:23,936 [EventQueue-ContainerReportForContainerReportHandler] WARN  container.ContainerReportHandler (AbstractContainerReportHandler.java:updateContainerState(145)) - Container #1 is in OPEN state, but the datanode 756d617c-4df0-4d16-a449-32c84fd3d9b4{ip: 192.168.164.197, host: pr-hdds-1868-qzls5-2202220713, networkLocation: /default-rack, certSerialId: null} reports an CLOSED replica.
2019-10-21 05:30:24,033 [EventQueue-ContainerReportForContainerReportHandler] WARN  container.ContainerReportHandler (AbstractContainerReportHandler.java:updateContainerState(145)) - Container #1 is in OPEN state, but the datanode de422f88-f067-42c5-9741-971d3fd4b460{ip: 192.168.164.197, host: pr-hdds-1868-qzls5-2202220713, networkLocation: /default-rack, certSerialId: null} reports an CLOSED replica.
2019-10-21 05:30:24,333 [EventQueue-ContainerReportForContainerReportHandler] WARN  container.ContainerReportHandler (AbstractContainerReportHandler.java:updateContainerState(145)) - Container #1 is in OPEN state, but the datanode de422f88-f067-42c5-9741-971d3fd4b460{ip: 192.168.164.197, host: pr-hdds-1868-qzls5-2202220713, networkLocation: /default-rack, certSerialId: null} reports an CLOSED replica.
2019-10-21 05:30:24,335 [EventQueue-ContainerReportForContainerReportHandler] WARN  container.ContainerReportHandler (AbstractContainerReportHandler.java:updateContainerState(145)) - Container #1 is in OPEN state, but the datanode 756d617c-4df0-4d16-a449-32c84fd3d9b4{ip: 192.168.164.197, host: pr-hdds-1868-qzls5-2202220713, networkLocation: /default-rack, certSerialId: null} reports an CLOSED replica.
2019-10-21 05:30:24,537 [EventQueue-ContainerReportForContainerReportHandler] WARN  container.ContainerReportHandler (AbstractContainerReportHandler.java:updateContainerState(145)) - Container #1 is in OPEN state, but the datanode 756d617c-4df0-4d16-a449-32c84fd3d9b4{ip: 192.168.164.197, host: pr-hdds-1868-qzls5-2202220713, networkLocation: /default-rack, certSerialId: null} reports an CLOSED replica.
2019-10-21 05:30:24,633 [EventQueue-ContainerReportForContainerReportHandler] WARN  container.ContainerReportHandler (AbstractContainerReportHandler.java:updateContainerState(145)) - Container #1 is in OPEN state, but the datanode de422f88-f067-42c5-9741-971d3fd4b460{ip: 192.168.164.197, host: pr-hdds-1868-qzls5-2202220713, networkLocation: /default-rack, certSerialId: null} reports an CLOSED replica.
2019-10-21 05:30:24,668 [BlockDeletingService#1] WARN  background.BlockDeletingService (BlockDeletingService.java:isDeletionAllowed(187)) - Close Container log Index 6 is not replicated across allthe servers in the pipeline ea95e8fe-4098-4221-913b-2b447d4c4854 as the min replicated index is 4. Deletion is not allowed in this container yet.
2019-10-21 05:30:24,694 [BlockDeletingService#2] WARN  background.BlockDeletingService (BlockDeletingService.java:isDeletionAllowed(187)) - Close Container log Index 6 is not replicated across allthe servers in the pipeline ea95e8fe-4098-4221-913b-2b447d4c4854 as the min replicated index is 4. Deletion is not allowed in this container yet.
2019-10-21 05:30:24,835 [EventQueue-ContainerReportForContainerReportHandler] WARN  container.ContainerReportHandler (AbstractContainerReportHandler.java:updateContainerState(145)) - Container #1 is in OPEN state, but the datanode 756d617c-4df0-4d16-a449-32c84fd3d9b4{ip: 192.168.164.197, host: pr-hdds-1868-qzls5-2202220713, networkLocation: /default-rack, certSerialId: null} reports an CLOSED replica.
2019-10-21 05:30:24,967 [java.util.concurrent.ThreadPoolExecutor$Worker@60838a74[State = -1, empty queue]] WARN  server.GrpcLogAppender (GrpcLogAppender.java:timeoutAppendRequest(209)) - de422f88-f067-42c5-9741-971d3fd4b460@group-2B447D4C4854->10936abf-a8c2-471d-9c61-a43b910bc959-GrpcLogAppender: appendEntries Timeout, request=de422f88-f067-42c5-9741-971d3fd4b460->10936abf-a8c2-471d-9c61-a43b910bc959#40-t2, previous=(t:2, i:10), leaderCommit=10, initializing? false, entries: <empty>
2019-10-21 05:30:25,034 [EventQueue-ContainerReportForContainerReportHandler] WARN  container.ContainerReportHandler (AbstractContainerReportHandler.java:updateContainerState(145)) - Container #1 is in OPEN state, but the datanode de422f88-f067-42c5-9741-971d3fd4b460{ip: 192.168.164.197, host: pr-hdds-1868-qzls5-2202220713, networkLocation: /default-rack, certSerialId: null} reports an CLOSED replica.
2019-10-21 05:30:25,236 [EventQueue-ContainerReportForContainerReportHandler] WARN  container.ContainerReportHandler (AbstractContainerReportHandler.java:updateContainerState(145)) - Container #1 is in OPEN state, but the datanode 756d617c-4df0-4d16-a449-32c84fd3d9b4{ip: 192.168.164.197, host: pr-hdds-1868-qzls5-2202220713, networkLocation: /default-rack, certSerialId: null} reports an CLOSED replica.
2019-10-21 05:30:25,334 [EventQueue-ContainerReportForContainerReportHandler] WARN  container.ContainerReportHandler (AbstractContainerReportHandler.java:updateContainerState(145)) - Container #1 is in OPEN state, but the datanode de422f88-f067-42c5-9741-971d3fd4b460{ip: 192.168.164.197, host: pr-hdds-1868-qzls5-2202220713, networkLocation: /default-rack, certSerialId: null} reports an CLOSED replica.
2019-10-21 05:30:25,435 [EventQueue-ContainerReportForContainerReportHandler] WARN  container.ContainerReportHandler (AbstractContainerReportHandler.java:updateContainerState(145)) - Container #1 is in OPEN state, but the datanode 756d617c-4df0-4d16-a449-32c84fd3d9b4{ip: 192.168.164.197, host: pr-hdds-1868-qzls5-2202220713, networkLocation: /default-rack, certSerialId: null} reports an CLOSED replica.
2019-10-21 05:30:25,649 [EventQueue-ContainerReportForContainerReportHandler] WARN  container.ContainerReportHandler (AbstractContainerReportHandler.java:updateContainerState(145)) - Container #1 is in OPEN state, but the datanode de422f88-f067-42c5-9741-971d3fd4b460{ip: 192.168.164.197, host: pr-hdds-1868-qzls5-2202220713, networkLocation: /default-rack, certSerialId: null} reports an CLOSED replica.
2019-10-21 05:30:25,670 [BlockDeletingService#1] WARN  background.BlockDeletingService (BlockDeletingService.java:isDeletionAllowed(187)) - Close Container log Index 6 is not replicated across allthe servers in the pipeline ea95e8fe-4098-4221-913b-2b447d4c4854 as the min replicated index is 4. Deletion is not allowed in this container yet.
2019-10-21 05:30:25,695 [BlockDeletingService#2] WARN  background.BlockDeletingService (BlockDeletingService.java:isDeletionAllowed(187)) - Close Container log Index 6 is not replicated across allthe servers in the pipeline ea95e8fe-4098-4221-913b-2b447d4c4854 as the min replicated index is 4. Deletion is not allowed in this container yet.
2019-10-21 05:30:25,837 [EventQueue-ContainerReportForContainerReportHandler] WARN  container.ContainerReportHandler (AbstractContainerReportHandler.java:updateContainerState(145)) - Container #1 is in OPEN state, but the datanode 756d617c-4df0-4d16-a449-32c84fd3d9b4{ip: 192.168.164.197, host: pr-hdds-1868-qzls5-2202220713, networkLocation: /default-rack, certSerialId: null} reports an CLOSED replica.
2019-10-21 05:30:25,949 [EventQueue-ContainerReportForContainerReportHandler] WARN  container.ContainerReportHandler (AbstractContainerReportHandler.java:updateContainerState(145)) - Container #1 is in OPEN state, but the datanode de422f88-f067-42c5-9741-971d3fd4b460{ip: 192.168.164.197, host: pr-hdds-1868-qzls5-2202220713, networkLocation: /default-rack, certSerialId: null} reports an CLOSED replica.
2019-10-21 05:30:26,037 [EventQueue-ContainerReportForContainerReportHandler] WARN  container.ContainerReportHandler (AbstractContainerReportHandler.java:updateContainerState(145)) - Container #1 is in OPEN state, but the datanode 756d617c-4df0-4d16-a449-32c84fd3d9b4{ip: 192.168.164.197, host: pr-hdds-1868-qzls5-2202220713, networkLocation: /default-rack, certSerialId: null} reports an CLOSED replica.
2019-10-21 05:30:26,339 [EventQueue-ContainerReportForContainerReportHandler] WARN  container.ContainerReportHandler (AbstractContainerReportHandler.java:updateContainerState(145)) - Container #1 is in OPEN state, but the datanode 756d617c-4df0-4d16-a449-32c84fd3d9b4{ip: 192.168.164.197, host: pr-hdds-1868-qzls5-2202220713, networkLocation: /default-rack, certSerialId: null} reports an CLOSED replica.
2019-10-21 05:30:26,350 [EventQueue-ContainerReportForContainerReportHandler] WARN  container.ContainerReportHandler (AbstractContainerReportHandler.java:updateContainerState(145)) - Container #1 is in OPEN state, but the datanode de422f88-f067-42c5-9741-971d3fd4b460{ip: 192.168.164.197, host: pr-hdds-1868-qzls5-2202220713, networkLocation: /default-rack, certSerialId: null} reports an CLOSED replica.
2019-10-21 05:30:26,539 [EventQueue-ContainerReportForContainerReportHandler] WARN  container.ContainerReportHandler (AbstractContainerReportHandler.java:updateContainerState(145)) - Container #1 is in OPEN state, but the datanode 756d617c-4df0-4d16-a449-32c84fd3d9b4{ip: 192.168.164.197, host: pr-hdds-1868-qzls5-2202220713, networkLocation: /default-rack, certSerialId: null} reports an CLOSED replica.
2019-10-21 05:30:26,651 [EventQueue-ContainerReportForContainerReportHandler] WARN  container.ContainerReportHandler (AbstractContainerReportHandler.java:updateContainerState(145)) - Container #1 is in OPEN state, but the datanode de422f88-f067-42c5-9741-971d3fd4b460{ip: 192.168.164.197, host: pr-hdds-1868-qzls5-2202220713, networkLocation: /default-rack, certSerialId: null} reports an CLOSED replica.
2019-10-21 05:30:26,671 [BlockDeletingService#1] WARN  background.BlockDeletingService (BlockDeletingService.java:isDeletionAllowed(187)) - Close Container log Index 6 is not replicated across allthe servers in the pipeline ea95e8fe-4098-4221-913b-2b447d4c4854 as the min replicated index is 4. Deletion is not allowed in this container yet.
2019-10-21 05:30:26,696 [BlockDeletingService#2] WARN  background.BlockDeletingService (BlockDeletingService.java:isDeletionAllowed(187)) - Close Container log Index 6 is not replicated across allthe servers in the pipeline ea95e8fe-4098-4221-913b-2b447d4c4854 as the min replicated index is 4. Deletion is not allowed in this container yet.
2019-10-21 05:30:26,839 [EventQueue-ContainerReportForContainerReportHandler] WARN  container.ContainerReportHandler (AbstractContainerReportHandler.java:updateContainerState(145)) - Container #1 is in OPEN state, but the datanode 756d617c-4df0-4d16-a449-32c84fd3d9b4{ip: 192.168.164.197, host: pr-hdds-1868-qzls5-2202220713, networkLocation: /default-rack, certSerialId: null} reports an CLOSED replica.
2019-10-21 05:30:26,951 [EventQueue-ContainerReportForContainerReportHandler] WARN  container.ContainerReportHandler (AbstractContainerReportHandler.java:updateContainerState(145)) - Container #1 is in OPEN state, but the datanode de422f88-f067-42c5-9741-971d3fd4b460{ip: 192.168.164.197, host: pr-hdds-1868-qzls5-2202220713, networkLocation: /default-rack, certSerialId: null} reports an CLOSED replica.
2019-10-21 05:30:27,041 [EventQueue-ContainerReportForContainerReportHandler] WARN  container.ContainerReportHandler (AbstractContainerReportHandler.java:updateContainerState(145)) - Container #1 is in OPEN state, but the datanode 756d617c-4df0-4d16-a449-32c84fd3d9b4{ip: 192.168.164.197, host: pr-hdds-1868-qzls5-2202220713, networkLocation: /default-rack, certSerialId: null} reports an CLOSED replica.
2019-10-21 05:30:27,251 [EventQueue-ContainerReportForContainerReportHandler] WARN  container.ContainerReportHandler (AbstractContainerReportHandler.java:updateContainerState(145)) - Container #1 is in OPEN state, but the datanode de422f88-f067-42c5-9741-971d3fd4b460{ip: 192.168.164.197, host: pr-hdds-1868-qzls5-2202220713, networkLocation: /default-rack, certSerialId: null} reports an CLOSED replica.
2019-10-21 05:30:27,341 [EventQueue-ContainerReportForContainerReportHandler] WARN  container.ContainerReportHandler (AbstractContainerReportHandler.java:updateContainerState(145)) - Container #1 is in OPEN state, but the datanode 756d617c-4df0-4d16-a449-32c84fd3d9b4{ip: 192.168.164.197, host: pr-hdds-1868-qzls5-2202220713, networkLocation: /default-rack, certSerialId: null} reports an CLOSED replica.
2019-10-21 05:30:27,468 [java.util.concurrent.ThreadPoolExecutor$Worker@60838a74[State = -1, empty queue]] WARN  server.GrpcLogAppender (GrpcLogAppender.java:timeoutAppendRequest(209)) - de422f88-f067-42c5-9741-971d3fd4b460@group-2B447D4C4854->10936abf-a8c2-471d-9c61-a43b910bc959-GrpcLogAppender: appendEntries Timeout, request=de422f88-f067-42c5-9741-971d3fd4b460->10936abf-a8c2-471d-9c61-a43b910bc959#41-t2, previous=(t:2, i:10), leaderCommit=10, initializing? false, entries: <empty>
2019-10-21 05:30:27,550 [EventQueue-ContainerReportForContainerReportHandler] WARN  container.ContainerReportHandler (AbstractContainerReportHandler.java:updateContainerState(145)) - Container #1 is in OPEN state, but the datanode de422f88-f067-42c5-9741-971d3fd4b460{ip: 192.168.164.197, host: pr-hdds-1868-qzls5-2202220713, networkLocation: /default-rack, certSerialId: null} reports an CLOSED replica.
2019-10-21 05:30:27,641 [EventQueue-ContainerReportForContainerReportHandler] WARN  container.ContainerReportHandler (AbstractContainerReportHandler.java:updateContainerState(145)) - Container #1 is in OPEN state, but the datanode 756d617c-4df0-4d16-a449-32c84fd3d9b4{ip: 192.168.164.197, host: pr-hdds-1868-qzls5-2202220713, networkLocation: /default-rack, certSerialId: null} reports an CLOSED replica.
2019-10-21 05:30:27,672 [BlockDeletingService#1] WARN  background.BlockDeletingService (BlockDeletingService.java:isDeletionAllowed(187)) - Close Container log Index 6 is not replicated across allthe servers in the pipeline ea95e8fe-4098-4221-913b-2b447d4c4854 as the min replicated index is 4. Deletion is not allowed in this container yet.
2019-10-21 05:30:27,697 [BlockDeletingService#2] WARN  background.BlockDeletingService (BlockDeletingService.java:isDeletionAllowed(187)) - Close Container log Index 6 is not replicated across allthe servers in the pipeline ea95e8fe-4098-4221-913b-2b447d4c4854 as the min replicated index is 4. Deletion is not allowed in this container yet.
2019-10-21 05:30:27,842 [EventQueue-ContainerReportForContainerReportHandler] WARN  container.ContainerReportHandler (AbstractContainerReportHandler.java:updateContainerState(145)) - Container #1 is in OPEN state, but the datanode 756d617c-4df0-4d16-a449-32c84fd3d9b4{ip: 192.168.164.197, host: pr-hdds-1868-qzls5-2202220713, networkLocation: /default-rack, certSerialId: null} reports an CLOSED replica.
2019-10-21 05:30:27,851 [EventQueue-ContainerReportForContainerReportHandler] WARN  container.ContainerReportHandler (AbstractContainerReportHandler.java:updateContainerState(145)) - Container #1 is in OPEN state, but the datanode de422f88-f067-42c5-9741-971d3fd4b460{ip: 192.168.164.197, host: pr-hdds-1868-qzls5-2202220713, networkLocation: /default-rack, certSerialId: null} reports an CLOSED replica.
2019-10-21 05:30:28,052 [EventQueue-ContainerReportForContainerReportHandler] WARN  container.ContainerReportHandler (AbstractContainerReportHandler.java:updateContainerState(145)) - Container #1 is in OPEN state, but the datanode de422f88-f067-42c5-9741-971d3fd4b460{ip: 192.168.164.197, host: pr-hdds-1868-qzls5-2202220713, networkLocation: /default-rack, certSerialId: null} reports an CLOSED replica.
2019-10-21 05:30:28,143 [EventQueue-ContainerReportForContainerReportHandler] WARN  container.ContainerReportHandler (AbstractContainerReportHandler.java:updateContainerState(145)) - Container #1 is in OPEN state, but the datanode 756d617c-4df0-4d16-a449-32c84fd3d9b4{ip: 192.168.164.197, host: pr-hdds-1868-qzls5-2202220713, networkLocation: /default-rack, certSerialId: null} reports an CLOSED replica.
2019-10-21 05:30:28,352 [EventQueue-ContainerReportForContainerReportHandler] WARN  container.ContainerReportHandler (AbstractContainerReportHandler.java:updateContainerState(145)) - Container #1 is in OPEN state, but the datanode de422f88-f067-42c5-9741-971d3fd4b460{ip: 192.168.164.197, host: pr-hdds-1868-qzls5-2202220713, networkLocation: /default-rack, certSerialId: null} reports an CLOSED replica.
2019-10-21 05:30:28,442 [EventQueue-ContainerReportForContainerReportHandler] WARN  container.ContainerReportHandler (AbstractContainerReportHandler.java:updateContainerState(145)) - Container #1 is in OPEN state, but the datanode 756d617c-4df0-4d16-a449-32c84fd3d9b4{ip: 192.168.164.197, host: pr-hdds-1868-qzls5-2202220713, networkLocation: /default-rack, certSerialId: null} reports an CLOSED replica.
2019-10-21 05:30:28,674 [BlockDeletingService#1] WARN  background.BlockDeletingService (BlockDeletingService.java:isDeletionAllowed(187)) - Close Container log Index 6 is not replicated across allthe servers in the pipeline ea95e8fe-4098-4221-913b-2b447d4c4854 as the min replicated index is 4. Deletion is not allowed in this container yet.
2019-10-21 05:30:28,699 [BlockDeletingService#2] WARN  background.BlockDeletingService (BlockDeletingService.java:isDeletionAllowed(187)) - Close Container log Index 6 is not replicated across allthe servers in the pipeline ea95e8fe-4098-4221-913b-2b447d4c4854 as the min replicated index is 4. Deletion is not allowed in this container yet.
2019-10-21 05:30:28,752 [EventQueue-ContainerReportForContainerReportHandler] WARN  container.ContainerReportHandler (AbstractContainerReportHandler.java:updateContainerState(145)) - Container #1 is in OPEN state, but the datanode de422f88-f067-42c5-9741-971d3fd4b460{ip: 192.168.164.197, host: pr-hdds-1868-qzls5-2202220713, networkLocation: /default-rack, certSerialId: null} reports an CLOSED replica.
2019-10-21 05:30:28,842 [EventQueue-ContainerReportForContainerReportHandler] WARN  container.ContainerReportHandler (AbstractContainerReportHandler.java:updateContainerState(145)) - Container #1 is in OPEN state, but the datanode 756d617c-4df0-4d16-a449-32c84fd3d9b4{ip: 192.168.164.197, host: pr-hdds-1868-qzls5-2202220713, networkLocation: /default-rack, certSerialId: null} reports an CLOSED replica.
2019-10-21 05:30:29,052 [EventQueue-ContainerReportForContainerReportHandler] WARN  container.ContainerReportHandler (AbstractContainerReportHandler.java:updateContainerState(145)) - Container #1 is in OPEN state, but the datanode de422f88-f067-42c5-9741-971d3fd4b460{ip: 192.168.164.197, host: pr-hdds-1868-qzls5-2202220713, networkLocation: /default-rack, certSerialId: null} reports an CLOSED replica.
2019-10-21 05:30:29,144 [EventQueue-ContainerReportForContainerReportHandler] WARN  container.ContainerReportHandler (AbstractContainerReportHandler.java:updateContainerState(145)) - Container #1 is in OPEN state, but the datanode 756d617c-4df0-4d16-a449-32c84fd3d9b4{ip: 192.168.164.197, host: pr-hdds-1868-qzls5-2202220713, networkLocation: /default-rack, certSerialId: null} reports an CLOSED replica.
2019-10-21 05:30:29,352 [EventQueue-ContainerReportForContainerReportHandler] WARN  container.ContainerReportHandler (AbstractContainerReportHandler.java:updateContainerState(145)) - Container #1 is in OPEN state, but the datanode de422f88-f067-42c5-9741-971d3fd4b460{ip: 192.168.164.197, host: pr-hdds-1868-qzls5-2202220713, networkLocation: /default-rack, certSerialId: null} reports an CLOSED replica.
2019-10-21 05:30:29,443 [EventQueue-ContainerReportForContainerReportHandler] WARN  container.ContainerReportHandler (AbstractContainerReportHandler.java:updateContainerState(145)) - Container #1 is in OPEN state, but the datanode 756d617c-4df0-4d16-a449-32c84fd3d9b4{ip: 192.168.164.197, host: pr-hdds-1868-qzls5-2202220713, networkLocation: /default-rack, certSerialId: null} reports an CLOSED replica.
2019-10-21 05:30:29,652 [EventQueue-ContainerReportForContainerReportHandler] WARN  container.ContainerReportHandler (AbstractContainerReportHandler.java:updateContainerState(145)) - Container #1 is in OPEN state, but the datanode de422f88-f067-42c5-9741-971d3fd4b460{ip: 192.168.164.197, host: pr-hdds-1868-qzls5-2202220713, networkLocation: /default-rack, certSerialId: null} reports an CLOSED replica.
2019-10-21 05:30:29,675 [BlockDeletingService#1] WARN  background.BlockDeletingService (BlockDeletingService.java:isDeletionAllowed(187)) - Close Container log Index 6 is not replicated across allthe servers in the pipeline ea95e8fe-4098-4221-913b-2b447d4c4854 as the min replicated index is 4. Deletion is not allowed in this container yet.
2019-10-21 05:30:29,700 [BlockDeletingService#2] WARN  background.BlockDeletingService (BlockDeletingService.java:isDeletionAllowed(187)) - Close Container log Index 6 is not replicated across allthe servers in the pipeline ea95e8fe-4098-4221-913b-2b447d4c4854 as the min replicated index is 4. Deletion is not allowed in this container yet.
2019-10-21 05:30:29,843 [EventQueue-ContainerReportForContainerReportHandler] WARN  container.ContainerReportHandler (AbstractContainerReportHandler.java:updateContainerState(145)) - Container #1 is in OPEN state, but the datanode 756d617c-4df0-4d16-a449-32c84fd3d9b4{ip: 192.168.164.197, host: pr-hdds-1868-qzls5-2202220713, networkLocation: /default-rack, certSerialId: null} reports an CLOSED replica.
2019-10-21 05:30:29,952 [EventQueue-ContainerReportForContainerReportHandler] WARN  container.ContainerReportHandler (AbstractContainerReportHandler.java:updateContainerState(145)) - Container #1 is in OPEN state, but the datanode de422f88-f067-42c5-9741-971d3fd4b460{ip: 192.168.164.197, host: pr-hdds-1868-qzls5-2202220713, networkLocation: /default-rack, certSerialId: null} reports an CLOSED replica.
2019-10-21 05:30:29,969 [java.util.concurrent.ThreadPoolExecutor$Worker@60838a74[State = -1, empty queue]] WARN  server.GrpcLogAppender (GrpcLogAppender.java:timeoutAppendRequest(209)) - de422f88-f067-42c5-9741-971d3fd4b460@group-2B447D4C4854->10936abf-a8c2-471d-9c61-a43b910bc959-GrpcLogAppender: appendEntries Timeout, request=de422f88-f067-42c5-9741-971d3fd4b460->10936abf-a8c2-471d-9c61-a43b910bc959#42-t2, previous=(t:2, i:10), leaderCommit=10, initializing? false, entries: <empty>
2019-10-21 05:30:30,144 [EventQueue-ContainerReportForContainerReportHandler] WARN  container.ContainerReportHandler (AbstractContainerReportHandler.java:updateContainerState(145)) - Container #1 is in OPEN state, but the datanode 756d617c-4df0-4d16-a449-32c84fd3d9b4{ip: 192.168.164.197, host: pr-hdds-1868-qzls5-2202220713, networkLocation: /default-rack, certSerialId: null} reports an CLOSED replica.
2019-10-21 05:30:30,343 [EventQueue-ContainerReportForContainerReportHandler] WARN  container.ContainerReportHandler (AbstractContainerReportHandler.java:updateContainerState(145)) - Container #1 is in OPEN state, but the datanode 756d617c-4df0-4d16-a449-32c84fd3d9b4{ip: 192.168.164.197, host: pr-hdds-1868-qzls5-2202220713, networkLocation: /default-rack, certSerialId: null} reports an CLOSED replica.
2019-10-21 05:30:30,354 [EventQueue-ContainerReportForContainerReportHandler] WARN  container.ContainerReportHandler (AbstractContainerReportHandler.java:updateContainerState(145)) - Container #1 is in OPEN state, but the datanode de422f88-f067-42c5-9741-971d3fd4b460{ip: 192.168.164.197, host: pr-hdds-1868-qzls5-2202220713, networkLocation: /default-rack, certSerialId: null} reports an CLOSED replica.
2019-10-21 05:30:30,593 [Thread-497] INFO  client.GrpcClientProtocolService (GrpcClientProtocolService.java:lambda$processClientRequest$0(279)) - Failed RaftClientRequest:client-B3AE2EAE799D->756d617c-4df0-4d16-a449-32c84fd3d9b4@group-2B447D4C4854, cid=22, seq=0, Watch-ALL_COMMITTED(6), Message:<EMPTY>, reply=RaftClientReply:client-B3AE2EAE799D->756d617c-4df0-4d16-a449-32c84fd3d9b4@group-2B447D4C4854, cid=22, FAILED org.apache.ratis.protocol.NotLeaderException: Server 756d617c-4df0-4d16-a449-32c84fd3d9b4@group-2B447D4C4854 is not the leader de422f88-f067-42c5-9741-971d3fd4b460:192.168.164.197:37219, logIndex=0, commits[756d617c-4df0-4d16-a449-32c84fd3d9b4:c10, 10936abf-a8c2-471d-9c61-a43b910bc959:c4, de422f88-f067-42c5-9741-971d3fd4b460:c10]
2019-10-21 05:30:30,676 [BlockDeletingService#1] WARN  background.BlockDeletingService (BlockDeletingService.java:isDeletionAllowed(187)) - Close Container log Index 6 is not replicated across allthe servers in the pipeline ea95e8fe-4098-4221-913b-2b447d4c4854 as the min replicated index is 4. Deletion is not allowed in this container yet.
2019-10-21 05:30:30,701 [BlockDeletingService#2] WARN  background.BlockDeletingService (BlockDeletingService.java:isDeletionAllowed(187)) - Close Container log Index 6 is not replicated across allthe servers in the pipeline ea95e8fe-4098-4221-913b-2b447d4c4854 as the min replicated index is 4. Deletion is not allowed in this container yet.
2019-10-21 05:30:30,744 [EventQueue-ContainerReportForContainerReportHandler] WARN  container.ContainerReportHandler (AbstractContainerReportHandler.java:updateContainerState(145)) - Container #1 is in OPEN state, but the datanode 756d617c-4df0-4d16-a449-32c84fd3d9b4{ip: 192.168.164.197, host: pr-hdds-1868-qzls5-2202220713, networkLocation: /default-rack, certSerialId: null} reports an CLOSED replica.
2019-10-21 05:30:30,753 [EventQueue-ContainerReportForContainerReportHandler] WARN  container.ContainerReportHandler (AbstractContainerReportHandler.java:updateContainerState(145)) - Container #1 is in OPEN state, but the datanode de422f88-f067-42c5-9741-971d3fd4b460{ip: 192.168.164.197, host: pr-hdds-1868-qzls5-2202220713, networkLocation: /default-rack, certSerialId: null} reports an CLOSED replica.
2019-10-21 05:30:31,054 [EventQueue-ContainerReportForContainerReportHandler] WARN  container.ContainerReportHandler (AbstractContainerReportHandler.java:updateContainerState(145)) - Container #1 is in OPEN state, but the datanode de422f88-f067-42c5-9741-971d3fd4b460{ip: 192.168.164.197, host: pr-hdds-1868-qzls5-2202220713, networkLocation: /default-rack, certSerialId: null} reports an CLOSED replica.
2019-10-21 05:30:31,143 [EventQueue-ContainerReportForContainerReportHandler] WARN  container.ContainerReportHandler (AbstractContainerReportHandler.java:updateContainerState(145)) - Container #1 is in OPEN state, but the datanode 756d617c-4df0-4d16-a449-32c84fd3d9b4{ip: 192.168.164.197, host: pr-hdds-1868-qzls5-2202220713, networkLocation: /default-rack, certSerialId: null} reports an CLOSED replica.
2019-10-21 05:30:31,343 [EventQueue-ContainerReportForContainerReportHandler] WARN  container.ContainerReportHandler (AbstractContainerReportHandler.java:updateContainerState(145)) - Container #1 is in OPEN state, but the datanode 756d617c-4df0-4d16-a449-32c84fd3d9b4{ip: 192.168.164.197, host: pr-hdds-1868-qzls5-2202220713, networkLocation: /default-rack, certSerialId: null} reports an CLOSED replica.
2019-10-21 05:30:31,454 [EventQueue-ContainerReportForContainerReportHandler] WARN  container.ContainerReportHandler (AbstractContainerReportHandler.java:updateContainerState(145)) - Container #1 is in OPEN state, but the datanode de422f88-f067-42c5-9741-971d3fd4b460{ip: 192.168.164.197, host: pr-hdds-1868-qzls5-2202220713, networkLocation: /default-rack, certSerialId: null} reports an CLOSED replica.
2019-10-21 05:30:31,677 [BlockDeletingService#1] WARN  background.BlockDeletingService (BlockDeletingService.java:isDeletionAllowed(187)) - Close Container log Index 6 is not replicated across allthe servers in the pipeline ea95e8fe-4098-4221-913b-2b447d4c4854 as the min replicated index is 4. Deletion is not allowed in this container yet.
2019-10-21 05:30:31,682 [Thread-503] INFO  client.GrpcClientProtocolService (GrpcClientProtocolService.java:lambda$processClientRequest$0(279)) - Failed RaftClientRequest:client-B3AE2EAE799D->de422f88-f067-42c5-9741-971d3fd4b460@group-2B447D4C4854, cid=22, seq=0, Watch-ALL_COMMITTED(6), Message:<EMPTY>, reply=RaftClientReply:client-B3AE2EAE799D->de422f88-f067-42c5-9741-971d3fd4b460@group-2B447D4C4854, cid=22, FAILED org.apache.ratis.protocol.NotReplicatedException: Request with call Id 22 and log index 6 is not yet replicated to ALL_COMMITTED, logIndex=6, commits[de422f88-f067-42c5-9741-971d3fd4b460:c10, 10936abf-a8c2-471d-9c61-a43b910bc959:c4, 756d617c-4df0-4d16-a449-32c84fd3d9b4:c10]
2019-10-21 05:30:31,703 [BlockDeletingService#2] WARN  background.BlockDeletingService (BlockDeletingService.java:isDeletionAllowed(187)) - Close Container log Index 6 is not replicated across allthe servers in the pipeline ea95e8fe-4098-4221-913b-2b447d4c4854 as the min replicated index is 4. Deletion is not allowed in this container yet.
2019-10-21 05:30:31,744 [EventQueue-ContainerReportForContainerReportHandler] WARN  container.ContainerReportHandler (AbstractContainerReportHandler.java:updateContainerState(145)) - Container #1 is in OPEN state, but the datanode 756d617c-4df0-4d16-a449-32c84fd3d9b4{ip: 192.168.164.197, host: pr-hdds-1868-qzls5-2202220713, networkLocation: /default-rack, certSerialId: null} reports an CLOSED replica.
2019-10-21 05:30:31,754 [EventQueue-ContainerReportForContainerReportHandler] WARN  container.ContainerReportHandler (AbstractContainerReportHandler.java:updateContainerState(145)) - Container #1 is in OPEN state, but the datanode de422f88-f067-42c5-9741-971d3fd4b460{ip: 192.168.164.197, host: pr-hdds-1868-qzls5-2202220713, networkLocation: /default-rack, certSerialId: null} reports an CLOSED replica.
2019-10-21 05:30:32,044 [EventQueue-ContainerReportForContainerReportHandler] WARN  container.ContainerReportHandler (AbstractContainerReportHandler.java:updateContainerState(145)) - Container #1 is in OPEN state, but the datanode 756d617c-4df0-4d16-a449-32c84fd3d9b4{ip: 192.168.164.197, host: pr-hdds-1868-qzls5-2202220713, networkLocation: /default-rack, certSerialId: null} reports an CLOSED replica.
2019-10-21 05:30:32,054 [EventQueue-ContainerReportForContainerReportHandler] WARN  container.ContainerReportHandler (AbstractContainerReportHandler.java:updateContainerState(145)) - Container #1 is in OPEN state, but the datanode de422f88-f067-42c5-9741-971d3fd4b460{ip: 192.168.164.197, host: pr-hdds-1868-qzls5-2202220713, networkLocation: /default-rack, certSerialId: null} reports an CLOSED replica.
2019-10-21 05:30:32,243 [EventQueue-ContainerReportForContainerReportHandler] WARN  container.ContainerReportHandler (AbstractContainerReportHandler.java:updateContainerState(145)) - Container #1 is in OPEN state, but the datanode 756d617c-4df0-4d16-a449-32c84fd3d9b4{ip: 192.168.164.197, host: pr-hdds-1868-qzls5-2202220713, networkLocation: /default-rack, certSerialId: null} reports an CLOSED replica.
2019-10-21 05:30:32,355 [EventQueue-ContainerReportForContainerReportHandler] WARN  container.ContainerReportHandler (AbstractContainerReportHandler.java:updateContainerState(145)) - Container #1 is in OPEN state, but the datanode de422f88-f067-42c5-9741-971d3fd4b460{ip: 192.168.164.197, host: pr-hdds-1868-qzls5-2202220713, networkLocation: /default-rack, certSerialId: null} reports an CLOSED replica.
2019-10-21 05:30:32,469 [java.util.concurrent.ThreadPoolExecutor$Worker@60838a74[State = -1, empty queue]] WARN  server.GrpcLogAppender (GrpcLogAppender.java:timeoutAppendRequest(209)) - de422f88-f067-42c5-9741-971d3fd4b460@group-2B447D4C4854->10936abf-a8c2-471d-9c61-a43b910bc959-GrpcLogAppender: appendEntries Timeout, request=de422f88-f067-42c5-9741-971d3fd4b460->10936abf-a8c2-471d-9c61-a43b910bc959#43-t2, previous=(t:2, i:10), leaderCommit=10, initializing? false, entries: <empty>
2019-10-21 05:30:32,643 [EventQueue-ContainerReportForContainerReportHandler] WARN  container.ContainerReportHandler (AbstractContainerReportHandler.java:updateContainerState(145)) - Container #1 is in OPEN state, but the datanode 756d617c-4df0-4d16-a449-32c84fd3d9b4{ip: 192.168.164.197, host: pr-hdds-1868-qzls5-2202220713, networkLocation: /default-rack, certSerialId: null} reports an CLOSED replica.
2019-10-21 05:30:32,654 [EventQueue-ContainerReportForContainerReportHandler] WARN  container.ContainerReportHandler (AbstractContainerReportHandler.java:updateContainerState(145)) - Container #1 is in OPEN state, but the datanode de422f88-f067-42c5-9741-971d3fd4b460{ip: 192.168.164.197, host: pr-hdds-1868-qzls5-2202220713, networkLocation: /default-rack, certSerialId: null} reports an CLOSED replica.
2019-10-21 05:30:32,678 [BlockDeletingService#1] WARN  background.BlockDeletingService (BlockDeletingService.java:isDeletionAllowed(187)) - Close Container log Index 6 is not replicated across allthe servers in the pipeline ea95e8fe-4098-4221-913b-2b447d4c4854 as the min replicated index is 4. Deletion is not allowed in this container yet.
2019-10-21 05:30:32,704 [BlockDeletingService#2] WARN  background.BlockDeletingService (BlockDeletingService.java:isDeletionAllowed(187)) - Close Container log Index 6 is not replicated across allthe servers in the pipeline ea95e8fe-4098-4221-913b-2b447d4c4854 as the min replicated index is 4. Deletion is not allowed in this container yet.
2019-10-21 05:30:32,944 [EventQueue-ContainerReportForContainerReportHandler] WARN  container.ContainerReportHandler (AbstractContainerReportHandler.java:updateContainerState(145)) - Container #1 is in OPEN state, but the datanode 756d617c-4df0-4d16-a449-32c84fd3d9b4{ip: 192.168.164.197, host: pr-hdds-1868-qzls5-2202220713, networkLocation: /default-rack, certSerialId: null} reports an CLOSED replica.
2019-10-21 05:30:33,054 [EventQueue-ContainerReportForContainerReportHandler] WARN  container.ContainerReportHandler (AbstractContainerReportHandler.java:updateContainerState(145)) - Container #1 is in OPEN state, but the datanode de422f88-f067-42c5-9741-971d3fd4b460{ip: 192.168.164.197, host: pr-hdds-1868-qzls5-2202220713, networkLocation: /default-rack, certSerialId: null} reports an CLOSED replica.
2019-10-21 05:30:33,244 [EventQueue-ContainerReportForContainerReportHandler] WARN  container.ContainerReportHandler (AbstractContainerReportHandler.java:updateContainerState(145)) - Container #1 is in OPEN state, but the datanode 756d617c-4df0-4d16-a449-32c84fd3d9b4{ip: 192.168.164.197, host: pr-hdds-1868-qzls5-2202220713, networkLocation: /default-rack, certSerialId: null} reports an CLOSED replica.
2019-10-21 05:30:33,355 [EventQueue-ContainerReportForContainerReportHandler] WARN  container.ContainerReportHandler (AbstractContainerReportHandler.java:updateContainerState(145)) - Container #1 is in OPEN state, but the datanode de422f88-f067-42c5-9741-971d3fd4b460{ip: 192.168.164.197, host: pr-hdds-1868-qzls5-2202220713, networkLocation: /default-rack, certSerialId: null} reports an CLOSED replica.
2019-10-21 05:30:33,544 [EventQueue-ContainerReportForContainerReportHandler] WARN  container.ContainerReportHandler (AbstractContainerReportHandler.java:updateContainerState(145)) - Container #1 is in OPEN state, but the datanode 756d617c-4df0-4d16-a449-32c84fd3d9b4{ip: 192.168.164.197, host: pr-hdds-1868-qzls5-2202220713, networkLocation: /default-rack, certSerialId: null} reports an CLOSED replica.
2019-10-21 05:30:33,655 [EventQueue-ContainerReportForContainerReportHandler] WARN  container.ContainerReportHandler (AbstractContainerReportHandler.java:updateContainerState(145)) - Container #1 is in OPEN state, but the datanode de422f88-f067-42c5-9741-971d3fd4b460{ip: 192.168.164.197, host: pr-hdds-1868-qzls5-2202220713, networkLocation: /default-rack, certSerialId: null} reports an CLOSED replica.
2019-10-21 05:30:33,680 [BlockDeletingService#1] WARN  background.BlockDeletingService (BlockDeletingService.java:isDeletionAllowed(187)) - Close Container log Index 6 is not replicated across allthe servers in the pipeline ea95e8fe-4098-4221-913b-2b447d4c4854 as the min replicated index is 4. Deletion is not allowed in this container yet.
2019-10-21 05:30:33,705 [BlockDeletingService#2] WARN  background.BlockDeletingService (BlockDeletingService.java:isDeletionAllowed(187)) - Close Container log Index 6 is not replicated across allthe servers in the pipeline ea95e8fe-4098-4221-913b-2b447d4c4854 as the min replicated index is 4. Deletion is not allowed in this container yet.
2019-10-21 05:30:33,745 [EventQueue-ContainerReportForContainerReportHandler] WARN  container.ContainerReportHandler (AbstractContainerReportHandler.java:updateContainerState(145)) - Container #1 is in OPEN state, but the datanode 756d617c-4df0-4d16-a449-32c84fd3d9b4{ip: 192.168.164.197, host: pr-hdds-1868-qzls5-2202220713, networkLocation: /default-rack, certSerialId: null} reports an CLOSED replica.
2019-10-21 05:30:33,955 [EventQueue-ContainerReportForContainerReportHandler] WARN  container.ContainerReportHandler (AbstractContainerReportHandler.java:updateContainerState(145)) - Container #1 is in OPEN state, but the datanode de422f88-f067-42c5-9741-971d3fd4b460{ip: 192.168.164.197, host: pr-hdds-1868-qzls5-2202220713, networkLocation: /default-rack, certSerialId: null} reports an CLOSED replica.
2019-10-21 05:30:34,045 [EventQueue-ContainerReportForContainerReportHandler] WARN  container.ContainerReportHandler (AbstractContainerReportHandler.java:updateContainerState(145)) - Container #1 is in OPEN state, but the datanode 756d617c-4df0-4d16-a449-32c84fd3d9b4{ip: 192.168.164.197, host: pr-hdds-1868-qzls5-2202220713, networkLocation: /default-rack, certSerialId: null} reports an CLOSED replica.
2019-10-21 05:30:34,155 [EventQueue-ContainerReportForContainerReportHandler] WARN  container.ContainerReportHandler (AbstractContainerReportHandler.java:updateContainerState(145)) - Container #1 is in OPEN state, but the datanode de422f88-f067-42c5-9741-971d3fd4b460{ip: 192.168.164.197, host: pr-hdds-1868-qzls5-2202220713, networkLocation: /default-rack, certSerialId: null} reports an CLOSED replica.
2019-10-21 05:30:34,444 [EventQueue-ContainerReportForContainerReportHandler] WARN  container.ContainerReportHandler (AbstractContainerReportHandler.java:updateContainerState(145)) - Container #1 is in OPEN state, but the datanode 756d617c-4df0-4d16-a449-32c84fd3d9b4{ip: 192.168.164.197, host: pr-hdds-1868-qzls5-2202220713, networkLocation: /default-rack, certSerialId: null} reports an CLOSED replica.
2019-10-21 05:30:34,456 [EventQueue-ContainerReportForContainerReportHandler] WARN  container.ContainerReportHandler (AbstractContainerReportHandler.java:updateContainerState(145)) - Container #1 is in OPEN state, but the datanode de422f88-f067-42c5-9741-971d3fd4b460{ip: 192.168.164.197, host: pr-hdds-1868-qzls5-2202220713, networkLocation: /default-rack, certSerialId: null} reports an CLOSED replica.
2019-10-21 05:30:34,644 [EventQueue-ContainerReportForContainerReportHandler] WARN  container.ContainerReportHandler (AbstractContainerReportHandler.java:updateContainerState(145)) - Container #1 is in OPEN state, but the datanode 756d617c-4df0-4d16-a449-32c84fd3d9b4{ip: 192.168.164.197, host: pr-hdds-1868-qzls5-2202220713, networkLocation: /default-rack, certSerialId: null} reports an CLOSED replica.
2019-10-21 05:30:34,681 [BlockDeletingService#1] WARN  background.BlockDeletingService (BlockDeletingService.java:isDeletionAllowed(187)) - Close Container log Index 6 is not replicated across allthe servers in the pipeline ea95e8fe-4098-4221-913b-2b447d4c4854 as the min replicated index is 4. Deletion is not allowed in this container yet.
2019-10-21 05:30:34,706 [BlockDeletingService#2] WARN  background.BlockDeletingService (BlockDeletingService.java:isDeletionAllowed(187)) - Close Container log Index 6 is not replicated across allthe servers in the pipeline ea95e8fe-4098-4221-913b-2b447d4c4854 as the min replicated index is 4. Deletion is not allowed in this container yet.
2019-10-21 05:30:34,757 [EventQueue-ContainerReportForContainerReportHandler] WARN  container.ContainerReportHandler (AbstractContainerReportHandler.java:updateContainerState(145)) - Container #1 is in OPEN state, but the datanode de422f88-f067-42c5-9741-971d3fd4b460{ip: 192.168.164.197, host: pr-hdds-1868-qzls5-2202220713, networkLocation: /default-rack, certSerialId: null} reports an CLOSED replica.
2019-10-21 05:30:34,970 [java.util.concurrent.ThreadPoolExecutor$Worker@60838a74[State = -1, empty queue]] WARN  server.GrpcLogAppender (GrpcLogAppender.java:timeoutAppendRequest(209)) - de422f88-f067-42c5-9741-971d3fd4b460@group-2B447D4C4854->10936abf-a8c2-471d-9c61-a43b910bc959-GrpcLogAppender: appendEntries Timeout, request=de422f88-f067-42c5-9741-971d3fd4b460->10936abf-a8c2-471d-9c61-a43b910bc959#44-t2, previous=(t:2, i:10), leaderCommit=10, initializing? false, entries: <empty>
2019-10-21 05:30:35,044 [EventQueue-ContainerReportForContainerReportHandler] WARN  container.ContainerReportHandler (AbstractContainerReportHandler.java:updateContainerState(145)) - Container #1 is in OPEN state, but the datanode 756d617c-4df0-4d16-a449-32c84fd3d9b4{ip: 192.168.164.197, host: pr-hdds-1868-qzls5-2202220713, networkLocation: /default-rack, certSerialId: null} reports an CLOSED replica.
2019-10-21 05:30:35,157 [EventQueue-ContainerReportForContainerReportHandler] WARN  container.ContainerReportHandler (AbstractContainerReportHandler.java:updateContainerState(145)) - Container #1 is in OPEN state, but the datanode de422f88-f067-42c5-9741-971d3fd4b460{ip: 192.168.164.197, host: pr-hdds-1868-qzls5-2202220713, networkLocation: /default-rack, certSerialId: null} reports an CLOSED replica.
2019-10-21 05:30:35,245 [EventQueue-ContainerReportForContainerReportHandler] WARN  container.ContainerReportHandler (AbstractContainerReportHandler.java:updateContainerState(145)) - Container #1 is in OPEN state, but the datanode 756d617c-4df0-4d16-a449-32c84fd3d9b4{ip: 192.168.164.197, host: pr-hdds-1868-qzls5-2202220713, networkLocation: /default-rack, certSerialId: null} reports an CLOSED replica.
2019-10-21 05:30:35,457 [EventQueue-ContainerReportForContainerReportHandler] WARN  container.ContainerReportHandler (AbstractContainerReportHandler.java:updateContainerState(145)) - Container #1 is in OPEN state, but the datanode de422f88-f067-42c5-9741-971d3fd4b460{ip: 192.168.164.197, host: pr-hdds-1868-qzls5-2202220713, networkLocation: /default-rack, certSerialId: null} reports an CLOSED replica.
2019-10-21 05:30:35,545 [EventQueue-ContainerReportForContainerReportHandler] WARN  container.ContainerReportHandler (AbstractContainerReportHandler.java:updateContainerState(145)) - Container #1 is in OPEN state, but the datanode 756d617c-4df0-4d16-a449-32c84fd3d9b4{ip: 192.168.164.197, host: pr-hdds-1868-qzls5-2202220713, networkLocation: /default-rack, certSerialId: null} reports an CLOSED replica.
2019-10-21 05:30:35,683 [BlockDeletingService#1] WARN  background.BlockDeletingService (BlockDeletingService.java:isDeletionAllowed(187)) - Close Container log Index 6 is not replicated across allthe servers in the pipeline ea95e8fe-4098-4221-913b-2b447d4c4854 as the min replicated index is 4. Deletion is not allowed in this container yet.
2019-10-21 05:30:35,707 [BlockDeletingService#2] WARN  background.BlockDeletingService (BlockDeletingService.java:isDeletionAllowed(187)) - Close Container log Index 6 is not replicated across allthe servers in the pipeline ea95e8fe-4098-4221-913b-2b447d4c4854 as the min replicated index is 4. Deletion is not allowed in this container yet.
2019-10-21 05:30:35,845 [EventQueue-ContainerReportForContainerReportHandler] WARN  container.ContainerReportHandler (AbstractContainerReportHandler.java:updateContainerState(145)) - Container #1 is in OPEN state, but the datanode 756d617c-4df0-4d16-a449-32c84fd3d9b4{ip: 192.168.164.197, host: pr-hdds-1868-qzls5-2202220713, networkLocation: /default-rack, certSerialId: null} reports an CLOSED replica.
2019-10-21 05:30:35,857 [EventQueue-ContainerReportForContainerReportHandler] WARN  container.ContainerReportHandler (AbstractContainerReportHandler.java:updateContainerState(145)) - Container #1 is in OPEN state, but the datanode de422f88-f067-42c5-9741-971d3fd4b460{ip: 192.168.164.197, host: pr-hdds-1868-qzls5-2202220713, networkLocation: /default-rack, certSerialId: null} reports an CLOSED replica.
2019-10-21 05:30:36,058 [EventQueue-ContainerReportForContainerReportHandler] WARN  container.ContainerReportHandler (AbstractContainerReportHandler.java:updateContainerState(145)) - Container #1 is in OPEN state, but the datanode de422f88-f067-42c5-9741-971d3fd4b460{ip: 192.168.164.197, host: pr-hdds-1868-qzls5-2202220713, networkLocation: /default-rack, certSerialId: null} reports an CLOSED replica.
2019-10-21 05:30:36,145 [EventQueue-ContainerReportForContainerReportHandler] WARN  container.ContainerReportHandler (AbstractContainerReportHandler.java:updateContainerState(145)) - Container #1 is in OPEN state, but the datanode 756d617c-4df0-4d16-a449-32c84fd3d9b4{ip: 192.168.164.197, host: pr-hdds-1868-qzls5-2202220713, networkLocation: /default-rack, certSerialId: null} reports an CLOSED replica.
2019-10-21 05:30:36,458 [EventQueue-ContainerReportForContainerReportHandler] WARN  container.ContainerReportHandler (AbstractContainerReportHandler.java:updateContainerState(145)) - Container #1 is in OPEN state, but the datanode de422f88-f067-42c5-9741-971d3fd4b460{ip: 192.168.164.197, host: pr-hdds-1868-qzls5-2202220713, networkLocation: /default-rack, certSerialId: null} reports an CLOSED replica.
2019-10-21 05:30:36,545 [EventQueue-ContainerReportForContainerReportHandler] WARN  container.ContainerReportHandler (AbstractContainerReportHandler.java:updateContainerState(145)) - Container #1 is in OPEN state, but the datanode 756d617c-4df0-4d16-a449-32c84fd3d9b4{ip: 192.168.164.197, host: pr-hdds-1868-qzls5-2202220713, networkLocation: /default-rack, certSerialId: null} reports an CLOSED replica.
2019-10-21 05:30:36,684 [BlockDeletingService#1] WARN  background.BlockDeletingService (BlockDeletingService.java:isDeletionAllowed(187)) - Close Container log Index 6 is not replicated across allthe servers in the pipeline ea95e8fe-4098-4221-913b-2b447d4c4854 as the min replicated index is 4. Deletion is not allowed in this container yet.
2019-10-21 05:30:36,709 [BlockDeletingService#2] WARN  background.BlockDeletingService (BlockDeletingService.java:isDeletionAllowed(187)) - Close Container log Index 6 is not replicated across allthe servers in the pipeline ea95e8fe-4098-4221-913b-2b447d4c4854 as the min replicated index is 4. Deletion is not allowed in this container yet.
2019-10-21 05:30:36,857 [EventQueue-ContainerReportForContainerReportHandler] WARN  container.ContainerReportHandler (AbstractContainerReportHandler.java:updateContainerState(145)) - Container #1 is in OPEN state, but the datanode de422f88-f067-42c5-9741-971d3fd4b460{ip: 192.168.164.197, host: pr-hdds-1868-qzls5-2202220713, networkLocation: /default-rack, certSerialId: null} reports an CLOSED replica.
2019-10-21 05:30:36,944 [EventQueue-ContainerReportForContainerReportHandler] WARN  container.ContainerReportHandler (AbstractContainerReportHandler.java:updateContainerState(145)) - Container #1 is in OPEN state, but the datanode 756d617c-4df0-4d16-a449-32c84fd3d9b4{ip: 192.168.164.197, host: pr-hdds-1868-qzls5-2202220713, networkLocation: /default-rack, certSerialId: null} reports an CLOSED replica.
2019-10-21 05:30:37,058 [EventQueue-ContainerReportForContainerReportHandler] WARN  container.ContainerReportHandler (AbstractContainerReportHandler.java:updateContainerState(145)) - Container #1 is in OPEN state, but the datanode de422f88-f067-42c5-9741-971d3fd4b460{ip: 192.168.164.197, host: pr-hdds-1868-qzls5-2202220713, networkLocation: /default-rack, certSerialId: null} reports an CLOSED replica.
2019-10-21 05:30:37,245 [EventQueue-ContainerReportForContainerReportHandler] WARN  container.ContainerReportHandler (AbstractContainerReportHandler.java:updateContainerState(145)) - Container #1 is in OPEN state, but the datanode 756d617c-4df0-4d16-a449-32c84fd3d9b4{ip: 192.168.164.197, host: pr-hdds-1868-qzls5-2202220713, networkLocation: /default-rack, certSerialId: null} reports an CLOSED replica.
2019-10-21 05:30:37,359 [EventQueue-ContainerReportForContainerReportHandler] WARN  container.ContainerReportHandler (AbstractContainerReportHandler.java:updateContainerState(145)) - Container #1 is in OPEN state, but the datanode de422f88-f067-42c5-9741-971d3fd4b460{ip: 192.168.164.197, host: pr-hdds-1868-qzls5-2202220713, networkLocation: /default-rack, certSerialId: null} reports an CLOSED replica.
2019-10-21 05:30:37,471 [java.util.concurrent.ThreadPoolExecutor$Worker@60838a74[State = -1, empty queue]] WARN  server.GrpcLogAppender (GrpcLogAppender.java:timeoutAppendRequest(209)) - de422f88-f067-42c5-9741-971d3fd4b460@group-2B447D4C4854->10936abf-a8c2-471d-9c61-a43b910bc959-GrpcLogAppender: appendEntries Timeout, request=de422f88-f067-42c5-9741-971d3fd4b460->10936abf-a8c2-471d-9c61-a43b910bc959#45-t2, previous=(t:2, i:10), leaderCommit=10, initializing? false, entries: <empty>
2019-10-21 05:30:37,645 [EventQueue-ContainerReportForContainerReportHandler] WARN  container.ContainerReportHandler (AbstractContainerReportHandler.java:updateContainerState(145)) - Container #1 is in OPEN state, but the datanode 756d617c-4df0-4d16-a449-32c84fd3d9b4{ip: 192.168.164.197, host: pr-hdds-1868-qzls5-2202220713, networkLocation: /default-rack, certSerialId: null} reports an CLOSED replica.
2019-10-21 05:30:37,658 [EventQueue-ContainerReportForContainerReportHandler] WARN  container.ContainerReportHandler (AbstractContainerReportHandler.java:updateContainerState(145)) - Container #1 is in OPEN state, but the datanode de422f88-f067-42c5-9741-971d3fd4b460{ip: 192.168.164.197, host: pr-hdds-1868-qzls5-2202220713, networkLocation: /default-rack, certSerialId: null} reports an CLOSED replica.
2019-10-21 05:30:37,686 [BlockDeletingService#1] WARN  background.BlockDeletingService (BlockDeletingService.java:isDeletionAllowed(187)) - Close Container log Index 6 is not replicated across allthe servers in the pipeline ea95e8fe-4098-4221-913b-2b447d4c4854 as the min replicated index is 4. Deletion is not allowed in this container yet.
2019-10-21 05:30:37,710 [BlockDeletingService#2] WARN  background.BlockDeletingService (BlockDeletingService.java:isDeletionAllowed(187)) - Close Container log Index 6 is not replicated across allthe servers in the pipeline ea95e8fe-4098-4221-913b-2b447d4c4854 as the min replicated index is 4. Deletion is not allowed in this container yet.
2019-10-21 05:30:37,845 [EventQueue-ContainerReportForContainerReportHandler] WARN  container.ContainerReportHandler (AbstractContainerReportHandler.java:updateContainerState(145)) - Container #1 is in OPEN state, but the datanode 756d617c-4df0-4d16-a449-32c84fd3d9b4{ip: 192.168.164.197, host: pr-hdds-1868-qzls5-2202220713, networkLocation: /default-rack, certSerialId: null} reports an CLOSED replica.
2019-10-21 05:30:37,960 [EventQueue-ContainerReportForContainerReportHandler] WARN  container.ContainerReportHandler (AbstractContainerReportHandler.java:updateContainerState(145)) - Container #1 is in OPEN state, but the datanode de422f88-f067-42c5-9741-971d3fd4b460{ip: 192.168.164.197, host: pr-hdds-1868-qzls5-2202220713, networkLocation: /default-rack, certSerialId: null} reports an CLOSED replica.
2019-10-21 05:30:38,045 [EventQueue-ContainerReportForContainerReportHandler] WARN  container.ContainerReportHandler (AbstractContainerReportHandler.java:updateContainerState(145)) - Container #1 is in OPEN state, but the datanode 756d617c-4df0-4d16-a449-32c84fd3d9b4{ip: 192.168.164.197, host: pr-hdds-1868-qzls5-2202220713, networkLocation: /default-rack, certSerialId: null} reports an CLOSED replica.
2019-10-21 05:30:38,260 [EventQueue-ContainerReportForContainerReportHandler] WARN  container.ContainerReportHandler (AbstractContainerReportHandler.java:updateContainerState(145)) - Container #1 is in OPEN state, but the datanode de422f88-f067-42c5-9741-971d3fd4b460{ip: 192.168.164.197, host: pr-hdds-1868-qzls5-2202220713, networkLocation: /default-rack, certSerialId: null} reports an CLOSED replica.
2019-10-21 05:30:38,344 [EventQueue-ContainerReportForContainerReportHandler] WARN  container.ContainerReportHandler (AbstractContainerReportHandler.java:updateContainerState(145)) - Container #1 is in OPEN state, but the datanode 756d617c-4df0-4d16-a449-32c84fd3d9b4{ip: 192.168.164.197, host: pr-hdds-1868-qzls5-2202220713, networkLocation: /default-rack, certSerialId: null} reports an CLOSED replica.
2019-10-21 05:30:38,560 [EventQueue-ContainerReportForContainerReportHandler] WARN  container.ContainerReportHandler (AbstractContainerReportHandler.java:updateContainerState(145)) - Container #1 is in OPEN state, but the datanode de422f88-f067-42c5-9741-971d3fd4b460{ip: 192.168.164.197, host: pr-hdds-1868-qzls5-2202220713, networkLocation: /default-rack, certSerialId: null} reports an CLOSED replica.
2019-10-21 05:30:38,645 [EventQueue-ContainerReportForContainerReportHandler] WARN  container.ContainerReportHandler (AbstractContainerReportHandler.java:updateContainerState(145)) - Container #1 is in OPEN state, but the datanode 756d617c-4df0-4d16-a449-32c84fd3d9b4{ip: 192.168.164.197, host: pr-hdds-1868-qzls5-2202220713, networkLocation: /default-rack, certSerialId: null} reports an CLOSED replica.
2019-10-21 05:30:38,687 [BlockDeletingService#1] WARN  background.BlockDeletingService (BlockDeletingService.java:isDeletionAllowed(187)) - Close Container log Index 6 is not replicated across allthe servers in the pipeline ea95e8fe-4098-4221-913b-2b447d4c4854 as the min replicated index is 4. Deletion is not allowed in this container yet.
2019-10-21 05:30:38,711 [BlockDeletingService#2] WARN  background.BlockDeletingService (BlockDeletingService.java:isDeletionAllowed(187)) - Close Container log Index 6 is not replicated across allthe servers in the pipeline ea95e8fe-4098-4221-913b-2b447d4c4854 as the min replicated index is 4. Deletion is not allowed in this container yet.
2019-10-21 05:30:38,861 [EventQueue-ContainerReportForContainerReportHandler] WARN  container.ContainerReportHandler (AbstractContainerReportHandler.java:updateContainerState(145)) - Container #1 is in OPEN state, but the datanode de422f88-f067-42c5-9741-971d3fd4b460{ip: 192.168.164.197, host: pr-hdds-1868-qzls5-2202220713, networkLocation: /default-rack, certSerialId: null} reports an CLOSED replica.
2019-10-21 05:30:38,944 [EventQueue-ContainerReportForContainerReportHandler] WARN  container.ContainerReportHandler (AbstractContainerReportHandler.java:updateContainerState(145)) - Container #1 is in OPEN state, but the datanode 756d617c-4df0-4d16-a449-32c84fd3d9b4{ip: 192.168.164.197, host: pr-hdds-1868-qzls5-2202220713, networkLocation: /default-rack, certSerialId: null} reports an CLOSED replica.
2019-10-21 05:30:39,061 [EventQueue-ContainerReportForContainerReportHandler] WARN  container.ContainerReportHandler (AbstractContainerReportHandler.java:updateContainerState(145)) - Container #1 is in OPEN state, but the datanode de422f88-f067-42c5-9741-971d3fd4b460{ip: 192.168.164.197, host: pr-hdds-1868-qzls5-2202220713, networkLocation: /default-rack, certSerialId: null} reports an CLOSED replica.
2019-10-21 05:30:39,144 [EventQueue-ContainerReportForContainerReportHandler] WARN  container.ContainerReportHandler (AbstractContainerReportHandler.java:updateContainerState(145)) - Container #1 is in OPEN state, but the datanode 756d617c-4df0-4d16-a449-32c84fd3d9b4{ip: 192.168.164.197, host: pr-hdds-1868-qzls5-2202220713, networkLocation: /default-rack, certSerialId: null} reports an CLOSED replica.
2019-10-21 05:30:39,445 [EventQueue-ContainerReportForContainerReportHandler] WARN  container.ContainerReportHandler (AbstractContainerReportHandler.java:updateContainerState(145)) - Container #1 is in OPEN state, but the datanode 756d617c-4df0-4d16-a449-32c84fd3d9b4{ip: 192.168.164.197, host: pr-hdds-1868-qzls5-2202220713, networkLocation: /default-rack, certSerialId: null} reports an CLOSED replica.
2019-10-21 05:30:39,461 [EventQueue-ContainerReportForContainerReportHandler] WARN  container.ContainerReportHandler (AbstractContainerReportHandler.java:updateContainerState(145)) - Container #1 is in OPEN state, but the datanode de422f88-f067-42c5-9741-971d3fd4b460{ip: 192.168.164.197, host: pr-hdds-1868-qzls5-2202220713, networkLocation: /default-rack, certSerialId: null} reports an CLOSED replica.
2019-10-21 05:30:39,616 [Thread-525] INFO  client.GrpcClientProtocolService (GrpcClientProtocolService.java:lambda$processClientRequest$0(279)) - Failed RaftClientRequest:client-B3AE2EAE799D->756d617c-4df0-4d16-a449-32c84fd3d9b4@group-2B447D4C4854, cid=22, seq=0, Watch-ALL_COMMITTED(6), Message:<EMPTY>, reply=RaftClientReply:client-B3AE2EAE799D->756d617c-4df0-4d16-a449-32c84fd3d9b4@group-2B447D4C4854, cid=22, FAILED org.apache.ratis.protocol.NotLeaderException: Server 756d617c-4df0-4d16-a449-32c84fd3d9b4@group-2B447D4C4854 is not the leader de422f88-f067-42c5-9741-971d3fd4b460:192.168.164.197:37219, logIndex=0, commits[756d617c-4df0-4d16-a449-32c84fd3d9b4:c10, 10936abf-a8c2-471d-9c61-a43b910bc959:c4, de422f88-f067-42c5-9741-971d3fd4b460:c10]
2019-10-21 05:30:39,688 [BlockDeletingService#1] WARN  background.BlockDeletingService (BlockDeletingService.java:isDeletionAllowed(187)) - Close Container log Index 6 is not replicated across allthe servers in the pipeline ea95e8fe-4098-4221-913b-2b447d4c4854 as the min replicated index is 4. Deletion is not allowed in this container yet.
2019-10-21 05:30:39,711 [BlockDeletingService#2] WARN  background.BlockDeletingService (BlockDeletingService.java:isDeletionAllowed(187)) - Close Container log Index 6 is not replicated across allthe servers in the pipeline ea95e8fe-4098-4221-913b-2b447d4c4854 as the min replicated index is 4. Deletion is not allowed in this container yet.
2019-10-21 05:30:39,745 [EventQueue-ContainerReportForContainerReportHandler] WARN  container.ContainerReportHandler (AbstractContainerReportHandler.java:updateContainerState(145)) - Container #1 is in OPEN state, but the datanode 756d617c-4df0-4d16-a449-32c84fd3d9b4{ip: 192.168.164.197, host: pr-hdds-1868-qzls5-2202220713, networkLocation: /default-rack, certSerialId: null} reports an CLOSED replica.
2019-10-21 05:30:39,760 [EventQueue-ContainerReportForContainerReportHandler] WARN  container.ContainerReportHandler (AbstractContainerReportHandler.java:updateContainerState(145)) - Container #1 is in OPEN state, but the datanode de422f88-f067-42c5-9741-971d3fd4b460{ip: 192.168.164.197, host: pr-hdds-1868-qzls5-2202220713, networkLocation: /default-rack, certSerialId: null} reports an CLOSED replica.
2019-10-21 05:30:39,973 [java.util.concurrent.ThreadPoolExecutor$Worker@60838a74[State = -1, empty queue]] WARN  server.GrpcLogAppender (GrpcLogAppender.java:timeoutAppendRequest(209)) - de422f88-f067-42c5-9741-971d3fd4b460@group-2B447D4C4854->10936abf-a8c2-471d-9c61-a43b910bc959-GrpcLogAppender: appendEntries Timeout, request=de422f88-f067-42c5-9741-971d3fd4b460->10936abf-a8c2-471d-9c61-a43b910bc959#46-t2, previous=(t:2, i:10), leaderCommit=10, initializing? false, entries: <empty>
2019-10-21 05:30:40,046 [EventQueue-ContainerReportForContainerReportHandler] WARN  container.ContainerReportHandler (AbstractContainerReportHandler.java:updateContainerState(145)) - Container #1 is in OPEN state, but the datanode 756d617c-4df0-4d16-a449-32c84fd3d9b4{ip: 192.168.164.197, host: pr-hdds-1868-qzls5-2202220713, networkLocation: /default-rack, certSerialId: null} reports an CLOSED replica.
2019-10-21 05:30:40,060 [EventQueue-ContainerReportForContainerReportHandler] WARN  container.ContainerReportHandler (AbstractContainerReportHandler.java:updateContainerState(145)) - Container #1 is in OPEN state, but the datanode de422f88-f067-42c5-9741-971d3fd4b460{ip: 192.168.164.197, host: pr-hdds-1868-qzls5-2202220713, networkLocation: /default-rack, certSerialId: null} reports an CLOSED replica.
2019-10-21 05:30:40,245 [EventQueue-ContainerReportForContainerReportHandler] WARN  container.ContainerReportHandler (AbstractContainerReportHandler.java:updateContainerState(145)) - Container #1 is in OPEN state, but the datanode 756d617c-4df0-4d16-a449-32c84fd3d9b4{ip: 192.168.164.197, host: pr-hdds-1868-qzls5-2202220713, networkLocation: /default-rack, certSerialId: null} reports an CLOSED replica.
2019-10-21 05:30:40,261 [EventQueue-ContainerReportForContainerReportHandler] WARN  container.ContainerReportHandler (AbstractContainerReportHandler.java:updateContainerState(145)) - Container #1 is in OPEN state, but the datanode de422f88-f067-42c5-9741-971d3fd4b460{ip: 192.168.164.197, host: pr-hdds-1868-qzls5-2202220713, networkLocation: /default-rack, certSerialId: null} reports an CLOSED replica.
2019-10-21 05:30:40,646 [EventQueue-ContainerReportForContainerReportHandler] WARN  container.ContainerReportHandler (AbstractContainerReportHandler.java:updateContainerState(145)) - Container #1 is in OPEN state, but the datanode 756d617c-4df0-4d16-a449-32c84fd3d9b4{ip: 192.168.164.197, host: pr-hdds-1868-qzls5-2202220713, networkLocation: /default-rack, certSerialId: null} reports an CLOSED replica.
2019-10-21 05:30:40,662 [EventQueue-ContainerReportForContainerReportHandler] WARN  container.ContainerReportHandler (AbstractContainerReportHandler.java:updateContainerState(145)) - Container #1 is in OPEN state, but the datanode de422f88-f067-42c5-9741-971d3fd4b460{ip: 192.168.164.197, host: pr-hdds-1868-qzls5-2202220713, networkLocation: /default-rack, certSerialId: null} reports an CLOSED replica.
2019-10-21 05:30:40,682 [Thread-530] INFO  client.GrpcClientProtocolService (GrpcClientProtocolService.java:lambda$processClientRequest$0(279)) - Failed RaftClientRequest:client-B3AE2EAE799D->de422f88-f067-42c5-9741-971d3fd4b460@group-2B447D4C4854, cid=22, seq=0, Watch-ALL_COMMITTED(6), Message:<EMPTY>, reply=RaftClientReply:client-B3AE2EAE799D->de422f88-f067-42c5-9741-971d3fd4b460@group-2B447D4C4854, cid=22, FAILED org.apache.ratis.protocol.NotReplicatedException: Request with call Id 22 and log index 6 is not yet replicated to ALL_COMMITTED, logIndex=6, commits[de422f88-f067-42c5-9741-971d3fd4b460:c10, 10936abf-a8c2-471d-9c61-a43b910bc959:c4, 756d617c-4df0-4d16-a449-32c84fd3d9b4:c10]
2019-10-21 05:30:40,689 [BlockDeletingService#1] WARN  background.BlockDeletingService (BlockDeletingService.java:isDeletionAllowed(187)) - Close Container log Index 6 is not replicated across allthe servers in the pipeline ea95e8fe-4098-4221-913b-2b447d4c4854 as the min replicated index is 4. Deletion is not allowed in this container yet.
2019-10-21 05:30:40,713 [BlockDeletingService#2] WARN  background.BlockDeletingService (BlockDeletingService.java:isDeletionAllowed(187)) - Close Container log Index 6 is not replicated across allthe servers in the pipeline ea95e8fe-4098-4221-913b-2b447d4c4854 as the min replicated index is 4. Deletion is not allowed in this container yet.
2019-10-21 05:30:40,845 [EventQueue-ContainerReportForContainerReportHandler] WARN  container.ContainerReportHandler (AbstractContainerReportHandler.java:updateContainerState(145)) - Container #1 is in OPEN state, but the datanode 756d617c-4df0-4d16-a449-32c84fd3d9b4{ip: 192.168.164.197, host: pr-hdds-1868-qzls5-2202220713, networkLocation: /default-rack, certSerialId: null} reports an CLOSED replica.
2019-10-21 05:30:41,063 [EventQueue-ContainerReportForContainerReportHandler] WARN  container.ContainerReportHandler (AbstractContainerReportHandler.java:updateContainerState(145)) - Container #1 is in OPEN state, but the datanode de422f88-f067-42c5-9741-971d3fd4b460{ip: 192.168.164.197, host: pr-hdds-1868-qzls5-2202220713, networkLocation: /default-rack, certSerialId: null} reports an CLOSED replica.
2019-10-21 05:30:41,245 [EventQueue-ContainerReportForContainerReportHandler] WARN  container.ContainerReportHandler (AbstractContainerReportHandler.java:updateContainerState(145)) - Container #1 is in OPEN state, but the datanode 756d617c-4df0-4d16-a449-32c84fd3d9b4{ip: 192.168.164.197, host: pr-hdds-1868-qzls5-2202220713, networkLocation: /default-rack, certSerialId: null} reports an CLOSED replica.
2019-10-21 05:30:41,463 [EventQueue-ContainerReportForContainerReportHandler] WARN  container.ContainerReportHandler (AbstractContainerReportHandler.java:updateContainerState(145)) - Container #1 is in OPEN state, but the datanode de422f88-f067-42c5-9741-971d3fd4b460{ip: 192.168.164.197, host: pr-hdds-1868-qzls5-2202220713, networkLocation: /default-rack, certSerialId: null} reports an CLOSED replica.
2019-10-21 05:30:41,545 [EventQueue-ContainerReportForContainerReportHandler] WARN  container.ContainerReportHandler (AbstractContainerReportHandler.java:updateContainerState(145)) - Container #1 is in OPEN state, but the datanode 756d617c-4df0-4d16-a449-32c84fd3d9b4{ip: 192.168.164.197, host: pr-hdds-1868-qzls5-2202220713, networkLocation: /default-rack, certSerialId: null} reports an CLOSED replica.
2019-10-21 05:30:41,690 [BlockDeletingService#1] WARN  background.BlockDeletingService (BlockDeletingService.java:isDeletionAllowed(187)) - Close Container log Index 6 is not replicated across allthe servers in the pipeline ea95e8fe-4098-4221-913b-2b447d4c4854 as the min replicated index is 4. Deletion is not allowed in this container yet.
2019-10-21 05:30:41,716 [BlockDeletingService#2] WARN  background.BlockDeletingService (BlockDeletingService.java:isDeletionAllowed(187)) - Close Container log Index 6 is not replicated across allthe servers in the pipeline ea95e8fe-4098-4221-913b-2b447d4c4854 as the min replicated index is 4. Deletion is not allowed in this container yet.
2019-10-21 05:30:41,762 [EventQueue-ContainerReportForContainerReportHandler] WARN  container.ContainerReportHandler (AbstractContainerReportHandler.java:updateContainerState(145)) - Container #1 is in OPEN state, but the datanode de422f88-f067-42c5-9741-971d3fd4b460{ip: 192.168.164.197, host: pr-hdds-1868-qzls5-2202220713, networkLocation: /default-rack, certSerialId: null} reports an CLOSED replica.
2019-10-21 05:30:41,846 [EventQueue-ContainerReportForContainerReportHandler] WARN  container.ContainerReportHandler (AbstractContainerReportHandler.java:updateContainerState(145)) - Container #1 is in OPEN state, but the datanode 756d617c-4df0-4d16-a449-32c84fd3d9b4{ip: 192.168.164.197, host: pr-hdds-1868-qzls5-2202220713, networkLocation: /default-rack, certSerialId: null} reports an CLOSED replica.
2019-10-21 05:30:42,063 [EventQueue-ContainerReportForContainerReportHandler] WARN  container.ContainerReportHandler (AbstractContainerReportHandler.java:updateContainerState(145)) - Container #1 is in OPEN state, but the datanode de422f88-f067-42c5-9741-971d3fd4b460{ip: 192.168.164.197, host: pr-hdds-1868-qzls5-2202220713, networkLocation: /default-rack, certSerialId: null} reports an CLOSED replica.
2019-10-21 05:30:42,147 [EventQueue-ContainerReportForContainerReportHandler] WARN  container.ContainerReportHandler (AbstractContainerReportHandler.java:updateContainerState(145)) - Container #1 is in OPEN state, but the datanode 756d617c-4df0-4d16-a449-32c84fd3d9b4{ip: 192.168.164.197, host: pr-hdds-1868-qzls5-2202220713, networkLocation: /default-rack, certSerialId: null} reports an CLOSED replica.
2019-10-21 05:30:42,362 [EventQueue-ContainerReportForContainerReportHandler] WARN  container.ContainerReportHandler (AbstractContainerReportHandler.java:updateContainerState(145)) - Container #1 is in OPEN state, but the datanode de422f88-f067-42c5-9741-971d3fd4b460{ip: 192.168.164.197, host: pr-hdds-1868-qzls5-2202220713, networkLocation: /default-rack, certSerialId: null} reports an CLOSED replica.
2019-10-21 05:30:42,446 [EventQueue-ContainerReportForContainerReportHandler] WARN  container.ContainerReportHandler (AbstractContainerReportHandler.java:updateContainerState(145)) - Container #1 is in OPEN state, but the datanode 756d617c-4df0-4d16-a449-32c84fd3d9b4{ip: 192.168.164.197, host: pr-hdds-1868-qzls5-2202220713, networkLocation: /default-rack, certSerialId: null} reports an CLOSED replica.
2019-10-21 05:30:42,474 [java.util.concurrent.ThreadPoolExecutor$Worker@60838a74[State = -1, empty queue]] WARN  server.GrpcLogAppender (GrpcLogAppender.java:timeoutAppendRequest(209)) - de422f88-f067-42c5-9741-971d3fd4b460@group-2B447D4C4854->10936abf-a8c2-471d-9c61-a43b910bc959-GrpcLogAppender: appendEntries Timeout, request=de422f88-f067-42c5-9741-971d3fd4b460->10936abf-a8c2-471d-9c61-a43b910bc959#47-t2, previous=(t:2, i:10), leaderCommit=10, initializing? false, entries: <empty>
2019-10-21 05:30:42,562 [EventQueue-ContainerReportForContainerReportHandler] WARN  container.ContainerReportHandler (AbstractContainerReportHandler.java:updateContainerState(145)) - Container #1 is in OPEN state, but the datanode de422f88-f067-42c5-9741-971d3fd4b460{ip: 192.168.164.197, host: pr-hdds-1868-qzls5-2202220713, networkLocation: /default-rack, certSerialId: null} reports an CLOSED replica.
2019-10-21 05:30:42,693 [BlockDeletingService#1] WARN  background.BlockDeletingService (BlockDeletingService.java:isDeletionAllowed(187)) - Close Container log Index 6 is not replicated across allthe servers in the pipeline ea95e8fe-4098-4221-913b-2b447d4c4854 as the min replicated index is 4. Deletion is not allowed in this container yet.
2019-10-21 05:30:42,717 [BlockDeletingService#2] WARN  background.BlockDeletingService (BlockDeletingService.java:isDeletionAllowed(187)) - Close Container log Index 6 is not replicated across allthe servers in the pipeline ea95e8fe-4098-4221-913b-2b447d4c4854 as the min replicated index is 4. Deletion is not allowed in this container yet.
2019-10-21 05:30:42,747 [EventQueue-ContainerReportForContainerReportHandler] WARN  container.ContainerReportHandler (AbstractContainerReportHandler.java:updateContainerState(145)) - Container #1 is in OPEN state, but the datanode 756d617c-4df0-4d16-a449-32c84fd3d9b4{ip: 192.168.164.197, host: pr-hdds-1868-qzls5-2202220713, networkLocation: /default-rack, certSerialId: null} reports an CLOSED replica.
2019-10-21 05:30:42,862 [EventQueue-ContainerReportForContainerReportHandler] WARN  container.ContainerReportHandler (AbstractContainerReportHandler.java:updateContainerState(145)) - Container #1 is in OPEN state, but the datanode de422f88-f067-42c5-9741-971d3fd4b460{ip: 192.168.164.197, host: pr-hdds-1868-qzls5-2202220713, networkLocation: /default-rack, certSerialId: null} reports an CLOSED replica.
2019-10-21 05:30:43,046 [EventQueue-ContainerReportForContainerReportHandler] WARN  container.ContainerReportHandler (AbstractContainerReportHandler.java:updateContainerState(145)) - Container #1 is in OPEN state, but the datanode 756d617c-4df0-4d16-a449-32c84fd3d9b4{ip: 192.168.164.197, host: pr-hdds-1868-qzls5-2202220713, networkLocation: /default-rack, certSerialId: null} reports an CLOSED replica.
2019-10-21 05:30:43,263 [EventQueue-ContainerReportForContainerReportHandler] WARN  container.ContainerReportHandler (AbstractContainerReportHandler.java:updateContainerState(145)) - Container #1 is in OPEN state, but the datanode de422f88-f067-42c5-9741-971d3fd4b460{ip: 192.168.164.197, host: pr-hdds-1868-qzls5-2202220713, networkLocation: /default-rack, certSerialId: null} reports an CLOSED replica.
2019-10-21 05:30:43,347 [EventQueue-ContainerReportForContainerReportHandler] WARN  container.ContainerReportHandler (AbstractContainerReportHandler.java:updateContainerState(145)) - Container #1 is in OPEN state, but the datanode 756d617c-4df0-4d16-a449-32c84fd3d9b4{ip: 192.168.164.197, host: pr-hdds-1868-qzls5-2202220713, networkLocation: /default-rack, certSerialId: null} reports an CLOSED replica.
2019-10-21 05:30:43,564 [EventQueue-ContainerReportForContainerReportHandler] WARN  container.ContainerReportHandler (AbstractContainerReportHandler.java:updateContainerState(145)) - Container #1 is in OPEN state, but the datanode de422f88-f067-42c5-9741-971d3fd4b460{ip: 192.168.164.197, host: pr-hdds-1868-qzls5-2202220713, networkLocation: /default-rack, certSerialId: null} reports an CLOSED replica.
2019-10-21 05:30:43,694 [BlockDeletingService#1] WARN  background.BlockDeletingService (BlockDeletingService.java:isDeletionAllowed(187)) - Close Container log Index 6 is not replicated across allthe servers in the pipeline ea95e8fe-4098-4221-913b-2b447d4c4854 as the min replicated index is 4. Deletion is not allowed in this container yet.
2019-10-21 05:30:43,718 [BlockDeletingService#2] WARN  background.BlockDeletingService (BlockDeletingService.java:isDeletionAllowed(187)) - Close Container log Index 6 is not replicated across allthe servers in the pipeline ea95e8fe-4098-4221-913b-2b447d4c4854 as the min replicated index is 4. Deletion is not allowed in this container yet.
2019-10-21 05:30:43,746 [EventQueue-ContainerReportForContainerReportHandler] WARN  container.ContainerReportHandler (AbstractContainerReportHandler.java:updateContainerState(145)) - Container #1 is in OPEN state, but the datanode 756d617c-4df0-4d16-a449-32c84fd3d9b4{ip: 192.168.164.197, host: pr-hdds-1868-qzls5-2202220713, networkLocation: /default-rack, certSerialId: null} reports an CLOSED replica.
2019-10-21 05:30:43,865 [EventQueue-ContainerReportForContainerReportHandler] WARN  container.ContainerReportHandler (AbstractContainerReportHandler.java:updateContainerState(145)) - Container #1 is in OPEN state, but the datanode de422f88-f067-42c5-9741-971d3fd4b460{ip: 192.168.164.197, host: pr-hdds-1868-qzls5-2202220713, networkLocation: /default-rack, certSerialId: null} reports an CLOSED replica.
2019-10-21 05:30:44,046 [EventQueue-ContainerReportForContainerReportHandler] WARN  container.ContainerReportHandler (AbstractContainerReportHandler.java:updateContainerState(145)) - Container #1 is in OPEN state, but the datanode 756d617c-4df0-4d16-a449-32c84fd3d9b4{ip: 192.168.164.197, host: pr-hdds-1868-qzls5-2202220713, networkLocation: /default-rack, certSerialId: null} reports an CLOSED replica.
2019-10-21 05:30:44,064 [EventQueue-ContainerReportForContainerReportHandler] WARN  container.ContainerReportHandler (AbstractContainerReportHandler.java:updateContainerState(145)) - Container #1 is in OPEN state, but the datanode de422f88-f067-42c5-9741-971d3fd4b460{ip: 192.168.164.197, host: pr-hdds-1868-qzls5-2202220713, networkLocation: /default-rack, certSerialId: null} reports an CLOSED replica.
2019-10-21 05:30:44,347 [EventQueue-ContainerReportForContainerReportHandler] WARN  container.ContainerReportHandler (AbstractContainerReportHandler.java:updateContainerState(145)) - Container #1 is in OPEN state, but the datanode 756d617c-4df0-4d16-a449-32c84fd3d9b4{ip: 192.168.164.197, host: pr-hdds-1868-qzls5-2202220713, networkLocation: /default-rack, certSerialId: null} reports an CLOSED replica.
2019-10-21 05:30:44,364 [EventQueue-ContainerReportForContainerReportHandler] WARN  container.ContainerReportHandler (AbstractContainerReportHandler.java:updateContainerState(145)) - Container #1 is in OPEN state, but the datanode de422f88-f067-42c5-9741-971d3fd4b460{ip: 192.168.164.197, host: pr-hdds-1868-qzls5-2202220713, networkLocation: /default-rack, certSerialId: null} reports an CLOSED replica.
2019-10-21 05:30:44,665 [EventQueue-ContainerReportForContainerReportHandler] WARN  container.ContainerReportHandler (AbstractContainerReportHandler.java:updateContainerState(145)) - Container #1 is in OPEN state, but the datanode de422f88-f067-42c5-9741-971d3fd4b460{ip: 192.168.164.197, host: pr-hdds-1868-qzls5-2202220713, networkLocation: /default-rack, certSerialId: null} reports an CLOSED replica.
2019-10-21 05:30:44,695 [BlockDeletingService#1] WARN  background.BlockDeletingService (BlockDeletingService.java:isDeletionAllowed(187)) - Close Container log Index 6 is not replicated across allthe servers in the pipeline ea95e8fe-4098-4221-913b-2b447d4c4854 as the min replicated index is 4. Deletion is not allowed in this container yet.
2019-10-21 05:30:44,719 [BlockDeletingService#2] WARN  background.BlockDeletingService (BlockDeletingService.java:isDeletionAllowed(187)) - Close Container log Index 6 is not replicated across allthe servers in the pipeline ea95e8fe-4098-4221-913b-2b447d4c4854 as the min replicated index is 4. Deletion is not allowed in this container yet.
2019-10-21 05:30:44,748 [EventQueue-ContainerReportForContainerReportHandler] WARN  container.ContainerReportHandler (AbstractContainerReportHandler.java:updateContainerState(145)) - Container #1 is in OPEN state, but the datanode 756d617c-4df0-4d16-a449-32c84fd3d9b4{ip: 192.168.164.197, host: pr-hdds-1868-qzls5-2202220713, networkLocation: /default-rack, certSerialId: null} reports an CLOSED replica.
2019-10-21 05:30:44,864 [EventQueue-ContainerReportForContainerReportHandler] WARN  container.ContainerReportHandler (AbstractContainerReportHandler.java:updateContainerState(145)) - Container #1 is in OPEN state, but the datanode de422f88-f067-42c5-9741-971d3fd4b460{ip: 192.168.164.197, host: pr-hdds-1868-qzls5-2202220713, networkLocation: /default-rack, certSerialId: null} reports an CLOSED replica.
2019-10-21 05:30:44,974 [java.util.concurrent.ThreadPoolExecutor$Worker@60838a74[State = -1, empty queue]] WARN  server.GrpcLogAppender (GrpcLogAppender.java:timeoutAppendRequest(209)) - de422f88-f067-42c5-9741-971d3fd4b460@group-2B447D4C4854->10936abf-a8c2-471d-9c61-a43b910bc959-GrpcLogAppender: appendEntries Timeout, request=de422f88-f067-42c5-9741-971d3fd4b460->10936abf-a8c2-471d-9c61-a43b910bc959#48-t2, previous=(t:2, i:10), leaderCommit=10, initializing? false, entries: <empty>
2019-10-21 05:30:45,048 [EventQueue-ContainerReportForContainerReportHandler] WARN  container.ContainerReportHandler (AbstractContainerReportHandler.java:updateContainerState(145)) - Container #1 is in OPEN state, but the datanode 756d617c-4df0-4d16-a449-32c84fd3d9b4{ip: 192.168.164.197, host: pr-hdds-1868-qzls5-2202220713, networkLocation: /default-rack, certSerialId: null} reports an CLOSED replica.
2019-10-21 05:30:45,164 [EventQueue-ContainerReportForContainerReportHandler] WARN  container.ContainerReportHandler (AbstractContainerReportHandler.java:updateContainerState(145)) - Container #1 is in OPEN state, but the datanode de422f88-f067-42c5-9741-971d3fd4b460{ip: 192.168.164.197, host: pr-hdds-1868-qzls5-2202220713, networkLocation: /default-rack, certSerialId: null} reports an CLOSED replica.
2019-10-21 05:30:45,447 [EventQueue-ContainerReportForContainerReportHandler] WARN  container.ContainerReportHandler (AbstractContainerReportHandler.java:updateContainerState(145)) - Container #1 is in OPEN state, but the datanode 756d617c-4df0-4d16-a449-32c84fd3d9b4{ip: 192.168.164.197, host: pr-hdds-1868-qzls5-2202220713, networkLocation: /default-rack, certSerialId: null} reports an CLOSED replica.
2019-10-21 05:30:45,465 [EventQueue-ContainerReportForContainerReportHandler] WARN  container.ContainerReportHandler (AbstractContainerReportHandler.java:updateContainerState(145)) - Container #1 is in OPEN state, but the datanode de422f88-f067-42c5-9741-971d3fd4b460{ip: 192.168.164.197, host: pr-hdds-1868-qzls5-2202220713, networkLocation: /default-rack, certSerialId: null} reports an CLOSED replica.
2019-10-21 05:30:45,647 [EventQueue-ContainerReportForContainerReportHandler] WARN  container.ContainerReportHandler (AbstractContainerReportHandler.java:updateContainerState(145)) - Container #1 is in OPEN state, but the datanode 756d617c-4df0-4d16-a449-32c84fd3d9b4{ip: 192.168.164.197, host: pr-hdds-1868-qzls5-2202220713, networkLocation: /default-rack, certSerialId: null} reports an CLOSED replica.
2019-10-21 05:30:45,665 [EventQueue-ContainerReportForContainerReportHandler] WARN  container.ContainerReportHandler (AbstractContainerReportHandler.java:updateContainerState(145)) - Container #1 is in OPEN state, but the datanode de422f88-f067-42c5-9741-971d3fd4b460{ip: 192.168.164.197, host: pr-hdds-1868-qzls5-2202220713, networkLocation: /default-rack, certSerialId: null} reports an CLOSED replica.
2019-10-21 05:30:45,696 [BlockDeletingService#1] WARN  background.BlockDeletingService (BlockDeletingService.java:isDeletionAllowed(187)) - Close Container log Index 6 is not replicated across allthe servers in the pipeline ea95e8fe-4098-4221-913b-2b447d4c4854 as the min replicated index is 4. Deletion is not allowed in this container yet.
2019-10-21 05:30:45,721 [BlockDeletingService#2] WARN  background.BlockDeletingService (BlockDeletingService.java:isDeletionAllowed(187)) - Close Container log Index 6 is not replicated across allthe servers in the pipeline ea95e8fe-4098-4221-913b-2b447d4c4854 as the min replicated index is 4. Deletion is not allowed in this container yet.
2019-10-21 05:30:45,947 [EventQueue-ContainerReportForContainerReportHandler] WARN  container.ContainerReportHandler (AbstractContainerReportHandler.java:updateContainerState(145)) - Container #1 is in OPEN state, but the datanode 756d617c-4df0-4d16-a449-32c84fd3d9b4{ip: 192.168.164.197, host: pr-hdds-1868-qzls5-2202220713, networkLocation: /default-rack, certSerialId: null} reports an CLOSED replica.
2019-10-21 05:30:46,065 [EventQueue-ContainerReportForContainerReportHandler] WARN  container.ContainerReportHandler (AbstractContainerReportHandler.java:updateContainerState(145)) - Container #1 is in OPEN state, but the datanode de422f88-f067-42c5-9741-971d3fd4b460{ip: 192.168.164.197, host: pr-hdds-1868-qzls5-2202220713, networkLocation: /default-rack, certSerialId: null} reports an CLOSED replica.
2019-10-21 05:30:46,147 [EventQueue-ContainerReportForContainerReportHandler] WARN  container.ContainerReportHandler (AbstractContainerReportHandler.java:updateContainerState(145)) - Container #1 is in OPEN state, but the datanode 756d617c-4df0-4d16-a449-32c84fd3d9b4{ip: 192.168.164.197, host: pr-hdds-1868-qzls5-2202220713, networkLocation: /default-rack, certSerialId: null} reports an CLOSED replica.
2019-10-21 05:30:46,266 [EventQueue-ContainerReportForContainerReportHandler] WARN  container.ContainerReportHandler (AbstractContainerReportHandler.java:updateContainerState(145)) - Container #1 is in OPEN state, but the datanode de422f88-f067-42c5-9741-971d3fd4b460{ip: 192.168.164.197, host: pr-hdds-1868-qzls5-2202220713, networkLocation: /default-rack, certSerialId: null} reports an CLOSED replica.
2019-10-21 05:30:46,467 [EventQueue-ContainerReportForContainerReportHandler] WARN  container.ContainerReportHandler (AbstractContainerReportHandler.java:updateContainerState(145)) - Container #1 is in OPEN state, but the datanode de422f88-f067-42c5-9741-971d3fd4b460{ip: 192.168.164.197, host: pr-hdds-1868-qzls5-2202220713, networkLocation: /default-rack, certSerialId: null} reports an CLOSED replica.
2019-10-21 05:30:46,548 [EventQueue-ContainerReportForContainerReportHandler] WARN  container.ContainerReportHandler (AbstractContainerReportHandler.java:updateContainerState(145)) - Container #1 is in OPEN state, but the datanode 756d617c-4df0-4d16-a449-32c84fd3d9b4{ip: 192.168.164.197, host: pr-hdds-1868-qzls5-2202220713, networkLocation: /default-rack, certSerialId: null} reports an CLOSED replica.
2019-10-21 05:30:46,697 [BlockDeletingService#1] WARN  background.BlockDeletingService (BlockDeletingService.java:isDeletionAllowed(187)) - Close Container log Index 6 is not replicated across allthe servers in the pipeline ea95e8fe-4098-4221-913b-2b447d4c4854 as the min replicated index is 4. Deletion is not allowed in this container yet.
2019-10-21 05:30:46,723 [BlockDeletingService#2] WARN  background.BlockDeletingService (BlockDeletingService.java:isDeletionAllowed(187)) - Close Container log Index 6 is not replicated across allthe servers in the pipeline ea95e8fe-4098-4221-913b-2b447d4c4854 as the min replicated index is 4. Deletion is not allowed in this container yet.
2019-10-21 05:30:46,748 [EventQueue-ContainerReportForContainerReportHandler] WARN  container.ContainerReportHandler (AbstractContainerReportHandler.java:updateContainerState(145)) - Container #1 is in OPEN state, but the datanode 756d617c-4df0-4d16-a449-32c84fd3d9b4{ip: 192.168.164.197, host: pr-hdds-1868-qzls5-2202220713, networkLocation: /default-rack, certSerialId: null} reports an CLOSED replica.
2019-10-21 05:30:46,767 [EventQueue-ContainerReportForContainerReportHandler] WARN  container.ContainerReportHandler (AbstractContainerReportHandler.java:updateContainerState(145)) - Container #1 is in OPEN state, but the datanode de422f88-f067-42c5-9741-971d3fd4b460{ip: 192.168.164.197, host: pr-hdds-1868-qzls5-2202220713, networkLocation: /default-rack, certSerialId: null} reports an CLOSED replica.
2019-10-21 05:30:46,967 [EventQueue-ContainerReportForContainerReportHandler] WARN  container.ContainerReportHandler (AbstractContainerReportHandler.java:updateContainerState(145)) - Container #1 is in OPEN state, but the datanode de422f88-f067-42c5-9741-971d3fd4b460{ip: 192.168.164.197, host: pr-hdds-1868-qzls5-2202220713, networkLocation: /default-rack, certSerialId: null} reports an CLOSED replica.
2019-10-21 05:30:47,148 [EventQueue-ContainerReportForContainerReportHandler] WARN  container.ContainerReportHandler (AbstractContainerReportHandler.java:updateContainerState(145)) - Container #1 is in OPEN state, but the datanode 756d617c-4df0-4d16-a449-32c84fd3d9b4{ip: 192.168.164.197, host: pr-hdds-1868-qzls5-2202220713, networkLocation: /default-rack, certSerialId: null} reports an CLOSED replica.
2019-10-21 05:30:47,268 [EventQueue-ContainerReportForContainerReportHandler] WARN  container.ContainerReportHandler (AbstractContainerReportHandler.java:updateContainerState(145)) - Container #1 is in OPEN state, but the datanode de422f88-f067-42c5-9741-971d3fd4b460{ip: 192.168.164.197, host: pr-hdds-1868-qzls5-2202220713, networkLocation: /default-rack, certSerialId: null} reports an CLOSED replica.
2019-10-21 05:30:47,348 [EventQueue-ContainerReportForContainerReportHandler] WARN  container.ContainerReportHandler (AbstractContainerReportHandler.java:updateContainerState(145)) - Container #1 is in OPEN state, but the datanode 756d617c-4df0-4d16-a449-32c84fd3d9b4{ip: 192.168.164.197, host: pr-hdds-1868-qzls5-2202220713, networkLocation: /default-rack, certSerialId: null} reports an CLOSED replica.
2019-10-21 05:30:47,475 [java.util.concurrent.ThreadPoolExecutor$Worker@60838a74[State = -1, empty queue]] WARN  server.GrpcLogAppender (GrpcLogAppender.java:timeoutAppendRequest(209)) - de422f88-f067-42c5-9741-971d3fd4b460@group-2B447D4C4854->10936abf-a8c2-471d-9c61-a43b910bc959-GrpcLogAppender: appendEntries Timeout, request=de422f88-f067-42c5-9741-971d3fd4b460->10936abf-a8c2-471d-9c61-a43b910bc959#49-t2, previous=(t:2, i:10), leaderCommit=10, initializing? false, entries: <empty>
2019-10-21 05:30:47,568 [EventQueue-ContainerReportForContainerReportHandler] WARN  container.ContainerReportHandler (AbstractContainerReportHandler.java:updateContainerState(145)) - Container #1 is in OPEN state, but the datanode de422f88-f067-42c5-9741-971d3fd4b460{ip: 192.168.164.197, host: pr-hdds-1868-qzls5-2202220713, networkLocation: /default-rack, certSerialId: null} reports an CLOSED replica.
2019-10-21 05:30:47,648 [EventQueue-ContainerReportForContainerReportHandler] WARN  container.ContainerReportHandler (AbstractContainerReportHandler.java:updateContainerState(145)) - Container #1 is in OPEN state, but the datanode 756d617c-4df0-4d16-a449-32c84fd3d9b4{ip: 192.168.164.197, host: pr-hdds-1868-qzls5-2202220713, networkLocation: /default-rack, certSerialId: null} reports an CLOSED replica.
2019-10-21 05:30:47,698 [BlockDeletingService#1] WARN  background.BlockDeletingService (BlockDeletingService.java:isDeletionAllowed(187)) - Close Container log Index 6 is not replicated across allthe servers in the pipeline ea95e8fe-4098-4221-913b-2b447d4c4854 as the min replicated index is 4. Deletion is not allowed in this container yet.
2019-10-21 05:30:47,724 [BlockDeletingService#2] WARN  background.BlockDeletingService (BlockDeletingService.java:isDeletionAllowed(187)) - Close Container log Index 6 is not replicated across allthe servers in the pipeline ea95e8fe-4098-4221-913b-2b447d4c4854 as the min replicated index is 4. Deletion is not allowed in this container yet.
2019-10-21 05:30:47,868 [EventQueue-ContainerReportForContainerReportHandler] WARN  container.ContainerReportHandler (AbstractContainerReportHandler.java:updateContainerState(145)) - Container #1 is in OPEN state, but the datanode de422f88-f067-42c5-9741-971d3fd4b460{ip: 192.168.164.197, host: pr-hdds-1868-qzls5-2202220713, networkLocation: /default-rack, certSerialId: null} reports an CLOSED replica.
2019-10-21 05:30:48,048 [EventQueue-ContainerReportForContainerReportHandler] WARN  container.ContainerReportHandler (AbstractContainerReportHandler.java:updateContainerState(145)) - Container #1 is in OPEN state, but the datanode 756d617c-4df0-4d16-a449-32c84fd3d9b4{ip: 192.168.164.197, host: pr-hdds-1868-qzls5-2202220713, networkLocation: /default-rack, certSerialId: null} reports an CLOSED replica.
2019-10-21 05:30:48,068 [EventQueue-ContainerReportForContainerReportHandler] WARN  container.ContainerReportHandler (AbstractContainerReportHandler.java:updateContainerState(145)) - Container #1 is in OPEN state, but the datanode de422f88-f067-42c5-9741-971d3fd4b460{ip: 192.168.164.197, host: pr-hdds-1868-qzls5-2202220713, networkLocation: /default-rack, certSerialId: null} reports an CLOSED replica.
2019-10-21 05:30:48,248 [EventQueue-ContainerReportForContainerReportHandler] WARN  container.ContainerReportHandler (AbstractContainerReportHandler.java:updateContainerState(145)) - Container #1 is in OPEN state, but the datanode 756d617c-4df0-4d16-a449-32c84fd3d9b4{ip: 192.168.164.197, host: pr-hdds-1868-qzls5-2202220713, networkLocation: /default-rack, certSerialId: null} reports an CLOSED replica.
2019-10-21 05:30:48,268 [EventQueue-ContainerReportForContainerReportHandler] WARN  container.ContainerReportHandler (AbstractContainerReportHandler.java:updateContainerState(145)) - Container #1 is in OPEN state, but the datanode de422f88-f067-42c5-9741-971d3fd4b460{ip: 192.168.164.197, host: pr-hdds-1868-qzls5-2202220713, networkLocation: /default-rack, certSerialId: null} reports an CLOSED replica.
2019-10-21 05:30:48,548 [EventQueue-ContainerReportForContainerReportHandler] WARN  container.ContainerReportHandler (AbstractContainerReportHandler.java:updateContainerState(145)) - Container #1 is in OPEN state, but the datanode 756d617c-4df0-4d16-a449-32c84fd3d9b4{ip: 192.168.164.197, host: pr-hdds-1868-qzls5-2202220713, networkLocation: /default-rack, certSerialId: null} reports an CLOSED replica.
2019-10-21 05:30:48,642 [Thread-552] INFO  client.GrpcClientProtocolService (GrpcClientProtocolService.java:lambda$processClientRequest$0(279)) - Failed RaftClientRequest:client-B3AE2EAE799D->756d617c-4df0-4d16-a449-32c84fd3d9b4@group-2B447D4C4854, cid=22, seq=0, Watch-ALL_COMMITTED(6), Message:<EMPTY>, reply=RaftClientReply:client-B3AE2EAE799D->756d617c-4df0-4d16-a449-32c84fd3d9b4@group-2B447D4C4854, cid=22, FAILED org.apache.ratis.protocol.NotLeaderException: Server 756d617c-4df0-4d16-a449-32c84fd3d9b4@group-2B447D4C4854 is not the leader de422f88-f067-42c5-9741-971d3fd4b460:192.168.164.197:37219, logIndex=0, commits[756d617c-4df0-4d16-a449-32c84fd3d9b4:c10, 10936abf-a8c2-471d-9c61-a43b910bc959:c4, de422f88-f067-42c5-9741-971d3fd4b460:c10]
2019-10-21 05:30:48,669 [EventQueue-ContainerReportForContainerReportHandler] WARN  container.ContainerReportHandler (AbstractContainerReportHandler.java:updateContainerState(145)) - Container #1 is in OPEN state, but the datanode de422f88-f067-42c5-9741-971d3fd4b460{ip: 192.168.164.197, host: pr-hdds-1868-qzls5-2202220713, networkLocation: /default-rack, certSerialId: null} reports an CLOSED replica.
2019-10-21 05:30:48,700 [BlockDeletingService#1] WARN  background.BlockDeletingService (BlockDeletingService.java:isDeletionAllowed(187)) - Close Container log Index 6 is not replicated across allthe servers in the pipeline ea95e8fe-4098-4221-913b-2b447d4c4854 as the min replicated index is 4. Deletion is not allowed in this container yet.
2019-10-21 05:30:48,725 [BlockDeletingService#2] WARN  background.BlockDeletingService (BlockDeletingService.java:isDeletionAllowed(187)) - Close Container log Index 6 is not replicated across allthe servers in the pipeline ea95e8fe-4098-4221-913b-2b447d4c4854 as the min replicated index is 4. Deletion is not allowed in this container yet.
2019-10-21 05:30:48,849 [EventQueue-ContainerReportForContainerReportHandler] WARN  container.ContainerReportHandler (AbstractContainerReportHandler.java:updateContainerState(145)) - Container #1 is in OPEN state, but the datanode 756d617c-4df0-4d16-a449-32c84fd3d9b4{ip: 192.168.164.197, host: pr-hdds-1868-qzls5-2202220713, networkLocation: /default-rack, certSerialId: null} reports an CLOSED replica.
2019-10-21 05:30:49,069 [EventQueue-ContainerReportForContainerReportHandler] WARN  container.ContainerReportHandler (AbstractContainerReportHandler.java:updateContainerState(145)) - Container #1 is in OPEN state, but the datanode de422f88-f067-42c5-9741-971d3fd4b460{ip: 192.168.164.197, host: pr-hdds-1868-qzls5-2202220713, networkLocation: /default-rack, certSerialId: null} reports an CLOSED replica.
2019-10-21 05:30:49,149 [EventQueue-ContainerReportForContainerReportHandler] WARN  container.ContainerReportHandler (AbstractContainerReportHandler.java:updateContainerState(145)) - Container #1 is in OPEN state, but the datanode 756d617c-4df0-4d16-a449-32c84fd3d9b4{ip: 192.168.164.197, host: pr-hdds-1868-qzls5-2202220713, networkLocation: /default-rack, certSerialId: null} reports an CLOSED replica.
2019-10-21 05:30:49,154 [EventQueue-StaleNodeForStaleNodeHandler] INFO  node.StaleNodeHandler (StaleNodeHandler.java:onMessage(58)) - Datanode 10936abf-a8c2-471d-9c61-a43b910bc959{ip: 192.168.164.197, host: pr-hdds-1868-qzls5-2202220713, networkLocation: /default-rack, certSerialId: null} moved to stale state. Finalizing its pipelines [PipelineID=818444d4-905e-43ea-bac6-a89c89c2d8ee, PipelineID=ea95e8fe-4098-4221-913b-2b447d4c4854]
2019-10-21 05:30:49,154 [EventQueue-StaleNodeForStaleNodeHandler] INFO  pipeline.SCMPipelineManager (SCMPipelineManager.java:finalizeAndDestroyPipeline(343)) - destroying pipeline:Pipeline[ Id: 818444d4-905e-43ea-bac6-a89c89c2d8ee, Nodes: 10936abf-a8c2-471d-9c61-a43b910bc959{ip: 192.168.164.197, host: pr-hdds-1868-qzls5-2202220713, networkLocation: /default-rack, certSerialId: null}, Type:RATIS, Factor:ONE, State:OPEN]
2019-10-21 05:30:49,154 [EventQueue-StaleNodeForStaleNodeHandler] INFO  pipeline.PipelineStateManager (PipelineStateManager.java:finalizePipeline(121)) - Pipeline Pipeline[ Id: 818444d4-905e-43ea-bac6-a89c89c2d8ee, Nodes: 10936abf-a8c2-471d-9c61-a43b910bc959{ip: 192.168.164.197, host: pr-hdds-1868-qzls5-2202220713, networkLocation: /default-rack, certSerialId: null}, Type:RATIS, Factor:ONE, State:CLOSED] moved to CLOSED state
2019-10-21 05:30:49,156 [EventQueue-StaleNodeForStaleNodeHandler] INFO  pipeline.SCMPipelineManager (SCMPipelineManager.java:finalizeAndDestroyPipeline(343)) - destroying pipeline:Pipeline[ Id: ea95e8fe-4098-4221-913b-2b447d4c4854, Nodes: de422f88-f067-42c5-9741-971d3fd4b460{ip: 192.168.164.197, host: pr-hdds-1868-qzls5-2202220713, networkLocation: /default-rack, certSerialId: null}756d617c-4df0-4d16-a449-32c84fd3d9b4{ip: 192.168.164.197, host: pr-hdds-1868-qzls5-2202220713, networkLocation: /default-rack, certSerialId: null}10936abf-a8c2-471d-9c61-a43b910bc959{ip: 192.168.164.197, host: pr-hdds-1868-qzls5-2202220713, networkLocation: /default-rack, certSerialId: null}, Type:RATIS, Factor:THREE, State:OPEN]
2019-10-21 05:30:49,156 [EventQueue-StaleNodeForStaleNodeHandler] INFO  pipeline.PipelineStateManager (PipelineStateManager.java:finalizePipeline(121)) - Pipeline Pipeline[ Id: ea95e8fe-4098-4221-913b-2b447d4c4854, Nodes: de422f88-f067-42c5-9741-971d3fd4b460{ip: 192.168.164.197, host: pr-hdds-1868-qzls5-2202220713, networkLocation: /default-rack, certSerialId: null}756d617c-4df0-4d16-a449-32c84fd3d9b4{ip: 192.168.164.197, host: pr-hdds-1868-qzls5-2202220713, networkLocation: /default-rack, certSerialId: null}10936abf-a8c2-471d-9c61-a43b910bc959{ip: 192.168.164.197, host: pr-hdds-1868-qzls5-2202220713, networkLocation: /default-rack, certSerialId: null}, Type:RATIS, Factor:THREE, State:CLOSED] moved to CLOSED state
2019-10-21 05:30:49,157 [EventQueue-CloseContainerForCloseContainerEventHandler] INFO  container.CloseContainerEventHandler (CloseContainerEventHandler.java:onMessage(61)) - Close container Event triggered for container : #1
2019-10-21 05:30:49,368 [EventQueue-ContainerReportForContainerReportHandler] INFO  container.ContainerReportHandler (AbstractContainerReportHandler.java:updateContainerState(178)) - Moving container #1 to CLOSED state, datanode de422f88-f067-42c5-9741-971d3fd4b460{ip: 192.168.164.197, host: pr-hdds-1868-qzls5-2202220713, networkLocation: /default-rack, certSerialId: null} reported CLOSED replica.
2019-10-21 05:30:49,682 [Thread-561] INFO  client.GrpcClientProtocolService (GrpcClientProtocolService.java:lambda$processClientRequest$0(279)) - Failed RaftClientRequest:client-B3AE2EAE799D->de422f88-f067-42c5-9741-971d3fd4b460@group-2B447D4C4854, cid=22, seq=0, Watch-ALL_COMMITTED(6), Message:<EMPTY>, reply=RaftClientReply:client-B3AE2EAE799D->de422f88-f067-42c5-9741-971d3fd4b460@group-2B447D4C4854, cid=22, FAILED org.apache.ratis.protocol.NotReplicatedException: Request with call Id 22 and log index 6 is not yet replicated to ALL_COMMITTED, logIndex=6, commits[de422f88-f067-42c5-9741-971d3fd4b460:c10, 10936abf-a8c2-471d-9c61-a43b910bc959:c4, 756d617c-4df0-4d16-a449-32c84fd3d9b4:c10]
2019-10-21 05:30:49,701 [BlockDeletingService#1] WARN  background.BlockDeletingService (BlockDeletingService.java:isDeletionAllowed(187)) - Close Container log Index 6 is not replicated across allthe servers in the pipeline ea95e8fe-4098-4221-913b-2b447d4c4854 as the min replicated index is 4. Deletion is not allowed in this container yet.
2019-10-21 05:30:49,726 [BlockDeletingService#2] WARN  background.BlockDeletingService (BlockDeletingService.java:isDeletionAllowed(187)) - Close Container log Index 6 is not replicated across allthe servers in the pipeline ea95e8fe-4098-4221-913b-2b447d4c4854 as the min replicated index is 4. Deletion is not allowed in this container yet.
2019-10-21 05:30:49,975 [java.util.concurrent.ThreadPoolExecutor$Worker@60838a74[State = -1, empty queue]] WARN  server.GrpcLogAppender (GrpcLogAppender.java:timeoutAppendRequest(209)) - de422f88-f067-42c5-9741-971d3fd4b460@group-2B447D4C4854->10936abf-a8c2-471d-9c61-a43b910bc959-GrpcLogAppender: appendEntries Timeout, request=de422f88-f067-42c5-9741-971d3fd4b460->10936abf-a8c2-471d-9c61-a43b910bc959#50-t2, previous=(t:2, i:10), leaderCommit=10, initializing? false, entries: <empty>
2019-10-21 05:30:50,370 [Command processor thread] INFO  commandhandler.DeleteBlocksCommandHandler (DeleteBlocksCommandHandler.java:handle(106)) - Start to delete container blocks, TXIDs=[1(0)], numOfContainers=1, numOfBlocks=1
2019-10-21 05:30:50,534 [main] INFO  impl.MetricsSystemImpl (MetricsSystemImpl.java:init(158)) - HddsDatanode metrics system started (again)
2019-10-21 05:30:50,571 [main] INFO  ozone.HddsDatanodeService (HddsDatanodeService.java:start(184)) - HddsDatanodeService host:pr-hdds-1868-qzls5-2202220713 ip:192.168.164.197
2019-10-21 05:30:50,574 [main] INFO  volume.VolumeUsage (VolumeUsage.java:loadScmUsed(144)) - Cached ScmUsed found for /workdir/hadoop-ozone/integration-test/target/test-dir/MiniOzoneClusterImpl-a605ea08-6c65-4b38-80f2-5db36cdad253/datanode-1/data/containers : 4096 
2019-10-21 05:30:50,575 [main] INFO  volume.HddsVolume (HddsVolume.java:<init>(176)) - Creating Volume: /workdir/hadoop-ozone/integration-test/target/test-dir/MiniOzoneClusterImpl-a605ea08-6c65-4b38-80f2-5db36cdad253/datanode-1/data/containers/hdds of  storage type : DISK and capacity : 1482555576320
2019-10-21 05:30:50,575 [main] INFO  volume.VolumeSet (VolumeSet.java:initializeVolumeSet(170)) - Added Volume : /workdir/hadoop-ozone/integration-test/target/test-dir/MiniOzoneClusterImpl-a605ea08-6c65-4b38-80f2-5db36cdad253/datanode-1/data/containers/hdds to VolumeSet
2019-10-21 05:30:50,575 [main] INFO  volume.ThrottledAsyncChecker (ThrottledAsyncChecker.java:schedule(141)) - Scheduling a check for /workdir/hadoop-ozone/integration-test/target/test-dir/MiniOzoneClusterImpl-a605ea08-6c65-4b38-80f2-5db36cdad253/datanode-1/data/containers/hdds
2019-10-21 05:30:50,576 [main] INFO  volume.HddsVolumeChecker (HddsVolumeChecker.java:checkAllVolumes(204)) - Scheduled health check for volume /workdir/hadoop-ozone/integration-test/target/test-dir/MiniOzoneClusterImpl-a605ea08-6c65-4b38-80f2-5db36cdad253/datanode-1/data/containers/hdds
2019-10-21 05:30:50,611 [main] INFO  impl.RaftServerProxy (ConfUtils.java:logGet(43)) - raft.rpc.type = GRPC (default)
2019-10-21 05:30:50,612 [main] INFO  grpc.GrpcFactory (GrpcFactory.java:checkPooledByteBufAllocatorUseCacheForAllThreads(45)) - PERFORMANCE WARNING: useCacheForAllThreads is true that may cause Netty to create a lot garbage objects and, as a result, trigger GC.
	It is recommended to disable useCacheForAllThreads by setting -Dorg.apache.ratis.thirdparty.io.netty.allocator.useCacheForAllThreads=false in command line.
2019-10-21 05:30:50,612 [main] INFO  grpc.GrpcConfigKeys$Server (ConfUtils.java:logGet(43)) - raft.grpc.server.port = 35893 (custom)
2019-10-21 05:30:50,612 [main] INFO  server.GrpcService (ConfUtils.java:logGet(43)) - raft.grpc.message.size.max = 33570816 (custom)
2019-10-21 05:30:50,612 [main] INFO  server.RaftServerConfigKeys (ConfUtils.java:logGet(43)) - raft.server.log.appender.buffer.byte-limit = 33554432 (custom)
2019-10-21 05:30:50,612 [main] INFO  server.GrpcService (ConfUtils.java:logGet(43)) - raft.grpc.flow.control.window = 1MB (=1048576) (default)
2019-10-21 05:30:50,612 [main] INFO  server.RaftServerConfigKeys (ConfUtils.java:logGet(43)) - raft.server.rpc.request.timeout = 3000ms (default)
2019-10-21 05:30:50,613 [main] INFO  server.RaftServerConfigKeys (ConfUtils.java:logGet(43)) - raft.server.storage.dir = [/workdir/hadoop-ozone/integration-test/target/test-dir/MiniOzoneClusterImpl-a605ea08-6c65-4b38-80f2-5db36cdad253/datanode-1/data/ratis] (custom)
2019-10-21 05:30:50,613 [main] INFO  impl.RaftServerProxy (RaftServerProxy.java:lambda$null$0(191)) - 10936abf-a8c2-471d-9c61-a43b910bc959: found a subdirectory /workdir/hadoop-ozone/integration-test/target/test-dir/MiniOzoneClusterImpl-a605ea08-6c65-4b38-80f2-5db36cdad253/datanode-1/data/ratis/818444d4-905e-43ea-bac6-a89c89c2d8ee
2019-10-21 05:30:50,614 [main] INFO  impl.RaftServerProxy (RaftServerProxy.java:addNew(89)) - 10936abf-a8c2-471d-9c61-a43b910bc959: addNew group-A89C89C2D8EE:[] returns group-A89C89C2D8EE:java.util.concurrent.CompletableFuture@44fff386[Not completed]
2019-10-21 05:30:50,614 [main] INFO  impl.RaftServerProxy (RaftServerProxy.java:lambda$null$0(191)) - 10936abf-a8c2-471d-9c61-a43b910bc959: found a subdirectory /workdir/hadoop-ozone/integration-test/target/test-dir/MiniOzoneClusterImpl-a605ea08-6c65-4b38-80f2-5db36cdad253/datanode-1/data/ratis/ea95e8fe-4098-4221-913b-2b447d4c4854
2019-10-21 05:30:50,614 [main] INFO  impl.RaftServerProxy (RaftServerProxy.java:addNew(89)) - 10936abf-a8c2-471d-9c61-a43b910bc959: addNew group-2B447D4C4854:[] returns group-2B447D4C4854:java.util.concurrent.CompletableFuture@1fc713c9[Not completed]
2019-10-21 05:30:50,617 [pool-59-thread-1] INFO  impl.RaftServerImpl (RaftServerImpl.java:<init>(98)) - 10936abf-a8c2-471d-9c61-a43b910bc959: new RaftServerImpl for group-A89C89C2D8EE:[] with ContainerStateMachine:uninitialized
2019-10-21 05:30:50,620 [pool-59-thread-1] INFO  server.RaftServerConfigKeys (ConfUtils.java:logGet(43)) - raft.server.rpc.timeout.min = 5s (custom)
2019-10-21 05:30:50,620 [pool-59-thread-1] INFO  server.RaftServerConfigKeys (ConfUtils.java:logGet(43)) - raft.server.rpc.timeout.max = 5200ms (custom)
2019-10-21 05:30:50,620 [main] INFO  hdfs.DFSUtil (DFSUtil.java:httpServerTemplateForNNAndJN(1641)) - Starting Web-server for hddsDatanode at: http://0.0.0.0:43214
2019-10-21 05:30:50,620 [pool-59-thread-1] INFO  server.RaftServerConfigKeys (ConfUtils.java:logGet(43)) - raft.server.rpcslowness.timeout = 1000s (custom)
2019-10-21 05:30:50,620 [pool-59-thread-1] INFO  server.RaftServerConfigKeys (ConfUtils.java:logGet(43)) - raft.server.sleep.deviation.threshold = 300 (default)
2019-10-21 05:30:50,620 [pool-59-thread-1] INFO  server.RaftServerConfigKeys (ConfUtils.java:logGet(43)) - raft.server.log.appender.install.snapshot.enabled = false (custom)
2019-10-21 05:30:50,620 [pool-59-thread-1] INFO  impl.RaftServerImpl (ServerState.java:<init>(103)) - 10936abf-a8c2-471d-9c61-a43b910bc959@group-A89C89C2D8EE: ConfigurationManager, init=-1: [], old=null, confs=<EMPTY_MAP>
2019-10-21 05:30:50,621 [pool-59-thread-1] INFO  server.RaftServerConfigKeys (ConfUtils.java:logGet(43)) - raft.server.storage.dir = [/workdir/hadoop-ozone/integration-test/target/test-dir/MiniOzoneClusterImpl-a605ea08-6c65-4b38-80f2-5db36cdad253/datanode-1/data/ratis] (custom)
2019-10-21 05:30:50,621 [pool-59-thread-1] INFO  server.RaftServerConfigKeys (ConfUtils.java:logGet(43)) - raft.server.log.corruption.policy = EXCEPTION (default)
2019-10-21 05:30:50,622 [main] INFO  server.AuthenticationFilter (AuthenticationFilter.java:constructSecretProvider(240)) - Unable to initialize FileSignerSecretProvider, falling back to use random secrets.
2019-10-21 05:30:50,622 [main] WARN  http.HttpRequestLog (HttpRequestLog.java:getRequestLog(97)) - Jetty request log can only be enabled using Log4j
2019-10-21 05:30:50,624 [main] INFO  http.HttpServer2 (HttpServer2.java:addGlobalFilter(975)) - Added global filter 'safety' (class=org.apache.hadoop.http.HttpServer2$QuotingInputFilter)
2019-10-21 05:30:50,624 [main] INFO  http.HttpServer2 (HttpServer2.java:addFilter(948)) - Added filter static_user_filter (class=org.apache.hadoop.http.lib.StaticUserWebFilter$StaticUserFilter) to context hddsDatanode
2019-10-21 05:30:50,625 [main] INFO  http.HttpServer2 (HttpServer2.java:addFilter(958)) - Added filter static_user_filter (class=org.apache.hadoop.http.lib.StaticUserWebFilter$StaticUserFilter) to context logs
2019-10-21 05:30:50,625 [main] INFO  http.HttpServer2 (HttpServer2.java:addFilter(958)) - Added filter static_user_filter (class=org.apache.hadoop.http.lib.StaticUserWebFilter$StaticUserFilter) to context static
2019-10-21 05:30:50,625 [main] INFO  http.HttpServer2 (HttpServer2.java:bindListener(1191)) - Jetty bound to port 43214
2019-10-21 05:30:50,626 [main] INFO  server.Server (Server.java:doStart(351)) - jetty-9.3.25.v20180904, build timestamp: 2018-09-04T21:11:46Z, git hash: 3ce520221d0240229c862b122d2b06c12a625732
2019-10-21 05:30:50,627 [main] INFO  handler.ContextHandler (ContextHandler.java:doStart(781)) - Started o.e.j.s.ServletContextHandler@436bd4df{/logs,file:///workdir/hadoop-ozone/integration-test/target/log,AVAILABLE}
2019-10-21 05:30:50,628 [main] INFO  handler.ContextHandler (ContextHandler.java:doStart(781)) - Started o.e.j.s.ServletContextHandler@149b0577{/static,jar:file:/home/user/.m2/repository/org/apache/hadoop/hadoop-hdds-container-service/0.5.0-SNAPSHOT/hadoop-hdds-container-service-0.5.0-SNAPSHOT.jar!/webapps/static,AVAILABLE}
2019-10-21 05:30:50,656 [main] INFO  handler.ContextHandler (ContextHandler.java:doStart(781)) - Started o.e.j.w.WebAppContext@33feb805{/,file:///tmp/jetty-0.0.0.0-43214-hddsDatanode-_-any-9060807038398141626.dir/webapp/,AVAILABLE}{/hddsDatanode}
2019-10-21 05:30:50,657 [main] INFO  server.AbstractConnector (AbstractConnector.java:doStart(278)) - Started ServerConnector@37854b34{HTTP/1.1,[http/1.1]}{0.0.0.0:43214}
2019-10-21 05:30:50,658 [main] INFO  server.Server (Server.java:doStart(419)) - Started @127773ms
2019-10-21 05:30:50,658 [main] WARN  impl.MetricsSystemImpl (MetricsSystemImpl.java:register(276)) - Sink prometheus already exists!
2019-10-21 05:30:50,658 [main] INFO  server.BaseHttpServer (BaseHttpServer.java:updateConnectorAddress(215)) - HTTP server of HDDSDATANODE is listening at http://0.0.0.0:43214
2019-10-21 05:30:50,660 [org.apache.hadoop.util.JvmPauseMonitor$Monitor@87cfe22] INFO  util.JvmPauseMonitor (JvmPauseMonitor.java:run(188)) - Starting JVM pause monitor
2019-10-21 05:30:50,702 [BlockDeletingService#1] WARN  background.BlockDeletingService (BlockDeletingService.java:isDeletionAllowed(187)) - Close Container log Index 6 is not replicated across allthe servers in the pipeline ea95e8fe-4098-4221-913b-2b447d4c4854 as the min replicated index is 4. Deletion is not allowed in this container yet.
2019-10-21 05:30:50,727 [BlockDeletingService#2] WARN  background.BlockDeletingService (BlockDeletingService.java:isDeletionAllowed(187)) - Close Container log Index 6 is not replicated across allthe servers in the pipeline ea95e8fe-4098-4221-913b-2b447d4c4854 as the min replicated index is 4. Deletion is not allowed in this container yet.
2019-10-21 05:30:50,749 [Command processor thread] INFO  commandhandler.DeleteBlocksCommandHandler (DeleteBlocksCommandHandler.java:handle(106)) - Start to delete container blocks, TXIDs=[1(0)], numOfContainers=1, numOfBlocks=1
2019-10-21 05:30:50,824 [pool-7-thread-1] INFO  commands.RetriableDatanodeEventWatcher (RetriableDatanodeEventWatcher.java:onTimeout(47)) - RetriableDatanodeCommand type=deleteBlocksCommand with id=1571635849822 timed out. Retrying.
2019-10-21 05:30:50,824 [pool-7-thread-2] INFO  commands.RetriableDatanodeEventWatcher (RetriableDatanodeEventWatcher.java:onTimeout(47)) - RetriableDatanodeCommand type=deleteBlocksCommand with id=1571635849823 timed out. Retrying.
2019-10-21 05:30:50,845 [SCMBlockDeletingService#0] INFO  block.SCMBlockDeletingService (SCMBlockDeletingService.java:call(184)) - Totally added 3 delete blocks command for 3 datanodes, task elapsed time: 1029ms
2019-10-21 05:30:51,027 [pool-59-thread-1] INFO  storage.RaftStorageDirectory (RaftStorageDirectory.java:tryLock(328)) - Lock on /workdir/hadoop-ozone/integration-test/target/test-dir/MiniOzoneClusterImpl-a605ea08-6c65-4b38-80f2-5db36cdad253/datanode-1/data/ratis/818444d4-905e-43ea-bac6-a89c89c2d8ee/in_use.lock acquired by nodename 1954@pr-hdds-1868-qzls5-2202220713
2019-10-21 05:30:51,029 [pool-59-thread-1] INFO  ratis.ContainerStateMachine (ContainerStateMachine.java:loadSnapshot(233)) - group-A89C89C2D8EE: The snapshot info is null. Setting the last applied indexto:(t:0, i:~)
2019-10-21 05:30:51,029 [pool-59-thread-1] INFO  server.RaftServerConfigKeys (ConfUtils.java:logGet(43)) - raft.server.notification.no-leader.timeout = 1000s (custom)
2019-10-21 05:30:51,029 [pool-59-thread-1] INFO  server.RaftServerConfigKeys (ConfUtils.java:logGet(43)) - raft.server.log.use.memory = false (default)
2019-10-21 05:30:51,030 [pool-59-thread-1] INFO  server.RaftServerConfigKeys (ConfUtils.java:logGet(43)) - raft.server.log.purge.gap = 1000000 (custom)
2019-10-21 05:30:51,030 [pool-59-thread-1] INFO  server.RaftServerConfigKeys (ConfUtils.java:logGet(43)) - raft.server.log.appender.buffer.byte-limit = 33554432 (custom)
2019-10-21 05:30:51,030 [pool-59-thread-1] INFO  server.RaftServerConfigKeys (ConfUtils.java:logGet(43)) - raft.server.log.segment.size.max = 1048576 (custom)
2019-10-21 05:30:51,030 [pool-59-thread-1] INFO  server.RaftServerConfigKeys (ConfUtils.java:logGet(43)) - raft.server.log.segment.cache.num.max = 2 (custom)
2019-10-21 05:30:51,030 [pool-59-thread-1] INFO  segmented.SegmentedRaftLogWorker (SegmentedRaftLogWorker.java:<init>(173)) - new 10936abf-a8c2-471d-9c61-a43b910bc959@group-A89C89C2D8EE-SegmentedRaftLogWorker for RaftStorage:Storage Directory /workdir/hadoop-ozone/integration-test/target/test-dir/MiniOzoneClusterImpl-a605ea08-6c65-4b38-80f2-5db36cdad253/datanode-1/data/ratis/818444d4-905e-43ea-bac6-a89c89c2d8ee
2019-10-21 05:30:51,031 [pool-59-thread-1] INFO  server.RaftServerConfigKeys (ConfUtils.java:logGet(43)) - raft.server.log.queue.byte-limit = 2147483647 (custom)
2019-10-21 05:30:51,031 [pool-59-thread-1] INFO  server.RaftServerConfigKeys (ConfUtils.java:logGet(43)) - raft.server.log.queue.element-limit = 1024 (custom)
2019-10-21 05:30:51,031 [pool-59-thread-1] INFO  server.RaftServerConfigKeys (ConfUtils.java:logGet(43)) - raft.server.log.segment.size.max = 1048576 (custom)
2019-10-21 05:30:51,031 [pool-59-thread-1] INFO  server.RaftServerConfigKeys (ConfUtils.java:logGet(43)) - raft.server.log.preallocated.size = 16384 (custom)
2019-10-21 05:30:51,031 [pool-59-thread-1] INFO  server.RaftServerConfigKeys (ConfUtils.java:logGet(43)) - raft.server.log.write.buffer.size = 33554432 (custom)
2019-10-21 05:30:51,031 [pool-59-thread-1] INFO  server.RaftServerConfigKeys (ConfUtils.java:logGet(43)) - raft.server.log.force.sync.num = 128 (default)
2019-10-21 05:30:51,031 [pool-59-thread-1] INFO  server.RaftServerConfigKeys (ConfUtils.java:logGet(43)) - raft.server.log.statemachine.data.sync = true (default)
2019-10-21 05:30:51,031 [pool-59-thread-1] INFO  server.RaftServerConfigKeys (ConfUtils.java:logGet(43)) - raft.server.log.statemachine.data.sync.timeout = 10s (default)
2019-10-21 05:30:51,032 [pool-59-thread-1] INFO  server.RaftServerConfigKeys (ConfUtils.java:logGet(43)) - raft.server.log.statemachine.data.sync.timeout.retry = -1 (default)
2019-10-21 05:30:51,032 [pool-59-thread-1] INFO  server.RaftServerConfigKeys (ConfUtils.java:logGet(43)) - raft.server.log.statemachine.data.caching.enabled = true (custom)
2019-10-21 05:30:51,039 [pool-59-thread-1] INFO  impl.RaftServerImpl (ServerState.java:setRaftConf(356)) - 10936abf-a8c2-471d-9c61-a43b910bc959@group-A89C89C2D8EE: set configuration 0: [10936abf-a8c2-471d-9c61-a43b910bc959:192.168.164.197:35893], old=null at 0
2019-10-21 05:30:51,040 [pool-59-thread-1] INFO  segmented.LogSegment (LogSegment.java:loadSegment(140)) - Successfully read 1 entries from segment file /workdir/hadoop-ozone/integration-test/target/test-dir/MiniOzoneClusterImpl-a605ea08-6c65-4b38-80f2-5db36cdad253/datanode-1/data/ratis/818444d4-905e-43ea-bac6-a89c89c2d8ee/current/log_inprogress_0
2019-10-21 05:30:51,040 [pool-59-thread-1] INFO  segmented.SegmentedRaftLogWorker (SegmentedRaftLogWorker.java:lambda$new$0(128)) - 10936abf-a8c2-471d-9c61-a43b910bc959@group-A89C89C2D8EE-SegmentedRaftLogWorker: flushIndex: setUnconditionally 0 -> 0
2019-10-21 05:30:51,064 [pool-59-thread-1] INFO  server.RaftServerConfigKeys (ConfUtils.java:logGet(43)) - raft.server.snapshot.auto.trigger.enabled = true (custom)
2019-10-21 05:30:51,064 [pool-59-thread-1] INFO  server.RaftServerConfigKeys (ConfUtils.java:logGet(43)) - raft.server.snapshot.auto.trigger.threshold = 10000 (custom)
2019-10-21 05:30:51,065 [pool-59-thread-1] INFO  server.RaftServerConfigKeys (ConfUtils.java:logGet(43)) - raft.server.snapshot.retention.file.num = 5 (custom)
2019-10-21 05:30:51,065 [pool-59-thread-1] INFO  server.RaftServerConfigKeys (ConfUtils.java:logGet(43)) - raft.server.retrycache.expirytime = 600000ms (custom)
2019-10-21 05:30:51,067 [pool-59-thread-1] INFO  impl.RaftServerImpl (RaftServerImpl.java:<init>(98)) - 10936abf-a8c2-471d-9c61-a43b910bc959: new RaftServerImpl for group-2B447D4C4854:[] with ContainerStateMachine:uninitialized
2019-10-21 05:30:51,067 [pool-59-thread-1] INFO  server.RaftServerConfigKeys (ConfUtils.java:logGet(43)) - raft.server.rpc.timeout.min = 5s (custom)
2019-10-21 05:30:51,067 [pool-59-thread-1] INFO  server.RaftServerConfigKeys (ConfUtils.java:logGet(43)) - raft.server.rpc.timeout.max = 5200ms (custom)
2019-10-21 05:30:51,067 [pool-59-thread-1] INFO  server.RaftServerConfigKeys (ConfUtils.java:logGet(43)) - raft.server.rpcslowness.timeout = 1000s (custom)
2019-10-21 05:30:51,067 [pool-59-thread-1] INFO  server.RaftServerConfigKeys (ConfUtils.java:logGet(43)) - raft.server.sleep.deviation.threshold = 300 (default)
2019-10-21 05:30:51,067 [pool-59-thread-1] INFO  server.RaftServerConfigKeys (ConfUtils.java:logGet(43)) - raft.server.log.appender.install.snapshot.enabled = false (custom)
2019-10-21 05:30:51,067 [pool-59-thread-1] INFO  impl.RaftServerImpl (ServerState.java:<init>(103)) - 10936abf-a8c2-471d-9c61-a43b910bc959@group-2B447D4C4854: ConfigurationManager, init=-1: [], old=null, confs=<EMPTY_MAP>
2019-10-21 05:30:51,067 [pool-59-thread-1] INFO  server.RaftServerConfigKeys (ConfUtils.java:logGet(43)) - raft.server.storage.dir = [/workdir/hadoop-ozone/integration-test/target/test-dir/MiniOzoneClusterImpl-a605ea08-6c65-4b38-80f2-5db36cdad253/datanode-1/data/ratis] (custom)
2019-10-21 05:30:51,068 [pool-59-thread-1] INFO  server.RaftServerConfigKeys (ConfUtils.java:logGet(43)) - raft.server.log.corruption.policy = EXCEPTION (default)
2019-10-21 05:30:51,070 [pool-59-thread-1] INFO  storage.RaftStorageDirectory (RaftStorageDirectory.java:tryLock(328)) - Lock on /workdir/hadoop-ozone/integration-test/target/test-dir/MiniOzoneClusterImpl-a605ea08-6c65-4b38-80f2-5db36cdad253/datanode-1/data/ratis/ea95e8fe-4098-4221-913b-2b447d4c4854/in_use.lock acquired by nodename 1954@pr-hdds-1868-qzls5-2202220713
2019-10-21 05:30:51,072 [pool-59-thread-1] INFO  ratis.ContainerStateMachine (ContainerStateMachine.java:loadSnapshot(242)) - group-2B447D4C4854: Setting the last applied index to (t:2, i:3)
2019-10-21 05:30:51,078 [pool-59-thread-1] INFO  impl.RaftServerImpl (ServerState.java:setRaftConf(356)) - 10936abf-a8c2-471d-9c61-a43b910bc959@group-2B447D4C4854: set configuration 0: [10936abf-a8c2-471d-9c61-a43b910bc959:192.168.164.197:35893, 756d617c-4df0-4d16-a449-32c84fd3d9b4:192.168.164.197:42479, de422f88-f067-42c5-9741-971d3fd4b460:192.168.164.197:37219], old=null at 0
2019-10-21 05:30:51,078 [pool-59-thread-1] INFO  server.RaftServerConfigKeys (ConfUtils.java:logGet(43)) - raft.server.notification.no-leader.timeout = 1000s (custom)
2019-10-21 05:30:51,078 [pool-59-thread-1] INFO  server.RaftServerConfigKeys (ConfUtils.java:logGet(43)) - raft.server.log.use.memory = false (default)
2019-10-21 05:30:51,078 [pool-59-thread-1] INFO  server.RaftServerConfigKeys (ConfUtils.java:logGet(43)) - raft.server.log.purge.gap = 1000000 (custom)
2019-10-21 05:30:51,078 [pool-59-thread-1] INFO  server.RaftServerConfigKeys (ConfUtils.java:logGet(43)) - raft.server.log.appender.buffer.byte-limit = 33554432 (custom)
2019-10-21 05:30:51,078 [pool-59-thread-1] INFO  server.RaftServerConfigKeys (ConfUtils.java:logGet(43)) - raft.server.log.segment.size.max = 1048576 (custom)
2019-10-21 05:30:51,079 [pool-59-thread-1] INFO  server.RaftServerConfigKeys (ConfUtils.java:logGet(43)) - raft.server.log.segment.cache.num.max = 2 (custom)
2019-10-21 05:30:51,079 [pool-59-thread-1] INFO  segmented.SegmentedRaftLogWorker (SegmentedRaftLogWorker.java:<init>(173)) - new 10936abf-a8c2-471d-9c61-a43b910bc959@group-2B447D4C4854-SegmentedRaftLogWorker for RaftStorage:Storage Directory /workdir/hadoop-ozone/integration-test/target/test-dir/MiniOzoneClusterImpl-a605ea08-6c65-4b38-80f2-5db36cdad253/datanode-1/data/ratis/ea95e8fe-4098-4221-913b-2b447d4c4854
2019-10-21 05:30:51,079 [pool-59-thread-1] INFO  server.RaftServerConfigKeys (ConfUtils.java:logGet(43)) - raft.server.log.queue.byte-limit = 2147483647 (custom)
2019-10-21 05:30:51,079 [pool-59-thread-1] INFO  server.RaftServerConfigKeys (ConfUtils.java:logGet(43)) - raft.server.log.queue.element-limit = 1024 (custom)
2019-10-21 05:30:51,079 [pool-59-thread-1] INFO  server.RaftServerConfigKeys (ConfUtils.java:logGet(43)) - raft.server.log.segment.size.max = 1048576 (custom)
2019-10-21 05:30:51,079 [pool-59-thread-1] INFO  server.RaftServerConfigKeys (ConfUtils.java:logGet(43)) - raft.server.log.preallocated.size = 16384 (custom)
2019-10-21 05:30:51,079 [pool-59-thread-1] INFO  server.RaftServerConfigKeys (ConfUtils.java:logGet(43)) - raft.server.log.write.buffer.size = 33554432 (custom)
2019-10-21 05:30:51,079 [pool-59-thread-1] INFO  server.RaftServerConfigKeys (ConfUtils.java:logGet(43)) - raft.server.log.force.sync.num = 128 (default)
2019-10-21 05:30:51,079 [pool-59-thread-1] INFO  server.RaftServerConfigKeys (ConfUtils.java:logGet(43)) - raft.server.log.statemachine.data.sync = true (default)
2019-10-21 05:30:51,079 [pool-59-thread-1] INFO  server.RaftServerConfigKeys (ConfUtils.java:logGet(43)) - raft.server.log.statemachine.data.sync.timeout = 10s (default)
2019-10-21 05:30:51,079 [pool-59-thread-1] INFO  server.RaftServerConfigKeys (ConfUtils.java:logGet(43)) - raft.server.log.statemachine.data.sync.timeout.retry = -1 (default)
2019-10-21 05:30:51,079 [pool-59-thread-1] INFO  server.RaftServerConfigKeys (ConfUtils.java:logGet(43)) - raft.server.log.statemachine.data.caching.enabled = true (custom)
2019-10-21 05:30:51,080 [pool-59-thread-1] INFO  impl.RaftServerImpl (ServerState.java:setRaftConf(356)) - 10936abf-a8c2-471d-9c61-a43b910bc959@group-2B447D4C4854: set configuration 0: [10936abf-a8c2-471d-9c61-a43b910bc959:192.168.164.197:35893, 756d617c-4df0-4d16-a449-32c84fd3d9b4:192.168.164.197:42479, de422f88-f067-42c5-9741-971d3fd4b460:192.168.164.197:37219], old=null at 0
2019-10-21 05:30:51,080 [pool-59-thread-1] INFO  segmented.LogSegment (LogSegment.java:loadSegment(140)) - Successfully read 5 entries from segment file /workdir/hadoop-ozone/integration-test/target/test-dir/MiniOzoneClusterImpl-a605ea08-6c65-4b38-80f2-5db36cdad253/datanode-1/data/ratis/ea95e8fe-4098-4221-913b-2b447d4c4854/current/log_inprogress_0
2019-10-21 05:30:51,081 [pool-59-thread-1] INFO  segmented.SegmentedRaftLogWorker (SegmentedRaftLogWorker.java:lambda$new$0(128)) - 10936abf-a8c2-471d-9c61-a43b910bc959@group-2B447D4C4854-SegmentedRaftLogWorker: flushIndex: setUnconditionally 0 -> 4
2019-10-21 05:30:51,104 [pool-59-thread-1] INFO  raftlog.RaftLog (RaftLog.java:lambda$new$0(61)) - 10936abf-a8c2-471d-9c61-a43b910bc959@group-2B447D4C4854-SegmentedRaftLog: commitIndex: updateToMax old=3, new=3, updated? false
2019-10-21 05:30:51,104 [pool-59-thread-1] INFO  server.RaftServerConfigKeys (ConfUtils.java:logGet(43)) - raft.server.snapshot.auto.trigger.enabled = true (custom)
2019-10-21 05:30:51,104 [pool-59-thread-1] INFO  server.RaftServerConfigKeys (ConfUtils.java:logGet(43)) - raft.server.snapshot.auto.trigger.threshold = 10000 (custom)
2019-10-21 05:30:51,104 [pool-59-thread-1] INFO  server.RaftServerConfigKeys (ConfUtils.java:logGet(43)) - raft.server.snapshot.retention.file.num = 5 (custom)
2019-10-21 05:30:51,104 [pool-59-thread-1] INFO  server.RaftServerConfigKeys (ConfUtils.java:logGet(43)) - raft.server.retrycache.expirytime = 600000ms (custom)
2019-10-21 05:30:51,703 [BlockDeletingService#1] WARN  background.BlockDeletingService (BlockDeletingService.java:isDeletionAllowed(187)) - Close Container log Index 6 is not replicated across allthe servers in the pipeline ea95e8fe-4098-4221-913b-2b447d4c4854 as the min replicated index is 4. Deletion is not allowed in this container yet.
2019-10-21 05:30:51,729 [BlockDeletingService#2] WARN  background.BlockDeletingService (BlockDeletingService.java:isDeletionAllowed(187)) - Close Container log Index 6 is not replicated across allthe servers in the pipeline ea95e8fe-4098-4221-913b-2b447d4c4854 as the min replicated index is 4. Deletion is not allowed in this container yet.
2019-10-21 05:30:51,825 [pool-7-thread-2] INFO  commands.RetriableDatanodeEventWatcher (RetriableDatanodeEventWatcher.java:onTimeout(47)) - RetriableDatanodeCommand type=deleteBlocksCommand with id=1571635849823 timed out. Retrying.
2019-10-21 05:30:51,846 [SCMBlockDeletingService#0] INFO  block.SCMBlockDeletingService (SCMBlockDeletingService.java:call(184)) - Totally added 1 delete blocks command for 1 datanodes, task elapsed time: 0ms
2019-10-21 05:30:51,849 [Command processor thread] INFO  commandhandler.DeleteBlocksCommandHandler (DeleteBlocksCommandHandler.java:handle(106)) - Start to delete container blocks, TXIDs=[1(0)], numOfContainers=1, numOfBlocks=1
2019-10-21 05:30:52,050 [EventQueue-DeleteBlockStatusForEventWatcher$$Lambda$30/1725165248] WARN  events.EventWatcher (EventWatcher.java:lambda$start$0(110)) - Completion event without active lease. Id=1571635849822
2019-10-21 05:30:52,476 [java.util.concurrent.ThreadPoolExecutor$Worker@60838a74[State = -1, empty queue]] WARN  server.GrpcLogAppender (GrpcLogAppender.java:timeoutAppendRequest(209)) - de422f88-f067-42c5-9741-971d3fd4b460@group-2B447D4C4854->10936abf-a8c2-471d-9c61-a43b910bc959-GrpcLogAppender: appendEntries Timeout, request=de422f88-f067-42c5-9741-971d3fd4b460->10936abf-a8c2-471d-9c61-a43b910bc959#51-t2, previous=(t:2, i:10), leaderCommit=10, initializing? false, entries: <empty>
2019-10-21 05:30:52,662 [Datanode State Machine Thread - 0] INFO  ozoneimpl.OzoneContainer (OzoneContainer.java:start(213)) - Attempting to start container services.
2019-10-21 05:30:52,662 [Datanode State Machine Thread - 0] INFO  ozoneimpl.OzoneContainer (OzoneContainer.java:startContainerScrub(177)) - Background container scanner has been disabled.
2019-10-21 05:30:52,662 [Datanode State Machine Thread - 0] INFO  ratis.XceiverServerRatis (XceiverServerRatis.java:start(424)) - Starting XceiverServerRatis 10936abf-a8c2-471d-9c61-a43b910bc959 at port 35893
2019-10-21 05:30:52,672 [Datanode State Machine Thread - 0] INFO  impl.RaftServerImpl (RaftServerImpl.java:start(184)) - 10936abf-a8c2-471d-9c61-a43b910bc959@group-2B447D4C4854: start as a follower, conf=0: [10936abf-a8c2-471d-9c61-a43b910bc959:192.168.164.197:35893, 756d617c-4df0-4d16-a449-32c84fd3d9b4:192.168.164.197:42479, de422f88-f067-42c5-9741-971d3fd4b460:192.168.164.197:37219], old=null
2019-10-21 05:30:52,672 [ForkJoinPool.commonPool-worker-1] INFO  impl.RaftServerImpl (RaftServerImpl.java:start(184)) - 10936abf-a8c2-471d-9c61-a43b910bc959@group-A89C89C2D8EE: start as a follower, conf=0: [10936abf-a8c2-471d-9c61-a43b910bc959:192.168.164.197:35893], old=null
2019-10-21 05:30:52,673 [Datanode State Machine Thread - 0] INFO  impl.RaftServerImpl (RaftServerImpl.java:setRole(173)) - 10936abf-a8c2-471d-9c61-a43b910bc959@group-2B447D4C4854: changes role from      null to FOLLOWER at term 2 for startAsFollower
2019-10-21 05:30:52,673 [ForkJoinPool.commonPool-worker-1] INFO  impl.RaftServerImpl (RaftServerImpl.java:setRole(173)) - 10936abf-a8c2-471d-9c61-a43b910bc959@group-A89C89C2D8EE: changes role from      null to FOLLOWER at term 1 for startAsFollower
2019-10-21 05:30:52,673 [Datanode State Machine Thread - 0] INFO  impl.RoleInfo (RoleInfo.java:updateAndGet(143)) - 10936abf-a8c2-471d-9c61-a43b910bc959: start FollowerState
2019-10-21 05:30:52,673 [ForkJoinPool.commonPool-worker-1] INFO  impl.RoleInfo (RoleInfo.java:updateAndGet(143)) - 10936abf-a8c2-471d-9c61-a43b910bc959: start FollowerState
2019-10-21 05:30:52,674 [Datanode State Machine Thread - 0] INFO  util.JmxRegister (JmxRegister.java:tryRegister(44)) - Successfully registered JMX Bean with object name Ratis:service=RaftServer,group=group-2B447D4C4854,id=10936abf-a8c2-471d-9c61-a43b910bc959
2019-10-21 05:30:52,674 [ForkJoinPool.commonPool-worker-1] INFO  util.JmxRegister (JmxRegister.java:tryRegister(44)) - Successfully registered JMX Bean with object name Ratis:service=RaftServer,group=group-A89C89C2D8EE,id=10936abf-a8c2-471d-9c61-a43b910bc959
2019-10-21 05:30:52,677 [Datanode State Machine Thread - 0] INFO  impl.RaftServerProxy (RaftServerProxy.java:lambda$start$3(299)) - 10936abf-a8c2-471d-9c61-a43b910bc959: start RPC server
2019-10-21 05:30:52,678 [Datanode State Machine Thread - 0] INFO  server.GrpcService (GrpcService.java:startImpl(158)) - 10936abf-a8c2-471d-9c61-a43b910bc959: GrpcService started, listening on 0.0.0.0/0.0.0.0:35893
2019-10-21 05:30:52,704 [BlockDeletingService#1] WARN  background.BlockDeletingService (BlockDeletingService.java:isDeletionAllowed(187)) - Close Container log Index 6 is not replicated across allthe servers in the pipeline ea95e8fe-4098-4221-913b-2b447d4c4854 as the min replicated index is 4. Deletion is not allowed in this container yet.
2019-10-21 05:30:52,730 [BlockDeletingService#2] WARN  background.BlockDeletingService (BlockDeletingService.java:isDeletionAllowed(187)) - Close Container log Index 6 is not replicated across allthe servers in the pipeline ea95e8fe-4098-4221-913b-2b447d4c4854 as the min replicated index is 4. Deletion is not allowed in this container yet.
2019-10-21 05:30:52,825 [pool-7-thread-2] INFO  commands.RetriableDatanodeEventWatcher (RetriableDatanodeEventWatcher.java:onTimeout(47)) - RetriableDatanodeCommand type=deleteBlocksCommand with id=1571635849823 timed out. Retrying.
2019-10-21 05:30:52,846 [pool-7-thread-2] INFO  commands.RetriableDatanodeEventWatcher (RetriableDatanodeEventWatcher.java:onTimeout(47)) - RetriableDatanodeCommand type=deleteBlocksCommand with id=1571635849824 timed out. Retrying.
2019-10-21 05:30:52,847 [SCMBlockDeletingService#0] INFO  block.SCMBlockDeletingService (SCMBlockDeletingService.java:call(184)) - Totally added 1 delete blocks command for 1 datanodes, task elapsed time: 0ms
2019-10-21 05:30:53,706 [BlockDeletingService#1] WARN  background.BlockDeletingService (BlockDeletingService.java:isDeletionAllowed(187)) - Close Container log Index 6 is not replicated across allthe servers in the pipeline ea95e8fe-4098-4221-913b-2b447d4c4854 as the min replicated index is 4. Deletion is not allowed in this container yet.
2019-10-21 05:30:53,731 [BlockDeletingService#2] WARN  background.BlockDeletingService (BlockDeletingService.java:isDeletionAllowed(187)) - Close Container log Index 6 is not replicated across allthe servers in the pipeline ea95e8fe-4098-4221-913b-2b447d4c4854 as the min replicated index is 4. Deletion is not allowed in this container yet.
2019-10-21 05:30:53,826 [pool-7-thread-2] INFO  commands.RetriableDatanodeEventWatcher (RetriableDatanodeEventWatcher.java:onTimeout(47)) - RetriableDatanodeCommand type=deleteBlocksCommand with id=1571635849823 timed out. Retrying.
2019-10-21 05:30:53,846 [pool-7-thread-2] INFO  commands.RetriableDatanodeEventWatcher (RetriableDatanodeEventWatcher.java:onTimeout(47)) - RetriableDatanodeCommand type=deleteBlocksCommand with id=1571635849824 timed out. Retrying.
2019-10-21 05:30:53,846 [pool-7-thread-2] INFO  commands.RetriableDatanodeEventWatcher (RetriableDatanodeEventWatcher.java:onTimeout(47)) - RetriableDatanodeCommand type=deleteBlocksCommand with id=1571635849825 timed out. Retrying.
2019-10-21 05:30:53,848 [SCMBlockDeletingService#0] INFO  block.SCMBlockDeletingService (SCMBlockDeletingService.java:call(184)) - Totally added 1 delete blocks command for 1 datanodes, task elapsed time: 1ms
2019-10-21 05:30:54,664 [EventQueue-PendingDeleteStatusForPendingDeleteHandler] INFO  block.SCMBlockDeletingService (SCMBlockDeletingService.java:handlePendingDeletes(115)) - Block deletion txnID mismatch in datanode 10936abf-a8c2-471d-9c61-a43b910bc959 for containerID 1. Datanode delete txnID: 0, SCM txnID: 1
2019-10-21 05:30:54,708 [BlockDeletingService#1] WARN  background.BlockDeletingService (BlockDeletingService.java:isDeletionAllowed(187)) - Close Container log Index 6 is not replicated across allthe servers in the pipeline ea95e8fe-4098-4221-913b-2b447d4c4854 as the min replicated index is 4. Deletion is not allowed in this container yet.
2019-10-21 05:30:54,732 [BlockDeletingService#2] WARN  background.BlockDeletingService (BlockDeletingService.java:isDeletionAllowed(187)) - Close Container log Index 6 is not replicated across allthe servers in the pipeline ea95e8fe-4098-4221-913b-2b447d4c4854 as the min replicated index is 4. Deletion is not allowed in this container yet.
2019-10-21 05:30:54,827 [pool-7-thread-2] INFO  commands.RetriableDatanodeEventWatcher (RetriableDatanodeEventWatcher.java:onTimeout(47)) - RetriableDatanodeCommand type=deleteBlocksCommand with id=1571635849823 timed out. Retrying.
2019-10-21 05:30:54,847 [pool-7-thread-2] INFO  commands.RetriableDatanodeEventWatcher (RetriableDatanodeEventWatcher.java:onTimeout(47)) - RetriableDatanodeCommand type=deleteBlocksCommand with id=1571635849824 timed out. Retrying.
2019-10-21 05:30:54,847 [pool-7-thread-1] INFO  commands.RetriableDatanodeEventWatcher (RetriableDatanodeEventWatcher.java:onTimeout(47)) - RetriableDatanodeCommand type=deleteBlocksCommand with id=1571635849825 timed out. Retrying.
2019-10-21 05:30:54,847 [pool-7-thread-2] INFO  commands.RetriableDatanodeEventWatcher (RetriableDatanodeEventWatcher.java:onTimeout(47)) - RetriableDatanodeCommand type=deleteBlocksCommand with id=1571635849826 timed out. Retrying.
2019-10-21 05:30:54,849 [SCMBlockDeletingService#0] INFO  block.SCMBlockDeletingService (SCMBlockDeletingService.java:call(184)) - Totally added 1 delete blocks command for 1 datanodes, task elapsed time: 1ms
2019-10-21 05:30:54,976 [java.util.concurrent.ThreadPoolExecutor$Worker@60838a74[State = -1, empty queue]] WARN  server.GrpcLogAppender (GrpcLogAppender.java:timeoutAppendRequest(209)) - de422f88-f067-42c5-9741-971d3fd4b460@group-2B447D4C4854->10936abf-a8c2-471d-9c61-a43b910bc959-GrpcLogAppender: appendEntries Timeout, request=de422f88-f067-42c5-9741-971d3fd4b460->10936abf-a8c2-471d-9c61-a43b910bc959#52-t2, previous=(t:2, i:10), leaderCommit=10, initializing? false, entries: <empty>
2019-10-21 05:30:55,709 [BlockDeletingService#1] WARN  background.BlockDeletingService (BlockDeletingService.java:isDeletionAllowed(187)) - Close Container log Index 6 is not replicated across allthe servers in the pipeline ea95e8fe-4098-4221-913b-2b447d4c4854 as the min replicated index is 4. Deletion is not allowed in this container yet.
2019-10-21 05:30:55,733 [BlockDeletingService#2] WARN  background.BlockDeletingService (BlockDeletingService.java:isDeletionAllowed(187)) - Close Container log Index 6 is not replicated across allthe servers in the pipeline ea95e8fe-4098-4221-913b-2b447d4c4854 as the min replicated index is 4. Deletion is not allowed in this container yet.
2019-10-21 05:30:55,828 [pool-7-thread-2] INFO  commands.RetriableDatanodeEventWatcher (RetriableDatanodeEventWatcher.java:onTimeout(47)) - RetriableDatanodeCommand type=deleteBlocksCommand with id=1571635849823 timed out. Retrying.
2019-10-21 05:30:55,847 [pool-7-thread-2] INFO  commands.RetriableDatanodeEventWatcher (RetriableDatanodeEventWatcher.java:onTimeout(47)) - RetriableDatanodeCommand type=deleteBlocksCommand with id=1571635849824 timed out. Retrying.
2019-10-21 05:30:55,848 [pool-7-thread-2] INFO  commands.RetriableDatanodeEventWatcher (RetriableDatanodeEventWatcher.java:onTimeout(47)) - RetriableDatanodeCommand type=deleteBlocksCommand with id=1571635849826 timed out. Retrying.
2019-10-21 05:30:55,848 [pool-7-thread-1] INFO  commands.RetriableDatanodeEventWatcher (RetriableDatanodeEventWatcher.java:onTimeout(47)) - RetriableDatanodeCommand type=deleteBlocksCommand with id=1571635849825 timed out. Retrying.
2019-10-21 05:30:55,848 [pool-7-thread-2] INFO  commands.RetriableDatanodeEventWatcher (RetriableDatanodeEventWatcher.java:onTimeout(47)) - RetriableDatanodeCommand type=deleteBlocksCommand with id=1571635849827 timed out. Retrying.
2019-10-21 05:30:55,850 [SCMBlockDeletingService#0] INFO  block.SCMBlockDeletingService (SCMBlockDeletingService.java:call(184)) - Totally added 1 delete blocks command for 1 datanodes, task elapsed time: 1ms
2019-10-21 05:30:56,660 [EventQueue-PendingDeleteStatusForPendingDeleteHandler] INFO  block.SCMBlockDeletingService (SCMBlockDeletingService.java:handlePendingDeletes(115)) - Block deletion txnID mismatch in datanode 10936abf-a8c2-471d-9c61-a43b910bc959 for containerID 1. Datanode delete txnID: 0, SCM txnID: 1
2019-10-21 05:30:56,676 [grpc-default-executor-4] INFO  impl.RaftServerProxy (RaftServerProxy.java:addNew(89)) - 10936abf-a8c2-471d-9c61-a43b910bc959: addNew group-1EAFAA8DE814:[10936abf-a8c2-471d-9c61-a43b910bc959:192.168.164.197:35893] returns group-1EAFAA8DE814:java.util.concurrent.CompletableFuture@2ac4d209[Not completed]
2019-10-21 05:30:56,679 [pool-59-thread-1] INFO  impl.RaftServerImpl (RaftServerImpl.java:<init>(98)) - 10936abf-a8c2-471d-9c61-a43b910bc959: new RaftServerImpl for group-1EAFAA8DE814:[10936abf-a8c2-471d-9c61-a43b910bc959:192.168.164.197:35893] with ContainerStateMachine:uninitialized
2019-10-21 05:30:56,679 [pool-59-thread-1] INFO  server.RaftServerConfigKeys (ConfUtils.java:logGet(43)) - raft.server.rpc.timeout.min = 5s (custom)
2019-10-21 05:30:56,679 [pool-59-thread-1] INFO  server.RaftServerConfigKeys (ConfUtils.java:logGet(43)) - raft.server.rpc.timeout.max = 5200ms (custom)
2019-10-21 05:30:56,679 [pool-59-thread-1] INFO  server.RaftServerConfigKeys (ConfUtils.java:logGet(43)) - raft.server.rpcslowness.timeout = 1000s (custom)
2019-10-21 05:30:56,679 [pool-59-thread-1] INFO  server.RaftServerConfigKeys (ConfUtils.java:logGet(43)) - raft.server.sleep.deviation.threshold = 300 (default)
2019-10-21 05:30:56,679 [pool-59-thread-1] INFO  server.RaftServerConfigKeys (ConfUtils.java:logGet(43)) - raft.server.log.appender.install.snapshot.enabled = false (custom)
2019-10-21 05:30:56,679 [pool-59-thread-1] INFO  impl.RaftServerImpl (ServerState.java:<init>(103)) - 10936abf-a8c2-471d-9c61-a43b910bc959@group-1EAFAA8DE814: ConfigurationManager, init=-1: [10936abf-a8c2-471d-9c61-a43b910bc959:192.168.164.197:35893], old=null, confs=<EMPTY_MAP>
2019-10-21 05:30:56,679 [pool-59-thread-1] INFO  server.RaftServerConfigKeys (ConfUtils.java:logGet(43)) - raft.server.storage.dir = [/workdir/hadoop-ozone/integration-test/target/test-dir/MiniOzoneClusterImpl-a605ea08-6c65-4b38-80f2-5db36cdad253/datanode-1/data/ratis] (custom)
2019-10-21 05:30:56,680 [pool-59-thread-1] INFO  server.RaftServerConfigKeys (ConfUtils.java:logGet(43)) - raft.server.log.corruption.policy = EXCEPTION (default)
2019-10-21 05:30:56,680 [pool-59-thread-1] INFO  storage.RaftStorageDirectory (RaftStorageDirectory.java:analyzeStorage(246)) - The storage directory /workdir/hadoop-ozone/integration-test/target/test-dir/MiniOzoneClusterImpl-a605ea08-6c65-4b38-80f2-5db36cdad253/datanode-1/data/ratis/19d22db7-fadc-4004-aa6d-1eafaa8de814 does not exist. Creating ...
2019-10-21 05:30:56,710 [pool-59-thread-1] INFO  storage.RaftStorageDirectory (RaftStorageDirectory.java:tryLock(328)) - Lock on /workdir/hadoop-ozone/integration-test/target/test-dir/MiniOzoneClusterImpl-a605ea08-6c65-4b38-80f2-5db36cdad253/datanode-1/data/ratis/19d22db7-fadc-4004-aa6d-1eafaa8de814/in_use.lock acquired by nodename 1954@pr-hdds-1868-qzls5-2202220713
2019-10-21 05:30:56,710 [BlockDeletingService#1] WARN  background.BlockDeletingService (BlockDeletingService.java:isDeletionAllowed(187)) - Close Container log Index 6 is not replicated across allthe servers in the pipeline ea95e8fe-4098-4221-913b-2b447d4c4854 as the min replicated index is 4. Deletion is not allowed in this container yet.
2019-10-21 05:30:56,720 [pool-59-thread-1] INFO  storage.RaftStorage (RaftStorage.java:format(84)) - Storage directory /workdir/hadoop-ozone/integration-test/target/test-dir/MiniOzoneClusterImpl-a605ea08-6c65-4b38-80f2-5db36cdad253/datanode-1/data/ratis/19d22db7-fadc-4004-aa6d-1eafaa8de814 has been successfully formatted.
2019-10-21 05:30:56,720 [pool-59-thread-1] INFO  ratis.ContainerStateMachine (ContainerStateMachine.java:loadSnapshot(233)) - group-1EAFAA8DE814: The snapshot info is null. Setting the last applied indexto:(t:0, i:~)
2019-10-21 05:30:56,721 [pool-59-thread-1] INFO  server.RaftServerConfigKeys (ConfUtils.java:logGet(43)) - raft.server.notification.no-leader.timeout = 1000s (custom)
2019-10-21 05:30:56,721 [pool-59-thread-1] INFO  server.RaftServerConfigKeys (ConfUtils.java:logGet(43)) - raft.server.log.use.memory = false (default)
2019-10-21 05:30:56,721 [pool-59-thread-1] INFO  server.RaftServerConfigKeys (ConfUtils.java:logGet(43)) - raft.server.log.purge.gap = 1000000 (custom)
2019-10-21 05:30:56,721 [pool-59-thread-1] INFO  server.RaftServerConfigKeys (ConfUtils.java:logGet(43)) - raft.server.log.appender.buffer.byte-limit = 33554432 (custom)
2019-10-21 05:30:56,721 [pool-59-thread-1] INFO  server.RaftServerConfigKeys (ConfUtils.java:logGet(43)) - raft.server.log.segment.size.max = 1048576 (custom)
2019-10-21 05:30:56,721 [pool-59-thread-1] INFO  server.RaftServerConfigKeys (ConfUtils.java:logGet(43)) - raft.server.log.segment.cache.num.max = 2 (custom)
2019-10-21 05:30:56,721 [pool-59-thread-1] INFO  segmented.SegmentedRaftLogWorker (SegmentedRaftLogWorker.java:<init>(173)) - new 10936abf-a8c2-471d-9c61-a43b910bc959@group-1EAFAA8DE814-SegmentedRaftLogWorker for RaftStorage:Storage Directory /workdir/hadoop-ozone/integration-test/target/test-dir/MiniOzoneClusterImpl-a605ea08-6c65-4b38-80f2-5db36cdad253/datanode-1/data/ratis/19d22db7-fadc-4004-aa6d-1eafaa8de814
2019-10-21 05:30:56,721 [pool-59-thread-1] INFO  server.RaftServerConfigKeys (ConfUtils.java:logGet(43)) - raft.server.log.queue.byte-limit = 2147483647 (custom)
2019-10-21 05:30:56,722 [pool-59-thread-1] INFO  server.RaftServerConfigKeys (ConfUtils.java:logGet(43)) - raft.server.log.queue.element-limit = 1024 (custom)
2019-10-21 05:30:56,722 [pool-59-thread-1] INFO  server.RaftServerConfigKeys (ConfUtils.java:logGet(43)) - raft.server.log.segment.size.max = 1048576 (custom)
2019-10-21 05:30:56,722 [pool-59-thread-1] INFO  server.RaftServerConfigKeys (ConfUtils.java:logGet(43)) - raft.server.log.preallocated.size = 16384 (custom)
2019-10-21 05:30:56,722 [pool-59-thread-1] INFO  server.RaftServerConfigKeys (ConfUtils.java:logGet(43)) - raft.server.log.write.buffer.size = 33554432 (custom)
2019-10-21 05:30:56,722 [pool-59-thread-1] INFO  server.RaftServerConfigKeys (ConfUtils.java:logGet(43)) - raft.server.log.force.sync.num = 128 (default)
2019-10-21 05:30:56,722 [pool-59-thread-1] INFO  server.RaftServerConfigKeys (ConfUtils.java:logGet(43)) - raft.server.log.statemachine.data.sync = true (default)
2019-10-21 05:30:56,722 [pool-59-thread-1] INFO  server.RaftServerConfigKeys (ConfUtils.java:logGet(43)) - raft.server.log.statemachine.data.sync.timeout = 10s (default)
2019-10-21 05:30:56,722 [pool-59-thread-1] INFO  server.RaftServerConfigKeys (ConfUtils.java:logGet(43)) - raft.server.log.statemachine.data.sync.timeout.retry = -1 (default)
2019-10-21 05:30:56,723 [pool-59-thread-1] INFO  server.RaftServerConfigKeys (ConfUtils.java:logGet(43)) - raft.server.log.statemachine.data.caching.enabled = true (custom)
2019-10-21 05:30:56,723 [pool-59-thread-1] INFO  segmented.SegmentedRaftLogWorker (SegmentedRaftLogWorker.java:lambda$new$0(128)) - 10936abf-a8c2-471d-9c61-a43b910bc959@group-1EAFAA8DE814-SegmentedRaftLogWorker: flushIndex: setUnconditionally 0 -> -1
2019-10-21 05:30:56,723 [pool-59-thread-1] INFO  server.RaftServerConfigKeys (ConfUtils.java:logGet(43)) - raft.server.snapshot.auto.trigger.enabled = true (custom)
2019-10-21 05:30:56,723 [pool-59-thread-1] INFO  server.RaftServerConfigKeys (ConfUtils.java:logGet(43)) - raft.server.snapshot.auto.trigger.threshold = 10000 (custom)
2019-10-21 05:30:56,724 [pool-59-thread-1] INFO  server.RaftServerConfigKeys (ConfUtils.java:logGet(43)) - raft.server.snapshot.retention.file.num = 5 (custom)
2019-10-21 05:30:56,724 [pool-59-thread-1] INFO  server.RaftServerConfigKeys (ConfUtils.java:logGet(43)) - raft.server.retrycache.expirytime = 600000ms (custom)
2019-10-21 05:30:56,724 [pool-59-thread-1] WARN  impl.MetricRegistriesImpl (MetricRegistriesImpl.java:lambda$create$1(61)) - First MetricRegistry has been created without registering reporters. You may need to call MetricRegistries.global().addReportRegistration(...) before.
2019-10-21 05:30:56,724 [pool-59-thread-1] WARN  impl.MetricRegistriesImpl (MetricRegistriesImpl.java:lambda$create$1(61)) - First MetricRegistry has been created without registering reporters. You may need to call MetricRegistries.global().addReportRegistration(...) before.
2019-10-21 05:30:56,725 [pool-59-thread-1] INFO  impl.RaftServerImpl (RaftServerImpl.java:start(184)) - 10936abf-a8c2-471d-9c61-a43b910bc959@group-1EAFAA8DE814: start as a follower, conf=-1: [10936abf-a8c2-471d-9c61-a43b910bc959:192.168.164.197:35893], old=null
2019-10-21 05:30:56,725 [pool-59-thread-1] INFO  impl.RaftServerImpl (RaftServerImpl.java:setRole(173)) - 10936abf-a8c2-471d-9c61-a43b910bc959@group-1EAFAA8DE814: changes role from      null to FOLLOWER at term 0 for startAsFollower
2019-10-21 05:30:56,725 [pool-59-thread-1] INFO  impl.RoleInfo (RoleInfo.java:updateAndGet(143)) - 10936abf-a8c2-471d-9c61-a43b910bc959: start FollowerState
2019-10-21 05:30:56,725 [pool-59-thread-1] INFO  util.JmxRegister (JmxRegister.java:tryRegister(44)) - Successfully registered JMX Bean with object name Ratis:service=RaftServer,group=group-1EAFAA8DE814,id=10936abf-a8c2-471d-9c61-a43b910bc959
2019-10-21 05:30:56,726 [pool-59-thread-1] WARN  impl.MetricRegistriesImpl (MetricRegistriesImpl.java:lambda$create$1(61)) - First MetricRegistry has been created without registering reporters. You may need to call MetricRegistries.global().addReportRegistration(...) before.
2019-10-21 05:30:56,730 [RatisPipelineUtilsThread] INFO  pipeline.PipelineStateManager (PipelineStateManager.java:addPipeline(55)) - Created pipeline Pipeline[ Id: 19d22db7-fadc-4004-aa6d-1eafaa8de814, Nodes: 10936abf-a8c2-471d-9c61-a43b910bc959{ip: 192.168.164.197, host: pr-hdds-1868-qzls5-2202220713, networkLocation: /default-rack, certSerialId: null}, Type:RATIS, Factor:ONE, State:ALLOCATED]
2019-10-21 05:30:56,736 [BlockDeletingService#2] WARN  background.BlockDeletingService (BlockDeletingService.java:isDeletionAllowed(187)) - Close Container log Index 6 is not replicated across allthe servers in the pipeline ea95e8fe-4098-4221-913b-2b447d4c4854 as the min replicated index is 4. Deletion is not allowed in this container yet.
2019-10-21 05:30:56,739 [grpc-default-executor-0] INFO  impl.RaftServerProxy (RaftServerProxy.java:addNew(89)) - 756d617c-4df0-4d16-a449-32c84fd3d9b4: addNew group-BBF00F93FAC5:[10936abf-a8c2-471d-9c61-a43b910bc959:192.168.164.197:35893, 756d617c-4df0-4d16-a449-32c84fd3d9b4:192.168.164.197:42479, de422f88-f067-42c5-9741-971d3fd4b460:192.168.164.197:37219] returns group-BBF00F93FAC5:java.util.concurrent.CompletableFuture@74b2ae44[Not completed]
2019-10-21 05:30:56,741 [grpc-default-executor-4] INFO  impl.RaftServerProxy (RaftServerProxy.java:addNew(89)) - 10936abf-a8c2-471d-9c61-a43b910bc959: addNew group-BBF00F93FAC5:[10936abf-a8c2-471d-9c61-a43b910bc959:192.168.164.197:35893, 756d617c-4df0-4d16-a449-32c84fd3d9b4:192.168.164.197:42479, de422f88-f067-42c5-9741-971d3fd4b460:192.168.164.197:37219] returns group-BBF00F93FAC5:java.util.concurrent.CompletableFuture@2af4d2c5[Not completed]
2019-10-21 05:30:56,742 [grpc-default-executor-0] INFO  impl.RaftServerProxy (RaftServerProxy.java:addNew(89)) - de422f88-f067-42c5-9741-971d3fd4b460: addNew group-BBF00F93FAC5:[10936abf-a8c2-471d-9c61-a43b910bc959:192.168.164.197:35893, 756d617c-4df0-4d16-a449-32c84fd3d9b4:192.168.164.197:42479, de422f88-f067-42c5-9741-971d3fd4b460:192.168.164.197:37219] returns group-BBF00F93FAC5:java.util.concurrent.CompletableFuture@1d7208e0[Not completed]
2019-10-21 05:30:56,743 [pool-27-thread-1] INFO  impl.RaftServerImpl (RaftServerImpl.java:<init>(98)) - 756d617c-4df0-4d16-a449-32c84fd3d9b4: new RaftServerImpl for group-BBF00F93FAC5:[10936abf-a8c2-471d-9c61-a43b910bc959:192.168.164.197:35893, 756d617c-4df0-4d16-a449-32c84fd3d9b4:192.168.164.197:42479, de422f88-f067-42c5-9741-971d3fd4b460:192.168.164.197:37219] with ContainerStateMachine:uninitialized
2019-10-21 05:30:56,743 [pool-27-thread-1] INFO  server.RaftServerConfigKeys (ConfUtils.java:logGet(43)) - raft.server.rpc.timeout.min = 5s (custom)
2019-10-21 05:30:56,743 [pool-27-thread-1] INFO  server.RaftServerConfigKeys (ConfUtils.java:logGet(43)) - raft.server.rpc.timeout.max = 5200ms (custom)
2019-10-21 05:30:56,743 [pool-27-thread-1] INFO  server.RaftServerConfigKeys (ConfUtils.java:logGet(43)) - raft.server.rpcslowness.timeout = 1000s (custom)
2019-10-21 05:30:56,743 [pool-27-thread-1] INFO  server.RaftServerConfigKeys (ConfUtils.java:logGet(43)) - raft.server.sleep.deviation.threshold = 300 (default)
2019-10-21 05:30:56,743 [pool-27-thread-1] INFO  server.RaftServerConfigKeys (ConfUtils.java:logGet(43)) - raft.server.log.appender.install.snapshot.enabled = false (custom)
2019-10-21 05:30:56,743 [pool-27-thread-1] INFO  impl.RaftServerImpl (ServerState.java:<init>(103)) - 756d617c-4df0-4d16-a449-32c84fd3d9b4@group-BBF00F93FAC5: ConfigurationManager, init=-1: [10936abf-a8c2-471d-9c61-a43b910bc959:192.168.164.197:35893, 756d617c-4df0-4d16-a449-32c84fd3d9b4:192.168.164.197:42479, de422f88-f067-42c5-9741-971d3fd4b460:192.168.164.197:37219], old=null, confs=<EMPTY_MAP>
2019-10-21 05:30:56,743 [pool-47-thread-1] INFO  impl.RaftServerImpl (RaftServerImpl.java:<init>(98)) - de422f88-f067-42c5-9741-971d3fd4b460: new RaftServerImpl for group-BBF00F93FAC5:[10936abf-a8c2-471d-9c61-a43b910bc959:192.168.164.197:35893, 756d617c-4df0-4d16-a449-32c84fd3d9b4:192.168.164.197:42479, de422f88-f067-42c5-9741-971d3fd4b460:192.168.164.197:37219] with ContainerStateMachine:uninitialized
2019-10-21 05:30:56,743 [pool-27-thread-1] INFO  server.RaftServerConfigKeys (ConfUtils.java:logGet(43)) - raft.server.storage.dir = [/workdir/hadoop-ozone/integration-test/target/test-dir/MiniOzoneClusterImpl-a605ea08-6c65-4b38-80f2-5db36cdad253/datanode-0/data/ratis] (custom)
2019-10-21 05:30:56,744 [pool-47-thread-1] INFO  server.RaftServerConfigKeys (ConfUtils.java:logGet(43)) - raft.server.rpc.timeout.min = 5s (custom)
2019-10-21 05:30:56,744 [pool-47-thread-1] INFO  server.RaftServerConfigKeys (ConfUtils.java:logGet(43)) - raft.server.rpc.timeout.max = 5200ms (custom)
2019-10-21 05:30:56,744 [pool-27-thread-1] INFO  server.RaftServerConfigKeys (ConfUtils.java:logGet(43)) - raft.server.log.corruption.policy = EXCEPTION (default)
2019-10-21 05:30:56,744 [pool-47-thread-1] INFO  server.RaftServerConfigKeys (ConfUtils.java:logGet(43)) - raft.server.rpcslowness.timeout = 1000s (custom)
2019-10-21 05:30:56,744 [pool-47-thread-1] INFO  server.RaftServerConfigKeys (ConfUtils.java:logGet(43)) - raft.server.sleep.deviation.threshold = 300 (default)
2019-10-21 05:30:56,744 [pool-27-thread-1] INFO  storage.RaftStorageDirectory (RaftStorageDirectory.java:analyzeStorage(246)) - The storage directory /workdir/hadoop-ozone/integration-test/target/test-dir/MiniOzoneClusterImpl-a605ea08-6c65-4b38-80f2-5db36cdad253/datanode-0/data/ratis/913d21c0-f4b8-4c87-a862-bbf00f93fac5 does not exist. Creating ...
2019-10-21 05:30:56,744 [pool-47-thread-1] INFO  server.RaftServerConfigKeys (ConfUtils.java:logGet(43)) - raft.server.log.appender.install.snapshot.enabled = false (custom)
2019-10-21 05:30:56,744 [pool-47-thread-1] INFO  impl.RaftServerImpl (ServerState.java:<init>(103)) - de422f88-f067-42c5-9741-971d3fd4b460@group-BBF00F93FAC5: ConfigurationManager, init=-1: [10936abf-a8c2-471d-9c61-a43b910bc959:192.168.164.197:35893, 756d617c-4df0-4d16-a449-32c84fd3d9b4:192.168.164.197:42479, de422f88-f067-42c5-9741-971d3fd4b460:192.168.164.197:37219], old=null, confs=<EMPTY_MAP>
2019-10-21 05:30:56,744 [pool-47-thread-1] INFO  server.RaftServerConfigKeys (ConfUtils.java:logGet(43)) - raft.server.storage.dir = [/workdir/hadoop-ozone/integration-test/target/test-dir/MiniOzoneClusterImpl-a605ea08-6c65-4b38-80f2-5db36cdad253/datanode-2/data/ratis] (custom)
2019-10-21 05:30:56,744 [pool-47-thread-1] INFO  server.RaftServerConfigKeys (ConfUtils.java:logGet(43)) - raft.server.log.corruption.policy = EXCEPTION (default)
2019-10-21 05:30:56,745 [pool-59-thread-1] INFO  impl.RaftServerImpl (RaftServerImpl.java:<init>(98)) - 10936abf-a8c2-471d-9c61-a43b910bc959: new RaftServerImpl for group-BBF00F93FAC5:[10936abf-a8c2-471d-9c61-a43b910bc959:192.168.164.197:35893, 756d617c-4df0-4d16-a449-32c84fd3d9b4:192.168.164.197:42479, de422f88-f067-42c5-9741-971d3fd4b460:192.168.164.197:37219] with ContainerStateMachine:uninitialized
2019-10-21 05:30:56,745 [pool-47-thread-1] INFO  storage.RaftStorageDirectory (RaftStorageDirectory.java:analyzeStorage(246)) - The storage directory /workdir/hadoop-ozone/integration-test/target/test-dir/MiniOzoneClusterImpl-a605ea08-6c65-4b38-80f2-5db36cdad253/datanode-2/data/ratis/913d21c0-f4b8-4c87-a862-bbf00f93fac5 does not exist. Creating ...
2019-10-21 05:30:56,745 [pool-59-thread-1] INFO  server.RaftServerConfigKeys (ConfUtils.java:logGet(43)) - raft.server.rpc.timeout.min = 5s (custom)
2019-10-21 05:30:56,745 [pool-59-thread-1] INFO  server.RaftServerConfigKeys (ConfUtils.java:logGet(43)) - raft.server.rpc.timeout.max = 5200ms (custom)
2019-10-21 05:30:56,745 [pool-59-thread-1] INFO  server.RaftServerConfigKeys (ConfUtils.java:logGet(43)) - raft.server.rpcslowness.timeout = 1000s (custom)
2019-10-21 05:30:56,745 [pool-59-thread-1] INFO  server.RaftServerConfigKeys (ConfUtils.java:logGet(43)) - raft.server.sleep.deviation.threshold = 300 (default)
2019-10-21 05:30:56,745 [pool-59-thread-1] INFO  server.RaftServerConfigKeys (ConfUtils.java:logGet(43)) - raft.server.log.appender.install.snapshot.enabled = false (custom)
2019-10-21 05:30:56,746 [pool-59-thread-1] INFO  impl.RaftServerImpl (ServerState.java:<init>(103)) - 10936abf-a8c2-471d-9c61-a43b910bc959@group-BBF00F93FAC5: ConfigurationManager, init=-1: [10936abf-a8c2-471d-9c61-a43b910bc959:192.168.164.197:35893, 756d617c-4df0-4d16-a449-32c84fd3d9b4:192.168.164.197:42479, de422f88-f067-42c5-9741-971d3fd4b460:192.168.164.197:37219], old=null, confs=<EMPTY_MAP>
2019-10-21 05:30:56,746 [pool-59-thread-1] INFO  server.RaftServerConfigKeys (ConfUtils.java:logGet(43)) - raft.server.storage.dir = [/workdir/hadoop-ozone/integration-test/target/test-dir/MiniOzoneClusterImpl-a605ea08-6c65-4b38-80f2-5db36cdad253/datanode-1/data/ratis] (custom)
2019-10-21 05:30:56,746 [pool-59-thread-1] INFO  server.RaftServerConfigKeys (ConfUtils.java:logGet(43)) - raft.server.log.corruption.policy = EXCEPTION (default)
2019-10-21 05:30:56,746 [pool-59-thread-1] INFO  storage.RaftStorageDirectory (RaftStorageDirectory.java:analyzeStorage(246)) - The storage directory /workdir/hadoop-ozone/integration-test/target/test-dir/MiniOzoneClusterImpl-a605ea08-6c65-4b38-80f2-5db36cdad253/datanode-1/data/ratis/913d21c0-f4b8-4c87-a862-bbf00f93fac5 does not exist. Creating ...
2019-10-21 05:30:56,776 [pool-47-thread-1] INFO  storage.RaftStorageDirectory (RaftStorageDirectory.java:tryLock(328)) - Lock on /workdir/hadoop-ozone/integration-test/target/test-dir/MiniOzoneClusterImpl-a605ea08-6c65-4b38-80f2-5db36cdad253/datanode-2/data/ratis/913d21c0-f4b8-4c87-a862-bbf00f93fac5/in_use.lock acquired by nodename 1954@pr-hdds-1868-qzls5-2202220713
2019-10-21 05:30:56,776 [pool-59-thread-1] INFO  storage.RaftStorageDirectory (RaftStorageDirectory.java:tryLock(328)) - Lock on /workdir/hadoop-ozone/integration-test/target/test-dir/MiniOzoneClusterImpl-a605ea08-6c65-4b38-80f2-5db36cdad253/datanode-1/data/ratis/913d21c0-f4b8-4c87-a862-bbf00f93fac5/in_use.lock acquired by nodename 1954@pr-hdds-1868-qzls5-2202220713
2019-10-21 05:30:56,776 [pool-27-thread-1] INFO  storage.RaftStorageDirectory (RaftStorageDirectory.java:tryLock(328)) - Lock on /workdir/hadoop-ozone/integration-test/target/test-dir/MiniOzoneClusterImpl-a605ea08-6c65-4b38-80f2-5db36cdad253/datanode-0/data/ratis/913d21c0-f4b8-4c87-a862-bbf00f93fac5/in_use.lock acquired by nodename 1954@pr-hdds-1868-qzls5-2202220713
2019-10-21 05:30:56,790 [pool-47-thread-1] INFO  storage.RaftStorage (RaftStorage.java:format(84)) - Storage directory /workdir/hadoop-ozone/integration-test/target/test-dir/MiniOzoneClusterImpl-a605ea08-6c65-4b38-80f2-5db36cdad253/datanode-2/data/ratis/913d21c0-f4b8-4c87-a862-bbf00f93fac5 has been successfully formatted.
2019-10-21 05:30:56,790 [pool-27-thread-1] INFO  storage.RaftStorage (RaftStorage.java:format(84)) - Storage directory /workdir/hadoop-ozone/integration-test/target/test-dir/MiniOzoneClusterImpl-a605ea08-6c65-4b38-80f2-5db36cdad253/datanode-0/data/ratis/913d21c0-f4b8-4c87-a862-bbf00f93fac5 has been successfully formatted.
2019-10-21 05:30:56,790 [pool-59-thread-1] INFO  storage.RaftStorage (RaftStorage.java:format(84)) - Storage directory /workdir/hadoop-ozone/integration-test/target/test-dir/MiniOzoneClusterImpl-a605ea08-6c65-4b38-80f2-5db36cdad253/datanode-1/data/ratis/913d21c0-f4b8-4c87-a862-bbf00f93fac5 has been successfully formatted.
2019-10-21 05:30:56,790 [pool-47-thread-1] INFO  ratis.ContainerStateMachine (ContainerStateMachine.java:loadSnapshot(233)) - group-BBF00F93FAC5: The snapshot info is null. Setting the last applied indexto:(t:0, i:~)
2019-10-21 05:30:56,790 [pool-27-thread-1] INFO  ratis.ContainerStateMachine (ContainerStateMachine.java:loadSnapshot(233)) - group-BBF00F93FAC5: The snapshot info is null. Setting the last applied indexto:(t:0, i:~)
2019-10-21 05:30:56,790 [pool-59-thread-1] INFO  ratis.ContainerStateMachine (ContainerStateMachine.java:loadSnapshot(233)) - group-BBF00F93FAC5: The snapshot info is null. Setting the last applied indexto:(t:0, i:~)
2019-10-21 05:30:56,790 [pool-47-thread-1] INFO  server.RaftServerConfigKeys (ConfUtils.java:logGet(43)) - raft.server.notification.no-leader.timeout = 1000s (custom)
2019-10-21 05:30:56,791 [pool-59-thread-1] INFO  server.RaftServerConfigKeys (ConfUtils.java:logGet(43)) - raft.server.notification.no-leader.timeout = 1000s (custom)
2019-10-21 05:30:56,791 [pool-27-thread-1] INFO  server.RaftServerConfigKeys (ConfUtils.java:logGet(43)) - raft.server.notification.no-leader.timeout = 1000s (custom)
2019-10-21 05:30:56,791 [pool-59-thread-1] INFO  server.RaftServerConfigKeys (ConfUtils.java:logGet(43)) - raft.server.log.use.memory = false (default)
2019-10-21 05:30:56,791 [pool-47-thread-1] INFO  server.RaftServerConfigKeys (ConfUtils.java:logGet(43)) - raft.server.log.use.memory = false (default)
2019-10-21 05:30:56,791 [pool-59-thread-1] INFO  server.RaftServerConfigKeys (ConfUtils.java:logGet(43)) - raft.server.log.purge.gap = 1000000 (custom)
2019-10-21 05:30:56,791 [pool-27-thread-1] INFO  server.RaftServerConfigKeys (ConfUtils.java:logGet(43)) - raft.server.log.use.memory = false (default)
2019-10-21 05:30:56,791 [pool-59-thread-1] INFO  server.RaftServerConfigKeys (ConfUtils.java:logGet(43)) - raft.server.log.appender.buffer.byte-limit = 33554432 (custom)
2019-10-21 05:30:56,791 [pool-47-thread-1] INFO  server.RaftServerConfigKeys (ConfUtils.java:logGet(43)) - raft.server.log.purge.gap = 1000000 (custom)
2019-10-21 05:30:56,791 [pool-59-thread-1] INFO  server.RaftServerConfigKeys (ConfUtils.java:logGet(43)) - raft.server.log.segment.size.max = 1048576 (custom)
2019-10-21 05:30:56,791 [pool-27-thread-1] INFO  server.RaftServerConfigKeys (ConfUtils.java:logGet(43)) - raft.server.log.purge.gap = 1000000 (custom)
2019-10-21 05:30:56,792 [pool-59-thread-1] INFO  server.RaftServerConfigKeys (ConfUtils.java:logGet(43)) - raft.server.log.segment.cache.num.max = 2 (custom)
2019-10-21 05:30:56,791 [pool-47-thread-1] INFO  server.RaftServerConfigKeys (ConfUtils.java:logGet(43)) - raft.server.log.appender.buffer.byte-limit = 33554432 (custom)
2019-10-21 05:30:56,792 [pool-59-thread-1] INFO  segmented.SegmentedRaftLogWorker (SegmentedRaftLogWorker.java:<init>(173)) - new 10936abf-a8c2-471d-9c61-a43b910bc959@group-BBF00F93FAC5-SegmentedRaftLogWorker for RaftStorage:Storage Directory /workdir/hadoop-ozone/integration-test/target/test-dir/MiniOzoneClusterImpl-a605ea08-6c65-4b38-80f2-5db36cdad253/datanode-1/data/ratis/913d21c0-f4b8-4c87-a862-bbf00f93fac5
2019-10-21 05:30:56,792 [pool-27-thread-1] INFO  server.RaftServerConfigKeys (ConfUtils.java:logGet(43)) - raft.server.log.appender.buffer.byte-limit = 33554432 (custom)
2019-10-21 05:30:56,792 [pool-59-thread-1] INFO  server.RaftServerConfigKeys (ConfUtils.java:logGet(43)) - raft.server.log.queue.byte-limit = 2147483647 (custom)
2019-10-21 05:30:56,792 [pool-47-thread-1] INFO  server.RaftServerConfigKeys (ConfUtils.java:logGet(43)) - raft.server.log.segment.size.max = 1048576 (custom)
2019-10-21 05:30:56,792 [pool-59-thread-1] INFO  server.RaftServerConfigKeys (ConfUtils.java:logGet(43)) - raft.server.log.queue.element-limit = 1024 (custom)
2019-10-21 05:30:56,792 [pool-27-thread-1] INFO  server.RaftServerConfigKeys (ConfUtils.java:logGet(43)) - raft.server.log.segment.size.max = 1048576 (custom)
2019-10-21 05:30:56,792 [pool-59-thread-1] INFO  server.RaftServerConfigKeys (ConfUtils.java:logGet(43)) - raft.server.log.segment.size.max = 1048576 (custom)
2019-10-21 05:30:56,792 [pool-47-thread-1] INFO  server.RaftServerConfigKeys (ConfUtils.java:logGet(43)) - raft.server.log.segment.cache.num.max = 2 (custom)
2019-10-21 05:30:56,793 [pool-59-thread-1] INFO  server.RaftServerConfigKeys (ConfUtils.java:logGet(43)) - raft.server.log.preallocated.size = 16384 (custom)
2019-10-21 05:30:56,792 [pool-27-thread-1] INFO  server.RaftServerConfigKeys (ConfUtils.java:logGet(43)) - raft.server.log.segment.cache.num.max = 2 (custom)
2019-10-21 05:30:56,793 [pool-59-thread-1] INFO  server.RaftServerConfigKeys (ConfUtils.java:logGet(43)) - raft.server.log.write.buffer.size = 33554432 (custom)
2019-10-21 05:30:56,793 [pool-47-thread-1] INFO  segmented.SegmentedRaftLogWorker (SegmentedRaftLogWorker.java:<init>(173)) - new de422f88-f067-42c5-9741-971d3fd4b460@group-BBF00F93FAC5-SegmentedRaftLogWorker for RaftStorage:Storage Directory /workdir/hadoop-ozone/integration-test/target/test-dir/MiniOzoneClusterImpl-a605ea08-6c65-4b38-80f2-5db36cdad253/datanode-2/data/ratis/913d21c0-f4b8-4c87-a862-bbf00f93fac5
2019-10-21 05:30:56,793 [pool-59-thread-1] INFO  server.RaftServerConfigKeys (ConfUtils.java:logGet(43)) - raft.server.log.force.sync.num = 128 (default)
2019-10-21 05:30:56,793 [pool-27-thread-1] INFO  segmented.SegmentedRaftLogWorker (SegmentedRaftLogWorker.java:<init>(173)) - new 756d617c-4df0-4d16-a449-32c84fd3d9b4@group-BBF00F93FAC5-SegmentedRaftLogWorker for RaftStorage:Storage Directory /workdir/hadoop-ozone/integration-test/target/test-dir/MiniOzoneClusterImpl-a605ea08-6c65-4b38-80f2-5db36cdad253/datanode-0/data/ratis/913d21c0-f4b8-4c87-a862-bbf00f93fac5
2019-10-21 05:30:56,793 [pool-59-thread-1] INFO  server.RaftServerConfigKeys (ConfUtils.java:logGet(43)) - raft.server.log.statemachine.data.sync = true (default)
2019-10-21 05:30:56,793 [pool-47-thread-1] INFO  server.RaftServerConfigKeys (ConfUtils.java:logGet(43)) - raft.server.log.queue.byte-limit = 2147483647 (custom)
2019-10-21 05:30:56,793 [pool-59-thread-1] INFO  server.RaftServerConfigKeys (ConfUtils.java:logGet(43)) - raft.server.log.statemachine.data.sync.timeout = 10s (default)
2019-10-21 05:30:56,793 [pool-27-thread-1] INFO  server.RaftServerConfigKeys (ConfUtils.java:logGet(43)) - raft.server.log.queue.byte-limit = 2147483647 (custom)
2019-10-21 05:30:56,793 [pool-59-thread-1] INFO  server.RaftServerConfigKeys (ConfUtils.java:logGet(43)) - raft.server.log.statemachine.data.sync.timeout.retry = -1 (default)
2019-10-21 05:30:56,793 [pool-47-thread-1] INFO  server.RaftServerConfigKeys (ConfUtils.java:logGet(43)) - raft.server.log.queue.element-limit = 1024 (custom)
2019-10-21 05:30:56,794 [pool-59-thread-1] INFO  server.RaftServerConfigKeys (ConfUtils.java:logGet(43)) - raft.server.log.statemachine.data.caching.enabled = true (custom)
2019-10-21 05:30:56,793 [pool-27-thread-1] INFO  server.RaftServerConfigKeys (ConfUtils.java:logGet(43)) - raft.server.log.queue.element-limit = 1024 (custom)
2019-10-21 05:30:56,794 [pool-47-thread-1] INFO  server.RaftServerConfigKeys (ConfUtils.java:logGet(43)) - raft.server.log.segment.size.max = 1048576 (custom)
2019-10-21 05:30:56,794 [pool-59-thread-1] INFO  segmented.SegmentedRaftLogWorker (SegmentedRaftLogWorker.java:lambda$new$0(128)) - 10936abf-a8c2-471d-9c61-a43b910bc959@group-BBF00F93FAC5-SegmentedRaftLogWorker: flushIndex: setUnconditionally 0 -> -1
2019-10-21 05:30:56,794 [pool-27-thread-1] INFO  server.RaftServerConfigKeys (ConfUtils.java:logGet(43)) - raft.server.log.segment.size.max = 1048576 (custom)
2019-10-21 05:30:56,794 [pool-47-thread-1] INFO  server.RaftServerConfigKeys (ConfUtils.java:logGet(43)) - raft.server.log.preallocated.size = 16384 (custom)
2019-10-21 05:30:56,794 [pool-59-thread-1] INFO  server.RaftServerConfigKeys (ConfUtils.java:logGet(43)) - raft.server.snapshot.auto.trigger.enabled = true (custom)
2019-10-21 05:30:56,794 [pool-59-thread-1] INFO  server.RaftServerConfigKeys (ConfUtils.java:logGet(43)) - raft.server.snapshot.auto.trigger.threshold = 10000 (custom)
2019-10-21 05:30:56,794 [pool-27-thread-1] INFO  server.RaftServerConfigKeys (ConfUtils.java:logGet(43)) - raft.server.log.preallocated.size = 16384 (custom)
2019-10-21 05:30:56,794 [pool-59-thread-1] INFO  server.RaftServerConfigKeys (ConfUtils.java:logGet(43)) - raft.server.snapshot.retention.file.num = 5 (custom)
2019-10-21 05:30:56,794 [pool-47-thread-1] INFO  server.RaftServerConfigKeys (ConfUtils.java:logGet(43)) - raft.server.log.write.buffer.size = 33554432 (custom)
2019-10-21 05:30:56,795 [pool-59-thread-1] INFO  server.RaftServerConfigKeys (ConfUtils.java:logGet(43)) - raft.server.retrycache.expirytime = 600000ms (custom)
2019-10-21 05:30:56,795 [pool-27-thread-1] INFO  server.RaftServerConfigKeys (ConfUtils.java:logGet(43)) - raft.server.log.write.buffer.size = 33554432 (custom)
2019-10-21 05:30:56,795 [pool-59-thread-1] WARN  impl.MetricRegistriesImpl (MetricRegistriesImpl.java:lambda$create$1(61)) - First MetricRegistry has been created without registering reporters. You may need to call MetricRegistries.global().addReportRegistration(...) before.
2019-10-21 05:30:56,795 [pool-47-thread-1] INFO  server.RaftServerConfigKeys (ConfUtils.java:logGet(43)) - raft.server.log.force.sync.num = 128 (default)
2019-10-21 05:30:56,795 [pool-59-thread-1] WARN  impl.MetricRegistriesImpl (MetricRegistriesImpl.java:lambda$create$1(61)) - First MetricRegistry has been created without registering reporters. You may need to call MetricRegistries.global().addReportRegistration(...) before.
2019-10-21 05:30:56,795 [pool-27-thread-1] INFO  server.RaftServerConfigKeys (ConfUtils.java:logGet(43)) - raft.server.log.force.sync.num = 128 (default)
2019-10-21 05:30:56,795 [pool-59-thread-1] INFO  impl.RaftServerImpl (RaftServerImpl.java:start(184)) - 10936abf-a8c2-471d-9c61-a43b910bc959@group-BBF00F93FAC5: start as a follower, conf=-1: [10936abf-a8c2-471d-9c61-a43b910bc959:192.168.164.197:35893, 756d617c-4df0-4d16-a449-32c84fd3d9b4:192.168.164.197:42479, de422f88-f067-42c5-9741-971d3fd4b460:192.168.164.197:37219], old=null
2019-10-21 05:30:56,795 [pool-47-thread-1] INFO  server.RaftServerConfigKeys (ConfUtils.java:logGet(43)) - raft.server.log.statemachine.data.sync = true (default)
2019-10-21 05:30:56,795 [pool-59-thread-1] INFO  impl.RaftServerImpl (RaftServerImpl.java:setRole(173)) - 10936abf-a8c2-471d-9c61-a43b910bc959@group-BBF00F93FAC5: changes role from      null to FOLLOWER at term 0 for startAsFollower
2019-10-21 05:30:56,795 [pool-27-thread-1] INFO  server.RaftServerConfigKeys (ConfUtils.java:logGet(43)) - raft.server.log.statemachine.data.sync = true (default)
2019-10-21 05:30:56,796 [pool-59-thread-1] INFO  impl.RoleInfo (RoleInfo.java:updateAndGet(143)) - 10936abf-a8c2-471d-9c61-a43b910bc959: start FollowerState
2019-10-21 05:30:56,795 [pool-47-thread-1] INFO  server.RaftServerConfigKeys (ConfUtils.java:logGet(43)) - raft.server.log.statemachine.data.sync.timeout = 10s (default)
2019-10-21 05:30:56,796 [pool-27-thread-1] INFO  server.RaftServerConfigKeys (ConfUtils.java:logGet(43)) - raft.server.log.statemachine.data.sync.timeout = 10s (default)
2019-10-21 05:30:56,796 [pool-47-thread-1] INFO  server.RaftServerConfigKeys (ConfUtils.java:logGet(43)) - raft.server.log.statemachine.data.sync.timeout.retry = -1 (default)
2019-10-21 05:30:56,796 [pool-27-thread-1] INFO  server.RaftServerConfigKeys (ConfUtils.java:logGet(43)) - raft.server.log.statemachine.data.sync.timeout.retry = -1 (default)
2019-10-21 05:30:56,796 [pool-59-thread-1] INFO  util.JmxRegister (JmxRegister.java:tryRegister(44)) - Successfully registered JMX Bean with object name Ratis:service=RaftServer,group=group-BBF00F93FAC5,id=10936abf-a8c2-471d-9c61-a43b910bc959
2019-10-21 05:30:56,796 [pool-27-thread-1] INFO  server.RaftServerConfigKeys (ConfUtils.java:logGet(43)) - raft.server.log.statemachine.data.caching.enabled = true (custom)
2019-10-21 05:30:56,796 [pool-47-thread-1] INFO  server.RaftServerConfigKeys (ConfUtils.java:logGet(43)) - raft.server.log.statemachine.data.caching.enabled = true (custom)
2019-10-21 05:30:56,796 [pool-59-thread-1] WARN  impl.MetricRegistriesImpl (MetricRegistriesImpl.java:lambda$create$1(61)) - First MetricRegistry has been created without registering reporters. You may need to call MetricRegistries.global().addReportRegistration(...) before.
2019-10-21 05:30:56,796 [pool-47-thread-1] INFO  segmented.SegmentedRaftLogWorker (SegmentedRaftLogWorker.java:lambda$new$0(128)) - de422f88-f067-42c5-9741-971d3fd4b460@group-BBF00F93FAC5-SegmentedRaftLogWorker: flushIndex: setUnconditionally 0 -> -1
2019-10-21 05:30:56,796 [pool-27-thread-1] INFO  segmented.SegmentedRaftLogWorker (SegmentedRaftLogWorker.java:lambda$new$0(128)) - 756d617c-4df0-4d16-a449-32c84fd3d9b4@group-BBF00F93FAC5-SegmentedRaftLogWorker: flushIndex: setUnconditionally 0 -> -1
2019-10-21 05:30:56,797 [pool-47-thread-1] INFO  server.RaftServerConfigKeys (ConfUtils.java:logGet(43)) - raft.server.snapshot.auto.trigger.enabled = true (custom)
2019-10-21 05:30:56,797 [pool-47-thread-1] INFO  server.RaftServerConfigKeys (ConfUtils.java:logGet(43)) - raft.server.snapshot.auto.trigger.threshold = 10000 (custom)
2019-10-21 05:30:56,797 [pool-27-thread-1] INFO  server.RaftServerConfigKeys (ConfUtils.java:logGet(43)) - raft.server.snapshot.auto.trigger.enabled = true (custom)
2019-10-21 05:30:56,797 [pool-47-thread-1] INFO  server.RaftServerConfigKeys (ConfUtils.java:logGet(43)) - raft.server.snapshot.retention.file.num = 5 (custom)
2019-10-21 05:30:56,797 [pool-27-thread-1] INFO  server.RaftServerConfigKeys (ConfUtils.java:logGet(43)) - raft.server.snapshot.auto.trigger.threshold = 10000 (custom)
2019-10-21 05:30:56,797 [pool-47-thread-1] INFO  server.RaftServerConfigKeys (ConfUtils.java:logGet(43)) - raft.server.retrycache.expirytime = 600000ms (custom)
2019-10-21 05:30:56,797 [pool-27-thread-1] INFO  server.RaftServerConfigKeys (ConfUtils.java:logGet(43)) - raft.server.snapshot.retention.file.num = 5 (custom)
2019-10-21 05:30:56,797 [pool-47-thread-1] WARN  impl.MetricRegistriesImpl (MetricRegistriesImpl.java:lambda$create$1(61)) - First MetricRegistry has been created without registering reporters. You may need to call MetricRegistries.global().addReportRegistration(...) before.
2019-10-21 05:30:56,798 [pool-27-thread-1] INFO  server.RaftServerConfigKeys (ConfUtils.java:logGet(43)) - raft.server.retrycache.expirytime = 600000ms (custom)
2019-10-21 05:30:56,798 [pool-47-thread-1] WARN  impl.MetricRegistriesImpl (MetricRegistriesImpl.java:lambda$create$1(61)) - First MetricRegistry has been created without registering reporters. You may need to call MetricRegistries.global().addReportRegistration(...) before.
2019-10-21 05:30:56,798 [pool-27-thread-1] WARN  impl.MetricRegistriesImpl (MetricRegistriesImpl.java:lambda$create$1(61)) - First MetricRegistry has been created without registering reporters. You may need to call MetricRegistries.global().addReportRegistration(...) before.
2019-10-21 05:30:56,800 [pool-27-thread-1] WARN  impl.MetricRegistriesImpl (MetricRegistriesImpl.java:lambda$create$1(61)) - First MetricRegistry has been created without registering reporters. You may need to call MetricRegistries.global().addReportRegistration(...) before.
2019-10-21 05:30:56,802 [pool-47-thread-1] INFO  impl.RaftServerImpl (RaftServerImpl.java:start(184)) - de422f88-f067-42c5-9741-971d3fd4b460@group-BBF00F93FAC5: start as a follower, conf=-1: [10936abf-a8c2-471d-9c61-a43b910bc959:192.168.164.197:35893, 756d617c-4df0-4d16-a449-32c84fd3d9b4:192.168.164.197:42479, de422f88-f067-42c5-9741-971d3fd4b460:192.168.164.197:37219], old=null
2019-10-21 05:30:56,802 [pool-47-thread-1] INFO  impl.RaftServerImpl (RaftServerImpl.java:setRole(173)) - de422f88-f067-42c5-9741-971d3fd4b460@group-BBF00F93FAC5: changes role from      null to FOLLOWER at term 0 for startAsFollower
2019-10-21 05:30:56,802 [pool-27-thread-1] INFO  impl.RaftServerImpl (RaftServerImpl.java:start(184)) - 756d617c-4df0-4d16-a449-32c84fd3d9b4@group-BBF00F93FAC5: start as a follower, conf=-1: [10936abf-a8c2-471d-9c61-a43b910bc959:192.168.164.197:35893, 756d617c-4df0-4d16-a449-32c84fd3d9b4:192.168.164.197:42479, de422f88-f067-42c5-9741-971d3fd4b460:192.168.164.197:37219], old=null
2019-10-21 05:30:56,802 [pool-47-thread-1] INFO  impl.RoleInfo (RoleInfo.java:updateAndGet(143)) - de422f88-f067-42c5-9741-971d3fd4b460: start FollowerState
2019-10-21 05:30:56,802 [pool-27-thread-1] INFO  impl.RaftServerImpl (RaftServerImpl.java:setRole(173)) - 756d617c-4df0-4d16-a449-32c84fd3d9b4@group-BBF00F93FAC5: changes role from      null to FOLLOWER at term 0 for startAsFollower
2019-10-21 05:30:56,802 [pool-27-thread-1] INFO  impl.RoleInfo (RoleInfo.java:updateAndGet(143)) - 756d617c-4df0-4d16-a449-32c84fd3d9b4: start FollowerState
2019-10-21 05:30:56,802 [pool-47-thread-1] INFO  util.JmxRegister (JmxRegister.java:tryRegister(44)) - Successfully registered JMX Bean with object name Ratis:service=RaftServer,group=group-BBF00F93FAC5,id=de422f88-f067-42c5-9741-971d3fd4b460
2019-10-21 05:30:56,802 [pool-47-thread-1] WARN  impl.MetricRegistriesImpl (MetricRegistriesImpl.java:lambda$create$1(61)) - First MetricRegistry has been created without registering reporters. You may need to call MetricRegistries.global().addReportRegistration(...) before.
2019-10-21 05:30:56,803 [pool-27-thread-1] INFO  util.JmxRegister (JmxRegister.java:tryRegister(44)) - Successfully registered JMX Bean with object name Ratis:service=RaftServer,group=group-BBF00F93FAC5,id=756d617c-4df0-4d16-a449-32c84fd3d9b4
2019-10-21 05:30:56,803 [pool-27-thread-1] WARN  impl.MetricRegistriesImpl (MetricRegistriesImpl.java:lambda$create$1(61)) - First MetricRegistry has been created without registering reporters. You may need to call MetricRegistries.global().addReportRegistration(...) before.
2019-10-21 05:30:56,809 [RatisPipelineUtilsThread] INFO  pipeline.PipelineStateManager (PipelineStateManager.java:addPipeline(55)) - Created pipeline Pipeline[ Id: 913d21c0-f4b8-4c87-a862-bbf00f93fac5, Nodes: de422f88-f067-42c5-9741-971d3fd4b460{ip: 192.168.164.197, host: pr-hdds-1868-qzls5-2202220713, networkLocation: /default-rack, certSerialId: null}756d617c-4df0-4d16-a449-32c84fd3d9b4{ip: 192.168.164.197, host: pr-hdds-1868-qzls5-2202220713, networkLocation: /default-rack, certSerialId: null}10936abf-a8c2-471d-9c61-a43b910bc959{ip: 192.168.164.197, host: pr-hdds-1868-qzls5-2202220713, networkLocation: /default-rack, certSerialId: null}, Type:RATIS, Factor:THREE, State:ALLOCATED]
2019-10-21 05:30:56,829 [pool-7-thread-2] INFO  commands.RetriableDatanodeEventWatcher (RetriableDatanodeEventWatcher.java:onTimeout(47)) - RetriableDatanodeCommand type=deleteBlocksCommand with id=1571635849823 timed out. Retrying.
2019-10-21 05:30:56,847 [pool-7-thread-2] INFO  commands.RetriableDatanodeEventWatcher (RetriableDatanodeEventWatcher.java:onTimeout(47)) - RetriableDatanodeCommand type=deleteBlocksCommand with id=1571635849824 timed out. Retrying.
2019-10-21 05:30:56,849 [pool-7-thread-2] INFO  commands.RetriableDatanodeEventWatcher (RetriableDatanodeEventWatcher.java:onTimeout(47)) - RetriableDatanodeCommand type=deleteBlocksCommand with id=1571635849826 timed out. Retrying.
2019-10-21 05:30:56,849 [pool-7-thread-1] INFO  commands.RetriableDatanodeEventWatcher (RetriableDatanodeEventWatcher.java:onTimeout(47)) - RetriableDatanodeCommand type=deleteBlocksCommand with id=1571635849827 timed out. Retrying.
2019-10-21 05:30:56,851 [pool-7-thread-2] INFO  commands.RetriableDatanodeEventWatcher (RetriableDatanodeEventWatcher.java:onTimeout(47)) - RetriableDatanodeCommand type=deleteBlocksCommand with id=1571635849828 timed out. Retrying.
2019-10-21 05:30:56,851 [pool-7-thread-3] INFO  commands.RetriableDatanodeEventWatcher (RetriableDatanodeEventWatcher.java:onTimeout(47)) - RetriableDatanodeCommand type=deleteBlocksCommand with id=1571635849825 timed out. Retrying.
2019-10-21 05:30:56,851 [SCMBlockDeletingService#0] INFO  block.SCMBlockDeletingService (SCMBlockDeletingService.java:call(184)) - Totally added 1 delete blocks command for 1 datanodes, task elapsed time: 1ms
2019-10-21 05:30:56,861 [EventQueue-PendingDeleteStatusForPendingDeleteHandler] INFO  block.SCMBlockDeletingService (SCMBlockDeletingService.java:handlePendingDeletes(115)) - Block deletion txnID mismatch in datanode 10936abf-a8c2-471d-9c61-a43b910bc959 for containerID 1. Datanode delete txnID: 0, SCM txnID: 1
2019-10-21 05:30:57,061 [EventQueue-PendingDeleteStatusForPendingDeleteHandler] INFO  block.SCMBlockDeletingService (SCMBlockDeletingService.java:handlePendingDeletes(115)) - Block deletion txnID mismatch in datanode 10936abf-a8c2-471d-9c61-a43b910bc959 for containerID 1. Datanode delete txnID: 0, SCM txnID: 1
2019-10-21 05:30:57,463 [EventQueue-PendingDeleteStatusForPendingDeleteHandler] INFO  block.SCMBlockDeletingService (SCMBlockDeletingService.java:handlePendingDeletes(115)) - Block deletion txnID mismatch in datanode 10936abf-a8c2-471d-9c61-a43b910bc959 for containerID 1. Datanode delete txnID: 0, SCM txnID: 1
2019-10-21 05:30:57,478 [java.util.concurrent.ThreadPoolExecutor$Worker@60838a74[State = -1, empty queue]] WARN  server.GrpcLogAppender (GrpcLogAppender.java:timeoutAppendRequest(209)) - de422f88-f067-42c5-9741-971d3fd4b460@group-2B447D4C4854->10936abf-a8c2-471d-9c61-a43b910bc959-GrpcLogAppender: appendEntries Timeout, request=de422f88-f067-42c5-9741-971d3fd4b460->10936abf-a8c2-471d-9c61-a43b910bc959#53-t2, previous=(t:2, i:10), leaderCommit=10, initializing? false, entries: <empty>
2019-10-21 05:30:57,664 [Thread-624] INFO  client.GrpcClientProtocolService (GrpcClientProtocolService.java:lambda$processClientRequest$0(279)) - Failed RaftClientRequest:client-B3AE2EAE799D->10936abf-a8c2-471d-9c61-a43b910bc959@group-2B447D4C4854, cid=22, seq=0, Watch-ALL_COMMITTED(6), Message:<EMPTY>, reply=RaftClientReply:client-B3AE2EAE799D->10936abf-a8c2-471d-9c61-a43b910bc959@group-2B447D4C4854, cid=22, FAILED org.apache.ratis.protocol.NotLeaderException: Server 10936abf-a8c2-471d-9c61-a43b910bc959@group-2B447D4C4854 is not the leader, logIndex=0, commits[10936abf-a8c2-471d-9c61-a43b910bc959:c3]
2019-10-21 05:30:57,683 [EventQueue-PendingDeleteStatusForPendingDeleteHandler] INFO  block.SCMBlockDeletingService (SCMBlockDeletingService.java:handlePendingDeletes(115)) - Block deletion txnID mismatch in datanode 10936abf-a8c2-471d-9c61-a43b910bc959 for containerID 1. Datanode delete txnID: 0, SCM txnID: 1
2019-10-21 05:30:57,683 [Command processor thread] INFO  commandhandler.DeleteBlocksCommandHandler (DeleteBlocksCommandHandler.java:handle(106)) - Start to delete container blocks, TXIDs=[1(0)], numOfContainers=1, numOfBlocks=1
2019-10-21 05:30:57,684 [Thread-589] INFO  impl.FollowerState (FollowerState.java:run(111)) - 10936abf-a8c2-471d-9c61-a43b910bc959@group-2B447D4C4854-FollowerState: change to CANDIDATE, lastRpcTime:5011ms, electionTimeout:5010ms
2019-10-21 05:30:57,684 [Thread-589] INFO  impl.RoleInfo (RoleInfo.java:shutdownFollowerState(121)) - 10936abf-a8c2-471d-9c61-a43b910bc959: shutdown FollowerState
2019-10-21 05:30:57,684 [Thread-589] INFO  impl.RaftServerImpl (RaftServerImpl.java:setRole(173)) - 10936abf-a8c2-471d-9c61-a43b910bc959@group-2B447D4C4854: changes role from  FOLLOWER to CANDIDATE at term 2 for changeToCandidate
2019-10-21 05:30:57,685 [Thread-589] INFO  impl.RoleInfo (RoleInfo.java:updateAndGet(143)) - 10936abf-a8c2-471d-9c61-a43b910bc959: start LeaderElection
2019-10-21 05:30:57,685 [Command processor thread] INFO  commandhandler.DeleteBlocksCommandHandler (DeleteBlocksCommandHandler.java:handle(106)) - Start to delete container blocks, TXIDs=[1(0)], numOfContainers=1, numOfBlocks=1
2019-10-21 05:30:57,686 [Command processor thread] INFO  commandhandler.DeleteBlocksCommandHandler (DeleteBlocksCommandHandler.java:handle(106)) - Start to delete container blocks, TXIDs=[1(0)], numOfContainers=1, numOfBlocks=1
2019-10-21 05:30:57,686 [Command processor thread] INFO  commandhandler.DeleteBlocksCommandHandler (DeleteBlocksCommandHandler.java:handle(106)) - Start to delete container blocks, TXIDs=[1(3)], numOfContainers=1, numOfBlocks=1
2019-10-21 05:30:57,686 [Command processor thread] INFO  commandhandler.DeleteBlocksCommandHandler (DeleteBlocksCommandHandler.java:handle(106)) - Start to delete container blocks, TXIDs=[1(0)], numOfContainers=1, numOfBlocks=1
2019-10-21 05:30:57,687 [Command processor thread] INFO  commandhandler.DeleteBlocksCommandHandler (DeleteBlocksCommandHandler.java:handle(106)) - Start to delete container blocks, TXIDs=[1(3)], numOfContainers=1, numOfBlocks=1
2019-10-21 05:30:57,687 [Command processor thread] INFO  commandhandler.DeleteBlocksCommandHandler (DeleteBlocksCommandHandler.java:handle(106)) - Start to delete container blocks, TXIDs=[1(3)], numOfContainers=1, numOfBlocks=1
2019-10-21 05:30:57,687 [Command processor thread] INFO  commandhandler.DeleteBlocksCommandHandler (DeleteBlocksCommandHandler.java:handle(106)) - Start to delete container blocks, TXIDs=[1(0)], numOfContainers=1, numOfBlocks=1
2019-10-21 05:30:57,687 [Command processor thread] INFO  commandhandler.DeleteBlocksCommandHandler (DeleteBlocksCommandHandler.java:handle(106)) - Start to delete container blocks, TXIDs=[1(3)], numOfContainers=1, numOfBlocks=1
2019-10-21 05:30:57,687 [Command processor thread] INFO  commandhandler.DeleteBlocksCommandHandler (DeleteBlocksCommandHandler.java:handle(106)) - Start to delete container blocks, TXIDs=[1(3)], numOfContainers=1, numOfBlocks=1
2019-10-21 05:30:57,688 [Command processor thread] INFO  commandhandler.DeleteBlocksCommandHandler (DeleteBlocksCommandHandler.java:handle(106)) - Start to delete container blocks, TXIDs=[1(3)], numOfContainers=1, numOfBlocks=1
2019-10-21 05:30:57,688 [Command processor thread] INFO  commandhandler.DeleteBlocksCommandHandler (DeleteBlocksCommandHandler.java:handle(106)) - Start to delete container blocks, TXIDs=[1(0)], numOfContainers=1, numOfBlocks=1
2019-10-21 05:30:57,688 [Command processor thread] INFO  commandhandler.DeleteBlocksCommandHandler (DeleteBlocksCommandHandler.java:handle(106)) - Start to delete container blocks, TXIDs=[1(3)], numOfContainers=1, numOfBlocks=1
2019-10-21 05:30:57,688 [Command processor thread] INFO  commandhandler.DeleteBlocksCommandHandler (DeleteBlocksCommandHandler.java:handle(106)) - Start to delete container blocks, TXIDs=[1(3)], numOfContainers=1, numOfBlocks=1
2019-10-21 05:30:57,688 [Command processor thread] INFO  commandhandler.DeleteBlocksCommandHandler (DeleteBlocksCommandHandler.java:handle(106)) - Start to delete container blocks, TXIDs=[1(3)], numOfContainers=1, numOfBlocks=1
2019-10-21 05:30:57,688 [Command processor thread] INFO  commandhandler.DeleteBlocksCommandHandler (DeleteBlocksCommandHandler.java:handle(106)) - Start to delete container blocks, TXIDs=[1(3)], numOfContainers=1, numOfBlocks=1
2019-10-21 05:30:57,689 [Command processor thread] INFO  commandhandler.DeleteBlocksCommandHandler (DeleteBlocksCommandHandler.java:handle(106)) - Start to delete container blocks, TXIDs=[1(0)], numOfContainers=1, numOfBlocks=1
2019-10-21 05:30:57,689 [Command processor thread] INFO  commandhandler.DeleteBlocksCommandHandler (DeleteBlocksCommandHandler.java:handle(106)) - Start to delete container blocks, TXIDs=[1(3)], numOfContainers=1, numOfBlocks=1
2019-10-21 05:30:57,689 [Command processor thread] INFO  commandhandler.DeleteBlocksCommandHandler (DeleteBlocksCommandHandler.java:handle(106)) - Start to delete container blocks, TXIDs=[1(3)], numOfContainers=1, numOfBlocks=1
2019-10-21 05:30:57,689 [Command processor thread] INFO  commandhandler.DeleteBlocksCommandHandler (DeleteBlocksCommandHandler.java:handle(106)) - Start to delete container blocks, TXIDs=[1(3)], numOfContainers=1, numOfBlocks=1
2019-10-21 05:30:57,690 [Command processor thread] INFO  commandhandler.DeleteBlocksCommandHandler (DeleteBlocksCommandHandler.java:handle(106)) - Start to delete container blocks, TXIDs=[1(3)], numOfContainers=1, numOfBlocks=1
2019-10-21 05:30:57,690 [Command processor thread] INFO  commandhandler.DeleteBlocksCommandHandler (DeleteBlocksCommandHandler.java:handle(106)) - Start to delete container blocks, TXIDs=[1(3)], numOfContainers=1, numOfBlocks=1
2019-10-21 05:30:57,690 [Command processor thread] INFO  commandhandler.DeleteBlocksCommandHandler (DeleteBlocksCommandHandler.java:handle(106)) - Start to delete container blocks, TXIDs=[1(0)], numOfContainers=1, numOfBlocks=1
2019-10-21 05:30:57,690 [Command processor thread] INFO  commandhandler.DeleteBlocksCommandHandler (DeleteBlocksCommandHandler.java:handle(106)) - Start to delete container blocks, TXIDs=[1(3)], numOfContainers=1, numOfBlocks=1
2019-10-21 05:30:57,690 [Command processor thread] INFO  commandhandler.DeleteBlocksCommandHandler (DeleteBlocksCommandHandler.java:handle(106)) - Start to delete container blocks, TXIDs=[1(3)], numOfContainers=1, numOfBlocks=1
2019-10-21 05:30:57,690 [Command processor thread] INFO  commandhandler.DeleteBlocksCommandHandler (DeleteBlocksCommandHandler.java:handle(106)) - Start to delete container blocks, TXIDs=[1(3)], numOfContainers=1, numOfBlocks=1
2019-10-21 05:30:57,691 [Command processor thread] INFO  commandhandler.DeleteBlocksCommandHandler (DeleteBlocksCommandHandler.java:handle(106)) - Start to delete container blocks, TXIDs=[1(3)], numOfContainers=1, numOfBlocks=1
2019-10-21 05:30:57,691 [Command processor thread] INFO  commandhandler.DeleteBlocksCommandHandler (DeleteBlocksCommandHandler.java:handle(106)) - Start to delete container blocks, TXIDs=[1(3)], numOfContainers=1, numOfBlocks=1
2019-10-21 05:30:57,691 [Command processor thread] INFO  commandhandler.DeleteBlocksCommandHandler (DeleteBlocksCommandHandler.java:handle(106)) - Start to delete container blocks, TXIDs=[1(25)], numOfContainers=1, numOfBlocks=1
2019-10-21 05:30:57,704 [10936abf-a8c2-471d-9c61-a43b910bc959@group-2B447D4C4854-LeaderElection8] INFO  impl.LeaderElection (LeaderElection.java:askForVotes(178)) - 10936abf-a8c2-471d-9c61-a43b910bc959@group-2B447D4C4854-LeaderElection8: begin an election at term 3 for 0: [10936abf-a8c2-471d-9c61-a43b910bc959:192.168.164.197:35893, 756d617c-4df0-4d16-a449-32c84fd3d9b4:192.168.164.197:42479, de422f88-f067-42c5-9741-971d3fd4b460:192.168.164.197:37219], old=null
2019-10-21 05:30:57,710 [grpc-default-executor-4] INFO  impl.RaftServerImpl (ServerState.java:setLeader(255)) - 756d617c-4df0-4d16-a449-32c84fd3d9b4@group-2B447D4C4854: change Leader from de422f88-f067-42c5-9741-971d3fd4b460 to null at term 3 for updateCurrentTerm
2019-10-21 05:30:57,711 [grpc-default-executor-4] INFO  impl.RaftServerImpl (RaftServerImpl.java:setRole(173)) - 756d617c-4df0-4d16-a449-32c84fd3d9b4@group-2B447D4C4854: changes role from  FOLLOWER to FOLLOWER at term 3 for recognizeCandidate:10936abf-a8c2-471d-9c61-a43b910bc959
2019-10-21 05:30:57,711 [BlockDeletingService#1] WARN  background.BlockDeletingService (BlockDeletingService.java:isDeletionAllowed(187)) - Close Container log Index 6 is not replicated across allthe servers in the pipeline ea95e8fe-4098-4221-913b-2b447d4c4854 as the min replicated index is 4. Deletion is not allowed in this container yet.
2019-10-21 05:30:57,711 [grpc-default-executor-4] INFO  impl.RoleInfo (RoleInfo.java:shutdownFollowerState(121)) - 756d617c-4df0-4d16-a449-32c84fd3d9b4: shutdown FollowerState
2019-10-21 05:30:57,711 [grpc-default-executor-0] INFO  impl.RaftServerImpl (ServerState.java:setLeader(255)) - de422f88-f067-42c5-9741-971d3fd4b460@group-2B447D4C4854: change Leader from de422f88-f067-42c5-9741-971d3fd4b460 to null at term 3 for updateCurrentTerm
2019-10-21 05:30:57,712 [Thread-282] INFO  impl.FollowerState (FollowerState.java:run(120)) - 756d617c-4df0-4d16-a449-32c84fd3d9b4@group-2B447D4C4854-FollowerState was interrupted: java.lang.InterruptedException: sleep interrupted
2019-10-21 05:30:57,712 [grpc-default-executor-4] INFO  impl.RoleInfo (RoleInfo.java:updateAndGet(143)) - 756d617c-4df0-4d16-a449-32c84fd3d9b4: start FollowerState
2019-10-21 05:30:57,712 [grpc-default-executor-0] INFO  impl.RaftServerImpl (RaftServerImpl.java:setRole(173)) - de422f88-f067-42c5-9741-971d3fd4b460@group-2B447D4C4854: changes role from    LEADER to FOLLOWER at term 3 for recognizeCandidate:10936abf-a8c2-471d-9c61-a43b910bc959
2019-10-21 05:30:57,713 [grpc-default-executor-0] INFO  impl.RoleInfo (RoleInfo.java:shutdownLeaderState(104)) - de422f88-f067-42c5-9741-971d3fd4b460: shutdown LeaderState
2019-10-21 05:30:57,714 [grpc-default-executor-0] INFO  impl.PendingRequests (PendingRequests.java:sendNotLeaderResponses(206)) - de422f88-f067-42c5-9741-971d3fd4b460@group-2B447D4C4854-PendingRequests: sendNotLeaderResponses
2019-10-21 05:30:57,714 [org.apache.ratis.server.impl.LogAppender$AppenderDaemon$$Lambda$548/1546029069@1a474a81] WARN  server.GrpcLogAppender (GrpcLogAppender.java:mayWait(149)) - de422f88-f067-42c5-9741-971d3fd4b460@group-2B447D4C4854->10936abf-a8c2-471d-9c61-a43b910bc959-GrpcLogAppender: Wait interrupted by java.lang.InterruptedException
2019-10-21 05:30:57,714 [org.apache.ratis.server.impl.LogAppender$AppenderDaemon$$Lambda$548/1546029069@4b56e5f2] WARN  server.GrpcLogAppender (GrpcLogAppender.java:mayWait(149)) - de422f88-f067-42c5-9741-971d3fd4b460@group-2B447D4C4854->756d617c-4df0-4d16-a449-32c84fd3d9b4-GrpcLogAppender: Wait interrupted by java.lang.InterruptedException
2019-10-21 05:30:57,717 [Thread-632] INFO  client.GrpcClientProtocolService (GrpcClientProtocolService.java:lambda$processClientRequest$0(279)) - Failed RaftClientRequest:client-B3AE2EAE799D->de422f88-f067-42c5-9741-971d3fd4b460@group-2B447D4C4854, cid=22, seq=0, Watch-ALL_COMMITTED(6), Message:<EMPTY>, reply=RaftClientReply:client-B3AE2EAE799D->de422f88-f067-42c5-9741-971d3fd4b460@group-2B447D4C4854, cid=22, FAILED org.apache.ratis.protocol.NotLeaderException: Server de422f88-f067-42c5-9741-971d3fd4b460@group-2B447D4C4854 is not the leader, logIndex=0, commits[de422f88-f067-42c5-9741-971d3fd4b460:c10, 10936abf-a8c2-471d-9c61-a43b910bc959:c4, 756d617c-4df0-4d16-a449-32c84fd3d9b4:c10]
2019-10-21 05:30:57,718 [grpc-default-executor-0] INFO  impl.RoleInfo (RoleInfo.java:updateAndGet(143)) - de422f88-f067-42c5-9741-971d3fd4b460: start FollowerState
2019-10-21 05:30:57,719 [grpc-default-executor-3] INFO  server.GrpcServerProtocolService (GrpcServerProtocolService.java:onCompleted(113)) - 756d617c-4df0-4d16-a449-32c84fd3d9b4: Completed APPEND_ENTRIES, lastRequest: de422f88-f067-42c5-9741-971d3fd4b460->756d617c-4df0-4d16-a449-32c84fd3d9b4#53-t2, previous=(t:2, i:10), leaderCommit=10, initializing? false, entries: <empty>
2019-10-21 05:30:57,722 [grpc-default-executor-6] INFO  server.GrpcLogAppender (GrpcLogAppender.java:onCompleted(308)) - de422f88-f067-42c5-9741-971d3fd4b460@group-2B447D4C4854->756d617c-4df0-4d16-a449-32c84fd3d9b4-AppendLogResponseHandler: follower responses appendEntries COMPLETED
2019-10-21 05:30:57,723 [grpc-default-executor-6] INFO  impl.FollowerInfo (FollowerInfo.java:lambda$new$0(51)) - de422f88-f067-42c5-9741-971d3fd4b460@group-2B447D4C4854->756d617c-4df0-4d16-a449-32c84fd3d9b4: nextIndex: updateUnconditionally 11 -> 10
2019-10-21 05:30:57,730 [10936abf-a8c2-471d-9c61-a43b910bc959@group-2B447D4C4854-LeaderElection8] INFO  impl.LeaderElection (LeaderElection.java:logAndReturn(56)) - 10936abf-a8c2-471d-9c61-a43b910bc959@group-2B447D4C4854-LeaderElection8: Election REJECTED; received 2 response(s) [10936abf-a8c2-471d-9c61-a43b910bc959<-756d617c-4df0-4d16-a449-32c84fd3d9b4#0:FAIL-t3, 10936abf-a8c2-471d-9c61-a43b910bc959<-de422f88-f067-42c5-9741-971d3fd4b460#0:FAIL-t3] and 0 exception(s); 10936abf-a8c2-471d-9c61-a43b910bc959@group-2B447D4C4854:t3, leader=null, voted=10936abf-a8c2-471d-9c61-a43b910bc959, raftlog=10936abf-a8c2-471d-9c61-a43b910bc959@group-2B447D4C4854-SegmentedRaftLog:OPENED:c3,f4,i4, conf=0: [10936abf-a8c2-471d-9c61-a43b910bc959:192.168.164.197:35893, 756d617c-4df0-4d16-a449-32c84fd3d9b4:192.168.164.197:42479, de422f88-f067-42c5-9741-971d3fd4b460:192.168.164.197:37219], old=null
2019-10-21 05:30:57,730 [10936abf-a8c2-471d-9c61-a43b910bc959@group-2B447D4C4854-LeaderElection8] INFO  impl.RaftServerImpl (RaftServerImpl.java:setRole(173)) - 10936abf-a8c2-471d-9c61-a43b910bc959@group-2B447D4C4854: changes role from CANDIDATE to FOLLOWER at term 3 for DISCOVERED_A_NEW_TERM
2019-10-21 05:30:57,731 [10936abf-a8c2-471d-9c61-a43b910bc959@group-2B447D4C4854-LeaderElection8] INFO  impl.RoleInfo (RoleInfo.java:shutdownLeaderElection(134)) - 10936abf-a8c2-471d-9c61-a43b910bc959: shutdown LeaderElection
2019-10-21 05:30:57,731 [10936abf-a8c2-471d-9c61-a43b910bc959@group-2B447D4C4854-LeaderElection8] INFO  impl.RoleInfo (RoleInfo.java:updateAndGet(143)) - 10936abf-a8c2-471d-9c61-a43b910bc959: start FollowerState
2019-10-21 05:30:57,736 [Thread-590] INFO  impl.FollowerState (FollowerState.java:run(111)) - 10936abf-a8c2-471d-9c61-a43b910bc959@group-A89C89C2D8EE-FollowerState: change to CANDIDATE, lastRpcTime:5062ms, electionTimeout:5062ms
2019-10-21 05:30:57,736 [Thread-590] INFO  impl.RoleInfo (RoleInfo.java:shutdownFollowerState(121)) - 10936abf-a8c2-471d-9c61-a43b910bc959: shutdown FollowerState
2019-10-21 05:30:57,737 [Thread-590] INFO  impl.RaftServerImpl (RaftServerImpl.java:setRole(173)) - 10936abf-a8c2-471d-9c61-a43b910bc959@group-A89C89C2D8EE: changes role from  FOLLOWER to CANDIDATE at term 1 for changeToCandidate
2019-10-21 05:30:57,737 [Thread-590] INFO  impl.RoleInfo (RoleInfo.java:updateAndGet(143)) - 10936abf-a8c2-471d-9c61-a43b910bc959: start LeaderElection
2019-10-21 05:30:57,737 [BlockDeletingService#2] WARN  background.BlockDeletingService (BlockDeletingService.java:isDeletionAllowed(187)) - Close Container log Index 6 is not replicated across allthe servers in the pipeline ea95e8fe-4098-4221-913b-2b447d4c4854 as the min replicated index is 4. Deletion is not allowed in this container yet.
2019-10-21 05:30:57,747 [10936abf-a8c2-471d-9c61-a43b910bc959@group-A89C89C2D8EE-LeaderElection9] INFO  impl.LeaderElection (LeaderElection.java:askForVotes(178)) - 10936abf-a8c2-471d-9c61-a43b910bc959@group-A89C89C2D8EE-LeaderElection9: begin an election at term 2 for 0: [10936abf-a8c2-471d-9c61-a43b910bc959:192.168.164.197:35893], old=null
2019-10-21 05:30:57,747 [10936abf-a8c2-471d-9c61-a43b910bc959@group-A89C89C2D8EE-LeaderElection9] INFO  impl.RoleInfo (RoleInfo.java:shutdownLeaderElection(134)) - 10936abf-a8c2-471d-9c61-a43b910bc959: shutdown LeaderElection
2019-10-21 05:30:57,747 [10936abf-a8c2-471d-9c61-a43b910bc959@group-A89C89C2D8EE-LeaderElection9] INFO  impl.RaftServerImpl (RaftServerImpl.java:setRole(173)) - 10936abf-a8c2-471d-9c61-a43b910bc959@group-A89C89C2D8EE: changes role from CANDIDATE to LEADER at term 2 for changeToLeader
2019-10-21 05:30:57,748 [10936abf-a8c2-471d-9c61-a43b910bc959@group-A89C89C2D8EE-LeaderElection9] INFO  ratis.XceiverServerRatis (XceiverServerRatis.java:handleLeaderChangedNotification(701)) - Leader change notification received for group: group-A89C89C2D8EE with new leaderId: 10936abf-a8c2-471d-9c61-a43b910bc959
2019-10-21 05:30:57,748 [10936abf-a8c2-471d-9c61-a43b910bc959@group-A89C89C2D8EE-LeaderElection9] INFO  impl.RaftServerImpl (ServerState.java:setLeader(255)) - 10936abf-a8c2-471d-9c61-a43b910bc959@group-A89C89C2D8EE: change Leader from null to 10936abf-a8c2-471d-9c61-a43b910bc959 at term 2 for becomeLeader, leader elected after 6718ms
2019-10-21 05:30:57,748 [10936abf-a8c2-471d-9c61-a43b910bc959@group-A89C89C2D8EE-LeaderElection9] INFO  server.RaftServerConfigKeys (ConfUtils.java:logGet(43)) - raft.server.staging.catchup.gap = 1000 (default)
2019-10-21 05:30:57,748 [10936abf-a8c2-471d-9c61-a43b910bc959@group-A89C89C2D8EE-LeaderElection9] INFO  server.RaftServerConfigKeys (ConfUtils.java:logGet(43)) - raft.server.rpc.sleep.time = 25ms (default)
2019-10-21 05:30:57,749 [10936abf-a8c2-471d-9c61-a43b910bc959@group-A89C89C2D8EE-LeaderElection9] INFO  server.RaftServerConfigKeys (ConfUtils.java:logGet(43)) - raft.server.write.element-limit = 4096 (default)
2019-10-21 05:30:57,749 [10936abf-a8c2-471d-9c61-a43b910bc959@group-A89C89C2D8EE-LeaderElection9] INFO  server.RaftServerConfigKeys (ConfUtils.java:logGet(43)) - raft.server.watch.timeout = 10s (default)
2019-10-21 05:30:57,749 [10936abf-a8c2-471d-9c61-a43b910bc959@group-A89C89C2D8EE-LeaderElection9] INFO  server.RaftServerConfigKeys (ConfUtils.java:logGet(43)) - raft.server.watch.timeout.denomination = 1s (default)
2019-10-21 05:30:57,749 [10936abf-a8c2-471d-9c61-a43b910bc959@group-A89C89C2D8EE-LeaderElection9] INFO  server.RaftServerConfigKeys (ConfUtils.java:logGet(43)) - raft.server.watch.element-limit = 65536 (default)
2019-10-21 05:30:57,749 [EventQueue-PipelineReportForPipelineReportHandler] INFO  pipeline.PipelineReportHandler (PipelineReportHandler.java:processPipelineReport(105)) - Pipeline PipelineID=19d22db7-fadc-4004-aa6d-1eafaa8de814 reported by 10936abf-a8c2-471d-9c61-a43b910bc959{ip: 192.168.164.197, host: pr-hdds-1868-qzls5-2202220713, networkLocation: /default-rack, certSerialId: null} with leaderId 
2019-10-21 05:30:57,749 [10936abf-a8c2-471d-9c61-a43b910bc959@group-A89C89C2D8EE-LeaderElection9] INFO  impl.RoleInfo (RoleInfo.java:updateAndGet(143)) - 10936abf-a8c2-471d-9c61-a43b910bc959: start LeaderState
2019-10-21 05:30:57,749 [EventQueue-PipelineReportForPipelineReportHandler] INFO  pipeline.SCMPipelineManager (SCMPipelineManager.java:processReportedLeaderInfo(313)) - Opening pipeline PipelineID=19d22db7-fadc-4004-aa6d-1eafaa8de814 with reported leader <ByteString@52eefbcb size=0>
2019-10-21 05:30:57,750 [EventQueue-PipelineReportForPipelineReportHandler] INFO  pipeline.PipelineStateManager (PipelineStateManager.java:openPipeline(134)) - Pipeline Pipeline[ Id: 19d22db7-fadc-4004-aa6d-1eafaa8de814, Nodes: 10936abf-a8c2-471d-9c61-a43b910bc959{ip: 192.168.164.197, host: pr-hdds-1868-qzls5-2202220713, networkLocation: /default-rack, certSerialId: null}, Type:RATIS, Factor:ONE, State:OPEN] moved to OPEN state
2019-10-21 05:30:57,750 [10936abf-a8c2-471d-9c61-a43b910bc959@group-A89C89C2D8EE-LeaderElection9] INFO  segmented.SegmentedRaftLogWorker (SegmentedRaftLogWorker.java:rollLogSegment(390)) - 10936abf-a8c2-471d-9c61-a43b910bc959@group-A89C89C2D8EE-SegmentedRaftLogWorker: Rolling segment log-0_0 to index:0
2019-10-21 05:30:57,750 [EventQueue-PipelineReportForPipelineReportHandler] INFO  pipeline.PipelineReportHandler (PipelineReportHandler.java:processPipelineReport(105)) - Pipeline PipelineID=913d21c0-f4b8-4c87-a862-bbf00f93fac5 reported by 10936abf-a8c2-471d-9c61-a43b910bc959{ip: 192.168.164.197, host: pr-hdds-1868-qzls5-2202220713, networkLocation: /default-rack, certSerialId: null} with leaderId 
2019-10-21 05:30:57,751 [10936abf-a8c2-471d-9c61-a43b910bc959@group-A89C89C2D8EE-LeaderElection9] INFO  impl.RaftServerImpl (ServerState.java:setRaftConf(356)) - 10936abf-a8c2-471d-9c61-a43b910bc959@group-A89C89C2D8EE: set configuration 1: [10936abf-a8c2-471d-9c61-a43b910bc959:192.168.164.197:35893], old=null at 1
2019-10-21 05:30:57,753 [10936abf-a8c2-471d-9c61-a43b910bc959@group-A89C89C2D8EE-SegmentedRaftLogWorker] INFO  segmented.SegmentedRaftLogWorker (SegmentedRaftLogWorker.java:execute(533)) - 10936abf-a8c2-471d-9c61-a43b910bc959@group-A89C89C2D8EE-SegmentedRaftLogWorker: Rolled log segment from /workdir/hadoop-ozone/integration-test/target/test-dir/MiniOzoneClusterImpl-a605ea08-6c65-4b38-80f2-5db36cdad253/datanode-1/data/ratis/818444d4-905e-43ea-bac6-a89c89c2d8ee/current/log_inprogress_0 to /workdir/hadoop-ozone/integration-test/target/test-dir/MiniOzoneClusterImpl-a605ea08-6c65-4b38-80f2-5db36cdad253/datanode-1/data/ratis/818444d4-905e-43ea-bac6-a89c89c2d8ee/current/log_0-0
2019-10-21 05:30:57,793 [10936abf-a8c2-471d-9c61-a43b910bc959@group-A89C89C2D8EE-SegmentedRaftLogWorker] INFO  segmented.SegmentedRaftLogWorker (SegmentedRaftLogWorker.java:execute(576)) - 10936abf-a8c2-471d-9c61-a43b910bc959@group-A89C89C2D8EE-SegmentedRaftLogWorker: created new log segment /workdir/hadoop-ozone/integration-test/target/test-dir/MiniOzoneClusterImpl-a605ea08-6c65-4b38-80f2-5db36cdad253/datanode-1/data/ratis/818444d4-905e-43ea-bac6-a89c89c2d8ee/current/log_inprogress_1
2019-10-21 05:30:57,830 [pool-7-thread-3] INFO  commands.RetriableDatanodeEventWatcher (RetriableDatanodeEventWatcher.java:onTimeout(47)) - RetriableDatanodeCommand type=deleteBlocksCommand with id=1571635849823 timed out. Retrying.
2019-10-21 05:30:57,847 [pool-7-thread-3] INFO  commands.RetriableDatanodeEventWatcher (RetriableDatanodeEventWatcher.java:onTimeout(47)) - RetriableDatanodeCommand type=deleteBlocksCommand with id=1571635849824 timed out. Retrying.
2019-10-21 05:30:57,851 [pool-7-thread-3] INFO  commands.RetriableDatanodeEventWatcher (RetriableDatanodeEventWatcher.java:onTimeout(47)) - RetriableDatanodeCommand type=deleteBlocksCommand with id=1571635849828 timed out. Retrying.
2019-10-21 05:30:57,851 [pool-7-thread-2] INFO  commands.RetriableDatanodeEventWatcher (RetriableDatanodeEventWatcher.java:onTimeout(47)) - RetriableDatanodeCommand type=deleteBlocksCommand with id=1571635849829 timed out. Retrying.
2019-10-21 05:30:57,851 [pool-7-thread-1] INFO  commands.RetriableDatanodeEventWatcher (RetriableDatanodeEventWatcher.java:onTimeout(47)) - RetriableDatanodeCommand type=deleteBlocksCommand with id=1571635849826 timed out. Retrying.
2019-10-21 05:30:57,852 [pool-7-thread-3] INFO  commands.RetriableDatanodeEventWatcher (RetriableDatanodeEventWatcher.java:onTimeout(47)) - RetriableDatanodeCommand type=deleteBlocksCommand with id=1571635849825 timed out. Retrying.
2019-10-21 05:30:57,852 [pool-7-thread-4] INFO  commands.RetriableDatanodeEventWatcher (RetriableDatanodeEventWatcher.java:onTimeout(47)) - RetriableDatanodeCommand type=deleteBlocksCommand with id=1571635849827 timed out. Retrying.
2019-10-21 05:30:57,853 [SCMBlockDeletingService#0] INFO  block.SCMBlockDeletingService (SCMBlockDeletingService.java:call(184)) - Totally added 1 delete blocks command for 1 datanodes, task elapsed time: 0ms
2019-10-21 05:30:57,950 [EventQueue-DeleteBlockStatusForDeletedBlockLogImpl] WARN  block.DeletedBlockLogImpl (DeletedBlockLogImpl.java:commitTransactions(205)) - Transaction txId=1 commit by dnId=10936abf-a8c2-471d-9c61-a43b910bc959 for containerID=#1 failed. Corresponding entry not found.
2019-10-21 05:30:57,950 [EventQueue-DeleteBlockStatusForDeletedBlockLogImpl] WARN  block.DeletedBlockLogImpl (DeletedBlockLogImpl.java:commitTransactions(205)) - Transaction txId=1 commit by dnId=10936abf-a8c2-471d-9c61-a43b910bc959 for containerID=#1 failed. Corresponding entry not found.
2019-10-21 05:30:57,951 [EventQueue-DeleteBlockStatusForDeletedBlockLogImpl] WARN  block.DeletedBlockLogImpl (DeletedBlockLogImpl.java:commitTransactions(205)) - Transaction txId=1 commit by dnId=10936abf-a8c2-471d-9c61-a43b910bc959 for containerID=#1 failed. Corresponding entry not found.
2019-10-21 05:30:57,951 [IPC Server handler 13 on 35451] WARN  block.DeletedBlockLogImpl (DeletedBlockLogImpl.java:incrementCount(141)) - Deleted TXID not found.
2019-10-21 05:30:57,951 [EventQueue-DeleteBlockStatusForDeletedBlockLogImpl] WARN  block.DeletedBlockLogImpl (DeletedBlockLogImpl.java:commitTransactions(205)) - Transaction txId=1 commit by dnId=10936abf-a8c2-471d-9c61-a43b910bc959 for containerID=#1 failed. Corresponding entry not found.
2019-10-21 05:30:57,951 [IPC Server handler 13 on 35451] WARN  block.DeletedBlockLogImpl (DeletedBlockLogImpl.java:incrementCount(141)) - Deleted TXID not found.
2019-10-21 05:30:57,951 [IPC Server handler 13 on 35451] WARN  block.DeletedBlockLogImpl (DeletedBlockLogImpl.java:incrementCount(141)) - Deleted TXID not found.
2019-10-21 05:30:57,952 [IPC Server handler 13 on 35451] WARN  block.DeletedBlockLogImpl (DeletedBlockLogImpl.java:incrementCount(141)) - Deleted TXID not found.
2019-10-21 05:30:57,952 [IPC Server handler 13 on 35451] WARN  block.DeletedBlockLogImpl (DeletedBlockLogImpl.java:incrementCount(141)) - Deleted TXID not found.
2019-10-21 05:30:58,680 [Thread-639] INFO  client.GrpcClientProtocolService (GrpcClientProtocolService.java:lambda$processClientRequest$0(279)) - Failed RaftClientRequest:client-B3AE2EAE799D->756d617c-4df0-4d16-a449-32c84fd3d9b4@group-2B447D4C4854, cid=22, seq=0, Watch-ALL_COMMITTED(6), Message:<EMPTY>, reply=RaftClientReply:client-B3AE2EAE799D->756d617c-4df0-4d16-a449-32c84fd3d9b4@group-2B447D4C4854, cid=22, FAILED org.apache.ratis.protocol.NotLeaderException: Server 756d617c-4df0-4d16-a449-32c84fd3d9b4@group-2B447D4C4854 is not the leader, logIndex=0, commits[756d617c-4df0-4d16-a449-32c84fd3d9b4:c10, 10936abf-a8c2-471d-9c61-a43b910bc959:c4, de422f88-f067-42c5-9741-971d3fd4b460:c10]
2019-10-21 05:30:58,712 [BlockDeletingService#1] WARN  background.BlockDeletingService (BlockDeletingService.java:isDeletionAllowed(187)) - Close Container log Index 6 is not replicated across allthe servers in the pipeline ea95e8fe-4098-4221-913b-2b447d4c4854 as the min replicated index is 4. Deletion is not allowed in this container yet.
2019-10-21 05:30:58,739 [BlockDeletingService#2] WARN  background.BlockDeletingService (BlockDeletingService.java:isDeletionAllowed(187)) - Close Container log Index 6 is not replicated across allthe servers in the pipeline ea95e8fe-4098-4221-913b-2b447d4c4854 as the min replicated index is 4. Deletion is not allowed in this container yet.
2019-10-21 05:30:58,782 [Command processor thread] INFO  commandhandler.DeleteBlocksCommandHandler (DeleteBlocksCommandHandler.java:handle(106)) - Start to delete container blocks, TXIDs=[1(0)], numOfContainers=1, numOfBlocks=1
2019-10-21 05:30:58,783 [Command processor thread] INFO  commandhandler.DeleteBlocksCommandHandler (DeleteBlocksCommandHandler.java:handle(106)) - Start to delete container blocks, TXIDs=[1(3)], numOfContainers=1, numOfBlocks=1
2019-10-21 05:30:58,783 [Command processor thread] INFO  commandhandler.DeleteBlocksCommandHandler (DeleteBlocksCommandHandler.java:handle(106)) - Start to delete container blocks, TXIDs=[1(3)], numOfContainers=1, numOfBlocks=1
2019-10-21 05:30:58,783 [Command processor thread] INFO  commandhandler.DeleteBlocksCommandHandler (DeleteBlocksCommandHandler.java:handle(106)) - Start to delete container blocks, TXIDs=[1(25)], numOfContainers=1, numOfBlocks=1
2019-10-21 05:30:58,783 [Command processor thread] INFO  commandhandler.DeleteBlocksCommandHandler (DeleteBlocksCommandHandler.java:handle(106)) - Start to delete container blocks, TXIDs=[1(3)], numOfContainers=1, numOfBlocks=1
2019-10-21 05:30:58,784 [Command processor thread] INFO  commandhandler.DeleteBlocksCommandHandler (DeleteBlocksCommandHandler.java:handle(106)) - Start to delete container blocks, TXIDs=[1(3)], numOfContainers=1, numOfBlocks=1
2019-10-21 05:30:58,784 [Command processor thread] INFO  commandhandler.DeleteBlocksCommandHandler (DeleteBlocksCommandHandler.java:handle(106)) - Start to delete container blocks, TXIDs=[1(3)], numOfContainers=1, numOfBlocks=1
2019-10-21 05:30:58,784 [Command processor thread] INFO  commandhandler.DeleteBlocksCommandHandler (DeleteBlocksCommandHandler.java:handle(106)) - Start to delete container blocks, TXIDs=[1(34)], numOfContainers=1, numOfBlocks=1
2019-10-21 05:30:58,832 [pool-7-thread-4] INFO  commands.RetriableDatanodeEventWatcher (RetriableDatanodeEventWatcher.java:onTimeout(47)) - RetriableDatanodeCommand type=deleteBlocksCommand with id=1571635849823 timed out. Retrying.
2019-10-21 05:30:58,847 [pool-7-thread-4] INFO  commands.RetriableDatanodeEventWatcher (RetriableDatanodeEventWatcher.java:onTimeout(47)) - RetriableDatanodeCommand type=deleteBlocksCommand with id=1571635849824 timed out. Retrying.
2019-10-21 05:30:58,848 [IPC Server handler 1 on 35451] WARN  block.DeletedBlockLogImpl (DeletedBlockLogImpl.java:incrementCount(141)) - Deleted TXID not found.
2019-10-21 05:30:58,848 [IPC Server handler 1 on 35451] WARN  block.DeletedBlockLogImpl (DeletedBlockLogImpl.java:incrementCount(141)) - Deleted TXID not found.
2019-10-21 05:30:58,853 [pool-7-thread-4] INFO  commands.RetriableDatanodeEventWatcher (RetriableDatanodeEventWatcher.java:onTimeout(47)) - RetriableDatanodeCommand type=deleteBlocksCommand with id=1571635849830 timed out. Retrying.
2019-10-21 05:30:58,949 [IPC Server handler 5 on 35451] WARN  block.DeletedBlockLogImpl (DeletedBlockLogImpl.java:incrementCount(141)) - Deleted TXID not found.
2019-10-21 05:30:58,949 [EventQueue-DeleteBlockStatusForEventWatcher$$Lambda$30/1725165248] WARN  events.EventWatcher (EventWatcher.java:lambda$start$0(110)) - Completion event without active lease. Id=1571635849828
2019-10-21 05:30:58,949 [EventQueue-DeleteBlockStatusForDeletedBlockLogImpl] WARN  block.DeletedBlockLogImpl (DeletedBlockLogImpl.java:commitTransactions(205)) - Transaction txId=1 commit by dnId=10936abf-a8c2-471d-9c61-a43b910bc959 for containerID=#1 failed. Corresponding entry not found.
2019-10-21 05:30:58,949 [EventQueue-DeleteBlockStatusForEventWatcher$$Lambda$30/1725165248] WARN  events.EventWatcher (EventWatcher.java:lambda$start$0(110)) - Completion event without active lease. Id=1571635849829
2019-10-21 05:30:58,950 [EventQueue-DeleteBlockStatusForDeletedBlockLogImpl] WARN  block.DeletedBlockLogImpl (DeletedBlockLogImpl.java:commitTransactions(205)) - Transaction txId=1 commit by dnId=10936abf-a8c2-471d-9c61-a43b910bc959 for containerID=#1 failed. Corresponding entry not found.
2019-10-21 05:30:58,950 [EventQueue-DeleteBlockStatusForEventWatcher$$Lambda$30/1725165248] WARN  events.EventWatcher (EventWatcher.java:lambda$start$0(110)) - Completion event without active lease. Id=1571635849826
2019-10-21 05:30:58,950 [EventQueue-DeleteBlockStatusForDeletedBlockLogImpl] WARN  block.DeletedBlockLogImpl (DeletedBlockLogImpl.java:commitTransactions(205)) - Transaction txId=1 commit by dnId=10936abf-a8c2-471d-9c61-a43b910bc959 for containerID=#1 failed. Corresponding entry not found.
2019-10-21 05:30:58,950 [EventQueue-DeleteBlockStatusForEventWatcher$$Lambda$30/1725165248] WARN  events.EventWatcher (EventWatcher.java:lambda$start$0(110)) - Completion event without active lease. Id=1571635849827
2019-10-21 05:30:58,950 [EventQueue-DeleteBlockStatusForDeletedBlockLogImpl] WARN  block.DeletedBlockLogImpl (DeletedBlockLogImpl.java:commitTransactions(205)) - Transaction txId=1 commit by dnId=10936abf-a8c2-471d-9c61-a43b910bc959 for containerID=#1 failed. Corresponding entry not found.
2019-10-21 05:30:58,950 [EventQueue-DeleteBlockStatusForEventWatcher$$Lambda$30/1725165248] WARN  events.EventWatcher (EventWatcher.java:lambda$start$0(110)) - Completion event without active lease. Id=1571635849825
2019-10-21 05:30:58,950 [EventQueue-DeleteBlockStatusForDeletedBlockLogImpl] WARN  block.DeletedBlockLogImpl (DeletedBlockLogImpl.java:commitTransactions(205)) - Transaction txId=1 commit by dnId=10936abf-a8c2-471d-9c61-a43b910bc959 for containerID=#1 failed. Corresponding entry not found.
2019-10-21 05:30:58,950 [EventQueue-DeleteBlockStatusForDeletedBlockLogImpl] WARN  block.DeletedBlockLogImpl (DeletedBlockLogImpl.java:commitTransactions(205)) - Transaction txId=1 commit by dnId=10936abf-a8c2-471d-9c61-a43b910bc959 for containerID=#1 failed. Corresponding entry not found.
2019-10-21 05:30:59,693 [Thread-646] INFO  client.GrpcClientProtocolService (GrpcClientProtocolService.java:lambda$processClientRequest$0(279)) - Failed RaftClientRequest:client-B3AE2EAE799D->de422f88-f067-42c5-9741-971d3fd4b460@group-2B447D4C4854, cid=22, seq=0, Watch-ALL_COMMITTED(6), Message:<EMPTY>, reply=RaftClientReply:client-B3AE2EAE799D->de422f88-f067-42c5-9741-971d3fd4b460@group-2B447D4C4854, cid=22, FAILED org.apache.ratis.protocol.NotLeaderException: Server de422f88-f067-42c5-9741-971d3fd4b460@group-2B447D4C4854 is not the leader, logIndex=0, commits[de422f88-f067-42c5-9741-971d3fd4b460:c10, 10936abf-a8c2-471d-9c61-a43b910bc959:c4, 756d617c-4df0-4d16-a449-32c84fd3d9b4:c10]
2019-10-21 05:30:59,713 [BlockDeletingService#1] WARN  background.BlockDeletingService (BlockDeletingService.java:isDeletionAllowed(187)) - Close Container log Index 6 is not replicated across allthe servers in the pipeline ea95e8fe-4098-4221-913b-2b447d4c4854 as the min replicated index is 4. Deletion is not allowed in this container yet.
2019-10-21 05:30:59,741 [BlockDeletingService#2] WARN  background.BlockDeletingService (BlockDeletingService.java:isDeletionAllowed(187)) - Close Container log Index 6 is not replicated across allthe servers in the pipeline ea95e8fe-4098-4221-913b-2b447d4c4854 as the min replicated index is 4. Deletion is not allowed in this container yet.
2019-10-21 05:30:59,832 [pool-7-thread-4] INFO  commands.RetriableDatanodeEventWatcher (RetriableDatanodeEventWatcher.java:onTimeout(47)) - RetriableDatanodeCommand type=deleteBlocksCommand with id=1571635849823 timed out. Retrying.
2019-10-21 05:30:59,847 [pool-7-thread-4] INFO  commands.RetriableDatanodeEventWatcher (RetriableDatanodeEventWatcher.java:onTimeout(47)) - RetriableDatanodeCommand type=deleteBlocksCommand with id=1571635849824 timed out. Retrying.
2019-10-21 05:30:59,848 [IPC Server handler 10 on 35451] WARN  block.DeletedBlockLogImpl (DeletedBlockLogImpl.java:incrementCount(141)) - Deleted TXID not found.
2019-10-21 05:30:59,848 [Command processor thread] INFO  commandhandler.DeleteBlocksCommandHandler (DeleteBlocksCommandHandler.java:handle(106)) - Start to delete container blocks, TXIDs=[1(0)], numOfContainers=1, numOfBlocks=1
2019-10-21 05:30:59,849 [IPC Server handler 10 on 35451] WARN  block.DeletedBlockLogImpl (DeletedBlockLogImpl.java:incrementCount(141)) - Deleted TXID not found.
2019-10-21 05:30:59,849 [Command processor thread] INFO  commandhandler.DeleteBlocksCommandHandler (DeleteBlocksCommandHandler.java:handle(106)) - Start to delete container blocks, TXIDs=[1(3)], numOfContainers=1, numOfBlocks=1
2019-10-21 05:30:59,849 [Command processor thread] INFO  commandhandler.DeleteBlocksCommandHandler (DeleteBlocksCommandHandler.java:handle(106)) - Start to delete container blocks, TXIDs=[1(34)], numOfContainers=1, numOfBlocks=1
2019-10-21 05:30:59,849 [Command processor thread] INFO  commandhandler.DeleteBlocksCommandHandler (DeleteBlocksCommandHandler.java:handle(106)) - Start to delete container blocks, TXIDs=[1(0)], numOfContainers=1, numOfBlocks=1
2019-10-21 05:30:59,850 [Command processor thread] INFO  commandhandler.DeleteBlocksCommandHandler (DeleteBlocksCommandHandler.java:handle(106)) - Start to delete container blocks, TXIDs=[1(3)], numOfContainers=1, numOfBlocks=1
2019-10-21 05:30:59,948 [EventQueue-DeleteBlockStatusForDeletedBlockLogImpl] WARN  block.DeletedBlockLogImpl (DeletedBlockLogImpl.java:commitTransactions(205)) - Transaction txId=1 commit by dnId=10936abf-a8c2-471d-9c61-a43b910bc959 for containerID=#1 failed. Corresponding entry not found.
2019-10-21 05:30:59,948 [EventQueue-DeleteBlockStatusForEventWatcher$$Lambda$30/1725165248] WARN  events.EventWatcher (EventWatcher.java:lambda$start$0(110)) - Completion event without active lease. Id=1571635849830
2019-10-21 05:30:59,949 [EventQueue-DeleteBlockStatusForDeletedBlockLogImpl] WARN  block.DeletedBlockLogImpl (DeletedBlockLogImpl.java:commitTransactions(205)) - Transaction txId=1 commit by dnId=10936abf-a8c2-471d-9c61-a43b910bc959 for containerID=#1 failed. Corresponding entry not found.
2019-10-21 05:30:59,949 [EventQueue-DeleteBlockStatusForDeletedBlockLogImpl] WARN  block.DeletedBlockLogImpl (DeletedBlockLogImpl.java:commitTransactions(205)) - Transaction txId=1 commit by dnId=10936abf-a8c2-471d-9c61-a43b910bc959 for containerID=#1 failed. Corresponding entry not found.
2019-10-21 05:30:59,979 [java.util.concurrent.ThreadPoolExecutor$Worker@60838a74[State = -1, empty queue]] WARN  server.GrpcLogAppender (GrpcLogAppender.java:timeoutAppendRequest(209)) - de422f88-f067-42c5-9741-971d3fd4b460@group-2B447D4C4854->10936abf-a8c2-471d-9c61-a43b910bc959-GrpcLogAppender: appendEntries Timeout, request=de422f88-f067-42c5-9741-971d3fd4b460->10936abf-a8c2-471d-9c61-a43b910bc959#54-t2, previous=(t:2, i:10), leaderCommit=10, initializing? false, entries: <empty>
]]></system-out>
    <system-err><![CDATA[ERROR StatusLogger No Log4j 2 configuration file found. Using default configuration (logging only errors to the console), or user programmatically provided configurations. Set system property 'log4j2.debug' to show Log4j 2 internal initialization logging. See https://logging.apache.org/log4j/2.x/manual/configuration.html for instructions on how to configure Log4j 2
Oct 21, 2019 5:29:14 AM org.apache.ratis.thirdparty.io.grpc.internal.SerializingExecutor run
SEVERE: Exception while executing runnable org.apache.ratis.thirdparty.io.grpc.internal.ClientCallImpl$ClientStreamListenerImpl$1StreamClosed@37d0579f
java.lang.NullPointerException
	at org.apache.ratis.grpc.server.GrpcLogAppender$AppendLogResponseHandler.onError(GrpcLogAppender.java:303)
	at org.apache.ratis.thirdparty.io.grpc.stub.ClientCalls$StreamObserverToCallListenerAdapter.onClose(ClientCalls.java:434)
	at org.apache.ratis.thirdparty.io.grpc.PartialForwardingClientCallListener.onClose(PartialForwardingClientCallListener.java:39)
	at org.apache.ratis.thirdparty.io.grpc.ForwardingClientCallListener.onClose(ForwardingClientCallListener.java:23)
	at org.apache.ratis.thirdparty.io.grpc.ForwardingClientCallListener$SimpleForwardingClientCallListener.onClose(ForwardingClientCallListener.java:40)
	at org.apache.ratis.thirdparty.io.grpc.internal.CensusStatsModule$StatsClientInterceptor$1$1.onClose(CensusStatsModule.java:678)
	at org.apache.ratis.thirdparty.io.grpc.PartialForwardingClientCallListener.onClose(PartialForwardingClientCallListener.java:39)
	at org.apache.ratis.thirdparty.io.grpc.ForwardingClientCallListener.onClose(ForwardingClientCallListener.java:23)
	at org.apache.ratis.thirdparty.io.grpc.ForwardingClientCallListener$SimpleForwardingClientCallListener.onClose(ForwardingClientCallListener.java:40)
	at org.apache.ratis.thirdparty.io.grpc.internal.CensusTracingModule$TracingClientInterceptor$1$1.onClose(CensusTracingModule.java:397)
	at org.apache.ratis.thirdparty.io.grpc.internal.ClientCallImpl.closeObserver(ClientCallImpl.java:459)
	at org.apache.ratis.thirdparty.io.grpc.internal.ClientCallImpl.access$300(ClientCallImpl.java:63)
	at org.apache.ratis.thirdparty.io.grpc.internal.ClientCallImpl$ClientStreamListenerImpl.close(ClientCallImpl.java:546)
	at org.apache.ratis.thirdparty.io.grpc.internal.ClientCallImpl$ClientStreamListenerImpl.access$600(ClientCallImpl.java:467)
	at org.apache.ratis.thirdparty.io.grpc.internal.ClientCallImpl$ClientStreamListenerImpl$1StreamClosed.runInContext(ClientCallImpl.java:584)
	at org.apache.ratis.thirdparty.io.grpc.internal.ContextRunnable.run(ContextRunnable.java:37)
	at org.apache.ratis.thirdparty.io.grpc.internal.SerializingExecutor.run(SerializingExecutor.java:123)
	at java.util.concurrent.ThreadPoolExecutor.runWorker(ThreadPoolExecutor.java:1149)
	at java.util.concurrent.ThreadPoolExecutor$Worker.run(ThreadPoolExecutor.java:624)
	at java.lang.Thread.run(Thread.java:748)

Oct 21, 2019 5:29:14 AM org.apache.ratis.thirdparty.io.grpc.internal.SerializingExecutor run
SEVERE: Exception while executing runnable org.apache.ratis.thirdparty.io.grpc.internal.ServerImpl$JumpToApplicationThreadServerStreamListener$1Closed@65deecac
org.apache.ratis.thirdparty.io.grpc.StatusRuntimeException: CANCELLED: call already cancelled
	at org.apache.ratis.thirdparty.io.grpc.Status.asRuntimeException(Status.java:517)
	at org.apache.ratis.thirdparty.io.grpc.stub.ServerCalls$ServerCallStreamObserverImpl.onCompleted(ServerCalls.java:356)
	at org.apache.ratis.grpc.server.GrpcServerProtocolService$ServerRequestStreamObserver.onError(GrpcServerProtocolService.java:121)
	at org.apache.ratis.thirdparty.io.grpc.stub.ServerCalls$StreamingServerCallHandler$StreamingServerCallListener.onCancel(ServerCalls.java:269)
	at org.apache.ratis.thirdparty.io.grpc.internal.ServerCallImpl$ServerStreamListenerImpl.closed(ServerCallImpl.java:293)
	at org.apache.ratis.thirdparty.io.grpc.internal.ServerImpl$JumpToApplicationThreadServerStreamListener$1Closed.runInContext(ServerImpl.java:741)
	at org.apache.ratis.thirdparty.io.grpc.internal.ContextRunnable.run(ContextRunnable.java:37)
	at org.apache.ratis.thirdparty.io.grpc.internal.SerializingExecutor.run(SerializingExecutor.java:123)
	at java.util.concurrent.ThreadPoolExecutor.runWorker(ThreadPoolExecutor.java:1149)
	at java.util.concurrent.ThreadPoolExecutor$Worker.run(ThreadPoolExecutor.java:624)
	at java.lang.Thread.run(Thread.java:748)

]]></system-err>
  </testcase>
</testsuite>