<?xml version="1.0" encoding="UTF-8"?>
<testsuite xmlns:xsi="http://www.w3.org/2001/XMLSchema-instance" xsi:noNamespaceSchemaLocation="https://maven.apache.org/surefire/maven-surefire-plugin/xsd/surefire-test-report.xsd" name="org.apache.hadoop.ozone.scm.pipeline.TestSCMPipelineMetrics" time="86.385" tests="3" errors="0" skipped="0" failures="1">
  <properties>
    <property name="awt.toolkit" value="sun.awt.X11.XToolkit"/>
    <property name="file.encoding.pkg" value="sun.io"/>
    <property name="java.specification.version" value="1.8"/>
    <property name="sun.cpu.isalist" value=""/>
    <property name="sun.jnu.encoding" value="ANSI_X3.4-1968"/>
    <property name="java.class.path" value="/workdir/hadoop-ozone/integration-test/target/test-classes:/workdir/hadoop-ozone/integration-test/target/classes:/home/user/.m2/repository/org/apache/hadoop/hadoop-ozone-common/0.5.0-SNAPSHOT/hadoop-ozone-common-0.5.0-SNAPSHOT.jar:/home/user/.m2/repository/org/apache/commons/commons-compress/1.4.1/commons-compress-1.4.1.jar:/home/user/.m2/repository/org/tukaani/xz/1.0/xz-1.0.jar:/home/user/.m2/repository/org/apache/hadoop/hadoop-common/3.2.0/hadoop-common-3.2.0.jar:/home/user/.m2/repository/org/apache/hadoop/hadoop-hdfs/3.2.0/hadoop-hdfs-3.2.0.jar:/home/user/.m2/repository/org/apache/hadoop/hadoop-hdfs-client/3.2.0/hadoop-hdfs-client-3.2.0.jar:/home/user/.m2/repository/com/fasterxml/jackson/core/jackson-annotations/2.9.9/jackson-annotations-2.9.9.jar:/home/user/.m2/repository/org/apache/hadoop/hadoop-hdds-common/0.5.0-SNAPSHOT/hadoop-hdds-common-0.5.0-SNAPSHOT.jar:/home/user/.m2/repository/javax/annotation/javax.annotation-api/1.2/javax.annotation-api-1.2.jar:/home/user/.m2/repository/org/apache/ratis/ratis-server/0.5.0-ced7dbf-SNAPSHOT/ratis-server-0.5.0-ced7dbf-SNAPSHOT.jar:/home/user/.m2/repository/org/apache/ratis/ratis-thirdparty-misc/0.2.0/ratis-thirdparty-misc-0.2.0.jar:/home/user/.m2/repository/org/apache/ratis/ratis-proto/0.5.0-ced7dbf-SNAPSHOT/ratis-proto-0.5.0-ced7dbf-SNAPSHOT.jar:/home/user/.m2/repository/org/apache/ratis/ratis-common/0.5.0-ced7dbf-SNAPSHOT/ratis-common-0.5.0-ced7dbf-SNAPSHOT.jar:/home/user/.m2/repository/org/apache/ratis/ratis-client/0.5.0-ced7dbf-SNAPSHOT/ratis-client-0.5.0-ced7dbf-SNAPSHOT.jar:/home/user/.m2/repository/org/apache/ratis/ratis-metrics/0.5.0-ced7dbf-SNAPSHOT/ratis-metrics-0.5.0-ced7dbf-SNAPSHOT.jar:/home/user/.m2/repository/org/apache/ratis/ratis-netty/0.5.0-ced7dbf-SNAPSHOT/ratis-netty-0.5.0-ced7dbf-SNAPSHOT.jar:/home/user/.m2/repository/org/apache/ratis/ratis-grpc/0.5.0-ced7dbf-SNAPSHOT/ratis-grpc-0.5.0-ced7dbf-SNAPSHOT.jar:/home/user/.m2/repository/org/rocksdb/rocksdbjni/6.0.1/rocksdbjni-6.0.1.jar:/home/user/.m2/repository/org/apache/logging/log4j/log4j-api/2.11.0/log4j-api-2.11.0.jar:/home/user/.m2/repository/org/apache/logging/log4j/log4j-core/2.11.0/log4j-core-2.11.0.jar:/home/user/.m2/repository/com/lmax/disruptor/3.4.2/disruptor-3.4.2.jar:/home/user/.m2/repository/org/apache/commons/commons-pool2/2.6.0/commons-pool2-2.6.0.jar:/home/user/.m2/repository/org/bouncycastle/bcpkix-jdk15on/1.60/bcpkix-jdk15on-1.60.jar:/home/user/.m2/repository/commons-validator/commons-validator/1.6/commons-validator-1.6.jar:/home/user/.m2/repository/commons-digester/commons-digester/1.8.1/commons-digester-1.8.1.jar:/home/user/.m2/repository/io/jaegertracing/jaeger-client/0.34.0/jaeger-client-0.34.0.jar:/home/user/.m2/repository/io/jaegertracing/jaeger-thrift/0.34.0/jaeger-thrift-0.34.0.jar:/home/user/.m2/repository/org/apache/thrift/libthrift/0.12.0/libthrift-0.12.0.jar:/home/user/.m2/repository/com/squareup/okhttp3/okhttp/3.9.0/okhttp-3.9.0.jar:/home/user/.m2/repository/com/squareup/okio/okio/1.13.0/okio-1.13.0.jar:/home/user/.m2/repository/io/jaegertracing/jaeger-core/0.34.0/jaeger-core-0.34.0.jar:/home/user/.m2/repository/io/jaegertracing/jaeger-tracerresolver/0.34.0/jaeger-tracerresolver-0.34.0.jar:/home/user/.m2/repository/io/opentracing/contrib/opentracing-tracerresolver/0.1.5/opentracing-tracerresolver-0.1.5.jar:/home/user/.m2/repository/io/opentracing/opentracing-util/0.31.0/opentracing-util-0.31.0.jar:/home/user/.m2/repository/io/opentracing/opentracing-api/0.31.0/opentracing-api-0.31.0.jar:/home/user/.m2/repository/io/opentracing/opentracing-noop/0.31.0/opentracing-noop-0.31.0.jar:/home/user/.m2/repository/org/apache/hadoop/hadoop-hdds-server-framework/0.5.0-SNAPSHOT/hadoop-hdds-server-framework-0.5.0-SNAPSHOT.jar:/home/user/.m2/repository/org/apache/hadoop/hadoop-hdds-container-service/0.5.0-SNAPSHOT/hadoop-hdds-container-service-0.5.0-SNAPSHOT.jar:/home/user/.m2/repository/org/apache/hadoop/hadoop-hdds-client/0.5.0-SNAPSHOT/hadoop-hdds-client-0.5.0-SNAPSHOT.jar:/home/user/.m2/repository/org/apache/hadoop/hadoop-hdds-tools/0.5.0-SNAPSHOT/hadoop-hdds-tools-0.5.0-SNAPSHOT.jar:/home/user/.m2/repository/org/apache/hadoop/hadoop-hdds-server-scm/0.5.0-SNAPSHOT/hadoop-hdds-server-scm-0.5.0-SNAPSHOT.jar:/home/user/.m2/repository/org/apache/hadoop/hadoop-hdds-docs/0.5.0-SNAPSHOT/hadoop-hdds-docs-0.5.0-SNAPSHOT.jar:/home/user/.m2/repository/io/dropwizard/metrics/metrics-core/3.2.4/metrics-core-3.2.4.jar:/home/user/.m2/repository/org/hamcrest/hamcrest-all/1.3/hamcrest-all-1.3.jar:/home/user/.m2/repository/org/bouncycastle/bcprov-jdk15on/1.60/bcprov-jdk15on-1.60.jar:/home/user/.m2/repository/info/picocli/picocli/3.9.6/picocli-3.9.6.jar:/home/user/.m2/repository/com/google/protobuf/protobuf-java/2.5.0/protobuf-java-2.5.0.jar:/home/user/.m2/repository/com/google/guava/guava/11.0.2/guava-11.0.2.jar:/home/user/.m2/repository/org/apache/hadoop/hadoop-ozone-ozone-manager/0.5.0-SNAPSHOT/hadoop-ozone-ozone-manager-0.5.0-SNAPSHOT.jar:/home/user/.m2/repository/org/apache/hadoop/hadoop-minikdc/3.2.0/hadoop-minikdc-3.2.0.jar:/home/user/.m2/repository/commons-io/commons-io/2.5/commons-io-2.5.jar:/home/user/.m2/repository/org/apache/kerby/kerb-simplekdc/1.0.1/kerb-simplekdc-1.0.1.jar:/home/user/.m2/repository/org/apache/kerby/kerb-client/1.0.1/kerb-client-1.0.1.jar:/home/user/.m2/repository/org/apache/kerby/kerby-config/1.0.1/kerby-config-1.0.1.jar:/home/user/.m2/repository/org/apache/kerby/kerb-core/1.0.1/kerb-core-1.0.1.jar:/home/user/.m2/repository/org/apache/kerby/kerby-pkix/1.0.1/kerby-pkix-1.0.1.jar:/home/user/.m2/repository/org/apache/kerby/kerby-asn1/1.0.1/kerby-asn1-1.0.1.jar:/home/user/.m2/repository/org/apache/kerby/kerby-util/1.0.1/kerby-util-1.0.1.jar:/home/user/.m2/repository/org/apache/kerby/kerb-common/1.0.1/kerb-common-1.0.1.jar:/home/user/.m2/repository/org/apache/kerby/kerb-crypto/1.0.1/kerb-crypto-1.0.1.jar:/home/user/.m2/repository/org/apache/kerby/kerb-util/1.0.1/kerb-util-1.0.1.jar:/home/user/.m2/repository/org/apache/kerby/token-provider/1.0.1/token-provider-1.0.1.jar:/home/user/.m2/repository/org/apache/kerby/kerb-admin/1.0.1/kerb-admin-1.0.1.jar:/home/user/.m2/repository/org/apache/kerby/kerb-server/1.0.1/kerb-server-1.0.1.jar:/home/user/.m2/repository/org/apache/kerby/kerb-identity/1.0.1/kerb-identity-1.0.1.jar:/home/user/.m2/repository/org/apache/kerby/kerby-xdr/1.0.1/kerby-xdr-1.0.1.jar:/home/user/.m2/repository/org/slf4j/slf4j-log4j12/1.7.25/slf4j-log4j12-1.7.25.jar:/home/user/.m2/repository/org/apache/hadoop/hadoop-ozone-s3gateway/0.5.0-SNAPSHOT/hadoop-ozone-s3gateway-0.5.0-SNAPSHOT.jar:/home/user/.m2/repository/org/jboss/weld/servlet/weld-servlet/2.4.7.Final/weld-servlet-2.4.7.Final.jar:/home/user/.m2/repository/org/glassfish/jersey/containers/jersey-container-servlet-core/2.27/jersey-container-servlet-core-2.27.jar:/home/user/.m2/repository/org/glassfish/hk2/external/javax.inject/2.5.0-b42/javax.inject-2.5.0-b42.jar:/home/user/.m2/repository/org/glassfish/jersey/core/jersey-common/2.27/jersey-common-2.27.jar:/home/user/.m2/repository/org/glassfish/hk2/osgi-resource-locator/1.0.1/osgi-resource-locator-1.0.1.jar:/home/user/.m2/repository/javax/ws/rs/javax.ws.rs-api/2.1/javax.ws.rs-api-2.1.jar:/home/user/.m2/repository/org/glassfish/jersey/ext/cdi/jersey-cdi1x/2.27/jersey-cdi1x-2.27.jar:/home/user/.m2/repository/org/glassfish/jersey/inject/jersey-hk2/2.27/jersey-hk2-2.27.jar:/home/user/.m2/repository/org/glassfish/hk2/hk2-locator/2.5.0-b42/hk2-locator-2.5.0-b42.jar:/home/user/.m2/repository/org/javassist/javassist/3.22.0-CR2/javassist-3.22.0-CR2.jar:/home/user/.m2/repository/org/glassfish/hk2/hk2-api/2.5.0/hk2-api-2.5.0.jar:/home/user/.m2/repository/org/glassfish/hk2/external/jakarta.inject/2.5.0/jakarta.inject-2.5.0.jar:/home/user/.m2/repository/org/glassfish/hk2/hk2-utils/2.5.0/hk2-utils-2.5.0.jar:/home/user/.m2/repository/jakarta/annotation/jakarta.annotation-api/1.3.4/jakarta.annotation-api-1.3.4.jar:/home/user/.m2/repository/org/glassfish/hk2/external/aopalliance-repackaged/2.5.0/aopalliance-repackaged-2.5.0.jar:/home/user/.m2/repository/com/fasterxml/jackson/dataformat/jackson-dataformat-xml/2.9.0/jackson-dataformat-xml-2.9.0.jar:/home/user/.m2/repository/com/fasterxml/jackson/core/jackson-core/2.9.9/jackson-core-2.9.9.jar:/home/user/.m2/repository/com/fasterxml/jackson/module/jackson-module-jaxb-annotations/2.9.9/jackson-module-jaxb-annotations-2.9.9.jar:/home/user/.m2/repository/javax/enterprise/cdi-api/1.2/cdi-api-1.2.jar:/home/user/.m2/repository/javax/el/javax.el-api/3.0.0/javax.el-api-3.0.0.jar:/home/user/.m2/repository/javax/interceptor/javax.interceptor-api/1.2/javax.interceptor-api-1.2.jar:/home/user/.m2/repository/javax/inject/javax.inject/1/javax.inject-1.jar:/home/user/.m2/repository/com/sun/xml/bind/jaxb-impl/2.3.0.1/jaxb-impl-2.3.0.1.jar:/home/user/.m2/repository/com/sun/xml/bind/jaxb-core/2.3.0.1/jaxb-core-2.3.0.1.jar:/home/user/.m2/repository/javax/xml/bind/jaxb-api/2.3.0/jaxb-api-2.3.0.jar:/home/user/.m2/repository/javax/activation/activation/1.1.1/activation-1.1.1.jar:/home/user/.m2/repository/org/apache/hadoop/hadoop-ozone-csi/0.5.0-SNAPSHOT/hadoop-ozone-csi-0.5.0-SNAPSHOT.jar:/home/user/.m2/repository/com/google/protobuf/protobuf-java-util/3.5.1/protobuf-java-util-3.5.1.jar:/home/user/.m2/repository/org/apache/hadoop/hadoop-hdds-config/0.5.0-SNAPSHOT/hadoop-hdds-config-0.5.0-SNAPSHOT.jar:/home/user/.m2/repository/io/grpc/grpc-netty/1.17.1/grpc-netty-1.17.1.jar:/home/user/.m2/repository/io/grpc/grpc-core/1.17.1/grpc-core-1.17.1.jar:/home/user/.m2/repository/io/grpc/grpc-context/1.17.1/grpc-context-1.17.1.jar:/home/user/.m2/repository/com/google/errorprone/error_prone_annotations/2.2.0/error_prone_annotations-2.2.0.jar:/home/user/.m2/repository/org/codehaus/mojo/animal-sniffer-annotations/1.17/animal-sniffer-annotations-1.17.jar:/home/user/.m2/repository/io/opencensus/opencensus-api/0.17.0/opencensus-api-0.17.0.jar:/home/user/.m2/repository/io/opencensus/opencensus-contrib-grpc-metrics/0.17.0/opencensus-contrib-grpc-metrics-0.17.0.jar:/home/user/.m2/repository/io/netty/netty-codec-http2/4.1.30.Final/netty-codec-http2-4.1.30.Final.jar:/home/user/.m2/repository/io/netty/netty-codec-http/4.1.30.Final/netty-codec-http-4.1.30.Final.jar:/home/user/.m2/repository/io/netty/netty-codec/4.1.30.Final/netty-codec-4.1.30.Final.jar:/home/user/.m2/repository/io/netty/netty-handler/4.1.30.Final/netty-handler-4.1.30.Final.jar:/home/user/.m2/repository/io/netty/netty-handler-proxy/4.1.30.Final/netty-handler-proxy-4.1.30.Final.jar:/home/user/.m2/repository/io/netty/netty-codec-socks/4.1.30.Final/netty-codec-socks-4.1.30.Final.jar:/home/user/.m2/repository/io/netty/netty-transport-native-epoll/4.1.30.Final/netty-transport-native-epoll-4.1.30.Final.jar:/home/user/.m2/repository/io/netty/netty-common/4.1.30.Final/netty-common-4.1.30.Final.jar:/home/user/.m2/repository/io/netty/netty-buffer/4.1.30.Final/netty-buffer-4.1.30.Final.jar:/home/user/.m2/repository/io/netty/netty-transport/4.1.30.Final/netty-transport-4.1.30.Final.jar:/home/user/.m2/repository/io/netty/netty-resolver/4.1.30.Final/netty-resolver-4.1.30.Final.jar:/home/user/.m2/repository/io/netty/netty-transport-native-unix-common/4.1.30.Final/netty-transport-native-unix-common-4.1.30.Final.jar:/home/user/.m2/repository/io/grpc/grpc-protobuf/1.17.1/grpc-protobuf-1.17.1.jar:/home/user/.m2/repository/com/google/api/grpc/proto-google-common-protos/1.0.0/proto-google-common-protos-1.0.0.jar:/home/user/.m2/repository/io/grpc/grpc-protobuf-lite/1.17.1/grpc-protobuf-lite-1.17.1.jar:/home/user/.m2/repository/io/grpc/grpc-stub/1.17.1/grpc-stub-1.17.1.jar:/home/user/.m2/repository/org/apache/hadoop/hadoop-ozone-recon/0.5.0-SNAPSHOT/hadoop-ozone-recon-0.5.0-SNAPSHOT.jar:/home/user/.m2/repository/org/apache/hadoop/hadoop-ozone-reconcodegen/0.5.0-SNAPSHOT/hadoop-ozone-reconcodegen-0.5.0-SNAPSHOT.jar:/home/user/.m2/repository/com/google/inject/extensions/guice-multibindings/4.0/guice-multibindings-4.0.jar:/home/user/.m2/repository/com/google/inject/guice/4.0/guice-4.0.jar:/home/user/.m2/repository/aopalliance/aopalliance/1.0/aopalliance-1.0.jar:/home/user/.m2/repository/com/google/inject/extensions/guice-servlet/4.0/guice-servlet-4.0.jar:/home/user/.m2/repository/org/glassfish/jersey/containers/jersey-container-servlet/2.27/jersey-container-servlet-2.27.jar:/home/user/.m2/repository/org/glassfish/hk2/guice-bridge/2.5.0/guice-bridge-2.5.0.jar:/home/user/.m2/repository/org/glassfish/jersey/core/jersey-server/2.27/jersey-server-2.27.jar:/home/user/.m2/repository/org/glassfish/jersey/core/jersey-client/2.27/jersey-client-2.27.jar:/home/user/.m2/repository/org/glassfish/jersey/media/jersey-media-jaxb/2.27/jersey-media-jaxb-2.27.jar:/home/user/.m2/repository/javax/validation/validation-api/1.1.0.Final/validation-api-1.1.0.Final.jar:/home/user/.m2/repository/org/glassfish/jersey/media/jersey-media-json-jackson/2.27/jersey-media-json-jackson-2.27.jar:/home/user/.m2/repository/org/glassfish/jersey/ext/jersey-entity-filtering/2.27/jersey-entity-filtering-2.27.jar:/home/user/.m2/repository/com/google/inject/extensions/guice-assistedinject/4.0/guice-assistedinject-4.0.jar:/home/user/.m2/repository/org/jooq/jooq/3.11.10/jooq-3.11.10.jar:/home/user/.m2/repository/org/jooq/jooq-meta/3.11.10/jooq-meta-3.11.10.jar:/home/user/.m2/repository/org/jooq/jooq-codegen/3.11.10/jooq-codegen-3.11.10.jar:/home/user/.m2/repository/com/jolbox/bonecp/0.8.0.RELEASE/bonecp-0.8.0.RELEASE.jar:/home/user/.m2/repository/org/xerial/sqlite-jdbc/3.25.2/sqlite-jdbc-3.25.2.jar:/home/user/.m2/repository/org/springframework/spring-jdbc/5.1.3.RELEASE/spring-jdbc-5.1.3.RELEASE.jar:/home/user/.m2/repository/org/springframework/spring-beans/5.1.3.RELEASE/spring-beans-5.1.3.RELEASE.jar:/home/user/.m2/repository/org/springframework/spring-core/5.1.3.RELEASE/spring-core-5.1.3.RELEASE.jar:/home/user/.m2/repository/org/springframework/spring-jcl/5.1.3.RELEASE/spring-jcl-5.1.3.RELEASE.jar:/home/user/.m2/repository/org/springframework/spring-tx/5.1.3.RELEASE/spring-tx-5.1.3.RELEASE.jar:/home/user/.m2/repository/org/apache/hadoop/hadoop-ozone-client/0.5.0-SNAPSHOT/hadoop-ozone-client-0.5.0-SNAPSHOT.jar:/home/user/.m2/repository/commons-lang/commons-lang/2.6/commons-lang-2.6.jar:/home/user/.m2/repository/org/apache/hadoop/hadoop-ozone-ozone-manager/0.5.0-SNAPSHOT/hadoop-ozone-ozone-manager-0.5.0-SNAPSHOT-tests.jar:/home/user/.m2/repository/junit/junit/4.11/junit-4.11.jar:/home/user/.m2/repository/org/hamcrest/hamcrest-core/1.3/hamcrest-core-1.3.jar:/home/user/.m2/repository/org/openjdk/jmh/jmh-core/1.19/jmh-core-1.19.jar:/home/user/.m2/repository/net/sf/jopt-simple/jopt-simple/4.6/jopt-simple-4.6.jar:/home/user/.m2/repository/org/apache/commons/commons-math3/3.1.1/commons-math3-3.1.1.jar:/home/user/.m2/repository/org/openjdk/jmh/jmh-generator-annprocess/1.19/jmh-generator-annprocess-1.19.jar:/home/user/.m2/repository/org/mockito/mockito-all/1.8.5/mockito-all-1.8.5.jar:/home/user/.m2/repository/org/apache/hadoop/hadoop-kms/3.2.0/hadoop-kms-3.2.0.jar:/home/user/.m2/repository/org/apache/hadoop/hadoop-auth/3.2.0/hadoop-auth-3.2.0.jar:/home/user/.m2/repository/com/nimbusds/nimbus-jose-jwt/4.41.1/nimbus-jose-jwt-4.41.1.jar:/home/user/.m2/repository/com/github/stephenc/jcip/jcip-annotations/1.0-1/jcip-annotations-1.0-1.jar:/home/user/.m2/repository/net/minidev/json-smart/2.3/json-smart-2.3.jar:/home/user/.m2/repository/net/minidev/accessors-smart/1.2/accessors-smart-1.2.jar:/home/user/.m2/repository/org/ow2/asm/asm/5.0.4/asm-5.0.4.jar:/home/user/.m2/repository/org/apache/curator/curator-framework/2.12.0/curator-framework-2.12.0.jar:/home/user/.m2/repository/com/sun/jersey/jersey-core/1.19/jersey-core-1.19.jar:/home/user/.m2/repository/javax/ws/rs/jsr311-api/1.1.1/jsr311-api-1.1.1.jar:/home/user/.m2/repository/com/sun/jersey/jersey-server/1.19/jersey-server-1.19.jar:/home/user/.m2/repository/javax/servlet/javax.servlet-api/3.1.0/javax.servlet-api-3.1.0.jar:/home/user/.m2/repository/org/eclipse/jetty/jetty-server/9.3.25.v20180904/jetty-server-9.3.25.v20180904.jar:/home/user/.m2/repository/org/eclipse/jetty/jetty-http/9.3.25.v20180904/jetty-http-9.3.25.v20180904.jar:/home/user/.m2/repository/org/eclipse/jetty/jetty-io/9.3.25.v20180904/jetty-io-9.3.25.v20180904.jar:/home/user/.m2/repository/org/eclipse/jetty/jetty-webapp/9.3.25.v20180904/jetty-webapp-9.3.25.v20180904.jar:/home/user/.m2/repository/org/eclipse/jetty/jetty-xml/9.3.25.v20180904/jetty-xml-9.3.25.v20180904.jar:/home/user/.m2/repository/log4j/log4j/1.2.17/log4j-1.2.17.jar:/home/user/.m2/repository/org/slf4j/slf4j-api/1.7.25/slf4j-api-1.7.25.jar:/home/user/.m2/repository/org/slf4j/jul-to-slf4j/1.7.25/jul-to-slf4j-1.7.25.jar:/home/user/.m2/repository/org/eclipse/jetty/jetty-util/9.3.25.v20180904/jetty-util-9.3.25.v20180904.jar:/home/user/.m2/repository/com/fasterxml/jackson/core/jackson-databind/2.9.9/jackson-databind-2.9.9.jar:/home/user/.m2/repository/org/apache/hadoop/hadoop-kms/3.2.0/hadoop-kms-3.2.0-tests.jar:/home/user/.m2/repository/org/apache/hadoop/hadoop-hdds-server-scm/0.5.0-SNAPSHOT/hadoop-hdds-server-scm-0.5.0-SNAPSHOT-tests.jar:/home/user/.m2/repository/org/apache/hadoop/hadoop-hdds-container-service/0.5.0-SNAPSHOT/hadoop-hdds-container-service-0.5.0-SNAPSHOT-tests.jar:/home/user/.m2/repository/org/yaml/snakeyaml/1.16/snakeyaml-1.16.jar:/home/user/.m2/repository/org/apache/hadoop/hadoop-common/3.2.0/hadoop-common-3.2.0-tests.jar:/home/user/.m2/repository/org/apache/hadoop/hadoop-annotations/3.2.0/hadoop-annotations-3.2.0.jar:/usr/lib/jvm/java-1.8.0-openjdk-1.8.0.222.b10-1.el7_7.x86_64/jre/../lib/tools.jar:/home/user/.m2/repository/commons-cli/commons-cli/1.2/commons-cli-1.2.jar:/home/user/.m2/repository/org/apache/httpcomponents/httpclient/4.5.2/httpclient-4.5.2.jar:/home/user/.m2/repository/org/apache/httpcomponents/httpcore/4.4.4/httpcore-4.4.4.jar:/home/user/.m2/repository/commons-codec/commons-codec/1.11/commons-codec-1.11.jar:/home/user/.m2/repository/commons-net/commons-net/3.6/commons-net-3.6.jar:/home/user/.m2/repository/commons-collections/commons-collections/3.2.2/commons-collections-3.2.2.jar:/home/user/.m2/repository/org/eclipse/jetty/jetty-servlet/9.3.25.v20180904/jetty-servlet-9.3.25.v20180904.jar:/home/user/.m2/repository/org/eclipse/jetty/jetty-security/9.3.25.v20180904/jetty-security-9.3.25.v20180904.jar:/home/user/.m2/repository/javax/servlet/jsp/jsp-api/2.1/jsp-api-2.1.jar:/home/user/.m2/repository/com/sun/jersey/jersey-servlet/1.19/jersey-servlet-1.19.jar:/home/user/.m2/repository/com/sun/jersey/jersey-json/1.19/jersey-json-1.19.jar:/home/user/.m2/repository/org/codehaus/jettison/jettison/1.1/jettison-1.1.jar:/home/user/.m2/repository/org/codehaus/jackson/jackson-core-asl/1.9.13/jackson-core-asl-1.9.13.jar:/home/user/.m2/repository/org/codehaus/jackson/jackson-mapper-asl/1.9.13/jackson-mapper-asl-1.9.13.jar:/home/user/.m2/repository/org/codehaus/jackson/jackson-jaxrs/1.9.13/jackson-jaxrs-1.9.13.jar:/home/user/.m2/repository/org/codehaus/jackson/jackson-xc/1.9.13/jackson-xc-1.9.13.jar:/home/user/.m2/repository/commons-logging/commons-logging/1.1.3/commons-logging-1.1.3.jar:/home/user/.m2/repository/commons-beanutils/commons-beanutils/1.9.4/commons-beanutils-1.9.4.jar:/home/user/.m2/repository/org/apache/commons/commons-configuration2/2.1.1/commons-configuration2-2.1.1.jar:/home/user/.m2/repository/org/apache/commons/commons-lang3/3.7/commons-lang3-3.7.jar:/home/user/.m2/repository/org/apache/commons/commons-text/1.4/commons-text-1.4.jar:/home/user/.m2/repository/org/apache/avro/avro/1.7.7/avro-1.7.7.jar:/home/user/.m2/repository/com/thoughtworks/paranamer/paranamer/2.3/paranamer-2.3.jar:/home/user/.m2/repository/org/xerial/snappy/snappy-java/1.0.5/snappy-java-1.0.5.jar:/home/user/.m2/repository/com/google/re2j/re2j/1.1/re2j-1.1.jar:/home/user/.m2/repository/com/google/code/gson/gson/2.2.4/gson-2.2.4.jar:/home/user/.m2/repository/com/jcraft/jsch/0.1.54/jsch-0.1.54.jar:/home/user/.m2/repository/org/apache/curator/curator-client/2.12.0/curator-client-2.12.0.jar:/home/user/.m2/repository/org/apache/curator/curator-recipes/2.12.0/curator-recipes-2.12.0.jar:/home/user/.m2/repository/com/google/code/findbugs/jsr305/3.0.0/jsr305-3.0.0.jar:/home/user/.m2/repository/org/apache/htrace/htrace-core4/4.1.0-incubating/htrace-core4-4.1.0-incubating.jar:/home/user/.m2/repository/org/apache/zookeeper/zookeeper/3.4.13/zookeeper-3.4.13.jar:/home/user/.m2/repository/jline/jline/0.9.94/jline-0.9.94.jar:/home/user/.m2/repository/org/apache/yetus/audience-annotations/0.5.0/audience-annotations-0.5.0.jar:/home/user/.m2/repository/org/codehaus/woodstox/stax2-api/3.1.4/stax2-api-3.1.4.jar:/home/user/.m2/repository/com/fasterxml/woodstox/woodstox-core/5.0.3/woodstox-core-5.0.3.jar:/home/user/.m2/repository/dnsjava/dnsjava/2.1.7/dnsjava-2.1.7.jar:/home/user/.m2/repository/org/apache/hadoop/hadoop-hdfs/3.2.0/hadoop-hdfs-3.2.0-tests.jar:/home/user/.m2/repository/org/eclipse/jetty/jetty-util-ajax/9.3.25.v20180904/jetty-util-ajax-9.3.25.v20180904.jar:/home/user/.m2/repository/commons-daemon/commons-daemon/1.0.13/commons-daemon-1.0.13.jar:/home/user/.m2/repository/io/netty/netty/3.10.5.Final/netty-3.10.5.Final.jar:/home/user/.m2/repository/io/netty/netty-all/4.0.52.Final/netty-all-4.0.52.Final.jar:/home/user/.m2/repository/org/fusesource/leveldbjni/leveldbjni-all/1.8/leveldbjni-all-1.8.jar:"/>
    <property name="java.vm.vendor" value="Oracle Corporation"/>
    <property name="sun.arch.data.model" value="64"/>
    <property name="test.build.dir" value="/workdir/hadoop-ozone/integration-test/target/test-dir"/>
    <property name="test.cache.data" value=""/>
    <property name="java.vendor.url" value="http://java.oracle.com/"/>
    <property name="user.timezone" value=""/>
    <property name="java.vm.specification.version" value="1.8"/>
    <property name="os.name" value="Linux"/>
    <property name="test.build.data" value="/workdir/hadoop-ozone/integration-test/target/test-dir"/>
    <property name="user.country" value="US"/>
    <property name="sun.java.launcher" value="SUN_STANDARD"/>
    <property name="sun.boot.library.path" value="/usr/lib/jvm/java-1.8.0-openjdk-1.8.0.222.b10-1.el7_7.x86_64/jre/lib/amd64"/>
    <property name="sun.java.command" value="/workdir/hadoop-ozone/integration-test/target/surefire/surefirebooter3007119627913644440.jar /workdir/hadoop-ozone/integration-test/target/surefire 2019-10-21T04-15-44_361-jvmRun1 surefire5899207641805582434tmp surefire_622743508936798496650tmp"/>
    <property name="surefire.test.class.path" value="/workdir/hadoop-ozone/integration-test/target/test-classes:/workdir/hadoop-ozone/integration-test/target/classes:/home/user/.m2/repository/org/apache/hadoop/hadoop-ozone-common/0.5.0-SNAPSHOT/hadoop-ozone-common-0.5.0-SNAPSHOT.jar:/home/user/.m2/repository/org/apache/commons/commons-compress/1.4.1/commons-compress-1.4.1.jar:/home/user/.m2/repository/org/tukaani/xz/1.0/xz-1.0.jar:/home/user/.m2/repository/org/apache/hadoop/hadoop-common/3.2.0/hadoop-common-3.2.0.jar:/home/user/.m2/repository/org/apache/hadoop/hadoop-hdfs/3.2.0/hadoop-hdfs-3.2.0.jar:/home/user/.m2/repository/org/apache/hadoop/hadoop-hdfs-client/3.2.0/hadoop-hdfs-client-3.2.0.jar:/home/user/.m2/repository/com/fasterxml/jackson/core/jackson-annotations/2.9.9/jackson-annotations-2.9.9.jar:/home/user/.m2/repository/org/apache/hadoop/hadoop-hdds-common/0.5.0-SNAPSHOT/hadoop-hdds-common-0.5.0-SNAPSHOT.jar:/home/user/.m2/repository/javax/annotation/javax.annotation-api/1.2/javax.annotation-api-1.2.jar:/home/user/.m2/repository/org/apache/ratis/ratis-server/0.5.0-ced7dbf-SNAPSHOT/ratis-server-0.5.0-ced7dbf-SNAPSHOT.jar:/home/user/.m2/repository/org/apache/ratis/ratis-thirdparty-misc/0.2.0/ratis-thirdparty-misc-0.2.0.jar:/home/user/.m2/repository/org/apache/ratis/ratis-proto/0.5.0-ced7dbf-SNAPSHOT/ratis-proto-0.5.0-ced7dbf-SNAPSHOT.jar:/home/user/.m2/repository/org/apache/ratis/ratis-common/0.5.0-ced7dbf-SNAPSHOT/ratis-common-0.5.0-ced7dbf-SNAPSHOT.jar:/home/user/.m2/repository/org/apache/ratis/ratis-client/0.5.0-ced7dbf-SNAPSHOT/ratis-client-0.5.0-ced7dbf-SNAPSHOT.jar:/home/user/.m2/repository/org/apache/ratis/ratis-metrics/0.5.0-ced7dbf-SNAPSHOT/ratis-metrics-0.5.0-ced7dbf-SNAPSHOT.jar:/home/user/.m2/repository/org/apache/ratis/ratis-netty/0.5.0-ced7dbf-SNAPSHOT/ratis-netty-0.5.0-ced7dbf-SNAPSHOT.jar:/home/user/.m2/repository/org/apache/ratis/ratis-grpc/0.5.0-ced7dbf-SNAPSHOT/ratis-grpc-0.5.0-ced7dbf-SNAPSHOT.jar:/home/user/.m2/repository/org/rocksdb/rocksdbjni/6.0.1/rocksdbjni-6.0.1.jar:/home/user/.m2/repository/org/apache/logging/log4j/log4j-api/2.11.0/log4j-api-2.11.0.jar:/home/user/.m2/repository/org/apache/logging/log4j/log4j-core/2.11.0/log4j-core-2.11.0.jar:/home/user/.m2/repository/com/lmax/disruptor/3.4.2/disruptor-3.4.2.jar:/home/user/.m2/repository/org/apache/commons/commons-pool2/2.6.0/commons-pool2-2.6.0.jar:/home/user/.m2/repository/org/bouncycastle/bcpkix-jdk15on/1.60/bcpkix-jdk15on-1.60.jar:/home/user/.m2/repository/commons-validator/commons-validator/1.6/commons-validator-1.6.jar:/home/user/.m2/repository/commons-digester/commons-digester/1.8.1/commons-digester-1.8.1.jar:/home/user/.m2/repository/io/jaegertracing/jaeger-client/0.34.0/jaeger-client-0.34.0.jar:/home/user/.m2/repository/io/jaegertracing/jaeger-thrift/0.34.0/jaeger-thrift-0.34.0.jar:/home/user/.m2/repository/org/apache/thrift/libthrift/0.12.0/libthrift-0.12.0.jar:/home/user/.m2/repository/com/squareup/okhttp3/okhttp/3.9.0/okhttp-3.9.0.jar:/home/user/.m2/repository/com/squareup/okio/okio/1.13.0/okio-1.13.0.jar:/home/user/.m2/repository/io/jaegertracing/jaeger-core/0.34.0/jaeger-core-0.34.0.jar:/home/user/.m2/repository/io/jaegertracing/jaeger-tracerresolver/0.34.0/jaeger-tracerresolver-0.34.0.jar:/home/user/.m2/repository/io/opentracing/contrib/opentracing-tracerresolver/0.1.5/opentracing-tracerresolver-0.1.5.jar:/home/user/.m2/repository/io/opentracing/opentracing-util/0.31.0/opentracing-util-0.31.0.jar:/home/user/.m2/repository/io/opentracing/opentracing-api/0.31.0/opentracing-api-0.31.0.jar:/home/user/.m2/repository/io/opentracing/opentracing-noop/0.31.0/opentracing-noop-0.31.0.jar:/home/user/.m2/repository/org/apache/hadoop/hadoop-hdds-server-framework/0.5.0-SNAPSHOT/hadoop-hdds-server-framework-0.5.0-SNAPSHOT.jar:/home/user/.m2/repository/org/apache/hadoop/hadoop-hdds-container-service/0.5.0-SNAPSHOT/hadoop-hdds-container-service-0.5.0-SNAPSHOT.jar:/home/user/.m2/repository/org/apache/hadoop/hadoop-hdds-client/0.5.0-SNAPSHOT/hadoop-hdds-client-0.5.0-SNAPSHOT.jar:/home/user/.m2/repository/org/apache/hadoop/hadoop-hdds-tools/0.5.0-SNAPSHOT/hadoop-hdds-tools-0.5.0-SNAPSHOT.jar:/home/user/.m2/repository/org/apache/hadoop/hadoop-hdds-server-scm/0.5.0-SNAPSHOT/hadoop-hdds-server-scm-0.5.0-SNAPSHOT.jar:/home/user/.m2/repository/org/apache/hadoop/hadoop-hdds-docs/0.5.0-SNAPSHOT/hadoop-hdds-docs-0.5.0-SNAPSHOT.jar:/home/user/.m2/repository/io/dropwizard/metrics/metrics-core/3.2.4/metrics-core-3.2.4.jar:/home/user/.m2/repository/org/hamcrest/hamcrest-all/1.3/hamcrest-all-1.3.jar:/home/user/.m2/repository/org/bouncycastle/bcprov-jdk15on/1.60/bcprov-jdk15on-1.60.jar:/home/user/.m2/repository/info/picocli/picocli/3.9.6/picocli-3.9.6.jar:/home/user/.m2/repository/com/google/protobuf/protobuf-java/2.5.0/protobuf-java-2.5.0.jar:/home/user/.m2/repository/com/google/guava/guava/11.0.2/guava-11.0.2.jar:/home/user/.m2/repository/org/apache/hadoop/hadoop-ozone-ozone-manager/0.5.0-SNAPSHOT/hadoop-ozone-ozone-manager-0.5.0-SNAPSHOT.jar:/home/user/.m2/repository/org/apache/hadoop/hadoop-minikdc/3.2.0/hadoop-minikdc-3.2.0.jar:/home/user/.m2/repository/commons-io/commons-io/2.5/commons-io-2.5.jar:/home/user/.m2/repository/org/apache/kerby/kerb-simplekdc/1.0.1/kerb-simplekdc-1.0.1.jar:/home/user/.m2/repository/org/apache/kerby/kerb-client/1.0.1/kerb-client-1.0.1.jar:/home/user/.m2/repository/org/apache/kerby/kerby-config/1.0.1/kerby-config-1.0.1.jar:/home/user/.m2/repository/org/apache/kerby/kerb-core/1.0.1/kerb-core-1.0.1.jar:/home/user/.m2/repository/org/apache/kerby/kerby-pkix/1.0.1/kerby-pkix-1.0.1.jar:/home/user/.m2/repository/org/apache/kerby/kerby-asn1/1.0.1/kerby-asn1-1.0.1.jar:/home/user/.m2/repository/org/apache/kerby/kerby-util/1.0.1/kerby-util-1.0.1.jar:/home/user/.m2/repository/org/apache/kerby/kerb-common/1.0.1/kerb-common-1.0.1.jar:/home/user/.m2/repository/org/apache/kerby/kerb-crypto/1.0.1/kerb-crypto-1.0.1.jar:/home/user/.m2/repository/org/apache/kerby/kerb-util/1.0.1/kerb-util-1.0.1.jar:/home/user/.m2/repository/org/apache/kerby/token-provider/1.0.1/token-provider-1.0.1.jar:/home/user/.m2/repository/org/apache/kerby/kerb-admin/1.0.1/kerb-admin-1.0.1.jar:/home/user/.m2/repository/org/apache/kerby/kerb-server/1.0.1/kerb-server-1.0.1.jar:/home/user/.m2/repository/org/apache/kerby/kerb-identity/1.0.1/kerb-identity-1.0.1.jar:/home/user/.m2/repository/org/apache/kerby/kerby-xdr/1.0.1/kerby-xdr-1.0.1.jar:/home/user/.m2/repository/org/slf4j/slf4j-log4j12/1.7.25/slf4j-log4j12-1.7.25.jar:/home/user/.m2/repository/org/apache/hadoop/hadoop-ozone-s3gateway/0.5.0-SNAPSHOT/hadoop-ozone-s3gateway-0.5.0-SNAPSHOT.jar:/home/user/.m2/repository/org/jboss/weld/servlet/weld-servlet/2.4.7.Final/weld-servlet-2.4.7.Final.jar:/home/user/.m2/repository/org/glassfish/jersey/containers/jersey-container-servlet-core/2.27/jersey-container-servlet-core-2.27.jar:/home/user/.m2/repository/org/glassfish/hk2/external/javax.inject/2.5.0-b42/javax.inject-2.5.0-b42.jar:/home/user/.m2/repository/org/glassfish/jersey/core/jersey-common/2.27/jersey-common-2.27.jar:/home/user/.m2/repository/org/glassfish/hk2/osgi-resource-locator/1.0.1/osgi-resource-locator-1.0.1.jar:/home/user/.m2/repository/javax/ws/rs/javax.ws.rs-api/2.1/javax.ws.rs-api-2.1.jar:/home/user/.m2/repository/org/glassfish/jersey/ext/cdi/jersey-cdi1x/2.27/jersey-cdi1x-2.27.jar:/home/user/.m2/repository/org/glassfish/jersey/inject/jersey-hk2/2.27/jersey-hk2-2.27.jar:/home/user/.m2/repository/org/glassfish/hk2/hk2-locator/2.5.0-b42/hk2-locator-2.5.0-b42.jar:/home/user/.m2/repository/org/javassist/javassist/3.22.0-CR2/javassist-3.22.0-CR2.jar:/home/user/.m2/repository/org/glassfish/hk2/hk2-api/2.5.0/hk2-api-2.5.0.jar:/home/user/.m2/repository/org/glassfish/hk2/external/jakarta.inject/2.5.0/jakarta.inject-2.5.0.jar:/home/user/.m2/repository/org/glassfish/hk2/hk2-utils/2.5.0/hk2-utils-2.5.0.jar:/home/user/.m2/repository/jakarta/annotation/jakarta.annotation-api/1.3.4/jakarta.annotation-api-1.3.4.jar:/home/user/.m2/repository/org/glassfish/hk2/external/aopalliance-repackaged/2.5.0/aopalliance-repackaged-2.5.0.jar:/home/user/.m2/repository/com/fasterxml/jackson/dataformat/jackson-dataformat-xml/2.9.0/jackson-dataformat-xml-2.9.0.jar:/home/user/.m2/repository/com/fasterxml/jackson/core/jackson-core/2.9.9/jackson-core-2.9.9.jar:/home/user/.m2/repository/com/fasterxml/jackson/module/jackson-module-jaxb-annotations/2.9.9/jackson-module-jaxb-annotations-2.9.9.jar:/home/user/.m2/repository/javax/enterprise/cdi-api/1.2/cdi-api-1.2.jar:/home/user/.m2/repository/javax/el/javax.el-api/3.0.0/javax.el-api-3.0.0.jar:/home/user/.m2/repository/javax/interceptor/javax.interceptor-api/1.2/javax.interceptor-api-1.2.jar:/home/user/.m2/repository/javax/inject/javax.inject/1/javax.inject-1.jar:/home/user/.m2/repository/com/sun/xml/bind/jaxb-impl/2.3.0.1/jaxb-impl-2.3.0.1.jar:/home/user/.m2/repository/com/sun/xml/bind/jaxb-core/2.3.0.1/jaxb-core-2.3.0.1.jar:/home/user/.m2/repository/javax/xml/bind/jaxb-api/2.3.0/jaxb-api-2.3.0.jar:/home/user/.m2/repository/javax/activation/activation/1.1.1/activation-1.1.1.jar:/home/user/.m2/repository/org/apache/hadoop/hadoop-ozone-csi/0.5.0-SNAPSHOT/hadoop-ozone-csi-0.5.0-SNAPSHOT.jar:/home/user/.m2/repository/com/google/protobuf/protobuf-java-util/3.5.1/protobuf-java-util-3.5.1.jar:/home/user/.m2/repository/org/apache/hadoop/hadoop-hdds-config/0.5.0-SNAPSHOT/hadoop-hdds-config-0.5.0-SNAPSHOT.jar:/home/user/.m2/repository/io/grpc/grpc-netty/1.17.1/grpc-netty-1.17.1.jar:/home/user/.m2/repository/io/grpc/grpc-core/1.17.1/grpc-core-1.17.1.jar:/home/user/.m2/repository/io/grpc/grpc-context/1.17.1/grpc-context-1.17.1.jar:/home/user/.m2/repository/com/google/errorprone/error_prone_annotations/2.2.0/error_prone_annotations-2.2.0.jar:/home/user/.m2/repository/org/codehaus/mojo/animal-sniffer-annotations/1.17/animal-sniffer-annotations-1.17.jar:/home/user/.m2/repository/io/opencensus/opencensus-api/0.17.0/opencensus-api-0.17.0.jar:/home/user/.m2/repository/io/opencensus/opencensus-contrib-grpc-metrics/0.17.0/opencensus-contrib-grpc-metrics-0.17.0.jar:/home/user/.m2/repository/io/netty/netty-codec-http2/4.1.30.Final/netty-codec-http2-4.1.30.Final.jar:/home/user/.m2/repository/io/netty/netty-codec-http/4.1.30.Final/netty-codec-http-4.1.30.Final.jar:/home/user/.m2/repository/io/netty/netty-codec/4.1.30.Final/netty-codec-4.1.30.Final.jar:/home/user/.m2/repository/io/netty/netty-handler/4.1.30.Final/netty-handler-4.1.30.Final.jar:/home/user/.m2/repository/io/netty/netty-handler-proxy/4.1.30.Final/netty-handler-proxy-4.1.30.Final.jar:/home/user/.m2/repository/io/netty/netty-codec-socks/4.1.30.Final/netty-codec-socks-4.1.30.Final.jar:/home/user/.m2/repository/io/netty/netty-transport-native-epoll/4.1.30.Final/netty-transport-native-epoll-4.1.30.Final.jar:/home/user/.m2/repository/io/netty/netty-common/4.1.30.Final/netty-common-4.1.30.Final.jar:/home/user/.m2/repository/io/netty/netty-buffer/4.1.30.Final/netty-buffer-4.1.30.Final.jar:/home/user/.m2/repository/io/netty/netty-transport/4.1.30.Final/netty-transport-4.1.30.Final.jar:/home/user/.m2/repository/io/netty/netty-resolver/4.1.30.Final/netty-resolver-4.1.30.Final.jar:/home/user/.m2/repository/io/netty/netty-transport-native-unix-common/4.1.30.Final/netty-transport-native-unix-common-4.1.30.Final.jar:/home/user/.m2/repository/io/grpc/grpc-protobuf/1.17.1/grpc-protobuf-1.17.1.jar:/home/user/.m2/repository/com/google/api/grpc/proto-google-common-protos/1.0.0/proto-google-common-protos-1.0.0.jar:/home/user/.m2/repository/io/grpc/grpc-protobuf-lite/1.17.1/grpc-protobuf-lite-1.17.1.jar:/home/user/.m2/repository/io/grpc/grpc-stub/1.17.1/grpc-stub-1.17.1.jar:/home/user/.m2/repository/org/apache/hadoop/hadoop-ozone-recon/0.5.0-SNAPSHOT/hadoop-ozone-recon-0.5.0-SNAPSHOT.jar:/home/user/.m2/repository/org/apache/hadoop/hadoop-ozone-reconcodegen/0.5.0-SNAPSHOT/hadoop-ozone-reconcodegen-0.5.0-SNAPSHOT.jar:/home/user/.m2/repository/com/google/inject/extensions/guice-multibindings/4.0/guice-multibindings-4.0.jar:/home/user/.m2/repository/com/google/inject/guice/4.0/guice-4.0.jar:/home/user/.m2/repository/aopalliance/aopalliance/1.0/aopalliance-1.0.jar:/home/user/.m2/repository/com/google/inject/extensions/guice-servlet/4.0/guice-servlet-4.0.jar:/home/user/.m2/repository/org/glassfish/jersey/containers/jersey-container-servlet/2.27/jersey-container-servlet-2.27.jar:/home/user/.m2/repository/org/glassfish/hk2/guice-bridge/2.5.0/guice-bridge-2.5.0.jar:/home/user/.m2/repository/org/glassfish/jersey/core/jersey-server/2.27/jersey-server-2.27.jar:/home/user/.m2/repository/org/glassfish/jersey/core/jersey-client/2.27/jersey-client-2.27.jar:/home/user/.m2/repository/org/glassfish/jersey/media/jersey-media-jaxb/2.27/jersey-media-jaxb-2.27.jar:/home/user/.m2/repository/javax/validation/validation-api/1.1.0.Final/validation-api-1.1.0.Final.jar:/home/user/.m2/repository/org/glassfish/jersey/media/jersey-media-json-jackson/2.27/jersey-media-json-jackson-2.27.jar:/home/user/.m2/repository/org/glassfish/jersey/ext/jersey-entity-filtering/2.27/jersey-entity-filtering-2.27.jar:/home/user/.m2/repository/com/google/inject/extensions/guice-assistedinject/4.0/guice-assistedinject-4.0.jar:/home/user/.m2/repository/org/jooq/jooq/3.11.10/jooq-3.11.10.jar:/home/user/.m2/repository/org/jooq/jooq-meta/3.11.10/jooq-meta-3.11.10.jar:/home/user/.m2/repository/org/jooq/jooq-codegen/3.11.10/jooq-codegen-3.11.10.jar:/home/user/.m2/repository/com/jolbox/bonecp/0.8.0.RELEASE/bonecp-0.8.0.RELEASE.jar:/home/user/.m2/repository/org/xerial/sqlite-jdbc/3.25.2/sqlite-jdbc-3.25.2.jar:/home/user/.m2/repository/org/springframework/spring-jdbc/5.1.3.RELEASE/spring-jdbc-5.1.3.RELEASE.jar:/home/user/.m2/repository/org/springframework/spring-beans/5.1.3.RELEASE/spring-beans-5.1.3.RELEASE.jar:/home/user/.m2/repository/org/springframework/spring-core/5.1.3.RELEASE/spring-core-5.1.3.RELEASE.jar:/home/user/.m2/repository/org/springframework/spring-jcl/5.1.3.RELEASE/spring-jcl-5.1.3.RELEASE.jar:/home/user/.m2/repository/org/springframework/spring-tx/5.1.3.RELEASE/spring-tx-5.1.3.RELEASE.jar:/home/user/.m2/repository/org/apache/hadoop/hadoop-ozone-client/0.5.0-SNAPSHOT/hadoop-ozone-client-0.5.0-SNAPSHOT.jar:/home/user/.m2/repository/commons-lang/commons-lang/2.6/commons-lang-2.6.jar:/home/user/.m2/repository/org/apache/hadoop/hadoop-ozone-ozone-manager/0.5.0-SNAPSHOT/hadoop-ozone-ozone-manager-0.5.0-SNAPSHOT-tests.jar:/home/user/.m2/repository/junit/junit/4.11/junit-4.11.jar:/home/user/.m2/repository/org/hamcrest/hamcrest-core/1.3/hamcrest-core-1.3.jar:/home/user/.m2/repository/org/openjdk/jmh/jmh-core/1.19/jmh-core-1.19.jar:/home/user/.m2/repository/net/sf/jopt-simple/jopt-simple/4.6/jopt-simple-4.6.jar:/home/user/.m2/repository/org/apache/commons/commons-math3/3.1.1/commons-math3-3.1.1.jar:/home/user/.m2/repository/org/openjdk/jmh/jmh-generator-annprocess/1.19/jmh-generator-annprocess-1.19.jar:/home/user/.m2/repository/org/mockito/mockito-all/1.8.5/mockito-all-1.8.5.jar:/home/user/.m2/repository/org/apache/hadoop/hadoop-kms/3.2.0/hadoop-kms-3.2.0.jar:/home/user/.m2/repository/org/apache/hadoop/hadoop-auth/3.2.0/hadoop-auth-3.2.0.jar:/home/user/.m2/repository/com/nimbusds/nimbus-jose-jwt/4.41.1/nimbus-jose-jwt-4.41.1.jar:/home/user/.m2/repository/com/github/stephenc/jcip/jcip-annotations/1.0-1/jcip-annotations-1.0-1.jar:/home/user/.m2/repository/net/minidev/json-smart/2.3/json-smart-2.3.jar:/home/user/.m2/repository/net/minidev/accessors-smart/1.2/accessors-smart-1.2.jar:/home/user/.m2/repository/org/ow2/asm/asm/5.0.4/asm-5.0.4.jar:/home/user/.m2/repository/org/apache/curator/curator-framework/2.12.0/curator-framework-2.12.0.jar:/home/user/.m2/repository/com/sun/jersey/jersey-core/1.19/jersey-core-1.19.jar:/home/user/.m2/repository/javax/ws/rs/jsr311-api/1.1.1/jsr311-api-1.1.1.jar:/home/user/.m2/repository/com/sun/jersey/jersey-server/1.19/jersey-server-1.19.jar:/home/user/.m2/repository/javax/servlet/javax.servlet-api/3.1.0/javax.servlet-api-3.1.0.jar:/home/user/.m2/repository/org/eclipse/jetty/jetty-server/9.3.25.v20180904/jetty-server-9.3.25.v20180904.jar:/home/user/.m2/repository/org/eclipse/jetty/jetty-http/9.3.25.v20180904/jetty-http-9.3.25.v20180904.jar:/home/user/.m2/repository/org/eclipse/jetty/jetty-io/9.3.25.v20180904/jetty-io-9.3.25.v20180904.jar:/home/user/.m2/repository/org/eclipse/jetty/jetty-webapp/9.3.25.v20180904/jetty-webapp-9.3.25.v20180904.jar:/home/user/.m2/repository/org/eclipse/jetty/jetty-xml/9.3.25.v20180904/jetty-xml-9.3.25.v20180904.jar:/home/user/.m2/repository/log4j/log4j/1.2.17/log4j-1.2.17.jar:/home/user/.m2/repository/org/slf4j/slf4j-api/1.7.25/slf4j-api-1.7.25.jar:/home/user/.m2/repository/org/slf4j/jul-to-slf4j/1.7.25/jul-to-slf4j-1.7.25.jar:/home/user/.m2/repository/org/eclipse/jetty/jetty-util/9.3.25.v20180904/jetty-util-9.3.25.v20180904.jar:/home/user/.m2/repository/com/fasterxml/jackson/core/jackson-databind/2.9.9/jackson-databind-2.9.9.jar:/home/user/.m2/repository/org/apache/hadoop/hadoop-kms/3.2.0/hadoop-kms-3.2.0-tests.jar:/home/user/.m2/repository/org/apache/hadoop/hadoop-hdds-server-scm/0.5.0-SNAPSHOT/hadoop-hdds-server-scm-0.5.0-SNAPSHOT-tests.jar:/home/user/.m2/repository/org/apache/hadoop/hadoop-hdds-container-service/0.5.0-SNAPSHOT/hadoop-hdds-container-service-0.5.0-SNAPSHOT-tests.jar:/home/user/.m2/repository/org/yaml/snakeyaml/1.16/snakeyaml-1.16.jar:/home/user/.m2/repository/org/apache/hadoop/hadoop-common/3.2.0/hadoop-common-3.2.0-tests.jar:/home/user/.m2/repository/org/apache/hadoop/hadoop-annotations/3.2.0/hadoop-annotations-3.2.0.jar:/usr/lib/jvm/java-1.8.0-openjdk-1.8.0.222.b10-1.el7_7.x86_64/jre/../lib/tools.jar:/home/user/.m2/repository/commons-cli/commons-cli/1.2/commons-cli-1.2.jar:/home/user/.m2/repository/org/apache/httpcomponents/httpclient/4.5.2/httpclient-4.5.2.jar:/home/user/.m2/repository/org/apache/httpcomponents/httpcore/4.4.4/httpcore-4.4.4.jar:/home/user/.m2/repository/commons-codec/commons-codec/1.11/commons-codec-1.11.jar:/home/user/.m2/repository/commons-net/commons-net/3.6/commons-net-3.6.jar:/home/user/.m2/repository/commons-collections/commons-collections/3.2.2/commons-collections-3.2.2.jar:/home/user/.m2/repository/org/eclipse/jetty/jetty-servlet/9.3.25.v20180904/jetty-servlet-9.3.25.v20180904.jar:/home/user/.m2/repository/org/eclipse/jetty/jetty-security/9.3.25.v20180904/jetty-security-9.3.25.v20180904.jar:/home/user/.m2/repository/javax/servlet/jsp/jsp-api/2.1/jsp-api-2.1.jar:/home/user/.m2/repository/com/sun/jersey/jersey-servlet/1.19/jersey-servlet-1.19.jar:/home/user/.m2/repository/com/sun/jersey/jersey-json/1.19/jersey-json-1.19.jar:/home/user/.m2/repository/org/codehaus/jettison/jettison/1.1/jettison-1.1.jar:/home/user/.m2/repository/org/codehaus/jackson/jackson-core-asl/1.9.13/jackson-core-asl-1.9.13.jar:/home/user/.m2/repository/org/codehaus/jackson/jackson-mapper-asl/1.9.13/jackson-mapper-asl-1.9.13.jar:/home/user/.m2/repository/org/codehaus/jackson/jackson-jaxrs/1.9.13/jackson-jaxrs-1.9.13.jar:/home/user/.m2/repository/org/codehaus/jackson/jackson-xc/1.9.13/jackson-xc-1.9.13.jar:/home/user/.m2/repository/commons-logging/commons-logging/1.1.3/commons-logging-1.1.3.jar:/home/user/.m2/repository/commons-beanutils/commons-beanutils/1.9.4/commons-beanutils-1.9.4.jar:/home/user/.m2/repository/org/apache/commons/commons-configuration2/2.1.1/commons-configuration2-2.1.1.jar:/home/user/.m2/repository/org/apache/commons/commons-lang3/3.7/commons-lang3-3.7.jar:/home/user/.m2/repository/org/apache/commons/commons-text/1.4/commons-text-1.4.jar:/home/user/.m2/repository/org/apache/avro/avro/1.7.7/avro-1.7.7.jar:/home/user/.m2/repository/com/thoughtworks/paranamer/paranamer/2.3/paranamer-2.3.jar:/home/user/.m2/repository/org/xerial/snappy/snappy-java/1.0.5/snappy-java-1.0.5.jar:/home/user/.m2/repository/com/google/re2j/re2j/1.1/re2j-1.1.jar:/home/user/.m2/repository/com/google/code/gson/gson/2.2.4/gson-2.2.4.jar:/home/user/.m2/repository/com/jcraft/jsch/0.1.54/jsch-0.1.54.jar:/home/user/.m2/repository/org/apache/curator/curator-client/2.12.0/curator-client-2.12.0.jar:/home/user/.m2/repository/org/apache/curator/curator-recipes/2.12.0/curator-recipes-2.12.0.jar:/home/user/.m2/repository/com/google/code/findbugs/jsr305/3.0.0/jsr305-3.0.0.jar:/home/user/.m2/repository/org/apache/htrace/htrace-core4/4.1.0-incubating/htrace-core4-4.1.0-incubating.jar:/home/user/.m2/repository/org/apache/zookeeper/zookeeper/3.4.13/zookeeper-3.4.13.jar:/home/user/.m2/repository/jline/jline/0.9.94/jline-0.9.94.jar:/home/user/.m2/repository/org/apache/yetus/audience-annotations/0.5.0/audience-annotations-0.5.0.jar:/home/user/.m2/repository/org/codehaus/woodstox/stax2-api/3.1.4/stax2-api-3.1.4.jar:/home/user/.m2/repository/com/fasterxml/woodstox/woodstox-core/5.0.3/woodstox-core-5.0.3.jar:/home/user/.m2/repository/dnsjava/dnsjava/2.1.7/dnsjava-2.1.7.jar:/home/user/.m2/repository/org/apache/hadoop/hadoop-hdfs/3.2.0/hadoop-hdfs-3.2.0-tests.jar:/home/user/.m2/repository/org/eclipse/jetty/jetty-util-ajax/9.3.25.v20180904/jetty-util-ajax-9.3.25.v20180904.jar:/home/user/.m2/repository/commons-daemon/commons-daemon/1.0.13/commons-daemon-1.0.13.jar:/home/user/.m2/repository/io/netty/netty/3.10.5.Final/netty-3.10.5.Final.jar:/home/user/.m2/repository/io/netty/netty-all/4.0.52.Final/netty-all-4.0.52.Final.jar:/home/user/.m2/repository/org/fusesource/leveldbjni/leveldbjni-all/1.8/leveldbjni-all-1.8.jar:"/>
    <property name="sun.cpu.endian" value="little"/>
    <property name="user.home" value="/home/user"/>
    <property name="user.language" value="en"/>
    <property name="java.specification.vendor" value="Oracle Corporation"/>
    <property name="java.home" value="/usr/lib/jvm/java-1.8.0-openjdk-1.8.0.222.b10-1.el7_7.x86_64/jre"/>
    <property name="surefire.excludesFile" value="/tools/ozone-bad-unit-tests"/>
    <property name="java.security.krb5.conf" value="/workdir/hadoop-ozone/integration-test/target/test-classes/krb5.conf"/>
    <property name="basedir" value="/workdir/hadoop-ozone/integration-test"/>
    <property name="file.separator" value="/"/>
    <property name="line.separator" value="&#10;"/>
    <property name="java.vm.specification.vendor" value="Oracle Corporation"/>
    <property name="java.specification.name" value="Java Platform API Specification"/>
    <property name="java.awt.graphicsenv" value="sun.awt.X11GraphicsEnvironment"/>
    <property name="surefire.real.class.path" value="/workdir/hadoop-ozone/integration-test/target/surefire/surefirebooter3007119627913644440.jar"/>
    <property name="hadoop.log.dir" value="/workdir/hadoop-ozone/integration-test/target/log"/>
    <property name="sun.boot.class.path" value="/usr/lib/jvm/java-1.8.0-openjdk-1.8.0.222.b10-1.el7_7.x86_64/jre/lib/resources.jar:/usr/lib/jvm/java-1.8.0-openjdk-1.8.0.222.b10-1.el7_7.x86_64/jre/lib/rt.jar:/usr/lib/jvm/java-1.8.0-openjdk-1.8.0.222.b10-1.el7_7.x86_64/jre/lib/sunrsasign.jar:/usr/lib/jvm/java-1.8.0-openjdk-1.8.0.222.b10-1.el7_7.x86_64/jre/lib/jsse.jar:/usr/lib/jvm/java-1.8.0-openjdk-1.8.0.222.b10-1.el7_7.x86_64/jre/lib/jce.jar:/usr/lib/jvm/java-1.8.0-openjdk-1.8.0.222.b10-1.el7_7.x86_64/jre/lib/charsets.jar:/usr/lib/jvm/java-1.8.0-openjdk-1.8.0.222.b10-1.el7_7.x86_64/jre/lib/jfr.jar:/usr/lib/jvm/java-1.8.0-openjdk-1.8.0.222.b10-1.el7_7.x86_64/jre/classes"/>
    <property name="sun.management.compiler" value="HotSpot 64-Bit Tiered Compilers"/>
    <property name="java.runtime.version" value="1.8.0_222-b10"/>
    <property name="java.net.preferIPv4Stack" value="true"/>
    <property name="user.name" value="jenkins1000"/>
    <property name="path.separator" value=":"/>
    <property name="java.security.egd" value="file:///dev/urandom"/>
    <property name="os.version" value="3.10.0-957.12.2.el7.x86_64"/>
    <property name="java.endorsed.dirs" value="/usr/lib/jvm/java-1.8.0-openjdk-1.8.0.222.b10-1.el7_7.x86_64/jre/lib/endorsed"/>
    <property name="java.runtime.name" value="OpenJDK Runtime Environment"/>
    <property name="file.encoding" value="ANSI_X3.4-1968"/>
    <property name="java.vm.name" value="OpenJDK 64-Bit Server VM"/>
    <property name="test.build.webapps" value=""/>
    <property name="localRepository" value="/home/user/.m2/repository"/>
    <property name="java.vendor.url.bug" value="http://bugreport.sun.com/bugreport/"/>
    <property name="java.io.tmpdir" value="/tmp"/>
    <property name="require.test.libhadoop" value=""/>
    <property name="java.version" value="1.8.0_222"/>
    <property name="user.dir" value="/workdir/hadoop-ozone/integration-test"/>
    <property name="os.arch" value="amd64"/>
    <property name="java.vm.specification.name" value="Java Virtual Machine Specification"/>
    <property name="test.build.classes" value="/workdir/hadoop-ozone/integration-test/target/test-classes"/>
    <property name="java.awt.printerjob" value="sun.print.PSPrinterJob"/>
    <property name="sun.os.patch.level" value="unknown"/>
    <property name="hadoop.tmp.dir" value="/workdir/hadoop-ozone/integration-test/target/tmp"/>
    <property name="java.library.path" value="/usr/lib:/workdir/hadoop-ozone/integration-test/target/native/target/usr/local/lib:/workdir/hadoop-ozone/integration-test/../../hadoop-common-project/hadoop-common/target/native/target/usr/local/lib:/usr/java/packages/lib/amd64:/usr/lib64:/lib64:/lib:/usr/lib"/>
    <property name="java.vm.info" value="mixed mode"/>
    <property name="java.vendor" value="Oracle Corporation"/>
    <property name="java.vm.version" value="25.222-b10"/>
    <property name="java.ext.dirs" value="/usr/lib/jvm/java-1.8.0-openjdk-1.8.0.222.b10-1.el7_7.x86_64/jre/lib/ext:/usr/java/packages/lib/ext"/>
    <property name="sun.io.unicode.encoding" value="UnicodeLittle"/>
    <property name="java.class.version" value="52.0"/>
  </properties>
  <testcase name="testPipelineDestroy" classname="org.apache.hadoop.ozone.scm.pipeline.TestSCMPipelineMetrics" time="36.691">
    <failure message="Bad value for metric NumPipelineDestroyed expected:&lt;1&gt; but was:&lt;5&gt;" type="java.lang.AssertionError"><![CDATA[java.lang.AssertionError: Bad value for metric NumPipelineDestroyed expected:<1> but was:<5>
	at org.junit.Assert.fail(Assert.java:88)
	at org.junit.Assert.failNotEquals(Assert.java:743)
	at org.junit.Assert.assertEquals(Assert.java:118)
	at org.junit.Assert.assertEquals(Assert.java:555)
	at org.apache.hadoop.test.MetricsAsserts.assertCounter(MetricsAsserts.java:227)
	at org.apache.hadoop.ozone.scm.pipeline.TestSCMPipelineMetrics.testPipelineDestroy(TestSCMPipelineMetrics.java:93)
	at sun.reflect.NativeMethodAccessorImpl.invoke0(Native Method)
	at sun.reflect.NativeMethodAccessorImpl.invoke(NativeMethodAccessorImpl.java:62)
	at sun.reflect.DelegatingMethodAccessorImpl.invoke(DelegatingMethodAccessorImpl.java:43)
	at java.lang.reflect.Method.invoke(Method.java:498)
	at org.junit.runners.model.FrameworkMethod$1.runReflectiveCall(FrameworkMethod.java:47)
	at org.junit.internal.runners.model.ReflectiveCallable.run(ReflectiveCallable.java:12)
	at org.junit.runners.model.FrameworkMethod.invokeExplosively(FrameworkMethod.java:44)
	at org.junit.internal.runners.statements.InvokeMethod.evaluate(InvokeMethod.java:17)
	at org.junit.internal.runners.statements.RunBefores.evaluate(RunBefores.java:26)
	at org.junit.internal.runners.statements.RunAfters.evaluate(RunAfters.java:27)
	at org.junit.runners.ParentRunner.runLeaf(ParentRunner.java:271)
	at org.junit.runners.BlockJUnit4ClassRunner.runChild(BlockJUnit4ClassRunner.java:70)
	at org.junit.runners.BlockJUnit4ClassRunner.runChild(BlockJUnit4ClassRunner.java:50)
	at org.junit.runners.ParentRunner$3.run(ParentRunner.java:238)
	at org.junit.runners.ParentRunner$1.schedule(ParentRunner.java:63)
	at org.junit.runners.ParentRunner.runChildren(ParentRunner.java:236)
	at org.junit.runners.ParentRunner.access$000(ParentRunner.java:53)
	at org.junit.runners.ParentRunner$2.evaluate(ParentRunner.java:229)
	at org.junit.runners.ParentRunner.run(ParentRunner.java:309)
	at org.apache.maven.surefire.junit4.JUnit4Provider.execute(JUnit4Provider.java:365)
	at org.apache.maven.surefire.junit4.JUnit4Provider.executeWithRerun(JUnit4Provider.java:273)
	at org.apache.maven.surefire.junit4.JUnit4Provider.executeTestSet(JUnit4Provider.java:238)
	at org.apache.maven.surefire.junit4.JUnit4Provider.invoke(JUnit4Provider.java:159)
	at org.apache.maven.surefire.booter.ForkedBooter.invokeProviderInSameClassLoader(ForkedBooter.java:384)
	at org.apache.maven.surefire.booter.ForkedBooter.runSuitesInProcess(ForkedBooter.java:345)
	at org.apache.maven.surefire.booter.ForkedBooter.execute(ForkedBooter.java:126)
	at org.apache.maven.surefire.booter.ForkedBooter.main(ForkedBooter.java:418)
]]></failure>
    <system-out><![CDATA[2019-10-21 05:44:58,937 [main] WARN  server.ServerUtils (ServerUtils.java:getScmDbDir(145)) - ozone.scm.db.dirs is not configured. We recommend adding this setting. Falling back to ozone.metadata.dirs instead.
2019-10-21 05:44:59,027 [main] WARN  server.ServerUtils (ServerUtils.java:getScmDbDir(145)) - ozone.scm.db.dirs is not configured. We recommend adding this setting. Falling back to ozone.metadata.dirs instead.
2019-10-21 05:44:59,029 [main] WARN  server.ServerUtils (ServerUtils.java:getScmDbDir(145)) - ozone.scm.db.dirs is not configured. We recommend adding this setting. Falling back to ozone.metadata.dirs instead.
2019-10-21 05:44:59,050 [main] INFO  util.log (Log.java:initialized(192)) - Logging initialized @728ms
2019-10-21 05:44:59,134 [main] INFO  db.DBStoreBuilder (DBStoreBuilder.java:addTable(117)) - using custom profile for table: deletedBlocks
2019-10-21 05:44:59,135 [main] INFO  db.DBStoreBuilder (DBStoreBuilder.java:processTables(168)) - Using default column profile:DBProfile.DISK for Table:deletedBlocks
2019-10-21 05:44:59,135 [main] INFO  db.DBStoreBuilder (DBStoreBuilder.java:addTable(117)) - using custom profile for table: validCerts
2019-10-21 05:44:59,135 [main] INFO  db.DBStoreBuilder (DBStoreBuilder.java:processTables(168)) - Using default column profile:DBProfile.DISK for Table:validCerts
2019-10-21 05:44:59,136 [main] INFO  db.DBStoreBuilder (DBStoreBuilder.java:addTable(117)) - using custom profile for table: revokedCerts
2019-10-21 05:44:59,136 [main] INFO  db.DBStoreBuilder (DBStoreBuilder.java:processTables(168)) - Using default column profile:DBProfile.DISK for Table:revokedCerts
2019-10-21 05:44:59,146 [main] INFO  db.DBStoreBuilder (DBStoreBuilder.java:addTable(117)) - using custom profile for table: default
2019-10-21 05:44:59,146 [main] INFO  db.DBStoreBuilder (DBStoreBuilder.java:processTables(174)) - Using default column profile:DBProfile.DISK for Table:default
2019-10-21 05:44:59,147 [main] INFO  db.DBStoreBuilder (DBStoreBuilder.java:getDbProfile(205)) - Using default options. DBProfile.DISK
2019-10-21 05:44:59,417 [main] INFO  net.NodeSchemaLoader (NodeSchemaLoader.java:loadSchemaFromFile(125)) - Loading file from sun.misc.CompoundEnumeration@1bb5a082
2019-10-21 05:44:59,418 [main] INFO  net.NodeSchemaLoader (NodeSchemaLoader.java:loadSchema(171)) - Loading network topology layer schema file
2019-10-21 05:44:59,465 [main] WARN  server.ServerUtils (ServerUtils.java:sanitizeUserArgs(70)) - ozone.scm.stale.node.interval value = 300000 is larger than max = 100000 based on the key value of ozone.scm.heartbeat.thread.interval, reset to the max value 100000.
2019-10-21 05:44:59,467 [main] WARN  server.ServerUtils (ServerUtils.java:sanitizeUserArgs(70)) - ozone.scm.stale.node.interval value = 300000 is larger than max = 100000 based on the key value of ozone.scm.heartbeat.thread.interval, reset to the max value 100000.
2019-10-21 05:44:59,469 [main] INFO  node.SCMNodeManager (SCMNodeManager.java:<init>(116)) - Entering startup safe mode.
2019-10-21 05:44:59,522 [main] INFO  algorithms.ContainerPlacementPolicyFactory (ContainerPlacementPolicyFactory.java:getPolicy(57)) - Create container placement policy of type org.apache.hadoop.hdds.scm.container.placement.algorithms.SCMContainerPlacementRandom
2019-10-21 05:44:59,533 [main] WARN  server.ServerUtils (ServerUtils.java:getScmDbDir(145)) - ozone.scm.db.dirs is not configured. We recommend adding this setting. Falling back to ozone.metadata.dirs instead.
2019-10-21 05:44:59,618 [main] INFO  pipeline.SCMPipelineManager (SCMPipelineManager.java:initializePipelineState(138)) - No pipeline exists in current db
2019-10-21 05:44:59,620 [main] WARN  server.ServerUtils (ServerUtils.java:getScmDbDir(145)) - ozone.scm.db.dirs is not configured. We recommend adding this setting. Falling back to ozone.metadata.dirs instead.
2019-10-21 05:44:59,761 [main] WARN  events.EventQueue (EventQueue.java:fireEvent(183)) - No event handler registered for event TypedEvent{payloadType=SafeModeStatus, name='SafeModeStatus'}
2019-10-21 05:45:00,087 [main] INFO  ipc.CallQueueManager (CallQueueManager.java:<init>(84)) - Using callQueue: class java.util.concurrent.LinkedBlockingQueue, queueCapacity: 2000, scheduler: class org.apache.hadoop.ipc.DefaultRpcScheduler, ipcBackoff: false.
2019-10-21 05:45:00,110 [Socket Reader #1 for port 46164] INFO  ipc.Server (Server.java:run(1074)) - Starting Socket Reader #1 for port 46164
2019-10-21 05:45:00,215 [main] INFO  ipc.CallQueueManager (CallQueueManager.java:<init>(84)) - Using callQueue: class java.util.concurrent.LinkedBlockingQueue, queueCapacity: 2000, scheduler: class org.apache.hadoop.ipc.DefaultRpcScheduler, ipcBackoff: false.
2019-10-21 05:45:00,216 [Socket Reader #1 for port 36294] INFO  ipc.Server (Server.java:run(1074)) - Starting Socket Reader #1 for port 36294
2019-10-21 05:45:00,226 [main] INFO  ipc.CallQueueManager (CallQueueManager.java:<init>(84)) - Using callQueue: class java.util.concurrent.LinkedBlockingQueue, queueCapacity: 2000, scheduler: class org.apache.hadoop.ipc.DefaultRpcScheduler, ipcBackoff: false.
2019-10-21 05:45:00,227 [Socket Reader #1 for port 41362] INFO  ipc.Server (Server.java:run(1074)) - Starting Socket Reader #1 for port 41362
2019-10-21 05:45:00,254 [main] INFO  hdfs.DFSUtil (DFSUtil.java:httpServerTemplateForNNAndJN(1641)) - Starting Web-server for scm at: http://0.0.0.0:0
2019-10-21 05:45:00,389 [main] INFO  server.AuthenticationFilter (AuthenticationFilter.java:constructSecretProvider(240)) - Unable to initialize FileSignerSecretProvider, falling back to use random secrets.
2019-10-21 05:45:00,396 [main] WARN  http.HttpRequestLog (HttpRequestLog.java:getRequestLog(97)) - Jetty request log can only be enabled using Log4j
2019-10-21 05:45:00,404 [main] INFO  http.HttpServer2 (HttpServer2.java:addGlobalFilter(975)) - Added global filter 'safety' (class=org.apache.hadoop.http.HttpServer2$QuotingInputFilter)
2019-10-21 05:45:00,406 [main] INFO  http.HttpServer2 (HttpServer2.java:addFilter(948)) - Added filter static_user_filter (class=org.apache.hadoop.http.lib.StaticUserWebFilter$StaticUserFilter) to context scm
2019-10-21 05:45:00,406 [main] INFO  http.HttpServer2 (HttpServer2.java:addFilter(958)) - Added filter static_user_filter (class=org.apache.hadoop.http.lib.StaticUserWebFilter$StaticUserFilter) to context static
2019-10-21 05:45:00,406 [main] INFO  http.HttpServer2 (HttpServer2.java:addFilter(958)) - Added filter static_user_filter (class=org.apache.hadoop.http.lib.StaticUserWebFilter$StaticUserFilter) to context logs
2019-10-21 05:45:00,433 [main] INFO  server.StorageContainerManager (StorageContainerManager.java:start(772)) - StorageContainerLocationProtocol RPC server is listening at /0.0.0.0:41362
2019-10-21 05:45:00,486 [main] WARN  impl.MetricsConfig (MetricsConfig.java:loadFirst(134)) - Cannot locate configuration: tried hadoop-metrics2-storagecontainermanager.properties,hadoop-metrics2.properties
2019-10-21 05:45:00,501 [main] INFO  impl.MetricsSystemImpl (MetricsSystemImpl.java:startTimer(374)) - Scheduled Metric snapshot period at 10 second(s).
2019-10-21 05:45:00,501 [main] INFO  impl.MetricsSystemImpl (MetricsSystemImpl.java:start(191)) - StorageContainerManager metrics system started
2019-10-21 05:45:00,681 [main] INFO  server.SCMClientProtocolServer (SCMClientProtocolServer.java:start(159)) - RPC server for Client  is listening at /0.0.0.0:41362
2019-10-21 05:45:00,682 [IPC Server Responder] INFO  ipc.Server (Server.java:run(1314)) - IPC Server Responder: starting
2019-10-21 05:45:00,682 [IPC Server listener on 41362] INFO  ipc.Server (Server.java:run(1153)) - IPC Server listener on 41362: starting
2019-10-21 05:45:00,685 [main] INFO  server.StorageContainerManager (StorageContainerManager.java:start(782)) - ScmBlockLocationProtocol RPC server is listening at /0.0.0.0:36294
2019-10-21 05:45:00,685 [main] INFO  server.SCMBlockProtocolServer (SCMBlockProtocolServer.java:start(146)) - RPC server for Block Protocol is listening at /0.0.0.0:36294
2019-10-21 05:45:00,686 [IPC Server Responder] INFO  ipc.Server (Server.java:run(1314)) - IPC Server Responder: starting
2019-10-21 05:45:00,686 [IPC Server listener on 36294] INFO  ipc.Server (Server.java:run(1153)) - IPC Server listener on 36294: starting
2019-10-21 05:45:00,688 [main] INFO  server.StorageContainerManager (StorageContainerManager.java:start(786)) - ScmDatanodeProtocl RPC server is listening at /0.0.0.0:46164
2019-10-21 05:45:00,688 [main] INFO  server.SCMDatanodeProtocolServer (SCMDatanodeProtocolServer.java:start(169)) - RPC server for DataNodes is listening at /0.0.0.0:46164
2019-10-21 05:45:00,689 [IPC Server Responder] INFO  ipc.Server (Server.java:run(1314)) - IPC Server Responder: starting
2019-10-21 05:45:00,689 [IPC Server listener on 46164] INFO  ipc.Server (Server.java:run(1153)) - IPC Server listener on 46164: starting
2019-10-21 05:45:00,691 [main] INFO  http.HttpServer2 (HttpServer2.java:bindListener(1191)) - Jetty bound to port 36955
2019-10-21 05:45:00,693 [main] INFO  server.Server (Server.java:doStart(351)) - jetty-9.3.25.v20180904, build timestamp: 2018-09-04T21:11:46Z, git hash: 3ce520221d0240229c862b122d2b06c12a625732
2019-10-21 05:45:00,724 [main] INFO  handler.ContextHandler (ContextHandler.java:doStart(781)) - Started o.e.j.s.ServletContextHandler@78f5c518{/logs,file:///workdir/hadoop-ozone/integration-test/target/log,AVAILABLE}
2019-10-21 05:45:00,724 [main] INFO  handler.ContextHandler (ContextHandler.java:doStart(781)) - Started o.e.j.s.ServletContextHandler@34f7234e{/static,file:///workdir/hadoop-ozone/integration-test/target/test-classes/webapps/static,AVAILABLE}
2019-10-21 05:45:04,575 [main] INFO  handler.ContextHandler (ContextHandler.java:doStart(781)) - Started o.e.j.w.WebAppContext@6bc248ed{/,file:///workdir/hadoop-ozone/integration-test/target/test-classes/webapps/scm/,AVAILABLE}{/scm}
2019-10-21 05:45:04,581 [main] INFO  server.AbstractConnector (AbstractConnector.java:doStart(278)) - Started ServerConnector@73511076{HTTP/1.1,[http/1.1]}{0.0.0.0:36955}
2019-10-21 05:45:04,581 [main] INFO  server.Server (Server.java:doStart(419)) - Started @6260ms
2019-10-21 05:45:04,583 [main] INFO  impl.MetricsSinkAdapter (MetricsSinkAdapter.java:start(204)) - Sink prometheus started
2019-10-21 05:45:04,584 [main] INFO  impl.MetricsSystemImpl (MetricsSystemImpl.java:registerSink(301)) - Registered sink prometheus
2019-10-21 05:45:04,585 [main] INFO  server.BaseHttpServer (BaseHttpServer.java:updateConnectorAddress(215)) - HTTP server of SCM is listening at http://0.0.0.0:36955
2019-10-21 05:45:04,594 [org.apache.hadoop.util.JvmPauseMonitor$Monitor@10b892d5] INFO  util.JvmPauseMonitor (JvmPauseMonitor.java:run(188)) - Starting JVM pause monitor
2019-10-21 05:45:04,599 [main] WARN  server.ServerUtils (ServerUtils.java:getDBPath(222)) - ozone.om.db.dirs is not configured. We recommend adding this setting. Falling back to ozone.metadata.dirs instead.
2019-10-21 05:45:04,736 [main] INFO  ha.OMHANodeDetails (OMHANodeDetails.java:loadOMHAConfig(190)) - Configuration either no ozone.om.address set. Falling back to the default OM address /127.0.0.1:0
2019-10-21 05:45:04,736 [main] INFO  ha.OMHANodeDetails (OMHANodeDetails.java:getOMNodeDetails(220)) - OM Service ID is not set. Setting it to the default ID: omServiceIdDefault
2019-10-21 05:45:04,738 [main] WARN  server.ServerUtils (ServerUtils.java:getDBPath(222)) - ozone.om.db.dirs is not configured. We recommend adding this setting. Falling back to ozone.metadata.dirs instead.
2019-10-21 05:45:04,739 [main] WARN  server.ServerUtils (ServerUtils.java:getDBPath(222)) - ozone.om.db.dirs is not configured. We recommend adding this setting. Falling back to ozone.metadata.dirs instead.
2019-10-21 05:45:05,434 [main] WARN  server.ServerUtils (ServerUtils.java:getDBPath(222)) - ozone.om.db.dirs is not configured. We recommend adding this setting. Falling back to ozone.metadata.dirs instead.
2019-10-21 05:45:05,444 [main] INFO  db.DBStoreBuilder (DBStoreBuilder.java:addTable(117)) - using custom profile for table: userTable
2019-10-21 05:45:05,444 [main] INFO  db.DBStoreBuilder (DBStoreBuilder.java:processTables(168)) - Using default column profile:DBProfile.DISK for Table:userTable
2019-10-21 05:45:05,444 [main] INFO  db.DBStoreBuilder (DBStoreBuilder.java:addTable(117)) - using custom profile for table: volumeTable
2019-10-21 05:45:05,444 [main] INFO  db.DBStoreBuilder (DBStoreBuilder.java:processTables(168)) - Using default column profile:DBProfile.DISK for Table:volumeTable
2019-10-21 05:45:05,445 [main] INFO  db.DBStoreBuilder (DBStoreBuilder.java:addTable(117)) - using custom profile for table: bucketTable
2019-10-21 05:45:05,445 [main] INFO  db.DBStoreBuilder (DBStoreBuilder.java:processTables(168)) - Using default column profile:DBProfile.DISK for Table:bucketTable
2019-10-21 05:45:05,445 [main] INFO  db.DBStoreBuilder (DBStoreBuilder.java:addTable(117)) - using custom profile for table: keyTable
2019-10-21 05:45:05,446 [main] INFO  db.DBStoreBuilder (DBStoreBuilder.java:processTables(168)) - Using default column profile:DBProfile.DISK for Table:keyTable
2019-10-21 05:45:05,446 [main] INFO  db.DBStoreBuilder (DBStoreBuilder.java:addTable(117)) - using custom profile for table: deletedTable
2019-10-21 05:45:05,446 [main] INFO  db.DBStoreBuilder (DBStoreBuilder.java:processTables(168)) - Using default column profile:DBProfile.DISK for Table:deletedTable
2019-10-21 05:45:05,446 [main] INFO  db.DBStoreBuilder (DBStoreBuilder.java:addTable(117)) - using custom profile for table: openKeyTable
2019-10-21 05:45:05,447 [main] INFO  db.DBStoreBuilder (DBStoreBuilder.java:processTables(168)) - Using default column profile:DBProfile.DISK for Table:openKeyTable
2019-10-21 05:45:05,447 [main] INFO  db.DBStoreBuilder (DBStoreBuilder.java:addTable(117)) - using custom profile for table: s3Table
2019-10-21 05:45:05,447 [main] INFO  db.DBStoreBuilder (DBStoreBuilder.java:processTables(168)) - Using default column profile:DBProfile.DISK for Table:s3Table
2019-10-21 05:45:05,448 [main] INFO  db.DBStoreBuilder (DBStoreBuilder.java:addTable(117)) - using custom profile for table: multipartInfoTable
2019-10-21 05:45:05,448 [main] INFO  db.DBStoreBuilder (DBStoreBuilder.java:processTables(168)) - Using default column profile:DBProfile.DISK for Table:multipartInfoTable
2019-10-21 05:45:05,448 [main] INFO  db.DBStoreBuilder (DBStoreBuilder.java:addTable(117)) - using custom profile for table: dTokenTable
2019-10-21 05:45:05,448 [main] INFO  db.DBStoreBuilder (DBStoreBuilder.java:processTables(168)) - Using default column profile:DBProfile.DISK for Table:dTokenTable
2019-10-21 05:45:05,449 [main] INFO  db.DBStoreBuilder (DBStoreBuilder.java:addTable(117)) - using custom profile for table: s3SecretTable
2019-10-21 05:45:05,449 [main] INFO  db.DBStoreBuilder (DBStoreBuilder.java:processTables(168)) - Using default column profile:DBProfile.DISK for Table:s3SecretTable
2019-10-21 05:45:05,449 [main] INFO  db.DBStoreBuilder (DBStoreBuilder.java:addTable(117)) - using custom profile for table: prefixTable
2019-10-21 05:45:05,450 [main] INFO  db.DBStoreBuilder (DBStoreBuilder.java:processTables(168)) - Using default column profile:DBProfile.DISK for Table:prefixTable
2019-10-21 05:45:05,450 [main] INFO  db.DBStoreBuilder (DBStoreBuilder.java:addTable(117)) - using custom profile for table: default
2019-10-21 05:45:05,450 [main] INFO  db.DBStoreBuilder (DBStoreBuilder.java:processTables(174)) - Using default column profile:DBProfile.DISK for Table:default
2019-10-21 05:45:05,450 [main] INFO  db.DBStoreBuilder (DBStoreBuilder.java:getDbProfile(205)) - Using default options. DBProfile.DISK
2019-10-21 05:45:06,069 [main] INFO  ipc.CallQueueManager (CallQueueManager.java:<init>(84)) - Using callQueue: class java.util.concurrent.LinkedBlockingQueue, queueCapacity: 2000, scheduler: class org.apache.hadoop.ipc.DefaultRpcScheduler, ipcBackoff: false.
2019-10-21 05:45:06,070 [Socket Reader #1 for port 33168] INFO  ipc.Server (Server.java:run(1074)) - Starting Socket Reader #1 for port 33168
2019-10-21 05:45:06,091 [main] INFO  om.OzoneManager (OzoneManager.java:start(1074)) - OzoneManager RPC server is listening at localhost/127.0.0.1:33168
2019-10-21 05:45:06,091 [main] INFO  impl.MetricsSystemImpl (MetricsSystemImpl.java:init(158)) - OzoneManager metrics system started (again)
2019-10-21 05:45:06,099 [IPC Server Responder] INFO  ipc.Server (Server.java:run(1314)) - IPC Server Responder: starting
2019-10-21 05:45:06,099 [IPC Server listener on 33168] INFO  ipc.Server (Server.java:run(1153)) - IPC Server listener on 33168: starting
2019-10-21 05:45:06,107 [main] INFO  hdfs.DFSUtil (DFSUtil.java:httpServerTemplateForNNAndJN(1641)) - Starting Web-server for ozoneManager at: http://0.0.0.0:0
2019-10-21 05:45:06,110 [main] INFO  server.AuthenticationFilter (AuthenticationFilter.java:constructSecretProvider(240)) - Unable to initialize FileSignerSecretProvider, falling back to use random secrets.
2019-10-21 05:45:06,111 [main] WARN  http.HttpRequestLog (HttpRequestLog.java:getRequestLog(97)) - Jetty request log can only be enabled using Log4j
2019-10-21 05:45:06,114 [main] INFO  http.HttpServer2 (HttpServer2.java:addGlobalFilter(975)) - Added global filter 'safety' (class=org.apache.hadoop.http.HttpServer2$QuotingInputFilter)
2019-10-21 05:45:06,116 [main] INFO  http.HttpServer2 (HttpServer2.java:addFilter(948)) - Added filter static_user_filter (class=org.apache.hadoop.http.lib.StaticUserWebFilter$StaticUserFilter) to context ozoneManager
2019-10-21 05:45:06,116 [main] INFO  http.HttpServer2 (HttpServer2.java:addFilter(958)) - Added filter static_user_filter (class=org.apache.hadoop.http.lib.StaticUserWebFilter$StaticUserFilter) to context logs
2019-10-21 05:45:06,116 [main] INFO  http.HttpServer2 (HttpServer2.java:addFilter(958)) - Added filter static_user_filter (class=org.apache.hadoop.http.lib.StaticUserWebFilter$StaticUserFilter) to context static
2019-10-21 05:45:06,119 [main] INFO  http.HttpServer2 (HttpServer2.java:bindListener(1191)) - Jetty bound to port 45499
2019-10-21 05:45:06,120 [main] INFO  server.Server (Server.java:doStart(351)) - jetty-9.3.25.v20180904, build timestamp: 2018-09-04T21:11:46Z, git hash: 3ce520221d0240229c862b122d2b06c12a625732
2019-10-21 05:45:06,123 [main] INFO  handler.ContextHandler (ContextHandler.java:doStart(781)) - Started o.e.j.s.ServletContextHandler@7a799159{/logs,file:///workdir/hadoop-ozone/integration-test/target/log,AVAILABLE}
2019-10-21 05:45:06,124 [main] INFO  handler.ContextHandler (ContextHandler.java:doStart(781)) - Started o.e.j.s.ServletContextHandler@6ff37443{/static,file:///workdir/hadoop-ozone/integration-test/target/test-classes/webapps/static,AVAILABLE}
2019-10-21 05:45:06,131 [main] INFO  handler.ContextHandler (ContextHandler.java:doStart(781)) - Started o.e.j.w.WebAppContext@783efb48{/,file:///workdir/hadoop-ozone/integration-test/target/test-classes/webapps/ozoneManager/,AVAILABLE}{/ozoneManager}
2019-10-21 05:45:06,132 [main] INFO  server.AbstractConnector (AbstractConnector.java:doStart(278)) - Started ServerConnector@5d235104{HTTP/1.1,[http/1.1]}{0.0.0.0:45499}
2019-10-21 05:45:06,133 [main] INFO  server.Server (Server.java:doStart(419)) - Started @7812ms
2019-10-21 05:45:06,133 [main] WARN  impl.MetricsSystemImpl (MetricsSystemImpl.java:register(276)) - Sink prometheus already exists!
2019-10-21 05:45:06,134 [main] INFO  server.BaseHttpServer (BaseHttpServer.java:updateConnectorAddress(215)) - HTTP server of OZONEMANAGER is listening at http://0.0.0.0:45499
2019-10-21 05:45:06,416 [main] INFO  impl.MetricsSystemImpl (MetricsSystemImpl.java:init(158)) - HddsDatanode metrics system started (again)
2019-10-21 05:45:06,458 [main] INFO  ozone.HddsDatanodeService (HddsDatanodeService.java:start(184)) - HddsDatanodeService host:pr-hdds-1868-qzls5-2202220713 ip:192.168.164.197
2019-10-21 05:45:06,487 [main] INFO  volume.HddsVolume (HddsVolume.java:<init>(176)) - Creating Volume: /workdir/hadoop-ozone/integration-test/target/test-dir/MiniOzoneClusterImpl-93b22bd0-c23b-4638-a463-78c5d9798a83/datanode-0/data/containers/hdds of  storage type : DISK and capacity : 1482555576320
2019-10-21 05:45:06,489 [main] INFO  volume.VolumeSet (VolumeSet.java:initializeVolumeSet(170)) - Added Volume : /workdir/hadoop-ozone/integration-test/target/test-dir/MiniOzoneClusterImpl-93b22bd0-c23b-4638-a463-78c5d9798a83/datanode-0/data/containers/hdds to VolumeSet
2019-10-21 05:45:06,491 [main] INFO  volume.ThrottledAsyncChecker (ThrottledAsyncChecker.java:schedule(141)) - Scheduling a check for /workdir/hadoop-ozone/integration-test/target/test-dir/MiniOzoneClusterImpl-93b22bd0-c23b-4638-a463-78c5d9798a83/datanode-0/data/containers/hdds
2019-10-21 05:45:06,506 [main] INFO  volume.HddsVolumeChecker (HddsVolumeChecker.java:checkAllVolumes(204)) - Scheduled health check for volume /workdir/hadoop-ozone/integration-test/target/test-dir/MiniOzoneClusterImpl-93b22bd0-c23b-4638-a463-78c5d9798a83/datanode-0/data/containers/hdds
2019-10-21 05:45:06,617 [main] INFO  impl.RaftServerProxy (ConfUtils.java:logGet(43)) - raft.rpc.type = GRPC (default)
2019-10-21 05:45:06,683 [main] INFO  grpc.GrpcFactory (GrpcFactory.java:checkPooledByteBufAllocatorUseCacheForAllThreads(45)) - PERFORMANCE WARNING: useCacheForAllThreads is true that may cause Netty to create a lot garbage objects and, as a result, trigger GC.
	It is recommended to disable useCacheForAllThreads by setting -Dorg.apache.ratis.thirdparty.io.netty.allocator.useCacheForAllThreads=false in command line.
2019-10-21 05:45:06,688 [main] INFO  grpc.GrpcConfigKeys$Server (ConfUtils.java:logGet(43)) - raft.grpc.server.port = 0 (default)
2019-10-21 05:45:06,688 [main] INFO  server.GrpcService (ConfUtils.java:logGet(43)) - raft.grpc.message.size.max = 33570816 (custom)
2019-10-21 05:45:06,690 [main] INFO  server.RaftServerConfigKeys (ConfUtils.java:logGet(43)) - raft.server.log.appender.buffer.byte-limit = 33554432 (custom)
2019-10-21 05:45:06,691 [main] INFO  server.GrpcService (ConfUtils.java:logGet(43)) - raft.grpc.flow.control.window = 1MB (=1048576) (default)
2019-10-21 05:45:06,691 [main] INFO  server.RaftServerConfigKeys (ConfUtils.java:logGet(43)) - raft.server.rpc.request.timeout = 3000ms (default)
2019-10-21 05:45:06,841 [main] INFO  server.RaftServerConfigKeys (ConfUtils.java:logGet(43)) - raft.server.storage.dir = [/workdir/hadoop-ozone/integration-test/target/test-dir/MiniOzoneClusterImpl-93b22bd0-c23b-4638-a463-78c5d9798a83/datanode-0/data/ratis] (custom)
2019-10-21 05:45:06,891 [main] INFO  hdfs.DFSUtil (DFSUtil.java:httpServerTemplateForNNAndJN(1641)) - Starting Web-server for hddsDatanode at: http://0.0.0.0:0
2019-10-21 05:45:06,892 [main] INFO  server.AuthenticationFilter (AuthenticationFilter.java:constructSecretProvider(240)) - Unable to initialize FileSignerSecretProvider, falling back to use random secrets.
2019-10-21 05:45:06,893 [main] WARN  http.HttpRequestLog (HttpRequestLog.java:getRequestLog(97)) - Jetty request log can only be enabled using Log4j
2019-10-21 05:45:06,895 [main] INFO  http.HttpServer2 (HttpServer2.java:addGlobalFilter(975)) - Added global filter 'safety' (class=org.apache.hadoop.http.HttpServer2$QuotingInputFilter)
2019-10-21 05:45:06,895 [main] INFO  http.HttpServer2 (HttpServer2.java:addFilter(948)) - Added filter static_user_filter (class=org.apache.hadoop.http.lib.StaticUserWebFilter$StaticUserFilter) to context hddsDatanode
2019-10-21 05:45:06,896 [main] INFO  http.HttpServer2 (HttpServer2.java:addFilter(958)) - Added filter static_user_filter (class=org.apache.hadoop.http.lib.StaticUserWebFilter$StaticUserFilter) to context logs
2019-10-21 05:45:06,896 [main] INFO  http.HttpServer2 (HttpServer2.java:addFilter(958)) - Added filter static_user_filter (class=org.apache.hadoop.http.lib.StaticUserWebFilter$StaticUserFilter) to context static
2019-10-21 05:45:06,897 [main] INFO  http.HttpServer2 (HttpServer2.java:bindListener(1191)) - Jetty bound to port 34230
2019-10-21 05:45:06,897 [main] INFO  server.Server (Server.java:doStart(351)) - jetty-9.3.25.v20180904, build timestamp: 2018-09-04T21:11:46Z, git hash: 3ce520221d0240229c862b122d2b06c12a625732
2019-10-21 05:45:06,899 [main] INFO  handler.ContextHandler (ContextHandler.java:doStart(781)) - Started o.e.j.s.ServletContextHandler@216e0771{/logs,file:///workdir/hadoop-ozone/integration-test/target/log,AVAILABLE}
2019-10-21 05:45:06,900 [main] INFO  handler.ContextHandler (ContextHandler.java:doStart(781)) - Started o.e.j.s.ServletContextHandler@fcc6023{/static,jar:file:/home/user/.m2/repository/org/apache/hadoop/hadoop-hdds-container-service/0.5.0-SNAPSHOT/hadoop-hdds-container-service-0.5.0-SNAPSHOT.jar!/webapps/static,AVAILABLE}
2019-10-21 05:45:06,935 [main] INFO  handler.ContextHandler (ContextHandler.java:doStart(781)) - Started o.e.j.w.WebAppContext@25d93198{/,file:///tmp/jetty-0.0.0.0-34230-hddsDatanode-_-any-3829839469790235488.dir/webapp/,AVAILABLE}{/hddsDatanode}
2019-10-21 05:45:06,935 [main] INFO  server.AbstractConnector (AbstractConnector.java:doStart(278)) - Started ServerConnector@2436ea2f{HTTP/1.1,[http/1.1]}{0.0.0.0:34230}
2019-10-21 05:45:06,936 [main] INFO  server.Server (Server.java:doStart(419)) - Started @8615ms
2019-10-21 05:45:06,936 [main] WARN  impl.MetricsSystemImpl (MetricsSystemImpl.java:register(276)) - Sink prometheus already exists!
2019-10-21 05:45:06,938 [main] INFO  server.BaseHttpServer (BaseHttpServer.java:updateConnectorAddress(215)) - HTTP server of HDDSDATANODE is listening at http://0.0.0.0:34230
2019-10-21 05:45:06,939 [main] INFO  impl.MetricsSystemImpl (MetricsSystemImpl.java:init(158)) - HddsDatanode metrics system started (again)
2019-10-21 05:45:06,942 [main] INFO  ozone.HddsDatanodeService (HddsDatanodeService.java:start(184)) - HddsDatanodeService host:pr-hdds-1868-qzls5-2202220713 ip:192.168.164.197
2019-10-21 05:45:06,945 [org.apache.hadoop.util.JvmPauseMonitor$Monitor@689e76fc] INFO  util.JvmPauseMonitor (JvmPauseMonitor.java:run(188)) - Starting JVM pause monitor
2019-10-21 05:45:06,951 [main] INFO  volume.HddsVolume (HddsVolume.java:<init>(176)) - Creating Volume: /workdir/hadoop-ozone/integration-test/target/test-dir/MiniOzoneClusterImpl-93b22bd0-c23b-4638-a463-78c5d9798a83/datanode-1/data/containers/hdds of  storage type : DISK and capacity : 1482555576320
2019-10-21 05:45:06,952 [main] INFO  volume.VolumeSet (VolumeSet.java:initializeVolumeSet(170)) - Added Volume : /workdir/hadoop-ozone/integration-test/target/test-dir/MiniOzoneClusterImpl-93b22bd0-c23b-4638-a463-78c5d9798a83/datanode-1/data/containers/hdds to VolumeSet
2019-10-21 05:45:06,952 [main] INFO  volume.ThrottledAsyncChecker (ThrottledAsyncChecker.java:schedule(141)) - Scheduling a check for /workdir/hadoop-ozone/integration-test/target/test-dir/MiniOzoneClusterImpl-93b22bd0-c23b-4638-a463-78c5d9798a83/datanode-1/data/containers/hdds
2019-10-21 05:45:06,953 [main] INFO  volume.HddsVolumeChecker (HddsVolumeChecker.java:checkAllVolumes(204)) - Scheduled health check for volume /workdir/hadoop-ozone/integration-test/target/test-dir/MiniOzoneClusterImpl-93b22bd0-c23b-4638-a463-78c5d9798a83/datanode-1/data/containers/hdds
2019-10-21 05:45:06,968 [main] INFO  impl.RaftServerProxy (ConfUtils.java:logGet(43)) - raft.rpc.type = GRPC (default)
2019-10-21 05:45:06,968 [main] INFO  grpc.GrpcFactory (GrpcFactory.java:checkPooledByteBufAllocatorUseCacheForAllThreads(45)) - PERFORMANCE WARNING: useCacheForAllThreads is true that may cause Netty to create a lot garbage objects and, as a result, trigger GC.
	It is recommended to disable useCacheForAllThreads by setting -Dorg.apache.ratis.thirdparty.io.netty.allocator.useCacheForAllThreads=false in command line.
2019-10-21 05:45:06,969 [main] INFO  grpc.GrpcConfigKeys$Server (ConfUtils.java:logGet(43)) - raft.grpc.server.port = 0 (default)
2019-10-21 05:45:06,969 [main] INFO  server.GrpcService (ConfUtils.java:logGet(43)) - raft.grpc.message.size.max = 33570816 (custom)
2019-10-21 05:45:06,969 [main] INFO  server.RaftServerConfigKeys (ConfUtils.java:logGet(43)) - raft.server.log.appender.buffer.byte-limit = 33554432 (custom)
2019-10-21 05:45:06,969 [main] INFO  server.GrpcService (ConfUtils.java:logGet(43)) - raft.grpc.flow.control.window = 1MB (=1048576) (default)
2019-10-21 05:45:06,970 [main] INFO  server.RaftServerConfigKeys (ConfUtils.java:logGet(43)) - raft.server.rpc.request.timeout = 3000ms (default)
2019-10-21 05:45:06,970 [main] INFO  server.RaftServerConfigKeys (ConfUtils.java:logGet(43)) - raft.server.storage.dir = [/workdir/hadoop-ozone/integration-test/target/test-dir/MiniOzoneClusterImpl-93b22bd0-c23b-4638-a463-78c5d9798a83/datanode-1/data/ratis] (custom)
2019-10-21 05:45:06,973 [main] INFO  hdfs.DFSUtil (DFSUtil.java:httpServerTemplateForNNAndJN(1641)) - Starting Web-server for hddsDatanode at: http://0.0.0.0:0
2019-10-21 05:45:06,976 [main] INFO  server.AuthenticationFilter (AuthenticationFilter.java:constructSecretProvider(240)) - Unable to initialize FileSignerSecretProvider, falling back to use random secrets.
2019-10-21 05:45:06,977 [main] WARN  http.HttpRequestLog (HttpRequestLog.java:getRequestLog(97)) - Jetty request log can only be enabled using Log4j
2019-10-21 05:45:06,980 [main] INFO  http.HttpServer2 (HttpServer2.java:addGlobalFilter(975)) - Added global filter 'safety' (class=org.apache.hadoop.http.HttpServer2$QuotingInputFilter)
2019-10-21 05:45:06,981 [main] INFO  http.HttpServer2 (HttpServer2.java:addFilter(948)) - Added filter static_user_filter (class=org.apache.hadoop.http.lib.StaticUserWebFilter$StaticUserFilter) to context hddsDatanode
2019-10-21 05:45:06,982 [main] INFO  http.HttpServer2 (HttpServer2.java:addFilter(958)) - Added filter static_user_filter (class=org.apache.hadoop.http.lib.StaticUserWebFilter$StaticUserFilter) to context logs
2019-10-21 05:45:06,982 [main] INFO  http.HttpServer2 (HttpServer2.java:addFilter(958)) - Added filter static_user_filter (class=org.apache.hadoop.http.lib.StaticUserWebFilter$StaticUserFilter) to context static
2019-10-21 05:45:06,984 [main] INFO  http.HttpServer2 (HttpServer2.java:bindListener(1191)) - Jetty bound to port 36596
2019-10-21 05:45:06,984 [main] INFO  server.Server (Server.java:doStart(351)) - jetty-9.3.25.v20180904, build timestamp: 2018-09-04T21:11:46Z, git hash: 3ce520221d0240229c862b122d2b06c12a625732
2019-10-21 05:45:06,988 [main] INFO  handler.ContextHandler (ContextHandler.java:doStart(781)) - Started o.e.j.s.ServletContextHandler@38bb9d7a{/logs,file:///workdir/hadoop-ozone/integration-test/target/log,AVAILABLE}
2019-10-21 05:45:06,989 [main] INFO  handler.ContextHandler (ContextHandler.java:doStart(781)) - Started o.e.j.s.ServletContextHandler@78d6447a{/static,jar:file:/home/user/.m2/repository/org/apache/hadoop/hadoop-hdds-container-service/0.5.0-SNAPSHOT/hadoop-hdds-container-service-0.5.0-SNAPSHOT.jar!/webapps/static,AVAILABLE}
2019-10-21 05:45:07,036 [Datanode State Machine Thread - 0] INFO  datanode.InitDatanodeState (InitDatanodeState.java:persistContainerDatanodeDetails(140)) - DatanodeDetails is persisted to /workdir/hadoop-ozone/integration-test/target/test-dir/MiniOzoneClusterImpl-93b22bd0-c23b-4638-a463-78c5d9798a83/datanode-0/meta/datanode.id
2019-10-21 05:45:07,042 [main] INFO  handler.ContextHandler (ContextHandler.java:doStart(781)) - Started o.e.j.w.WebAppContext@2f37f1f9{/,file:///tmp/jetty-0.0.0.0-36596-hddsDatanode-_-any-2321642054532199110.dir/webapp/,AVAILABLE}{/hddsDatanode}
2019-10-21 05:45:07,043 [main] INFO  server.AbstractConnector (AbstractConnector.java:doStart(278)) - Started ServerConnector@3374b5bc{HTTP/1.1,[http/1.1]}{0.0.0.0:36596}
2019-10-21 05:45:07,044 [main] INFO  server.Server (Server.java:doStart(419)) - Started @8722ms
2019-10-21 05:45:07,044 [main] WARN  impl.MetricsSystemImpl (MetricsSystemImpl.java:register(276)) - Sink prometheus already exists!
2019-10-21 05:45:07,045 [main] INFO  server.BaseHttpServer (BaseHttpServer.java:updateConnectorAddress(215)) - HTTP server of HDDSDATANODE is listening at http://0.0.0.0:36596
2019-10-21 05:45:07,045 [main] INFO  impl.MetricsSystemImpl (MetricsSystemImpl.java:init(158)) - HddsDatanode metrics system started (again)
2019-10-21 05:45:07,049 [org.apache.hadoop.util.JvmPauseMonitor$Monitor@c6e149] INFO  util.JvmPauseMonitor (JvmPauseMonitor.java:run(188)) - Starting JVM pause monitor
2019-10-21 05:45:07,049 [main] INFO  ozone.HddsDatanodeService (HddsDatanodeService.java:start(184)) - HddsDatanodeService host:pr-hdds-1868-qzls5-2202220713 ip:192.168.164.197
2019-10-21 05:45:07,055 [Datanode State Machine Thread - 0] INFO  datanode.InitDatanodeState (InitDatanodeState.java:persistContainerDatanodeDetails(140)) - DatanodeDetails is persisted to /workdir/hadoop-ozone/integration-test/target/test-dir/MiniOzoneClusterImpl-93b22bd0-c23b-4638-a463-78c5d9798a83/datanode-1/meta/datanode.id
2019-10-21 05:45:07,060 [main] INFO  volume.HddsVolume (HddsVolume.java:<init>(176)) - Creating Volume: /workdir/hadoop-ozone/integration-test/target/test-dir/MiniOzoneClusterImpl-93b22bd0-c23b-4638-a463-78c5d9798a83/datanode-2/data/containers/hdds of  storage type : DISK and capacity : 1482555576320
2019-10-21 05:45:07,060 [main] INFO  volume.VolumeSet (VolumeSet.java:initializeVolumeSet(170)) - Added Volume : /workdir/hadoop-ozone/integration-test/target/test-dir/MiniOzoneClusterImpl-93b22bd0-c23b-4638-a463-78c5d9798a83/datanode-2/data/containers/hdds to VolumeSet
2019-10-21 05:45:07,060 [main] INFO  volume.ThrottledAsyncChecker (ThrottledAsyncChecker.java:schedule(141)) - Scheduling a check for /workdir/hadoop-ozone/integration-test/target/test-dir/MiniOzoneClusterImpl-93b22bd0-c23b-4638-a463-78c5d9798a83/datanode-2/data/containers/hdds
2019-10-21 05:45:07,061 [main] INFO  volume.HddsVolumeChecker (HddsVolumeChecker.java:checkAllVolumes(204)) - Scheduled health check for volume /workdir/hadoop-ozone/integration-test/target/test-dir/MiniOzoneClusterImpl-93b22bd0-c23b-4638-a463-78c5d9798a83/datanode-2/data/containers/hdds
2019-10-21 05:45:07,078 [main] INFO  impl.RaftServerProxy (ConfUtils.java:logGet(43)) - raft.rpc.type = GRPC (default)
2019-10-21 05:45:07,078 [main] INFO  grpc.GrpcFactory (GrpcFactory.java:checkPooledByteBufAllocatorUseCacheForAllThreads(45)) - PERFORMANCE WARNING: useCacheForAllThreads is true that may cause Netty to create a lot garbage objects and, as a result, trigger GC.
	It is recommended to disable useCacheForAllThreads by setting -Dorg.apache.ratis.thirdparty.io.netty.allocator.useCacheForAllThreads=false in command line.
2019-10-21 05:45:07,078 [main] INFO  grpc.GrpcConfigKeys$Server (ConfUtils.java:logGet(43)) - raft.grpc.server.port = 0 (default)
2019-10-21 05:45:07,078 [main] INFO  server.GrpcService (ConfUtils.java:logGet(43)) - raft.grpc.message.size.max = 33570816 (custom)
2019-10-21 05:45:07,079 [main] INFO  server.RaftServerConfigKeys (ConfUtils.java:logGet(43)) - raft.server.log.appender.buffer.byte-limit = 33554432 (custom)
2019-10-21 05:45:07,079 [main] INFO  server.GrpcService (ConfUtils.java:logGet(43)) - raft.grpc.flow.control.window = 1MB (=1048576) (default)
2019-10-21 05:45:07,079 [main] INFO  server.RaftServerConfigKeys (ConfUtils.java:logGet(43)) - raft.server.rpc.request.timeout = 3000ms (default)
2019-10-21 05:45:07,080 [main] INFO  server.RaftServerConfigKeys (ConfUtils.java:logGet(43)) - raft.server.storage.dir = [/workdir/hadoop-ozone/integration-test/target/test-dir/MiniOzoneClusterImpl-93b22bd0-c23b-4638-a463-78c5d9798a83/datanode-2/data/ratis] (custom)
2019-10-21 05:45:07,082 [main] INFO  hdfs.DFSUtil (DFSUtil.java:httpServerTemplateForNNAndJN(1641)) - Starting Web-server for hddsDatanode at: http://0.0.0.0:0
2019-10-21 05:45:07,084 [main] INFO  server.AuthenticationFilter (AuthenticationFilter.java:constructSecretProvider(240)) - Unable to initialize FileSignerSecretProvider, falling back to use random secrets.
2019-10-21 05:45:07,085 [main] WARN  http.HttpRequestLog (HttpRequestLog.java:getRequestLog(97)) - Jetty request log can only be enabled using Log4j
2019-10-21 05:45:07,088 [main] INFO  http.HttpServer2 (HttpServer2.java:addGlobalFilter(975)) - Added global filter 'safety' (class=org.apache.hadoop.http.HttpServer2$QuotingInputFilter)
2019-10-21 05:45:07,089 [main] INFO  http.HttpServer2 (HttpServer2.java:addFilter(948)) - Added filter static_user_filter (class=org.apache.hadoop.http.lib.StaticUserWebFilter$StaticUserFilter) to context hddsDatanode
2019-10-21 05:45:07,090 [main] INFO  http.HttpServer2 (HttpServer2.java:addFilter(958)) - Added filter static_user_filter (class=org.apache.hadoop.http.lib.StaticUserWebFilter$StaticUserFilter) to context static
2019-10-21 05:45:07,090 [main] INFO  http.HttpServer2 (HttpServer2.java:addFilter(958)) - Added filter static_user_filter (class=org.apache.hadoop.http.lib.StaticUserWebFilter$StaticUserFilter) to context logs
2019-10-21 05:45:07,091 [main] INFO  http.HttpServer2 (HttpServer2.java:bindListener(1191)) - Jetty bound to port 43639
2019-10-21 05:45:07,092 [main] INFO  server.Server (Server.java:doStart(351)) - jetty-9.3.25.v20180904, build timestamp: 2018-09-04T21:11:46Z, git hash: 3ce520221d0240229c862b122d2b06c12a625732
2019-10-21 05:45:07,094 [main] INFO  handler.ContextHandler (ContextHandler.java:doStart(781)) - Started o.e.j.s.ServletContextHandler@51c959a4{/logs,file:///workdir/hadoop-ozone/integration-test/target/log,AVAILABLE}
2019-10-21 05:45:07,095 [main] INFO  handler.ContextHandler (ContextHandler.java:doStart(781)) - Started o.e.j.s.ServletContextHandler@10a0fe30{/static,jar:file:/home/user/.m2/repository/org/apache/hadoop/hadoop-hdds-container-service/0.5.0-SNAPSHOT/hadoop-hdds-container-service-0.5.0-SNAPSHOT.jar!/webapps/static,AVAILABLE}
2019-10-21 05:45:07,140 [main] INFO  handler.ContextHandler (ContextHandler.java:doStart(781)) - Started o.e.j.w.WebAppContext@63c12e52{/,file:///tmp/jetty-0.0.0.0-43639-hddsDatanode-_-any-6150854866525967617.dir/webapp/,AVAILABLE}{/hddsDatanode}
2019-10-21 05:45:07,142 [main] INFO  server.AbstractConnector (AbstractConnector.java:doStart(278)) - Started ServerConnector@21bd20ee{HTTP/1.1,[http/1.1]}{0.0.0.0:43639}
2019-10-21 05:45:07,142 [main] INFO  server.Server (Server.java:doStart(419)) - Started @8820ms
2019-10-21 05:45:07,142 [main] WARN  impl.MetricsSystemImpl (MetricsSystemImpl.java:register(276)) - Sink prometheus already exists!
2019-10-21 05:45:07,143 [main] INFO  server.BaseHttpServer (BaseHttpServer.java:updateConnectorAddress(215)) - HTTP server of HDDSDATANODE is listening at http://0.0.0.0:43639
2019-10-21 05:45:07,145 [main] INFO  ozone.MiniOzoneClusterImpl (MiniOzoneClusterImpl.java:lambda$waitForClusterToBeReady$2(170)) - Waiting for cluster to be ready. Got 0 of 3 DN Heartbeats.
2019-10-21 05:45:07,146 [org.apache.hadoop.util.JvmPauseMonitor$Monitor@45872047] INFO  util.JvmPauseMonitor (JvmPauseMonitor.java:run(188)) - Starting JVM pause monitor
2019-10-21 05:45:07,149 [Datanode State Machine Thread - 0] INFO  datanode.InitDatanodeState (InitDatanodeState.java:persistContainerDatanodeDetails(140)) - DatanodeDetails is persisted to /workdir/hadoop-ozone/integration-test/target/test-dir/MiniOzoneClusterImpl-93b22bd0-c23b-4638-a463-78c5d9798a83/datanode-2/meta/datanode.id
2019-10-21 05:45:08,146 [main] INFO  ozone.MiniOzoneClusterImpl (MiniOzoneClusterImpl.java:lambda$waitForClusterToBeReady$2(170)) - Waiting for cluster to be ready. Got 0 of 3 DN Heartbeats.
2019-10-21 05:45:09,035 [Datanode State Machine Thread - 0] INFO  ozoneimpl.OzoneContainer (OzoneContainer.java:start(213)) - Attempting to start container services.
2019-10-21 05:45:09,037 [Datanode State Machine Thread - 0] INFO  ozoneimpl.OzoneContainer (OzoneContainer.java:startContainerScrub(177)) - Background container scanner has been disabled.
2019-10-21 05:45:09,038 [Datanode State Machine Thread - 0] INFO  ratis.XceiverServerRatis (XceiverServerRatis.java:start(424)) - Starting XceiverServerRatis aa5bd0f1-07e3-41cb-85b2-7024559f4a76 at port 0
2019-10-21 05:45:09,056 [Datanode State Machine Thread - 0] INFO  ozoneimpl.OzoneContainer (OzoneContainer.java:start(213)) - Attempting to start container services.
2019-10-21 05:45:09,060 [Datanode State Machine Thread - 0] INFO  ozoneimpl.OzoneContainer (OzoneContainer.java:startContainerScrub(177)) - Background container scanner has been disabled.
2019-10-21 05:45:09,059 [Datanode State Machine Thread - 0] INFO  impl.RaftServerProxy (RaftServerProxy.java:lambda$start$3(299)) - aa5bd0f1-07e3-41cb-85b2-7024559f4a76: start RPC server
2019-10-21 05:45:09,060 [Datanode State Machine Thread - 0] INFO  ratis.XceiverServerRatis (XceiverServerRatis.java:start(424)) - Starting XceiverServerRatis 4362eed3-8353-45aa-882f-c271ffff083f at port 0
2019-10-21 05:45:09,067 [Datanode State Machine Thread - 0] INFO  impl.RaftServerProxy (RaftServerProxy.java:lambda$start$3(299)) - 4362eed3-8353-45aa-882f-c271ffff083f: start RPC server
2019-10-21 05:45:09,147 [main] INFO  ozone.MiniOzoneClusterImpl (MiniOzoneClusterImpl.java:lambda$waitForClusterToBeReady$2(170)) - Waiting for cluster to be ready. Got 0 of 3 DN Heartbeats.
2019-10-21 05:45:09,158 [Datanode State Machine Thread - 0] INFO  ozoneimpl.OzoneContainer (OzoneContainer.java:start(213)) - Attempting to start container services.
2019-10-21 05:45:09,159 [Datanode State Machine Thread - 0] INFO  ozoneimpl.OzoneContainer (OzoneContainer.java:startContainerScrub(177)) - Background container scanner has been disabled.
2019-10-21 05:45:09,159 [Datanode State Machine Thread - 0] INFO  ratis.XceiverServerRatis (XceiverServerRatis.java:start(424)) - Starting XceiverServerRatis 8c8f7b37-153b-4e35-963f-11e686a392f9 at port 0
2019-10-21 05:45:09,170 [Datanode State Machine Thread - 0] INFO  impl.RaftServerProxy (RaftServerProxy.java:lambda$start$3(299)) - 8c8f7b37-153b-4e35-963f-11e686a392f9: start RPC server
2019-10-21 05:45:09,177 [Datanode State Machine Thread - 0] INFO  server.GrpcService (GrpcService.java:startImpl(158)) - 4362eed3-8353-45aa-882f-c271ffff083f: GrpcService started, listening on 0.0.0.0/0.0.0.0:46068
2019-10-21 05:45:09,177 [Datanode State Machine Thread - 0] INFO  server.GrpcService (GrpcService.java:startImpl(158)) - 8c8f7b37-153b-4e35-963f-11e686a392f9: GrpcService started, listening on 0.0.0.0/0.0.0.0:45513
2019-10-21 05:45:09,177 [Datanode State Machine Thread - 0] INFO  server.GrpcService (GrpcService.java:startImpl(158)) - aa5bd0f1-07e3-41cb-85b2-7024559f4a76: GrpcService started, listening on 0.0.0.0/0.0.0.0:46790
2019-10-21 05:45:09,178 [Datanode State Machine Thread - 0] INFO  ratis.XceiverServerRatis (XceiverServerRatis.java:start(434)) - XceiverServerRatis 8c8f7b37-153b-4e35-963f-11e686a392f9 is started using port 45513
2019-10-21 05:45:09,178 [Datanode State Machine Thread - 0] INFO  ratis.XceiverServerRatis (XceiverServerRatis.java:start(434)) - XceiverServerRatis 4362eed3-8353-45aa-882f-c271ffff083f is started using port 46068
2019-10-21 05:45:09,178 [Datanode State Machine Thread - 0] INFO  ratis.XceiverServerRatis (XceiverServerRatis.java:start(434)) - XceiverServerRatis aa5bd0f1-07e3-41cb-85b2-7024559f4a76 is started using port 46790
2019-10-21 05:45:09,183 [Datanode State Machine Thread - 0] INFO  server.XceiverServerGrpc (XceiverServerGrpc.java:start(149)) - XceiverServerGrpc 4362eed3-8353-45aa-882f-c271ffff083f is started using port 35651
2019-10-21 05:45:09,184 [Datanode State Machine Thread - 0] INFO  server.XceiverServerGrpc (XceiverServerGrpc.java:start(149)) - XceiverServerGrpc 8c8f7b37-153b-4e35-963f-11e686a392f9 is started using port 35950
2019-10-21 05:45:09,183 [Datanode State Machine Thread - 0] INFO  server.XceiverServerGrpc (XceiverServerGrpc.java:start(149)) - XceiverServerGrpc aa5bd0f1-07e3-41cb-85b2-7024559f4a76 is started using port 40554
2019-10-21 05:45:10,148 [main] INFO  ozone.MiniOzoneClusterImpl (MiniOzoneClusterImpl.java:lambda$waitForClusterToBeReady$2(170)) - Waiting for cluster to be ready. Got 0 of 3 DN Heartbeats.
2019-10-21 05:45:10,984 [IPC Server handler 0 on 46164] INFO  net.NetworkTopology (NetworkTopologyImpl.java:add(111)) - Added a new node: /default-rack/aa5bd0f1-07e3-41cb-85b2-7024559f4a76
2019-10-21 05:45:10,985 [IPC Server handler 0 on 46164] INFO  node.SCMNodeManager (SCMNodeManager.java:register(268)) - Registered Data node : aa5bd0f1-07e3-41cb-85b2-7024559f4a76{ip: 192.168.164.197, host: pr-hdds-1868-qzls5-2202220713, networkLocation: /default-rack, certSerialId: null}
2019-10-21 05:45:10,987 [EventQueue-NodeRegistrationContainerReportForDataNodeSafeModeRule] INFO  safemode.SCMSafeModeManager (DataNodeSafeModeRule.java:process(71)) - SCM in safe mode. 1 DataNodes registered, 1 required.
2019-10-21 05:45:10,988 [EventQueue-NodeRegistrationContainerReportForDataNodeSafeModeRule] INFO  safemode.SCMSafeModeManager (SCMSafeModeManager.java:validateSafeModeExitRules(177)) - ScmSafeModeManager, all rules are successfully validated
2019-10-21 05:45:10,988 [EventQueue-NodeRegistrationContainerReportForDataNodeSafeModeRule] INFO  safemode.SCMSafeModeManager (SCMSafeModeManager.java:exitSafeMode(193)) - SCM exiting safe mode.
2019-10-21 05:45:11,053 [IPC Server handler 3 on 46164] INFO  net.NetworkTopology (NetworkTopologyImpl.java:add(111)) - Added a new node: /default-rack/4362eed3-8353-45aa-882f-c271ffff083f
2019-10-21 05:45:11,054 [IPC Server handler 3 on 46164] INFO  node.SCMNodeManager (SCMNodeManager.java:register(268)) - Registered Data node : 4362eed3-8353-45aa-882f-c271ffff083f{ip: 192.168.164.197, host: pr-hdds-1868-qzls5-2202220713, networkLocation: /default-rack, certSerialId: null}
2019-10-21 05:45:11,149 [IPC Server handler 6 on 46164] INFO  net.NetworkTopology (NetworkTopologyImpl.java:add(111)) - Added a new node: /default-rack/8c8f7b37-153b-4e35-963f-11e686a392f9
2019-10-21 05:45:11,149 [IPC Server handler 6 on 46164] INFO  node.SCMNodeManager (SCMNodeManager.java:register(268)) - Registered Data node : 8c8f7b37-153b-4e35-963f-11e686a392f9{ip: 192.168.164.197, host: pr-hdds-1868-qzls5-2202220713, networkLocation: /default-rack, certSerialId: null}
2019-10-21 05:45:11,396 [grpc-default-executor-0] INFO  impl.RaftServerProxy (RaftServerProxy.java:addNew(89)) - aa5bd0f1-07e3-41cb-85b2-7024559f4a76: addNew group-D564E79EBC64:[aa5bd0f1-07e3-41cb-85b2-7024559f4a76:192.168.164.197:46790] returns group-D564E79EBC64:java.util.concurrent.CompletableFuture@1373da17[Not completed]
2019-10-21 05:45:11,410 [pool-27-thread-1] INFO  impl.RaftServerImpl (RaftServerImpl.java:<init>(98)) - aa5bd0f1-07e3-41cb-85b2-7024559f4a76: new RaftServerImpl for group-D564E79EBC64:[aa5bd0f1-07e3-41cb-85b2-7024559f4a76:192.168.164.197:46790] with ContainerStateMachine:uninitialized
2019-10-21 05:45:11,413 [pool-27-thread-1] INFO  server.RaftServerConfigKeys (ConfUtils.java:logGet(43)) - raft.server.rpc.timeout.min = 5s (custom)
2019-10-21 05:45:11,414 [pool-27-thread-1] INFO  server.RaftServerConfigKeys (ConfUtils.java:logGet(43)) - raft.server.rpc.timeout.max = 5200ms (custom)
2019-10-21 05:45:11,414 [pool-27-thread-1] INFO  server.RaftServerConfigKeys (ConfUtils.java:logGet(43)) - raft.server.rpcslowness.timeout = 120s (custom)
2019-10-21 05:45:11,415 [pool-27-thread-1] INFO  server.RaftServerConfigKeys (ConfUtils.java:logGet(43)) - raft.server.sleep.deviation.threshold = 300 (default)
2019-10-21 05:45:11,416 [pool-27-thread-1] INFO  server.RaftServerConfigKeys (ConfUtils.java:logGet(43)) - raft.server.log.appender.install.snapshot.enabled = false (custom)
2019-10-21 05:45:11,424 [pool-27-thread-1] INFO  impl.RaftServerImpl (ServerState.java:<init>(103)) - aa5bd0f1-07e3-41cb-85b2-7024559f4a76@group-D564E79EBC64: ConfigurationManager, init=-1: [aa5bd0f1-07e3-41cb-85b2-7024559f4a76:192.168.164.197:46790], old=null, confs=<EMPTY_MAP>
2019-10-21 05:45:11,424 [pool-27-thread-1] INFO  server.RaftServerConfigKeys (ConfUtils.java:logGet(43)) - raft.server.storage.dir = [/workdir/hadoop-ozone/integration-test/target/test-dir/MiniOzoneClusterImpl-93b22bd0-c23b-4638-a463-78c5d9798a83/datanode-0/data/ratis] (custom)
2019-10-21 05:45:11,429 [pool-27-thread-1] INFO  server.RaftServerConfigKeys (ConfUtils.java:logGet(43)) - raft.server.log.corruption.policy = EXCEPTION (default)
2019-10-21 05:45:11,431 [pool-27-thread-1] INFO  storage.RaftStorageDirectory (RaftStorageDirectory.java:analyzeStorage(246)) - The storage directory /workdir/hadoop-ozone/integration-test/target/test-dir/MiniOzoneClusterImpl-93b22bd0-c23b-4638-a463-78c5d9798a83/datanode-0/data/ratis/d59ba5d1-829b-4514-9a64-d564e79ebc64 does not exist. Creating ...
2019-10-21 05:45:11,456 [pool-27-thread-1] INFO  storage.RaftStorageDirectory (RaftStorageDirectory.java:tryLock(328)) - Lock on /workdir/hadoop-ozone/integration-test/target/test-dir/MiniOzoneClusterImpl-93b22bd0-c23b-4638-a463-78c5d9798a83/datanode-0/data/ratis/d59ba5d1-829b-4514-9a64-d564e79ebc64/in_use.lock acquired by nodename 29793@pr-hdds-1868-qzls5-2202220713
2019-10-21 05:45:11,467 [pool-27-thread-1] INFO  storage.RaftStorage (RaftStorage.java:format(84)) - Storage directory /workdir/hadoop-ozone/integration-test/target/test-dir/MiniOzoneClusterImpl-93b22bd0-c23b-4638-a463-78c5d9798a83/datanode-0/data/ratis/d59ba5d1-829b-4514-9a64-d564e79ebc64 has been successfully formatted.
2019-10-21 05:45:11,469 [pool-27-thread-1] INFO  ratis.ContainerStateMachine (ContainerStateMachine.java:loadSnapshot(233)) - group-D564E79EBC64: The snapshot info is null. Setting the last applied indexto:(t:0, i:~)
2019-10-21 05:45:11,469 [pool-27-thread-1] INFO  server.RaftServerConfigKeys (ConfUtils.java:logGet(43)) - raft.server.notification.no-leader.timeout = 120s (custom)
2019-10-21 05:45:11,471 [pool-27-thread-1] INFO  server.RaftServerConfigKeys (ConfUtils.java:logGet(43)) - raft.server.log.use.memory = false (default)
2019-10-21 05:45:11,475 [pool-27-thread-1] INFO  server.RaftServerConfigKeys (ConfUtils.java:logGet(43)) - raft.server.log.purge.gap = 1000000 (custom)
2019-10-21 05:45:11,475 [pool-27-thread-1] INFO  server.RaftServerConfigKeys (ConfUtils.java:logGet(43)) - raft.server.log.appender.buffer.byte-limit = 33554432 (custom)
2019-10-21 05:45:11,477 [pool-27-thread-1] INFO  server.RaftServerConfigKeys (ConfUtils.java:logGet(43)) - raft.server.log.segment.size.max = 1048576 (custom)
2019-10-21 05:45:11,481 [pool-27-thread-1] INFO  metrics.MetricRegistries (MetricRegistriesLoader.java:load(64)) - Loaded MetricRegistries class org.apache.ratis.metrics.impl.MetricRegistriesImpl
2019-10-21 05:45:11,484 [pool-27-thread-1] WARN  impl.MetricRegistriesImpl (MetricRegistriesImpl.java:lambda$create$1(61)) - First MetricRegistry has been created without registering reporters. You may need to call MetricRegistries.global().addReportRegistration(...) before.
2019-10-21 05:45:11,488 [pool-27-thread-1] INFO  server.RaftServerConfigKeys (ConfUtils.java:logGet(43)) - raft.server.log.segment.cache.num.max = 2 (custom)
2019-10-21 05:45:11,493 [pool-27-thread-1] INFO  segmented.SegmentedRaftLogWorker (SegmentedRaftLogWorker.java:<init>(173)) - new aa5bd0f1-07e3-41cb-85b2-7024559f4a76@group-D564E79EBC64-SegmentedRaftLogWorker for RaftStorage:Storage Directory /workdir/hadoop-ozone/integration-test/target/test-dir/MiniOzoneClusterImpl-93b22bd0-c23b-4638-a463-78c5d9798a83/datanode-0/data/ratis/d59ba5d1-829b-4514-9a64-d564e79ebc64
2019-10-21 05:45:11,493 [pool-27-thread-1] INFO  server.RaftServerConfigKeys (ConfUtils.java:logGet(43)) - raft.server.log.queue.byte-limit = 2147483647 (custom)
2019-10-21 05:45:11,494 [pool-27-thread-1] INFO  server.RaftServerConfigKeys (ConfUtils.java:logGet(43)) - raft.server.log.queue.element-limit = 1024 (custom)
2019-10-21 05:45:11,495 [pool-27-thread-1] INFO  server.RaftServerConfigKeys (ConfUtils.java:logGet(43)) - raft.server.log.segment.size.max = 1048576 (custom)
2019-10-21 05:45:11,495 [pool-27-thread-1] INFO  server.RaftServerConfigKeys (ConfUtils.java:logGet(43)) - raft.server.log.preallocated.size = 16384 (custom)
2019-10-21 05:45:11,495 [pool-27-thread-1] INFO  server.RaftServerConfigKeys (ConfUtils.java:logGet(43)) - raft.server.log.write.buffer.size = 33554432 (custom)
2019-10-21 05:45:11,496 [pool-27-thread-1] INFO  server.RaftServerConfigKeys (ConfUtils.java:logGet(43)) - raft.server.log.force.sync.num = 128 (default)
2019-10-21 05:45:11,497 [pool-27-thread-1] INFO  server.RaftServerConfigKeys (ConfUtils.java:logGet(43)) - raft.server.log.statemachine.data.sync = true (default)
2019-10-21 05:45:11,497 [pool-27-thread-1] INFO  server.RaftServerConfigKeys (ConfUtils.java:logGet(43)) - raft.server.log.statemachine.data.sync.timeout = 10s (default)
2019-10-21 05:45:11,497 [pool-27-thread-1] INFO  server.RaftServerConfigKeys (ConfUtils.java:logGet(43)) - raft.server.log.statemachine.data.sync.timeout.retry = -1 (default)
2019-10-21 05:45:11,505 [pool-27-thread-1] INFO  server.RaftServerConfigKeys (ConfUtils.java:logGet(43)) - raft.server.log.statemachine.data.caching.enabled = true (custom)
2019-10-21 05:45:11,509 [pool-27-thread-1] INFO  segmented.SegmentedRaftLogWorker (SegmentedRaftLogWorker.java:lambda$new$0(128)) - aa5bd0f1-07e3-41cb-85b2-7024559f4a76@group-D564E79EBC64-SegmentedRaftLogWorker: flushIndex: setUnconditionally 0 -> -1
2019-10-21 05:45:11,513 [pool-27-thread-1] INFO  server.RaftServerConfigKeys (ConfUtils.java:logGet(43)) - raft.server.snapshot.auto.trigger.enabled = true (custom)
2019-10-21 05:45:11,513 [pool-27-thread-1] INFO  server.RaftServerConfigKeys (ConfUtils.java:logGet(43)) - raft.server.snapshot.auto.trigger.threshold = 10000 (custom)
2019-10-21 05:45:11,514 [pool-27-thread-1] INFO  server.RaftServerConfigKeys (ConfUtils.java:logGet(43)) - raft.server.snapshot.retention.file.num = 5 (custom)
2019-10-21 05:45:11,514 [pool-27-thread-1] INFO  server.RaftServerConfigKeys (ConfUtils.java:logGet(43)) - raft.server.retrycache.expirytime = 600000ms (custom)
2019-10-21 05:45:11,530 [pool-27-thread-1] WARN  impl.MetricRegistriesImpl (MetricRegistriesImpl.java:lambda$create$1(61)) - First MetricRegistry has been created without registering reporters. You may need to call MetricRegistries.global().addReportRegistration(...) before.
2019-10-21 05:45:11,532 [pool-27-thread-1] WARN  impl.MetricRegistriesImpl (MetricRegistriesImpl.java:lambda$create$1(61)) - First MetricRegistry has been created without registering reporters. You may need to call MetricRegistries.global().addReportRegistration(...) before.
2019-10-21 05:45:11,533 [pool-27-thread-1] INFO  impl.RaftServerImpl (RaftServerImpl.java:start(184)) - aa5bd0f1-07e3-41cb-85b2-7024559f4a76@group-D564E79EBC64: start as a follower, conf=-1: [aa5bd0f1-07e3-41cb-85b2-7024559f4a76:192.168.164.197:46790], old=null
2019-10-21 05:45:11,534 [pool-27-thread-1] INFO  impl.RaftServerImpl (RaftServerImpl.java:setRole(173)) - aa5bd0f1-07e3-41cb-85b2-7024559f4a76@group-D564E79EBC64: changes role from      null to FOLLOWER at term 0 for startAsFollower
2019-10-21 05:45:11,535 [pool-27-thread-1] INFO  impl.RoleInfo (RoleInfo.java:updateAndGet(143)) - aa5bd0f1-07e3-41cb-85b2-7024559f4a76: start FollowerState
2019-10-21 05:45:11,537 [pool-27-thread-1] INFO  util.JmxRegister (JmxRegister.java:tryRegister(44)) - Successfully registered JMX Bean with object name Ratis:service=RaftServer,group=group-D564E79EBC64,id=aa5bd0f1-07e3-41cb-85b2-7024559f4a76
2019-10-21 05:45:11,538 [pool-27-thread-1] WARN  impl.MetricRegistriesImpl (MetricRegistriesImpl.java:lambda$create$1(61)) - First MetricRegistry has been created without registering reporters. You may need to call MetricRegistries.global().addReportRegistration(...) before.
2019-10-21 05:45:11,591 [RatisPipelineUtilsThread] INFO  pipeline.PipelineStateManager (PipelineStateManager.java:addPipeline(55)) - Created pipeline Pipeline[ Id: d59ba5d1-829b-4514-9a64-d564e79ebc64, Nodes: aa5bd0f1-07e3-41cb-85b2-7024559f4a76{ip: 192.168.164.197, host: pr-hdds-1868-qzls5-2202220713, networkLocation: /default-rack, certSerialId: null}, Type:RATIS, Factor:ONE, State:ALLOCATED]
2019-10-21 05:45:11,604 [grpc-default-executor-0] INFO  impl.RaftServerProxy (RaftServerProxy.java:addNew(89)) - 8c8f7b37-153b-4e35-963f-11e686a392f9: addNew group-FFA65E3449BD:[8c8f7b37-153b-4e35-963f-11e686a392f9:192.168.164.197:45513] returns group-FFA65E3449BD:java.util.concurrent.CompletableFuture@6bdc9921[Not completed]
2019-10-21 05:45:11,621 [pool-47-thread-1] INFO  impl.RaftServerImpl (RaftServerImpl.java:<init>(98)) - 8c8f7b37-153b-4e35-963f-11e686a392f9: new RaftServerImpl for group-FFA65E3449BD:[8c8f7b37-153b-4e35-963f-11e686a392f9:192.168.164.197:45513] with ContainerStateMachine:uninitialized
2019-10-21 05:45:11,622 [pool-47-thread-1] INFO  server.RaftServerConfigKeys (ConfUtils.java:logGet(43)) - raft.server.rpc.timeout.min = 5s (custom)
2019-10-21 05:45:11,623 [pool-47-thread-1] INFO  server.RaftServerConfigKeys (ConfUtils.java:logGet(43)) - raft.server.rpc.timeout.max = 5200ms (custom)
2019-10-21 05:45:11,623 [pool-47-thread-1] INFO  server.RaftServerConfigKeys (ConfUtils.java:logGet(43)) - raft.server.rpcslowness.timeout = 120s (custom)
2019-10-21 05:45:11,623 [pool-47-thread-1] INFO  server.RaftServerConfigKeys (ConfUtils.java:logGet(43)) - raft.server.sleep.deviation.threshold = 300 (default)
2019-10-21 05:45:11,623 [pool-47-thread-1] INFO  server.RaftServerConfigKeys (ConfUtils.java:logGet(43)) - raft.server.log.appender.install.snapshot.enabled = false (custom)
2019-10-21 05:45:11,623 [pool-47-thread-1] INFO  impl.RaftServerImpl (ServerState.java:<init>(103)) - 8c8f7b37-153b-4e35-963f-11e686a392f9@group-FFA65E3449BD: ConfigurationManager, init=-1: [8c8f7b37-153b-4e35-963f-11e686a392f9:192.168.164.197:45513], old=null, confs=<EMPTY_MAP>
2019-10-21 05:45:11,624 [pool-47-thread-1] INFO  server.RaftServerConfigKeys (ConfUtils.java:logGet(43)) - raft.server.storage.dir = [/workdir/hadoop-ozone/integration-test/target/test-dir/MiniOzoneClusterImpl-93b22bd0-c23b-4638-a463-78c5d9798a83/datanode-2/data/ratis] (custom)
2019-10-21 05:45:11,624 [pool-47-thread-1] INFO  server.RaftServerConfigKeys (ConfUtils.java:logGet(43)) - raft.server.log.corruption.policy = EXCEPTION (default)
2019-10-21 05:45:11,625 [pool-47-thread-1] INFO  storage.RaftStorageDirectory (RaftStorageDirectory.java:analyzeStorage(246)) - The storage directory /workdir/hadoop-ozone/integration-test/target/test-dir/MiniOzoneClusterImpl-93b22bd0-c23b-4638-a463-78c5d9798a83/datanode-2/data/ratis/7556e521-e797-4beb-b8c5-ffa65e3449bd does not exist. Creating ...
2019-10-21 05:45:11,639 [pool-47-thread-1] INFO  storage.RaftStorageDirectory (RaftStorageDirectory.java:tryLock(328)) - Lock on /workdir/hadoop-ozone/integration-test/target/test-dir/MiniOzoneClusterImpl-93b22bd0-c23b-4638-a463-78c5d9798a83/datanode-2/data/ratis/7556e521-e797-4beb-b8c5-ffa65e3449bd/in_use.lock acquired by nodename 29793@pr-hdds-1868-qzls5-2202220713
2019-10-21 05:45:11,652 [pool-47-thread-1] INFO  storage.RaftStorage (RaftStorage.java:format(84)) - Storage directory /workdir/hadoop-ozone/integration-test/target/test-dir/MiniOzoneClusterImpl-93b22bd0-c23b-4638-a463-78c5d9798a83/datanode-2/data/ratis/7556e521-e797-4beb-b8c5-ffa65e3449bd has been successfully formatted.
2019-10-21 05:45:11,653 [pool-47-thread-1] INFO  ratis.ContainerStateMachine (ContainerStateMachine.java:loadSnapshot(233)) - group-FFA65E3449BD: The snapshot info is null. Setting the last applied indexto:(t:0, i:~)
2019-10-21 05:45:11,654 [pool-47-thread-1] INFO  server.RaftServerConfigKeys (ConfUtils.java:logGet(43)) - raft.server.notification.no-leader.timeout = 120s (custom)
2019-10-21 05:45:11,654 [pool-47-thread-1] INFO  server.RaftServerConfigKeys (ConfUtils.java:logGet(43)) - raft.server.log.use.memory = false (default)
2019-10-21 05:45:11,654 [pool-47-thread-1] INFO  server.RaftServerConfigKeys (ConfUtils.java:logGet(43)) - raft.server.log.purge.gap = 1000000 (custom)
2019-10-21 05:45:11,654 [pool-47-thread-1] INFO  server.RaftServerConfigKeys (ConfUtils.java:logGet(43)) - raft.server.log.appender.buffer.byte-limit = 33554432 (custom)
2019-10-21 05:45:11,654 [pool-47-thread-1] INFO  server.RaftServerConfigKeys (ConfUtils.java:logGet(43)) - raft.server.log.segment.size.max = 1048576 (custom)
2019-10-21 05:45:11,655 [pool-47-thread-1] WARN  impl.MetricRegistriesImpl (MetricRegistriesImpl.java:lambda$create$1(61)) - First MetricRegistry has been created without registering reporters. You may need to call MetricRegistries.global().addReportRegistration(...) before.
2019-10-21 05:45:11,655 [pool-47-thread-1] INFO  server.RaftServerConfigKeys (ConfUtils.java:logGet(43)) - raft.server.log.segment.cache.num.max = 2 (custom)
2019-10-21 05:45:11,656 [pool-47-thread-1] INFO  segmented.SegmentedRaftLogWorker (SegmentedRaftLogWorker.java:<init>(173)) - new 8c8f7b37-153b-4e35-963f-11e686a392f9@group-FFA65E3449BD-SegmentedRaftLogWorker for RaftStorage:Storage Directory /workdir/hadoop-ozone/integration-test/target/test-dir/MiniOzoneClusterImpl-93b22bd0-c23b-4638-a463-78c5d9798a83/datanode-2/data/ratis/7556e521-e797-4beb-b8c5-ffa65e3449bd
2019-10-21 05:45:11,656 [pool-47-thread-1] INFO  server.RaftServerConfigKeys (ConfUtils.java:logGet(43)) - raft.server.log.queue.byte-limit = 2147483647 (custom)
2019-10-21 05:45:11,656 [pool-47-thread-1] INFO  server.RaftServerConfigKeys (ConfUtils.java:logGet(43)) - raft.server.log.queue.element-limit = 1024 (custom)
2019-10-21 05:45:11,657 [pool-47-thread-1] INFO  server.RaftServerConfigKeys (ConfUtils.java:logGet(43)) - raft.server.log.segment.size.max = 1048576 (custom)
2019-10-21 05:45:11,657 [pool-47-thread-1] INFO  server.RaftServerConfigKeys (ConfUtils.java:logGet(43)) - raft.server.log.preallocated.size = 16384 (custom)
2019-10-21 05:45:11,657 [pool-47-thread-1] INFO  server.RaftServerConfigKeys (ConfUtils.java:logGet(43)) - raft.server.log.write.buffer.size = 33554432 (custom)
2019-10-21 05:45:11,657 [pool-47-thread-1] INFO  server.RaftServerConfigKeys (ConfUtils.java:logGet(43)) - raft.server.log.force.sync.num = 128 (default)
2019-10-21 05:45:11,657 [pool-47-thread-1] INFO  server.RaftServerConfigKeys (ConfUtils.java:logGet(43)) - raft.server.log.statemachine.data.sync = true (default)
2019-10-21 05:45:11,658 [pool-47-thread-1] INFO  server.RaftServerConfigKeys (ConfUtils.java:logGet(43)) - raft.server.log.statemachine.data.sync.timeout = 10s (default)
2019-10-21 05:45:11,658 [pool-47-thread-1] INFO  server.RaftServerConfigKeys (ConfUtils.java:logGet(43)) - raft.server.log.statemachine.data.sync.timeout.retry = -1 (default)
2019-10-21 05:45:11,658 [pool-47-thread-1] INFO  server.RaftServerConfigKeys (ConfUtils.java:logGet(43)) - raft.server.log.statemachine.data.caching.enabled = true (custom)
2019-10-21 05:45:11,659 [pool-47-thread-1] INFO  segmented.SegmentedRaftLogWorker (SegmentedRaftLogWorker.java:lambda$new$0(128)) - 8c8f7b37-153b-4e35-963f-11e686a392f9@group-FFA65E3449BD-SegmentedRaftLogWorker: flushIndex: setUnconditionally 0 -> -1
2019-10-21 05:45:11,659 [pool-47-thread-1] INFO  server.RaftServerConfigKeys (ConfUtils.java:logGet(43)) - raft.server.snapshot.auto.trigger.enabled = true (custom)
2019-10-21 05:45:11,659 [pool-47-thread-1] INFO  server.RaftServerConfigKeys (ConfUtils.java:logGet(43)) - raft.server.snapshot.auto.trigger.threshold = 10000 (custom)
2019-10-21 05:45:11,659 [pool-47-thread-1] INFO  server.RaftServerConfigKeys (ConfUtils.java:logGet(43)) - raft.server.snapshot.retention.file.num = 5 (custom)
2019-10-21 05:45:11,659 [pool-47-thread-1] INFO  server.RaftServerConfigKeys (ConfUtils.java:logGet(43)) - raft.server.retrycache.expirytime = 600000ms (custom)
2019-10-21 05:45:11,660 [pool-47-thread-1] WARN  impl.MetricRegistriesImpl (MetricRegistriesImpl.java:lambda$create$1(61)) - First MetricRegistry has been created without registering reporters. You may need to call MetricRegistries.global().addReportRegistration(...) before.
2019-10-21 05:45:11,660 [pool-47-thread-1] WARN  impl.MetricRegistriesImpl (MetricRegistriesImpl.java:lambda$create$1(61)) - First MetricRegistry has been created without registering reporters. You may need to call MetricRegistries.global().addReportRegistration(...) before.
2019-10-21 05:45:11,660 [pool-47-thread-1] INFO  impl.RaftServerImpl (RaftServerImpl.java:start(184)) - 8c8f7b37-153b-4e35-963f-11e686a392f9@group-FFA65E3449BD: start as a follower, conf=-1: [8c8f7b37-153b-4e35-963f-11e686a392f9:192.168.164.197:45513], old=null
2019-10-21 05:45:11,660 [pool-47-thread-1] INFO  impl.RaftServerImpl (RaftServerImpl.java:setRole(173)) - 8c8f7b37-153b-4e35-963f-11e686a392f9@group-FFA65E3449BD: changes role from      null to FOLLOWER at term 0 for startAsFollower
2019-10-21 05:45:11,660 [pool-47-thread-1] INFO  impl.RoleInfo (RoleInfo.java:updateAndGet(143)) - 8c8f7b37-153b-4e35-963f-11e686a392f9: start FollowerState
2019-10-21 05:45:11,661 [pool-47-thread-1] INFO  util.JmxRegister (JmxRegister.java:tryRegister(44)) - Successfully registered JMX Bean with object name Ratis:service=RaftServer,group=group-FFA65E3449BD,id=8c8f7b37-153b-4e35-963f-11e686a392f9
2019-10-21 05:45:11,662 [pool-47-thread-1] WARN  impl.MetricRegistriesImpl (MetricRegistriesImpl.java:lambda$create$1(61)) - First MetricRegistry has been created without registering reporters. You may need to call MetricRegistries.global().addReportRegistration(...) before.
2019-10-21 05:45:11,670 [RatisPipelineUtilsThread] INFO  pipeline.PipelineStateManager (PipelineStateManager.java:addPipeline(55)) - Created pipeline Pipeline[ Id: 7556e521-e797-4beb-b8c5-ffa65e3449bd, Nodes: 8c8f7b37-153b-4e35-963f-11e686a392f9{ip: 192.168.164.197, host: pr-hdds-1868-qzls5-2202220713, networkLocation: /default-rack, certSerialId: null}, Type:RATIS, Factor:ONE, State:ALLOCATED]
2019-10-21 05:45:11,682 [grpc-default-executor-0] INFO  impl.RaftServerProxy (RaftServerProxy.java:addNew(89)) - 4362eed3-8353-45aa-882f-c271ffff083f: addNew group-F7FF4B628DBC:[4362eed3-8353-45aa-882f-c271ffff083f:192.168.164.197:46068] returns group-F7FF4B628DBC:java.util.concurrent.CompletableFuture@b432bfb[Not completed]
2019-10-21 05:45:11,693 [pool-37-thread-1] INFO  impl.RaftServerImpl (RaftServerImpl.java:<init>(98)) - 4362eed3-8353-45aa-882f-c271ffff083f: new RaftServerImpl for group-F7FF4B628DBC:[4362eed3-8353-45aa-882f-c271ffff083f:192.168.164.197:46068] with ContainerStateMachine:uninitialized
2019-10-21 05:45:11,694 [pool-37-thread-1] INFO  server.RaftServerConfigKeys (ConfUtils.java:logGet(43)) - raft.server.rpc.timeout.min = 5s (custom)
2019-10-21 05:45:11,694 [pool-37-thread-1] INFO  server.RaftServerConfigKeys (ConfUtils.java:logGet(43)) - raft.server.rpc.timeout.max = 5200ms (custom)
2019-10-21 05:45:11,694 [pool-37-thread-1] INFO  server.RaftServerConfigKeys (ConfUtils.java:logGet(43)) - raft.server.rpcslowness.timeout = 120s (custom)
2019-10-21 05:45:11,694 [pool-37-thread-1] INFO  server.RaftServerConfigKeys (ConfUtils.java:logGet(43)) - raft.server.sleep.deviation.threshold = 300 (default)
2019-10-21 05:45:11,694 [pool-37-thread-1] INFO  server.RaftServerConfigKeys (ConfUtils.java:logGet(43)) - raft.server.log.appender.install.snapshot.enabled = false (custom)
2019-10-21 05:45:11,694 [pool-37-thread-1] INFO  impl.RaftServerImpl (ServerState.java:<init>(103)) - 4362eed3-8353-45aa-882f-c271ffff083f@group-F7FF4B628DBC: ConfigurationManager, init=-1: [4362eed3-8353-45aa-882f-c271ffff083f:192.168.164.197:46068], old=null, confs=<EMPTY_MAP>
2019-10-21 05:45:11,694 [pool-37-thread-1] INFO  server.RaftServerConfigKeys (ConfUtils.java:logGet(43)) - raft.server.storage.dir = [/workdir/hadoop-ozone/integration-test/target/test-dir/MiniOzoneClusterImpl-93b22bd0-c23b-4638-a463-78c5d9798a83/datanode-1/data/ratis] (custom)
2019-10-21 05:45:11,695 [pool-37-thread-1] INFO  server.RaftServerConfigKeys (ConfUtils.java:logGet(43)) - raft.server.log.corruption.policy = EXCEPTION (default)
2019-10-21 05:45:11,695 [pool-37-thread-1] INFO  storage.RaftStorageDirectory (RaftStorageDirectory.java:analyzeStorage(246)) - The storage directory /workdir/hadoop-ozone/integration-test/target/test-dir/MiniOzoneClusterImpl-93b22bd0-c23b-4638-a463-78c5d9798a83/datanode-1/data/ratis/91a5e49f-69d1-4ad0-a58a-f7ff4b628dbc does not exist. Creating ...
2019-10-21 05:45:11,709 [pool-37-thread-1] INFO  storage.RaftStorageDirectory (RaftStorageDirectory.java:tryLock(328)) - Lock on /workdir/hadoop-ozone/integration-test/target/test-dir/MiniOzoneClusterImpl-93b22bd0-c23b-4638-a463-78c5d9798a83/datanode-1/data/ratis/91a5e49f-69d1-4ad0-a58a-f7ff4b628dbc/in_use.lock acquired by nodename 29793@pr-hdds-1868-qzls5-2202220713
2019-10-21 05:45:11,722 [pool-37-thread-1] INFO  storage.RaftStorage (RaftStorage.java:format(84)) - Storage directory /workdir/hadoop-ozone/integration-test/target/test-dir/MiniOzoneClusterImpl-93b22bd0-c23b-4638-a463-78c5d9798a83/datanode-1/data/ratis/91a5e49f-69d1-4ad0-a58a-f7ff4b628dbc has been successfully formatted.
2019-10-21 05:45:11,723 [pool-37-thread-1] INFO  ratis.ContainerStateMachine (ContainerStateMachine.java:loadSnapshot(233)) - group-F7FF4B628DBC: The snapshot info is null. Setting the last applied indexto:(t:0, i:~)
2019-10-21 05:45:11,723 [pool-37-thread-1] INFO  server.RaftServerConfigKeys (ConfUtils.java:logGet(43)) - raft.server.notification.no-leader.timeout = 120s (custom)
2019-10-21 05:45:11,723 [pool-37-thread-1] INFO  server.RaftServerConfigKeys (ConfUtils.java:logGet(43)) - raft.server.log.use.memory = false (default)
2019-10-21 05:45:11,723 [pool-37-thread-1] INFO  server.RaftServerConfigKeys (ConfUtils.java:logGet(43)) - raft.server.log.purge.gap = 1000000 (custom)
2019-10-21 05:45:11,723 [pool-37-thread-1] INFO  server.RaftServerConfigKeys (ConfUtils.java:logGet(43)) - raft.server.log.appender.buffer.byte-limit = 33554432 (custom)
2019-10-21 05:45:11,723 [pool-37-thread-1] INFO  server.RaftServerConfigKeys (ConfUtils.java:logGet(43)) - raft.server.log.segment.size.max = 1048576 (custom)
2019-10-21 05:45:11,724 [pool-37-thread-1] WARN  impl.MetricRegistriesImpl (MetricRegistriesImpl.java:lambda$create$1(61)) - First MetricRegistry has been created without registering reporters. You may need to call MetricRegistries.global().addReportRegistration(...) before.
2019-10-21 05:45:11,724 [pool-37-thread-1] INFO  server.RaftServerConfigKeys (ConfUtils.java:logGet(43)) - raft.server.log.segment.cache.num.max = 2 (custom)
2019-10-21 05:45:11,724 [pool-37-thread-1] INFO  segmented.SegmentedRaftLogWorker (SegmentedRaftLogWorker.java:<init>(173)) - new 4362eed3-8353-45aa-882f-c271ffff083f@group-F7FF4B628DBC-SegmentedRaftLogWorker for RaftStorage:Storage Directory /workdir/hadoop-ozone/integration-test/target/test-dir/MiniOzoneClusterImpl-93b22bd0-c23b-4638-a463-78c5d9798a83/datanode-1/data/ratis/91a5e49f-69d1-4ad0-a58a-f7ff4b628dbc
2019-10-21 05:45:11,724 [pool-37-thread-1] INFO  server.RaftServerConfigKeys (ConfUtils.java:logGet(43)) - raft.server.log.queue.byte-limit = 2147483647 (custom)
2019-10-21 05:45:11,724 [pool-37-thread-1] INFO  server.RaftServerConfigKeys (ConfUtils.java:logGet(43)) - raft.server.log.queue.element-limit = 1024 (custom)
2019-10-21 05:45:11,724 [pool-37-thread-1] INFO  server.RaftServerConfigKeys (ConfUtils.java:logGet(43)) - raft.server.log.segment.size.max = 1048576 (custom)
2019-10-21 05:45:11,724 [pool-37-thread-1] INFO  server.RaftServerConfigKeys (ConfUtils.java:logGet(43)) - raft.server.log.preallocated.size = 16384 (custom)
2019-10-21 05:45:11,724 [pool-37-thread-1] INFO  server.RaftServerConfigKeys (ConfUtils.java:logGet(43)) - raft.server.log.write.buffer.size = 33554432 (custom)
2019-10-21 05:45:11,725 [pool-37-thread-1] INFO  server.RaftServerConfigKeys (ConfUtils.java:logGet(43)) - raft.server.log.force.sync.num = 128 (default)
2019-10-21 05:45:11,725 [pool-37-thread-1] INFO  server.RaftServerConfigKeys (ConfUtils.java:logGet(43)) - raft.server.log.statemachine.data.sync = true (default)
2019-10-21 05:45:11,725 [pool-37-thread-1] INFO  server.RaftServerConfigKeys (ConfUtils.java:logGet(43)) - raft.server.log.statemachine.data.sync.timeout = 10s (default)
2019-10-21 05:45:11,725 [pool-37-thread-1] INFO  server.RaftServerConfigKeys (ConfUtils.java:logGet(43)) - raft.server.log.statemachine.data.sync.timeout.retry = -1 (default)
2019-10-21 05:45:11,725 [pool-37-thread-1] INFO  server.RaftServerConfigKeys (ConfUtils.java:logGet(43)) - raft.server.log.statemachine.data.caching.enabled = true (custom)
2019-10-21 05:45:11,726 [pool-37-thread-1] INFO  segmented.SegmentedRaftLogWorker (SegmentedRaftLogWorker.java:lambda$new$0(128)) - 4362eed3-8353-45aa-882f-c271ffff083f@group-F7FF4B628DBC-SegmentedRaftLogWorker: flushIndex: setUnconditionally 0 -> -1
2019-10-21 05:45:11,726 [pool-37-thread-1] INFO  server.RaftServerConfigKeys (ConfUtils.java:logGet(43)) - raft.server.snapshot.auto.trigger.enabled = true (custom)
2019-10-21 05:45:11,726 [pool-37-thread-1] INFO  server.RaftServerConfigKeys (ConfUtils.java:logGet(43)) - raft.server.snapshot.auto.trigger.threshold = 10000 (custom)
2019-10-21 05:45:11,726 [pool-37-thread-1] INFO  server.RaftServerConfigKeys (ConfUtils.java:logGet(43)) - raft.server.snapshot.retention.file.num = 5 (custom)
2019-10-21 05:45:11,726 [pool-37-thread-1] INFO  server.RaftServerConfigKeys (ConfUtils.java:logGet(43)) - raft.server.retrycache.expirytime = 600000ms (custom)
2019-10-21 05:45:11,726 [pool-37-thread-1] WARN  impl.MetricRegistriesImpl (MetricRegistriesImpl.java:lambda$create$1(61)) - First MetricRegistry has been created without registering reporters. You may need to call MetricRegistries.global().addReportRegistration(...) before.
2019-10-21 05:45:11,727 [pool-37-thread-1] WARN  impl.MetricRegistriesImpl (MetricRegistriesImpl.java:lambda$create$1(61)) - First MetricRegistry has been created without registering reporters. You may need to call MetricRegistries.global().addReportRegistration(...) before.
2019-10-21 05:45:11,727 [pool-37-thread-1] INFO  impl.RaftServerImpl (RaftServerImpl.java:start(184)) - 4362eed3-8353-45aa-882f-c271ffff083f@group-F7FF4B628DBC: start as a follower, conf=-1: [4362eed3-8353-45aa-882f-c271ffff083f:192.168.164.197:46068], old=null
2019-10-21 05:45:11,727 [pool-37-thread-1] INFO  impl.RaftServerImpl (RaftServerImpl.java:setRole(173)) - 4362eed3-8353-45aa-882f-c271ffff083f@group-F7FF4B628DBC: changes role from      null to FOLLOWER at term 0 for startAsFollower
2019-10-21 05:45:11,727 [pool-37-thread-1] INFO  impl.RoleInfo (RoleInfo.java:updateAndGet(143)) - 4362eed3-8353-45aa-882f-c271ffff083f: start FollowerState
2019-10-21 05:45:11,728 [pool-37-thread-1] INFO  util.JmxRegister (JmxRegister.java:tryRegister(44)) - Successfully registered JMX Bean with object name Ratis:service=RaftServer,group=group-F7FF4B628DBC,id=4362eed3-8353-45aa-882f-c271ffff083f
2019-10-21 05:45:11,728 [pool-37-thread-1] WARN  impl.MetricRegistriesImpl (MetricRegistriesImpl.java:lambda$create$1(61)) - First MetricRegistry has been created without registering reporters. You may need to call MetricRegistries.global().addReportRegistration(...) before.
2019-10-21 05:45:11,734 [RatisPipelineUtilsThread] INFO  pipeline.PipelineStateManager (PipelineStateManager.java:addPipeline(55)) - Created pipeline Pipeline[ Id: 91a5e49f-69d1-4ad0-a58a-f7ff4b628dbc, Nodes: 4362eed3-8353-45aa-882f-c271ffff083f{ip: 192.168.164.197, host: pr-hdds-1868-qzls5-2202220713, networkLocation: /default-rack, certSerialId: null}, Type:RATIS, Factor:ONE, State:ALLOCATED]
2019-10-21 05:45:11,753 [grpc-default-executor-1] INFO  impl.RaftServerProxy (RaftServerProxy.java:addNew(89)) - aa5bd0f1-07e3-41cb-85b2-7024559f4a76: addNew group-C45C73170215:[aa5bd0f1-07e3-41cb-85b2-7024559f4a76:192.168.164.197:46790, 4362eed3-8353-45aa-882f-c271ffff083f:192.168.164.197:46068, 8c8f7b37-153b-4e35-963f-11e686a392f9:192.168.164.197:45513] returns group-C45C73170215:java.util.concurrent.CompletableFuture@9a0d24[Not completed]
2019-10-21 05:45:11,755 [pool-27-thread-1] INFO  impl.RaftServerImpl (RaftServerImpl.java:<init>(98)) - aa5bd0f1-07e3-41cb-85b2-7024559f4a76: new RaftServerImpl for group-C45C73170215:[aa5bd0f1-07e3-41cb-85b2-7024559f4a76:192.168.164.197:46790, 4362eed3-8353-45aa-882f-c271ffff083f:192.168.164.197:46068, 8c8f7b37-153b-4e35-963f-11e686a392f9:192.168.164.197:45513] with ContainerStateMachine:uninitialized
2019-10-21 05:45:11,755 [pool-27-thread-1] INFO  server.RaftServerConfigKeys (ConfUtils.java:logGet(43)) - raft.server.rpc.timeout.min = 5s (custom)
2019-10-21 05:45:11,755 [pool-27-thread-1] INFO  server.RaftServerConfigKeys (ConfUtils.java:logGet(43)) - raft.server.rpc.timeout.max = 5200ms (custom)
2019-10-21 05:45:11,755 [pool-27-thread-1] INFO  server.RaftServerConfigKeys (ConfUtils.java:logGet(43)) - raft.server.rpcslowness.timeout = 120s (custom)
2019-10-21 05:45:11,755 [pool-27-thread-1] INFO  server.RaftServerConfigKeys (ConfUtils.java:logGet(43)) - raft.server.sleep.deviation.threshold = 300 (default)
2019-10-21 05:45:11,755 [pool-27-thread-1] INFO  server.RaftServerConfigKeys (ConfUtils.java:logGet(43)) - raft.server.log.appender.install.snapshot.enabled = false (custom)
2019-10-21 05:45:11,756 [pool-27-thread-1] INFO  impl.RaftServerImpl (ServerState.java:<init>(103)) - aa5bd0f1-07e3-41cb-85b2-7024559f4a76@group-C45C73170215: ConfigurationManager, init=-1: [aa5bd0f1-07e3-41cb-85b2-7024559f4a76:192.168.164.197:46790, 4362eed3-8353-45aa-882f-c271ffff083f:192.168.164.197:46068, 8c8f7b37-153b-4e35-963f-11e686a392f9:192.168.164.197:45513], old=null, confs=<EMPTY_MAP>
2019-10-21 05:45:11,756 [pool-27-thread-1] INFO  server.RaftServerConfigKeys (ConfUtils.java:logGet(43)) - raft.server.storage.dir = [/workdir/hadoop-ozone/integration-test/target/test-dir/MiniOzoneClusterImpl-93b22bd0-c23b-4638-a463-78c5d9798a83/datanode-0/data/ratis] (custom)
2019-10-21 05:45:11,756 [pool-27-thread-1] INFO  server.RaftServerConfigKeys (ConfUtils.java:logGet(43)) - raft.server.log.corruption.policy = EXCEPTION (default)
2019-10-21 05:45:11,757 [pool-27-thread-1] INFO  storage.RaftStorageDirectory (RaftStorageDirectory.java:analyzeStorage(246)) - The storage directory /workdir/hadoop-ozone/integration-test/target/test-dir/MiniOzoneClusterImpl-93b22bd0-c23b-4638-a463-78c5d9798a83/datanode-0/data/ratis/27214b4f-e777-4845-a95d-c45c73170215 does not exist. Creating ...
2019-10-21 05:45:11,759 [grpc-default-executor-1] INFO  impl.RaftServerProxy (RaftServerProxy.java:addNew(89)) - 8c8f7b37-153b-4e35-963f-11e686a392f9: addNew group-C45C73170215:[aa5bd0f1-07e3-41cb-85b2-7024559f4a76:192.168.164.197:46790, 4362eed3-8353-45aa-882f-c271ffff083f:192.168.164.197:46068, 8c8f7b37-153b-4e35-963f-11e686a392f9:192.168.164.197:45513] returns group-C45C73170215:java.util.concurrent.CompletableFuture@41a7071f[Not completed]
2019-10-21 05:45:11,761 [grpc-default-executor-2] INFO  impl.RaftServerProxy (RaftServerProxy.java:addNew(89)) - 4362eed3-8353-45aa-882f-c271ffff083f: addNew group-C45C73170215:[aa5bd0f1-07e3-41cb-85b2-7024559f4a76:192.168.164.197:46790, 4362eed3-8353-45aa-882f-c271ffff083f:192.168.164.197:46068, 8c8f7b37-153b-4e35-963f-11e686a392f9:192.168.164.197:45513] returns group-C45C73170215:java.util.concurrent.CompletableFuture@28124b7[Not completed]
2019-10-21 05:45:11,761 [pool-47-thread-1] INFO  impl.RaftServerImpl (RaftServerImpl.java:<init>(98)) - 8c8f7b37-153b-4e35-963f-11e686a392f9: new RaftServerImpl for group-C45C73170215:[aa5bd0f1-07e3-41cb-85b2-7024559f4a76:192.168.164.197:46790, 4362eed3-8353-45aa-882f-c271ffff083f:192.168.164.197:46068, 8c8f7b37-153b-4e35-963f-11e686a392f9:192.168.164.197:45513] with ContainerStateMachine:uninitialized
2019-10-21 05:45:11,761 [pool-47-thread-1] INFO  server.RaftServerConfigKeys (ConfUtils.java:logGet(43)) - raft.server.rpc.timeout.min = 5s (custom)
2019-10-21 05:45:11,761 [pool-47-thread-1] INFO  server.RaftServerConfigKeys (ConfUtils.java:logGet(43)) - raft.server.rpc.timeout.max = 5200ms (custom)
2019-10-21 05:45:11,761 [pool-47-thread-1] INFO  server.RaftServerConfigKeys (ConfUtils.java:logGet(43)) - raft.server.rpcslowness.timeout = 120s (custom)
2019-10-21 05:45:11,761 [pool-47-thread-1] INFO  server.RaftServerConfigKeys (ConfUtils.java:logGet(43)) - raft.server.sleep.deviation.threshold = 300 (default)
2019-10-21 05:45:11,761 [pool-47-thread-1] INFO  server.RaftServerConfigKeys (ConfUtils.java:logGet(43)) - raft.server.log.appender.install.snapshot.enabled = false (custom)
2019-10-21 05:45:11,761 [pool-47-thread-1] INFO  impl.RaftServerImpl (ServerState.java:<init>(103)) - 8c8f7b37-153b-4e35-963f-11e686a392f9@group-C45C73170215: ConfigurationManager, init=-1: [aa5bd0f1-07e3-41cb-85b2-7024559f4a76:192.168.164.197:46790, 4362eed3-8353-45aa-882f-c271ffff083f:192.168.164.197:46068, 8c8f7b37-153b-4e35-963f-11e686a392f9:192.168.164.197:45513], old=null, confs=<EMPTY_MAP>
2019-10-21 05:45:11,762 [pool-47-thread-1] INFO  server.RaftServerConfigKeys (ConfUtils.java:logGet(43)) - raft.server.storage.dir = [/workdir/hadoop-ozone/integration-test/target/test-dir/MiniOzoneClusterImpl-93b22bd0-c23b-4638-a463-78c5d9798a83/datanode-2/data/ratis] (custom)
2019-10-21 05:45:11,762 [pool-47-thread-1] INFO  server.RaftServerConfigKeys (ConfUtils.java:logGet(43)) - raft.server.log.corruption.policy = EXCEPTION (default)
2019-10-21 05:45:11,762 [pool-47-thread-1] INFO  storage.RaftStorageDirectory (RaftStorageDirectory.java:analyzeStorage(246)) - The storage directory /workdir/hadoop-ozone/integration-test/target/test-dir/MiniOzoneClusterImpl-93b22bd0-c23b-4638-a463-78c5d9798a83/datanode-2/data/ratis/27214b4f-e777-4845-a95d-c45c73170215 does not exist. Creating ...
2019-10-21 05:45:11,762 [pool-37-thread-1] INFO  impl.RaftServerImpl (RaftServerImpl.java:<init>(98)) - 4362eed3-8353-45aa-882f-c271ffff083f: new RaftServerImpl for group-C45C73170215:[aa5bd0f1-07e3-41cb-85b2-7024559f4a76:192.168.164.197:46790, 4362eed3-8353-45aa-882f-c271ffff083f:192.168.164.197:46068, 8c8f7b37-153b-4e35-963f-11e686a392f9:192.168.164.197:45513] with ContainerStateMachine:uninitialized
2019-10-21 05:45:11,762 [pool-37-thread-1] INFO  server.RaftServerConfigKeys (ConfUtils.java:logGet(43)) - raft.server.rpc.timeout.min = 5s (custom)
2019-10-21 05:45:11,762 [pool-37-thread-1] INFO  server.RaftServerConfigKeys (ConfUtils.java:logGet(43)) - raft.server.rpc.timeout.max = 5200ms (custom)
2019-10-21 05:45:11,762 [pool-37-thread-1] INFO  server.RaftServerConfigKeys (ConfUtils.java:logGet(43)) - raft.server.rpcslowness.timeout = 120s (custom)
2019-10-21 05:45:11,763 [pool-37-thread-1] INFO  server.RaftServerConfigKeys (ConfUtils.java:logGet(43)) - raft.server.sleep.deviation.threshold = 300 (default)
2019-10-21 05:45:11,763 [pool-37-thread-1] INFO  server.RaftServerConfigKeys (ConfUtils.java:logGet(43)) - raft.server.log.appender.install.snapshot.enabled = false (custom)
2019-10-21 05:45:11,763 [pool-37-thread-1] INFO  impl.RaftServerImpl (ServerState.java:<init>(103)) - 4362eed3-8353-45aa-882f-c271ffff083f@group-C45C73170215: ConfigurationManager, init=-1: [aa5bd0f1-07e3-41cb-85b2-7024559f4a76:192.168.164.197:46790, 4362eed3-8353-45aa-882f-c271ffff083f:192.168.164.197:46068, 8c8f7b37-153b-4e35-963f-11e686a392f9:192.168.164.197:45513], old=null, confs=<EMPTY_MAP>
2019-10-21 05:45:11,763 [pool-37-thread-1] INFO  server.RaftServerConfigKeys (ConfUtils.java:logGet(43)) - raft.server.storage.dir = [/workdir/hadoop-ozone/integration-test/target/test-dir/MiniOzoneClusterImpl-93b22bd0-c23b-4638-a463-78c5d9798a83/datanode-1/data/ratis] (custom)
2019-10-21 05:45:11,763 [pool-37-thread-1] INFO  server.RaftServerConfigKeys (ConfUtils.java:logGet(43)) - raft.server.log.corruption.policy = EXCEPTION (default)
2019-10-21 05:45:11,763 [pool-37-thread-1] INFO  storage.RaftStorageDirectory (RaftStorageDirectory.java:analyzeStorage(246)) - The storage directory /workdir/hadoop-ozone/integration-test/target/test-dir/MiniOzoneClusterImpl-93b22bd0-c23b-4638-a463-78c5d9798a83/datanode-1/data/ratis/27214b4f-e777-4845-a95d-c45c73170215 does not exist. Creating ...
2019-10-21 05:45:11,782 [pool-27-thread-1] INFO  storage.RaftStorageDirectory (RaftStorageDirectory.java:tryLock(328)) - Lock on /workdir/hadoop-ozone/integration-test/target/test-dir/MiniOzoneClusterImpl-93b22bd0-c23b-4638-a463-78c5d9798a83/datanode-0/data/ratis/27214b4f-e777-4845-a95d-c45c73170215/in_use.lock acquired by nodename 29793@pr-hdds-1868-qzls5-2202220713
2019-10-21 05:45:11,782 [pool-37-thread-1] INFO  storage.RaftStorageDirectory (RaftStorageDirectory.java:tryLock(328)) - Lock on /workdir/hadoop-ozone/integration-test/target/test-dir/MiniOzoneClusterImpl-93b22bd0-c23b-4638-a463-78c5d9798a83/datanode-1/data/ratis/27214b4f-e777-4845-a95d-c45c73170215/in_use.lock acquired by nodename 29793@pr-hdds-1868-qzls5-2202220713
2019-10-21 05:45:11,782 [pool-47-thread-1] INFO  storage.RaftStorageDirectory (RaftStorageDirectory.java:tryLock(328)) - Lock on /workdir/hadoop-ozone/integration-test/target/test-dir/MiniOzoneClusterImpl-93b22bd0-c23b-4638-a463-78c5d9798a83/datanode-2/data/ratis/27214b4f-e777-4845-a95d-c45c73170215/in_use.lock acquired by nodename 29793@pr-hdds-1868-qzls5-2202220713
2019-10-21 05:45:11,807 [pool-47-thread-1] INFO  storage.RaftStorage (RaftStorage.java:format(84)) - Storage directory /workdir/hadoop-ozone/integration-test/target/test-dir/MiniOzoneClusterImpl-93b22bd0-c23b-4638-a463-78c5d9798a83/datanode-2/data/ratis/27214b4f-e777-4845-a95d-c45c73170215 has been successfully formatted.
2019-10-21 05:45:11,807 [pool-37-thread-1] INFO  storage.RaftStorage (RaftStorage.java:format(84)) - Storage directory /workdir/hadoop-ozone/integration-test/target/test-dir/MiniOzoneClusterImpl-93b22bd0-c23b-4638-a463-78c5d9798a83/datanode-1/data/ratis/27214b4f-e777-4845-a95d-c45c73170215 has been successfully formatted.
2019-10-21 05:45:11,807 [pool-27-thread-1] INFO  storage.RaftStorage (RaftStorage.java:format(84)) - Storage directory /workdir/hadoop-ozone/integration-test/target/test-dir/MiniOzoneClusterImpl-93b22bd0-c23b-4638-a463-78c5d9798a83/datanode-0/data/ratis/27214b4f-e777-4845-a95d-c45c73170215 has been successfully formatted.
2019-10-21 05:45:11,808 [pool-47-thread-1] INFO  ratis.ContainerStateMachine (ContainerStateMachine.java:loadSnapshot(233)) - group-C45C73170215: The snapshot info is null. Setting the last applied indexto:(t:0, i:~)
2019-10-21 05:45:11,808 [pool-27-thread-1] INFO  ratis.ContainerStateMachine (ContainerStateMachine.java:loadSnapshot(233)) - group-C45C73170215: The snapshot info is null. Setting the last applied indexto:(t:0, i:~)
2019-10-21 05:45:11,808 [pool-47-thread-1] INFO  server.RaftServerConfigKeys (ConfUtils.java:logGet(43)) - raft.server.notification.no-leader.timeout = 120s (custom)
2019-10-21 05:45:11,808 [pool-37-thread-1] INFO  ratis.ContainerStateMachine (ContainerStateMachine.java:loadSnapshot(233)) - group-C45C73170215: The snapshot info is null. Setting the last applied indexto:(t:0, i:~)
2019-10-21 05:45:11,808 [pool-47-thread-1] INFO  server.RaftServerConfigKeys (ConfUtils.java:logGet(43)) - raft.server.log.use.memory = false (default)
2019-10-21 05:45:11,808 [pool-27-thread-1] INFO  server.RaftServerConfigKeys (ConfUtils.java:logGet(43)) - raft.server.notification.no-leader.timeout = 120s (custom)
2019-10-21 05:45:11,809 [pool-47-thread-1] INFO  server.RaftServerConfigKeys (ConfUtils.java:logGet(43)) - raft.server.log.purge.gap = 1000000 (custom)
2019-10-21 05:45:11,809 [pool-37-thread-1] INFO  server.RaftServerConfigKeys (ConfUtils.java:logGet(43)) - raft.server.notification.no-leader.timeout = 120s (custom)
2019-10-21 05:45:11,809 [pool-47-thread-1] INFO  server.RaftServerConfigKeys (ConfUtils.java:logGet(43)) - raft.server.log.appender.buffer.byte-limit = 33554432 (custom)
2019-10-21 05:45:11,809 [pool-27-thread-1] INFO  server.RaftServerConfigKeys (ConfUtils.java:logGet(43)) - raft.server.log.use.memory = false (default)
2019-10-21 05:45:11,810 [pool-47-thread-1] INFO  server.RaftServerConfigKeys (ConfUtils.java:logGet(43)) - raft.server.log.segment.size.max = 1048576 (custom)
2019-10-21 05:45:11,809 [pool-37-thread-1] INFO  server.RaftServerConfigKeys (ConfUtils.java:logGet(43)) - raft.server.log.use.memory = false (default)
2019-10-21 05:45:11,810 [pool-47-thread-1] INFO  server.RaftServerConfigKeys (ConfUtils.java:logGet(43)) - raft.server.log.segment.cache.num.max = 2 (custom)
2019-10-21 05:45:11,810 [pool-27-thread-1] INFO  server.RaftServerConfigKeys (ConfUtils.java:logGet(43)) - raft.server.log.purge.gap = 1000000 (custom)
2019-10-21 05:45:11,810 [pool-47-thread-1] INFO  segmented.SegmentedRaftLogWorker (SegmentedRaftLogWorker.java:<init>(173)) - new 8c8f7b37-153b-4e35-963f-11e686a392f9@group-C45C73170215-SegmentedRaftLogWorker for RaftStorage:Storage Directory /workdir/hadoop-ozone/integration-test/target/test-dir/MiniOzoneClusterImpl-93b22bd0-c23b-4638-a463-78c5d9798a83/datanode-2/data/ratis/27214b4f-e777-4845-a95d-c45c73170215
2019-10-21 05:45:11,810 [pool-37-thread-1] INFO  server.RaftServerConfigKeys (ConfUtils.java:logGet(43)) - raft.server.log.purge.gap = 1000000 (custom)
2019-10-21 05:45:11,810 [pool-47-thread-1] INFO  server.RaftServerConfigKeys (ConfUtils.java:logGet(43)) - raft.server.log.queue.byte-limit = 2147483647 (custom)
2019-10-21 05:45:11,810 [pool-27-thread-1] INFO  server.RaftServerConfigKeys (ConfUtils.java:logGet(43)) - raft.server.log.appender.buffer.byte-limit = 33554432 (custom)
2019-10-21 05:45:11,811 [pool-47-thread-1] INFO  server.RaftServerConfigKeys (ConfUtils.java:logGet(43)) - raft.server.log.queue.element-limit = 1024 (custom)
2019-10-21 05:45:11,811 [pool-37-thread-1] INFO  server.RaftServerConfigKeys (ConfUtils.java:logGet(43)) - raft.server.log.appender.buffer.byte-limit = 33554432 (custom)
2019-10-21 05:45:11,811 [pool-47-thread-1] INFO  server.RaftServerConfigKeys (ConfUtils.java:logGet(43)) - raft.server.log.segment.size.max = 1048576 (custom)
2019-10-21 05:45:11,811 [pool-27-thread-1] INFO  server.RaftServerConfigKeys (ConfUtils.java:logGet(43)) - raft.server.log.segment.size.max = 1048576 (custom)
2019-10-21 05:45:11,811 [pool-47-thread-1] INFO  server.RaftServerConfigKeys (ConfUtils.java:logGet(43)) - raft.server.log.preallocated.size = 16384 (custom)
2019-10-21 05:45:11,811 [pool-37-thread-1] INFO  server.RaftServerConfigKeys (ConfUtils.java:logGet(43)) - raft.server.log.segment.size.max = 1048576 (custom)
2019-10-21 05:45:11,812 [pool-47-thread-1] INFO  server.RaftServerConfigKeys (ConfUtils.java:logGet(43)) - raft.server.log.write.buffer.size = 33554432 (custom)
2019-10-21 05:45:11,812 [pool-27-thread-1] INFO  server.RaftServerConfigKeys (ConfUtils.java:logGet(43)) - raft.server.log.segment.cache.num.max = 2 (custom)
2019-10-21 05:45:11,812 [pool-47-thread-1] INFO  server.RaftServerConfigKeys (ConfUtils.java:logGet(43)) - raft.server.log.force.sync.num = 128 (default)
2019-10-21 05:45:11,812 [pool-37-thread-1] INFO  server.RaftServerConfigKeys (ConfUtils.java:logGet(43)) - raft.server.log.segment.cache.num.max = 2 (custom)
2019-10-21 05:45:11,812 [pool-47-thread-1] INFO  server.RaftServerConfigKeys (ConfUtils.java:logGet(43)) - raft.server.log.statemachine.data.sync = true (default)
2019-10-21 05:45:11,812 [pool-27-thread-1] INFO  segmented.SegmentedRaftLogWorker (SegmentedRaftLogWorker.java:<init>(173)) - new aa5bd0f1-07e3-41cb-85b2-7024559f4a76@group-C45C73170215-SegmentedRaftLogWorker for RaftStorage:Storage Directory /workdir/hadoop-ozone/integration-test/target/test-dir/MiniOzoneClusterImpl-93b22bd0-c23b-4638-a463-78c5d9798a83/datanode-0/data/ratis/27214b4f-e777-4845-a95d-c45c73170215
2019-10-21 05:45:11,813 [pool-47-thread-1] INFO  server.RaftServerConfigKeys (ConfUtils.java:logGet(43)) - raft.server.log.statemachine.data.sync.timeout = 10s (default)
2019-10-21 05:45:11,813 [pool-37-thread-1] INFO  segmented.SegmentedRaftLogWorker (SegmentedRaftLogWorker.java:<init>(173)) - new 4362eed3-8353-45aa-882f-c271ffff083f@group-C45C73170215-SegmentedRaftLogWorker for RaftStorage:Storage Directory /workdir/hadoop-ozone/integration-test/target/test-dir/MiniOzoneClusterImpl-93b22bd0-c23b-4638-a463-78c5d9798a83/datanode-1/data/ratis/27214b4f-e777-4845-a95d-c45c73170215
2019-10-21 05:45:11,813 [pool-47-thread-1] INFO  server.RaftServerConfigKeys (ConfUtils.java:logGet(43)) - raft.server.log.statemachine.data.sync.timeout.retry = -1 (default)
2019-10-21 05:45:11,813 [pool-27-thread-1] INFO  server.RaftServerConfigKeys (ConfUtils.java:logGet(43)) - raft.server.log.queue.byte-limit = 2147483647 (custom)
2019-10-21 05:45:11,813 [pool-37-thread-1] INFO  server.RaftServerConfigKeys (ConfUtils.java:logGet(43)) - raft.server.log.queue.byte-limit = 2147483647 (custom)
2019-10-21 05:45:11,813 [pool-47-thread-1] INFO  server.RaftServerConfigKeys (ConfUtils.java:logGet(43)) - raft.server.log.statemachine.data.caching.enabled = true (custom)
2019-10-21 05:45:11,813 [pool-27-thread-1] INFO  server.RaftServerConfigKeys (ConfUtils.java:logGet(43)) - raft.server.log.queue.element-limit = 1024 (custom)
2019-10-21 05:45:11,814 [pool-37-thread-1] INFO  server.RaftServerConfigKeys (ConfUtils.java:logGet(43)) - raft.server.log.queue.element-limit = 1024 (custom)
2019-10-21 05:45:11,814 [pool-27-thread-1] INFO  server.RaftServerConfigKeys (ConfUtils.java:logGet(43)) - raft.server.log.segment.size.max = 1048576 (custom)
2019-10-21 05:45:11,814 [pool-37-thread-1] INFO  server.RaftServerConfigKeys (ConfUtils.java:logGet(43)) - raft.server.log.segment.size.max = 1048576 (custom)
2019-10-21 05:45:11,814 [pool-47-thread-1] INFO  segmented.SegmentedRaftLogWorker (SegmentedRaftLogWorker.java:lambda$new$0(128)) - 8c8f7b37-153b-4e35-963f-11e686a392f9@group-C45C73170215-SegmentedRaftLogWorker: flushIndex: setUnconditionally 0 -> -1
2019-10-21 05:45:11,814 [pool-37-thread-1] INFO  server.RaftServerConfigKeys (ConfUtils.java:logGet(43)) - raft.server.log.preallocated.size = 16384 (custom)
2019-10-21 05:45:11,814 [pool-27-thread-1] INFO  server.RaftServerConfigKeys (ConfUtils.java:logGet(43)) - raft.server.log.preallocated.size = 16384 (custom)
2019-10-21 05:45:11,815 [pool-47-thread-1] INFO  server.RaftServerConfigKeys (ConfUtils.java:logGet(43)) - raft.server.snapshot.auto.trigger.enabled = true (custom)
2019-10-21 05:45:11,815 [pool-37-thread-1] INFO  server.RaftServerConfigKeys (ConfUtils.java:logGet(43)) - raft.server.log.write.buffer.size = 33554432 (custom)
2019-10-21 05:45:11,815 [pool-47-thread-1] INFO  server.RaftServerConfigKeys (ConfUtils.java:logGet(43)) - raft.server.snapshot.auto.trigger.threshold = 10000 (custom)
2019-10-21 05:45:11,815 [pool-27-thread-1] INFO  server.RaftServerConfigKeys (ConfUtils.java:logGet(43)) - raft.server.log.write.buffer.size = 33554432 (custom)
2019-10-21 05:45:11,815 [pool-47-thread-1] INFO  server.RaftServerConfigKeys (ConfUtils.java:logGet(43)) - raft.server.snapshot.retention.file.num = 5 (custom)
2019-10-21 05:45:11,815 [pool-37-thread-1] INFO  server.RaftServerConfigKeys (ConfUtils.java:logGet(43)) - raft.server.log.force.sync.num = 128 (default)
2019-10-21 05:45:11,816 [pool-47-thread-1] INFO  server.RaftServerConfigKeys (ConfUtils.java:logGet(43)) - raft.server.retrycache.expirytime = 600000ms (custom)
2019-10-21 05:45:11,815 [pool-27-thread-1] INFO  server.RaftServerConfigKeys (ConfUtils.java:logGet(43)) - raft.server.log.force.sync.num = 128 (default)
2019-10-21 05:45:11,816 [pool-47-thread-1] WARN  impl.MetricRegistriesImpl (MetricRegistriesImpl.java:lambda$create$1(61)) - First MetricRegistry has been created without registering reporters. You may need to call MetricRegistries.global().addReportRegistration(...) before.
2019-10-21 05:45:11,816 [pool-37-thread-1] INFO  server.RaftServerConfigKeys (ConfUtils.java:logGet(43)) - raft.server.log.statemachine.data.sync = true (default)
2019-10-21 05:45:11,816 [pool-47-thread-1] WARN  impl.MetricRegistriesImpl (MetricRegistriesImpl.java:lambda$create$1(61)) - First MetricRegistry has been created without registering reporters. You may need to call MetricRegistries.global().addReportRegistration(...) before.
2019-10-21 05:45:11,816 [pool-27-thread-1] INFO  server.RaftServerConfigKeys (ConfUtils.java:logGet(43)) - raft.server.log.statemachine.data.sync = true (default)
2019-10-21 05:45:11,816 [pool-37-thread-1] INFO  server.RaftServerConfigKeys (ConfUtils.java:logGet(43)) - raft.server.log.statemachine.data.sync.timeout = 10s (default)
2019-10-21 05:45:11,817 [pool-27-thread-1] INFO  server.RaftServerConfigKeys (ConfUtils.java:logGet(43)) - raft.server.log.statemachine.data.sync.timeout = 10s (default)
2019-10-21 05:45:11,817 [pool-47-thread-1] INFO  impl.RaftServerImpl (RaftServerImpl.java:start(184)) - 8c8f7b37-153b-4e35-963f-11e686a392f9@group-C45C73170215: start as a follower, conf=-1: [aa5bd0f1-07e3-41cb-85b2-7024559f4a76:192.168.164.197:46790, 4362eed3-8353-45aa-882f-c271ffff083f:192.168.164.197:46068, 8c8f7b37-153b-4e35-963f-11e686a392f9:192.168.164.197:45513], old=null
2019-10-21 05:45:11,817 [pool-27-thread-1] INFO  server.RaftServerConfigKeys (ConfUtils.java:logGet(43)) - raft.server.log.statemachine.data.sync.timeout.retry = -1 (default)
2019-10-21 05:45:11,817 [pool-37-thread-1] INFO  server.RaftServerConfigKeys (ConfUtils.java:logGet(43)) - raft.server.log.statemachine.data.sync.timeout.retry = -1 (default)
2019-10-21 05:45:11,817 [pool-27-thread-1] INFO  server.RaftServerConfigKeys (ConfUtils.java:logGet(43)) - raft.server.log.statemachine.data.caching.enabled = true (custom)
2019-10-21 05:45:11,817 [pool-47-thread-1] INFO  impl.RaftServerImpl (RaftServerImpl.java:setRole(173)) - 8c8f7b37-153b-4e35-963f-11e686a392f9@group-C45C73170215: changes role from      null to FOLLOWER at term 0 for startAsFollower
2019-10-21 05:45:11,818 [pool-37-thread-1] INFO  server.RaftServerConfigKeys (ConfUtils.java:logGet(43)) - raft.server.log.statemachine.data.caching.enabled = true (custom)
2019-10-21 05:45:11,818 [pool-47-thread-1] INFO  impl.RoleInfo (RoleInfo.java:updateAndGet(143)) - 8c8f7b37-153b-4e35-963f-11e686a392f9: start FollowerState
2019-10-21 05:45:11,818 [pool-27-thread-1] INFO  segmented.SegmentedRaftLogWorker (SegmentedRaftLogWorker.java:lambda$new$0(128)) - aa5bd0f1-07e3-41cb-85b2-7024559f4a76@group-C45C73170215-SegmentedRaftLogWorker: flushIndex: setUnconditionally 0 -> -1
2019-10-21 05:45:11,818 [pool-37-thread-1] INFO  segmented.SegmentedRaftLogWorker (SegmentedRaftLogWorker.java:lambda$new$0(128)) - 4362eed3-8353-45aa-882f-c271ffff083f@group-C45C73170215-SegmentedRaftLogWorker: flushIndex: setUnconditionally 0 -> -1
2019-10-21 05:45:11,818 [pool-27-thread-1] INFO  server.RaftServerConfigKeys (ConfUtils.java:logGet(43)) - raft.server.snapshot.auto.trigger.enabled = true (custom)
2019-10-21 05:45:11,818 [pool-47-thread-1] INFO  util.JmxRegister (JmxRegister.java:tryRegister(44)) - Successfully registered JMX Bean with object name Ratis:service=RaftServer,group=group-C45C73170215,id=8c8f7b37-153b-4e35-963f-11e686a392f9
2019-10-21 05:45:11,818 [pool-37-thread-1] INFO  server.RaftServerConfigKeys (ConfUtils.java:logGet(43)) - raft.server.snapshot.auto.trigger.enabled = true (custom)
2019-10-21 05:45:11,818 [pool-27-thread-1] INFO  server.RaftServerConfigKeys (ConfUtils.java:logGet(43)) - raft.server.snapshot.auto.trigger.threshold = 10000 (custom)
2019-10-21 05:45:11,819 [pool-37-thread-1] INFO  server.RaftServerConfigKeys (ConfUtils.java:logGet(43)) - raft.server.snapshot.auto.trigger.threshold = 10000 (custom)
2019-10-21 05:45:11,819 [pool-47-thread-1] WARN  impl.MetricRegistriesImpl (MetricRegistriesImpl.java:lambda$create$1(61)) - First MetricRegistry has been created without registering reporters. You may need to call MetricRegistries.global().addReportRegistration(...) before.
2019-10-21 05:45:11,819 [pool-37-thread-1] INFO  server.RaftServerConfigKeys (ConfUtils.java:logGet(43)) - raft.server.snapshot.retention.file.num = 5 (custom)
2019-10-21 05:45:11,819 [pool-27-thread-1] INFO  server.RaftServerConfigKeys (ConfUtils.java:logGet(43)) - raft.server.snapshot.retention.file.num = 5 (custom)
2019-10-21 05:45:11,819 [pool-37-thread-1] INFO  server.RaftServerConfigKeys (ConfUtils.java:logGet(43)) - raft.server.retrycache.expirytime = 600000ms (custom)
2019-10-21 05:45:11,820 [pool-27-thread-1] INFO  server.RaftServerConfigKeys (ConfUtils.java:logGet(43)) - raft.server.retrycache.expirytime = 600000ms (custom)
2019-10-21 05:45:11,820 [pool-37-thread-1] WARN  impl.MetricRegistriesImpl (MetricRegistriesImpl.java:lambda$create$1(61)) - First MetricRegistry has been created without registering reporters. You may need to call MetricRegistries.global().addReportRegistration(...) before.
2019-10-21 05:45:11,820 [pool-27-thread-1] WARN  impl.MetricRegistriesImpl (MetricRegistriesImpl.java:lambda$create$1(61)) - First MetricRegistry has been created without registering reporters. You may need to call MetricRegistries.global().addReportRegistration(...) before.
2019-10-21 05:45:11,820 [pool-37-thread-1] WARN  impl.MetricRegistriesImpl (MetricRegistriesImpl.java:lambda$create$1(61)) - First MetricRegistry has been created without registering reporters. You may need to call MetricRegistries.global().addReportRegistration(...) before.
2019-10-21 05:45:11,820 [pool-27-thread-1] WARN  impl.MetricRegistriesImpl (MetricRegistriesImpl.java:lambda$create$1(61)) - First MetricRegistry has been created without registering reporters. You may need to call MetricRegistries.global().addReportRegistration(...) before.
2019-10-21 05:45:11,821 [pool-37-thread-1] INFO  impl.RaftServerImpl (RaftServerImpl.java:start(184)) - 4362eed3-8353-45aa-882f-c271ffff083f@group-C45C73170215: start as a follower, conf=-1: [aa5bd0f1-07e3-41cb-85b2-7024559f4a76:192.168.164.197:46790, 4362eed3-8353-45aa-882f-c271ffff083f:192.168.164.197:46068, 8c8f7b37-153b-4e35-963f-11e686a392f9:192.168.164.197:45513], old=null
2019-10-21 05:45:11,822 [pool-27-thread-1] INFO  impl.RaftServerImpl (RaftServerImpl.java:start(184)) - aa5bd0f1-07e3-41cb-85b2-7024559f4a76@group-C45C73170215: start as a follower, conf=-1: [aa5bd0f1-07e3-41cb-85b2-7024559f4a76:192.168.164.197:46790, 4362eed3-8353-45aa-882f-c271ffff083f:192.168.164.197:46068, 8c8f7b37-153b-4e35-963f-11e686a392f9:192.168.164.197:45513], old=null
2019-10-21 05:45:11,822 [pool-37-thread-1] INFO  impl.RaftServerImpl (RaftServerImpl.java:setRole(173)) - 4362eed3-8353-45aa-882f-c271ffff083f@group-C45C73170215: changes role from      null to FOLLOWER at term 0 for startAsFollower
2019-10-21 05:45:11,822 [pool-27-thread-1] INFO  impl.RaftServerImpl (RaftServerImpl.java:setRole(173)) - aa5bd0f1-07e3-41cb-85b2-7024559f4a76@group-C45C73170215: changes role from      null to FOLLOWER at term 0 for startAsFollower
2019-10-21 05:45:11,822 [pool-37-thread-1] INFO  impl.RoleInfo (RoleInfo.java:updateAndGet(143)) - 4362eed3-8353-45aa-882f-c271ffff083f: start FollowerState
2019-10-21 05:45:11,823 [pool-27-thread-1] INFO  impl.RoleInfo (RoleInfo.java:updateAndGet(143)) - aa5bd0f1-07e3-41cb-85b2-7024559f4a76: start FollowerState
2019-10-21 05:45:11,824 [pool-37-thread-1] INFO  util.JmxRegister (JmxRegister.java:tryRegister(44)) - Successfully registered JMX Bean with object name Ratis:service=RaftServer,group=group-C45C73170215,id=4362eed3-8353-45aa-882f-c271ffff083f
2019-10-21 05:45:11,825 [pool-27-thread-1] INFO  util.JmxRegister (JmxRegister.java:tryRegister(44)) - Successfully registered JMX Bean with object name Ratis:service=RaftServer,group=group-C45C73170215,id=aa5bd0f1-07e3-41cb-85b2-7024559f4a76
2019-10-21 05:45:11,825 [pool-37-thread-1] WARN  impl.MetricRegistriesImpl (MetricRegistriesImpl.java:lambda$create$1(61)) - First MetricRegistry has been created without registering reporters. You may need to call MetricRegistries.global().addReportRegistration(...) before.
2019-10-21 05:45:11,825 [pool-27-thread-1] WARN  impl.MetricRegistriesImpl (MetricRegistriesImpl.java:lambda$create$1(61)) - First MetricRegistry has been created without registering reporters. You may need to call MetricRegistries.global().addReportRegistration(...) before.
2019-10-21 05:45:11,838 [RatisPipelineUtilsThread] INFO  pipeline.PipelineStateManager (PipelineStateManager.java:addPipeline(55)) - Created pipeline Pipeline[ Id: 27214b4f-e777-4845-a95d-c45c73170215, Nodes: 8c8f7b37-153b-4e35-963f-11e686a392f9{ip: 192.168.164.197, host: pr-hdds-1868-qzls5-2202220713, networkLocation: /default-rack, certSerialId: null}4362eed3-8353-45aa-882f-c271ffff083f{ip: 192.168.164.197, host: pr-hdds-1868-qzls5-2202220713, networkLocation: /default-rack, certSerialId: null}aa5bd0f1-07e3-41cb-85b2-7024559f4a76{ip: 192.168.164.197, host: pr-hdds-1868-qzls5-2202220713, networkLocation: /default-rack, certSerialId: null}, Type:RATIS, Factor:THREE, State:ALLOCATED]
2019-10-21 05:45:11,840 [main] INFO  ozone.MiniOzoneClusterImpl (MiniOzoneClusterImpl.java:lambda$waitForClusterToBeReady$2(162)) - Waiting for 4 number of pipelines out of 4, to report a leader.
2019-10-21 05:45:12,841 [main] INFO  ozone.MiniOzoneClusterImpl (MiniOzoneClusterImpl.java:lambda$waitForClusterToBeReady$2(162)) - Waiting for 4 number of pipelines out of 4, to report a leader.
2019-10-21 05:45:13,842 [main] INFO  ozone.MiniOzoneClusterImpl (MiniOzoneClusterImpl.java:lambda$waitForClusterToBeReady$2(162)) - Waiting for 4 number of pipelines out of 4, to report a leader.
2019-10-21 05:45:13,993 [Thread-178] INFO  container.ReplicationManager (ReplicationManager.java:start(162)) - Starting Replication Monitor Thread.
2019-10-21 05:45:13,996 [Thread-178] INFO  pipeline.SCMPipelineManager (SCMPipelineManager.java:finalizeAndDestroyPipeline(343)) - destroying pipeline:Pipeline[ Id: 91a5e49f-69d1-4ad0-a58a-f7ff4b628dbc, Nodes: 4362eed3-8353-45aa-882f-c271ffff083f{ip: 192.168.164.197, host: pr-hdds-1868-qzls5-2202220713, networkLocation: /default-rack, certSerialId: null}, Type:RATIS, Factor:ONE, State:ALLOCATED]
2019-10-21 05:45:13,997 [Thread-178] INFO  pipeline.PipelineStateManager (PipelineStateManager.java:finalizePipeline(121)) - Pipeline Pipeline[ Id: 91a5e49f-69d1-4ad0-a58a-f7ff4b628dbc, Nodes: 4362eed3-8353-45aa-882f-c271ffff083f{ip: 192.168.164.197, host: pr-hdds-1868-qzls5-2202220713, networkLocation: /default-rack, certSerialId: null}, Type:RATIS, Factor:ONE, State:CLOSED] moved to CLOSED state
2019-10-21 05:45:13,998 [ReplicationMonitor] INFO  container.ReplicationManager (ReplicationManager.java:run(225)) - Replication Monitor Thread took 2 milliseconds for processing 0 containers.
2019-10-21 05:45:14,018 [grpc-default-executor-1] INFO  impl.RaftServerProxy (RaftServerProxy.java:remove(95)) - 4362eed3-8353-45aa-882f-c271ffff083f: remove  FOLLOWER 4362eed3-8353-45aa-882f-c271ffff083f@group-F7FF4B628DBC:t0, leader=null, voted=null, raftlog=4362eed3-8353-45aa-882f-c271ffff083f@group-F7FF4B628DBC-SegmentedRaftLog:OPENED:c-1,f-1,i0, conf=-1: [4362eed3-8353-45aa-882f-c271ffff083f:192.168.164.197:46068], old=null RUNNING
2019-10-21 05:45:14,021 [grpc-default-executor-1] INFO  impl.RaftServerImpl (RaftServerImpl.java:lambda$shutdown$3(250)) - 4362eed3-8353-45aa-882f-c271ffff083f@group-F7FF4B628DBC: shutdown
2019-10-21 05:45:14,021 [grpc-default-executor-1] INFO  util.JmxRegister (JmxRegister.java:unregister(73)) - Successfully un-registered JMX Bean with object name Ratis:service=RaftServer,group=group-F7FF4B628DBC,id=4362eed3-8353-45aa-882f-c271ffff083f
2019-10-21 05:45:14,021 [grpc-default-executor-1] INFO  impl.RoleInfo (RoleInfo.java:shutdownFollowerState(121)) - 4362eed3-8353-45aa-882f-c271ffff083f: shutdown FollowerState
2019-10-21 05:45:14,021 [grpc-default-executor-1] INFO  impl.StateMachineUpdater (StateMachineUpdater.java:stopAndJoin(136)) - 4362eed3-8353-45aa-882f-c271ffff083f@group-F7FF4B628DBC-StateMachineUpdater: set stopIndex = -1
2019-10-21 05:45:14,021 [Thread-186] INFO  impl.FollowerState (FollowerState.java:run(120)) - 4362eed3-8353-45aa-882f-c271ffff083f@group-F7FF4B628DBC-FollowerState was interrupted: java.lang.InterruptedException: sleep interrupted
2019-10-21 05:45:14,023 [grpc-default-executor-1] INFO  impl.RaftServerImpl (ServerState.java:close(387)) - 4362eed3-8353-45aa-882f-c271ffff083f@group-F7FF4B628DBC: closes. applyIndex: -1
2019-10-21 05:45:14,025 [4362eed3-8353-45aa-882f-c271ffff083f@group-F7FF4B628DBC-SegmentedRaftLogWorker] INFO  segmented.SegmentedRaftLogWorker (SegmentedRaftLogWorker.java:run(316)) - 4362eed3-8353-45aa-882f-c271ffff083f@group-F7FF4B628DBC-SegmentedRaftLogWorker was interrupted, exiting. There are 0 tasks remaining in the queue.
2019-10-21 05:45:14,027 [grpc-default-executor-1] INFO  segmented.SegmentedRaftLogWorker (SegmentedRaftLogWorker.java:close(224)) - 4362eed3-8353-45aa-882f-c271ffff083f@group-F7FF4B628DBC-SegmentedRaftLogWorker close()
2019-10-21 05:45:14,037 [Thread-178] INFO  pipeline.PipelineStateManager (PipelineStateManager.java:removePipeline(106)) - Pipeline Pipeline[ Id: 91a5e49f-69d1-4ad0-a58a-f7ff4b628dbc, Nodes: 4362eed3-8353-45aa-882f-c271ffff083f{ip: 192.168.164.197, host: pr-hdds-1868-qzls5-2202220713, networkLocation: /default-rack, certSerialId: null}, Type:RATIS, Factor:ONE, State:CLOSED] removed from db
2019-10-21 05:45:14,038 [Thread-178] INFO  pipeline.SCMPipelineManager (SCMPipelineManager.java:finalizeAndDestroyPipeline(343)) - destroying pipeline:Pipeline[ Id: 7556e521-e797-4beb-b8c5-ffa65e3449bd, Nodes: 8c8f7b37-153b-4e35-963f-11e686a392f9{ip: 192.168.164.197, host: pr-hdds-1868-qzls5-2202220713, networkLocation: /default-rack, certSerialId: null}, Type:RATIS, Factor:ONE, State:ALLOCATED]
2019-10-21 05:45:14,046 [grpc-default-executor-1] INFO  impl.RaftServerProxy (RaftServerProxy.java:addNew(89)) - 4362eed3-8353-45aa-882f-c271ffff083f: addNew group-FC338AA72874:[4362eed3-8353-45aa-882f-c271ffff083f:192.168.164.197:46068] returns group-FC338AA72874:java.util.concurrent.CompletableFuture@176c0e63[Not completed]
2019-10-21 05:45:14,048 [pool-37-thread-1] INFO  impl.RaftServerImpl (RaftServerImpl.java:<init>(98)) - 4362eed3-8353-45aa-882f-c271ffff083f: new RaftServerImpl for group-FC338AA72874:[4362eed3-8353-45aa-882f-c271ffff083f:192.168.164.197:46068] with ContainerStateMachine:uninitialized
2019-10-21 05:45:14,048 [pool-37-thread-1] INFO  server.RaftServerConfigKeys (ConfUtils.java:logGet(43)) - raft.server.rpc.timeout.min = 5s (custom)
2019-10-21 05:45:14,048 [pool-37-thread-1] INFO  server.RaftServerConfigKeys (ConfUtils.java:logGet(43)) - raft.server.rpc.timeout.max = 5200ms (custom)
2019-10-21 05:45:14,048 [pool-37-thread-1] INFO  server.RaftServerConfigKeys (ConfUtils.java:logGet(43)) - raft.server.rpcslowness.timeout = 120s (custom)
2019-10-21 05:45:14,049 [pool-37-thread-1] INFO  server.RaftServerConfigKeys (ConfUtils.java:logGet(43)) - raft.server.sleep.deviation.threshold = 300 (default)
2019-10-21 05:45:14,049 [pool-37-thread-1] INFO  server.RaftServerConfigKeys (ConfUtils.java:logGet(43)) - raft.server.log.appender.install.snapshot.enabled = false (custom)
2019-10-21 05:45:14,049 [pool-37-thread-1] INFO  impl.RaftServerImpl (ServerState.java:<init>(103)) - 4362eed3-8353-45aa-882f-c271ffff083f@group-FC338AA72874: ConfigurationManager, init=-1: [4362eed3-8353-45aa-882f-c271ffff083f:192.168.164.197:46068], old=null, confs=<EMPTY_MAP>
2019-10-21 05:45:14,049 [pool-37-thread-1] INFO  server.RaftServerConfigKeys (ConfUtils.java:logGet(43)) - raft.server.storage.dir = [/workdir/hadoop-ozone/integration-test/target/test-dir/MiniOzoneClusterImpl-93b22bd0-c23b-4638-a463-78c5d9798a83/datanode-1/data/ratis] (custom)
2019-10-21 05:45:14,049 [pool-37-thread-1] INFO  server.RaftServerConfigKeys (ConfUtils.java:logGet(43)) - raft.server.log.corruption.policy = EXCEPTION (default)
2019-10-21 05:45:14,050 [pool-37-thread-1] INFO  storage.RaftStorageDirectory (RaftStorageDirectory.java:analyzeStorage(246)) - The storage directory /workdir/hadoop-ozone/integration-test/target/test-dir/MiniOzoneClusterImpl-93b22bd0-c23b-4638-a463-78c5d9798a83/datanode-1/data/ratis/c7c3d90f-223a-4157-8977-fc338aa72874 does not exist. Creating ...
2019-10-21 05:45:14,075 [pool-37-thread-1] INFO  storage.RaftStorageDirectory (RaftStorageDirectory.java:tryLock(328)) - Lock on /workdir/hadoop-ozone/integration-test/target/test-dir/MiniOzoneClusterImpl-93b22bd0-c23b-4638-a463-78c5d9798a83/datanode-1/data/ratis/c7c3d90f-223a-4157-8977-fc338aa72874/in_use.lock acquired by nodename 29793@pr-hdds-1868-qzls5-2202220713
2019-10-21 05:45:14,106 [pool-37-thread-1] INFO  storage.RaftStorage (RaftStorage.java:format(84)) - Storage directory /workdir/hadoop-ozone/integration-test/target/test-dir/MiniOzoneClusterImpl-93b22bd0-c23b-4638-a463-78c5d9798a83/datanode-1/data/ratis/c7c3d90f-223a-4157-8977-fc338aa72874 has been successfully formatted.
2019-10-21 05:45:14,107 [pool-37-thread-1] INFO  ratis.ContainerStateMachine (ContainerStateMachine.java:loadSnapshot(233)) - group-FC338AA72874: The snapshot info is null. Setting the last applied indexto:(t:0, i:~)
2019-10-21 05:45:14,107 [pool-37-thread-1] INFO  server.RaftServerConfigKeys (ConfUtils.java:logGet(43)) - raft.server.notification.no-leader.timeout = 120s (custom)
2019-10-21 05:45:14,107 [pool-37-thread-1] INFO  server.RaftServerConfigKeys (ConfUtils.java:logGet(43)) - raft.server.log.use.memory = false (default)
2019-10-21 05:45:14,107 [pool-37-thread-1] INFO  server.RaftServerConfigKeys (ConfUtils.java:logGet(43)) - raft.server.log.purge.gap = 1000000 (custom)
2019-10-21 05:45:14,107 [pool-37-thread-1] INFO  server.RaftServerConfigKeys (ConfUtils.java:logGet(43)) - raft.server.log.appender.buffer.byte-limit = 33554432 (custom)
2019-10-21 05:45:14,108 [pool-37-thread-1] INFO  server.RaftServerConfigKeys (ConfUtils.java:logGet(43)) - raft.server.log.segment.size.max = 1048576 (custom)
2019-10-21 05:45:14,108 [pool-37-thread-1] INFO  server.RaftServerConfigKeys (ConfUtils.java:logGet(43)) - raft.server.log.segment.cache.num.max = 2 (custom)
2019-10-21 05:45:14,108 [pool-37-thread-1] INFO  segmented.SegmentedRaftLogWorker (SegmentedRaftLogWorker.java:<init>(173)) - new 4362eed3-8353-45aa-882f-c271ffff083f@group-FC338AA72874-SegmentedRaftLogWorker for RaftStorage:Storage Directory /workdir/hadoop-ozone/integration-test/target/test-dir/MiniOzoneClusterImpl-93b22bd0-c23b-4638-a463-78c5d9798a83/datanode-1/data/ratis/c7c3d90f-223a-4157-8977-fc338aa72874
2019-10-21 05:45:14,108 [pool-37-thread-1] INFO  server.RaftServerConfigKeys (ConfUtils.java:logGet(43)) - raft.server.log.queue.byte-limit = 2147483647 (custom)
2019-10-21 05:45:14,108 [pool-37-thread-1] INFO  server.RaftServerConfigKeys (ConfUtils.java:logGet(43)) - raft.server.log.queue.element-limit = 1024 (custom)
2019-10-21 05:45:14,108 [pool-37-thread-1] INFO  server.RaftServerConfigKeys (ConfUtils.java:logGet(43)) - raft.server.log.segment.size.max = 1048576 (custom)
2019-10-21 05:45:14,108 [pool-37-thread-1] INFO  server.RaftServerConfigKeys (ConfUtils.java:logGet(43)) - raft.server.log.preallocated.size = 16384 (custom)
2019-10-21 05:45:14,108 [pool-37-thread-1] INFO  server.RaftServerConfigKeys (ConfUtils.java:logGet(43)) - raft.server.log.write.buffer.size = 33554432 (custom)
2019-10-21 05:45:14,109 [pool-37-thread-1] INFO  server.RaftServerConfigKeys (ConfUtils.java:logGet(43)) - raft.server.log.force.sync.num = 128 (default)
2019-10-21 05:45:14,109 [pool-37-thread-1] INFO  server.RaftServerConfigKeys (ConfUtils.java:logGet(43)) - raft.server.log.statemachine.data.sync = true (default)
2019-10-21 05:45:14,109 [pool-37-thread-1] INFO  server.RaftServerConfigKeys (ConfUtils.java:logGet(43)) - raft.server.log.statemachine.data.sync.timeout = 10s (default)
2019-10-21 05:45:14,109 [pool-37-thread-1] INFO  server.RaftServerConfigKeys (ConfUtils.java:logGet(43)) - raft.server.log.statemachine.data.sync.timeout.retry = -1 (default)
2019-10-21 05:45:14,109 [pool-37-thread-1] INFO  server.RaftServerConfigKeys (ConfUtils.java:logGet(43)) - raft.server.log.statemachine.data.caching.enabled = true (custom)
2019-10-21 05:45:14,110 [pool-37-thread-1] INFO  segmented.SegmentedRaftLogWorker (SegmentedRaftLogWorker.java:lambda$new$0(128)) - 4362eed3-8353-45aa-882f-c271ffff083f@group-FC338AA72874-SegmentedRaftLogWorker: flushIndex: setUnconditionally 0 -> -1
2019-10-21 05:45:14,110 [pool-37-thread-1] INFO  server.RaftServerConfigKeys (ConfUtils.java:logGet(43)) - raft.server.snapshot.auto.trigger.enabled = true (custom)
2019-10-21 05:45:14,110 [pool-37-thread-1] INFO  server.RaftServerConfigKeys (ConfUtils.java:logGet(43)) - raft.server.snapshot.auto.trigger.threshold = 10000 (custom)
2019-10-21 05:45:14,110 [pool-37-thread-1] INFO  server.RaftServerConfigKeys (ConfUtils.java:logGet(43)) - raft.server.snapshot.retention.file.num = 5 (custom)
2019-10-21 05:45:14,110 [pool-37-thread-1] INFO  server.RaftServerConfigKeys (ConfUtils.java:logGet(43)) - raft.server.retrycache.expirytime = 600000ms (custom)
2019-10-21 05:45:14,111 [pool-37-thread-1] WARN  impl.MetricRegistriesImpl (MetricRegistriesImpl.java:lambda$create$1(61)) - First MetricRegistry has been created without registering reporters. You may need to call MetricRegistries.global().addReportRegistration(...) before.
2019-10-21 05:45:14,111 [pool-37-thread-1] WARN  impl.MetricRegistriesImpl (MetricRegistriesImpl.java:lambda$create$1(61)) - First MetricRegistry has been created without registering reporters. You may need to call MetricRegistries.global().addReportRegistration(...) before.
2019-10-21 05:45:14,111 [pool-37-thread-1] INFO  impl.RaftServerImpl (RaftServerImpl.java:start(184)) - 4362eed3-8353-45aa-882f-c271ffff083f@group-FC338AA72874: start as a follower, conf=-1: [4362eed3-8353-45aa-882f-c271ffff083f:192.168.164.197:46068], old=null
2019-10-21 05:45:14,111 [pool-37-thread-1] INFO  impl.RaftServerImpl (RaftServerImpl.java:setRole(173)) - 4362eed3-8353-45aa-882f-c271ffff083f@group-FC338AA72874: changes role from      null to FOLLOWER at term 0 for startAsFollower
2019-10-21 05:45:14,111 [pool-37-thread-1] INFO  impl.RoleInfo (RoleInfo.java:updateAndGet(143)) - 4362eed3-8353-45aa-882f-c271ffff083f: start FollowerState
2019-10-21 05:45:14,112 [pool-37-thread-1] INFO  util.JmxRegister (JmxRegister.java:tryRegister(44)) - Successfully registered JMX Bean with object name Ratis:service=RaftServer,group=group-FC338AA72874,id=4362eed3-8353-45aa-882f-c271ffff083f
2019-10-21 05:45:14,112 [pool-37-thread-1] WARN  impl.MetricRegistriesImpl (MetricRegistriesImpl.java:lambda$create$1(61)) - First MetricRegistry has been created without registering reporters. You may need to call MetricRegistries.global().addReportRegistration(...) before.
2019-10-21 05:45:14,119 [RatisPipelineUtilsThread] INFO  pipeline.PipelineStateManager (PipelineStateManager.java:addPipeline(55)) - Created pipeline Pipeline[ Id: c7c3d90f-223a-4157-8977-fc338aa72874, Nodes: 4362eed3-8353-45aa-882f-c271ffff083f{ip: 192.168.164.197, host: pr-hdds-1868-qzls5-2202220713, networkLocation: /default-rack, certSerialId: null}, Type:RATIS, Factor:ONE, State:ALLOCATED]
2019-10-21 05:45:14,120 [Thread-178] INFO  pipeline.PipelineStateManager (PipelineStateManager.java:finalizePipeline(121)) - Pipeline Pipeline[ Id: 7556e521-e797-4beb-b8c5-ffa65e3449bd, Nodes: 8c8f7b37-153b-4e35-963f-11e686a392f9{ip: 192.168.164.197, host: pr-hdds-1868-qzls5-2202220713, networkLocation: /default-rack, certSerialId: null}, Type:RATIS, Factor:ONE, State:CLOSED] moved to CLOSED state
2019-10-21 05:45:14,130 [grpc-default-executor-1] INFO  impl.RaftServerProxy (RaftServerProxy.java:remove(95)) - 8c8f7b37-153b-4e35-963f-11e686a392f9: remove  FOLLOWER 8c8f7b37-153b-4e35-963f-11e686a392f9@group-FFA65E3449BD:t0, leader=null, voted=null, raftlog=8c8f7b37-153b-4e35-963f-11e686a392f9@group-FFA65E3449BD-SegmentedRaftLog:OPENED:c-1,f-1,i0, conf=-1: [8c8f7b37-153b-4e35-963f-11e686a392f9:192.168.164.197:45513], old=null RUNNING
2019-10-21 05:45:14,131 [grpc-default-executor-1] INFO  impl.RaftServerImpl (RaftServerImpl.java:lambda$shutdown$3(250)) - 8c8f7b37-153b-4e35-963f-11e686a392f9@group-FFA65E3449BD: shutdown
2019-10-21 05:45:14,131 [grpc-default-executor-1] INFO  util.JmxRegister (JmxRegister.java:unregister(73)) - Successfully un-registered JMX Bean with object name Ratis:service=RaftServer,group=group-FFA65E3449BD,id=8c8f7b37-153b-4e35-963f-11e686a392f9
2019-10-21 05:45:14,131 [grpc-default-executor-1] INFO  impl.RoleInfo (RoleInfo.java:shutdownFollowerState(121)) - 8c8f7b37-153b-4e35-963f-11e686a392f9: shutdown FollowerState
2019-10-21 05:45:14,131 [grpc-default-executor-1] INFO  impl.StateMachineUpdater (StateMachineUpdater.java:stopAndJoin(136)) - 8c8f7b37-153b-4e35-963f-11e686a392f9@group-FFA65E3449BD-StateMachineUpdater: set stopIndex = -1
2019-10-21 05:45:14,131 [Thread-183] INFO  impl.FollowerState (FollowerState.java:run(120)) - 8c8f7b37-153b-4e35-963f-11e686a392f9@group-FFA65E3449BD-FollowerState was interrupted: java.lang.InterruptedException: sleep interrupted
2019-10-21 05:45:14,133 [grpc-default-executor-1] INFO  impl.RaftServerImpl (ServerState.java:close(387)) - 8c8f7b37-153b-4e35-963f-11e686a392f9@group-FFA65E3449BD: closes. applyIndex: -1
2019-10-21 05:45:14,133 [8c8f7b37-153b-4e35-963f-11e686a392f9@group-FFA65E3449BD-SegmentedRaftLogWorker] INFO  segmented.SegmentedRaftLogWorker (SegmentedRaftLogWorker.java:run(316)) - 8c8f7b37-153b-4e35-963f-11e686a392f9@group-FFA65E3449BD-SegmentedRaftLogWorker was interrupted, exiting. There are 0 tasks remaining in the queue.
2019-10-21 05:45:14,133 [grpc-default-executor-1] INFO  segmented.SegmentedRaftLogWorker (SegmentedRaftLogWorker.java:close(224)) - 8c8f7b37-153b-4e35-963f-11e686a392f9@group-FFA65E3449BD-SegmentedRaftLogWorker close()
2019-10-21 05:45:14,141 [Thread-178] INFO  pipeline.PipelineStateManager (PipelineStateManager.java:removePipeline(106)) - Pipeline Pipeline[ Id: 7556e521-e797-4beb-b8c5-ffa65e3449bd, Nodes: 8c8f7b37-153b-4e35-963f-11e686a392f9{ip: 192.168.164.197, host: pr-hdds-1868-qzls5-2202220713, networkLocation: /default-rack, certSerialId: null}, Type:RATIS, Factor:ONE, State:CLOSED] removed from db
2019-10-21 05:45:14,141 [Thread-178] INFO  pipeline.SCMPipelineManager (SCMPipelineManager.java:finalizeAndDestroyPipeline(343)) - destroying pipeline:Pipeline[ Id: d59ba5d1-829b-4514-9a64-d564e79ebc64, Nodes: aa5bd0f1-07e3-41cb-85b2-7024559f4a76{ip: 192.168.164.197, host: pr-hdds-1868-qzls5-2202220713, networkLocation: /default-rack, certSerialId: null}, Type:RATIS, Factor:ONE, State:ALLOCATED]
2019-10-21 05:45:14,151 [grpc-default-executor-1] INFO  impl.RaftServerProxy (RaftServerProxy.java:addNew(89)) - 8c8f7b37-153b-4e35-963f-11e686a392f9: addNew group-9DE810F17A48:[8c8f7b37-153b-4e35-963f-11e686a392f9:192.168.164.197:45513] returns group-9DE810F17A48:java.util.concurrent.CompletableFuture@4a8c92d7[Not completed]
2019-10-21 05:45:14,153 [pool-47-thread-1] INFO  impl.RaftServerImpl (RaftServerImpl.java:<init>(98)) - 8c8f7b37-153b-4e35-963f-11e686a392f9: new RaftServerImpl for group-9DE810F17A48:[8c8f7b37-153b-4e35-963f-11e686a392f9:192.168.164.197:45513] with ContainerStateMachine:uninitialized
2019-10-21 05:45:14,153 [pool-47-thread-1] INFO  server.RaftServerConfigKeys (ConfUtils.java:logGet(43)) - raft.server.rpc.timeout.min = 5s (custom)
2019-10-21 05:45:14,153 [pool-47-thread-1] INFO  server.RaftServerConfigKeys (ConfUtils.java:logGet(43)) - raft.server.rpc.timeout.max = 5200ms (custom)
2019-10-21 05:45:14,154 [pool-47-thread-1] INFO  server.RaftServerConfigKeys (ConfUtils.java:logGet(43)) - raft.server.rpcslowness.timeout = 120s (custom)
2019-10-21 05:45:14,154 [pool-47-thread-1] INFO  server.RaftServerConfigKeys (ConfUtils.java:logGet(43)) - raft.server.sleep.deviation.threshold = 300 (default)
2019-10-21 05:45:14,154 [pool-47-thread-1] INFO  server.RaftServerConfigKeys (ConfUtils.java:logGet(43)) - raft.server.log.appender.install.snapshot.enabled = false (custom)
2019-10-21 05:45:14,154 [pool-47-thread-1] INFO  impl.RaftServerImpl (ServerState.java:<init>(103)) - 8c8f7b37-153b-4e35-963f-11e686a392f9@group-9DE810F17A48: ConfigurationManager, init=-1: [8c8f7b37-153b-4e35-963f-11e686a392f9:192.168.164.197:45513], old=null, confs=<EMPTY_MAP>
2019-10-21 05:45:14,154 [pool-47-thread-1] INFO  server.RaftServerConfigKeys (ConfUtils.java:logGet(43)) - raft.server.storage.dir = [/workdir/hadoop-ozone/integration-test/target/test-dir/MiniOzoneClusterImpl-93b22bd0-c23b-4638-a463-78c5d9798a83/datanode-2/data/ratis] (custom)
2019-10-21 05:45:14,154 [pool-47-thread-1] INFO  server.RaftServerConfigKeys (ConfUtils.java:logGet(43)) - raft.server.log.corruption.policy = EXCEPTION (default)
2019-10-21 05:45:14,155 [pool-47-thread-1] INFO  storage.RaftStorageDirectory (RaftStorageDirectory.java:analyzeStorage(246)) - The storage directory /workdir/hadoop-ozone/integration-test/target/test-dir/MiniOzoneClusterImpl-93b22bd0-c23b-4638-a463-78c5d9798a83/datanode-2/data/ratis/5e24d458-20ce-42b0-a28a-9de810f17a48 does not exist. Creating ...
2019-10-21 05:45:14,168 [pool-47-thread-1] INFO  storage.RaftStorageDirectory (RaftStorageDirectory.java:tryLock(328)) - Lock on /workdir/hadoop-ozone/integration-test/target/test-dir/MiniOzoneClusterImpl-93b22bd0-c23b-4638-a463-78c5d9798a83/datanode-2/data/ratis/5e24d458-20ce-42b0-a28a-9de810f17a48/in_use.lock acquired by nodename 29793@pr-hdds-1868-qzls5-2202220713
2019-10-21 05:45:14,181 [pool-47-thread-1] INFO  storage.RaftStorage (RaftStorage.java:format(84)) - Storage directory /workdir/hadoop-ozone/integration-test/target/test-dir/MiniOzoneClusterImpl-93b22bd0-c23b-4638-a463-78c5d9798a83/datanode-2/data/ratis/5e24d458-20ce-42b0-a28a-9de810f17a48 has been successfully formatted.
2019-10-21 05:45:14,181 [pool-47-thread-1] INFO  ratis.ContainerStateMachine (ContainerStateMachine.java:loadSnapshot(233)) - group-9DE810F17A48: The snapshot info is null. Setting the last applied indexto:(t:0, i:~)
2019-10-21 05:45:14,181 [pool-47-thread-1] INFO  server.RaftServerConfigKeys (ConfUtils.java:logGet(43)) - raft.server.notification.no-leader.timeout = 120s (custom)
2019-10-21 05:45:14,182 [pool-47-thread-1] INFO  server.RaftServerConfigKeys (ConfUtils.java:logGet(43)) - raft.server.log.use.memory = false (default)
2019-10-21 05:45:14,182 [pool-47-thread-1] INFO  server.RaftServerConfigKeys (ConfUtils.java:logGet(43)) - raft.server.log.purge.gap = 1000000 (custom)
2019-10-21 05:45:14,182 [pool-47-thread-1] INFO  server.RaftServerConfigKeys (ConfUtils.java:logGet(43)) - raft.server.log.appender.buffer.byte-limit = 33554432 (custom)
2019-10-21 05:45:14,182 [pool-47-thread-1] INFO  server.RaftServerConfigKeys (ConfUtils.java:logGet(43)) - raft.server.log.segment.size.max = 1048576 (custom)
2019-10-21 05:45:14,182 [pool-47-thread-1] INFO  server.RaftServerConfigKeys (ConfUtils.java:logGet(43)) - raft.server.log.segment.cache.num.max = 2 (custom)
2019-10-21 05:45:14,182 [pool-47-thread-1] INFO  segmented.SegmentedRaftLogWorker (SegmentedRaftLogWorker.java:<init>(173)) - new 8c8f7b37-153b-4e35-963f-11e686a392f9@group-9DE810F17A48-SegmentedRaftLogWorker for RaftStorage:Storage Directory /workdir/hadoop-ozone/integration-test/target/test-dir/MiniOzoneClusterImpl-93b22bd0-c23b-4638-a463-78c5d9798a83/datanode-2/data/ratis/5e24d458-20ce-42b0-a28a-9de810f17a48
2019-10-21 05:45:14,182 [pool-47-thread-1] INFO  server.RaftServerConfigKeys (ConfUtils.java:logGet(43)) - raft.server.log.queue.byte-limit = 2147483647 (custom)
2019-10-21 05:45:14,182 [pool-47-thread-1] INFO  server.RaftServerConfigKeys (ConfUtils.java:logGet(43)) - raft.server.log.queue.element-limit = 1024 (custom)
2019-10-21 05:45:14,183 [pool-47-thread-1] INFO  server.RaftServerConfigKeys (ConfUtils.java:logGet(43)) - raft.server.log.segment.size.max = 1048576 (custom)
2019-10-21 05:45:14,183 [pool-47-thread-1] INFO  server.RaftServerConfigKeys (ConfUtils.java:logGet(43)) - raft.server.log.preallocated.size = 16384 (custom)
2019-10-21 05:45:14,183 [pool-47-thread-1] INFO  server.RaftServerConfigKeys (ConfUtils.java:logGet(43)) - raft.server.log.write.buffer.size = 33554432 (custom)
2019-10-21 05:45:14,183 [pool-47-thread-1] INFO  server.RaftServerConfigKeys (ConfUtils.java:logGet(43)) - raft.server.log.force.sync.num = 128 (default)
2019-10-21 05:45:14,183 [pool-47-thread-1] INFO  server.RaftServerConfigKeys (ConfUtils.java:logGet(43)) - raft.server.log.statemachine.data.sync = true (default)
2019-10-21 05:45:14,183 [pool-47-thread-1] INFO  server.RaftServerConfigKeys (ConfUtils.java:logGet(43)) - raft.server.log.statemachine.data.sync.timeout = 10s (default)
2019-10-21 05:45:14,183 [pool-47-thread-1] INFO  server.RaftServerConfigKeys (ConfUtils.java:logGet(43)) - raft.server.log.statemachine.data.sync.timeout.retry = -1 (default)
2019-10-21 05:45:14,184 [pool-47-thread-1] INFO  server.RaftServerConfigKeys (ConfUtils.java:logGet(43)) - raft.server.log.statemachine.data.caching.enabled = true (custom)
2019-10-21 05:45:14,184 [pool-47-thread-1] INFO  segmented.SegmentedRaftLogWorker (SegmentedRaftLogWorker.java:lambda$new$0(128)) - 8c8f7b37-153b-4e35-963f-11e686a392f9@group-9DE810F17A48-SegmentedRaftLogWorker: flushIndex: setUnconditionally 0 -> -1
2019-10-21 05:45:14,184 [pool-47-thread-1] INFO  server.RaftServerConfigKeys (ConfUtils.java:logGet(43)) - raft.server.snapshot.auto.trigger.enabled = true (custom)
2019-10-21 05:45:14,184 [pool-47-thread-1] INFO  server.RaftServerConfigKeys (ConfUtils.java:logGet(43)) - raft.server.snapshot.auto.trigger.threshold = 10000 (custom)
2019-10-21 05:45:14,184 [pool-47-thread-1] INFO  server.RaftServerConfigKeys (ConfUtils.java:logGet(43)) - raft.server.snapshot.retention.file.num = 5 (custom)
2019-10-21 05:45:14,184 [pool-47-thread-1] INFO  server.RaftServerConfigKeys (ConfUtils.java:logGet(43)) - raft.server.retrycache.expirytime = 600000ms (custom)
2019-10-21 05:45:14,185 [pool-47-thread-1] WARN  impl.MetricRegistriesImpl (MetricRegistriesImpl.java:lambda$create$1(61)) - First MetricRegistry has been created without registering reporters. You may need to call MetricRegistries.global().addReportRegistration(...) before.
2019-10-21 05:45:14,185 [pool-47-thread-1] WARN  impl.MetricRegistriesImpl (MetricRegistriesImpl.java:lambda$create$1(61)) - First MetricRegistry has been created without registering reporters. You may need to call MetricRegistries.global().addReportRegistration(...) before.
2019-10-21 05:45:14,185 [pool-47-thread-1] INFO  impl.RaftServerImpl (RaftServerImpl.java:start(184)) - 8c8f7b37-153b-4e35-963f-11e686a392f9@group-9DE810F17A48: start as a follower, conf=-1: [8c8f7b37-153b-4e35-963f-11e686a392f9:192.168.164.197:45513], old=null
2019-10-21 05:45:14,185 [pool-47-thread-1] INFO  impl.RaftServerImpl (RaftServerImpl.java:setRole(173)) - 8c8f7b37-153b-4e35-963f-11e686a392f9@group-9DE810F17A48: changes role from      null to FOLLOWER at term 0 for startAsFollower
2019-10-21 05:45:14,185 [pool-47-thread-1] INFO  impl.RoleInfo (RoleInfo.java:updateAndGet(143)) - 8c8f7b37-153b-4e35-963f-11e686a392f9: start FollowerState
2019-10-21 05:45:14,186 [pool-47-thread-1] INFO  util.JmxRegister (JmxRegister.java:tryRegister(44)) - Successfully registered JMX Bean with object name Ratis:service=RaftServer,group=group-9DE810F17A48,id=8c8f7b37-153b-4e35-963f-11e686a392f9
2019-10-21 05:45:14,186 [pool-47-thread-1] WARN  impl.MetricRegistriesImpl (MetricRegistriesImpl.java:lambda$create$1(61)) - First MetricRegistry has been created without registering reporters. You may need to call MetricRegistries.global().addReportRegistration(...) before.
2019-10-21 05:45:14,191 [RatisPipelineUtilsThread] INFO  pipeline.PipelineStateManager (PipelineStateManager.java:addPipeline(55)) - Created pipeline Pipeline[ Id: 5e24d458-20ce-42b0-a28a-9de810f17a48, Nodes: 8c8f7b37-153b-4e35-963f-11e686a392f9{ip: 192.168.164.197, host: pr-hdds-1868-qzls5-2202220713, networkLocation: /default-rack, certSerialId: null}, Type:RATIS, Factor:ONE, State:ALLOCATED]
2019-10-21 05:45:14,192 [Thread-178] INFO  pipeline.PipelineStateManager (PipelineStateManager.java:finalizePipeline(121)) - Pipeline Pipeline[ Id: d59ba5d1-829b-4514-9a64-d564e79ebc64, Nodes: aa5bd0f1-07e3-41cb-85b2-7024559f4a76{ip: 192.168.164.197, host: pr-hdds-1868-qzls5-2202220713, networkLocation: /default-rack, certSerialId: null}, Type:RATIS, Factor:ONE, State:CLOSED] moved to CLOSED state
2019-10-21 05:45:14,200 [grpc-default-executor-1] INFO  impl.RaftServerProxy (RaftServerProxy.java:remove(95)) - aa5bd0f1-07e3-41cb-85b2-7024559f4a76: remove  FOLLOWER aa5bd0f1-07e3-41cb-85b2-7024559f4a76@group-D564E79EBC64:t0, leader=null, voted=null, raftlog=aa5bd0f1-07e3-41cb-85b2-7024559f4a76@group-D564E79EBC64-SegmentedRaftLog:OPENED:c-1,f-1,i0, conf=-1: [aa5bd0f1-07e3-41cb-85b2-7024559f4a76:192.168.164.197:46790], old=null RUNNING
2019-10-21 05:45:14,200 [grpc-default-executor-1] INFO  impl.RaftServerImpl (RaftServerImpl.java:lambda$shutdown$3(250)) - aa5bd0f1-07e3-41cb-85b2-7024559f4a76@group-D564E79EBC64: shutdown
2019-10-21 05:45:14,200 [grpc-default-executor-1] INFO  util.JmxRegister (JmxRegister.java:unregister(73)) - Successfully un-registered JMX Bean with object name Ratis:service=RaftServer,group=group-D564E79EBC64,id=aa5bd0f1-07e3-41cb-85b2-7024559f4a76
2019-10-21 05:45:14,201 [grpc-default-executor-1] INFO  impl.RoleInfo (RoleInfo.java:shutdownFollowerState(121)) - aa5bd0f1-07e3-41cb-85b2-7024559f4a76: shutdown FollowerState
2019-10-21 05:45:14,201 [grpc-default-executor-1] INFO  impl.StateMachineUpdater (StateMachineUpdater.java:stopAndJoin(136)) - aa5bd0f1-07e3-41cb-85b2-7024559f4a76@group-D564E79EBC64-StateMachineUpdater: set stopIndex = -1
2019-10-21 05:45:14,201 [Thread-180] INFO  impl.FollowerState (FollowerState.java:run(120)) - aa5bd0f1-07e3-41cb-85b2-7024559f4a76@group-D564E79EBC64-FollowerState was interrupted: java.lang.InterruptedException: sleep interrupted
2019-10-21 05:45:14,201 [grpc-default-executor-1] INFO  impl.RaftServerImpl (ServerState.java:close(387)) - aa5bd0f1-07e3-41cb-85b2-7024559f4a76@group-D564E79EBC64: closes. applyIndex: -1
2019-10-21 05:45:14,202 [aa5bd0f1-07e3-41cb-85b2-7024559f4a76@group-D564E79EBC64-SegmentedRaftLogWorker] INFO  segmented.SegmentedRaftLogWorker (SegmentedRaftLogWorker.java:run(316)) - aa5bd0f1-07e3-41cb-85b2-7024559f4a76@group-D564E79EBC64-SegmentedRaftLogWorker was interrupted, exiting. There are 0 tasks remaining in the queue.
2019-10-21 05:45:14,202 [grpc-default-executor-1] INFO  segmented.SegmentedRaftLogWorker (SegmentedRaftLogWorker.java:close(224)) - aa5bd0f1-07e3-41cb-85b2-7024559f4a76@group-D564E79EBC64-SegmentedRaftLogWorker close()
2019-10-21 05:45:14,208 [Thread-178] INFO  pipeline.PipelineStateManager (PipelineStateManager.java:removePipeline(106)) - Pipeline Pipeline[ Id: d59ba5d1-829b-4514-9a64-d564e79ebc64, Nodes: aa5bd0f1-07e3-41cb-85b2-7024559f4a76{ip: 192.168.164.197, host: pr-hdds-1868-qzls5-2202220713, networkLocation: /default-rack, certSerialId: null}, Type:RATIS, Factor:ONE, State:CLOSED] removed from db
2019-10-21 05:45:14,208 [Thread-178] INFO  pipeline.SCMPipelineManager (SCMPipelineManager.java:finalizeAndDestroyPipeline(343)) - destroying pipeline:Pipeline[ Id: 27214b4f-e777-4845-a95d-c45c73170215, Nodes: 8c8f7b37-153b-4e35-963f-11e686a392f9{ip: 192.168.164.197, host: pr-hdds-1868-qzls5-2202220713, networkLocation: /default-rack, certSerialId: null}4362eed3-8353-45aa-882f-c271ffff083f{ip: 192.168.164.197, host: pr-hdds-1868-qzls5-2202220713, networkLocation: /default-rack, certSerialId: null}aa5bd0f1-07e3-41cb-85b2-7024559f4a76{ip: 192.168.164.197, host: pr-hdds-1868-qzls5-2202220713, networkLocation: /default-rack, certSerialId: null}, Type:RATIS, Factor:THREE, State:ALLOCATED]
2019-10-21 05:45:14,216 [grpc-default-executor-1] INFO  impl.RaftServerProxy (RaftServerProxy.java:addNew(89)) - aa5bd0f1-07e3-41cb-85b2-7024559f4a76: addNew group-E0A603011950:[aa5bd0f1-07e3-41cb-85b2-7024559f4a76:192.168.164.197:46790] returns group-E0A603011950:java.util.concurrent.CompletableFuture@2aff21e8[Not completed]
2019-10-21 05:45:14,218 [pool-27-thread-1] INFO  impl.RaftServerImpl (RaftServerImpl.java:<init>(98)) - aa5bd0f1-07e3-41cb-85b2-7024559f4a76: new RaftServerImpl for group-E0A603011950:[aa5bd0f1-07e3-41cb-85b2-7024559f4a76:192.168.164.197:46790] with ContainerStateMachine:uninitialized
2019-10-21 05:45:14,218 [pool-27-thread-1] INFO  server.RaftServerConfigKeys (ConfUtils.java:logGet(43)) - raft.server.rpc.timeout.min = 5s (custom)
2019-10-21 05:45:14,218 [pool-27-thread-1] INFO  server.RaftServerConfigKeys (ConfUtils.java:logGet(43)) - raft.server.rpc.timeout.max = 5200ms (custom)
2019-10-21 05:45:14,219 [pool-27-thread-1] INFO  server.RaftServerConfigKeys (ConfUtils.java:logGet(43)) - raft.server.rpcslowness.timeout = 120s (custom)
2019-10-21 05:45:14,219 [pool-27-thread-1] INFO  server.RaftServerConfigKeys (ConfUtils.java:logGet(43)) - raft.server.sleep.deviation.threshold = 300 (default)
2019-10-21 05:45:14,219 [pool-27-thread-1] INFO  server.RaftServerConfigKeys (ConfUtils.java:logGet(43)) - raft.server.log.appender.install.snapshot.enabled = false (custom)
2019-10-21 05:45:14,219 [pool-27-thread-1] INFO  impl.RaftServerImpl (ServerState.java:<init>(103)) - aa5bd0f1-07e3-41cb-85b2-7024559f4a76@group-E0A603011950: ConfigurationManager, init=-1: [aa5bd0f1-07e3-41cb-85b2-7024559f4a76:192.168.164.197:46790], old=null, confs=<EMPTY_MAP>
2019-10-21 05:45:14,219 [pool-27-thread-1] INFO  server.RaftServerConfigKeys (ConfUtils.java:logGet(43)) - raft.server.storage.dir = [/workdir/hadoop-ozone/integration-test/target/test-dir/MiniOzoneClusterImpl-93b22bd0-c23b-4638-a463-78c5d9798a83/datanode-0/data/ratis] (custom)
2019-10-21 05:45:14,219 [pool-27-thread-1] INFO  server.RaftServerConfigKeys (ConfUtils.java:logGet(43)) - raft.server.log.corruption.policy = EXCEPTION (default)
2019-10-21 05:45:14,220 [pool-27-thread-1] INFO  storage.RaftStorageDirectory (RaftStorageDirectory.java:analyzeStorage(246)) - The storage directory /workdir/hadoop-ozone/integration-test/target/test-dir/MiniOzoneClusterImpl-93b22bd0-c23b-4638-a463-78c5d9798a83/datanode-0/data/ratis/73bc0e15-d6c0-457a-b987-e0a603011950 does not exist. Creating ...
2019-10-21 05:45:14,241 [pool-27-thread-1] INFO  storage.RaftStorageDirectory (RaftStorageDirectory.java:tryLock(328)) - Lock on /workdir/hadoop-ozone/integration-test/target/test-dir/MiniOzoneClusterImpl-93b22bd0-c23b-4638-a463-78c5d9798a83/datanode-0/data/ratis/73bc0e15-d6c0-457a-b987-e0a603011950/in_use.lock acquired by nodename 29793@pr-hdds-1868-qzls5-2202220713
2019-10-21 05:45:14,255 [pool-27-thread-1] INFO  storage.RaftStorage (RaftStorage.java:format(84)) - Storage directory /workdir/hadoop-ozone/integration-test/target/test-dir/MiniOzoneClusterImpl-93b22bd0-c23b-4638-a463-78c5d9798a83/datanode-0/data/ratis/73bc0e15-d6c0-457a-b987-e0a603011950 has been successfully formatted.
2019-10-21 05:45:14,255 [pool-27-thread-1] INFO  ratis.ContainerStateMachine (ContainerStateMachine.java:loadSnapshot(233)) - group-E0A603011950: The snapshot info is null. Setting the last applied indexto:(t:0, i:~)
2019-10-21 05:45:14,255 [pool-27-thread-1] INFO  server.RaftServerConfigKeys (ConfUtils.java:logGet(43)) - raft.server.notification.no-leader.timeout = 120s (custom)
2019-10-21 05:45:14,256 [pool-27-thread-1] INFO  server.RaftServerConfigKeys (ConfUtils.java:logGet(43)) - raft.server.log.use.memory = false (default)
2019-10-21 05:45:14,256 [pool-27-thread-1] INFO  server.RaftServerConfigKeys (ConfUtils.java:logGet(43)) - raft.server.log.purge.gap = 1000000 (custom)
2019-10-21 05:45:14,256 [pool-27-thread-1] INFO  server.RaftServerConfigKeys (ConfUtils.java:logGet(43)) - raft.server.log.appender.buffer.byte-limit = 33554432 (custom)
2019-10-21 05:45:14,256 [pool-27-thread-1] INFO  server.RaftServerConfigKeys (ConfUtils.java:logGet(43)) - raft.server.log.segment.size.max = 1048576 (custom)
2019-10-21 05:45:14,256 [pool-27-thread-1] INFO  server.RaftServerConfigKeys (ConfUtils.java:logGet(43)) - raft.server.log.segment.cache.num.max = 2 (custom)
2019-10-21 05:45:14,256 [pool-27-thread-1] INFO  segmented.SegmentedRaftLogWorker (SegmentedRaftLogWorker.java:<init>(173)) - new aa5bd0f1-07e3-41cb-85b2-7024559f4a76@group-E0A603011950-SegmentedRaftLogWorker for RaftStorage:Storage Directory /workdir/hadoop-ozone/integration-test/target/test-dir/MiniOzoneClusterImpl-93b22bd0-c23b-4638-a463-78c5d9798a83/datanode-0/data/ratis/73bc0e15-d6c0-457a-b987-e0a603011950
2019-10-21 05:45:14,257 [pool-27-thread-1] INFO  server.RaftServerConfigKeys (ConfUtils.java:logGet(43)) - raft.server.log.queue.byte-limit = 2147483647 (custom)
2019-10-21 05:45:14,257 [pool-27-thread-1] INFO  server.RaftServerConfigKeys (ConfUtils.java:logGet(43)) - raft.server.log.queue.element-limit = 1024 (custom)
2019-10-21 05:45:14,257 [pool-27-thread-1] INFO  server.RaftServerConfigKeys (ConfUtils.java:logGet(43)) - raft.server.log.segment.size.max = 1048576 (custom)
2019-10-21 05:45:14,257 [pool-27-thread-1] INFO  server.RaftServerConfigKeys (ConfUtils.java:logGet(43)) - raft.server.log.preallocated.size = 16384 (custom)
2019-10-21 05:45:14,257 [pool-27-thread-1] INFO  server.RaftServerConfigKeys (ConfUtils.java:logGet(43)) - raft.server.log.write.buffer.size = 33554432 (custom)
2019-10-21 05:45:14,257 [pool-27-thread-1] INFO  server.RaftServerConfigKeys (ConfUtils.java:logGet(43)) - raft.server.log.force.sync.num = 128 (default)
2019-10-21 05:45:14,258 [pool-27-thread-1] INFO  server.RaftServerConfigKeys (ConfUtils.java:logGet(43)) - raft.server.log.statemachine.data.sync = true (default)
2019-10-21 05:45:14,258 [pool-27-thread-1] INFO  server.RaftServerConfigKeys (ConfUtils.java:logGet(43)) - raft.server.log.statemachine.data.sync.timeout = 10s (default)
2019-10-21 05:45:14,258 [pool-27-thread-1] INFO  server.RaftServerConfigKeys (ConfUtils.java:logGet(43)) - raft.server.log.statemachine.data.sync.timeout.retry = -1 (default)
2019-10-21 05:45:14,258 [pool-27-thread-1] INFO  server.RaftServerConfigKeys (ConfUtils.java:logGet(43)) - raft.server.log.statemachine.data.caching.enabled = true (custom)
2019-10-21 05:45:14,259 [pool-27-thread-1] INFO  segmented.SegmentedRaftLogWorker (SegmentedRaftLogWorker.java:lambda$new$0(128)) - aa5bd0f1-07e3-41cb-85b2-7024559f4a76@group-E0A603011950-SegmentedRaftLogWorker: flushIndex: setUnconditionally 0 -> -1
2019-10-21 05:45:14,259 [pool-27-thread-1] INFO  server.RaftServerConfigKeys (ConfUtils.java:logGet(43)) - raft.server.snapshot.auto.trigger.enabled = true (custom)
2019-10-21 05:45:14,259 [pool-27-thread-1] INFO  server.RaftServerConfigKeys (ConfUtils.java:logGet(43)) - raft.server.snapshot.auto.trigger.threshold = 10000 (custom)
2019-10-21 05:45:14,259 [pool-27-thread-1] INFO  server.RaftServerConfigKeys (ConfUtils.java:logGet(43)) - raft.server.snapshot.retention.file.num = 5 (custom)
2019-10-21 05:45:14,260 [pool-27-thread-1] INFO  server.RaftServerConfigKeys (ConfUtils.java:logGet(43)) - raft.server.retrycache.expirytime = 600000ms (custom)
2019-10-21 05:45:14,260 [pool-27-thread-1] WARN  impl.MetricRegistriesImpl (MetricRegistriesImpl.java:lambda$create$1(61)) - First MetricRegistry has been created without registering reporters. You may need to call MetricRegistries.global().addReportRegistration(...) before.
2019-10-21 05:45:14,260 [pool-27-thread-1] WARN  impl.MetricRegistriesImpl (MetricRegistriesImpl.java:lambda$create$1(61)) - First MetricRegistry has been created without registering reporters. You may need to call MetricRegistries.global().addReportRegistration(...) before.
2019-10-21 05:45:14,260 [pool-27-thread-1] INFO  impl.RaftServerImpl (RaftServerImpl.java:start(184)) - aa5bd0f1-07e3-41cb-85b2-7024559f4a76@group-E0A603011950: start as a follower, conf=-1: [aa5bd0f1-07e3-41cb-85b2-7024559f4a76:192.168.164.197:46790], old=null
2019-10-21 05:45:14,260 [pool-27-thread-1] INFO  impl.RaftServerImpl (RaftServerImpl.java:setRole(173)) - aa5bd0f1-07e3-41cb-85b2-7024559f4a76@group-E0A603011950: changes role from      null to FOLLOWER at term 0 for startAsFollower
2019-10-21 05:45:14,261 [pool-27-thread-1] INFO  impl.RoleInfo (RoleInfo.java:updateAndGet(143)) - aa5bd0f1-07e3-41cb-85b2-7024559f4a76: start FollowerState
2019-10-21 05:45:14,261 [pool-27-thread-1] INFO  util.JmxRegister (JmxRegister.java:tryRegister(44)) - Successfully registered JMX Bean with object name Ratis:service=RaftServer,group=group-E0A603011950,id=aa5bd0f1-07e3-41cb-85b2-7024559f4a76
2019-10-21 05:45:14,261 [pool-27-thread-1] WARN  impl.MetricRegistriesImpl (MetricRegistriesImpl.java:lambda$create$1(61)) - First MetricRegistry has been created without registering reporters. You may need to call MetricRegistries.global().addReportRegistration(...) before.
2019-10-21 05:45:14,274 [RatisPipelineUtilsThread] INFO  pipeline.PipelineStateManager (PipelineStateManager.java:addPipeline(55)) - Created pipeline Pipeline[ Id: 73bc0e15-d6c0-457a-b987-e0a603011950, Nodes: aa5bd0f1-07e3-41cb-85b2-7024559f4a76{ip: 192.168.164.197, host: pr-hdds-1868-qzls5-2202220713, networkLocation: /default-rack, certSerialId: null}, Type:RATIS, Factor:ONE, State:ALLOCATED]
2019-10-21 05:45:14,275 [Thread-178] INFO  pipeline.PipelineStateManager (PipelineStateManager.java:finalizePipeline(121)) - Pipeline Pipeline[ Id: 27214b4f-e777-4845-a95d-c45c73170215, Nodes: 8c8f7b37-153b-4e35-963f-11e686a392f9{ip: 192.168.164.197, host: pr-hdds-1868-qzls5-2202220713, networkLocation: /default-rack, certSerialId: null}4362eed3-8353-45aa-882f-c271ffff083f{ip: 192.168.164.197, host: pr-hdds-1868-qzls5-2202220713, networkLocation: /default-rack, certSerialId: null}aa5bd0f1-07e3-41cb-85b2-7024559f4a76{ip: 192.168.164.197, host: pr-hdds-1868-qzls5-2202220713, networkLocation: /default-rack, certSerialId: null}, Type:RATIS, Factor:THREE, State:CLOSED] moved to CLOSED state
2019-10-21 05:45:14,285 [grpc-default-executor-1] INFO  impl.RaftServerProxy (RaftServerProxy.java:remove(95)) - 8c8f7b37-153b-4e35-963f-11e686a392f9: remove  FOLLOWER 8c8f7b37-153b-4e35-963f-11e686a392f9@group-C45C73170215:t0, leader=null, voted=null, raftlog=8c8f7b37-153b-4e35-963f-11e686a392f9@group-C45C73170215-SegmentedRaftLog:OPENED:c-1,f-1,i0, conf=-1: [aa5bd0f1-07e3-41cb-85b2-7024559f4a76:192.168.164.197:46790, 4362eed3-8353-45aa-882f-c271ffff083f:192.168.164.197:46068, 8c8f7b37-153b-4e35-963f-11e686a392f9:192.168.164.197:45513], old=null RUNNING
2019-10-21 05:45:14,285 [grpc-default-executor-1] INFO  impl.RaftServerImpl (RaftServerImpl.java:lambda$shutdown$3(250)) - 8c8f7b37-153b-4e35-963f-11e686a392f9@group-C45C73170215: shutdown
2019-10-21 05:45:14,285 [grpc-default-executor-1] INFO  util.JmxRegister (JmxRegister.java:unregister(73)) - Successfully un-registered JMX Bean with object name Ratis:service=RaftServer,group=group-C45C73170215,id=8c8f7b37-153b-4e35-963f-11e686a392f9
2019-10-21 05:45:14,286 [grpc-default-executor-1] INFO  impl.RoleInfo (RoleInfo.java:shutdownFollowerState(121)) - 8c8f7b37-153b-4e35-963f-11e686a392f9: shutdown FollowerState
2019-10-21 05:45:14,286 [grpc-default-executor-1] INFO  impl.StateMachineUpdater (StateMachineUpdater.java:stopAndJoin(136)) - 8c8f7b37-153b-4e35-963f-11e686a392f9@group-C45C73170215-StateMachineUpdater: set stopIndex = -1
2019-10-21 05:45:14,286 [Thread-189] INFO  impl.FollowerState (FollowerState.java:run(120)) - 8c8f7b37-153b-4e35-963f-11e686a392f9@group-C45C73170215-FollowerState was interrupted: java.lang.InterruptedException: sleep interrupted
2019-10-21 05:45:14,286 [grpc-default-executor-1] INFO  impl.RaftServerImpl (ServerState.java:close(387)) - 8c8f7b37-153b-4e35-963f-11e686a392f9@group-C45C73170215: closes. applyIndex: -1
2019-10-21 05:45:14,287 [8c8f7b37-153b-4e35-963f-11e686a392f9@group-C45C73170215-SegmentedRaftLogWorker] INFO  segmented.SegmentedRaftLogWorker (SegmentedRaftLogWorker.java:run(316)) - 8c8f7b37-153b-4e35-963f-11e686a392f9@group-C45C73170215-SegmentedRaftLogWorker was interrupted, exiting. There are 0 tasks remaining in the queue.
2019-10-21 05:45:14,288 [grpc-default-executor-1] INFO  segmented.SegmentedRaftLogWorker (SegmentedRaftLogWorker.java:close(224)) - 8c8f7b37-153b-4e35-963f-11e686a392f9@group-C45C73170215-SegmentedRaftLogWorker close()
2019-10-21 05:45:14,300 [grpc-default-executor-1] INFO  impl.RaftServerProxy (RaftServerProxy.java:remove(95)) - 4362eed3-8353-45aa-882f-c271ffff083f: remove  FOLLOWER 4362eed3-8353-45aa-882f-c271ffff083f@group-C45C73170215:t0, leader=null, voted=null, raftlog=4362eed3-8353-45aa-882f-c271ffff083f@group-C45C73170215-SegmentedRaftLog:OPENED:c-1,f-1,i0, conf=-1: [aa5bd0f1-07e3-41cb-85b2-7024559f4a76:192.168.164.197:46790, 4362eed3-8353-45aa-882f-c271ffff083f:192.168.164.197:46068, 8c8f7b37-153b-4e35-963f-11e686a392f9:192.168.164.197:45513], old=null RUNNING
2019-10-21 05:45:14,300 [grpc-default-executor-1] INFO  impl.RaftServerImpl (RaftServerImpl.java:lambda$shutdown$3(250)) - 4362eed3-8353-45aa-882f-c271ffff083f@group-C45C73170215: shutdown
2019-10-21 05:45:14,300 [grpc-default-executor-1] INFO  util.JmxRegister (JmxRegister.java:unregister(73)) - Successfully un-registered JMX Bean with object name Ratis:service=RaftServer,group=group-C45C73170215,id=4362eed3-8353-45aa-882f-c271ffff083f
2019-10-21 05:45:14,300 [grpc-default-executor-1] INFO  impl.RoleInfo (RoleInfo.java:shutdownFollowerState(121)) - 4362eed3-8353-45aa-882f-c271ffff083f: shutdown FollowerState
2019-10-21 05:45:14,300 [grpc-default-executor-1] INFO  impl.StateMachineUpdater (StateMachineUpdater.java:stopAndJoin(136)) - 4362eed3-8353-45aa-882f-c271ffff083f@group-C45C73170215-StateMachineUpdater: set stopIndex = -1
2019-10-21 05:45:14,301 [Thread-193] INFO  impl.FollowerState (FollowerState.java:run(120)) - 4362eed3-8353-45aa-882f-c271ffff083f@group-C45C73170215-FollowerState was interrupted: java.lang.InterruptedException: sleep interrupted
2019-10-21 05:45:14,301 [grpc-default-executor-1] INFO  impl.RaftServerImpl (ServerState.java:close(387)) - 4362eed3-8353-45aa-882f-c271ffff083f@group-C45C73170215: closes. applyIndex: -1
2019-10-21 05:45:14,302 [4362eed3-8353-45aa-882f-c271ffff083f@group-C45C73170215-SegmentedRaftLogWorker] INFO  segmented.SegmentedRaftLogWorker (SegmentedRaftLogWorker.java:run(316)) - 4362eed3-8353-45aa-882f-c271ffff083f@group-C45C73170215-SegmentedRaftLogWorker was interrupted, exiting. There are 0 tasks remaining in the queue.
2019-10-21 05:45:14,302 [grpc-default-executor-1] INFO  segmented.SegmentedRaftLogWorker (SegmentedRaftLogWorker.java:close(224)) - 4362eed3-8353-45aa-882f-c271ffff083f@group-C45C73170215-SegmentedRaftLogWorker close()
2019-10-21 05:45:14,314 [grpc-default-executor-1] INFO  impl.RaftServerProxy (RaftServerProxy.java:remove(95)) - aa5bd0f1-07e3-41cb-85b2-7024559f4a76: remove  FOLLOWER aa5bd0f1-07e3-41cb-85b2-7024559f4a76@group-C45C73170215:t0, leader=null, voted=null, raftlog=aa5bd0f1-07e3-41cb-85b2-7024559f4a76@group-C45C73170215-SegmentedRaftLog:OPENED:c-1,f-1,i0, conf=-1: [aa5bd0f1-07e3-41cb-85b2-7024559f4a76:192.168.164.197:46790, 4362eed3-8353-45aa-882f-c271ffff083f:192.168.164.197:46068, 8c8f7b37-153b-4e35-963f-11e686a392f9:192.168.164.197:45513], old=null RUNNING
2019-10-21 05:45:14,314 [grpc-default-executor-1] INFO  impl.RaftServerImpl (RaftServerImpl.java:lambda$shutdown$3(250)) - aa5bd0f1-07e3-41cb-85b2-7024559f4a76@group-C45C73170215: shutdown
2019-10-21 05:45:14,314 [grpc-default-executor-1] INFO  util.JmxRegister (JmxRegister.java:unregister(73)) - Successfully un-registered JMX Bean with object name Ratis:service=RaftServer,group=group-C45C73170215,id=aa5bd0f1-07e3-41cb-85b2-7024559f4a76
2019-10-21 05:45:14,314 [grpc-default-executor-1] INFO  impl.RoleInfo (RoleInfo.java:shutdownFollowerState(121)) - aa5bd0f1-07e3-41cb-85b2-7024559f4a76: shutdown FollowerState
2019-10-21 05:45:14,314 [grpc-default-executor-1] INFO  impl.StateMachineUpdater (StateMachineUpdater.java:stopAndJoin(136)) - aa5bd0f1-07e3-41cb-85b2-7024559f4a76@group-C45C73170215-StateMachineUpdater: set stopIndex = -1
2019-10-21 05:45:14,314 [Thread-194] INFO  impl.FollowerState (FollowerState.java:run(120)) - aa5bd0f1-07e3-41cb-85b2-7024559f4a76@group-C45C73170215-FollowerState was interrupted: java.lang.InterruptedException: sleep interrupted
2019-10-21 05:45:14,315 [grpc-default-executor-1] INFO  impl.RaftServerImpl (ServerState.java:close(387)) - aa5bd0f1-07e3-41cb-85b2-7024559f4a76@group-C45C73170215: closes. applyIndex: -1
2019-10-21 05:45:14,315 [aa5bd0f1-07e3-41cb-85b2-7024559f4a76@group-C45C73170215-SegmentedRaftLogWorker] INFO  segmented.SegmentedRaftLogWorker (SegmentedRaftLogWorker.java:run(316)) - aa5bd0f1-07e3-41cb-85b2-7024559f4a76@group-C45C73170215-SegmentedRaftLogWorker was interrupted, exiting. There are 0 tasks remaining in the queue.
2019-10-21 05:45:14,316 [grpc-default-executor-1] INFO  segmented.SegmentedRaftLogWorker (SegmentedRaftLogWorker.java:close(224)) - aa5bd0f1-07e3-41cb-85b2-7024559f4a76@group-C45C73170215-SegmentedRaftLogWorker close()
2019-10-21 05:45:14,320 [Thread-178] INFO  pipeline.PipelineStateManager (PipelineStateManager.java:removePipeline(106)) - Pipeline Pipeline[ Id: 27214b4f-e777-4845-a95d-c45c73170215, Nodes: 8c8f7b37-153b-4e35-963f-11e686a392f9{ip: 192.168.164.197, host: pr-hdds-1868-qzls5-2202220713, networkLocation: /default-rack, certSerialId: null}4362eed3-8353-45aa-882f-c271ffff083f{ip: 192.168.164.197, host: pr-hdds-1868-qzls5-2202220713, networkLocation: /default-rack, certSerialId: null}aa5bd0f1-07e3-41cb-85b2-7024559f4a76{ip: 192.168.164.197, host: pr-hdds-1868-qzls5-2202220713, networkLocation: /default-rack, certSerialId: null}, Type:RATIS, Factor:THREE, State:CLOSED] removed from db
2019-10-21 05:45:14,333 [grpc-default-executor-0] INFO  impl.RaftServerProxy (RaftServerProxy.java:addNew(89)) - 4362eed3-8353-45aa-882f-c271ffff083f: addNew group-9445BA916DD9:[aa5bd0f1-07e3-41cb-85b2-7024559f4a76:192.168.164.197:46790, 4362eed3-8353-45aa-882f-c271ffff083f:192.168.164.197:46068, 8c8f7b37-153b-4e35-963f-11e686a392f9:192.168.164.197:45513] returns group-9445BA916DD9:java.util.concurrent.CompletableFuture@242f51f9[Not completed]
2019-10-21 05:45:14,333 [grpc-default-executor-1] INFO  impl.RaftServerProxy (RaftServerProxy.java:addNew(89)) - aa5bd0f1-07e3-41cb-85b2-7024559f4a76: addNew group-9445BA916DD9:[aa5bd0f1-07e3-41cb-85b2-7024559f4a76:192.168.164.197:46790, 4362eed3-8353-45aa-882f-c271ffff083f:192.168.164.197:46068, 8c8f7b37-153b-4e35-963f-11e686a392f9:192.168.164.197:45513] returns group-9445BA916DD9:java.util.concurrent.CompletableFuture@38063d74[Not completed]
2019-10-21 05:45:14,333 [grpc-default-executor-2] INFO  impl.RaftServerProxy (RaftServerProxy.java:addNew(89)) - 8c8f7b37-153b-4e35-963f-11e686a392f9: addNew group-9445BA916DD9:[aa5bd0f1-07e3-41cb-85b2-7024559f4a76:192.168.164.197:46790, 4362eed3-8353-45aa-882f-c271ffff083f:192.168.164.197:46068, 8c8f7b37-153b-4e35-963f-11e686a392f9:192.168.164.197:45513] returns group-9445BA916DD9:java.util.concurrent.CompletableFuture@7d212f59[Not completed]
2019-10-21 05:45:14,335 [pool-37-thread-1] INFO  impl.RaftServerImpl (RaftServerImpl.java:<init>(98)) - 4362eed3-8353-45aa-882f-c271ffff083f: new RaftServerImpl for group-9445BA916DD9:[aa5bd0f1-07e3-41cb-85b2-7024559f4a76:192.168.164.197:46790, 4362eed3-8353-45aa-882f-c271ffff083f:192.168.164.197:46068, 8c8f7b37-153b-4e35-963f-11e686a392f9:192.168.164.197:45513] with ContainerStateMachine:uninitialized
2019-10-21 05:45:14,335 [pool-37-thread-1] INFO  server.RaftServerConfigKeys (ConfUtils.java:logGet(43)) - raft.server.rpc.timeout.min = 5s (custom)
2019-10-21 05:45:14,335 [pool-37-thread-1] INFO  server.RaftServerConfigKeys (ConfUtils.java:logGet(43)) - raft.server.rpc.timeout.max = 5200ms (custom)
2019-10-21 05:45:14,335 [pool-37-thread-1] INFO  server.RaftServerConfigKeys (ConfUtils.java:logGet(43)) - raft.server.rpcslowness.timeout = 120s (custom)
2019-10-21 05:45:14,335 [pool-37-thread-1] INFO  server.RaftServerConfigKeys (ConfUtils.java:logGet(43)) - raft.server.sleep.deviation.threshold = 300 (default)
2019-10-21 05:45:14,335 [pool-37-thread-1] INFO  server.RaftServerConfigKeys (ConfUtils.java:logGet(43)) - raft.server.log.appender.install.snapshot.enabled = false (custom)
2019-10-21 05:45:14,335 [pool-47-thread-1] INFO  impl.RaftServerImpl (RaftServerImpl.java:<init>(98)) - 8c8f7b37-153b-4e35-963f-11e686a392f9: new RaftServerImpl for group-9445BA916DD9:[aa5bd0f1-07e3-41cb-85b2-7024559f4a76:192.168.164.197:46790, 4362eed3-8353-45aa-882f-c271ffff083f:192.168.164.197:46068, 8c8f7b37-153b-4e35-963f-11e686a392f9:192.168.164.197:45513] with ContainerStateMachine:uninitialized
2019-10-21 05:45:14,335 [pool-37-thread-1] INFO  impl.RaftServerImpl (ServerState.java:<init>(103)) - 4362eed3-8353-45aa-882f-c271ffff083f@group-9445BA916DD9: ConfigurationManager, init=-1: [aa5bd0f1-07e3-41cb-85b2-7024559f4a76:192.168.164.197:46790, 4362eed3-8353-45aa-882f-c271ffff083f:192.168.164.197:46068, 8c8f7b37-153b-4e35-963f-11e686a392f9:192.168.164.197:45513], old=null, confs=<EMPTY_MAP>
2019-10-21 05:45:14,336 [pool-47-thread-1] INFO  server.RaftServerConfigKeys (ConfUtils.java:logGet(43)) - raft.server.rpc.timeout.min = 5s (custom)
2019-10-21 05:45:14,336 [pool-37-thread-1] INFO  server.RaftServerConfigKeys (ConfUtils.java:logGet(43)) - raft.server.storage.dir = [/workdir/hadoop-ozone/integration-test/target/test-dir/MiniOzoneClusterImpl-93b22bd0-c23b-4638-a463-78c5d9798a83/datanode-1/data/ratis] (custom)
2019-10-21 05:45:14,336 [pool-47-thread-1] INFO  server.RaftServerConfigKeys (ConfUtils.java:logGet(43)) - raft.server.rpc.timeout.max = 5200ms (custom)
2019-10-21 05:45:14,336 [pool-47-thread-1] INFO  server.RaftServerConfigKeys (ConfUtils.java:logGet(43)) - raft.server.rpcslowness.timeout = 120s (custom)
2019-10-21 05:45:14,336 [pool-37-thread-1] INFO  server.RaftServerConfigKeys (ConfUtils.java:logGet(43)) - raft.server.log.corruption.policy = EXCEPTION (default)
2019-10-21 05:45:14,336 [pool-47-thread-1] INFO  server.RaftServerConfigKeys (ConfUtils.java:logGet(43)) - raft.server.sleep.deviation.threshold = 300 (default)
2019-10-21 05:45:14,336 [pool-47-thread-1] INFO  server.RaftServerConfigKeys (ConfUtils.java:logGet(43)) - raft.server.log.appender.install.snapshot.enabled = false (custom)
2019-10-21 05:45:14,336 [pool-37-thread-1] INFO  storage.RaftStorageDirectory (RaftStorageDirectory.java:analyzeStorage(246)) - The storage directory /workdir/hadoop-ozone/integration-test/target/test-dir/MiniOzoneClusterImpl-93b22bd0-c23b-4638-a463-78c5d9798a83/datanode-1/data/ratis/68ef2d20-3999-4894-864b-9445ba916dd9 does not exist. Creating ...
2019-10-21 05:45:14,336 [pool-27-thread-1] INFO  impl.RaftServerImpl (RaftServerImpl.java:<init>(98)) - aa5bd0f1-07e3-41cb-85b2-7024559f4a76: new RaftServerImpl for group-9445BA916DD9:[aa5bd0f1-07e3-41cb-85b2-7024559f4a76:192.168.164.197:46790, 4362eed3-8353-45aa-882f-c271ffff083f:192.168.164.197:46068, 8c8f7b37-153b-4e35-963f-11e686a392f9:192.168.164.197:45513] with ContainerStateMachine:uninitialized
2019-10-21 05:45:14,336 [pool-47-thread-1] INFO  impl.RaftServerImpl (ServerState.java:<init>(103)) - 8c8f7b37-153b-4e35-963f-11e686a392f9@group-9445BA916DD9: ConfigurationManager, init=-1: [aa5bd0f1-07e3-41cb-85b2-7024559f4a76:192.168.164.197:46790, 4362eed3-8353-45aa-882f-c271ffff083f:192.168.164.197:46068, 8c8f7b37-153b-4e35-963f-11e686a392f9:192.168.164.197:45513], old=null, confs=<EMPTY_MAP>
2019-10-21 05:45:14,336 [pool-27-thread-1] INFO  server.RaftServerConfigKeys (ConfUtils.java:logGet(43)) - raft.server.rpc.timeout.min = 5s (custom)
2019-10-21 05:45:14,337 [pool-47-thread-1] INFO  server.RaftServerConfigKeys (ConfUtils.java:logGet(43)) - raft.server.storage.dir = [/workdir/hadoop-ozone/integration-test/target/test-dir/MiniOzoneClusterImpl-93b22bd0-c23b-4638-a463-78c5d9798a83/datanode-2/data/ratis] (custom)
2019-10-21 05:45:14,337 [pool-27-thread-1] INFO  server.RaftServerConfigKeys (ConfUtils.java:logGet(43)) - raft.server.rpc.timeout.max = 5200ms (custom)
2019-10-21 05:45:14,337 [pool-27-thread-1] INFO  server.RaftServerConfigKeys (ConfUtils.java:logGet(43)) - raft.server.rpcslowness.timeout = 120s (custom)
2019-10-21 05:45:14,337 [pool-47-thread-1] INFO  server.RaftServerConfigKeys (ConfUtils.java:logGet(43)) - raft.server.log.corruption.policy = EXCEPTION (default)
2019-10-21 05:45:14,337 [pool-27-thread-1] INFO  server.RaftServerConfigKeys (ConfUtils.java:logGet(43)) - raft.server.sleep.deviation.threshold = 300 (default)
2019-10-21 05:45:14,337 [pool-47-thread-1] INFO  storage.RaftStorageDirectory (RaftStorageDirectory.java:analyzeStorage(246)) - The storage directory /workdir/hadoop-ozone/integration-test/target/test-dir/MiniOzoneClusterImpl-93b22bd0-c23b-4638-a463-78c5d9798a83/datanode-2/data/ratis/68ef2d20-3999-4894-864b-9445ba916dd9 does not exist. Creating ...
2019-10-21 05:45:14,337 [pool-27-thread-1] INFO  server.RaftServerConfigKeys (ConfUtils.java:logGet(43)) - raft.server.log.appender.install.snapshot.enabled = false (custom)
2019-10-21 05:45:14,337 [pool-27-thread-1] INFO  impl.RaftServerImpl (ServerState.java:<init>(103)) - aa5bd0f1-07e3-41cb-85b2-7024559f4a76@group-9445BA916DD9: ConfigurationManager, init=-1: [aa5bd0f1-07e3-41cb-85b2-7024559f4a76:192.168.164.197:46790, 4362eed3-8353-45aa-882f-c271ffff083f:192.168.164.197:46068, 8c8f7b37-153b-4e35-963f-11e686a392f9:192.168.164.197:45513], old=null, confs=<EMPTY_MAP>
2019-10-21 05:45:14,337 [pool-27-thread-1] INFO  server.RaftServerConfigKeys (ConfUtils.java:logGet(43)) - raft.server.storage.dir = [/workdir/hadoop-ozone/integration-test/target/test-dir/MiniOzoneClusterImpl-93b22bd0-c23b-4638-a463-78c5d9798a83/datanode-0/data/ratis] (custom)
2019-10-21 05:45:14,338 [pool-27-thread-1] INFO  server.RaftServerConfigKeys (ConfUtils.java:logGet(43)) - raft.server.log.corruption.policy = EXCEPTION (default)
2019-10-21 05:45:14,338 [pool-27-thread-1] INFO  storage.RaftStorageDirectory (RaftStorageDirectory.java:analyzeStorage(246)) - The storage directory /workdir/hadoop-ozone/integration-test/target/test-dir/MiniOzoneClusterImpl-93b22bd0-c23b-4638-a463-78c5d9798a83/datanode-0/data/ratis/68ef2d20-3999-4894-864b-9445ba916dd9 does not exist. Creating ...
2019-10-21 05:45:14,363 [pool-37-thread-1] INFO  storage.RaftStorageDirectory (RaftStorageDirectory.java:tryLock(328)) - Lock on /workdir/hadoop-ozone/integration-test/target/test-dir/MiniOzoneClusterImpl-93b22bd0-c23b-4638-a463-78c5d9798a83/datanode-1/data/ratis/68ef2d20-3999-4894-864b-9445ba916dd9/in_use.lock acquired by nodename 29793@pr-hdds-1868-qzls5-2202220713
2019-10-21 05:45:14,363 [pool-47-thread-1] INFO  storage.RaftStorageDirectory (RaftStorageDirectory.java:tryLock(328)) - Lock on /workdir/hadoop-ozone/integration-test/target/test-dir/MiniOzoneClusterImpl-93b22bd0-c23b-4638-a463-78c5d9798a83/datanode-2/data/ratis/68ef2d20-3999-4894-864b-9445ba916dd9/in_use.lock acquired by nodename 29793@pr-hdds-1868-qzls5-2202220713
2019-10-21 05:45:14,363 [pool-27-thread-1] INFO  storage.RaftStorageDirectory (RaftStorageDirectory.java:tryLock(328)) - Lock on /workdir/hadoop-ozone/integration-test/target/test-dir/MiniOzoneClusterImpl-93b22bd0-c23b-4638-a463-78c5d9798a83/datanode-0/data/ratis/68ef2d20-3999-4894-864b-9445ba916dd9/in_use.lock acquired by nodename 29793@pr-hdds-1868-qzls5-2202220713
2019-10-21 05:45:14,380 [pool-27-thread-1] INFO  storage.RaftStorage (RaftStorage.java:format(84)) - Storage directory /workdir/hadoop-ozone/integration-test/target/test-dir/MiniOzoneClusterImpl-93b22bd0-c23b-4638-a463-78c5d9798a83/datanode-0/data/ratis/68ef2d20-3999-4894-864b-9445ba916dd9 has been successfully formatted.
2019-10-21 05:45:14,380 [pool-47-thread-1] INFO  storage.RaftStorage (RaftStorage.java:format(84)) - Storage directory /workdir/hadoop-ozone/integration-test/target/test-dir/MiniOzoneClusterImpl-93b22bd0-c23b-4638-a463-78c5d9798a83/datanode-2/data/ratis/68ef2d20-3999-4894-864b-9445ba916dd9 has been successfully formatted.
2019-10-21 05:45:14,380 [pool-37-thread-1] INFO  storage.RaftStorage (RaftStorage.java:format(84)) - Storage directory /workdir/hadoop-ozone/integration-test/target/test-dir/MiniOzoneClusterImpl-93b22bd0-c23b-4638-a463-78c5d9798a83/datanode-1/data/ratis/68ef2d20-3999-4894-864b-9445ba916dd9 has been successfully formatted.
2019-10-21 05:45:14,380 [pool-27-thread-1] INFO  ratis.ContainerStateMachine (ContainerStateMachine.java:loadSnapshot(233)) - group-9445BA916DD9: The snapshot info is null. Setting the last applied indexto:(t:0, i:~)
2019-10-21 05:45:14,380 [pool-47-thread-1] INFO  ratis.ContainerStateMachine (ContainerStateMachine.java:loadSnapshot(233)) - group-9445BA916DD9: The snapshot info is null. Setting the last applied indexto:(t:0, i:~)
2019-10-21 05:45:14,380 [pool-27-thread-1] INFO  server.RaftServerConfigKeys (ConfUtils.java:logGet(43)) - raft.server.notification.no-leader.timeout = 120s (custom)
2019-10-21 05:45:14,380 [pool-37-thread-1] INFO  ratis.ContainerStateMachine (ContainerStateMachine.java:loadSnapshot(233)) - group-9445BA916DD9: The snapshot info is null. Setting the last applied indexto:(t:0, i:~)
2019-10-21 05:45:14,380 [pool-27-thread-1] INFO  server.RaftServerConfigKeys (ConfUtils.java:logGet(43)) - raft.server.log.use.memory = false (default)
2019-10-21 05:45:14,380 [pool-47-thread-1] INFO  server.RaftServerConfigKeys (ConfUtils.java:logGet(43)) - raft.server.notification.no-leader.timeout = 120s (custom)
2019-10-21 05:45:14,381 [pool-27-thread-1] INFO  server.RaftServerConfigKeys (ConfUtils.java:logGet(43)) - raft.server.log.purge.gap = 1000000 (custom)
2019-10-21 05:45:14,381 [pool-37-thread-1] INFO  server.RaftServerConfigKeys (ConfUtils.java:logGet(43)) - raft.server.notification.no-leader.timeout = 120s (custom)
2019-10-21 05:45:14,381 [pool-27-thread-1] INFO  server.RaftServerConfigKeys (ConfUtils.java:logGet(43)) - raft.server.log.appender.buffer.byte-limit = 33554432 (custom)
2019-10-21 05:45:14,381 [pool-47-thread-1] INFO  server.RaftServerConfigKeys (ConfUtils.java:logGet(43)) - raft.server.log.use.memory = false (default)
2019-10-21 05:45:14,381 [pool-27-thread-1] INFO  server.RaftServerConfigKeys (ConfUtils.java:logGet(43)) - raft.server.log.segment.size.max = 1048576 (custom)
2019-10-21 05:45:14,381 [pool-37-thread-1] INFO  server.RaftServerConfigKeys (ConfUtils.java:logGet(43)) - raft.server.log.use.memory = false (default)
2019-10-21 05:45:14,381 [pool-27-thread-1] INFO  server.RaftServerConfigKeys (ConfUtils.java:logGet(43)) - raft.server.log.segment.cache.num.max = 2 (custom)
2019-10-21 05:45:14,381 [pool-47-thread-1] INFO  server.RaftServerConfigKeys (ConfUtils.java:logGet(43)) - raft.server.log.purge.gap = 1000000 (custom)
2019-10-21 05:45:14,381 [pool-27-thread-1] INFO  segmented.SegmentedRaftLogWorker (SegmentedRaftLogWorker.java:<init>(173)) - new aa5bd0f1-07e3-41cb-85b2-7024559f4a76@group-9445BA916DD9-SegmentedRaftLogWorker for RaftStorage:Storage Directory /workdir/hadoop-ozone/integration-test/target/test-dir/MiniOzoneClusterImpl-93b22bd0-c23b-4638-a463-78c5d9798a83/datanode-0/data/ratis/68ef2d20-3999-4894-864b-9445ba916dd9
2019-10-21 05:45:14,381 [pool-37-thread-1] INFO  server.RaftServerConfigKeys (ConfUtils.java:logGet(43)) - raft.server.log.purge.gap = 1000000 (custom)
2019-10-21 05:45:14,381 [pool-27-thread-1] INFO  server.RaftServerConfigKeys (ConfUtils.java:logGet(43)) - raft.server.log.queue.byte-limit = 2147483647 (custom)
2019-10-21 05:45:14,381 [pool-47-thread-1] INFO  server.RaftServerConfigKeys (ConfUtils.java:logGet(43)) - raft.server.log.appender.buffer.byte-limit = 33554432 (custom)
2019-10-21 05:45:14,382 [pool-27-thread-1] INFO  server.RaftServerConfigKeys (ConfUtils.java:logGet(43)) - raft.server.log.queue.element-limit = 1024 (custom)
2019-10-21 05:45:14,381 [pool-37-thread-1] INFO  server.RaftServerConfigKeys (ConfUtils.java:logGet(43)) - raft.server.log.appender.buffer.byte-limit = 33554432 (custom)
2019-10-21 05:45:14,382 [pool-27-thread-1] INFO  server.RaftServerConfigKeys (ConfUtils.java:logGet(43)) - raft.server.log.segment.size.max = 1048576 (custom)
2019-10-21 05:45:14,382 [pool-47-thread-1] INFO  server.RaftServerConfigKeys (ConfUtils.java:logGet(43)) - raft.server.log.segment.size.max = 1048576 (custom)
2019-10-21 05:45:14,382 [pool-27-thread-1] INFO  server.RaftServerConfigKeys (ConfUtils.java:logGet(43)) - raft.server.log.preallocated.size = 16384 (custom)
2019-10-21 05:45:14,382 [pool-37-thread-1] INFO  server.RaftServerConfigKeys (ConfUtils.java:logGet(43)) - raft.server.log.segment.size.max = 1048576 (custom)
2019-10-21 05:45:14,382 [pool-27-thread-1] INFO  server.RaftServerConfigKeys (ConfUtils.java:logGet(43)) - raft.server.log.write.buffer.size = 33554432 (custom)
2019-10-21 05:45:14,382 [pool-47-thread-1] INFO  server.RaftServerConfigKeys (ConfUtils.java:logGet(43)) - raft.server.log.segment.cache.num.max = 2 (custom)
2019-10-21 05:45:14,382 [pool-27-thread-1] INFO  server.RaftServerConfigKeys (ConfUtils.java:logGet(43)) - raft.server.log.force.sync.num = 128 (default)
2019-10-21 05:45:14,382 [pool-37-thread-1] INFO  server.RaftServerConfigKeys (ConfUtils.java:logGet(43)) - raft.server.log.segment.cache.num.max = 2 (custom)
2019-10-21 05:45:14,382 [pool-27-thread-1] INFO  server.RaftServerConfigKeys (ConfUtils.java:logGet(43)) - raft.server.log.statemachine.data.sync = true (default)
2019-10-21 05:45:14,382 [pool-47-thread-1] INFO  segmented.SegmentedRaftLogWorker (SegmentedRaftLogWorker.java:<init>(173)) - new 8c8f7b37-153b-4e35-963f-11e686a392f9@group-9445BA916DD9-SegmentedRaftLogWorker for RaftStorage:Storage Directory /workdir/hadoop-ozone/integration-test/target/test-dir/MiniOzoneClusterImpl-93b22bd0-c23b-4638-a463-78c5d9798a83/datanode-2/data/ratis/68ef2d20-3999-4894-864b-9445ba916dd9
2019-10-21 05:45:14,382 [pool-37-thread-1] INFO  segmented.SegmentedRaftLogWorker (SegmentedRaftLogWorker.java:<init>(173)) - new 4362eed3-8353-45aa-882f-c271ffff083f@group-9445BA916DD9-SegmentedRaftLogWorker for RaftStorage:Storage Directory /workdir/hadoop-ozone/integration-test/target/test-dir/MiniOzoneClusterImpl-93b22bd0-c23b-4638-a463-78c5d9798a83/datanode-1/data/ratis/68ef2d20-3999-4894-864b-9445ba916dd9
2019-10-21 05:45:14,383 [pool-27-thread-1] INFO  server.RaftServerConfigKeys (ConfUtils.java:logGet(43)) - raft.server.log.statemachine.data.sync.timeout = 10s (default)
2019-10-21 05:45:14,383 [pool-47-thread-1] INFO  server.RaftServerConfigKeys (ConfUtils.java:logGet(43)) - raft.server.log.queue.byte-limit = 2147483647 (custom)
2019-10-21 05:45:14,383 [pool-27-thread-1] INFO  server.RaftServerConfigKeys (ConfUtils.java:logGet(43)) - raft.server.log.statemachine.data.sync.timeout.retry = -1 (default)
2019-10-21 05:45:14,383 [pool-37-thread-1] INFO  server.RaftServerConfigKeys (ConfUtils.java:logGet(43)) - raft.server.log.queue.byte-limit = 2147483647 (custom)
2019-10-21 05:45:14,383 [pool-37-thread-1] INFO  server.RaftServerConfigKeys (ConfUtils.java:logGet(43)) - raft.server.log.queue.element-limit = 1024 (custom)
2019-10-21 05:45:14,383 [pool-37-thread-1] INFO  server.RaftServerConfigKeys (ConfUtils.java:logGet(43)) - raft.server.log.segment.size.max = 1048576 (custom)
2019-10-21 05:45:14,383 [pool-37-thread-1] INFO  server.RaftServerConfigKeys (ConfUtils.java:logGet(43)) - raft.server.log.preallocated.size = 16384 (custom)
2019-10-21 05:45:14,383 [pool-37-thread-1] INFO  server.RaftServerConfigKeys (ConfUtils.java:logGet(43)) - raft.server.log.write.buffer.size = 33554432 (custom)
2019-10-21 05:45:14,383 [pool-37-thread-1] INFO  server.RaftServerConfigKeys (ConfUtils.java:logGet(43)) - raft.server.log.force.sync.num = 128 (default)
2019-10-21 05:45:14,383 [pool-37-thread-1] INFO  server.RaftServerConfigKeys (ConfUtils.java:logGet(43)) - raft.server.log.statemachine.data.sync = true (default)
2019-10-21 05:45:14,384 [pool-37-thread-1] INFO  server.RaftServerConfigKeys (ConfUtils.java:logGet(43)) - raft.server.log.statemachine.data.sync.timeout = 10s (default)
2019-10-21 05:45:14,383 [pool-47-thread-1] INFO  server.RaftServerConfigKeys (ConfUtils.java:logGet(43)) - raft.server.log.queue.element-limit = 1024 (custom)
2019-10-21 05:45:14,384 [pool-37-thread-1] INFO  server.RaftServerConfigKeys (ConfUtils.java:logGet(43)) - raft.server.log.statemachine.data.sync.timeout.retry = -1 (default)
2019-10-21 05:45:14,383 [pool-27-thread-1] INFO  server.RaftServerConfigKeys (ConfUtils.java:logGet(43)) - raft.server.log.statemachine.data.caching.enabled = true (custom)
2019-10-21 05:45:14,384 [pool-47-thread-1] INFO  server.RaftServerConfigKeys (ConfUtils.java:logGet(43)) - raft.server.log.segment.size.max = 1048576 (custom)
2019-10-21 05:45:14,384 [pool-37-thread-1] INFO  server.RaftServerConfigKeys (ConfUtils.java:logGet(43)) - raft.server.log.statemachine.data.caching.enabled = true (custom)
2019-10-21 05:45:14,384 [pool-47-thread-1] INFO  server.RaftServerConfigKeys (ConfUtils.java:logGet(43)) - raft.server.log.preallocated.size = 16384 (custom)
2019-10-21 05:45:14,384 [pool-27-thread-1] INFO  segmented.SegmentedRaftLogWorker (SegmentedRaftLogWorker.java:lambda$new$0(128)) - aa5bd0f1-07e3-41cb-85b2-7024559f4a76@group-9445BA916DD9-SegmentedRaftLogWorker: flushIndex: setUnconditionally 0 -> -1
2019-10-21 05:45:14,384 [pool-47-thread-1] INFO  server.RaftServerConfigKeys (ConfUtils.java:logGet(43)) - raft.server.log.write.buffer.size = 33554432 (custom)
2019-10-21 05:45:14,384 [pool-37-thread-1] INFO  segmented.SegmentedRaftLogWorker (SegmentedRaftLogWorker.java:lambda$new$0(128)) - 4362eed3-8353-45aa-882f-c271ffff083f@group-9445BA916DD9-SegmentedRaftLogWorker: flushIndex: setUnconditionally 0 -> -1
2019-10-21 05:45:14,384 [pool-27-thread-1] INFO  server.RaftServerConfigKeys (ConfUtils.java:logGet(43)) - raft.server.snapshot.auto.trigger.enabled = true (custom)
2019-10-21 05:45:14,384 [pool-47-thread-1] INFO  server.RaftServerConfigKeys (ConfUtils.java:logGet(43)) - raft.server.log.force.sync.num = 128 (default)
2019-10-21 05:45:14,385 [pool-37-thread-1] INFO  server.RaftServerConfigKeys (ConfUtils.java:logGet(43)) - raft.server.snapshot.auto.trigger.enabled = true (custom)
2019-10-21 05:45:14,385 [pool-27-thread-1] INFO  server.RaftServerConfigKeys (ConfUtils.java:logGet(43)) - raft.server.snapshot.auto.trigger.threshold = 10000 (custom)
2019-10-21 05:45:14,387 [pool-37-thread-1] INFO  server.RaftServerConfigKeys (ConfUtils.java:logGet(43)) - raft.server.snapshot.auto.trigger.threshold = 10000 (custom)
2019-10-21 05:45:14,387 [pool-47-thread-1] INFO  server.RaftServerConfigKeys (ConfUtils.java:logGet(43)) - raft.server.log.statemachine.data.sync = true (default)
2019-10-21 05:45:14,387 [pool-37-thread-1] INFO  server.RaftServerConfigKeys (ConfUtils.java:logGet(43)) - raft.server.snapshot.retention.file.num = 5 (custom)
2019-10-21 05:45:14,387 [pool-27-thread-1] INFO  server.RaftServerConfigKeys (ConfUtils.java:logGet(43)) - raft.server.snapshot.retention.file.num = 5 (custom)
2019-10-21 05:45:14,387 [pool-47-thread-1] INFO  server.RaftServerConfigKeys (ConfUtils.java:logGet(43)) - raft.server.log.statemachine.data.sync.timeout = 10s (default)
2019-10-21 05:45:14,387 [pool-47-thread-1] INFO  server.RaftServerConfigKeys (ConfUtils.java:logGet(43)) - raft.server.log.statemachine.data.sync.timeout.retry = -1 (default)
2019-10-21 05:45:14,387 [pool-37-thread-1] INFO  server.RaftServerConfigKeys (ConfUtils.java:logGet(43)) - raft.server.retrycache.expirytime = 600000ms (custom)
2019-10-21 05:45:14,387 [pool-47-thread-1] INFO  server.RaftServerConfigKeys (ConfUtils.java:logGet(43)) - raft.server.log.statemachine.data.caching.enabled = true (custom)
2019-10-21 05:45:14,387 [pool-27-thread-1] INFO  server.RaftServerConfigKeys (ConfUtils.java:logGet(43)) - raft.server.retrycache.expirytime = 600000ms (custom)
2019-10-21 05:45:14,388 [pool-37-thread-1] WARN  impl.MetricRegistriesImpl (MetricRegistriesImpl.java:lambda$create$1(61)) - First MetricRegistry has been created without registering reporters. You may need to call MetricRegistries.global().addReportRegistration(...) before.
2019-10-21 05:45:14,388 [pool-27-thread-1] WARN  impl.MetricRegistriesImpl (MetricRegistriesImpl.java:lambda$create$1(61)) - First MetricRegistry has been created without registering reporters. You may need to call MetricRegistries.global().addReportRegistration(...) before.
2019-10-21 05:45:14,388 [pool-37-thread-1] WARN  impl.MetricRegistriesImpl (MetricRegistriesImpl.java:lambda$create$1(61)) - First MetricRegistry has been created without registering reporters. You may need to call MetricRegistries.global().addReportRegistration(...) before.
2019-10-21 05:45:14,388 [pool-27-thread-1] WARN  impl.MetricRegistriesImpl (MetricRegistriesImpl.java:lambda$create$1(61)) - First MetricRegistry has been created without registering reporters. You may need to call MetricRegistries.global().addReportRegistration(...) before.
2019-10-21 05:45:14,389 [pool-47-thread-1] INFO  segmented.SegmentedRaftLogWorker (SegmentedRaftLogWorker.java:lambda$new$0(128)) - 8c8f7b37-153b-4e35-963f-11e686a392f9@group-9445BA916DD9-SegmentedRaftLogWorker: flushIndex: setUnconditionally 0 -> -1
2019-10-21 05:45:14,389 [pool-37-thread-1] INFO  impl.RaftServerImpl (RaftServerImpl.java:start(184)) - 4362eed3-8353-45aa-882f-c271ffff083f@group-9445BA916DD9: start as a follower, conf=-1: [aa5bd0f1-07e3-41cb-85b2-7024559f4a76:192.168.164.197:46790, 4362eed3-8353-45aa-882f-c271ffff083f:192.168.164.197:46068, 8c8f7b37-153b-4e35-963f-11e686a392f9:192.168.164.197:45513], old=null
2019-10-21 05:45:14,389 [pool-27-thread-1] INFO  impl.RaftServerImpl (RaftServerImpl.java:start(184)) - aa5bd0f1-07e3-41cb-85b2-7024559f4a76@group-9445BA916DD9: start as a follower, conf=-1: [aa5bd0f1-07e3-41cb-85b2-7024559f4a76:192.168.164.197:46790, 4362eed3-8353-45aa-882f-c271ffff083f:192.168.164.197:46068, 8c8f7b37-153b-4e35-963f-11e686a392f9:192.168.164.197:45513], old=null
2019-10-21 05:45:14,389 [pool-47-thread-1] INFO  server.RaftServerConfigKeys (ConfUtils.java:logGet(43)) - raft.server.snapshot.auto.trigger.enabled = true (custom)
2019-10-21 05:45:14,389 [pool-37-thread-1] INFO  impl.RaftServerImpl (RaftServerImpl.java:setRole(173)) - 4362eed3-8353-45aa-882f-c271ffff083f@group-9445BA916DD9: changes role from      null to FOLLOWER at term 0 for startAsFollower
2019-10-21 05:45:14,389 [pool-47-thread-1] INFO  server.RaftServerConfigKeys (ConfUtils.java:logGet(43)) - raft.server.snapshot.auto.trigger.threshold = 10000 (custom)
2019-10-21 05:45:14,389 [pool-27-thread-1] INFO  impl.RaftServerImpl (RaftServerImpl.java:setRole(173)) - aa5bd0f1-07e3-41cb-85b2-7024559f4a76@group-9445BA916DD9: changes role from      null to FOLLOWER at term 0 for startAsFollower
2019-10-21 05:45:14,389 [pool-47-thread-1] INFO  server.RaftServerConfigKeys (ConfUtils.java:logGet(43)) - raft.server.snapshot.retention.file.num = 5 (custom)
2019-10-21 05:45:14,389 [pool-37-thread-1] INFO  impl.RoleInfo (RoleInfo.java:updateAndGet(143)) - 4362eed3-8353-45aa-882f-c271ffff083f: start FollowerState
2019-10-21 05:45:14,389 [pool-47-thread-1] INFO  server.RaftServerConfigKeys (ConfUtils.java:logGet(43)) - raft.server.retrycache.expirytime = 600000ms (custom)
2019-10-21 05:45:14,389 [pool-27-thread-1] INFO  impl.RoleInfo (RoleInfo.java:updateAndGet(143)) - aa5bd0f1-07e3-41cb-85b2-7024559f4a76: start FollowerState
2019-10-21 05:45:14,390 [pool-47-thread-1] WARN  impl.MetricRegistriesImpl (MetricRegistriesImpl.java:lambda$create$1(61)) - First MetricRegistry has been created without registering reporters. You may need to call MetricRegistries.global().addReportRegistration(...) before.
2019-10-21 05:45:14,390 [pool-47-thread-1] WARN  impl.MetricRegistriesImpl (MetricRegistriesImpl.java:lambda$create$1(61)) - First MetricRegistry has been created without registering reporters. You may need to call MetricRegistries.global().addReportRegistration(...) before.
2019-10-21 05:45:14,390 [pool-47-thread-1] INFO  impl.RaftServerImpl (RaftServerImpl.java:start(184)) - 8c8f7b37-153b-4e35-963f-11e686a392f9@group-9445BA916DD9: start as a follower, conf=-1: [aa5bd0f1-07e3-41cb-85b2-7024559f4a76:192.168.164.197:46790, 4362eed3-8353-45aa-882f-c271ffff083f:192.168.164.197:46068, 8c8f7b37-153b-4e35-963f-11e686a392f9:192.168.164.197:45513], old=null
2019-10-21 05:45:14,390 [pool-37-thread-1] INFO  util.JmxRegister (JmxRegister.java:tryRegister(44)) - Successfully registered JMX Bean with object name Ratis:service=RaftServer,group=group-9445BA916DD9,id=4362eed3-8353-45aa-882f-c271ffff083f
2019-10-21 05:45:14,390 [pool-27-thread-1] INFO  util.JmxRegister (JmxRegister.java:tryRegister(44)) - Successfully registered JMX Bean with object name Ratis:service=RaftServer,group=group-9445BA916DD9,id=aa5bd0f1-07e3-41cb-85b2-7024559f4a76
2019-10-21 05:45:14,390 [pool-47-thread-1] INFO  impl.RaftServerImpl (RaftServerImpl.java:setRole(173)) - 8c8f7b37-153b-4e35-963f-11e686a392f9@group-9445BA916DD9: changes role from      null to FOLLOWER at term 0 for startAsFollower
2019-10-21 05:45:14,390 [pool-27-thread-1] WARN  impl.MetricRegistriesImpl (MetricRegistriesImpl.java:lambda$create$1(61)) - First MetricRegistry has been created without registering reporters. You may need to call MetricRegistries.global().addReportRegistration(...) before.
2019-10-21 05:45:14,390 [pool-47-thread-1] INFO  impl.RoleInfo (RoleInfo.java:updateAndGet(143)) - 8c8f7b37-153b-4e35-963f-11e686a392f9: start FollowerState
2019-10-21 05:45:14,390 [pool-37-thread-1] WARN  impl.MetricRegistriesImpl (MetricRegistriesImpl.java:lambda$create$1(61)) - First MetricRegistry has been created without registering reporters. You may need to call MetricRegistries.global().addReportRegistration(...) before.
2019-10-21 05:45:14,391 [pool-47-thread-1] INFO  util.JmxRegister (JmxRegister.java:tryRegister(44)) - Successfully registered JMX Bean with object name Ratis:service=RaftServer,group=group-9445BA916DD9,id=8c8f7b37-153b-4e35-963f-11e686a392f9
2019-10-21 05:45:14,391 [pool-47-thread-1] WARN  impl.MetricRegistriesImpl (MetricRegistriesImpl.java:lambda$create$1(61)) - First MetricRegistry has been created without registering reporters. You may need to call MetricRegistries.global().addReportRegistration(...) before.
2019-10-21 05:45:14,398 [RatisPipelineUtilsThread] INFO  pipeline.PipelineStateManager (PipelineStateManager.java:addPipeline(55)) - Created pipeline Pipeline[ Id: 68ef2d20-3999-4894-864b-9445ba916dd9, Nodes: 8c8f7b37-153b-4e35-963f-11e686a392f9{ip: 192.168.164.197, host: pr-hdds-1868-qzls5-2202220713, networkLocation: /default-rack, certSerialId: null}4362eed3-8353-45aa-882f-c271ffff083f{ip: 192.168.164.197, host: pr-hdds-1868-qzls5-2202220713, networkLocation: /default-rack, certSerialId: null}aa5bd0f1-07e3-41cb-85b2-7024559f4a76{ip: 192.168.164.197, host: pr-hdds-1868-qzls5-2202220713, networkLocation: /default-rack, certSerialId: null}, Type:RATIS, Factor:THREE, State:ALLOCATED]
2019-10-21 05:45:14,842 [main] INFO  ozone.MiniOzoneClusterImpl (MiniOzoneClusterImpl.java:lambda$waitForClusterToBeReady$2(162)) - Waiting for 4 number of pipelines out of 4, to report a leader.
2019-10-21 05:45:15,843 [main] INFO  ozone.MiniOzoneClusterImpl (MiniOzoneClusterImpl.java:lambda$waitForClusterToBeReady$2(162)) - Waiting for 4 number of pipelines out of 4, to report a leader.
2019-10-21 05:45:16,844 [main] INFO  ozone.MiniOzoneClusterImpl (MiniOzoneClusterImpl.java:lambda$waitForClusterToBeReady$2(162)) - Waiting for 4 number of pipelines out of 4, to report a leader.
2019-10-21 05:45:17,845 [main] INFO  ozone.MiniOzoneClusterImpl (MiniOzoneClusterImpl.java:lambda$waitForClusterToBeReady$2(162)) - Waiting for 4 number of pipelines out of 4, to report a leader.
2019-10-21 05:45:18,846 [main] INFO  ozone.MiniOzoneClusterImpl (MiniOzoneClusterImpl.java:lambda$waitForClusterToBeReady$2(162)) - Waiting for 4 number of pipelines out of 4, to report a leader.
2019-10-21 05:45:19,233 [Thread-204] INFO  impl.FollowerState (FollowerState.java:run(111)) - 8c8f7b37-153b-4e35-963f-11e686a392f9@group-9DE810F17A48-FollowerState: change to CANDIDATE, lastRpcTime:5047ms, electionTimeout:5047ms
2019-10-21 05:45:19,236 [Thread-204] INFO  impl.RoleInfo (RoleInfo.java:shutdownFollowerState(121)) - 8c8f7b37-153b-4e35-963f-11e686a392f9: shutdown FollowerState
2019-10-21 05:45:19,236 [Thread-204] INFO  impl.RaftServerImpl (RaftServerImpl.java:setRole(173)) - 8c8f7b37-153b-4e35-963f-11e686a392f9@group-9DE810F17A48: changes role from  FOLLOWER to CANDIDATE at term 0 for changeToCandidate
2019-10-21 05:45:19,241 [Thread-204] INFO  impl.RoleInfo (RoleInfo.java:updateAndGet(143)) - 8c8f7b37-153b-4e35-963f-11e686a392f9: start LeaderElection
2019-10-21 05:45:19,276 [Thread-200] INFO  impl.FollowerState (FollowerState.java:run(111)) - 4362eed3-8353-45aa-882f-c271ffff083f@group-FC338AA72874-FollowerState: change to CANDIDATE, lastRpcTime:5164ms, electionTimeout:5164ms
2019-10-21 05:45:19,276 [Thread-200] INFO  impl.RoleInfo (RoleInfo.java:shutdownFollowerState(121)) - 4362eed3-8353-45aa-882f-c271ffff083f: shutdown FollowerState
2019-10-21 05:45:19,276 [Thread-200] INFO  impl.RaftServerImpl (RaftServerImpl.java:setRole(173)) - 4362eed3-8353-45aa-882f-c271ffff083f@group-FC338AA72874: changes role from  FOLLOWER to CANDIDATE at term 0 for changeToCandidate
2019-10-21 05:45:19,276 [Thread-200] INFO  impl.RoleInfo (RoleInfo.java:updateAndGet(143)) - 4362eed3-8353-45aa-882f-c271ffff083f: start LeaderElection
2019-10-21 05:45:19,353 [Thread-208] INFO  impl.FollowerState (FollowerState.java:run(111)) - aa5bd0f1-07e3-41cb-85b2-7024559f4a76@group-E0A603011950-FollowerState: change to CANDIDATE, lastRpcTime:5092ms, electionTimeout:5092ms
2019-10-21 05:45:19,353 [Thread-208] INFO  impl.RoleInfo (RoleInfo.java:shutdownFollowerState(121)) - aa5bd0f1-07e3-41cb-85b2-7024559f4a76: shutdown FollowerState
2019-10-21 05:45:19,354 [Thread-208] INFO  impl.RaftServerImpl (RaftServerImpl.java:setRole(173)) - aa5bd0f1-07e3-41cb-85b2-7024559f4a76@group-E0A603011950: changes role from  FOLLOWER to CANDIDATE at term 0 for changeToCandidate
2019-10-21 05:45:19,354 [Thread-208] INFO  impl.RoleInfo (RoleInfo.java:updateAndGet(143)) - aa5bd0f1-07e3-41cb-85b2-7024559f4a76: start LeaderElection
2019-10-21 05:45:19,402 [Thread-215] INFO  impl.FollowerState (FollowerState.java:run(111)) - 4362eed3-8353-45aa-882f-c271ffff083f@group-9445BA916DD9-FollowerState: change to CANDIDATE, lastRpcTime:5012ms, electionTimeout:5012ms
2019-10-21 05:45:19,402 [Thread-215] INFO  impl.RoleInfo (RoleInfo.java:shutdownFollowerState(121)) - 4362eed3-8353-45aa-882f-c271ffff083f: shutdown FollowerState
2019-10-21 05:45:19,402 [Thread-215] INFO  impl.RaftServerImpl (RaftServerImpl.java:setRole(173)) - 4362eed3-8353-45aa-882f-c271ffff083f@group-9445BA916DD9: changes role from  FOLLOWER to CANDIDATE at term 0 for changeToCandidate
2019-10-21 05:45:19,402 [Thread-215] INFO  impl.RoleInfo (RoleInfo.java:updateAndGet(143)) - 4362eed3-8353-45aa-882f-c271ffff083f: start LeaderElection
2019-10-21 05:45:19,499 [Thread-218] INFO  impl.FollowerState (FollowerState.java:run(111)) - 8c8f7b37-153b-4e35-963f-11e686a392f9@group-9445BA916DD9-FollowerState: change to CANDIDATE, lastRpcTime:5108ms, electionTimeout:5108ms
2019-10-21 05:45:19,499 [Thread-218] INFO  impl.RoleInfo (RoleInfo.java:shutdownFollowerState(121)) - 8c8f7b37-153b-4e35-963f-11e686a392f9: shutdown FollowerState
2019-10-21 05:45:19,499 [Thread-218] INFO  impl.RaftServerImpl (RaftServerImpl.java:setRole(173)) - 8c8f7b37-153b-4e35-963f-11e686a392f9@group-9445BA916DD9: changes role from  FOLLOWER to CANDIDATE at term 0 for changeToCandidate
2019-10-21 05:45:19,499 [Thread-218] INFO  impl.RoleInfo (RoleInfo.java:updateAndGet(143)) - 8c8f7b37-153b-4e35-963f-11e686a392f9: start LeaderElection
2019-10-21 05:45:19,565 [Thread-216] INFO  impl.FollowerState (FollowerState.java:run(111)) - aa5bd0f1-07e3-41cb-85b2-7024559f4a76@group-9445BA916DD9-FollowerState: change to CANDIDATE, lastRpcTime:5175ms, electionTimeout:5175ms
2019-10-21 05:45:19,565 [Thread-216] INFO  impl.RoleInfo (RoleInfo.java:shutdownFollowerState(121)) - aa5bd0f1-07e3-41cb-85b2-7024559f4a76: shutdown FollowerState
2019-10-21 05:45:19,565 [Thread-216] INFO  impl.RaftServerImpl (RaftServerImpl.java:setRole(173)) - aa5bd0f1-07e3-41cb-85b2-7024559f4a76@group-9445BA916DD9: changes role from  FOLLOWER to CANDIDATE at term 0 for changeToCandidate
2019-10-21 05:45:19,566 [Thread-216] INFO  impl.RoleInfo (RoleInfo.java:updateAndGet(143)) - aa5bd0f1-07e3-41cb-85b2-7024559f4a76: start LeaderElection
2019-10-21 05:45:19,846 [main] INFO  ozone.MiniOzoneClusterImpl (MiniOzoneClusterImpl.java:lambda$waitForClusterToBeReady$2(162)) - Waiting for 4 number of pipelines out of 4, to report a leader.
2019-10-21 05:45:20,847 [main] INFO  ozone.MiniOzoneClusterImpl (MiniOzoneClusterImpl.java:lambda$waitForClusterToBeReady$2(162)) - Waiting for 4 number of pipelines out of 4, to report a leader.
2019-10-21 05:45:21,848 [main] INFO  ozone.MiniOzoneClusterImpl (MiniOzoneClusterImpl.java:lambda$waitForClusterToBeReady$2(162)) - Waiting for 4 number of pipelines out of 4, to report a leader.
2019-10-21 05:45:22,850 [main] INFO  ozone.MiniOzoneClusterImpl (MiniOzoneClusterImpl.java:lambda$waitForClusterToBeReady$2(162)) - Waiting for 4 number of pipelines out of 4, to report a leader.
2019-10-21 05:45:23,851 [main] INFO  ozone.MiniOzoneClusterImpl (MiniOzoneClusterImpl.java:lambda$waitForClusterToBeReady$2(162)) - Waiting for 4 number of pipelines out of 4, to report a leader.
2019-10-21 05:45:24,439 [4362eed3-8353-45aa-882f-c271ffff083f@group-FC338AA72874-LeaderElection2] INFO  impl.LeaderElection (LeaderElection.java:askForVotes(178)) - 4362eed3-8353-45aa-882f-c271ffff083f@group-FC338AA72874-LeaderElection2: begin an election at term 1 for -1: [4362eed3-8353-45aa-882f-c271ffff083f:192.168.164.197:46068], old=null
2019-10-21 05:45:24,439 [aa5bd0f1-07e3-41cb-85b2-7024559f4a76@group-E0A603011950-LeaderElection3] INFO  impl.LeaderElection (LeaderElection.java:askForVotes(178)) - aa5bd0f1-07e3-41cb-85b2-7024559f4a76@group-E0A603011950-LeaderElection3: begin an election at term 1 for -1: [aa5bd0f1-07e3-41cb-85b2-7024559f4a76:192.168.164.197:46790], old=null
2019-10-21 05:45:24,439 [4362eed3-8353-45aa-882f-c271ffff083f@group-9445BA916DD9-LeaderElection4] INFO  impl.LeaderElection (LeaderElection.java:askForVotes(178)) - 4362eed3-8353-45aa-882f-c271ffff083f@group-9445BA916DD9-LeaderElection4: begin an election at term 1 for -1: [aa5bd0f1-07e3-41cb-85b2-7024559f4a76:192.168.164.197:46790, 4362eed3-8353-45aa-882f-c271ffff083f:192.168.164.197:46068, 8c8f7b37-153b-4e35-963f-11e686a392f9:192.168.164.197:45513], old=null
2019-10-21 05:45:24,439 [8c8f7b37-153b-4e35-963f-11e686a392f9@group-9445BA916DD9-LeaderElection5] INFO  impl.LeaderElection (LeaderElection.java:askForVotes(178)) - 8c8f7b37-153b-4e35-963f-11e686a392f9@group-9445BA916DD9-LeaderElection5: begin an election at term 1 for -1: [aa5bd0f1-07e3-41cb-85b2-7024559f4a76:192.168.164.197:46790, 4362eed3-8353-45aa-882f-c271ffff083f:192.168.164.197:46068, 8c8f7b37-153b-4e35-963f-11e686a392f9:192.168.164.197:45513], old=null
2019-10-21 05:45:24,439 [aa5bd0f1-07e3-41cb-85b2-7024559f4a76@group-9445BA916DD9-LeaderElection6] INFO  impl.LeaderElection (LeaderElection.java:askForVotes(178)) - aa5bd0f1-07e3-41cb-85b2-7024559f4a76@group-9445BA916DD9-LeaderElection6: begin an election at term 1 for -1: [aa5bd0f1-07e3-41cb-85b2-7024559f4a76:192.168.164.197:46790, 4362eed3-8353-45aa-882f-c271ffff083f:192.168.164.197:46068, 8c8f7b37-153b-4e35-963f-11e686a392f9:192.168.164.197:45513], old=null
2019-10-21 05:45:24,439 [8c8f7b37-153b-4e35-963f-11e686a392f9@group-9DE810F17A48-LeaderElection1] INFO  impl.LeaderElection (LeaderElection.java:askForVotes(178)) - 8c8f7b37-153b-4e35-963f-11e686a392f9@group-9DE810F17A48-LeaderElection1: begin an election at term 1 for -1: [8c8f7b37-153b-4e35-963f-11e686a392f9:192.168.164.197:45513], old=null
2019-10-21 05:45:24,446 [8c8f7b37-153b-4e35-963f-11e686a392f9@group-9DE810F17A48-LeaderElection1] INFO  impl.RoleInfo (RoleInfo.java:shutdownLeaderElection(134)) - 8c8f7b37-153b-4e35-963f-11e686a392f9: shutdown LeaderElection
2019-10-21 05:45:24,446 [aa5bd0f1-07e3-41cb-85b2-7024559f4a76@group-E0A603011950-LeaderElection3] INFO  impl.RoleInfo (RoleInfo.java:shutdownLeaderElection(134)) - aa5bd0f1-07e3-41cb-85b2-7024559f4a76: shutdown LeaderElection
2019-10-21 05:45:24,446 [4362eed3-8353-45aa-882f-c271ffff083f@group-FC338AA72874-LeaderElection2] INFO  impl.RoleInfo (RoleInfo.java:shutdownLeaderElection(134)) - 4362eed3-8353-45aa-882f-c271ffff083f: shutdown LeaderElection
2019-10-21 05:45:24,447 [4362eed3-8353-45aa-882f-c271ffff083f@group-FC338AA72874-LeaderElection2] INFO  impl.RaftServerImpl (RaftServerImpl.java:setRole(173)) - 4362eed3-8353-45aa-882f-c271ffff083f@group-FC338AA72874: changes role from CANDIDATE to LEADER at term 1 for changeToLeader
2019-10-21 05:45:24,447 [aa5bd0f1-07e3-41cb-85b2-7024559f4a76@group-E0A603011950-LeaderElection3] INFO  impl.RaftServerImpl (RaftServerImpl.java:setRole(173)) - aa5bd0f1-07e3-41cb-85b2-7024559f4a76@group-E0A603011950: changes role from CANDIDATE to LEADER at term 1 for changeToLeader
2019-10-21 05:45:24,447 [8c8f7b37-153b-4e35-963f-11e686a392f9@group-9DE810F17A48-LeaderElection1] INFO  impl.RaftServerImpl (RaftServerImpl.java:setRole(173)) - 8c8f7b37-153b-4e35-963f-11e686a392f9@group-9DE810F17A48: changes role from CANDIDATE to LEADER at term 1 for changeToLeader
2019-10-21 05:45:24,448 [aa5bd0f1-07e3-41cb-85b2-7024559f4a76@group-E0A603011950-LeaderElection3] INFO  ratis.XceiverServerRatis (XceiverServerRatis.java:handleLeaderChangedNotification(701)) - Leader change notification received for group: group-E0A603011950 with new leaderId: aa5bd0f1-07e3-41cb-85b2-7024559f4a76
2019-10-21 05:45:24,448 [4362eed3-8353-45aa-882f-c271ffff083f@group-FC338AA72874-LeaderElection2] INFO  ratis.XceiverServerRatis (XceiverServerRatis.java:handleLeaderChangedNotification(701)) - Leader change notification received for group: group-FC338AA72874 with new leaderId: 4362eed3-8353-45aa-882f-c271ffff083f
2019-10-21 05:45:24,448 [8c8f7b37-153b-4e35-963f-11e686a392f9@group-9DE810F17A48-LeaderElection1] INFO  ratis.XceiverServerRatis (XceiverServerRatis.java:handleLeaderChangedNotification(701)) - Leader change notification received for group: group-9DE810F17A48 with new leaderId: 8c8f7b37-153b-4e35-963f-11e686a392f9
2019-10-21 05:45:24,453 [4362eed3-8353-45aa-882f-c271ffff083f@group-FC338AA72874-LeaderElection2] INFO  impl.RaftServerImpl (ServerState.java:setLeader(255)) - 4362eed3-8353-45aa-882f-c271ffff083f@group-FC338AA72874: change Leader from null to 4362eed3-8353-45aa-882f-c271ffff083f at term 1 for becomeLeader, leader elected after 10340ms
2019-10-21 05:45:24,453 [aa5bd0f1-07e3-41cb-85b2-7024559f4a76@group-E0A603011950-LeaderElection3] INFO  impl.RaftServerImpl (ServerState.java:setLeader(255)) - aa5bd0f1-07e3-41cb-85b2-7024559f4a76@group-E0A603011950: change Leader from null to aa5bd0f1-07e3-41cb-85b2-7024559f4a76 at term 1 for becomeLeader, leader elected after 10192ms
2019-10-21 05:45:24,453 [8c8f7b37-153b-4e35-963f-11e686a392f9@group-9DE810F17A48-LeaderElection1] INFO  impl.RaftServerImpl (ServerState.java:setLeader(255)) - 8c8f7b37-153b-4e35-963f-11e686a392f9@group-9DE810F17A48: change Leader from null to 8c8f7b37-153b-4e35-963f-11e686a392f9 at term 1 for becomeLeader, leader elected after 10266ms
2019-10-21 05:45:24,460 [aa5bd0f1-07e3-41cb-85b2-7024559f4a76@group-E0A603011950-LeaderElection3] INFO  server.RaftServerConfigKeys (ConfUtils.java:logGet(43)) - raft.server.staging.catchup.gap = 1000 (default)
2019-10-21 05:45:24,460 [8c8f7b37-153b-4e35-963f-11e686a392f9@group-9DE810F17A48-LeaderElection1] INFO  server.RaftServerConfigKeys (ConfUtils.java:logGet(43)) - raft.server.staging.catchup.gap = 1000 (default)
2019-10-21 05:45:24,460 [4362eed3-8353-45aa-882f-c271ffff083f@group-FC338AA72874-LeaderElection2] INFO  server.RaftServerConfigKeys (ConfUtils.java:logGet(43)) - raft.server.staging.catchup.gap = 1000 (default)
2019-10-21 05:45:24,461 [8c8f7b37-153b-4e35-963f-11e686a392f9@group-9DE810F17A48-LeaderElection1] INFO  server.RaftServerConfigKeys (ConfUtils.java:logGet(43)) - raft.server.rpc.sleep.time = 25ms (default)
2019-10-21 05:45:24,460 [aa5bd0f1-07e3-41cb-85b2-7024559f4a76@group-E0A603011950-LeaderElection3] INFO  server.RaftServerConfigKeys (ConfUtils.java:logGet(43)) - raft.server.rpc.sleep.time = 25ms (default)
2019-10-21 05:45:24,461 [4362eed3-8353-45aa-882f-c271ffff083f@group-FC338AA72874-LeaderElection2] INFO  server.RaftServerConfigKeys (ConfUtils.java:logGet(43)) - raft.server.rpc.sleep.time = 25ms (default)
2019-10-21 05:45:24,470 [aa5bd0f1-07e3-41cb-85b2-7024559f4a76@group-E0A603011950-LeaderElection3] INFO  server.RaftServerConfigKeys (ConfUtils.java:logGet(43)) - raft.server.write.element-limit = 4096 (default)
2019-10-21 05:45:24,470 [4362eed3-8353-45aa-882f-c271ffff083f@group-FC338AA72874-LeaderElection2] INFO  server.RaftServerConfigKeys (ConfUtils.java:logGet(43)) - raft.server.write.element-limit = 4096 (default)
2019-10-21 05:45:24,470 [8c8f7b37-153b-4e35-963f-11e686a392f9@group-9DE810F17A48-LeaderElection1] INFO  server.RaftServerConfigKeys (ConfUtils.java:logGet(43)) - raft.server.write.element-limit = 4096 (default)
2019-10-21 05:45:24,474 [8c8f7b37-153b-4e35-963f-11e686a392f9@group-9DE810F17A48-LeaderElection1] INFO  server.RaftServerConfigKeys (ConfUtils.java:logGet(43)) - raft.server.watch.timeout = 10s (default)
2019-10-21 05:45:24,474 [4362eed3-8353-45aa-882f-c271ffff083f@group-FC338AA72874-LeaderElection2] INFO  server.RaftServerConfigKeys (ConfUtils.java:logGet(43)) - raft.server.watch.timeout = 10s (default)
2019-10-21 05:45:24,474 [aa5bd0f1-07e3-41cb-85b2-7024559f4a76@group-E0A603011950-LeaderElection3] INFO  server.RaftServerConfigKeys (ConfUtils.java:logGet(43)) - raft.server.watch.timeout = 10s (default)
2019-10-21 05:45:24,477 [4362eed3-8353-45aa-882f-c271ffff083f@group-FC338AA72874-LeaderElection2] INFO  server.RaftServerConfigKeys (ConfUtils.java:logGet(43)) - raft.server.watch.timeout.denomination = 1s (default)
2019-10-21 05:45:24,477 [8c8f7b37-153b-4e35-963f-11e686a392f9@group-9DE810F17A48-LeaderElection1] INFO  server.RaftServerConfigKeys (ConfUtils.java:logGet(43)) - raft.server.watch.timeout.denomination = 1s (default)
2019-10-21 05:45:24,477 [aa5bd0f1-07e3-41cb-85b2-7024559f4a76@group-E0A603011950-LeaderElection3] INFO  server.RaftServerConfigKeys (ConfUtils.java:logGet(43)) - raft.server.watch.timeout.denomination = 1s (default)
2019-10-21 05:45:24,479 [8c8f7b37-153b-4e35-963f-11e686a392f9@group-9DE810F17A48-LeaderElection1] INFO  server.RaftServerConfigKeys (ConfUtils.java:logGet(43)) - raft.server.watch.element-limit = 65536 (default)
2019-10-21 05:45:24,479 [4362eed3-8353-45aa-882f-c271ffff083f@group-FC338AA72874-LeaderElection2] INFO  server.RaftServerConfigKeys (ConfUtils.java:logGet(43)) - raft.server.watch.element-limit = 65536 (default)
2019-10-21 05:45:24,480 [aa5bd0f1-07e3-41cb-85b2-7024559f4a76@group-E0A603011950-LeaderElection3] INFO  server.RaftServerConfigKeys (ConfUtils.java:logGet(43)) - raft.server.watch.element-limit = 65536 (default)
2019-10-21 05:45:24,485 [EventQueue-PipelineReportForPipelineReportHandler] INFO  pipeline.PipelineReportHandler (PipelineReportHandler.java:processPipelineReport(105)) - Pipeline PipelineID=73bc0e15-d6c0-457a-b987-e0a603011950 reported by aa5bd0f1-07e3-41cb-85b2-7024559f4a76{ip: 192.168.164.197, host: pr-hdds-1868-qzls5-2202220713, networkLocation: /default-rack, certSerialId: null} with leaderId aa5bd0f1-07e3-41cb-85b2-7024559f4a76
2019-10-21 05:45:24,497 [8c8f7b37-153b-4e35-963f-11e686a392f9@group-9445BA916DD9-LeaderElection5] INFO  impl.LeaderElection (LeaderElection.java:logAndReturn(56)) - 8c8f7b37-153b-4e35-963f-11e686a392f9@group-9445BA916DD9-LeaderElection5: Election REJECTED; received 2 response(s) [8c8f7b37-153b-4e35-963f-11e686a392f9<-aa5bd0f1-07e3-41cb-85b2-7024559f4a76#0:FAIL-t1, 8c8f7b37-153b-4e35-963f-11e686a392f9<-4362eed3-8353-45aa-882f-c271ffff083f#0:FAIL-t1] and 0 exception(s); 8c8f7b37-153b-4e35-963f-11e686a392f9@group-9445BA916DD9:t1, leader=null, voted=8c8f7b37-153b-4e35-963f-11e686a392f9, raftlog=8c8f7b37-153b-4e35-963f-11e686a392f9@group-9445BA916DD9-SegmentedRaftLog:OPENED:c-1,f-1,i0, conf=-1: [aa5bd0f1-07e3-41cb-85b2-7024559f4a76:192.168.164.197:46790, 4362eed3-8353-45aa-882f-c271ffff083f:192.168.164.197:46068, 8c8f7b37-153b-4e35-963f-11e686a392f9:192.168.164.197:45513], old=null
2019-10-21 05:45:24,497 [4362eed3-8353-45aa-882f-c271ffff083f@group-9445BA916DD9-LeaderElection4] INFO  impl.LeaderElection (LeaderElection.java:logAndReturn(56)) - 4362eed3-8353-45aa-882f-c271ffff083f@group-9445BA916DD9-LeaderElection4: Election REJECTED; received 2 response(s) [4362eed3-8353-45aa-882f-c271ffff083f<-aa5bd0f1-07e3-41cb-85b2-7024559f4a76#0:FAIL-t1, 4362eed3-8353-45aa-882f-c271ffff083f<-8c8f7b37-153b-4e35-963f-11e686a392f9#0:FAIL-t1] and 0 exception(s); 4362eed3-8353-45aa-882f-c271ffff083f@group-9445BA916DD9:t1, leader=null, voted=4362eed3-8353-45aa-882f-c271ffff083f, raftlog=4362eed3-8353-45aa-882f-c271ffff083f@group-9445BA916DD9-SegmentedRaftLog:OPENED:c-1,f-1,i0, conf=-1: [aa5bd0f1-07e3-41cb-85b2-7024559f4a76:192.168.164.197:46790, 4362eed3-8353-45aa-882f-c271ffff083f:192.168.164.197:46068, 8c8f7b37-153b-4e35-963f-11e686a392f9:192.168.164.197:45513], old=null
2019-10-21 05:45:24,497 [aa5bd0f1-07e3-41cb-85b2-7024559f4a76@group-9445BA916DD9-LeaderElection6] INFO  impl.LeaderElection (LeaderElection.java:logAndReturn(56)) - aa5bd0f1-07e3-41cb-85b2-7024559f4a76@group-9445BA916DD9-LeaderElection6: Election REJECTED; received 2 response(s) [aa5bd0f1-07e3-41cb-85b2-7024559f4a76<-4362eed3-8353-45aa-882f-c271ffff083f#0:FAIL-t1, aa5bd0f1-07e3-41cb-85b2-7024559f4a76<-8c8f7b37-153b-4e35-963f-11e686a392f9#0:FAIL-t1] and 0 exception(s); aa5bd0f1-07e3-41cb-85b2-7024559f4a76@group-9445BA916DD9:t1, leader=null, voted=aa5bd0f1-07e3-41cb-85b2-7024559f4a76, raftlog=aa5bd0f1-07e3-41cb-85b2-7024559f4a76@group-9445BA916DD9-SegmentedRaftLog:OPENED:c-1,f-1,i0, conf=-1: [aa5bd0f1-07e3-41cb-85b2-7024559f4a76:192.168.164.197:46790, 4362eed3-8353-45aa-882f-c271ffff083f:192.168.164.197:46068, 8c8f7b37-153b-4e35-963f-11e686a392f9:192.168.164.197:45513], old=null
2019-10-21 05:45:24,497 [EventQueue-PipelineReportForPipelineReportHandler] INFO  pipeline.SCMPipelineManager (SCMPipelineManager.java:processReportedLeaderInfo(313)) - Opening pipeline PipelineID=73bc0e15-d6c0-457a-b987-e0a603011950 with reported leader <ByteString@49be8ec9 size=36>
2019-10-21 05:45:24,501 [8c8f7b37-153b-4e35-963f-11e686a392f9@group-9445BA916DD9-LeaderElection5] INFO  impl.RaftServerImpl (RaftServerImpl.java:setRole(173)) - 8c8f7b37-153b-4e35-963f-11e686a392f9@group-9445BA916DD9: changes role from CANDIDATE to FOLLOWER at term 1 for DISCOVERED_A_NEW_TERM
2019-10-21 05:45:24,502 [aa5bd0f1-07e3-41cb-85b2-7024559f4a76@group-9445BA916DD9-LeaderElection6] INFO  impl.RaftServerImpl (RaftServerImpl.java:setRole(173)) - aa5bd0f1-07e3-41cb-85b2-7024559f4a76@group-9445BA916DD9: changes role from CANDIDATE to FOLLOWER at term 1 for DISCOVERED_A_NEW_TERM
2019-10-21 05:45:24,502 [4362eed3-8353-45aa-882f-c271ffff083f@group-FC338AA72874-LeaderElection2] INFO  impl.RoleInfo (RoleInfo.java:updateAndGet(143)) - 4362eed3-8353-45aa-882f-c271ffff083f: start LeaderState
2019-10-21 05:45:24,502 [8c8f7b37-153b-4e35-963f-11e686a392f9@group-9445BA916DD9-LeaderElection5] INFO  impl.RoleInfo (RoleInfo.java:shutdownLeaderElection(134)) - 8c8f7b37-153b-4e35-963f-11e686a392f9: shutdown LeaderElection
2019-10-21 05:45:24,501 [aa5bd0f1-07e3-41cb-85b2-7024559f4a76@group-E0A603011950-LeaderElection3] INFO  impl.RoleInfo (RoleInfo.java:updateAndGet(143)) - aa5bd0f1-07e3-41cb-85b2-7024559f4a76: start LeaderState
2019-10-21 05:45:24,501 [EventQueue-PipelineReportForPipelineReportHandler] INFO  pipeline.PipelineStateManager (PipelineStateManager.java:openPipeline(134)) - Pipeline Pipeline[ Id: 73bc0e15-d6c0-457a-b987-e0a603011950, Nodes: aa5bd0f1-07e3-41cb-85b2-7024559f4a76{ip: 192.168.164.197, host: pr-hdds-1868-qzls5-2202220713, networkLocation: /default-rack, certSerialId: null}, Type:RATIS, Factor:ONE, State:OPEN] moved to OPEN state
2019-10-21 05:45:24,501 [4362eed3-8353-45aa-882f-c271ffff083f@group-9445BA916DD9-LeaderElection4] INFO  impl.RaftServerImpl (RaftServerImpl.java:setRole(173)) - 4362eed3-8353-45aa-882f-c271ffff083f@group-9445BA916DD9: changes role from CANDIDATE to FOLLOWER at term 1 for DISCOVERED_A_NEW_TERM
2019-10-21 05:45:24,501 [8c8f7b37-153b-4e35-963f-11e686a392f9@group-9DE810F17A48-LeaderElection1] INFO  impl.RoleInfo (RoleInfo.java:updateAndGet(143)) - 8c8f7b37-153b-4e35-963f-11e686a392f9: start LeaderState
2019-10-21 05:45:24,503 [EventQueue-PipelineReportForPipelineReportHandler] INFO  pipeline.PipelineReportHandler (PipelineReportHandler.java:processPipelineReport(105)) - Pipeline PipelineID=68ef2d20-3999-4894-864b-9445ba916dd9 reported by aa5bd0f1-07e3-41cb-85b2-7024559f4a76{ip: 192.168.164.197, host: pr-hdds-1868-qzls5-2202220713, networkLocation: /default-rack, certSerialId: null} with leaderId 
2019-10-21 05:45:24,503 [4362eed3-8353-45aa-882f-c271ffff083f@group-9445BA916DD9-LeaderElection4] INFO  impl.RoleInfo (RoleInfo.java:shutdownLeaderElection(134)) - 4362eed3-8353-45aa-882f-c271ffff083f: shutdown LeaderElection
2019-10-21 05:45:24,502 [8c8f7b37-153b-4e35-963f-11e686a392f9@group-9445BA916DD9-LeaderElection5] INFO  impl.RoleInfo (RoleInfo.java:updateAndGet(143)) - 8c8f7b37-153b-4e35-963f-11e686a392f9: start FollowerState
2019-10-21 05:45:24,502 [aa5bd0f1-07e3-41cb-85b2-7024559f4a76@group-9445BA916DD9-LeaderElection6] INFO  impl.RoleInfo (RoleInfo.java:shutdownLeaderElection(134)) - aa5bd0f1-07e3-41cb-85b2-7024559f4a76: shutdown LeaderElection
2019-10-21 05:45:24,503 [4362eed3-8353-45aa-882f-c271ffff083f@group-9445BA916DD9-LeaderElection4] INFO  impl.RoleInfo (RoleInfo.java:updateAndGet(143)) - 4362eed3-8353-45aa-882f-c271ffff083f: start FollowerState
2019-10-21 05:45:24,503 [EventQueue-PipelineReportForPipelineReportHandler] INFO  pipeline.PipelineReportHandler (PipelineReportHandler.java:processPipelineReport(105)) - Pipeline PipelineID=68ef2d20-3999-4894-864b-9445ba916dd9 reported by 8c8f7b37-153b-4e35-963f-11e686a392f9{ip: 192.168.164.197, host: pr-hdds-1868-qzls5-2202220713, networkLocation: /default-rack, certSerialId: null} with leaderId 
2019-10-21 05:45:24,504 [aa5bd0f1-07e3-41cb-85b2-7024559f4a76@group-9445BA916DD9-LeaderElection6] INFO  impl.RoleInfo (RoleInfo.java:updateAndGet(143)) - aa5bd0f1-07e3-41cb-85b2-7024559f4a76: start FollowerState
2019-10-21 05:45:24,505 [EventQueue-PipelineReportForPipelineReportHandler] INFO  pipeline.PipelineReportHandler (PipelineReportHandler.java:processPipelineReport(105)) - Pipeline PipelineID=5e24d458-20ce-42b0-a28a-9de810f17a48 reported by 8c8f7b37-153b-4e35-963f-11e686a392f9{ip: 192.168.164.197, host: pr-hdds-1868-qzls5-2202220713, networkLocation: /default-rack, certSerialId: null} with leaderId 8c8f7b37-153b-4e35-963f-11e686a392f9
2019-10-21 05:45:24,506 [EventQueue-PipelineReportForPipelineReportHandler] INFO  pipeline.SCMPipelineManager (SCMPipelineManager.java:processReportedLeaderInfo(313)) - Opening pipeline PipelineID=5e24d458-20ce-42b0-a28a-9de810f17a48 with reported leader <ByteString@17f6ffa9 size=36>
2019-10-21 05:45:24,506 [EventQueue-PipelineReportForPipelineReportHandler] INFO  pipeline.PipelineStateManager (PipelineStateManager.java:openPipeline(134)) - Pipeline Pipeline[ Id: 5e24d458-20ce-42b0-a28a-9de810f17a48, Nodes: 8c8f7b37-153b-4e35-963f-11e686a392f9{ip: 192.168.164.197, host: pr-hdds-1868-qzls5-2202220713, networkLocation: /default-rack, certSerialId: null}, Type:RATIS, Factor:ONE, State:OPEN] moved to OPEN state
2019-10-21 05:45:24,506 [EventQueue-PipelineReportForPipelineReportHandler] INFO  pipeline.PipelineReportHandler (PipelineReportHandler.java:processPipelineReport(105)) - Pipeline PipelineID=68ef2d20-3999-4894-864b-9445ba916dd9 reported by 4362eed3-8353-45aa-882f-c271ffff083f{ip: 192.168.164.197, host: pr-hdds-1868-qzls5-2202220713, networkLocation: /default-rack, certSerialId: null} with leaderId 
2019-10-21 05:45:24,506 [EventQueue-PipelineReportForPipelineReportHandler] INFO  pipeline.SCMPipelineManager (SCMPipelineManager.java:processReportedLeaderInfo(313)) - Opening pipeline PipelineID=68ef2d20-3999-4894-864b-9445ba916dd9 with reported leader <ByteString@313813c4 size=0>
2019-10-21 05:45:24,506 [EventQueue-PipelineReportForPipelineReportHandler] INFO  pipeline.PipelineStateManager (PipelineStateManager.java:openPipeline(134)) - Pipeline Pipeline[ Id: 68ef2d20-3999-4894-864b-9445ba916dd9, Nodes: 8c8f7b37-153b-4e35-963f-11e686a392f9{ip: 192.168.164.197, host: pr-hdds-1868-qzls5-2202220713, networkLocation: /default-rack, certSerialId: null}4362eed3-8353-45aa-882f-c271ffff083f{ip: 192.168.164.197, host: pr-hdds-1868-qzls5-2202220713, networkLocation: /default-rack, certSerialId: null}aa5bd0f1-07e3-41cb-85b2-7024559f4a76{ip: 192.168.164.197, host: pr-hdds-1868-qzls5-2202220713, networkLocation: /default-rack, certSerialId: null}, Type:RATIS, Factor:THREE, State:OPEN] moved to OPEN state
2019-10-21 05:45:24,506 [EventQueue-PipelineReportForPipelineReportHandler] INFO  pipeline.PipelineReportHandler (PipelineReportHandler.java:processPipelineReport(105)) - Pipeline PipelineID=c7c3d90f-223a-4157-8977-fc338aa72874 reported by 4362eed3-8353-45aa-882f-c271ffff083f{ip: 192.168.164.197, host: pr-hdds-1868-qzls5-2202220713, networkLocation: /default-rack, certSerialId: null} with leaderId 4362eed3-8353-45aa-882f-c271ffff083f
2019-10-21 05:45:24,507 [EventQueue-PipelineReportForPipelineReportHandler] INFO  pipeline.SCMPipelineManager (SCMPipelineManager.java:processReportedLeaderInfo(313)) - Opening pipeline PipelineID=c7c3d90f-223a-4157-8977-fc338aa72874 with reported leader <ByteString@46b5c35d size=36>
2019-10-21 05:45:24,507 [EventQueue-PipelineReportForPipelineReportHandler] INFO  pipeline.PipelineStateManager (PipelineStateManager.java:openPipeline(134)) - Pipeline Pipeline[ Id: c7c3d90f-223a-4157-8977-fc338aa72874, Nodes: 4362eed3-8353-45aa-882f-c271ffff083f{ip: 192.168.164.197, host: pr-hdds-1868-qzls5-2202220713, networkLocation: /default-rack, certSerialId: null}, Type:RATIS, Factor:ONE, State:OPEN] moved to OPEN state
2019-10-21 05:45:24,520 [8c8f7b37-153b-4e35-963f-11e686a392f9@group-9DE810F17A48-LeaderElection1] INFO  segmented.SegmentedRaftLogWorker (SegmentedRaftLogWorker.java:startLogSegment(385)) - 8c8f7b37-153b-4e35-963f-11e686a392f9@group-9DE810F17A48-SegmentedRaftLogWorker: Starting segment from index:0
2019-10-21 05:45:24,520 [aa5bd0f1-07e3-41cb-85b2-7024559f4a76@group-E0A603011950-LeaderElection3] INFO  segmented.SegmentedRaftLogWorker (SegmentedRaftLogWorker.java:startLogSegment(385)) - aa5bd0f1-07e3-41cb-85b2-7024559f4a76@group-E0A603011950-SegmentedRaftLogWorker: Starting segment from index:0
2019-10-21 05:45:24,520 [4362eed3-8353-45aa-882f-c271ffff083f@group-FC338AA72874-LeaderElection2] INFO  segmented.SegmentedRaftLogWorker (SegmentedRaftLogWorker.java:startLogSegment(385)) - 4362eed3-8353-45aa-882f-c271ffff083f@group-FC338AA72874-SegmentedRaftLogWorker: Starting segment from index:0
2019-10-21 05:45:24,531 [8c8f7b37-153b-4e35-963f-11e686a392f9@group-9DE810F17A48-LeaderElection1] INFO  impl.RaftServerImpl (ServerState.java:setRaftConf(356)) - 8c8f7b37-153b-4e35-963f-11e686a392f9@group-9DE810F17A48: set configuration 0: [8c8f7b37-153b-4e35-963f-11e686a392f9:192.168.164.197:45513], old=null at 0
2019-10-21 05:45:24,531 [aa5bd0f1-07e3-41cb-85b2-7024559f4a76@group-E0A603011950-LeaderElection3] INFO  impl.RaftServerImpl (ServerState.java:setRaftConf(356)) - aa5bd0f1-07e3-41cb-85b2-7024559f4a76@group-E0A603011950: set configuration 0: [aa5bd0f1-07e3-41cb-85b2-7024559f4a76:192.168.164.197:46790], old=null at 0
2019-10-21 05:45:24,531 [4362eed3-8353-45aa-882f-c271ffff083f@group-FC338AA72874-LeaderElection2] INFO  impl.RaftServerImpl (ServerState.java:setRaftConf(356)) - 4362eed3-8353-45aa-882f-c271ffff083f@group-FC338AA72874: set configuration 0: [4362eed3-8353-45aa-882f-c271ffff083f:192.168.164.197:46068], old=null at 0
2019-10-21 05:45:24,689 [8c8f7b37-153b-4e35-963f-11e686a392f9@group-9DE810F17A48-SegmentedRaftLogWorker] INFO  segmented.SegmentedRaftLogWorker (SegmentedRaftLogWorker.java:execute(576)) - 8c8f7b37-153b-4e35-963f-11e686a392f9@group-9DE810F17A48-SegmentedRaftLogWorker: created new log segment /workdir/hadoop-ozone/integration-test/target/test-dir/MiniOzoneClusterImpl-93b22bd0-c23b-4638-a463-78c5d9798a83/datanode-2/data/ratis/5e24d458-20ce-42b0-a28a-9de810f17a48/current/log_inprogress_0
2019-10-21 05:45:24,689 [aa5bd0f1-07e3-41cb-85b2-7024559f4a76@group-E0A603011950-SegmentedRaftLogWorker] INFO  segmented.SegmentedRaftLogWorker (SegmentedRaftLogWorker.java:execute(576)) - aa5bd0f1-07e3-41cb-85b2-7024559f4a76@group-E0A603011950-SegmentedRaftLogWorker: created new log segment /workdir/hadoop-ozone/integration-test/target/test-dir/MiniOzoneClusterImpl-93b22bd0-c23b-4638-a463-78c5d9798a83/datanode-0/data/ratis/73bc0e15-d6c0-457a-b987-e0a603011950/current/log_inprogress_0
2019-10-21 05:45:24,689 [4362eed3-8353-45aa-882f-c271ffff083f@group-FC338AA72874-SegmentedRaftLogWorker] INFO  segmented.SegmentedRaftLogWorker (SegmentedRaftLogWorker.java:execute(576)) - 4362eed3-8353-45aa-882f-c271ffff083f@group-FC338AA72874-SegmentedRaftLogWorker: created new log segment /workdir/hadoop-ozone/integration-test/target/test-dir/MiniOzoneClusterImpl-93b22bd0-c23b-4638-a463-78c5d9798a83/datanode-1/data/ratis/c7c3d90f-223a-4157-8977-fc338aa72874/current/log_inprogress_0
2019-10-21 05:45:24,852 [main] INFO  ozone.MiniOzoneClusterImpl (MiniOzoneClusterImpl.java:lambda$waitForClusterToBeReady$2(170)) - Cluster is ready. Got 3 of 3 DN Heartbeats.
2019-10-21 05:45:24,855 [main] INFO  pipeline.SCMPipelineManager (SCMPipelineManager.java:finalizeAndDestroyPipeline(343)) - destroying pipeline:Pipeline[ Id: 73bc0e15-d6c0-457a-b987-e0a603011950, Nodes: aa5bd0f1-07e3-41cb-85b2-7024559f4a76{ip: 192.168.164.197, host: pr-hdds-1868-qzls5-2202220713, networkLocation: /default-rack, certSerialId: null}, Type:RATIS, Factor:ONE, State:OPEN]
2019-10-21 05:45:24,855 [main] INFO  pipeline.PipelineStateManager (PipelineStateManager.java:finalizePipeline(121)) - Pipeline Pipeline[ Id: 73bc0e15-d6c0-457a-b987-e0a603011950, Nodes: aa5bd0f1-07e3-41cb-85b2-7024559f4a76{ip: 192.168.164.197, host: pr-hdds-1868-qzls5-2202220713, networkLocation: /default-rack, certSerialId: null}, Type:RATIS, Factor:ONE, State:CLOSED] moved to CLOSED state
2019-10-21 05:45:24,865 [grpc-default-executor-4] INFO  impl.RaftServerProxy (RaftServerProxy.java:remove(95)) - aa5bd0f1-07e3-41cb-85b2-7024559f4a76: remove    LEADER aa5bd0f1-07e3-41cb-85b2-7024559f4a76@group-E0A603011950:t1, leader=aa5bd0f1-07e3-41cb-85b2-7024559f4a76, voted=aa5bd0f1-07e3-41cb-85b2-7024559f4a76, raftlog=aa5bd0f1-07e3-41cb-85b2-7024559f4a76@group-E0A603011950-SegmentedRaftLog:OPENED:c0,f0,i0, conf=0: [aa5bd0f1-07e3-41cb-85b2-7024559f4a76:192.168.164.197:46790], old=null RUNNING
2019-10-21 05:45:24,867 [grpc-default-executor-4] INFO  impl.RaftServerImpl (RaftServerImpl.java:lambda$shutdown$3(250)) - aa5bd0f1-07e3-41cb-85b2-7024559f4a76@group-E0A603011950: shutdown
2019-10-21 05:45:24,867 [grpc-default-executor-4] INFO  util.JmxRegister (JmxRegister.java:unregister(73)) - Successfully un-registered JMX Bean with object name Ratis:service=RaftServer,group=group-E0A603011950,id=aa5bd0f1-07e3-41cb-85b2-7024559f4a76
2019-10-21 05:45:24,867 [grpc-default-executor-4] INFO  impl.RoleInfo (RoleInfo.java:shutdownLeaderState(104)) - aa5bd0f1-07e3-41cb-85b2-7024559f4a76: shutdown LeaderState
2019-10-21 05:45:24,868 [grpc-default-executor-4] INFO  impl.PendingRequests (PendingRequests.java:sendNotLeaderResponses(206)) - aa5bd0f1-07e3-41cb-85b2-7024559f4a76@group-E0A603011950-PendingRequests: sendNotLeaderResponses
2019-10-21 05:45:24,869 [grpc-default-executor-4] INFO  impl.StateMachineUpdater (StateMachineUpdater.java:stopAndJoin(136)) - aa5bd0f1-07e3-41cb-85b2-7024559f4a76@group-E0A603011950-StateMachineUpdater: set stopIndex = 0
2019-10-21 05:45:24,869 [grpc-default-executor-4] INFO  impl.RaftServerImpl (ServerState.java:close(387)) - aa5bd0f1-07e3-41cb-85b2-7024559f4a76@group-E0A603011950: closes. applyIndex: 0
2019-10-21 05:45:24,870 [aa5bd0f1-07e3-41cb-85b2-7024559f4a76@group-E0A603011950-SegmentedRaftLogWorker] INFO  segmented.SegmentedRaftLogWorker (SegmentedRaftLogWorker.java:run(316)) - aa5bd0f1-07e3-41cb-85b2-7024559f4a76@group-E0A603011950-SegmentedRaftLogWorker was interrupted, exiting. There are 0 tasks remaining in the queue.
2019-10-21 05:45:24,871 [grpc-default-executor-4] INFO  segmented.SegmentedRaftLogWorker (SegmentedRaftLogWorker.java:close(224)) - aa5bd0f1-07e3-41cb-85b2-7024559f4a76@group-E0A603011950-SegmentedRaftLogWorker close()
2019-10-21 05:45:24,876 [main] INFO  pipeline.PipelineStateManager (PipelineStateManager.java:removePipeline(106)) - Pipeline Pipeline[ Id: 73bc0e15-d6c0-457a-b987-e0a603011950, Nodes: aa5bd0f1-07e3-41cb-85b2-7024559f4a76{ip: 192.168.164.197, host: pr-hdds-1868-qzls5-2202220713, networkLocation: /default-rack, certSerialId: null}, Type:RATIS, Factor:ONE, State:CLOSED] removed from db
2019-10-21 05:45:24,887 [grpc-default-executor-4] INFO  impl.RaftServerProxy (RaftServerProxy.java:addNew(89)) - aa5bd0f1-07e3-41cb-85b2-7024559f4a76: addNew group-F0C24F2BFCFD:[aa5bd0f1-07e3-41cb-85b2-7024559f4a76:192.168.164.197:46790] returns group-F0C24F2BFCFD:java.util.concurrent.CompletableFuture@6b2b9d4f[Not completed]
2019-10-21 05:45:24,889 [pool-27-thread-1] INFO  impl.RaftServerImpl (RaftServerImpl.java:<init>(98)) - aa5bd0f1-07e3-41cb-85b2-7024559f4a76: new RaftServerImpl for group-F0C24F2BFCFD:[aa5bd0f1-07e3-41cb-85b2-7024559f4a76:192.168.164.197:46790] with ContainerStateMachine:uninitialized
2019-10-21 05:45:24,889 [pool-27-thread-1] INFO  server.RaftServerConfigKeys (ConfUtils.java:logGet(43)) - raft.server.rpc.timeout.min = 5s (custom)
2019-10-21 05:45:24,889 [pool-27-thread-1] INFO  server.RaftServerConfigKeys (ConfUtils.java:logGet(43)) - raft.server.rpc.timeout.max = 5200ms (custom)
2019-10-21 05:45:24,889 [pool-27-thread-1] INFO  server.RaftServerConfigKeys (ConfUtils.java:logGet(43)) - raft.server.rpcslowness.timeout = 120s (custom)
2019-10-21 05:45:24,889 [pool-27-thread-1] INFO  server.RaftServerConfigKeys (ConfUtils.java:logGet(43)) - raft.server.sleep.deviation.threshold = 300 (default)
2019-10-21 05:45:24,889 [pool-27-thread-1] INFO  server.RaftServerConfigKeys (ConfUtils.java:logGet(43)) - raft.server.log.appender.install.snapshot.enabled = false (custom)
2019-10-21 05:45:24,890 [pool-27-thread-1] INFO  impl.RaftServerImpl (ServerState.java:<init>(103)) - aa5bd0f1-07e3-41cb-85b2-7024559f4a76@group-F0C24F2BFCFD: ConfigurationManager, init=-1: [aa5bd0f1-07e3-41cb-85b2-7024559f4a76:192.168.164.197:46790], old=null, confs=<EMPTY_MAP>
2019-10-21 05:45:24,890 [pool-27-thread-1] INFO  server.RaftServerConfigKeys (ConfUtils.java:logGet(43)) - raft.server.storage.dir = [/workdir/hadoop-ozone/integration-test/target/test-dir/MiniOzoneClusterImpl-93b22bd0-c23b-4638-a463-78c5d9798a83/datanode-0/data/ratis] (custom)
2019-10-21 05:45:24,890 [pool-27-thread-1] INFO  server.RaftServerConfigKeys (ConfUtils.java:logGet(43)) - raft.server.log.corruption.policy = EXCEPTION (default)
2019-10-21 05:45:24,890 [pool-27-thread-1] INFO  storage.RaftStorageDirectory (RaftStorageDirectory.java:analyzeStorage(246)) - The storage directory /workdir/hadoop-ozone/integration-test/target/test-dir/MiniOzoneClusterImpl-93b22bd0-c23b-4638-a463-78c5d9798a83/datanode-0/data/ratis/85dbe015-9ed9-46f8-9667-f0c24f2bfcfd does not exist. Creating ...
2019-10-21 05:45:24,900 [pool-27-thread-1] INFO  storage.RaftStorageDirectory (RaftStorageDirectory.java:tryLock(328)) - Lock on /workdir/hadoop-ozone/integration-test/target/test-dir/MiniOzoneClusterImpl-93b22bd0-c23b-4638-a463-78c5d9798a83/datanode-0/data/ratis/85dbe015-9ed9-46f8-9667-f0c24f2bfcfd/in_use.lock acquired by nodename 29793@pr-hdds-1868-qzls5-2202220713
2019-10-21 05:45:24,907 [pool-27-thread-1] INFO  storage.RaftStorage (RaftStorage.java:format(84)) - Storage directory /workdir/hadoop-ozone/integration-test/target/test-dir/MiniOzoneClusterImpl-93b22bd0-c23b-4638-a463-78c5d9798a83/datanode-0/data/ratis/85dbe015-9ed9-46f8-9667-f0c24f2bfcfd has been successfully formatted.
2019-10-21 05:45:24,907 [pool-27-thread-1] INFO  ratis.ContainerStateMachine (ContainerStateMachine.java:loadSnapshot(233)) - group-F0C24F2BFCFD: The snapshot info is null. Setting the last applied indexto:(t:0, i:~)
2019-10-21 05:45:24,907 [pool-27-thread-1] INFO  server.RaftServerConfigKeys (ConfUtils.java:logGet(43)) - raft.server.notification.no-leader.timeout = 120s (custom)
2019-10-21 05:45:24,907 [pool-27-thread-1] INFO  server.RaftServerConfigKeys (ConfUtils.java:logGet(43)) - raft.server.log.use.memory = false (default)
2019-10-21 05:45:24,907 [pool-27-thread-1] INFO  server.RaftServerConfigKeys (ConfUtils.java:logGet(43)) - raft.server.log.purge.gap = 1000000 (custom)
2019-10-21 05:45:24,908 [pool-27-thread-1] INFO  server.RaftServerConfigKeys (ConfUtils.java:logGet(43)) - raft.server.log.appender.buffer.byte-limit = 33554432 (custom)
2019-10-21 05:45:24,908 [pool-27-thread-1] INFO  server.RaftServerConfigKeys (ConfUtils.java:logGet(43)) - raft.server.log.segment.size.max = 1048576 (custom)
2019-10-21 05:45:24,908 [pool-27-thread-1] INFO  server.RaftServerConfigKeys (ConfUtils.java:logGet(43)) - raft.server.log.segment.cache.num.max = 2 (custom)
2019-10-21 05:45:24,908 [pool-27-thread-1] INFO  segmented.SegmentedRaftLogWorker (SegmentedRaftLogWorker.java:<init>(173)) - new aa5bd0f1-07e3-41cb-85b2-7024559f4a76@group-F0C24F2BFCFD-SegmentedRaftLogWorker for RaftStorage:Storage Directory /workdir/hadoop-ozone/integration-test/target/test-dir/MiniOzoneClusterImpl-93b22bd0-c23b-4638-a463-78c5d9798a83/datanode-0/data/ratis/85dbe015-9ed9-46f8-9667-f0c24f2bfcfd
2019-10-21 05:45:24,908 [pool-27-thread-1] INFO  server.RaftServerConfigKeys (ConfUtils.java:logGet(43)) - raft.server.log.queue.byte-limit = 2147483647 (custom)
2019-10-21 05:45:24,908 [pool-27-thread-1] INFO  server.RaftServerConfigKeys (ConfUtils.java:logGet(43)) - raft.server.log.queue.element-limit = 1024 (custom)
2019-10-21 05:45:24,908 [pool-27-thread-1] INFO  server.RaftServerConfigKeys (ConfUtils.java:logGet(43)) - raft.server.log.segment.size.max = 1048576 (custom)
2019-10-21 05:45:24,908 [pool-27-thread-1] INFO  server.RaftServerConfigKeys (ConfUtils.java:logGet(43)) - raft.server.log.preallocated.size = 16384 (custom)
2019-10-21 05:45:24,908 [pool-27-thread-1] INFO  server.RaftServerConfigKeys (ConfUtils.java:logGet(43)) - raft.server.log.write.buffer.size = 33554432 (custom)
2019-10-21 05:45:24,908 [pool-27-thread-1] INFO  server.RaftServerConfigKeys (ConfUtils.java:logGet(43)) - raft.server.log.force.sync.num = 128 (default)
2019-10-21 05:45:24,909 [pool-27-thread-1] INFO  server.RaftServerConfigKeys (ConfUtils.java:logGet(43)) - raft.server.log.statemachine.data.sync = true (default)
2019-10-21 05:45:24,909 [pool-27-thread-1] INFO  server.RaftServerConfigKeys (ConfUtils.java:logGet(43)) - raft.server.log.statemachine.data.sync.timeout = 10s (default)
2019-10-21 05:45:24,909 [pool-27-thread-1] INFO  server.RaftServerConfigKeys (ConfUtils.java:logGet(43)) - raft.server.log.statemachine.data.sync.timeout.retry = -1 (default)
2019-10-21 05:45:24,909 [pool-27-thread-1] INFO  server.RaftServerConfigKeys (ConfUtils.java:logGet(43)) - raft.server.log.statemachine.data.caching.enabled = true (custom)
2019-10-21 05:45:24,909 [pool-27-thread-1] INFO  segmented.SegmentedRaftLogWorker (SegmentedRaftLogWorker.java:lambda$new$0(128)) - aa5bd0f1-07e3-41cb-85b2-7024559f4a76@group-F0C24F2BFCFD-SegmentedRaftLogWorker: flushIndex: setUnconditionally 0 -> -1
2019-10-21 05:45:24,910 [pool-27-thread-1] INFO  server.RaftServerConfigKeys (ConfUtils.java:logGet(43)) - raft.server.snapshot.auto.trigger.enabled = true (custom)
2019-10-21 05:45:24,910 [pool-27-thread-1] INFO  server.RaftServerConfigKeys (ConfUtils.java:logGet(43)) - raft.server.snapshot.auto.trigger.threshold = 10000 (custom)
2019-10-21 05:45:24,910 [pool-27-thread-1] INFO  server.RaftServerConfigKeys (ConfUtils.java:logGet(43)) - raft.server.snapshot.retention.file.num = 5 (custom)
2019-10-21 05:45:24,910 [pool-27-thread-1] INFO  server.RaftServerConfigKeys (ConfUtils.java:logGet(43)) - raft.server.retrycache.expirytime = 600000ms (custom)
2019-10-21 05:45:24,910 [pool-27-thread-1] WARN  impl.MetricRegistriesImpl (MetricRegistriesImpl.java:lambda$create$1(61)) - First MetricRegistry has been created without registering reporters. You may need to call MetricRegistries.global().addReportRegistration(...) before.
2019-10-21 05:45:24,910 [pool-27-thread-1] WARN  impl.MetricRegistriesImpl (MetricRegistriesImpl.java:lambda$create$1(61)) - First MetricRegistry has been created without registering reporters. You may need to call MetricRegistries.global().addReportRegistration(...) before.
2019-10-21 05:45:24,910 [pool-27-thread-1] INFO  impl.RaftServerImpl (RaftServerImpl.java:start(184)) - aa5bd0f1-07e3-41cb-85b2-7024559f4a76@group-F0C24F2BFCFD: start as a follower, conf=-1: [aa5bd0f1-07e3-41cb-85b2-7024559f4a76:192.168.164.197:46790], old=null
2019-10-21 05:45:24,911 [pool-27-thread-1] INFO  impl.RaftServerImpl (RaftServerImpl.java:setRole(173)) - aa5bd0f1-07e3-41cb-85b2-7024559f4a76@group-F0C24F2BFCFD: changes role from      null to FOLLOWER at term 0 for startAsFollower
2019-10-21 05:45:24,911 [pool-27-thread-1] INFO  impl.RoleInfo (RoleInfo.java:updateAndGet(143)) - aa5bd0f1-07e3-41cb-85b2-7024559f4a76: start FollowerState
2019-10-21 05:45:24,911 [pool-27-thread-1] INFO  util.JmxRegister (JmxRegister.java:tryRegister(44)) - Successfully registered JMX Bean with object name Ratis:service=RaftServer,group=group-F0C24F2BFCFD,id=aa5bd0f1-07e3-41cb-85b2-7024559f4a76
2019-10-21 05:45:24,911 [pool-27-thread-1] WARN  impl.MetricRegistriesImpl (MetricRegistriesImpl.java:lambda$create$1(61)) - First MetricRegistry has been created without registering reporters. You may need to call MetricRegistries.global().addReportRegistration(...) before.
2019-10-21 05:45:24,915 [RatisPipelineUtilsThread] INFO  pipeline.PipelineStateManager (PipelineStateManager.java:addPipeline(55)) - Created pipeline Pipeline[ Id: 85dbe015-9ed9-46f8-9667-f0c24f2bfcfd, Nodes: aa5bd0f1-07e3-41cb-85b2-7024559f4a76{ip: 192.168.164.197, host: pr-hdds-1868-qzls5-2202220713, networkLocation: /default-rack, certSerialId: null}, Type:RATIS, Factor:ONE, State:ALLOCATED]
2019-10-21 05:45:25,057 [main] INFO  ozone.MiniOzoneClusterImpl (MiniOzoneClusterImpl.java:shutdown(350)) - Shutting down the Mini Ozone Cluster
2019-10-21 05:45:25,058 [main] INFO  ozone.MiniOzoneClusterImpl (MiniOzoneClusterImpl.java:stop(366)) - Stopping the Mini Ozone Cluster
2019-10-21 05:45:25,058 [main] INFO  ozone.MiniOzoneClusterImpl (MiniOzoneClusterImpl.java:stopOM(436)) - Stopping the OzoneManager
2019-10-21 05:45:25,058 [main] INFO  ipc.Server (Server.java:stop(3082)) - Stopping server on 33168
2019-10-21 05:45:25,066 [IPC Server listener on 33168] INFO  ipc.Server (Server.java:run(1185)) - Stopping IPC Server listener on 33168
2019-10-21 05:45:25,067 [IPC Server Responder] INFO  ipc.Server (Server.java:run(1319)) - Stopping IPC Server Responder
2019-10-21 05:45:25,069 [main] INFO  ratis.OzoneManagerDoubleBuffer (OzoneManagerDoubleBuffer.java:stop(250)) - Stopping OMDoubleBuffer flush thread
2019-10-21 05:45:25,078 [OMDoubleBufferFlushThread] INFO  ratis.OzoneManagerDoubleBuffer (OzoneManagerDoubleBuffer.java:flushTransactions(193)) - OMDoubleBuffer flush thread OMDoubleBufferFlushThread is interrupted and will exit. OMDoubleBufferFlushThread
2019-10-21 05:45:25,078 [main] INFO  utils.BackgroundService (BackgroundService.java:shutdown(151)) - Shutting down service KeyDeletingService
2019-10-21 05:45:25,083 [main] INFO  handler.ContextHandler (ContextHandler.java:doStop(910)) - Stopped o.e.j.w.WebAppContext@783efb48{/,null,UNAVAILABLE}{/ozoneManager}
2019-10-21 05:45:25,088 [main] INFO  server.AbstractConnector (AbstractConnector.java:doStop(318)) - Stopped ServerConnector@5d235104{HTTP/1.1,[http/1.1]}{0.0.0.0:0}
2019-10-21 05:45:25,089 [main] INFO  handler.ContextHandler (ContextHandler.java:doStop(910)) - Stopped o.e.j.s.ServletContextHandler@6ff37443{/static,file:///workdir/hadoop-ozone/integration-test/target/test-classes/webapps/static,UNAVAILABLE}
2019-10-21 05:45:25,089 [main] INFO  handler.ContextHandler (ContextHandler.java:doStop(910)) - Stopped o.e.j.s.ServletContextHandler@7a799159{/logs,file:///workdir/hadoop-ozone/integration-test/target/log,UNAVAILABLE}
2019-10-21 05:45:25,093 [main] INFO  ozone.MiniOzoneClusterImpl (MiniOzoneClusterImpl.java:stopDatanodes(413)) - Stopping the HddsDatanodes
2019-10-21 05:45:25,453 [Datanode State Machine Thread - 0] INFO  statemachine.DatanodeStateMachine (DatanodeStateMachine.java:lambda$startDaemon$0(350)) - Ozone container server started.
2019-10-21 05:45:25,453 [Datanode State Machine Thread - 0] INFO  statemachine.DatanodeStateMachine (DatanodeStateMachine.java:lambda$startDaemon$0(350)) - Ozone container server started.
2019-10-21 05:45:29,572 [Thread-239] INFO  impl.FollowerState (FollowerState.java:run(111)) - aa5bd0f1-07e3-41cb-85b2-7024559f4a76@group-9445BA916DD9-FollowerState: change to CANDIDATE, lastRpcTime:5068ms, electionTimeout:5066ms
2019-10-21 05:45:29,572 [Thread-239] INFO  impl.RoleInfo (RoleInfo.java:shutdownFollowerState(121)) - aa5bd0f1-07e3-41cb-85b2-7024559f4a76: shutdown FollowerState
2019-10-21 05:45:29,573 [Thread-239] INFO  impl.RaftServerImpl (RaftServerImpl.java:setRole(173)) - aa5bd0f1-07e3-41cb-85b2-7024559f4a76@group-9445BA916DD9: changes role from  FOLLOWER to CANDIDATE at term 1 for changeToCandidate
2019-10-21 05:45:29,573 [Thread-239] INFO  impl.RoleInfo (RoleInfo.java:updateAndGet(143)) - aa5bd0f1-07e3-41cb-85b2-7024559f4a76: start LeaderElection
2019-10-21 05:45:29,583 [aa5bd0f1-07e3-41cb-85b2-7024559f4a76@group-9445BA916DD9-LeaderElection7] INFO  impl.LeaderElection (LeaderElection.java:askForVotes(178)) - aa5bd0f1-07e3-41cb-85b2-7024559f4a76@group-9445BA916DD9-LeaderElection7: begin an election at term 2 for -1: [aa5bd0f1-07e3-41cb-85b2-7024559f4a76:192.168.164.197:46790, 4362eed3-8353-45aa-882f-c271ffff083f:192.168.164.197:46068, 8c8f7b37-153b-4e35-963f-11e686a392f9:192.168.164.197:45513], old=null
2019-10-21 05:45:29,589 [grpc-default-executor-4] INFO  impl.RaftServerImpl (RaftServerImpl.java:setRole(173)) - 8c8f7b37-153b-4e35-963f-11e686a392f9@group-9445BA916DD9: changes role from  FOLLOWER to FOLLOWER at term 2 for recognizeCandidate:aa5bd0f1-07e3-41cb-85b2-7024559f4a76
2019-10-21 05:45:29,589 [grpc-default-executor-4] INFO  impl.RoleInfo (RoleInfo.java:shutdownFollowerState(121)) - 8c8f7b37-153b-4e35-963f-11e686a392f9: shutdown FollowerState
2019-10-21 05:45:29,590 [Thread-237] INFO  impl.FollowerState (FollowerState.java:run(120)) - 8c8f7b37-153b-4e35-963f-11e686a392f9@group-9445BA916DD9-FollowerState was interrupted: java.lang.InterruptedException: sleep interrupted
2019-10-21 05:45:29,590 [grpc-default-executor-4] INFO  impl.RoleInfo (RoleInfo.java:updateAndGet(143)) - 8c8f7b37-153b-4e35-963f-11e686a392f9: start FollowerState
2019-10-21 05:45:29,591 [grpc-default-executor-3] INFO  impl.RaftServerImpl (RaftServerImpl.java:setRole(173)) - 4362eed3-8353-45aa-882f-c271ffff083f@group-9445BA916DD9: changes role from  FOLLOWER to FOLLOWER at term 2 for recognizeCandidate:aa5bd0f1-07e3-41cb-85b2-7024559f4a76
2019-10-21 05:45:29,591 [grpc-default-executor-3] INFO  impl.RoleInfo (RoleInfo.java:shutdownFollowerState(121)) - 4362eed3-8353-45aa-882f-c271ffff083f: shutdown FollowerState
2019-10-21 05:45:29,591 [Thread-238] INFO  impl.FollowerState (FollowerState.java:run(120)) - 4362eed3-8353-45aa-882f-c271ffff083f@group-9445BA916DD9-FollowerState was interrupted: java.lang.InterruptedException: sleep interrupted
2019-10-21 05:45:29,592 [grpc-default-executor-3] INFO  impl.RoleInfo (RoleInfo.java:updateAndGet(143)) - 4362eed3-8353-45aa-882f-c271ffff083f: start FollowerState
2019-10-21 05:45:29,622 [aa5bd0f1-07e3-41cb-85b2-7024559f4a76@group-9445BA916DD9-LeaderElection7] INFO  impl.LeaderElection (LeaderElection.java:logAndReturn(56)) - aa5bd0f1-07e3-41cb-85b2-7024559f4a76@group-9445BA916DD9-LeaderElection7: Election PASSED; received 1 response(s) [aa5bd0f1-07e3-41cb-85b2-7024559f4a76<-4362eed3-8353-45aa-882f-c271ffff083f#0:OK-t2] and 0 exception(s); aa5bd0f1-07e3-41cb-85b2-7024559f4a76@group-9445BA916DD9:t2, leader=null, voted=aa5bd0f1-07e3-41cb-85b2-7024559f4a76, raftlog=aa5bd0f1-07e3-41cb-85b2-7024559f4a76@group-9445BA916DD9-SegmentedRaftLog:OPENED:c-1,f-1,i0, conf=-1: [aa5bd0f1-07e3-41cb-85b2-7024559f4a76:192.168.164.197:46790, 4362eed3-8353-45aa-882f-c271ffff083f:192.168.164.197:46068, 8c8f7b37-153b-4e35-963f-11e686a392f9:192.168.164.197:45513], old=null
2019-10-21 05:45:29,623 [aa5bd0f1-07e3-41cb-85b2-7024559f4a76@group-9445BA916DD9-LeaderElection7] INFO  impl.RoleInfo (RoleInfo.java:shutdownLeaderElection(134)) - aa5bd0f1-07e3-41cb-85b2-7024559f4a76: shutdown LeaderElection
2019-10-21 05:45:29,623 [aa5bd0f1-07e3-41cb-85b2-7024559f4a76@group-9445BA916DD9-LeaderElection7] INFO  impl.RaftServerImpl (RaftServerImpl.java:setRole(173)) - aa5bd0f1-07e3-41cb-85b2-7024559f4a76@group-9445BA916DD9: changes role from CANDIDATE to LEADER at term 2 for changeToLeader
2019-10-21 05:45:29,623 [aa5bd0f1-07e3-41cb-85b2-7024559f4a76@group-9445BA916DD9-LeaderElection7] INFO  ratis.XceiverServerRatis (XceiverServerRatis.java:handleLeaderChangedNotification(701)) - Leader change notification received for group: group-9445BA916DD9 with new leaderId: aa5bd0f1-07e3-41cb-85b2-7024559f4a76
2019-10-21 05:45:29,624 [aa5bd0f1-07e3-41cb-85b2-7024559f4a76@group-9445BA916DD9-LeaderElection7] INFO  impl.RaftServerImpl (ServerState.java:setLeader(255)) - aa5bd0f1-07e3-41cb-85b2-7024559f4a76@group-9445BA916DD9: change Leader from null to aa5bd0f1-07e3-41cb-85b2-7024559f4a76 at term 2 for becomeLeader, leader elected after 15243ms
2019-10-21 05:45:29,624 [aa5bd0f1-07e3-41cb-85b2-7024559f4a76@group-9445BA916DD9-LeaderElection7] INFO  server.RaftServerConfigKeys (ConfUtils.java:logGet(43)) - raft.server.staging.catchup.gap = 1000 (default)
2019-10-21 05:45:29,625 [aa5bd0f1-07e3-41cb-85b2-7024559f4a76@group-9445BA916DD9-LeaderElection7] INFO  server.RaftServerConfigKeys (ConfUtils.java:logGet(43)) - raft.server.rpc.sleep.time = 25ms (default)
2019-10-21 05:45:29,625 [aa5bd0f1-07e3-41cb-85b2-7024559f4a76@group-9445BA916DD9-LeaderElection7] INFO  server.RaftServerConfigKeys (ConfUtils.java:logGet(43)) - raft.server.write.element-limit = 4096 (default)
2019-10-21 05:45:29,625 [aa5bd0f1-07e3-41cb-85b2-7024559f4a76@group-9445BA916DD9-LeaderElection7] INFO  server.RaftServerConfigKeys (ConfUtils.java:logGet(43)) - raft.server.watch.timeout = 10s (default)
2019-10-21 05:45:29,625 [aa5bd0f1-07e3-41cb-85b2-7024559f4a76@group-9445BA916DD9-LeaderElection7] INFO  server.RaftServerConfigKeys (ConfUtils.java:logGet(43)) - raft.server.watch.timeout.denomination = 1s (default)
2019-10-21 05:45:29,625 [aa5bd0f1-07e3-41cb-85b2-7024559f4a76@group-9445BA916DD9-LeaderElection7] INFO  server.RaftServerConfigKeys (ConfUtils.java:logGet(43)) - raft.server.watch.element-limit = 65536 (default)
2019-10-21 05:45:29,628 [aa5bd0f1-07e3-41cb-85b2-7024559f4a76@group-9445BA916DD9-LeaderElection7] INFO  server.RaftServerConfigKeys (ConfUtils.java:logGet(43)) - raft.server.log.appender.snapshot.chunk.size.max = 16MB (=16777216) (default)
2019-10-21 05:45:29,629 [aa5bd0f1-07e3-41cb-85b2-7024559f4a76@group-9445BA916DD9-LeaderElection7] INFO  server.RaftServerConfigKeys (ConfUtils.java:logGet(43)) - raft.server.log.appender.buffer.byte-limit = 33554432 (custom)
2019-10-21 05:45:29,629 [aa5bd0f1-07e3-41cb-85b2-7024559f4a76@group-9445BA916DD9-LeaderElection7] INFO  server.RaftServerConfigKeys (ConfUtils.java:logGet(43)) - raft.server.log.appender.buffer.element-limit = 1 (custom)
2019-10-21 05:45:29,633 [aa5bd0f1-07e3-41cb-85b2-7024559f4a76@group-9445BA916DD9-LeaderElection7] INFO  grpc.GrpcConfigKeys$Server (ConfUtils.java:logGet(43)) - raft.grpc.server.leader.outstanding.appends.max = 128 (default)
2019-10-21 05:45:29,633 [aa5bd0f1-07e3-41cb-85b2-7024559f4a76@group-9445BA916DD9-LeaderElection7] INFO  server.RaftServerConfigKeys (ConfUtils.java:logGet(43)) - raft.server.rpc.request.timeout = 3000ms (default)
2019-10-21 05:45:29,633 [aa5bd0f1-07e3-41cb-85b2-7024559f4a76@group-9445BA916DD9-LeaderElection7] INFO  server.RaftServerConfigKeys (ConfUtils.java:logGet(43)) - raft.server.log.appender.install.snapshot.enabled = false (custom)
2019-10-21 05:45:29,634 [aa5bd0f1-07e3-41cb-85b2-7024559f4a76@group-9445BA916DD9-LeaderElection7] WARN  impl.MetricRegistriesImpl (MetricRegistriesImpl.java:lambda$create$1(61)) - First MetricRegistry has been created without registering reporters. You may need to call MetricRegistries.global().addReportRegistration(...) before.
2019-10-21 05:45:29,635 [aa5bd0f1-07e3-41cb-85b2-7024559f4a76@group-9445BA916DD9-LeaderElection7] INFO  server.RaftServerConfigKeys (ConfUtils.java:logGet(43)) - raft.server.log.appender.snapshot.chunk.size.max = 16MB (=16777216) (default)
2019-10-21 05:45:29,635 [aa5bd0f1-07e3-41cb-85b2-7024559f4a76@group-9445BA916DD9-LeaderElection7] INFO  server.RaftServerConfigKeys (ConfUtils.java:logGet(43)) - raft.server.log.appender.buffer.byte-limit = 33554432 (custom)
2019-10-21 05:45:29,635 [aa5bd0f1-07e3-41cb-85b2-7024559f4a76@group-9445BA916DD9-LeaderElection7] INFO  server.RaftServerConfigKeys (ConfUtils.java:logGet(43)) - raft.server.log.appender.buffer.element-limit = 1 (custom)
2019-10-21 05:45:29,635 [aa5bd0f1-07e3-41cb-85b2-7024559f4a76@group-9445BA916DD9-LeaderElection7] INFO  grpc.GrpcConfigKeys$Server (ConfUtils.java:logGet(43)) - raft.grpc.server.leader.outstanding.appends.max = 128 (default)
2019-10-21 05:45:29,635 [aa5bd0f1-07e3-41cb-85b2-7024559f4a76@group-9445BA916DD9-LeaderElection7] INFO  server.RaftServerConfigKeys (ConfUtils.java:logGet(43)) - raft.server.rpc.request.timeout = 3000ms (default)
2019-10-21 05:45:29,635 [aa5bd0f1-07e3-41cb-85b2-7024559f4a76@group-9445BA916DD9-LeaderElection7] INFO  server.RaftServerConfigKeys (ConfUtils.java:logGet(43)) - raft.server.log.appender.install.snapshot.enabled = false (custom)
2019-10-21 05:45:29,638 [aa5bd0f1-07e3-41cb-85b2-7024559f4a76@group-9445BA916DD9-LeaderElection7] INFO  impl.RoleInfo (RoleInfo.java:updateAndGet(143)) - aa5bd0f1-07e3-41cb-85b2-7024559f4a76: start LeaderState
2019-10-21 05:45:29,638 [aa5bd0f1-07e3-41cb-85b2-7024559f4a76@group-9445BA916DD9-LeaderElection7] INFO  segmented.SegmentedRaftLogWorker (SegmentedRaftLogWorker.java:startLogSegment(385)) - aa5bd0f1-07e3-41cb-85b2-7024559f4a76@group-9445BA916DD9-SegmentedRaftLogWorker: Starting segment from index:0
2019-10-21 05:45:29,639 [aa5bd0f1-07e3-41cb-85b2-7024559f4a76@group-9445BA916DD9-LeaderElection7] INFO  impl.RaftServerImpl (ServerState.java:setRaftConf(356)) - aa5bd0f1-07e3-41cb-85b2-7024559f4a76@group-9445BA916DD9: set configuration 0: [aa5bd0f1-07e3-41cb-85b2-7024559f4a76:192.168.164.197:46790, 4362eed3-8353-45aa-882f-c271ffff083f:192.168.164.197:46068, 8c8f7b37-153b-4e35-963f-11e686a392f9:192.168.164.197:45513], old=null at 0
2019-10-21 05:45:29,698 [aa5bd0f1-07e3-41cb-85b2-7024559f4a76@group-9445BA916DD9-SegmentedRaftLogWorker] INFO  segmented.SegmentedRaftLogWorker (SegmentedRaftLogWorker.java:execute(576)) - aa5bd0f1-07e3-41cb-85b2-7024559f4a76@group-9445BA916DD9-SegmentedRaftLogWorker: created new log segment /workdir/hadoop-ozone/integration-test/target/test-dir/MiniOzoneClusterImpl-93b22bd0-c23b-4638-a463-78c5d9798a83/datanode-0/data/ratis/68ef2d20-3999-4894-864b-9445ba916dd9/current/log_inprogress_0
2019-10-21 05:45:29,702 [grpc-default-executor-3] INFO  ratis.XceiverServerRatis (XceiverServerRatis.java:handleLeaderChangedNotification(701)) - Leader change notification received for group: group-9445BA916DD9 with new leaderId: aa5bd0f1-07e3-41cb-85b2-7024559f4a76
2019-10-21 05:45:29,702 [grpc-default-executor-4] INFO  ratis.XceiverServerRatis (XceiverServerRatis.java:handleLeaderChangedNotification(701)) - Leader change notification received for group: group-9445BA916DD9 with new leaderId: aa5bd0f1-07e3-41cb-85b2-7024559f4a76
2019-10-21 05:45:29,702 [grpc-default-executor-3] INFO  impl.RaftServerImpl (ServerState.java:setLeader(255)) - 4362eed3-8353-45aa-882f-c271ffff083f@group-9445BA916DD9: change Leader from null to aa5bd0f1-07e3-41cb-85b2-7024559f4a76 at term 2 for appendEntries, leader elected after 15321ms
2019-10-21 05:45:29,703 [grpc-default-executor-4] INFO  impl.RaftServerImpl (ServerState.java:setLeader(255)) - 8c8f7b37-153b-4e35-963f-11e686a392f9@group-9445BA916DD9: change Leader from null to aa5bd0f1-07e3-41cb-85b2-7024559f4a76 at term 2 for appendEntries, leader elected after 15321ms
2019-10-21 05:45:29,731 [grpc-default-executor-3] INFO  impl.RaftServerImpl (ServerState.java:setRaftConf(356)) - 8c8f7b37-153b-4e35-963f-11e686a392f9@group-9445BA916DD9: set configuration 0: [aa5bd0f1-07e3-41cb-85b2-7024559f4a76:192.168.164.197:46790, 4362eed3-8353-45aa-882f-c271ffff083f:192.168.164.197:46068, 8c8f7b37-153b-4e35-963f-11e686a392f9:192.168.164.197:45513], old=null at 0
2019-10-21 05:45:29,731 [grpc-default-executor-4] INFO  impl.RaftServerImpl (ServerState.java:setRaftConf(356)) - 4362eed3-8353-45aa-882f-c271ffff083f@group-9445BA916DD9: set configuration 0: [aa5bd0f1-07e3-41cb-85b2-7024559f4a76:192.168.164.197:46790, 4362eed3-8353-45aa-882f-c271ffff083f:192.168.164.197:46068, 8c8f7b37-153b-4e35-963f-11e686a392f9:192.168.164.197:45513], old=null at 0
2019-10-21 05:45:29,731 [grpc-default-executor-3] INFO  segmented.SegmentedRaftLogWorker (SegmentedRaftLogWorker.java:startLogSegment(385)) - 8c8f7b37-153b-4e35-963f-11e686a392f9@group-9445BA916DD9-SegmentedRaftLogWorker: Starting segment from index:0
2019-10-21 05:45:29,731 [grpc-default-executor-4] INFO  segmented.SegmentedRaftLogWorker (SegmentedRaftLogWorker.java:startLogSegment(385)) - 4362eed3-8353-45aa-882f-c271ffff083f@group-9445BA916DD9-SegmentedRaftLogWorker: Starting segment from index:0
2019-10-21 05:45:29,778 [4362eed3-8353-45aa-882f-c271ffff083f@group-9445BA916DD9-SegmentedRaftLogWorker] INFO  segmented.SegmentedRaftLogWorker (SegmentedRaftLogWorker.java:execute(576)) - 4362eed3-8353-45aa-882f-c271ffff083f@group-9445BA916DD9-SegmentedRaftLogWorker: created new log segment /workdir/hadoop-ozone/integration-test/target/test-dir/MiniOzoneClusterImpl-93b22bd0-c23b-4638-a463-78c5d9798a83/datanode-1/data/ratis/68ef2d20-3999-4894-864b-9445ba916dd9/current/log_inprogress_0
2019-10-21 05:45:29,778 [8c8f7b37-153b-4e35-963f-11e686a392f9@group-9445BA916DD9-SegmentedRaftLogWorker] INFO  segmented.SegmentedRaftLogWorker (SegmentedRaftLogWorker.java:execute(576)) - 8c8f7b37-153b-4e35-963f-11e686a392f9@group-9445BA916DD9-SegmentedRaftLogWorker: created new log segment /workdir/hadoop-ozone/integration-test/target/test-dir/MiniOzoneClusterImpl-93b22bd0-c23b-4638-a463-78c5d9798a83/datanode-2/data/ratis/68ef2d20-3999-4894-864b-9445ba916dd9/current/log_inprogress_0
2019-10-21 05:45:30,092 [Thread-242] INFO  impl.FollowerState (FollowerState.java:run(111)) - aa5bd0f1-07e3-41cb-85b2-7024559f4a76@group-F0C24F2BFCFD-FollowerState: change to CANDIDATE, lastRpcTime:5181ms, electionTimeout:5181ms
2019-10-21 05:45:30,093 [Thread-242] INFO  impl.RoleInfo (RoleInfo.java:shutdownFollowerState(121)) - aa5bd0f1-07e3-41cb-85b2-7024559f4a76: shutdown FollowerState
2019-10-21 05:45:30,093 [Thread-242] INFO  impl.RaftServerImpl (RaftServerImpl.java:setRole(173)) - aa5bd0f1-07e3-41cb-85b2-7024559f4a76@group-F0C24F2BFCFD: changes role from  FOLLOWER to CANDIDATE at term 0 for changeToCandidate
2019-10-21 05:45:30,093 [Thread-242] INFO  impl.RoleInfo (RoleInfo.java:updateAndGet(143)) - aa5bd0f1-07e3-41cb-85b2-7024559f4a76: start LeaderElection
2019-10-21 05:45:30,097 [ForkJoinPool.commonPool-worker-1] INFO  ozoneimpl.OzoneContainer (OzoneContainer.java:stop(227)) - Attempting to stop container services.
2019-10-21 05:45:30,097 [main] INFO  ozoneimpl.OzoneContainer (OzoneContainer.java:stop(227)) - Attempting to stop container services.
2019-10-21 05:45:30,097 [main] INFO  impl.RaftServerProxy (RaftServerProxy.java:lambda$close$4(314)) - 4362eed3-8353-45aa-882f-c271ffff083f: close
2019-10-21 05:45:30,097 [ForkJoinPool.commonPool-worker-1] INFO  impl.RaftServerProxy (RaftServerProxy.java:lambda$close$4(314)) - aa5bd0f1-07e3-41cb-85b2-7024559f4a76: close
2019-10-21 05:45:30,099 [ForkJoinPool.commonPool-worker-1] INFO  impl.RaftServerImpl (RaftServerImpl.java:lambda$shutdown$3(250)) - aa5bd0f1-07e3-41cb-85b2-7024559f4a76@group-9445BA916DD9: shutdown
2019-10-21 05:45:30,099 [main] INFO  impl.RaftServerImpl (RaftServerImpl.java:lambda$shutdown$3(250)) - 4362eed3-8353-45aa-882f-c271ffff083f@group-9445BA916DD9: shutdown
2019-10-21 05:45:30,099 [ForkJoinPool.commonPool-worker-1] INFO  util.JmxRegister (JmxRegister.java:unregister(73)) - Successfully un-registered JMX Bean with object name Ratis:service=RaftServer,group=group-9445BA916DD9,id=aa5bd0f1-07e3-41cb-85b2-7024559f4a76
2019-10-21 05:45:30,099 [main] INFO  util.JmxRegister (JmxRegister.java:unregister(73)) - Successfully un-registered JMX Bean with object name Ratis:service=RaftServer,group=group-9445BA916DD9,id=4362eed3-8353-45aa-882f-c271ffff083f
2019-10-21 05:45:30,099 [ForkJoinPool.commonPool-worker-1] INFO  impl.RoleInfo (RoleInfo.java:shutdownLeaderState(104)) - aa5bd0f1-07e3-41cb-85b2-7024559f4a76: shutdown LeaderState
2019-10-21 05:45:30,099 [main] INFO  impl.RoleInfo (RoleInfo.java:shutdownFollowerState(121)) - 4362eed3-8353-45aa-882f-c271ffff083f: shutdown FollowerState
2019-10-21 05:45:30,101 [org.apache.ratis.server.impl.LogAppender$AppenderDaemon$$Lambda$546/1839797352@60e1c08d] WARN  server.GrpcLogAppender (GrpcLogAppender.java:mayWait(149)) - aa5bd0f1-07e3-41cb-85b2-7024559f4a76@group-9445BA916DD9->8c8f7b37-153b-4e35-963f-11e686a392f9-GrpcLogAppender: Wait interrupted by java.lang.InterruptedException
2019-10-21 05:45:30,102 [Thread-248] INFO  impl.FollowerState (FollowerState.java:run(120)) - 4362eed3-8353-45aa-882f-c271ffff083f@group-9445BA916DD9-FollowerState was interrupted: java.lang.InterruptedException: sleep interrupted
2019-10-21 05:45:30,101 [ForkJoinPool.commonPool-worker-1] INFO  impl.PendingRequests (PendingRequests.java:sendNotLeaderResponses(206)) - aa5bd0f1-07e3-41cb-85b2-7024559f4a76@group-9445BA916DD9-PendingRequests: sendNotLeaderResponses
2019-10-21 05:45:30,101 [org.apache.ratis.server.impl.LogAppender$AppenderDaemon$$Lambda$546/1839797352@6e02c7bd] WARN  server.GrpcLogAppender (GrpcLogAppender.java:mayWait(149)) - aa5bd0f1-07e3-41cb-85b2-7024559f4a76@group-9445BA916DD9->4362eed3-8353-45aa-882f-c271ffff083f-GrpcLogAppender: Wait interrupted by java.lang.InterruptedException
2019-10-21 05:45:30,103 [ForkJoinPool.commonPool-worker-1] INFO  impl.StateMachineUpdater (StateMachineUpdater.java:stopAndJoin(136)) - aa5bd0f1-07e3-41cb-85b2-7024559f4a76@group-9445BA916DD9-StateMachineUpdater: set stopIndex = 0
2019-10-21 05:45:30,101 [main] INFO  impl.StateMachineUpdater (StateMachineUpdater.java:stopAndJoin(136)) - 4362eed3-8353-45aa-882f-c271ffff083f@group-9445BA916DD9-StateMachineUpdater: set stopIndex = 0
2019-10-21 05:45:30,103 [ForkJoinPool.commonPool-worker-1] INFO  impl.RaftServerImpl (ServerState.java:close(387)) - aa5bd0f1-07e3-41cb-85b2-7024559f4a76@group-9445BA916DD9: closes. applyIndex: 0
2019-10-21 05:45:30,104 [main] INFO  impl.RaftServerImpl (ServerState.java:close(387)) - 4362eed3-8353-45aa-882f-c271ffff083f@group-9445BA916DD9: closes. applyIndex: 0
2019-10-21 05:45:30,104 [aa5bd0f1-07e3-41cb-85b2-7024559f4a76@group-9445BA916DD9-SegmentedRaftLogWorker] INFO  segmented.SegmentedRaftLogWorker (SegmentedRaftLogWorker.java:run(316)) - aa5bd0f1-07e3-41cb-85b2-7024559f4a76@group-9445BA916DD9-SegmentedRaftLogWorker was interrupted, exiting. There are 0 tasks remaining in the queue.
2019-10-21 05:45:30,104 [aa5bd0f1-07e3-41cb-85b2-7024559f4a76@group-F0C24F2BFCFD-LeaderElection8] INFO  impl.LeaderElection (LeaderElection.java:askForVotes(178)) - aa5bd0f1-07e3-41cb-85b2-7024559f4a76@group-F0C24F2BFCFD-LeaderElection8: begin an election at term 1 for -1: [aa5bd0f1-07e3-41cb-85b2-7024559f4a76:192.168.164.197:46790], old=null
2019-10-21 05:45:30,104 [4362eed3-8353-45aa-882f-c271ffff083f@group-9445BA916DD9-SegmentedRaftLogWorker] INFO  segmented.SegmentedRaftLogWorker (SegmentedRaftLogWorker.java:run(316)) - 4362eed3-8353-45aa-882f-c271ffff083f@group-9445BA916DD9-SegmentedRaftLogWorker was interrupted, exiting. There are 0 tasks remaining in the queue.
2019-10-21 05:45:30,105 [ForkJoinPool.commonPool-worker-1] INFO  segmented.SegmentedRaftLogWorker (SegmentedRaftLogWorker.java:close(224)) - aa5bd0f1-07e3-41cb-85b2-7024559f4a76@group-9445BA916DD9-SegmentedRaftLogWorker close()
2019-10-21 05:45:30,105 [aa5bd0f1-07e3-41cb-85b2-7024559f4a76@group-F0C24F2BFCFD-LeaderElection8] INFO  impl.RoleInfo (RoleInfo.java:shutdownLeaderElection(134)) - aa5bd0f1-07e3-41cb-85b2-7024559f4a76: shutdown LeaderElection
2019-10-21 05:45:30,107 [ForkJoinPool.commonPool-worker-1] INFO  impl.RaftServerImpl (RaftServerImpl.java:lambda$shutdown$3(250)) - aa5bd0f1-07e3-41cb-85b2-7024559f4a76@group-F0C24F2BFCFD: shutdown
2019-10-21 05:45:30,106 [main] INFO  segmented.SegmentedRaftLogWorker (SegmentedRaftLogWorker.java:close(224)) - 4362eed3-8353-45aa-882f-c271ffff083f@group-9445BA916DD9-SegmentedRaftLogWorker close()
2019-10-21 05:45:30,108 [ForkJoinPool.commonPool-worker-1] INFO  util.JmxRegister (JmxRegister.java:unregister(73)) - Successfully un-registered JMX Bean with object name Ratis:service=RaftServer,group=group-F0C24F2BFCFD,id=aa5bd0f1-07e3-41cb-85b2-7024559f4a76
2019-10-21 05:45:30,107 [aa5bd0f1-07e3-41cb-85b2-7024559f4a76@group-F0C24F2BFCFD-LeaderElection8] INFO  impl.RaftServerImpl (RaftServerImpl.java:setRole(173)) - aa5bd0f1-07e3-41cb-85b2-7024559f4a76@group-F0C24F2BFCFD: changes role from CANDIDATE to LEADER at term 1 for changeToLeader
2019-10-21 05:45:30,109 [ForkJoinPool.commonPool-worker-1] INFO  impl.StateMachineUpdater (StateMachineUpdater.java:stopAndJoin(136)) - aa5bd0f1-07e3-41cb-85b2-7024559f4a76@group-F0C24F2BFCFD-StateMachineUpdater: set stopIndex = -1
2019-10-21 05:45:30,109 [main] INFO  impl.RaftServerImpl (RaftServerImpl.java:lambda$shutdown$3(250)) - 4362eed3-8353-45aa-882f-c271ffff083f@group-FC338AA72874: shutdown
2019-10-21 05:45:30,109 [ForkJoinPool.commonPool-worker-1] INFO  impl.RaftServerImpl (ServerState.java:close(387)) - aa5bd0f1-07e3-41cb-85b2-7024559f4a76@group-F0C24F2BFCFD: closes. applyIndex: -1
2019-10-21 05:45:30,110 [grpc-default-executor-3] INFO  server.GrpcServerProtocolService (GrpcServerProtocolService.java:onCompleted(113)) - 8c8f7b37-153b-4e35-963f-11e686a392f9: Completed APPEND_ENTRIES, lastRequest: aa5bd0f1-07e3-41cb-85b2-7024559f4a76->8c8f7b37-153b-4e35-963f-11e686a392f9#1-t2, previous=(t:0, i:0), leaderCommit=0, initializing? false, entries: size=1, first=(t:2, i:0), CONFIGURATIONENTRY
2019-10-21 05:45:30,109 [aa5bd0f1-07e3-41cb-85b2-7024559f4a76@group-F0C24F2BFCFD-LeaderElection8] INFO  ratis.XceiverServerRatis (XceiverServerRatis.java:handleLeaderChangedNotification(701)) - Leader change notification received for group: group-F0C24F2BFCFD with new leaderId: aa5bd0f1-07e3-41cb-85b2-7024559f4a76
2019-10-21 05:45:30,110 [aa5bd0f1-07e3-41cb-85b2-7024559f4a76@group-F0C24F2BFCFD-SegmentedRaftLogWorker] INFO  segmented.SegmentedRaftLogWorker (SegmentedRaftLogWorker.java:run(316)) - aa5bd0f1-07e3-41cb-85b2-7024559f4a76@group-F0C24F2BFCFD-SegmentedRaftLogWorker was interrupted, exiting. There are 0 tasks remaining in the queue.
2019-10-21 05:45:30,110 [grpc-default-executor-4] INFO  server.GrpcServerProtocolService (GrpcServerProtocolService.java:onCompleted(113)) - 4362eed3-8353-45aa-882f-c271ffff083f: Completed APPEND_ENTRIES, lastRequest: aa5bd0f1-07e3-41cb-85b2-7024559f4a76->4362eed3-8353-45aa-882f-c271ffff083f#1-t2, previous=(t:0, i:0), leaderCommit=0, initializing? false, entries: size=1, first=(t:2, i:0), CONFIGURATIONENTRY
2019-10-21 05:45:30,110 [main] INFO  util.JmxRegister (JmxRegister.java:unregister(73)) - Successfully un-registered JMX Bean with object name Ratis:service=RaftServer,group=group-FC338AA72874,id=4362eed3-8353-45aa-882f-c271ffff083f
2019-10-21 05:45:30,111 [ForkJoinPool.commonPool-worker-1] INFO  segmented.SegmentedRaftLogWorker (SegmentedRaftLogWorker.java:close(224)) - aa5bd0f1-07e3-41cb-85b2-7024559f4a76@group-F0C24F2BFCFD-SegmentedRaftLogWorker close()
2019-10-21 05:45:30,111 [grpc-default-executor-4] INFO  server.GrpcLogAppender (GrpcLogAppender.java:onCompleted(308)) - aa5bd0f1-07e3-41cb-85b2-7024559f4a76@group-9445BA916DD9->8c8f7b37-153b-4e35-963f-11e686a392f9-AppendLogResponseHandler: follower responses appendEntries COMPLETED
2019-10-21 05:45:30,111 [main] INFO  impl.RoleInfo (RoleInfo.java:shutdownLeaderState(104)) - 4362eed3-8353-45aa-882f-c271ffff083f: shutdown LeaderState
2019-10-21 05:45:30,114 [ForkJoinPool.commonPool-worker-1] INFO  server.GrpcService (GrpcService.java:closeImpl(164)) - aa5bd0f1-07e3-41cb-85b2-7024559f4a76: shutdown server with port 46790 now
2019-10-21 05:45:30,113 [grpc-default-executor-3] INFO  server.GrpcLogAppender (GrpcLogAppender.java:onCompleted(308)) - aa5bd0f1-07e3-41cb-85b2-7024559f4a76@group-9445BA916DD9->4362eed3-8353-45aa-882f-c271ffff083f-AppendLogResponseHandler: follower responses appendEntries COMPLETED
2019-10-21 05:45:30,113 [aa5bd0f1-07e3-41cb-85b2-7024559f4a76@group-F0C24F2BFCFD-LeaderElection8] INFO  impl.RaftServerImpl (ServerState.java:setLeader(255)) - aa5bd0f1-07e3-41cb-85b2-7024559f4a76@group-F0C24F2BFCFD: change Leader from null to aa5bd0f1-07e3-41cb-85b2-7024559f4a76 at term 1 for becomeLeader, leader elected after 5201ms
2019-10-21 05:45:30,114 [main] INFO  impl.PendingRequests (PendingRequests.java:sendNotLeaderResponses(206)) - 4362eed3-8353-45aa-882f-c271ffff083f@group-FC338AA72874-PendingRequests: sendNotLeaderResponses
2019-10-21 05:45:30,115 [aa5bd0f1-07e3-41cb-85b2-7024559f4a76@group-F0C24F2BFCFD-LeaderElection8] INFO  server.RaftServerConfigKeys (ConfUtils.java:logGet(43)) - raft.server.staging.catchup.gap = 1000 (default)
2019-10-21 05:45:30,115 [main] INFO  impl.StateMachineUpdater (StateMachineUpdater.java:stopAndJoin(136)) - 4362eed3-8353-45aa-882f-c271ffff083f@group-FC338AA72874-StateMachineUpdater: set stopIndex = 0
2019-10-21 05:45:30,115 [aa5bd0f1-07e3-41cb-85b2-7024559f4a76@group-F0C24F2BFCFD-LeaderElection8] INFO  server.RaftServerConfigKeys (ConfUtils.java:logGet(43)) - raft.server.rpc.sleep.time = 25ms (default)
2019-10-21 05:45:30,115 [main] INFO  impl.RaftServerImpl (ServerState.java:close(387)) - 4362eed3-8353-45aa-882f-c271ffff083f@group-FC338AA72874: closes. applyIndex: 0
2019-10-21 05:45:30,116 [aa5bd0f1-07e3-41cb-85b2-7024559f4a76@group-F0C24F2BFCFD-LeaderElection8] INFO  server.RaftServerConfigKeys (ConfUtils.java:logGet(43)) - raft.server.write.element-limit = 4096 (default)
2019-10-21 05:45:30,116 [4362eed3-8353-45aa-882f-c271ffff083f@group-FC338AA72874-SegmentedRaftLogWorker] INFO  segmented.SegmentedRaftLogWorker (SegmentedRaftLogWorker.java:run(316)) - 4362eed3-8353-45aa-882f-c271ffff083f@group-FC338AA72874-SegmentedRaftLogWorker was interrupted, exiting. There are 0 tasks remaining in the queue.
2019-10-21 05:45:30,116 [aa5bd0f1-07e3-41cb-85b2-7024559f4a76@group-F0C24F2BFCFD-LeaderElection8] INFO  server.RaftServerConfigKeys (ConfUtils.java:logGet(43)) - raft.server.watch.timeout = 10s (default)
2019-10-21 05:45:30,120 [grpc-default-executor-4] INFO  impl.FollowerInfo (FollowerInfo.java:lambda$new$0(51)) - aa5bd0f1-07e3-41cb-85b2-7024559f4a76@group-9445BA916DD9->8c8f7b37-153b-4e35-963f-11e686a392f9: nextIndex: updateUnconditionally 1 -> 0
2019-10-21 05:45:30,120 [aa5bd0f1-07e3-41cb-85b2-7024559f4a76@group-F0C24F2BFCFD-LeaderElection8] INFO  server.RaftServerConfigKeys (ConfUtils.java:logGet(43)) - raft.server.watch.timeout.denomination = 1s (default)
2019-10-21 05:45:30,120 [main] INFO  segmented.SegmentedRaftLogWorker (SegmentedRaftLogWorker.java:close(224)) - 4362eed3-8353-45aa-882f-c271ffff083f@group-FC338AA72874-SegmentedRaftLogWorker close()
2019-10-21 05:45:30,120 [aa5bd0f1-07e3-41cb-85b2-7024559f4a76@group-F0C24F2BFCFD-LeaderElection8] INFO  server.RaftServerConfigKeys (ConfUtils.java:logGet(43)) - raft.server.watch.element-limit = 65536 (default)
2019-10-21 05:45:30,120 [grpc-default-executor-3] INFO  impl.FollowerInfo (FollowerInfo.java:lambda$new$0(51)) - aa5bd0f1-07e3-41cb-85b2-7024559f4a76@group-9445BA916DD9->4362eed3-8353-45aa-882f-c271ffff083f: nextIndex: updateUnconditionally 1 -> 0
2019-10-21 05:45:30,122 [main] INFO  server.GrpcService (GrpcService.java:closeImpl(164)) - 4362eed3-8353-45aa-882f-c271ffff083f: shutdown server with port 46068 now
2019-10-21 05:45:30,123 [ForkJoinPool.commonPool-worker-1] INFO  server.GrpcService (GrpcService.java:closeImpl(172)) - aa5bd0f1-07e3-41cb-85b2-7024559f4a76: shutdown server with port 46790 successfully
2019-10-21 05:45:30,126 [main] INFO  server.GrpcService (GrpcService.java:closeImpl(172)) - 4362eed3-8353-45aa-882f-c271ffff083f: shutdown server with port 46068 successfully
2019-10-21 05:45:30,126 [aa5bd0f1-07e3-41cb-85b2-7024559f4a76@group-F0C24F2BFCFD-LeaderElection8] INFO  impl.LeaderElection (LeaderElection.java:run(137)) - aa5bd0f1-07e3-41cb-85b2-7024559f4a76@group-F0C24F2BFCFD-LeaderElection8: IllegalArgumentException is safely ignored since this is already CLOSING
java.lang.IllegalArgumentException: aa5bd0f1-07e3-41cb-85b2-7024559f4a76@group-F0C24F2BFCFD-SegmentedRaftLog is expected to be opened but it is CLOSED
	at org.apache.ratis.util.OpenCloseState.assertOpen(OpenCloseState.java:63)
	at org.apache.ratis.server.raftlog.RaftLog.checkLogState(RaftLog.java:102)
	at org.apache.ratis.server.raftlog.segmented.SegmentedRaftLog.getLastEntryTermIndex(SegmentedRaftLog.java:345)
	at org.apache.ratis.server.raftlog.RaftLog.getNextIndex(RaftLog.java:148)
	at org.apache.ratis.server.impl.LeaderState.<init>(LeaderState.java:224)
	at org.apache.ratis.server.impl.RoleInfo.startLeaderState(RoleInfo.java:94)
	at org.apache.ratis.server.impl.RaftServerImpl.changeToLeader(RaftServerImpl.java:348)
	at org.apache.ratis.server.impl.LeaderElection.askForVotes(LeaderElection.java:210)
	at org.apache.ratis.server.impl.LeaderElection.run(LeaderElection.java:133)
	at java.lang.Thread.run(Thread.java:748)
Caused by: org.apache.ratis.util.OpenCloseState$CloseTrace: Close aa5bd0f1-07e3-41cb-85b2-7024559f4a76@group-F0C24F2BFCFD-SegmentedRaftLog
	at org.apache.ratis.util.OpenCloseState.lambda$close$1(OpenCloseState.java:109)
	at java.util.concurrent.atomic.AtomicReference.getAndUpdate(AtomicReference.java:160)
	at org.apache.ratis.util.OpenCloseState.close(OpenCloseState.java:109)
	at org.apache.ratis.server.raftlog.RaftLog.close(RaftLog.java:437)
	at org.apache.ratis.server.raftlog.segmented.SegmentedRaftLog.close(SegmentedRaftLog.java:500)
	at org.apache.ratis.server.impl.ServerState.close(ServerState.java:389)
	at org.apache.ratis.server.impl.RaftServerImpl.lambda$shutdown$3(RaftServerImpl.java:272)
	at org.apache.ratis.util.LifeCycle.lambda$checkStateAndClose$2(LifeCycle.java:231)
	at org.apache.ratis.util.LifeCycle.checkStateAndClose(LifeCycle.java:251)
	at org.apache.ratis.util.LifeCycle.checkStateAndClose(LifeCycle.java:229)
	at org.apache.ratis.server.impl.RaftServerImpl.shutdown(RaftServerImpl.java:249)
	at org.apache.ratis.server.impl.RaftServerProxy$ImplMap.lambda$close$0(RaftServerProxy.java:107)
	at java.util.stream.ForEachOps$ForEachOp$OfRef.accept(ForEachOps.java:183)
	at java.util.stream.ReferencePipeline$3$1.accept(ReferencePipeline.java:193)
	at java.util.concurrent.ConcurrentHashMap$ValueSpliterator.forEachRemaining(ConcurrentHashMap.java:3566)
	at java.util.stream.AbstractPipeline.copyInto(AbstractPipeline.java:482)
	at java.util.stream.ForEachOps$ForEachTask.compute(ForEachOps.java:290)
	at java.util.concurrent.CountedCompleter.exec(CountedCompleter.java:731)
	at java.util.concurrent.ForkJoinTask.doExec(ForkJoinTask.java:289)
	at java.util.concurrent.ForkJoinPool.helpComplete(ForkJoinPool.java:1870)
	at java.util.concurrent.ForkJoinPool.awaitJoin(ForkJoinPool.java:2045)
	at java.util.concurrent.ForkJoinTask.doInvoke(ForkJoinTask.java:404)
	at java.util.concurrent.ForkJoinTask.invoke(ForkJoinTask.java:734)
	at java.util.stream.ForEachOps$ForEachOp.evaluateParallel(ForEachOps.java:159)
	at java.util.stream.ForEachOps$ForEachOp$OfRef.evaluateParallel(ForEachOps.java:173)
	at java.util.stream.AbstractPipeline.evaluate(AbstractPipeline.java:233)
	at java.util.stream.ReferencePipeline.forEach(ReferencePipeline.java:485)
	at org.apache.ratis.server.impl.RaftServerProxy$ImplMap.close(RaftServerProxy.java:107)
	at org.apache.ratis.server.impl.RaftServerProxy.lambda$close$4(RaftServerProxy.java:315)
	at org.apache.ratis.util.LifeCycle.lambda$checkStateAndClose$2(LifeCycle.java:231)
	at org.apache.ratis.util.LifeCycle.checkStateAndClose(LifeCycle.java:251)
	at org.apache.ratis.util.LifeCycle.checkStateAndClose(LifeCycle.java:229)
	at org.apache.ratis.server.impl.RaftServerProxy.close(RaftServerProxy.java:313)
	at org.apache.hadoop.ozone.container.common.transport.server.ratis.XceiverServerRatis.stop(XceiverServerRatis.java:454)
	at org.apache.hadoop.ozone.container.ozoneimpl.OzoneContainer.stop(OzoneContainer.java:229)
	at org.apache.hadoop.ozone.container.common.statemachine.DatanodeStateMachine.close(DatanodeStateMachine.java:270)
	at org.apache.hadoop.ozone.container.common.statemachine.DatanodeStateMachine.stopDaemon(DatanodeStateMachine.java:394)
	at org.apache.hadoop.ozone.HddsDatanodeService.stop(HddsDatanodeService.java:457)
	at org.apache.hadoop.ozone.MiniOzoneClusterImpl.stopDatanode(MiniOzoneClusterImpl.java:421)
	at java.util.stream.ForEachOps$ForEachOp$OfRef.accept(ForEachOps.java:183)
	at java.util.ArrayList$ArrayListSpliterator.forEachRemaining(ArrayList.java:1382)
	at java.util.stream.AbstractPipeline.copyInto(AbstractPipeline.java:482)
	at java.util.stream.ForEachOps$ForEachTask.compute(ForEachOps.java:290)
	at java.util.concurrent.CountedCompleter.exec(CountedCompleter.java:731)
	at java.util.concurrent.ForkJoinTask.doExec(ForkJoinTask.java:289)
	at java.util.concurrent.ForkJoinPool$WorkQueue.runTask(ForkJoinPool.java:1056)
	at java.util.concurrent.ForkJoinPool.runWorker(ForkJoinPool.java:1692)
	at java.util.concurrent.ForkJoinWorkerThread.run(ForkJoinWorkerThread.java:157)
2019-10-21 05:45:30,128 [refreshUsed-/workdir/hadoop-ozone/integration-test/target/test-dir/MiniOzoneClusterImpl-93b22bd0-c23b-4638-a463-78c5d9798a83/datanode-1/data/containers] WARN  fs.CachingGetSpaceUsed (CachingGetSpaceUsed.java:run(183)) - Thread Interrupted waiting to refresh disk information: sleep interrupted
2019-10-21 05:45:30,127 [refreshUsed-/workdir/hadoop-ozone/integration-test/target/test-dir/MiniOzoneClusterImpl-93b22bd0-c23b-4638-a463-78c5d9798a83/datanode-0/data/containers] WARN  fs.CachingGetSpaceUsed (CachingGetSpaceUsed.java:run(183)) - Thread Interrupted waiting to refresh disk information: sleep interrupted
2019-10-21 05:45:30,153 [main] INFO  utils.BackgroundService (BackgroundService.java:shutdown(151)) - Shutting down service BlockDeletingService
2019-10-21 05:45:30,154 [ForkJoinPool.commonPool-worker-1] INFO  utils.BackgroundService (BackgroundService.java:shutdown(151)) - Shutting down service BlockDeletingService
2019-10-21 05:45:30,158 [main] INFO  statemachine.DatanodeStateMachine (DatanodeStateMachine.java:stopDaemon(395)) - Ozone container server stopped.
2019-10-21 05:45:30,160 [main] INFO  handler.ContextHandler (ContextHandler.java:doStop(910)) - Stopped o.e.j.w.WebAppContext@2f37f1f9{/,null,UNAVAILABLE}{/hddsDatanode}
2019-10-21 05:45:30,161 [ForkJoinPool.commonPool-worker-1] INFO  statemachine.DatanodeStateMachine (DatanodeStateMachine.java:stopDaemon(395)) - Ozone container server stopped.
2019-10-21 05:45:30,161 [main] INFO  server.AbstractConnector (AbstractConnector.java:doStop(318)) - Stopped ServerConnector@3374b5bc{HTTP/1.1,[http/1.1]}{0.0.0.0:0}
2019-10-21 05:45:30,163 [main] INFO  handler.ContextHandler (ContextHandler.java:doStop(910)) - Stopped o.e.j.s.ServletContextHandler@78d6447a{/static,jar:file:/home/user/.m2/repository/org/apache/hadoop/hadoop-hdds-container-service/0.5.0-SNAPSHOT/hadoop-hdds-container-service-0.5.0-SNAPSHOT.jar!/webapps/static,UNAVAILABLE}
2019-10-21 05:45:30,166 [main] INFO  handler.ContextHandler (ContextHandler.java:doStop(910)) - Stopped o.e.j.s.ServletContextHandler@38bb9d7a{/logs,file:///workdir/hadoop-ozone/integration-test/target/log,UNAVAILABLE}
2019-10-21 05:45:30,166 [ForkJoinPool.commonPool-worker-1] INFO  handler.ContextHandler (ContextHandler.java:doStop(910)) - Stopped o.e.j.w.WebAppContext@25d93198{/,null,UNAVAILABLE}{/hddsDatanode}
2019-10-21 05:45:30,167 [ForkJoinPool.commonPool-worker-1] INFO  server.AbstractConnector (AbstractConnector.java:doStop(318)) - Stopped ServerConnector@2436ea2f{HTTP/1.1,[http/1.1]}{0.0.0.0:0}
2019-10-21 05:45:30,168 [ForkJoinPool.commonPool-worker-1] INFO  handler.ContextHandler (ContextHandler.java:doStop(910)) - Stopped o.e.j.s.ServletContextHandler@fcc6023{/static,jar:file:/home/user/.m2/repository/org/apache/hadoop/hadoop-hdds-container-service/0.5.0-SNAPSHOT/hadoop-hdds-container-service-0.5.0-SNAPSHOT.jar!/webapps/static,UNAVAILABLE}
2019-10-21 05:45:30,169 [ForkJoinPool.commonPool-worker-1] INFO  handler.ContextHandler (ContextHandler.java:doStop(910)) - Stopped o.e.j.s.ServletContextHandler@216e0771{/logs,file:///workdir/hadoop-ozone/integration-test/target/log,UNAVAILABLE}
2019-10-21 05:45:30,702 [Datanode State Machine Thread - 0] INFO  statemachine.DatanodeStateMachine (DatanodeStateMachine.java:lambda$startDaemon$0(350)) - Ozone container server started.
2019-10-21 05:45:35,169 [main] INFO  ozoneimpl.OzoneContainer (OzoneContainer.java:stop(227)) - Attempting to stop container services.
2019-10-21 05:45:35,170 [main] INFO  impl.RaftServerProxy (RaftServerProxy.java:lambda$close$4(314)) - 8c8f7b37-153b-4e35-963f-11e686a392f9: close
2019-10-21 05:45:35,170 [main] INFO  impl.RaftServerImpl (RaftServerImpl.java:lambda$shutdown$3(250)) - 8c8f7b37-153b-4e35-963f-11e686a392f9@group-9445BA916DD9: shutdown
2019-10-21 05:45:35,170 [ForkJoinPool.commonPool-worker-0] INFO  impl.RaftServerImpl (RaftServerImpl.java:lambda$shutdown$3(250)) - 8c8f7b37-153b-4e35-963f-11e686a392f9@group-9DE810F17A48: shutdown
2019-10-21 05:45:35,171 [main] INFO  util.JmxRegister (JmxRegister.java:unregister(73)) - Successfully un-registered JMX Bean with object name Ratis:service=RaftServer,group=group-9445BA916DD9,id=8c8f7b37-153b-4e35-963f-11e686a392f9
2019-10-21 05:45:35,171 [ForkJoinPool.commonPool-worker-0] INFO  util.JmxRegister (JmxRegister.java:unregister(73)) - Successfully un-registered JMX Bean with object name Ratis:service=RaftServer,group=group-9DE810F17A48,id=8c8f7b37-153b-4e35-963f-11e686a392f9
2019-10-21 05:45:35,171 [main] INFO  impl.RoleInfo (RoleInfo.java:shutdownFollowerState(121)) - 8c8f7b37-153b-4e35-963f-11e686a392f9: shutdown FollowerState
2019-10-21 05:45:35,171 [ForkJoinPool.commonPool-worker-0] INFO  impl.RoleInfo (RoleInfo.java:shutdownLeaderState(104)) - 8c8f7b37-153b-4e35-963f-11e686a392f9: shutdown LeaderState
2019-10-21 05:45:35,172 [Thread-247] INFO  impl.FollowerState (FollowerState.java:run(120)) - 8c8f7b37-153b-4e35-963f-11e686a392f9@group-9445BA916DD9-FollowerState was interrupted: java.lang.InterruptedException: sleep interrupted
2019-10-21 05:45:35,172 [main] INFO  impl.StateMachineUpdater (StateMachineUpdater.java:stopAndJoin(136)) - 8c8f7b37-153b-4e35-963f-11e686a392f9@group-9445BA916DD9-StateMachineUpdater: set stopIndex = 0
2019-10-21 05:45:35,172 [ForkJoinPool.commonPool-worker-0] INFO  impl.PendingRequests (PendingRequests.java:sendNotLeaderResponses(206)) - 8c8f7b37-153b-4e35-963f-11e686a392f9@group-9DE810F17A48-PendingRequests: sendNotLeaderResponses
2019-10-21 05:45:35,173 [main] INFO  impl.RaftServerImpl (ServerState.java:close(387)) - 8c8f7b37-153b-4e35-963f-11e686a392f9@group-9445BA916DD9: closes. applyIndex: 0
2019-10-21 05:45:35,173 [ForkJoinPool.commonPool-worker-0] INFO  impl.StateMachineUpdater (StateMachineUpdater.java:stopAndJoin(136)) - 8c8f7b37-153b-4e35-963f-11e686a392f9@group-9DE810F17A48-StateMachineUpdater: set stopIndex = 0
2019-10-21 05:45:35,174 [ForkJoinPool.commonPool-worker-0] INFO  impl.RaftServerImpl (ServerState.java:close(387)) - 8c8f7b37-153b-4e35-963f-11e686a392f9@group-9DE810F17A48: closes. applyIndex: 0
2019-10-21 05:45:35,174 [8c8f7b37-153b-4e35-963f-11e686a392f9@group-9445BA916DD9-SegmentedRaftLogWorker] INFO  segmented.SegmentedRaftLogWorker (SegmentedRaftLogWorker.java:run(316)) - 8c8f7b37-153b-4e35-963f-11e686a392f9@group-9445BA916DD9-SegmentedRaftLogWorker was interrupted, exiting. There are 0 tasks remaining in the queue.
2019-10-21 05:45:35,174 [8c8f7b37-153b-4e35-963f-11e686a392f9@group-9DE810F17A48-SegmentedRaftLogWorker] INFO  segmented.SegmentedRaftLogWorker (SegmentedRaftLogWorker.java:run(316)) - 8c8f7b37-153b-4e35-963f-11e686a392f9@group-9DE810F17A48-SegmentedRaftLogWorker was interrupted, exiting. There are 0 tasks remaining in the queue.
2019-10-21 05:45:35,179 [ForkJoinPool.commonPool-worker-0] INFO  segmented.SegmentedRaftLogWorker (SegmentedRaftLogWorker.java:close(224)) - 8c8f7b37-153b-4e35-963f-11e686a392f9@group-9DE810F17A48-SegmentedRaftLogWorker close()
2019-10-21 05:45:35,179 [main] INFO  segmented.SegmentedRaftLogWorker (SegmentedRaftLogWorker.java:close(224)) - 8c8f7b37-153b-4e35-963f-11e686a392f9@group-9445BA916DD9-SegmentedRaftLogWorker close()
2019-10-21 05:45:35,181 [main] INFO  server.GrpcService (GrpcService.java:closeImpl(164)) - 8c8f7b37-153b-4e35-963f-11e686a392f9: shutdown server with port 45513 now
2019-10-21 05:45:35,183 [main] INFO  server.GrpcService (GrpcService.java:closeImpl(172)) - 8c8f7b37-153b-4e35-963f-11e686a392f9: shutdown server with port 45513 successfully
2019-10-21 05:45:35,187 [refreshUsed-/workdir/hadoop-ozone/integration-test/target/test-dir/MiniOzoneClusterImpl-93b22bd0-c23b-4638-a463-78c5d9798a83/datanode-2/data/containers] WARN  fs.CachingGetSpaceUsed (CachingGetSpaceUsed.java:run(183)) - Thread Interrupted waiting to refresh disk information: sleep interrupted
2019-10-21 05:45:35,209 [main] INFO  utils.BackgroundService (BackgroundService.java:shutdown(151)) - Shutting down service BlockDeletingService
2019-10-21 05:45:35,211 [main] INFO  statemachine.DatanodeStateMachine (DatanodeStateMachine.java:stopDaemon(395)) - Ozone container server stopped.
2019-10-21 05:45:35,212 [main] INFO  handler.ContextHandler (ContextHandler.java:doStop(910)) - Stopped o.e.j.w.WebAppContext@63c12e52{/,null,UNAVAILABLE}{/hddsDatanode}
2019-10-21 05:45:35,213 [main] INFO  server.AbstractConnector (AbstractConnector.java:doStop(318)) - Stopped ServerConnector@21bd20ee{HTTP/1.1,[http/1.1]}{0.0.0.0:0}
2019-10-21 05:45:35,213 [main] INFO  handler.ContextHandler (ContextHandler.java:doStop(910)) - Stopped o.e.j.s.ServletContextHandler@10a0fe30{/static,jar:file:/home/user/.m2/repository/org/apache/hadoop/hadoop-hdds-container-service/0.5.0-SNAPSHOT/hadoop-hdds-container-service-0.5.0-SNAPSHOT.jar!/webapps/static,UNAVAILABLE}
2019-10-21 05:45:35,213 [main] INFO  handler.ContextHandler (ContextHandler.java:doStop(910)) - Stopped o.e.j.s.ServletContextHandler@51c959a4{/logs,file:///workdir/hadoop-ozone/integration-test/target/log,UNAVAILABLE}
2019-10-21 05:45:35,215 [main] INFO  ozone.MiniOzoneClusterImpl (MiniOzoneClusterImpl.java:stopSCM(428)) - Stopping the StorageContainerManager
2019-10-21 05:45:35,215 [main] INFO  server.StorageContainerManager (StorageContainerManager.java:stop(810)) - Stopping Replication Manager Service.
2019-10-21 05:45:35,215 [main] INFO  container.ReplicationManager (ReplicationManager.java:stop(203)) - Stopping Replication Monitor Thread.
2019-10-21 05:45:35,215 [main] INFO  server.StorageContainerManager (StorageContainerManager.java:stop(817)) - Stopping Lease Manager of the command watchers
2019-10-21 05:45:35,215 [main] INFO  server.StorageContainerManager (StorageContainerManager.java:stop(824)) - Stopping datanode service RPC server
2019-10-21 05:45:35,216 [main] INFO  server.SCMDatanodeProtocolServer (SCMDatanodeProtocolServer.java:stop(346)) - Stopping the RPC server for DataNodes
2019-10-21 05:45:35,216 [main] INFO  ipc.Server (Server.java:stop(3082)) - Stopping server on 46164
2019-10-21 05:45:35,216 [IPC Server listener on 46164] INFO  ipc.Server (Server.java:run(1185)) - Stopping IPC Server listener on 46164
2019-10-21 05:45:35,217 [IPC Server Responder] INFO  ipc.Server (Server.java:run(1319)) - Stopping IPC Server Responder
2019-10-21 05:45:35,287 [SCM Heartbeat Processing Thread - 0] WARN  node.NodeStateManager (NodeStateManager.java:scheduleNextHealthCheck(646)) - Current Thread is interrupted, shutting down HB processing thread for Node Manager.
2019-10-21 05:45:35,287 [main] INFO  server.StorageContainerManager (StorageContainerManager.java:stop(832)) - Stopping block service RPC server
2019-10-21 05:45:35,287 [main] INFO  server.SCMBlockProtocolServer (SCMBlockProtocolServer.java:stop(155)) - Stopping the RPC server for Block Protocol
2019-10-21 05:45:35,287 [main] INFO  ipc.Server (Server.java:stop(3082)) - Stopping server on 36294
2019-10-21 05:45:35,288 [main] INFO  server.StorageContainerManager (StorageContainerManager.java:stop(839)) - Stopping the StorageContainerLocationProtocol RPC server
2019-10-21 05:45:35,289 [main] INFO  server.SCMClientProtocolServer (SCMClientProtocolServer.java:stop(168)) - Stopping the RPC server for Client Protocol
2019-10-21 05:45:35,289 [IPC Server listener on 36294] INFO  ipc.Server (Server.java:run(1185)) - Stopping IPC Server listener on 36294
2019-10-21 05:45:35,289 [IPC Server Responder] INFO  ipc.Server (Server.java:run(1319)) - Stopping IPC Server Responder
2019-10-21 05:45:35,289 [main] INFO  ipc.Server (Server.java:stop(3082)) - Stopping server on 41362
2019-10-21 05:45:35,291 [IPC Server listener on 41362] INFO  ipc.Server (Server.java:run(1185)) - Stopping IPC Server listener on 41362
2019-10-21 05:45:35,291 [main] INFO  server.StorageContainerManager (StorageContainerManager.java:stop(846)) - Stopping Storage Container Manager HTTP server.
2019-10-21 05:45:35,292 [IPC Server Responder] INFO  ipc.Server (Server.java:run(1319)) - Stopping IPC Server Responder
2019-10-21 05:45:35,293 [main] INFO  handler.ContextHandler (ContextHandler.java:doStop(910)) - Stopped o.e.j.w.WebAppContext@6bc248ed{/,null,UNAVAILABLE}{/scm}
2019-10-21 05:45:35,293 [main] INFO  server.AbstractConnector (AbstractConnector.java:doStop(318)) - Stopped ServerConnector@73511076{HTTP/1.1,[http/1.1]}{0.0.0.0:0}
2019-10-21 05:45:35,294 [main] INFO  handler.ContextHandler (ContextHandler.java:doStop(910)) - Stopped o.e.j.s.ServletContextHandler@34f7234e{/static,file:///workdir/hadoop-ozone/integration-test/target/test-classes/webapps/static,UNAVAILABLE}
2019-10-21 05:45:35,294 [main] INFO  handler.ContextHandler (ContextHandler.java:doStop(910)) - Stopped o.e.j.s.ServletContextHandler@78f5c518{/logs,file:///workdir/hadoop-ozone/integration-test/target/log,UNAVAILABLE}
2019-10-21 05:45:35,295 [main] INFO  server.StorageContainerManager (StorageContainerManager.java:stop(857)) - Stopping Block Manager Service.
2019-10-21 05:45:35,295 [main] INFO  utils.BackgroundService (BackgroundService.java:shutdown(151)) - Shutting down service SCMBlockDeletingService
2019-10-21 05:45:35,296 [main] INFO  utils.BackgroundService (BackgroundService.java:shutdown(151)) - Shutting down service SCMBlockDeletingService
2019-10-21 05:45:35,296 [main] INFO  server.StorageContainerManager (StorageContainerManager.java:stop(879)) - Stopping SCM Event Queue.
2019-10-21 05:45:35,310 [main] INFO  impl.MetricsSystemImpl (MetricsSystemImpl.java:stop(210)) - Stopping HddsDatanode metrics system...
2019-10-21 05:45:35,313 [prometheus] INFO  impl.MetricsSinkAdapter (MetricsSinkAdapter.java:publishMetricsFromQueue(141)) - prometheus thread interrupted.
2019-10-21 05:45:35,314 [main] INFO  impl.MetricsSystemImpl (MetricsSystemImpl.java:stop(216)) - HddsDatanode metrics system stopped.
]]></system-out>
    <system-err><![CDATA[ERROR StatusLogger No Log4j 2 configuration file found. Using default configuration (logging only errors to the console), or user programmatically provided configurations. Set system property 'log4j2.debug' to show Log4j 2 internal initialization logging. See https://logging.apache.org/log4j/2.x/manual/configuration.html for instructions on how to configure Log4j 2
]]></system-err>
  </testcase>
  <testcase name="testNumBlocksAllocated" classname="org.apache.hadoop.ozone.scm.pipeline.TestSCMPipelineMetrics" time="24.958"/>
  <testcase name="testPipelineCreation" classname="org.apache.hadoop.ozone.scm.pipeline.TestSCMPipelineMetrics" time="24.683"/>
</testsuite>