<?xml version="1.0" encoding="UTF-8"?>
<testsuite xmlns:xsi="http://www.w3.org/2001/XMLSchema-instance" xsi:noNamespaceSchemaLocation="https://maven.apache.org/surefire/maven-surefire-plugin/xsd/surefire-test-report.xsd" name="org.apache.hadoop.ozone.client.rpc.TestDeleteWithSlowFollower" time="128.87" tests="1" errors="0" skipped="0" failures="1">
  <properties>
    <property name="awt.toolkit" value="sun.awt.X11.XToolkit"/>
    <property name="file.encoding.pkg" value="sun.io"/>
    <property name="java.specification.version" value="1.8"/>
    <property name="sun.cpu.isalist" value=""/>
    <property name="sun.jnu.encoding" value="UTF-8"/>
    <property name="java.class.path" value="/workdir/hadoop-ozone/integration-test/target/test-classes:/workdir/hadoop-ozone/integration-test/target/classes:/home/user/.m2/repository/org/apache/hadoop/hadoop-ozone-common/0.5.0-SNAPSHOT/hadoop-ozone-common-0.5.0-SNAPSHOT.jar:/home/user/.m2/repository/org/apache/commons/commons-compress/1.4.1/commons-compress-1.4.1.jar:/home/user/.m2/repository/org/tukaani/xz/1.0/xz-1.0.jar:/home/user/.m2/repository/org/apache/hadoop/hadoop-common/3.2.0/hadoop-common-3.2.0.jar:/home/user/.m2/repository/org/apache/hadoop/hadoop-hdfs/3.2.0/hadoop-hdfs-3.2.0.jar:/home/user/.m2/repository/org/apache/hadoop/hadoop-hdfs-client/3.2.0/hadoop-hdfs-client-3.2.0.jar:/home/user/.m2/repository/com/fasterxml/jackson/core/jackson-annotations/2.9.9/jackson-annotations-2.9.9.jar:/home/user/.m2/repository/org/apache/hadoop/hadoop-hdds-common/0.5.0-SNAPSHOT/hadoop-hdds-common-0.5.0-SNAPSHOT.jar:/home/user/.m2/repository/javax/annotation/javax.annotation-api/1.2/javax.annotation-api-1.2.jar:/home/user/.m2/repository/org/apache/ratis/ratis-server/0.5.0-201fc85-SNAPSHOT/ratis-server-0.5.0-201fc85-SNAPSHOT.jar:/home/user/.m2/repository/org/apache/ratis/ratis-thirdparty-misc/0.2.0/ratis-thirdparty-misc-0.2.0.jar:/home/user/.m2/repository/org/apache/ratis/ratis-proto/0.5.0-201fc85-SNAPSHOT/ratis-proto-0.5.0-201fc85-SNAPSHOT.jar:/home/user/.m2/repository/org/apache/ratis/ratis-common/0.5.0-201fc85-SNAPSHOT/ratis-common-0.5.0-201fc85-SNAPSHOT.jar:/home/user/.m2/repository/org/apache/ratis/ratis-client/0.5.0-201fc85-SNAPSHOT/ratis-client-0.5.0-201fc85-SNAPSHOT.jar:/home/user/.m2/repository/org/apache/ratis/ratis-metrics/0.5.0-201fc85-SNAPSHOT/ratis-metrics-0.5.0-201fc85-SNAPSHOT.jar:/home/user/.m2/repository/com/github/joshelser/dropwizard-metrics-hadoop-metrics2-reporter/0.1.2/dropwizard-metrics-hadoop-metrics2-reporter-0.1.2.jar:/home/user/.m2/repository/io/dropwizard/metrics/metrics-jvm/3.2.5/metrics-jvm-3.2.5.jar:/home/user/.m2/repository/io/dropwizard/metrics/metrics-ganglia/3.2.5/metrics-ganglia-3.2.5.jar:/home/user/.m2/repository/info/ganglia/gmetric4j/gmetric4j/1.0.7/gmetric4j-1.0.7.jar:/home/user/.m2/repository/org/apache/ratis/ratis-netty/0.5.0-201fc85-SNAPSHOT/ratis-netty-0.5.0-201fc85-SNAPSHOT.jar:/home/user/.m2/repository/org/apache/ratis/ratis-grpc/0.5.0-201fc85-SNAPSHOT/ratis-grpc-0.5.0-201fc85-SNAPSHOT.jar:/home/user/.m2/repository/org/rocksdb/rocksdbjni/6.0.1/rocksdbjni-6.0.1.jar:/home/user/.m2/repository/org/apache/logging/log4j/log4j-api/2.11.0/log4j-api-2.11.0.jar:/home/user/.m2/repository/org/apache/logging/log4j/log4j-core/2.11.0/log4j-core-2.11.0.jar:/home/user/.m2/repository/com/lmax/disruptor/3.4.2/disruptor-3.4.2.jar:/home/user/.m2/repository/org/apache/commons/commons-pool2/2.6.0/commons-pool2-2.6.0.jar:/home/user/.m2/repository/org/bouncycastle/bcpkix-jdk15on/1.60/bcpkix-jdk15on-1.60.jar:/home/user/.m2/repository/commons-validator/commons-validator/1.6/commons-validator-1.6.jar:/home/user/.m2/repository/commons-digester/commons-digester/1.8.1/commons-digester-1.8.1.jar:/home/user/.m2/repository/io/jaegertracing/jaeger-client/0.34.0/jaeger-client-0.34.0.jar:/home/user/.m2/repository/io/jaegertracing/jaeger-thrift/0.34.0/jaeger-thrift-0.34.0.jar:/home/user/.m2/repository/org/apache/thrift/libthrift/0.12.0/libthrift-0.12.0.jar:/home/user/.m2/repository/com/squareup/okhttp3/okhttp/3.9.0/okhttp-3.9.0.jar:/home/user/.m2/repository/com/squareup/okio/okio/1.13.0/okio-1.13.0.jar:/home/user/.m2/repository/io/jaegertracing/jaeger-core/0.34.0/jaeger-core-0.34.0.jar:/home/user/.m2/repository/io/jaegertracing/jaeger-tracerresolver/0.34.0/jaeger-tracerresolver-0.34.0.jar:/home/user/.m2/repository/io/opentracing/contrib/opentracing-tracerresolver/0.1.5/opentracing-tracerresolver-0.1.5.jar:/home/user/.m2/repository/io/opentracing/opentracing-util/0.31.0/opentracing-util-0.31.0.jar:/home/user/.m2/repository/io/opentracing/opentracing-api/0.31.0/opentracing-api-0.31.0.jar:/home/user/.m2/repository/io/opentracing/opentracing-noop/0.31.0/opentracing-noop-0.31.0.jar:/home/user/.m2/repository/org/apache/hadoop/hadoop-hdds-server-framework/0.5.0-SNAPSHOT/hadoop-hdds-server-framework-0.5.0-SNAPSHOT.jar:/home/user/.m2/repository/org/apache/hadoop/hadoop-hdds-container-service/0.5.0-SNAPSHOT/hadoop-hdds-container-service-0.5.0-SNAPSHOT.jar:/home/user/.m2/repository/org/apache/hadoop/hadoop-hdds-client/0.5.0-SNAPSHOT/hadoop-hdds-client-0.5.0-SNAPSHOT.jar:/home/user/.m2/repository/org/apache/hadoop/hadoop-hdds-tools/0.5.0-SNAPSHOT/hadoop-hdds-tools-0.5.0-SNAPSHOT.jar:/home/user/.m2/repository/org/apache/hadoop/hadoop-hdds-server-scm/0.5.0-SNAPSHOT/hadoop-hdds-server-scm-0.5.0-SNAPSHOT.jar:/home/user/.m2/repository/org/apache/hadoop/hadoop-hdds-docs/0.5.0-SNAPSHOT/hadoop-hdds-docs-0.5.0-SNAPSHOT.jar:/home/user/.m2/repository/io/dropwizard/metrics/metrics-core/3.2.4/metrics-core-3.2.4.jar:/home/user/.m2/repository/org/hamcrest/hamcrest-all/1.3/hamcrest-all-1.3.jar:/home/user/.m2/repository/org/bouncycastle/bcprov-jdk15on/1.60/bcprov-jdk15on-1.60.jar:/home/user/.m2/repository/info/picocli/picocli/3.9.6/picocli-3.9.6.jar:/home/user/.m2/repository/com/google/protobuf/protobuf-java/2.5.0/protobuf-java-2.5.0.jar:/home/user/.m2/repository/com/google/guava/guava/11.0.2/guava-11.0.2.jar:/home/user/.m2/repository/org/apache/hadoop/hadoop-ozone-ozone-manager/0.5.0-SNAPSHOT/hadoop-ozone-ozone-manager-0.5.0-SNAPSHOT.jar:/home/user/.m2/repository/org/apache/hadoop/hadoop-minikdc/3.2.0/hadoop-minikdc-3.2.0.jar:/home/user/.m2/repository/commons-io/commons-io/2.5/commons-io-2.5.jar:/home/user/.m2/repository/org/apache/kerby/kerb-simplekdc/1.0.1/kerb-simplekdc-1.0.1.jar:/home/user/.m2/repository/org/apache/kerby/kerb-client/1.0.1/kerb-client-1.0.1.jar:/home/user/.m2/repository/org/apache/kerby/kerby-config/1.0.1/kerby-config-1.0.1.jar:/home/user/.m2/repository/org/apache/kerby/kerb-core/1.0.1/kerb-core-1.0.1.jar:/home/user/.m2/repository/org/apache/kerby/kerby-pkix/1.0.1/kerby-pkix-1.0.1.jar:/home/user/.m2/repository/org/apache/kerby/kerby-asn1/1.0.1/kerby-asn1-1.0.1.jar:/home/user/.m2/repository/org/apache/kerby/kerby-util/1.0.1/kerby-util-1.0.1.jar:/home/user/.m2/repository/org/apache/kerby/kerb-common/1.0.1/kerb-common-1.0.1.jar:/home/user/.m2/repository/org/apache/kerby/kerb-crypto/1.0.1/kerb-crypto-1.0.1.jar:/home/user/.m2/repository/org/apache/kerby/kerb-util/1.0.1/kerb-util-1.0.1.jar:/home/user/.m2/repository/org/apache/kerby/token-provider/1.0.1/token-provider-1.0.1.jar:/home/user/.m2/repository/org/apache/kerby/kerb-admin/1.0.1/kerb-admin-1.0.1.jar:/home/user/.m2/repository/org/apache/kerby/kerb-server/1.0.1/kerb-server-1.0.1.jar:/home/user/.m2/repository/org/apache/kerby/kerb-identity/1.0.1/kerb-identity-1.0.1.jar:/home/user/.m2/repository/org/apache/kerby/kerby-xdr/1.0.1/kerby-xdr-1.0.1.jar:/home/user/.m2/repository/org/slf4j/slf4j-log4j12/1.7.25/slf4j-log4j12-1.7.25.jar:/home/user/.m2/repository/org/apache/hadoop/hadoop-ozone-s3gateway/0.5.0-SNAPSHOT/hadoop-ozone-s3gateway-0.5.0-SNAPSHOT.jar:/home/user/.m2/repository/org/jboss/weld/servlet/weld-servlet/2.4.7.Final/weld-servlet-2.4.7.Final.jar:/home/user/.m2/repository/org/glassfish/jersey/containers/jersey-container-servlet-core/2.27/jersey-container-servlet-core-2.27.jar:/home/user/.m2/repository/org/glassfish/hk2/external/javax.inject/2.5.0-b42/javax.inject-2.5.0-b42.jar:/home/user/.m2/repository/org/glassfish/jersey/core/jersey-common/2.27/jersey-common-2.27.jar:/home/user/.m2/repository/org/glassfish/hk2/osgi-resource-locator/1.0.1/osgi-resource-locator-1.0.1.jar:/home/user/.m2/repository/javax/ws/rs/javax.ws.rs-api/2.1/javax.ws.rs-api-2.1.jar:/home/user/.m2/repository/org/glassfish/jersey/ext/cdi/jersey-cdi1x/2.27/jersey-cdi1x-2.27.jar:/home/user/.m2/repository/org/glassfish/jersey/inject/jersey-hk2/2.27/jersey-hk2-2.27.jar:/home/user/.m2/repository/org/glassfish/hk2/hk2-locator/2.5.0-b42/hk2-locator-2.5.0-b42.jar:/home/user/.m2/repository/org/javassist/javassist/3.22.0-CR2/javassist-3.22.0-CR2.jar:/home/user/.m2/repository/org/glassfish/hk2/hk2-api/2.5.0/hk2-api-2.5.0.jar:/home/user/.m2/repository/org/glassfish/hk2/external/jakarta.inject/2.5.0/jakarta.inject-2.5.0.jar:/home/user/.m2/repository/org/glassfish/hk2/hk2-utils/2.5.0/hk2-utils-2.5.0.jar:/home/user/.m2/repository/jakarta/annotation/jakarta.annotation-api/1.3.4/jakarta.annotation-api-1.3.4.jar:/home/user/.m2/repository/org/glassfish/hk2/external/aopalliance-repackaged/2.5.0/aopalliance-repackaged-2.5.0.jar:/home/user/.m2/repository/com/fasterxml/jackson/dataformat/jackson-dataformat-xml/2.9.0/jackson-dataformat-xml-2.9.0.jar:/home/user/.m2/repository/com/fasterxml/jackson/core/jackson-core/2.9.9/jackson-core-2.9.9.jar:/home/user/.m2/repository/com/fasterxml/jackson/module/jackson-module-jaxb-annotations/2.9.9/jackson-module-jaxb-annotations-2.9.9.jar:/home/user/.m2/repository/javax/enterprise/cdi-api/1.2/cdi-api-1.2.jar:/home/user/.m2/repository/javax/el/javax.el-api/3.0.0/javax.el-api-3.0.0.jar:/home/user/.m2/repository/javax/interceptor/javax.interceptor-api/1.2/javax.interceptor-api-1.2.jar:/home/user/.m2/repository/javax/inject/javax.inject/1/javax.inject-1.jar:/home/user/.m2/repository/com/sun/xml/bind/jaxb-impl/2.3.0.1/jaxb-impl-2.3.0.1.jar:/home/user/.m2/repository/com/sun/xml/bind/jaxb-core/2.3.0.1/jaxb-core-2.3.0.1.jar:/home/user/.m2/repository/javax/xml/bind/jaxb-api/2.3.0/jaxb-api-2.3.0.jar:/home/user/.m2/repository/javax/activation/activation/1.1.1/activation-1.1.1.jar:/home/user/.m2/repository/org/apache/hadoop/hadoop-ozone-csi/0.5.0-SNAPSHOT/hadoop-ozone-csi-0.5.0-SNAPSHOT.jar:/home/user/.m2/repository/com/google/protobuf/protobuf-java-util/3.5.1/protobuf-java-util-3.5.1.jar:/home/user/.m2/repository/org/apache/hadoop/hadoop-hdds-config/0.5.0-SNAPSHOT/hadoop-hdds-config-0.5.0-SNAPSHOT.jar:/home/user/.m2/repository/io/grpc/grpc-netty/1.17.1/grpc-netty-1.17.1.jar:/home/user/.m2/repository/io/grpc/grpc-core/1.17.1/grpc-core-1.17.1.jar:/home/user/.m2/repository/io/grpc/grpc-context/1.17.1/grpc-context-1.17.1.jar:/home/user/.m2/repository/com/google/errorprone/error_prone_annotations/2.2.0/error_prone_annotations-2.2.0.jar:/home/user/.m2/repository/org/codehaus/mojo/animal-sniffer-annotations/1.17/animal-sniffer-annotations-1.17.jar:/home/user/.m2/repository/io/opencensus/opencensus-api/0.17.0/opencensus-api-0.17.0.jar:/home/user/.m2/repository/io/opencensus/opencensus-contrib-grpc-metrics/0.17.0/opencensus-contrib-grpc-metrics-0.17.0.jar:/home/user/.m2/repository/io/netty/netty-codec-http2/4.1.30.Final/netty-codec-http2-4.1.30.Final.jar:/home/user/.m2/repository/io/netty/netty-codec-http/4.1.30.Final/netty-codec-http-4.1.30.Final.jar:/home/user/.m2/repository/io/netty/netty-codec/4.1.30.Final/netty-codec-4.1.30.Final.jar:/home/user/.m2/repository/io/netty/netty-handler/4.1.30.Final/netty-handler-4.1.30.Final.jar:/home/user/.m2/repository/io/netty/netty-handler-proxy/4.1.30.Final/netty-handler-proxy-4.1.30.Final.jar:/home/user/.m2/repository/io/netty/netty-codec-socks/4.1.30.Final/netty-codec-socks-4.1.30.Final.jar:/home/user/.m2/repository/io/netty/netty-transport-native-epoll/4.1.30.Final/netty-transport-native-epoll-4.1.30.Final.jar:/home/user/.m2/repository/io/netty/netty-common/4.1.30.Final/netty-common-4.1.30.Final.jar:/home/user/.m2/repository/io/netty/netty-buffer/4.1.30.Final/netty-buffer-4.1.30.Final.jar:/home/user/.m2/repository/io/netty/netty-transport/4.1.30.Final/netty-transport-4.1.30.Final.jar:/home/user/.m2/repository/io/netty/netty-resolver/4.1.30.Final/netty-resolver-4.1.30.Final.jar:/home/user/.m2/repository/io/netty/netty-transport-native-unix-common/4.1.30.Final/netty-transport-native-unix-common-4.1.30.Final.jar:/home/user/.m2/repository/io/grpc/grpc-protobuf/1.17.1/grpc-protobuf-1.17.1.jar:/home/user/.m2/repository/com/google/api/grpc/proto-google-common-protos/1.0.0/proto-google-common-protos-1.0.0.jar:/home/user/.m2/repository/io/grpc/grpc-protobuf-lite/1.17.1/grpc-protobuf-lite-1.17.1.jar:/home/user/.m2/repository/io/grpc/grpc-stub/1.17.1/grpc-stub-1.17.1.jar:/home/user/.m2/repository/org/apache/hadoop/hadoop-ozone-recon/0.5.0-SNAPSHOT/hadoop-ozone-recon-0.5.0-SNAPSHOT.jar:/home/user/.m2/repository/org/apache/hadoop/hadoop-ozone-reconcodegen/0.5.0-SNAPSHOT/hadoop-ozone-reconcodegen-0.5.0-SNAPSHOT.jar:/home/user/.m2/repository/com/google/inject/extensions/guice-multibindings/4.0/guice-multibindings-4.0.jar:/home/user/.m2/repository/com/google/inject/guice/4.0/guice-4.0.jar:/home/user/.m2/repository/aopalliance/aopalliance/1.0/aopalliance-1.0.jar:/home/user/.m2/repository/com/google/inject/extensions/guice-servlet/4.0/guice-servlet-4.0.jar:/home/user/.m2/repository/org/glassfish/jersey/containers/jersey-container-servlet/2.27/jersey-container-servlet-2.27.jar:/home/user/.m2/repository/org/glassfish/hk2/guice-bridge/2.5.0/guice-bridge-2.5.0.jar:/home/user/.m2/repository/org/glassfish/jersey/core/jersey-server/2.27/jersey-server-2.27.jar:/home/user/.m2/repository/org/glassfish/jersey/core/jersey-client/2.27/jersey-client-2.27.jar:/home/user/.m2/repository/org/glassfish/jersey/media/jersey-media-jaxb/2.27/jersey-media-jaxb-2.27.jar:/home/user/.m2/repository/javax/validation/validation-api/1.1.0.Final/validation-api-1.1.0.Final.jar:/home/user/.m2/repository/org/glassfish/jersey/media/jersey-media-json-jackson/2.27/jersey-media-json-jackson-2.27.jar:/home/user/.m2/repository/org/glassfish/jersey/ext/jersey-entity-filtering/2.27/jersey-entity-filtering-2.27.jar:/home/user/.m2/repository/com/google/inject/extensions/guice-assistedinject/4.0/guice-assistedinject-4.0.jar:/home/user/.m2/repository/org/jooq/jooq/3.11.10/jooq-3.11.10.jar:/home/user/.m2/repository/org/jooq/jooq-meta/3.11.10/jooq-meta-3.11.10.jar:/home/user/.m2/repository/org/jooq/jooq-codegen/3.11.10/jooq-codegen-3.11.10.jar:/home/user/.m2/repository/com/jolbox/bonecp/0.8.0.RELEASE/bonecp-0.8.0.RELEASE.jar:/home/user/.m2/repository/org/xerial/sqlite-jdbc/3.25.2/sqlite-jdbc-3.25.2.jar:/home/user/.m2/repository/org/springframework/spring-jdbc/5.1.3.RELEASE/spring-jdbc-5.1.3.RELEASE.jar:/home/user/.m2/repository/org/springframework/spring-beans/5.1.3.RELEASE/spring-beans-5.1.3.RELEASE.jar:/home/user/.m2/repository/org/springframework/spring-core/5.1.3.RELEASE/spring-core-5.1.3.RELEASE.jar:/home/user/.m2/repository/org/springframework/spring-jcl/5.1.3.RELEASE/spring-jcl-5.1.3.RELEASE.jar:/home/user/.m2/repository/org/springframework/spring-tx/5.1.3.RELEASE/spring-tx-5.1.3.RELEASE.jar:/home/user/.m2/repository/org/apache/hadoop/hadoop-ozone-client/0.5.0-SNAPSHOT/hadoop-ozone-client-0.5.0-SNAPSHOT.jar:/home/user/.m2/repository/commons-lang/commons-lang/2.6/commons-lang-2.6.jar:/home/user/.m2/repository/org/apache/hadoop/hadoop-ozone-ozone-manager/0.5.0-SNAPSHOT/hadoop-ozone-ozone-manager-0.5.0-SNAPSHOT-tests.jar:/home/user/.m2/repository/junit/junit/4.11/junit-4.11.jar:/home/user/.m2/repository/org/hamcrest/hamcrest-core/1.3/hamcrest-core-1.3.jar:/home/user/.m2/repository/org/openjdk/jmh/jmh-core/1.19/jmh-core-1.19.jar:/home/user/.m2/repository/net/sf/jopt-simple/jopt-simple/4.6/jopt-simple-4.6.jar:/home/user/.m2/repository/org/apache/commons/commons-math3/3.1.1/commons-math3-3.1.1.jar:/home/user/.m2/repository/org/openjdk/jmh/jmh-generator-annprocess/1.19/jmh-generator-annprocess-1.19.jar:/home/user/.m2/repository/org/mockito/mockito-all/1.8.5/mockito-all-1.8.5.jar:/home/user/.m2/repository/org/apache/hadoop/hadoop-kms/3.2.0/hadoop-kms-3.2.0.jar:/home/user/.m2/repository/org/apache/hadoop/hadoop-auth/3.2.0/hadoop-auth-3.2.0.jar:/home/user/.m2/repository/com/nimbusds/nimbus-jose-jwt/4.41.1/nimbus-jose-jwt-4.41.1.jar:/home/user/.m2/repository/com/github/stephenc/jcip/jcip-annotations/1.0-1/jcip-annotations-1.0-1.jar:/home/user/.m2/repository/net/minidev/json-smart/2.3/json-smart-2.3.jar:/home/user/.m2/repository/net/minidev/accessors-smart/1.2/accessors-smart-1.2.jar:/home/user/.m2/repository/org/ow2/asm/asm/5.0.4/asm-5.0.4.jar:/home/user/.m2/repository/org/apache/curator/curator-framework/2.12.0/curator-framework-2.12.0.jar:/home/user/.m2/repository/com/sun/jersey/jersey-core/1.19/jersey-core-1.19.jar:/home/user/.m2/repository/javax/ws/rs/jsr311-api/1.1.1/jsr311-api-1.1.1.jar:/home/user/.m2/repository/com/sun/jersey/jersey-server/1.19/jersey-server-1.19.jar:/home/user/.m2/repository/javax/servlet/javax.servlet-api/3.1.0/javax.servlet-api-3.1.0.jar:/home/user/.m2/repository/org/eclipse/jetty/jetty-server/9.3.25.v20180904/jetty-server-9.3.25.v20180904.jar:/home/user/.m2/repository/org/eclipse/jetty/jetty-http/9.3.25.v20180904/jetty-http-9.3.25.v20180904.jar:/home/user/.m2/repository/org/eclipse/jetty/jetty-io/9.3.25.v20180904/jetty-io-9.3.25.v20180904.jar:/home/user/.m2/repository/org/eclipse/jetty/jetty-webapp/9.3.25.v20180904/jetty-webapp-9.3.25.v20180904.jar:/home/user/.m2/repository/org/eclipse/jetty/jetty-xml/9.3.25.v20180904/jetty-xml-9.3.25.v20180904.jar:/home/user/.m2/repository/log4j/log4j/1.2.17/log4j-1.2.17.jar:/home/user/.m2/repository/org/slf4j/slf4j-api/1.7.25/slf4j-api-1.7.25.jar:/home/user/.m2/repository/org/slf4j/jul-to-slf4j/1.7.25/jul-to-slf4j-1.7.25.jar:/home/user/.m2/repository/org/eclipse/jetty/jetty-util/9.3.25.v20180904/jetty-util-9.3.25.v20180904.jar:/home/user/.m2/repository/com/fasterxml/jackson/core/jackson-databind/2.9.9/jackson-databind-2.9.9.jar:/home/user/.m2/repository/org/apache/hadoop/hadoop-kms/3.2.0/hadoop-kms-3.2.0-tests.jar:/home/user/.m2/repository/org/apache/hadoop/hadoop-hdds-server-scm/0.5.0-SNAPSHOT/hadoop-hdds-server-scm-0.5.0-SNAPSHOT-tests.jar:/home/user/.m2/repository/org/apache/hadoop/hadoop-hdds-container-service/0.5.0-SNAPSHOT/hadoop-hdds-container-service-0.5.0-SNAPSHOT-tests.jar:/home/user/.m2/repository/org/yaml/snakeyaml/1.16/snakeyaml-1.16.jar:/home/user/.m2/repository/org/apache/hadoop/hadoop-common/3.2.0/hadoop-common-3.2.0-tests.jar:/home/user/.m2/repository/org/apache/hadoop/hadoop-annotations/3.2.0/hadoop-annotations-3.2.0.jar:/usr/lib/jvm/java-1.8-openjdk/jre/../lib/tools.jar:/home/user/.m2/repository/commons-cli/commons-cli/1.2/commons-cli-1.2.jar:/home/user/.m2/repository/org/apache/httpcomponents/httpclient/4.5.2/httpclient-4.5.2.jar:/home/user/.m2/repository/org/apache/httpcomponents/httpcore/4.4.4/httpcore-4.4.4.jar:/home/user/.m2/repository/commons-codec/commons-codec/1.11/commons-codec-1.11.jar:/home/user/.m2/repository/commons-net/commons-net/3.6/commons-net-3.6.jar:/home/user/.m2/repository/commons-collections/commons-collections/3.2.2/commons-collections-3.2.2.jar:/home/user/.m2/repository/org/eclipse/jetty/jetty-servlet/9.3.25.v20180904/jetty-servlet-9.3.25.v20180904.jar:/home/user/.m2/repository/org/eclipse/jetty/jetty-security/9.3.25.v20180904/jetty-security-9.3.25.v20180904.jar:/home/user/.m2/repository/javax/servlet/jsp/jsp-api/2.1/jsp-api-2.1.jar:/home/user/.m2/repository/com/sun/jersey/jersey-servlet/1.19/jersey-servlet-1.19.jar:/home/user/.m2/repository/com/sun/jersey/jersey-json/1.19/jersey-json-1.19.jar:/home/user/.m2/repository/org/codehaus/jettison/jettison/1.1/jettison-1.1.jar:/home/user/.m2/repository/org/codehaus/jackson/jackson-core-asl/1.9.13/jackson-core-asl-1.9.13.jar:/home/user/.m2/repository/org/codehaus/jackson/jackson-mapper-asl/1.9.13/jackson-mapper-asl-1.9.13.jar:/home/user/.m2/repository/org/codehaus/jackson/jackson-jaxrs/1.9.13/jackson-jaxrs-1.9.13.jar:/home/user/.m2/repository/org/codehaus/jackson/jackson-xc/1.9.13/jackson-xc-1.9.13.jar:/home/user/.m2/repository/commons-logging/commons-logging/1.1.3/commons-logging-1.1.3.jar:/home/user/.m2/repository/commons-beanutils/commons-beanutils/1.9.4/commons-beanutils-1.9.4.jar:/home/user/.m2/repository/org/apache/commons/commons-configuration2/2.1.1/commons-configuration2-2.1.1.jar:/home/user/.m2/repository/org/apache/commons/commons-lang3/3.7/commons-lang3-3.7.jar:/home/user/.m2/repository/org/apache/commons/commons-text/1.4/commons-text-1.4.jar:/home/user/.m2/repository/org/apache/avro/avro/1.7.7/avro-1.7.7.jar:/home/user/.m2/repository/com/thoughtworks/paranamer/paranamer/2.3/paranamer-2.3.jar:/home/user/.m2/repository/org/xerial/snappy/snappy-java/1.0.5/snappy-java-1.0.5.jar:/home/user/.m2/repository/com/google/re2j/re2j/1.1/re2j-1.1.jar:/home/user/.m2/repository/com/google/code/gson/gson/2.2.4/gson-2.2.4.jar:/home/user/.m2/repository/com/jcraft/jsch/0.1.54/jsch-0.1.54.jar:/home/user/.m2/repository/org/apache/curator/curator-client/2.12.0/curator-client-2.12.0.jar:/home/user/.m2/repository/org/apache/curator/curator-recipes/2.12.0/curator-recipes-2.12.0.jar:/home/user/.m2/repository/com/google/code/findbugs/jsr305/3.0.0/jsr305-3.0.0.jar:/home/user/.m2/repository/org/apache/htrace/htrace-core4/4.1.0-incubating/htrace-core4-4.1.0-incubating.jar:/home/user/.m2/repository/org/apache/zookeeper/zookeeper/3.4.13/zookeeper-3.4.13.jar:/home/user/.m2/repository/jline/jline/0.9.94/jline-0.9.94.jar:/home/user/.m2/repository/org/apache/yetus/audience-annotations/0.5.0/audience-annotations-0.5.0.jar:/home/user/.m2/repository/org/codehaus/woodstox/stax2-api/3.1.4/stax2-api-3.1.4.jar:/home/user/.m2/repository/com/fasterxml/woodstox/woodstox-core/5.0.3/woodstox-core-5.0.3.jar:/home/user/.m2/repository/dnsjava/dnsjava/2.1.7/dnsjava-2.1.7.jar:/home/user/.m2/repository/org/apache/hadoop/hadoop-hdfs/3.2.0/hadoop-hdfs-3.2.0-tests.jar:/home/user/.m2/repository/org/eclipse/jetty/jetty-util-ajax/9.3.25.v20180904/jetty-util-ajax-9.3.25.v20180904.jar:/home/user/.m2/repository/commons-daemon/commons-daemon/1.0.13/commons-daemon-1.0.13.jar:/home/user/.m2/repository/io/netty/netty/3.10.5.Final/netty-3.10.5.Final.jar:/home/user/.m2/repository/io/netty/netty-all/4.0.52.Final/netty-all-4.0.52.Final.jar:/home/user/.m2/repository/org/fusesource/leveldbjni/leveldbjni-all/1.8/leveldbjni-all-1.8.jar:"/>
    <property name="java.vm.vendor" value="IcedTea"/>
    <property name="sun.arch.data.model" value="64"/>
    <property name="test.build.dir" value="/workdir/hadoop-ozone/integration-test/target/test-dir"/>
    <property name="test.cache.data" value=""/>
    <property name="java.vendor.url" value="https://icedtea.classpath.org"/>
    <property name="user.timezone" value=""/>
    <property name="java.vm.specification.version" value="1.8"/>
    <property name="os.name" value="Linux"/>
    <property name="test.build.data" value="/workdir/hadoop-ozone/integration-test/target/test-dir"/>
    <property name="user.country" value="US"/>
    <property name="sun.java.launcher" value="SUN_STANDARD"/>
    <property name="sun.boot.library.path" value="/usr/lib/jvm/java-1.8-openjdk/jre/lib/amd64"/>
    <property name="sun.java.command" value="/workdir/hadoop-ozone/integration-test/target/surefire/surefirebooter3793624365222351887.jar /workdir/hadoop-ozone/integration-test/target/surefire 2019-10-02T21-38-28_196-jvmRun1 surefire910766134638123762tmp surefire_605030231357094187616tmp"/>
    <property name="test" value="!TestMiniChaosOzoneCluster"/>
    <property name="surefire.test.class.path" value="/workdir/hadoop-ozone/integration-test/target/test-classes:/workdir/hadoop-ozone/integration-test/target/classes:/home/user/.m2/repository/org/apache/hadoop/hadoop-ozone-common/0.5.0-SNAPSHOT/hadoop-ozone-common-0.5.0-SNAPSHOT.jar:/home/user/.m2/repository/org/apache/commons/commons-compress/1.4.1/commons-compress-1.4.1.jar:/home/user/.m2/repository/org/tukaani/xz/1.0/xz-1.0.jar:/home/user/.m2/repository/org/apache/hadoop/hadoop-common/3.2.0/hadoop-common-3.2.0.jar:/home/user/.m2/repository/org/apache/hadoop/hadoop-hdfs/3.2.0/hadoop-hdfs-3.2.0.jar:/home/user/.m2/repository/org/apache/hadoop/hadoop-hdfs-client/3.2.0/hadoop-hdfs-client-3.2.0.jar:/home/user/.m2/repository/com/fasterxml/jackson/core/jackson-annotations/2.9.9/jackson-annotations-2.9.9.jar:/home/user/.m2/repository/org/apache/hadoop/hadoop-hdds-common/0.5.0-SNAPSHOT/hadoop-hdds-common-0.5.0-SNAPSHOT.jar:/home/user/.m2/repository/javax/annotation/javax.annotation-api/1.2/javax.annotation-api-1.2.jar:/home/user/.m2/repository/org/apache/ratis/ratis-server/0.5.0-201fc85-SNAPSHOT/ratis-server-0.5.0-201fc85-SNAPSHOT.jar:/home/user/.m2/repository/org/apache/ratis/ratis-thirdparty-misc/0.2.0/ratis-thirdparty-misc-0.2.0.jar:/home/user/.m2/repository/org/apache/ratis/ratis-proto/0.5.0-201fc85-SNAPSHOT/ratis-proto-0.5.0-201fc85-SNAPSHOT.jar:/home/user/.m2/repository/org/apache/ratis/ratis-common/0.5.0-201fc85-SNAPSHOT/ratis-common-0.5.0-201fc85-SNAPSHOT.jar:/home/user/.m2/repository/org/apache/ratis/ratis-client/0.5.0-201fc85-SNAPSHOT/ratis-client-0.5.0-201fc85-SNAPSHOT.jar:/home/user/.m2/repository/org/apache/ratis/ratis-metrics/0.5.0-201fc85-SNAPSHOT/ratis-metrics-0.5.0-201fc85-SNAPSHOT.jar:/home/user/.m2/repository/com/github/joshelser/dropwizard-metrics-hadoop-metrics2-reporter/0.1.2/dropwizard-metrics-hadoop-metrics2-reporter-0.1.2.jar:/home/user/.m2/repository/io/dropwizard/metrics/metrics-jvm/3.2.5/metrics-jvm-3.2.5.jar:/home/user/.m2/repository/io/dropwizard/metrics/metrics-ganglia/3.2.5/metrics-ganglia-3.2.5.jar:/home/user/.m2/repository/info/ganglia/gmetric4j/gmetric4j/1.0.7/gmetric4j-1.0.7.jar:/home/user/.m2/repository/org/apache/ratis/ratis-netty/0.5.0-201fc85-SNAPSHOT/ratis-netty-0.5.0-201fc85-SNAPSHOT.jar:/home/user/.m2/repository/org/apache/ratis/ratis-grpc/0.5.0-201fc85-SNAPSHOT/ratis-grpc-0.5.0-201fc85-SNAPSHOT.jar:/home/user/.m2/repository/org/rocksdb/rocksdbjni/6.0.1/rocksdbjni-6.0.1.jar:/home/user/.m2/repository/org/apache/logging/log4j/log4j-api/2.11.0/log4j-api-2.11.0.jar:/home/user/.m2/repository/org/apache/logging/log4j/log4j-core/2.11.0/log4j-core-2.11.0.jar:/home/user/.m2/repository/com/lmax/disruptor/3.4.2/disruptor-3.4.2.jar:/home/user/.m2/repository/org/apache/commons/commons-pool2/2.6.0/commons-pool2-2.6.0.jar:/home/user/.m2/repository/org/bouncycastle/bcpkix-jdk15on/1.60/bcpkix-jdk15on-1.60.jar:/home/user/.m2/repository/commons-validator/commons-validator/1.6/commons-validator-1.6.jar:/home/user/.m2/repository/commons-digester/commons-digester/1.8.1/commons-digester-1.8.1.jar:/home/user/.m2/repository/io/jaegertracing/jaeger-client/0.34.0/jaeger-client-0.34.0.jar:/home/user/.m2/repository/io/jaegertracing/jaeger-thrift/0.34.0/jaeger-thrift-0.34.0.jar:/home/user/.m2/repository/org/apache/thrift/libthrift/0.12.0/libthrift-0.12.0.jar:/home/user/.m2/repository/com/squareup/okhttp3/okhttp/3.9.0/okhttp-3.9.0.jar:/home/user/.m2/repository/com/squareup/okio/okio/1.13.0/okio-1.13.0.jar:/home/user/.m2/repository/io/jaegertracing/jaeger-core/0.34.0/jaeger-core-0.34.0.jar:/home/user/.m2/repository/io/jaegertracing/jaeger-tracerresolver/0.34.0/jaeger-tracerresolver-0.34.0.jar:/home/user/.m2/repository/io/opentracing/contrib/opentracing-tracerresolver/0.1.5/opentracing-tracerresolver-0.1.5.jar:/home/user/.m2/repository/io/opentracing/opentracing-util/0.31.0/opentracing-util-0.31.0.jar:/home/user/.m2/repository/io/opentracing/opentracing-api/0.31.0/opentracing-api-0.31.0.jar:/home/user/.m2/repository/io/opentracing/opentracing-noop/0.31.0/opentracing-noop-0.31.0.jar:/home/user/.m2/repository/org/apache/hadoop/hadoop-hdds-server-framework/0.5.0-SNAPSHOT/hadoop-hdds-server-framework-0.5.0-SNAPSHOT.jar:/home/user/.m2/repository/org/apache/hadoop/hadoop-hdds-container-service/0.5.0-SNAPSHOT/hadoop-hdds-container-service-0.5.0-SNAPSHOT.jar:/home/user/.m2/repository/org/apache/hadoop/hadoop-hdds-client/0.5.0-SNAPSHOT/hadoop-hdds-client-0.5.0-SNAPSHOT.jar:/home/user/.m2/repository/org/apache/hadoop/hadoop-hdds-tools/0.5.0-SNAPSHOT/hadoop-hdds-tools-0.5.0-SNAPSHOT.jar:/home/user/.m2/repository/org/apache/hadoop/hadoop-hdds-server-scm/0.5.0-SNAPSHOT/hadoop-hdds-server-scm-0.5.0-SNAPSHOT.jar:/home/user/.m2/repository/org/apache/hadoop/hadoop-hdds-docs/0.5.0-SNAPSHOT/hadoop-hdds-docs-0.5.0-SNAPSHOT.jar:/home/user/.m2/repository/io/dropwizard/metrics/metrics-core/3.2.4/metrics-core-3.2.4.jar:/home/user/.m2/repository/org/hamcrest/hamcrest-all/1.3/hamcrest-all-1.3.jar:/home/user/.m2/repository/org/bouncycastle/bcprov-jdk15on/1.60/bcprov-jdk15on-1.60.jar:/home/user/.m2/repository/info/picocli/picocli/3.9.6/picocli-3.9.6.jar:/home/user/.m2/repository/com/google/protobuf/protobuf-java/2.5.0/protobuf-java-2.5.0.jar:/home/user/.m2/repository/com/google/guava/guava/11.0.2/guava-11.0.2.jar:/home/user/.m2/repository/org/apache/hadoop/hadoop-ozone-ozone-manager/0.5.0-SNAPSHOT/hadoop-ozone-ozone-manager-0.5.0-SNAPSHOT.jar:/home/user/.m2/repository/org/apache/hadoop/hadoop-minikdc/3.2.0/hadoop-minikdc-3.2.0.jar:/home/user/.m2/repository/commons-io/commons-io/2.5/commons-io-2.5.jar:/home/user/.m2/repository/org/apache/kerby/kerb-simplekdc/1.0.1/kerb-simplekdc-1.0.1.jar:/home/user/.m2/repository/org/apache/kerby/kerb-client/1.0.1/kerb-client-1.0.1.jar:/home/user/.m2/repository/org/apache/kerby/kerby-config/1.0.1/kerby-config-1.0.1.jar:/home/user/.m2/repository/org/apache/kerby/kerb-core/1.0.1/kerb-core-1.0.1.jar:/home/user/.m2/repository/org/apache/kerby/kerby-pkix/1.0.1/kerby-pkix-1.0.1.jar:/home/user/.m2/repository/org/apache/kerby/kerby-asn1/1.0.1/kerby-asn1-1.0.1.jar:/home/user/.m2/repository/org/apache/kerby/kerby-util/1.0.1/kerby-util-1.0.1.jar:/home/user/.m2/repository/org/apache/kerby/kerb-common/1.0.1/kerb-common-1.0.1.jar:/home/user/.m2/repository/org/apache/kerby/kerb-crypto/1.0.1/kerb-crypto-1.0.1.jar:/home/user/.m2/repository/org/apache/kerby/kerb-util/1.0.1/kerb-util-1.0.1.jar:/home/user/.m2/repository/org/apache/kerby/token-provider/1.0.1/token-provider-1.0.1.jar:/home/user/.m2/repository/org/apache/kerby/kerb-admin/1.0.1/kerb-admin-1.0.1.jar:/home/user/.m2/repository/org/apache/kerby/kerb-server/1.0.1/kerb-server-1.0.1.jar:/home/user/.m2/repository/org/apache/kerby/kerb-identity/1.0.1/kerb-identity-1.0.1.jar:/home/user/.m2/repository/org/apache/kerby/kerby-xdr/1.0.1/kerby-xdr-1.0.1.jar:/home/user/.m2/repository/org/slf4j/slf4j-log4j12/1.7.25/slf4j-log4j12-1.7.25.jar:/home/user/.m2/repository/org/apache/hadoop/hadoop-ozone-s3gateway/0.5.0-SNAPSHOT/hadoop-ozone-s3gateway-0.5.0-SNAPSHOT.jar:/home/user/.m2/repository/org/jboss/weld/servlet/weld-servlet/2.4.7.Final/weld-servlet-2.4.7.Final.jar:/home/user/.m2/repository/org/glassfish/jersey/containers/jersey-container-servlet-core/2.27/jersey-container-servlet-core-2.27.jar:/home/user/.m2/repository/org/glassfish/hk2/external/javax.inject/2.5.0-b42/javax.inject-2.5.0-b42.jar:/home/user/.m2/repository/org/glassfish/jersey/core/jersey-common/2.27/jersey-common-2.27.jar:/home/user/.m2/repository/org/glassfish/hk2/osgi-resource-locator/1.0.1/osgi-resource-locator-1.0.1.jar:/home/user/.m2/repository/javax/ws/rs/javax.ws.rs-api/2.1/javax.ws.rs-api-2.1.jar:/home/user/.m2/repository/org/glassfish/jersey/ext/cdi/jersey-cdi1x/2.27/jersey-cdi1x-2.27.jar:/home/user/.m2/repository/org/glassfish/jersey/inject/jersey-hk2/2.27/jersey-hk2-2.27.jar:/home/user/.m2/repository/org/glassfish/hk2/hk2-locator/2.5.0-b42/hk2-locator-2.5.0-b42.jar:/home/user/.m2/repository/org/javassist/javassist/3.22.0-CR2/javassist-3.22.0-CR2.jar:/home/user/.m2/repository/org/glassfish/hk2/hk2-api/2.5.0/hk2-api-2.5.0.jar:/home/user/.m2/repository/org/glassfish/hk2/external/jakarta.inject/2.5.0/jakarta.inject-2.5.0.jar:/home/user/.m2/repository/org/glassfish/hk2/hk2-utils/2.5.0/hk2-utils-2.5.0.jar:/home/user/.m2/repository/jakarta/annotation/jakarta.annotation-api/1.3.4/jakarta.annotation-api-1.3.4.jar:/home/user/.m2/repository/org/glassfish/hk2/external/aopalliance-repackaged/2.5.0/aopalliance-repackaged-2.5.0.jar:/home/user/.m2/repository/com/fasterxml/jackson/dataformat/jackson-dataformat-xml/2.9.0/jackson-dataformat-xml-2.9.0.jar:/home/user/.m2/repository/com/fasterxml/jackson/core/jackson-core/2.9.9/jackson-core-2.9.9.jar:/home/user/.m2/repository/com/fasterxml/jackson/module/jackson-module-jaxb-annotations/2.9.9/jackson-module-jaxb-annotations-2.9.9.jar:/home/user/.m2/repository/javax/enterprise/cdi-api/1.2/cdi-api-1.2.jar:/home/user/.m2/repository/javax/el/javax.el-api/3.0.0/javax.el-api-3.0.0.jar:/home/user/.m2/repository/javax/interceptor/javax.interceptor-api/1.2/javax.interceptor-api-1.2.jar:/home/user/.m2/repository/javax/inject/javax.inject/1/javax.inject-1.jar:/home/user/.m2/repository/com/sun/xml/bind/jaxb-impl/2.3.0.1/jaxb-impl-2.3.0.1.jar:/home/user/.m2/repository/com/sun/xml/bind/jaxb-core/2.3.0.1/jaxb-core-2.3.0.1.jar:/home/user/.m2/repository/javax/xml/bind/jaxb-api/2.3.0/jaxb-api-2.3.0.jar:/home/user/.m2/repository/javax/activation/activation/1.1.1/activation-1.1.1.jar:/home/user/.m2/repository/org/apache/hadoop/hadoop-ozone-csi/0.5.0-SNAPSHOT/hadoop-ozone-csi-0.5.0-SNAPSHOT.jar:/home/user/.m2/repository/com/google/protobuf/protobuf-java-util/3.5.1/protobuf-java-util-3.5.1.jar:/home/user/.m2/repository/org/apache/hadoop/hadoop-hdds-config/0.5.0-SNAPSHOT/hadoop-hdds-config-0.5.0-SNAPSHOT.jar:/home/user/.m2/repository/io/grpc/grpc-netty/1.17.1/grpc-netty-1.17.1.jar:/home/user/.m2/repository/io/grpc/grpc-core/1.17.1/grpc-core-1.17.1.jar:/home/user/.m2/repository/io/grpc/grpc-context/1.17.1/grpc-context-1.17.1.jar:/home/user/.m2/repository/com/google/errorprone/error_prone_annotations/2.2.0/error_prone_annotations-2.2.0.jar:/home/user/.m2/repository/org/codehaus/mojo/animal-sniffer-annotations/1.17/animal-sniffer-annotations-1.17.jar:/home/user/.m2/repository/io/opencensus/opencensus-api/0.17.0/opencensus-api-0.17.0.jar:/home/user/.m2/repository/io/opencensus/opencensus-contrib-grpc-metrics/0.17.0/opencensus-contrib-grpc-metrics-0.17.0.jar:/home/user/.m2/repository/io/netty/netty-codec-http2/4.1.30.Final/netty-codec-http2-4.1.30.Final.jar:/home/user/.m2/repository/io/netty/netty-codec-http/4.1.30.Final/netty-codec-http-4.1.30.Final.jar:/home/user/.m2/repository/io/netty/netty-codec/4.1.30.Final/netty-codec-4.1.30.Final.jar:/home/user/.m2/repository/io/netty/netty-handler/4.1.30.Final/netty-handler-4.1.30.Final.jar:/home/user/.m2/repository/io/netty/netty-handler-proxy/4.1.30.Final/netty-handler-proxy-4.1.30.Final.jar:/home/user/.m2/repository/io/netty/netty-codec-socks/4.1.30.Final/netty-codec-socks-4.1.30.Final.jar:/home/user/.m2/repository/io/netty/netty-transport-native-epoll/4.1.30.Final/netty-transport-native-epoll-4.1.30.Final.jar:/home/user/.m2/repository/io/netty/netty-common/4.1.30.Final/netty-common-4.1.30.Final.jar:/home/user/.m2/repository/io/netty/netty-buffer/4.1.30.Final/netty-buffer-4.1.30.Final.jar:/home/user/.m2/repository/io/netty/netty-transport/4.1.30.Final/netty-transport-4.1.30.Final.jar:/home/user/.m2/repository/io/netty/netty-resolver/4.1.30.Final/netty-resolver-4.1.30.Final.jar:/home/user/.m2/repository/io/netty/netty-transport-native-unix-common/4.1.30.Final/netty-transport-native-unix-common-4.1.30.Final.jar:/home/user/.m2/repository/io/grpc/grpc-protobuf/1.17.1/grpc-protobuf-1.17.1.jar:/home/user/.m2/repository/com/google/api/grpc/proto-google-common-protos/1.0.0/proto-google-common-protos-1.0.0.jar:/home/user/.m2/repository/io/grpc/grpc-protobuf-lite/1.17.1/grpc-protobuf-lite-1.17.1.jar:/home/user/.m2/repository/io/grpc/grpc-stub/1.17.1/grpc-stub-1.17.1.jar:/home/user/.m2/repository/org/apache/hadoop/hadoop-ozone-recon/0.5.0-SNAPSHOT/hadoop-ozone-recon-0.5.0-SNAPSHOT.jar:/home/user/.m2/repository/org/apache/hadoop/hadoop-ozone-reconcodegen/0.5.0-SNAPSHOT/hadoop-ozone-reconcodegen-0.5.0-SNAPSHOT.jar:/home/user/.m2/repository/com/google/inject/extensions/guice-multibindings/4.0/guice-multibindings-4.0.jar:/home/user/.m2/repository/com/google/inject/guice/4.0/guice-4.0.jar:/home/user/.m2/repository/aopalliance/aopalliance/1.0/aopalliance-1.0.jar:/home/user/.m2/repository/com/google/inject/extensions/guice-servlet/4.0/guice-servlet-4.0.jar:/home/user/.m2/repository/org/glassfish/jersey/containers/jersey-container-servlet/2.27/jersey-container-servlet-2.27.jar:/home/user/.m2/repository/org/glassfish/hk2/guice-bridge/2.5.0/guice-bridge-2.5.0.jar:/home/user/.m2/repository/org/glassfish/jersey/core/jersey-server/2.27/jersey-server-2.27.jar:/home/user/.m2/repository/org/glassfish/jersey/core/jersey-client/2.27/jersey-client-2.27.jar:/home/user/.m2/repository/org/glassfish/jersey/media/jersey-media-jaxb/2.27/jersey-media-jaxb-2.27.jar:/home/user/.m2/repository/javax/validation/validation-api/1.1.0.Final/validation-api-1.1.0.Final.jar:/home/user/.m2/repository/org/glassfish/jersey/media/jersey-media-json-jackson/2.27/jersey-media-json-jackson-2.27.jar:/home/user/.m2/repository/org/glassfish/jersey/ext/jersey-entity-filtering/2.27/jersey-entity-filtering-2.27.jar:/home/user/.m2/repository/com/google/inject/extensions/guice-assistedinject/4.0/guice-assistedinject-4.0.jar:/home/user/.m2/repository/org/jooq/jooq/3.11.10/jooq-3.11.10.jar:/home/user/.m2/repository/org/jooq/jooq-meta/3.11.10/jooq-meta-3.11.10.jar:/home/user/.m2/repository/org/jooq/jooq-codegen/3.11.10/jooq-codegen-3.11.10.jar:/home/user/.m2/repository/com/jolbox/bonecp/0.8.0.RELEASE/bonecp-0.8.0.RELEASE.jar:/home/user/.m2/repository/org/xerial/sqlite-jdbc/3.25.2/sqlite-jdbc-3.25.2.jar:/home/user/.m2/repository/org/springframework/spring-jdbc/5.1.3.RELEASE/spring-jdbc-5.1.3.RELEASE.jar:/home/user/.m2/repository/org/springframework/spring-beans/5.1.3.RELEASE/spring-beans-5.1.3.RELEASE.jar:/home/user/.m2/repository/org/springframework/spring-core/5.1.3.RELEASE/spring-core-5.1.3.RELEASE.jar:/home/user/.m2/repository/org/springframework/spring-jcl/5.1.3.RELEASE/spring-jcl-5.1.3.RELEASE.jar:/home/user/.m2/repository/org/springframework/spring-tx/5.1.3.RELEASE/spring-tx-5.1.3.RELEASE.jar:/home/user/.m2/repository/org/apache/hadoop/hadoop-ozone-client/0.5.0-SNAPSHOT/hadoop-ozone-client-0.5.0-SNAPSHOT.jar:/home/user/.m2/repository/commons-lang/commons-lang/2.6/commons-lang-2.6.jar:/home/user/.m2/repository/org/apache/hadoop/hadoop-ozone-ozone-manager/0.5.0-SNAPSHOT/hadoop-ozone-ozone-manager-0.5.0-SNAPSHOT-tests.jar:/home/user/.m2/repository/junit/junit/4.11/junit-4.11.jar:/home/user/.m2/repository/org/hamcrest/hamcrest-core/1.3/hamcrest-core-1.3.jar:/home/user/.m2/repository/org/openjdk/jmh/jmh-core/1.19/jmh-core-1.19.jar:/home/user/.m2/repository/net/sf/jopt-simple/jopt-simple/4.6/jopt-simple-4.6.jar:/home/user/.m2/repository/org/apache/commons/commons-math3/3.1.1/commons-math3-3.1.1.jar:/home/user/.m2/repository/org/openjdk/jmh/jmh-generator-annprocess/1.19/jmh-generator-annprocess-1.19.jar:/home/user/.m2/repository/org/mockito/mockito-all/1.8.5/mockito-all-1.8.5.jar:/home/user/.m2/repository/org/apache/hadoop/hadoop-kms/3.2.0/hadoop-kms-3.2.0.jar:/home/user/.m2/repository/org/apache/hadoop/hadoop-auth/3.2.0/hadoop-auth-3.2.0.jar:/home/user/.m2/repository/com/nimbusds/nimbus-jose-jwt/4.41.1/nimbus-jose-jwt-4.41.1.jar:/home/user/.m2/repository/com/github/stephenc/jcip/jcip-annotations/1.0-1/jcip-annotations-1.0-1.jar:/home/user/.m2/repository/net/minidev/json-smart/2.3/json-smart-2.3.jar:/home/user/.m2/repository/net/minidev/accessors-smart/1.2/accessors-smart-1.2.jar:/home/user/.m2/repository/org/ow2/asm/asm/5.0.4/asm-5.0.4.jar:/home/user/.m2/repository/org/apache/curator/curator-framework/2.12.0/curator-framework-2.12.0.jar:/home/user/.m2/repository/com/sun/jersey/jersey-core/1.19/jersey-core-1.19.jar:/home/user/.m2/repository/javax/ws/rs/jsr311-api/1.1.1/jsr311-api-1.1.1.jar:/home/user/.m2/repository/com/sun/jersey/jersey-server/1.19/jersey-server-1.19.jar:/home/user/.m2/repository/javax/servlet/javax.servlet-api/3.1.0/javax.servlet-api-3.1.0.jar:/home/user/.m2/repository/org/eclipse/jetty/jetty-server/9.3.25.v20180904/jetty-server-9.3.25.v20180904.jar:/home/user/.m2/repository/org/eclipse/jetty/jetty-http/9.3.25.v20180904/jetty-http-9.3.25.v20180904.jar:/home/user/.m2/repository/org/eclipse/jetty/jetty-io/9.3.25.v20180904/jetty-io-9.3.25.v20180904.jar:/home/user/.m2/repository/org/eclipse/jetty/jetty-webapp/9.3.25.v20180904/jetty-webapp-9.3.25.v20180904.jar:/home/user/.m2/repository/org/eclipse/jetty/jetty-xml/9.3.25.v20180904/jetty-xml-9.3.25.v20180904.jar:/home/user/.m2/repository/log4j/log4j/1.2.17/log4j-1.2.17.jar:/home/user/.m2/repository/org/slf4j/slf4j-api/1.7.25/slf4j-api-1.7.25.jar:/home/user/.m2/repository/org/slf4j/jul-to-slf4j/1.7.25/jul-to-slf4j-1.7.25.jar:/home/user/.m2/repository/org/eclipse/jetty/jetty-util/9.3.25.v20180904/jetty-util-9.3.25.v20180904.jar:/home/user/.m2/repository/com/fasterxml/jackson/core/jackson-databind/2.9.9/jackson-databind-2.9.9.jar:/home/user/.m2/repository/org/apache/hadoop/hadoop-kms/3.2.0/hadoop-kms-3.2.0-tests.jar:/home/user/.m2/repository/org/apache/hadoop/hadoop-hdds-server-scm/0.5.0-SNAPSHOT/hadoop-hdds-server-scm-0.5.0-SNAPSHOT-tests.jar:/home/user/.m2/repository/org/apache/hadoop/hadoop-hdds-container-service/0.5.0-SNAPSHOT/hadoop-hdds-container-service-0.5.0-SNAPSHOT-tests.jar:/home/user/.m2/repository/org/yaml/snakeyaml/1.16/snakeyaml-1.16.jar:/home/user/.m2/repository/org/apache/hadoop/hadoop-common/3.2.0/hadoop-common-3.2.0-tests.jar:/home/user/.m2/repository/org/apache/hadoop/hadoop-annotations/3.2.0/hadoop-annotations-3.2.0.jar:/usr/lib/jvm/java-1.8-openjdk/jre/../lib/tools.jar:/home/user/.m2/repository/commons-cli/commons-cli/1.2/commons-cli-1.2.jar:/home/user/.m2/repository/org/apache/httpcomponents/httpclient/4.5.2/httpclient-4.5.2.jar:/home/user/.m2/repository/org/apache/httpcomponents/httpcore/4.4.4/httpcore-4.4.4.jar:/home/user/.m2/repository/commons-codec/commons-codec/1.11/commons-codec-1.11.jar:/home/user/.m2/repository/commons-net/commons-net/3.6/commons-net-3.6.jar:/home/user/.m2/repository/commons-collections/commons-collections/3.2.2/commons-collections-3.2.2.jar:/home/user/.m2/repository/org/eclipse/jetty/jetty-servlet/9.3.25.v20180904/jetty-servlet-9.3.25.v20180904.jar:/home/user/.m2/repository/org/eclipse/jetty/jetty-security/9.3.25.v20180904/jetty-security-9.3.25.v20180904.jar:/home/user/.m2/repository/javax/servlet/jsp/jsp-api/2.1/jsp-api-2.1.jar:/home/user/.m2/repository/com/sun/jersey/jersey-servlet/1.19/jersey-servlet-1.19.jar:/home/user/.m2/repository/com/sun/jersey/jersey-json/1.19/jersey-json-1.19.jar:/home/user/.m2/repository/org/codehaus/jettison/jettison/1.1/jettison-1.1.jar:/home/user/.m2/repository/org/codehaus/jackson/jackson-core-asl/1.9.13/jackson-core-asl-1.9.13.jar:/home/user/.m2/repository/org/codehaus/jackson/jackson-mapper-asl/1.9.13/jackson-mapper-asl-1.9.13.jar:/home/user/.m2/repository/org/codehaus/jackson/jackson-jaxrs/1.9.13/jackson-jaxrs-1.9.13.jar:/home/user/.m2/repository/org/codehaus/jackson/jackson-xc/1.9.13/jackson-xc-1.9.13.jar:/home/user/.m2/repository/commons-logging/commons-logging/1.1.3/commons-logging-1.1.3.jar:/home/user/.m2/repository/commons-beanutils/commons-beanutils/1.9.4/commons-beanutils-1.9.4.jar:/home/user/.m2/repository/org/apache/commons/commons-configuration2/2.1.1/commons-configuration2-2.1.1.jar:/home/user/.m2/repository/org/apache/commons/commons-lang3/3.7/commons-lang3-3.7.jar:/home/user/.m2/repository/org/apache/commons/commons-text/1.4/commons-text-1.4.jar:/home/user/.m2/repository/org/apache/avro/avro/1.7.7/avro-1.7.7.jar:/home/user/.m2/repository/com/thoughtworks/paranamer/paranamer/2.3/paranamer-2.3.jar:/home/user/.m2/repository/org/xerial/snappy/snappy-java/1.0.5/snappy-java-1.0.5.jar:/home/user/.m2/repository/com/google/re2j/re2j/1.1/re2j-1.1.jar:/home/user/.m2/repository/com/google/code/gson/gson/2.2.4/gson-2.2.4.jar:/home/user/.m2/repository/com/jcraft/jsch/0.1.54/jsch-0.1.54.jar:/home/user/.m2/repository/org/apache/curator/curator-client/2.12.0/curator-client-2.12.0.jar:/home/user/.m2/repository/org/apache/curator/curator-recipes/2.12.0/curator-recipes-2.12.0.jar:/home/user/.m2/repository/com/google/code/findbugs/jsr305/3.0.0/jsr305-3.0.0.jar:/home/user/.m2/repository/org/apache/htrace/htrace-core4/4.1.0-incubating/htrace-core4-4.1.0-incubating.jar:/home/user/.m2/repository/org/apache/zookeeper/zookeeper/3.4.13/zookeeper-3.4.13.jar:/home/user/.m2/repository/jline/jline/0.9.94/jline-0.9.94.jar:/home/user/.m2/repository/org/apache/yetus/audience-annotations/0.5.0/audience-annotations-0.5.0.jar:/home/user/.m2/repository/org/codehaus/woodstox/stax2-api/3.1.4/stax2-api-3.1.4.jar:/home/user/.m2/repository/com/fasterxml/woodstox/woodstox-core/5.0.3/woodstox-core-5.0.3.jar:/home/user/.m2/repository/dnsjava/dnsjava/2.1.7/dnsjava-2.1.7.jar:/home/user/.m2/repository/org/apache/hadoop/hadoop-hdfs/3.2.0/hadoop-hdfs-3.2.0-tests.jar:/home/user/.m2/repository/org/eclipse/jetty/jetty-util-ajax/9.3.25.v20180904/jetty-util-ajax-9.3.25.v20180904.jar:/home/user/.m2/repository/commons-daemon/commons-daemon/1.0.13/commons-daemon-1.0.13.jar:/home/user/.m2/repository/io/netty/netty/3.10.5.Final/netty-3.10.5.Final.jar:/home/user/.m2/repository/io/netty/netty-all/4.0.52.Final/netty-all-4.0.52.Final.jar:/home/user/.m2/repository/org/fusesource/leveldbjni/leveldbjni-all/1.8/leveldbjni-all-1.8.jar:"/>
    <property name="sun.cpu.endian" value="little"/>
    <property name="user.home" value="/home/user"/>
    <property name="user.language" value="en"/>
    <property name="java.specification.vendor" value="Oracle Corporation"/>
    <property name="java.home" value="/usr/lib/jvm/java-1.8-openjdk/jre"/>
    <property name="java.security.krb5.conf" value="/workdir/hadoop-ozone/integration-test/target/test-classes/krb5.conf"/>
    <property name="basedir" value="/workdir/hadoop-ozone/integration-test"/>
    <property name="file.separator" value="/"/>
    <property name="line.separator" value="&#10;"/>
    <property name="java.vm.specification.vendor" value="Oracle Corporation"/>
    <property name="java.specification.name" value="Java Platform API Specification"/>
    <property name="java.awt.graphicsenv" value="sun.awt.X11GraphicsEnvironment"/>
    <property name="surefire.real.class.path" value="/workdir/hadoop-ozone/integration-test/target/surefire/surefirebooter3793624365222351887.jar"/>
    <property name="hadoop.log.dir" value="/workdir/hadoop-ozone/integration-test/target/log"/>
    <property name="sun.boot.class.path" value="/usr/lib/jvm/java-1.8-openjdk/jre/lib/resources.jar:/usr/lib/jvm/java-1.8-openjdk/jre/lib/rt.jar:/usr/lib/jvm/java-1.8-openjdk/jre/lib/sunrsasign.jar:/usr/lib/jvm/java-1.8-openjdk/jre/lib/jsse.jar:/usr/lib/jvm/java-1.8-openjdk/jre/lib/jce.jar:/usr/lib/jvm/java-1.8-openjdk/jre/lib/charsets.jar:/usr/lib/jvm/java-1.8-openjdk/jre/lib/jfr.jar:/usr/lib/jvm/java-1.8-openjdk/jre/classes"/>
    <property name="sun.management.compiler" value="HotSpot 64-Bit Tiered Compilers"/>
    <property name="java.runtime.version" value="1.8.0_212-b04"/>
    <property name="java.net.preferIPv4Stack" value="true"/>
    <property name="user.name" value="jenkins1000"/>
    <property name="path.separator" value=":"/>
    <property name="java.security.egd" value="file:///dev/urandom"/>
    <property name="os.version" value="3.10.0-957.12.2.el7.x86_64"/>
    <property name="java.endorsed.dirs" value="/usr/lib/jvm/java-1.8-openjdk/jre/lib/endorsed"/>
    <property name="java.runtime.name" value="OpenJDK Runtime Environment"/>
    <property name="file.encoding" value="UTF-8"/>
    <property name="java.vm.name" value="OpenJDK 64-Bit Server VM"/>
    <property name="test.build.webapps" value=""/>
    <property name="localRepository" value="/home/user/.m2/repository"/>
    <property name="java.vendor.url.bug" value="https://icedtea.classpath.org/bugzilla"/>
    <property name="java.io.tmpdir" value="/tmp"/>
    <property name="require.test.libhadoop" value=""/>
    <property name="java.version" value="1.8.0_212"/>
    <property name="user.dir" value="/workdir/hadoop-ozone/integration-test"/>
    <property name="os.arch" value="amd64"/>
    <property name="java.vm.specification.name" value="Java Virtual Machine Specification"/>
    <property name="test.build.classes" value="/workdir/hadoop-ozone/integration-test/target/test-classes"/>
    <property name="java.awt.printerjob" value="sun.print.PSPrinterJob"/>
    <property name="sun.os.patch.level" value="unknown"/>
    <property name="hadoop.tmp.dir" value="/workdir/hadoop-ozone/integration-test/target/tmp"/>
    <property name="java.library.path" value="/usr/lib/jvm/java-1.8-openjdk/jre/lib/amd64/server:/usr/lib/jvm/java-1.8-openjdk/jre/lib/amd64:/usr/lib/jvm/java-1.8-openjdk/jre/../lib/amd64:/workdir/hadoop-ozone/integration-test/target/native/target/usr/local/lib:/workdir/hadoop-ozone/integration-test/../../hadoop-common-project/hadoop-common/target/native/target/usr/local/lib:/usr/java/packages/lib/amd64:/usr/lib64:/lib64:/lib:/usr/lib"/>
    <property name="java.vm.info" value="mixed mode"/>
    <property name="java.vendor" value="IcedTea"/>
    <property name="java.vm.version" value="25.212-b04"/>
    <property name="java.ext.dirs" value="/usr/lib/jvm/java-1.8-openjdk/jre/lib/ext:/usr/java/packages/lib/ext"/>
    <property name="sun.io.unicode.encoding" value="UnicodeLittle"/>
    <property name="java.class.version" value="52.0"/>
  </properties>
  <testcase name="testDeleteKeyWithSlowFollower" classname="org.apache.hadoop.ozone.client.rpc.TestDeleteWithSlowFollower" time="112.265">
    <failure type="java.lang.AssertionError">java.lang.AssertionError
	at org.junit.Assert.fail(Assert.java:86)
	at org.junit.Assert.assertTrue(Assert.java:41)
	at org.junit.Assert.assertTrue(Assert.java:52)
	at org.apache.hadoop.ozone.client.rpc.TestDeleteWithSlowFollower.testDeleteKeyWithSlowFollower(TestDeleteWithSlowFollower.java:239)
	at sun.reflect.NativeMethodAccessorImpl.invoke0(Native Method)
	at sun.reflect.NativeMethodAccessorImpl.invoke(NativeMethodAccessorImpl.java:62)
	at sun.reflect.DelegatingMethodAccessorImpl.invoke(DelegatingMethodAccessorImpl.java:43)
	at java.lang.reflect.Method.invoke(Method.java:498)
	at org.junit.runners.model.FrameworkMethod$1.runReflectiveCall(FrameworkMethod.java:47)
	at org.junit.internal.runners.model.ReflectiveCallable.run(ReflectiveCallable.java:12)
	at org.junit.runners.model.FrameworkMethod.invokeExplosively(FrameworkMethod.java:44)
	at org.junit.internal.runners.statements.InvokeMethod.evaluate(InvokeMethod.java:17)
	at org.junit.runners.ParentRunner.runLeaf(ParentRunner.java:271)
	at org.junit.runners.BlockJUnit4ClassRunner.runChild(BlockJUnit4ClassRunner.java:70)
	at org.junit.runners.BlockJUnit4ClassRunner.runChild(BlockJUnit4ClassRunner.java:50)
	at org.junit.runners.ParentRunner$3.run(ParentRunner.java:238)
	at org.junit.runners.ParentRunner$1.schedule(ParentRunner.java:63)
	at org.junit.runners.ParentRunner.runChildren(ParentRunner.java:236)
	at org.junit.runners.ParentRunner.access$000(ParentRunner.java:53)
	at org.junit.runners.ParentRunner$2.evaluate(ParentRunner.java:229)
	at org.junit.internal.runners.statements.RunBefores.evaluate(RunBefores.java:26)
	at org.junit.internal.runners.statements.RunAfters.evaluate(RunAfters.java:27)
	at org.junit.runners.ParentRunner.run(ParentRunner.java:309)
	at org.apache.maven.surefire.junit4.JUnit4Provider.execute(JUnit4Provider.java:365)
	at org.apache.maven.surefire.junit4.JUnit4Provider.executeWithRerun(JUnit4Provider.java:273)
	at org.apache.maven.surefire.junit4.JUnit4Provider.executeTestSet(JUnit4Provider.java:238)
	at org.apache.maven.surefire.junit4.JUnit4Provider.invoke(JUnit4Provider.java:159)
	at org.apache.maven.surefire.booter.ForkedBooter.invokeProviderInSameClassLoader(ForkedBooter.java:384)
	at org.apache.maven.surefire.booter.ForkedBooter.runSuitesInProcess(ForkedBooter.java:345)
	at org.apache.maven.surefire.booter.ForkedBooter.execute(ForkedBooter.java:126)
	at org.apache.maven.surefire.booter.ForkedBooter.main(ForkedBooter.java:418)
</failure>
    <system-out><![CDATA[2019-10-02 22:40:52,010 [main] WARN  server.ServerUtils (ServerUtils.java:getScmDbDir(145)) - ozone.scm.db.dirs is not configured. We recommend adding this setting. Falling back to ozone.metadata.dirs instead.
2019-10-02 22:40:52,147 [main] WARN  server.ServerUtils (ServerUtils.java:getScmDbDir(145)) - ozone.scm.db.dirs is not configured. We recommend adding this setting. Falling back to ozone.metadata.dirs instead.
2019-10-02 22:40:52,151 [main] WARN  server.ServerUtils (ServerUtils.java:getScmDbDir(145)) - ozone.scm.db.dirs is not configured. We recommend adding this setting. Falling back to ozone.metadata.dirs instead.
2019-10-02 22:40:52,172 [main] INFO  util.log (Log.java:initialized(192)) - Logging initialized @899ms
2019-10-02 22:40:52,275 [main] INFO  db.DBStoreBuilder (DBStoreBuilder.java:addTable(110)) - using custom profile for table: deletedBlocks
2019-10-02 22:40:52,275 [main] INFO  db.DBStoreBuilder (DBStoreBuilder.java:processTables(161)) - Using default column profile:DBProfile.DISK for Table:deletedBlocks
2019-10-02 22:40:52,276 [main] INFO  db.DBStoreBuilder (DBStoreBuilder.java:addTable(110)) - using custom profile for table: validCerts
2019-10-02 22:40:52,276 [main] INFO  db.DBStoreBuilder (DBStoreBuilder.java:processTables(161)) - Using default column profile:DBProfile.DISK for Table:validCerts
2019-10-02 22:40:52,276 [main] INFO  db.DBStoreBuilder (DBStoreBuilder.java:addTable(110)) - using custom profile for table: revokedCerts
2019-10-02 22:40:52,277 [main] INFO  db.DBStoreBuilder (DBStoreBuilder.java:processTables(161)) - Using default column profile:DBProfile.DISK for Table:revokedCerts
2019-10-02 22:40:52,289 [main] INFO  db.DBStoreBuilder (DBStoreBuilder.java:addTable(110)) - using custom profile for table: default
2019-10-02 22:40:52,289 [main] INFO  db.DBStoreBuilder (DBStoreBuilder.java:processTables(167)) - Using default column profile:DBProfile.DISK for Table:default
2019-10-02 22:40:52,290 [main] INFO  db.DBStoreBuilder (DBStoreBuilder.java:getDbProfile(198)) - Using default options. DBProfile.DISK
2019-10-02 22:40:52,667 [main] INFO  net.NodeSchemaLoader (NodeSchemaLoader.java:loadSchemaFromFile(125)) - Loading file from sun.misc.CompoundEnumeration@55141def
2019-10-02 22:40:52,668 [main] INFO  net.NodeSchemaLoader (NodeSchemaLoader.java:loadSchema(171)) - Loading network topology layer schema file
2019-10-02 22:40:52,738 [main] WARN  server.ServerUtils (ServerUtils.java:sanitizeUserArgs(70)) - ozone.scm.stale.node.interval value = 1000000 is larger than max = 100000 based on the key value of ozone.scm.heartbeat.thread.interval, reset to the max value 100000.
2019-10-02 22:40:52,740 [main] WARN  server.ServerUtils (ServerUtils.java:sanitizeUserArgs(70)) - ozone.scm.stale.node.interval value = 1000000 is larger than max = 100000 based on the key value of ozone.scm.heartbeat.thread.interval, reset to the max value 100000.
2019-10-02 22:40:52,743 [main] INFO  node.SCMNodeManager (SCMNodeManager.java:<init>(114)) - Entering startup safe mode.
2019-10-02 22:40:52,817 [main] INFO  algorithms.ContainerPlacementPolicyFactory (ContainerPlacementPolicyFactory.java:getPolicy(57)) - Create container placement policy of type org.apache.hadoop.hdds.scm.container.placement.algorithms.SCMContainerPlacementRandom
2019-10-02 22:40:52,832 [main] WARN  server.ServerUtils (ServerUtils.java:getScmDbDir(145)) - ozone.scm.db.dirs is not configured. We recommend adding this setting. Falling back to ozone.metadata.dirs instead.
2019-10-02 22:40:52,957 [main] INFO  pipeline.SCMPipelineManager (SCMPipelineManager.java:initializePipelineState(132)) - No pipeline exists in current db
2019-10-02 22:40:52,961 [main] WARN  server.ServerUtils (ServerUtils.java:getScmDbDir(145)) - ozone.scm.db.dirs is not configured. We recommend adding this setting. Falling back to ozone.metadata.dirs instead.
2019-10-02 22:40:53,127 [main] WARN  events.EventQueue (EventQueue.java:fireEvent(183)) - No event handler registered for event TypedEvent{payloadType=SafeModeStatus, name='SafeModeStatus'}
2019-10-02 22:40:53,499 [main] INFO  ipc.CallQueueManager (CallQueueManager.java:<init>(84)) - Using callQueue: class java.util.concurrent.LinkedBlockingQueue, queueCapacity: 2000, scheduler: class org.apache.hadoop.ipc.DefaultRpcScheduler, ipcBackoff: false.
2019-10-02 22:40:53,528 [Socket Reader #1 for port 38015] INFO  ipc.Server (Server.java:run(1074)) - Starting Socket Reader #1 for port 38015
2019-10-02 22:40:53,669 [main] INFO  ipc.CallQueueManager (CallQueueManager.java:<init>(84)) - Using callQueue: class java.util.concurrent.LinkedBlockingQueue, queueCapacity: 2000, scheduler: class org.apache.hadoop.ipc.DefaultRpcScheduler, ipcBackoff: false.
2019-10-02 22:40:53,670 [Socket Reader #1 for port 42439] INFO  ipc.Server (Server.java:run(1074)) - Starting Socket Reader #1 for port 42439
2019-10-02 22:40:53,679 [main] INFO  ipc.CallQueueManager (CallQueueManager.java:<init>(84)) - Using callQueue: class java.util.concurrent.LinkedBlockingQueue, queueCapacity: 2000, scheduler: class org.apache.hadoop.ipc.DefaultRpcScheduler, ipcBackoff: false.
2019-10-02 22:40:53,680 [Socket Reader #1 for port 34544] INFO  ipc.Server (Server.java:run(1074)) - Starting Socket Reader #1 for port 34544
2019-10-02 22:40:53,704 [main] INFO  hdfs.DFSUtil (DFSUtil.java:httpServerTemplateForNNAndJN(1641)) - Starting Web-server for scm at: http://0.0.0.0:0
2019-10-02 22:40:53,920 [main] INFO  server.AuthenticationFilter (AuthenticationFilter.java:constructSecretProvider(240)) - Unable to initialize FileSignerSecretProvider, falling back to use random secrets.
2019-10-02 22:40:53,929 [main] WARN  http.HttpRequestLog (HttpRequestLog.java:getRequestLog(97)) - Jetty request log can only be enabled using Log4j
2019-10-02 22:40:53,938 [main] INFO  http.HttpServer2 (HttpServer2.java:addGlobalFilter(975)) - Added global filter 'safety' (class=org.apache.hadoop.http.HttpServer2$QuotingInputFilter)
2019-10-02 22:40:53,941 [main] INFO  http.HttpServer2 (HttpServer2.java:addFilter(948)) - Added filter static_user_filter (class=org.apache.hadoop.http.lib.StaticUserWebFilter$StaticUserFilter) to context scm
2019-10-02 22:40:53,941 [main] INFO  http.HttpServer2 (HttpServer2.java:addFilter(958)) - Added filter static_user_filter (class=org.apache.hadoop.http.lib.StaticUserWebFilter$StaticUserFilter) to context static
2019-10-02 22:40:53,941 [main] INFO  http.HttpServer2 (HttpServer2.java:addFilter(958)) - Added filter static_user_filter (class=org.apache.hadoop.http.lib.StaticUserWebFilter$StaticUserFilter) to context logs
2019-10-02 22:40:53,974 [main] INFO  server.StorageContainerManager (StorageContainerManager.java:start(770)) - StorageContainerLocationProtocol RPC server is listening at /0.0.0.0:34544
2019-10-02 22:40:54,049 [main] WARN  impl.MetricsConfig (MetricsConfig.java:loadFirst(134)) - Cannot locate configuration: tried hadoop-metrics2-storagecontainermanager.properties,hadoop-metrics2.properties
2019-10-02 22:40:54,064 [main] INFO  impl.MetricsSystemImpl (MetricsSystemImpl.java:startTimer(374)) - Scheduled Metric snapshot period at 10 second(s).
2019-10-02 22:40:54,064 [main] INFO  impl.MetricsSystemImpl (MetricsSystemImpl.java:start(191)) - StorageContainerManager metrics system started
2019-10-02 22:40:54,362 [main] INFO  server.SCMClientProtocolServer (SCMClientProtocolServer.java:start(150)) - RPC server for Client  is listening at /0.0.0.0:34544
2019-10-02 22:40:54,362 [IPC Server Responder] INFO  ipc.Server (Server.java:run(1314)) - IPC Server Responder: starting
2019-10-02 22:40:54,362 [IPC Server listener on 34544] INFO  ipc.Server (Server.java:run(1153)) - IPC Server listener on 34544: starting
2019-10-02 22:40:54,365 [main] INFO  server.StorageContainerManager (StorageContainerManager.java:start(780)) - ScmBlockLocationProtocol RPC server is listening at /0.0.0.0:42439
2019-10-02 22:40:54,367 [main] INFO  server.SCMBlockProtocolServer (SCMBlockProtocolServer.java:start(146)) - RPC server for Block Protocol is listening at /0.0.0.0:42439
2019-10-02 22:40:54,367 [IPC Server Responder] INFO  ipc.Server (Server.java:run(1314)) - IPC Server Responder: starting
2019-10-02 22:40:54,367 [IPC Server listener on 42439] INFO  ipc.Server (Server.java:run(1153)) - IPC Server listener on 42439: starting
2019-10-02 22:40:54,370 [main] INFO  server.StorageContainerManager (StorageContainerManager.java:start(784)) - ScmDatanodeProtocl RPC server is listening at /0.0.0.0:38015
2019-10-02 22:40:54,370 [main] INFO  server.SCMDatanodeProtocolServer (SCMDatanodeProtocolServer.java:start(191)) - RPC server for DataNodes is listening at /0.0.0.0:38015
2019-10-02 22:40:54,370 [IPC Server Responder] INFO  ipc.Server (Server.java:run(1314)) - IPC Server Responder: starting
2019-10-02 22:40:54,370 [IPC Server listener on 38015] INFO  ipc.Server (Server.java:run(1153)) - IPC Server listener on 38015: starting
2019-10-02 22:40:54,374 [main] INFO  http.HttpServer2 (HttpServer2.java:bindListener(1191)) - Jetty bound to port 33187
2019-10-02 22:40:54,376 [main] INFO  server.Server (Server.java:doStart(351)) - jetty-9.3.25.v20180904, build timestamp: 2018-09-04T21:11:46Z, git hash: 3ce520221d0240229c862b122d2b06c12a625732
2019-10-02 22:40:54,418 [main] INFO  handler.ContextHandler (ContextHandler.java:doStart(781)) - Started o.e.j.s.ServletContextHandler@5e1fa5b1{/logs,file:///workdir/hadoop-ozone/integration-test/target/log,AVAILABLE}
2019-10-02 22:40:54,419 [main] INFO  handler.ContextHandler (ContextHandler.java:doStart(781)) - Started o.e.j.s.ServletContextHandler@2f17e30d{/static,file:///workdir/hadoop-ozone/integration-test/target/test-classes/webapps/static,AVAILABLE}
2019-10-02 22:40:54,469 [main] INFO  handler.ContextHandler (ContextHandler.java:doStart(781)) - Started o.e.j.w.WebAppContext@182f1e9a{/,file:///workdir/hadoop-ozone/integration-test/target/test-classes/webapps/scm/,AVAILABLE}{/scm}
2019-10-02 22:40:54,476 [main] INFO  server.AbstractConnector (AbstractConnector.java:doStart(278)) - Started ServerConnector@6f70f32f{HTTP/1.1,[http/1.1]}{0.0.0.0:33187}
2019-10-02 22:40:54,477 [main] INFO  server.Server (Server.java:doStart(419)) - Started @3205ms
2019-10-02 22:40:54,479 [main] INFO  impl.MetricsSinkAdapter (MetricsSinkAdapter.java:start(204)) - Sink prometheus started
2019-10-02 22:40:54,480 [main] INFO  impl.MetricsSystemImpl (MetricsSystemImpl.java:registerSink(301)) - Registered sink prometheus
2019-10-02 22:40:54,481 [main] INFO  server.BaseHttpServer (BaseHttpServer.java:updateConnectorAddress(215)) - HTTP server of SCM is listening at http://0.0.0.0:33187
2019-10-02 22:40:54,489 [org.apache.hadoop.util.JvmPauseMonitor$Monitor@56102e1c] INFO  util.JvmPauseMonitor (JvmPauseMonitor.java:run(188)) - Starting JVM pause monitor
2019-10-02 22:40:54,493 [main] WARN  server.ServerUtils (ServerUtils.java:getDBPath(222)) - ozone.om.db.dirs is not configured. We recommend adding this setting. Falling back to ozone.metadata.dirs instead.
2019-10-02 22:40:54,666 [main] WARN  server.ServerUtils (ServerUtils.java:getDBPath(222)) - ozone.om.db.dirs is not configured. We recommend adding this setting. Falling back to ozone.metadata.dirs instead.
2019-10-02 22:40:54,667 [main] WARN  server.ServerUtils (ServerUtils.java:getDBPath(222)) - ozone.om.db.dirs is not configured. We recommend adding this setting. Falling back to ozone.metadata.dirs instead.
2019-10-02 22:40:54,668 [main] INFO  om.OzoneManager (OzoneManager.java:setOMNodeDetails(652)) - OM Service ID is not set. Setting it to the default ID: omServiceIdDefault
2019-10-02 22:40:54,668 [main] INFO  om.OzoneManager (OzoneManager.java:setOMNodeDetails(658)) - OM Node ID is not set. Setting it to the OmStorage's OmID: a3c20a5b-5d82-4fbc-93b1-6fd758a6573e
2019-10-02 22:40:54,670 [main] INFO  om.OzoneManager (OzoneManager.java:loadOMHAConfigs(609)) - Found matching OM address with OMServiceId: null, OMNodeId: null, RPC Address: localhost:0 and Ratis port: 9872
2019-10-02 22:40:55,439 [main] WARN  server.ServerUtils (ServerUtils.java:getDBPath(222)) - ozone.om.db.dirs is not configured. We recommend adding this setting. Falling back to ozone.metadata.dirs instead.
2019-10-02 22:40:55,448 [main] INFO  db.DBStoreBuilder (DBStoreBuilder.java:addTable(110)) - using custom profile for table: userTable
2019-10-02 22:40:55,448 [main] INFO  db.DBStoreBuilder (DBStoreBuilder.java:processTables(161)) - Using default column profile:DBProfile.DISK for Table:userTable
2019-10-02 22:40:55,448 [main] INFO  db.DBStoreBuilder (DBStoreBuilder.java:addTable(110)) - using custom profile for table: volumeTable
2019-10-02 22:40:55,449 [main] INFO  db.DBStoreBuilder (DBStoreBuilder.java:processTables(161)) - Using default column profile:DBProfile.DISK for Table:volumeTable
2019-10-02 22:40:55,449 [main] INFO  db.DBStoreBuilder (DBStoreBuilder.java:addTable(110)) - using custom profile for table: bucketTable
2019-10-02 22:40:55,449 [main] INFO  db.DBStoreBuilder (DBStoreBuilder.java:processTables(161)) - Using default column profile:DBProfile.DISK for Table:bucketTable
2019-10-02 22:40:55,449 [main] INFO  db.DBStoreBuilder (DBStoreBuilder.java:addTable(110)) - using custom profile for table: keyTable
2019-10-02 22:40:55,450 [main] INFO  db.DBStoreBuilder (DBStoreBuilder.java:processTables(161)) - Using default column profile:DBProfile.DISK for Table:keyTable
2019-10-02 22:40:55,450 [main] INFO  db.DBStoreBuilder (DBStoreBuilder.java:addTable(110)) - using custom profile for table: deletedTable
2019-10-02 22:40:55,450 [main] INFO  db.DBStoreBuilder (DBStoreBuilder.java:processTables(161)) - Using default column profile:DBProfile.DISK for Table:deletedTable
2019-10-02 22:40:55,450 [main] INFO  db.DBStoreBuilder (DBStoreBuilder.java:addTable(110)) - using custom profile for table: openKeyTable
2019-10-02 22:40:55,451 [main] INFO  db.DBStoreBuilder (DBStoreBuilder.java:processTables(161)) - Using default column profile:DBProfile.DISK for Table:openKeyTable
2019-10-02 22:40:55,451 [main] INFO  db.DBStoreBuilder (DBStoreBuilder.java:addTable(110)) - using custom profile for table: s3Table
2019-10-02 22:40:55,451 [main] INFO  db.DBStoreBuilder (DBStoreBuilder.java:processTables(161)) - Using default column profile:DBProfile.DISK for Table:s3Table
2019-10-02 22:40:55,451 [main] INFO  db.DBStoreBuilder (DBStoreBuilder.java:addTable(110)) - using custom profile for table: multipartInfoTable
2019-10-02 22:40:55,452 [main] INFO  db.DBStoreBuilder (DBStoreBuilder.java:processTables(161)) - Using default column profile:DBProfile.DISK for Table:multipartInfoTable
2019-10-02 22:40:55,452 [main] INFO  db.DBStoreBuilder (DBStoreBuilder.java:addTable(110)) - using custom profile for table: dTokenTable
2019-10-02 22:40:55,452 [main] INFO  db.DBStoreBuilder (DBStoreBuilder.java:processTables(161)) - Using default column profile:DBProfile.DISK for Table:dTokenTable
2019-10-02 22:40:55,452 [main] INFO  db.DBStoreBuilder (DBStoreBuilder.java:addTable(110)) - using custom profile for table: s3SecretTable
2019-10-02 22:40:55,453 [main] INFO  db.DBStoreBuilder (DBStoreBuilder.java:processTables(161)) - Using default column profile:DBProfile.DISK for Table:s3SecretTable
2019-10-02 22:40:55,453 [main] INFO  db.DBStoreBuilder (DBStoreBuilder.java:addTable(110)) - using custom profile for table: prefixTable
2019-10-02 22:40:55,453 [main] INFO  db.DBStoreBuilder (DBStoreBuilder.java:processTables(161)) - Using default column profile:DBProfile.DISK for Table:prefixTable
2019-10-02 22:40:55,453 [main] INFO  db.DBStoreBuilder (DBStoreBuilder.java:addTable(110)) - using custom profile for table: default
2019-10-02 22:40:55,454 [main] INFO  db.DBStoreBuilder (DBStoreBuilder.java:processTables(167)) - Using default column profile:DBProfile.DISK for Table:default
2019-10-02 22:40:55,454 [main] INFO  db.DBStoreBuilder (DBStoreBuilder.java:getDbProfile(198)) - Using default options. DBProfile.DISK
2019-10-02 22:40:56,231 [main] INFO  ipc.CallQueueManager (CallQueueManager.java:<init>(84)) - Using callQueue: class java.util.concurrent.LinkedBlockingQueue, queueCapacity: 2000, scheduler: class org.apache.hadoop.ipc.DefaultRpcScheduler, ipcBackoff: false.
2019-10-02 22:40:56,233 [Socket Reader #1 for port 35467] INFO  ipc.Server (Server.java:run(1074)) - Starting Socket Reader #1 for port 35467
2019-10-02 22:40:56,255 [main] INFO  om.OzoneManager (OzoneManager.java:start(1243)) - OzoneManager RPC server is listening at localhost/127.0.0.1:35467
2019-10-02 22:40:56,255 [main] INFO  impl.MetricsSystemImpl (MetricsSystemImpl.java:init(158)) - OzoneManager metrics system started (again)
2019-10-02 22:40:56,256 [IPC Server Responder] INFO  ipc.Server (Server.java:run(1314)) - IPC Server Responder: starting
2019-10-02 22:40:56,257 [IPC Server listener on 35467] INFO  ipc.Server (Server.java:run(1153)) - IPC Server listener on 35467: starting
2019-10-02 22:40:56,263 [main] INFO  hdfs.DFSUtil (DFSUtil.java:httpServerTemplateForNNAndJN(1641)) - Starting Web-server for ozoneManager at: http://0.0.0.0:0
2019-10-02 22:40:56,265 [main] INFO  server.AuthenticationFilter (AuthenticationFilter.java:constructSecretProvider(240)) - Unable to initialize FileSignerSecretProvider, falling back to use random secrets.
2019-10-02 22:40:56,266 [main] WARN  http.HttpRequestLog (HttpRequestLog.java:getRequestLog(97)) - Jetty request log can only be enabled using Log4j
2019-10-02 22:40:56,268 [main] INFO  http.HttpServer2 (HttpServer2.java:addGlobalFilter(975)) - Added global filter 'safety' (class=org.apache.hadoop.http.HttpServer2$QuotingInputFilter)
2019-10-02 22:40:56,269 [main] INFO  http.HttpServer2 (HttpServer2.java:addFilter(948)) - Added filter static_user_filter (class=org.apache.hadoop.http.lib.StaticUserWebFilter$StaticUserFilter) to context ozoneManager
2019-10-02 22:40:56,269 [main] INFO  http.HttpServer2 (HttpServer2.java:addFilter(958)) - Added filter static_user_filter (class=org.apache.hadoop.http.lib.StaticUserWebFilter$StaticUserFilter) to context logs
2019-10-02 22:40:56,269 [main] INFO  http.HttpServer2 (HttpServer2.java:addFilter(958)) - Added filter static_user_filter (class=org.apache.hadoop.http.lib.StaticUserWebFilter$StaticUserFilter) to context static
2019-10-02 22:40:56,272 [main] INFO  http.HttpServer2 (HttpServer2.java:bindListener(1191)) - Jetty bound to port 35554
2019-10-02 22:40:56,272 [main] INFO  server.Server (Server.java:doStart(351)) - jetty-9.3.25.v20180904, build timestamp: 2018-09-04T21:11:46Z, git hash: 3ce520221d0240229c862b122d2b06c12a625732
2019-10-02 22:40:56,274 [main] INFO  handler.ContextHandler (ContextHandler.java:doStart(781)) - Started o.e.j.s.ServletContextHandler@629f066f{/logs,file:///workdir/hadoop-ozone/integration-test/target/log,AVAILABLE}
2019-10-02 22:40:56,274 [main] INFO  handler.ContextHandler (ContextHandler.java:doStart(781)) - Started o.e.j.s.ServletContextHandler@ecfbe91{/static,file:///workdir/hadoop-ozone/integration-test/target/test-classes/webapps/static,AVAILABLE}
2019-10-02 22:40:56,280 [main] INFO  handler.ContextHandler (ContextHandler.java:doStart(781)) - Started o.e.j.w.WebAppContext@7ca0863b{/,file:///workdir/hadoop-ozone/integration-test/target/test-classes/webapps/ozoneManager/,AVAILABLE}{/ozoneManager}
2019-10-02 22:40:56,281 [main] INFO  server.AbstractConnector (AbstractConnector.java:doStart(278)) - Started ServerConnector@319854f0{HTTP/1.1,[http/1.1]}{0.0.0.0:35554}
2019-10-02 22:40:56,282 [main] INFO  server.Server (Server.java:doStart(419)) - Started @5010ms
2019-10-02 22:40:56,282 [main] WARN  impl.MetricsSystemImpl (MetricsSystemImpl.java:register(276)) - Sink prometheus already exists!
2019-10-02 22:40:56,283 [main] INFO  server.BaseHttpServer (BaseHttpServer.java:updateConnectorAddress(215)) - HTTP server of OZONEMANAGER is listening at http://0.0.0.0:35554
2019-10-02 22:40:56,619 [main] INFO  impl.MetricsSystemImpl (MetricsSystemImpl.java:init(158)) - HddsDatanode metrics system started (again)
2019-10-02 22:40:56,683 [main] INFO  ozone.HddsDatanodeService (HddsDatanodeService.java:start(184)) - HddsDatanodeService host:pr-hdds1737-lts7z-2510321508 ip:192.168.30.30
2019-10-02 22:40:56,719 [main] INFO  volume.HddsVolume (HddsVolume.java:<init>(176)) - Creating Volume: /workdir/hadoop-ozone/integration-test/target/test-dir/MiniOzoneClusterImpl-1280a0b3-f878-4ca8-95ef-4ba9662d664b/datanode-0/data/containers/hdds of  storage type : DISK and capacity : 1482555576320
2019-10-02 22:40:56,721 [main] INFO  volume.VolumeSet (VolumeSet.java:initializeVolumeSet(170)) - Added Volume : /workdir/hadoop-ozone/integration-test/target/test-dir/MiniOzoneClusterImpl-1280a0b3-f878-4ca8-95ef-4ba9662d664b/datanode-0/data/containers/hdds to VolumeSet
2019-10-02 22:40:56,724 [main] INFO  volume.ThrottledAsyncChecker (ThrottledAsyncChecker.java:schedule(139)) - Scheduling a check for org.apache.hadoop.ozone.container.common.volume.HddsVolume@3fdecce
2019-10-02 22:40:56,749 [main] INFO  volume.HddsVolumeChecker (HddsVolumeChecker.java:checkAllVolumes(202)) - Scheduled health check for volume org.apache.hadoop.ozone.container.common.volume.HddsVolume@3fdecce
2019-10-02 22:40:56,878 [main] INFO  impl.RaftServerProxy (ConfUtils.java:logGet(43)) - raft.rpc.type = GRPC (default)
2019-10-02 22:40:56,949 [main] INFO  grpc.GrpcFactory (GrpcFactory.java:checkPooledByteBufAllocatorUseCacheForAllThreads(45)) - PERFORMANCE WARNING: useCacheForAllThreads is true that may cause Netty to create a lot garbage objects and, as a result, trigger GC.
	It is recommended to disable useCacheForAllThreads by setting -Dorg.apache.ratis.thirdparty.io.netty.allocator.useCacheForAllThreads=false in command line.
2019-10-02 22:40:56,954 [main] INFO  grpc.GrpcConfigKeys$Server (ConfUtils.java:logGet(43)) - raft.grpc.server.port = 0 (default)
2019-10-02 22:40:56,955 [main] INFO  server.GrpcService (ConfUtils.java:logGet(43)) - raft.grpc.message.size.max = 33570816 (custom)
2019-10-02 22:40:56,957 [main] INFO  server.RaftServerConfigKeys (ConfUtils.java:logGet(43)) - raft.server.log.appender.buffer.byte-limit = 33554432 (custom)
2019-10-02 22:40:56,958 [main] INFO  server.GrpcService (ConfUtils.java:logGet(43)) - raft.grpc.flow.control.window = 1MB (=1048576) (default)
2019-10-02 22:40:56,959 [main] INFO  server.RaftServerConfigKeys (ConfUtils.java:logGet(43)) - raft.server.rpc.request.timeout = 3000ms (default)
2019-10-02 22:40:57,135 [main] INFO  server.RaftServerConfigKeys (ConfUtils.java:logGet(43)) - raft.server.storage.dir = [/workdir/hadoop-ozone/integration-test/target/test-dir/MiniOzoneClusterImpl-1280a0b3-f878-4ca8-95ef-4ba9662d664b/datanode-0/data/ratis] (custom)
2019-10-02 22:40:57,191 [main] INFO  hdfs.DFSUtil (DFSUtil.java:httpServerTemplateForNNAndJN(1641)) - Starting Web-server for hddsDatanode at: http://0.0.0.0:0
2019-10-02 22:40:57,194 [main] INFO  server.AuthenticationFilter (AuthenticationFilter.java:constructSecretProvider(240)) - Unable to initialize FileSignerSecretProvider, falling back to use random secrets.
2019-10-02 22:40:57,195 [main] WARN  http.HttpRequestLog (HttpRequestLog.java:getRequestLog(97)) - Jetty request log can only be enabled using Log4j
2019-10-02 22:40:57,196 [main] INFO  http.HttpServer2 (HttpServer2.java:addGlobalFilter(975)) - Added global filter 'safety' (class=org.apache.hadoop.http.HttpServer2$QuotingInputFilter)
2019-10-02 22:40:57,197 [main] INFO  http.HttpServer2 (HttpServer2.java:addFilter(948)) - Added filter static_user_filter (class=org.apache.hadoop.http.lib.StaticUserWebFilter$StaticUserFilter) to context hddsDatanode
2019-10-02 22:40:57,197 [main] INFO  http.HttpServer2 (HttpServer2.java:addFilter(958)) - Added filter static_user_filter (class=org.apache.hadoop.http.lib.StaticUserWebFilter$StaticUserFilter) to context logs
2019-10-02 22:40:57,198 [main] INFO  http.HttpServer2 (HttpServer2.java:addFilter(958)) - Added filter static_user_filter (class=org.apache.hadoop.http.lib.StaticUserWebFilter$StaticUserFilter) to context static
2019-10-02 22:40:57,199 [main] INFO  http.HttpServer2 (HttpServer2.java:bindListener(1191)) - Jetty bound to port 44156
2019-10-02 22:40:57,199 [main] INFO  server.Server (Server.java:doStart(351)) - jetty-9.3.25.v20180904, build timestamp: 2018-09-04T21:11:46Z, git hash: 3ce520221d0240229c862b122d2b06c12a625732
2019-10-02 22:40:57,201 [main] INFO  handler.ContextHandler (ContextHandler.java:doStart(781)) - Started o.e.j.s.ServletContextHandler@43045f9f{/logs,file:///workdir/hadoop-ozone/integration-test/target/log,AVAILABLE}
2019-10-02 22:40:57,202 [main] INFO  handler.ContextHandler (ContextHandler.java:doStart(781)) - Started o.e.j.s.ServletContextHandler@6403e24c{/static,jar:file:/home/user/.m2/repository/org/apache/hadoop/hadoop-hdds-container-service/0.5.0-SNAPSHOT/hadoop-hdds-container-service-0.5.0-SNAPSHOT.jar!/webapps/static,AVAILABLE}
2019-10-02 22:40:57,235 [main] INFO  handler.ContextHandler (ContextHandler.java:doStart(781)) - Started o.e.j.w.WebAppContext@5df778c3{/,file:///tmp/jetty-0.0.0.0-44156-hddsDatanode-_-any-4354114851442251732.dir/webapp/,AVAILABLE}{/hddsDatanode}
2019-10-02 22:40:57,236 [main] INFO  server.AbstractConnector (AbstractConnector.java:doStart(278)) - Started ServerConnector@895416d{HTTP/1.1,[http/1.1]}{0.0.0.0:44156}
2019-10-02 22:40:57,237 [main] INFO  server.Server (Server.java:doStart(419)) - Started @5965ms
2019-10-02 22:40:57,237 [main] WARN  impl.MetricsSystemImpl (MetricsSystemImpl.java:register(276)) - Sink prometheus already exists!
2019-10-02 22:40:57,239 [main] INFO  server.BaseHttpServer (BaseHttpServer.java:updateConnectorAddress(215)) - HTTP server of HDDSDATANODE is listening at http://0.0.0.0:44156
2019-10-02 22:40:57,240 [main] INFO  impl.MetricsSystemImpl (MetricsSystemImpl.java:init(158)) - HddsDatanode metrics system started (again)
2019-10-02 22:40:57,243 [main] INFO  ozone.HddsDatanodeService (HddsDatanodeService.java:start(184)) - HddsDatanodeService host:pr-hdds1737-lts7z-2510321508 ip:192.168.30.30
2019-10-02 22:40:57,246 [org.apache.hadoop.util.JvmPauseMonitor$Monitor@2dcb16cc] INFO  util.JvmPauseMonitor (JvmPauseMonitor.java:run(188)) - Starting JVM pause monitor
2019-10-02 22:40:57,253 [main] INFO  volume.HddsVolume (HddsVolume.java:<init>(176)) - Creating Volume: /workdir/hadoop-ozone/integration-test/target/test-dir/MiniOzoneClusterImpl-1280a0b3-f878-4ca8-95ef-4ba9662d664b/datanode-1/data/containers/hdds of  storage type : DISK and capacity : 1482555576320
2019-10-02 22:40:57,254 [main] INFO  volume.VolumeSet (VolumeSet.java:initializeVolumeSet(170)) - Added Volume : /workdir/hadoop-ozone/integration-test/target/test-dir/MiniOzoneClusterImpl-1280a0b3-f878-4ca8-95ef-4ba9662d664b/datanode-1/data/containers/hdds to VolumeSet
2019-10-02 22:40:57,254 [main] INFO  volume.ThrottledAsyncChecker (ThrottledAsyncChecker.java:schedule(139)) - Scheduling a check for org.apache.hadoop.ozone.container.common.volume.HddsVolume@22a6e998
2019-10-02 22:40:57,255 [main] INFO  volume.HddsVolumeChecker (HddsVolumeChecker.java:checkAllVolumes(202)) - Scheduled health check for volume org.apache.hadoop.ozone.container.common.volume.HddsVolume@22a6e998
2019-10-02 22:40:57,276 [main] INFO  impl.RaftServerProxy (ConfUtils.java:logGet(43)) - raft.rpc.type = GRPC (default)
2019-10-02 22:40:57,276 [main] INFO  grpc.GrpcFactory (GrpcFactory.java:checkPooledByteBufAllocatorUseCacheForAllThreads(45)) - PERFORMANCE WARNING: useCacheForAllThreads is true that may cause Netty to create a lot garbage objects and, as a result, trigger GC.
	It is recommended to disable useCacheForAllThreads by setting -Dorg.apache.ratis.thirdparty.io.netty.allocator.useCacheForAllThreads=false in command line.
2019-10-02 22:40:57,277 [main] INFO  grpc.GrpcConfigKeys$Server (ConfUtils.java:logGet(43)) - raft.grpc.server.port = 0 (default)
2019-10-02 22:40:57,277 [main] INFO  server.GrpcService (ConfUtils.java:logGet(43)) - raft.grpc.message.size.max = 33570816 (custom)
2019-10-02 22:40:57,278 [main] INFO  server.RaftServerConfigKeys (ConfUtils.java:logGet(43)) - raft.server.log.appender.buffer.byte-limit = 33554432 (custom)
2019-10-02 22:40:57,278 [main] INFO  server.GrpcService (ConfUtils.java:logGet(43)) - raft.grpc.flow.control.window = 1MB (=1048576) (default)
2019-10-02 22:40:57,278 [main] INFO  server.RaftServerConfigKeys (ConfUtils.java:logGet(43)) - raft.server.rpc.request.timeout = 3000ms (default)
2019-10-02 22:40:57,279 [main] INFO  server.RaftServerConfigKeys (ConfUtils.java:logGet(43)) - raft.server.storage.dir = [/workdir/hadoop-ozone/integration-test/target/test-dir/MiniOzoneClusterImpl-1280a0b3-f878-4ca8-95ef-4ba9662d664b/datanode-1/data/ratis] (custom)
2019-10-02 22:40:57,281 [main] INFO  hdfs.DFSUtil (DFSUtil.java:httpServerTemplateForNNAndJN(1641)) - Starting Web-server for hddsDatanode at: http://0.0.0.0:0
2019-10-02 22:40:57,283 [main] INFO  server.AuthenticationFilter (AuthenticationFilter.java:constructSecretProvider(240)) - Unable to initialize FileSignerSecretProvider, falling back to use random secrets.
2019-10-02 22:40:57,284 [main] WARN  http.HttpRequestLog (HttpRequestLog.java:getRequestLog(97)) - Jetty request log can only be enabled using Log4j
2019-10-02 22:40:57,286 [main] INFO  http.HttpServer2 (HttpServer2.java:addGlobalFilter(975)) - Added global filter 'safety' (class=org.apache.hadoop.http.HttpServer2$QuotingInputFilter)
2019-10-02 22:40:57,287 [main] INFO  http.HttpServer2 (HttpServer2.java:addFilter(948)) - Added filter static_user_filter (class=org.apache.hadoop.http.lib.StaticUserWebFilter$StaticUserFilter) to context hddsDatanode
2019-10-02 22:40:57,288 [main] INFO  http.HttpServer2 (HttpServer2.java:addFilter(958)) - Added filter static_user_filter (class=org.apache.hadoop.http.lib.StaticUserWebFilter$StaticUserFilter) to context logs
2019-10-02 22:40:57,288 [main] INFO  http.HttpServer2 (HttpServer2.java:addFilter(958)) - Added filter static_user_filter (class=org.apache.hadoop.http.lib.StaticUserWebFilter$StaticUserFilter) to context static
2019-10-02 22:40:57,289 [main] INFO  http.HttpServer2 (HttpServer2.java:bindListener(1191)) - Jetty bound to port 42580
2019-10-02 22:40:57,289 [main] INFO  server.Server (Server.java:doStart(351)) - jetty-9.3.25.v20180904, build timestamp: 2018-09-04T21:11:46Z, git hash: 3ce520221d0240229c862b122d2b06c12a625732
2019-10-02 22:40:57,293 [main] INFO  handler.ContextHandler (ContextHandler.java:doStart(781)) - Started o.e.j.s.ServletContextHandler@a9f023e{/logs,file:///workdir/hadoop-ozone/integration-test/target/log,AVAILABLE}
2019-10-02 22:40:57,293 [main] INFO  handler.ContextHandler (ContextHandler.java:doStart(781)) - Started o.e.j.s.ServletContextHandler@4b200971{/static,jar:file:/home/user/.m2/repository/org/apache/hadoop/hadoop-hdds-container-service/0.5.0-SNAPSHOT/hadoop-hdds-container-service-0.5.0-SNAPSHOT.jar!/webapps/static,AVAILABLE}
2019-10-02 22:40:57,337 [main] INFO  handler.ContextHandler (ContextHandler.java:doStart(781)) - Started o.e.j.w.WebAppContext@337bbfdf{/,file:///tmp/jetty-0.0.0.0-42580-hddsDatanode-_-any-3231232969895648350.dir/webapp/,AVAILABLE}{/hddsDatanode}
2019-10-02 22:40:57,340 [main] INFO  server.AbstractConnector (AbstractConnector.java:doStart(278)) - Started ServerConnector@52d97ab6{HTTP/1.1,[http/1.1]}{0.0.0.0:42580}
2019-10-02 22:40:57,341 [main] INFO  server.Server (Server.java:doStart(419)) - Started @6069ms
2019-10-02 22:40:57,342 [main] WARN  impl.MetricsSystemImpl (MetricsSystemImpl.java:register(276)) - Sink prometheus already exists!
2019-10-02 22:40:57,343 [main] INFO  server.BaseHttpServer (BaseHttpServer.java:updateConnectorAddress(215)) - HTTP server of HDDSDATANODE is listening at http://0.0.0.0:42580
2019-10-02 22:40:57,343 [main] INFO  impl.MetricsSystemImpl (MetricsSystemImpl.java:init(158)) - HddsDatanode metrics system started (again)
2019-10-02 22:40:57,346 [org.apache.hadoop.util.JvmPauseMonitor$Monitor@4a4d22d4] INFO  util.JvmPauseMonitor (JvmPauseMonitor.java:run(188)) - Starting JVM pause monitor
2019-10-02 22:40:57,348 [main] INFO  ozone.HddsDatanodeService (HddsDatanodeService.java:start(184)) - HddsDatanodeService host:pr-hdds1737-lts7z-2510321508 ip:192.168.30.30
2019-10-02 22:40:57,356 [main] INFO  volume.HddsVolume (HddsVolume.java:<init>(176)) - Creating Volume: /workdir/hadoop-ozone/integration-test/target/test-dir/MiniOzoneClusterImpl-1280a0b3-f878-4ca8-95ef-4ba9662d664b/datanode-2/data/containers/hdds of  storage type : DISK and capacity : 1482555576320
2019-10-02 22:40:57,357 [main] INFO  volume.VolumeSet (VolumeSet.java:initializeVolumeSet(170)) - Added Volume : /workdir/hadoop-ozone/integration-test/target/test-dir/MiniOzoneClusterImpl-1280a0b3-f878-4ca8-95ef-4ba9662d664b/datanode-2/data/containers/hdds to VolumeSet
2019-10-02 22:40:57,357 [main] INFO  volume.ThrottledAsyncChecker (ThrottledAsyncChecker.java:schedule(139)) - Scheduling a check for org.apache.hadoop.ozone.container.common.volume.HddsVolume@65e21ce3
2019-10-02 22:40:57,357 [main] INFO  volume.HddsVolumeChecker (HddsVolumeChecker.java:checkAllVolumes(202)) - Scheduled health check for volume org.apache.hadoop.ozone.container.common.volume.HddsVolume@65e21ce3
2019-10-02 22:40:57,366 [Datanode State Machine Thread - 0] INFO  datanode.InitDatanodeState (InitDatanodeState.java:persistContainerDatanodeDetails(140)) - DatanodeDetails is persisted to /workdir/hadoop-ozone/integration-test/target/test-dir/MiniOzoneClusterImpl-1280a0b3-f878-4ca8-95ef-4ba9662d664b/datanode-0/meta/datanode.id
2019-10-02 22:40:57,371 [Datanode State Machine Thread - 0] INFO  datanode.InitDatanodeState (InitDatanodeState.java:persistContainerDatanodeDetails(140)) - DatanodeDetails is persisted to /workdir/hadoop-ozone/integration-test/target/test-dir/MiniOzoneClusterImpl-1280a0b3-f878-4ca8-95ef-4ba9662d664b/datanode-1/meta/datanode.id
2019-10-02 22:40:57,377 [main] INFO  impl.RaftServerProxy (ConfUtils.java:logGet(43)) - raft.rpc.type = GRPC (default)
2019-10-02 22:40:57,377 [main] INFO  grpc.GrpcFactory (GrpcFactory.java:checkPooledByteBufAllocatorUseCacheForAllThreads(45)) - PERFORMANCE WARNING: useCacheForAllThreads is true that may cause Netty to create a lot garbage objects and, as a result, trigger GC.
	It is recommended to disable useCacheForAllThreads by setting -Dorg.apache.ratis.thirdparty.io.netty.allocator.useCacheForAllThreads=false in command line.
2019-10-02 22:40:57,377 [main] INFO  grpc.GrpcConfigKeys$Server (ConfUtils.java:logGet(43)) - raft.grpc.server.port = 0 (default)
2019-10-02 22:40:57,378 [main] INFO  server.GrpcService (ConfUtils.java:logGet(43)) - raft.grpc.message.size.max = 33570816 (custom)
2019-10-02 22:40:57,378 [main] INFO  server.RaftServerConfigKeys (ConfUtils.java:logGet(43)) - raft.server.log.appender.buffer.byte-limit = 33554432 (custom)
2019-10-02 22:40:57,378 [main] INFO  server.GrpcService (ConfUtils.java:logGet(43)) - raft.grpc.flow.control.window = 1MB (=1048576) (default)
2019-10-02 22:40:57,378 [main] INFO  server.RaftServerConfigKeys (ConfUtils.java:logGet(43)) - raft.server.rpc.request.timeout = 3000ms (default)
2019-10-02 22:40:57,379 [main] INFO  server.RaftServerConfigKeys (ConfUtils.java:logGet(43)) - raft.server.storage.dir = [/workdir/hadoop-ozone/integration-test/target/test-dir/MiniOzoneClusterImpl-1280a0b3-f878-4ca8-95ef-4ba9662d664b/datanode-2/data/ratis] (custom)
2019-10-02 22:40:57,381 [main] INFO  hdfs.DFSUtil (DFSUtil.java:httpServerTemplateForNNAndJN(1641)) - Starting Web-server for hddsDatanode at: http://0.0.0.0:0
2019-10-02 22:40:57,383 [main] INFO  server.AuthenticationFilter (AuthenticationFilter.java:constructSecretProvider(240)) - Unable to initialize FileSignerSecretProvider, falling back to use random secrets.
2019-10-02 22:40:57,383 [main] WARN  http.HttpRequestLog (HttpRequestLog.java:getRequestLog(97)) - Jetty request log can only be enabled using Log4j
2019-10-02 22:40:57,385 [main] INFO  http.HttpServer2 (HttpServer2.java:addGlobalFilter(975)) - Added global filter 'safety' (class=org.apache.hadoop.http.HttpServer2$QuotingInputFilter)
2019-10-02 22:40:57,386 [main] INFO  http.HttpServer2 (HttpServer2.java:addFilter(948)) - Added filter static_user_filter (class=org.apache.hadoop.http.lib.StaticUserWebFilter$StaticUserFilter) to context hddsDatanode
2019-10-02 22:40:57,386 [main] INFO  http.HttpServer2 (HttpServer2.java:addFilter(958)) - Added filter static_user_filter (class=org.apache.hadoop.http.lib.StaticUserWebFilter$StaticUserFilter) to context static
2019-10-02 22:40:57,386 [main] INFO  http.HttpServer2 (HttpServer2.java:addFilter(958)) - Added filter static_user_filter (class=org.apache.hadoop.http.lib.StaticUserWebFilter$StaticUserFilter) to context logs
2019-10-02 22:40:57,387 [main] INFO  http.HttpServer2 (HttpServer2.java:bindListener(1191)) - Jetty bound to port 43469
2019-10-02 22:40:57,387 [main] INFO  server.Server (Server.java:doStart(351)) - jetty-9.3.25.v20180904, build timestamp: 2018-09-04T21:11:46Z, git hash: 3ce520221d0240229c862b122d2b06c12a625732
2019-10-02 22:40:57,389 [main] INFO  handler.ContextHandler (ContextHandler.java:doStart(781)) - Started o.e.j.s.ServletContextHandler@7100dea{/logs,file:///workdir/hadoop-ozone/integration-test/target/log,AVAILABLE}
2019-10-02 22:40:57,389 [main] INFO  handler.ContextHandler (ContextHandler.java:doStart(781)) - Started o.e.j.s.ServletContextHandler@32e54a9d{/static,jar:file:/home/user/.m2/repository/org/apache/hadoop/hadoop-hdds-container-service/0.5.0-SNAPSHOT/hadoop-hdds-container-service-0.5.0-SNAPSHOT.jar!/webapps/static,AVAILABLE}
2019-10-02 22:40:57,422 [main] INFO  handler.ContextHandler (ContextHandler.java:doStart(781)) - Started o.e.j.w.WebAppContext@588f63c{/,file:///tmp/jetty-0.0.0.0-43469-hddsDatanode-_-any-2837746662810312021.dir/webapp/,AVAILABLE}{/hddsDatanode}
2019-10-02 22:40:57,424 [main] INFO  server.AbstractConnector (AbstractConnector.java:doStart(278)) - Started ServerConnector@5a6fa56e{HTTP/1.1,[http/1.1]}{0.0.0.0:43469}
2019-10-02 22:40:57,427 [main] INFO  server.Server (Server.java:doStart(419)) - Started @6155ms
2019-10-02 22:40:57,427 [main] WARN  impl.MetricsSystemImpl (MetricsSystemImpl.java:register(276)) - Sink prometheus already exists!
2019-10-02 22:40:57,429 [main] INFO  server.BaseHttpServer (BaseHttpServer.java:updateConnectorAddress(215)) - HTTP server of HDDSDATANODE is listening at http://0.0.0.0:43469
2019-10-02 22:40:57,431 [main] INFO  ozone.MiniOzoneClusterImpl (MiniOzoneClusterImpl.java:lambda$waitForClusterToBeReady$0(147)) - Waiting for cluster to be ready. Got 0 of 3 DN Heartbeats.
2019-10-02 22:40:57,434 [org.apache.hadoop.util.JvmPauseMonitor$Monitor@73a02850] INFO  util.JvmPauseMonitor (JvmPauseMonitor.java:run(188)) - Starting JVM pause monitor
2019-10-02 22:40:57,506 [Datanode State Machine Thread - 0] INFO  datanode.InitDatanodeState (InitDatanodeState.java:persistContainerDatanodeDetails(140)) - DatanodeDetails is persisted to /workdir/hadoop-ozone/integration-test/target/test-dir/MiniOzoneClusterImpl-1280a0b3-f878-4ca8-95ef-4ba9662d664b/datanode-2/meta/datanode.id
2019-10-02 22:40:58,432 [main] INFO  ozone.MiniOzoneClusterImpl (MiniOzoneClusterImpl.java:lambda$waitForClusterToBeReady$0(147)) - Waiting for cluster to be ready. Got 0 of 3 DN Heartbeats.
2019-10-02 22:40:59,310 [Datanode State Machine Thread - 0] INFO  ozoneimpl.OzoneContainer (OzoneContainer.java:start(217)) - Attempting to start container services.
2019-10-02 22:40:59,313 [Datanode State Machine Thread - 0] INFO  ozoneimpl.OzoneContainer (OzoneContainer.java:startContainerScrub(179)) - Background container scanner has been disabled.
2019-10-02 22:40:59,313 [Datanode State Machine Thread - 0] INFO  ratis.XceiverServerRatis (XceiverServerRatis.java:start(417)) - Starting XceiverServerRatis d1cdb5f4-8e11-4282-86cc-473472291632 at port 0
2019-10-02 22:40:59,333 [Datanode State Machine Thread - 0] INFO  impl.RaftServerProxy (RaftServerProxy.java:lambda$start$3(299)) - d1cdb5f4-8e11-4282-86cc-473472291632: start RPC server
2019-10-02 22:40:59,375 [Datanode State Machine Thread - 0] INFO  ozoneimpl.OzoneContainer (OzoneContainer.java:start(217)) - Attempting to start container services.
2019-10-02 22:40:59,379 [Datanode State Machine Thread - 0] INFO  ozoneimpl.OzoneContainer (OzoneContainer.java:startContainerScrub(179)) - Background container scanner has been disabled.
2019-10-02 22:40:59,379 [Datanode State Machine Thread - 0] INFO  ratis.XceiverServerRatis (XceiverServerRatis.java:start(417)) - Starting XceiverServerRatis b538cbc7-c460-4ed7-9e56-8cd460542e65 at port 0
2019-10-02 22:40:59,388 [Datanode State Machine Thread - 0] INFO  impl.RaftServerProxy (RaftServerProxy.java:lambda$start$3(299)) - b538cbc7-c460-4ed7-9e56-8cd460542e65: start RPC server
2019-10-02 22:40:59,433 [main] INFO  ozone.MiniOzoneClusterImpl (MiniOzoneClusterImpl.java:lambda$waitForClusterToBeReady$0(147)) - Waiting for cluster to be ready. Got 0 of 3 DN Heartbeats.
2019-10-02 22:40:59,462 [Datanode State Machine Thread - 0] INFO  ozoneimpl.OzoneContainer (OzoneContainer.java:start(217)) - Attempting to start container services.
2019-10-02 22:40:59,464 [Datanode State Machine Thread - 0] INFO  ozoneimpl.OzoneContainer (OzoneContainer.java:startContainerScrub(179)) - Background container scanner has been disabled.
2019-10-02 22:40:59,464 [Datanode State Machine Thread - 0] INFO  ratis.XceiverServerRatis (XceiverServerRatis.java:start(417)) - Starting XceiverServerRatis 1b5423a0-36c4-4dcb-9e4d-fbaf1cba6de9 at port 0
2019-10-02 22:40:59,476 [Datanode State Machine Thread - 0] INFO  impl.RaftServerProxy (RaftServerProxy.java:lambda$start$3(299)) - 1b5423a0-36c4-4dcb-9e4d-fbaf1cba6de9: start RPC server
2019-10-02 22:40:59,481 [Datanode State Machine Thread - 0] INFO  server.GrpcService (GrpcService.java:startImpl(158)) - 1b5423a0-36c4-4dcb-9e4d-fbaf1cba6de9: GrpcService started, listening on 0.0.0.0/0.0.0.0:33142
2019-10-02 22:40:59,481 [Datanode State Machine Thread - 0] INFO  server.GrpcService (GrpcService.java:startImpl(158)) - d1cdb5f4-8e11-4282-86cc-473472291632: GrpcService started, listening on 0.0.0.0/0.0.0.0:42036
2019-10-02 22:40:59,481 [Datanode State Machine Thread - 0] INFO  server.GrpcService (GrpcService.java:startImpl(158)) - b538cbc7-c460-4ed7-9e56-8cd460542e65: GrpcService started, listening on 0.0.0.0/0.0.0.0:35196
2019-10-02 22:40:59,482 [Datanode State Machine Thread - 0] INFO  ratis.XceiverServerRatis (XceiverServerRatis.java:start(427)) - XceiverServerRatis d1cdb5f4-8e11-4282-86cc-473472291632 is started using port 42036
2019-10-02 22:40:59,482 [Datanode State Machine Thread - 0] INFO  ratis.XceiverServerRatis (XceiverServerRatis.java:start(427)) - XceiverServerRatis 1b5423a0-36c4-4dcb-9e4d-fbaf1cba6de9 is started using port 33142
2019-10-02 22:40:59,482 [Datanode State Machine Thread - 0] INFO  ratis.XceiverServerRatis (XceiverServerRatis.java:start(427)) - XceiverServerRatis b538cbc7-c460-4ed7-9e56-8cd460542e65 is started using port 35196
2019-10-02 22:40:59,489 [Datanode State Machine Thread - 0] INFO  server.XceiverServerGrpc (XceiverServerGrpc.java:start(149)) - XceiverServerGrpc 1b5423a0-36c4-4dcb-9e4d-fbaf1cba6de9 is started using port 36462
2019-10-02 22:40:59,489 [Datanode State Machine Thread - 0] INFO  server.XceiverServerGrpc (XceiverServerGrpc.java:start(149)) - XceiverServerGrpc d1cdb5f4-8e11-4282-86cc-473472291632 is started using port 33406
2019-10-02 22:40:59,489 [Datanode State Machine Thread - 0] INFO  server.XceiverServerGrpc (XceiverServerGrpc.java:start(149)) - XceiverServerGrpc b538cbc7-c460-4ed7-9e56-8cd460542e65 is started using port 40350
2019-10-02 22:41:00,433 [main] INFO  ozone.MiniOzoneClusterImpl (MiniOzoneClusterImpl.java:lambda$waitForClusterToBeReady$0(147)) - Waiting for cluster to be ready. Got 0 of 3 DN Heartbeats.
2019-10-02 22:41:01,287 [IPC Server handler 19 on 38015] INFO  net.NetworkTopology (NetworkTopologyImpl.java:add(111)) - Added a new node: /default-rack/d1cdb5f4-8e11-4282-86cc-473472291632
2019-10-02 22:41:01,288 [IPC Server handler 19 on 38015] INFO  node.SCMNodeManager (SCMNodeManager.java:register(266)) - Registered Data node : d1cdb5f4-8e11-4282-86cc-473472291632{ip: 192.168.30.30, host: pr-hdds1737-lts7z-2510321508, networkLocation: /default-rack, certSerialId: null}
2019-10-02 22:41:01,292 [EventQueue-NodeRegistrationContainerReportForDataNodeSafeModeRule] INFO  safemode.SCMSafeModeManager (DataNodeSafeModeRule.java:process(71)) - SCM in safe mode. 1 DataNodes registered, 1 required.
2019-10-02 22:41:01,293 [EventQueue-NodeRegistrationContainerReportForDataNodeSafeModeRule] INFO  safemode.SCMSafeModeManager (SCMSafeModeManager.java:validateSafeModeExitRules(177)) - ScmSafeModeManager, all rules are successfully validated
2019-10-02 22:41:01,293 [EventQueue-NodeRegistrationContainerReportForDataNodeSafeModeRule] INFO  safemode.SCMSafeModeManager (SCMSafeModeManager.java:exitSafeMode(193)) - SCM exiting safe mode.
2019-10-02 22:41:01,350 [IPC Server handler 17 on 38015] INFO  net.NetworkTopology (NetworkTopologyImpl.java:add(111)) - Added a new node: /default-rack/b538cbc7-c460-4ed7-9e56-8cd460542e65
2019-10-02 22:41:01,351 [IPC Server handler 17 on 38015] INFO  node.SCMNodeManager (SCMNodeManager.java:register(266)) - Registered Data node : b538cbc7-c460-4ed7-9e56-8cd460542e65{ip: 192.168.30.30, host: pr-hdds1737-lts7z-2510321508, networkLocation: /default-rack, certSerialId: null}
2019-10-02 22:41:01,434 [main] INFO  ozone.MiniOzoneClusterImpl (MiniOzoneClusterImpl.java:lambda$waitForClusterToBeReady$0(147)) - Waiting for cluster to be ready. Got 2 of 3 DN Heartbeats.
2019-10-02 22:41:01,438 [IPC Server handler 16 on 38015] INFO  net.NetworkTopology (NetworkTopologyImpl.java:add(111)) - Added a new node: /default-rack/1b5423a0-36c4-4dcb-9e4d-fbaf1cba6de9
2019-10-02 22:41:01,438 [IPC Server handler 16 on 38015] INFO  node.SCMNodeManager (SCMNodeManager.java:register(266)) - Registered Data node : 1b5423a0-36c4-4dcb-9e4d-fbaf1cba6de9{ip: 192.168.30.30, host: pr-hdds1737-lts7z-2510321508, networkLocation: /default-rack, certSerialId: null}
2019-10-02 22:41:01,781 [grpc-default-executor-0] INFO  impl.RaftServerProxy (RaftServerProxy.java:addNew(89)) - d1cdb5f4-8e11-4282-86cc-473472291632: addNew group-C40104CB9197:[d1cdb5f4-8e11-4282-86cc-473472291632:192.168.30.30:42036] returns group-C40104CB9197:java.util.concurrent.CompletableFuture@38401aab[Not completed]
2019-10-02 22:41:01,791 [pool-27-thread-1] INFO  impl.RaftServerImpl (RaftServerImpl.java:<init>(95)) - d1cdb5f4-8e11-4282-86cc-473472291632: new RaftServerImpl for group-C40104CB9197:[d1cdb5f4-8e11-4282-86cc-473472291632:192.168.30.30:42036] with ContainerStateMachine:uninitialized
2019-10-02 22:41:01,793 [pool-27-thread-1] INFO  server.RaftServerConfigKeys (ConfUtils.java:logGet(43)) - raft.server.rpc.timeout.min = 5s (custom)
2019-10-02 22:41:01,794 [pool-27-thread-1] INFO  server.RaftServerConfigKeys (ConfUtils.java:logGet(43)) - raft.server.rpc.timeout.max = 5200ms (custom)
2019-10-02 22:41:01,794 [pool-27-thread-1] INFO  server.RaftServerConfigKeys (ConfUtils.java:logGet(43)) - raft.server.rpcslowness.timeout = 1000s (custom)
2019-10-02 22:41:01,795 [pool-27-thread-1] INFO  server.RaftServerConfigKeys (ConfUtils.java:logGet(43)) - raft.server.sleep.deviation.threshold = 300 (default)
2019-10-02 22:41:01,795 [pool-27-thread-1] INFO  server.RaftServerConfigKeys (ConfUtils.java:logGet(43)) - raft.server.log.appender.install.snapshot.enabled = false (custom)
2019-10-02 22:41:01,802 [pool-27-thread-1] INFO  impl.RaftServerImpl (ServerState.java:<init>(103)) - d1cdb5f4-8e11-4282-86cc-473472291632@group-C40104CB9197: ConfigurationManager, init=-1: [d1cdb5f4-8e11-4282-86cc-473472291632:192.168.30.30:42036], old=null, confs=<EMPTY_MAP>
2019-10-02 22:41:01,802 [pool-27-thread-1] INFO  server.RaftServerConfigKeys (ConfUtils.java:logGet(43)) - raft.server.storage.dir = [/workdir/hadoop-ozone/integration-test/target/test-dir/MiniOzoneClusterImpl-1280a0b3-f878-4ca8-95ef-4ba9662d664b/datanode-0/data/ratis] (custom)
2019-10-02 22:41:01,807 [pool-27-thread-1] INFO  server.RaftServerConfigKeys (ConfUtils.java:logGet(43)) - raft.server.log.corruption.policy = EXCEPTION (default)
2019-10-02 22:41:01,809 [pool-27-thread-1] INFO  storage.RaftStorageDirectory (RaftStorageDirectory.java:analyzeStorage(246)) - The storage directory /workdir/hadoop-ozone/integration-test/target/test-dir/MiniOzoneClusterImpl-1280a0b3-f878-4ca8-95ef-4ba9662d664b/datanode-0/data/ratis/3b66628f-a8fe-41e9-bbc5-c40104cb9197 does not exist. Creating ...
2019-10-02 22:41:01,846 [pool-27-thread-1] INFO  storage.RaftStorageDirectory (RaftStorageDirectory.java:tryLock(328)) - Lock on /workdir/hadoop-ozone/integration-test/target/test-dir/MiniOzoneClusterImpl-1280a0b3-f878-4ca8-95ef-4ba9662d664b/datanode-0/data/ratis/3b66628f-a8fe-41e9-bbc5-c40104cb9197/in_use.lock acquired by nodename 4908@pr-hdds1737-lts7z-2510321508
2019-10-02 22:41:01,870 [pool-27-thread-1] INFO  storage.RaftStorage (RaftStorage.java:format(84)) - Storage directory /workdir/hadoop-ozone/integration-test/target/test-dir/MiniOzoneClusterImpl-1280a0b3-f878-4ca8-95ef-4ba9662d664b/datanode-0/data/ratis/3b66628f-a8fe-41e9-bbc5-c40104cb9197 has been successfully formatted.
2019-10-02 22:41:01,872 [pool-27-thread-1] INFO  ratis.ContainerStateMachine (ContainerStateMachine.java:loadSnapshot(230)) - group-C40104CB9197: The snapshot info is null. Setting the last applied indexto:(t:0, i:~)
2019-10-02 22:41:01,873 [pool-27-thread-1] INFO  server.RaftServerConfigKeys (ConfUtils.java:logGet(43)) - raft.server.notification.no-leader.timeout = 1000s (custom)
2019-10-02 22:41:01,874 [pool-27-thread-1] INFO  server.RaftServerConfigKeys (ConfUtils.java:logGet(43)) - raft.server.log.use.memory = false (default)
2019-10-02 22:41:01,880 [pool-27-thread-1] INFO  server.RaftServerConfigKeys (ConfUtils.java:logGet(43)) - raft.server.log.purge.gap = 1000000 (custom)
2019-10-02 22:41:01,880 [pool-27-thread-1] INFO  server.RaftServerConfigKeys (ConfUtils.java:logGet(43)) - raft.server.log.appender.buffer.byte-limit = 33554432 (custom)
2019-10-02 22:41:01,882 [pool-27-thread-1] INFO  server.RaftServerConfigKeys (ConfUtils.java:logGet(43)) - raft.server.log.segment.size.max = 1048576 (custom)
2019-10-02 22:41:01,883 [pool-27-thread-1] INFO  impl.MetricsSystemImpl (MetricsSystemImpl.java:init(158)) - ratis metrics system started (again)
2019-10-02 22:41:01,887 [pool-27-thread-1] INFO  metrics.MetricRegistries (MetricRegistriesLoader.java:load(64)) - Loaded MetricRegistries class org.apache.ratis.metrics.impl.MetricRegistriesImpl
2019-10-02 22:41:01,919 [pool-27-thread-1] INFO  server.RaftServerConfigKeys (ConfUtils.java:logGet(43)) - raft.server.log.segment.cache.num.max = 2 (custom)
2019-10-02 22:41:01,924 [pool-27-thread-1] INFO  segmented.SegmentedRaftLogWorker (SegmentedRaftLogWorker.java:<init>(173)) - new d1cdb5f4-8e11-4282-86cc-473472291632@group-C40104CB9197-SegmentedRaftLogWorker for RaftStorage:Storage Directory /workdir/hadoop-ozone/integration-test/target/test-dir/MiniOzoneClusterImpl-1280a0b3-f878-4ca8-95ef-4ba9662d664b/datanode-0/data/ratis/3b66628f-a8fe-41e9-bbc5-c40104cb9197
2019-10-02 22:41:01,924 [pool-27-thread-1] INFO  server.RaftServerConfigKeys (ConfUtils.java:logGet(43)) - raft.server.log.queue.byte-limit = 2147483647 (custom)
2019-10-02 22:41:01,925 [pool-27-thread-1] INFO  server.RaftServerConfigKeys (ConfUtils.java:logGet(43)) - raft.server.log.queue.element-limit = 1024 (custom)
2019-10-02 22:41:01,926 [pool-27-thread-1] INFO  server.RaftServerConfigKeys (ConfUtils.java:logGet(43)) - raft.server.log.segment.size.max = 1048576 (custom)
2019-10-02 22:41:01,926 [pool-27-thread-1] INFO  server.RaftServerConfigKeys (ConfUtils.java:logGet(43)) - raft.server.log.preallocated.size = 16384 (custom)
2019-10-02 22:41:01,927 [pool-27-thread-1] INFO  server.RaftServerConfigKeys (ConfUtils.java:logGet(43)) - raft.server.log.write.buffer.size = 33554432 (custom)
2019-10-02 22:41:01,927 [pool-27-thread-1] INFO  server.RaftServerConfigKeys (ConfUtils.java:logGet(43)) - raft.server.log.force.sync.num = 128 (default)
2019-10-02 22:41:01,928 [pool-27-thread-1] INFO  server.RaftServerConfigKeys (ConfUtils.java:logGet(43)) - raft.server.log.statemachine.data.sync = true (default)
2019-10-02 22:41:01,928 [pool-27-thread-1] INFO  server.RaftServerConfigKeys (ConfUtils.java:logGet(43)) - raft.server.log.statemachine.data.sync.timeout = 10s (default)
2019-10-02 22:41:01,929 [pool-27-thread-1] INFO  server.RaftServerConfigKeys (ConfUtils.java:logGet(43)) - raft.server.log.statemachine.data.sync.timeout.retry = -1 (default)
2019-10-02 22:41:01,943 [pool-27-thread-1] INFO  server.RaftServerConfigKeys (ConfUtils.java:logGet(43)) - raft.server.log.statemachine.data.caching.enabled = true (custom)
2019-10-02 22:41:01,949 [pool-27-thread-1] INFO  segmented.SegmentedRaftLogWorker (SegmentedRaftLogWorker.java:lambda$new$0(128)) - d1cdb5f4-8e11-4282-86cc-473472291632@group-C40104CB9197-SegmentedRaftLogWorker: flushIndex: setUnconditionally 0 -> -1
2019-10-02 22:41:01,954 [pool-27-thread-1] INFO  server.RaftServerConfigKeys (ConfUtils.java:logGet(43)) - raft.server.snapshot.auto.trigger.enabled = true (custom)
2019-10-02 22:41:01,955 [pool-27-thread-1] INFO  server.RaftServerConfigKeys (ConfUtils.java:logGet(43)) - raft.server.snapshot.auto.trigger.threshold = 10000 (custom)
2019-10-02 22:41:01,956 [pool-27-thread-1] INFO  server.RaftServerConfigKeys (ConfUtils.java:logGet(43)) - raft.server.snapshot.retention.file.num = 5 (custom)
2019-10-02 22:41:01,956 [pool-27-thread-1] INFO  server.RaftServerConfigKeys (ConfUtils.java:logGet(43)) - raft.server.retrycache.expirytime = 600000ms (custom)
2019-10-02 22:41:01,987 [pool-27-thread-1] INFO  impl.RaftServerImpl (RaftServerImpl.java:start(181)) - d1cdb5f4-8e11-4282-86cc-473472291632@group-C40104CB9197: start as a follower, conf=-1: [d1cdb5f4-8e11-4282-86cc-473472291632:192.168.30.30:42036], old=null
2019-10-02 22:41:01,988 [pool-27-thread-1] INFO  impl.RaftServerImpl (RaftServerImpl.java:setRole(170)) - d1cdb5f4-8e11-4282-86cc-473472291632@group-C40104CB9197: changes role from      null to FOLLOWER at term 0 for startAsFollower
2019-10-02 22:41:01,989 [pool-27-thread-1] INFO  impl.RoleInfo (RoleInfo.java:updateAndGet(143)) - d1cdb5f4-8e11-4282-86cc-473472291632: start FollowerState
2019-10-02 22:41:01,991 [pool-27-thread-1] INFO  util.JmxRegister (JmxRegister.java:tryRegister(44)) - Successfully registered JMX Bean with object name Ratis:service=RaftServer,group=group-C40104CB9197,id=d1cdb5f4-8e11-4282-86cc-473472291632
2019-10-02 22:41:02,070 [RatisPipelineUtilsThread] INFO  pipeline.PipelineStateManager (PipelineStateManager.java:addPipeline(56)) - Created pipeline Pipeline[ Id: 3b66628f-a8fe-41e9-bbc5-c40104cb9197, Nodes: d1cdb5f4-8e11-4282-86cc-473472291632{ip: 192.168.30.30, host: pr-hdds1737-lts7z-2510321508, networkLocation: /default-rack, certSerialId: null}, Type:RATIS, Factor:ONE, State:OPEN]
2019-10-02 22:41:02,103 [grpc-default-executor-0] INFO  impl.RaftServerProxy (RaftServerProxy.java:addNew(89)) - 1b5423a0-36c4-4dcb-9e4d-fbaf1cba6de9: addNew group-67BD0D272554:[1b5423a0-36c4-4dcb-9e4d-fbaf1cba6de9:192.168.30.30:33142] returns group-67BD0D272554:java.util.concurrent.CompletableFuture@42349b40[Not completed]
2019-10-02 22:41:02,144 [pool-47-thread-1] INFO  impl.RaftServerImpl (RaftServerImpl.java:<init>(95)) - 1b5423a0-36c4-4dcb-9e4d-fbaf1cba6de9: new RaftServerImpl for group-67BD0D272554:[1b5423a0-36c4-4dcb-9e4d-fbaf1cba6de9:192.168.30.30:33142] with ContainerStateMachine:uninitialized
2019-10-02 22:41:02,146 [pool-47-thread-1] INFO  server.RaftServerConfigKeys (ConfUtils.java:logGet(43)) - raft.server.rpc.timeout.min = 5s (custom)
2019-10-02 22:41:02,147 [pool-47-thread-1] INFO  server.RaftServerConfigKeys (ConfUtils.java:logGet(43)) - raft.server.rpc.timeout.max = 5200ms (custom)
2019-10-02 22:41:02,147 [pool-47-thread-1] INFO  server.RaftServerConfigKeys (ConfUtils.java:logGet(43)) - raft.server.rpcslowness.timeout = 1000s (custom)
2019-10-02 22:41:02,147 [pool-47-thread-1] INFO  server.RaftServerConfigKeys (ConfUtils.java:logGet(43)) - raft.server.sleep.deviation.threshold = 300 (default)
2019-10-02 22:41:02,147 [pool-47-thread-1] INFO  server.RaftServerConfigKeys (ConfUtils.java:logGet(43)) - raft.server.log.appender.install.snapshot.enabled = false (custom)
2019-10-02 22:41:02,148 [pool-47-thread-1] INFO  impl.RaftServerImpl (ServerState.java:<init>(103)) - 1b5423a0-36c4-4dcb-9e4d-fbaf1cba6de9@group-67BD0D272554: ConfigurationManager, init=-1: [1b5423a0-36c4-4dcb-9e4d-fbaf1cba6de9:192.168.30.30:33142], old=null, confs=<EMPTY_MAP>
2019-10-02 22:41:02,148 [pool-47-thread-1] INFO  server.RaftServerConfigKeys (ConfUtils.java:logGet(43)) - raft.server.storage.dir = [/workdir/hadoop-ozone/integration-test/target/test-dir/MiniOzoneClusterImpl-1280a0b3-f878-4ca8-95ef-4ba9662d664b/datanode-2/data/ratis] (custom)
2019-10-02 22:41:02,148 [pool-47-thread-1] INFO  server.RaftServerConfigKeys (ConfUtils.java:logGet(43)) - raft.server.log.corruption.policy = EXCEPTION (default)
2019-10-02 22:41:02,149 [pool-47-thread-1] INFO  storage.RaftStorageDirectory (RaftStorageDirectory.java:analyzeStorage(246)) - The storage directory /workdir/hadoop-ozone/integration-test/target/test-dir/MiniOzoneClusterImpl-1280a0b3-f878-4ca8-95ef-4ba9662d664b/datanode-2/data/ratis/07805252-3d5c-40ae-8dde-67bd0d272554 does not exist. Creating ...
2019-10-02 22:41:02,173 [pool-47-thread-1] INFO  storage.RaftStorageDirectory (RaftStorageDirectory.java:tryLock(328)) - Lock on /workdir/hadoop-ozone/integration-test/target/test-dir/MiniOzoneClusterImpl-1280a0b3-f878-4ca8-95ef-4ba9662d664b/datanode-2/data/ratis/07805252-3d5c-40ae-8dde-67bd0d272554/in_use.lock acquired by nodename 4908@pr-hdds1737-lts7z-2510321508
2019-10-02 22:41:02,195 [pool-47-thread-1] INFO  storage.RaftStorage (RaftStorage.java:format(84)) - Storage directory /workdir/hadoop-ozone/integration-test/target/test-dir/MiniOzoneClusterImpl-1280a0b3-f878-4ca8-95ef-4ba9662d664b/datanode-2/data/ratis/07805252-3d5c-40ae-8dde-67bd0d272554 has been successfully formatted.
2019-10-02 22:41:02,197 [pool-47-thread-1] INFO  ratis.ContainerStateMachine (ContainerStateMachine.java:loadSnapshot(230)) - group-67BD0D272554: The snapshot info is null. Setting the last applied indexto:(t:0, i:~)
2019-10-02 22:41:02,199 [pool-47-thread-1] INFO  server.RaftServerConfigKeys (ConfUtils.java:logGet(43)) - raft.server.notification.no-leader.timeout = 1000s (custom)
2019-10-02 22:41:02,199 [pool-47-thread-1] INFO  server.RaftServerConfigKeys (ConfUtils.java:logGet(43)) - raft.server.log.use.memory = false (default)
2019-10-02 22:41:02,199 [pool-47-thread-1] INFO  server.RaftServerConfigKeys (ConfUtils.java:logGet(43)) - raft.server.log.purge.gap = 1000000 (custom)
2019-10-02 22:41:02,199 [pool-47-thread-1] INFO  server.RaftServerConfigKeys (ConfUtils.java:logGet(43)) - raft.server.log.appender.buffer.byte-limit = 33554432 (custom)
2019-10-02 22:41:02,200 [pool-47-thread-1] INFO  server.RaftServerConfigKeys (ConfUtils.java:logGet(43)) - raft.server.log.segment.size.max = 1048576 (custom)
2019-10-02 22:41:02,206 [pool-47-thread-1] INFO  server.RaftServerConfigKeys (ConfUtils.java:logGet(43)) - raft.server.log.segment.cache.num.max = 2 (custom)
2019-10-02 22:41:02,206 [pool-47-thread-1] INFO  segmented.SegmentedRaftLogWorker (SegmentedRaftLogWorker.java:<init>(173)) - new 1b5423a0-36c4-4dcb-9e4d-fbaf1cba6de9@group-67BD0D272554-SegmentedRaftLogWorker for RaftStorage:Storage Directory /workdir/hadoop-ozone/integration-test/target/test-dir/MiniOzoneClusterImpl-1280a0b3-f878-4ca8-95ef-4ba9662d664b/datanode-2/data/ratis/07805252-3d5c-40ae-8dde-67bd0d272554
2019-10-02 22:41:02,208 [pool-47-thread-1] INFO  server.RaftServerConfigKeys (ConfUtils.java:logGet(43)) - raft.server.log.queue.byte-limit = 2147483647 (custom)
2019-10-02 22:41:02,208 [pool-47-thread-1] INFO  server.RaftServerConfigKeys (ConfUtils.java:logGet(43)) - raft.server.log.queue.element-limit = 1024 (custom)
2019-10-02 22:41:02,208 [pool-47-thread-1] INFO  server.RaftServerConfigKeys (ConfUtils.java:logGet(43)) - raft.server.log.segment.size.max = 1048576 (custom)
2019-10-02 22:41:02,208 [pool-47-thread-1] INFO  server.RaftServerConfigKeys (ConfUtils.java:logGet(43)) - raft.server.log.preallocated.size = 16384 (custom)
2019-10-02 22:41:02,208 [pool-47-thread-1] INFO  server.RaftServerConfigKeys (ConfUtils.java:logGet(43)) - raft.server.log.write.buffer.size = 33554432 (custom)
2019-10-02 22:41:02,209 [pool-47-thread-1] INFO  server.RaftServerConfigKeys (ConfUtils.java:logGet(43)) - raft.server.log.force.sync.num = 128 (default)
2019-10-02 22:41:02,209 [pool-47-thread-1] INFO  server.RaftServerConfigKeys (ConfUtils.java:logGet(43)) - raft.server.log.statemachine.data.sync = true (default)
2019-10-02 22:41:02,209 [pool-47-thread-1] INFO  server.RaftServerConfigKeys (ConfUtils.java:logGet(43)) - raft.server.log.statemachine.data.sync.timeout = 10s (default)
2019-10-02 22:41:02,209 [pool-47-thread-1] INFO  server.RaftServerConfigKeys (ConfUtils.java:logGet(43)) - raft.server.log.statemachine.data.sync.timeout.retry = -1 (default)
2019-10-02 22:41:02,210 [pool-47-thread-1] INFO  server.RaftServerConfigKeys (ConfUtils.java:logGet(43)) - raft.server.log.statemachine.data.caching.enabled = true (custom)
2019-10-02 22:41:02,211 [pool-47-thread-1] INFO  segmented.SegmentedRaftLogWorker (SegmentedRaftLogWorker.java:lambda$new$0(128)) - 1b5423a0-36c4-4dcb-9e4d-fbaf1cba6de9@group-67BD0D272554-SegmentedRaftLogWorker: flushIndex: setUnconditionally 0 -> -1
2019-10-02 22:41:02,211 [pool-47-thread-1] INFO  server.RaftServerConfigKeys (ConfUtils.java:logGet(43)) - raft.server.snapshot.auto.trigger.enabled = true (custom)
2019-10-02 22:41:02,211 [pool-47-thread-1] INFO  server.RaftServerConfigKeys (ConfUtils.java:logGet(43)) - raft.server.snapshot.auto.trigger.threshold = 10000 (custom)
2019-10-02 22:41:02,211 [pool-47-thread-1] INFO  server.RaftServerConfigKeys (ConfUtils.java:logGet(43)) - raft.server.snapshot.retention.file.num = 5 (custom)
2019-10-02 22:41:02,212 [pool-47-thread-1] INFO  server.RaftServerConfigKeys (ConfUtils.java:logGet(43)) - raft.server.retrycache.expirytime = 600000ms (custom)
2019-10-02 22:41:02,216 [pool-47-thread-1] INFO  impl.RaftServerImpl (RaftServerImpl.java:start(181)) - 1b5423a0-36c4-4dcb-9e4d-fbaf1cba6de9@group-67BD0D272554: start as a follower, conf=-1: [1b5423a0-36c4-4dcb-9e4d-fbaf1cba6de9:192.168.30.30:33142], old=null
2019-10-02 22:41:02,217 [pool-47-thread-1] INFO  impl.RaftServerImpl (RaftServerImpl.java:setRole(170)) - 1b5423a0-36c4-4dcb-9e4d-fbaf1cba6de9@group-67BD0D272554: changes role from      null to FOLLOWER at term 0 for startAsFollower
2019-10-02 22:41:02,217 [pool-47-thread-1] INFO  impl.RoleInfo (RoleInfo.java:updateAndGet(143)) - 1b5423a0-36c4-4dcb-9e4d-fbaf1cba6de9: start FollowerState
2019-10-02 22:41:02,219 [pool-47-thread-1] INFO  util.JmxRegister (JmxRegister.java:tryRegister(44)) - Successfully registered JMX Bean with object name Ratis:service=RaftServer,group=group-67BD0D272554,id=1b5423a0-36c4-4dcb-9e4d-fbaf1cba6de9
2019-10-02 22:41:02,239 [RatisPipelineUtilsThread] INFO  pipeline.PipelineStateManager (PipelineStateManager.java:addPipeline(56)) - Created pipeline Pipeline[ Id: 07805252-3d5c-40ae-8dde-67bd0d272554, Nodes: 1b5423a0-36c4-4dcb-9e4d-fbaf1cba6de9{ip: 192.168.30.30, host: pr-hdds1737-lts7z-2510321508, networkLocation: /default-rack, certSerialId: null}, Type:RATIS, Factor:ONE, State:OPEN]
2019-10-02 22:41:02,260 [grpc-default-executor-0] INFO  impl.RaftServerProxy (RaftServerProxy.java:addNew(89)) - b538cbc7-c460-4ed7-9e56-8cd460542e65: addNew group-3AEDDD0D52CC:[b538cbc7-c460-4ed7-9e56-8cd460542e65:192.168.30.30:35196] returns group-3AEDDD0D52CC:java.util.concurrent.CompletableFuture@6f116757[Not completed]
2019-10-02 22:41:02,278 [pool-37-thread-1] INFO  impl.RaftServerImpl (RaftServerImpl.java:<init>(95)) - b538cbc7-c460-4ed7-9e56-8cd460542e65: new RaftServerImpl for group-3AEDDD0D52CC:[b538cbc7-c460-4ed7-9e56-8cd460542e65:192.168.30.30:35196] with ContainerStateMachine:uninitialized
2019-10-02 22:41:02,279 [pool-37-thread-1] INFO  server.RaftServerConfigKeys (ConfUtils.java:logGet(43)) - raft.server.rpc.timeout.min = 5s (custom)
2019-10-02 22:41:02,280 [pool-37-thread-1] INFO  server.RaftServerConfigKeys (ConfUtils.java:logGet(43)) - raft.server.rpc.timeout.max = 5200ms (custom)
2019-10-02 22:41:02,280 [pool-37-thread-1] INFO  server.RaftServerConfigKeys (ConfUtils.java:logGet(43)) - raft.server.rpcslowness.timeout = 1000s (custom)
2019-10-02 22:41:02,280 [pool-37-thread-1] INFO  server.RaftServerConfigKeys (ConfUtils.java:logGet(43)) - raft.server.sleep.deviation.threshold = 300 (default)
2019-10-02 22:41:02,280 [pool-37-thread-1] INFO  server.RaftServerConfigKeys (ConfUtils.java:logGet(43)) - raft.server.log.appender.install.snapshot.enabled = false (custom)
2019-10-02 22:41:02,280 [pool-37-thread-1] INFO  impl.RaftServerImpl (ServerState.java:<init>(103)) - b538cbc7-c460-4ed7-9e56-8cd460542e65@group-3AEDDD0D52CC: ConfigurationManager, init=-1: [b538cbc7-c460-4ed7-9e56-8cd460542e65:192.168.30.30:35196], old=null, confs=<EMPTY_MAP>
2019-10-02 22:41:02,281 [pool-37-thread-1] INFO  server.RaftServerConfigKeys (ConfUtils.java:logGet(43)) - raft.server.storage.dir = [/workdir/hadoop-ozone/integration-test/target/test-dir/MiniOzoneClusterImpl-1280a0b3-f878-4ca8-95ef-4ba9662d664b/datanode-1/data/ratis] (custom)
2019-10-02 22:41:02,281 [pool-37-thread-1] INFO  server.RaftServerConfigKeys (ConfUtils.java:logGet(43)) - raft.server.log.corruption.policy = EXCEPTION (default)
2019-10-02 22:41:02,281 [pool-37-thread-1] INFO  storage.RaftStorageDirectory (RaftStorageDirectory.java:analyzeStorage(246)) - The storage directory /workdir/hadoop-ozone/integration-test/target/test-dir/MiniOzoneClusterImpl-1280a0b3-f878-4ca8-95ef-4ba9662d664b/datanode-1/data/ratis/cedb0872-0a2f-4d1d-ae2d-3aeddd0d52cc does not exist. Creating ...
2019-10-02 22:41:02,305 [pool-37-thread-1] INFO  storage.RaftStorageDirectory (RaftStorageDirectory.java:tryLock(328)) - Lock on /workdir/hadoop-ozone/integration-test/target/test-dir/MiniOzoneClusterImpl-1280a0b3-f878-4ca8-95ef-4ba9662d664b/datanode-1/data/ratis/cedb0872-0a2f-4d1d-ae2d-3aeddd0d52cc/in_use.lock acquired by nodename 4908@pr-hdds1737-lts7z-2510321508
2019-10-02 22:41:02,329 [pool-37-thread-1] INFO  storage.RaftStorage (RaftStorage.java:format(84)) - Storage directory /workdir/hadoop-ozone/integration-test/target/test-dir/MiniOzoneClusterImpl-1280a0b3-f878-4ca8-95ef-4ba9662d664b/datanode-1/data/ratis/cedb0872-0a2f-4d1d-ae2d-3aeddd0d52cc has been successfully formatted.
2019-10-02 22:41:02,329 [pool-37-thread-1] INFO  ratis.ContainerStateMachine (ContainerStateMachine.java:loadSnapshot(230)) - group-3AEDDD0D52CC: The snapshot info is null. Setting the last applied indexto:(t:0, i:~)
2019-10-02 22:41:02,330 [pool-37-thread-1] INFO  server.RaftServerConfigKeys (ConfUtils.java:logGet(43)) - raft.server.notification.no-leader.timeout = 1000s (custom)
2019-10-02 22:41:02,330 [pool-37-thread-1] INFO  server.RaftServerConfigKeys (ConfUtils.java:logGet(43)) - raft.server.log.use.memory = false (default)
2019-10-02 22:41:02,330 [pool-37-thread-1] INFO  server.RaftServerConfigKeys (ConfUtils.java:logGet(43)) - raft.server.log.purge.gap = 1000000 (custom)
2019-10-02 22:41:02,330 [pool-37-thread-1] INFO  server.RaftServerConfigKeys (ConfUtils.java:logGet(43)) - raft.server.log.appender.buffer.byte-limit = 33554432 (custom)
2019-10-02 22:41:02,331 [pool-37-thread-1] INFO  server.RaftServerConfigKeys (ConfUtils.java:logGet(43)) - raft.server.log.segment.size.max = 1048576 (custom)
2019-10-02 22:41:02,358 [pool-37-thread-1] INFO  server.RaftServerConfigKeys (ConfUtils.java:logGet(43)) - raft.server.log.segment.cache.num.max = 2 (custom)
2019-10-02 22:41:02,359 [pool-37-thread-1] INFO  segmented.SegmentedRaftLogWorker (SegmentedRaftLogWorker.java:<init>(173)) - new b538cbc7-c460-4ed7-9e56-8cd460542e65@group-3AEDDD0D52CC-SegmentedRaftLogWorker for RaftStorage:Storage Directory /workdir/hadoop-ozone/integration-test/target/test-dir/MiniOzoneClusterImpl-1280a0b3-f878-4ca8-95ef-4ba9662d664b/datanode-1/data/ratis/cedb0872-0a2f-4d1d-ae2d-3aeddd0d52cc
2019-10-02 22:41:02,359 [pool-37-thread-1] INFO  server.RaftServerConfigKeys (ConfUtils.java:logGet(43)) - raft.server.log.queue.byte-limit = 2147483647 (custom)
2019-10-02 22:41:02,359 [pool-37-thread-1] INFO  server.RaftServerConfigKeys (ConfUtils.java:logGet(43)) - raft.server.log.queue.element-limit = 1024 (custom)
2019-10-02 22:41:02,359 [pool-37-thread-1] INFO  server.RaftServerConfigKeys (ConfUtils.java:logGet(43)) - raft.server.log.segment.size.max = 1048576 (custom)
2019-10-02 22:41:02,359 [pool-37-thread-1] INFO  server.RaftServerConfigKeys (ConfUtils.java:logGet(43)) - raft.server.log.preallocated.size = 16384 (custom)
2019-10-02 22:41:02,359 [pool-37-thread-1] INFO  server.RaftServerConfigKeys (ConfUtils.java:logGet(43)) - raft.server.log.write.buffer.size = 33554432 (custom)
2019-10-02 22:41:02,360 [pool-37-thread-1] INFO  server.RaftServerConfigKeys (ConfUtils.java:logGet(43)) - raft.server.log.force.sync.num = 128 (default)
2019-10-02 22:41:02,360 [pool-37-thread-1] INFO  server.RaftServerConfigKeys (ConfUtils.java:logGet(43)) - raft.server.log.statemachine.data.sync = true (default)
2019-10-02 22:41:02,360 [pool-37-thread-1] INFO  server.RaftServerConfigKeys (ConfUtils.java:logGet(43)) - raft.server.log.statemachine.data.sync.timeout = 10s (default)
2019-10-02 22:41:02,360 [pool-37-thread-1] INFO  server.RaftServerConfigKeys (ConfUtils.java:logGet(43)) - raft.server.log.statemachine.data.sync.timeout.retry = -1 (default)
2019-10-02 22:41:02,361 [pool-37-thread-1] INFO  server.RaftServerConfigKeys (ConfUtils.java:logGet(43)) - raft.server.log.statemachine.data.caching.enabled = true (custom)
2019-10-02 22:41:02,361 [pool-37-thread-1] INFO  segmented.SegmentedRaftLogWorker (SegmentedRaftLogWorker.java:lambda$new$0(128)) - b538cbc7-c460-4ed7-9e56-8cd460542e65@group-3AEDDD0D52CC-SegmentedRaftLogWorker: flushIndex: setUnconditionally 0 -> -1
2019-10-02 22:41:02,362 [pool-37-thread-1] INFO  server.RaftServerConfigKeys (ConfUtils.java:logGet(43)) - raft.server.snapshot.auto.trigger.enabled = true (custom)
2019-10-02 22:41:02,362 [pool-37-thread-1] INFO  server.RaftServerConfigKeys (ConfUtils.java:logGet(43)) - raft.server.snapshot.auto.trigger.threshold = 10000 (custom)
2019-10-02 22:41:02,362 [pool-37-thread-1] INFO  server.RaftServerConfigKeys (ConfUtils.java:logGet(43)) - raft.server.snapshot.retention.file.num = 5 (custom)
2019-10-02 22:41:02,362 [pool-37-thread-1] INFO  server.RaftServerConfigKeys (ConfUtils.java:logGet(43)) - raft.server.retrycache.expirytime = 600000ms (custom)
2019-10-02 22:41:02,365 [pool-37-thread-1] INFO  impl.RaftServerImpl (RaftServerImpl.java:start(181)) - b538cbc7-c460-4ed7-9e56-8cd460542e65@group-3AEDDD0D52CC: start as a follower, conf=-1: [b538cbc7-c460-4ed7-9e56-8cd460542e65:192.168.30.30:35196], old=null
2019-10-02 22:41:02,366 [pool-37-thread-1] INFO  impl.RaftServerImpl (RaftServerImpl.java:setRole(170)) - b538cbc7-c460-4ed7-9e56-8cd460542e65@group-3AEDDD0D52CC: changes role from      null to FOLLOWER at term 0 for startAsFollower
2019-10-02 22:41:02,366 [pool-37-thread-1] INFO  impl.RoleInfo (RoleInfo.java:updateAndGet(143)) - b538cbc7-c460-4ed7-9e56-8cd460542e65: start FollowerState
2019-10-02 22:41:02,366 [pool-37-thread-1] INFO  util.JmxRegister (JmxRegister.java:tryRegister(44)) - Successfully registered JMX Bean with object name Ratis:service=RaftServer,group=group-3AEDDD0D52CC,id=b538cbc7-c460-4ed7-9e56-8cd460542e65
2019-10-02 22:41:02,381 [RatisPipelineUtilsThread] INFO  pipeline.PipelineStateManager (PipelineStateManager.java:addPipeline(56)) - Created pipeline Pipeline[ Id: cedb0872-0a2f-4d1d-ae2d-3aeddd0d52cc, Nodes: b538cbc7-c460-4ed7-9e56-8cd460542e65{ip: 192.168.30.30, host: pr-hdds1737-lts7z-2510321508, networkLocation: /default-rack, certSerialId: null}, Type:RATIS, Factor:ONE, State:OPEN]
2019-10-02 22:41:02,416 [grpc-default-executor-2] INFO  impl.RaftServerProxy (RaftServerProxy.java:addNew(89)) - d1cdb5f4-8e11-4282-86cc-473472291632: addNew group-25216C954B7A:[b538cbc7-c460-4ed7-9e56-8cd460542e65:192.168.30.30:35196, 1b5423a0-36c4-4dcb-9e4d-fbaf1cba6de9:192.168.30.30:33142, d1cdb5f4-8e11-4282-86cc-473472291632:192.168.30.30:42036] returns group-25216C954B7A:java.util.concurrent.CompletableFuture@24e03d72[Not completed]
2019-10-02 22:41:02,417 [grpc-default-executor-0] INFO  impl.RaftServerProxy (RaftServerProxy.java:addNew(89)) - 1b5423a0-36c4-4dcb-9e4d-fbaf1cba6de9: addNew group-25216C954B7A:[b538cbc7-c460-4ed7-9e56-8cd460542e65:192.168.30.30:35196, 1b5423a0-36c4-4dcb-9e4d-fbaf1cba6de9:192.168.30.30:33142, d1cdb5f4-8e11-4282-86cc-473472291632:192.168.30.30:42036] returns group-25216C954B7A:java.util.concurrent.CompletableFuture@7261c6e9[Not completed]
2019-10-02 22:41:02,417 [grpc-default-executor-1] INFO  impl.RaftServerProxy (RaftServerProxy.java:addNew(89)) - b538cbc7-c460-4ed7-9e56-8cd460542e65: addNew group-25216C954B7A:[b538cbc7-c460-4ed7-9e56-8cd460542e65:192.168.30.30:35196, 1b5423a0-36c4-4dcb-9e4d-fbaf1cba6de9:192.168.30.30:33142, d1cdb5f4-8e11-4282-86cc-473472291632:192.168.30.30:42036] returns group-25216C954B7A:java.util.concurrent.CompletableFuture@7846ba66[Not completed]
2019-10-02 22:41:02,419 [pool-27-thread-1] INFO  impl.RaftServerImpl (RaftServerImpl.java:<init>(95)) - d1cdb5f4-8e11-4282-86cc-473472291632: new RaftServerImpl for group-25216C954B7A:[b538cbc7-c460-4ed7-9e56-8cd460542e65:192.168.30.30:35196, 1b5423a0-36c4-4dcb-9e4d-fbaf1cba6de9:192.168.30.30:33142, d1cdb5f4-8e11-4282-86cc-473472291632:192.168.30.30:42036] with ContainerStateMachine:uninitialized
2019-10-02 22:41:02,419 [pool-27-thread-1] INFO  server.RaftServerConfigKeys (ConfUtils.java:logGet(43)) - raft.server.rpc.timeout.min = 5s (custom)
2019-10-02 22:41:02,419 [pool-27-thread-1] INFO  server.RaftServerConfigKeys (ConfUtils.java:logGet(43)) - raft.server.rpc.timeout.max = 5200ms (custom)
2019-10-02 22:41:02,419 [pool-37-thread-1] INFO  impl.RaftServerImpl (RaftServerImpl.java:<init>(95)) - b538cbc7-c460-4ed7-9e56-8cd460542e65: new RaftServerImpl for group-25216C954B7A:[b538cbc7-c460-4ed7-9e56-8cd460542e65:192.168.30.30:35196, 1b5423a0-36c4-4dcb-9e4d-fbaf1cba6de9:192.168.30.30:33142, d1cdb5f4-8e11-4282-86cc-473472291632:192.168.30.30:42036] with ContainerStateMachine:uninitialized
2019-10-02 22:41:02,419 [pool-27-thread-1] INFO  server.RaftServerConfigKeys (ConfUtils.java:logGet(43)) - raft.server.rpcslowness.timeout = 1000s (custom)
2019-10-02 22:41:02,419 [pool-37-thread-1] INFO  server.RaftServerConfigKeys (ConfUtils.java:logGet(43)) - raft.server.rpc.timeout.min = 5s (custom)
2019-10-02 22:41:02,420 [pool-27-thread-1] INFO  server.RaftServerConfigKeys (ConfUtils.java:logGet(43)) - raft.server.sleep.deviation.threshold = 300 (default)
2019-10-02 22:41:02,420 [pool-37-thread-1] INFO  server.RaftServerConfigKeys (ConfUtils.java:logGet(43)) - raft.server.rpc.timeout.max = 5200ms (custom)
2019-10-02 22:41:02,420 [pool-27-thread-1] INFO  server.RaftServerConfigKeys (ConfUtils.java:logGet(43)) - raft.server.log.appender.install.snapshot.enabled = false (custom)
2019-10-02 22:41:02,420 [pool-37-thread-1] INFO  server.RaftServerConfigKeys (ConfUtils.java:logGet(43)) - raft.server.rpcslowness.timeout = 1000s (custom)
2019-10-02 22:41:02,420 [pool-27-thread-1] INFO  impl.RaftServerImpl (ServerState.java:<init>(103)) - d1cdb5f4-8e11-4282-86cc-473472291632@group-25216C954B7A: ConfigurationManager, init=-1: [b538cbc7-c460-4ed7-9e56-8cd460542e65:192.168.30.30:35196, 1b5423a0-36c4-4dcb-9e4d-fbaf1cba6de9:192.168.30.30:33142, d1cdb5f4-8e11-4282-86cc-473472291632:192.168.30.30:42036], old=null, confs=<EMPTY_MAP>
2019-10-02 22:41:02,420 [pool-47-thread-1] INFO  impl.RaftServerImpl (RaftServerImpl.java:<init>(95)) - 1b5423a0-36c4-4dcb-9e4d-fbaf1cba6de9: new RaftServerImpl for group-25216C954B7A:[b538cbc7-c460-4ed7-9e56-8cd460542e65:192.168.30.30:35196, 1b5423a0-36c4-4dcb-9e4d-fbaf1cba6de9:192.168.30.30:33142, d1cdb5f4-8e11-4282-86cc-473472291632:192.168.30.30:42036] with ContainerStateMachine:uninitialized
2019-10-02 22:41:02,420 [pool-37-thread-1] INFO  server.RaftServerConfigKeys (ConfUtils.java:logGet(43)) - raft.server.sleep.deviation.threshold = 300 (default)
2019-10-02 22:41:02,420 [pool-47-thread-1] INFO  server.RaftServerConfigKeys (ConfUtils.java:logGet(43)) - raft.server.rpc.timeout.min = 5s (custom)
2019-10-02 22:41:02,420 [pool-27-thread-1] INFO  server.RaftServerConfigKeys (ConfUtils.java:logGet(43)) - raft.server.storage.dir = [/workdir/hadoop-ozone/integration-test/target/test-dir/MiniOzoneClusterImpl-1280a0b3-f878-4ca8-95ef-4ba9662d664b/datanode-0/data/ratis] (custom)
2019-10-02 22:41:02,421 [pool-47-thread-1] INFO  server.RaftServerConfigKeys (ConfUtils.java:logGet(43)) - raft.server.rpc.timeout.max = 5200ms (custom)
2019-10-02 22:41:02,421 [pool-37-thread-1] INFO  server.RaftServerConfigKeys (ConfUtils.java:logGet(43)) - raft.server.log.appender.install.snapshot.enabled = false (custom)
2019-10-02 22:41:02,421 [pool-47-thread-1] INFO  server.RaftServerConfigKeys (ConfUtils.java:logGet(43)) - raft.server.rpcslowness.timeout = 1000s (custom)
2019-10-02 22:41:02,421 [pool-27-thread-1] INFO  server.RaftServerConfigKeys (ConfUtils.java:logGet(43)) - raft.server.log.corruption.policy = EXCEPTION (default)
2019-10-02 22:41:02,421 [pool-37-thread-1] INFO  impl.RaftServerImpl (ServerState.java:<init>(103)) - b538cbc7-c460-4ed7-9e56-8cd460542e65@group-25216C954B7A: ConfigurationManager, init=-1: [b538cbc7-c460-4ed7-9e56-8cd460542e65:192.168.30.30:35196, 1b5423a0-36c4-4dcb-9e4d-fbaf1cba6de9:192.168.30.30:33142, d1cdb5f4-8e11-4282-86cc-473472291632:192.168.30.30:42036], old=null, confs=<EMPTY_MAP>
2019-10-02 22:41:02,421 [pool-47-thread-1] INFO  server.RaftServerConfigKeys (ConfUtils.java:logGet(43)) - raft.server.sleep.deviation.threshold = 300 (default)
2019-10-02 22:41:02,422 [pool-37-thread-1] INFO  server.RaftServerConfigKeys (ConfUtils.java:logGet(43)) - raft.server.storage.dir = [/workdir/hadoop-ozone/integration-test/target/test-dir/MiniOzoneClusterImpl-1280a0b3-f878-4ca8-95ef-4ba9662d664b/datanode-1/data/ratis] (custom)
2019-10-02 22:41:02,422 [pool-47-thread-1] INFO  server.RaftServerConfigKeys (ConfUtils.java:logGet(43)) - raft.server.log.appender.install.snapshot.enabled = false (custom)
2019-10-02 22:41:02,421 [pool-27-thread-1] INFO  storage.RaftStorageDirectory (RaftStorageDirectory.java:analyzeStorage(246)) - The storage directory /workdir/hadoop-ozone/integration-test/target/test-dir/MiniOzoneClusterImpl-1280a0b3-f878-4ca8-95ef-4ba9662d664b/datanode-0/data/ratis/ff5c6407-5ef5-4ee5-8232-25216c954b7a does not exist. Creating ...
2019-10-02 22:41:02,422 [pool-37-thread-1] INFO  server.RaftServerConfigKeys (ConfUtils.java:logGet(43)) - raft.server.log.corruption.policy = EXCEPTION (default)
2019-10-02 22:41:02,422 [pool-47-thread-1] INFO  impl.RaftServerImpl (ServerState.java:<init>(103)) - 1b5423a0-36c4-4dcb-9e4d-fbaf1cba6de9@group-25216C954B7A: ConfigurationManager, init=-1: [b538cbc7-c460-4ed7-9e56-8cd460542e65:192.168.30.30:35196, 1b5423a0-36c4-4dcb-9e4d-fbaf1cba6de9:192.168.30.30:33142, d1cdb5f4-8e11-4282-86cc-473472291632:192.168.30.30:42036], old=null, confs=<EMPTY_MAP>
2019-10-02 22:41:02,422 [pool-37-thread-1] INFO  storage.RaftStorageDirectory (RaftStorageDirectory.java:analyzeStorage(246)) - The storage directory /workdir/hadoop-ozone/integration-test/target/test-dir/MiniOzoneClusterImpl-1280a0b3-f878-4ca8-95ef-4ba9662d664b/datanode-1/data/ratis/ff5c6407-5ef5-4ee5-8232-25216c954b7a does not exist. Creating ...
2019-10-02 22:41:02,422 [pool-47-thread-1] INFO  server.RaftServerConfigKeys (ConfUtils.java:logGet(43)) - raft.server.storage.dir = [/workdir/hadoop-ozone/integration-test/target/test-dir/MiniOzoneClusterImpl-1280a0b3-f878-4ca8-95ef-4ba9662d664b/datanode-2/data/ratis] (custom)
2019-10-02 22:41:02,422 [pool-47-thread-1] INFO  server.RaftServerConfigKeys (ConfUtils.java:logGet(43)) - raft.server.log.corruption.policy = EXCEPTION (default)
2019-10-02 22:41:02,423 [pool-47-thread-1] INFO  storage.RaftStorageDirectory (RaftStorageDirectory.java:analyzeStorage(246)) - The storage directory /workdir/hadoop-ozone/integration-test/target/test-dir/MiniOzoneClusterImpl-1280a0b3-f878-4ca8-95ef-4ba9662d664b/datanode-2/data/ratis/ff5c6407-5ef5-4ee5-8232-25216c954b7a does not exist. Creating ...
2019-10-02 22:41:02,434 [main] INFO  ozone.MiniOzoneClusterImpl (MiniOzoneClusterImpl.java:lambda$waitForClusterToBeReady$0(147)) - Cluster is ready. Got 3 of 3 DN Heartbeats.
2019-10-02 22:41:02,454 [pool-37-thread-1] INFO  storage.RaftStorageDirectory (RaftStorageDirectory.java:tryLock(328)) - Lock on /workdir/hadoop-ozone/integration-test/target/test-dir/MiniOzoneClusterImpl-1280a0b3-f878-4ca8-95ef-4ba9662d664b/datanode-1/data/ratis/ff5c6407-5ef5-4ee5-8232-25216c954b7a/in_use.lock acquired by nodename 4908@pr-hdds1737-lts7z-2510321508
2019-10-02 22:41:02,454 [pool-47-thread-1] INFO  storage.RaftStorageDirectory (RaftStorageDirectory.java:tryLock(328)) - Lock on /workdir/hadoop-ozone/integration-test/target/test-dir/MiniOzoneClusterImpl-1280a0b3-f878-4ca8-95ef-4ba9662d664b/datanode-2/data/ratis/ff5c6407-5ef5-4ee5-8232-25216c954b7a/in_use.lock acquired by nodename 4908@pr-hdds1737-lts7z-2510321508
2019-10-02 22:41:02,454 [pool-27-thread-1] INFO  storage.RaftStorageDirectory (RaftStorageDirectory.java:tryLock(328)) - Lock on /workdir/hadoop-ozone/integration-test/target/test-dir/MiniOzoneClusterImpl-1280a0b3-f878-4ca8-95ef-4ba9662d664b/datanode-0/data/ratis/ff5c6407-5ef5-4ee5-8232-25216c954b7a/in_use.lock acquired by nodename 4908@pr-hdds1737-lts7z-2510321508
2019-10-02 22:41:02,470 [pool-47-thread-1] INFO  storage.RaftStorage (RaftStorage.java:format(84)) - Storage directory /workdir/hadoop-ozone/integration-test/target/test-dir/MiniOzoneClusterImpl-1280a0b3-f878-4ca8-95ef-4ba9662d664b/datanode-2/data/ratis/ff5c6407-5ef5-4ee5-8232-25216c954b7a has been successfully formatted.
2019-10-02 22:41:02,470 [pool-37-thread-1] INFO  storage.RaftStorage (RaftStorage.java:format(84)) - Storage directory /workdir/hadoop-ozone/integration-test/target/test-dir/MiniOzoneClusterImpl-1280a0b3-f878-4ca8-95ef-4ba9662d664b/datanode-1/data/ratis/ff5c6407-5ef5-4ee5-8232-25216c954b7a has been successfully formatted.
2019-10-02 22:41:02,470 [pool-27-thread-1] INFO  storage.RaftStorage (RaftStorage.java:format(84)) - Storage directory /workdir/hadoop-ozone/integration-test/target/test-dir/MiniOzoneClusterImpl-1280a0b3-f878-4ca8-95ef-4ba9662d664b/datanode-0/data/ratis/ff5c6407-5ef5-4ee5-8232-25216c954b7a has been successfully formatted.
2019-10-02 22:41:02,470 [pool-47-thread-1] INFO  ratis.ContainerStateMachine (ContainerStateMachine.java:loadSnapshot(230)) - group-25216C954B7A: The snapshot info is null. Setting the last applied indexto:(t:0, i:~)
2019-10-02 22:41:02,471 [pool-27-thread-1] INFO  ratis.ContainerStateMachine (ContainerStateMachine.java:loadSnapshot(230)) - group-25216C954B7A: The snapshot info is null. Setting the last applied indexto:(t:0, i:~)
2019-10-02 22:41:02,470 [pool-37-thread-1] INFO  ratis.ContainerStateMachine (ContainerStateMachine.java:loadSnapshot(230)) - group-25216C954B7A: The snapshot info is null. Setting the last applied indexto:(t:0, i:~)
2019-10-02 22:41:02,471 [pool-47-thread-1] INFO  server.RaftServerConfigKeys (ConfUtils.java:logGet(43)) - raft.server.notification.no-leader.timeout = 1000s (custom)
2019-10-02 22:41:02,471 [pool-27-thread-1] INFO  server.RaftServerConfigKeys (ConfUtils.java:logGet(43)) - raft.server.notification.no-leader.timeout = 1000s (custom)
2019-10-02 22:41:02,471 [pool-37-thread-1] INFO  server.RaftServerConfigKeys (ConfUtils.java:logGet(43)) - raft.server.notification.no-leader.timeout = 1000s (custom)
2019-10-02 22:41:02,471 [pool-27-thread-1] INFO  server.RaftServerConfigKeys (ConfUtils.java:logGet(43)) - raft.server.log.use.memory = false (default)
2019-10-02 22:41:02,471 [pool-47-thread-1] INFO  server.RaftServerConfigKeys (ConfUtils.java:logGet(43)) - raft.server.log.use.memory = false (default)
2019-10-02 22:41:02,471 [pool-37-thread-1] INFO  server.RaftServerConfigKeys (ConfUtils.java:logGet(43)) - raft.server.log.use.memory = false (default)
2019-10-02 22:41:02,472 [pool-47-thread-1] INFO  server.RaftServerConfigKeys (ConfUtils.java:logGet(43)) - raft.server.log.purge.gap = 1000000 (custom)
2019-10-02 22:41:02,472 [pool-27-thread-1] INFO  server.RaftServerConfigKeys (ConfUtils.java:logGet(43)) - raft.server.log.purge.gap = 1000000 (custom)
2019-10-02 22:41:02,472 [pool-47-thread-1] INFO  server.RaftServerConfigKeys (ConfUtils.java:logGet(43)) - raft.server.log.appender.buffer.byte-limit = 33554432 (custom)
2019-10-02 22:41:02,472 [pool-37-thread-1] INFO  server.RaftServerConfigKeys (ConfUtils.java:logGet(43)) - raft.server.log.purge.gap = 1000000 (custom)
2019-10-02 22:41:02,472 [pool-47-thread-1] INFO  server.RaftServerConfigKeys (ConfUtils.java:logGet(43)) - raft.server.log.segment.size.max = 1048576 (custom)
2019-10-02 22:41:02,472 [pool-27-thread-1] INFO  server.RaftServerConfigKeys (ConfUtils.java:logGet(43)) - raft.server.log.appender.buffer.byte-limit = 33554432 (custom)
2019-10-02 22:41:02,473 [pool-47-thread-1] INFO  server.RaftServerConfigKeys (ConfUtils.java:logGet(43)) - raft.server.log.segment.cache.num.max = 2 (custom)
2019-10-02 22:41:02,472 [pool-37-thread-1] INFO  server.RaftServerConfigKeys (ConfUtils.java:logGet(43)) - raft.server.log.appender.buffer.byte-limit = 33554432 (custom)
2019-10-02 22:41:02,473 [pool-47-thread-1] INFO  segmented.SegmentedRaftLogWorker (SegmentedRaftLogWorker.java:<init>(173)) - new 1b5423a0-36c4-4dcb-9e4d-fbaf1cba6de9@group-25216C954B7A-SegmentedRaftLogWorker for RaftStorage:Storage Directory /workdir/hadoop-ozone/integration-test/target/test-dir/MiniOzoneClusterImpl-1280a0b3-f878-4ca8-95ef-4ba9662d664b/datanode-2/data/ratis/ff5c6407-5ef5-4ee5-8232-25216c954b7a
2019-10-02 22:41:02,473 [pool-27-thread-1] INFO  server.RaftServerConfigKeys (ConfUtils.java:logGet(43)) - raft.server.log.segment.size.max = 1048576 (custom)
2019-10-02 22:41:02,473 [pool-47-thread-1] INFO  server.RaftServerConfigKeys (ConfUtils.java:logGet(43)) - raft.server.log.queue.byte-limit = 2147483647 (custom)
2019-10-02 22:41:02,473 [pool-37-thread-1] INFO  server.RaftServerConfigKeys (ConfUtils.java:logGet(43)) - raft.server.log.segment.size.max = 1048576 (custom)
2019-10-02 22:41:02,474 [pool-47-thread-1] INFO  server.RaftServerConfigKeys (ConfUtils.java:logGet(43)) - raft.server.log.queue.element-limit = 1024 (custom)
2019-10-02 22:41:02,474 [pool-37-thread-1] INFO  server.RaftServerConfigKeys (ConfUtils.java:logGet(43)) - raft.server.log.segment.cache.num.max = 2 (custom)
2019-10-02 22:41:02,474 [pool-27-thread-1] INFO  server.RaftServerConfigKeys (ConfUtils.java:logGet(43)) - raft.server.log.segment.cache.num.max = 2 (custom)
2019-10-02 22:41:02,474 [pool-37-thread-1] INFO  segmented.SegmentedRaftLogWorker (SegmentedRaftLogWorker.java:<init>(173)) - new b538cbc7-c460-4ed7-9e56-8cd460542e65@group-25216C954B7A-SegmentedRaftLogWorker for RaftStorage:Storage Directory /workdir/hadoop-ozone/integration-test/target/test-dir/MiniOzoneClusterImpl-1280a0b3-f878-4ca8-95ef-4ba9662d664b/datanode-1/data/ratis/ff5c6407-5ef5-4ee5-8232-25216c954b7a
2019-10-02 22:41:02,474 [pool-47-thread-1] INFO  server.RaftServerConfigKeys (ConfUtils.java:logGet(43)) - raft.server.log.segment.size.max = 1048576 (custom)
2019-10-02 22:41:02,474 [pool-37-thread-1] INFO  server.RaftServerConfigKeys (ConfUtils.java:logGet(43)) - raft.server.log.queue.byte-limit = 2147483647 (custom)
2019-10-02 22:41:02,474 [pool-27-thread-1] INFO  segmented.SegmentedRaftLogWorker (SegmentedRaftLogWorker.java:<init>(173)) - new d1cdb5f4-8e11-4282-86cc-473472291632@group-25216C954B7A-SegmentedRaftLogWorker for RaftStorage:Storage Directory /workdir/hadoop-ozone/integration-test/target/test-dir/MiniOzoneClusterImpl-1280a0b3-f878-4ca8-95ef-4ba9662d664b/datanode-0/data/ratis/ff5c6407-5ef5-4ee5-8232-25216c954b7a
2019-10-02 22:41:02,475 [pool-37-thread-1] INFO  server.RaftServerConfigKeys (ConfUtils.java:logGet(43)) - raft.server.log.queue.element-limit = 1024 (custom)
2019-10-02 22:41:02,475 [pool-47-thread-1] INFO  server.RaftServerConfigKeys (ConfUtils.java:logGet(43)) - raft.server.log.preallocated.size = 16384 (custom)
2019-10-02 22:41:02,475 [pool-37-thread-1] INFO  server.RaftServerConfigKeys (ConfUtils.java:logGet(43)) - raft.server.log.segment.size.max = 1048576 (custom)
2019-10-02 22:41:02,475 [pool-27-thread-1] INFO  server.RaftServerConfigKeys (ConfUtils.java:logGet(43)) - raft.server.log.queue.byte-limit = 2147483647 (custom)
2019-10-02 22:41:02,475 [pool-37-thread-1] INFO  server.RaftServerConfigKeys (ConfUtils.java:logGet(43)) - raft.server.log.preallocated.size = 16384 (custom)
2019-10-02 22:41:02,475 [pool-47-thread-1] INFO  server.RaftServerConfigKeys (ConfUtils.java:logGet(43)) - raft.server.log.write.buffer.size = 33554432 (custom)
2019-10-02 22:41:02,476 [pool-37-thread-1] INFO  server.RaftServerConfigKeys (ConfUtils.java:logGet(43)) - raft.server.log.write.buffer.size = 33554432 (custom)
2019-10-02 22:41:02,476 [pool-27-thread-1] INFO  server.RaftServerConfigKeys (ConfUtils.java:logGet(43)) - raft.server.log.queue.element-limit = 1024 (custom)
2019-10-02 22:41:02,476 [pool-37-thread-1] INFO  server.RaftServerConfigKeys (ConfUtils.java:logGet(43)) - raft.server.log.force.sync.num = 128 (default)
2019-10-02 22:41:02,476 [pool-47-thread-1] INFO  server.RaftServerConfigKeys (ConfUtils.java:logGet(43)) - raft.server.log.force.sync.num = 128 (default)
2019-10-02 22:41:02,476 [pool-37-thread-1] INFO  server.RaftServerConfigKeys (ConfUtils.java:logGet(43)) - raft.server.log.statemachine.data.sync = true (default)
2019-10-02 22:41:02,476 [pool-27-thread-1] INFO  server.RaftServerConfigKeys (ConfUtils.java:logGet(43)) - raft.server.log.segment.size.max = 1048576 (custom)
2019-10-02 22:41:02,477 [pool-37-thread-1] INFO  server.RaftServerConfigKeys (ConfUtils.java:logGet(43)) - raft.server.log.statemachine.data.sync.timeout = 10s (default)
2019-10-02 22:41:02,476 [pool-47-thread-1] INFO  server.RaftServerConfigKeys (ConfUtils.java:logGet(43)) - raft.server.log.statemachine.data.sync = true (default)
2019-10-02 22:41:02,477 [pool-37-thread-1] INFO  server.RaftServerConfigKeys (ConfUtils.java:logGet(43)) - raft.server.log.statemachine.data.sync.timeout.retry = -1 (default)
2019-10-02 22:41:02,477 [pool-27-thread-1] INFO  server.RaftServerConfigKeys (ConfUtils.java:logGet(43)) - raft.server.log.preallocated.size = 16384 (custom)
2019-10-02 22:41:02,477 [pool-47-thread-1] INFO  server.RaftServerConfigKeys (ConfUtils.java:logGet(43)) - raft.server.log.statemachine.data.sync.timeout = 10s (default)
2019-10-02 22:41:02,477 [pool-27-thread-1] INFO  server.RaftServerConfigKeys (ConfUtils.java:logGet(43)) - raft.server.log.write.buffer.size = 33554432 (custom)
2019-10-02 22:41:02,477 [pool-37-thread-1] INFO  server.RaftServerConfigKeys (ConfUtils.java:logGet(43)) - raft.server.log.statemachine.data.caching.enabled = true (custom)
2019-10-02 22:41:02,478 [pool-27-thread-1] INFO  server.RaftServerConfigKeys (ConfUtils.java:logGet(43)) - raft.server.log.force.sync.num = 128 (default)
2019-10-02 22:41:02,478 [pool-47-thread-1] INFO  server.RaftServerConfigKeys (ConfUtils.java:logGet(43)) - raft.server.log.statemachine.data.sync.timeout.retry = -1 (default)
2019-10-02 22:41:02,478 [pool-27-thread-1] INFO  server.RaftServerConfigKeys (ConfUtils.java:logGet(43)) - raft.server.log.statemachine.data.sync = true (default)
2019-10-02 22:41:02,478 [pool-37-thread-1] INFO  segmented.SegmentedRaftLogWorker (SegmentedRaftLogWorker.java:lambda$new$0(128)) - b538cbc7-c460-4ed7-9e56-8cd460542e65@group-25216C954B7A-SegmentedRaftLogWorker: flushIndex: setUnconditionally 0 -> -1
2019-10-02 22:41:02,479 [pool-27-thread-1] INFO  server.RaftServerConfigKeys (ConfUtils.java:logGet(43)) - raft.server.log.statemachine.data.sync.timeout = 10s (default)
2019-10-02 22:41:02,479 [pool-47-thread-1] INFO  server.RaftServerConfigKeys (ConfUtils.java:logGet(43)) - raft.server.log.statemachine.data.caching.enabled = true (custom)
2019-10-02 22:41:02,479 [pool-27-thread-1] INFO  server.RaftServerConfigKeys (ConfUtils.java:logGet(43)) - raft.server.log.statemachine.data.sync.timeout.retry = -1 (default)
2019-10-02 22:41:02,479 [pool-37-thread-1] INFO  server.RaftServerConfigKeys (ConfUtils.java:logGet(43)) - raft.server.snapshot.auto.trigger.enabled = true (custom)
2019-10-02 22:41:02,480 [pool-47-thread-1] INFO  segmented.SegmentedRaftLogWorker (SegmentedRaftLogWorker.java:lambda$new$0(128)) - 1b5423a0-36c4-4dcb-9e4d-fbaf1cba6de9@group-25216C954B7A-SegmentedRaftLogWorker: flushIndex: setUnconditionally 0 -> -1
2019-10-02 22:41:02,479 [pool-27-thread-1] INFO  server.RaftServerConfigKeys (ConfUtils.java:logGet(43)) - raft.server.log.statemachine.data.caching.enabled = true (custom)
2019-10-02 22:41:02,480 [pool-37-thread-1] INFO  server.RaftServerConfigKeys (ConfUtils.java:logGet(43)) - raft.server.snapshot.auto.trigger.threshold = 10000 (custom)
2019-10-02 22:41:02,480 [pool-47-thread-1] INFO  server.RaftServerConfigKeys (ConfUtils.java:logGet(43)) - raft.server.snapshot.auto.trigger.enabled = true (custom)
2019-10-02 22:41:02,480 [pool-27-thread-1] INFO  segmented.SegmentedRaftLogWorker (SegmentedRaftLogWorker.java:lambda$new$0(128)) - d1cdb5f4-8e11-4282-86cc-473472291632@group-25216C954B7A-SegmentedRaftLogWorker: flushIndex: setUnconditionally 0 -> -1
2019-10-02 22:41:02,480 [pool-37-thread-1] INFO  server.RaftServerConfigKeys (ConfUtils.java:logGet(43)) - raft.server.snapshot.retention.file.num = 5 (custom)
2019-10-02 22:41:02,480 [pool-47-thread-1] INFO  server.RaftServerConfigKeys (ConfUtils.java:logGet(43)) - raft.server.snapshot.auto.trigger.threshold = 10000 (custom)
2019-10-02 22:41:02,480 [pool-37-thread-1] INFO  server.RaftServerConfigKeys (ConfUtils.java:logGet(43)) - raft.server.retrycache.expirytime = 600000ms (custom)
2019-10-02 22:41:02,480 [pool-27-thread-1] INFO  server.RaftServerConfigKeys (ConfUtils.java:logGet(43)) - raft.server.snapshot.auto.trigger.enabled = true (custom)
2019-10-02 22:41:02,480 [pool-47-thread-1] INFO  server.RaftServerConfigKeys (ConfUtils.java:logGet(43)) - raft.server.snapshot.retention.file.num = 5 (custom)
2019-10-02 22:41:02,481 [pool-27-thread-1] INFO  server.RaftServerConfigKeys (ConfUtils.java:logGet(43)) - raft.server.snapshot.auto.trigger.threshold = 10000 (custom)
2019-10-02 22:41:02,481 [pool-27-thread-1] INFO  server.RaftServerConfigKeys (ConfUtils.java:logGet(43)) - raft.server.snapshot.retention.file.num = 5 (custom)
2019-10-02 22:41:02,481 [pool-47-thread-1] INFO  server.RaftServerConfigKeys (ConfUtils.java:logGet(43)) - raft.server.retrycache.expirytime = 600000ms (custom)
2019-10-02 22:41:02,482 [pool-27-thread-1] INFO  server.RaftServerConfigKeys (ConfUtils.java:logGet(43)) - raft.server.retrycache.expirytime = 600000ms (custom)
2019-10-02 22:41:02,487 [pool-27-thread-1] INFO  impl.RaftServerImpl (RaftServerImpl.java:start(181)) - d1cdb5f4-8e11-4282-86cc-473472291632@group-25216C954B7A: start as a follower, conf=-1: [b538cbc7-c460-4ed7-9e56-8cd460542e65:192.168.30.30:35196, 1b5423a0-36c4-4dcb-9e4d-fbaf1cba6de9:192.168.30.30:33142, d1cdb5f4-8e11-4282-86cc-473472291632:192.168.30.30:42036], old=null
2019-10-02 22:41:02,487 [pool-37-thread-1] INFO  impl.RaftServerImpl (RaftServerImpl.java:start(181)) - b538cbc7-c460-4ed7-9e56-8cd460542e65@group-25216C954B7A: start as a follower, conf=-1: [b538cbc7-c460-4ed7-9e56-8cd460542e65:192.168.30.30:35196, 1b5423a0-36c4-4dcb-9e4d-fbaf1cba6de9:192.168.30.30:33142, d1cdb5f4-8e11-4282-86cc-473472291632:192.168.30.30:42036], old=null
2019-10-02 22:41:02,487 [pool-27-thread-1] INFO  impl.RaftServerImpl (RaftServerImpl.java:setRole(170)) - d1cdb5f4-8e11-4282-86cc-473472291632@group-25216C954B7A: changes role from      null to FOLLOWER at term 0 for startAsFollower
2019-10-02 22:41:02,487 [pool-37-thread-1] INFO  impl.RaftServerImpl (RaftServerImpl.java:setRole(170)) - b538cbc7-c460-4ed7-9e56-8cd460542e65@group-25216C954B7A: changes role from      null to FOLLOWER at term 0 for startAsFollower
2019-10-02 22:41:02,487 [pool-27-thread-1] INFO  impl.RoleInfo (RoleInfo.java:updateAndGet(143)) - d1cdb5f4-8e11-4282-86cc-473472291632: start FollowerState
2019-10-02 22:41:02,487 [pool-37-thread-1] INFO  impl.RoleInfo (RoleInfo.java:updateAndGet(143)) - b538cbc7-c460-4ed7-9e56-8cd460542e65: start FollowerState
2019-10-02 22:41:02,488 [pool-27-thread-1] INFO  util.JmxRegister (JmxRegister.java:tryRegister(44)) - Successfully registered JMX Bean with object name Ratis:service=RaftServer,group=group-25216C954B7A,id=d1cdb5f4-8e11-4282-86cc-473472291632
2019-10-02 22:41:02,488 [pool-37-thread-1] INFO  util.JmxRegister (JmxRegister.java:tryRegister(44)) - Successfully registered JMX Bean with object name Ratis:service=RaftServer,group=group-25216C954B7A,id=b538cbc7-c460-4ed7-9e56-8cd460542e65
2019-10-02 22:41:02,488 [pool-47-thread-1] INFO  impl.RaftServerImpl (RaftServerImpl.java:start(181)) - 1b5423a0-36c4-4dcb-9e4d-fbaf1cba6de9@group-25216C954B7A: start as a follower, conf=-1: [b538cbc7-c460-4ed7-9e56-8cd460542e65:192.168.30.30:35196, 1b5423a0-36c4-4dcb-9e4d-fbaf1cba6de9:192.168.30.30:33142, d1cdb5f4-8e11-4282-86cc-473472291632:192.168.30.30:42036], old=null
2019-10-02 22:41:02,488 [pool-47-thread-1] INFO  impl.RaftServerImpl (RaftServerImpl.java:setRole(170)) - 1b5423a0-36c4-4dcb-9e4d-fbaf1cba6de9@group-25216C954B7A: changes role from      null to FOLLOWER at term 0 for startAsFollower
2019-10-02 22:41:02,488 [pool-47-thread-1] INFO  impl.RoleInfo (RoleInfo.java:updateAndGet(143)) - 1b5423a0-36c4-4dcb-9e4d-fbaf1cba6de9: start FollowerState
2019-10-02 22:41:02,489 [pool-47-thread-1] INFO  util.JmxRegister (JmxRegister.java:tryRegister(44)) - Successfully registered JMX Bean with object name Ratis:service=RaftServer,group=group-25216C954B7A,id=1b5423a0-36c4-4dcb-9e4d-fbaf1cba6de9
2019-10-02 22:41:02,522 [RatisPipelineUtilsThread] INFO  pipeline.PipelineStateManager (PipelineStateManager.java:addPipeline(56)) - Created pipeline Pipeline[ Id: ff5c6407-5ef5-4ee5-8232-25216c954b7a, Nodes: d1cdb5f4-8e11-4282-86cc-473472291632{ip: 192.168.30.30, host: pr-hdds1737-lts7z-2510321508, networkLocation: /default-rack, certSerialId: null}1b5423a0-36c4-4dcb-9e4d-fbaf1cba6de9{ip: 192.168.30.30, host: pr-hdds1737-lts7z-2510321508, networkLocation: /default-rack, certSerialId: null}b538cbc7-c460-4ed7-9e56-8cd460542e65{ip: 192.168.30.30, host: pr-hdds1737-lts7z-2510321508, networkLocation: /default-rack, certSerialId: null}, Type:RATIS, Factor:THREE, State:OPEN]
2019-10-02 22:41:02,891 [main] INFO  rpc.RpcClient (RpcClient.java:createVolume(276)) - Creating Volume: testcontainerstatemachinefailures, with jenkins1000 as owner.
2019-10-02 22:41:02,979 [IPC Server handler 1 on 35467] INFO  volume.OMVolumeCreateRequest (OMVolumeCreateRequest.java:validateAndUpdateCache(194)) - created volume:testcontainerstatemachinefailures for user:jenkins1000
2019-10-02 22:41:03,009 [main] INFO  rpc.RpcClient (RpcClient.java:createBucket(415)) - Creating Bucket: testcontainerstatemachinefailures/testcontainerstatemachinefailures, with Versioning false and Storage Type set to DISK and Encryption set to false 
2019-10-02 22:41:03,401 [main] INFO  impl.MetricsSystemImpl (MetricsSystemImpl.java:init(158)) - XceiverClientMetrics metrics system started (again)
2019-10-02 22:41:04,297 [Thread-181] INFO  container.ReplicationManager (ReplicationManager.java:start(162)) - Starting Replication Monitor Thread.
2019-10-02 22:41:04,301 [ReplicationMonitor] INFO  container.ReplicationManager (ReplicationManager.java:run(225)) - Replication Monitor Thread took 3 milliseconds for processing 1 containers.
2019-10-02 22:41:07,189 [Thread-186] INFO  impl.FollowerState (FollowerState.java:run(108)) - d1cdb5f4-8e11-4282-86cc-473472291632@group-C40104CB9197-FollowerState: change to CANDIDATE, lastRpcTime:5200ms, electionTimeout:5199ms
2019-10-02 22:41:07,193 [Thread-186] INFO  impl.RoleInfo (RoleInfo.java:shutdownFollowerState(121)) - d1cdb5f4-8e11-4282-86cc-473472291632: shutdown FollowerState
2019-10-02 22:41:07,193 [Thread-186] INFO  impl.RaftServerImpl (RaftServerImpl.java:setRole(170)) - d1cdb5f4-8e11-4282-86cc-473472291632@group-C40104CB9197: changes role from  FOLLOWER to CANDIDATE at term 0 for changeToCandidate
2019-10-02 22:41:07,210 [Thread-186] INFO  impl.RoleInfo (RoleInfo.java:updateAndGet(143)) - d1cdb5f4-8e11-4282-86cc-473472291632: start LeaderElection
2019-10-02 22:41:07,266 [d1cdb5f4-8e11-4282-86cc-473472291632@group-C40104CB9197-LeaderElection1] INFO  impl.LeaderElection (LeaderElection.java:askForVotes(178)) - d1cdb5f4-8e11-4282-86cc-473472291632@group-C40104CB9197-LeaderElection1: begin an election at term 1 for -1: [d1cdb5f4-8e11-4282-86cc-473472291632:192.168.30.30:42036], old=null
2019-10-02 22:41:07,267 [d1cdb5f4-8e11-4282-86cc-473472291632@group-C40104CB9197-LeaderElection1] INFO  impl.RoleInfo (RoleInfo.java:shutdownLeaderElection(134)) - d1cdb5f4-8e11-4282-86cc-473472291632: shutdown LeaderElection
2019-10-02 22:41:07,268 [d1cdb5f4-8e11-4282-86cc-473472291632@group-C40104CB9197-LeaderElection1] INFO  impl.RaftServerImpl (RaftServerImpl.java:setRole(170)) - d1cdb5f4-8e11-4282-86cc-473472291632@group-C40104CB9197: changes role from CANDIDATE to LEADER at term 1 for changeToLeader
2019-10-02 22:41:07,269 [d1cdb5f4-8e11-4282-86cc-473472291632@group-C40104CB9197-LeaderElection1] INFO  impl.RaftServerImpl (ServerState.java:setLeader(255)) - d1cdb5f4-8e11-4282-86cc-473472291632@group-C40104CB9197: change Leader from null to d1cdb5f4-8e11-4282-86cc-473472291632 at term 1 for becomeLeader, leader elected after 5396ms
2019-10-02 22:41:07,276 [d1cdb5f4-8e11-4282-86cc-473472291632@group-C40104CB9197-LeaderElection1] INFO  server.RaftServerConfigKeys (ConfUtils.java:logGet(43)) - raft.server.staging.catchup.gap = 1000 (default)
2019-10-02 22:41:07,268 [Thread-189] INFO  impl.FollowerState (FollowerState.java:run(108)) - 1b5423a0-36c4-4dcb-9e4d-fbaf1cba6de9@group-67BD0D272554-FollowerState: change to CANDIDATE, lastRpcTime:5050ms, electionTimeout:5049ms
2019-10-02 22:41:07,276 [Thread-189] INFO  impl.RoleInfo (RoleInfo.java:shutdownFollowerState(121)) - 1b5423a0-36c4-4dcb-9e4d-fbaf1cba6de9: shutdown FollowerState
2019-10-02 22:41:07,277 [Thread-189] INFO  impl.RaftServerImpl (RaftServerImpl.java:setRole(170)) - 1b5423a0-36c4-4dcb-9e4d-fbaf1cba6de9@group-67BD0D272554: changes role from  FOLLOWER to CANDIDATE at term 0 for changeToCandidate
2019-10-02 22:41:07,277 [Thread-189] INFO  impl.RoleInfo (RoleInfo.java:updateAndGet(143)) - 1b5423a0-36c4-4dcb-9e4d-fbaf1cba6de9: start LeaderElection
2019-10-02 22:41:07,277 [d1cdb5f4-8e11-4282-86cc-473472291632@group-C40104CB9197-LeaderElection1] INFO  server.RaftServerConfigKeys (ConfUtils.java:logGet(43)) - raft.server.rpc.sleep.time = 25ms (default)
2019-10-02 22:41:07,293 [d1cdb5f4-8e11-4282-86cc-473472291632@group-C40104CB9197-LeaderElection1] INFO  server.RaftServerConfigKeys (ConfUtils.java:logGet(43)) - raft.server.write.element-limit = 4096 (default)
2019-10-02 22:41:07,297 [d1cdb5f4-8e11-4282-86cc-473472291632@group-C40104CB9197-LeaderElection1] INFO  server.RaftServerConfigKeys (ConfUtils.java:logGet(43)) - raft.server.watch.timeout = 10s (default)
2019-10-02 22:41:07,297 [d1cdb5f4-8e11-4282-86cc-473472291632@group-C40104CB9197-LeaderElection1] INFO  server.RaftServerConfigKeys (ConfUtils.java:logGet(43)) - raft.server.watch.timeout.denomination = 1s (default)
2019-10-02 22:41:07,298 [d1cdb5f4-8e11-4282-86cc-473472291632@group-C40104CB9197-LeaderElection1] INFO  server.RaftServerConfigKeys (ConfUtils.java:logGet(43)) - raft.server.watch.element-limit = 65536 (default)
2019-10-02 22:41:07,309 [1b5423a0-36c4-4dcb-9e4d-fbaf1cba6de9@group-67BD0D272554-LeaderElection2] INFO  impl.LeaderElection (LeaderElection.java:askForVotes(178)) - 1b5423a0-36c4-4dcb-9e4d-fbaf1cba6de9@group-67BD0D272554-LeaderElection2: begin an election at term 1 for -1: [1b5423a0-36c4-4dcb-9e4d-fbaf1cba6de9:192.168.30.30:33142], old=null
2019-10-02 22:41:07,311 [1b5423a0-36c4-4dcb-9e4d-fbaf1cba6de9@group-67BD0D272554-LeaderElection2] INFO  impl.RoleInfo (RoleInfo.java:shutdownLeaderElection(134)) - 1b5423a0-36c4-4dcb-9e4d-fbaf1cba6de9: shutdown LeaderElection
2019-10-02 22:41:07,312 [1b5423a0-36c4-4dcb-9e4d-fbaf1cba6de9@group-67BD0D272554-LeaderElection2] INFO  impl.RaftServerImpl (RaftServerImpl.java:setRole(170)) - 1b5423a0-36c4-4dcb-9e4d-fbaf1cba6de9@group-67BD0D272554: changes role from CANDIDATE to LEADER at term 1 for changeToLeader
2019-10-02 22:41:07,312 [1b5423a0-36c4-4dcb-9e4d-fbaf1cba6de9@group-67BD0D272554-LeaderElection2] INFO  impl.RaftServerImpl (ServerState.java:setLeader(255)) - 1b5423a0-36c4-4dcb-9e4d-fbaf1cba6de9@group-67BD0D272554: change Leader from null to 1b5423a0-36c4-4dcb-9e4d-fbaf1cba6de9 at term 1 for becomeLeader, leader elected after 5113ms
2019-10-02 22:41:07,312 [1b5423a0-36c4-4dcb-9e4d-fbaf1cba6de9@group-67BD0D272554-LeaderElection2] INFO  server.RaftServerConfigKeys (ConfUtils.java:logGet(43)) - raft.server.staging.catchup.gap = 1000 (default)
2019-10-02 22:41:07,312 [1b5423a0-36c4-4dcb-9e4d-fbaf1cba6de9@group-67BD0D272554-LeaderElection2] INFO  server.RaftServerConfigKeys (ConfUtils.java:logGet(43)) - raft.server.rpc.sleep.time = 25ms (default)
2019-10-02 22:41:07,312 [1b5423a0-36c4-4dcb-9e4d-fbaf1cba6de9@group-67BD0D272554-LeaderElection2] INFO  server.RaftServerConfigKeys (ConfUtils.java:logGet(43)) - raft.server.write.element-limit = 4096 (default)
2019-10-02 22:41:07,312 [1b5423a0-36c4-4dcb-9e4d-fbaf1cba6de9@group-67BD0D272554-LeaderElection2] INFO  server.RaftServerConfigKeys (ConfUtils.java:logGet(43)) - raft.server.watch.timeout = 10s (default)
2019-10-02 22:41:07,313 [1b5423a0-36c4-4dcb-9e4d-fbaf1cba6de9@group-67BD0D272554-LeaderElection2] INFO  server.RaftServerConfigKeys (ConfUtils.java:logGet(43)) - raft.server.watch.timeout.denomination = 1s (default)
2019-10-02 22:41:07,313 [1b5423a0-36c4-4dcb-9e4d-fbaf1cba6de9@group-67BD0D272554-LeaderElection2] INFO  server.RaftServerConfigKeys (ConfUtils.java:logGet(43)) - raft.server.watch.element-limit = 65536 (default)
2019-10-02 22:41:07,342 [1b5423a0-36c4-4dcb-9e4d-fbaf1cba6de9@group-67BD0D272554-LeaderElection2] INFO  impl.RoleInfo (RoleInfo.java:updateAndGet(143)) - 1b5423a0-36c4-4dcb-9e4d-fbaf1cba6de9: start LeaderState
2019-10-02 22:41:07,349 [d1cdb5f4-8e11-4282-86cc-473472291632@group-C40104CB9197-LeaderElection1] INFO  impl.RoleInfo (RoleInfo.java:updateAndGet(143)) - d1cdb5f4-8e11-4282-86cc-473472291632: start LeaderState
2019-10-02 22:41:07,367 [1b5423a0-36c4-4dcb-9e4d-fbaf1cba6de9@group-67BD0D272554-LeaderElection2] INFO  segmented.SegmentedRaftLogWorker (SegmentedRaftLogWorker.java:startLogSegment(385)) - 1b5423a0-36c4-4dcb-9e4d-fbaf1cba6de9@group-67BD0D272554-SegmentedRaftLogWorker: Starting segment from index:0
2019-10-02 22:41:07,367 [d1cdb5f4-8e11-4282-86cc-473472291632@group-C40104CB9197-LeaderElection1] INFO  segmented.SegmentedRaftLogWorker (SegmentedRaftLogWorker.java:startLogSegment(385)) - d1cdb5f4-8e11-4282-86cc-473472291632@group-C40104CB9197-SegmentedRaftLogWorker: Starting segment from index:0
2019-10-02 22:41:07,367 [Thread-192] INFO  impl.FollowerState (FollowerState.java:run(108)) - b538cbc7-c460-4ed7-9e56-8cd460542e65@group-3AEDDD0D52CC-FollowerState: change to CANDIDATE, lastRpcTime:5001ms, electionTimeout:5001ms
2019-10-02 22:41:07,368 [Thread-192] INFO  impl.RoleInfo (RoleInfo.java:shutdownFollowerState(121)) - b538cbc7-c460-4ed7-9e56-8cd460542e65: shutdown FollowerState
2019-10-02 22:41:07,368 [Thread-192] INFO  impl.RaftServerImpl (RaftServerImpl.java:setRole(170)) - b538cbc7-c460-4ed7-9e56-8cd460542e65@group-3AEDDD0D52CC: changes role from  FOLLOWER to CANDIDATE at term 0 for changeToCandidate
2019-10-02 22:41:07,368 [Thread-192] INFO  impl.RoleInfo (RoleInfo.java:updateAndGet(143)) - b538cbc7-c460-4ed7-9e56-8cd460542e65: start LeaderElection
2019-10-02 22:41:07,404 [d1cdb5f4-8e11-4282-86cc-473472291632@group-C40104CB9197-LeaderElection1] INFO  impl.RaftServerImpl (ServerState.java:setRaftConf(356)) - d1cdb5f4-8e11-4282-86cc-473472291632@group-C40104CB9197: set configuration 0: [d1cdb5f4-8e11-4282-86cc-473472291632:192.168.30.30:42036], old=null at 0
2019-10-02 22:41:07,404 [1b5423a0-36c4-4dcb-9e4d-fbaf1cba6de9@group-67BD0D272554-LeaderElection2] INFO  impl.RaftServerImpl (ServerState.java:setRaftConf(356)) - 1b5423a0-36c4-4dcb-9e4d-fbaf1cba6de9@group-67BD0D272554: set configuration 0: [1b5423a0-36c4-4dcb-9e4d-fbaf1cba6de9:192.168.30.30:33142], old=null at 0
2019-10-02 22:41:07,437 [b538cbc7-c460-4ed7-9e56-8cd460542e65@group-3AEDDD0D52CC-LeaderElection3] INFO  impl.LeaderElection (LeaderElection.java:askForVotes(178)) - b538cbc7-c460-4ed7-9e56-8cd460542e65@group-3AEDDD0D52CC-LeaderElection3: begin an election at term 1 for -1: [b538cbc7-c460-4ed7-9e56-8cd460542e65:192.168.30.30:35196], old=null
2019-10-02 22:41:07,437 [b538cbc7-c460-4ed7-9e56-8cd460542e65@group-3AEDDD0D52CC-LeaderElection3] INFO  impl.RoleInfo (RoleInfo.java:shutdownLeaderElection(134)) - b538cbc7-c460-4ed7-9e56-8cd460542e65: shutdown LeaderElection
2019-10-02 22:41:07,437 [b538cbc7-c460-4ed7-9e56-8cd460542e65@group-3AEDDD0D52CC-LeaderElection3] INFO  impl.RaftServerImpl (RaftServerImpl.java:setRole(170)) - b538cbc7-c460-4ed7-9e56-8cd460542e65@group-3AEDDD0D52CC: changes role from CANDIDATE to LEADER at term 1 for changeToLeader
2019-10-02 22:41:07,437 [b538cbc7-c460-4ed7-9e56-8cd460542e65@group-3AEDDD0D52CC-LeaderElection3] INFO  impl.RaftServerImpl (ServerState.java:setLeader(255)) - b538cbc7-c460-4ed7-9e56-8cd460542e65@group-3AEDDD0D52CC: change Leader from null to b538cbc7-c460-4ed7-9e56-8cd460542e65 at term 1 for becomeLeader, leader elected after 5107ms
2019-10-02 22:41:07,438 [b538cbc7-c460-4ed7-9e56-8cd460542e65@group-3AEDDD0D52CC-LeaderElection3] INFO  server.RaftServerConfigKeys (ConfUtils.java:logGet(43)) - raft.server.staging.catchup.gap = 1000 (default)
2019-10-02 22:41:07,438 [b538cbc7-c460-4ed7-9e56-8cd460542e65@group-3AEDDD0D52CC-LeaderElection3] INFO  server.RaftServerConfigKeys (ConfUtils.java:logGet(43)) - raft.server.rpc.sleep.time = 25ms (default)
2019-10-02 22:41:07,438 [b538cbc7-c460-4ed7-9e56-8cd460542e65@group-3AEDDD0D52CC-LeaderElection3] INFO  server.RaftServerConfigKeys (ConfUtils.java:logGet(43)) - raft.server.write.element-limit = 4096 (default)
2019-10-02 22:41:07,438 [b538cbc7-c460-4ed7-9e56-8cd460542e65@group-3AEDDD0D52CC-LeaderElection3] INFO  server.RaftServerConfigKeys (ConfUtils.java:logGet(43)) - raft.server.watch.timeout = 10s (default)
2019-10-02 22:41:07,438 [b538cbc7-c460-4ed7-9e56-8cd460542e65@group-3AEDDD0D52CC-LeaderElection3] INFO  server.RaftServerConfigKeys (ConfUtils.java:logGet(43)) - raft.server.watch.timeout.denomination = 1s (default)
2019-10-02 22:41:07,439 [b538cbc7-c460-4ed7-9e56-8cd460542e65@group-3AEDDD0D52CC-LeaderElection3] INFO  server.RaftServerConfigKeys (ConfUtils.java:logGet(43)) - raft.server.watch.element-limit = 65536 (default)
2019-10-02 22:41:07,442 [b538cbc7-c460-4ed7-9e56-8cd460542e65@group-3AEDDD0D52CC-LeaderElection3] INFO  impl.RoleInfo (RoleInfo.java:updateAndGet(143)) - b538cbc7-c460-4ed7-9e56-8cd460542e65: start LeaderState
2019-10-02 22:41:07,443 [b538cbc7-c460-4ed7-9e56-8cd460542e65@group-3AEDDD0D52CC-LeaderElection3] INFO  segmented.SegmentedRaftLogWorker (SegmentedRaftLogWorker.java:startLogSegment(385)) - b538cbc7-c460-4ed7-9e56-8cd460542e65@group-3AEDDD0D52CC-SegmentedRaftLogWorker: Starting segment from index:0
2019-10-02 22:41:07,443 [b538cbc7-c460-4ed7-9e56-8cd460542e65@group-3AEDDD0D52CC-LeaderElection3] INFO  impl.RaftServerImpl (ServerState.java:setRaftConf(356)) - b538cbc7-c460-4ed7-9e56-8cd460542e65@group-3AEDDD0D52CC: set configuration 0: [b538cbc7-c460-4ed7-9e56-8cd460542e65:192.168.30.30:35196], old=null at 0
2019-10-02 22:41:07,582 [Thread-198] INFO  impl.FollowerState (FollowerState.java:run(108)) - b538cbc7-c460-4ed7-9e56-8cd460542e65@group-25216C954B7A-FollowerState: change to CANDIDATE, lastRpcTime:5094ms, electionTimeout:5094ms
2019-10-02 22:41:07,582 [Thread-198] INFO  impl.RoleInfo (RoleInfo.java:shutdownFollowerState(121)) - b538cbc7-c460-4ed7-9e56-8cd460542e65: shutdown FollowerState
2019-10-02 22:41:07,582 [Thread-198] INFO  impl.RaftServerImpl (RaftServerImpl.java:setRole(170)) - b538cbc7-c460-4ed7-9e56-8cd460542e65@group-25216C954B7A: changes role from  FOLLOWER to CANDIDATE at term 0 for changeToCandidate
2019-10-02 22:41:07,582 [Thread-198] INFO  impl.RoleInfo (RoleInfo.java:updateAndGet(143)) - b538cbc7-c460-4ed7-9e56-8cd460542e65: start LeaderElection
2019-10-02 22:41:07,621 [b538cbc7-c460-4ed7-9e56-8cd460542e65@group-25216C954B7A-LeaderElection4] INFO  impl.LeaderElection (LeaderElection.java:askForVotes(178)) - b538cbc7-c460-4ed7-9e56-8cd460542e65@group-25216C954B7A-LeaderElection4: begin an election at term 1 for -1: [b538cbc7-c460-4ed7-9e56-8cd460542e65:192.168.30.30:35196, 1b5423a0-36c4-4dcb-9e4d-fbaf1cba6de9:192.168.30.30:33142, d1cdb5f4-8e11-4282-86cc-473472291632:192.168.30.30:42036], old=null
2019-10-02 22:41:07,627 [Thread-197] INFO  impl.FollowerState (FollowerState.java:run(108)) - d1cdb5f4-8e11-4282-86cc-473472291632@group-25216C954B7A-FollowerState: change to CANDIDATE, lastRpcTime:5139ms, electionTimeout:5134ms
2019-10-02 22:41:07,636 [Thread-197] INFO  impl.RoleInfo (RoleInfo.java:shutdownFollowerState(121)) - d1cdb5f4-8e11-4282-86cc-473472291632: shutdown FollowerState
2019-10-02 22:41:07,637 [Thread-197] INFO  impl.RaftServerImpl (RaftServerImpl.java:setRole(170)) - d1cdb5f4-8e11-4282-86cc-473472291632@group-25216C954B7A: changes role from  FOLLOWER to CANDIDATE at term 0 for changeToCandidate
2019-10-02 22:41:07,637 [Thread-197] INFO  impl.RoleInfo (RoleInfo.java:updateAndGet(143)) - d1cdb5f4-8e11-4282-86cc-473472291632: start LeaderElection
2019-10-02 22:41:07,670 [Thread-199] INFO  impl.FollowerState (FollowerState.java:run(108)) - 1b5423a0-36c4-4dcb-9e4d-fbaf1cba6de9@group-25216C954B7A-FollowerState: change to CANDIDATE, lastRpcTime:5182ms, electionTimeout:5157ms
2019-10-02 22:41:07,671 [Thread-199] INFO  impl.RoleInfo (RoleInfo.java:shutdownFollowerState(121)) - 1b5423a0-36c4-4dcb-9e4d-fbaf1cba6de9: shutdown FollowerState
2019-10-02 22:41:07,671 [Thread-199] INFO  impl.RaftServerImpl (RaftServerImpl.java:setRole(170)) - 1b5423a0-36c4-4dcb-9e4d-fbaf1cba6de9@group-25216C954B7A: changes role from  FOLLOWER to CANDIDATE at term 0 for changeToCandidate
2019-10-02 22:41:07,671 [Thread-199] INFO  impl.RoleInfo (RoleInfo.java:updateAndGet(143)) - 1b5423a0-36c4-4dcb-9e4d-fbaf1cba6de9: start LeaderElection
2019-10-02 22:41:07,729 [1b5423a0-36c4-4dcb-9e4d-fbaf1cba6de9@group-67BD0D272554-SegmentedRaftLogWorker] INFO  segmented.SegmentedRaftLogWorker (SegmentedRaftLogWorker.java:execute(574)) - 1b5423a0-36c4-4dcb-9e4d-fbaf1cba6de9@group-67BD0D272554-SegmentedRaftLogWorker: created new log segment /workdir/hadoop-ozone/integration-test/target/test-dir/MiniOzoneClusterImpl-1280a0b3-f878-4ca8-95ef-4ba9662d664b/datanode-2/data/ratis/07805252-3d5c-40ae-8dde-67bd0d272554/current/log_inprogress_0
2019-10-02 22:41:07,730 [1b5423a0-36c4-4dcb-9e4d-fbaf1cba6de9@group-25216C954B7A-LeaderElection6] INFO  impl.LeaderElection (LeaderElection.java:askForVotes(178)) - 1b5423a0-36c4-4dcb-9e4d-fbaf1cba6de9@group-25216C954B7A-LeaderElection6: begin an election at term 1 for -1: [b538cbc7-c460-4ed7-9e56-8cd460542e65:192.168.30.30:35196, 1b5423a0-36c4-4dcb-9e4d-fbaf1cba6de9:192.168.30.30:33142, d1cdb5f4-8e11-4282-86cc-473472291632:192.168.30.30:42036], old=null
2019-10-02 22:41:07,729 [b538cbc7-c460-4ed7-9e56-8cd460542e65@group-3AEDDD0D52CC-SegmentedRaftLogWorker] INFO  segmented.SegmentedRaftLogWorker (SegmentedRaftLogWorker.java:execute(574)) - b538cbc7-c460-4ed7-9e56-8cd460542e65@group-3AEDDD0D52CC-SegmentedRaftLogWorker: created new log segment /workdir/hadoop-ozone/integration-test/target/test-dir/MiniOzoneClusterImpl-1280a0b3-f878-4ca8-95ef-4ba9662d664b/datanode-1/data/ratis/cedb0872-0a2f-4d1d-ae2d-3aeddd0d52cc/current/log_inprogress_0
2019-10-02 22:41:07,731 [d1cdb5f4-8e11-4282-86cc-473472291632@group-25216C954B7A-LeaderElection5] INFO  impl.LeaderElection (LeaderElection.java:askForVotes(178)) - d1cdb5f4-8e11-4282-86cc-473472291632@group-25216C954B7A-LeaderElection5: begin an election at term 1 for -1: [b538cbc7-c460-4ed7-9e56-8cd460542e65:192.168.30.30:35196, 1b5423a0-36c4-4dcb-9e4d-fbaf1cba6de9:192.168.30.30:33142, d1cdb5f4-8e11-4282-86cc-473472291632:192.168.30.30:42036], old=null
2019-10-02 22:41:07,755 [d1cdb5f4-8e11-4282-86cc-473472291632@group-C40104CB9197-SegmentedRaftLogWorker] INFO  segmented.SegmentedRaftLogWorker (SegmentedRaftLogWorker.java:execute(574)) - d1cdb5f4-8e11-4282-86cc-473472291632@group-C40104CB9197-SegmentedRaftLogWorker: created new log segment /workdir/hadoop-ozone/integration-test/target/test-dir/MiniOzoneClusterImpl-1280a0b3-f878-4ca8-95ef-4ba9662d664b/datanode-0/data/ratis/3b66628f-a8fe-41e9-bbc5-c40104cb9197/current/log_inprogress_0
2019-10-02 22:41:07,844 [b538cbc7-c460-4ed7-9e56-8cd460542e65@group-25216C954B7A-LeaderElection4] INFO  impl.LeaderElection (LeaderElection.java:logAndReturn(56)) - b538cbc7-c460-4ed7-9e56-8cd460542e65@group-25216C954B7A-LeaderElection4: Election REJECTED; received 2 response(s) [b538cbc7-c460-4ed7-9e56-8cd460542e65<-1b5423a0-36c4-4dcb-9e4d-fbaf1cba6de9#0:FAIL-t1, b538cbc7-c460-4ed7-9e56-8cd460542e65<-d1cdb5f4-8e11-4282-86cc-473472291632#0:FAIL-t1] and 0 exception(s); b538cbc7-c460-4ed7-9e56-8cd460542e65@group-25216C954B7A:t1, leader=null, voted=b538cbc7-c460-4ed7-9e56-8cd460542e65, raftlog=b538cbc7-c460-4ed7-9e56-8cd460542e65@group-25216C954B7A-SegmentedRaftLog:OPENED:c-1,f-1,i0, conf=-1: [b538cbc7-c460-4ed7-9e56-8cd460542e65:192.168.30.30:35196, 1b5423a0-36c4-4dcb-9e4d-fbaf1cba6de9:192.168.30.30:33142, d1cdb5f4-8e11-4282-86cc-473472291632:192.168.30.30:42036], old=null
2019-10-02 22:41:07,844 [b538cbc7-c460-4ed7-9e56-8cd460542e65@group-25216C954B7A-LeaderElection4] INFO  impl.RaftServerImpl (RaftServerImpl.java:setRole(170)) - b538cbc7-c460-4ed7-9e56-8cd460542e65@group-25216C954B7A: changes role from CANDIDATE to FOLLOWER at term 1 for DISCOVERED_A_NEW_TERM
2019-10-02 22:41:07,845 [b538cbc7-c460-4ed7-9e56-8cd460542e65@group-25216C954B7A-LeaderElection4] INFO  impl.RoleInfo (RoleInfo.java:shutdownLeaderElection(134)) - b538cbc7-c460-4ed7-9e56-8cd460542e65: shutdown LeaderElection
2019-10-02 22:41:07,845 [b538cbc7-c460-4ed7-9e56-8cd460542e65@group-25216C954B7A-LeaderElection4] INFO  impl.RoleInfo (RoleInfo.java:updateAndGet(143)) - b538cbc7-c460-4ed7-9e56-8cd460542e65: start FollowerState
2019-10-02 22:41:07,874 [1b5423a0-36c4-4dcb-9e4d-fbaf1cba6de9@group-25216C954B7A-LeaderElection6] INFO  impl.LeaderElection (LeaderElection.java:logAndReturn(56)) - 1b5423a0-36c4-4dcb-9e4d-fbaf1cba6de9@group-25216C954B7A-LeaderElection6: Election REJECTED; received 2 response(s) [1b5423a0-36c4-4dcb-9e4d-fbaf1cba6de9<-b538cbc7-c460-4ed7-9e56-8cd460542e65#0:FAIL-t1, 1b5423a0-36c4-4dcb-9e4d-fbaf1cba6de9<-d1cdb5f4-8e11-4282-86cc-473472291632#0:FAIL-t1] and 0 exception(s); 1b5423a0-36c4-4dcb-9e4d-fbaf1cba6de9@group-25216C954B7A:t1, leader=null, voted=1b5423a0-36c4-4dcb-9e4d-fbaf1cba6de9, raftlog=1b5423a0-36c4-4dcb-9e4d-fbaf1cba6de9@group-25216C954B7A-SegmentedRaftLog:OPENED:c-1,f-1,i0, conf=-1: [b538cbc7-c460-4ed7-9e56-8cd460542e65:192.168.30.30:35196, 1b5423a0-36c4-4dcb-9e4d-fbaf1cba6de9:192.168.30.30:33142, d1cdb5f4-8e11-4282-86cc-473472291632:192.168.30.30:42036], old=null
2019-10-02 22:41:07,877 [1b5423a0-36c4-4dcb-9e4d-fbaf1cba6de9@group-25216C954B7A-LeaderElection6] INFO  impl.RaftServerImpl (RaftServerImpl.java:setRole(170)) - 1b5423a0-36c4-4dcb-9e4d-fbaf1cba6de9@group-25216C954B7A: changes role from CANDIDATE to FOLLOWER at term 1 for DISCOVERED_A_NEW_TERM
2019-10-02 22:41:07,877 [1b5423a0-36c4-4dcb-9e4d-fbaf1cba6de9@group-25216C954B7A-LeaderElection6] INFO  impl.RoleInfo (RoleInfo.java:shutdownLeaderElection(134)) - 1b5423a0-36c4-4dcb-9e4d-fbaf1cba6de9: shutdown LeaderElection
2019-10-02 22:41:07,878 [1b5423a0-36c4-4dcb-9e4d-fbaf1cba6de9@group-25216C954B7A-LeaderElection6] INFO  impl.RoleInfo (RoleInfo.java:updateAndGet(143)) - 1b5423a0-36c4-4dcb-9e4d-fbaf1cba6de9: start FollowerState
2019-10-02 22:41:07,881 [d1cdb5f4-8e11-4282-86cc-473472291632@group-25216C954B7A-LeaderElection5] INFO  impl.LeaderElection (LeaderElection.java:logAndReturn(56)) - d1cdb5f4-8e11-4282-86cc-473472291632@group-25216C954B7A-LeaderElection5: Election REJECTED; received 2 response(s) [d1cdb5f4-8e11-4282-86cc-473472291632<-b538cbc7-c460-4ed7-9e56-8cd460542e65#0:FAIL-t1, d1cdb5f4-8e11-4282-86cc-473472291632<-1b5423a0-36c4-4dcb-9e4d-fbaf1cba6de9#0:FAIL-t1] and 0 exception(s); d1cdb5f4-8e11-4282-86cc-473472291632@group-25216C954B7A:t1, leader=null, voted=d1cdb5f4-8e11-4282-86cc-473472291632, raftlog=d1cdb5f4-8e11-4282-86cc-473472291632@group-25216C954B7A-SegmentedRaftLog:OPENED:c-1,f-1,i0, conf=-1: [b538cbc7-c460-4ed7-9e56-8cd460542e65:192.168.30.30:35196, 1b5423a0-36c4-4dcb-9e4d-fbaf1cba6de9:192.168.30.30:33142, d1cdb5f4-8e11-4282-86cc-473472291632:192.168.30.30:42036], old=null
2019-10-02 22:41:07,885 [d1cdb5f4-8e11-4282-86cc-473472291632@group-25216C954B7A-LeaderElection5] INFO  impl.RaftServerImpl (RaftServerImpl.java:setRole(170)) - d1cdb5f4-8e11-4282-86cc-473472291632@group-25216C954B7A: changes role from CANDIDATE to FOLLOWER at term 1 for DISCOVERED_A_NEW_TERM
2019-10-02 22:41:07,885 [d1cdb5f4-8e11-4282-86cc-473472291632@group-25216C954B7A-LeaderElection5] INFO  impl.RoleInfo (RoleInfo.java:shutdownLeaderElection(134)) - d1cdb5f4-8e11-4282-86cc-473472291632: shutdown LeaderElection
2019-10-02 22:41:07,885 [d1cdb5f4-8e11-4282-86cc-473472291632@group-25216C954B7A-LeaderElection5] INFO  impl.RoleInfo (RoleInfo.java:updateAndGet(143)) - d1cdb5f4-8e11-4282-86cc-473472291632: start FollowerState
2019-10-02 22:41:12,887 [Thread-253] INFO  impl.FollowerState (FollowerState.java:run(108)) - d1cdb5f4-8e11-4282-86cc-473472291632@group-25216C954B7A-FollowerState: change to CANDIDATE, lastRpcTime:5002ms, electionTimeout:5000ms
2019-10-02 22:41:12,889 [Thread-253] INFO  impl.RoleInfo (RoleInfo.java:shutdownFollowerState(121)) - d1cdb5f4-8e11-4282-86cc-473472291632: shutdown FollowerState
2019-10-02 22:41:12,889 [Thread-253] INFO  impl.RaftServerImpl (RaftServerImpl.java:setRole(170)) - d1cdb5f4-8e11-4282-86cc-473472291632@group-25216C954B7A: changes role from  FOLLOWER to CANDIDATE at term 1 for changeToCandidate
2019-10-02 22:41:12,889 [Thread-253] INFO  impl.RoleInfo (RoleInfo.java:updateAndGet(143)) - d1cdb5f4-8e11-4282-86cc-473472291632: start LeaderElection
2019-10-02 22:41:12,914 [d1cdb5f4-8e11-4282-86cc-473472291632@group-25216C954B7A-LeaderElection7] INFO  impl.LeaderElection (LeaderElection.java:askForVotes(178)) - d1cdb5f4-8e11-4282-86cc-473472291632@group-25216C954B7A-LeaderElection7: begin an election at term 2 for -1: [b538cbc7-c460-4ed7-9e56-8cd460542e65:192.168.30.30:35196, 1b5423a0-36c4-4dcb-9e4d-fbaf1cba6de9:192.168.30.30:33142, d1cdb5f4-8e11-4282-86cc-473472291632:192.168.30.30:42036], old=null
2019-10-02 22:41:12,920 [grpc-default-executor-1] INFO  impl.RaftServerImpl (RaftServerImpl.java:setRole(170)) - b538cbc7-c460-4ed7-9e56-8cd460542e65@group-25216C954B7A: changes role from  FOLLOWER to FOLLOWER at term 2 for recognizeCandidate:d1cdb5f4-8e11-4282-86cc-473472291632
2019-10-02 22:41:12,920 [grpc-default-executor-3] INFO  impl.RaftServerImpl (RaftServerImpl.java:setRole(170)) - 1b5423a0-36c4-4dcb-9e4d-fbaf1cba6de9@group-25216C954B7A: changes role from  FOLLOWER to FOLLOWER at term 2 for recognizeCandidate:d1cdb5f4-8e11-4282-86cc-473472291632
2019-10-02 22:41:12,921 [grpc-default-executor-1] INFO  impl.RoleInfo (RoleInfo.java:shutdownFollowerState(121)) - b538cbc7-c460-4ed7-9e56-8cd460542e65: shutdown FollowerState
2019-10-02 22:41:12,921 [grpc-default-executor-3] INFO  impl.RoleInfo (RoleInfo.java:shutdownFollowerState(121)) - 1b5423a0-36c4-4dcb-9e4d-fbaf1cba6de9: shutdown FollowerState
2019-10-02 22:41:12,921 [Thread-251] INFO  impl.FollowerState (FollowerState.java:run(117)) - b538cbc7-c460-4ed7-9e56-8cd460542e65@group-25216C954B7A-FollowerState was interrupted: java.lang.InterruptedException: sleep interrupted
2019-10-02 22:41:12,921 [grpc-default-executor-1] INFO  impl.RoleInfo (RoleInfo.java:updateAndGet(143)) - b538cbc7-c460-4ed7-9e56-8cd460542e65: start FollowerState
2019-10-02 22:41:12,921 [grpc-default-executor-3] INFO  impl.RoleInfo (RoleInfo.java:updateAndGet(143)) - 1b5423a0-36c4-4dcb-9e4d-fbaf1cba6de9: start FollowerState
2019-10-02 22:41:12,921 [Thread-252] INFO  impl.FollowerState (FollowerState.java:run(117)) - 1b5423a0-36c4-4dcb-9e4d-fbaf1cba6de9@group-25216C954B7A-FollowerState was interrupted: java.lang.InterruptedException: sleep interrupted
2019-10-02 22:41:12,952 [d1cdb5f4-8e11-4282-86cc-473472291632@group-25216C954B7A-LeaderElection7] INFO  impl.LeaderElection (LeaderElection.java:logAndReturn(56)) - d1cdb5f4-8e11-4282-86cc-473472291632@group-25216C954B7A-LeaderElection7: Election PASSED; received 1 response(s) [d1cdb5f4-8e11-4282-86cc-473472291632<-1b5423a0-36c4-4dcb-9e4d-fbaf1cba6de9#0:OK-t2] and 0 exception(s); d1cdb5f4-8e11-4282-86cc-473472291632@group-25216C954B7A:t2, leader=null, voted=d1cdb5f4-8e11-4282-86cc-473472291632, raftlog=d1cdb5f4-8e11-4282-86cc-473472291632@group-25216C954B7A-SegmentedRaftLog:OPENED:c-1,f-1,i0, conf=-1: [b538cbc7-c460-4ed7-9e56-8cd460542e65:192.168.30.30:35196, 1b5423a0-36c4-4dcb-9e4d-fbaf1cba6de9:192.168.30.30:33142, d1cdb5f4-8e11-4282-86cc-473472291632:192.168.30.30:42036], old=null
2019-10-02 22:41:12,952 [d1cdb5f4-8e11-4282-86cc-473472291632@group-25216C954B7A-LeaderElection7] INFO  impl.RoleInfo (RoleInfo.java:shutdownLeaderElection(134)) - d1cdb5f4-8e11-4282-86cc-473472291632: shutdown LeaderElection
2019-10-02 22:41:12,954 [d1cdb5f4-8e11-4282-86cc-473472291632@group-25216C954B7A-LeaderElection7] INFO  impl.RaftServerImpl (RaftServerImpl.java:setRole(170)) - d1cdb5f4-8e11-4282-86cc-473472291632@group-25216C954B7A: changes role from CANDIDATE to LEADER at term 2 for changeToLeader
2019-10-02 22:41:12,954 [d1cdb5f4-8e11-4282-86cc-473472291632@group-25216C954B7A-LeaderElection7] INFO  impl.RaftServerImpl (ServerState.java:setLeader(255)) - d1cdb5f4-8e11-4282-86cc-473472291632@group-25216C954B7A: change Leader from null to d1cdb5f4-8e11-4282-86cc-473472291632 at term 2 for becomeLeader, leader elected after 10483ms
2019-10-02 22:41:12,955 [d1cdb5f4-8e11-4282-86cc-473472291632@group-25216C954B7A-LeaderElection7] INFO  server.RaftServerConfigKeys (ConfUtils.java:logGet(43)) - raft.server.staging.catchup.gap = 1000 (default)
2019-10-02 22:41:12,955 [d1cdb5f4-8e11-4282-86cc-473472291632@group-25216C954B7A-LeaderElection7] INFO  server.RaftServerConfigKeys (ConfUtils.java:logGet(43)) - raft.server.rpc.sleep.time = 25ms (default)
2019-10-02 22:41:12,955 [d1cdb5f4-8e11-4282-86cc-473472291632@group-25216C954B7A-LeaderElection7] INFO  server.RaftServerConfigKeys (ConfUtils.java:logGet(43)) - raft.server.write.element-limit = 4096 (default)
2019-10-02 22:41:12,955 [d1cdb5f4-8e11-4282-86cc-473472291632@group-25216C954B7A-LeaderElection7] INFO  server.RaftServerConfigKeys (ConfUtils.java:logGet(43)) - raft.server.watch.timeout = 10s (default)
2019-10-02 22:41:12,955 [d1cdb5f4-8e11-4282-86cc-473472291632@group-25216C954B7A-LeaderElection7] INFO  server.RaftServerConfigKeys (ConfUtils.java:logGet(43)) - raft.server.watch.timeout.denomination = 1s (default)
2019-10-02 22:41:12,956 [d1cdb5f4-8e11-4282-86cc-473472291632@group-25216C954B7A-LeaderElection7] INFO  server.RaftServerConfigKeys (ConfUtils.java:logGet(43)) - raft.server.watch.element-limit = 65536 (default)
2019-10-02 22:41:12,962 [d1cdb5f4-8e11-4282-86cc-473472291632@group-25216C954B7A-LeaderElection7] INFO  server.RaftServerConfigKeys (ConfUtils.java:logGet(43)) - raft.server.log.appender.snapshot.chunk.size.max = 16MB (=16777216) (default)
2019-10-02 22:41:12,962 [d1cdb5f4-8e11-4282-86cc-473472291632@group-25216C954B7A-LeaderElection7] INFO  server.RaftServerConfigKeys (ConfUtils.java:logGet(43)) - raft.server.log.appender.buffer.byte-limit = 33554432 (custom)
2019-10-02 22:41:12,964 [d1cdb5f4-8e11-4282-86cc-473472291632@group-25216C954B7A-LeaderElection7] INFO  server.RaftServerConfigKeys (ConfUtils.java:logGet(43)) - raft.server.log.appender.buffer.element-limit = 1 (custom)
2019-10-02 22:41:12,967 [d1cdb5f4-8e11-4282-86cc-473472291632@group-25216C954B7A-LeaderElection7] INFO  grpc.GrpcConfigKeys$Server (ConfUtils.java:logGet(43)) - raft.grpc.server.leader.outstanding.appends.max = 128 (default)
2019-10-02 22:41:12,968 [d1cdb5f4-8e11-4282-86cc-473472291632@group-25216C954B7A-LeaderElection7] INFO  server.RaftServerConfigKeys (ConfUtils.java:logGet(43)) - raft.server.rpc.request.timeout = 3000ms (default)
2019-10-02 22:41:12,969 [d1cdb5f4-8e11-4282-86cc-473472291632@group-25216C954B7A-LeaderElection7] INFO  server.RaftServerConfigKeys (ConfUtils.java:logGet(43)) - raft.server.log.appender.install.snapshot.enabled = false (custom)
2019-10-02 22:41:12,970 [d1cdb5f4-8e11-4282-86cc-473472291632@group-25216C954B7A-LeaderElection7] INFO  server.RaftServerConfigKeys (ConfUtils.java:logGet(43)) - raft.server.log.appender.snapshot.chunk.size.max = 16MB (=16777216) (default)
2019-10-02 22:41:12,970 [d1cdb5f4-8e11-4282-86cc-473472291632@group-25216C954B7A-LeaderElection7] INFO  server.RaftServerConfigKeys (ConfUtils.java:logGet(43)) - raft.server.log.appender.buffer.byte-limit = 33554432 (custom)
2019-10-02 22:41:12,970 [d1cdb5f4-8e11-4282-86cc-473472291632@group-25216C954B7A-LeaderElection7] INFO  server.RaftServerConfigKeys (ConfUtils.java:logGet(43)) - raft.server.log.appender.buffer.element-limit = 1 (custom)
2019-10-02 22:41:12,970 [d1cdb5f4-8e11-4282-86cc-473472291632@group-25216C954B7A-LeaderElection7] INFO  grpc.GrpcConfigKeys$Server (ConfUtils.java:logGet(43)) - raft.grpc.server.leader.outstanding.appends.max = 128 (default)
2019-10-02 22:41:12,970 [d1cdb5f4-8e11-4282-86cc-473472291632@group-25216C954B7A-LeaderElection7] INFO  server.RaftServerConfigKeys (ConfUtils.java:logGet(43)) - raft.server.rpc.request.timeout = 3000ms (default)
2019-10-02 22:41:12,971 [d1cdb5f4-8e11-4282-86cc-473472291632@group-25216C954B7A-LeaderElection7] INFO  server.RaftServerConfigKeys (ConfUtils.java:logGet(43)) - raft.server.log.appender.install.snapshot.enabled = false (custom)
2019-10-02 22:41:12,972 [d1cdb5f4-8e11-4282-86cc-473472291632@group-25216C954B7A-LeaderElection7] INFO  impl.RoleInfo (RoleInfo.java:updateAndGet(143)) - d1cdb5f4-8e11-4282-86cc-473472291632: start LeaderState
2019-10-02 22:41:12,973 [d1cdb5f4-8e11-4282-86cc-473472291632@group-25216C954B7A-LeaderElection7] INFO  segmented.SegmentedRaftLogWorker (SegmentedRaftLogWorker.java:startLogSegment(385)) - d1cdb5f4-8e11-4282-86cc-473472291632@group-25216C954B7A-SegmentedRaftLogWorker: Starting segment from index:0
2019-10-02 22:41:12,974 [d1cdb5f4-8e11-4282-86cc-473472291632@group-25216C954B7A-LeaderElection7] INFO  impl.RaftServerImpl (ServerState.java:setRaftConf(356)) - d1cdb5f4-8e11-4282-86cc-473472291632@group-25216C954B7A: set configuration 0: [b538cbc7-c460-4ed7-9e56-8cd460542e65:192.168.30.30:35196, 1b5423a0-36c4-4dcb-9e4d-fbaf1cba6de9:192.168.30.30:33142, d1cdb5f4-8e11-4282-86cc-473472291632:192.168.30.30:42036], old=null at 0
2019-10-02 22:41:13,023 [grpc-default-executor-1] INFO  impl.RaftServerImpl (ServerState.java:setLeader(255)) - b538cbc7-c460-4ed7-9e56-8cd460542e65@group-25216C954B7A: change Leader from null to d1cdb5f4-8e11-4282-86cc-473472291632 at term 2 for appendEntries, leader elected after 10551ms
2019-10-02 22:41:13,023 [grpc-default-executor-3] INFO  impl.RaftServerImpl (ServerState.java:setLeader(255)) - 1b5423a0-36c4-4dcb-9e4d-fbaf1cba6de9@group-25216C954B7A: change Leader from null to d1cdb5f4-8e11-4282-86cc-473472291632 at term 2 for appendEntries, leader elected after 10552ms
2019-10-02 22:41:13,027 [d1cdb5f4-8e11-4282-86cc-473472291632@group-25216C954B7A-SegmentedRaftLogWorker] INFO  segmented.SegmentedRaftLogWorker (SegmentedRaftLogWorker.java:execute(574)) - d1cdb5f4-8e11-4282-86cc-473472291632@group-25216C954B7A-SegmentedRaftLogWorker: created new log segment /workdir/hadoop-ozone/integration-test/target/test-dir/MiniOzoneClusterImpl-1280a0b3-f878-4ca8-95ef-4ba9662d664b/datanode-0/data/ratis/ff5c6407-5ef5-4ee5-8232-25216c954b7a/current/log_inprogress_0
2019-10-02 22:41:13,049 [grpc-default-executor-3] INFO  impl.RaftServerImpl (ServerState.java:setRaftConf(356)) - 1b5423a0-36c4-4dcb-9e4d-fbaf1cba6de9@group-25216C954B7A: set configuration 0: [b538cbc7-c460-4ed7-9e56-8cd460542e65:192.168.30.30:35196, 1b5423a0-36c4-4dcb-9e4d-fbaf1cba6de9:192.168.30.30:33142, d1cdb5f4-8e11-4282-86cc-473472291632:192.168.30.30:42036], old=null at 0
2019-10-02 22:41:13,049 [grpc-default-executor-1] INFO  impl.RaftServerImpl (ServerState.java:setRaftConf(356)) - b538cbc7-c460-4ed7-9e56-8cd460542e65@group-25216C954B7A: set configuration 0: [b538cbc7-c460-4ed7-9e56-8cd460542e65:192.168.30.30:35196, 1b5423a0-36c4-4dcb-9e4d-fbaf1cba6de9:192.168.30.30:33142, d1cdb5f4-8e11-4282-86cc-473472291632:192.168.30.30:42036], old=null at 0
2019-10-02 22:41:13,049 [grpc-default-executor-3] INFO  segmented.SegmentedRaftLogWorker (SegmentedRaftLogWorker.java:startLogSegment(385)) - 1b5423a0-36c4-4dcb-9e4d-fbaf1cba6de9@group-25216C954B7A-SegmentedRaftLogWorker: Starting segment from index:0
2019-10-02 22:41:13,050 [grpc-default-executor-1] INFO  segmented.SegmentedRaftLogWorker (SegmentedRaftLogWorker.java:startLogSegment(385)) - b538cbc7-c460-4ed7-9e56-8cd460542e65@group-25216C954B7A-SegmentedRaftLogWorker: Starting segment from index:0
2019-10-02 22:41:13,097 [b538cbc7-c460-4ed7-9e56-8cd460542e65@group-25216C954B7A-SegmentedRaftLogWorker] INFO  segmented.SegmentedRaftLogWorker (SegmentedRaftLogWorker.java:execute(574)) - b538cbc7-c460-4ed7-9e56-8cd460542e65@group-25216C954B7A-SegmentedRaftLogWorker: created new log segment /workdir/hadoop-ozone/integration-test/target/test-dir/MiniOzoneClusterImpl-1280a0b3-f878-4ca8-95ef-4ba9662d664b/datanode-1/data/ratis/ff5c6407-5ef5-4ee5-8232-25216c954b7a/current/log_inprogress_0
2019-10-02 22:41:13,097 [1b5423a0-36c4-4dcb-9e4d-fbaf1cba6de9@group-25216C954B7A-SegmentedRaftLogWorker] INFO  segmented.SegmentedRaftLogWorker (SegmentedRaftLogWorker.java:execute(574)) - 1b5423a0-36c4-4dcb-9e4d-fbaf1cba6de9@group-25216C954B7A-SegmentedRaftLogWorker: created new log segment /workdir/hadoop-ozone/integration-test/target/test-dir/MiniOzoneClusterImpl-1280a0b3-f878-4ca8-95ef-4ba9662d664b/datanode-2/data/ratis/ff5c6407-5ef5-4ee5-8232-25216c954b7a/current/log_inprogress_0
2019-10-02 22:41:14,268 [Datanode State Machine Thread - 0] INFO  statemachine.DatanodeStateMachine (DatanodeStateMachine.java:lambda$startDaemon$0(350)) - Ozone container server started.
2019-10-02 22:41:19,259 [main] INFO  ozoneimpl.OzoneContainer (OzoneContainer.java:stop(231)) - Attempting to stop container services.
2019-10-02 22:41:19,261 [main] INFO  impl.RaftServerProxy (RaftServerProxy.java:lambda$close$4(314)) - 1b5423a0-36c4-4dcb-9e4d-fbaf1cba6de9: close
2019-10-02 22:41:19,262 [main] INFO  impl.RaftServerImpl (RaftServerImpl.java:lambda$shutdown$3(247)) - 1b5423a0-36c4-4dcb-9e4d-fbaf1cba6de9@group-67BD0D272554: shutdown
2019-10-02 22:41:19,262 [main] INFO  util.JmxRegister (JmxRegister.java:unregister(73)) - Successfully un-registered JMX Bean with object name Ratis:service=RaftServer,group=group-67BD0D272554,id=1b5423a0-36c4-4dcb-9e4d-fbaf1cba6de9
2019-10-02 22:41:19,262 [main] INFO  impl.RoleInfo (RoleInfo.java:shutdownLeaderState(104)) - 1b5423a0-36c4-4dcb-9e4d-fbaf1cba6de9: shutdown LeaderState
2019-10-02 22:41:19,263 [main] INFO  impl.PendingRequests (PendingRequests.java:sendNotLeaderResponses(202)) - 1b5423a0-36c4-4dcb-9e4d-fbaf1cba6de9@group-67BD0D272554-PendingRequests: sendNotLeaderResponses
2019-10-02 22:41:19,265 [main] INFO  impl.StateMachineUpdater (StateMachineUpdater.java:stopAndJoin(136)) - 1b5423a0-36c4-4dcb-9e4d-fbaf1cba6de9@group-67BD0D272554-StateMachineUpdater: set stopIndex = 0
2019-10-02 22:41:19,265 [main] INFO  impl.RaftServerImpl (ServerState.java:close(387)) - 1b5423a0-36c4-4dcb-9e4d-fbaf1cba6de9@group-67BD0D272554: closes. applyIndex: 0
2019-10-02 22:41:19,267 [1b5423a0-36c4-4dcb-9e4d-fbaf1cba6de9@group-67BD0D272554-SegmentedRaftLogWorker] INFO  segmented.SegmentedRaftLogWorker (SegmentedRaftLogWorker.java:run(316)) - 1b5423a0-36c4-4dcb-9e4d-fbaf1cba6de9@group-67BD0D272554-SegmentedRaftLogWorker was interrupted, exiting. There are 0 tasks remaining in the queue.
2019-10-02 22:41:19,271 [main] INFO  segmented.SegmentedRaftLogWorker (SegmentedRaftLogWorker.java:close(224)) - 1b5423a0-36c4-4dcb-9e4d-fbaf1cba6de9@group-67BD0D272554-SegmentedRaftLogWorker close()
2019-10-02 22:41:19,273 [main] INFO  impl.RaftServerImpl (RaftServerImpl.java:lambda$shutdown$3(247)) - 1b5423a0-36c4-4dcb-9e4d-fbaf1cba6de9@group-25216C954B7A: shutdown
2019-10-02 22:41:19,274 [main] INFO  util.JmxRegister (JmxRegister.java:unregister(73)) - Successfully un-registered JMX Bean with object name Ratis:service=RaftServer,group=group-25216C954B7A,id=1b5423a0-36c4-4dcb-9e4d-fbaf1cba6de9
2019-10-02 22:41:19,274 [main] INFO  impl.RoleInfo (RoleInfo.java:shutdownFollowerState(121)) - 1b5423a0-36c4-4dcb-9e4d-fbaf1cba6de9: shutdown FollowerState
2019-10-02 22:41:19,274 [main] INFO  impl.StateMachineUpdater (StateMachineUpdater.java:stopAndJoin(136)) - 1b5423a0-36c4-4dcb-9e4d-fbaf1cba6de9@group-25216C954B7A-StateMachineUpdater: set stopIndex = 4
2019-10-02 22:41:19,274 [Thread-268] INFO  impl.FollowerState (FollowerState.java:run(117)) - 1b5423a0-36c4-4dcb-9e4d-fbaf1cba6de9@group-25216C954B7A-FollowerState was interrupted: java.lang.InterruptedException: sleep interrupted
2019-10-02 22:41:19,274 [1b5423a0-36c4-4dcb-9e4d-fbaf1cba6de9@group-25216C954B7A-StateMachineUpdater] INFO  ratis.ContainerStateMachine (ContainerStateMachine.java:takeSnapshot(289)) - group-25216C954B7A: Taking a snapshot at:(t:2, i:3) file /workdir/hadoop-ozone/integration-test/target/test-dir/MiniOzoneClusterImpl-1280a0b3-f878-4ca8-95ef-4ba9662d664b/datanode-2/data/ratis/ff5c6407-5ef5-4ee5-8232-25216c954b7a/sm/snapshot.2_3
2019-10-02 22:41:19,321 [1b5423a0-36c4-4dcb-9e4d-fbaf1cba6de9@group-25216C954B7A-StateMachineUpdater] INFO  ratis.ContainerStateMachine (ContainerStateMachine.java:takeSnapshot(300)) - group-25216C954B7A: Finished taking a snapshot at:(t:2, i:3) file:/workdir/hadoop-ozone/integration-test/target/test-dir/MiniOzoneClusterImpl-1280a0b3-f878-4ca8-95ef-4ba9662d664b/datanode-2/data/ratis/ff5c6407-5ef5-4ee5-8232-25216c954b7a/sm/snapshot.2_3 time:47
2019-10-02 22:41:19,323 [1b5423a0-36c4-4dcb-9e4d-fbaf1cba6de9@group-25216C954B7A-StateMachineUpdater] INFO  impl.StateMachineUpdater (StateMachineUpdater.java:takeSnapshot(269)) - 1b5423a0-36c4-4dcb-9e4d-fbaf1cba6de9@group-25216C954B7A-StateMachineUpdater: Took a snapshot at index 3
2019-10-02 22:41:19,329 [1b5423a0-36c4-4dcb-9e4d-fbaf1cba6de9@group-25216C954B7A-StateMachineUpdater] INFO  impl.StateMachineUpdater (StateMachineUpdater.java:lambda$new$0(84)) - 1b5423a0-36c4-4dcb-9e4d-fbaf1cba6de9@group-25216C954B7A-StateMachineUpdater: snapshotIndex: updateIncreasingly -1 -> 3
2019-10-02 22:41:19,333 [1b5423a0-36c4-4dcb-9e4d-fbaf1cba6de9@group-25216C954B7A-StateMachineUpdater] INFO  ratis.ContainerStateMachine (ContainerStateMachine.java:takeSnapshot(289)) - group-25216C954B7A: Taking a snapshot at:(t:2, i:3) file /workdir/hadoop-ozone/integration-test/target/test-dir/MiniOzoneClusterImpl-1280a0b3-f878-4ca8-95ef-4ba9662d664b/datanode-2/data/ratis/ff5c6407-5ef5-4ee5-8232-25216c954b7a/sm/snapshot.2_3
2019-10-02 22:41:19,356 [1b5423a0-36c4-4dcb-9e4d-fbaf1cba6de9@group-25216C954B7A-StateMachineUpdater] INFO  ratis.ContainerStateMachine (ContainerStateMachine.java:takeSnapshot(300)) - group-25216C954B7A: Finished taking a snapshot at:(t:2, i:3) file:/workdir/hadoop-ozone/integration-test/target/test-dir/MiniOzoneClusterImpl-1280a0b3-f878-4ca8-95ef-4ba9662d664b/datanode-2/data/ratis/ff5c6407-5ef5-4ee5-8232-25216c954b7a/sm/snapshot.2_3 time:23
2019-10-02 22:41:19,356 [1b5423a0-36c4-4dcb-9e4d-fbaf1cba6de9@group-25216C954B7A-StateMachineUpdater] INFO  impl.StateMachineUpdater (StateMachineUpdater.java:takeSnapshot(269)) - 1b5423a0-36c4-4dcb-9e4d-fbaf1cba6de9@group-25216C954B7A-StateMachineUpdater: Took a snapshot at index 3
2019-10-02 22:41:19,356 [1b5423a0-36c4-4dcb-9e4d-fbaf1cba6de9@group-25216C954B7A-StateMachineUpdater] INFO  impl.StateMachineUpdater (StateMachineUpdater.java:lambda$new$0(84)) - 1b5423a0-36c4-4dcb-9e4d-fbaf1cba6de9@group-25216C954B7A-StateMachineUpdater: snapshotIndex: updateIncreasingly 3 -> 3
2019-10-02 22:41:19,357 [main] INFO  impl.RaftServerImpl (ServerState.java:close(387)) - 1b5423a0-36c4-4dcb-9e4d-fbaf1cba6de9@group-25216C954B7A: closes. applyIndex: 4
2019-10-02 22:41:19,358 [1b5423a0-36c4-4dcb-9e4d-fbaf1cba6de9@group-25216C954B7A-SegmentedRaftLogWorker] INFO  segmented.SegmentedRaftLogWorker (SegmentedRaftLogWorker.java:run(316)) - 1b5423a0-36c4-4dcb-9e4d-fbaf1cba6de9@group-25216C954B7A-SegmentedRaftLogWorker was interrupted, exiting. There are 0 tasks remaining in the queue.
2019-10-02 22:41:19,364 [main] INFO  segmented.SegmentedRaftLogWorker (SegmentedRaftLogWorker.java:close(224)) - 1b5423a0-36c4-4dcb-9e4d-fbaf1cba6de9@group-25216C954B7A-SegmentedRaftLogWorker close()
2019-10-02 22:41:19,368 [main] INFO  server.GrpcService (GrpcService.java:closeImpl(164)) - 1b5423a0-36c4-4dcb-9e4d-fbaf1cba6de9: shutdown server with port 33142 now
2019-10-02 22:41:19,377 [grpc-default-executor-3] WARN  server.GrpcServerProtocolService (LogUtils.java:warn(134)) - 1b5423a0-36c4-4dcb-9e4d-fbaf1cba6de9: installSnapshot onError, lastRequest: d1cdb5f4-8e11-4282-86cc-473472291632->1b5423a0-36c4-4dcb-9e4d-fbaf1cba6de9#7-t2, previous=(t:2, i:4), leaderCommit=4, initializing? false, entries: <empty>: org.apache.ratis.thirdparty.io.grpc.StatusRuntimeException: CANCELLED: cancelled before receiving half close
2019-10-02 22:41:19,377 [grpc-default-executor-1] WARN  server.GrpcLogAppender (LogUtils.java:warn(134)) - d1cdb5f4-8e11-4282-86cc-473472291632@group-25216C954B7A->1b5423a0-36c4-4dcb-9e4d-fbaf1cba6de9-AppendLogResponseHandler: Failed appendEntries: org.apache.ratis.thirdparty.io.grpc.StatusRuntimeException: CANCELLED: HTTP/2 error code: CANCEL
Received Rst Stream
2019-10-02 22:41:19,377 [main] INFO  server.GrpcService (GrpcService.java:closeImpl(172)) - 1b5423a0-36c4-4dcb-9e4d-fbaf1cba6de9: shutdown server with port 33142 successfully
2019-10-02 22:41:19,379 [grpc-default-executor-1] INFO  impl.FollowerInfo (FollowerInfo.java:lambda$new$0(51)) - d1cdb5f4-8e11-4282-86cc-473472291632@group-25216C954B7A->1b5423a0-36c4-4dcb-9e4d-fbaf1cba6de9: nextIndex: updateUnconditionally 5 -> 4
2019-10-02 22:41:19,381 [refreshUsed-/workdir/hadoop-ozone/integration-test/target/test-dir/MiniOzoneClusterImpl-1280a0b3-f878-4ca8-95ef-4ba9662d664b/datanode-2/data/containers] WARN  fs.CachingGetSpaceUsed (CachingGetSpaceUsed.java:run(183)) - Thread Interrupted waiting to refresh disk information: sleep interrupted
2019-10-02 22:41:19,402 [main] INFO  utils.BackgroundService (BackgroundService.java:shutdown(148)) - Shutting down service BlockDeletingService
2019-10-02 22:41:19,407 [main] INFO  statemachine.DatanodeStateMachine (DatanodeStateMachine.java:stopDaemon(395)) - Ozone container server stopped.
2019-10-02 22:41:19,411 [main] INFO  handler.ContextHandler (ContextHandler.java:doStop(910)) - Stopped o.e.j.w.WebAppContext@588f63c{/,null,UNAVAILABLE}{/hddsDatanode}
2019-10-02 22:41:19,417 [main] INFO  server.AbstractConnector (AbstractConnector.java:doStop(318)) - Stopped ServerConnector@5a6fa56e{HTTP/1.1,[http/1.1]}{0.0.0.0:0}
2019-10-02 22:41:19,417 [main] INFO  handler.ContextHandler (ContextHandler.java:doStop(910)) - Stopped o.e.j.s.ServletContextHandler@32e54a9d{/static,jar:file:/home/user/.m2/repository/org/apache/hadoop/hadoop-hdds-container-service/0.5.0-SNAPSHOT/hadoop-hdds-container-service-0.5.0-SNAPSHOT.jar!/webapps/static,UNAVAILABLE}
2019-10-02 22:41:19,418 [main] INFO  handler.ContextHandler (ContextHandler.java:doStop(910)) - Stopped o.e.j.s.ServletContextHandler@7100dea{/logs,file:///workdir/hadoop-ozone/integration-test/target/log,UNAVAILABLE}
2019-10-02 22:41:19,432 [grpc-default-executor-1] WARN  server.GrpcLogAppender (LogUtils.java:warn(134)) - d1cdb5f4-8e11-4282-86cc-473472291632@group-25216C954B7A->1b5423a0-36c4-4dcb-9e4d-fbaf1cba6de9-AppendLogResponseHandler: Failed appendEntries: org.apache.ratis.thirdparty.io.grpc.StatusRuntimeException: UNAVAILABLE: io exception
2019-10-02 22:41:19,433 [grpc-default-executor-1] INFO  impl.FollowerInfo (FollowerInfo.java:lambda$new$0(51)) - d1cdb5f4-8e11-4282-86cc-473472291632@group-25216C954B7A->1b5423a0-36c4-4dcb-9e4d-fbaf1cba6de9: nextIndex: updateUnconditionally 5 -> 4
2019-10-02 22:41:19,441 [grpc-default-executor-2] WARN  server.GrpcLogAppender (LogUtils.java:warn(134)) - d1cdb5f4-8e11-4282-86cc-473472291632@group-25216C954B7A->1b5423a0-36c4-4dcb-9e4d-fbaf1cba6de9-AppendLogResponseHandler: Failed appendEntries: org.apache.ratis.thirdparty.io.grpc.StatusRuntimeException: UNAVAILABLE: io exception
2019-10-02 22:41:19,442 [grpc-default-executor-2] INFO  impl.FollowerInfo (FollowerInfo.java:lambda$new$0(51)) - d1cdb5f4-8e11-4282-86cc-473472291632@group-25216C954B7A->1b5423a0-36c4-4dcb-9e4d-fbaf1cba6de9: nextIndex: updateUnconditionally 5 -> 4
2019-10-02 22:41:19,458 [grpc-default-executor-1] WARN  server.GrpcLogAppender (LogUtils.java:warn(134)) - d1cdb5f4-8e11-4282-86cc-473472291632@group-25216C954B7A->1b5423a0-36c4-4dcb-9e4d-fbaf1cba6de9-AppendLogResponseHandler: Failed appendEntries: org.apache.ratis.thirdparty.io.grpc.StatusRuntimeException: UNAVAILABLE: io exception
2019-10-02 22:41:19,459 [grpc-default-executor-1] INFO  impl.FollowerInfo (FollowerInfo.java:lambda$new$0(51)) - d1cdb5f4-8e11-4282-86cc-473472291632@group-25216C954B7A->1b5423a0-36c4-4dcb-9e4d-fbaf1cba6de9: nextIndex: updateUnconditionally 5 -> 4
2019-10-02 22:41:21,964 [grpc-default-executor-3] WARN  server.GrpcLogAppender (LogUtils.java:warn(134)) - d1cdb5f4-8e11-4282-86cc-473472291632@group-25216C954B7A->1b5423a0-36c4-4dcb-9e4d-fbaf1cba6de9-AppendLogResponseHandler: Failed appendEntries: org.apache.ratis.thirdparty.io.grpc.StatusRuntimeException: UNAVAILABLE: io exception
2019-10-02 22:41:21,965 [grpc-default-executor-3] INFO  impl.FollowerInfo (FollowerInfo.java:lambda$new$0(51)) - d1cdb5f4-8e11-4282-86cc-473472291632@group-25216C954B7A->1b5423a0-36c4-4dcb-9e4d-fbaf1cba6de9: nextIndex: updateUnconditionally 4 -> 3
2019-10-02 22:41:24,467 [grpc-default-executor-3] WARN  server.GrpcLogAppender (LogUtils.java:warn(134)) - d1cdb5f4-8e11-4282-86cc-473472291632@group-25216C954B7A->1b5423a0-36c4-4dcb-9e4d-fbaf1cba6de9-AppendLogResponseHandler: Failed appendEntries: org.apache.ratis.thirdparty.io.grpc.StatusRuntimeException: UNAVAILABLE: io exception
2019-10-02 22:41:24,473 [grpc-default-executor-3] INFO  impl.FollowerInfo (FollowerInfo.java:lambda$new$0(51)) - d1cdb5f4-8e11-4282-86cc-473472291632@group-25216C954B7A->1b5423a0-36c4-4dcb-9e4d-fbaf1cba6de9: nextIndex: updateUnconditionally 3 -> 2
2019-10-02 22:41:26,968 [grpc-default-executor-1] WARN  server.GrpcLogAppender (LogUtils.java:warn(134)) - d1cdb5f4-8e11-4282-86cc-473472291632@group-25216C954B7A->1b5423a0-36c4-4dcb-9e4d-fbaf1cba6de9-AppendLogResponseHandler: Failed appendEntries: org.apache.ratis.thirdparty.io.grpc.StatusRuntimeException: UNAVAILABLE: io exception
2019-10-02 22:41:26,970 [grpc-default-executor-1] INFO  impl.FollowerInfo (FollowerInfo.java:lambda$new$0(51)) - d1cdb5f4-8e11-4282-86cc-473472291632@group-25216C954B7A->1b5423a0-36c4-4dcb-9e4d-fbaf1cba6de9: nextIndex: updateUnconditionally 2 -> 1
2019-10-02 22:41:29,471 [grpc-default-executor-2] WARN  server.GrpcLogAppender (LogUtils.java:warn(134)) - d1cdb5f4-8e11-4282-86cc-473472291632@group-25216C954B7A->1b5423a0-36c4-4dcb-9e4d-fbaf1cba6de9-AppendLogResponseHandler: Failed appendEntries: org.apache.ratis.thirdparty.io.grpc.StatusRuntimeException: UNAVAILABLE: io exception
2019-10-02 22:41:29,472 [grpc-default-executor-2] INFO  impl.FollowerInfo (FollowerInfo.java:lambda$new$0(51)) - d1cdb5f4-8e11-4282-86cc-473472291632@group-25216C954B7A->1b5423a0-36c4-4dcb-9e4d-fbaf1cba6de9: nextIndex: updateUnconditionally 1 -> 0
2019-10-02 22:41:29,475 [Thread-313] INFO  client.GrpcClientProtocolService (GrpcClientProtocolService.java:lambda$processClientRequest$0(278)) - Failed RaftClientRequest:client-EA2B2DBC6C55->b538cbc7-c460-4ed7-9e56-8cd460542e65@group-25216C954B7A, cid=10, seq=0, Watch-ALL_COMMITTED(6), Message:<EMPTY>, reply=RaftClientReply:client-EA2B2DBC6C55->b538cbc7-c460-4ed7-9e56-8cd460542e65@group-25216C954B7A, cid=10, FAILED org.apache.ratis.protocol.NotLeaderException: Server b538cbc7-c460-4ed7-9e56-8cd460542e65@group-25216C954B7A is not the leader d1cdb5f4-8e11-4282-86cc-473472291632:192.168.30.30:42036, logIndex=0, commits[b538cbc7-c460-4ed7-9e56-8cd460542e65:c8, 1b5423a0-36c4-4dcb-9e4d-fbaf1cba6de9:c4, d1cdb5f4-8e11-4282-86cc-473472291632:c8]
2019-10-02 22:41:29,565 [Thread-317] INFO  client.GrpcClientProtocolService (GrpcClientProtocolService.java:lambda$processClientRequest$0(278)) - Failed RaftClientRequest:client-EA2B2DBC6C55->d1cdb5f4-8e11-4282-86cc-473472291632@group-25216C954B7A, cid=10, seq=0, Watch-ALL_COMMITTED(6), Message:<EMPTY>, reply=RaftClientReply:client-EA2B2DBC6C55->d1cdb5f4-8e11-4282-86cc-473472291632@group-25216C954B7A, cid=10, FAILED org.apache.ratis.protocol.NotReplicatedException: Request with call Id 10 and log index 6 is not yet replicated to ALL_COMMITTED, logIndex=6, commits[d1cdb5f4-8e11-4282-86cc-473472291632:c8, b538cbc7-c460-4ed7-9e56-8cd460542e65:c8, 1b5423a0-36c4-4dcb-9e4d-fbaf1cba6de9:c4]
2019-10-02 22:41:31,979 [grpc-default-executor-1] WARN  server.GrpcLogAppender (LogUtils.java:warn(134)) - d1cdb5f4-8e11-4282-86cc-473472291632@group-25216C954B7A->1b5423a0-36c4-4dcb-9e4d-fbaf1cba6de9-AppendLogResponseHandler: Failed appendEntries: org.apache.ratis.thirdparty.io.grpc.StatusRuntimeException: UNAVAILABLE: io exception
2019-10-02 22:41:31,982 [grpc-default-executor-1] INFO  impl.FollowerInfo (FollowerInfo.java:lambda$new$0(51)) - d1cdb5f4-8e11-4282-86cc-473472291632@group-25216C954B7A->1b5423a0-36c4-4dcb-9e4d-fbaf1cba6de9: nextIndex: updateUnconditionally 0 -> 0
2019-10-02 22:41:34,477 [grpc-default-executor-2] WARN  server.GrpcLogAppender (LogUtils.java:warn(134)) - d1cdb5f4-8e11-4282-86cc-473472291632@group-25216C954B7A->1b5423a0-36c4-4dcb-9e4d-fbaf1cba6de9-AppendLogResponseHandler: Failed appendEntries: org.apache.ratis.thirdparty.io.grpc.StatusRuntimeException: UNAVAILABLE: io exception
2019-10-02 22:41:34,479 [grpc-default-executor-2] INFO  impl.FollowerInfo (FollowerInfo.java:lambda$new$0(51)) - d1cdb5f4-8e11-4282-86cc-473472291632@group-25216C954B7A->1b5423a0-36c4-4dcb-9e4d-fbaf1cba6de9: nextIndex: updateUnconditionally 0 -> 0
2019-10-02 22:41:36,982 [grpc-default-executor-3] WARN  server.GrpcLogAppender (LogUtils.java:warn(134)) - d1cdb5f4-8e11-4282-86cc-473472291632@group-25216C954B7A->1b5423a0-36c4-4dcb-9e4d-fbaf1cba6de9-AppendLogResponseHandler: Failed appendEntries: org.apache.ratis.thirdparty.io.grpc.StatusRuntimeException: UNAVAILABLE: io exception
2019-10-02 22:41:36,983 [grpc-default-executor-3] INFO  impl.FollowerInfo (FollowerInfo.java:lambda$new$0(51)) - d1cdb5f4-8e11-4282-86cc-473472291632@group-25216C954B7A->1b5423a0-36c4-4dcb-9e4d-fbaf1cba6de9: nextIndex: updateUnconditionally 0 -> 0
2019-10-02 22:41:39,483 [grpc-default-executor-2] WARN  server.GrpcLogAppender (LogUtils.java:warn(134)) - d1cdb5f4-8e11-4282-86cc-473472291632@group-25216C954B7A->1b5423a0-36c4-4dcb-9e4d-fbaf1cba6de9-AppendLogResponseHandler: Failed appendEntries: org.apache.ratis.thirdparty.io.grpc.StatusRuntimeException: UNAVAILABLE: io exception
2019-10-02 22:41:39,486 [grpc-default-executor-2] INFO  impl.FollowerInfo (FollowerInfo.java:lambda$new$0(51)) - d1cdb5f4-8e11-4282-86cc-473472291632@group-25216C954B7A->1b5423a0-36c4-4dcb-9e4d-fbaf1cba6de9: nextIndex: updateUnconditionally 0 -> 0
2019-10-02 22:41:39,520 [Thread-326] INFO  client.GrpcClientProtocolService (GrpcClientProtocolService.java:lambda$processClientRequest$0(278)) - Failed RaftClientRequest:client-EA2B2DBC6C55->b538cbc7-c460-4ed7-9e56-8cd460542e65@group-25216C954B7A, cid=10, seq=0, Watch-ALL_COMMITTED(6), Message:<EMPTY>, reply=RaftClientReply:client-EA2B2DBC6C55->b538cbc7-c460-4ed7-9e56-8cd460542e65@group-25216C954B7A, cid=10, FAILED org.apache.ratis.protocol.NotLeaderException: Server b538cbc7-c460-4ed7-9e56-8cd460542e65@group-25216C954B7A is not the leader d1cdb5f4-8e11-4282-86cc-473472291632:192.168.30.30:42036, logIndex=0, commits[b538cbc7-c460-4ed7-9e56-8cd460542e65:c8, 1b5423a0-36c4-4dcb-9e4d-fbaf1cba6de9:c4, d1cdb5f4-8e11-4282-86cc-473472291632:c8]
2019-10-02 22:41:39,563 [Thread-329] INFO  client.GrpcClientProtocolService (GrpcClientProtocolService.java:lambda$processClientRequest$0(278)) - Failed RaftClientRequest:client-EA2B2DBC6C55->d1cdb5f4-8e11-4282-86cc-473472291632@group-25216C954B7A, cid=10, seq=0, Watch-ALL_COMMITTED(6), Message:<EMPTY>, reply=RaftClientReply:client-EA2B2DBC6C55->d1cdb5f4-8e11-4282-86cc-473472291632@group-25216C954B7A, cid=10, FAILED org.apache.ratis.protocol.NotReplicatedException: Request with call Id 10 and log index 6 is not yet replicated to ALL_COMMITTED, logIndex=6, commits[d1cdb5f4-8e11-4282-86cc-473472291632:c8, b538cbc7-c460-4ed7-9e56-8cd460542e65:c8, 1b5423a0-36c4-4dcb-9e4d-fbaf1cba6de9:c4]
2019-10-02 22:41:41,985 [grpc-default-executor-3] WARN  server.GrpcLogAppender (LogUtils.java:warn(134)) - d1cdb5f4-8e11-4282-86cc-473472291632@group-25216C954B7A->1b5423a0-36c4-4dcb-9e4d-fbaf1cba6de9-AppendLogResponseHandler: Failed appendEntries: org.apache.ratis.thirdparty.io.grpc.StatusRuntimeException: UNAVAILABLE: io exception
2019-10-02 22:41:41,987 [grpc-default-executor-3] INFO  impl.FollowerInfo (FollowerInfo.java:lambda$new$0(51)) - d1cdb5f4-8e11-4282-86cc-473472291632@group-25216C954B7A->1b5423a0-36c4-4dcb-9e4d-fbaf1cba6de9: nextIndex: updateUnconditionally 0 -> 0
2019-10-02 22:41:44,488 [grpc-default-executor-1] WARN  server.GrpcLogAppender (LogUtils.java:warn(134)) - d1cdb5f4-8e11-4282-86cc-473472291632@group-25216C954B7A->1b5423a0-36c4-4dcb-9e4d-fbaf1cba6de9-AppendLogResponseHandler: Failed appendEntries: org.apache.ratis.thirdparty.io.grpc.StatusRuntimeException: UNAVAILABLE: io exception
2019-10-02 22:41:44,491 [grpc-default-executor-1] INFO  impl.FollowerInfo (FollowerInfo.java:lambda$new$0(51)) - d1cdb5f4-8e11-4282-86cc-473472291632@group-25216C954B7A->1b5423a0-36c4-4dcb-9e4d-fbaf1cba6de9: nextIndex: updateUnconditionally 0 -> 0
2019-10-02 22:41:46,994 [grpc-default-executor-2] WARN  server.GrpcLogAppender (LogUtils.java:warn(134)) - d1cdb5f4-8e11-4282-86cc-473472291632@group-25216C954B7A->1b5423a0-36c4-4dcb-9e4d-fbaf1cba6de9-AppendLogResponseHandler: Failed appendEntries: org.apache.ratis.thirdparty.io.grpc.StatusRuntimeException: UNAVAILABLE: io exception
2019-10-02 22:41:46,996 [grpc-default-executor-2] INFO  impl.FollowerInfo (FollowerInfo.java:lambda$new$0(51)) - d1cdb5f4-8e11-4282-86cc-473472291632@group-25216C954B7A->1b5423a0-36c4-4dcb-9e4d-fbaf1cba6de9: nextIndex: updateUnconditionally 0 -> 0
2019-10-02 22:41:49,457 [main] WARN  scm.XceiverClientRatis (XceiverClientRatis.java:watchForCommit(292)) - 3 way commit failed on pipeline Pipeline[ Id: ff5c6407-5ef5-4ee5-8232-25216c954b7a, Nodes: d1cdb5f4-8e11-4282-86cc-473472291632{ip: 192.168.30.30, host: pr-hdds1737-lts7z-2510321508, networkLocation: /default-rack, certSerialId: null}1b5423a0-36c4-4dcb-9e4d-fbaf1cba6de9{ip: 192.168.30.30, host: pr-hdds1737-lts7z-2510321508, networkLocation: /default-rack, certSerialId: null}b538cbc7-c460-4ed7-9e56-8cd460542e65{ip: 192.168.30.30, host: pr-hdds1737-lts7z-2510321508, networkLocation: /default-rack, certSerialId: null}, Type:RATIS, Factor:THREE, State:OPEN]
java.util.concurrent.TimeoutException
	at java.util.concurrent.CompletableFuture.timedGet(CompletableFuture.java:1771)
	at java.util.concurrent.CompletableFuture.get(CompletableFuture.java:1915)
	at org.apache.hadoop.hdds.scm.XceiverClientRatis.watchForCommit(XceiverClientRatis.java:289)
	at org.apache.hadoop.hdds.scm.storage.CommitWatcher.watchForCommit(CommitWatcher.java:194)
	at org.apache.hadoop.hdds.scm.storage.CommitWatcher.watchOnLastIndex(CommitWatcher.java:157)
	at org.apache.hadoop.hdds.scm.storage.BlockOutputStream.watchForCommit(BlockOutputStream.java:347)
	at org.apache.hadoop.hdds.scm.storage.BlockOutputStream.handleFlush(BlockOutputStream.java:479)
	at org.apache.hadoop.hdds.scm.storage.BlockOutputStream.close(BlockOutputStream.java:493)
	at org.apache.hadoop.ozone.client.io.BlockOutputStreamEntry.close(BlockOutputStreamEntry.java:143)
	at org.apache.hadoop.ozone.client.io.KeyOutputStream.handleFlushOrClose(KeyOutputStream.java:435)
	at org.apache.hadoop.ozone.client.io.KeyOutputStream.close(KeyOutputStream.java:473)
	at org.apache.hadoop.ozone.client.io.OzoneOutputStream.close(OzoneOutputStream.java:60)
	at org.apache.hadoop.ozone.client.rpc.TestDeleteWithSlowFollower.testDeleteKeyWithSlowFollower(TestDeleteWithSlowFollower.java:193)
	at sun.reflect.NativeMethodAccessorImpl.invoke0(Native Method)
	at sun.reflect.NativeMethodAccessorImpl.invoke(NativeMethodAccessorImpl.java:62)
	at sun.reflect.DelegatingMethodAccessorImpl.invoke(DelegatingMethodAccessorImpl.java:43)
	at java.lang.reflect.Method.invoke(Method.java:498)
	at org.junit.runners.model.FrameworkMethod$1.runReflectiveCall(FrameworkMethod.java:47)
	at org.junit.internal.runners.model.ReflectiveCallable.run(ReflectiveCallable.java:12)
	at org.junit.runners.model.FrameworkMethod.invokeExplosively(FrameworkMethod.java:44)
	at org.junit.internal.runners.statements.InvokeMethod.evaluate(InvokeMethod.java:17)
	at org.junit.runners.ParentRunner.runLeaf(ParentRunner.java:271)
	at org.junit.runners.BlockJUnit4ClassRunner.runChild(BlockJUnit4ClassRunner.java:70)
	at org.junit.runners.BlockJUnit4ClassRunner.runChild(BlockJUnit4ClassRunner.java:50)
	at org.junit.runners.ParentRunner$3.run(ParentRunner.java:238)
	at org.junit.runners.ParentRunner$1.schedule(ParentRunner.java:63)
	at org.junit.runners.ParentRunner.runChildren(ParentRunner.java:236)
	at org.junit.runners.ParentRunner.access$000(ParentRunner.java:53)
	at org.junit.runners.ParentRunner$2.evaluate(ParentRunner.java:229)
	at org.junit.internal.runners.statements.RunBefores.evaluate(RunBefores.java:26)
	at org.junit.internal.runners.statements.RunAfters.evaluate(RunAfters.java:27)
	at org.junit.runners.ParentRunner.run(ParentRunner.java:309)
	at org.apache.maven.surefire.junit4.JUnit4Provider.execute(JUnit4Provider.java:365)
	at org.apache.maven.surefire.junit4.JUnit4Provider.executeWithRerun(JUnit4Provider.java:273)
	at org.apache.maven.surefire.junit4.JUnit4Provider.executeTestSet(JUnit4Provider.java:238)
	at org.apache.maven.surefire.junit4.JUnit4Provider.invoke(JUnit4Provider.java:159)
	at org.apache.maven.surefire.booter.ForkedBooter.invokeProviderInSameClassLoader(ForkedBooter.java:384)
	at org.apache.maven.surefire.booter.ForkedBooter.runSuitesInProcess(ForkedBooter.java:345)
	at org.apache.maven.surefire.booter.ForkedBooter.execute(ForkedBooter.java:126)
	at org.apache.maven.surefire.booter.ForkedBooter.main(ForkedBooter.java:418)
2019-10-02 22:41:49,469 [Thread-337] INFO  client.GrpcClientProtocolService (GrpcClientProtocolService.java:lambda$processClientRequest$0(278)) - Failed RaftClientRequest:client-EA2B2DBC6C55->b538cbc7-c460-4ed7-9e56-8cd460542e65@group-25216C954B7A, cid=11, seq=0, Watch-MAJORITY_COMMITTED(6), Message:<EMPTY>, reply=RaftClientReply:client-EA2B2DBC6C55->b538cbc7-c460-4ed7-9e56-8cd460542e65@group-25216C954B7A, cid=11, FAILED org.apache.ratis.protocol.NotLeaderException: Server b538cbc7-c460-4ed7-9e56-8cd460542e65@group-25216C954B7A is not the leader d1cdb5f4-8e11-4282-86cc-473472291632:192.168.30.30:42036, logIndex=0, commits[b538cbc7-c460-4ed7-9e56-8cd460542e65:c8, 1b5423a0-36c4-4dcb-9e4d-fbaf1cba6de9:c4, d1cdb5f4-8e11-4282-86cc-473472291632:c8]
2019-10-02 22:41:49,487 [main] INFO  scm.XceiverClientRatis (XceiverClientRatis.java:lambda$watchForCommit$7(310)) - Could not commit index 6 on pipeline Pipeline[ Id: ff5c6407-5ef5-4ee5-8232-25216c954b7a, Nodes: d1cdb5f4-8e11-4282-86cc-473472291632{ip: 192.168.30.30, host: pr-hdds1737-lts7z-2510321508, networkLocation: /default-rack, certSerialId: null}1b5423a0-36c4-4dcb-9e4d-fbaf1cba6de9{ip: 192.168.30.30, host: pr-hdds1737-lts7z-2510321508, networkLocation: /default-rack, certSerialId: null}b538cbc7-c460-4ed7-9e56-8cd460542e65{ip: 192.168.30.30, host: pr-hdds1737-lts7z-2510321508, networkLocation: /default-rack, certSerialId: null}, Type:RATIS, Factor:THREE, State:OPEN] to all the nodes. Server 1b5423a0-36c4-4dcb-9e4d-fbaf1cba6de9 has failed. Committed by majority.
2019-10-02 22:41:49,488 [main] WARN  storage.BlockOutputStream (BlockOutputStream.java:watchForCommit(353)) - Failed to commit BlockId conID: 1 locID: 102895194166001664 bcsId: 6 on Pipeline[ Id: ff5c6407-5ef5-4ee5-8232-25216c954b7a, Nodes: d1cdb5f4-8e11-4282-86cc-473472291632{ip: 192.168.30.30, host: pr-hdds1737-lts7z-2510321508, networkLocation: /default-rack, certSerialId: null}1b5423a0-36c4-4dcb-9e4d-fbaf1cba6de9{ip: 192.168.30.30, host: pr-hdds1737-lts7z-2510321508, networkLocation: /default-rack, certSerialId: null}b538cbc7-c460-4ed7-9e56-8cd460542e65{ip: 192.168.30.30, host: pr-hdds1737-lts7z-2510321508, networkLocation: /default-rack, certSerialId: null}, Type:RATIS, Factor:THREE, State:OPEN]. Failed nodes: [1b5423a0-36c4-4dcb-9e4d-fbaf1cba6de9{ip: null, host: null, networkLocation: /default-rack, certSerialId: null}]
2019-10-02 22:41:49,495 [grpc-default-executor-3] WARN  server.GrpcLogAppender (LogUtils.java:warn(134)) - d1cdb5f4-8e11-4282-86cc-473472291632@group-25216C954B7A->1b5423a0-36c4-4dcb-9e4d-fbaf1cba6de9-AppendLogResponseHandler: Failed appendEntries: org.apache.ratis.thirdparty.io.grpc.StatusRuntimeException: UNAVAILABLE: io exception
2019-10-02 22:41:49,497 [grpc-default-executor-3] INFO  impl.FollowerInfo (FollowerInfo.java:lambda$new$0(51)) - d1cdb5f4-8e11-4282-86cc-473472291632@group-25216C954B7A->1b5423a0-36c4-4dcb-9e4d-fbaf1cba6de9: nextIndex: updateUnconditionally 0 -> 0
2019-10-02 22:41:49,529 [grpc-default-executor-1] WARN  server.GrpcLogAppender (LogUtils.java:warn(134)) - d1cdb5f4-8e11-4282-86cc-473472291632@group-25216C954B7A->1b5423a0-36c4-4dcb-9e4d-fbaf1cba6de9-AppendLogResponseHandler: Failed appendEntries: org.apache.ratis.thirdparty.io.grpc.StatusRuntimeException: UNAVAILABLE: io exception
2019-10-02 22:41:49,532 [grpc-default-executor-1] INFO  impl.FollowerInfo (FollowerInfo.java:lambda$new$0(51)) - d1cdb5f4-8e11-4282-86cc-473472291632@group-25216C954B7A->1b5423a0-36c4-4dcb-9e4d-fbaf1cba6de9: nextIndex: updateUnconditionally 1 -> 0
2019-10-02 22:41:49,548 [grpc-default-executor-3] WARN  server.GrpcLogAppender (LogUtils.java:warn(134)) - d1cdb5f4-8e11-4282-86cc-473472291632@group-25216C954B7A->1b5423a0-36c4-4dcb-9e4d-fbaf1cba6de9-AppendLogResponseHandler: Failed appendEntries: org.apache.ratis.thirdparty.io.grpc.StatusRuntimeException: UNAVAILABLE: io exception
2019-10-02 22:41:49,549 [grpc-default-executor-3] INFO  impl.FollowerInfo (FollowerInfo.java:lambda$new$0(51)) - d1cdb5f4-8e11-4282-86cc-473472291632@group-25216C954B7A->1b5423a0-36c4-4dcb-9e4d-fbaf1cba6de9: nextIndex: updateUnconditionally 1 -> 0
2019-10-02 22:41:49,562 [Thread-346] INFO  client.GrpcClientProtocolService (GrpcClientProtocolService.java:lambda$processClientRequest$0(278)) - Failed RaftClientRequest:client-EA2B2DBC6C55->d1cdb5f4-8e11-4282-86cc-473472291632@group-25216C954B7A, cid=10, seq=0, Watch-ALL_COMMITTED(6), Message:<EMPTY>, reply=RaftClientReply:client-EA2B2DBC6C55->d1cdb5f4-8e11-4282-86cc-473472291632@group-25216C954B7A, cid=10, FAILED org.apache.ratis.protocol.NotReplicatedException: Request with call Id 10 and log index 6 is not yet replicated to ALL_COMMITTED, logIndex=6, commits[d1cdb5f4-8e11-4282-86cc-473472291632:c9, b538cbc7-c460-4ed7-9e56-8cd460542e65:c8, 1b5423a0-36c4-4dcb-9e4d-fbaf1cba6de9:c4]
2019-10-02 22:41:49,568 [grpc-default-executor-1] WARN  server.GrpcLogAppender (LogUtils.java:warn(134)) - d1cdb5f4-8e11-4282-86cc-473472291632@group-25216C954B7A->1b5423a0-36c4-4dcb-9e4d-fbaf1cba6de9-AppendLogResponseHandler: Failed appendEntries: org.apache.ratis.thirdparty.io.grpc.StatusRuntimeException: UNAVAILABLE: io exception
2019-10-02 22:41:49,569 [grpc-default-executor-1] INFO  impl.FollowerInfo (FollowerInfo.java:lambda$new$0(51)) - d1cdb5f4-8e11-4282-86cc-473472291632@group-25216C954B7A->1b5423a0-36c4-4dcb-9e4d-fbaf1cba6de9: nextIndex: updateUnconditionally 1 -> 0
2019-10-02 22:41:49,580 [EventQueue-IncrementalContainerReportForIncrementalContainerReportHandler] WARN  container.IncrementalContainerReportHandler (AbstractContainerReportHandler.java:updateContainerState(143)) - Container #1 is in OPEN state, but the datanode d1cdb5f4-8e11-4282-86cc-473472291632{ip: 192.168.30.30, host: pr-hdds1737-lts7z-2510321508, networkLocation: /default-rack, certSerialId: null} reports an CLOSING replica.
2019-10-02 22:41:49,652 [RatisApplyTransactionExecutor 1] INFO  interfaces.Container (KeyValueContainer.java:flushAndSyncDB(386)) - Container 1 is synced with bcsId 6.
2019-10-02 22:41:49,652 [RatisApplyTransactionExecutor 1] INFO  interfaces.Container (KeyValueContainer.java:flushAndSyncDB(386)) - Container 1 is synced with bcsId 6.
2019-10-02 22:41:49,680 [EventQueue-ContainerReportForContainerReportHandler] WARN  container.ContainerReportHandler (AbstractContainerReportHandler.java:updateContainerState(143)) - Container #1 is in OPEN state, but the datanode d1cdb5f4-8e11-4282-86cc-473472291632{ip: 192.168.30.30, host: pr-hdds1737-lts7z-2510321508, networkLocation: /default-rack, certSerialId: null} reports an CLOSING replica.
2019-10-02 22:41:49,692 [EventQueue-IncrementalContainerReportForIncrementalContainerReportHandler] WARN  container.IncrementalContainerReportHandler (AbstractContainerReportHandler.java:updateContainerState(143)) - Container #1 is in OPEN state, but the datanode b538cbc7-c460-4ed7-9e56-8cd460542e65{ip: 192.168.30.30, host: pr-hdds1737-lts7z-2510321508, networkLocation: /default-rack, certSerialId: null} reports an CLOSING replica.
2019-10-02 22:41:49,749 [RatisApplyTransactionExecutor 1] INFO  interfaces.Container (KeyValueContainer.java:flushAndSyncDB(386)) - Container 1 is synced with bcsId 6.
2019-10-02 22:41:49,751 [RatisApplyTransactionExecutor 1] INFO  interfaces.Container (KeyValueContainer.java:flushAndSyncDB(386)) - Container 1 is synced with bcsId 6.
2019-10-02 22:41:49,751 [RatisApplyTransactionExecutor 1] INFO  interfaces.Container (KeyValueContainer.java:close(335)) - Container 1 is closed with bcsId 6.
2019-10-02 22:41:49,755 [EventQueue-IncrementalContainerReportForIncrementalContainerReportHandler] WARN  container.IncrementalContainerReportHandler (AbstractContainerReportHandler.java:updateContainerState(143)) - Container #1 is in OPEN state, but the datanode d1cdb5f4-8e11-4282-86cc-473472291632{ip: 192.168.30.30, host: pr-hdds1737-lts7z-2510321508, networkLocation: /default-rack, certSerialId: null} reports an CLOSED replica.
2019-10-02 22:41:49,794 [RatisApplyTransactionExecutor 1] INFO  interfaces.Container (KeyValueContainer.java:close(335)) - Container 1 is closed with bcsId 6.
2019-10-02 22:41:49,796 [EventQueue-IncrementalContainerReportForIncrementalContainerReportHandler] WARN  container.IncrementalContainerReportHandler (AbstractContainerReportHandler.java:updateContainerState(143)) - Container #1 is in OPEN state, but the datanode b538cbc7-c460-4ed7-9e56-8cd460542e65{ip: 192.168.30.30, host: pr-hdds1737-lts7z-2510321508, networkLocation: /default-rack, certSerialId: null} reports an CLOSED replica.
2019-10-02 22:41:49,896 [EventQueue-ContainerReportForContainerReportHandler] WARN  container.ContainerReportHandler (AbstractContainerReportHandler.java:updateContainerState(143)) - Container #1 is in OPEN state, but the datanode b538cbc7-c460-4ed7-9e56-8cd460542e65{ip: 192.168.30.30, host: pr-hdds1737-lts7z-2510321508, networkLocation: /default-rack, certSerialId: null} reports an CLOSED replica.
2019-10-02 22:41:49,954 [EventQueue-ContainerReportForContainerReportHandler] WARN  container.ContainerReportHandler (AbstractContainerReportHandler.java:updateContainerState(143)) - Container #1 is in OPEN state, but the datanode d1cdb5f4-8e11-4282-86cc-473472291632{ip: 192.168.30.30, host: pr-hdds1737-lts7z-2510321508, networkLocation: /default-rack, certSerialId: null} reports an CLOSED replica.
2019-10-02 22:41:50,196 [EventQueue-ContainerReportForContainerReportHandler] WARN  container.ContainerReportHandler (AbstractContainerReportHandler.java:updateContainerState(143)) - Container #1 is in OPEN state, but the datanode b538cbc7-c460-4ed7-9e56-8cd460542e65{ip: 192.168.30.30, host: pr-hdds1737-lts7z-2510321508, networkLocation: /default-rack, certSerialId: null} reports an CLOSED replica.
2019-10-02 22:41:50,355 [EventQueue-ContainerReportForContainerReportHandler] WARN  container.ContainerReportHandler (AbstractContainerReportHandler.java:updateContainerState(143)) - Container #1 is in OPEN state, but the datanode d1cdb5f4-8e11-4282-86cc-473472291632{ip: 192.168.30.30, host: pr-hdds1737-lts7z-2510321508, networkLocation: /default-rack, certSerialId: null} reports an CLOSED replica.
2019-10-02 22:41:50,382 [IPC Server handler 2 on 42439] INFO  server.SCMBlockProtocolServer (SCMBlockProtocolServer.java:deleteKeyBlocks(212)) - SCM is informed by OM to delete 1 blocks
2019-10-02 22:41:50,383 [IPC Server handler 2 on 42439] INFO  block.BlockManagerImpl (BlockManagerImpl.java:deleteBlocks(269)) - Deleting blocks conID: 1 locID: 102895194166001664 bcsId: 0
2019-10-02 22:41:50,538 [BlockDeletingService#2] WARN  background.BlockDeletingService (BlockDeletingService.java:isDeletionAllowed(187)) - Close Container log Index 6 is not replicated across allthe servers in the pipeline ff5c6407-5ef5-4ee5-8232-25216c954b7a as the min replicated index is 4. Deletion is not allowed in this container yet.
2019-10-02 22:41:50,539 [BlockDeletingService#2] WARN  background.BlockDeletingService (BlockDeletingService.java:isDeletionAllowed(187)) - Close Container log Index 6 is not replicated across allthe servers in the pipeline ff5c6407-5ef5-4ee5-8232-25216c954b7a as the min replicated index is 4. Deletion is not allowed in this container yet.
2019-10-02 22:41:50,597 [EventQueue-ContainerReportForContainerReportHandler] WARN  container.ContainerReportHandler (AbstractContainerReportHandler.java:updateContainerState(143)) - Container #1 is in OPEN state, but the datanode b538cbc7-c460-4ed7-9e56-8cd460542e65{ip: 192.168.30.30, host: pr-hdds1737-lts7z-2510321508, networkLocation: /default-rack, certSerialId: null} reports an CLOSED replica.
2019-10-02 22:41:50,654 [EventQueue-ContainerReportForContainerReportHandler] WARN  container.ContainerReportHandler (AbstractContainerReportHandler.java:updateContainerState(143)) - Container #1 is in OPEN state, but the datanode d1cdb5f4-8e11-4282-86cc-473472291632{ip: 192.168.30.30, host: pr-hdds1737-lts7z-2510321508, networkLocation: /default-rack, certSerialId: null} reports an CLOSED replica.
2019-10-02 22:41:50,897 [EventQueue-ContainerReportForContainerReportHandler] WARN  container.ContainerReportHandler (AbstractContainerReportHandler.java:updateContainerState(143)) - Container #1 is in OPEN state, but the datanode b538cbc7-c460-4ed7-9e56-8cd460542e65{ip: 192.168.30.30, host: pr-hdds1737-lts7z-2510321508, networkLocation: /default-rack, certSerialId: null} reports an CLOSED replica.
2019-10-02 22:41:50,953 [EventQueue-ContainerReportForContainerReportHandler] WARN  container.ContainerReportHandler (AbstractContainerReportHandler.java:updateContainerState(143)) - Container #1 is in OPEN state, but the datanode d1cdb5f4-8e11-4282-86cc-473472291632{ip: 192.168.30.30, host: pr-hdds1737-lts7z-2510321508, networkLocation: /default-rack, certSerialId: null} reports an CLOSED replica.
2019-10-02 22:41:51,154 [EventQueue-ContainerReportForContainerReportHandler] WARN  container.ContainerReportHandler (AbstractContainerReportHandler.java:updateContainerState(143)) - Container #1 is in OPEN state, but the datanode d1cdb5f4-8e11-4282-86cc-473472291632{ip: 192.168.30.30, host: pr-hdds1737-lts7z-2510321508, networkLocation: /default-rack, certSerialId: null} reports an CLOSED replica.
2019-10-02 22:41:51,198 [EventQueue-ContainerReportForContainerReportHandler] WARN  container.ContainerReportHandler (AbstractContainerReportHandler.java:updateContainerState(143)) - Container #1 is in OPEN state, but the datanode b538cbc7-c460-4ed7-9e56-8cd460542e65{ip: 192.168.30.30, host: pr-hdds1737-lts7z-2510321508, networkLocation: /default-rack, certSerialId: null} reports an CLOSED replica.
2019-10-02 22:41:51,354 [EventQueue-ContainerReportForContainerReportHandler] WARN  container.ContainerReportHandler (AbstractContainerReportHandler.java:updateContainerState(143)) - Container #1 is in OPEN state, but the datanode d1cdb5f4-8e11-4282-86cc-473472291632{ip: 192.168.30.30, host: pr-hdds1737-lts7z-2510321508, networkLocation: /default-rack, certSerialId: null} reports an CLOSED replica.
2019-10-02 22:41:51,497 [EventQueue-ContainerReportForContainerReportHandler] WARN  container.ContainerReportHandler (AbstractContainerReportHandler.java:updateContainerState(143)) - Container #1 is in OPEN state, but the datanode b538cbc7-c460-4ed7-9e56-8cd460542e65{ip: 192.168.30.30, host: pr-hdds1737-lts7z-2510321508, networkLocation: /default-rack, certSerialId: null} reports an CLOSED replica.
2019-10-02 22:41:51,539 [BlockDeletingService#2] WARN  background.BlockDeletingService (BlockDeletingService.java:isDeletionAllowed(187)) - Close Container log Index 6 is not replicated across allthe servers in the pipeline ff5c6407-5ef5-4ee5-8232-25216c954b7a as the min replicated index is 4. Deletion is not allowed in this container yet.
2019-10-02 22:41:51,542 [BlockDeletingService#2] WARN  background.BlockDeletingService (BlockDeletingService.java:isDeletionAllowed(187)) - Close Container log Index 6 is not replicated across allthe servers in the pipeline ff5c6407-5ef5-4ee5-8232-25216c954b7a as the min replicated index is 4. Deletion is not allowed in this container yet.
2019-10-02 22:41:51,654 [EventQueue-ContainerReportForContainerReportHandler] WARN  container.ContainerReportHandler (AbstractContainerReportHandler.java:updateContainerState(143)) - Container #1 is in OPEN state, but the datanode d1cdb5f4-8e11-4282-86cc-473472291632{ip: 192.168.30.30, host: pr-hdds1737-lts7z-2510321508, networkLocation: /default-rack, certSerialId: null} reports an CLOSED replica.
2019-10-02 22:41:51,854 [EventQueue-ContainerReportForContainerReportHandler] WARN  container.ContainerReportHandler (AbstractContainerReportHandler.java:updateContainerState(143)) - Container #1 is in OPEN state, but the datanode d1cdb5f4-8e11-4282-86cc-473472291632{ip: 192.168.30.30, host: pr-hdds1737-lts7z-2510321508, networkLocation: /default-rack, certSerialId: null} reports an CLOSED replica.
2019-10-02 22:41:51,899 [EventQueue-ContainerReportForContainerReportHandler] WARN  container.ContainerReportHandler (AbstractContainerReportHandler.java:updateContainerState(143)) - Container #1 is in OPEN state, but the datanode b538cbc7-c460-4ed7-9e56-8cd460542e65{ip: 192.168.30.30, host: pr-hdds1737-lts7z-2510321508, networkLocation: /default-rack, certSerialId: null} reports an CLOSED replica.
2019-10-02 22:41:52,071 [grpc-default-executor-2] WARN  server.GrpcLogAppender (LogUtils.java:warn(134)) - d1cdb5f4-8e11-4282-86cc-473472291632@group-25216C954B7A->1b5423a0-36c4-4dcb-9e4d-fbaf1cba6de9-AppendLogResponseHandler: Failed appendEntries: org.apache.ratis.thirdparty.io.grpc.StatusRuntimeException: UNAVAILABLE: io exception
2019-10-02 22:41:52,073 [grpc-default-executor-2] INFO  impl.FollowerInfo (FollowerInfo.java:lambda$new$0(51)) - d1cdb5f4-8e11-4282-86cc-473472291632@group-25216C954B7A->1b5423a0-36c4-4dcb-9e4d-fbaf1cba6de9: nextIndex: updateUnconditionally 0 -> 0
2019-10-02 22:41:52,154 [EventQueue-ContainerReportForContainerReportHandler] WARN  container.ContainerReportHandler (AbstractContainerReportHandler.java:updateContainerState(143)) - Container #1 is in OPEN state, but the datanode d1cdb5f4-8e11-4282-86cc-473472291632{ip: 192.168.30.30, host: pr-hdds1737-lts7z-2510321508, networkLocation: /default-rack, certSerialId: null} reports an CLOSED replica.
2019-10-02 22:41:52,199 [EventQueue-ContainerReportForContainerReportHandler] WARN  container.ContainerReportHandler (AbstractContainerReportHandler.java:updateContainerState(143)) - Container #1 is in OPEN state, but the datanode b538cbc7-c460-4ed7-9e56-8cd460542e65{ip: 192.168.30.30, host: pr-hdds1737-lts7z-2510321508, networkLocation: /default-rack, certSerialId: null} reports an CLOSED replica.
2019-10-02 22:41:52,499 [EventQueue-ContainerReportForContainerReportHandler] WARN  container.ContainerReportHandler (AbstractContainerReportHandler.java:updateContainerState(143)) - Container #1 is in OPEN state, but the datanode b538cbc7-c460-4ed7-9e56-8cd460542e65{ip: 192.168.30.30, host: pr-hdds1737-lts7z-2510321508, networkLocation: /default-rack, certSerialId: null} reports an CLOSED replica.
2019-10-02 22:41:52,541 [BlockDeletingService#2] WARN  background.BlockDeletingService (BlockDeletingService.java:isDeletionAllowed(187)) - Close Container log Index 6 is not replicated across allthe servers in the pipeline ff5c6407-5ef5-4ee5-8232-25216c954b7a as the min replicated index is 4. Deletion is not allowed in this container yet.
2019-10-02 22:41:52,543 [BlockDeletingService#2] WARN  background.BlockDeletingService (BlockDeletingService.java:isDeletionAllowed(187)) - Close Container log Index 6 is not replicated across allthe servers in the pipeline ff5c6407-5ef5-4ee5-8232-25216c954b7a as the min replicated index is 4. Deletion is not allowed in this container yet.
2019-10-02 22:41:52,555 [EventQueue-ContainerReportForContainerReportHandler] WARN  container.ContainerReportHandler (AbstractContainerReportHandler.java:updateContainerState(143)) - Container #1 is in OPEN state, but the datanode d1cdb5f4-8e11-4282-86cc-473472291632{ip: 192.168.30.30, host: pr-hdds1737-lts7z-2510321508, networkLocation: /default-rack, certSerialId: null} reports an CLOSED replica.
2019-10-02 22:41:52,799 [EventQueue-ContainerReportForContainerReportHandler] WARN  container.ContainerReportHandler (AbstractContainerReportHandler.java:updateContainerState(143)) - Container #1 is in OPEN state, but the datanode b538cbc7-c460-4ed7-9e56-8cd460542e65{ip: 192.168.30.30, host: pr-hdds1737-lts7z-2510321508, networkLocation: /default-rack, certSerialId: null} reports an CLOSED replica.
2019-10-02 22:41:52,855 [EventQueue-ContainerReportForContainerReportHandler] WARN  container.ContainerReportHandler (AbstractContainerReportHandler.java:updateContainerState(143)) - Container #1 is in OPEN state, but the datanode d1cdb5f4-8e11-4282-86cc-473472291632{ip: 192.168.30.30, host: pr-hdds1737-lts7z-2510321508, networkLocation: /default-rack, certSerialId: null} reports an CLOSED replica.
2019-10-02 22:41:53,099 [EventQueue-ContainerReportForContainerReportHandler] WARN  container.ContainerReportHandler (AbstractContainerReportHandler.java:updateContainerState(143)) - Container #1 is in OPEN state, but the datanode b538cbc7-c460-4ed7-9e56-8cd460542e65{ip: 192.168.30.30, host: pr-hdds1737-lts7z-2510321508, networkLocation: /default-rack, certSerialId: null} reports an CLOSED replica.
2019-10-02 22:41:53,154 [EventQueue-ContainerReportForContainerReportHandler] WARN  container.ContainerReportHandler (AbstractContainerReportHandler.java:updateContainerState(143)) - Container #1 is in OPEN state, but the datanode d1cdb5f4-8e11-4282-86cc-473472291632{ip: 192.168.30.30, host: pr-hdds1737-lts7z-2510321508, networkLocation: /default-rack, certSerialId: null} reports an CLOSED replica.
2019-10-02 22:41:53,299 [EventQueue-ContainerReportForContainerReportHandler] WARN  container.ContainerReportHandler (AbstractContainerReportHandler.java:updateContainerState(143)) - Container #1 is in OPEN state, but the datanode b538cbc7-c460-4ed7-9e56-8cd460542e65{ip: 192.168.30.30, host: pr-hdds1737-lts7z-2510321508, networkLocation: /default-rack, certSerialId: null} reports an CLOSED replica.
2019-10-02 22:41:53,457 [EventQueue-ContainerReportForContainerReportHandler] WARN  container.ContainerReportHandler (AbstractContainerReportHandler.java:updateContainerState(143)) - Container #1 is in OPEN state, but the datanode d1cdb5f4-8e11-4282-86cc-473472291632{ip: 192.168.30.30, host: pr-hdds1737-lts7z-2510321508, networkLocation: /default-rack, certSerialId: null} reports an CLOSED replica.
2019-10-02 22:41:53,543 [BlockDeletingService#2] WARN  background.BlockDeletingService (BlockDeletingService.java:isDeletionAllowed(187)) - Close Container log Index 6 is not replicated across allthe servers in the pipeline ff5c6407-5ef5-4ee5-8232-25216c954b7a as the min replicated index is 4. Deletion is not allowed in this container yet.
2019-10-02 22:41:53,544 [BlockDeletingService#2] WARN  background.BlockDeletingService (BlockDeletingService.java:isDeletionAllowed(187)) - Close Container log Index 6 is not replicated across allthe servers in the pipeline ff5c6407-5ef5-4ee5-8232-25216c954b7a as the min replicated index is 4. Deletion is not allowed in this container yet.
2019-10-02 22:41:53,599 [EventQueue-ContainerReportForContainerReportHandler] WARN  container.ContainerReportHandler (AbstractContainerReportHandler.java:updateContainerState(143)) - Container #1 is in OPEN state, but the datanode b538cbc7-c460-4ed7-9e56-8cd460542e65{ip: 192.168.30.30, host: pr-hdds1737-lts7z-2510321508, networkLocation: /default-rack, certSerialId: null} reports an CLOSED replica.
2019-10-02 22:41:53,799 [EventQueue-ContainerReportForContainerReportHandler] WARN  container.ContainerReportHandler (AbstractContainerReportHandler.java:updateContainerState(143)) - Container #1 is in OPEN state, but the datanode b538cbc7-c460-4ed7-9e56-8cd460542e65{ip: 192.168.30.30, host: pr-hdds1737-lts7z-2510321508, networkLocation: /default-rack, certSerialId: null} reports an CLOSED replica.
2019-10-02 22:41:53,857 [EventQueue-ContainerReportForContainerReportHandler] WARN  container.ContainerReportHandler (AbstractContainerReportHandler.java:updateContainerState(143)) - Container #1 is in OPEN state, but the datanode d1cdb5f4-8e11-4282-86cc-473472291632{ip: 192.168.30.30, host: pr-hdds1737-lts7z-2510321508, networkLocation: /default-rack, certSerialId: null} reports an CLOSED replica.
2019-10-02 22:41:54,099 [EventQueue-ContainerReportForContainerReportHandler] WARN  container.ContainerReportHandler (AbstractContainerReportHandler.java:updateContainerState(143)) - Container #1 is in OPEN state, but the datanode b538cbc7-c460-4ed7-9e56-8cd460542e65{ip: 192.168.30.30, host: pr-hdds1737-lts7z-2510321508, networkLocation: /default-rack, certSerialId: null} reports an CLOSED replica.
2019-10-02 22:41:54,157 [EventQueue-ContainerReportForContainerReportHandler] WARN  container.ContainerReportHandler (AbstractContainerReportHandler.java:updateContainerState(143)) - Container #1 is in OPEN state, but the datanode d1cdb5f4-8e11-4282-86cc-473472291632{ip: 192.168.30.30, host: pr-hdds1737-lts7z-2510321508, networkLocation: /default-rack, certSerialId: null} reports an CLOSED replica.
2019-10-02 22:41:54,400 [EventQueue-ContainerReportForContainerReportHandler] WARN  container.ContainerReportHandler (AbstractContainerReportHandler.java:updateContainerState(143)) - Container #1 is in OPEN state, but the datanode b538cbc7-c460-4ed7-9e56-8cd460542e65{ip: 192.168.30.30, host: pr-hdds1737-lts7z-2510321508, networkLocation: /default-rack, certSerialId: null} reports an CLOSED replica.
2019-10-02 22:41:54,457 [EventQueue-ContainerReportForContainerReportHandler] WARN  container.ContainerReportHandler (AbstractContainerReportHandler.java:updateContainerState(143)) - Container #1 is in OPEN state, but the datanode d1cdb5f4-8e11-4282-86cc-473472291632{ip: 192.168.30.30, host: pr-hdds1737-lts7z-2510321508, networkLocation: /default-rack, certSerialId: null} reports an CLOSED replica.
2019-10-02 22:41:54,546 [BlockDeletingService#2] WARN  background.BlockDeletingService (BlockDeletingService.java:isDeletionAllowed(187)) - Close Container log Index 6 is not replicated across allthe servers in the pipeline ff5c6407-5ef5-4ee5-8232-25216c954b7a as the min replicated index is 4. Deletion is not allowed in this container yet.
2019-10-02 22:41:54,546 [BlockDeletingService#2] WARN  background.BlockDeletingService (BlockDeletingService.java:isDeletionAllowed(187)) - Close Container log Index 6 is not replicated across allthe servers in the pipeline ff5c6407-5ef5-4ee5-8232-25216c954b7a as the min replicated index is 4. Deletion is not allowed in this container yet.
2019-10-02 22:41:54,576 [grpc-default-executor-2] WARN  server.GrpcLogAppender (LogUtils.java:warn(134)) - d1cdb5f4-8e11-4282-86cc-473472291632@group-25216C954B7A->1b5423a0-36c4-4dcb-9e4d-fbaf1cba6de9-AppendLogResponseHandler: Failed appendEntries: org.apache.ratis.thirdparty.io.grpc.StatusRuntimeException: UNAVAILABLE: io exception
2019-10-02 22:41:54,578 [grpc-default-executor-2] INFO  impl.FollowerInfo (FollowerInfo.java:lambda$new$0(51)) - d1cdb5f4-8e11-4282-86cc-473472291632@group-25216C954B7A->1b5423a0-36c4-4dcb-9e4d-fbaf1cba6de9: nextIndex: updateUnconditionally 0 -> 0
2019-10-02 22:41:54,600 [EventQueue-ContainerReportForContainerReportHandler] WARN  container.ContainerReportHandler (AbstractContainerReportHandler.java:updateContainerState(143)) - Container #1 is in OPEN state, but the datanode b538cbc7-c460-4ed7-9e56-8cd460542e65{ip: 192.168.30.30, host: pr-hdds1737-lts7z-2510321508, networkLocation: /default-rack, certSerialId: null} reports an CLOSED replica.
2019-10-02 22:41:54,858 [EventQueue-ContainerReportForContainerReportHandler] WARN  container.ContainerReportHandler (AbstractContainerReportHandler.java:updateContainerState(143)) - Container #1 is in OPEN state, but the datanode d1cdb5f4-8e11-4282-86cc-473472291632{ip: 192.168.30.30, host: pr-hdds1737-lts7z-2510321508, networkLocation: /default-rack, certSerialId: null} reports an CLOSED replica.
2019-10-02 22:41:54,901 [EventQueue-ContainerReportForContainerReportHandler] WARN  container.ContainerReportHandler (AbstractContainerReportHandler.java:updateContainerState(143)) - Container #1 is in OPEN state, but the datanode b538cbc7-c460-4ed7-9e56-8cd460542e65{ip: 192.168.30.30, host: pr-hdds1737-lts7z-2510321508, networkLocation: /default-rack, certSerialId: null} reports an CLOSED replica.
2019-10-02 22:41:55,101 [EventQueue-ContainerReportForContainerReportHandler] WARN  container.ContainerReportHandler (AbstractContainerReportHandler.java:updateContainerState(143)) - Container #1 is in OPEN state, but the datanode b538cbc7-c460-4ed7-9e56-8cd460542e65{ip: 192.168.30.30, host: pr-hdds1737-lts7z-2510321508, networkLocation: /default-rack, certSerialId: null} reports an CLOSED replica.
2019-10-02 22:41:55,258 [EventQueue-ContainerReportForContainerReportHandler] WARN  container.ContainerReportHandler (AbstractContainerReportHandler.java:updateContainerState(143)) - Container #1 is in OPEN state, but the datanode d1cdb5f4-8e11-4282-86cc-473472291632{ip: 192.168.30.30, host: pr-hdds1737-lts7z-2510321508, networkLocation: /default-rack, certSerialId: null} reports an CLOSED replica.
2019-10-02 22:41:55,458 [EventQueue-ContainerReportForContainerReportHandler] WARN  container.ContainerReportHandler (AbstractContainerReportHandler.java:updateContainerState(143)) - Container #1 is in OPEN state, but the datanode d1cdb5f4-8e11-4282-86cc-473472291632{ip: 192.168.30.30, host: pr-hdds1737-lts7z-2510321508, networkLocation: /default-rack, certSerialId: null} reports an CLOSED replica.
2019-10-02 22:41:55,501 [EventQueue-ContainerReportForContainerReportHandler] WARN  container.ContainerReportHandler (AbstractContainerReportHandler.java:updateContainerState(143)) - Container #1 is in OPEN state, but the datanode b538cbc7-c460-4ed7-9e56-8cd460542e65{ip: 192.168.30.30, host: pr-hdds1737-lts7z-2510321508, networkLocation: /default-rack, certSerialId: null} reports an CLOSED replica.
2019-10-02 22:41:55,547 [BlockDeletingService#2] WARN  background.BlockDeletingService (BlockDeletingService.java:isDeletionAllowed(187)) - Close Container log Index 6 is not replicated across allthe servers in the pipeline ff5c6407-5ef5-4ee5-8232-25216c954b7a as the min replicated index is 4. Deletion is not allowed in this container yet.
2019-10-02 22:41:55,547 [BlockDeletingService#2] WARN  background.BlockDeletingService (BlockDeletingService.java:isDeletionAllowed(187)) - Close Container log Index 6 is not replicated across allthe servers in the pipeline ff5c6407-5ef5-4ee5-8232-25216c954b7a as the min replicated index is 4. Deletion is not allowed in this container yet.
2019-10-02 22:41:55,700 [EventQueue-ContainerReportForContainerReportHandler] WARN  container.ContainerReportHandler (AbstractContainerReportHandler.java:updateContainerState(143)) - Container #1 is in OPEN state, but the datanode b538cbc7-c460-4ed7-9e56-8cd460542e65{ip: 192.168.30.30, host: pr-hdds1737-lts7z-2510321508, networkLocation: /default-rack, certSerialId: null} reports an CLOSED replica.
2019-10-02 22:41:55,858 [EventQueue-ContainerReportForContainerReportHandler] WARN  container.ContainerReportHandler (AbstractContainerReportHandler.java:updateContainerState(143)) - Container #1 is in OPEN state, but the datanode d1cdb5f4-8e11-4282-86cc-473472291632{ip: 192.168.30.30, host: pr-hdds1737-lts7z-2510321508, networkLocation: /default-rack, certSerialId: null} reports an CLOSED replica.
2019-10-02 22:41:56,002 [EventQueue-ContainerReportForContainerReportHandler] WARN  container.ContainerReportHandler (AbstractContainerReportHandler.java:updateContainerState(143)) - Container #1 is in OPEN state, but the datanode b538cbc7-c460-4ed7-9e56-8cd460542e65{ip: 192.168.30.30, host: pr-hdds1737-lts7z-2510321508, networkLocation: /default-rack, certSerialId: null} reports an CLOSED replica.
2019-10-02 22:41:56,202 [EventQueue-ContainerReportForContainerReportHandler] WARN  container.ContainerReportHandler (AbstractContainerReportHandler.java:updateContainerState(143)) - Container #1 is in OPEN state, but the datanode b538cbc7-c460-4ed7-9e56-8cd460542e65{ip: 192.168.30.30, host: pr-hdds1737-lts7z-2510321508, networkLocation: /default-rack, certSerialId: null} reports an CLOSED replica.
2019-10-02 22:41:56,257 [EventQueue-ContainerReportForContainerReportHandler] WARN  container.ContainerReportHandler (AbstractContainerReportHandler.java:updateContainerState(143)) - Container #1 is in OPEN state, but the datanode d1cdb5f4-8e11-4282-86cc-473472291632{ip: 192.168.30.30, host: pr-hdds1737-lts7z-2510321508, networkLocation: /default-rack, certSerialId: null} reports an CLOSED replica.
2019-10-02 22:41:56,502 [EventQueue-ContainerReportForContainerReportHandler] WARN  container.ContainerReportHandler (AbstractContainerReportHandler.java:updateContainerState(143)) - Container #1 is in OPEN state, but the datanode b538cbc7-c460-4ed7-9e56-8cd460542e65{ip: 192.168.30.30, host: pr-hdds1737-lts7z-2510321508, networkLocation: /default-rack, certSerialId: null} reports an CLOSED replica.
2019-10-02 22:41:56,548 [BlockDeletingService#2] WARN  background.BlockDeletingService (BlockDeletingService.java:isDeletionAllowed(187)) - Close Container log Index 6 is not replicated across allthe servers in the pipeline ff5c6407-5ef5-4ee5-8232-25216c954b7a as the min replicated index is 4. Deletion is not allowed in this container yet.
2019-10-02 22:41:56,548 [BlockDeletingService#2] WARN  background.BlockDeletingService (BlockDeletingService.java:isDeletionAllowed(187)) - Close Container log Index 6 is not replicated across allthe servers in the pipeline ff5c6407-5ef5-4ee5-8232-25216c954b7a as the min replicated index is 4. Deletion is not allowed in this container yet.
2019-10-02 22:41:56,658 [EventQueue-ContainerReportForContainerReportHandler] WARN  container.ContainerReportHandler (AbstractContainerReportHandler.java:updateContainerState(143)) - Container #1 is in OPEN state, but the datanode d1cdb5f4-8e11-4282-86cc-473472291632{ip: 192.168.30.30, host: pr-hdds1737-lts7z-2510321508, networkLocation: /default-rack, certSerialId: null} reports an CLOSED replica.
2019-10-02 22:41:56,902 [EventQueue-ContainerReportForContainerReportHandler] WARN  container.ContainerReportHandler (AbstractContainerReportHandler.java:updateContainerState(143)) - Container #1 is in OPEN state, but the datanode b538cbc7-c460-4ed7-9e56-8cd460542e65{ip: 192.168.30.30, host: pr-hdds1737-lts7z-2510321508, networkLocation: /default-rack, certSerialId: null} reports an CLOSED replica.
2019-10-02 22:41:56,958 [EventQueue-ContainerReportForContainerReportHandler] WARN  container.ContainerReportHandler (AbstractContainerReportHandler.java:updateContainerState(143)) - Container #1 is in OPEN state, but the datanode d1cdb5f4-8e11-4282-86cc-473472291632{ip: 192.168.30.30, host: pr-hdds1737-lts7z-2510321508, networkLocation: /default-rack, certSerialId: null} reports an CLOSED replica.
2019-10-02 22:41:57,077 [grpc-default-executor-1] WARN  server.GrpcLogAppender (LogUtils.java:warn(134)) - d1cdb5f4-8e11-4282-86cc-473472291632@group-25216C954B7A->1b5423a0-36c4-4dcb-9e4d-fbaf1cba6de9-AppendLogResponseHandler: Failed appendEntries: org.apache.ratis.thirdparty.io.grpc.StatusRuntimeException: UNAVAILABLE: io exception
2019-10-02 22:41:57,079 [grpc-default-executor-1] INFO  impl.FollowerInfo (FollowerInfo.java:lambda$new$0(51)) - d1cdb5f4-8e11-4282-86cc-473472291632@group-25216C954B7A->1b5423a0-36c4-4dcb-9e4d-fbaf1cba6de9: nextIndex: updateUnconditionally 0 -> 0
2019-10-02 22:41:57,203 [EventQueue-ContainerReportForContainerReportHandler] WARN  container.ContainerReportHandler (AbstractContainerReportHandler.java:updateContainerState(143)) - Container #1 is in OPEN state, but the datanode b538cbc7-c460-4ed7-9e56-8cd460542e65{ip: 192.168.30.30, host: pr-hdds1737-lts7z-2510321508, networkLocation: /default-rack, certSerialId: null} reports an CLOSED replica.
2019-10-02 22:41:57,260 [EventQueue-ContainerReportForContainerReportHandler] WARN  container.ContainerReportHandler (AbstractContainerReportHandler.java:updateContainerState(143)) - Container #1 is in OPEN state, but the datanode d1cdb5f4-8e11-4282-86cc-473472291632{ip: 192.168.30.30, host: pr-hdds1737-lts7z-2510321508, networkLocation: /default-rack, certSerialId: null} reports an CLOSED replica.
2019-10-02 22:41:57,458 [EventQueue-ContainerReportForContainerReportHandler] WARN  container.ContainerReportHandler (AbstractContainerReportHandler.java:updateContainerState(143)) - Container #1 is in OPEN state, but the datanode d1cdb5f4-8e11-4282-86cc-473472291632{ip: 192.168.30.30, host: pr-hdds1737-lts7z-2510321508, networkLocation: /default-rack, certSerialId: null} reports an CLOSED replica.
2019-10-02 22:41:57,503 [EventQueue-ContainerReportForContainerReportHandler] WARN  container.ContainerReportHandler (AbstractContainerReportHandler.java:updateContainerState(143)) - Container #1 is in OPEN state, but the datanode b538cbc7-c460-4ed7-9e56-8cd460542e65{ip: 192.168.30.30, host: pr-hdds1737-lts7z-2510321508, networkLocation: /default-rack, certSerialId: null} reports an CLOSED replica.
2019-10-02 22:41:57,550 [BlockDeletingService#2] WARN  background.BlockDeletingService (BlockDeletingService.java:isDeletionAllowed(187)) - Close Container log Index 6 is not replicated across allthe servers in the pipeline ff5c6407-5ef5-4ee5-8232-25216c954b7a as the min replicated index is 4. Deletion is not allowed in this container yet.
2019-10-02 22:41:57,550 [BlockDeletingService#2] WARN  background.BlockDeletingService (BlockDeletingService.java:isDeletionAllowed(187)) - Close Container log Index 6 is not replicated across allthe servers in the pipeline ff5c6407-5ef5-4ee5-8232-25216c954b7a as the min replicated index is 4. Deletion is not allowed in this container yet.
2019-10-02 22:41:57,758 [EventQueue-ContainerReportForContainerReportHandler] WARN  container.ContainerReportHandler (AbstractContainerReportHandler.java:updateContainerState(143)) - Container #1 is in OPEN state, but the datanode d1cdb5f4-8e11-4282-86cc-473472291632{ip: 192.168.30.30, host: pr-hdds1737-lts7z-2510321508, networkLocation: /default-rack, certSerialId: null} reports an CLOSED replica.
2019-10-02 22:41:57,803 [EventQueue-ContainerReportForContainerReportHandler] WARN  container.ContainerReportHandler (AbstractContainerReportHandler.java:updateContainerState(143)) - Container #1 is in OPEN state, but the datanode b538cbc7-c460-4ed7-9e56-8cd460542e65{ip: 192.168.30.30, host: pr-hdds1737-lts7z-2510321508, networkLocation: /default-rack, certSerialId: null} reports an CLOSED replica.
2019-10-02 22:41:58,103 [EventQueue-ContainerReportForContainerReportHandler] WARN  container.ContainerReportHandler (AbstractContainerReportHandler.java:updateContainerState(143)) - Container #1 is in OPEN state, but the datanode b538cbc7-c460-4ed7-9e56-8cd460542e65{ip: 192.168.30.30, host: pr-hdds1737-lts7z-2510321508, networkLocation: /default-rack, certSerialId: null} reports an CLOSED replica.
2019-10-02 22:41:58,159 [EventQueue-ContainerReportForContainerReportHandler] WARN  container.ContainerReportHandler (AbstractContainerReportHandler.java:updateContainerState(143)) - Container #1 is in OPEN state, but the datanode d1cdb5f4-8e11-4282-86cc-473472291632{ip: 192.168.30.30, host: pr-hdds1737-lts7z-2510321508, networkLocation: /default-rack, certSerialId: null} reports an CLOSED replica.
2019-10-02 22:41:58,503 [EventQueue-ContainerReportForContainerReportHandler] WARN  container.ContainerReportHandler (AbstractContainerReportHandler.java:updateContainerState(143)) - Container #1 is in OPEN state, but the datanode b538cbc7-c460-4ed7-9e56-8cd460542e65{ip: 192.168.30.30, host: pr-hdds1737-lts7z-2510321508, networkLocation: /default-rack, certSerialId: null} reports an CLOSED replica.
2019-10-02 22:41:58,551 [BlockDeletingService#2] WARN  background.BlockDeletingService (BlockDeletingService.java:isDeletionAllowed(187)) - Close Container log Index 6 is not replicated across allthe servers in the pipeline ff5c6407-5ef5-4ee5-8232-25216c954b7a as the min replicated index is 4. Deletion is not allowed in this container yet.
2019-10-02 22:41:58,551 [BlockDeletingService#2] WARN  background.BlockDeletingService (BlockDeletingService.java:isDeletionAllowed(187)) - Close Container log Index 6 is not replicated across allthe servers in the pipeline ff5c6407-5ef5-4ee5-8232-25216c954b7a as the min replicated index is 4. Deletion is not allowed in this container yet.
2019-10-02 22:41:58,561 [EventQueue-ContainerReportForContainerReportHandler] WARN  container.ContainerReportHandler (AbstractContainerReportHandler.java:updateContainerState(143)) - Container #1 is in OPEN state, but the datanode d1cdb5f4-8e11-4282-86cc-473472291632{ip: 192.168.30.30, host: pr-hdds1737-lts7z-2510321508, networkLocation: /default-rack, certSerialId: null} reports an CLOSED replica.
2019-10-02 22:41:58,565 [Thread-374] INFO  client.GrpcClientProtocolService (GrpcClientProtocolService.java:lambda$processClientRequest$0(278)) - Failed RaftClientRequest:client-EA2B2DBC6C55->b538cbc7-c460-4ed7-9e56-8cd460542e65@group-25216C954B7A, cid=10, seq=0, Watch-ALL_COMMITTED(6), Message:<EMPTY>, reply=RaftClientReply:client-EA2B2DBC6C55->b538cbc7-c460-4ed7-9e56-8cd460542e65@group-25216C954B7A, cid=10, FAILED org.apache.ratis.protocol.NotLeaderException: Server b538cbc7-c460-4ed7-9e56-8cd460542e65@group-25216C954B7A is not the leader d1cdb5f4-8e11-4282-86cc-473472291632:192.168.30.30:42036, logIndex=0, commits[b538cbc7-c460-4ed7-9e56-8cd460542e65:c10, 1b5423a0-36c4-4dcb-9e4d-fbaf1cba6de9:c4, d1cdb5f4-8e11-4282-86cc-473472291632:c10]
2019-10-02 22:41:58,762 [EventQueue-ContainerReportForContainerReportHandler] WARN  container.ContainerReportHandler (AbstractContainerReportHandler.java:updateContainerState(143)) - Container #1 is in OPEN state, but the datanode d1cdb5f4-8e11-4282-86cc-473472291632{ip: 192.168.30.30, host: pr-hdds1737-lts7z-2510321508, networkLocation: /default-rack, certSerialId: null} reports an CLOSED replica.
2019-10-02 22:41:58,902 [EventQueue-ContainerReportForContainerReportHandler] WARN  container.ContainerReportHandler (AbstractContainerReportHandler.java:updateContainerState(143)) - Container #1 is in OPEN state, but the datanode b538cbc7-c460-4ed7-9e56-8cd460542e65{ip: 192.168.30.30, host: pr-hdds1737-lts7z-2510321508, networkLocation: /default-rack, certSerialId: null} reports an CLOSED replica.
2019-10-02 22:41:58,962 [EventQueue-ContainerReportForContainerReportHandler] WARN  container.ContainerReportHandler (AbstractContainerReportHandler.java:updateContainerState(143)) - Container #1 is in OPEN state, but the datanode d1cdb5f4-8e11-4282-86cc-473472291632{ip: 192.168.30.30, host: pr-hdds1737-lts7z-2510321508, networkLocation: /default-rack, certSerialId: null} reports an CLOSED replica.
2019-10-02 22:41:59,204 [EventQueue-ContainerReportForContainerReportHandler] WARN  container.ContainerReportHandler (AbstractContainerReportHandler.java:updateContainerState(143)) - Container #1 is in OPEN state, but the datanode b538cbc7-c460-4ed7-9e56-8cd460542e65{ip: 192.168.30.30, host: pr-hdds1737-lts7z-2510321508, networkLocation: /default-rack, certSerialId: null} reports an CLOSED replica.
2019-10-02 22:41:59,362 [EventQueue-ContainerReportForContainerReportHandler] WARN  container.ContainerReportHandler (AbstractContainerReportHandler.java:updateContainerState(143)) - Container #1 is in OPEN state, but the datanode d1cdb5f4-8e11-4282-86cc-473472291632{ip: 192.168.30.30, host: pr-hdds1737-lts7z-2510321508, networkLocation: /default-rack, certSerialId: null} reports an CLOSED replica.
2019-10-02 22:41:59,503 [EventQueue-ContainerReportForContainerReportHandler] WARN  container.ContainerReportHandler (AbstractContainerReportHandler.java:updateContainerState(143)) - Container #1 is in OPEN state, but the datanode b538cbc7-c460-4ed7-9e56-8cd460542e65{ip: 192.168.30.30, host: pr-hdds1737-lts7z-2510321508, networkLocation: /default-rack, certSerialId: null} reports an CLOSED replica.
2019-10-02 22:41:59,553 [BlockDeletingService#2] WARN  background.BlockDeletingService (BlockDeletingService.java:isDeletionAllowed(187)) - Close Container log Index 6 is not replicated across allthe servers in the pipeline ff5c6407-5ef5-4ee5-8232-25216c954b7a as the min replicated index is 4. Deletion is not allowed in this container yet.
2019-10-02 22:41:59,553 [BlockDeletingService#2] WARN  background.BlockDeletingService (BlockDeletingService.java:isDeletionAllowed(187)) - Close Container log Index 6 is not replicated across allthe servers in the pipeline ff5c6407-5ef5-4ee5-8232-25216c954b7a as the min replicated index is 4. Deletion is not allowed in this container yet.
2019-10-02 22:41:59,562 [Thread-379] INFO  client.GrpcClientProtocolService (GrpcClientProtocolService.java:lambda$processClientRequest$0(278)) - Failed RaftClientRequest:client-EA2B2DBC6C55->d1cdb5f4-8e11-4282-86cc-473472291632@group-25216C954B7A, cid=10, seq=0, Watch-ALL_COMMITTED(6), Message:<EMPTY>, reply=RaftClientReply:client-EA2B2DBC6C55->d1cdb5f4-8e11-4282-86cc-473472291632@group-25216C954B7A, cid=10, FAILED org.apache.ratis.protocol.NotReplicatedException: Request with call Id 10 and log index 6 is not yet replicated to ALL_COMMITTED, logIndex=6, commits[d1cdb5f4-8e11-4282-86cc-473472291632:c10, b538cbc7-c460-4ed7-9e56-8cd460542e65:c10, 1b5423a0-36c4-4dcb-9e4d-fbaf1cba6de9:c4]
2019-10-02 22:41:59,563 [EventQueue-ContainerReportForContainerReportHandler] WARN  container.ContainerReportHandler (AbstractContainerReportHandler.java:updateContainerState(143)) - Container #1 is in OPEN state, but the datanode d1cdb5f4-8e11-4282-86cc-473472291632{ip: 192.168.30.30, host: pr-hdds1737-lts7z-2510321508, networkLocation: /default-rack, certSerialId: null} reports an CLOSED replica.
2019-10-02 22:41:59,579 [grpc-default-executor-3] WARN  server.GrpcLogAppender (LogUtils.java:warn(134)) - d1cdb5f4-8e11-4282-86cc-473472291632@group-25216C954B7A->1b5423a0-36c4-4dcb-9e4d-fbaf1cba6de9-AppendLogResponseHandler: Failed appendEntries: org.apache.ratis.thirdparty.io.grpc.StatusRuntimeException: UNAVAILABLE: io exception
2019-10-02 22:41:59,581 [grpc-default-executor-3] INFO  impl.FollowerInfo (FollowerInfo.java:lambda$new$0(51)) - d1cdb5f4-8e11-4282-86cc-473472291632@group-25216C954B7A->1b5423a0-36c4-4dcb-9e4d-fbaf1cba6de9: nextIndex: updateUnconditionally 0 -> 0
2019-10-02 22:41:59,762 [EventQueue-ContainerReportForContainerReportHandler] WARN  container.ContainerReportHandler (AbstractContainerReportHandler.java:updateContainerState(143)) - Container #1 is in OPEN state, but the datanode d1cdb5f4-8e11-4282-86cc-473472291632{ip: 192.168.30.30, host: pr-hdds1737-lts7z-2510321508, networkLocation: /default-rack, certSerialId: null} reports an CLOSED replica.
2019-10-02 22:41:59,905 [EventQueue-ContainerReportForContainerReportHandler] WARN  container.ContainerReportHandler (AbstractContainerReportHandler.java:updateContainerState(143)) - Container #1 is in OPEN state, but the datanode b538cbc7-c460-4ed7-9e56-8cd460542e65{ip: 192.168.30.30, host: pr-hdds1737-lts7z-2510321508, networkLocation: /default-rack, certSerialId: null} reports an CLOSED replica.
2019-10-02 22:42:00,164 [EventQueue-ContainerReportForContainerReportHandler] WARN  container.ContainerReportHandler (AbstractContainerReportHandler.java:updateContainerState(143)) - Container #1 is in OPEN state, but the datanode d1cdb5f4-8e11-4282-86cc-473472291632{ip: 192.168.30.30, host: pr-hdds1737-lts7z-2510321508, networkLocation: /default-rack, certSerialId: null} reports an CLOSED replica.
2019-10-02 22:42:00,204 [EventQueue-ContainerReportForContainerReportHandler] WARN  container.ContainerReportHandler (AbstractContainerReportHandler.java:updateContainerState(143)) - Container #1 is in OPEN state, but the datanode b538cbc7-c460-4ed7-9e56-8cd460542e65{ip: 192.168.30.30, host: pr-hdds1737-lts7z-2510321508, networkLocation: /default-rack, certSerialId: null} reports an CLOSED replica.
2019-10-02 22:42:00,464 [EventQueue-ContainerReportForContainerReportHandler] WARN  container.ContainerReportHandler (AbstractContainerReportHandler.java:updateContainerState(143)) - Container #1 is in OPEN state, but the datanode d1cdb5f4-8e11-4282-86cc-473472291632{ip: 192.168.30.30, host: pr-hdds1737-lts7z-2510321508, networkLocation: /default-rack, certSerialId: null} reports an CLOSED replica.
2019-10-02 22:42:00,505 [EventQueue-ContainerReportForContainerReportHandler] WARN  container.ContainerReportHandler (AbstractContainerReportHandler.java:updateContainerState(143)) - Container #1 is in OPEN state, but the datanode b538cbc7-c460-4ed7-9e56-8cd460542e65{ip: 192.168.30.30, host: pr-hdds1737-lts7z-2510321508, networkLocation: /default-rack, certSerialId: null} reports an CLOSED replica.
2019-10-02 22:42:00,556 [BlockDeletingService#2] WARN  background.BlockDeletingService (BlockDeletingService.java:isDeletionAllowed(187)) - Close Container log Index 6 is not replicated across allthe servers in the pipeline ff5c6407-5ef5-4ee5-8232-25216c954b7a as the min replicated index is 4. Deletion is not allowed in this container yet.
2019-10-02 22:42:00,556 [BlockDeletingService#2] WARN  background.BlockDeletingService (BlockDeletingService.java:isDeletionAllowed(187)) - Close Container log Index 6 is not replicated across allthe servers in the pipeline ff5c6407-5ef5-4ee5-8232-25216c954b7a as the min replicated index is 4. Deletion is not allowed in this container yet.
2019-10-02 22:42:00,706 [EventQueue-ContainerReportForContainerReportHandler] WARN  container.ContainerReportHandler (AbstractContainerReportHandler.java:updateContainerState(143)) - Container #1 is in OPEN state, but the datanode b538cbc7-c460-4ed7-9e56-8cd460542e65{ip: 192.168.30.30, host: pr-hdds1737-lts7z-2510321508, networkLocation: /default-rack, certSerialId: null} reports an CLOSED replica.
2019-10-02 22:42:00,763 [EventQueue-ContainerReportForContainerReportHandler] WARN  container.ContainerReportHandler (AbstractContainerReportHandler.java:updateContainerState(143)) - Container #1 is in OPEN state, but the datanode d1cdb5f4-8e11-4282-86cc-473472291632{ip: 192.168.30.30, host: pr-hdds1737-lts7z-2510321508, networkLocation: /default-rack, certSerialId: null} reports an CLOSED replica.
2019-10-02 22:42:01,005 [EventQueue-ContainerReportForContainerReportHandler] WARN  container.ContainerReportHandler (AbstractContainerReportHandler.java:updateContainerState(143)) - Container #1 is in OPEN state, but the datanode b538cbc7-c460-4ed7-9e56-8cd460542e65{ip: 192.168.30.30, host: pr-hdds1737-lts7z-2510321508, networkLocation: /default-rack, certSerialId: null} reports an CLOSED replica.
2019-10-02 22:42:01,165 [EventQueue-ContainerReportForContainerReportHandler] WARN  container.ContainerReportHandler (AbstractContainerReportHandler.java:updateContainerState(143)) - Container #1 is in OPEN state, but the datanode d1cdb5f4-8e11-4282-86cc-473472291632{ip: 192.168.30.30, host: pr-hdds1737-lts7z-2510321508, networkLocation: /default-rack, certSerialId: null} reports an CLOSED replica.
2019-10-02 22:42:01,366 [EventQueue-ContainerReportForContainerReportHandler] WARN  container.ContainerReportHandler (AbstractContainerReportHandler.java:updateContainerState(143)) - Container #1 is in OPEN state, but the datanode d1cdb5f4-8e11-4282-86cc-473472291632{ip: 192.168.30.30, host: pr-hdds1737-lts7z-2510321508, networkLocation: /default-rack, certSerialId: null} reports an CLOSED replica.
2019-10-02 22:42:01,407 [EventQueue-ContainerReportForContainerReportHandler] WARN  container.ContainerReportHandler (AbstractContainerReportHandler.java:updateContainerState(143)) - Container #1 is in OPEN state, but the datanode b538cbc7-c460-4ed7-9e56-8cd460542e65{ip: 192.168.30.30, host: pr-hdds1737-lts7z-2510321508, networkLocation: /default-rack, certSerialId: null} reports an CLOSED replica.
2019-10-02 22:42:01,557 [BlockDeletingService#2] WARN  background.BlockDeletingService (BlockDeletingService.java:isDeletionAllowed(187)) - Close Container log Index 6 is not replicated across allthe servers in the pipeline ff5c6407-5ef5-4ee5-8232-25216c954b7a as the min replicated index is 4. Deletion is not allowed in this container yet.
2019-10-02 22:42:01,557 [BlockDeletingService#2] WARN  background.BlockDeletingService (BlockDeletingService.java:isDeletionAllowed(187)) - Close Container log Index 6 is not replicated across allthe servers in the pipeline ff5c6407-5ef5-4ee5-8232-25216c954b7a as the min replicated index is 4. Deletion is not allowed in this container yet.
2019-10-02 22:42:01,607 [EventQueue-ContainerReportForContainerReportHandler] WARN  container.ContainerReportHandler (AbstractContainerReportHandler.java:updateContainerState(143)) - Container #1 is in OPEN state, but the datanode b538cbc7-c460-4ed7-9e56-8cd460542e65{ip: 192.168.30.30, host: pr-hdds1737-lts7z-2510321508, networkLocation: /default-rack, certSerialId: null} reports an CLOSED replica.
2019-10-02 22:42:01,767 [EventQueue-ContainerReportForContainerReportHandler] WARN  container.ContainerReportHandler (AbstractContainerReportHandler.java:updateContainerState(143)) - Container #1 is in OPEN state, but the datanode d1cdb5f4-8e11-4282-86cc-473472291632{ip: 192.168.30.30, host: pr-hdds1737-lts7z-2510321508, networkLocation: /default-rack, certSerialId: null} reports an CLOSED replica.
2019-10-02 22:42:01,807 [EventQueue-ContainerReportForContainerReportHandler] WARN  container.ContainerReportHandler (AbstractContainerReportHandler.java:updateContainerState(143)) - Container #1 is in OPEN state, but the datanode b538cbc7-c460-4ed7-9e56-8cd460542e65{ip: 192.168.30.30, host: pr-hdds1737-lts7z-2510321508, networkLocation: /default-rack, certSerialId: null} reports an CLOSED replica.
2019-10-02 22:42:02,082 [grpc-default-executor-2] WARN  server.GrpcLogAppender (LogUtils.java:warn(134)) - d1cdb5f4-8e11-4282-86cc-473472291632@group-25216C954B7A->1b5423a0-36c4-4dcb-9e4d-fbaf1cba6de9-AppendLogResponseHandler: Failed appendEntries: org.apache.ratis.thirdparty.io.grpc.StatusRuntimeException: UNAVAILABLE: io exception
2019-10-02 22:42:02,084 [grpc-default-executor-2] INFO  impl.FollowerInfo (FollowerInfo.java:lambda$new$0(51)) - d1cdb5f4-8e11-4282-86cc-473472291632@group-25216C954B7A->1b5423a0-36c4-4dcb-9e4d-fbaf1cba6de9: nextIndex: updateUnconditionally 0 -> 0
2019-10-02 22:42:02,167 [EventQueue-ContainerReportForContainerReportHandler] WARN  container.ContainerReportHandler (AbstractContainerReportHandler.java:updateContainerState(143)) - Container #1 is in OPEN state, but the datanode d1cdb5f4-8e11-4282-86cc-473472291632{ip: 192.168.30.30, host: pr-hdds1737-lts7z-2510321508, networkLocation: /default-rack, certSerialId: null} reports an CLOSED replica.
2019-10-02 22:42:02,208 [EventQueue-ContainerReportForContainerReportHandler] WARN  container.ContainerReportHandler (AbstractContainerReportHandler.java:updateContainerState(143)) - Container #1 is in OPEN state, but the datanode b538cbc7-c460-4ed7-9e56-8cd460542e65{ip: 192.168.30.30, host: pr-hdds1737-lts7z-2510321508, networkLocation: /default-rack, certSerialId: null} reports an CLOSED replica.
2019-10-02 22:42:02,467 [EventQueue-ContainerReportForContainerReportHandler] WARN  container.ContainerReportHandler (AbstractContainerReportHandler.java:updateContainerState(143)) - Container #1 is in OPEN state, but the datanode d1cdb5f4-8e11-4282-86cc-473472291632{ip: 192.168.30.30, host: pr-hdds1737-lts7z-2510321508, networkLocation: /default-rack, certSerialId: null} reports an CLOSED replica.
2019-10-02 22:42:02,508 [EventQueue-ContainerReportForContainerReportHandler] WARN  container.ContainerReportHandler (AbstractContainerReportHandler.java:updateContainerState(143)) - Container #1 is in OPEN state, but the datanode b538cbc7-c460-4ed7-9e56-8cd460542e65{ip: 192.168.30.30, host: pr-hdds1737-lts7z-2510321508, networkLocation: /default-rack, certSerialId: null} reports an CLOSED replica.
2019-10-02 22:42:02,559 [BlockDeletingService#2] WARN  background.BlockDeletingService (BlockDeletingService.java:isDeletionAllowed(187)) - Close Container log Index 6 is not replicated across allthe servers in the pipeline ff5c6407-5ef5-4ee5-8232-25216c954b7a as the min replicated index is 4. Deletion is not allowed in this container yet.
2019-10-02 22:42:02,559 [BlockDeletingService#2] WARN  background.BlockDeletingService (BlockDeletingService.java:isDeletionAllowed(187)) - Close Container log Index 6 is not replicated across allthe servers in the pipeline ff5c6407-5ef5-4ee5-8232-25216c954b7a as the min replicated index is 4. Deletion is not allowed in this container yet.
2019-10-02 22:42:02,767 [EventQueue-ContainerReportForContainerReportHandler] WARN  container.ContainerReportHandler (AbstractContainerReportHandler.java:updateContainerState(143)) - Container #1 is in OPEN state, but the datanode d1cdb5f4-8e11-4282-86cc-473472291632{ip: 192.168.30.30, host: pr-hdds1737-lts7z-2510321508, networkLocation: /default-rack, certSerialId: null} reports an CLOSED replica.
2019-10-02 22:42:02,808 [EventQueue-ContainerReportForContainerReportHandler] WARN  container.ContainerReportHandler (AbstractContainerReportHandler.java:updateContainerState(143)) - Container #1 is in OPEN state, but the datanode b538cbc7-c460-4ed7-9e56-8cd460542e65{ip: 192.168.30.30, host: pr-hdds1737-lts7z-2510321508, networkLocation: /default-rack, certSerialId: null} reports an CLOSED replica.
2019-10-02 22:42:03,069 [EventQueue-ContainerReportForContainerReportHandler] WARN  container.ContainerReportHandler (AbstractContainerReportHandler.java:updateContainerState(143)) - Container #1 is in OPEN state, but the datanode d1cdb5f4-8e11-4282-86cc-473472291632{ip: 192.168.30.30, host: pr-hdds1737-lts7z-2510321508, networkLocation: /default-rack, certSerialId: null} reports an CLOSED replica.
2019-10-02 22:42:03,108 [EventQueue-ContainerReportForContainerReportHandler] WARN  container.ContainerReportHandler (AbstractContainerReportHandler.java:updateContainerState(143)) - Container #1 is in OPEN state, but the datanode b538cbc7-c460-4ed7-9e56-8cd460542e65{ip: 192.168.30.30, host: pr-hdds1737-lts7z-2510321508, networkLocation: /default-rack, certSerialId: null} reports an CLOSED replica.
2019-10-02 22:42:03,308 [EventQueue-ContainerReportForContainerReportHandler] WARN  container.ContainerReportHandler (AbstractContainerReportHandler.java:updateContainerState(143)) - Container #1 is in OPEN state, but the datanode b538cbc7-c460-4ed7-9e56-8cd460542e65{ip: 192.168.30.30, host: pr-hdds1737-lts7z-2510321508, networkLocation: /default-rack, certSerialId: null} reports an CLOSED replica.
2019-10-02 22:42:03,369 [EventQueue-ContainerReportForContainerReportHandler] WARN  container.ContainerReportHandler (AbstractContainerReportHandler.java:updateContainerState(143)) - Container #1 is in OPEN state, but the datanode d1cdb5f4-8e11-4282-86cc-473472291632{ip: 192.168.30.30, host: pr-hdds1737-lts7z-2510321508, networkLocation: /default-rack, certSerialId: null} reports an CLOSED replica.
2019-10-02 22:42:03,560 [BlockDeletingService#2] WARN  background.BlockDeletingService (BlockDeletingService.java:isDeletionAllowed(187)) - Close Container log Index 6 is not replicated across allthe servers in the pipeline ff5c6407-5ef5-4ee5-8232-25216c954b7a as the min replicated index is 4. Deletion is not allowed in this container yet.
2019-10-02 22:42:03,560 [BlockDeletingService#2] WARN  background.BlockDeletingService (BlockDeletingService.java:isDeletionAllowed(187)) - Close Container log Index 6 is not replicated across allthe servers in the pipeline ff5c6407-5ef5-4ee5-8232-25216c954b7a as the min replicated index is 4. Deletion is not allowed in this container yet.
2019-10-02 22:42:03,569 [EventQueue-ContainerReportForContainerReportHandler] WARN  container.ContainerReportHandler (AbstractContainerReportHandler.java:updateContainerState(143)) - Container #1 is in OPEN state, but the datanode d1cdb5f4-8e11-4282-86cc-473472291632{ip: 192.168.30.30, host: pr-hdds1737-lts7z-2510321508, networkLocation: /default-rack, certSerialId: null} reports an CLOSED replica.
2019-10-02 22:42:03,609 [EventQueue-ContainerReportForContainerReportHandler] WARN  container.ContainerReportHandler (AbstractContainerReportHandler.java:updateContainerState(143)) - Container #1 is in OPEN state, but the datanode b538cbc7-c460-4ed7-9e56-8cd460542e65{ip: 192.168.30.30, host: pr-hdds1737-lts7z-2510321508, networkLocation: /default-rack, certSerialId: null} reports an CLOSED replica.
2019-10-02 22:42:03,910 [EventQueue-ContainerReportForContainerReportHandler] WARN  container.ContainerReportHandler (AbstractContainerReportHandler.java:updateContainerState(143)) - Container #1 is in OPEN state, but the datanode b538cbc7-c460-4ed7-9e56-8cd460542e65{ip: 192.168.30.30, host: pr-hdds1737-lts7z-2510321508, networkLocation: /default-rack, certSerialId: null} reports an CLOSED replica.
2019-10-02 22:42:03,970 [EventQueue-ContainerReportForContainerReportHandler] WARN  container.ContainerReportHandler (AbstractContainerReportHandler.java:updateContainerState(143)) - Container #1 is in OPEN state, but the datanode d1cdb5f4-8e11-4282-86cc-473472291632{ip: 192.168.30.30, host: pr-hdds1737-lts7z-2510321508, networkLocation: /default-rack, certSerialId: null} reports an CLOSED replica.
2019-10-02 22:42:04,111 [EventQueue-ContainerReportForContainerReportHandler] WARN  container.ContainerReportHandler (AbstractContainerReportHandler.java:updateContainerState(143)) - Container #1 is in OPEN state, but the datanode b538cbc7-c460-4ed7-9e56-8cd460542e65{ip: 192.168.30.30, host: pr-hdds1737-lts7z-2510321508, networkLocation: /default-rack, certSerialId: null} reports an CLOSED replica.
2019-10-02 22:42:04,170 [EventQueue-ContainerReportForContainerReportHandler] WARN  container.ContainerReportHandler (AbstractContainerReportHandler.java:updateContainerState(143)) - Container #1 is in OPEN state, but the datanode d1cdb5f4-8e11-4282-86cc-473472291632{ip: 192.168.30.30, host: pr-hdds1737-lts7z-2510321508, networkLocation: /default-rack, certSerialId: null} reports an CLOSED replica.
2019-10-02 22:42:04,370 [EventQueue-ContainerReportForContainerReportHandler] WARN  container.ContainerReportHandler (AbstractContainerReportHandler.java:updateContainerState(143)) - Container #1 is in OPEN state, but the datanode d1cdb5f4-8e11-4282-86cc-473472291632{ip: 192.168.30.30, host: pr-hdds1737-lts7z-2510321508, networkLocation: /default-rack, certSerialId: null} reports an CLOSED replica.
2019-10-02 22:42:04,412 [EventQueue-ContainerReportForContainerReportHandler] WARN  container.ContainerReportHandler (AbstractContainerReportHandler.java:updateContainerState(143)) - Container #1 is in OPEN state, but the datanode b538cbc7-c460-4ed7-9e56-8cd460542e65{ip: 192.168.30.30, host: pr-hdds1737-lts7z-2510321508, networkLocation: /default-rack, certSerialId: null} reports an CLOSED replica.
2019-10-02 22:42:04,561 [BlockDeletingService#2] WARN  background.BlockDeletingService (BlockDeletingService.java:isDeletionAllowed(187)) - Close Container log Index 6 is not replicated across allthe servers in the pipeline ff5c6407-5ef5-4ee5-8232-25216c954b7a as the min replicated index is 4. Deletion is not allowed in this container yet.
2019-10-02 22:42:04,561 [BlockDeletingService#2] WARN  background.BlockDeletingService (BlockDeletingService.java:isDeletionAllowed(187)) - Close Container log Index 6 is not replicated across allthe servers in the pipeline ff5c6407-5ef5-4ee5-8232-25216c954b7a as the min replicated index is 4. Deletion is not allowed in this container yet.
2019-10-02 22:42:04,585 [grpc-default-executor-1] WARN  server.GrpcLogAppender (LogUtils.java:warn(134)) - d1cdb5f4-8e11-4282-86cc-473472291632@group-25216C954B7A->1b5423a0-36c4-4dcb-9e4d-fbaf1cba6de9-AppendLogResponseHandler: Failed appendEntries: org.apache.ratis.thirdparty.io.grpc.StatusRuntimeException: UNAVAILABLE: io exception
2019-10-02 22:42:04,586 [grpc-default-executor-1] INFO  impl.FollowerInfo (FollowerInfo.java:lambda$new$0(51)) - d1cdb5f4-8e11-4282-86cc-473472291632@group-25216C954B7A->1b5423a0-36c4-4dcb-9e4d-fbaf1cba6de9: nextIndex: updateUnconditionally 0 -> 0
2019-10-02 22:42:04,712 [EventQueue-ContainerReportForContainerReportHandler] WARN  container.ContainerReportHandler (AbstractContainerReportHandler.java:updateContainerState(143)) - Container #1 is in OPEN state, but the datanode b538cbc7-c460-4ed7-9e56-8cd460542e65{ip: 192.168.30.30, host: pr-hdds1737-lts7z-2510321508, networkLocation: /default-rack, certSerialId: null} reports an CLOSED replica.
2019-10-02 22:42:04,770 [EventQueue-ContainerReportForContainerReportHandler] WARN  container.ContainerReportHandler (AbstractContainerReportHandler.java:updateContainerState(143)) - Container #1 is in OPEN state, but the datanode d1cdb5f4-8e11-4282-86cc-473472291632{ip: 192.168.30.30, host: pr-hdds1737-lts7z-2510321508, networkLocation: /default-rack, certSerialId: null} reports an CLOSED replica.
2019-10-02 22:42:05,070 [EventQueue-ContainerReportForContainerReportHandler] WARN  container.ContainerReportHandler (AbstractContainerReportHandler.java:updateContainerState(143)) - Container #1 is in OPEN state, but the datanode d1cdb5f4-8e11-4282-86cc-473472291632{ip: 192.168.30.30, host: pr-hdds1737-lts7z-2510321508, networkLocation: /default-rack, certSerialId: null} reports an CLOSED replica.
2019-10-02 22:42:05,111 [EventQueue-ContainerReportForContainerReportHandler] WARN  container.ContainerReportHandler (AbstractContainerReportHandler.java:updateContainerState(143)) - Container #1 is in OPEN state, but the datanode b538cbc7-c460-4ed7-9e56-8cd460542e65{ip: 192.168.30.30, host: pr-hdds1737-lts7z-2510321508, networkLocation: /default-rack, certSerialId: null} reports an CLOSED replica.
2019-10-02 22:42:05,411 [EventQueue-ContainerReportForContainerReportHandler] WARN  container.ContainerReportHandler (AbstractContainerReportHandler.java:updateContainerState(143)) - Container #1 is in OPEN state, but the datanode b538cbc7-c460-4ed7-9e56-8cd460542e65{ip: 192.168.30.30, host: pr-hdds1737-lts7z-2510321508, networkLocation: /default-rack, certSerialId: null} reports an CLOSED replica.
2019-10-02 22:42:05,471 [EventQueue-ContainerReportForContainerReportHandler] WARN  container.ContainerReportHandler (AbstractContainerReportHandler.java:updateContainerState(143)) - Container #1 is in OPEN state, but the datanode d1cdb5f4-8e11-4282-86cc-473472291632{ip: 192.168.30.30, host: pr-hdds1737-lts7z-2510321508, networkLocation: /default-rack, certSerialId: null} reports an CLOSED replica.
2019-10-02 22:42:05,563 [BlockDeletingService#2] WARN  background.BlockDeletingService (BlockDeletingService.java:isDeletionAllowed(187)) - Close Container log Index 6 is not replicated across allthe servers in the pipeline ff5c6407-5ef5-4ee5-8232-25216c954b7a as the min replicated index is 4. Deletion is not allowed in this container yet.
2019-10-02 22:42:05,563 [BlockDeletingService#2] WARN  background.BlockDeletingService (BlockDeletingService.java:isDeletionAllowed(187)) - Close Container log Index 6 is not replicated across allthe servers in the pipeline ff5c6407-5ef5-4ee5-8232-25216c954b7a as the min replicated index is 4. Deletion is not allowed in this container yet.
2019-10-02 22:42:05,612 [EventQueue-ContainerReportForContainerReportHandler] WARN  container.ContainerReportHandler (AbstractContainerReportHandler.java:updateContainerState(143)) - Container #1 is in OPEN state, but the datanode b538cbc7-c460-4ed7-9e56-8cd460542e65{ip: 192.168.30.30, host: pr-hdds1737-lts7z-2510321508, networkLocation: /default-rack, certSerialId: null} reports an CLOSED replica.
2019-10-02 22:42:05,871 [EventQueue-ContainerReportForContainerReportHandler] WARN  container.ContainerReportHandler (AbstractContainerReportHandler.java:updateContainerState(143)) - Container #1 is in OPEN state, but the datanode d1cdb5f4-8e11-4282-86cc-473472291632{ip: 192.168.30.30, host: pr-hdds1737-lts7z-2510321508, networkLocation: /default-rack, certSerialId: null} reports an CLOSED replica.
2019-10-02 22:42:06,011 [EventQueue-ContainerReportForContainerReportHandler] WARN  container.ContainerReportHandler (AbstractContainerReportHandler.java:updateContainerState(143)) - Container #1 is in OPEN state, but the datanode b538cbc7-c460-4ed7-9e56-8cd460542e65{ip: 192.168.30.30, host: pr-hdds1737-lts7z-2510321508, networkLocation: /default-rack, certSerialId: null} reports an CLOSED replica.
2019-10-02 22:42:06,171 [EventQueue-ContainerReportForContainerReportHandler] WARN  container.ContainerReportHandler (AbstractContainerReportHandler.java:updateContainerState(143)) - Container #1 is in OPEN state, but the datanode d1cdb5f4-8e11-4282-86cc-473472291632{ip: 192.168.30.30, host: pr-hdds1737-lts7z-2510321508, networkLocation: /default-rack, certSerialId: null} reports an CLOSED replica.
2019-10-02 22:42:06,312 [EventQueue-ContainerReportForContainerReportHandler] WARN  container.ContainerReportHandler (AbstractContainerReportHandler.java:updateContainerState(143)) - Container #1 is in OPEN state, but the datanode b538cbc7-c460-4ed7-9e56-8cd460542e65{ip: 192.168.30.30, host: pr-hdds1737-lts7z-2510321508, networkLocation: /default-rack, certSerialId: null} reports an CLOSED replica.
2019-10-02 22:42:06,371 [EventQueue-ContainerReportForContainerReportHandler] WARN  container.ContainerReportHandler (AbstractContainerReportHandler.java:updateContainerState(143)) - Container #1 is in OPEN state, but the datanode d1cdb5f4-8e11-4282-86cc-473472291632{ip: 192.168.30.30, host: pr-hdds1737-lts7z-2510321508, networkLocation: /default-rack, certSerialId: null} reports an CLOSED replica.
2019-10-02 22:42:06,565 [BlockDeletingService#2] WARN  background.BlockDeletingService (BlockDeletingService.java:isDeletionAllowed(187)) - Close Container log Index 6 is not replicated across allthe servers in the pipeline ff5c6407-5ef5-4ee5-8232-25216c954b7a as the min replicated index is 4. Deletion is not allowed in this container yet.
2019-10-02 22:42:06,565 [BlockDeletingService#2] WARN  background.BlockDeletingService (BlockDeletingService.java:isDeletionAllowed(187)) - Close Container log Index 6 is not replicated across allthe servers in the pipeline ff5c6407-5ef5-4ee5-8232-25216c954b7a as the min replicated index is 4. Deletion is not allowed in this container yet.
2019-10-02 22:42:06,612 [EventQueue-ContainerReportForContainerReportHandler] WARN  container.ContainerReportHandler (AbstractContainerReportHandler.java:updateContainerState(143)) - Container #1 is in OPEN state, but the datanode b538cbc7-c460-4ed7-9e56-8cd460542e65{ip: 192.168.30.30, host: pr-hdds1737-lts7z-2510321508, networkLocation: /default-rack, certSerialId: null} reports an CLOSED replica.
2019-10-02 22:42:06,671 [EventQueue-ContainerReportForContainerReportHandler] WARN  container.ContainerReportHandler (AbstractContainerReportHandler.java:updateContainerState(143)) - Container #1 is in OPEN state, but the datanode d1cdb5f4-8e11-4282-86cc-473472291632{ip: 192.168.30.30, host: pr-hdds1737-lts7z-2510321508, networkLocation: /default-rack, certSerialId: null} reports an CLOSED replica.
2019-10-02 22:42:06,912 [EventQueue-ContainerReportForContainerReportHandler] WARN  container.ContainerReportHandler (AbstractContainerReportHandler.java:updateContainerState(143)) - Container #1 is in OPEN state, but the datanode b538cbc7-c460-4ed7-9e56-8cd460542e65{ip: 192.168.30.30, host: pr-hdds1737-lts7z-2510321508, networkLocation: /default-rack, certSerialId: null} reports an CLOSED replica.
2019-10-02 22:42:06,973 [EventQueue-ContainerReportForContainerReportHandler] WARN  container.ContainerReportHandler (AbstractContainerReportHandler.java:updateContainerState(143)) - Container #1 is in OPEN state, but the datanode d1cdb5f4-8e11-4282-86cc-473472291632{ip: 192.168.30.30, host: pr-hdds1737-lts7z-2510321508, networkLocation: /default-rack, certSerialId: null} reports an CLOSED replica.
2019-10-02 22:42:07,092 [grpc-default-executor-1] WARN  server.GrpcLogAppender (LogUtils.java:warn(134)) - d1cdb5f4-8e11-4282-86cc-473472291632@group-25216C954B7A->1b5423a0-36c4-4dcb-9e4d-fbaf1cba6de9-AppendLogResponseHandler: Failed appendEntries: org.apache.ratis.thirdparty.io.grpc.StatusRuntimeException: UNAVAILABLE: io exception
2019-10-02 22:42:07,094 [grpc-default-executor-1] INFO  impl.FollowerInfo (FollowerInfo.java:lambda$new$0(51)) - d1cdb5f4-8e11-4282-86cc-473472291632@group-25216C954B7A->1b5423a0-36c4-4dcb-9e4d-fbaf1cba6de9: nextIndex: updateUnconditionally 0 -> 0
2019-10-02 22:42:07,312 [EventQueue-ContainerReportForContainerReportHandler] WARN  container.ContainerReportHandler (AbstractContainerReportHandler.java:updateContainerState(143)) - Container #1 is in OPEN state, but the datanode b538cbc7-c460-4ed7-9e56-8cd460542e65{ip: 192.168.30.30, host: pr-hdds1737-lts7z-2510321508, networkLocation: /default-rack, certSerialId: null} reports an CLOSED replica.
2019-10-02 22:42:07,375 [EventQueue-ContainerReportForContainerReportHandler] WARN  container.ContainerReportHandler (AbstractContainerReportHandler.java:updateContainerState(143)) - Container #1 is in OPEN state, but the datanode d1cdb5f4-8e11-4282-86cc-473472291632{ip: 192.168.30.30, host: pr-hdds1737-lts7z-2510321508, networkLocation: /default-rack, certSerialId: null} reports an CLOSED replica.
2019-10-02 22:42:07,567 [BlockDeletingService#2] WARN  background.BlockDeletingService (BlockDeletingService.java:isDeletionAllowed(187)) - Close Container log Index 6 is not replicated across allthe servers in the pipeline ff5c6407-5ef5-4ee5-8232-25216c954b7a as the min replicated index is 4. Deletion is not allowed in this container yet.
2019-10-02 22:42:07,567 [BlockDeletingService#2] WARN  background.BlockDeletingService (BlockDeletingService.java:isDeletionAllowed(187)) - Close Container log Index 6 is not replicated across allthe servers in the pipeline ff5c6407-5ef5-4ee5-8232-25216c954b7a as the min replicated index is 4. Deletion is not allowed in this container yet.
2019-10-02 22:42:07,575 [EventQueue-ContainerReportForContainerReportHandler] WARN  container.ContainerReportHandler (AbstractContainerReportHandler.java:updateContainerState(143)) - Container #1 is in OPEN state, but the datanode d1cdb5f4-8e11-4282-86cc-473472291632{ip: 192.168.30.30, host: pr-hdds1737-lts7z-2510321508, networkLocation: /default-rack, certSerialId: null} reports an CLOSED replica.
2019-10-02 22:42:07,587 [Thread-402] INFO  client.GrpcClientProtocolService (GrpcClientProtocolService.java:lambda$processClientRequest$0(278)) - Failed RaftClientRequest:client-EA2B2DBC6C55->b538cbc7-c460-4ed7-9e56-8cd460542e65@group-25216C954B7A, cid=10, seq=0, Watch-ALL_COMMITTED(6), Message:<EMPTY>, reply=RaftClientReply:client-EA2B2DBC6C55->b538cbc7-c460-4ed7-9e56-8cd460542e65@group-25216C954B7A, cid=10, FAILED org.apache.ratis.protocol.NotLeaderException: Server b538cbc7-c460-4ed7-9e56-8cd460542e65@group-25216C954B7A is not the leader d1cdb5f4-8e11-4282-86cc-473472291632:192.168.30.30:42036, logIndex=0, commits[b538cbc7-c460-4ed7-9e56-8cd460542e65:c10, 1b5423a0-36c4-4dcb-9e4d-fbaf1cba6de9:c4, d1cdb5f4-8e11-4282-86cc-473472291632:c10]
2019-10-02 22:42:07,612 [EventQueue-ContainerReportForContainerReportHandler] WARN  container.ContainerReportHandler (AbstractContainerReportHandler.java:updateContainerState(143)) - Container #1 is in OPEN state, but the datanode b538cbc7-c460-4ed7-9e56-8cd460542e65{ip: 192.168.30.30, host: pr-hdds1737-lts7z-2510321508, networkLocation: /default-rack, certSerialId: null} reports an CLOSED replica.
2019-10-02 22:42:07,874 [EventQueue-ContainerReportForContainerReportHandler] WARN  container.ContainerReportHandler (AbstractContainerReportHandler.java:updateContainerState(143)) - Container #1 is in OPEN state, but the datanode d1cdb5f4-8e11-4282-86cc-473472291632{ip: 192.168.30.30, host: pr-hdds1737-lts7z-2510321508, networkLocation: /default-rack, certSerialId: null} reports an CLOSED replica.
2019-10-02 22:42:08,013 [EventQueue-ContainerReportForContainerReportHandler] WARN  container.ContainerReportHandler (AbstractContainerReportHandler.java:updateContainerState(143)) - Container #1 is in OPEN state, but the datanode b538cbc7-c460-4ed7-9e56-8cd460542e65{ip: 192.168.30.30, host: pr-hdds1737-lts7z-2510321508, networkLocation: /default-rack, certSerialId: null} reports an CLOSED replica.
2019-10-02 22:42:08,276 [EventQueue-ContainerReportForContainerReportHandler] WARN  container.ContainerReportHandler (AbstractContainerReportHandler.java:updateContainerState(143)) - Container #1 is in OPEN state, but the datanode d1cdb5f4-8e11-4282-86cc-473472291632{ip: 192.168.30.30, host: pr-hdds1737-lts7z-2510321508, networkLocation: /default-rack, certSerialId: null} reports an CLOSED replica.
2019-10-02 22:42:08,313 [EventQueue-ContainerReportForContainerReportHandler] WARN  container.ContainerReportHandler (AbstractContainerReportHandler.java:updateContainerState(143)) - Container #1 is in OPEN state, but the datanode b538cbc7-c460-4ed7-9e56-8cd460542e65{ip: 192.168.30.30, host: pr-hdds1737-lts7z-2510321508, networkLocation: /default-rack, certSerialId: null} reports an CLOSED replica.
2019-10-02 22:42:08,515 [EventQueue-ContainerReportForContainerReportHandler] WARN  container.ContainerReportHandler (AbstractContainerReportHandler.java:updateContainerState(143)) - Container #1 is in OPEN state, but the datanode b538cbc7-c460-4ed7-9e56-8cd460542e65{ip: 192.168.30.30, host: pr-hdds1737-lts7z-2510321508, networkLocation: /default-rack, certSerialId: null} reports an CLOSED replica.
2019-10-02 22:42:08,569 [BlockDeletingService#2] WARN  background.BlockDeletingService (BlockDeletingService.java:isDeletionAllowed(187)) - Close Container log Index 6 is not replicated across allthe servers in the pipeline ff5c6407-5ef5-4ee5-8232-25216c954b7a as the min replicated index is 4. Deletion is not allowed in this container yet.
2019-10-02 22:42:08,569 [BlockDeletingService#2] WARN  background.BlockDeletingService (BlockDeletingService.java:isDeletionAllowed(187)) - Close Container log Index 6 is not replicated across allthe servers in the pipeline ff5c6407-5ef5-4ee5-8232-25216c954b7a as the min replicated index is 4. Deletion is not allowed in this container yet.
2019-10-02 22:42:08,578 [EventQueue-ContainerReportForContainerReportHandler] WARN  container.ContainerReportHandler (AbstractContainerReportHandler.java:updateContainerState(143)) - Container #1 is in OPEN state, but the datanode d1cdb5f4-8e11-4282-86cc-473472291632{ip: 192.168.30.30, host: pr-hdds1737-lts7z-2510321508, networkLocation: /default-rack, certSerialId: null} reports an CLOSED replica.
2019-10-02 22:42:08,779 [EventQueue-ContainerReportForContainerReportHandler] WARN  container.ContainerReportHandler (AbstractContainerReportHandler.java:updateContainerState(143)) - Container #1 is in OPEN state, but the datanode d1cdb5f4-8e11-4282-86cc-473472291632{ip: 192.168.30.30, host: pr-hdds1737-lts7z-2510321508, networkLocation: /default-rack, certSerialId: null} reports an CLOSED replica.
2019-10-02 22:42:08,815 [EventQueue-ContainerReportForContainerReportHandler] WARN  container.ContainerReportHandler (AbstractContainerReportHandler.java:updateContainerState(143)) - Container #1 is in OPEN state, but the datanode b538cbc7-c460-4ed7-9e56-8cd460542e65{ip: 192.168.30.30, host: pr-hdds1737-lts7z-2510321508, networkLocation: /default-rack, certSerialId: null} reports an CLOSED replica.
2019-10-02 22:42:09,081 [EventQueue-ContainerReportForContainerReportHandler] WARN  container.ContainerReportHandler (AbstractContainerReportHandler.java:updateContainerState(143)) - Container #1 is in OPEN state, but the datanode d1cdb5f4-8e11-4282-86cc-473472291632{ip: 192.168.30.30, host: pr-hdds1737-lts7z-2510321508, networkLocation: /default-rack, certSerialId: null} reports an CLOSED replica.
2019-10-02 22:42:09,215 [EventQueue-ContainerReportForContainerReportHandler] WARN  container.ContainerReportHandler (AbstractContainerReportHandler.java:updateContainerState(143)) - Container #1 is in OPEN state, but the datanode b538cbc7-c460-4ed7-9e56-8cd460542e65{ip: 192.168.30.30, host: pr-hdds1737-lts7z-2510321508, networkLocation: /default-rack, certSerialId: null} reports an CLOSED replica.
2019-10-02 22:42:09,415 [EventQueue-ContainerReportForContainerReportHandler] WARN  container.ContainerReportHandler (AbstractContainerReportHandler.java:updateContainerState(143)) - Container #1 is in OPEN state, but the datanode b538cbc7-c460-4ed7-9e56-8cd460542e65{ip: 192.168.30.30, host: pr-hdds1737-lts7z-2510321508, networkLocation: /default-rack, certSerialId: null} reports an CLOSED replica.
2019-10-02 22:42:09,482 [EventQueue-ContainerReportForContainerReportHandler] WARN  container.ContainerReportHandler (AbstractContainerReportHandler.java:updateContainerState(143)) - Container #1 is in OPEN state, but the datanode d1cdb5f4-8e11-4282-86cc-473472291632{ip: 192.168.30.30, host: pr-hdds1737-lts7z-2510321508, networkLocation: /default-rack, certSerialId: null} reports an CLOSED replica.
2019-10-02 22:42:09,563 [Thread-407] INFO  client.GrpcClientProtocolService (GrpcClientProtocolService.java:lambda$processClientRequest$0(278)) - Failed RaftClientRequest:client-EA2B2DBC6C55->d1cdb5f4-8e11-4282-86cc-473472291632@group-25216C954B7A, cid=10, seq=0, Watch-ALL_COMMITTED(6), Message:<EMPTY>, reply=RaftClientReply:client-EA2B2DBC6C55->d1cdb5f4-8e11-4282-86cc-473472291632@group-25216C954B7A, cid=10, FAILED org.apache.ratis.protocol.NotReplicatedException: Request with call Id 10 and log index 6 is not yet replicated to ALL_COMMITTED, logIndex=6, commits[d1cdb5f4-8e11-4282-86cc-473472291632:c10, b538cbc7-c460-4ed7-9e56-8cd460542e65:c10, 1b5423a0-36c4-4dcb-9e4d-fbaf1cba6de9:c4]
2019-10-02 22:42:09,574 [BlockDeletingService#2] WARN  background.BlockDeletingService (BlockDeletingService.java:isDeletionAllowed(187)) - Close Container log Index 6 is not replicated across allthe servers in the pipeline ff5c6407-5ef5-4ee5-8232-25216c954b7a as the min replicated index is 4. Deletion is not allowed in this container yet.
2019-10-02 22:42:09,574 [BlockDeletingService#2] WARN  background.BlockDeletingService (BlockDeletingService.java:isDeletionAllowed(187)) - Close Container log Index 6 is not replicated across allthe servers in the pipeline ff5c6407-5ef5-4ee5-8232-25216c954b7a as the min replicated index is 4. Deletion is not allowed in this container yet.
2019-10-02 22:42:09,594 [grpc-default-executor-3] WARN  server.GrpcLogAppender (LogUtils.java:warn(134)) - d1cdb5f4-8e11-4282-86cc-473472291632@group-25216C954B7A->1b5423a0-36c4-4dcb-9e4d-fbaf1cba6de9-AppendLogResponseHandler: Failed appendEntries: org.apache.ratis.thirdparty.io.grpc.StatusRuntimeException: UNAVAILABLE: io exception
2019-10-02 22:42:09,595 [grpc-default-executor-3] INFO  impl.FollowerInfo (FollowerInfo.java:lambda$new$0(51)) - d1cdb5f4-8e11-4282-86cc-473472291632@group-25216C954B7A->1b5423a0-36c4-4dcb-9e4d-fbaf1cba6de9: nextIndex: updateUnconditionally 0 -> 0
2019-10-02 22:42:09,615 [EventQueue-ContainerReportForContainerReportHandler] WARN  container.ContainerReportHandler (AbstractContainerReportHandler.java:updateContainerState(143)) - Container #1 is in OPEN state, but the datanode b538cbc7-c460-4ed7-9e56-8cd460542e65{ip: 192.168.30.30, host: pr-hdds1737-lts7z-2510321508, networkLocation: /default-rack, certSerialId: null} reports an CLOSED replica.
2019-10-02 22:42:09,682 [EventQueue-ContainerReportForContainerReportHandler] WARN  container.ContainerReportHandler (AbstractContainerReportHandler.java:updateContainerState(143)) - Container #1 is in OPEN state, but the datanode d1cdb5f4-8e11-4282-86cc-473472291632{ip: 192.168.30.30, host: pr-hdds1737-lts7z-2510321508, networkLocation: /default-rack, certSerialId: null} reports an CLOSED replica.
2019-10-02 22:42:10,015 [EventQueue-ContainerReportForContainerReportHandler] WARN  container.ContainerReportHandler (AbstractContainerReportHandler.java:updateContainerState(143)) - Container #1 is in OPEN state, but the datanode b538cbc7-c460-4ed7-9e56-8cd460542e65{ip: 192.168.30.30, host: pr-hdds1737-lts7z-2510321508, networkLocation: /default-rack, certSerialId: null} reports an CLOSED replica.
2019-10-02 22:42:10,082 [EventQueue-ContainerReportForContainerReportHandler] WARN  container.ContainerReportHandler (AbstractContainerReportHandler.java:updateContainerState(143)) - Container #1 is in OPEN state, but the datanode d1cdb5f4-8e11-4282-86cc-473472291632{ip: 192.168.30.30, host: pr-hdds1737-lts7z-2510321508, networkLocation: /default-rack, certSerialId: null} reports an CLOSED replica.
2019-10-02 22:42:10,381 [EventQueue-ContainerReportForContainerReportHandler] WARN  container.ContainerReportHandler (AbstractContainerReportHandler.java:updateContainerState(143)) - Container #1 is in OPEN state, but the datanode d1cdb5f4-8e11-4282-86cc-473472291632{ip: 192.168.30.30, host: pr-hdds1737-lts7z-2510321508, networkLocation: /default-rack, certSerialId: null} reports an CLOSED replica.
2019-10-02 22:42:10,416 [EventQueue-ContainerReportForContainerReportHandler] WARN  container.ContainerReportHandler (AbstractContainerReportHandler.java:updateContainerState(143)) - Container #1 is in OPEN state, but the datanode b538cbc7-c460-4ed7-9e56-8cd460542e65{ip: 192.168.30.30, host: pr-hdds1737-lts7z-2510321508, networkLocation: /default-rack, certSerialId: null} reports an CLOSED replica.
2019-10-02 22:42:10,577 [BlockDeletingService#2] WARN  background.BlockDeletingService (BlockDeletingService.java:isDeletionAllowed(187)) - Close Container log Index 6 is not replicated across allthe servers in the pipeline ff5c6407-5ef5-4ee5-8232-25216c954b7a as the min replicated index is 4. Deletion is not allowed in this container yet.
2019-10-02 22:42:10,577 [BlockDeletingService#2] WARN  background.BlockDeletingService (BlockDeletingService.java:isDeletionAllowed(187)) - Close Container log Index 6 is not replicated across allthe servers in the pipeline ff5c6407-5ef5-4ee5-8232-25216c954b7a as the min replicated index is 4. Deletion is not allowed in this container yet.
2019-10-02 22:42:10,682 [EventQueue-ContainerReportForContainerReportHandler] WARN  container.ContainerReportHandler (AbstractContainerReportHandler.java:updateContainerState(143)) - Container #1 is in OPEN state, but the datanode d1cdb5f4-8e11-4282-86cc-473472291632{ip: 192.168.30.30, host: pr-hdds1737-lts7z-2510321508, networkLocation: /default-rack, certSerialId: null} reports an CLOSED replica.
2019-10-02 22:42:10,716 [EventQueue-ContainerReportForContainerReportHandler] WARN  container.ContainerReportHandler (AbstractContainerReportHandler.java:updateContainerState(143)) - Container #1 is in OPEN state, but the datanode b538cbc7-c460-4ed7-9e56-8cd460542e65{ip: 192.168.30.30, host: pr-hdds1737-lts7z-2510321508, networkLocation: /default-rack, certSerialId: null} reports an CLOSED replica.
2019-10-02 22:42:10,883 [EventQueue-ContainerReportForContainerReportHandler] WARN  container.ContainerReportHandler (AbstractContainerReportHandler.java:updateContainerState(143)) - Container #1 is in OPEN state, but the datanode d1cdb5f4-8e11-4282-86cc-473472291632{ip: 192.168.30.30, host: pr-hdds1737-lts7z-2510321508, networkLocation: /default-rack, certSerialId: null} reports an CLOSED replica.
2019-10-02 22:42:10,915 [EventQueue-ContainerReportForContainerReportHandler] WARN  container.ContainerReportHandler (AbstractContainerReportHandler.java:updateContainerState(143)) - Container #1 is in OPEN state, but the datanode b538cbc7-c460-4ed7-9e56-8cd460542e65{ip: 192.168.30.30, host: pr-hdds1737-lts7z-2510321508, networkLocation: /default-rack, certSerialId: null} reports an CLOSED replica.
2019-10-02 22:42:11,116 [EventQueue-ContainerReportForContainerReportHandler] WARN  container.ContainerReportHandler (AbstractContainerReportHandler.java:updateContainerState(143)) - Container #1 is in OPEN state, but the datanode b538cbc7-c460-4ed7-9e56-8cd460542e65{ip: 192.168.30.30, host: pr-hdds1737-lts7z-2510321508, networkLocation: /default-rack, certSerialId: null} reports an CLOSED replica.
2019-10-02 22:42:11,183 [EventQueue-ContainerReportForContainerReportHandler] WARN  container.ContainerReportHandler (AbstractContainerReportHandler.java:updateContainerState(143)) - Container #1 is in OPEN state, but the datanode d1cdb5f4-8e11-4282-86cc-473472291632{ip: 192.168.30.30, host: pr-hdds1737-lts7z-2510321508, networkLocation: /default-rack, certSerialId: null} reports an CLOSED replica.
2019-10-02 22:42:11,483 [EventQueue-ContainerReportForContainerReportHandler] WARN  container.ContainerReportHandler (AbstractContainerReportHandler.java:updateContainerState(143)) - Container #1 is in OPEN state, but the datanode d1cdb5f4-8e11-4282-86cc-473472291632{ip: 192.168.30.30, host: pr-hdds1737-lts7z-2510321508, networkLocation: /default-rack, certSerialId: null} reports an CLOSED replica.
2019-10-02 22:42:11,517 [EventQueue-ContainerReportForContainerReportHandler] WARN  container.ContainerReportHandler (AbstractContainerReportHandler.java:updateContainerState(143)) - Container #1 is in OPEN state, but the datanode b538cbc7-c460-4ed7-9e56-8cd460542e65{ip: 192.168.30.30, host: pr-hdds1737-lts7z-2510321508, networkLocation: /default-rack, certSerialId: null} reports an CLOSED replica.
2019-10-02 22:42:11,578 [BlockDeletingService#2] WARN  background.BlockDeletingService (BlockDeletingService.java:isDeletionAllowed(187)) - Close Container log Index 6 is not replicated across allthe servers in the pipeline ff5c6407-5ef5-4ee5-8232-25216c954b7a as the min replicated index is 4. Deletion is not allowed in this container yet.
2019-10-02 22:42:11,578 [BlockDeletingService#2] WARN  background.BlockDeletingService (BlockDeletingService.java:isDeletionAllowed(187)) - Close Container log Index 6 is not replicated across allthe servers in the pipeline ff5c6407-5ef5-4ee5-8232-25216c954b7a as the min replicated index is 4. Deletion is not allowed in this container yet.
2019-10-02 22:42:11,783 [EventQueue-ContainerReportForContainerReportHandler] WARN  container.ContainerReportHandler (AbstractContainerReportHandler.java:updateContainerState(143)) - Container #1 is in OPEN state, but the datanode d1cdb5f4-8e11-4282-86cc-473472291632{ip: 192.168.30.30, host: pr-hdds1737-lts7z-2510321508, networkLocation: /default-rack, certSerialId: null} reports an CLOSED replica.
2019-10-02 22:42:11,916 [EventQueue-ContainerReportForContainerReportHandler] WARN  container.ContainerReportHandler (AbstractContainerReportHandler.java:updateContainerState(143)) - Container #1 is in OPEN state, but the datanode b538cbc7-c460-4ed7-9e56-8cd460542e65{ip: 192.168.30.30, host: pr-hdds1737-lts7z-2510321508, networkLocation: /default-rack, certSerialId: null} reports an CLOSED replica.
2019-10-02 22:42:12,099 [grpc-default-executor-1] WARN  server.GrpcLogAppender (LogUtils.java:warn(134)) - d1cdb5f4-8e11-4282-86cc-473472291632@group-25216C954B7A->1b5423a0-36c4-4dcb-9e4d-fbaf1cba6de9-AppendLogResponseHandler: Failed appendEntries: org.apache.ratis.thirdparty.io.grpc.StatusRuntimeException: UNAVAILABLE: io exception
2019-10-02 22:42:12,101 [grpc-default-executor-1] INFO  impl.FollowerInfo (FollowerInfo.java:lambda$new$0(51)) - d1cdb5f4-8e11-4282-86cc-473472291632@group-25216C954B7A->1b5423a0-36c4-4dcb-9e4d-fbaf1cba6de9: nextIndex: updateUnconditionally 0 -> 0
2019-10-02 22:42:12,182 [EventQueue-ContainerReportForContainerReportHandler] WARN  container.ContainerReportHandler (AbstractContainerReportHandler.java:updateContainerState(143)) - Container #1 is in OPEN state, but the datanode d1cdb5f4-8e11-4282-86cc-473472291632{ip: 192.168.30.30, host: pr-hdds1737-lts7z-2510321508, networkLocation: /default-rack, certSerialId: null} reports an CLOSED replica.
2019-10-02 22:42:12,218 [EventQueue-ContainerReportForContainerReportHandler] WARN  container.ContainerReportHandler (AbstractContainerReportHandler.java:updateContainerState(143)) - Container #1 is in OPEN state, but the datanode b538cbc7-c460-4ed7-9e56-8cd460542e65{ip: 192.168.30.30, host: pr-hdds1737-lts7z-2510321508, networkLocation: /default-rack, certSerialId: null} reports an CLOSED replica.
2019-10-02 22:42:12,419 [EventQueue-ContainerReportForContainerReportHandler] WARN  container.ContainerReportHandler (AbstractContainerReportHandler.java:updateContainerState(143)) - Container #1 is in OPEN state, but the datanode b538cbc7-c460-4ed7-9e56-8cd460542e65{ip: 192.168.30.30, host: pr-hdds1737-lts7z-2510321508, networkLocation: /default-rack, certSerialId: null} reports an CLOSED replica.
2019-10-02 22:42:12,580 [BlockDeletingService#2] WARN  background.BlockDeletingService (BlockDeletingService.java:isDeletionAllowed(187)) - Close Container log Index 6 is not replicated across allthe servers in the pipeline ff5c6407-5ef5-4ee5-8232-25216c954b7a as the min replicated index is 4. Deletion is not allowed in this container yet.
2019-10-02 22:42:12,580 [BlockDeletingService#2] WARN  background.BlockDeletingService (BlockDeletingService.java:isDeletionAllowed(187)) - Close Container log Index 6 is not replicated across allthe servers in the pipeline ff5c6407-5ef5-4ee5-8232-25216c954b7a as the min replicated index is 4. Deletion is not allowed in this container yet.
2019-10-02 22:42:12,584 [EventQueue-ContainerReportForContainerReportHandler] WARN  container.ContainerReportHandler (AbstractContainerReportHandler.java:updateContainerState(143)) - Container #1 is in OPEN state, but the datanode d1cdb5f4-8e11-4282-86cc-473472291632{ip: 192.168.30.30, host: pr-hdds1737-lts7z-2510321508, networkLocation: /default-rack, certSerialId: null} reports an CLOSED replica.
2019-10-02 22:42:12,719 [EventQueue-ContainerReportForContainerReportHandler] WARN  container.ContainerReportHandler (AbstractContainerReportHandler.java:updateContainerState(143)) - Container #1 is in OPEN state, but the datanode b538cbc7-c460-4ed7-9e56-8cd460542e65{ip: 192.168.30.30, host: pr-hdds1737-lts7z-2510321508, networkLocation: /default-rack, certSerialId: null} reports an CLOSED replica.
2019-10-02 22:42:12,784 [EventQueue-ContainerReportForContainerReportHandler] WARN  container.ContainerReportHandler (AbstractContainerReportHandler.java:updateContainerState(143)) - Container #1 is in OPEN state, but the datanode d1cdb5f4-8e11-4282-86cc-473472291632{ip: 192.168.30.30, host: pr-hdds1737-lts7z-2510321508, networkLocation: /default-rack, certSerialId: null} reports an CLOSED replica.
2019-10-02 22:42:12,918 [EventQueue-ContainerReportForContainerReportHandler] WARN  container.ContainerReportHandler (AbstractContainerReportHandler.java:updateContainerState(143)) - Container #1 is in OPEN state, but the datanode b538cbc7-c460-4ed7-9e56-8cd460542e65{ip: 192.168.30.30, host: pr-hdds1737-lts7z-2510321508, networkLocation: /default-rack, certSerialId: null} reports an CLOSED replica.
2019-10-02 22:42:13,085 [EventQueue-ContainerReportForContainerReportHandler] WARN  container.ContainerReportHandler (AbstractContainerReportHandler.java:updateContainerState(143)) - Container #1 is in OPEN state, but the datanode d1cdb5f4-8e11-4282-86cc-473472291632{ip: 192.168.30.30, host: pr-hdds1737-lts7z-2510321508, networkLocation: /default-rack, certSerialId: null} reports an CLOSED replica.
2019-10-02 22:42:13,120 [EventQueue-ContainerReportForContainerReportHandler] WARN  container.ContainerReportHandler (AbstractContainerReportHandler.java:updateContainerState(143)) - Container #1 is in OPEN state, but the datanode b538cbc7-c460-4ed7-9e56-8cd460542e65{ip: 192.168.30.30, host: pr-hdds1737-lts7z-2510321508, networkLocation: /default-rack, certSerialId: null} reports an CLOSED replica.
2019-10-02 22:42:13,285 [EventQueue-ContainerReportForContainerReportHandler] WARN  container.ContainerReportHandler (AbstractContainerReportHandler.java:updateContainerState(143)) - Container #1 is in OPEN state, but the datanode d1cdb5f4-8e11-4282-86cc-473472291632{ip: 192.168.30.30, host: pr-hdds1737-lts7z-2510321508, networkLocation: /default-rack, certSerialId: null} reports an CLOSED replica.
2019-10-02 22:42:13,485 [EventQueue-ContainerReportForContainerReportHandler] WARN  container.ContainerReportHandler (AbstractContainerReportHandler.java:updateContainerState(143)) - Container #1 is in OPEN state, but the datanode d1cdb5f4-8e11-4282-86cc-473472291632{ip: 192.168.30.30, host: pr-hdds1737-lts7z-2510321508, networkLocation: /default-rack, certSerialId: null} reports an CLOSED replica.
2019-10-02 22:42:13,521 [EventQueue-ContainerReportForContainerReportHandler] WARN  container.ContainerReportHandler (AbstractContainerReportHandler.java:updateContainerState(143)) - Container #1 is in OPEN state, but the datanode b538cbc7-c460-4ed7-9e56-8cd460542e65{ip: 192.168.30.30, host: pr-hdds1737-lts7z-2510321508, networkLocation: /default-rack, certSerialId: null} reports an CLOSED replica.
2019-10-02 22:42:13,581 [BlockDeletingService#2] WARN  background.BlockDeletingService (BlockDeletingService.java:isDeletionAllowed(187)) - Close Container log Index 6 is not replicated across allthe servers in the pipeline ff5c6407-5ef5-4ee5-8232-25216c954b7a as the min replicated index is 4. Deletion is not allowed in this container yet.
2019-10-02 22:42:13,581 [BlockDeletingService#2] WARN  background.BlockDeletingService (BlockDeletingService.java:isDeletionAllowed(187)) - Close Container log Index 6 is not replicated across allthe servers in the pipeline ff5c6407-5ef5-4ee5-8232-25216c954b7a as the min replicated index is 4. Deletion is not allowed in this container yet.
2019-10-02 22:42:13,720 [EventQueue-ContainerReportForContainerReportHandler] WARN  container.ContainerReportHandler (AbstractContainerReportHandler.java:updateContainerState(143)) - Container #1 is in OPEN state, but the datanode b538cbc7-c460-4ed7-9e56-8cd460542e65{ip: 192.168.30.30, host: pr-hdds1737-lts7z-2510321508, networkLocation: /default-rack, certSerialId: null} reports an CLOSED replica.
2019-10-02 22:42:13,885 [EventQueue-ContainerReportForContainerReportHandler] WARN  container.ContainerReportHandler (AbstractContainerReportHandler.java:updateContainerState(143)) - Container #1 is in OPEN state, but the datanode d1cdb5f4-8e11-4282-86cc-473472291632{ip: 192.168.30.30, host: pr-hdds1737-lts7z-2510321508, networkLocation: /default-rack, certSerialId: null} reports an CLOSED replica.
2019-10-02 22:42:14,021 [EventQueue-ContainerReportForContainerReportHandler] WARN  container.ContainerReportHandler (AbstractContainerReportHandler.java:updateContainerState(143)) - Container #1 is in OPEN state, but the datanode b538cbc7-c460-4ed7-9e56-8cd460542e65{ip: 192.168.30.30, host: pr-hdds1737-lts7z-2510321508, networkLocation: /default-rack, certSerialId: null} reports an CLOSED replica.
2019-10-02 22:42:14,185 [EventQueue-ContainerReportForContainerReportHandler] WARN  container.ContainerReportHandler (AbstractContainerReportHandler.java:updateContainerState(143)) - Container #1 is in OPEN state, but the datanode d1cdb5f4-8e11-4282-86cc-473472291632{ip: 192.168.30.30, host: pr-hdds1737-lts7z-2510321508, networkLocation: /default-rack, certSerialId: null} reports an CLOSED replica.
2019-10-02 22:42:14,384 [EventQueue-ContainerReportForContainerReportHandler] WARN  container.ContainerReportHandler (AbstractContainerReportHandler.java:updateContainerState(143)) - Container #1 is in OPEN state, but the datanode d1cdb5f4-8e11-4282-86cc-473472291632{ip: 192.168.30.30, host: pr-hdds1737-lts7z-2510321508, networkLocation: /default-rack, certSerialId: null} reports an CLOSED replica.
2019-10-02 22:42:14,421 [EventQueue-ContainerReportForContainerReportHandler] WARN  container.ContainerReportHandler (AbstractContainerReportHandler.java:updateContainerState(143)) - Container #1 is in OPEN state, but the datanode b538cbc7-c460-4ed7-9e56-8cd460542e65{ip: 192.168.30.30, host: pr-hdds1737-lts7z-2510321508, networkLocation: /default-rack, certSerialId: null} reports an CLOSED replica.
2019-10-02 22:42:14,582 [BlockDeletingService#2] WARN  background.BlockDeletingService (BlockDeletingService.java:isDeletionAllowed(187)) - Close Container log Index 6 is not replicated across allthe servers in the pipeline ff5c6407-5ef5-4ee5-8232-25216c954b7a as the min replicated index is 4. Deletion is not allowed in this container yet.
2019-10-02 22:42:14,583 [BlockDeletingService#2] WARN  background.BlockDeletingService (BlockDeletingService.java:isDeletionAllowed(187)) - Close Container log Index 6 is not replicated across allthe servers in the pipeline ff5c6407-5ef5-4ee5-8232-25216c954b7a as the min replicated index is 4. Deletion is not allowed in this container yet.
2019-10-02 22:42:14,600 [grpc-default-executor-2] WARN  server.GrpcLogAppender (LogUtils.java:warn(134)) - d1cdb5f4-8e11-4282-86cc-473472291632@group-25216C954B7A->1b5423a0-36c4-4dcb-9e4d-fbaf1cba6de9-AppendLogResponseHandler: Failed appendEntries: org.apache.ratis.thirdparty.io.grpc.StatusRuntimeException: UNAVAILABLE: io exception
2019-10-02 22:42:14,606 [grpc-default-executor-2] INFO  impl.FollowerInfo (FollowerInfo.java:lambda$new$0(51)) - d1cdb5f4-8e11-4282-86cc-473472291632@group-25216C954B7A->1b5423a0-36c4-4dcb-9e4d-fbaf1cba6de9: nextIndex: updateUnconditionally 0 -> 0
2019-10-02 22:42:14,721 [EventQueue-ContainerReportForContainerReportHandler] WARN  container.ContainerReportHandler (AbstractContainerReportHandler.java:updateContainerState(143)) - Container #1 is in OPEN state, but the datanode b538cbc7-c460-4ed7-9e56-8cd460542e65{ip: 192.168.30.30, host: pr-hdds1737-lts7z-2510321508, networkLocation: /default-rack, certSerialId: null} reports an CLOSED replica.
2019-10-02 22:42:14,785 [EventQueue-ContainerReportForContainerReportHandler] WARN  container.ContainerReportHandler (AbstractContainerReportHandler.java:updateContainerState(143)) - Container #1 is in OPEN state, but the datanode d1cdb5f4-8e11-4282-86cc-473472291632{ip: 192.168.30.30, host: pr-hdds1737-lts7z-2510321508, networkLocation: /default-rack, certSerialId: null} reports an CLOSED replica.
2019-10-02 22:42:15,021 [EventQueue-ContainerReportForContainerReportHandler] WARN  container.ContainerReportHandler (AbstractContainerReportHandler.java:updateContainerState(143)) - Container #1 is in OPEN state, but the datanode b538cbc7-c460-4ed7-9e56-8cd460542e65{ip: 192.168.30.30, host: pr-hdds1737-lts7z-2510321508, networkLocation: /default-rack, certSerialId: null} reports an CLOSED replica.
2019-10-02 22:42:15,085 [EventQueue-ContainerReportForContainerReportHandler] WARN  container.ContainerReportHandler (AbstractContainerReportHandler.java:updateContainerState(143)) - Container #1 is in OPEN state, but the datanode d1cdb5f4-8e11-4282-86cc-473472291632{ip: 192.168.30.30, host: pr-hdds1737-lts7z-2510321508, networkLocation: /default-rack, certSerialId: null} reports an CLOSED replica.
2019-10-02 22:42:15,321 [EventQueue-ContainerReportForContainerReportHandler] WARN  container.ContainerReportHandler (AbstractContainerReportHandler.java:updateContainerState(143)) - Container #1 is in OPEN state, but the datanode b538cbc7-c460-4ed7-9e56-8cd460542e65{ip: 192.168.30.30, host: pr-hdds1737-lts7z-2510321508, networkLocation: /default-rack, certSerialId: null} reports an CLOSED replica.
2019-10-02 22:42:15,385 [EventQueue-ContainerReportForContainerReportHandler] WARN  container.ContainerReportHandler (AbstractContainerReportHandler.java:updateContainerState(143)) - Container #1 is in OPEN state, but the datanode d1cdb5f4-8e11-4282-86cc-473472291632{ip: 192.168.30.30, host: pr-hdds1737-lts7z-2510321508, networkLocation: /default-rack, certSerialId: null} reports an CLOSED replica.
2019-10-02 22:42:15,584 [BlockDeletingService#2] WARN  background.BlockDeletingService (BlockDeletingService.java:isDeletionAllowed(187)) - Close Container log Index 6 is not replicated across allthe servers in the pipeline ff5c6407-5ef5-4ee5-8232-25216c954b7a as the min replicated index is 4. Deletion is not allowed in this container yet.
2019-10-02 22:42:15,584 [BlockDeletingService#2] WARN  background.BlockDeletingService (BlockDeletingService.java:isDeletionAllowed(187)) - Close Container log Index 6 is not replicated across allthe servers in the pipeline ff5c6407-5ef5-4ee5-8232-25216c954b7a as the min replicated index is 4. Deletion is not allowed in this container yet.
2019-10-02 22:42:15,584 [EventQueue-ContainerReportForContainerReportHandler] WARN  container.ContainerReportHandler (AbstractContainerReportHandler.java:updateContainerState(143)) - Container #1 is in OPEN state, but the datanode d1cdb5f4-8e11-4282-86cc-473472291632{ip: 192.168.30.30, host: pr-hdds1737-lts7z-2510321508, networkLocation: /default-rack, certSerialId: null} reports an CLOSED replica.
2019-10-02 22:42:15,723 [EventQueue-ContainerReportForContainerReportHandler] WARN  container.ContainerReportHandler (AbstractContainerReportHandler.java:updateContainerState(143)) - Container #1 is in OPEN state, but the datanode b538cbc7-c460-4ed7-9e56-8cd460542e65{ip: 192.168.30.30, host: pr-hdds1737-lts7z-2510321508, networkLocation: /default-rack, certSerialId: null} reports an CLOSED replica.
2019-10-02 22:42:15,887 [EventQueue-ContainerReportForContainerReportHandler] WARN  container.ContainerReportHandler (AbstractContainerReportHandler.java:updateContainerState(143)) - Container #1 is in OPEN state, but the datanode d1cdb5f4-8e11-4282-86cc-473472291632{ip: 192.168.30.30, host: pr-hdds1737-lts7z-2510321508, networkLocation: /default-rack, certSerialId: null} reports an CLOSED replica.
2019-10-02 22:42:15,922 [EventQueue-ContainerReportForContainerReportHandler] WARN  container.ContainerReportHandler (AbstractContainerReportHandler.java:updateContainerState(143)) - Container #1 is in OPEN state, but the datanode b538cbc7-c460-4ed7-9e56-8cd460542e65{ip: 192.168.30.30, host: pr-hdds1737-lts7z-2510321508, networkLocation: /default-rack, certSerialId: null} reports an CLOSED replica.
2019-10-02 22:42:16,186 [EventQueue-ContainerReportForContainerReportHandler] WARN  container.ContainerReportHandler (AbstractContainerReportHandler.java:updateContainerState(143)) - Container #1 is in OPEN state, but the datanode d1cdb5f4-8e11-4282-86cc-473472291632{ip: 192.168.30.30, host: pr-hdds1737-lts7z-2510321508, networkLocation: /default-rack, certSerialId: null} reports an CLOSED replica.
2019-10-02 22:42:16,224 [EventQueue-ContainerReportForContainerReportHandler] WARN  container.ContainerReportHandler (AbstractContainerReportHandler.java:updateContainerState(143)) - Container #1 is in OPEN state, but the datanode b538cbc7-c460-4ed7-9e56-8cd460542e65{ip: 192.168.30.30, host: pr-hdds1737-lts7z-2510321508, networkLocation: /default-rack, certSerialId: null} reports an CLOSED replica.
2019-10-02 22:42:16,488 [EventQueue-ContainerReportForContainerReportHandler] WARN  container.ContainerReportHandler (AbstractContainerReportHandler.java:updateContainerState(143)) - Container #1 is in OPEN state, but the datanode d1cdb5f4-8e11-4282-86cc-473472291632{ip: 192.168.30.30, host: pr-hdds1737-lts7z-2510321508, networkLocation: /default-rack, certSerialId: null} reports an CLOSED replica.
2019-10-02 22:42:16,585 [BlockDeletingService#2] WARN  background.BlockDeletingService (BlockDeletingService.java:isDeletionAllowed(187)) - Close Container log Index 6 is not replicated across allthe servers in the pipeline ff5c6407-5ef5-4ee5-8232-25216c954b7a as the min replicated index is 4. Deletion is not allowed in this container yet.
2019-10-02 22:42:16,585 [BlockDeletingService#2] WARN  background.BlockDeletingService (BlockDeletingService.java:isDeletionAllowed(187)) - Close Container log Index 6 is not replicated across allthe servers in the pipeline ff5c6407-5ef5-4ee5-8232-25216c954b7a as the min replicated index is 4. Deletion is not allowed in this container yet.
2019-10-02 22:42:16,624 [EventQueue-ContainerReportForContainerReportHandler] WARN  container.ContainerReportHandler (AbstractContainerReportHandler.java:updateContainerState(143)) - Container #1 is in OPEN state, but the datanode b538cbc7-c460-4ed7-9e56-8cd460542e65{ip: 192.168.30.30, host: pr-hdds1737-lts7z-2510321508, networkLocation: /default-rack, certSerialId: null} reports an CLOSED replica.
2019-10-02 22:42:16,823 [EventQueue-ContainerReportForContainerReportHandler] WARN  container.ContainerReportHandler (AbstractContainerReportHandler.java:updateContainerState(143)) - Container #1 is in OPEN state, but the datanode b538cbc7-c460-4ed7-9e56-8cd460542e65{ip: 192.168.30.30, host: pr-hdds1737-lts7z-2510321508, networkLocation: /default-rack, certSerialId: null} reports an CLOSED replica.
2019-10-02 22:42:16,887 [EventQueue-ContainerReportForContainerReportHandler] WARN  container.ContainerReportHandler (AbstractContainerReportHandler.java:updateContainerState(143)) - Container #1 is in OPEN state, but the datanode d1cdb5f4-8e11-4282-86cc-473472291632{ip: 192.168.30.30, host: pr-hdds1737-lts7z-2510321508, networkLocation: /default-rack, certSerialId: null} reports an CLOSED replica.
2019-10-02 22:42:17,104 [grpc-default-executor-3] WARN  server.GrpcLogAppender (LogUtils.java:warn(134)) - d1cdb5f4-8e11-4282-86cc-473472291632@group-25216C954B7A->1b5423a0-36c4-4dcb-9e4d-fbaf1cba6de9-AppendLogResponseHandler: Failed appendEntries: org.apache.ratis.thirdparty.io.grpc.StatusRuntimeException: UNAVAILABLE: io exception
2019-10-02 22:42:17,106 [grpc-default-executor-3] INFO  impl.FollowerInfo (FollowerInfo.java:lambda$new$0(51)) - d1cdb5f4-8e11-4282-86cc-473472291632@group-25216C954B7A->1b5423a0-36c4-4dcb-9e4d-fbaf1cba6de9: nextIndex: updateUnconditionally 0 -> 0
2019-10-02 22:42:17,125 [EventQueue-ContainerReportForContainerReportHandler] WARN  container.ContainerReportHandler (AbstractContainerReportHandler.java:updateContainerState(143)) - Container #1 is in OPEN state, but the datanode b538cbc7-c460-4ed7-9e56-8cd460542e65{ip: 192.168.30.30, host: pr-hdds1737-lts7z-2510321508, networkLocation: /default-rack, certSerialId: null} reports an CLOSED replica.
2019-10-02 22:42:17,288 [EventQueue-ContainerReportForContainerReportHandler] WARN  container.ContainerReportHandler (AbstractContainerReportHandler.java:updateContainerState(143)) - Container #1 is in OPEN state, but the datanode d1cdb5f4-8e11-4282-86cc-473472291632{ip: 192.168.30.30, host: pr-hdds1737-lts7z-2510321508, networkLocation: /default-rack, certSerialId: null} reports an CLOSED replica.
2019-10-02 22:42:17,525 [EventQueue-ContainerReportForContainerReportHandler] WARN  container.ContainerReportHandler (AbstractContainerReportHandler.java:updateContainerState(143)) - Container #1 is in OPEN state, but the datanode b538cbc7-c460-4ed7-9e56-8cd460542e65{ip: 192.168.30.30, host: pr-hdds1737-lts7z-2510321508, networkLocation: /default-rack, certSerialId: null} reports an CLOSED replica.
2019-10-02 22:42:17,587 [BlockDeletingService#2] WARN  background.BlockDeletingService (BlockDeletingService.java:isDeletionAllowed(187)) - Close Container log Index 6 is not replicated across allthe servers in the pipeline ff5c6407-5ef5-4ee5-8232-25216c954b7a as the min replicated index is 4. Deletion is not allowed in this container yet.
2019-10-02 22:42:17,587 [BlockDeletingService#2] WARN  background.BlockDeletingService (BlockDeletingService.java:isDeletionAllowed(187)) - Close Container log Index 6 is not replicated across allthe servers in the pipeline ff5c6407-5ef5-4ee5-8232-25216c954b7a as the min replicated index is 4. Deletion is not allowed in this container yet.
2019-10-02 22:42:17,588 [EventQueue-ContainerReportForContainerReportHandler] WARN  container.ContainerReportHandler (AbstractContainerReportHandler.java:updateContainerState(143)) - Container #1 is in OPEN state, but the datanode d1cdb5f4-8e11-4282-86cc-473472291632{ip: 192.168.30.30, host: pr-hdds1737-lts7z-2510321508, networkLocation: /default-rack, certSerialId: null} reports an CLOSED replica.
2019-10-02 22:42:17,825 [EventQueue-ContainerReportForContainerReportHandler] WARN  container.ContainerReportHandler (AbstractContainerReportHandler.java:updateContainerState(143)) - Container #1 is in OPEN state, but the datanode b538cbc7-c460-4ed7-9e56-8cd460542e65{ip: 192.168.30.30, host: pr-hdds1737-lts7z-2510321508, networkLocation: /default-rack, certSerialId: null} reports an CLOSED replica.
2019-10-02 22:42:17,889 [EventQueue-ContainerReportForContainerReportHandler] WARN  container.ContainerReportHandler (AbstractContainerReportHandler.java:updateContainerState(143)) - Container #1 is in OPEN state, but the datanode d1cdb5f4-8e11-4282-86cc-473472291632{ip: 192.168.30.30, host: pr-hdds1737-lts7z-2510321508, networkLocation: /default-rack, certSerialId: null} reports an CLOSED replica.
2019-10-02 22:42:18,124 [EventQueue-ContainerReportForContainerReportHandler] WARN  container.ContainerReportHandler (AbstractContainerReportHandler.java:updateContainerState(143)) - Container #1 is in OPEN state, but the datanode b538cbc7-c460-4ed7-9e56-8cd460542e65{ip: 192.168.30.30, host: pr-hdds1737-lts7z-2510321508, networkLocation: /default-rack, certSerialId: null} reports an CLOSED replica.
2019-10-02 22:42:18,187 [EventQueue-ContainerReportForContainerReportHandler] WARN  container.ContainerReportHandler (AbstractContainerReportHandler.java:updateContainerState(143)) - Container #1 is in OPEN state, but the datanode d1cdb5f4-8e11-4282-86cc-473472291632{ip: 192.168.30.30, host: pr-hdds1737-lts7z-2510321508, networkLocation: /default-rack, certSerialId: null} reports an CLOSED replica.
2019-10-02 22:42:18,388 [EventQueue-ContainerReportForContainerReportHandler] WARN  container.ContainerReportHandler (AbstractContainerReportHandler.java:updateContainerState(143)) - Container #1 is in OPEN state, but the datanode d1cdb5f4-8e11-4282-86cc-473472291632{ip: 192.168.30.30, host: pr-hdds1737-lts7z-2510321508, networkLocation: /default-rack, certSerialId: null} reports an CLOSED replica.
2019-10-02 22:42:18,425 [EventQueue-ContainerReportForContainerReportHandler] WARN  container.ContainerReportHandler (AbstractContainerReportHandler.java:updateContainerState(143)) - Container #1 is in OPEN state, but the datanode b538cbc7-c460-4ed7-9e56-8cd460542e65{ip: 192.168.30.30, host: pr-hdds1737-lts7z-2510321508, networkLocation: /default-rack, certSerialId: null} reports an CLOSED replica.
2019-10-02 22:42:18,563 [Thread-434] INFO  client.GrpcClientProtocolService (GrpcClientProtocolService.java:lambda$processClientRequest$0(278)) - Failed RaftClientRequest:client-EA2B2DBC6C55->d1cdb5f4-8e11-4282-86cc-473472291632@group-25216C954B7A, cid=10, seq=0, Watch-ALL_COMMITTED(6), Message:<EMPTY>, reply=RaftClientReply:client-EA2B2DBC6C55->d1cdb5f4-8e11-4282-86cc-473472291632@group-25216C954B7A, cid=10, FAILED org.apache.ratis.protocol.NotReplicatedException: Request with call Id 10 and log index 6 is not yet replicated to ALL_COMMITTED, logIndex=6, commits[d1cdb5f4-8e11-4282-86cc-473472291632:c10, b538cbc7-c460-4ed7-9e56-8cd460542e65:c10, 1b5423a0-36c4-4dcb-9e4d-fbaf1cba6de9:c4]
2019-10-02 22:42:18,588 [BlockDeletingService#2] WARN  background.BlockDeletingService (BlockDeletingService.java:isDeletionAllowed(187)) - Close Container log Index 6 is not replicated across allthe servers in the pipeline ff5c6407-5ef5-4ee5-8232-25216c954b7a as the min replicated index is 4. Deletion is not allowed in this container yet.
2019-10-02 22:42:18,588 [BlockDeletingService#2] WARN  background.BlockDeletingService (BlockDeletingService.java:isDeletionAllowed(187)) - Close Container log Index 6 is not replicated across allthe servers in the pipeline ff5c6407-5ef5-4ee5-8232-25216c954b7a as the min replicated index is 4. Deletion is not allowed in this container yet.
2019-10-02 22:42:18,689 [EventQueue-ContainerReportForContainerReportHandler] WARN  container.ContainerReportHandler (AbstractContainerReportHandler.java:updateContainerState(143)) - Container #1 is in OPEN state, but the datanode d1cdb5f4-8e11-4282-86cc-473472291632{ip: 192.168.30.30, host: pr-hdds1737-lts7z-2510321508, networkLocation: /default-rack, certSerialId: null} reports an CLOSED replica.
2019-10-02 22:42:18,726 [EventQueue-ContainerReportForContainerReportHandler] WARN  container.ContainerReportHandler (AbstractContainerReportHandler.java:updateContainerState(143)) - Container #1 is in OPEN state, but the datanode b538cbc7-c460-4ed7-9e56-8cd460542e65{ip: 192.168.30.30, host: pr-hdds1737-lts7z-2510321508, networkLocation: /default-rack, certSerialId: null} reports an CLOSED replica.
2019-10-02 22:42:18,989 [EventQueue-ContainerReportForContainerReportHandler] WARN  container.ContainerReportHandler (AbstractContainerReportHandler.java:updateContainerState(143)) - Container #1 is in OPEN state, but the datanode d1cdb5f4-8e11-4282-86cc-473472291632{ip: 192.168.30.30, host: pr-hdds1737-lts7z-2510321508, networkLocation: /default-rack, certSerialId: null} reports an CLOSED replica.
2019-10-02 22:42:19,026 [EventQueue-ContainerReportForContainerReportHandler] WARN  container.ContainerReportHandler (AbstractContainerReportHandler.java:updateContainerState(143)) - Container #1 is in OPEN state, but the datanode b538cbc7-c460-4ed7-9e56-8cd460542e65{ip: 192.168.30.30, host: pr-hdds1737-lts7z-2510321508, networkLocation: /default-rack, certSerialId: null} reports an CLOSED replica.
2019-10-02 22:42:19,228 [EventQueue-ContainerReportForContainerReportHandler] WARN  container.ContainerReportHandler (AbstractContainerReportHandler.java:updateContainerState(143)) - Container #1 is in OPEN state, but the datanode b538cbc7-c460-4ed7-9e56-8cd460542e65{ip: 192.168.30.30, host: pr-hdds1737-lts7z-2510321508, networkLocation: /default-rack, certSerialId: null} reports an CLOSED replica.
2019-10-02 22:42:19,388 [EventQueue-ContainerReportForContainerReportHandler] WARN  container.ContainerReportHandler (AbstractContainerReportHandler.java:updateContainerState(143)) - Container #1 is in OPEN state, but the datanode d1cdb5f4-8e11-4282-86cc-473472291632{ip: 192.168.30.30, host: pr-hdds1737-lts7z-2510321508, networkLocation: /default-rack, certSerialId: null} reports an CLOSED replica.
2019-10-02 22:42:19,428 [EventQueue-ContainerReportForContainerReportHandler] WARN  container.ContainerReportHandler (AbstractContainerReportHandler.java:updateContainerState(143)) - Container #1 is in OPEN state, but the datanode b538cbc7-c460-4ed7-9e56-8cd460542e65{ip: 192.168.30.30, host: pr-hdds1737-lts7z-2510321508, networkLocation: /default-rack, certSerialId: null} reports an CLOSED replica.
2019-10-02 22:42:19,591 [BlockDeletingService#2] WARN  background.BlockDeletingService (BlockDeletingService.java:isDeletionAllowed(187)) - Close Container log Index 6 is not replicated across allthe servers in the pipeline ff5c6407-5ef5-4ee5-8232-25216c954b7a as the min replicated index is 4. Deletion is not allowed in this container yet.
2019-10-02 22:42:19,591 [BlockDeletingService#2] WARN  background.BlockDeletingService (BlockDeletingService.java:isDeletionAllowed(187)) - Close Container log Index 6 is not replicated across allthe servers in the pipeline ff5c6407-5ef5-4ee5-8232-25216c954b7a as the min replicated index is 4. Deletion is not allowed in this container yet.
2019-10-02 22:42:19,607 [grpc-default-executor-1] WARN  server.GrpcLogAppender (LogUtils.java:warn(134)) - d1cdb5f4-8e11-4282-86cc-473472291632@group-25216C954B7A->1b5423a0-36c4-4dcb-9e4d-fbaf1cba6de9-AppendLogResponseHandler: Failed appendEntries: org.apache.ratis.thirdparty.io.grpc.StatusRuntimeException: UNAVAILABLE: io exception
2019-10-02 22:42:19,608 [grpc-default-executor-1] INFO  impl.FollowerInfo (FollowerInfo.java:lambda$new$0(51)) - d1cdb5f4-8e11-4282-86cc-473472291632@group-25216C954B7A->1b5423a0-36c4-4dcb-9e4d-fbaf1cba6de9: nextIndex: updateUnconditionally 0 -> 0
2019-10-02 22:42:19,628 [EventQueue-ContainerReportForContainerReportHandler] WARN  container.ContainerReportHandler (AbstractContainerReportHandler.java:updateContainerState(143)) - Container #1 is in OPEN state, but the datanode b538cbc7-c460-4ed7-9e56-8cd460542e65{ip: 192.168.30.30, host: pr-hdds1737-lts7z-2510321508, networkLocation: /default-rack, certSerialId: null} reports an CLOSED replica.
2019-10-02 22:42:19,689 [EventQueue-ContainerReportForContainerReportHandler] WARN  container.ContainerReportHandler (AbstractContainerReportHandler.java:updateContainerState(143)) - Container #1 is in OPEN state, but the datanode d1cdb5f4-8e11-4282-86cc-473472291632{ip: 192.168.30.30, host: pr-hdds1737-lts7z-2510321508, networkLocation: /default-rack, certSerialId: null} reports an CLOSED replica.
2019-10-02 22:42:19,889 [EventQueue-ContainerReportForContainerReportHandler] WARN  container.ContainerReportHandler (AbstractContainerReportHandler.java:updateContainerState(143)) - Container #1 is in OPEN state, but the datanode d1cdb5f4-8e11-4282-86cc-473472291632{ip: 192.168.30.30, host: pr-hdds1737-lts7z-2510321508, networkLocation: /default-rack, certSerialId: null} reports an CLOSED replica.
2019-10-02 22:42:20,030 [EventQueue-ContainerReportForContainerReportHandler] WARN  container.ContainerReportHandler (AbstractContainerReportHandler.java:updateContainerState(143)) - Container #1 is in OPEN state, but the datanode b538cbc7-c460-4ed7-9e56-8cd460542e65{ip: 192.168.30.30, host: pr-hdds1737-lts7z-2510321508, networkLocation: /default-rack, certSerialId: null} reports an CLOSED replica.
2019-10-02 22:42:20,188 [EventQueue-ContainerReportForContainerReportHandler] WARN  container.ContainerReportHandler (AbstractContainerReportHandler.java:updateContainerState(143)) - Container #1 is in OPEN state, but the datanode d1cdb5f4-8e11-4282-86cc-473472291632{ip: 192.168.30.30, host: pr-hdds1737-lts7z-2510321508, networkLocation: /default-rack, certSerialId: null} reports an CLOSED replica.
2019-10-02 22:42:20,229 [EventQueue-ContainerReportForContainerReportHandler] WARN  container.ContainerReportHandler (AbstractContainerReportHandler.java:updateContainerState(143)) - Container #1 is in OPEN state, but the datanode b538cbc7-c460-4ed7-9e56-8cd460542e65{ip: 192.168.30.30, host: pr-hdds1737-lts7z-2510321508, networkLocation: /default-rack, certSerialId: null} reports an CLOSED replica.
2019-10-02 22:42:20,390 [EventQueue-ContainerReportForContainerReportHandler] WARN  container.ContainerReportHandler (AbstractContainerReportHandler.java:updateContainerState(143)) - Container #1 is in OPEN state, but the datanode d1cdb5f4-8e11-4282-86cc-473472291632{ip: 192.168.30.30, host: pr-hdds1737-lts7z-2510321508, networkLocation: /default-rack, certSerialId: null} reports an CLOSED replica.
2019-10-02 22:42:20,430 [EventQueue-ContainerReportForContainerReportHandler] WARN  container.ContainerReportHandler (AbstractContainerReportHandler.java:updateContainerState(143)) - Container #1 is in OPEN state, but the datanode b538cbc7-c460-4ed7-9e56-8cd460542e65{ip: 192.168.30.30, host: pr-hdds1737-lts7z-2510321508, networkLocation: /default-rack, certSerialId: null} reports an CLOSED replica.
2019-10-02 22:42:20,589 [EventQueue-ContainerReportForContainerReportHandler] WARN  container.ContainerReportHandler (AbstractContainerReportHandler.java:updateContainerState(143)) - Container #1 is in OPEN state, but the datanode d1cdb5f4-8e11-4282-86cc-473472291632{ip: 192.168.30.30, host: pr-hdds1737-lts7z-2510321508, networkLocation: /default-rack, certSerialId: null} reports an CLOSED replica.
2019-10-02 22:42:20,592 [BlockDeletingService#2] WARN  background.BlockDeletingService (BlockDeletingService.java:isDeletionAllowed(187)) - Close Container log Index 6 is not replicated across allthe servers in the pipeline ff5c6407-5ef5-4ee5-8232-25216c954b7a as the min replicated index is 4. Deletion is not allowed in this container yet.
2019-10-02 22:42:20,592 [BlockDeletingService#2] WARN  background.BlockDeletingService (BlockDeletingService.java:isDeletionAllowed(187)) - Close Container log Index 6 is not replicated across allthe servers in the pipeline ff5c6407-5ef5-4ee5-8232-25216c954b7a as the min replicated index is 4. Deletion is not allowed in this container yet.
2019-10-02 22:42:20,730 [EventQueue-ContainerReportForContainerReportHandler] WARN  container.ContainerReportHandler (AbstractContainerReportHandler.java:updateContainerState(143)) - Container #1 is in OPEN state, but the datanode b538cbc7-c460-4ed7-9e56-8cd460542e65{ip: 192.168.30.30, host: pr-hdds1737-lts7z-2510321508, networkLocation: /default-rack, certSerialId: null} reports an CLOSED replica.
2019-10-02 22:42:20,991 [EventQueue-ContainerReportForContainerReportHandler] WARN  container.ContainerReportHandler (AbstractContainerReportHandler.java:updateContainerState(143)) - Container #1 is in OPEN state, but the datanode d1cdb5f4-8e11-4282-86cc-473472291632{ip: 192.168.30.30, host: pr-hdds1737-lts7z-2510321508, networkLocation: /default-rack, certSerialId: null} reports an CLOSED replica.
2019-10-02 22:42:21,030 [EventQueue-ContainerReportForContainerReportHandler] WARN  container.ContainerReportHandler (AbstractContainerReportHandler.java:updateContainerState(143)) - Container #1 is in OPEN state, but the datanode b538cbc7-c460-4ed7-9e56-8cd460542e65{ip: 192.168.30.30, host: pr-hdds1737-lts7z-2510321508, networkLocation: /default-rack, certSerialId: null} reports an CLOSED replica.
2019-10-02 22:42:21,330 [EventQueue-ContainerReportForContainerReportHandler] WARN  container.ContainerReportHandler (AbstractContainerReportHandler.java:updateContainerState(143)) - Container #1 is in OPEN state, but the datanode b538cbc7-c460-4ed7-9e56-8cd460542e65{ip: 192.168.30.30, host: pr-hdds1737-lts7z-2510321508, networkLocation: /default-rack, certSerialId: null} reports an CLOSED replica.
2019-10-02 22:42:21,396 [EventQueue-ContainerReportForContainerReportHandler] WARN  container.ContainerReportHandler (AbstractContainerReportHandler.java:updateContainerState(143)) - Container #1 is in OPEN state, but the datanode d1cdb5f4-8e11-4282-86cc-473472291632{ip: 192.168.30.30, host: pr-hdds1737-lts7z-2510321508, networkLocation: /default-rack, certSerialId: null} reports an CLOSED replica.
2019-10-02 22:42:21,594 [BlockDeletingService#2] WARN  background.BlockDeletingService (BlockDeletingService.java:isDeletionAllowed(187)) - Close Container log Index 6 is not replicated across allthe servers in the pipeline ff5c6407-5ef5-4ee5-8232-25216c954b7a as the min replicated index is 4. Deletion is not allowed in this container yet.
2019-10-02 22:42:21,594 [BlockDeletingService#2] WARN  background.BlockDeletingService (BlockDeletingService.java:isDeletionAllowed(187)) - Close Container log Index 6 is not replicated across allthe servers in the pipeline ff5c6407-5ef5-4ee5-8232-25216c954b7a as the min replicated index is 4. Deletion is not allowed in this container yet.
2019-10-02 22:42:21,630 [EventQueue-ContainerReportForContainerReportHandler] WARN  container.ContainerReportHandler (AbstractContainerReportHandler.java:updateContainerState(143)) - Container #1 is in OPEN state, but the datanode b538cbc7-c460-4ed7-9e56-8cd460542e65{ip: 192.168.30.30, host: pr-hdds1737-lts7z-2510321508, networkLocation: /default-rack, certSerialId: null} reports an CLOSED replica.
2019-10-02 22:42:21,691 [EventQueue-ContainerReportForContainerReportHandler] WARN  container.ContainerReportHandler (AbstractContainerReportHandler.java:updateContainerState(143)) - Container #1 is in OPEN state, but the datanode d1cdb5f4-8e11-4282-86cc-473472291632{ip: 192.168.30.30, host: pr-hdds1737-lts7z-2510321508, networkLocation: /default-rack, certSerialId: null} reports an CLOSED replica.
2019-10-02 22:42:21,890 [EventQueue-ContainerReportForContainerReportHandler] WARN  container.ContainerReportHandler (AbstractContainerReportHandler.java:updateContainerState(143)) - Container #1 is in OPEN state, but the datanode d1cdb5f4-8e11-4282-86cc-473472291632{ip: 192.168.30.30, host: pr-hdds1737-lts7z-2510321508, networkLocation: /default-rack, certSerialId: null} reports an CLOSED replica.
2019-10-02 22:42:22,030 [EventQueue-ContainerReportForContainerReportHandler] WARN  container.ContainerReportHandler (AbstractContainerReportHandler.java:updateContainerState(143)) - Container #1 is in OPEN state, but the datanode b538cbc7-c460-4ed7-9e56-8cd460542e65{ip: 192.168.30.30, host: pr-hdds1737-lts7z-2510321508, networkLocation: /default-rack, certSerialId: null} reports an CLOSED replica.
2019-10-02 22:42:22,111 [grpc-default-executor-1] WARN  server.GrpcLogAppender (LogUtils.java:warn(134)) - d1cdb5f4-8e11-4282-86cc-473472291632@group-25216C954B7A->1b5423a0-36c4-4dcb-9e4d-fbaf1cba6de9-AppendLogResponseHandler: Failed appendEntries: org.apache.ratis.thirdparty.io.grpc.StatusRuntimeException: UNAVAILABLE: io exception
2019-10-02 22:42:22,113 [grpc-default-executor-1] INFO  impl.FollowerInfo (FollowerInfo.java:lambda$new$0(51)) - d1cdb5f4-8e11-4282-86cc-473472291632@group-25216C954B7A->1b5423a0-36c4-4dcb-9e4d-fbaf1cba6de9: nextIndex: updateUnconditionally 0 -> 0
2019-10-02 22:42:22,293 [EventQueue-ContainerReportForContainerReportHandler] WARN  container.ContainerReportHandler (AbstractContainerReportHandler.java:updateContainerState(143)) - Container #1 is in OPEN state, but the datanode d1cdb5f4-8e11-4282-86cc-473472291632{ip: 192.168.30.30, host: pr-hdds1737-lts7z-2510321508, networkLocation: /default-rack, certSerialId: null} reports an CLOSED replica.
2019-10-02 22:42:22,329 [EventQueue-ContainerReportForContainerReportHandler] WARN  container.ContainerReportHandler (AbstractContainerReportHandler.java:updateContainerState(143)) - Container #1 is in OPEN state, but the datanode b538cbc7-c460-4ed7-9e56-8cd460542e65{ip: 192.168.30.30, host: pr-hdds1737-lts7z-2510321508, networkLocation: /default-rack, certSerialId: null} reports an CLOSED replica.
2019-10-02 22:42:22,595 [BlockDeletingService#2] WARN  background.BlockDeletingService (BlockDeletingService.java:isDeletionAllowed(187)) - Close Container log Index 6 is not replicated across allthe servers in the pipeline ff5c6407-5ef5-4ee5-8232-25216c954b7a as the min replicated index is 4. Deletion is not allowed in this container yet.
2019-10-02 22:42:22,595 [BlockDeletingService#2] WARN  background.BlockDeletingService (BlockDeletingService.java:isDeletionAllowed(187)) - Close Container log Index 6 is not replicated across allthe servers in the pipeline ff5c6407-5ef5-4ee5-8232-25216c954b7a as the min replicated index is 4. Deletion is not allowed in this container yet.
2019-10-02 22:42:22,693 [EventQueue-ContainerReportForContainerReportHandler] WARN  container.ContainerReportHandler (AbstractContainerReportHandler.java:updateContainerState(143)) - Container #1 is in OPEN state, but the datanode d1cdb5f4-8e11-4282-86cc-473472291632{ip: 192.168.30.30, host: pr-hdds1737-lts7z-2510321508, networkLocation: /default-rack, certSerialId: null} reports an CLOSED replica.
2019-10-02 22:42:22,729 [EventQueue-ContainerReportForContainerReportHandler] WARN  container.ContainerReportHandler (AbstractContainerReportHandler.java:updateContainerState(143)) - Container #1 is in OPEN state, but the datanode b538cbc7-c460-4ed7-9e56-8cd460542e65{ip: 192.168.30.30, host: pr-hdds1737-lts7z-2510321508, networkLocation: /default-rack, certSerialId: null} reports an CLOSED replica.
2019-10-02 22:42:22,929 [EventQueue-ContainerReportForContainerReportHandler] WARN  container.ContainerReportHandler (AbstractContainerReportHandler.java:updateContainerState(143)) - Container #1 is in OPEN state, but the datanode b538cbc7-c460-4ed7-9e56-8cd460542e65{ip: 192.168.30.30, host: pr-hdds1737-lts7z-2510321508, networkLocation: /default-rack, certSerialId: null} reports an CLOSED replica.
2019-10-02 22:42:22,992 [EventQueue-ContainerReportForContainerReportHandler] WARN  container.ContainerReportHandler (AbstractContainerReportHandler.java:updateContainerState(143)) - Container #1 is in OPEN state, but the datanode d1cdb5f4-8e11-4282-86cc-473472291632{ip: 192.168.30.30, host: pr-hdds1737-lts7z-2510321508, networkLocation: /default-rack, certSerialId: null} reports an CLOSED replica.
2019-10-02 22:42:23,330 [EventQueue-ContainerReportForContainerReportHandler] WARN  container.ContainerReportHandler (AbstractContainerReportHandler.java:updateContainerState(143)) - Container #1 is in OPEN state, but the datanode b538cbc7-c460-4ed7-9e56-8cd460542e65{ip: 192.168.30.30, host: pr-hdds1737-lts7z-2510321508, networkLocation: /default-rack, certSerialId: null} reports an CLOSED replica.
2019-10-02 22:42:23,393 [EventQueue-ContainerReportForContainerReportHandler] WARN  container.ContainerReportHandler (AbstractContainerReportHandler.java:updateContainerState(143)) - Container #1 is in OPEN state, but the datanode d1cdb5f4-8e11-4282-86cc-473472291632{ip: 192.168.30.30, host: pr-hdds1737-lts7z-2510321508, networkLocation: /default-rack, certSerialId: null} reports an CLOSED replica.
2019-10-02 22:42:23,531 [EventQueue-ContainerReportForContainerReportHandler] WARN  container.ContainerReportHandler (AbstractContainerReportHandler.java:updateContainerState(143)) - Container #1 is in OPEN state, but the datanode b538cbc7-c460-4ed7-9e56-8cd460542e65{ip: 192.168.30.30, host: pr-hdds1737-lts7z-2510321508, networkLocation: /default-rack, certSerialId: null} reports an CLOSED replica.
2019-10-02 22:42:23,596 [BlockDeletingService#2] WARN  background.BlockDeletingService (BlockDeletingService.java:isDeletionAllowed(187)) - Close Container log Index 6 is not replicated across allthe servers in the pipeline ff5c6407-5ef5-4ee5-8232-25216c954b7a as the min replicated index is 4. Deletion is not allowed in this container yet.
2019-10-02 22:42:23,597 [BlockDeletingService#2] WARN  background.BlockDeletingService (BlockDeletingService.java:isDeletionAllowed(187)) - Close Container log Index 6 is not replicated across allthe servers in the pipeline ff5c6407-5ef5-4ee5-8232-25216c954b7a as the min replicated index is 4. Deletion is not allowed in this container yet.
2019-10-02 22:42:23,693 [EventQueue-ContainerReportForContainerReportHandler] WARN  container.ContainerReportHandler (AbstractContainerReportHandler.java:updateContainerState(143)) - Container #1 is in OPEN state, but the datanode d1cdb5f4-8e11-4282-86cc-473472291632{ip: 192.168.30.30, host: pr-hdds1737-lts7z-2510321508, networkLocation: /default-rack, certSerialId: null} reports an CLOSED replica.
2019-10-02 22:42:23,832 [EventQueue-ContainerReportForContainerReportHandler] WARN  container.ContainerReportHandler (AbstractContainerReportHandler.java:updateContainerState(143)) - Container #1 is in OPEN state, but the datanode b538cbc7-c460-4ed7-9e56-8cd460542e65{ip: 192.168.30.30, host: pr-hdds1737-lts7z-2510321508, networkLocation: /default-rack, certSerialId: null} reports an CLOSED replica.
2019-10-02 22:42:23,895 [EventQueue-ContainerReportForContainerReportHandler] WARN  container.ContainerReportHandler (AbstractContainerReportHandler.java:updateContainerState(143)) - Container #1 is in OPEN state, but the datanode d1cdb5f4-8e11-4282-86cc-473472291632{ip: 192.168.30.30, host: pr-hdds1737-lts7z-2510321508, networkLocation: /default-rack, certSerialId: null} reports an CLOSED replica.
2019-10-02 22:42:24,132 [EventQueue-ContainerReportForContainerReportHandler] WARN  container.ContainerReportHandler (AbstractContainerReportHandler.java:updateContainerState(143)) - Container #1 is in OPEN state, but the datanode b538cbc7-c460-4ed7-9e56-8cd460542e65{ip: 192.168.30.30, host: pr-hdds1737-lts7z-2510321508, networkLocation: /default-rack, certSerialId: null} reports an CLOSED replica.
2019-10-02 22:42:24,296 [EventQueue-ContainerReportForContainerReportHandler] WARN  container.ContainerReportHandler (AbstractContainerReportHandler.java:updateContainerState(143)) - Container #1 is in OPEN state, but the datanode d1cdb5f4-8e11-4282-86cc-473472291632{ip: 192.168.30.30, host: pr-hdds1737-lts7z-2510321508, networkLocation: /default-rack, certSerialId: null} reports an CLOSED replica.
2019-10-02 22:42:24,433 [EventQueue-ContainerReportForContainerReportHandler] WARN  container.ContainerReportHandler (AbstractContainerReportHandler.java:updateContainerState(143)) - Container #1 is in OPEN state, but the datanode b538cbc7-c460-4ed7-9e56-8cd460542e65{ip: 192.168.30.30, host: pr-hdds1737-lts7z-2510321508, networkLocation: /default-rack, certSerialId: null} reports an CLOSED replica.
2019-10-02 22:42:24,598 [BlockDeletingService#3] WARN  background.BlockDeletingService (BlockDeletingService.java:isDeletionAllowed(187)) - Close Container log Index 6 is not replicated across allthe servers in the pipeline ff5c6407-5ef5-4ee5-8232-25216c954b7a as the min replicated index is 4. Deletion is not allowed in this container yet.
2019-10-02 22:42:24,598 [BlockDeletingService#2] WARN  background.BlockDeletingService (BlockDeletingService.java:isDeletionAllowed(187)) - Close Container log Index 6 is not replicated across allthe servers in the pipeline ff5c6407-5ef5-4ee5-8232-25216c954b7a as the min replicated index is 4. Deletion is not allowed in this container yet.
2019-10-02 22:42:24,614 [grpc-default-executor-3] WARN  server.GrpcLogAppender (LogUtils.java:warn(134)) - d1cdb5f4-8e11-4282-86cc-473472291632@group-25216C954B7A->1b5423a0-36c4-4dcb-9e4d-fbaf1cba6de9-AppendLogResponseHandler: Failed appendEntries: org.apache.ratis.thirdparty.io.grpc.StatusRuntimeException: UNAVAILABLE: io exception
2019-10-02 22:42:24,629 [grpc-default-executor-3] INFO  impl.FollowerInfo (FollowerInfo.java:lambda$new$0(51)) - d1cdb5f4-8e11-4282-86cc-473472291632@group-25216C954B7A->1b5423a0-36c4-4dcb-9e4d-fbaf1cba6de9: nextIndex: updateUnconditionally 0 -> 0
2019-10-02 22:42:24,697 [EventQueue-ContainerReportForContainerReportHandler] WARN  container.ContainerReportHandler (AbstractContainerReportHandler.java:updateContainerState(143)) - Container #1 is in OPEN state, but the datanode d1cdb5f4-8e11-4282-86cc-473472291632{ip: 192.168.30.30, host: pr-hdds1737-lts7z-2510321508, networkLocation: /default-rack, certSerialId: null} reports an CLOSED replica.
2019-10-02 22:42:24,833 [EventQueue-ContainerReportForContainerReportHandler] WARN  container.ContainerReportHandler (AbstractContainerReportHandler.java:updateContainerState(143)) - Container #1 is in OPEN state, but the datanode b538cbc7-c460-4ed7-9e56-8cd460542e65{ip: 192.168.30.30, host: pr-hdds1737-lts7z-2510321508, networkLocation: /default-rack, certSerialId: null} reports an CLOSED replica.
2019-10-02 22:42:24,997 [EventQueue-ContainerReportForContainerReportHandler] WARN  container.ContainerReportHandler (AbstractContainerReportHandler.java:updateContainerState(143)) - Container #1 is in OPEN state, but the datanode d1cdb5f4-8e11-4282-86cc-473472291632{ip: 192.168.30.30, host: pr-hdds1737-lts7z-2510321508, networkLocation: /default-rack, certSerialId: null} reports an CLOSED replica.
2019-10-02 22:42:25,133 [EventQueue-ContainerReportForContainerReportHandler] WARN  container.ContainerReportHandler (AbstractContainerReportHandler.java:updateContainerState(143)) - Container #1 is in OPEN state, but the datanode b538cbc7-c460-4ed7-9e56-8cd460542e65{ip: 192.168.30.30, host: pr-hdds1737-lts7z-2510321508, networkLocation: /default-rack, certSerialId: null} reports an CLOSED replica.
2019-10-02 22:42:25,196 [EventQueue-ContainerReportForContainerReportHandler] WARN  container.ContainerReportHandler (AbstractContainerReportHandler.java:updateContainerState(143)) - Container #1 is in OPEN state, but the datanode d1cdb5f4-8e11-4282-86cc-473472291632{ip: 192.168.30.30, host: pr-hdds1737-lts7z-2510321508, networkLocation: /default-rack, certSerialId: null} reports an CLOSED replica.
2019-10-02 22:42:25,332 [EventQueue-ContainerReportForContainerReportHandler] WARN  container.ContainerReportHandler (AbstractContainerReportHandler.java:updateContainerState(143)) - Container #1 is in OPEN state, but the datanode b538cbc7-c460-4ed7-9e56-8cd460542e65{ip: 192.168.30.30, host: pr-hdds1737-lts7z-2510321508, networkLocation: /default-rack, certSerialId: null} reports an CLOSED replica.
2019-10-02 22:42:25,498 [EventQueue-ContainerReportForContainerReportHandler] WARN  container.ContainerReportHandler (AbstractContainerReportHandler.java:updateContainerState(143)) - Container #1 is in OPEN state, but the datanode d1cdb5f4-8e11-4282-86cc-473472291632{ip: 192.168.30.30, host: pr-hdds1737-lts7z-2510321508, networkLocation: /default-rack, certSerialId: null} reports an CLOSED replica.
2019-10-02 22:42:25,533 [EventQueue-ContainerReportForContainerReportHandler] WARN  container.ContainerReportHandler (AbstractContainerReportHandler.java:updateContainerState(143)) - Container #1 is in OPEN state, but the datanode b538cbc7-c460-4ed7-9e56-8cd460542e65{ip: 192.168.30.30, host: pr-hdds1737-lts7z-2510321508, networkLocation: /default-rack, certSerialId: null} reports an CLOSED replica.
2019-10-02 22:42:25,599 [BlockDeletingService#3] WARN  background.BlockDeletingService (BlockDeletingService.java:isDeletionAllowed(187)) - Close Container log Index 6 is not replicated across allthe servers in the pipeline ff5c6407-5ef5-4ee5-8232-25216c954b7a as the min replicated index is 4. Deletion is not allowed in this container yet.
2019-10-02 22:42:25,599 [BlockDeletingService#2] WARN  background.BlockDeletingService (BlockDeletingService.java:isDeletionAllowed(187)) - Close Container log Index 6 is not replicated across allthe servers in the pipeline ff5c6407-5ef5-4ee5-8232-25216c954b7a as the min replicated index is 4. Deletion is not allowed in this container yet.
2019-10-02 22:42:25,797 [EventQueue-ContainerReportForContainerReportHandler] WARN  container.ContainerReportHandler (AbstractContainerReportHandler.java:updateContainerState(143)) - Container #1 is in OPEN state, but the datanode d1cdb5f4-8e11-4282-86cc-473472291632{ip: 192.168.30.30, host: pr-hdds1737-lts7z-2510321508, networkLocation: /default-rack, certSerialId: null} reports an CLOSED replica.
2019-10-02 22:42:25,832 [EventQueue-ContainerReportForContainerReportHandler] WARN  container.ContainerReportHandler (AbstractContainerReportHandler.java:updateContainerState(143)) - Container #1 is in OPEN state, but the datanode b538cbc7-c460-4ed7-9e56-8cd460542e65{ip: 192.168.30.30, host: pr-hdds1737-lts7z-2510321508, networkLocation: /default-rack, certSerialId: null} reports an CLOSED replica.
2019-10-02 22:42:26,033 [EventQueue-ContainerReportForContainerReportHandler] WARN  container.ContainerReportHandler (AbstractContainerReportHandler.java:updateContainerState(143)) - Container #1 is in OPEN state, but the datanode b538cbc7-c460-4ed7-9e56-8cd460542e65{ip: 192.168.30.30, host: pr-hdds1737-lts7z-2510321508, networkLocation: /default-rack, certSerialId: null} reports an CLOSED replica.
2019-10-02 22:42:26,098 [EventQueue-ContainerReportForContainerReportHandler] WARN  container.ContainerReportHandler (AbstractContainerReportHandler.java:updateContainerState(143)) - Container #1 is in OPEN state, but the datanode d1cdb5f4-8e11-4282-86cc-473472291632{ip: 192.168.30.30, host: pr-hdds1737-lts7z-2510321508, networkLocation: /default-rack, certSerialId: null} reports an CLOSED replica.
2019-10-02 22:42:26,397 [EventQueue-ContainerReportForContainerReportHandler] WARN  container.ContainerReportHandler (AbstractContainerReportHandler.java:updateContainerState(143)) - Container #1 is in OPEN state, but the datanode d1cdb5f4-8e11-4282-86cc-473472291632{ip: 192.168.30.30, host: pr-hdds1737-lts7z-2510321508, networkLocation: /default-rack, certSerialId: null} reports an CLOSED replica.
2019-10-02 22:42:26,433 [EventQueue-ContainerReportForContainerReportHandler] WARN  container.ContainerReportHandler (AbstractContainerReportHandler.java:updateContainerState(143)) - Container #1 is in OPEN state, but the datanode b538cbc7-c460-4ed7-9e56-8cd460542e65{ip: 192.168.30.30, host: pr-hdds1737-lts7z-2510321508, networkLocation: /default-rack, certSerialId: null} reports an CLOSED replica.
2019-10-02 22:42:26,600 [BlockDeletingService#3] WARN  background.BlockDeletingService (BlockDeletingService.java:isDeletionAllowed(187)) - Close Container log Index 6 is not replicated across allthe servers in the pipeline ff5c6407-5ef5-4ee5-8232-25216c954b7a as the min replicated index is 4. Deletion is not allowed in this container yet.
2019-10-02 22:42:26,600 [BlockDeletingService#2] WARN  background.BlockDeletingService (BlockDeletingService.java:isDeletionAllowed(187)) - Close Container log Index 6 is not replicated across allthe servers in the pipeline ff5c6407-5ef5-4ee5-8232-25216c954b7a as the min replicated index is 4. Deletion is not allowed in this container yet.
2019-10-02 22:42:26,735 [EventQueue-ContainerReportForContainerReportHandler] WARN  container.ContainerReportHandler (AbstractContainerReportHandler.java:updateContainerState(143)) - Container #1 is in OPEN state, but the datanode b538cbc7-c460-4ed7-9e56-8cd460542e65{ip: 192.168.30.30, host: pr-hdds1737-lts7z-2510321508, networkLocation: /default-rack, certSerialId: null} reports an CLOSED replica.
2019-10-02 22:42:26,799 [EventQueue-ContainerReportForContainerReportHandler] WARN  container.ContainerReportHandler (AbstractContainerReportHandler.java:updateContainerState(143)) - Container #1 is in OPEN state, but the datanode d1cdb5f4-8e11-4282-86cc-473472291632{ip: 192.168.30.30, host: pr-hdds1737-lts7z-2510321508, networkLocation: /default-rack, certSerialId: null} reports an CLOSED replica.
2019-10-02 22:42:26,999 [EventQueue-ContainerReportForContainerReportHandler] WARN  container.ContainerReportHandler (AbstractContainerReportHandler.java:updateContainerState(143)) - Container #1 is in OPEN state, but the datanode d1cdb5f4-8e11-4282-86cc-473472291632{ip: 192.168.30.30, host: pr-hdds1737-lts7z-2510321508, networkLocation: /default-rack, certSerialId: null} reports an CLOSED replica.
2019-10-02 22:42:27,034 [EventQueue-ContainerReportForContainerReportHandler] WARN  container.ContainerReportHandler (AbstractContainerReportHandler.java:updateContainerState(143)) - Container #1 is in OPEN state, but the datanode b538cbc7-c460-4ed7-9e56-8cd460542e65{ip: 192.168.30.30, host: pr-hdds1737-lts7z-2510321508, networkLocation: /default-rack, certSerialId: null} reports an CLOSED replica.
2019-10-02 22:42:27,116 [grpc-default-executor-1] WARN  server.GrpcLogAppender (LogUtils.java:warn(134)) - d1cdb5f4-8e11-4282-86cc-473472291632@group-25216C954B7A->1b5423a0-36c4-4dcb-9e4d-fbaf1cba6de9-AppendLogResponseHandler: Failed appendEntries: org.apache.ratis.thirdparty.io.grpc.StatusRuntimeException: UNAVAILABLE: io exception
2019-10-02 22:42:27,117 [grpc-default-executor-1] INFO  impl.FollowerInfo (FollowerInfo.java:lambda$new$0(51)) - d1cdb5f4-8e11-4282-86cc-473472291632@group-25216C954B7A->1b5423a0-36c4-4dcb-9e4d-fbaf1cba6de9: nextIndex: updateUnconditionally 0 -> 0
2019-10-02 22:42:27,236 [EventQueue-ContainerReportForContainerReportHandler] WARN  container.ContainerReportHandler (AbstractContainerReportHandler.java:updateContainerState(143)) - Container #1 is in OPEN state, but the datanode b538cbc7-c460-4ed7-9e56-8cd460542e65{ip: 192.168.30.30, host: pr-hdds1737-lts7z-2510321508, networkLocation: /default-rack, certSerialId: null} reports an CLOSED replica.
2019-10-02 22:42:27,399 [EventQueue-ContainerReportForContainerReportHandler] WARN  container.ContainerReportHandler (AbstractContainerReportHandler.java:updateContainerState(143)) - Container #1 is in OPEN state, but the datanode d1cdb5f4-8e11-4282-86cc-473472291632{ip: 192.168.30.30, host: pr-hdds1737-lts7z-2510321508, networkLocation: /default-rack, certSerialId: null} reports an CLOSED replica.
2019-10-02 22:42:27,598 [EventQueue-ContainerReportForContainerReportHandler] WARN  container.ContainerReportHandler (AbstractContainerReportHandler.java:updateContainerState(143)) - Container #1 is in OPEN state, but the datanode d1cdb5f4-8e11-4282-86cc-473472291632{ip: 192.168.30.30, host: pr-hdds1737-lts7z-2510321508, networkLocation: /default-rack, certSerialId: null} reports an CLOSED replica.
2019-10-02 22:42:27,601 [BlockDeletingService#3] WARN  background.BlockDeletingService (BlockDeletingService.java:isDeletionAllowed(187)) - Close Container log Index 6 is not replicated across allthe servers in the pipeline ff5c6407-5ef5-4ee5-8232-25216c954b7a as the min replicated index is 4. Deletion is not allowed in this container yet.
2019-10-02 22:42:27,601 [BlockDeletingService#2] WARN  background.BlockDeletingService (BlockDeletingService.java:isDeletionAllowed(187)) - Close Container log Index 6 is not replicated across allthe servers in the pipeline ff5c6407-5ef5-4ee5-8232-25216c954b7a as the min replicated index is 4. Deletion is not allowed in this container yet.
2019-10-02 22:42:27,636 [EventQueue-ContainerReportForContainerReportHandler] WARN  container.ContainerReportHandler (AbstractContainerReportHandler.java:updateContainerState(143)) - Container #1 is in OPEN state, but the datanode b538cbc7-c460-4ed7-9e56-8cd460542e65{ip: 192.168.30.30, host: pr-hdds1737-lts7z-2510321508, networkLocation: /default-rack, certSerialId: null} reports an CLOSED replica.
2019-10-02 22:42:27,638 [Thread-463] INFO  client.GrpcClientProtocolService (GrpcClientProtocolService.java:lambda$processClientRequest$0(278)) - Failed RaftClientRequest:client-EA2B2DBC6C55->b538cbc7-c460-4ed7-9e56-8cd460542e65@group-25216C954B7A, cid=10, seq=0, Watch-ALL_COMMITTED(6), Message:<EMPTY>, reply=RaftClientReply:client-EA2B2DBC6C55->b538cbc7-c460-4ed7-9e56-8cd460542e65@group-25216C954B7A, cid=10, FAILED org.apache.ratis.protocol.NotLeaderException: Server b538cbc7-c460-4ed7-9e56-8cd460542e65@group-25216C954B7A is not the leader d1cdb5f4-8e11-4282-86cc-473472291632:192.168.30.30:42036, logIndex=0, commits[b538cbc7-c460-4ed7-9e56-8cd460542e65:c10, 1b5423a0-36c4-4dcb-9e4d-fbaf1cba6de9:c4, d1cdb5f4-8e11-4282-86cc-473472291632:c10]
2019-10-02 22:42:27,799 [EventQueue-ContainerReportForContainerReportHandler] WARN  container.ContainerReportHandler (AbstractContainerReportHandler.java:updateContainerState(143)) - Container #1 is in OPEN state, but the datanode d1cdb5f4-8e11-4282-86cc-473472291632{ip: 192.168.30.30, host: pr-hdds1737-lts7z-2510321508, networkLocation: /default-rack, certSerialId: null} reports an CLOSED replica.
2019-10-02 22:42:27,936 [EventQueue-ContainerReportForContainerReportHandler] WARN  container.ContainerReportHandler (AbstractContainerReportHandler.java:updateContainerState(143)) - Container #1 is in OPEN state, but the datanode b538cbc7-c460-4ed7-9e56-8cd460542e65{ip: 192.168.30.30, host: pr-hdds1737-lts7z-2510321508, networkLocation: /default-rack, certSerialId: null} reports an CLOSED replica.
2019-10-02 22:42:28,199 [EventQueue-ContainerReportForContainerReportHandler] WARN  container.ContainerReportHandler (AbstractContainerReportHandler.java:updateContainerState(143)) - Container #1 is in OPEN state, but the datanode d1cdb5f4-8e11-4282-86cc-473472291632{ip: 192.168.30.30, host: pr-hdds1737-lts7z-2510321508, networkLocation: /default-rack, certSerialId: null} reports an CLOSED replica.
2019-10-02 22:42:28,236 [EventQueue-ContainerReportForContainerReportHandler] WARN  container.ContainerReportHandler (AbstractContainerReportHandler.java:updateContainerState(143)) - Container #1 is in OPEN state, but the datanode b538cbc7-c460-4ed7-9e56-8cd460542e65{ip: 192.168.30.30, host: pr-hdds1737-lts7z-2510321508, networkLocation: /default-rack, certSerialId: null} reports an CLOSED replica.
2019-10-02 22:42:28,401 [EventQueue-ContainerReportForContainerReportHandler] WARN  container.ContainerReportHandler (AbstractContainerReportHandler.java:updateContainerState(143)) - Container #1 is in OPEN state, but the datanode d1cdb5f4-8e11-4282-86cc-473472291632{ip: 192.168.30.30, host: pr-hdds1737-lts7z-2510321508, networkLocation: /default-rack, certSerialId: null} reports an CLOSED replica.
2019-10-02 22:42:28,536 [EventQueue-ContainerReportForContainerReportHandler] WARN  container.ContainerReportHandler (AbstractContainerReportHandler.java:updateContainerState(143)) - Container #1 is in OPEN state, but the datanode b538cbc7-c460-4ed7-9e56-8cd460542e65{ip: 192.168.30.30, host: pr-hdds1737-lts7z-2510321508, networkLocation: /default-rack, certSerialId: null} reports an CLOSED replica.
2019-10-02 22:42:28,563 [Thread-466] INFO  client.GrpcClientProtocolService (GrpcClientProtocolService.java:lambda$processClientRequest$0(278)) - Failed RaftClientRequest:client-EA2B2DBC6C55->d1cdb5f4-8e11-4282-86cc-473472291632@group-25216C954B7A, cid=10, seq=0, Watch-ALL_COMMITTED(6), Message:<EMPTY>, reply=RaftClientReply:client-EA2B2DBC6C55->d1cdb5f4-8e11-4282-86cc-473472291632@group-25216C954B7A, cid=10, FAILED org.apache.ratis.protocol.NotReplicatedException: Request with call Id 10 and log index 6 is not yet replicated to ALL_COMMITTED, logIndex=6, commits[d1cdb5f4-8e11-4282-86cc-473472291632:c10, b538cbc7-c460-4ed7-9e56-8cd460542e65:c10, 1b5423a0-36c4-4dcb-9e4d-fbaf1cba6de9:c4]
2019-10-02 22:42:28,601 [EventQueue-ContainerReportForContainerReportHandler] WARN  container.ContainerReportHandler (AbstractContainerReportHandler.java:updateContainerState(143)) - Container #1 is in OPEN state, but the datanode d1cdb5f4-8e11-4282-86cc-473472291632{ip: 192.168.30.30, host: pr-hdds1737-lts7z-2510321508, networkLocation: /default-rack, certSerialId: null} reports an CLOSED replica.
2019-10-02 22:42:28,602 [BlockDeletingService#2] WARN  background.BlockDeletingService (BlockDeletingService.java:isDeletionAllowed(187)) - Close Container log Index 6 is not replicated across allthe servers in the pipeline ff5c6407-5ef5-4ee5-8232-25216c954b7a as the min replicated index is 4. Deletion is not allowed in this container yet.
2019-10-02 22:42:28,602 [BlockDeletingService#3] WARN  background.BlockDeletingService (BlockDeletingService.java:isDeletionAllowed(187)) - Close Container log Index 6 is not replicated across allthe servers in the pipeline ff5c6407-5ef5-4ee5-8232-25216c954b7a as the min replicated index is 4. Deletion is not allowed in this container yet.
2019-10-02 22:42:28,836 [EventQueue-ContainerReportForContainerReportHandler] WARN  container.ContainerReportHandler (AbstractContainerReportHandler.java:updateContainerState(143)) - Container #1 is in OPEN state, but the datanode b538cbc7-c460-4ed7-9e56-8cd460542e65{ip: 192.168.30.30, host: pr-hdds1737-lts7z-2510321508, networkLocation: /default-rack, certSerialId: null} reports an CLOSED replica.
2019-10-02 22:42:29,001 [EventQueue-ContainerReportForContainerReportHandler] WARN  container.ContainerReportHandler (AbstractContainerReportHandler.java:updateContainerState(143)) - Container #1 is in OPEN state, but the datanode d1cdb5f4-8e11-4282-86cc-473472291632{ip: 192.168.30.30, host: pr-hdds1737-lts7z-2510321508, networkLocation: /default-rack, certSerialId: null} reports an CLOSED replica.
2019-10-02 22:42:29,035 [EventQueue-ContainerReportForContainerReportHandler] WARN  container.ContainerReportHandler (AbstractContainerReportHandler.java:updateContainerState(143)) - Container #1 is in OPEN state, but the datanode b538cbc7-c460-4ed7-9e56-8cd460542e65{ip: 192.168.30.30, host: pr-hdds1737-lts7z-2510321508, networkLocation: /default-rack, certSerialId: null} reports an CLOSED replica.
2019-10-02 22:42:29,201 [EventQueue-ContainerReportForContainerReportHandler] WARN  container.ContainerReportHandler (AbstractContainerReportHandler.java:updateContainerState(143)) - Container #1 is in OPEN state, but the datanode d1cdb5f4-8e11-4282-86cc-473472291632{ip: 192.168.30.30, host: pr-hdds1737-lts7z-2510321508, networkLocation: /default-rack, certSerialId: null} reports an CLOSED replica.
2019-10-02 22:42:29,437 [EventQueue-ContainerReportForContainerReportHandler] WARN  container.ContainerReportHandler (AbstractContainerReportHandler.java:updateContainerState(143)) - Container #1 is in OPEN state, but the datanode b538cbc7-c460-4ed7-9e56-8cd460542e65{ip: 192.168.30.30, host: pr-hdds1737-lts7z-2510321508, networkLocation: /default-rack, certSerialId: null} reports an CLOSED replica.
2019-10-02 22:42:29,500 [EventQueue-ContainerReportForContainerReportHandler] WARN  container.ContainerReportHandler (AbstractContainerReportHandler.java:updateContainerState(143)) - Container #1 is in OPEN state, but the datanode d1cdb5f4-8e11-4282-86cc-473472291632{ip: 192.168.30.30, host: pr-hdds1737-lts7z-2510321508, networkLocation: /default-rack, certSerialId: null} reports an CLOSED replica.
2019-10-02 22:42:29,617 [BlockDeletingService#2] WARN  background.BlockDeletingService (BlockDeletingService.java:isDeletionAllowed(187)) - Close Container log Index 6 is not replicated across allthe servers in the pipeline ff5c6407-5ef5-4ee5-8232-25216c954b7a as the min replicated index is 4. Deletion is not allowed in this container yet.
2019-10-02 22:42:29,618 [BlockDeletingService#3] WARN  background.BlockDeletingService (BlockDeletingService.java:isDeletionAllowed(187)) - Close Container log Index 6 is not replicated across allthe servers in the pipeline ff5c6407-5ef5-4ee5-8232-25216c954b7a as the min replicated index is 4. Deletion is not allowed in this container yet.
2019-10-02 22:42:29,618 [grpc-default-executor-3] WARN  server.GrpcLogAppender (LogUtils.java:warn(134)) - d1cdb5f4-8e11-4282-86cc-473472291632@group-25216C954B7A->1b5423a0-36c4-4dcb-9e4d-fbaf1cba6de9-AppendLogResponseHandler: Failed appendEntries: org.apache.ratis.thirdparty.io.grpc.StatusRuntimeException: UNAVAILABLE: io exception
2019-10-02 22:42:29,626 [grpc-default-executor-3] INFO  impl.FollowerInfo (FollowerInfo.java:lambda$new$0(51)) - d1cdb5f4-8e11-4282-86cc-473472291632@group-25216C954B7A->1b5423a0-36c4-4dcb-9e4d-fbaf1cba6de9: nextIndex: updateUnconditionally 0 -> 0
2019-10-02 22:42:29,637 [EventQueue-ContainerReportForContainerReportHandler] WARN  container.ContainerReportHandler (AbstractContainerReportHandler.java:updateContainerState(143)) - Container #1 is in OPEN state, but the datanode b538cbc7-c460-4ed7-9e56-8cd460542e65{ip: 192.168.30.30, host: pr-hdds1737-lts7z-2510321508, networkLocation: /default-rack, certSerialId: null} reports an CLOSED replica.
2019-10-02 22:42:29,801 [EventQueue-ContainerReportForContainerReportHandler] WARN  container.ContainerReportHandler (AbstractContainerReportHandler.java:updateContainerState(143)) - Container #1 is in OPEN state, but the datanode d1cdb5f4-8e11-4282-86cc-473472291632{ip: 192.168.30.30, host: pr-hdds1737-lts7z-2510321508, networkLocation: /default-rack, certSerialId: null} reports an CLOSED replica.
2019-10-02 22:42:29,938 [EventQueue-ContainerReportForContainerReportHandler] WARN  container.ContainerReportHandler (AbstractContainerReportHandler.java:updateContainerState(143)) - Container #1 is in OPEN state, but the datanode b538cbc7-c460-4ed7-9e56-8cd460542e65{ip: 192.168.30.30, host: pr-hdds1737-lts7z-2510321508, networkLocation: /default-rack, certSerialId: null} reports an CLOSED replica.
2019-10-02 22:42:30,103 [EventQueue-ContainerReportForContainerReportHandler] WARN  container.ContainerReportHandler (AbstractContainerReportHandler.java:updateContainerState(143)) - Container #1 is in OPEN state, but the datanode d1cdb5f4-8e11-4282-86cc-473472291632{ip: 192.168.30.30, host: pr-hdds1737-lts7z-2510321508, networkLocation: /default-rack, certSerialId: null} reports an CLOSED replica.
2019-10-02 22:42:30,137 [EventQueue-ContainerReportForContainerReportHandler] WARN  container.ContainerReportHandler (AbstractContainerReportHandler.java:updateContainerState(143)) - Container #1 is in OPEN state, but the datanode b538cbc7-c460-4ed7-9e56-8cd460542e65{ip: 192.168.30.30, host: pr-hdds1737-lts7z-2510321508, networkLocation: /default-rack, certSerialId: null} reports an CLOSED replica.
2019-10-02 22:42:30,408 [EventQueue-ContainerReportForContainerReportHandler] WARN  container.ContainerReportHandler (AbstractContainerReportHandler.java:updateContainerState(143)) - Container #1 is in OPEN state, but the datanode d1cdb5f4-8e11-4282-86cc-473472291632{ip: 192.168.30.30, host: pr-hdds1737-lts7z-2510321508, networkLocation: /default-rack, certSerialId: null} reports an CLOSED replica.
2019-10-02 22:42:30,438 [EventQueue-ContainerReportForContainerReportHandler] WARN  container.ContainerReportHandler (AbstractContainerReportHandler.java:updateContainerState(143)) - Container #1 is in OPEN state, but the datanode b538cbc7-c460-4ed7-9e56-8cd460542e65{ip: 192.168.30.30, host: pr-hdds1737-lts7z-2510321508, networkLocation: /default-rack, certSerialId: null} reports an CLOSED replica.
2019-10-02 22:42:30,618 [BlockDeletingService#2] WARN  background.BlockDeletingService (BlockDeletingService.java:isDeletionAllowed(187)) - Close Container log Index 6 is not replicated across allthe servers in the pipeline ff5c6407-5ef5-4ee5-8232-25216c954b7a as the min replicated index is 4. Deletion is not allowed in this container yet.
2019-10-02 22:42:30,619 [BlockDeletingService#3] WARN  background.BlockDeletingService (BlockDeletingService.java:isDeletionAllowed(187)) - Close Container log Index 6 is not replicated across allthe servers in the pipeline ff5c6407-5ef5-4ee5-8232-25216c954b7a as the min replicated index is 4. Deletion is not allowed in this container yet.
2019-10-02 22:42:30,704 [EventQueue-ContainerReportForContainerReportHandler] WARN  container.ContainerReportHandler (AbstractContainerReportHandler.java:updateContainerState(143)) - Container #1 is in OPEN state, but the datanode d1cdb5f4-8e11-4282-86cc-473472291632{ip: 192.168.30.30, host: pr-hdds1737-lts7z-2510321508, networkLocation: /default-rack, certSerialId: null} reports an CLOSED replica.
2019-10-02 22:42:30,738 [EventQueue-ContainerReportForContainerReportHandler] WARN  container.ContainerReportHandler (AbstractContainerReportHandler.java:updateContainerState(143)) - Container #1 is in OPEN state, but the datanode b538cbc7-c460-4ed7-9e56-8cd460542e65{ip: 192.168.30.30, host: pr-hdds1737-lts7z-2510321508, networkLocation: /default-rack, certSerialId: null} reports an CLOSED replica.
2019-10-02 22:42:31,006 [EventQueue-ContainerReportForContainerReportHandler] WARN  container.ContainerReportHandler (AbstractContainerReportHandler.java:updateContainerState(143)) - Container #1 is in OPEN state, but the datanode d1cdb5f4-8e11-4282-86cc-473472291632{ip: 192.168.30.30, host: pr-hdds1737-lts7z-2510321508, networkLocation: /default-rack, certSerialId: null} reports an CLOSED replica.
2019-10-02 22:42:31,040 [EventQueue-ContainerReportForContainerReportHandler] WARN  container.ContainerReportHandler (AbstractContainerReportHandler.java:updateContainerState(143)) - Container #1 is in OPEN state, but the datanode b538cbc7-c460-4ed7-9e56-8cd460542e65{ip: 192.168.30.30, host: pr-hdds1737-lts7z-2510321508, networkLocation: /default-rack, certSerialId: null} reports an CLOSED replica.
2019-10-02 22:42:31,308 [EventQueue-ContainerReportForContainerReportHandler] WARN  container.ContainerReportHandler (AbstractContainerReportHandler.java:updateContainerState(143)) - Container #1 is in OPEN state, but the datanode d1cdb5f4-8e11-4282-86cc-473472291632{ip: 192.168.30.30, host: pr-hdds1737-lts7z-2510321508, networkLocation: /default-rack, certSerialId: null} reports an CLOSED replica.
2019-10-02 22:42:31,340 [EventQueue-ContainerReportForContainerReportHandler] WARN  container.ContainerReportHandler (AbstractContainerReportHandler.java:updateContainerState(143)) - Container #1 is in OPEN state, but the datanode b538cbc7-c460-4ed7-9e56-8cd460542e65{ip: 192.168.30.30, host: pr-hdds1737-lts7z-2510321508, networkLocation: /default-rack, certSerialId: null} reports an CLOSED replica.
2019-10-02 22:42:31,539 [EventQueue-ContainerReportForContainerReportHandler] WARN  container.ContainerReportHandler (AbstractContainerReportHandler.java:updateContainerState(143)) - Container #1 is in OPEN state, but the datanode b538cbc7-c460-4ed7-9e56-8cd460542e65{ip: 192.168.30.30, host: pr-hdds1737-lts7z-2510321508, networkLocation: /default-rack, certSerialId: null} reports an CLOSED replica.
2019-10-02 22:42:31,608 [EventQueue-ContainerReportForContainerReportHandler] WARN  container.ContainerReportHandler (AbstractContainerReportHandler.java:updateContainerState(143)) - Container #1 is in OPEN state, but the datanode d1cdb5f4-8e11-4282-86cc-473472291632{ip: 192.168.30.30, host: pr-hdds1737-lts7z-2510321508, networkLocation: /default-rack, certSerialId: null} reports an CLOSED replica.
2019-10-02 22:42:31,620 [BlockDeletingService#2] WARN  background.BlockDeletingService (BlockDeletingService.java:isDeletionAllowed(187)) - Close Container log Index 6 is not replicated across allthe servers in the pipeline ff5c6407-5ef5-4ee5-8232-25216c954b7a as the min replicated index is 4. Deletion is not allowed in this container yet.
2019-10-02 22:42:31,620 [BlockDeletingService#3] WARN  background.BlockDeletingService (BlockDeletingService.java:isDeletionAllowed(187)) - Close Container log Index 6 is not replicated across allthe servers in the pipeline ff5c6407-5ef5-4ee5-8232-25216c954b7a as the min replicated index is 4. Deletion is not allowed in this container yet.
2019-10-02 22:42:31,808 [EventQueue-ContainerReportForContainerReportHandler] WARN  container.ContainerReportHandler (AbstractContainerReportHandler.java:updateContainerState(143)) - Container #1 is in OPEN state, but the datanode d1cdb5f4-8e11-4282-86cc-473472291632{ip: 192.168.30.30, host: pr-hdds1737-lts7z-2510321508, networkLocation: /default-rack, certSerialId: null} reports an CLOSED replica.
2019-10-02 22:42:31,841 [EventQueue-ContainerReportForContainerReportHandler] WARN  container.ContainerReportHandler (AbstractContainerReportHandler.java:updateContainerState(143)) - Container #1 is in OPEN state, but the datanode b538cbc7-c460-4ed7-9e56-8cd460542e65{ip: 192.168.30.30, host: pr-hdds1737-lts7z-2510321508, networkLocation: /default-rack, certSerialId: null} reports an CLOSED replica.
2019-10-02 22:42:32,008 [EventQueue-ContainerReportForContainerReportHandler] WARN  container.ContainerReportHandler (AbstractContainerReportHandler.java:updateContainerState(143)) - Container #1 is in OPEN state, but the datanode d1cdb5f4-8e11-4282-86cc-473472291632{ip: 192.168.30.30, host: pr-hdds1737-lts7z-2510321508, networkLocation: /default-rack, certSerialId: null} reports an CLOSED replica.
2019-10-02 22:42:32,119 [grpc-default-executor-2] WARN  server.GrpcLogAppender (LogUtils.java:warn(134)) - d1cdb5f4-8e11-4282-86cc-473472291632@group-25216C954B7A->1b5423a0-36c4-4dcb-9e4d-fbaf1cba6de9-AppendLogResponseHandler: Failed appendEntries: org.apache.ratis.thirdparty.io.grpc.StatusRuntimeException: UNAVAILABLE: io exception
2019-10-02 22:42:32,120 [grpc-default-executor-2] INFO  impl.FollowerInfo (FollowerInfo.java:lambda$new$0(51)) - d1cdb5f4-8e11-4282-86cc-473472291632@group-25216C954B7A->1b5423a0-36c4-4dcb-9e4d-fbaf1cba6de9: nextIndex: updateUnconditionally 0 -> 0
2019-10-02 22:42:32,140 [EventQueue-ContainerReportForContainerReportHandler] WARN  container.ContainerReportHandler (AbstractContainerReportHandler.java:updateContainerState(143)) - Container #1 is in OPEN state, but the datanode b538cbc7-c460-4ed7-9e56-8cd460542e65{ip: 192.168.30.30, host: pr-hdds1737-lts7z-2510321508, networkLocation: /default-rack, certSerialId: null} reports an CLOSED replica.
2019-10-02 22:42:32,208 [EventQueue-ContainerReportForContainerReportHandler] WARN  container.ContainerReportHandler (AbstractContainerReportHandler.java:updateContainerState(143)) - Container #1 is in OPEN state, but the datanode d1cdb5f4-8e11-4282-86cc-473472291632{ip: 192.168.30.30, host: pr-hdds1737-lts7z-2510321508, networkLocation: /default-rack, certSerialId: null} reports an CLOSED replica.
2019-10-02 22:42:32,342 [EventQueue-ContainerReportForContainerReportHandler] WARN  container.ContainerReportHandler (AbstractContainerReportHandler.java:updateContainerState(143)) - Container #1 is in OPEN state, but the datanode b538cbc7-c460-4ed7-9e56-8cd460542e65{ip: 192.168.30.30, host: pr-hdds1737-lts7z-2510321508, networkLocation: /default-rack, certSerialId: null} reports an CLOSED replica.
2019-10-02 22:42:32,508 [EventQueue-ContainerReportForContainerReportHandler] WARN  container.ContainerReportHandler (AbstractContainerReportHandler.java:updateContainerState(143)) - Container #1 is in OPEN state, but the datanode d1cdb5f4-8e11-4282-86cc-473472291632{ip: 192.168.30.30, host: pr-hdds1737-lts7z-2510321508, networkLocation: /default-rack, certSerialId: null} reports an CLOSED replica.
2019-10-02 22:42:32,621 [BlockDeletingService#3] WARN  background.BlockDeletingService (BlockDeletingService.java:isDeletionAllowed(187)) - Close Container log Index 6 is not replicated across allthe servers in the pipeline ff5c6407-5ef5-4ee5-8232-25216c954b7a as the min replicated index is 4. Deletion is not allowed in this container yet.
2019-10-02 22:42:32,621 [BlockDeletingService#2] WARN  background.BlockDeletingService (BlockDeletingService.java:isDeletionAllowed(187)) - Close Container log Index 6 is not replicated across allthe servers in the pipeline ff5c6407-5ef5-4ee5-8232-25216c954b7a as the min replicated index is 4. Deletion is not allowed in this container yet.
2019-10-02 22:42:32,741 [EventQueue-ContainerReportForContainerReportHandler] WARN  container.ContainerReportHandler (AbstractContainerReportHandler.java:updateContainerState(143)) - Container #1 is in OPEN state, but the datanode b538cbc7-c460-4ed7-9e56-8cd460542e65{ip: 192.168.30.30, host: pr-hdds1737-lts7z-2510321508, networkLocation: /default-rack, certSerialId: null} reports an CLOSED replica.
2019-10-02 22:42:32,807 [EventQueue-ContainerReportForContainerReportHandler] WARN  container.ContainerReportHandler (AbstractContainerReportHandler.java:updateContainerState(143)) - Container #1 is in OPEN state, but the datanode d1cdb5f4-8e11-4282-86cc-473472291632{ip: 192.168.30.30, host: pr-hdds1737-lts7z-2510321508, networkLocation: /default-rack, certSerialId: null} reports an CLOSED replica.
2019-10-02 22:42:33,041 [EventQueue-ContainerReportForContainerReportHandler] WARN  container.ContainerReportHandler (AbstractContainerReportHandler.java:updateContainerState(143)) - Container #1 is in OPEN state, but the datanode b538cbc7-c460-4ed7-9e56-8cd460542e65{ip: 192.168.30.30, host: pr-hdds1737-lts7z-2510321508, networkLocation: /default-rack, certSerialId: null} reports an CLOSED replica.
2019-10-02 22:42:33,108 [EventQueue-ContainerReportForContainerReportHandler] WARN  container.ContainerReportHandler (AbstractContainerReportHandler.java:updateContainerState(143)) - Container #1 is in OPEN state, but the datanode d1cdb5f4-8e11-4282-86cc-473472291632{ip: 192.168.30.30, host: pr-hdds1737-lts7z-2510321508, networkLocation: /default-rack, certSerialId: null} reports an CLOSED replica.
2019-10-02 22:42:33,408 [EventQueue-ContainerReportForContainerReportHandler] WARN  container.ContainerReportHandler (AbstractContainerReportHandler.java:updateContainerState(143)) - Container #1 is in OPEN state, but the datanode d1cdb5f4-8e11-4282-86cc-473472291632{ip: 192.168.30.30, host: pr-hdds1737-lts7z-2510321508, networkLocation: /default-rack, certSerialId: null} reports an CLOSED replica.
2019-10-02 22:42:33,444 [EventQueue-ContainerReportForContainerReportHandler] WARN  container.ContainerReportHandler (AbstractContainerReportHandler.java:updateContainerState(143)) - Container #1 is in OPEN state, but the datanode b538cbc7-c460-4ed7-9e56-8cd460542e65{ip: 192.168.30.30, host: pr-hdds1737-lts7z-2510321508, networkLocation: /default-rack, certSerialId: null} reports an CLOSED replica.
2019-10-02 22:42:33,622 [BlockDeletingService#3] WARN  background.BlockDeletingService (BlockDeletingService.java:isDeletionAllowed(187)) - Close Container log Index 6 is not replicated across allthe servers in the pipeline ff5c6407-5ef5-4ee5-8232-25216c954b7a as the min replicated index is 4. Deletion is not allowed in this container yet.
2019-10-02 22:42:33,622 [BlockDeletingService#2] WARN  background.BlockDeletingService (BlockDeletingService.java:isDeletionAllowed(187)) - Close Container log Index 6 is not replicated across allthe servers in the pipeline ff5c6407-5ef5-4ee5-8232-25216c954b7a as the min replicated index is 4. Deletion is not allowed in this container yet.
2019-10-02 22:42:33,708 [EventQueue-ContainerReportForContainerReportHandler] WARN  container.ContainerReportHandler (AbstractContainerReportHandler.java:updateContainerState(143)) - Container #1 is in OPEN state, but the datanode d1cdb5f4-8e11-4282-86cc-473472291632{ip: 192.168.30.30, host: pr-hdds1737-lts7z-2510321508, networkLocation: /default-rack, certSerialId: null} reports an CLOSED replica.
2019-10-02 22:42:33,745 [EventQueue-ContainerReportForContainerReportHandler] WARN  container.ContainerReportHandler (AbstractContainerReportHandler.java:updateContainerState(143)) - Container #1 is in OPEN state, but the datanode b538cbc7-c460-4ed7-9e56-8cd460542e65{ip: 192.168.30.30, host: pr-hdds1737-lts7z-2510321508, networkLocation: /default-rack, certSerialId: null} reports an CLOSED replica.
2019-10-02 22:42:33,945 [EventQueue-ContainerReportForContainerReportHandler] WARN  container.ContainerReportHandler (AbstractContainerReportHandler.java:updateContainerState(143)) - Container #1 is in OPEN state, but the datanode b538cbc7-c460-4ed7-9e56-8cd460542e65{ip: 192.168.30.30, host: pr-hdds1737-lts7z-2510321508, networkLocation: /default-rack, certSerialId: null} reports an CLOSED replica.
2019-10-02 22:42:34,108 [EventQueue-ContainerReportForContainerReportHandler] WARN  container.ContainerReportHandler (AbstractContainerReportHandler.java:updateContainerState(143)) - Container #1 is in OPEN state, but the datanode d1cdb5f4-8e11-4282-86cc-473472291632{ip: 192.168.30.30, host: pr-hdds1737-lts7z-2510321508, networkLocation: /default-rack, certSerialId: null} reports an CLOSED replica.
2019-10-02 22:42:34,245 [EventQueue-ContainerReportForContainerReportHandler] WARN  container.ContainerReportHandler (AbstractContainerReportHandler.java:updateContainerState(143)) - Container #1 is in OPEN state, but the datanode b538cbc7-c460-4ed7-9e56-8cd460542e65{ip: 192.168.30.30, host: pr-hdds1737-lts7z-2510321508, networkLocation: /default-rack, certSerialId: null} reports an CLOSED replica.
2019-10-02 22:42:34,308 [EventQueue-ContainerReportForContainerReportHandler] WARN  container.ContainerReportHandler (AbstractContainerReportHandler.java:updateContainerState(143)) - Container #1 is in OPEN state, but the datanode d1cdb5f4-8e11-4282-86cc-473472291632{ip: 192.168.30.30, host: pr-hdds1737-lts7z-2510321508, networkLocation: /default-rack, certSerialId: null} reports an CLOSED replica.
2019-10-02 22:42:34,445 [EventQueue-ContainerReportForContainerReportHandler] WARN  container.ContainerReportHandler (AbstractContainerReportHandler.java:updateContainerState(143)) - Container #1 is in OPEN state, but the datanode b538cbc7-c460-4ed7-9e56-8cd460542e65{ip: 192.168.30.30, host: pr-hdds1737-lts7z-2510321508, networkLocation: /default-rack, certSerialId: null} reports an CLOSED replica.
2019-10-02 22:42:34,608 [EventQueue-ContainerReportForContainerReportHandler] WARN  container.ContainerReportHandler (AbstractContainerReportHandler.java:updateContainerState(143)) - Container #1 is in OPEN state, but the datanode d1cdb5f4-8e11-4282-86cc-473472291632{ip: 192.168.30.30, host: pr-hdds1737-lts7z-2510321508, networkLocation: /default-rack, certSerialId: null} reports an CLOSED replica.
2019-10-02 22:42:34,621 [grpc-default-executor-1] WARN  server.GrpcLogAppender (LogUtils.java:warn(134)) - d1cdb5f4-8e11-4282-86cc-473472291632@group-25216C954B7A->1b5423a0-36c4-4dcb-9e4d-fbaf1cba6de9-AppendLogResponseHandler: Failed appendEntries: org.apache.ratis.thirdparty.io.grpc.StatusRuntimeException: UNAVAILABLE: io exception
2019-10-02 22:42:34,623 [grpc-default-executor-1] INFO  impl.FollowerInfo (FollowerInfo.java:lambda$new$0(51)) - d1cdb5f4-8e11-4282-86cc-473472291632@group-25216C954B7A->1b5423a0-36c4-4dcb-9e4d-fbaf1cba6de9: nextIndex: updateUnconditionally 0 -> 0
2019-10-02 22:42:34,623 [BlockDeletingService#3] WARN  background.BlockDeletingService (BlockDeletingService.java:isDeletionAllowed(187)) - Close Container log Index 6 is not replicated across allthe servers in the pipeline ff5c6407-5ef5-4ee5-8232-25216c954b7a as the min replicated index is 4. Deletion is not allowed in this container yet.
2019-10-02 22:42:34,623 [BlockDeletingService#2] WARN  background.BlockDeletingService (BlockDeletingService.java:isDeletionAllowed(187)) - Close Container log Index 6 is not replicated across allthe servers in the pipeline ff5c6407-5ef5-4ee5-8232-25216c954b7a as the min replicated index is 4. Deletion is not allowed in this container yet.
2019-10-02 22:42:34,744 [EventQueue-ContainerReportForContainerReportHandler] WARN  container.ContainerReportHandler (AbstractContainerReportHandler.java:updateContainerState(143)) - Container #1 is in OPEN state, but the datanode b538cbc7-c460-4ed7-9e56-8cd460542e65{ip: 192.168.30.30, host: pr-hdds1737-lts7z-2510321508, networkLocation: /default-rack, certSerialId: null} reports an CLOSED replica.
2019-10-02 22:42:34,808 [EventQueue-ContainerReportForContainerReportHandler] WARN  container.ContainerReportHandler (AbstractContainerReportHandler.java:updateContainerState(143)) - Container #1 is in OPEN state, but the datanode d1cdb5f4-8e11-4282-86cc-473472291632{ip: 192.168.30.30, host: pr-hdds1737-lts7z-2510321508, networkLocation: /default-rack, certSerialId: null} reports an CLOSED replica.
2019-10-02 22:42:35,007 [EventQueue-ContainerReportForContainerReportHandler] WARN  container.ContainerReportHandler (AbstractContainerReportHandler.java:updateContainerState(143)) - Container #1 is in OPEN state, but the datanode d1cdb5f4-8e11-4282-86cc-473472291632{ip: 192.168.30.30, host: pr-hdds1737-lts7z-2510321508, networkLocation: /default-rack, certSerialId: null} reports an CLOSED replica.
2019-10-02 22:42:35,046 [EventQueue-ContainerReportForContainerReportHandler] WARN  container.ContainerReportHandler (AbstractContainerReportHandler.java:updateContainerState(143)) - Container #1 is in OPEN state, but the datanode b538cbc7-c460-4ed7-9e56-8cd460542e65{ip: 192.168.30.30, host: pr-hdds1737-lts7z-2510321508, networkLocation: /default-rack, certSerialId: null} reports an CLOSED replica.
2019-10-02 22:42:35,246 [EventQueue-ContainerReportForContainerReportHandler] WARN  container.ContainerReportHandler (AbstractContainerReportHandler.java:updateContainerState(143)) - Container #1 is in OPEN state, but the datanode b538cbc7-c460-4ed7-9e56-8cd460542e65{ip: 192.168.30.30, host: pr-hdds1737-lts7z-2510321508, networkLocation: /default-rack, certSerialId: null} reports an CLOSED replica.
2019-10-02 22:42:35,309 [EventQueue-ContainerReportForContainerReportHandler] WARN  container.ContainerReportHandler (AbstractContainerReportHandler.java:updateContainerState(143)) - Container #1 is in OPEN state, but the datanode d1cdb5f4-8e11-4282-86cc-473472291632{ip: 192.168.30.30, host: pr-hdds1737-lts7z-2510321508, networkLocation: /default-rack, certSerialId: null} reports an CLOSED replica.
2019-10-02 22:42:35,509 [EventQueue-ContainerReportForContainerReportHandler] WARN  container.ContainerReportHandler (AbstractContainerReportHandler.java:updateContainerState(143)) - Container #1 is in OPEN state, but the datanode d1cdb5f4-8e11-4282-86cc-473472291632{ip: 192.168.30.30, host: pr-hdds1737-lts7z-2510321508, networkLocation: /default-rack, certSerialId: null} reports an CLOSED replica.
2019-10-02 22:42:35,545 [EventQueue-ContainerReportForContainerReportHandler] WARN  container.ContainerReportHandler (AbstractContainerReportHandler.java:updateContainerState(143)) - Container #1 is in OPEN state, but the datanode b538cbc7-c460-4ed7-9e56-8cd460542e65{ip: 192.168.30.30, host: pr-hdds1737-lts7z-2510321508, networkLocation: /default-rack, certSerialId: null} reports an CLOSED replica.
2019-10-02 22:42:35,624 [BlockDeletingService#3] WARN  background.BlockDeletingService (BlockDeletingService.java:isDeletionAllowed(187)) - Close Container log Index 6 is not replicated across allthe servers in the pipeline ff5c6407-5ef5-4ee5-8232-25216c954b7a as the min replicated index is 4. Deletion is not allowed in this container yet.
2019-10-02 22:42:35,624 [BlockDeletingService#2] WARN  background.BlockDeletingService (BlockDeletingService.java:isDeletionAllowed(187)) - Close Container log Index 6 is not replicated across allthe servers in the pipeline ff5c6407-5ef5-4ee5-8232-25216c954b7a as the min replicated index is 4. Deletion is not allowed in this container yet.
2019-10-02 22:42:35,708 [EventQueue-ContainerReportForContainerReportHandler] WARN  container.ContainerReportHandler (AbstractContainerReportHandler.java:updateContainerState(143)) - Container #1 is in OPEN state, but the datanode d1cdb5f4-8e11-4282-86cc-473472291632{ip: 192.168.30.30, host: pr-hdds1737-lts7z-2510321508, networkLocation: /default-rack, certSerialId: null} reports an CLOSED replica.
2019-10-02 22:42:35,846 [EventQueue-ContainerReportForContainerReportHandler] WARN  container.ContainerReportHandler (AbstractContainerReportHandler.java:updateContainerState(143)) - Container #1 is in OPEN state, but the datanode b538cbc7-c460-4ed7-9e56-8cd460542e65{ip: 192.168.30.30, host: pr-hdds1737-lts7z-2510321508, networkLocation: /default-rack, certSerialId: null} reports an CLOSED replica.
2019-10-02 22:42:35,909 [EventQueue-ContainerReportForContainerReportHandler] WARN  container.ContainerReportHandler (AbstractContainerReportHandler.java:updateContainerState(143)) - Container #1 is in OPEN state, but the datanode d1cdb5f4-8e11-4282-86cc-473472291632{ip: 192.168.30.30, host: pr-hdds1737-lts7z-2510321508, networkLocation: /default-rack, certSerialId: null} reports an CLOSED replica.
2019-10-02 22:42:36,146 [EventQueue-ContainerReportForContainerReportHandler] WARN  container.ContainerReportHandler (AbstractContainerReportHandler.java:updateContainerState(143)) - Container #1 is in OPEN state, but the datanode b538cbc7-c460-4ed7-9e56-8cd460542e65{ip: 192.168.30.30, host: pr-hdds1737-lts7z-2510321508, networkLocation: /default-rack, certSerialId: null} reports an CLOSED replica.
2019-10-02 22:42:36,310 [EventQueue-ContainerReportForContainerReportHandler] WARN  container.ContainerReportHandler (AbstractContainerReportHandler.java:updateContainerState(143)) - Container #1 is in OPEN state, but the datanode d1cdb5f4-8e11-4282-86cc-473472291632{ip: 192.168.30.30, host: pr-hdds1737-lts7z-2510321508, networkLocation: /default-rack, certSerialId: null} reports an CLOSED replica.
2019-10-02 22:42:36,446 [EventQueue-ContainerReportForContainerReportHandler] WARN  container.ContainerReportHandler (AbstractContainerReportHandler.java:updateContainerState(143)) - Container #1 is in OPEN state, but the datanode b538cbc7-c460-4ed7-9e56-8cd460542e65{ip: 192.168.30.30, host: pr-hdds1737-lts7z-2510321508, networkLocation: /default-rack, certSerialId: null} reports an CLOSED replica.
2019-10-02 22:42:36,611 [EventQueue-ContainerReportForContainerReportHandler] WARN  container.ContainerReportHandler (AbstractContainerReportHandler.java:updateContainerState(143)) - Container #1 is in OPEN state, but the datanode d1cdb5f4-8e11-4282-86cc-473472291632{ip: 192.168.30.30, host: pr-hdds1737-lts7z-2510321508, networkLocation: /default-rack, certSerialId: null} reports an CLOSED replica.
2019-10-02 22:42:36,625 [BlockDeletingService#3] WARN  background.BlockDeletingService (BlockDeletingService.java:isDeletionAllowed(187)) - Close Container log Index 6 is not replicated across allthe servers in the pipeline ff5c6407-5ef5-4ee5-8232-25216c954b7a as the min replicated index is 4. Deletion is not allowed in this container yet.
2019-10-02 22:42:36,625 [BlockDeletingService#2] WARN  background.BlockDeletingService (BlockDeletingService.java:isDeletionAllowed(187)) - Close Container log Index 6 is not replicated across allthe servers in the pipeline ff5c6407-5ef5-4ee5-8232-25216c954b7a as the min replicated index is 4. Deletion is not allowed in this container yet.
2019-10-02 22:42:36,656 [Thread-490] INFO  client.GrpcClientProtocolService (GrpcClientProtocolService.java:lambda$processClientRequest$0(278)) - Failed RaftClientRequest:client-EA2B2DBC6C55->b538cbc7-c460-4ed7-9e56-8cd460542e65@group-25216C954B7A, cid=10, seq=0, Watch-ALL_COMMITTED(6), Message:<EMPTY>, reply=RaftClientReply:client-EA2B2DBC6C55->b538cbc7-c460-4ed7-9e56-8cd460542e65@group-25216C954B7A, cid=10, FAILED org.apache.ratis.protocol.NotLeaderException: Server b538cbc7-c460-4ed7-9e56-8cd460542e65@group-25216C954B7A is not the leader d1cdb5f4-8e11-4282-86cc-473472291632:192.168.30.30:42036, logIndex=0, commits[b538cbc7-c460-4ed7-9e56-8cd460542e65:c10, 1b5423a0-36c4-4dcb-9e4d-fbaf1cba6de9:c4, d1cdb5f4-8e11-4282-86cc-473472291632:c10]
2019-10-02 22:42:36,746 [EventQueue-ContainerReportForContainerReportHandler] WARN  container.ContainerReportHandler (AbstractContainerReportHandler.java:updateContainerState(143)) - Container #1 is in OPEN state, but the datanode b538cbc7-c460-4ed7-9e56-8cd460542e65{ip: 192.168.30.30, host: pr-hdds1737-lts7z-2510321508, networkLocation: /default-rack, certSerialId: null} reports an CLOSED replica.
2019-10-02 22:42:36,911 [EventQueue-ContainerReportForContainerReportHandler] WARN  container.ContainerReportHandler (AbstractContainerReportHandler.java:updateContainerState(143)) - Container #1 is in OPEN state, but the datanode d1cdb5f4-8e11-4282-86cc-473472291632{ip: 192.168.30.30, host: pr-hdds1737-lts7z-2510321508, networkLocation: /default-rack, certSerialId: null} reports an CLOSED replica.
2019-10-02 22:42:37,047 [EventQueue-ContainerReportForContainerReportHandler] WARN  container.ContainerReportHandler (AbstractContainerReportHandler.java:updateContainerState(143)) - Container #1 is in OPEN state, but the datanode b538cbc7-c460-4ed7-9e56-8cd460542e65{ip: 192.168.30.30, host: pr-hdds1737-lts7z-2510321508, networkLocation: /default-rack, certSerialId: null} reports an CLOSED replica.
2019-10-02 22:42:37,124 [grpc-default-executor-3] WARN  server.GrpcLogAppender (LogUtils.java:warn(134)) - d1cdb5f4-8e11-4282-86cc-473472291632@group-25216C954B7A->1b5423a0-36c4-4dcb-9e4d-fbaf1cba6de9-AppendLogResponseHandler: Failed appendEntries: org.apache.ratis.thirdparty.io.grpc.StatusRuntimeException: UNAVAILABLE: io exception
2019-10-02 22:42:37,126 [grpc-default-executor-3] INFO  impl.FollowerInfo (FollowerInfo.java:lambda$new$0(51)) - d1cdb5f4-8e11-4282-86cc-473472291632@group-25216C954B7A->1b5423a0-36c4-4dcb-9e4d-fbaf1cba6de9: nextIndex: updateUnconditionally 0 -> 0
2019-10-02 22:42:37,210 [EventQueue-ContainerReportForContainerReportHandler] WARN  container.ContainerReportHandler (AbstractContainerReportHandler.java:updateContainerState(143)) - Container #1 is in OPEN state, but the datanode d1cdb5f4-8e11-4282-86cc-473472291632{ip: 192.168.30.30, host: pr-hdds1737-lts7z-2510321508, networkLocation: /default-rack, certSerialId: null} reports an CLOSED replica.
2019-10-02 22:42:37,411 [EventQueue-ContainerReportForContainerReportHandler] WARN  container.ContainerReportHandler (AbstractContainerReportHandler.java:updateContainerState(143)) - Container #1 is in OPEN state, but the datanode d1cdb5f4-8e11-4282-86cc-473472291632{ip: 192.168.30.30, host: pr-hdds1737-lts7z-2510321508, networkLocation: /default-rack, certSerialId: null} reports an CLOSED replica.
2019-10-02 22:42:37,448 [EventQueue-ContainerReportForContainerReportHandler] WARN  container.ContainerReportHandler (AbstractContainerReportHandler.java:updateContainerState(143)) - Container #1 is in OPEN state, but the datanode b538cbc7-c460-4ed7-9e56-8cd460542e65{ip: 192.168.30.30, host: pr-hdds1737-lts7z-2510321508, networkLocation: /default-rack, certSerialId: null} reports an CLOSED replica.
2019-10-02 22:42:37,616 [EventQueue-ContainerReportForContainerReportHandler] WARN  container.ContainerReportHandler (AbstractContainerReportHandler.java:updateContainerState(143)) - Container #1 is in OPEN state, but the datanode d1cdb5f4-8e11-4282-86cc-473472291632{ip: 192.168.30.30, host: pr-hdds1737-lts7z-2510321508, networkLocation: /default-rack, certSerialId: null} reports an CLOSED replica.
2019-10-02 22:42:37,627 [BlockDeletingService#2] WARN  background.BlockDeletingService (BlockDeletingService.java:isDeletionAllowed(187)) - Close Container log Index 6 is not replicated across allthe servers in the pipeline ff5c6407-5ef5-4ee5-8232-25216c954b7a as the min replicated index is 4. Deletion is not allowed in this container yet.
2019-10-02 22:42:37,627 [BlockDeletingService#3] WARN  background.BlockDeletingService (BlockDeletingService.java:isDeletionAllowed(187)) - Close Container log Index 6 is not replicated across allthe servers in the pipeline ff5c6407-5ef5-4ee5-8232-25216c954b7a as the min replicated index is 4. Deletion is not allowed in this container yet.
2019-10-02 22:42:37,648 [EventQueue-ContainerReportForContainerReportHandler] WARN  container.ContainerReportHandler (AbstractContainerReportHandler.java:updateContainerState(143)) - Container #1 is in OPEN state, but the datanode b538cbc7-c460-4ed7-9e56-8cd460542e65{ip: 192.168.30.30, host: pr-hdds1737-lts7z-2510321508, networkLocation: /default-rack, certSerialId: null} reports an CLOSED replica.
2019-10-02 22:42:37,912 [EventQueue-ContainerReportForContainerReportHandler] WARN  container.ContainerReportHandler (AbstractContainerReportHandler.java:updateContainerState(143)) - Container #1 is in OPEN state, but the datanode d1cdb5f4-8e11-4282-86cc-473472291632{ip: 192.168.30.30, host: pr-hdds1737-lts7z-2510321508, networkLocation: /default-rack, certSerialId: null} reports an CLOSED replica.
2019-10-02 22:42:38,050 [EventQueue-ContainerReportForContainerReportHandler] WARN  container.ContainerReportHandler (AbstractContainerReportHandler.java:updateContainerState(143)) - Container #1 is in OPEN state, but the datanode b538cbc7-c460-4ed7-9e56-8cd460542e65{ip: 192.168.30.30, host: pr-hdds1737-lts7z-2510321508, networkLocation: /default-rack, certSerialId: null} reports an CLOSED replica.
2019-10-02 22:42:38,312 [EventQueue-ContainerReportForContainerReportHandler] WARN  container.ContainerReportHandler (AbstractContainerReportHandler.java:updateContainerState(143)) - Container #1 is in OPEN state, but the datanode d1cdb5f4-8e11-4282-86cc-473472291632{ip: 192.168.30.30, host: pr-hdds1737-lts7z-2510321508, networkLocation: /default-rack, certSerialId: null} reports an CLOSED replica.
2019-10-02 22:42:38,350 [EventQueue-ContainerReportForContainerReportHandler] WARN  container.ContainerReportHandler (AbstractContainerReportHandler.java:updateContainerState(143)) - Container #1 is in OPEN state, but the datanode b538cbc7-c460-4ed7-9e56-8cd460542e65{ip: 192.168.30.30, host: pr-hdds1737-lts7z-2510321508, networkLocation: /default-rack, certSerialId: null} reports an CLOSED replica.
2019-10-02 22:42:38,563 [Thread-496] INFO  client.GrpcClientProtocolService (GrpcClientProtocolService.java:lambda$processClientRequest$0(278)) - Failed RaftClientRequest:client-EA2B2DBC6C55->d1cdb5f4-8e11-4282-86cc-473472291632@group-25216C954B7A, cid=10, seq=0, Watch-ALL_COMMITTED(6), Message:<EMPTY>, reply=RaftClientReply:client-EA2B2DBC6C55->d1cdb5f4-8e11-4282-86cc-473472291632@group-25216C954B7A, cid=10, FAILED org.apache.ratis.protocol.NotReplicatedException: Request with call Id 10 and log index 6 is not yet replicated to ALL_COMMITTED, logIndex=6, commits[d1cdb5f4-8e11-4282-86cc-473472291632:c10, b538cbc7-c460-4ed7-9e56-8cd460542e65:c10, 1b5423a0-36c4-4dcb-9e4d-fbaf1cba6de9:c4]
2019-10-02 22:42:38,611 [EventQueue-ContainerReportForContainerReportHandler] WARN  container.ContainerReportHandler (AbstractContainerReportHandler.java:updateContainerState(143)) - Container #1 is in OPEN state, but the datanode d1cdb5f4-8e11-4282-86cc-473472291632{ip: 192.168.30.30, host: pr-hdds1737-lts7z-2510321508, networkLocation: /default-rack, certSerialId: null} reports an CLOSED replica.
2019-10-02 22:42:38,628 [BlockDeletingService#2] WARN  background.BlockDeletingService (BlockDeletingService.java:isDeletionAllowed(187)) - Close Container log Index 6 is not replicated across allthe servers in the pipeline ff5c6407-5ef5-4ee5-8232-25216c954b7a as the min replicated index is 4. Deletion is not allowed in this container yet.
2019-10-02 22:42:38,629 [BlockDeletingService#3] WARN  background.BlockDeletingService (BlockDeletingService.java:isDeletionAllowed(187)) - Close Container log Index 6 is not replicated across allthe servers in the pipeline ff5c6407-5ef5-4ee5-8232-25216c954b7a as the min replicated index is 4. Deletion is not allowed in this container yet.
2019-10-02 22:42:38,750 [EventQueue-ContainerReportForContainerReportHandler] WARN  container.ContainerReportHandler (AbstractContainerReportHandler.java:updateContainerState(143)) - Container #1 is in OPEN state, but the datanode b538cbc7-c460-4ed7-9e56-8cd460542e65{ip: 192.168.30.30, host: pr-hdds1737-lts7z-2510321508, networkLocation: /default-rack, certSerialId: null} reports an CLOSED replica.
2019-10-02 22:42:39,012 [EventQueue-ContainerReportForContainerReportHandler] WARN  container.ContainerReportHandler (AbstractContainerReportHandler.java:updateContainerState(143)) - Container #1 is in OPEN state, but the datanode d1cdb5f4-8e11-4282-86cc-473472291632{ip: 192.168.30.30, host: pr-hdds1737-lts7z-2510321508, networkLocation: /default-rack, certSerialId: null} reports an CLOSED replica.
2019-10-02 22:42:39,051 [EventQueue-ContainerReportForContainerReportHandler] WARN  container.ContainerReportHandler (AbstractContainerReportHandler.java:updateContainerState(143)) - Container #1 is in OPEN state, but the datanode b538cbc7-c460-4ed7-9e56-8cd460542e65{ip: 192.168.30.30, host: pr-hdds1737-lts7z-2510321508, networkLocation: /default-rack, certSerialId: null} reports an CLOSED replica.
2019-10-02 22:42:39,251 [EventQueue-ContainerReportForContainerReportHandler] WARN  container.ContainerReportHandler (AbstractContainerReportHandler.java:updateContainerState(143)) - Container #1 is in OPEN state, but the datanode b538cbc7-c460-4ed7-9e56-8cd460542e65{ip: 192.168.30.30, host: pr-hdds1737-lts7z-2510321508, networkLocation: /default-rack, certSerialId: null} reports an CLOSED replica.
2019-10-02 22:42:39,412 [EventQueue-ContainerReportForContainerReportHandler] WARN  container.ContainerReportHandler (AbstractContainerReportHandler.java:updateContainerState(143)) - Container #1 is in OPEN state, but the datanode d1cdb5f4-8e11-4282-86cc-473472291632{ip: 192.168.30.30, host: pr-hdds1737-lts7z-2510321508, networkLocation: /default-rack, certSerialId: null} reports an CLOSED replica.
2019-10-02 22:42:39,550 [EventQueue-ContainerReportForContainerReportHandler] WARN  container.ContainerReportHandler (AbstractContainerReportHandler.java:updateContainerState(143)) - Container #1 is in OPEN state, but the datanode b538cbc7-c460-4ed7-9e56-8cd460542e65{ip: 192.168.30.30, host: pr-hdds1737-lts7z-2510321508, networkLocation: /default-rack, certSerialId: null} reports an CLOSED replica.
2019-10-02 22:42:39,626 [grpc-default-executor-2] WARN  server.GrpcLogAppender (LogUtils.java:warn(134)) - d1cdb5f4-8e11-4282-86cc-473472291632@group-25216C954B7A->1b5423a0-36c4-4dcb-9e4d-fbaf1cba6de9-AppendLogResponseHandler: Failed appendEntries: org.apache.ratis.thirdparty.io.grpc.StatusRuntimeException: UNAVAILABLE: io exception
2019-10-02 22:42:39,627 [grpc-default-executor-2] INFO  impl.FollowerInfo (FollowerInfo.java:lambda$new$0(51)) - d1cdb5f4-8e11-4282-86cc-473472291632@group-25216C954B7A->1b5423a0-36c4-4dcb-9e4d-fbaf1cba6de9: nextIndex: updateUnconditionally 0 -> 0
2019-10-02 22:42:39,631 [BlockDeletingService#2] WARN  background.BlockDeletingService (BlockDeletingService.java:isDeletionAllowed(187)) - Close Container log Index 6 is not replicated across allthe servers in the pipeline ff5c6407-5ef5-4ee5-8232-25216c954b7a as the min replicated index is 4. Deletion is not allowed in this container yet.
2019-10-02 22:42:39,631 [BlockDeletingService#3] WARN  background.BlockDeletingService (BlockDeletingService.java:isDeletionAllowed(187)) - Close Container log Index 6 is not replicated across allthe servers in the pipeline ff5c6407-5ef5-4ee5-8232-25216c954b7a as the min replicated index is 4. Deletion is not allowed in this container yet.
2019-10-02 22:42:39,713 [EventQueue-ContainerReportForContainerReportHandler] WARN  container.ContainerReportHandler (AbstractContainerReportHandler.java:updateContainerState(143)) - Container #1 is in OPEN state, but the datanode d1cdb5f4-8e11-4282-86cc-473472291632{ip: 192.168.30.30, host: pr-hdds1737-lts7z-2510321508, networkLocation: /default-rack, certSerialId: null} reports an CLOSED replica.
2019-10-02 22:42:39,851 [EventQueue-ContainerReportForContainerReportHandler] WARN  container.ContainerReportHandler (AbstractContainerReportHandler.java:updateContainerState(143)) - Container #1 is in OPEN state, but the datanode b538cbc7-c460-4ed7-9e56-8cd460542e65{ip: 192.168.30.30, host: pr-hdds1737-lts7z-2510321508, networkLocation: /default-rack, certSerialId: null} reports an CLOSED replica.
2019-10-02 22:42:39,912 [EventQueue-ContainerReportForContainerReportHandler] WARN  container.ContainerReportHandler (AbstractContainerReportHandler.java:updateContainerState(143)) - Container #1 is in OPEN state, but the datanode d1cdb5f4-8e11-4282-86cc-473472291632{ip: 192.168.30.30, host: pr-hdds1737-lts7z-2510321508, networkLocation: /default-rack, certSerialId: null} reports an CLOSED replica.
2019-10-02 22:42:40,213 [EventQueue-ContainerReportForContainerReportHandler] WARN  container.ContainerReportHandler (AbstractContainerReportHandler.java:updateContainerState(143)) - Container #1 is in OPEN state, but the datanode d1cdb5f4-8e11-4282-86cc-473472291632{ip: 192.168.30.30, host: pr-hdds1737-lts7z-2510321508, networkLocation: /default-rack, certSerialId: null} reports an CLOSED replica.
2019-10-02 22:42:40,250 [EventQueue-ContainerReportForContainerReportHandler] WARN  container.ContainerReportHandler (AbstractContainerReportHandler.java:updateContainerState(143)) - Container #1 is in OPEN state, but the datanode b538cbc7-c460-4ed7-9e56-8cd460542e65{ip: 192.168.30.30, host: pr-hdds1737-lts7z-2510321508, networkLocation: /default-rack, certSerialId: null} reports an CLOSED replica.
2019-10-02 22:42:40,413 [EventQueue-ContainerReportForContainerReportHandler] WARN  container.ContainerReportHandler (AbstractContainerReportHandler.java:updateContainerState(143)) - Container #1 is in OPEN state, but the datanode d1cdb5f4-8e11-4282-86cc-473472291632{ip: 192.168.30.30, host: pr-hdds1737-lts7z-2510321508, networkLocation: /default-rack, certSerialId: null} reports an CLOSED replica.
2019-10-02 22:42:40,632 [BlockDeletingService#2] WARN  background.BlockDeletingService (BlockDeletingService.java:isDeletionAllowed(187)) - Close Container log Index 6 is not replicated across allthe servers in the pipeline ff5c6407-5ef5-4ee5-8232-25216c954b7a as the min replicated index is 4. Deletion is not allowed in this container yet.
2019-10-02 22:42:40,632 [BlockDeletingService#3] WARN  background.BlockDeletingService (BlockDeletingService.java:isDeletionAllowed(187)) - Close Container log Index 6 is not replicated across allthe servers in the pipeline ff5c6407-5ef5-4ee5-8232-25216c954b7a as the min replicated index is 4. Deletion is not allowed in this container yet.
2019-10-02 22:42:40,651 [EventQueue-ContainerReportForContainerReportHandler] WARN  container.ContainerReportHandler (AbstractContainerReportHandler.java:updateContainerState(143)) - Container #1 is in OPEN state, but the datanode b538cbc7-c460-4ed7-9e56-8cd460542e65{ip: 192.168.30.30, host: pr-hdds1737-lts7z-2510321508, networkLocation: /default-rack, certSerialId: null} reports an CLOSED replica.
2019-10-02 22:42:40,812 [EventQueue-ContainerReportForContainerReportHandler] WARN  container.ContainerReportHandler (AbstractContainerReportHandler.java:updateContainerState(143)) - Container #1 is in OPEN state, but the datanode d1cdb5f4-8e11-4282-86cc-473472291632{ip: 192.168.30.30, host: pr-hdds1737-lts7z-2510321508, networkLocation: /default-rack, certSerialId: null} reports an CLOSED replica.
2019-10-02 22:42:40,851 [EventQueue-ContainerReportForContainerReportHandler] WARN  container.ContainerReportHandler (AbstractContainerReportHandler.java:updateContainerState(143)) - Container #1 is in OPEN state, but the datanode b538cbc7-c460-4ed7-9e56-8cd460542e65{ip: 192.168.30.30, host: pr-hdds1737-lts7z-2510321508, networkLocation: /default-rack, certSerialId: null} reports an CLOSED replica.
2019-10-02 22:42:41,114 [EventQueue-ContainerReportForContainerReportHandler] WARN  container.ContainerReportHandler (AbstractContainerReportHandler.java:updateContainerState(143)) - Container #1 is in OPEN state, but the datanode d1cdb5f4-8e11-4282-86cc-473472291632{ip: 192.168.30.30, host: pr-hdds1737-lts7z-2510321508, networkLocation: /default-rack, certSerialId: null} reports an CLOSED replica.
2019-10-02 22:42:41,150 [EventQueue-ContainerReportForContainerReportHandler] WARN  container.ContainerReportHandler (AbstractContainerReportHandler.java:updateContainerState(143)) - Container #1 is in OPEN state, but the datanode b538cbc7-c460-4ed7-9e56-8cd460542e65{ip: 192.168.30.30, host: pr-hdds1737-lts7z-2510321508, networkLocation: /default-rack, certSerialId: null} reports an CLOSED replica.
2019-10-02 22:42:41,413 [EventQueue-ContainerReportForContainerReportHandler] WARN  container.ContainerReportHandler (AbstractContainerReportHandler.java:updateContainerState(143)) - Container #1 is in OPEN state, but the datanode d1cdb5f4-8e11-4282-86cc-473472291632{ip: 192.168.30.30, host: pr-hdds1737-lts7z-2510321508, networkLocation: /default-rack, certSerialId: null} reports an CLOSED replica.
2019-10-02 22:42:41,452 [EventQueue-ContainerReportForContainerReportHandler] WARN  container.ContainerReportHandler (AbstractContainerReportHandler.java:updateContainerState(143)) - Container #1 is in OPEN state, but the datanode b538cbc7-c460-4ed7-9e56-8cd460542e65{ip: 192.168.30.30, host: pr-hdds1737-lts7z-2510321508, networkLocation: /default-rack, certSerialId: null} reports an CLOSED replica.
2019-10-02 22:42:41,633 [BlockDeletingService#2] WARN  background.BlockDeletingService (BlockDeletingService.java:isDeletionAllowed(187)) - Close Container log Index 6 is not replicated across allthe servers in the pipeline ff5c6407-5ef5-4ee5-8232-25216c954b7a as the min replicated index is 4. Deletion is not allowed in this container yet.
2019-10-02 22:42:41,634 [BlockDeletingService#3] WARN  background.BlockDeletingService (BlockDeletingService.java:isDeletionAllowed(187)) - Close Container log Index 6 is not replicated across allthe servers in the pipeline ff5c6407-5ef5-4ee5-8232-25216c954b7a as the min replicated index is 4. Deletion is not allowed in this container yet.
2019-10-02 22:42:41,714 [EventQueue-ContainerReportForContainerReportHandler] WARN  container.ContainerReportHandler (AbstractContainerReportHandler.java:updateContainerState(143)) - Container #1 is in OPEN state, but the datanode d1cdb5f4-8e11-4282-86cc-473472291632{ip: 192.168.30.30, host: pr-hdds1737-lts7z-2510321508, networkLocation: /default-rack, certSerialId: null} reports an CLOSED replica.
2019-10-02 22:42:41,751 [EventQueue-ContainerReportForContainerReportHandler] WARN  container.ContainerReportHandler (AbstractContainerReportHandler.java:updateContainerState(143)) - Container #1 is in OPEN state, but the datanode b538cbc7-c460-4ed7-9e56-8cd460542e65{ip: 192.168.30.30, host: pr-hdds1737-lts7z-2510321508, networkLocation: /default-rack, certSerialId: null} reports an CLOSED replica.
2019-10-02 22:42:41,952 [EventQueue-ContainerReportForContainerReportHandler] WARN  container.ContainerReportHandler (AbstractContainerReportHandler.java:updateContainerState(143)) - Container #1 is in OPEN state, but the datanode b538cbc7-c460-4ed7-9e56-8cd460542e65{ip: 192.168.30.30, host: pr-hdds1737-lts7z-2510321508, networkLocation: /default-rack, certSerialId: null} reports an CLOSED replica.
2019-10-02 22:42:42,013 [EventQueue-ContainerReportForContainerReportHandler] WARN  container.ContainerReportHandler (AbstractContainerReportHandler.java:updateContainerState(143)) - Container #1 is in OPEN state, but the datanode d1cdb5f4-8e11-4282-86cc-473472291632{ip: 192.168.30.30, host: pr-hdds1737-lts7z-2510321508, networkLocation: /default-rack, certSerialId: null} reports an CLOSED replica.
2019-10-02 22:42:42,130 [grpc-default-executor-2] WARN  server.GrpcLogAppender (LogUtils.java:warn(134)) - d1cdb5f4-8e11-4282-86cc-473472291632@group-25216C954B7A->1b5423a0-36c4-4dcb-9e4d-fbaf1cba6de9-AppendLogResponseHandler: Failed appendEntries: org.apache.ratis.thirdparty.io.grpc.StatusRuntimeException: UNAVAILABLE: io exception
2019-10-02 22:42:42,131 [grpc-default-executor-2] INFO  impl.FollowerInfo (FollowerInfo.java:lambda$new$0(51)) - d1cdb5f4-8e11-4282-86cc-473472291632@group-25216C954B7A->1b5423a0-36c4-4dcb-9e4d-fbaf1cba6de9: nextIndex: updateUnconditionally 0 -> 0
2019-10-02 22:42:42,253 [EventQueue-ContainerReportForContainerReportHandler] WARN  container.ContainerReportHandler (AbstractContainerReportHandler.java:updateContainerState(143)) - Container #1 is in OPEN state, but the datanode b538cbc7-c460-4ed7-9e56-8cd460542e65{ip: 192.168.30.30, host: pr-hdds1737-lts7z-2510321508, networkLocation: /default-rack, certSerialId: null} reports an CLOSED replica.
2019-10-02 22:42:42,316 [EventQueue-ContainerReportForContainerReportHandler] WARN  container.ContainerReportHandler (AbstractContainerReportHandler.java:updateContainerState(143)) - Container #1 is in OPEN state, but the datanode d1cdb5f4-8e11-4282-86cc-473472291632{ip: 192.168.30.30, host: pr-hdds1737-lts7z-2510321508, networkLocation: /default-rack, certSerialId: null} reports an CLOSED replica.
2019-10-02 22:42:42,553 [EventQueue-ContainerReportForContainerReportHandler] WARN  container.ContainerReportHandler (AbstractContainerReportHandler.java:updateContainerState(143)) - Container #1 is in OPEN state, but the datanode b538cbc7-c460-4ed7-9e56-8cd460542e65{ip: 192.168.30.30, host: pr-hdds1737-lts7z-2510321508, networkLocation: /default-rack, certSerialId: null} reports an CLOSED replica.
2019-10-02 22:42:42,616 [EventQueue-ContainerReportForContainerReportHandler] WARN  container.ContainerReportHandler (AbstractContainerReportHandler.java:updateContainerState(143)) - Container #1 is in OPEN state, but the datanode d1cdb5f4-8e11-4282-86cc-473472291632{ip: 192.168.30.30, host: pr-hdds1737-lts7z-2510321508, networkLocation: /default-rack, certSerialId: null} reports an CLOSED replica.
2019-10-02 22:42:42,635 [BlockDeletingService#2] WARN  background.BlockDeletingService (BlockDeletingService.java:isDeletionAllowed(187)) - Close Container log Index 6 is not replicated across allthe servers in the pipeline ff5c6407-5ef5-4ee5-8232-25216c954b7a as the min replicated index is 4. Deletion is not allowed in this container yet.
2019-10-02 22:42:42,635 [BlockDeletingService#3] WARN  background.BlockDeletingService (BlockDeletingService.java:isDeletionAllowed(187)) - Close Container log Index 6 is not replicated across allthe servers in the pipeline ff5c6407-5ef5-4ee5-8232-25216c954b7a as the min replicated index is 4. Deletion is not allowed in this container yet.
2019-10-02 22:42:42,917 [EventQueue-ContainerReportForContainerReportHandler] WARN  container.ContainerReportHandler (AbstractContainerReportHandler.java:updateContainerState(143)) - Container #1 is in OPEN state, but the datanode d1cdb5f4-8e11-4282-86cc-473472291632{ip: 192.168.30.30, host: pr-hdds1737-lts7z-2510321508, networkLocation: /default-rack, certSerialId: null} reports an CLOSED replica.
2019-10-02 22:42:42,953 [EventQueue-ContainerReportForContainerReportHandler] WARN  container.ContainerReportHandler (AbstractContainerReportHandler.java:updateContainerState(143)) - Container #1 is in OPEN state, but the datanode b538cbc7-c460-4ed7-9e56-8cd460542e65{ip: 192.168.30.30, host: pr-hdds1737-lts7z-2510321508, networkLocation: /default-rack, certSerialId: null} reports an CLOSED replica.
2019-10-02 22:42:43,117 [EventQueue-ContainerReportForContainerReportHandler] WARN  container.ContainerReportHandler (AbstractContainerReportHandler.java:updateContainerState(143)) - Container #1 is in OPEN state, but the datanode d1cdb5f4-8e11-4282-86cc-473472291632{ip: 192.168.30.30, host: pr-hdds1737-lts7z-2510321508, networkLocation: /default-rack, certSerialId: null} reports an CLOSED replica.
2019-10-02 22:42:43,152 [EventQueue-ContainerReportForContainerReportHandler] WARN  container.ContainerReportHandler (AbstractContainerReportHandler.java:updateContainerState(143)) - Container #1 is in OPEN state, but the datanode b538cbc7-c460-4ed7-9e56-8cd460542e65{ip: 192.168.30.30, host: pr-hdds1737-lts7z-2510321508, networkLocation: /default-rack, certSerialId: null} reports an CLOSED replica.
2019-10-02 22:42:43,353 [EventQueue-ContainerReportForContainerReportHandler] WARN  container.ContainerReportHandler (AbstractContainerReportHandler.java:updateContainerState(143)) - Container #1 is in OPEN state, but the datanode b538cbc7-c460-4ed7-9e56-8cd460542e65{ip: 192.168.30.30, host: pr-hdds1737-lts7z-2510321508, networkLocation: /default-rack, certSerialId: null} reports an CLOSED replica.
2019-10-02 22:42:43,417 [EventQueue-ContainerReportForContainerReportHandler] WARN  container.ContainerReportHandler (AbstractContainerReportHandler.java:updateContainerState(143)) - Container #1 is in OPEN state, but the datanode d1cdb5f4-8e11-4282-86cc-473472291632{ip: 192.168.30.30, host: pr-hdds1737-lts7z-2510321508, networkLocation: /default-rack, certSerialId: null} reports an CLOSED replica.
2019-10-02 22:42:43,555 [EventQueue-ContainerReportForContainerReportHandler] WARN  container.ContainerReportHandler (AbstractContainerReportHandler.java:updateContainerState(143)) - Container #1 is in OPEN state, but the datanode b538cbc7-c460-4ed7-9e56-8cd460542e65{ip: 192.168.30.30, host: pr-hdds1737-lts7z-2510321508, networkLocation: /default-rack, certSerialId: null} reports an CLOSED replica.
2019-10-02 22:42:43,617 [EventQueue-ContainerReportForContainerReportHandler] WARN  container.ContainerReportHandler (AbstractContainerReportHandler.java:updateContainerState(143)) - Container #1 is in OPEN state, but the datanode d1cdb5f4-8e11-4282-86cc-473472291632{ip: 192.168.30.30, host: pr-hdds1737-lts7z-2510321508, networkLocation: /default-rack, certSerialId: null} reports an CLOSED replica.
2019-10-02 22:42:43,636 [BlockDeletingService#2] WARN  background.BlockDeletingService (BlockDeletingService.java:isDeletionAllowed(187)) - Close Container log Index 6 is not replicated across allthe servers in the pipeline ff5c6407-5ef5-4ee5-8232-25216c954b7a as the min replicated index is 4. Deletion is not allowed in this container yet.
2019-10-02 22:42:43,636 [BlockDeletingService#3] WARN  background.BlockDeletingService (BlockDeletingService.java:isDeletionAllowed(187)) - Close Container log Index 6 is not replicated across allthe servers in the pipeline ff5c6407-5ef5-4ee5-8232-25216c954b7a as the min replicated index is 4. Deletion is not allowed in this container yet.
2019-10-02 22:42:43,916 [EventQueue-ContainerReportForContainerReportHandler] WARN  container.ContainerReportHandler (AbstractContainerReportHandler.java:updateContainerState(143)) - Container #1 is in OPEN state, but the datanode d1cdb5f4-8e11-4282-86cc-473472291632{ip: 192.168.30.30, host: pr-hdds1737-lts7z-2510321508, networkLocation: /default-rack, certSerialId: null} reports an CLOSED replica.
2019-10-02 22:42:43,955 [EventQueue-ContainerReportForContainerReportHandler] WARN  container.ContainerReportHandler (AbstractContainerReportHandler.java:updateContainerState(143)) - Container #1 is in OPEN state, but the datanode b538cbc7-c460-4ed7-9e56-8cd460542e65{ip: 192.168.30.30, host: pr-hdds1737-lts7z-2510321508, networkLocation: /default-rack, certSerialId: null} reports an CLOSED replica.
2019-10-02 22:42:44,216 [EventQueue-ContainerReportForContainerReportHandler] WARN  container.ContainerReportHandler (AbstractContainerReportHandler.java:updateContainerState(143)) - Container #1 is in OPEN state, but the datanode d1cdb5f4-8e11-4282-86cc-473472291632{ip: 192.168.30.30, host: pr-hdds1737-lts7z-2510321508, networkLocation: /default-rack, certSerialId: null} reports an CLOSED replica.
2019-10-02 22:42:44,258 [EventQueue-ContainerReportForContainerReportHandler] WARN  container.ContainerReportHandler (AbstractContainerReportHandler.java:updateContainerState(143)) - Container #1 is in OPEN state, but the datanode b538cbc7-c460-4ed7-9e56-8cd460542e65{ip: 192.168.30.30, host: pr-hdds1737-lts7z-2510321508, networkLocation: /default-rack, certSerialId: null} reports an CLOSED replica.
2019-10-02 22:42:44,417 [EventQueue-ContainerReportForContainerReportHandler] WARN  container.ContainerReportHandler (AbstractContainerReportHandler.java:updateContainerState(143)) - Container #1 is in OPEN state, but the datanode d1cdb5f4-8e11-4282-86cc-473472291632{ip: 192.168.30.30, host: pr-hdds1737-lts7z-2510321508, networkLocation: /default-rack, certSerialId: null} reports an CLOSED replica.
2019-10-02 22:42:44,559 [EventQueue-ContainerReportForContainerReportHandler] WARN  container.ContainerReportHandler (AbstractContainerReportHandler.java:updateContainerState(143)) - Container #1 is in OPEN state, but the datanode b538cbc7-c460-4ed7-9e56-8cd460542e65{ip: 192.168.30.30, host: pr-hdds1737-lts7z-2510321508, networkLocation: /default-rack, certSerialId: null} reports an CLOSED replica.
2019-10-02 22:42:44,632 [grpc-default-executor-3] WARN  server.GrpcLogAppender (LogUtils.java:warn(134)) - d1cdb5f4-8e11-4282-86cc-473472291632@group-25216C954B7A->1b5423a0-36c4-4dcb-9e4d-fbaf1cba6de9-AppendLogResponseHandler: Failed appendEntries: org.apache.ratis.thirdparty.io.grpc.StatusRuntimeException: UNAVAILABLE: io exception
2019-10-02 22:42:44,633 [grpc-default-executor-3] INFO  impl.FollowerInfo (FollowerInfo.java:lambda$new$0(51)) - d1cdb5f4-8e11-4282-86cc-473472291632@group-25216C954B7A->1b5423a0-36c4-4dcb-9e4d-fbaf1cba6de9: nextIndex: updateUnconditionally 0 -> 0
2019-10-02 22:42:44,637 [BlockDeletingService#2] WARN  background.BlockDeletingService (BlockDeletingService.java:isDeletionAllowed(187)) - Close Container log Index 6 is not replicated across allthe servers in the pipeline ff5c6407-5ef5-4ee5-8232-25216c954b7a as the min replicated index is 4. Deletion is not allowed in this container yet.
2019-10-02 22:42:44,637 [BlockDeletingService#3] WARN  background.BlockDeletingService (BlockDeletingService.java:isDeletionAllowed(187)) - Close Container log Index 6 is not replicated across allthe servers in the pipeline ff5c6407-5ef5-4ee5-8232-25216c954b7a as the min replicated index is 4. Deletion is not allowed in this container yet.
2019-10-02 22:42:44,717 [EventQueue-ContainerReportForContainerReportHandler] WARN  container.ContainerReportHandler (AbstractContainerReportHandler.java:updateContainerState(143)) - Container #1 is in OPEN state, but the datanode d1cdb5f4-8e11-4282-86cc-473472291632{ip: 192.168.30.30, host: pr-hdds1737-lts7z-2510321508, networkLocation: /default-rack, certSerialId: null} reports an CLOSED replica.
2019-10-02 22:42:44,858 [EventQueue-ContainerReportForContainerReportHandler] WARN  container.ContainerReportHandler (AbstractContainerReportHandler.java:updateContainerState(143)) - Container #1 is in OPEN state, but the datanode b538cbc7-c460-4ed7-9e56-8cd460542e65{ip: 192.168.30.30, host: pr-hdds1737-lts7z-2510321508, networkLocation: /default-rack, certSerialId: null} reports an CLOSED replica.
2019-10-02 22:42:45,016 [EventQueue-ContainerReportForContainerReportHandler] WARN  container.ContainerReportHandler (AbstractContainerReportHandler.java:updateContainerState(143)) - Container #1 is in OPEN state, but the datanode d1cdb5f4-8e11-4282-86cc-473472291632{ip: 192.168.30.30, host: pr-hdds1737-lts7z-2510321508, networkLocation: /default-rack, certSerialId: null} reports an CLOSED replica.
2019-10-02 22:42:45,160 [EventQueue-ContainerReportForContainerReportHandler] WARN  container.ContainerReportHandler (AbstractContainerReportHandler.java:updateContainerState(143)) - Container #1 is in OPEN state, but the datanode b538cbc7-c460-4ed7-9e56-8cd460542e65{ip: 192.168.30.30, host: pr-hdds1737-lts7z-2510321508, networkLocation: /default-rack, certSerialId: null} reports an CLOSED replica.
2019-10-02 22:42:45,218 [EventQueue-ContainerReportForContainerReportHandler] WARN  container.ContainerReportHandler (AbstractContainerReportHandler.java:updateContainerState(143)) - Container #1 is in OPEN state, but the datanode d1cdb5f4-8e11-4282-86cc-473472291632{ip: 192.168.30.30, host: pr-hdds1737-lts7z-2510321508, networkLocation: /default-rack, certSerialId: null} reports an CLOSED replica.
2019-10-02 22:42:45,460 [EventQueue-ContainerReportForContainerReportHandler] WARN  container.ContainerReportHandler (AbstractContainerReportHandler.java:updateContainerState(143)) - Container #1 is in OPEN state, but the datanode b538cbc7-c460-4ed7-9e56-8cd460542e65{ip: 192.168.30.30, host: pr-hdds1737-lts7z-2510321508, networkLocation: /default-rack, certSerialId: null} reports an CLOSED replica.
2019-10-02 22:42:45,518 [EventQueue-ContainerReportForContainerReportHandler] WARN  container.ContainerReportHandler (AbstractContainerReportHandler.java:updateContainerState(143)) - Container #1 is in OPEN state, but the datanode d1cdb5f4-8e11-4282-86cc-473472291632{ip: 192.168.30.30, host: pr-hdds1737-lts7z-2510321508, networkLocation: /default-rack, certSerialId: null} reports an CLOSED replica.
2019-10-02 22:42:45,639 [BlockDeletingService#3] WARN  background.BlockDeletingService (BlockDeletingService.java:isDeletionAllowed(187)) - Close Container log Index 6 is not replicated across allthe servers in the pipeline ff5c6407-5ef5-4ee5-8232-25216c954b7a as the min replicated index is 4. Deletion is not allowed in this container yet.
2019-10-02 22:42:45,639 [BlockDeletingService#2] WARN  background.BlockDeletingService (BlockDeletingService.java:isDeletionAllowed(187)) - Close Container log Index 6 is not replicated across allthe servers in the pipeline ff5c6407-5ef5-4ee5-8232-25216c954b7a as the min replicated index is 4. Deletion is not allowed in this container yet.
2019-10-02 22:42:45,677 [Thread-518] INFO  client.GrpcClientProtocolService (GrpcClientProtocolService.java:lambda$processClientRequest$0(278)) - Failed RaftClientRequest:client-EA2B2DBC6C55->b538cbc7-c460-4ed7-9e56-8cd460542e65@group-25216C954B7A, cid=10, seq=0, Watch-ALL_COMMITTED(6), Message:<EMPTY>, reply=RaftClientReply:client-EA2B2DBC6C55->b538cbc7-c460-4ed7-9e56-8cd460542e65@group-25216C954B7A, cid=10, FAILED org.apache.ratis.protocol.NotLeaderException: Server b538cbc7-c460-4ed7-9e56-8cd460542e65@group-25216C954B7A is not the leader d1cdb5f4-8e11-4282-86cc-473472291632:192.168.30.30:42036, logIndex=0, commits[b538cbc7-c460-4ed7-9e56-8cd460542e65:c10, 1b5423a0-36c4-4dcb-9e4d-fbaf1cba6de9:c4, d1cdb5f4-8e11-4282-86cc-473472291632:c10]
2019-10-02 22:42:45,760 [EventQueue-ContainerReportForContainerReportHandler] WARN  container.ContainerReportHandler (AbstractContainerReportHandler.java:updateContainerState(143)) - Container #1 is in OPEN state, but the datanode b538cbc7-c460-4ed7-9e56-8cd460542e65{ip: 192.168.30.30, host: pr-hdds1737-lts7z-2510321508, networkLocation: /default-rack, certSerialId: null} reports an CLOSED replica.
2019-10-02 22:42:45,818 [EventQueue-ContainerReportForContainerReportHandler] WARN  container.ContainerReportHandler (AbstractContainerReportHandler.java:updateContainerState(143)) - Container #1 is in OPEN state, but the datanode d1cdb5f4-8e11-4282-86cc-473472291632{ip: 192.168.30.30, host: pr-hdds1737-lts7z-2510321508, networkLocation: /default-rack, certSerialId: null} reports an CLOSED replica.
2019-10-02 22:42:45,960 [EventQueue-ContainerReportForContainerReportHandler] WARN  container.ContainerReportHandler (AbstractContainerReportHandler.java:updateContainerState(143)) - Container #1 is in OPEN state, but the datanode b538cbc7-c460-4ed7-9e56-8cd460542e65{ip: 192.168.30.30, host: pr-hdds1737-lts7z-2510321508, networkLocation: /default-rack, certSerialId: null} reports an CLOSED replica.
2019-10-02 22:42:46,218 [EventQueue-ContainerReportForContainerReportHandler] WARN  container.ContainerReportHandler (AbstractContainerReportHandler.java:updateContainerState(143)) - Container #1 is in OPEN state, but the datanode d1cdb5f4-8e11-4282-86cc-473472291632{ip: 192.168.30.30, host: pr-hdds1737-lts7z-2510321508, networkLocation: /default-rack, certSerialId: null} reports an CLOSED replica.
2019-10-02 22:42:46,260 [EventQueue-ContainerReportForContainerReportHandler] WARN  container.ContainerReportHandler (AbstractContainerReportHandler.java:updateContainerState(143)) - Container #1 is in OPEN state, but the datanode b538cbc7-c460-4ed7-9e56-8cd460542e65{ip: 192.168.30.30, host: pr-hdds1737-lts7z-2510321508, networkLocation: /default-rack, certSerialId: null} reports an CLOSED replica.
2019-10-02 22:42:46,518 [EventQueue-ContainerReportForContainerReportHandler] WARN  container.ContainerReportHandler (AbstractContainerReportHandler.java:updateContainerState(143)) - Container #1 is in OPEN state, but the datanode d1cdb5f4-8e11-4282-86cc-473472291632{ip: 192.168.30.30, host: pr-hdds1737-lts7z-2510321508, networkLocation: /default-rack, certSerialId: null} reports an CLOSED replica.
2019-10-02 22:42:46,640 [BlockDeletingService#3] WARN  background.BlockDeletingService (BlockDeletingService.java:isDeletionAllowed(187)) - Close Container log Index 6 is not replicated across allthe servers in the pipeline ff5c6407-5ef5-4ee5-8232-25216c954b7a as the min replicated index is 4. Deletion is not allowed in this container yet.
2019-10-02 22:42:46,642 [BlockDeletingService#2] WARN  background.BlockDeletingService (BlockDeletingService.java:isDeletionAllowed(187)) - Close Container log Index 6 is not replicated across allthe servers in the pipeline ff5c6407-5ef5-4ee5-8232-25216c954b7a as the min replicated index is 4. Deletion is not allowed in this container yet.
2019-10-02 22:42:46,660 [EventQueue-ContainerReportForContainerReportHandler] WARN  container.ContainerReportHandler (AbstractContainerReportHandler.java:updateContainerState(143)) - Container #1 is in OPEN state, but the datanode b538cbc7-c460-4ed7-9e56-8cd460542e65{ip: 192.168.30.30, host: pr-hdds1737-lts7z-2510321508, networkLocation: /default-rack, certSerialId: null} reports an CLOSED replica.
2019-10-02 22:42:46,860 [EventQueue-ContainerReportForContainerReportHandler] WARN  container.ContainerReportHandler (AbstractContainerReportHandler.java:updateContainerState(143)) - Container #1 is in OPEN state, but the datanode b538cbc7-c460-4ed7-9e56-8cd460542e65{ip: 192.168.30.30, host: pr-hdds1737-lts7z-2510321508, networkLocation: /default-rack, certSerialId: null} reports an CLOSED replica.
2019-10-02 22:42:46,917 [EventQueue-ContainerReportForContainerReportHandler] WARN  container.ContainerReportHandler (AbstractContainerReportHandler.java:updateContainerState(143)) - Container #1 is in OPEN state, but the datanode d1cdb5f4-8e11-4282-86cc-473472291632{ip: 192.168.30.30, host: pr-hdds1737-lts7z-2510321508, networkLocation: /default-rack, certSerialId: null} reports an CLOSED replica.
2019-10-02 22:42:47,133 [grpc-default-executor-1] WARN  server.GrpcLogAppender (LogUtils.java:warn(134)) - d1cdb5f4-8e11-4282-86cc-473472291632@group-25216C954B7A->1b5423a0-36c4-4dcb-9e4d-fbaf1cba6de9-AppendLogResponseHandler: Failed appendEntries: org.apache.ratis.thirdparty.io.grpc.StatusRuntimeException: UNAVAILABLE: io exception
2019-10-02 22:42:47,134 [grpc-default-executor-1] INFO  impl.FollowerInfo (FollowerInfo.java:lambda$new$0(51)) - d1cdb5f4-8e11-4282-86cc-473472291632@group-25216C954B7A->1b5423a0-36c4-4dcb-9e4d-fbaf1cba6de9: nextIndex: updateUnconditionally 0 -> 0
2019-10-02 22:42:47,260 [EventQueue-ContainerReportForContainerReportHandler] WARN  container.ContainerReportHandler (AbstractContainerReportHandler.java:updateContainerState(143)) - Container #1 is in OPEN state, but the datanode b538cbc7-c460-4ed7-9e56-8cd460542e65{ip: 192.168.30.30, host: pr-hdds1737-lts7z-2510321508, networkLocation: /default-rack, certSerialId: null} reports an CLOSED replica.
2019-10-02 22:42:47,318 [EventQueue-ContainerReportForContainerReportHandler] WARN  container.ContainerReportHandler (AbstractContainerReportHandler.java:updateContainerState(143)) - Container #1 is in OPEN state, but the datanode d1cdb5f4-8e11-4282-86cc-473472291632{ip: 192.168.30.30, host: pr-hdds1737-lts7z-2510321508, networkLocation: /default-rack, certSerialId: null} reports an CLOSED replica.
2019-10-02 22:42:47,559 [EventQueue-ContainerReportForContainerReportHandler] WARN  container.ContainerReportHandler (AbstractContainerReportHandler.java:updateContainerState(143)) - Container #1 is in OPEN state, but the datanode b538cbc7-c460-4ed7-9e56-8cd460542e65{ip: 192.168.30.30, host: pr-hdds1737-lts7z-2510321508, networkLocation: /default-rack, certSerialId: null} reports an CLOSED replica.
2019-10-02 22:42:47,562 [Thread-524] INFO  client.GrpcClientProtocolService (GrpcClientProtocolService.java:lambda$processClientRequest$0(278)) - Failed RaftClientRequest:client-EA2B2DBC6C55->d1cdb5f4-8e11-4282-86cc-473472291632@group-25216C954B7A, cid=10, seq=0, Watch-ALL_COMMITTED(6), Message:<EMPTY>, reply=RaftClientReply:client-EA2B2DBC6C55->d1cdb5f4-8e11-4282-86cc-473472291632@group-25216C954B7A, cid=10, FAILED org.apache.ratis.protocol.NotReplicatedException: Request with call Id 10 and log index 6 is not yet replicated to ALL_COMMITTED, logIndex=6, commits[d1cdb5f4-8e11-4282-86cc-473472291632:c10, b538cbc7-c460-4ed7-9e56-8cd460542e65:c10, 1b5423a0-36c4-4dcb-9e4d-fbaf1cba6de9:c4]
2019-10-02 22:42:47,618 [EventQueue-ContainerReportForContainerReportHandler] WARN  container.ContainerReportHandler (AbstractContainerReportHandler.java:updateContainerState(143)) - Container #1 is in OPEN state, but the datanode d1cdb5f4-8e11-4282-86cc-473472291632{ip: 192.168.30.30, host: pr-hdds1737-lts7z-2510321508, networkLocation: /default-rack, certSerialId: null} reports an CLOSED replica.
2019-10-02 22:42:47,643 [BlockDeletingService#3] WARN  background.BlockDeletingService (BlockDeletingService.java:isDeletionAllowed(187)) - Close Container log Index 6 is not replicated across allthe servers in the pipeline ff5c6407-5ef5-4ee5-8232-25216c954b7a as the min replicated index is 4. Deletion is not allowed in this container yet.
2019-10-02 22:42:47,644 [BlockDeletingService#2] WARN  background.BlockDeletingService (BlockDeletingService.java:isDeletionAllowed(187)) - Close Container log Index 6 is not replicated across allthe servers in the pipeline ff5c6407-5ef5-4ee5-8232-25216c954b7a as the min replicated index is 4. Deletion is not allowed in this container yet.
2019-10-02 22:42:47,760 [EventQueue-ContainerReportForContainerReportHandler] WARN  container.ContainerReportHandler (AbstractContainerReportHandler.java:updateContainerState(143)) - Container #1 is in OPEN state, but the datanode b538cbc7-c460-4ed7-9e56-8cd460542e65{ip: 192.168.30.30, host: pr-hdds1737-lts7z-2510321508, networkLocation: /default-rack, certSerialId: null} reports an CLOSED replica.
2019-10-02 22:42:48,018 [EventQueue-ContainerReportForContainerReportHandler] WARN  container.ContainerReportHandler (AbstractContainerReportHandler.java:updateContainerState(143)) - Container #1 is in OPEN state, but the datanode d1cdb5f4-8e11-4282-86cc-473472291632{ip: 192.168.30.30, host: pr-hdds1737-lts7z-2510321508, networkLocation: /default-rack, certSerialId: null} reports an CLOSED replica.
2019-10-02 22:42:48,161 [EventQueue-ContainerReportForContainerReportHandler] WARN  container.ContainerReportHandler (AbstractContainerReportHandler.java:updateContainerState(143)) - Container #1 is in OPEN state, but the datanode b538cbc7-c460-4ed7-9e56-8cd460542e65{ip: 192.168.30.30, host: pr-hdds1737-lts7z-2510321508, networkLocation: /default-rack, certSerialId: null} reports an CLOSED replica.
2019-10-02 22:42:48,418 [EventQueue-ContainerReportForContainerReportHandler] WARN  container.ContainerReportHandler (AbstractContainerReportHandler.java:updateContainerState(143)) - Container #1 is in OPEN state, but the datanode d1cdb5f4-8e11-4282-86cc-473472291632{ip: 192.168.30.30, host: pr-hdds1737-lts7z-2510321508, networkLocation: /default-rack, certSerialId: null} reports an CLOSED replica.
2019-10-02 22:42:48,461 [EventQueue-ContainerReportForContainerReportHandler] WARN  container.ContainerReportHandler (AbstractContainerReportHandler.java:updateContainerState(143)) - Container #1 is in OPEN state, but the datanode b538cbc7-c460-4ed7-9e56-8cd460542e65{ip: 192.168.30.30, host: pr-hdds1737-lts7z-2510321508, networkLocation: /default-rack, certSerialId: null} reports an CLOSED replica.
2019-10-02 22:42:48,618 [EventQueue-ContainerReportForContainerReportHandler] WARN  container.ContainerReportHandler (AbstractContainerReportHandler.java:updateContainerState(143)) - Container #1 is in OPEN state, but the datanode d1cdb5f4-8e11-4282-86cc-473472291632{ip: 192.168.30.30, host: pr-hdds1737-lts7z-2510321508, networkLocation: /default-rack, certSerialId: null} reports an CLOSED replica.
2019-10-02 22:42:48,650 [BlockDeletingService#2] WARN  background.BlockDeletingService (BlockDeletingService.java:isDeletionAllowed(187)) - Close Container log Index 6 is not replicated across allthe servers in the pipeline ff5c6407-5ef5-4ee5-8232-25216c954b7a as the min replicated index is 4. Deletion is not allowed in this container yet.
2019-10-02 22:42:48,650 [BlockDeletingService#3] WARN  background.BlockDeletingService (BlockDeletingService.java:isDeletionAllowed(187)) - Close Container log Index 6 is not replicated across allthe servers in the pipeline ff5c6407-5ef5-4ee5-8232-25216c954b7a as the min replicated index is 4. Deletion is not allowed in this container yet.
2019-10-02 22:42:48,761 [EventQueue-ContainerReportForContainerReportHandler] WARN  container.ContainerReportHandler (AbstractContainerReportHandler.java:updateContainerState(143)) - Container #1 is in OPEN state, but the datanode b538cbc7-c460-4ed7-9e56-8cd460542e65{ip: 192.168.30.30, host: pr-hdds1737-lts7z-2510321508, networkLocation: /default-rack, certSerialId: null} reports an CLOSED replica.
2019-10-02 22:42:48,819 [EventQueue-ContainerReportForContainerReportHandler] WARN  container.ContainerReportHandler (AbstractContainerReportHandler.java:updateContainerState(143)) - Container #1 is in OPEN state, but the datanode d1cdb5f4-8e11-4282-86cc-473472291632{ip: 192.168.30.30, host: pr-hdds1737-lts7z-2510321508, networkLocation: /default-rack, certSerialId: null} reports an CLOSED replica.
2019-10-02 22:42:48,961 [EventQueue-ContainerReportForContainerReportHandler] WARN  container.ContainerReportHandler (AbstractContainerReportHandler.java:updateContainerState(143)) - Container #1 is in OPEN state, but the datanode b538cbc7-c460-4ed7-9e56-8cd460542e65{ip: 192.168.30.30, host: pr-hdds1737-lts7z-2510321508, networkLocation: /default-rack, certSerialId: null} reports an CLOSED replica.
2019-10-02 22:42:49,119 [EventQueue-ContainerReportForContainerReportHandler] WARN  container.ContainerReportHandler (AbstractContainerReportHandler.java:updateContainerState(143)) - Container #1 is in OPEN state, but the datanode d1cdb5f4-8e11-4282-86cc-473472291632{ip: 192.168.30.30, host: pr-hdds1737-lts7z-2510321508, networkLocation: /default-rack, certSerialId: null} reports an CLOSED replica.
2019-10-02 22:42:49,261 [EventQueue-ContainerReportForContainerReportHandler] WARN  container.ContainerReportHandler (AbstractContainerReportHandler.java:updateContainerState(143)) - Container #1 is in OPEN state, but the datanode b538cbc7-c460-4ed7-9e56-8cd460542e65{ip: 192.168.30.30, host: pr-hdds1737-lts7z-2510321508, networkLocation: /default-rack, certSerialId: null} reports an CLOSED replica.
2019-10-02 22:42:49,460 [EventQueue-ContainerReportForContainerReportHandler] WARN  container.ContainerReportHandler (AbstractContainerReportHandler.java:updateContainerState(143)) - Container #1 is in OPEN state, but the datanode b538cbc7-c460-4ed7-9e56-8cd460542e65{ip: 192.168.30.30, host: pr-hdds1737-lts7z-2510321508, networkLocation: /default-rack, certSerialId: null} reports an CLOSED replica.
2019-10-02 22:42:49,519 [EventQueue-ContainerReportForContainerReportHandler] WARN  container.ContainerReportHandler (AbstractContainerReportHandler.java:updateContainerState(143)) - Container #1 is in OPEN state, but the datanode d1cdb5f4-8e11-4282-86cc-473472291632{ip: 192.168.30.30, host: pr-hdds1737-lts7z-2510321508, networkLocation: /default-rack, certSerialId: null} reports an CLOSED replica.
2019-10-02 22:42:49,635 [grpc-default-executor-1] WARN  server.GrpcLogAppender (LogUtils.java:warn(134)) - d1cdb5f4-8e11-4282-86cc-473472291632@group-25216C954B7A->1b5423a0-36c4-4dcb-9e4d-fbaf1cba6de9-AppendLogResponseHandler: Failed appendEntries: org.apache.ratis.thirdparty.io.grpc.StatusRuntimeException: UNAVAILABLE: io exception
2019-10-02 22:42:49,636 [grpc-default-executor-1] INFO  impl.FollowerInfo (FollowerInfo.java:lambda$new$0(51)) - d1cdb5f4-8e11-4282-86cc-473472291632@group-25216C954B7A->1b5423a0-36c4-4dcb-9e4d-fbaf1cba6de9: nextIndex: updateUnconditionally 0 -> 0
2019-10-02 22:42:49,651 [BlockDeletingService#3] WARN  background.BlockDeletingService (BlockDeletingService.java:isDeletionAllowed(187)) - Close Container log Index 6 is not replicated across allthe servers in the pipeline ff5c6407-5ef5-4ee5-8232-25216c954b7a as the min replicated index is 4. Deletion is not allowed in this container yet.
2019-10-02 22:42:49,651 [BlockDeletingService#2] WARN  background.BlockDeletingService (BlockDeletingService.java:isDeletionAllowed(187)) - Close Container log Index 6 is not replicated across allthe servers in the pipeline ff5c6407-5ef5-4ee5-8232-25216c954b7a as the min replicated index is 4. Deletion is not allowed in this container yet.
2019-10-02 22:42:49,861 [EventQueue-ContainerReportForContainerReportHandler] WARN  container.ContainerReportHandler (AbstractContainerReportHandler.java:updateContainerState(143)) - Container #1 is in OPEN state, but the datanode b538cbc7-c460-4ed7-9e56-8cd460542e65{ip: 192.168.30.30, host: pr-hdds1737-lts7z-2510321508, networkLocation: /default-rack, certSerialId: null} reports an CLOSED replica.
2019-10-02 22:42:49,919 [EventQueue-ContainerReportForContainerReportHandler] WARN  container.ContainerReportHandler (AbstractContainerReportHandler.java:updateContainerState(143)) - Container #1 is in OPEN state, but the datanode d1cdb5f4-8e11-4282-86cc-473472291632{ip: 192.168.30.30, host: pr-hdds1737-lts7z-2510321508, networkLocation: /default-rack, certSerialId: null} reports an CLOSED replica.
2019-10-02 22:42:50,163 [EventQueue-ContainerReportForContainerReportHandler] WARN  container.ContainerReportHandler (AbstractContainerReportHandler.java:updateContainerState(143)) - Container #1 is in OPEN state, but the datanode b538cbc7-c460-4ed7-9e56-8cd460542e65{ip: 192.168.30.30, host: pr-hdds1737-lts7z-2510321508, networkLocation: /default-rack, certSerialId: null} reports an CLOSED replica.
2019-10-02 22:42:50,320 [EventQueue-ContainerReportForContainerReportHandler] WARN  container.ContainerReportHandler (AbstractContainerReportHandler.java:updateContainerState(143)) - Container #1 is in OPEN state, but the datanode d1cdb5f4-8e11-4282-86cc-473472291632{ip: 192.168.30.30, host: pr-hdds1737-lts7z-2510321508, networkLocation: /default-rack, certSerialId: null} reports an CLOSED replica.
2019-10-02 22:42:50,519 [EventQueue-ContainerReportForContainerReportHandler] WARN  container.ContainerReportHandler (AbstractContainerReportHandler.java:updateContainerState(143)) - Container #1 is in OPEN state, but the datanode d1cdb5f4-8e11-4282-86cc-473472291632{ip: 192.168.30.30, host: pr-hdds1737-lts7z-2510321508, networkLocation: /default-rack, certSerialId: null} reports an CLOSED replica.
2019-10-02 22:42:50,562 [EventQueue-ContainerReportForContainerReportHandler] WARN  container.ContainerReportHandler (AbstractContainerReportHandler.java:updateContainerState(143)) - Container #1 is in OPEN state, but the datanode b538cbc7-c460-4ed7-9e56-8cd460542e65{ip: 192.168.30.30, host: pr-hdds1737-lts7z-2510321508, networkLocation: /default-rack, certSerialId: null} reports an CLOSED replica.
2019-10-02 22:42:50,652 [BlockDeletingService#3] WARN  background.BlockDeletingService (BlockDeletingService.java:isDeletionAllowed(187)) - Close Container log Index 6 is not replicated across allthe servers in the pipeline ff5c6407-5ef5-4ee5-8232-25216c954b7a as the min replicated index is 4. Deletion is not allowed in this container yet.
2019-10-02 22:42:50,652 [BlockDeletingService#2] WARN  background.BlockDeletingService (BlockDeletingService.java:isDeletionAllowed(187)) - Close Container log Index 6 is not replicated across allthe servers in the pipeline ff5c6407-5ef5-4ee5-8232-25216c954b7a as the min replicated index is 4. Deletion is not allowed in this container yet.
2019-10-02 22:42:50,920 [EventQueue-ContainerReportForContainerReportHandler] WARN  container.ContainerReportHandler (AbstractContainerReportHandler.java:updateContainerState(143)) - Container #1 is in OPEN state, but the datanode d1cdb5f4-8e11-4282-86cc-473472291632{ip: 192.168.30.30, host: pr-hdds1737-lts7z-2510321508, networkLocation: /default-rack, certSerialId: null} reports an CLOSED replica.
2019-10-02 22:42:50,965 [EventQueue-ContainerReportForContainerReportHandler] WARN  container.ContainerReportHandler (AbstractContainerReportHandler.java:updateContainerState(143)) - Container #1 is in OPEN state, but the datanode b538cbc7-c460-4ed7-9e56-8cd460542e65{ip: 192.168.30.30, host: pr-hdds1737-lts7z-2510321508, networkLocation: /default-rack, certSerialId: null} reports an CLOSED replica.
2019-10-02 22:42:51,264 [EventQueue-ContainerReportForContainerReportHandler] WARN  container.ContainerReportHandler (AbstractContainerReportHandler.java:updateContainerState(143)) - Container #1 is in OPEN state, but the datanode b538cbc7-c460-4ed7-9e56-8cd460542e65{ip: 192.168.30.30, host: pr-hdds1737-lts7z-2510321508, networkLocation: /default-rack, certSerialId: null} reports an CLOSED replica.
2019-10-02 22:42:51,321 [EventQueue-ContainerReportForContainerReportHandler] WARN  container.ContainerReportHandler (AbstractContainerReportHandler.java:updateContainerState(143)) - Container #1 is in OPEN state, but the datanode d1cdb5f4-8e11-4282-86cc-473472291632{ip: 192.168.30.30, host: pr-hdds1737-lts7z-2510321508, networkLocation: /default-rack, certSerialId: null} reports an CLOSED replica.
2019-10-02 22:42:51,522 [EventQueue-ContainerReportForContainerReportHandler] WARN  container.ContainerReportHandler (AbstractContainerReportHandler.java:updateContainerState(143)) - Container #1 is in OPEN state, but the datanode d1cdb5f4-8e11-4282-86cc-473472291632{ip: 192.168.30.30, host: pr-hdds1737-lts7z-2510321508, networkLocation: /default-rack, certSerialId: null} reports an CLOSED replica.
2019-10-02 22:42:51,565 [EventQueue-ContainerReportForContainerReportHandler] WARN  container.ContainerReportHandler (AbstractContainerReportHandler.java:updateContainerState(143)) - Container #1 is in OPEN state, but the datanode b538cbc7-c460-4ed7-9e56-8cd460542e65{ip: 192.168.30.30, host: pr-hdds1737-lts7z-2510321508, networkLocation: /default-rack, certSerialId: null} reports an CLOSED replica.
2019-10-02 22:42:51,654 [BlockDeletingService#3] WARN  background.BlockDeletingService (BlockDeletingService.java:isDeletionAllowed(187)) - Close Container log Index 6 is not replicated across allthe servers in the pipeline ff5c6407-5ef5-4ee5-8232-25216c954b7a as the min replicated index is 4. Deletion is not allowed in this container yet.
2019-10-02 22:42:51,654 [BlockDeletingService#2] WARN  background.BlockDeletingService (BlockDeletingService.java:isDeletionAllowed(187)) - Close Container log Index 6 is not replicated across allthe servers in the pipeline ff5c6407-5ef5-4ee5-8232-25216c954b7a as the min replicated index is 4. Deletion is not allowed in this container yet.
2019-10-02 22:42:51,723 [EventQueue-ContainerReportForContainerReportHandler] WARN  container.ContainerReportHandler (AbstractContainerReportHandler.java:updateContainerState(143)) - Container #1 is in OPEN state, but the datanode d1cdb5f4-8e11-4282-86cc-473472291632{ip: 192.168.30.30, host: pr-hdds1737-lts7z-2510321508, networkLocation: /default-rack, certSerialId: null} reports an CLOSED replica.
2019-10-02 22:42:51,964 [EventQueue-ContainerReportForContainerReportHandler] WARN  container.ContainerReportHandler (AbstractContainerReportHandler.java:updateContainerState(143)) - Container #1 is in OPEN state, but the datanode b538cbc7-c460-4ed7-9e56-8cd460542e65{ip: 192.168.30.30, host: pr-hdds1737-lts7z-2510321508, networkLocation: /default-rack, certSerialId: null} reports an CLOSED replica.
2019-10-02 22:42:52,123 [EventQueue-ContainerReportForContainerReportHandler] WARN  container.ContainerReportHandler (AbstractContainerReportHandler.java:updateContainerState(143)) - Container #1 is in OPEN state, but the datanode d1cdb5f4-8e11-4282-86cc-473472291632{ip: 192.168.30.30, host: pr-hdds1737-lts7z-2510321508, networkLocation: /default-rack, certSerialId: null} reports an CLOSED replica.
2019-10-02 22:42:52,141 [grpc-default-executor-2] WARN  server.GrpcLogAppender (LogUtils.java:warn(134)) - d1cdb5f4-8e11-4282-86cc-473472291632@group-25216C954B7A->1b5423a0-36c4-4dcb-9e4d-fbaf1cba6de9-AppendLogResponseHandler: Failed appendEntries: org.apache.ratis.thirdparty.io.grpc.StatusRuntimeException: UNAVAILABLE: io exception
2019-10-02 22:42:52,149 [grpc-default-executor-2] INFO  impl.FollowerInfo (FollowerInfo.java:lambda$new$0(51)) - d1cdb5f4-8e11-4282-86cc-473472291632@group-25216C954B7A->1b5423a0-36c4-4dcb-9e4d-fbaf1cba6de9: nextIndex: updateUnconditionally 0 -> 0
2019-10-02 22:42:52,265 [EventQueue-ContainerReportForContainerReportHandler] WARN  container.ContainerReportHandler (AbstractContainerReportHandler.java:updateContainerState(143)) - Container #1 is in OPEN state, but the datanode b538cbc7-c460-4ed7-9e56-8cd460542e65{ip: 192.168.30.30, host: pr-hdds1737-lts7z-2510321508, networkLocation: /default-rack, certSerialId: null} reports an CLOSED replica.
2019-10-02 22:42:52,423 [EventQueue-ContainerReportForContainerReportHandler] WARN  container.ContainerReportHandler (AbstractContainerReportHandler.java:updateContainerState(143)) - Container #1 is in OPEN state, but the datanode d1cdb5f4-8e11-4282-86cc-473472291632{ip: 192.168.30.30, host: pr-hdds1737-lts7z-2510321508, networkLocation: /default-rack, certSerialId: null} reports an CLOSED replica.
2019-10-02 22:42:52,655 [BlockDeletingService#3] WARN  background.BlockDeletingService (BlockDeletingService.java:isDeletionAllowed(187)) - Close Container log Index 6 is not replicated across allthe servers in the pipeline ff5c6407-5ef5-4ee5-8232-25216c954b7a as the min replicated index is 4. Deletion is not allowed in this container yet.
2019-10-02 22:42:52,655 [BlockDeletingService#2] WARN  background.BlockDeletingService (BlockDeletingService.java:isDeletionAllowed(187)) - Close Container log Index 6 is not replicated across allthe servers in the pipeline ff5c6407-5ef5-4ee5-8232-25216c954b7a as the min replicated index is 4. Deletion is not allowed in this container yet.
2019-10-02 22:42:52,665 [EventQueue-ContainerReportForContainerReportHandler] WARN  container.ContainerReportHandler (AbstractContainerReportHandler.java:updateContainerState(143)) - Container #1 is in OPEN state, but the datanode b538cbc7-c460-4ed7-9e56-8cd460542e65{ip: 192.168.30.30, host: pr-hdds1737-lts7z-2510321508, networkLocation: /default-rack, certSerialId: null} reports an CLOSED replica.
2019-10-02 22:42:52,723 [EventQueue-ContainerReportForContainerReportHandler] WARN  container.ContainerReportHandler (AbstractContainerReportHandler.java:updateContainerState(143)) - Container #1 is in OPEN state, but the datanode d1cdb5f4-8e11-4282-86cc-473472291632{ip: 192.168.30.30, host: pr-hdds1737-lts7z-2510321508, networkLocation: /default-rack, certSerialId: null} reports an CLOSED replica.
2019-10-02 22:42:52,866 [EventQueue-ContainerReportForContainerReportHandler] WARN  container.ContainerReportHandler (AbstractContainerReportHandler.java:updateContainerState(143)) - Container #1 is in OPEN state, but the datanode b538cbc7-c460-4ed7-9e56-8cd460542e65{ip: 192.168.30.30, host: pr-hdds1737-lts7z-2510321508, networkLocation: /default-rack, certSerialId: null} reports an CLOSED replica.
2019-10-02 22:42:53,023 [EventQueue-ContainerReportForContainerReportHandler] WARN  container.ContainerReportHandler (AbstractContainerReportHandler.java:updateContainerState(143)) - Container #1 is in OPEN state, but the datanode d1cdb5f4-8e11-4282-86cc-473472291632{ip: 192.168.30.30, host: pr-hdds1737-lts7z-2510321508, networkLocation: /default-rack, certSerialId: null} reports an CLOSED replica.
2019-10-02 22:42:53,166 [EventQueue-ContainerReportForContainerReportHandler] WARN  container.ContainerReportHandler (AbstractContainerReportHandler.java:updateContainerState(143)) - Container #1 is in OPEN state, but the datanode b538cbc7-c460-4ed7-9e56-8cd460542e65{ip: 192.168.30.30, host: pr-hdds1737-lts7z-2510321508, networkLocation: /default-rack, certSerialId: null} reports an CLOSED replica.
2019-10-02 22:42:53,323 [EventQueue-ContainerReportForContainerReportHandler] WARN  container.ContainerReportHandler (AbstractContainerReportHandler.java:updateContainerState(143)) - Container #1 is in OPEN state, but the datanode d1cdb5f4-8e11-4282-86cc-473472291632{ip: 192.168.30.30, host: pr-hdds1737-lts7z-2510321508, networkLocation: /default-rack, certSerialId: null} reports an CLOSED replica.
2019-10-02 22:42:53,466 [EventQueue-ContainerReportForContainerReportHandler] WARN  container.ContainerReportHandler (AbstractContainerReportHandler.java:updateContainerState(143)) - Container #1 is in OPEN state, but the datanode b538cbc7-c460-4ed7-9e56-8cd460542e65{ip: 192.168.30.30, host: pr-hdds1737-lts7z-2510321508, networkLocation: /default-rack, certSerialId: null} reports an CLOSED replica.
2019-10-02 22:42:53,622 [EventQueue-ContainerReportForContainerReportHandler] WARN  container.ContainerReportHandler (AbstractContainerReportHandler.java:updateContainerState(143)) - Container #1 is in OPEN state, but the datanode d1cdb5f4-8e11-4282-86cc-473472291632{ip: 192.168.30.30, host: pr-hdds1737-lts7z-2510321508, networkLocation: /default-rack, certSerialId: null} reports an CLOSED replica.
2019-10-02 22:42:53,656 [BlockDeletingService#3] WARN  background.BlockDeletingService (BlockDeletingService.java:isDeletionAllowed(187)) - Close Container log Index 6 is not replicated across allthe servers in the pipeline ff5c6407-5ef5-4ee5-8232-25216c954b7a as the min replicated index is 4. Deletion is not allowed in this container yet.
2019-10-02 22:42:53,656 [BlockDeletingService#2] WARN  background.BlockDeletingService (BlockDeletingService.java:isDeletionAllowed(187)) - Close Container log Index 6 is not replicated across allthe servers in the pipeline ff5c6407-5ef5-4ee5-8232-25216c954b7a as the min replicated index is 4. Deletion is not allowed in this container yet.
2019-10-02 22:42:53,666 [EventQueue-ContainerReportForContainerReportHandler] WARN  container.ContainerReportHandler (AbstractContainerReportHandler.java:updateContainerState(143)) - Container #1 is in OPEN state, but the datanode b538cbc7-c460-4ed7-9e56-8cd460542e65{ip: 192.168.30.30, host: pr-hdds1737-lts7z-2510321508, networkLocation: /default-rack, certSerialId: null} reports an CLOSED replica.
2019-10-02 22:42:53,923 [EventQueue-ContainerReportForContainerReportHandler] WARN  container.ContainerReportHandler (AbstractContainerReportHandler.java:updateContainerState(143)) - Container #1 is in OPEN state, but the datanode d1cdb5f4-8e11-4282-86cc-473472291632{ip: 192.168.30.30, host: pr-hdds1737-lts7z-2510321508, networkLocation: /default-rack, certSerialId: null} reports an CLOSED replica.
2019-10-02 22:42:54,066 [EventQueue-ContainerReportForContainerReportHandler] WARN  container.ContainerReportHandler (AbstractContainerReportHandler.java:updateContainerState(143)) - Container #1 is in OPEN state, but the datanode b538cbc7-c460-4ed7-9e56-8cd460542e65{ip: 192.168.30.30, host: pr-hdds1737-lts7z-2510321508, networkLocation: /default-rack, certSerialId: null} reports an CLOSED replica.
2019-10-02 22:42:54,223 [EventQueue-ContainerReportForContainerReportHandler] WARN  container.ContainerReportHandler (AbstractContainerReportHandler.java:updateContainerState(143)) - Container #1 is in OPEN state, but the datanode d1cdb5f4-8e11-4282-86cc-473472291632{ip: 192.168.30.30, host: pr-hdds1737-lts7z-2510321508, networkLocation: /default-rack, certSerialId: null} reports an CLOSED replica.
2019-10-02 22:42:54,257 [EventQueue-StaleNodeForStaleNodeHandler] INFO  node.StaleNodeHandler (StaleNodeHandler.java:onMessage(58)) - Datanode 1b5423a0-36c4-4dcb-9e4d-fbaf1cba6de9{ip: 192.168.30.30, host: pr-hdds1737-lts7z-2510321508, networkLocation: /default-rack, certSerialId: null} moved to stale state. Finalizing its pipelines [PipelineID=07805252-3d5c-40ae-8dde-67bd0d272554, PipelineID=ff5c6407-5ef5-4ee5-8232-25216c954b7a]
2019-10-02 22:42:54,258 [EventQueue-StaleNodeForStaleNodeHandler] INFO  pipeline.SCMPipelineManager (SCMPipelineManager.java:finalizeAndDestroyPipeline(315)) - destroying pipeline:Pipeline[ Id: 07805252-3d5c-40ae-8dde-67bd0d272554, Nodes: 1b5423a0-36c4-4dcb-9e4d-fbaf1cba6de9{ip: 192.168.30.30, host: pr-hdds1737-lts7z-2510321508, networkLocation: /default-rack, certSerialId: null}, Type:RATIS, Factor:ONE, State:OPEN]
2019-10-02 22:42:54,260 [EventQueue-StaleNodeForStaleNodeHandler] INFO  pipeline.PipelineStateManager (PipelineStateManager.java:finalizePipeline(123)) - Pipeline Pipeline[ Id: 07805252-3d5c-40ae-8dde-67bd0d272554, Nodes: 1b5423a0-36c4-4dcb-9e4d-fbaf1cba6de9{ip: 192.168.30.30, host: pr-hdds1737-lts7z-2510321508, networkLocation: /default-rack, certSerialId: null}, Type:RATIS, Factor:ONE, State:CLOSED] moved to CLOSED state
2019-10-02 22:42:54,261 [EventQueue-StaleNodeForStaleNodeHandler] INFO  pipeline.SCMPipelineManager (SCMPipelineManager.java:finalizeAndDestroyPipeline(315)) - destroying pipeline:Pipeline[ Id: ff5c6407-5ef5-4ee5-8232-25216c954b7a, Nodes: d1cdb5f4-8e11-4282-86cc-473472291632{ip: 192.168.30.30, host: pr-hdds1737-lts7z-2510321508, networkLocation: /default-rack, certSerialId: null}1b5423a0-36c4-4dcb-9e4d-fbaf1cba6de9{ip: 192.168.30.30, host: pr-hdds1737-lts7z-2510321508, networkLocation: /default-rack, certSerialId: null}b538cbc7-c460-4ed7-9e56-8cd460542e65{ip: 192.168.30.30, host: pr-hdds1737-lts7z-2510321508, networkLocation: /default-rack, certSerialId: null}, Type:RATIS, Factor:THREE, State:OPEN]
2019-10-02 22:42:54,262 [EventQueue-StaleNodeForStaleNodeHandler] INFO  pipeline.PipelineStateManager (PipelineStateManager.java:finalizePipeline(123)) - Pipeline Pipeline[ Id: ff5c6407-5ef5-4ee5-8232-25216c954b7a, Nodes: d1cdb5f4-8e11-4282-86cc-473472291632{ip: 192.168.30.30, host: pr-hdds1737-lts7z-2510321508, networkLocation: /default-rack, certSerialId: null}1b5423a0-36c4-4dcb-9e4d-fbaf1cba6de9{ip: 192.168.30.30, host: pr-hdds1737-lts7z-2510321508, networkLocation: /default-rack, certSerialId: null}b538cbc7-c460-4ed7-9e56-8cd460542e65{ip: 192.168.30.30, host: pr-hdds1737-lts7z-2510321508, networkLocation: /default-rack, certSerialId: null}, Type:RATIS, Factor:THREE, State:CLOSED] moved to CLOSED state
2019-10-02 22:42:54,262 [EventQueue-CloseContainerForCloseContainerEventHandler] INFO  container.CloseContainerEventHandler (CloseContainerEventHandler.java:onMessage(61)) - Close container Event triggered for container : #1
2019-10-02 22:42:54,266 [EventQueue-ContainerReportForContainerReportHandler] INFO  container.ContainerReportHandler (AbstractContainerReportHandler.java:updateContainerState(176)) - Moving container #1 to CLOSED state, datanode b538cbc7-c460-4ed7-9e56-8cd460542e65{ip: 192.168.30.30, host: pr-hdds1737-lts7z-2510321508, networkLocation: /default-rack, certSerialId: null} reported CLOSED replica.
2019-10-02 22:42:54,573 [SCMBlockDeletingService#0] INFO  block.SCMBlockDeletingService (SCMBlockDeletingService.java:call(182)) - Totally added 3 delete blocks command for 3 datanodes, task elapsed time: 5ms
2019-10-02 22:42:54,643 [grpc-default-executor-3] WARN  server.GrpcLogAppender (LogUtils.java:warn(134)) - d1cdb5f4-8e11-4282-86cc-473472291632@group-25216C954B7A->1b5423a0-36c4-4dcb-9e4d-fbaf1cba6de9-AppendLogResponseHandler: Failed appendEntries: org.apache.ratis.thirdparty.io.grpc.StatusRuntimeException: UNAVAILABLE: io exception
2019-10-02 22:42:54,644 [grpc-default-executor-3] INFO  impl.FollowerInfo (FollowerInfo.java:lambda$new$0(51)) - d1cdb5f4-8e11-4282-86cc-473472291632@group-25216C954B7A->1b5423a0-36c4-4dcb-9e4d-fbaf1cba6de9: nextIndex: updateUnconditionally 0 -> 0
2019-10-02 22:42:54,657 [BlockDeletingService#2] WARN  background.BlockDeletingService (BlockDeletingService.java:isDeletionAllowed(187)) - Close Container log Index 6 is not replicated across allthe servers in the pipeline ff5c6407-5ef5-4ee5-8232-25216c954b7a as the min replicated index is 4. Deletion is not allowed in this container yet.
2019-10-02 22:42:54,657 [BlockDeletingService#3] WARN  background.BlockDeletingService (BlockDeletingService.java:isDeletionAllowed(187)) - Close Container log Index 6 is not replicated across allthe servers in the pipeline ff5c6407-5ef5-4ee5-8232-25216c954b7a as the min replicated index is 4. Deletion is not allowed in this container yet.
2019-10-02 22:42:54,867 [EventQueue-PendingDeleteStatusForPendingDeleteHandler] INFO  block.SCMBlockDeletingService (SCMBlockDeletingService.java:handlePendingDeletes(115)) - Block deletion txnID mismatch in datanode b538cbc7-c460-4ed7-9e56-8cd460542e65 for containerID 1. Datanode delete txnID: 0, SCM txnID: 1
2019-10-02 22:42:54,868 [Command processor thread] INFO  commandhandler.DeleteBlocksCommandHandler (DeleteBlocksCommandHandler.java:handle(106)) - Start to delete container blocks, TXIDs=[1(0)], numOfContainers=1, numOfBlocks=1
2019-10-02 22:42:54,924 [EventQueue-PendingDeleteStatusForPendingDeleteHandler] INFO  block.SCMBlockDeletingService (SCMBlockDeletingService.java:handlePendingDeletes(115)) - Block deletion txnID mismatch in datanode d1cdb5f4-8e11-4282-86cc-473472291632 for containerID 1. Datanode delete txnID: 0, SCM txnID: 1
2019-10-02 22:42:55,123 [Command processor thread] INFO  commandhandler.DeleteBlocksCommandHandler (DeleteBlocksCommandHandler.java:handle(106)) - Start to delete container blocks, TXIDs=[1(0)], numOfContainers=1, numOfBlocks=1
2019-10-02 22:42:55,126 [EventQueue-PendingDeleteStatusForPendingDeleteHandler] INFO  block.SCMBlockDeletingService (SCMBlockDeletingService.java:handlePendingDeletes(115)) - Block deletion txnID mismatch in datanode d1cdb5f4-8e11-4282-86cc-473472291632 for containerID 1. Datanode delete txnID: 0, SCM txnID: 1
]]></system-out>
    <system-err><![CDATA[ERROR StatusLogger No Log4j 2 configuration file found. Using default configuration (logging only errors to the console), or user programmatically provided configurations. Set system property 'log4j2.debug' to show Log4j 2 internal initialization logging. See https://logging.apache.org/log4j/2.x/manual/configuration.html for instructions on how to configure Log4j 2
Oct 02, 2019 10:41:19 PM org.apache.ratis.thirdparty.io.grpc.internal.SerializingExecutor run
SEVERE: Exception while executing runnable org.apache.ratis.thirdparty.io.grpc.internal.ServerImpl$JumpToApplicationThreadServerStreamListener$1Closed@f218f0c
org.apache.ratis.thirdparty.io.grpc.StatusRuntimeException: CANCELLED: call already cancelled
	at org.apache.ratis.thirdparty.io.grpc.Status.asRuntimeException(Status.java:517)
	at org.apache.ratis.thirdparty.io.grpc.stub.ServerCalls$ServerCallStreamObserverImpl.onCompleted(ServerCalls.java:356)
	at org.apache.ratis.grpc.server.GrpcServerProtocolService$ServerRequestStreamObserver.onError(GrpcServerProtocolService.java:121)
	at org.apache.ratis.thirdparty.io.grpc.stub.ServerCalls$StreamingServerCallHandler$StreamingServerCallListener.onCancel(ServerCalls.java:269)
	at org.apache.ratis.thirdparty.io.grpc.internal.ServerCallImpl$ServerStreamListenerImpl.closed(ServerCallImpl.java:293)
	at org.apache.ratis.thirdparty.io.grpc.internal.ServerImpl$JumpToApplicationThreadServerStreamListener$1Closed.runInContext(ServerImpl.java:741)
	at org.apache.ratis.thirdparty.io.grpc.internal.ContextRunnable.run(ContextRunnable.java:37)
	at org.apache.ratis.thirdparty.io.grpc.internal.SerializingExecutor.run(SerializingExecutor.java:123)
	at java.util.concurrent.ThreadPoolExecutor.runWorker(ThreadPoolExecutor.java:1149)
	at java.util.concurrent.ThreadPoolExecutor$Worker.run(ThreadPoolExecutor.java:624)
	at java.lang.Thread.run(Thread.java:748)

]]></system-err>
  </testcase>
</testsuite>