<?xml version="1.0" encoding="UTF-8"?>
<testsuite xmlns:xsi="http://www.w3.org/2001/XMLSchema-instance" xsi:noNamespaceSchemaLocation="https://maven.apache.org/surefire/maven-surefire-plugin/xsd/surefire-test-report.xsd" name="org.apache.hadoop.ozone.client.rpc.TestWatchForCommit" time="246.605" tests="5" errors="1" skipped="0" failures="0">
  <properties>
    <property name="awt.toolkit" value="sun.awt.X11.XToolkit"/>
    <property name="file.encoding.pkg" value="sun.io"/>
    <property name="java.specification.version" value="1.8"/>
    <property name="sun.cpu.isalist" value=""/>
    <property name="sun.jnu.encoding" value="UTF-8"/>
    <property name="java.class.path" value="/workdir/hadoop-ozone/integration-test/target/test-classes:/workdir/hadoop-ozone/integration-test/target/classes:/home/user/.m2/repository/org/apache/hadoop/hadoop-ozone-common/0.5.0-SNAPSHOT/hadoop-ozone-common-0.5.0-SNAPSHOT.jar:/home/user/.m2/repository/org/apache/commons/commons-compress/1.4.1/commons-compress-1.4.1.jar:/home/user/.m2/repository/org/tukaani/xz/1.0/xz-1.0.jar:/home/user/.m2/repository/org/apache/hadoop/hadoop-common/3.2.0/hadoop-common-3.2.0.jar:/home/user/.m2/repository/org/apache/hadoop/hadoop-hdfs/3.2.0/hadoop-hdfs-3.2.0.jar:/home/user/.m2/repository/org/apache/hadoop/hadoop-hdfs-client/3.2.0/hadoop-hdfs-client-3.2.0.jar:/home/user/.m2/repository/com/fasterxml/jackson/core/jackson-annotations/2.9.9/jackson-annotations-2.9.9.jar:/home/user/.m2/repository/org/apache/hadoop/hadoop-hdds-common/0.5.0-SNAPSHOT/hadoop-hdds-common-0.5.0-SNAPSHOT.jar:/home/user/.m2/repository/javax/annotation/javax.annotation-api/1.2/javax.annotation-api-1.2.jar:/home/user/.m2/repository/org/apache/ratis/ratis-server/0.5.0-201fc85-SNAPSHOT/ratis-server-0.5.0-201fc85-SNAPSHOT.jar:/home/user/.m2/repository/org/apache/ratis/ratis-thirdparty-misc/0.2.0/ratis-thirdparty-misc-0.2.0.jar:/home/user/.m2/repository/org/apache/ratis/ratis-proto/0.5.0-201fc85-SNAPSHOT/ratis-proto-0.5.0-201fc85-SNAPSHOT.jar:/home/user/.m2/repository/org/apache/ratis/ratis-common/0.5.0-201fc85-SNAPSHOT/ratis-common-0.5.0-201fc85-SNAPSHOT.jar:/home/user/.m2/repository/org/apache/ratis/ratis-client/0.5.0-201fc85-SNAPSHOT/ratis-client-0.5.0-201fc85-SNAPSHOT.jar:/home/user/.m2/repository/org/apache/ratis/ratis-metrics/0.5.0-201fc85-SNAPSHOT/ratis-metrics-0.5.0-201fc85-SNAPSHOT.jar:/home/user/.m2/repository/com/github/joshelser/dropwizard-metrics-hadoop-metrics2-reporter/0.1.2/dropwizard-metrics-hadoop-metrics2-reporter-0.1.2.jar:/home/user/.m2/repository/io/dropwizard/metrics/metrics-jvm/3.2.5/metrics-jvm-3.2.5.jar:/home/user/.m2/repository/io/dropwizard/metrics/metrics-ganglia/3.2.5/metrics-ganglia-3.2.5.jar:/home/user/.m2/repository/info/ganglia/gmetric4j/gmetric4j/1.0.7/gmetric4j-1.0.7.jar:/home/user/.m2/repository/org/apache/ratis/ratis-netty/0.5.0-201fc85-SNAPSHOT/ratis-netty-0.5.0-201fc85-SNAPSHOT.jar:/home/user/.m2/repository/org/apache/ratis/ratis-grpc/0.5.0-201fc85-SNAPSHOT/ratis-grpc-0.5.0-201fc85-SNAPSHOT.jar:/home/user/.m2/repository/org/rocksdb/rocksdbjni/6.0.1/rocksdbjni-6.0.1.jar:/home/user/.m2/repository/org/apache/logging/log4j/log4j-api/2.11.0/log4j-api-2.11.0.jar:/home/user/.m2/repository/org/apache/logging/log4j/log4j-core/2.11.0/log4j-core-2.11.0.jar:/home/user/.m2/repository/com/lmax/disruptor/3.4.2/disruptor-3.4.2.jar:/home/user/.m2/repository/org/apache/commons/commons-pool2/2.6.0/commons-pool2-2.6.0.jar:/home/user/.m2/repository/org/bouncycastle/bcpkix-jdk15on/1.60/bcpkix-jdk15on-1.60.jar:/home/user/.m2/repository/commons-validator/commons-validator/1.6/commons-validator-1.6.jar:/home/user/.m2/repository/commons-digester/commons-digester/1.8.1/commons-digester-1.8.1.jar:/home/user/.m2/repository/io/jaegertracing/jaeger-client/0.34.0/jaeger-client-0.34.0.jar:/home/user/.m2/repository/io/jaegertracing/jaeger-thrift/0.34.0/jaeger-thrift-0.34.0.jar:/home/user/.m2/repository/org/apache/thrift/libthrift/0.12.0/libthrift-0.12.0.jar:/home/user/.m2/repository/com/squareup/okhttp3/okhttp/3.9.0/okhttp-3.9.0.jar:/home/user/.m2/repository/com/squareup/okio/okio/1.13.0/okio-1.13.0.jar:/home/user/.m2/repository/io/jaegertracing/jaeger-core/0.34.0/jaeger-core-0.34.0.jar:/home/user/.m2/repository/io/jaegertracing/jaeger-tracerresolver/0.34.0/jaeger-tracerresolver-0.34.0.jar:/home/user/.m2/repository/io/opentracing/contrib/opentracing-tracerresolver/0.1.5/opentracing-tracerresolver-0.1.5.jar:/home/user/.m2/repository/io/opentracing/opentracing-util/0.31.0/opentracing-util-0.31.0.jar:/home/user/.m2/repository/io/opentracing/opentracing-api/0.31.0/opentracing-api-0.31.0.jar:/home/user/.m2/repository/io/opentracing/opentracing-noop/0.31.0/opentracing-noop-0.31.0.jar:/home/user/.m2/repository/org/apache/hadoop/hadoop-hdds-server-framework/0.5.0-SNAPSHOT/hadoop-hdds-server-framework-0.5.0-SNAPSHOT.jar:/home/user/.m2/repository/org/apache/hadoop/hadoop-hdds-container-service/0.5.0-SNAPSHOT/hadoop-hdds-container-service-0.5.0-SNAPSHOT.jar:/home/user/.m2/repository/org/apache/hadoop/hadoop-hdds-client/0.5.0-SNAPSHOT/hadoop-hdds-client-0.5.0-SNAPSHOT.jar:/home/user/.m2/repository/org/apache/hadoop/hadoop-hdds-tools/0.5.0-SNAPSHOT/hadoop-hdds-tools-0.5.0-SNAPSHOT.jar:/home/user/.m2/repository/org/apache/hadoop/hadoop-hdds-server-scm/0.5.0-SNAPSHOT/hadoop-hdds-server-scm-0.5.0-SNAPSHOT.jar:/home/user/.m2/repository/org/apache/hadoop/hadoop-hdds-docs/0.5.0-SNAPSHOT/hadoop-hdds-docs-0.5.0-SNAPSHOT.jar:/home/user/.m2/repository/io/dropwizard/metrics/metrics-core/3.2.4/metrics-core-3.2.4.jar:/home/user/.m2/repository/org/hamcrest/hamcrest-all/1.3/hamcrest-all-1.3.jar:/home/user/.m2/repository/org/bouncycastle/bcprov-jdk15on/1.60/bcprov-jdk15on-1.60.jar:/home/user/.m2/repository/info/picocli/picocli/3.9.6/picocli-3.9.6.jar:/home/user/.m2/repository/com/google/protobuf/protobuf-java/2.5.0/protobuf-java-2.5.0.jar:/home/user/.m2/repository/com/google/guava/guava/11.0.2/guava-11.0.2.jar:/home/user/.m2/repository/org/apache/hadoop/hadoop-ozone-ozone-manager/0.5.0-SNAPSHOT/hadoop-ozone-ozone-manager-0.5.0-SNAPSHOT.jar:/home/user/.m2/repository/org/apache/hadoop/hadoop-minikdc/3.2.0/hadoop-minikdc-3.2.0.jar:/home/user/.m2/repository/commons-io/commons-io/2.5/commons-io-2.5.jar:/home/user/.m2/repository/org/apache/kerby/kerb-simplekdc/1.0.1/kerb-simplekdc-1.0.1.jar:/home/user/.m2/repository/org/apache/kerby/kerb-client/1.0.1/kerb-client-1.0.1.jar:/home/user/.m2/repository/org/apache/kerby/kerby-config/1.0.1/kerby-config-1.0.1.jar:/home/user/.m2/repository/org/apache/kerby/kerb-core/1.0.1/kerb-core-1.0.1.jar:/home/user/.m2/repository/org/apache/kerby/kerby-pkix/1.0.1/kerby-pkix-1.0.1.jar:/home/user/.m2/repository/org/apache/kerby/kerby-asn1/1.0.1/kerby-asn1-1.0.1.jar:/home/user/.m2/repository/org/apache/kerby/kerby-util/1.0.1/kerby-util-1.0.1.jar:/home/user/.m2/repository/org/apache/kerby/kerb-common/1.0.1/kerb-common-1.0.1.jar:/home/user/.m2/repository/org/apache/kerby/kerb-crypto/1.0.1/kerb-crypto-1.0.1.jar:/home/user/.m2/repository/org/apache/kerby/kerb-util/1.0.1/kerb-util-1.0.1.jar:/home/user/.m2/repository/org/apache/kerby/token-provider/1.0.1/token-provider-1.0.1.jar:/home/user/.m2/repository/org/apache/kerby/kerb-admin/1.0.1/kerb-admin-1.0.1.jar:/home/user/.m2/repository/org/apache/kerby/kerb-server/1.0.1/kerb-server-1.0.1.jar:/home/user/.m2/repository/org/apache/kerby/kerb-identity/1.0.1/kerb-identity-1.0.1.jar:/home/user/.m2/repository/org/apache/kerby/kerby-xdr/1.0.1/kerby-xdr-1.0.1.jar:/home/user/.m2/repository/org/slf4j/slf4j-log4j12/1.7.25/slf4j-log4j12-1.7.25.jar:/home/user/.m2/repository/org/apache/hadoop/hadoop-ozone-s3gateway/0.5.0-SNAPSHOT/hadoop-ozone-s3gateway-0.5.0-SNAPSHOT.jar:/home/user/.m2/repository/org/jboss/weld/servlet/weld-servlet/2.4.7.Final/weld-servlet-2.4.7.Final.jar:/home/user/.m2/repository/org/glassfish/jersey/containers/jersey-container-servlet-core/2.27/jersey-container-servlet-core-2.27.jar:/home/user/.m2/repository/org/glassfish/hk2/external/javax.inject/2.5.0-b42/javax.inject-2.5.0-b42.jar:/home/user/.m2/repository/org/glassfish/jersey/core/jersey-common/2.27/jersey-common-2.27.jar:/home/user/.m2/repository/org/glassfish/hk2/osgi-resource-locator/1.0.1/osgi-resource-locator-1.0.1.jar:/home/user/.m2/repository/javax/ws/rs/javax.ws.rs-api/2.1/javax.ws.rs-api-2.1.jar:/home/user/.m2/repository/org/glassfish/jersey/ext/cdi/jersey-cdi1x/2.27/jersey-cdi1x-2.27.jar:/home/user/.m2/repository/org/glassfish/jersey/inject/jersey-hk2/2.27/jersey-hk2-2.27.jar:/home/user/.m2/repository/org/glassfish/hk2/hk2-locator/2.5.0-b42/hk2-locator-2.5.0-b42.jar:/home/user/.m2/repository/org/javassist/javassist/3.22.0-CR2/javassist-3.22.0-CR2.jar:/home/user/.m2/repository/org/glassfish/hk2/hk2-api/2.5.0/hk2-api-2.5.0.jar:/home/user/.m2/repository/org/glassfish/hk2/external/jakarta.inject/2.5.0/jakarta.inject-2.5.0.jar:/home/user/.m2/repository/org/glassfish/hk2/hk2-utils/2.5.0/hk2-utils-2.5.0.jar:/home/user/.m2/repository/jakarta/annotation/jakarta.annotation-api/1.3.4/jakarta.annotation-api-1.3.4.jar:/home/user/.m2/repository/org/glassfish/hk2/external/aopalliance-repackaged/2.5.0/aopalliance-repackaged-2.5.0.jar:/home/user/.m2/repository/com/fasterxml/jackson/dataformat/jackson-dataformat-xml/2.9.0/jackson-dataformat-xml-2.9.0.jar:/home/user/.m2/repository/com/fasterxml/jackson/core/jackson-core/2.9.9/jackson-core-2.9.9.jar:/home/user/.m2/repository/com/fasterxml/jackson/module/jackson-module-jaxb-annotations/2.9.9/jackson-module-jaxb-annotations-2.9.9.jar:/home/user/.m2/repository/javax/enterprise/cdi-api/1.2/cdi-api-1.2.jar:/home/user/.m2/repository/javax/el/javax.el-api/3.0.0/javax.el-api-3.0.0.jar:/home/user/.m2/repository/javax/interceptor/javax.interceptor-api/1.2/javax.interceptor-api-1.2.jar:/home/user/.m2/repository/javax/inject/javax.inject/1/javax.inject-1.jar:/home/user/.m2/repository/com/sun/xml/bind/jaxb-impl/2.3.0.1/jaxb-impl-2.3.0.1.jar:/home/user/.m2/repository/com/sun/xml/bind/jaxb-core/2.3.0.1/jaxb-core-2.3.0.1.jar:/home/user/.m2/repository/javax/xml/bind/jaxb-api/2.3.0/jaxb-api-2.3.0.jar:/home/user/.m2/repository/javax/activation/activation/1.1.1/activation-1.1.1.jar:/home/user/.m2/repository/org/apache/hadoop/hadoop-ozone-csi/0.5.0-SNAPSHOT/hadoop-ozone-csi-0.5.0-SNAPSHOT.jar:/home/user/.m2/repository/com/google/protobuf/protobuf-java-util/3.5.1/protobuf-java-util-3.5.1.jar:/home/user/.m2/repository/org/apache/hadoop/hadoop-hdds-config/0.5.0-SNAPSHOT/hadoop-hdds-config-0.5.0-SNAPSHOT.jar:/home/user/.m2/repository/io/grpc/grpc-netty/1.17.1/grpc-netty-1.17.1.jar:/home/user/.m2/repository/io/grpc/grpc-core/1.17.1/grpc-core-1.17.1.jar:/home/user/.m2/repository/io/grpc/grpc-context/1.17.1/grpc-context-1.17.1.jar:/home/user/.m2/repository/com/google/errorprone/error_prone_annotations/2.2.0/error_prone_annotations-2.2.0.jar:/home/user/.m2/repository/org/codehaus/mojo/animal-sniffer-annotations/1.17/animal-sniffer-annotations-1.17.jar:/home/user/.m2/repository/io/opencensus/opencensus-api/0.17.0/opencensus-api-0.17.0.jar:/home/user/.m2/repository/io/opencensus/opencensus-contrib-grpc-metrics/0.17.0/opencensus-contrib-grpc-metrics-0.17.0.jar:/home/user/.m2/repository/io/netty/netty-codec-http2/4.1.30.Final/netty-codec-http2-4.1.30.Final.jar:/home/user/.m2/repository/io/netty/netty-codec-http/4.1.30.Final/netty-codec-http-4.1.30.Final.jar:/home/user/.m2/repository/io/netty/netty-codec/4.1.30.Final/netty-codec-4.1.30.Final.jar:/home/user/.m2/repository/io/netty/netty-handler/4.1.30.Final/netty-handler-4.1.30.Final.jar:/home/user/.m2/repository/io/netty/netty-handler-proxy/4.1.30.Final/netty-handler-proxy-4.1.30.Final.jar:/home/user/.m2/repository/io/netty/netty-codec-socks/4.1.30.Final/netty-codec-socks-4.1.30.Final.jar:/home/user/.m2/repository/io/netty/netty-transport-native-epoll/4.1.30.Final/netty-transport-native-epoll-4.1.30.Final.jar:/home/user/.m2/repository/io/netty/netty-common/4.1.30.Final/netty-common-4.1.30.Final.jar:/home/user/.m2/repository/io/netty/netty-buffer/4.1.30.Final/netty-buffer-4.1.30.Final.jar:/home/user/.m2/repository/io/netty/netty-transport/4.1.30.Final/netty-transport-4.1.30.Final.jar:/home/user/.m2/repository/io/netty/netty-resolver/4.1.30.Final/netty-resolver-4.1.30.Final.jar:/home/user/.m2/repository/io/netty/netty-transport-native-unix-common/4.1.30.Final/netty-transport-native-unix-common-4.1.30.Final.jar:/home/user/.m2/repository/io/grpc/grpc-protobuf/1.17.1/grpc-protobuf-1.17.1.jar:/home/user/.m2/repository/com/google/api/grpc/proto-google-common-protos/1.0.0/proto-google-common-protos-1.0.0.jar:/home/user/.m2/repository/io/grpc/grpc-protobuf-lite/1.17.1/grpc-protobuf-lite-1.17.1.jar:/home/user/.m2/repository/io/grpc/grpc-stub/1.17.1/grpc-stub-1.17.1.jar:/home/user/.m2/repository/org/apache/hadoop/hadoop-ozone-recon/0.5.0-SNAPSHOT/hadoop-ozone-recon-0.5.0-SNAPSHOT.jar:/home/user/.m2/repository/org/apache/hadoop/hadoop-ozone-reconcodegen/0.5.0-SNAPSHOT/hadoop-ozone-reconcodegen-0.5.0-SNAPSHOT.jar:/home/user/.m2/repository/com/google/inject/extensions/guice-multibindings/4.0/guice-multibindings-4.0.jar:/home/user/.m2/repository/com/google/inject/guice/4.0/guice-4.0.jar:/home/user/.m2/repository/aopalliance/aopalliance/1.0/aopalliance-1.0.jar:/home/user/.m2/repository/com/google/inject/extensions/guice-servlet/4.0/guice-servlet-4.0.jar:/home/user/.m2/repository/org/glassfish/jersey/containers/jersey-container-servlet/2.27/jersey-container-servlet-2.27.jar:/home/user/.m2/repository/org/glassfish/hk2/guice-bridge/2.5.0/guice-bridge-2.5.0.jar:/home/user/.m2/repository/org/glassfish/jersey/core/jersey-server/2.27/jersey-server-2.27.jar:/home/user/.m2/repository/org/glassfish/jersey/core/jersey-client/2.27/jersey-client-2.27.jar:/home/user/.m2/repository/org/glassfish/jersey/media/jersey-media-jaxb/2.27/jersey-media-jaxb-2.27.jar:/home/user/.m2/repository/javax/validation/validation-api/1.1.0.Final/validation-api-1.1.0.Final.jar:/home/user/.m2/repository/org/glassfish/jersey/media/jersey-media-json-jackson/2.27/jersey-media-json-jackson-2.27.jar:/home/user/.m2/repository/org/glassfish/jersey/ext/jersey-entity-filtering/2.27/jersey-entity-filtering-2.27.jar:/home/user/.m2/repository/com/google/inject/extensions/guice-assistedinject/4.0/guice-assistedinject-4.0.jar:/home/user/.m2/repository/org/jooq/jooq/3.11.10/jooq-3.11.10.jar:/home/user/.m2/repository/org/jooq/jooq-meta/3.11.10/jooq-meta-3.11.10.jar:/home/user/.m2/repository/org/jooq/jooq-codegen/3.11.10/jooq-codegen-3.11.10.jar:/home/user/.m2/repository/com/jolbox/bonecp/0.8.0.RELEASE/bonecp-0.8.0.RELEASE.jar:/home/user/.m2/repository/org/xerial/sqlite-jdbc/3.25.2/sqlite-jdbc-3.25.2.jar:/home/user/.m2/repository/org/springframework/spring-jdbc/5.1.3.RELEASE/spring-jdbc-5.1.3.RELEASE.jar:/home/user/.m2/repository/org/springframework/spring-beans/5.1.3.RELEASE/spring-beans-5.1.3.RELEASE.jar:/home/user/.m2/repository/org/springframework/spring-core/5.1.3.RELEASE/spring-core-5.1.3.RELEASE.jar:/home/user/.m2/repository/org/springframework/spring-jcl/5.1.3.RELEASE/spring-jcl-5.1.3.RELEASE.jar:/home/user/.m2/repository/org/springframework/spring-tx/5.1.3.RELEASE/spring-tx-5.1.3.RELEASE.jar:/home/user/.m2/repository/org/apache/hadoop/hadoop-ozone-client/0.5.0-SNAPSHOT/hadoop-ozone-client-0.5.0-SNAPSHOT.jar:/home/user/.m2/repository/commons-lang/commons-lang/2.6/commons-lang-2.6.jar:/home/user/.m2/repository/org/apache/hadoop/hadoop-ozone-ozone-manager/0.5.0-SNAPSHOT/hadoop-ozone-ozone-manager-0.5.0-SNAPSHOT-tests.jar:/home/user/.m2/repository/junit/junit/4.11/junit-4.11.jar:/home/user/.m2/repository/org/hamcrest/hamcrest-core/1.3/hamcrest-core-1.3.jar:/home/user/.m2/repository/org/openjdk/jmh/jmh-core/1.19/jmh-core-1.19.jar:/home/user/.m2/repository/net/sf/jopt-simple/jopt-simple/4.6/jopt-simple-4.6.jar:/home/user/.m2/repository/org/apache/commons/commons-math3/3.1.1/commons-math3-3.1.1.jar:/home/user/.m2/repository/org/openjdk/jmh/jmh-generator-annprocess/1.19/jmh-generator-annprocess-1.19.jar:/home/user/.m2/repository/org/mockito/mockito-all/1.8.5/mockito-all-1.8.5.jar:/home/user/.m2/repository/org/apache/hadoop/hadoop-kms/3.2.0/hadoop-kms-3.2.0.jar:/home/user/.m2/repository/org/apache/hadoop/hadoop-auth/3.2.0/hadoop-auth-3.2.0.jar:/home/user/.m2/repository/com/nimbusds/nimbus-jose-jwt/4.41.1/nimbus-jose-jwt-4.41.1.jar:/home/user/.m2/repository/com/github/stephenc/jcip/jcip-annotations/1.0-1/jcip-annotations-1.0-1.jar:/home/user/.m2/repository/net/minidev/json-smart/2.3/json-smart-2.3.jar:/home/user/.m2/repository/net/minidev/accessors-smart/1.2/accessors-smart-1.2.jar:/home/user/.m2/repository/org/ow2/asm/asm/5.0.4/asm-5.0.4.jar:/home/user/.m2/repository/org/apache/curator/curator-framework/2.12.0/curator-framework-2.12.0.jar:/home/user/.m2/repository/com/sun/jersey/jersey-core/1.19/jersey-core-1.19.jar:/home/user/.m2/repository/javax/ws/rs/jsr311-api/1.1.1/jsr311-api-1.1.1.jar:/home/user/.m2/repository/com/sun/jersey/jersey-server/1.19/jersey-server-1.19.jar:/home/user/.m2/repository/javax/servlet/javax.servlet-api/3.1.0/javax.servlet-api-3.1.0.jar:/home/user/.m2/repository/org/eclipse/jetty/jetty-server/9.3.25.v20180904/jetty-server-9.3.25.v20180904.jar:/home/user/.m2/repository/org/eclipse/jetty/jetty-http/9.3.25.v20180904/jetty-http-9.3.25.v20180904.jar:/home/user/.m2/repository/org/eclipse/jetty/jetty-io/9.3.25.v20180904/jetty-io-9.3.25.v20180904.jar:/home/user/.m2/repository/org/eclipse/jetty/jetty-webapp/9.3.25.v20180904/jetty-webapp-9.3.25.v20180904.jar:/home/user/.m2/repository/org/eclipse/jetty/jetty-xml/9.3.25.v20180904/jetty-xml-9.3.25.v20180904.jar:/home/user/.m2/repository/log4j/log4j/1.2.17/log4j-1.2.17.jar:/home/user/.m2/repository/org/slf4j/slf4j-api/1.7.25/slf4j-api-1.7.25.jar:/home/user/.m2/repository/org/slf4j/jul-to-slf4j/1.7.25/jul-to-slf4j-1.7.25.jar:/home/user/.m2/repository/org/eclipse/jetty/jetty-util/9.3.25.v20180904/jetty-util-9.3.25.v20180904.jar:/home/user/.m2/repository/com/fasterxml/jackson/core/jackson-databind/2.9.9/jackson-databind-2.9.9.jar:/home/user/.m2/repository/org/apache/hadoop/hadoop-kms/3.2.0/hadoop-kms-3.2.0-tests.jar:/home/user/.m2/repository/org/apache/hadoop/hadoop-hdds-server-scm/0.5.0-SNAPSHOT/hadoop-hdds-server-scm-0.5.0-SNAPSHOT-tests.jar:/home/user/.m2/repository/org/apache/hadoop/hadoop-hdds-container-service/0.5.0-SNAPSHOT/hadoop-hdds-container-service-0.5.0-SNAPSHOT-tests.jar:/home/user/.m2/repository/org/yaml/snakeyaml/1.16/snakeyaml-1.16.jar:/home/user/.m2/repository/org/apache/hadoop/hadoop-common/3.2.0/hadoop-common-3.2.0-tests.jar:/home/user/.m2/repository/org/apache/hadoop/hadoop-annotations/3.2.0/hadoop-annotations-3.2.0.jar:/usr/lib/jvm/java-1.8-openjdk/jre/../lib/tools.jar:/home/user/.m2/repository/commons-cli/commons-cli/1.2/commons-cli-1.2.jar:/home/user/.m2/repository/org/apache/httpcomponents/httpclient/4.5.2/httpclient-4.5.2.jar:/home/user/.m2/repository/org/apache/httpcomponents/httpcore/4.4.4/httpcore-4.4.4.jar:/home/user/.m2/repository/commons-codec/commons-codec/1.11/commons-codec-1.11.jar:/home/user/.m2/repository/commons-net/commons-net/3.6/commons-net-3.6.jar:/home/user/.m2/repository/commons-collections/commons-collections/3.2.2/commons-collections-3.2.2.jar:/home/user/.m2/repository/org/eclipse/jetty/jetty-servlet/9.3.25.v20180904/jetty-servlet-9.3.25.v20180904.jar:/home/user/.m2/repository/org/eclipse/jetty/jetty-security/9.3.25.v20180904/jetty-security-9.3.25.v20180904.jar:/home/user/.m2/repository/javax/servlet/jsp/jsp-api/2.1/jsp-api-2.1.jar:/home/user/.m2/repository/com/sun/jersey/jersey-servlet/1.19/jersey-servlet-1.19.jar:/home/user/.m2/repository/com/sun/jersey/jersey-json/1.19/jersey-json-1.19.jar:/home/user/.m2/repository/org/codehaus/jettison/jettison/1.1/jettison-1.1.jar:/home/user/.m2/repository/org/codehaus/jackson/jackson-core-asl/1.9.13/jackson-core-asl-1.9.13.jar:/home/user/.m2/repository/org/codehaus/jackson/jackson-mapper-asl/1.9.13/jackson-mapper-asl-1.9.13.jar:/home/user/.m2/repository/org/codehaus/jackson/jackson-jaxrs/1.9.13/jackson-jaxrs-1.9.13.jar:/home/user/.m2/repository/org/codehaus/jackson/jackson-xc/1.9.13/jackson-xc-1.9.13.jar:/home/user/.m2/repository/commons-logging/commons-logging/1.1.3/commons-logging-1.1.3.jar:/home/user/.m2/repository/commons-beanutils/commons-beanutils/1.9.4/commons-beanutils-1.9.4.jar:/home/user/.m2/repository/org/apache/commons/commons-configuration2/2.1.1/commons-configuration2-2.1.1.jar:/home/user/.m2/repository/org/apache/commons/commons-lang3/3.7/commons-lang3-3.7.jar:/home/user/.m2/repository/org/apache/commons/commons-text/1.4/commons-text-1.4.jar:/home/user/.m2/repository/org/apache/avro/avro/1.7.7/avro-1.7.7.jar:/home/user/.m2/repository/com/thoughtworks/paranamer/paranamer/2.3/paranamer-2.3.jar:/home/user/.m2/repository/org/xerial/snappy/snappy-java/1.0.5/snappy-java-1.0.5.jar:/home/user/.m2/repository/com/google/re2j/re2j/1.1/re2j-1.1.jar:/home/user/.m2/repository/com/google/code/gson/gson/2.2.4/gson-2.2.4.jar:/home/user/.m2/repository/com/jcraft/jsch/0.1.54/jsch-0.1.54.jar:/home/user/.m2/repository/org/apache/curator/curator-client/2.12.0/curator-client-2.12.0.jar:/home/user/.m2/repository/org/apache/curator/curator-recipes/2.12.0/curator-recipes-2.12.0.jar:/home/user/.m2/repository/com/google/code/findbugs/jsr305/3.0.0/jsr305-3.0.0.jar:/home/user/.m2/repository/org/apache/htrace/htrace-core4/4.1.0-incubating/htrace-core4-4.1.0-incubating.jar:/home/user/.m2/repository/org/apache/zookeeper/zookeeper/3.4.13/zookeeper-3.4.13.jar:/home/user/.m2/repository/jline/jline/0.9.94/jline-0.9.94.jar:/home/user/.m2/repository/org/apache/yetus/audience-annotations/0.5.0/audience-annotations-0.5.0.jar:/home/user/.m2/repository/org/codehaus/woodstox/stax2-api/3.1.4/stax2-api-3.1.4.jar:/home/user/.m2/repository/com/fasterxml/woodstox/woodstox-core/5.0.3/woodstox-core-5.0.3.jar:/home/user/.m2/repository/dnsjava/dnsjava/2.1.7/dnsjava-2.1.7.jar:/home/user/.m2/repository/org/apache/hadoop/hadoop-hdfs/3.2.0/hadoop-hdfs-3.2.0-tests.jar:/home/user/.m2/repository/org/eclipse/jetty/jetty-util-ajax/9.3.25.v20180904/jetty-util-ajax-9.3.25.v20180904.jar:/home/user/.m2/repository/commons-daemon/commons-daemon/1.0.13/commons-daemon-1.0.13.jar:/home/user/.m2/repository/io/netty/netty/3.10.5.Final/netty-3.10.5.Final.jar:/home/user/.m2/repository/io/netty/netty-all/4.0.52.Final/netty-all-4.0.52.Final.jar:/home/user/.m2/repository/org/fusesource/leveldbjni/leveldbjni-all/1.8/leveldbjni-all-1.8.jar:"/>
    <property name="java.vm.vendor" value="IcedTea"/>
    <property name="sun.arch.data.model" value="64"/>
    <property name="test.build.dir" value="/workdir/hadoop-ozone/integration-test/target/test-dir"/>
    <property name="test.cache.data" value=""/>
    <property name="java.vendor.url" value="https://icedtea.classpath.org"/>
    <property name="user.timezone" value=""/>
    <property name="java.vm.specification.version" value="1.8"/>
    <property name="os.name" value="Linux"/>
    <property name="test.build.data" value="/workdir/hadoop-ozone/integration-test/target/test-dir"/>
    <property name="user.country" value="US"/>
    <property name="sun.java.launcher" value="SUN_STANDARD"/>
    <property name="sun.boot.library.path" value="/usr/lib/jvm/java-1.8-openjdk/jre/lib/amd64"/>
    <property name="sun.java.command" value="/workdir/hadoop-ozone/integration-test/target/surefire/surefirebooter5491719452839239261.jar /workdir/hadoop-ozone/integration-test/target/surefire 2019-10-02T21-38-28_196-jvmRun1 surefire8972034168486714245tmp surefire_612139452637886934233tmp"/>
    <property name="test" value="!TestMiniChaosOzoneCluster"/>
    <property name="surefire.test.class.path" value="/workdir/hadoop-ozone/integration-test/target/test-classes:/workdir/hadoop-ozone/integration-test/target/classes:/home/user/.m2/repository/org/apache/hadoop/hadoop-ozone-common/0.5.0-SNAPSHOT/hadoop-ozone-common-0.5.0-SNAPSHOT.jar:/home/user/.m2/repository/org/apache/commons/commons-compress/1.4.1/commons-compress-1.4.1.jar:/home/user/.m2/repository/org/tukaani/xz/1.0/xz-1.0.jar:/home/user/.m2/repository/org/apache/hadoop/hadoop-common/3.2.0/hadoop-common-3.2.0.jar:/home/user/.m2/repository/org/apache/hadoop/hadoop-hdfs/3.2.0/hadoop-hdfs-3.2.0.jar:/home/user/.m2/repository/org/apache/hadoop/hadoop-hdfs-client/3.2.0/hadoop-hdfs-client-3.2.0.jar:/home/user/.m2/repository/com/fasterxml/jackson/core/jackson-annotations/2.9.9/jackson-annotations-2.9.9.jar:/home/user/.m2/repository/org/apache/hadoop/hadoop-hdds-common/0.5.0-SNAPSHOT/hadoop-hdds-common-0.5.0-SNAPSHOT.jar:/home/user/.m2/repository/javax/annotation/javax.annotation-api/1.2/javax.annotation-api-1.2.jar:/home/user/.m2/repository/org/apache/ratis/ratis-server/0.5.0-201fc85-SNAPSHOT/ratis-server-0.5.0-201fc85-SNAPSHOT.jar:/home/user/.m2/repository/org/apache/ratis/ratis-thirdparty-misc/0.2.0/ratis-thirdparty-misc-0.2.0.jar:/home/user/.m2/repository/org/apache/ratis/ratis-proto/0.5.0-201fc85-SNAPSHOT/ratis-proto-0.5.0-201fc85-SNAPSHOT.jar:/home/user/.m2/repository/org/apache/ratis/ratis-common/0.5.0-201fc85-SNAPSHOT/ratis-common-0.5.0-201fc85-SNAPSHOT.jar:/home/user/.m2/repository/org/apache/ratis/ratis-client/0.5.0-201fc85-SNAPSHOT/ratis-client-0.5.0-201fc85-SNAPSHOT.jar:/home/user/.m2/repository/org/apache/ratis/ratis-metrics/0.5.0-201fc85-SNAPSHOT/ratis-metrics-0.5.0-201fc85-SNAPSHOT.jar:/home/user/.m2/repository/com/github/joshelser/dropwizard-metrics-hadoop-metrics2-reporter/0.1.2/dropwizard-metrics-hadoop-metrics2-reporter-0.1.2.jar:/home/user/.m2/repository/io/dropwizard/metrics/metrics-jvm/3.2.5/metrics-jvm-3.2.5.jar:/home/user/.m2/repository/io/dropwizard/metrics/metrics-ganglia/3.2.5/metrics-ganglia-3.2.5.jar:/home/user/.m2/repository/info/ganglia/gmetric4j/gmetric4j/1.0.7/gmetric4j-1.0.7.jar:/home/user/.m2/repository/org/apache/ratis/ratis-netty/0.5.0-201fc85-SNAPSHOT/ratis-netty-0.5.0-201fc85-SNAPSHOT.jar:/home/user/.m2/repository/org/apache/ratis/ratis-grpc/0.5.0-201fc85-SNAPSHOT/ratis-grpc-0.5.0-201fc85-SNAPSHOT.jar:/home/user/.m2/repository/org/rocksdb/rocksdbjni/6.0.1/rocksdbjni-6.0.1.jar:/home/user/.m2/repository/org/apache/logging/log4j/log4j-api/2.11.0/log4j-api-2.11.0.jar:/home/user/.m2/repository/org/apache/logging/log4j/log4j-core/2.11.0/log4j-core-2.11.0.jar:/home/user/.m2/repository/com/lmax/disruptor/3.4.2/disruptor-3.4.2.jar:/home/user/.m2/repository/org/apache/commons/commons-pool2/2.6.0/commons-pool2-2.6.0.jar:/home/user/.m2/repository/org/bouncycastle/bcpkix-jdk15on/1.60/bcpkix-jdk15on-1.60.jar:/home/user/.m2/repository/commons-validator/commons-validator/1.6/commons-validator-1.6.jar:/home/user/.m2/repository/commons-digester/commons-digester/1.8.1/commons-digester-1.8.1.jar:/home/user/.m2/repository/io/jaegertracing/jaeger-client/0.34.0/jaeger-client-0.34.0.jar:/home/user/.m2/repository/io/jaegertracing/jaeger-thrift/0.34.0/jaeger-thrift-0.34.0.jar:/home/user/.m2/repository/org/apache/thrift/libthrift/0.12.0/libthrift-0.12.0.jar:/home/user/.m2/repository/com/squareup/okhttp3/okhttp/3.9.0/okhttp-3.9.0.jar:/home/user/.m2/repository/com/squareup/okio/okio/1.13.0/okio-1.13.0.jar:/home/user/.m2/repository/io/jaegertracing/jaeger-core/0.34.0/jaeger-core-0.34.0.jar:/home/user/.m2/repository/io/jaegertracing/jaeger-tracerresolver/0.34.0/jaeger-tracerresolver-0.34.0.jar:/home/user/.m2/repository/io/opentracing/contrib/opentracing-tracerresolver/0.1.5/opentracing-tracerresolver-0.1.5.jar:/home/user/.m2/repository/io/opentracing/opentracing-util/0.31.0/opentracing-util-0.31.0.jar:/home/user/.m2/repository/io/opentracing/opentracing-api/0.31.0/opentracing-api-0.31.0.jar:/home/user/.m2/repository/io/opentracing/opentracing-noop/0.31.0/opentracing-noop-0.31.0.jar:/home/user/.m2/repository/org/apache/hadoop/hadoop-hdds-server-framework/0.5.0-SNAPSHOT/hadoop-hdds-server-framework-0.5.0-SNAPSHOT.jar:/home/user/.m2/repository/org/apache/hadoop/hadoop-hdds-container-service/0.5.0-SNAPSHOT/hadoop-hdds-container-service-0.5.0-SNAPSHOT.jar:/home/user/.m2/repository/org/apache/hadoop/hadoop-hdds-client/0.5.0-SNAPSHOT/hadoop-hdds-client-0.5.0-SNAPSHOT.jar:/home/user/.m2/repository/org/apache/hadoop/hadoop-hdds-tools/0.5.0-SNAPSHOT/hadoop-hdds-tools-0.5.0-SNAPSHOT.jar:/home/user/.m2/repository/org/apache/hadoop/hadoop-hdds-server-scm/0.5.0-SNAPSHOT/hadoop-hdds-server-scm-0.5.0-SNAPSHOT.jar:/home/user/.m2/repository/org/apache/hadoop/hadoop-hdds-docs/0.5.0-SNAPSHOT/hadoop-hdds-docs-0.5.0-SNAPSHOT.jar:/home/user/.m2/repository/io/dropwizard/metrics/metrics-core/3.2.4/metrics-core-3.2.4.jar:/home/user/.m2/repository/org/hamcrest/hamcrest-all/1.3/hamcrest-all-1.3.jar:/home/user/.m2/repository/org/bouncycastle/bcprov-jdk15on/1.60/bcprov-jdk15on-1.60.jar:/home/user/.m2/repository/info/picocli/picocli/3.9.6/picocli-3.9.6.jar:/home/user/.m2/repository/com/google/protobuf/protobuf-java/2.5.0/protobuf-java-2.5.0.jar:/home/user/.m2/repository/com/google/guava/guava/11.0.2/guava-11.0.2.jar:/home/user/.m2/repository/org/apache/hadoop/hadoop-ozone-ozone-manager/0.5.0-SNAPSHOT/hadoop-ozone-ozone-manager-0.5.0-SNAPSHOT.jar:/home/user/.m2/repository/org/apache/hadoop/hadoop-minikdc/3.2.0/hadoop-minikdc-3.2.0.jar:/home/user/.m2/repository/commons-io/commons-io/2.5/commons-io-2.5.jar:/home/user/.m2/repository/org/apache/kerby/kerb-simplekdc/1.0.1/kerb-simplekdc-1.0.1.jar:/home/user/.m2/repository/org/apache/kerby/kerb-client/1.0.1/kerb-client-1.0.1.jar:/home/user/.m2/repository/org/apache/kerby/kerby-config/1.0.1/kerby-config-1.0.1.jar:/home/user/.m2/repository/org/apache/kerby/kerb-core/1.0.1/kerb-core-1.0.1.jar:/home/user/.m2/repository/org/apache/kerby/kerby-pkix/1.0.1/kerby-pkix-1.0.1.jar:/home/user/.m2/repository/org/apache/kerby/kerby-asn1/1.0.1/kerby-asn1-1.0.1.jar:/home/user/.m2/repository/org/apache/kerby/kerby-util/1.0.1/kerby-util-1.0.1.jar:/home/user/.m2/repository/org/apache/kerby/kerb-common/1.0.1/kerb-common-1.0.1.jar:/home/user/.m2/repository/org/apache/kerby/kerb-crypto/1.0.1/kerb-crypto-1.0.1.jar:/home/user/.m2/repository/org/apache/kerby/kerb-util/1.0.1/kerb-util-1.0.1.jar:/home/user/.m2/repository/org/apache/kerby/token-provider/1.0.1/token-provider-1.0.1.jar:/home/user/.m2/repository/org/apache/kerby/kerb-admin/1.0.1/kerb-admin-1.0.1.jar:/home/user/.m2/repository/org/apache/kerby/kerb-server/1.0.1/kerb-server-1.0.1.jar:/home/user/.m2/repository/org/apache/kerby/kerb-identity/1.0.1/kerb-identity-1.0.1.jar:/home/user/.m2/repository/org/apache/kerby/kerby-xdr/1.0.1/kerby-xdr-1.0.1.jar:/home/user/.m2/repository/org/slf4j/slf4j-log4j12/1.7.25/slf4j-log4j12-1.7.25.jar:/home/user/.m2/repository/org/apache/hadoop/hadoop-ozone-s3gateway/0.5.0-SNAPSHOT/hadoop-ozone-s3gateway-0.5.0-SNAPSHOT.jar:/home/user/.m2/repository/org/jboss/weld/servlet/weld-servlet/2.4.7.Final/weld-servlet-2.4.7.Final.jar:/home/user/.m2/repository/org/glassfish/jersey/containers/jersey-container-servlet-core/2.27/jersey-container-servlet-core-2.27.jar:/home/user/.m2/repository/org/glassfish/hk2/external/javax.inject/2.5.0-b42/javax.inject-2.5.0-b42.jar:/home/user/.m2/repository/org/glassfish/jersey/core/jersey-common/2.27/jersey-common-2.27.jar:/home/user/.m2/repository/org/glassfish/hk2/osgi-resource-locator/1.0.1/osgi-resource-locator-1.0.1.jar:/home/user/.m2/repository/javax/ws/rs/javax.ws.rs-api/2.1/javax.ws.rs-api-2.1.jar:/home/user/.m2/repository/org/glassfish/jersey/ext/cdi/jersey-cdi1x/2.27/jersey-cdi1x-2.27.jar:/home/user/.m2/repository/org/glassfish/jersey/inject/jersey-hk2/2.27/jersey-hk2-2.27.jar:/home/user/.m2/repository/org/glassfish/hk2/hk2-locator/2.5.0-b42/hk2-locator-2.5.0-b42.jar:/home/user/.m2/repository/org/javassist/javassist/3.22.0-CR2/javassist-3.22.0-CR2.jar:/home/user/.m2/repository/org/glassfish/hk2/hk2-api/2.5.0/hk2-api-2.5.0.jar:/home/user/.m2/repository/org/glassfish/hk2/external/jakarta.inject/2.5.0/jakarta.inject-2.5.0.jar:/home/user/.m2/repository/org/glassfish/hk2/hk2-utils/2.5.0/hk2-utils-2.5.0.jar:/home/user/.m2/repository/jakarta/annotation/jakarta.annotation-api/1.3.4/jakarta.annotation-api-1.3.4.jar:/home/user/.m2/repository/org/glassfish/hk2/external/aopalliance-repackaged/2.5.0/aopalliance-repackaged-2.5.0.jar:/home/user/.m2/repository/com/fasterxml/jackson/dataformat/jackson-dataformat-xml/2.9.0/jackson-dataformat-xml-2.9.0.jar:/home/user/.m2/repository/com/fasterxml/jackson/core/jackson-core/2.9.9/jackson-core-2.9.9.jar:/home/user/.m2/repository/com/fasterxml/jackson/module/jackson-module-jaxb-annotations/2.9.9/jackson-module-jaxb-annotations-2.9.9.jar:/home/user/.m2/repository/javax/enterprise/cdi-api/1.2/cdi-api-1.2.jar:/home/user/.m2/repository/javax/el/javax.el-api/3.0.0/javax.el-api-3.0.0.jar:/home/user/.m2/repository/javax/interceptor/javax.interceptor-api/1.2/javax.interceptor-api-1.2.jar:/home/user/.m2/repository/javax/inject/javax.inject/1/javax.inject-1.jar:/home/user/.m2/repository/com/sun/xml/bind/jaxb-impl/2.3.0.1/jaxb-impl-2.3.0.1.jar:/home/user/.m2/repository/com/sun/xml/bind/jaxb-core/2.3.0.1/jaxb-core-2.3.0.1.jar:/home/user/.m2/repository/javax/xml/bind/jaxb-api/2.3.0/jaxb-api-2.3.0.jar:/home/user/.m2/repository/javax/activation/activation/1.1.1/activation-1.1.1.jar:/home/user/.m2/repository/org/apache/hadoop/hadoop-ozone-csi/0.5.0-SNAPSHOT/hadoop-ozone-csi-0.5.0-SNAPSHOT.jar:/home/user/.m2/repository/com/google/protobuf/protobuf-java-util/3.5.1/protobuf-java-util-3.5.1.jar:/home/user/.m2/repository/org/apache/hadoop/hadoop-hdds-config/0.5.0-SNAPSHOT/hadoop-hdds-config-0.5.0-SNAPSHOT.jar:/home/user/.m2/repository/io/grpc/grpc-netty/1.17.1/grpc-netty-1.17.1.jar:/home/user/.m2/repository/io/grpc/grpc-core/1.17.1/grpc-core-1.17.1.jar:/home/user/.m2/repository/io/grpc/grpc-context/1.17.1/grpc-context-1.17.1.jar:/home/user/.m2/repository/com/google/errorprone/error_prone_annotations/2.2.0/error_prone_annotations-2.2.0.jar:/home/user/.m2/repository/org/codehaus/mojo/animal-sniffer-annotations/1.17/animal-sniffer-annotations-1.17.jar:/home/user/.m2/repository/io/opencensus/opencensus-api/0.17.0/opencensus-api-0.17.0.jar:/home/user/.m2/repository/io/opencensus/opencensus-contrib-grpc-metrics/0.17.0/opencensus-contrib-grpc-metrics-0.17.0.jar:/home/user/.m2/repository/io/netty/netty-codec-http2/4.1.30.Final/netty-codec-http2-4.1.30.Final.jar:/home/user/.m2/repository/io/netty/netty-codec-http/4.1.30.Final/netty-codec-http-4.1.30.Final.jar:/home/user/.m2/repository/io/netty/netty-codec/4.1.30.Final/netty-codec-4.1.30.Final.jar:/home/user/.m2/repository/io/netty/netty-handler/4.1.30.Final/netty-handler-4.1.30.Final.jar:/home/user/.m2/repository/io/netty/netty-handler-proxy/4.1.30.Final/netty-handler-proxy-4.1.30.Final.jar:/home/user/.m2/repository/io/netty/netty-codec-socks/4.1.30.Final/netty-codec-socks-4.1.30.Final.jar:/home/user/.m2/repository/io/netty/netty-transport-native-epoll/4.1.30.Final/netty-transport-native-epoll-4.1.30.Final.jar:/home/user/.m2/repository/io/netty/netty-common/4.1.30.Final/netty-common-4.1.30.Final.jar:/home/user/.m2/repository/io/netty/netty-buffer/4.1.30.Final/netty-buffer-4.1.30.Final.jar:/home/user/.m2/repository/io/netty/netty-transport/4.1.30.Final/netty-transport-4.1.30.Final.jar:/home/user/.m2/repository/io/netty/netty-resolver/4.1.30.Final/netty-resolver-4.1.30.Final.jar:/home/user/.m2/repository/io/netty/netty-transport-native-unix-common/4.1.30.Final/netty-transport-native-unix-common-4.1.30.Final.jar:/home/user/.m2/repository/io/grpc/grpc-protobuf/1.17.1/grpc-protobuf-1.17.1.jar:/home/user/.m2/repository/com/google/api/grpc/proto-google-common-protos/1.0.0/proto-google-common-protos-1.0.0.jar:/home/user/.m2/repository/io/grpc/grpc-protobuf-lite/1.17.1/grpc-protobuf-lite-1.17.1.jar:/home/user/.m2/repository/io/grpc/grpc-stub/1.17.1/grpc-stub-1.17.1.jar:/home/user/.m2/repository/org/apache/hadoop/hadoop-ozone-recon/0.5.0-SNAPSHOT/hadoop-ozone-recon-0.5.0-SNAPSHOT.jar:/home/user/.m2/repository/org/apache/hadoop/hadoop-ozone-reconcodegen/0.5.0-SNAPSHOT/hadoop-ozone-reconcodegen-0.5.0-SNAPSHOT.jar:/home/user/.m2/repository/com/google/inject/extensions/guice-multibindings/4.0/guice-multibindings-4.0.jar:/home/user/.m2/repository/com/google/inject/guice/4.0/guice-4.0.jar:/home/user/.m2/repository/aopalliance/aopalliance/1.0/aopalliance-1.0.jar:/home/user/.m2/repository/com/google/inject/extensions/guice-servlet/4.0/guice-servlet-4.0.jar:/home/user/.m2/repository/org/glassfish/jersey/containers/jersey-container-servlet/2.27/jersey-container-servlet-2.27.jar:/home/user/.m2/repository/org/glassfish/hk2/guice-bridge/2.5.0/guice-bridge-2.5.0.jar:/home/user/.m2/repository/org/glassfish/jersey/core/jersey-server/2.27/jersey-server-2.27.jar:/home/user/.m2/repository/org/glassfish/jersey/core/jersey-client/2.27/jersey-client-2.27.jar:/home/user/.m2/repository/org/glassfish/jersey/media/jersey-media-jaxb/2.27/jersey-media-jaxb-2.27.jar:/home/user/.m2/repository/javax/validation/validation-api/1.1.0.Final/validation-api-1.1.0.Final.jar:/home/user/.m2/repository/org/glassfish/jersey/media/jersey-media-json-jackson/2.27/jersey-media-json-jackson-2.27.jar:/home/user/.m2/repository/org/glassfish/jersey/ext/jersey-entity-filtering/2.27/jersey-entity-filtering-2.27.jar:/home/user/.m2/repository/com/google/inject/extensions/guice-assistedinject/4.0/guice-assistedinject-4.0.jar:/home/user/.m2/repository/org/jooq/jooq/3.11.10/jooq-3.11.10.jar:/home/user/.m2/repository/org/jooq/jooq-meta/3.11.10/jooq-meta-3.11.10.jar:/home/user/.m2/repository/org/jooq/jooq-codegen/3.11.10/jooq-codegen-3.11.10.jar:/home/user/.m2/repository/com/jolbox/bonecp/0.8.0.RELEASE/bonecp-0.8.0.RELEASE.jar:/home/user/.m2/repository/org/xerial/sqlite-jdbc/3.25.2/sqlite-jdbc-3.25.2.jar:/home/user/.m2/repository/org/springframework/spring-jdbc/5.1.3.RELEASE/spring-jdbc-5.1.3.RELEASE.jar:/home/user/.m2/repository/org/springframework/spring-beans/5.1.3.RELEASE/spring-beans-5.1.3.RELEASE.jar:/home/user/.m2/repository/org/springframework/spring-core/5.1.3.RELEASE/spring-core-5.1.3.RELEASE.jar:/home/user/.m2/repository/org/springframework/spring-jcl/5.1.3.RELEASE/spring-jcl-5.1.3.RELEASE.jar:/home/user/.m2/repository/org/springframework/spring-tx/5.1.3.RELEASE/spring-tx-5.1.3.RELEASE.jar:/home/user/.m2/repository/org/apache/hadoop/hadoop-ozone-client/0.5.0-SNAPSHOT/hadoop-ozone-client-0.5.0-SNAPSHOT.jar:/home/user/.m2/repository/commons-lang/commons-lang/2.6/commons-lang-2.6.jar:/home/user/.m2/repository/org/apache/hadoop/hadoop-ozone-ozone-manager/0.5.0-SNAPSHOT/hadoop-ozone-ozone-manager-0.5.0-SNAPSHOT-tests.jar:/home/user/.m2/repository/junit/junit/4.11/junit-4.11.jar:/home/user/.m2/repository/org/hamcrest/hamcrest-core/1.3/hamcrest-core-1.3.jar:/home/user/.m2/repository/org/openjdk/jmh/jmh-core/1.19/jmh-core-1.19.jar:/home/user/.m2/repository/net/sf/jopt-simple/jopt-simple/4.6/jopt-simple-4.6.jar:/home/user/.m2/repository/org/apache/commons/commons-math3/3.1.1/commons-math3-3.1.1.jar:/home/user/.m2/repository/org/openjdk/jmh/jmh-generator-annprocess/1.19/jmh-generator-annprocess-1.19.jar:/home/user/.m2/repository/org/mockito/mockito-all/1.8.5/mockito-all-1.8.5.jar:/home/user/.m2/repository/org/apache/hadoop/hadoop-kms/3.2.0/hadoop-kms-3.2.0.jar:/home/user/.m2/repository/org/apache/hadoop/hadoop-auth/3.2.0/hadoop-auth-3.2.0.jar:/home/user/.m2/repository/com/nimbusds/nimbus-jose-jwt/4.41.1/nimbus-jose-jwt-4.41.1.jar:/home/user/.m2/repository/com/github/stephenc/jcip/jcip-annotations/1.0-1/jcip-annotations-1.0-1.jar:/home/user/.m2/repository/net/minidev/json-smart/2.3/json-smart-2.3.jar:/home/user/.m2/repository/net/minidev/accessors-smart/1.2/accessors-smart-1.2.jar:/home/user/.m2/repository/org/ow2/asm/asm/5.0.4/asm-5.0.4.jar:/home/user/.m2/repository/org/apache/curator/curator-framework/2.12.0/curator-framework-2.12.0.jar:/home/user/.m2/repository/com/sun/jersey/jersey-core/1.19/jersey-core-1.19.jar:/home/user/.m2/repository/javax/ws/rs/jsr311-api/1.1.1/jsr311-api-1.1.1.jar:/home/user/.m2/repository/com/sun/jersey/jersey-server/1.19/jersey-server-1.19.jar:/home/user/.m2/repository/javax/servlet/javax.servlet-api/3.1.0/javax.servlet-api-3.1.0.jar:/home/user/.m2/repository/org/eclipse/jetty/jetty-server/9.3.25.v20180904/jetty-server-9.3.25.v20180904.jar:/home/user/.m2/repository/org/eclipse/jetty/jetty-http/9.3.25.v20180904/jetty-http-9.3.25.v20180904.jar:/home/user/.m2/repository/org/eclipse/jetty/jetty-io/9.3.25.v20180904/jetty-io-9.3.25.v20180904.jar:/home/user/.m2/repository/org/eclipse/jetty/jetty-webapp/9.3.25.v20180904/jetty-webapp-9.3.25.v20180904.jar:/home/user/.m2/repository/org/eclipse/jetty/jetty-xml/9.3.25.v20180904/jetty-xml-9.3.25.v20180904.jar:/home/user/.m2/repository/log4j/log4j/1.2.17/log4j-1.2.17.jar:/home/user/.m2/repository/org/slf4j/slf4j-api/1.7.25/slf4j-api-1.7.25.jar:/home/user/.m2/repository/org/slf4j/jul-to-slf4j/1.7.25/jul-to-slf4j-1.7.25.jar:/home/user/.m2/repository/org/eclipse/jetty/jetty-util/9.3.25.v20180904/jetty-util-9.3.25.v20180904.jar:/home/user/.m2/repository/com/fasterxml/jackson/core/jackson-databind/2.9.9/jackson-databind-2.9.9.jar:/home/user/.m2/repository/org/apache/hadoop/hadoop-kms/3.2.0/hadoop-kms-3.2.0-tests.jar:/home/user/.m2/repository/org/apache/hadoop/hadoop-hdds-server-scm/0.5.0-SNAPSHOT/hadoop-hdds-server-scm-0.5.0-SNAPSHOT-tests.jar:/home/user/.m2/repository/org/apache/hadoop/hadoop-hdds-container-service/0.5.0-SNAPSHOT/hadoop-hdds-container-service-0.5.0-SNAPSHOT-tests.jar:/home/user/.m2/repository/org/yaml/snakeyaml/1.16/snakeyaml-1.16.jar:/home/user/.m2/repository/org/apache/hadoop/hadoop-common/3.2.0/hadoop-common-3.2.0-tests.jar:/home/user/.m2/repository/org/apache/hadoop/hadoop-annotations/3.2.0/hadoop-annotations-3.2.0.jar:/usr/lib/jvm/java-1.8-openjdk/jre/../lib/tools.jar:/home/user/.m2/repository/commons-cli/commons-cli/1.2/commons-cli-1.2.jar:/home/user/.m2/repository/org/apache/httpcomponents/httpclient/4.5.2/httpclient-4.5.2.jar:/home/user/.m2/repository/org/apache/httpcomponents/httpcore/4.4.4/httpcore-4.4.4.jar:/home/user/.m2/repository/commons-codec/commons-codec/1.11/commons-codec-1.11.jar:/home/user/.m2/repository/commons-net/commons-net/3.6/commons-net-3.6.jar:/home/user/.m2/repository/commons-collections/commons-collections/3.2.2/commons-collections-3.2.2.jar:/home/user/.m2/repository/org/eclipse/jetty/jetty-servlet/9.3.25.v20180904/jetty-servlet-9.3.25.v20180904.jar:/home/user/.m2/repository/org/eclipse/jetty/jetty-security/9.3.25.v20180904/jetty-security-9.3.25.v20180904.jar:/home/user/.m2/repository/javax/servlet/jsp/jsp-api/2.1/jsp-api-2.1.jar:/home/user/.m2/repository/com/sun/jersey/jersey-servlet/1.19/jersey-servlet-1.19.jar:/home/user/.m2/repository/com/sun/jersey/jersey-json/1.19/jersey-json-1.19.jar:/home/user/.m2/repository/org/codehaus/jettison/jettison/1.1/jettison-1.1.jar:/home/user/.m2/repository/org/codehaus/jackson/jackson-core-asl/1.9.13/jackson-core-asl-1.9.13.jar:/home/user/.m2/repository/org/codehaus/jackson/jackson-mapper-asl/1.9.13/jackson-mapper-asl-1.9.13.jar:/home/user/.m2/repository/org/codehaus/jackson/jackson-jaxrs/1.9.13/jackson-jaxrs-1.9.13.jar:/home/user/.m2/repository/org/codehaus/jackson/jackson-xc/1.9.13/jackson-xc-1.9.13.jar:/home/user/.m2/repository/commons-logging/commons-logging/1.1.3/commons-logging-1.1.3.jar:/home/user/.m2/repository/commons-beanutils/commons-beanutils/1.9.4/commons-beanutils-1.9.4.jar:/home/user/.m2/repository/org/apache/commons/commons-configuration2/2.1.1/commons-configuration2-2.1.1.jar:/home/user/.m2/repository/org/apache/commons/commons-lang3/3.7/commons-lang3-3.7.jar:/home/user/.m2/repository/org/apache/commons/commons-text/1.4/commons-text-1.4.jar:/home/user/.m2/repository/org/apache/avro/avro/1.7.7/avro-1.7.7.jar:/home/user/.m2/repository/com/thoughtworks/paranamer/paranamer/2.3/paranamer-2.3.jar:/home/user/.m2/repository/org/xerial/snappy/snappy-java/1.0.5/snappy-java-1.0.5.jar:/home/user/.m2/repository/com/google/re2j/re2j/1.1/re2j-1.1.jar:/home/user/.m2/repository/com/google/code/gson/gson/2.2.4/gson-2.2.4.jar:/home/user/.m2/repository/com/jcraft/jsch/0.1.54/jsch-0.1.54.jar:/home/user/.m2/repository/org/apache/curator/curator-client/2.12.0/curator-client-2.12.0.jar:/home/user/.m2/repository/org/apache/curator/curator-recipes/2.12.0/curator-recipes-2.12.0.jar:/home/user/.m2/repository/com/google/code/findbugs/jsr305/3.0.0/jsr305-3.0.0.jar:/home/user/.m2/repository/org/apache/htrace/htrace-core4/4.1.0-incubating/htrace-core4-4.1.0-incubating.jar:/home/user/.m2/repository/org/apache/zookeeper/zookeeper/3.4.13/zookeeper-3.4.13.jar:/home/user/.m2/repository/jline/jline/0.9.94/jline-0.9.94.jar:/home/user/.m2/repository/org/apache/yetus/audience-annotations/0.5.0/audience-annotations-0.5.0.jar:/home/user/.m2/repository/org/codehaus/woodstox/stax2-api/3.1.4/stax2-api-3.1.4.jar:/home/user/.m2/repository/com/fasterxml/woodstox/woodstox-core/5.0.3/woodstox-core-5.0.3.jar:/home/user/.m2/repository/dnsjava/dnsjava/2.1.7/dnsjava-2.1.7.jar:/home/user/.m2/repository/org/apache/hadoop/hadoop-hdfs/3.2.0/hadoop-hdfs-3.2.0-tests.jar:/home/user/.m2/repository/org/eclipse/jetty/jetty-util-ajax/9.3.25.v20180904/jetty-util-ajax-9.3.25.v20180904.jar:/home/user/.m2/repository/commons-daemon/commons-daemon/1.0.13/commons-daemon-1.0.13.jar:/home/user/.m2/repository/io/netty/netty/3.10.5.Final/netty-3.10.5.Final.jar:/home/user/.m2/repository/io/netty/netty-all/4.0.52.Final/netty-all-4.0.52.Final.jar:/home/user/.m2/repository/org/fusesource/leveldbjni/leveldbjni-all/1.8/leveldbjni-all-1.8.jar:"/>
    <property name="sun.cpu.endian" value="little"/>
    <property name="user.home" value="/home/user"/>
    <property name="user.language" value="en"/>
    <property name="java.specification.vendor" value="Oracle Corporation"/>
    <property name="java.home" value="/usr/lib/jvm/java-1.8-openjdk/jre"/>
    <property name="java.security.krb5.conf" value="/workdir/hadoop-ozone/integration-test/target/test-classes/krb5.conf"/>
    <property name="basedir" value="/workdir/hadoop-ozone/integration-test"/>
    <property name="file.separator" value="/"/>
    <property name="line.separator" value="&#10;"/>
    <property name="java.vm.specification.vendor" value="Oracle Corporation"/>
    <property name="java.specification.name" value="Java Platform API Specification"/>
    <property name="java.awt.graphicsenv" value="sun.awt.X11GraphicsEnvironment"/>
    <property name="surefire.real.class.path" value="/workdir/hadoop-ozone/integration-test/target/surefire/surefirebooter5491719452839239261.jar"/>
    <property name="hadoop.log.dir" value="/workdir/hadoop-ozone/integration-test/target/log"/>
    <property name="sun.boot.class.path" value="/usr/lib/jvm/java-1.8-openjdk/jre/lib/resources.jar:/usr/lib/jvm/java-1.8-openjdk/jre/lib/rt.jar:/usr/lib/jvm/java-1.8-openjdk/jre/lib/sunrsasign.jar:/usr/lib/jvm/java-1.8-openjdk/jre/lib/jsse.jar:/usr/lib/jvm/java-1.8-openjdk/jre/lib/jce.jar:/usr/lib/jvm/java-1.8-openjdk/jre/lib/charsets.jar:/usr/lib/jvm/java-1.8-openjdk/jre/lib/jfr.jar:/usr/lib/jvm/java-1.8-openjdk/jre/classes"/>
    <property name="sun.management.compiler" value="HotSpot 64-Bit Tiered Compilers"/>
    <property name="java.runtime.version" value="1.8.0_212-b04"/>
    <property name="java.net.preferIPv4Stack" value="true"/>
    <property name="user.name" value="jenkins1000"/>
    <property name="path.separator" value=":"/>
    <property name="java.security.egd" value="file:///dev/urandom"/>
    <property name="os.version" value="3.10.0-957.12.2.el7.x86_64"/>
    <property name="java.endorsed.dirs" value="/usr/lib/jvm/java-1.8-openjdk/jre/lib/endorsed"/>
    <property name="java.runtime.name" value="OpenJDK Runtime Environment"/>
    <property name="file.encoding" value="UTF-8"/>
    <property name="java.vm.name" value="OpenJDK 64-Bit Server VM"/>
    <property name="test.build.webapps" value=""/>
    <property name="localRepository" value="/home/user/.m2/repository"/>
    <property name="java.vendor.url.bug" value="https://icedtea.classpath.org/bugzilla"/>
    <property name="java.io.tmpdir" value="/tmp"/>
    <property name="require.test.libhadoop" value=""/>
    <property name="java.version" value="1.8.0_212"/>
    <property name="user.dir" value="/workdir/hadoop-ozone/integration-test"/>
    <property name="os.arch" value="amd64"/>
    <property name="java.vm.specification.name" value="Java Virtual Machine Specification"/>
    <property name="test.build.classes" value="/workdir/hadoop-ozone/integration-test/target/test-classes"/>
    <property name="java.awt.printerjob" value="sun.print.PSPrinterJob"/>
    <property name="sun.os.patch.level" value="unknown"/>
    <property name="hadoop.tmp.dir" value="/workdir/hadoop-ozone/integration-test/target/tmp"/>
    <property name="java.library.path" value="/usr/lib/jvm/java-1.8-openjdk/jre/lib/amd64/server:/usr/lib/jvm/java-1.8-openjdk/jre/lib/amd64:/usr/lib/jvm/java-1.8-openjdk/jre/../lib/amd64:/workdir/hadoop-ozone/integration-test/target/native/target/usr/local/lib:/workdir/hadoop-ozone/integration-test/../../hadoop-common-project/hadoop-common/target/native/target/usr/local/lib:/usr/java/packages/lib/amd64:/usr/lib64:/lib64:/lib:/usr/lib"/>
    <property name="java.vm.info" value="mixed mode"/>
    <property name="java.vendor" value="IcedTea"/>
    <property name="java.vm.version" value="25.212-b04"/>
    <property name="java.ext.dirs" value="/usr/lib/jvm/java-1.8-openjdk/jre/lib/ext:/usr/java/packages/lib/ext"/>
    <property name="sun.io.unicode.encoding" value="UnicodeLittle"/>
    <property name="java.class.version" value="52.0"/>
  </properties>
  <testcase name="testWatchForCommitWithKeyWrite" classname="org.apache.hadoop.ozone.client.rpc.TestWatchForCommit" time="59.882"/>
  <testcase name="testWatchForCommitWithSmallerTimeoutValue" classname="org.apache.hadoop.ozone.client.rpc.TestWatchForCommit" time="43.714"/>
  <testcase name="testWatchForCommitForRetryfailure" classname="org.apache.hadoop.ozone.client.rpc.TestWatchForCommit" time="74.737"/>
  <testcase name="testWatchForCommitForGroupMismatchException" classname="org.apache.hadoop.ozone.client.rpc.TestWatchForCommit" time="33.375"/>
  <testcase name="test2WayCommitForTimeoutException" classname="org.apache.hadoop.ozone.client.rpc.TestWatchForCommit" time="34.835">
    <error type="java.util.concurrent.TimeoutException">java.util.concurrent.TimeoutException
	at java.util.concurrent.CompletableFuture.timedGet(CompletableFuture.java:1771)
	at java.util.concurrent.CompletableFuture.get(CompletableFuture.java:1915)
	at org.apache.hadoop.hdds.scm.XceiverClientRatis.watchForCommit(XceiverClientRatis.java:298)
	at org.apache.hadoop.ozone.client.rpc.TestWatchForCommit.test2WayCommitForTimeoutException(TestWatchForCommit.java:391)
	at sun.reflect.NativeMethodAccessorImpl.invoke0(Native Method)
	at sun.reflect.NativeMethodAccessorImpl.invoke(NativeMethodAccessorImpl.java:62)
	at sun.reflect.DelegatingMethodAccessorImpl.invoke(DelegatingMethodAccessorImpl.java:43)
	at java.lang.reflect.Method.invoke(Method.java:498)
	at org.junit.runners.model.FrameworkMethod$1.runReflectiveCall(FrameworkMethod.java:47)
	at org.junit.internal.runners.model.ReflectiveCallable.run(ReflectiveCallable.java:12)
	at org.junit.runners.model.FrameworkMethod.invokeExplosively(FrameworkMethod.java:44)
	at org.junit.internal.runners.statements.InvokeMethod.evaluate(InvokeMethod.java:17)
	at org.junit.runners.ParentRunner.runLeaf(ParentRunner.java:271)
	at org.junit.runners.BlockJUnit4ClassRunner.runChild(BlockJUnit4ClassRunner.java:70)
	at org.junit.runners.BlockJUnit4ClassRunner.runChild(BlockJUnit4ClassRunner.java:50)
	at org.junit.runners.ParentRunner$3.run(ParentRunner.java:238)
	at org.junit.runners.ParentRunner$1.schedule(ParentRunner.java:63)
	at org.junit.runners.ParentRunner.runChildren(ParentRunner.java:236)
	at org.junit.runners.ParentRunner.access$000(ParentRunner.java:53)
	at org.junit.runners.ParentRunner$2.evaluate(ParentRunner.java:229)
	at org.junit.runners.ParentRunner.run(ParentRunner.java:309)
	at org.apache.maven.surefire.junit4.JUnit4Provider.execute(JUnit4Provider.java:365)
	at org.apache.maven.surefire.junit4.JUnit4Provider.executeWithRerun(JUnit4Provider.java:273)
	at org.apache.maven.surefire.junit4.JUnit4Provider.executeTestSet(JUnit4Provider.java:238)
	at org.apache.maven.surefire.junit4.JUnit4Provider.invoke(JUnit4Provider.java:159)
	at org.apache.maven.surefire.booter.ForkedBooter.invokeProviderInSameClassLoader(ForkedBooter.java:384)
	at org.apache.maven.surefire.booter.ForkedBooter.runSuitesInProcess(ForkedBooter.java:345)
	at org.apache.maven.surefire.booter.ForkedBooter.execute(ForkedBooter.java:126)
	at org.apache.maven.surefire.booter.ForkedBooter.main(ForkedBooter.java:418)
</error>
    <system-out><![CDATA[2019-10-02 22:46:33,113 [main] WARN  server.ServerUtils (ServerUtils.java:getScmDbDir(145)) - ozone.scm.db.dirs is not configured. We recommend adding this setting. Falling back to ozone.metadata.dirs instead.
2019-10-02 22:46:33,139 [main] WARN  server.ServerUtils (ServerUtils.java:getScmDbDir(145)) - ozone.scm.db.dirs is not configured. We recommend adding this setting. Falling back to ozone.metadata.dirs instead.
2019-10-02 22:46:33,142 [main] WARN  server.ServerUtils (ServerUtils.java:getScmDbDir(145)) - ozone.scm.db.dirs is not configured. We recommend adding this setting. Falling back to ozone.metadata.dirs instead.
2019-10-02 22:46:33,143 [main] INFO  db.DBStoreBuilder (DBStoreBuilder.java:addTable(110)) - using custom profile for table: deletedBlocks
2019-10-02 22:46:33,143 [main] INFO  db.DBStoreBuilder (DBStoreBuilder.java:processTables(161)) - Using default column profile:DBProfile.DISK for Table:deletedBlocks
2019-10-02 22:46:33,143 [main] INFO  db.DBStoreBuilder (DBStoreBuilder.java:addTable(110)) - using custom profile for table: validCerts
2019-10-02 22:46:33,144 [main] INFO  db.DBStoreBuilder (DBStoreBuilder.java:processTables(161)) - Using default column profile:DBProfile.DISK for Table:validCerts
2019-10-02 22:46:33,144 [main] INFO  db.DBStoreBuilder (DBStoreBuilder.java:addTable(110)) - using custom profile for table: revokedCerts
2019-10-02 22:46:33,144 [main] INFO  db.DBStoreBuilder (DBStoreBuilder.java:processTables(161)) - Using default column profile:DBProfile.DISK for Table:revokedCerts
2019-10-02 22:46:33,145 [main] INFO  db.DBStoreBuilder (DBStoreBuilder.java:addTable(110)) - using custom profile for table: default
2019-10-02 22:46:33,145 [main] INFO  db.DBStoreBuilder (DBStoreBuilder.java:processTables(167)) - Using default column profile:DBProfile.DISK for Table:default
2019-10-02 22:46:33,145 [main] INFO  db.DBStoreBuilder (DBStoreBuilder.java:getDbProfile(198)) - Using default options. DBProfile.DISK
2019-10-02 22:46:33,425 [main] INFO  net.NodeSchemaLoader (NodeSchemaLoader.java:loadSchemaFromFile(125)) - Loading file from sun.misc.CompoundEnumeration@2f9b21d6
2019-10-02 22:46:33,425 [main] INFO  net.NodeSchemaLoader (NodeSchemaLoader.java:loadSchema(171)) - Loading network topology layer schema file
2019-10-02 22:46:33,440 [main] WARN  server.ServerUtils (ServerUtils.java:sanitizeUserArgs(70)) - ozone.scm.stale.node.interval value = 300000 is larger than max = 100000 based on the key value of ozone.scm.heartbeat.thread.interval, reset to the max value 100000.
2019-10-02 22:46:33,441 [main] WARN  server.ServerUtils (ServerUtils.java:sanitizeUserArgs(70)) - ozone.scm.stale.node.interval value = 300000 is larger than max = 100000 based on the key value of ozone.scm.heartbeat.thread.interval, reset to the max value 100000.
2019-10-02 22:46:33,442 [main] INFO  node.SCMNodeManager (SCMNodeManager.java:<init>(114)) - Entering startup safe mode.
2019-10-02 22:46:33,443 [main] INFO  algorithms.ContainerPlacementPolicyFactory (ContainerPlacementPolicyFactory.java:getPolicy(57)) - Create container placement policy of type org.apache.hadoop.hdds.scm.container.placement.algorithms.SCMContainerPlacementRandom
2019-10-02 22:46:33,443 [main] WARN  server.ServerUtils (ServerUtils.java:getScmDbDir(145)) - ozone.scm.db.dirs is not configured. We recommend adding this setting. Falling back to ozone.metadata.dirs instead.
2019-10-02 22:46:33,559 [main] INFO  pipeline.SCMPipelineManager (SCMPipelineManager.java:initializePipelineState(132)) - No pipeline exists in current db
2019-10-02 22:46:33,560 [main] WARN  server.ServerUtils (ServerUtils.java:getScmDbDir(145)) - ozone.scm.db.dirs is not configured. We recommend adding this setting. Falling back to ozone.metadata.dirs instead.
2019-10-02 22:46:33,676 [main] WARN  events.EventQueue (EventQueue.java:fireEvent(183)) - No event handler registered for event TypedEvent{payloadType=SafeModeStatus, name='SafeModeStatus'}
2019-10-02 22:46:33,677 [main] INFO  ipc.CallQueueManager (CallQueueManager.java:<init>(84)) - Using callQueue: class java.util.concurrent.LinkedBlockingQueue, queueCapacity: 2000, scheduler: class org.apache.hadoop.ipc.DefaultRpcScheduler, ipcBackoff: false.
2019-10-02 22:46:33,679 [Socket Reader #1 for port 40959] INFO  ipc.Server (Server.java:run(1074)) - Starting Socket Reader #1 for port 40959
2019-10-02 22:46:33,682 [main] INFO  ipc.CallQueueManager (CallQueueManager.java:<init>(84)) - Using callQueue: class java.util.concurrent.LinkedBlockingQueue, queueCapacity: 2000, scheduler: class org.apache.hadoop.ipc.DefaultRpcScheduler, ipcBackoff: false.
2019-10-02 22:46:33,682 [Socket Reader #1 for port 33258] INFO  ipc.Server (Server.java:run(1074)) - Starting Socket Reader #1 for port 33258
2019-10-02 22:46:33,685 [main] INFO  ipc.CallQueueManager (CallQueueManager.java:<init>(84)) - Using callQueue: class java.util.concurrent.LinkedBlockingQueue, queueCapacity: 2000, scheduler: class org.apache.hadoop.ipc.DefaultRpcScheduler, ipcBackoff: false.
2019-10-02 22:46:33,686 [Socket Reader #1 for port 40755] INFO  ipc.Server (Server.java:run(1074)) - Starting Socket Reader #1 for port 40755
2019-10-02 22:46:33,689 [main] INFO  hdfs.DFSUtil (DFSUtil.java:httpServerTemplateForNNAndJN(1641)) - Starting Web-server for scm at: http://0.0.0.0:0
2019-10-02 22:46:33,691 [main] INFO  server.AuthenticationFilter (AuthenticationFilter.java:constructSecretProvider(240)) - Unable to initialize FileSignerSecretProvider, falling back to use random secrets.
2019-10-02 22:46:33,692 [main] WARN  http.HttpRequestLog (HttpRequestLog.java:getRequestLog(97)) - Jetty request log can only be enabled using Log4j
2019-10-02 22:46:33,693 [main] INFO  http.HttpServer2 (HttpServer2.java:addGlobalFilter(975)) - Added global filter 'safety' (class=org.apache.hadoop.http.HttpServer2$QuotingInputFilter)
2019-10-02 22:46:33,694 [main] INFO  http.HttpServer2 (HttpServer2.java:addFilter(948)) - Added filter static_user_filter (class=org.apache.hadoop.http.lib.StaticUserWebFilter$StaticUserFilter) to context scm
2019-10-02 22:46:33,694 [main] INFO  http.HttpServer2 (HttpServer2.java:addFilter(958)) - Added filter static_user_filter (class=org.apache.hadoop.http.lib.StaticUserWebFilter$StaticUserFilter) to context logs
2019-10-02 22:46:33,694 [main] INFO  http.HttpServer2 (HttpServer2.java:addFilter(958)) - Added filter static_user_filter (class=org.apache.hadoop.http.lib.StaticUserWebFilter$StaticUserFilter) to context static
2019-10-02 22:46:33,698 [main] INFO  server.StorageContainerManager (StorageContainerManager.java:start(770)) - StorageContainerLocationProtocol RPC server is listening at /0.0.0.0:40755
2019-10-02 22:46:33,701 [main] WARN  impl.MetricsConfig (MetricsConfig.java:loadFirst(134)) - Cannot locate configuration: tried hadoop-metrics2-storagecontainermanager.properties,hadoop-metrics2.properties
2019-10-02 22:46:33,702 [main] INFO  impl.MetricsSystemImpl (MetricsSystemImpl.java:startTimer(374)) - Scheduled Metric snapshot period at 10 second(s).
2019-10-02 22:46:33,702 [main] INFO  impl.MetricsSystemImpl (MetricsSystemImpl.java:start(191)) - StorageContainerManager metrics system started
2019-10-02 22:46:33,834 [main] WARN  impl.MetricsSystemImpl (MetricsSystemImpl.java:register(276)) - Sink prometheus already exists!
2019-10-02 22:46:34,124 [main] INFO  server.SCMClientProtocolServer (SCMClientProtocolServer.java:start(150)) - RPC server for Client  is listening at /0.0.0.0:40755
2019-10-02 22:46:34,146 [IPC Server Responder] INFO  ipc.Server (Server.java:run(1314)) - IPC Server Responder: starting
2019-10-02 22:46:34,156 [main] INFO  server.StorageContainerManager (StorageContainerManager.java:start(780)) - ScmBlockLocationProtocol RPC server is listening at /0.0.0.0:33258
2019-10-02 22:46:34,157 [main] INFO  server.SCMBlockProtocolServer (SCMBlockProtocolServer.java:start(146)) - RPC server for Block Protocol is listening at /0.0.0.0:33258
2019-10-02 22:46:34,157 [IPC Server Responder] INFO  ipc.Server (Server.java:run(1314)) - IPC Server Responder: starting
2019-10-02 22:46:34,157 [IPC Server listener on 33258] INFO  ipc.Server (Server.java:run(1153)) - IPC Server listener on 33258: starting
2019-10-02 22:46:34,179 [main] INFO  server.StorageContainerManager (StorageContainerManager.java:start(784)) - ScmDatanodeProtocl RPC server is listening at /0.0.0.0:40959
2019-10-02 22:46:34,179 [main] INFO  server.SCMDatanodeProtocolServer (SCMDatanodeProtocolServer.java:start(191)) - RPC server for DataNodes is listening at /0.0.0.0:40959
2019-10-02 22:46:34,179 [IPC Server Responder] INFO  ipc.Server (Server.java:run(1314)) - IPC Server Responder: starting
2019-10-02 22:46:34,179 [IPC Server listener on 40959] INFO  ipc.Server (Server.java:run(1153)) - IPC Server listener on 40959: starting
2019-10-02 22:46:34,199 [IPC Server listener on 40755] INFO  ipc.Server (Server.java:run(1153)) - IPC Server listener on 40755: starting
2019-10-02 22:46:34,218 [main] INFO  http.HttpServer2 (HttpServer2.java:bindListener(1191)) - Jetty bound to port 43138
2019-10-02 22:46:34,219 [main] INFO  server.Server (Server.java:doStart(351)) - jetty-9.3.25.v20180904, build timestamp: 2018-09-04T21:11:46Z, git hash: 3ce520221d0240229c862b122d2b06c12a625732
2019-10-02 22:46:34,257 [main] INFO  handler.ContextHandler (ContextHandler.java:doStart(781)) - Started o.e.j.s.ServletContextHandler@450f0235{/logs,file:///workdir/hadoop-ozone/integration-test/target/log,AVAILABLE}
2019-10-02 22:46:34,257 [main] INFO  handler.ContextHandler (ContextHandler.java:doStart(781)) - Started o.e.j.s.ServletContextHandler@7d2c9361{/static,file:///workdir/hadoop-ozone/integration-test/target/test-classes/webapps/static,AVAILABLE}
2019-10-02 22:46:34,263 [main] INFO  handler.ContextHandler (ContextHandler.java:doStart(781)) - Started o.e.j.w.WebAppContext@65eb3597{/,file:///workdir/hadoop-ozone/integration-test/target/test-classes/webapps/scm/,AVAILABLE}{/scm}
2019-10-02 22:46:34,268 [main] INFO  server.AbstractConnector (AbstractConnector.java:doStart(278)) - Started ServerConnector@195cc2fc{HTTP/1.1,[http/1.1]}{0.0.0.0:43138}
2019-10-02 22:46:34,268 [main] INFO  server.Server (Server.java:doStart(419)) - Started @213259ms
2019-10-02 22:46:34,268 [main] WARN  impl.MetricsSystemImpl (MetricsSystemImpl.java:register(276)) - Sink prometheus already exists!
2019-10-02 22:46:34,269 [main] INFO  server.BaseHttpServer (BaseHttpServer.java:updateConnectorAddress(215)) - HTTP server of SCM is listening at http://0.0.0.0:43138
2019-10-02 22:46:34,281 [main] WARN  server.ServerUtils (ServerUtils.java:getDBPath(222)) - ozone.om.db.dirs is not configured. We recommend adding this setting. Falling back to ozone.metadata.dirs instead.
2019-10-02 22:46:34,299 [org.apache.hadoop.util.JvmPauseMonitor$Monitor@2bebd114] INFO  util.JvmPauseMonitor (JvmPauseMonitor.java:run(188)) - Starting JVM pause monitor
2019-10-02 22:46:34,320 [main] WARN  server.ServerUtils (ServerUtils.java:getDBPath(222)) - ozone.om.db.dirs is not configured. We recommend adding this setting. Falling back to ozone.metadata.dirs instead.
2019-10-02 22:46:34,320 [main] WARN  server.ServerUtils (ServerUtils.java:getDBPath(222)) - ozone.om.db.dirs is not configured. We recommend adding this setting. Falling back to ozone.metadata.dirs instead.
2019-10-02 22:46:34,320 [main] INFO  om.OzoneManager (OzoneManager.java:setOMNodeDetails(652)) - OM Service ID is not set. Setting it to the default ID: omServiceIdDefault
2019-10-02 22:46:34,321 [main] INFO  om.OzoneManager (OzoneManager.java:setOMNodeDetails(658)) - OM Node ID is not set. Setting it to the OmStorage's OmID: f8d48aac-3b68-43c2-b8ea-f2ab2e371254
2019-10-02 22:46:34,321 [main] INFO  om.OzoneManager (OzoneManager.java:loadOMHAConfigs(609)) - Found matching OM address with OMServiceId: null, OMNodeId: null, RPC Address: localhost:0 and Ratis port: 9872
2019-10-02 22:46:34,363 [main] WARN  server.ServerUtils (ServerUtils.java:getDBPath(222)) - ozone.om.db.dirs is not configured. We recommend adding this setting. Falling back to ozone.metadata.dirs instead.
2019-10-02 22:46:34,368 [main] INFO  db.DBStoreBuilder (DBStoreBuilder.java:addTable(110)) - using custom profile for table: userTable
2019-10-02 22:46:34,368 [main] INFO  db.DBStoreBuilder (DBStoreBuilder.java:processTables(161)) - Using default column profile:DBProfile.DISK for Table:userTable
2019-10-02 22:46:34,368 [main] INFO  db.DBStoreBuilder (DBStoreBuilder.java:addTable(110)) - using custom profile for table: volumeTable
2019-10-02 22:46:34,368 [main] INFO  db.DBStoreBuilder (DBStoreBuilder.java:processTables(161)) - Using default column profile:DBProfile.DISK for Table:volumeTable
2019-10-02 22:46:34,369 [main] INFO  db.DBStoreBuilder (DBStoreBuilder.java:addTable(110)) - using custom profile for table: bucketTable
2019-10-02 22:46:34,369 [main] INFO  db.DBStoreBuilder (DBStoreBuilder.java:processTables(161)) - Using default column profile:DBProfile.DISK for Table:bucketTable
2019-10-02 22:46:34,369 [main] INFO  db.DBStoreBuilder (DBStoreBuilder.java:addTable(110)) - using custom profile for table: keyTable
2019-10-02 22:46:34,369 [main] INFO  db.DBStoreBuilder (DBStoreBuilder.java:processTables(161)) - Using default column profile:DBProfile.DISK for Table:keyTable
2019-10-02 22:46:34,369 [main] INFO  db.DBStoreBuilder (DBStoreBuilder.java:addTable(110)) - using custom profile for table: deletedTable
2019-10-02 22:46:34,370 [main] INFO  db.DBStoreBuilder (DBStoreBuilder.java:processTables(161)) - Using default column profile:DBProfile.DISK for Table:deletedTable
2019-10-02 22:46:34,370 [main] INFO  db.DBStoreBuilder (DBStoreBuilder.java:addTable(110)) - using custom profile for table: openKeyTable
2019-10-02 22:46:34,370 [main] INFO  db.DBStoreBuilder (DBStoreBuilder.java:processTables(161)) - Using default column profile:DBProfile.DISK for Table:openKeyTable
2019-10-02 22:46:34,370 [main] INFO  db.DBStoreBuilder (DBStoreBuilder.java:addTable(110)) - using custom profile for table: s3Table
2019-10-02 22:46:34,370 [main] INFO  db.DBStoreBuilder (DBStoreBuilder.java:processTables(161)) - Using default column profile:DBProfile.DISK for Table:s3Table
2019-10-02 22:46:34,371 [main] INFO  db.DBStoreBuilder (DBStoreBuilder.java:addTable(110)) - using custom profile for table: multipartInfoTable
2019-10-02 22:46:34,371 [main] INFO  db.DBStoreBuilder (DBStoreBuilder.java:processTables(161)) - Using default column profile:DBProfile.DISK for Table:multipartInfoTable
2019-10-02 22:46:34,371 [main] INFO  db.DBStoreBuilder (DBStoreBuilder.java:addTable(110)) - using custom profile for table: dTokenTable
2019-10-02 22:46:34,371 [main] INFO  db.DBStoreBuilder (DBStoreBuilder.java:processTables(161)) - Using default column profile:DBProfile.DISK for Table:dTokenTable
2019-10-02 22:46:34,371 [main] INFO  db.DBStoreBuilder (DBStoreBuilder.java:addTable(110)) - using custom profile for table: s3SecretTable
2019-10-02 22:46:34,371 [main] INFO  db.DBStoreBuilder (DBStoreBuilder.java:processTables(161)) - Using default column profile:DBProfile.DISK for Table:s3SecretTable
2019-10-02 22:46:34,372 [main] INFO  db.DBStoreBuilder (DBStoreBuilder.java:addTable(110)) - using custom profile for table: prefixTable
2019-10-02 22:46:34,372 [main] INFO  db.DBStoreBuilder (DBStoreBuilder.java:processTables(161)) - Using default column profile:DBProfile.DISK for Table:prefixTable
2019-10-02 22:46:34,372 [main] INFO  db.DBStoreBuilder (DBStoreBuilder.java:addTable(110)) - using custom profile for table: default
2019-10-02 22:46:34,372 [main] INFO  db.DBStoreBuilder (DBStoreBuilder.java:processTables(167)) - Using default column profile:DBProfile.DISK for Table:default
2019-10-02 22:46:34,372 [main] INFO  db.DBStoreBuilder (DBStoreBuilder.java:getDbProfile(198)) - Using default options. DBProfile.DISK
2019-10-02 22:46:35,221 [main] INFO  ipc.CallQueueManager (CallQueueManager.java:<init>(84)) - Using callQueue: class java.util.concurrent.LinkedBlockingQueue, queueCapacity: 2000, scheduler: class org.apache.hadoop.ipc.DefaultRpcScheduler, ipcBackoff: false.
2019-10-02 22:46:35,222 [Socket Reader #1 for port 36120] INFO  ipc.Server (Server.java:run(1074)) - Starting Socket Reader #1 for port 36120
2019-10-02 22:46:35,263 [main] INFO  om.OzoneManager (OzoneManager.java:start(1243)) - OzoneManager RPC server is listening at localhost/127.0.0.1:36120
2019-10-02 22:46:35,270 [main] INFO  impl.MetricsSystemImpl (MetricsSystemImpl.java:init(158)) - OzoneManager metrics system started (again)
2019-10-02 22:46:35,295 [IPC Server Responder] INFO  ipc.Server (Server.java:run(1314)) - IPC Server Responder: starting
2019-10-02 22:46:35,317 [IPC Server listener on 36120] INFO  ipc.Server (Server.java:run(1153)) - IPC Server listener on 36120: starting
2019-10-02 22:46:35,373 [main] INFO  hdfs.DFSUtil (DFSUtil.java:httpServerTemplateForNNAndJN(1641)) - Starting Web-server for ozoneManager at: http://0.0.0.0:0
2019-10-02 22:46:35,374 [main] INFO  server.AuthenticationFilter (AuthenticationFilter.java:constructSecretProvider(240)) - Unable to initialize FileSignerSecretProvider, falling back to use random secrets.
2019-10-02 22:46:35,375 [main] WARN  http.HttpRequestLog (HttpRequestLog.java:getRequestLog(97)) - Jetty request log can only be enabled using Log4j
2019-10-02 22:46:35,376 [main] INFO  http.HttpServer2 (HttpServer2.java:addGlobalFilter(975)) - Added global filter 'safety' (class=org.apache.hadoop.http.HttpServer2$QuotingInputFilter)
2019-10-02 22:46:35,377 [main] INFO  http.HttpServer2 (HttpServer2.java:addFilter(948)) - Added filter static_user_filter (class=org.apache.hadoop.http.lib.StaticUserWebFilter$StaticUserFilter) to context ozoneManager
2019-10-02 22:46:35,377 [main] INFO  http.HttpServer2 (HttpServer2.java:addFilter(958)) - Added filter static_user_filter (class=org.apache.hadoop.http.lib.StaticUserWebFilter$StaticUserFilter) to context logs
2019-10-02 22:46:35,377 [main] INFO  http.HttpServer2 (HttpServer2.java:addFilter(958)) - Added filter static_user_filter (class=org.apache.hadoop.http.lib.StaticUserWebFilter$StaticUserFilter) to context static
2019-10-02 22:46:35,378 [main] INFO  http.HttpServer2 (HttpServer2.java:bindListener(1191)) - Jetty bound to port 36946
2019-10-02 22:46:35,378 [main] INFO  server.Server (Server.java:doStart(351)) - jetty-9.3.25.v20180904, build timestamp: 2018-09-04T21:11:46Z, git hash: 3ce520221d0240229c862b122d2b06c12a625732
2019-10-02 22:46:35,410 [main] INFO  handler.ContextHandler (ContextHandler.java:doStart(781)) - Started o.e.j.s.ServletContextHandler@3b11620a{/logs,file:///workdir/hadoop-ozone/integration-test/target/log,AVAILABLE}
2019-10-02 22:46:35,421 [main] INFO  handler.ContextHandler (ContextHandler.java:doStart(781)) - Started o.e.j.s.ServletContextHandler@357f6391{/static,file:///workdir/hadoop-ozone/integration-test/target/test-classes/webapps/static,AVAILABLE}
2019-10-02 22:46:35,433 [main] INFO  handler.ContextHandler (ContextHandler.java:doStart(781)) - Started o.e.j.w.WebAppContext@32ea16b7{/,file:///workdir/hadoop-ozone/integration-test/target/test-classes/webapps/ozoneManager/,AVAILABLE}{/ozoneManager}
2019-10-02 22:46:35,434 [main] INFO  server.AbstractConnector (AbstractConnector.java:doStart(278)) - Started ServerConnector@62b6c045{HTTP/1.1,[http/1.1]}{0.0.0.0:36946}
2019-10-02 22:46:35,434 [main] INFO  server.Server (Server.java:doStart(419)) - Started @214425ms
2019-10-02 22:46:35,434 [main] WARN  impl.MetricsSystemImpl (MetricsSystemImpl.java:register(276)) - Sink prometheus already exists!
2019-10-02 22:46:35,435 [main] INFO  server.BaseHttpServer (BaseHttpServer.java:updateConnectorAddress(215)) - HTTP server of OZONEMANAGER is listening at http://0.0.0.0:36946
2019-10-02 22:46:35,479 [main] INFO  impl.MetricsSystemImpl (MetricsSystemImpl.java:init(158)) - HddsDatanode metrics system started (again)
2019-10-02 22:46:35,483 [main] INFO  ozone.HddsDatanodeService (HddsDatanodeService.java:start(184)) - HddsDatanodeService host:pr-hdds1737-lts7z-2510321508 ip:192.168.30.30
2019-10-02 22:46:35,504 [main] INFO  volume.HddsVolume (HddsVolume.java:<init>(176)) - Creating Volume: /workdir/hadoop-ozone/integration-test/target/test-dir/MiniOzoneClusterImpl-401d1527-d5ff-4795-9217-9f2aa99a19e1/datanode-0/data/containers/hdds of  storage type : DISK and capacity : 1482555576320
2019-10-02 22:46:35,504 [main] INFO  volume.VolumeSet (VolumeSet.java:initializeVolumeSet(170)) - Added Volume : /workdir/hadoop-ozone/integration-test/target/test-dir/MiniOzoneClusterImpl-401d1527-d5ff-4795-9217-9f2aa99a19e1/datanode-0/data/containers/hdds to VolumeSet
2019-10-02 22:46:35,505 [main] INFO  volume.ThrottledAsyncChecker (ThrottledAsyncChecker.java:schedule(139)) - Scheduling a check for org.apache.hadoop.ozone.container.common.volume.HddsVolume@41e9f86
2019-10-02 22:46:35,505 [main] INFO  volume.HddsVolumeChecker (HddsVolumeChecker.java:checkAllVolumes(202)) - Scheduled health check for volume org.apache.hadoop.ozone.container.common.volume.HddsVolume@41e9f86
2019-10-02 22:46:35,532 [main] INFO  impl.RaftServerProxy (ConfUtils.java:logGet(43)) - raft.rpc.type = GRPC (default)
2019-10-02 22:46:35,533 [main] INFO  grpc.GrpcFactory (GrpcFactory.java:checkPooledByteBufAllocatorUseCacheForAllThreads(45)) - PERFORMANCE WARNING: useCacheForAllThreads is true that may cause Netty to create a lot garbage objects and, as a result, trigger GC.
	It is recommended to disable useCacheForAllThreads by setting -Dorg.apache.ratis.thirdparty.io.netty.allocator.useCacheForAllThreads=false in command line.
2019-10-02 22:46:35,533 [main] INFO  grpc.GrpcConfigKeys$Server (ConfUtils.java:logGet(43)) - raft.grpc.server.port = 0 (default)
2019-10-02 22:46:35,533 [main] INFO  server.GrpcService (ConfUtils.java:logGet(43)) - raft.grpc.message.size.max = 33570816 (custom)
2019-10-02 22:46:35,533 [main] INFO  server.RaftServerConfigKeys (ConfUtils.java:logGet(43)) - raft.server.log.appender.buffer.byte-limit = 33554432 (custom)
2019-10-02 22:46:35,534 [main] INFO  server.GrpcService (ConfUtils.java:logGet(43)) - raft.grpc.flow.control.window = 1MB (=1048576) (default)
2019-10-02 22:46:35,534 [main] INFO  server.RaftServerConfigKeys (ConfUtils.java:logGet(43)) - raft.server.rpc.request.timeout = 3000ms (default)
2019-10-02 22:46:35,534 [main] INFO  server.RaftServerConfigKeys (ConfUtils.java:logGet(43)) - raft.server.storage.dir = [/workdir/hadoop-ozone/integration-test/target/test-dir/MiniOzoneClusterImpl-401d1527-d5ff-4795-9217-9f2aa99a19e1/datanode-0/data/ratis] (custom)
2019-10-02 22:46:35,536 [main] INFO  hdfs.DFSUtil (DFSUtil.java:httpServerTemplateForNNAndJN(1641)) - Starting Web-server for hddsDatanode at: http://0.0.0.0:0
2019-10-02 22:46:35,537 [main] INFO  server.AuthenticationFilter (AuthenticationFilter.java:constructSecretProvider(240)) - Unable to initialize FileSignerSecretProvider, falling back to use random secrets.
2019-10-02 22:46:35,538 [main] WARN  http.HttpRequestLog (HttpRequestLog.java:getRequestLog(97)) - Jetty request log can only be enabled using Log4j
2019-10-02 22:46:35,540 [main] INFO  http.HttpServer2 (HttpServer2.java:addGlobalFilter(975)) - Added global filter 'safety' (class=org.apache.hadoop.http.HttpServer2$QuotingInputFilter)
2019-10-02 22:46:35,541 [main] INFO  http.HttpServer2 (HttpServer2.java:addFilter(948)) - Added filter static_user_filter (class=org.apache.hadoop.http.lib.StaticUserWebFilter$StaticUserFilter) to context hddsDatanode
2019-10-02 22:46:35,541 [main] INFO  http.HttpServer2 (HttpServer2.java:addFilter(958)) - Added filter static_user_filter (class=org.apache.hadoop.http.lib.StaticUserWebFilter$StaticUserFilter) to context logs
2019-10-02 22:46:35,541 [main] INFO  http.HttpServer2 (HttpServer2.java:addFilter(958)) - Added filter static_user_filter (class=org.apache.hadoop.http.lib.StaticUserWebFilter$StaticUserFilter) to context static
2019-10-02 22:46:35,542 [main] INFO  http.HttpServer2 (HttpServer2.java:bindListener(1191)) - Jetty bound to port 46586
2019-10-02 22:46:35,542 [main] INFO  server.Server (Server.java:doStart(351)) - jetty-9.3.25.v20180904, build timestamp: 2018-09-04T21:11:46Z, git hash: 3ce520221d0240229c862b122d2b06c12a625732
2019-10-02 22:46:35,544 [main] INFO  handler.ContextHandler (ContextHandler.java:doStart(781)) - Started o.e.j.s.ServletContextHandler@6806468e{/logs,file:///workdir/hadoop-ozone/integration-test/target/log,AVAILABLE}
2019-10-02 22:46:35,544 [main] INFO  handler.ContextHandler (ContextHandler.java:doStart(781)) - Started o.e.j.s.ServletContextHandler@68631b1d{/static,jar:file:/home/user/.m2/repository/org/apache/hadoop/hadoop-hdds-container-service/0.5.0-SNAPSHOT/hadoop-hdds-container-service-0.5.0-SNAPSHOT.jar!/webapps/static,AVAILABLE}
2019-10-02 22:46:35,582 [main] INFO  handler.ContextHandler (ContextHandler.java:doStart(781)) - Started o.e.j.w.WebAppContext@48bc2fce{/,file:///tmp/jetty-0.0.0.0-46586-hddsDatanode-_-any-2530673366309882372.dir/webapp/,AVAILABLE}{/hddsDatanode}
2019-10-02 22:46:35,582 [main] INFO  server.AbstractConnector (AbstractConnector.java:doStart(278)) - Started ServerConnector@1eca3ea7{HTTP/1.1,[http/1.1]}{0.0.0.0:46586}
2019-10-02 22:46:35,584 [main] INFO  server.Server (Server.java:doStart(419)) - Started @214576ms
2019-10-02 22:46:35,585 [main] WARN  impl.MetricsSystemImpl (MetricsSystemImpl.java:register(276)) - Sink prometheus already exists!
2019-10-02 22:46:35,586 [main] INFO  server.BaseHttpServer (BaseHttpServer.java:updateConnectorAddress(215)) - HTTP server of HDDSDATANODE is listening at http://0.0.0.0:46586
2019-10-02 22:46:35,587 [main] INFO  impl.MetricsSystemImpl (MetricsSystemImpl.java:init(158)) - HddsDatanode metrics system started (again)
2019-10-02 22:46:35,591 [main] INFO  ozone.HddsDatanodeService (HddsDatanodeService.java:start(184)) - HddsDatanodeService host:pr-hdds1737-lts7z-2510321508 ip:192.168.30.30
2019-10-02 22:46:35,593 [org.apache.hadoop.util.JvmPauseMonitor$Monitor@38372a49] INFO  util.JvmPauseMonitor (JvmPauseMonitor.java:run(188)) - Starting JVM pause monitor
2019-10-02 22:46:35,602 [main] INFO  volume.HddsVolume (HddsVolume.java:<init>(176)) - Creating Volume: /workdir/hadoop-ozone/integration-test/target/test-dir/MiniOzoneClusterImpl-401d1527-d5ff-4795-9217-9f2aa99a19e1/datanode-1/data/containers/hdds of  storage type : DISK and capacity : 1482555576320
2019-10-02 22:46:35,603 [main] INFO  volume.VolumeSet (VolumeSet.java:initializeVolumeSet(170)) - Added Volume : /workdir/hadoop-ozone/integration-test/target/test-dir/MiniOzoneClusterImpl-401d1527-d5ff-4795-9217-9f2aa99a19e1/datanode-1/data/containers/hdds to VolumeSet
2019-10-02 22:46:35,603 [Datanode State Machine Thread - 0] INFO  datanode.InitDatanodeState (InitDatanodeState.java:persistContainerDatanodeDetails(140)) - DatanodeDetails is persisted to /workdir/hadoop-ozone/integration-test/target/test-dir/MiniOzoneClusterImpl-401d1527-d5ff-4795-9217-9f2aa99a19e1/datanode-0/meta/datanode.id
2019-10-02 22:46:35,603 [main] INFO  volume.ThrottledAsyncChecker (ThrottledAsyncChecker.java:schedule(139)) - Scheduling a check for org.apache.hadoop.ozone.container.common.volume.HddsVolume@9e02f84
2019-10-02 22:46:35,603 [main] INFO  volume.HddsVolumeChecker (HddsVolumeChecker.java:checkAllVolumes(202)) - Scheduled health check for volume org.apache.hadoop.ozone.container.common.volume.HddsVolume@9e02f84
2019-10-02 22:46:35,616 [main] INFO  impl.RaftServerProxy (ConfUtils.java:logGet(43)) - raft.rpc.type = GRPC (default)
2019-10-02 22:46:35,617 [main] INFO  grpc.GrpcFactory (GrpcFactory.java:checkPooledByteBufAllocatorUseCacheForAllThreads(45)) - PERFORMANCE WARNING: useCacheForAllThreads is true that may cause Netty to create a lot garbage objects and, as a result, trigger GC.
	It is recommended to disable useCacheForAllThreads by setting -Dorg.apache.ratis.thirdparty.io.netty.allocator.useCacheForAllThreads=false in command line.
2019-10-02 22:46:35,617 [main] INFO  grpc.GrpcConfigKeys$Server (ConfUtils.java:logGet(43)) - raft.grpc.server.port = 0 (default)
2019-10-02 22:46:35,617 [main] INFO  server.GrpcService (ConfUtils.java:logGet(43)) - raft.grpc.message.size.max = 33570816 (custom)
2019-10-02 22:46:35,617 [main] INFO  server.RaftServerConfigKeys (ConfUtils.java:logGet(43)) - raft.server.log.appender.buffer.byte-limit = 33554432 (custom)
2019-10-02 22:46:35,617 [main] INFO  server.GrpcService (ConfUtils.java:logGet(43)) - raft.grpc.flow.control.window = 1MB (=1048576) (default)
2019-10-02 22:46:35,618 [main] INFO  server.RaftServerConfigKeys (ConfUtils.java:logGet(43)) - raft.server.rpc.request.timeout = 3000ms (default)
2019-10-02 22:46:35,618 [main] INFO  server.RaftServerConfigKeys (ConfUtils.java:logGet(43)) - raft.server.storage.dir = [/workdir/hadoop-ozone/integration-test/target/test-dir/MiniOzoneClusterImpl-401d1527-d5ff-4795-9217-9f2aa99a19e1/datanode-1/data/ratis] (custom)
2019-10-02 22:46:35,619 [main] INFO  hdfs.DFSUtil (DFSUtil.java:httpServerTemplateForNNAndJN(1641)) - Starting Web-server for hddsDatanode at: http://0.0.0.0:0
2019-10-02 22:46:35,621 [main] INFO  server.AuthenticationFilter (AuthenticationFilter.java:constructSecretProvider(240)) - Unable to initialize FileSignerSecretProvider, falling back to use random secrets.
2019-10-02 22:46:35,621 [main] WARN  http.HttpRequestLog (HttpRequestLog.java:getRequestLog(97)) - Jetty request log can only be enabled using Log4j
2019-10-02 22:46:35,622 [main] INFO  http.HttpServer2 (HttpServer2.java:addGlobalFilter(975)) - Added global filter 'safety' (class=org.apache.hadoop.http.HttpServer2$QuotingInputFilter)
2019-10-02 22:46:35,623 [main] INFO  http.HttpServer2 (HttpServer2.java:addFilter(948)) - Added filter static_user_filter (class=org.apache.hadoop.http.lib.StaticUserWebFilter$StaticUserFilter) to context hddsDatanode
2019-10-02 22:46:35,623 [main] INFO  http.HttpServer2 (HttpServer2.java:addFilter(958)) - Added filter static_user_filter (class=org.apache.hadoop.http.lib.StaticUserWebFilter$StaticUserFilter) to context static
2019-10-02 22:46:35,623 [main] INFO  http.HttpServer2 (HttpServer2.java:addFilter(958)) - Added filter static_user_filter (class=org.apache.hadoop.http.lib.StaticUserWebFilter$StaticUserFilter) to context logs
2019-10-02 22:46:35,623 [main] INFO  http.HttpServer2 (HttpServer2.java:bindListener(1191)) - Jetty bound to port 35517
2019-10-02 22:46:35,624 [main] INFO  server.Server (Server.java:doStart(351)) - jetty-9.3.25.v20180904, build timestamp: 2018-09-04T21:11:46Z, git hash: 3ce520221d0240229c862b122d2b06c12a625732
2019-10-02 22:46:35,625 [main] INFO  handler.ContextHandler (ContextHandler.java:doStart(781)) - Started o.e.j.s.ServletContextHandler@30f28b5{/logs,file:///workdir/hadoop-ozone/integration-test/target/log,AVAILABLE}
2019-10-02 22:46:35,625 [main] INFO  handler.ContextHandler (ContextHandler.java:doStart(781)) - Started o.e.j.s.ServletContextHandler@6aa7e176{/static,jar:file:/home/user/.m2/repository/org/apache/hadoop/hadoop-hdds-container-service/0.5.0-SNAPSHOT/hadoop-hdds-container-service-0.5.0-SNAPSHOT.jar!/webapps/static,AVAILABLE}
2019-10-02 22:46:35,659 [main] INFO  handler.ContextHandler (ContextHandler.java:doStart(781)) - Started o.e.j.w.WebAppContext@35025a0a{/,file:///tmp/jetty-0.0.0.0-35517-hddsDatanode-_-any-8176211311141620584.dir/webapp/,AVAILABLE}{/hddsDatanode}
2019-10-02 22:46:35,660 [main] INFO  server.AbstractConnector (AbstractConnector.java:doStart(278)) - Started ServerConnector@38732364{HTTP/1.1,[http/1.1]}{0.0.0.0:35517}
2019-10-02 22:46:35,662 [main] INFO  server.Server (Server.java:doStart(419)) - Started @214653ms
2019-10-02 22:46:35,662 [main] WARN  impl.MetricsSystemImpl (MetricsSystemImpl.java:register(276)) - Sink prometheus already exists!
2019-10-02 22:46:35,663 [main] INFO  server.BaseHttpServer (BaseHttpServer.java:updateConnectorAddress(215)) - HTTP server of HDDSDATANODE is listening at http://0.0.0.0:35517
2019-10-02 22:46:35,664 [main] INFO  impl.MetricsSystemImpl (MetricsSystemImpl.java:init(158)) - HddsDatanode metrics system started (again)
2019-10-02 22:46:35,667 [org.apache.hadoop.util.JvmPauseMonitor$Monitor@a9228bb] INFO  util.JvmPauseMonitor (JvmPauseMonitor.java:run(188)) - Starting JVM pause monitor
2019-10-02 22:46:35,669 [Datanode State Machine Thread - 0] INFO  datanode.InitDatanodeState (InitDatanodeState.java:persistContainerDatanodeDetails(140)) - DatanodeDetails is persisted to /workdir/hadoop-ozone/integration-test/target/test-dir/MiniOzoneClusterImpl-401d1527-d5ff-4795-9217-9f2aa99a19e1/datanode-1/meta/datanode.id
2019-10-02 22:46:35,669 [main] INFO  ozone.HddsDatanodeService (HddsDatanodeService.java:start(184)) - HddsDatanodeService host:pr-hdds1737-lts7z-2510321508 ip:192.168.30.30
2019-10-02 22:46:35,676 [main] INFO  volume.HddsVolume (HddsVolume.java:<init>(176)) - Creating Volume: /workdir/hadoop-ozone/integration-test/target/test-dir/MiniOzoneClusterImpl-401d1527-d5ff-4795-9217-9f2aa99a19e1/datanode-2/data/containers/hdds of  storage type : DISK and capacity : 1482555576320
2019-10-02 22:46:35,676 [main] INFO  volume.VolumeSet (VolumeSet.java:initializeVolumeSet(170)) - Added Volume : /workdir/hadoop-ozone/integration-test/target/test-dir/MiniOzoneClusterImpl-401d1527-d5ff-4795-9217-9f2aa99a19e1/datanode-2/data/containers/hdds to VolumeSet
2019-10-02 22:46:35,676 [main] INFO  volume.ThrottledAsyncChecker (ThrottledAsyncChecker.java:schedule(139)) - Scheduling a check for org.apache.hadoop.ozone.container.common.volume.HddsVolume@6ddd1c51
2019-10-02 22:46:35,677 [main] INFO  volume.HddsVolumeChecker (HddsVolumeChecker.java:checkAllVolumes(202)) - Scheduled health check for volume org.apache.hadoop.ozone.container.common.volume.HddsVolume@6ddd1c51
2019-10-02 22:46:35,692 [main] INFO  impl.RaftServerProxy (ConfUtils.java:logGet(43)) - raft.rpc.type = GRPC (default)
2019-10-02 22:46:35,692 [main] INFO  grpc.GrpcFactory (GrpcFactory.java:checkPooledByteBufAllocatorUseCacheForAllThreads(45)) - PERFORMANCE WARNING: useCacheForAllThreads is true that may cause Netty to create a lot garbage objects and, as a result, trigger GC.
	It is recommended to disable useCacheForAllThreads by setting -Dorg.apache.ratis.thirdparty.io.netty.allocator.useCacheForAllThreads=false in command line.
2019-10-02 22:46:35,693 [main] INFO  grpc.GrpcConfigKeys$Server (ConfUtils.java:logGet(43)) - raft.grpc.server.port = 0 (default)
2019-10-02 22:46:35,693 [main] INFO  server.GrpcService (ConfUtils.java:logGet(43)) - raft.grpc.message.size.max = 33570816 (custom)
2019-10-02 22:46:35,693 [main] INFO  server.RaftServerConfigKeys (ConfUtils.java:logGet(43)) - raft.server.log.appender.buffer.byte-limit = 33554432 (custom)
2019-10-02 22:46:35,693 [main] INFO  server.GrpcService (ConfUtils.java:logGet(43)) - raft.grpc.flow.control.window = 1MB (=1048576) (default)
2019-10-02 22:46:35,693 [main] INFO  server.RaftServerConfigKeys (ConfUtils.java:logGet(43)) - raft.server.rpc.request.timeout = 3000ms (default)
2019-10-02 22:46:35,694 [main] INFO  server.RaftServerConfigKeys (ConfUtils.java:logGet(43)) - raft.server.storage.dir = [/workdir/hadoop-ozone/integration-test/target/test-dir/MiniOzoneClusterImpl-401d1527-d5ff-4795-9217-9f2aa99a19e1/datanode-2/data/ratis] (custom)
2019-10-02 22:46:35,695 [main] INFO  hdfs.DFSUtil (DFSUtil.java:httpServerTemplateForNNAndJN(1641)) - Starting Web-server for hddsDatanode at: http://0.0.0.0:0
2019-10-02 22:46:35,697 [main] INFO  server.AuthenticationFilter (AuthenticationFilter.java:constructSecretProvider(240)) - Unable to initialize FileSignerSecretProvider, falling back to use random secrets.
2019-10-02 22:46:35,697 [main] WARN  http.HttpRequestLog (HttpRequestLog.java:getRequestLog(97)) - Jetty request log can only be enabled using Log4j
2019-10-02 22:46:35,698 [main] INFO  http.HttpServer2 (HttpServer2.java:addGlobalFilter(975)) - Added global filter 'safety' (class=org.apache.hadoop.http.HttpServer2$QuotingInputFilter)
2019-10-02 22:46:35,699 [main] INFO  http.HttpServer2 (HttpServer2.java:addFilter(948)) - Added filter static_user_filter (class=org.apache.hadoop.http.lib.StaticUserWebFilter$StaticUserFilter) to context hddsDatanode
2019-10-02 22:46:35,699 [main] INFO  http.HttpServer2 (HttpServer2.java:addFilter(958)) - Added filter static_user_filter (class=org.apache.hadoop.http.lib.StaticUserWebFilter$StaticUserFilter) to context logs
2019-10-02 22:46:35,699 [main] INFO  http.HttpServer2 (HttpServer2.java:addFilter(958)) - Added filter static_user_filter (class=org.apache.hadoop.http.lib.StaticUserWebFilter$StaticUserFilter) to context static
2019-10-02 22:46:35,700 [main] INFO  http.HttpServer2 (HttpServer2.java:bindListener(1191)) - Jetty bound to port 45861
2019-10-02 22:46:35,700 [main] INFO  server.Server (Server.java:doStart(351)) - jetty-9.3.25.v20180904, build timestamp: 2018-09-04T21:11:46Z, git hash: 3ce520221d0240229c862b122d2b06c12a625732
2019-10-02 22:46:35,701 [main] INFO  handler.ContextHandler (ContextHandler.java:doStart(781)) - Started o.e.j.s.ServletContextHandler@76396509{/logs,file:///workdir/hadoop-ozone/integration-test/target/log,AVAILABLE}
2019-10-02 22:46:35,702 [main] INFO  handler.ContextHandler (ContextHandler.java:doStart(781)) - Started o.e.j.s.ServletContextHandler@51ac12ac{/static,jar:file:/home/user/.m2/repository/org/apache/hadoop/hadoop-hdds-container-service/0.5.0-SNAPSHOT/hadoop-hdds-container-service-0.5.0-SNAPSHOT.jar!/webapps/static,AVAILABLE}
2019-10-02 22:46:35,728 [main] INFO  handler.ContextHandler (ContextHandler.java:doStart(781)) - Started o.e.j.w.WebAppContext@17ff8810{/,file:///tmp/jetty-0.0.0.0-45861-hddsDatanode-_-any-2931766991899100448.dir/webapp/,AVAILABLE}{/hddsDatanode}
2019-10-02 22:46:35,729 [main] INFO  server.AbstractConnector (AbstractConnector.java:doStart(278)) - Started ServerConnector@6c951ada{HTTP/1.1,[http/1.1]}{0.0.0.0:45861}
2019-10-02 22:46:35,731 [main] INFO  server.Server (Server.java:doStart(419)) - Started @214722ms
2019-10-02 22:46:35,731 [main] WARN  impl.MetricsSystemImpl (MetricsSystemImpl.java:register(276)) - Sink prometheus already exists!
2019-10-02 22:46:35,732 [main] INFO  server.BaseHttpServer (BaseHttpServer.java:updateConnectorAddress(215)) - HTTP server of HDDSDATANODE is listening at http://0.0.0.0:45861
2019-10-02 22:46:35,732 [main] INFO  impl.MetricsSystemImpl (MetricsSystemImpl.java:init(158)) - HddsDatanode metrics system started (again)
2019-10-02 22:46:35,736 [org.apache.hadoop.util.JvmPauseMonitor$Monitor@12516705] INFO  util.JvmPauseMonitor (JvmPauseMonitor.java:run(188)) - Starting JVM pause monitor
2019-10-02 22:46:35,736 [main] INFO  ozone.HddsDatanodeService (HddsDatanodeService.java:start(184)) - HddsDatanodeService host:pr-hdds1737-lts7z-2510321508 ip:192.168.30.30
2019-10-02 22:46:35,737 [Datanode State Machine Thread - 0] INFO  datanode.InitDatanodeState (InitDatanodeState.java:persistContainerDatanodeDetails(140)) - DatanodeDetails is persisted to /workdir/hadoop-ozone/integration-test/target/test-dir/MiniOzoneClusterImpl-401d1527-d5ff-4795-9217-9f2aa99a19e1/datanode-2/meta/datanode.id
2019-10-02 22:46:35,743 [main] INFO  volume.HddsVolume (HddsVolume.java:<init>(176)) - Creating Volume: /workdir/hadoop-ozone/integration-test/target/test-dir/MiniOzoneClusterImpl-401d1527-d5ff-4795-9217-9f2aa99a19e1/datanode-3/data/containers/hdds of  storage type : DISK and capacity : 1482555576320
2019-10-02 22:46:35,743 [main] INFO  volume.VolumeSet (VolumeSet.java:initializeVolumeSet(170)) - Added Volume : /workdir/hadoop-ozone/integration-test/target/test-dir/MiniOzoneClusterImpl-401d1527-d5ff-4795-9217-9f2aa99a19e1/datanode-3/data/containers/hdds to VolumeSet
2019-10-02 22:46:35,743 [main] INFO  volume.ThrottledAsyncChecker (ThrottledAsyncChecker.java:schedule(139)) - Scheduling a check for org.apache.hadoop.ozone.container.common.volume.HddsVolume@367d34c0
2019-10-02 22:46:35,744 [main] INFO  volume.HddsVolumeChecker (HddsVolumeChecker.java:checkAllVolumes(202)) - Scheduled health check for volume org.apache.hadoop.ozone.container.common.volume.HddsVolume@367d34c0
2019-10-02 22:46:35,756 [main] INFO  impl.RaftServerProxy (ConfUtils.java:logGet(43)) - raft.rpc.type = GRPC (default)
2019-10-02 22:46:35,757 [main] INFO  grpc.GrpcFactory (GrpcFactory.java:checkPooledByteBufAllocatorUseCacheForAllThreads(45)) - PERFORMANCE WARNING: useCacheForAllThreads is true that may cause Netty to create a lot garbage objects and, as a result, trigger GC.
	It is recommended to disable useCacheForAllThreads by setting -Dorg.apache.ratis.thirdparty.io.netty.allocator.useCacheForAllThreads=false in command line.
2019-10-02 22:46:35,757 [main] INFO  grpc.GrpcConfigKeys$Server (ConfUtils.java:logGet(43)) - raft.grpc.server.port = 0 (default)
2019-10-02 22:46:35,757 [main] INFO  server.GrpcService (ConfUtils.java:logGet(43)) - raft.grpc.message.size.max = 33570816 (custom)
2019-10-02 22:46:35,757 [main] INFO  server.RaftServerConfigKeys (ConfUtils.java:logGet(43)) - raft.server.log.appender.buffer.byte-limit = 33554432 (custom)
2019-10-02 22:46:35,757 [main] INFO  server.GrpcService (ConfUtils.java:logGet(43)) - raft.grpc.flow.control.window = 1MB (=1048576) (default)
2019-10-02 22:46:35,758 [main] INFO  server.RaftServerConfigKeys (ConfUtils.java:logGet(43)) - raft.server.rpc.request.timeout = 3000ms (default)
2019-10-02 22:46:35,758 [main] INFO  server.RaftServerConfigKeys (ConfUtils.java:logGet(43)) - raft.server.storage.dir = [/workdir/hadoop-ozone/integration-test/target/test-dir/MiniOzoneClusterImpl-401d1527-d5ff-4795-9217-9f2aa99a19e1/datanode-3/data/ratis] (custom)
2019-10-02 22:46:35,759 [main] INFO  hdfs.DFSUtil (DFSUtil.java:httpServerTemplateForNNAndJN(1641)) - Starting Web-server for hddsDatanode at: http://0.0.0.0:0
2019-10-02 22:46:35,761 [main] INFO  server.AuthenticationFilter (AuthenticationFilter.java:constructSecretProvider(240)) - Unable to initialize FileSignerSecretProvider, falling back to use random secrets.
2019-10-02 22:46:35,761 [main] WARN  http.HttpRequestLog (HttpRequestLog.java:getRequestLog(97)) - Jetty request log can only be enabled using Log4j
2019-10-02 22:46:35,763 [main] INFO  http.HttpServer2 (HttpServer2.java:addGlobalFilter(975)) - Added global filter 'safety' (class=org.apache.hadoop.http.HttpServer2$QuotingInputFilter)
2019-10-02 22:46:35,764 [main] INFO  http.HttpServer2 (HttpServer2.java:addFilter(948)) - Added filter static_user_filter (class=org.apache.hadoop.http.lib.StaticUserWebFilter$StaticUserFilter) to context hddsDatanode
2019-10-02 22:46:35,764 [main] INFO  http.HttpServer2 (HttpServer2.java:addFilter(958)) - Added filter static_user_filter (class=org.apache.hadoop.http.lib.StaticUserWebFilter$StaticUserFilter) to context static
2019-10-02 22:46:35,764 [main] INFO  http.HttpServer2 (HttpServer2.java:addFilter(958)) - Added filter static_user_filter (class=org.apache.hadoop.http.lib.StaticUserWebFilter$StaticUserFilter) to context logs
2019-10-02 22:46:35,765 [main] INFO  http.HttpServer2 (HttpServer2.java:bindListener(1191)) - Jetty bound to port 39877
2019-10-02 22:46:35,765 [main] INFO  server.Server (Server.java:doStart(351)) - jetty-9.3.25.v20180904, build timestamp: 2018-09-04T21:11:46Z, git hash: 3ce520221d0240229c862b122d2b06c12a625732
2019-10-02 22:46:35,767 [main] INFO  handler.ContextHandler (ContextHandler.java:doStart(781)) - Started o.e.j.s.ServletContextHandler@3815146b{/logs,file:///workdir/hadoop-ozone/integration-test/target/log,AVAILABLE}
2019-10-02 22:46:35,767 [main] INFO  handler.ContextHandler (ContextHandler.java:doStart(781)) - Started o.e.j.s.ServletContextHandler@27a9f025{/static,jar:file:/home/user/.m2/repository/org/apache/hadoop/hadoop-hdds-container-service/0.5.0-SNAPSHOT/hadoop-hdds-container-service-0.5.0-SNAPSHOT.jar!/webapps/static,AVAILABLE}
2019-10-02 22:46:35,798 [main] INFO  handler.ContextHandler (ContextHandler.java:doStart(781)) - Started o.e.j.w.WebAppContext@252ec02e{/,file:///tmp/jetty-0.0.0.0-39877-hddsDatanode-_-any-7884193477285066021.dir/webapp/,AVAILABLE}{/hddsDatanode}
2019-10-02 22:46:35,798 [main] INFO  server.AbstractConnector (AbstractConnector.java:doStart(278)) - Started ServerConnector@11e9ac24{HTTP/1.1,[http/1.1]}{0.0.0.0:39877}
2019-10-02 22:46:35,801 [main] INFO  server.Server (Server.java:doStart(419)) - Started @214792ms
2019-10-02 22:46:35,801 [main] WARN  impl.MetricsSystemImpl (MetricsSystemImpl.java:register(276)) - Sink prometheus already exists!
2019-10-02 22:46:35,802 [main] INFO  server.BaseHttpServer (BaseHttpServer.java:updateConnectorAddress(215)) - HTTP server of HDDSDATANODE is listening at http://0.0.0.0:39877
2019-10-02 22:46:35,802 [main] INFO  impl.MetricsSystemImpl (MetricsSystemImpl.java:init(158)) - HddsDatanode metrics system started (again)
2019-10-02 22:46:35,806 [org.apache.hadoop.util.JvmPauseMonitor$Monitor@7367319f] INFO  util.JvmPauseMonitor (JvmPauseMonitor.java:run(188)) - Starting JVM pause monitor
2019-10-02 22:46:35,807 [main] INFO  ozone.HddsDatanodeService (HddsDatanodeService.java:start(184)) - HddsDatanodeService host:pr-hdds1737-lts7z-2510321508 ip:192.168.30.30
2019-10-02 22:46:35,807 [Datanode State Machine Thread - 0] INFO  datanode.InitDatanodeState (InitDatanodeState.java:persistContainerDatanodeDetails(140)) - DatanodeDetails is persisted to /workdir/hadoop-ozone/integration-test/target/test-dir/MiniOzoneClusterImpl-401d1527-d5ff-4795-9217-9f2aa99a19e1/datanode-3/meta/datanode.id
2019-10-02 22:46:35,814 [main] INFO  volume.HddsVolume (HddsVolume.java:<init>(176)) - Creating Volume: /workdir/hadoop-ozone/integration-test/target/test-dir/MiniOzoneClusterImpl-401d1527-d5ff-4795-9217-9f2aa99a19e1/datanode-4/data/containers/hdds of  storage type : DISK and capacity : 1482555576320
2019-10-02 22:46:35,814 [main] INFO  volume.VolumeSet (VolumeSet.java:initializeVolumeSet(170)) - Added Volume : /workdir/hadoop-ozone/integration-test/target/test-dir/MiniOzoneClusterImpl-401d1527-d5ff-4795-9217-9f2aa99a19e1/datanode-4/data/containers/hdds to VolumeSet
2019-10-02 22:46:35,814 [main] INFO  volume.ThrottledAsyncChecker (ThrottledAsyncChecker.java:schedule(139)) - Scheduling a check for org.apache.hadoop.ozone.container.common.volume.HddsVolume@2bd8f7db
2019-10-02 22:46:35,815 [main] INFO  volume.HddsVolumeChecker (HddsVolumeChecker.java:checkAllVolumes(202)) - Scheduled health check for volume org.apache.hadoop.ozone.container.common.volume.HddsVolume@2bd8f7db
2019-10-02 22:46:35,828 [main] INFO  impl.RaftServerProxy (ConfUtils.java:logGet(43)) - raft.rpc.type = GRPC (default)
2019-10-02 22:46:35,828 [main] INFO  grpc.GrpcFactory (GrpcFactory.java:checkPooledByteBufAllocatorUseCacheForAllThreads(45)) - PERFORMANCE WARNING: useCacheForAllThreads is true that may cause Netty to create a lot garbage objects and, as a result, trigger GC.
	It is recommended to disable useCacheForAllThreads by setting -Dorg.apache.ratis.thirdparty.io.netty.allocator.useCacheForAllThreads=false in command line.
2019-10-02 22:46:35,828 [main] INFO  grpc.GrpcConfigKeys$Server (ConfUtils.java:logGet(43)) - raft.grpc.server.port = 0 (default)
2019-10-02 22:46:35,828 [main] INFO  server.GrpcService (ConfUtils.java:logGet(43)) - raft.grpc.message.size.max = 33570816 (custom)
2019-10-02 22:46:35,828 [main] INFO  server.RaftServerConfigKeys (ConfUtils.java:logGet(43)) - raft.server.log.appender.buffer.byte-limit = 33554432 (custom)
2019-10-02 22:46:35,829 [main] INFO  server.GrpcService (ConfUtils.java:logGet(43)) - raft.grpc.flow.control.window = 1MB (=1048576) (default)
2019-10-02 22:46:35,829 [main] INFO  server.RaftServerConfigKeys (ConfUtils.java:logGet(43)) - raft.server.rpc.request.timeout = 3000ms (default)
2019-10-02 22:46:35,829 [main] INFO  server.RaftServerConfigKeys (ConfUtils.java:logGet(43)) - raft.server.storage.dir = [/workdir/hadoop-ozone/integration-test/target/test-dir/MiniOzoneClusterImpl-401d1527-d5ff-4795-9217-9f2aa99a19e1/datanode-4/data/ratis] (custom)
2019-10-02 22:46:35,831 [main] INFO  hdfs.DFSUtil (DFSUtil.java:httpServerTemplateForNNAndJN(1641)) - Starting Web-server for hddsDatanode at: http://0.0.0.0:0
2019-10-02 22:46:35,832 [main] INFO  server.AuthenticationFilter (AuthenticationFilter.java:constructSecretProvider(240)) - Unable to initialize FileSignerSecretProvider, falling back to use random secrets.
2019-10-02 22:46:35,832 [main] WARN  http.HttpRequestLog (HttpRequestLog.java:getRequestLog(97)) - Jetty request log can only be enabled using Log4j
2019-10-02 22:46:35,834 [main] INFO  http.HttpServer2 (HttpServer2.java:addGlobalFilter(975)) - Added global filter 'safety' (class=org.apache.hadoop.http.HttpServer2$QuotingInputFilter)
2019-10-02 22:46:35,835 [main] INFO  http.HttpServer2 (HttpServer2.java:addFilter(948)) - Added filter static_user_filter (class=org.apache.hadoop.http.lib.StaticUserWebFilter$StaticUserFilter) to context hddsDatanode
2019-10-02 22:46:35,835 [main] INFO  http.HttpServer2 (HttpServer2.java:addFilter(958)) - Added filter static_user_filter (class=org.apache.hadoop.http.lib.StaticUserWebFilter$StaticUserFilter) to context logs
2019-10-02 22:46:35,835 [main] INFO  http.HttpServer2 (HttpServer2.java:addFilter(958)) - Added filter static_user_filter (class=org.apache.hadoop.http.lib.StaticUserWebFilter$StaticUserFilter) to context static
2019-10-02 22:46:35,836 [main] INFO  http.HttpServer2 (HttpServer2.java:bindListener(1191)) - Jetty bound to port 37566
2019-10-02 22:46:35,836 [main] INFO  server.Server (Server.java:doStart(351)) - jetty-9.3.25.v20180904, build timestamp: 2018-09-04T21:11:46Z, git hash: 3ce520221d0240229c862b122d2b06c12a625732
2019-10-02 22:46:35,837 [main] INFO  handler.ContextHandler (ContextHandler.java:doStart(781)) - Started o.e.j.s.ServletContextHandler@10b8b900{/logs,file:///workdir/hadoop-ozone/integration-test/target/log,AVAILABLE}
2019-10-02 22:46:35,838 [main] INFO  handler.ContextHandler (ContextHandler.java:doStart(781)) - Started o.e.j.s.ServletContextHandler@2801827a{/static,jar:file:/home/user/.m2/repository/org/apache/hadoop/hadoop-hdds-container-service/0.5.0-SNAPSHOT/hadoop-hdds-container-service-0.5.0-SNAPSHOT.jar!/webapps/static,AVAILABLE}
2019-10-02 22:46:35,871 [main] INFO  handler.ContextHandler (ContextHandler.java:doStart(781)) - Started o.e.j.w.WebAppContext@7ac48e10{/,file:///tmp/jetty-0.0.0.0-37566-hddsDatanode-_-any-8828948927869930280.dir/webapp/,AVAILABLE}{/hddsDatanode}
2019-10-02 22:46:35,872 [main] INFO  server.AbstractConnector (AbstractConnector.java:doStart(278)) - Started ServerConnector@52354202{HTTP/1.1,[http/1.1]}{0.0.0.0:37566}
2019-10-02 22:46:35,873 [main] INFO  server.Server (Server.java:doStart(419)) - Started @214864ms
2019-10-02 22:46:35,873 [main] WARN  impl.MetricsSystemImpl (MetricsSystemImpl.java:register(276)) - Sink prometheus already exists!
2019-10-02 22:46:35,874 [main] INFO  server.BaseHttpServer (BaseHttpServer.java:updateConnectorAddress(215)) - HTTP server of HDDSDATANODE is listening at http://0.0.0.0:37566
2019-10-02 22:46:35,874 [main] INFO  impl.MetricsSystemImpl (MetricsSystemImpl.java:init(158)) - HddsDatanode metrics system started (again)
2019-10-02 22:46:35,879 [org.apache.hadoop.util.JvmPauseMonitor$Monitor@33805b26] INFO  util.JvmPauseMonitor (JvmPauseMonitor.java:run(188)) - Starting JVM pause monitor
2019-10-02 22:46:35,879 [main] INFO  ozone.HddsDatanodeService (HddsDatanodeService.java:start(184)) - HddsDatanodeService host:pr-hdds1737-lts7z-2510321508 ip:192.168.30.30
2019-10-02 22:46:35,880 [Datanode State Machine Thread - 0] INFO  datanode.InitDatanodeState (InitDatanodeState.java:persistContainerDatanodeDetails(140)) - DatanodeDetails is persisted to /workdir/hadoop-ozone/integration-test/target/test-dir/MiniOzoneClusterImpl-401d1527-d5ff-4795-9217-9f2aa99a19e1/datanode-4/meta/datanode.id
2019-10-02 22:46:35,885 [main] INFO  volume.HddsVolume (HddsVolume.java:<init>(176)) - Creating Volume: /workdir/hadoop-ozone/integration-test/target/test-dir/MiniOzoneClusterImpl-401d1527-d5ff-4795-9217-9f2aa99a19e1/datanode-5/data/containers/hdds of  storage type : DISK and capacity : 1482555576320
2019-10-02 22:46:35,885 [main] INFO  volume.VolumeSet (VolumeSet.java:initializeVolumeSet(170)) - Added Volume : /workdir/hadoop-ozone/integration-test/target/test-dir/MiniOzoneClusterImpl-401d1527-d5ff-4795-9217-9f2aa99a19e1/datanode-5/data/containers/hdds to VolumeSet
2019-10-02 22:46:35,886 [main] INFO  volume.ThrottledAsyncChecker (ThrottledAsyncChecker.java:schedule(139)) - Scheduling a check for org.apache.hadoop.ozone.container.common.volume.HddsVolume@79df80a4
2019-10-02 22:46:35,886 [main] INFO  volume.HddsVolumeChecker (HddsVolumeChecker.java:checkAllVolumes(202)) - Scheduled health check for volume org.apache.hadoop.ozone.container.common.volume.HddsVolume@79df80a4
2019-10-02 22:46:35,898 [main] INFO  impl.RaftServerProxy (ConfUtils.java:logGet(43)) - raft.rpc.type = GRPC (default)
2019-10-02 22:46:35,898 [main] INFO  grpc.GrpcFactory (GrpcFactory.java:checkPooledByteBufAllocatorUseCacheForAllThreads(45)) - PERFORMANCE WARNING: useCacheForAllThreads is true that may cause Netty to create a lot garbage objects and, as a result, trigger GC.
	It is recommended to disable useCacheForAllThreads by setting -Dorg.apache.ratis.thirdparty.io.netty.allocator.useCacheForAllThreads=false in command line.
2019-10-02 22:46:35,898 [main] INFO  grpc.GrpcConfigKeys$Server (ConfUtils.java:logGet(43)) - raft.grpc.server.port = 0 (default)
2019-10-02 22:46:35,898 [main] INFO  server.GrpcService (ConfUtils.java:logGet(43)) - raft.grpc.message.size.max = 33570816 (custom)
2019-10-02 22:46:35,898 [main] INFO  server.RaftServerConfigKeys (ConfUtils.java:logGet(43)) - raft.server.log.appender.buffer.byte-limit = 33554432 (custom)
2019-10-02 22:46:35,899 [main] INFO  server.GrpcService (ConfUtils.java:logGet(43)) - raft.grpc.flow.control.window = 1MB (=1048576) (default)
2019-10-02 22:46:35,899 [main] INFO  server.RaftServerConfigKeys (ConfUtils.java:logGet(43)) - raft.server.rpc.request.timeout = 3000ms (default)
2019-10-02 22:46:35,899 [main] INFO  server.RaftServerConfigKeys (ConfUtils.java:logGet(43)) - raft.server.storage.dir = [/workdir/hadoop-ozone/integration-test/target/test-dir/MiniOzoneClusterImpl-401d1527-d5ff-4795-9217-9f2aa99a19e1/datanode-5/data/ratis] (custom)
2019-10-02 22:46:35,900 [main] INFO  hdfs.DFSUtil (DFSUtil.java:httpServerTemplateForNNAndJN(1641)) - Starting Web-server for hddsDatanode at: http://0.0.0.0:0
2019-10-02 22:46:35,902 [main] INFO  server.AuthenticationFilter (AuthenticationFilter.java:constructSecretProvider(240)) - Unable to initialize FileSignerSecretProvider, falling back to use random secrets.
2019-10-02 22:46:35,902 [main] WARN  http.HttpRequestLog (HttpRequestLog.java:getRequestLog(97)) - Jetty request log can only be enabled using Log4j
2019-10-02 22:46:35,903 [main] INFO  http.HttpServer2 (HttpServer2.java:addGlobalFilter(975)) - Added global filter 'safety' (class=org.apache.hadoop.http.HttpServer2$QuotingInputFilter)
2019-10-02 22:46:35,904 [main] INFO  http.HttpServer2 (HttpServer2.java:addFilter(948)) - Added filter static_user_filter (class=org.apache.hadoop.http.lib.StaticUserWebFilter$StaticUserFilter) to context hddsDatanode
2019-10-02 22:46:35,904 [main] INFO  http.HttpServer2 (HttpServer2.java:addFilter(958)) - Added filter static_user_filter (class=org.apache.hadoop.http.lib.StaticUserWebFilter$StaticUserFilter) to context static
2019-10-02 22:46:35,904 [main] INFO  http.HttpServer2 (HttpServer2.java:addFilter(958)) - Added filter static_user_filter (class=org.apache.hadoop.http.lib.StaticUserWebFilter$StaticUserFilter) to context logs
2019-10-02 22:46:35,905 [main] INFO  http.HttpServer2 (HttpServer2.java:bindListener(1191)) - Jetty bound to port 37521
2019-10-02 22:46:35,905 [main] INFO  server.Server (Server.java:doStart(351)) - jetty-9.3.25.v20180904, build timestamp: 2018-09-04T21:11:46Z, git hash: 3ce520221d0240229c862b122d2b06c12a625732
2019-10-02 22:46:35,906 [main] INFO  handler.ContextHandler (ContextHandler.java:doStart(781)) - Started o.e.j.s.ServletContextHandler@3a4a5f3c{/logs,file:///workdir/hadoop-ozone/integration-test/target/log,AVAILABLE}
2019-10-02 22:46:35,906 [main] INFO  handler.ContextHandler (ContextHandler.java:doStart(781)) - Started o.e.j.s.ServletContextHandler@586cc15d{/static,jar:file:/home/user/.m2/repository/org/apache/hadoop/hadoop-hdds-container-service/0.5.0-SNAPSHOT/hadoop-hdds-container-service-0.5.0-SNAPSHOT.jar!/webapps/static,AVAILABLE}
2019-10-02 22:46:35,931 [main] INFO  handler.ContextHandler (ContextHandler.java:doStart(781)) - Started o.e.j.w.WebAppContext@6750e381{/,file:///tmp/jetty-0.0.0.0-37521-hddsDatanode-_-any-2775192285307054765.dir/webapp/,AVAILABLE}{/hddsDatanode}
2019-10-02 22:46:35,932 [main] INFO  server.AbstractConnector (AbstractConnector.java:doStart(278)) - Started ServerConnector@5d850a25{HTTP/1.1,[http/1.1]}{0.0.0.0:37521}
2019-10-02 22:46:35,933 [main] INFO  server.Server (Server.java:doStart(419)) - Started @214924ms
2019-10-02 22:46:35,933 [main] WARN  impl.MetricsSystemImpl (MetricsSystemImpl.java:register(276)) - Sink prometheus already exists!
2019-10-02 22:46:35,934 [main] INFO  server.BaseHttpServer (BaseHttpServer.java:updateConnectorAddress(215)) - HTTP server of HDDSDATANODE is listening at http://0.0.0.0:37521
2019-10-02 22:46:35,934 [main] INFO  impl.MetricsSystemImpl (MetricsSystemImpl.java:init(158)) - HddsDatanode metrics system started (again)
2019-10-02 22:46:35,939 [org.apache.hadoop.util.JvmPauseMonitor$Monitor@1320e64b] INFO  util.JvmPauseMonitor (JvmPauseMonitor.java:run(188)) - Starting JVM pause monitor
2019-10-02 22:46:35,940 [main] INFO  ozone.HddsDatanodeService (HddsDatanodeService.java:start(184)) - HddsDatanodeService host:pr-hdds1737-lts7z-2510321508 ip:192.168.30.30
2019-10-02 22:46:35,940 [Datanode State Machine Thread - 0] INFO  datanode.InitDatanodeState (InitDatanodeState.java:persistContainerDatanodeDetails(140)) - DatanodeDetails is persisted to /workdir/hadoop-ozone/integration-test/target/test-dir/MiniOzoneClusterImpl-401d1527-d5ff-4795-9217-9f2aa99a19e1/datanode-5/meta/datanode.id
2019-10-02 22:46:35,946 [main] INFO  volume.HddsVolume (HddsVolume.java:<init>(176)) - Creating Volume: /workdir/hadoop-ozone/integration-test/target/test-dir/MiniOzoneClusterImpl-401d1527-d5ff-4795-9217-9f2aa99a19e1/datanode-6/data/containers/hdds of  storage type : DISK and capacity : 1482555576320
2019-10-02 22:46:35,946 [main] INFO  volume.VolumeSet (VolumeSet.java:initializeVolumeSet(170)) - Added Volume : /workdir/hadoop-ozone/integration-test/target/test-dir/MiniOzoneClusterImpl-401d1527-d5ff-4795-9217-9f2aa99a19e1/datanode-6/data/containers/hdds to VolumeSet
2019-10-02 22:46:35,946 [main] INFO  volume.ThrottledAsyncChecker (ThrottledAsyncChecker.java:schedule(139)) - Scheduling a check for org.apache.hadoop.ozone.container.common.volume.HddsVolume@46a8c2b4
2019-10-02 22:46:35,947 [main] INFO  volume.HddsVolumeChecker (HddsVolumeChecker.java:checkAllVolumes(202)) - Scheduled health check for volume org.apache.hadoop.ozone.container.common.volume.HddsVolume@46a8c2b4
2019-10-02 22:46:35,959 [main] INFO  impl.RaftServerProxy (ConfUtils.java:logGet(43)) - raft.rpc.type = GRPC (default)
2019-10-02 22:46:35,960 [main] INFO  grpc.GrpcFactory (GrpcFactory.java:checkPooledByteBufAllocatorUseCacheForAllThreads(45)) - PERFORMANCE WARNING: useCacheForAllThreads is true that may cause Netty to create a lot garbage objects and, as a result, trigger GC.
	It is recommended to disable useCacheForAllThreads by setting -Dorg.apache.ratis.thirdparty.io.netty.allocator.useCacheForAllThreads=false in command line.
2019-10-02 22:46:35,960 [main] INFO  grpc.GrpcConfigKeys$Server (ConfUtils.java:logGet(43)) - raft.grpc.server.port = 0 (default)
2019-10-02 22:46:35,960 [main] INFO  server.GrpcService (ConfUtils.java:logGet(43)) - raft.grpc.message.size.max = 33570816 (custom)
2019-10-02 22:46:35,960 [main] INFO  server.RaftServerConfigKeys (ConfUtils.java:logGet(43)) - raft.server.log.appender.buffer.byte-limit = 33554432 (custom)
2019-10-02 22:46:35,960 [main] INFO  server.GrpcService (ConfUtils.java:logGet(43)) - raft.grpc.flow.control.window = 1MB (=1048576) (default)
2019-10-02 22:46:35,960 [main] INFO  server.RaftServerConfigKeys (ConfUtils.java:logGet(43)) - raft.server.rpc.request.timeout = 3000ms (default)
2019-10-02 22:46:35,961 [main] INFO  server.RaftServerConfigKeys (ConfUtils.java:logGet(43)) - raft.server.storage.dir = [/workdir/hadoop-ozone/integration-test/target/test-dir/MiniOzoneClusterImpl-401d1527-d5ff-4795-9217-9f2aa99a19e1/datanode-6/data/ratis] (custom)
2019-10-02 22:46:35,962 [main] INFO  hdfs.DFSUtil (DFSUtil.java:httpServerTemplateForNNAndJN(1641)) - Starting Web-server for hddsDatanode at: http://0.0.0.0:0
2019-10-02 22:46:35,963 [main] INFO  server.AuthenticationFilter (AuthenticationFilter.java:constructSecretProvider(240)) - Unable to initialize FileSignerSecretProvider, falling back to use random secrets.
2019-10-02 22:46:35,964 [main] WARN  http.HttpRequestLog (HttpRequestLog.java:getRequestLog(97)) - Jetty request log can only be enabled using Log4j
2019-10-02 22:46:35,965 [main] INFO  http.HttpServer2 (HttpServer2.java:addGlobalFilter(975)) - Added global filter 'safety' (class=org.apache.hadoop.http.HttpServer2$QuotingInputFilter)
2019-10-02 22:46:35,966 [main] INFO  http.HttpServer2 (HttpServer2.java:addFilter(948)) - Added filter static_user_filter (class=org.apache.hadoop.http.lib.StaticUserWebFilter$StaticUserFilter) to context hddsDatanode
2019-10-02 22:46:35,966 [main] INFO  http.HttpServer2 (HttpServer2.java:addFilter(958)) - Added filter static_user_filter (class=org.apache.hadoop.http.lib.StaticUserWebFilter$StaticUserFilter) to context static
2019-10-02 22:46:35,966 [main] INFO  http.HttpServer2 (HttpServer2.java:addFilter(958)) - Added filter static_user_filter (class=org.apache.hadoop.http.lib.StaticUserWebFilter$StaticUserFilter) to context logs
2019-10-02 22:46:35,967 [main] INFO  http.HttpServer2 (HttpServer2.java:bindListener(1191)) - Jetty bound to port 40673
2019-10-02 22:46:35,967 [main] INFO  server.Server (Server.java:doStart(351)) - jetty-9.3.25.v20180904, build timestamp: 2018-09-04T21:11:46Z, git hash: 3ce520221d0240229c862b122d2b06c12a625732
2019-10-02 22:46:35,968 [main] INFO  handler.ContextHandler (ContextHandler.java:doStart(781)) - Started o.e.j.s.ServletContextHandler@2726a511{/logs,file:///workdir/hadoop-ozone/integration-test/target/log,AVAILABLE}
2019-10-02 22:46:35,968 [main] INFO  handler.ContextHandler (ContextHandler.java:doStart(781)) - Started o.e.j.s.ServletContextHandler@686cf8ad{/static,jar:file:/home/user/.m2/repository/org/apache/hadoop/hadoop-hdds-container-service/0.5.0-SNAPSHOT/hadoop-hdds-container-service-0.5.0-SNAPSHOT.jar!/webapps/static,AVAILABLE}
2019-10-02 22:46:35,992 [main] INFO  handler.ContextHandler (ContextHandler.java:doStart(781)) - Started o.e.j.w.WebAppContext@756808cc{/,file:///tmp/jetty-0.0.0.0-40673-hddsDatanode-_-any-4414279667635128478.dir/webapp/,AVAILABLE}{/hddsDatanode}
2019-10-02 22:46:35,993 [main] INFO  server.AbstractConnector (AbstractConnector.java:doStart(278)) - Started ServerConnector@52f8a6f4{HTTP/1.1,[http/1.1]}{0.0.0.0:40673}
2019-10-02 22:46:35,995 [main] INFO  server.Server (Server.java:doStart(419)) - Started @214986ms
2019-10-02 22:46:35,995 [main] WARN  impl.MetricsSystemImpl (MetricsSystemImpl.java:register(276)) - Sink prometheus already exists!
2019-10-02 22:46:35,996 [main] INFO  server.BaseHttpServer (BaseHttpServer.java:updateConnectorAddress(215)) - HTTP server of HDDSDATANODE is listening at http://0.0.0.0:40673
2019-10-02 22:46:35,996 [main] INFO  ozone.MiniOzoneClusterImpl (MiniOzoneClusterImpl.java:lambda$waitForClusterToBeReady$0(147)) - Waiting for cluster to be ready. Got 0 of 7 DN Heartbeats.
2019-10-02 22:46:35,997 [org.apache.hadoop.util.JvmPauseMonitor$Monitor@2f99043] INFO  util.JvmPauseMonitor (JvmPauseMonitor.java:run(188)) - Starting JVM pause monitor
2019-10-02 22:46:35,998 [Datanode State Machine Thread - 0] INFO  datanode.InitDatanodeState (InitDatanodeState.java:persistContainerDatanodeDetails(140)) - DatanodeDetails is persisted to /workdir/hadoop-ozone/integration-test/target/test-dir/MiniOzoneClusterImpl-401d1527-d5ff-4795-9217-9f2aa99a19e1/datanode-6/meta/datanode.id
2019-10-02 22:46:36,996 [main] INFO  ozone.MiniOzoneClusterImpl (MiniOzoneClusterImpl.java:lambda$waitForClusterToBeReady$0(147)) - Waiting for cluster to be ready. Got 0 of 7 DN Heartbeats.
2019-10-02 22:46:37,634 [Datanode State Machine Thread - 0] INFO  ozoneimpl.OzoneContainer (OzoneContainer.java:start(217)) - Attempting to start container services.
2019-10-02 22:46:37,635 [Datanode State Machine Thread - 0] INFO  ozoneimpl.OzoneContainer (OzoneContainer.java:startContainerScrub(179)) - Background container scanner has been disabled.
2019-10-02 22:46:37,635 [Datanode State Machine Thread - 0] INFO  ratis.XceiverServerRatis (XceiverServerRatis.java:start(417)) - Starting XceiverServerRatis ebe8d85e-2a9e-4453-9b72-c7cba90634b3 at port 0
2019-10-02 22:46:37,639 [Datanode State Machine Thread - 0] INFO  impl.RaftServerProxy (RaftServerProxy.java:lambda$start$3(299)) - ebe8d85e-2a9e-4453-9b72-c7cba90634b3: start RPC server
2019-10-02 22:46:37,640 [Datanode State Machine Thread - 0] INFO  server.GrpcService (GrpcService.java:startImpl(158)) - ebe8d85e-2a9e-4453-9b72-c7cba90634b3: GrpcService started, listening on 0.0.0.0/0.0.0.0:36596
2019-10-02 22:46:37,640 [Datanode State Machine Thread - 0] INFO  ratis.XceiverServerRatis (XceiverServerRatis.java:start(427)) - XceiverServerRatis ebe8d85e-2a9e-4453-9b72-c7cba90634b3 is started using port 36596
2019-10-02 22:46:37,640 [Datanode State Machine Thread - 0] INFO  server.XceiverServerGrpc (XceiverServerGrpc.java:start(149)) - XceiverServerGrpc ebe8d85e-2a9e-4453-9b72-c7cba90634b3 is started using port 38824
2019-10-02 22:46:37,693 [Datanode State Machine Thread - 0] INFO  ozoneimpl.OzoneContainer (OzoneContainer.java:start(217)) - Attempting to start container services.
2019-10-02 22:46:37,693 [Datanode State Machine Thread - 0] INFO  ozoneimpl.OzoneContainer (OzoneContainer.java:startContainerScrub(179)) - Background container scanner has been disabled.
2019-10-02 22:46:37,693 [Datanode State Machine Thread - 0] INFO  ratis.XceiverServerRatis (XceiverServerRatis.java:start(417)) - Starting XceiverServerRatis fa17b84d-89ee-4f60-8e05-595fee44d69b at port 0
2019-10-02 22:46:37,696 [Datanode State Machine Thread - 0] INFO  impl.RaftServerProxy (RaftServerProxy.java:lambda$start$3(299)) - fa17b84d-89ee-4f60-8e05-595fee44d69b: start RPC server
2019-10-02 22:46:37,697 [Datanode State Machine Thread - 0] INFO  server.GrpcService (GrpcService.java:startImpl(158)) - fa17b84d-89ee-4f60-8e05-595fee44d69b: GrpcService started, listening on 0.0.0.0/0.0.0.0:35033
2019-10-02 22:46:37,697 [Datanode State Machine Thread - 0] INFO  ratis.XceiverServerRatis (XceiverServerRatis.java:start(427)) - XceiverServerRatis fa17b84d-89ee-4f60-8e05-595fee44d69b is started using port 35033
2019-10-02 22:46:37,697 [Datanode State Machine Thread - 0] INFO  server.XceiverServerGrpc (XceiverServerGrpc.java:start(149)) - XceiverServerGrpc fa17b84d-89ee-4f60-8e05-595fee44d69b is started using port 43853
2019-10-02 22:46:37,761 [Datanode State Machine Thread - 0] INFO  ozoneimpl.OzoneContainer (OzoneContainer.java:start(217)) - Attempting to start container services.
2019-10-02 22:46:37,761 [Datanode State Machine Thread - 0] INFO  ozoneimpl.OzoneContainer (OzoneContainer.java:startContainerScrub(179)) - Background container scanner has been disabled.
2019-10-02 22:46:37,762 [Datanode State Machine Thread - 0] INFO  ratis.XceiverServerRatis (XceiverServerRatis.java:start(417)) - Starting XceiverServerRatis ee8e7399-3280-4718-93a7-c6f66f665da9 at port 0
2019-10-02 22:46:37,768 [Datanode State Machine Thread - 0] INFO  impl.RaftServerProxy (RaftServerProxy.java:lambda$start$3(299)) - ee8e7399-3280-4718-93a7-c6f66f665da9: start RPC server
2019-10-02 22:46:37,769 [Datanode State Machine Thread - 0] INFO  server.GrpcService (GrpcService.java:startImpl(158)) - ee8e7399-3280-4718-93a7-c6f66f665da9: GrpcService started, listening on 0.0.0.0/0.0.0.0:43600
2019-10-02 22:46:37,769 [Datanode State Machine Thread - 0] INFO  ratis.XceiverServerRatis (XceiverServerRatis.java:start(427)) - XceiverServerRatis ee8e7399-3280-4718-93a7-c6f66f665da9 is started using port 43600
2019-10-02 22:46:37,769 [Datanode State Machine Thread - 0] INFO  server.XceiverServerGrpc (XceiverServerGrpc.java:start(149)) - XceiverServerGrpc ee8e7399-3280-4718-93a7-c6f66f665da9 is started using port 36638
2019-10-02 22:46:37,830 [Datanode State Machine Thread - 0] INFO  ozoneimpl.OzoneContainer (OzoneContainer.java:start(217)) - Attempting to start container services.
2019-10-02 22:46:37,831 [Datanode State Machine Thread - 0] INFO  ozoneimpl.OzoneContainer (OzoneContainer.java:startContainerScrub(179)) - Background container scanner has been disabled.
2019-10-02 22:46:37,831 [Datanode State Machine Thread - 0] INFO  ratis.XceiverServerRatis (XceiverServerRatis.java:start(417)) - Starting XceiverServerRatis f479b5d4-b26d-4223-8d93-d0e8dc367abb at port 0
2019-10-02 22:46:37,835 [Datanode State Machine Thread - 0] INFO  impl.RaftServerProxy (RaftServerProxy.java:lambda$start$3(299)) - f479b5d4-b26d-4223-8d93-d0e8dc367abb: start RPC server
2019-10-02 22:46:37,836 [Datanode State Machine Thread - 0] INFO  server.GrpcService (GrpcService.java:startImpl(158)) - f479b5d4-b26d-4223-8d93-d0e8dc367abb: GrpcService started, listening on 0.0.0.0/0.0.0.0:35480
2019-10-02 22:46:37,836 [Datanode State Machine Thread - 0] INFO  ratis.XceiverServerRatis (XceiverServerRatis.java:start(427)) - XceiverServerRatis f479b5d4-b26d-4223-8d93-d0e8dc367abb is started using port 35480
2019-10-02 22:46:37,836 [Datanode State Machine Thread - 0] INFO  server.XceiverServerGrpc (XceiverServerGrpc.java:start(149)) - XceiverServerGrpc f479b5d4-b26d-4223-8d93-d0e8dc367abb is started using port 38081
2019-10-02 22:46:37,899 [Datanode State Machine Thread - 0] INFO  ozoneimpl.OzoneContainer (OzoneContainer.java:start(217)) - Attempting to start container services.
2019-10-02 22:46:37,899 [Datanode State Machine Thread - 0] INFO  ozoneimpl.OzoneContainer (OzoneContainer.java:startContainerScrub(179)) - Background container scanner has been disabled.
2019-10-02 22:46:37,899 [Datanode State Machine Thread - 0] INFO  ratis.XceiverServerRatis (XceiverServerRatis.java:start(417)) - Starting XceiverServerRatis efe1aab7-b6fa-4ac4-b7cc-2892b942c387 at port 0
2019-10-02 22:46:37,903 [Datanode State Machine Thread - 0] INFO  impl.RaftServerProxy (RaftServerProxy.java:lambda$start$3(299)) - efe1aab7-b6fa-4ac4-b7cc-2892b942c387: start RPC server
2019-10-02 22:46:37,904 [Datanode State Machine Thread - 0] INFO  server.GrpcService (GrpcService.java:startImpl(158)) - efe1aab7-b6fa-4ac4-b7cc-2892b942c387: GrpcService started, listening on 0.0.0.0/0.0.0.0:41047
2019-10-02 22:46:37,904 [Datanode State Machine Thread - 0] INFO  ratis.XceiverServerRatis (XceiverServerRatis.java:start(427)) - XceiverServerRatis efe1aab7-b6fa-4ac4-b7cc-2892b942c387 is started using port 41047
2019-10-02 22:46:37,904 [Datanode State Machine Thread - 0] INFO  server.XceiverServerGrpc (XceiverServerGrpc.java:start(149)) - XceiverServerGrpc efe1aab7-b6fa-4ac4-b7cc-2892b942c387 is started using port 46225
2019-10-02 22:46:37,963 [Datanode State Machine Thread - 0] INFO  ozoneimpl.OzoneContainer (OzoneContainer.java:start(217)) - Attempting to start container services.
2019-10-02 22:46:37,963 [Datanode State Machine Thread - 0] INFO  ozoneimpl.OzoneContainer (OzoneContainer.java:startContainerScrub(179)) - Background container scanner has been disabled.
2019-10-02 22:46:37,963 [Datanode State Machine Thread - 0] INFO  ratis.XceiverServerRatis (XceiverServerRatis.java:start(417)) - Starting XceiverServerRatis 4c3ee705-696e-43fa-b5ce-d9ee828fb5ef at port 0
2019-10-02 22:46:37,989 [Datanode State Machine Thread - 0] INFO  impl.RaftServerProxy (RaftServerProxy.java:lambda$start$3(299)) - 4c3ee705-696e-43fa-b5ce-d9ee828fb5ef: start RPC server
2019-10-02 22:46:37,990 [Datanode State Machine Thread - 0] INFO  server.GrpcService (GrpcService.java:startImpl(158)) - 4c3ee705-696e-43fa-b5ce-d9ee828fb5ef: GrpcService started, listening on 0.0.0.0/0.0.0.0:33343
2019-10-02 22:46:37,990 [Datanode State Machine Thread - 0] INFO  ratis.XceiverServerRatis (XceiverServerRatis.java:start(427)) - XceiverServerRatis 4c3ee705-696e-43fa-b5ce-d9ee828fb5ef is started using port 33343
2019-10-02 22:46:37,990 [Datanode State Machine Thread - 0] INFO  server.XceiverServerGrpc (XceiverServerGrpc.java:start(149)) - XceiverServerGrpc 4c3ee705-696e-43fa-b5ce-d9ee828fb5ef is started using port 45565
2019-10-02 22:46:37,997 [main] INFO  ozone.MiniOzoneClusterImpl (MiniOzoneClusterImpl.java:lambda$waitForClusterToBeReady$0(147)) - Waiting for cluster to be ready. Got 0 of 7 DN Heartbeats.
2019-10-02 22:46:38,021 [Datanode State Machine Thread - 0] INFO  ozoneimpl.OzoneContainer (OzoneContainer.java:start(217)) - Attempting to start container services.
2019-10-02 22:46:38,021 [Datanode State Machine Thread - 0] INFO  ozoneimpl.OzoneContainer (OzoneContainer.java:startContainerScrub(179)) - Background container scanner has been disabled.
2019-10-02 22:46:38,021 [Datanode State Machine Thread - 0] INFO  ratis.XceiverServerRatis (XceiverServerRatis.java:start(417)) - Starting XceiverServerRatis 5262c05d-c257-409e-b638-c6608586fb82 at port 0
2019-10-02 22:46:38,025 [Datanode State Machine Thread - 0] INFO  impl.RaftServerProxy (RaftServerProxy.java:lambda$start$3(299)) - 5262c05d-c257-409e-b638-c6608586fb82: start RPC server
2019-10-02 22:46:38,028 [Datanode State Machine Thread - 0] INFO  server.GrpcService (GrpcService.java:startImpl(158)) - 5262c05d-c257-409e-b638-c6608586fb82: GrpcService started, listening on 0.0.0.0/0.0.0.0:33006
2019-10-02 22:46:38,028 [Datanode State Machine Thread - 0] INFO  ratis.XceiverServerRatis (XceiverServerRatis.java:start(427)) - XceiverServerRatis 5262c05d-c257-409e-b638-c6608586fb82 is started using port 33006
2019-10-02 22:46:38,030 [Datanode State Machine Thread - 0] INFO  server.XceiverServerGrpc (XceiverServerGrpc.java:start(149)) - XceiverServerGrpc 5262c05d-c257-409e-b638-c6608586fb82 is started using port 37917
2019-10-02 22:46:38,997 [main] INFO  ozone.MiniOzoneClusterImpl (MiniOzoneClusterImpl.java:lambda$waitForClusterToBeReady$0(147)) - Waiting for cluster to be ready. Got 0 of 7 DN Heartbeats.
2019-10-02 22:46:39,600 [IPC Server handler 0 on 40959] INFO  net.NetworkTopology (NetworkTopologyImpl.java:add(111)) - Added a new node: /default-rack/ebe8d85e-2a9e-4453-9b72-c7cba90634b3
2019-10-02 22:46:39,603 [IPC Server handler 0 on 40959] INFO  node.SCMNodeManager (SCMNodeManager.java:register(266)) - Registered Data node : ebe8d85e-2a9e-4453-9b72-c7cba90634b3{ip: 192.168.30.30, host: pr-hdds1737-lts7z-2510321508, networkLocation: /default-rack, certSerialId: null}
2019-10-02 22:46:39,604 [EventQueue-NodeRegistrationContainerReportForDataNodeSafeModeRule] INFO  safemode.SCMSafeModeManager (DataNodeSafeModeRule.java:process(71)) - SCM in safe mode. 1 DataNodes registered, 1 required.
2019-10-02 22:46:39,606 [EventQueue-NodeRegistrationContainerReportForContainerSafeModeRule] INFO  safemode.SCMSafeModeManager (SCMSafeModeManager.java:validateSafeModeExitRules(177)) - ScmSafeModeManager, all rules are successfully validated
2019-10-02 22:46:39,606 [EventQueue-NodeRegistrationContainerReportForContainerSafeModeRule] INFO  safemode.SCMSafeModeManager (SCMSafeModeManager.java:exitSafeMode(193)) - SCM exiting safe mode.
2019-10-02 22:46:39,616 [grpc-default-executor-5] INFO  impl.RaftServerProxy (RaftServerProxy.java:addNew(89)) - ebe8d85e-2a9e-4453-9b72-c7cba90634b3: addNew group-491A642EDF65:[ebe8d85e-2a9e-4453-9b72-c7cba90634b3:192.168.30.30:36596] returns group-491A642EDF65:java.util.concurrent.CompletableFuture@349f4fcf[Not completed]
2019-10-02 22:46:39,617 [pool-383-thread-1] INFO  impl.RaftServerImpl (RaftServerImpl.java:<init>(95)) - ebe8d85e-2a9e-4453-9b72-c7cba90634b3: new RaftServerImpl for group-491A642EDF65:[ebe8d85e-2a9e-4453-9b72-c7cba90634b3:192.168.30.30:36596] with ContainerStateMachine:uninitialized
2019-10-02 22:46:39,618 [pool-383-thread-1] INFO  server.RaftServerConfigKeys (ConfUtils.java:logGet(43)) - raft.server.rpc.timeout.min = 5s (custom)
2019-10-02 22:46:39,618 [pool-383-thread-1] INFO  server.RaftServerConfigKeys (ConfUtils.java:logGet(43)) - raft.server.rpc.timeout.max = 5200ms (custom)
2019-10-02 22:46:39,618 [pool-383-thread-1] INFO  server.RaftServerConfigKeys (ConfUtils.java:logGet(43)) - raft.server.rpcslowness.timeout = 120s (custom)
2019-10-02 22:46:39,618 [pool-383-thread-1] INFO  server.RaftServerConfigKeys (ConfUtils.java:logGet(43)) - raft.server.sleep.deviation.threshold = 300 (default)
2019-10-02 22:46:39,618 [pool-383-thread-1] INFO  server.RaftServerConfigKeys (ConfUtils.java:logGet(43)) - raft.server.log.appender.install.snapshot.enabled = false (custom)
2019-10-02 22:46:39,618 [pool-383-thread-1] INFO  impl.RaftServerImpl (ServerState.java:<init>(103)) - ebe8d85e-2a9e-4453-9b72-c7cba90634b3@group-491A642EDF65: ConfigurationManager, init=-1: [ebe8d85e-2a9e-4453-9b72-c7cba90634b3:192.168.30.30:36596], old=null, confs=<EMPTY_MAP>
2019-10-02 22:46:39,618 [pool-383-thread-1] INFO  server.RaftServerConfigKeys (ConfUtils.java:logGet(43)) - raft.server.storage.dir = [/workdir/hadoop-ozone/integration-test/target/test-dir/MiniOzoneClusterImpl-401d1527-d5ff-4795-9217-9f2aa99a19e1/datanode-0/data/ratis] (custom)
2019-10-02 22:46:39,619 [pool-383-thread-1] INFO  server.RaftServerConfigKeys (ConfUtils.java:logGet(43)) - raft.server.log.corruption.policy = EXCEPTION (default)
2019-10-02 22:46:39,619 [pool-383-thread-1] INFO  storage.RaftStorageDirectory (RaftStorageDirectory.java:analyzeStorage(246)) - The storage directory /workdir/hadoop-ozone/integration-test/target/test-dir/MiniOzoneClusterImpl-401d1527-d5ff-4795-9217-9f2aa99a19e1/datanode-0/data/ratis/99698c4e-5eaa-4cfa-8c24-491a642edf65 does not exist. Creating ...
2019-10-02 22:46:39,658 [pool-383-thread-1] INFO  storage.RaftStorageDirectory (RaftStorageDirectory.java:tryLock(328)) - Lock on /workdir/hadoop-ozone/integration-test/target/test-dir/MiniOzoneClusterImpl-401d1527-d5ff-4795-9217-9f2aa99a19e1/datanode-0/data/ratis/99698c4e-5eaa-4cfa-8c24-491a642edf65/in_use.lock acquired by nodename 6126@pr-hdds1737-lts7z-2510321508
2019-10-02 22:46:39,668 [IPC Server handler 1 on 40959] INFO  net.NetworkTopology (NetworkTopologyImpl.java:add(111)) - Added a new node: /default-rack/fa17b84d-89ee-4f60-8e05-595fee44d69b
2019-10-02 22:46:39,668 [IPC Server handler 1 on 40959] INFO  node.SCMNodeManager (SCMNodeManager.java:register(266)) - Registered Data node : fa17b84d-89ee-4f60-8e05-595fee44d69b{ip: 192.168.30.30, host: pr-hdds1737-lts7z-2510321508, networkLocation: /default-rack, certSerialId: null}
2019-10-02 22:46:39,684 [pool-383-thread-1] INFO  storage.RaftStorage (RaftStorage.java:format(84)) - Storage directory /workdir/hadoop-ozone/integration-test/target/test-dir/MiniOzoneClusterImpl-401d1527-d5ff-4795-9217-9f2aa99a19e1/datanode-0/data/ratis/99698c4e-5eaa-4cfa-8c24-491a642edf65 has been successfully formatted.
2019-10-02 22:46:39,684 [pool-383-thread-1] INFO  ratis.ContainerStateMachine (ContainerStateMachine.java:loadSnapshot(230)) - group-491A642EDF65: The snapshot info is null. Setting the last applied indexto:(t:0, i:~)
2019-10-02 22:46:39,685 [pool-383-thread-1] INFO  server.RaftServerConfigKeys (ConfUtils.java:logGet(43)) - raft.server.notification.no-leader.timeout = 120s (custom)
2019-10-02 22:46:39,685 [pool-383-thread-1] INFO  server.RaftServerConfigKeys (ConfUtils.java:logGet(43)) - raft.server.log.use.memory = false (default)
2019-10-02 22:46:39,685 [pool-383-thread-1] INFO  server.RaftServerConfigKeys (ConfUtils.java:logGet(43)) - raft.server.log.purge.gap = 1000000 (custom)
2019-10-02 22:46:39,685 [pool-383-thread-1] INFO  server.RaftServerConfigKeys (ConfUtils.java:logGet(43)) - raft.server.log.appender.buffer.byte-limit = 33554432 (custom)
2019-10-02 22:46:39,685 [pool-383-thread-1] INFO  server.RaftServerConfigKeys (ConfUtils.java:logGet(43)) - raft.server.log.segment.size.max = 1048576 (custom)
2019-10-02 22:46:39,687 [pool-383-thread-1] INFO  server.RaftServerConfigKeys (ConfUtils.java:logGet(43)) - raft.server.log.segment.cache.num.max = 2 (custom)
2019-10-02 22:46:39,687 [pool-383-thread-1] INFO  segmented.SegmentedRaftLogWorker (SegmentedRaftLogWorker.java:<init>(173)) - new ebe8d85e-2a9e-4453-9b72-c7cba90634b3@group-491A642EDF65-SegmentedRaftLogWorker for RaftStorage:Storage Directory /workdir/hadoop-ozone/integration-test/target/test-dir/MiniOzoneClusterImpl-401d1527-d5ff-4795-9217-9f2aa99a19e1/datanode-0/data/ratis/99698c4e-5eaa-4cfa-8c24-491a642edf65
2019-10-02 22:46:39,687 [pool-383-thread-1] INFO  server.RaftServerConfigKeys (ConfUtils.java:logGet(43)) - raft.server.log.queue.byte-limit = 2147483647 (custom)
2019-10-02 22:46:39,687 [pool-383-thread-1] INFO  server.RaftServerConfigKeys (ConfUtils.java:logGet(43)) - raft.server.log.queue.element-limit = 1024 (custom)
2019-10-02 22:46:39,687 [pool-383-thread-1] INFO  server.RaftServerConfigKeys (ConfUtils.java:logGet(43)) - raft.server.log.segment.size.max = 1048576 (custom)
2019-10-02 22:46:39,687 [pool-383-thread-1] INFO  server.RaftServerConfigKeys (ConfUtils.java:logGet(43)) - raft.server.log.preallocated.size = 16384 (custom)
2019-10-02 22:46:39,687 [pool-383-thread-1] INFO  server.RaftServerConfigKeys (ConfUtils.java:logGet(43)) - raft.server.log.write.buffer.size = 33554432 (custom)
2019-10-02 22:46:39,688 [pool-383-thread-1] INFO  server.RaftServerConfigKeys (ConfUtils.java:logGet(43)) - raft.server.log.force.sync.num = 128 (default)
2019-10-02 22:46:39,688 [pool-383-thread-1] INFO  server.RaftServerConfigKeys (ConfUtils.java:logGet(43)) - raft.server.log.statemachine.data.sync = true (default)
2019-10-02 22:46:39,688 [pool-383-thread-1] INFO  server.RaftServerConfigKeys (ConfUtils.java:logGet(43)) - raft.server.log.statemachine.data.sync.timeout = 10s (default)
2019-10-02 22:46:39,688 [pool-383-thread-1] INFO  server.RaftServerConfigKeys (ConfUtils.java:logGet(43)) - raft.server.log.statemachine.data.sync.timeout.retry = -1 (default)
2019-10-02 22:46:39,688 [pool-383-thread-1] INFO  server.RaftServerConfigKeys (ConfUtils.java:logGet(43)) - raft.server.log.statemachine.data.caching.enabled = true (custom)
2019-10-02 22:46:39,689 [pool-383-thread-1] INFO  segmented.SegmentedRaftLogWorker (SegmentedRaftLogWorker.java:lambda$new$0(128)) - ebe8d85e-2a9e-4453-9b72-c7cba90634b3@group-491A642EDF65-SegmentedRaftLogWorker: flushIndex: setUnconditionally 0 -> -1
2019-10-02 22:46:39,689 [pool-383-thread-1] INFO  server.RaftServerConfigKeys (ConfUtils.java:logGet(43)) - raft.server.snapshot.auto.trigger.enabled = true (custom)
2019-10-02 22:46:39,689 [pool-383-thread-1] INFO  server.RaftServerConfigKeys (ConfUtils.java:logGet(43)) - raft.server.snapshot.auto.trigger.threshold = 10000 (custom)
2019-10-02 22:46:39,689 [pool-383-thread-1] INFO  server.RaftServerConfigKeys (ConfUtils.java:logGet(43)) - raft.server.snapshot.retention.file.num = 5 (custom)
2019-10-02 22:46:39,689 [pool-383-thread-1] INFO  server.RaftServerConfigKeys (ConfUtils.java:logGet(43)) - raft.server.retrycache.expirytime = 600000ms (custom)
2019-10-02 22:46:39,691 [pool-383-thread-1] INFO  impl.RaftServerImpl (RaftServerImpl.java:start(181)) - ebe8d85e-2a9e-4453-9b72-c7cba90634b3@group-491A642EDF65: start as a follower, conf=-1: [ebe8d85e-2a9e-4453-9b72-c7cba90634b3:192.168.30.30:36596], old=null
2019-10-02 22:46:39,691 [pool-383-thread-1] INFO  impl.RaftServerImpl (RaftServerImpl.java:setRole(170)) - ebe8d85e-2a9e-4453-9b72-c7cba90634b3@group-491A642EDF65: changes role from      null to FOLLOWER at term 0 for startAsFollower
2019-10-02 22:46:39,691 [pool-383-thread-1] INFO  impl.RoleInfo (RoleInfo.java:updateAndGet(143)) - ebe8d85e-2a9e-4453-9b72-c7cba90634b3: start FollowerState
2019-10-02 22:46:39,692 [pool-383-thread-1] INFO  util.JmxRegister (JmxRegister.java:tryRegister(44)) - Successfully registered JMX Bean with object name Ratis:service=RaftServer,group=group-491A642EDF65,id=ebe8d85e-2a9e-4453-9b72-c7cba90634b3
2019-10-02 22:46:39,698 [RatisPipelineUtilsThread] INFO  pipeline.PipelineStateManager (PipelineStateManager.java:addPipeline(56)) - Created pipeline Pipeline[ Id: 99698c4e-5eaa-4cfa-8c24-491a642edf65, Nodes: ebe8d85e-2a9e-4453-9b72-c7cba90634b3{ip: 192.168.30.30, host: pr-hdds1737-lts7z-2510321508, networkLocation: /default-rack, certSerialId: null}, Type:RATIS, Factor:ONE, State:OPEN]
2019-10-02 22:46:39,705 [grpc-default-executor-5] INFO  impl.RaftServerProxy (RaftServerProxy.java:addNew(89)) - fa17b84d-89ee-4f60-8e05-595fee44d69b: addNew group-DEC340A59A7F:[fa17b84d-89ee-4f60-8e05-595fee44d69b:192.168.30.30:35033] returns group-DEC340A59A7F:java.util.concurrent.CompletableFuture@7e7e4ece[Not completed]
2019-10-02 22:46:39,706 [pool-393-thread-1] INFO  impl.RaftServerImpl (RaftServerImpl.java:<init>(95)) - fa17b84d-89ee-4f60-8e05-595fee44d69b: new RaftServerImpl for group-DEC340A59A7F:[fa17b84d-89ee-4f60-8e05-595fee44d69b:192.168.30.30:35033] with ContainerStateMachine:uninitialized
2019-10-02 22:46:39,706 [pool-393-thread-1] INFO  server.RaftServerConfigKeys (ConfUtils.java:logGet(43)) - raft.server.rpc.timeout.min = 5s (custom)
2019-10-02 22:46:39,706 [pool-393-thread-1] INFO  server.RaftServerConfigKeys (ConfUtils.java:logGet(43)) - raft.server.rpc.timeout.max = 5200ms (custom)
2019-10-02 22:46:39,706 [pool-393-thread-1] INFO  server.RaftServerConfigKeys (ConfUtils.java:logGet(43)) - raft.server.rpcslowness.timeout = 120s (custom)
2019-10-02 22:46:39,706 [pool-393-thread-1] INFO  server.RaftServerConfigKeys (ConfUtils.java:logGet(43)) - raft.server.sleep.deviation.threshold = 300 (default)
2019-10-02 22:46:39,707 [pool-393-thread-1] INFO  server.RaftServerConfigKeys (ConfUtils.java:logGet(43)) - raft.server.log.appender.install.snapshot.enabled = false (custom)
2019-10-02 22:46:39,707 [pool-393-thread-1] INFO  impl.RaftServerImpl (ServerState.java:<init>(103)) - fa17b84d-89ee-4f60-8e05-595fee44d69b@group-DEC340A59A7F: ConfigurationManager, init=-1: [fa17b84d-89ee-4f60-8e05-595fee44d69b:192.168.30.30:35033], old=null, confs=<EMPTY_MAP>
2019-10-02 22:46:39,707 [pool-393-thread-1] INFO  server.RaftServerConfigKeys (ConfUtils.java:logGet(43)) - raft.server.storage.dir = [/workdir/hadoop-ozone/integration-test/target/test-dir/MiniOzoneClusterImpl-401d1527-d5ff-4795-9217-9f2aa99a19e1/datanode-1/data/ratis] (custom)
2019-10-02 22:46:39,707 [pool-393-thread-1] INFO  server.RaftServerConfigKeys (ConfUtils.java:logGet(43)) - raft.server.log.corruption.policy = EXCEPTION (default)
2019-10-02 22:46:39,708 [pool-393-thread-1] INFO  storage.RaftStorageDirectory (RaftStorageDirectory.java:analyzeStorage(246)) - The storage directory /workdir/hadoop-ozone/integration-test/target/test-dir/MiniOzoneClusterImpl-401d1527-d5ff-4795-9217-9f2aa99a19e1/datanode-1/data/ratis/2e9d15db-88a2-4000-9e2d-dec340a59a7f does not exist. Creating ...
2019-10-02 22:46:39,734 [pool-393-thread-1] INFO  storage.RaftStorageDirectory (RaftStorageDirectory.java:tryLock(328)) - Lock on /workdir/hadoop-ozone/integration-test/target/test-dir/MiniOzoneClusterImpl-401d1527-d5ff-4795-9217-9f2aa99a19e1/datanode-1/data/ratis/2e9d15db-88a2-4000-9e2d-dec340a59a7f/in_use.lock acquired by nodename 6126@pr-hdds1737-lts7z-2510321508
2019-10-02 22:46:39,738 [IPC Server handler 2 on 40959] INFO  net.NetworkTopology (NetworkTopologyImpl.java:add(111)) - Added a new node: /default-rack/ee8e7399-3280-4718-93a7-c6f66f665da9
2019-10-02 22:46:39,738 [IPC Server handler 2 on 40959] INFO  node.SCMNodeManager (SCMNodeManager.java:register(266)) - Registered Data node : ee8e7399-3280-4718-93a7-c6f66f665da9{ip: 192.168.30.30, host: pr-hdds1737-lts7z-2510321508, networkLocation: /default-rack, certSerialId: null}
2019-10-02 22:46:39,760 [pool-393-thread-1] INFO  storage.RaftStorage (RaftStorage.java:format(84)) - Storage directory /workdir/hadoop-ozone/integration-test/target/test-dir/MiniOzoneClusterImpl-401d1527-d5ff-4795-9217-9f2aa99a19e1/datanode-1/data/ratis/2e9d15db-88a2-4000-9e2d-dec340a59a7f has been successfully formatted.
2019-10-02 22:46:39,760 [pool-393-thread-1] INFO  ratis.ContainerStateMachine (ContainerStateMachine.java:loadSnapshot(230)) - group-DEC340A59A7F: The snapshot info is null. Setting the last applied indexto:(t:0, i:~)
2019-10-02 22:46:39,760 [pool-393-thread-1] INFO  server.RaftServerConfigKeys (ConfUtils.java:logGet(43)) - raft.server.notification.no-leader.timeout = 120s (custom)
2019-10-02 22:46:39,760 [pool-393-thread-1] INFO  server.RaftServerConfigKeys (ConfUtils.java:logGet(43)) - raft.server.log.use.memory = false (default)
2019-10-02 22:46:39,761 [pool-393-thread-1] INFO  server.RaftServerConfigKeys (ConfUtils.java:logGet(43)) - raft.server.log.purge.gap = 1000000 (custom)
2019-10-02 22:46:39,761 [pool-393-thread-1] INFO  server.RaftServerConfigKeys (ConfUtils.java:logGet(43)) - raft.server.log.appender.buffer.byte-limit = 33554432 (custom)
2019-10-02 22:46:39,761 [pool-393-thread-1] INFO  server.RaftServerConfigKeys (ConfUtils.java:logGet(43)) - raft.server.log.segment.size.max = 1048576 (custom)
2019-10-02 22:46:39,762 [pool-393-thread-1] INFO  server.RaftServerConfigKeys (ConfUtils.java:logGet(43)) - raft.server.log.segment.cache.num.max = 2 (custom)
2019-10-02 22:46:39,762 [pool-393-thread-1] INFO  segmented.SegmentedRaftLogWorker (SegmentedRaftLogWorker.java:<init>(173)) - new fa17b84d-89ee-4f60-8e05-595fee44d69b@group-DEC340A59A7F-SegmentedRaftLogWorker for RaftStorage:Storage Directory /workdir/hadoop-ozone/integration-test/target/test-dir/MiniOzoneClusterImpl-401d1527-d5ff-4795-9217-9f2aa99a19e1/datanode-1/data/ratis/2e9d15db-88a2-4000-9e2d-dec340a59a7f
2019-10-02 22:46:39,762 [pool-393-thread-1] INFO  server.RaftServerConfigKeys (ConfUtils.java:logGet(43)) - raft.server.log.queue.byte-limit = 2147483647 (custom)
2019-10-02 22:46:39,762 [pool-393-thread-1] INFO  server.RaftServerConfigKeys (ConfUtils.java:logGet(43)) - raft.server.log.queue.element-limit = 1024 (custom)
2019-10-02 22:46:39,762 [pool-393-thread-1] INFO  server.RaftServerConfigKeys (ConfUtils.java:logGet(43)) - raft.server.log.segment.size.max = 1048576 (custom)
2019-10-02 22:46:39,763 [pool-393-thread-1] INFO  server.RaftServerConfigKeys (ConfUtils.java:logGet(43)) - raft.server.log.preallocated.size = 16384 (custom)
2019-10-02 22:46:39,763 [pool-393-thread-1] INFO  server.RaftServerConfigKeys (ConfUtils.java:logGet(43)) - raft.server.log.write.buffer.size = 33554432 (custom)
2019-10-02 22:46:39,763 [pool-393-thread-1] INFO  server.RaftServerConfigKeys (ConfUtils.java:logGet(43)) - raft.server.log.force.sync.num = 128 (default)
2019-10-02 22:46:39,763 [pool-393-thread-1] INFO  server.RaftServerConfigKeys (ConfUtils.java:logGet(43)) - raft.server.log.statemachine.data.sync = true (default)
2019-10-02 22:46:39,763 [pool-393-thread-1] INFO  server.RaftServerConfigKeys (ConfUtils.java:logGet(43)) - raft.server.log.statemachine.data.sync.timeout = 10s (default)
2019-10-02 22:46:39,763 [pool-393-thread-1] INFO  server.RaftServerConfigKeys (ConfUtils.java:logGet(43)) - raft.server.log.statemachine.data.sync.timeout.retry = -1 (default)
2019-10-02 22:46:39,763 [pool-393-thread-1] INFO  server.RaftServerConfigKeys (ConfUtils.java:logGet(43)) - raft.server.log.statemachine.data.caching.enabled = true (custom)
2019-10-02 22:46:39,764 [pool-393-thread-1] INFO  segmented.SegmentedRaftLogWorker (SegmentedRaftLogWorker.java:lambda$new$0(128)) - fa17b84d-89ee-4f60-8e05-595fee44d69b@group-DEC340A59A7F-SegmentedRaftLogWorker: flushIndex: setUnconditionally 0 -> -1
2019-10-02 22:46:39,764 [pool-393-thread-1] INFO  server.RaftServerConfigKeys (ConfUtils.java:logGet(43)) - raft.server.snapshot.auto.trigger.enabled = true (custom)
2019-10-02 22:46:39,764 [pool-393-thread-1] INFO  server.RaftServerConfigKeys (ConfUtils.java:logGet(43)) - raft.server.snapshot.auto.trigger.threshold = 10000 (custom)
2019-10-02 22:46:39,764 [pool-393-thread-1] INFO  server.RaftServerConfigKeys (ConfUtils.java:logGet(43)) - raft.server.snapshot.retention.file.num = 5 (custom)
2019-10-02 22:46:39,764 [pool-393-thread-1] INFO  server.RaftServerConfigKeys (ConfUtils.java:logGet(43)) - raft.server.retrycache.expirytime = 600000ms (custom)
2019-10-02 22:46:39,765 [pool-393-thread-1] INFO  impl.RaftServerImpl (RaftServerImpl.java:start(181)) - fa17b84d-89ee-4f60-8e05-595fee44d69b@group-DEC340A59A7F: start as a follower, conf=-1: [fa17b84d-89ee-4f60-8e05-595fee44d69b:192.168.30.30:35033], old=null
2019-10-02 22:46:39,765 [pool-393-thread-1] INFO  impl.RaftServerImpl (RaftServerImpl.java:setRole(170)) - fa17b84d-89ee-4f60-8e05-595fee44d69b@group-DEC340A59A7F: changes role from      null to FOLLOWER at term 0 for startAsFollower
2019-10-02 22:46:39,765 [pool-393-thread-1] INFO  impl.RoleInfo (RoleInfo.java:updateAndGet(143)) - fa17b84d-89ee-4f60-8e05-595fee44d69b: start FollowerState
2019-10-02 22:46:39,766 [pool-393-thread-1] INFO  util.JmxRegister (JmxRegister.java:tryRegister(44)) - Successfully registered JMX Bean with object name Ratis:service=RaftServer,group=group-DEC340A59A7F,id=fa17b84d-89ee-4f60-8e05-595fee44d69b
2019-10-02 22:46:39,772 [RatisPipelineUtilsThread] INFO  pipeline.PipelineStateManager (PipelineStateManager.java:addPipeline(56)) - Created pipeline Pipeline[ Id: 2e9d15db-88a2-4000-9e2d-dec340a59a7f, Nodes: fa17b84d-89ee-4f60-8e05-595fee44d69b{ip: 192.168.30.30, host: pr-hdds1737-lts7z-2510321508, networkLocation: /default-rack, certSerialId: null}, Type:RATIS, Factor:ONE, State:OPEN]
2019-10-02 22:46:39,782 [grpc-default-executor-5] INFO  impl.RaftServerProxy (RaftServerProxy.java:addNew(89)) - ee8e7399-3280-4718-93a7-c6f66f665da9: addNew group-6CC248B2B42F:[ee8e7399-3280-4718-93a7-c6f66f665da9:192.168.30.30:43600] returns group-6CC248B2B42F:java.util.concurrent.CompletableFuture@16434961[Not completed]
2019-10-02 22:46:39,783 [pool-403-thread-1] INFO  impl.RaftServerImpl (RaftServerImpl.java:<init>(95)) - ee8e7399-3280-4718-93a7-c6f66f665da9: new RaftServerImpl for group-6CC248B2B42F:[ee8e7399-3280-4718-93a7-c6f66f665da9:192.168.30.30:43600] with ContainerStateMachine:uninitialized
2019-10-02 22:46:39,783 [pool-403-thread-1] INFO  server.RaftServerConfigKeys (ConfUtils.java:logGet(43)) - raft.server.rpc.timeout.min = 5s (custom)
2019-10-02 22:46:39,783 [pool-403-thread-1] INFO  server.RaftServerConfigKeys (ConfUtils.java:logGet(43)) - raft.server.rpc.timeout.max = 5200ms (custom)
2019-10-02 22:46:39,783 [pool-403-thread-1] INFO  server.RaftServerConfigKeys (ConfUtils.java:logGet(43)) - raft.server.rpcslowness.timeout = 120s (custom)
2019-10-02 22:46:39,783 [pool-403-thread-1] INFO  server.RaftServerConfigKeys (ConfUtils.java:logGet(43)) - raft.server.sleep.deviation.threshold = 300 (default)
2019-10-02 22:46:39,783 [pool-403-thread-1] INFO  server.RaftServerConfigKeys (ConfUtils.java:logGet(43)) - raft.server.log.appender.install.snapshot.enabled = false (custom)
2019-10-02 22:46:39,784 [pool-403-thread-1] INFO  impl.RaftServerImpl (ServerState.java:<init>(103)) - ee8e7399-3280-4718-93a7-c6f66f665da9@group-6CC248B2B42F: ConfigurationManager, init=-1: [ee8e7399-3280-4718-93a7-c6f66f665da9:192.168.30.30:43600], old=null, confs=<EMPTY_MAP>
2019-10-02 22:46:39,784 [pool-403-thread-1] INFO  server.RaftServerConfigKeys (ConfUtils.java:logGet(43)) - raft.server.storage.dir = [/workdir/hadoop-ozone/integration-test/target/test-dir/MiniOzoneClusterImpl-401d1527-d5ff-4795-9217-9f2aa99a19e1/datanode-2/data/ratis] (custom)
2019-10-02 22:46:39,784 [pool-403-thread-1] INFO  server.RaftServerConfigKeys (ConfUtils.java:logGet(43)) - raft.server.log.corruption.policy = EXCEPTION (default)
2019-10-02 22:46:39,784 [pool-403-thread-1] INFO  storage.RaftStorageDirectory (RaftStorageDirectory.java:analyzeStorage(246)) - The storage directory /workdir/hadoop-ozone/integration-test/target/test-dir/MiniOzoneClusterImpl-401d1527-d5ff-4795-9217-9f2aa99a19e1/datanode-2/data/ratis/13089c8a-c309-494c-85e3-6cc248b2b42f does not exist. Creating ...
2019-10-02 22:46:39,807 [IPC Server handler 3 on 40959] INFO  net.NetworkTopology (NetworkTopologyImpl.java:add(111)) - Added a new node: /default-rack/f479b5d4-b26d-4223-8d93-d0e8dc367abb
2019-10-02 22:46:39,807 [IPC Server handler 3 on 40959] INFO  node.SCMNodeManager (SCMNodeManager.java:register(266)) - Registered Data node : f479b5d4-b26d-4223-8d93-d0e8dc367abb{ip: 192.168.30.30, host: pr-hdds1737-lts7z-2510321508, networkLocation: /default-rack, certSerialId: null}
2019-10-02 22:46:39,810 [pool-403-thread-1] INFO  storage.RaftStorageDirectory (RaftStorageDirectory.java:tryLock(328)) - Lock on /workdir/hadoop-ozone/integration-test/target/test-dir/MiniOzoneClusterImpl-401d1527-d5ff-4795-9217-9f2aa99a19e1/datanode-2/data/ratis/13089c8a-c309-494c-85e3-6cc248b2b42f/in_use.lock acquired by nodename 6126@pr-hdds1737-lts7z-2510321508
2019-10-02 22:46:39,836 [pool-403-thread-1] INFO  storage.RaftStorage (RaftStorage.java:format(84)) - Storage directory /workdir/hadoop-ozone/integration-test/target/test-dir/MiniOzoneClusterImpl-401d1527-d5ff-4795-9217-9f2aa99a19e1/datanode-2/data/ratis/13089c8a-c309-494c-85e3-6cc248b2b42f has been successfully formatted.
2019-10-02 22:46:39,836 [pool-403-thread-1] INFO  ratis.ContainerStateMachine (ContainerStateMachine.java:loadSnapshot(230)) - group-6CC248B2B42F: The snapshot info is null. Setting the last applied indexto:(t:0, i:~)
2019-10-02 22:46:39,836 [pool-403-thread-1] INFO  server.RaftServerConfigKeys (ConfUtils.java:logGet(43)) - raft.server.notification.no-leader.timeout = 120s (custom)
2019-10-02 22:46:39,836 [pool-403-thread-1] INFO  server.RaftServerConfigKeys (ConfUtils.java:logGet(43)) - raft.server.log.use.memory = false (default)
2019-10-02 22:46:39,836 [pool-403-thread-1] INFO  server.RaftServerConfigKeys (ConfUtils.java:logGet(43)) - raft.server.log.purge.gap = 1000000 (custom)
2019-10-02 22:46:39,836 [pool-403-thread-1] INFO  server.RaftServerConfigKeys (ConfUtils.java:logGet(43)) - raft.server.log.appender.buffer.byte-limit = 33554432 (custom)
2019-10-02 22:46:39,836 [pool-403-thread-1] INFO  server.RaftServerConfigKeys (ConfUtils.java:logGet(43)) - raft.server.log.segment.size.max = 1048576 (custom)
2019-10-02 22:46:39,838 [pool-403-thread-1] INFO  server.RaftServerConfigKeys (ConfUtils.java:logGet(43)) - raft.server.log.segment.cache.num.max = 2 (custom)
2019-10-02 22:46:39,838 [pool-403-thread-1] INFO  segmented.SegmentedRaftLogWorker (SegmentedRaftLogWorker.java:<init>(173)) - new ee8e7399-3280-4718-93a7-c6f66f665da9@group-6CC248B2B42F-SegmentedRaftLogWorker for RaftStorage:Storage Directory /workdir/hadoop-ozone/integration-test/target/test-dir/MiniOzoneClusterImpl-401d1527-d5ff-4795-9217-9f2aa99a19e1/datanode-2/data/ratis/13089c8a-c309-494c-85e3-6cc248b2b42f
2019-10-02 22:46:39,838 [pool-403-thread-1] INFO  server.RaftServerConfigKeys (ConfUtils.java:logGet(43)) - raft.server.log.queue.byte-limit = 2147483647 (custom)
2019-10-02 22:46:39,838 [pool-403-thread-1] INFO  server.RaftServerConfigKeys (ConfUtils.java:logGet(43)) - raft.server.log.queue.element-limit = 1024 (custom)
2019-10-02 22:46:39,838 [pool-403-thread-1] INFO  server.RaftServerConfigKeys (ConfUtils.java:logGet(43)) - raft.server.log.segment.size.max = 1048576 (custom)
2019-10-02 22:46:39,838 [pool-403-thread-1] INFO  server.RaftServerConfigKeys (ConfUtils.java:logGet(43)) - raft.server.log.preallocated.size = 16384 (custom)
2019-10-02 22:46:39,838 [pool-403-thread-1] INFO  server.RaftServerConfigKeys (ConfUtils.java:logGet(43)) - raft.server.log.write.buffer.size = 33554432 (custom)
2019-10-02 22:46:39,838 [pool-403-thread-1] INFO  server.RaftServerConfigKeys (ConfUtils.java:logGet(43)) - raft.server.log.force.sync.num = 128 (default)
2019-10-02 22:46:39,838 [pool-403-thread-1] INFO  server.RaftServerConfigKeys (ConfUtils.java:logGet(43)) - raft.server.log.statemachine.data.sync = true (default)
2019-10-02 22:46:39,838 [pool-403-thread-1] INFO  server.RaftServerConfigKeys (ConfUtils.java:logGet(43)) - raft.server.log.statemachine.data.sync.timeout = 10s (default)
2019-10-02 22:46:39,838 [pool-403-thread-1] INFO  server.RaftServerConfigKeys (ConfUtils.java:logGet(43)) - raft.server.log.statemachine.data.sync.timeout.retry = -1 (default)
2019-10-02 22:46:39,839 [pool-403-thread-1] INFO  server.RaftServerConfigKeys (ConfUtils.java:logGet(43)) - raft.server.log.statemachine.data.caching.enabled = true (custom)
2019-10-02 22:46:39,839 [pool-403-thread-1] INFO  segmented.SegmentedRaftLogWorker (SegmentedRaftLogWorker.java:lambda$new$0(128)) - ee8e7399-3280-4718-93a7-c6f66f665da9@group-6CC248B2B42F-SegmentedRaftLogWorker: flushIndex: setUnconditionally 0 -> -1
2019-10-02 22:46:39,839 [pool-403-thread-1] INFO  server.RaftServerConfigKeys (ConfUtils.java:logGet(43)) - raft.server.snapshot.auto.trigger.enabled = true (custom)
2019-10-02 22:46:39,839 [pool-403-thread-1] INFO  server.RaftServerConfigKeys (ConfUtils.java:logGet(43)) - raft.server.snapshot.auto.trigger.threshold = 10000 (custom)
2019-10-02 22:46:39,839 [pool-403-thread-1] INFO  server.RaftServerConfigKeys (ConfUtils.java:logGet(43)) - raft.server.snapshot.retention.file.num = 5 (custom)
2019-10-02 22:46:39,839 [pool-403-thread-1] INFO  server.RaftServerConfigKeys (ConfUtils.java:logGet(43)) - raft.server.retrycache.expirytime = 600000ms (custom)
2019-10-02 22:46:39,840 [pool-403-thread-1] INFO  impl.RaftServerImpl (RaftServerImpl.java:start(181)) - ee8e7399-3280-4718-93a7-c6f66f665da9@group-6CC248B2B42F: start as a follower, conf=-1: [ee8e7399-3280-4718-93a7-c6f66f665da9:192.168.30.30:43600], old=null
2019-10-02 22:46:39,840 [pool-403-thread-1] INFO  impl.RaftServerImpl (RaftServerImpl.java:setRole(170)) - ee8e7399-3280-4718-93a7-c6f66f665da9@group-6CC248B2B42F: changes role from      null to FOLLOWER at term 0 for startAsFollower
2019-10-02 22:46:39,840 [pool-403-thread-1] INFO  impl.RoleInfo (RoleInfo.java:updateAndGet(143)) - ee8e7399-3280-4718-93a7-c6f66f665da9: start FollowerState
2019-10-02 22:46:39,841 [pool-403-thread-1] INFO  util.JmxRegister (JmxRegister.java:tryRegister(44)) - Successfully registered JMX Bean with object name Ratis:service=RaftServer,group=group-6CC248B2B42F,id=ee8e7399-3280-4718-93a7-c6f66f665da9
2019-10-02 22:46:39,848 [RatisPipelineUtilsThread] INFO  pipeline.PipelineStateManager (PipelineStateManager.java:addPipeline(56)) - Created pipeline Pipeline[ Id: 13089c8a-c309-494c-85e3-6cc248b2b42f, Nodes: ee8e7399-3280-4718-93a7-c6f66f665da9{ip: 192.168.30.30, host: pr-hdds1737-lts7z-2510321508, networkLocation: /default-rack, certSerialId: null}, Type:RATIS, Factor:ONE, State:OPEN]
2019-10-02 22:46:39,857 [grpc-default-executor-5] INFO  impl.RaftServerProxy (RaftServerProxy.java:addNew(89)) - f479b5d4-b26d-4223-8d93-d0e8dc367abb: addNew group-4DCBEFA53945:[f479b5d4-b26d-4223-8d93-d0e8dc367abb:192.168.30.30:35480] returns group-4DCBEFA53945:java.util.concurrent.CompletableFuture@45155930[Not completed]
2019-10-02 22:46:39,857 [pool-413-thread-1] INFO  impl.RaftServerImpl (RaftServerImpl.java:<init>(95)) - f479b5d4-b26d-4223-8d93-d0e8dc367abb: new RaftServerImpl for group-4DCBEFA53945:[f479b5d4-b26d-4223-8d93-d0e8dc367abb:192.168.30.30:35480] with ContainerStateMachine:uninitialized
2019-10-02 22:46:39,858 [pool-413-thread-1] INFO  server.RaftServerConfigKeys (ConfUtils.java:logGet(43)) - raft.server.rpc.timeout.min = 5s (custom)
2019-10-02 22:46:39,858 [pool-413-thread-1] INFO  server.RaftServerConfigKeys (ConfUtils.java:logGet(43)) - raft.server.rpc.timeout.max = 5200ms (custom)
2019-10-02 22:46:39,858 [pool-413-thread-1] INFO  server.RaftServerConfigKeys (ConfUtils.java:logGet(43)) - raft.server.rpcslowness.timeout = 120s (custom)
2019-10-02 22:46:39,858 [pool-413-thread-1] INFO  server.RaftServerConfigKeys (ConfUtils.java:logGet(43)) - raft.server.sleep.deviation.threshold = 300 (default)
2019-10-02 22:46:39,858 [pool-413-thread-1] INFO  server.RaftServerConfigKeys (ConfUtils.java:logGet(43)) - raft.server.log.appender.install.snapshot.enabled = false (custom)
2019-10-02 22:46:39,858 [pool-413-thread-1] INFO  impl.RaftServerImpl (ServerState.java:<init>(103)) - f479b5d4-b26d-4223-8d93-d0e8dc367abb@group-4DCBEFA53945: ConfigurationManager, init=-1: [f479b5d4-b26d-4223-8d93-d0e8dc367abb:192.168.30.30:35480], old=null, confs=<EMPTY_MAP>
2019-10-02 22:46:39,858 [pool-413-thread-1] INFO  server.RaftServerConfigKeys (ConfUtils.java:logGet(43)) - raft.server.storage.dir = [/workdir/hadoop-ozone/integration-test/target/test-dir/MiniOzoneClusterImpl-401d1527-d5ff-4795-9217-9f2aa99a19e1/datanode-3/data/ratis] (custom)
2019-10-02 22:46:39,858 [pool-413-thread-1] INFO  server.RaftServerConfigKeys (ConfUtils.java:logGet(43)) - raft.server.log.corruption.policy = EXCEPTION (default)
2019-10-02 22:46:39,858 [pool-413-thread-1] INFO  storage.RaftStorageDirectory (RaftStorageDirectory.java:analyzeStorage(246)) - The storage directory /workdir/hadoop-ozone/integration-test/target/test-dir/MiniOzoneClusterImpl-401d1527-d5ff-4795-9217-9f2aa99a19e1/datanode-3/data/ratis/b4e0ede2-68f3-4b81-a201-4dcbefa53945 does not exist. Creating ...
2019-10-02 22:46:39,879 [IPC Server handler 4 on 40959] INFO  net.NetworkTopology (NetworkTopologyImpl.java:add(111)) - Added a new node: /default-rack/efe1aab7-b6fa-4ac4-b7cc-2892b942c387
2019-10-02 22:46:39,879 [IPC Server handler 4 on 40959] INFO  node.SCMNodeManager (SCMNodeManager.java:register(266)) - Registered Data node : efe1aab7-b6fa-4ac4-b7cc-2892b942c387{ip: 192.168.30.30, host: pr-hdds1737-lts7z-2510321508, networkLocation: /default-rack, certSerialId: null}
2019-10-02 22:46:39,886 [pool-413-thread-1] INFO  storage.RaftStorageDirectory (RaftStorageDirectory.java:tryLock(328)) - Lock on /workdir/hadoop-ozone/integration-test/target/test-dir/MiniOzoneClusterImpl-401d1527-d5ff-4795-9217-9f2aa99a19e1/datanode-3/data/ratis/b4e0ede2-68f3-4b81-a201-4dcbefa53945/in_use.lock acquired by nodename 6126@pr-hdds1737-lts7z-2510321508
2019-10-02 22:46:39,911 [pool-413-thread-1] INFO  storage.RaftStorage (RaftStorage.java:format(84)) - Storage directory /workdir/hadoop-ozone/integration-test/target/test-dir/MiniOzoneClusterImpl-401d1527-d5ff-4795-9217-9f2aa99a19e1/datanode-3/data/ratis/b4e0ede2-68f3-4b81-a201-4dcbefa53945 has been successfully formatted.
2019-10-02 22:46:39,912 [pool-413-thread-1] INFO  ratis.ContainerStateMachine (ContainerStateMachine.java:loadSnapshot(230)) - group-4DCBEFA53945: The snapshot info is null. Setting the last applied indexto:(t:0, i:~)
2019-10-02 22:46:39,912 [pool-413-thread-1] INFO  server.RaftServerConfigKeys (ConfUtils.java:logGet(43)) - raft.server.notification.no-leader.timeout = 120s (custom)
2019-10-02 22:46:39,912 [pool-413-thread-1] INFO  server.RaftServerConfigKeys (ConfUtils.java:logGet(43)) - raft.server.log.use.memory = false (default)
2019-10-02 22:46:39,912 [pool-413-thread-1] INFO  server.RaftServerConfigKeys (ConfUtils.java:logGet(43)) - raft.server.log.purge.gap = 1000000 (custom)
2019-10-02 22:46:39,912 [pool-413-thread-1] INFO  server.RaftServerConfigKeys (ConfUtils.java:logGet(43)) - raft.server.log.appender.buffer.byte-limit = 33554432 (custom)
2019-10-02 22:46:39,912 [pool-413-thread-1] INFO  server.RaftServerConfigKeys (ConfUtils.java:logGet(43)) - raft.server.log.segment.size.max = 1048576 (custom)
2019-10-02 22:46:39,913 [pool-413-thread-1] INFO  server.RaftServerConfigKeys (ConfUtils.java:logGet(43)) - raft.server.log.segment.cache.num.max = 2 (custom)
2019-10-02 22:46:39,913 [pool-413-thread-1] INFO  segmented.SegmentedRaftLogWorker (SegmentedRaftLogWorker.java:<init>(173)) - new f479b5d4-b26d-4223-8d93-d0e8dc367abb@group-4DCBEFA53945-SegmentedRaftLogWorker for RaftStorage:Storage Directory /workdir/hadoop-ozone/integration-test/target/test-dir/MiniOzoneClusterImpl-401d1527-d5ff-4795-9217-9f2aa99a19e1/datanode-3/data/ratis/b4e0ede2-68f3-4b81-a201-4dcbefa53945
2019-10-02 22:46:39,914 [pool-413-thread-1] INFO  server.RaftServerConfigKeys (ConfUtils.java:logGet(43)) - raft.server.log.queue.byte-limit = 2147483647 (custom)
2019-10-02 22:46:39,914 [pool-413-thread-1] INFO  server.RaftServerConfigKeys (ConfUtils.java:logGet(43)) - raft.server.log.queue.element-limit = 1024 (custom)
2019-10-02 22:46:39,914 [pool-413-thread-1] INFO  server.RaftServerConfigKeys (ConfUtils.java:logGet(43)) - raft.server.log.segment.size.max = 1048576 (custom)
2019-10-02 22:46:39,914 [pool-413-thread-1] INFO  server.RaftServerConfigKeys (ConfUtils.java:logGet(43)) - raft.server.log.preallocated.size = 16384 (custom)
2019-10-02 22:46:39,914 [pool-413-thread-1] INFO  server.RaftServerConfigKeys (ConfUtils.java:logGet(43)) - raft.server.log.write.buffer.size = 33554432 (custom)
2019-10-02 22:46:39,914 [pool-413-thread-1] INFO  server.RaftServerConfigKeys (ConfUtils.java:logGet(43)) - raft.server.log.force.sync.num = 128 (default)
2019-10-02 22:46:39,914 [pool-413-thread-1] INFO  server.RaftServerConfigKeys (ConfUtils.java:logGet(43)) - raft.server.log.statemachine.data.sync = true (default)
2019-10-02 22:46:39,914 [pool-413-thread-1] INFO  server.RaftServerConfigKeys (ConfUtils.java:logGet(43)) - raft.server.log.statemachine.data.sync.timeout = 10s (default)
2019-10-02 22:46:39,914 [pool-413-thread-1] INFO  server.RaftServerConfigKeys (ConfUtils.java:logGet(43)) - raft.server.log.statemachine.data.sync.timeout.retry = -1 (default)
2019-10-02 22:46:39,915 [pool-413-thread-1] INFO  server.RaftServerConfigKeys (ConfUtils.java:logGet(43)) - raft.server.log.statemachine.data.caching.enabled = true (custom)
2019-10-02 22:46:39,915 [pool-413-thread-1] INFO  segmented.SegmentedRaftLogWorker (SegmentedRaftLogWorker.java:lambda$new$0(128)) - f479b5d4-b26d-4223-8d93-d0e8dc367abb@group-4DCBEFA53945-SegmentedRaftLogWorker: flushIndex: setUnconditionally 0 -> -1
2019-10-02 22:46:39,915 [pool-413-thread-1] INFO  server.RaftServerConfigKeys (ConfUtils.java:logGet(43)) - raft.server.snapshot.auto.trigger.enabled = true (custom)
2019-10-02 22:46:39,915 [pool-413-thread-1] INFO  server.RaftServerConfigKeys (ConfUtils.java:logGet(43)) - raft.server.snapshot.auto.trigger.threshold = 10000 (custom)
2019-10-02 22:46:39,915 [pool-413-thread-1] INFO  server.RaftServerConfigKeys (ConfUtils.java:logGet(43)) - raft.server.snapshot.retention.file.num = 5 (custom)
2019-10-02 22:46:39,915 [pool-413-thread-1] INFO  server.RaftServerConfigKeys (ConfUtils.java:logGet(43)) - raft.server.retrycache.expirytime = 600000ms (custom)
2019-10-02 22:46:39,916 [pool-413-thread-1] INFO  impl.RaftServerImpl (RaftServerImpl.java:start(181)) - f479b5d4-b26d-4223-8d93-d0e8dc367abb@group-4DCBEFA53945: start as a follower, conf=-1: [f479b5d4-b26d-4223-8d93-d0e8dc367abb:192.168.30.30:35480], old=null
2019-10-02 22:46:39,916 [pool-413-thread-1] INFO  impl.RaftServerImpl (RaftServerImpl.java:setRole(170)) - f479b5d4-b26d-4223-8d93-d0e8dc367abb@group-4DCBEFA53945: changes role from      null to FOLLOWER at term 0 for startAsFollower
2019-10-02 22:46:39,917 [pool-413-thread-1] INFO  impl.RoleInfo (RoleInfo.java:updateAndGet(143)) - f479b5d4-b26d-4223-8d93-d0e8dc367abb: start FollowerState
2019-10-02 22:46:39,917 [pool-413-thread-1] INFO  util.JmxRegister (JmxRegister.java:tryRegister(44)) - Successfully registered JMX Bean with object name Ratis:service=RaftServer,group=group-4DCBEFA53945,id=f479b5d4-b26d-4223-8d93-d0e8dc367abb
2019-10-02 22:46:39,923 [RatisPipelineUtilsThread] INFO  pipeline.PipelineStateManager (PipelineStateManager.java:addPipeline(56)) - Created pipeline Pipeline[ Id: b4e0ede2-68f3-4b81-a201-4dcbefa53945, Nodes: f479b5d4-b26d-4223-8d93-d0e8dc367abb{ip: 192.168.30.30, host: pr-hdds1737-lts7z-2510321508, networkLocation: /default-rack, certSerialId: null}, Type:RATIS, Factor:ONE, State:OPEN]
2019-10-02 22:46:39,929 [grpc-default-executor-5] INFO  impl.RaftServerProxy (RaftServerProxy.java:addNew(89)) - efe1aab7-b6fa-4ac4-b7cc-2892b942c387: addNew group-A89588CDDAF6:[efe1aab7-b6fa-4ac4-b7cc-2892b942c387:192.168.30.30:41047] returns group-A89588CDDAF6:java.util.concurrent.CompletableFuture@64f98bbf[Not completed]
2019-10-02 22:46:39,930 [pool-423-thread-1] INFO  impl.RaftServerImpl (RaftServerImpl.java:<init>(95)) - efe1aab7-b6fa-4ac4-b7cc-2892b942c387: new RaftServerImpl for group-A89588CDDAF6:[efe1aab7-b6fa-4ac4-b7cc-2892b942c387:192.168.30.30:41047] with ContainerStateMachine:uninitialized
2019-10-02 22:46:39,930 [pool-423-thread-1] INFO  server.RaftServerConfigKeys (ConfUtils.java:logGet(43)) - raft.server.rpc.timeout.min = 5s (custom)
2019-10-02 22:46:39,930 [pool-423-thread-1] INFO  server.RaftServerConfigKeys (ConfUtils.java:logGet(43)) - raft.server.rpc.timeout.max = 5200ms (custom)
2019-10-02 22:46:39,930 [pool-423-thread-1] INFO  server.RaftServerConfigKeys (ConfUtils.java:logGet(43)) - raft.server.rpcslowness.timeout = 120s (custom)
2019-10-02 22:46:39,930 [pool-423-thread-1] INFO  server.RaftServerConfigKeys (ConfUtils.java:logGet(43)) - raft.server.sleep.deviation.threshold = 300 (default)
2019-10-02 22:46:39,930 [pool-423-thread-1] INFO  server.RaftServerConfigKeys (ConfUtils.java:logGet(43)) - raft.server.log.appender.install.snapshot.enabled = false (custom)
2019-10-02 22:46:39,930 [pool-423-thread-1] INFO  impl.RaftServerImpl (ServerState.java:<init>(103)) - efe1aab7-b6fa-4ac4-b7cc-2892b942c387@group-A89588CDDAF6: ConfigurationManager, init=-1: [efe1aab7-b6fa-4ac4-b7cc-2892b942c387:192.168.30.30:41047], old=null, confs=<EMPTY_MAP>
2019-10-02 22:46:39,930 [pool-423-thread-1] INFO  server.RaftServerConfigKeys (ConfUtils.java:logGet(43)) - raft.server.storage.dir = [/workdir/hadoop-ozone/integration-test/target/test-dir/MiniOzoneClusterImpl-401d1527-d5ff-4795-9217-9f2aa99a19e1/datanode-4/data/ratis] (custom)
2019-10-02 22:46:39,931 [pool-423-thread-1] INFO  server.RaftServerConfigKeys (ConfUtils.java:logGet(43)) - raft.server.log.corruption.policy = EXCEPTION (default)
2019-10-02 22:46:39,931 [pool-423-thread-1] INFO  storage.RaftStorageDirectory (RaftStorageDirectory.java:analyzeStorage(246)) - The storage directory /workdir/hadoop-ozone/integration-test/target/test-dir/MiniOzoneClusterImpl-401d1527-d5ff-4795-9217-9f2aa99a19e1/datanode-4/data/ratis/155a92dd-7d12-4bdb-998d-a89588cddaf6 does not exist. Creating ...
2019-10-02 22:46:39,940 [IPC Server handler 5 on 40959] INFO  net.NetworkTopology (NetworkTopologyImpl.java:add(111)) - Added a new node: /default-rack/4c3ee705-696e-43fa-b5ce-d9ee828fb5ef
2019-10-02 22:46:39,940 [IPC Server handler 5 on 40959] INFO  node.SCMNodeManager (SCMNodeManager.java:register(266)) - Registered Data node : 4c3ee705-696e-43fa-b5ce-d9ee828fb5ef{ip: 192.168.30.30, host: pr-hdds1737-lts7z-2510321508, networkLocation: /default-rack, certSerialId: null}
2019-10-02 22:46:39,953 [pool-423-thread-1] INFO  storage.RaftStorageDirectory (RaftStorageDirectory.java:tryLock(328)) - Lock on /workdir/hadoop-ozone/integration-test/target/test-dir/MiniOzoneClusterImpl-401d1527-d5ff-4795-9217-9f2aa99a19e1/datanode-4/data/ratis/155a92dd-7d12-4bdb-998d-a89588cddaf6/in_use.lock acquired by nodename 6126@pr-hdds1737-lts7z-2510321508
2019-10-02 22:46:39,979 [pool-423-thread-1] INFO  storage.RaftStorage (RaftStorage.java:format(84)) - Storage directory /workdir/hadoop-ozone/integration-test/target/test-dir/MiniOzoneClusterImpl-401d1527-d5ff-4795-9217-9f2aa99a19e1/datanode-4/data/ratis/155a92dd-7d12-4bdb-998d-a89588cddaf6 has been successfully formatted.
2019-10-02 22:46:39,979 [pool-423-thread-1] INFO  ratis.ContainerStateMachine (ContainerStateMachine.java:loadSnapshot(230)) - group-A89588CDDAF6: The snapshot info is null. Setting the last applied indexto:(t:0, i:~)
2019-10-02 22:46:39,979 [pool-423-thread-1] INFO  server.RaftServerConfigKeys (ConfUtils.java:logGet(43)) - raft.server.notification.no-leader.timeout = 120s (custom)
2019-10-02 22:46:39,980 [pool-423-thread-1] INFO  server.RaftServerConfigKeys (ConfUtils.java:logGet(43)) - raft.server.log.use.memory = false (default)
2019-10-02 22:46:39,980 [pool-423-thread-1] INFO  server.RaftServerConfigKeys (ConfUtils.java:logGet(43)) - raft.server.log.purge.gap = 1000000 (custom)
2019-10-02 22:46:39,980 [pool-423-thread-1] INFO  server.RaftServerConfigKeys (ConfUtils.java:logGet(43)) - raft.server.log.appender.buffer.byte-limit = 33554432 (custom)
2019-10-02 22:46:39,980 [pool-423-thread-1] INFO  server.RaftServerConfigKeys (ConfUtils.java:logGet(43)) - raft.server.log.segment.size.max = 1048576 (custom)
2019-10-02 22:46:39,981 [pool-423-thread-1] INFO  server.RaftServerConfigKeys (ConfUtils.java:logGet(43)) - raft.server.log.segment.cache.num.max = 2 (custom)
2019-10-02 22:46:39,982 [pool-423-thread-1] INFO  segmented.SegmentedRaftLogWorker (SegmentedRaftLogWorker.java:<init>(173)) - new efe1aab7-b6fa-4ac4-b7cc-2892b942c387@group-A89588CDDAF6-SegmentedRaftLogWorker for RaftStorage:Storage Directory /workdir/hadoop-ozone/integration-test/target/test-dir/MiniOzoneClusterImpl-401d1527-d5ff-4795-9217-9f2aa99a19e1/datanode-4/data/ratis/155a92dd-7d12-4bdb-998d-a89588cddaf6
2019-10-02 22:46:39,982 [pool-423-thread-1] INFO  server.RaftServerConfigKeys (ConfUtils.java:logGet(43)) - raft.server.log.queue.byte-limit = 2147483647 (custom)
2019-10-02 22:46:39,982 [pool-423-thread-1] INFO  server.RaftServerConfigKeys (ConfUtils.java:logGet(43)) - raft.server.log.queue.element-limit = 1024 (custom)
2019-10-02 22:46:39,982 [pool-423-thread-1] INFO  server.RaftServerConfigKeys (ConfUtils.java:logGet(43)) - raft.server.log.segment.size.max = 1048576 (custom)
2019-10-02 22:46:39,982 [pool-423-thread-1] INFO  server.RaftServerConfigKeys (ConfUtils.java:logGet(43)) - raft.server.log.preallocated.size = 16384 (custom)
2019-10-02 22:46:39,982 [pool-423-thread-1] INFO  server.RaftServerConfigKeys (ConfUtils.java:logGet(43)) - raft.server.log.write.buffer.size = 33554432 (custom)
2019-10-02 22:46:39,982 [pool-423-thread-1] INFO  server.RaftServerConfigKeys (ConfUtils.java:logGet(43)) - raft.server.log.force.sync.num = 128 (default)
2019-10-02 22:46:39,982 [pool-423-thread-1] INFO  server.RaftServerConfigKeys (ConfUtils.java:logGet(43)) - raft.server.log.statemachine.data.sync = true (default)
2019-10-02 22:46:39,982 [pool-423-thread-1] INFO  server.RaftServerConfigKeys (ConfUtils.java:logGet(43)) - raft.server.log.statemachine.data.sync.timeout = 10s (default)
2019-10-02 22:46:39,982 [pool-423-thread-1] INFO  server.RaftServerConfigKeys (ConfUtils.java:logGet(43)) - raft.server.log.statemachine.data.sync.timeout.retry = -1 (default)
2019-10-02 22:46:39,983 [pool-423-thread-1] INFO  server.RaftServerConfigKeys (ConfUtils.java:logGet(43)) - raft.server.log.statemachine.data.caching.enabled = true (custom)
2019-10-02 22:46:39,983 [pool-423-thread-1] INFO  segmented.SegmentedRaftLogWorker (SegmentedRaftLogWorker.java:lambda$new$0(128)) - efe1aab7-b6fa-4ac4-b7cc-2892b942c387@group-A89588CDDAF6-SegmentedRaftLogWorker: flushIndex: setUnconditionally 0 -> -1
2019-10-02 22:46:39,983 [pool-423-thread-1] INFO  server.RaftServerConfigKeys (ConfUtils.java:logGet(43)) - raft.server.snapshot.auto.trigger.enabled = true (custom)
2019-10-02 22:46:39,983 [pool-423-thread-1] INFO  server.RaftServerConfigKeys (ConfUtils.java:logGet(43)) - raft.server.snapshot.auto.trigger.threshold = 10000 (custom)
2019-10-02 22:46:39,984 [pool-423-thread-1] INFO  server.RaftServerConfigKeys (ConfUtils.java:logGet(43)) - raft.server.snapshot.retention.file.num = 5 (custom)
2019-10-02 22:46:39,984 [pool-423-thread-1] INFO  server.RaftServerConfigKeys (ConfUtils.java:logGet(43)) - raft.server.retrycache.expirytime = 600000ms (custom)
2019-10-02 22:46:39,985 [pool-423-thread-1] INFO  impl.RaftServerImpl (RaftServerImpl.java:start(181)) - efe1aab7-b6fa-4ac4-b7cc-2892b942c387@group-A89588CDDAF6: start as a follower, conf=-1: [efe1aab7-b6fa-4ac4-b7cc-2892b942c387:192.168.30.30:41047], old=null
2019-10-02 22:46:39,985 [pool-423-thread-1] INFO  impl.RaftServerImpl (RaftServerImpl.java:setRole(170)) - efe1aab7-b6fa-4ac4-b7cc-2892b942c387@group-A89588CDDAF6: changes role from      null to FOLLOWER at term 0 for startAsFollower
2019-10-02 22:46:39,985 [pool-423-thread-1] INFO  impl.RoleInfo (RoleInfo.java:updateAndGet(143)) - efe1aab7-b6fa-4ac4-b7cc-2892b942c387: start FollowerState
2019-10-02 22:46:39,986 [pool-423-thread-1] INFO  util.JmxRegister (JmxRegister.java:tryRegister(44)) - Successfully registered JMX Bean with object name Ratis:service=RaftServer,group=group-A89588CDDAF6,id=efe1aab7-b6fa-4ac4-b7cc-2892b942c387
2019-10-02 22:46:39,994 [RatisPipelineUtilsThread] INFO  pipeline.PipelineStateManager (PipelineStateManager.java:addPipeline(56)) - Created pipeline Pipeline[ Id: 155a92dd-7d12-4bdb-998d-a89588cddaf6, Nodes: efe1aab7-b6fa-4ac4-b7cc-2892b942c387{ip: 192.168.30.30, host: pr-hdds1737-lts7z-2510321508, networkLocation: /default-rack, certSerialId: null}, Type:RATIS, Factor:ONE, State:OPEN]
2019-10-02 22:46:39,997 [main] INFO  ozone.MiniOzoneClusterImpl (MiniOzoneClusterImpl.java:lambda$waitForClusterToBeReady$0(147)) - Waiting for cluster to be ready. Got 6 of 7 DN Heartbeats.
2019-10-02 22:46:39,998 [IPC Server handler 6 on 40959] INFO  net.NetworkTopology (NetworkTopologyImpl.java:add(111)) - Added a new node: /default-rack/5262c05d-c257-409e-b638-c6608586fb82
2019-10-02 22:46:39,998 [IPC Server handler 6 on 40959] INFO  node.SCMNodeManager (SCMNodeManager.java:register(266)) - Registered Data node : 5262c05d-c257-409e-b638-c6608586fb82{ip: 192.168.30.30, host: pr-hdds1737-lts7z-2510321508, networkLocation: /default-rack, certSerialId: null}
2019-10-02 22:46:40,003 [grpc-default-executor-5] INFO  impl.RaftServerProxy (RaftServerProxy.java:addNew(89)) - 4c3ee705-696e-43fa-b5ce-d9ee828fb5ef: addNew group-F3884CAD63CA:[4c3ee705-696e-43fa-b5ce-d9ee828fb5ef:192.168.30.30:33343] returns group-F3884CAD63CA:java.util.concurrent.CompletableFuture@4a896954[Not completed]
2019-10-02 22:46:40,005 [pool-433-thread-1] INFO  impl.RaftServerImpl (RaftServerImpl.java:<init>(95)) - 4c3ee705-696e-43fa-b5ce-d9ee828fb5ef: new RaftServerImpl for group-F3884CAD63CA:[4c3ee705-696e-43fa-b5ce-d9ee828fb5ef:192.168.30.30:33343] with ContainerStateMachine:uninitialized
2019-10-02 22:46:40,005 [pool-433-thread-1] INFO  server.RaftServerConfigKeys (ConfUtils.java:logGet(43)) - raft.server.rpc.timeout.min = 5s (custom)
2019-10-02 22:46:40,005 [pool-433-thread-1] INFO  server.RaftServerConfigKeys (ConfUtils.java:logGet(43)) - raft.server.rpc.timeout.max = 5200ms (custom)
2019-10-02 22:46:40,005 [pool-433-thread-1] INFO  server.RaftServerConfigKeys (ConfUtils.java:logGet(43)) - raft.server.rpcslowness.timeout = 120s (custom)
2019-10-02 22:46:40,005 [pool-433-thread-1] INFO  server.RaftServerConfigKeys (ConfUtils.java:logGet(43)) - raft.server.sleep.deviation.threshold = 300 (default)
2019-10-02 22:46:40,005 [pool-433-thread-1] INFO  server.RaftServerConfigKeys (ConfUtils.java:logGet(43)) - raft.server.log.appender.install.snapshot.enabled = false (custom)
2019-10-02 22:46:40,006 [pool-433-thread-1] INFO  impl.RaftServerImpl (ServerState.java:<init>(103)) - 4c3ee705-696e-43fa-b5ce-d9ee828fb5ef@group-F3884CAD63CA: ConfigurationManager, init=-1: [4c3ee705-696e-43fa-b5ce-d9ee828fb5ef:192.168.30.30:33343], old=null, confs=<EMPTY_MAP>
2019-10-02 22:46:40,006 [pool-433-thread-1] INFO  server.RaftServerConfigKeys (ConfUtils.java:logGet(43)) - raft.server.storage.dir = [/workdir/hadoop-ozone/integration-test/target/test-dir/MiniOzoneClusterImpl-401d1527-d5ff-4795-9217-9f2aa99a19e1/datanode-5/data/ratis] (custom)
2019-10-02 22:46:40,006 [pool-433-thread-1] INFO  server.RaftServerConfigKeys (ConfUtils.java:logGet(43)) - raft.server.log.corruption.policy = EXCEPTION (default)
2019-10-02 22:46:40,007 [pool-433-thread-1] INFO  storage.RaftStorageDirectory (RaftStorageDirectory.java:analyzeStorage(246)) - The storage directory /workdir/hadoop-ozone/integration-test/target/test-dir/MiniOzoneClusterImpl-401d1527-d5ff-4795-9217-9f2aa99a19e1/datanode-5/data/ratis/c3787ba0-72e1-44e7-a29d-f3884cad63ca does not exist. Creating ...
2019-10-02 22:46:40,037 [pool-433-thread-1] INFO  storage.RaftStorageDirectory (RaftStorageDirectory.java:tryLock(328)) - Lock on /workdir/hadoop-ozone/integration-test/target/test-dir/MiniOzoneClusterImpl-401d1527-d5ff-4795-9217-9f2aa99a19e1/datanode-5/data/ratis/c3787ba0-72e1-44e7-a29d-f3884cad63ca/in_use.lock acquired by nodename 6126@pr-hdds1737-lts7z-2510321508
2019-10-02 22:46:40,063 [pool-433-thread-1] INFO  storage.RaftStorage (RaftStorage.java:format(84)) - Storage directory /workdir/hadoop-ozone/integration-test/target/test-dir/MiniOzoneClusterImpl-401d1527-d5ff-4795-9217-9f2aa99a19e1/datanode-5/data/ratis/c3787ba0-72e1-44e7-a29d-f3884cad63ca has been successfully formatted.
2019-10-02 22:46:40,063 [pool-433-thread-1] INFO  ratis.ContainerStateMachine (ContainerStateMachine.java:loadSnapshot(230)) - group-F3884CAD63CA: The snapshot info is null. Setting the last applied indexto:(t:0, i:~)
2019-10-02 22:46:40,063 [pool-433-thread-1] INFO  server.RaftServerConfigKeys (ConfUtils.java:logGet(43)) - raft.server.notification.no-leader.timeout = 120s (custom)
2019-10-02 22:46:40,063 [pool-433-thread-1] INFO  server.RaftServerConfigKeys (ConfUtils.java:logGet(43)) - raft.server.log.use.memory = false (default)
2019-10-02 22:46:40,064 [pool-433-thread-1] INFO  server.RaftServerConfigKeys (ConfUtils.java:logGet(43)) - raft.server.log.purge.gap = 1000000 (custom)
2019-10-02 22:46:40,064 [pool-433-thread-1] INFO  server.RaftServerConfigKeys (ConfUtils.java:logGet(43)) - raft.server.log.appender.buffer.byte-limit = 33554432 (custom)
2019-10-02 22:46:40,064 [pool-433-thread-1] INFO  server.RaftServerConfigKeys (ConfUtils.java:logGet(43)) - raft.server.log.segment.size.max = 1048576 (custom)
2019-10-02 22:46:40,066 [pool-433-thread-1] INFO  server.RaftServerConfigKeys (ConfUtils.java:logGet(43)) - raft.server.log.segment.cache.num.max = 2 (custom)
2019-10-02 22:46:40,066 [pool-433-thread-1] INFO  segmented.SegmentedRaftLogWorker (SegmentedRaftLogWorker.java:<init>(173)) - new 4c3ee705-696e-43fa-b5ce-d9ee828fb5ef@group-F3884CAD63CA-SegmentedRaftLogWorker for RaftStorage:Storage Directory /workdir/hadoop-ozone/integration-test/target/test-dir/MiniOzoneClusterImpl-401d1527-d5ff-4795-9217-9f2aa99a19e1/datanode-5/data/ratis/c3787ba0-72e1-44e7-a29d-f3884cad63ca
2019-10-02 22:46:40,066 [pool-433-thread-1] INFO  server.RaftServerConfigKeys (ConfUtils.java:logGet(43)) - raft.server.log.queue.byte-limit = 2147483647 (custom)
2019-10-02 22:46:40,066 [pool-433-thread-1] INFO  server.RaftServerConfigKeys (ConfUtils.java:logGet(43)) - raft.server.log.queue.element-limit = 1024 (custom)
2019-10-02 22:46:40,066 [pool-433-thread-1] INFO  server.RaftServerConfigKeys (ConfUtils.java:logGet(43)) - raft.server.log.segment.size.max = 1048576 (custom)
2019-10-02 22:46:40,066 [pool-433-thread-1] INFO  server.RaftServerConfigKeys (ConfUtils.java:logGet(43)) - raft.server.log.preallocated.size = 16384 (custom)
2019-10-02 22:46:40,066 [pool-433-thread-1] INFO  server.RaftServerConfigKeys (ConfUtils.java:logGet(43)) - raft.server.log.write.buffer.size = 33554432 (custom)
2019-10-02 22:46:40,066 [pool-433-thread-1] INFO  server.RaftServerConfigKeys (ConfUtils.java:logGet(43)) - raft.server.log.force.sync.num = 128 (default)
2019-10-02 22:46:40,067 [pool-433-thread-1] INFO  server.RaftServerConfigKeys (ConfUtils.java:logGet(43)) - raft.server.log.statemachine.data.sync = true (default)
2019-10-02 22:46:40,067 [pool-433-thread-1] INFO  server.RaftServerConfigKeys (ConfUtils.java:logGet(43)) - raft.server.log.statemachine.data.sync.timeout = 10s (default)
2019-10-02 22:46:40,067 [pool-433-thread-1] INFO  server.RaftServerConfigKeys (ConfUtils.java:logGet(43)) - raft.server.log.statemachine.data.sync.timeout.retry = -1 (default)
2019-10-02 22:46:40,067 [pool-433-thread-1] INFO  server.RaftServerConfigKeys (ConfUtils.java:logGet(43)) - raft.server.log.statemachine.data.caching.enabled = true (custom)
2019-10-02 22:46:40,067 [pool-433-thread-1] INFO  segmented.SegmentedRaftLogWorker (SegmentedRaftLogWorker.java:lambda$new$0(128)) - 4c3ee705-696e-43fa-b5ce-d9ee828fb5ef@group-F3884CAD63CA-SegmentedRaftLogWorker: flushIndex: setUnconditionally 0 -> -1
2019-10-02 22:46:40,068 [pool-433-thread-1] INFO  server.RaftServerConfigKeys (ConfUtils.java:logGet(43)) - raft.server.snapshot.auto.trigger.enabled = true (custom)
2019-10-02 22:46:40,068 [pool-433-thread-1] INFO  server.RaftServerConfigKeys (ConfUtils.java:logGet(43)) - raft.server.snapshot.auto.trigger.threshold = 10000 (custom)
2019-10-02 22:46:40,068 [pool-433-thread-1] INFO  server.RaftServerConfigKeys (ConfUtils.java:logGet(43)) - raft.server.snapshot.retention.file.num = 5 (custom)
2019-10-02 22:46:40,068 [pool-433-thread-1] INFO  server.RaftServerConfigKeys (ConfUtils.java:logGet(43)) - raft.server.retrycache.expirytime = 600000ms (custom)
2019-10-02 22:46:40,069 [pool-433-thread-1] INFO  impl.RaftServerImpl (RaftServerImpl.java:start(181)) - 4c3ee705-696e-43fa-b5ce-d9ee828fb5ef@group-F3884CAD63CA: start as a follower, conf=-1: [4c3ee705-696e-43fa-b5ce-d9ee828fb5ef:192.168.30.30:33343], old=null
2019-10-02 22:46:40,069 [pool-433-thread-1] INFO  impl.RaftServerImpl (RaftServerImpl.java:setRole(170)) - 4c3ee705-696e-43fa-b5ce-d9ee828fb5ef@group-F3884CAD63CA: changes role from      null to FOLLOWER at term 0 for startAsFollower
2019-10-02 22:46:40,070 [pool-433-thread-1] INFO  impl.RoleInfo (RoleInfo.java:updateAndGet(143)) - 4c3ee705-696e-43fa-b5ce-d9ee828fb5ef: start FollowerState
2019-10-02 22:46:40,070 [pool-433-thread-1] INFO  util.JmxRegister (JmxRegister.java:tryRegister(44)) - Successfully registered JMX Bean with object name Ratis:service=RaftServer,group=group-F3884CAD63CA,id=4c3ee705-696e-43fa-b5ce-d9ee828fb5ef
2019-10-02 22:46:40,076 [RatisPipelineUtilsThread] INFO  pipeline.PipelineStateManager (PipelineStateManager.java:addPipeline(56)) - Created pipeline Pipeline[ Id: c3787ba0-72e1-44e7-a29d-f3884cad63ca, Nodes: 4c3ee705-696e-43fa-b5ce-d9ee828fb5ef{ip: 192.168.30.30, host: pr-hdds1737-lts7z-2510321508, networkLocation: /default-rack, certSerialId: null}, Type:RATIS, Factor:ONE, State:OPEN]
2019-10-02 22:46:40,083 [grpc-default-executor-5] INFO  impl.RaftServerProxy (RaftServerProxy.java:addNew(89)) - 5262c05d-c257-409e-b638-c6608586fb82: addNew group-F3C0C34C9440:[5262c05d-c257-409e-b638-c6608586fb82:192.168.30.30:33006] returns group-F3C0C34C9440:java.util.concurrent.CompletableFuture@991963f[Not completed]
2019-10-02 22:46:40,084 [pool-443-thread-1] INFO  impl.RaftServerImpl (RaftServerImpl.java:<init>(95)) - 5262c05d-c257-409e-b638-c6608586fb82: new RaftServerImpl for group-F3C0C34C9440:[5262c05d-c257-409e-b638-c6608586fb82:192.168.30.30:33006] with ContainerStateMachine:uninitialized
2019-10-02 22:46:40,084 [pool-443-thread-1] INFO  server.RaftServerConfigKeys (ConfUtils.java:logGet(43)) - raft.server.rpc.timeout.min = 5s (custom)
2019-10-02 22:46:40,084 [pool-443-thread-1] INFO  server.RaftServerConfigKeys (ConfUtils.java:logGet(43)) - raft.server.rpc.timeout.max = 5200ms (custom)
2019-10-02 22:46:40,084 [pool-443-thread-1] INFO  server.RaftServerConfigKeys (ConfUtils.java:logGet(43)) - raft.server.rpcslowness.timeout = 120s (custom)
2019-10-02 22:46:40,084 [pool-443-thread-1] INFO  server.RaftServerConfigKeys (ConfUtils.java:logGet(43)) - raft.server.sleep.deviation.threshold = 300 (default)
2019-10-02 22:46:40,084 [pool-443-thread-1] INFO  server.RaftServerConfigKeys (ConfUtils.java:logGet(43)) - raft.server.log.appender.install.snapshot.enabled = false (custom)
2019-10-02 22:46:40,084 [pool-443-thread-1] INFO  impl.RaftServerImpl (ServerState.java:<init>(103)) - 5262c05d-c257-409e-b638-c6608586fb82@group-F3C0C34C9440: ConfigurationManager, init=-1: [5262c05d-c257-409e-b638-c6608586fb82:192.168.30.30:33006], old=null, confs=<EMPTY_MAP>
2019-10-02 22:46:40,084 [pool-443-thread-1] INFO  server.RaftServerConfigKeys (ConfUtils.java:logGet(43)) - raft.server.storage.dir = [/workdir/hadoop-ozone/integration-test/target/test-dir/MiniOzoneClusterImpl-401d1527-d5ff-4795-9217-9f2aa99a19e1/datanode-6/data/ratis] (custom)
2019-10-02 22:46:40,085 [pool-443-thread-1] INFO  server.RaftServerConfigKeys (ConfUtils.java:logGet(43)) - raft.server.log.corruption.policy = EXCEPTION (default)
2019-10-02 22:46:40,085 [pool-443-thread-1] INFO  storage.RaftStorageDirectory (RaftStorageDirectory.java:analyzeStorage(246)) - The storage directory /workdir/hadoop-ozone/integration-test/target/test-dir/MiniOzoneClusterImpl-401d1527-d5ff-4795-9217-9f2aa99a19e1/datanode-6/data/ratis/cf4eade7-d95c-4dff-9996-f3c0c34c9440 does not exist. Creating ...
2019-10-02 22:46:40,113 [pool-443-thread-1] INFO  storage.RaftStorageDirectory (RaftStorageDirectory.java:tryLock(328)) - Lock on /workdir/hadoop-ozone/integration-test/target/test-dir/MiniOzoneClusterImpl-401d1527-d5ff-4795-9217-9f2aa99a19e1/datanode-6/data/ratis/cf4eade7-d95c-4dff-9996-f3c0c34c9440/in_use.lock acquired by nodename 6126@pr-hdds1737-lts7z-2510321508
2019-10-02 22:46:40,147 [pool-443-thread-1] INFO  storage.RaftStorage (RaftStorage.java:format(84)) - Storage directory /workdir/hadoop-ozone/integration-test/target/test-dir/MiniOzoneClusterImpl-401d1527-d5ff-4795-9217-9f2aa99a19e1/datanode-6/data/ratis/cf4eade7-d95c-4dff-9996-f3c0c34c9440 has been successfully formatted.
2019-10-02 22:46:40,147 [pool-443-thread-1] INFO  ratis.ContainerStateMachine (ContainerStateMachine.java:loadSnapshot(230)) - group-F3C0C34C9440: The snapshot info is null. Setting the last applied indexto:(t:0, i:~)
2019-10-02 22:46:40,148 [pool-443-thread-1] INFO  server.RaftServerConfigKeys (ConfUtils.java:logGet(43)) - raft.server.notification.no-leader.timeout = 120s (custom)
2019-10-02 22:46:40,148 [pool-443-thread-1] INFO  server.RaftServerConfigKeys (ConfUtils.java:logGet(43)) - raft.server.log.use.memory = false (default)
2019-10-02 22:46:40,148 [pool-443-thread-1] INFO  server.RaftServerConfigKeys (ConfUtils.java:logGet(43)) - raft.server.log.purge.gap = 1000000 (custom)
2019-10-02 22:46:40,148 [pool-443-thread-1] INFO  server.RaftServerConfigKeys (ConfUtils.java:logGet(43)) - raft.server.log.appender.buffer.byte-limit = 33554432 (custom)
2019-10-02 22:46:40,148 [pool-443-thread-1] INFO  server.RaftServerConfigKeys (ConfUtils.java:logGet(43)) - raft.server.log.segment.size.max = 1048576 (custom)
2019-10-02 22:46:40,150 [pool-443-thread-1] INFO  server.RaftServerConfigKeys (ConfUtils.java:logGet(43)) - raft.server.log.segment.cache.num.max = 2 (custom)
2019-10-02 22:46:40,150 [pool-443-thread-1] INFO  segmented.SegmentedRaftLogWorker (SegmentedRaftLogWorker.java:<init>(173)) - new 5262c05d-c257-409e-b638-c6608586fb82@group-F3C0C34C9440-SegmentedRaftLogWorker for RaftStorage:Storage Directory /workdir/hadoop-ozone/integration-test/target/test-dir/MiniOzoneClusterImpl-401d1527-d5ff-4795-9217-9f2aa99a19e1/datanode-6/data/ratis/cf4eade7-d95c-4dff-9996-f3c0c34c9440
2019-10-02 22:46:40,150 [pool-443-thread-1] INFO  server.RaftServerConfigKeys (ConfUtils.java:logGet(43)) - raft.server.log.queue.byte-limit = 2147483647 (custom)
2019-10-02 22:46:40,151 [pool-443-thread-1] INFO  server.RaftServerConfigKeys (ConfUtils.java:logGet(43)) - raft.server.log.queue.element-limit = 1024 (custom)
2019-10-02 22:46:40,151 [pool-443-thread-1] INFO  server.RaftServerConfigKeys (ConfUtils.java:logGet(43)) - raft.server.log.segment.size.max = 1048576 (custom)
2019-10-02 22:46:40,151 [pool-443-thread-1] INFO  server.RaftServerConfigKeys (ConfUtils.java:logGet(43)) - raft.server.log.preallocated.size = 16384 (custom)
2019-10-02 22:46:40,151 [pool-443-thread-1] INFO  server.RaftServerConfigKeys (ConfUtils.java:logGet(43)) - raft.server.log.write.buffer.size = 33554432 (custom)
2019-10-02 22:46:40,151 [pool-443-thread-1] INFO  server.RaftServerConfigKeys (ConfUtils.java:logGet(43)) - raft.server.log.force.sync.num = 128 (default)
2019-10-02 22:46:40,151 [pool-443-thread-1] INFO  server.RaftServerConfigKeys (ConfUtils.java:logGet(43)) - raft.server.log.statemachine.data.sync = true (default)
2019-10-02 22:46:40,151 [pool-443-thread-1] INFO  server.RaftServerConfigKeys (ConfUtils.java:logGet(43)) - raft.server.log.statemachine.data.sync.timeout = 10s (default)
2019-10-02 22:46:40,151 [pool-443-thread-1] INFO  server.RaftServerConfigKeys (ConfUtils.java:logGet(43)) - raft.server.log.statemachine.data.sync.timeout.retry = -1 (default)
2019-10-02 22:46:40,152 [pool-443-thread-1] INFO  server.RaftServerConfigKeys (ConfUtils.java:logGet(43)) - raft.server.log.statemachine.data.caching.enabled = true (custom)
2019-10-02 22:46:40,152 [pool-443-thread-1] INFO  segmented.SegmentedRaftLogWorker (SegmentedRaftLogWorker.java:lambda$new$0(128)) - 5262c05d-c257-409e-b638-c6608586fb82@group-F3C0C34C9440-SegmentedRaftLogWorker: flushIndex: setUnconditionally 0 -> -1
2019-10-02 22:46:40,152 [pool-443-thread-1] INFO  server.RaftServerConfigKeys (ConfUtils.java:logGet(43)) - raft.server.snapshot.auto.trigger.enabled = true (custom)
2019-10-02 22:46:40,153 [pool-443-thread-1] INFO  server.RaftServerConfigKeys (ConfUtils.java:logGet(43)) - raft.server.snapshot.auto.trigger.threshold = 10000 (custom)
2019-10-02 22:46:40,153 [pool-443-thread-1] INFO  server.RaftServerConfigKeys (ConfUtils.java:logGet(43)) - raft.server.snapshot.retention.file.num = 5 (custom)
2019-10-02 22:46:40,153 [pool-443-thread-1] INFO  server.RaftServerConfigKeys (ConfUtils.java:logGet(43)) - raft.server.retrycache.expirytime = 600000ms (custom)
2019-10-02 22:46:40,154 [pool-443-thread-1] INFO  impl.RaftServerImpl (RaftServerImpl.java:start(181)) - 5262c05d-c257-409e-b638-c6608586fb82@group-F3C0C34C9440: start as a follower, conf=-1: [5262c05d-c257-409e-b638-c6608586fb82:192.168.30.30:33006], old=null
2019-10-02 22:46:40,155 [pool-443-thread-1] INFO  impl.RaftServerImpl (RaftServerImpl.java:setRole(170)) - 5262c05d-c257-409e-b638-c6608586fb82@group-F3C0C34C9440: changes role from      null to FOLLOWER at term 0 for startAsFollower
2019-10-02 22:46:40,155 [pool-443-thread-1] INFO  impl.RoleInfo (RoleInfo.java:updateAndGet(143)) - 5262c05d-c257-409e-b638-c6608586fb82: start FollowerState
2019-10-02 22:46:40,155 [pool-443-thread-1] INFO  util.JmxRegister (JmxRegister.java:tryRegister(44)) - Successfully registered JMX Bean with object name Ratis:service=RaftServer,group=group-F3C0C34C9440,id=5262c05d-c257-409e-b638-c6608586fb82
2019-10-02 22:46:40,163 [RatisPipelineUtilsThread] INFO  pipeline.PipelineStateManager (PipelineStateManager.java:addPipeline(56)) - Created pipeline Pipeline[ Id: cf4eade7-d95c-4dff-9996-f3c0c34c9440, Nodes: 5262c05d-c257-409e-b638-c6608586fb82{ip: 192.168.30.30, host: pr-hdds1737-lts7z-2510321508, networkLocation: /default-rack, certSerialId: null}, Type:RATIS, Factor:ONE, State:OPEN]
2019-10-02 22:46:40,195 [grpc-default-executor-4] INFO  impl.RaftServerProxy (RaftServerProxy.java:addNew(89)) - ee8e7399-3280-4718-93a7-c6f66f665da9: addNew group-7C2C933C7E5E:[efe1aab7-b6fa-4ac4-b7cc-2892b942c387:192.168.30.30:41047, ee8e7399-3280-4718-93a7-c6f66f665da9:192.168.30.30:43600, fa17b84d-89ee-4f60-8e05-595fee44d69b:192.168.30.30:35033] returns group-7C2C933C7E5E:java.util.concurrent.CompletableFuture@57716d69[Not completed]
2019-10-02 22:46:40,196 [grpc-default-executor-5] INFO  impl.RaftServerProxy (RaftServerProxy.java:addNew(89)) - fa17b84d-89ee-4f60-8e05-595fee44d69b: addNew group-7C2C933C7E5E:[efe1aab7-b6fa-4ac4-b7cc-2892b942c387:192.168.30.30:41047, ee8e7399-3280-4718-93a7-c6f66f665da9:192.168.30.30:43600, fa17b84d-89ee-4f60-8e05-595fee44d69b:192.168.30.30:35033] returns group-7C2C933C7E5E:java.util.concurrent.CompletableFuture@47a758ac[Not completed]
2019-10-02 22:46:40,196 [grpc-default-executor-4] INFO  impl.RaftServerProxy (RaftServerProxy.java:addNew(89)) - efe1aab7-b6fa-4ac4-b7cc-2892b942c387: addNew group-7C2C933C7E5E:[efe1aab7-b6fa-4ac4-b7cc-2892b942c387:192.168.30.30:41047, ee8e7399-3280-4718-93a7-c6f66f665da9:192.168.30.30:43600, fa17b84d-89ee-4f60-8e05-595fee44d69b:192.168.30.30:35033] returns group-7C2C933C7E5E:java.util.concurrent.CompletableFuture@41247fad[Not completed]
2019-10-02 22:46:40,197 [pool-403-thread-1] INFO  impl.RaftServerImpl (RaftServerImpl.java:<init>(95)) - ee8e7399-3280-4718-93a7-c6f66f665da9: new RaftServerImpl for group-7C2C933C7E5E:[efe1aab7-b6fa-4ac4-b7cc-2892b942c387:192.168.30.30:41047, ee8e7399-3280-4718-93a7-c6f66f665da9:192.168.30.30:43600, fa17b84d-89ee-4f60-8e05-595fee44d69b:192.168.30.30:35033] with ContainerStateMachine:uninitialized
2019-10-02 22:46:40,197 [pool-403-thread-1] INFO  server.RaftServerConfigKeys (ConfUtils.java:logGet(43)) - raft.server.rpc.timeout.min = 5s (custom)
2019-10-02 22:46:40,197 [pool-403-thread-1] INFO  server.RaftServerConfigKeys (ConfUtils.java:logGet(43)) - raft.server.rpc.timeout.max = 5200ms (custom)
2019-10-02 22:46:40,197 [pool-403-thread-1] INFO  server.RaftServerConfigKeys (ConfUtils.java:logGet(43)) - raft.server.rpcslowness.timeout = 120s (custom)
2019-10-02 22:46:40,197 [pool-403-thread-1] INFO  server.RaftServerConfigKeys (ConfUtils.java:logGet(43)) - raft.server.sleep.deviation.threshold = 300 (default)
2019-10-02 22:46:40,198 [pool-403-thread-1] INFO  server.RaftServerConfigKeys (ConfUtils.java:logGet(43)) - raft.server.log.appender.install.snapshot.enabled = false (custom)
2019-10-02 22:46:40,198 [pool-423-thread-1] INFO  impl.RaftServerImpl (RaftServerImpl.java:<init>(95)) - efe1aab7-b6fa-4ac4-b7cc-2892b942c387: new RaftServerImpl for group-7C2C933C7E5E:[efe1aab7-b6fa-4ac4-b7cc-2892b942c387:192.168.30.30:41047, ee8e7399-3280-4718-93a7-c6f66f665da9:192.168.30.30:43600, fa17b84d-89ee-4f60-8e05-595fee44d69b:192.168.30.30:35033] with ContainerStateMachine:uninitialized
2019-10-02 22:46:40,198 [pool-403-thread-1] INFO  impl.RaftServerImpl (ServerState.java:<init>(103)) - ee8e7399-3280-4718-93a7-c6f66f665da9@group-7C2C933C7E5E: ConfigurationManager, init=-1: [efe1aab7-b6fa-4ac4-b7cc-2892b942c387:192.168.30.30:41047, ee8e7399-3280-4718-93a7-c6f66f665da9:192.168.30.30:43600, fa17b84d-89ee-4f60-8e05-595fee44d69b:192.168.30.30:35033], old=null, confs=<EMPTY_MAP>
2019-10-02 22:46:40,198 [pool-393-thread-1] INFO  impl.RaftServerImpl (RaftServerImpl.java:<init>(95)) - fa17b84d-89ee-4f60-8e05-595fee44d69b: new RaftServerImpl for group-7C2C933C7E5E:[efe1aab7-b6fa-4ac4-b7cc-2892b942c387:192.168.30.30:41047, ee8e7399-3280-4718-93a7-c6f66f665da9:192.168.30.30:43600, fa17b84d-89ee-4f60-8e05-595fee44d69b:192.168.30.30:35033] with ContainerStateMachine:uninitialized
2019-10-02 22:46:40,198 [pool-423-thread-1] INFO  server.RaftServerConfigKeys (ConfUtils.java:logGet(43)) - raft.server.rpc.timeout.min = 5s (custom)
2019-10-02 22:46:40,198 [pool-403-thread-1] INFO  server.RaftServerConfigKeys (ConfUtils.java:logGet(43)) - raft.server.storage.dir = [/workdir/hadoop-ozone/integration-test/target/test-dir/MiniOzoneClusterImpl-401d1527-d5ff-4795-9217-9f2aa99a19e1/datanode-2/data/ratis] (custom)
2019-10-02 22:46:40,198 [pool-393-thread-1] INFO  server.RaftServerConfigKeys (ConfUtils.java:logGet(43)) - raft.server.rpc.timeout.min = 5s (custom)
2019-10-02 22:46:40,198 [pool-423-thread-1] INFO  server.RaftServerConfigKeys (ConfUtils.java:logGet(43)) - raft.server.rpc.timeout.max = 5200ms (custom)
2019-10-02 22:46:40,199 [pool-403-thread-1] INFO  server.RaftServerConfigKeys (ConfUtils.java:logGet(43)) - raft.server.log.corruption.policy = EXCEPTION (default)
2019-10-02 22:46:40,198 [pool-393-thread-1] INFO  server.RaftServerConfigKeys (ConfUtils.java:logGet(43)) - raft.server.rpc.timeout.max = 5200ms (custom)
2019-10-02 22:46:40,199 [pool-423-thread-1] INFO  server.RaftServerConfigKeys (ConfUtils.java:logGet(43)) - raft.server.rpcslowness.timeout = 120s (custom)
2019-10-02 22:46:40,199 [pool-403-thread-1] INFO  storage.RaftStorageDirectory (RaftStorageDirectory.java:analyzeStorage(246)) - The storage directory /workdir/hadoop-ozone/integration-test/target/test-dir/MiniOzoneClusterImpl-401d1527-d5ff-4795-9217-9f2aa99a19e1/datanode-2/data/ratis/24bde7cc-c837-4e65-a883-7c2c933c7e5e does not exist. Creating ...
2019-10-02 22:46:40,199 [pool-393-thread-1] INFO  server.RaftServerConfigKeys (ConfUtils.java:logGet(43)) - raft.server.rpcslowness.timeout = 120s (custom)
2019-10-02 22:46:40,199 [pool-423-thread-1] INFO  server.RaftServerConfigKeys (ConfUtils.java:logGet(43)) - raft.server.sleep.deviation.threshold = 300 (default)
2019-10-02 22:46:40,199 [pool-393-thread-1] INFO  server.RaftServerConfigKeys (ConfUtils.java:logGet(43)) - raft.server.sleep.deviation.threshold = 300 (default)
2019-10-02 22:46:40,199 [pool-423-thread-1] INFO  server.RaftServerConfigKeys (ConfUtils.java:logGet(43)) - raft.server.log.appender.install.snapshot.enabled = false (custom)
2019-10-02 22:46:40,199 [pool-393-thread-1] INFO  server.RaftServerConfigKeys (ConfUtils.java:logGet(43)) - raft.server.log.appender.install.snapshot.enabled = false (custom)
2019-10-02 22:46:40,199 [pool-423-thread-1] INFO  impl.RaftServerImpl (ServerState.java:<init>(103)) - efe1aab7-b6fa-4ac4-b7cc-2892b942c387@group-7C2C933C7E5E: ConfigurationManager, init=-1: [efe1aab7-b6fa-4ac4-b7cc-2892b942c387:192.168.30.30:41047, ee8e7399-3280-4718-93a7-c6f66f665da9:192.168.30.30:43600, fa17b84d-89ee-4f60-8e05-595fee44d69b:192.168.30.30:35033], old=null, confs=<EMPTY_MAP>
2019-10-02 22:46:40,199 [pool-393-thread-1] INFO  impl.RaftServerImpl (ServerState.java:<init>(103)) - fa17b84d-89ee-4f60-8e05-595fee44d69b@group-7C2C933C7E5E: ConfigurationManager, init=-1: [efe1aab7-b6fa-4ac4-b7cc-2892b942c387:192.168.30.30:41047, ee8e7399-3280-4718-93a7-c6f66f665da9:192.168.30.30:43600, fa17b84d-89ee-4f60-8e05-595fee44d69b:192.168.30.30:35033], old=null, confs=<EMPTY_MAP>
2019-10-02 22:46:40,200 [pool-423-thread-1] INFO  server.RaftServerConfigKeys (ConfUtils.java:logGet(43)) - raft.server.storage.dir = [/workdir/hadoop-ozone/integration-test/target/test-dir/MiniOzoneClusterImpl-401d1527-d5ff-4795-9217-9f2aa99a19e1/datanode-4/data/ratis] (custom)
2019-10-02 22:46:40,200 [pool-393-thread-1] INFO  server.RaftServerConfigKeys (ConfUtils.java:logGet(43)) - raft.server.storage.dir = [/workdir/hadoop-ozone/integration-test/target/test-dir/MiniOzoneClusterImpl-401d1527-d5ff-4795-9217-9f2aa99a19e1/datanode-1/data/ratis] (custom)
2019-10-02 22:46:40,200 [pool-423-thread-1] INFO  server.RaftServerConfigKeys (ConfUtils.java:logGet(43)) - raft.server.log.corruption.policy = EXCEPTION (default)
2019-10-02 22:46:40,200 [pool-393-thread-1] INFO  server.RaftServerConfigKeys (ConfUtils.java:logGet(43)) - raft.server.log.corruption.policy = EXCEPTION (default)
2019-10-02 22:46:40,200 [pool-423-thread-1] INFO  storage.RaftStorageDirectory (RaftStorageDirectory.java:analyzeStorage(246)) - The storage directory /workdir/hadoop-ozone/integration-test/target/test-dir/MiniOzoneClusterImpl-401d1527-d5ff-4795-9217-9f2aa99a19e1/datanode-4/data/ratis/24bde7cc-c837-4e65-a883-7c2c933c7e5e does not exist. Creating ...
2019-10-02 22:46:40,200 [pool-393-thread-1] INFO  storage.RaftStorageDirectory (RaftStorageDirectory.java:analyzeStorage(246)) - The storage directory /workdir/hadoop-ozone/integration-test/target/test-dir/MiniOzoneClusterImpl-401d1527-d5ff-4795-9217-9f2aa99a19e1/datanode-1/data/ratis/24bde7cc-c837-4e65-a883-7c2c933c7e5e does not exist. Creating ...
2019-10-02 22:46:40,223 [pool-393-thread-1] INFO  storage.RaftStorageDirectory (RaftStorageDirectory.java:tryLock(328)) - Lock on /workdir/hadoop-ozone/integration-test/target/test-dir/MiniOzoneClusterImpl-401d1527-d5ff-4795-9217-9f2aa99a19e1/datanode-1/data/ratis/24bde7cc-c837-4e65-a883-7c2c933c7e5e/in_use.lock acquired by nodename 6126@pr-hdds1737-lts7z-2510321508
2019-10-02 22:46:40,223 [pool-403-thread-1] INFO  storage.RaftStorageDirectory (RaftStorageDirectory.java:tryLock(328)) - Lock on /workdir/hadoop-ozone/integration-test/target/test-dir/MiniOzoneClusterImpl-401d1527-d5ff-4795-9217-9f2aa99a19e1/datanode-2/data/ratis/24bde7cc-c837-4e65-a883-7c2c933c7e5e/in_use.lock acquired by nodename 6126@pr-hdds1737-lts7z-2510321508
2019-10-02 22:46:40,223 [pool-423-thread-1] INFO  storage.RaftStorageDirectory (RaftStorageDirectory.java:tryLock(328)) - Lock on /workdir/hadoop-ozone/integration-test/target/test-dir/MiniOzoneClusterImpl-401d1527-d5ff-4795-9217-9f2aa99a19e1/datanode-4/data/ratis/24bde7cc-c837-4e65-a883-7c2c933c7e5e/in_use.lock acquired by nodename 6126@pr-hdds1737-lts7z-2510321508
2019-10-02 22:46:40,248 [pool-423-thread-1] INFO  storage.RaftStorage (RaftStorage.java:format(84)) - Storage directory /workdir/hadoop-ozone/integration-test/target/test-dir/MiniOzoneClusterImpl-401d1527-d5ff-4795-9217-9f2aa99a19e1/datanode-4/data/ratis/24bde7cc-c837-4e65-a883-7c2c933c7e5e has been successfully formatted.
2019-10-02 22:46:40,248 [pool-403-thread-1] INFO  storage.RaftStorage (RaftStorage.java:format(84)) - Storage directory /workdir/hadoop-ozone/integration-test/target/test-dir/MiniOzoneClusterImpl-401d1527-d5ff-4795-9217-9f2aa99a19e1/datanode-2/data/ratis/24bde7cc-c837-4e65-a883-7c2c933c7e5e has been successfully formatted.
2019-10-02 22:46:40,248 [pool-393-thread-1] INFO  storage.RaftStorage (RaftStorage.java:format(84)) - Storage directory /workdir/hadoop-ozone/integration-test/target/test-dir/MiniOzoneClusterImpl-401d1527-d5ff-4795-9217-9f2aa99a19e1/datanode-1/data/ratis/24bde7cc-c837-4e65-a883-7c2c933c7e5e has been successfully formatted.
2019-10-02 22:46:40,248 [pool-423-thread-1] INFO  ratis.ContainerStateMachine (ContainerStateMachine.java:loadSnapshot(230)) - group-7C2C933C7E5E: The snapshot info is null. Setting the last applied indexto:(t:0, i:~)
2019-10-02 22:46:40,249 [pool-393-thread-1] INFO  ratis.ContainerStateMachine (ContainerStateMachine.java:loadSnapshot(230)) - group-7C2C933C7E5E: The snapshot info is null. Setting the last applied indexto:(t:0, i:~)
2019-10-02 22:46:40,249 [pool-403-thread-1] INFO  ratis.ContainerStateMachine (ContainerStateMachine.java:loadSnapshot(230)) - group-7C2C933C7E5E: The snapshot info is null. Setting the last applied indexto:(t:0, i:~)
2019-10-02 22:46:40,249 [pool-393-thread-1] INFO  server.RaftServerConfigKeys (ConfUtils.java:logGet(43)) - raft.server.notification.no-leader.timeout = 120s (custom)
2019-10-02 22:46:40,249 [pool-423-thread-1] INFO  server.RaftServerConfigKeys (ConfUtils.java:logGet(43)) - raft.server.notification.no-leader.timeout = 120s (custom)
2019-10-02 22:46:40,249 [pool-393-thread-1] INFO  server.RaftServerConfigKeys (ConfUtils.java:logGet(43)) - raft.server.log.use.memory = false (default)
2019-10-02 22:46:40,249 [pool-403-thread-1] INFO  server.RaftServerConfigKeys (ConfUtils.java:logGet(43)) - raft.server.notification.no-leader.timeout = 120s (custom)
2019-10-02 22:46:40,249 [pool-393-thread-1] INFO  server.RaftServerConfigKeys (ConfUtils.java:logGet(43)) - raft.server.log.purge.gap = 1000000 (custom)
2019-10-02 22:46:40,249 [pool-423-thread-1] INFO  server.RaftServerConfigKeys (ConfUtils.java:logGet(43)) - raft.server.log.use.memory = false (default)
2019-10-02 22:46:40,250 [pool-393-thread-1] INFO  server.RaftServerConfigKeys (ConfUtils.java:logGet(43)) - raft.server.log.appender.buffer.byte-limit = 33554432 (custom)
2019-10-02 22:46:40,250 [pool-403-thread-1] INFO  server.RaftServerConfigKeys (ConfUtils.java:logGet(43)) - raft.server.log.use.memory = false (default)
2019-10-02 22:46:40,250 [pool-393-thread-1] INFO  server.RaftServerConfigKeys (ConfUtils.java:logGet(43)) - raft.server.log.segment.size.max = 1048576 (custom)
2019-10-02 22:46:40,250 [pool-423-thread-1] INFO  server.RaftServerConfigKeys (ConfUtils.java:logGet(43)) - raft.server.log.purge.gap = 1000000 (custom)
2019-10-02 22:46:40,250 [pool-393-thread-1] INFO  server.RaftServerConfigKeys (ConfUtils.java:logGet(43)) - raft.server.log.segment.cache.num.max = 2 (custom)
2019-10-02 22:46:40,250 [pool-403-thread-1] INFO  server.RaftServerConfigKeys (ConfUtils.java:logGet(43)) - raft.server.log.purge.gap = 1000000 (custom)
2019-10-02 22:46:40,250 [pool-393-thread-1] INFO  segmented.SegmentedRaftLogWorker (SegmentedRaftLogWorker.java:<init>(173)) - new fa17b84d-89ee-4f60-8e05-595fee44d69b@group-7C2C933C7E5E-SegmentedRaftLogWorker for RaftStorage:Storage Directory /workdir/hadoop-ozone/integration-test/target/test-dir/MiniOzoneClusterImpl-401d1527-d5ff-4795-9217-9f2aa99a19e1/datanode-1/data/ratis/24bde7cc-c837-4e65-a883-7c2c933c7e5e
2019-10-02 22:46:40,251 [pool-393-thread-1] INFO  server.RaftServerConfigKeys (ConfUtils.java:logGet(43)) - raft.server.log.queue.byte-limit = 2147483647 (custom)
2019-10-02 22:46:40,250 [pool-423-thread-1] INFO  server.RaftServerConfigKeys (ConfUtils.java:logGet(43)) - raft.server.log.appender.buffer.byte-limit = 33554432 (custom)
2019-10-02 22:46:40,251 [pool-393-thread-1] INFO  server.RaftServerConfigKeys (ConfUtils.java:logGet(43)) - raft.server.log.queue.element-limit = 1024 (custom)
2019-10-02 22:46:40,251 [pool-403-thread-1] INFO  server.RaftServerConfigKeys (ConfUtils.java:logGet(43)) - raft.server.log.appender.buffer.byte-limit = 33554432 (custom)
2019-10-02 22:46:40,251 [pool-393-thread-1] INFO  server.RaftServerConfigKeys (ConfUtils.java:logGet(43)) - raft.server.log.segment.size.max = 1048576 (custom)
2019-10-02 22:46:40,251 [pool-393-thread-1] INFO  server.RaftServerConfigKeys (ConfUtils.java:logGet(43)) - raft.server.log.preallocated.size = 16384 (custom)
2019-10-02 22:46:40,251 [pool-423-thread-1] INFO  server.RaftServerConfigKeys (ConfUtils.java:logGet(43)) - raft.server.log.segment.size.max = 1048576 (custom)
2019-10-02 22:46:40,251 [pool-393-thread-1] INFO  server.RaftServerConfigKeys (ConfUtils.java:logGet(43)) - raft.server.log.write.buffer.size = 33554432 (custom)
2019-10-02 22:46:40,251 [pool-403-thread-1] INFO  server.RaftServerConfigKeys (ConfUtils.java:logGet(43)) - raft.server.log.segment.size.max = 1048576 (custom)
2019-10-02 22:46:40,252 [pool-393-thread-1] INFO  server.RaftServerConfigKeys (ConfUtils.java:logGet(43)) - raft.server.log.force.sync.num = 128 (default)
2019-10-02 22:46:40,252 [pool-393-thread-1] INFO  server.RaftServerConfigKeys (ConfUtils.java:logGet(43)) - raft.server.log.statemachine.data.sync = true (default)
2019-10-02 22:46:40,252 [pool-423-thread-1] INFO  server.RaftServerConfigKeys (ConfUtils.java:logGet(43)) - raft.server.log.segment.cache.num.max = 2 (custom)
2019-10-02 22:46:40,252 [pool-393-thread-1] INFO  server.RaftServerConfigKeys (ConfUtils.java:logGet(43)) - raft.server.log.statemachine.data.sync.timeout = 10s (default)
2019-10-02 22:46:40,252 [pool-403-thread-1] INFO  server.RaftServerConfigKeys (ConfUtils.java:logGet(43)) - raft.server.log.segment.cache.num.max = 2 (custom)
2019-10-02 22:46:40,252 [pool-393-thread-1] INFO  server.RaftServerConfigKeys (ConfUtils.java:logGet(43)) - raft.server.log.statemachine.data.sync.timeout.retry = -1 (default)
2019-10-02 22:46:40,252 [pool-423-thread-1] INFO  segmented.SegmentedRaftLogWorker (SegmentedRaftLogWorker.java:<init>(173)) - new efe1aab7-b6fa-4ac4-b7cc-2892b942c387@group-7C2C933C7E5E-SegmentedRaftLogWorker for RaftStorage:Storage Directory /workdir/hadoop-ozone/integration-test/target/test-dir/MiniOzoneClusterImpl-401d1527-d5ff-4795-9217-9f2aa99a19e1/datanode-4/data/ratis/24bde7cc-c837-4e65-a883-7c2c933c7e5e
2019-10-02 22:46:40,253 [pool-393-thread-1] INFO  server.RaftServerConfigKeys (ConfUtils.java:logGet(43)) - raft.server.log.statemachine.data.caching.enabled = true (custom)
2019-10-02 22:46:40,252 [pool-403-thread-1] INFO  segmented.SegmentedRaftLogWorker (SegmentedRaftLogWorker.java:<init>(173)) - new ee8e7399-3280-4718-93a7-c6f66f665da9@group-7C2C933C7E5E-SegmentedRaftLogWorker for RaftStorage:Storage Directory /workdir/hadoop-ozone/integration-test/target/test-dir/MiniOzoneClusterImpl-401d1527-d5ff-4795-9217-9f2aa99a19e1/datanode-2/data/ratis/24bde7cc-c837-4e65-a883-7c2c933c7e5e
2019-10-02 22:46:40,253 [pool-393-thread-1] INFO  segmented.SegmentedRaftLogWorker (SegmentedRaftLogWorker.java:lambda$new$0(128)) - fa17b84d-89ee-4f60-8e05-595fee44d69b@group-7C2C933C7E5E-SegmentedRaftLogWorker: flushIndex: setUnconditionally 0 -> -1
2019-10-02 22:46:40,253 [pool-423-thread-1] INFO  server.RaftServerConfigKeys (ConfUtils.java:logGet(43)) - raft.server.log.queue.byte-limit = 2147483647 (custom)
2019-10-02 22:46:40,253 [pool-393-thread-1] INFO  server.RaftServerConfigKeys (ConfUtils.java:logGet(43)) - raft.server.snapshot.auto.trigger.enabled = true (custom)
2019-10-02 22:46:40,253 [pool-403-thread-1] INFO  server.RaftServerConfigKeys (ConfUtils.java:logGet(43)) - raft.server.log.queue.byte-limit = 2147483647 (custom)
2019-10-02 22:46:40,253 [pool-393-thread-1] INFO  server.RaftServerConfigKeys (ConfUtils.java:logGet(43)) - raft.server.snapshot.auto.trigger.threshold = 10000 (custom)
2019-10-02 22:46:40,254 [pool-393-thread-1] INFO  server.RaftServerConfigKeys (ConfUtils.java:logGet(43)) - raft.server.snapshot.retention.file.num = 5 (custom)
2019-10-02 22:46:40,253 [pool-423-thread-1] INFO  server.RaftServerConfigKeys (ConfUtils.java:logGet(43)) - raft.server.log.queue.element-limit = 1024 (custom)
2019-10-02 22:46:40,254 [pool-393-thread-1] INFO  server.RaftServerConfigKeys (ConfUtils.java:logGet(43)) - raft.server.retrycache.expirytime = 600000ms (custom)
2019-10-02 22:46:40,253 [pool-403-thread-1] INFO  server.RaftServerConfigKeys (ConfUtils.java:logGet(43)) - raft.server.log.queue.element-limit = 1024 (custom)
2019-10-02 22:46:40,254 [pool-423-thread-1] INFO  server.RaftServerConfigKeys (ConfUtils.java:logGet(43)) - raft.server.log.segment.size.max = 1048576 (custom)
2019-10-02 22:46:40,254 [pool-403-thread-1] INFO  server.RaftServerConfigKeys (ConfUtils.java:logGet(43)) - raft.server.log.segment.size.max = 1048576 (custom)
2019-10-02 22:46:40,254 [pool-423-thread-1] INFO  server.RaftServerConfigKeys (ConfUtils.java:logGet(43)) - raft.server.log.preallocated.size = 16384 (custom)
2019-10-02 22:46:40,254 [pool-403-thread-1] INFO  server.RaftServerConfigKeys (ConfUtils.java:logGet(43)) - raft.server.log.preallocated.size = 16384 (custom)
2019-10-02 22:46:40,255 [pool-423-thread-1] INFO  server.RaftServerConfigKeys (ConfUtils.java:logGet(43)) - raft.server.log.write.buffer.size = 33554432 (custom)
2019-10-02 22:46:40,255 [pool-403-thread-1] INFO  server.RaftServerConfigKeys (ConfUtils.java:logGet(43)) - raft.server.log.write.buffer.size = 33554432 (custom)
2019-10-02 22:46:40,255 [pool-423-thread-1] INFO  server.RaftServerConfigKeys (ConfUtils.java:logGet(43)) - raft.server.log.force.sync.num = 128 (default)
2019-10-02 22:46:40,255 [pool-393-thread-1] INFO  impl.RaftServerImpl (RaftServerImpl.java:start(181)) - fa17b84d-89ee-4f60-8e05-595fee44d69b@group-7C2C933C7E5E: start as a follower, conf=-1: [efe1aab7-b6fa-4ac4-b7cc-2892b942c387:192.168.30.30:41047, ee8e7399-3280-4718-93a7-c6f66f665da9:192.168.30.30:43600, fa17b84d-89ee-4f60-8e05-595fee44d69b:192.168.30.30:35033], old=null
2019-10-02 22:46:40,255 [pool-423-thread-1] INFO  server.RaftServerConfigKeys (ConfUtils.java:logGet(43)) - raft.server.log.statemachine.data.sync = true (default)
2019-10-02 22:46:40,255 [pool-403-thread-1] INFO  server.RaftServerConfigKeys (ConfUtils.java:logGet(43)) - raft.server.log.force.sync.num = 128 (default)
2019-10-02 22:46:40,256 [pool-423-thread-1] INFO  server.RaftServerConfigKeys (ConfUtils.java:logGet(43)) - raft.server.log.statemachine.data.sync.timeout = 10s (default)
2019-10-02 22:46:40,256 [pool-423-thread-1] INFO  server.RaftServerConfigKeys (ConfUtils.java:logGet(43)) - raft.server.log.statemachine.data.sync.timeout.retry = -1 (default)
2019-10-02 22:46:40,255 [pool-393-thread-1] INFO  impl.RaftServerImpl (RaftServerImpl.java:setRole(170)) - fa17b84d-89ee-4f60-8e05-595fee44d69b@group-7C2C933C7E5E: changes role from      null to FOLLOWER at term 0 for startAsFollower
2019-10-02 22:46:40,256 [pool-423-thread-1] INFO  server.RaftServerConfigKeys (ConfUtils.java:logGet(43)) - raft.server.log.statemachine.data.caching.enabled = true (custom)
2019-10-02 22:46:40,256 [pool-403-thread-1] INFO  server.RaftServerConfigKeys (ConfUtils.java:logGet(43)) - raft.server.log.statemachine.data.sync = true (default)
2019-10-02 22:46:40,256 [pool-393-thread-1] INFO  impl.RoleInfo (RoleInfo.java:updateAndGet(143)) - fa17b84d-89ee-4f60-8e05-595fee44d69b: start FollowerState
2019-10-02 22:46:40,256 [pool-403-thread-1] INFO  server.RaftServerConfigKeys (ConfUtils.java:logGet(43)) - raft.server.log.statemachine.data.sync.timeout = 10s (default)
2019-10-02 22:46:40,256 [pool-423-thread-1] INFO  segmented.SegmentedRaftLogWorker (SegmentedRaftLogWorker.java:lambda$new$0(128)) - efe1aab7-b6fa-4ac4-b7cc-2892b942c387@group-7C2C933C7E5E-SegmentedRaftLogWorker: flushIndex: setUnconditionally 0 -> -1
2019-10-02 22:46:40,257 [pool-403-thread-1] INFO  server.RaftServerConfigKeys (ConfUtils.java:logGet(43)) - raft.server.log.statemachine.data.sync.timeout.retry = -1 (default)
2019-10-02 22:46:40,257 [pool-393-thread-1] INFO  util.JmxRegister (JmxRegister.java:tryRegister(44)) - Successfully registered JMX Bean with object name Ratis:service=RaftServer,group=group-7C2C933C7E5E,id=fa17b84d-89ee-4f60-8e05-595fee44d69b
2019-10-02 22:46:40,257 [pool-403-thread-1] INFO  server.RaftServerConfigKeys (ConfUtils.java:logGet(43)) - raft.server.log.statemachine.data.caching.enabled = true (custom)
2019-10-02 22:46:40,257 [pool-423-thread-1] INFO  server.RaftServerConfigKeys (ConfUtils.java:logGet(43)) - raft.server.snapshot.auto.trigger.enabled = true (custom)
2019-10-02 22:46:40,257 [pool-403-thread-1] INFO  segmented.SegmentedRaftLogWorker (SegmentedRaftLogWorker.java:lambda$new$0(128)) - ee8e7399-3280-4718-93a7-c6f66f665da9@group-7C2C933C7E5E-SegmentedRaftLogWorker: flushIndex: setUnconditionally 0 -> -1
2019-10-02 22:46:40,257 [pool-423-thread-1] INFO  server.RaftServerConfigKeys (ConfUtils.java:logGet(43)) - raft.server.snapshot.auto.trigger.threshold = 10000 (custom)
2019-10-02 22:46:40,258 [pool-423-thread-1] INFO  server.RaftServerConfigKeys (ConfUtils.java:logGet(43)) - raft.server.snapshot.retention.file.num = 5 (custom)
2019-10-02 22:46:40,258 [pool-403-thread-1] INFO  server.RaftServerConfigKeys (ConfUtils.java:logGet(43)) - raft.server.snapshot.auto.trigger.enabled = true (custom)
2019-10-02 22:46:40,258 [pool-423-thread-1] INFO  server.RaftServerConfigKeys (ConfUtils.java:logGet(43)) - raft.server.retrycache.expirytime = 600000ms (custom)
2019-10-02 22:46:40,258 [pool-403-thread-1] INFO  server.RaftServerConfigKeys (ConfUtils.java:logGet(43)) - raft.server.snapshot.auto.trigger.threshold = 10000 (custom)
2019-10-02 22:46:40,259 [pool-403-thread-1] INFO  server.RaftServerConfigKeys (ConfUtils.java:logGet(43)) - raft.server.snapshot.retention.file.num = 5 (custom)
2019-10-02 22:46:40,259 [pool-403-thread-1] INFO  server.RaftServerConfigKeys (ConfUtils.java:logGet(43)) - raft.server.retrycache.expirytime = 600000ms (custom)
2019-10-02 22:46:40,265 [pool-423-thread-1] INFO  impl.RaftServerImpl (RaftServerImpl.java:start(181)) - efe1aab7-b6fa-4ac4-b7cc-2892b942c387@group-7C2C933C7E5E: start as a follower, conf=-1: [efe1aab7-b6fa-4ac4-b7cc-2892b942c387:192.168.30.30:41047, ee8e7399-3280-4718-93a7-c6f66f665da9:192.168.30.30:43600, fa17b84d-89ee-4f60-8e05-595fee44d69b:192.168.30.30:35033], old=null
2019-10-02 22:46:40,265 [pool-423-thread-1] INFO  impl.RaftServerImpl (RaftServerImpl.java:setRole(170)) - efe1aab7-b6fa-4ac4-b7cc-2892b942c387@group-7C2C933C7E5E: changes role from      null to FOLLOWER at term 0 for startAsFollower
2019-10-02 22:46:40,265 [pool-403-thread-1] INFO  impl.RaftServerImpl (RaftServerImpl.java:start(181)) - ee8e7399-3280-4718-93a7-c6f66f665da9@group-7C2C933C7E5E: start as a follower, conf=-1: [efe1aab7-b6fa-4ac4-b7cc-2892b942c387:192.168.30.30:41047, ee8e7399-3280-4718-93a7-c6f66f665da9:192.168.30.30:43600, fa17b84d-89ee-4f60-8e05-595fee44d69b:192.168.30.30:35033], old=null
2019-10-02 22:46:40,265 [pool-423-thread-1] INFO  impl.RoleInfo (RoleInfo.java:updateAndGet(143)) - efe1aab7-b6fa-4ac4-b7cc-2892b942c387: start FollowerState
2019-10-02 22:46:40,265 [pool-403-thread-1] INFO  impl.RaftServerImpl (RaftServerImpl.java:setRole(170)) - ee8e7399-3280-4718-93a7-c6f66f665da9@group-7C2C933C7E5E: changes role from      null to FOLLOWER at term 0 for startAsFollower
2019-10-02 22:46:40,265 [pool-403-thread-1] INFO  impl.RoleInfo (RoleInfo.java:updateAndGet(143)) - ee8e7399-3280-4718-93a7-c6f66f665da9: start FollowerState
2019-10-02 22:46:40,265 [pool-423-thread-1] INFO  util.JmxRegister (JmxRegister.java:tryRegister(44)) - Successfully registered JMX Bean with object name Ratis:service=RaftServer,group=group-7C2C933C7E5E,id=efe1aab7-b6fa-4ac4-b7cc-2892b942c387
2019-10-02 22:46:40,266 [pool-403-thread-1] INFO  util.JmxRegister (JmxRegister.java:tryRegister(44)) - Successfully registered JMX Bean with object name Ratis:service=RaftServer,group=group-7C2C933C7E5E,id=ee8e7399-3280-4718-93a7-c6f66f665da9
2019-10-02 22:46:40,275 [RatisPipelineUtilsThread] INFO  pipeline.PipelineStateManager (PipelineStateManager.java:addPipeline(56)) - Created pipeline Pipeline[ Id: 24bde7cc-c837-4e65-a883-7c2c933c7e5e, Nodes: fa17b84d-89ee-4f60-8e05-595fee44d69b{ip: 192.168.30.30, host: pr-hdds1737-lts7z-2510321508, networkLocation: /default-rack, certSerialId: null}ee8e7399-3280-4718-93a7-c6f66f665da9{ip: 192.168.30.30, host: pr-hdds1737-lts7z-2510321508, networkLocation: /default-rack, certSerialId: null}efe1aab7-b6fa-4ac4-b7cc-2892b942c387{ip: 192.168.30.30, host: pr-hdds1737-lts7z-2510321508, networkLocation: /default-rack, certSerialId: null}, Type:RATIS, Factor:THREE, State:OPEN]
2019-10-02 22:46:40,286 [grpc-default-executor-1] INFO  impl.RaftServerProxy (RaftServerProxy.java:addNew(89)) - ebe8d85e-2a9e-4453-9b72-c7cba90634b3: addNew group-9A66D044E461:[f479b5d4-b26d-4223-8d93-d0e8dc367abb:192.168.30.30:35480, ebe8d85e-2a9e-4453-9b72-c7cba90634b3:192.168.30.30:36596, 5262c05d-c257-409e-b638-c6608586fb82:192.168.30.30:33006] returns group-9A66D044E461:java.util.concurrent.CompletableFuture@4dd31c70[Not completed]
2019-10-02 22:46:40,286 [grpc-default-executor-4] INFO  impl.RaftServerProxy (RaftServerProxy.java:addNew(89)) - 5262c05d-c257-409e-b638-c6608586fb82: addNew group-9A66D044E461:[f479b5d4-b26d-4223-8d93-d0e8dc367abb:192.168.30.30:35480, ebe8d85e-2a9e-4453-9b72-c7cba90634b3:192.168.30.30:36596, 5262c05d-c257-409e-b638-c6608586fb82:192.168.30.30:33006] returns group-9A66D044E461:java.util.concurrent.CompletableFuture@5676ff44[Not completed]
2019-10-02 22:46:40,286 [grpc-default-executor-5] INFO  impl.RaftServerProxy (RaftServerProxy.java:addNew(89)) - f479b5d4-b26d-4223-8d93-d0e8dc367abb: addNew group-9A66D044E461:[f479b5d4-b26d-4223-8d93-d0e8dc367abb:192.168.30.30:35480, ebe8d85e-2a9e-4453-9b72-c7cba90634b3:192.168.30.30:36596, 5262c05d-c257-409e-b638-c6608586fb82:192.168.30.30:33006] returns group-9A66D044E461:java.util.concurrent.CompletableFuture@4e648016[Not completed]
2019-10-02 22:46:40,287 [pool-413-thread-1] INFO  impl.RaftServerImpl (RaftServerImpl.java:<init>(95)) - f479b5d4-b26d-4223-8d93-d0e8dc367abb: new RaftServerImpl for group-9A66D044E461:[f479b5d4-b26d-4223-8d93-d0e8dc367abb:192.168.30.30:35480, ebe8d85e-2a9e-4453-9b72-c7cba90634b3:192.168.30.30:36596, 5262c05d-c257-409e-b638-c6608586fb82:192.168.30.30:33006] with ContainerStateMachine:uninitialized
2019-10-02 22:46:40,287 [pool-413-thread-1] INFO  server.RaftServerConfigKeys (ConfUtils.java:logGet(43)) - raft.server.rpc.timeout.min = 5s (custom)
2019-10-02 22:46:40,287 [pool-413-thread-1] INFO  server.RaftServerConfigKeys (ConfUtils.java:logGet(43)) - raft.server.rpc.timeout.max = 5200ms (custom)
2019-10-02 22:46:40,287 [pool-413-thread-1] INFO  server.RaftServerConfigKeys (ConfUtils.java:logGet(43)) - raft.server.rpcslowness.timeout = 120s (custom)
2019-10-02 22:46:40,287 [pool-413-thread-1] INFO  server.RaftServerConfigKeys (ConfUtils.java:logGet(43)) - raft.server.sleep.deviation.threshold = 300 (default)
2019-10-02 22:46:40,287 [pool-383-thread-1] INFO  impl.RaftServerImpl (RaftServerImpl.java:<init>(95)) - ebe8d85e-2a9e-4453-9b72-c7cba90634b3: new RaftServerImpl for group-9A66D044E461:[f479b5d4-b26d-4223-8d93-d0e8dc367abb:192.168.30.30:35480, ebe8d85e-2a9e-4453-9b72-c7cba90634b3:192.168.30.30:36596, 5262c05d-c257-409e-b638-c6608586fb82:192.168.30.30:33006] with ContainerStateMachine:uninitialized
2019-10-02 22:46:40,287 [pool-413-thread-1] INFO  server.RaftServerConfigKeys (ConfUtils.java:logGet(43)) - raft.server.log.appender.install.snapshot.enabled = false (custom)
2019-10-02 22:46:40,288 [pool-383-thread-1] INFO  server.RaftServerConfigKeys (ConfUtils.java:logGet(43)) - raft.server.rpc.timeout.min = 5s (custom)
2019-10-02 22:46:40,288 [pool-413-thread-1] INFO  impl.RaftServerImpl (ServerState.java:<init>(103)) - f479b5d4-b26d-4223-8d93-d0e8dc367abb@group-9A66D044E461: ConfigurationManager, init=-1: [f479b5d4-b26d-4223-8d93-d0e8dc367abb:192.168.30.30:35480, ebe8d85e-2a9e-4453-9b72-c7cba90634b3:192.168.30.30:36596, 5262c05d-c257-409e-b638-c6608586fb82:192.168.30.30:33006], old=null, confs=<EMPTY_MAP>
2019-10-02 22:46:40,288 [pool-443-thread-1] INFO  impl.RaftServerImpl (RaftServerImpl.java:<init>(95)) - 5262c05d-c257-409e-b638-c6608586fb82: new RaftServerImpl for group-9A66D044E461:[f479b5d4-b26d-4223-8d93-d0e8dc367abb:192.168.30.30:35480, ebe8d85e-2a9e-4453-9b72-c7cba90634b3:192.168.30.30:36596, 5262c05d-c257-409e-b638-c6608586fb82:192.168.30.30:33006] with ContainerStateMachine:uninitialized
2019-10-02 22:46:40,288 [pool-383-thread-1] INFO  server.RaftServerConfigKeys (ConfUtils.java:logGet(43)) - raft.server.rpc.timeout.max = 5200ms (custom)
2019-10-02 22:46:40,288 [pool-443-thread-1] INFO  server.RaftServerConfigKeys (ConfUtils.java:logGet(43)) - raft.server.rpc.timeout.min = 5s (custom)
2019-10-02 22:46:40,288 [pool-413-thread-1] INFO  server.RaftServerConfigKeys (ConfUtils.java:logGet(43)) - raft.server.storage.dir = [/workdir/hadoop-ozone/integration-test/target/test-dir/MiniOzoneClusterImpl-401d1527-d5ff-4795-9217-9f2aa99a19e1/datanode-3/data/ratis] (custom)
2019-10-02 22:46:40,288 [pool-443-thread-1] INFO  server.RaftServerConfigKeys (ConfUtils.java:logGet(43)) - raft.server.rpc.timeout.max = 5200ms (custom)
2019-10-02 22:46:40,288 [pool-383-thread-1] INFO  server.RaftServerConfigKeys (ConfUtils.java:logGet(43)) - raft.server.rpcslowness.timeout = 120s (custom)
2019-10-02 22:46:40,288 [pool-413-thread-1] INFO  server.RaftServerConfigKeys (ConfUtils.java:logGet(43)) - raft.server.log.corruption.policy = EXCEPTION (default)
2019-10-02 22:46:40,288 [pool-443-thread-1] INFO  server.RaftServerConfigKeys (ConfUtils.java:logGet(43)) - raft.server.rpcslowness.timeout = 120s (custom)
2019-10-02 22:46:40,289 [pool-413-thread-1] INFO  storage.RaftStorageDirectory (RaftStorageDirectory.java:analyzeStorage(246)) - The storage directory /workdir/hadoop-ozone/integration-test/target/test-dir/MiniOzoneClusterImpl-401d1527-d5ff-4795-9217-9f2aa99a19e1/datanode-3/data/ratis/8a72b354-5afb-47d0-a154-9a66d044e461 does not exist. Creating ...
2019-10-02 22:46:40,289 [pool-383-thread-1] INFO  server.RaftServerConfigKeys (ConfUtils.java:logGet(43)) - raft.server.sleep.deviation.threshold = 300 (default)
2019-10-02 22:46:40,289 [pool-443-thread-1] INFO  server.RaftServerConfigKeys (ConfUtils.java:logGet(43)) - raft.server.sleep.deviation.threshold = 300 (default)
2019-10-02 22:46:40,289 [pool-383-thread-1] INFO  server.RaftServerConfigKeys (ConfUtils.java:logGet(43)) - raft.server.log.appender.install.snapshot.enabled = false (custom)
2019-10-02 22:46:40,289 [pool-443-thread-1] INFO  server.RaftServerConfigKeys (ConfUtils.java:logGet(43)) - raft.server.log.appender.install.snapshot.enabled = false (custom)
2019-10-02 22:46:40,289 [pool-383-thread-1] INFO  impl.RaftServerImpl (ServerState.java:<init>(103)) - ebe8d85e-2a9e-4453-9b72-c7cba90634b3@group-9A66D044E461: ConfigurationManager, init=-1: [f479b5d4-b26d-4223-8d93-d0e8dc367abb:192.168.30.30:35480, ebe8d85e-2a9e-4453-9b72-c7cba90634b3:192.168.30.30:36596, 5262c05d-c257-409e-b638-c6608586fb82:192.168.30.30:33006], old=null, confs=<EMPTY_MAP>
2019-10-02 22:46:40,289 [pool-443-thread-1] INFO  impl.RaftServerImpl (ServerState.java:<init>(103)) - 5262c05d-c257-409e-b638-c6608586fb82@group-9A66D044E461: ConfigurationManager, init=-1: [f479b5d4-b26d-4223-8d93-d0e8dc367abb:192.168.30.30:35480, ebe8d85e-2a9e-4453-9b72-c7cba90634b3:192.168.30.30:36596, 5262c05d-c257-409e-b638-c6608586fb82:192.168.30.30:33006], old=null, confs=<EMPTY_MAP>
2019-10-02 22:46:40,290 [pool-383-thread-1] INFO  server.RaftServerConfigKeys (ConfUtils.java:logGet(43)) - raft.server.storage.dir = [/workdir/hadoop-ozone/integration-test/target/test-dir/MiniOzoneClusterImpl-401d1527-d5ff-4795-9217-9f2aa99a19e1/datanode-0/data/ratis] (custom)
2019-10-02 22:46:40,290 [pool-443-thread-1] INFO  server.RaftServerConfigKeys (ConfUtils.java:logGet(43)) - raft.server.storage.dir = [/workdir/hadoop-ozone/integration-test/target/test-dir/MiniOzoneClusterImpl-401d1527-d5ff-4795-9217-9f2aa99a19e1/datanode-6/data/ratis] (custom)
2019-10-02 22:46:40,290 [pool-383-thread-1] INFO  server.RaftServerConfigKeys (ConfUtils.java:logGet(43)) - raft.server.log.corruption.policy = EXCEPTION (default)
2019-10-02 22:46:40,290 [pool-443-thread-1] INFO  server.RaftServerConfigKeys (ConfUtils.java:logGet(43)) - raft.server.log.corruption.policy = EXCEPTION (default)
2019-10-02 22:46:40,290 [pool-383-thread-1] INFO  storage.RaftStorageDirectory (RaftStorageDirectory.java:analyzeStorage(246)) - The storage directory /workdir/hadoop-ozone/integration-test/target/test-dir/MiniOzoneClusterImpl-401d1527-d5ff-4795-9217-9f2aa99a19e1/datanode-0/data/ratis/8a72b354-5afb-47d0-a154-9a66d044e461 does not exist. Creating ...
2019-10-02 22:46:40,290 [pool-443-thread-1] INFO  storage.RaftStorageDirectory (RaftStorageDirectory.java:analyzeStorage(246)) - The storage directory /workdir/hadoop-ozone/integration-test/target/test-dir/MiniOzoneClusterImpl-401d1527-d5ff-4795-9217-9f2aa99a19e1/datanode-6/data/ratis/8a72b354-5afb-47d0-a154-9a66d044e461 does not exist. Creating ...
2019-10-02 22:46:40,316 [pool-443-thread-1] INFO  storage.RaftStorageDirectory (RaftStorageDirectory.java:tryLock(328)) - Lock on /workdir/hadoop-ozone/integration-test/target/test-dir/MiniOzoneClusterImpl-401d1527-d5ff-4795-9217-9f2aa99a19e1/datanode-6/data/ratis/8a72b354-5afb-47d0-a154-9a66d044e461/in_use.lock acquired by nodename 6126@pr-hdds1737-lts7z-2510321508
2019-10-02 22:46:40,316 [pool-383-thread-1] INFO  storage.RaftStorageDirectory (RaftStorageDirectory.java:tryLock(328)) - Lock on /workdir/hadoop-ozone/integration-test/target/test-dir/MiniOzoneClusterImpl-401d1527-d5ff-4795-9217-9f2aa99a19e1/datanode-0/data/ratis/8a72b354-5afb-47d0-a154-9a66d044e461/in_use.lock acquired by nodename 6126@pr-hdds1737-lts7z-2510321508
2019-10-02 22:46:40,316 [pool-413-thread-1] INFO  storage.RaftStorageDirectory (RaftStorageDirectory.java:tryLock(328)) - Lock on /workdir/hadoop-ozone/integration-test/target/test-dir/MiniOzoneClusterImpl-401d1527-d5ff-4795-9217-9f2aa99a19e1/datanode-3/data/ratis/8a72b354-5afb-47d0-a154-9a66d044e461/in_use.lock acquired by nodename 6126@pr-hdds1737-lts7z-2510321508
2019-10-02 22:46:40,341 [pool-413-thread-1] INFO  storage.RaftStorage (RaftStorage.java:format(84)) - Storage directory /workdir/hadoop-ozone/integration-test/target/test-dir/MiniOzoneClusterImpl-401d1527-d5ff-4795-9217-9f2aa99a19e1/datanode-3/data/ratis/8a72b354-5afb-47d0-a154-9a66d044e461 has been successfully formatted.
2019-10-02 22:46:40,341 [pool-383-thread-1] INFO  storage.RaftStorage (RaftStorage.java:format(84)) - Storage directory /workdir/hadoop-ozone/integration-test/target/test-dir/MiniOzoneClusterImpl-401d1527-d5ff-4795-9217-9f2aa99a19e1/datanode-0/data/ratis/8a72b354-5afb-47d0-a154-9a66d044e461 has been successfully formatted.
2019-10-02 22:46:40,341 [pool-443-thread-1] INFO  storage.RaftStorage (RaftStorage.java:format(84)) - Storage directory /workdir/hadoop-ozone/integration-test/target/test-dir/MiniOzoneClusterImpl-401d1527-d5ff-4795-9217-9f2aa99a19e1/datanode-6/data/ratis/8a72b354-5afb-47d0-a154-9a66d044e461 has been successfully formatted.
2019-10-02 22:46:40,341 [pool-413-thread-1] INFO  ratis.ContainerStateMachine (ContainerStateMachine.java:loadSnapshot(230)) - group-9A66D044E461: The snapshot info is null. Setting the last applied indexto:(t:0, i:~)
2019-10-02 22:46:40,342 [pool-443-thread-1] INFO  ratis.ContainerStateMachine (ContainerStateMachine.java:loadSnapshot(230)) - group-9A66D044E461: The snapshot info is null. Setting the last applied indexto:(t:0, i:~)
2019-10-02 22:46:40,342 [pool-383-thread-1] INFO  ratis.ContainerStateMachine (ContainerStateMachine.java:loadSnapshot(230)) - group-9A66D044E461: The snapshot info is null. Setting the last applied indexto:(t:0, i:~)
2019-10-02 22:46:40,342 [pool-443-thread-1] INFO  server.RaftServerConfigKeys (ConfUtils.java:logGet(43)) - raft.server.notification.no-leader.timeout = 120s (custom)
2019-10-02 22:46:40,342 [pool-413-thread-1] INFO  server.RaftServerConfigKeys (ConfUtils.java:logGet(43)) - raft.server.notification.no-leader.timeout = 120s (custom)
2019-10-02 22:46:40,342 [pool-443-thread-1] INFO  server.RaftServerConfigKeys (ConfUtils.java:logGet(43)) - raft.server.log.use.memory = false (default)
2019-10-02 22:46:40,342 [pool-383-thread-1] INFO  server.RaftServerConfigKeys (ConfUtils.java:logGet(43)) - raft.server.notification.no-leader.timeout = 120s (custom)
2019-10-02 22:46:40,342 [pool-443-thread-1] INFO  server.RaftServerConfigKeys (ConfUtils.java:logGet(43)) - raft.server.log.purge.gap = 1000000 (custom)
2019-10-02 22:46:40,342 [pool-413-thread-1] INFO  server.RaftServerConfigKeys (ConfUtils.java:logGet(43)) - raft.server.log.use.memory = false (default)
2019-10-02 22:46:40,342 [pool-443-thread-1] INFO  server.RaftServerConfigKeys (ConfUtils.java:logGet(43)) - raft.server.log.appender.buffer.byte-limit = 33554432 (custom)
2019-10-02 22:46:40,342 [pool-383-thread-1] INFO  server.RaftServerConfigKeys (ConfUtils.java:logGet(43)) - raft.server.log.use.memory = false (default)
2019-10-02 22:46:40,343 [pool-443-thread-1] INFO  server.RaftServerConfigKeys (ConfUtils.java:logGet(43)) - raft.server.log.segment.size.max = 1048576 (custom)
2019-10-02 22:46:40,342 [pool-413-thread-1] INFO  server.RaftServerConfigKeys (ConfUtils.java:logGet(43)) - raft.server.log.purge.gap = 1000000 (custom)
2019-10-02 22:46:40,343 [pool-443-thread-1] INFO  server.RaftServerConfigKeys (ConfUtils.java:logGet(43)) - raft.server.log.segment.cache.num.max = 2 (custom)
2019-10-02 22:46:40,343 [pool-383-thread-1] INFO  server.RaftServerConfigKeys (ConfUtils.java:logGet(43)) - raft.server.log.purge.gap = 1000000 (custom)
2019-10-02 22:46:40,343 [pool-443-thread-1] INFO  segmented.SegmentedRaftLogWorker (SegmentedRaftLogWorker.java:<init>(173)) - new 5262c05d-c257-409e-b638-c6608586fb82@group-9A66D044E461-SegmentedRaftLogWorker for RaftStorage:Storage Directory /workdir/hadoop-ozone/integration-test/target/test-dir/MiniOzoneClusterImpl-401d1527-d5ff-4795-9217-9f2aa99a19e1/datanode-6/data/ratis/8a72b354-5afb-47d0-a154-9a66d044e461
2019-10-02 22:46:40,343 [pool-413-thread-1] INFO  server.RaftServerConfigKeys (ConfUtils.java:logGet(43)) - raft.server.log.appender.buffer.byte-limit = 33554432 (custom)
2019-10-02 22:46:40,343 [pool-443-thread-1] INFO  server.RaftServerConfigKeys (ConfUtils.java:logGet(43)) - raft.server.log.queue.byte-limit = 2147483647 (custom)
2019-10-02 22:46:40,343 [pool-383-thread-1] INFO  server.RaftServerConfigKeys (ConfUtils.java:logGet(43)) - raft.server.log.appender.buffer.byte-limit = 33554432 (custom)
2019-10-02 22:46:40,343 [pool-443-thread-1] INFO  server.RaftServerConfigKeys (ConfUtils.java:logGet(43)) - raft.server.log.queue.element-limit = 1024 (custom)
2019-10-02 22:46:40,343 [pool-413-thread-1] INFO  server.RaftServerConfigKeys (ConfUtils.java:logGet(43)) - raft.server.log.segment.size.max = 1048576 (custom)
2019-10-02 22:46:40,343 [pool-443-thread-1] INFO  server.RaftServerConfigKeys (ConfUtils.java:logGet(43)) - raft.server.log.segment.size.max = 1048576 (custom)
2019-10-02 22:46:40,343 [pool-383-thread-1] INFO  server.RaftServerConfigKeys (ConfUtils.java:logGet(43)) - raft.server.log.segment.size.max = 1048576 (custom)
2019-10-02 22:46:40,344 [pool-443-thread-1] INFO  server.RaftServerConfigKeys (ConfUtils.java:logGet(43)) - raft.server.log.preallocated.size = 16384 (custom)
2019-10-02 22:46:40,344 [pool-413-thread-1] INFO  server.RaftServerConfigKeys (ConfUtils.java:logGet(43)) - raft.server.log.segment.cache.num.max = 2 (custom)
2019-10-02 22:46:40,344 [pool-443-thread-1] INFO  server.RaftServerConfigKeys (ConfUtils.java:logGet(43)) - raft.server.log.write.buffer.size = 33554432 (custom)
2019-10-02 22:46:40,344 [pool-383-thread-1] INFO  server.RaftServerConfigKeys (ConfUtils.java:logGet(43)) - raft.server.log.segment.cache.num.max = 2 (custom)
2019-10-02 22:46:40,344 [pool-443-thread-1] INFO  server.RaftServerConfigKeys (ConfUtils.java:logGet(43)) - raft.server.log.force.sync.num = 128 (default)
2019-10-02 22:46:40,344 [pool-413-thread-1] INFO  segmented.SegmentedRaftLogWorker (SegmentedRaftLogWorker.java:<init>(173)) - new f479b5d4-b26d-4223-8d93-d0e8dc367abb@group-9A66D044E461-SegmentedRaftLogWorker for RaftStorage:Storage Directory /workdir/hadoop-ozone/integration-test/target/test-dir/MiniOzoneClusterImpl-401d1527-d5ff-4795-9217-9f2aa99a19e1/datanode-3/data/ratis/8a72b354-5afb-47d0-a154-9a66d044e461
2019-10-02 22:46:40,344 [pool-443-thread-1] INFO  server.RaftServerConfigKeys (ConfUtils.java:logGet(43)) - raft.server.log.statemachine.data.sync = true (default)
2019-10-02 22:46:40,344 [pool-383-thread-1] INFO  segmented.SegmentedRaftLogWorker (SegmentedRaftLogWorker.java:<init>(173)) - new ebe8d85e-2a9e-4453-9b72-c7cba90634b3@group-9A66D044E461-SegmentedRaftLogWorker for RaftStorage:Storage Directory /workdir/hadoop-ozone/integration-test/target/test-dir/MiniOzoneClusterImpl-401d1527-d5ff-4795-9217-9f2aa99a19e1/datanode-0/data/ratis/8a72b354-5afb-47d0-a154-9a66d044e461
2019-10-02 22:46:40,344 [pool-443-thread-1] INFO  server.RaftServerConfigKeys (ConfUtils.java:logGet(43)) - raft.server.log.statemachine.data.sync.timeout = 10s (default)
2019-10-02 22:46:40,344 [pool-413-thread-1] INFO  server.RaftServerConfigKeys (ConfUtils.java:logGet(43)) - raft.server.log.queue.byte-limit = 2147483647 (custom)
2019-10-02 22:46:40,345 [pool-443-thread-1] INFO  server.RaftServerConfigKeys (ConfUtils.java:logGet(43)) - raft.server.log.statemachine.data.sync.timeout.retry = -1 (default)
2019-10-02 22:46:40,345 [pool-383-thread-1] INFO  server.RaftServerConfigKeys (ConfUtils.java:logGet(43)) - raft.server.log.queue.byte-limit = 2147483647 (custom)
2019-10-02 22:46:40,345 [pool-443-thread-1] INFO  server.RaftServerConfigKeys (ConfUtils.java:logGet(43)) - raft.server.log.statemachine.data.caching.enabled = true (custom)
2019-10-02 22:46:40,345 [pool-413-thread-1] INFO  server.RaftServerConfigKeys (ConfUtils.java:logGet(43)) - raft.server.log.queue.element-limit = 1024 (custom)
2019-10-02 22:46:40,345 [pool-383-thread-1] INFO  server.RaftServerConfigKeys (ConfUtils.java:logGet(43)) - raft.server.log.queue.element-limit = 1024 (custom)
2019-10-02 22:46:40,345 [pool-413-thread-1] INFO  server.RaftServerConfigKeys (ConfUtils.java:logGet(43)) - raft.server.log.segment.size.max = 1048576 (custom)
2019-10-02 22:46:40,345 [pool-443-thread-1] INFO  segmented.SegmentedRaftLogWorker (SegmentedRaftLogWorker.java:lambda$new$0(128)) - 5262c05d-c257-409e-b638-c6608586fb82@group-9A66D044E461-SegmentedRaftLogWorker: flushIndex: setUnconditionally 0 -> -1
2019-10-02 22:46:40,345 [pool-413-thread-1] INFO  server.RaftServerConfigKeys (ConfUtils.java:logGet(43)) - raft.server.log.preallocated.size = 16384 (custom)
2019-10-02 22:46:40,345 [pool-383-thread-1] INFO  server.RaftServerConfigKeys (ConfUtils.java:logGet(43)) - raft.server.log.segment.size.max = 1048576 (custom)
2019-10-02 22:46:40,345 [pool-413-thread-1] INFO  server.RaftServerConfigKeys (ConfUtils.java:logGet(43)) - raft.server.log.write.buffer.size = 33554432 (custom)
2019-10-02 22:46:40,345 [pool-443-thread-1] INFO  server.RaftServerConfigKeys (ConfUtils.java:logGet(43)) - raft.server.snapshot.auto.trigger.enabled = true (custom)
2019-10-02 22:46:40,346 [pool-413-thread-1] INFO  server.RaftServerConfigKeys (ConfUtils.java:logGet(43)) - raft.server.log.force.sync.num = 128 (default)
2019-10-02 22:46:40,346 [pool-383-thread-1] INFO  server.RaftServerConfigKeys (ConfUtils.java:logGet(43)) - raft.server.log.preallocated.size = 16384 (custom)
2019-10-02 22:46:40,346 [pool-413-thread-1] INFO  server.RaftServerConfigKeys (ConfUtils.java:logGet(43)) - raft.server.log.statemachine.data.sync = true (default)
2019-10-02 22:46:40,346 [pool-443-thread-1] INFO  server.RaftServerConfigKeys (ConfUtils.java:logGet(43)) - raft.server.snapshot.auto.trigger.threshold = 10000 (custom)
2019-10-02 22:46:40,346 [pool-413-thread-1] INFO  server.RaftServerConfigKeys (ConfUtils.java:logGet(43)) - raft.server.log.statemachine.data.sync.timeout = 10s (default)
2019-10-02 22:46:40,346 [pool-383-thread-1] INFO  server.RaftServerConfigKeys (ConfUtils.java:logGet(43)) - raft.server.log.write.buffer.size = 33554432 (custom)
2019-10-02 22:46:40,346 [pool-413-thread-1] INFO  server.RaftServerConfigKeys (ConfUtils.java:logGet(43)) - raft.server.log.statemachine.data.sync.timeout.retry = -1 (default)
2019-10-02 22:46:40,346 [pool-443-thread-1] INFO  server.RaftServerConfigKeys (ConfUtils.java:logGet(43)) - raft.server.snapshot.retention.file.num = 5 (custom)
2019-10-02 22:46:40,347 [pool-413-thread-1] INFO  server.RaftServerConfigKeys (ConfUtils.java:logGet(43)) - raft.server.log.statemachine.data.caching.enabled = true (custom)
2019-10-02 22:46:40,346 [pool-383-thread-1] INFO  server.RaftServerConfigKeys (ConfUtils.java:logGet(43)) - raft.server.log.force.sync.num = 128 (default)
2019-10-02 22:46:40,347 [pool-443-thread-1] INFO  server.RaftServerConfigKeys (ConfUtils.java:logGet(43)) - raft.server.retrycache.expirytime = 600000ms (custom)
2019-10-02 22:46:40,347 [pool-383-thread-1] INFO  server.RaftServerConfigKeys (ConfUtils.java:logGet(43)) - raft.server.log.statemachine.data.sync = true (default)
2019-10-02 22:46:40,347 [pool-413-thread-1] INFO  segmented.SegmentedRaftLogWorker (SegmentedRaftLogWorker.java:lambda$new$0(128)) - f479b5d4-b26d-4223-8d93-d0e8dc367abb@group-9A66D044E461-SegmentedRaftLogWorker: flushIndex: setUnconditionally 0 -> -1
2019-10-02 22:46:40,347 [pool-383-thread-1] INFO  server.RaftServerConfigKeys (ConfUtils.java:logGet(43)) - raft.server.log.statemachine.data.sync.timeout = 10s (default)
2019-10-02 22:46:40,347 [pool-413-thread-1] INFO  server.RaftServerConfigKeys (ConfUtils.java:logGet(43)) - raft.server.snapshot.auto.trigger.enabled = true (custom)
2019-10-02 22:46:40,347 [pool-383-thread-1] INFO  server.RaftServerConfigKeys (ConfUtils.java:logGet(43)) - raft.server.log.statemachine.data.sync.timeout.retry = -1 (default)
2019-10-02 22:46:40,347 [pool-413-thread-1] INFO  server.RaftServerConfigKeys (ConfUtils.java:logGet(43)) - raft.server.snapshot.auto.trigger.threshold = 10000 (custom)
2019-10-02 22:46:40,347 [pool-383-thread-1] INFO  server.RaftServerConfigKeys (ConfUtils.java:logGet(43)) - raft.server.log.statemachine.data.caching.enabled = true (custom)
2019-10-02 22:46:40,348 [pool-413-thread-1] INFO  server.RaftServerConfigKeys (ConfUtils.java:logGet(43)) - raft.server.snapshot.retention.file.num = 5 (custom)
2019-10-02 22:46:40,348 [pool-383-thread-1] INFO  segmented.SegmentedRaftLogWorker (SegmentedRaftLogWorker.java:lambda$new$0(128)) - ebe8d85e-2a9e-4453-9b72-c7cba90634b3@group-9A66D044E461-SegmentedRaftLogWorker: flushIndex: setUnconditionally 0 -> -1
2019-10-02 22:46:40,348 [pool-413-thread-1] INFO  server.RaftServerConfigKeys (ConfUtils.java:logGet(43)) - raft.server.retrycache.expirytime = 600000ms (custom)
2019-10-02 22:46:40,348 [pool-383-thread-1] INFO  server.RaftServerConfigKeys (ConfUtils.java:logGet(43)) - raft.server.snapshot.auto.trigger.enabled = true (custom)
2019-10-02 22:46:40,348 [pool-383-thread-1] INFO  server.RaftServerConfigKeys (ConfUtils.java:logGet(43)) - raft.server.snapshot.auto.trigger.threshold = 10000 (custom)
2019-10-02 22:46:40,348 [pool-443-thread-1] INFO  impl.RaftServerImpl (RaftServerImpl.java:start(181)) - 5262c05d-c257-409e-b638-c6608586fb82@group-9A66D044E461: start as a follower, conf=-1: [f479b5d4-b26d-4223-8d93-d0e8dc367abb:192.168.30.30:35480, ebe8d85e-2a9e-4453-9b72-c7cba90634b3:192.168.30.30:36596, 5262c05d-c257-409e-b638-c6608586fb82:192.168.30.30:33006], old=null
2019-10-02 22:46:40,348 [pool-383-thread-1] INFO  server.RaftServerConfigKeys (ConfUtils.java:logGet(43)) - raft.server.snapshot.retention.file.num = 5 (custom)
2019-10-02 22:46:40,348 [pool-443-thread-1] INFO  impl.RaftServerImpl (RaftServerImpl.java:setRole(170)) - 5262c05d-c257-409e-b638-c6608586fb82@group-9A66D044E461: changes role from      null to FOLLOWER at term 0 for startAsFollower
2019-10-02 22:46:40,348 [pool-383-thread-1] INFO  server.RaftServerConfigKeys (ConfUtils.java:logGet(43)) - raft.server.retrycache.expirytime = 600000ms (custom)
2019-10-02 22:46:40,348 [pool-443-thread-1] INFO  impl.RoleInfo (RoleInfo.java:updateAndGet(143)) - 5262c05d-c257-409e-b638-c6608586fb82: start FollowerState
2019-10-02 22:46:40,349 [pool-443-thread-1] INFO  util.JmxRegister (JmxRegister.java:tryRegister(44)) - Successfully registered JMX Bean with object name Ratis:service=RaftServer,group=group-9A66D044E461,id=5262c05d-c257-409e-b638-c6608586fb82
2019-10-02 22:46:40,349 [pool-413-thread-1] INFO  impl.RaftServerImpl (RaftServerImpl.java:start(181)) - f479b5d4-b26d-4223-8d93-d0e8dc367abb@group-9A66D044E461: start as a follower, conf=-1: [f479b5d4-b26d-4223-8d93-d0e8dc367abb:192.168.30.30:35480, ebe8d85e-2a9e-4453-9b72-c7cba90634b3:192.168.30.30:36596, 5262c05d-c257-409e-b638-c6608586fb82:192.168.30.30:33006], old=null
2019-10-02 22:46:40,350 [pool-413-thread-1] INFO  impl.RaftServerImpl (RaftServerImpl.java:setRole(170)) - f479b5d4-b26d-4223-8d93-d0e8dc367abb@group-9A66D044E461: changes role from      null to FOLLOWER at term 0 for startAsFollower
2019-10-02 22:46:40,350 [pool-413-thread-1] INFO  impl.RoleInfo (RoleInfo.java:updateAndGet(143)) - f479b5d4-b26d-4223-8d93-d0e8dc367abb: start FollowerState
2019-10-02 22:46:40,350 [pool-413-thread-1] INFO  util.JmxRegister (JmxRegister.java:tryRegister(44)) - Successfully registered JMX Bean with object name Ratis:service=RaftServer,group=group-9A66D044E461,id=f479b5d4-b26d-4223-8d93-d0e8dc367abb
2019-10-02 22:46:40,351 [pool-383-thread-1] INFO  impl.RaftServerImpl (RaftServerImpl.java:start(181)) - ebe8d85e-2a9e-4453-9b72-c7cba90634b3@group-9A66D044E461: start as a follower, conf=-1: [f479b5d4-b26d-4223-8d93-d0e8dc367abb:192.168.30.30:35480, ebe8d85e-2a9e-4453-9b72-c7cba90634b3:192.168.30.30:36596, 5262c05d-c257-409e-b638-c6608586fb82:192.168.30.30:33006], old=null
2019-10-02 22:46:40,351 [pool-383-thread-1] INFO  impl.RaftServerImpl (RaftServerImpl.java:setRole(170)) - ebe8d85e-2a9e-4453-9b72-c7cba90634b3@group-9A66D044E461: changes role from      null to FOLLOWER at term 0 for startAsFollower
2019-10-02 22:46:40,351 [pool-383-thread-1] INFO  impl.RoleInfo (RoleInfo.java:updateAndGet(143)) - ebe8d85e-2a9e-4453-9b72-c7cba90634b3: start FollowerState
2019-10-02 22:46:40,351 [pool-383-thread-1] INFO  util.JmxRegister (JmxRegister.java:tryRegister(44)) - Successfully registered JMX Bean with object name Ratis:service=RaftServer,group=group-9A66D044E461,id=ebe8d85e-2a9e-4453-9b72-c7cba90634b3
2019-10-02 22:46:40,365 [RatisPipelineUtilsThread] INFO  pipeline.PipelineStateManager (PipelineStateManager.java:addPipeline(56)) - Created pipeline Pipeline[ Id: 8a72b354-5afb-47d0-a154-9a66d044e461, Nodes: f479b5d4-b26d-4223-8d93-d0e8dc367abb{ip: 192.168.30.30, host: pr-hdds1737-lts7z-2510321508, networkLocation: /default-rack, certSerialId: null}ebe8d85e-2a9e-4453-9b72-c7cba90634b3{ip: 192.168.30.30, host: pr-hdds1737-lts7z-2510321508, networkLocation: /default-rack, certSerialId: null}5262c05d-c257-409e-b638-c6608586fb82{ip: 192.168.30.30, host: pr-hdds1737-lts7z-2510321508, networkLocation: /default-rack, certSerialId: null}, Type:RATIS, Factor:THREE, State:OPEN]
2019-10-02 22:46:40,998 [main] INFO  ozone.MiniOzoneClusterImpl (MiniOzoneClusterImpl.java:lambda$waitForClusterToBeReady$0(147)) - Cluster is ready. Got 7 of 7 DN Heartbeats.
2019-10-02 22:46:41,029 [main] INFO  rpc.RpcClient (RpcClient.java:createVolume(276)) - Creating Volume: watchforcommithandlingtest, with jenkins1000 as owner.
2019-10-02 22:46:41,032 [IPC Server handler 1 on 36120] INFO  volume.OMVolumeCreateRequest (OMVolumeCreateRequest.java:validateAndUpdateCache(194)) - created volume:watchforcommithandlingtest for user:jenkins1000
2019-10-02 22:46:41,042 [main] INFO  rpc.RpcClient (RpcClient.java:createBucket(415)) - Creating Bucket: watchforcommithandlingtest/watchforcommithandlingtest, with Versioning false and Storage Type set to DISK and Encryption set to false 
2019-10-02 22:46:41,045 [main] INFO  ozone.MiniOzoneClusterImpl (MiniOzoneClusterImpl.java:getStorageContainerLocationClient(234)) - Creating StorageContainerLocationProtocol RPC client with address /0.0.0.0:40755
2019-10-02 22:46:42,608 [Thread-2379] INFO  container.ReplicationManager (ReplicationManager.java:start(162)) - Starting Replication Monitor Thread.
2019-10-02 22:46:42,612 [ReplicationMonitor] INFO  container.ReplicationManager (ReplicationManager.java:run(225)) - Replication Monitor Thread took 0 milliseconds for processing 1 containers.
2019-10-02 22:46:44,737 [Thread-2381] INFO  impl.FollowerState (FollowerState.java:run(108)) - ebe8d85e-2a9e-4453-9b72-c7cba90634b3@group-491A642EDF65-FollowerState: change to CANDIDATE, lastRpcTime:5045ms, electionTimeout:5045ms
2019-10-02 22:46:44,737 [Thread-2381] INFO  impl.RoleInfo (RoleInfo.java:shutdownFollowerState(121)) - ebe8d85e-2a9e-4453-9b72-c7cba90634b3: shutdown FollowerState
2019-10-02 22:46:44,737 [Thread-2381] INFO  impl.RaftServerImpl (RaftServerImpl.java:setRole(170)) - ebe8d85e-2a9e-4453-9b72-c7cba90634b3@group-491A642EDF65: changes role from  FOLLOWER to CANDIDATE at term 0 for changeToCandidate
2019-10-02 22:46:44,737 [Thread-2381] INFO  impl.RoleInfo (RoleInfo.java:updateAndGet(143)) - ebe8d85e-2a9e-4453-9b72-c7cba90634b3: start LeaderElection
2019-10-02 22:46:44,767 [ebe8d85e-2a9e-4453-9b72-c7cba90634b3@group-491A642EDF65-LeaderElection98] INFO  impl.LeaderElection (LeaderElection.java:askForVotes(178)) - ebe8d85e-2a9e-4453-9b72-c7cba90634b3@group-491A642EDF65-LeaderElection98: begin an election at term 1 for -1: [ebe8d85e-2a9e-4453-9b72-c7cba90634b3:192.168.30.30:36596], old=null
2019-10-02 22:46:44,767 [ebe8d85e-2a9e-4453-9b72-c7cba90634b3@group-491A642EDF65-LeaderElection98] INFO  impl.RoleInfo (RoleInfo.java:shutdownLeaderElection(134)) - ebe8d85e-2a9e-4453-9b72-c7cba90634b3: shutdown LeaderElection
2019-10-02 22:46:44,768 [ebe8d85e-2a9e-4453-9b72-c7cba90634b3@group-491A642EDF65-LeaderElection98] INFO  impl.RaftServerImpl (RaftServerImpl.java:setRole(170)) - ebe8d85e-2a9e-4453-9b72-c7cba90634b3@group-491A642EDF65: changes role from CANDIDATE to LEADER at term 1 for changeToLeader
2019-10-02 22:46:44,768 [ebe8d85e-2a9e-4453-9b72-c7cba90634b3@group-491A642EDF65-LeaderElection98] INFO  impl.RaftServerImpl (ServerState.java:setLeader(255)) - ebe8d85e-2a9e-4453-9b72-c7cba90634b3@group-491A642EDF65: change Leader from null to ebe8d85e-2a9e-4453-9b72-c7cba90634b3 at term 1 for becomeLeader, leader elected after 5083ms
2019-10-02 22:46:44,768 [ebe8d85e-2a9e-4453-9b72-c7cba90634b3@group-491A642EDF65-LeaderElection98] INFO  server.RaftServerConfigKeys (ConfUtils.java:logGet(43)) - raft.server.staging.catchup.gap = 1000 (default)
2019-10-02 22:46:44,768 [ebe8d85e-2a9e-4453-9b72-c7cba90634b3@group-491A642EDF65-LeaderElection98] INFO  server.RaftServerConfigKeys (ConfUtils.java:logGet(43)) - raft.server.rpc.sleep.time = 25ms (default)
2019-10-02 22:46:44,768 [ebe8d85e-2a9e-4453-9b72-c7cba90634b3@group-491A642EDF65-LeaderElection98] INFO  server.RaftServerConfigKeys (ConfUtils.java:logGet(43)) - raft.server.write.element-limit = 4096 (default)
2019-10-02 22:46:44,768 [ebe8d85e-2a9e-4453-9b72-c7cba90634b3@group-491A642EDF65-LeaderElection98] INFO  server.RaftServerConfigKeys (ConfUtils.java:logGet(43)) - raft.server.watch.timeout = 10s (default)
2019-10-02 22:46:44,768 [ebe8d85e-2a9e-4453-9b72-c7cba90634b3@group-491A642EDF65-LeaderElection98] INFO  server.RaftServerConfigKeys (ConfUtils.java:logGet(43)) - raft.server.watch.timeout.denomination = 1s (default)
2019-10-02 22:46:44,768 [ebe8d85e-2a9e-4453-9b72-c7cba90634b3@group-491A642EDF65-LeaderElection98] INFO  server.RaftServerConfigKeys (ConfUtils.java:logGet(43)) - raft.server.watch.element-limit = 65536 (default)
2019-10-02 22:46:44,770 [ebe8d85e-2a9e-4453-9b72-c7cba90634b3@group-491A642EDF65-LeaderElection98] INFO  impl.RoleInfo (RoleInfo.java:updateAndGet(143)) - ebe8d85e-2a9e-4453-9b72-c7cba90634b3: start LeaderState
2019-10-02 22:46:44,771 [ebe8d85e-2a9e-4453-9b72-c7cba90634b3@group-491A642EDF65-LeaderElection98] INFO  segmented.SegmentedRaftLogWorker (SegmentedRaftLogWorker.java:startLogSegment(385)) - ebe8d85e-2a9e-4453-9b72-c7cba90634b3@group-491A642EDF65-SegmentedRaftLogWorker: Starting segment from index:0
2019-10-02 22:46:44,772 [ebe8d85e-2a9e-4453-9b72-c7cba90634b3@group-491A642EDF65-LeaderElection98] INFO  impl.RaftServerImpl (ServerState.java:setRaftConf(356)) - ebe8d85e-2a9e-4453-9b72-c7cba90634b3@group-491A642EDF65: set configuration 0: [ebe8d85e-2a9e-4453-9b72-c7cba90634b3:192.168.30.30:36596], old=null at 0
2019-10-02 22:46:44,815 [ebe8d85e-2a9e-4453-9b72-c7cba90634b3@group-491A642EDF65-SegmentedRaftLogWorker] INFO  segmented.SegmentedRaftLogWorker (SegmentedRaftLogWorker.java:execute(574)) - ebe8d85e-2a9e-4453-9b72-c7cba90634b3@group-491A642EDF65-SegmentedRaftLogWorker: created new log segment /workdir/hadoop-ozone/integration-test/target/test-dir/MiniOzoneClusterImpl-401d1527-d5ff-4795-9217-9f2aa99a19e1/datanode-0/data/ratis/99698c4e-5eaa-4cfa-8c24-491a642edf65/current/log_inprogress_0
2019-10-02 22:46:44,846 [Thread-2384] INFO  impl.FollowerState (FollowerState.java:run(108)) - fa17b84d-89ee-4f60-8e05-595fee44d69b@group-DEC340A59A7F-FollowerState: change to CANDIDATE, lastRpcTime:5080ms, electionTimeout:5080ms
2019-10-02 22:46:44,846 [Thread-2384] INFO  impl.RoleInfo (RoleInfo.java:shutdownFollowerState(121)) - fa17b84d-89ee-4f60-8e05-595fee44d69b: shutdown FollowerState
2019-10-02 22:46:44,846 [Thread-2384] INFO  impl.RaftServerImpl (RaftServerImpl.java:setRole(170)) - fa17b84d-89ee-4f60-8e05-595fee44d69b@group-DEC340A59A7F: changes role from  FOLLOWER to CANDIDATE at term 0 for changeToCandidate
2019-10-02 22:46:44,846 [Thread-2384] INFO  impl.RoleInfo (RoleInfo.java:updateAndGet(143)) - fa17b84d-89ee-4f60-8e05-595fee44d69b: start LeaderElection
2019-10-02 22:46:44,874 [fa17b84d-89ee-4f60-8e05-595fee44d69b@group-DEC340A59A7F-LeaderElection99] INFO  impl.LeaderElection (LeaderElection.java:askForVotes(178)) - fa17b84d-89ee-4f60-8e05-595fee44d69b@group-DEC340A59A7F-LeaderElection99: begin an election at term 1 for -1: [fa17b84d-89ee-4f60-8e05-595fee44d69b:192.168.30.30:35033], old=null
2019-10-02 22:46:44,874 [fa17b84d-89ee-4f60-8e05-595fee44d69b@group-DEC340A59A7F-LeaderElection99] INFO  impl.RoleInfo (RoleInfo.java:shutdownLeaderElection(134)) - fa17b84d-89ee-4f60-8e05-595fee44d69b: shutdown LeaderElection
2019-10-02 22:46:44,874 [fa17b84d-89ee-4f60-8e05-595fee44d69b@group-DEC340A59A7F-LeaderElection99] INFO  impl.RaftServerImpl (RaftServerImpl.java:setRole(170)) - fa17b84d-89ee-4f60-8e05-595fee44d69b@group-DEC340A59A7F: changes role from CANDIDATE to LEADER at term 1 for changeToLeader
2019-10-02 22:46:44,874 [fa17b84d-89ee-4f60-8e05-595fee44d69b@group-DEC340A59A7F-LeaderElection99] INFO  impl.RaftServerImpl (ServerState.java:setLeader(255)) - fa17b84d-89ee-4f60-8e05-595fee44d69b@group-DEC340A59A7F: change Leader from null to fa17b84d-89ee-4f60-8e05-595fee44d69b at term 1 for becomeLeader, leader elected after 5113ms
2019-10-02 22:46:44,874 [fa17b84d-89ee-4f60-8e05-595fee44d69b@group-DEC340A59A7F-LeaderElection99] INFO  server.RaftServerConfigKeys (ConfUtils.java:logGet(43)) - raft.server.staging.catchup.gap = 1000 (default)
2019-10-02 22:46:44,874 [fa17b84d-89ee-4f60-8e05-595fee44d69b@group-DEC340A59A7F-LeaderElection99] INFO  server.RaftServerConfigKeys (ConfUtils.java:logGet(43)) - raft.server.rpc.sleep.time = 25ms (default)
2019-10-02 22:46:44,875 [fa17b84d-89ee-4f60-8e05-595fee44d69b@group-DEC340A59A7F-LeaderElection99] INFO  server.RaftServerConfigKeys (ConfUtils.java:logGet(43)) - raft.server.write.element-limit = 4096 (default)
2019-10-02 22:46:44,875 [fa17b84d-89ee-4f60-8e05-595fee44d69b@group-DEC340A59A7F-LeaderElection99] INFO  server.RaftServerConfigKeys (ConfUtils.java:logGet(43)) - raft.server.watch.timeout = 10s (default)
2019-10-02 22:46:44,875 [fa17b84d-89ee-4f60-8e05-595fee44d69b@group-DEC340A59A7F-LeaderElection99] INFO  server.RaftServerConfigKeys (ConfUtils.java:logGet(43)) - raft.server.watch.timeout.denomination = 1s (default)
2019-10-02 22:46:44,875 [fa17b84d-89ee-4f60-8e05-595fee44d69b@group-DEC340A59A7F-LeaderElection99] INFO  server.RaftServerConfigKeys (ConfUtils.java:logGet(43)) - raft.server.watch.element-limit = 65536 (default)
2019-10-02 22:46:44,876 [fa17b84d-89ee-4f60-8e05-595fee44d69b@group-DEC340A59A7F-LeaderElection99] INFO  impl.RoleInfo (RoleInfo.java:updateAndGet(143)) - fa17b84d-89ee-4f60-8e05-595fee44d69b: start LeaderState
2019-10-02 22:46:44,876 [fa17b84d-89ee-4f60-8e05-595fee44d69b@group-DEC340A59A7F-LeaderElection99] INFO  segmented.SegmentedRaftLogWorker (SegmentedRaftLogWorker.java:startLogSegment(385)) - fa17b84d-89ee-4f60-8e05-595fee44d69b@group-DEC340A59A7F-SegmentedRaftLogWorker: Starting segment from index:0
2019-10-02 22:46:44,877 [fa17b84d-89ee-4f60-8e05-595fee44d69b@group-DEC340A59A7F-LeaderElection99] INFO  impl.RaftServerImpl (ServerState.java:setRaftConf(356)) - fa17b84d-89ee-4f60-8e05-595fee44d69b@group-DEC340A59A7F: set configuration 0: [fa17b84d-89ee-4f60-8e05-595fee44d69b:192.168.30.30:35033], old=null at 0
2019-10-02 22:46:44,907 [Thread-2387] INFO  impl.FollowerState (FollowerState.java:run(108)) - ee8e7399-3280-4718-93a7-c6f66f665da9@group-6CC248B2B42F-FollowerState: change to CANDIDATE, lastRpcTime:5066ms, electionTimeout:5066ms
2019-10-02 22:46:44,907 [Thread-2387] INFO  impl.RoleInfo (RoleInfo.java:shutdownFollowerState(121)) - ee8e7399-3280-4718-93a7-c6f66f665da9: shutdown FollowerState
2019-10-02 22:46:44,907 [Thread-2387] INFO  impl.RaftServerImpl (RaftServerImpl.java:setRole(170)) - ee8e7399-3280-4718-93a7-c6f66f665da9@group-6CC248B2B42F: changes role from  FOLLOWER to CANDIDATE at term 0 for changeToCandidate
2019-10-02 22:46:44,907 [Thread-2387] INFO  impl.RoleInfo (RoleInfo.java:updateAndGet(143)) - ee8e7399-3280-4718-93a7-c6f66f665da9: start LeaderElection
2019-10-02 22:46:44,941 [fa17b84d-89ee-4f60-8e05-595fee44d69b@group-DEC340A59A7F-SegmentedRaftLogWorker] INFO  segmented.SegmentedRaftLogWorker (SegmentedRaftLogWorker.java:execute(574)) - fa17b84d-89ee-4f60-8e05-595fee44d69b@group-DEC340A59A7F-SegmentedRaftLogWorker: created new log segment /workdir/hadoop-ozone/integration-test/target/test-dir/MiniOzoneClusterImpl-401d1527-d5ff-4795-9217-9f2aa99a19e1/datanode-1/data/ratis/2e9d15db-88a2-4000-9e2d-dec340a59a7f/current/log_inprogress_0
2019-10-02 22:46:44,941 [ee8e7399-3280-4718-93a7-c6f66f665da9@group-6CC248B2B42F-LeaderElection100] INFO  impl.LeaderElection (LeaderElection.java:askForVotes(178)) - ee8e7399-3280-4718-93a7-c6f66f665da9@group-6CC248B2B42F-LeaderElection100: begin an election at term 1 for -1: [ee8e7399-3280-4718-93a7-c6f66f665da9:192.168.30.30:43600], old=null
2019-10-02 22:46:44,941 [ee8e7399-3280-4718-93a7-c6f66f665da9@group-6CC248B2B42F-LeaderElection100] INFO  impl.RoleInfo (RoleInfo.java:shutdownLeaderElection(134)) - ee8e7399-3280-4718-93a7-c6f66f665da9: shutdown LeaderElection
2019-10-02 22:46:44,942 [ee8e7399-3280-4718-93a7-c6f66f665da9@group-6CC248B2B42F-LeaderElection100] INFO  impl.RaftServerImpl (RaftServerImpl.java:setRole(170)) - ee8e7399-3280-4718-93a7-c6f66f665da9@group-6CC248B2B42F: changes role from CANDIDATE to LEADER at term 1 for changeToLeader
2019-10-02 22:46:44,942 [ee8e7399-3280-4718-93a7-c6f66f665da9@group-6CC248B2B42F-LeaderElection100] INFO  impl.RaftServerImpl (ServerState.java:setLeader(255)) - ee8e7399-3280-4718-93a7-c6f66f665da9@group-6CC248B2B42F: change Leader from null to ee8e7399-3280-4718-93a7-c6f66f665da9 at term 1 for becomeLeader, leader elected after 5105ms
2019-10-02 22:46:44,942 [ee8e7399-3280-4718-93a7-c6f66f665da9@group-6CC248B2B42F-LeaderElection100] INFO  server.RaftServerConfigKeys (ConfUtils.java:logGet(43)) - raft.server.staging.catchup.gap = 1000 (default)
2019-10-02 22:46:44,942 [ee8e7399-3280-4718-93a7-c6f66f665da9@group-6CC248B2B42F-LeaderElection100] INFO  server.RaftServerConfigKeys (ConfUtils.java:logGet(43)) - raft.server.rpc.sleep.time = 25ms (default)
2019-10-02 22:46:44,942 [ee8e7399-3280-4718-93a7-c6f66f665da9@group-6CC248B2B42F-LeaderElection100] INFO  server.RaftServerConfigKeys (ConfUtils.java:logGet(43)) - raft.server.write.element-limit = 4096 (default)
2019-10-02 22:46:44,942 [ee8e7399-3280-4718-93a7-c6f66f665da9@group-6CC248B2B42F-LeaderElection100] INFO  server.RaftServerConfigKeys (ConfUtils.java:logGet(43)) - raft.server.watch.timeout = 10s (default)
2019-10-02 22:46:44,942 [ee8e7399-3280-4718-93a7-c6f66f665da9@group-6CC248B2B42F-LeaderElection100] INFO  server.RaftServerConfigKeys (ConfUtils.java:logGet(43)) - raft.server.watch.timeout.denomination = 1s (default)
2019-10-02 22:46:44,942 [ee8e7399-3280-4718-93a7-c6f66f665da9@group-6CC248B2B42F-LeaderElection100] INFO  server.RaftServerConfigKeys (ConfUtils.java:logGet(43)) - raft.server.watch.element-limit = 65536 (default)
2019-10-02 22:46:44,944 [ee8e7399-3280-4718-93a7-c6f66f665da9@group-6CC248B2B42F-LeaderElection100] INFO  impl.RoleInfo (RoleInfo.java:updateAndGet(143)) - ee8e7399-3280-4718-93a7-c6f66f665da9: start LeaderState
2019-10-02 22:46:44,944 [ee8e7399-3280-4718-93a7-c6f66f665da9@group-6CC248B2B42F-LeaderElection100] INFO  segmented.SegmentedRaftLogWorker (SegmentedRaftLogWorker.java:startLogSegment(385)) - ee8e7399-3280-4718-93a7-c6f66f665da9@group-6CC248B2B42F-SegmentedRaftLogWorker: Starting segment from index:0
2019-10-02 22:46:44,945 [ee8e7399-3280-4718-93a7-c6f66f665da9@group-6CC248B2B42F-LeaderElection100] INFO  impl.RaftServerImpl (ServerState.java:setRaftConf(356)) - ee8e7399-3280-4718-93a7-c6f66f665da9@group-6CC248B2B42F: set configuration 0: [ee8e7399-3280-4718-93a7-c6f66f665da9:192.168.30.30:43600], old=null at 0
2019-10-02 22:46:44,994 [ee8e7399-3280-4718-93a7-c6f66f665da9@group-6CC248B2B42F-SegmentedRaftLogWorker] INFO  segmented.SegmentedRaftLogWorker (SegmentedRaftLogWorker.java:execute(574)) - ee8e7399-3280-4718-93a7-c6f66f665da9@group-6CC248B2B42F-SegmentedRaftLogWorker: created new log segment /workdir/hadoop-ozone/integration-test/target/test-dir/MiniOzoneClusterImpl-401d1527-d5ff-4795-9217-9f2aa99a19e1/datanode-2/data/ratis/13089c8a-c309-494c-85e3-6cc248b2b42f/current/log_inprogress_0
2019-10-02 22:46:45,029 [Thread-2393] INFO  impl.FollowerState (FollowerState.java:run(108)) - efe1aab7-b6fa-4ac4-b7cc-2892b942c387@group-A89588CDDAF6-FollowerState: change to CANDIDATE, lastRpcTime:5043ms, electionTimeout:5043ms
2019-10-02 22:46:45,029 [Thread-2393] INFO  impl.RoleInfo (RoleInfo.java:shutdownFollowerState(121)) - efe1aab7-b6fa-4ac4-b7cc-2892b942c387: shutdown FollowerState
2019-10-02 22:46:45,029 [Thread-2393] INFO  impl.RaftServerImpl (RaftServerImpl.java:setRole(170)) - efe1aab7-b6fa-4ac4-b7cc-2892b942c387@group-A89588CDDAF6: changes role from  FOLLOWER to CANDIDATE at term 0 for changeToCandidate
2019-10-02 22:46:45,029 [Thread-2393] INFO  impl.RoleInfo (RoleInfo.java:updateAndGet(143)) - efe1aab7-b6fa-4ac4-b7cc-2892b942c387: start LeaderElection
2019-10-02 22:46:45,064 [efe1aab7-b6fa-4ac4-b7cc-2892b942c387@group-A89588CDDAF6-LeaderElection101] INFO  impl.LeaderElection (LeaderElection.java:askForVotes(178)) - efe1aab7-b6fa-4ac4-b7cc-2892b942c387@group-A89588CDDAF6-LeaderElection101: begin an election at term 1 for -1: [efe1aab7-b6fa-4ac4-b7cc-2892b942c387:192.168.30.30:41047], old=null
2019-10-02 22:46:45,064 [efe1aab7-b6fa-4ac4-b7cc-2892b942c387@group-A89588CDDAF6-LeaderElection101] INFO  impl.RoleInfo (RoleInfo.java:shutdownLeaderElection(134)) - efe1aab7-b6fa-4ac4-b7cc-2892b942c387: shutdown LeaderElection
2019-10-02 22:46:45,064 [efe1aab7-b6fa-4ac4-b7cc-2892b942c387@group-A89588CDDAF6-LeaderElection101] INFO  impl.RaftServerImpl (RaftServerImpl.java:setRole(170)) - efe1aab7-b6fa-4ac4-b7cc-2892b942c387@group-A89588CDDAF6: changes role from CANDIDATE to LEADER at term 1 for changeToLeader
2019-10-02 22:46:45,064 [efe1aab7-b6fa-4ac4-b7cc-2892b942c387@group-A89588CDDAF6-LeaderElection101] INFO  impl.RaftServerImpl (ServerState.java:setLeader(255)) - efe1aab7-b6fa-4ac4-b7cc-2892b942c387@group-A89588CDDAF6: change Leader from null to efe1aab7-b6fa-4ac4-b7cc-2892b942c387 at term 1 for becomeLeader, leader elected after 5084ms
2019-10-02 22:46:45,064 [efe1aab7-b6fa-4ac4-b7cc-2892b942c387@group-A89588CDDAF6-LeaderElection101] INFO  server.RaftServerConfigKeys (ConfUtils.java:logGet(43)) - raft.server.staging.catchup.gap = 1000 (default)
2019-10-02 22:46:45,064 [efe1aab7-b6fa-4ac4-b7cc-2892b942c387@group-A89588CDDAF6-LeaderElection101] INFO  server.RaftServerConfigKeys (ConfUtils.java:logGet(43)) - raft.server.rpc.sleep.time = 25ms (default)
2019-10-02 22:46:45,064 [efe1aab7-b6fa-4ac4-b7cc-2892b942c387@group-A89588CDDAF6-LeaderElection101] INFO  server.RaftServerConfigKeys (ConfUtils.java:logGet(43)) - raft.server.write.element-limit = 4096 (default)
2019-10-02 22:46:45,064 [efe1aab7-b6fa-4ac4-b7cc-2892b942c387@group-A89588CDDAF6-LeaderElection101] INFO  server.RaftServerConfigKeys (ConfUtils.java:logGet(43)) - raft.server.watch.timeout = 10s (default)
2019-10-02 22:46:45,065 [efe1aab7-b6fa-4ac4-b7cc-2892b942c387@group-A89588CDDAF6-LeaderElection101] INFO  server.RaftServerConfigKeys (ConfUtils.java:logGet(43)) - raft.server.watch.timeout.denomination = 1s (default)
2019-10-02 22:46:45,065 [efe1aab7-b6fa-4ac4-b7cc-2892b942c387@group-A89588CDDAF6-LeaderElection101] INFO  server.RaftServerConfigKeys (ConfUtils.java:logGet(43)) - raft.server.watch.element-limit = 65536 (default)
2019-10-02 22:46:45,066 [efe1aab7-b6fa-4ac4-b7cc-2892b942c387@group-A89588CDDAF6-LeaderElection101] INFO  impl.RoleInfo (RoleInfo.java:updateAndGet(143)) - efe1aab7-b6fa-4ac4-b7cc-2892b942c387: start LeaderState
2019-10-02 22:46:45,066 [efe1aab7-b6fa-4ac4-b7cc-2892b942c387@group-A89588CDDAF6-LeaderElection101] INFO  segmented.SegmentedRaftLogWorker (SegmentedRaftLogWorker.java:startLogSegment(385)) - efe1aab7-b6fa-4ac4-b7cc-2892b942c387@group-A89588CDDAF6-SegmentedRaftLogWorker: Starting segment from index:0
2019-10-02 22:46:45,067 [efe1aab7-b6fa-4ac4-b7cc-2892b942c387@group-A89588CDDAF6-LeaderElection101] INFO  impl.RaftServerImpl (ServerState.java:setRaftConf(356)) - efe1aab7-b6fa-4ac4-b7cc-2892b942c387@group-A89588CDDAF6: set configuration 0: [efe1aab7-b6fa-4ac4-b7cc-2892b942c387:192.168.30.30:41047], old=null at 0
2019-10-02 22:46:45,086 [Thread-2390] INFO  impl.FollowerState (FollowerState.java:run(108)) - f479b5d4-b26d-4223-8d93-d0e8dc367abb@group-4DCBEFA53945-FollowerState: change to CANDIDATE, lastRpcTime:5169ms, electionTimeout:5169ms
2019-10-02 22:46:45,086 [Thread-2390] INFO  impl.RoleInfo (RoleInfo.java:shutdownFollowerState(121)) - f479b5d4-b26d-4223-8d93-d0e8dc367abb: shutdown FollowerState
2019-10-02 22:46:45,086 [Thread-2390] INFO  impl.RaftServerImpl (RaftServerImpl.java:setRole(170)) - f479b5d4-b26d-4223-8d93-d0e8dc367abb@group-4DCBEFA53945: changes role from  FOLLOWER to CANDIDATE at term 0 for changeToCandidate
2019-10-02 22:46:45,087 [Thread-2390] INFO  impl.RoleInfo (RoleInfo.java:updateAndGet(143)) - f479b5d4-b26d-4223-8d93-d0e8dc367abb: start LeaderElection
2019-10-02 22:46:45,116 [efe1aab7-b6fa-4ac4-b7cc-2892b942c387@group-A89588CDDAF6-SegmentedRaftLogWorker] INFO  segmented.SegmentedRaftLogWorker (SegmentedRaftLogWorker.java:execute(574)) - efe1aab7-b6fa-4ac4-b7cc-2892b942c387@group-A89588CDDAF6-SegmentedRaftLogWorker: created new log segment /workdir/hadoop-ozone/integration-test/target/test-dir/MiniOzoneClusterImpl-401d1527-d5ff-4795-9217-9f2aa99a19e1/datanode-4/data/ratis/155a92dd-7d12-4bdb-998d-a89588cddaf6/current/log_inprogress_0
2019-10-02 22:46:45,116 [f479b5d4-b26d-4223-8d93-d0e8dc367abb@group-4DCBEFA53945-LeaderElection102] INFO  impl.LeaderElection (LeaderElection.java:askForVotes(178)) - f479b5d4-b26d-4223-8d93-d0e8dc367abb@group-4DCBEFA53945-LeaderElection102: begin an election at term 1 for -1: [f479b5d4-b26d-4223-8d93-d0e8dc367abb:192.168.30.30:35480], old=null
2019-10-02 22:46:45,117 [f479b5d4-b26d-4223-8d93-d0e8dc367abb@group-4DCBEFA53945-LeaderElection102] INFO  impl.RoleInfo (RoleInfo.java:shutdownLeaderElection(134)) - f479b5d4-b26d-4223-8d93-d0e8dc367abb: shutdown LeaderElection
2019-10-02 22:46:45,117 [f479b5d4-b26d-4223-8d93-d0e8dc367abb@group-4DCBEFA53945-LeaderElection102] INFO  impl.RaftServerImpl (RaftServerImpl.java:setRole(170)) - f479b5d4-b26d-4223-8d93-d0e8dc367abb@group-4DCBEFA53945: changes role from CANDIDATE to LEADER at term 1 for changeToLeader
2019-10-02 22:46:45,117 [f479b5d4-b26d-4223-8d93-d0e8dc367abb@group-4DCBEFA53945-LeaderElection102] INFO  impl.RaftServerImpl (ServerState.java:setLeader(255)) - f479b5d4-b26d-4223-8d93-d0e8dc367abb@group-4DCBEFA53945: change Leader from null to f479b5d4-b26d-4223-8d93-d0e8dc367abb at term 1 for becomeLeader, leader elected after 5205ms
2019-10-02 22:46:45,117 [f479b5d4-b26d-4223-8d93-d0e8dc367abb@group-4DCBEFA53945-LeaderElection102] INFO  server.RaftServerConfigKeys (ConfUtils.java:logGet(43)) - raft.server.staging.catchup.gap = 1000 (default)
2019-10-02 22:46:45,117 [f479b5d4-b26d-4223-8d93-d0e8dc367abb@group-4DCBEFA53945-LeaderElection102] INFO  server.RaftServerConfigKeys (ConfUtils.java:logGet(43)) - raft.server.rpc.sleep.time = 25ms (default)
2019-10-02 22:46:45,117 [f479b5d4-b26d-4223-8d93-d0e8dc367abb@group-4DCBEFA53945-LeaderElection102] INFO  server.RaftServerConfigKeys (ConfUtils.java:logGet(43)) - raft.server.write.element-limit = 4096 (default)
2019-10-02 22:46:45,117 [f479b5d4-b26d-4223-8d93-d0e8dc367abb@group-4DCBEFA53945-LeaderElection102] INFO  server.RaftServerConfigKeys (ConfUtils.java:logGet(43)) - raft.server.watch.timeout = 10s (default)
2019-10-02 22:46:45,117 [f479b5d4-b26d-4223-8d93-d0e8dc367abb@group-4DCBEFA53945-LeaderElection102] INFO  server.RaftServerConfigKeys (ConfUtils.java:logGet(43)) - raft.server.watch.timeout.denomination = 1s (default)
2019-10-02 22:46:45,117 [f479b5d4-b26d-4223-8d93-d0e8dc367abb@group-4DCBEFA53945-LeaderElection102] INFO  server.RaftServerConfigKeys (ConfUtils.java:logGet(43)) - raft.server.watch.element-limit = 65536 (default)
2019-10-02 22:46:45,122 [f479b5d4-b26d-4223-8d93-d0e8dc367abb@group-4DCBEFA53945-LeaderElection102] INFO  impl.RoleInfo (RoleInfo.java:updateAndGet(143)) - f479b5d4-b26d-4223-8d93-d0e8dc367abb: start LeaderState
2019-10-02 22:46:45,122 [f479b5d4-b26d-4223-8d93-d0e8dc367abb@group-4DCBEFA53945-LeaderElection102] INFO  segmented.SegmentedRaftLogWorker (SegmentedRaftLogWorker.java:startLogSegment(385)) - f479b5d4-b26d-4223-8d93-d0e8dc367abb@group-4DCBEFA53945-SegmentedRaftLogWorker: Starting segment from index:0
2019-10-02 22:46:45,151 [Thread-2396] INFO  impl.FollowerState (FollowerState.java:run(108)) - 4c3ee705-696e-43fa-b5ce-d9ee828fb5ef@group-F3884CAD63CA-FollowerState: change to CANDIDATE, lastRpcTime:5081ms, electionTimeout:5069ms
2019-10-02 22:46:45,151 [Thread-2396] INFO  impl.RoleInfo (RoleInfo.java:shutdownFollowerState(121)) - 4c3ee705-696e-43fa-b5ce-d9ee828fb5ef: shutdown FollowerState
2019-10-02 22:46:45,151 [Thread-2396] INFO  impl.RaftServerImpl (RaftServerImpl.java:setRole(170)) - 4c3ee705-696e-43fa-b5ce-d9ee828fb5ef@group-F3884CAD63CA: changes role from  FOLLOWER to CANDIDATE at term 0 for changeToCandidate
2019-10-02 22:46:45,151 [f479b5d4-b26d-4223-8d93-d0e8dc367abb@group-4DCBEFA53945-LeaderElection102] INFO  impl.RaftServerImpl (ServerState.java:setRaftConf(356)) - f479b5d4-b26d-4223-8d93-d0e8dc367abb@group-4DCBEFA53945: set configuration 0: [f479b5d4-b26d-4223-8d93-d0e8dc367abb:192.168.30.30:35480], old=null at 0
2019-10-02 22:46:45,152 [Thread-2396] INFO  impl.RoleInfo (RoleInfo.java:updateAndGet(143)) - 4c3ee705-696e-43fa-b5ce-d9ee828fb5ef: start LeaderElection
2019-10-02 22:46:45,176 [f479b5d4-b26d-4223-8d93-d0e8dc367abb@group-4DCBEFA53945-SegmentedRaftLogWorker] INFO  segmented.SegmentedRaftLogWorker (SegmentedRaftLogWorker.java:execute(574)) - f479b5d4-b26d-4223-8d93-d0e8dc367abb@group-4DCBEFA53945-SegmentedRaftLogWorker: created new log segment /workdir/hadoop-ozone/integration-test/target/test-dir/MiniOzoneClusterImpl-401d1527-d5ff-4795-9217-9f2aa99a19e1/datanode-3/data/ratis/b4e0ede2-68f3-4b81-a201-4dcbefa53945/current/log_inprogress_0
2019-10-02 22:46:45,176 [4c3ee705-696e-43fa-b5ce-d9ee828fb5ef@group-F3884CAD63CA-LeaderElection103] INFO  impl.LeaderElection (LeaderElection.java:askForVotes(178)) - 4c3ee705-696e-43fa-b5ce-d9ee828fb5ef@group-F3884CAD63CA-LeaderElection103: begin an election at term 1 for -1: [4c3ee705-696e-43fa-b5ce-d9ee828fb5ef:192.168.30.30:33343], old=null
2019-10-02 22:46:45,176 [4c3ee705-696e-43fa-b5ce-d9ee828fb5ef@group-F3884CAD63CA-LeaderElection103] INFO  impl.RoleInfo (RoleInfo.java:shutdownLeaderElection(134)) - 4c3ee705-696e-43fa-b5ce-d9ee828fb5ef: shutdown LeaderElection
2019-10-02 22:46:45,176 [4c3ee705-696e-43fa-b5ce-d9ee828fb5ef@group-F3884CAD63CA-LeaderElection103] INFO  impl.RaftServerImpl (RaftServerImpl.java:setRole(170)) - 4c3ee705-696e-43fa-b5ce-d9ee828fb5ef@group-F3884CAD63CA: changes role from CANDIDATE to LEADER at term 1 for changeToLeader
2019-10-02 22:46:45,176 [4c3ee705-696e-43fa-b5ce-d9ee828fb5ef@group-F3884CAD63CA-LeaderElection103] INFO  impl.RaftServerImpl (ServerState.java:setLeader(255)) - 4c3ee705-696e-43fa-b5ce-d9ee828fb5ef@group-F3884CAD63CA: change Leader from null to 4c3ee705-696e-43fa-b5ce-d9ee828fb5ef at term 1 for becomeLeader, leader elected after 5112ms
2019-10-02 22:46:45,176 [4c3ee705-696e-43fa-b5ce-d9ee828fb5ef@group-F3884CAD63CA-LeaderElection103] INFO  server.RaftServerConfigKeys (ConfUtils.java:logGet(43)) - raft.server.staging.catchup.gap = 1000 (default)
2019-10-02 22:46:45,176 [4c3ee705-696e-43fa-b5ce-d9ee828fb5ef@group-F3884CAD63CA-LeaderElection103] INFO  server.RaftServerConfigKeys (ConfUtils.java:logGet(43)) - raft.server.rpc.sleep.time = 25ms (default)
2019-10-02 22:46:45,177 [4c3ee705-696e-43fa-b5ce-d9ee828fb5ef@group-F3884CAD63CA-LeaderElection103] INFO  server.RaftServerConfigKeys (ConfUtils.java:logGet(43)) - raft.server.write.element-limit = 4096 (default)
2019-10-02 22:46:45,177 [4c3ee705-696e-43fa-b5ce-d9ee828fb5ef@group-F3884CAD63CA-LeaderElection103] INFO  server.RaftServerConfigKeys (ConfUtils.java:logGet(43)) - raft.server.watch.timeout = 10s (default)
2019-10-02 22:46:45,177 [4c3ee705-696e-43fa-b5ce-d9ee828fb5ef@group-F3884CAD63CA-LeaderElection103] INFO  server.RaftServerConfigKeys (ConfUtils.java:logGet(43)) - raft.server.watch.timeout.denomination = 1s (default)
2019-10-02 22:46:45,177 [4c3ee705-696e-43fa-b5ce-d9ee828fb5ef@group-F3884CAD63CA-LeaderElection103] INFO  server.RaftServerConfigKeys (ConfUtils.java:logGet(43)) - raft.server.watch.element-limit = 65536 (default)
2019-10-02 22:46:45,178 [4c3ee705-696e-43fa-b5ce-d9ee828fb5ef@group-F3884CAD63CA-LeaderElection103] INFO  impl.RoleInfo (RoleInfo.java:updateAndGet(143)) - 4c3ee705-696e-43fa-b5ce-d9ee828fb5ef: start LeaderState
2019-10-02 22:46:45,178 [4c3ee705-696e-43fa-b5ce-d9ee828fb5ef@group-F3884CAD63CA-LeaderElection103] INFO  segmented.SegmentedRaftLogWorker (SegmentedRaftLogWorker.java:startLogSegment(385)) - 4c3ee705-696e-43fa-b5ce-d9ee828fb5ef@group-F3884CAD63CA-SegmentedRaftLogWorker: Starting segment from index:0
2019-10-02 22:46:45,178 [4c3ee705-696e-43fa-b5ce-d9ee828fb5ef@group-F3884CAD63CA-LeaderElection103] INFO  impl.RaftServerImpl (ServerState.java:setRaftConf(356)) - 4c3ee705-696e-43fa-b5ce-d9ee828fb5ef@group-F3884CAD63CA: set configuration 0: [4c3ee705-696e-43fa-b5ce-d9ee828fb5ef:192.168.30.30:33343], old=null at 0
2019-10-02 22:46:45,203 [Thread-2399] INFO  impl.FollowerState (FollowerState.java:run(108)) - 5262c05d-c257-409e-b638-c6608586fb82@group-F3C0C34C9440-FollowerState: change to CANDIDATE, lastRpcTime:5048ms, electionTimeout:5048ms
2019-10-02 22:46:45,204 [Thread-2399] INFO  impl.RoleInfo (RoleInfo.java:shutdownFollowerState(121)) - 5262c05d-c257-409e-b638-c6608586fb82: shutdown FollowerState
2019-10-02 22:46:45,204 [Thread-2399] INFO  impl.RaftServerImpl (RaftServerImpl.java:setRole(170)) - 5262c05d-c257-409e-b638-c6608586fb82@group-F3C0C34C9440: changes role from  FOLLOWER to CANDIDATE at term 0 for changeToCandidate
2019-10-02 22:46:45,204 [Thread-2399] INFO  impl.RoleInfo (RoleInfo.java:updateAndGet(143)) - 5262c05d-c257-409e-b638-c6608586fb82: start LeaderElection
2019-10-02 22:46:45,223 [4c3ee705-696e-43fa-b5ce-d9ee828fb5ef@group-F3884CAD63CA-SegmentedRaftLogWorker] INFO  segmented.SegmentedRaftLogWorker (SegmentedRaftLogWorker.java:execute(574)) - 4c3ee705-696e-43fa-b5ce-d9ee828fb5ef@group-F3884CAD63CA-SegmentedRaftLogWorker: created new log segment /workdir/hadoop-ozone/integration-test/target/test-dir/MiniOzoneClusterImpl-401d1527-d5ff-4795-9217-9f2aa99a19e1/datanode-5/data/ratis/c3787ba0-72e1-44e7-a29d-f3884cad63ca/current/log_inprogress_0
2019-10-02 22:46:45,245 [5262c05d-c257-409e-b638-c6608586fb82@group-F3C0C34C9440-LeaderElection104] INFO  impl.LeaderElection (LeaderElection.java:askForVotes(178)) - 5262c05d-c257-409e-b638-c6608586fb82@group-F3C0C34C9440-LeaderElection104: begin an election at term 1 for -1: [5262c05d-c257-409e-b638-c6608586fb82:192.168.30.30:33006], old=null
2019-10-02 22:46:45,245 [5262c05d-c257-409e-b638-c6608586fb82@group-F3C0C34C9440-LeaderElection104] INFO  impl.RoleInfo (RoleInfo.java:shutdownLeaderElection(134)) - 5262c05d-c257-409e-b638-c6608586fb82: shutdown LeaderElection
2019-10-02 22:46:45,245 [5262c05d-c257-409e-b638-c6608586fb82@group-F3C0C34C9440-LeaderElection104] INFO  impl.RaftServerImpl (RaftServerImpl.java:setRole(170)) - 5262c05d-c257-409e-b638-c6608586fb82@group-F3C0C34C9440: changes role from CANDIDATE to LEADER at term 1 for changeToLeader
2019-10-02 22:46:45,245 [5262c05d-c257-409e-b638-c6608586fb82@group-F3C0C34C9440-LeaderElection104] INFO  impl.RaftServerImpl (ServerState.java:setLeader(255)) - 5262c05d-c257-409e-b638-c6608586fb82@group-F3C0C34C9440: change Leader from null to 5262c05d-c257-409e-b638-c6608586fb82 at term 1 for becomeLeader, leader elected after 5097ms
2019-10-02 22:46:45,245 [5262c05d-c257-409e-b638-c6608586fb82@group-F3C0C34C9440-LeaderElection104] INFO  server.RaftServerConfigKeys (ConfUtils.java:logGet(43)) - raft.server.staging.catchup.gap = 1000 (default)
2019-10-02 22:46:45,245 [5262c05d-c257-409e-b638-c6608586fb82@group-F3C0C34C9440-LeaderElection104] INFO  server.RaftServerConfigKeys (ConfUtils.java:logGet(43)) - raft.server.rpc.sleep.time = 25ms (default)
2019-10-02 22:46:45,245 [5262c05d-c257-409e-b638-c6608586fb82@group-F3C0C34C9440-LeaderElection104] INFO  server.RaftServerConfigKeys (ConfUtils.java:logGet(43)) - raft.server.write.element-limit = 4096 (default)
2019-10-02 22:46:45,246 [5262c05d-c257-409e-b638-c6608586fb82@group-F3C0C34C9440-LeaderElection104] INFO  server.RaftServerConfigKeys (ConfUtils.java:logGet(43)) - raft.server.watch.timeout = 10s (default)
2019-10-02 22:46:45,246 [5262c05d-c257-409e-b638-c6608586fb82@group-F3C0C34C9440-LeaderElection104] INFO  server.RaftServerConfigKeys (ConfUtils.java:logGet(43)) - raft.server.watch.timeout.denomination = 1s (default)
2019-10-02 22:46:45,246 [5262c05d-c257-409e-b638-c6608586fb82@group-F3C0C34C9440-LeaderElection104] INFO  server.RaftServerConfigKeys (ConfUtils.java:logGet(43)) - raft.server.watch.element-limit = 65536 (default)
2019-10-02 22:46:45,247 [5262c05d-c257-409e-b638-c6608586fb82@group-F3C0C34C9440-LeaderElection104] INFO  impl.RoleInfo (RoleInfo.java:updateAndGet(143)) - 5262c05d-c257-409e-b638-c6608586fb82: start LeaderState
2019-10-02 22:46:45,247 [5262c05d-c257-409e-b638-c6608586fb82@group-F3C0C34C9440-LeaderElection104] INFO  segmented.SegmentedRaftLogWorker (SegmentedRaftLogWorker.java:startLogSegment(385)) - 5262c05d-c257-409e-b638-c6608586fb82@group-F3C0C34C9440-SegmentedRaftLogWorker: Starting segment from index:0
2019-10-02 22:46:45,248 [5262c05d-c257-409e-b638-c6608586fb82@group-F3C0C34C9440-LeaderElection104] INFO  impl.RaftServerImpl (ServerState.java:setRaftConf(356)) - 5262c05d-c257-409e-b638-c6608586fb82@group-F3C0C34C9440: set configuration 0: [5262c05d-c257-409e-b638-c6608586fb82:192.168.30.30:33006], old=null at 0
2019-10-02 22:46:45,276 [Thread-2407] INFO  impl.FollowerState (FollowerState.java:run(108)) - ee8e7399-3280-4718-93a7-c6f66f665da9@group-7C2C933C7E5E-FollowerState: change to CANDIDATE, lastRpcTime:5010ms, electionTimeout:5010ms
2019-10-02 22:46:45,276 [Thread-2407] INFO  impl.RoleInfo (RoleInfo.java:shutdownFollowerState(121)) - ee8e7399-3280-4718-93a7-c6f66f665da9: shutdown FollowerState
2019-10-02 22:46:45,276 [Thread-2407] INFO  impl.RaftServerImpl (RaftServerImpl.java:setRole(170)) - ee8e7399-3280-4718-93a7-c6f66f665da9@group-7C2C933C7E5E: changes role from  FOLLOWER to CANDIDATE at term 0 for changeToCandidate
2019-10-02 22:46:45,276 [Thread-2407] INFO  impl.RoleInfo (RoleInfo.java:updateAndGet(143)) - ee8e7399-3280-4718-93a7-c6f66f665da9: start LeaderElection
2019-10-02 22:46:45,298 [Thread-2406] INFO  impl.FollowerState (FollowerState.java:run(108)) - efe1aab7-b6fa-4ac4-b7cc-2892b942c387@group-7C2C933C7E5E-FollowerState: change to CANDIDATE, lastRpcTime:5032ms, electionTimeout:5032ms
2019-10-02 22:46:45,298 [Thread-2406] INFO  impl.RoleInfo (RoleInfo.java:shutdownFollowerState(121)) - efe1aab7-b6fa-4ac4-b7cc-2892b942c387: shutdown FollowerState
2019-10-02 22:46:45,298 [Thread-2406] INFO  impl.RaftServerImpl (RaftServerImpl.java:setRole(170)) - efe1aab7-b6fa-4ac4-b7cc-2892b942c387@group-7C2C933C7E5E: changes role from  FOLLOWER to CANDIDATE at term 0 for changeToCandidate
2019-10-02 22:46:45,298 [Thread-2406] INFO  impl.RoleInfo (RoleInfo.java:updateAndGet(143)) - efe1aab7-b6fa-4ac4-b7cc-2892b942c387: start LeaderElection
2019-10-02 22:46:45,315 [5262c05d-c257-409e-b638-c6608586fb82@group-F3C0C34C9440-SegmentedRaftLogWorker] INFO  segmented.SegmentedRaftLogWorker (SegmentedRaftLogWorker.java:execute(574)) - 5262c05d-c257-409e-b638-c6608586fb82@group-F3C0C34C9440-SegmentedRaftLogWorker: created new log segment /workdir/hadoop-ozone/integration-test/target/test-dir/MiniOzoneClusterImpl-401d1527-d5ff-4795-9217-9f2aa99a19e1/datanode-6/data/ratis/cf4eade7-d95c-4dff-9996-f3c0c34c9440/current/log_inprogress_0
2019-10-02 22:46:45,320 [Thread-2402] INFO  impl.FollowerState (FollowerState.java:run(108)) - fa17b84d-89ee-4f60-8e05-595fee44d69b@group-7C2C933C7E5E-FollowerState: change to CANDIDATE, lastRpcTime:5063ms, electionTimeout:5063ms
2019-10-02 22:46:45,320 [Thread-2402] INFO  impl.RoleInfo (RoleInfo.java:shutdownFollowerState(121)) - fa17b84d-89ee-4f60-8e05-595fee44d69b: shutdown FollowerState
2019-10-02 22:46:45,320 [Thread-2402] INFO  impl.RaftServerImpl (RaftServerImpl.java:setRole(170)) - fa17b84d-89ee-4f60-8e05-595fee44d69b@group-7C2C933C7E5E: changes role from  FOLLOWER to CANDIDATE at term 0 for changeToCandidate
2019-10-02 22:46:45,320 [Thread-2402] INFO  impl.RoleInfo (RoleInfo.java:updateAndGet(143)) - fa17b84d-89ee-4f60-8e05-595fee44d69b: start LeaderElection
2019-10-02 22:46:45,324 [ee8e7399-3280-4718-93a7-c6f66f665da9@group-7C2C933C7E5E-LeaderElection105] INFO  impl.LeaderElection (LeaderElection.java:askForVotes(178)) - ee8e7399-3280-4718-93a7-c6f66f665da9@group-7C2C933C7E5E-LeaderElection105: begin an election at term 1 for -1: [efe1aab7-b6fa-4ac4-b7cc-2892b942c387:192.168.30.30:41047, ee8e7399-3280-4718-93a7-c6f66f665da9:192.168.30.30:43600, fa17b84d-89ee-4f60-8e05-595fee44d69b:192.168.30.30:35033], old=null
2019-10-02 22:46:45,341 [efe1aab7-b6fa-4ac4-b7cc-2892b942c387@group-7C2C933C7E5E-LeaderElection106] INFO  impl.LeaderElection (LeaderElection.java:askForVotes(178)) - efe1aab7-b6fa-4ac4-b7cc-2892b942c387@group-7C2C933C7E5E-LeaderElection106: begin an election at term 1 for -1: [efe1aab7-b6fa-4ac4-b7cc-2892b942c387:192.168.30.30:41047, ee8e7399-3280-4718-93a7-c6f66f665da9:192.168.30.30:43600, fa17b84d-89ee-4f60-8e05-595fee44d69b:192.168.30.30:35033], old=null
2019-10-02 22:46:45,358 [fa17b84d-89ee-4f60-8e05-595fee44d69b@group-7C2C933C7E5E-LeaderElection107] INFO  impl.LeaderElection (LeaderElection.java:askForVotes(178)) - fa17b84d-89ee-4f60-8e05-595fee44d69b@group-7C2C933C7E5E-LeaderElection107: begin an election at term 1 for -1: [efe1aab7-b6fa-4ac4-b7cc-2892b942c387:192.168.30.30:41047, ee8e7399-3280-4718-93a7-c6f66f665da9:192.168.30.30:43600, fa17b84d-89ee-4f60-8e05-595fee44d69b:192.168.30.30:35033], old=null
2019-10-02 22:46:45,358 [efe1aab7-b6fa-4ac4-b7cc-2892b942c387@group-7C2C933C7E5E-LeaderElection106] INFO  impl.LeaderElection (LeaderElection.java:logAndReturn(56)) - efe1aab7-b6fa-4ac4-b7cc-2892b942c387@group-7C2C933C7E5E-LeaderElection106: Election REJECTED; received 2 response(s) [efe1aab7-b6fa-4ac4-b7cc-2892b942c387<-ee8e7399-3280-4718-93a7-c6f66f665da9#0:FAIL-t1, efe1aab7-b6fa-4ac4-b7cc-2892b942c387<-fa17b84d-89ee-4f60-8e05-595fee44d69b#0:FAIL-t1] and 0 exception(s); efe1aab7-b6fa-4ac4-b7cc-2892b942c387@group-7C2C933C7E5E:t1, leader=null, voted=efe1aab7-b6fa-4ac4-b7cc-2892b942c387, raftlog=efe1aab7-b6fa-4ac4-b7cc-2892b942c387@group-7C2C933C7E5E-SegmentedRaftLog:OPENED:c-1,f-1,i0, conf=-1: [efe1aab7-b6fa-4ac4-b7cc-2892b942c387:192.168.30.30:41047, ee8e7399-3280-4718-93a7-c6f66f665da9:192.168.30.30:43600, fa17b84d-89ee-4f60-8e05-595fee44d69b:192.168.30.30:35033], old=null
2019-10-02 22:46:45,359 [efe1aab7-b6fa-4ac4-b7cc-2892b942c387@group-7C2C933C7E5E-LeaderElection106] INFO  impl.RaftServerImpl (RaftServerImpl.java:setRole(170)) - efe1aab7-b6fa-4ac4-b7cc-2892b942c387@group-7C2C933C7E5E: changes role from CANDIDATE to FOLLOWER at term 1 for DISCOVERED_A_NEW_TERM
2019-10-02 22:46:45,359 [ee8e7399-3280-4718-93a7-c6f66f665da9@group-7C2C933C7E5E-LeaderElection105] INFO  impl.LeaderElection (LeaderElection.java:logAndReturn(56)) - ee8e7399-3280-4718-93a7-c6f66f665da9@group-7C2C933C7E5E-LeaderElection105: Election REJECTED; received 2 response(s) [ee8e7399-3280-4718-93a7-c6f66f665da9<-efe1aab7-b6fa-4ac4-b7cc-2892b942c387#0:FAIL-t1, ee8e7399-3280-4718-93a7-c6f66f665da9<-fa17b84d-89ee-4f60-8e05-595fee44d69b#0:FAIL-t1] and 0 exception(s); ee8e7399-3280-4718-93a7-c6f66f665da9@group-7C2C933C7E5E:t1, leader=null, voted=ee8e7399-3280-4718-93a7-c6f66f665da9, raftlog=ee8e7399-3280-4718-93a7-c6f66f665da9@group-7C2C933C7E5E-SegmentedRaftLog:OPENED:c-1,f-1,i0, conf=-1: [efe1aab7-b6fa-4ac4-b7cc-2892b942c387:192.168.30.30:41047, ee8e7399-3280-4718-93a7-c6f66f665da9:192.168.30.30:43600, fa17b84d-89ee-4f60-8e05-595fee44d69b:192.168.30.30:35033], old=null
2019-10-02 22:46:45,359 [efe1aab7-b6fa-4ac4-b7cc-2892b942c387@group-7C2C933C7E5E-LeaderElection106] INFO  impl.RoleInfo (RoleInfo.java:shutdownLeaderElection(134)) - efe1aab7-b6fa-4ac4-b7cc-2892b942c387: shutdown LeaderElection
2019-10-02 22:46:45,359 [ee8e7399-3280-4718-93a7-c6f66f665da9@group-7C2C933C7E5E-LeaderElection105] INFO  impl.RaftServerImpl (RaftServerImpl.java:setRole(170)) - ee8e7399-3280-4718-93a7-c6f66f665da9@group-7C2C933C7E5E: changes role from CANDIDATE to FOLLOWER at term 1 for DISCOVERED_A_NEW_TERM
2019-10-02 22:46:45,359 [efe1aab7-b6fa-4ac4-b7cc-2892b942c387@group-7C2C933C7E5E-LeaderElection106] INFO  impl.RoleInfo (RoleInfo.java:updateAndGet(143)) - efe1aab7-b6fa-4ac4-b7cc-2892b942c387: start FollowerState
2019-10-02 22:46:45,359 [ee8e7399-3280-4718-93a7-c6f66f665da9@group-7C2C933C7E5E-LeaderElection105] INFO  impl.RoleInfo (RoleInfo.java:shutdownLeaderElection(134)) - ee8e7399-3280-4718-93a7-c6f66f665da9: shutdown LeaderElection
2019-10-02 22:46:45,359 [ee8e7399-3280-4718-93a7-c6f66f665da9@group-7C2C933C7E5E-LeaderElection105] INFO  impl.RoleInfo (RoleInfo.java:updateAndGet(143)) - ee8e7399-3280-4718-93a7-c6f66f665da9: start FollowerState
2019-10-02 22:46:45,367 [fa17b84d-89ee-4f60-8e05-595fee44d69b@group-7C2C933C7E5E-LeaderElection107] INFO  impl.LeaderElection (LeaderElection.java:logAndReturn(56)) - fa17b84d-89ee-4f60-8e05-595fee44d69b@group-7C2C933C7E5E-LeaderElection107: Election REJECTED; received 2 response(s) [fa17b84d-89ee-4f60-8e05-595fee44d69b<-efe1aab7-b6fa-4ac4-b7cc-2892b942c387#0:FAIL-t1, fa17b84d-89ee-4f60-8e05-595fee44d69b<-ee8e7399-3280-4718-93a7-c6f66f665da9#0:FAIL-t1] and 0 exception(s); fa17b84d-89ee-4f60-8e05-595fee44d69b@group-7C2C933C7E5E:t1, leader=null, voted=fa17b84d-89ee-4f60-8e05-595fee44d69b, raftlog=fa17b84d-89ee-4f60-8e05-595fee44d69b@group-7C2C933C7E5E-SegmentedRaftLog:OPENED:c-1,f-1,i0, conf=-1: [efe1aab7-b6fa-4ac4-b7cc-2892b942c387:192.168.30.30:41047, ee8e7399-3280-4718-93a7-c6f66f665da9:192.168.30.30:43600, fa17b84d-89ee-4f60-8e05-595fee44d69b:192.168.30.30:35033], old=null
2019-10-02 22:46:45,367 [fa17b84d-89ee-4f60-8e05-595fee44d69b@group-7C2C933C7E5E-LeaderElection107] INFO  impl.RaftServerImpl (RaftServerImpl.java:setRole(170)) - fa17b84d-89ee-4f60-8e05-595fee44d69b@group-7C2C933C7E5E: changes role from CANDIDATE to FOLLOWER at term 1 for DISCOVERED_A_NEW_TERM
2019-10-02 22:46:45,367 [fa17b84d-89ee-4f60-8e05-595fee44d69b@group-7C2C933C7E5E-LeaderElection107] INFO  impl.RoleInfo (RoleInfo.java:shutdownLeaderElection(134)) - fa17b84d-89ee-4f60-8e05-595fee44d69b: shutdown LeaderElection
2019-10-02 22:46:45,367 [fa17b84d-89ee-4f60-8e05-595fee44d69b@group-7C2C933C7E5E-LeaderElection107] INFO  impl.RoleInfo (RoleInfo.java:updateAndGet(143)) - fa17b84d-89ee-4f60-8e05-595fee44d69b: start FollowerState
2019-10-02 22:46:45,415 [Thread-2415] INFO  impl.FollowerState (FollowerState.java:run(108)) - ebe8d85e-2a9e-4453-9b72-c7cba90634b3@group-9A66D044E461-FollowerState: change to CANDIDATE, lastRpcTime:5063ms, electionTimeout:5063ms
2019-10-02 22:46:45,415 [Thread-2415] INFO  impl.RoleInfo (RoleInfo.java:shutdownFollowerState(121)) - ebe8d85e-2a9e-4453-9b72-c7cba90634b3: shutdown FollowerState
2019-10-02 22:46:45,415 [Thread-2415] INFO  impl.RaftServerImpl (RaftServerImpl.java:setRole(170)) - ebe8d85e-2a9e-4453-9b72-c7cba90634b3@group-9A66D044E461: changes role from  FOLLOWER to CANDIDATE at term 0 for changeToCandidate
2019-10-02 22:46:45,415 [Thread-2415] INFO  impl.RoleInfo (RoleInfo.java:updateAndGet(143)) - ebe8d85e-2a9e-4453-9b72-c7cba90634b3: start LeaderElection
2019-10-02 22:46:45,443 [ebe8d85e-2a9e-4453-9b72-c7cba90634b3@group-9A66D044E461-LeaderElection108] INFO  impl.LeaderElection (LeaderElection.java:askForVotes(178)) - ebe8d85e-2a9e-4453-9b72-c7cba90634b3@group-9A66D044E461-LeaderElection108: begin an election at term 1 for -1: [f479b5d4-b26d-4223-8d93-d0e8dc367abb:192.168.30.30:35480, ebe8d85e-2a9e-4453-9b72-c7cba90634b3:192.168.30.30:36596, 5262c05d-c257-409e-b638-c6608586fb82:192.168.30.30:33006], old=null
2019-10-02 22:46:45,451 [grpc-default-executor-1] INFO  impl.RaftServerImpl (RaftServerImpl.java:setRole(170)) - f479b5d4-b26d-4223-8d93-d0e8dc367abb@group-9A66D044E461: changes role from  FOLLOWER to FOLLOWER at term 1 for recognizeCandidate:ebe8d85e-2a9e-4453-9b72-c7cba90634b3
2019-10-02 22:46:45,451 [grpc-default-executor-1] INFO  impl.RoleInfo (RoleInfo.java:shutdownFollowerState(121)) - f479b5d4-b26d-4223-8d93-d0e8dc367abb: shutdown FollowerState
2019-10-02 22:46:45,451 [grpc-default-executor-1] INFO  impl.RoleInfo (RoleInfo.java:updateAndGet(143)) - f479b5d4-b26d-4223-8d93-d0e8dc367abb: start FollowerState
2019-10-02 22:46:45,452 [Thread-2414] INFO  impl.FollowerState (FollowerState.java:run(117)) - f479b5d4-b26d-4223-8d93-d0e8dc367abb@group-9A66D044E461-FollowerState was interrupted: java.lang.InterruptedException: sleep interrupted
2019-10-02 22:46:45,457 [grpc-default-executor-4] INFO  impl.RaftServerImpl (RaftServerImpl.java:setRole(170)) - 5262c05d-c257-409e-b638-c6608586fb82@group-9A66D044E461: changes role from  FOLLOWER to FOLLOWER at term 1 for recognizeCandidate:ebe8d85e-2a9e-4453-9b72-c7cba90634b3
2019-10-02 22:46:45,457 [grpc-default-executor-4] INFO  impl.RoleInfo (RoleInfo.java:shutdownFollowerState(121)) - 5262c05d-c257-409e-b638-c6608586fb82: shutdown FollowerState
2019-10-02 22:46:45,457 [grpc-default-executor-4] INFO  impl.RoleInfo (RoleInfo.java:updateAndGet(143)) - 5262c05d-c257-409e-b638-c6608586fb82: start FollowerState
2019-10-02 22:46:45,458 [Thread-2413] INFO  impl.FollowerState (FollowerState.java:run(117)) - 5262c05d-c257-409e-b638-c6608586fb82@group-9A66D044E461-FollowerState was interrupted: java.lang.InterruptedException: sleep interrupted
2019-10-02 22:46:45,480 [ebe8d85e-2a9e-4453-9b72-c7cba90634b3@group-9A66D044E461-LeaderElection108] INFO  impl.LeaderElection (LeaderElection.java:logAndReturn(56)) - ebe8d85e-2a9e-4453-9b72-c7cba90634b3@group-9A66D044E461-LeaderElection108: Election PASSED; received 1 response(s) [ebe8d85e-2a9e-4453-9b72-c7cba90634b3<-5262c05d-c257-409e-b638-c6608586fb82#0:OK-t1] and 0 exception(s); ebe8d85e-2a9e-4453-9b72-c7cba90634b3@group-9A66D044E461:t1, leader=null, voted=ebe8d85e-2a9e-4453-9b72-c7cba90634b3, raftlog=ebe8d85e-2a9e-4453-9b72-c7cba90634b3@group-9A66D044E461-SegmentedRaftLog:OPENED:c-1,f-1,i0, conf=-1: [f479b5d4-b26d-4223-8d93-d0e8dc367abb:192.168.30.30:35480, ebe8d85e-2a9e-4453-9b72-c7cba90634b3:192.168.30.30:36596, 5262c05d-c257-409e-b638-c6608586fb82:192.168.30.30:33006], old=null
2019-10-02 22:46:45,480 [ebe8d85e-2a9e-4453-9b72-c7cba90634b3@group-9A66D044E461-LeaderElection108] INFO  impl.RoleInfo (RoleInfo.java:shutdownLeaderElection(134)) - ebe8d85e-2a9e-4453-9b72-c7cba90634b3: shutdown LeaderElection
2019-10-02 22:46:45,480 [ebe8d85e-2a9e-4453-9b72-c7cba90634b3@group-9A66D044E461-LeaderElection108] INFO  impl.RaftServerImpl (RaftServerImpl.java:setRole(170)) - ebe8d85e-2a9e-4453-9b72-c7cba90634b3@group-9A66D044E461: changes role from CANDIDATE to LEADER at term 1 for changeToLeader
2019-10-02 22:46:45,481 [ebe8d85e-2a9e-4453-9b72-c7cba90634b3@group-9A66D044E461-LeaderElection108] INFO  impl.RaftServerImpl (ServerState.java:setLeader(255)) - ebe8d85e-2a9e-4453-9b72-c7cba90634b3@group-9A66D044E461: change Leader from null to ebe8d85e-2a9e-4453-9b72-c7cba90634b3 at term 1 for becomeLeader, leader elected after 5138ms
2019-10-02 22:46:45,481 [ebe8d85e-2a9e-4453-9b72-c7cba90634b3@group-9A66D044E461-LeaderElection108] INFO  server.RaftServerConfigKeys (ConfUtils.java:logGet(43)) - raft.server.staging.catchup.gap = 1000 (default)
2019-10-02 22:46:45,481 [ebe8d85e-2a9e-4453-9b72-c7cba90634b3@group-9A66D044E461-LeaderElection108] INFO  server.RaftServerConfigKeys (ConfUtils.java:logGet(43)) - raft.server.rpc.sleep.time = 25ms (default)
2019-10-02 22:46:45,481 [ebe8d85e-2a9e-4453-9b72-c7cba90634b3@group-9A66D044E461-LeaderElection108] INFO  server.RaftServerConfigKeys (ConfUtils.java:logGet(43)) - raft.server.write.element-limit = 4096 (default)
2019-10-02 22:46:45,481 [ebe8d85e-2a9e-4453-9b72-c7cba90634b3@group-9A66D044E461-LeaderElection108] INFO  server.RaftServerConfigKeys (ConfUtils.java:logGet(43)) - raft.server.watch.timeout = 10s (default)
2019-10-02 22:46:45,481 [ebe8d85e-2a9e-4453-9b72-c7cba90634b3@group-9A66D044E461-LeaderElection108] INFO  server.RaftServerConfigKeys (ConfUtils.java:logGet(43)) - raft.server.watch.timeout.denomination = 1s (default)
2019-10-02 22:46:45,481 [ebe8d85e-2a9e-4453-9b72-c7cba90634b3@group-9A66D044E461-LeaderElection108] INFO  server.RaftServerConfigKeys (ConfUtils.java:logGet(43)) - raft.server.watch.element-limit = 65536 (default)
2019-10-02 22:46:45,483 [ebe8d85e-2a9e-4453-9b72-c7cba90634b3@group-9A66D044E461-LeaderElection108] INFO  server.RaftServerConfigKeys (ConfUtils.java:logGet(43)) - raft.server.log.appender.snapshot.chunk.size.max = 16MB (=16777216) (default)
2019-10-02 22:46:45,483 [ebe8d85e-2a9e-4453-9b72-c7cba90634b3@group-9A66D044E461-LeaderElection108] INFO  server.RaftServerConfigKeys (ConfUtils.java:logGet(43)) - raft.server.log.appender.buffer.byte-limit = 33554432 (custom)
2019-10-02 22:46:45,483 [ebe8d85e-2a9e-4453-9b72-c7cba90634b3@group-9A66D044E461-LeaderElection108] INFO  server.RaftServerConfigKeys (ConfUtils.java:logGet(43)) - raft.server.log.appender.buffer.element-limit = 1 (custom)
2019-10-02 22:46:45,483 [ebe8d85e-2a9e-4453-9b72-c7cba90634b3@group-9A66D044E461-LeaderElection108] INFO  grpc.GrpcConfigKeys$Server (ConfUtils.java:logGet(43)) - raft.grpc.server.leader.outstanding.appends.max = 128 (default)
2019-10-02 22:46:45,483 [ebe8d85e-2a9e-4453-9b72-c7cba90634b3@group-9A66D044E461-LeaderElection108] INFO  server.RaftServerConfigKeys (ConfUtils.java:logGet(43)) - raft.server.rpc.request.timeout = 3000ms (default)
2019-10-02 22:46:45,483 [ebe8d85e-2a9e-4453-9b72-c7cba90634b3@group-9A66D044E461-LeaderElection108] INFO  server.RaftServerConfigKeys (ConfUtils.java:logGet(43)) - raft.server.log.appender.install.snapshot.enabled = false (custom)
2019-10-02 22:46:45,483 [ebe8d85e-2a9e-4453-9b72-c7cba90634b3@group-9A66D044E461-LeaderElection108] INFO  server.RaftServerConfigKeys (ConfUtils.java:logGet(43)) - raft.server.log.appender.snapshot.chunk.size.max = 16MB (=16777216) (default)
2019-10-02 22:46:45,483 [ebe8d85e-2a9e-4453-9b72-c7cba90634b3@group-9A66D044E461-LeaderElection108] INFO  server.RaftServerConfigKeys (ConfUtils.java:logGet(43)) - raft.server.log.appender.buffer.byte-limit = 33554432 (custom)
2019-10-02 22:46:45,484 [ebe8d85e-2a9e-4453-9b72-c7cba90634b3@group-9A66D044E461-LeaderElection108] INFO  server.RaftServerConfigKeys (ConfUtils.java:logGet(43)) - raft.server.log.appender.buffer.element-limit = 1 (custom)
2019-10-02 22:46:45,484 [ebe8d85e-2a9e-4453-9b72-c7cba90634b3@group-9A66D044E461-LeaderElection108] INFO  grpc.GrpcConfigKeys$Server (ConfUtils.java:logGet(43)) - raft.grpc.server.leader.outstanding.appends.max = 128 (default)
2019-10-02 22:46:45,484 [ebe8d85e-2a9e-4453-9b72-c7cba90634b3@group-9A66D044E461-LeaderElection108] INFO  server.RaftServerConfigKeys (ConfUtils.java:logGet(43)) - raft.server.rpc.request.timeout = 3000ms (default)
2019-10-02 22:46:45,484 [ebe8d85e-2a9e-4453-9b72-c7cba90634b3@group-9A66D044E461-LeaderElection108] INFO  server.RaftServerConfigKeys (ConfUtils.java:logGet(43)) - raft.server.log.appender.install.snapshot.enabled = false (custom)
2019-10-02 22:46:45,484 [ebe8d85e-2a9e-4453-9b72-c7cba90634b3@group-9A66D044E461-LeaderElection108] INFO  impl.RoleInfo (RoleInfo.java:updateAndGet(143)) - ebe8d85e-2a9e-4453-9b72-c7cba90634b3: start LeaderState
2019-10-02 22:46:45,484 [ebe8d85e-2a9e-4453-9b72-c7cba90634b3@group-9A66D044E461-LeaderElection108] INFO  segmented.SegmentedRaftLogWorker (SegmentedRaftLogWorker.java:startLogSegment(385)) - ebe8d85e-2a9e-4453-9b72-c7cba90634b3@group-9A66D044E461-SegmentedRaftLogWorker: Starting segment from index:0
2019-10-02 22:46:45,485 [ebe8d85e-2a9e-4453-9b72-c7cba90634b3@group-9A66D044E461-LeaderElection108] INFO  impl.RaftServerImpl (ServerState.java:setRaftConf(356)) - ebe8d85e-2a9e-4453-9b72-c7cba90634b3@group-9A66D044E461: set configuration 0: [f479b5d4-b26d-4223-8d93-d0e8dc367abb:192.168.30.30:35480, ebe8d85e-2a9e-4453-9b72-c7cba90634b3:192.168.30.30:36596, 5262c05d-c257-409e-b638-c6608586fb82:192.168.30.30:33006], old=null at 0
2019-10-02 22:46:45,511 [grpc-default-executor-1] INFO  impl.RaftServerImpl (ServerState.java:setLeader(255)) - f479b5d4-b26d-4223-8d93-d0e8dc367abb@group-9A66D044E461: change Leader from null to ebe8d85e-2a9e-4453-9b72-c7cba90634b3 at term 1 for appendEntries, leader elected after 5169ms
2019-10-02 22:46:45,511 [grpc-default-executor-4] INFO  impl.RaftServerImpl (ServerState.java:setLeader(255)) - 5262c05d-c257-409e-b638-c6608586fb82@group-9A66D044E461: change Leader from null to ebe8d85e-2a9e-4453-9b72-c7cba90634b3 at term 1 for appendEntries, leader elected after 5169ms
2019-10-02 22:46:45,518 [grpc-default-executor-1] INFO  impl.RaftServerImpl (ServerState.java:setRaftConf(356)) - 5262c05d-c257-409e-b638-c6608586fb82@group-9A66D044E461: set configuration 0: [f479b5d4-b26d-4223-8d93-d0e8dc367abb:192.168.30.30:35480, ebe8d85e-2a9e-4453-9b72-c7cba90634b3:192.168.30.30:36596, 5262c05d-c257-409e-b638-c6608586fb82:192.168.30.30:33006], old=null at 0
2019-10-02 22:46:45,518 [grpc-default-executor-4] INFO  impl.RaftServerImpl (ServerState.java:setRaftConf(356)) - f479b5d4-b26d-4223-8d93-d0e8dc367abb@group-9A66D044E461: set configuration 0: [f479b5d4-b26d-4223-8d93-d0e8dc367abb:192.168.30.30:35480, ebe8d85e-2a9e-4453-9b72-c7cba90634b3:192.168.30.30:36596, 5262c05d-c257-409e-b638-c6608586fb82:192.168.30.30:33006], old=null at 0
2019-10-02 22:46:45,519 [grpc-default-executor-1] INFO  segmented.SegmentedRaftLogWorker (SegmentedRaftLogWorker.java:startLogSegment(385)) - 5262c05d-c257-409e-b638-c6608586fb82@group-9A66D044E461-SegmentedRaftLogWorker: Starting segment from index:0
2019-10-02 22:46:45,519 [grpc-default-executor-4] INFO  segmented.SegmentedRaftLogWorker (SegmentedRaftLogWorker.java:startLogSegment(385)) - f479b5d4-b26d-4223-8d93-d0e8dc367abb@group-9A66D044E461-SegmentedRaftLogWorker: Starting segment from index:0
2019-10-02 22:46:45,539 [ebe8d85e-2a9e-4453-9b72-c7cba90634b3@group-9A66D044E461-SegmentedRaftLogWorker] INFO  segmented.SegmentedRaftLogWorker (SegmentedRaftLogWorker.java:execute(574)) - ebe8d85e-2a9e-4453-9b72-c7cba90634b3@group-9A66D044E461-SegmentedRaftLogWorker: created new log segment /workdir/hadoop-ozone/integration-test/target/test-dir/MiniOzoneClusterImpl-401d1527-d5ff-4795-9217-9f2aa99a19e1/datanode-0/data/ratis/8a72b354-5afb-47d0-a154-9a66d044e461/current/log_inprogress_0
2019-10-02 22:46:45,574 [f479b5d4-b26d-4223-8d93-d0e8dc367abb@group-9A66D044E461-SegmentedRaftLogWorker] INFO  segmented.SegmentedRaftLogWorker (SegmentedRaftLogWorker.java:execute(574)) - f479b5d4-b26d-4223-8d93-d0e8dc367abb@group-9A66D044E461-SegmentedRaftLogWorker: created new log segment /workdir/hadoop-ozone/integration-test/target/test-dir/MiniOzoneClusterImpl-401d1527-d5ff-4795-9217-9f2aa99a19e1/datanode-3/data/ratis/8a72b354-5afb-47d0-a154-9a66d044e461/current/log_inprogress_0
2019-10-02 22:46:45,574 [5262c05d-c257-409e-b638-c6608586fb82@group-9A66D044E461-SegmentedRaftLogWorker] INFO  segmented.SegmentedRaftLogWorker (SegmentedRaftLogWorker.java:execute(574)) - 5262c05d-c257-409e-b638-c6608586fb82@group-9A66D044E461-SegmentedRaftLogWorker: created new log segment /workdir/hadoop-ozone/integration-test/target/test-dir/MiniOzoneClusterImpl-401d1527-d5ff-4795-9217-9f2aa99a19e1/datanode-6/data/ratis/8a72b354-5afb-47d0-a154-9a66d044e461/current/log_inprogress_0
2019-10-02 22:46:50,500 [Thread-2457] INFO  impl.FollowerState (FollowerState.java:run(108)) - ee8e7399-3280-4718-93a7-c6f66f665da9@group-7C2C933C7E5E-FollowerState: change to CANDIDATE, lastRpcTime:5140ms, electionTimeout:5140ms
2019-10-02 22:46:50,500 [Thread-2457] INFO  impl.RoleInfo (RoleInfo.java:shutdownFollowerState(121)) - ee8e7399-3280-4718-93a7-c6f66f665da9: shutdown FollowerState
2019-10-02 22:46:50,500 [Thread-2457] INFO  impl.RaftServerImpl (RaftServerImpl.java:setRole(170)) - ee8e7399-3280-4718-93a7-c6f66f665da9@group-7C2C933C7E5E: changes role from  FOLLOWER to CANDIDATE at term 1 for changeToCandidate
2019-10-02 22:46:50,500 [Thread-2457] INFO  impl.RoleInfo (RoleInfo.java:updateAndGet(143)) - ee8e7399-3280-4718-93a7-c6f66f665da9: start LeaderElection
2019-10-02 22:46:50,515 [Thread-2458] INFO  impl.FollowerState (FollowerState.java:run(108)) - fa17b84d-89ee-4f60-8e05-595fee44d69b@group-7C2C933C7E5E-FollowerState: change to CANDIDATE, lastRpcTime:5147ms, electionTimeout:5147ms
2019-10-02 22:46:50,515 [Thread-2458] INFO  impl.RoleInfo (RoleInfo.java:shutdownFollowerState(121)) - fa17b84d-89ee-4f60-8e05-595fee44d69b: shutdown FollowerState
2019-10-02 22:46:50,515 [Thread-2458] INFO  impl.RaftServerImpl (RaftServerImpl.java:setRole(170)) - fa17b84d-89ee-4f60-8e05-595fee44d69b@group-7C2C933C7E5E: changes role from  FOLLOWER to CANDIDATE at term 1 for changeToCandidate
2019-10-02 22:46:50,515 [Thread-2458] INFO  impl.RoleInfo (RoleInfo.java:updateAndGet(143)) - fa17b84d-89ee-4f60-8e05-595fee44d69b: start LeaderElection
2019-10-02 22:46:50,540 [Thread-2456] INFO  impl.FollowerState (FollowerState.java:run(108)) - efe1aab7-b6fa-4ac4-b7cc-2892b942c387@group-7C2C933C7E5E-FollowerState: change to CANDIDATE, lastRpcTime:5180ms, electionTimeout:5180ms
2019-10-02 22:46:50,540 [Thread-2456] INFO  impl.RoleInfo (RoleInfo.java:shutdownFollowerState(121)) - efe1aab7-b6fa-4ac4-b7cc-2892b942c387: shutdown FollowerState
2019-10-02 22:46:50,540 [Thread-2456] INFO  impl.RaftServerImpl (RaftServerImpl.java:setRole(170)) - efe1aab7-b6fa-4ac4-b7cc-2892b942c387@group-7C2C933C7E5E: changes role from  FOLLOWER to CANDIDATE at term 1 for changeToCandidate
2019-10-02 22:46:50,540 [Thread-2456] INFO  impl.RoleInfo (RoleInfo.java:updateAndGet(143)) - efe1aab7-b6fa-4ac4-b7cc-2892b942c387: start LeaderElection
2019-10-02 22:46:50,607 [ee8e7399-3280-4718-93a7-c6f66f665da9@group-7C2C933C7E5E-LeaderElection109] INFO  impl.LeaderElection (LeaderElection.java:askForVotes(178)) - ee8e7399-3280-4718-93a7-c6f66f665da9@group-7C2C933C7E5E-LeaderElection109: begin an election at term 2 for -1: [efe1aab7-b6fa-4ac4-b7cc-2892b942c387:192.168.30.30:41047, ee8e7399-3280-4718-93a7-c6f66f665da9:192.168.30.30:43600, fa17b84d-89ee-4f60-8e05-595fee44d69b:192.168.30.30:35033], old=null
2019-10-02 22:46:50,615 [fa17b84d-89ee-4f60-8e05-595fee44d69b@group-7C2C933C7E5E-LeaderElection110] INFO  impl.LeaderElection (LeaderElection.java:askForVotes(178)) - fa17b84d-89ee-4f60-8e05-595fee44d69b@group-7C2C933C7E5E-LeaderElection110: begin an election at term 2 for -1: [efe1aab7-b6fa-4ac4-b7cc-2892b942c387:192.168.30.30:41047, ee8e7399-3280-4718-93a7-c6f66f665da9:192.168.30.30:43600, fa17b84d-89ee-4f60-8e05-595fee44d69b:192.168.30.30:35033], old=null
2019-10-02 22:46:50,615 [efe1aab7-b6fa-4ac4-b7cc-2892b942c387@group-7C2C933C7E5E-LeaderElection111] INFO  impl.LeaderElection (LeaderElection.java:askForVotes(178)) - efe1aab7-b6fa-4ac4-b7cc-2892b942c387@group-7C2C933C7E5E-LeaderElection111: begin an election at term 2 for -1: [efe1aab7-b6fa-4ac4-b7cc-2892b942c387:192.168.30.30:41047, ee8e7399-3280-4718-93a7-c6f66f665da9:192.168.30.30:43600, fa17b84d-89ee-4f60-8e05-595fee44d69b:192.168.30.30:35033], old=null
2019-10-02 22:46:50,617 [ee8e7399-3280-4718-93a7-c6f66f665da9@group-7C2C933C7E5E-LeaderElection109] INFO  impl.LeaderElection (LeaderElection.java:logAndReturn(56)) - ee8e7399-3280-4718-93a7-c6f66f665da9@group-7C2C933C7E5E-LeaderElection109: Election REJECTED; received 2 response(s) [ee8e7399-3280-4718-93a7-c6f66f665da9<-efe1aab7-b6fa-4ac4-b7cc-2892b942c387#0:FAIL-t2, ee8e7399-3280-4718-93a7-c6f66f665da9<-fa17b84d-89ee-4f60-8e05-595fee44d69b#0:FAIL-t2] and 0 exception(s); ee8e7399-3280-4718-93a7-c6f66f665da9@group-7C2C933C7E5E:t2, leader=null, voted=ee8e7399-3280-4718-93a7-c6f66f665da9, raftlog=ee8e7399-3280-4718-93a7-c6f66f665da9@group-7C2C933C7E5E-SegmentedRaftLog:OPENED:c-1,f-1,i0, conf=-1: [efe1aab7-b6fa-4ac4-b7cc-2892b942c387:192.168.30.30:41047, ee8e7399-3280-4718-93a7-c6f66f665da9:192.168.30.30:43600, fa17b84d-89ee-4f60-8e05-595fee44d69b:192.168.30.30:35033], old=null
2019-10-02 22:46:50,617 [ee8e7399-3280-4718-93a7-c6f66f665da9@group-7C2C933C7E5E-LeaderElection109] INFO  impl.RaftServerImpl (RaftServerImpl.java:setRole(170)) - ee8e7399-3280-4718-93a7-c6f66f665da9@group-7C2C933C7E5E: changes role from CANDIDATE to FOLLOWER at term 2 for DISCOVERED_A_NEW_TERM
2019-10-02 22:46:50,617 [ee8e7399-3280-4718-93a7-c6f66f665da9@group-7C2C933C7E5E-LeaderElection109] INFO  impl.RoleInfo (RoleInfo.java:shutdownLeaderElection(134)) - ee8e7399-3280-4718-93a7-c6f66f665da9: shutdown LeaderElection
2019-10-02 22:46:50,617 [ee8e7399-3280-4718-93a7-c6f66f665da9@group-7C2C933C7E5E-LeaderElection109] INFO  impl.RoleInfo (RoleInfo.java:updateAndGet(143)) - ee8e7399-3280-4718-93a7-c6f66f665da9: start FollowerState
2019-10-02 22:46:50,619 [fa17b84d-89ee-4f60-8e05-595fee44d69b@group-7C2C933C7E5E-LeaderElection110] INFO  impl.LeaderElection (LeaderElection.java:logAndReturn(56)) - fa17b84d-89ee-4f60-8e05-595fee44d69b@group-7C2C933C7E5E-LeaderElection110: Election REJECTED; received 2 response(s) [fa17b84d-89ee-4f60-8e05-595fee44d69b<-efe1aab7-b6fa-4ac4-b7cc-2892b942c387#0:FAIL-t2, fa17b84d-89ee-4f60-8e05-595fee44d69b<-ee8e7399-3280-4718-93a7-c6f66f665da9#0:FAIL-t2] and 0 exception(s); fa17b84d-89ee-4f60-8e05-595fee44d69b@group-7C2C933C7E5E:t2, leader=null, voted=fa17b84d-89ee-4f60-8e05-595fee44d69b, raftlog=fa17b84d-89ee-4f60-8e05-595fee44d69b@group-7C2C933C7E5E-SegmentedRaftLog:OPENED:c-1,f-1,i0, conf=-1: [efe1aab7-b6fa-4ac4-b7cc-2892b942c387:192.168.30.30:41047, ee8e7399-3280-4718-93a7-c6f66f665da9:192.168.30.30:43600, fa17b84d-89ee-4f60-8e05-595fee44d69b:192.168.30.30:35033], old=null
2019-10-02 22:46:50,619 [fa17b84d-89ee-4f60-8e05-595fee44d69b@group-7C2C933C7E5E-LeaderElection110] INFO  impl.RaftServerImpl (RaftServerImpl.java:setRole(170)) - fa17b84d-89ee-4f60-8e05-595fee44d69b@group-7C2C933C7E5E: changes role from CANDIDATE to FOLLOWER at term 2 for DISCOVERED_A_NEW_TERM
2019-10-02 22:46:50,619 [fa17b84d-89ee-4f60-8e05-595fee44d69b@group-7C2C933C7E5E-LeaderElection110] INFO  impl.RoleInfo (RoleInfo.java:shutdownLeaderElection(134)) - fa17b84d-89ee-4f60-8e05-595fee44d69b: shutdown LeaderElection
2019-10-02 22:46:50,619 [efe1aab7-b6fa-4ac4-b7cc-2892b942c387@group-7C2C933C7E5E-LeaderElection111] INFO  impl.LeaderElection (LeaderElection.java:logAndReturn(56)) - efe1aab7-b6fa-4ac4-b7cc-2892b942c387@group-7C2C933C7E5E-LeaderElection111: Election REJECTED; received 2 response(s) [efe1aab7-b6fa-4ac4-b7cc-2892b942c387<-ee8e7399-3280-4718-93a7-c6f66f665da9#0:FAIL-t2, efe1aab7-b6fa-4ac4-b7cc-2892b942c387<-fa17b84d-89ee-4f60-8e05-595fee44d69b#0:FAIL-t2] and 0 exception(s); efe1aab7-b6fa-4ac4-b7cc-2892b942c387@group-7C2C933C7E5E:t2, leader=null, voted=efe1aab7-b6fa-4ac4-b7cc-2892b942c387, raftlog=efe1aab7-b6fa-4ac4-b7cc-2892b942c387@group-7C2C933C7E5E-SegmentedRaftLog:OPENED:c-1,f-1,i0, conf=-1: [efe1aab7-b6fa-4ac4-b7cc-2892b942c387:192.168.30.30:41047, ee8e7399-3280-4718-93a7-c6f66f665da9:192.168.30.30:43600, fa17b84d-89ee-4f60-8e05-595fee44d69b:192.168.30.30:35033], old=null
2019-10-02 22:46:50,619 [fa17b84d-89ee-4f60-8e05-595fee44d69b@group-7C2C933C7E5E-LeaderElection110] INFO  impl.RoleInfo (RoleInfo.java:updateAndGet(143)) - fa17b84d-89ee-4f60-8e05-595fee44d69b: start FollowerState
2019-10-02 22:46:50,620 [efe1aab7-b6fa-4ac4-b7cc-2892b942c387@group-7C2C933C7E5E-LeaderElection111] INFO  impl.RaftServerImpl (RaftServerImpl.java:setRole(170)) - efe1aab7-b6fa-4ac4-b7cc-2892b942c387@group-7C2C933C7E5E: changes role from CANDIDATE to FOLLOWER at term 2 for DISCOVERED_A_NEW_TERM
2019-10-02 22:46:50,620 [efe1aab7-b6fa-4ac4-b7cc-2892b942c387@group-7C2C933C7E5E-LeaderElection111] INFO  impl.RoleInfo (RoleInfo.java:shutdownLeaderElection(134)) - efe1aab7-b6fa-4ac4-b7cc-2892b942c387: shutdown LeaderElection
2019-10-02 22:46:50,620 [efe1aab7-b6fa-4ac4-b7cc-2892b942c387@group-7C2C933C7E5E-LeaderElection111] INFO  impl.RoleInfo (RoleInfo.java:updateAndGet(143)) - efe1aab7-b6fa-4ac4-b7cc-2892b942c387: start FollowerState
2019-10-02 22:46:55,671 [Thread-2496] INFO  impl.FollowerState (FollowerState.java:run(108)) - ee8e7399-3280-4718-93a7-c6f66f665da9@group-7C2C933C7E5E-FollowerState: change to CANDIDATE, lastRpcTime:5053ms, electionTimeout:5053ms
2019-10-02 22:46:55,672 [Thread-2496] INFO  impl.RoleInfo (RoleInfo.java:shutdownFollowerState(121)) - ee8e7399-3280-4718-93a7-c6f66f665da9: shutdown FollowerState
2019-10-02 22:46:55,672 [Thread-2496] INFO  impl.RaftServerImpl (RaftServerImpl.java:setRole(170)) - ee8e7399-3280-4718-93a7-c6f66f665da9@group-7C2C933C7E5E: changes role from  FOLLOWER to CANDIDATE at term 2 for changeToCandidate
2019-10-02 22:46:55,672 [Thread-2496] INFO  impl.RoleInfo (RoleInfo.java:updateAndGet(143)) - ee8e7399-3280-4718-93a7-c6f66f665da9: start LeaderElection
2019-10-02 22:46:55,700 [ee8e7399-3280-4718-93a7-c6f66f665da9@group-7C2C933C7E5E-LeaderElection112] INFO  impl.LeaderElection (LeaderElection.java:askForVotes(178)) - ee8e7399-3280-4718-93a7-c6f66f665da9@group-7C2C933C7E5E-LeaderElection112: begin an election at term 3 for -1: [efe1aab7-b6fa-4ac4-b7cc-2892b942c387:192.168.30.30:41047, ee8e7399-3280-4718-93a7-c6f66f665da9:192.168.30.30:43600, fa17b84d-89ee-4f60-8e05-595fee44d69b:192.168.30.30:35033], old=null
2019-10-02 22:46:55,703 [grpc-default-executor-4] INFO  impl.RaftServerImpl (RaftServerImpl.java:setRole(170)) - fa17b84d-89ee-4f60-8e05-595fee44d69b@group-7C2C933C7E5E: changes role from  FOLLOWER to FOLLOWER at term 3 for recognizeCandidate:ee8e7399-3280-4718-93a7-c6f66f665da9
2019-10-02 22:46:55,703 [grpc-default-executor-1] INFO  impl.RaftServerImpl (RaftServerImpl.java:setRole(170)) - efe1aab7-b6fa-4ac4-b7cc-2892b942c387@group-7C2C933C7E5E: changes role from  FOLLOWER to FOLLOWER at term 3 for recognizeCandidate:ee8e7399-3280-4718-93a7-c6f66f665da9
2019-10-02 22:46:55,703 [grpc-default-executor-4] INFO  impl.RoleInfo (RoleInfo.java:shutdownFollowerState(121)) - fa17b84d-89ee-4f60-8e05-595fee44d69b: shutdown FollowerState
2019-10-02 22:46:55,703 [grpc-default-executor-1] INFO  impl.RoleInfo (RoleInfo.java:shutdownFollowerState(121)) - efe1aab7-b6fa-4ac4-b7cc-2892b942c387: shutdown FollowerState
2019-10-02 22:46:55,704 [Thread-2497] INFO  impl.FollowerState (FollowerState.java:run(117)) - fa17b84d-89ee-4f60-8e05-595fee44d69b@group-7C2C933C7E5E-FollowerState was interrupted: java.lang.InterruptedException: sleep interrupted
2019-10-02 22:46:55,704 [Thread-2498] INFO  impl.FollowerState (FollowerState.java:run(117)) - efe1aab7-b6fa-4ac4-b7cc-2892b942c387@group-7C2C933C7E5E-FollowerState was interrupted: java.lang.InterruptedException: sleep interrupted
2019-10-02 22:46:55,703 [grpc-default-executor-4] INFO  impl.RoleInfo (RoleInfo.java:updateAndGet(143)) - fa17b84d-89ee-4f60-8e05-595fee44d69b: start FollowerState
2019-10-02 22:46:55,704 [grpc-default-executor-1] INFO  impl.RoleInfo (RoleInfo.java:updateAndGet(143)) - efe1aab7-b6fa-4ac4-b7cc-2892b942c387: start FollowerState
2019-10-02 22:46:55,749 [ee8e7399-3280-4718-93a7-c6f66f665da9@group-7C2C933C7E5E-LeaderElection112] INFO  impl.LeaderElection (LeaderElection.java:logAndReturn(56)) - ee8e7399-3280-4718-93a7-c6f66f665da9@group-7C2C933C7E5E-LeaderElection112: Election PASSED; received 1 response(s) [ee8e7399-3280-4718-93a7-c6f66f665da9<-efe1aab7-b6fa-4ac4-b7cc-2892b942c387#0:OK-t3] and 0 exception(s); ee8e7399-3280-4718-93a7-c6f66f665da9@group-7C2C933C7E5E:t3, leader=null, voted=ee8e7399-3280-4718-93a7-c6f66f665da9, raftlog=ee8e7399-3280-4718-93a7-c6f66f665da9@group-7C2C933C7E5E-SegmentedRaftLog:OPENED:c-1,f-1,i0, conf=-1: [efe1aab7-b6fa-4ac4-b7cc-2892b942c387:192.168.30.30:41047, ee8e7399-3280-4718-93a7-c6f66f665da9:192.168.30.30:43600, fa17b84d-89ee-4f60-8e05-595fee44d69b:192.168.30.30:35033], old=null
2019-10-02 22:46:55,750 [ee8e7399-3280-4718-93a7-c6f66f665da9@group-7C2C933C7E5E-LeaderElection112] INFO  impl.RoleInfo (RoleInfo.java:shutdownLeaderElection(134)) - ee8e7399-3280-4718-93a7-c6f66f665da9: shutdown LeaderElection
2019-10-02 22:46:55,750 [ee8e7399-3280-4718-93a7-c6f66f665da9@group-7C2C933C7E5E-LeaderElection112] INFO  impl.RaftServerImpl (RaftServerImpl.java:setRole(170)) - ee8e7399-3280-4718-93a7-c6f66f665da9@group-7C2C933C7E5E: changes role from CANDIDATE to LEADER at term 3 for changeToLeader
2019-10-02 22:46:55,750 [ee8e7399-3280-4718-93a7-c6f66f665da9@group-7C2C933C7E5E-LeaderElection112] INFO  impl.RaftServerImpl (ServerState.java:setLeader(255)) - ee8e7399-3280-4718-93a7-c6f66f665da9@group-7C2C933C7E5E: change Leader from null to ee8e7399-3280-4718-93a7-c6f66f665da9 at term 3 for becomeLeader, leader elected after 15500ms
2019-10-02 22:46:55,750 [ee8e7399-3280-4718-93a7-c6f66f665da9@group-7C2C933C7E5E-LeaderElection112] INFO  server.RaftServerConfigKeys (ConfUtils.java:logGet(43)) - raft.server.staging.catchup.gap = 1000 (default)
2019-10-02 22:46:55,750 [ee8e7399-3280-4718-93a7-c6f66f665da9@group-7C2C933C7E5E-LeaderElection112] INFO  server.RaftServerConfigKeys (ConfUtils.java:logGet(43)) - raft.server.rpc.sleep.time = 25ms (default)
2019-10-02 22:46:55,751 [ee8e7399-3280-4718-93a7-c6f66f665da9@group-7C2C933C7E5E-LeaderElection112] INFO  server.RaftServerConfigKeys (ConfUtils.java:logGet(43)) - raft.server.write.element-limit = 4096 (default)
2019-10-02 22:46:55,751 [ee8e7399-3280-4718-93a7-c6f66f665da9@group-7C2C933C7E5E-LeaderElection112] INFO  server.RaftServerConfigKeys (ConfUtils.java:logGet(43)) - raft.server.watch.timeout = 10s (default)
2019-10-02 22:46:55,751 [ee8e7399-3280-4718-93a7-c6f66f665da9@group-7C2C933C7E5E-LeaderElection112] INFO  server.RaftServerConfigKeys (ConfUtils.java:logGet(43)) - raft.server.watch.timeout.denomination = 1s (default)
2019-10-02 22:46:55,751 [ee8e7399-3280-4718-93a7-c6f66f665da9@group-7C2C933C7E5E-LeaderElection112] INFO  server.RaftServerConfigKeys (ConfUtils.java:logGet(43)) - raft.server.watch.element-limit = 65536 (default)
2019-10-02 22:46:55,754 [ee8e7399-3280-4718-93a7-c6f66f665da9@group-7C2C933C7E5E-LeaderElection112] INFO  server.RaftServerConfigKeys (ConfUtils.java:logGet(43)) - raft.server.log.appender.snapshot.chunk.size.max = 16MB (=16777216) (default)
2019-10-02 22:46:55,754 [ee8e7399-3280-4718-93a7-c6f66f665da9@group-7C2C933C7E5E-LeaderElection112] INFO  server.RaftServerConfigKeys (ConfUtils.java:logGet(43)) - raft.server.log.appender.buffer.byte-limit = 33554432 (custom)
2019-10-02 22:46:55,754 [ee8e7399-3280-4718-93a7-c6f66f665da9@group-7C2C933C7E5E-LeaderElection112] INFO  server.RaftServerConfigKeys (ConfUtils.java:logGet(43)) - raft.server.log.appender.buffer.element-limit = 1 (custom)
2019-10-02 22:46:55,754 [ee8e7399-3280-4718-93a7-c6f66f665da9@group-7C2C933C7E5E-LeaderElection112] INFO  grpc.GrpcConfigKeys$Server (ConfUtils.java:logGet(43)) - raft.grpc.server.leader.outstanding.appends.max = 128 (default)
2019-10-02 22:46:55,754 [ee8e7399-3280-4718-93a7-c6f66f665da9@group-7C2C933C7E5E-LeaderElection112] INFO  server.RaftServerConfigKeys (ConfUtils.java:logGet(43)) - raft.server.rpc.request.timeout = 3000ms (default)
2019-10-02 22:46:55,755 [ee8e7399-3280-4718-93a7-c6f66f665da9@group-7C2C933C7E5E-LeaderElection112] INFO  server.RaftServerConfigKeys (ConfUtils.java:logGet(43)) - raft.server.log.appender.install.snapshot.enabled = false (custom)
2019-10-02 22:46:55,755 [ee8e7399-3280-4718-93a7-c6f66f665da9@group-7C2C933C7E5E-LeaderElection112] INFO  server.RaftServerConfigKeys (ConfUtils.java:logGet(43)) - raft.server.log.appender.snapshot.chunk.size.max = 16MB (=16777216) (default)
2019-10-02 22:46:55,755 [ee8e7399-3280-4718-93a7-c6f66f665da9@group-7C2C933C7E5E-LeaderElection112] INFO  server.RaftServerConfigKeys (ConfUtils.java:logGet(43)) - raft.server.log.appender.buffer.byte-limit = 33554432 (custom)
2019-10-02 22:46:55,755 [ee8e7399-3280-4718-93a7-c6f66f665da9@group-7C2C933C7E5E-LeaderElection112] INFO  server.RaftServerConfigKeys (ConfUtils.java:logGet(43)) - raft.server.log.appender.buffer.element-limit = 1 (custom)
2019-10-02 22:46:55,755 [ee8e7399-3280-4718-93a7-c6f66f665da9@group-7C2C933C7E5E-LeaderElection112] INFO  grpc.GrpcConfigKeys$Server (ConfUtils.java:logGet(43)) - raft.grpc.server.leader.outstanding.appends.max = 128 (default)
2019-10-02 22:46:55,755 [ee8e7399-3280-4718-93a7-c6f66f665da9@group-7C2C933C7E5E-LeaderElection112] INFO  server.RaftServerConfigKeys (ConfUtils.java:logGet(43)) - raft.server.rpc.request.timeout = 3000ms (default)
2019-10-02 22:46:55,755 [ee8e7399-3280-4718-93a7-c6f66f665da9@group-7C2C933C7E5E-LeaderElection112] INFO  server.RaftServerConfigKeys (ConfUtils.java:logGet(43)) - raft.server.log.appender.install.snapshot.enabled = false (custom)
2019-10-02 22:46:55,756 [ee8e7399-3280-4718-93a7-c6f66f665da9@group-7C2C933C7E5E-LeaderElection112] INFO  impl.RoleInfo (RoleInfo.java:updateAndGet(143)) - ee8e7399-3280-4718-93a7-c6f66f665da9: start LeaderState
2019-10-02 22:46:55,756 [ee8e7399-3280-4718-93a7-c6f66f665da9@group-7C2C933C7E5E-LeaderElection112] INFO  segmented.SegmentedRaftLogWorker (SegmentedRaftLogWorker.java:startLogSegment(385)) - ee8e7399-3280-4718-93a7-c6f66f665da9@group-7C2C933C7E5E-SegmentedRaftLogWorker: Starting segment from index:0
2019-10-02 22:46:55,757 [ee8e7399-3280-4718-93a7-c6f66f665da9@group-7C2C933C7E5E-LeaderElection112] INFO  impl.RaftServerImpl (ServerState.java:setRaftConf(356)) - ee8e7399-3280-4718-93a7-c6f66f665da9@group-7C2C933C7E5E: set configuration 0: [efe1aab7-b6fa-4ac4-b7cc-2892b942c387:192.168.30.30:41047, ee8e7399-3280-4718-93a7-c6f66f665da9:192.168.30.30:43600, fa17b84d-89ee-4f60-8e05-595fee44d69b:192.168.30.30:35033], old=null at 0
2019-10-02 22:46:55,758 [grpc-default-executor-1] INFO  impl.RaftServerImpl (ServerState.java:setLeader(255)) - fa17b84d-89ee-4f60-8e05-595fee44d69b@group-7C2C933C7E5E: change Leader from null to ee8e7399-3280-4718-93a7-c6f66f665da9 at term 3 for appendEntries, leader elected after 15509ms
2019-10-02 22:46:55,758 [grpc-default-executor-4] INFO  impl.RaftServerImpl (ServerState.java:setLeader(255)) - efe1aab7-b6fa-4ac4-b7cc-2892b942c387@group-7C2C933C7E5E: change Leader from null to ee8e7399-3280-4718-93a7-c6f66f665da9 at term 3 for appendEntries, leader elected after 15509ms
2019-10-02 22:46:55,761 [grpc-default-executor-4] INFO  impl.RaftServerImpl (ServerState.java:setRaftConf(356)) - efe1aab7-b6fa-4ac4-b7cc-2892b942c387@group-7C2C933C7E5E: set configuration 0: [efe1aab7-b6fa-4ac4-b7cc-2892b942c387:192.168.30.30:41047, ee8e7399-3280-4718-93a7-c6f66f665da9:192.168.30.30:43600, fa17b84d-89ee-4f60-8e05-595fee44d69b:192.168.30.30:35033], old=null at 0
2019-10-02 22:46:55,761 [grpc-default-executor-1] INFO  impl.RaftServerImpl (ServerState.java:setRaftConf(356)) - fa17b84d-89ee-4f60-8e05-595fee44d69b@group-7C2C933C7E5E: set configuration 0: [efe1aab7-b6fa-4ac4-b7cc-2892b942c387:192.168.30.30:41047, ee8e7399-3280-4718-93a7-c6f66f665da9:192.168.30.30:43600, fa17b84d-89ee-4f60-8e05-595fee44d69b:192.168.30.30:35033], old=null at 0
2019-10-02 22:46:55,761 [grpc-default-executor-4] INFO  segmented.SegmentedRaftLogWorker (SegmentedRaftLogWorker.java:startLogSegment(385)) - efe1aab7-b6fa-4ac4-b7cc-2892b942c387@group-7C2C933C7E5E-SegmentedRaftLogWorker: Starting segment from index:0
2019-10-02 22:46:55,761 [grpc-default-executor-1] INFO  segmented.SegmentedRaftLogWorker (SegmentedRaftLogWorker.java:startLogSegment(385)) - fa17b84d-89ee-4f60-8e05-595fee44d69b@group-7C2C933C7E5E-SegmentedRaftLogWorker: Starting segment from index:0
2019-10-02 22:46:55,814 [ee8e7399-3280-4718-93a7-c6f66f665da9@group-7C2C933C7E5E-SegmentedRaftLogWorker] INFO  segmented.SegmentedRaftLogWorker (SegmentedRaftLogWorker.java:execute(574)) - ee8e7399-3280-4718-93a7-c6f66f665da9@group-7C2C933C7E5E-SegmentedRaftLogWorker: created new log segment /workdir/hadoop-ozone/integration-test/target/test-dir/MiniOzoneClusterImpl-401d1527-d5ff-4795-9217-9f2aa99a19e1/datanode-2/data/ratis/24bde7cc-c837-4e65-a883-7c2c933c7e5e/current/log_inprogress_0
2019-10-02 22:46:55,814 [fa17b84d-89ee-4f60-8e05-595fee44d69b@group-7C2C933C7E5E-SegmentedRaftLogWorker] INFO  segmented.SegmentedRaftLogWorker (SegmentedRaftLogWorker.java:execute(574)) - fa17b84d-89ee-4f60-8e05-595fee44d69b@group-7C2C933C7E5E-SegmentedRaftLogWorker: created new log segment /workdir/hadoop-ozone/integration-test/target/test-dir/MiniOzoneClusterImpl-401d1527-d5ff-4795-9217-9f2aa99a19e1/datanode-1/data/ratis/24bde7cc-c837-4e65-a883-7c2c933c7e5e/current/log_inprogress_0
2019-10-02 22:46:55,814 [efe1aab7-b6fa-4ac4-b7cc-2892b942c387@group-7C2C933C7E5E-SegmentedRaftLogWorker] INFO  segmented.SegmentedRaftLogWorker (SegmentedRaftLogWorker.java:execute(574)) - efe1aab7-b6fa-4ac4-b7cc-2892b942c387@group-7C2C933C7E5E-SegmentedRaftLogWorker: created new log segment /workdir/hadoop-ozone/integration-test/target/test-dir/MiniOzoneClusterImpl-401d1527-d5ff-4795-9217-9f2aa99a19e1/datanode-4/data/ratis/24bde7cc-c837-4e65-a883-7c2c933c7e5e/current/log_inprogress_0
2019-10-02 22:46:57,538 [Datanode State Machine Thread - 0] INFO  statemachine.DatanodeStateMachine (DatanodeStateMachine.java:lambda$startDaemon$0(350)) - Ozone container server started.
2019-10-02 22:47:01,542 [main] INFO  ozoneimpl.OzoneContainer (OzoneContainer.java:stop(231)) - Attempting to stop container services.
2019-10-02 22:47:01,543 [main] INFO  impl.RaftServerProxy (RaftServerProxy.java:lambda$close$4(314)) - fa17b84d-89ee-4f60-8e05-595fee44d69b: close
2019-10-02 22:47:01,544 [main] INFO  impl.RaftServerImpl (RaftServerImpl.java:lambda$shutdown$3(247)) - fa17b84d-89ee-4f60-8e05-595fee44d69b@group-DEC340A59A7F: shutdown
2019-10-02 22:47:01,544 [ForkJoinPool.commonPool-worker-1] INFO  impl.RaftServerImpl (RaftServerImpl.java:lambda$shutdown$3(247)) - fa17b84d-89ee-4f60-8e05-595fee44d69b@group-7C2C933C7E5E: shutdown
2019-10-02 22:47:01,545 [main] INFO  util.JmxRegister (JmxRegister.java:unregister(73)) - Successfully un-registered JMX Bean with object name Ratis:service=RaftServer,group=group-DEC340A59A7F,id=fa17b84d-89ee-4f60-8e05-595fee44d69b
2019-10-02 22:47:01,545 [ForkJoinPool.commonPool-worker-1] INFO  util.JmxRegister (JmxRegister.java:unregister(73)) - Successfully un-registered JMX Bean with object name Ratis:service=RaftServer,group=group-7C2C933C7E5E,id=fa17b84d-89ee-4f60-8e05-595fee44d69b
2019-10-02 22:47:01,545 [main] INFO  impl.RoleInfo (RoleInfo.java:shutdownLeaderState(104)) - fa17b84d-89ee-4f60-8e05-595fee44d69b: shutdown LeaderState
2019-10-02 22:47:01,545 [ForkJoinPool.commonPool-worker-1] INFO  impl.RoleInfo (RoleInfo.java:shutdownFollowerState(121)) - fa17b84d-89ee-4f60-8e05-595fee44d69b: shutdown FollowerState
2019-10-02 22:47:01,546 [main] INFO  impl.PendingRequests (PendingRequests.java:sendNotLeaderResponses(202)) - fa17b84d-89ee-4f60-8e05-595fee44d69b@group-DEC340A59A7F-PendingRequests: sendNotLeaderResponses
2019-10-02 22:47:01,546 [Thread-2516] INFO  impl.FollowerState (FollowerState.java:run(117)) - fa17b84d-89ee-4f60-8e05-595fee44d69b@group-7C2C933C7E5E-FollowerState was interrupted: java.lang.InterruptedException: sleep interrupted
2019-10-02 22:47:01,546 [ForkJoinPool.commonPool-worker-1] INFO  impl.StateMachineUpdater (StateMachineUpdater.java:stopAndJoin(136)) - fa17b84d-89ee-4f60-8e05-595fee44d69b@group-7C2C933C7E5E-StateMachineUpdater: set stopIndex = 2
2019-10-02 22:47:01,562 [main] INFO  impl.StateMachineUpdater (StateMachineUpdater.java:stopAndJoin(136)) - fa17b84d-89ee-4f60-8e05-595fee44d69b@group-DEC340A59A7F-StateMachineUpdater: set stopIndex = 0
2019-10-02 22:47:01,546 [fa17b84d-89ee-4f60-8e05-595fee44d69b@group-7C2C933C7E5E-StateMachineUpdater] INFO  ratis.ContainerStateMachine (ContainerStateMachine.java:takeSnapshot(289)) - group-7C2C933C7E5E: Taking a snapshot at:(t:3, i:1) file /workdir/hadoop-ozone/integration-test/target/test-dir/MiniOzoneClusterImpl-401d1527-d5ff-4795-9217-9f2aa99a19e1/datanode-1/data/ratis/24bde7cc-c837-4e65-a883-7c2c933c7e5e/sm/snapshot.3_1
2019-10-02 22:47:01,563 [main] INFO  impl.RaftServerImpl (ServerState.java:close(387)) - fa17b84d-89ee-4f60-8e05-595fee44d69b@group-DEC340A59A7F: closes. applyIndex: 0
2019-10-02 22:47:01,563 [fa17b84d-89ee-4f60-8e05-595fee44d69b@group-DEC340A59A7F-SegmentedRaftLogWorker] INFO  segmented.SegmentedRaftLogWorker (SegmentedRaftLogWorker.java:run(316)) - fa17b84d-89ee-4f60-8e05-595fee44d69b@group-DEC340A59A7F-SegmentedRaftLogWorker was interrupted, exiting. There are 0 tasks remaining in the queue.
2019-10-02 22:47:01,575 [main] INFO  segmented.SegmentedRaftLogWorker (SegmentedRaftLogWorker.java:close(224)) - fa17b84d-89ee-4f60-8e05-595fee44d69b@group-DEC340A59A7F-SegmentedRaftLogWorker close()
2019-10-02 22:47:01,608 [fa17b84d-89ee-4f60-8e05-595fee44d69b@group-7C2C933C7E5E-StateMachineUpdater] INFO  ratis.ContainerStateMachine (ContainerStateMachine.java:takeSnapshot(300)) - group-7C2C933C7E5E: Finished taking a snapshot at:(t:3, i:1) file:/workdir/hadoop-ozone/integration-test/target/test-dir/MiniOzoneClusterImpl-401d1527-d5ff-4795-9217-9f2aa99a19e1/datanode-1/data/ratis/24bde7cc-c837-4e65-a883-7c2c933c7e5e/sm/snapshot.3_1 time:62
2019-10-02 22:47:01,608 [fa17b84d-89ee-4f60-8e05-595fee44d69b@group-7C2C933C7E5E-StateMachineUpdater] INFO  impl.StateMachineUpdater (StateMachineUpdater.java:takeSnapshot(269)) - fa17b84d-89ee-4f60-8e05-595fee44d69b@group-7C2C933C7E5E-StateMachineUpdater: Took a snapshot at index 1
2019-10-02 22:47:01,608 [fa17b84d-89ee-4f60-8e05-595fee44d69b@group-7C2C933C7E5E-StateMachineUpdater] INFO  impl.StateMachineUpdater (StateMachineUpdater.java:lambda$new$0(84)) - fa17b84d-89ee-4f60-8e05-595fee44d69b@group-7C2C933C7E5E-StateMachineUpdater: snapshotIndex: updateIncreasingly -1 -> 1
2019-10-02 22:47:01,609 [fa17b84d-89ee-4f60-8e05-595fee44d69b@group-7C2C933C7E5E-StateMachineUpdater] INFO  ratis.ContainerStateMachine (ContainerStateMachine.java:takeSnapshot(289)) - group-7C2C933C7E5E: Taking a snapshot at:(t:3, i:1) file /workdir/hadoop-ozone/integration-test/target/test-dir/MiniOzoneClusterImpl-401d1527-d5ff-4795-9217-9f2aa99a19e1/datanode-1/data/ratis/24bde7cc-c837-4e65-a883-7c2c933c7e5e/sm/snapshot.3_1
2019-10-02 22:47:01,631 [fa17b84d-89ee-4f60-8e05-595fee44d69b@group-7C2C933C7E5E-StateMachineUpdater] INFO  ratis.ContainerStateMachine (ContainerStateMachine.java:takeSnapshot(300)) - group-7C2C933C7E5E: Finished taking a snapshot at:(t:3, i:1) file:/workdir/hadoop-ozone/integration-test/target/test-dir/MiniOzoneClusterImpl-401d1527-d5ff-4795-9217-9f2aa99a19e1/datanode-1/data/ratis/24bde7cc-c837-4e65-a883-7c2c933c7e5e/sm/snapshot.3_1 time:22
2019-10-02 22:47:01,631 [fa17b84d-89ee-4f60-8e05-595fee44d69b@group-7C2C933C7E5E-StateMachineUpdater] INFO  impl.StateMachineUpdater (StateMachineUpdater.java:takeSnapshot(269)) - fa17b84d-89ee-4f60-8e05-595fee44d69b@group-7C2C933C7E5E-StateMachineUpdater: Took a snapshot at index 1
2019-10-02 22:47:01,631 [fa17b84d-89ee-4f60-8e05-595fee44d69b@group-7C2C933C7E5E-StateMachineUpdater] INFO  impl.StateMachineUpdater (StateMachineUpdater.java:lambda$new$0(84)) - fa17b84d-89ee-4f60-8e05-595fee44d69b@group-7C2C933C7E5E-StateMachineUpdater: snapshotIndex: updateIncreasingly 1 -> 1
2019-10-02 22:47:01,632 [ForkJoinPool.commonPool-worker-1] INFO  impl.RaftServerImpl (ServerState.java:close(387)) - fa17b84d-89ee-4f60-8e05-595fee44d69b@group-7C2C933C7E5E: closes. applyIndex: 2
2019-10-02 22:47:01,632 [fa17b84d-89ee-4f60-8e05-595fee44d69b@group-7C2C933C7E5E-SegmentedRaftLogWorker] INFO  segmented.SegmentedRaftLogWorker (SegmentedRaftLogWorker.java:run(316)) - fa17b84d-89ee-4f60-8e05-595fee44d69b@group-7C2C933C7E5E-SegmentedRaftLogWorker was interrupted, exiting. There are 0 tasks remaining in the queue.
2019-10-02 22:47:01,635 [ForkJoinPool.commonPool-worker-1] INFO  segmented.SegmentedRaftLogWorker (SegmentedRaftLogWorker.java:close(224)) - fa17b84d-89ee-4f60-8e05-595fee44d69b@group-7C2C933C7E5E-SegmentedRaftLogWorker close()
2019-10-02 22:47:01,638 [main] INFO  server.GrpcService (GrpcService.java:closeImpl(164)) - fa17b84d-89ee-4f60-8e05-595fee44d69b: shutdown server with port 35033 now
2019-10-02 22:47:01,640 [grpc-default-executor-1] WARN  server.GrpcServerProtocolService (LogUtils.java:warn(134)) - fa17b84d-89ee-4f60-8e05-595fee44d69b: installSnapshot onError, lastRequest: ee8e7399-3280-4718-93a7-c6f66f665da9->fa17b84d-89ee-4f60-8e05-595fee44d69b#5-t3, previous=(t:3, i:2), leaderCommit=2, initializing? false, entries: <empty>: org.apache.ratis.thirdparty.io.grpc.StatusRuntimeException: CANCELLED: cancelled before receiving half close
2019-10-02 22:47:01,640 [grpc-default-executor-3] WARN  server.GrpcLogAppender (LogUtils.java:warn(134)) - ee8e7399-3280-4718-93a7-c6f66f665da9@group-7C2C933C7E5E->fa17b84d-89ee-4f60-8e05-595fee44d69b-AppendLogResponseHandler: Failed appendEntries: org.apache.ratis.thirdparty.io.grpc.StatusRuntimeException: CANCELLED: HTTP/2 error code: CANCEL
Received Rst Stream
2019-10-02 22:47:01,640 [main] INFO  server.GrpcService (GrpcService.java:closeImpl(172)) - fa17b84d-89ee-4f60-8e05-595fee44d69b: shutdown server with port 35033 successfully
2019-10-02 22:47:01,640 [grpc-default-executor-3] INFO  impl.FollowerInfo (FollowerInfo.java:lambda$new$0(51)) - ee8e7399-3280-4718-93a7-c6f66f665da9@group-7C2C933C7E5E->fa17b84d-89ee-4f60-8e05-595fee44d69b: nextIndex: updateUnconditionally 3 -> 2
2019-10-02 22:47:01,641 [refreshUsed-/workdir/hadoop-ozone/integration-test/target/test-dir/MiniOzoneClusterImpl-401d1527-d5ff-4795-9217-9f2aa99a19e1/datanode-1/data/containers] WARN  fs.CachingGetSpaceUsed (CachingGetSpaceUsed.java:run(183)) - Thread Interrupted waiting to refresh disk information: sleep interrupted
2019-10-02 22:47:01,655 [main] INFO  utils.BackgroundService (BackgroundService.java:shutdown(148)) - Shutting down service BlockDeletingService
2019-10-02 22:47:01,660 [main] INFO  statemachine.DatanodeStateMachine (DatanodeStateMachine.java:stopDaemon(395)) - Ozone container server stopped.
2019-10-02 22:47:01,662 [main] INFO  handler.ContextHandler (ContextHandler.java:doStop(910)) - Stopped o.e.j.w.WebAppContext@35025a0a{/,null,UNAVAILABLE}{/hddsDatanode}
2019-10-02 22:47:01,662 [main] INFO  server.AbstractConnector (AbstractConnector.java:doStop(318)) - Stopped ServerConnector@38732364{HTTP/1.1,[http/1.1]}{0.0.0.0:0}
2019-10-02 22:47:01,663 [main] INFO  handler.ContextHandler (ContextHandler.java:doStop(910)) - Stopped o.e.j.s.ServletContextHandler@6aa7e176{/static,jar:file:/home/user/.m2/repository/org/apache/hadoop/hadoop-hdds-container-service/0.5.0-SNAPSHOT/hadoop-hdds-container-service-0.5.0-SNAPSHOT.jar!/webapps/static,UNAVAILABLE}
2019-10-02 22:47:01,663 [main] INFO  handler.ContextHandler (ContextHandler.java:doStop(910)) - Stopped o.e.j.s.ServletContextHandler@30f28b5{/logs,file:///workdir/hadoop-ozone/integration-test/target/log,UNAVAILABLE}
2019-10-02 22:47:01,669 [grpc-default-executor-3] WARN  server.GrpcLogAppender (LogUtils.java:warn(134)) - ee8e7399-3280-4718-93a7-c6f66f665da9@group-7C2C933C7E5E->fa17b84d-89ee-4f60-8e05-595fee44d69b-AppendLogResponseHandler: Failed appendEntries: org.apache.ratis.thirdparty.io.grpc.StatusRuntimeException: UNAVAILABLE: io exception
2019-10-02 22:47:01,669 [grpc-default-executor-3] INFO  impl.FollowerInfo (FollowerInfo.java:lambda$new$0(51)) - ee8e7399-3280-4718-93a7-c6f66f665da9@group-7C2C933C7E5E->fa17b84d-89ee-4f60-8e05-595fee44d69b: nextIndex: updateUnconditionally 3 -> 2
2019-10-02 22:47:01,681 [grpc-default-executor-5] WARN  server.GrpcLogAppender (LogUtils.java:warn(134)) - ee8e7399-3280-4718-93a7-c6f66f665da9@group-7C2C933C7E5E->fa17b84d-89ee-4f60-8e05-595fee44d69b-AppendLogResponseHandler: Failed appendEntries: org.apache.ratis.thirdparty.io.grpc.StatusRuntimeException: UNAVAILABLE: io exception
2019-10-02 22:47:01,681 [grpc-default-executor-5] INFO  impl.FollowerInfo (FollowerInfo.java:lambda$new$0(51)) - ee8e7399-3280-4718-93a7-c6f66f665da9@group-7C2C933C7E5E->fa17b84d-89ee-4f60-8e05-595fee44d69b: nextIndex: updateUnconditionally 3 -> 2
2019-10-02 22:47:01,705 [grpc-default-executor-1] WARN  server.GrpcLogAppender (LogUtils.java:warn(134)) - ee8e7399-3280-4718-93a7-c6f66f665da9@group-7C2C933C7E5E->fa17b84d-89ee-4f60-8e05-595fee44d69b-AppendLogResponseHandler: Failed appendEntries: org.apache.ratis.thirdparty.io.grpc.StatusRuntimeException: UNAVAILABLE: io exception
2019-10-02 22:47:01,705 [grpc-default-executor-1] INFO  impl.FollowerInfo (FollowerInfo.java:lambda$new$0(51)) - ee8e7399-3280-4718-93a7-c6f66f665da9@group-7C2C933C7E5E->fa17b84d-89ee-4f60-8e05-595fee44d69b: nextIndex: updateUnconditionally 3 -> 2
2019-10-02 22:47:01,718 [EventQueue-IncrementalContainerReportForIncrementalContainerReportHandler] WARN  container.IncrementalContainerReportHandler (AbstractContainerReportHandler.java:updateContainerState(143)) - Container #1 is in OPEN state, but the datanode ee8e7399-3280-4718-93a7-c6f66f665da9{ip: 192.168.30.30, host: pr-hdds1737-lts7z-2510321508, networkLocation: /default-rack, certSerialId: null} reports an CLOSING replica.
2019-10-02 22:47:01,732 [EventQueue-IncrementalContainerReportForIncrementalContainerReportHandler] WARN  container.IncrementalContainerReportHandler (AbstractContainerReportHandler.java:updateContainerState(143)) - Container #1 is in OPEN state, but the datanode efe1aab7-b6fa-4ac4-b7cc-2892b942c387{ip: 192.168.30.30, host: pr-hdds1737-lts7z-2510321508, networkLocation: /default-rack, certSerialId: null} reports an CLOSING replica.
2019-10-02 22:47:01,806 [RatisApplyTransactionExecutor 1] INFO  interfaces.Container (KeyValueContainer.java:flushAndSyncDB(386)) - Container 1 is synced with bcsId 0.
2019-10-02 22:47:01,875 [RatisApplyTransactionExecutor 1] INFO  interfaces.Container (KeyValueContainer.java:flushAndSyncDB(386)) - Container 1 is synced with bcsId 0.
2019-10-02 22:47:01,886 [RatisApplyTransactionExecutor 1] INFO  interfaces.Container (KeyValueContainer.java:flushAndSyncDB(386)) - Container 1 is synced with bcsId 0.
2019-10-02 22:47:01,886 [RatisApplyTransactionExecutor 1] INFO  interfaces.Container (KeyValueContainer.java:flushAndSyncDB(386)) - Container 1 is synced with bcsId 0.
2019-10-02 22:47:01,903 [RatisApplyTransactionExecutor 1] INFO  interfaces.Container (KeyValueContainer.java:close(335)) - Container 1 is closed with bcsId 0.
2019-10-02 22:47:01,903 [RatisApplyTransactionExecutor 1] INFO  interfaces.Container (KeyValueContainer.java:close(335)) - Container 1 is closed with bcsId 0.
2019-10-02 22:47:01,904 [EventQueue-IncrementalContainerReportForIncrementalContainerReportHandler] WARN  container.IncrementalContainerReportHandler (AbstractContainerReportHandler.java:updateContainerState(143)) - Container #1 is in OPEN state, but the datanode ee8e7399-3280-4718-93a7-c6f66f665da9{ip: 192.168.30.30, host: pr-hdds1737-lts7z-2510321508, networkLocation: /default-rack, certSerialId: null} reports an CLOSED replica.
2019-10-02 22:47:01,908 [EventQueue-IncrementalContainerReportForIncrementalContainerReportHandler] WARN  container.IncrementalContainerReportHandler (AbstractContainerReportHandler.java:updateContainerState(143)) - Container #1 is in OPEN state, but the datanode efe1aab7-b6fa-4ac4-b7cc-2892b942c387{ip: 192.168.30.30, host: pr-hdds1737-lts7z-2510321508, networkLocation: /default-rack, certSerialId: null} reports an CLOSED replica.
2019-10-02 22:47:04,205 [grpc-default-executor-3] WARN  server.GrpcLogAppender (LogUtils.java:warn(134)) - ee8e7399-3280-4718-93a7-c6f66f665da9@group-7C2C933C7E5E->fa17b84d-89ee-4f60-8e05-595fee44d69b-AppendLogResponseHandler: Failed appendEntries: org.apache.ratis.thirdparty.io.grpc.StatusRuntimeException: UNAVAILABLE: io exception
2019-10-02 22:47:04,206 [grpc-default-executor-3] INFO  impl.FollowerInfo (FollowerInfo.java:lambda$new$0(51)) - ee8e7399-3280-4718-93a7-c6f66f665da9@group-7C2C933C7E5E->fa17b84d-89ee-4f60-8e05-595fee44d69b: nextIndex: updateUnconditionally 2 -> 1
2019-10-02 22:47:04,920 [main] WARN  scm.XceiverClientRatis (XceiverClientRatis.java:watchForCommit(292)) - 3 way commit failed on pipeline Pipeline[ Id: 24bde7cc-c837-4e65-a883-7c2c933c7e5e, Nodes: fa17b84d-89ee-4f60-8e05-595fee44d69b{ip: 192.168.30.30, host: pr-hdds1737-lts7z-2510321508, networkLocation: /default-rack, certSerialId: null}ee8e7399-3280-4718-93a7-c6f66f665da9{ip: 192.168.30.30, host: pr-hdds1737-lts7z-2510321508, networkLocation: /default-rack, certSerialId: null}efe1aab7-b6fa-4ac4-b7cc-2892b942c387{ip: 192.168.30.30, host: pr-hdds1737-lts7z-2510321508, networkLocation: /default-rack, certSerialId: null}, Type:RATIS, Factor:THREE, State:OPEN]
java.util.concurrent.TimeoutException
	at java.util.concurrent.CompletableFuture.timedGet(CompletableFuture.java:1771)
	at java.util.concurrent.CompletableFuture.get(CompletableFuture.java:1915)
	at org.apache.hadoop.hdds.scm.XceiverClientRatis.watchForCommit(XceiverClientRatis.java:289)
	at org.apache.hadoop.ozone.client.rpc.TestWatchForCommit.test2WayCommitForTimeoutException(TestWatchForCommit.java:391)
	at sun.reflect.NativeMethodAccessorImpl.invoke0(Native Method)
	at sun.reflect.NativeMethodAccessorImpl.invoke(NativeMethodAccessorImpl.java:62)
	at sun.reflect.DelegatingMethodAccessorImpl.invoke(DelegatingMethodAccessorImpl.java:43)
	at java.lang.reflect.Method.invoke(Method.java:498)
	at org.junit.runners.model.FrameworkMethod$1.runReflectiveCall(FrameworkMethod.java:47)
	at org.junit.internal.runners.model.ReflectiveCallable.run(ReflectiveCallable.java:12)
	at org.junit.runners.model.FrameworkMethod.invokeExplosively(FrameworkMethod.java:44)
	at org.junit.internal.runners.statements.InvokeMethod.evaluate(InvokeMethod.java:17)
	at org.junit.runners.ParentRunner.runLeaf(ParentRunner.java:271)
	at org.junit.runners.BlockJUnit4ClassRunner.runChild(BlockJUnit4ClassRunner.java:70)
	at org.junit.runners.BlockJUnit4ClassRunner.runChild(BlockJUnit4ClassRunner.java:50)
	at org.junit.runners.ParentRunner$3.run(ParentRunner.java:238)
	at org.junit.runners.ParentRunner$1.schedule(ParentRunner.java:63)
	at org.junit.runners.ParentRunner.runChildren(ParentRunner.java:236)
	at org.junit.runners.ParentRunner.access$000(ParentRunner.java:53)
	at org.junit.runners.ParentRunner$2.evaluate(ParentRunner.java:229)
	at org.junit.runners.ParentRunner.run(ParentRunner.java:309)
	at org.apache.maven.surefire.junit4.JUnit4Provider.execute(JUnit4Provider.java:365)
	at org.apache.maven.surefire.junit4.JUnit4Provider.executeWithRerun(JUnit4Provider.java:273)
	at org.apache.maven.surefire.junit4.JUnit4Provider.executeTestSet(JUnit4Provider.java:238)
	at org.apache.maven.surefire.junit4.JUnit4Provider.invoke(JUnit4Provider.java:159)
	at org.apache.maven.surefire.booter.ForkedBooter.invokeProviderInSameClassLoader(ForkedBooter.java:384)
	at org.apache.maven.surefire.booter.ForkedBooter.runSuitesInProcess(ForkedBooter.java:345)
	at org.apache.maven.surefire.booter.ForkedBooter.execute(ForkedBooter.java:126)
	at org.apache.maven.surefire.booter.ForkedBooter.main(ForkedBooter.java:418)
2019-10-02 22:47:04,926 [Thread-2556] INFO  client.GrpcClientProtocolService (GrpcClientProtocolService.java:lambda$processClientRequest$0(278)) - Failed RaftClientRequest:client-5D7F3F0C1ECB->efe1aab7-b6fa-4ac4-b7cc-2892b942c387@group-7C2C933C7E5E, cid=106, seq=0, Watch-MAJORITY_COMMITTED(3), Message:<EMPTY>, reply=RaftClientReply:client-5D7F3F0C1ECB->efe1aab7-b6fa-4ac4-b7cc-2892b942c387@group-7C2C933C7E5E, cid=106, FAILED org.apache.ratis.protocol.NotLeaderException: Server efe1aab7-b6fa-4ac4-b7cc-2892b942c387@group-7C2C933C7E5E is not the leader ee8e7399-3280-4718-93a7-c6f66f665da9:192.168.30.30:43600, logIndex=0, commits[efe1aab7-b6fa-4ac4-b7cc-2892b942c387:c4, ee8e7399-3280-4718-93a7-c6f66f665da9:c4, fa17b84d-89ee-4f60-8e05-595fee44d69b:c2]
2019-10-02 22:47:06,707 [grpc-default-executor-5] WARN  server.GrpcLogAppender (LogUtils.java:warn(134)) - ee8e7399-3280-4718-93a7-c6f66f665da9@group-7C2C933C7E5E->fa17b84d-89ee-4f60-8e05-595fee44d69b-AppendLogResponseHandler: Failed appendEntries: org.apache.ratis.thirdparty.io.grpc.StatusRuntimeException: UNAVAILABLE: io exception
2019-10-02 22:47:06,707 [grpc-default-executor-5] INFO  impl.FollowerInfo (FollowerInfo.java:lambda$new$0(51)) - ee8e7399-3280-4718-93a7-c6f66f665da9@group-7C2C933C7E5E->fa17b84d-89ee-4f60-8e05-595fee44d69b: nextIndex: updateUnconditionally 1 -> 0
]]></system-out>
    <system-err><![CDATA[Oct 02, 2019 10:47:01 PM org.apache.ratis.thirdparty.io.grpc.internal.SerializingExecutor run
SEVERE: Exception while executing runnable org.apache.ratis.thirdparty.io.grpc.internal.ServerImpl$JumpToApplicationThreadServerStreamListener$1Closed@7ee5dd62
org.apache.ratis.thirdparty.io.grpc.StatusRuntimeException: CANCELLED: call already cancelled
	at org.apache.ratis.thirdparty.io.grpc.Status.asRuntimeException(Status.java:517)
	at org.apache.ratis.thirdparty.io.grpc.stub.ServerCalls$ServerCallStreamObserverImpl.onCompleted(ServerCalls.java:356)
	at org.apache.ratis.grpc.server.GrpcServerProtocolService$ServerRequestStreamObserver.onError(GrpcServerProtocolService.java:121)
	at org.apache.ratis.thirdparty.io.grpc.stub.ServerCalls$StreamingServerCallHandler$StreamingServerCallListener.onCancel(ServerCalls.java:269)
	at org.apache.ratis.thirdparty.io.grpc.internal.ServerCallImpl$ServerStreamListenerImpl.closed(ServerCallImpl.java:293)
	at org.apache.ratis.thirdparty.io.grpc.internal.ServerImpl$JumpToApplicationThreadServerStreamListener$1Closed.runInContext(ServerImpl.java:741)
	at org.apache.ratis.thirdparty.io.grpc.internal.ContextRunnable.run(ContextRunnable.java:37)
	at org.apache.ratis.thirdparty.io.grpc.internal.SerializingExecutor.run(SerializingExecutor.java:123)
	at java.util.concurrent.ThreadPoolExecutor.runWorker(ThreadPoolExecutor.java:1149)
	at java.util.concurrent.ThreadPoolExecutor$Worker.run(ThreadPoolExecutor.java:624)
	at java.lang.Thread.run(Thread.java:748)

]]></system-err>
  </testcase>
</testsuite>