<?xml version="1.0" encoding="UTF-8"?>
<testsuite xmlns:xsi="http://www.w3.org/2001/XMLSchema-instance" xsi:noNamespaceSchemaLocation="https://maven.apache.org/surefire/maven-surefire-plugin/xsd/surefire-test-report.xsd" name="org.apache.hadoop.ozone.client.rpc.TestBlockOutputStreamWithFailures" time="793.297" tests="8" errors="0" skipped="0" failures="1">
  <properties>
    <property name="awt.toolkit" value="sun.awt.X11.XToolkit"/>
    <property name="file.encoding.pkg" value="sun.io"/>
    <property name="java.specification.version" value="1.8"/>
    <property name="sun.cpu.isalist" value=""/>
    <property name="sun.jnu.encoding" value="UTF-8"/>
    <property name="java.class.path" value="/workdir/hadoop-ozone/integration-test/target/test-classes:/workdir/hadoop-ozone/integration-test/target/classes:/home/user/.m2/repository/org/apache/hadoop/hadoop-ozone-common/0.5.0-SNAPSHOT/hadoop-ozone-common-0.5.0-SNAPSHOT.jar:/home/user/.m2/repository/org/apache/commons/commons-compress/1.4.1/commons-compress-1.4.1.jar:/home/user/.m2/repository/org/tukaani/xz/1.0/xz-1.0.jar:/home/user/.m2/repository/org/apache/hadoop/hadoop-common/3.2.0/hadoop-common-3.2.0.jar:/home/user/.m2/repository/org/apache/hadoop/hadoop-hdfs/3.2.0/hadoop-hdfs-3.2.0.jar:/home/user/.m2/repository/org/apache/hadoop/hadoop-hdfs-client/3.2.0/hadoop-hdfs-client-3.2.0.jar:/home/user/.m2/repository/com/fasterxml/jackson/core/jackson-annotations/2.9.9/jackson-annotations-2.9.9.jar:/home/user/.m2/repository/org/apache/hadoop/hadoop-hdds-common/0.5.0-SNAPSHOT/hadoop-hdds-common-0.5.0-SNAPSHOT.jar:/home/user/.m2/repository/javax/annotation/javax.annotation-api/1.2/javax.annotation-api-1.2.jar:/home/user/.m2/repository/org/apache/ratis/ratis-server/0.5.0-201fc85-SNAPSHOT/ratis-server-0.5.0-201fc85-SNAPSHOT.jar:/home/user/.m2/repository/org/apache/ratis/ratis-thirdparty-misc/0.2.0/ratis-thirdparty-misc-0.2.0.jar:/home/user/.m2/repository/org/apache/ratis/ratis-proto/0.5.0-201fc85-SNAPSHOT/ratis-proto-0.5.0-201fc85-SNAPSHOT.jar:/home/user/.m2/repository/org/apache/ratis/ratis-common/0.5.0-201fc85-SNAPSHOT/ratis-common-0.5.0-201fc85-SNAPSHOT.jar:/home/user/.m2/repository/org/apache/ratis/ratis-client/0.5.0-201fc85-SNAPSHOT/ratis-client-0.5.0-201fc85-SNAPSHOT.jar:/home/user/.m2/repository/org/apache/ratis/ratis-metrics/0.5.0-201fc85-SNAPSHOT/ratis-metrics-0.5.0-201fc85-SNAPSHOT.jar:/home/user/.m2/repository/com/github/joshelser/dropwizard-metrics-hadoop-metrics2-reporter/0.1.2/dropwizard-metrics-hadoop-metrics2-reporter-0.1.2.jar:/home/user/.m2/repository/io/dropwizard/metrics/metrics-jvm/3.2.5/metrics-jvm-3.2.5.jar:/home/user/.m2/repository/io/dropwizard/metrics/metrics-ganglia/3.2.5/metrics-ganglia-3.2.5.jar:/home/user/.m2/repository/info/ganglia/gmetric4j/gmetric4j/1.0.7/gmetric4j-1.0.7.jar:/home/user/.m2/repository/org/apache/ratis/ratis-netty/0.5.0-201fc85-SNAPSHOT/ratis-netty-0.5.0-201fc85-SNAPSHOT.jar:/home/user/.m2/repository/org/apache/ratis/ratis-grpc/0.5.0-201fc85-SNAPSHOT/ratis-grpc-0.5.0-201fc85-SNAPSHOT.jar:/home/user/.m2/repository/org/rocksdb/rocksdbjni/6.0.1/rocksdbjni-6.0.1.jar:/home/user/.m2/repository/org/apache/logging/log4j/log4j-api/2.11.0/log4j-api-2.11.0.jar:/home/user/.m2/repository/org/apache/logging/log4j/log4j-core/2.11.0/log4j-core-2.11.0.jar:/home/user/.m2/repository/com/lmax/disruptor/3.4.2/disruptor-3.4.2.jar:/home/user/.m2/repository/org/apache/commons/commons-pool2/2.6.0/commons-pool2-2.6.0.jar:/home/user/.m2/repository/org/bouncycastle/bcpkix-jdk15on/1.60/bcpkix-jdk15on-1.60.jar:/home/user/.m2/repository/commons-validator/commons-validator/1.6/commons-validator-1.6.jar:/home/user/.m2/repository/commons-digester/commons-digester/1.8.1/commons-digester-1.8.1.jar:/home/user/.m2/repository/io/jaegertracing/jaeger-client/0.34.0/jaeger-client-0.34.0.jar:/home/user/.m2/repository/io/jaegertracing/jaeger-thrift/0.34.0/jaeger-thrift-0.34.0.jar:/home/user/.m2/repository/org/apache/thrift/libthrift/0.12.0/libthrift-0.12.0.jar:/home/user/.m2/repository/com/squareup/okhttp3/okhttp/3.9.0/okhttp-3.9.0.jar:/home/user/.m2/repository/com/squareup/okio/okio/1.13.0/okio-1.13.0.jar:/home/user/.m2/repository/io/jaegertracing/jaeger-core/0.34.0/jaeger-core-0.34.0.jar:/home/user/.m2/repository/io/jaegertracing/jaeger-tracerresolver/0.34.0/jaeger-tracerresolver-0.34.0.jar:/home/user/.m2/repository/io/opentracing/contrib/opentracing-tracerresolver/0.1.5/opentracing-tracerresolver-0.1.5.jar:/home/user/.m2/repository/io/opentracing/opentracing-util/0.31.0/opentracing-util-0.31.0.jar:/home/user/.m2/repository/io/opentracing/opentracing-api/0.31.0/opentracing-api-0.31.0.jar:/home/user/.m2/repository/io/opentracing/opentracing-noop/0.31.0/opentracing-noop-0.31.0.jar:/home/user/.m2/repository/org/apache/hadoop/hadoop-hdds-server-framework/0.5.0-SNAPSHOT/hadoop-hdds-server-framework-0.5.0-SNAPSHOT.jar:/home/user/.m2/repository/org/apache/hadoop/hadoop-hdds-container-service/0.5.0-SNAPSHOT/hadoop-hdds-container-service-0.5.0-SNAPSHOT.jar:/home/user/.m2/repository/org/apache/hadoop/hadoop-hdds-client/0.5.0-SNAPSHOT/hadoop-hdds-client-0.5.0-SNAPSHOT.jar:/home/user/.m2/repository/org/apache/hadoop/hadoop-hdds-tools/0.5.0-SNAPSHOT/hadoop-hdds-tools-0.5.0-SNAPSHOT.jar:/home/user/.m2/repository/org/apache/hadoop/hadoop-hdds-server-scm/0.5.0-SNAPSHOT/hadoop-hdds-server-scm-0.5.0-SNAPSHOT.jar:/home/user/.m2/repository/org/apache/hadoop/hadoop-hdds-docs/0.5.0-SNAPSHOT/hadoop-hdds-docs-0.5.0-SNAPSHOT.jar:/home/user/.m2/repository/io/dropwizard/metrics/metrics-core/3.2.4/metrics-core-3.2.4.jar:/home/user/.m2/repository/org/hamcrest/hamcrest-all/1.3/hamcrest-all-1.3.jar:/home/user/.m2/repository/org/bouncycastle/bcprov-jdk15on/1.60/bcprov-jdk15on-1.60.jar:/home/user/.m2/repository/info/picocli/picocli/3.9.6/picocli-3.9.6.jar:/home/user/.m2/repository/com/google/protobuf/protobuf-java/2.5.0/protobuf-java-2.5.0.jar:/home/user/.m2/repository/com/google/guava/guava/11.0.2/guava-11.0.2.jar:/home/user/.m2/repository/org/apache/hadoop/hadoop-ozone-ozone-manager/0.5.0-SNAPSHOT/hadoop-ozone-ozone-manager-0.5.0-SNAPSHOT.jar:/home/user/.m2/repository/org/apache/hadoop/hadoop-minikdc/3.2.0/hadoop-minikdc-3.2.0.jar:/home/user/.m2/repository/commons-io/commons-io/2.5/commons-io-2.5.jar:/home/user/.m2/repository/org/apache/kerby/kerb-simplekdc/1.0.1/kerb-simplekdc-1.0.1.jar:/home/user/.m2/repository/org/apache/kerby/kerb-client/1.0.1/kerb-client-1.0.1.jar:/home/user/.m2/repository/org/apache/kerby/kerby-config/1.0.1/kerby-config-1.0.1.jar:/home/user/.m2/repository/org/apache/kerby/kerb-core/1.0.1/kerb-core-1.0.1.jar:/home/user/.m2/repository/org/apache/kerby/kerby-pkix/1.0.1/kerby-pkix-1.0.1.jar:/home/user/.m2/repository/org/apache/kerby/kerby-asn1/1.0.1/kerby-asn1-1.0.1.jar:/home/user/.m2/repository/org/apache/kerby/kerby-util/1.0.1/kerby-util-1.0.1.jar:/home/user/.m2/repository/org/apache/kerby/kerb-common/1.0.1/kerb-common-1.0.1.jar:/home/user/.m2/repository/org/apache/kerby/kerb-crypto/1.0.1/kerb-crypto-1.0.1.jar:/home/user/.m2/repository/org/apache/kerby/kerb-util/1.0.1/kerb-util-1.0.1.jar:/home/user/.m2/repository/org/apache/kerby/token-provider/1.0.1/token-provider-1.0.1.jar:/home/user/.m2/repository/org/apache/kerby/kerb-admin/1.0.1/kerb-admin-1.0.1.jar:/home/user/.m2/repository/org/apache/kerby/kerb-server/1.0.1/kerb-server-1.0.1.jar:/home/user/.m2/repository/org/apache/kerby/kerb-identity/1.0.1/kerb-identity-1.0.1.jar:/home/user/.m2/repository/org/apache/kerby/kerby-xdr/1.0.1/kerby-xdr-1.0.1.jar:/home/user/.m2/repository/org/slf4j/slf4j-log4j12/1.7.25/slf4j-log4j12-1.7.25.jar:/home/user/.m2/repository/org/apache/hadoop/hadoop-ozone-s3gateway/0.5.0-SNAPSHOT/hadoop-ozone-s3gateway-0.5.0-SNAPSHOT.jar:/home/user/.m2/repository/org/jboss/weld/servlet/weld-servlet/2.4.7.Final/weld-servlet-2.4.7.Final.jar:/home/user/.m2/repository/org/glassfish/jersey/containers/jersey-container-servlet-core/2.27/jersey-container-servlet-core-2.27.jar:/home/user/.m2/repository/org/glassfish/hk2/external/javax.inject/2.5.0-b42/javax.inject-2.5.0-b42.jar:/home/user/.m2/repository/org/glassfish/jersey/core/jersey-common/2.27/jersey-common-2.27.jar:/home/user/.m2/repository/org/glassfish/hk2/osgi-resource-locator/1.0.1/osgi-resource-locator-1.0.1.jar:/home/user/.m2/repository/javax/ws/rs/javax.ws.rs-api/2.1/javax.ws.rs-api-2.1.jar:/home/user/.m2/repository/org/glassfish/jersey/ext/cdi/jersey-cdi1x/2.27/jersey-cdi1x-2.27.jar:/home/user/.m2/repository/org/glassfish/jersey/inject/jersey-hk2/2.27/jersey-hk2-2.27.jar:/home/user/.m2/repository/org/glassfish/hk2/hk2-locator/2.5.0-b42/hk2-locator-2.5.0-b42.jar:/home/user/.m2/repository/org/javassist/javassist/3.22.0-CR2/javassist-3.22.0-CR2.jar:/home/user/.m2/repository/org/glassfish/hk2/hk2-api/2.5.0/hk2-api-2.5.0.jar:/home/user/.m2/repository/org/glassfish/hk2/external/jakarta.inject/2.5.0/jakarta.inject-2.5.0.jar:/home/user/.m2/repository/org/glassfish/hk2/hk2-utils/2.5.0/hk2-utils-2.5.0.jar:/home/user/.m2/repository/jakarta/annotation/jakarta.annotation-api/1.3.4/jakarta.annotation-api-1.3.4.jar:/home/user/.m2/repository/org/glassfish/hk2/external/aopalliance-repackaged/2.5.0/aopalliance-repackaged-2.5.0.jar:/home/user/.m2/repository/com/fasterxml/jackson/dataformat/jackson-dataformat-xml/2.9.0/jackson-dataformat-xml-2.9.0.jar:/home/user/.m2/repository/com/fasterxml/jackson/core/jackson-core/2.9.9/jackson-core-2.9.9.jar:/home/user/.m2/repository/com/fasterxml/jackson/module/jackson-module-jaxb-annotations/2.9.9/jackson-module-jaxb-annotations-2.9.9.jar:/home/user/.m2/repository/javax/enterprise/cdi-api/1.2/cdi-api-1.2.jar:/home/user/.m2/repository/javax/el/javax.el-api/3.0.0/javax.el-api-3.0.0.jar:/home/user/.m2/repository/javax/interceptor/javax.interceptor-api/1.2/javax.interceptor-api-1.2.jar:/home/user/.m2/repository/javax/inject/javax.inject/1/javax.inject-1.jar:/home/user/.m2/repository/com/sun/xml/bind/jaxb-impl/2.3.0.1/jaxb-impl-2.3.0.1.jar:/home/user/.m2/repository/com/sun/xml/bind/jaxb-core/2.3.0.1/jaxb-core-2.3.0.1.jar:/home/user/.m2/repository/javax/xml/bind/jaxb-api/2.3.0/jaxb-api-2.3.0.jar:/home/user/.m2/repository/javax/activation/activation/1.1.1/activation-1.1.1.jar:/home/user/.m2/repository/org/apache/hadoop/hadoop-ozone-csi/0.5.0-SNAPSHOT/hadoop-ozone-csi-0.5.0-SNAPSHOT.jar:/home/user/.m2/repository/com/google/protobuf/protobuf-java-util/3.5.1/protobuf-java-util-3.5.1.jar:/home/user/.m2/repository/org/apache/hadoop/hadoop-hdds-config/0.5.0-SNAPSHOT/hadoop-hdds-config-0.5.0-SNAPSHOT.jar:/home/user/.m2/repository/io/grpc/grpc-netty/1.17.1/grpc-netty-1.17.1.jar:/home/user/.m2/repository/io/grpc/grpc-core/1.17.1/grpc-core-1.17.1.jar:/home/user/.m2/repository/io/grpc/grpc-context/1.17.1/grpc-context-1.17.1.jar:/home/user/.m2/repository/com/google/errorprone/error_prone_annotations/2.2.0/error_prone_annotations-2.2.0.jar:/home/user/.m2/repository/org/codehaus/mojo/animal-sniffer-annotations/1.17/animal-sniffer-annotations-1.17.jar:/home/user/.m2/repository/io/opencensus/opencensus-api/0.17.0/opencensus-api-0.17.0.jar:/home/user/.m2/repository/io/opencensus/opencensus-contrib-grpc-metrics/0.17.0/opencensus-contrib-grpc-metrics-0.17.0.jar:/home/user/.m2/repository/io/netty/netty-codec-http2/4.1.30.Final/netty-codec-http2-4.1.30.Final.jar:/home/user/.m2/repository/io/netty/netty-codec-http/4.1.30.Final/netty-codec-http-4.1.30.Final.jar:/home/user/.m2/repository/io/netty/netty-codec/4.1.30.Final/netty-codec-4.1.30.Final.jar:/home/user/.m2/repository/io/netty/netty-handler/4.1.30.Final/netty-handler-4.1.30.Final.jar:/home/user/.m2/repository/io/netty/netty-handler-proxy/4.1.30.Final/netty-handler-proxy-4.1.30.Final.jar:/home/user/.m2/repository/io/netty/netty-codec-socks/4.1.30.Final/netty-codec-socks-4.1.30.Final.jar:/home/user/.m2/repository/io/netty/netty-transport-native-epoll/4.1.30.Final/netty-transport-native-epoll-4.1.30.Final.jar:/home/user/.m2/repository/io/netty/netty-common/4.1.30.Final/netty-common-4.1.30.Final.jar:/home/user/.m2/repository/io/netty/netty-buffer/4.1.30.Final/netty-buffer-4.1.30.Final.jar:/home/user/.m2/repository/io/netty/netty-transport/4.1.30.Final/netty-transport-4.1.30.Final.jar:/home/user/.m2/repository/io/netty/netty-resolver/4.1.30.Final/netty-resolver-4.1.30.Final.jar:/home/user/.m2/repository/io/netty/netty-transport-native-unix-common/4.1.30.Final/netty-transport-native-unix-common-4.1.30.Final.jar:/home/user/.m2/repository/io/grpc/grpc-protobuf/1.17.1/grpc-protobuf-1.17.1.jar:/home/user/.m2/repository/com/google/api/grpc/proto-google-common-protos/1.0.0/proto-google-common-protos-1.0.0.jar:/home/user/.m2/repository/io/grpc/grpc-protobuf-lite/1.17.1/grpc-protobuf-lite-1.17.1.jar:/home/user/.m2/repository/io/grpc/grpc-stub/1.17.1/grpc-stub-1.17.1.jar:/home/user/.m2/repository/org/apache/hadoop/hadoop-ozone-recon/0.5.0-SNAPSHOT/hadoop-ozone-recon-0.5.0-SNAPSHOT.jar:/home/user/.m2/repository/org/apache/hadoop/hadoop-ozone-reconcodegen/0.5.0-SNAPSHOT/hadoop-ozone-reconcodegen-0.5.0-SNAPSHOT.jar:/home/user/.m2/repository/com/google/inject/extensions/guice-multibindings/4.0/guice-multibindings-4.0.jar:/home/user/.m2/repository/com/google/inject/guice/4.0/guice-4.0.jar:/home/user/.m2/repository/aopalliance/aopalliance/1.0/aopalliance-1.0.jar:/home/user/.m2/repository/com/google/inject/extensions/guice-servlet/4.0/guice-servlet-4.0.jar:/home/user/.m2/repository/org/glassfish/jersey/containers/jersey-container-servlet/2.27/jersey-container-servlet-2.27.jar:/home/user/.m2/repository/org/glassfish/hk2/guice-bridge/2.5.0/guice-bridge-2.5.0.jar:/home/user/.m2/repository/org/glassfish/jersey/core/jersey-server/2.27/jersey-server-2.27.jar:/home/user/.m2/repository/org/glassfish/jersey/core/jersey-client/2.27/jersey-client-2.27.jar:/home/user/.m2/repository/org/glassfish/jersey/media/jersey-media-jaxb/2.27/jersey-media-jaxb-2.27.jar:/home/user/.m2/repository/javax/validation/validation-api/1.1.0.Final/validation-api-1.1.0.Final.jar:/home/user/.m2/repository/org/glassfish/jersey/media/jersey-media-json-jackson/2.27/jersey-media-json-jackson-2.27.jar:/home/user/.m2/repository/org/glassfish/jersey/ext/jersey-entity-filtering/2.27/jersey-entity-filtering-2.27.jar:/home/user/.m2/repository/com/google/inject/extensions/guice-assistedinject/4.0/guice-assistedinject-4.0.jar:/home/user/.m2/repository/org/jooq/jooq/3.11.10/jooq-3.11.10.jar:/home/user/.m2/repository/org/jooq/jooq-meta/3.11.10/jooq-meta-3.11.10.jar:/home/user/.m2/repository/org/jooq/jooq-codegen/3.11.10/jooq-codegen-3.11.10.jar:/home/user/.m2/repository/com/jolbox/bonecp/0.8.0.RELEASE/bonecp-0.8.0.RELEASE.jar:/home/user/.m2/repository/org/xerial/sqlite-jdbc/3.25.2/sqlite-jdbc-3.25.2.jar:/home/user/.m2/repository/org/springframework/spring-jdbc/5.1.3.RELEASE/spring-jdbc-5.1.3.RELEASE.jar:/home/user/.m2/repository/org/springframework/spring-beans/5.1.3.RELEASE/spring-beans-5.1.3.RELEASE.jar:/home/user/.m2/repository/org/springframework/spring-core/5.1.3.RELEASE/spring-core-5.1.3.RELEASE.jar:/home/user/.m2/repository/org/springframework/spring-jcl/5.1.3.RELEASE/spring-jcl-5.1.3.RELEASE.jar:/home/user/.m2/repository/org/springframework/spring-tx/5.1.3.RELEASE/spring-tx-5.1.3.RELEASE.jar:/home/user/.m2/repository/org/apache/hadoop/hadoop-ozone-client/0.5.0-SNAPSHOT/hadoop-ozone-client-0.5.0-SNAPSHOT.jar:/home/user/.m2/repository/commons-lang/commons-lang/2.6/commons-lang-2.6.jar:/home/user/.m2/repository/org/apache/hadoop/hadoop-ozone-ozone-manager/0.5.0-SNAPSHOT/hadoop-ozone-ozone-manager-0.5.0-SNAPSHOT-tests.jar:/home/user/.m2/repository/junit/junit/4.11/junit-4.11.jar:/home/user/.m2/repository/org/hamcrest/hamcrest-core/1.3/hamcrest-core-1.3.jar:/home/user/.m2/repository/org/openjdk/jmh/jmh-core/1.19/jmh-core-1.19.jar:/home/user/.m2/repository/net/sf/jopt-simple/jopt-simple/4.6/jopt-simple-4.6.jar:/home/user/.m2/repository/org/apache/commons/commons-math3/3.1.1/commons-math3-3.1.1.jar:/home/user/.m2/repository/org/openjdk/jmh/jmh-generator-annprocess/1.19/jmh-generator-annprocess-1.19.jar:/home/user/.m2/repository/org/mockito/mockito-all/1.8.5/mockito-all-1.8.5.jar:/home/user/.m2/repository/org/apache/hadoop/hadoop-kms/3.2.0/hadoop-kms-3.2.0.jar:/home/user/.m2/repository/org/apache/hadoop/hadoop-auth/3.2.0/hadoop-auth-3.2.0.jar:/home/user/.m2/repository/com/nimbusds/nimbus-jose-jwt/4.41.1/nimbus-jose-jwt-4.41.1.jar:/home/user/.m2/repository/com/github/stephenc/jcip/jcip-annotations/1.0-1/jcip-annotations-1.0-1.jar:/home/user/.m2/repository/net/minidev/json-smart/2.3/json-smart-2.3.jar:/home/user/.m2/repository/net/minidev/accessors-smart/1.2/accessors-smart-1.2.jar:/home/user/.m2/repository/org/ow2/asm/asm/5.0.4/asm-5.0.4.jar:/home/user/.m2/repository/org/apache/curator/curator-framework/2.12.0/curator-framework-2.12.0.jar:/home/user/.m2/repository/com/sun/jersey/jersey-core/1.19/jersey-core-1.19.jar:/home/user/.m2/repository/javax/ws/rs/jsr311-api/1.1.1/jsr311-api-1.1.1.jar:/home/user/.m2/repository/com/sun/jersey/jersey-server/1.19/jersey-server-1.19.jar:/home/user/.m2/repository/javax/servlet/javax.servlet-api/3.1.0/javax.servlet-api-3.1.0.jar:/home/user/.m2/repository/org/eclipse/jetty/jetty-server/9.3.25.v20180904/jetty-server-9.3.25.v20180904.jar:/home/user/.m2/repository/org/eclipse/jetty/jetty-http/9.3.25.v20180904/jetty-http-9.3.25.v20180904.jar:/home/user/.m2/repository/org/eclipse/jetty/jetty-io/9.3.25.v20180904/jetty-io-9.3.25.v20180904.jar:/home/user/.m2/repository/org/eclipse/jetty/jetty-webapp/9.3.25.v20180904/jetty-webapp-9.3.25.v20180904.jar:/home/user/.m2/repository/org/eclipse/jetty/jetty-xml/9.3.25.v20180904/jetty-xml-9.3.25.v20180904.jar:/home/user/.m2/repository/log4j/log4j/1.2.17/log4j-1.2.17.jar:/home/user/.m2/repository/org/slf4j/slf4j-api/1.7.25/slf4j-api-1.7.25.jar:/home/user/.m2/repository/org/slf4j/jul-to-slf4j/1.7.25/jul-to-slf4j-1.7.25.jar:/home/user/.m2/repository/org/eclipse/jetty/jetty-util/9.3.25.v20180904/jetty-util-9.3.25.v20180904.jar:/home/user/.m2/repository/com/fasterxml/jackson/core/jackson-databind/2.9.9/jackson-databind-2.9.9.jar:/home/user/.m2/repository/org/apache/hadoop/hadoop-kms/3.2.0/hadoop-kms-3.2.0-tests.jar:/home/user/.m2/repository/org/apache/hadoop/hadoop-hdds-server-scm/0.5.0-SNAPSHOT/hadoop-hdds-server-scm-0.5.0-SNAPSHOT-tests.jar:/home/user/.m2/repository/org/apache/hadoop/hadoop-hdds-container-service/0.5.0-SNAPSHOT/hadoop-hdds-container-service-0.5.0-SNAPSHOT-tests.jar:/home/user/.m2/repository/org/yaml/snakeyaml/1.16/snakeyaml-1.16.jar:/home/user/.m2/repository/org/apache/hadoop/hadoop-common/3.2.0/hadoop-common-3.2.0-tests.jar:/home/user/.m2/repository/org/apache/hadoop/hadoop-annotations/3.2.0/hadoop-annotations-3.2.0.jar:/usr/lib/jvm/java-1.8-openjdk/jre/../lib/tools.jar:/home/user/.m2/repository/commons-cli/commons-cli/1.2/commons-cli-1.2.jar:/home/user/.m2/repository/org/apache/httpcomponents/httpclient/4.5.2/httpclient-4.5.2.jar:/home/user/.m2/repository/org/apache/httpcomponents/httpcore/4.4.4/httpcore-4.4.4.jar:/home/user/.m2/repository/commons-codec/commons-codec/1.11/commons-codec-1.11.jar:/home/user/.m2/repository/commons-net/commons-net/3.6/commons-net-3.6.jar:/home/user/.m2/repository/commons-collections/commons-collections/3.2.2/commons-collections-3.2.2.jar:/home/user/.m2/repository/org/eclipse/jetty/jetty-servlet/9.3.25.v20180904/jetty-servlet-9.3.25.v20180904.jar:/home/user/.m2/repository/org/eclipse/jetty/jetty-security/9.3.25.v20180904/jetty-security-9.3.25.v20180904.jar:/home/user/.m2/repository/javax/servlet/jsp/jsp-api/2.1/jsp-api-2.1.jar:/home/user/.m2/repository/com/sun/jersey/jersey-servlet/1.19/jersey-servlet-1.19.jar:/home/user/.m2/repository/com/sun/jersey/jersey-json/1.19/jersey-json-1.19.jar:/home/user/.m2/repository/org/codehaus/jettison/jettison/1.1/jettison-1.1.jar:/home/user/.m2/repository/org/codehaus/jackson/jackson-core-asl/1.9.13/jackson-core-asl-1.9.13.jar:/home/user/.m2/repository/org/codehaus/jackson/jackson-mapper-asl/1.9.13/jackson-mapper-asl-1.9.13.jar:/home/user/.m2/repository/org/codehaus/jackson/jackson-jaxrs/1.9.13/jackson-jaxrs-1.9.13.jar:/home/user/.m2/repository/org/codehaus/jackson/jackson-xc/1.9.13/jackson-xc-1.9.13.jar:/home/user/.m2/repository/commons-logging/commons-logging/1.1.3/commons-logging-1.1.3.jar:/home/user/.m2/repository/commons-beanutils/commons-beanutils/1.9.4/commons-beanutils-1.9.4.jar:/home/user/.m2/repository/org/apache/commons/commons-configuration2/2.1.1/commons-configuration2-2.1.1.jar:/home/user/.m2/repository/org/apache/commons/commons-lang3/3.7/commons-lang3-3.7.jar:/home/user/.m2/repository/org/apache/commons/commons-text/1.4/commons-text-1.4.jar:/home/user/.m2/repository/org/apache/avro/avro/1.7.7/avro-1.7.7.jar:/home/user/.m2/repository/com/thoughtworks/paranamer/paranamer/2.3/paranamer-2.3.jar:/home/user/.m2/repository/org/xerial/snappy/snappy-java/1.0.5/snappy-java-1.0.5.jar:/home/user/.m2/repository/com/google/re2j/re2j/1.1/re2j-1.1.jar:/home/user/.m2/repository/com/google/code/gson/gson/2.2.4/gson-2.2.4.jar:/home/user/.m2/repository/com/jcraft/jsch/0.1.54/jsch-0.1.54.jar:/home/user/.m2/repository/org/apache/curator/curator-client/2.12.0/curator-client-2.12.0.jar:/home/user/.m2/repository/org/apache/curator/curator-recipes/2.12.0/curator-recipes-2.12.0.jar:/home/user/.m2/repository/com/google/code/findbugs/jsr305/3.0.0/jsr305-3.0.0.jar:/home/user/.m2/repository/org/apache/htrace/htrace-core4/4.1.0-incubating/htrace-core4-4.1.0-incubating.jar:/home/user/.m2/repository/org/apache/zookeeper/zookeeper/3.4.13/zookeeper-3.4.13.jar:/home/user/.m2/repository/jline/jline/0.9.94/jline-0.9.94.jar:/home/user/.m2/repository/org/apache/yetus/audience-annotations/0.5.0/audience-annotations-0.5.0.jar:/home/user/.m2/repository/org/codehaus/woodstox/stax2-api/3.1.4/stax2-api-3.1.4.jar:/home/user/.m2/repository/com/fasterxml/woodstox/woodstox-core/5.0.3/woodstox-core-5.0.3.jar:/home/user/.m2/repository/dnsjava/dnsjava/2.1.7/dnsjava-2.1.7.jar:/home/user/.m2/repository/org/apache/hadoop/hadoop-hdfs/3.2.0/hadoop-hdfs-3.2.0-tests.jar:/home/user/.m2/repository/org/eclipse/jetty/jetty-util-ajax/9.3.25.v20180904/jetty-util-ajax-9.3.25.v20180904.jar:/home/user/.m2/repository/commons-daemon/commons-daemon/1.0.13/commons-daemon-1.0.13.jar:/home/user/.m2/repository/io/netty/netty/3.10.5.Final/netty-3.10.5.Final.jar:/home/user/.m2/repository/io/netty/netty-all/4.0.52.Final/netty-all-4.0.52.Final.jar:/home/user/.m2/repository/org/fusesource/leveldbjni/leveldbjni-all/1.8/leveldbjni-all-1.8.jar:"/>
    <property name="java.vm.vendor" value="IcedTea"/>
    <property name="sun.arch.data.model" value="64"/>
    <property name="test.build.dir" value="/workdir/hadoop-ozone/integration-test/target/test-dir"/>
    <property name="test.cache.data" value=""/>
    <property name="java.vendor.url" value="https://icedtea.classpath.org"/>
    <property name="user.timezone" value=""/>
    <property name="java.vm.specification.version" value="1.8"/>
    <property name="os.name" value="Linux"/>
    <property name="test.build.data" value="/workdir/hadoop-ozone/integration-test/target/test-dir"/>
    <property name="user.country" value="US"/>
    <property name="sun.java.launcher" value="SUN_STANDARD"/>
    <property name="sun.boot.library.path" value="/usr/lib/jvm/java-1.8-openjdk/jre/lib/amd64"/>
    <property name="sun.java.command" value="/workdir/hadoop-ozone/integration-test/target/surefire/surefirebooter5479239176419719408.jar /workdir/hadoop-ozone/integration-test/target/surefire 2019-10-02T21-38-28_196-jvmRun1 surefire8159124921620353178tmp surefire_552683882890650960898tmp"/>
    <property name="test" value="!TestMiniChaosOzoneCluster"/>
    <property name="surefire.test.class.path" value="/workdir/hadoop-ozone/integration-test/target/test-classes:/workdir/hadoop-ozone/integration-test/target/classes:/home/user/.m2/repository/org/apache/hadoop/hadoop-ozone-common/0.5.0-SNAPSHOT/hadoop-ozone-common-0.5.0-SNAPSHOT.jar:/home/user/.m2/repository/org/apache/commons/commons-compress/1.4.1/commons-compress-1.4.1.jar:/home/user/.m2/repository/org/tukaani/xz/1.0/xz-1.0.jar:/home/user/.m2/repository/org/apache/hadoop/hadoop-common/3.2.0/hadoop-common-3.2.0.jar:/home/user/.m2/repository/org/apache/hadoop/hadoop-hdfs/3.2.0/hadoop-hdfs-3.2.0.jar:/home/user/.m2/repository/org/apache/hadoop/hadoop-hdfs-client/3.2.0/hadoop-hdfs-client-3.2.0.jar:/home/user/.m2/repository/com/fasterxml/jackson/core/jackson-annotations/2.9.9/jackson-annotations-2.9.9.jar:/home/user/.m2/repository/org/apache/hadoop/hadoop-hdds-common/0.5.0-SNAPSHOT/hadoop-hdds-common-0.5.0-SNAPSHOT.jar:/home/user/.m2/repository/javax/annotation/javax.annotation-api/1.2/javax.annotation-api-1.2.jar:/home/user/.m2/repository/org/apache/ratis/ratis-server/0.5.0-201fc85-SNAPSHOT/ratis-server-0.5.0-201fc85-SNAPSHOT.jar:/home/user/.m2/repository/org/apache/ratis/ratis-thirdparty-misc/0.2.0/ratis-thirdparty-misc-0.2.0.jar:/home/user/.m2/repository/org/apache/ratis/ratis-proto/0.5.0-201fc85-SNAPSHOT/ratis-proto-0.5.0-201fc85-SNAPSHOT.jar:/home/user/.m2/repository/org/apache/ratis/ratis-common/0.5.0-201fc85-SNAPSHOT/ratis-common-0.5.0-201fc85-SNAPSHOT.jar:/home/user/.m2/repository/org/apache/ratis/ratis-client/0.5.0-201fc85-SNAPSHOT/ratis-client-0.5.0-201fc85-SNAPSHOT.jar:/home/user/.m2/repository/org/apache/ratis/ratis-metrics/0.5.0-201fc85-SNAPSHOT/ratis-metrics-0.5.0-201fc85-SNAPSHOT.jar:/home/user/.m2/repository/com/github/joshelser/dropwizard-metrics-hadoop-metrics2-reporter/0.1.2/dropwizard-metrics-hadoop-metrics2-reporter-0.1.2.jar:/home/user/.m2/repository/io/dropwizard/metrics/metrics-jvm/3.2.5/metrics-jvm-3.2.5.jar:/home/user/.m2/repository/io/dropwizard/metrics/metrics-ganglia/3.2.5/metrics-ganglia-3.2.5.jar:/home/user/.m2/repository/info/ganglia/gmetric4j/gmetric4j/1.0.7/gmetric4j-1.0.7.jar:/home/user/.m2/repository/org/apache/ratis/ratis-netty/0.5.0-201fc85-SNAPSHOT/ratis-netty-0.5.0-201fc85-SNAPSHOT.jar:/home/user/.m2/repository/org/apache/ratis/ratis-grpc/0.5.0-201fc85-SNAPSHOT/ratis-grpc-0.5.0-201fc85-SNAPSHOT.jar:/home/user/.m2/repository/org/rocksdb/rocksdbjni/6.0.1/rocksdbjni-6.0.1.jar:/home/user/.m2/repository/org/apache/logging/log4j/log4j-api/2.11.0/log4j-api-2.11.0.jar:/home/user/.m2/repository/org/apache/logging/log4j/log4j-core/2.11.0/log4j-core-2.11.0.jar:/home/user/.m2/repository/com/lmax/disruptor/3.4.2/disruptor-3.4.2.jar:/home/user/.m2/repository/org/apache/commons/commons-pool2/2.6.0/commons-pool2-2.6.0.jar:/home/user/.m2/repository/org/bouncycastle/bcpkix-jdk15on/1.60/bcpkix-jdk15on-1.60.jar:/home/user/.m2/repository/commons-validator/commons-validator/1.6/commons-validator-1.6.jar:/home/user/.m2/repository/commons-digester/commons-digester/1.8.1/commons-digester-1.8.1.jar:/home/user/.m2/repository/io/jaegertracing/jaeger-client/0.34.0/jaeger-client-0.34.0.jar:/home/user/.m2/repository/io/jaegertracing/jaeger-thrift/0.34.0/jaeger-thrift-0.34.0.jar:/home/user/.m2/repository/org/apache/thrift/libthrift/0.12.0/libthrift-0.12.0.jar:/home/user/.m2/repository/com/squareup/okhttp3/okhttp/3.9.0/okhttp-3.9.0.jar:/home/user/.m2/repository/com/squareup/okio/okio/1.13.0/okio-1.13.0.jar:/home/user/.m2/repository/io/jaegertracing/jaeger-core/0.34.0/jaeger-core-0.34.0.jar:/home/user/.m2/repository/io/jaegertracing/jaeger-tracerresolver/0.34.0/jaeger-tracerresolver-0.34.0.jar:/home/user/.m2/repository/io/opentracing/contrib/opentracing-tracerresolver/0.1.5/opentracing-tracerresolver-0.1.5.jar:/home/user/.m2/repository/io/opentracing/opentracing-util/0.31.0/opentracing-util-0.31.0.jar:/home/user/.m2/repository/io/opentracing/opentracing-api/0.31.0/opentracing-api-0.31.0.jar:/home/user/.m2/repository/io/opentracing/opentracing-noop/0.31.0/opentracing-noop-0.31.0.jar:/home/user/.m2/repository/org/apache/hadoop/hadoop-hdds-server-framework/0.5.0-SNAPSHOT/hadoop-hdds-server-framework-0.5.0-SNAPSHOT.jar:/home/user/.m2/repository/org/apache/hadoop/hadoop-hdds-container-service/0.5.0-SNAPSHOT/hadoop-hdds-container-service-0.5.0-SNAPSHOT.jar:/home/user/.m2/repository/org/apache/hadoop/hadoop-hdds-client/0.5.0-SNAPSHOT/hadoop-hdds-client-0.5.0-SNAPSHOT.jar:/home/user/.m2/repository/org/apache/hadoop/hadoop-hdds-tools/0.5.0-SNAPSHOT/hadoop-hdds-tools-0.5.0-SNAPSHOT.jar:/home/user/.m2/repository/org/apache/hadoop/hadoop-hdds-server-scm/0.5.0-SNAPSHOT/hadoop-hdds-server-scm-0.5.0-SNAPSHOT.jar:/home/user/.m2/repository/org/apache/hadoop/hadoop-hdds-docs/0.5.0-SNAPSHOT/hadoop-hdds-docs-0.5.0-SNAPSHOT.jar:/home/user/.m2/repository/io/dropwizard/metrics/metrics-core/3.2.4/metrics-core-3.2.4.jar:/home/user/.m2/repository/org/hamcrest/hamcrest-all/1.3/hamcrest-all-1.3.jar:/home/user/.m2/repository/org/bouncycastle/bcprov-jdk15on/1.60/bcprov-jdk15on-1.60.jar:/home/user/.m2/repository/info/picocli/picocli/3.9.6/picocli-3.9.6.jar:/home/user/.m2/repository/com/google/protobuf/protobuf-java/2.5.0/protobuf-java-2.5.0.jar:/home/user/.m2/repository/com/google/guava/guava/11.0.2/guava-11.0.2.jar:/home/user/.m2/repository/org/apache/hadoop/hadoop-ozone-ozone-manager/0.5.0-SNAPSHOT/hadoop-ozone-ozone-manager-0.5.0-SNAPSHOT.jar:/home/user/.m2/repository/org/apache/hadoop/hadoop-minikdc/3.2.0/hadoop-minikdc-3.2.0.jar:/home/user/.m2/repository/commons-io/commons-io/2.5/commons-io-2.5.jar:/home/user/.m2/repository/org/apache/kerby/kerb-simplekdc/1.0.1/kerb-simplekdc-1.0.1.jar:/home/user/.m2/repository/org/apache/kerby/kerb-client/1.0.1/kerb-client-1.0.1.jar:/home/user/.m2/repository/org/apache/kerby/kerby-config/1.0.1/kerby-config-1.0.1.jar:/home/user/.m2/repository/org/apache/kerby/kerb-core/1.0.1/kerb-core-1.0.1.jar:/home/user/.m2/repository/org/apache/kerby/kerby-pkix/1.0.1/kerby-pkix-1.0.1.jar:/home/user/.m2/repository/org/apache/kerby/kerby-asn1/1.0.1/kerby-asn1-1.0.1.jar:/home/user/.m2/repository/org/apache/kerby/kerby-util/1.0.1/kerby-util-1.0.1.jar:/home/user/.m2/repository/org/apache/kerby/kerb-common/1.0.1/kerb-common-1.0.1.jar:/home/user/.m2/repository/org/apache/kerby/kerb-crypto/1.0.1/kerb-crypto-1.0.1.jar:/home/user/.m2/repository/org/apache/kerby/kerb-util/1.0.1/kerb-util-1.0.1.jar:/home/user/.m2/repository/org/apache/kerby/token-provider/1.0.1/token-provider-1.0.1.jar:/home/user/.m2/repository/org/apache/kerby/kerb-admin/1.0.1/kerb-admin-1.0.1.jar:/home/user/.m2/repository/org/apache/kerby/kerb-server/1.0.1/kerb-server-1.0.1.jar:/home/user/.m2/repository/org/apache/kerby/kerb-identity/1.0.1/kerb-identity-1.0.1.jar:/home/user/.m2/repository/org/apache/kerby/kerby-xdr/1.0.1/kerby-xdr-1.0.1.jar:/home/user/.m2/repository/org/slf4j/slf4j-log4j12/1.7.25/slf4j-log4j12-1.7.25.jar:/home/user/.m2/repository/org/apache/hadoop/hadoop-ozone-s3gateway/0.5.0-SNAPSHOT/hadoop-ozone-s3gateway-0.5.0-SNAPSHOT.jar:/home/user/.m2/repository/org/jboss/weld/servlet/weld-servlet/2.4.7.Final/weld-servlet-2.4.7.Final.jar:/home/user/.m2/repository/org/glassfish/jersey/containers/jersey-container-servlet-core/2.27/jersey-container-servlet-core-2.27.jar:/home/user/.m2/repository/org/glassfish/hk2/external/javax.inject/2.5.0-b42/javax.inject-2.5.0-b42.jar:/home/user/.m2/repository/org/glassfish/jersey/core/jersey-common/2.27/jersey-common-2.27.jar:/home/user/.m2/repository/org/glassfish/hk2/osgi-resource-locator/1.0.1/osgi-resource-locator-1.0.1.jar:/home/user/.m2/repository/javax/ws/rs/javax.ws.rs-api/2.1/javax.ws.rs-api-2.1.jar:/home/user/.m2/repository/org/glassfish/jersey/ext/cdi/jersey-cdi1x/2.27/jersey-cdi1x-2.27.jar:/home/user/.m2/repository/org/glassfish/jersey/inject/jersey-hk2/2.27/jersey-hk2-2.27.jar:/home/user/.m2/repository/org/glassfish/hk2/hk2-locator/2.5.0-b42/hk2-locator-2.5.0-b42.jar:/home/user/.m2/repository/org/javassist/javassist/3.22.0-CR2/javassist-3.22.0-CR2.jar:/home/user/.m2/repository/org/glassfish/hk2/hk2-api/2.5.0/hk2-api-2.5.0.jar:/home/user/.m2/repository/org/glassfish/hk2/external/jakarta.inject/2.5.0/jakarta.inject-2.5.0.jar:/home/user/.m2/repository/org/glassfish/hk2/hk2-utils/2.5.0/hk2-utils-2.5.0.jar:/home/user/.m2/repository/jakarta/annotation/jakarta.annotation-api/1.3.4/jakarta.annotation-api-1.3.4.jar:/home/user/.m2/repository/org/glassfish/hk2/external/aopalliance-repackaged/2.5.0/aopalliance-repackaged-2.5.0.jar:/home/user/.m2/repository/com/fasterxml/jackson/dataformat/jackson-dataformat-xml/2.9.0/jackson-dataformat-xml-2.9.0.jar:/home/user/.m2/repository/com/fasterxml/jackson/core/jackson-core/2.9.9/jackson-core-2.9.9.jar:/home/user/.m2/repository/com/fasterxml/jackson/module/jackson-module-jaxb-annotations/2.9.9/jackson-module-jaxb-annotations-2.9.9.jar:/home/user/.m2/repository/javax/enterprise/cdi-api/1.2/cdi-api-1.2.jar:/home/user/.m2/repository/javax/el/javax.el-api/3.0.0/javax.el-api-3.0.0.jar:/home/user/.m2/repository/javax/interceptor/javax.interceptor-api/1.2/javax.interceptor-api-1.2.jar:/home/user/.m2/repository/javax/inject/javax.inject/1/javax.inject-1.jar:/home/user/.m2/repository/com/sun/xml/bind/jaxb-impl/2.3.0.1/jaxb-impl-2.3.0.1.jar:/home/user/.m2/repository/com/sun/xml/bind/jaxb-core/2.3.0.1/jaxb-core-2.3.0.1.jar:/home/user/.m2/repository/javax/xml/bind/jaxb-api/2.3.0/jaxb-api-2.3.0.jar:/home/user/.m2/repository/javax/activation/activation/1.1.1/activation-1.1.1.jar:/home/user/.m2/repository/org/apache/hadoop/hadoop-ozone-csi/0.5.0-SNAPSHOT/hadoop-ozone-csi-0.5.0-SNAPSHOT.jar:/home/user/.m2/repository/com/google/protobuf/protobuf-java-util/3.5.1/protobuf-java-util-3.5.1.jar:/home/user/.m2/repository/org/apache/hadoop/hadoop-hdds-config/0.5.0-SNAPSHOT/hadoop-hdds-config-0.5.0-SNAPSHOT.jar:/home/user/.m2/repository/io/grpc/grpc-netty/1.17.1/grpc-netty-1.17.1.jar:/home/user/.m2/repository/io/grpc/grpc-core/1.17.1/grpc-core-1.17.1.jar:/home/user/.m2/repository/io/grpc/grpc-context/1.17.1/grpc-context-1.17.1.jar:/home/user/.m2/repository/com/google/errorprone/error_prone_annotations/2.2.0/error_prone_annotations-2.2.0.jar:/home/user/.m2/repository/org/codehaus/mojo/animal-sniffer-annotations/1.17/animal-sniffer-annotations-1.17.jar:/home/user/.m2/repository/io/opencensus/opencensus-api/0.17.0/opencensus-api-0.17.0.jar:/home/user/.m2/repository/io/opencensus/opencensus-contrib-grpc-metrics/0.17.0/opencensus-contrib-grpc-metrics-0.17.0.jar:/home/user/.m2/repository/io/netty/netty-codec-http2/4.1.30.Final/netty-codec-http2-4.1.30.Final.jar:/home/user/.m2/repository/io/netty/netty-codec-http/4.1.30.Final/netty-codec-http-4.1.30.Final.jar:/home/user/.m2/repository/io/netty/netty-codec/4.1.30.Final/netty-codec-4.1.30.Final.jar:/home/user/.m2/repository/io/netty/netty-handler/4.1.30.Final/netty-handler-4.1.30.Final.jar:/home/user/.m2/repository/io/netty/netty-handler-proxy/4.1.30.Final/netty-handler-proxy-4.1.30.Final.jar:/home/user/.m2/repository/io/netty/netty-codec-socks/4.1.30.Final/netty-codec-socks-4.1.30.Final.jar:/home/user/.m2/repository/io/netty/netty-transport-native-epoll/4.1.30.Final/netty-transport-native-epoll-4.1.30.Final.jar:/home/user/.m2/repository/io/netty/netty-common/4.1.30.Final/netty-common-4.1.30.Final.jar:/home/user/.m2/repository/io/netty/netty-buffer/4.1.30.Final/netty-buffer-4.1.30.Final.jar:/home/user/.m2/repository/io/netty/netty-transport/4.1.30.Final/netty-transport-4.1.30.Final.jar:/home/user/.m2/repository/io/netty/netty-resolver/4.1.30.Final/netty-resolver-4.1.30.Final.jar:/home/user/.m2/repository/io/netty/netty-transport-native-unix-common/4.1.30.Final/netty-transport-native-unix-common-4.1.30.Final.jar:/home/user/.m2/repository/io/grpc/grpc-protobuf/1.17.1/grpc-protobuf-1.17.1.jar:/home/user/.m2/repository/com/google/api/grpc/proto-google-common-protos/1.0.0/proto-google-common-protos-1.0.0.jar:/home/user/.m2/repository/io/grpc/grpc-protobuf-lite/1.17.1/grpc-protobuf-lite-1.17.1.jar:/home/user/.m2/repository/io/grpc/grpc-stub/1.17.1/grpc-stub-1.17.1.jar:/home/user/.m2/repository/org/apache/hadoop/hadoop-ozone-recon/0.5.0-SNAPSHOT/hadoop-ozone-recon-0.5.0-SNAPSHOT.jar:/home/user/.m2/repository/org/apache/hadoop/hadoop-ozone-reconcodegen/0.5.0-SNAPSHOT/hadoop-ozone-reconcodegen-0.5.0-SNAPSHOT.jar:/home/user/.m2/repository/com/google/inject/extensions/guice-multibindings/4.0/guice-multibindings-4.0.jar:/home/user/.m2/repository/com/google/inject/guice/4.0/guice-4.0.jar:/home/user/.m2/repository/aopalliance/aopalliance/1.0/aopalliance-1.0.jar:/home/user/.m2/repository/com/google/inject/extensions/guice-servlet/4.0/guice-servlet-4.0.jar:/home/user/.m2/repository/org/glassfish/jersey/containers/jersey-container-servlet/2.27/jersey-container-servlet-2.27.jar:/home/user/.m2/repository/org/glassfish/hk2/guice-bridge/2.5.0/guice-bridge-2.5.0.jar:/home/user/.m2/repository/org/glassfish/jersey/core/jersey-server/2.27/jersey-server-2.27.jar:/home/user/.m2/repository/org/glassfish/jersey/core/jersey-client/2.27/jersey-client-2.27.jar:/home/user/.m2/repository/org/glassfish/jersey/media/jersey-media-jaxb/2.27/jersey-media-jaxb-2.27.jar:/home/user/.m2/repository/javax/validation/validation-api/1.1.0.Final/validation-api-1.1.0.Final.jar:/home/user/.m2/repository/org/glassfish/jersey/media/jersey-media-json-jackson/2.27/jersey-media-json-jackson-2.27.jar:/home/user/.m2/repository/org/glassfish/jersey/ext/jersey-entity-filtering/2.27/jersey-entity-filtering-2.27.jar:/home/user/.m2/repository/com/google/inject/extensions/guice-assistedinject/4.0/guice-assistedinject-4.0.jar:/home/user/.m2/repository/org/jooq/jooq/3.11.10/jooq-3.11.10.jar:/home/user/.m2/repository/org/jooq/jooq-meta/3.11.10/jooq-meta-3.11.10.jar:/home/user/.m2/repository/org/jooq/jooq-codegen/3.11.10/jooq-codegen-3.11.10.jar:/home/user/.m2/repository/com/jolbox/bonecp/0.8.0.RELEASE/bonecp-0.8.0.RELEASE.jar:/home/user/.m2/repository/org/xerial/sqlite-jdbc/3.25.2/sqlite-jdbc-3.25.2.jar:/home/user/.m2/repository/org/springframework/spring-jdbc/5.1.3.RELEASE/spring-jdbc-5.1.3.RELEASE.jar:/home/user/.m2/repository/org/springframework/spring-beans/5.1.3.RELEASE/spring-beans-5.1.3.RELEASE.jar:/home/user/.m2/repository/org/springframework/spring-core/5.1.3.RELEASE/spring-core-5.1.3.RELEASE.jar:/home/user/.m2/repository/org/springframework/spring-jcl/5.1.3.RELEASE/spring-jcl-5.1.3.RELEASE.jar:/home/user/.m2/repository/org/springframework/spring-tx/5.1.3.RELEASE/spring-tx-5.1.3.RELEASE.jar:/home/user/.m2/repository/org/apache/hadoop/hadoop-ozone-client/0.5.0-SNAPSHOT/hadoop-ozone-client-0.5.0-SNAPSHOT.jar:/home/user/.m2/repository/commons-lang/commons-lang/2.6/commons-lang-2.6.jar:/home/user/.m2/repository/org/apache/hadoop/hadoop-ozone-ozone-manager/0.5.0-SNAPSHOT/hadoop-ozone-ozone-manager-0.5.0-SNAPSHOT-tests.jar:/home/user/.m2/repository/junit/junit/4.11/junit-4.11.jar:/home/user/.m2/repository/org/hamcrest/hamcrest-core/1.3/hamcrest-core-1.3.jar:/home/user/.m2/repository/org/openjdk/jmh/jmh-core/1.19/jmh-core-1.19.jar:/home/user/.m2/repository/net/sf/jopt-simple/jopt-simple/4.6/jopt-simple-4.6.jar:/home/user/.m2/repository/org/apache/commons/commons-math3/3.1.1/commons-math3-3.1.1.jar:/home/user/.m2/repository/org/openjdk/jmh/jmh-generator-annprocess/1.19/jmh-generator-annprocess-1.19.jar:/home/user/.m2/repository/org/mockito/mockito-all/1.8.5/mockito-all-1.8.5.jar:/home/user/.m2/repository/org/apache/hadoop/hadoop-kms/3.2.0/hadoop-kms-3.2.0.jar:/home/user/.m2/repository/org/apache/hadoop/hadoop-auth/3.2.0/hadoop-auth-3.2.0.jar:/home/user/.m2/repository/com/nimbusds/nimbus-jose-jwt/4.41.1/nimbus-jose-jwt-4.41.1.jar:/home/user/.m2/repository/com/github/stephenc/jcip/jcip-annotations/1.0-1/jcip-annotations-1.0-1.jar:/home/user/.m2/repository/net/minidev/json-smart/2.3/json-smart-2.3.jar:/home/user/.m2/repository/net/minidev/accessors-smart/1.2/accessors-smart-1.2.jar:/home/user/.m2/repository/org/ow2/asm/asm/5.0.4/asm-5.0.4.jar:/home/user/.m2/repository/org/apache/curator/curator-framework/2.12.0/curator-framework-2.12.0.jar:/home/user/.m2/repository/com/sun/jersey/jersey-core/1.19/jersey-core-1.19.jar:/home/user/.m2/repository/javax/ws/rs/jsr311-api/1.1.1/jsr311-api-1.1.1.jar:/home/user/.m2/repository/com/sun/jersey/jersey-server/1.19/jersey-server-1.19.jar:/home/user/.m2/repository/javax/servlet/javax.servlet-api/3.1.0/javax.servlet-api-3.1.0.jar:/home/user/.m2/repository/org/eclipse/jetty/jetty-server/9.3.25.v20180904/jetty-server-9.3.25.v20180904.jar:/home/user/.m2/repository/org/eclipse/jetty/jetty-http/9.3.25.v20180904/jetty-http-9.3.25.v20180904.jar:/home/user/.m2/repository/org/eclipse/jetty/jetty-io/9.3.25.v20180904/jetty-io-9.3.25.v20180904.jar:/home/user/.m2/repository/org/eclipse/jetty/jetty-webapp/9.3.25.v20180904/jetty-webapp-9.3.25.v20180904.jar:/home/user/.m2/repository/org/eclipse/jetty/jetty-xml/9.3.25.v20180904/jetty-xml-9.3.25.v20180904.jar:/home/user/.m2/repository/log4j/log4j/1.2.17/log4j-1.2.17.jar:/home/user/.m2/repository/org/slf4j/slf4j-api/1.7.25/slf4j-api-1.7.25.jar:/home/user/.m2/repository/org/slf4j/jul-to-slf4j/1.7.25/jul-to-slf4j-1.7.25.jar:/home/user/.m2/repository/org/eclipse/jetty/jetty-util/9.3.25.v20180904/jetty-util-9.3.25.v20180904.jar:/home/user/.m2/repository/com/fasterxml/jackson/core/jackson-databind/2.9.9/jackson-databind-2.9.9.jar:/home/user/.m2/repository/org/apache/hadoop/hadoop-kms/3.2.0/hadoop-kms-3.2.0-tests.jar:/home/user/.m2/repository/org/apache/hadoop/hadoop-hdds-server-scm/0.5.0-SNAPSHOT/hadoop-hdds-server-scm-0.5.0-SNAPSHOT-tests.jar:/home/user/.m2/repository/org/apache/hadoop/hadoop-hdds-container-service/0.5.0-SNAPSHOT/hadoop-hdds-container-service-0.5.0-SNAPSHOT-tests.jar:/home/user/.m2/repository/org/yaml/snakeyaml/1.16/snakeyaml-1.16.jar:/home/user/.m2/repository/org/apache/hadoop/hadoop-common/3.2.0/hadoop-common-3.2.0-tests.jar:/home/user/.m2/repository/org/apache/hadoop/hadoop-annotations/3.2.0/hadoop-annotations-3.2.0.jar:/usr/lib/jvm/java-1.8-openjdk/jre/../lib/tools.jar:/home/user/.m2/repository/commons-cli/commons-cli/1.2/commons-cli-1.2.jar:/home/user/.m2/repository/org/apache/httpcomponents/httpclient/4.5.2/httpclient-4.5.2.jar:/home/user/.m2/repository/org/apache/httpcomponents/httpcore/4.4.4/httpcore-4.4.4.jar:/home/user/.m2/repository/commons-codec/commons-codec/1.11/commons-codec-1.11.jar:/home/user/.m2/repository/commons-net/commons-net/3.6/commons-net-3.6.jar:/home/user/.m2/repository/commons-collections/commons-collections/3.2.2/commons-collections-3.2.2.jar:/home/user/.m2/repository/org/eclipse/jetty/jetty-servlet/9.3.25.v20180904/jetty-servlet-9.3.25.v20180904.jar:/home/user/.m2/repository/org/eclipse/jetty/jetty-security/9.3.25.v20180904/jetty-security-9.3.25.v20180904.jar:/home/user/.m2/repository/javax/servlet/jsp/jsp-api/2.1/jsp-api-2.1.jar:/home/user/.m2/repository/com/sun/jersey/jersey-servlet/1.19/jersey-servlet-1.19.jar:/home/user/.m2/repository/com/sun/jersey/jersey-json/1.19/jersey-json-1.19.jar:/home/user/.m2/repository/org/codehaus/jettison/jettison/1.1/jettison-1.1.jar:/home/user/.m2/repository/org/codehaus/jackson/jackson-core-asl/1.9.13/jackson-core-asl-1.9.13.jar:/home/user/.m2/repository/org/codehaus/jackson/jackson-mapper-asl/1.9.13/jackson-mapper-asl-1.9.13.jar:/home/user/.m2/repository/org/codehaus/jackson/jackson-jaxrs/1.9.13/jackson-jaxrs-1.9.13.jar:/home/user/.m2/repository/org/codehaus/jackson/jackson-xc/1.9.13/jackson-xc-1.9.13.jar:/home/user/.m2/repository/commons-logging/commons-logging/1.1.3/commons-logging-1.1.3.jar:/home/user/.m2/repository/commons-beanutils/commons-beanutils/1.9.4/commons-beanutils-1.9.4.jar:/home/user/.m2/repository/org/apache/commons/commons-configuration2/2.1.1/commons-configuration2-2.1.1.jar:/home/user/.m2/repository/org/apache/commons/commons-lang3/3.7/commons-lang3-3.7.jar:/home/user/.m2/repository/org/apache/commons/commons-text/1.4/commons-text-1.4.jar:/home/user/.m2/repository/org/apache/avro/avro/1.7.7/avro-1.7.7.jar:/home/user/.m2/repository/com/thoughtworks/paranamer/paranamer/2.3/paranamer-2.3.jar:/home/user/.m2/repository/org/xerial/snappy/snappy-java/1.0.5/snappy-java-1.0.5.jar:/home/user/.m2/repository/com/google/re2j/re2j/1.1/re2j-1.1.jar:/home/user/.m2/repository/com/google/code/gson/gson/2.2.4/gson-2.2.4.jar:/home/user/.m2/repository/com/jcraft/jsch/0.1.54/jsch-0.1.54.jar:/home/user/.m2/repository/org/apache/curator/curator-client/2.12.0/curator-client-2.12.0.jar:/home/user/.m2/repository/org/apache/curator/curator-recipes/2.12.0/curator-recipes-2.12.0.jar:/home/user/.m2/repository/com/google/code/findbugs/jsr305/3.0.0/jsr305-3.0.0.jar:/home/user/.m2/repository/org/apache/htrace/htrace-core4/4.1.0-incubating/htrace-core4-4.1.0-incubating.jar:/home/user/.m2/repository/org/apache/zookeeper/zookeeper/3.4.13/zookeeper-3.4.13.jar:/home/user/.m2/repository/jline/jline/0.9.94/jline-0.9.94.jar:/home/user/.m2/repository/org/apache/yetus/audience-annotations/0.5.0/audience-annotations-0.5.0.jar:/home/user/.m2/repository/org/codehaus/woodstox/stax2-api/3.1.4/stax2-api-3.1.4.jar:/home/user/.m2/repository/com/fasterxml/woodstox/woodstox-core/5.0.3/woodstox-core-5.0.3.jar:/home/user/.m2/repository/dnsjava/dnsjava/2.1.7/dnsjava-2.1.7.jar:/home/user/.m2/repository/org/apache/hadoop/hadoop-hdfs/3.2.0/hadoop-hdfs-3.2.0-tests.jar:/home/user/.m2/repository/org/eclipse/jetty/jetty-util-ajax/9.3.25.v20180904/jetty-util-ajax-9.3.25.v20180904.jar:/home/user/.m2/repository/commons-daemon/commons-daemon/1.0.13/commons-daemon-1.0.13.jar:/home/user/.m2/repository/io/netty/netty/3.10.5.Final/netty-3.10.5.Final.jar:/home/user/.m2/repository/io/netty/netty-all/4.0.52.Final/netty-all-4.0.52.Final.jar:/home/user/.m2/repository/org/fusesource/leveldbjni/leveldbjni-all/1.8/leveldbjni-all-1.8.jar:"/>
    <property name="sun.cpu.endian" value="little"/>
    <property name="user.home" value="/home/user"/>
    <property name="user.language" value="en"/>
    <property name="java.specification.vendor" value="Oracle Corporation"/>
    <property name="java.home" value="/usr/lib/jvm/java-1.8-openjdk/jre"/>
    <property name="java.security.krb5.conf" value="/workdir/hadoop-ozone/integration-test/target/test-classes/krb5.conf"/>
    <property name="basedir" value="/workdir/hadoop-ozone/integration-test"/>
    <property name="file.separator" value="/"/>
    <property name="line.separator" value="&#10;"/>
    <property name="java.vm.specification.vendor" value="Oracle Corporation"/>
    <property name="java.specification.name" value="Java Platform API Specification"/>
    <property name="java.awt.graphicsenv" value="sun.awt.X11GraphicsEnvironment"/>
    <property name="surefire.real.class.path" value="/workdir/hadoop-ozone/integration-test/target/surefire/surefirebooter5479239176419719408.jar"/>
    <property name="hadoop.log.dir" value="/workdir/hadoop-ozone/integration-test/target/log"/>
    <property name="sun.boot.class.path" value="/usr/lib/jvm/java-1.8-openjdk/jre/lib/resources.jar:/usr/lib/jvm/java-1.8-openjdk/jre/lib/rt.jar:/usr/lib/jvm/java-1.8-openjdk/jre/lib/sunrsasign.jar:/usr/lib/jvm/java-1.8-openjdk/jre/lib/jsse.jar:/usr/lib/jvm/java-1.8-openjdk/jre/lib/jce.jar:/usr/lib/jvm/java-1.8-openjdk/jre/lib/charsets.jar:/usr/lib/jvm/java-1.8-openjdk/jre/lib/jfr.jar:/usr/lib/jvm/java-1.8-openjdk/jre/classes"/>
    <property name="sun.management.compiler" value="HotSpot 64-Bit Tiered Compilers"/>
    <property name="java.runtime.version" value="1.8.0_212-b04"/>
    <property name="java.net.preferIPv4Stack" value="true"/>
    <property name="user.name" value="jenkins1000"/>
    <property name="path.separator" value=":"/>
    <property name="java.security.egd" value="file:///dev/urandom"/>
    <property name="os.version" value="3.10.0-957.12.2.el7.x86_64"/>
    <property name="java.endorsed.dirs" value="/usr/lib/jvm/java-1.8-openjdk/jre/lib/endorsed"/>
    <property name="java.runtime.name" value="OpenJDK Runtime Environment"/>
    <property name="file.encoding" value="UTF-8"/>
    <property name="java.vm.name" value="OpenJDK 64-Bit Server VM"/>
    <property name="test.build.webapps" value=""/>
    <property name="localRepository" value="/home/user/.m2/repository"/>
    <property name="java.vendor.url.bug" value="https://icedtea.classpath.org/bugzilla"/>
    <property name="java.io.tmpdir" value="/tmp"/>
    <property name="require.test.libhadoop" value=""/>
    <property name="java.version" value="1.8.0_212"/>
    <property name="user.dir" value="/workdir/hadoop-ozone/integration-test"/>
    <property name="os.arch" value="amd64"/>
    <property name="java.vm.specification.name" value="Java Virtual Machine Specification"/>
    <property name="test.build.classes" value="/workdir/hadoop-ozone/integration-test/target/test-classes"/>
    <property name="java.awt.printerjob" value="sun.print.PSPrinterJob"/>
    <property name="sun.os.patch.level" value="unknown"/>
    <property name="hadoop.tmp.dir" value="/workdir/hadoop-ozone/integration-test/target/tmp"/>
    <property name="java.library.path" value="/usr/lib/jvm/java-1.8-openjdk/jre/lib/amd64/server:/usr/lib/jvm/java-1.8-openjdk/jre/lib/amd64:/usr/lib/jvm/java-1.8-openjdk/jre/../lib/amd64:/workdir/hadoop-ozone/integration-test/target/native/target/usr/local/lib:/workdir/hadoop-ozone/integration-test/../../hadoop-common-project/hadoop-common/target/native/target/usr/local/lib:/usr/java/packages/lib/amd64:/usr/lib64:/lib64:/lib:/usr/lib"/>
    <property name="java.vm.info" value="mixed mode"/>
    <property name="java.vendor" value="IcedTea"/>
    <property name="java.vm.version" value="25.212-b04"/>
    <property name="java.ext.dirs" value="/usr/lib/jvm/java-1.8-openjdk/jre/lib/ext:/usr/java/packages/lib/ext"/>
    <property name="sun.io.unicode.encoding" value="UnicodeLittle"/>
    <property name="java.class.version" value="52.0"/>
  </properties>
  <testcase name="test2DatanodesFailure" classname="org.apache.hadoop.ozone.client.rpc.TestBlockOutputStreamWithFailures" time="106.696"/>
  <testcase name="testDatanodeFailureWithPreAllocation" classname="org.apache.hadoop.ozone.client.rpc.TestBlockOutputStreamWithFailures" time="224.982"/>
  <testcase name="testDatanodeFailureWithSingleNodeRatis" classname="org.apache.hadoop.ozone.client.rpc.TestBlockOutputStreamWithFailures" time="227.827"/>
  <testcase name="testWatchForCommitWithSingleNodeRatis" classname="org.apache.hadoop.ozone.client.rpc.TestBlockOutputStreamWithFailures" time="40.994"/>
  <testcase name="testWatchForCommitDatanodeFailure" classname="org.apache.hadoop.ozone.client.rpc.TestBlockOutputStreamWithFailures" time="57.427">
    <failure message="expected:&lt;2&gt; but was:&lt;3&gt;" type="java.lang.AssertionError"><![CDATA[java.lang.AssertionError: expected:<2> but was:<3>
	at org.junit.Assert.fail(Assert.java:88)
	at org.junit.Assert.failNotEquals(Assert.java:743)
	at org.junit.Assert.assertEquals(Assert.java:118)
	at org.junit.Assert.assertEquals(Assert.java:555)
	at org.junit.Assert.assertEquals(Assert.java:542)
	at org.apache.hadoop.ozone.client.rpc.TestBlockOutputStreamWithFailures.testWatchForCommitDatanodeFailure(TestBlockOutputStreamWithFailures.java:366)
	at sun.reflect.NativeMethodAccessorImpl.invoke0(Native Method)
	at sun.reflect.NativeMethodAccessorImpl.invoke(NativeMethodAccessorImpl.java:62)
	at sun.reflect.DelegatingMethodAccessorImpl.invoke(DelegatingMethodAccessorImpl.java:43)
	at java.lang.reflect.Method.invoke(Method.java:498)
	at org.junit.runners.model.FrameworkMethod$1.runReflectiveCall(FrameworkMethod.java:47)
	at org.junit.internal.runners.model.ReflectiveCallable.run(ReflectiveCallable.java:12)
	at org.junit.runners.model.FrameworkMethod.invokeExplosively(FrameworkMethod.java:44)
	at org.junit.internal.runners.statements.InvokeMethod.evaluate(InvokeMethod.java:17)
	at org.junit.internal.runners.statements.RunBefores.evaluate(RunBefores.java:26)
	at org.junit.internal.runners.statements.RunAfters.evaluate(RunAfters.java:27)
	at org.junit.runners.ParentRunner.runLeaf(ParentRunner.java:271)
	at org.junit.runners.BlockJUnit4ClassRunner.runChild(BlockJUnit4ClassRunner.java:70)
	at org.junit.runners.BlockJUnit4ClassRunner.runChild(BlockJUnit4ClassRunner.java:50)
	at org.junit.runners.ParentRunner$3.run(ParentRunner.java:238)
	at org.junit.runners.ParentRunner$1.schedule(ParentRunner.java:63)
	at org.junit.runners.ParentRunner.runChildren(ParentRunner.java:236)
	at org.junit.runners.ParentRunner.access$000(ParentRunner.java:53)
	at org.junit.runners.ParentRunner$2.evaluate(ParentRunner.java:229)
	at org.junit.runners.ParentRunner.run(ParentRunner.java:309)
	at org.apache.maven.surefire.junit4.JUnit4Provider.execute(JUnit4Provider.java:365)
	at org.apache.maven.surefire.junit4.JUnit4Provider.executeWithRerun(JUnit4Provider.java:273)
	at org.apache.maven.surefire.junit4.JUnit4Provider.executeTestSet(JUnit4Provider.java:238)
	at org.apache.maven.surefire.junit4.JUnit4Provider.invoke(JUnit4Provider.java:159)
	at org.apache.maven.surefire.booter.ForkedBooter.invokeProviderInSameClassLoader(ForkedBooter.java:384)
	at org.apache.maven.surefire.booter.ForkedBooter.runSuitesInProcess(ForkedBooter.java:345)
	at org.apache.maven.surefire.booter.ForkedBooter.execute(ForkedBooter.java:126)
	at org.apache.maven.surefire.booter.ForkedBooter.main(ForkedBooter.java:418)
]]></failure>
    <system-out><![CDATA[2019-10-02 22:34:21,316 [main] WARN  server.ServerUtils (ServerUtils.java:getScmDbDir(145)) - ozone.scm.db.dirs is not configured. We recommend adding this setting. Falling back to ozone.metadata.dirs instead.
2019-10-02 22:34:21,342 [main] WARN  server.ServerUtils (ServerUtils.java:getScmDbDir(145)) - ozone.scm.db.dirs is not configured. We recommend adding this setting. Falling back to ozone.metadata.dirs instead.
2019-10-02 22:34:21,342 [main] WARN  server.ServerUtils (ServerUtils.java:getScmDbDir(145)) - ozone.scm.db.dirs is not configured. We recommend adding this setting. Falling back to ozone.metadata.dirs instead.
2019-10-02 22:34:21,343 [main] INFO  db.DBStoreBuilder (DBStoreBuilder.java:addTable(110)) - using custom profile for table: deletedBlocks
2019-10-02 22:34:21,343 [main] INFO  db.DBStoreBuilder (DBStoreBuilder.java:processTables(161)) - Using default column profile:DBProfile.DISK for Table:deletedBlocks
2019-10-02 22:34:21,343 [main] INFO  db.DBStoreBuilder (DBStoreBuilder.java:addTable(110)) - using custom profile for table: validCerts
2019-10-02 22:34:21,344 [main] INFO  db.DBStoreBuilder (DBStoreBuilder.java:processTables(161)) - Using default column profile:DBProfile.DISK for Table:validCerts
2019-10-02 22:34:21,344 [main] INFO  db.DBStoreBuilder (DBStoreBuilder.java:addTable(110)) - using custom profile for table: revokedCerts
2019-10-02 22:34:21,344 [main] INFO  db.DBStoreBuilder (DBStoreBuilder.java:processTables(161)) - Using default column profile:DBProfile.DISK for Table:revokedCerts
2019-10-02 22:34:21,344 [main] INFO  db.DBStoreBuilder (DBStoreBuilder.java:addTable(110)) - using custom profile for table: default
2019-10-02 22:34:21,344 [main] INFO  db.DBStoreBuilder (DBStoreBuilder.java:processTables(167)) - Using default column profile:DBProfile.DISK for Table:default
2019-10-02 22:34:21,345 [main] INFO  db.DBStoreBuilder (DBStoreBuilder.java:getDbProfile(198)) - Using default options. DBProfile.DISK
2019-10-02 22:34:21,868 [main] INFO  net.NodeSchemaLoader (NodeSchemaLoader.java:loadSchemaFromFile(125)) - Loading file from sun.misc.CompoundEnumeration@6de7778f
2019-10-02 22:34:21,899 [main] INFO  net.NodeSchemaLoader (NodeSchemaLoader.java:loadSchema(171)) - Loading network topology layer schema file
2019-10-02 22:34:21,928 [main] INFO  node.SCMNodeManager (SCMNodeManager.java:<init>(114)) - Entering startup safe mode.
2019-10-02 22:34:21,928 [main] INFO  algorithms.ContainerPlacementPolicyFactory (ContainerPlacementPolicyFactory.java:getPolicy(57)) - Create container placement policy of type org.apache.hadoop.hdds.scm.container.placement.algorithms.SCMContainerPlacementRandom
2019-10-02 22:34:21,929 [main] WARN  server.ServerUtils (ServerUtils.java:getScmDbDir(145)) - ozone.scm.db.dirs is not configured. We recommend adding this setting. Falling back to ozone.metadata.dirs instead.
2019-10-02 22:34:22,053 [main] INFO  pipeline.SCMPipelineManager (SCMPipelineManager.java:initializePipelineState(132)) - No pipeline exists in current db
2019-10-02 22:34:22,053 [main] WARN  server.ServerUtils (ServerUtils.java:getScmDbDir(145)) - ozone.scm.db.dirs is not configured. We recommend adding this setting. Falling back to ozone.metadata.dirs instead.
2019-10-02 22:34:22,155 [main] WARN  events.EventQueue (EventQueue.java:fireEvent(183)) - No event handler registered for event TypedEvent{payloadType=SafeModeStatus, name='SafeModeStatus'}
2019-10-02 22:34:22,156 [main] INFO  ipc.CallQueueManager (CallQueueManager.java:<init>(84)) - Using callQueue: class java.util.concurrent.LinkedBlockingQueue, queueCapacity: 2000, scheduler: class org.apache.hadoop.ipc.DefaultRpcScheduler, ipcBackoff: false.
2019-10-02 22:34:22,157 [Socket Reader #1 for port 43416] INFO  ipc.Server (Server.java:run(1074)) - Starting Socket Reader #1 for port 43416
2019-10-02 22:34:22,160 [main] INFO  ipc.CallQueueManager (CallQueueManager.java:<init>(84)) - Using callQueue: class java.util.concurrent.LinkedBlockingQueue, queueCapacity: 2000, scheduler: class org.apache.hadoop.ipc.DefaultRpcScheduler, ipcBackoff: false.
2019-10-02 22:34:22,160 [Socket Reader #1 for port 40173] INFO  ipc.Server (Server.java:run(1074)) - Starting Socket Reader #1 for port 40173
2019-10-02 22:34:22,162 [main] INFO  ipc.CallQueueManager (CallQueueManager.java:<init>(84)) - Using callQueue: class java.util.concurrent.LinkedBlockingQueue, queueCapacity: 2000, scheduler: class org.apache.hadoop.ipc.DefaultRpcScheduler, ipcBackoff: false.
2019-10-02 22:34:22,163 [Socket Reader #1 for port 37090] INFO  ipc.Server (Server.java:run(1074)) - Starting Socket Reader #1 for port 37090
2019-10-02 22:34:22,165 [main] INFO  hdfs.DFSUtil (DFSUtil.java:httpServerTemplateForNNAndJN(1641)) - Starting Web-server for scm at: http://0.0.0.0:0
2019-10-02 22:34:22,167 [main] INFO  server.AuthenticationFilter (AuthenticationFilter.java:constructSecretProvider(240)) - Unable to initialize FileSignerSecretProvider, falling back to use random secrets.
2019-10-02 22:34:22,167 [main] WARN  http.HttpRequestLog (HttpRequestLog.java:getRequestLog(97)) - Jetty request log can only be enabled using Log4j
2019-10-02 22:34:22,169 [main] INFO  http.HttpServer2 (HttpServer2.java:addGlobalFilter(975)) - Added global filter 'safety' (class=org.apache.hadoop.http.HttpServer2$QuotingInputFilter)
2019-10-02 22:34:22,170 [main] INFO  http.HttpServer2 (HttpServer2.java:addFilter(948)) - Added filter static_user_filter (class=org.apache.hadoop.http.lib.StaticUserWebFilter$StaticUserFilter) to context scm
2019-10-02 22:34:22,170 [main] INFO  http.HttpServer2 (HttpServer2.java:addFilter(958)) - Added filter static_user_filter (class=org.apache.hadoop.http.lib.StaticUserWebFilter$StaticUserFilter) to context static
2019-10-02 22:34:22,170 [main] INFO  http.HttpServer2 (HttpServer2.java:addFilter(958)) - Added filter static_user_filter (class=org.apache.hadoop.http.lib.StaticUserWebFilter$StaticUserFilter) to context logs
2019-10-02 22:34:22,172 [main] INFO  server.StorageContainerManager (StorageContainerManager.java:start(770)) - StorageContainerLocationProtocol RPC server is listening at /0.0.0.0:37090
2019-10-02 22:34:22,174 [main] WARN  impl.MetricsConfig (MetricsConfig.java:loadFirst(134)) - Cannot locate configuration: tried hadoop-metrics2-storagecontainermanager.properties,hadoop-metrics2.properties
2019-10-02 22:34:22,175 [main] INFO  impl.MetricsSystemImpl (MetricsSystemImpl.java:startTimer(374)) - Scheduled Metric snapshot period at 10 second(s).
2019-10-02 22:34:22,175 [main] INFO  impl.MetricsSystemImpl (MetricsSystemImpl.java:start(191)) - StorageContainerManager metrics system started
2019-10-02 22:34:22,271 [main] WARN  impl.MetricsSystemImpl (MetricsSystemImpl.java:register(276)) - Sink prometheus already exists!
2019-10-02 22:34:22,332 [main] INFO  server.SCMClientProtocolServer (SCMClientProtocolServer.java:start(150)) - RPC server for Client  is listening at /0.0.0.0:37090
2019-10-02 22:34:22,333 [IPC Server Responder] INFO  ipc.Server (Server.java:run(1314)) - IPC Server Responder: starting
2019-10-02 22:34:22,333 [IPC Server listener on 37090] INFO  ipc.Server (Server.java:run(1153)) - IPC Server listener on 37090: starting
2019-10-02 22:34:22,338 [main] INFO  server.StorageContainerManager (StorageContainerManager.java:start(780)) - ScmBlockLocationProtocol RPC server is listening at /0.0.0.0:40173
2019-10-02 22:34:22,338 [main] INFO  server.SCMBlockProtocolServer (SCMBlockProtocolServer.java:start(146)) - RPC server for Block Protocol is listening at /0.0.0.0:40173
2019-10-02 22:34:22,339 [IPC Server Responder] INFO  ipc.Server (Server.java:run(1314)) - IPC Server Responder: starting
2019-10-02 22:34:22,340 [IPC Server listener on 40173] INFO  ipc.Server (Server.java:run(1153)) - IPC Server listener on 40173: starting
2019-10-02 22:34:22,343 [main] INFO  server.StorageContainerManager (StorageContainerManager.java:start(784)) - ScmDatanodeProtocl RPC server is listening at /0.0.0.0:43416
2019-10-02 22:34:22,343 [main] INFO  server.SCMDatanodeProtocolServer (SCMDatanodeProtocolServer.java:start(191)) - RPC server for DataNodes is listening at /0.0.0.0:43416
2019-10-02 22:34:22,344 [IPC Server Responder] INFO  ipc.Server (Server.java:run(1314)) - IPC Server Responder: starting
2019-10-02 22:34:22,345 [IPC Server listener on 43416] INFO  ipc.Server (Server.java:run(1153)) - IPC Server listener on 43416: starting
2019-10-02 22:34:22,349 [main] INFO  http.HttpServer2 (HttpServer2.java:bindListener(1191)) - Jetty bound to port 33832
2019-10-02 22:34:22,349 [main] INFO  server.Server (Server.java:doStart(351)) - jetty-9.3.25.v20180904, build timestamp: 2018-09-04T21:11:46Z, git hash: 3ce520221d0240229c862b122d2b06c12a625732
2019-10-02 22:34:22,351 [main] INFO  handler.ContextHandler (ContextHandler.java:doStart(781)) - Started o.e.j.s.ServletContextHandler@3dfd6220{/logs,file:///workdir/hadoop-ozone/integration-test/target/log,AVAILABLE}
2019-10-02 22:34:22,351 [main] INFO  handler.ContextHandler (ContextHandler.java:doStart(781)) - Started o.e.j.s.ServletContextHandler@6de43bc1{/static,file:///workdir/hadoop-ozone/integration-test/target/test-classes/webapps/static,AVAILABLE}
2019-10-02 22:34:22,354 [main] INFO  handler.ContextHandler (ContextHandler.java:doStart(781)) - Started o.e.j.w.WebAppContext@7a0ab480{/,file:///workdir/hadoop-ozone/integration-test/target/test-classes/webapps/scm/,AVAILABLE}{/scm}
2019-10-02 22:34:22,355 [main] INFO  server.AbstractConnector (AbstractConnector.java:doStart(278)) - Started ServerConnector@79df80a4{HTTP/1.1,[http/1.1]}{0.0.0.0:33832}
2019-10-02 22:34:22,357 [main] INFO  server.Server (Server.java:doStart(419)) - Started @602210ms
2019-10-02 22:34:22,357 [main] WARN  impl.MetricsSystemImpl (MetricsSystemImpl.java:register(276)) - Sink prometheus already exists!
2019-10-02 22:34:22,357 [main] INFO  server.BaseHttpServer (BaseHttpServer.java:updateConnectorAddress(215)) - HTTP server of SCM is listening at http://0.0.0.0:33832
2019-10-02 22:34:22,358 [main] WARN  server.ServerUtils (ServerUtils.java:getDBPath(222)) - ozone.om.db.dirs is not configured. We recommend adding this setting. Falling back to ozone.metadata.dirs instead.
2019-10-02 22:34:22,358 [org.apache.hadoop.util.JvmPauseMonitor$Monitor@4eeab3e] INFO  util.JvmPauseMonitor (JvmPauseMonitor.java:run(188)) - Starting JVM pause monitor
2019-10-02 22:34:22,390 [main] WARN  server.ServerUtils (ServerUtils.java:getDBPath(222)) - ozone.om.db.dirs is not configured. We recommend adding this setting. Falling back to ozone.metadata.dirs instead.
2019-10-02 22:34:22,390 [main] WARN  server.ServerUtils (ServerUtils.java:getDBPath(222)) - ozone.om.db.dirs is not configured. We recommend adding this setting. Falling back to ozone.metadata.dirs instead.
2019-10-02 22:34:22,391 [main] INFO  om.OzoneManager (OzoneManager.java:setOMNodeDetails(652)) - OM Service ID is not set. Setting it to the default ID: omServiceIdDefault
2019-10-02 22:34:22,391 [main] INFO  om.OzoneManager (OzoneManager.java:setOMNodeDetails(658)) - OM Node ID is not set. Setting it to the OmStorage's OmID: e56a2876-5a65-4d01-a5e2-48b5537c14ce
2019-10-02 22:34:22,391 [main] INFO  om.OzoneManager (OzoneManager.java:loadOMHAConfigs(609)) - Found matching OM address with OMServiceId: null, OMNodeId: null, RPC Address: localhost:0 and Ratis port: 9872
2019-10-02 22:34:22,401 [main] WARN  server.ServerUtils (ServerUtils.java:getDBPath(222)) - ozone.om.db.dirs is not configured. We recommend adding this setting. Falling back to ozone.metadata.dirs instead.
2019-10-02 22:34:22,401 [main] INFO  db.DBStoreBuilder (DBStoreBuilder.java:addTable(110)) - using custom profile for table: userTable
2019-10-02 22:34:22,401 [main] INFO  db.DBStoreBuilder (DBStoreBuilder.java:processTables(161)) - Using default column profile:DBProfile.DISK for Table:userTable
2019-10-02 22:34:22,402 [main] INFO  db.DBStoreBuilder (DBStoreBuilder.java:addTable(110)) - using custom profile for table: volumeTable
2019-10-02 22:34:22,402 [main] INFO  db.DBStoreBuilder (DBStoreBuilder.java:processTables(161)) - Using default column profile:DBProfile.DISK for Table:volumeTable
2019-10-02 22:34:22,402 [main] INFO  db.DBStoreBuilder (DBStoreBuilder.java:addTable(110)) - using custom profile for table: bucketTable
2019-10-02 22:34:22,402 [main] INFO  db.DBStoreBuilder (DBStoreBuilder.java:processTables(161)) - Using default column profile:DBProfile.DISK for Table:bucketTable
2019-10-02 22:34:22,402 [main] INFO  db.DBStoreBuilder (DBStoreBuilder.java:addTable(110)) - using custom profile for table: keyTable
2019-10-02 22:34:22,402 [main] INFO  db.DBStoreBuilder (DBStoreBuilder.java:processTables(161)) - Using default column profile:DBProfile.DISK for Table:keyTable
2019-10-02 22:34:22,402 [main] INFO  db.DBStoreBuilder (DBStoreBuilder.java:addTable(110)) - using custom profile for table: deletedTable
2019-10-02 22:34:22,403 [main] INFO  db.DBStoreBuilder (DBStoreBuilder.java:processTables(161)) - Using default column profile:DBProfile.DISK for Table:deletedTable
2019-10-02 22:34:22,403 [main] INFO  db.DBStoreBuilder (DBStoreBuilder.java:addTable(110)) - using custom profile for table: openKeyTable
2019-10-02 22:34:22,403 [main] INFO  db.DBStoreBuilder (DBStoreBuilder.java:processTables(161)) - Using default column profile:DBProfile.DISK for Table:openKeyTable
2019-10-02 22:34:22,403 [main] INFO  db.DBStoreBuilder (DBStoreBuilder.java:addTable(110)) - using custom profile for table: s3Table
2019-10-02 22:34:22,403 [main] INFO  db.DBStoreBuilder (DBStoreBuilder.java:processTables(161)) - Using default column profile:DBProfile.DISK for Table:s3Table
2019-10-02 22:34:22,404 [main] INFO  db.DBStoreBuilder (DBStoreBuilder.java:addTable(110)) - using custom profile for table: multipartInfoTable
2019-10-02 22:34:22,404 [main] INFO  db.DBStoreBuilder (DBStoreBuilder.java:processTables(161)) - Using default column profile:DBProfile.DISK for Table:multipartInfoTable
2019-10-02 22:34:22,404 [main] INFO  db.DBStoreBuilder (DBStoreBuilder.java:addTable(110)) - using custom profile for table: dTokenTable
2019-10-02 22:34:22,404 [main] INFO  db.DBStoreBuilder (DBStoreBuilder.java:processTables(161)) - Using default column profile:DBProfile.DISK for Table:dTokenTable
2019-10-02 22:34:22,404 [main] INFO  db.DBStoreBuilder (DBStoreBuilder.java:addTable(110)) - using custom profile for table: s3SecretTable
2019-10-02 22:34:22,404 [main] INFO  db.DBStoreBuilder (DBStoreBuilder.java:processTables(161)) - Using default column profile:DBProfile.DISK for Table:s3SecretTable
2019-10-02 22:34:22,405 [main] INFO  db.DBStoreBuilder (DBStoreBuilder.java:addTable(110)) - using custom profile for table: prefixTable
2019-10-02 22:34:22,405 [main] INFO  db.DBStoreBuilder (DBStoreBuilder.java:processTables(161)) - Using default column profile:DBProfile.DISK for Table:prefixTable
2019-10-02 22:34:22,405 [main] INFO  db.DBStoreBuilder (DBStoreBuilder.java:addTable(110)) - using custom profile for table: default
2019-10-02 22:34:22,405 [main] INFO  db.DBStoreBuilder (DBStoreBuilder.java:processTables(167)) - Using default column profile:DBProfile.DISK for Table:default
2019-10-02 22:34:22,405 [main] INFO  db.DBStoreBuilder (DBStoreBuilder.java:getDbProfile(198)) - Using default options. DBProfile.DISK
2019-10-02 22:34:23,128 [main] INFO  ipc.CallQueueManager (CallQueueManager.java:<init>(84)) - Using callQueue: class java.util.concurrent.LinkedBlockingQueue, queueCapacity: 2000, scheduler: class org.apache.hadoop.ipc.DefaultRpcScheduler, ipcBackoff: false.
2019-10-02 22:34:23,129 [Socket Reader #1 for port 34874] INFO  ipc.Server (Server.java:run(1074)) - Starting Socket Reader #1 for port 34874
2019-10-02 22:34:23,145 [main] INFO  om.OzoneManager (OzoneManager.java:start(1243)) - OzoneManager RPC server is listening at localhost/127.0.0.1:34874
2019-10-02 22:34:23,145 [main] INFO  impl.MetricsSystemImpl (MetricsSystemImpl.java:init(158)) - OzoneManager metrics system started (again)
2019-10-02 22:34:23,146 [IPC Server Responder] INFO  ipc.Server (Server.java:run(1314)) - IPC Server Responder: starting
2019-10-02 22:34:23,146 [IPC Server listener on 34874] INFO  ipc.Server (Server.java:run(1153)) - IPC Server listener on 34874: starting
2019-10-02 22:34:23,151 [main] INFO  hdfs.DFSUtil (DFSUtil.java:httpServerTemplateForNNAndJN(1641)) - Starting Web-server for ozoneManager at: http://0.0.0.0:0
2019-10-02 22:34:23,153 [main] INFO  server.AuthenticationFilter (AuthenticationFilter.java:constructSecretProvider(240)) - Unable to initialize FileSignerSecretProvider, falling back to use random secrets.
2019-10-02 22:34:23,153 [main] WARN  http.HttpRequestLog (HttpRequestLog.java:getRequestLog(97)) - Jetty request log can only be enabled using Log4j
2019-10-02 22:34:23,155 [main] INFO  http.HttpServer2 (HttpServer2.java:addGlobalFilter(975)) - Added global filter 'safety' (class=org.apache.hadoop.http.HttpServer2$QuotingInputFilter)
2019-10-02 22:34:23,156 [main] INFO  http.HttpServer2 (HttpServer2.java:addFilter(948)) - Added filter static_user_filter (class=org.apache.hadoop.http.lib.StaticUserWebFilter$StaticUserFilter) to context ozoneManager
2019-10-02 22:34:23,156 [main] INFO  http.HttpServer2 (HttpServer2.java:addFilter(958)) - Added filter static_user_filter (class=org.apache.hadoop.http.lib.StaticUserWebFilter$StaticUserFilter) to context logs
2019-10-02 22:34:23,156 [main] INFO  http.HttpServer2 (HttpServer2.java:addFilter(958)) - Added filter static_user_filter (class=org.apache.hadoop.http.lib.StaticUserWebFilter$StaticUserFilter) to context static
2019-10-02 22:34:23,157 [main] INFO  http.HttpServer2 (HttpServer2.java:bindListener(1191)) - Jetty bound to port 41059
2019-10-02 22:34:23,157 [main] INFO  server.Server (Server.java:doStart(351)) - jetty-9.3.25.v20180904, build timestamp: 2018-09-04T21:11:46Z, git hash: 3ce520221d0240229c862b122d2b06c12a625732
2019-10-02 22:34:23,158 [main] INFO  handler.ContextHandler (ContextHandler.java:doStart(781)) - Started o.e.j.s.ServletContextHandler@1785d194{/logs,file:///workdir/hadoop-ozone/integration-test/target/log,AVAILABLE}
2019-10-02 22:34:23,158 [main] INFO  handler.ContextHandler (ContextHandler.java:doStart(781)) - Started o.e.j.s.ServletContextHandler@46a8c2b4{/static,file:///workdir/hadoop-ozone/integration-test/target/test-classes/webapps/static,AVAILABLE}
2019-10-02 22:34:23,161 [main] INFO  handler.ContextHandler (ContextHandler.java:doStart(781)) - Started o.e.j.w.WebAppContext@62f9c790{/,file:///workdir/hadoop-ozone/integration-test/target/test-classes/webapps/ozoneManager/,AVAILABLE}{/ozoneManager}
2019-10-02 22:34:23,162 [main] INFO  server.AbstractConnector (AbstractConnector.java:doStart(278)) - Started ServerConnector@21e5f0b6{HTTP/1.1,[http/1.1]}{0.0.0.0:41059}
2019-10-02 22:34:23,163 [main] INFO  server.Server (Server.java:doStart(419)) - Started @603016ms
2019-10-02 22:34:23,163 [main] WARN  impl.MetricsSystemImpl (MetricsSystemImpl.java:register(276)) - Sink prometheus already exists!
2019-10-02 22:34:23,163 [main] INFO  server.BaseHttpServer (BaseHttpServer.java:updateConnectorAddress(215)) - HTTP server of OZONEMANAGER is listening at http://0.0.0.0:41059
2019-10-02 22:34:23,175 [main] INFO  impl.MetricsSystemImpl (MetricsSystemImpl.java:init(158)) - HddsDatanode metrics system started (again)
2019-10-02 22:34:23,179 [main] INFO  ozone.HddsDatanodeService (HddsDatanodeService.java:start(184)) - HddsDatanodeService host:pr-hdds1737-lts7z-2510321508 ip:192.168.30.30
2019-10-02 22:34:23,185 [main] INFO  volume.HddsVolume (HddsVolume.java:<init>(176)) - Creating Volume: /workdir/hadoop-ozone/integration-test/target/test-dir/MiniOzoneClusterImpl-5b0c19db-6a49-40b5-ab5c-99aec8de0976/datanode-0/data/containers/hdds of  storage type : DISK and capacity : 1482555576320
2019-10-02 22:34:23,186 [main] INFO  volume.VolumeSet (VolumeSet.java:initializeVolumeSet(170)) - Added Volume : /workdir/hadoop-ozone/integration-test/target/test-dir/MiniOzoneClusterImpl-5b0c19db-6a49-40b5-ab5c-99aec8de0976/datanode-0/data/containers/hdds to VolumeSet
2019-10-02 22:34:23,186 [main] INFO  volume.ThrottledAsyncChecker (ThrottledAsyncChecker.java:schedule(139)) - Scheduling a check for org.apache.hadoop.ozone.container.common.volume.HddsVolume@28ee882c
2019-10-02 22:34:23,186 [main] INFO  volume.HddsVolumeChecker (HddsVolumeChecker.java:checkAllVolumes(202)) - Scheduled health check for volume org.apache.hadoop.ozone.container.common.volume.HddsVolume@28ee882c
2019-10-02 22:34:23,199 [main] INFO  impl.RaftServerProxy (ConfUtils.java:logGet(43)) - raft.rpc.type = GRPC (default)
2019-10-02 22:34:23,200 [main] INFO  grpc.GrpcFactory (GrpcFactory.java:checkPooledByteBufAllocatorUseCacheForAllThreads(45)) - PERFORMANCE WARNING: useCacheForAllThreads is true that may cause Netty to create a lot garbage objects and, as a result, trigger GC.
	It is recommended to disable useCacheForAllThreads by setting -Dorg.apache.ratis.thirdparty.io.netty.allocator.useCacheForAllThreads=false in command line.
2019-10-02 22:34:23,200 [main] INFO  grpc.GrpcConfigKeys$Server (ConfUtils.java:logGet(43)) - raft.grpc.server.port = 0 (default)
2019-10-02 22:34:23,200 [main] INFO  server.GrpcService (ConfUtils.java:logGet(43)) - raft.grpc.message.size.max = 33570816 (custom)
2019-10-02 22:34:23,200 [main] INFO  server.RaftServerConfigKeys (ConfUtils.java:logGet(43)) - raft.server.log.appender.buffer.byte-limit = 33554432 (custom)
2019-10-02 22:34:23,200 [main] INFO  server.GrpcService (ConfUtils.java:logGet(43)) - raft.grpc.flow.control.window = 1MB (=1048576) (default)
2019-10-02 22:34:23,201 [main] INFO  server.RaftServerConfigKeys (ConfUtils.java:logGet(43)) - raft.server.rpc.request.timeout = 3000ms (default)
2019-10-02 22:34:23,201 [main] INFO  server.RaftServerConfigKeys (ConfUtils.java:logGet(43)) - raft.server.storage.dir = [/workdir/hadoop-ozone/integration-test/target/test-dir/MiniOzoneClusterImpl-5b0c19db-6a49-40b5-ab5c-99aec8de0976/datanode-0/data/ratis] (custom)
2019-10-02 22:34:23,202 [main] INFO  hdfs.DFSUtil (DFSUtil.java:httpServerTemplateForNNAndJN(1641)) - Starting Web-server for hddsDatanode at: http://0.0.0.0:0
2019-10-02 22:34:23,204 [main] INFO  server.AuthenticationFilter (AuthenticationFilter.java:constructSecretProvider(240)) - Unable to initialize FileSignerSecretProvider, falling back to use random secrets.
2019-10-02 22:34:23,204 [main] WARN  http.HttpRequestLog (HttpRequestLog.java:getRequestLog(97)) - Jetty request log can only be enabled using Log4j
2019-10-02 22:34:23,205 [main] INFO  http.HttpServer2 (HttpServer2.java:addGlobalFilter(975)) - Added global filter 'safety' (class=org.apache.hadoop.http.HttpServer2$QuotingInputFilter)
2019-10-02 22:34:23,205 [main] INFO  http.HttpServer2 (HttpServer2.java:addFilter(948)) - Added filter static_user_filter (class=org.apache.hadoop.http.lib.StaticUserWebFilter$StaticUserFilter) to context hddsDatanode
2019-10-02 22:34:23,206 [main] INFO  http.HttpServer2 (HttpServer2.java:addFilter(958)) - Added filter static_user_filter (class=org.apache.hadoop.http.lib.StaticUserWebFilter$StaticUserFilter) to context logs
2019-10-02 22:34:23,206 [main] INFO  http.HttpServer2 (HttpServer2.java:addFilter(958)) - Added filter static_user_filter (class=org.apache.hadoop.http.lib.StaticUserWebFilter$StaticUserFilter) to context static
2019-10-02 22:34:23,206 [main] INFO  http.HttpServer2 (HttpServer2.java:bindListener(1191)) - Jetty bound to port 44817
2019-10-02 22:34:23,207 [main] INFO  server.Server (Server.java:doStart(351)) - jetty-9.3.25.v20180904, build timestamp: 2018-09-04T21:11:46Z, git hash: 3ce520221d0240229c862b122d2b06c12a625732
2019-10-02 22:34:23,208 [main] INFO  handler.ContextHandler (ContextHandler.java:doStart(781)) - Started o.e.j.s.ServletContextHandler@785ed99c{/logs,file:///workdir/hadoop-ozone/integration-test/target/log,AVAILABLE}
2019-10-02 22:34:23,208 [main] INFO  handler.ContextHandler (ContextHandler.java:doStart(781)) - Started o.e.j.s.ServletContextHandler@755b5f30{/static,jar:file:/home/user/.m2/repository/org/apache/hadoop/hadoop-hdds-container-service/0.5.0-SNAPSHOT/hadoop-hdds-container-service-0.5.0-SNAPSHOT.jar!/webapps/static,AVAILABLE}
2019-10-02 22:34:23,237 [main] INFO  handler.ContextHandler (ContextHandler.java:doStart(781)) - Started o.e.j.w.WebAppContext@7b8ea1db{/,file:///tmp/jetty-0.0.0.0-44817-hddsDatanode-_-any-6522233350035513237.dir/webapp/,AVAILABLE}{/hddsDatanode}
2019-10-02 22:34:23,238 [main] INFO  server.AbstractConnector (AbstractConnector.java:doStart(278)) - Started ServerConnector@a91119b{HTTP/1.1,[http/1.1]}{0.0.0.0:44817}
2019-10-02 22:34:23,239 [main] INFO  server.Server (Server.java:doStart(419)) - Started @603092ms
2019-10-02 22:34:23,239 [main] WARN  impl.MetricsSystemImpl (MetricsSystemImpl.java:register(276)) - Sink prometheus already exists!
2019-10-02 22:34:23,240 [main] INFO  server.BaseHttpServer (BaseHttpServer.java:updateConnectorAddress(215)) - HTTP server of HDDSDATANODE is listening at http://0.0.0.0:44817
2019-10-02 22:34:23,240 [main] INFO  impl.MetricsSystemImpl (MetricsSystemImpl.java:init(158)) - HddsDatanode metrics system started (again)
2019-10-02 22:34:23,244 [org.apache.hadoop.util.JvmPauseMonitor$Monitor@2b1314fe] INFO  util.JvmPauseMonitor (JvmPauseMonitor.java:run(188)) - Starting JVM pause monitor
2019-10-02 22:34:23,244 [main] INFO  ozone.HddsDatanodeService (HddsDatanodeService.java:start(184)) - HddsDatanodeService host:pr-hdds1737-lts7z-2510321508 ip:192.168.30.30
2019-10-02 22:34:23,245 [Datanode State Machine Thread - 0] INFO  datanode.InitDatanodeState (InitDatanodeState.java:persistContainerDatanodeDetails(140)) - DatanodeDetails is persisted to /workdir/hadoop-ozone/integration-test/target/test-dir/MiniOzoneClusterImpl-5b0c19db-6a49-40b5-ab5c-99aec8de0976/datanode-0/meta/datanode.id
2019-10-02 22:34:23,249 [main] INFO  volume.HddsVolume (HddsVolume.java:<init>(176)) - Creating Volume: /workdir/hadoop-ozone/integration-test/target/test-dir/MiniOzoneClusterImpl-5b0c19db-6a49-40b5-ab5c-99aec8de0976/datanode-1/data/containers/hdds of  storage type : DISK and capacity : 1482555576320
2019-10-02 22:34:23,250 [main] INFO  volume.VolumeSet (VolumeSet.java:initializeVolumeSet(170)) - Added Volume : /workdir/hadoop-ozone/integration-test/target/test-dir/MiniOzoneClusterImpl-5b0c19db-6a49-40b5-ab5c-99aec8de0976/datanode-1/data/containers/hdds to VolumeSet
2019-10-02 22:34:23,250 [main] INFO  volume.ThrottledAsyncChecker (ThrottledAsyncChecker.java:schedule(139)) - Scheduling a check for org.apache.hadoop.ozone.container.common.volume.HddsVolume@5a30722c
2019-10-02 22:34:23,250 [main] INFO  volume.HddsVolumeChecker (HddsVolumeChecker.java:checkAllVolumes(202)) - Scheduled health check for volume org.apache.hadoop.ozone.container.common.volume.HddsVolume@5a30722c
2019-10-02 22:34:23,263 [main] INFO  impl.RaftServerProxy (ConfUtils.java:logGet(43)) - raft.rpc.type = GRPC (default)
2019-10-02 22:34:23,263 [main] INFO  grpc.GrpcFactory (GrpcFactory.java:checkPooledByteBufAllocatorUseCacheForAllThreads(45)) - PERFORMANCE WARNING: useCacheForAllThreads is true that may cause Netty to create a lot garbage objects and, as a result, trigger GC.
	It is recommended to disable useCacheForAllThreads by setting -Dorg.apache.ratis.thirdparty.io.netty.allocator.useCacheForAllThreads=false in command line.
2019-10-02 22:34:23,263 [main] INFO  grpc.GrpcConfigKeys$Server (ConfUtils.java:logGet(43)) - raft.grpc.server.port = 0 (default)
2019-10-02 22:34:23,263 [main] INFO  server.GrpcService (ConfUtils.java:logGet(43)) - raft.grpc.message.size.max = 33570816 (custom)
2019-10-02 22:34:23,263 [main] INFO  server.RaftServerConfigKeys (ConfUtils.java:logGet(43)) - raft.server.log.appender.buffer.byte-limit = 33554432 (custom)
2019-10-02 22:34:23,264 [main] INFO  server.GrpcService (ConfUtils.java:logGet(43)) - raft.grpc.flow.control.window = 1MB (=1048576) (default)
2019-10-02 22:34:23,264 [main] INFO  server.RaftServerConfigKeys (ConfUtils.java:logGet(43)) - raft.server.rpc.request.timeout = 3000ms (default)
2019-10-02 22:34:23,264 [main] INFO  server.RaftServerConfigKeys (ConfUtils.java:logGet(43)) - raft.server.storage.dir = [/workdir/hadoop-ozone/integration-test/target/test-dir/MiniOzoneClusterImpl-5b0c19db-6a49-40b5-ab5c-99aec8de0976/datanode-1/data/ratis] (custom)
2019-10-02 22:34:23,265 [main] INFO  hdfs.DFSUtil (DFSUtil.java:httpServerTemplateForNNAndJN(1641)) - Starting Web-server for hddsDatanode at: http://0.0.0.0:0
2019-10-02 22:34:23,266 [main] INFO  server.AuthenticationFilter (AuthenticationFilter.java:constructSecretProvider(240)) - Unable to initialize FileSignerSecretProvider, falling back to use random secrets.
2019-10-02 22:34:23,267 [main] WARN  http.HttpRequestLog (HttpRequestLog.java:getRequestLog(97)) - Jetty request log can only be enabled using Log4j
2019-10-02 22:34:23,268 [main] INFO  http.HttpServer2 (HttpServer2.java:addGlobalFilter(975)) - Added global filter 'safety' (class=org.apache.hadoop.http.HttpServer2$QuotingInputFilter)
2019-10-02 22:34:23,269 [main] INFO  http.HttpServer2 (HttpServer2.java:addFilter(948)) - Added filter static_user_filter (class=org.apache.hadoop.http.lib.StaticUserWebFilter$StaticUserFilter) to context hddsDatanode
2019-10-02 22:34:23,269 [main] INFO  http.HttpServer2 (HttpServer2.java:addFilter(958)) - Added filter static_user_filter (class=org.apache.hadoop.http.lib.StaticUserWebFilter$StaticUserFilter) to context static
2019-10-02 22:34:23,269 [main] INFO  http.HttpServer2 (HttpServer2.java:addFilter(958)) - Added filter static_user_filter (class=org.apache.hadoop.http.lib.StaticUserWebFilter$StaticUserFilter) to context logs
2019-10-02 22:34:23,270 [main] INFO  http.HttpServer2 (HttpServer2.java:bindListener(1191)) - Jetty bound to port 35248
2019-10-02 22:34:23,270 [main] INFO  server.Server (Server.java:doStart(351)) - jetty-9.3.25.v20180904, build timestamp: 2018-09-04T21:11:46Z, git hash: 3ce520221d0240229c862b122d2b06c12a625732
2019-10-02 22:34:23,271 [main] INFO  handler.ContextHandler (ContextHandler.java:doStart(781)) - Started o.e.j.s.ServletContextHandler@6fbf5db2{/logs,file:///workdir/hadoop-ozone/integration-test/target/log,AVAILABLE}
2019-10-02 22:34:23,271 [main] INFO  handler.ContextHandler (ContextHandler.java:doStart(781)) - Started o.e.j.s.ServletContextHandler@57cabdc3{/static,jar:file:/home/user/.m2/repository/org/apache/hadoop/hadoop-hdds-container-service/0.5.0-SNAPSHOT/hadoop-hdds-container-service-0.5.0-SNAPSHOT.jar!/webapps/static,AVAILABLE}
2019-10-02 22:34:23,300 [main] INFO  handler.ContextHandler (ContextHandler.java:doStart(781)) - Started o.e.j.w.WebAppContext@7eb27768{/,file:///tmp/jetty-0.0.0.0-35248-hddsDatanode-_-any-845286284620393086.dir/webapp/,AVAILABLE}{/hddsDatanode}
2019-10-02 22:34:23,301 [main] INFO  server.AbstractConnector (AbstractConnector.java:doStart(278)) - Started ServerConnector@6169be09{HTTP/1.1,[http/1.1]}{0.0.0.0:35248}
2019-10-02 22:34:23,302 [main] INFO  server.Server (Server.java:doStart(419)) - Started @603155ms
2019-10-02 22:34:23,302 [main] WARN  impl.MetricsSystemImpl (MetricsSystemImpl.java:register(276)) - Sink prometheus already exists!
2019-10-02 22:34:23,303 [main] INFO  server.BaseHttpServer (BaseHttpServer.java:updateConnectorAddress(215)) - HTTP server of HDDSDATANODE is listening at http://0.0.0.0:35248
2019-10-02 22:34:23,303 [main] INFO  impl.MetricsSystemImpl (MetricsSystemImpl.java:init(158)) - HddsDatanode metrics system started (again)
2019-10-02 22:34:23,307 [org.apache.hadoop.util.JvmPauseMonitor$Monitor@125e012e] INFO  util.JvmPauseMonitor (JvmPauseMonitor.java:run(188)) - Starting JVM pause monitor
2019-10-02 22:34:23,308 [main] INFO  ozone.HddsDatanodeService (HddsDatanodeService.java:start(184)) - HddsDatanodeService host:pr-hdds1737-lts7z-2510321508 ip:192.168.30.30
2019-10-02 22:34:23,309 [Datanode State Machine Thread - 0] INFO  datanode.InitDatanodeState (InitDatanodeState.java:persistContainerDatanodeDetails(140)) - DatanodeDetails is persisted to /workdir/hadoop-ozone/integration-test/target/test-dir/MiniOzoneClusterImpl-5b0c19db-6a49-40b5-ab5c-99aec8de0976/datanode-1/meta/datanode.id
2019-10-02 22:34:23,314 [main] INFO  volume.HddsVolume (HddsVolume.java:<init>(176)) - Creating Volume: /workdir/hadoop-ozone/integration-test/target/test-dir/MiniOzoneClusterImpl-5b0c19db-6a49-40b5-ab5c-99aec8de0976/datanode-2/data/containers/hdds of  storage type : DISK and capacity : 1482555576320
2019-10-02 22:34:23,314 [main] INFO  volume.VolumeSet (VolumeSet.java:initializeVolumeSet(170)) - Added Volume : /workdir/hadoop-ozone/integration-test/target/test-dir/MiniOzoneClusterImpl-5b0c19db-6a49-40b5-ab5c-99aec8de0976/datanode-2/data/containers/hdds to VolumeSet
2019-10-02 22:34:23,314 [main] INFO  volume.ThrottledAsyncChecker (ThrottledAsyncChecker.java:schedule(139)) - Scheduling a check for org.apache.hadoop.ozone.container.common.volume.HddsVolume@d8835af
2019-10-02 22:34:23,315 [main] INFO  volume.HddsVolumeChecker (HddsVolumeChecker.java:checkAllVolumes(202)) - Scheduled health check for volume org.apache.hadoop.ozone.container.common.volume.HddsVolume@d8835af
2019-10-02 22:34:23,330 [main] INFO  impl.RaftServerProxy (ConfUtils.java:logGet(43)) - raft.rpc.type = GRPC (default)
2019-10-02 22:34:23,330 [main] INFO  grpc.GrpcFactory (GrpcFactory.java:checkPooledByteBufAllocatorUseCacheForAllThreads(45)) - PERFORMANCE WARNING: useCacheForAllThreads is true that may cause Netty to create a lot garbage objects and, as a result, trigger GC.
	It is recommended to disable useCacheForAllThreads by setting -Dorg.apache.ratis.thirdparty.io.netty.allocator.useCacheForAllThreads=false in command line.
2019-10-02 22:34:23,330 [main] INFO  grpc.GrpcConfigKeys$Server (ConfUtils.java:logGet(43)) - raft.grpc.server.port = 0 (default)
2019-10-02 22:34:23,331 [main] INFO  server.GrpcService (ConfUtils.java:logGet(43)) - raft.grpc.message.size.max = 33570816 (custom)
2019-10-02 22:34:23,331 [main] INFO  server.RaftServerConfigKeys (ConfUtils.java:logGet(43)) - raft.server.log.appender.buffer.byte-limit = 33554432 (custom)
2019-10-02 22:34:23,331 [main] INFO  server.GrpcService (ConfUtils.java:logGet(43)) - raft.grpc.flow.control.window = 1MB (=1048576) (default)
2019-10-02 22:34:23,331 [main] INFO  server.RaftServerConfigKeys (ConfUtils.java:logGet(43)) - raft.server.rpc.request.timeout = 3000ms (default)
2019-10-02 22:34:23,331 [main] INFO  server.RaftServerConfigKeys (ConfUtils.java:logGet(43)) - raft.server.storage.dir = [/workdir/hadoop-ozone/integration-test/target/test-dir/MiniOzoneClusterImpl-5b0c19db-6a49-40b5-ab5c-99aec8de0976/datanode-2/data/ratis] (custom)
2019-10-02 22:34:23,333 [main] INFO  hdfs.DFSUtil (DFSUtil.java:httpServerTemplateForNNAndJN(1641)) - Starting Web-server for hddsDatanode at: http://0.0.0.0:0
2019-10-02 22:34:23,334 [main] INFO  server.AuthenticationFilter (AuthenticationFilter.java:constructSecretProvider(240)) - Unable to initialize FileSignerSecretProvider, falling back to use random secrets.
2019-10-02 22:34:23,334 [main] WARN  http.HttpRequestLog (HttpRequestLog.java:getRequestLog(97)) - Jetty request log can only be enabled using Log4j
2019-10-02 22:34:23,336 [main] INFO  http.HttpServer2 (HttpServer2.java:addGlobalFilter(975)) - Added global filter 'safety' (class=org.apache.hadoop.http.HttpServer2$QuotingInputFilter)
2019-10-02 22:34:23,336 [main] INFO  http.HttpServer2 (HttpServer2.java:addFilter(948)) - Added filter static_user_filter (class=org.apache.hadoop.http.lib.StaticUserWebFilter$StaticUserFilter) to context hddsDatanode
2019-10-02 22:34:23,336 [main] INFO  http.HttpServer2 (HttpServer2.java:addFilter(958)) - Added filter static_user_filter (class=org.apache.hadoop.http.lib.StaticUserWebFilter$StaticUserFilter) to context static
2019-10-02 22:34:23,336 [main] INFO  http.HttpServer2 (HttpServer2.java:addFilter(958)) - Added filter static_user_filter (class=org.apache.hadoop.http.lib.StaticUserWebFilter$StaticUserFilter) to context logs
2019-10-02 22:34:23,337 [main] INFO  http.HttpServer2 (HttpServer2.java:bindListener(1191)) - Jetty bound to port 34694
2019-10-02 22:34:23,338 [main] INFO  server.Server (Server.java:doStart(351)) - jetty-9.3.25.v20180904, build timestamp: 2018-09-04T21:11:46Z, git hash: 3ce520221d0240229c862b122d2b06c12a625732
2019-10-02 22:34:23,339 [main] INFO  handler.ContextHandler (ContextHandler.java:doStart(781)) - Started o.e.j.s.ServletContextHandler@477523ba{/logs,file:///workdir/hadoop-ozone/integration-test/target/log,AVAILABLE}
2019-10-02 22:34:23,340 [main] INFO  handler.ContextHandler (ContextHandler.java:doStart(781)) - Started o.e.j.s.ServletContextHandler@78c74647{/static,jar:file:/home/user/.m2/repository/org/apache/hadoop/hadoop-hdds-container-service/0.5.0-SNAPSHOT/hadoop-hdds-container-service-0.5.0-SNAPSHOT.jar!/webapps/static,AVAILABLE}
2019-10-02 22:34:23,368 [main] INFO  handler.ContextHandler (ContextHandler.java:doStart(781)) - Started o.e.j.w.WebAppContext@5e193ef5{/,file:///tmp/jetty-0.0.0.0-34694-hddsDatanode-_-any-589410329229600537.dir/webapp/,AVAILABLE}{/hddsDatanode}
2019-10-02 22:34:23,368 [main] INFO  server.AbstractConnector (AbstractConnector.java:doStart(278)) - Started ServerConnector@106c988{HTTP/1.1,[http/1.1]}{0.0.0.0:34694}
2019-10-02 22:34:23,370 [main] INFO  server.Server (Server.java:doStart(419)) - Started @603223ms
2019-10-02 22:34:23,370 [main] WARN  impl.MetricsSystemImpl (MetricsSystemImpl.java:register(276)) - Sink prometheus already exists!
2019-10-02 22:34:23,371 [main] INFO  server.BaseHttpServer (BaseHttpServer.java:updateConnectorAddress(215)) - HTTP server of HDDSDATANODE is listening at http://0.0.0.0:34694
2019-10-02 22:34:23,371 [main] INFO  impl.MetricsSystemImpl (MetricsSystemImpl.java:init(158)) - HddsDatanode metrics system started (again)
2019-10-02 22:34:23,375 [org.apache.hadoop.util.JvmPauseMonitor$Monitor@78fdf655] INFO  util.JvmPauseMonitor (JvmPauseMonitor.java:run(188)) - Starting JVM pause monitor
2019-10-02 22:34:23,376 [Datanode State Machine Thread - 0] INFO  datanode.InitDatanodeState (InitDatanodeState.java:persistContainerDatanodeDetails(140)) - DatanodeDetails is persisted to /workdir/hadoop-ozone/integration-test/target/test-dir/MiniOzoneClusterImpl-5b0c19db-6a49-40b5-ab5c-99aec8de0976/datanode-2/meta/datanode.id
2019-10-02 22:34:23,376 [main] INFO  ozone.HddsDatanodeService (HddsDatanodeService.java:start(184)) - HddsDatanodeService host:pr-hdds1737-lts7z-2510321508 ip:192.168.30.30
2019-10-02 22:34:23,382 [main] INFO  volume.HddsVolume (HddsVolume.java:<init>(176)) - Creating Volume: /workdir/hadoop-ozone/integration-test/target/test-dir/MiniOzoneClusterImpl-5b0c19db-6a49-40b5-ab5c-99aec8de0976/datanode-3/data/containers/hdds of  storage type : DISK and capacity : 1482555576320
2019-10-02 22:34:23,382 [main] INFO  volume.VolumeSet (VolumeSet.java:initializeVolumeSet(170)) - Added Volume : /workdir/hadoop-ozone/integration-test/target/test-dir/MiniOzoneClusterImpl-5b0c19db-6a49-40b5-ab5c-99aec8de0976/datanode-3/data/containers/hdds to VolumeSet
2019-10-02 22:34:23,382 [main] INFO  volume.ThrottledAsyncChecker (ThrottledAsyncChecker.java:schedule(139)) - Scheduling a check for org.apache.hadoop.ozone.container.common.volume.HddsVolume@23e61112
2019-10-02 22:34:23,382 [main] INFO  volume.HddsVolumeChecker (HddsVolumeChecker.java:checkAllVolumes(202)) - Scheduled health check for volume org.apache.hadoop.ozone.container.common.volume.HddsVolume@23e61112
2019-10-02 22:34:23,397 [main] INFO  impl.RaftServerProxy (ConfUtils.java:logGet(43)) - raft.rpc.type = GRPC (default)
2019-10-02 22:34:23,397 [main] INFO  grpc.GrpcFactory (GrpcFactory.java:checkPooledByteBufAllocatorUseCacheForAllThreads(45)) - PERFORMANCE WARNING: useCacheForAllThreads is true that may cause Netty to create a lot garbage objects and, as a result, trigger GC.
	It is recommended to disable useCacheForAllThreads by setting -Dorg.apache.ratis.thirdparty.io.netty.allocator.useCacheForAllThreads=false in command line.
2019-10-02 22:34:23,397 [main] INFO  grpc.GrpcConfigKeys$Server (ConfUtils.java:logGet(43)) - raft.grpc.server.port = 0 (default)
2019-10-02 22:34:23,398 [main] INFO  server.GrpcService (ConfUtils.java:logGet(43)) - raft.grpc.message.size.max = 33570816 (custom)
2019-10-02 22:34:23,398 [main] INFO  server.RaftServerConfigKeys (ConfUtils.java:logGet(43)) - raft.server.log.appender.buffer.byte-limit = 33554432 (custom)
2019-10-02 22:34:23,398 [main] INFO  server.GrpcService (ConfUtils.java:logGet(43)) - raft.grpc.flow.control.window = 1MB (=1048576) (default)
2019-10-02 22:34:23,398 [main] INFO  server.RaftServerConfigKeys (ConfUtils.java:logGet(43)) - raft.server.rpc.request.timeout = 3000ms (default)
2019-10-02 22:34:23,399 [main] INFO  server.RaftServerConfigKeys (ConfUtils.java:logGet(43)) - raft.server.storage.dir = [/workdir/hadoop-ozone/integration-test/target/test-dir/MiniOzoneClusterImpl-5b0c19db-6a49-40b5-ab5c-99aec8de0976/datanode-3/data/ratis] (custom)
2019-10-02 22:34:23,401 [main] INFO  hdfs.DFSUtil (DFSUtil.java:httpServerTemplateForNNAndJN(1641)) - Starting Web-server for hddsDatanode at: http://0.0.0.0:0
2019-10-02 22:34:23,403 [main] INFO  server.AuthenticationFilter (AuthenticationFilter.java:constructSecretProvider(240)) - Unable to initialize FileSignerSecretProvider, falling back to use random secrets.
2019-10-02 22:34:23,403 [main] WARN  http.HttpRequestLog (HttpRequestLog.java:getRequestLog(97)) - Jetty request log can only be enabled using Log4j
2019-10-02 22:34:23,405 [main] INFO  http.HttpServer2 (HttpServer2.java:addGlobalFilter(975)) - Added global filter 'safety' (class=org.apache.hadoop.http.HttpServer2$QuotingInputFilter)
2019-10-02 22:34:23,411 [main] INFO  http.HttpServer2 (HttpServer2.java:addFilter(948)) - Added filter static_user_filter (class=org.apache.hadoop.http.lib.StaticUserWebFilter$StaticUserFilter) to context hddsDatanode
2019-10-02 22:34:23,411 [main] INFO  http.HttpServer2 (HttpServer2.java:addFilter(958)) - Added filter static_user_filter (class=org.apache.hadoop.http.lib.StaticUserWebFilter$StaticUserFilter) to context static
2019-10-02 22:34:23,411 [main] INFO  http.HttpServer2 (HttpServer2.java:addFilter(958)) - Added filter static_user_filter (class=org.apache.hadoop.http.lib.StaticUserWebFilter$StaticUserFilter) to context logs
2019-10-02 22:34:23,412 [main] INFO  http.HttpServer2 (HttpServer2.java:bindListener(1191)) - Jetty bound to port 42411
2019-10-02 22:34:23,413 [main] INFO  server.Server (Server.java:doStart(351)) - jetty-9.3.25.v20180904, build timestamp: 2018-09-04T21:11:46Z, git hash: 3ce520221d0240229c862b122d2b06c12a625732
2019-10-02 22:34:23,415 [main] INFO  handler.ContextHandler (ContextHandler.java:doStart(781)) - Started o.e.j.s.ServletContextHandler@2ce524d2{/logs,file:///workdir/hadoop-ozone/integration-test/target/log,AVAILABLE}
2019-10-02 22:34:23,416 [main] INFO  handler.ContextHandler (ContextHandler.java:doStart(781)) - Started o.e.j.s.ServletContextHandler@e3899fd{/static,jar:file:/home/user/.m2/repository/org/apache/hadoop/hadoop-hdds-container-service/0.5.0-SNAPSHOT/hadoop-hdds-container-service-0.5.0-SNAPSHOT.jar!/webapps/static,AVAILABLE}
2019-10-02 22:34:23,450 [main] INFO  handler.ContextHandler (ContextHandler.java:doStart(781)) - Started o.e.j.w.WebAppContext@ca7e37f{/,file:///tmp/jetty-0.0.0.0-42411-hddsDatanode-_-any-913082704894045220.dir/webapp/,AVAILABLE}{/hddsDatanode}
2019-10-02 22:34:23,451 [main] INFO  server.AbstractConnector (AbstractConnector.java:doStart(278)) - Started ServerConnector@99a8de3{HTTP/1.1,[http/1.1]}{0.0.0.0:42411}
2019-10-02 22:34:23,453 [main] INFO  server.Server (Server.java:doStart(419)) - Started @603306ms
2019-10-02 22:34:23,453 [main] WARN  impl.MetricsSystemImpl (MetricsSystemImpl.java:register(276)) - Sink prometheus already exists!
2019-10-02 22:34:23,454 [main] INFO  server.BaseHttpServer (BaseHttpServer.java:updateConnectorAddress(215)) - HTTP server of HDDSDATANODE is listening at http://0.0.0.0:42411
2019-10-02 22:34:23,454 [main] INFO  impl.MetricsSystemImpl (MetricsSystemImpl.java:init(158)) - HddsDatanode metrics system started (again)
2019-10-02 22:34:23,461 [org.apache.hadoop.util.JvmPauseMonitor$Monitor@4df2d570] INFO  util.JvmPauseMonitor (JvmPauseMonitor.java:run(188)) - Starting JVM pause monitor
2019-10-02 22:34:23,463 [main] INFO  ozone.HddsDatanodeService (HddsDatanodeService.java:start(184)) - HddsDatanodeService host:pr-hdds1737-lts7z-2510321508 ip:192.168.30.30
2019-10-02 22:34:23,463 [Datanode State Machine Thread - 0] INFO  datanode.InitDatanodeState (InitDatanodeState.java:persistContainerDatanodeDetails(140)) - DatanodeDetails is persisted to /workdir/hadoop-ozone/integration-test/target/test-dir/MiniOzoneClusterImpl-5b0c19db-6a49-40b5-ab5c-99aec8de0976/datanode-3/meta/datanode.id
2019-10-02 22:34:23,470 [main] INFO  volume.HddsVolume (HddsVolume.java:<init>(176)) - Creating Volume: /workdir/hadoop-ozone/integration-test/target/test-dir/MiniOzoneClusterImpl-5b0c19db-6a49-40b5-ab5c-99aec8de0976/datanode-4/data/containers/hdds of  storage type : DISK and capacity : 1482555576320
2019-10-02 22:34:23,471 [main] INFO  volume.VolumeSet (VolumeSet.java:initializeVolumeSet(170)) - Added Volume : /workdir/hadoop-ozone/integration-test/target/test-dir/MiniOzoneClusterImpl-5b0c19db-6a49-40b5-ab5c-99aec8de0976/datanode-4/data/containers/hdds to VolumeSet
2019-10-02 22:34:23,471 [main] INFO  volume.ThrottledAsyncChecker (ThrottledAsyncChecker.java:schedule(139)) - Scheduling a check for org.apache.hadoop.ozone.container.common.volume.HddsVolume@447521e
2019-10-02 22:34:23,471 [main] INFO  volume.HddsVolumeChecker (HddsVolumeChecker.java:checkAllVolumes(202)) - Scheduled health check for volume org.apache.hadoop.ozone.container.common.volume.HddsVolume@447521e
2019-10-02 22:34:23,488 [main] INFO  impl.RaftServerProxy (ConfUtils.java:logGet(43)) - raft.rpc.type = GRPC (default)
2019-10-02 22:34:23,488 [main] INFO  grpc.GrpcFactory (GrpcFactory.java:checkPooledByteBufAllocatorUseCacheForAllThreads(45)) - PERFORMANCE WARNING: useCacheForAllThreads is true that may cause Netty to create a lot garbage objects and, as a result, trigger GC.
	It is recommended to disable useCacheForAllThreads by setting -Dorg.apache.ratis.thirdparty.io.netty.allocator.useCacheForAllThreads=false in command line.
2019-10-02 22:34:23,488 [main] INFO  grpc.GrpcConfigKeys$Server (ConfUtils.java:logGet(43)) - raft.grpc.server.port = 0 (default)
2019-10-02 22:34:23,489 [main] INFO  server.GrpcService (ConfUtils.java:logGet(43)) - raft.grpc.message.size.max = 33570816 (custom)
2019-10-02 22:34:23,489 [main] INFO  server.RaftServerConfigKeys (ConfUtils.java:logGet(43)) - raft.server.log.appender.buffer.byte-limit = 33554432 (custom)
2019-10-02 22:34:23,489 [main] INFO  server.GrpcService (ConfUtils.java:logGet(43)) - raft.grpc.flow.control.window = 1MB (=1048576) (default)
2019-10-02 22:34:23,489 [main] INFO  server.RaftServerConfigKeys (ConfUtils.java:logGet(43)) - raft.server.rpc.request.timeout = 3000ms (default)
2019-10-02 22:34:23,490 [main] INFO  server.RaftServerConfigKeys (ConfUtils.java:logGet(43)) - raft.server.storage.dir = [/workdir/hadoop-ozone/integration-test/target/test-dir/MiniOzoneClusterImpl-5b0c19db-6a49-40b5-ab5c-99aec8de0976/datanode-4/data/ratis] (custom)
2019-10-02 22:34:23,491 [main] INFO  hdfs.DFSUtil (DFSUtil.java:httpServerTemplateForNNAndJN(1641)) - Starting Web-server for hddsDatanode at: http://0.0.0.0:0
2019-10-02 22:34:23,493 [main] INFO  server.AuthenticationFilter (AuthenticationFilter.java:constructSecretProvider(240)) - Unable to initialize FileSignerSecretProvider, falling back to use random secrets.
2019-10-02 22:34:23,493 [main] WARN  http.HttpRequestLog (HttpRequestLog.java:getRequestLog(97)) - Jetty request log can only be enabled using Log4j
2019-10-02 22:34:23,494 [main] INFO  http.HttpServer2 (HttpServer2.java:addGlobalFilter(975)) - Added global filter 'safety' (class=org.apache.hadoop.http.HttpServer2$QuotingInputFilter)
2019-10-02 22:34:23,495 [main] INFO  http.HttpServer2 (HttpServer2.java:addFilter(948)) - Added filter static_user_filter (class=org.apache.hadoop.http.lib.StaticUserWebFilter$StaticUserFilter) to context hddsDatanode
2019-10-02 22:34:23,495 [main] INFO  http.HttpServer2 (HttpServer2.java:addFilter(958)) - Added filter static_user_filter (class=org.apache.hadoop.http.lib.StaticUserWebFilter$StaticUserFilter) to context logs
2019-10-02 22:34:23,495 [main] INFO  http.HttpServer2 (HttpServer2.java:addFilter(958)) - Added filter static_user_filter (class=org.apache.hadoop.http.lib.StaticUserWebFilter$StaticUserFilter) to context static
2019-10-02 22:34:23,496 [main] INFO  http.HttpServer2 (HttpServer2.java:bindListener(1191)) - Jetty bound to port 44450
2019-10-02 22:34:23,496 [main] INFO  server.Server (Server.java:doStart(351)) - jetty-9.3.25.v20180904, build timestamp: 2018-09-04T21:11:46Z, git hash: 3ce520221d0240229c862b122d2b06c12a625732
2019-10-02 22:34:23,497 [main] INFO  handler.ContextHandler (ContextHandler.java:doStart(781)) - Started o.e.j.s.ServletContextHandler@9408857{/logs,file:///workdir/hadoop-ozone/integration-test/target/log,AVAILABLE}
2019-10-02 22:34:23,498 [main] INFO  handler.ContextHandler (ContextHandler.java:doStart(781)) - Started o.e.j.s.ServletContextHandler@2f09e6b2{/static,jar:file:/home/user/.m2/repository/org/apache/hadoop/hadoop-hdds-container-service/0.5.0-SNAPSHOT/hadoop-hdds-container-service-0.5.0-SNAPSHOT.jar!/webapps/static,AVAILABLE}
2019-10-02 22:34:23,527 [main] INFO  handler.ContextHandler (ContextHandler.java:doStart(781)) - Started o.e.j.w.WebAppContext@1c7f9861{/,file:///tmp/jetty-0.0.0.0-44450-hddsDatanode-_-any-2478420155195632737.dir/webapp/,AVAILABLE}{/hddsDatanode}
2019-10-02 22:34:23,527 [main] INFO  server.AbstractConnector (AbstractConnector.java:doStart(278)) - Started ServerConnector@7a36c83a{HTTP/1.1,[http/1.1]}{0.0.0.0:44450}
2019-10-02 22:34:23,529 [main] INFO  server.Server (Server.java:doStart(419)) - Started @603382ms
2019-10-02 22:34:23,529 [main] WARN  impl.MetricsSystemImpl (MetricsSystemImpl.java:register(276)) - Sink prometheus already exists!
2019-10-02 22:34:23,529 [main] INFO  server.BaseHttpServer (BaseHttpServer.java:updateConnectorAddress(215)) - HTTP server of HDDSDATANODE is listening at http://0.0.0.0:44450
2019-10-02 22:34:23,530 [main] INFO  impl.MetricsSystemImpl (MetricsSystemImpl.java:init(158)) - HddsDatanode metrics system started (again)
2019-10-02 22:34:23,535 [org.apache.hadoop.util.JvmPauseMonitor$Monitor@6d1257a] INFO  util.JvmPauseMonitor (JvmPauseMonitor.java:run(188)) - Starting JVM pause monitor
2019-10-02 22:34:23,536 [main] INFO  ozone.HddsDatanodeService (HddsDatanodeService.java:start(184)) - HddsDatanodeService host:pr-hdds1737-lts7z-2510321508 ip:192.168.30.30
2019-10-02 22:34:23,536 [Datanode State Machine Thread - 0] INFO  datanode.InitDatanodeState (InitDatanodeState.java:persistContainerDatanodeDetails(140)) - DatanodeDetails is persisted to /workdir/hadoop-ozone/integration-test/target/test-dir/MiniOzoneClusterImpl-5b0c19db-6a49-40b5-ab5c-99aec8de0976/datanode-4/meta/datanode.id
2019-10-02 22:34:23,542 [main] INFO  volume.HddsVolume (HddsVolume.java:<init>(176)) - Creating Volume: /workdir/hadoop-ozone/integration-test/target/test-dir/MiniOzoneClusterImpl-5b0c19db-6a49-40b5-ab5c-99aec8de0976/datanode-5/data/containers/hdds of  storage type : DISK and capacity : 1482555576320
2019-10-02 22:34:23,542 [main] INFO  volume.VolumeSet (VolumeSet.java:initializeVolumeSet(170)) - Added Volume : /workdir/hadoop-ozone/integration-test/target/test-dir/MiniOzoneClusterImpl-5b0c19db-6a49-40b5-ab5c-99aec8de0976/datanode-5/data/containers/hdds to VolumeSet
2019-10-02 22:34:23,542 [main] INFO  volume.ThrottledAsyncChecker (ThrottledAsyncChecker.java:schedule(139)) - Scheduling a check for org.apache.hadoop.ozone.container.common.volume.HddsVolume@35563e4c
2019-10-02 22:34:23,544 [main] INFO  volume.HddsVolumeChecker (HddsVolumeChecker.java:checkAllVolumes(202)) - Scheduled health check for volume org.apache.hadoop.ozone.container.common.volume.HddsVolume@35563e4c
2019-10-02 22:34:23,555 [main] INFO  impl.RaftServerProxy (ConfUtils.java:logGet(43)) - raft.rpc.type = GRPC (default)
2019-10-02 22:34:23,555 [main] INFO  grpc.GrpcFactory (GrpcFactory.java:checkPooledByteBufAllocatorUseCacheForAllThreads(45)) - PERFORMANCE WARNING: useCacheForAllThreads is true that may cause Netty to create a lot garbage objects and, as a result, trigger GC.
	It is recommended to disable useCacheForAllThreads by setting -Dorg.apache.ratis.thirdparty.io.netty.allocator.useCacheForAllThreads=false in command line.
2019-10-02 22:34:23,556 [main] INFO  grpc.GrpcConfigKeys$Server (ConfUtils.java:logGet(43)) - raft.grpc.server.port = 0 (default)
2019-10-02 22:34:23,556 [main] INFO  server.GrpcService (ConfUtils.java:logGet(43)) - raft.grpc.message.size.max = 33570816 (custom)
2019-10-02 22:34:23,556 [main] INFO  server.RaftServerConfigKeys (ConfUtils.java:logGet(43)) - raft.server.log.appender.buffer.byte-limit = 33554432 (custom)
2019-10-02 22:34:23,556 [main] INFO  server.GrpcService (ConfUtils.java:logGet(43)) - raft.grpc.flow.control.window = 1MB (=1048576) (default)
2019-10-02 22:34:23,556 [main] INFO  server.RaftServerConfigKeys (ConfUtils.java:logGet(43)) - raft.server.rpc.request.timeout = 3000ms (default)
2019-10-02 22:34:23,557 [main] INFO  server.RaftServerConfigKeys (ConfUtils.java:logGet(43)) - raft.server.storage.dir = [/workdir/hadoop-ozone/integration-test/target/test-dir/MiniOzoneClusterImpl-5b0c19db-6a49-40b5-ab5c-99aec8de0976/datanode-5/data/ratis] (custom)
2019-10-02 22:34:23,558 [main] INFO  hdfs.DFSUtil (DFSUtil.java:httpServerTemplateForNNAndJN(1641)) - Starting Web-server for hddsDatanode at: http://0.0.0.0:0
2019-10-02 22:34:23,559 [main] INFO  server.AuthenticationFilter (AuthenticationFilter.java:constructSecretProvider(240)) - Unable to initialize FileSignerSecretProvider, falling back to use random secrets.
2019-10-02 22:34:23,559 [main] WARN  http.HttpRequestLog (HttpRequestLog.java:getRequestLog(97)) - Jetty request log can only be enabled using Log4j
2019-10-02 22:34:23,560 [main] INFO  http.HttpServer2 (HttpServer2.java:addGlobalFilter(975)) - Added global filter 'safety' (class=org.apache.hadoop.http.HttpServer2$QuotingInputFilter)
2019-10-02 22:34:23,561 [main] INFO  http.HttpServer2 (HttpServer2.java:addFilter(948)) - Added filter static_user_filter (class=org.apache.hadoop.http.lib.StaticUserWebFilter$StaticUserFilter) to context hddsDatanode
2019-10-02 22:34:23,561 [main] INFO  http.HttpServer2 (HttpServer2.java:addFilter(958)) - Added filter static_user_filter (class=org.apache.hadoop.http.lib.StaticUserWebFilter$StaticUserFilter) to context logs
2019-10-02 22:34:23,561 [main] INFO  http.HttpServer2 (HttpServer2.java:addFilter(958)) - Added filter static_user_filter (class=org.apache.hadoop.http.lib.StaticUserWebFilter$StaticUserFilter) to context static
2019-10-02 22:34:23,561 [main] INFO  http.HttpServer2 (HttpServer2.java:bindListener(1191)) - Jetty bound to port 34688
2019-10-02 22:34:23,561 [main] INFO  server.Server (Server.java:doStart(351)) - jetty-9.3.25.v20180904, build timestamp: 2018-09-04T21:11:46Z, git hash: 3ce520221d0240229c862b122d2b06c12a625732
2019-10-02 22:34:23,563 [main] INFO  handler.ContextHandler (ContextHandler.java:doStart(781)) - Started o.e.j.s.ServletContextHandler@6ce26986{/logs,file:///workdir/hadoop-ozone/integration-test/target/log,AVAILABLE}
2019-10-02 22:34:23,563 [main] INFO  handler.ContextHandler (ContextHandler.java:doStart(781)) - Started o.e.j.s.ServletContextHandler@6d6cd1e0{/static,jar:file:/home/user/.m2/repository/org/apache/hadoop/hadoop-hdds-container-service/0.5.0-SNAPSHOT/hadoop-hdds-container-service-0.5.0-SNAPSHOT.jar!/webapps/static,AVAILABLE}
2019-10-02 22:34:23,589 [main] INFO  handler.ContextHandler (ContextHandler.java:doStart(781)) - Started o.e.j.w.WebAppContext@7cd5fcf4{/,file:///tmp/jetty-0.0.0.0-34688-hddsDatanode-_-any-7651858648936505386.dir/webapp/,AVAILABLE}{/hddsDatanode}
2019-10-02 22:34:23,590 [main] INFO  server.AbstractConnector (AbstractConnector.java:doStart(278)) - Started ServerConnector@19cdc217{HTTP/1.1,[http/1.1]}{0.0.0.0:34688}
2019-10-02 22:34:23,592 [main] INFO  server.Server (Server.java:doStart(419)) - Started @603445ms
2019-10-02 22:34:23,592 [main] WARN  impl.MetricsSystemImpl (MetricsSystemImpl.java:register(276)) - Sink prometheus already exists!
2019-10-02 22:34:23,592 [main] INFO  server.BaseHttpServer (BaseHttpServer.java:updateConnectorAddress(215)) - HTTP server of HDDSDATANODE is listening at http://0.0.0.0:34688
2019-10-02 22:34:23,593 [main] INFO  impl.MetricsSystemImpl (MetricsSystemImpl.java:init(158)) - HddsDatanode metrics system started (again)
2019-10-02 22:34:23,598 [org.apache.hadoop.util.JvmPauseMonitor$Monitor@73c3f6a7] INFO  util.JvmPauseMonitor (JvmPauseMonitor.java:run(188)) - Starting JVM pause monitor
2019-10-02 22:34:23,599 [main] INFO  ozone.HddsDatanodeService (HddsDatanodeService.java:start(184)) - HddsDatanodeService host:pr-hdds1737-lts7z-2510321508 ip:192.168.30.30
2019-10-02 22:34:23,600 [Datanode State Machine Thread - 0] INFO  datanode.InitDatanodeState (InitDatanodeState.java:persistContainerDatanodeDetails(140)) - DatanodeDetails is persisted to /workdir/hadoop-ozone/integration-test/target/test-dir/MiniOzoneClusterImpl-5b0c19db-6a49-40b5-ab5c-99aec8de0976/datanode-5/meta/datanode.id
2019-10-02 22:34:23,605 [main] INFO  volume.HddsVolume (HddsVolume.java:<init>(176)) - Creating Volume: /workdir/hadoop-ozone/integration-test/target/test-dir/MiniOzoneClusterImpl-5b0c19db-6a49-40b5-ab5c-99aec8de0976/datanode-6/data/containers/hdds of  storage type : DISK and capacity : 1482555576320
2019-10-02 22:34:23,605 [main] INFO  volume.VolumeSet (VolumeSet.java:initializeVolumeSet(170)) - Added Volume : /workdir/hadoop-ozone/integration-test/target/test-dir/MiniOzoneClusterImpl-5b0c19db-6a49-40b5-ab5c-99aec8de0976/datanode-6/data/containers/hdds to VolumeSet
2019-10-02 22:34:23,605 [main] INFO  volume.ThrottledAsyncChecker (ThrottledAsyncChecker.java:schedule(139)) - Scheduling a check for org.apache.hadoop.ozone.container.common.volume.HddsVolume@79add732
2019-10-02 22:34:23,606 [main] INFO  volume.HddsVolumeChecker (HddsVolumeChecker.java:checkAllVolumes(202)) - Scheduled health check for volume org.apache.hadoop.ozone.container.common.volume.HddsVolume@79add732
2019-10-02 22:34:23,619 [main] INFO  impl.RaftServerProxy (ConfUtils.java:logGet(43)) - raft.rpc.type = GRPC (default)
2019-10-02 22:34:23,619 [main] INFO  grpc.GrpcFactory (GrpcFactory.java:checkPooledByteBufAllocatorUseCacheForAllThreads(45)) - PERFORMANCE WARNING: useCacheForAllThreads is true that may cause Netty to create a lot garbage objects and, as a result, trigger GC.
	It is recommended to disable useCacheForAllThreads by setting -Dorg.apache.ratis.thirdparty.io.netty.allocator.useCacheForAllThreads=false in command line.
2019-10-02 22:34:23,619 [main] INFO  grpc.GrpcConfigKeys$Server (ConfUtils.java:logGet(43)) - raft.grpc.server.port = 0 (default)
2019-10-02 22:34:23,619 [main] INFO  server.GrpcService (ConfUtils.java:logGet(43)) - raft.grpc.message.size.max = 33570816 (custom)
2019-10-02 22:34:23,620 [main] INFO  server.RaftServerConfigKeys (ConfUtils.java:logGet(43)) - raft.server.log.appender.buffer.byte-limit = 33554432 (custom)
2019-10-02 22:34:23,620 [main] INFO  server.GrpcService (ConfUtils.java:logGet(43)) - raft.grpc.flow.control.window = 1MB (=1048576) (default)
2019-10-02 22:34:23,620 [main] INFO  server.RaftServerConfigKeys (ConfUtils.java:logGet(43)) - raft.server.rpc.request.timeout = 3000ms (default)
2019-10-02 22:34:23,620 [main] INFO  server.RaftServerConfigKeys (ConfUtils.java:logGet(43)) - raft.server.storage.dir = [/workdir/hadoop-ozone/integration-test/target/test-dir/MiniOzoneClusterImpl-5b0c19db-6a49-40b5-ab5c-99aec8de0976/datanode-6/data/ratis] (custom)
2019-10-02 22:34:23,621 [main] INFO  hdfs.DFSUtil (DFSUtil.java:httpServerTemplateForNNAndJN(1641)) - Starting Web-server for hddsDatanode at: http://0.0.0.0:0
2019-10-02 22:34:23,623 [main] INFO  server.AuthenticationFilter (AuthenticationFilter.java:constructSecretProvider(240)) - Unable to initialize FileSignerSecretProvider, falling back to use random secrets.
2019-10-02 22:34:23,623 [main] WARN  http.HttpRequestLog (HttpRequestLog.java:getRequestLog(97)) - Jetty request log can only be enabled using Log4j
2019-10-02 22:34:23,624 [main] INFO  http.HttpServer2 (HttpServer2.java:addGlobalFilter(975)) - Added global filter 'safety' (class=org.apache.hadoop.http.HttpServer2$QuotingInputFilter)
2019-10-02 22:34:23,625 [main] INFO  http.HttpServer2 (HttpServer2.java:addFilter(948)) - Added filter static_user_filter (class=org.apache.hadoop.http.lib.StaticUserWebFilter$StaticUserFilter) to context hddsDatanode
2019-10-02 22:34:23,625 [main] INFO  http.HttpServer2 (HttpServer2.java:addFilter(958)) - Added filter static_user_filter (class=org.apache.hadoop.http.lib.StaticUserWebFilter$StaticUserFilter) to context static
2019-10-02 22:34:23,625 [main] INFO  http.HttpServer2 (HttpServer2.java:addFilter(958)) - Added filter static_user_filter (class=org.apache.hadoop.http.lib.StaticUserWebFilter$StaticUserFilter) to context logs
2019-10-02 22:34:23,626 [main] INFO  http.HttpServer2 (HttpServer2.java:bindListener(1191)) - Jetty bound to port 39634
2019-10-02 22:34:23,626 [main] INFO  server.Server (Server.java:doStart(351)) - jetty-9.3.25.v20180904, build timestamp: 2018-09-04T21:11:46Z, git hash: 3ce520221d0240229c862b122d2b06c12a625732
2019-10-02 22:34:23,629 [main] INFO  handler.ContextHandler (ContextHandler.java:doStart(781)) - Started o.e.j.s.ServletContextHandler@798cf6d2{/logs,file:///workdir/hadoop-ozone/integration-test/target/log,AVAILABLE}
2019-10-02 22:34:23,629 [main] INFO  handler.ContextHandler (ContextHandler.java:doStart(781)) - Started o.e.j.s.ServletContextHandler@77c66a4f{/static,jar:file:/home/user/.m2/repository/org/apache/hadoop/hadoop-hdds-container-service/0.5.0-SNAPSHOT/hadoop-hdds-container-service-0.5.0-SNAPSHOT.jar!/webapps/static,AVAILABLE}
2019-10-02 22:34:23,655 [main] INFO  handler.ContextHandler (ContextHandler.java:doStart(781)) - Started o.e.j.w.WebAppContext@2b0454d2{/,file:///tmp/jetty-0.0.0.0-39634-hddsDatanode-_-any-3813072384289105760.dir/webapp/,AVAILABLE}{/hddsDatanode}
2019-10-02 22:34:23,655 [main] INFO  server.AbstractConnector (AbstractConnector.java:doStart(278)) - Started ServerConnector@2616b618{HTTP/1.1,[http/1.1]}{0.0.0.0:39634}
2019-10-02 22:34:23,664 [main] INFO  server.Server (Server.java:doStart(419)) - Started @603509ms
2019-10-02 22:34:23,664 [main] WARN  impl.MetricsSystemImpl (MetricsSystemImpl.java:register(276)) - Sink prometheus already exists!
2019-10-02 22:34:23,665 [main] INFO  server.BaseHttpServer (BaseHttpServer.java:updateConnectorAddress(215)) - HTTP server of HDDSDATANODE is listening at http://0.0.0.0:39634
2019-10-02 22:34:23,665 [main] INFO  ozone.MiniOzoneClusterImpl (MiniOzoneClusterImpl.java:lambda$waitForClusterToBeReady$0(147)) - Waiting for cluster to be ready. Got 0 of 7 DN Heartbeats.
2019-10-02 22:34:23,666 [org.apache.hadoop.util.JvmPauseMonitor$Monitor@1c35e175] INFO  util.JvmPauseMonitor (JvmPauseMonitor.java:run(188)) - Starting JVM pause monitor
2019-10-02 22:34:23,667 [Datanode State Machine Thread - 0] INFO  datanode.InitDatanodeState (InitDatanodeState.java:persistContainerDatanodeDetails(140)) - DatanodeDetails is persisted to /workdir/hadoop-ozone/integration-test/target/test-dir/MiniOzoneClusterImpl-5b0c19db-6a49-40b5-ab5c-99aec8de0976/datanode-6/meta/datanode.id
2019-10-02 22:34:24,665 [main] INFO  ozone.MiniOzoneClusterImpl (MiniOzoneClusterImpl.java:lambda$waitForClusterToBeReady$0(147)) - Waiting for cluster to be ready. Got 0 of 7 DN Heartbeats.
2019-10-02 22:34:25,277 [Datanode State Machine Thread - 0] INFO  ozoneimpl.OzoneContainer (OzoneContainer.java:start(217)) - Attempting to start container services.
2019-10-02 22:34:25,278 [Datanode State Machine Thread - 0] INFO  ozoneimpl.OzoneContainer (OzoneContainer.java:startContainerScrub(179)) - Background container scanner has been disabled.
2019-10-02 22:34:25,278 [Datanode State Machine Thread - 0] INFO  ratis.XceiverServerRatis (XceiverServerRatis.java:start(417)) - Starting XceiverServerRatis cd6023cc-5bcd-4149-91cf-c15310459986 at port 0
2019-10-02 22:34:25,285 [Datanode State Machine Thread - 0] INFO  impl.RaftServerProxy (RaftServerProxy.java:lambda$start$3(299)) - cd6023cc-5bcd-4149-91cf-c15310459986: start RPC server
2019-10-02 22:34:25,295 [Datanode State Machine Thread - 0] INFO  server.GrpcService (GrpcService.java:startImpl(158)) - cd6023cc-5bcd-4149-91cf-c15310459986: GrpcService started, listening on 0.0.0.0/0.0.0.0:45939
2019-10-02 22:34:25,295 [Datanode State Machine Thread - 0] INFO  ratis.XceiverServerRatis (XceiverServerRatis.java:start(427)) - XceiverServerRatis cd6023cc-5bcd-4149-91cf-c15310459986 is started using port 45939
2019-10-02 22:34:25,295 [Datanode State Machine Thread - 0] INFO  server.XceiverServerGrpc (XceiverServerGrpc.java:start(149)) - XceiverServerGrpc cd6023cc-5bcd-4149-91cf-c15310459986 is started using port 36614
2019-10-02 22:34:25,332 [Datanode State Machine Thread - 0] INFO  ozoneimpl.OzoneContainer (OzoneContainer.java:start(217)) - Attempting to start container services.
2019-10-02 22:34:25,333 [Datanode State Machine Thread - 0] INFO  ozoneimpl.OzoneContainer (OzoneContainer.java:startContainerScrub(179)) - Background container scanner has been disabled.
2019-10-02 22:34:25,333 [Datanode State Machine Thread - 0] INFO  ratis.XceiverServerRatis (XceiverServerRatis.java:start(417)) - Starting XceiverServerRatis f09ae49d-7355-48d3-a9b4-1ae74d70d940 at port 0
2019-10-02 22:34:25,337 [Datanode State Machine Thread - 0] INFO  impl.RaftServerProxy (RaftServerProxy.java:lambda$start$3(299)) - f09ae49d-7355-48d3-a9b4-1ae74d70d940: start RPC server
2019-10-02 22:34:25,338 [Datanode State Machine Thread - 0] INFO  server.GrpcService (GrpcService.java:startImpl(158)) - f09ae49d-7355-48d3-a9b4-1ae74d70d940: GrpcService started, listening on 0.0.0.0/0.0.0.0:39415
2019-10-02 22:34:25,338 [Datanode State Machine Thread - 0] INFO  ratis.XceiverServerRatis (XceiverServerRatis.java:start(427)) - XceiverServerRatis f09ae49d-7355-48d3-a9b4-1ae74d70d940 is started using port 39415
2019-10-02 22:34:25,339 [Datanode State Machine Thread - 0] INFO  server.XceiverServerGrpc (XceiverServerGrpc.java:start(149)) - XceiverServerGrpc f09ae49d-7355-48d3-a9b4-1ae74d70d940 is started using port 40848
2019-10-02 22:34:25,399 [Datanode State Machine Thread - 0] INFO  ozoneimpl.OzoneContainer (OzoneContainer.java:start(217)) - Attempting to start container services.
2019-10-02 22:34:25,400 [Datanode State Machine Thread - 0] INFO  ozoneimpl.OzoneContainer (OzoneContainer.java:startContainerScrub(179)) - Background container scanner has been disabled.
2019-10-02 22:34:25,400 [Datanode State Machine Thread - 0] INFO  ratis.XceiverServerRatis (XceiverServerRatis.java:start(417)) - Starting XceiverServerRatis de247872-8e5b-41ff-85ec-0a9b8e009629 at port 0
2019-10-02 22:34:25,405 [Datanode State Machine Thread - 0] INFO  impl.RaftServerProxy (RaftServerProxy.java:lambda$start$3(299)) - de247872-8e5b-41ff-85ec-0a9b8e009629: start RPC server
2019-10-02 22:34:25,405 [Datanode State Machine Thread - 0] INFO  server.GrpcService (GrpcService.java:startImpl(158)) - de247872-8e5b-41ff-85ec-0a9b8e009629: GrpcService started, listening on 0.0.0.0/0.0.0.0:44982
2019-10-02 22:34:25,405 [Datanode State Machine Thread - 0] INFO  ratis.XceiverServerRatis (XceiverServerRatis.java:start(427)) - XceiverServerRatis de247872-8e5b-41ff-85ec-0a9b8e009629 is started using port 44982
2019-10-02 22:34:25,408 [Datanode State Machine Thread - 0] INFO  server.XceiverServerGrpc (XceiverServerGrpc.java:start(149)) - XceiverServerGrpc de247872-8e5b-41ff-85ec-0a9b8e009629 is started using port 40040
2019-10-02 22:34:25,482 [Datanode State Machine Thread - 0] INFO  ozoneimpl.OzoneContainer (OzoneContainer.java:start(217)) - Attempting to start container services.
2019-10-02 22:34:25,482 [Datanode State Machine Thread - 0] INFO  ozoneimpl.OzoneContainer (OzoneContainer.java:startContainerScrub(179)) - Background container scanner has been disabled.
2019-10-02 22:34:25,482 [Datanode State Machine Thread - 0] INFO  ratis.XceiverServerRatis (XceiverServerRatis.java:start(417)) - Starting XceiverServerRatis 74659b3f-c24c-4f39-a0be-420e845131f6 at port 0
2019-10-02 22:34:25,487 [Datanode State Machine Thread - 0] INFO  impl.RaftServerProxy (RaftServerProxy.java:lambda$start$3(299)) - 74659b3f-c24c-4f39-a0be-420e845131f6: start RPC server
2019-10-02 22:34:25,488 [Datanode State Machine Thread - 0] INFO  server.GrpcService (GrpcService.java:startImpl(158)) - 74659b3f-c24c-4f39-a0be-420e845131f6: GrpcService started, listening on 0.0.0.0/0.0.0.0:39325
2019-10-02 22:34:25,488 [Datanode State Machine Thread - 0] INFO  ratis.XceiverServerRatis (XceiverServerRatis.java:start(427)) - XceiverServerRatis 74659b3f-c24c-4f39-a0be-420e845131f6 is started using port 39325
2019-10-02 22:34:25,488 [Datanode State Machine Thread - 0] INFO  server.XceiverServerGrpc (XceiverServerGrpc.java:start(149)) - XceiverServerGrpc 74659b3f-c24c-4f39-a0be-420e845131f6 is started using port 46582
2019-10-02 22:34:25,559 [Datanode State Machine Thread - 0] INFO  ozoneimpl.OzoneContainer (OzoneContainer.java:start(217)) - Attempting to start container services.
2019-10-02 22:34:25,560 [Datanode State Machine Thread - 0] INFO  ozoneimpl.OzoneContainer (OzoneContainer.java:startContainerScrub(179)) - Background container scanner has been disabled.
2019-10-02 22:34:25,560 [Datanode State Machine Thread - 0] INFO  ratis.XceiverServerRatis (XceiverServerRatis.java:start(417)) - Starting XceiverServerRatis 235d8df1-b638-45e8-a9c5-4bfd9a856101 at port 0
2019-10-02 22:34:25,565 [Datanode State Machine Thread - 0] INFO  impl.RaftServerProxy (RaftServerProxy.java:lambda$start$3(299)) - 235d8df1-b638-45e8-a9c5-4bfd9a856101: start RPC server
2019-10-02 22:34:25,566 [Datanode State Machine Thread - 0] INFO  server.GrpcService (GrpcService.java:startImpl(158)) - 235d8df1-b638-45e8-a9c5-4bfd9a856101: GrpcService started, listening on 0.0.0.0/0.0.0.0:45811
2019-10-02 22:34:25,566 [Datanode State Machine Thread - 0] INFO  ratis.XceiverServerRatis (XceiverServerRatis.java:start(427)) - XceiverServerRatis 235d8df1-b638-45e8-a9c5-4bfd9a856101 is started using port 45811
2019-10-02 22:34:25,566 [Datanode State Machine Thread - 0] INFO  server.XceiverServerGrpc (XceiverServerGrpc.java:start(149)) - XceiverServerGrpc 235d8df1-b638-45e8-a9c5-4bfd9a856101 is started using port 43455
2019-10-02 22:34:25,623 [Datanode State Machine Thread - 0] INFO  ozoneimpl.OzoneContainer (OzoneContainer.java:start(217)) - Attempting to start container services.
2019-10-02 22:34:25,623 [Datanode State Machine Thread - 0] INFO  ozoneimpl.OzoneContainer (OzoneContainer.java:startContainerScrub(179)) - Background container scanner has been disabled.
2019-10-02 22:34:25,624 [Datanode State Machine Thread - 0] INFO  ratis.XceiverServerRatis (XceiverServerRatis.java:start(417)) - Starting XceiverServerRatis f016b09c-ac10-4c80-a5da-2657148b46c2 at port 0
2019-10-02 22:34:25,627 [Datanode State Machine Thread - 0] INFO  impl.RaftServerProxy (RaftServerProxy.java:lambda$start$3(299)) - f016b09c-ac10-4c80-a5da-2657148b46c2: start RPC server
2019-10-02 22:34:25,628 [Datanode State Machine Thread - 0] INFO  server.GrpcService (GrpcService.java:startImpl(158)) - f016b09c-ac10-4c80-a5da-2657148b46c2: GrpcService started, listening on 0.0.0.0/0.0.0.0:40909
2019-10-02 22:34:25,628 [Datanode State Machine Thread - 0] INFO  ratis.XceiverServerRatis (XceiverServerRatis.java:start(427)) - XceiverServerRatis f016b09c-ac10-4c80-a5da-2657148b46c2 is started using port 40909
2019-10-02 22:34:25,628 [Datanode State Machine Thread - 0] INFO  server.XceiverServerGrpc (XceiverServerGrpc.java:start(149)) - XceiverServerGrpc f016b09c-ac10-4c80-a5da-2657148b46c2 is started using port 34848
2019-10-02 22:34:25,666 [main] INFO  ozone.MiniOzoneClusterImpl (MiniOzoneClusterImpl.java:lambda$waitForClusterToBeReady$0(147)) - Waiting for cluster to be ready. Got 0 of 7 DN Heartbeats.
2019-10-02 22:34:25,691 [Datanode State Machine Thread - 0] INFO  ozoneimpl.OzoneContainer (OzoneContainer.java:start(217)) - Attempting to start container services.
2019-10-02 22:34:25,691 [Datanode State Machine Thread - 0] INFO  ozoneimpl.OzoneContainer (OzoneContainer.java:startContainerScrub(179)) - Background container scanner has been disabled.
2019-10-02 22:34:25,691 [Datanode State Machine Thread - 0] INFO  ratis.XceiverServerRatis (XceiverServerRatis.java:start(417)) - Starting XceiverServerRatis af83997b-625b-464c-8c84-b76449839829 at port 0
2019-10-02 22:34:25,698 [Datanode State Machine Thread - 0] INFO  impl.RaftServerProxy (RaftServerProxy.java:lambda$start$3(299)) - af83997b-625b-464c-8c84-b76449839829: start RPC server
2019-10-02 22:34:25,699 [Datanode State Machine Thread - 0] INFO  server.GrpcService (GrpcService.java:startImpl(158)) - af83997b-625b-464c-8c84-b76449839829: GrpcService started, listening on 0.0.0.0/0.0.0.0:46711
2019-10-02 22:34:25,699 [Datanode State Machine Thread - 0] INFO  ratis.XceiverServerRatis (XceiverServerRatis.java:start(427)) - XceiverServerRatis af83997b-625b-464c-8c84-b76449839829 is started using port 46711
2019-10-02 22:34:25,699 [Datanode State Machine Thread - 0] INFO  server.XceiverServerGrpc (XceiverServerGrpc.java:start(149)) - XceiverServerGrpc af83997b-625b-464c-8c84-b76449839829 is started using port 38538
2019-10-02 22:34:26,666 [main] INFO  ozone.MiniOzoneClusterImpl (MiniOzoneClusterImpl.java:lambda$waitForClusterToBeReady$0(147)) - Waiting for cluster to be ready. Got 0 of 7 DN Heartbeats.
2019-10-02 22:34:27,248 [IPC Server handler 6 on 43416] INFO  net.NetworkTopology (NetworkTopologyImpl.java:add(111)) - Added a new node: /default-rack/cd6023cc-5bcd-4149-91cf-c15310459986
2019-10-02 22:34:27,250 [IPC Server handler 6 on 43416] INFO  node.SCMNodeManager (SCMNodeManager.java:register(266)) - Registered Data node : cd6023cc-5bcd-4149-91cf-c15310459986{ip: 192.168.30.30, host: pr-hdds1737-lts7z-2510321508, networkLocation: /default-rack, certSerialId: null}
2019-10-02 22:34:27,250 [EventQueue-NodeRegistrationContainerReportForDataNodeSafeModeRule] INFO  safemode.SCMSafeModeManager (DataNodeSafeModeRule.java:process(71)) - SCM in safe mode. 1 DataNodes registered, 1 required.
2019-10-02 22:34:27,252 [EventQueue-NodeRegistrationContainerReportForDataNodeSafeModeRule] INFO  safemode.SCMSafeModeManager (SCMSafeModeManager.java:validateSafeModeExitRules(177)) - ScmSafeModeManager, all rules are successfully validated
2019-10-02 22:34:27,252 [EventQueue-NodeRegistrationContainerReportForDataNodeSafeModeRule] INFO  safemode.SCMSafeModeManager (SCMSafeModeManager.java:exitSafeMode(193)) - SCM exiting safe mode.
2019-10-02 22:34:27,277 [grpc-default-executor-2] INFO  impl.RaftServerProxy (RaftServerProxy.java:addNew(89)) - cd6023cc-5bcd-4149-91cf-c15310459986: addNew group-27FBF4E6319B:[cd6023cc-5bcd-4149-91cf-c15310459986:192.168.30.30:45939] returns group-27FBF4E6319B:java.util.concurrent.CompletableFuture@14ed3d91[Not completed]
2019-10-02 22:34:27,279 [pool-409-thread-1] INFO  impl.RaftServerImpl (RaftServerImpl.java:<init>(95)) - cd6023cc-5bcd-4149-91cf-c15310459986: new RaftServerImpl for group-27FBF4E6319B:[cd6023cc-5bcd-4149-91cf-c15310459986:192.168.30.30:45939] with ContainerStateMachine:uninitialized
2019-10-02 22:34:27,279 [pool-409-thread-1] INFO  server.RaftServerConfigKeys (ConfUtils.java:logGet(43)) - raft.server.rpc.timeout.min = 5s (custom)
2019-10-02 22:34:27,279 [pool-409-thread-1] INFO  server.RaftServerConfigKeys (ConfUtils.java:logGet(43)) - raft.server.rpc.timeout.max = 5200ms (custom)
2019-10-02 22:34:27,279 [pool-409-thread-1] INFO  server.RaftServerConfigKeys (ConfUtils.java:logGet(43)) - raft.server.rpcslowness.timeout = 120s (custom)
2019-10-02 22:34:27,279 [pool-409-thread-1] INFO  server.RaftServerConfigKeys (ConfUtils.java:logGet(43)) - raft.server.sleep.deviation.threshold = 300 (default)
2019-10-02 22:34:27,279 [pool-409-thread-1] INFO  server.RaftServerConfigKeys (ConfUtils.java:logGet(43)) - raft.server.log.appender.install.snapshot.enabled = false (custom)
2019-10-02 22:34:27,279 [pool-409-thread-1] INFO  impl.RaftServerImpl (ServerState.java:<init>(103)) - cd6023cc-5bcd-4149-91cf-c15310459986@group-27FBF4E6319B: ConfigurationManager, init=-1: [cd6023cc-5bcd-4149-91cf-c15310459986:192.168.30.30:45939], old=null, confs=<EMPTY_MAP>
2019-10-02 22:34:27,280 [pool-409-thread-1] INFO  server.RaftServerConfigKeys (ConfUtils.java:logGet(43)) - raft.server.storage.dir = [/workdir/hadoop-ozone/integration-test/target/test-dir/MiniOzoneClusterImpl-5b0c19db-6a49-40b5-ab5c-99aec8de0976/datanode-0/data/ratis] (custom)
2019-10-02 22:34:27,280 [pool-409-thread-1] INFO  server.RaftServerConfigKeys (ConfUtils.java:logGet(43)) - raft.server.log.corruption.policy = EXCEPTION (default)
2019-10-02 22:34:27,280 [pool-409-thread-1] INFO  storage.RaftStorageDirectory (RaftStorageDirectory.java:analyzeStorage(246)) - The storage directory /workdir/hadoop-ozone/integration-test/target/test-dir/MiniOzoneClusterImpl-5b0c19db-6a49-40b5-ab5c-99aec8de0976/datanode-0/data/ratis/bffcb842-6154-4b62-8cbc-27fbf4e6319b does not exist. Creating ...
2019-10-02 22:34:27,294 [pool-409-thread-1] INFO  storage.RaftStorageDirectory (RaftStorageDirectory.java:tryLock(328)) - Lock on /workdir/hadoop-ozone/integration-test/target/test-dir/MiniOzoneClusterImpl-5b0c19db-6a49-40b5-ab5c-99aec8de0976/datanode-0/data/ratis/bffcb842-6154-4b62-8cbc-27fbf4e6319b/in_use.lock acquired by nodename 18586@pr-hdds1737-lts7z-2510321508
2019-10-02 22:34:27,308 [IPC Server handler 5 on 43416] INFO  net.NetworkTopology (NetworkTopologyImpl.java:add(111)) - Added a new node: /default-rack/f09ae49d-7355-48d3-a9b4-1ae74d70d940
2019-10-02 22:34:27,309 [IPC Server handler 5 on 43416] INFO  node.SCMNodeManager (SCMNodeManager.java:register(266)) - Registered Data node : f09ae49d-7355-48d3-a9b4-1ae74d70d940{ip: 192.168.30.30, host: pr-hdds1737-lts7z-2510321508, networkLocation: /default-rack, certSerialId: null}
2019-10-02 22:34:27,315 [pool-409-thread-1] INFO  storage.RaftStorage (RaftStorage.java:format(84)) - Storage directory /workdir/hadoop-ozone/integration-test/target/test-dir/MiniOzoneClusterImpl-5b0c19db-6a49-40b5-ab5c-99aec8de0976/datanode-0/data/ratis/bffcb842-6154-4b62-8cbc-27fbf4e6319b has been successfully formatted.
2019-10-02 22:34:27,315 [pool-409-thread-1] INFO  ratis.ContainerStateMachine (ContainerStateMachine.java:loadSnapshot(230)) - group-27FBF4E6319B: The snapshot info is null. Setting the last applied indexto:(t:0, i:~)
2019-10-02 22:34:27,315 [pool-409-thread-1] INFO  server.RaftServerConfigKeys (ConfUtils.java:logGet(43)) - raft.server.notification.no-leader.timeout = 120s (custom)
2019-10-02 22:34:27,315 [pool-409-thread-1] INFO  server.RaftServerConfigKeys (ConfUtils.java:logGet(43)) - raft.server.log.use.memory = false (default)
2019-10-02 22:34:27,315 [pool-409-thread-1] INFO  server.RaftServerConfigKeys (ConfUtils.java:logGet(43)) - raft.server.log.purge.gap = 1000000 (custom)
2019-10-02 22:34:27,315 [pool-409-thread-1] INFO  server.RaftServerConfigKeys (ConfUtils.java:logGet(43)) - raft.server.log.appender.buffer.byte-limit = 33554432 (custom)
2019-10-02 22:34:27,316 [pool-409-thread-1] INFO  server.RaftServerConfigKeys (ConfUtils.java:logGet(43)) - raft.server.log.segment.size.max = 1048576 (custom)
2019-10-02 22:34:27,317 [pool-409-thread-1] INFO  server.RaftServerConfigKeys (ConfUtils.java:logGet(43)) - raft.server.log.segment.cache.num.max = 2 (custom)
2019-10-02 22:34:27,317 [pool-409-thread-1] INFO  segmented.SegmentedRaftLogWorker (SegmentedRaftLogWorker.java:<init>(173)) - new cd6023cc-5bcd-4149-91cf-c15310459986@group-27FBF4E6319B-SegmentedRaftLogWorker for RaftStorage:Storage Directory /workdir/hadoop-ozone/integration-test/target/test-dir/MiniOzoneClusterImpl-5b0c19db-6a49-40b5-ab5c-99aec8de0976/datanode-0/data/ratis/bffcb842-6154-4b62-8cbc-27fbf4e6319b
2019-10-02 22:34:27,317 [pool-409-thread-1] INFO  server.RaftServerConfigKeys (ConfUtils.java:logGet(43)) - raft.server.log.queue.byte-limit = 2147483647 (custom)
2019-10-02 22:34:27,317 [pool-409-thread-1] INFO  server.RaftServerConfigKeys (ConfUtils.java:logGet(43)) - raft.server.log.queue.element-limit = 1024 (custom)
2019-10-02 22:34:27,318 [pool-409-thread-1] INFO  server.RaftServerConfigKeys (ConfUtils.java:logGet(43)) - raft.server.log.segment.size.max = 1048576 (custom)
2019-10-02 22:34:27,318 [pool-409-thread-1] INFO  server.RaftServerConfigKeys (ConfUtils.java:logGet(43)) - raft.server.log.preallocated.size = 16384 (custom)
2019-10-02 22:34:27,318 [pool-409-thread-1] INFO  server.RaftServerConfigKeys (ConfUtils.java:logGet(43)) - raft.server.log.write.buffer.size = 33554432 (custom)
2019-10-02 22:34:27,318 [pool-409-thread-1] INFO  server.RaftServerConfigKeys (ConfUtils.java:logGet(43)) - raft.server.log.force.sync.num = 128 (default)
2019-10-02 22:34:27,318 [pool-409-thread-1] INFO  server.RaftServerConfigKeys (ConfUtils.java:logGet(43)) - raft.server.log.statemachine.data.sync = true (default)
2019-10-02 22:34:27,318 [pool-409-thread-1] INFO  server.RaftServerConfigKeys (ConfUtils.java:logGet(43)) - raft.server.log.statemachine.data.sync.timeout = 10s (default)
2019-10-02 22:34:27,318 [pool-409-thread-1] INFO  server.RaftServerConfigKeys (ConfUtils.java:logGet(43)) - raft.server.log.statemachine.data.sync.timeout.retry = -1 (default)
2019-10-02 22:34:27,318 [pool-409-thread-1] INFO  server.RaftServerConfigKeys (ConfUtils.java:logGet(43)) - raft.server.log.statemachine.data.caching.enabled = true (custom)
2019-10-02 22:34:27,319 [pool-409-thread-1] INFO  segmented.SegmentedRaftLogWorker (SegmentedRaftLogWorker.java:lambda$new$0(128)) - cd6023cc-5bcd-4149-91cf-c15310459986@group-27FBF4E6319B-SegmentedRaftLogWorker: flushIndex: setUnconditionally 0 -> -1
2019-10-02 22:34:27,319 [pool-409-thread-1] INFO  server.RaftServerConfigKeys (ConfUtils.java:logGet(43)) - raft.server.snapshot.auto.trigger.enabled = true (custom)
2019-10-02 22:34:27,319 [pool-409-thread-1] INFO  server.RaftServerConfigKeys (ConfUtils.java:logGet(43)) - raft.server.snapshot.auto.trigger.threshold = 10000 (custom)
2019-10-02 22:34:27,319 [pool-409-thread-1] INFO  server.RaftServerConfigKeys (ConfUtils.java:logGet(43)) - raft.server.snapshot.retention.file.num = 5 (custom)
2019-10-02 22:34:27,319 [pool-409-thread-1] INFO  server.RaftServerConfigKeys (ConfUtils.java:logGet(43)) - raft.server.retrycache.expirytime = 600000ms (custom)
2019-10-02 22:34:27,321 [pool-409-thread-1] INFO  impl.RaftServerImpl (RaftServerImpl.java:start(181)) - cd6023cc-5bcd-4149-91cf-c15310459986@group-27FBF4E6319B: start as a follower, conf=-1: [cd6023cc-5bcd-4149-91cf-c15310459986:192.168.30.30:45939], old=null
2019-10-02 22:34:27,321 [pool-409-thread-1] INFO  impl.RaftServerImpl (RaftServerImpl.java:setRole(170)) - cd6023cc-5bcd-4149-91cf-c15310459986@group-27FBF4E6319B: changes role from      null to FOLLOWER at term 0 for startAsFollower
2019-10-02 22:34:27,321 [pool-409-thread-1] INFO  impl.RoleInfo (RoleInfo.java:updateAndGet(143)) - cd6023cc-5bcd-4149-91cf-c15310459986: start FollowerState
2019-10-02 22:34:27,321 [pool-409-thread-1] INFO  util.JmxRegister (JmxRegister.java:tryRegister(44)) - Successfully registered JMX Bean with object name Ratis:service=RaftServer,group=group-27FBF4E6319B,id=cd6023cc-5bcd-4149-91cf-c15310459986
2019-10-02 22:34:27,325 [RatisPipelineUtilsThread] INFO  pipeline.PipelineStateManager (PipelineStateManager.java:addPipeline(56)) - Created pipeline Pipeline[ Id: bffcb842-6154-4b62-8cbc-27fbf4e6319b, Nodes: cd6023cc-5bcd-4149-91cf-c15310459986{ip: 192.168.30.30, host: pr-hdds1737-lts7z-2510321508, networkLocation: /default-rack, certSerialId: null}, Type:RATIS, Factor:ONE, State:OPEN]
2019-10-02 22:34:27,331 [grpc-default-executor-2] INFO  impl.RaftServerProxy (RaftServerProxy.java:addNew(89)) - f09ae49d-7355-48d3-a9b4-1ae74d70d940: addNew group-41DA210EB040:[f09ae49d-7355-48d3-a9b4-1ae74d70d940:192.168.30.30:39415] returns group-41DA210EB040:java.util.concurrent.CompletableFuture@48417472[Not completed]
2019-10-02 22:34:27,332 [pool-419-thread-1] INFO  impl.RaftServerImpl (RaftServerImpl.java:<init>(95)) - f09ae49d-7355-48d3-a9b4-1ae74d70d940: new RaftServerImpl for group-41DA210EB040:[f09ae49d-7355-48d3-a9b4-1ae74d70d940:192.168.30.30:39415] with ContainerStateMachine:uninitialized
2019-10-02 22:34:27,332 [pool-419-thread-1] INFO  server.RaftServerConfigKeys (ConfUtils.java:logGet(43)) - raft.server.rpc.timeout.min = 5s (custom)
2019-10-02 22:34:27,332 [pool-419-thread-1] INFO  server.RaftServerConfigKeys (ConfUtils.java:logGet(43)) - raft.server.rpc.timeout.max = 5200ms (custom)
2019-10-02 22:34:27,332 [pool-419-thread-1] INFO  server.RaftServerConfigKeys (ConfUtils.java:logGet(43)) - raft.server.rpcslowness.timeout = 120s (custom)
2019-10-02 22:34:27,332 [pool-419-thread-1] INFO  server.RaftServerConfigKeys (ConfUtils.java:logGet(43)) - raft.server.sleep.deviation.threshold = 300 (default)
2019-10-02 22:34:27,333 [pool-419-thread-1] INFO  server.RaftServerConfigKeys (ConfUtils.java:logGet(43)) - raft.server.log.appender.install.snapshot.enabled = false (custom)
2019-10-02 22:34:27,333 [pool-419-thread-1] INFO  impl.RaftServerImpl (ServerState.java:<init>(103)) - f09ae49d-7355-48d3-a9b4-1ae74d70d940@group-41DA210EB040: ConfigurationManager, init=-1: [f09ae49d-7355-48d3-a9b4-1ae74d70d940:192.168.30.30:39415], old=null, confs=<EMPTY_MAP>
2019-10-02 22:34:27,333 [pool-419-thread-1] INFO  server.RaftServerConfigKeys (ConfUtils.java:logGet(43)) - raft.server.storage.dir = [/workdir/hadoop-ozone/integration-test/target/test-dir/MiniOzoneClusterImpl-5b0c19db-6a49-40b5-ab5c-99aec8de0976/datanode-1/data/ratis] (custom)
2019-10-02 22:34:27,333 [pool-419-thread-1] INFO  server.RaftServerConfigKeys (ConfUtils.java:logGet(43)) - raft.server.log.corruption.policy = EXCEPTION (default)
2019-10-02 22:34:27,333 [pool-419-thread-1] INFO  storage.RaftStorageDirectory (RaftStorageDirectory.java:analyzeStorage(246)) - The storage directory /workdir/hadoop-ozone/integration-test/target/test-dir/MiniOzoneClusterImpl-5b0c19db-6a49-40b5-ab5c-99aec8de0976/datanode-1/data/ratis/6b4d9a17-1f6f-4be5-bb65-41da210eb040 does not exist. Creating ...
2019-10-02 22:34:27,346 [pool-419-thread-1] INFO  storage.RaftStorageDirectory (RaftStorageDirectory.java:tryLock(328)) - Lock on /workdir/hadoop-ozone/integration-test/target/test-dir/MiniOzoneClusterImpl-5b0c19db-6a49-40b5-ab5c-99aec8de0976/datanode-1/data/ratis/6b4d9a17-1f6f-4be5-bb65-41da210eb040/in_use.lock acquired by nodename 18586@pr-hdds1737-lts7z-2510321508
2019-10-02 22:34:27,361 [pool-419-thread-1] INFO  storage.RaftStorage (RaftStorage.java:format(84)) - Storage directory /workdir/hadoop-ozone/integration-test/target/test-dir/MiniOzoneClusterImpl-5b0c19db-6a49-40b5-ab5c-99aec8de0976/datanode-1/data/ratis/6b4d9a17-1f6f-4be5-bb65-41da210eb040 has been successfully formatted.
2019-10-02 22:34:27,362 [pool-419-thread-1] INFO  ratis.ContainerStateMachine (ContainerStateMachine.java:loadSnapshot(230)) - group-41DA210EB040: The snapshot info is null. Setting the last applied indexto:(t:0, i:~)
2019-10-02 22:34:27,362 [pool-419-thread-1] INFO  server.RaftServerConfigKeys (ConfUtils.java:logGet(43)) - raft.server.notification.no-leader.timeout = 120s (custom)
2019-10-02 22:34:27,362 [pool-419-thread-1] INFO  server.RaftServerConfigKeys (ConfUtils.java:logGet(43)) - raft.server.log.use.memory = false (default)
2019-10-02 22:34:27,362 [pool-419-thread-1] INFO  server.RaftServerConfigKeys (ConfUtils.java:logGet(43)) - raft.server.log.purge.gap = 1000000 (custom)
2019-10-02 22:34:27,362 [pool-419-thread-1] INFO  server.RaftServerConfigKeys (ConfUtils.java:logGet(43)) - raft.server.log.appender.buffer.byte-limit = 33554432 (custom)
2019-10-02 22:34:27,363 [pool-419-thread-1] INFO  server.RaftServerConfigKeys (ConfUtils.java:logGet(43)) - raft.server.log.segment.size.max = 1048576 (custom)
2019-10-02 22:34:27,364 [pool-419-thread-1] INFO  server.RaftServerConfigKeys (ConfUtils.java:logGet(43)) - raft.server.log.segment.cache.num.max = 2 (custom)
2019-10-02 22:34:27,365 [pool-419-thread-1] INFO  segmented.SegmentedRaftLogWorker (SegmentedRaftLogWorker.java:<init>(173)) - new f09ae49d-7355-48d3-a9b4-1ae74d70d940@group-41DA210EB040-SegmentedRaftLogWorker for RaftStorage:Storage Directory /workdir/hadoop-ozone/integration-test/target/test-dir/MiniOzoneClusterImpl-5b0c19db-6a49-40b5-ab5c-99aec8de0976/datanode-1/data/ratis/6b4d9a17-1f6f-4be5-bb65-41da210eb040
2019-10-02 22:34:27,365 [pool-419-thread-1] INFO  server.RaftServerConfigKeys (ConfUtils.java:logGet(43)) - raft.server.log.queue.byte-limit = 2147483647 (custom)
2019-10-02 22:34:27,365 [pool-419-thread-1] INFO  server.RaftServerConfigKeys (ConfUtils.java:logGet(43)) - raft.server.log.queue.element-limit = 1024 (custom)
2019-10-02 22:34:27,365 [pool-419-thread-1] INFO  server.RaftServerConfigKeys (ConfUtils.java:logGet(43)) - raft.server.log.segment.size.max = 1048576 (custom)
2019-10-02 22:34:27,365 [pool-419-thread-1] INFO  server.RaftServerConfigKeys (ConfUtils.java:logGet(43)) - raft.server.log.preallocated.size = 16384 (custom)
2019-10-02 22:34:27,365 [pool-419-thread-1] INFO  server.RaftServerConfigKeys (ConfUtils.java:logGet(43)) - raft.server.log.write.buffer.size = 33554432 (custom)
2019-10-02 22:34:27,366 [pool-419-thread-1] INFO  server.RaftServerConfigKeys (ConfUtils.java:logGet(43)) - raft.server.log.force.sync.num = 128 (default)
2019-10-02 22:34:27,366 [pool-419-thread-1] INFO  server.RaftServerConfigKeys (ConfUtils.java:logGet(43)) - raft.server.log.statemachine.data.sync = true (default)
2019-10-02 22:34:27,366 [pool-419-thread-1] INFO  server.RaftServerConfigKeys (ConfUtils.java:logGet(43)) - raft.server.log.statemachine.data.sync.timeout = 10s (default)
2019-10-02 22:34:27,366 [pool-419-thread-1] INFO  server.RaftServerConfigKeys (ConfUtils.java:logGet(43)) - raft.server.log.statemachine.data.sync.timeout.retry = -1 (default)
2019-10-02 22:34:27,366 [pool-419-thread-1] INFO  server.RaftServerConfigKeys (ConfUtils.java:logGet(43)) - raft.server.log.statemachine.data.caching.enabled = true (custom)
2019-10-02 22:34:27,367 [pool-419-thread-1] INFO  segmented.SegmentedRaftLogWorker (SegmentedRaftLogWorker.java:lambda$new$0(128)) - f09ae49d-7355-48d3-a9b4-1ae74d70d940@group-41DA210EB040-SegmentedRaftLogWorker: flushIndex: setUnconditionally 0 -> -1
2019-10-02 22:34:27,367 [pool-419-thread-1] INFO  server.RaftServerConfigKeys (ConfUtils.java:logGet(43)) - raft.server.snapshot.auto.trigger.enabled = true (custom)
2019-10-02 22:34:27,367 [pool-419-thread-1] INFO  server.RaftServerConfigKeys (ConfUtils.java:logGet(43)) - raft.server.snapshot.auto.trigger.threshold = 10000 (custom)
2019-10-02 22:34:27,368 [pool-419-thread-1] INFO  server.RaftServerConfigKeys (ConfUtils.java:logGet(43)) - raft.server.snapshot.retention.file.num = 5 (custom)
2019-10-02 22:34:27,368 [pool-419-thread-1] INFO  server.RaftServerConfigKeys (ConfUtils.java:logGet(43)) - raft.server.retrycache.expirytime = 600000ms (custom)
2019-10-02 22:34:27,369 [pool-419-thread-1] INFO  impl.RaftServerImpl (RaftServerImpl.java:start(181)) - f09ae49d-7355-48d3-a9b4-1ae74d70d940@group-41DA210EB040: start as a follower, conf=-1: [f09ae49d-7355-48d3-a9b4-1ae74d70d940:192.168.30.30:39415], old=null
2019-10-02 22:34:27,369 [pool-419-thread-1] INFO  impl.RaftServerImpl (RaftServerImpl.java:setRole(170)) - f09ae49d-7355-48d3-a9b4-1ae74d70d940@group-41DA210EB040: changes role from      null to FOLLOWER at term 0 for startAsFollower
2019-10-02 22:34:27,370 [pool-419-thread-1] INFO  impl.RoleInfo (RoleInfo.java:updateAndGet(143)) - f09ae49d-7355-48d3-a9b4-1ae74d70d940: start FollowerState
2019-10-02 22:34:27,370 [pool-419-thread-1] INFO  util.JmxRegister (JmxRegister.java:tryRegister(44)) - Successfully registered JMX Bean with object name Ratis:service=RaftServer,group=group-41DA210EB040,id=f09ae49d-7355-48d3-a9b4-1ae74d70d940
2019-10-02 22:34:27,373 [RatisPipelineUtilsThread] INFO  pipeline.PipelineStateManager (PipelineStateManager.java:addPipeline(56)) - Created pipeline Pipeline[ Id: 6b4d9a17-1f6f-4be5-bb65-41da210eb040, Nodes: f09ae49d-7355-48d3-a9b4-1ae74d70d940{ip: 192.168.30.30, host: pr-hdds1737-lts7z-2510321508, networkLocation: /default-rack, certSerialId: null}, Type:RATIS, Factor:ONE, State:OPEN]
2019-10-02 22:34:27,379 [IPC Server handler 1 on 43416] INFO  net.NetworkTopology (NetworkTopologyImpl.java:add(111)) - Added a new node: /default-rack/de247872-8e5b-41ff-85ec-0a9b8e009629
2019-10-02 22:34:27,379 [IPC Server handler 1 on 43416] INFO  node.SCMNodeManager (SCMNodeManager.java:register(266)) - Registered Data node : de247872-8e5b-41ff-85ec-0a9b8e009629{ip: 192.168.30.30, host: pr-hdds1737-lts7z-2510321508, networkLocation: /default-rack, certSerialId: null}
2019-10-02 22:34:27,386 [grpc-default-executor-2] INFO  impl.RaftServerProxy (RaftServerProxy.java:addNew(89)) - de247872-8e5b-41ff-85ec-0a9b8e009629: addNew group-E3643572ACBE:[de247872-8e5b-41ff-85ec-0a9b8e009629:192.168.30.30:44982] returns group-E3643572ACBE:java.util.concurrent.CompletableFuture@3f143c7e[Not completed]
2019-10-02 22:34:27,387 [pool-429-thread-1] INFO  impl.RaftServerImpl (RaftServerImpl.java:<init>(95)) - de247872-8e5b-41ff-85ec-0a9b8e009629: new RaftServerImpl for group-E3643572ACBE:[de247872-8e5b-41ff-85ec-0a9b8e009629:192.168.30.30:44982] with ContainerStateMachine:uninitialized
2019-10-02 22:34:27,387 [pool-429-thread-1] INFO  server.RaftServerConfigKeys (ConfUtils.java:logGet(43)) - raft.server.rpc.timeout.min = 5s (custom)
2019-10-02 22:34:27,387 [pool-429-thread-1] INFO  server.RaftServerConfigKeys (ConfUtils.java:logGet(43)) - raft.server.rpc.timeout.max = 5200ms (custom)
2019-10-02 22:34:27,387 [pool-429-thread-1] INFO  server.RaftServerConfigKeys (ConfUtils.java:logGet(43)) - raft.server.rpcslowness.timeout = 120s (custom)
2019-10-02 22:34:27,387 [pool-429-thread-1] INFO  server.RaftServerConfigKeys (ConfUtils.java:logGet(43)) - raft.server.sleep.deviation.threshold = 300 (default)
2019-10-02 22:34:27,387 [pool-429-thread-1] INFO  server.RaftServerConfigKeys (ConfUtils.java:logGet(43)) - raft.server.log.appender.install.snapshot.enabled = false (custom)
2019-10-02 22:34:27,388 [pool-429-thread-1] INFO  impl.RaftServerImpl (ServerState.java:<init>(103)) - de247872-8e5b-41ff-85ec-0a9b8e009629@group-E3643572ACBE: ConfigurationManager, init=-1: [de247872-8e5b-41ff-85ec-0a9b8e009629:192.168.30.30:44982], old=null, confs=<EMPTY_MAP>
2019-10-02 22:34:27,388 [pool-429-thread-1] INFO  server.RaftServerConfigKeys (ConfUtils.java:logGet(43)) - raft.server.storage.dir = [/workdir/hadoop-ozone/integration-test/target/test-dir/MiniOzoneClusterImpl-5b0c19db-6a49-40b5-ab5c-99aec8de0976/datanode-2/data/ratis] (custom)
2019-10-02 22:34:27,388 [pool-429-thread-1] INFO  server.RaftServerConfigKeys (ConfUtils.java:logGet(43)) - raft.server.log.corruption.policy = EXCEPTION (default)
2019-10-02 22:34:27,388 [pool-429-thread-1] INFO  storage.RaftStorageDirectory (RaftStorageDirectory.java:analyzeStorage(246)) - The storage directory /workdir/hadoop-ozone/integration-test/target/test-dir/MiniOzoneClusterImpl-5b0c19db-6a49-40b5-ab5c-99aec8de0976/datanode-2/data/ratis/b79da0e6-e28d-4662-8d6c-e3643572acbe does not exist. Creating ...
2019-10-02 22:34:27,426 [pool-429-thread-1] INFO  storage.RaftStorageDirectory (RaftStorageDirectory.java:tryLock(328)) - Lock on /workdir/hadoop-ozone/integration-test/target/test-dir/MiniOzoneClusterImpl-5b0c19db-6a49-40b5-ab5c-99aec8de0976/datanode-2/data/ratis/b79da0e6-e28d-4662-8d6c-e3643572acbe/in_use.lock acquired by nodename 18586@pr-hdds1737-lts7z-2510321508
2019-10-02 22:34:27,450 [pool-429-thread-1] INFO  storage.RaftStorage (RaftStorage.java:format(84)) - Storage directory /workdir/hadoop-ozone/integration-test/target/test-dir/MiniOzoneClusterImpl-5b0c19db-6a49-40b5-ab5c-99aec8de0976/datanode-2/data/ratis/b79da0e6-e28d-4662-8d6c-e3643572acbe has been successfully formatted.
2019-10-02 22:34:27,450 [pool-429-thread-1] INFO  ratis.ContainerStateMachine (ContainerStateMachine.java:loadSnapshot(230)) - group-E3643572ACBE: The snapshot info is null. Setting the last applied indexto:(t:0, i:~)
2019-10-02 22:34:27,450 [pool-429-thread-1] INFO  server.RaftServerConfigKeys (ConfUtils.java:logGet(43)) - raft.server.notification.no-leader.timeout = 120s (custom)
2019-10-02 22:34:27,450 [pool-429-thread-1] INFO  server.RaftServerConfigKeys (ConfUtils.java:logGet(43)) - raft.server.log.use.memory = false (default)
2019-10-02 22:34:27,450 [pool-429-thread-1] INFO  server.RaftServerConfigKeys (ConfUtils.java:logGet(43)) - raft.server.log.purge.gap = 1000000 (custom)
2019-10-02 22:34:27,450 [pool-429-thread-1] INFO  server.RaftServerConfigKeys (ConfUtils.java:logGet(43)) - raft.server.log.appender.buffer.byte-limit = 33554432 (custom)
2019-10-02 22:34:27,450 [pool-429-thread-1] INFO  server.RaftServerConfigKeys (ConfUtils.java:logGet(43)) - raft.server.log.segment.size.max = 1048576 (custom)
2019-10-02 22:34:27,451 [pool-429-thread-1] INFO  server.RaftServerConfigKeys (ConfUtils.java:logGet(43)) - raft.server.log.segment.cache.num.max = 2 (custom)
2019-10-02 22:34:27,451 [pool-429-thread-1] INFO  segmented.SegmentedRaftLogWorker (SegmentedRaftLogWorker.java:<init>(173)) - new de247872-8e5b-41ff-85ec-0a9b8e009629@group-E3643572ACBE-SegmentedRaftLogWorker for RaftStorage:Storage Directory /workdir/hadoop-ozone/integration-test/target/test-dir/MiniOzoneClusterImpl-5b0c19db-6a49-40b5-ab5c-99aec8de0976/datanode-2/data/ratis/b79da0e6-e28d-4662-8d6c-e3643572acbe
2019-10-02 22:34:27,452 [pool-429-thread-1] INFO  server.RaftServerConfigKeys (ConfUtils.java:logGet(43)) - raft.server.log.queue.byte-limit = 2147483647 (custom)
2019-10-02 22:34:27,452 [pool-429-thread-1] INFO  server.RaftServerConfigKeys (ConfUtils.java:logGet(43)) - raft.server.log.queue.element-limit = 1024 (custom)
2019-10-02 22:34:27,452 [pool-429-thread-1] INFO  server.RaftServerConfigKeys (ConfUtils.java:logGet(43)) - raft.server.log.segment.size.max = 1048576 (custom)
2019-10-02 22:34:27,452 [pool-429-thread-1] INFO  server.RaftServerConfigKeys (ConfUtils.java:logGet(43)) - raft.server.log.preallocated.size = 16384 (custom)
2019-10-02 22:34:27,452 [pool-429-thread-1] INFO  server.RaftServerConfigKeys (ConfUtils.java:logGet(43)) - raft.server.log.write.buffer.size = 33554432 (custom)
2019-10-02 22:34:27,452 [pool-429-thread-1] INFO  server.RaftServerConfigKeys (ConfUtils.java:logGet(43)) - raft.server.log.force.sync.num = 128 (default)
2019-10-02 22:34:27,452 [pool-429-thread-1] INFO  server.RaftServerConfigKeys (ConfUtils.java:logGet(43)) - raft.server.log.statemachine.data.sync = true (default)
2019-10-02 22:34:27,452 [pool-429-thread-1] INFO  server.RaftServerConfigKeys (ConfUtils.java:logGet(43)) - raft.server.log.statemachine.data.sync.timeout = 10s (default)
2019-10-02 22:34:27,452 [pool-429-thread-1] INFO  server.RaftServerConfigKeys (ConfUtils.java:logGet(43)) - raft.server.log.statemachine.data.sync.timeout.retry = -1 (default)
2019-10-02 22:34:27,452 [pool-429-thread-1] INFO  server.RaftServerConfigKeys (ConfUtils.java:logGet(43)) - raft.server.log.statemachine.data.caching.enabled = true (custom)
2019-10-02 22:34:27,453 [pool-429-thread-1] INFO  segmented.SegmentedRaftLogWorker (SegmentedRaftLogWorker.java:lambda$new$0(128)) - de247872-8e5b-41ff-85ec-0a9b8e009629@group-E3643572ACBE-SegmentedRaftLogWorker: flushIndex: setUnconditionally 0 -> -1
2019-10-02 22:34:27,453 [pool-429-thread-1] INFO  server.RaftServerConfigKeys (ConfUtils.java:logGet(43)) - raft.server.snapshot.auto.trigger.enabled = true (custom)
2019-10-02 22:34:27,453 [pool-429-thread-1] INFO  server.RaftServerConfigKeys (ConfUtils.java:logGet(43)) - raft.server.snapshot.auto.trigger.threshold = 10000 (custom)
2019-10-02 22:34:27,453 [pool-429-thread-1] INFO  server.RaftServerConfigKeys (ConfUtils.java:logGet(43)) - raft.server.snapshot.retention.file.num = 5 (custom)
2019-10-02 22:34:27,453 [pool-429-thread-1] INFO  server.RaftServerConfigKeys (ConfUtils.java:logGet(43)) - raft.server.retrycache.expirytime = 600000ms (custom)
2019-10-02 22:34:27,454 [pool-429-thread-1] INFO  impl.RaftServerImpl (RaftServerImpl.java:start(181)) - de247872-8e5b-41ff-85ec-0a9b8e009629@group-E3643572ACBE: start as a follower, conf=-1: [de247872-8e5b-41ff-85ec-0a9b8e009629:192.168.30.30:44982], old=null
2019-10-02 22:34:27,454 [pool-429-thread-1] INFO  impl.RaftServerImpl (RaftServerImpl.java:setRole(170)) - de247872-8e5b-41ff-85ec-0a9b8e009629@group-E3643572ACBE: changes role from      null to FOLLOWER at term 0 for startAsFollower
2019-10-02 22:34:27,454 [pool-429-thread-1] INFO  impl.RoleInfo (RoleInfo.java:updateAndGet(143)) - de247872-8e5b-41ff-85ec-0a9b8e009629: start FollowerState
2019-10-02 22:34:27,455 [pool-429-thread-1] INFO  util.JmxRegister (JmxRegister.java:tryRegister(44)) - Successfully registered JMX Bean with object name Ratis:service=RaftServer,group=group-E3643572ACBE,id=de247872-8e5b-41ff-85ec-0a9b8e009629
2019-10-02 22:34:27,458 [RatisPipelineUtilsThread] INFO  pipeline.PipelineStateManager (PipelineStateManager.java:addPipeline(56)) - Created pipeline Pipeline[ Id: b79da0e6-e28d-4662-8d6c-e3643572acbe, Nodes: de247872-8e5b-41ff-85ec-0a9b8e009629{ip: 192.168.30.30, host: pr-hdds1737-lts7z-2510321508, networkLocation: /default-rack, certSerialId: null}, Type:RATIS, Factor:ONE, State:OPEN]
2019-10-02 22:34:27,463 [IPC Server handler 2 on 43416] INFO  net.NetworkTopology (NetworkTopologyImpl.java:add(111)) - Added a new node: /default-rack/74659b3f-c24c-4f39-a0be-420e845131f6
2019-10-02 22:34:27,465 [IPC Server handler 2 on 43416] INFO  node.SCMNodeManager (SCMNodeManager.java:register(266)) - Registered Data node : 74659b3f-c24c-4f39-a0be-420e845131f6{ip: 192.168.30.30, host: pr-hdds1737-lts7z-2510321508, networkLocation: /default-rack, certSerialId: null}
2019-10-02 22:34:27,471 [grpc-default-executor-8] INFO  impl.RaftServerProxy (RaftServerProxy.java:addNew(89)) - cd6023cc-5bcd-4149-91cf-c15310459986: addNew group-E10D78F16196:[f09ae49d-7355-48d3-a9b4-1ae74d70d940:192.168.30.30:39415, de247872-8e5b-41ff-85ec-0a9b8e009629:192.168.30.30:44982, cd6023cc-5bcd-4149-91cf-c15310459986:192.168.30.30:45939] returns group-E10D78F16196:java.util.concurrent.CompletableFuture@b861d1f[Not completed]
2019-10-02 22:34:27,471 [grpc-default-executor-2] INFO  impl.RaftServerProxy (RaftServerProxy.java:addNew(89)) - f09ae49d-7355-48d3-a9b4-1ae74d70d940: addNew group-E10D78F16196:[f09ae49d-7355-48d3-a9b4-1ae74d70d940:192.168.30.30:39415, de247872-8e5b-41ff-85ec-0a9b8e009629:192.168.30.30:44982, cd6023cc-5bcd-4149-91cf-c15310459986:192.168.30.30:45939] returns group-E10D78F16196:java.util.concurrent.CompletableFuture@2719fcfb[Not completed]
2019-10-02 22:34:27,471 [grpc-default-executor-13] INFO  impl.RaftServerProxy (RaftServerProxy.java:addNew(89)) - de247872-8e5b-41ff-85ec-0a9b8e009629: addNew group-E10D78F16196:[f09ae49d-7355-48d3-a9b4-1ae74d70d940:192.168.30.30:39415, de247872-8e5b-41ff-85ec-0a9b8e009629:192.168.30.30:44982, cd6023cc-5bcd-4149-91cf-c15310459986:192.168.30.30:45939] returns group-E10D78F16196:java.util.concurrent.CompletableFuture@10768764[Not completed]
2019-10-02 22:34:27,472 [pool-409-thread-1] INFO  impl.RaftServerImpl (RaftServerImpl.java:<init>(95)) - cd6023cc-5bcd-4149-91cf-c15310459986: new RaftServerImpl for group-E10D78F16196:[f09ae49d-7355-48d3-a9b4-1ae74d70d940:192.168.30.30:39415, de247872-8e5b-41ff-85ec-0a9b8e009629:192.168.30.30:44982, cd6023cc-5bcd-4149-91cf-c15310459986:192.168.30.30:45939] with ContainerStateMachine:uninitialized
2019-10-02 22:34:27,472 [pool-409-thread-1] INFO  server.RaftServerConfigKeys (ConfUtils.java:logGet(43)) - raft.server.rpc.timeout.min = 5s (custom)
2019-10-02 22:34:27,472 [pool-409-thread-1] INFO  server.RaftServerConfigKeys (ConfUtils.java:logGet(43)) - raft.server.rpc.timeout.max = 5200ms (custom)
2019-10-02 22:34:27,472 [pool-409-thread-1] INFO  server.RaftServerConfigKeys (ConfUtils.java:logGet(43)) - raft.server.rpcslowness.timeout = 120s (custom)
2019-10-02 22:34:27,472 [pool-429-thread-1] INFO  impl.RaftServerImpl (RaftServerImpl.java:<init>(95)) - de247872-8e5b-41ff-85ec-0a9b8e009629: new RaftServerImpl for group-E10D78F16196:[f09ae49d-7355-48d3-a9b4-1ae74d70d940:192.168.30.30:39415, de247872-8e5b-41ff-85ec-0a9b8e009629:192.168.30.30:44982, cd6023cc-5bcd-4149-91cf-c15310459986:192.168.30.30:45939] with ContainerStateMachine:uninitialized
2019-10-02 22:34:27,472 [pool-409-thread-1] INFO  server.RaftServerConfigKeys (ConfUtils.java:logGet(43)) - raft.server.sleep.deviation.threshold = 300 (default)
2019-10-02 22:34:27,472 [pool-429-thread-1] INFO  server.RaftServerConfigKeys (ConfUtils.java:logGet(43)) - raft.server.rpc.timeout.min = 5s (custom)
2019-10-02 22:34:27,473 [pool-409-thread-1] INFO  server.RaftServerConfigKeys (ConfUtils.java:logGet(43)) - raft.server.log.appender.install.snapshot.enabled = false (custom)
2019-10-02 22:34:27,473 [pool-429-thread-1] INFO  server.RaftServerConfigKeys (ConfUtils.java:logGet(43)) - raft.server.rpc.timeout.max = 5200ms (custom)
2019-10-02 22:34:27,473 [pool-409-thread-1] INFO  impl.RaftServerImpl (ServerState.java:<init>(103)) - cd6023cc-5bcd-4149-91cf-c15310459986@group-E10D78F16196: ConfigurationManager, init=-1: [f09ae49d-7355-48d3-a9b4-1ae74d70d940:192.168.30.30:39415, de247872-8e5b-41ff-85ec-0a9b8e009629:192.168.30.30:44982, cd6023cc-5bcd-4149-91cf-c15310459986:192.168.30.30:45939], old=null, confs=<EMPTY_MAP>
2019-10-02 22:34:27,473 [pool-419-thread-1] INFO  impl.RaftServerImpl (RaftServerImpl.java:<init>(95)) - f09ae49d-7355-48d3-a9b4-1ae74d70d940: new RaftServerImpl for group-E10D78F16196:[f09ae49d-7355-48d3-a9b4-1ae74d70d940:192.168.30.30:39415, de247872-8e5b-41ff-85ec-0a9b8e009629:192.168.30.30:44982, cd6023cc-5bcd-4149-91cf-c15310459986:192.168.30.30:45939] with ContainerStateMachine:uninitialized
2019-10-02 22:34:27,473 [pool-429-thread-1] INFO  server.RaftServerConfigKeys (ConfUtils.java:logGet(43)) - raft.server.rpcslowness.timeout = 120s (custom)
2019-10-02 22:34:27,473 [pool-419-thread-1] INFO  server.RaftServerConfigKeys (ConfUtils.java:logGet(43)) - raft.server.rpc.timeout.min = 5s (custom)
2019-10-02 22:34:27,473 [pool-409-thread-1] INFO  server.RaftServerConfigKeys (ConfUtils.java:logGet(43)) - raft.server.storage.dir = [/workdir/hadoop-ozone/integration-test/target/test-dir/MiniOzoneClusterImpl-5b0c19db-6a49-40b5-ab5c-99aec8de0976/datanode-0/data/ratis] (custom)
2019-10-02 22:34:27,473 [pool-419-thread-1] INFO  server.RaftServerConfigKeys (ConfUtils.java:logGet(43)) - raft.server.rpc.timeout.max = 5200ms (custom)
2019-10-02 22:34:27,473 [pool-429-thread-1] INFO  server.RaftServerConfigKeys (ConfUtils.java:logGet(43)) - raft.server.sleep.deviation.threshold = 300 (default)
2019-10-02 22:34:27,473 [pool-419-thread-1] INFO  server.RaftServerConfigKeys (ConfUtils.java:logGet(43)) - raft.server.rpcslowness.timeout = 120s (custom)
2019-10-02 22:34:27,473 [pool-409-thread-1] INFO  server.RaftServerConfigKeys (ConfUtils.java:logGet(43)) - raft.server.log.corruption.policy = EXCEPTION (default)
2019-10-02 22:34:27,474 [pool-419-thread-1] INFO  server.RaftServerConfigKeys (ConfUtils.java:logGet(43)) - raft.server.sleep.deviation.threshold = 300 (default)
2019-10-02 22:34:27,474 [pool-419-thread-1] INFO  server.RaftServerConfigKeys (ConfUtils.java:logGet(43)) - raft.server.log.appender.install.snapshot.enabled = false (custom)
2019-10-02 22:34:27,474 [pool-429-thread-1] INFO  server.RaftServerConfigKeys (ConfUtils.java:logGet(43)) - raft.server.log.appender.install.snapshot.enabled = false (custom)
2019-10-02 22:34:27,474 [pool-419-thread-1] INFO  impl.RaftServerImpl (ServerState.java:<init>(103)) - f09ae49d-7355-48d3-a9b4-1ae74d70d940@group-E10D78F16196: ConfigurationManager, init=-1: [f09ae49d-7355-48d3-a9b4-1ae74d70d940:192.168.30.30:39415, de247872-8e5b-41ff-85ec-0a9b8e009629:192.168.30.30:44982, cd6023cc-5bcd-4149-91cf-c15310459986:192.168.30.30:45939], old=null, confs=<EMPTY_MAP>
2019-10-02 22:34:27,474 [pool-409-thread-1] INFO  storage.RaftStorageDirectory (RaftStorageDirectory.java:analyzeStorage(246)) - The storage directory /workdir/hadoop-ozone/integration-test/target/test-dir/MiniOzoneClusterImpl-5b0c19db-6a49-40b5-ab5c-99aec8de0976/datanode-0/data/ratis/2d8ac9cf-06c3-4501-aa0a-e10d78f16196 does not exist. Creating ...
2019-10-02 22:34:27,474 [pool-419-thread-1] INFO  server.RaftServerConfigKeys (ConfUtils.java:logGet(43)) - raft.server.storage.dir = [/workdir/hadoop-ozone/integration-test/target/test-dir/MiniOzoneClusterImpl-5b0c19db-6a49-40b5-ab5c-99aec8de0976/datanode-1/data/ratis] (custom)
2019-10-02 22:34:27,474 [pool-429-thread-1] INFO  impl.RaftServerImpl (ServerState.java:<init>(103)) - de247872-8e5b-41ff-85ec-0a9b8e009629@group-E10D78F16196: ConfigurationManager, init=-1: [f09ae49d-7355-48d3-a9b4-1ae74d70d940:192.168.30.30:39415, de247872-8e5b-41ff-85ec-0a9b8e009629:192.168.30.30:44982, cd6023cc-5bcd-4149-91cf-c15310459986:192.168.30.30:45939], old=null, confs=<EMPTY_MAP>
2019-10-02 22:34:27,475 [pool-429-thread-1] INFO  server.RaftServerConfigKeys (ConfUtils.java:logGet(43)) - raft.server.storage.dir = [/workdir/hadoop-ozone/integration-test/target/test-dir/MiniOzoneClusterImpl-5b0c19db-6a49-40b5-ab5c-99aec8de0976/datanode-2/data/ratis] (custom)
2019-10-02 22:34:27,475 [pool-419-thread-1] INFO  server.RaftServerConfigKeys (ConfUtils.java:logGet(43)) - raft.server.log.corruption.policy = EXCEPTION (default)
2019-10-02 22:34:27,475 [pool-429-thread-1] INFO  server.RaftServerConfigKeys (ConfUtils.java:logGet(43)) - raft.server.log.corruption.policy = EXCEPTION (default)
2019-10-02 22:34:27,475 [pool-419-thread-1] INFO  storage.RaftStorageDirectory (RaftStorageDirectory.java:analyzeStorage(246)) - The storage directory /workdir/hadoop-ozone/integration-test/target/test-dir/MiniOzoneClusterImpl-5b0c19db-6a49-40b5-ab5c-99aec8de0976/datanode-1/data/ratis/2d8ac9cf-06c3-4501-aa0a-e10d78f16196 does not exist. Creating ...
2019-10-02 22:34:27,475 [pool-429-thread-1] INFO  storage.RaftStorageDirectory (RaftStorageDirectory.java:analyzeStorage(246)) - The storage directory /workdir/hadoop-ozone/integration-test/target/test-dir/MiniOzoneClusterImpl-5b0c19db-6a49-40b5-ab5c-99aec8de0976/datanode-2/data/ratis/2d8ac9cf-06c3-4501-aa0a-e10d78f16196 does not exist. Creating ...
2019-10-02 22:34:27,497 [pool-429-thread-1] INFO  storage.RaftStorageDirectory (RaftStorageDirectory.java:tryLock(328)) - Lock on /workdir/hadoop-ozone/integration-test/target/test-dir/MiniOzoneClusterImpl-5b0c19db-6a49-40b5-ab5c-99aec8de0976/datanode-2/data/ratis/2d8ac9cf-06c3-4501-aa0a-e10d78f16196/in_use.lock acquired by nodename 18586@pr-hdds1737-lts7z-2510321508
2019-10-02 22:34:27,497 [pool-409-thread-1] INFO  storage.RaftStorageDirectory (RaftStorageDirectory.java:tryLock(328)) - Lock on /workdir/hadoop-ozone/integration-test/target/test-dir/MiniOzoneClusterImpl-5b0c19db-6a49-40b5-ab5c-99aec8de0976/datanode-0/data/ratis/2d8ac9cf-06c3-4501-aa0a-e10d78f16196/in_use.lock acquired by nodename 18586@pr-hdds1737-lts7z-2510321508
2019-10-02 22:34:27,497 [pool-419-thread-1] INFO  storage.RaftStorageDirectory (RaftStorageDirectory.java:tryLock(328)) - Lock on /workdir/hadoop-ozone/integration-test/target/test-dir/MiniOzoneClusterImpl-5b0c19db-6a49-40b5-ab5c-99aec8de0976/datanode-1/data/ratis/2d8ac9cf-06c3-4501-aa0a-e10d78f16196/in_use.lock acquired by nodename 18586@pr-hdds1737-lts7z-2510321508
2019-10-02 22:34:27,519 [pool-409-thread-1] INFO  storage.RaftStorage (RaftStorage.java:format(84)) - Storage directory /workdir/hadoop-ozone/integration-test/target/test-dir/MiniOzoneClusterImpl-5b0c19db-6a49-40b5-ab5c-99aec8de0976/datanode-0/data/ratis/2d8ac9cf-06c3-4501-aa0a-e10d78f16196 has been successfully formatted.
2019-10-02 22:34:27,519 [pool-429-thread-1] INFO  storage.RaftStorage (RaftStorage.java:format(84)) - Storage directory /workdir/hadoop-ozone/integration-test/target/test-dir/MiniOzoneClusterImpl-5b0c19db-6a49-40b5-ab5c-99aec8de0976/datanode-2/data/ratis/2d8ac9cf-06c3-4501-aa0a-e10d78f16196 has been successfully formatted.
2019-10-02 22:34:27,519 [pool-419-thread-1] INFO  storage.RaftStorage (RaftStorage.java:format(84)) - Storage directory /workdir/hadoop-ozone/integration-test/target/test-dir/MiniOzoneClusterImpl-5b0c19db-6a49-40b5-ab5c-99aec8de0976/datanode-1/data/ratis/2d8ac9cf-06c3-4501-aa0a-e10d78f16196 has been successfully formatted.
2019-10-02 22:34:27,519 [pool-429-thread-1] INFO  ratis.ContainerStateMachine (ContainerStateMachine.java:loadSnapshot(230)) - group-E10D78F16196: The snapshot info is null. Setting the last applied indexto:(t:0, i:~)
2019-10-02 22:34:27,519 [pool-409-thread-1] INFO  ratis.ContainerStateMachine (ContainerStateMachine.java:loadSnapshot(230)) - group-E10D78F16196: The snapshot info is null. Setting the last applied indexto:(t:0, i:~)
2019-10-02 22:34:27,519 [pool-419-thread-1] INFO  ratis.ContainerStateMachine (ContainerStateMachine.java:loadSnapshot(230)) - group-E10D78F16196: The snapshot info is null. Setting the last applied indexto:(t:0, i:~)
2019-10-02 22:34:27,520 [pool-429-thread-1] INFO  server.RaftServerConfigKeys (ConfUtils.java:logGet(43)) - raft.server.notification.no-leader.timeout = 120s (custom)
2019-10-02 22:34:27,520 [pool-409-thread-1] INFO  server.RaftServerConfigKeys (ConfUtils.java:logGet(43)) - raft.server.notification.no-leader.timeout = 120s (custom)
2019-10-02 22:34:27,520 [pool-429-thread-1] INFO  server.RaftServerConfigKeys (ConfUtils.java:logGet(43)) - raft.server.log.use.memory = false (default)
2019-10-02 22:34:27,520 [pool-419-thread-1] INFO  server.RaftServerConfigKeys (ConfUtils.java:logGet(43)) - raft.server.notification.no-leader.timeout = 120s (custom)
2019-10-02 22:34:27,520 [pool-429-thread-1] INFO  server.RaftServerConfigKeys (ConfUtils.java:logGet(43)) - raft.server.log.purge.gap = 1000000 (custom)
2019-10-02 22:34:27,520 [pool-409-thread-1] INFO  server.RaftServerConfigKeys (ConfUtils.java:logGet(43)) - raft.server.log.use.memory = false (default)
2019-10-02 22:34:27,520 [pool-429-thread-1] INFO  server.RaftServerConfigKeys (ConfUtils.java:logGet(43)) - raft.server.log.appender.buffer.byte-limit = 33554432 (custom)
2019-10-02 22:34:27,520 [pool-419-thread-1] INFO  server.RaftServerConfigKeys (ConfUtils.java:logGet(43)) - raft.server.log.use.memory = false (default)
2019-10-02 22:34:27,521 [pool-429-thread-1] INFO  server.RaftServerConfigKeys (ConfUtils.java:logGet(43)) - raft.server.log.segment.size.max = 1048576 (custom)
2019-10-02 22:34:27,520 [pool-409-thread-1] INFO  server.RaftServerConfigKeys (ConfUtils.java:logGet(43)) - raft.server.log.purge.gap = 1000000 (custom)
2019-10-02 22:34:27,521 [pool-429-thread-1] INFO  server.RaftServerConfigKeys (ConfUtils.java:logGet(43)) - raft.server.log.segment.cache.num.max = 2 (custom)
2019-10-02 22:34:27,521 [pool-419-thread-1] INFO  server.RaftServerConfigKeys (ConfUtils.java:logGet(43)) - raft.server.log.purge.gap = 1000000 (custom)
2019-10-02 22:34:27,521 [pool-429-thread-1] INFO  segmented.SegmentedRaftLogWorker (SegmentedRaftLogWorker.java:<init>(173)) - new de247872-8e5b-41ff-85ec-0a9b8e009629@group-E10D78F16196-SegmentedRaftLogWorker for RaftStorage:Storage Directory /workdir/hadoop-ozone/integration-test/target/test-dir/MiniOzoneClusterImpl-5b0c19db-6a49-40b5-ab5c-99aec8de0976/datanode-2/data/ratis/2d8ac9cf-06c3-4501-aa0a-e10d78f16196
2019-10-02 22:34:27,521 [pool-409-thread-1] INFO  server.RaftServerConfigKeys (ConfUtils.java:logGet(43)) - raft.server.log.appender.buffer.byte-limit = 33554432 (custom)
2019-10-02 22:34:27,521 [pool-429-thread-1] INFO  server.RaftServerConfigKeys (ConfUtils.java:logGet(43)) - raft.server.log.queue.byte-limit = 2147483647 (custom)
2019-10-02 22:34:27,521 [pool-419-thread-1] INFO  server.RaftServerConfigKeys (ConfUtils.java:logGet(43)) - raft.server.log.appender.buffer.byte-limit = 33554432 (custom)
2019-10-02 22:34:27,522 [pool-429-thread-1] INFO  server.RaftServerConfigKeys (ConfUtils.java:logGet(43)) - raft.server.log.queue.element-limit = 1024 (custom)
2019-10-02 22:34:27,522 [pool-409-thread-1] INFO  server.RaftServerConfigKeys (ConfUtils.java:logGet(43)) - raft.server.log.segment.size.max = 1048576 (custom)
2019-10-02 22:34:27,522 [pool-429-thread-1] INFO  server.RaftServerConfigKeys (ConfUtils.java:logGet(43)) - raft.server.log.segment.size.max = 1048576 (custom)
2019-10-02 22:34:27,522 [pool-419-thread-1] INFO  server.RaftServerConfigKeys (ConfUtils.java:logGet(43)) - raft.server.log.segment.size.max = 1048576 (custom)
2019-10-02 22:34:27,522 [pool-429-thread-1] INFO  server.RaftServerConfigKeys (ConfUtils.java:logGet(43)) - raft.server.log.preallocated.size = 16384 (custom)
2019-10-02 22:34:27,522 [pool-409-thread-1] INFO  server.RaftServerConfigKeys (ConfUtils.java:logGet(43)) - raft.server.log.segment.cache.num.max = 2 (custom)
2019-10-02 22:34:27,523 [pool-429-thread-1] INFO  server.RaftServerConfigKeys (ConfUtils.java:logGet(43)) - raft.server.log.write.buffer.size = 33554432 (custom)
2019-10-02 22:34:27,522 [pool-419-thread-1] INFO  server.RaftServerConfigKeys (ConfUtils.java:logGet(43)) - raft.server.log.segment.cache.num.max = 2 (custom)
2019-10-02 22:34:27,523 [pool-429-thread-1] INFO  server.RaftServerConfigKeys (ConfUtils.java:logGet(43)) - raft.server.log.force.sync.num = 128 (default)
2019-10-02 22:34:27,523 [pool-409-thread-1] INFO  segmented.SegmentedRaftLogWorker (SegmentedRaftLogWorker.java:<init>(173)) - new cd6023cc-5bcd-4149-91cf-c15310459986@group-E10D78F16196-SegmentedRaftLogWorker for RaftStorage:Storage Directory /workdir/hadoop-ozone/integration-test/target/test-dir/MiniOzoneClusterImpl-5b0c19db-6a49-40b5-ab5c-99aec8de0976/datanode-0/data/ratis/2d8ac9cf-06c3-4501-aa0a-e10d78f16196
2019-10-02 22:34:27,523 [pool-429-thread-1] INFO  server.RaftServerConfigKeys (ConfUtils.java:logGet(43)) - raft.server.log.statemachine.data.sync = true (default)
2019-10-02 22:34:27,523 [pool-419-thread-1] INFO  segmented.SegmentedRaftLogWorker (SegmentedRaftLogWorker.java:<init>(173)) - new f09ae49d-7355-48d3-a9b4-1ae74d70d940@group-E10D78F16196-SegmentedRaftLogWorker for RaftStorage:Storage Directory /workdir/hadoop-ozone/integration-test/target/test-dir/MiniOzoneClusterImpl-5b0c19db-6a49-40b5-ab5c-99aec8de0976/datanode-1/data/ratis/2d8ac9cf-06c3-4501-aa0a-e10d78f16196
2019-10-02 22:34:27,523 [pool-429-thread-1] INFO  server.RaftServerConfigKeys (ConfUtils.java:logGet(43)) - raft.server.log.statemachine.data.sync.timeout = 10s (default)
2019-10-02 22:34:27,523 [pool-409-thread-1] INFO  server.RaftServerConfigKeys (ConfUtils.java:logGet(43)) - raft.server.log.queue.byte-limit = 2147483647 (custom)
2019-10-02 22:34:27,524 [pool-429-thread-1] INFO  server.RaftServerConfigKeys (ConfUtils.java:logGet(43)) - raft.server.log.statemachine.data.sync.timeout.retry = -1 (default)
2019-10-02 22:34:27,524 [pool-419-thread-1] INFO  server.RaftServerConfigKeys (ConfUtils.java:logGet(43)) - raft.server.log.queue.byte-limit = 2147483647 (custom)
2019-10-02 22:34:27,524 [pool-429-thread-1] INFO  server.RaftServerConfigKeys (ConfUtils.java:logGet(43)) - raft.server.log.statemachine.data.caching.enabled = true (custom)
2019-10-02 22:34:27,524 [pool-409-thread-1] INFO  server.RaftServerConfigKeys (ConfUtils.java:logGet(43)) - raft.server.log.queue.element-limit = 1024 (custom)
2019-10-02 22:34:27,524 [pool-419-thread-1] INFO  server.RaftServerConfigKeys (ConfUtils.java:logGet(43)) - raft.server.log.queue.element-limit = 1024 (custom)
2019-10-02 22:34:27,524 [pool-429-thread-1] INFO  segmented.SegmentedRaftLogWorker (SegmentedRaftLogWorker.java:lambda$new$0(128)) - de247872-8e5b-41ff-85ec-0a9b8e009629@group-E10D78F16196-SegmentedRaftLogWorker: flushIndex: setUnconditionally 0 -> -1
2019-10-02 22:34:27,524 [pool-409-thread-1] INFO  server.RaftServerConfigKeys (ConfUtils.java:logGet(43)) - raft.server.log.segment.size.max = 1048576 (custom)
2019-10-02 22:34:27,524 [pool-419-thread-1] INFO  server.RaftServerConfigKeys (ConfUtils.java:logGet(43)) - raft.server.log.segment.size.max = 1048576 (custom)
2019-10-02 22:34:27,525 [pool-429-thread-1] INFO  server.RaftServerConfigKeys (ConfUtils.java:logGet(43)) - raft.server.snapshot.auto.trigger.enabled = true (custom)
2019-10-02 22:34:27,525 [pool-409-thread-1] INFO  server.RaftServerConfigKeys (ConfUtils.java:logGet(43)) - raft.server.log.preallocated.size = 16384 (custom)
2019-10-02 22:34:27,525 [pool-429-thread-1] INFO  server.RaftServerConfigKeys (ConfUtils.java:logGet(43)) - raft.server.snapshot.auto.trigger.threshold = 10000 (custom)
2019-10-02 22:34:27,525 [pool-419-thread-1] INFO  server.RaftServerConfigKeys (ConfUtils.java:logGet(43)) - raft.server.log.preallocated.size = 16384 (custom)
2019-10-02 22:34:27,525 [pool-429-thread-1] INFO  server.RaftServerConfigKeys (ConfUtils.java:logGet(43)) - raft.server.snapshot.retention.file.num = 5 (custom)
2019-10-02 22:34:27,525 [pool-409-thread-1] INFO  server.RaftServerConfigKeys (ConfUtils.java:logGet(43)) - raft.server.log.write.buffer.size = 33554432 (custom)
2019-10-02 22:34:27,526 [pool-429-thread-1] INFO  server.RaftServerConfigKeys (ConfUtils.java:logGet(43)) - raft.server.retrycache.expirytime = 600000ms (custom)
2019-10-02 22:34:27,526 [pool-419-thread-1] INFO  server.RaftServerConfigKeys (ConfUtils.java:logGet(43)) - raft.server.log.write.buffer.size = 33554432 (custom)
2019-10-02 22:34:27,526 [pool-409-thread-1] INFO  server.RaftServerConfigKeys (ConfUtils.java:logGet(43)) - raft.server.log.force.sync.num = 128 (default)
2019-10-02 22:34:27,526 [pool-419-thread-1] INFO  server.RaftServerConfigKeys (ConfUtils.java:logGet(43)) - raft.server.log.force.sync.num = 128 (default)
2019-10-02 22:34:27,526 [pool-409-thread-1] INFO  server.RaftServerConfigKeys (ConfUtils.java:logGet(43)) - raft.server.log.statemachine.data.sync = true (default)
2019-10-02 22:34:27,526 [pool-419-thread-1] INFO  server.RaftServerConfigKeys (ConfUtils.java:logGet(43)) - raft.server.log.statemachine.data.sync = true (default)
2019-10-02 22:34:27,526 [pool-409-thread-1] INFO  server.RaftServerConfigKeys (ConfUtils.java:logGet(43)) - raft.server.log.statemachine.data.sync.timeout = 10s (default)
2019-10-02 22:34:27,526 [pool-419-thread-1] INFO  server.RaftServerConfigKeys (ConfUtils.java:logGet(43)) - raft.server.log.statemachine.data.sync.timeout = 10s (default)
2019-10-02 22:34:27,527 [pool-409-thread-1] INFO  server.RaftServerConfigKeys (ConfUtils.java:logGet(43)) - raft.server.log.statemachine.data.sync.timeout.retry = -1 (default)
2019-10-02 22:34:27,527 [pool-419-thread-1] INFO  server.RaftServerConfigKeys (ConfUtils.java:logGet(43)) - raft.server.log.statemachine.data.sync.timeout.retry = -1 (default)
2019-10-02 22:34:27,527 [pool-409-thread-1] INFO  server.RaftServerConfigKeys (ConfUtils.java:logGet(43)) - raft.server.log.statemachine.data.caching.enabled = true (custom)
2019-10-02 22:34:27,527 [pool-419-thread-1] INFO  server.RaftServerConfigKeys (ConfUtils.java:logGet(43)) - raft.server.log.statemachine.data.caching.enabled = true (custom)
2019-10-02 22:34:27,527 [pool-409-thread-1] INFO  segmented.SegmentedRaftLogWorker (SegmentedRaftLogWorker.java:lambda$new$0(128)) - cd6023cc-5bcd-4149-91cf-c15310459986@group-E10D78F16196-SegmentedRaftLogWorker: flushIndex: setUnconditionally 0 -> -1
2019-10-02 22:34:27,527 [pool-419-thread-1] INFO  segmented.SegmentedRaftLogWorker (SegmentedRaftLogWorker.java:lambda$new$0(128)) - f09ae49d-7355-48d3-a9b4-1ae74d70d940@group-E10D78F16196-SegmentedRaftLogWorker: flushIndex: setUnconditionally 0 -> -1
2019-10-02 22:34:27,527 [pool-409-thread-1] INFO  server.RaftServerConfigKeys (ConfUtils.java:logGet(43)) - raft.server.snapshot.auto.trigger.enabled = true (custom)
2019-10-02 22:34:27,528 [pool-409-thread-1] INFO  server.RaftServerConfigKeys (ConfUtils.java:logGet(43)) - raft.server.snapshot.auto.trigger.threshold = 10000 (custom)
2019-10-02 22:34:27,528 [pool-419-thread-1] INFO  server.RaftServerConfigKeys (ConfUtils.java:logGet(43)) - raft.server.snapshot.auto.trigger.enabled = true (custom)
2019-10-02 22:34:27,528 [pool-409-thread-1] INFO  server.RaftServerConfigKeys (ConfUtils.java:logGet(43)) - raft.server.snapshot.retention.file.num = 5 (custom)
2019-10-02 22:34:27,528 [pool-419-thread-1] INFO  server.RaftServerConfigKeys (ConfUtils.java:logGet(43)) - raft.server.snapshot.auto.trigger.threshold = 10000 (custom)
2019-10-02 22:34:27,528 [pool-409-thread-1] INFO  server.RaftServerConfigKeys (ConfUtils.java:logGet(43)) - raft.server.retrycache.expirytime = 600000ms (custom)
2019-10-02 22:34:27,528 [pool-429-thread-1] INFO  impl.RaftServerImpl (RaftServerImpl.java:start(181)) - de247872-8e5b-41ff-85ec-0a9b8e009629@group-E10D78F16196: start as a follower, conf=-1: [f09ae49d-7355-48d3-a9b4-1ae74d70d940:192.168.30.30:39415, de247872-8e5b-41ff-85ec-0a9b8e009629:192.168.30.30:44982, cd6023cc-5bcd-4149-91cf-c15310459986:192.168.30.30:45939], old=null
2019-10-02 22:34:27,528 [pool-419-thread-1] INFO  server.RaftServerConfigKeys (ConfUtils.java:logGet(43)) - raft.server.snapshot.retention.file.num = 5 (custom)
2019-10-02 22:34:27,528 [pool-429-thread-1] INFO  impl.RaftServerImpl (RaftServerImpl.java:setRole(170)) - de247872-8e5b-41ff-85ec-0a9b8e009629@group-E10D78F16196: changes role from      null to FOLLOWER at term 0 for startAsFollower
2019-10-02 22:34:27,528 [pool-419-thread-1] INFO  server.RaftServerConfigKeys (ConfUtils.java:logGet(43)) - raft.server.retrycache.expirytime = 600000ms (custom)
2019-10-02 22:34:27,528 [pool-429-thread-1] INFO  impl.RoleInfo (RoleInfo.java:updateAndGet(143)) - de247872-8e5b-41ff-85ec-0a9b8e009629: start FollowerState
2019-10-02 22:34:27,541 [pool-429-thread-1] INFO  util.JmxRegister (JmxRegister.java:tryRegister(44)) - Successfully registered JMX Bean with object name Ratis:service=RaftServer,group=group-E10D78F16196,id=de247872-8e5b-41ff-85ec-0a9b8e009629
2019-10-02 22:34:27,542 [pool-409-thread-1] INFO  impl.RaftServerImpl (RaftServerImpl.java:start(181)) - cd6023cc-5bcd-4149-91cf-c15310459986@group-E10D78F16196: start as a follower, conf=-1: [f09ae49d-7355-48d3-a9b4-1ae74d70d940:192.168.30.30:39415, de247872-8e5b-41ff-85ec-0a9b8e009629:192.168.30.30:44982, cd6023cc-5bcd-4149-91cf-c15310459986:192.168.30.30:45939], old=null
2019-10-02 22:34:27,542 [pool-409-thread-1] INFO  impl.RaftServerImpl (RaftServerImpl.java:setRole(170)) - cd6023cc-5bcd-4149-91cf-c15310459986@group-E10D78F16196: changes role from      null to FOLLOWER at term 0 for startAsFollower
2019-10-02 22:34:27,542 [pool-409-thread-1] INFO  impl.RoleInfo (RoleInfo.java:updateAndGet(143)) - cd6023cc-5bcd-4149-91cf-c15310459986: start FollowerState
2019-10-02 22:34:27,542 [IPC Server handler 3 on 43416] INFO  net.NetworkTopology (NetworkTopologyImpl.java:add(111)) - Added a new node: /default-rack/235d8df1-b638-45e8-a9c5-4bfd9a856101
2019-10-02 22:34:27,542 [pool-409-thread-1] INFO  util.JmxRegister (JmxRegister.java:tryRegister(44)) - Successfully registered JMX Bean with object name Ratis:service=RaftServer,group=group-E10D78F16196,id=cd6023cc-5bcd-4149-91cf-c15310459986
2019-10-02 22:34:27,542 [IPC Server handler 3 on 43416] INFO  node.SCMNodeManager (SCMNodeManager.java:register(266)) - Registered Data node : 235d8df1-b638-45e8-a9c5-4bfd9a856101{ip: 192.168.30.30, host: pr-hdds1737-lts7z-2510321508, networkLocation: /default-rack, certSerialId: null}
2019-10-02 22:34:27,544 [pool-419-thread-1] INFO  impl.RaftServerImpl (RaftServerImpl.java:start(181)) - f09ae49d-7355-48d3-a9b4-1ae74d70d940@group-E10D78F16196: start as a follower, conf=-1: [f09ae49d-7355-48d3-a9b4-1ae74d70d940:192.168.30.30:39415, de247872-8e5b-41ff-85ec-0a9b8e009629:192.168.30.30:44982, cd6023cc-5bcd-4149-91cf-c15310459986:192.168.30.30:45939], old=null
2019-10-02 22:34:27,544 [pool-419-thread-1] INFO  impl.RaftServerImpl (RaftServerImpl.java:setRole(170)) - f09ae49d-7355-48d3-a9b4-1ae74d70d940@group-E10D78F16196: changes role from      null to FOLLOWER at term 0 for startAsFollower
2019-10-02 22:34:27,544 [pool-419-thread-1] INFO  impl.RoleInfo (RoleInfo.java:updateAndGet(143)) - f09ae49d-7355-48d3-a9b4-1ae74d70d940: start FollowerState
2019-10-02 22:34:27,544 [pool-419-thread-1] INFO  util.JmxRegister (JmxRegister.java:tryRegister(44)) - Successfully registered JMX Bean with object name Ratis:service=RaftServer,group=group-E10D78F16196,id=f09ae49d-7355-48d3-a9b4-1ae74d70d940
2019-10-02 22:34:27,555 [RatisPipelineUtilsThread] INFO  pipeline.PipelineStateManager (PipelineStateManager.java:addPipeline(56)) - Created pipeline Pipeline[ Id: 2d8ac9cf-06c3-4501-aa0a-e10d78f16196, Nodes: f09ae49d-7355-48d3-a9b4-1ae74d70d940{ip: 192.168.30.30, host: pr-hdds1737-lts7z-2510321508, networkLocation: /default-rack, certSerialId: null}cd6023cc-5bcd-4149-91cf-c15310459986{ip: 192.168.30.30, host: pr-hdds1737-lts7z-2510321508, networkLocation: /default-rack, certSerialId: null}de247872-8e5b-41ff-85ec-0a9b8e009629{ip: 192.168.30.30, host: pr-hdds1737-lts7z-2510321508, networkLocation: /default-rack, certSerialId: null}, Type:RATIS, Factor:THREE, State:OPEN]
2019-10-02 22:34:27,599 [IPC Server handler 4 on 43416] INFO  net.NetworkTopology (NetworkTopologyImpl.java:add(111)) - Added a new node: /default-rack/f016b09c-ac10-4c80-a5da-2657148b46c2
2019-10-02 22:34:27,599 [IPC Server handler 4 on 43416] INFO  node.SCMNodeManager (SCMNodeManager.java:register(266)) - Registered Data node : f016b09c-ac10-4c80-a5da-2657148b46c2{ip: 192.168.30.30, host: pr-hdds1737-lts7z-2510321508, networkLocation: /default-rack, certSerialId: null}
2019-10-02 22:34:27,608 [grpc-default-executor-13] INFO  impl.RaftServerProxy (RaftServerProxy.java:addNew(89)) - 235d8df1-b638-45e8-a9c5-4bfd9a856101: addNew group-0F8A927DC4D0:[235d8df1-b638-45e8-a9c5-4bfd9a856101:192.168.30.30:45811] returns group-0F8A927DC4D0:java.util.concurrent.CompletableFuture@320aff65[Not completed]
2019-10-02 22:34:27,611 [pool-449-thread-1] INFO  impl.RaftServerImpl (RaftServerImpl.java:<init>(95)) - 235d8df1-b638-45e8-a9c5-4bfd9a856101: new RaftServerImpl for group-0F8A927DC4D0:[235d8df1-b638-45e8-a9c5-4bfd9a856101:192.168.30.30:45811] with ContainerStateMachine:uninitialized
2019-10-02 22:34:27,611 [pool-449-thread-1] INFO  server.RaftServerConfigKeys (ConfUtils.java:logGet(43)) - raft.server.rpc.timeout.min = 5s (custom)
2019-10-02 22:34:27,611 [pool-449-thread-1] INFO  server.RaftServerConfigKeys (ConfUtils.java:logGet(43)) - raft.server.rpc.timeout.max = 5200ms (custom)
2019-10-02 22:34:27,611 [pool-449-thread-1] INFO  server.RaftServerConfigKeys (ConfUtils.java:logGet(43)) - raft.server.rpcslowness.timeout = 120s (custom)
2019-10-02 22:34:27,611 [pool-449-thread-1] INFO  server.RaftServerConfigKeys (ConfUtils.java:logGet(43)) - raft.server.sleep.deviation.threshold = 300 (default)
2019-10-02 22:34:27,611 [pool-449-thread-1] INFO  server.RaftServerConfigKeys (ConfUtils.java:logGet(43)) - raft.server.log.appender.install.snapshot.enabled = false (custom)
2019-10-02 22:34:27,611 [pool-449-thread-1] INFO  impl.RaftServerImpl (ServerState.java:<init>(103)) - 235d8df1-b638-45e8-a9c5-4bfd9a856101@group-0F8A927DC4D0: ConfigurationManager, init=-1: [235d8df1-b638-45e8-a9c5-4bfd9a856101:192.168.30.30:45811], old=null, confs=<EMPTY_MAP>
2019-10-02 22:34:27,611 [pool-449-thread-1] INFO  server.RaftServerConfigKeys (ConfUtils.java:logGet(43)) - raft.server.storage.dir = [/workdir/hadoop-ozone/integration-test/target/test-dir/MiniOzoneClusterImpl-5b0c19db-6a49-40b5-ab5c-99aec8de0976/datanode-4/data/ratis] (custom)
2019-10-02 22:34:27,612 [pool-449-thread-1] INFO  server.RaftServerConfigKeys (ConfUtils.java:logGet(43)) - raft.server.log.corruption.policy = EXCEPTION (default)
2019-10-02 22:34:27,612 [pool-449-thread-1] INFO  storage.RaftStorageDirectory (RaftStorageDirectory.java:analyzeStorage(246)) - The storage directory /workdir/hadoop-ozone/integration-test/target/test-dir/MiniOzoneClusterImpl-5b0c19db-6a49-40b5-ab5c-99aec8de0976/datanode-4/data/ratis/b93b86ef-48a8-4bb5-800e-0f8a927dc4d0 does not exist. Creating ...
2019-10-02 22:34:27,634 [pool-449-thread-1] INFO  storage.RaftStorageDirectory (RaftStorageDirectory.java:tryLock(328)) - Lock on /workdir/hadoop-ozone/integration-test/target/test-dir/MiniOzoneClusterImpl-5b0c19db-6a49-40b5-ab5c-99aec8de0976/datanode-4/data/ratis/b93b86ef-48a8-4bb5-800e-0f8a927dc4d0/in_use.lock acquired by nodename 18586@pr-hdds1737-lts7z-2510321508
2019-10-02 22:34:27,657 [pool-449-thread-1] INFO  storage.RaftStorage (RaftStorage.java:format(84)) - Storage directory /workdir/hadoop-ozone/integration-test/target/test-dir/MiniOzoneClusterImpl-5b0c19db-6a49-40b5-ab5c-99aec8de0976/datanode-4/data/ratis/b93b86ef-48a8-4bb5-800e-0f8a927dc4d0 has been successfully formatted.
2019-10-02 22:34:27,657 [pool-449-thread-1] INFO  ratis.ContainerStateMachine (ContainerStateMachine.java:loadSnapshot(230)) - group-0F8A927DC4D0: The snapshot info is null. Setting the last applied indexto:(t:0, i:~)
2019-10-02 22:34:27,657 [pool-449-thread-1] INFO  server.RaftServerConfigKeys (ConfUtils.java:logGet(43)) - raft.server.notification.no-leader.timeout = 120s (custom)
2019-10-02 22:34:27,658 [pool-449-thread-1] INFO  server.RaftServerConfigKeys (ConfUtils.java:logGet(43)) - raft.server.log.use.memory = false (default)
2019-10-02 22:34:27,658 [pool-449-thread-1] INFO  server.RaftServerConfigKeys (ConfUtils.java:logGet(43)) - raft.server.log.purge.gap = 1000000 (custom)
2019-10-02 22:34:27,658 [pool-449-thread-1] INFO  server.RaftServerConfigKeys (ConfUtils.java:logGet(43)) - raft.server.log.appender.buffer.byte-limit = 33554432 (custom)
2019-10-02 22:34:27,658 [pool-449-thread-1] INFO  server.RaftServerConfigKeys (ConfUtils.java:logGet(43)) - raft.server.log.segment.size.max = 1048576 (custom)
2019-10-02 22:34:27,659 [pool-449-thread-1] INFO  server.RaftServerConfigKeys (ConfUtils.java:logGet(43)) - raft.server.log.segment.cache.num.max = 2 (custom)
2019-10-02 22:34:27,660 [pool-449-thread-1] INFO  segmented.SegmentedRaftLogWorker (SegmentedRaftLogWorker.java:<init>(173)) - new 235d8df1-b638-45e8-a9c5-4bfd9a856101@group-0F8A927DC4D0-SegmentedRaftLogWorker for RaftStorage:Storage Directory /workdir/hadoop-ozone/integration-test/target/test-dir/MiniOzoneClusterImpl-5b0c19db-6a49-40b5-ab5c-99aec8de0976/datanode-4/data/ratis/b93b86ef-48a8-4bb5-800e-0f8a927dc4d0
2019-10-02 22:34:27,660 [pool-449-thread-1] INFO  server.RaftServerConfigKeys (ConfUtils.java:logGet(43)) - raft.server.log.queue.byte-limit = 2147483647 (custom)
2019-10-02 22:34:27,660 [pool-449-thread-1] INFO  server.RaftServerConfigKeys (ConfUtils.java:logGet(43)) - raft.server.log.queue.element-limit = 1024 (custom)
2019-10-02 22:34:27,660 [pool-449-thread-1] INFO  server.RaftServerConfigKeys (ConfUtils.java:logGet(43)) - raft.server.log.segment.size.max = 1048576 (custom)
2019-10-02 22:34:27,660 [pool-449-thread-1] INFO  server.RaftServerConfigKeys (ConfUtils.java:logGet(43)) - raft.server.log.preallocated.size = 16384 (custom)
2019-10-02 22:34:27,660 [pool-449-thread-1] INFO  server.RaftServerConfigKeys (ConfUtils.java:logGet(43)) - raft.server.log.write.buffer.size = 33554432 (custom)
2019-10-02 22:34:27,660 [pool-449-thread-1] INFO  server.RaftServerConfigKeys (ConfUtils.java:logGet(43)) - raft.server.log.force.sync.num = 128 (default)
2019-10-02 22:34:27,660 [pool-449-thread-1] INFO  server.RaftServerConfigKeys (ConfUtils.java:logGet(43)) - raft.server.log.statemachine.data.sync = true (default)
2019-10-02 22:34:27,660 [pool-449-thread-1] INFO  server.RaftServerConfigKeys (ConfUtils.java:logGet(43)) - raft.server.log.statemachine.data.sync.timeout = 10s (default)
2019-10-02 22:34:27,661 [pool-449-thread-1] INFO  server.RaftServerConfigKeys (ConfUtils.java:logGet(43)) - raft.server.log.statemachine.data.sync.timeout.retry = -1 (default)
2019-10-02 22:34:27,661 [pool-449-thread-1] INFO  server.RaftServerConfigKeys (ConfUtils.java:logGet(43)) - raft.server.log.statemachine.data.caching.enabled = true (custom)
2019-10-02 22:34:27,661 [pool-449-thread-1] INFO  segmented.SegmentedRaftLogWorker (SegmentedRaftLogWorker.java:lambda$new$0(128)) - 235d8df1-b638-45e8-a9c5-4bfd9a856101@group-0F8A927DC4D0-SegmentedRaftLogWorker: flushIndex: setUnconditionally 0 -> -1
2019-10-02 22:34:27,661 [pool-449-thread-1] INFO  server.RaftServerConfigKeys (ConfUtils.java:logGet(43)) - raft.server.snapshot.auto.trigger.enabled = true (custom)
2019-10-02 22:34:27,661 [pool-449-thread-1] INFO  server.RaftServerConfigKeys (ConfUtils.java:logGet(43)) - raft.server.snapshot.auto.trigger.threshold = 10000 (custom)
2019-10-02 22:34:27,661 [pool-449-thread-1] INFO  server.RaftServerConfigKeys (ConfUtils.java:logGet(43)) - raft.server.snapshot.retention.file.num = 5 (custom)
2019-10-02 22:34:27,662 [pool-449-thread-1] INFO  server.RaftServerConfigKeys (ConfUtils.java:logGet(43)) - raft.server.retrycache.expirytime = 600000ms (custom)
2019-10-02 22:34:27,663 [pool-449-thread-1] INFO  impl.RaftServerImpl (RaftServerImpl.java:start(181)) - 235d8df1-b638-45e8-a9c5-4bfd9a856101@group-0F8A927DC4D0: start as a follower, conf=-1: [235d8df1-b638-45e8-a9c5-4bfd9a856101:192.168.30.30:45811], old=null
2019-10-02 22:34:27,663 [pool-449-thread-1] INFO  impl.RaftServerImpl (RaftServerImpl.java:setRole(170)) - 235d8df1-b638-45e8-a9c5-4bfd9a856101@group-0F8A927DC4D0: changes role from      null to FOLLOWER at term 0 for startAsFollower
2019-10-02 22:34:27,663 [pool-449-thread-1] INFO  impl.RoleInfo (RoleInfo.java:updateAndGet(143)) - 235d8df1-b638-45e8-a9c5-4bfd9a856101: start FollowerState
2019-10-02 22:34:27,663 [pool-449-thread-1] INFO  util.JmxRegister (JmxRegister.java:tryRegister(44)) - Successfully registered JMX Bean with object name Ratis:service=RaftServer,group=group-0F8A927DC4D0,id=235d8df1-b638-45e8-a9c5-4bfd9a856101
2019-10-02 22:34:27,667 [RatisPipelineUtilsThread] INFO  pipeline.PipelineStateManager (PipelineStateManager.java:addPipeline(56)) - Created pipeline Pipeline[ Id: b93b86ef-48a8-4bb5-800e-0f8a927dc4d0, Nodes: 235d8df1-b638-45e8-a9c5-4bfd9a856101{ip: 192.168.30.30, host: pr-hdds1737-lts7z-2510321508, networkLocation: /default-rack, certSerialId: null}, Type:RATIS, Factor:ONE, State:OPEN]
2019-10-02 22:34:27,667 [main] INFO  ozone.MiniOzoneClusterImpl (MiniOzoneClusterImpl.java:lambda$waitForClusterToBeReady$0(147)) - Waiting for cluster to be ready. Got 6 of 7 DN Heartbeats.
2019-10-02 22:34:27,667 [IPC Server handler 6 on 43416] INFO  net.NetworkTopology (NetworkTopologyImpl.java:add(111)) - Added a new node: /default-rack/af83997b-625b-464c-8c84-b76449839829
2019-10-02 22:34:27,667 [IPC Server handler 6 on 43416] INFO  node.SCMNodeManager (SCMNodeManager.java:register(266)) - Registered Data node : af83997b-625b-464c-8c84-b76449839829{ip: 192.168.30.30, host: pr-hdds1737-lts7z-2510321508, networkLocation: /default-rack, certSerialId: null}
2019-10-02 22:34:27,673 [grpc-default-executor-13] INFO  impl.RaftServerProxy (RaftServerProxy.java:addNew(89)) - 74659b3f-c24c-4f39-a0be-420e845131f6: addNew group-DCF87125913C:[74659b3f-c24c-4f39-a0be-420e845131f6:192.168.30.30:39325] returns group-DCF87125913C:java.util.concurrent.CompletableFuture@79bf7ada[Not completed]
2019-10-02 22:34:27,675 [pool-439-thread-1] INFO  impl.RaftServerImpl (RaftServerImpl.java:<init>(95)) - 74659b3f-c24c-4f39-a0be-420e845131f6: new RaftServerImpl for group-DCF87125913C:[74659b3f-c24c-4f39-a0be-420e845131f6:192.168.30.30:39325] with ContainerStateMachine:uninitialized
2019-10-02 22:34:27,675 [pool-439-thread-1] INFO  server.RaftServerConfigKeys (ConfUtils.java:logGet(43)) - raft.server.rpc.timeout.min = 5s (custom)
2019-10-02 22:34:27,675 [pool-439-thread-1] INFO  server.RaftServerConfigKeys (ConfUtils.java:logGet(43)) - raft.server.rpc.timeout.max = 5200ms (custom)
2019-10-02 22:34:27,675 [pool-439-thread-1] INFO  server.RaftServerConfigKeys (ConfUtils.java:logGet(43)) - raft.server.rpcslowness.timeout = 120s (custom)
2019-10-02 22:34:27,675 [pool-439-thread-1] INFO  server.RaftServerConfigKeys (ConfUtils.java:logGet(43)) - raft.server.sleep.deviation.threshold = 300 (default)
2019-10-02 22:34:27,675 [pool-439-thread-1] INFO  server.RaftServerConfigKeys (ConfUtils.java:logGet(43)) - raft.server.log.appender.install.snapshot.enabled = false (custom)
2019-10-02 22:34:27,675 [pool-439-thread-1] INFO  impl.RaftServerImpl (ServerState.java:<init>(103)) - 74659b3f-c24c-4f39-a0be-420e845131f6@group-DCF87125913C: ConfigurationManager, init=-1: [74659b3f-c24c-4f39-a0be-420e845131f6:192.168.30.30:39325], old=null, confs=<EMPTY_MAP>
2019-10-02 22:34:27,676 [pool-439-thread-1] INFO  server.RaftServerConfigKeys (ConfUtils.java:logGet(43)) - raft.server.storage.dir = [/workdir/hadoop-ozone/integration-test/target/test-dir/MiniOzoneClusterImpl-5b0c19db-6a49-40b5-ab5c-99aec8de0976/datanode-3/data/ratis] (custom)
2019-10-02 22:34:27,676 [pool-439-thread-1] INFO  server.RaftServerConfigKeys (ConfUtils.java:logGet(43)) - raft.server.log.corruption.policy = EXCEPTION (default)
2019-10-02 22:34:27,676 [pool-439-thread-1] INFO  storage.RaftStorageDirectory (RaftStorageDirectory.java:analyzeStorage(246)) - The storage directory /workdir/hadoop-ozone/integration-test/target/test-dir/MiniOzoneClusterImpl-5b0c19db-6a49-40b5-ab5c-99aec8de0976/datanode-3/data/ratis/8662c973-6f2d-4832-a13a-dcf87125913c does not exist. Creating ...
2019-10-02 22:34:27,700 [pool-439-thread-1] INFO  storage.RaftStorageDirectory (RaftStorageDirectory.java:tryLock(328)) - Lock on /workdir/hadoop-ozone/integration-test/target/test-dir/MiniOzoneClusterImpl-5b0c19db-6a49-40b5-ab5c-99aec8de0976/datanode-3/data/ratis/8662c973-6f2d-4832-a13a-dcf87125913c/in_use.lock acquired by nodename 18586@pr-hdds1737-lts7z-2510321508
2019-10-02 22:34:27,732 [pool-439-thread-1] INFO  storage.RaftStorage (RaftStorage.java:format(84)) - Storage directory /workdir/hadoop-ozone/integration-test/target/test-dir/MiniOzoneClusterImpl-5b0c19db-6a49-40b5-ab5c-99aec8de0976/datanode-3/data/ratis/8662c973-6f2d-4832-a13a-dcf87125913c has been successfully formatted.
2019-10-02 22:34:27,732 [pool-439-thread-1] INFO  ratis.ContainerStateMachine (ContainerStateMachine.java:loadSnapshot(230)) - group-DCF87125913C: The snapshot info is null. Setting the last applied indexto:(t:0, i:~)
2019-10-02 22:34:27,733 [pool-439-thread-1] INFO  server.RaftServerConfigKeys (ConfUtils.java:logGet(43)) - raft.server.notification.no-leader.timeout = 120s (custom)
2019-10-02 22:34:27,733 [pool-439-thread-1] INFO  server.RaftServerConfigKeys (ConfUtils.java:logGet(43)) - raft.server.log.use.memory = false (default)
2019-10-02 22:34:27,733 [pool-439-thread-1] INFO  server.RaftServerConfigKeys (ConfUtils.java:logGet(43)) - raft.server.log.purge.gap = 1000000 (custom)
2019-10-02 22:34:27,733 [pool-439-thread-1] INFO  server.RaftServerConfigKeys (ConfUtils.java:logGet(43)) - raft.server.log.appender.buffer.byte-limit = 33554432 (custom)
2019-10-02 22:34:27,733 [pool-439-thread-1] INFO  server.RaftServerConfigKeys (ConfUtils.java:logGet(43)) - raft.server.log.segment.size.max = 1048576 (custom)
2019-10-02 22:34:27,735 [pool-439-thread-1] INFO  server.RaftServerConfigKeys (ConfUtils.java:logGet(43)) - raft.server.log.segment.cache.num.max = 2 (custom)
2019-10-02 22:34:27,735 [pool-439-thread-1] INFO  segmented.SegmentedRaftLogWorker (SegmentedRaftLogWorker.java:<init>(173)) - new 74659b3f-c24c-4f39-a0be-420e845131f6@group-DCF87125913C-SegmentedRaftLogWorker for RaftStorage:Storage Directory /workdir/hadoop-ozone/integration-test/target/test-dir/MiniOzoneClusterImpl-5b0c19db-6a49-40b5-ab5c-99aec8de0976/datanode-3/data/ratis/8662c973-6f2d-4832-a13a-dcf87125913c
2019-10-02 22:34:27,735 [pool-439-thread-1] INFO  server.RaftServerConfigKeys (ConfUtils.java:logGet(43)) - raft.server.log.queue.byte-limit = 2147483647 (custom)
2019-10-02 22:34:27,735 [pool-439-thread-1] INFO  server.RaftServerConfigKeys (ConfUtils.java:logGet(43)) - raft.server.log.queue.element-limit = 1024 (custom)
2019-10-02 22:34:27,735 [pool-439-thread-1] INFO  server.RaftServerConfigKeys (ConfUtils.java:logGet(43)) - raft.server.log.segment.size.max = 1048576 (custom)
2019-10-02 22:34:27,735 [pool-439-thread-1] INFO  server.RaftServerConfigKeys (ConfUtils.java:logGet(43)) - raft.server.log.preallocated.size = 16384 (custom)
2019-10-02 22:34:27,735 [pool-439-thread-1] INFO  server.RaftServerConfigKeys (ConfUtils.java:logGet(43)) - raft.server.log.write.buffer.size = 33554432 (custom)
2019-10-02 22:34:27,735 [pool-439-thread-1] INFO  server.RaftServerConfigKeys (ConfUtils.java:logGet(43)) - raft.server.log.force.sync.num = 128 (default)
2019-10-02 22:34:27,735 [pool-439-thread-1] INFO  server.RaftServerConfigKeys (ConfUtils.java:logGet(43)) - raft.server.log.statemachine.data.sync = true (default)
2019-10-02 22:34:27,736 [pool-439-thread-1] INFO  server.RaftServerConfigKeys (ConfUtils.java:logGet(43)) - raft.server.log.statemachine.data.sync.timeout = 10s (default)
2019-10-02 22:34:27,736 [pool-439-thread-1] INFO  server.RaftServerConfigKeys (ConfUtils.java:logGet(43)) - raft.server.log.statemachine.data.sync.timeout.retry = -1 (default)
2019-10-02 22:34:27,736 [pool-439-thread-1] INFO  server.RaftServerConfigKeys (ConfUtils.java:logGet(43)) - raft.server.log.statemachine.data.caching.enabled = true (custom)
2019-10-02 22:34:27,736 [pool-439-thread-1] INFO  segmented.SegmentedRaftLogWorker (SegmentedRaftLogWorker.java:lambda$new$0(128)) - 74659b3f-c24c-4f39-a0be-420e845131f6@group-DCF87125913C-SegmentedRaftLogWorker: flushIndex: setUnconditionally 0 -> -1
2019-10-02 22:34:27,737 [pool-439-thread-1] INFO  server.RaftServerConfigKeys (ConfUtils.java:logGet(43)) - raft.server.snapshot.auto.trigger.enabled = true (custom)
2019-10-02 22:34:27,737 [pool-439-thread-1] INFO  server.RaftServerConfigKeys (ConfUtils.java:logGet(43)) - raft.server.snapshot.auto.trigger.threshold = 10000 (custom)
2019-10-02 22:34:27,737 [pool-439-thread-1] INFO  server.RaftServerConfigKeys (ConfUtils.java:logGet(43)) - raft.server.snapshot.retention.file.num = 5 (custom)
2019-10-02 22:34:27,737 [pool-439-thread-1] INFO  server.RaftServerConfigKeys (ConfUtils.java:logGet(43)) - raft.server.retrycache.expirytime = 600000ms (custom)
2019-10-02 22:34:27,738 [pool-439-thread-1] INFO  impl.RaftServerImpl (RaftServerImpl.java:start(181)) - 74659b3f-c24c-4f39-a0be-420e845131f6@group-DCF87125913C: start as a follower, conf=-1: [74659b3f-c24c-4f39-a0be-420e845131f6:192.168.30.30:39325], old=null
2019-10-02 22:34:27,738 [pool-439-thread-1] INFO  impl.RaftServerImpl (RaftServerImpl.java:setRole(170)) - 74659b3f-c24c-4f39-a0be-420e845131f6@group-DCF87125913C: changes role from      null to FOLLOWER at term 0 for startAsFollower
2019-10-02 22:34:27,738 [pool-439-thread-1] INFO  impl.RoleInfo (RoleInfo.java:updateAndGet(143)) - 74659b3f-c24c-4f39-a0be-420e845131f6: start FollowerState
2019-10-02 22:34:27,739 [pool-439-thread-1] INFO  util.JmxRegister (JmxRegister.java:tryRegister(44)) - Successfully registered JMX Bean with object name Ratis:service=RaftServer,group=group-DCF87125913C,id=74659b3f-c24c-4f39-a0be-420e845131f6
2019-10-02 22:34:27,742 [RatisPipelineUtilsThread] INFO  pipeline.PipelineStateManager (PipelineStateManager.java:addPipeline(56)) - Created pipeline Pipeline[ Id: 8662c973-6f2d-4832-a13a-dcf87125913c, Nodes: 74659b3f-c24c-4f39-a0be-420e845131f6{ip: 192.168.30.30, host: pr-hdds1737-lts7z-2510321508, networkLocation: /default-rack, certSerialId: null}, Type:RATIS, Factor:ONE, State:OPEN]
2019-10-02 22:34:27,749 [grpc-default-executor-13] INFO  impl.RaftServerProxy (RaftServerProxy.java:addNew(89)) - af83997b-625b-464c-8c84-b76449839829: addNew group-BC122F275057:[af83997b-625b-464c-8c84-b76449839829:192.168.30.30:46711] returns group-BC122F275057:java.util.concurrent.CompletableFuture@52186fe5[Not completed]
2019-10-02 22:34:27,750 [pool-469-thread-1] INFO  impl.RaftServerImpl (RaftServerImpl.java:<init>(95)) - af83997b-625b-464c-8c84-b76449839829: new RaftServerImpl for group-BC122F275057:[af83997b-625b-464c-8c84-b76449839829:192.168.30.30:46711] with ContainerStateMachine:uninitialized
2019-10-02 22:34:27,750 [pool-469-thread-1] INFO  server.RaftServerConfigKeys (ConfUtils.java:logGet(43)) - raft.server.rpc.timeout.min = 5s (custom)
2019-10-02 22:34:27,750 [pool-469-thread-1] INFO  server.RaftServerConfigKeys (ConfUtils.java:logGet(43)) - raft.server.rpc.timeout.max = 5200ms (custom)
2019-10-02 22:34:27,750 [pool-469-thread-1] INFO  server.RaftServerConfigKeys (ConfUtils.java:logGet(43)) - raft.server.rpcslowness.timeout = 120s (custom)
2019-10-02 22:34:27,750 [pool-469-thread-1] INFO  server.RaftServerConfigKeys (ConfUtils.java:logGet(43)) - raft.server.sleep.deviation.threshold = 300 (default)
2019-10-02 22:34:27,750 [pool-469-thread-1] INFO  server.RaftServerConfigKeys (ConfUtils.java:logGet(43)) - raft.server.log.appender.install.snapshot.enabled = false (custom)
2019-10-02 22:34:27,750 [pool-469-thread-1] INFO  impl.RaftServerImpl (ServerState.java:<init>(103)) - af83997b-625b-464c-8c84-b76449839829@group-BC122F275057: ConfigurationManager, init=-1: [af83997b-625b-464c-8c84-b76449839829:192.168.30.30:46711], old=null, confs=<EMPTY_MAP>
2019-10-02 22:34:27,750 [pool-469-thread-1] INFO  server.RaftServerConfigKeys (ConfUtils.java:logGet(43)) - raft.server.storage.dir = [/workdir/hadoop-ozone/integration-test/target/test-dir/MiniOzoneClusterImpl-5b0c19db-6a49-40b5-ab5c-99aec8de0976/datanode-6/data/ratis] (custom)
2019-10-02 22:34:27,751 [pool-469-thread-1] INFO  server.RaftServerConfigKeys (ConfUtils.java:logGet(43)) - raft.server.log.corruption.policy = EXCEPTION (default)
2019-10-02 22:34:27,751 [pool-469-thread-1] INFO  storage.RaftStorageDirectory (RaftStorageDirectory.java:analyzeStorage(246)) - The storage directory /workdir/hadoop-ozone/integration-test/target/test-dir/MiniOzoneClusterImpl-5b0c19db-6a49-40b5-ab5c-99aec8de0976/datanode-6/data/ratis/5432c3be-84f2-4f9a-8bae-bc122f275057 does not exist. Creating ...
2019-10-02 22:34:27,774 [pool-469-thread-1] INFO  storage.RaftStorageDirectory (RaftStorageDirectory.java:tryLock(328)) - Lock on /workdir/hadoop-ozone/integration-test/target/test-dir/MiniOzoneClusterImpl-5b0c19db-6a49-40b5-ab5c-99aec8de0976/datanode-6/data/ratis/5432c3be-84f2-4f9a-8bae-bc122f275057/in_use.lock acquired by nodename 18586@pr-hdds1737-lts7z-2510321508
2019-10-02 22:34:27,800 [pool-469-thread-1] INFO  storage.RaftStorage (RaftStorage.java:format(84)) - Storage directory /workdir/hadoop-ozone/integration-test/target/test-dir/MiniOzoneClusterImpl-5b0c19db-6a49-40b5-ab5c-99aec8de0976/datanode-6/data/ratis/5432c3be-84f2-4f9a-8bae-bc122f275057 has been successfully formatted.
2019-10-02 22:34:27,800 [pool-469-thread-1] INFO  ratis.ContainerStateMachine (ContainerStateMachine.java:loadSnapshot(230)) - group-BC122F275057: The snapshot info is null. Setting the last applied indexto:(t:0, i:~)
2019-10-02 22:34:27,800 [pool-469-thread-1] INFO  server.RaftServerConfigKeys (ConfUtils.java:logGet(43)) - raft.server.notification.no-leader.timeout = 120s (custom)
2019-10-02 22:34:27,800 [pool-469-thread-1] INFO  server.RaftServerConfigKeys (ConfUtils.java:logGet(43)) - raft.server.log.use.memory = false (default)
2019-10-02 22:34:27,801 [pool-469-thread-1] INFO  server.RaftServerConfigKeys (ConfUtils.java:logGet(43)) - raft.server.log.purge.gap = 1000000 (custom)
2019-10-02 22:34:27,801 [pool-469-thread-1] INFO  server.RaftServerConfigKeys (ConfUtils.java:logGet(43)) - raft.server.log.appender.buffer.byte-limit = 33554432 (custom)
2019-10-02 22:34:27,801 [pool-469-thread-1] INFO  server.RaftServerConfigKeys (ConfUtils.java:logGet(43)) - raft.server.log.segment.size.max = 1048576 (custom)
2019-10-02 22:34:27,803 [pool-469-thread-1] INFO  server.RaftServerConfigKeys (ConfUtils.java:logGet(43)) - raft.server.log.segment.cache.num.max = 2 (custom)
2019-10-02 22:34:27,803 [pool-469-thread-1] INFO  segmented.SegmentedRaftLogWorker (SegmentedRaftLogWorker.java:<init>(173)) - new af83997b-625b-464c-8c84-b76449839829@group-BC122F275057-SegmentedRaftLogWorker for RaftStorage:Storage Directory /workdir/hadoop-ozone/integration-test/target/test-dir/MiniOzoneClusterImpl-5b0c19db-6a49-40b5-ab5c-99aec8de0976/datanode-6/data/ratis/5432c3be-84f2-4f9a-8bae-bc122f275057
2019-10-02 22:34:27,803 [pool-469-thread-1] INFO  server.RaftServerConfigKeys (ConfUtils.java:logGet(43)) - raft.server.log.queue.byte-limit = 2147483647 (custom)
2019-10-02 22:34:27,803 [pool-469-thread-1] INFO  server.RaftServerConfigKeys (ConfUtils.java:logGet(43)) - raft.server.log.queue.element-limit = 1024 (custom)
2019-10-02 22:34:27,803 [pool-469-thread-1] INFO  server.RaftServerConfigKeys (ConfUtils.java:logGet(43)) - raft.server.log.segment.size.max = 1048576 (custom)
2019-10-02 22:34:27,803 [pool-469-thread-1] INFO  server.RaftServerConfigKeys (ConfUtils.java:logGet(43)) - raft.server.log.preallocated.size = 16384 (custom)
2019-10-02 22:34:27,804 [pool-469-thread-1] INFO  server.RaftServerConfigKeys (ConfUtils.java:logGet(43)) - raft.server.log.write.buffer.size = 33554432 (custom)
2019-10-02 22:34:27,804 [pool-469-thread-1] INFO  server.RaftServerConfigKeys (ConfUtils.java:logGet(43)) - raft.server.log.force.sync.num = 128 (default)
2019-10-02 22:34:27,804 [pool-469-thread-1] INFO  server.RaftServerConfigKeys (ConfUtils.java:logGet(43)) - raft.server.log.statemachine.data.sync = true (default)
2019-10-02 22:34:27,804 [pool-469-thread-1] INFO  server.RaftServerConfigKeys (ConfUtils.java:logGet(43)) - raft.server.log.statemachine.data.sync.timeout = 10s (default)
2019-10-02 22:34:27,804 [pool-469-thread-1] INFO  server.RaftServerConfigKeys (ConfUtils.java:logGet(43)) - raft.server.log.statemachine.data.sync.timeout.retry = -1 (default)
2019-10-02 22:34:27,805 [pool-469-thread-1] INFO  server.RaftServerConfigKeys (ConfUtils.java:logGet(43)) - raft.server.log.statemachine.data.caching.enabled = true (custom)
2019-10-02 22:34:27,805 [pool-469-thread-1] INFO  segmented.SegmentedRaftLogWorker (SegmentedRaftLogWorker.java:lambda$new$0(128)) - af83997b-625b-464c-8c84-b76449839829@group-BC122F275057-SegmentedRaftLogWorker: flushIndex: setUnconditionally 0 -> -1
2019-10-02 22:34:27,805 [pool-469-thread-1] INFO  server.RaftServerConfigKeys (ConfUtils.java:logGet(43)) - raft.server.snapshot.auto.trigger.enabled = true (custom)
2019-10-02 22:34:27,805 [pool-469-thread-1] INFO  server.RaftServerConfigKeys (ConfUtils.java:logGet(43)) - raft.server.snapshot.auto.trigger.threshold = 10000 (custom)
2019-10-02 22:34:27,806 [pool-469-thread-1] INFO  server.RaftServerConfigKeys (ConfUtils.java:logGet(43)) - raft.server.snapshot.retention.file.num = 5 (custom)
2019-10-02 22:34:27,806 [pool-469-thread-1] INFO  server.RaftServerConfigKeys (ConfUtils.java:logGet(43)) - raft.server.retrycache.expirytime = 600000ms (custom)
2019-10-02 22:34:27,808 [pool-469-thread-1] INFO  impl.RaftServerImpl (RaftServerImpl.java:start(181)) - af83997b-625b-464c-8c84-b76449839829@group-BC122F275057: start as a follower, conf=-1: [af83997b-625b-464c-8c84-b76449839829:192.168.30.30:46711], old=null
2019-10-02 22:34:27,808 [pool-469-thread-1] INFO  impl.RaftServerImpl (RaftServerImpl.java:setRole(170)) - af83997b-625b-464c-8c84-b76449839829@group-BC122F275057: changes role from      null to FOLLOWER at term 0 for startAsFollower
2019-10-02 22:34:27,808 [pool-469-thread-1] INFO  impl.RoleInfo (RoleInfo.java:updateAndGet(143)) - af83997b-625b-464c-8c84-b76449839829: start FollowerState
2019-10-02 22:34:27,808 [pool-469-thread-1] INFO  util.JmxRegister (JmxRegister.java:tryRegister(44)) - Successfully registered JMX Bean with object name Ratis:service=RaftServer,group=group-BC122F275057,id=af83997b-625b-464c-8c84-b76449839829
2019-10-02 22:34:27,813 [RatisPipelineUtilsThread] INFO  pipeline.PipelineStateManager (PipelineStateManager.java:addPipeline(56)) - Created pipeline Pipeline[ Id: 5432c3be-84f2-4f9a-8bae-bc122f275057, Nodes: af83997b-625b-464c-8c84-b76449839829{ip: 192.168.30.30, host: pr-hdds1737-lts7z-2510321508, networkLocation: /default-rack, certSerialId: null}, Type:RATIS, Factor:ONE, State:OPEN]
2019-10-02 22:34:27,819 [grpc-default-executor-13] INFO  impl.RaftServerProxy (RaftServerProxy.java:addNew(89)) - f016b09c-ac10-4c80-a5da-2657148b46c2: addNew group-0347D297D1FE:[f016b09c-ac10-4c80-a5da-2657148b46c2:192.168.30.30:40909] returns group-0347D297D1FE:java.util.concurrent.CompletableFuture@483b72dd[Not completed]
2019-10-02 22:34:27,820 [pool-459-thread-1] INFO  impl.RaftServerImpl (RaftServerImpl.java:<init>(95)) - f016b09c-ac10-4c80-a5da-2657148b46c2: new RaftServerImpl for group-0347D297D1FE:[f016b09c-ac10-4c80-a5da-2657148b46c2:192.168.30.30:40909] with ContainerStateMachine:uninitialized
2019-10-02 22:34:27,820 [pool-459-thread-1] INFO  server.RaftServerConfigKeys (ConfUtils.java:logGet(43)) - raft.server.rpc.timeout.min = 5s (custom)
2019-10-02 22:34:27,820 [pool-459-thread-1] INFO  server.RaftServerConfigKeys (ConfUtils.java:logGet(43)) - raft.server.rpc.timeout.max = 5200ms (custom)
2019-10-02 22:34:27,820 [pool-459-thread-1] INFO  server.RaftServerConfigKeys (ConfUtils.java:logGet(43)) - raft.server.rpcslowness.timeout = 120s (custom)
2019-10-02 22:34:27,820 [pool-459-thread-1] INFO  server.RaftServerConfigKeys (ConfUtils.java:logGet(43)) - raft.server.sleep.deviation.threshold = 300 (default)
2019-10-02 22:34:27,820 [pool-459-thread-1] INFO  server.RaftServerConfigKeys (ConfUtils.java:logGet(43)) - raft.server.log.appender.install.snapshot.enabled = false (custom)
2019-10-02 22:34:27,820 [pool-459-thread-1] INFO  impl.RaftServerImpl (ServerState.java:<init>(103)) - f016b09c-ac10-4c80-a5da-2657148b46c2@group-0347D297D1FE: ConfigurationManager, init=-1: [f016b09c-ac10-4c80-a5da-2657148b46c2:192.168.30.30:40909], old=null, confs=<EMPTY_MAP>
2019-10-02 22:34:27,820 [pool-459-thread-1] INFO  server.RaftServerConfigKeys (ConfUtils.java:logGet(43)) - raft.server.storage.dir = [/workdir/hadoop-ozone/integration-test/target/test-dir/MiniOzoneClusterImpl-5b0c19db-6a49-40b5-ab5c-99aec8de0976/datanode-5/data/ratis] (custom)
2019-10-02 22:34:27,820 [pool-459-thread-1] INFO  server.RaftServerConfigKeys (ConfUtils.java:logGet(43)) - raft.server.log.corruption.policy = EXCEPTION (default)
2019-10-02 22:34:27,821 [pool-459-thread-1] INFO  storage.RaftStorageDirectory (RaftStorageDirectory.java:analyzeStorage(246)) - The storage directory /workdir/hadoop-ozone/integration-test/target/test-dir/MiniOzoneClusterImpl-5b0c19db-6a49-40b5-ab5c-99aec8de0976/datanode-5/data/ratis/0c5c0f76-3418-4380-99ea-0347d297d1fe does not exist. Creating ...
2019-10-02 22:34:27,850 [pool-459-thread-1] INFO  storage.RaftStorageDirectory (RaftStorageDirectory.java:tryLock(328)) - Lock on /workdir/hadoop-ozone/integration-test/target/test-dir/MiniOzoneClusterImpl-5b0c19db-6a49-40b5-ab5c-99aec8de0976/datanode-5/data/ratis/0c5c0f76-3418-4380-99ea-0347d297d1fe/in_use.lock acquired by nodename 18586@pr-hdds1737-lts7z-2510321508
2019-10-02 22:34:27,875 [pool-459-thread-1] INFO  storage.RaftStorage (RaftStorage.java:format(84)) - Storage directory /workdir/hadoop-ozone/integration-test/target/test-dir/MiniOzoneClusterImpl-5b0c19db-6a49-40b5-ab5c-99aec8de0976/datanode-5/data/ratis/0c5c0f76-3418-4380-99ea-0347d297d1fe has been successfully formatted.
2019-10-02 22:34:27,876 [pool-459-thread-1] INFO  ratis.ContainerStateMachine (ContainerStateMachine.java:loadSnapshot(230)) - group-0347D297D1FE: The snapshot info is null. Setting the last applied indexto:(t:0, i:~)
2019-10-02 22:34:27,876 [pool-459-thread-1] INFO  server.RaftServerConfigKeys (ConfUtils.java:logGet(43)) - raft.server.notification.no-leader.timeout = 120s (custom)
2019-10-02 22:34:27,876 [pool-459-thread-1] INFO  server.RaftServerConfigKeys (ConfUtils.java:logGet(43)) - raft.server.log.use.memory = false (default)
2019-10-02 22:34:27,876 [pool-459-thread-1] INFO  server.RaftServerConfigKeys (ConfUtils.java:logGet(43)) - raft.server.log.purge.gap = 1000000 (custom)
2019-10-02 22:34:27,876 [pool-459-thread-1] INFO  server.RaftServerConfigKeys (ConfUtils.java:logGet(43)) - raft.server.log.appender.buffer.byte-limit = 33554432 (custom)
2019-10-02 22:34:27,876 [pool-459-thread-1] INFO  server.RaftServerConfigKeys (ConfUtils.java:logGet(43)) - raft.server.log.segment.size.max = 1048576 (custom)
2019-10-02 22:34:27,877 [pool-459-thread-1] INFO  server.RaftServerConfigKeys (ConfUtils.java:logGet(43)) - raft.server.log.segment.cache.num.max = 2 (custom)
2019-10-02 22:34:27,877 [pool-459-thread-1] INFO  segmented.SegmentedRaftLogWorker (SegmentedRaftLogWorker.java:<init>(173)) - new f016b09c-ac10-4c80-a5da-2657148b46c2@group-0347D297D1FE-SegmentedRaftLogWorker for RaftStorage:Storage Directory /workdir/hadoop-ozone/integration-test/target/test-dir/MiniOzoneClusterImpl-5b0c19db-6a49-40b5-ab5c-99aec8de0976/datanode-5/data/ratis/0c5c0f76-3418-4380-99ea-0347d297d1fe
2019-10-02 22:34:27,877 [pool-459-thread-1] INFO  server.RaftServerConfigKeys (ConfUtils.java:logGet(43)) - raft.server.log.queue.byte-limit = 2147483647 (custom)
2019-10-02 22:34:27,878 [pool-459-thread-1] INFO  server.RaftServerConfigKeys (ConfUtils.java:logGet(43)) - raft.server.log.queue.element-limit = 1024 (custom)
2019-10-02 22:34:27,878 [pool-459-thread-1] INFO  server.RaftServerConfigKeys (ConfUtils.java:logGet(43)) - raft.server.log.segment.size.max = 1048576 (custom)
2019-10-02 22:34:27,878 [pool-459-thread-1] INFO  server.RaftServerConfigKeys (ConfUtils.java:logGet(43)) - raft.server.log.preallocated.size = 16384 (custom)
2019-10-02 22:34:27,878 [pool-459-thread-1] INFO  server.RaftServerConfigKeys (ConfUtils.java:logGet(43)) - raft.server.log.write.buffer.size = 33554432 (custom)
2019-10-02 22:34:27,878 [pool-459-thread-1] INFO  server.RaftServerConfigKeys (ConfUtils.java:logGet(43)) - raft.server.log.force.sync.num = 128 (default)
2019-10-02 22:34:27,878 [pool-459-thread-1] INFO  server.RaftServerConfigKeys (ConfUtils.java:logGet(43)) - raft.server.log.statemachine.data.sync = true (default)
2019-10-02 22:34:27,878 [pool-459-thread-1] INFO  server.RaftServerConfigKeys (ConfUtils.java:logGet(43)) - raft.server.log.statemachine.data.sync.timeout = 10s (default)
2019-10-02 22:34:27,878 [pool-459-thread-1] INFO  server.RaftServerConfigKeys (ConfUtils.java:logGet(43)) - raft.server.log.statemachine.data.sync.timeout.retry = -1 (default)
2019-10-02 22:34:27,879 [pool-459-thread-1] INFO  server.RaftServerConfigKeys (ConfUtils.java:logGet(43)) - raft.server.log.statemachine.data.caching.enabled = true (custom)
2019-10-02 22:34:27,879 [pool-459-thread-1] INFO  segmented.SegmentedRaftLogWorker (SegmentedRaftLogWorker.java:lambda$new$0(128)) - f016b09c-ac10-4c80-a5da-2657148b46c2@group-0347D297D1FE-SegmentedRaftLogWorker: flushIndex: setUnconditionally 0 -> -1
2019-10-02 22:34:27,879 [pool-459-thread-1] INFO  server.RaftServerConfigKeys (ConfUtils.java:logGet(43)) - raft.server.snapshot.auto.trigger.enabled = true (custom)
2019-10-02 22:34:27,879 [pool-459-thread-1] INFO  server.RaftServerConfigKeys (ConfUtils.java:logGet(43)) - raft.server.snapshot.auto.trigger.threshold = 10000 (custom)
2019-10-02 22:34:27,880 [pool-459-thread-1] INFO  server.RaftServerConfigKeys (ConfUtils.java:logGet(43)) - raft.server.snapshot.retention.file.num = 5 (custom)
2019-10-02 22:34:27,880 [pool-459-thread-1] INFO  server.RaftServerConfigKeys (ConfUtils.java:logGet(43)) - raft.server.retrycache.expirytime = 600000ms (custom)
2019-10-02 22:34:27,881 [pool-459-thread-1] INFO  impl.RaftServerImpl (RaftServerImpl.java:start(181)) - f016b09c-ac10-4c80-a5da-2657148b46c2@group-0347D297D1FE: start as a follower, conf=-1: [f016b09c-ac10-4c80-a5da-2657148b46c2:192.168.30.30:40909], old=null
2019-10-02 22:34:27,881 [pool-459-thread-1] INFO  impl.RaftServerImpl (RaftServerImpl.java:setRole(170)) - f016b09c-ac10-4c80-a5da-2657148b46c2@group-0347D297D1FE: changes role from      null to FOLLOWER at term 0 for startAsFollower
2019-10-02 22:34:27,881 [pool-459-thread-1] INFO  impl.RoleInfo (RoleInfo.java:updateAndGet(143)) - f016b09c-ac10-4c80-a5da-2657148b46c2: start FollowerState
2019-10-02 22:34:27,881 [pool-459-thread-1] INFO  util.JmxRegister (JmxRegister.java:tryRegister(44)) - Successfully registered JMX Bean with object name Ratis:service=RaftServer,group=group-0347D297D1FE,id=f016b09c-ac10-4c80-a5da-2657148b46c2
2019-10-02 22:34:27,884 [RatisPipelineUtilsThread] INFO  pipeline.PipelineStateManager (PipelineStateManager.java:addPipeline(56)) - Created pipeline Pipeline[ Id: 0c5c0f76-3418-4380-99ea-0347d297d1fe, Nodes: f016b09c-ac10-4c80-a5da-2657148b46c2{ip: 192.168.30.30, host: pr-hdds1737-lts7z-2510321508, networkLocation: /default-rack, certSerialId: null}, Type:RATIS, Factor:ONE, State:OPEN]
2019-10-02 22:34:27,892 [grpc-default-executor-2] INFO  impl.RaftServerProxy (RaftServerProxy.java:addNew(89)) - 235d8df1-b638-45e8-a9c5-4bfd9a856101: addNew group-D99134C5E5A7:[af83997b-625b-464c-8c84-b76449839829:192.168.30.30:46711, 74659b3f-c24c-4f39-a0be-420e845131f6:192.168.30.30:39325, 235d8df1-b638-45e8-a9c5-4bfd9a856101:192.168.30.30:45811] returns group-D99134C5E5A7:java.util.concurrent.CompletableFuture@1aad505f[Not completed]
2019-10-02 22:34:27,892 [grpc-default-executor-13] INFO  impl.RaftServerProxy (RaftServerProxy.java:addNew(89)) - af83997b-625b-464c-8c84-b76449839829: addNew group-D99134C5E5A7:[af83997b-625b-464c-8c84-b76449839829:192.168.30.30:46711, 74659b3f-c24c-4f39-a0be-420e845131f6:192.168.30.30:39325, 235d8df1-b638-45e8-a9c5-4bfd9a856101:192.168.30.30:45811] returns group-D99134C5E5A7:java.util.concurrent.CompletableFuture@14459381[Not completed]
2019-10-02 22:34:27,893 [grpc-default-executor-13] INFO  impl.RaftServerProxy (RaftServerProxy.java:addNew(89)) - 74659b3f-c24c-4f39-a0be-420e845131f6: addNew group-D99134C5E5A7:[af83997b-625b-464c-8c84-b76449839829:192.168.30.30:46711, 74659b3f-c24c-4f39-a0be-420e845131f6:192.168.30.30:39325, 235d8df1-b638-45e8-a9c5-4bfd9a856101:192.168.30.30:45811] returns group-D99134C5E5A7:java.util.concurrent.CompletableFuture@234772f3[Not completed]
2019-10-02 22:34:27,893 [pool-469-thread-1] INFO  impl.RaftServerImpl (RaftServerImpl.java:<init>(95)) - af83997b-625b-464c-8c84-b76449839829: new RaftServerImpl for group-D99134C5E5A7:[af83997b-625b-464c-8c84-b76449839829:192.168.30.30:46711, 74659b3f-c24c-4f39-a0be-420e845131f6:192.168.30.30:39325, 235d8df1-b638-45e8-a9c5-4bfd9a856101:192.168.30.30:45811] with ContainerStateMachine:uninitialized
2019-10-02 22:34:27,893 [pool-469-thread-1] INFO  server.RaftServerConfigKeys (ConfUtils.java:logGet(43)) - raft.server.rpc.timeout.min = 5s (custom)
2019-10-02 22:34:27,893 [pool-469-thread-1] INFO  server.RaftServerConfigKeys (ConfUtils.java:logGet(43)) - raft.server.rpc.timeout.max = 5200ms (custom)
2019-10-02 22:34:27,893 [pool-469-thread-1] INFO  server.RaftServerConfigKeys (ConfUtils.java:logGet(43)) - raft.server.rpcslowness.timeout = 120s (custom)
2019-10-02 22:34:27,893 [pool-469-thread-1] INFO  server.RaftServerConfigKeys (ConfUtils.java:logGet(43)) - raft.server.sleep.deviation.threshold = 300 (default)
2019-10-02 22:34:27,894 [pool-469-thread-1] INFO  server.RaftServerConfigKeys (ConfUtils.java:logGet(43)) - raft.server.log.appender.install.snapshot.enabled = false (custom)
2019-10-02 22:34:27,894 [pool-449-thread-1] INFO  impl.RaftServerImpl (RaftServerImpl.java:<init>(95)) - 235d8df1-b638-45e8-a9c5-4bfd9a856101: new RaftServerImpl for group-D99134C5E5A7:[af83997b-625b-464c-8c84-b76449839829:192.168.30.30:46711, 74659b3f-c24c-4f39-a0be-420e845131f6:192.168.30.30:39325, 235d8df1-b638-45e8-a9c5-4bfd9a856101:192.168.30.30:45811] with ContainerStateMachine:uninitialized
2019-10-02 22:34:27,894 [pool-469-thread-1] INFO  impl.RaftServerImpl (ServerState.java:<init>(103)) - af83997b-625b-464c-8c84-b76449839829@group-D99134C5E5A7: ConfigurationManager, init=-1: [af83997b-625b-464c-8c84-b76449839829:192.168.30.30:46711, 74659b3f-c24c-4f39-a0be-420e845131f6:192.168.30.30:39325, 235d8df1-b638-45e8-a9c5-4bfd9a856101:192.168.30.30:45811], old=null, confs=<EMPTY_MAP>
2019-10-02 22:34:27,894 [pool-449-thread-1] INFO  server.RaftServerConfigKeys (ConfUtils.java:logGet(43)) - raft.server.rpc.timeout.min = 5s (custom)
2019-10-02 22:34:27,894 [pool-469-thread-1] INFO  server.RaftServerConfigKeys (ConfUtils.java:logGet(43)) - raft.server.storage.dir = [/workdir/hadoop-ozone/integration-test/target/test-dir/MiniOzoneClusterImpl-5b0c19db-6a49-40b5-ab5c-99aec8de0976/datanode-6/data/ratis] (custom)
2019-10-02 22:34:27,894 [pool-439-thread-1] INFO  impl.RaftServerImpl (RaftServerImpl.java:<init>(95)) - 74659b3f-c24c-4f39-a0be-420e845131f6: new RaftServerImpl for group-D99134C5E5A7:[af83997b-625b-464c-8c84-b76449839829:192.168.30.30:46711, 74659b3f-c24c-4f39-a0be-420e845131f6:192.168.30.30:39325, 235d8df1-b638-45e8-a9c5-4bfd9a856101:192.168.30.30:45811] with ContainerStateMachine:uninitialized
2019-10-02 22:34:27,894 [pool-449-thread-1] INFO  server.RaftServerConfigKeys (ConfUtils.java:logGet(43)) - raft.server.rpc.timeout.max = 5200ms (custom)
2019-10-02 22:34:27,894 [pool-469-thread-1] INFO  server.RaftServerConfigKeys (ConfUtils.java:logGet(43)) - raft.server.log.corruption.policy = EXCEPTION (default)
2019-10-02 22:34:27,894 [pool-439-thread-1] INFO  server.RaftServerConfigKeys (ConfUtils.java:logGet(43)) - raft.server.rpc.timeout.min = 5s (custom)
2019-10-02 22:34:27,895 [pool-469-thread-1] INFO  storage.RaftStorageDirectory (RaftStorageDirectory.java:analyzeStorage(246)) - The storage directory /workdir/hadoop-ozone/integration-test/target/test-dir/MiniOzoneClusterImpl-5b0c19db-6a49-40b5-ab5c-99aec8de0976/datanode-6/data/ratis/04ee62b1-66f6-4fa1-84ce-d99134c5e5a7 does not exist. Creating ...
2019-10-02 22:34:27,894 [pool-449-thread-1] INFO  server.RaftServerConfigKeys (ConfUtils.java:logGet(43)) - raft.server.rpcslowness.timeout = 120s (custom)
2019-10-02 22:34:27,895 [pool-439-thread-1] INFO  server.RaftServerConfigKeys (ConfUtils.java:logGet(43)) - raft.server.rpc.timeout.max = 5200ms (custom)
2019-10-02 22:34:27,895 [pool-449-thread-1] INFO  server.RaftServerConfigKeys (ConfUtils.java:logGet(43)) - raft.server.sleep.deviation.threshold = 300 (default)
2019-10-02 22:34:27,895 [pool-439-thread-1] INFO  server.RaftServerConfigKeys (ConfUtils.java:logGet(43)) - raft.server.rpcslowness.timeout = 120s (custom)
2019-10-02 22:34:27,895 [pool-449-thread-1] INFO  server.RaftServerConfigKeys (ConfUtils.java:logGet(43)) - raft.server.log.appender.install.snapshot.enabled = false (custom)
2019-10-02 22:34:27,895 [pool-439-thread-1] INFO  server.RaftServerConfigKeys (ConfUtils.java:logGet(43)) - raft.server.sleep.deviation.threshold = 300 (default)
2019-10-02 22:34:27,895 [pool-449-thread-1] INFO  impl.RaftServerImpl (ServerState.java:<init>(103)) - 235d8df1-b638-45e8-a9c5-4bfd9a856101@group-D99134C5E5A7: ConfigurationManager, init=-1: [af83997b-625b-464c-8c84-b76449839829:192.168.30.30:46711, 74659b3f-c24c-4f39-a0be-420e845131f6:192.168.30.30:39325, 235d8df1-b638-45e8-a9c5-4bfd9a856101:192.168.30.30:45811], old=null, confs=<EMPTY_MAP>
2019-10-02 22:34:27,895 [pool-439-thread-1] INFO  server.RaftServerConfigKeys (ConfUtils.java:logGet(43)) - raft.server.log.appender.install.snapshot.enabled = false (custom)
2019-10-02 22:34:27,895 [pool-449-thread-1] INFO  server.RaftServerConfigKeys (ConfUtils.java:logGet(43)) - raft.server.storage.dir = [/workdir/hadoop-ozone/integration-test/target/test-dir/MiniOzoneClusterImpl-5b0c19db-6a49-40b5-ab5c-99aec8de0976/datanode-4/data/ratis] (custom)
2019-10-02 22:34:27,895 [pool-439-thread-1] INFO  impl.RaftServerImpl (ServerState.java:<init>(103)) - 74659b3f-c24c-4f39-a0be-420e845131f6@group-D99134C5E5A7: ConfigurationManager, init=-1: [af83997b-625b-464c-8c84-b76449839829:192.168.30.30:46711, 74659b3f-c24c-4f39-a0be-420e845131f6:192.168.30.30:39325, 235d8df1-b638-45e8-a9c5-4bfd9a856101:192.168.30.30:45811], old=null, confs=<EMPTY_MAP>
2019-10-02 22:34:27,896 [pool-449-thread-1] INFO  server.RaftServerConfigKeys (ConfUtils.java:logGet(43)) - raft.server.log.corruption.policy = EXCEPTION (default)
2019-10-02 22:34:27,896 [pool-439-thread-1] INFO  server.RaftServerConfigKeys (ConfUtils.java:logGet(43)) - raft.server.storage.dir = [/workdir/hadoop-ozone/integration-test/target/test-dir/MiniOzoneClusterImpl-5b0c19db-6a49-40b5-ab5c-99aec8de0976/datanode-3/data/ratis] (custom)
2019-10-02 22:34:27,896 [pool-449-thread-1] INFO  storage.RaftStorageDirectory (RaftStorageDirectory.java:analyzeStorage(246)) - The storage directory /workdir/hadoop-ozone/integration-test/target/test-dir/MiniOzoneClusterImpl-5b0c19db-6a49-40b5-ab5c-99aec8de0976/datanode-4/data/ratis/04ee62b1-66f6-4fa1-84ce-d99134c5e5a7 does not exist. Creating ...
2019-10-02 22:34:27,896 [pool-439-thread-1] INFO  server.RaftServerConfigKeys (ConfUtils.java:logGet(43)) - raft.server.log.corruption.policy = EXCEPTION (default)
2019-10-02 22:34:27,896 [pool-439-thread-1] INFO  storage.RaftStorageDirectory (RaftStorageDirectory.java:analyzeStorage(246)) - The storage directory /workdir/hadoop-ozone/integration-test/target/test-dir/MiniOzoneClusterImpl-5b0c19db-6a49-40b5-ab5c-99aec8de0976/datanode-3/data/ratis/04ee62b1-66f6-4fa1-84ce-d99134c5e5a7 does not exist. Creating ...
2019-10-02 22:34:27,926 [pool-449-thread-1] INFO  storage.RaftStorageDirectory (RaftStorageDirectory.java:tryLock(328)) - Lock on /workdir/hadoop-ozone/integration-test/target/test-dir/MiniOzoneClusterImpl-5b0c19db-6a49-40b5-ab5c-99aec8de0976/datanode-4/data/ratis/04ee62b1-66f6-4fa1-84ce-d99134c5e5a7/in_use.lock acquired by nodename 18586@pr-hdds1737-lts7z-2510321508
2019-10-02 22:34:27,926 [pool-439-thread-1] INFO  storage.RaftStorageDirectory (RaftStorageDirectory.java:tryLock(328)) - Lock on /workdir/hadoop-ozone/integration-test/target/test-dir/MiniOzoneClusterImpl-5b0c19db-6a49-40b5-ab5c-99aec8de0976/datanode-3/data/ratis/04ee62b1-66f6-4fa1-84ce-d99134c5e5a7/in_use.lock acquired by nodename 18586@pr-hdds1737-lts7z-2510321508
2019-10-02 22:34:27,926 [pool-469-thread-1] INFO  storage.RaftStorageDirectory (RaftStorageDirectory.java:tryLock(328)) - Lock on /workdir/hadoop-ozone/integration-test/target/test-dir/MiniOzoneClusterImpl-5b0c19db-6a49-40b5-ab5c-99aec8de0976/datanode-6/data/ratis/04ee62b1-66f6-4fa1-84ce-d99134c5e5a7/in_use.lock acquired by nodename 18586@pr-hdds1737-lts7z-2510321508
2019-10-02 22:34:27,969 [pool-469-thread-1] INFO  storage.RaftStorage (RaftStorage.java:format(84)) - Storage directory /workdir/hadoop-ozone/integration-test/target/test-dir/MiniOzoneClusterImpl-5b0c19db-6a49-40b5-ab5c-99aec8de0976/datanode-6/data/ratis/04ee62b1-66f6-4fa1-84ce-d99134c5e5a7 has been successfully formatted.
2019-10-02 22:34:27,969 [pool-449-thread-1] INFO  storage.RaftStorage (RaftStorage.java:format(84)) - Storage directory /workdir/hadoop-ozone/integration-test/target/test-dir/MiniOzoneClusterImpl-5b0c19db-6a49-40b5-ab5c-99aec8de0976/datanode-4/data/ratis/04ee62b1-66f6-4fa1-84ce-d99134c5e5a7 has been successfully formatted.
2019-10-02 22:34:27,969 [pool-439-thread-1] INFO  storage.RaftStorage (RaftStorage.java:format(84)) - Storage directory /workdir/hadoop-ozone/integration-test/target/test-dir/MiniOzoneClusterImpl-5b0c19db-6a49-40b5-ab5c-99aec8de0976/datanode-3/data/ratis/04ee62b1-66f6-4fa1-84ce-d99134c5e5a7 has been successfully formatted.
2019-10-02 22:34:27,969 [pool-449-thread-1] INFO  ratis.ContainerStateMachine (ContainerStateMachine.java:loadSnapshot(230)) - group-D99134C5E5A7: The snapshot info is null. Setting the last applied indexto:(t:0, i:~)
2019-10-02 22:34:27,969 [pool-469-thread-1] INFO  ratis.ContainerStateMachine (ContainerStateMachine.java:loadSnapshot(230)) - group-D99134C5E5A7: The snapshot info is null. Setting the last applied indexto:(t:0, i:~)
2019-10-02 22:34:27,969 [pool-439-thread-1] INFO  ratis.ContainerStateMachine (ContainerStateMachine.java:loadSnapshot(230)) - group-D99134C5E5A7: The snapshot info is null. Setting the last applied indexto:(t:0, i:~)
2019-10-02 22:34:27,969 [pool-449-thread-1] INFO  server.RaftServerConfigKeys (ConfUtils.java:logGet(43)) - raft.server.notification.no-leader.timeout = 120s (custom)
2019-10-02 22:34:27,970 [pool-439-thread-1] INFO  server.RaftServerConfigKeys (ConfUtils.java:logGet(43)) - raft.server.notification.no-leader.timeout = 120s (custom)
2019-10-02 22:34:27,970 [pool-469-thread-1] INFO  server.RaftServerConfigKeys (ConfUtils.java:logGet(43)) - raft.server.notification.no-leader.timeout = 120s (custom)
2019-10-02 22:34:27,970 [pool-439-thread-1] INFO  server.RaftServerConfigKeys (ConfUtils.java:logGet(43)) - raft.server.log.use.memory = false (default)
2019-10-02 22:34:27,970 [pool-449-thread-1] INFO  server.RaftServerConfigKeys (ConfUtils.java:logGet(43)) - raft.server.log.use.memory = false (default)
2019-10-02 22:34:27,970 [pool-439-thread-1] INFO  server.RaftServerConfigKeys (ConfUtils.java:logGet(43)) - raft.server.log.purge.gap = 1000000 (custom)
2019-10-02 22:34:27,970 [pool-469-thread-1] INFO  server.RaftServerConfigKeys (ConfUtils.java:logGet(43)) - raft.server.log.use.memory = false (default)
2019-10-02 22:34:27,970 [pool-439-thread-1] INFO  server.RaftServerConfigKeys (ConfUtils.java:logGet(43)) - raft.server.log.appender.buffer.byte-limit = 33554432 (custom)
2019-10-02 22:34:27,970 [pool-449-thread-1] INFO  server.RaftServerConfigKeys (ConfUtils.java:logGet(43)) - raft.server.log.purge.gap = 1000000 (custom)
2019-10-02 22:34:27,971 [pool-439-thread-1] INFO  server.RaftServerConfigKeys (ConfUtils.java:logGet(43)) - raft.server.log.segment.size.max = 1048576 (custom)
2019-10-02 22:34:27,971 [pool-469-thread-1] INFO  server.RaftServerConfigKeys (ConfUtils.java:logGet(43)) - raft.server.log.purge.gap = 1000000 (custom)
2019-10-02 22:34:27,971 [pool-439-thread-1] INFO  server.RaftServerConfigKeys (ConfUtils.java:logGet(43)) - raft.server.log.segment.cache.num.max = 2 (custom)
2019-10-02 22:34:27,971 [pool-449-thread-1] INFO  server.RaftServerConfigKeys (ConfUtils.java:logGet(43)) - raft.server.log.appender.buffer.byte-limit = 33554432 (custom)
2019-10-02 22:34:27,971 [pool-439-thread-1] INFO  segmented.SegmentedRaftLogWorker (SegmentedRaftLogWorker.java:<init>(173)) - new 74659b3f-c24c-4f39-a0be-420e845131f6@group-D99134C5E5A7-SegmentedRaftLogWorker for RaftStorage:Storage Directory /workdir/hadoop-ozone/integration-test/target/test-dir/MiniOzoneClusterImpl-5b0c19db-6a49-40b5-ab5c-99aec8de0976/datanode-3/data/ratis/04ee62b1-66f6-4fa1-84ce-d99134c5e5a7
2019-10-02 22:34:27,971 [pool-469-thread-1] INFO  server.RaftServerConfigKeys (ConfUtils.java:logGet(43)) - raft.server.log.appender.buffer.byte-limit = 33554432 (custom)
2019-10-02 22:34:27,971 [pool-439-thread-1] INFO  server.RaftServerConfigKeys (ConfUtils.java:logGet(43)) - raft.server.log.queue.byte-limit = 2147483647 (custom)
2019-10-02 22:34:27,971 [pool-449-thread-1] INFO  server.RaftServerConfigKeys (ConfUtils.java:logGet(43)) - raft.server.log.segment.size.max = 1048576 (custom)
2019-10-02 22:34:27,972 [pool-439-thread-1] INFO  server.RaftServerConfigKeys (ConfUtils.java:logGet(43)) - raft.server.log.queue.element-limit = 1024 (custom)
2019-10-02 22:34:27,972 [pool-469-thread-1] INFO  server.RaftServerConfigKeys (ConfUtils.java:logGet(43)) - raft.server.log.segment.size.max = 1048576 (custom)
2019-10-02 22:34:27,972 [pool-439-thread-1] INFO  server.RaftServerConfigKeys (ConfUtils.java:logGet(43)) - raft.server.log.segment.size.max = 1048576 (custom)
2019-10-02 22:34:27,972 [pool-449-thread-1] INFO  server.RaftServerConfigKeys (ConfUtils.java:logGet(43)) - raft.server.log.segment.cache.num.max = 2 (custom)
2019-10-02 22:34:27,972 [pool-439-thread-1] INFO  server.RaftServerConfigKeys (ConfUtils.java:logGet(43)) - raft.server.log.preallocated.size = 16384 (custom)
2019-10-02 22:34:27,972 [pool-469-thread-1] INFO  server.RaftServerConfigKeys (ConfUtils.java:logGet(43)) - raft.server.log.segment.cache.num.max = 2 (custom)
2019-10-02 22:34:27,972 [pool-439-thread-1] INFO  server.RaftServerConfigKeys (ConfUtils.java:logGet(43)) - raft.server.log.write.buffer.size = 33554432 (custom)
2019-10-02 22:34:27,972 [pool-449-thread-1] INFO  segmented.SegmentedRaftLogWorker (SegmentedRaftLogWorker.java:<init>(173)) - new 235d8df1-b638-45e8-a9c5-4bfd9a856101@group-D99134C5E5A7-SegmentedRaftLogWorker for RaftStorage:Storage Directory /workdir/hadoop-ozone/integration-test/target/test-dir/MiniOzoneClusterImpl-5b0c19db-6a49-40b5-ab5c-99aec8de0976/datanode-4/data/ratis/04ee62b1-66f6-4fa1-84ce-d99134c5e5a7
2019-10-02 22:34:27,973 [pool-439-thread-1] INFO  server.RaftServerConfigKeys (ConfUtils.java:logGet(43)) - raft.server.log.force.sync.num = 128 (default)
2019-10-02 22:34:27,973 [pool-469-thread-1] INFO  segmented.SegmentedRaftLogWorker (SegmentedRaftLogWorker.java:<init>(173)) - new af83997b-625b-464c-8c84-b76449839829@group-D99134C5E5A7-SegmentedRaftLogWorker for RaftStorage:Storage Directory /workdir/hadoop-ozone/integration-test/target/test-dir/MiniOzoneClusterImpl-5b0c19db-6a49-40b5-ab5c-99aec8de0976/datanode-6/data/ratis/04ee62b1-66f6-4fa1-84ce-d99134c5e5a7
2019-10-02 22:34:27,973 [pool-439-thread-1] INFO  server.RaftServerConfigKeys (ConfUtils.java:logGet(43)) - raft.server.log.statemachine.data.sync = true (default)
2019-10-02 22:34:27,973 [pool-449-thread-1] INFO  server.RaftServerConfigKeys (ConfUtils.java:logGet(43)) - raft.server.log.queue.byte-limit = 2147483647 (custom)
2019-10-02 22:34:27,973 [pool-439-thread-1] INFO  server.RaftServerConfigKeys (ConfUtils.java:logGet(43)) - raft.server.log.statemachine.data.sync.timeout = 10s (default)
2019-10-02 22:34:27,973 [pool-469-thread-1] INFO  server.RaftServerConfigKeys (ConfUtils.java:logGet(43)) - raft.server.log.queue.byte-limit = 2147483647 (custom)
2019-10-02 22:34:27,973 [pool-439-thread-1] INFO  server.RaftServerConfigKeys (ConfUtils.java:logGet(43)) - raft.server.log.statemachine.data.sync.timeout.retry = -1 (default)
2019-10-02 22:34:27,973 [pool-449-thread-1] INFO  server.RaftServerConfigKeys (ConfUtils.java:logGet(43)) - raft.server.log.queue.element-limit = 1024 (custom)
2019-10-02 22:34:27,974 [pool-439-thread-1] INFO  server.RaftServerConfigKeys (ConfUtils.java:logGet(43)) - raft.server.log.statemachine.data.caching.enabled = true (custom)
2019-10-02 22:34:27,973 [pool-469-thread-1] INFO  server.RaftServerConfigKeys (ConfUtils.java:logGet(43)) - raft.server.log.queue.element-limit = 1024 (custom)
2019-10-02 22:34:27,974 [pool-449-thread-1] INFO  server.RaftServerConfigKeys (ConfUtils.java:logGet(43)) - raft.server.log.segment.size.max = 1048576 (custom)
2019-10-02 22:34:27,974 [pool-469-thread-1] INFO  server.RaftServerConfigKeys (ConfUtils.java:logGet(43)) - raft.server.log.segment.size.max = 1048576 (custom)
2019-10-02 22:34:27,974 [pool-439-thread-1] INFO  segmented.SegmentedRaftLogWorker (SegmentedRaftLogWorker.java:lambda$new$0(128)) - 74659b3f-c24c-4f39-a0be-420e845131f6@group-D99134C5E5A7-SegmentedRaftLogWorker: flushIndex: setUnconditionally 0 -> -1
2019-10-02 22:34:27,974 [pool-469-thread-1] INFO  server.RaftServerConfigKeys (ConfUtils.java:logGet(43)) - raft.server.log.preallocated.size = 16384 (custom)
2019-10-02 22:34:27,974 [pool-449-thread-1] INFO  server.RaftServerConfigKeys (ConfUtils.java:logGet(43)) - raft.server.log.preallocated.size = 16384 (custom)
2019-10-02 22:34:27,974 [pool-439-thread-1] INFO  server.RaftServerConfigKeys (ConfUtils.java:logGet(43)) - raft.server.snapshot.auto.trigger.enabled = true (custom)
2019-10-02 22:34:27,974 [pool-469-thread-1] INFO  server.RaftServerConfigKeys (ConfUtils.java:logGet(43)) - raft.server.log.write.buffer.size = 33554432 (custom)
2019-10-02 22:34:27,975 [pool-439-thread-1] INFO  server.RaftServerConfigKeys (ConfUtils.java:logGet(43)) - raft.server.snapshot.auto.trigger.threshold = 10000 (custom)
2019-10-02 22:34:27,974 [pool-449-thread-1] INFO  server.RaftServerConfigKeys (ConfUtils.java:logGet(43)) - raft.server.log.write.buffer.size = 33554432 (custom)
2019-10-02 22:34:27,975 [pool-439-thread-1] INFO  server.RaftServerConfigKeys (ConfUtils.java:logGet(43)) - raft.server.snapshot.retention.file.num = 5 (custom)
2019-10-02 22:34:27,975 [pool-469-thread-1] INFO  server.RaftServerConfigKeys (ConfUtils.java:logGet(43)) - raft.server.log.force.sync.num = 128 (default)
2019-10-02 22:34:27,975 [pool-439-thread-1] INFO  server.RaftServerConfigKeys (ConfUtils.java:logGet(43)) - raft.server.retrycache.expirytime = 600000ms (custom)
2019-10-02 22:34:27,975 [pool-449-thread-1] INFO  server.RaftServerConfigKeys (ConfUtils.java:logGet(43)) - raft.server.log.force.sync.num = 128 (default)
2019-10-02 22:34:27,975 [pool-469-thread-1] INFO  server.RaftServerConfigKeys (ConfUtils.java:logGet(43)) - raft.server.log.statemachine.data.sync = true (default)
2019-10-02 22:34:27,975 [pool-449-thread-1] INFO  server.RaftServerConfigKeys (ConfUtils.java:logGet(43)) - raft.server.log.statemachine.data.sync = true (default)
2019-10-02 22:34:27,976 [pool-469-thread-1] INFO  server.RaftServerConfigKeys (ConfUtils.java:logGet(43)) - raft.server.log.statemachine.data.sync.timeout = 10s (default)
2019-10-02 22:34:27,976 [pool-449-thread-1] INFO  server.RaftServerConfigKeys (ConfUtils.java:logGet(43)) - raft.server.log.statemachine.data.sync.timeout = 10s (default)
2019-10-02 22:34:27,976 [pool-469-thread-1] INFO  server.RaftServerConfigKeys (ConfUtils.java:logGet(43)) - raft.server.log.statemachine.data.sync.timeout.retry = -1 (default)
2019-10-02 22:34:27,976 [pool-449-thread-1] INFO  server.RaftServerConfigKeys (ConfUtils.java:logGet(43)) - raft.server.log.statemachine.data.sync.timeout.retry = -1 (default)
2019-10-02 22:34:27,976 [pool-469-thread-1] INFO  server.RaftServerConfigKeys (ConfUtils.java:logGet(43)) - raft.server.log.statemachine.data.caching.enabled = true (custom)
2019-10-02 22:34:27,976 [pool-449-thread-1] INFO  server.RaftServerConfigKeys (ConfUtils.java:logGet(43)) - raft.server.log.statemachine.data.caching.enabled = true (custom)
2019-10-02 22:34:27,976 [pool-439-thread-1] INFO  impl.RaftServerImpl (RaftServerImpl.java:start(181)) - 74659b3f-c24c-4f39-a0be-420e845131f6@group-D99134C5E5A7: start as a follower, conf=-1: [af83997b-625b-464c-8c84-b76449839829:192.168.30.30:46711, 74659b3f-c24c-4f39-a0be-420e845131f6:192.168.30.30:39325, 235d8df1-b638-45e8-a9c5-4bfd9a856101:192.168.30.30:45811], old=null
2019-10-02 22:34:27,976 [pool-469-thread-1] INFO  segmented.SegmentedRaftLogWorker (SegmentedRaftLogWorker.java:lambda$new$0(128)) - af83997b-625b-464c-8c84-b76449839829@group-D99134C5E5A7-SegmentedRaftLogWorker: flushIndex: setUnconditionally 0 -> -1
2019-10-02 22:34:27,977 [pool-449-thread-1] INFO  segmented.SegmentedRaftLogWorker (SegmentedRaftLogWorker.java:lambda$new$0(128)) - 235d8df1-b638-45e8-a9c5-4bfd9a856101@group-D99134C5E5A7-SegmentedRaftLogWorker: flushIndex: setUnconditionally 0 -> -1
2019-10-02 22:34:27,977 [pool-439-thread-1] INFO  impl.RaftServerImpl (RaftServerImpl.java:setRole(170)) - 74659b3f-c24c-4f39-a0be-420e845131f6@group-D99134C5E5A7: changes role from      null to FOLLOWER at term 0 for startAsFollower
2019-10-02 22:34:27,977 [pool-469-thread-1] INFO  server.RaftServerConfigKeys (ConfUtils.java:logGet(43)) - raft.server.snapshot.auto.trigger.enabled = true (custom)
2019-10-02 22:34:27,977 [pool-449-thread-1] INFO  server.RaftServerConfigKeys (ConfUtils.java:logGet(43)) - raft.server.snapshot.auto.trigger.enabled = true (custom)
2019-10-02 22:34:27,977 [pool-439-thread-1] INFO  impl.RoleInfo (RoleInfo.java:updateAndGet(143)) - 74659b3f-c24c-4f39-a0be-420e845131f6: start FollowerState
2019-10-02 22:34:27,977 [pool-449-thread-1] INFO  server.RaftServerConfigKeys (ConfUtils.java:logGet(43)) - raft.server.snapshot.auto.trigger.threshold = 10000 (custom)
2019-10-02 22:34:27,977 [pool-469-thread-1] INFO  server.RaftServerConfigKeys (ConfUtils.java:logGet(43)) - raft.server.snapshot.auto.trigger.threshold = 10000 (custom)
2019-10-02 22:34:27,977 [pool-439-thread-1] INFO  util.JmxRegister (JmxRegister.java:tryRegister(44)) - Successfully registered JMX Bean with object name Ratis:service=RaftServer,group=group-D99134C5E5A7,id=74659b3f-c24c-4f39-a0be-420e845131f6
2019-10-02 22:34:27,977 [pool-449-thread-1] INFO  server.RaftServerConfigKeys (ConfUtils.java:logGet(43)) - raft.server.snapshot.retention.file.num = 5 (custom)
2019-10-02 22:34:27,977 [pool-469-thread-1] INFO  server.RaftServerConfigKeys (ConfUtils.java:logGet(43)) - raft.server.snapshot.retention.file.num = 5 (custom)
2019-10-02 22:34:27,978 [pool-449-thread-1] INFO  server.RaftServerConfigKeys (ConfUtils.java:logGet(43)) - raft.server.retrycache.expirytime = 600000ms (custom)
2019-10-02 22:34:27,978 [pool-469-thread-1] INFO  server.RaftServerConfigKeys (ConfUtils.java:logGet(43)) - raft.server.retrycache.expirytime = 600000ms (custom)
2019-10-02 22:34:27,981 [pool-449-thread-1] INFO  impl.RaftServerImpl (RaftServerImpl.java:start(181)) - 235d8df1-b638-45e8-a9c5-4bfd9a856101@group-D99134C5E5A7: start as a follower, conf=-1: [af83997b-625b-464c-8c84-b76449839829:192.168.30.30:46711, 74659b3f-c24c-4f39-a0be-420e845131f6:192.168.30.30:39325, 235d8df1-b638-45e8-a9c5-4bfd9a856101:192.168.30.30:45811], old=null
2019-10-02 22:34:27,981 [pool-449-thread-1] INFO  impl.RaftServerImpl (RaftServerImpl.java:setRole(170)) - 235d8df1-b638-45e8-a9c5-4bfd9a856101@group-D99134C5E5A7: changes role from      null to FOLLOWER at term 0 for startAsFollower
2019-10-02 22:34:27,981 [pool-469-thread-1] INFO  impl.RaftServerImpl (RaftServerImpl.java:start(181)) - af83997b-625b-464c-8c84-b76449839829@group-D99134C5E5A7: start as a follower, conf=-1: [af83997b-625b-464c-8c84-b76449839829:192.168.30.30:46711, 74659b3f-c24c-4f39-a0be-420e845131f6:192.168.30.30:39325, 235d8df1-b638-45e8-a9c5-4bfd9a856101:192.168.30.30:45811], old=null
2019-10-02 22:34:27,981 [pool-449-thread-1] INFO  impl.RoleInfo (RoleInfo.java:updateAndGet(143)) - 235d8df1-b638-45e8-a9c5-4bfd9a856101: start FollowerState
2019-10-02 22:34:27,982 [pool-469-thread-1] INFO  impl.RaftServerImpl (RaftServerImpl.java:setRole(170)) - af83997b-625b-464c-8c84-b76449839829@group-D99134C5E5A7: changes role from      null to FOLLOWER at term 0 for startAsFollower
2019-10-02 22:34:27,982 [pool-469-thread-1] INFO  impl.RoleInfo (RoleInfo.java:updateAndGet(143)) - af83997b-625b-464c-8c84-b76449839829: start FollowerState
2019-10-02 22:34:27,982 [pool-449-thread-1] INFO  util.JmxRegister (JmxRegister.java:tryRegister(44)) - Successfully registered JMX Bean with object name Ratis:service=RaftServer,group=group-D99134C5E5A7,id=235d8df1-b638-45e8-a9c5-4bfd9a856101
2019-10-02 22:34:27,982 [pool-469-thread-1] INFO  util.JmxRegister (JmxRegister.java:tryRegister(44)) - Successfully registered JMX Bean with object name Ratis:service=RaftServer,group=group-D99134C5E5A7,id=af83997b-625b-464c-8c84-b76449839829
2019-10-02 22:34:27,987 [RatisPipelineUtilsThread] INFO  pipeline.PipelineStateManager (PipelineStateManager.java:addPipeline(56)) - Created pipeline Pipeline[ Id: 04ee62b1-66f6-4fa1-84ce-d99134c5e5a7, Nodes: 235d8df1-b638-45e8-a9c5-4bfd9a856101{ip: 192.168.30.30, host: pr-hdds1737-lts7z-2510321508, networkLocation: /default-rack, certSerialId: null}af83997b-625b-464c-8c84-b76449839829{ip: 192.168.30.30, host: pr-hdds1737-lts7z-2510321508, networkLocation: /default-rack, certSerialId: null}74659b3f-c24c-4f39-a0be-420e845131f6{ip: 192.168.30.30, host: pr-hdds1737-lts7z-2510321508, networkLocation: /default-rack, certSerialId: null}, Type:RATIS, Factor:THREE, State:OPEN]
2019-10-02 22:34:28,667 [main] INFO  ozone.MiniOzoneClusterImpl (MiniOzoneClusterImpl.java:lambda$waitForClusterToBeReady$0(147)) - Cluster is ready. Got 7 of 7 DN Heartbeats.
2019-10-02 22:34:28,714 [main] INFO  rpc.RpcClient (RpcClient.java:createVolume(276)) - Creating Volume: testblockoutputstream, with jenkins1000 as owner.
2019-10-02 22:34:28,717 [IPC Server handler 2 on 34874] INFO  volume.OMVolumeCreateRequest (OMVolumeCreateRequest.java:validateAndUpdateCache(194)) - created volume:testblockoutputstream for user:jenkins1000
2019-10-02 22:34:28,749 [main] INFO  rpc.RpcClient (RpcClient.java:createBucket(415)) - Creating Bucket: testblockoutputstream/testblockoutputstream, with Versioning false and Storage Type set to DISK and Encryption set to false 
2019-10-02 22:34:30,253 [Thread-3097] INFO  container.ReplicationManager (ReplicationManager.java:start(162)) - Starting Replication Monitor Thread.
2019-10-02 22:34:30,259 [ReplicationMonitor] INFO  container.ReplicationManager (ReplicationManager.java:run(225)) - Replication Monitor Thread took 0 milliseconds for processing 1 containers.
2019-10-02 22:34:32,378 [Thread-3102] INFO  impl.FollowerState (FollowerState.java:run(108)) - f09ae49d-7355-48d3-a9b4-1ae74d70d940@group-41DA210EB040-FollowerState: change to CANDIDATE, lastRpcTime:5008ms, electionTimeout:5008ms
2019-10-02 22:34:32,379 [Thread-3102] INFO  impl.RoleInfo (RoleInfo.java:shutdownFollowerState(121)) - f09ae49d-7355-48d3-a9b4-1ae74d70d940: shutdown FollowerState
2019-10-02 22:34:32,379 [Thread-3102] INFO  impl.RaftServerImpl (RaftServerImpl.java:setRole(170)) - f09ae49d-7355-48d3-a9b4-1ae74d70d940@group-41DA210EB040: changes role from  FOLLOWER to CANDIDATE at term 0 for changeToCandidate
2019-10-02 22:34:32,379 [Thread-3102] INFO  impl.RoleInfo (RoleInfo.java:updateAndGet(143)) - f09ae49d-7355-48d3-a9b4-1ae74d70d940: start LeaderElection
2019-10-02 22:34:32,414 [Thread-3099] INFO  impl.FollowerState (FollowerState.java:run(108)) - cd6023cc-5bcd-4149-91cf-c15310459986@group-27FBF4E6319B-FollowerState: change to CANDIDATE, lastRpcTime:5093ms, electionTimeout:5093ms
2019-10-02 22:34:32,414 [Thread-3099] INFO  impl.RoleInfo (RoleInfo.java:shutdownFollowerState(121)) - cd6023cc-5bcd-4149-91cf-c15310459986: shutdown FollowerState
2019-10-02 22:34:32,414 [Thread-3099] INFO  impl.RaftServerImpl (RaftServerImpl.java:setRole(170)) - cd6023cc-5bcd-4149-91cf-c15310459986@group-27FBF4E6319B: changes role from  FOLLOWER to CANDIDATE at term 0 for changeToCandidate
2019-10-02 22:34:32,415 [Thread-3099] INFO  impl.RoleInfo (RoleInfo.java:updateAndGet(143)) - cd6023cc-5bcd-4149-91cf-c15310459986: start LeaderElection
2019-10-02 22:34:32,420 [f09ae49d-7355-48d3-a9b4-1ae74d70d940@group-41DA210EB040-LeaderElection78] INFO  impl.LeaderElection (LeaderElection.java:askForVotes(178)) - f09ae49d-7355-48d3-a9b4-1ae74d70d940@group-41DA210EB040-LeaderElection78: begin an election at term 1 for -1: [f09ae49d-7355-48d3-a9b4-1ae74d70d940:192.168.30.30:39415], old=null
2019-10-02 22:34:32,420 [f09ae49d-7355-48d3-a9b4-1ae74d70d940@group-41DA210EB040-LeaderElection78] INFO  impl.RoleInfo (RoleInfo.java:shutdownLeaderElection(134)) - f09ae49d-7355-48d3-a9b4-1ae74d70d940: shutdown LeaderElection
2019-10-02 22:34:32,420 [f09ae49d-7355-48d3-a9b4-1ae74d70d940@group-41DA210EB040-LeaderElection78] INFO  impl.RaftServerImpl (RaftServerImpl.java:setRole(170)) - f09ae49d-7355-48d3-a9b4-1ae74d70d940@group-41DA210EB040: changes role from CANDIDATE to LEADER at term 1 for changeToLeader
2019-10-02 22:34:32,420 [f09ae49d-7355-48d3-a9b4-1ae74d70d940@group-41DA210EB040-LeaderElection78] INFO  impl.RaftServerImpl (ServerState.java:setLeader(255)) - f09ae49d-7355-48d3-a9b4-1ae74d70d940@group-41DA210EB040: change Leader from null to f09ae49d-7355-48d3-a9b4-1ae74d70d940 at term 1 for becomeLeader, leader elected after 5058ms
2019-10-02 22:34:32,420 [f09ae49d-7355-48d3-a9b4-1ae74d70d940@group-41DA210EB040-LeaderElection78] INFO  server.RaftServerConfigKeys (ConfUtils.java:logGet(43)) - raft.server.staging.catchup.gap = 1000 (default)
2019-10-02 22:34:32,420 [f09ae49d-7355-48d3-a9b4-1ae74d70d940@group-41DA210EB040-LeaderElection78] INFO  server.RaftServerConfigKeys (ConfUtils.java:logGet(43)) - raft.server.rpc.sleep.time = 25ms (default)
2019-10-02 22:34:32,421 [f09ae49d-7355-48d3-a9b4-1ae74d70d940@group-41DA210EB040-LeaderElection78] INFO  server.RaftServerConfigKeys (ConfUtils.java:logGet(43)) - raft.server.write.element-limit = 4096 (default)
2019-10-02 22:34:32,421 [f09ae49d-7355-48d3-a9b4-1ae74d70d940@group-41DA210EB040-LeaderElection78] INFO  server.RaftServerConfigKeys (ConfUtils.java:logGet(43)) - raft.server.watch.timeout = 10s (default)
2019-10-02 22:34:32,421 [f09ae49d-7355-48d3-a9b4-1ae74d70d940@group-41DA210EB040-LeaderElection78] INFO  server.RaftServerConfigKeys (ConfUtils.java:logGet(43)) - raft.server.watch.timeout.denomination = 1s (default)
2019-10-02 22:34:32,421 [f09ae49d-7355-48d3-a9b4-1ae74d70d940@group-41DA210EB040-LeaderElection78] INFO  server.RaftServerConfigKeys (ConfUtils.java:logGet(43)) - raft.server.watch.element-limit = 65536 (default)
2019-10-02 22:34:32,423 [f09ae49d-7355-48d3-a9b4-1ae74d70d940@group-41DA210EB040-LeaderElection78] INFO  impl.RoleInfo (RoleInfo.java:updateAndGet(143)) - f09ae49d-7355-48d3-a9b4-1ae74d70d940: start LeaderState
2019-10-02 22:34:32,423 [f09ae49d-7355-48d3-a9b4-1ae74d70d940@group-41DA210EB040-LeaderElection78] INFO  segmented.SegmentedRaftLogWorker (SegmentedRaftLogWorker.java:startLogSegment(385)) - f09ae49d-7355-48d3-a9b4-1ae74d70d940@group-41DA210EB040-SegmentedRaftLogWorker: Starting segment from index:0
2019-10-02 22:34:32,423 [f09ae49d-7355-48d3-a9b4-1ae74d70d940@group-41DA210EB040-LeaderElection78] INFO  impl.RaftServerImpl (ServerState.java:setRaftConf(356)) - f09ae49d-7355-48d3-a9b4-1ae74d70d940@group-41DA210EB040: set configuration 0: [f09ae49d-7355-48d3-a9b4-1ae74d70d940:192.168.30.30:39415], old=null at 0
2019-10-02 22:34:32,451 [cd6023cc-5bcd-4149-91cf-c15310459986@group-27FBF4E6319B-LeaderElection79] INFO  impl.LeaderElection (LeaderElection.java:askForVotes(178)) - cd6023cc-5bcd-4149-91cf-c15310459986@group-27FBF4E6319B-LeaderElection79: begin an election at term 1 for -1: [cd6023cc-5bcd-4149-91cf-c15310459986:192.168.30.30:45939], old=null
2019-10-02 22:34:32,451 [cd6023cc-5bcd-4149-91cf-c15310459986@group-27FBF4E6319B-LeaderElection79] INFO  impl.RoleInfo (RoleInfo.java:shutdownLeaderElection(134)) - cd6023cc-5bcd-4149-91cf-c15310459986: shutdown LeaderElection
2019-10-02 22:34:32,451 [cd6023cc-5bcd-4149-91cf-c15310459986@group-27FBF4E6319B-LeaderElection79] INFO  impl.RaftServerImpl (RaftServerImpl.java:setRole(170)) - cd6023cc-5bcd-4149-91cf-c15310459986@group-27FBF4E6319B: changes role from CANDIDATE to LEADER at term 1 for changeToLeader
2019-10-02 22:34:32,452 [cd6023cc-5bcd-4149-91cf-c15310459986@group-27FBF4E6319B-LeaderElection79] INFO  impl.RaftServerImpl (ServerState.java:setLeader(255)) - cd6023cc-5bcd-4149-91cf-c15310459986@group-27FBF4E6319B: change Leader from null to cd6023cc-5bcd-4149-91cf-c15310459986 at term 1 for becomeLeader, leader elected after 5136ms
2019-10-02 22:34:32,452 [cd6023cc-5bcd-4149-91cf-c15310459986@group-27FBF4E6319B-LeaderElection79] INFO  server.RaftServerConfigKeys (ConfUtils.java:logGet(43)) - raft.server.staging.catchup.gap = 1000 (default)
2019-10-02 22:34:32,452 [cd6023cc-5bcd-4149-91cf-c15310459986@group-27FBF4E6319B-LeaderElection79] INFO  server.RaftServerConfigKeys (ConfUtils.java:logGet(43)) - raft.server.rpc.sleep.time = 25ms (default)
2019-10-02 22:34:32,452 [cd6023cc-5bcd-4149-91cf-c15310459986@group-27FBF4E6319B-LeaderElection79] INFO  server.RaftServerConfigKeys (ConfUtils.java:logGet(43)) - raft.server.write.element-limit = 4096 (default)
2019-10-02 22:34:32,452 [cd6023cc-5bcd-4149-91cf-c15310459986@group-27FBF4E6319B-LeaderElection79] INFO  server.RaftServerConfigKeys (ConfUtils.java:logGet(43)) - raft.server.watch.timeout = 10s (default)
2019-10-02 22:34:32,452 [cd6023cc-5bcd-4149-91cf-c15310459986@group-27FBF4E6319B-LeaderElection79] INFO  server.RaftServerConfigKeys (ConfUtils.java:logGet(43)) - raft.server.watch.timeout.denomination = 1s (default)
2019-10-02 22:34:32,452 [cd6023cc-5bcd-4149-91cf-c15310459986@group-27FBF4E6319B-LeaderElection79] INFO  server.RaftServerConfigKeys (ConfUtils.java:logGet(43)) - raft.server.watch.element-limit = 65536 (default)
2019-10-02 22:34:32,453 [cd6023cc-5bcd-4149-91cf-c15310459986@group-27FBF4E6319B-LeaderElection79] INFO  impl.RoleInfo (RoleInfo.java:updateAndGet(143)) - cd6023cc-5bcd-4149-91cf-c15310459986: start LeaderState
2019-10-02 22:34:32,454 [cd6023cc-5bcd-4149-91cf-c15310459986@group-27FBF4E6319B-LeaderElection79] INFO  segmented.SegmentedRaftLogWorker (SegmentedRaftLogWorker.java:startLogSegment(385)) - cd6023cc-5bcd-4149-91cf-c15310459986@group-27FBF4E6319B-SegmentedRaftLogWorker: Starting segment from index:0
2019-10-02 22:34:32,454 [cd6023cc-5bcd-4149-91cf-c15310459986@group-27FBF4E6319B-LeaderElection79] INFO  impl.RaftServerImpl (ServerState.java:setRaftConf(356)) - cd6023cc-5bcd-4149-91cf-c15310459986@group-27FBF4E6319B: set configuration 0: [cd6023cc-5bcd-4149-91cf-c15310459986:192.168.30.30:45939], old=null at 0
2019-10-02 22:34:32,480 [f09ae49d-7355-48d3-a9b4-1ae74d70d940@group-41DA210EB040-SegmentedRaftLogWorker] INFO  segmented.SegmentedRaftLogWorker (SegmentedRaftLogWorker.java:execute(574)) - f09ae49d-7355-48d3-a9b4-1ae74d70d940@group-41DA210EB040-SegmentedRaftLogWorker: created new log segment /workdir/hadoop-ozone/integration-test/target/test-dir/MiniOzoneClusterImpl-5b0c19db-6a49-40b5-ab5c-99aec8de0976/datanode-1/data/ratis/6b4d9a17-1f6f-4be5-bb65-41da210eb040/current/log_inprogress_0
2019-10-02 22:34:32,481 [Thread-3105] INFO  impl.FollowerState (FollowerState.java:run(108)) - de247872-8e5b-41ff-85ec-0a9b8e009629@group-E3643572ACBE-FollowerState: change to CANDIDATE, lastRpcTime:5025ms, electionTimeout:5016ms
2019-10-02 22:34:32,481 [Thread-3105] INFO  impl.RoleInfo (RoleInfo.java:shutdownFollowerState(121)) - de247872-8e5b-41ff-85ec-0a9b8e009629: shutdown FollowerState
2019-10-02 22:34:32,481 [Thread-3105] INFO  impl.RaftServerImpl (RaftServerImpl.java:setRole(170)) - de247872-8e5b-41ff-85ec-0a9b8e009629@group-E3643572ACBE: changes role from  FOLLOWER to CANDIDATE at term 0 for changeToCandidate
2019-10-02 22:34:32,482 [Thread-3105] INFO  impl.RoleInfo (RoleInfo.java:updateAndGet(143)) - de247872-8e5b-41ff-85ec-0a9b8e009629: start LeaderElection
2019-10-02 22:34:32,514 [cd6023cc-5bcd-4149-91cf-c15310459986@group-27FBF4E6319B-SegmentedRaftLogWorker] INFO  segmented.SegmentedRaftLogWorker (SegmentedRaftLogWorker.java:execute(574)) - cd6023cc-5bcd-4149-91cf-c15310459986@group-27FBF4E6319B-SegmentedRaftLogWorker: created new log segment /workdir/hadoop-ozone/integration-test/target/test-dir/MiniOzoneClusterImpl-5b0c19db-6a49-40b5-ab5c-99aec8de0976/datanode-0/data/ratis/bffcb842-6154-4b62-8cbc-27fbf4e6319b/current/log_inprogress_0
2019-10-02 22:34:32,514 [de247872-8e5b-41ff-85ec-0a9b8e009629@group-E3643572ACBE-LeaderElection80] INFO  impl.LeaderElection (LeaderElection.java:askForVotes(178)) - de247872-8e5b-41ff-85ec-0a9b8e009629@group-E3643572ACBE-LeaderElection80: begin an election at term 1 for -1: [de247872-8e5b-41ff-85ec-0a9b8e009629:192.168.30.30:44982], old=null
2019-10-02 22:34:32,514 [de247872-8e5b-41ff-85ec-0a9b8e009629@group-E3643572ACBE-LeaderElection80] INFO  impl.RoleInfo (RoleInfo.java:shutdownLeaderElection(134)) - de247872-8e5b-41ff-85ec-0a9b8e009629: shutdown LeaderElection
2019-10-02 22:34:32,514 [de247872-8e5b-41ff-85ec-0a9b8e009629@group-E3643572ACBE-LeaderElection80] INFO  impl.RaftServerImpl (RaftServerImpl.java:setRole(170)) - de247872-8e5b-41ff-85ec-0a9b8e009629@group-E3643572ACBE: changes role from CANDIDATE to LEADER at term 1 for changeToLeader
2019-10-02 22:34:32,514 [de247872-8e5b-41ff-85ec-0a9b8e009629@group-E3643572ACBE-LeaderElection80] INFO  impl.RaftServerImpl (ServerState.java:setLeader(255)) - de247872-8e5b-41ff-85ec-0a9b8e009629@group-E3643572ACBE: change Leader from null to de247872-8e5b-41ff-85ec-0a9b8e009629 at term 1 for becomeLeader, leader elected after 5064ms
2019-10-02 22:34:32,514 [de247872-8e5b-41ff-85ec-0a9b8e009629@group-E3643572ACBE-LeaderElection80] INFO  server.RaftServerConfigKeys (ConfUtils.java:logGet(43)) - raft.server.staging.catchup.gap = 1000 (default)
2019-10-02 22:34:32,514 [de247872-8e5b-41ff-85ec-0a9b8e009629@group-E3643572ACBE-LeaderElection80] INFO  server.RaftServerConfigKeys (ConfUtils.java:logGet(43)) - raft.server.rpc.sleep.time = 25ms (default)
2019-10-02 22:34:32,515 [de247872-8e5b-41ff-85ec-0a9b8e009629@group-E3643572ACBE-LeaderElection80] INFO  server.RaftServerConfigKeys (ConfUtils.java:logGet(43)) - raft.server.write.element-limit = 4096 (default)
2019-10-02 22:34:32,515 [de247872-8e5b-41ff-85ec-0a9b8e009629@group-E3643572ACBE-LeaderElection80] INFO  server.RaftServerConfigKeys (ConfUtils.java:logGet(43)) - raft.server.watch.timeout = 10s (default)
2019-10-02 22:34:32,515 [de247872-8e5b-41ff-85ec-0a9b8e009629@group-E3643572ACBE-LeaderElection80] INFO  server.RaftServerConfigKeys (ConfUtils.java:logGet(43)) - raft.server.watch.timeout.denomination = 1s (default)
2019-10-02 22:34:32,515 [de247872-8e5b-41ff-85ec-0a9b8e009629@group-E3643572ACBE-LeaderElection80] INFO  server.RaftServerConfigKeys (ConfUtils.java:logGet(43)) - raft.server.watch.element-limit = 65536 (default)
2019-10-02 22:34:32,516 [de247872-8e5b-41ff-85ec-0a9b8e009629@group-E3643572ACBE-LeaderElection80] INFO  impl.RoleInfo (RoleInfo.java:updateAndGet(143)) - de247872-8e5b-41ff-85ec-0a9b8e009629: start LeaderState
2019-10-02 22:34:32,517 [de247872-8e5b-41ff-85ec-0a9b8e009629@group-E3643572ACBE-LeaderElection80] INFO  segmented.SegmentedRaftLogWorker (SegmentedRaftLogWorker.java:startLogSegment(385)) - de247872-8e5b-41ff-85ec-0a9b8e009629@group-E3643572ACBE-SegmentedRaftLogWorker: Starting segment from index:0
2019-10-02 22:34:32,517 [de247872-8e5b-41ff-85ec-0a9b8e009629@group-E3643572ACBE-LeaderElection80] INFO  impl.RaftServerImpl (ServerState.java:setRaftConf(356)) - de247872-8e5b-41ff-85ec-0a9b8e009629@group-E3643572ACBE: set configuration 0: [de247872-8e5b-41ff-85ec-0a9b8e009629:192.168.30.30:44982], old=null at 0
2019-10-02 22:34:32,563 [de247872-8e5b-41ff-85ec-0a9b8e009629@group-E3643572ACBE-SegmentedRaftLogWorker] INFO  segmented.SegmentedRaftLogWorker (SegmentedRaftLogWorker.java:execute(574)) - de247872-8e5b-41ff-85ec-0a9b8e009629@group-E3643572ACBE-SegmentedRaftLogWorker: created new log segment /workdir/hadoop-ozone/integration-test/target/test-dir/MiniOzoneClusterImpl-5b0c19db-6a49-40b5-ab5c-99aec8de0976/datanode-2/data/ratis/b79da0e6-e28d-4662-8d6c-e3643572acbe/current/log_inprogress_0
2019-10-02 22:34:32,575 [Thread-3112] INFO  impl.FollowerState (FollowerState.java:run(108)) - f09ae49d-7355-48d3-a9b4-1ae74d70d940@group-E10D78F16196-FollowerState: change to CANDIDATE, lastRpcTime:5030ms, electionTimeout:5030ms
2019-10-02 22:34:32,575 [Thread-3112] INFO  impl.RoleInfo (RoleInfo.java:shutdownFollowerState(121)) - f09ae49d-7355-48d3-a9b4-1ae74d70d940: shutdown FollowerState
2019-10-02 22:34:32,575 [Thread-3112] INFO  impl.RaftServerImpl (RaftServerImpl.java:setRole(170)) - f09ae49d-7355-48d3-a9b4-1ae74d70d940@group-E10D78F16196: changes role from  FOLLOWER to CANDIDATE at term 0 for changeToCandidate
2019-10-02 22:34:32,575 [Thread-3112] INFO  impl.RoleInfo (RoleInfo.java:updateAndGet(143)) - f09ae49d-7355-48d3-a9b4-1ae74d70d940: start LeaderElection
2019-10-02 22:34:32,598 [f09ae49d-7355-48d3-a9b4-1ae74d70d940@group-E10D78F16196-LeaderElection81] INFO  impl.LeaderElection (LeaderElection.java:askForVotes(178)) - f09ae49d-7355-48d3-a9b4-1ae74d70d940@group-E10D78F16196-LeaderElection81: begin an election at term 1 for -1: [f09ae49d-7355-48d3-a9b4-1ae74d70d940:192.168.30.30:39415, de247872-8e5b-41ff-85ec-0a9b8e009629:192.168.30.30:44982, cd6023cc-5bcd-4149-91cf-c15310459986:192.168.30.30:45939], old=null
2019-10-02 22:34:32,608 [grpc-default-executor-2] INFO  impl.RaftServerImpl (RaftServerImpl.java:setRole(170)) - cd6023cc-5bcd-4149-91cf-c15310459986@group-E10D78F16196: changes role from  FOLLOWER to FOLLOWER at term 1 for recognizeCandidate:f09ae49d-7355-48d3-a9b4-1ae74d70d940
2019-10-02 22:34:32,609 [grpc-default-executor-2] INFO  impl.RoleInfo (RoleInfo.java:shutdownFollowerState(121)) - cd6023cc-5bcd-4149-91cf-c15310459986: shutdown FollowerState
2019-10-02 22:34:32,609 [grpc-default-executor-13] INFO  impl.RaftServerImpl (RaftServerImpl.java:setRole(170)) - de247872-8e5b-41ff-85ec-0a9b8e009629@group-E10D78F16196: changes role from  FOLLOWER to FOLLOWER at term 1 for recognizeCandidate:f09ae49d-7355-48d3-a9b4-1ae74d70d940
2019-10-02 22:34:32,609 [grpc-default-executor-2] INFO  impl.RoleInfo (RoleInfo.java:updateAndGet(143)) - cd6023cc-5bcd-4149-91cf-c15310459986: start FollowerState
2019-10-02 22:34:32,609 [Thread-3111] INFO  impl.FollowerState (FollowerState.java:run(117)) - cd6023cc-5bcd-4149-91cf-c15310459986@group-E10D78F16196-FollowerState was interrupted: java.lang.InterruptedException: sleep interrupted
2019-10-02 22:34:32,609 [grpc-default-executor-13] INFO  impl.RoleInfo (RoleInfo.java:shutdownFollowerState(121)) - de247872-8e5b-41ff-85ec-0a9b8e009629: shutdown FollowerState
2019-10-02 22:34:32,613 [grpc-default-executor-13] INFO  impl.RoleInfo (RoleInfo.java:updateAndGet(143)) - de247872-8e5b-41ff-85ec-0a9b8e009629: start FollowerState
2019-10-02 22:34:32,613 [Thread-3110] INFO  impl.FollowerState (FollowerState.java:run(117)) - de247872-8e5b-41ff-85ec-0a9b8e009629@group-E10D78F16196-FollowerState was interrupted: java.lang.InterruptedException: sleep interrupted
2019-10-02 22:34:32,639 [f09ae49d-7355-48d3-a9b4-1ae74d70d940@group-E10D78F16196-LeaderElection81] INFO  impl.LeaderElection (LeaderElection.java:logAndReturn(56)) - f09ae49d-7355-48d3-a9b4-1ae74d70d940@group-E10D78F16196-LeaderElection81: Election PASSED; received 1 response(s) [f09ae49d-7355-48d3-a9b4-1ae74d70d940<-cd6023cc-5bcd-4149-91cf-c15310459986#0:OK-t1] and 0 exception(s); f09ae49d-7355-48d3-a9b4-1ae74d70d940@group-E10D78F16196:t1, leader=null, voted=f09ae49d-7355-48d3-a9b4-1ae74d70d940, raftlog=f09ae49d-7355-48d3-a9b4-1ae74d70d940@group-E10D78F16196-SegmentedRaftLog:OPENED:c-1,f-1,i0, conf=-1: [f09ae49d-7355-48d3-a9b4-1ae74d70d940:192.168.30.30:39415, de247872-8e5b-41ff-85ec-0a9b8e009629:192.168.30.30:44982, cd6023cc-5bcd-4149-91cf-c15310459986:192.168.30.30:45939], old=null
2019-10-02 22:34:32,639 [f09ae49d-7355-48d3-a9b4-1ae74d70d940@group-E10D78F16196-LeaderElection81] INFO  impl.RoleInfo (RoleInfo.java:shutdownLeaderElection(134)) - f09ae49d-7355-48d3-a9b4-1ae74d70d940: shutdown LeaderElection
2019-10-02 22:34:32,639 [f09ae49d-7355-48d3-a9b4-1ae74d70d940@group-E10D78F16196-LeaderElection81] INFO  impl.RaftServerImpl (RaftServerImpl.java:setRole(170)) - f09ae49d-7355-48d3-a9b4-1ae74d70d940@group-E10D78F16196: changes role from CANDIDATE to LEADER at term 1 for changeToLeader
2019-10-02 22:34:32,640 [f09ae49d-7355-48d3-a9b4-1ae74d70d940@group-E10D78F16196-LeaderElection81] INFO  impl.RaftServerImpl (ServerState.java:setLeader(255)) - f09ae49d-7355-48d3-a9b4-1ae74d70d940@group-E10D78F16196: change Leader from null to f09ae49d-7355-48d3-a9b4-1ae74d70d940 at term 1 for becomeLeader, leader elected after 5119ms
2019-10-02 22:34:32,640 [f09ae49d-7355-48d3-a9b4-1ae74d70d940@group-E10D78F16196-LeaderElection81] INFO  server.RaftServerConfigKeys (ConfUtils.java:logGet(43)) - raft.server.staging.catchup.gap = 1000 (default)
2019-10-02 22:34:32,640 [f09ae49d-7355-48d3-a9b4-1ae74d70d940@group-E10D78F16196-LeaderElection81] INFO  server.RaftServerConfigKeys (ConfUtils.java:logGet(43)) - raft.server.rpc.sleep.time = 25ms (default)
2019-10-02 22:34:32,640 [f09ae49d-7355-48d3-a9b4-1ae74d70d940@group-E10D78F16196-LeaderElection81] INFO  server.RaftServerConfigKeys (ConfUtils.java:logGet(43)) - raft.server.write.element-limit = 4096 (default)
2019-10-02 22:34:32,640 [f09ae49d-7355-48d3-a9b4-1ae74d70d940@group-E10D78F16196-LeaderElection81] INFO  server.RaftServerConfigKeys (ConfUtils.java:logGet(43)) - raft.server.watch.timeout = 10s (default)
2019-10-02 22:34:32,640 [f09ae49d-7355-48d3-a9b4-1ae74d70d940@group-E10D78F16196-LeaderElection81] INFO  server.RaftServerConfigKeys (ConfUtils.java:logGet(43)) - raft.server.watch.timeout.denomination = 1s (default)
2019-10-02 22:34:32,640 [f09ae49d-7355-48d3-a9b4-1ae74d70d940@group-E10D78F16196-LeaderElection81] INFO  server.RaftServerConfigKeys (ConfUtils.java:logGet(43)) - raft.server.watch.element-limit = 65536 (default)
2019-10-02 22:34:32,641 [f09ae49d-7355-48d3-a9b4-1ae74d70d940@group-E10D78F16196-LeaderElection81] INFO  server.RaftServerConfigKeys (ConfUtils.java:logGet(43)) - raft.server.log.appender.snapshot.chunk.size.max = 16MB (=16777216) (default)
2019-10-02 22:34:32,642 [f09ae49d-7355-48d3-a9b4-1ae74d70d940@group-E10D78F16196-LeaderElection81] INFO  server.RaftServerConfigKeys (ConfUtils.java:logGet(43)) - raft.server.log.appender.buffer.byte-limit = 33554432 (custom)
2019-10-02 22:34:32,642 [f09ae49d-7355-48d3-a9b4-1ae74d70d940@group-E10D78F16196-LeaderElection81] INFO  server.RaftServerConfigKeys (ConfUtils.java:logGet(43)) - raft.server.log.appender.buffer.element-limit = 1 (custom)
2019-10-02 22:34:32,642 [f09ae49d-7355-48d3-a9b4-1ae74d70d940@group-E10D78F16196-LeaderElection81] INFO  grpc.GrpcConfigKeys$Server (ConfUtils.java:logGet(43)) - raft.grpc.server.leader.outstanding.appends.max = 128 (default)
2019-10-02 22:34:32,642 [f09ae49d-7355-48d3-a9b4-1ae74d70d940@group-E10D78F16196-LeaderElection81] INFO  server.RaftServerConfigKeys (ConfUtils.java:logGet(43)) - raft.server.rpc.request.timeout = 3000ms (default)
2019-10-02 22:34:32,642 [f09ae49d-7355-48d3-a9b4-1ae74d70d940@group-E10D78F16196-LeaderElection81] INFO  server.RaftServerConfigKeys (ConfUtils.java:logGet(43)) - raft.server.log.appender.install.snapshot.enabled = false (custom)
2019-10-02 22:34:32,642 [f09ae49d-7355-48d3-a9b4-1ae74d70d940@group-E10D78F16196-LeaderElection81] INFO  server.RaftServerConfigKeys (ConfUtils.java:logGet(43)) - raft.server.log.appender.snapshot.chunk.size.max = 16MB (=16777216) (default)
2019-10-02 22:34:32,642 [f09ae49d-7355-48d3-a9b4-1ae74d70d940@group-E10D78F16196-LeaderElection81] INFO  server.RaftServerConfigKeys (ConfUtils.java:logGet(43)) - raft.server.log.appender.buffer.byte-limit = 33554432 (custom)
2019-10-02 22:34:32,642 [f09ae49d-7355-48d3-a9b4-1ae74d70d940@group-E10D78F16196-LeaderElection81] INFO  server.RaftServerConfigKeys (ConfUtils.java:logGet(43)) - raft.server.log.appender.buffer.element-limit = 1 (custom)
2019-10-02 22:34:32,642 [f09ae49d-7355-48d3-a9b4-1ae74d70d940@group-E10D78F16196-LeaderElection81] INFO  grpc.GrpcConfigKeys$Server (ConfUtils.java:logGet(43)) - raft.grpc.server.leader.outstanding.appends.max = 128 (default)
2019-10-02 22:34:32,643 [f09ae49d-7355-48d3-a9b4-1ae74d70d940@group-E10D78F16196-LeaderElection81] INFO  server.RaftServerConfigKeys (ConfUtils.java:logGet(43)) - raft.server.rpc.request.timeout = 3000ms (default)
2019-10-02 22:34:32,643 [f09ae49d-7355-48d3-a9b4-1ae74d70d940@group-E10D78F16196-LeaderElection81] INFO  server.RaftServerConfigKeys (ConfUtils.java:logGet(43)) - raft.server.log.appender.install.snapshot.enabled = false (custom)
2019-10-02 22:34:32,643 [f09ae49d-7355-48d3-a9b4-1ae74d70d940@group-E10D78F16196-LeaderElection81] INFO  impl.RoleInfo (RoleInfo.java:updateAndGet(143)) - f09ae49d-7355-48d3-a9b4-1ae74d70d940: start LeaderState
2019-10-02 22:34:32,643 [f09ae49d-7355-48d3-a9b4-1ae74d70d940@group-E10D78F16196-LeaderElection81] INFO  segmented.SegmentedRaftLogWorker (SegmentedRaftLogWorker.java:startLogSegment(385)) - f09ae49d-7355-48d3-a9b4-1ae74d70d940@group-E10D78F16196-SegmentedRaftLogWorker: Starting segment from index:0
2019-10-02 22:34:32,643 [f09ae49d-7355-48d3-a9b4-1ae74d70d940@group-E10D78F16196-LeaderElection81] INFO  impl.RaftServerImpl (ServerState.java:setRaftConf(356)) - f09ae49d-7355-48d3-a9b4-1ae74d70d940@group-E10D78F16196: set configuration 0: [f09ae49d-7355-48d3-a9b4-1ae74d70d940:192.168.30.30:39415, de247872-8e5b-41ff-85ec-0a9b8e009629:192.168.30.30:44982, cd6023cc-5bcd-4149-91cf-c15310459986:192.168.30.30:45939], old=null at 0
2019-10-02 22:34:32,672 [grpc-default-executor-2] INFO  impl.RaftServerImpl (ServerState.java:setLeader(255)) - cd6023cc-5bcd-4149-91cf-c15310459986@group-E10D78F16196: change Leader from null to f09ae49d-7355-48d3-a9b4-1ae74d70d940 at term 1 for appendEntries, leader elected after 5152ms
2019-10-02 22:34:32,674 [grpc-default-executor-13] INFO  impl.RaftServerImpl (ServerState.java:setLeader(255)) - de247872-8e5b-41ff-85ec-0a9b8e009629@group-E10D78F16196: change Leader from null to f09ae49d-7355-48d3-a9b4-1ae74d70d940 at term 1 for appendEntries, leader elected after 5154ms
2019-10-02 22:34:32,695 [f09ae49d-7355-48d3-a9b4-1ae74d70d940@group-E10D78F16196-SegmentedRaftLogWorker] INFO  segmented.SegmentedRaftLogWorker (SegmentedRaftLogWorker.java:execute(574)) - f09ae49d-7355-48d3-a9b4-1ae74d70d940@group-E10D78F16196-SegmentedRaftLogWorker: created new log segment /workdir/hadoop-ozone/integration-test/target/test-dir/MiniOzoneClusterImpl-5b0c19db-6a49-40b5-ab5c-99aec8de0976/datanode-1/data/ratis/2d8ac9cf-06c3-4501-aa0a-e10d78f16196/current/log_inprogress_0
2019-10-02 22:34:32,710 [grpc-default-executor-2] INFO  impl.RaftServerImpl (ServerState.java:setRaftConf(356)) - cd6023cc-5bcd-4149-91cf-c15310459986@group-E10D78F16196: set configuration 0: [f09ae49d-7355-48d3-a9b4-1ae74d70d940:192.168.30.30:39415, de247872-8e5b-41ff-85ec-0a9b8e009629:192.168.30.30:44982, cd6023cc-5bcd-4149-91cf-c15310459986:192.168.30.30:45939], old=null at 0
2019-10-02 22:34:32,710 [grpc-default-executor-13] INFO  impl.RaftServerImpl (ServerState.java:setRaftConf(356)) - de247872-8e5b-41ff-85ec-0a9b8e009629@group-E10D78F16196: set configuration 0: [f09ae49d-7355-48d3-a9b4-1ae74d70d940:192.168.30.30:39415, de247872-8e5b-41ff-85ec-0a9b8e009629:192.168.30.30:44982, cd6023cc-5bcd-4149-91cf-c15310459986:192.168.30.30:45939], old=null at 0
2019-10-02 22:34:32,710 [grpc-default-executor-2] INFO  segmented.SegmentedRaftLogWorker (SegmentedRaftLogWorker.java:startLogSegment(385)) - cd6023cc-5bcd-4149-91cf-c15310459986@group-E10D78F16196-SegmentedRaftLogWorker: Starting segment from index:0
2019-10-02 22:34:32,710 [grpc-default-executor-13] INFO  segmented.SegmentedRaftLogWorker (SegmentedRaftLogWorker.java:startLogSegment(385)) - de247872-8e5b-41ff-85ec-0a9b8e009629@group-E10D78F16196-SegmentedRaftLogWorker: Starting segment from index:0
2019-10-02 22:34:32,756 [cd6023cc-5bcd-4149-91cf-c15310459986@group-E10D78F16196-SegmentedRaftLogWorker] INFO  segmented.SegmentedRaftLogWorker (SegmentedRaftLogWorker.java:execute(574)) - cd6023cc-5bcd-4149-91cf-c15310459986@group-E10D78F16196-SegmentedRaftLogWorker: created new log segment /workdir/hadoop-ozone/integration-test/target/test-dir/MiniOzoneClusterImpl-5b0c19db-6a49-40b5-ab5c-99aec8de0976/datanode-0/data/ratis/2d8ac9cf-06c3-4501-aa0a-e10d78f16196/current/log_inprogress_0
2019-10-02 22:34:32,756 [de247872-8e5b-41ff-85ec-0a9b8e009629@group-E10D78F16196-SegmentedRaftLogWorker] INFO  segmented.SegmentedRaftLogWorker (SegmentedRaftLogWorker.java:execute(574)) - de247872-8e5b-41ff-85ec-0a9b8e009629@group-E10D78F16196-SegmentedRaftLogWorker: created new log segment /workdir/hadoop-ozone/integration-test/target/test-dir/MiniOzoneClusterImpl-5b0c19db-6a49-40b5-ab5c-99aec8de0976/datanode-2/data/ratis/2d8ac9cf-06c3-4501-aa0a-e10d78f16196/current/log_inprogress_0
2019-10-02 22:34:32,827 [Thread-3117] INFO  impl.FollowerState (FollowerState.java:run(108)) - 235d8df1-b638-45e8-a9c5-4bfd9a856101@group-0F8A927DC4D0-FollowerState: change to CANDIDATE, lastRpcTime:5164ms, electionTimeout:5164ms
2019-10-02 22:34:32,828 [Thread-3117] INFO  impl.RoleInfo (RoleInfo.java:shutdownFollowerState(121)) - 235d8df1-b638-45e8-a9c5-4bfd9a856101: shutdown FollowerState
2019-10-02 22:34:32,828 [Thread-3117] INFO  impl.RaftServerImpl (RaftServerImpl.java:setRole(170)) - 235d8df1-b638-45e8-a9c5-4bfd9a856101@group-0F8A927DC4D0: changes role from  FOLLOWER to CANDIDATE at term 0 for changeToCandidate
2019-10-02 22:34:32,828 [Thread-3117] INFO  impl.RoleInfo (RoleInfo.java:updateAndGet(143)) - 235d8df1-b638-45e8-a9c5-4bfd9a856101: start LeaderElection
2019-10-02 22:34:32,852 [Thread-3123] INFO  impl.FollowerState (FollowerState.java:run(108)) - af83997b-625b-464c-8c84-b76449839829@group-BC122F275057-FollowerState: change to CANDIDATE, lastRpcTime:5043ms, electionTimeout:5043ms
2019-10-02 22:34:32,852 [Thread-3123] INFO  impl.RoleInfo (RoleInfo.java:shutdownFollowerState(121)) - af83997b-625b-464c-8c84-b76449839829: shutdown FollowerState
2019-10-02 22:34:32,852 [Thread-3123] INFO  impl.RaftServerImpl (RaftServerImpl.java:setRole(170)) - af83997b-625b-464c-8c84-b76449839829@group-BC122F275057: changes role from  FOLLOWER to CANDIDATE at term 0 for changeToCandidate
2019-10-02 22:34:32,852 [Thread-3123] INFO  impl.RoleInfo (RoleInfo.java:updateAndGet(143)) - af83997b-625b-464c-8c84-b76449839829: start LeaderElection
2019-10-02 22:34:32,858 [235d8df1-b638-45e8-a9c5-4bfd9a856101@group-0F8A927DC4D0-LeaderElection82] INFO  impl.LeaderElection (LeaderElection.java:askForVotes(178)) - 235d8df1-b638-45e8-a9c5-4bfd9a856101@group-0F8A927DC4D0-LeaderElection82: begin an election at term 1 for -1: [235d8df1-b638-45e8-a9c5-4bfd9a856101:192.168.30.30:45811], old=null
2019-10-02 22:34:32,858 [235d8df1-b638-45e8-a9c5-4bfd9a856101@group-0F8A927DC4D0-LeaderElection82] INFO  impl.RoleInfo (RoleInfo.java:shutdownLeaderElection(134)) - 235d8df1-b638-45e8-a9c5-4bfd9a856101: shutdown LeaderElection
2019-10-02 22:34:32,858 [235d8df1-b638-45e8-a9c5-4bfd9a856101@group-0F8A927DC4D0-LeaderElection82] INFO  impl.RaftServerImpl (RaftServerImpl.java:setRole(170)) - 235d8df1-b638-45e8-a9c5-4bfd9a856101@group-0F8A927DC4D0: changes role from CANDIDATE to LEADER at term 1 for changeToLeader
2019-10-02 22:34:32,858 [235d8df1-b638-45e8-a9c5-4bfd9a856101@group-0F8A927DC4D0-LeaderElection82] INFO  impl.RaftServerImpl (ServerState.java:setLeader(255)) - 235d8df1-b638-45e8-a9c5-4bfd9a856101@group-0F8A927DC4D0: change Leader from null to 235d8df1-b638-45e8-a9c5-4bfd9a856101 at term 1 for becomeLeader, leader elected after 5200ms
2019-10-02 22:34:32,858 [235d8df1-b638-45e8-a9c5-4bfd9a856101@group-0F8A927DC4D0-LeaderElection82] INFO  server.RaftServerConfigKeys (ConfUtils.java:logGet(43)) - raft.server.staging.catchup.gap = 1000 (default)
2019-10-02 22:34:32,858 [235d8df1-b638-45e8-a9c5-4bfd9a856101@group-0F8A927DC4D0-LeaderElection82] INFO  server.RaftServerConfigKeys (ConfUtils.java:logGet(43)) - raft.server.rpc.sleep.time = 25ms (default)
2019-10-02 22:34:32,858 [235d8df1-b638-45e8-a9c5-4bfd9a856101@group-0F8A927DC4D0-LeaderElection82] INFO  server.RaftServerConfigKeys (ConfUtils.java:logGet(43)) - raft.server.write.element-limit = 4096 (default)
2019-10-02 22:34:32,858 [235d8df1-b638-45e8-a9c5-4bfd9a856101@group-0F8A927DC4D0-LeaderElection82] INFO  server.RaftServerConfigKeys (ConfUtils.java:logGet(43)) - raft.server.watch.timeout = 10s (default)
2019-10-02 22:34:32,858 [235d8df1-b638-45e8-a9c5-4bfd9a856101@group-0F8A927DC4D0-LeaderElection82] INFO  server.RaftServerConfigKeys (ConfUtils.java:logGet(43)) - raft.server.watch.timeout.denomination = 1s (default)
2019-10-02 22:34:32,858 [235d8df1-b638-45e8-a9c5-4bfd9a856101@group-0F8A927DC4D0-LeaderElection82] INFO  server.RaftServerConfigKeys (ConfUtils.java:logGet(43)) - raft.server.watch.element-limit = 65536 (default)
2019-10-02 22:34:32,859 [235d8df1-b638-45e8-a9c5-4bfd9a856101@group-0F8A927DC4D0-LeaderElection82] INFO  impl.RoleInfo (RoleInfo.java:updateAndGet(143)) - 235d8df1-b638-45e8-a9c5-4bfd9a856101: start LeaderState
2019-10-02 22:34:32,860 [235d8df1-b638-45e8-a9c5-4bfd9a856101@group-0F8A927DC4D0-LeaderElection82] INFO  segmented.SegmentedRaftLogWorker (SegmentedRaftLogWorker.java:startLogSegment(385)) - 235d8df1-b638-45e8-a9c5-4bfd9a856101@group-0F8A927DC4D0-SegmentedRaftLogWorker: Starting segment from index:0
2019-10-02 22:34:32,860 [235d8df1-b638-45e8-a9c5-4bfd9a856101@group-0F8A927DC4D0-LeaderElection82] INFO  impl.RaftServerImpl (ServerState.java:setRaftConf(356)) - 235d8df1-b638-45e8-a9c5-4bfd9a856101@group-0F8A927DC4D0: set configuration 0: [235d8df1-b638-45e8-a9c5-4bfd9a856101:192.168.30.30:45811], old=null at 0
2019-10-02 22:34:32,883 [af83997b-625b-464c-8c84-b76449839829@group-BC122F275057-LeaderElection83] INFO  impl.LeaderElection (LeaderElection.java:askForVotes(178)) - af83997b-625b-464c-8c84-b76449839829@group-BC122F275057-LeaderElection83: begin an election at term 1 for -1: [af83997b-625b-464c-8c84-b76449839829:192.168.30.30:46711], old=null
2019-10-02 22:34:32,883 [af83997b-625b-464c-8c84-b76449839829@group-BC122F275057-LeaderElection83] INFO  impl.RoleInfo (RoleInfo.java:shutdownLeaderElection(134)) - af83997b-625b-464c-8c84-b76449839829: shutdown LeaderElection
2019-10-02 22:34:32,883 [af83997b-625b-464c-8c84-b76449839829@group-BC122F275057-LeaderElection83] INFO  impl.RaftServerImpl (RaftServerImpl.java:setRole(170)) - af83997b-625b-464c-8c84-b76449839829@group-BC122F275057: changes role from CANDIDATE to LEADER at term 1 for changeToLeader
2019-10-02 22:34:32,883 [af83997b-625b-464c-8c84-b76449839829@group-BC122F275057-LeaderElection83] INFO  impl.RaftServerImpl (ServerState.java:setLeader(255)) - af83997b-625b-464c-8c84-b76449839829@group-BC122F275057: change Leader from null to af83997b-625b-464c-8c84-b76449839829 at term 1 for becomeLeader, leader elected after 5083ms
2019-10-02 22:34:32,884 [af83997b-625b-464c-8c84-b76449839829@group-BC122F275057-LeaderElection83] INFO  server.RaftServerConfigKeys (ConfUtils.java:logGet(43)) - raft.server.staging.catchup.gap = 1000 (default)
2019-10-02 22:34:32,884 [af83997b-625b-464c-8c84-b76449839829@group-BC122F275057-LeaderElection83] INFO  server.RaftServerConfigKeys (ConfUtils.java:logGet(43)) - raft.server.rpc.sleep.time = 25ms (default)
2019-10-02 22:34:32,884 [af83997b-625b-464c-8c84-b76449839829@group-BC122F275057-LeaderElection83] INFO  server.RaftServerConfigKeys (ConfUtils.java:logGet(43)) - raft.server.write.element-limit = 4096 (default)
2019-10-02 22:34:32,884 [af83997b-625b-464c-8c84-b76449839829@group-BC122F275057-LeaderElection83] INFO  server.RaftServerConfigKeys (ConfUtils.java:logGet(43)) - raft.server.watch.timeout = 10s (default)
2019-10-02 22:34:32,884 [af83997b-625b-464c-8c84-b76449839829@group-BC122F275057-LeaderElection83] INFO  server.RaftServerConfigKeys (ConfUtils.java:logGet(43)) - raft.server.watch.timeout.denomination = 1s (default)
2019-10-02 22:34:32,884 [af83997b-625b-464c-8c84-b76449839829@group-BC122F275057-LeaderElection83] INFO  server.RaftServerConfigKeys (ConfUtils.java:logGet(43)) - raft.server.watch.element-limit = 65536 (default)
2019-10-02 22:34:32,886 [af83997b-625b-464c-8c84-b76449839829@group-BC122F275057-LeaderElection83] INFO  impl.RoleInfo (RoleInfo.java:updateAndGet(143)) - af83997b-625b-464c-8c84-b76449839829: start LeaderState
2019-10-02 22:34:32,886 [af83997b-625b-464c-8c84-b76449839829@group-BC122F275057-LeaderElection83] INFO  segmented.SegmentedRaftLogWorker (SegmentedRaftLogWorker.java:startLogSegment(385)) - af83997b-625b-464c-8c84-b76449839829@group-BC122F275057-SegmentedRaftLogWorker: Starting segment from index:0
2019-10-02 22:34:32,886 [af83997b-625b-464c-8c84-b76449839829@group-BC122F275057-LeaderElection83] INFO  impl.RaftServerImpl (ServerState.java:setRaftConf(356)) - af83997b-625b-464c-8c84-b76449839829@group-BC122F275057: set configuration 0: [af83997b-625b-464c-8c84-b76449839829:192.168.30.30:46711], old=null at 0
2019-10-02 22:34:32,903 [235d8df1-b638-45e8-a9c5-4bfd9a856101@group-0F8A927DC4D0-SegmentedRaftLogWorker] INFO  segmented.SegmentedRaftLogWorker (SegmentedRaftLogWorker.java:execute(574)) - 235d8df1-b638-45e8-a9c5-4bfd9a856101@group-0F8A927DC4D0-SegmentedRaftLogWorker: created new log segment /workdir/hadoop-ozone/integration-test/target/test-dir/MiniOzoneClusterImpl-5b0c19db-6a49-40b5-ab5c-99aec8de0976/datanode-4/data/ratis/b93b86ef-48a8-4bb5-800e-0f8a927dc4d0/current/log_inprogress_0
2019-10-02 22:34:32,908 [Thread-3120] INFO  impl.FollowerState (FollowerState.java:run(108)) - 74659b3f-c24c-4f39-a0be-420e845131f6@group-DCF87125913C-FollowerState: change to CANDIDATE, lastRpcTime:5169ms, electionTimeout:5169ms
2019-10-02 22:34:32,908 [Thread-3120] INFO  impl.RoleInfo (RoleInfo.java:shutdownFollowerState(121)) - 74659b3f-c24c-4f39-a0be-420e845131f6: shutdown FollowerState
2019-10-02 22:34:32,908 [Thread-3120] INFO  impl.RaftServerImpl (RaftServerImpl.java:setRole(170)) - 74659b3f-c24c-4f39-a0be-420e845131f6@group-DCF87125913C: changes role from  FOLLOWER to CANDIDATE at term 0 for changeToCandidate
2019-10-02 22:34:32,908 [Thread-3120] INFO  impl.RoleInfo (RoleInfo.java:updateAndGet(143)) - 74659b3f-c24c-4f39-a0be-420e845131f6: start LeaderElection
2019-10-02 22:34:32,925 [af83997b-625b-464c-8c84-b76449839829@group-BC122F275057-SegmentedRaftLogWorker] INFO  segmented.SegmentedRaftLogWorker (SegmentedRaftLogWorker.java:execute(574)) - af83997b-625b-464c-8c84-b76449839829@group-BC122F275057-SegmentedRaftLogWorker: created new log segment /workdir/hadoop-ozone/integration-test/target/test-dir/MiniOzoneClusterImpl-5b0c19db-6a49-40b5-ab5c-99aec8de0976/datanode-6/data/ratis/5432c3be-84f2-4f9a-8bae-bc122f275057/current/log_inprogress_0
2019-10-02 22:34:32,925 [74659b3f-c24c-4f39-a0be-420e845131f6@group-DCF87125913C-LeaderElection84] INFO  impl.LeaderElection (LeaderElection.java:askForVotes(178)) - 74659b3f-c24c-4f39-a0be-420e845131f6@group-DCF87125913C-LeaderElection84: begin an election at term 1 for -1: [74659b3f-c24c-4f39-a0be-420e845131f6:192.168.30.30:39325], old=null
2019-10-02 22:34:32,925 [74659b3f-c24c-4f39-a0be-420e845131f6@group-DCF87125913C-LeaderElection84] INFO  impl.RoleInfo (RoleInfo.java:shutdownLeaderElection(134)) - 74659b3f-c24c-4f39-a0be-420e845131f6: shutdown LeaderElection
2019-10-02 22:34:32,925 [74659b3f-c24c-4f39-a0be-420e845131f6@group-DCF87125913C-LeaderElection84] INFO  impl.RaftServerImpl (RaftServerImpl.java:setRole(170)) - 74659b3f-c24c-4f39-a0be-420e845131f6@group-DCF87125913C: changes role from CANDIDATE to LEADER at term 1 for changeToLeader
2019-10-02 22:34:32,925 [74659b3f-c24c-4f39-a0be-420e845131f6@group-DCF87125913C-LeaderElection84] INFO  impl.RaftServerImpl (ServerState.java:setLeader(255)) - 74659b3f-c24c-4f39-a0be-420e845131f6@group-DCF87125913C: change Leader from null to 74659b3f-c24c-4f39-a0be-420e845131f6 at term 1 for becomeLeader, leader elected after 5192ms
2019-10-02 22:34:32,925 [74659b3f-c24c-4f39-a0be-420e845131f6@group-DCF87125913C-LeaderElection84] INFO  server.RaftServerConfigKeys (ConfUtils.java:logGet(43)) - raft.server.staging.catchup.gap = 1000 (default)
2019-10-02 22:34:32,925 [74659b3f-c24c-4f39-a0be-420e845131f6@group-DCF87125913C-LeaderElection84] INFO  server.RaftServerConfigKeys (ConfUtils.java:logGet(43)) - raft.server.rpc.sleep.time = 25ms (default)
2019-10-02 22:34:32,925 [74659b3f-c24c-4f39-a0be-420e845131f6@group-DCF87125913C-LeaderElection84] INFO  server.RaftServerConfigKeys (ConfUtils.java:logGet(43)) - raft.server.write.element-limit = 4096 (default)
2019-10-02 22:34:32,925 [74659b3f-c24c-4f39-a0be-420e845131f6@group-DCF87125913C-LeaderElection84] INFO  server.RaftServerConfigKeys (ConfUtils.java:logGet(43)) - raft.server.watch.timeout = 10s (default)
2019-10-02 22:34:32,926 [74659b3f-c24c-4f39-a0be-420e845131f6@group-DCF87125913C-LeaderElection84] INFO  server.RaftServerConfigKeys (ConfUtils.java:logGet(43)) - raft.server.watch.timeout.denomination = 1s (default)
2019-10-02 22:34:32,926 [74659b3f-c24c-4f39-a0be-420e845131f6@group-DCF87125913C-LeaderElection84] INFO  server.RaftServerConfigKeys (ConfUtils.java:logGet(43)) - raft.server.watch.element-limit = 65536 (default)
2019-10-02 22:34:32,927 [74659b3f-c24c-4f39-a0be-420e845131f6@group-DCF87125913C-LeaderElection84] INFO  impl.RoleInfo (RoleInfo.java:updateAndGet(143)) - 74659b3f-c24c-4f39-a0be-420e845131f6: start LeaderState
2019-10-02 22:34:32,927 [74659b3f-c24c-4f39-a0be-420e845131f6@group-DCF87125913C-LeaderElection84] INFO  segmented.SegmentedRaftLogWorker (SegmentedRaftLogWorker.java:startLogSegment(385)) - 74659b3f-c24c-4f39-a0be-420e845131f6@group-DCF87125913C-SegmentedRaftLogWorker: Starting segment from index:0
2019-10-02 22:34:32,927 [74659b3f-c24c-4f39-a0be-420e845131f6@group-DCF87125913C-LeaderElection84] INFO  impl.RaftServerImpl (ServerState.java:setRaftConf(356)) - 74659b3f-c24c-4f39-a0be-420e845131f6@group-DCF87125913C: set configuration 0: [74659b3f-c24c-4f39-a0be-420e845131f6:192.168.30.30:39325], old=null at 0
2019-10-02 22:34:32,974 [74659b3f-c24c-4f39-a0be-420e845131f6@group-DCF87125913C-SegmentedRaftLogWorker] INFO  segmented.SegmentedRaftLogWorker (SegmentedRaftLogWorker.java:execute(574)) - 74659b3f-c24c-4f39-a0be-420e845131f6@group-DCF87125913C-SegmentedRaftLogWorker: created new log segment /workdir/hadoop-ozone/integration-test/target/test-dir/MiniOzoneClusterImpl-5b0c19db-6a49-40b5-ab5c-99aec8de0976/datanode-3/data/ratis/8662c973-6f2d-4832-a13a-dcf87125913c/current/log_inprogress_0
2019-10-02 22:34:32,980 [Thread-3126] INFO  impl.FollowerState (FollowerState.java:run(108)) - f016b09c-ac10-4c80-a5da-2657148b46c2@group-0347D297D1FE-FollowerState: change to CANDIDATE, lastRpcTime:5099ms, electionTimeout:5099ms
2019-10-02 22:34:32,981 [Thread-3126] INFO  impl.RoleInfo (RoleInfo.java:shutdownFollowerState(121)) - f016b09c-ac10-4c80-a5da-2657148b46c2: shutdown FollowerState
2019-10-02 22:34:32,981 [Thread-3126] INFO  impl.RaftServerImpl (RaftServerImpl.java:setRole(170)) - f016b09c-ac10-4c80-a5da-2657148b46c2@group-0347D297D1FE: changes role from  FOLLOWER to CANDIDATE at term 0 for changeToCandidate
2019-10-02 22:34:32,981 [Thread-3126] INFO  impl.RoleInfo (RoleInfo.java:updateAndGet(143)) - f016b09c-ac10-4c80-a5da-2657148b46c2: start LeaderElection
2019-10-02 22:34:33,027 [f016b09c-ac10-4c80-a5da-2657148b46c2@group-0347D297D1FE-LeaderElection85] INFO  impl.LeaderElection (LeaderElection.java:askForVotes(178)) - f016b09c-ac10-4c80-a5da-2657148b46c2@group-0347D297D1FE-LeaderElection85: begin an election at term 1 for -1: [f016b09c-ac10-4c80-a5da-2657148b46c2:192.168.30.30:40909], old=null
2019-10-02 22:34:33,027 [f016b09c-ac10-4c80-a5da-2657148b46c2@group-0347D297D1FE-LeaderElection85] INFO  impl.RoleInfo (RoleInfo.java:shutdownLeaderElection(134)) - f016b09c-ac10-4c80-a5da-2657148b46c2: shutdown LeaderElection
2019-10-02 22:34:33,027 [f016b09c-ac10-4c80-a5da-2657148b46c2@group-0347D297D1FE-LeaderElection85] INFO  impl.RaftServerImpl (RaftServerImpl.java:setRole(170)) - f016b09c-ac10-4c80-a5da-2657148b46c2@group-0347D297D1FE: changes role from CANDIDATE to LEADER at term 1 for changeToLeader
2019-10-02 22:34:33,028 [f016b09c-ac10-4c80-a5da-2657148b46c2@group-0347D297D1FE-LeaderElection85] INFO  impl.RaftServerImpl (ServerState.java:setLeader(255)) - f016b09c-ac10-4c80-a5da-2657148b46c2@group-0347D297D1FE: change Leader from null to f016b09c-ac10-4c80-a5da-2657148b46c2 at term 1 for becomeLeader, leader elected after 5151ms
2019-10-02 22:34:33,028 [f016b09c-ac10-4c80-a5da-2657148b46c2@group-0347D297D1FE-LeaderElection85] INFO  server.RaftServerConfigKeys (ConfUtils.java:logGet(43)) - raft.server.staging.catchup.gap = 1000 (default)
2019-10-02 22:34:33,028 [f016b09c-ac10-4c80-a5da-2657148b46c2@group-0347D297D1FE-LeaderElection85] INFO  server.RaftServerConfigKeys (ConfUtils.java:logGet(43)) - raft.server.rpc.sleep.time = 25ms (default)
2019-10-02 22:34:33,028 [f016b09c-ac10-4c80-a5da-2657148b46c2@group-0347D297D1FE-LeaderElection85] INFO  server.RaftServerConfigKeys (ConfUtils.java:logGet(43)) - raft.server.write.element-limit = 4096 (default)
2019-10-02 22:34:33,028 [f016b09c-ac10-4c80-a5da-2657148b46c2@group-0347D297D1FE-LeaderElection85] INFO  server.RaftServerConfigKeys (ConfUtils.java:logGet(43)) - raft.server.watch.timeout = 10s (default)
2019-10-02 22:34:33,028 [f016b09c-ac10-4c80-a5da-2657148b46c2@group-0347D297D1FE-LeaderElection85] INFO  server.RaftServerConfigKeys (ConfUtils.java:logGet(43)) - raft.server.watch.timeout.denomination = 1s (default)
2019-10-02 22:34:33,028 [f016b09c-ac10-4c80-a5da-2657148b46c2@group-0347D297D1FE-LeaderElection85] INFO  server.RaftServerConfigKeys (ConfUtils.java:logGet(43)) - raft.server.watch.element-limit = 65536 (default)
2019-10-02 22:34:33,030 [f016b09c-ac10-4c80-a5da-2657148b46c2@group-0347D297D1FE-LeaderElection85] INFO  impl.RoleInfo (RoleInfo.java:updateAndGet(143)) - f016b09c-ac10-4c80-a5da-2657148b46c2: start LeaderState
2019-10-02 22:34:33,030 [f016b09c-ac10-4c80-a5da-2657148b46c2@group-0347D297D1FE-LeaderElection85] INFO  segmented.SegmentedRaftLogWorker (SegmentedRaftLogWorker.java:startLogSegment(385)) - f016b09c-ac10-4c80-a5da-2657148b46c2@group-0347D297D1FE-SegmentedRaftLogWorker: Starting segment from index:0
2019-10-02 22:34:33,030 [f016b09c-ac10-4c80-a5da-2657148b46c2@group-0347D297D1FE-LeaderElection85] INFO  impl.RaftServerImpl (ServerState.java:setRaftConf(356)) - f016b09c-ac10-4c80-a5da-2657148b46c2@group-0347D297D1FE: set configuration 0: [f016b09c-ac10-4c80-a5da-2657148b46c2:192.168.30.30:40909], old=null at 0
2019-10-02 22:34:33,034 [Thread-3133] INFO  impl.FollowerState (FollowerState.java:run(108)) - 235d8df1-b638-45e8-a9c5-4bfd9a856101@group-D99134C5E5A7-FollowerState: change to CANDIDATE, lastRpcTime:5052ms, electionTimeout:5051ms
2019-10-02 22:34:33,034 [Thread-3133] INFO  impl.RoleInfo (RoleInfo.java:shutdownFollowerState(121)) - 235d8df1-b638-45e8-a9c5-4bfd9a856101: shutdown FollowerState
2019-10-02 22:34:33,034 [Thread-3133] INFO  impl.RaftServerImpl (RaftServerImpl.java:setRole(170)) - 235d8df1-b638-45e8-a9c5-4bfd9a856101@group-D99134C5E5A7: changes role from  FOLLOWER to CANDIDATE at term 0 for changeToCandidate
2019-10-02 22:34:33,034 [Thread-3133] INFO  impl.RoleInfo (RoleInfo.java:updateAndGet(143)) - 235d8df1-b638-45e8-a9c5-4bfd9a856101: start LeaderElection
2019-10-02 22:34:33,060 [Thread-3129] INFO  impl.FollowerState (FollowerState.java:run(108)) - 74659b3f-c24c-4f39-a0be-420e845131f6@group-D99134C5E5A7-FollowerState: change to CANDIDATE, lastRpcTime:5082ms, electionTimeout:5068ms
2019-10-02 22:34:33,060 [Thread-3134] INFO  impl.FollowerState (FollowerState.java:run(108)) - af83997b-625b-464c-8c84-b76449839829@group-D99134C5E5A7-FollowerState: change to CANDIDATE, lastRpcTime:5077ms, electionTimeout:5065ms
2019-10-02 22:34:33,060 [Thread-3129] INFO  impl.RoleInfo (RoleInfo.java:shutdownFollowerState(121)) - 74659b3f-c24c-4f39-a0be-420e845131f6: shutdown FollowerState
2019-10-02 22:34:33,060 [Thread-3129] INFO  impl.RaftServerImpl (RaftServerImpl.java:setRole(170)) - 74659b3f-c24c-4f39-a0be-420e845131f6@group-D99134C5E5A7: changes role from  FOLLOWER to CANDIDATE at term 0 for changeToCandidate
2019-10-02 22:34:33,060 [Thread-3134] INFO  impl.RoleInfo (RoleInfo.java:shutdownFollowerState(121)) - af83997b-625b-464c-8c84-b76449839829: shutdown FollowerState
2019-10-02 22:34:33,063 [Thread-3129] INFO  impl.RoleInfo (RoleInfo.java:updateAndGet(143)) - 74659b3f-c24c-4f39-a0be-420e845131f6: start LeaderElection
2019-10-02 22:34:33,063 [Thread-3134] INFO  impl.RaftServerImpl (RaftServerImpl.java:setRole(170)) - af83997b-625b-464c-8c84-b76449839829@group-D99134C5E5A7: changes role from  FOLLOWER to CANDIDATE at term 0 for changeToCandidate
2019-10-02 22:34:33,063 [Thread-3134] INFO  impl.RoleInfo (RoleInfo.java:updateAndGet(143)) - af83997b-625b-464c-8c84-b76449839829: start LeaderElection
2019-10-02 22:34:33,083 [f016b09c-ac10-4c80-a5da-2657148b46c2@group-0347D297D1FE-SegmentedRaftLogWorker] INFO  segmented.SegmentedRaftLogWorker (SegmentedRaftLogWorker.java:execute(574)) - f016b09c-ac10-4c80-a5da-2657148b46c2@group-0347D297D1FE-SegmentedRaftLogWorker: created new log segment /workdir/hadoop-ozone/integration-test/target/test-dir/MiniOzoneClusterImpl-5b0c19db-6a49-40b5-ab5c-99aec8de0976/datanode-5/data/ratis/0c5c0f76-3418-4380-99ea-0347d297d1fe/current/log_inprogress_0
2019-10-02 22:34:33,083 [235d8df1-b638-45e8-a9c5-4bfd9a856101@group-D99134C5E5A7-LeaderElection86] INFO  impl.LeaderElection (LeaderElection.java:askForVotes(178)) - 235d8df1-b638-45e8-a9c5-4bfd9a856101@group-D99134C5E5A7-LeaderElection86: begin an election at term 1 for -1: [af83997b-625b-464c-8c84-b76449839829:192.168.30.30:46711, 74659b3f-c24c-4f39-a0be-420e845131f6:192.168.30.30:39325, 235d8df1-b638-45e8-a9c5-4bfd9a856101:192.168.30.30:45811], old=null
2019-10-02 22:34:33,105 [af83997b-625b-464c-8c84-b76449839829@group-D99134C5E5A7-LeaderElection88] INFO  impl.LeaderElection (LeaderElection.java:askForVotes(178)) - af83997b-625b-464c-8c84-b76449839829@group-D99134C5E5A7-LeaderElection88: begin an election at term 1 for -1: [af83997b-625b-464c-8c84-b76449839829:192.168.30.30:46711, 74659b3f-c24c-4f39-a0be-420e845131f6:192.168.30.30:39325, 235d8df1-b638-45e8-a9c5-4bfd9a856101:192.168.30.30:45811], old=null
2019-10-02 22:34:33,105 [74659b3f-c24c-4f39-a0be-420e845131f6@group-D99134C5E5A7-LeaderElection87] INFO  impl.LeaderElection (LeaderElection.java:askForVotes(178)) - 74659b3f-c24c-4f39-a0be-420e845131f6@group-D99134C5E5A7-LeaderElection87: begin an election at term 1 for -1: [af83997b-625b-464c-8c84-b76449839829:192.168.30.30:46711, 74659b3f-c24c-4f39-a0be-420e845131f6:192.168.30.30:39325, 235d8df1-b638-45e8-a9c5-4bfd9a856101:192.168.30.30:45811], old=null
2019-10-02 22:34:33,106 [235d8df1-b638-45e8-a9c5-4bfd9a856101@group-D99134C5E5A7-LeaderElection86] INFO  impl.LeaderElection (LeaderElection.java:logAndReturn(56)) - 235d8df1-b638-45e8-a9c5-4bfd9a856101@group-D99134C5E5A7-LeaderElection86: Election REJECTED; received 2 response(s) [235d8df1-b638-45e8-a9c5-4bfd9a856101<-af83997b-625b-464c-8c84-b76449839829#0:FAIL-t1, 235d8df1-b638-45e8-a9c5-4bfd9a856101<-74659b3f-c24c-4f39-a0be-420e845131f6#0:FAIL-t1] and 0 exception(s); 235d8df1-b638-45e8-a9c5-4bfd9a856101@group-D99134C5E5A7:t1, leader=null, voted=235d8df1-b638-45e8-a9c5-4bfd9a856101, raftlog=235d8df1-b638-45e8-a9c5-4bfd9a856101@group-D99134C5E5A7-SegmentedRaftLog:OPENED:c-1,f-1,i0, conf=-1: [af83997b-625b-464c-8c84-b76449839829:192.168.30.30:46711, 74659b3f-c24c-4f39-a0be-420e845131f6:192.168.30.30:39325, 235d8df1-b638-45e8-a9c5-4bfd9a856101:192.168.30.30:45811], old=null
2019-10-02 22:34:33,106 [235d8df1-b638-45e8-a9c5-4bfd9a856101@group-D99134C5E5A7-LeaderElection86] INFO  impl.RaftServerImpl (RaftServerImpl.java:setRole(170)) - 235d8df1-b638-45e8-a9c5-4bfd9a856101@group-D99134C5E5A7: changes role from CANDIDATE to FOLLOWER at term 1 for DISCOVERED_A_NEW_TERM
2019-10-02 22:34:33,106 [235d8df1-b638-45e8-a9c5-4bfd9a856101@group-D99134C5E5A7-LeaderElection86] INFO  impl.RoleInfo (RoleInfo.java:shutdownLeaderElection(134)) - 235d8df1-b638-45e8-a9c5-4bfd9a856101: shutdown LeaderElection
2019-10-02 22:34:33,107 [235d8df1-b638-45e8-a9c5-4bfd9a856101@group-D99134C5E5A7-LeaderElection86] INFO  impl.RoleInfo (RoleInfo.java:updateAndGet(143)) - 235d8df1-b638-45e8-a9c5-4bfd9a856101: start FollowerState
2019-10-02 22:34:33,110 [af83997b-625b-464c-8c84-b76449839829@group-D99134C5E5A7-LeaderElection88] INFO  impl.LeaderElection (LeaderElection.java:logAndReturn(56)) - af83997b-625b-464c-8c84-b76449839829@group-D99134C5E5A7-LeaderElection88: Election REJECTED; received 2 response(s) [af83997b-625b-464c-8c84-b76449839829<-74659b3f-c24c-4f39-a0be-420e845131f6#0:FAIL-t1, af83997b-625b-464c-8c84-b76449839829<-235d8df1-b638-45e8-a9c5-4bfd9a856101#0:FAIL-t1] and 0 exception(s); af83997b-625b-464c-8c84-b76449839829@group-D99134C5E5A7:t1, leader=null, voted=af83997b-625b-464c-8c84-b76449839829, raftlog=af83997b-625b-464c-8c84-b76449839829@group-D99134C5E5A7-SegmentedRaftLog:OPENED:c-1,f-1,i0, conf=-1: [af83997b-625b-464c-8c84-b76449839829:192.168.30.30:46711, 74659b3f-c24c-4f39-a0be-420e845131f6:192.168.30.30:39325, 235d8df1-b638-45e8-a9c5-4bfd9a856101:192.168.30.30:45811], old=null
2019-10-02 22:34:33,113 [af83997b-625b-464c-8c84-b76449839829@group-D99134C5E5A7-LeaderElection88] INFO  impl.RaftServerImpl (RaftServerImpl.java:setRole(170)) - af83997b-625b-464c-8c84-b76449839829@group-D99134C5E5A7: changes role from CANDIDATE to FOLLOWER at term 1 for DISCOVERED_A_NEW_TERM
2019-10-02 22:34:33,113 [af83997b-625b-464c-8c84-b76449839829@group-D99134C5E5A7-LeaderElection88] INFO  impl.RoleInfo (RoleInfo.java:shutdownLeaderElection(134)) - af83997b-625b-464c-8c84-b76449839829: shutdown LeaderElection
2019-10-02 22:34:33,113 [74659b3f-c24c-4f39-a0be-420e845131f6@group-D99134C5E5A7-LeaderElection87] INFO  impl.LeaderElection (LeaderElection.java:logAndReturn(56)) - 74659b3f-c24c-4f39-a0be-420e845131f6@group-D99134C5E5A7-LeaderElection87: Election REJECTED; received 2 response(s) [74659b3f-c24c-4f39-a0be-420e845131f6<-af83997b-625b-464c-8c84-b76449839829#0:FAIL-t1, 74659b3f-c24c-4f39-a0be-420e845131f6<-235d8df1-b638-45e8-a9c5-4bfd9a856101#0:FAIL-t1] and 0 exception(s); 74659b3f-c24c-4f39-a0be-420e845131f6@group-D99134C5E5A7:t1, leader=null, voted=74659b3f-c24c-4f39-a0be-420e845131f6, raftlog=74659b3f-c24c-4f39-a0be-420e845131f6@group-D99134C5E5A7-SegmentedRaftLog:OPENED:c-1,f-1,i0, conf=-1: [af83997b-625b-464c-8c84-b76449839829:192.168.30.30:46711, 74659b3f-c24c-4f39-a0be-420e845131f6:192.168.30.30:39325, 235d8df1-b638-45e8-a9c5-4bfd9a856101:192.168.30.30:45811], old=null
2019-10-02 22:34:33,116 [af83997b-625b-464c-8c84-b76449839829@group-D99134C5E5A7-LeaderElection88] INFO  impl.RoleInfo (RoleInfo.java:updateAndGet(143)) - af83997b-625b-464c-8c84-b76449839829: start FollowerState
2019-10-02 22:34:33,116 [74659b3f-c24c-4f39-a0be-420e845131f6@group-D99134C5E5A7-LeaderElection87] INFO  impl.RaftServerImpl (RaftServerImpl.java:setRole(170)) - 74659b3f-c24c-4f39-a0be-420e845131f6@group-D99134C5E5A7: changes role from CANDIDATE to FOLLOWER at term 1 for DISCOVERED_A_NEW_TERM
2019-10-02 22:34:33,118 [74659b3f-c24c-4f39-a0be-420e845131f6@group-D99134C5E5A7-LeaderElection87] INFO  impl.RoleInfo (RoleInfo.java:shutdownLeaderElection(134)) - 74659b3f-c24c-4f39-a0be-420e845131f6: shutdown LeaderElection
2019-10-02 22:34:33,118 [74659b3f-c24c-4f39-a0be-420e845131f6@group-D99134C5E5A7-LeaderElection87] INFO  impl.RoleInfo (RoleInfo.java:updateAndGet(143)) - 74659b3f-c24c-4f39-a0be-420e845131f6: start FollowerState
2019-10-02 22:34:38,108 [Thread-3188] INFO  impl.FollowerState (FollowerState.java:run(108)) - 235d8df1-b638-45e8-a9c5-4bfd9a856101@group-D99134C5E5A7-FollowerState: change to CANDIDATE, lastRpcTime:5001ms, electionTimeout:5001ms
2019-10-02 22:34:38,109 [Thread-3188] INFO  impl.RoleInfo (RoleInfo.java:shutdownFollowerState(121)) - 235d8df1-b638-45e8-a9c5-4bfd9a856101: shutdown FollowerState
2019-10-02 22:34:38,109 [Thread-3188] INFO  impl.RaftServerImpl (RaftServerImpl.java:setRole(170)) - 235d8df1-b638-45e8-a9c5-4bfd9a856101@group-D99134C5E5A7: changes role from  FOLLOWER to CANDIDATE at term 1 for changeToCandidate
2019-10-02 22:34:38,109 [Thread-3188] INFO  impl.RoleInfo (RoleInfo.java:updateAndGet(143)) - 235d8df1-b638-45e8-a9c5-4bfd9a856101: start LeaderElection
2019-10-02 22:34:38,172 [235d8df1-b638-45e8-a9c5-4bfd9a856101@group-D99134C5E5A7-LeaderElection89] INFO  impl.LeaderElection (LeaderElection.java:askForVotes(178)) - 235d8df1-b638-45e8-a9c5-4bfd9a856101@group-D99134C5E5A7-LeaderElection89: begin an election at term 2 for -1: [af83997b-625b-464c-8c84-b76449839829:192.168.30.30:46711, 74659b3f-c24c-4f39-a0be-420e845131f6:192.168.30.30:39325, 235d8df1-b638-45e8-a9c5-4bfd9a856101:192.168.30.30:45811], old=null
2019-10-02 22:34:38,175 [grpc-default-executor-8] INFO  impl.RaftServerImpl (RaftServerImpl.java:setRole(170)) - af83997b-625b-464c-8c84-b76449839829@group-D99134C5E5A7: changes role from  FOLLOWER to FOLLOWER at term 2 for recognizeCandidate:235d8df1-b638-45e8-a9c5-4bfd9a856101
2019-10-02 22:34:38,175 [grpc-default-executor-13] INFO  impl.RaftServerImpl (RaftServerImpl.java:setRole(170)) - 74659b3f-c24c-4f39-a0be-420e845131f6@group-D99134C5E5A7: changes role from  FOLLOWER to FOLLOWER at term 2 for recognizeCandidate:235d8df1-b638-45e8-a9c5-4bfd9a856101
2019-10-02 22:34:38,175 [grpc-default-executor-8] INFO  impl.RoleInfo (RoleInfo.java:shutdownFollowerState(121)) - af83997b-625b-464c-8c84-b76449839829: shutdown FollowerState
2019-10-02 22:34:38,175 [grpc-default-executor-13] INFO  impl.RoleInfo (RoleInfo.java:shutdownFollowerState(121)) - 74659b3f-c24c-4f39-a0be-420e845131f6: shutdown FollowerState
2019-10-02 22:34:38,176 [Thread-3189] INFO  impl.FollowerState (FollowerState.java:run(117)) - af83997b-625b-464c-8c84-b76449839829@group-D99134C5E5A7-FollowerState was interrupted: java.lang.InterruptedException: sleep interrupted
2019-10-02 22:34:38,176 [grpc-default-executor-8] INFO  impl.RoleInfo (RoleInfo.java:updateAndGet(143)) - af83997b-625b-464c-8c84-b76449839829: start FollowerState
2019-10-02 22:34:38,176 [Thread-3190] INFO  impl.FollowerState (FollowerState.java:run(117)) - 74659b3f-c24c-4f39-a0be-420e845131f6@group-D99134C5E5A7-FollowerState was interrupted: java.lang.InterruptedException: sleep interrupted
2019-10-02 22:34:38,176 [grpc-default-executor-13] INFO  impl.RoleInfo (RoleInfo.java:updateAndGet(143)) - 74659b3f-c24c-4f39-a0be-420e845131f6: start FollowerState
2019-10-02 22:34:38,195 [235d8df1-b638-45e8-a9c5-4bfd9a856101@group-D99134C5E5A7-LeaderElection89] INFO  impl.LeaderElection (LeaderElection.java:logAndReturn(56)) - 235d8df1-b638-45e8-a9c5-4bfd9a856101@group-D99134C5E5A7-LeaderElection89: Election PASSED; received 1 response(s) [235d8df1-b638-45e8-a9c5-4bfd9a856101<-af83997b-625b-464c-8c84-b76449839829#0:OK-t2] and 0 exception(s); 235d8df1-b638-45e8-a9c5-4bfd9a856101@group-D99134C5E5A7:t2, leader=null, voted=235d8df1-b638-45e8-a9c5-4bfd9a856101, raftlog=235d8df1-b638-45e8-a9c5-4bfd9a856101@group-D99134C5E5A7-SegmentedRaftLog:OPENED:c-1,f-1,i0, conf=-1: [af83997b-625b-464c-8c84-b76449839829:192.168.30.30:46711, 74659b3f-c24c-4f39-a0be-420e845131f6:192.168.30.30:39325, 235d8df1-b638-45e8-a9c5-4bfd9a856101:192.168.30.30:45811], old=null
2019-10-02 22:34:38,195 [235d8df1-b638-45e8-a9c5-4bfd9a856101@group-D99134C5E5A7-LeaderElection89] INFO  impl.RoleInfo (RoleInfo.java:shutdownLeaderElection(134)) - 235d8df1-b638-45e8-a9c5-4bfd9a856101: shutdown LeaderElection
2019-10-02 22:34:38,195 [235d8df1-b638-45e8-a9c5-4bfd9a856101@group-D99134C5E5A7-LeaderElection89] INFO  impl.RaftServerImpl (RaftServerImpl.java:setRole(170)) - 235d8df1-b638-45e8-a9c5-4bfd9a856101@group-D99134C5E5A7: changes role from CANDIDATE to LEADER at term 2 for changeToLeader
2019-10-02 22:34:38,195 [235d8df1-b638-45e8-a9c5-4bfd9a856101@group-D99134C5E5A7-LeaderElection89] INFO  impl.RaftServerImpl (ServerState.java:setLeader(255)) - 235d8df1-b638-45e8-a9c5-4bfd9a856101@group-D99134C5E5A7: change Leader from null to 235d8df1-b638-45e8-a9c5-4bfd9a856101 at term 2 for becomeLeader, leader elected after 10225ms
2019-10-02 22:34:38,196 [235d8df1-b638-45e8-a9c5-4bfd9a856101@group-D99134C5E5A7-LeaderElection89] INFO  server.RaftServerConfigKeys (ConfUtils.java:logGet(43)) - raft.server.staging.catchup.gap = 1000 (default)
2019-10-02 22:34:38,196 [235d8df1-b638-45e8-a9c5-4bfd9a856101@group-D99134C5E5A7-LeaderElection89] INFO  server.RaftServerConfigKeys (ConfUtils.java:logGet(43)) - raft.server.rpc.sleep.time = 25ms (default)
2019-10-02 22:34:38,196 [235d8df1-b638-45e8-a9c5-4bfd9a856101@group-D99134C5E5A7-LeaderElection89] INFO  server.RaftServerConfigKeys (ConfUtils.java:logGet(43)) - raft.server.write.element-limit = 4096 (default)
2019-10-02 22:34:38,196 [235d8df1-b638-45e8-a9c5-4bfd9a856101@group-D99134C5E5A7-LeaderElection89] INFO  server.RaftServerConfigKeys (ConfUtils.java:logGet(43)) - raft.server.watch.timeout = 10s (default)
2019-10-02 22:34:38,196 [235d8df1-b638-45e8-a9c5-4bfd9a856101@group-D99134C5E5A7-LeaderElection89] INFO  server.RaftServerConfigKeys (ConfUtils.java:logGet(43)) - raft.server.watch.timeout.denomination = 1s (default)
2019-10-02 22:34:38,196 [235d8df1-b638-45e8-a9c5-4bfd9a856101@group-D99134C5E5A7-LeaderElection89] INFO  server.RaftServerConfigKeys (ConfUtils.java:logGet(43)) - raft.server.watch.element-limit = 65536 (default)
2019-10-02 22:34:38,198 [235d8df1-b638-45e8-a9c5-4bfd9a856101@group-D99134C5E5A7-LeaderElection89] INFO  server.RaftServerConfigKeys (ConfUtils.java:logGet(43)) - raft.server.log.appender.snapshot.chunk.size.max = 16MB (=16777216) (default)
2019-10-02 22:34:38,198 [235d8df1-b638-45e8-a9c5-4bfd9a856101@group-D99134C5E5A7-LeaderElection89] INFO  server.RaftServerConfigKeys (ConfUtils.java:logGet(43)) - raft.server.log.appender.buffer.byte-limit = 33554432 (custom)
2019-10-02 22:34:38,199 [235d8df1-b638-45e8-a9c5-4bfd9a856101@group-D99134C5E5A7-LeaderElection89] INFO  server.RaftServerConfigKeys (ConfUtils.java:logGet(43)) - raft.server.log.appender.buffer.element-limit = 1 (custom)
2019-10-02 22:34:38,199 [235d8df1-b638-45e8-a9c5-4bfd9a856101@group-D99134C5E5A7-LeaderElection89] INFO  grpc.GrpcConfigKeys$Server (ConfUtils.java:logGet(43)) - raft.grpc.server.leader.outstanding.appends.max = 128 (default)
2019-10-02 22:34:38,199 [235d8df1-b638-45e8-a9c5-4bfd9a856101@group-D99134C5E5A7-LeaderElection89] INFO  server.RaftServerConfigKeys (ConfUtils.java:logGet(43)) - raft.server.rpc.request.timeout = 3000ms (default)
2019-10-02 22:34:38,199 [235d8df1-b638-45e8-a9c5-4bfd9a856101@group-D99134C5E5A7-LeaderElection89] INFO  server.RaftServerConfigKeys (ConfUtils.java:logGet(43)) - raft.server.log.appender.install.snapshot.enabled = false (custom)
2019-10-02 22:34:38,199 [235d8df1-b638-45e8-a9c5-4bfd9a856101@group-D99134C5E5A7-LeaderElection89] INFO  server.RaftServerConfigKeys (ConfUtils.java:logGet(43)) - raft.server.log.appender.snapshot.chunk.size.max = 16MB (=16777216) (default)
2019-10-02 22:34:38,199 [235d8df1-b638-45e8-a9c5-4bfd9a856101@group-D99134C5E5A7-LeaderElection89] INFO  server.RaftServerConfigKeys (ConfUtils.java:logGet(43)) - raft.server.log.appender.buffer.byte-limit = 33554432 (custom)
2019-10-02 22:34:38,199 [235d8df1-b638-45e8-a9c5-4bfd9a856101@group-D99134C5E5A7-LeaderElection89] INFO  server.RaftServerConfigKeys (ConfUtils.java:logGet(43)) - raft.server.log.appender.buffer.element-limit = 1 (custom)
2019-10-02 22:34:38,199 [235d8df1-b638-45e8-a9c5-4bfd9a856101@group-D99134C5E5A7-LeaderElection89] INFO  grpc.GrpcConfigKeys$Server (ConfUtils.java:logGet(43)) - raft.grpc.server.leader.outstanding.appends.max = 128 (default)
2019-10-02 22:34:38,200 [235d8df1-b638-45e8-a9c5-4bfd9a856101@group-D99134C5E5A7-LeaderElection89] INFO  server.RaftServerConfigKeys (ConfUtils.java:logGet(43)) - raft.server.rpc.request.timeout = 3000ms (default)
2019-10-02 22:34:38,200 [235d8df1-b638-45e8-a9c5-4bfd9a856101@group-D99134C5E5A7-LeaderElection89] INFO  server.RaftServerConfigKeys (ConfUtils.java:logGet(43)) - raft.server.log.appender.install.snapshot.enabled = false (custom)
2019-10-02 22:34:38,200 [235d8df1-b638-45e8-a9c5-4bfd9a856101@group-D99134C5E5A7-LeaderElection89] INFO  impl.RoleInfo (RoleInfo.java:updateAndGet(143)) - 235d8df1-b638-45e8-a9c5-4bfd9a856101: start LeaderState
2019-10-02 22:34:38,200 [235d8df1-b638-45e8-a9c5-4bfd9a856101@group-D99134C5E5A7-LeaderElection89] INFO  segmented.SegmentedRaftLogWorker (SegmentedRaftLogWorker.java:startLogSegment(385)) - 235d8df1-b638-45e8-a9c5-4bfd9a856101@group-D99134C5E5A7-SegmentedRaftLogWorker: Starting segment from index:0
2019-10-02 22:34:38,201 [235d8df1-b638-45e8-a9c5-4bfd9a856101@group-D99134C5E5A7-LeaderElection89] INFO  impl.RaftServerImpl (ServerState.java:setRaftConf(356)) - 235d8df1-b638-45e8-a9c5-4bfd9a856101@group-D99134C5E5A7: set configuration 0: [af83997b-625b-464c-8c84-b76449839829:192.168.30.30:46711, 74659b3f-c24c-4f39-a0be-420e845131f6:192.168.30.30:39325, 235d8df1-b638-45e8-a9c5-4bfd9a856101:192.168.30.30:45811], old=null at 0
2019-10-02 22:34:38,202 [grpc-default-executor-13] INFO  impl.RaftServerImpl (ServerState.java:setLeader(255)) - 74659b3f-c24c-4f39-a0be-420e845131f6@group-D99134C5E5A7: change Leader from null to 235d8df1-b638-45e8-a9c5-4bfd9a856101 at term 2 for appendEntries, leader elected after 10232ms
2019-10-02 22:34:38,240 [grpc-default-executor-13] INFO  impl.RaftServerImpl (ServerState.java:setLeader(255)) - af83997b-625b-464c-8c84-b76449839829@group-D99134C5E5A7: change Leader from null to 235d8df1-b638-45e8-a9c5-4bfd9a856101 at term 2 for appendEntries, leader elected after 10270ms
2019-10-02 22:34:38,241 [grpc-default-executor-13] INFO  impl.RaftServerImpl (ServerState.java:setRaftConf(356)) - 74659b3f-c24c-4f39-a0be-420e845131f6@group-D99134C5E5A7: set configuration 0: [af83997b-625b-464c-8c84-b76449839829:192.168.30.30:46711, 74659b3f-c24c-4f39-a0be-420e845131f6:192.168.30.30:39325, 235d8df1-b638-45e8-a9c5-4bfd9a856101:192.168.30.30:45811], old=null at 0
2019-10-02 22:34:38,241 [grpc-default-executor-13] INFO  segmented.SegmentedRaftLogWorker (SegmentedRaftLogWorker.java:startLogSegment(385)) - 74659b3f-c24c-4f39-a0be-420e845131f6@group-D99134C5E5A7-SegmentedRaftLogWorker: Starting segment from index:0
2019-10-02 22:34:38,242 [grpc-default-executor-13] INFO  impl.RaftServerImpl (ServerState.java:setRaftConf(356)) - af83997b-625b-464c-8c84-b76449839829@group-D99134C5E5A7: set configuration 0: [af83997b-625b-464c-8c84-b76449839829:192.168.30.30:46711, 74659b3f-c24c-4f39-a0be-420e845131f6:192.168.30.30:39325, 235d8df1-b638-45e8-a9c5-4bfd9a856101:192.168.30.30:45811], old=null at 0
2019-10-02 22:34:38,242 [grpc-default-executor-13] INFO  segmented.SegmentedRaftLogWorker (SegmentedRaftLogWorker.java:startLogSegment(385)) - af83997b-625b-464c-8c84-b76449839829@group-D99134C5E5A7-SegmentedRaftLogWorker: Starting segment from index:0
2019-10-02 22:34:38,259 [235d8df1-b638-45e8-a9c5-4bfd9a856101@group-D99134C5E5A7-SegmentedRaftLogWorker] INFO  segmented.SegmentedRaftLogWorker (SegmentedRaftLogWorker.java:execute(574)) - 235d8df1-b638-45e8-a9c5-4bfd9a856101@group-D99134C5E5A7-SegmentedRaftLogWorker: created new log segment /workdir/hadoop-ozone/integration-test/target/test-dir/MiniOzoneClusterImpl-5b0c19db-6a49-40b5-ab5c-99aec8de0976/datanode-4/data/ratis/04ee62b1-66f6-4fa1-84ce-d99134c5e5a7/current/log_inprogress_0
2019-10-02 22:34:38,293 [af83997b-625b-464c-8c84-b76449839829@group-D99134C5E5A7-SegmentedRaftLogWorker] INFO  segmented.SegmentedRaftLogWorker (SegmentedRaftLogWorker.java:execute(574)) - af83997b-625b-464c-8c84-b76449839829@group-D99134C5E5A7-SegmentedRaftLogWorker: created new log segment /workdir/hadoop-ozone/integration-test/target/test-dir/MiniOzoneClusterImpl-5b0c19db-6a49-40b5-ab5c-99aec8de0976/datanode-6/data/ratis/04ee62b1-66f6-4fa1-84ce-d99134c5e5a7/current/log_inprogress_0
2019-10-02 22:34:38,293 [74659b3f-c24c-4f39-a0be-420e845131f6@group-D99134C5E5A7-SegmentedRaftLogWorker] INFO  segmented.SegmentedRaftLogWorker (SegmentedRaftLogWorker.java:execute(574)) - 74659b3f-c24c-4f39-a0be-420e845131f6@group-D99134C5E5A7-SegmentedRaftLogWorker: created new log segment /workdir/hadoop-ozone/integration-test/target/test-dir/MiniOzoneClusterImpl-5b0c19db-6a49-40b5-ab5c-99aec8de0976/datanode-3/data/ratis/04ee62b1-66f6-4fa1-84ce-d99134c5e5a7/current/log_inprogress_0
2019-10-02 22:34:40,068 [Datanode State Machine Thread - 0] INFO  statemachine.DatanodeStateMachine (DatanodeStateMachine.java:lambda$startDaemon$0(350)) - Ozone container server started.
2019-10-02 22:34:44,101 [EventQueue-StaleNodeForStaleNodeHandler] INFO  node.StaleNodeHandler (StaleNodeHandler.java:onMessage(58)) - Datanode 235d8df1-b638-45e8-a9c5-4bfd9a856101{ip: 192.168.30.30, host: pr-hdds1737-lts7z-2510321508, networkLocation: /default-rack, certSerialId: null} moved to stale state. Finalizing its pipelines [PipelineID=b93b86ef-48a8-4bb5-800e-0f8a927dc4d0, PipelineID=04ee62b1-66f6-4fa1-84ce-d99134c5e5a7]
2019-10-02 22:34:44,102 [EventQueue-StaleNodeForStaleNodeHandler] INFO  pipeline.SCMPipelineManager (SCMPipelineManager.java:finalizeAndDestroyPipeline(315)) - destroying pipeline:Pipeline[ Id: b93b86ef-48a8-4bb5-800e-0f8a927dc4d0, Nodes: 235d8df1-b638-45e8-a9c5-4bfd9a856101{ip: 192.168.30.30, host: pr-hdds1737-lts7z-2510321508, networkLocation: /default-rack, certSerialId: null}, Type:RATIS, Factor:ONE, State:OPEN]
2019-10-02 22:34:44,103 [EventQueue-StaleNodeForStaleNodeHandler] INFO  pipeline.PipelineStateManager (PipelineStateManager.java:finalizePipeline(123)) - Pipeline Pipeline[ Id: b93b86ef-48a8-4bb5-800e-0f8a927dc4d0, Nodes: 235d8df1-b638-45e8-a9c5-4bfd9a856101{ip: 192.168.30.30, host: pr-hdds1737-lts7z-2510321508, networkLocation: /default-rack, certSerialId: null}, Type:RATIS, Factor:ONE, State:CLOSED] moved to CLOSED state
2019-10-02 22:34:44,103 [EventQueue-StaleNodeForStaleNodeHandler] INFO  pipeline.SCMPipelineManager (SCMPipelineManager.java:finalizeAndDestroyPipeline(315)) - destroying pipeline:Pipeline[ Id: 04ee62b1-66f6-4fa1-84ce-d99134c5e5a7, Nodes: 235d8df1-b638-45e8-a9c5-4bfd9a856101{ip: 192.168.30.30, host: pr-hdds1737-lts7z-2510321508, networkLocation: /default-rack, certSerialId: null}af83997b-625b-464c-8c84-b76449839829{ip: 192.168.30.30, host: pr-hdds1737-lts7z-2510321508, networkLocation: /default-rack, certSerialId: null}74659b3f-c24c-4f39-a0be-420e845131f6{ip: 192.168.30.30, host: pr-hdds1737-lts7z-2510321508, networkLocation: /default-rack, certSerialId: null}, Type:RATIS, Factor:THREE, State:OPEN]
2019-10-02 22:34:44,103 [EventQueue-StaleNodeForStaleNodeHandler] INFO  pipeline.PipelineStateManager (PipelineStateManager.java:finalizePipeline(123)) - Pipeline Pipeline[ Id: 04ee62b1-66f6-4fa1-84ce-d99134c5e5a7, Nodes: 235d8df1-b638-45e8-a9c5-4bfd9a856101{ip: 192.168.30.30, host: pr-hdds1737-lts7z-2510321508, networkLocation: /default-rack, certSerialId: null}af83997b-625b-464c-8c84-b76449839829{ip: 192.168.30.30, host: pr-hdds1737-lts7z-2510321508, networkLocation: /default-rack, certSerialId: null}74659b3f-c24c-4f39-a0be-420e845131f6{ip: 192.168.30.30, host: pr-hdds1737-lts7z-2510321508, networkLocation: /default-rack, certSerialId: null}, Type:RATIS, Factor:THREE, State:CLOSED] moved to CLOSED state
2019-10-02 22:34:44,104 [EventQueue-CloseContainerForCloseContainerEventHandler] INFO  container.CloseContainerEventHandler (CloseContainerEventHandler.java:onMessage(61)) - Close container Event triggered for container : #1
2019-10-02 22:34:44,465 [main] INFO  ozoneimpl.OzoneContainer (OzoneContainer.java:stop(231)) - Attempting to stop container services.
2019-10-02 22:34:44,469 [main] INFO  impl.RaftServerProxy (RaftServerProxy.java:lambda$close$4(314)) - 235d8df1-b638-45e8-a9c5-4bfd9a856101: close
2019-10-02 22:34:44,470 [main] INFO  impl.RaftServerImpl (RaftServerImpl.java:lambda$shutdown$3(247)) - 235d8df1-b638-45e8-a9c5-4bfd9a856101@group-0F8A927DC4D0: shutdown
2019-10-02 22:34:44,471 [main] INFO  util.JmxRegister (JmxRegister.java:unregister(73)) - Successfully un-registered JMX Bean with object name Ratis:service=RaftServer,group=group-0F8A927DC4D0,id=235d8df1-b638-45e8-a9c5-4bfd9a856101
2019-10-02 22:34:44,471 [main] INFO  impl.RoleInfo (RoleInfo.java:shutdownLeaderState(104)) - 235d8df1-b638-45e8-a9c5-4bfd9a856101: shutdown LeaderState
2019-10-02 22:34:44,472 [main] INFO  impl.PendingRequests (PendingRequests.java:sendNotLeaderResponses(202)) - 235d8df1-b638-45e8-a9c5-4bfd9a856101@group-0F8A927DC4D0-PendingRequests: sendNotLeaderResponses
2019-10-02 22:34:44,473 [main] INFO  impl.StateMachineUpdater (StateMachineUpdater.java:stopAndJoin(136)) - 235d8df1-b638-45e8-a9c5-4bfd9a856101@group-0F8A927DC4D0-StateMachineUpdater: set stopIndex = 0
2019-10-02 22:34:44,473 [main] INFO  impl.RaftServerImpl (ServerState.java:close(387)) - 235d8df1-b638-45e8-a9c5-4bfd9a856101@group-0F8A927DC4D0: closes. applyIndex: 0
2019-10-02 22:34:44,474 [235d8df1-b638-45e8-a9c5-4bfd9a856101@group-0F8A927DC4D0-SegmentedRaftLogWorker] INFO  segmented.SegmentedRaftLogWorker (SegmentedRaftLogWorker.java:run(316)) - 235d8df1-b638-45e8-a9c5-4bfd9a856101@group-0F8A927DC4D0-SegmentedRaftLogWorker was interrupted, exiting. There are 0 tasks remaining in the queue.
2019-10-02 22:34:44,476 [main] INFO  segmented.SegmentedRaftLogWorker (SegmentedRaftLogWorker.java:close(224)) - 235d8df1-b638-45e8-a9c5-4bfd9a856101@group-0F8A927DC4D0-SegmentedRaftLogWorker close()
2019-10-02 22:34:44,480 [main] INFO  impl.RaftServerImpl (RaftServerImpl.java:lambda$shutdown$3(247)) - 235d8df1-b638-45e8-a9c5-4bfd9a856101@group-D99134C5E5A7: shutdown
2019-10-02 22:34:44,480 [main] INFO  util.JmxRegister (JmxRegister.java:unregister(73)) - Successfully un-registered JMX Bean with object name Ratis:service=RaftServer,group=group-D99134C5E5A7,id=235d8df1-b638-45e8-a9c5-4bfd9a856101
2019-10-02 22:34:44,480 [main] INFO  impl.RoleInfo (RoleInfo.java:shutdownLeaderState(104)) - 235d8df1-b638-45e8-a9c5-4bfd9a856101: shutdown LeaderState
2019-10-02 22:34:44,484 [main] INFO  impl.PendingRequests (PendingRequests.java:sendNotLeaderResponses(202)) - 235d8df1-b638-45e8-a9c5-4bfd9a856101@group-D99134C5E5A7-PendingRequests: sendNotLeaderResponses
2019-10-02 22:34:44,484 [org.apache.ratis.server.impl.LogAppender$AppenderDaemon$$Lambda$528/229449839@52dbe42c] WARN  server.GrpcLogAppender (GrpcLogAppender.java:mayWait(143)) - 235d8df1-b638-45e8-a9c5-4bfd9a856101@group-D99134C5E5A7->af83997b-625b-464c-8c84-b76449839829-GrpcLogAppender: Wait interrupted by java.lang.InterruptedException
2019-10-02 22:34:44,484 [org.apache.ratis.server.impl.LogAppender$AppenderDaemon$$Lambda$528/229449839@4771caaf] WARN  server.GrpcLogAppender (GrpcLogAppender.java:mayWait(143)) - 235d8df1-b638-45e8-a9c5-4bfd9a856101@group-D99134C5E5A7->74659b3f-c24c-4f39-a0be-420e845131f6-GrpcLogAppender: Wait interrupted by java.lang.InterruptedException
2019-10-02 22:34:44,489 [main] INFO  impl.StateMachineUpdater (StateMachineUpdater.java:stopAndJoin(136)) - 235d8df1-b638-45e8-a9c5-4bfd9a856101@group-D99134C5E5A7-StateMachineUpdater: set stopIndex = 16
2019-10-02 22:34:44,489 [grpc-default-executor-2] INFO  server.GrpcServerProtocolService (GrpcServerProtocolService.java:onCompleted(113)) - af83997b-625b-464c-8c84-b76449839829: Completed APPEND_ENTRIES, lastRequest: 235d8df1-b638-45e8-a9c5-4bfd9a856101->af83997b-625b-464c-8c84-b76449839829#19-t2, previous=(t:2, i:16), leaderCommit=16, initializing? false, entries: <empty>
2019-10-02 22:34:44,489 [235d8df1-b638-45e8-a9c5-4bfd9a856101@group-D99134C5E5A7-StateMachineUpdater] INFO  ratis.ContainerStateMachine (ContainerStateMachine.java:takeSnapshot(289)) - group-D99134C5E5A7: Taking a snapshot at:(t:2, i:14) file /workdir/hadoop-ozone/integration-test/target/test-dir/MiniOzoneClusterImpl-5b0c19db-6a49-40b5-ab5c-99aec8de0976/datanode-4/data/ratis/04ee62b1-66f6-4fa1-84ce-d99134c5e5a7/sm/snapshot.2_14
2019-10-02 22:34:44,489 [grpc-default-executor-13] INFO  server.GrpcServerProtocolService (GrpcServerProtocolService.java:onCompleted(113)) - 74659b3f-c24c-4f39-a0be-420e845131f6: Completed APPEND_ENTRIES, lastRequest: 235d8df1-b638-45e8-a9c5-4bfd9a856101->74659b3f-c24c-4f39-a0be-420e845131f6#19-t2, previous=(t:2, i:16), leaderCommit=16, initializing? false, entries: <empty>
2019-10-02 22:34:44,490 [grpc-default-executor-2] INFO  server.GrpcLogAppender (GrpcLogAppender.java:onCompleted(293)) - 235d8df1-b638-45e8-a9c5-4bfd9a856101@group-D99134C5E5A7->af83997b-625b-464c-8c84-b76449839829-AppendLogResponseHandler: follower responses appendEntries COMPLETED
2019-10-02 22:34:44,490 [grpc-default-executor-13] INFO  server.GrpcLogAppender (GrpcLogAppender.java:onCompleted(293)) - 235d8df1-b638-45e8-a9c5-4bfd9a856101@group-D99134C5E5A7->74659b3f-c24c-4f39-a0be-420e845131f6-AppendLogResponseHandler: follower responses appendEntries COMPLETED
2019-10-02 22:34:44,491 [grpc-default-executor-2] INFO  impl.FollowerInfo (FollowerInfo.java:lambda$new$0(51)) - 235d8df1-b638-45e8-a9c5-4bfd9a856101@group-D99134C5E5A7->af83997b-625b-464c-8c84-b76449839829: nextIndex: updateUnconditionally 17 -> 16
2019-10-02 22:34:44,492 [grpc-default-executor-13] INFO  impl.FollowerInfo (FollowerInfo.java:lambda$new$0(51)) - 235d8df1-b638-45e8-a9c5-4bfd9a856101@group-D99134C5E5A7->74659b3f-c24c-4f39-a0be-420e845131f6: nextIndex: updateUnconditionally 17 -> 16
2019-10-02 22:34:44,511 [235d8df1-b638-45e8-a9c5-4bfd9a856101@group-D99134C5E5A7-StateMachineUpdater] INFO  ratis.ContainerStateMachine (ContainerStateMachine.java:takeSnapshot(300)) - group-D99134C5E5A7: Finished taking a snapshot at:(t:2, i:14) file:/workdir/hadoop-ozone/integration-test/target/test-dir/MiniOzoneClusterImpl-5b0c19db-6a49-40b5-ab5c-99aec8de0976/datanode-4/data/ratis/04ee62b1-66f6-4fa1-84ce-d99134c5e5a7/sm/snapshot.2_14 time:22
2019-10-02 22:34:44,511 [235d8df1-b638-45e8-a9c5-4bfd9a856101@group-D99134C5E5A7-StateMachineUpdater] INFO  impl.StateMachineUpdater (StateMachineUpdater.java:takeSnapshot(269)) - 235d8df1-b638-45e8-a9c5-4bfd9a856101@group-D99134C5E5A7-StateMachineUpdater: Took a snapshot at index 14
2019-10-02 22:34:44,512 [235d8df1-b638-45e8-a9c5-4bfd9a856101@group-D99134C5E5A7-StateMachineUpdater] INFO  impl.StateMachineUpdater (StateMachineUpdater.java:lambda$new$0(84)) - 235d8df1-b638-45e8-a9c5-4bfd9a856101@group-D99134C5E5A7-StateMachineUpdater: snapshotIndex: updateIncreasingly -1 -> 14
2019-10-02 22:34:44,512 [235d8df1-b638-45e8-a9c5-4bfd9a856101@group-D99134C5E5A7-StateMachineUpdater] INFO  ratis.ContainerStateMachine (ContainerStateMachine.java:takeSnapshot(289)) - group-D99134C5E5A7: Taking a snapshot at:(t:2, i:14) file /workdir/hadoop-ozone/integration-test/target/test-dir/MiniOzoneClusterImpl-5b0c19db-6a49-40b5-ab5c-99aec8de0976/datanode-4/data/ratis/04ee62b1-66f6-4fa1-84ce-d99134c5e5a7/sm/snapshot.2_14
2019-10-02 22:34:44,534 [235d8df1-b638-45e8-a9c5-4bfd9a856101@group-D99134C5E5A7-StateMachineUpdater] INFO  ratis.ContainerStateMachine (ContainerStateMachine.java:takeSnapshot(300)) - group-D99134C5E5A7: Finished taking a snapshot at:(t:2, i:14) file:/workdir/hadoop-ozone/integration-test/target/test-dir/MiniOzoneClusterImpl-5b0c19db-6a49-40b5-ab5c-99aec8de0976/datanode-4/data/ratis/04ee62b1-66f6-4fa1-84ce-d99134c5e5a7/sm/snapshot.2_14 time:22
2019-10-02 22:34:44,534 [235d8df1-b638-45e8-a9c5-4bfd9a856101@group-D99134C5E5A7-StateMachineUpdater] INFO  impl.StateMachineUpdater (StateMachineUpdater.java:takeSnapshot(269)) - 235d8df1-b638-45e8-a9c5-4bfd9a856101@group-D99134C5E5A7-StateMachineUpdater: Took a snapshot at index 14
2019-10-02 22:34:44,534 [235d8df1-b638-45e8-a9c5-4bfd9a856101@group-D99134C5E5A7-StateMachineUpdater] INFO  impl.StateMachineUpdater (StateMachineUpdater.java:lambda$new$0(84)) - 235d8df1-b638-45e8-a9c5-4bfd9a856101@group-D99134C5E5A7-StateMachineUpdater: snapshotIndex: updateIncreasingly 14 -> 14
2019-10-02 22:34:44,534 [main] INFO  impl.RaftServerImpl (ServerState.java:close(387)) - 235d8df1-b638-45e8-a9c5-4bfd9a856101@group-D99134C5E5A7: closes. applyIndex: 16
2019-10-02 22:34:44,535 [235d8df1-b638-45e8-a9c5-4bfd9a856101@group-D99134C5E5A7-SegmentedRaftLogWorker] INFO  segmented.SegmentedRaftLogWorker (SegmentedRaftLogWorker.java:run(316)) - 235d8df1-b638-45e8-a9c5-4bfd9a856101@group-D99134C5E5A7-SegmentedRaftLogWorker was interrupted, exiting. There are 0 tasks remaining in the queue.
2019-10-02 22:34:44,537 [main] INFO  segmented.SegmentedRaftLogWorker (SegmentedRaftLogWorker.java:close(224)) - 235d8df1-b638-45e8-a9c5-4bfd9a856101@group-D99134C5E5A7-SegmentedRaftLogWorker close()
2019-10-02 22:34:44,541 [main] INFO  server.GrpcService (GrpcService.java:closeImpl(164)) - 235d8df1-b638-45e8-a9c5-4bfd9a856101: shutdown server with port 45811 now
2019-10-02 22:34:44,542 [grpc-default-executor-2] WARN  client.GrpcClientProtocolService (LogUtils.java:warn(134)) - 4-UnorderedRequestStreamObserver4: onError: org.apache.ratis.thirdparty.io.grpc.StatusRuntimeException: CANCELLED: cancelled before receiving half close
2019-10-02 22:34:44,544 [main] INFO  server.GrpcService (GrpcService.java:closeImpl(172)) - 235d8df1-b638-45e8-a9c5-4bfd9a856101: shutdown server with port 45811 successfully
2019-10-02 22:34:44,550 [refreshUsed-/workdir/hadoop-ozone/integration-test/target/test-dir/MiniOzoneClusterImpl-5b0c19db-6a49-40b5-ab5c-99aec8de0976/datanode-4/data/containers] WARN  fs.CachingGetSpaceUsed (CachingGetSpaceUsed.java:run(183)) - Thread Interrupted waiting to refresh disk information: sleep interrupted
2019-10-02 22:34:44,562 [main] INFO  utils.BackgroundService (BackgroundService.java:shutdown(148)) - Shutting down service BlockDeletingService
2019-10-02 22:34:44,568 [main] INFO  statemachine.DatanodeStateMachine (DatanodeStateMachine.java:stopDaemon(395)) - Ozone container server stopped.
2019-10-02 22:34:53,514 [Thread-3208] INFO  impl.FollowerState (FollowerState.java:run(108)) - af83997b-625b-464c-8c84-b76449839829@group-D99134C5E5A7-FollowerState: change to CANDIDATE, lastRpcTime:9044ms, electionTimeout:5093ms
2019-10-02 22:34:53,515 [Thread-3208] INFO  impl.RoleInfo (RoleInfo.java:shutdownFollowerState(121)) - af83997b-625b-464c-8c84-b76449839829: shutdown FollowerState
2019-10-02 22:34:53,515 [Thread-3208] INFO  impl.RaftServerImpl (RaftServerImpl.java:setRole(170)) - af83997b-625b-464c-8c84-b76449839829@group-D99134C5E5A7: changes role from  FOLLOWER to CANDIDATE at term 2 for changeToCandidate
2019-10-02 22:34:53,515 [Thread-3208] INFO  impl.RoleInfo (RoleInfo.java:updateAndGet(143)) - af83997b-625b-464c-8c84-b76449839829: start LeaderElection
2019-10-02 22:34:53,521 [af83997b-625b-464c-8c84-b76449839829@group-D99134C5E5A7-LeaderElection90] INFO  impl.RaftServerImpl (ServerState.java:setLeader(255)) - af83997b-625b-464c-8c84-b76449839829@group-D99134C5E5A7: change Leader from 235d8df1-b638-45e8-a9c5-4bfd9a856101 to null at term 2 for initElection
2019-10-02 22:34:53,536 [af83997b-625b-464c-8c84-b76449839829@group-D99134C5E5A7-LeaderElection90] INFO  impl.LeaderElection (LeaderElection.java:askForVotes(178)) - af83997b-625b-464c-8c84-b76449839829@group-D99134C5E5A7-LeaderElection90: begin an election at term 3 for 0: [af83997b-625b-464c-8c84-b76449839829:192.168.30.30:46711, 74659b3f-c24c-4f39-a0be-420e845131f6:192.168.30.30:39325, 235d8df1-b638-45e8-a9c5-4bfd9a856101:192.168.30.30:45811], old=null
2019-10-02 22:34:53,541 [grpc-default-executor-8] INFO  impl.RaftServerImpl (ServerState.java:setLeader(255)) - 74659b3f-c24c-4f39-a0be-420e845131f6@group-D99134C5E5A7: change Leader from 235d8df1-b638-45e8-a9c5-4bfd9a856101 to null at term 3 for updateCurrentTerm
2019-10-02 22:34:53,542 [grpc-default-executor-8] INFO  impl.RaftServerImpl (RaftServerImpl.java:setRole(170)) - 74659b3f-c24c-4f39-a0be-420e845131f6@group-D99134C5E5A7: changes role from  FOLLOWER to FOLLOWER at term 3 for recognizeCandidate:af83997b-625b-464c-8c84-b76449839829
2019-10-02 22:34:53,542 [grpc-default-executor-8] INFO  impl.RoleInfo (RoleInfo.java:shutdownFollowerState(121)) - 74659b3f-c24c-4f39-a0be-420e845131f6: shutdown FollowerState
2019-10-02 22:34:53,542 [grpc-default-executor-8] INFO  impl.RoleInfo (RoleInfo.java:updateAndGet(143)) - 74659b3f-c24c-4f39-a0be-420e845131f6: start FollowerState
2019-10-02 22:34:53,542 [Thread-3209] INFO  impl.FollowerState (FollowerState.java:run(117)) - 74659b3f-c24c-4f39-a0be-420e845131f6@group-D99134C5E5A7-FollowerState was interrupted: java.lang.InterruptedException: sleep interrupted
2019-10-02 22:34:53,563 [af83997b-625b-464c-8c84-b76449839829@group-D99134C5E5A7-LeaderElection90] INFO  impl.LeaderElection (LogUtils.java:infoOrTrace(149)) - af83997b-625b-464c-8c84-b76449839829@group-D99134C5E5A7-LeaderElection90 got exception when requesting votes: {}
java.util.concurrent.ExecutionException: org.apache.ratis.thirdparty.io.grpc.StatusRuntimeException: UNAVAILABLE: io exception
	at java.util.concurrent.FutureTask.report(FutureTask.java:122)
	at java.util.concurrent.FutureTask.get(FutureTask.java:192)
	at org.apache.ratis.server.impl.LeaderElection.waitForResults(LeaderElection.java:259)
	at org.apache.ratis.server.impl.LeaderElection.askForVotes(LeaderElection.java:197)
	at org.apache.ratis.server.impl.LeaderElection.run(LeaderElection.java:133)
	at java.lang.Thread.run(Thread.java:748)
Caused by: org.apache.ratis.thirdparty.io.grpc.StatusRuntimeException: UNAVAILABLE: io exception
	at org.apache.ratis.thirdparty.io.grpc.stub.ClientCalls.toStatusRuntimeException(ClientCalls.java:233)
	at org.apache.ratis.thirdparty.io.grpc.stub.ClientCalls.getUnchecked(ClientCalls.java:214)
	at org.apache.ratis.thirdparty.io.grpc.stub.ClientCalls.blockingUnaryCall(ClientCalls.java:139)
	at org.apache.ratis.proto.grpc.RaftServerProtocolServiceGrpc$RaftServerProtocolServiceBlockingStub.requestVote(RaftServerProtocolServiceGrpc.java:265)
	at org.apache.ratis.grpc.server.GrpcServerProtocolClient.requestVote(GrpcServerProtocolClient.java:99)
	at org.apache.ratis.grpc.server.GrpcService.requestVote(GrpcService.java:204)
	at org.apache.ratis.server.impl.LeaderElection.lambda$submitRequests$1(LeaderElection.java:234)
	at java.util.concurrent.FutureTask.run(FutureTask.java:266)
	at java.util.concurrent.Executors$RunnableAdapter.call(Executors.java:511)
	at java.util.concurrent.FutureTask.run(FutureTask.java:266)
	at java.util.concurrent.ThreadPoolExecutor.runWorker(ThreadPoolExecutor.java:1149)
	at java.util.concurrent.ThreadPoolExecutor$Worker.run(ThreadPoolExecutor.java:624)
	... 1 more
Caused by: org.apache.ratis.thirdparty.io.netty.channel.AbstractChannel$AnnotatedConnectException: Connection refused: /192.168.30.30:45811
	at sun.nio.ch.SocketChannelImpl.checkConnect(Native Method)
	at sun.nio.ch.SocketChannelImpl.finishConnect(SocketChannelImpl.java:717)
	at org.apache.ratis.thirdparty.io.netty.channel.socket.nio.NioSocketChannel.doFinishConnect(NioSocketChannel.java:327)
	at org.apache.ratis.thirdparty.io.netty.channel.nio.AbstractNioChannel$AbstractNioUnsafe.finishConnect(AbstractNioChannel.java:340)
	at org.apache.ratis.thirdparty.io.netty.channel.nio.NioEventLoop.processSelectedKey(NioEventLoop.java:632)
	at org.apache.ratis.thirdparty.io.netty.channel.nio.NioEventLoop.processSelectedKeysOptimized(NioEventLoop.java:579)
	at org.apache.ratis.thirdparty.io.netty.channel.nio.NioEventLoop.processSelectedKeys(NioEventLoop.java:496)
	at org.apache.ratis.thirdparty.io.netty.channel.nio.NioEventLoop.run(NioEventLoop.java:458)
	at org.apache.ratis.thirdparty.io.netty.util.concurrent.SingleThreadEventExecutor$5.run(SingleThreadEventExecutor.java:897)
	at org.apache.ratis.thirdparty.io.netty.util.concurrent.FastThreadLocalRunnable.run(FastThreadLocalRunnable.java:30)
	... 1 more
Caused by: java.net.ConnectException: Connection refused
	... 11 more
2019-10-02 22:34:53,580 [af83997b-625b-464c-8c84-b76449839829@group-D99134C5E5A7-LeaderElection90] INFO  impl.LeaderElection (LeaderElection.java:logAndReturn(56)) - af83997b-625b-464c-8c84-b76449839829@group-D99134C5E5A7-LeaderElection90: Election PASSED; received 1 response(s) [af83997b-625b-464c-8c84-b76449839829<-74659b3f-c24c-4f39-a0be-420e845131f6#0:OK-t3] and 1 exception(s); af83997b-625b-464c-8c84-b76449839829@group-D99134C5E5A7:t3, leader=null, voted=af83997b-625b-464c-8c84-b76449839829, raftlog=af83997b-625b-464c-8c84-b76449839829@group-D99134C5E5A7-SegmentedRaftLog:OPENED:c16,f16,i16, conf=0: [af83997b-625b-464c-8c84-b76449839829:192.168.30.30:46711, 74659b3f-c24c-4f39-a0be-420e845131f6:192.168.30.30:39325, 235d8df1-b638-45e8-a9c5-4bfd9a856101:192.168.30.30:45811], old=null
2019-10-02 22:34:53,580 [af83997b-625b-464c-8c84-b76449839829@group-D99134C5E5A7-LeaderElection90] INFO  impl.LeaderElection (LogUtils.java:infoOrTrace(149)) -   Exception 0: {}
java.util.concurrent.ExecutionException: org.apache.ratis.thirdparty.io.grpc.StatusRuntimeException: UNAVAILABLE: io exception
	at java.util.concurrent.FutureTask.report(FutureTask.java:122)
	at java.util.concurrent.FutureTask.get(FutureTask.java:192)
	at org.apache.ratis.server.impl.LeaderElection.waitForResults(LeaderElection.java:259)
	at org.apache.ratis.server.impl.LeaderElection.askForVotes(LeaderElection.java:197)
	at org.apache.ratis.server.impl.LeaderElection.run(LeaderElection.java:133)
	at java.lang.Thread.run(Thread.java:748)
Caused by: org.apache.ratis.thirdparty.io.grpc.StatusRuntimeException: UNAVAILABLE: io exception
	at org.apache.ratis.thirdparty.io.grpc.stub.ClientCalls.toStatusRuntimeException(ClientCalls.java:233)
	at org.apache.ratis.thirdparty.io.grpc.stub.ClientCalls.getUnchecked(ClientCalls.java:214)
	at org.apache.ratis.thirdparty.io.grpc.stub.ClientCalls.blockingUnaryCall(ClientCalls.java:139)
	at org.apache.ratis.proto.grpc.RaftServerProtocolServiceGrpc$RaftServerProtocolServiceBlockingStub.requestVote(RaftServerProtocolServiceGrpc.java:265)
	at org.apache.ratis.grpc.server.GrpcServerProtocolClient.requestVote(GrpcServerProtocolClient.java:99)
	at org.apache.ratis.grpc.server.GrpcService.requestVote(GrpcService.java:204)
	at org.apache.ratis.server.impl.LeaderElection.lambda$submitRequests$1(LeaderElection.java:234)
	at java.util.concurrent.FutureTask.run(FutureTask.java:266)
	at java.util.concurrent.Executors$RunnableAdapter.call(Executors.java:511)
	at java.util.concurrent.FutureTask.run(FutureTask.java:266)
	at java.util.concurrent.ThreadPoolExecutor.runWorker(ThreadPoolExecutor.java:1149)
	at java.util.concurrent.ThreadPoolExecutor$Worker.run(ThreadPoolExecutor.java:624)
	... 1 more
Caused by: org.apache.ratis.thirdparty.io.netty.channel.AbstractChannel$AnnotatedConnectException: Connection refused: /192.168.30.30:45811
	at sun.nio.ch.SocketChannelImpl.checkConnect(Native Method)
	at sun.nio.ch.SocketChannelImpl.finishConnect(SocketChannelImpl.java:717)
	at org.apache.ratis.thirdparty.io.netty.channel.socket.nio.NioSocketChannel.doFinishConnect(NioSocketChannel.java:327)
	at org.apache.ratis.thirdparty.io.netty.channel.nio.AbstractNioChannel$AbstractNioUnsafe.finishConnect(AbstractNioChannel.java:340)
	at org.apache.ratis.thirdparty.io.netty.channel.nio.NioEventLoop.processSelectedKey(NioEventLoop.java:632)
	at org.apache.ratis.thirdparty.io.netty.channel.nio.NioEventLoop.processSelectedKeysOptimized(NioEventLoop.java:579)
	at org.apache.ratis.thirdparty.io.netty.channel.nio.NioEventLoop.processSelectedKeys(NioEventLoop.java:496)
	at org.apache.ratis.thirdparty.io.netty.channel.nio.NioEventLoop.run(NioEventLoop.java:458)
	at org.apache.ratis.thirdparty.io.netty.util.concurrent.SingleThreadEventExecutor$5.run(SingleThreadEventExecutor.java:897)
	at org.apache.ratis.thirdparty.io.netty.util.concurrent.FastThreadLocalRunnable.run(FastThreadLocalRunnable.java:30)
	... 1 more
Caused by: java.net.ConnectException: Connection refused
	... 11 more
2019-10-02 22:34:53,580 [af83997b-625b-464c-8c84-b76449839829@group-D99134C5E5A7-LeaderElection90] INFO  impl.RoleInfo (RoleInfo.java:shutdownLeaderElection(134)) - af83997b-625b-464c-8c84-b76449839829: shutdown LeaderElection
2019-10-02 22:34:53,581 [af83997b-625b-464c-8c84-b76449839829@group-D99134C5E5A7-LeaderElection90] INFO  impl.RaftServerImpl (RaftServerImpl.java:setRole(170)) - af83997b-625b-464c-8c84-b76449839829@group-D99134C5E5A7: changes role from CANDIDATE to LEADER at term 3 for changeToLeader
2019-10-02 22:34:53,581 [af83997b-625b-464c-8c84-b76449839829@group-D99134C5E5A7-LeaderElection90] INFO  impl.RaftServerImpl (ServerState.java:setLeader(255)) - af83997b-625b-464c-8c84-b76449839829@group-D99134C5E5A7: change Leader from null to af83997b-625b-464c-8c84-b76449839829 at term 3 for becomeLeader, leader elected after 59ms
2019-10-02 22:34:53,581 [af83997b-625b-464c-8c84-b76449839829@group-D99134C5E5A7-LeaderElection90] INFO  server.RaftServerConfigKeys (ConfUtils.java:logGet(43)) - raft.server.staging.catchup.gap = 1000 (default)
2019-10-02 22:34:53,581 [af83997b-625b-464c-8c84-b76449839829@group-D99134C5E5A7-LeaderElection90] INFO  server.RaftServerConfigKeys (ConfUtils.java:logGet(43)) - raft.server.rpc.sleep.time = 25ms (default)
2019-10-02 22:34:53,581 [af83997b-625b-464c-8c84-b76449839829@group-D99134C5E5A7-LeaderElection90] INFO  server.RaftServerConfigKeys (ConfUtils.java:logGet(43)) - raft.server.write.element-limit = 4096 (default)
2019-10-02 22:34:53,581 [af83997b-625b-464c-8c84-b76449839829@group-D99134C5E5A7-LeaderElection90] INFO  server.RaftServerConfigKeys (ConfUtils.java:logGet(43)) - raft.server.watch.timeout = 10s (default)
2019-10-02 22:34:53,582 [af83997b-625b-464c-8c84-b76449839829@group-D99134C5E5A7-LeaderElection90] INFO  server.RaftServerConfigKeys (ConfUtils.java:logGet(43)) - raft.server.watch.timeout.denomination = 1s (default)
2019-10-02 22:34:53,582 [af83997b-625b-464c-8c84-b76449839829@group-D99134C5E5A7-LeaderElection90] INFO  server.RaftServerConfigKeys (ConfUtils.java:logGet(43)) - raft.server.watch.element-limit = 65536 (default)
2019-10-02 22:34:53,585 [af83997b-625b-464c-8c84-b76449839829@group-D99134C5E5A7-LeaderElection90] INFO  server.RaftServerConfigKeys (ConfUtils.java:logGet(43)) - raft.server.log.appender.snapshot.chunk.size.max = 16MB (=16777216) (default)
2019-10-02 22:34:53,585 [af83997b-625b-464c-8c84-b76449839829@group-D99134C5E5A7-LeaderElection90] INFO  server.RaftServerConfigKeys (ConfUtils.java:logGet(43)) - raft.server.log.appender.buffer.byte-limit = 33554432 (custom)
2019-10-02 22:34:53,585 [af83997b-625b-464c-8c84-b76449839829@group-D99134C5E5A7-LeaderElection90] INFO  server.RaftServerConfigKeys (ConfUtils.java:logGet(43)) - raft.server.log.appender.buffer.element-limit = 1 (custom)
2019-10-02 22:34:53,585 [af83997b-625b-464c-8c84-b76449839829@group-D99134C5E5A7-LeaderElection90] INFO  grpc.GrpcConfigKeys$Server (ConfUtils.java:logGet(43)) - raft.grpc.server.leader.outstanding.appends.max = 128 (default)
2019-10-02 22:34:53,585 [af83997b-625b-464c-8c84-b76449839829@group-D99134C5E5A7-LeaderElection90] INFO  server.RaftServerConfigKeys (ConfUtils.java:logGet(43)) - raft.server.rpc.request.timeout = 3000ms (default)
2019-10-02 22:34:53,585 [af83997b-625b-464c-8c84-b76449839829@group-D99134C5E5A7-LeaderElection90] INFO  server.RaftServerConfigKeys (ConfUtils.java:logGet(43)) - raft.server.log.appender.install.snapshot.enabled = false (custom)
2019-10-02 22:34:53,586 [af83997b-625b-464c-8c84-b76449839829@group-D99134C5E5A7-LeaderElection90] INFO  server.RaftServerConfigKeys (ConfUtils.java:logGet(43)) - raft.server.log.appender.snapshot.chunk.size.max = 16MB (=16777216) (default)
2019-10-02 22:34:53,586 [af83997b-625b-464c-8c84-b76449839829@group-D99134C5E5A7-LeaderElection90] INFO  server.RaftServerConfigKeys (ConfUtils.java:logGet(43)) - raft.server.log.appender.buffer.byte-limit = 33554432 (custom)
2019-10-02 22:34:53,586 [af83997b-625b-464c-8c84-b76449839829@group-D99134C5E5A7-LeaderElection90] INFO  server.RaftServerConfigKeys (ConfUtils.java:logGet(43)) - raft.server.log.appender.buffer.element-limit = 1 (custom)
2019-10-02 22:34:53,586 [af83997b-625b-464c-8c84-b76449839829@group-D99134C5E5A7-LeaderElection90] INFO  grpc.GrpcConfigKeys$Server (ConfUtils.java:logGet(43)) - raft.grpc.server.leader.outstanding.appends.max = 128 (default)
2019-10-02 22:34:53,586 [af83997b-625b-464c-8c84-b76449839829@group-D99134C5E5A7-LeaderElection90] INFO  server.RaftServerConfigKeys (ConfUtils.java:logGet(43)) - raft.server.rpc.request.timeout = 3000ms (default)
2019-10-02 22:34:53,586 [af83997b-625b-464c-8c84-b76449839829@group-D99134C5E5A7-LeaderElection90] INFO  server.RaftServerConfigKeys (ConfUtils.java:logGet(43)) - raft.server.log.appender.install.snapshot.enabled = false (custom)
2019-10-02 22:34:53,586 [af83997b-625b-464c-8c84-b76449839829@group-D99134C5E5A7-LeaderElection90] INFO  impl.RoleInfo (RoleInfo.java:updateAndGet(143)) - af83997b-625b-464c-8c84-b76449839829: start LeaderState
2019-10-02 22:34:53,587 [af83997b-625b-464c-8c84-b76449839829@group-D99134C5E5A7-LeaderElection90] INFO  segmented.SegmentedRaftLogWorker (SegmentedRaftLogWorker.java:rollLogSegment(390)) - af83997b-625b-464c-8c84-b76449839829@group-D99134C5E5A7-SegmentedRaftLogWorker: Rolling segment log-0_16 to index:16
2019-10-02 22:34:53,588 [af83997b-625b-464c-8c84-b76449839829@group-D99134C5E5A7-LeaderElection90] INFO  impl.RaftServerImpl (ServerState.java:setRaftConf(356)) - af83997b-625b-464c-8c84-b76449839829@group-D99134C5E5A7: set configuration 17: [af83997b-625b-464c-8c84-b76449839829:192.168.30.30:46711, 74659b3f-c24c-4f39-a0be-420e845131f6:192.168.30.30:39325, 235d8df1-b638-45e8-a9c5-4bfd9a856101:192.168.30.30:45811], old=null at 17
2019-10-02 22:34:53,588 [grpc-default-executor-8] WARN  server.GrpcLogAppender (LogUtils.java:warn(134)) - af83997b-625b-464c-8c84-b76449839829@group-D99134C5E5A7->235d8df1-b638-45e8-a9c5-4bfd9a856101-AppendLogResponseHandler: Failed appendEntries: org.apache.ratis.thirdparty.io.grpc.StatusRuntimeException: UNAVAILABLE: io exception
2019-10-02 22:34:53,592 [af83997b-625b-464c-8c84-b76449839829@group-D99134C5E5A7-SegmentedRaftLogWorker] INFO  segmented.SegmentedRaftLogWorker (SegmentedRaftLogWorker.java:execute(531)) - af83997b-625b-464c-8c84-b76449839829@group-D99134C5E5A7-SegmentedRaftLogWorker: Rolled log segment from /workdir/hadoop-ozone/integration-test/target/test-dir/MiniOzoneClusterImpl-5b0c19db-6a49-40b5-ab5c-99aec8de0976/datanode-6/data/ratis/04ee62b1-66f6-4fa1-84ce-d99134c5e5a7/current/log_inprogress_0 to /workdir/hadoop-ozone/integration-test/target/test-dir/MiniOzoneClusterImpl-5b0c19db-6a49-40b5-ab5c-99aec8de0976/datanode-6/data/ratis/04ee62b1-66f6-4fa1-84ce-d99134c5e5a7/current/log_0-16
2019-10-02 22:34:53,592 [grpc-default-executor-8] INFO  impl.FollowerInfo (FollowerInfo.java:lambda$new$0(51)) - af83997b-625b-464c-8c84-b76449839829@group-D99134C5E5A7->235d8df1-b638-45e8-a9c5-4bfd9a856101: nextIndex: updateUnconditionally 17 -> 1
2019-10-02 22:34:53,592 [grpc-default-executor-12] INFO  impl.RaftServerImpl (ServerState.java:setLeader(255)) - 74659b3f-c24c-4f39-a0be-420e845131f6@group-D99134C5E5A7: change Leader from null to af83997b-625b-464c-8c84-b76449839829 at term 3 for appendEntries, leader elected after 50ms
2019-10-02 22:34:53,598 [grpc-default-executor-12] INFO  impl.RaftServerImpl (ServerState.java:setRaftConf(356)) - 74659b3f-c24c-4f39-a0be-420e845131f6@group-D99134C5E5A7: set configuration 17: [af83997b-625b-464c-8c84-b76449839829:192.168.30.30:46711, 74659b3f-c24c-4f39-a0be-420e845131f6:192.168.30.30:39325, 235d8df1-b638-45e8-a9c5-4bfd9a856101:192.168.30.30:45811], old=null at 17
2019-10-02 22:34:53,598 [grpc-default-executor-12] INFO  segmented.SegmentedRaftLogWorker (SegmentedRaftLogWorker.java:rollLogSegment(390)) - 74659b3f-c24c-4f39-a0be-420e845131f6@group-D99134C5E5A7-SegmentedRaftLogWorker: Rolling segment log-0_16 to index:16
2019-10-02 22:34:53,599 [74659b3f-c24c-4f39-a0be-420e845131f6@group-D99134C5E5A7-SegmentedRaftLogWorker] INFO  segmented.SegmentedRaftLogWorker (SegmentedRaftLogWorker.java:execute(531)) - 74659b3f-c24c-4f39-a0be-420e845131f6@group-D99134C5E5A7-SegmentedRaftLogWorker: Rolled log segment from /workdir/hadoop-ozone/integration-test/target/test-dir/MiniOzoneClusterImpl-5b0c19db-6a49-40b5-ab5c-99aec8de0976/datanode-3/data/ratis/04ee62b1-66f6-4fa1-84ce-d99134c5e5a7/current/log_inprogress_0 to /workdir/hadoop-ozone/integration-test/target/test-dir/MiniOzoneClusterImpl-5b0c19db-6a49-40b5-ab5c-99aec8de0976/datanode-3/data/ratis/04ee62b1-66f6-4fa1-84ce-d99134c5e5a7/current/log_0-16
2019-10-02 22:34:53,650 [74659b3f-c24c-4f39-a0be-420e845131f6@group-D99134C5E5A7-SegmentedRaftLogWorker] INFO  segmented.SegmentedRaftLogWorker (SegmentedRaftLogWorker.java:execute(574)) - 74659b3f-c24c-4f39-a0be-420e845131f6@group-D99134C5E5A7-SegmentedRaftLogWorker: created new log segment /workdir/hadoop-ozone/integration-test/target/test-dir/MiniOzoneClusterImpl-5b0c19db-6a49-40b5-ab5c-99aec8de0976/datanode-3/data/ratis/04ee62b1-66f6-4fa1-84ce-d99134c5e5a7/current/log_inprogress_17
2019-10-02 22:34:53,650 [af83997b-625b-464c-8c84-b76449839829@group-D99134C5E5A7-SegmentedRaftLogWorker] INFO  segmented.SegmentedRaftLogWorker (SegmentedRaftLogWorker.java:execute(574)) - af83997b-625b-464c-8c84-b76449839829@group-D99134C5E5A7-SegmentedRaftLogWorker: created new log segment /workdir/hadoop-ozone/integration-test/target/test-dir/MiniOzoneClusterImpl-5b0c19db-6a49-40b5-ab5c-99aec8de0976/datanode-6/data/ratis/04ee62b1-66f6-4fa1-84ce-d99134c5e5a7/current/log_inprogress_17
2019-10-02 22:34:53,677 [grpc-default-executor-12] WARN  server.GrpcLogAppender (LogUtils.java:warn(134)) - af83997b-625b-464c-8c84-b76449839829@group-D99134C5E5A7->235d8df1-b638-45e8-a9c5-4bfd9a856101-AppendLogResponseHandler: Failed appendEntries: org.apache.ratis.thirdparty.io.grpc.StatusRuntimeException: UNAVAILABLE: io exception
2019-10-02 22:34:53,677 [grpc-default-executor-12] INFO  impl.FollowerInfo (FollowerInfo.java:lambda$new$0(51)) - af83997b-625b-464c-8c84-b76449839829@group-D99134C5E5A7->235d8df1-b638-45e8-a9c5-4bfd9a856101: nextIndex: updateUnconditionally 2 -> 1
2019-10-02 22:34:53,685 [grpc-default-executor-13] WARN  server.GrpcLogAppender (LogUtils.java:warn(134)) - af83997b-625b-464c-8c84-b76449839829@group-D99134C5E5A7->235d8df1-b638-45e8-a9c5-4bfd9a856101-AppendLogResponseHandler: Failed appendEntries: org.apache.ratis.thirdparty.io.grpc.StatusRuntimeException: UNAVAILABLE: io exception
2019-10-02 22:34:53,685 [grpc-default-executor-13] INFO  impl.FollowerInfo (FollowerInfo.java:lambda$new$0(51)) - af83997b-625b-464c-8c84-b76449839829@group-D99134C5E5A7->235d8df1-b638-45e8-a9c5-4bfd9a856101: nextIndex: updateUnconditionally 2 -> 1
2019-10-02 22:34:56,186 [grpc-default-executor-8] WARN  server.GrpcLogAppender (LogUtils.java:warn(134)) - af83997b-625b-464c-8c84-b76449839829@group-D99134C5E5A7->235d8df1-b638-45e8-a9c5-4bfd9a856101-AppendLogResponseHandler: Failed appendEntries: org.apache.ratis.thirdparty.io.grpc.StatusRuntimeException: UNAVAILABLE: io exception
2019-10-02 22:34:56,187 [grpc-default-executor-8] INFO  impl.FollowerInfo (FollowerInfo.java:lambda$new$0(51)) - af83997b-625b-464c-8c84-b76449839829@group-D99134C5E5A7->235d8df1-b638-45e8-a9c5-4bfd9a856101: nextIndex: updateUnconditionally 1 -> 0
2019-10-02 22:34:57,422 [main] INFO  handler.ContextHandler (ContextHandler.java:doStop(910)) - Stopped o.e.j.w.WebAppContext@1c7f9861{/,null,UNAVAILABLE}{/hddsDatanode}
2019-10-02 22:34:57,423 [main] INFO  server.AbstractConnector (AbstractConnector.java:doStop(318)) - Stopped ServerConnector@7a36c83a{HTTP/1.1,[http/1.1]}{0.0.0.0:0}
2019-10-02 22:34:57,424 [main] INFO  handler.ContextHandler (ContextHandler.java:doStop(910)) - Stopped o.e.j.s.ServletContextHandler@2f09e6b2{/static,jar:file:/home/user/.m2/repository/org/apache/hadoop/hadoop-hdds-container-service/0.5.0-SNAPSHOT/hadoop-hdds-container-service-0.5.0-SNAPSHOT.jar!/webapps/static,UNAVAILABLE}
2019-10-02 22:34:57,424 [main] INFO  handler.ContextHandler (ContextHandler.java:doStop(910)) - Stopped o.e.j.s.ServletContextHandler@9408857{/logs,file:///workdir/hadoop-ozone/integration-test/target/log,UNAVAILABLE}
22:34:58.443 [grpc-default-executor-13] ERROR DNAudit - user=null | ip=null | op=WRITE_CHUNK {blockData=conID: 1 locID: 102895168307920909 bcsId: 14} | ret=FAILURE
org.apache.hadoop.hdds.scm.container.common.helpers.ContainerNotOpenException: Container 1 in CLOSING state
	at org.apache.hadoop.ozone.container.common.impl.HddsDispatcher.validateContainerCommand(HddsDispatcher.java:434) ~[hadoop-hdds-container-service-0.5.0-SNAPSHOT.jar:?]
	at org.apache.hadoop.ozone.container.common.transport.server.ratis.ContainerStateMachine.startTransaction(ContainerStateMachine.java:315) ~[hadoop-hdds-container-service-0.5.0-SNAPSHOT.jar:?]
	at org.apache.ratis.server.impl.RaftServerImpl.submitClientRequestAsync(RaftServerImpl.java:569) ~[ratis-server-0.5.0-201fc85-SNAPSHOT.jar:0.5.0-201fc85-SNAPSHOT]
	at org.apache.ratis.server.impl.RaftServerProxy.lambda$submitClientRequestAsync$7(RaftServerProxy.java:333) ~[ratis-server-0.5.0-201fc85-SNAPSHOT.jar:0.5.0-201fc85-SNAPSHOT]
	at org.apache.ratis.server.impl.RaftServerProxy.lambda$null$5(RaftServerProxy.java:328) ~[ratis-server-0.5.0-201fc85-SNAPSHOT.jar:0.5.0-201fc85-SNAPSHOT]
	at org.apache.ratis.util.JavaUtils.callAsUnchecked(JavaUtils.java:109) ~[ratis-common-0.5.0-201fc85-SNAPSHOT.jar:0.5.0-201fc85-SNAPSHOT]
	at org.apache.ratis.server.impl.RaftServerProxy.lambda$submitRequest$6(RaftServerProxy.java:328) ~[ratis-server-0.5.0-201fc85-SNAPSHOT.jar:0.5.0-201fc85-SNAPSHOT]
	at java.util.concurrent.CompletableFuture.uniComposeStage(CompletableFuture.java:981) ~[?:1.8.0_212]
	at java.util.concurrent.CompletableFuture.thenCompose(CompletableFuture.java:2124) ~[?:1.8.0_212]
	at org.apache.ratis.server.impl.RaftServerProxy.submitRequest(RaftServerProxy.java:327) ~[ratis-server-0.5.0-201fc85-SNAPSHOT.jar:0.5.0-201fc85-SNAPSHOT]
	at org.apache.ratis.server.impl.RaftServerProxy.submitClientRequestAsync(RaftServerProxy.java:333) ~[ratis-server-0.5.0-201fc85-SNAPSHOT.jar:0.5.0-201fc85-SNAPSHOT]
	at org.apache.ratis.grpc.client.GrpcClientProtocolService$RequestStreamObserver.processClientRequest(GrpcClientProtocolService.java:220) ~[ratis-grpc-0.5.0-201fc85-SNAPSHOT.jar:0.5.0-201fc85-SNAPSHOT]
	at org.apache.ratis.grpc.client.GrpcClientProtocolService$OrderedRequestStreamObserver.processClientRequest(GrpcClientProtocolService.java:326) ~[ratis-grpc-0.5.0-201fc85-SNAPSHOT.jar:0.5.0-201fc85-SNAPSHOT]
	at org.apache.ratis.util.SlidingWindow$Server.processRequestsFromHead(SlidingWindow.java:429) [ratis-common-0.5.0-201fc85-SNAPSHOT.jar:0.5.0-201fc85-SNAPSHOT]
	at org.apache.ratis.util.SlidingWindow$Server.receivedRequest(SlidingWindow.java:421) [ratis-common-0.5.0-201fc85-SNAPSHOT.jar:0.5.0-201fc85-SNAPSHOT]
	at org.apache.ratis.grpc.client.GrpcClientProtocolService$OrderedRequestStreamObserver.processClientRequest(GrpcClientProtocolService.java:345) [ratis-grpc-0.5.0-201fc85-SNAPSHOT.jar:0.5.0-201fc85-SNAPSHOT]
	at org.apache.ratis.grpc.client.GrpcClientProtocolService$RequestStreamObserver.onNext(GrpcClientProtocolService.java:240) [ratis-grpc-0.5.0-201fc85-SNAPSHOT.jar:0.5.0-201fc85-SNAPSHOT]
	at org.apache.ratis.grpc.client.GrpcClientProtocolService$RequestStreamObserver.onNext(GrpcClientProtocolService.java:168) [ratis-grpc-0.5.0-201fc85-SNAPSHOT.jar:0.5.0-201fc85-SNAPSHOT]
	at org.apache.ratis.thirdparty.io.grpc.stub.ServerCalls$StreamingServerCallHandler$StreamingServerCallListener.onMessage(ServerCalls.java:248) [ratis-thirdparty-misc-0.2.0.jar:0.2.0]
	at org.apache.ratis.thirdparty.io.grpc.internal.ServerCallImpl$ServerStreamListenerImpl.messagesAvailable(ServerCallImpl.java:263) [ratis-thirdparty-misc-0.2.0.jar:0.2.0]
	at org.apache.ratis.thirdparty.io.grpc.internal.ServerImpl$JumpToApplicationThreadServerStreamListener$1MessagesAvailable.runInContext(ServerImpl.java:686) [ratis-thirdparty-misc-0.2.0.jar:0.2.0]
	at org.apache.ratis.thirdparty.io.grpc.internal.ContextRunnable.run(ContextRunnable.java:37) [ratis-thirdparty-misc-0.2.0.jar:0.2.0]
	at org.apache.ratis.thirdparty.io.grpc.internal.SerializingExecutor.run(SerializingExecutor.java:123) [ratis-thirdparty-misc-0.2.0.jar:0.2.0]
	at java.util.concurrent.ThreadPoolExecutor.runWorker(ThreadPoolExecutor.java:1149) [?:1.8.0_212]
	at java.util.concurrent.ThreadPoolExecutor$Worker.run(ThreadPoolExecutor.java:624) [?:1.8.0_212]
	at java.lang.Thread.run(Thread.java:748) [?:1.8.0_212]
22:34:58.456 [grpc-default-executor-8] ERROR DNAudit - user=null | ip=null | op=WRITE_CHUNK {blockData=conID: 1 locID: 102895168307920909 bcsId: 14} | ret=FAILURE
org.apache.hadoop.hdds.scm.container.common.helpers.ContainerNotOpenException: Container 1 in CLOSING state
	at org.apache.hadoop.ozone.container.common.impl.HddsDispatcher.validateContainerCommand(HddsDispatcher.java:434) ~[hadoop-hdds-container-service-0.5.0-SNAPSHOT.jar:?]
	at org.apache.hadoop.ozone.container.common.transport.server.ratis.ContainerStateMachine.startTransaction(ContainerStateMachine.java:315) ~[hadoop-hdds-container-service-0.5.0-SNAPSHOT.jar:?]
	at org.apache.ratis.server.impl.RaftServerImpl.submitClientRequestAsync(RaftServerImpl.java:569) ~[ratis-server-0.5.0-201fc85-SNAPSHOT.jar:0.5.0-201fc85-SNAPSHOT]
	at org.apache.ratis.server.impl.RaftServerProxy.lambda$submitClientRequestAsync$7(RaftServerProxy.java:333) ~[ratis-server-0.5.0-201fc85-SNAPSHOT.jar:0.5.0-201fc85-SNAPSHOT]
	at org.apache.ratis.server.impl.RaftServerProxy.lambda$null$5(RaftServerProxy.java:328) ~[ratis-server-0.5.0-201fc85-SNAPSHOT.jar:0.5.0-201fc85-SNAPSHOT]
	at org.apache.ratis.util.JavaUtils.callAsUnchecked(JavaUtils.java:109) ~[ratis-common-0.5.0-201fc85-SNAPSHOT.jar:0.5.0-201fc85-SNAPSHOT]
	at org.apache.ratis.server.impl.RaftServerProxy.lambda$submitRequest$6(RaftServerProxy.java:328) ~[ratis-server-0.5.0-201fc85-SNAPSHOT.jar:0.5.0-201fc85-SNAPSHOT]
	at java.util.concurrent.CompletableFuture.uniComposeStage(CompletableFuture.java:981) ~[?:1.8.0_212]
	at java.util.concurrent.CompletableFuture.thenCompose(CompletableFuture.java:2124) ~[?:1.8.0_212]
	at org.apache.ratis.server.impl.RaftServerProxy.submitRequest(RaftServerProxy.java:327) ~[ratis-server-0.5.0-201fc85-SNAPSHOT.jar:0.5.0-201fc85-SNAPSHOT]
	at org.apache.ratis.server.impl.RaftServerProxy.submitClientRequestAsync(RaftServerProxy.java:333) ~[ratis-server-0.5.0-201fc85-SNAPSHOT.jar:0.5.0-201fc85-SNAPSHOT]
	at org.apache.ratis.grpc.client.GrpcClientProtocolService$RequestStreamObserver.processClientRequest(GrpcClientProtocolService.java:220) ~[ratis-grpc-0.5.0-201fc85-SNAPSHOT.jar:0.5.0-201fc85-SNAPSHOT]
	at org.apache.ratis.grpc.client.GrpcClientProtocolService$OrderedRequestStreamObserver.processClientRequest(GrpcClientProtocolService.java:326) ~[ratis-grpc-0.5.0-201fc85-SNAPSHOT.jar:0.5.0-201fc85-SNAPSHOT]
	at org.apache.ratis.util.SlidingWindow$Server.processRequestsFromHead(SlidingWindow.java:429) [ratis-common-0.5.0-201fc85-SNAPSHOT.jar:0.5.0-201fc85-SNAPSHOT]
	at org.apache.ratis.util.SlidingWindow$Server.receivedRequest(SlidingWindow.java:421) [ratis-common-0.5.0-201fc85-SNAPSHOT.jar:0.5.0-201fc85-SNAPSHOT]
	at org.apache.ratis.grpc.client.GrpcClientProtocolService$OrderedRequestStreamObserver.processClientRequest(GrpcClientProtocolService.java:345) [ratis-grpc-0.5.0-201fc85-SNAPSHOT.jar:0.5.0-201fc85-SNAPSHOT]
	at org.apache.ratis.grpc.client.GrpcClientProtocolService$RequestStreamObserver.onNext(GrpcClientProtocolService.java:240) [ratis-grpc-0.5.0-201fc85-SNAPSHOT.jar:0.5.0-201fc85-SNAPSHOT]
	at org.apache.ratis.grpc.client.GrpcClientProtocolService$RequestStreamObserver.onNext(GrpcClientProtocolService.java:168) [ratis-grpc-0.5.0-201fc85-SNAPSHOT.jar:0.5.0-201fc85-SNAPSHOT]
	at org.apache.ratis.thirdparty.io.grpc.stub.ServerCalls$StreamingServerCallHandler$StreamingServerCallListener.onMessage(ServerCalls.java:248) [ratis-thirdparty-misc-0.2.0.jar:0.2.0]
	at org.apache.ratis.thirdparty.io.grpc.internal.ServerCallImpl$ServerStreamListenerImpl.messagesAvailable(ServerCallImpl.java:263) [ratis-thirdparty-misc-0.2.0.jar:0.2.0]
	at org.apache.ratis.thirdparty.io.grpc.internal.ServerImpl$JumpToApplicationThreadServerStreamListener$1MessagesAvailable.runInContext(ServerImpl.java:686) [ratis-thirdparty-misc-0.2.0.jar:0.2.0]
	at org.apache.ratis.thirdparty.io.grpc.internal.ContextRunnable.run(ContextRunnable.java:37) [ratis-thirdparty-misc-0.2.0.jar:0.2.0]
	at org.apache.ratis.thirdparty.io.grpc.internal.SerializingExecutor.run(SerializingExecutor.java:123) [ratis-thirdparty-misc-0.2.0.jar:0.2.0]
	at java.util.concurrent.ThreadPoolExecutor.runWorker(ThreadPoolExecutor.java:1149) [?:1.8.0_212]
	at java.util.concurrent.ThreadPoolExecutor$Worker.run(ThreadPoolExecutor.java:624) [?:1.8.0_212]
	at java.lang.Thread.run(Thread.java:748) [?:1.8.0_212]
22:34:58.458 [grpc-default-executor-8] ERROR DNAudit - user=null | ip=null | op=PUT_BLOCK {blockData=[blockId=conID: 1 locID: 102895168307920909 bcsId: 0,size=650]} | ret=FAILURE
org.apache.hadoop.hdds.scm.container.common.helpers.ContainerNotOpenException: Container 1 in CLOSING state
	at org.apache.hadoop.ozone.container.common.impl.HddsDispatcher.validateContainerCommand(HddsDispatcher.java:434) ~[hadoop-hdds-container-service-0.5.0-SNAPSHOT.jar:?]
	at org.apache.hadoop.ozone.container.common.transport.server.ratis.ContainerStateMachine.startTransaction(ContainerStateMachine.java:315) ~[hadoop-hdds-container-service-0.5.0-SNAPSHOT.jar:?]
	at org.apache.ratis.server.impl.RaftServerImpl.submitClientRequestAsync(RaftServerImpl.java:569) ~[ratis-server-0.5.0-201fc85-SNAPSHOT.jar:0.5.0-201fc85-SNAPSHOT]
	at org.apache.ratis.server.impl.RaftServerProxy.lambda$submitClientRequestAsync$7(RaftServerProxy.java:333) ~[ratis-server-0.5.0-201fc85-SNAPSHOT.jar:0.5.0-201fc85-SNAPSHOT]
	at org.apache.ratis.server.impl.RaftServerProxy.lambda$null$5(RaftServerProxy.java:328) ~[ratis-server-0.5.0-201fc85-SNAPSHOT.jar:0.5.0-201fc85-SNAPSHOT]
	at org.apache.ratis.util.JavaUtils.callAsUnchecked(JavaUtils.java:109) ~[ratis-common-0.5.0-201fc85-SNAPSHOT.jar:0.5.0-201fc85-SNAPSHOT]
	at org.apache.ratis.server.impl.RaftServerProxy.lambda$submitRequest$6(RaftServerProxy.java:328) ~[ratis-server-0.5.0-201fc85-SNAPSHOT.jar:0.5.0-201fc85-SNAPSHOT]
	at java.util.concurrent.CompletableFuture.uniComposeStage(CompletableFuture.java:981) ~[?:1.8.0_212]
	at java.util.concurrent.CompletableFuture.thenCompose(CompletableFuture.java:2124) ~[?:1.8.0_212]
	at org.apache.ratis.server.impl.RaftServerProxy.submitRequest(RaftServerProxy.java:327) ~[ratis-server-0.5.0-201fc85-SNAPSHOT.jar:0.5.0-201fc85-SNAPSHOT]
	at org.apache.ratis.server.impl.RaftServerProxy.submitClientRequestAsync(RaftServerProxy.java:333) ~[ratis-server-0.5.0-201fc85-SNAPSHOT.jar:0.5.0-201fc85-SNAPSHOT]
	at org.apache.ratis.grpc.client.GrpcClientProtocolService$RequestStreamObserver.processClientRequest(GrpcClientProtocolService.java:220) ~[ratis-grpc-0.5.0-201fc85-SNAPSHOT.jar:0.5.0-201fc85-SNAPSHOT]
	at org.apache.ratis.grpc.client.GrpcClientProtocolService$OrderedRequestStreamObserver.processClientRequest(GrpcClientProtocolService.java:326) ~[ratis-grpc-0.5.0-201fc85-SNAPSHOT.jar:0.5.0-201fc85-SNAPSHOT]
	at org.apache.ratis.util.SlidingWindow$Server.processRequestsFromHead(SlidingWindow.java:429) [ratis-common-0.5.0-201fc85-SNAPSHOT.jar:0.5.0-201fc85-SNAPSHOT]
	at org.apache.ratis.util.SlidingWindow$Server.receivedRequest(SlidingWindow.java:421) [ratis-common-0.5.0-201fc85-SNAPSHOT.jar:0.5.0-201fc85-SNAPSHOT]
	at org.apache.ratis.grpc.client.GrpcClientProtocolService$OrderedRequestStreamObserver.processClientRequest(GrpcClientProtocolService.java:345) [ratis-grpc-0.5.0-201fc85-SNAPSHOT.jar:0.5.0-201fc85-SNAPSHOT]
	at org.apache.ratis.grpc.client.GrpcClientProtocolService$RequestStreamObserver.onNext(GrpcClientProtocolService.java:240) [ratis-grpc-0.5.0-201fc85-SNAPSHOT.jar:0.5.0-201fc85-SNAPSHOT]
	at org.apache.ratis.grpc.client.GrpcClientProtocolService$RequestStreamObserver.onNext(GrpcClientProtocolService.java:168) [ratis-grpc-0.5.0-201fc85-SNAPSHOT.jar:0.5.0-201fc85-SNAPSHOT]
	at org.apache.ratis.thirdparty.io.grpc.stub.ServerCalls$StreamingServerCallHandler$StreamingServerCallListener.onMessage(ServerCalls.java:248) [ratis-thirdparty-misc-0.2.0.jar:0.2.0]
	at org.apache.ratis.thirdparty.io.grpc.internal.ServerCallImpl$ServerStreamListenerImpl.messagesAvailable(ServerCallImpl.java:263) [ratis-thirdparty-misc-0.2.0.jar:0.2.0]
	at org.apache.ratis.thirdparty.io.grpc.internal.ServerImpl$JumpToApplicationThreadServerStreamListener$1MessagesAvailable.runInContext(ServerImpl.java:686) [ratis-thirdparty-misc-0.2.0.jar:0.2.0]
	at org.apache.ratis.thirdparty.io.grpc.internal.ContextRunnable.run(ContextRunnable.java:37) [ratis-thirdparty-misc-0.2.0.jar:0.2.0]
	at org.apache.ratis.thirdparty.io.grpc.internal.SerializingExecutor.run(SerializingExecutor.java:123) [ratis-thirdparty-misc-0.2.0.jar:0.2.0]
	at java.util.concurrent.ThreadPoolExecutor.runWorker(ThreadPoolExecutor.java:1149) [?:1.8.0_212]
	at java.util.concurrent.ThreadPoolExecutor$Worker.run(ThreadPoolExecutor.java:624) [?:1.8.0_212]
	at java.lang.Thread.run(Thread.java:748) [?:1.8.0_212]
22:34:58.473 [grpc-default-executor-8] ERROR DNAudit - user=null | ip=null | op=WRITE_CHUNK {blockData=conID: 1 locID: 102895168307920909 bcsId: 14} | ret=FAILURE
org.apache.hadoop.hdds.scm.container.common.helpers.ContainerNotOpenException: Container 1 in CLOSING state
	at org.apache.hadoop.ozone.container.common.impl.HddsDispatcher.validateContainerCommand(HddsDispatcher.java:434) ~[hadoop-hdds-container-service-0.5.0-SNAPSHOT.jar:?]
	at org.apache.hadoop.ozone.container.common.transport.server.ratis.ContainerStateMachine.startTransaction(ContainerStateMachine.java:315) ~[hadoop-hdds-container-service-0.5.0-SNAPSHOT.jar:?]
	at org.apache.ratis.server.impl.RaftServerImpl.submitClientRequestAsync(RaftServerImpl.java:569) ~[ratis-server-0.5.0-201fc85-SNAPSHOT.jar:0.5.0-201fc85-SNAPSHOT]
	at org.apache.ratis.server.impl.RaftServerProxy.lambda$submitClientRequestAsync$7(RaftServerProxy.java:333) ~[ratis-server-0.5.0-201fc85-SNAPSHOT.jar:0.5.0-201fc85-SNAPSHOT]
	at org.apache.ratis.server.impl.RaftServerProxy.lambda$null$5(RaftServerProxy.java:328) ~[ratis-server-0.5.0-201fc85-SNAPSHOT.jar:0.5.0-201fc85-SNAPSHOT]
	at org.apache.ratis.util.JavaUtils.callAsUnchecked(JavaUtils.java:109) ~[ratis-common-0.5.0-201fc85-SNAPSHOT.jar:0.5.0-201fc85-SNAPSHOT]
	at org.apache.ratis.server.impl.RaftServerProxy.lambda$submitRequest$6(RaftServerProxy.java:328) ~[ratis-server-0.5.0-201fc85-SNAPSHOT.jar:0.5.0-201fc85-SNAPSHOT]
	at java.util.concurrent.CompletableFuture.uniComposeStage(CompletableFuture.java:981) ~[?:1.8.0_212]
	at java.util.concurrent.CompletableFuture.thenCompose(CompletableFuture.java:2124) ~[?:1.8.0_212]
	at org.apache.ratis.server.impl.RaftServerProxy.submitRequest(RaftServerProxy.java:327) ~[ratis-server-0.5.0-201fc85-SNAPSHOT.jar:0.5.0-201fc85-SNAPSHOT]
	at org.apache.ratis.server.impl.RaftServerProxy.submitClientRequestAsync(RaftServerProxy.java:333) ~[ratis-server-0.5.0-201fc85-SNAPSHOT.jar:0.5.0-201fc85-SNAPSHOT]
	at org.apache.ratis.grpc.client.GrpcClientProtocolService$RequestStreamObserver.processClientRequest(GrpcClientProtocolService.java:220) ~[ratis-grpc-0.5.0-201fc85-SNAPSHOT.jar:0.5.0-201fc85-SNAPSHOT]
	at org.apache.ratis.grpc.client.GrpcClientProtocolService$OrderedRequestStreamObserver.processClientRequest(GrpcClientProtocolService.java:326) ~[ratis-grpc-0.5.0-201fc85-SNAPSHOT.jar:0.5.0-201fc85-SNAPSHOT]
	at org.apache.ratis.util.SlidingWindow$Server.processRequestsFromHead(SlidingWindow.java:429) [ratis-common-0.5.0-201fc85-SNAPSHOT.jar:0.5.0-201fc85-SNAPSHOT]
	at org.apache.ratis.util.SlidingWindow$Server.receivedRequest(SlidingWindow.java:421) [ratis-common-0.5.0-201fc85-SNAPSHOT.jar:0.5.0-201fc85-SNAPSHOT]
	at org.apache.ratis.grpc.client.GrpcClientProtocolService$OrderedRequestStreamObserver.processClientRequest(GrpcClientProtocolService.java:345) [ratis-grpc-0.5.0-201fc85-SNAPSHOT.jar:0.5.0-201fc85-SNAPSHOT]
	at org.apache.ratis.grpc.client.GrpcClientProtocolService$RequestStreamObserver.onNext(GrpcClientProtocolService.java:240) [ratis-grpc-0.5.0-201fc85-SNAPSHOT.jar:0.5.0-201fc85-SNAPSHOT]
	at org.apache.ratis.grpc.client.GrpcClientProtocolService$RequestStreamObserver.onNext(GrpcClientProtocolService.java:168) [ratis-grpc-0.5.0-201fc85-SNAPSHOT.jar:0.5.0-201fc85-SNAPSHOT]
	at org.apache.ratis.thirdparty.io.grpc.stub.ServerCalls$StreamingServerCallHandler$StreamingServerCallListener.onMessage(ServerCalls.java:248) [ratis-thirdparty-misc-0.2.0.jar:0.2.0]
	at org.apache.ratis.thirdparty.io.grpc.internal.ServerCallImpl$ServerStreamListenerImpl.messagesAvailable(ServerCallImpl.java:263) [ratis-thirdparty-misc-0.2.0.jar:0.2.0]
	at org.apache.ratis.thirdparty.io.grpc.internal.ServerImpl$JumpToApplicationThreadServerStreamListener$1MessagesAvailable.runInContext(ServerImpl.java:686) [ratis-thirdparty-misc-0.2.0.jar:0.2.0]
	at org.apache.ratis.thirdparty.io.grpc.internal.ContextRunnable.run(ContextRunnable.java:37) [ratis-thirdparty-misc-0.2.0.jar:0.2.0]
	at org.apache.ratis.thirdparty.io.grpc.internal.SerializingExecutor.run(SerializingExecutor.java:123) [ratis-thirdparty-misc-0.2.0.jar:0.2.0]
	at java.util.concurrent.ThreadPoolExecutor.runWorker(ThreadPoolExecutor.java:1149) [?:1.8.0_212]
	at java.util.concurrent.ThreadPoolExecutor$Worker.run(ThreadPoolExecutor.java:624) [?:1.8.0_212]
	at java.lang.Thread.run(Thread.java:748) [?:1.8.0_212]
22:34:58.480 [grpc-default-executor-8] ERROR DNAudit - user=null | ip=null | op=WRITE_CHUNK {blockData=conID: 1 locID: 102895168307920909 bcsId: 14} | ret=FAILURE
org.apache.hadoop.hdds.scm.container.common.helpers.ContainerNotOpenException: Container 1 in CLOSING state
	at org.apache.hadoop.ozone.container.common.impl.HddsDispatcher.validateContainerCommand(HddsDispatcher.java:434) ~[hadoop-hdds-container-service-0.5.0-SNAPSHOT.jar:?]
	at org.apache.hadoop.ozone.container.common.transport.server.ratis.ContainerStateMachine.startTransaction(ContainerStateMachine.java:315) ~[hadoop-hdds-container-service-0.5.0-SNAPSHOT.jar:?]
	at org.apache.ratis.server.impl.RaftServerImpl.submitClientRequestAsync(RaftServerImpl.java:569) ~[ratis-server-0.5.0-201fc85-SNAPSHOT.jar:0.5.0-201fc85-SNAPSHOT]
	at org.apache.ratis.server.impl.RaftServerProxy.lambda$submitClientRequestAsync$7(RaftServerProxy.java:333) ~[ratis-server-0.5.0-201fc85-SNAPSHOT.jar:0.5.0-201fc85-SNAPSHOT]
	at org.apache.ratis.server.impl.RaftServerProxy.lambda$null$5(RaftServerProxy.java:328) ~[ratis-server-0.5.0-201fc85-SNAPSHOT.jar:0.5.0-201fc85-SNAPSHOT]
	at org.apache.ratis.util.JavaUtils.callAsUnchecked(JavaUtils.java:109) ~[ratis-common-0.5.0-201fc85-SNAPSHOT.jar:0.5.0-201fc85-SNAPSHOT]
	at org.apache.ratis.server.impl.RaftServerProxy.lambda$submitRequest$6(RaftServerProxy.java:328) ~[ratis-server-0.5.0-201fc85-SNAPSHOT.jar:0.5.0-201fc85-SNAPSHOT]
	at java.util.concurrent.CompletableFuture.uniComposeStage(CompletableFuture.java:981) ~[?:1.8.0_212]
	at java.util.concurrent.CompletableFuture.thenCompose(CompletableFuture.java:2124) ~[?:1.8.0_212]
	at org.apache.ratis.server.impl.RaftServerProxy.submitRequest(RaftServerProxy.java:327) ~[ratis-server-0.5.0-201fc85-SNAPSHOT.jar:0.5.0-201fc85-SNAPSHOT]
	at org.apache.ratis.server.impl.RaftServerProxy.submitClientRequestAsync(RaftServerProxy.java:333) ~[ratis-server-0.5.0-201fc85-SNAPSHOT.jar:0.5.0-201fc85-SNAPSHOT]
	at org.apache.ratis.grpc.client.GrpcClientProtocolService$RequestStreamObserver.processClientRequest(GrpcClientProtocolService.java:220) ~[ratis-grpc-0.5.0-201fc85-SNAPSHOT.jar:0.5.0-201fc85-SNAPSHOT]
	at org.apache.ratis.grpc.client.GrpcClientProtocolService$OrderedRequestStreamObserver.processClientRequest(GrpcClientProtocolService.java:326) ~[ratis-grpc-0.5.0-201fc85-SNAPSHOT.jar:0.5.0-201fc85-SNAPSHOT]
	at org.apache.ratis.util.SlidingWindow$Server.processRequestsFromHead(SlidingWindow.java:429) [ratis-common-0.5.0-201fc85-SNAPSHOT.jar:0.5.0-201fc85-SNAPSHOT]
	at org.apache.ratis.util.SlidingWindow$Server.receivedRequest(SlidingWindow.java:421) [ratis-common-0.5.0-201fc85-SNAPSHOT.jar:0.5.0-201fc85-SNAPSHOT]
	at org.apache.ratis.grpc.client.GrpcClientProtocolService$OrderedRequestStreamObserver.processClientRequest(GrpcClientProtocolService.java:345) [ratis-grpc-0.5.0-201fc85-SNAPSHOT.jar:0.5.0-201fc85-SNAPSHOT]
	at org.apache.ratis.grpc.client.GrpcClientProtocolService$RequestStreamObserver.onNext(GrpcClientProtocolService.java:240) [ratis-grpc-0.5.0-201fc85-SNAPSHOT.jar:0.5.0-201fc85-SNAPSHOT]
	at org.apache.ratis.grpc.client.GrpcClientProtocolService$RequestStreamObserver.onNext(GrpcClientProtocolService.java:168) [ratis-grpc-0.5.0-201fc85-SNAPSHOT.jar:0.5.0-201fc85-SNAPSHOT]
	at org.apache.ratis.thirdparty.io.grpc.stub.ServerCalls$StreamingServerCallHandler$StreamingServerCallListener.onMessage(ServerCalls.java:248) [ratis-thirdparty-misc-0.2.0.jar:0.2.0]
	at org.apache.ratis.thirdparty.io.grpc.internal.ServerCallImpl$ServerStreamListenerImpl.messagesAvailable(ServerCallImpl.java:263) [ratis-thirdparty-misc-0.2.0.jar:0.2.0]
	at org.apache.ratis.thirdparty.io.grpc.internal.ServerImpl$JumpToApplicationThreadServerStreamListener$1MessagesAvailable.runInContext(ServerImpl.java:686) [ratis-thirdparty-misc-0.2.0.jar:0.2.0]
	at org.apache.ratis.thirdparty.io.grpc.internal.ContextRunnable.run(ContextRunnable.java:37) [ratis-thirdparty-misc-0.2.0.jar:0.2.0]
	at org.apache.ratis.thirdparty.io.grpc.internal.SerializingExecutor.run(SerializingExecutor.java:123) [ratis-thirdparty-misc-0.2.0.jar:0.2.0]
	at java.util.concurrent.ThreadPoolExecutor.runWorker(ThreadPoolExecutor.java:1149) [?:1.8.0_212]
	at java.util.concurrent.ThreadPoolExecutor$Worker.run(ThreadPoolExecutor.java:624) [?:1.8.0_212]
	at java.lang.Thread.run(Thread.java:748) [?:1.8.0_212]
22:34:58.492 [grpc-default-executor-8] ERROR DNAudit - user=null | ip=null | op=PUT_BLOCK {blockData=[blockId=conID: 1 locID: 102895168307920909 bcsId: 0,size=800]} | ret=FAILURE
org.apache.hadoop.hdds.scm.container.common.helpers.ContainerNotOpenException: Container 1 in CLOSING state
	at org.apache.hadoop.ozone.container.common.impl.HddsDispatcher.validateContainerCommand(HddsDispatcher.java:434) ~[hadoop-hdds-container-service-0.5.0-SNAPSHOT.jar:?]
	at org.apache.hadoop.ozone.container.common.transport.server.ratis.ContainerStateMachine.startTransaction(ContainerStateMachine.java:315) ~[hadoop-hdds-container-service-0.5.0-SNAPSHOT.jar:?]
	at org.apache.ratis.server.impl.RaftServerImpl.submitClientRequestAsync(RaftServerImpl.java:569) ~[ratis-server-0.5.0-201fc85-SNAPSHOT.jar:0.5.0-201fc85-SNAPSHOT]
	at org.apache.ratis.server.impl.RaftServerProxy.lambda$submitClientRequestAsync$7(RaftServerProxy.java:333) ~[ratis-server-0.5.0-201fc85-SNAPSHOT.jar:0.5.0-201fc85-SNAPSHOT]
	at org.apache.ratis.server.impl.RaftServerProxy.lambda$null$5(RaftServerProxy.java:328) ~[ratis-server-0.5.0-201fc85-SNAPSHOT.jar:0.5.0-201fc85-SNAPSHOT]
	at org.apache.ratis.util.JavaUtils.callAsUnchecked(JavaUtils.java:109) ~[ratis-common-0.5.0-201fc85-SNAPSHOT.jar:0.5.0-201fc85-SNAPSHOT]
	at org.apache.ratis.server.impl.RaftServerProxy.lambda$submitRequest$6(RaftServerProxy.java:328) ~[ratis-server-0.5.0-201fc85-SNAPSHOT.jar:0.5.0-201fc85-SNAPSHOT]
	at java.util.concurrent.CompletableFuture.uniComposeStage(CompletableFuture.java:981) ~[?:1.8.0_212]
	at java.util.concurrent.CompletableFuture.thenCompose(CompletableFuture.java:2124) ~[?:1.8.0_212]
	at org.apache.ratis.server.impl.RaftServerProxy.submitRequest(RaftServerProxy.java:327) ~[ratis-server-0.5.0-201fc85-SNAPSHOT.jar:0.5.0-201fc85-SNAPSHOT]
	at org.apache.ratis.server.impl.RaftServerProxy.submitClientRequestAsync(RaftServerProxy.java:333) ~[ratis-server-0.5.0-201fc85-SNAPSHOT.jar:0.5.0-201fc85-SNAPSHOT]
	at org.apache.ratis.grpc.client.GrpcClientProtocolService$RequestStreamObserver.processClientRequest(GrpcClientProtocolService.java:220) ~[ratis-grpc-0.5.0-201fc85-SNAPSHOT.jar:0.5.0-201fc85-SNAPSHOT]
	at org.apache.ratis.grpc.client.GrpcClientProtocolService$OrderedRequestStreamObserver.processClientRequest(GrpcClientProtocolService.java:326) ~[ratis-grpc-0.5.0-201fc85-SNAPSHOT.jar:0.5.0-201fc85-SNAPSHOT]
	at org.apache.ratis.util.SlidingWindow$Server.processRequestsFromHead(SlidingWindow.java:429) [ratis-common-0.5.0-201fc85-SNAPSHOT.jar:0.5.0-201fc85-SNAPSHOT]
	at org.apache.ratis.util.SlidingWindow$Server.receivedRequest(SlidingWindow.java:421) [ratis-common-0.5.0-201fc85-SNAPSHOT.jar:0.5.0-201fc85-SNAPSHOT]
	at org.apache.ratis.grpc.client.GrpcClientProtocolService$OrderedRequestStreamObserver.processClientRequest(GrpcClientProtocolService.java:345) [ratis-grpc-0.5.0-201fc85-SNAPSHOT.jar:0.5.0-201fc85-SNAPSHOT]
	at org.apache.ratis.grpc.client.GrpcClientProtocolService$RequestStreamObserver.onNext(GrpcClientProtocolService.java:240) [ratis-grpc-0.5.0-201fc85-SNAPSHOT.jar:0.5.0-201fc85-SNAPSHOT]
	at org.apache.ratis.grpc.client.GrpcClientProtocolService$RequestStreamObserver.onNext(GrpcClientProtocolService.java:168) [ratis-grpc-0.5.0-201fc85-SNAPSHOT.jar:0.5.0-201fc85-SNAPSHOT]
	at org.apache.ratis.thirdparty.io.grpc.stub.ServerCalls$StreamingServerCallHandler$StreamingServerCallListener.onMessage(ServerCalls.java:248) [ratis-thirdparty-misc-0.2.0.jar:0.2.0]
	at org.apache.ratis.thirdparty.io.grpc.internal.ServerCallImpl$ServerStreamListenerImpl.messagesAvailable(ServerCallImpl.java:263) [ratis-thirdparty-misc-0.2.0.jar:0.2.0]
	at org.apache.ratis.thirdparty.io.grpc.internal.ServerImpl$JumpToApplicationThreadServerStreamListener$1MessagesAvailable.runInContext(ServerImpl.java:686) [ratis-thirdparty-misc-0.2.0.jar:0.2.0]
	at org.apache.ratis.thirdparty.io.grpc.internal.ContextRunnable.run(ContextRunnable.java:37) [ratis-thirdparty-misc-0.2.0.jar:0.2.0]
	at org.apache.ratis.thirdparty.io.grpc.internal.SerializingExecutor.run(SerializingExecutor.java:123) [ratis-thirdparty-misc-0.2.0.jar:0.2.0]
	at java.util.concurrent.ThreadPoolExecutor.runWorker(ThreadPoolExecutor.java:1149) [?:1.8.0_212]
	at java.util.concurrent.ThreadPoolExecutor$Worker.run(ThreadPoolExecutor.java:624) [?:1.8.0_212]
	at java.lang.Thread.run(Thread.java:748) [?:1.8.0_212]
2019-10-02 22:34:58,686 [grpc-default-executor-8] WARN  server.GrpcLogAppender (LogUtils.java:warn(134)) - af83997b-625b-464c-8c84-b76449839829@group-D99134C5E5A7->235d8df1-b638-45e8-a9c5-4bfd9a856101-AppendLogResponseHandler: Failed appendEntries: org.apache.ratis.thirdparty.io.grpc.StatusRuntimeException: UNAVAILABLE: io exception
2019-10-02 22:34:58,687 [grpc-default-executor-8] INFO  impl.FollowerInfo (FollowerInfo.java:lambda$new$0(51)) - af83997b-625b-464c-8c84-b76449839829@group-D99134C5E5A7->235d8df1-b638-45e8-a9c5-4bfd9a856101: nextIndex: updateUnconditionally 0 -> 0
2019-10-02 22:35:01,190 [grpc-default-executor-13] WARN  server.GrpcLogAppender (LogUtils.java:warn(134)) - af83997b-625b-464c-8c84-b76449839829@group-D99134C5E5A7->235d8df1-b638-45e8-a9c5-4bfd9a856101-AppendLogResponseHandler: Failed appendEntries: org.apache.ratis.thirdparty.io.grpc.StatusRuntimeException: UNAVAILABLE: io exception
2019-10-02 22:35:01,191 [grpc-default-executor-13] INFO  impl.FollowerInfo (FollowerInfo.java:lambda$new$0(51)) - af83997b-625b-464c-8c84-b76449839829@group-D99134C5E5A7->235d8df1-b638-45e8-a9c5-4bfd9a856101: nextIndex: updateUnconditionally 0 -> 0
2019-10-02 22:35:01,547 [java.util.concurrent.ThreadPoolExecutor$Worker@1ec88aa1[State = -1, empty queue]] ERROR client.GrpcClientProtocolClient (GrpcClientProtocolClient.java:close(148)) - Unexpected exception while waiting for channel termination
java.lang.InterruptedException
	at java.util.concurrent.locks.AbstractQueuedSynchronizer.tryAcquireSharedNanos(AbstractQueuedSynchronizer.java:1326)
	at java.util.concurrent.CountDownLatch.await(CountDownLatch.java:277)
	at org.apache.ratis.thirdparty.io.grpc.internal.ManagedChannelImpl.awaitTermination(ManagedChannelImpl.java:763)
	at org.apache.ratis.thirdparty.io.grpc.internal.ForwardingManagedChannel.awaitTermination(ForwardingManagedChannel.java:57)
	at org.apache.ratis.thirdparty.io.grpc.internal.ManagedChannelOrphanWrapper.awaitTermination(ManagedChannelOrphanWrapper.java:70)
	at org.apache.ratis.grpc.client.GrpcClientProtocolClient.close(GrpcClientProtocolClient.java:146)
	at org.apache.ratis.util.PeerProxyMap$PeerAndProxy.lambda$close$1(PeerProxyMap.java:74)
	at org.apache.ratis.util.LifeCycle.lambda$checkStateAndClose$2(LifeCycle.java:231)
	at org.apache.ratis.util.LifeCycle.checkStateAndClose(LifeCycle.java:251)
	at org.apache.ratis.util.LifeCycle.checkStateAndClose(LifeCycle.java:229)
	at org.apache.ratis.util.PeerProxyMap$PeerAndProxy.close(PeerProxyMap.java:70)
	at org.apache.ratis.util.PeerProxyMap.resetProxy(PeerProxyMap.java:127)
	at org.apache.ratis.util.PeerProxyMap.handleException(PeerProxyMap.java:136)
	at org.apache.ratis.client.impl.RaftClientRpcWithProxy.handleException(RaftClientRpcWithProxy.java:47)
	at org.apache.ratis.client.impl.RaftClientImpl.handleIOException(RaftClientImpl.java:372)
	at org.apache.ratis.client.impl.OrderedAsync.lambda$sendRequest$10(OrderedAsync.java:236)
	at java.util.concurrent.CompletableFuture.uniExceptionally(CompletableFuture.java:870)
	at java.util.concurrent.CompletableFuture$UniExceptionally.tryFire(CompletableFuture.java:852)
	at java.util.concurrent.CompletableFuture.postComplete(CompletableFuture.java:474)
	at java.util.concurrent.CompletableFuture.completeExceptionally(CompletableFuture.java:1977)
	at org.apache.ratis.grpc.client.GrpcClientProtocolClient$AsyncStreamObservers.lambda$timeoutCheck$3(GrpcClientProtocolClient.java:324)
	at java.util.Optional.ifPresent(Optional.java:159)
	at org.apache.ratis.grpc.client.GrpcClientProtocolClient$AsyncStreamObservers.handleReplyFuture(GrpcClientProtocolClient.java:329)
	at org.apache.ratis.grpc.client.GrpcClientProtocolClient$AsyncStreamObservers.timeoutCheck(GrpcClientProtocolClient.java:324)
	at org.apache.ratis.grpc.client.GrpcClientProtocolClient$AsyncStreamObservers.lambda$onNext$1(GrpcClientProtocolClient.java:318)
	at org.apache.ratis.util.TimeoutScheduler.lambda$onTimeout$0(TimeoutScheduler.java:113)
	at org.apache.ratis.util.TimeoutScheduler.lambda$onTimeout$1(TimeoutScheduler.java:133)
	at org.apache.ratis.util.LogUtils.runAndLog(LogUtils.java:50)
	at org.apache.ratis.util.LogUtils$1.run(LogUtils.java:91)
	at java.util.concurrent.Executors$RunnableAdapter.call(Executors.java:511)
	at java.util.concurrent.FutureTask.run(FutureTask.java:266)
	at java.util.concurrent.ScheduledThreadPoolExecutor$ScheduledFutureTask.access$201(ScheduledThreadPoolExecutor.java:180)
	at java.util.concurrent.ScheduledThreadPoolExecutor$ScheduledFutureTask.run(ScheduledThreadPoolExecutor.java:293)
	at java.util.concurrent.ThreadPoolExecutor.runWorker(ThreadPoolExecutor.java:1149)
	at java.util.concurrent.ThreadPoolExecutor$Worker.run(ThreadPoolExecutor.java:624)
	at java.lang.Thread.run(Thread.java:748)
2019-10-02 22:35:01,547 [java.util.concurrent.ThreadPoolExecutor$Worker@1edc3046[State = -1, empty queue]] WARN  server.GrpcLogAppender (GrpcLogAppender.java:timeoutAppendRequest(200)) - f09ae49d-7355-48d3-a9b4-1ae74d70d940@group-E10D78F16196->cd6023cc-5bcd-4149-91cf-c15310459986-GrpcLogAppender: appendEntries Timeout, request=f09ae49d-7355-48d3-a9b4-1ae74d70d940->cd6023cc-5bcd-4149-91cf-c15310459986#12-t1, previous=(t:1, i:0), leaderCommit=0, initializing? false, entries: size=1, first=(t:1, i:1), STATEMACHINELOGENTRY, client-0D45656841EC, cid=198
2019-10-02 22:35:01,547 [java.util.concurrent.ThreadPoolExecutor$Worker@521a2523[State = -1, empty queue]] WARN  server.GrpcLogAppender (GrpcLogAppender.java:timeoutAppendRequest(200)) - f09ae49d-7355-48d3-a9b4-1ae74d70d940@group-E10D78F16196->de247872-8e5b-41ff-85ec-0a9b8e009629-GrpcLogAppender: appendEntries Timeout, request=f09ae49d-7355-48d3-a9b4-1ae74d70d940->de247872-8e5b-41ff-85ec-0a9b8e009629#12-t1, previous=(t:1, i:0), leaderCommit=0, initializing? false, entries: size=1, first=(t:1, i:1), STATEMACHINELOGENTRY, client-0D45656841EC, cid=198
2019-10-02 22:35:01,551 [java.util.concurrent.ThreadPoolExecutor$Worker@1ec88aa1[State = -1, empty queue]] WARN  util.TimeoutScheduler (LogUtils.java:runAndLog(55)) - Failed to task #0: java.lang.NullPointerException
2019-10-02 22:35:02,895 [grpc-default-executor-8] WARN  server.GrpcLogAppender (GrpcLogAppender.java:onNextImpl(251)) - f09ae49d-7355-48d3-a9b4-1ae74d70d940@group-E10D78F16196->cd6023cc-5bcd-4149-91cf-c15310459986-AppendLogResponseHandler: Request not found, ignoring reply: f09ae49d-7355-48d3-a9b4-1ae74d70d940<-cd6023cc-5bcd-4149-91cf-c15310459986#12:OK,SUCCESS,nextIndex:2,term:1,followerCommit:0
2019-10-02 22:35:02,899 [grpc-default-executor-13] WARN  server.GrpcLogAppender (GrpcLogAppender.java:onNextImpl(251)) - f09ae49d-7355-48d3-a9b4-1ae74d70d940@group-E10D78F16196->de247872-8e5b-41ff-85ec-0a9b8e009629-AppendLogResponseHandler: Request not found, ignoring reply: f09ae49d-7355-48d3-a9b4-1ae74d70d940<-de247872-8e5b-41ff-85ec-0a9b8e009629#12:OK,SUCCESS,nextIndex:2,term:1,followerCommit:0
2019-10-02 22:35:03,202 [main] INFO  ozone.MiniOzoneClusterImpl (MiniOzoneClusterImpl.java:shutdown(314)) - Shutting down the Mini Ozone Cluster
2019-10-02 22:35:03,202 [main] INFO  ozone.MiniOzoneClusterImpl (MiniOzoneClusterImpl.java:stop(330)) - Stopping the Mini Ozone Cluster
2019-10-02 22:35:03,202 [main] INFO  ozone.MiniOzoneClusterImpl (MiniOzoneClusterImpl.java:stopOM(400)) - Stopping the OzoneManager
2019-10-02 22:35:03,202 [main] INFO  ipc.Server (Server.java:stop(3082)) - Stopping server on 34874
2019-10-02 22:35:03,220 [IPC Server listener on 34874] INFO  ipc.Server (Server.java:run(1185)) - Stopping IPC Server listener on 34874
2019-10-02 22:35:03,225 [main] INFO  ratis.OzoneManagerDoubleBuffer (OzoneManagerDoubleBuffer.java:stop(248)) - Stopping OMDoubleBuffer flush thread
2019-10-02 22:35:03,225 [IPC Server Responder] INFO  ipc.Server (Server.java:run(1319)) - Stopping IPC Server Responder
2019-10-02 22:35:03,235 [OMDoubleBufferFlushThread] INFO  ratis.OzoneManagerDoubleBuffer (OzoneManagerDoubleBuffer.java:flushTransactions(191)) - OMDoubleBuffer flush thread OMDoubleBufferFlushThread is interrupted and will exit. OMDoubleBufferFlushThread
2019-10-02 22:35:03,235 [main] INFO  utils.BackgroundService (BackgroundService.java:shutdown(148)) - Shutting down service KeyDeletingService
2019-10-02 22:35:03,240 [main] INFO  handler.ContextHandler (ContextHandler.java:doStop(910)) - Stopped o.e.j.w.WebAppContext@62f9c790{/,null,UNAVAILABLE}{/ozoneManager}
2019-10-02 22:35:03,240 [main] INFO  server.AbstractConnector (AbstractConnector.java:doStop(318)) - Stopped ServerConnector@21e5f0b6{HTTP/1.1,[http/1.1]}{0.0.0.0:0}
2019-10-02 22:35:03,241 [main] INFO  handler.ContextHandler (ContextHandler.java:doStop(910)) - Stopped o.e.j.s.ServletContextHandler@46a8c2b4{/static,file:///workdir/hadoop-ozone/integration-test/target/test-classes/webapps/static,UNAVAILABLE}
2019-10-02 22:35:03,241 [main] INFO  handler.ContextHandler (ContextHandler.java:doStop(910)) - Stopped o.e.j.s.ServletContextHandler@1785d194{/logs,file:///workdir/hadoop-ozone/integration-test/target/log,UNAVAILABLE}
2019-10-02 22:35:03,243 [main] INFO  ozone.MiniOzoneClusterImpl (MiniOzoneClusterImpl.java:stopDatanodes(377)) - Stopping the HddsDatanodes
2019-10-02 22:35:03,689 [grpc-default-executor-8] WARN  server.GrpcLogAppender (LogUtils.java:warn(134)) - af83997b-625b-464c-8c84-b76449839829@group-D99134C5E5A7->235d8df1-b638-45e8-a9c5-4bfd9a856101-AppendLogResponseHandler: Failed appendEntries: org.apache.ratis.thirdparty.io.grpc.StatusRuntimeException: UNAVAILABLE: io exception
2019-10-02 22:35:03,689 [grpc-default-executor-8] INFO  impl.FollowerInfo (FollowerInfo.java:lambda$new$0(51)) - af83997b-625b-464c-8c84-b76449839829@group-D99134C5E5A7->235d8df1-b638-45e8-a9c5-4bfd9a856101: nextIndex: updateUnconditionally 0 -> 0
2019-10-02 22:35:03,877 [Datanode State Machine Thread - 0] INFO  statemachine.DatanodeStateMachine (DatanodeStateMachine.java:lambda$startDaemon$0(350)) - Ozone container server started.
2019-10-02 22:35:04,083 [Datanode State Machine Thread - 0] INFO  statemachine.DatanodeStateMachine (DatanodeStateMachine.java:lambda$startDaemon$0(350)) - Ozone container server started.
2019-10-02 22:35:06,191 [grpc-default-executor-8] WARN  server.GrpcLogAppender (LogUtils.java:warn(134)) - af83997b-625b-464c-8c84-b76449839829@group-D99134C5E5A7->235d8df1-b638-45e8-a9c5-4bfd9a856101-AppendLogResponseHandler: Failed appendEntries: org.apache.ratis.thirdparty.io.grpc.StatusRuntimeException: UNAVAILABLE: io exception
2019-10-02 22:35:06,191 [grpc-default-executor-8] INFO  impl.FollowerInfo (FollowerInfo.java:lambda$new$0(51)) - af83997b-625b-464c-8c84-b76449839829@group-D99134C5E5A7->235d8df1-b638-45e8-a9c5-4bfd9a856101: nextIndex: updateUnconditionally 0 -> 0
2019-10-02 22:35:07,930 [EventQueue-StaleNodeForStaleNodeHandler] INFO  node.StaleNodeHandler (StaleNodeHandler.java:onMessage(58)) - Datanode f09ae49d-7355-48d3-a9b4-1ae74d70d940{ip: 192.168.30.30, host: pr-hdds1737-lts7z-2510321508, networkLocation: /default-rack, certSerialId: null} moved to stale state. Finalizing its pipelines [PipelineID=6b4d9a17-1f6f-4be5-bb65-41da210eb040, PipelineID=2d8ac9cf-06c3-4501-aa0a-e10d78f16196]
2019-10-02 22:35:07,931 [EventQueue-StaleNodeForStaleNodeHandler] INFO  pipeline.SCMPipelineManager (SCMPipelineManager.java:finalizeAndDestroyPipeline(315)) - destroying pipeline:Pipeline[ Id: 6b4d9a17-1f6f-4be5-bb65-41da210eb040, Nodes: f09ae49d-7355-48d3-a9b4-1ae74d70d940{ip: 192.168.30.30, host: pr-hdds1737-lts7z-2510321508, networkLocation: /default-rack, certSerialId: null}, Type:RATIS, Factor:ONE, State:OPEN]
2019-10-02 22:35:07,931 [EventQueue-StaleNodeForStaleNodeHandler] INFO  pipeline.PipelineStateManager (PipelineStateManager.java:finalizePipeline(123)) - Pipeline Pipeline[ Id: 6b4d9a17-1f6f-4be5-bb65-41da210eb040, Nodes: f09ae49d-7355-48d3-a9b4-1ae74d70d940{ip: 192.168.30.30, host: pr-hdds1737-lts7z-2510321508, networkLocation: /default-rack, certSerialId: null}, Type:RATIS, Factor:ONE, State:CLOSED] moved to CLOSED state
2019-10-02 22:35:07,932 [EventQueue-StaleNodeForStaleNodeHandler] INFO  pipeline.SCMPipelineManager (SCMPipelineManager.java:finalizeAndDestroyPipeline(315)) - destroying pipeline:Pipeline[ Id: 2d8ac9cf-06c3-4501-aa0a-e10d78f16196, Nodes: f09ae49d-7355-48d3-a9b4-1ae74d70d940{ip: 192.168.30.30, host: pr-hdds1737-lts7z-2510321508, networkLocation: /default-rack, certSerialId: null}cd6023cc-5bcd-4149-91cf-c15310459986{ip: 192.168.30.30, host: pr-hdds1737-lts7z-2510321508, networkLocation: /default-rack, certSerialId: null}de247872-8e5b-41ff-85ec-0a9b8e009629{ip: 192.168.30.30, host: pr-hdds1737-lts7z-2510321508, networkLocation: /default-rack, certSerialId: null}, Type:RATIS, Factor:THREE, State:OPEN]
2019-10-02 22:35:07,932 [EventQueue-StaleNodeForStaleNodeHandler] INFO  pipeline.PipelineStateManager (PipelineStateManager.java:finalizePipeline(123)) - Pipeline Pipeline[ Id: 2d8ac9cf-06c3-4501-aa0a-e10d78f16196, Nodes: f09ae49d-7355-48d3-a9b4-1ae74d70d940{ip: 192.168.30.30, host: pr-hdds1737-lts7z-2510321508, networkLocation: /default-rack, certSerialId: null}cd6023cc-5bcd-4149-91cf-c15310459986{ip: 192.168.30.30, host: pr-hdds1737-lts7z-2510321508, networkLocation: /default-rack, certSerialId: null}de247872-8e5b-41ff-85ec-0a9b8e009629{ip: 192.168.30.30, host: pr-hdds1737-lts7z-2510321508, networkLocation: /default-rack, certSerialId: null}, Type:RATIS, Factor:THREE, State:CLOSED] moved to CLOSED state
2019-10-02 22:35:07,932 [EventQueue-CloseContainerForCloseContainerEventHandler] INFO  container.CloseContainerEventHandler (CloseContainerEventHandler.java:onMessage(61)) - Close container Event triggered for container : #2
2019-10-02 22:35:08,131 [EventQueue-StaleNodeForStaleNodeHandler] INFO  node.StaleNodeHandler (StaleNodeHandler.java:onMessage(58)) - Datanode 74659b3f-c24c-4f39-a0be-420e845131f6{ip: 192.168.30.30, host: pr-hdds1737-lts7z-2510321508, networkLocation: /default-rack, certSerialId: null} moved to stale state. Finalizing its pipelines [PipelineID=8662c973-6f2d-4832-a13a-dcf87125913c, PipelineID=04ee62b1-66f6-4fa1-84ce-d99134c5e5a7]
2019-10-02 22:35:08,134 [EventQueue-StaleNodeForStaleNodeHandler] INFO  pipeline.SCMPipelineManager (SCMPipelineManager.java:finalizeAndDestroyPipeline(315)) - destroying pipeline:Pipeline[ Id: 8662c973-6f2d-4832-a13a-dcf87125913c, Nodes: 74659b3f-c24c-4f39-a0be-420e845131f6{ip: 192.168.30.30, host: pr-hdds1737-lts7z-2510321508, networkLocation: /default-rack, certSerialId: null}, Type:RATIS, Factor:ONE, State:OPEN]
2019-10-02 22:35:08,134 [EventQueue-StaleNodeForStaleNodeHandler] INFO  pipeline.PipelineStateManager (PipelineStateManager.java:finalizePipeline(123)) - Pipeline Pipeline[ Id: 8662c973-6f2d-4832-a13a-dcf87125913c, Nodes: 74659b3f-c24c-4f39-a0be-420e845131f6{ip: 192.168.30.30, host: pr-hdds1737-lts7z-2510321508, networkLocation: /default-rack, certSerialId: null}, Type:RATIS, Factor:ONE, State:CLOSED] moved to CLOSED state
2019-10-02 22:35:08,134 [EventQueue-StaleNodeForStaleNodeHandler] INFO  pipeline.SCMPipelineManager (SCMPipelineManager.java:finalizeAndDestroyPipeline(315)) - destroying pipeline:Pipeline[ Id: 04ee62b1-66f6-4fa1-84ce-d99134c5e5a7, Nodes: 235d8df1-b638-45e8-a9c5-4bfd9a856101{ip: 192.168.30.30, host: pr-hdds1737-lts7z-2510321508, networkLocation: /default-rack, certSerialId: null}af83997b-625b-464c-8c84-b76449839829{ip: 192.168.30.30, host: pr-hdds1737-lts7z-2510321508, networkLocation: /default-rack, certSerialId: null}74659b3f-c24c-4f39-a0be-420e845131f6{ip: 192.168.30.30, host: pr-hdds1737-lts7z-2510321508, networkLocation: /default-rack, certSerialId: null}, Type:RATIS, Factor:THREE, State:CLOSED]
2019-10-02 22:35:08,245 [ForkJoinPool.commonPool-worker-0] INFO  ozoneimpl.OzoneContainer (OzoneContainer.java:stop(231)) - Attempting to stop container services.
2019-10-02 22:35:08,245 [main] INFO  ozoneimpl.OzoneContainer (OzoneContainer.java:stop(231)) - Attempting to stop container services.
2019-10-02 22:35:08,252 [ForkJoinPool.commonPool-worker-0] INFO  impl.RaftServerProxy (RaftServerProxy.java:lambda$close$4(314)) - f09ae49d-7355-48d3-a9b4-1ae74d70d940: close
2019-10-02 22:35:08,253 [main] INFO  impl.RaftServerProxy (RaftServerProxy.java:lambda$close$4(314)) - 74659b3f-c24c-4f39-a0be-420e845131f6: close
2019-10-02 22:35:08,253 [ForkJoinPool.commonPool-worker-0] INFO  impl.RaftServerImpl (RaftServerImpl.java:lambda$shutdown$3(247)) - f09ae49d-7355-48d3-a9b4-1ae74d70d940@group-41DA210EB040: shutdown
2019-10-02 22:35:08,253 [main] INFO  impl.RaftServerImpl (RaftServerImpl.java:lambda$shutdown$3(247)) - 74659b3f-c24c-4f39-a0be-420e845131f6@group-DCF87125913C: shutdown
2019-10-02 22:35:08,254 [ForkJoinPool.commonPool-worker-0] INFO  util.JmxRegister (JmxRegister.java:unregister(73)) - Successfully un-registered JMX Bean with object name Ratis:service=RaftServer,group=group-41DA210EB040,id=f09ae49d-7355-48d3-a9b4-1ae74d70d940
2019-10-02 22:35:08,254 [main] INFO  util.JmxRegister (JmxRegister.java:unregister(73)) - Successfully un-registered JMX Bean with object name Ratis:service=RaftServer,group=group-DCF87125913C,id=74659b3f-c24c-4f39-a0be-420e845131f6
2019-10-02 22:35:08,254 [ForkJoinPool.commonPool-worker-0] INFO  impl.RoleInfo (RoleInfo.java:shutdownLeaderState(104)) - f09ae49d-7355-48d3-a9b4-1ae74d70d940: shutdown LeaderState
2019-10-02 22:35:08,255 [main] INFO  impl.RoleInfo (RoleInfo.java:shutdownLeaderState(104)) - 74659b3f-c24c-4f39-a0be-420e845131f6: shutdown LeaderState
2019-10-02 22:35:08,255 [ForkJoinPool.commonPool-worker-0] INFO  impl.PendingRequests (PendingRequests.java:sendNotLeaderResponses(202)) - f09ae49d-7355-48d3-a9b4-1ae74d70d940@group-41DA210EB040-PendingRequests: sendNotLeaderResponses
2019-10-02 22:35:08,255 [main] INFO  impl.PendingRequests (PendingRequests.java:sendNotLeaderResponses(202)) - 74659b3f-c24c-4f39-a0be-420e845131f6@group-DCF87125913C-PendingRequests: sendNotLeaderResponses
2019-10-02 22:35:08,256 [ForkJoinPool.commonPool-worker-0] INFO  impl.StateMachineUpdater (StateMachineUpdater.java:stopAndJoin(136)) - f09ae49d-7355-48d3-a9b4-1ae74d70d940@group-41DA210EB040-StateMachineUpdater: set stopIndex = 0
2019-10-02 22:35:08,256 [main] INFO  impl.StateMachineUpdater (StateMachineUpdater.java:stopAndJoin(136)) - 74659b3f-c24c-4f39-a0be-420e845131f6@group-DCF87125913C-StateMachineUpdater: set stopIndex = 0
2019-10-02 22:35:08,257 [ForkJoinPool.commonPool-worker-0] INFO  impl.RaftServerImpl (ServerState.java:close(387)) - f09ae49d-7355-48d3-a9b4-1ae74d70d940@group-41DA210EB040: closes. applyIndex: 0
2019-10-02 22:35:08,257 [main] INFO  impl.RaftServerImpl (ServerState.java:close(387)) - 74659b3f-c24c-4f39-a0be-420e845131f6@group-DCF87125913C: closes. applyIndex: 0
2019-10-02 22:35:08,257 [f09ae49d-7355-48d3-a9b4-1ae74d70d940@group-41DA210EB040-SegmentedRaftLogWorker] INFO  segmented.SegmentedRaftLogWorker (SegmentedRaftLogWorker.java:run(316)) - f09ae49d-7355-48d3-a9b4-1ae74d70d940@group-41DA210EB040-SegmentedRaftLogWorker was interrupted, exiting. There are 0 tasks remaining in the queue.
2019-10-02 22:35:08,257 [74659b3f-c24c-4f39-a0be-420e845131f6@group-DCF87125913C-SegmentedRaftLogWorker] INFO  segmented.SegmentedRaftLogWorker (SegmentedRaftLogWorker.java:run(316)) - 74659b3f-c24c-4f39-a0be-420e845131f6@group-DCF87125913C-SegmentedRaftLogWorker was interrupted, exiting. There are 0 tasks remaining in the queue.
2019-10-02 22:35:08,260 [ForkJoinPool.commonPool-worker-0] INFO  segmented.SegmentedRaftLogWorker (SegmentedRaftLogWorker.java:close(224)) - f09ae49d-7355-48d3-a9b4-1ae74d70d940@group-41DA210EB040-SegmentedRaftLogWorker close()
2019-10-02 22:35:08,263 [main] INFO  segmented.SegmentedRaftLogWorker (SegmentedRaftLogWorker.java:close(224)) - 74659b3f-c24c-4f39-a0be-420e845131f6@group-DCF87125913C-SegmentedRaftLogWorker close()
2019-10-02 22:35:08,267 [ForkJoinPool.commonPool-worker-0] INFO  impl.RaftServerImpl (RaftServerImpl.java:lambda$shutdown$3(247)) - f09ae49d-7355-48d3-a9b4-1ae74d70d940@group-E10D78F16196: shutdown
2019-10-02 22:35:08,271 [main] INFO  impl.RaftServerImpl (RaftServerImpl.java:lambda$shutdown$3(247)) - 74659b3f-c24c-4f39-a0be-420e845131f6@group-D99134C5E5A7: shutdown
2019-10-02 22:35:08,271 [ForkJoinPool.commonPool-worker-0] INFO  util.JmxRegister (JmxRegister.java:unregister(73)) - Successfully un-registered JMX Bean with object name Ratis:service=RaftServer,group=group-E10D78F16196,id=f09ae49d-7355-48d3-a9b4-1ae74d70d940
2019-10-02 22:35:08,271 [main] INFO  util.JmxRegister (JmxRegister.java:unregister(73)) - Successfully un-registered JMX Bean with object name Ratis:service=RaftServer,group=group-D99134C5E5A7,id=74659b3f-c24c-4f39-a0be-420e845131f6
2019-10-02 22:35:08,271 [ForkJoinPool.commonPool-worker-0] INFO  impl.RoleInfo (RoleInfo.java:shutdownLeaderState(104)) - f09ae49d-7355-48d3-a9b4-1ae74d70d940: shutdown LeaderState
2019-10-02 22:35:08,272 [main] INFO  impl.RoleInfo (RoleInfo.java:shutdownFollowerState(121)) - 74659b3f-c24c-4f39-a0be-420e845131f6: shutdown FollowerState
2019-10-02 22:35:08,275 [org.apache.ratis.server.impl.LogAppender$AppenderDaemon$$Lambda$528/229449839@71298bdd] WARN  server.GrpcLogAppender (GrpcLogAppender.java:mayWait(143)) - f09ae49d-7355-48d3-a9b4-1ae74d70d940@group-E10D78F16196->de247872-8e5b-41ff-85ec-0a9b8e009629-GrpcLogAppender: Wait interrupted by java.lang.InterruptedException
2019-10-02 22:35:08,275 [org.apache.ratis.server.impl.LogAppender$AppenderDaemon$$Lambda$528/229449839@549d1cbc] WARN  server.GrpcLogAppender (GrpcLogAppender.java:mayWait(143)) - f09ae49d-7355-48d3-a9b4-1ae74d70d940@group-E10D78F16196->cd6023cc-5bcd-4149-91cf-c15310459986-GrpcLogAppender: Wait interrupted by java.lang.InterruptedException
2019-10-02 22:35:08,275 [ForkJoinPool.commonPool-worker-0] INFO  impl.PendingRequests (PendingRequests.java:sendNotLeaderResponses(202)) - f09ae49d-7355-48d3-a9b4-1ae74d70d940@group-E10D78F16196-PendingRequests: sendNotLeaderResponses
2019-10-02 22:35:08,275 [74659b3f-c24c-4f39-a0be-420e845131f6@group-D99134C5E5A7-StateMachineUpdater] INFO  ratis.ContainerStateMachine (ContainerStateMachine.java:takeSnapshot(289)) - group-D99134C5E5A7: Taking a snapshot at:(t:2, i:14) file /workdir/hadoop-ozone/integration-test/target/test-dir/MiniOzoneClusterImpl-5b0c19db-6a49-40b5-ab5c-99aec8de0976/datanode-3/data/ratis/04ee62b1-66f6-4fa1-84ce-d99134c5e5a7/sm/snapshot.2_14
2019-10-02 22:35:08,275 [Thread-3291] INFO  impl.FollowerState (FollowerState.java:run(117)) - 74659b3f-c24c-4f39-a0be-420e845131f6@group-D99134C5E5A7-FollowerState was interrupted: java.lang.InterruptedException: sleep interrupted
2019-10-02 22:35:08,282 [f09ae49d-7355-48d3-a9b4-1ae74d70d940@group-E10D78F16196-StateMachineUpdater] INFO  ratis.ContainerStateMachine (ContainerStateMachine.java:takeSnapshot(289)) - group-E10D78F16196: Taking a snapshot at:(t:1, i:13) file /workdir/hadoop-ozone/integration-test/target/test-dir/MiniOzoneClusterImpl-5b0c19db-6a49-40b5-ab5c-99aec8de0976/datanode-1/data/ratis/2d8ac9cf-06c3-4501-aa0a-e10d78f16196/sm/snapshot.1_13
2019-10-02 22:35:08,275 [main] INFO  impl.StateMachineUpdater (StateMachineUpdater.java:stopAndJoin(136)) - 74659b3f-c24c-4f39-a0be-420e845131f6@group-D99134C5E5A7-StateMachineUpdater: set stopIndex = 18
2019-10-02 22:35:08,282 [grpc-default-executor-12] INFO  server.GrpcServerProtocolService (GrpcServerProtocolService.java:onCompleted(113)) - de247872-8e5b-41ff-85ec-0a9b8e009629: Completed APPEND_ENTRIES, lastRequest: f09ae49d-7355-48d3-a9b4-1ae74d70d940->de247872-8e5b-41ff-85ec-0a9b8e009629#29-t1, previous=(t:1, i:15), leaderCommit=15, initializing? false, entries: <empty>
2019-10-02 22:35:08,282 [grpc-default-executor-8] INFO  server.GrpcServerProtocolService (GrpcServerProtocolService.java:onCompleted(113)) - cd6023cc-5bcd-4149-91cf-c15310459986: Completed APPEND_ENTRIES, lastRequest: f09ae49d-7355-48d3-a9b4-1ae74d70d940->cd6023cc-5bcd-4149-91cf-c15310459986#29-t1, previous=(t:1, i:15), leaderCommit=15, initializing? false, entries: <empty>
2019-10-02 22:35:08,281 [ForkJoinPool.commonPool-worker-0] INFO  impl.StateMachineUpdater (StateMachineUpdater.java:stopAndJoin(136)) - f09ae49d-7355-48d3-a9b4-1ae74d70d940@group-E10D78F16196-StateMachineUpdater: set stopIndex = 15
2019-10-02 22:35:08,283 [grpc-default-executor-8] INFO  server.GrpcLogAppender (GrpcLogAppender.java:onCompleted(293)) - f09ae49d-7355-48d3-a9b4-1ae74d70d940@group-E10D78F16196->de247872-8e5b-41ff-85ec-0a9b8e009629-AppendLogResponseHandler: follower responses appendEntries COMPLETED
2019-10-02 22:35:08,284 [grpc-default-executor-8] INFO  impl.FollowerInfo (FollowerInfo.java:lambda$new$0(51)) - f09ae49d-7355-48d3-a9b4-1ae74d70d940@group-E10D78F16196->de247872-8e5b-41ff-85ec-0a9b8e009629: nextIndex: updateUnconditionally 16 -> 15
2019-10-02 22:35:08,285 [grpc-default-executor-8] INFO  server.GrpcLogAppender (GrpcLogAppender.java:onCompleted(293)) - f09ae49d-7355-48d3-a9b4-1ae74d70d940@group-E10D78F16196->cd6023cc-5bcd-4149-91cf-c15310459986-AppendLogResponseHandler: follower responses appendEntries COMPLETED
2019-10-02 22:35:08,289 [grpc-default-executor-8] INFO  impl.FollowerInfo (FollowerInfo.java:lambda$new$0(51)) - f09ae49d-7355-48d3-a9b4-1ae74d70d940@group-E10D78F16196->cd6023cc-5bcd-4149-91cf-c15310459986: nextIndex: updateUnconditionally 16 -> 15
2019-10-02 22:35:08,299 [f09ae49d-7355-48d3-a9b4-1ae74d70d940@group-E10D78F16196-StateMachineUpdater] INFO  ratis.ContainerStateMachine (ContainerStateMachine.java:takeSnapshot(300)) - group-E10D78F16196: Finished taking a snapshot at:(t:1, i:13) file:/workdir/hadoop-ozone/integration-test/target/test-dir/MiniOzoneClusterImpl-5b0c19db-6a49-40b5-ab5c-99aec8de0976/datanode-1/data/ratis/2d8ac9cf-06c3-4501-aa0a-e10d78f16196/sm/snapshot.1_13 time:18
2019-10-02 22:35:08,299 [74659b3f-c24c-4f39-a0be-420e845131f6@group-D99134C5E5A7-StateMachineUpdater] INFO  ratis.ContainerStateMachine (ContainerStateMachine.java:takeSnapshot(300)) - group-D99134C5E5A7: Finished taking a snapshot at:(t:2, i:14) file:/workdir/hadoop-ozone/integration-test/target/test-dir/MiniOzoneClusterImpl-5b0c19db-6a49-40b5-ab5c-99aec8de0976/datanode-3/data/ratis/04ee62b1-66f6-4fa1-84ce-d99134c5e5a7/sm/snapshot.2_14 time:24
2019-10-02 22:35:08,299 [f09ae49d-7355-48d3-a9b4-1ae74d70d940@group-E10D78F16196-StateMachineUpdater] INFO  impl.StateMachineUpdater (StateMachineUpdater.java:takeSnapshot(269)) - f09ae49d-7355-48d3-a9b4-1ae74d70d940@group-E10D78F16196-StateMachineUpdater: Took a snapshot at index 13
2019-10-02 22:35:08,299 [f09ae49d-7355-48d3-a9b4-1ae74d70d940@group-E10D78F16196-StateMachineUpdater] INFO  impl.StateMachineUpdater (StateMachineUpdater.java:lambda$new$0(84)) - f09ae49d-7355-48d3-a9b4-1ae74d70d940@group-E10D78F16196-StateMachineUpdater: snapshotIndex: updateIncreasingly -1 -> 13
2019-10-02 22:35:08,299 [74659b3f-c24c-4f39-a0be-420e845131f6@group-D99134C5E5A7-StateMachineUpdater] INFO  impl.StateMachineUpdater (StateMachineUpdater.java:takeSnapshot(269)) - 74659b3f-c24c-4f39-a0be-420e845131f6@group-D99134C5E5A7-StateMachineUpdater: Took a snapshot at index 14
2019-10-02 22:35:08,299 [74659b3f-c24c-4f39-a0be-420e845131f6@group-D99134C5E5A7-StateMachineUpdater] INFO  impl.StateMachineUpdater (StateMachineUpdater.java:lambda$new$0(84)) - 74659b3f-c24c-4f39-a0be-420e845131f6@group-D99134C5E5A7-StateMachineUpdater: snapshotIndex: updateIncreasingly -1 -> 14
2019-10-02 22:35:08,299 [f09ae49d-7355-48d3-a9b4-1ae74d70d940@group-E10D78F16196-StateMachineUpdater] INFO  ratis.ContainerStateMachine (ContainerStateMachine.java:takeSnapshot(289)) - group-E10D78F16196: Taking a snapshot at:(t:1, i:13) file /workdir/hadoop-ozone/integration-test/target/test-dir/MiniOzoneClusterImpl-5b0c19db-6a49-40b5-ab5c-99aec8de0976/datanode-1/data/ratis/2d8ac9cf-06c3-4501-aa0a-e10d78f16196/sm/snapshot.1_13
2019-10-02 22:35:08,299 [74659b3f-c24c-4f39-a0be-420e845131f6@group-D99134C5E5A7-StateMachineUpdater] INFO  ratis.ContainerStateMachine (ContainerStateMachine.java:takeSnapshot(289)) - group-D99134C5E5A7: Taking a snapshot at:(t:2, i:14) file /workdir/hadoop-ozone/integration-test/target/test-dir/MiniOzoneClusterImpl-5b0c19db-6a49-40b5-ab5c-99aec8de0976/datanode-3/data/ratis/04ee62b1-66f6-4fa1-84ce-d99134c5e5a7/sm/snapshot.2_14
2019-10-02 22:35:08,322 [f09ae49d-7355-48d3-a9b4-1ae74d70d940@group-E10D78F16196-StateMachineUpdater] INFO  ratis.ContainerStateMachine (ContainerStateMachine.java:takeSnapshot(300)) - group-E10D78F16196: Finished taking a snapshot at:(t:1, i:13) file:/workdir/hadoop-ozone/integration-test/target/test-dir/MiniOzoneClusterImpl-5b0c19db-6a49-40b5-ab5c-99aec8de0976/datanode-1/data/ratis/2d8ac9cf-06c3-4501-aa0a-e10d78f16196/sm/snapshot.1_13 time:23
2019-10-02 22:35:08,322 [74659b3f-c24c-4f39-a0be-420e845131f6@group-D99134C5E5A7-StateMachineUpdater] INFO  ratis.ContainerStateMachine (ContainerStateMachine.java:takeSnapshot(300)) - group-D99134C5E5A7: Finished taking a snapshot at:(t:2, i:14) file:/workdir/hadoop-ozone/integration-test/target/test-dir/MiniOzoneClusterImpl-5b0c19db-6a49-40b5-ab5c-99aec8de0976/datanode-3/data/ratis/04ee62b1-66f6-4fa1-84ce-d99134c5e5a7/sm/snapshot.2_14 time:23
2019-10-02 22:35:08,322 [f09ae49d-7355-48d3-a9b4-1ae74d70d940@group-E10D78F16196-StateMachineUpdater] INFO  impl.StateMachineUpdater (StateMachineUpdater.java:takeSnapshot(269)) - f09ae49d-7355-48d3-a9b4-1ae74d70d940@group-E10D78F16196-StateMachineUpdater: Took a snapshot at index 13
2019-10-02 22:35:08,322 [f09ae49d-7355-48d3-a9b4-1ae74d70d940@group-E10D78F16196-StateMachineUpdater] INFO  impl.StateMachineUpdater (StateMachineUpdater.java:lambda$new$0(84)) - f09ae49d-7355-48d3-a9b4-1ae74d70d940@group-E10D78F16196-StateMachineUpdater: snapshotIndex: updateIncreasingly 13 -> 13
2019-10-02 22:35:08,322 [ForkJoinPool.commonPool-worker-0] INFO  impl.RaftServerImpl (ServerState.java:close(387)) - f09ae49d-7355-48d3-a9b4-1ae74d70d940@group-E10D78F16196: closes. applyIndex: 15
2019-10-02 22:35:08,322 [74659b3f-c24c-4f39-a0be-420e845131f6@group-D99134C5E5A7-StateMachineUpdater] INFO  impl.StateMachineUpdater (StateMachineUpdater.java:takeSnapshot(269)) - 74659b3f-c24c-4f39-a0be-420e845131f6@group-D99134C5E5A7-StateMachineUpdater: Took a snapshot at index 14
2019-10-02 22:35:08,323 [74659b3f-c24c-4f39-a0be-420e845131f6@group-D99134C5E5A7-StateMachineUpdater] INFO  impl.StateMachineUpdater (StateMachineUpdater.java:lambda$new$0(84)) - 74659b3f-c24c-4f39-a0be-420e845131f6@group-D99134C5E5A7-StateMachineUpdater: snapshotIndex: updateIncreasingly 14 -> 14
2019-10-02 22:35:08,323 [f09ae49d-7355-48d3-a9b4-1ae74d70d940@group-E10D78F16196-SegmentedRaftLogWorker] INFO  segmented.SegmentedRaftLogWorker (SegmentedRaftLogWorker.java:run(316)) - f09ae49d-7355-48d3-a9b4-1ae74d70d940@group-E10D78F16196-SegmentedRaftLogWorker was interrupted, exiting. There are 0 tasks remaining in the queue.
2019-10-02 22:35:08,325 [ForkJoinPool.commonPool-worker-0] INFO  segmented.SegmentedRaftLogWorker (SegmentedRaftLogWorker.java:close(224)) - f09ae49d-7355-48d3-a9b4-1ae74d70d940@group-E10D78F16196-SegmentedRaftLogWorker close()
2019-10-02 22:35:08,325 [main] INFO  impl.RaftServerImpl (ServerState.java:close(387)) - 74659b3f-c24c-4f39-a0be-420e845131f6@group-D99134C5E5A7: closes. applyIndex: 18
2019-10-02 22:35:08,328 [ForkJoinPool.commonPool-worker-0] INFO  server.GrpcService (GrpcService.java:closeImpl(164)) - f09ae49d-7355-48d3-a9b4-1ae74d70d940: shutdown server with port 39415 now
2019-10-02 22:35:08,329 [74659b3f-c24c-4f39-a0be-420e845131f6@group-D99134C5E5A7-SegmentedRaftLogWorker] INFO  segmented.SegmentedRaftLogWorker (SegmentedRaftLogWorker.java:run(316)) - 74659b3f-c24c-4f39-a0be-420e845131f6@group-D99134C5E5A7-SegmentedRaftLogWorker was interrupted, exiting. There are 0 tasks remaining in the queue.
2019-10-02 22:35:08,331 [main] INFO  segmented.SegmentedRaftLogWorker (SegmentedRaftLogWorker.java:close(224)) - 74659b3f-c24c-4f39-a0be-420e845131f6@group-D99134C5E5A7-SegmentedRaftLogWorker close()
2019-10-02 22:35:08,331 [grpc-default-executor-12] WARN  client.GrpcClientProtocolService (LogUtils.java:warn(134)) - 2-UnorderedRequestStreamObserver2: onError: org.apache.ratis.thirdparty.io.grpc.StatusRuntimeException: CANCELLED: cancelled before receiving half close
2019-10-02 22:35:08,336 [main] INFO  server.GrpcService (GrpcService.java:closeImpl(164)) - 74659b3f-c24c-4f39-a0be-420e845131f6: shutdown server with port 39325 now
2019-10-02 22:35:08,331 [ForkJoinPool.commonPool-worker-0] INFO  server.GrpcService (GrpcService.java:closeImpl(172)) - f09ae49d-7355-48d3-a9b4-1ae74d70d940: shutdown server with port 39415 successfully
2019-10-02 22:35:08,337 [grpc-default-executor-12] WARN  server.GrpcServerProtocolService (LogUtils.java:warn(134)) - 74659b3f-c24c-4f39-a0be-420e845131f6: installSnapshot onError, lastRequest: af83997b-625b-464c-8c84-b76449839829->74659b3f-c24c-4f39-a0be-420e845131f6#7-t3, previous=(t:3, i:18), leaderCommit=18, initializing? false, entries: <empty>: org.apache.ratis.thirdparty.io.grpc.StatusRuntimeException: CANCELLED: cancelled before receiving half close
2019-10-02 22:35:08,337 [main] INFO  server.GrpcService (GrpcService.java:closeImpl(172)) - 74659b3f-c24c-4f39-a0be-420e845131f6: shutdown server with port 39325 successfully
2019-10-02 22:35:08,337 [grpc-default-executor-8] WARN  server.GrpcLogAppender (LogUtils.java:warn(134)) - af83997b-625b-464c-8c84-b76449839829@group-D99134C5E5A7->74659b3f-c24c-4f39-a0be-420e845131f6-AppendLogResponseHandler: Failed appendEntries: org.apache.ratis.thirdparty.io.grpc.StatusRuntimeException: CANCELLED: HTTP/2 error code: CANCEL
Received Rst Stream
2019-10-02 22:35:08,338 [refreshUsed-/workdir/hadoop-ozone/integration-test/target/test-dir/MiniOzoneClusterImpl-5b0c19db-6a49-40b5-ab5c-99aec8de0976/datanode-1/data/containers] WARN  fs.CachingGetSpaceUsed (CachingGetSpaceUsed.java:run(183)) - Thread Interrupted waiting to refresh disk information: sleep interrupted
2019-10-02 22:35:08,338 [grpc-default-executor-8] INFO  impl.FollowerInfo (FollowerInfo.java:lambda$new$0(51)) - af83997b-625b-464c-8c84-b76449839829@group-D99134C5E5A7->74659b3f-c24c-4f39-a0be-420e845131f6: nextIndex: updateUnconditionally 19 -> 18
2019-10-02 22:35:08,340 [refreshUsed-/workdir/hadoop-ozone/integration-test/target/test-dir/MiniOzoneClusterImpl-5b0c19db-6a49-40b5-ab5c-99aec8de0976/datanode-3/data/containers] WARN  fs.CachingGetSpaceUsed (CachingGetSpaceUsed.java:run(183)) - Thread Interrupted waiting to refresh disk information: sleep interrupted
2019-10-02 22:35:08,356 [ForkJoinPool.commonPool-worker-0] INFO  utils.BackgroundService (BackgroundService.java:shutdown(148)) - Shutting down service BlockDeletingService
2019-10-02 22:35:08,361 [ForkJoinPool.commonPool-worker-0] INFO  statemachine.DatanodeStateMachine (DatanodeStateMachine.java:stopDaemon(395)) - Ozone container server stopped.
2019-10-02 22:35:08,365 [main] INFO  utils.BackgroundService (BackgroundService.java:shutdown(148)) - Shutting down service BlockDeletingService
2019-10-02 22:35:08,369 [ForkJoinPool.commonPool-worker-0] INFO  handler.ContextHandler (ContextHandler.java:doStop(910)) - Stopped o.e.j.w.WebAppContext@7eb27768{/,null,UNAVAILABLE}{/hddsDatanode}
2019-10-02 22:35:08,370 [main] INFO  statemachine.DatanodeStateMachine (DatanodeStateMachine.java:stopDaemon(395)) - Ozone container server stopped.
2019-10-02 22:35:08,371 [ForkJoinPool.commonPool-worker-0] INFO  server.AbstractConnector (AbstractConnector.java:doStop(318)) - Stopped ServerConnector@6169be09{HTTP/1.1,[http/1.1]}{0.0.0.0:0}
2019-10-02 22:35:08,373 [ForkJoinPool.commonPool-worker-0] INFO  handler.ContextHandler (ContextHandler.java:doStop(910)) - Stopped o.e.j.s.ServletContextHandler@57cabdc3{/static,jar:file:/home/user/.m2/repository/org/apache/hadoop/hadoop-hdds-container-service/0.5.0-SNAPSHOT/hadoop-hdds-container-service-0.5.0-SNAPSHOT.jar!/webapps/static,UNAVAILABLE}
2019-10-02 22:35:08,373 [main] INFO  handler.ContextHandler (ContextHandler.java:doStop(910)) - Stopped o.e.j.w.WebAppContext@ca7e37f{/,null,UNAVAILABLE}{/hddsDatanode}
2019-10-02 22:35:08,374 [ForkJoinPool.commonPool-worker-0] INFO  handler.ContextHandler (ContextHandler.java:doStop(910)) - Stopped o.e.j.s.ServletContextHandler@6fbf5db2{/logs,file:///workdir/hadoop-ozone/integration-test/target/log,UNAVAILABLE}
2019-10-02 22:35:08,375 [main] INFO  server.AbstractConnector (AbstractConnector.java:doStop(318)) - Stopped ServerConnector@99a8de3{HTTP/1.1,[http/1.1]}{0.0.0.0:0}
2019-10-02 22:35:08,375 [main] INFO  handler.ContextHandler (ContextHandler.java:doStop(910)) - Stopped o.e.j.s.ServletContextHandler@e3899fd{/static,jar:file:/home/user/.m2/repository/org/apache/hadoop/hadoop-hdds-container-service/0.5.0-SNAPSHOT/hadoop-hdds-container-service-0.5.0-SNAPSHOT.jar!/webapps/static,UNAVAILABLE}
2019-10-02 22:35:08,375 [main] INFO  handler.ContextHandler (ContextHandler.java:doStop(910)) - Stopped o.e.j.s.ServletContextHandler@2ce524d2{/logs,file:///workdir/hadoop-ozone/integration-test/target/log,UNAVAILABLE}
2019-10-02 22:35:08,692 [grpc-default-executor-13] WARN  server.GrpcLogAppender (LogUtils.java:warn(134)) - af83997b-625b-464c-8c84-b76449839829@group-D99134C5E5A7->235d8df1-b638-45e8-a9c5-4bfd9a856101-AppendLogResponseHandler: Failed appendEntries: org.apache.ratis.thirdparty.io.grpc.StatusRuntimeException: UNAVAILABLE: io exception
2019-10-02 22:35:08,693 [grpc-default-executor-13] INFO  impl.FollowerInfo (FollowerInfo.java:lambda$new$0(51)) - af83997b-625b-464c-8c84-b76449839829@group-D99134C5E5A7->235d8df1-b638-45e8-a9c5-4bfd9a856101: nextIndex: updateUnconditionally 0 -> 0
2019-10-02 22:35:08,698 [grpc-default-executor-12] WARN  server.GrpcLogAppender (LogUtils.java:warn(134)) - af83997b-625b-464c-8c84-b76449839829@group-D99134C5E5A7->74659b3f-c24c-4f39-a0be-420e845131f6-AppendLogResponseHandler: Failed appendEntries: org.apache.ratis.thirdparty.io.grpc.StatusRuntimeException: UNAVAILABLE: io exception
2019-10-02 22:35:08,698 [grpc-default-executor-12] INFO  impl.FollowerInfo (FollowerInfo.java:lambda$new$0(51)) - af83997b-625b-464c-8c84-b76449839829@group-D99134C5E5A7->74659b3f-c24c-4f39-a0be-420e845131f6: nextIndex: updateUnconditionally 18 -> 17
2019-10-02 22:35:08,877 [Datanode State Machine Thread - 0] INFO  statemachine.DatanodeStateMachine (DatanodeStateMachine.java:lambda$startDaemon$0(350)) - Ozone container server started.
2019-10-02 22:35:09,083 [Datanode State Machine Thread - 0] INFO  statemachine.DatanodeStateMachine (DatanodeStateMachine.java:lambda$startDaemon$0(350)) - Ozone container server started.
2019-10-02 22:35:11,194 [grpc-default-executor-12] WARN  server.GrpcLogAppender (LogUtils.java:warn(134)) - af83997b-625b-464c-8c84-b76449839829@group-D99134C5E5A7->235d8df1-b638-45e8-a9c5-4bfd9a856101-AppendLogResponseHandler: Failed appendEntries: org.apache.ratis.thirdparty.io.grpc.StatusRuntimeException: UNAVAILABLE: io exception
2019-10-02 22:35:11,194 [grpc-default-executor-12] INFO  impl.FollowerInfo (FollowerInfo.java:lambda$new$0(51)) - af83997b-625b-464c-8c84-b76449839829@group-D99134C5E5A7->235d8df1-b638-45e8-a9c5-4bfd9a856101: nextIndex: updateUnconditionally 0 -> 0
2019-10-02 22:35:11,198 [grpc-default-executor-8] WARN  server.GrpcLogAppender (LogUtils.java:warn(134)) - af83997b-625b-464c-8c84-b76449839829@group-D99134C5E5A7->74659b3f-c24c-4f39-a0be-420e845131f6-AppendLogResponseHandler: Failed appendEntries: org.apache.ratis.thirdparty.io.grpc.StatusRuntimeException: UNAVAILABLE: io exception
2019-10-02 22:35:11,198 [grpc-default-executor-8] INFO  impl.FollowerInfo (FollowerInfo.java:lambda$new$0(51)) - af83997b-625b-464c-8c84-b76449839829@group-D99134C5E5A7->74659b3f-c24c-4f39-a0be-420e845131f6: nextIndex: updateUnconditionally 17 -> 16
2019-10-02 22:35:12,937 [EventQueue-StaleNodeForStaleNodeHandler] INFO  node.StaleNodeHandler (StaleNodeHandler.java:onMessage(58)) - Datanode de247872-8e5b-41ff-85ec-0a9b8e009629{ip: 192.168.30.30, host: pr-hdds1737-lts7z-2510321508, networkLocation: /default-rack, certSerialId: null} moved to stale state. Finalizing its pipelines [PipelineID=b79da0e6-e28d-4662-8d6c-e3643572acbe, PipelineID=2d8ac9cf-06c3-4501-aa0a-e10d78f16196]
2019-10-02 22:35:12,937 [EventQueue-StaleNodeForStaleNodeHandler] INFO  pipeline.SCMPipelineManager (SCMPipelineManager.java:finalizeAndDestroyPipeline(315)) - destroying pipeline:Pipeline[ Id: b79da0e6-e28d-4662-8d6c-e3643572acbe, Nodes: de247872-8e5b-41ff-85ec-0a9b8e009629{ip: 192.168.30.30, host: pr-hdds1737-lts7z-2510321508, networkLocation: /default-rack, certSerialId: null}, Type:RATIS, Factor:ONE, State:OPEN]
2019-10-02 22:35:12,938 [EventQueue-StaleNodeForStaleNodeHandler] INFO  pipeline.PipelineStateManager (PipelineStateManager.java:finalizePipeline(123)) - Pipeline Pipeline[ Id: b79da0e6-e28d-4662-8d6c-e3643572acbe, Nodes: de247872-8e5b-41ff-85ec-0a9b8e009629{ip: 192.168.30.30, host: pr-hdds1737-lts7z-2510321508, networkLocation: /default-rack, certSerialId: null}, Type:RATIS, Factor:ONE, State:CLOSED] moved to CLOSED state
2019-10-02 22:35:12,938 [EventQueue-StaleNodeForStaleNodeHandler] INFO  pipeline.SCMPipelineManager (SCMPipelineManager.java:finalizeAndDestroyPipeline(315)) - destroying pipeline:Pipeline[ Id: 2d8ac9cf-06c3-4501-aa0a-e10d78f16196, Nodes: f09ae49d-7355-48d3-a9b4-1ae74d70d940{ip: 192.168.30.30, host: pr-hdds1737-lts7z-2510321508, networkLocation: /default-rack, certSerialId: null}cd6023cc-5bcd-4149-91cf-c15310459986{ip: 192.168.30.30, host: pr-hdds1737-lts7z-2510321508, networkLocation: /default-rack, certSerialId: null}de247872-8e5b-41ff-85ec-0a9b8e009629{ip: 192.168.30.30, host: pr-hdds1737-lts7z-2510321508, networkLocation: /default-rack, certSerialId: null}, Type:RATIS, Factor:THREE, State:CLOSED]
2019-10-02 22:35:13,137 [EventQueue-StaleNodeForStaleNodeHandler] INFO  node.StaleNodeHandler (StaleNodeHandler.java:onMessage(58)) - Datanode af83997b-625b-464c-8c84-b76449839829{ip: 192.168.30.30, host: pr-hdds1737-lts7z-2510321508, networkLocation: /default-rack, certSerialId: null} moved to stale state. Finalizing its pipelines [PipelineID=04ee62b1-66f6-4fa1-84ce-d99134c5e5a7, PipelineID=5432c3be-84f2-4f9a-8bae-bc122f275057]
2019-10-02 22:35:13,137 [EventQueue-StaleNodeForStaleNodeHandler] INFO  pipeline.SCMPipelineManager (SCMPipelineManager.java:finalizeAndDestroyPipeline(315)) - destroying pipeline:Pipeline[ Id: 04ee62b1-66f6-4fa1-84ce-d99134c5e5a7, Nodes: 235d8df1-b638-45e8-a9c5-4bfd9a856101{ip: 192.168.30.30, host: pr-hdds1737-lts7z-2510321508, networkLocation: /default-rack, certSerialId: null}af83997b-625b-464c-8c84-b76449839829{ip: 192.168.30.30, host: pr-hdds1737-lts7z-2510321508, networkLocation: /default-rack, certSerialId: null}74659b3f-c24c-4f39-a0be-420e845131f6{ip: 192.168.30.30, host: pr-hdds1737-lts7z-2510321508, networkLocation: /default-rack, certSerialId: null}, Type:RATIS, Factor:THREE, State:CLOSED]
2019-10-02 22:35:13,137 [EventQueue-StaleNodeForStaleNodeHandler] INFO  pipeline.SCMPipelineManager (SCMPipelineManager.java:finalizeAndDestroyPipeline(315)) - destroying pipeline:Pipeline[ Id: 5432c3be-84f2-4f9a-8bae-bc122f275057, Nodes: af83997b-625b-464c-8c84-b76449839829{ip: 192.168.30.30, host: pr-hdds1737-lts7z-2510321508, networkLocation: /default-rack, certSerialId: null}, Type:RATIS, Factor:ONE, State:OPEN]
2019-10-02 22:35:13,137 [EventQueue-StaleNodeForStaleNodeHandler] INFO  pipeline.PipelineStateManager (PipelineStateManager.java:finalizePipeline(123)) - Pipeline Pipeline[ Id: 5432c3be-84f2-4f9a-8bae-bc122f275057, Nodes: af83997b-625b-464c-8c84-b76449839829{ip: 192.168.30.30, host: pr-hdds1737-lts7z-2510321508, networkLocation: /default-rack, certSerialId: null}, Type:RATIS, Factor:ONE, State:CLOSED] moved to CLOSED state
2019-10-02 22:35:13,302 [Thread-3159] INFO  impl.FollowerState (FollowerState.java:run(108)) - de247872-8e5b-41ff-85ec-0a9b8e009629@group-E10D78F16196-FollowerState: change to CANDIDATE, lastRpcTime:5096ms, electionTimeout:5046ms
2019-10-02 22:35:13,311 [Thread-3159] INFO  impl.RoleInfo (RoleInfo.java:shutdownFollowerState(121)) - de247872-8e5b-41ff-85ec-0a9b8e009629: shutdown FollowerState
2019-10-02 22:35:13,311 [Thread-3159] INFO  impl.RaftServerImpl (RaftServerImpl.java:setRole(170)) - de247872-8e5b-41ff-85ec-0a9b8e009629@group-E10D78F16196: changes role from  FOLLOWER to CANDIDATE at term 1 for changeToCandidate
2019-10-02 22:35:13,311 [Thread-3159] INFO  impl.RoleInfo (RoleInfo.java:updateAndGet(143)) - de247872-8e5b-41ff-85ec-0a9b8e009629: start LeaderElection
2019-10-02 22:35:13,312 [de247872-8e5b-41ff-85ec-0a9b8e009629@group-E10D78F16196-LeaderElection91] INFO  impl.RaftServerImpl (ServerState.java:setLeader(255)) - de247872-8e5b-41ff-85ec-0a9b8e009629@group-E10D78F16196: change Leader from f09ae49d-7355-48d3-a9b4-1ae74d70d940 to null at term 1 for initElection
2019-10-02 22:35:13,329 [de247872-8e5b-41ff-85ec-0a9b8e009629@group-E10D78F16196-LeaderElection91] INFO  impl.LeaderElection (LeaderElection.java:askForVotes(178)) - de247872-8e5b-41ff-85ec-0a9b8e009629@group-E10D78F16196-LeaderElection91: begin an election at term 2 for 0: [f09ae49d-7355-48d3-a9b4-1ae74d70d940:192.168.30.30:39415, de247872-8e5b-41ff-85ec-0a9b8e009629:192.168.30.30:44982, cd6023cc-5bcd-4149-91cf-c15310459986:192.168.30.30:45939], old=null
2019-10-02 22:35:13,334 [de247872-8e5b-41ff-85ec-0a9b8e009629@group-E10D78F16196-LeaderElection91] INFO  impl.LeaderElection (LogUtils.java:infoOrTrace(149)) - de247872-8e5b-41ff-85ec-0a9b8e009629@group-E10D78F16196-LeaderElection91 got exception when requesting votes: {}
java.util.concurrent.ExecutionException: org.apache.ratis.thirdparty.io.grpc.StatusRuntimeException: UNAVAILABLE: io exception
	at java.util.concurrent.FutureTask.report(FutureTask.java:122)
	at java.util.concurrent.FutureTask.get(FutureTask.java:192)
	at org.apache.ratis.server.impl.LeaderElection.waitForResults(LeaderElection.java:259)
	at org.apache.ratis.server.impl.LeaderElection.askForVotes(LeaderElection.java:197)
	at org.apache.ratis.server.impl.LeaderElection.run(LeaderElection.java:133)
	at java.lang.Thread.run(Thread.java:748)
Caused by: org.apache.ratis.thirdparty.io.grpc.StatusRuntimeException: UNAVAILABLE: io exception
	at org.apache.ratis.thirdparty.io.grpc.stub.ClientCalls.toStatusRuntimeException(ClientCalls.java:233)
	at org.apache.ratis.thirdparty.io.grpc.stub.ClientCalls.getUnchecked(ClientCalls.java:214)
	at org.apache.ratis.thirdparty.io.grpc.stub.ClientCalls.blockingUnaryCall(ClientCalls.java:139)
	at org.apache.ratis.proto.grpc.RaftServerProtocolServiceGrpc$RaftServerProtocolServiceBlockingStub.requestVote(RaftServerProtocolServiceGrpc.java:265)
	at org.apache.ratis.grpc.server.GrpcServerProtocolClient.requestVote(GrpcServerProtocolClient.java:99)
	at org.apache.ratis.grpc.server.GrpcService.requestVote(GrpcService.java:204)
	at org.apache.ratis.server.impl.LeaderElection.lambda$submitRequests$1(LeaderElection.java:234)
	at java.util.concurrent.FutureTask.run(FutureTask.java:266)
	at java.util.concurrent.Executors$RunnableAdapter.call(Executors.java:511)
	at java.util.concurrent.FutureTask.run(FutureTask.java:266)
	at java.util.concurrent.ThreadPoolExecutor.runWorker(ThreadPoolExecutor.java:1149)
	at java.util.concurrent.ThreadPoolExecutor$Worker.run(ThreadPoolExecutor.java:624)
	... 1 more
Caused by: org.apache.ratis.thirdparty.io.netty.channel.AbstractChannel$AnnotatedConnectException: Connection refused: /192.168.30.30:39415
	at sun.nio.ch.SocketChannelImpl.checkConnect(Native Method)
	at sun.nio.ch.SocketChannelImpl.finishConnect(SocketChannelImpl.java:717)
	at org.apache.ratis.thirdparty.io.netty.channel.socket.nio.NioSocketChannel.doFinishConnect(NioSocketChannel.java:327)
	at org.apache.ratis.thirdparty.io.netty.channel.nio.AbstractNioChannel$AbstractNioUnsafe.finishConnect(AbstractNioChannel.java:340)
	at org.apache.ratis.thirdparty.io.netty.channel.nio.NioEventLoop.processSelectedKey(NioEventLoop.java:632)
	at org.apache.ratis.thirdparty.io.netty.channel.nio.NioEventLoop.processSelectedKeysOptimized(NioEventLoop.java:579)
	at org.apache.ratis.thirdparty.io.netty.channel.nio.NioEventLoop.processSelectedKeys(NioEventLoop.java:496)
	at org.apache.ratis.thirdparty.io.netty.channel.nio.NioEventLoop.run(NioEventLoop.java:458)
	at org.apache.ratis.thirdparty.io.netty.util.concurrent.SingleThreadEventExecutor$5.run(SingleThreadEventExecutor.java:897)
	at org.apache.ratis.thirdparty.io.netty.util.concurrent.FastThreadLocalRunnable.run(FastThreadLocalRunnable.java:30)
	... 1 more
Caused by: java.net.ConnectException: Connection refused
	... 11 more
2019-10-02 22:35:13,340 [grpc-default-executor-8] INFO  impl.RaftServerImpl (ServerState.java:setLeader(255)) - cd6023cc-5bcd-4149-91cf-c15310459986@group-E10D78F16196: change Leader from f09ae49d-7355-48d3-a9b4-1ae74d70d940 to null at term 2 for updateCurrentTerm
2019-10-02 22:35:13,340 [grpc-default-executor-8] INFO  impl.RaftServerImpl (RaftServerImpl.java:setRole(170)) - cd6023cc-5bcd-4149-91cf-c15310459986@group-E10D78F16196: changes role from  FOLLOWER to FOLLOWER at term 2 for recognizeCandidate:de247872-8e5b-41ff-85ec-0a9b8e009629
2019-10-02 22:35:13,341 [grpc-default-executor-8] INFO  impl.RoleInfo (RoleInfo.java:shutdownFollowerState(121)) - cd6023cc-5bcd-4149-91cf-c15310459986: shutdown FollowerState
2019-10-02 22:35:13,341 [grpc-default-executor-8] INFO  impl.RoleInfo (RoleInfo.java:updateAndGet(143)) - cd6023cc-5bcd-4149-91cf-c15310459986: start FollowerState
2019-10-02 22:35:13,341 [Thread-3158] INFO  impl.FollowerState (FollowerState.java:run(117)) - cd6023cc-5bcd-4149-91cf-c15310459986@group-E10D78F16196-FollowerState was interrupted: java.lang.InterruptedException: sleep interrupted
2019-10-02 22:35:13,356 [de247872-8e5b-41ff-85ec-0a9b8e009629@group-E10D78F16196-LeaderElection91] INFO  impl.LeaderElection (LeaderElection.java:logAndReturn(56)) - de247872-8e5b-41ff-85ec-0a9b8e009629@group-E10D78F16196-LeaderElection91: Election PASSED; received 1 response(s) [de247872-8e5b-41ff-85ec-0a9b8e009629<-cd6023cc-5bcd-4149-91cf-c15310459986#0:OK-t2] and 1 exception(s); de247872-8e5b-41ff-85ec-0a9b8e009629@group-E10D78F16196:t2, leader=null, voted=de247872-8e5b-41ff-85ec-0a9b8e009629, raftlog=de247872-8e5b-41ff-85ec-0a9b8e009629@group-E10D78F16196-SegmentedRaftLog:OPENED:c15,f15,i15, conf=0: [f09ae49d-7355-48d3-a9b4-1ae74d70d940:192.168.30.30:39415, de247872-8e5b-41ff-85ec-0a9b8e009629:192.168.30.30:44982, cd6023cc-5bcd-4149-91cf-c15310459986:192.168.30.30:45939], old=null
2019-10-02 22:35:13,356 [de247872-8e5b-41ff-85ec-0a9b8e009629@group-E10D78F16196-LeaderElection91] INFO  impl.LeaderElection (LogUtils.java:infoOrTrace(149)) -   Exception 0: {}
java.util.concurrent.ExecutionException: org.apache.ratis.thirdparty.io.grpc.StatusRuntimeException: UNAVAILABLE: io exception
	at java.util.concurrent.FutureTask.report(FutureTask.java:122)
	at java.util.concurrent.FutureTask.get(FutureTask.java:192)
	at org.apache.ratis.server.impl.LeaderElection.waitForResults(LeaderElection.java:259)
	at org.apache.ratis.server.impl.LeaderElection.askForVotes(LeaderElection.java:197)
	at org.apache.ratis.server.impl.LeaderElection.run(LeaderElection.java:133)
	at java.lang.Thread.run(Thread.java:748)
Caused by: org.apache.ratis.thirdparty.io.grpc.StatusRuntimeException: UNAVAILABLE: io exception
	at org.apache.ratis.thirdparty.io.grpc.stub.ClientCalls.toStatusRuntimeException(ClientCalls.java:233)
	at org.apache.ratis.thirdparty.io.grpc.stub.ClientCalls.getUnchecked(ClientCalls.java:214)
	at org.apache.ratis.thirdparty.io.grpc.stub.ClientCalls.blockingUnaryCall(ClientCalls.java:139)
	at org.apache.ratis.proto.grpc.RaftServerProtocolServiceGrpc$RaftServerProtocolServiceBlockingStub.requestVote(RaftServerProtocolServiceGrpc.java:265)
	at org.apache.ratis.grpc.server.GrpcServerProtocolClient.requestVote(GrpcServerProtocolClient.java:99)
	at org.apache.ratis.grpc.server.GrpcService.requestVote(GrpcService.java:204)
	at org.apache.ratis.server.impl.LeaderElection.lambda$submitRequests$1(LeaderElection.java:234)
	at java.util.concurrent.FutureTask.run(FutureTask.java:266)
	at java.util.concurrent.Executors$RunnableAdapter.call(Executors.java:511)
	at java.util.concurrent.FutureTask.run(FutureTask.java:266)
	at java.util.concurrent.ThreadPoolExecutor.runWorker(ThreadPoolExecutor.java:1149)
	at java.util.concurrent.ThreadPoolExecutor$Worker.run(ThreadPoolExecutor.java:624)
	... 1 more
Caused by: org.apache.ratis.thirdparty.io.netty.channel.AbstractChannel$AnnotatedConnectException: Connection refused: /192.168.30.30:39415
	at sun.nio.ch.SocketChannelImpl.checkConnect(Native Method)
	at sun.nio.ch.SocketChannelImpl.finishConnect(SocketChannelImpl.java:717)
	at org.apache.ratis.thirdparty.io.netty.channel.socket.nio.NioSocketChannel.doFinishConnect(NioSocketChannel.java:327)
	at org.apache.ratis.thirdparty.io.netty.channel.nio.AbstractNioChannel$AbstractNioUnsafe.finishConnect(AbstractNioChannel.java:340)
	at org.apache.ratis.thirdparty.io.netty.channel.nio.NioEventLoop.processSelectedKey(NioEventLoop.java:632)
	at org.apache.ratis.thirdparty.io.netty.channel.nio.NioEventLoop.processSelectedKeysOptimized(NioEventLoop.java:579)
	at org.apache.ratis.thirdparty.io.netty.channel.nio.NioEventLoop.processSelectedKeys(NioEventLoop.java:496)
	at org.apache.ratis.thirdparty.io.netty.channel.nio.NioEventLoop.run(NioEventLoop.java:458)
	at org.apache.ratis.thirdparty.io.netty.util.concurrent.SingleThreadEventExecutor$5.run(SingleThreadEventExecutor.java:897)
	at org.apache.ratis.thirdparty.io.netty.util.concurrent.FastThreadLocalRunnable.run(FastThreadLocalRunnable.java:30)
	... 1 more
Caused by: java.net.ConnectException: Connection refused
	... 11 more
2019-10-02 22:35:13,357 [de247872-8e5b-41ff-85ec-0a9b8e009629@group-E10D78F16196-LeaderElection91] INFO  impl.RoleInfo (RoleInfo.java:shutdownLeaderElection(134)) - de247872-8e5b-41ff-85ec-0a9b8e009629: shutdown LeaderElection
2019-10-02 22:35:13,357 [de247872-8e5b-41ff-85ec-0a9b8e009629@group-E10D78F16196-LeaderElection91] INFO  impl.RaftServerImpl (RaftServerImpl.java:setRole(170)) - de247872-8e5b-41ff-85ec-0a9b8e009629@group-E10D78F16196: changes role from CANDIDATE to LEADER at term 2 for changeToLeader
2019-10-02 22:35:13,357 [de247872-8e5b-41ff-85ec-0a9b8e009629@group-E10D78F16196-LeaderElection91] INFO  impl.RaftServerImpl (ServerState.java:setLeader(255)) - de247872-8e5b-41ff-85ec-0a9b8e009629@group-E10D78F16196: change Leader from null to de247872-8e5b-41ff-85ec-0a9b8e009629 at term 2 for becomeLeader, leader elected after 44ms
2019-10-02 22:35:13,357 [de247872-8e5b-41ff-85ec-0a9b8e009629@group-E10D78F16196-LeaderElection91] INFO  server.RaftServerConfigKeys (ConfUtils.java:logGet(43)) - raft.server.staging.catchup.gap = 1000 (default)
2019-10-02 22:35:13,357 [de247872-8e5b-41ff-85ec-0a9b8e009629@group-E10D78F16196-LeaderElection91] INFO  server.RaftServerConfigKeys (ConfUtils.java:logGet(43)) - raft.server.rpc.sleep.time = 25ms (default)
2019-10-02 22:35:13,358 [de247872-8e5b-41ff-85ec-0a9b8e009629@group-E10D78F16196-LeaderElection91] INFO  server.RaftServerConfigKeys (ConfUtils.java:logGet(43)) - raft.server.write.element-limit = 4096 (default)
2019-10-02 22:35:13,358 [de247872-8e5b-41ff-85ec-0a9b8e009629@group-E10D78F16196-LeaderElection91] INFO  server.RaftServerConfigKeys (ConfUtils.java:logGet(43)) - raft.server.watch.timeout = 10s (default)
2019-10-02 22:35:13,358 [de247872-8e5b-41ff-85ec-0a9b8e009629@group-E10D78F16196-LeaderElection91] INFO  server.RaftServerConfigKeys (ConfUtils.java:logGet(43)) - raft.server.watch.timeout.denomination = 1s (default)
2019-10-02 22:35:13,358 [de247872-8e5b-41ff-85ec-0a9b8e009629@group-E10D78F16196-LeaderElection91] INFO  server.RaftServerConfigKeys (ConfUtils.java:logGet(43)) - raft.server.watch.element-limit = 65536 (default)
2019-10-02 22:35:13,360 [de247872-8e5b-41ff-85ec-0a9b8e009629@group-E10D78F16196-LeaderElection91] INFO  server.RaftServerConfigKeys (ConfUtils.java:logGet(43)) - raft.server.log.appender.snapshot.chunk.size.max = 16MB (=16777216) (default)
2019-10-02 22:35:13,361 [de247872-8e5b-41ff-85ec-0a9b8e009629@group-E10D78F16196-LeaderElection91] INFO  server.RaftServerConfigKeys (ConfUtils.java:logGet(43)) - raft.server.log.appender.buffer.byte-limit = 33554432 (custom)
2019-10-02 22:35:13,361 [de247872-8e5b-41ff-85ec-0a9b8e009629@group-E10D78F16196-LeaderElection91] INFO  server.RaftServerConfigKeys (ConfUtils.java:logGet(43)) - raft.server.log.appender.buffer.element-limit = 1 (custom)
2019-10-02 22:35:13,361 [de247872-8e5b-41ff-85ec-0a9b8e009629@group-E10D78F16196-LeaderElection91] INFO  grpc.GrpcConfigKeys$Server (ConfUtils.java:logGet(43)) - raft.grpc.server.leader.outstanding.appends.max = 128 (default)
2019-10-02 22:35:13,361 [de247872-8e5b-41ff-85ec-0a9b8e009629@group-E10D78F16196-LeaderElection91] INFO  server.RaftServerConfigKeys (ConfUtils.java:logGet(43)) - raft.server.rpc.request.timeout = 3000ms (default)
2019-10-02 22:35:13,361 [de247872-8e5b-41ff-85ec-0a9b8e009629@group-E10D78F16196-LeaderElection91] INFO  server.RaftServerConfigKeys (ConfUtils.java:logGet(43)) - raft.server.log.appender.install.snapshot.enabled = false (custom)
2019-10-02 22:35:13,362 [de247872-8e5b-41ff-85ec-0a9b8e009629@group-E10D78F16196-LeaderElection91] INFO  server.RaftServerConfigKeys (ConfUtils.java:logGet(43)) - raft.server.log.appender.snapshot.chunk.size.max = 16MB (=16777216) (default)
2019-10-02 22:35:13,362 [de247872-8e5b-41ff-85ec-0a9b8e009629@group-E10D78F16196-LeaderElection91] INFO  server.RaftServerConfigKeys (ConfUtils.java:logGet(43)) - raft.server.log.appender.buffer.byte-limit = 33554432 (custom)
2019-10-02 22:35:13,362 [de247872-8e5b-41ff-85ec-0a9b8e009629@group-E10D78F16196-LeaderElection91] INFO  server.RaftServerConfigKeys (ConfUtils.java:logGet(43)) - raft.server.log.appender.buffer.element-limit = 1 (custom)
2019-10-02 22:35:13,362 [de247872-8e5b-41ff-85ec-0a9b8e009629@group-E10D78F16196-LeaderElection91] INFO  grpc.GrpcConfigKeys$Server (ConfUtils.java:logGet(43)) - raft.grpc.server.leader.outstanding.appends.max = 128 (default)
2019-10-02 22:35:13,362 [de247872-8e5b-41ff-85ec-0a9b8e009629@group-E10D78F16196-LeaderElection91] INFO  server.RaftServerConfigKeys (ConfUtils.java:logGet(43)) - raft.server.rpc.request.timeout = 3000ms (default)
2019-10-02 22:35:13,362 [de247872-8e5b-41ff-85ec-0a9b8e009629@group-E10D78F16196-LeaderElection91] INFO  server.RaftServerConfigKeys (ConfUtils.java:logGet(43)) - raft.server.log.appender.install.snapshot.enabled = false (custom)
2019-10-02 22:35:13,362 [de247872-8e5b-41ff-85ec-0a9b8e009629@group-E10D78F16196-LeaderElection91] INFO  impl.RoleInfo (RoleInfo.java:updateAndGet(143)) - de247872-8e5b-41ff-85ec-0a9b8e009629: start LeaderState
2019-10-02 22:35:13,363 [de247872-8e5b-41ff-85ec-0a9b8e009629@group-E10D78F16196-LeaderElection91] INFO  segmented.SegmentedRaftLogWorker (SegmentedRaftLogWorker.java:rollLogSegment(390)) - de247872-8e5b-41ff-85ec-0a9b8e009629@group-E10D78F16196-SegmentedRaftLogWorker: Rolling segment log-0_15 to index:15
2019-10-02 22:35:13,364 [de247872-8e5b-41ff-85ec-0a9b8e009629@group-E10D78F16196-LeaderElection91] INFO  impl.RaftServerImpl (ServerState.java:setRaftConf(356)) - de247872-8e5b-41ff-85ec-0a9b8e009629@group-E10D78F16196: set configuration 16: [f09ae49d-7355-48d3-a9b4-1ae74d70d940:192.168.30.30:39415, de247872-8e5b-41ff-85ec-0a9b8e009629:192.168.30.30:44982, cd6023cc-5bcd-4149-91cf-c15310459986:192.168.30.30:45939], old=null at 16
2019-10-02 22:35:13,364 [de247872-8e5b-41ff-85ec-0a9b8e009629@group-E10D78F16196-SegmentedRaftLogWorker] INFO  segmented.SegmentedRaftLogWorker (SegmentedRaftLogWorker.java:execute(531)) - de247872-8e5b-41ff-85ec-0a9b8e009629@group-E10D78F16196-SegmentedRaftLogWorker: Rolled log segment from /workdir/hadoop-ozone/integration-test/target/test-dir/MiniOzoneClusterImpl-5b0c19db-6a49-40b5-ab5c-99aec8de0976/datanode-2/data/ratis/2d8ac9cf-06c3-4501-aa0a-e10d78f16196/current/log_inprogress_0 to /workdir/hadoop-ozone/integration-test/target/test-dir/MiniOzoneClusterImpl-5b0c19db-6a49-40b5-ab5c-99aec8de0976/datanode-2/data/ratis/2d8ac9cf-06c3-4501-aa0a-e10d78f16196/current/log_0-15
2019-10-02 22:35:13,367 [grpc-default-executor-8] WARN  server.GrpcLogAppender (LogUtils.java:warn(134)) - de247872-8e5b-41ff-85ec-0a9b8e009629@group-E10D78F16196->f09ae49d-7355-48d3-a9b4-1ae74d70d940-AppendLogResponseHandler: Failed appendEntries: org.apache.ratis.thirdparty.io.grpc.StatusRuntimeException: UNAVAILABLE: io exception
2019-10-02 22:35:13,367 [grpc-default-executor-8] INFO  impl.FollowerInfo (FollowerInfo.java:lambda$new$0(51)) - de247872-8e5b-41ff-85ec-0a9b8e009629@group-E10D78F16196->f09ae49d-7355-48d3-a9b4-1ae74d70d940: nextIndex: updateUnconditionally 16 -> 1
2019-10-02 22:35:13,368 [grpc-default-executor-8] INFO  impl.RaftServerImpl (ServerState.java:setLeader(255)) - cd6023cc-5bcd-4149-91cf-c15310459986@group-E10D78F16196: change Leader from null to de247872-8e5b-41ff-85ec-0a9b8e009629 at term 2 for appendEntries, leader elected after 27ms
2019-10-02 22:35:13,370 [grpc-default-executor-8] INFO  impl.RaftServerImpl (ServerState.java:setRaftConf(356)) - cd6023cc-5bcd-4149-91cf-c15310459986@group-E10D78F16196: set configuration 16: [f09ae49d-7355-48d3-a9b4-1ae74d70d940:192.168.30.30:39415, de247872-8e5b-41ff-85ec-0a9b8e009629:192.168.30.30:44982, cd6023cc-5bcd-4149-91cf-c15310459986:192.168.30.30:45939], old=null at 16
2019-10-02 22:35:13,370 [grpc-default-executor-8] INFO  segmented.SegmentedRaftLogWorker (SegmentedRaftLogWorker.java:rollLogSegment(390)) - cd6023cc-5bcd-4149-91cf-c15310459986@group-E10D78F16196-SegmentedRaftLogWorker: Rolling segment log-0_15 to index:15
2019-10-02 22:35:13,371 [cd6023cc-5bcd-4149-91cf-c15310459986@group-E10D78F16196-SegmentedRaftLogWorker] INFO  segmented.SegmentedRaftLogWorker (SegmentedRaftLogWorker.java:execute(531)) - cd6023cc-5bcd-4149-91cf-c15310459986@group-E10D78F16196-SegmentedRaftLogWorker: Rolled log segment from /workdir/hadoop-ozone/integration-test/target/test-dir/MiniOzoneClusterImpl-5b0c19db-6a49-40b5-ab5c-99aec8de0976/datanode-0/data/ratis/2d8ac9cf-06c3-4501-aa0a-e10d78f16196/current/log_inprogress_0 to /workdir/hadoop-ozone/integration-test/target/test-dir/MiniOzoneClusterImpl-5b0c19db-6a49-40b5-ab5c-99aec8de0976/datanode-0/data/ratis/2d8ac9cf-06c3-4501-aa0a-e10d78f16196/current/log_0-15
2019-10-02 22:35:13,399 [main] INFO  ozoneimpl.OzoneContainer (OzoneContainer.java:stop(231)) - Attempting to stop container services.
2019-10-02 22:35:13,399 [ForkJoinPool.commonPool-worker-0] INFO  ozoneimpl.OzoneContainer (OzoneContainer.java:stop(231)) - Attempting to stop container services.
2019-10-02 22:35:13,425 [de247872-8e5b-41ff-85ec-0a9b8e009629@group-E10D78F16196-SegmentedRaftLogWorker] INFO  segmented.SegmentedRaftLogWorker (SegmentedRaftLogWorker.java:execute(574)) - de247872-8e5b-41ff-85ec-0a9b8e009629@group-E10D78F16196-SegmentedRaftLogWorker: created new log segment /workdir/hadoop-ozone/integration-test/target/test-dir/MiniOzoneClusterImpl-5b0c19db-6a49-40b5-ab5c-99aec8de0976/datanode-2/data/ratis/2d8ac9cf-06c3-4501-aa0a-e10d78f16196/current/log_inprogress_16
2019-10-02 22:35:13,425 [ForkJoinPool.commonPool-worker-0] INFO  impl.RaftServerProxy (RaftServerProxy.java:lambda$close$4(314)) - de247872-8e5b-41ff-85ec-0a9b8e009629: close
2019-10-02 22:35:13,425 [main] INFO  impl.RaftServerProxy (RaftServerProxy.java:lambda$close$4(314)) - af83997b-625b-464c-8c84-b76449839829: close
2019-10-02 22:35:13,425 [ForkJoinPool.commonPool-worker-0] INFO  impl.RaftServerImpl (RaftServerImpl.java:lambda$shutdown$3(247)) - de247872-8e5b-41ff-85ec-0a9b8e009629@group-E3643572ACBE: shutdown
2019-10-02 22:35:13,426 [main] INFO  impl.RaftServerImpl (RaftServerImpl.java:lambda$shutdown$3(247)) - af83997b-625b-464c-8c84-b76449839829@group-D99134C5E5A7: shutdown
2019-10-02 22:35:13,426 [ForkJoinPool.commonPool-worker-0] INFO  util.JmxRegister (JmxRegister.java:unregister(73)) - Successfully un-registered JMX Bean with object name Ratis:service=RaftServer,group=group-E3643572ACBE,id=de247872-8e5b-41ff-85ec-0a9b8e009629
2019-10-02 22:35:13,426 [main] INFO  util.JmxRegister (JmxRegister.java:unregister(73)) - Successfully un-registered JMX Bean with object name Ratis:service=RaftServer,group=group-D99134C5E5A7,id=af83997b-625b-464c-8c84-b76449839829
2019-10-02 22:35:13,426 [ForkJoinPool.commonPool-worker-0] INFO  impl.RoleInfo (RoleInfo.java:shutdownLeaderState(104)) - de247872-8e5b-41ff-85ec-0a9b8e009629: shutdown LeaderState
2019-10-02 22:35:13,426 [main] INFO  impl.RoleInfo (RoleInfo.java:shutdownLeaderState(104)) - af83997b-625b-464c-8c84-b76449839829: shutdown LeaderState
2019-10-02 22:35:13,427 [ForkJoinPool.commonPool-worker-0] INFO  impl.PendingRequests (PendingRequests.java:sendNotLeaderResponses(202)) - de247872-8e5b-41ff-85ec-0a9b8e009629@group-E3643572ACBE-PendingRequests: sendNotLeaderResponses
2019-10-02 22:35:13,430 [org.apache.ratis.server.impl.LogAppender$AppenderDaemon$$Lambda$528/229449839@70f91877] WARN  server.GrpcLogAppender (GrpcLogAppender.java:mayWait(143)) - af83997b-625b-464c-8c84-b76449839829@group-D99134C5E5A7->235d8df1-b638-45e8-a9c5-4bfd9a856101-GrpcLogAppender: Wait interrupted by java.lang.InterruptedException
2019-10-02 22:35:13,430 [org.apache.ratis.server.impl.LogAppender$AppenderDaemon$$Lambda$528/229449839@4cc5ff8f] WARN  server.GrpcLogAppender (GrpcLogAppender.java:mayWait(143)) - af83997b-625b-464c-8c84-b76449839829@group-D99134C5E5A7->74659b3f-c24c-4f39-a0be-420e845131f6-GrpcLogAppender: Wait interrupted by java.lang.InterruptedException
2019-10-02 22:35:13,430 [main] INFO  impl.PendingRequests (PendingRequests.java:sendNotLeaderResponses(202)) - af83997b-625b-464c-8c84-b76449839829@group-D99134C5E5A7-PendingRequests: sendNotLeaderResponses
2019-10-02 22:35:13,430 [ForkJoinPool.commonPool-worker-0] INFO  impl.StateMachineUpdater (StateMachineUpdater.java:stopAndJoin(136)) - de247872-8e5b-41ff-85ec-0a9b8e009629@group-E3643572ACBE-StateMachineUpdater: set stopIndex = 0
2019-10-02 22:35:13,432 [main] INFO  impl.StateMachineUpdater (StateMachineUpdater.java:stopAndJoin(136)) - af83997b-625b-464c-8c84-b76449839829@group-D99134C5E5A7-StateMachineUpdater: set stopIndex = 18
2019-10-02 22:35:13,432 [af83997b-625b-464c-8c84-b76449839829@group-D99134C5E5A7-StateMachineUpdater] INFO  ratis.ContainerStateMachine (ContainerStateMachine.java:takeSnapshot(289)) - group-D99134C5E5A7: Taking a snapshot at:(t:2, i:14) file /workdir/hadoop-ozone/integration-test/target/test-dir/MiniOzoneClusterImpl-5b0c19db-6a49-40b5-ab5c-99aec8de0976/datanode-6/data/ratis/04ee62b1-66f6-4fa1-84ce-d99134c5e5a7/sm/snapshot.2_14
2019-10-02 22:35:13,432 [ForkJoinPool.commonPool-worker-0] INFO  impl.RaftServerImpl (ServerState.java:close(387)) - de247872-8e5b-41ff-85ec-0a9b8e009629@group-E3643572ACBE: closes. applyIndex: 0
2019-10-02 22:35:13,433 [de247872-8e5b-41ff-85ec-0a9b8e009629@group-E3643572ACBE-SegmentedRaftLogWorker] INFO  segmented.SegmentedRaftLogWorker (SegmentedRaftLogWorker.java:run(316)) - de247872-8e5b-41ff-85ec-0a9b8e009629@group-E3643572ACBE-SegmentedRaftLogWorker was interrupted, exiting. There are 0 tasks remaining in the queue.
2019-10-02 22:35:13,435 [ForkJoinPool.commonPool-worker-0] INFO  segmented.SegmentedRaftLogWorker (SegmentedRaftLogWorker.java:close(224)) - de247872-8e5b-41ff-85ec-0a9b8e009629@group-E3643572ACBE-SegmentedRaftLogWorker close()
2019-10-02 22:35:13,437 [ForkJoinPool.commonPool-worker-0] INFO  impl.RaftServerImpl (RaftServerImpl.java:lambda$shutdown$3(247)) - de247872-8e5b-41ff-85ec-0a9b8e009629@group-E10D78F16196: shutdown
2019-10-02 22:35:13,437 [ForkJoinPool.commonPool-worker-0] INFO  util.JmxRegister (JmxRegister.java:unregister(73)) - Successfully un-registered JMX Bean with object name Ratis:service=RaftServer,group=group-E10D78F16196,id=de247872-8e5b-41ff-85ec-0a9b8e009629
2019-10-02 22:35:13,438 [ForkJoinPool.commonPool-worker-0] INFO  impl.RoleInfo (RoleInfo.java:shutdownLeaderState(104)) - de247872-8e5b-41ff-85ec-0a9b8e009629: shutdown LeaderState
2019-10-02 22:35:13,440 [ForkJoinPool.commonPool-worker-0] INFO  impl.PendingRequests (PendingRequests.java:sendNotLeaderResponses(202)) - de247872-8e5b-41ff-85ec-0a9b8e009629@group-E10D78F16196-PendingRequests: sendNotLeaderResponses
2019-10-02 22:35:13,440 [cd6023cc-5bcd-4149-91cf-c15310459986@group-E10D78F16196-SegmentedRaftLogWorker] INFO  segmented.SegmentedRaftLogWorker (SegmentedRaftLogWorker.java:execute(574)) - cd6023cc-5bcd-4149-91cf-c15310459986@group-E10D78F16196-SegmentedRaftLogWorker: created new log segment /workdir/hadoop-ozone/integration-test/target/test-dir/MiniOzoneClusterImpl-5b0c19db-6a49-40b5-ab5c-99aec8de0976/datanode-0/data/ratis/2d8ac9cf-06c3-4501-aa0a-e10d78f16196/current/log_inprogress_16
2019-10-02 22:35:13,444 [ForkJoinPool.commonPool-worker-0] INFO  impl.StateMachineUpdater (StateMachineUpdater.java:stopAndJoin(136)) - de247872-8e5b-41ff-85ec-0a9b8e009629@group-E10D78F16196-StateMachineUpdater: set stopIndex = 15
2019-10-02 22:35:13,440 [org.apache.ratis.server.impl.LogAppender$AppenderDaemon$$Lambda$528/229449839@6e78e63d] WARN  server.GrpcLogAppender (GrpcLogAppender.java:mayWait(143)) - de247872-8e5b-41ff-85ec-0a9b8e009629@group-E10D78F16196->cd6023cc-5bcd-4149-91cf-c15310459986-GrpcLogAppender: Wait interrupted by java.lang.InterruptedException
2019-10-02 22:35:13,440 [org.apache.ratis.server.impl.LogAppender$AppenderDaemon$$Lambda$528/229449839@457f87a6] WARN  server.GrpcLogAppender (GrpcLogAppender.java:mayWait(143)) - de247872-8e5b-41ff-85ec-0a9b8e009629@group-E10D78F16196->f09ae49d-7355-48d3-a9b4-1ae74d70d940-GrpcLogAppender: Wait interrupted by java.lang.InterruptedException
2019-10-02 22:35:13,440 [af83997b-625b-464c-8c84-b76449839829@group-D99134C5E5A7-StateMachineUpdater] INFO  ratis.ContainerStateMachine (ContainerStateMachine.java:takeSnapshot(300)) - group-D99134C5E5A7: Finished taking a snapshot at:(t:2, i:14) file:/workdir/hadoop-ozone/integration-test/target/test-dir/MiniOzoneClusterImpl-5b0c19db-6a49-40b5-ab5c-99aec8de0976/datanode-6/data/ratis/04ee62b1-66f6-4fa1-84ce-d99134c5e5a7/sm/snapshot.2_14 time:7
2019-10-02 22:35:13,444 [de247872-8e5b-41ff-85ec-0a9b8e009629@group-E10D78F16196-StateMachineUpdater] INFO  ratis.ContainerStateMachine (ContainerStateMachine.java:takeSnapshot(289)) - group-E10D78F16196: Taking a snapshot at:(t:1, i:13) file /workdir/hadoop-ozone/integration-test/target/test-dir/MiniOzoneClusterImpl-5b0c19db-6a49-40b5-ab5c-99aec8de0976/datanode-2/data/ratis/2d8ac9cf-06c3-4501-aa0a-e10d78f16196/sm/snapshot.1_13
2019-10-02 22:35:13,445 [af83997b-625b-464c-8c84-b76449839829@group-D99134C5E5A7-StateMachineUpdater] INFO  impl.StateMachineUpdater (StateMachineUpdater.java:takeSnapshot(269)) - af83997b-625b-464c-8c84-b76449839829@group-D99134C5E5A7-StateMachineUpdater: Took a snapshot at index 14
2019-10-02 22:35:13,445 [af83997b-625b-464c-8c84-b76449839829@group-D99134C5E5A7-StateMachineUpdater] INFO  impl.StateMachineUpdater (StateMachineUpdater.java:lambda$new$0(84)) - af83997b-625b-464c-8c84-b76449839829@group-D99134C5E5A7-StateMachineUpdater: snapshotIndex: updateIncreasingly -1 -> 14
2019-10-02 22:35:13,445 [grpc-default-executor-8] INFO  server.GrpcServerProtocolService (GrpcServerProtocolService.java:onCompleted(113)) - cd6023cc-5bcd-4149-91cf-c15310459986: Completed APPEND_ENTRIES, lastRequest: de247872-8e5b-41ff-85ec-0a9b8e009629->cd6023cc-5bcd-4149-91cf-c15310459986#1-t2, previous=(t:1, i:15), leaderCommit=15, initializing? false, entries: size=1, first=(t:2, i:16), CONFIGURATIONENTRY
2019-10-02 22:35:13,445 [af83997b-625b-464c-8c84-b76449839829@group-D99134C5E5A7-StateMachineUpdater] INFO  ratis.ContainerStateMachine (ContainerStateMachine.java:takeSnapshot(289)) - group-D99134C5E5A7: Taking a snapshot at:(t:2, i:14) file /workdir/hadoop-ozone/integration-test/target/test-dir/MiniOzoneClusterImpl-5b0c19db-6a49-40b5-ab5c-99aec8de0976/datanode-6/data/ratis/04ee62b1-66f6-4fa1-84ce-d99134c5e5a7/sm/snapshot.2_14
2019-10-02 22:35:13,445 [grpc-default-executor-8] INFO  server.GrpcLogAppender (GrpcLogAppender.java:onCompleted(293)) - de247872-8e5b-41ff-85ec-0a9b8e009629@group-E10D78F16196->cd6023cc-5bcd-4149-91cf-c15310459986-AppendLogResponseHandler: follower responses appendEntries COMPLETED
2019-10-02 22:35:13,446 [grpc-default-executor-8] INFO  impl.FollowerInfo (FollowerInfo.java:lambda$new$0(51)) - de247872-8e5b-41ff-85ec-0a9b8e009629@group-E10D78F16196->cd6023cc-5bcd-4149-91cf-c15310459986: nextIndex: updateUnconditionally 17 -> 16
2019-10-02 22:35:13,462 [af83997b-625b-464c-8c84-b76449839829@group-D99134C5E5A7-StateMachineUpdater] INFO  ratis.ContainerStateMachine (ContainerStateMachine.java:takeSnapshot(300)) - group-D99134C5E5A7: Finished taking a snapshot at:(t:2, i:14) file:/workdir/hadoop-ozone/integration-test/target/test-dir/MiniOzoneClusterImpl-5b0c19db-6a49-40b5-ab5c-99aec8de0976/datanode-6/data/ratis/04ee62b1-66f6-4fa1-84ce-d99134c5e5a7/sm/snapshot.2_14 time:17
2019-10-02 22:35:13,462 [de247872-8e5b-41ff-85ec-0a9b8e009629@group-E10D78F16196-StateMachineUpdater] INFO  ratis.ContainerStateMachine (ContainerStateMachine.java:takeSnapshot(300)) - group-E10D78F16196: Finished taking a snapshot at:(t:1, i:13) file:/workdir/hadoop-ozone/integration-test/target/test-dir/MiniOzoneClusterImpl-5b0c19db-6a49-40b5-ab5c-99aec8de0976/datanode-2/data/ratis/2d8ac9cf-06c3-4501-aa0a-e10d78f16196/sm/snapshot.1_13 time:18
2019-10-02 22:35:13,462 [af83997b-625b-464c-8c84-b76449839829@group-D99134C5E5A7-StateMachineUpdater] INFO  impl.StateMachineUpdater (StateMachineUpdater.java:takeSnapshot(269)) - af83997b-625b-464c-8c84-b76449839829@group-D99134C5E5A7-StateMachineUpdater: Took a snapshot at index 14
2019-10-02 22:35:13,462 [af83997b-625b-464c-8c84-b76449839829@group-D99134C5E5A7-StateMachineUpdater] INFO  impl.StateMachineUpdater (StateMachineUpdater.java:lambda$new$0(84)) - af83997b-625b-464c-8c84-b76449839829@group-D99134C5E5A7-StateMachineUpdater: snapshotIndex: updateIncreasingly 14 -> 14
2019-10-02 22:35:13,462 [de247872-8e5b-41ff-85ec-0a9b8e009629@group-E10D78F16196-StateMachineUpdater] INFO  impl.StateMachineUpdater (StateMachineUpdater.java:takeSnapshot(269)) - de247872-8e5b-41ff-85ec-0a9b8e009629@group-E10D78F16196-StateMachineUpdater: Took a snapshot at index 13
2019-10-02 22:35:13,462 [de247872-8e5b-41ff-85ec-0a9b8e009629@group-E10D78F16196-StateMachineUpdater] INFO  impl.StateMachineUpdater (StateMachineUpdater.java:lambda$new$0(84)) - de247872-8e5b-41ff-85ec-0a9b8e009629@group-E10D78F16196-StateMachineUpdater: snapshotIndex: updateIncreasingly -1 -> 13
2019-10-02 22:35:13,462 [main] INFO  impl.RaftServerImpl (ServerState.java:close(387)) - af83997b-625b-464c-8c84-b76449839829@group-D99134C5E5A7: closes. applyIndex: 18
2019-10-02 22:35:13,462 [de247872-8e5b-41ff-85ec-0a9b8e009629@group-E10D78F16196-StateMachineUpdater] INFO  ratis.ContainerStateMachine (ContainerStateMachine.java:takeSnapshot(289)) - group-E10D78F16196: Taking a snapshot at:(t:1, i:13) file /workdir/hadoop-ozone/integration-test/target/test-dir/MiniOzoneClusterImpl-5b0c19db-6a49-40b5-ab5c-99aec8de0976/datanode-2/data/ratis/2d8ac9cf-06c3-4501-aa0a-e10d78f16196/sm/snapshot.1_13
2019-10-02 22:35:13,462 [af83997b-625b-464c-8c84-b76449839829@group-D99134C5E5A7-SegmentedRaftLogWorker] INFO  segmented.SegmentedRaftLogWorker (SegmentedRaftLogWorker.java:run(316)) - af83997b-625b-464c-8c84-b76449839829@group-D99134C5E5A7-SegmentedRaftLogWorker was interrupted, exiting. There are 0 tasks remaining in the queue.
2019-10-02 22:35:13,464 [main] INFO  segmented.SegmentedRaftLogWorker (SegmentedRaftLogWorker.java:close(224)) - af83997b-625b-464c-8c84-b76449839829@group-D99134C5E5A7-SegmentedRaftLogWorker close()
2019-10-02 22:35:13,467 [main] INFO  impl.RaftServerImpl (RaftServerImpl.java:lambda$shutdown$3(247)) - af83997b-625b-464c-8c84-b76449839829@group-BC122F275057: shutdown
2019-10-02 22:35:13,467 [main] INFO  util.JmxRegister (JmxRegister.java:unregister(73)) - Successfully un-registered JMX Bean with object name Ratis:service=RaftServer,group=group-BC122F275057,id=af83997b-625b-464c-8c84-b76449839829
2019-10-02 22:35:13,468 [main] INFO  impl.RoleInfo (RoleInfo.java:shutdownLeaderState(104)) - af83997b-625b-464c-8c84-b76449839829: shutdown LeaderState
2019-10-02 22:35:13,468 [main] INFO  impl.PendingRequests (PendingRequests.java:sendNotLeaderResponses(202)) - af83997b-625b-464c-8c84-b76449839829@group-BC122F275057-PendingRequests: sendNotLeaderResponses
2019-10-02 22:35:13,468 [main] INFO  impl.StateMachineUpdater (StateMachineUpdater.java:stopAndJoin(136)) - af83997b-625b-464c-8c84-b76449839829@group-BC122F275057-StateMachineUpdater: set stopIndex = 0
2019-10-02 22:35:13,468 [main] INFO  impl.RaftServerImpl (ServerState.java:close(387)) - af83997b-625b-464c-8c84-b76449839829@group-BC122F275057: closes. applyIndex: 0
2019-10-02 22:35:13,469 [af83997b-625b-464c-8c84-b76449839829@group-BC122F275057-SegmentedRaftLogWorker] INFO  segmented.SegmentedRaftLogWorker (SegmentedRaftLogWorker.java:run(316)) - af83997b-625b-464c-8c84-b76449839829@group-BC122F275057-SegmentedRaftLogWorker was interrupted, exiting. There are 0 tasks remaining in the queue.
2019-10-02 22:35:13,471 [main] INFO  segmented.SegmentedRaftLogWorker (SegmentedRaftLogWorker.java:close(224)) - af83997b-625b-464c-8c84-b76449839829@group-BC122F275057-SegmentedRaftLogWorker close()
2019-10-02 22:35:13,473 [main] INFO  server.GrpcService (GrpcService.java:closeImpl(164)) - af83997b-625b-464c-8c84-b76449839829: shutdown server with port 46711 now
2019-10-02 22:35:13,474 [main] INFO  server.GrpcService (GrpcService.java:closeImpl(172)) - af83997b-625b-464c-8c84-b76449839829: shutdown server with port 46711 successfully
2019-10-02 22:35:13,475 [de247872-8e5b-41ff-85ec-0a9b8e009629@group-E10D78F16196-StateMachineUpdater] INFO  ratis.ContainerStateMachine (ContainerStateMachine.java:takeSnapshot(300)) - group-E10D78F16196: Finished taking a snapshot at:(t:1, i:13) file:/workdir/hadoop-ozone/integration-test/target/test-dir/MiniOzoneClusterImpl-5b0c19db-6a49-40b5-ab5c-99aec8de0976/datanode-2/data/ratis/2d8ac9cf-06c3-4501-aa0a-e10d78f16196/sm/snapshot.1_13 time:13
2019-10-02 22:35:13,475 [de247872-8e5b-41ff-85ec-0a9b8e009629@group-E10D78F16196-StateMachineUpdater] INFO  impl.StateMachineUpdater (StateMachineUpdater.java:takeSnapshot(269)) - de247872-8e5b-41ff-85ec-0a9b8e009629@group-E10D78F16196-StateMachineUpdater: Took a snapshot at index 13
2019-10-02 22:35:13,476 [de247872-8e5b-41ff-85ec-0a9b8e009629@group-E10D78F16196-StateMachineUpdater] INFO  impl.StateMachineUpdater (StateMachineUpdater.java:lambda$new$0(84)) - de247872-8e5b-41ff-85ec-0a9b8e009629@group-E10D78F16196-StateMachineUpdater: snapshotIndex: updateIncreasingly 13 -> 13
2019-10-02 22:35:13,476 [refreshUsed-/workdir/hadoop-ozone/integration-test/target/test-dir/MiniOzoneClusterImpl-5b0c19db-6a49-40b5-ab5c-99aec8de0976/datanode-6/data/containers] WARN  fs.CachingGetSpaceUsed (CachingGetSpaceUsed.java:run(183)) - Thread Interrupted waiting to refresh disk information: sleep interrupted
2019-10-02 22:35:13,476 [ForkJoinPool.commonPool-worker-0] INFO  impl.RaftServerImpl (ServerState.java:close(387)) - de247872-8e5b-41ff-85ec-0a9b8e009629@group-E10D78F16196: closes. applyIndex: 15
2019-10-02 22:35:13,477 [de247872-8e5b-41ff-85ec-0a9b8e009629@group-E10D78F16196-SegmentedRaftLogWorker] INFO  segmented.SegmentedRaftLogWorker (SegmentedRaftLogWorker.java:run(316)) - de247872-8e5b-41ff-85ec-0a9b8e009629@group-E10D78F16196-SegmentedRaftLogWorker was interrupted, exiting. There are 0 tasks remaining in the queue.
2019-10-02 22:35:13,479 [ForkJoinPool.commonPool-worker-0] INFO  segmented.SegmentedRaftLogWorker (SegmentedRaftLogWorker.java:close(224)) - de247872-8e5b-41ff-85ec-0a9b8e009629@group-E10D78F16196-SegmentedRaftLogWorker close()
2019-10-02 22:35:13,494 [ForkJoinPool.commonPool-worker-0] INFO  server.GrpcService (GrpcService.java:closeImpl(164)) - de247872-8e5b-41ff-85ec-0a9b8e009629: shutdown server with port 44982 now
2019-10-02 22:35:13,494 [ForkJoinPool.commonPool-worker-0] INFO  server.GrpcService (GrpcService.java:closeImpl(172)) - de247872-8e5b-41ff-85ec-0a9b8e009629: shutdown server with port 44982 successfully
2019-10-02 22:35:13,499 [refreshUsed-/workdir/hadoop-ozone/integration-test/target/test-dir/MiniOzoneClusterImpl-5b0c19db-6a49-40b5-ab5c-99aec8de0976/datanode-2/data/containers] WARN  fs.CachingGetSpaceUsed (CachingGetSpaceUsed.java:run(183)) - Thread Interrupted waiting to refresh disk information: sleep interrupted
2019-10-02 22:35:13,510 [main] INFO  utils.BackgroundService (BackgroundService.java:shutdown(148)) - Shutting down service BlockDeletingService
2019-10-02 22:35:13,514 [main] INFO  statemachine.DatanodeStateMachine (DatanodeStateMachine.java:stopDaemon(395)) - Ozone container server stopped.
2019-10-02 22:35:13,514 [ForkJoinPool.commonPool-worker-0] INFO  utils.BackgroundService (BackgroundService.java:shutdown(148)) - Shutting down service BlockDeletingService
2019-10-02 22:35:13,519 [ForkJoinPool.commonPool-worker-0] INFO  statemachine.DatanodeStateMachine (DatanodeStateMachine.java:stopDaemon(395)) - Ozone container server stopped.
2019-10-02 22:35:13,522 [main] INFO  handler.ContextHandler (ContextHandler.java:doStop(910)) - Stopped o.e.j.w.WebAppContext@2b0454d2{/,null,UNAVAILABLE}{/hddsDatanode}
2019-10-02 22:35:13,523 [ForkJoinPool.commonPool-worker-0] INFO  handler.ContextHandler (ContextHandler.java:doStop(910)) - Stopped o.e.j.w.WebAppContext@5e193ef5{/,null,UNAVAILABLE}{/hddsDatanode}
2019-10-02 22:35:13,525 [main] INFO  server.AbstractConnector (AbstractConnector.java:doStop(318)) - Stopped ServerConnector@2616b618{HTTP/1.1,[http/1.1]}{0.0.0.0:0}
2019-10-02 22:35:13,525 [ForkJoinPool.commonPool-worker-0] INFO  server.AbstractConnector (AbstractConnector.java:doStop(318)) - Stopped ServerConnector@106c988{HTTP/1.1,[http/1.1]}{0.0.0.0:0}
2019-10-02 22:35:13,525 [main] INFO  handler.ContextHandler (ContextHandler.java:doStop(910)) - Stopped o.e.j.s.ServletContextHandler@77c66a4f{/static,jar:file:/home/user/.m2/repository/org/apache/hadoop/hadoop-hdds-container-service/0.5.0-SNAPSHOT/hadoop-hdds-container-service-0.5.0-SNAPSHOT.jar!/webapps/static,UNAVAILABLE}
2019-10-02 22:35:13,526 [ForkJoinPool.commonPool-worker-0] INFO  handler.ContextHandler (ContextHandler.java:doStop(910)) - Stopped o.e.j.s.ServletContextHandler@78c74647{/static,jar:file:/home/user/.m2/repository/org/apache/hadoop/hadoop-hdds-container-service/0.5.0-SNAPSHOT/hadoop-hdds-container-service-0.5.0-SNAPSHOT.jar!/webapps/static,UNAVAILABLE}
2019-10-02 22:35:13,527 [main] INFO  handler.ContextHandler (ContextHandler.java:doStop(910)) - Stopped o.e.j.s.ServletContextHandler@798cf6d2{/logs,file:///workdir/hadoop-ozone/integration-test/target/log,UNAVAILABLE}
2019-10-02 22:35:13,528 [ForkJoinPool.commonPool-worker-0] INFO  handler.ContextHandler (ContextHandler.java:doStop(910)) - Stopped o.e.j.s.ServletContextHandler@477523ba{/logs,file:///workdir/hadoop-ozone/integration-test/target/log,UNAVAILABLE}
2019-10-02 22:35:13,604 [Datanode State Machine Thread - 0] INFO  statemachine.DatanodeStateMachine (DatanodeStateMachine.java:lambda$startDaemon$0(350)) - Ozone container server started.
2019-10-02 22:35:13,914 [Datanode State Machine Thread - 0] INFO  statemachine.DatanodeStateMachine (DatanodeStateMachine.java:lambda$startDaemon$0(350)) - Ozone container server started.
2019-10-02 22:35:17,643 [EventQueue-StaleNodeForStaleNodeHandler] INFO  node.StaleNodeHandler (StaleNodeHandler.java:onMessage(58)) - Datanode f016b09c-ac10-4c80-a5da-2657148b46c2{ip: 192.168.30.30, host: pr-hdds1737-lts7z-2510321508, networkLocation: /default-rack, certSerialId: null} moved to stale state. Finalizing its pipelines [PipelineID=0c5c0f76-3418-4380-99ea-0347d297d1fe]
2019-10-02 22:35:17,644 [EventQueue-StaleNodeForStaleNodeHandler] INFO  pipeline.SCMPipelineManager (SCMPipelineManager.java:finalizeAndDestroyPipeline(315)) - destroying pipeline:Pipeline[ Id: 0c5c0f76-3418-4380-99ea-0347d297d1fe, Nodes: f016b09c-ac10-4c80-a5da-2657148b46c2{ip: 192.168.30.30, host: pr-hdds1737-lts7z-2510321508, networkLocation: /default-rack, certSerialId: null}, Type:RATIS, Factor:ONE, State:OPEN]
2019-10-02 22:35:17,645 [EventQueue-StaleNodeForStaleNodeHandler] INFO  pipeline.PipelineStateManager (PipelineStateManager.java:finalizePipeline(123)) - Pipeline Pipeline[ Id: 0c5c0f76-3418-4380-99ea-0347d297d1fe, Nodes: f016b09c-ac10-4c80-a5da-2657148b46c2{ip: 192.168.30.30, host: pr-hdds1737-lts7z-2510321508, networkLocation: /default-rack, certSerialId: null}, Type:RATIS, Factor:ONE, State:CLOSED] moved to CLOSED state
2019-10-02 22:35:17,943 [EventQueue-StaleNodeForStaleNodeHandler] INFO  node.StaleNodeHandler (StaleNodeHandler.java:onMessage(58)) - Datanode cd6023cc-5bcd-4149-91cf-c15310459986{ip: 192.168.30.30, host: pr-hdds1737-lts7z-2510321508, networkLocation: /default-rack, certSerialId: null} moved to stale state. Finalizing its pipelines [PipelineID=bffcb842-6154-4b62-8cbc-27fbf4e6319b, PipelineID=2d8ac9cf-06c3-4501-aa0a-e10d78f16196]
2019-10-02 22:35:17,944 [EventQueue-StaleNodeForStaleNodeHandler] INFO  pipeline.SCMPipelineManager (SCMPipelineManager.java:finalizeAndDestroyPipeline(315)) - destroying pipeline:Pipeline[ Id: bffcb842-6154-4b62-8cbc-27fbf4e6319b, Nodes: cd6023cc-5bcd-4149-91cf-c15310459986{ip: 192.168.30.30, host: pr-hdds1737-lts7z-2510321508, networkLocation: /default-rack, certSerialId: null}, Type:RATIS, Factor:ONE, State:OPEN]
2019-10-02 22:35:17,944 [EventQueue-StaleNodeForStaleNodeHandler] INFO  pipeline.PipelineStateManager (PipelineStateManager.java:finalizePipeline(123)) - Pipeline Pipeline[ Id: bffcb842-6154-4b62-8cbc-27fbf4e6319b, Nodes: cd6023cc-5bcd-4149-91cf-c15310459986{ip: 192.168.30.30, host: pr-hdds1737-lts7z-2510321508, networkLocation: /default-rack, certSerialId: null}, Type:RATIS, Factor:ONE, State:CLOSED] moved to CLOSED state
2019-10-02 22:35:17,944 [EventQueue-StaleNodeForStaleNodeHandler] INFO  pipeline.SCMPipelineManager (SCMPipelineManager.java:finalizeAndDestroyPipeline(315)) - destroying pipeline:Pipeline[ Id: 2d8ac9cf-06c3-4501-aa0a-e10d78f16196, Nodes: f09ae49d-7355-48d3-a9b4-1ae74d70d940{ip: 192.168.30.30, host: pr-hdds1737-lts7z-2510321508, networkLocation: /default-rack, certSerialId: null}cd6023cc-5bcd-4149-91cf-c15310459986{ip: 192.168.30.30, host: pr-hdds1737-lts7z-2510321508, networkLocation: /default-rack, certSerialId: null}de247872-8e5b-41ff-85ec-0a9b8e009629{ip: 192.168.30.30, host: pr-hdds1737-lts7z-2510321508, networkLocation: /default-rack, certSerialId: null}, Type:RATIS, Factor:THREE, State:CLOSED]
2019-10-02 22:35:18,530 [main] INFO  ozoneimpl.OzoneContainer (OzoneContainer.java:stop(231)) - Attempting to stop container services.
2019-10-02 22:35:18,530 [ForkJoinPool.commonPool-worker-0] INFO  ozoneimpl.OzoneContainer (OzoneContainer.java:stop(231)) - Attempting to stop container services.
2019-10-02 22:35:18,534 [main] INFO  impl.RaftServerProxy (RaftServerProxy.java:lambda$close$4(314)) - f016b09c-ac10-4c80-a5da-2657148b46c2: close
2019-10-02 22:35:18,534 [ForkJoinPool.commonPool-worker-0] INFO  impl.RaftServerProxy (RaftServerProxy.java:lambda$close$4(314)) - cd6023cc-5bcd-4149-91cf-c15310459986: close
2019-10-02 22:35:18,534 [main] INFO  impl.RaftServerImpl (RaftServerImpl.java:lambda$shutdown$3(247)) - f016b09c-ac10-4c80-a5da-2657148b46c2@group-0347D297D1FE: shutdown
2019-10-02 22:35:18,534 [ForkJoinPool.commonPool-worker-0] INFO  impl.RaftServerImpl (RaftServerImpl.java:lambda$shutdown$3(247)) - cd6023cc-5bcd-4149-91cf-c15310459986@group-27FBF4E6319B: shutdown
2019-10-02 22:35:18,535 [main] INFO  util.JmxRegister (JmxRegister.java:unregister(73)) - Successfully un-registered JMX Bean with object name Ratis:service=RaftServer,group=group-0347D297D1FE,id=f016b09c-ac10-4c80-a5da-2657148b46c2
2019-10-02 22:35:18,535 [ForkJoinPool.commonPool-worker-0] INFO  util.JmxRegister (JmxRegister.java:unregister(73)) - Successfully un-registered JMX Bean with object name Ratis:service=RaftServer,group=group-27FBF4E6319B,id=cd6023cc-5bcd-4149-91cf-c15310459986
2019-10-02 22:35:18,535 [main] INFO  impl.RoleInfo (RoleInfo.java:shutdownLeaderState(104)) - f016b09c-ac10-4c80-a5da-2657148b46c2: shutdown LeaderState
2019-10-02 22:35:18,536 [ForkJoinPool.commonPool-worker-0] INFO  impl.RoleInfo (RoleInfo.java:shutdownLeaderState(104)) - cd6023cc-5bcd-4149-91cf-c15310459986: shutdown LeaderState
2019-10-02 22:35:18,536 [main] INFO  impl.PendingRequests (PendingRequests.java:sendNotLeaderResponses(202)) - f016b09c-ac10-4c80-a5da-2657148b46c2@group-0347D297D1FE-PendingRequests: sendNotLeaderResponses
2019-10-02 22:35:18,536 [ForkJoinPool.commonPool-worker-0] INFO  impl.PendingRequests (PendingRequests.java:sendNotLeaderResponses(202)) - cd6023cc-5bcd-4149-91cf-c15310459986@group-27FBF4E6319B-PendingRequests: sendNotLeaderResponses
2019-10-02 22:35:18,537 [ForkJoinPool.commonPool-worker-0] INFO  impl.StateMachineUpdater (StateMachineUpdater.java:stopAndJoin(136)) - cd6023cc-5bcd-4149-91cf-c15310459986@group-27FBF4E6319B-StateMachineUpdater: set stopIndex = 0
2019-10-02 22:35:18,537 [main] INFO  impl.StateMachineUpdater (StateMachineUpdater.java:stopAndJoin(136)) - f016b09c-ac10-4c80-a5da-2657148b46c2@group-0347D297D1FE-StateMachineUpdater: set stopIndex = 0
2019-10-02 22:35:18,537 [ForkJoinPool.commonPool-worker-0] INFO  impl.RaftServerImpl (ServerState.java:close(387)) - cd6023cc-5bcd-4149-91cf-c15310459986@group-27FBF4E6319B: closes. applyIndex: 0
2019-10-02 22:35:18,537 [main] INFO  impl.RaftServerImpl (ServerState.java:close(387)) - f016b09c-ac10-4c80-a5da-2657148b46c2@group-0347D297D1FE: closes. applyIndex: 0
2019-10-02 22:35:18,537 [cd6023cc-5bcd-4149-91cf-c15310459986@group-27FBF4E6319B-SegmentedRaftLogWorker] INFO  segmented.SegmentedRaftLogWorker (SegmentedRaftLogWorker.java:run(316)) - cd6023cc-5bcd-4149-91cf-c15310459986@group-27FBF4E6319B-SegmentedRaftLogWorker was interrupted, exiting. There are 0 tasks remaining in the queue.
2019-10-02 22:35:18,538 [f016b09c-ac10-4c80-a5da-2657148b46c2@group-0347D297D1FE-SegmentedRaftLogWorker] INFO  segmented.SegmentedRaftLogWorker (SegmentedRaftLogWorker.java:run(316)) - f016b09c-ac10-4c80-a5da-2657148b46c2@group-0347D297D1FE-SegmentedRaftLogWorker was interrupted, exiting. There are 0 tasks remaining in the queue.
2019-10-02 22:35:18,538 [ForkJoinPool.commonPool-worker-0] INFO  segmented.SegmentedRaftLogWorker (SegmentedRaftLogWorker.java:close(224)) - cd6023cc-5bcd-4149-91cf-c15310459986@group-27FBF4E6319B-SegmentedRaftLogWorker close()
2019-10-02 22:35:18,538 [main] INFO  segmented.SegmentedRaftLogWorker (SegmentedRaftLogWorker.java:close(224)) - f016b09c-ac10-4c80-a5da-2657148b46c2@group-0347D297D1FE-SegmentedRaftLogWorker close()
2019-10-02 22:35:18,540 [ForkJoinPool.commonPool-worker-0] INFO  impl.RaftServerImpl (RaftServerImpl.java:lambda$shutdown$3(247)) - cd6023cc-5bcd-4149-91cf-c15310459986@group-E10D78F16196: shutdown
2019-10-02 22:35:18,541 [main] INFO  server.GrpcService (GrpcService.java:closeImpl(164)) - f016b09c-ac10-4c80-a5da-2657148b46c2: shutdown server with port 40909 now
2019-10-02 22:35:18,541 [ForkJoinPool.commonPool-worker-0] INFO  util.JmxRegister (JmxRegister.java:unregister(73)) - Successfully un-registered JMX Bean with object name Ratis:service=RaftServer,group=group-E10D78F16196,id=cd6023cc-5bcd-4149-91cf-c15310459986
2019-10-02 22:35:18,541 [ForkJoinPool.commonPool-worker-0] INFO  impl.RoleInfo (RoleInfo.java:shutdownFollowerState(121)) - cd6023cc-5bcd-4149-91cf-c15310459986: shutdown FollowerState
2019-10-02 22:35:18,541 [main] INFO  server.GrpcService (GrpcService.java:closeImpl(172)) - f016b09c-ac10-4c80-a5da-2657148b46c2: shutdown server with port 40909 successfully
2019-10-02 22:35:18,542 [cd6023cc-5bcd-4149-91cf-c15310459986@group-E10D78F16196-StateMachineUpdater] INFO  ratis.ContainerStateMachine (ContainerStateMachine.java:takeSnapshot(289)) - group-E10D78F16196: Taking a snapshot at:(t:1, i:13) file /workdir/hadoop-ozone/integration-test/target/test-dir/MiniOzoneClusterImpl-5b0c19db-6a49-40b5-ab5c-99aec8de0976/datanode-0/data/ratis/2d8ac9cf-06c3-4501-aa0a-e10d78f16196/sm/snapshot.1_13
2019-10-02 22:35:18,542 [Thread-3379] INFO  impl.FollowerState (FollowerState.java:run(117)) - cd6023cc-5bcd-4149-91cf-c15310459986@group-E10D78F16196-FollowerState was interrupted: java.lang.InterruptedException: sleep interrupted
2019-10-02 22:35:18,541 [ForkJoinPool.commonPool-worker-0] INFO  impl.StateMachineUpdater (StateMachineUpdater.java:stopAndJoin(136)) - cd6023cc-5bcd-4149-91cf-c15310459986@group-E10D78F16196-StateMachineUpdater: set stopIndex = 15
2019-10-02 22:35:18,544 [refreshUsed-/workdir/hadoop-ozone/integration-test/target/test-dir/MiniOzoneClusterImpl-5b0c19db-6a49-40b5-ab5c-99aec8de0976/datanode-5/data/containers] WARN  fs.CachingGetSpaceUsed (CachingGetSpaceUsed.java:run(183)) - Thread Interrupted waiting to refresh disk information: sleep interrupted
2019-10-02 22:35:18,558 [main] INFO  utils.BackgroundService (BackgroundService.java:shutdown(148)) - Shutting down service BlockDeletingService
2019-10-02 22:35:18,561 [cd6023cc-5bcd-4149-91cf-c15310459986@group-E10D78F16196-StateMachineUpdater] INFO  ratis.ContainerStateMachine (ContainerStateMachine.java:takeSnapshot(300)) - group-E10D78F16196: Finished taking a snapshot at:(t:1, i:13) file:/workdir/hadoop-ozone/integration-test/target/test-dir/MiniOzoneClusterImpl-5b0c19db-6a49-40b5-ab5c-99aec8de0976/datanode-0/data/ratis/2d8ac9cf-06c3-4501-aa0a-e10d78f16196/sm/snapshot.1_13 time:20
2019-10-02 22:35:18,564 [main] INFO  statemachine.DatanodeStateMachine (DatanodeStateMachine.java:stopDaemon(395)) - Ozone container server stopped.
2019-10-02 22:35:18,564 [cd6023cc-5bcd-4149-91cf-c15310459986@group-E10D78F16196-StateMachineUpdater] INFO  impl.StateMachineUpdater (StateMachineUpdater.java:takeSnapshot(269)) - cd6023cc-5bcd-4149-91cf-c15310459986@group-E10D78F16196-StateMachineUpdater: Took a snapshot at index 13
2019-10-02 22:35:18,564 [cd6023cc-5bcd-4149-91cf-c15310459986@group-E10D78F16196-StateMachineUpdater] INFO  impl.StateMachineUpdater (StateMachineUpdater.java:lambda$new$0(84)) - cd6023cc-5bcd-4149-91cf-c15310459986@group-E10D78F16196-StateMachineUpdater: snapshotIndex: updateIncreasingly -1 -> 13
2019-10-02 22:35:18,565 [cd6023cc-5bcd-4149-91cf-c15310459986@group-E10D78F16196-StateMachineUpdater] INFO  ratis.ContainerStateMachine (ContainerStateMachine.java:takeSnapshot(289)) - group-E10D78F16196: Taking a snapshot at:(t:1, i:13) file /workdir/hadoop-ozone/integration-test/target/test-dir/MiniOzoneClusterImpl-5b0c19db-6a49-40b5-ab5c-99aec8de0976/datanode-0/data/ratis/2d8ac9cf-06c3-4501-aa0a-e10d78f16196/sm/snapshot.1_13
2019-10-02 22:35:18,566 [main] INFO  handler.ContextHandler (ContextHandler.java:doStop(910)) - Stopped o.e.j.w.WebAppContext@7cd5fcf4{/,null,UNAVAILABLE}{/hddsDatanode}
2019-10-02 22:35:18,567 [main] INFO  server.AbstractConnector (AbstractConnector.java:doStop(318)) - Stopped ServerConnector@19cdc217{HTTP/1.1,[http/1.1]}{0.0.0.0:0}
2019-10-02 22:35:18,568 [main] INFO  handler.ContextHandler (ContextHandler.java:doStop(910)) - Stopped o.e.j.s.ServletContextHandler@6d6cd1e0{/static,jar:file:/home/user/.m2/repository/org/apache/hadoop/hadoop-hdds-container-service/0.5.0-SNAPSHOT/hadoop-hdds-container-service-0.5.0-SNAPSHOT.jar!/webapps/static,UNAVAILABLE}
2019-10-02 22:35:18,569 [main] INFO  handler.ContextHandler (ContextHandler.java:doStop(910)) - Stopped o.e.j.s.ServletContextHandler@6ce26986{/logs,file:///workdir/hadoop-ozone/integration-test/target/log,UNAVAILABLE}
2019-10-02 22:35:18,579 [cd6023cc-5bcd-4149-91cf-c15310459986@group-E10D78F16196-StateMachineUpdater] INFO  ratis.ContainerStateMachine (ContainerStateMachine.java:takeSnapshot(300)) - group-E10D78F16196: Finished taking a snapshot at:(t:1, i:13) file:/workdir/hadoop-ozone/integration-test/target/test-dir/MiniOzoneClusterImpl-5b0c19db-6a49-40b5-ab5c-99aec8de0976/datanode-0/data/ratis/2d8ac9cf-06c3-4501-aa0a-e10d78f16196/sm/snapshot.1_13 time:14
2019-10-02 22:35:18,579 [cd6023cc-5bcd-4149-91cf-c15310459986@group-E10D78F16196-StateMachineUpdater] INFO  impl.StateMachineUpdater (StateMachineUpdater.java:takeSnapshot(269)) - cd6023cc-5bcd-4149-91cf-c15310459986@group-E10D78F16196-StateMachineUpdater: Took a snapshot at index 13
2019-10-02 22:35:18,579 [cd6023cc-5bcd-4149-91cf-c15310459986@group-E10D78F16196-StateMachineUpdater] INFO  impl.StateMachineUpdater (StateMachineUpdater.java:lambda$new$0(84)) - cd6023cc-5bcd-4149-91cf-c15310459986@group-E10D78F16196-StateMachineUpdater: snapshotIndex: updateIncreasingly 13 -> 13
2019-10-02 22:35:18,579 [ForkJoinPool.commonPool-worker-0] INFO  impl.RaftServerImpl (ServerState.java:close(387)) - cd6023cc-5bcd-4149-91cf-c15310459986@group-E10D78F16196: closes. applyIndex: 15
2019-10-02 22:35:18,580 [cd6023cc-5bcd-4149-91cf-c15310459986@group-E10D78F16196-SegmentedRaftLogWorker] INFO  segmented.SegmentedRaftLogWorker (SegmentedRaftLogWorker.java:run(316)) - cd6023cc-5bcd-4149-91cf-c15310459986@group-E10D78F16196-SegmentedRaftLogWorker was interrupted, exiting. There are 0 tasks remaining in the queue.
2019-10-02 22:35:18,581 [ForkJoinPool.commonPool-worker-0] INFO  segmented.SegmentedRaftLogWorker (SegmentedRaftLogWorker.java:close(224)) - cd6023cc-5bcd-4149-91cf-c15310459986@group-E10D78F16196-SegmentedRaftLogWorker close()
2019-10-02 22:35:18,582 [ForkJoinPool.commonPool-worker-0] INFO  server.GrpcService (GrpcService.java:closeImpl(164)) - cd6023cc-5bcd-4149-91cf-c15310459986: shutdown server with port 45939 now
2019-10-02 22:35:18,583 [ForkJoinPool.commonPool-worker-0] INFO  server.GrpcService (GrpcService.java:closeImpl(172)) - cd6023cc-5bcd-4149-91cf-c15310459986: shutdown server with port 45939 successfully
2019-10-02 22:35:18,587 [refreshUsed-/workdir/hadoop-ozone/integration-test/target/test-dir/MiniOzoneClusterImpl-5b0c19db-6a49-40b5-ab5c-99aec8de0976/datanode-0/data/containers] WARN  fs.CachingGetSpaceUsed (CachingGetSpaceUsed.java:run(183)) - Thread Interrupted waiting to refresh disk information: sleep interrupted
2019-10-02 22:35:18,596 [ForkJoinPool.commonPool-worker-0] INFO  utils.BackgroundService (BackgroundService.java:shutdown(148)) - Shutting down service BlockDeletingService
2019-10-02 22:35:18,600 [ForkJoinPool.commonPool-worker-0] INFO  statemachine.DatanodeStateMachine (DatanodeStateMachine.java:stopDaemon(395)) - Ozone container server stopped.
2019-10-02 22:35:18,603 [ForkJoinPool.commonPool-worker-0] INFO  handler.ContextHandler (ContextHandler.java:doStop(910)) - Stopped o.e.j.w.WebAppContext@7b8ea1db{/,null,UNAVAILABLE}{/hddsDatanode}
2019-10-02 22:35:18,604 [ForkJoinPool.commonPool-worker-0] INFO  server.AbstractConnector (AbstractConnector.java:doStop(318)) - Stopped ServerConnector@a91119b{HTTP/1.1,[http/1.1]}{0.0.0.0:0}
2019-10-02 22:35:18,606 [ForkJoinPool.commonPool-worker-0] INFO  handler.ContextHandler (ContextHandler.java:doStop(910)) - Stopped o.e.j.s.ServletContextHandler@755b5f30{/static,jar:file:/home/user/.m2/repository/org/apache/hadoop/hadoop-hdds-container-service/0.5.0-SNAPSHOT/hadoop-hdds-container-service-0.5.0-SNAPSHOT.jar!/webapps/static,UNAVAILABLE}
2019-10-02 22:35:18,607 [ForkJoinPool.commonPool-worker-0] INFO  handler.ContextHandler (ContextHandler.java:doStop(910)) - Stopped o.e.j.s.ServletContextHandler@785ed99c{/logs,file:///workdir/hadoop-ozone/integration-test/target/log,UNAVAILABLE}
2019-10-02 22:35:18,608 [main] INFO  ozone.MiniOzoneClusterImpl (MiniOzoneClusterImpl.java:stopSCM(392)) - Stopping the StorageContainerManager
2019-10-02 22:35:18,608 [main] INFO  server.StorageContainerManager (StorageContainerManager.java:stop(808)) - Stopping Replication Manager Service.
2019-10-02 22:35:18,608 [main] INFO  container.ReplicationManager (ReplicationManager.java:stop(203)) - Stopping Replication Monitor Thread.
2019-10-02 22:35:18,608 [main] INFO  server.StorageContainerManager (StorageContainerManager.java:stop(815)) - Stopping Lease Manager of the command watchers
2019-10-02 22:35:18,608 [main] INFO  server.StorageContainerManager (StorageContainerManager.java:stop(822)) - Stopping datanode service RPC server
2019-10-02 22:35:18,609 [main] INFO  server.SCMDatanodeProtocolServer (SCMDatanodeProtocolServer.java:stop(367)) - Stopping the RPC server for DataNodes
2019-10-02 22:35:18,609 [main] INFO  ipc.Server (Server.java:stop(3082)) - Stopping server on 43416
2019-10-02 22:35:18,611 [IPC Server listener on 43416] INFO  ipc.Server (Server.java:run(1185)) - Stopping IPC Server listener on 43416
2019-10-02 22:35:18,611 [IPC Server Responder] INFO  ipc.Server (Server.java:run(1319)) - Stopping IPC Server Responder
2019-10-02 22:35:18,644 [SCM Heartbeat Processing Thread - 0] WARN  node.NodeStateManager (NodeStateManager.java:scheduleNextHealthCheck(646)) - Current Thread is interrupted, shutting down HB processing thread for Node Manager.
2019-10-02 22:35:18,644 [main] INFO  server.StorageContainerManager (StorageContainerManager.java:stop(830)) - Stopping block service RPC server
2019-10-02 22:35:18,645 [main] INFO  server.SCMBlockProtocolServer (SCMBlockProtocolServer.java:stop(155)) - Stopping the RPC server for Block Protocol
2019-10-02 22:35:18,645 [main] INFO  ipc.Server (Server.java:stop(3082)) - Stopping server on 40173
2019-10-02 22:35:18,648 [IPC Server listener on 40173] INFO  ipc.Server (Server.java:run(1185)) - Stopping IPC Server listener on 40173
2019-10-02 22:35:18,648 [main] INFO  server.StorageContainerManager (StorageContainerManager.java:stop(837)) - Stopping the StorageContainerLocationProtocol RPC server
2019-10-02 22:35:18,648 [IPC Server Responder] INFO  ipc.Server (Server.java:run(1319)) - Stopping IPC Server Responder
2019-10-02 22:35:18,649 [main] INFO  server.SCMClientProtocolServer (SCMClientProtocolServer.java:stop(158)) - Stopping the RPC server for Client Protocol
2019-10-02 22:35:18,649 [main] INFO  ipc.Server (Server.java:stop(3082)) - Stopping server on 37090
2019-10-02 22:35:18,651 [IPC Server listener on 37090] INFO  ipc.Server (Server.java:run(1185)) - Stopping IPC Server listener on 37090
2019-10-02 22:35:18,651 [main] INFO  server.StorageContainerManager (StorageContainerManager.java:stop(844)) - Stopping Storage Container Manager HTTP server.
2019-10-02 22:35:18,651 [IPC Server Responder] INFO  ipc.Server (Server.java:run(1319)) - Stopping IPC Server Responder
2019-10-02 22:35:18,657 [main] INFO  handler.ContextHandler (ContextHandler.java:doStop(910)) - Stopped o.e.j.w.WebAppContext@7a0ab480{/,null,UNAVAILABLE}{/scm}
2019-10-02 22:35:18,658 [main] INFO  server.AbstractConnector (AbstractConnector.java:doStop(318)) - Stopped ServerConnector@79df80a4{HTTP/1.1,[http/1.1]}{0.0.0.0:0}
2019-10-02 22:35:18,658 [main] INFO  handler.ContextHandler (ContextHandler.java:doStop(910)) - Stopped o.e.j.s.ServletContextHandler@6de43bc1{/static,file:///workdir/hadoop-ozone/integration-test/target/test-classes/webapps/static,UNAVAILABLE}
2019-10-02 22:35:18,659 [main] INFO  handler.ContextHandler (ContextHandler.java:doStop(910)) - Stopped o.e.j.s.ServletContextHandler@3dfd6220{/logs,file:///workdir/hadoop-ozone/integration-test/target/log,UNAVAILABLE}
2019-10-02 22:35:18,659 [main] INFO  server.StorageContainerManager (StorageContainerManager.java:stop(855)) - Stopping Block Manager Service.
2019-10-02 22:35:18,660 [main] INFO  utils.BackgroundService (BackgroundService.java:shutdown(148)) - Shutting down service SCMBlockDeletingService
2019-10-02 22:35:18,660 [main] INFO  utils.BackgroundService (BackgroundService.java:shutdown(148)) - Shutting down service SCMBlockDeletingService
2019-10-02 22:35:18,660 [main] INFO  server.StorageContainerManager (StorageContainerManager.java:stop(877)) - Stopping SCM Event Queue.
2019-10-02 22:35:18,664 [main] INFO  impl.MetricsSystemImpl (MetricsSystemImpl.java:stop(210)) - Stopping HddsDatanode metrics system...
2019-10-02 22:35:18,692 [main] INFO  impl.MetricsSystemImpl (MetricsSystemImpl.java:stop(216)) - HddsDatanode metrics system stopped.
]]></system-out>
    <system-err><![CDATA[Oct 02, 2019 10:34:27 PM org.apache.ratis.thirdparty.io.grpc.internal.ManagedChannelOrphanWrapper$ManagedChannelReference cleanQueue
SEVERE: *~*~*~ Channel ManagedChannelImpl{logId=2779, target=192.168.30.30:41821} was not shutdown properly!!! ~*~*~*
    Make sure to call shutdown()/shutdownNow() and wait until awaitTermination() returns true.
java.lang.RuntimeException: ManagedChannel allocation site
	at org.apache.ratis.thirdparty.io.grpc.internal.ManagedChannelOrphanWrapper$ManagedChannelReference.<init>(ManagedChannelOrphanWrapper.java:103)
	at org.apache.ratis.thirdparty.io.grpc.internal.ManagedChannelOrphanWrapper.<init>(ManagedChannelOrphanWrapper.java:53)
	at org.apache.ratis.thirdparty.io.grpc.internal.ManagedChannelOrphanWrapper.<init>(ManagedChannelOrphanWrapper.java:44)
	at org.apache.ratis.thirdparty.io.grpc.internal.AbstractManagedChannelImplBuilder.build(AbstractManagedChannelImplBuilder.java:411)
	at org.apache.hadoop.hdds.scm.XceiverClientGrpc.connectToDatanode(XceiverClientGrpc.java:181)
	at org.apache.hadoop.hdds.scm.XceiverClientGrpc.reconnect(XceiverClientGrpc.java:429)
	at org.apache.hadoop.hdds.scm.XceiverClientGrpc.sendCommandAsync(XceiverClientGrpc.java:378)
	at org.apache.hadoop.hdds.scm.XceiverClientGrpc.sendCommandWithRetry(XceiverClientGrpc.java:291)
	at org.apache.hadoop.hdds.scm.XceiverClientGrpc.sendCommandWithTraceIDAndRetry(XceiverClientGrpc.java:257)
	at org.apache.hadoop.hdds.scm.XceiverClientGrpc.sendCommand(XceiverClientGrpc.java:240)
	at org.apache.hadoop.hdds.scm.storage.ContainerProtocolCalls.getBlock(ContainerProtocolCalls.java:118)
	at org.apache.hadoop.hdds.scm.storage.BlockInputStream.getChunkInfos(BlockInputStream.java:167)
	at org.apache.hadoop.hdds.scm.storage.BlockInputStream.initialize(BlockInputStream.java:118)
	at org.apache.hadoop.hdds.scm.storage.BlockInputStream.read(BlockInputStream.java:222)
	at org.apache.hadoop.ozone.client.io.KeyInputStream.read(KeyInputStream.java:171)
	at org.apache.hadoop.ozone.client.io.OzoneInputStream.read(OzoneInputStream.java:47)
	at java.io.InputStream.read(InputStream.java:101)
	at org.apache.hadoop.ozone.container.ContainerTestHelper.validateData(ContainerTestHelper.java:714)
	at org.apache.hadoop.ozone.client.rpc.TestBlockOutputStreamWithFailures.validateData(TestBlockOutputStreamWithFailures.java:1216)
	at org.apache.hadoop.ozone.client.rpc.TestBlockOutputStreamWithFailures.testDatanodeFailureWithSingleNodeRatis(TestBlockOutputStreamWithFailures.java:1058)
	at sun.reflect.NativeMethodAccessorImpl.invoke0(Native Method)
	at sun.reflect.NativeMethodAccessorImpl.invoke(NativeMethodAccessorImpl.java:62)
	at sun.reflect.DelegatingMethodAccessorImpl.invoke(DelegatingMethodAccessorImpl.java:43)
	at java.lang.reflect.Method.invoke(Method.java:498)
	at org.junit.runners.model.FrameworkMethod$1.runReflectiveCall(FrameworkMethod.java:47)
	at org.junit.internal.runners.model.ReflectiveCallable.run(ReflectiveCallable.java:12)
	at org.junit.runners.model.FrameworkMethod.invokeExplosively(FrameworkMethod.java:44)
	at org.junit.internal.runners.statements.InvokeMethod.evaluate(InvokeMethod.java:17)
	at org.junit.internal.runners.statements.RunBefores.evaluate(RunBefores.java:26)
	at org.junit.internal.runners.statements.RunAfters.evaluate(RunAfters.java:27)
	at org.junit.runners.ParentRunner.runLeaf(ParentRunner.java:271)
	at org.junit.runners.BlockJUnit4ClassRunner.runChild(BlockJUnit4ClassRunner.java:70)
	at org.junit.runners.BlockJUnit4ClassRunner.runChild(BlockJUnit4ClassRunner.java:50)
	at org.junit.runners.ParentRunner$3.run(ParentRunner.java:238)
	at org.junit.runners.ParentRunner$1.schedule(ParentRunner.java:63)
	at org.junit.runners.ParentRunner.runChildren(ParentRunner.java:236)
	at org.junit.runners.ParentRunner.access$000(ParentRunner.java:53)
	at org.junit.runners.ParentRunner$2.evaluate(ParentRunner.java:229)
	at org.junit.runners.ParentRunner.run(ParentRunner.java:309)
	at org.apache.maven.surefire.junit4.JUnit4Provider.execute(JUnit4Provider.java:365)
	at org.apache.maven.surefire.junit4.JUnit4Provider.executeWithRerun(JUnit4Provider.java:273)
	at org.apache.maven.surefire.junit4.JUnit4Provider.executeTestSet(JUnit4Provider.java:238)
	at org.apache.maven.surefire.junit4.JUnit4Provider.invoke(JUnit4Provider.java:159)
	at org.apache.maven.surefire.booter.ForkedBooter.invokeProviderInSameClassLoader(ForkedBooter.java:384)
	at org.apache.maven.surefire.booter.ForkedBooter.runSuitesInProcess(ForkedBooter.java:345)
	at org.apache.maven.surefire.booter.ForkedBooter.execute(ForkedBooter.java:126)
	at org.apache.maven.surefire.booter.ForkedBooter.main(ForkedBooter.java:418)

Oct 02, 2019 10:34:27 PM org.apache.ratis.thirdparty.io.grpc.internal.ManagedChannelOrphanWrapper$ManagedChannelReference cleanQueue
SEVERE: *~*~*~ Channel ManagedChannelImpl{logId=3025, target=192.168.30.30:42001} was not shutdown properly!!! ~*~*~*
    Make sure to call shutdown()/shutdownNow() and wait until awaitTermination() returns true.
java.lang.RuntimeException: ManagedChannel allocation site
	at org.apache.ratis.thirdparty.io.grpc.internal.ManagedChannelOrphanWrapper$ManagedChannelReference.<init>(ManagedChannelOrphanWrapper.java:103)
	at org.apache.ratis.thirdparty.io.grpc.internal.ManagedChannelOrphanWrapper.<init>(ManagedChannelOrphanWrapper.java:53)
	at org.apache.ratis.thirdparty.io.grpc.internal.ManagedChannelOrphanWrapper.<init>(ManagedChannelOrphanWrapper.java:44)
	at org.apache.ratis.thirdparty.io.grpc.internal.AbstractManagedChannelImplBuilder.build(AbstractManagedChannelImplBuilder.java:411)
	at org.apache.hadoop.hdds.scm.XceiverClientGrpc.connectToDatanode(XceiverClientGrpc.java:181)
	at org.apache.hadoop.hdds.scm.XceiverClientGrpc.reconnect(XceiverClientGrpc.java:429)
	at org.apache.hadoop.hdds.scm.XceiverClientGrpc.sendCommandAsync(XceiverClientGrpc.java:378)
	at org.apache.hadoop.hdds.scm.XceiverClientGrpc.sendCommandWithRetry(XceiverClientGrpc.java:291)
	at org.apache.hadoop.hdds.scm.XceiverClientGrpc.sendCommandWithTraceIDAndRetry(XceiverClientGrpc.java:257)
	at org.apache.hadoop.hdds.scm.XceiverClientGrpc.sendCommand(XceiverClientGrpc.java:240)
	at org.apache.hadoop.hdds.scm.storage.ContainerProtocolCalls.getBlock(ContainerProtocolCalls.java:118)
	at org.apache.hadoop.hdds.scm.storage.BlockInputStream.getChunkInfos(BlockInputStream.java:167)
	at org.apache.hadoop.hdds.scm.storage.BlockInputStream.initialize(BlockInputStream.java:118)
	at org.apache.hadoop.hdds.scm.storage.BlockInputStream.read(BlockInputStream.java:222)
	at org.apache.hadoop.ozone.client.io.KeyInputStream.read(KeyInputStream.java:171)
	at org.apache.hadoop.ozone.client.io.OzoneInputStream.read(OzoneInputStream.java:47)
	at java.io.InputStream.read(InputStream.java:101)
	at org.apache.hadoop.ozone.container.ContainerTestHelper.validateData(ContainerTestHelper.java:714)
	at org.apache.hadoop.ozone.client.rpc.TestBlockOutputStreamWithFailures.validateData(TestBlockOutputStreamWithFailures.java:1216)
	at org.apache.hadoop.ozone.client.rpc.TestBlockOutputStreamWithFailures.testWatchForCommitWithSingleNodeRatis(TestBlockOutputStreamWithFailures.java:918)
	at sun.reflect.NativeMethodAccessorImpl.invoke0(Native Method)
	at sun.reflect.NativeMethodAccessorImpl.invoke(NativeMethodAccessorImpl.java:62)
	at sun.reflect.DelegatingMethodAccessorImpl.invoke(DelegatingMethodAccessorImpl.java:43)
	at java.lang.reflect.Method.invoke(Method.java:498)
	at org.junit.runners.model.FrameworkMethod$1.runReflectiveCall(FrameworkMethod.java:47)
	at org.junit.internal.runners.model.ReflectiveCallable.run(ReflectiveCallable.java:12)
	at org.junit.runners.model.FrameworkMethod.invokeExplosively(FrameworkMethod.java:44)
	at org.junit.internal.runners.statements.InvokeMethod.evaluate(InvokeMethod.java:17)
	at org.junit.internal.runners.statements.RunBefores.evaluate(RunBefores.java:26)
	at org.junit.internal.runners.statements.RunAfters.evaluate(RunAfters.java:27)
	at org.junit.runners.ParentRunner.runLeaf(ParentRunner.java:271)
	at org.junit.runners.BlockJUnit4ClassRunner.runChild(BlockJUnit4ClassRunner.java:70)
	at org.junit.runners.BlockJUnit4ClassRunner.runChild(BlockJUnit4ClassRunner.java:50)
	at org.junit.runners.ParentRunner$3.run(ParentRunner.java:238)
	at org.junit.runners.ParentRunner$1.schedule(ParentRunner.java:63)
	at org.junit.runners.ParentRunner.runChildren(ParentRunner.java:236)
	at org.junit.runners.ParentRunner.access$000(ParentRunner.java:53)
	at org.junit.runners.ParentRunner$2.evaluate(ParentRunner.java:229)
	at org.junit.runners.ParentRunner.run(ParentRunner.java:309)
	at org.apache.maven.surefire.junit4.JUnit4Provider.execute(JUnit4Provider.java:365)
	at org.apache.maven.surefire.junit4.JUnit4Provider.executeWithRerun(JUnit4Provider.java:273)
	at org.apache.maven.surefire.junit4.JUnit4Provider.executeTestSet(JUnit4Provider.java:238)
	at org.apache.maven.surefire.junit4.JUnit4Provider.invoke(JUnit4Provider.java:159)
	at org.apache.maven.surefire.booter.ForkedBooter.invokeProviderInSameClassLoader(ForkedBooter.java:384)
	at org.apache.maven.surefire.booter.ForkedBooter.runSuitesInProcess(ForkedBooter.java:345)
	at org.apache.maven.surefire.booter.ForkedBooter.execute(ForkedBooter.java:126)
	at org.apache.maven.surefire.booter.ForkedBooter.main(ForkedBooter.java:418)

Oct 02, 2019 10:34:27 PM org.apache.ratis.thirdparty.io.grpc.internal.ManagedChannelOrphanWrapper$ManagedChannelReference cleanQueue
SEVERE: *~*~*~ Channel ManagedChannelImpl{logId=2774, target=192.168.30.30:33561} was not shutdown properly!!! ~*~*~*
    Make sure to call shutdown()/shutdownNow() and wait until awaitTermination() returns true.
java.lang.RuntimeException: ManagedChannel allocation site
	at org.apache.ratis.thirdparty.io.grpc.internal.ManagedChannelOrphanWrapper$ManagedChannelReference.<init>(ManagedChannelOrphanWrapper.java:103)
	at org.apache.ratis.thirdparty.io.grpc.internal.ManagedChannelOrphanWrapper.<init>(ManagedChannelOrphanWrapper.java:53)
	at org.apache.ratis.thirdparty.io.grpc.internal.ManagedChannelOrphanWrapper.<init>(ManagedChannelOrphanWrapper.java:44)
	at org.apache.ratis.thirdparty.io.grpc.internal.AbstractManagedChannelImplBuilder.build(AbstractManagedChannelImplBuilder.java:411)
	at org.apache.hadoop.hdds.scm.XceiverClientGrpc.connectToDatanode(XceiverClientGrpc.java:181)
	at org.apache.hadoop.hdds.scm.XceiverClientGrpc.reconnect(XceiverClientGrpc.java:429)
	at org.apache.hadoop.hdds.scm.XceiverClientGrpc.sendCommandAsync(XceiverClientGrpc.java:378)
	at org.apache.hadoop.hdds.scm.XceiverClientGrpc.sendCommandWithRetry(XceiverClientGrpc.java:291)
	at org.apache.hadoop.hdds.scm.XceiverClientGrpc.sendCommandWithTraceIDAndRetry(XceiverClientGrpc.java:257)
	at org.apache.hadoop.hdds.scm.XceiverClientGrpc.sendCommand(XceiverClientGrpc.java:240)
	at org.apache.hadoop.hdds.scm.storage.ContainerProtocolCalls.getBlock(ContainerProtocolCalls.java:118)
	at org.apache.hadoop.hdds.scm.storage.BlockInputStream.getChunkInfos(BlockInputStream.java:167)
	at org.apache.hadoop.hdds.scm.storage.BlockInputStream.initialize(BlockInputStream.java:118)
	at org.apache.hadoop.hdds.scm.storage.BlockInputStream.read(BlockInputStream.java:222)
	at org.apache.hadoop.ozone.client.io.KeyInputStream.read(KeyInputStream.java:171)
	at org.apache.hadoop.ozone.client.io.OzoneInputStream.read(OzoneInputStream.java:47)
	at java.io.InputStream.read(InputStream.java:101)
	at org.apache.hadoop.ozone.container.ContainerTestHelper.validateData(ContainerTestHelper.java:714)
	at org.apache.hadoop.ozone.client.rpc.TestBlockOutputStreamWithFailures.validateData(TestBlockOutputStreamWithFailures.java:1216)
	at org.apache.hadoop.ozone.client.rpc.TestBlockOutputStreamWithFailures.testDatanodeFailureWithSingleNodeRatis(TestBlockOutputStreamWithFailures.java:1058)
	at sun.reflect.NativeMethodAccessorImpl.invoke0(Native Method)
	at sun.reflect.NativeMethodAccessorImpl.invoke(NativeMethodAccessorImpl.java:62)
	at sun.reflect.DelegatingMethodAccessorImpl.invoke(DelegatingMethodAccessorImpl.java:43)
	at java.lang.reflect.Method.invoke(Method.java:498)
	at org.junit.runners.model.FrameworkMethod$1.runReflectiveCall(FrameworkMethod.java:47)
	at org.junit.internal.runners.model.ReflectiveCallable.run(ReflectiveCallable.java:12)
	at org.junit.runners.model.FrameworkMethod.invokeExplosively(FrameworkMethod.java:44)
	at org.junit.internal.runners.statements.InvokeMethod.evaluate(InvokeMethod.java:17)
	at org.junit.internal.runners.statements.RunBefores.evaluate(RunBefores.java:26)
	at org.junit.internal.runners.statements.RunAfters.evaluate(RunAfters.java:27)
	at org.junit.runners.ParentRunner.runLeaf(ParentRunner.java:271)
	at org.junit.runners.BlockJUnit4ClassRunner.runChild(BlockJUnit4ClassRunner.java:70)
	at org.junit.runners.BlockJUnit4ClassRunner.runChild(BlockJUnit4ClassRunner.java:50)
	at org.junit.runners.ParentRunner$3.run(ParentRunner.java:238)
	at org.junit.runners.ParentRunner$1.schedule(ParentRunner.java:63)
	at org.junit.runners.ParentRunner.runChildren(ParentRunner.java:236)
	at org.junit.runners.ParentRunner.access$000(ParentRunner.java:53)
	at org.junit.runners.ParentRunner$2.evaluate(ParentRunner.java:229)
	at org.junit.runners.ParentRunner.run(ParentRunner.java:309)
	at org.apache.maven.surefire.junit4.JUnit4Provider.execute(JUnit4Provider.java:365)
	at org.apache.maven.surefire.junit4.JUnit4Provider.executeWithRerun(JUnit4Provider.java:273)
	at org.apache.maven.surefire.junit4.JUnit4Provider.executeTestSet(JUnit4Provider.java:238)
	at org.apache.maven.surefire.junit4.JUnit4Provider.invoke(JUnit4Provider.java:159)
	at org.apache.maven.surefire.booter.ForkedBooter.invokeProviderInSameClassLoader(ForkedBooter.java:384)
	at org.apache.maven.surefire.booter.ForkedBooter.runSuitesInProcess(ForkedBooter.java:345)
	at org.apache.maven.surefire.booter.ForkedBooter.execute(ForkedBooter.java:126)
	at org.apache.maven.surefire.booter.ForkedBooter.main(ForkedBooter.java:418)

Oct 02, 2019 10:34:27 PM org.apache.ratis.thirdparty.io.grpc.internal.ManagedChannelOrphanWrapper$ManagedChannelReference cleanQueue
SEVERE: *~*~*~ Channel ManagedChannelImpl{logId=3020, target=192.168.30.30:43755} was not shutdown properly!!! ~*~*~*
    Make sure to call shutdown()/shutdownNow() and wait until awaitTermination() returns true.
java.lang.RuntimeException: ManagedChannel allocation site
	at org.apache.ratis.thirdparty.io.grpc.internal.ManagedChannelOrphanWrapper$ManagedChannelReference.<init>(ManagedChannelOrphanWrapper.java:103)
	at org.apache.ratis.thirdparty.io.grpc.internal.ManagedChannelOrphanWrapper.<init>(ManagedChannelOrphanWrapper.java:53)
	at org.apache.ratis.thirdparty.io.grpc.internal.ManagedChannelOrphanWrapper.<init>(ManagedChannelOrphanWrapper.java:44)
	at org.apache.ratis.thirdparty.io.grpc.internal.AbstractManagedChannelImplBuilder.build(AbstractManagedChannelImplBuilder.java:411)
	at org.apache.hadoop.hdds.scm.XceiverClientGrpc.connectToDatanode(XceiverClientGrpc.java:181)
	at org.apache.hadoop.hdds.scm.XceiverClientGrpc.reconnect(XceiverClientGrpc.java:429)
	at org.apache.hadoop.hdds.scm.XceiverClientGrpc.sendCommandAsync(XceiverClientGrpc.java:378)
	at org.apache.hadoop.hdds.scm.XceiverClientGrpc.sendCommandWithRetry(XceiverClientGrpc.java:291)
	at org.apache.hadoop.hdds.scm.XceiverClientGrpc.sendCommandWithTraceIDAndRetry(XceiverClientGrpc.java:257)
	at org.apache.hadoop.hdds.scm.XceiverClientGrpc.sendCommand(XceiverClientGrpc.java:240)
	at org.apache.hadoop.hdds.scm.storage.ContainerProtocolCalls.getBlock(ContainerProtocolCalls.java:118)
	at org.apache.hadoop.hdds.scm.storage.BlockInputStream.getChunkInfos(BlockInputStream.java:167)
	at org.apache.hadoop.hdds.scm.storage.BlockInputStream.initialize(BlockInputStream.java:118)
	at org.apache.hadoop.hdds.scm.storage.BlockInputStream.read(BlockInputStream.java:222)
	at org.apache.hadoop.ozone.client.io.KeyInputStream.read(KeyInputStream.java:171)
	at org.apache.hadoop.ozone.client.io.OzoneInputStream.read(OzoneInputStream.java:47)
	at java.io.InputStream.read(InputStream.java:101)
	at org.apache.hadoop.ozone.container.ContainerTestHelper.validateData(ContainerTestHelper.java:714)
	at org.apache.hadoop.ozone.client.rpc.TestBlockOutputStreamWithFailures.validateData(TestBlockOutputStreamWithFailures.java:1216)
	at org.apache.hadoop.ozone.client.rpc.TestBlockOutputStreamWithFailures.testWatchForCommitWithSingleNodeRatis(TestBlockOutputStreamWithFailures.java:918)
	at sun.reflect.NativeMethodAccessorImpl.invoke0(Native Method)
	at sun.reflect.NativeMethodAccessorImpl.invoke(NativeMethodAccessorImpl.java:62)
	at sun.reflect.DelegatingMethodAccessorImpl.invoke(DelegatingMethodAccessorImpl.java:43)
	at java.lang.reflect.Method.invoke(Method.java:498)
	at org.junit.runners.model.FrameworkMethod$1.runReflectiveCall(FrameworkMethod.java:47)
	at org.junit.internal.runners.model.ReflectiveCallable.run(ReflectiveCallable.java:12)
	at org.junit.runners.model.FrameworkMethod.invokeExplosively(FrameworkMethod.java:44)
	at org.junit.internal.runners.statements.InvokeMethod.evaluate(InvokeMethod.java:17)
	at org.junit.internal.runners.statements.RunBefores.evaluate(RunBefores.java:26)
	at org.junit.internal.runners.statements.RunAfters.evaluate(RunAfters.java:27)
	at org.junit.runners.ParentRunner.runLeaf(ParentRunner.java:271)
	at org.junit.runners.BlockJUnit4ClassRunner.runChild(BlockJUnit4ClassRunner.java:70)
	at org.junit.runners.BlockJUnit4ClassRunner.runChild(BlockJUnit4ClassRunner.java:50)
	at org.junit.runners.ParentRunner$3.run(ParentRunner.java:238)
	at org.junit.runners.ParentRunner$1.schedule(ParentRunner.java:63)
	at org.junit.runners.ParentRunner.runChildren(ParentRunner.java:236)
	at org.junit.runners.ParentRunner.access$000(ParentRunner.java:53)
	at org.junit.runners.ParentRunner$2.evaluate(ParentRunner.java:229)
	at org.junit.runners.ParentRunner.run(ParentRunner.java:309)
	at org.apache.maven.surefire.junit4.JUnit4Provider.execute(JUnit4Provider.java:365)
	at org.apache.maven.surefire.junit4.JUnit4Provider.executeWithRerun(JUnit4Provider.java:273)
	at org.apache.maven.surefire.junit4.JUnit4Provider.executeTestSet(JUnit4Provider.java:238)
	at org.apache.maven.surefire.junit4.JUnit4Provider.invoke(JUnit4Provider.java:159)
	at org.apache.maven.surefire.booter.ForkedBooter.invokeProviderInSameClassLoader(ForkedBooter.java:384)
	at org.apache.maven.surefire.booter.ForkedBooter.runSuitesInProcess(ForkedBooter.java:345)
	at org.apache.maven.surefire.booter.ForkedBooter.execute(ForkedBooter.java:126)
	at org.apache.maven.surefire.booter.ForkedBooter.main(ForkedBooter.java:418)

Oct 02, 2019 10:34:27 PM org.apache.ratis.thirdparty.io.grpc.internal.ManagedChannelOrphanWrapper$ManagedChannelReference cleanQueue
SEVERE: *~*~*~ Channel ManagedChannelImpl{logId=2748, target=192.168.30.30:46029} was not shutdown properly!!! ~*~*~*
    Make sure to call shutdown()/shutdownNow() and wait until awaitTermination() returns true.
java.lang.RuntimeException: ManagedChannel allocation site
	at org.apache.ratis.thirdparty.io.grpc.internal.ManagedChannelOrphanWrapper$ManagedChannelReference.<init>(ManagedChannelOrphanWrapper.java:103)
	at org.apache.ratis.thirdparty.io.grpc.internal.ManagedChannelOrphanWrapper.<init>(ManagedChannelOrphanWrapper.java:53)
	at org.apache.ratis.thirdparty.io.grpc.internal.ManagedChannelOrphanWrapper.<init>(ManagedChannelOrphanWrapper.java:44)
	at org.apache.ratis.thirdparty.io.grpc.internal.AbstractManagedChannelImplBuilder.build(AbstractManagedChannelImplBuilder.java:411)
	at org.apache.ratis.grpc.client.GrpcClientProtocolClient.<init>(GrpcClientProtocolClient.java:128)
	at org.apache.ratis.grpc.client.GrpcClientRpc.lambda$new$0(GrpcClientRpc.java:55)
	at org.apache.ratis.util.PeerProxyMap$PeerAndProxy.lambda$getProxy$0(PeerProxyMap.java:61)
	at org.apache.ratis.util.LifeCycle.startAndTransition(LifeCycle.java:202)
	at org.apache.ratis.util.PeerProxyMap$PeerAndProxy.getProxy(PeerProxyMap.java:60)
	at org.apache.ratis.util.PeerProxyMap.getProxy(PeerProxyMap.java:108)
	at org.apache.ratis.grpc.client.GrpcClientRpc.sendRequestAsync(GrpcClientRpc.java:66)
	at org.apache.ratis.client.impl.OrderedAsync.sendRequest(OrderedAsync.java:208)
	at org.apache.ratis.client.impl.OrderedAsync.sendRequestWithRetry(OrderedAsync.java:169)
	at org.apache.ratis.util.SlidingWindow$Client.sendOrDelayRequest(SlidingWindow.java:278)
	at org.apache.ratis.util.SlidingWindow$Client.submitNewRequest(SlidingWindow.java:257)
	at org.apache.ratis.client.impl.OrderedAsync.send(OrderedAsync.java:155)
	at org.apache.ratis.client.impl.RaftClientImpl.sendAsync(RaftClientImpl.java:144)
	at org.apache.ratis.client.impl.RaftClientImpl.sendAsync(RaftClientImpl.java:124)
	at org.apache.hadoop.hdds.scm.XceiverClientRatis.sendRequestAsync(XceiverClientRatis.java:234)
	at org.apache.hadoop.hdds.scm.XceiverClientRatis.sendCommandAsync(XceiverClientRatis.java:332)
	at org.apache.hadoop.hdds.scm.storage.ContainerProtocolCalls.writeChunkAsync(ContainerProtocolCalls.java:310)
	at org.apache.hadoop.hdds.scm.storage.BlockOutputStream.writeChunkToContainer(BlockOutputStream.java:601)
	at org.apache.hadoop.hdds.scm.storage.BlockOutputStream.writeChunk(BlockOutputStream.java:459)
	at org.apache.hadoop.hdds.scm.storage.BlockOutputStream.writeOnRetry(BlockOutputStream.java:285)
	at org.apache.hadoop.ozone.client.io.BlockOutputStreamEntry.writeOnRetry(BlockOutputStreamEntry.java:200)
	at org.apache.hadoop.ozone.client.io.KeyOutputStream.handleWrite(KeyOutputStream.java:206)
	at org.apache.hadoop.ozone.client.io.KeyOutputStream.handleRetry(KeyOutputStream.java:375)
	at org.apache.hadoop.ozone.client.io.KeyOutputStream.handleException(KeyOutputStream.java:324)
	at org.apache.hadoop.ozone.client.io.KeyOutputStream.handleFlushOrClose(KeyOutputStream.java:449)
	at org.apache.hadoop.ozone.client.io.KeyOutputStream.handleWrite(KeyOutputStream.java:232)
	at org.apache.hadoop.ozone.client.io.KeyOutputStream.write(KeyOutputStream.java:190)
	at org.apache.hadoop.ozone.client.io.OzoneOutputStream.write(OzoneOutputStream.java:49)
	at java.io.OutputStream.write(OutputStream.java:75)
	at org.apache.hadoop.ozone.client.rpc.TestBlockOutputStreamWithFailures.testDatanodeFailureWithSingleNodeRatis(TestBlockOutputStreamWithFailures.java:1021)
	at sun.reflect.NativeMethodAccessorImpl.invoke0(Native Method)
	at sun.reflect.NativeMethodAccessorImpl.invoke(NativeMethodAccessorImpl.java:62)
	at sun.reflect.DelegatingMethodAccessorImpl.invoke(DelegatingMethodAccessorImpl.java:43)
	at java.lang.reflect.Method.invoke(Method.java:498)
	at org.junit.runners.model.FrameworkMethod$1.runReflectiveCall(FrameworkMethod.java:47)
	at org.junit.internal.runners.model.ReflectiveCallable.run(ReflectiveCallable.java:12)
	at org.junit.runners.model.FrameworkMethod.invokeExplosively(FrameworkMethod.java:44)
	at org.junit.internal.runners.statements.InvokeMethod.evaluate(InvokeMethod.java:17)
	at org.junit.internal.runners.statements.RunBefores.evaluate(RunBefores.java:26)
	at org.junit.internal.runners.statements.RunAfters.evaluate(RunAfters.java:27)
	at org.junit.runners.ParentRunner.runLeaf(ParentRunner.java:271)
	at org.junit.runners.BlockJUnit4ClassRunner.runChild(BlockJUnit4ClassRunner.java:70)
	at org.junit.runners.BlockJUnit4ClassRunner.runChild(BlockJUnit4ClassRunner.java:50)
	at org.junit.runners.ParentRunner$3.run(ParentRunner.java:238)
	at org.junit.runners.ParentRunner$1.schedule(ParentRunner.java:63)
	at org.junit.runners.ParentRunner.runChildren(ParentRunner.java:236)
	at org.junit.runners.ParentRunner.access$000(ParentRunner.java:53)
	at org.junit.runners.ParentRunner$2.evaluate(ParentRunner.java:229)
	at org.junit.runners.ParentRunner.run(ParentRunner.java:309)
	at org.apache.maven.surefire.junit4.JUnit4Provider.execute(JUnit4Provider.java:365)
	at org.apache.maven.surefire.junit4.JUnit4Provider.executeWithRerun(JUnit4Provider.java:273)
	at org.apache.maven.surefire.junit4.JUnit4Provider.executeTestSet(JUnit4Provider.java:238)
	at org.apache.maven.surefire.junit4.JUnit4Provider.invoke(JUnit4Provider.java:159)
	at org.apache.maven.surefire.booter.ForkedBooter.invokeProviderInSameClassLoader(ForkedBooter.java:384)
	at org.apache.maven.surefire.booter.ForkedBooter.runSuitesInProcess(ForkedBooter.java:345)
	at org.apache.maven.surefire.booter.ForkedBooter.execute(ForkedBooter.java:126)
	at org.apache.maven.surefire.booter.ForkedBooter.main(ForkedBooter.java:418)

Oct 02, 2019 10:34:27 PM org.apache.ratis.thirdparty.io.grpc.internal.ManagedChannelOrphanWrapper$ManagedChannelReference cleanQueue
SEVERE: *~*~*~ Channel ManagedChannelImpl{logId=3015, target=192.168.30.30:43234} was not shutdown properly!!! ~*~*~*
    Make sure to call shutdown()/shutdownNow() and wait until awaitTermination() returns true.
java.lang.RuntimeException: ManagedChannel allocation site
	at org.apache.ratis.thirdparty.io.grpc.internal.ManagedChannelOrphanWrapper$ManagedChannelReference.<init>(ManagedChannelOrphanWrapper.java:103)
	at org.apache.ratis.thirdparty.io.grpc.internal.ManagedChannelOrphanWrapper.<init>(ManagedChannelOrphanWrapper.java:53)
	at org.apache.ratis.thirdparty.io.grpc.internal.ManagedChannelOrphanWrapper.<init>(ManagedChannelOrphanWrapper.java:44)
	at org.apache.ratis.thirdparty.io.grpc.internal.AbstractManagedChannelImplBuilder.build(AbstractManagedChannelImplBuilder.java:411)
	at org.apache.ratis.grpc.client.GrpcClientProtocolClient.<init>(GrpcClientProtocolClient.java:128)
	at org.apache.ratis.grpc.client.GrpcClientRpc.lambda$new$0(GrpcClientRpc.java:55)
	at org.apache.ratis.util.PeerProxyMap$PeerAndProxy.lambda$getProxy$0(PeerProxyMap.java:61)
	at org.apache.ratis.util.LifeCycle.startAndTransition(LifeCycle.java:202)
	at org.apache.ratis.util.PeerProxyMap$PeerAndProxy.getProxy(PeerProxyMap.java:60)
	at org.apache.ratis.util.PeerProxyMap.getProxy(PeerProxyMap.java:108)
	at org.apache.ratis.grpc.client.GrpcClientRpc.sendRequestAsync(GrpcClientRpc.java:66)
	at org.apache.ratis.client.impl.OrderedAsync.sendRequest(OrderedAsync.java:208)
	at org.apache.ratis.client.impl.OrderedAsync.sendRequestWithRetry(OrderedAsync.java:169)
	at org.apache.ratis.util.SlidingWindow$Client.sendOrDelayRequest(SlidingWindow.java:278)
	at org.apache.ratis.util.SlidingWindow$Client.submitNewRequest(SlidingWindow.java:257)
	at org.apache.ratis.client.impl.OrderedAsync.send(OrderedAsync.java:155)
	at org.apache.ratis.client.impl.RaftClientImpl.sendAsync(RaftClientImpl.java:144)
	at org.apache.ratis.client.impl.RaftClientImpl.sendAsync(RaftClientImpl.java:124)
	at org.apache.hadoop.hdds.scm.XceiverClientRatis.sendRequestAsync(XceiverClientRatis.java:234)
	at org.apache.hadoop.hdds.scm.XceiverClientRatis.sendCommandAsync(XceiverClientRatis.java:332)
	at org.apache.hadoop.hdds.scm.storage.ContainerProtocolCalls.writeChunkAsync(ContainerProtocolCalls.java:310)
	at org.apache.hadoop.hdds.scm.storage.BlockOutputStream.writeChunkToContainer(BlockOutputStream.java:601)
	at org.apache.hadoop.hdds.scm.storage.BlockOutputStream.writeChunk(BlockOutputStream.java:459)
	at org.apache.hadoop.hdds.scm.storage.BlockOutputStream.writeOnRetry(BlockOutputStream.java:285)
	at org.apache.hadoop.ozone.client.io.BlockOutputStreamEntry.writeOnRetry(BlockOutputStreamEntry.java:200)
	at org.apache.hadoop.ozone.client.io.KeyOutputStream.handleWrite(KeyOutputStream.java:206)
	at org.apache.hadoop.ozone.client.io.KeyOutputStream.handleRetry(KeyOutputStream.java:375)
	at org.apache.hadoop.ozone.client.io.KeyOutputStream.handleException(KeyOutputStream.java:324)
	at org.apache.hadoop.ozone.client.io.KeyOutputStream.handleFlushOrClose(KeyOutputStream.java:449)
	at org.apache.hadoop.ozone.client.io.KeyOutputStream.handleWrite(KeyOutputStream.java:232)
	at org.apache.hadoop.ozone.client.io.KeyOutputStream.write(KeyOutputStream.java:190)
	at org.apache.hadoop.ozone.client.io.OzoneOutputStream.write(OzoneOutputStream.java:49)
	at java.io.OutputStream.write(OutputStream.java:75)
	at org.apache.hadoop.ozone.client.rpc.TestBlockOutputStreamWithFailures.testWatchForCommitWithSingleNodeRatis(TestBlockOutputStreamWithFailures.java:885)
	at sun.reflect.NativeMethodAccessorImpl.invoke0(Native Method)
	at sun.reflect.NativeMethodAccessorImpl.invoke(NativeMethodAccessorImpl.java:62)
	at sun.reflect.DelegatingMethodAccessorImpl.invoke(DelegatingMethodAccessorImpl.java:43)
	at java.lang.reflect.Method.invoke(Method.java:498)
	at org.junit.runners.model.FrameworkMethod$1.runReflectiveCall(FrameworkMethod.java:47)
	at org.junit.internal.runners.model.ReflectiveCallable.run(ReflectiveCallable.java:12)
	at org.junit.runners.model.FrameworkMethod.invokeExplosively(FrameworkMethod.java:44)
	at org.junit.internal.runners.statements.InvokeMethod.evaluate(InvokeMethod.java:17)
	at org.junit.internal.runners.statements.RunBefores.evaluate(RunBefores.java:26)
	at org.junit.internal.runners.statements.RunAfters.evaluate(RunAfters.java:27)
	at org.junit.runners.ParentRunner.runLeaf(ParentRunner.java:271)
	at org.junit.runners.BlockJUnit4ClassRunner.runChild(BlockJUnit4ClassRunner.java:70)
	at org.junit.runners.BlockJUnit4ClassRunner.runChild(BlockJUnit4ClassRunner.java:50)
	at org.junit.runners.ParentRunner$3.run(ParentRunner.java:238)
	at org.junit.runners.ParentRunner$1.schedule(ParentRunner.java:63)
	at org.junit.runners.ParentRunner.runChildren(ParentRunner.java:236)
	at org.junit.runners.ParentRunner.access$000(ParentRunner.java:53)
	at org.junit.runners.ParentRunner$2.evaluate(ParentRunner.java:229)
	at org.junit.runners.ParentRunner.run(ParentRunner.java:309)
	at org.apache.maven.surefire.junit4.JUnit4Provider.execute(JUnit4Provider.java:365)
	at org.apache.maven.surefire.junit4.JUnit4Provider.executeWithRerun(JUnit4Provider.java:273)
	at org.apache.maven.surefire.junit4.JUnit4Provider.executeTestSet(JUnit4Provider.java:238)
	at org.apache.maven.surefire.junit4.JUnit4Provider.invoke(JUnit4Provider.java:159)
	at org.apache.maven.surefire.booter.ForkedBooter.invokeProviderInSameClassLoader(ForkedBooter.java:384)
	at org.apache.maven.surefire.booter.ForkedBooter.runSuitesInProcess(ForkedBooter.java:345)
	at org.apache.maven.surefire.booter.ForkedBooter.execute(ForkedBooter.java:126)
	at org.apache.maven.surefire.booter.ForkedBooter.main(ForkedBooter.java:418)

Oct 02, 2019 10:34:27 PM org.apache.ratis.thirdparty.io.grpc.internal.ManagedChannelOrphanWrapper$ManagedChannelReference cleanQueue
SEVERE: *~*~*~ Channel ManagedChannelImpl{logId=3010, target=192.168.30.30:35875} was not shutdown properly!!! ~*~*~*
    Make sure to call shutdown()/shutdownNow() and wait until awaitTermination() returns true.
java.lang.RuntimeException: ManagedChannel allocation site
	at org.apache.ratis.thirdparty.io.grpc.internal.ManagedChannelOrphanWrapper$ManagedChannelReference.<init>(ManagedChannelOrphanWrapper.java:103)
	at org.apache.ratis.thirdparty.io.grpc.internal.ManagedChannelOrphanWrapper.<init>(ManagedChannelOrphanWrapper.java:53)
	at org.apache.ratis.thirdparty.io.grpc.internal.ManagedChannelOrphanWrapper.<init>(ManagedChannelOrphanWrapper.java:44)
	at org.apache.ratis.thirdparty.io.grpc.internal.AbstractManagedChannelImplBuilder.build(AbstractManagedChannelImplBuilder.java:411)
	at org.apache.ratis.grpc.client.GrpcClientProtocolClient.<init>(GrpcClientProtocolClient.java:128)
	at org.apache.ratis.grpc.client.GrpcClientRpc.lambda$new$0(GrpcClientRpc.java:55)
	at org.apache.ratis.util.PeerProxyMap$PeerAndProxy.lambda$getProxy$0(PeerProxyMap.java:61)
	at org.apache.ratis.util.LifeCycle.startAndTransition(LifeCycle.java:202)
	at org.apache.ratis.util.PeerProxyMap$PeerAndProxy.getProxy(PeerProxyMap.java:60)
	at org.apache.ratis.util.PeerProxyMap.getProxy(PeerProxyMap.java:108)
	at org.apache.ratis.grpc.client.GrpcClientRpc.sendRequestAsync(GrpcClientRpc.java:66)
	at org.apache.ratis.client.impl.OrderedAsync.sendRequest(OrderedAsync.java:208)
	at org.apache.ratis.client.impl.OrderedAsync.sendRequestWithRetry(OrderedAsync.java:169)
	at org.apache.ratis.util.SlidingWindow$Client.sendOrDelayRequest(SlidingWindow.java:278)
	at org.apache.ratis.util.SlidingWindow$Client.retry(SlidingWindow.java:294)
	at org.apache.ratis.client.impl.OrderedAsync.lambda$scheduleWithTimeout$7(OrderedAsync.java:195)
	at org.apache.ratis.util.TimeoutScheduler.lambda$onTimeout$0(TimeoutScheduler.java:113)
	at org.apache.ratis.util.TimeoutScheduler.lambda$onTimeout$1(TimeoutScheduler.java:133)
	at org.apache.ratis.util.LogUtils.runAndLog(LogUtils.java:50)
	at org.apache.ratis.util.LogUtils$1.run(LogUtils.java:91)
	at java.util.concurrent.Executors$RunnableAdapter.call(Executors.java:511)
	at java.util.concurrent.FutureTask.run(FutureTask.java:266)
	at java.util.concurrent.ScheduledThreadPoolExecutor$ScheduledFutureTask.access$201(ScheduledThreadPoolExecutor.java:180)
	at java.util.concurrent.ScheduledThreadPoolExecutor$ScheduledFutureTask.run(ScheduledThreadPoolExecutor.java:293)
	at java.util.concurrent.ThreadPoolExecutor.runWorker(ThreadPoolExecutor.java:1149)
	at java.util.concurrent.ThreadPoolExecutor$Worker.run(ThreadPoolExecutor.java:624)
	at java.lang.Thread.run(Thread.java:748)

Oct 02, 2019 10:35:08 PM org.apache.ratis.thirdparty.io.grpc.internal.SerializingExecutor run
SEVERE: Exception while executing runnable org.apache.ratis.thirdparty.io.grpc.internal.ServerImpl$JumpToApplicationThreadServerStreamListener$1Closed@7699a0af
org.apache.ratis.thirdparty.io.grpc.StatusRuntimeException: CANCELLED: call already cancelled
	at org.apache.ratis.thirdparty.io.grpc.Status.asRuntimeException(Status.java:517)
	at org.apache.ratis.thirdparty.io.grpc.stub.ServerCalls$ServerCallStreamObserverImpl.onCompleted(ServerCalls.java:356)
	at org.apache.ratis.grpc.server.GrpcServerProtocolService$ServerRequestStreamObserver.onError(GrpcServerProtocolService.java:121)
	at org.apache.ratis.thirdparty.io.grpc.stub.ServerCalls$StreamingServerCallHandler$StreamingServerCallListener.onCancel(ServerCalls.java:269)
	at org.apache.ratis.thirdparty.io.grpc.internal.ServerCallImpl$ServerStreamListenerImpl.closed(ServerCallImpl.java:293)
	at org.apache.ratis.thirdparty.io.grpc.internal.ServerImpl$JumpToApplicationThreadServerStreamListener$1Closed.runInContext(ServerImpl.java:741)
	at org.apache.ratis.thirdparty.io.grpc.internal.ContextRunnable.run(ContextRunnable.java:37)
	at org.apache.ratis.thirdparty.io.grpc.internal.SerializingExecutor.run(SerializingExecutor.java:123)
	at java.util.concurrent.ThreadPoolExecutor.runWorker(ThreadPoolExecutor.java:1149)
	at java.util.concurrent.ThreadPoolExecutor$Worker.run(ThreadPoolExecutor.java:624)
	at java.lang.Thread.run(Thread.java:748)

]]></system-err>
  </testcase>
  <testcase name="testFailureWithPrimeSizedData" classname="org.apache.hadoop.ozone.client.rpc.TestBlockOutputStreamWithFailures" time="54.116"/>
  <testcase name="testWatchForCommitWithCloseContainerException" classname="org.apache.hadoop.ozone.client.rpc.TestBlockOutputStreamWithFailures" time="37.147"/>
  <testcase name="testExceptionDuringClose" classname="org.apache.hadoop.ozone.client.rpc.TestBlockOutputStreamWithFailures" time="43.85"/>
</testsuite>