<?xml version="1.0" encoding="UTF-8"?>
<testsuite xmlns:xsi="http://www.w3.org/2001/XMLSchema-instance" xsi:noNamespaceSchemaLocation="https://maven.apache.org/surefire/maven-surefire-plugin/xsd/surefire-test-report.xsd" name="org.apache.hadoop.ozone.freon.TestDataValidateWithDummyContainers" time="307.688" tests="3" errors="2" skipped="0" failures="0">
  <properties>
    <property name="awt.toolkit" value="sun.awt.X11.XToolkit"/>
    <property name="file.encoding.pkg" value="sun.io"/>
    <property name="java.specification.version" value="1.8"/>
    <property name="sun.cpu.isalist" value=""/>
    <property name="sun.jnu.encoding" value="ANSI_X3.4-1968"/>
    <property name="java.class.path" value="/workdir/hadoop-ozone/tools/target/test-classes:/workdir/hadoop-ozone/tools/target/classes:/home/user/.m2/repository/org/apache/hadoop/hadoop-ozone-ozone-manager/0.5.0-SNAPSHOT/hadoop-ozone-ozone-manager-0.5.0-SNAPSHOT.jar:/home/user/.m2/repository/org/apache/hadoop/hadoop-hdds-docs/0.5.0-SNAPSHOT/hadoop-hdds-docs-0.5.0-SNAPSHOT.jar:/home/user/.m2/repository/org/bouncycastle/bcprov-jdk15on/1.60/bcprov-jdk15on-1.60.jar:/home/user/.m2/repository/org/apache/hadoop/hadoop-ozone-common/0.5.0-SNAPSHOT/hadoop-ozone-common-0.5.0-SNAPSHOT.jar:/home/user/.m2/repository/org/apache/commons/commons-compress/1.4.1/commons-compress-1.4.1.jar:/home/user/.m2/repository/org/tukaani/xz/1.0/xz-1.0.jar:/home/user/.m2/repository/org/apache/hadoop/hadoop-hdfs-client/3.2.0/hadoop-hdfs-client-3.2.0.jar:/home/user/.m2/repository/com/fasterxml/jackson/core/jackson-annotations/2.9.9/jackson-annotations-2.9.9.jar:/home/user/.m2/repository/org/apache/hadoop/hadoop-hdds-common/0.5.0-SNAPSHOT/hadoop-hdds-common-0.5.0-SNAPSHOT.jar:/home/user/.m2/repository/org/apache/hadoop/hadoop-hdds-config/0.5.0-SNAPSHOT/hadoop-hdds-config-0.5.0-SNAPSHOT.jar:/home/user/.m2/repository/javax/annotation/javax.annotation-api/1.2/javax.annotation-api-1.2.jar:/home/user/.m2/repository/org/apache/ratis/ratis-server/0.5.0-3f446aa-SNAPSHOT/ratis-server-0.5.0-3f446aa-SNAPSHOT.jar:/home/user/.m2/repository/org/apache/ratis/ratis-thirdparty-misc/0.2.0/ratis-thirdparty-misc-0.2.0.jar:/home/user/.m2/repository/org/apache/ratis/ratis-proto/0.5.0-3f446aa-SNAPSHOT/ratis-proto-0.5.0-3f446aa-SNAPSHOT.jar:/home/user/.m2/repository/org/apache/ratis/ratis-common/0.5.0-3f446aa-SNAPSHOT/ratis-common-0.5.0-3f446aa-SNAPSHOT.jar:/home/user/.m2/repository/org/apache/ratis/ratis-client/0.5.0-3f446aa-SNAPSHOT/ratis-client-0.5.0-3f446aa-SNAPSHOT.jar:/home/user/.m2/repository/org/apache/ratis/ratis-metrics/0.5.0-3f446aa-SNAPSHOT/ratis-metrics-0.5.0-3f446aa-SNAPSHOT.jar:/home/user/.m2/repository/com/github/joshelser/dropwizard-metrics-hadoop-metrics2-reporter/0.1.2/dropwizard-metrics-hadoop-metrics2-reporter-0.1.2.jar:/home/user/.m2/repository/io/dropwizard/metrics/metrics-jvm/3.2.5/metrics-jvm-3.2.5.jar:/home/user/.m2/repository/io/dropwizard/metrics/metrics-ganglia/3.2.5/metrics-ganglia-3.2.5.jar:/home/user/.m2/repository/info/ganglia/gmetric4j/gmetric4j/1.0.7/gmetric4j-1.0.7.jar:/home/user/.m2/repository/org/apache/ratis/ratis-netty/0.5.0-3f446aa-SNAPSHOT/ratis-netty-0.5.0-3f446aa-SNAPSHOT.jar:/home/user/.m2/repository/org/apache/ratis/ratis-grpc/0.5.0-3f446aa-SNAPSHOT/ratis-grpc-0.5.0-3f446aa-SNAPSHOT.jar:/home/user/.m2/repository/org/rocksdb/rocksdbjni/6.0.1/rocksdbjni-6.0.1.jar:/home/user/.m2/repository/org/apache/logging/log4j/log4j-api/2.11.0/log4j-api-2.11.0.jar:/home/user/.m2/repository/org/apache/logging/log4j/log4j-core/2.11.0/log4j-core-2.11.0.jar:/home/user/.m2/repository/com/lmax/disruptor/3.4.2/disruptor-3.4.2.jar:/home/user/.m2/repository/org/apache/commons/commons-pool2/2.6.0/commons-pool2-2.6.0.jar:/home/user/.m2/repository/org/bouncycastle/bcpkix-jdk15on/1.60/bcpkix-jdk15on-1.60.jar:/home/user/.m2/repository/commons-validator/commons-validator/1.6/commons-validator-1.6.jar:/home/user/.m2/repository/commons-digester/commons-digester/1.8.1/commons-digester-1.8.1.jar:/home/user/.m2/repository/io/jaegertracing/jaeger-client/0.34.0/jaeger-client-0.34.0.jar:/home/user/.m2/repository/io/jaegertracing/jaeger-thrift/0.34.0/jaeger-thrift-0.34.0.jar:/home/user/.m2/repository/org/apache/thrift/libthrift/0.12.0/libthrift-0.12.0.jar:/home/user/.m2/repository/com/squareup/okhttp3/okhttp/3.9.0/okhttp-3.9.0.jar:/home/user/.m2/repository/com/squareup/okio/okio/1.13.0/okio-1.13.0.jar:/home/user/.m2/repository/io/jaegertracing/jaeger-core/0.34.0/jaeger-core-0.34.0.jar:/home/user/.m2/repository/io/jaegertracing/jaeger-tracerresolver/0.34.0/jaeger-tracerresolver-0.34.0.jar:/home/user/.m2/repository/io/opentracing/contrib/opentracing-tracerresolver/0.1.5/opentracing-tracerresolver-0.1.5.jar:/home/user/.m2/repository/io/opentracing/opentracing-util/0.31.0/opentracing-util-0.31.0.jar:/home/user/.m2/repository/io/opentracing/opentracing-api/0.31.0/opentracing-api-0.31.0.jar:/home/user/.m2/repository/io/opentracing/opentracing-noop/0.31.0/opentracing-noop-0.31.0.jar:/home/user/.m2/repository/org/yaml/snakeyaml/1.16/snakeyaml-1.16.jar:/home/user/.m2/repository/org/apache/hadoop/hadoop-hdds-container-service/0.5.0-SNAPSHOT/hadoop-hdds-container-service-0.5.0-SNAPSHOT.jar:/home/user/.m2/repository/org/apache/hadoop/hadoop-hdds-client/0.5.0-SNAPSHOT/hadoop-hdds-client-0.5.0-SNAPSHOT.jar:/home/user/.m2/repository/org/apache/hadoop/hadoop-hdds-tools/0.5.0-SNAPSHOT/hadoop-hdds-tools-0.5.0-SNAPSHOT.jar:/home/user/.m2/repository/org/xerial/sqlite-jdbc/3.25.2/sqlite-jdbc-3.25.2.jar:/home/user/.m2/repository/org/apache/hadoop/hadoop-hdds-server-scm/0.5.0-SNAPSHOT/hadoop-hdds-server-scm-0.5.0-SNAPSHOT.jar:/home/user/.m2/repository/org/hamcrest/hamcrest-all/1.3/hamcrest-all-1.3.jar:/home/user/.m2/repository/info/picocli/picocli/3.9.6/picocli-3.9.6.jar:/home/user/.m2/repository/com/google/protobuf/protobuf-java/2.5.0/protobuf-java-2.5.0.jar:/home/user/.m2/repository/com/google/guava/guava/11.0.2/guava-11.0.2.jar:/home/user/.m2/repository/org/apache/hadoop/hadoop-ozone-client/0.5.0-SNAPSHOT/hadoop-ozone-client-0.5.0-SNAPSHOT.jar:/workdir/hadoop-ozone/ozonefs/target/classes:/home/user/.m2/repository/org/apache/httpcomponents/httpclient/4.5.2/httpclient-4.5.2.jar:/home/user/.m2/repository/org/apache/httpcomponents/httpcore/4.4.4/httpcore-4.4.4.jar:/home/user/.m2/repository/org/apache/hadoop/hadoop-hdds-server-framework/0.5.0-SNAPSHOT/hadoop-hdds-server-framework-0.5.0-SNAPSHOT.jar:/home/user/.m2/repository/org/apache/hadoop/hadoop-common/3.2.0/hadoop-common-3.2.0.jar:/home/user/.m2/repository/org/apache/hadoop/hadoop-annotations/3.2.0/hadoop-annotations-3.2.0.jar:/usr/lib/jvm/java-1.8.0-openjdk-1.8.0.222.b10-1.el7_7.x86_64/jre/../lib/tools.jar:/home/user/.m2/repository/commons-cli/commons-cli/1.2/commons-cli-1.2.jar:/home/user/.m2/repository/org/apache/commons/commons-math3/3.1.1/commons-math3-3.1.1.jar:/home/user/.m2/repository/commons-codec/commons-codec/1.11/commons-codec-1.11.jar:/home/user/.m2/repository/commons-io/commons-io/2.5/commons-io-2.5.jar:/home/user/.m2/repository/commons-net/commons-net/3.6/commons-net-3.6.jar:/home/user/.m2/repository/commons-collections/commons-collections/3.2.2/commons-collections-3.2.2.jar:/home/user/.m2/repository/javax/servlet/javax.servlet-api/3.1.0/javax.servlet-api-3.1.0.jar:/home/user/.m2/repository/org/eclipse/jetty/jetty-server/9.3.25.v20180904/jetty-server-9.3.25.v20180904.jar:/home/user/.m2/repository/org/eclipse/jetty/jetty-http/9.3.25.v20180904/jetty-http-9.3.25.v20180904.jar:/home/user/.m2/repository/org/eclipse/jetty/jetty-io/9.3.25.v20180904/jetty-io-9.3.25.v20180904.jar:/home/user/.m2/repository/org/eclipse/jetty/jetty-util/9.3.25.v20180904/jetty-util-9.3.25.v20180904.jar:/home/user/.m2/repository/org/eclipse/jetty/jetty-servlet/9.3.25.v20180904/jetty-servlet-9.3.25.v20180904.jar:/home/user/.m2/repository/org/eclipse/jetty/jetty-security/9.3.25.v20180904/jetty-security-9.3.25.v20180904.jar:/home/user/.m2/repository/org/eclipse/jetty/jetty-webapp/9.3.25.v20180904/jetty-webapp-9.3.25.v20180904.jar:/home/user/.m2/repository/org/eclipse/jetty/jetty-xml/9.3.25.v20180904/jetty-xml-9.3.25.v20180904.jar:/home/user/.m2/repository/javax/servlet/jsp/jsp-api/2.1/jsp-api-2.1.jar:/home/user/.m2/repository/com/sun/jersey/jersey-core/1.19/jersey-core-1.19.jar:/home/user/.m2/repository/javax/ws/rs/jsr311-api/1.1.1/jsr311-api-1.1.1.jar:/home/user/.m2/repository/com/sun/jersey/jersey-servlet/1.19/jersey-servlet-1.19.jar:/home/user/.m2/repository/com/sun/jersey/jersey-json/1.19/jersey-json-1.19.jar:/home/user/.m2/repository/org/codehaus/jettison/jettison/1.1/jettison-1.1.jar:/home/user/.m2/repository/com/sun/xml/bind/jaxb-impl/2.3.0.1/jaxb-impl-2.3.0.1.jar:/home/user/.m2/repository/org/codehaus/jackson/jackson-core-asl/1.9.13/jackson-core-asl-1.9.13.jar:/home/user/.m2/repository/org/codehaus/jackson/jackson-mapper-asl/1.9.13/jackson-mapper-asl-1.9.13.jar:/home/user/.m2/repository/org/codehaus/jackson/jackson-jaxrs/1.9.13/jackson-jaxrs-1.9.13.jar:/home/user/.m2/repository/org/codehaus/jackson/jackson-xc/1.9.13/jackson-xc-1.9.13.jar:/home/user/.m2/repository/com/sun/jersey/jersey-server/1.19/jersey-server-1.19.jar:/home/user/.m2/repository/commons-logging/commons-logging/1.1.3/commons-logging-1.1.3.jar:/home/user/.m2/repository/log4j/log4j/1.2.17/log4j-1.2.17.jar:/home/user/.m2/repository/commons-beanutils/commons-beanutils/1.9.4/commons-beanutils-1.9.4.jar:/home/user/.m2/repository/org/apache/commons/commons-configuration2/2.1.1/commons-configuration2-2.1.1.jar:/home/user/.m2/repository/org/apache/commons/commons-lang3/3.7/commons-lang3-3.7.jar:/home/user/.m2/repository/org/apache/commons/commons-text/1.4/commons-text-1.4.jar:/home/user/.m2/repository/org/slf4j/slf4j-api/1.7.25/slf4j-api-1.7.25.jar:/home/user/.m2/repository/org/slf4j/slf4j-log4j12/1.7.25/slf4j-log4j12-1.7.25.jar:/home/user/.m2/repository/org/apache/avro/avro/1.7.7/avro-1.7.7.jar:/home/user/.m2/repository/com/thoughtworks/paranamer/paranamer/2.3/paranamer-2.3.jar:/home/user/.m2/repository/org/xerial/snappy/snappy-java/1.0.5/snappy-java-1.0.5.jar:/home/user/.m2/repository/com/google/re2j/re2j/1.1/re2j-1.1.jar:/home/user/.m2/repository/com/google/code/gson/gson/2.2.4/gson-2.2.4.jar:/home/user/.m2/repository/org/apache/hadoop/hadoop-auth/3.2.0/hadoop-auth-3.2.0.jar:/home/user/.m2/repository/com/nimbusds/nimbus-jose-jwt/4.41.1/nimbus-jose-jwt-4.41.1.jar:/home/user/.m2/repository/com/github/stephenc/jcip/jcip-annotations/1.0-1/jcip-annotations-1.0-1.jar:/home/user/.m2/repository/net/minidev/json-smart/2.3/json-smart-2.3.jar:/home/user/.m2/repository/net/minidev/accessors-smart/1.2/accessors-smart-1.2.jar:/home/user/.m2/repository/org/apache/curator/curator-framework/2.12.0/curator-framework-2.12.0.jar:/home/user/.m2/repository/com/jcraft/jsch/0.1.54/jsch-0.1.54.jar:/home/user/.m2/repository/org/apache/curator/curator-client/2.12.0/curator-client-2.12.0.jar:/home/user/.m2/repository/org/apache/curator/curator-recipes/2.12.0/curator-recipes-2.12.0.jar:/home/user/.m2/repository/com/google/code/findbugs/jsr305/3.0.0/jsr305-3.0.0.jar:/home/user/.m2/repository/org/apache/htrace/htrace-core4/4.1.0-incubating/htrace-core4-4.1.0-incubating.jar:/home/user/.m2/repository/org/apache/zookeeper/zookeeper/3.4.13/zookeeper-3.4.13.jar:/home/user/.m2/repository/jline/jline/0.9.94/jline-0.9.94.jar:/home/user/.m2/repository/org/apache/yetus/audience-annotations/0.5.0/audience-annotations-0.5.0.jar:/home/user/.m2/repository/org/apache/kerby/kerb-simplekdc/1.0.1/kerb-simplekdc-1.0.1.jar:/home/user/.m2/repository/org/apache/kerby/kerb-client/1.0.1/kerb-client-1.0.1.jar:/home/user/.m2/repository/org/apache/kerby/kerby-config/1.0.1/kerby-config-1.0.1.jar:/home/user/.m2/repository/org/apache/kerby/kerb-core/1.0.1/kerb-core-1.0.1.jar:/home/user/.m2/repository/org/apache/kerby/kerby-pkix/1.0.1/kerby-pkix-1.0.1.jar:/home/user/.m2/repository/org/apache/kerby/kerby-asn1/1.0.1/kerby-asn1-1.0.1.jar:/home/user/.m2/repository/org/apache/kerby/kerby-util/1.0.1/kerby-util-1.0.1.jar:/home/user/.m2/repository/org/apache/kerby/kerb-common/1.0.1/kerb-common-1.0.1.jar:/home/user/.m2/repository/org/apache/kerby/kerb-crypto/1.0.1/kerb-crypto-1.0.1.jar:/home/user/.m2/repository/org/apache/kerby/kerb-util/1.0.1/kerb-util-1.0.1.jar:/home/user/.m2/repository/org/apache/kerby/token-provider/1.0.1/token-provider-1.0.1.jar:/home/user/.m2/repository/org/apache/kerby/kerb-admin/1.0.1/kerb-admin-1.0.1.jar:/home/user/.m2/repository/org/apache/kerby/kerb-server/1.0.1/kerb-server-1.0.1.jar:/home/user/.m2/repository/org/apache/kerby/kerb-identity/1.0.1/kerb-identity-1.0.1.jar:/home/user/.m2/repository/org/apache/kerby/kerby-xdr/1.0.1/kerby-xdr-1.0.1.jar:/home/user/.m2/repository/com/fasterxml/jackson/core/jackson-databind/2.9.9/jackson-databind-2.9.9.jar:/home/user/.m2/repository/com/fasterxml/jackson/core/jackson-core/2.9.9/jackson-core-2.9.9.jar:/home/user/.m2/repository/org/codehaus/woodstox/stax2-api/3.1.4/stax2-api-3.1.4.jar:/home/user/.m2/repository/com/fasterxml/woodstox/woodstox-core/5.0.3/woodstox-core-5.0.3.jar:/home/user/.m2/repository/dnsjava/dnsjava/2.1.7/dnsjava-2.1.7.jar:/home/user/.m2/repository/org/apache/hadoop/hadoop-hdfs/3.2.0/hadoop-hdfs-3.2.0.jar:/home/user/.m2/repository/org/eclipse/jetty/jetty-util-ajax/9.3.25.v20180904/jetty-util-ajax-9.3.25.v20180904.jar:/home/user/.m2/repository/commons-daemon/commons-daemon/1.0.13/commons-daemon-1.0.13.jar:/home/user/.m2/repository/io/netty/netty/3.10.5.Final/netty-3.10.5.Final.jar:/home/user/.m2/repository/io/netty/netty-all/4.0.52.Final/netty-all-4.0.52.Final.jar:/home/user/.m2/repository/org/fusesource/leveldbjni/leveldbjni-all/1.8/leveldbjni-all-1.8.jar:/home/user/.m2/repository/com/sun/xml/bind/jaxb-core/2.3.0.1/jaxb-core-2.3.0.1.jar:/home/user/.m2/repository/javax/xml/bind/jaxb-api/2.3.0/jaxb-api-2.3.0.jar:/home/user/.m2/repository/javax/activation/activation/1.1.1/activation-1.1.1.jar:/home/user/.m2/repository/org/openjdk/jmh/jmh-core/1.19/jmh-core-1.19.jar:/home/user/.m2/repository/net/sf/jopt-simple/jopt-simple/4.6/jopt-simple-4.6.jar:/home/user/.m2/repository/org/openjdk/jmh/jmh-generator-annprocess/1.19/jmh-generator-annprocess-1.19.jar:/home/user/.m2/repository/io/dropwizard/metrics/metrics-core/3.2.4/metrics-core-3.2.4.jar:/home/user/.m2/repository/com/amazonaws/aws-java-sdk-s3/1.11.615/aws-java-sdk-s3-1.11.615.jar:/home/user/.m2/repository/com/amazonaws/aws-java-sdk-kms/1.11.615/aws-java-sdk-kms-1.11.615.jar:/home/user/.m2/repository/com/amazonaws/aws-java-sdk-core/1.11.615/aws-java-sdk-core-1.11.615.jar:/home/user/.m2/repository/software/amazon/ion/ion-java/1.0.2/ion-java-1.0.2.jar:/home/user/.m2/repository/com/fasterxml/jackson/dataformat/jackson-dataformat-cbor/2.9.9/jackson-dataformat-cbor-2.9.9.jar:/home/user/.m2/repository/joda-time/joda-time/2.9.9/joda-time-2.9.9.jar:/home/user/.m2/repository/com/amazonaws/jmespath-java/1.11.615/jmespath-java-1.11.615.jar:/home/user/.m2/repository/com/github/spotbugs/spotbugs/3.1.12/spotbugs-3.1.12.jar:/home/user/.m2/repository/org/ow2/asm/asm/5.0.4/asm-5.0.4.jar:/home/user/.m2/repository/org/ow2/asm/asm-analysis/7.0/asm-analysis-7.0.jar:/home/user/.m2/repository/org/ow2/asm/asm-commons/7.0/asm-commons-7.0.jar:/home/user/.m2/repository/org/ow2/asm/asm-tree/7.0/asm-tree-7.0.jar:/home/user/.m2/repository/org/ow2/asm/asm-util/7.0/asm-util-7.0.jar:/home/user/.m2/repository/org/apache/bcel/bcel/6.3/bcel-6.3.jar:/home/user/.m2/repository/net/jcip/jcip-annotations/1.0/jcip-annotations-1.0.jar:/home/user/.m2/repository/org/dom4j/dom4j/2.1.1/dom4j-2.1.1.jar:/home/user/.m2/repository/jaxen/jaxen/1.1.6/jaxen-1.1.6.jar:/home/user/.m2/repository/commons-lang/commons-lang/2.6/commons-lang-2.6.jar:/home/user/.m2/repository/com/github/spotbugs/spotbugs-annotations/3.1.12/spotbugs-annotations-3.1.12.jar:/home/user/.m2/repository/junit/junit/4.11/junit-4.11.jar:/home/user/.m2/repository/org/hamcrest/hamcrest-core/1.3/hamcrest-core-1.3.jar:/home/user/.m2/repository/org/apache/hadoop/hadoop-common/3.2.0/hadoop-common-3.2.0-tests.jar:/workdir/hadoop-ozone/integration-test/target/test-classes:/home/user/.m2/repository/org/apache/hadoop/hadoop-ozone-s3gateway/0.5.0-SNAPSHOT/hadoop-ozone-s3gateway-0.5.0-SNAPSHOT.jar:/home/user/.m2/repository/org/jboss/weld/servlet/weld-servlet/2.4.7.Final/weld-servlet-2.4.7.Final.jar:/home/user/.m2/repository/org/glassfish/jersey/containers/jersey-container-servlet-core/2.27/jersey-container-servlet-core-2.27.jar:/home/user/.m2/repository/org/glassfish/hk2/external/javax.inject/2.5.0-b42/javax.inject-2.5.0-b42.jar:/home/user/.m2/repository/org/glassfish/jersey/core/jersey-common/2.27/jersey-common-2.27.jar:/home/user/.m2/repository/org/glassfish/hk2/osgi-resource-locator/1.0.1/osgi-resource-locator-1.0.1.jar:/home/user/.m2/repository/javax/ws/rs/javax.ws.rs-api/2.1/javax.ws.rs-api-2.1.jar:/home/user/.m2/repository/org/glassfish/jersey/ext/cdi/jersey-cdi1x/2.27/jersey-cdi1x-2.27.jar:/home/user/.m2/repository/org/glassfish/jersey/inject/jersey-hk2/2.27/jersey-hk2-2.27.jar:/home/user/.m2/repository/org/glassfish/hk2/hk2-locator/2.5.0-b42/hk2-locator-2.5.0-b42.jar:/home/user/.m2/repository/org/javassist/javassist/3.22.0-CR2/javassist-3.22.0-CR2.jar:/home/user/.m2/repository/org/glassfish/hk2/hk2-api/2.5.0/hk2-api-2.5.0.jar:/home/user/.m2/repository/org/glassfish/hk2/external/jakarta.inject/2.5.0/jakarta.inject-2.5.0.jar:/home/user/.m2/repository/org/glassfish/hk2/hk2-utils/2.5.0/hk2-utils-2.5.0.jar:/home/user/.m2/repository/jakarta/annotation/jakarta.annotation-api/1.3.4/jakarta.annotation-api-1.3.4.jar:/home/user/.m2/repository/org/glassfish/hk2/external/aopalliance-repackaged/2.5.0/aopalliance-repackaged-2.5.0.jar:/home/user/.m2/repository/com/fasterxml/jackson/dataformat/jackson-dataformat-xml/2.9.0/jackson-dataformat-xml-2.9.0.jar:/home/user/.m2/repository/com/fasterxml/jackson/module/jackson-module-jaxb-annotations/2.9.9/jackson-module-jaxb-annotations-2.9.9.jar:/home/user/.m2/repository/javax/enterprise/cdi-api/1.2/cdi-api-1.2.jar:/home/user/.m2/repository/javax/el/javax.el-api/3.0.0/javax.el-api-3.0.0.jar:/home/user/.m2/repository/javax/interceptor/javax.interceptor-api/1.2/javax.interceptor-api-1.2.jar:/home/user/.m2/repository/javax/inject/javax.inject/1/javax.inject-1.jar:/home/user/.m2/repository/org/apache/hadoop/hadoop-ozone-csi/0.5.0-SNAPSHOT/hadoop-ozone-csi-0.5.0-SNAPSHOT.jar:/home/user/.m2/repository/com/google/protobuf/protobuf-java-util/3.5.1/protobuf-java-util-3.5.1.jar:/home/user/.m2/repository/io/grpc/grpc-netty/1.17.1/grpc-netty-1.17.1.jar:/home/user/.m2/repository/io/grpc/grpc-core/1.17.1/grpc-core-1.17.1.jar:/home/user/.m2/repository/io/grpc/grpc-context/1.17.1/grpc-context-1.17.1.jar:/home/user/.m2/repository/com/google/errorprone/error_prone_annotations/2.2.0/error_prone_annotations-2.2.0.jar:/home/user/.m2/repository/org/codehaus/mojo/animal-sniffer-annotations/1.17/animal-sniffer-annotations-1.17.jar:/home/user/.m2/repository/io/opencensus/opencensus-api/0.17.0/opencensus-api-0.17.0.jar:/home/user/.m2/repository/io/opencensus/opencensus-contrib-grpc-metrics/0.17.0/opencensus-contrib-grpc-metrics-0.17.0.jar:/home/user/.m2/repository/io/netty/netty-codec-http2/4.1.30.Final/netty-codec-http2-4.1.30.Final.jar:/home/user/.m2/repository/io/netty/netty-codec-http/4.1.30.Final/netty-codec-http-4.1.30.Final.jar:/home/user/.m2/repository/io/netty/netty-codec/4.1.30.Final/netty-codec-4.1.30.Final.jar:/home/user/.m2/repository/io/netty/netty-handler/4.1.30.Final/netty-handler-4.1.30.Final.jar:/home/user/.m2/repository/io/netty/netty-handler-proxy/4.1.30.Final/netty-handler-proxy-4.1.30.Final.jar:/home/user/.m2/repository/io/netty/netty-codec-socks/4.1.30.Final/netty-codec-socks-4.1.30.Final.jar:/home/user/.m2/repository/io/netty/netty-transport-native-epoll/4.1.30.Final/netty-transport-native-epoll-4.1.30.Final.jar:/home/user/.m2/repository/io/netty/netty-common/4.1.30.Final/netty-common-4.1.30.Final.jar:/home/user/.m2/repository/io/netty/netty-buffer/4.1.30.Final/netty-buffer-4.1.30.Final.jar:/home/user/.m2/repository/io/netty/netty-transport/4.1.30.Final/netty-transport-4.1.30.Final.jar:/home/user/.m2/repository/io/netty/netty-resolver/4.1.30.Final/netty-resolver-4.1.30.Final.jar:/home/user/.m2/repository/io/netty/netty-transport-native-unix-common/4.1.30.Final/netty-transport-native-unix-common-4.1.30.Final.jar:/home/user/.m2/repository/io/grpc/grpc-protobuf/1.17.1/grpc-protobuf-1.17.1.jar:/home/user/.m2/repository/com/google/api/grpc/proto-google-common-protos/1.0.0/proto-google-common-protos-1.0.0.jar:/home/user/.m2/repository/io/grpc/grpc-protobuf-lite/1.17.1/grpc-protobuf-lite-1.17.1.jar:/home/user/.m2/repository/io/grpc/grpc-stub/1.17.1/grpc-stub-1.17.1.jar:/home/user/.m2/repository/org/apache/hadoop/hadoop-ozone-recon/0.5.0-SNAPSHOT/hadoop-ozone-recon-0.5.0-SNAPSHOT.jar:/home/user/.m2/repository/org/apache/hadoop/hadoop-ozone-reconcodegen/0.5.0-SNAPSHOT/hadoop-ozone-reconcodegen-0.5.0-SNAPSHOT.jar:/home/user/.m2/repository/com/google/inject/extensions/guice-multibindings/4.0/guice-multibindings-4.0.jar:/home/user/.m2/repository/com/google/inject/guice/4.0/guice-4.0.jar:/home/user/.m2/repository/aopalliance/aopalliance/1.0/aopalliance-1.0.jar:/home/user/.m2/repository/com/google/inject/extensions/guice-servlet/4.0/guice-servlet-4.0.jar:/home/user/.m2/repository/org/glassfish/jersey/containers/jersey-container-servlet/2.27/jersey-container-servlet-2.27.jar:/home/user/.m2/repository/org/glassfish/hk2/guice-bridge/2.5.0/guice-bridge-2.5.0.jar:/home/user/.m2/repository/org/glassfish/jersey/core/jersey-server/2.27/jersey-server-2.27.jar:/home/user/.m2/repository/org/glassfish/jersey/core/jersey-client/2.27/jersey-client-2.27.jar:/home/user/.m2/repository/org/glassfish/jersey/media/jersey-media-jaxb/2.27/jersey-media-jaxb-2.27.jar:/home/user/.m2/repository/javax/validation/validation-api/1.1.0.Final/validation-api-1.1.0.Final.jar:/home/user/.m2/repository/org/glassfish/jersey/media/jersey-media-json-jackson/2.27/jersey-media-json-jackson-2.27.jar:/home/user/.m2/repository/org/glassfish/jersey/ext/jersey-entity-filtering/2.27/jersey-entity-filtering-2.27.jar:/home/user/.m2/repository/com/google/inject/extensions/guice-assistedinject/4.0/guice-assistedinject-4.0.jar:/home/user/.m2/repository/org/jooq/jooq/3.11.10/jooq-3.11.10.jar:/home/user/.m2/repository/org/jooq/jooq-meta/3.11.10/jooq-meta-3.11.10.jar:/home/user/.m2/repository/org/jooq/jooq-codegen/3.11.10/jooq-codegen-3.11.10.jar:/home/user/.m2/repository/com/jolbox/bonecp/0.8.0.RELEASE/bonecp-0.8.0.RELEASE.jar:/home/user/.m2/repository/org/springframework/spring-jdbc/5.1.3.RELEASE/spring-jdbc-5.1.3.RELEASE.jar:/home/user/.m2/repository/org/springframework/spring-beans/5.1.3.RELEASE/spring-beans-5.1.3.RELEASE.jar:/home/user/.m2/repository/org/springframework/spring-core/5.1.3.RELEASE/spring-core-5.1.3.RELEASE.jar:/home/user/.m2/repository/org/springframework/spring-jcl/5.1.3.RELEASE/spring-jcl-5.1.3.RELEASE.jar:/home/user/.m2/repository/org/springframework/spring-tx/5.1.3.RELEASE/spring-tx-5.1.3.RELEASE.jar:/home/user/.m2/repository/org/mockito/mockito-core/2.15.0/mockito-core-2.15.0.jar:/home/user/.m2/repository/net/bytebuddy/byte-buddy/1.7.9/byte-buddy-1.7.9.jar:/home/user/.m2/repository/net/bytebuddy/byte-buddy-agent/1.7.9/byte-buddy-agent-1.7.9.jar:/home/user/.m2/repository/org/objenesis/objenesis/1.0/objenesis-1.0.jar:"/>
    <property name="java.vm.vendor" value="Oracle Corporation"/>
    <property name="sun.arch.data.model" value="64"/>
    <property name="test.build.dir" value="/workdir/hadoop-ozone/tools/target/test-dir"/>
    <property name="test.cache.data" value=""/>
    <property name="java.vendor.url" value="http://java.oracle.com/"/>
    <property name="user.timezone" value=""/>
    <property name="java.vm.specification.version" value="1.8"/>
    <property name="os.name" value="Linux"/>
    <property name="test.build.data" value="/workdir/hadoop-ozone/tools/target/test-dir"/>
    <property name="user.country" value="US"/>
    <property name="sun.java.launcher" value="SUN_STANDARD"/>
    <property name="sun.boot.library.path" value="/usr/lib/jvm/java-1.8.0-openjdk-1.8.0.222.b10-1.el7_7.x86_64/jre/lib/amd64"/>
    <property name="sun.java.command" value="/workdir/hadoop-ozone/tools/target/surefire/surefirebooter808348554318635034.jar /workdir/hadoop-ozone/tools/target/surefire 2019-10-18T06-32-41_699-jvmRun1 surefire5679466064621871345tmp surefire_1058049306559765016125tmp"/>
    <property name="surefire.test.class.path" value="/workdir/hadoop-ozone/tools/target/test-classes:/workdir/hadoop-ozone/tools/target/classes:/home/user/.m2/repository/org/apache/hadoop/hadoop-ozone-ozone-manager/0.5.0-SNAPSHOT/hadoop-ozone-ozone-manager-0.5.0-SNAPSHOT.jar:/home/user/.m2/repository/org/apache/hadoop/hadoop-hdds-docs/0.5.0-SNAPSHOT/hadoop-hdds-docs-0.5.0-SNAPSHOT.jar:/home/user/.m2/repository/org/bouncycastle/bcprov-jdk15on/1.60/bcprov-jdk15on-1.60.jar:/home/user/.m2/repository/org/apache/hadoop/hadoop-ozone-common/0.5.0-SNAPSHOT/hadoop-ozone-common-0.5.0-SNAPSHOT.jar:/home/user/.m2/repository/org/apache/commons/commons-compress/1.4.1/commons-compress-1.4.1.jar:/home/user/.m2/repository/org/tukaani/xz/1.0/xz-1.0.jar:/home/user/.m2/repository/org/apache/hadoop/hadoop-hdfs-client/3.2.0/hadoop-hdfs-client-3.2.0.jar:/home/user/.m2/repository/com/fasterxml/jackson/core/jackson-annotations/2.9.9/jackson-annotations-2.9.9.jar:/home/user/.m2/repository/org/apache/hadoop/hadoop-hdds-common/0.5.0-SNAPSHOT/hadoop-hdds-common-0.5.0-SNAPSHOT.jar:/home/user/.m2/repository/org/apache/hadoop/hadoop-hdds-config/0.5.0-SNAPSHOT/hadoop-hdds-config-0.5.0-SNAPSHOT.jar:/home/user/.m2/repository/javax/annotation/javax.annotation-api/1.2/javax.annotation-api-1.2.jar:/home/user/.m2/repository/org/apache/ratis/ratis-server/0.5.0-3f446aa-SNAPSHOT/ratis-server-0.5.0-3f446aa-SNAPSHOT.jar:/home/user/.m2/repository/org/apache/ratis/ratis-thirdparty-misc/0.2.0/ratis-thirdparty-misc-0.2.0.jar:/home/user/.m2/repository/org/apache/ratis/ratis-proto/0.5.0-3f446aa-SNAPSHOT/ratis-proto-0.5.0-3f446aa-SNAPSHOT.jar:/home/user/.m2/repository/org/apache/ratis/ratis-common/0.5.0-3f446aa-SNAPSHOT/ratis-common-0.5.0-3f446aa-SNAPSHOT.jar:/home/user/.m2/repository/org/apache/ratis/ratis-client/0.5.0-3f446aa-SNAPSHOT/ratis-client-0.5.0-3f446aa-SNAPSHOT.jar:/home/user/.m2/repository/org/apache/ratis/ratis-metrics/0.5.0-3f446aa-SNAPSHOT/ratis-metrics-0.5.0-3f446aa-SNAPSHOT.jar:/home/user/.m2/repository/com/github/joshelser/dropwizard-metrics-hadoop-metrics2-reporter/0.1.2/dropwizard-metrics-hadoop-metrics2-reporter-0.1.2.jar:/home/user/.m2/repository/io/dropwizard/metrics/metrics-jvm/3.2.5/metrics-jvm-3.2.5.jar:/home/user/.m2/repository/io/dropwizard/metrics/metrics-ganglia/3.2.5/metrics-ganglia-3.2.5.jar:/home/user/.m2/repository/info/ganglia/gmetric4j/gmetric4j/1.0.7/gmetric4j-1.0.7.jar:/home/user/.m2/repository/org/apache/ratis/ratis-netty/0.5.0-3f446aa-SNAPSHOT/ratis-netty-0.5.0-3f446aa-SNAPSHOT.jar:/home/user/.m2/repository/org/apache/ratis/ratis-grpc/0.5.0-3f446aa-SNAPSHOT/ratis-grpc-0.5.0-3f446aa-SNAPSHOT.jar:/home/user/.m2/repository/org/rocksdb/rocksdbjni/6.0.1/rocksdbjni-6.0.1.jar:/home/user/.m2/repository/org/apache/logging/log4j/log4j-api/2.11.0/log4j-api-2.11.0.jar:/home/user/.m2/repository/org/apache/logging/log4j/log4j-core/2.11.0/log4j-core-2.11.0.jar:/home/user/.m2/repository/com/lmax/disruptor/3.4.2/disruptor-3.4.2.jar:/home/user/.m2/repository/org/apache/commons/commons-pool2/2.6.0/commons-pool2-2.6.0.jar:/home/user/.m2/repository/org/bouncycastle/bcpkix-jdk15on/1.60/bcpkix-jdk15on-1.60.jar:/home/user/.m2/repository/commons-validator/commons-validator/1.6/commons-validator-1.6.jar:/home/user/.m2/repository/commons-digester/commons-digester/1.8.1/commons-digester-1.8.1.jar:/home/user/.m2/repository/io/jaegertracing/jaeger-client/0.34.0/jaeger-client-0.34.0.jar:/home/user/.m2/repository/io/jaegertracing/jaeger-thrift/0.34.0/jaeger-thrift-0.34.0.jar:/home/user/.m2/repository/org/apache/thrift/libthrift/0.12.0/libthrift-0.12.0.jar:/home/user/.m2/repository/com/squareup/okhttp3/okhttp/3.9.0/okhttp-3.9.0.jar:/home/user/.m2/repository/com/squareup/okio/okio/1.13.0/okio-1.13.0.jar:/home/user/.m2/repository/io/jaegertracing/jaeger-core/0.34.0/jaeger-core-0.34.0.jar:/home/user/.m2/repository/io/jaegertracing/jaeger-tracerresolver/0.34.0/jaeger-tracerresolver-0.34.0.jar:/home/user/.m2/repository/io/opentracing/contrib/opentracing-tracerresolver/0.1.5/opentracing-tracerresolver-0.1.5.jar:/home/user/.m2/repository/io/opentracing/opentracing-util/0.31.0/opentracing-util-0.31.0.jar:/home/user/.m2/repository/io/opentracing/opentracing-api/0.31.0/opentracing-api-0.31.0.jar:/home/user/.m2/repository/io/opentracing/opentracing-noop/0.31.0/opentracing-noop-0.31.0.jar:/home/user/.m2/repository/org/yaml/snakeyaml/1.16/snakeyaml-1.16.jar:/home/user/.m2/repository/org/apache/hadoop/hadoop-hdds-container-service/0.5.0-SNAPSHOT/hadoop-hdds-container-service-0.5.0-SNAPSHOT.jar:/home/user/.m2/repository/org/apache/hadoop/hadoop-hdds-client/0.5.0-SNAPSHOT/hadoop-hdds-client-0.5.0-SNAPSHOT.jar:/home/user/.m2/repository/org/apache/hadoop/hadoop-hdds-tools/0.5.0-SNAPSHOT/hadoop-hdds-tools-0.5.0-SNAPSHOT.jar:/home/user/.m2/repository/org/xerial/sqlite-jdbc/3.25.2/sqlite-jdbc-3.25.2.jar:/home/user/.m2/repository/org/apache/hadoop/hadoop-hdds-server-scm/0.5.0-SNAPSHOT/hadoop-hdds-server-scm-0.5.0-SNAPSHOT.jar:/home/user/.m2/repository/org/hamcrest/hamcrest-all/1.3/hamcrest-all-1.3.jar:/home/user/.m2/repository/info/picocli/picocli/3.9.6/picocli-3.9.6.jar:/home/user/.m2/repository/com/google/protobuf/protobuf-java/2.5.0/protobuf-java-2.5.0.jar:/home/user/.m2/repository/com/google/guava/guava/11.0.2/guava-11.0.2.jar:/home/user/.m2/repository/org/apache/hadoop/hadoop-ozone-client/0.5.0-SNAPSHOT/hadoop-ozone-client-0.5.0-SNAPSHOT.jar:/workdir/hadoop-ozone/ozonefs/target/classes:/home/user/.m2/repository/org/apache/httpcomponents/httpclient/4.5.2/httpclient-4.5.2.jar:/home/user/.m2/repository/org/apache/httpcomponents/httpcore/4.4.4/httpcore-4.4.4.jar:/home/user/.m2/repository/org/apache/hadoop/hadoop-hdds-server-framework/0.5.0-SNAPSHOT/hadoop-hdds-server-framework-0.5.0-SNAPSHOT.jar:/home/user/.m2/repository/org/apache/hadoop/hadoop-common/3.2.0/hadoop-common-3.2.0.jar:/home/user/.m2/repository/org/apache/hadoop/hadoop-annotations/3.2.0/hadoop-annotations-3.2.0.jar:/usr/lib/jvm/java-1.8.0-openjdk-1.8.0.222.b10-1.el7_7.x86_64/jre/../lib/tools.jar:/home/user/.m2/repository/commons-cli/commons-cli/1.2/commons-cli-1.2.jar:/home/user/.m2/repository/org/apache/commons/commons-math3/3.1.1/commons-math3-3.1.1.jar:/home/user/.m2/repository/commons-codec/commons-codec/1.11/commons-codec-1.11.jar:/home/user/.m2/repository/commons-io/commons-io/2.5/commons-io-2.5.jar:/home/user/.m2/repository/commons-net/commons-net/3.6/commons-net-3.6.jar:/home/user/.m2/repository/commons-collections/commons-collections/3.2.2/commons-collections-3.2.2.jar:/home/user/.m2/repository/javax/servlet/javax.servlet-api/3.1.0/javax.servlet-api-3.1.0.jar:/home/user/.m2/repository/org/eclipse/jetty/jetty-server/9.3.25.v20180904/jetty-server-9.3.25.v20180904.jar:/home/user/.m2/repository/org/eclipse/jetty/jetty-http/9.3.25.v20180904/jetty-http-9.3.25.v20180904.jar:/home/user/.m2/repository/org/eclipse/jetty/jetty-io/9.3.25.v20180904/jetty-io-9.3.25.v20180904.jar:/home/user/.m2/repository/org/eclipse/jetty/jetty-util/9.3.25.v20180904/jetty-util-9.3.25.v20180904.jar:/home/user/.m2/repository/org/eclipse/jetty/jetty-servlet/9.3.25.v20180904/jetty-servlet-9.3.25.v20180904.jar:/home/user/.m2/repository/org/eclipse/jetty/jetty-security/9.3.25.v20180904/jetty-security-9.3.25.v20180904.jar:/home/user/.m2/repository/org/eclipse/jetty/jetty-webapp/9.3.25.v20180904/jetty-webapp-9.3.25.v20180904.jar:/home/user/.m2/repository/org/eclipse/jetty/jetty-xml/9.3.25.v20180904/jetty-xml-9.3.25.v20180904.jar:/home/user/.m2/repository/javax/servlet/jsp/jsp-api/2.1/jsp-api-2.1.jar:/home/user/.m2/repository/com/sun/jersey/jersey-core/1.19/jersey-core-1.19.jar:/home/user/.m2/repository/javax/ws/rs/jsr311-api/1.1.1/jsr311-api-1.1.1.jar:/home/user/.m2/repository/com/sun/jersey/jersey-servlet/1.19/jersey-servlet-1.19.jar:/home/user/.m2/repository/com/sun/jersey/jersey-json/1.19/jersey-json-1.19.jar:/home/user/.m2/repository/org/codehaus/jettison/jettison/1.1/jettison-1.1.jar:/home/user/.m2/repository/com/sun/xml/bind/jaxb-impl/2.3.0.1/jaxb-impl-2.3.0.1.jar:/home/user/.m2/repository/org/codehaus/jackson/jackson-core-asl/1.9.13/jackson-core-asl-1.9.13.jar:/home/user/.m2/repository/org/codehaus/jackson/jackson-mapper-asl/1.9.13/jackson-mapper-asl-1.9.13.jar:/home/user/.m2/repository/org/codehaus/jackson/jackson-jaxrs/1.9.13/jackson-jaxrs-1.9.13.jar:/home/user/.m2/repository/org/codehaus/jackson/jackson-xc/1.9.13/jackson-xc-1.9.13.jar:/home/user/.m2/repository/com/sun/jersey/jersey-server/1.19/jersey-server-1.19.jar:/home/user/.m2/repository/commons-logging/commons-logging/1.1.3/commons-logging-1.1.3.jar:/home/user/.m2/repository/log4j/log4j/1.2.17/log4j-1.2.17.jar:/home/user/.m2/repository/commons-beanutils/commons-beanutils/1.9.4/commons-beanutils-1.9.4.jar:/home/user/.m2/repository/org/apache/commons/commons-configuration2/2.1.1/commons-configuration2-2.1.1.jar:/home/user/.m2/repository/org/apache/commons/commons-lang3/3.7/commons-lang3-3.7.jar:/home/user/.m2/repository/org/apache/commons/commons-text/1.4/commons-text-1.4.jar:/home/user/.m2/repository/org/slf4j/slf4j-api/1.7.25/slf4j-api-1.7.25.jar:/home/user/.m2/repository/org/slf4j/slf4j-log4j12/1.7.25/slf4j-log4j12-1.7.25.jar:/home/user/.m2/repository/org/apache/avro/avro/1.7.7/avro-1.7.7.jar:/home/user/.m2/repository/com/thoughtworks/paranamer/paranamer/2.3/paranamer-2.3.jar:/home/user/.m2/repository/org/xerial/snappy/snappy-java/1.0.5/snappy-java-1.0.5.jar:/home/user/.m2/repository/com/google/re2j/re2j/1.1/re2j-1.1.jar:/home/user/.m2/repository/com/google/code/gson/gson/2.2.4/gson-2.2.4.jar:/home/user/.m2/repository/org/apache/hadoop/hadoop-auth/3.2.0/hadoop-auth-3.2.0.jar:/home/user/.m2/repository/com/nimbusds/nimbus-jose-jwt/4.41.1/nimbus-jose-jwt-4.41.1.jar:/home/user/.m2/repository/com/github/stephenc/jcip/jcip-annotations/1.0-1/jcip-annotations-1.0-1.jar:/home/user/.m2/repository/net/minidev/json-smart/2.3/json-smart-2.3.jar:/home/user/.m2/repository/net/minidev/accessors-smart/1.2/accessors-smart-1.2.jar:/home/user/.m2/repository/org/apache/curator/curator-framework/2.12.0/curator-framework-2.12.0.jar:/home/user/.m2/repository/com/jcraft/jsch/0.1.54/jsch-0.1.54.jar:/home/user/.m2/repository/org/apache/curator/curator-client/2.12.0/curator-client-2.12.0.jar:/home/user/.m2/repository/org/apache/curator/curator-recipes/2.12.0/curator-recipes-2.12.0.jar:/home/user/.m2/repository/com/google/code/findbugs/jsr305/3.0.0/jsr305-3.0.0.jar:/home/user/.m2/repository/org/apache/htrace/htrace-core4/4.1.0-incubating/htrace-core4-4.1.0-incubating.jar:/home/user/.m2/repository/org/apache/zookeeper/zookeeper/3.4.13/zookeeper-3.4.13.jar:/home/user/.m2/repository/jline/jline/0.9.94/jline-0.9.94.jar:/home/user/.m2/repository/org/apache/yetus/audience-annotations/0.5.0/audience-annotations-0.5.0.jar:/home/user/.m2/repository/org/apache/kerby/kerb-simplekdc/1.0.1/kerb-simplekdc-1.0.1.jar:/home/user/.m2/repository/org/apache/kerby/kerb-client/1.0.1/kerb-client-1.0.1.jar:/home/user/.m2/repository/org/apache/kerby/kerby-config/1.0.1/kerby-config-1.0.1.jar:/home/user/.m2/repository/org/apache/kerby/kerb-core/1.0.1/kerb-core-1.0.1.jar:/home/user/.m2/repository/org/apache/kerby/kerby-pkix/1.0.1/kerby-pkix-1.0.1.jar:/home/user/.m2/repository/org/apache/kerby/kerby-asn1/1.0.1/kerby-asn1-1.0.1.jar:/home/user/.m2/repository/org/apache/kerby/kerby-util/1.0.1/kerby-util-1.0.1.jar:/home/user/.m2/repository/org/apache/kerby/kerb-common/1.0.1/kerb-common-1.0.1.jar:/home/user/.m2/repository/org/apache/kerby/kerb-crypto/1.0.1/kerb-crypto-1.0.1.jar:/home/user/.m2/repository/org/apache/kerby/kerb-util/1.0.1/kerb-util-1.0.1.jar:/home/user/.m2/repository/org/apache/kerby/token-provider/1.0.1/token-provider-1.0.1.jar:/home/user/.m2/repository/org/apache/kerby/kerb-admin/1.0.1/kerb-admin-1.0.1.jar:/home/user/.m2/repository/org/apache/kerby/kerb-server/1.0.1/kerb-server-1.0.1.jar:/home/user/.m2/repository/org/apache/kerby/kerb-identity/1.0.1/kerb-identity-1.0.1.jar:/home/user/.m2/repository/org/apache/kerby/kerby-xdr/1.0.1/kerby-xdr-1.0.1.jar:/home/user/.m2/repository/com/fasterxml/jackson/core/jackson-databind/2.9.9/jackson-databind-2.9.9.jar:/home/user/.m2/repository/com/fasterxml/jackson/core/jackson-core/2.9.9/jackson-core-2.9.9.jar:/home/user/.m2/repository/org/codehaus/woodstox/stax2-api/3.1.4/stax2-api-3.1.4.jar:/home/user/.m2/repository/com/fasterxml/woodstox/woodstox-core/5.0.3/woodstox-core-5.0.3.jar:/home/user/.m2/repository/dnsjava/dnsjava/2.1.7/dnsjava-2.1.7.jar:/home/user/.m2/repository/org/apache/hadoop/hadoop-hdfs/3.2.0/hadoop-hdfs-3.2.0.jar:/home/user/.m2/repository/org/eclipse/jetty/jetty-util-ajax/9.3.25.v20180904/jetty-util-ajax-9.3.25.v20180904.jar:/home/user/.m2/repository/commons-daemon/commons-daemon/1.0.13/commons-daemon-1.0.13.jar:/home/user/.m2/repository/io/netty/netty/3.10.5.Final/netty-3.10.5.Final.jar:/home/user/.m2/repository/io/netty/netty-all/4.0.52.Final/netty-all-4.0.52.Final.jar:/home/user/.m2/repository/org/fusesource/leveldbjni/leveldbjni-all/1.8/leveldbjni-all-1.8.jar:/home/user/.m2/repository/com/sun/xml/bind/jaxb-core/2.3.0.1/jaxb-core-2.3.0.1.jar:/home/user/.m2/repository/javax/xml/bind/jaxb-api/2.3.0/jaxb-api-2.3.0.jar:/home/user/.m2/repository/javax/activation/activation/1.1.1/activation-1.1.1.jar:/home/user/.m2/repository/org/openjdk/jmh/jmh-core/1.19/jmh-core-1.19.jar:/home/user/.m2/repository/net/sf/jopt-simple/jopt-simple/4.6/jopt-simple-4.6.jar:/home/user/.m2/repository/org/openjdk/jmh/jmh-generator-annprocess/1.19/jmh-generator-annprocess-1.19.jar:/home/user/.m2/repository/io/dropwizard/metrics/metrics-core/3.2.4/metrics-core-3.2.4.jar:/home/user/.m2/repository/com/amazonaws/aws-java-sdk-s3/1.11.615/aws-java-sdk-s3-1.11.615.jar:/home/user/.m2/repository/com/amazonaws/aws-java-sdk-kms/1.11.615/aws-java-sdk-kms-1.11.615.jar:/home/user/.m2/repository/com/amazonaws/aws-java-sdk-core/1.11.615/aws-java-sdk-core-1.11.615.jar:/home/user/.m2/repository/software/amazon/ion/ion-java/1.0.2/ion-java-1.0.2.jar:/home/user/.m2/repository/com/fasterxml/jackson/dataformat/jackson-dataformat-cbor/2.9.9/jackson-dataformat-cbor-2.9.9.jar:/home/user/.m2/repository/joda-time/joda-time/2.9.9/joda-time-2.9.9.jar:/home/user/.m2/repository/com/amazonaws/jmespath-java/1.11.615/jmespath-java-1.11.615.jar:/home/user/.m2/repository/com/github/spotbugs/spotbugs/3.1.12/spotbugs-3.1.12.jar:/home/user/.m2/repository/org/ow2/asm/asm/5.0.4/asm-5.0.4.jar:/home/user/.m2/repository/org/ow2/asm/asm-analysis/7.0/asm-analysis-7.0.jar:/home/user/.m2/repository/org/ow2/asm/asm-commons/7.0/asm-commons-7.0.jar:/home/user/.m2/repository/org/ow2/asm/asm-tree/7.0/asm-tree-7.0.jar:/home/user/.m2/repository/org/ow2/asm/asm-util/7.0/asm-util-7.0.jar:/home/user/.m2/repository/org/apache/bcel/bcel/6.3/bcel-6.3.jar:/home/user/.m2/repository/net/jcip/jcip-annotations/1.0/jcip-annotations-1.0.jar:/home/user/.m2/repository/org/dom4j/dom4j/2.1.1/dom4j-2.1.1.jar:/home/user/.m2/repository/jaxen/jaxen/1.1.6/jaxen-1.1.6.jar:/home/user/.m2/repository/commons-lang/commons-lang/2.6/commons-lang-2.6.jar:/home/user/.m2/repository/com/github/spotbugs/spotbugs-annotations/3.1.12/spotbugs-annotations-3.1.12.jar:/home/user/.m2/repository/junit/junit/4.11/junit-4.11.jar:/home/user/.m2/repository/org/hamcrest/hamcrest-core/1.3/hamcrest-core-1.3.jar:/home/user/.m2/repository/org/apache/hadoop/hadoop-common/3.2.0/hadoop-common-3.2.0-tests.jar:/workdir/hadoop-ozone/integration-test/target/test-classes:/home/user/.m2/repository/org/apache/hadoop/hadoop-ozone-s3gateway/0.5.0-SNAPSHOT/hadoop-ozone-s3gateway-0.5.0-SNAPSHOT.jar:/home/user/.m2/repository/org/jboss/weld/servlet/weld-servlet/2.4.7.Final/weld-servlet-2.4.7.Final.jar:/home/user/.m2/repository/org/glassfish/jersey/containers/jersey-container-servlet-core/2.27/jersey-container-servlet-core-2.27.jar:/home/user/.m2/repository/org/glassfish/hk2/external/javax.inject/2.5.0-b42/javax.inject-2.5.0-b42.jar:/home/user/.m2/repository/org/glassfish/jersey/core/jersey-common/2.27/jersey-common-2.27.jar:/home/user/.m2/repository/org/glassfish/hk2/osgi-resource-locator/1.0.1/osgi-resource-locator-1.0.1.jar:/home/user/.m2/repository/javax/ws/rs/javax.ws.rs-api/2.1/javax.ws.rs-api-2.1.jar:/home/user/.m2/repository/org/glassfish/jersey/ext/cdi/jersey-cdi1x/2.27/jersey-cdi1x-2.27.jar:/home/user/.m2/repository/org/glassfish/jersey/inject/jersey-hk2/2.27/jersey-hk2-2.27.jar:/home/user/.m2/repository/org/glassfish/hk2/hk2-locator/2.5.0-b42/hk2-locator-2.5.0-b42.jar:/home/user/.m2/repository/org/javassist/javassist/3.22.0-CR2/javassist-3.22.0-CR2.jar:/home/user/.m2/repository/org/glassfish/hk2/hk2-api/2.5.0/hk2-api-2.5.0.jar:/home/user/.m2/repository/org/glassfish/hk2/external/jakarta.inject/2.5.0/jakarta.inject-2.5.0.jar:/home/user/.m2/repository/org/glassfish/hk2/hk2-utils/2.5.0/hk2-utils-2.5.0.jar:/home/user/.m2/repository/jakarta/annotation/jakarta.annotation-api/1.3.4/jakarta.annotation-api-1.3.4.jar:/home/user/.m2/repository/org/glassfish/hk2/external/aopalliance-repackaged/2.5.0/aopalliance-repackaged-2.5.0.jar:/home/user/.m2/repository/com/fasterxml/jackson/dataformat/jackson-dataformat-xml/2.9.0/jackson-dataformat-xml-2.9.0.jar:/home/user/.m2/repository/com/fasterxml/jackson/module/jackson-module-jaxb-annotations/2.9.9/jackson-module-jaxb-annotations-2.9.9.jar:/home/user/.m2/repository/javax/enterprise/cdi-api/1.2/cdi-api-1.2.jar:/home/user/.m2/repository/javax/el/javax.el-api/3.0.0/javax.el-api-3.0.0.jar:/home/user/.m2/repository/javax/interceptor/javax.interceptor-api/1.2/javax.interceptor-api-1.2.jar:/home/user/.m2/repository/javax/inject/javax.inject/1/javax.inject-1.jar:/home/user/.m2/repository/org/apache/hadoop/hadoop-ozone-csi/0.5.0-SNAPSHOT/hadoop-ozone-csi-0.5.0-SNAPSHOT.jar:/home/user/.m2/repository/com/google/protobuf/protobuf-java-util/3.5.1/protobuf-java-util-3.5.1.jar:/home/user/.m2/repository/io/grpc/grpc-netty/1.17.1/grpc-netty-1.17.1.jar:/home/user/.m2/repository/io/grpc/grpc-core/1.17.1/grpc-core-1.17.1.jar:/home/user/.m2/repository/io/grpc/grpc-context/1.17.1/grpc-context-1.17.1.jar:/home/user/.m2/repository/com/google/errorprone/error_prone_annotations/2.2.0/error_prone_annotations-2.2.0.jar:/home/user/.m2/repository/org/codehaus/mojo/animal-sniffer-annotations/1.17/animal-sniffer-annotations-1.17.jar:/home/user/.m2/repository/io/opencensus/opencensus-api/0.17.0/opencensus-api-0.17.0.jar:/home/user/.m2/repository/io/opencensus/opencensus-contrib-grpc-metrics/0.17.0/opencensus-contrib-grpc-metrics-0.17.0.jar:/home/user/.m2/repository/io/netty/netty-codec-http2/4.1.30.Final/netty-codec-http2-4.1.30.Final.jar:/home/user/.m2/repository/io/netty/netty-codec-http/4.1.30.Final/netty-codec-http-4.1.30.Final.jar:/home/user/.m2/repository/io/netty/netty-codec/4.1.30.Final/netty-codec-4.1.30.Final.jar:/home/user/.m2/repository/io/netty/netty-handler/4.1.30.Final/netty-handler-4.1.30.Final.jar:/home/user/.m2/repository/io/netty/netty-handler-proxy/4.1.30.Final/netty-handler-proxy-4.1.30.Final.jar:/home/user/.m2/repository/io/netty/netty-codec-socks/4.1.30.Final/netty-codec-socks-4.1.30.Final.jar:/home/user/.m2/repository/io/netty/netty-transport-native-epoll/4.1.30.Final/netty-transport-native-epoll-4.1.30.Final.jar:/home/user/.m2/repository/io/netty/netty-common/4.1.30.Final/netty-common-4.1.30.Final.jar:/home/user/.m2/repository/io/netty/netty-buffer/4.1.30.Final/netty-buffer-4.1.30.Final.jar:/home/user/.m2/repository/io/netty/netty-transport/4.1.30.Final/netty-transport-4.1.30.Final.jar:/home/user/.m2/repository/io/netty/netty-resolver/4.1.30.Final/netty-resolver-4.1.30.Final.jar:/home/user/.m2/repository/io/netty/netty-transport-native-unix-common/4.1.30.Final/netty-transport-native-unix-common-4.1.30.Final.jar:/home/user/.m2/repository/io/grpc/grpc-protobuf/1.17.1/grpc-protobuf-1.17.1.jar:/home/user/.m2/repository/com/google/api/grpc/proto-google-common-protos/1.0.0/proto-google-common-protos-1.0.0.jar:/home/user/.m2/repository/io/grpc/grpc-protobuf-lite/1.17.1/grpc-protobuf-lite-1.17.1.jar:/home/user/.m2/repository/io/grpc/grpc-stub/1.17.1/grpc-stub-1.17.1.jar:/home/user/.m2/repository/org/apache/hadoop/hadoop-ozone-recon/0.5.0-SNAPSHOT/hadoop-ozone-recon-0.5.0-SNAPSHOT.jar:/home/user/.m2/repository/org/apache/hadoop/hadoop-ozone-reconcodegen/0.5.0-SNAPSHOT/hadoop-ozone-reconcodegen-0.5.0-SNAPSHOT.jar:/home/user/.m2/repository/com/google/inject/extensions/guice-multibindings/4.0/guice-multibindings-4.0.jar:/home/user/.m2/repository/com/google/inject/guice/4.0/guice-4.0.jar:/home/user/.m2/repository/aopalliance/aopalliance/1.0/aopalliance-1.0.jar:/home/user/.m2/repository/com/google/inject/extensions/guice-servlet/4.0/guice-servlet-4.0.jar:/home/user/.m2/repository/org/glassfish/jersey/containers/jersey-container-servlet/2.27/jersey-container-servlet-2.27.jar:/home/user/.m2/repository/org/glassfish/hk2/guice-bridge/2.5.0/guice-bridge-2.5.0.jar:/home/user/.m2/repository/org/glassfish/jersey/core/jersey-server/2.27/jersey-server-2.27.jar:/home/user/.m2/repository/org/glassfish/jersey/core/jersey-client/2.27/jersey-client-2.27.jar:/home/user/.m2/repository/org/glassfish/jersey/media/jersey-media-jaxb/2.27/jersey-media-jaxb-2.27.jar:/home/user/.m2/repository/javax/validation/validation-api/1.1.0.Final/validation-api-1.1.0.Final.jar:/home/user/.m2/repository/org/glassfish/jersey/media/jersey-media-json-jackson/2.27/jersey-media-json-jackson-2.27.jar:/home/user/.m2/repository/org/glassfish/jersey/ext/jersey-entity-filtering/2.27/jersey-entity-filtering-2.27.jar:/home/user/.m2/repository/com/google/inject/extensions/guice-assistedinject/4.0/guice-assistedinject-4.0.jar:/home/user/.m2/repository/org/jooq/jooq/3.11.10/jooq-3.11.10.jar:/home/user/.m2/repository/org/jooq/jooq-meta/3.11.10/jooq-meta-3.11.10.jar:/home/user/.m2/repository/org/jooq/jooq-codegen/3.11.10/jooq-codegen-3.11.10.jar:/home/user/.m2/repository/com/jolbox/bonecp/0.8.0.RELEASE/bonecp-0.8.0.RELEASE.jar:/home/user/.m2/repository/org/springframework/spring-jdbc/5.1.3.RELEASE/spring-jdbc-5.1.3.RELEASE.jar:/home/user/.m2/repository/org/springframework/spring-beans/5.1.3.RELEASE/spring-beans-5.1.3.RELEASE.jar:/home/user/.m2/repository/org/springframework/spring-core/5.1.3.RELEASE/spring-core-5.1.3.RELEASE.jar:/home/user/.m2/repository/org/springframework/spring-jcl/5.1.3.RELEASE/spring-jcl-5.1.3.RELEASE.jar:/home/user/.m2/repository/org/springframework/spring-tx/5.1.3.RELEASE/spring-tx-5.1.3.RELEASE.jar:/home/user/.m2/repository/org/mockito/mockito-core/2.15.0/mockito-core-2.15.0.jar:/home/user/.m2/repository/net/bytebuddy/byte-buddy/1.7.9/byte-buddy-1.7.9.jar:/home/user/.m2/repository/net/bytebuddy/byte-buddy-agent/1.7.9/byte-buddy-agent-1.7.9.jar:/home/user/.m2/repository/org/objenesis/objenesis/1.0/objenesis-1.0.jar:"/>
    <property name="sun.cpu.endian" value="little"/>
    <property name="user.home" value="/home/user"/>
    <property name="user.language" value="en"/>
    <property name="java.specification.vendor" value="Oracle Corporation"/>
    <property name="java.home" value="/usr/lib/jvm/java-1.8.0-openjdk-1.8.0.222.b10-1.el7_7.x86_64/jre"/>
    <property name="surefire.excludesFile" value="/tools/ozone-bad-unit-tests"/>
    <property name="java.security.krb5.conf" value="/workdir/hadoop-ozone/tools/target/test-classes/krb5.conf"/>
    <property name="basedir" value="/workdir/hadoop-ozone/tools"/>
    <property name="file.separator" value="/"/>
    <property name="line.separator" value="&#10;"/>
    <property name="java.vm.specification.vendor" value="Oracle Corporation"/>
    <property name="java.specification.name" value="Java Platform API Specification"/>
    <property name="java.awt.graphicsenv" value="sun.awt.X11GraphicsEnvironment"/>
    <property name="surefire.real.class.path" value="/workdir/hadoop-ozone/tools/target/surefire/surefirebooter808348554318635034.jar"/>
    <property name="hadoop.log.dir" value="/workdir/hadoop-ozone/tools/target/log"/>
    <property name="sun.boot.class.path" value="/usr/lib/jvm/java-1.8.0-openjdk-1.8.0.222.b10-1.el7_7.x86_64/jre/lib/resources.jar:/usr/lib/jvm/java-1.8.0-openjdk-1.8.0.222.b10-1.el7_7.x86_64/jre/lib/rt.jar:/usr/lib/jvm/java-1.8.0-openjdk-1.8.0.222.b10-1.el7_7.x86_64/jre/lib/sunrsasign.jar:/usr/lib/jvm/java-1.8.0-openjdk-1.8.0.222.b10-1.el7_7.x86_64/jre/lib/jsse.jar:/usr/lib/jvm/java-1.8.0-openjdk-1.8.0.222.b10-1.el7_7.x86_64/jre/lib/jce.jar:/usr/lib/jvm/java-1.8.0-openjdk-1.8.0.222.b10-1.el7_7.x86_64/jre/lib/charsets.jar:/usr/lib/jvm/java-1.8.0-openjdk-1.8.0.222.b10-1.el7_7.x86_64/jre/lib/jfr.jar:/usr/lib/jvm/java-1.8.0-openjdk-1.8.0.222.b10-1.el7_7.x86_64/jre/classes"/>
    <property name="sun.management.compiler" value="HotSpot 64-Bit Tiered Compilers"/>
    <property name="java.runtime.version" value="1.8.0_222-b10"/>
    <property name="java.net.preferIPv4Stack" value="true"/>
    <property name="user.name" value="jenkins1000"/>
    <property name="path.separator" value=":"/>
    <property name="java.security.egd" value="file:///dev/urandom"/>
    <property name="os.version" value="3.10.0-957.12.2.el7.x86_64"/>
    <property name="java.endorsed.dirs" value="/usr/lib/jvm/java-1.8.0-openjdk-1.8.0.222.b10-1.el7_7.x86_64/jre/lib/endorsed"/>
    <property name="java.runtime.name" value="OpenJDK Runtime Environment"/>
    <property name="file.encoding" value="ANSI_X3.4-1968"/>
    <property name="java.vm.name" value="OpenJDK 64-Bit Server VM"/>
    <property name="test.build.webapps" value=""/>
    <property name="localRepository" value="/home/user/.m2/repository"/>
    <property name="java.vendor.url.bug" value="http://bugreport.sun.com/bugreport/"/>
    <property name="java.io.tmpdir" value="/tmp"/>
    <property name="require.test.libhadoop" value=""/>
    <property name="java.version" value="1.8.0_222"/>
    <property name="user.dir" value="/workdir/hadoop-ozone/tools"/>
    <property name="os.arch" value="amd64"/>
    <property name="java.vm.specification.name" value="Java Virtual Machine Specification"/>
    <property name="test.build.classes" value="/workdir/hadoop-ozone/tools/target/test-classes"/>
    <property name="java.awt.printerjob" value="sun.print.PSPrinterJob"/>
    <property name="sun.os.patch.level" value="unknown"/>
    <property name="hadoop.tmp.dir" value="/workdir/hadoop-ozone/tools/target/tmp"/>
    <property name="java.library.path" value="/usr/lib:/workdir/hadoop-ozone/tools/target/native/target/usr/local/lib:/workdir/hadoop-ozone/tools/../../hadoop-common-project/hadoop-common/target/native/target/usr/local/lib:/usr/java/packages/lib/amd64:/usr/lib64:/lib64:/lib:/usr/lib"/>
    <property name="java.vm.info" value="mixed mode"/>
    <property name="java.vendor" value="Oracle Corporation"/>
    <property name="java.vm.version" value="25.222-b10"/>
    <property name="java.ext.dirs" value="/usr/lib/jvm/java-1.8.0-openjdk-1.8.0.222.b10-1.el7_7.x86_64/jre/lib/ext:/usr/java/packages/lib/ext"/>
    <property name="sun.io.unicode.encoding" value="UnicodeLittle"/>
    <property name="java.class.version" value="52.0"/>
  </properties>
  <testcase name="validateWriteTest" classname="org.apache.hadoop.ozone.freon.TestDataValidateWithDummyContainers" time="0.001"/>
  <testcase name="ratisTestLargeKey" classname="org.apache.hadoop.ozone.freon.TestDataValidateWithDummyContainers" time="276.004">
    <error message="Allocated 0 blocks. Requested 1 blocks" type="INTERNAL_ERROR org.apache.hadoop.ozone.om.exceptions.OMException">INTERNAL_ERROR org.apache.hadoop.ozone.om.exceptions.OMException: Allocated 0 blocks. Requested 1 blocks
	at org.apache.hadoop.ozone.om.protocolPB.OzoneManagerProtocolClientSideTranslatorPB.handleError(OzoneManagerProtocolClientSideTranslatorPB.java:732)
	at org.apache.hadoop.ozone.om.protocolPB.OzoneManagerProtocolClientSideTranslatorPB.allocateBlock(OzoneManagerProtocolClientSideTranslatorPB.java:764)
	at sun.reflect.NativeMethodAccessorImpl.invoke0(Native Method)
	at sun.reflect.NativeMethodAccessorImpl.invoke(NativeMethodAccessorImpl.java:62)
	at sun.reflect.DelegatingMethodAccessorImpl.invoke(DelegatingMethodAccessorImpl.java:43)
	at java.lang.reflect.Method.invoke(Method.java:498)
	at org.apache.hadoop.hdds.tracing.TraceAllMethod.invoke(TraceAllMethod.java:66)
	at com.sun.proxy.$Proxy37.allocateBlock(Unknown Source)
	at org.apache.hadoop.ozone.client.io.BlockOutputStreamEntryPool.allocateNewBlock(BlockOutputStreamEntryPool.java:258)
	at org.apache.hadoop.ozone.client.io.BlockOutputStreamEntryPool.allocateBlockIfNeeded(BlockOutputStreamEntryPool.java:306)
	at org.apache.hadoop.ozone.client.io.KeyOutputStream.handleWrite(KeyOutputStream.java:198)
	at org.apache.hadoop.ozone.client.io.KeyOutputStream.handleRetry(KeyOutputStream.java:375)
	at org.apache.hadoop.ozone.client.io.KeyOutputStream.handleException(KeyOutputStream.java:324)
	at org.apache.hadoop.ozone.client.io.KeyOutputStream.handleWrite(KeyOutputStream.java:228)
	at org.apache.hadoop.ozone.client.io.KeyOutputStream.handleRetry(KeyOutputStream.java:375)
	at org.apache.hadoop.ozone.client.io.KeyOutputStream.handleException(KeyOutputStream.java:324)
	at org.apache.hadoop.ozone.client.io.KeyOutputStream.handleWrite(KeyOutputStream.java:228)
	at org.apache.hadoop.ozone.client.io.KeyOutputStream.handleRetry(KeyOutputStream.java:375)
	at org.apache.hadoop.ozone.client.io.KeyOutputStream.handleException(KeyOutputStream.java:324)
	at org.apache.hadoop.ozone.client.io.KeyOutputStream.handleWrite(KeyOutputStream.java:228)
	at org.apache.hadoop.ozone.client.io.KeyOutputStream.handleRetry(KeyOutputStream.java:375)
	at org.apache.hadoop.ozone.client.io.KeyOutputStream.handleException(KeyOutputStream.java:324)
	at org.apache.hadoop.ozone.client.io.KeyOutputStream.handleWrite(KeyOutputStream.java:228)
	at org.apache.hadoop.ozone.client.io.KeyOutputStream.write(KeyOutputStream.java:190)
	at org.apache.hadoop.ozone.client.io.OzoneOutputStream.write(OzoneOutputStream.java:49)
	at org.apache.hadoop.ozone.freon.RandomKeyGenerator.createKey(RandomKeyGenerator.java:708)
	at org.apache.hadoop.ozone.freon.RandomKeyGenerator.access$1100(RandomKeyGenerator.java:88)
	at org.apache.hadoop.ozone.freon.RandomKeyGenerator$ObjectCreator.run(RandomKeyGenerator.java:615)
	at java.util.concurrent.Executors$RunnableAdapter.call(Executors.java:511)
	at java.util.concurrent.FutureTask.run(FutureTask.java:266)
	at java.util.concurrent.ThreadPoolExecutor.runWorker(ThreadPoolExecutor.java:1149)
	at java.util.concurrent.ThreadPoolExecutor$Worker.run(ThreadPoolExecutor.java:624)
	at java.lang.Thread.run(Thread.java:748)
</error>
    <system-out><![CDATA[2019-10-18 08:15:51,218 [main] INFO  freon.RandomKeyGenerator (RandomKeyGenerator.java:call(258)) - Override validateWrites to false, because hdds.container.chunk.persistdata is set to false.
2019-10-18 08:15:51,955 [Thread-208] INFO  container.ReplicationManager (ReplicationManager.java:start(162)) - Starting Replication Monitor Thread.
2019-10-18 08:15:51,957 [ReplicationMonitor] INFO  container.ReplicationManager (ReplicationManager.java:run(225)) - Replication Monitor Thread took 1 milliseconds for processing 0 containers.
2019-10-18 08:15:52,047 [main] INFO  freon.RandomKeyGenerator (RandomKeyGenerator.java:call(283)) - Number of Threads: 10
2019-10-18 08:15:52,048 [main] INFO  freon.RandomKeyGenerator (RandomKeyGenerator.java:call(288)) - Number of Volumes: 1.
2019-10-18 08:15:52,048 [main] INFO  freon.RandomKeyGenerator (RandomKeyGenerator.java:call(289)) - Number of Buckets per Volume: 1.
2019-10-18 08:15:52,049 [main] INFO  freon.RandomKeyGenerator (RandomKeyGenerator.java:call(290)) - Number of Keys per Bucket: 1.
2019-10-18 08:15:52,049 [main] INFO  freon.RandomKeyGenerator (RandomKeyGenerator.java:call(291)) - Key size: 20971520 bytes
2019-10-18 08:15:52,049 [main] INFO  freon.RandomKeyGenerator (RandomKeyGenerator.java:call(292)) - Buffer size: 4096 bytes
2019-10-18 08:15:52,049 [main] INFO  freon.RandomKeyGenerator (RandomKeyGenerator.java:call(293)) - validateWrites : false
2019-10-18 08:15:52,054 [main] INFO  freon.RandomKeyGenerator (RandomKeyGenerator.java:call(313)) - Starting progress bar Thread.

 0.00% |?                                                                                                    |  0/1 Time: 0:00:002019-10-18 08:15:52,080 [pool-73-thread-1] INFO  rpc.RpcClient (RpcClient.java:createVolume(272)) - Creating Volume: vol-0-24043, with jenkins1000 as owner.
2019-10-18 08:15:52,221 [IPC Server handler 15 on 37532] INFO  volume.OMVolumeCreateRequest (OMVolumeCreateRequest.java:validateAndUpdateCache(193)) - created volume:vol-0-24043 for user:jenkins1000
2019-10-18 08:15:52,297 [pool-73-thread-2] INFO  rpc.RpcClient (RpcClient.java:createBucket(411)) - Creating Bucket: vol-0-24043/bucket-0-05716, with Versioning false and Storage Type set to DISK and Encryption set to false 
2019-10-18 08:15:52,445 [pool-73-thread-3] INFO  impl.MetricsSystemImpl (MetricsSystemImpl.java:init(158)) - XceiverClientMetrics metrics system started (again)
2019-10-18 08:15:52,868 [pool-36-thread-1] ERROR impl.ChunkManagerImpl (ChunkManagerDummyImpl.java:writeChunk(86)) - data array does not match the length specified. DataLen: 1048576 Byte Array: 1048745
2019-10-18 08:15:52,871 [pool-36-thread-1] ERROR impl.ChunkManagerDummyImpl (ChunkManagerDummyImpl.java:writeChunk(105)) - write data failed. error: {}
org.apache.hadoop.hdds.scm.container.common.helpers.StorageContainerException: data array does not match the length specified. DataLen: 1048576 Byte Array: 1048745
	at org.apache.hadoop.ozone.container.keyvalue.impl.ChunkManagerDummyImpl.writeChunk(ChunkManagerDummyImpl.java:87)
	at org.apache.hadoop.ozone.container.keyvalue.KeyValueHandler.handleWriteChunk(KeyValueHandler.java:696)
	at org.apache.hadoop.ozone.container.keyvalue.KeyValueHandler.handle(KeyValueHandler.java:176)
	at org.apache.hadoop.ozone.container.common.impl.HddsDispatcher.dispatchRequest(HddsDispatcher.java:277)
	at org.apache.hadoop.ozone.container.common.impl.HddsDispatcher.dispatch(HddsDispatcher.java:150)
	at org.apache.hadoop.ozone.container.common.transport.server.ratis.ContainerStateMachine.dispatchCommand(ContainerStateMachine.java:415)
	at org.apache.hadoop.ozone.container.common.transport.server.ratis.ContainerStateMachine.runCommand(ContainerStateMachine.java:425)
	at org.apache.hadoop.ozone.container.common.transport.server.ratis.ContainerStateMachine.lambda$handleWriteChunk$1(ContainerStateMachine.java:460)
	at java.util.concurrent.CompletableFuture$AsyncSupply.run(CompletableFuture.java:1590)
	at java.util.concurrent.ThreadPoolExecutor.runWorker(ThreadPoolExecutor.java:1149)
	at java.util.concurrent.ThreadPoolExecutor$Worker.run(ThreadPoolExecutor.java:624)
	at java.lang.Thread.run(Thread.java:748)
2019-10-18 08:15:52,949 [pool-36-thread-1] INFO  keyvalue.KeyValueHandler (ContainerUtils.java:logAndReturnError(146)) - Operation: WriteChunk : Trace ID: 8a46b4734234ffe4:521d4e15d0b1eb0f:99c22f4b82e9bdcf:0 : Message: Internal error:  : Result: CONTAINER_INTERNAL_ERROR
2019-10-18 08:15:52,970 [EventQueue-IncrementalContainerReportForIncrementalContainerReportHandler] WARN  container.IncrementalContainerReportHandler (AbstractContainerReportHandler.java:updateContainerState(145)) - Container #1 is in OPEN state, but the datanode 47aecc56-7e95-480d-b89c-2c00d33b4782{ip: 192.168.69.67, host: pr-hdds-1868-wx8dl-4219780377, networkLocation: /default-rack, certSerialId: null} reports an UNHEALTHY replica.
08:15:52.974 [pool-36-thread-1] ERROR DNAudit - user=null | ip=null | op=WRITE_CHUNK {blockData=conID: 1 locID: 102982389095923712 bcsId: 0} | ret=FAILURE
java.lang.Exception: Internal error: 
	at org.apache.hadoop.ozone.container.common.impl.HddsDispatcher.dispatchRequest(HddsDispatcher.java:332) ~[hadoop-hdds-container-service-0.5.0-SNAPSHOT.jar:?]
	at org.apache.hadoop.ozone.container.common.impl.HddsDispatcher.dispatch(HddsDispatcher.java:150) ~[hadoop-hdds-container-service-0.5.0-SNAPSHOT.jar:?]
	at org.apache.hadoop.ozone.container.common.transport.server.ratis.ContainerStateMachine.dispatchCommand(ContainerStateMachine.java:415) ~[hadoop-hdds-container-service-0.5.0-SNAPSHOT.jar:?]
	at org.apache.hadoop.ozone.container.common.transport.server.ratis.ContainerStateMachine.runCommand(ContainerStateMachine.java:425) ~[hadoop-hdds-container-service-0.5.0-SNAPSHOT.jar:?]
	at org.apache.hadoop.ozone.container.common.transport.server.ratis.ContainerStateMachine.lambda$handleWriteChunk$1(ContainerStateMachine.java:460) ~[hadoop-hdds-container-service-0.5.0-SNAPSHOT.jar:?]
	at java.util.concurrent.CompletableFuture$AsyncSupply.run(CompletableFuture.java:1590) [?:1.8.0_222]
	at java.util.concurrent.ThreadPoolExecutor.runWorker(ThreadPoolExecutor.java:1149) [?:1.8.0_222]
	at java.util.concurrent.ThreadPoolExecutor$Worker.run(ThreadPoolExecutor.java:624) [?:1.8.0_222]
	at java.lang.Thread.run(Thread.java:748) [?:1.8.0_222]
2019-10-18 08:15:52,986 [pool-36-thread-1] ERROR ratis.ContainerStateMachine (ContainerStateMachine.java:lambda$handleWriteChunk$2(482)) - group-B38726245CC0: writeChunk writeStateMachineData failed: blockIdcontainerID: 1
localID: 102982389095923712
blockCommitSequenceId: 0
 logIndex 1 chunkName 102982389095923712_chunk_1 Error message: Internal error:  Container Result: CONTAINER_INTERNAL_ERROR
2019-10-18 08:15:52,998 [47aecc56-7e95-480d-b89c-2c00d33b4782@group-B38726245CC0-SegmentedRaftLogWorker] ERROR ratis.XceiverServerRatis (XceiverServerRatis.java:triggerPipelineClose(588)) - pipeline Action CLOSE  on pipeline PipelineID=6e86684c-d330-4917-9522-b38726245cc0.Reason : Internal error: 
2019-10-18 08:15:52,998 [47aecc56-7e95-480d-b89c-2c00d33b4782@group-B38726245CC0-SegmentedRaftLogWorker] ERROR ratis.XceiverServerRatis (XceiverServerRatis.java:triggerPipelineClose(588)) - pipeline Action CLOSE  on pipeline PipelineID=6e86684c-d330-4917-9522-b38726245cc0.Reason : Log already failed at index 1 for task WriteLog:1: (t:2, i:1), STATEMACHINELOGENTRY, client-C75029FABF11, cid=8
2019-10-18 08:15:53,003 [EventQueue-PipelineActionsForPipelineActionHandler] ERROR pipeline.PipelineActionHandler (PipelineActionHandler.java:onMessage(60)) - Received pipeline action CLOSE for Pipeline[ Id: 6e86684c-d330-4917-9522-b38726245cc0, Nodes: bc0382cc-50e2-4d58-b2de-e8b6250f3520{ip: 192.168.69.67, host: pr-hdds-1868-wx8dl-4219780377, networkLocation: /default-rack, certSerialId: null}1bc296c6-def6-4ae4-8c62-5b4c951a28f1{ip: 192.168.69.67, host: pr-hdds-1868-wx8dl-4219780377, networkLocation: /default-rack, certSerialId: null}47aecc56-7e95-480d-b89c-2c00d33b4782{ip: 192.168.69.67, host: pr-hdds-1868-wx8dl-4219780377, networkLocation: /default-rack, certSerialId: null}, Type:RATIS, Factor:THREE, State:OPEN] from datanode 47aecc56-7e95-480d-b89c-2c00d33b4782{ip: 192.168.69.67, host: pr-hdds-1868-wx8dl-4219780377, networkLocation: /default-rack, certSerialId: null}. Reason : Internal error: 
2019-10-18 08:15:53,004 [EventQueue-CloseContainerForCloseContainerEventHandler] INFO  container.CloseContainerEventHandler (CloseContainerEventHandler.java:onMessage(61)) - Close container Event triggered for container : #1
2019-10-18 08:15:53,004 [EventQueue-PipelineActionsForPipelineActionHandler] INFO  pipeline.SCMPipelineManager (SCMPipelineManager.java:finalizeAndDestroyPipeline(315)) - destroying pipeline:Pipeline[ Id: 6e86684c-d330-4917-9522-b38726245cc0, Nodes: bc0382cc-50e2-4d58-b2de-e8b6250f3520{ip: 192.168.69.67, host: pr-hdds-1868-wx8dl-4219780377, networkLocation: /default-rack, certSerialId: null}1bc296c6-def6-4ae4-8c62-5b4c951a28f1{ip: 192.168.69.67, host: pr-hdds-1868-wx8dl-4219780377, networkLocation: /default-rack, certSerialId: null}47aecc56-7e95-480d-b89c-2c00d33b4782{ip: 192.168.69.67, host: pr-hdds-1868-wx8dl-4219780377, networkLocation: /default-rack, certSerialId: null}, Type:RATIS, Factor:THREE, State:OPEN]
2019-10-18 08:15:53,005 [EventQueue-PipelineActionsForPipelineActionHandler] INFO  pipeline.PipelineStateManager (PipelineStateManager.java:finalizePipeline(121)) - Pipeline Pipeline[ Id: 6e86684c-d330-4917-9522-b38726245cc0, Nodes: bc0382cc-50e2-4d58-b2de-e8b6250f3520{ip: 192.168.69.67, host: pr-hdds-1868-wx8dl-4219780377, networkLocation: /default-rack, certSerialId: null}1bc296c6-def6-4ae4-8c62-5b4c951a28f1{ip: 192.168.69.67, host: pr-hdds-1868-wx8dl-4219780377, networkLocation: /default-rack, certSerialId: null}47aecc56-7e95-480d-b89c-2c00d33b4782{ip: 192.168.69.67, host: pr-hdds-1868-wx8dl-4219780377, networkLocation: /default-rack, certSerialId: null}, Type:RATIS, Factor:THREE, State:CLOSED] moved to CLOSED state
2019-10-18 08:15:53,008 [EventQueue-CloseContainerForCloseContainerEventHandler] INFO  container.CloseContainerEventHandler (CloseContainerEventHandler.java:onMessage(61)) - Close container Event triggered for container : #1
2019-10-18 08:15:53,009 [EventQueue-CloseContainerForCloseContainerEventHandler] INFO  container.CloseContainerEventHandler (CloseContainerEventHandler.java:onMessage(61)) - Close container Event triggered for container : #2
2019-10-18 08:15:53,009 [EventQueue-CloseContainerForCloseContainerEventHandler] INFO  container.CloseContainerEventHandler (CloseContainerEventHandler.java:onMessage(61)) - Close container Event triggered for container : #3
 0.00% |?                                                                                                    |  0/1 Time: 0:00:01 0.00% |?                                                                                                    |  0/1 Time: 0:00:022019-10-18 08:15:54,857 [Command processor thread] ERROR commandhandler.CloseContainerCommandHandler (CloseContainerCommandHandler.java:handle(84)) - Container #2 does not exist in datanode. Container close failed.
2019-10-18 08:15:54,857 [Command processor thread] ERROR commandhandler.CloseContainerCommandHandler (CloseContainerCommandHandler.java:handle(84)) - Container #2 does not exist in datanode. Container close failed.
2019-10-18 08:15:54,859 [Command processor thread] ERROR commandhandler.CloseContainerCommandHandler (CloseContainerCommandHandler.java:handle(84)) - Container #3 does not exist in datanode. Container close failed.
2019-10-18 08:15:54,859 [Command processor thread] ERROR commandhandler.CloseContainerCommandHandler (CloseContainerCommandHandler.java:handle(84)) - Container #3 does not exist in datanode. Container close failed.
2019-10-18 08:15:54,999 [Command processor thread] ERROR commandhandler.CloseContainerCommandHandler (CloseContainerCommandHandler.java:handle(84)) - Container #2 does not exist in datanode. Container close failed.
2019-10-18 08:15:54,999 [Command processor thread] ERROR commandhandler.CloseContainerCommandHandler (CloseContainerCommandHandler.java:handle(84)) - Container #3 does not exist in datanode. Container close failed.
 0.00% |?                                                                                                    |  0/1 Time: 0:00:03 0.00% |?                                                                                                    |  0/1 Time: 0:00:04 0.00% |?                                                                                                    |  0/1 Time: 0:00:05 0.00% |?                                                                                                    |  0/1 Time: 0:00:06 0.00% |?                                                                                                    |  0/1 Time: 0:00:07 0.00% |?                                                                                                    |  0/1 Time: 0:00:08 0.00% |?                                                                                                    |  0/1 Time: 0:00:09 0.00% |?                                                                                                    |  0/1 Time: 0:00:10 0.00% |?                                                                                                    |  0/1 Time: 0:00:11 0.00% |?                                                                                                    |  0/1 Time: 0:00:12 0.00% |?                                                                                                    |  0/1 Time: 0:00:13 0.00% |?                                                                                                    |  0/1 Time: 0:00:14 0.00% |?                                                                                                    |  0/1 Time: 0:00:15 0.00% |?                                                                                                    |  0/1 Time: 0:00:16 0.00% |?                                                                                                    |  0/1 Time: 0:00:17 0.00% |?                                                                                                    |  0/1 Time: 0:00:18 0.00% |?                                                                                                    |  0/1 Time: 0:00:19 0.00% |?                                                                                                    |  0/1 Time: 0:00:20 0.00% |?                                                                                                    |  0/1 Time: 0:00:21 0.00% |?                                                                                                    |  0/1 Time: 0:00:22 0.00% |?                                                                                                    |  0/1 Time: 0:00:23 0.00% |?                                                                                                    |  0/1 Time: 0:00:24 0.00% |?                                                                                                    |  0/1 Time: 0:00:25 0.00% |?                                                                                                    |  0/1 Time: 0:00:26 0.00% |?                                                                                                    |  0/1 Time: 0:00:27 0.00% |?                                                                                                    |  0/1 Time: 0:00:28 0.00% |?                                                                                                    |  0/1 Time: 0:00:29 0.00% |?                                                                                                    |  0/1 Time: 0:00:30 0.00% |?                                                                                                    |  0/1 Time: 0:00:31 0.00% |?                                                                                                    |  0/1 Time: 0:00:32 0.00% |?                                                                                                    |  0/1 Time: 0:00:33 0.00% |?                                                                                                    |  0/1 Time: 0:00:34 0.00% |?                                                                                                    |  0/1 Time: 0:00:35 0.00% |?                                                                                                    |  0/1 Time: 0:00:36 0.00% |?                                                                                                    |  0/1 Time: 0:00:37 0.00% |?                                                                                                    |  0/1 Time: 0:00:38 0.00% |?                                                                                                    |  0/1 Time: 0:00:39 0.00% |?                                                                                                    |  0/1 Time: 0:00:40 0.00% |?                                                                                                    |  0/1 Time: 0:00:41 0.00% |?                                                                                                    |  0/1 Time: 0:00:42 0.00% |?                                                                                                    |  0/1 Time: 0:00:43 0.00% |?                                                                                                    |  0/1 Time: 0:00:44 0.00% |?                                                                                                    |  0/1 Time: 0:00:45 0.00% |?                                                                                                    |  0/1 Time: 0:00:46 0.00% |?                                                                                                    |  0/1 Time: 0:00:47 0.00% |?                                                                                                    |  0/1 Time: 0:00:48 0.00% |?                                                                                                    |  0/1 Time: 0:00:49 0.00% |?                                                                                                    |  0/1 Time: 0:00:50 0.00% |?                                                                                                    |  0/1 Time: 0:00:51 0.00% |?                                                                                                    |  0/1 Time: 0:00:52 0.00% |?                                                                                                    |  0/1 Time: 0:00:53 0.00% |?                                                                                                    |  0/1 Time: 0:00:54 0.00% |?                                                                                                    |  0/1 Time: 0:00:55 0.00% |?                                                                                                    |  0/1 Time: 0:00:56 0.00% |?                                                                                                    |  0/1 Time: 0:00:57 0.00% |?                                                                                                    |  0/1 Time: 0:00:58 0.00% |?                                                                                                    |  0/1 Time: 0:00:59 0.00% |?                                                                                                    |  0/1 Time: 0:01:00 0.00% |?                                                                                                    |  0/1 Time: 0:01:01 0.00% |?                                                                                                    |  0/1 Time: 0:01:02 0.00% |?                                                                                                    |  0/1 Time: 0:01:03 0.00% |?                                                                                                    |  0/1 Time: 0:01:04 0.00% |?                                                                                                    |  0/1 Time: 0:01:05 0.00% |?                                                                                                    |  0/1 Time: 0:01:062019-10-18 08:16:59,029 [grpc-default-executor-2] INFO  impl.RaftServerProxy (RaftServerProxy.java:remove(95)) - bc0382cc-50e2-4d58-b2de-e8b6250f3520: remove  FOLLOWER bc0382cc-50e2-4d58-b2de-e8b6250f3520@group-B38726245CC0:t2, leader=47aecc56-7e95-480d-b89c-2c00d33b4782, voted=bc0382cc-50e2-4d58-b2de-e8b6250f3520, raftlog=bc0382cc-50e2-4d58-b2de-e8b6250f3520@group-B38726245CC0-SegmentedRaftLog:OPENED:c0,f2,i2, conf=0: [47aecc56-7e95-480d-b89c-2c00d33b4782:192.168.69.67:34550, 1bc296c6-def6-4ae4-8c62-5b4c951a28f1:192.168.69.67:37222, bc0382cc-50e2-4d58-b2de-e8b6250f3520:192.168.69.67:37666], old=null RUNNING
2019-10-18 08:16:59,032 [grpc-default-executor-2] INFO  impl.RaftServerImpl (RaftServerImpl.java:lambda$shutdown$3(261)) - bc0382cc-50e2-4d58-b2de-e8b6250f3520@group-B38726245CC0: shutdown
2019-10-18 08:16:59,033 [grpc-default-executor-2] INFO  util.JmxRegister (JmxRegister.java:unregister(73)) - Successfully un-registered JMX Bean with object name Ratis:service=RaftServer,group=group-B38726245CC0,id=bc0382cc-50e2-4d58-b2de-e8b6250f3520
2019-10-18 08:16:59,033 [grpc-default-executor-2] INFO  impl.RoleInfo (RoleInfo.java:shutdownFollowerState(121)) - bc0382cc-50e2-4d58-b2de-e8b6250f3520: shutdown FollowerState
2019-10-18 08:16:59,033 [grpc-default-executor-2] INFO  impl.StateMachineUpdater (StateMachineUpdater.java:stopAndJoin(136)) - bc0382cc-50e2-4d58-b2de-e8b6250f3520@group-B38726245CC0-StateMachineUpdater: set stopIndex = 0
2019-10-18 08:16:59,033 [Thread-256] INFO  impl.FollowerState (FollowerState.java:run(117)) - bc0382cc-50e2-4d58-b2de-e8b6250f3520@group-B38726245CC0-FollowerState was interrupted: java.lang.InterruptedException: sleep interrupted
2019-10-18 08:16:59,036 [grpc-default-executor-2] INFO  impl.RaftServerImpl (ServerState.java:close(388)) - bc0382cc-50e2-4d58-b2de-e8b6250f3520@group-B38726245CC0: closes. applyIndex: 0
2019-10-18 08:16:59,038 [bc0382cc-50e2-4d58-b2de-e8b6250f3520@group-B38726245CC0-SegmentedRaftLogWorker] INFO  segmented.SegmentedRaftLogWorker (SegmentedRaftLogWorker.java:run(316)) - bc0382cc-50e2-4d58-b2de-e8b6250f3520@group-B38726245CC0-SegmentedRaftLogWorker was interrupted, exiting. There are 0 tasks remaining in the queue.
2019-10-18 08:16:59,039 [grpc-default-executor-2] INFO  segmented.SegmentedRaftLogWorker (SegmentedRaftLogWorker.java:close(224)) - bc0382cc-50e2-4d58-b2de-e8b6250f3520@group-B38726245CC0-SegmentedRaftLogWorker close()
 0.00% |?                                                                                                    |  0/1 Time: 0:01:072019-10-18 08:16:59,086 [grpc-default-executor-2] INFO  interfaces.Container (KeyValueContainer.java:flushAndSyncDB(386)) - Container 1 is synced with bcsId 0.
2019-10-18 08:16:59,086 [grpc-default-executor-2] INFO  interfaces.Container (KeyValueContainer.java:flushAndSyncDB(386)) - Container 1 is synced with bcsId 0.
2019-10-18 08:16:59,096 [EventQueue-IncrementalContainerReportForIncrementalContainerReportHandler] INFO  container.IncrementalContainerReportHandler (AbstractContainerReportHandler.java:updateContainerState(171)) - Moving container #1 to QUASI_CLOSED state, datanode bc0382cc-50e2-4d58-b2de-e8b6250f3520{ip: 192.168.69.67, host: pr-hdds-1868-wx8dl-4219780377, networkLocation: /default-rack, certSerialId: null} reported QUASI_CLOSED replica.
2019-10-18 08:16:59,104 [grpc-default-executor-2] INFO  impl.RaftServerProxy (RaftServerProxy.java:remove(95)) - 1bc296c6-def6-4ae4-8c62-5b4c951a28f1: remove  FOLLOWER 1bc296c6-def6-4ae4-8c62-5b4c951a28f1@group-B38726245CC0:t2, leader=47aecc56-7e95-480d-b89c-2c00d33b4782, voted=47aecc56-7e95-480d-b89c-2c00d33b4782, raftlog=1bc296c6-def6-4ae4-8c62-5b4c951a28f1@group-B38726245CC0-SegmentedRaftLog:OPENED:c0,f2,i2, conf=0: [47aecc56-7e95-480d-b89c-2c00d33b4782:192.168.69.67:34550, 1bc296c6-def6-4ae4-8c62-5b4c951a28f1:192.168.69.67:37222, bc0382cc-50e2-4d58-b2de-e8b6250f3520:192.168.69.67:37666], old=null RUNNING
2019-10-18 08:16:59,105 [grpc-default-executor-2] INFO  impl.RaftServerImpl (RaftServerImpl.java:lambda$shutdown$3(261)) - 1bc296c6-def6-4ae4-8c62-5b4c951a28f1@group-B38726245CC0: shutdown
2019-10-18 08:16:59,105 [grpc-default-executor-2] INFO  util.JmxRegister (JmxRegister.java:unregister(73)) - Successfully un-registered JMX Bean with object name Ratis:service=RaftServer,group=group-B38726245CC0,id=1bc296c6-def6-4ae4-8c62-5b4c951a28f1
2019-10-18 08:16:59,105 [grpc-default-executor-2] INFO  impl.RoleInfo (RoleInfo.java:shutdownFollowerState(121)) - 1bc296c6-def6-4ae4-8c62-5b4c951a28f1: shutdown FollowerState
2019-10-18 08:16:59,105 [grpc-default-executor-2] INFO  impl.StateMachineUpdater (StateMachineUpdater.java:stopAndJoin(136)) - 1bc296c6-def6-4ae4-8c62-5b4c951a28f1@group-B38726245CC0-StateMachineUpdater: set stopIndex = 0
2019-10-18 08:16:59,105 [Thread-254] INFO  impl.FollowerState (FollowerState.java:run(117)) - 1bc296c6-def6-4ae4-8c62-5b4c951a28f1@group-B38726245CC0-FollowerState was interrupted: java.lang.InterruptedException: sleep interrupted
2019-10-18 08:16:59,108 [grpc-default-executor-2] INFO  impl.RaftServerImpl (ServerState.java:close(388)) - 1bc296c6-def6-4ae4-8c62-5b4c951a28f1@group-B38726245CC0: closes. applyIndex: 0
2019-10-18 08:16:59,108 [1bc296c6-def6-4ae4-8c62-5b4c951a28f1@group-B38726245CC0-SegmentedRaftLogWorker] INFO  segmented.SegmentedRaftLogWorker (SegmentedRaftLogWorker.java:run(316)) - 1bc296c6-def6-4ae4-8c62-5b4c951a28f1@group-B38726245CC0-SegmentedRaftLogWorker was interrupted, exiting. There are 0 tasks remaining in the queue.
2019-10-18 08:16:59,110 [grpc-default-executor-2] INFO  segmented.SegmentedRaftLogWorker (SegmentedRaftLogWorker.java:close(224)) - 1bc296c6-def6-4ae4-8c62-5b4c951a28f1@group-B38726245CC0-SegmentedRaftLogWorker close()
2019-10-18 08:16:59,133 [grpc-default-executor-2] INFO  interfaces.Container (KeyValueContainer.java:flushAndSyncDB(386)) - Container 1 is synced with bcsId 0.
2019-10-18 08:16:59,133 [grpc-default-executor-2] INFO  interfaces.Container (KeyValueContainer.java:flushAndSyncDB(386)) - Container 1 is synced with bcsId 0.
2019-10-18 08:16:59,148 [grpc-default-executor-2] INFO  impl.RaftServerProxy (RaftServerProxy.java:remove(95)) - 47aecc56-7e95-480d-b89c-2c00d33b4782: remove    LEADER 47aecc56-7e95-480d-b89c-2c00d33b4782@group-B38726245CC0:t2, leader=47aecc56-7e95-480d-b89c-2c00d33b4782, voted=47aecc56-7e95-480d-b89c-2c00d33b4782, raftlog=47aecc56-7e95-480d-b89c-2c00d33b4782@group-B38726245CC0-SegmentedRaftLog:OPENED:c0,f0,i2, conf=0: [47aecc56-7e95-480d-b89c-2c00d33b4782:192.168.69.67:34550, 1bc296c6-def6-4ae4-8c62-5b4c951a28f1:192.168.69.67:37222, bc0382cc-50e2-4d58-b2de-e8b6250f3520:192.168.69.67:37666], old=null RUNNING
2019-10-18 08:16:59,149 [grpc-default-executor-2] INFO  impl.RaftServerImpl (RaftServerImpl.java:lambda$shutdown$3(261)) - 47aecc56-7e95-480d-b89c-2c00d33b4782@group-B38726245CC0: shutdown
2019-10-18 08:16:59,149 [grpc-default-executor-2] INFO  util.JmxRegister (JmxRegister.java:unregister(73)) - Successfully un-registered JMX Bean with object name Ratis:service=RaftServer,group=group-B38726245CC0,id=47aecc56-7e95-480d-b89c-2c00d33b4782
2019-10-18 08:16:59,149 [grpc-default-executor-2] INFO  impl.RoleInfo (RoleInfo.java:shutdownLeaderState(104)) - 47aecc56-7e95-480d-b89c-2c00d33b4782: shutdown LeaderState
2019-10-18 08:16:59,151 [grpc-default-executor-2] INFO  impl.PendingRequests (PendingRequests.java:sendNotLeaderResponses(202)) - 47aecc56-7e95-480d-b89c-2c00d33b4782@group-B38726245CC0-PendingRequests: sendNotLeaderResponses
2019-10-18 08:16:59,151 [org.apache.ratis.server.impl.LogAppender$AppenderDaemon$$Lambda$420/930472032@3dd2e1b7] WARN  server.GrpcLogAppender (GrpcLogAppender.java:mayWait(149)) - 47aecc56-7e95-480d-b89c-2c00d33b4782@group-B38726245CC0->bc0382cc-50e2-4d58-b2de-e8b6250f3520-GrpcLogAppender: Wait interrupted by java.lang.InterruptedException
2019-10-18 08:16:59,151 [org.apache.ratis.server.impl.LogAppender$AppenderDaemon$$Lambda$420/930472032@6c2cf093] WARN  server.GrpcLogAppender (GrpcLogAppender.java:mayWait(149)) - 47aecc56-7e95-480d-b89c-2c00d33b4782@group-B38726245CC0->1bc296c6-def6-4ae4-8c62-5b4c951a28f1-GrpcLogAppender: Wait interrupted by java.lang.InterruptedException
2019-10-18 08:16:59,154 [grpc-default-executor-3] INFO  server.GrpcServerProtocolService (GrpcServerProtocolService.java:onCompleted(113)) - bc0382cc-50e2-4d58-b2de-e8b6250f3520: Completed APPEND_ENTRIES, lastRequest: 47aecc56-7e95-480d-b89c-2c00d33b4782->bc0382cc-50e2-4d58-b2de-e8b6250f3520#29-t2, previous=(t:2, i:2), leaderCommit=0, initializing? false, entries: <empty>
2019-10-18 08:16:59,154 [grpc-default-executor-0] INFO  server.GrpcServerProtocolService (GrpcServerProtocolService.java:onCompleted(113)) - 1bc296c6-def6-4ae4-8c62-5b4c951a28f1: Completed APPEND_ENTRIES, lastRequest: 47aecc56-7e95-480d-b89c-2c00d33b4782->1bc296c6-def6-4ae4-8c62-5b4c951a28f1#29-t2, previous=(t:2, i:2), leaderCommit=0, initializing? false, entries: <empty>
2019-10-18 08:16:59,155 [grpc-default-executor-5] INFO  server.GrpcLogAppender (GrpcLogAppender.java:onCompleted(308)) - 47aecc56-7e95-480d-b89c-2c00d33b4782@group-B38726245CC0->1bc296c6-def6-4ae4-8c62-5b4c951a28f1-AppendLogResponseHandler: follower responses appendEntries COMPLETED
2019-10-18 08:16:59,156 [grpc-default-executor-3] INFO  server.GrpcLogAppender (GrpcLogAppender.java:onCompleted(308)) - 47aecc56-7e95-480d-b89c-2c00d33b4782@group-B38726245CC0->bc0382cc-50e2-4d58-b2de-e8b6250f3520-AppendLogResponseHandler: follower responses appendEntries COMPLETED
2019-10-18 08:16:59,161 [grpc-default-executor-3] INFO  impl.FollowerInfo (FollowerInfo.java:lambda$new$0(51)) - 47aecc56-7e95-480d-b89c-2c00d33b4782@group-B38726245CC0->bc0382cc-50e2-4d58-b2de-e8b6250f3520: nextIndex: updateUnconditionally 3 -> 2
2019-10-18 08:16:59,161 [grpc-default-executor-5] INFO  impl.FollowerInfo (FollowerInfo.java:lambda$new$0(51)) - 47aecc56-7e95-480d-b89c-2c00d33b4782@group-B38726245CC0->1bc296c6-def6-4ae4-8c62-5b4c951a28f1: nextIndex: updateUnconditionally 3 -> 2
2019-10-18 08:16:59,163 [grpc-default-executor-2] INFO  impl.StateMachineUpdater (StateMachineUpdater.java:stopAndJoin(136)) - 47aecc56-7e95-480d-b89c-2c00d33b4782@group-B38726245CC0-StateMachineUpdater: set stopIndex = 0
2019-10-18 08:16:59,166 [grpc-default-executor-2] INFO  impl.RaftServerImpl (ServerState.java:close(388)) - 47aecc56-7e95-480d-b89c-2c00d33b4782@group-B38726245CC0: closes. applyIndex: 0
2019-10-18 08:16:59,167 [47aecc56-7e95-480d-b89c-2c00d33b4782@group-B38726245CC0-SegmentedRaftLogWorker] INFO  segmented.SegmentedRaftLogWorker (SegmentedRaftLogWorker.java:run(316)) - 47aecc56-7e95-480d-b89c-2c00d33b4782@group-B38726245CC0-SegmentedRaftLogWorker was interrupted, exiting. There are 0 tasks remaining in the queue.
2019-10-18 08:16:59,168 [grpc-default-executor-2] INFO  segmented.SegmentedRaftLogWorker (SegmentedRaftLogWorker.java:close(224)) - 47aecc56-7e95-480d-b89c-2c00d33b4782@group-B38726245CC0-SegmentedRaftLogWorker close()
2019-10-18 08:16:59,176 [RatisPipelineUtilsThread] INFO  pipeline.PipelineStateManager (PipelineStateManager.java:removePipeline(106)) - Pipeline Pipeline[ Id: 6e86684c-d330-4917-9522-b38726245cc0, Nodes: bc0382cc-50e2-4d58-b2de-e8b6250f3520{ip: 192.168.69.67, host: pr-hdds-1868-wx8dl-4219780377, networkLocation: /default-rack, certSerialId: null}1bc296c6-def6-4ae4-8c62-5b4c951a28f1{ip: 192.168.69.67, host: pr-hdds-1868-wx8dl-4219780377, networkLocation: /default-rack, certSerialId: null}47aecc56-7e95-480d-b89c-2c00d33b4782{ip: 192.168.69.67, host: pr-hdds-1868-wx8dl-4219780377, networkLocation: /default-rack, certSerialId: null}, Type:RATIS, Factor:THREE, State:CLOSED] removed from db
2019-10-18 08:16:59,187 [grpc-default-executor-3] INFO  impl.RaftServerProxy (RaftServerProxy.java:addNew(89)) - 1bc296c6-def6-4ae4-8c62-5b4c951a28f1: addNew group-6EFDA1954403:[47aecc56-7e95-480d-b89c-2c00d33b4782:192.168.69.67:34550, 1bc296c6-def6-4ae4-8c62-5b4c951a28f1:192.168.69.67:37222, bc0382cc-50e2-4d58-b2de-e8b6250f3520:192.168.69.67:37666] returns group-6EFDA1954403:java.util.concurrent.CompletableFuture@bfd8961[Not completed]
2019-10-18 08:16:59,187 [grpc-default-executor-5] INFO  impl.RaftServerProxy (RaftServerProxy.java:addNew(89)) - bc0382cc-50e2-4d58-b2de-e8b6250f3520: addNew group-6EFDA1954403:[47aecc56-7e95-480d-b89c-2c00d33b4782:192.168.69.67:34550, 1bc296c6-def6-4ae4-8c62-5b4c951a28f1:192.168.69.67:37222, bc0382cc-50e2-4d58-b2de-e8b6250f3520:192.168.69.67:37666] returns group-6EFDA1954403:java.util.concurrent.CompletableFuture@4b80d575[Not completed]
2019-10-18 08:16:59,189 [grpc-default-executor-2] INFO  impl.RaftServerProxy (RaftServerProxy.java:addNew(89)) - 47aecc56-7e95-480d-b89c-2c00d33b4782: addNew group-6EFDA1954403:[47aecc56-7e95-480d-b89c-2c00d33b4782:192.168.69.67:34550, 1bc296c6-def6-4ae4-8c62-5b4c951a28f1:192.168.69.67:37222, bc0382cc-50e2-4d58-b2de-e8b6250f3520:192.168.69.67:37666] returns group-6EFDA1954403:java.util.concurrent.CompletableFuture@3b081fd9[Not completed]
2019-10-18 08:16:59,191 [pool-47-thread-1] INFO  impl.RaftServerImpl (RaftServerImpl.java:<init>(104)) - 1bc296c6-def6-4ae4-8c62-5b4c951a28f1: new RaftServerImpl for group-6EFDA1954403:[47aecc56-7e95-480d-b89c-2c00d33b4782:192.168.69.67:34550, 1bc296c6-def6-4ae4-8c62-5b4c951a28f1:192.168.69.67:37222, bc0382cc-50e2-4d58-b2de-e8b6250f3520:192.168.69.67:37666] with ContainerStateMachine:uninitialized
2019-10-18 08:16:59,191 [pool-47-thread-1] INFO  server.RaftServerConfigKeys (ConfUtils.java:logGet(43)) - raft.server.rpc.timeout.min = 5s (custom)
2019-10-18 08:16:59,191 [pool-47-thread-1] INFO  server.RaftServerConfigKeys (ConfUtils.java:logGet(43)) - raft.server.rpc.timeout.max = 5200ms (custom)
2019-10-18 08:16:59,191 [pool-47-thread-1] INFO  server.RaftServerConfigKeys (ConfUtils.java:logGet(43)) - raft.server.rpcslowness.timeout = 120s (custom)
2019-10-18 08:16:59,192 [pool-47-thread-1] INFO  server.RaftServerConfigKeys (ConfUtils.java:logGet(43)) - raft.server.sleep.deviation.threshold = 300 (default)
2019-10-18 08:16:59,192 [pool-47-thread-1] INFO  server.RaftServerConfigKeys (ConfUtils.java:logGet(43)) - raft.server.log.appender.install.snapshot.enabled = false (custom)
2019-10-18 08:16:59,192 [pool-47-thread-1] INFO  impl.RaftServerImpl (ServerState.java:<init>(103)) - 1bc296c6-def6-4ae4-8c62-5b4c951a28f1@group-6EFDA1954403: ConfigurationManager, init=-1: [47aecc56-7e95-480d-b89c-2c00d33b4782:192.168.69.67:34550, 1bc296c6-def6-4ae4-8c62-5b4c951a28f1:192.168.69.67:37222, bc0382cc-50e2-4d58-b2de-e8b6250f3520:192.168.69.67:37666], old=null, confs=<EMPTY_MAP>
2019-10-18 08:16:59,192 [pool-37-thread-1] INFO  impl.RaftServerImpl (RaftServerImpl.java:<init>(104)) - 47aecc56-7e95-480d-b89c-2c00d33b4782: new RaftServerImpl for group-6EFDA1954403:[47aecc56-7e95-480d-b89c-2c00d33b4782:192.168.69.67:34550, 1bc296c6-def6-4ae4-8c62-5b4c951a28f1:192.168.69.67:37222, bc0382cc-50e2-4d58-b2de-e8b6250f3520:192.168.69.67:37666] with ContainerStateMachine:uninitialized
2019-10-18 08:16:59,192 [pool-47-thread-1] INFO  server.RaftServerConfigKeys (ConfUtils.java:logGet(43)) - raft.server.storage.dir = [/workdir/hadoop-ozone/tools/target/test-dir/MiniOzoneClusterImpl-18708a0d-f212-4186-ae1d-4e11efd0a0ea/datanode-2/data/ratis] (custom)
2019-10-18 08:16:59,192 [pool-37-thread-1] INFO  server.RaftServerConfigKeys (ConfUtils.java:logGet(43)) - raft.server.rpc.timeout.min = 5s (custom)
2019-10-18 08:16:59,192 [pool-37-thread-1] INFO  server.RaftServerConfigKeys (ConfUtils.java:logGet(43)) - raft.server.rpc.timeout.max = 5200ms (custom)
2019-10-18 08:16:59,193 [pool-37-thread-1] INFO  server.RaftServerConfigKeys (ConfUtils.java:logGet(43)) - raft.server.rpcslowness.timeout = 120s (custom)
2019-10-18 08:16:59,193 [pool-47-thread-1] INFO  server.RaftServerConfigKeys (ConfUtils.java:logGet(43)) - raft.server.log.corruption.policy = EXCEPTION (default)
2019-10-18 08:16:59,193 [pool-27-thread-1] INFO  impl.RaftServerImpl (RaftServerImpl.java:<init>(104)) - bc0382cc-50e2-4d58-b2de-e8b6250f3520: new RaftServerImpl for group-6EFDA1954403:[47aecc56-7e95-480d-b89c-2c00d33b4782:192.168.69.67:34550, 1bc296c6-def6-4ae4-8c62-5b4c951a28f1:192.168.69.67:37222, bc0382cc-50e2-4d58-b2de-e8b6250f3520:192.168.69.67:37666] with ContainerStateMachine:uninitialized
2019-10-18 08:16:59,193 [pool-37-thread-1] INFO  server.RaftServerConfigKeys (ConfUtils.java:logGet(43)) - raft.server.sleep.deviation.threshold = 300 (default)
2019-10-18 08:16:59,193 [pool-47-thread-1] INFO  storage.RaftStorageDirectory (RaftStorageDirectory.java:analyzeStorage(246)) - The storage directory /workdir/hadoop-ozone/tools/target/test-dir/MiniOzoneClusterImpl-18708a0d-f212-4186-ae1d-4e11efd0a0ea/datanode-2/data/ratis/da955a73-775c-45ba-8243-6efda1954403 does not exist. Creating ...
2019-10-18 08:16:59,193 [pool-27-thread-1] INFO  server.RaftServerConfigKeys (ConfUtils.java:logGet(43)) - raft.server.rpc.timeout.min = 5s (custom)
2019-10-18 08:16:59,193 [pool-37-thread-1] INFO  server.RaftServerConfigKeys (ConfUtils.java:logGet(43)) - raft.server.log.appender.install.snapshot.enabled = false (custom)
2019-10-18 08:16:59,193 [pool-27-thread-1] INFO  server.RaftServerConfigKeys (ConfUtils.java:logGet(43)) - raft.server.rpc.timeout.max = 5200ms (custom)
2019-10-18 08:16:59,193 [pool-37-thread-1] INFO  impl.RaftServerImpl (ServerState.java:<init>(103)) - 47aecc56-7e95-480d-b89c-2c00d33b4782@group-6EFDA1954403: ConfigurationManager, init=-1: [47aecc56-7e95-480d-b89c-2c00d33b4782:192.168.69.67:34550, 1bc296c6-def6-4ae4-8c62-5b4c951a28f1:192.168.69.67:37222, bc0382cc-50e2-4d58-b2de-e8b6250f3520:192.168.69.67:37666], old=null, confs=<EMPTY_MAP>
2019-10-18 08:16:59,193 [pool-27-thread-1] INFO  server.RaftServerConfigKeys (ConfUtils.java:logGet(43)) - raft.server.rpcslowness.timeout = 120s (custom)
2019-10-18 08:16:59,194 [pool-27-thread-1] INFO  server.RaftServerConfigKeys (ConfUtils.java:logGet(43)) - raft.server.sleep.deviation.threshold = 300 (default)
2019-10-18 08:16:59,194 [pool-37-thread-1] INFO  server.RaftServerConfigKeys (ConfUtils.java:logGet(43)) - raft.server.storage.dir = [/workdir/hadoop-ozone/tools/target/test-dir/MiniOzoneClusterImpl-18708a0d-f212-4186-ae1d-4e11efd0a0ea/datanode-1/data/ratis] (custom)
2019-10-18 08:16:59,194 [pool-27-thread-1] INFO  server.RaftServerConfigKeys (ConfUtils.java:logGet(43)) - raft.server.log.appender.install.snapshot.enabled = false (custom)
2019-10-18 08:16:59,194 [pool-27-thread-1] INFO  impl.RaftServerImpl (ServerState.java:<init>(103)) - bc0382cc-50e2-4d58-b2de-e8b6250f3520@group-6EFDA1954403: ConfigurationManager, init=-1: [47aecc56-7e95-480d-b89c-2c00d33b4782:192.168.69.67:34550, 1bc296c6-def6-4ae4-8c62-5b4c951a28f1:192.168.69.67:37222, bc0382cc-50e2-4d58-b2de-e8b6250f3520:192.168.69.67:37666], old=null, confs=<EMPTY_MAP>
2019-10-18 08:16:59,194 [pool-37-thread-1] INFO  server.RaftServerConfigKeys (ConfUtils.java:logGet(43)) - raft.server.log.corruption.policy = EXCEPTION (default)
2019-10-18 08:16:59,194 [pool-27-thread-1] INFO  server.RaftServerConfigKeys (ConfUtils.java:logGet(43)) - raft.server.storage.dir = [/workdir/hadoop-ozone/tools/target/test-dir/MiniOzoneClusterImpl-18708a0d-f212-4186-ae1d-4e11efd0a0ea/datanode-0/data/ratis] (custom)
2019-10-18 08:16:59,194 [pool-37-thread-1] INFO  storage.RaftStorageDirectory (RaftStorageDirectory.java:analyzeStorage(246)) - The storage directory /workdir/hadoop-ozone/tools/target/test-dir/MiniOzoneClusterImpl-18708a0d-f212-4186-ae1d-4e11efd0a0ea/datanode-1/data/ratis/da955a73-775c-45ba-8243-6efda1954403 does not exist. Creating ...
2019-10-18 08:16:59,194 [pool-27-thread-1] INFO  server.RaftServerConfigKeys (ConfUtils.java:logGet(43)) - raft.server.log.corruption.policy = EXCEPTION (default)
2019-10-18 08:16:59,194 [pool-27-thread-1] INFO  storage.RaftStorageDirectory (RaftStorageDirectory.java:analyzeStorage(246)) - The storage directory /workdir/hadoop-ozone/tools/target/test-dir/MiniOzoneClusterImpl-18708a0d-f212-4186-ae1d-4e11efd0a0ea/datanode-0/data/ratis/da955a73-775c-45ba-8243-6efda1954403 does not exist. Creating ...
2019-10-18 08:16:59,207 [pool-27-thread-1] INFO  storage.RaftStorageDirectory (RaftStorageDirectory.java:tryLock(328)) - Lock on /workdir/hadoop-ozone/tools/target/test-dir/MiniOzoneClusterImpl-18708a0d-f212-4186-ae1d-4e11efd0a0ea/datanode-0/data/ratis/da955a73-775c-45ba-8243-6efda1954403/in_use.lock acquired by nodename 17171@pr-hdds-1868-wx8dl-4219780377
2019-10-18 08:16:59,207 [pool-37-thread-1] INFO  storage.RaftStorageDirectory (RaftStorageDirectory.java:tryLock(328)) - Lock on /workdir/hadoop-ozone/tools/target/test-dir/MiniOzoneClusterImpl-18708a0d-f212-4186-ae1d-4e11efd0a0ea/datanode-1/data/ratis/da955a73-775c-45ba-8243-6efda1954403/in_use.lock acquired by nodename 17171@pr-hdds-1868-wx8dl-4219780377
2019-10-18 08:16:59,207 [pool-47-thread-1] INFO  storage.RaftStorageDirectory (RaftStorageDirectory.java:tryLock(328)) - Lock on /workdir/hadoop-ozone/tools/target/test-dir/MiniOzoneClusterImpl-18708a0d-f212-4186-ae1d-4e11efd0a0ea/datanode-2/data/ratis/da955a73-775c-45ba-8243-6efda1954403/in_use.lock acquired by nodename 17171@pr-hdds-1868-wx8dl-4219780377
2019-10-18 08:16:59,213 [pool-37-thread-1] INFO  storage.RaftStorage (RaftStorage.java:format(84)) - Storage directory /workdir/hadoop-ozone/tools/target/test-dir/MiniOzoneClusterImpl-18708a0d-f212-4186-ae1d-4e11efd0a0ea/datanode-1/data/ratis/da955a73-775c-45ba-8243-6efda1954403 has been successfully formatted.
2019-10-18 08:16:59,213 [pool-47-thread-1] INFO  storage.RaftStorage (RaftStorage.java:format(84)) - Storage directory /workdir/hadoop-ozone/tools/target/test-dir/MiniOzoneClusterImpl-18708a0d-f212-4186-ae1d-4e11efd0a0ea/datanode-2/data/ratis/da955a73-775c-45ba-8243-6efda1954403 has been successfully formatted.
2019-10-18 08:16:59,213 [pool-27-thread-1] INFO  storage.RaftStorage (RaftStorage.java:format(84)) - Storage directory /workdir/hadoop-ozone/tools/target/test-dir/MiniOzoneClusterImpl-18708a0d-f212-4186-ae1d-4e11efd0a0ea/datanode-0/data/ratis/da955a73-775c-45ba-8243-6efda1954403 has been successfully formatted.
2019-10-18 08:16:59,213 [pool-37-thread-1] INFO  ratis.ContainerStateMachine (ContainerStateMachine.java:loadSnapshot(233)) - group-6EFDA1954403: The snapshot info is null. Setting the last applied indexto:(t:0, i:~)
2019-10-18 08:16:59,214 [pool-47-thread-1] INFO  ratis.ContainerStateMachine (ContainerStateMachine.java:loadSnapshot(233)) - group-6EFDA1954403: The snapshot info is null. Setting the last applied indexto:(t:0, i:~)
2019-10-18 08:16:59,214 [pool-37-thread-1] INFO  server.RaftServerConfigKeys (ConfUtils.java:logGet(43)) - raft.server.notification.no-leader.timeout = 120s (custom)
2019-10-18 08:16:59,214 [pool-27-thread-1] INFO  ratis.ContainerStateMachine (ContainerStateMachine.java:loadSnapshot(233)) - group-6EFDA1954403: The snapshot info is null. Setting the last applied indexto:(t:0, i:~)
2019-10-18 08:16:59,214 [pool-37-thread-1] INFO  server.RaftServerConfigKeys (ConfUtils.java:logGet(43)) - raft.server.log.use.memory = false (default)
2019-10-18 08:16:59,214 [pool-47-thread-1] INFO  server.RaftServerConfigKeys (ConfUtils.java:logGet(43)) - raft.server.notification.no-leader.timeout = 120s (custom)
2019-10-18 08:16:59,214 [pool-37-thread-1] INFO  server.RaftServerConfigKeys (ConfUtils.java:logGet(43)) - raft.server.log.purge.gap = 1000000 (custom)
2019-10-18 08:16:59,214 [pool-27-thread-1] INFO  server.RaftServerConfigKeys (ConfUtils.java:logGet(43)) - raft.server.notification.no-leader.timeout = 120s (custom)
2019-10-18 08:16:59,214 [pool-37-thread-1] INFO  server.RaftServerConfigKeys (ConfUtils.java:logGet(43)) - raft.server.log.appender.buffer.byte-limit = 33554432 (custom)
2019-10-18 08:16:59,214 [pool-47-thread-1] INFO  server.RaftServerConfigKeys (ConfUtils.java:logGet(43)) - raft.server.log.use.memory = false (default)
2019-10-18 08:16:59,214 [pool-37-thread-1] INFO  server.RaftServerConfigKeys (ConfUtils.java:logGet(43)) - raft.server.log.segment.size.max = 1048576 (custom)
2019-10-18 08:16:59,214 [pool-27-thread-1] INFO  server.RaftServerConfigKeys (ConfUtils.java:logGet(43)) - raft.server.log.use.memory = false (default)
2019-10-18 08:16:59,215 [pool-37-thread-1] INFO  server.RaftServerConfigKeys (ConfUtils.java:logGet(43)) - raft.server.log.segment.cache.num.max = 2 (custom)
2019-10-18 08:16:59,214 [pool-47-thread-1] INFO  server.RaftServerConfigKeys (ConfUtils.java:logGet(43)) - raft.server.log.purge.gap = 1000000 (custom)
2019-10-18 08:16:59,215 [pool-37-thread-1] INFO  segmented.SegmentedRaftLogWorker (SegmentedRaftLogWorker.java:<init>(173)) - new 47aecc56-7e95-480d-b89c-2c00d33b4782@group-6EFDA1954403-SegmentedRaftLogWorker for RaftStorage:Storage Directory /workdir/hadoop-ozone/tools/target/test-dir/MiniOzoneClusterImpl-18708a0d-f212-4186-ae1d-4e11efd0a0ea/datanode-1/data/ratis/da955a73-775c-45ba-8243-6efda1954403
2019-10-18 08:16:59,215 [pool-27-thread-1] INFO  server.RaftServerConfigKeys (ConfUtils.java:logGet(43)) - raft.server.log.purge.gap = 1000000 (custom)
2019-10-18 08:16:59,215 [pool-37-thread-1] INFO  server.RaftServerConfigKeys (ConfUtils.java:logGet(43)) - raft.server.log.queue.byte-limit = 2147483647 (custom)
2019-10-18 08:16:59,215 [pool-47-thread-1] INFO  server.RaftServerConfigKeys (ConfUtils.java:logGet(43)) - raft.server.log.appender.buffer.byte-limit = 33554432 (custom)
2019-10-18 08:16:59,215 [pool-37-thread-1] INFO  server.RaftServerConfigKeys (ConfUtils.java:logGet(43)) - raft.server.log.queue.element-limit = 1024 (custom)
2019-10-18 08:16:59,215 [pool-27-thread-1] INFO  server.RaftServerConfigKeys (ConfUtils.java:logGet(43)) - raft.server.log.appender.buffer.byte-limit = 33554432 (custom)
2019-10-18 08:16:59,215 [pool-37-thread-1] INFO  server.RaftServerConfigKeys (ConfUtils.java:logGet(43)) - raft.server.log.segment.size.max = 1048576 (custom)
2019-10-18 08:16:59,215 [pool-47-thread-1] INFO  server.RaftServerConfigKeys (ConfUtils.java:logGet(43)) - raft.server.log.segment.size.max = 1048576 (custom)
2019-10-18 08:16:59,215 [pool-37-thread-1] INFO  server.RaftServerConfigKeys (ConfUtils.java:logGet(43)) - raft.server.log.preallocated.size = 16384 (custom)
2019-10-18 08:16:59,215 [pool-27-thread-1] INFO  server.RaftServerConfigKeys (ConfUtils.java:logGet(43)) - raft.server.log.segment.size.max = 1048576 (custom)
2019-10-18 08:16:59,216 [pool-37-thread-1] INFO  server.RaftServerConfigKeys (ConfUtils.java:logGet(43)) - raft.server.log.write.buffer.size = 33554432 (custom)
2019-10-18 08:16:59,216 [pool-47-thread-1] INFO  server.RaftServerConfigKeys (ConfUtils.java:logGet(43)) - raft.server.log.segment.cache.num.max = 2 (custom)
2019-10-18 08:16:59,216 [pool-37-thread-1] INFO  server.RaftServerConfigKeys (ConfUtils.java:logGet(43)) - raft.server.log.force.sync.num = 128 (default)
2019-10-18 08:16:59,216 [pool-27-thread-1] INFO  server.RaftServerConfigKeys (ConfUtils.java:logGet(43)) - raft.server.log.segment.cache.num.max = 2 (custom)
2019-10-18 08:16:59,216 [pool-37-thread-1] INFO  server.RaftServerConfigKeys (ConfUtils.java:logGet(43)) - raft.server.log.statemachine.data.sync = true (default)
2019-10-18 08:16:59,216 [pool-47-thread-1] INFO  segmented.SegmentedRaftLogWorker (SegmentedRaftLogWorker.java:<init>(173)) - new 1bc296c6-def6-4ae4-8c62-5b4c951a28f1@group-6EFDA1954403-SegmentedRaftLogWorker for RaftStorage:Storage Directory /workdir/hadoop-ozone/tools/target/test-dir/MiniOzoneClusterImpl-18708a0d-f212-4186-ae1d-4e11efd0a0ea/datanode-2/data/ratis/da955a73-775c-45ba-8243-6efda1954403
2019-10-18 08:16:59,216 [pool-37-thread-1] INFO  server.RaftServerConfigKeys (ConfUtils.java:logGet(43)) - raft.server.log.statemachine.data.sync.timeout = 10s (default)
2019-10-18 08:16:59,216 [pool-27-thread-1] INFO  segmented.SegmentedRaftLogWorker (SegmentedRaftLogWorker.java:<init>(173)) - new bc0382cc-50e2-4d58-b2de-e8b6250f3520@group-6EFDA1954403-SegmentedRaftLogWorker for RaftStorage:Storage Directory /workdir/hadoop-ozone/tools/target/test-dir/MiniOzoneClusterImpl-18708a0d-f212-4186-ae1d-4e11efd0a0ea/datanode-0/data/ratis/da955a73-775c-45ba-8243-6efda1954403
2019-10-18 08:16:59,216 [pool-37-thread-1] INFO  server.RaftServerConfigKeys (ConfUtils.java:logGet(43)) - raft.server.log.statemachine.data.sync.timeout.retry = -1 (default)
2019-10-18 08:16:59,216 [pool-47-thread-1] INFO  server.RaftServerConfigKeys (ConfUtils.java:logGet(43)) - raft.server.log.queue.byte-limit = 2147483647 (custom)
2019-10-18 08:16:59,217 [pool-37-thread-1] INFO  server.RaftServerConfigKeys (ConfUtils.java:logGet(43)) - raft.server.log.statemachine.data.caching.enabled = true (custom)
2019-10-18 08:16:59,216 [pool-27-thread-1] INFO  server.RaftServerConfigKeys (ConfUtils.java:logGet(43)) - raft.server.log.queue.byte-limit = 2147483647 (custom)
2019-10-18 08:16:59,217 [pool-47-thread-1] INFO  server.RaftServerConfigKeys (ConfUtils.java:logGet(43)) - raft.server.log.queue.element-limit = 1024 (custom)
2019-10-18 08:16:59,217 [pool-27-thread-1] INFO  server.RaftServerConfigKeys (ConfUtils.java:logGet(43)) - raft.server.log.queue.element-limit = 1024 (custom)
2019-10-18 08:16:59,217 [pool-37-thread-1] INFO  segmented.SegmentedRaftLogWorker (SegmentedRaftLogWorker.java:lambda$new$0(128)) - 47aecc56-7e95-480d-b89c-2c00d33b4782@group-6EFDA1954403-SegmentedRaftLogWorker: flushIndex: setUnconditionally 0 -> -1
2019-10-18 08:16:59,217 [pool-27-thread-1] INFO  server.RaftServerConfigKeys (ConfUtils.java:logGet(43)) - raft.server.log.segment.size.max = 1048576 (custom)
2019-10-18 08:16:59,217 [pool-47-thread-1] INFO  server.RaftServerConfigKeys (ConfUtils.java:logGet(43)) - raft.server.log.segment.size.max = 1048576 (custom)
2019-10-18 08:16:59,217 [pool-37-thread-1] INFO  server.RaftServerConfigKeys (ConfUtils.java:logGet(43)) - raft.server.snapshot.auto.trigger.enabled = true (custom)
2019-10-18 08:16:59,217 [pool-27-thread-1] INFO  server.RaftServerConfigKeys (ConfUtils.java:logGet(43)) - raft.server.log.preallocated.size = 16384 (custom)
2019-10-18 08:16:59,217 [pool-37-thread-1] INFO  server.RaftServerConfigKeys (ConfUtils.java:logGet(43)) - raft.server.snapshot.auto.trigger.threshold = 10000 (custom)
2019-10-18 08:16:59,217 [pool-47-thread-1] INFO  server.RaftServerConfigKeys (ConfUtils.java:logGet(43)) - raft.server.log.preallocated.size = 16384 (custom)
2019-10-18 08:16:59,217 [pool-37-thread-1] INFO  server.RaftServerConfigKeys (ConfUtils.java:logGet(43)) - raft.server.snapshot.retention.file.num = 5 (custom)
2019-10-18 08:16:59,217 [pool-27-thread-1] INFO  server.RaftServerConfigKeys (ConfUtils.java:logGet(43)) - raft.server.log.write.buffer.size = 33554432 (custom)
2019-10-18 08:16:59,218 [pool-37-thread-1] INFO  server.RaftServerConfigKeys (ConfUtils.java:logGet(43)) - raft.server.retrycache.expirytime = 600000ms (custom)
2019-10-18 08:16:59,218 [pool-47-thread-1] INFO  server.RaftServerConfigKeys (ConfUtils.java:logGet(43)) - raft.server.log.write.buffer.size = 33554432 (custom)
2019-10-18 08:16:59,218 [pool-27-thread-1] INFO  server.RaftServerConfigKeys (ConfUtils.java:logGet(43)) - raft.server.log.force.sync.num = 128 (default)
2019-10-18 08:16:59,218 [pool-47-thread-1] INFO  server.RaftServerConfigKeys (ConfUtils.java:logGet(43)) - raft.server.log.force.sync.num = 128 (default)
2019-10-18 08:16:59,218 [pool-27-thread-1] INFO  server.RaftServerConfigKeys (ConfUtils.java:logGet(43)) - raft.server.log.statemachine.data.sync = true (default)
2019-10-18 08:16:59,218 [pool-47-thread-1] INFO  server.RaftServerConfigKeys (ConfUtils.java:logGet(43)) - raft.server.log.statemachine.data.sync = true (default)
2019-10-18 08:16:59,218 [pool-27-thread-1] INFO  server.RaftServerConfigKeys (ConfUtils.java:logGet(43)) - raft.server.log.statemachine.data.sync.timeout = 10s (default)
2019-10-18 08:16:59,218 [pool-47-thread-1] INFO  server.RaftServerConfigKeys (ConfUtils.java:logGet(43)) - raft.server.log.statemachine.data.sync.timeout = 10s (default)
2019-10-18 08:16:59,219 [pool-27-thread-1] INFO  server.RaftServerConfigKeys (ConfUtils.java:logGet(43)) - raft.server.log.statemachine.data.sync.timeout.retry = -1 (default)
2019-10-18 08:16:59,219 [pool-47-thread-1] INFO  server.RaftServerConfigKeys (ConfUtils.java:logGet(43)) - raft.server.log.statemachine.data.sync.timeout.retry = -1 (default)
2019-10-18 08:16:59,219 [pool-27-thread-1] INFO  server.RaftServerConfigKeys (ConfUtils.java:logGet(43)) - raft.server.log.statemachine.data.caching.enabled = true (custom)
2019-10-18 08:16:59,219 [pool-47-thread-1] INFO  server.RaftServerConfigKeys (ConfUtils.java:logGet(43)) - raft.server.log.statemachine.data.caching.enabled = true (custom)
2019-10-18 08:16:59,219 [pool-27-thread-1] INFO  segmented.SegmentedRaftLogWorker (SegmentedRaftLogWorker.java:lambda$new$0(128)) - bc0382cc-50e2-4d58-b2de-e8b6250f3520@group-6EFDA1954403-SegmentedRaftLogWorker: flushIndex: setUnconditionally 0 -> -1
2019-10-18 08:16:59,219 [pool-47-thread-1] INFO  segmented.SegmentedRaftLogWorker (SegmentedRaftLogWorker.java:lambda$new$0(128)) - 1bc296c6-def6-4ae4-8c62-5b4c951a28f1@group-6EFDA1954403-SegmentedRaftLogWorker: flushIndex: setUnconditionally 0 -> -1
2019-10-18 08:16:59,220 [pool-27-thread-1] INFO  server.RaftServerConfigKeys (ConfUtils.java:logGet(43)) - raft.server.snapshot.auto.trigger.enabled = true (custom)
2019-10-18 08:16:59,220 [pool-47-thread-1] INFO  server.RaftServerConfigKeys (ConfUtils.java:logGet(43)) - raft.server.snapshot.auto.trigger.enabled = true (custom)
2019-10-18 08:16:59,220 [pool-27-thread-1] INFO  server.RaftServerConfigKeys (ConfUtils.java:logGet(43)) - raft.server.snapshot.auto.trigger.threshold = 10000 (custom)
2019-10-18 08:16:59,220 [pool-47-thread-1] INFO  server.RaftServerConfigKeys (ConfUtils.java:logGet(43)) - raft.server.snapshot.auto.trigger.threshold = 10000 (custom)
2019-10-18 08:16:59,220 [pool-27-thread-1] INFO  server.RaftServerConfigKeys (ConfUtils.java:logGet(43)) - raft.server.snapshot.retention.file.num = 5 (custom)
2019-10-18 08:16:59,220 [pool-37-thread-1] INFO  impl.RaftServerImpl (RaftServerImpl.java:start(195)) - 47aecc56-7e95-480d-b89c-2c00d33b4782@group-6EFDA1954403: start as a follower, conf=-1: [47aecc56-7e95-480d-b89c-2c00d33b4782:192.168.69.67:34550, 1bc296c6-def6-4ae4-8c62-5b4c951a28f1:192.168.69.67:37222, bc0382cc-50e2-4d58-b2de-e8b6250f3520:192.168.69.67:37666], old=null
2019-10-18 08:16:59,220 [pool-47-thread-1] INFO  server.RaftServerConfigKeys (ConfUtils.java:logGet(43)) - raft.server.snapshot.retention.file.num = 5 (custom)
2019-10-18 08:16:59,220 [pool-27-thread-1] INFO  server.RaftServerConfigKeys (ConfUtils.java:logGet(43)) - raft.server.retrycache.expirytime = 600000ms (custom)
2019-10-18 08:16:59,220 [pool-37-thread-1] INFO  impl.RaftServerImpl (RaftServerImpl.java:setRole(184)) - 47aecc56-7e95-480d-b89c-2c00d33b4782@group-6EFDA1954403: changes role from      null to FOLLOWER at term 0 for startAsFollower
2019-10-18 08:16:59,220 [pool-47-thread-1] INFO  server.RaftServerConfigKeys (ConfUtils.java:logGet(43)) - raft.server.retrycache.expirytime = 600000ms (custom)
2019-10-18 08:16:59,221 [pool-37-thread-1] INFO  impl.RoleInfo (RoleInfo.java:updateAndGet(143)) - 47aecc56-7e95-480d-b89c-2c00d33b4782: start FollowerState
2019-10-18 08:16:59,221 [pool-37-thread-1] INFO  util.JmxRegister (JmxRegister.java:tryRegister(44)) - Successfully registered JMX Bean with object name Ratis:service=RaftServer,group=group-6EFDA1954403,id=47aecc56-7e95-480d-b89c-2c00d33b4782
2019-10-18 08:16:59,225 [pool-27-thread-1] INFO  impl.RaftServerImpl (RaftServerImpl.java:start(195)) - bc0382cc-50e2-4d58-b2de-e8b6250f3520@group-6EFDA1954403: start as a follower, conf=-1: [47aecc56-7e95-480d-b89c-2c00d33b4782:192.168.69.67:34550, 1bc296c6-def6-4ae4-8c62-5b4c951a28f1:192.168.69.67:37222, bc0382cc-50e2-4d58-b2de-e8b6250f3520:192.168.69.67:37666], old=null
2019-10-18 08:16:59,225 [pool-27-thread-1] INFO  impl.RaftServerImpl (RaftServerImpl.java:setRole(184)) - bc0382cc-50e2-4d58-b2de-e8b6250f3520@group-6EFDA1954403: changes role from      null to FOLLOWER at term 0 for startAsFollower
2019-10-18 08:16:59,225 [pool-47-thread-1] INFO  impl.RaftServerImpl (RaftServerImpl.java:start(195)) - 1bc296c6-def6-4ae4-8c62-5b4c951a28f1@group-6EFDA1954403: start as a follower, conf=-1: [47aecc56-7e95-480d-b89c-2c00d33b4782:192.168.69.67:34550, 1bc296c6-def6-4ae4-8c62-5b4c951a28f1:192.168.69.67:37222, bc0382cc-50e2-4d58-b2de-e8b6250f3520:192.168.69.67:37666], old=null
2019-10-18 08:16:59,225 [pool-27-thread-1] INFO  impl.RoleInfo (RoleInfo.java:updateAndGet(143)) - bc0382cc-50e2-4d58-b2de-e8b6250f3520: start FollowerState
2019-10-18 08:16:59,225 [pool-47-thread-1] INFO  impl.RaftServerImpl (RaftServerImpl.java:setRole(184)) - 1bc296c6-def6-4ae4-8c62-5b4c951a28f1@group-6EFDA1954403: changes role from      null to FOLLOWER at term 0 for startAsFollower
2019-10-18 08:16:59,226 [pool-47-thread-1] INFO  impl.RoleInfo (RoleInfo.java:updateAndGet(143)) - 1bc296c6-def6-4ae4-8c62-5b4c951a28f1: start FollowerState
2019-10-18 08:16:59,226 [pool-27-thread-1] INFO  util.JmxRegister (JmxRegister.java:tryRegister(44)) - Successfully registered JMX Bean with object name Ratis:service=RaftServer,group=group-6EFDA1954403,id=bc0382cc-50e2-4d58-b2de-e8b6250f3520
2019-10-18 08:16:59,226 [pool-47-thread-1] INFO  util.JmxRegister (JmxRegister.java:tryRegister(44)) - Successfully registered JMX Bean with object name Ratis:service=RaftServer,group=group-6EFDA1954403,id=1bc296c6-def6-4ae4-8c62-5b4c951a28f1
2019-10-18 08:16:59,235 [RatisPipelineUtilsThread] INFO  pipeline.PipelineStateManager (PipelineStateManager.java:addPipeline(55)) - Created pipeline Pipeline[ Id: da955a73-775c-45ba-8243-6efda1954403, Nodes: bc0382cc-50e2-4d58-b2de-e8b6250f3520{ip: 192.168.69.67, host: pr-hdds-1868-wx8dl-4219780377, networkLocation: /default-rack, certSerialId: null}1bc296c6-def6-4ae4-8c62-5b4c951a28f1{ip: 192.168.69.67, host: pr-hdds-1868-wx8dl-4219780377, networkLocation: /default-rack, certSerialId: null}47aecc56-7e95-480d-b89c-2c00d33b4782{ip: 192.168.69.67, host: pr-hdds-1868-wx8dl-4219780377, networkLocation: /default-rack, certSerialId: null}, Type:RATIS, Factor:THREE, State:ALLOCATED]
2019-10-18 08:16:59,247 [Thread-373] INFO  impl.FollowerState (FollowerState.java:run(108)) - 1bc296c6-def6-4ae4-8c62-5b4c951a28f1@group-6EFDA1954403-FollowerState: change to CANDIDATE, lastRpcTime:21ms, electionTimeout:21ms
2019-10-18 08:16:59,247 [Thread-373] INFO  impl.RoleInfo (RoleInfo.java:shutdownFollowerState(121)) - 1bc296c6-def6-4ae4-8c62-5b4c951a28f1: shutdown FollowerState
2019-10-18 08:16:59,247 [Thread-373] INFO  impl.RaftServerImpl (RaftServerImpl.java:setRole(184)) - 1bc296c6-def6-4ae4-8c62-5b4c951a28f1@group-6EFDA1954403: changes role from  FOLLOWER to CANDIDATE at term 0 for changeToCandidate
2019-10-18 08:16:59,248 [Thread-373] INFO  impl.RoleInfo (RoleInfo.java:updateAndGet(143)) - 1bc296c6-def6-4ae4-8c62-5b4c951a28f1: start LeaderElection
2019-10-18 08:16:59,253 [1bc296c6-def6-4ae4-8c62-5b4c951a28f1@group-6EFDA1954403-LeaderElection8] INFO  impl.LeaderElection (LeaderElection.java:askForVotes(178)) - 1bc296c6-def6-4ae4-8c62-5b4c951a28f1@group-6EFDA1954403-LeaderElection8: begin an election at term 1 for -1: [47aecc56-7e95-480d-b89c-2c00d33b4782:192.168.69.67:34550, 1bc296c6-def6-4ae4-8c62-5b4c951a28f1:192.168.69.67:37222, bc0382cc-50e2-4d58-b2de-e8b6250f3520:192.168.69.67:37666], old=null
2019-10-18 08:16:59,263 [grpc-default-executor-2] INFO  impl.RaftServerImpl (RaftServerImpl.java:setRole(184)) - 47aecc56-7e95-480d-b89c-2c00d33b4782@group-6EFDA1954403: changes role from  FOLLOWER to FOLLOWER at term 1 for recognizeCandidate:1bc296c6-def6-4ae4-8c62-5b4c951a28f1
2019-10-18 08:16:59,263 [grpc-default-executor-2] INFO  impl.RoleInfo (RoleInfo.java:shutdownFollowerState(121)) - 47aecc56-7e95-480d-b89c-2c00d33b4782: shutdown FollowerState
2019-10-18 08:16:59,265 [grpc-default-executor-5] INFO  impl.RaftServerImpl (RaftServerImpl.java:setRole(184)) - bc0382cc-50e2-4d58-b2de-e8b6250f3520@group-6EFDA1954403: changes role from  FOLLOWER to FOLLOWER at term 1 for recognizeCandidate:1bc296c6-def6-4ae4-8c62-5b4c951a28f1
2019-10-18 08:16:59,265 [Thread-370] INFO  impl.FollowerState (FollowerState.java:run(117)) - 47aecc56-7e95-480d-b89c-2c00d33b4782@group-6EFDA1954403-FollowerState was interrupted: java.lang.InterruptedException: sleep interrupted
2019-10-18 08:16:59,265 [grpc-default-executor-2] INFO  impl.RoleInfo (RoleInfo.java:updateAndGet(143)) - 47aecc56-7e95-480d-b89c-2c00d33b4782: start FollowerState
2019-10-18 08:16:59,265 [grpc-default-executor-5] INFO  impl.RoleInfo (RoleInfo.java:shutdownFollowerState(121)) - bc0382cc-50e2-4d58-b2de-e8b6250f3520: shutdown FollowerState
2019-10-18 08:16:59,266 [Thread-371] INFO  impl.FollowerState (FollowerState.java:run(117)) - bc0382cc-50e2-4d58-b2de-e8b6250f3520@group-6EFDA1954403-FollowerState was interrupted: java.lang.InterruptedException: sleep interrupted
2019-10-18 08:16:59,266 [grpc-default-executor-5] INFO  impl.RoleInfo (RoleInfo.java:updateAndGet(143)) - bc0382cc-50e2-4d58-b2de-e8b6250f3520: start FollowerState
2019-10-18 08:16:59,272 [1bc296c6-def6-4ae4-8c62-5b4c951a28f1@group-6EFDA1954403-LeaderElection8] INFO  impl.LeaderElection (LeaderElection.java:logAndReturn(56)) - 1bc296c6-def6-4ae4-8c62-5b4c951a28f1@group-6EFDA1954403-LeaderElection8: Election TIMEOUT; received 0 response(s) [] and 0 exception(s); 1bc296c6-def6-4ae4-8c62-5b4c951a28f1@group-6EFDA1954403:t1, leader=null, voted=1bc296c6-def6-4ae4-8c62-5b4c951a28f1, raftlog=1bc296c6-def6-4ae4-8c62-5b4c951a28f1@group-6EFDA1954403-SegmentedRaftLog:OPENED:c-1,f-1,i0, conf=-1: [47aecc56-7e95-480d-b89c-2c00d33b4782:192.168.69.67:34550, 1bc296c6-def6-4ae4-8c62-5b4c951a28f1:192.168.69.67:37222, bc0382cc-50e2-4d58-b2de-e8b6250f3520:192.168.69.67:37666], old=null
2019-10-18 08:16:59,274 [Thread-379] INFO  impl.FollowerState (FollowerState.java:run(108)) - 47aecc56-7e95-480d-b89c-2c00d33b4782@group-6EFDA1954403-FollowerState: change to CANDIDATE, lastRpcTime:9ms, electionTimeout:0ms
2019-10-18 08:16:59,275 [Thread-379] INFO  impl.RoleInfo (RoleInfo.java:shutdownFollowerState(121)) - 47aecc56-7e95-480d-b89c-2c00d33b4782: shutdown FollowerState
2019-10-18 08:16:59,276 [Thread-380] INFO  impl.FollowerState (FollowerState.java:run(108)) - bc0382cc-50e2-4d58-b2de-e8b6250f3520@group-6EFDA1954403-FollowerState: change to CANDIDATE, lastRpcTime:9ms, electionTimeout:7ms
2019-10-18 08:16:59,277 [Thread-379] INFO  impl.RaftServerImpl (RaftServerImpl.java:setRole(184)) - 47aecc56-7e95-480d-b89c-2c00d33b4782@group-6EFDA1954403: changes role from  FOLLOWER to CANDIDATE at term 1 for changeToCandidate
2019-10-18 08:16:59,278 [Thread-380] INFO  impl.RoleInfo (RoleInfo.java:shutdownFollowerState(121)) - bc0382cc-50e2-4d58-b2de-e8b6250f3520: shutdown FollowerState
2019-10-18 08:16:59,277 [1bc296c6-def6-4ae4-8c62-5b4c951a28f1@group-6EFDA1954403-LeaderElection8] INFO  impl.LeaderElection (LeaderElection.java:askForVotes(178)) - 1bc296c6-def6-4ae4-8c62-5b4c951a28f1@group-6EFDA1954403-LeaderElection8: begin an election at term 2 for -1: [47aecc56-7e95-480d-b89c-2c00d33b4782:192.168.69.67:34550, 1bc296c6-def6-4ae4-8c62-5b4c951a28f1:192.168.69.67:37222, bc0382cc-50e2-4d58-b2de-e8b6250f3520:192.168.69.67:37666], old=null
2019-10-18 08:16:59,279 [Thread-380] INFO  impl.RaftServerImpl (RaftServerImpl.java:setRole(184)) - bc0382cc-50e2-4d58-b2de-e8b6250f3520@group-6EFDA1954403: changes role from  FOLLOWER to CANDIDATE at term 1 for changeToCandidate
2019-10-18 08:16:59,278 [Thread-379] INFO  impl.RoleInfo (RoleInfo.java:updateAndGet(143)) - 47aecc56-7e95-480d-b89c-2c00d33b4782: start LeaderElection
2019-10-18 08:16:59,280 [Thread-380] INFO  impl.RoleInfo (RoleInfo.java:updateAndGet(143)) - bc0382cc-50e2-4d58-b2de-e8b6250f3520: start LeaderElection
2019-10-18 08:16:59,289 [bc0382cc-50e2-4d58-b2de-e8b6250f3520@group-6EFDA1954403-LeaderElection10] INFO  impl.LeaderElection (LeaderElection.java:askForVotes(178)) - bc0382cc-50e2-4d58-b2de-e8b6250f3520@group-6EFDA1954403-LeaderElection10: begin an election at term 2 for -1: [47aecc56-7e95-480d-b89c-2c00d33b4782:192.168.69.67:34550, 1bc296c6-def6-4ae4-8c62-5b4c951a28f1:192.168.69.67:37222, bc0382cc-50e2-4d58-b2de-e8b6250f3520:192.168.69.67:37666], old=null
2019-10-18 08:16:59,289 [47aecc56-7e95-480d-b89c-2c00d33b4782@group-6EFDA1954403-LeaderElection9] INFO  impl.LeaderElection (LeaderElection.java:askForVotes(178)) - 47aecc56-7e95-480d-b89c-2c00d33b4782@group-6EFDA1954403-LeaderElection9: begin an election at term 2 for -1: [47aecc56-7e95-480d-b89c-2c00d33b4782:192.168.69.67:34550, 1bc296c6-def6-4ae4-8c62-5b4c951a28f1:192.168.69.67:37222, bc0382cc-50e2-4d58-b2de-e8b6250f3520:192.168.69.67:37666], old=null
2019-10-18 08:16:59,290 [1bc296c6-def6-4ae4-8c62-5b4c951a28f1@group-6EFDA1954403-LeaderElection8] INFO  impl.LeaderElection (LeaderElection.java:logAndReturn(56)) - 1bc296c6-def6-4ae4-8c62-5b4c951a28f1@group-6EFDA1954403-LeaderElection8: Election REJECTED; received 2 response(s) [1bc296c6-def6-4ae4-8c62-5b4c951a28f1<-47aecc56-7e95-480d-b89c-2c00d33b4782#0:FAIL-t2, 1bc296c6-def6-4ae4-8c62-5b4c951a28f1<-bc0382cc-50e2-4d58-b2de-e8b6250f3520#0:FAIL-t2] and 0 exception(s); 1bc296c6-def6-4ae4-8c62-5b4c951a28f1@group-6EFDA1954403:t2, leader=null, voted=1bc296c6-def6-4ae4-8c62-5b4c951a28f1, raftlog=1bc296c6-def6-4ae4-8c62-5b4c951a28f1@group-6EFDA1954403-SegmentedRaftLog:OPENED:c-1,f-1,i0, conf=-1: [47aecc56-7e95-480d-b89c-2c00d33b4782:192.168.69.67:34550, 1bc296c6-def6-4ae4-8c62-5b4c951a28f1:192.168.69.67:37222, bc0382cc-50e2-4d58-b2de-e8b6250f3520:192.168.69.67:37666], old=null
2019-10-18 08:16:59,290 [1bc296c6-def6-4ae4-8c62-5b4c951a28f1@group-6EFDA1954403-LeaderElection8] INFO  impl.RaftServerImpl (RaftServerImpl.java:setRole(184)) - 1bc296c6-def6-4ae4-8c62-5b4c951a28f1@group-6EFDA1954403: changes role from CANDIDATE to FOLLOWER at term 2 for DISCOVERED_A_NEW_TERM
2019-10-18 08:16:59,291 [1bc296c6-def6-4ae4-8c62-5b4c951a28f1@group-6EFDA1954403-LeaderElection8] INFO  impl.RoleInfo (RoleInfo.java:shutdownLeaderElection(134)) - 1bc296c6-def6-4ae4-8c62-5b4c951a28f1: shutdown LeaderElection
2019-10-18 08:16:59,292 [1bc296c6-def6-4ae4-8c62-5b4c951a28f1@group-6EFDA1954403-LeaderElection8] INFO  impl.RoleInfo (RoleInfo.java:updateAndGet(143)) - 1bc296c6-def6-4ae4-8c62-5b4c951a28f1: start FollowerState
2019-10-18 08:16:59,300 [bc0382cc-50e2-4d58-b2de-e8b6250f3520@group-6EFDA1954403-LeaderElection10] INFO  impl.LeaderElection (LeaderElection.java:logAndReturn(56)) - bc0382cc-50e2-4d58-b2de-e8b6250f3520@group-6EFDA1954403-LeaderElection10: Election REJECTED; received 2 response(s) [bc0382cc-50e2-4d58-b2de-e8b6250f3520<-47aecc56-7e95-480d-b89c-2c00d33b4782#0:FAIL-t2, bc0382cc-50e2-4d58-b2de-e8b6250f3520<-1bc296c6-def6-4ae4-8c62-5b4c951a28f1#0:FAIL-t2] and 0 exception(s); bc0382cc-50e2-4d58-b2de-e8b6250f3520@group-6EFDA1954403:t2, leader=null, voted=bc0382cc-50e2-4d58-b2de-e8b6250f3520, raftlog=bc0382cc-50e2-4d58-b2de-e8b6250f3520@group-6EFDA1954403-SegmentedRaftLog:OPENED:c-1,f-1,i0, conf=-1: [47aecc56-7e95-480d-b89c-2c00d33b4782:192.168.69.67:34550, 1bc296c6-def6-4ae4-8c62-5b4c951a28f1:192.168.69.67:37222, bc0382cc-50e2-4d58-b2de-e8b6250f3520:192.168.69.67:37666], old=null
2019-10-18 08:16:59,301 [bc0382cc-50e2-4d58-b2de-e8b6250f3520@group-6EFDA1954403-LeaderElection10] INFO  impl.RaftServerImpl (RaftServerImpl.java:setRole(184)) - bc0382cc-50e2-4d58-b2de-e8b6250f3520@group-6EFDA1954403: changes role from CANDIDATE to FOLLOWER at term 2 for DISCOVERED_A_NEW_TERM
2019-10-18 08:16:59,303 [bc0382cc-50e2-4d58-b2de-e8b6250f3520@group-6EFDA1954403-LeaderElection10] INFO  impl.RoleInfo (RoleInfo.java:shutdownLeaderElection(134)) - bc0382cc-50e2-4d58-b2de-e8b6250f3520: shutdown LeaderElection
2019-10-18 08:16:59,304 [bc0382cc-50e2-4d58-b2de-e8b6250f3520@group-6EFDA1954403-LeaderElection10] INFO  impl.RoleInfo (RoleInfo.java:updateAndGet(143)) - bc0382cc-50e2-4d58-b2de-e8b6250f3520: start FollowerState
2019-10-18 08:16:59,315 [47aecc56-7e95-480d-b89c-2c00d33b4782@group-6EFDA1954403-LeaderElection9] INFO  impl.LeaderElection (LeaderElection.java:logAndReturn(56)) - 47aecc56-7e95-480d-b89c-2c00d33b4782@group-6EFDA1954403-LeaderElection9: Election REJECTED; received 2 response(s) [47aecc56-7e95-480d-b89c-2c00d33b4782<-1bc296c6-def6-4ae4-8c62-5b4c951a28f1#0:FAIL-t2, 47aecc56-7e95-480d-b89c-2c00d33b4782<-bc0382cc-50e2-4d58-b2de-e8b6250f3520#0:FAIL-t2] and 0 exception(s); 47aecc56-7e95-480d-b89c-2c00d33b4782@group-6EFDA1954403:t2, leader=null, voted=47aecc56-7e95-480d-b89c-2c00d33b4782, raftlog=47aecc56-7e95-480d-b89c-2c00d33b4782@group-6EFDA1954403-SegmentedRaftLog:OPENED:c-1,f-1,i0, conf=-1: [47aecc56-7e95-480d-b89c-2c00d33b4782:192.168.69.67:34550, 1bc296c6-def6-4ae4-8c62-5b4c951a28f1:192.168.69.67:37222, bc0382cc-50e2-4d58-b2de-e8b6250f3520:192.168.69.67:37666], old=null
2019-10-18 08:16:59,316 [47aecc56-7e95-480d-b89c-2c00d33b4782@group-6EFDA1954403-LeaderElection9] INFO  impl.RaftServerImpl (RaftServerImpl.java:setRole(184)) - 47aecc56-7e95-480d-b89c-2c00d33b4782@group-6EFDA1954403: changes role from CANDIDATE to FOLLOWER at term 2 for DISCOVERED_A_NEW_TERM
2019-10-18 08:16:59,320 [47aecc56-7e95-480d-b89c-2c00d33b4782@group-6EFDA1954403-LeaderElection9] INFO  impl.RoleInfo (RoleInfo.java:shutdownLeaderElection(134)) - 47aecc56-7e95-480d-b89c-2c00d33b4782: shutdown LeaderElection
2019-10-18 08:16:59,320 [47aecc56-7e95-480d-b89c-2c00d33b4782@group-6EFDA1954403-LeaderElection9] INFO  impl.RoleInfo (RoleInfo.java:updateAndGet(143)) - 47aecc56-7e95-480d-b89c-2c00d33b4782: start FollowerState
2019-10-18 08:16:59,369 [Thread-390] INFO  impl.FollowerState (FollowerState.java:run(108)) - bc0382cc-50e2-4d58-b2de-e8b6250f3520@group-6EFDA1954403-FollowerState: change to CANDIDATE, lastRpcTime:65ms, electionTimeout:64ms
2019-10-18 08:16:59,371 [Thread-390] INFO  impl.RoleInfo (RoleInfo.java:shutdownFollowerState(121)) - bc0382cc-50e2-4d58-b2de-e8b6250f3520: shutdown FollowerState
2019-10-18 08:16:59,371 [Thread-390] INFO  impl.RaftServerImpl (RaftServerImpl.java:setRole(184)) - bc0382cc-50e2-4d58-b2de-e8b6250f3520@group-6EFDA1954403: changes role from  FOLLOWER to CANDIDATE at term 2 for changeToCandidate
2019-10-18 08:16:59,371 [Thread-390] INFO  impl.RoleInfo (RoleInfo.java:updateAndGet(143)) - bc0382cc-50e2-4d58-b2de-e8b6250f3520: start LeaderElection
2019-10-18 08:16:59,394 [Thread-389] INFO  impl.FollowerState (FollowerState.java:run(108)) - 1bc296c6-def6-4ae4-8c62-5b4c951a28f1@group-6EFDA1954403-FollowerState: change to CANDIDATE, lastRpcTime:101ms, electionTimeout:100ms
2019-10-18 08:16:59,394 [Thread-389] INFO  impl.RoleInfo (RoleInfo.java:shutdownFollowerState(121)) - 1bc296c6-def6-4ae4-8c62-5b4c951a28f1: shutdown FollowerState
2019-10-18 08:16:59,394 [Thread-389] INFO  impl.RaftServerImpl (RaftServerImpl.java:setRole(184)) - 1bc296c6-def6-4ae4-8c62-5b4c951a28f1@group-6EFDA1954403: changes role from  FOLLOWER to CANDIDATE at term 2 for changeToCandidate
2019-10-18 08:16:59,395 [Thread-389] INFO  impl.RoleInfo (RoleInfo.java:updateAndGet(143)) - 1bc296c6-def6-4ae4-8c62-5b4c951a28f1: start LeaderElection
2019-10-18 08:16:59,398 [bc0382cc-50e2-4d58-b2de-e8b6250f3520@group-6EFDA1954403-LeaderElection11] INFO  impl.LeaderElection (LeaderElection.java:askForVotes(178)) - bc0382cc-50e2-4d58-b2de-e8b6250f3520@group-6EFDA1954403-LeaderElection11: begin an election at term 3 for -1: [47aecc56-7e95-480d-b89c-2c00d33b4782:192.168.69.67:34550, 1bc296c6-def6-4ae4-8c62-5b4c951a28f1:192.168.69.67:37222, bc0382cc-50e2-4d58-b2de-e8b6250f3520:192.168.69.67:37666], old=null
2019-10-18 08:16:59,400 [1bc296c6-def6-4ae4-8c62-5b4c951a28f1@group-6EFDA1954403-LeaderElection12] INFO  impl.LeaderElection (LeaderElection.java:askForVotes(178)) - 1bc296c6-def6-4ae4-8c62-5b4c951a28f1@group-6EFDA1954403-LeaderElection12: begin an election at term 3 for -1: [47aecc56-7e95-480d-b89c-2c00d33b4782:192.168.69.67:34550, 1bc296c6-def6-4ae4-8c62-5b4c951a28f1:192.168.69.67:37222, bc0382cc-50e2-4d58-b2de-e8b6250f3520:192.168.69.67:37666], old=null
2019-10-18 08:16:59,402 [grpc-default-executor-5] INFO  impl.RaftServerImpl (RaftServerImpl.java:setRole(184)) - 47aecc56-7e95-480d-b89c-2c00d33b4782@group-6EFDA1954403: changes role from  FOLLOWER to FOLLOWER at term 3 for recognizeCandidate:bc0382cc-50e2-4d58-b2de-e8b6250f3520
2019-10-18 08:16:59,402 [grpc-default-executor-5] INFO  impl.RoleInfo (RoleInfo.java:shutdownFollowerState(121)) - 47aecc56-7e95-480d-b89c-2c00d33b4782: shutdown FollowerState
2019-10-18 08:16:59,402 [Thread-391] INFO  impl.FollowerState (FollowerState.java:run(117)) - 47aecc56-7e95-480d-b89c-2c00d33b4782@group-6EFDA1954403-FollowerState was interrupted: java.lang.InterruptedException: sleep interrupted
2019-10-18 08:16:59,403 [grpc-default-executor-5] INFO  impl.RoleInfo (RoleInfo.java:updateAndGet(143)) - 47aecc56-7e95-480d-b89c-2c00d33b4782: start FollowerState
2019-10-18 08:16:59,432 [bc0382cc-50e2-4d58-b2de-e8b6250f3520@group-6EFDA1954403-LeaderElection11] INFO  impl.LeaderElection (LeaderElection.java:logAndReturn(56)) - bc0382cc-50e2-4d58-b2de-e8b6250f3520@group-6EFDA1954403-LeaderElection11: Election PASSED; received 2 response(s) [bc0382cc-50e2-4d58-b2de-e8b6250f3520<-47aecc56-7e95-480d-b89c-2c00d33b4782#0:OK-t3, bc0382cc-50e2-4d58-b2de-e8b6250f3520<-1bc296c6-def6-4ae4-8c62-5b4c951a28f1#0:FAIL-t3] and 0 exception(s); bc0382cc-50e2-4d58-b2de-e8b6250f3520@group-6EFDA1954403:t3, leader=null, voted=bc0382cc-50e2-4d58-b2de-e8b6250f3520, raftlog=bc0382cc-50e2-4d58-b2de-e8b6250f3520@group-6EFDA1954403-SegmentedRaftLog:OPENED:c-1,f-1,i0, conf=-1: [47aecc56-7e95-480d-b89c-2c00d33b4782:192.168.69.67:34550, 1bc296c6-def6-4ae4-8c62-5b4c951a28f1:192.168.69.67:37222, bc0382cc-50e2-4d58-b2de-e8b6250f3520:192.168.69.67:37666], old=null
2019-10-18 08:16:59,432 [1bc296c6-def6-4ae4-8c62-5b4c951a28f1@group-6EFDA1954403-LeaderElection12] INFO  impl.LeaderElection (LeaderElection.java:logAndReturn(56)) - 1bc296c6-def6-4ae4-8c62-5b4c951a28f1@group-6EFDA1954403-LeaderElection12: Election REJECTED; received 2 response(s) [1bc296c6-def6-4ae4-8c62-5b4c951a28f1<-47aecc56-7e95-480d-b89c-2c00d33b4782#0:FAIL-t3, 1bc296c6-def6-4ae4-8c62-5b4c951a28f1<-bc0382cc-50e2-4d58-b2de-e8b6250f3520#0:FAIL-t3] and 0 exception(s); 1bc296c6-def6-4ae4-8c62-5b4c951a28f1@group-6EFDA1954403:t3, leader=null, voted=1bc296c6-def6-4ae4-8c62-5b4c951a28f1, raftlog=1bc296c6-def6-4ae4-8c62-5b4c951a28f1@group-6EFDA1954403-SegmentedRaftLog:OPENED:c-1,f-1,i0, conf=-1: [47aecc56-7e95-480d-b89c-2c00d33b4782:192.168.69.67:34550, 1bc296c6-def6-4ae4-8c62-5b4c951a28f1:192.168.69.67:37222, bc0382cc-50e2-4d58-b2de-e8b6250f3520:192.168.69.67:37666], old=null
2019-10-18 08:16:59,432 [bc0382cc-50e2-4d58-b2de-e8b6250f3520@group-6EFDA1954403-LeaderElection11] INFO  impl.RoleInfo (RoleInfo.java:shutdownLeaderElection(134)) - bc0382cc-50e2-4d58-b2de-e8b6250f3520: shutdown LeaderElection
2019-10-18 08:16:59,434 [1bc296c6-def6-4ae4-8c62-5b4c951a28f1@group-6EFDA1954403-LeaderElection12] INFO  impl.RaftServerImpl (RaftServerImpl.java:setRole(184)) - 1bc296c6-def6-4ae4-8c62-5b4c951a28f1@group-6EFDA1954403: changes role from CANDIDATE to FOLLOWER at term 3 for DISCOVERED_A_NEW_TERM
2019-10-18 08:16:59,440 [bc0382cc-50e2-4d58-b2de-e8b6250f3520@group-6EFDA1954403-LeaderElection11] INFO  impl.RaftServerImpl (RaftServerImpl.java:setRole(184)) - bc0382cc-50e2-4d58-b2de-e8b6250f3520@group-6EFDA1954403: changes role from CANDIDATE to LEADER at term 3 for changeToLeader
2019-10-18 08:16:59,441 [1bc296c6-def6-4ae4-8c62-5b4c951a28f1@group-6EFDA1954403-LeaderElection12] INFO  impl.RoleInfo (RoleInfo.java:shutdownLeaderElection(134)) - 1bc296c6-def6-4ae4-8c62-5b4c951a28f1: shutdown LeaderElection
2019-10-18 08:16:59,441 [bc0382cc-50e2-4d58-b2de-e8b6250f3520@group-6EFDA1954403-LeaderElection11] INFO  ratis.XceiverServerRatis (XceiverServerRatis.java:handleLeaderChangedNotification(699)) - Leader change notification received for group: group-6EFDA1954403 with new leaderId: bc0382cc-50e2-4d58-b2de-e8b6250f3520
2019-10-18 08:16:59,441 [1bc296c6-def6-4ae4-8c62-5b4c951a28f1@group-6EFDA1954403-LeaderElection12] INFO  impl.RoleInfo (RoleInfo.java:updateAndGet(143)) - 1bc296c6-def6-4ae4-8c62-5b4c951a28f1: start FollowerState
2019-10-18 08:16:59,441 [bc0382cc-50e2-4d58-b2de-e8b6250f3520@group-6EFDA1954403-LeaderElection11] INFO  impl.RaftServerImpl (ServerState.java:setLeader(256)) - bc0382cc-50e2-4d58-b2de-e8b6250f3520@group-6EFDA1954403: change Leader from null to bc0382cc-50e2-4d58-b2de-e8b6250f3520 at term 3 for becomeLeader, leader elected after 227ms
2019-10-18 08:16:59,442 [bc0382cc-50e2-4d58-b2de-e8b6250f3520@group-6EFDA1954403-LeaderElection11] INFO  server.RaftServerConfigKeys (ConfUtils.java:logGet(43)) - raft.server.staging.catchup.gap = 1000 (default)
2019-10-18 08:16:59,443 [bc0382cc-50e2-4d58-b2de-e8b6250f3520@group-6EFDA1954403-LeaderElection11] INFO  server.RaftServerConfigKeys (ConfUtils.java:logGet(43)) - raft.server.rpc.sleep.time = 25ms (default)
2019-10-18 08:16:59,443 [bc0382cc-50e2-4d58-b2de-e8b6250f3520@group-6EFDA1954403-LeaderElection11] INFO  server.RaftServerConfigKeys (ConfUtils.java:logGet(43)) - raft.server.write.element-limit = 4096 (default)
2019-10-18 08:16:59,443 [bc0382cc-50e2-4d58-b2de-e8b6250f3520@group-6EFDA1954403-LeaderElection11] INFO  server.RaftServerConfigKeys (ConfUtils.java:logGet(43)) - raft.server.watch.timeout = 10s (default)
2019-10-18 08:16:59,443 [bc0382cc-50e2-4d58-b2de-e8b6250f3520@group-6EFDA1954403-LeaderElection11] INFO  server.RaftServerConfigKeys (ConfUtils.java:logGet(43)) - raft.server.watch.timeout.denomination = 1s (default)
2019-10-18 08:16:59,443 [bc0382cc-50e2-4d58-b2de-e8b6250f3520@group-6EFDA1954403-LeaderElection11] INFO  server.RaftServerConfigKeys (ConfUtils.java:logGet(43)) - raft.server.watch.element-limit = 65536 (default)
2019-10-18 08:16:59,444 [EventQueue-PipelineReportForPipelineReportHandler] INFO  pipeline.PipelineReportHandler (PipelineReportHandler.java:processPipelineReport(119)) - Pipeline PipelineID=da955a73-775c-45ba-8243-6efda1954403 reported by bc0382cc-50e2-4d58-b2de-e8b6250f3520{ip: 192.168.69.67, host: pr-hdds-1868-wx8dl-4219780377, networkLocation: /default-rack, certSerialId: null} with leaderId bc0382cc-50e2-4d58-b2de-e8b6250f3520
2019-10-18 08:16:59,448 [bc0382cc-50e2-4d58-b2de-e8b6250f3520@group-6EFDA1954403-LeaderElection11] INFO  server.RaftServerConfigKeys (ConfUtils.java:logGet(43)) - raft.server.log.appender.snapshot.chunk.size.max = 16MB (=16777216) (default)
2019-10-18 08:16:59,448 [bc0382cc-50e2-4d58-b2de-e8b6250f3520@group-6EFDA1954403-LeaderElection11] INFO  server.RaftServerConfigKeys (ConfUtils.java:logGet(43)) - raft.server.log.appender.buffer.byte-limit = 33554432 (custom)
2019-10-18 08:16:59,449 [bc0382cc-50e2-4d58-b2de-e8b6250f3520@group-6EFDA1954403-LeaderElection11] INFO  server.RaftServerConfigKeys (ConfUtils.java:logGet(43)) - raft.server.log.appender.buffer.element-limit = 1 (custom)
2019-10-18 08:16:59,449 [bc0382cc-50e2-4d58-b2de-e8b6250f3520@group-6EFDA1954403-LeaderElection11] INFO  grpc.GrpcConfigKeys$Server (ConfUtils.java:logGet(43)) - raft.grpc.server.leader.outstanding.appends.max = 128 (default)
2019-10-18 08:16:59,450 [bc0382cc-50e2-4d58-b2de-e8b6250f3520@group-6EFDA1954403-LeaderElection11] INFO  server.RaftServerConfigKeys (ConfUtils.java:logGet(43)) - raft.server.rpc.request.timeout = 3000ms (default)
2019-10-18 08:16:59,450 [bc0382cc-50e2-4d58-b2de-e8b6250f3520@group-6EFDA1954403-LeaderElection11] INFO  server.RaftServerConfigKeys (ConfUtils.java:logGet(43)) - raft.server.log.appender.install.snapshot.enabled = false (custom)
2019-10-18 08:16:59,454 [bc0382cc-50e2-4d58-b2de-e8b6250f3520@group-6EFDA1954403-LeaderElection11] INFO  server.RaftServerConfigKeys (ConfUtils.java:logGet(43)) - raft.server.log.appender.snapshot.chunk.size.max = 16MB (=16777216) (default)
2019-10-18 08:16:59,454 [bc0382cc-50e2-4d58-b2de-e8b6250f3520@group-6EFDA1954403-LeaderElection11] INFO  server.RaftServerConfigKeys (ConfUtils.java:logGet(43)) - raft.server.log.appender.buffer.byte-limit = 33554432 (custom)
2019-10-18 08:16:59,454 [bc0382cc-50e2-4d58-b2de-e8b6250f3520@group-6EFDA1954403-LeaderElection11] INFO  server.RaftServerConfigKeys (ConfUtils.java:logGet(43)) - raft.server.log.appender.buffer.element-limit = 1 (custom)
2019-10-18 08:16:59,454 [bc0382cc-50e2-4d58-b2de-e8b6250f3520@group-6EFDA1954403-LeaderElection11] INFO  grpc.GrpcConfigKeys$Server (ConfUtils.java:logGet(43)) - raft.grpc.server.leader.outstanding.appends.max = 128 (default)
2019-10-18 08:16:59,454 [bc0382cc-50e2-4d58-b2de-e8b6250f3520@group-6EFDA1954403-LeaderElection11] INFO  server.RaftServerConfigKeys (ConfUtils.java:logGet(43)) - raft.server.rpc.request.timeout = 3000ms (default)
2019-10-18 08:16:59,455 [bc0382cc-50e2-4d58-b2de-e8b6250f3520@group-6EFDA1954403-LeaderElection11] INFO  server.RaftServerConfigKeys (ConfUtils.java:logGet(43)) - raft.server.log.appender.install.snapshot.enabled = false (custom)
2019-10-18 08:16:59,458 [bc0382cc-50e2-4d58-b2de-e8b6250f3520@group-6EFDA1954403-LeaderElection11] INFO  impl.RoleInfo (RoleInfo.java:updateAndGet(143)) - bc0382cc-50e2-4d58-b2de-e8b6250f3520: start LeaderState
2019-10-18 08:16:59,458 [bc0382cc-50e2-4d58-b2de-e8b6250f3520@group-6EFDA1954403-LeaderElection11] INFO  segmented.SegmentedRaftLogWorker (SegmentedRaftLogWorker.java:startLogSegment(385)) - bc0382cc-50e2-4d58-b2de-e8b6250f3520@group-6EFDA1954403-SegmentedRaftLogWorker: Starting segment from index:0
2019-10-18 08:16:59,459 [bc0382cc-50e2-4d58-b2de-e8b6250f3520@group-6EFDA1954403-LeaderElection11] INFO  impl.RaftServerImpl (ServerState.java:setRaftConf(357)) - bc0382cc-50e2-4d58-b2de-e8b6250f3520@group-6EFDA1954403: set configuration 0: [47aecc56-7e95-480d-b89c-2c00d33b4782:192.168.69.67:34550, 1bc296c6-def6-4ae4-8c62-5b4c951a28f1:192.168.69.67:37222, bc0382cc-50e2-4d58-b2de-e8b6250f3520:192.168.69.67:37666], old=null at 0
2019-10-18 08:16:59,488 [grpc-default-executor-5] INFO  ratis.XceiverServerRatis (XceiverServerRatis.java:handleLeaderChangedNotification(699)) - Leader change notification received for group: group-6EFDA1954403 with new leaderId: bc0382cc-50e2-4d58-b2de-e8b6250f3520
2019-10-18 08:16:59,488 [grpc-default-executor-2] INFO  ratis.XceiverServerRatis (XceiverServerRatis.java:handleLeaderChangedNotification(699)) - Leader change notification received for group: group-6EFDA1954403 with new leaderId: bc0382cc-50e2-4d58-b2de-e8b6250f3520
2019-10-18 08:16:59,489 [grpc-default-executor-5] INFO  impl.RaftServerImpl (ServerState.java:setLeader(256)) - 1bc296c6-def6-4ae4-8c62-5b4c951a28f1@group-6EFDA1954403: change Leader from null to bc0382cc-50e2-4d58-b2de-e8b6250f3520 at term 3 for appendEntries, leader elected after 274ms
2019-10-18 08:16:59,489 [grpc-default-executor-2] INFO  impl.RaftServerImpl (ServerState.java:setLeader(256)) - 47aecc56-7e95-480d-b89c-2c00d33b4782@group-6EFDA1954403: change Leader from null to bc0382cc-50e2-4d58-b2de-e8b6250f3520 at term 3 for appendEntries, leader elected after 274ms
2019-10-18 08:16:59,490 [EventQueue-PipelineReportForPipelineReportHandler] INFO  pipeline.PipelineReportHandler (PipelineReportHandler.java:processPipelineReport(119)) - Pipeline PipelineID=da955a73-775c-45ba-8243-6efda1954403 reported by 1bc296c6-def6-4ae4-8c62-5b4c951a28f1{ip: 192.168.69.67, host: pr-hdds-1868-wx8dl-4219780377, networkLocation: /default-rack, certSerialId: null} with leaderId bc0382cc-50e2-4d58-b2de-e8b6250f3520
2019-10-18 08:16:59,491 [EventQueue-PipelineReportForPipelineReportHandler] INFO  pipeline.PipelineReportHandler (PipelineReportHandler.java:processPipelineReport(119)) - Pipeline PipelineID=da955a73-775c-45ba-8243-6efda1954403 reported by 47aecc56-7e95-480d-b89c-2c00d33b4782{ip: 192.168.69.67, host: pr-hdds-1868-wx8dl-4219780377, networkLocation: /default-rack, certSerialId: null} with leaderId bc0382cc-50e2-4d58-b2de-e8b6250f3520
2019-10-18 08:16:59,491 [EventQueue-PipelineReportForPipelineReportHandler] INFO  pipeline.PipelineStateManager (PipelineStateManager.java:openPipeline(134)) - Pipeline Pipeline[ Id: da955a73-775c-45ba-8243-6efda1954403, Nodes: bc0382cc-50e2-4d58-b2de-e8b6250f3520{ip: 192.168.69.67, host: pr-hdds-1868-wx8dl-4219780377, networkLocation: /default-rack, certSerialId: null}1bc296c6-def6-4ae4-8c62-5b4c951a28f1{ip: 192.168.69.67, host: pr-hdds-1868-wx8dl-4219780377, networkLocation: /default-rack, certSerialId: null}47aecc56-7e95-480d-b89c-2c00d33b4782{ip: 192.168.69.67, host: pr-hdds-1868-wx8dl-4219780377, networkLocation: /default-rack, certSerialId: null}, Type:RATIS, Factor:THREE, State:OPEN] moved to OPEN state
2019-10-18 08:16:59,493 [grpc-default-executor-2] INFO  impl.RaftServerImpl (ServerState.java:setRaftConf(357)) - 1bc296c6-def6-4ae4-8c62-5b4c951a28f1@group-6EFDA1954403: set configuration 0: [47aecc56-7e95-480d-b89c-2c00d33b4782:192.168.69.67:34550, 1bc296c6-def6-4ae4-8c62-5b4c951a28f1:192.168.69.67:37222, bc0382cc-50e2-4d58-b2de-e8b6250f3520:192.168.69.67:37666], old=null at 0
2019-10-18 08:16:59,493 [grpc-default-executor-2] INFO  segmented.SegmentedRaftLogWorker (SegmentedRaftLogWorker.java:startLogSegment(385)) - 1bc296c6-def6-4ae4-8c62-5b4c951a28f1@group-6EFDA1954403-SegmentedRaftLogWorker: Starting segment from index:0
2019-10-18 08:16:59,493 [grpc-default-executor-5] INFO  impl.RaftServerImpl (ServerState.java:setRaftConf(357)) - 47aecc56-7e95-480d-b89c-2c00d33b4782@group-6EFDA1954403: set configuration 0: [47aecc56-7e95-480d-b89c-2c00d33b4782:192.168.69.67:34550, 1bc296c6-def6-4ae4-8c62-5b4c951a28f1:192.168.69.67:37222, bc0382cc-50e2-4d58-b2de-e8b6250f3520:192.168.69.67:37666], old=null at 0
2019-10-18 08:16:59,495 [grpc-default-executor-5] INFO  segmented.SegmentedRaftLogWorker (SegmentedRaftLogWorker.java:startLogSegment(385)) - 47aecc56-7e95-480d-b89c-2c00d33b4782@group-6EFDA1954403-SegmentedRaftLogWorker: Starting segment from index:0
2019-10-18 08:16:59,511 [bc0382cc-50e2-4d58-b2de-e8b6250f3520@group-6EFDA1954403-SegmentedRaftLogWorker] INFO  segmented.SegmentedRaftLogWorker (SegmentedRaftLogWorker.java:execute(576)) - bc0382cc-50e2-4d58-b2de-e8b6250f3520@group-6EFDA1954403-SegmentedRaftLogWorker: created new log segment /workdir/hadoop-ozone/tools/target/test-dir/MiniOzoneClusterImpl-18708a0d-f212-4186-ae1d-4e11efd0a0ea/datanode-0/data/ratis/da955a73-775c-45ba-8243-6efda1954403/current/log_inprogress_0
2019-10-18 08:16:59,541 [1bc296c6-def6-4ae4-8c62-5b4c951a28f1@group-6EFDA1954403-SegmentedRaftLogWorker] INFO  segmented.SegmentedRaftLogWorker (SegmentedRaftLogWorker.java:execute(576)) - 1bc296c6-def6-4ae4-8c62-5b4c951a28f1@group-6EFDA1954403-SegmentedRaftLogWorker: created new log segment /workdir/hadoop-ozone/tools/target/test-dir/MiniOzoneClusterImpl-18708a0d-f212-4186-ae1d-4e11efd0a0ea/datanode-2/data/ratis/da955a73-775c-45ba-8243-6efda1954403/current/log_inprogress_0
2019-10-18 08:16:59,541 [47aecc56-7e95-480d-b89c-2c00d33b4782@group-6EFDA1954403-SegmentedRaftLogWorker] INFO  segmented.SegmentedRaftLogWorker (SegmentedRaftLogWorker.java:execute(576)) - 47aecc56-7e95-480d-b89c-2c00d33b4782@group-6EFDA1954403-SegmentedRaftLogWorker: created new log segment /workdir/hadoop-ozone/tools/target/test-dir/MiniOzoneClusterImpl-18708a0d-f212-4186-ae1d-4e11efd0a0ea/datanode-1/data/ratis/da955a73-775c-45ba-8243-6efda1954403/current/log_inprogress_0
 0.00% |?                                                                                                    |  0/1 Time: 0:01:082019-10-18 08:17:00,240 [pool-73-thread-3] WARN  io.KeyOutputStream (KeyOutputStream.java:handleException(274)) - Encountered exception java.io.IOException: Unexpected Storage Container Exception: java.util.concurrent.CompletionException: java.util.concurrent.CompletionException: org.apache.ratis.protocol.GroupMismatchException: bc0382cc-50e2-4d58-b2de-e8b6250f3520: group-B38726245CC0 not found. on the pipeline Pipeline[ Id: 6e86684c-d330-4917-9522-b38726245cc0, Nodes: bc0382cc-50e2-4d58-b2de-e8b6250f3520{ip: 192.168.69.67, host: pr-hdds-1868-wx8dl-4219780377, networkLocation: /default-rack, certSerialId: null}1bc296c6-def6-4ae4-8c62-5b4c951a28f1{ip: 192.168.69.67, host: pr-hdds-1868-wx8dl-4219780377, networkLocation: /default-rack, certSerialId: null}47aecc56-7e95-480d-b89c-2c00d33b4782{ip: 192.168.69.67, host: pr-hdds-1868-wx8dl-4219780377, networkLocation: /default-rack, certSerialId: null}, Type:RATIS, Factor:THREE, State:OPEN]. The last committed block length is 0, uncommitted data length is 2097152 retry count 0
2019-10-18 08:17:00,443 [pool-26-thread-2] ERROR impl.ChunkManagerImpl (ChunkManagerDummyImpl.java:writeChunk(86)) - data array does not match the length specified. DataLen: 1048576 Byte Array: 1048745
2019-10-18 08:17:00,445 [pool-26-thread-2] ERROR impl.ChunkManagerDummyImpl (ChunkManagerDummyImpl.java:writeChunk(105)) - write data failed. error: {}
org.apache.hadoop.hdds.scm.container.common.helpers.StorageContainerException: data array does not match the length specified. DataLen: 1048576 Byte Array: 1048745
	at org.apache.hadoop.ozone.container.keyvalue.impl.ChunkManagerDummyImpl.writeChunk(ChunkManagerDummyImpl.java:87)
	at org.apache.hadoop.ozone.container.keyvalue.KeyValueHandler.handleWriteChunk(KeyValueHandler.java:696)
	at org.apache.hadoop.ozone.container.keyvalue.KeyValueHandler.handle(KeyValueHandler.java:176)
	at org.apache.hadoop.ozone.container.common.impl.HddsDispatcher.dispatchRequest(HddsDispatcher.java:277)
	at org.apache.hadoop.ozone.container.common.impl.HddsDispatcher.dispatch(HddsDispatcher.java:150)
	at org.apache.hadoop.ozone.container.common.transport.server.ratis.ContainerStateMachine.dispatchCommand(ContainerStateMachine.java:415)
	at org.apache.hadoop.ozone.container.common.transport.server.ratis.ContainerStateMachine.runCommand(ContainerStateMachine.java:425)
	at org.apache.hadoop.ozone.container.common.transport.server.ratis.ContainerStateMachine.lambda$handleWriteChunk$1(ContainerStateMachine.java:460)
	at java.util.concurrent.CompletableFuture$AsyncSupply.run(CompletableFuture.java:1590)
	at java.util.concurrent.ThreadPoolExecutor.runWorker(ThreadPoolExecutor.java:1149)
	at java.util.concurrent.ThreadPoolExecutor$Worker.run(ThreadPoolExecutor.java:624)
	at java.lang.Thread.run(Thread.java:748)
2019-10-18 08:17:00,447 [pool-26-thread-2] INFO  keyvalue.KeyValueHandler (ContainerUtils.java:logAndReturnError(146)) - Operation: WriteChunk : Trace ID: 8a46b4734234ffe4:6176a930e5fcfd18:99c22f4b82e9bdcf:0 : Message: Internal error:  : Result: CONTAINER_INTERNAL_ERROR
2019-10-18 08:17:00,479 [EventQueue-IncrementalContainerReportForIncrementalContainerReportHandler] WARN  container.IncrementalContainerReportHandler (AbstractContainerReportHandler.java:updateContainerState(145)) - Container #4 is in OPEN state, but the datanode bc0382cc-50e2-4d58-b2de-e8b6250f3520{ip: 192.168.69.67, host: pr-hdds-1868-wx8dl-4219780377, networkLocation: /default-rack, certSerialId: null} reports an UNHEALTHY replica.
08:17:00.478 [pool-26-thread-2] ERROR DNAudit - user=null | ip=null | op=WRITE_CHUNK {blockData=conID: 4 locID: 102982393545883654 bcsId: 0} | ret=FAILURE
java.lang.Exception: Internal error: 
	at org.apache.hadoop.ozone.container.common.impl.HddsDispatcher.dispatchRequest(HddsDispatcher.java:332) ~[hadoop-hdds-container-service-0.5.0-SNAPSHOT.jar:?]
	at org.apache.hadoop.ozone.container.common.impl.HddsDispatcher.dispatch(HddsDispatcher.java:150) ~[hadoop-hdds-container-service-0.5.0-SNAPSHOT.jar:?]
	at org.apache.hadoop.ozone.container.common.transport.server.ratis.ContainerStateMachine.dispatchCommand(ContainerStateMachine.java:415) ~[hadoop-hdds-container-service-0.5.0-SNAPSHOT.jar:?]
	at org.apache.hadoop.ozone.container.common.transport.server.ratis.ContainerStateMachine.runCommand(ContainerStateMachine.java:425) ~[hadoop-hdds-container-service-0.5.0-SNAPSHOT.jar:?]
	at org.apache.hadoop.ozone.container.common.transport.server.ratis.ContainerStateMachine.lambda$handleWriteChunk$1(ContainerStateMachine.java:460) ~[hadoop-hdds-container-service-0.5.0-SNAPSHOT.jar:?]
	at java.util.concurrent.CompletableFuture$AsyncSupply.run(CompletableFuture.java:1590) [?:1.8.0_222]
	at java.util.concurrent.ThreadPoolExecutor.runWorker(ThreadPoolExecutor.java:1149) [?:1.8.0_222]
	at java.util.concurrent.ThreadPoolExecutor$Worker.run(ThreadPoolExecutor.java:624) [?:1.8.0_222]
	at java.lang.Thread.run(Thread.java:748) [?:1.8.0_222]
2019-10-18 08:17:00,480 [EventQueue-CloseContainerForCloseContainerEventHandler] INFO  container.CloseContainerEventHandler (CloseContainerEventHandler.java:onMessage(61)) - Close container Event triggered for container : #4
2019-10-18 08:17:00,481 [pool-26-thread-2] ERROR ratis.ContainerStateMachine (ContainerStateMachine.java:lambda$handleWriteChunk$2(482)) - group-6EFDA1954403: writeChunk writeStateMachineData failed: blockIdcontainerID: 4
localID: 102982393545883654
blockCommitSequenceId: 0
 logIndex 1 chunkName 102982393545883654_chunk_1 Error message: Internal error:  Container Result: CONTAINER_INTERNAL_ERROR
2019-10-18 08:17:00,482 [bc0382cc-50e2-4d58-b2de-e8b6250f3520@group-6EFDA1954403-SegmentedRaftLogWorker] ERROR ratis.XceiverServerRatis (XceiverServerRatis.java:triggerPipelineClose(588)) - pipeline Action CLOSE  on pipeline PipelineID=da955a73-775c-45ba-8243-6efda1954403.Reason : Internal error: 
2019-10-18 08:17:00,483 [EventQueue-PipelineActionsForPipelineActionHandler] ERROR pipeline.PipelineActionHandler (PipelineActionHandler.java:onMessage(60)) - Received pipeline action CLOSE for Pipeline[ Id: da955a73-775c-45ba-8243-6efda1954403, Nodes: bc0382cc-50e2-4d58-b2de-e8b6250f3520{ip: 192.168.69.67, host: pr-hdds-1868-wx8dl-4219780377, networkLocation: /default-rack, certSerialId: null}1bc296c6-def6-4ae4-8c62-5b4c951a28f1{ip: 192.168.69.67, host: pr-hdds-1868-wx8dl-4219780377, networkLocation: /default-rack, certSerialId: null}47aecc56-7e95-480d-b89c-2c00d33b4782{ip: 192.168.69.67, host: pr-hdds-1868-wx8dl-4219780377, networkLocation: /default-rack, certSerialId: null}, Type:RATIS, Factor:THREE, State:OPEN] from datanode bc0382cc-50e2-4d58-b2de-e8b6250f3520{ip: 192.168.69.67, host: pr-hdds-1868-wx8dl-4219780377, networkLocation: /default-rack, certSerialId: null}. Reason : Internal error: 
2019-10-18 08:17:00,484 [EventQueue-PipelineActionsForPipelineActionHandler] INFO  pipeline.SCMPipelineManager (SCMPipelineManager.java:finalizeAndDestroyPipeline(315)) - destroying pipeline:Pipeline[ Id: da955a73-775c-45ba-8243-6efda1954403, Nodes: bc0382cc-50e2-4d58-b2de-e8b6250f3520{ip: 192.168.69.67, host: pr-hdds-1868-wx8dl-4219780377, networkLocation: /default-rack, certSerialId: null}1bc296c6-def6-4ae4-8c62-5b4c951a28f1{ip: 192.168.69.67, host: pr-hdds-1868-wx8dl-4219780377, networkLocation: /default-rack, certSerialId: null}47aecc56-7e95-480d-b89c-2c00d33b4782{ip: 192.168.69.67, host: pr-hdds-1868-wx8dl-4219780377, networkLocation: /default-rack, certSerialId: null}, Type:RATIS, Factor:THREE, State:OPEN]
2019-10-18 08:17:00,484 [EventQueue-PipelineActionsForPipelineActionHandler] INFO  pipeline.PipelineStateManager (PipelineStateManager.java:finalizePipeline(121)) - Pipeline Pipeline[ Id: da955a73-775c-45ba-8243-6efda1954403, Nodes: bc0382cc-50e2-4d58-b2de-e8b6250f3520{ip: 192.168.69.67, host: pr-hdds-1868-wx8dl-4219780377, networkLocation: /default-rack, certSerialId: null}1bc296c6-def6-4ae4-8c62-5b4c951a28f1{ip: 192.168.69.67, host: pr-hdds-1868-wx8dl-4219780377, networkLocation: /default-rack, certSerialId: null}47aecc56-7e95-480d-b89c-2c00d33b4782{ip: 192.168.69.67, host: pr-hdds-1868-wx8dl-4219780377, networkLocation: /default-rack, certSerialId: null}, Type:RATIS, Factor:THREE, State:CLOSED] moved to CLOSED state
2019-10-18 08:17:00,492 [bc0382cc-50e2-4d58-b2de-e8b6250f3520@group-6EFDA1954403-SegmentedRaftLogWorker] ERROR ratis.XceiverServerRatis (XceiverServerRatis.java:triggerPipelineClose(588)) - pipeline Action CLOSE  on pipeline PipelineID=da955a73-775c-45ba-8243-6efda1954403.Reason : Log already failed at index 1 for task WriteLog:1: (t:3, i:1), STATEMACHINELOGENTRY, client-2066383D1653, cid=18
2019-10-18 08:17:00,494 [EventQueue-PipelineActionsForPipelineActionHandler] ERROR pipeline.PipelineActionHandler (PipelineActionHandler.java:onMessage(60)) - Received pipeline action CLOSE for Pipeline[ Id: da955a73-775c-45ba-8243-6efda1954403, Nodes: bc0382cc-50e2-4d58-b2de-e8b6250f3520{ip: 192.168.69.67, host: pr-hdds-1868-wx8dl-4219780377, networkLocation: /default-rack, certSerialId: null}1bc296c6-def6-4ae4-8c62-5b4c951a28f1{ip: 192.168.69.67, host: pr-hdds-1868-wx8dl-4219780377, networkLocation: /default-rack, certSerialId: null}47aecc56-7e95-480d-b89c-2c00d33b4782{ip: 192.168.69.67, host: pr-hdds-1868-wx8dl-4219780377, networkLocation: /default-rack, certSerialId: null}, Type:RATIS, Factor:THREE, State:CLOSED] from datanode bc0382cc-50e2-4d58-b2de-e8b6250f3520{ip: 192.168.69.67, host: pr-hdds-1868-wx8dl-4219780377, networkLocation: /default-rack, certSerialId: null}. Reason : Log already failed at index 1 for task WriteLog:1: (t:3, i:1), STATEMACHINELOGENTRY, client-2066383D1653, cid=18
2019-10-18 08:17:00,496 [EventQueue-PipelineActionsForPipelineActionHandler] INFO  pipeline.SCMPipelineManager (SCMPipelineManager.java:finalizeAndDestroyPipeline(315)) - destroying pipeline:Pipeline[ Id: da955a73-775c-45ba-8243-6efda1954403, Nodes: bc0382cc-50e2-4d58-b2de-e8b6250f3520{ip: 192.168.69.67, host: pr-hdds-1868-wx8dl-4219780377, networkLocation: /default-rack, certSerialId: null}1bc296c6-def6-4ae4-8c62-5b4c951a28f1{ip: 192.168.69.67, host: pr-hdds-1868-wx8dl-4219780377, networkLocation: /default-rack, certSerialId: null}47aecc56-7e95-480d-b89c-2c00d33b4782{ip: 192.168.69.67, host: pr-hdds-1868-wx8dl-4219780377, networkLocation: /default-rack, certSerialId: null}, Type:RATIS, Factor:THREE, State:CLOSED]
 0.00% |?                                                                                                    |  0/1 Time: 0:01:09 0.00% |?                                                                                                    |  0/1 Time: 0:01:10 0.00% |?                                                                                                    |  0/1 Time: 0:01:11 0.00% |?                                                                                                    |  0/1 Time: 0:01:12 0.00% |?                                                                                                    |  0/1 Time: 0:01:13 0.00% |?                                                                                                    |  0/1 Time: 0:01:14 0.00% |?                                                                                                    |  0/1 Time: 0:01:15 0.00% |?                                                                                                    |  0/1 Time: 0:01:16 0.00% |?                                                                                                    |  0/1 Time: 0:01:17 0.00% |?                                                                                                    |  0/1 Time: 0:01:18 0.00% |?                                                                                                    |  0/1 Time: 0:01:19 0.00% |?                                                                                                    |  0/1 Time: 0:01:20 0.00% |?                                                                                                    |  0/1 Time: 0:01:21 0.00% |?                                                                                                    |  0/1 Time: 0:01:22 0.00% |?                                                                                                    |  0/1 Time: 0:01:23 0.00% |?                                                                                                    |  0/1 Time: 0:01:24 0.00% |?                                                                                                    |  0/1 Time: 0:01:25 0.00% |?                                                                                                    |  0/1 Time: 0:01:26 0.00% |?                                                                                                    |  0/1 Time: 0:01:27 0.00% |?                                                                                                    |  0/1 Time: 0:01:28 0.00% |?                                                                                                    |  0/1 Time: 0:01:29 0.00% |?                                                                                                    |  0/1 Time: 0:01:30 0.00% |?                                                                                                    |  0/1 Time: 0:01:31 0.00% |?                                                                                                    |  0/1 Time: 0:01:32 0.00% |?                                                                                                    |  0/1 Time: 0:01:33 0.00% |?                                                                                                    |  0/1 Time: 0:01:34 0.00% |?                                                                                                    |  0/1 Time: 0:01:35 0.00% |?                                                                                                    |  0/1 Time: 0:01:36 0.00% |?                                                                                                    |  0/1 Time: 0:01:37 0.00% |?                                                                                                    |  0/1 Time: 0:01:38 0.00% |?                                                                                                    |  0/1 Time: 0:01:39 0.00% |?                                                                                                    |  0/1 Time: 0:01:40 0.00% |?                                                                                                    |  0/1 Time: 0:01:41 0.00% |?                                                                                                    |  0/1 Time: 0:01:42 0.00% |?                                                                                                    |  0/1 Time: 0:01:43 0.00% |?                                                                                                    |  0/1 Time: 0:01:44 0.00% |?                                                                                                    |  0/1 Time: 0:01:45 0.00% |?                                                                                                    |  0/1 Time: 0:01:46 0.00% |?                                                                                                    |  0/1 Time: 0:01:47 0.00% |?                                                                                                    |  0/1 Time: 0:01:48 0.00% |?                                                                                                    |  0/1 Time: 0:01:49 0.00% |?                                                                                                    |  0/1 Time: 0:01:50 0.00% |?                                                                                                    |  0/1 Time: 0:01:51 0.00% |?                                                                                                    |  0/1 Time: 0:01:52 0.00% |?                                                                                                    |  0/1 Time: 0:01:53 0.00% |?                                                                                                    |  0/1 Time: 0:01:54 0.00% |?                                                                                                    |  0/1 Time: 0:01:55 0.00% |?                                                                                                    |  0/1 Time: 0:01:56 0.00% |?                                                                                                    |  0/1 Time: 0:01:57 0.00% |?                                                                                                    |  0/1 Time: 0:01:582019-10-18 08:17:50,233 [grpc-default-executor-5] INFO  impl.RaftServerProxy (RaftServerProxy.java:addNew(89)) - 47aecc56-7e95-480d-b89c-2c00d33b4782: addNew group-40BE17638FC6:[47aecc56-7e95-480d-b89c-2c00d33b4782:192.168.69.67:34550, 1bc296c6-def6-4ae4-8c62-5b4c951a28f1:192.168.69.67:37222, bc0382cc-50e2-4d58-b2de-e8b6250f3520:192.168.69.67:37666] returns group-40BE17638FC6:java.util.concurrent.CompletableFuture@37681dbf[Not completed]
2019-10-18 08:17:50,233 [grpc-default-executor-2] INFO  impl.RaftServerProxy (RaftServerProxy.java:addNew(89)) - bc0382cc-50e2-4d58-b2de-e8b6250f3520: addNew group-40BE17638FC6:[47aecc56-7e95-480d-b89c-2c00d33b4782:192.168.69.67:34550, 1bc296c6-def6-4ae4-8c62-5b4c951a28f1:192.168.69.67:37222, bc0382cc-50e2-4d58-b2de-e8b6250f3520:192.168.69.67:37666] returns group-40BE17638FC6:java.util.concurrent.CompletableFuture@168ba6e5[Not completed]
2019-10-18 08:17:50,233 [grpc-default-executor-3] INFO  impl.RaftServerProxy (RaftServerProxy.java:addNew(89)) - 1bc296c6-def6-4ae4-8c62-5b4c951a28f1: addNew group-40BE17638FC6:[47aecc56-7e95-480d-b89c-2c00d33b4782:192.168.69.67:34550, 1bc296c6-def6-4ae4-8c62-5b4c951a28f1:192.168.69.67:37222, bc0382cc-50e2-4d58-b2de-e8b6250f3520:192.168.69.67:37666] returns group-40BE17638FC6:java.util.concurrent.CompletableFuture@66b60a51[Not completed]
2019-10-18 08:17:50,240 [pool-47-thread-1] INFO  impl.RaftServerImpl (RaftServerImpl.java:<init>(104)) - 1bc296c6-def6-4ae4-8c62-5b4c951a28f1: new RaftServerImpl for group-40BE17638FC6:[47aecc56-7e95-480d-b89c-2c00d33b4782:192.168.69.67:34550, 1bc296c6-def6-4ae4-8c62-5b4c951a28f1:192.168.69.67:37222, bc0382cc-50e2-4d58-b2de-e8b6250f3520:192.168.69.67:37666] with ContainerStateMachine:uninitialized
2019-10-18 08:17:50,240 [pool-47-thread-1] INFO  server.RaftServerConfigKeys (ConfUtils.java:logGet(43)) - raft.server.rpc.timeout.min = 5s (custom)
2019-10-18 08:17:50,241 [pool-47-thread-1] INFO  server.RaftServerConfigKeys (ConfUtils.java:logGet(43)) - raft.server.rpc.timeout.max = 5200ms (custom)
2019-10-18 08:17:50,241 [pool-47-thread-1] INFO  server.RaftServerConfigKeys (ConfUtils.java:logGet(43)) - raft.server.rpcslowness.timeout = 120s (custom)
2019-10-18 08:17:50,241 [pool-47-thread-1] INFO  server.RaftServerConfigKeys (ConfUtils.java:logGet(43)) - raft.server.sleep.deviation.threshold = 300 (default)
2019-10-18 08:17:50,241 [pool-47-thread-1] INFO  server.RaftServerConfigKeys (ConfUtils.java:logGet(43)) - raft.server.log.appender.install.snapshot.enabled = false (custom)
2019-10-18 08:17:50,241 [pool-47-thread-1] INFO  impl.RaftServerImpl (ServerState.java:<init>(103)) - 1bc296c6-def6-4ae4-8c62-5b4c951a28f1@group-40BE17638FC6: ConfigurationManager, init=-1: [47aecc56-7e95-480d-b89c-2c00d33b4782:192.168.69.67:34550, 1bc296c6-def6-4ae4-8c62-5b4c951a28f1:192.168.69.67:37222, bc0382cc-50e2-4d58-b2de-e8b6250f3520:192.168.69.67:37666], old=null, confs=<EMPTY_MAP>
2019-10-18 08:17:50,242 [pool-47-thread-1] INFO  server.RaftServerConfigKeys (ConfUtils.java:logGet(43)) - raft.server.storage.dir = [/workdir/hadoop-ozone/tools/target/test-dir/MiniOzoneClusterImpl-18708a0d-f212-4186-ae1d-4e11efd0a0ea/datanode-2/data/ratis] (custom)
2019-10-18 08:17:50,242 [pool-27-thread-1] INFO  impl.RaftServerImpl (RaftServerImpl.java:<init>(104)) - bc0382cc-50e2-4d58-b2de-e8b6250f3520: new RaftServerImpl for group-40BE17638FC6:[47aecc56-7e95-480d-b89c-2c00d33b4782:192.168.69.67:34550, 1bc296c6-def6-4ae4-8c62-5b4c951a28f1:192.168.69.67:37222, bc0382cc-50e2-4d58-b2de-e8b6250f3520:192.168.69.67:37666] with ContainerStateMachine:uninitialized
2019-10-18 08:17:50,242 [pool-27-thread-1] INFO  server.RaftServerConfigKeys (ConfUtils.java:logGet(43)) - raft.server.rpc.timeout.min = 5s (custom)
2019-10-18 08:17:50,242 [pool-47-thread-1] INFO  server.RaftServerConfigKeys (ConfUtils.java:logGet(43)) - raft.server.log.corruption.policy = EXCEPTION (default)
2019-10-18 08:17:50,242 [pool-27-thread-1] INFO  server.RaftServerConfigKeys (ConfUtils.java:logGet(43)) - raft.server.rpc.timeout.max = 5200ms (custom)
2019-10-18 08:17:50,243 [pool-47-thread-1] INFO  storage.RaftStorageDirectory (RaftStorageDirectory.java:analyzeStorage(246)) - The storage directory /workdir/hadoop-ozone/tools/target/test-dir/MiniOzoneClusterImpl-18708a0d-f212-4186-ae1d-4e11efd0a0ea/datanode-2/data/ratis/75b66265-9a25-49f8-bb8b-40be17638fc6 does not exist. Creating ...
2019-10-18 08:17:50,243 [pool-27-thread-1] INFO  server.RaftServerConfigKeys (ConfUtils.java:logGet(43)) - raft.server.rpcslowness.timeout = 120s (custom)
2019-10-18 08:17:50,243 [pool-37-thread-1] INFO  impl.RaftServerImpl (RaftServerImpl.java:<init>(104)) - 47aecc56-7e95-480d-b89c-2c00d33b4782: new RaftServerImpl for group-40BE17638FC6:[47aecc56-7e95-480d-b89c-2c00d33b4782:192.168.69.67:34550, 1bc296c6-def6-4ae4-8c62-5b4c951a28f1:192.168.69.67:37222, bc0382cc-50e2-4d58-b2de-e8b6250f3520:192.168.69.67:37666] with ContainerStateMachine:uninitialized
2019-10-18 08:17:50,243 [pool-27-thread-1] INFO  server.RaftServerConfigKeys (ConfUtils.java:logGet(43)) - raft.server.sleep.deviation.threshold = 300 (default)
2019-10-18 08:17:50,243 [pool-37-thread-1] INFO  server.RaftServerConfigKeys (ConfUtils.java:logGet(43)) - raft.server.rpc.timeout.min = 5s (custom)
2019-10-18 08:17:50,243 [pool-27-thread-1] INFO  server.RaftServerConfigKeys (ConfUtils.java:logGet(43)) - raft.server.log.appender.install.snapshot.enabled = false (custom)
2019-10-18 08:17:50,244 [pool-37-thread-1] INFO  server.RaftServerConfigKeys (ConfUtils.java:logGet(43)) - raft.server.rpc.timeout.max = 5200ms (custom)
2019-10-18 08:17:50,244 [pool-27-thread-1] INFO  impl.RaftServerImpl (ServerState.java:<init>(103)) - bc0382cc-50e2-4d58-b2de-e8b6250f3520@group-40BE17638FC6: ConfigurationManager, init=-1: [47aecc56-7e95-480d-b89c-2c00d33b4782:192.168.69.67:34550, 1bc296c6-def6-4ae4-8c62-5b4c951a28f1:192.168.69.67:37222, bc0382cc-50e2-4d58-b2de-e8b6250f3520:192.168.69.67:37666], old=null, confs=<EMPTY_MAP>
2019-10-18 08:17:50,244 [pool-37-thread-1] INFO  server.RaftServerConfigKeys (ConfUtils.java:logGet(43)) - raft.server.rpcslowness.timeout = 120s (custom)
2019-10-18 08:17:50,244 [pool-27-thread-1] INFO  server.RaftServerConfigKeys (ConfUtils.java:logGet(43)) - raft.server.storage.dir = [/workdir/hadoop-ozone/tools/target/test-dir/MiniOzoneClusterImpl-18708a0d-f212-4186-ae1d-4e11efd0a0ea/datanode-0/data/ratis] (custom)
2019-10-18 08:17:50,244 [pool-37-thread-1] INFO  server.RaftServerConfigKeys (ConfUtils.java:logGet(43)) - raft.server.sleep.deviation.threshold = 300 (default)
2019-10-18 08:17:50,244 [pool-37-thread-1] INFO  server.RaftServerConfigKeys (ConfUtils.java:logGet(43)) - raft.server.log.appender.install.snapshot.enabled = false (custom)
2019-10-18 08:17:50,244 [pool-27-thread-1] INFO  server.RaftServerConfigKeys (ConfUtils.java:logGet(43)) - raft.server.log.corruption.policy = EXCEPTION (default)
2019-10-18 08:17:50,244 [pool-37-thread-1] INFO  impl.RaftServerImpl (ServerState.java:<init>(103)) - 47aecc56-7e95-480d-b89c-2c00d33b4782@group-40BE17638FC6: ConfigurationManager, init=-1: [47aecc56-7e95-480d-b89c-2c00d33b4782:192.168.69.67:34550, 1bc296c6-def6-4ae4-8c62-5b4c951a28f1:192.168.69.67:37222, bc0382cc-50e2-4d58-b2de-e8b6250f3520:192.168.69.67:37666], old=null, confs=<EMPTY_MAP>
2019-10-18 08:17:50,245 [pool-27-thread-1] INFO  storage.RaftStorageDirectory (RaftStorageDirectory.java:analyzeStorage(246)) - The storage directory /workdir/hadoop-ozone/tools/target/test-dir/MiniOzoneClusterImpl-18708a0d-f212-4186-ae1d-4e11efd0a0ea/datanode-0/data/ratis/75b66265-9a25-49f8-bb8b-40be17638fc6 does not exist. Creating ...
2019-10-18 08:17:50,245 [pool-37-thread-1] INFO  server.RaftServerConfigKeys (ConfUtils.java:logGet(43)) - raft.server.storage.dir = [/workdir/hadoop-ozone/tools/target/test-dir/MiniOzoneClusterImpl-18708a0d-f212-4186-ae1d-4e11efd0a0ea/datanode-1/data/ratis] (custom)
2019-10-18 08:17:50,245 [pool-37-thread-1] INFO  server.RaftServerConfigKeys (ConfUtils.java:logGet(43)) - raft.server.log.corruption.policy = EXCEPTION (default)
2019-10-18 08:17:50,245 [pool-37-thread-1] INFO  storage.RaftStorageDirectory (RaftStorageDirectory.java:analyzeStorage(246)) - The storage directory /workdir/hadoop-ozone/tools/target/test-dir/MiniOzoneClusterImpl-18708a0d-f212-4186-ae1d-4e11efd0a0ea/datanode-1/data/ratis/75b66265-9a25-49f8-bb8b-40be17638fc6 does not exist. Creating ...
2019-10-18 08:17:50,269 [pool-47-thread-1] INFO  storage.RaftStorageDirectory (RaftStorageDirectory.java:tryLock(328)) - Lock on /workdir/hadoop-ozone/tools/target/test-dir/MiniOzoneClusterImpl-18708a0d-f212-4186-ae1d-4e11efd0a0ea/datanode-2/data/ratis/75b66265-9a25-49f8-bb8b-40be17638fc6/in_use.lock acquired by nodename 17171@pr-hdds-1868-wx8dl-4219780377
2019-10-18 08:17:50,269 [pool-27-thread-1] INFO  storage.RaftStorageDirectory (RaftStorageDirectory.java:tryLock(328)) - Lock on /workdir/hadoop-ozone/tools/target/test-dir/MiniOzoneClusterImpl-18708a0d-f212-4186-ae1d-4e11efd0a0ea/datanode-0/data/ratis/75b66265-9a25-49f8-bb8b-40be17638fc6/in_use.lock acquired by nodename 17171@pr-hdds-1868-wx8dl-4219780377
2019-10-18 08:17:50,269 [pool-37-thread-1] INFO  storage.RaftStorageDirectory (RaftStorageDirectory.java:tryLock(328)) - Lock on /workdir/hadoop-ozone/tools/target/test-dir/MiniOzoneClusterImpl-18708a0d-f212-4186-ae1d-4e11efd0a0ea/datanode-1/data/ratis/75b66265-9a25-49f8-bb8b-40be17638fc6/in_use.lock acquired by nodename 17171@pr-hdds-1868-wx8dl-4219780377
2019-10-18 08:17:50,294 [pool-47-thread-1] INFO  storage.RaftStorage (RaftStorage.java:format(84)) - Storage directory /workdir/hadoop-ozone/tools/target/test-dir/MiniOzoneClusterImpl-18708a0d-f212-4186-ae1d-4e11efd0a0ea/datanode-2/data/ratis/75b66265-9a25-49f8-bb8b-40be17638fc6 has been successfully formatted.
2019-10-18 08:17:50,294 [pool-27-thread-1] INFO  storage.RaftStorage (RaftStorage.java:format(84)) - Storage directory /workdir/hadoop-ozone/tools/target/test-dir/MiniOzoneClusterImpl-18708a0d-f212-4186-ae1d-4e11efd0a0ea/datanode-0/data/ratis/75b66265-9a25-49f8-bb8b-40be17638fc6 has been successfully formatted.
2019-10-18 08:17:50,294 [pool-37-thread-1] INFO  storage.RaftStorage (RaftStorage.java:format(84)) - Storage directory /workdir/hadoop-ozone/tools/target/test-dir/MiniOzoneClusterImpl-18708a0d-f212-4186-ae1d-4e11efd0a0ea/datanode-1/data/ratis/75b66265-9a25-49f8-bb8b-40be17638fc6 has been successfully formatted.
2019-10-18 08:17:50,295 [pool-47-thread-1] INFO  ratis.ContainerStateMachine (ContainerStateMachine.java:loadSnapshot(233)) - group-40BE17638FC6: The snapshot info is null. Setting the last applied indexto:(t:0, i:~)
2019-10-18 08:17:50,295 [pool-27-thread-1] INFO  ratis.ContainerStateMachine (ContainerStateMachine.java:loadSnapshot(233)) - group-40BE17638FC6: The snapshot info is null. Setting the last applied indexto:(t:0, i:~)
2019-10-18 08:17:50,295 [pool-47-thread-1] INFO  server.RaftServerConfigKeys (ConfUtils.java:logGet(43)) - raft.server.notification.no-leader.timeout = 120s (custom)
2019-10-18 08:17:50,295 [pool-37-thread-1] INFO  ratis.ContainerStateMachine (ContainerStateMachine.java:loadSnapshot(233)) - group-40BE17638FC6: The snapshot info is null. Setting the last applied indexto:(t:0, i:~)
2019-10-18 08:17:50,295 [pool-47-thread-1] INFO  server.RaftServerConfigKeys (ConfUtils.java:logGet(43)) - raft.server.log.use.memory = false (default)
2019-10-18 08:17:50,295 [pool-27-thread-1] INFO  server.RaftServerConfigKeys (ConfUtils.java:logGet(43)) - raft.server.notification.no-leader.timeout = 120s (custom)
2019-10-18 08:17:50,296 [pool-47-thread-1] INFO  server.RaftServerConfigKeys (ConfUtils.java:logGet(43)) - raft.server.log.purge.gap = 1000000 (custom)
2019-10-18 08:17:50,295 [pool-37-thread-1] INFO  server.RaftServerConfigKeys (ConfUtils.java:logGet(43)) - raft.server.notification.no-leader.timeout = 120s (custom)
2019-10-18 08:17:50,296 [pool-47-thread-1] INFO  server.RaftServerConfigKeys (ConfUtils.java:logGet(43)) - raft.server.log.appender.buffer.byte-limit = 33554432 (custom)
2019-10-18 08:17:50,296 [pool-27-thread-1] INFO  server.RaftServerConfigKeys (ConfUtils.java:logGet(43)) - raft.server.log.use.memory = false (default)
2019-10-18 08:17:50,296 [pool-47-thread-1] INFO  server.RaftServerConfigKeys (ConfUtils.java:logGet(43)) - raft.server.log.segment.size.max = 1048576 (custom)
2019-10-18 08:17:50,296 [pool-37-thread-1] INFO  server.RaftServerConfigKeys (ConfUtils.java:logGet(43)) - raft.server.log.use.memory = false (default)
2019-10-18 08:17:50,296 [pool-27-thread-1] INFO  server.RaftServerConfigKeys (ConfUtils.java:logGet(43)) - raft.server.log.purge.gap = 1000000 (custom)
2019-10-18 08:17:50,297 [pool-37-thread-1] INFO  server.RaftServerConfigKeys (ConfUtils.java:logGet(43)) - raft.server.log.purge.gap = 1000000 (custom)
2019-10-18 08:17:50,296 [pool-47-thread-1] INFO  server.RaftServerConfigKeys (ConfUtils.java:logGet(43)) - raft.server.log.segment.cache.num.max = 2 (custom)
2019-10-18 08:17:50,297 [pool-37-thread-1] INFO  server.RaftServerConfigKeys (ConfUtils.java:logGet(43)) - raft.server.log.appender.buffer.byte-limit = 33554432 (custom)
2019-10-18 08:17:50,297 [pool-27-thread-1] INFO  server.RaftServerConfigKeys (ConfUtils.java:logGet(43)) - raft.server.log.appender.buffer.byte-limit = 33554432 (custom)
2019-10-18 08:17:50,297 [pool-37-thread-1] INFO  server.RaftServerConfigKeys (ConfUtils.java:logGet(43)) - raft.server.log.segment.size.max = 1048576 (custom)
2019-10-18 08:17:50,297 [pool-47-thread-1] INFO  segmented.SegmentedRaftLogWorker (SegmentedRaftLogWorker.java:<init>(173)) - new 1bc296c6-def6-4ae4-8c62-5b4c951a28f1@group-40BE17638FC6-SegmentedRaftLogWorker for RaftStorage:Storage Directory /workdir/hadoop-ozone/tools/target/test-dir/MiniOzoneClusterImpl-18708a0d-f212-4186-ae1d-4e11efd0a0ea/datanode-2/data/ratis/75b66265-9a25-49f8-bb8b-40be17638fc6
2019-10-18 08:17:50,297 [pool-37-thread-1] INFO  server.RaftServerConfigKeys (ConfUtils.java:logGet(43)) - raft.server.log.segment.cache.num.max = 2 (custom)
2019-10-18 08:17:50,297 [pool-27-thread-1] INFO  server.RaftServerConfigKeys (ConfUtils.java:logGet(43)) - raft.server.log.segment.size.max = 1048576 (custom)
2019-10-18 08:17:50,298 [pool-37-thread-1] INFO  segmented.SegmentedRaftLogWorker (SegmentedRaftLogWorker.java:<init>(173)) - new 47aecc56-7e95-480d-b89c-2c00d33b4782@group-40BE17638FC6-SegmentedRaftLogWorker for RaftStorage:Storage Directory /workdir/hadoop-ozone/tools/target/test-dir/MiniOzoneClusterImpl-18708a0d-f212-4186-ae1d-4e11efd0a0ea/datanode-1/data/ratis/75b66265-9a25-49f8-bb8b-40be17638fc6
2019-10-18 08:17:50,297 [pool-47-thread-1] INFO  server.RaftServerConfigKeys (ConfUtils.java:logGet(43)) - raft.server.log.queue.byte-limit = 2147483647 (custom)
2019-10-18 08:17:50,298 [pool-37-thread-1] INFO  server.RaftServerConfigKeys (ConfUtils.java:logGet(43)) - raft.server.log.queue.byte-limit = 2147483647 (custom)
2019-10-18 08:17:50,298 [pool-27-thread-1] INFO  server.RaftServerConfigKeys (ConfUtils.java:logGet(43)) - raft.server.log.segment.cache.num.max = 2 (custom)
2019-10-18 08:17:50,298 [pool-37-thread-1] INFO  server.RaftServerConfigKeys (ConfUtils.java:logGet(43)) - raft.server.log.queue.element-limit = 1024 (custom)
2019-10-18 08:17:50,298 [pool-47-thread-1] INFO  server.RaftServerConfigKeys (ConfUtils.java:logGet(43)) - raft.server.log.queue.element-limit = 1024 (custom)
2019-10-18 08:17:50,298 [pool-37-thread-1] INFO  server.RaftServerConfigKeys (ConfUtils.java:logGet(43)) - raft.server.log.segment.size.max = 1048576 (custom)
2019-10-18 08:17:50,298 [pool-27-thread-1] INFO  segmented.SegmentedRaftLogWorker (SegmentedRaftLogWorker.java:<init>(173)) - new bc0382cc-50e2-4d58-b2de-e8b6250f3520@group-40BE17638FC6-SegmentedRaftLogWorker for RaftStorage:Storage Directory /workdir/hadoop-ozone/tools/target/test-dir/MiniOzoneClusterImpl-18708a0d-f212-4186-ae1d-4e11efd0a0ea/datanode-0/data/ratis/75b66265-9a25-49f8-bb8b-40be17638fc6
2019-10-18 08:17:50,299 [pool-37-thread-1] INFO  server.RaftServerConfigKeys (ConfUtils.java:logGet(43)) - raft.server.log.preallocated.size = 16384 (custom)
2019-10-18 08:17:50,298 [pool-47-thread-1] INFO  server.RaftServerConfigKeys (ConfUtils.java:logGet(43)) - raft.server.log.segment.size.max = 1048576 (custom)
2019-10-18 08:17:50,299 [pool-37-thread-1] INFO  server.RaftServerConfigKeys (ConfUtils.java:logGet(43)) - raft.server.log.write.buffer.size = 33554432 (custom)
2019-10-18 08:17:50,299 [pool-27-thread-1] INFO  server.RaftServerConfigKeys (ConfUtils.java:logGet(43)) - raft.server.log.queue.byte-limit = 2147483647 (custom)
2019-10-18 08:17:50,299 [pool-37-thread-1] INFO  server.RaftServerConfigKeys (ConfUtils.java:logGet(43)) - raft.server.log.force.sync.num = 128 (default)
2019-10-18 08:17:50,299 [pool-47-thread-1] INFO  server.RaftServerConfigKeys (ConfUtils.java:logGet(43)) - raft.server.log.preallocated.size = 16384 (custom)
2019-10-18 08:17:50,300 [pool-37-thread-1] INFO  server.RaftServerConfigKeys (ConfUtils.java:logGet(43)) - raft.server.log.statemachine.data.sync = true (default)
2019-10-18 08:17:50,299 [pool-27-thread-1] INFO  server.RaftServerConfigKeys (ConfUtils.java:logGet(43)) - raft.server.log.queue.element-limit = 1024 (custom)
2019-10-18 08:17:50,300 [pool-37-thread-1] INFO  server.RaftServerConfigKeys (ConfUtils.java:logGet(43)) - raft.server.log.statemachine.data.sync.timeout = 10s (default)
2019-10-18 08:17:50,300 [pool-47-thread-1] INFO  server.RaftServerConfigKeys (ConfUtils.java:logGet(43)) - raft.server.log.write.buffer.size = 33554432 (custom)
2019-10-18 08:17:50,300 [pool-37-thread-1] INFO  server.RaftServerConfigKeys (ConfUtils.java:logGet(43)) - raft.server.log.statemachine.data.sync.timeout.retry = -1 (default)
2019-10-18 08:17:50,300 [pool-27-thread-1] INFO  server.RaftServerConfigKeys (ConfUtils.java:logGet(43)) - raft.server.log.segment.size.max = 1048576 (custom)
2019-10-18 08:17:50,300 [pool-37-thread-1] INFO  server.RaftServerConfigKeys (ConfUtils.java:logGet(43)) - raft.server.log.statemachine.data.caching.enabled = true (custom)
2019-10-18 08:17:50,300 [pool-47-thread-1] INFO  server.RaftServerConfigKeys (ConfUtils.java:logGet(43)) - raft.server.log.force.sync.num = 128 (default)
2019-10-18 08:17:50,300 [pool-27-thread-1] INFO  server.RaftServerConfigKeys (ConfUtils.java:logGet(43)) - raft.server.log.preallocated.size = 16384 (custom)
2019-10-18 08:17:50,301 [pool-47-thread-1] INFO  server.RaftServerConfigKeys (ConfUtils.java:logGet(43)) - raft.server.log.statemachine.data.sync = true (default)
2019-10-18 08:17:50,301 [pool-27-thread-1] INFO  server.RaftServerConfigKeys (ConfUtils.java:logGet(43)) - raft.server.log.write.buffer.size = 33554432 (custom)
2019-10-18 08:17:50,301 [pool-37-thread-1] INFO  segmented.SegmentedRaftLogWorker (SegmentedRaftLogWorker.java:lambda$new$0(128)) - 47aecc56-7e95-480d-b89c-2c00d33b4782@group-40BE17638FC6-SegmentedRaftLogWorker: flushIndex: setUnconditionally 0 -> -1
2019-10-18 08:17:50,301 [pool-27-thread-1] INFO  server.RaftServerConfigKeys (ConfUtils.java:logGet(43)) - raft.server.log.force.sync.num = 128 (default)
2019-10-18 08:17:50,301 [pool-47-thread-1] INFO  server.RaftServerConfigKeys (ConfUtils.java:logGet(43)) - raft.server.log.statemachine.data.sync.timeout = 10s (default)
2019-10-18 08:17:50,301 [pool-27-thread-1] INFO  server.RaftServerConfigKeys (ConfUtils.java:logGet(43)) - raft.server.log.statemachine.data.sync = true (default)
2019-10-18 08:17:50,302 [pool-37-thread-1] INFO  server.RaftServerConfigKeys (ConfUtils.java:logGet(43)) - raft.server.snapshot.auto.trigger.enabled = true (custom)
2019-10-18 08:17:50,301 [pool-47-thread-1] INFO  server.RaftServerConfigKeys (ConfUtils.java:logGet(43)) - raft.server.log.statemachine.data.sync.timeout.retry = -1 (default)
2019-10-18 08:17:50,302 [pool-37-thread-1] INFO  server.RaftServerConfigKeys (ConfUtils.java:logGet(43)) - raft.server.snapshot.auto.trigger.threshold = 10000 (custom)
2019-10-18 08:17:50,302 [pool-27-thread-1] INFO  server.RaftServerConfigKeys (ConfUtils.java:logGet(43)) - raft.server.log.statemachine.data.sync.timeout = 10s (default)
2019-10-18 08:17:50,302 [pool-37-thread-1] INFO  server.RaftServerConfigKeys (ConfUtils.java:logGet(43)) - raft.server.snapshot.retention.file.num = 5 (custom)
2019-10-18 08:17:50,302 [pool-47-thread-1] INFO  server.RaftServerConfigKeys (ConfUtils.java:logGet(43)) - raft.server.log.statemachine.data.caching.enabled = true (custom)
2019-10-18 08:17:50,302 [pool-37-thread-1] INFO  server.RaftServerConfigKeys (ConfUtils.java:logGet(43)) - raft.server.retrycache.expirytime = 600000ms (custom)
2019-10-18 08:17:50,302 [pool-27-thread-1] INFO  server.RaftServerConfigKeys (ConfUtils.java:logGet(43)) - raft.server.log.statemachine.data.sync.timeout.retry = -1 (default)
2019-10-18 08:17:50,303 [pool-47-thread-1] INFO  segmented.SegmentedRaftLogWorker (SegmentedRaftLogWorker.java:lambda$new$0(128)) - 1bc296c6-def6-4ae4-8c62-5b4c951a28f1@group-40BE17638FC6-SegmentedRaftLogWorker: flushIndex: setUnconditionally 0 -> -1
2019-10-18 08:17:50,303 [pool-27-thread-1] INFO  server.RaftServerConfigKeys (ConfUtils.java:logGet(43)) - raft.server.log.statemachine.data.caching.enabled = true (custom)
2019-10-18 08:17:50,303 [pool-47-thread-1] INFO  server.RaftServerConfigKeys (ConfUtils.java:logGet(43)) - raft.server.snapshot.auto.trigger.enabled = true (custom)
2019-10-18 08:17:50,303 [pool-47-thread-1] INFO  server.RaftServerConfigKeys (ConfUtils.java:logGet(43)) - raft.server.snapshot.auto.trigger.threshold = 10000 (custom)
2019-10-18 08:17:50,303 [pool-27-thread-1] INFO  segmented.SegmentedRaftLogWorker (SegmentedRaftLogWorker.java:lambda$new$0(128)) - bc0382cc-50e2-4d58-b2de-e8b6250f3520@group-40BE17638FC6-SegmentedRaftLogWorker: flushIndex: setUnconditionally 0 -> -1
2019-10-18 08:17:50,303 [pool-47-thread-1] INFO  server.RaftServerConfigKeys (ConfUtils.java:logGet(43)) - raft.server.snapshot.retention.file.num = 5 (custom)
2019-10-18 08:17:50,304 [pool-27-thread-1] INFO  server.RaftServerConfigKeys (ConfUtils.java:logGet(43)) - raft.server.snapshot.auto.trigger.enabled = true (custom)
2019-10-18 08:17:50,304 [pool-47-thread-1] INFO  server.RaftServerConfigKeys (ConfUtils.java:logGet(43)) - raft.server.retrycache.expirytime = 600000ms (custom)
2019-10-18 08:17:50,304 [pool-27-thread-1] INFO  server.RaftServerConfigKeys (ConfUtils.java:logGet(43)) - raft.server.snapshot.auto.trigger.threshold = 10000 (custom)
2019-10-18 08:17:50,304 [pool-27-thread-1] INFO  server.RaftServerConfigKeys (ConfUtils.java:logGet(43)) - raft.server.snapshot.retention.file.num = 5 (custom)
2019-10-18 08:17:50,304 [pool-27-thread-1] INFO  server.RaftServerConfigKeys (ConfUtils.java:logGet(43)) - raft.server.retrycache.expirytime = 600000ms (custom)
2019-10-18 08:17:50,307 [pool-37-thread-1] INFO  impl.RaftServerImpl (RaftServerImpl.java:start(195)) - 47aecc56-7e95-480d-b89c-2c00d33b4782@group-40BE17638FC6: start as a follower, conf=-1: [47aecc56-7e95-480d-b89c-2c00d33b4782:192.168.69.67:34550, 1bc296c6-def6-4ae4-8c62-5b4c951a28f1:192.168.69.67:37222, bc0382cc-50e2-4d58-b2de-e8b6250f3520:192.168.69.67:37666], old=null
2019-10-18 08:17:50,308 [pool-37-thread-1] INFO  impl.RaftServerImpl (RaftServerImpl.java:setRole(184)) - 47aecc56-7e95-480d-b89c-2c00d33b4782@group-40BE17638FC6: changes role from      null to FOLLOWER at term 0 for startAsFollower
2019-10-18 08:17:50,308 [pool-37-thread-1] INFO  impl.RoleInfo (RoleInfo.java:updateAndGet(143)) - 47aecc56-7e95-480d-b89c-2c00d33b4782: start FollowerState
2019-10-18 08:17:50,308 [pool-47-thread-1] INFO  impl.RaftServerImpl (RaftServerImpl.java:start(195)) - 1bc296c6-def6-4ae4-8c62-5b4c951a28f1@group-40BE17638FC6: start as a follower, conf=-1: [47aecc56-7e95-480d-b89c-2c00d33b4782:192.168.69.67:34550, 1bc296c6-def6-4ae4-8c62-5b4c951a28f1:192.168.69.67:37222, bc0382cc-50e2-4d58-b2de-e8b6250f3520:192.168.69.67:37666], old=null
2019-10-18 08:17:50,308 [pool-37-thread-1] INFO  util.JmxRegister (JmxRegister.java:tryRegister(44)) - Successfully registered JMX Bean with object name Ratis:service=RaftServer,group=group-40BE17638FC6,id=47aecc56-7e95-480d-b89c-2c00d33b4782
2019-10-18 08:17:50,309 [pool-47-thread-1] INFO  impl.RaftServerImpl (RaftServerImpl.java:setRole(184)) - 1bc296c6-def6-4ae4-8c62-5b4c951a28f1@group-40BE17638FC6: changes role from      null to FOLLOWER at term 0 for startAsFollower
2019-10-18 08:17:50,309 [pool-27-thread-1] INFO  impl.RaftServerImpl (RaftServerImpl.java:start(195)) - bc0382cc-50e2-4d58-b2de-e8b6250f3520@group-40BE17638FC6: start as a follower, conf=-1: [47aecc56-7e95-480d-b89c-2c00d33b4782:192.168.69.67:34550, 1bc296c6-def6-4ae4-8c62-5b4c951a28f1:192.168.69.67:37222, bc0382cc-50e2-4d58-b2de-e8b6250f3520:192.168.69.67:37666], old=null
2019-10-18 08:17:50,309 [pool-47-thread-1] INFO  impl.RoleInfo (RoleInfo.java:updateAndGet(143)) - 1bc296c6-def6-4ae4-8c62-5b4c951a28f1: start FollowerState
2019-10-18 08:17:50,309 [pool-27-thread-1] INFO  impl.RaftServerImpl (RaftServerImpl.java:setRole(184)) - bc0382cc-50e2-4d58-b2de-e8b6250f3520@group-40BE17638FC6: changes role from      null to FOLLOWER at term 0 for startAsFollower
2019-10-18 08:17:50,309 [pool-27-thread-1] INFO  impl.RoleInfo (RoleInfo.java:updateAndGet(143)) - bc0382cc-50e2-4d58-b2de-e8b6250f3520: start FollowerState
2019-10-18 08:17:50,309 [pool-47-thread-1] INFO  util.JmxRegister (JmxRegister.java:tryRegister(44)) - Successfully registered JMX Bean with object name Ratis:service=RaftServer,group=group-40BE17638FC6,id=1bc296c6-def6-4ae4-8c62-5b4c951a28f1
2019-10-18 08:17:50,310 [pool-27-thread-1] INFO  util.JmxRegister (JmxRegister.java:tryRegister(44)) - Successfully registered JMX Bean with object name Ratis:service=RaftServer,group=group-40BE17638FC6,id=bc0382cc-50e2-4d58-b2de-e8b6250f3520
2019-10-18 08:17:50,323 [RatisPipelineUtilsThread] INFO  pipeline.PipelineStateManager (PipelineStateManager.java:addPipeline(55)) - Created pipeline Pipeline[ Id: 75b66265-9a25-49f8-bb8b-40be17638fc6, Nodes: bc0382cc-50e2-4d58-b2de-e8b6250f3520{ip: 192.168.69.67, host: pr-hdds-1868-wx8dl-4219780377, networkLocation: /default-rack, certSerialId: null}1bc296c6-def6-4ae4-8c62-5b4c951a28f1{ip: 192.168.69.67, host: pr-hdds-1868-wx8dl-4219780377, networkLocation: /default-rack, certSerialId: null}47aecc56-7e95-480d-b89c-2c00d33b4782{ip: 192.168.69.67, host: pr-hdds-1868-wx8dl-4219780377, networkLocation: /default-rack, certSerialId: null}, Type:RATIS, Factor:THREE, State:ALLOCATED]
2019-10-18 08:17:50,331 [Thread-479] INFO  impl.FollowerState (FollowerState.java:run(108)) - 47aecc56-7e95-480d-b89c-2c00d33b4782@group-40BE17638FC6-FollowerState: change to CANDIDATE, lastRpcTime:23ms, electionTimeout:23ms
2019-10-18 08:17:50,332 [Thread-479] INFO  impl.RoleInfo (RoleInfo.java:shutdownFollowerState(121)) - 47aecc56-7e95-480d-b89c-2c00d33b4782: shutdown FollowerState
2019-10-18 08:17:50,332 [Thread-479] INFO  impl.RaftServerImpl (RaftServerImpl.java:setRole(184)) - 47aecc56-7e95-480d-b89c-2c00d33b4782@group-40BE17638FC6: changes role from  FOLLOWER to CANDIDATE at term 0 for changeToCandidate
2019-10-18 08:17:50,332 [Thread-479] INFO  impl.RoleInfo (RoleInfo.java:updateAndGet(143)) - 47aecc56-7e95-480d-b89c-2c00d33b4782: start LeaderElection
2019-10-18 08:17:50,352 [47aecc56-7e95-480d-b89c-2c00d33b4782@group-40BE17638FC6-LeaderElection13] INFO  impl.LeaderElection (LeaderElection.java:askForVotes(178)) - 47aecc56-7e95-480d-b89c-2c00d33b4782@group-40BE17638FC6-LeaderElection13: begin an election at term 1 for -1: [47aecc56-7e95-480d-b89c-2c00d33b4782:192.168.69.67:34550, 1bc296c6-def6-4ae4-8c62-5b4c951a28f1:192.168.69.67:37222, bc0382cc-50e2-4d58-b2de-e8b6250f3520:192.168.69.67:37666], old=null
2019-10-18 08:17:50,359 [grpc-default-executor-3] INFO  impl.RaftServerImpl (RaftServerImpl.java:setRole(184)) - 1bc296c6-def6-4ae4-8c62-5b4c951a28f1@group-40BE17638FC6: changes role from  FOLLOWER to FOLLOWER at term 1 for recognizeCandidate:47aecc56-7e95-480d-b89c-2c00d33b4782
2019-10-18 08:17:50,359 [grpc-default-executor-3] INFO  impl.RoleInfo (RoleInfo.java:shutdownFollowerState(121)) - 1bc296c6-def6-4ae4-8c62-5b4c951a28f1: shutdown FollowerState
2019-10-18 08:17:50,361 [grpc-default-executor-2] INFO  impl.RaftServerImpl (RaftServerImpl.java:setRole(184)) - bc0382cc-50e2-4d58-b2de-e8b6250f3520@group-40BE17638FC6: changes role from  FOLLOWER to FOLLOWER at term 1 for recognizeCandidate:47aecc56-7e95-480d-b89c-2c00d33b4782
2019-10-18 08:17:50,361 [Thread-480] INFO  impl.FollowerState (FollowerState.java:run(117)) - 1bc296c6-def6-4ae4-8c62-5b4c951a28f1@group-40BE17638FC6-FollowerState was interrupted: java.lang.InterruptedException: sleep interrupted
2019-10-18 08:17:50,361 [grpc-default-executor-3] INFO  impl.RoleInfo (RoleInfo.java:updateAndGet(143)) - 1bc296c6-def6-4ae4-8c62-5b4c951a28f1: start FollowerState
2019-10-18 08:17:50,361 [grpc-default-executor-2] INFO  impl.RoleInfo (RoleInfo.java:shutdownFollowerState(121)) - bc0382cc-50e2-4d58-b2de-e8b6250f3520: shutdown FollowerState
2019-10-18 08:17:50,362 [grpc-default-executor-2] INFO  impl.RoleInfo (RoleInfo.java:updateAndGet(143)) - bc0382cc-50e2-4d58-b2de-e8b6250f3520: start FollowerState
2019-10-18 08:17:50,362 [Thread-481] INFO  impl.FollowerState (FollowerState.java:run(117)) - bc0382cc-50e2-4d58-b2de-e8b6250f3520@group-40BE17638FC6-FollowerState was interrupted: java.lang.InterruptedException: sleep interrupted
2019-10-18 08:17:50,387 [Thread-488] INFO  impl.FollowerState (FollowerState.java:run(108)) - 1bc296c6-def6-4ae4-8c62-5b4c951a28f1@group-40BE17638FC6-FollowerState: change to CANDIDATE, lastRpcTime:26ms, electionTimeout:20ms
2019-10-18 08:17:50,388 [Thread-488] INFO  impl.RoleInfo (RoleInfo.java:shutdownFollowerState(121)) - 1bc296c6-def6-4ae4-8c62-5b4c951a28f1: shutdown FollowerState
2019-10-18 08:17:50,388 [Thread-488] INFO  impl.RaftServerImpl (RaftServerImpl.java:setRole(184)) - 1bc296c6-def6-4ae4-8c62-5b4c951a28f1@group-40BE17638FC6: changes role from  FOLLOWER to CANDIDATE at term 1 for changeToCandidate
2019-10-18 08:17:50,388 [Thread-488] INFO  impl.RoleInfo (RoleInfo.java:updateAndGet(143)) - 1bc296c6-def6-4ae4-8c62-5b4c951a28f1: start LeaderElection
2019-10-18 08:17:50,390 [47aecc56-7e95-480d-b89c-2c00d33b4782@group-40BE17638FC6-LeaderElection13] INFO  impl.LeaderElection (LeaderElection.java:logAndReturn(56)) - 47aecc56-7e95-480d-b89c-2c00d33b4782@group-40BE17638FC6-LeaderElection13: Election PASSED; received 1 response(s) [47aecc56-7e95-480d-b89c-2c00d33b4782<-bc0382cc-50e2-4d58-b2de-e8b6250f3520#0:OK-t1] and 0 exception(s); 47aecc56-7e95-480d-b89c-2c00d33b4782@group-40BE17638FC6:t1, leader=null, voted=47aecc56-7e95-480d-b89c-2c00d33b4782, raftlog=47aecc56-7e95-480d-b89c-2c00d33b4782@group-40BE17638FC6-SegmentedRaftLog:OPENED:c-1,f-1,i0, conf=-1: [47aecc56-7e95-480d-b89c-2c00d33b4782:192.168.69.67:34550, 1bc296c6-def6-4ae4-8c62-5b4c951a28f1:192.168.69.67:37222, bc0382cc-50e2-4d58-b2de-e8b6250f3520:192.168.69.67:37666], old=null
2019-10-18 08:17:50,390 [47aecc56-7e95-480d-b89c-2c00d33b4782@group-40BE17638FC6-LeaderElection13] INFO  impl.RoleInfo (RoleInfo.java:shutdownLeaderElection(134)) - 47aecc56-7e95-480d-b89c-2c00d33b4782: shutdown LeaderElection
2019-10-18 08:17:50,392 [47aecc56-7e95-480d-b89c-2c00d33b4782@group-40BE17638FC6-LeaderElection13] INFO  impl.RaftServerImpl (RaftServerImpl.java:setRole(184)) - 47aecc56-7e95-480d-b89c-2c00d33b4782@group-40BE17638FC6: changes role from CANDIDATE to LEADER at term 1 for changeToLeader
2019-10-18 08:17:50,392 [47aecc56-7e95-480d-b89c-2c00d33b4782@group-40BE17638FC6-LeaderElection13] INFO  ratis.XceiverServerRatis (XceiverServerRatis.java:handleLeaderChangedNotification(699)) - Leader change notification received for group: group-40BE17638FC6 with new leaderId: 47aecc56-7e95-480d-b89c-2c00d33b4782
2019-10-18 08:17:50,393 [47aecc56-7e95-480d-b89c-2c00d33b4782@group-40BE17638FC6-LeaderElection13] INFO  impl.RaftServerImpl (ServerState.java:setLeader(256)) - 47aecc56-7e95-480d-b89c-2c00d33b4782@group-40BE17638FC6: change Leader from null to 47aecc56-7e95-480d-b89c-2c00d33b4782 at term 1 for becomeLeader, leader elected after 96ms
2019-10-18 08:17:50,393 [47aecc56-7e95-480d-b89c-2c00d33b4782@group-40BE17638FC6-LeaderElection13] INFO  server.RaftServerConfigKeys (ConfUtils.java:logGet(43)) - raft.server.staging.catchup.gap = 1000 (default)
2019-10-18 08:17:50,393 [47aecc56-7e95-480d-b89c-2c00d33b4782@group-40BE17638FC6-LeaderElection13] INFO  server.RaftServerConfigKeys (ConfUtils.java:logGet(43)) - raft.server.rpc.sleep.time = 25ms (default)
2019-10-18 08:17:50,394 [47aecc56-7e95-480d-b89c-2c00d33b4782@group-40BE17638FC6-LeaderElection13] INFO  server.RaftServerConfigKeys (ConfUtils.java:logGet(43)) - raft.server.write.element-limit = 4096 (default)
2019-10-18 08:17:50,394 [47aecc56-7e95-480d-b89c-2c00d33b4782@group-40BE17638FC6-LeaderElection13] INFO  server.RaftServerConfigKeys (ConfUtils.java:logGet(43)) - raft.server.watch.timeout = 10s (default)
2019-10-18 08:17:50,394 [47aecc56-7e95-480d-b89c-2c00d33b4782@group-40BE17638FC6-LeaderElection13] INFO  server.RaftServerConfigKeys (ConfUtils.java:logGet(43)) - raft.server.watch.timeout.denomination = 1s (default)
2019-10-18 08:17:50,395 [47aecc56-7e95-480d-b89c-2c00d33b4782@group-40BE17638FC6-LeaderElection13] INFO  server.RaftServerConfigKeys (ConfUtils.java:logGet(43)) - raft.server.watch.element-limit = 65536 (default)
2019-10-18 08:17:50,395 [EventQueue-PipelineReportForPipelineReportHandler] INFO  pipeline.PipelineReportHandler (PipelineReportHandler.java:processPipelineReport(119)) - Pipeline PipelineID=75b66265-9a25-49f8-bb8b-40be17638fc6 reported by 47aecc56-7e95-480d-b89c-2c00d33b4782{ip: 192.168.69.67, host: pr-hdds-1868-wx8dl-4219780377, networkLocation: /default-rack, certSerialId: null} with leaderId 47aecc56-7e95-480d-b89c-2c00d33b4782
2019-10-18 08:17:50,400 [47aecc56-7e95-480d-b89c-2c00d33b4782@group-40BE17638FC6-LeaderElection13] INFO  server.RaftServerConfigKeys (ConfUtils.java:logGet(43)) - raft.server.log.appender.snapshot.chunk.size.max = 16MB (=16777216) (default)
2019-10-18 08:17:50,400 [47aecc56-7e95-480d-b89c-2c00d33b4782@group-40BE17638FC6-LeaderElection13] INFO  server.RaftServerConfigKeys (ConfUtils.java:logGet(43)) - raft.server.log.appender.buffer.byte-limit = 33554432 (custom)
2019-10-18 08:17:50,400 [47aecc56-7e95-480d-b89c-2c00d33b4782@group-40BE17638FC6-LeaderElection13] INFO  server.RaftServerConfigKeys (ConfUtils.java:logGet(43)) - raft.server.log.appender.buffer.element-limit = 1 (custom)
2019-10-18 08:17:50,401 [47aecc56-7e95-480d-b89c-2c00d33b4782@group-40BE17638FC6-LeaderElection13] INFO  grpc.GrpcConfigKeys$Server (ConfUtils.java:logGet(43)) - raft.grpc.server.leader.outstanding.appends.max = 128 (default)
2019-10-18 08:17:50,401 [47aecc56-7e95-480d-b89c-2c00d33b4782@group-40BE17638FC6-LeaderElection13] INFO  server.RaftServerConfigKeys (ConfUtils.java:logGet(43)) - raft.server.rpc.request.timeout = 3000ms (default)
2019-10-18 08:17:50,401 [47aecc56-7e95-480d-b89c-2c00d33b4782@group-40BE17638FC6-LeaderElection13] INFO  server.RaftServerConfigKeys (ConfUtils.java:logGet(43)) - raft.server.log.appender.install.snapshot.enabled = false (custom)
2019-10-18 08:17:50,404 [1bc296c6-def6-4ae4-8c62-5b4c951a28f1@group-40BE17638FC6-LeaderElection14] INFO  impl.LeaderElection (LeaderElection.java:askForVotes(178)) - 1bc296c6-def6-4ae4-8c62-5b4c951a28f1@group-40BE17638FC6-LeaderElection14: begin an election at term 2 for -1: [47aecc56-7e95-480d-b89c-2c00d33b4782:192.168.69.67:34550, 1bc296c6-def6-4ae4-8c62-5b4c951a28f1:192.168.69.67:37222, bc0382cc-50e2-4d58-b2de-e8b6250f3520:192.168.69.67:37666], old=null
2019-10-18 08:17:50,405 [47aecc56-7e95-480d-b89c-2c00d33b4782@group-40BE17638FC6-LeaderElection13] INFO  server.RaftServerConfigKeys (ConfUtils.java:logGet(43)) - raft.server.log.appender.snapshot.chunk.size.max = 16MB (=16777216) (default)
2019-10-18 08:17:50,405 [47aecc56-7e95-480d-b89c-2c00d33b4782@group-40BE17638FC6-LeaderElection13] INFO  server.RaftServerConfigKeys (ConfUtils.java:logGet(43)) - raft.server.log.appender.buffer.byte-limit = 33554432 (custom)
2019-10-18 08:17:50,405 [47aecc56-7e95-480d-b89c-2c00d33b4782@group-40BE17638FC6-LeaderElection13] INFO  server.RaftServerConfigKeys (ConfUtils.java:logGet(43)) - raft.server.log.appender.buffer.element-limit = 1 (custom)
2019-10-18 08:17:50,406 [47aecc56-7e95-480d-b89c-2c00d33b4782@group-40BE17638FC6-LeaderElection13] INFO  grpc.GrpcConfigKeys$Server (ConfUtils.java:logGet(43)) - raft.grpc.server.leader.outstanding.appends.max = 128 (default)
2019-10-18 08:17:50,406 [47aecc56-7e95-480d-b89c-2c00d33b4782@group-40BE17638FC6-LeaderElection13] INFO  server.RaftServerConfigKeys (ConfUtils.java:logGet(43)) - raft.server.rpc.request.timeout = 3000ms (default)
2019-10-18 08:17:50,406 [47aecc56-7e95-480d-b89c-2c00d33b4782@group-40BE17638FC6-LeaderElection13] INFO  server.RaftServerConfigKeys (ConfUtils.java:logGet(43)) - raft.server.log.appender.install.snapshot.enabled = false (custom)
2019-10-18 08:17:50,411 [grpc-default-executor-2] INFO  impl.RaftServerImpl (RaftServerImpl.java:setRole(184)) - bc0382cc-50e2-4d58-b2de-e8b6250f3520@group-40BE17638FC6: changes role from  FOLLOWER to FOLLOWER at term 2 for recognizeCandidate:1bc296c6-def6-4ae4-8c62-5b4c951a28f1
2019-10-18 08:17:50,411 [grpc-default-executor-2] INFO  impl.RoleInfo (RoleInfo.java:shutdownFollowerState(121)) - bc0382cc-50e2-4d58-b2de-e8b6250f3520: shutdown FollowerState
2019-10-18 08:17:50,411 [grpc-default-executor-2] INFO  impl.RoleInfo (RoleInfo.java:updateAndGet(143)) - bc0382cc-50e2-4d58-b2de-e8b6250f3520: start FollowerState
2019-10-18 08:17:50,411 [Thread-489] INFO  impl.FollowerState (FollowerState.java:run(117)) - bc0382cc-50e2-4d58-b2de-e8b6250f3520@group-40BE17638FC6-FollowerState was interrupted: java.lang.InterruptedException: sleep interrupted
2019-10-18 08:17:50,413 [47aecc56-7e95-480d-b89c-2c00d33b4782@group-40BE17638FC6-LeaderElection13] INFO  impl.RoleInfo (RoleInfo.java:updateAndGet(143)) - 47aecc56-7e95-480d-b89c-2c00d33b4782: start LeaderState
2019-10-18 08:17:50,414 [47aecc56-7e95-480d-b89c-2c00d33b4782@group-40BE17638FC6-LeaderElection13] INFO  segmented.SegmentedRaftLogWorker (SegmentedRaftLogWorker.java:startLogSegment(385)) - 47aecc56-7e95-480d-b89c-2c00d33b4782@group-40BE17638FC6-SegmentedRaftLogWorker: Starting segment from index:0
2019-10-18 08:17:50,415 [47aecc56-7e95-480d-b89c-2c00d33b4782@group-40BE17638FC6-LeaderElection13] INFO  impl.RaftServerImpl (ServerState.java:setRaftConf(357)) - 47aecc56-7e95-480d-b89c-2c00d33b4782@group-40BE17638FC6: set configuration 0: [47aecc56-7e95-480d-b89c-2c00d33b4782:192.168.69.67:34550, 1bc296c6-def6-4ae4-8c62-5b4c951a28f1:192.168.69.67:37222, bc0382cc-50e2-4d58-b2de-e8b6250f3520:192.168.69.67:37666], old=null at 0
2019-10-18 08:17:50,446 [grpc-default-executor-3] INFO  impl.RaftServerImpl (ServerState.java:setLeader(256)) - 47aecc56-7e95-480d-b89c-2c00d33b4782@group-40BE17638FC6: change Leader from 47aecc56-7e95-480d-b89c-2c00d33b4782 to null at term 2 for updateCurrentTerm
2019-10-18 08:17:50,447 [grpc-default-executor-3] INFO  impl.RaftServerImpl (RaftServerImpl.java:setRole(184)) - 47aecc56-7e95-480d-b89c-2c00d33b4782@group-40BE17638FC6: changes role from    LEADER to FOLLOWER at term 2 for recognizeCandidate:1bc296c6-def6-4ae4-8c62-5b4c951a28f1
2019-10-18 08:17:50,447 [grpc-default-executor-3] INFO  impl.RoleInfo (RoleInfo.java:shutdownLeaderState(104)) - 47aecc56-7e95-480d-b89c-2c00d33b4782: shutdown LeaderState
2019-10-18 08:17:50,450 [1bc296c6-def6-4ae4-8c62-5b4c951a28f1@group-40BE17638FC6-LeaderElection14] INFO  impl.LeaderElection (LeaderElection.java:logAndReturn(56)) - 1bc296c6-def6-4ae4-8c62-5b4c951a28f1@group-40BE17638FC6-LeaderElection14: Election TIMEOUT; received 0 response(s) [] and 0 exception(s); 1bc296c6-def6-4ae4-8c62-5b4c951a28f1@group-40BE17638FC6:t2, leader=null, voted=1bc296c6-def6-4ae4-8c62-5b4c951a28f1, raftlog=1bc296c6-def6-4ae4-8c62-5b4c951a28f1@group-40BE17638FC6-SegmentedRaftLog:OPENED:c-1,f-1,i0, conf=-1: [47aecc56-7e95-480d-b89c-2c00d33b4782:192.168.69.67:34550, 1bc296c6-def6-4ae4-8c62-5b4c951a28f1:192.168.69.67:37222, bc0382cc-50e2-4d58-b2de-e8b6250f3520:192.168.69.67:37666], old=null
2019-10-18 08:17:50,450 [grpc-default-executor-3] INFO  impl.PendingRequests (PendingRequests.java:sendNotLeaderResponses(202)) - 47aecc56-7e95-480d-b89c-2c00d33b4782@group-40BE17638FC6-PendingRequests: sendNotLeaderResponses
2019-10-18 08:17:50,451 [org.apache.ratis.server.impl.LogAppender$AppenderDaemon$$Lambda$420/930472032@3147e250] WARN  server.GrpcLogAppender (GrpcLogAppender.java:mayWait(149)) - 47aecc56-7e95-480d-b89c-2c00d33b4782@group-40BE17638FC6->1bc296c6-def6-4ae4-8c62-5b4c951a28f1-GrpcLogAppender: Wait interrupted by java.lang.InterruptedException
2019-10-18 08:17:50,456 [grpc-default-executor-3] INFO  impl.RoleInfo (RoleInfo.java:updateAndGet(143)) - 47aecc56-7e95-480d-b89c-2c00d33b4782: start FollowerState
2019-10-18 08:17:50,456 [org.apache.ratis.server.impl.LogAppender$AppenderDaemon$$Lambda$420/930472032@bc73e2] WARN  server.GrpcLogAppender (GrpcLogAppender.java:mayWait(149)) - 47aecc56-7e95-480d-b89c-2c00d33b4782@group-40BE17638FC6->bc0382cc-50e2-4d58-b2de-e8b6250f3520-GrpcLogAppender: Wait interrupted by java.lang.InterruptedException
2019-10-18 08:17:50,458 [grpc-default-executor-2] INFO  server.GrpcServerProtocolService (GrpcServerProtocolService.java:onCompleted(113)) - 1bc296c6-def6-4ae4-8c62-5b4c951a28f1: Completed APPEND_ENTRIES, lastRequest: null
2019-10-18 08:17:50,460 [grpc-default-executor-5] INFO  server.GrpcServerProtocolService (GrpcServerProtocolService.java:onCompleted(113)) - bc0382cc-50e2-4d58-b2de-e8b6250f3520: Completed APPEND_ENTRIES, lastRequest: 47aecc56-7e95-480d-b89c-2c00d33b4782->bc0382cc-50e2-4d58-b2de-e8b6250f3520#0-t1, previous=(t:0, i:0), leaderCommit=-1, initializing? false, entries: <empty>
2019-10-18 08:17:50,461 [grpc-default-executor-2] INFO  server.GrpcLogAppender (GrpcLogAppender.java:onCompleted(308)) - 47aecc56-7e95-480d-b89c-2c00d33b4782@group-40BE17638FC6->1bc296c6-def6-4ae4-8c62-5b4c951a28f1-AppendLogResponseHandler: follower responses appendEntries COMPLETED
2019-10-18 08:17:50,463 [grpc-default-executor-2] INFO  impl.FollowerInfo (FollowerInfo.java:lambda$new$0(51)) - 47aecc56-7e95-480d-b89c-2c00d33b4782@group-40BE17638FC6->1bc296c6-def6-4ae4-8c62-5b4c951a28f1: nextIndex: updateUnconditionally 0 -> 0
2019-10-18 08:17:50,470 [47aecc56-7e95-480d-b89c-2c00d33b4782@group-40BE17638FC6-SegmentedRaftLogWorker] INFO  segmented.SegmentedRaftLogWorker (SegmentedRaftLogWorker.java:execute(576)) - 47aecc56-7e95-480d-b89c-2c00d33b4782@group-40BE17638FC6-SegmentedRaftLogWorker: created new log segment /workdir/hadoop-ozone/tools/target/test-dir/MiniOzoneClusterImpl-18708a0d-f212-4186-ae1d-4e11efd0a0ea/datanode-1/data/ratis/75b66265-9a25-49f8-bb8b-40be17638fc6/current/log_inprogress_0
2019-10-18 08:17:50,470 [1bc296c6-def6-4ae4-8c62-5b4c951a28f1@group-40BE17638FC6-LeaderElection14] INFO  impl.LeaderElection (LeaderElection.java:askForVotes(178)) - 1bc296c6-def6-4ae4-8c62-5b4c951a28f1@group-40BE17638FC6-LeaderElection14: begin an election at term 3 for -1: [47aecc56-7e95-480d-b89c-2c00d33b4782:192.168.69.67:34550, 1bc296c6-def6-4ae4-8c62-5b4c951a28f1:192.168.69.67:37222, bc0382cc-50e2-4d58-b2de-e8b6250f3520:192.168.69.67:37666], old=null
2019-10-18 08:17:50,474 [grpc-default-executor-2] INFO  impl.RaftServerImpl (RaftServerImpl.java:setRole(184)) - 47aecc56-7e95-480d-b89c-2c00d33b4782@group-40BE17638FC6: changes role from  FOLLOWER to FOLLOWER at term 3 for recognizeCandidate:1bc296c6-def6-4ae4-8c62-5b4c951a28f1
2019-10-18 08:17:50,475 [grpc-default-executor-2] INFO  impl.RoleInfo (RoleInfo.java:shutdownFollowerState(121)) - 47aecc56-7e95-480d-b89c-2c00d33b4782: shutdown FollowerState
2019-10-18 08:17:50,476 [Thread-497] INFO  impl.FollowerState (FollowerState.java:run(117)) - 47aecc56-7e95-480d-b89c-2c00d33b4782@group-40BE17638FC6-FollowerState was interrupted: java.lang.InterruptedException: sleep interrupted
2019-10-18 08:17:50,476 [grpc-default-executor-3] INFO  impl.RaftServerImpl (RaftServerImpl.java:setRole(184)) - bc0382cc-50e2-4d58-b2de-e8b6250f3520@group-40BE17638FC6: changes role from  FOLLOWER to FOLLOWER at term 3 for recognizeCandidate:1bc296c6-def6-4ae4-8c62-5b4c951a28f1
2019-10-18 08:17:50,478 [grpc-default-executor-2] INFO  impl.RoleInfo (RoleInfo.java:updateAndGet(143)) - 47aecc56-7e95-480d-b89c-2c00d33b4782: start FollowerState
2019-10-18 08:17:50,478 [grpc-default-executor-3] INFO  impl.RoleInfo (RoleInfo.java:shutdownFollowerState(121)) - bc0382cc-50e2-4d58-b2de-e8b6250f3520: shutdown FollowerState
2019-10-18 08:17:50,480 [Thread-496] INFO  impl.FollowerState (FollowerState.java:run(117)) - bc0382cc-50e2-4d58-b2de-e8b6250f3520@group-40BE17638FC6-FollowerState was interrupted: java.lang.InterruptedException: sleep interrupted
2019-10-18 08:17:50,480 [grpc-default-executor-3] INFO  impl.RoleInfo (RoleInfo.java:updateAndGet(143)) - bc0382cc-50e2-4d58-b2de-e8b6250f3520: start FollowerState
2019-10-18 08:17:50,485 [grpc-default-executor-5] INFO  server.GrpcLogAppender (GrpcLogAppender.java:onCompleted(308)) - 47aecc56-7e95-480d-b89c-2c00d33b4782@group-40BE17638FC6->bc0382cc-50e2-4d58-b2de-e8b6250f3520-AppendLogResponseHandler: follower responses appendEntries COMPLETED
2019-10-18 08:17:50,486 [grpc-default-executor-5] INFO  impl.FollowerInfo (FollowerInfo.java:lambda$new$0(51)) - 47aecc56-7e95-480d-b89c-2c00d33b4782@group-40BE17638FC6->bc0382cc-50e2-4d58-b2de-e8b6250f3520: nextIndex: updateUnconditionally 0 -> 0
2019-10-18 08:17:50,486 [1bc296c6-def6-4ae4-8c62-5b4c951a28f1@group-40BE17638FC6-LeaderElection14] INFO  impl.LeaderElection (LeaderElection.java:logAndReturn(56)) - 1bc296c6-def6-4ae4-8c62-5b4c951a28f1@group-40BE17638FC6-LeaderElection14: Election PASSED; received 2 response(s) [1bc296c6-def6-4ae4-8c62-5b4c951a28f1<-47aecc56-7e95-480d-b89c-2c00d33b4782#0:FAIL-t3, 1bc296c6-def6-4ae4-8c62-5b4c951a28f1<-bc0382cc-50e2-4d58-b2de-e8b6250f3520#0:OK-t3] and 0 exception(s); 1bc296c6-def6-4ae4-8c62-5b4c951a28f1@group-40BE17638FC6:t3, leader=null, voted=1bc296c6-def6-4ae4-8c62-5b4c951a28f1, raftlog=1bc296c6-def6-4ae4-8c62-5b4c951a28f1@group-40BE17638FC6-SegmentedRaftLog:OPENED:c-1,f-1,i0, conf=-1: [47aecc56-7e95-480d-b89c-2c00d33b4782:192.168.69.67:34550, 1bc296c6-def6-4ae4-8c62-5b4c951a28f1:192.168.69.67:37222, bc0382cc-50e2-4d58-b2de-e8b6250f3520:192.168.69.67:37666], old=null
2019-10-18 08:17:50,486 [1bc296c6-def6-4ae4-8c62-5b4c951a28f1@group-40BE17638FC6-LeaderElection14] INFO  impl.RoleInfo (RoleInfo.java:shutdownLeaderElection(134)) - 1bc296c6-def6-4ae4-8c62-5b4c951a28f1: shutdown LeaderElection
2019-10-18 08:17:50,488 [1bc296c6-def6-4ae4-8c62-5b4c951a28f1@group-40BE17638FC6-LeaderElection14] INFO  impl.RaftServerImpl (RaftServerImpl.java:setRole(184)) - 1bc296c6-def6-4ae4-8c62-5b4c951a28f1@group-40BE17638FC6: changes role from CANDIDATE to LEADER at term 3 for changeToLeader
2019-10-18 08:17:50,488 [1bc296c6-def6-4ae4-8c62-5b4c951a28f1@group-40BE17638FC6-LeaderElection14] INFO  ratis.XceiverServerRatis (XceiverServerRatis.java:handleLeaderChangedNotification(699)) - Leader change notification received for group: group-40BE17638FC6 with new leaderId: 1bc296c6-def6-4ae4-8c62-5b4c951a28f1
2019-10-18 08:17:50,488 [1bc296c6-def6-4ae4-8c62-5b4c951a28f1@group-40BE17638FC6-LeaderElection14] INFO  impl.RaftServerImpl (ServerState.java:setLeader(256)) - 1bc296c6-def6-4ae4-8c62-5b4c951a28f1@group-40BE17638FC6: change Leader from null to 1bc296c6-def6-4ae4-8c62-5b4c951a28f1 at term 3 for becomeLeader, leader elected after 192ms
2019-10-18 08:17:50,488 [1bc296c6-def6-4ae4-8c62-5b4c951a28f1@group-40BE17638FC6-LeaderElection14] INFO  server.RaftServerConfigKeys (ConfUtils.java:logGet(43)) - raft.server.staging.catchup.gap = 1000 (default)
2019-10-18 08:17:50,489 [1bc296c6-def6-4ae4-8c62-5b4c951a28f1@group-40BE17638FC6-LeaderElection14] INFO  server.RaftServerConfigKeys (ConfUtils.java:logGet(43)) - raft.server.rpc.sleep.time = 25ms (default)
2019-10-18 08:17:50,489 [1bc296c6-def6-4ae4-8c62-5b4c951a28f1@group-40BE17638FC6-LeaderElection14] INFO  server.RaftServerConfigKeys (ConfUtils.java:logGet(43)) - raft.server.write.element-limit = 4096 (default)
2019-10-18 08:17:50,489 [1bc296c6-def6-4ae4-8c62-5b4c951a28f1@group-40BE17638FC6-LeaderElection14] INFO  server.RaftServerConfigKeys (ConfUtils.java:logGet(43)) - raft.server.watch.timeout = 10s (default)
2019-10-18 08:17:50,489 [1bc296c6-def6-4ae4-8c62-5b4c951a28f1@group-40BE17638FC6-LeaderElection14] INFO  server.RaftServerConfigKeys (ConfUtils.java:logGet(43)) - raft.server.watch.timeout.denomination = 1s (default)
2019-10-18 08:17:50,489 [1bc296c6-def6-4ae4-8c62-5b4c951a28f1@group-40BE17638FC6-LeaderElection14] INFO  server.RaftServerConfigKeys (ConfUtils.java:logGet(43)) - raft.server.watch.element-limit = 65536 (default)
2019-10-18 08:17:50,490 [EventQueue-PipelineReportForPipelineReportHandler] INFO  pipeline.PipelineReportHandler (PipelineReportHandler.java:processPipelineReport(119)) - Pipeline PipelineID=75b66265-9a25-49f8-bb8b-40be17638fc6 reported by 1bc296c6-def6-4ae4-8c62-5b4c951a28f1{ip: 192.168.69.67, host: pr-hdds-1868-wx8dl-4219780377, networkLocation: /default-rack, certSerialId: null} with leaderId 1bc296c6-def6-4ae4-8c62-5b4c951a28f1
2019-10-18 08:17:50,493 [1bc296c6-def6-4ae4-8c62-5b4c951a28f1@group-40BE17638FC6-LeaderElection14] INFO  server.RaftServerConfigKeys (ConfUtils.java:logGet(43)) - raft.server.log.appender.snapshot.chunk.size.max = 16MB (=16777216) (default)
2019-10-18 08:17:50,494 [1bc296c6-def6-4ae4-8c62-5b4c951a28f1@group-40BE17638FC6-LeaderElection14] INFO  server.RaftServerConfigKeys (ConfUtils.java:logGet(43)) - raft.server.log.appender.buffer.byte-limit = 33554432 (custom)
2019-10-18 08:17:50,494 [1bc296c6-def6-4ae4-8c62-5b4c951a28f1@group-40BE17638FC6-LeaderElection14] INFO  server.RaftServerConfigKeys (ConfUtils.java:logGet(43)) - raft.server.log.appender.buffer.element-limit = 1 (custom)
2019-10-18 08:17:50,494 [1bc296c6-def6-4ae4-8c62-5b4c951a28f1@group-40BE17638FC6-LeaderElection14] INFO  grpc.GrpcConfigKeys$Server (ConfUtils.java:logGet(43)) - raft.grpc.server.leader.outstanding.appends.max = 128 (default)
2019-10-18 08:17:50,494 [1bc296c6-def6-4ae4-8c62-5b4c951a28f1@group-40BE17638FC6-LeaderElection14] INFO  server.RaftServerConfigKeys (ConfUtils.java:logGet(43)) - raft.server.rpc.request.timeout = 3000ms (default)
2019-10-18 08:17:50,495 [1bc296c6-def6-4ae4-8c62-5b4c951a28f1@group-40BE17638FC6-LeaderElection14] INFO  server.RaftServerConfigKeys (ConfUtils.java:logGet(43)) - raft.server.log.appender.install.snapshot.enabled = false (custom)
2019-10-18 08:17:50,497 [1bc296c6-def6-4ae4-8c62-5b4c951a28f1@group-40BE17638FC6-LeaderElection14] INFO  server.RaftServerConfigKeys (ConfUtils.java:logGet(43)) - raft.server.log.appender.snapshot.chunk.size.max = 16MB (=16777216) (default)
2019-10-18 08:17:50,497 [1bc296c6-def6-4ae4-8c62-5b4c951a28f1@group-40BE17638FC6-LeaderElection14] INFO  server.RaftServerConfigKeys (ConfUtils.java:logGet(43)) - raft.server.log.appender.buffer.byte-limit = 33554432 (custom)
2019-10-18 08:17:50,498 [1bc296c6-def6-4ae4-8c62-5b4c951a28f1@group-40BE17638FC6-LeaderElection14] INFO  server.RaftServerConfigKeys (ConfUtils.java:logGet(43)) - raft.server.log.appender.buffer.element-limit = 1 (custom)
2019-10-18 08:17:50,498 [1bc296c6-def6-4ae4-8c62-5b4c951a28f1@group-40BE17638FC6-LeaderElection14] INFO  grpc.GrpcConfigKeys$Server (ConfUtils.java:logGet(43)) - raft.grpc.server.leader.outstanding.appends.max = 128 (default)
2019-10-18 08:17:50,498 [1bc296c6-def6-4ae4-8c62-5b4c951a28f1@group-40BE17638FC6-LeaderElection14] INFO  server.RaftServerConfigKeys (ConfUtils.java:logGet(43)) - raft.server.rpc.request.timeout = 3000ms (default)
2019-10-18 08:17:50,498 [1bc296c6-def6-4ae4-8c62-5b4c951a28f1@group-40BE17638FC6-LeaderElection14] INFO  server.RaftServerConfigKeys (ConfUtils.java:logGet(43)) - raft.server.log.appender.install.snapshot.enabled = false (custom)
2019-10-18 08:17:50,501 [1bc296c6-def6-4ae4-8c62-5b4c951a28f1@group-40BE17638FC6-LeaderElection14] INFO  impl.RoleInfo (RoleInfo.java:updateAndGet(143)) - 1bc296c6-def6-4ae4-8c62-5b4c951a28f1: start LeaderState
2019-10-18 08:17:50,501 [1bc296c6-def6-4ae4-8c62-5b4c951a28f1@group-40BE17638FC6-LeaderElection14] INFO  segmented.SegmentedRaftLogWorker (SegmentedRaftLogWorker.java:startLogSegment(385)) - 1bc296c6-def6-4ae4-8c62-5b4c951a28f1@group-40BE17638FC6-SegmentedRaftLogWorker: Starting segment from index:0
2019-10-18 08:17:50,502 [1bc296c6-def6-4ae4-8c62-5b4c951a28f1@group-40BE17638FC6-LeaderElection14] INFO  impl.RaftServerImpl (ServerState.java:setRaftConf(357)) - 1bc296c6-def6-4ae4-8c62-5b4c951a28f1@group-40BE17638FC6: set configuration 0: [47aecc56-7e95-480d-b89c-2c00d33b4782:192.168.69.67:34550, 1bc296c6-def6-4ae4-8c62-5b4c951a28f1:192.168.69.67:37222, bc0382cc-50e2-4d58-b2de-e8b6250f3520:192.168.69.67:37666], old=null at 0
2019-10-18 08:17:50,540 [grpc-default-executor-5] INFO  ratis.XceiverServerRatis (XceiverServerRatis.java:handleLeaderChangedNotification(699)) - Leader change notification received for group: group-40BE17638FC6 with new leaderId: 1bc296c6-def6-4ae4-8c62-5b4c951a28f1
2019-10-18 08:17:50,540 [grpc-default-executor-3] INFO  ratis.XceiverServerRatis (XceiverServerRatis.java:handleLeaderChangedNotification(699)) - Leader change notification received for group: group-40BE17638FC6 with new leaderId: 1bc296c6-def6-4ae4-8c62-5b4c951a28f1
2019-10-18 08:17:50,540 [grpc-default-executor-5] INFO  impl.RaftServerImpl (ServerState.java:setLeader(256)) - 47aecc56-7e95-480d-b89c-2c00d33b4782@group-40BE17638FC6: change Leader from null to 1bc296c6-def6-4ae4-8c62-5b4c951a28f1 at term 3 for appendEntries, leader elected after 93ms
2019-10-18 08:17:50,541 [grpc-default-executor-3] INFO  impl.RaftServerImpl (ServerState.java:setLeader(256)) - bc0382cc-50e2-4d58-b2de-e8b6250f3520@group-40BE17638FC6: change Leader from null to 1bc296c6-def6-4ae4-8c62-5b4c951a28f1 at term 3 for appendEntries, leader elected after 244ms
2019-10-18 08:17:50,542 [EventQueue-PipelineReportForPipelineReportHandler] INFO  pipeline.PipelineReportHandler (PipelineReportHandler.java:processPipelineReport(119)) - Pipeline PipelineID=75b66265-9a25-49f8-bb8b-40be17638fc6 reported by 47aecc56-7e95-480d-b89c-2c00d33b4782{ip: 192.168.69.67, host: pr-hdds-1868-wx8dl-4219780377, networkLocation: /default-rack, certSerialId: null} with leaderId 1bc296c6-def6-4ae4-8c62-5b4c951a28f1
2019-10-18 08:17:50,542 [EventQueue-PipelineReportForPipelineReportHandler] INFO  pipeline.PipelineReportHandler (PipelineReportHandler.java:processPipelineReport(119)) - Pipeline PipelineID=75b66265-9a25-49f8-bb8b-40be17638fc6 reported by bc0382cc-50e2-4d58-b2de-e8b6250f3520{ip: 192.168.69.67, host: pr-hdds-1868-wx8dl-4219780377, networkLocation: /default-rack, certSerialId: null} with leaderId 1bc296c6-def6-4ae4-8c62-5b4c951a28f1
2019-10-18 08:17:50,542 [EventQueue-PipelineReportForPipelineReportHandler] INFO  pipeline.PipelineStateManager (PipelineStateManager.java:openPipeline(134)) - Pipeline Pipeline[ Id: 75b66265-9a25-49f8-bb8b-40be17638fc6, Nodes: bc0382cc-50e2-4d58-b2de-e8b6250f3520{ip: 192.168.69.67, host: pr-hdds-1868-wx8dl-4219780377, networkLocation: /default-rack, certSerialId: null}1bc296c6-def6-4ae4-8c62-5b4c951a28f1{ip: 192.168.69.67, host: pr-hdds-1868-wx8dl-4219780377, networkLocation: /default-rack, certSerialId: null}47aecc56-7e95-480d-b89c-2c00d33b4782{ip: 192.168.69.67, host: pr-hdds-1868-wx8dl-4219780377, networkLocation: /default-rack, certSerialId: null}, Type:RATIS, Factor:THREE, State:OPEN] moved to OPEN state
2019-10-18 08:17:50,544 [grpc-default-executor-5] INFO  impl.RaftServerImpl (ServerState.java:setRaftConf(357)) - 47aecc56-7e95-480d-b89c-2c00d33b4782@group-40BE17638FC6: set configuration 0: [47aecc56-7e95-480d-b89c-2c00d33b4782:192.168.69.67:34550, 1bc296c6-def6-4ae4-8c62-5b4c951a28f1:192.168.69.67:37222, bc0382cc-50e2-4d58-b2de-e8b6250f3520:192.168.69.67:37666], old=null at 0
2019-10-18 08:17:50,544 [grpc-default-executor-3] INFO  impl.RaftServerImpl (ServerState.java:setRaftConf(357)) - bc0382cc-50e2-4d58-b2de-e8b6250f3520@group-40BE17638FC6: set configuration 0: [47aecc56-7e95-480d-b89c-2c00d33b4782:192.168.69.67:34550, 1bc296c6-def6-4ae4-8c62-5b4c951a28f1:192.168.69.67:37222, bc0382cc-50e2-4d58-b2de-e8b6250f3520:192.168.69.67:37666], old=null at 0
2019-10-18 08:17:50,546 [grpc-default-executor-3] INFO  segmented.SegmentedRaftLogWorker (SegmentedRaftLogWorker.java:startLogSegment(385)) - bc0382cc-50e2-4d58-b2de-e8b6250f3520@group-40BE17638FC6-SegmentedRaftLogWorker: Starting segment from index:0
2019-10-18 08:17:50,550 [grpc-default-executor-5] INFO  segmented.SegmentedRaftLogWorker (SegmentedRaftLogWorker.java:truncate(401)) - 47aecc56-7e95-480d-b89c-2c00d33b4782@group-40BE17638FC6-SegmentedRaftLogWorker: Truncating segments toTruncate: null
  toDelete: [(0, 0) isOpen? true, length=0, newEndIndex=-1], start index 0
2019-10-18 08:17:50,550 [1bc296c6-def6-4ae4-8c62-5b4c951a28f1@group-40BE17638FC6-SegmentedRaftLogWorker] INFO  segmented.SegmentedRaftLogWorker (SegmentedRaftLogWorker.java:execute(576)) - 1bc296c6-def6-4ae4-8c62-5b4c951a28f1@group-40BE17638FC6-SegmentedRaftLogWorker: created new log segment /workdir/hadoop-ozone/tools/target/test-dir/MiniOzoneClusterImpl-18708a0d-f212-4186-ae1d-4e11efd0a0ea/datanode-2/data/ratis/75b66265-9a25-49f8-bb8b-40be17638fc6/current/log_inprogress_0
2019-10-18 08:17:50,550 [grpc-default-executor-5] INFO  segmented.SegmentedRaftLogWorker (SegmentedRaftLogWorker.java:startLogSegment(385)) - 47aecc56-7e95-480d-b89c-2c00d33b4782@group-40BE17638FC6-SegmentedRaftLogWorker: Starting segment from index:0
2019-10-18 08:17:50,551 [47aecc56-7e95-480d-b89c-2c00d33b4782@group-40BE17638FC6-SegmentedRaftLogWorker] INFO  segmented.SegmentedRaftLogWorker (SegmentedRaftLogWorker.java:execute(640)) - 47aecc56-7e95-480d-b89c-2c00d33b4782@group-40BE17638FC6-SegmentedRaftLogWorker: Deleted log file /workdir/hadoop-ozone/tools/target/test-dir/MiniOzoneClusterImpl-18708a0d-f212-4186-ae1d-4e11efd0a0ea/datanode-1/data/ratis/75b66265-9a25-49f8-bb8b-40be17638fc6/current/log_inprogress_0
2019-10-18 08:17:50,552 [47aecc56-7e95-480d-b89c-2c00d33b4782@group-40BE17638FC6-SegmentedRaftLogWorker] INFO  segmented.SegmentedRaftLogWorker (SegmentedRaftLogWorker.java:lambda$new$0(128)) - 47aecc56-7e95-480d-b89c-2c00d33b4782@group-40BE17638FC6-SegmentedRaftLogWorker: flushIndex: setUnconditionally 0 -> -1
2019-10-18 08:17:50,599 [bc0382cc-50e2-4d58-b2de-e8b6250f3520@group-40BE17638FC6-SegmentedRaftLogWorker] INFO  segmented.SegmentedRaftLogWorker (SegmentedRaftLogWorker.java:execute(576)) - bc0382cc-50e2-4d58-b2de-e8b6250f3520@group-40BE17638FC6-SegmentedRaftLogWorker: created new log segment /workdir/hadoop-ozone/tools/target/test-dir/MiniOzoneClusterImpl-18708a0d-f212-4186-ae1d-4e11efd0a0ea/datanode-0/data/ratis/75b66265-9a25-49f8-bb8b-40be17638fc6/current/log_inprogress_0
2019-10-18 08:17:50,599 [47aecc56-7e95-480d-b89c-2c00d33b4782@group-40BE17638FC6-SegmentedRaftLogWorker] INFO  segmented.SegmentedRaftLogWorker (SegmentedRaftLogWorker.java:execute(576)) - 47aecc56-7e95-480d-b89c-2c00d33b4782@group-40BE17638FC6-SegmentedRaftLogWorker: created new log segment /workdir/hadoop-ozone/tools/target/test-dir/MiniOzoneClusterImpl-18708a0d-f212-4186-ae1d-4e11efd0a0ea/datanode-1/data/ratis/75b66265-9a25-49f8-bb8b-40be17638fc6/current/log_inprogress_0
 0.00% |?                                                                                                    |  0/1 Time: 0:01:59 0.00% |?                                                                                                    |  0/1 Time: 0:02:00 0.00% |?                                                                                                    |  0/1 Time: 0:02:01 0.00% |?                                                                                                    |  0/1 Time: 0:02:02 0.00% |?                                                                                                    |  0/1 Time: 0:02:03 0.00% |?                                                                                                    |  0/1 Time: 0:02:04 0.00% |?                                                                                                    |  0/1 Time: 0:02:05 0.00% |?                                                                                                    |  0/1 Time: 0:02:06 0.00% |?                                                                                                    |  0/1 Time: 0:02:07 0.00% |?                                                                                                    |  0/1 Time: 0:02:08 0.00% |?                                                                                                    |  0/1 Time: 0:02:09 0.00% |?                                                                                                    |  0/1 Time: 0:02:10 0.00% |?                                                                                                    |  0/1 Time: 0:02:11 0.00% |?                                                                                                    |  0/1 Time: 0:02:12 0.00% |?                                                                                                    |  0/1 Time: 0:02:13 0.00% |?                                                                                                    |  0/1 Time: 0:02:142019-10-18 08:18:06,501 [grpc-default-executor-5] INFO  impl.RaftServerProxy (RaftServerProxy.java:remove(95)) - bc0382cc-50e2-4d58-b2de-e8b6250f3520: remove    LEADER bc0382cc-50e2-4d58-b2de-e8b6250f3520@group-6EFDA1954403:t3, leader=bc0382cc-50e2-4d58-b2de-e8b6250f3520, voted=bc0382cc-50e2-4d58-b2de-e8b6250f3520, raftlog=bc0382cc-50e2-4d58-b2de-e8b6250f3520@group-6EFDA1954403-SegmentedRaftLog:OPENED:c0,f0,i2, conf=0: [47aecc56-7e95-480d-b89c-2c00d33b4782:192.168.69.67:34550, 1bc296c6-def6-4ae4-8c62-5b4c951a28f1:192.168.69.67:37222, bc0382cc-50e2-4d58-b2de-e8b6250f3520:192.168.69.67:37666], old=null RUNNING
2019-10-18 08:18:06,502 [grpc-default-executor-5] INFO  impl.RaftServerImpl (RaftServerImpl.java:lambda$shutdown$3(261)) - bc0382cc-50e2-4d58-b2de-e8b6250f3520@group-6EFDA1954403: shutdown
2019-10-18 08:18:06,503 [grpc-default-executor-5] INFO  util.JmxRegister (JmxRegister.java:unregister(73)) - Successfully un-registered JMX Bean with object name Ratis:service=RaftServer,group=group-6EFDA1954403,id=bc0382cc-50e2-4d58-b2de-e8b6250f3520
2019-10-18 08:18:06,503 [grpc-default-executor-5] INFO  impl.RoleInfo (RoleInfo.java:shutdownLeaderState(104)) - bc0382cc-50e2-4d58-b2de-e8b6250f3520: shutdown LeaderState
2019-10-18 08:18:06,505 [org.apache.ratis.server.impl.LogAppender$AppenderDaemon$$Lambda$420/930472032@4875d4c2] WARN  server.GrpcLogAppender (GrpcLogAppender.java:mayWait(149)) - bc0382cc-50e2-4d58-b2de-e8b6250f3520@group-6EFDA1954403->47aecc56-7e95-480d-b89c-2c00d33b4782-GrpcLogAppender: Wait interrupted by java.lang.InterruptedException
2019-10-18 08:18:06,506 [org.apache.ratis.server.impl.LogAppender$AppenderDaemon$$Lambda$420/930472032@79779e7b] WARN  server.GrpcLogAppender (GrpcLogAppender.java:mayWait(149)) - bc0382cc-50e2-4d58-b2de-e8b6250f3520@group-6EFDA1954403->1bc296c6-def6-4ae4-8c62-5b4c951a28f1-GrpcLogAppender: Wait interrupted by java.lang.InterruptedException
2019-10-18 08:18:06,506 [grpc-default-executor-5] INFO  impl.PendingRequests (PendingRequests.java:sendNotLeaderResponses(202)) - bc0382cc-50e2-4d58-b2de-e8b6250f3520@group-6EFDA1954403-PendingRequests: sendNotLeaderResponses
2019-10-18 08:18:06,509 [grpc-default-executor-3] INFO  server.GrpcServerProtocolService (GrpcServerProtocolService.java:onCompleted(113)) - 47aecc56-7e95-480d-b89c-2c00d33b4782: Completed APPEND_ENTRIES, lastRequest: bc0382cc-50e2-4d58-b2de-e8b6250f3520->47aecc56-7e95-480d-b89c-2c00d33b4782#29-t3, previous=(t:3, i:2), leaderCommit=0, initializing? false, entries: <empty>
2019-10-18 08:18:06,509 [grpc-default-executor-2] INFO  server.GrpcServerProtocolService (GrpcServerProtocolService.java:onCompleted(113)) - 1bc296c6-def6-4ae4-8c62-5b4c951a28f1: Completed APPEND_ENTRIES, lastRequest: bc0382cc-50e2-4d58-b2de-e8b6250f3520->1bc296c6-def6-4ae4-8c62-5b4c951a28f1#29-t3, previous=(t:3, i:2), leaderCommit=0, initializing? false, entries: <empty>
2019-10-18 08:18:06,510 [grpc-default-executor-5] INFO  impl.StateMachineUpdater (StateMachineUpdater.java:stopAndJoin(136)) - bc0382cc-50e2-4d58-b2de-e8b6250f3520@group-6EFDA1954403-StateMachineUpdater: set stopIndex = 0
2019-10-18 08:18:06,525 [grpc-default-executor-5] INFO  impl.RaftServerImpl (ServerState.java:close(388)) - bc0382cc-50e2-4d58-b2de-e8b6250f3520@group-6EFDA1954403: closes. applyIndex: 0
2019-10-18 08:18:06,526 [bc0382cc-50e2-4d58-b2de-e8b6250f3520@group-6EFDA1954403-SegmentedRaftLogWorker] INFO  segmented.SegmentedRaftLogWorker (SegmentedRaftLogWorker.java:run(316)) - bc0382cc-50e2-4d58-b2de-e8b6250f3520@group-6EFDA1954403-SegmentedRaftLogWorker was interrupted, exiting. There are 0 tasks remaining in the queue.
2019-10-18 08:18:06,526 [grpc-default-executor-2] INFO  server.GrpcLogAppender (GrpcLogAppender.java:onCompleted(308)) - bc0382cc-50e2-4d58-b2de-e8b6250f3520@group-6EFDA1954403->1bc296c6-def6-4ae4-8c62-5b4c951a28f1-AppendLogResponseHandler: follower responses appendEntries COMPLETED
2019-10-18 08:18:06,528 [grpc-default-executor-5] INFO  segmented.SegmentedRaftLogWorker (SegmentedRaftLogWorker.java:close(224)) - bc0382cc-50e2-4d58-b2de-e8b6250f3520@group-6EFDA1954403-SegmentedRaftLogWorker close()
2019-10-18 08:18:06,528 [grpc-default-executor-3] INFO  server.GrpcLogAppender (GrpcLogAppender.java:onCompleted(308)) - bc0382cc-50e2-4d58-b2de-e8b6250f3520@group-6EFDA1954403->47aecc56-7e95-480d-b89c-2c00d33b4782-AppendLogResponseHandler: follower responses appendEntries COMPLETED
2019-10-18 08:18:06,532 [grpc-default-executor-2] INFO  impl.FollowerInfo (FollowerInfo.java:lambda$new$0(51)) - bc0382cc-50e2-4d58-b2de-e8b6250f3520@group-6EFDA1954403->1bc296c6-def6-4ae4-8c62-5b4c951a28f1: nextIndex: updateUnconditionally 3 -> 2
2019-10-18 08:18:06,535 [grpc-default-executor-3] INFO  impl.FollowerInfo (FollowerInfo.java:lambda$new$0(51)) - bc0382cc-50e2-4d58-b2de-e8b6250f3520@group-6EFDA1954403->47aecc56-7e95-480d-b89c-2c00d33b4782: nextIndex: updateUnconditionally 3 -> 2
2019-10-18 08:18:06,552 [grpc-default-executor-0] INFO  impl.RaftServerProxy (RaftServerProxy.java:remove(95)) - 1bc296c6-def6-4ae4-8c62-5b4c951a28f1: remove  FOLLOWER 1bc296c6-def6-4ae4-8c62-5b4c951a28f1@group-6EFDA1954403:t3, leader=bc0382cc-50e2-4d58-b2de-e8b6250f3520, voted=1bc296c6-def6-4ae4-8c62-5b4c951a28f1, raftlog=1bc296c6-def6-4ae4-8c62-5b4c951a28f1@group-6EFDA1954403-SegmentedRaftLog:OPENED:c0,f2,i2, conf=0: [47aecc56-7e95-480d-b89c-2c00d33b4782:192.168.69.67:34550, 1bc296c6-def6-4ae4-8c62-5b4c951a28f1:192.168.69.67:37222, bc0382cc-50e2-4d58-b2de-e8b6250f3520:192.168.69.67:37666], old=null RUNNING
2019-10-18 08:18:06,552 [grpc-default-executor-0] INFO  impl.RaftServerImpl (RaftServerImpl.java:lambda$shutdown$3(261)) - 1bc296c6-def6-4ae4-8c62-5b4c951a28f1@group-6EFDA1954403: shutdown
2019-10-18 08:18:06,552 [grpc-default-executor-0] INFO  util.JmxRegister (JmxRegister.java:unregister(73)) - Successfully un-registered JMX Bean with object name Ratis:service=RaftServer,group=group-6EFDA1954403,id=1bc296c6-def6-4ae4-8c62-5b4c951a28f1
2019-10-18 08:18:06,553 [grpc-default-executor-0] INFO  impl.RoleInfo (RoleInfo.java:shutdownFollowerState(121)) - 1bc296c6-def6-4ae4-8c62-5b4c951a28f1: shutdown FollowerState
2019-10-18 08:18:06,553 [grpc-default-executor-0] INFO  impl.StateMachineUpdater (StateMachineUpdater.java:stopAndJoin(136)) - 1bc296c6-def6-4ae4-8c62-5b4c951a28f1@group-6EFDA1954403-StateMachineUpdater: set stopIndex = 0
2019-10-18 08:18:06,553 [Thread-399] INFO  impl.FollowerState (FollowerState.java:run(117)) - 1bc296c6-def6-4ae4-8c62-5b4c951a28f1@group-6EFDA1954403-FollowerState was interrupted: java.lang.InterruptedException: sleep interrupted
2019-10-18 08:18:06,554 [grpc-default-executor-0] INFO  impl.RaftServerImpl (ServerState.java:close(388)) - 1bc296c6-def6-4ae4-8c62-5b4c951a28f1@group-6EFDA1954403: closes. applyIndex: 0
2019-10-18 08:18:06,555 [1bc296c6-def6-4ae4-8c62-5b4c951a28f1@group-6EFDA1954403-SegmentedRaftLogWorker] INFO  segmented.SegmentedRaftLogWorker (SegmentedRaftLogWorker.java:run(316)) - 1bc296c6-def6-4ae4-8c62-5b4c951a28f1@group-6EFDA1954403-SegmentedRaftLogWorker was interrupted, exiting. There are 0 tasks remaining in the queue.
2019-10-18 08:18:06,556 [grpc-default-executor-0] INFO  segmented.SegmentedRaftLogWorker (SegmentedRaftLogWorker.java:close(224)) - 1bc296c6-def6-4ae4-8c62-5b4c951a28f1@group-6EFDA1954403-SegmentedRaftLogWorker close()
2019-10-18 08:18:06,630 [grpc-default-executor-0] INFO  interfaces.Container (KeyValueContainer.java:flushAndSyncDB(386)) - Container 4 is synced with bcsId 0.
2019-10-18 08:18:06,632 [grpc-default-executor-0] INFO  interfaces.Container (KeyValueContainer.java:flushAndSyncDB(386)) - Container 4 is synced with bcsId 0.
2019-10-18 08:18:06,652 [EventQueue-IncrementalContainerReportForIncrementalContainerReportHandler] INFO  container.IncrementalContainerReportHandler (AbstractContainerReportHandler.java:updateContainerState(171)) - Moving container #4 to QUASI_CLOSED state, datanode 1bc296c6-def6-4ae4-8c62-5b4c951a28f1{ip: 192.168.69.67, host: pr-hdds-1868-wx8dl-4219780377, networkLocation: /default-rack, certSerialId: null} reported QUASI_CLOSED replica.
2019-10-18 08:18:06,660 [grpc-default-executor-0] INFO  impl.RaftServerProxy (RaftServerProxy.java:remove(95)) - 47aecc56-7e95-480d-b89c-2c00d33b4782: remove  FOLLOWER 47aecc56-7e95-480d-b89c-2c00d33b4782@group-6EFDA1954403:t3, leader=bc0382cc-50e2-4d58-b2de-e8b6250f3520, voted=bc0382cc-50e2-4d58-b2de-e8b6250f3520, raftlog=47aecc56-7e95-480d-b89c-2c00d33b4782@group-6EFDA1954403-SegmentedRaftLog:OPENED:c0,f2,i2, conf=0: [47aecc56-7e95-480d-b89c-2c00d33b4782:192.168.69.67:34550, 1bc296c6-def6-4ae4-8c62-5b4c951a28f1:192.168.69.67:37222, bc0382cc-50e2-4d58-b2de-e8b6250f3520:192.168.69.67:37666], old=null RUNNING
2019-10-18 08:18:06,661 [grpc-default-executor-0] INFO  impl.RaftServerImpl (RaftServerImpl.java:lambda$shutdown$3(261)) - 47aecc56-7e95-480d-b89c-2c00d33b4782@group-6EFDA1954403: shutdown
2019-10-18 08:18:06,661 [grpc-default-executor-0] INFO  util.JmxRegister (JmxRegister.java:unregister(73)) - Successfully un-registered JMX Bean with object name Ratis:service=RaftServer,group=group-6EFDA1954403,id=47aecc56-7e95-480d-b89c-2c00d33b4782
2019-10-18 08:18:06,661 [grpc-default-executor-0] INFO  impl.RoleInfo (RoleInfo.java:shutdownFollowerState(121)) - 47aecc56-7e95-480d-b89c-2c00d33b4782: shutdown FollowerState
2019-10-18 08:18:06,661 [grpc-default-executor-0] INFO  impl.StateMachineUpdater (StateMachineUpdater.java:stopAndJoin(136)) - 47aecc56-7e95-480d-b89c-2c00d33b4782@group-6EFDA1954403-StateMachineUpdater: set stopIndex = 0
2019-10-18 08:18:06,661 [Thread-398] INFO  impl.FollowerState (FollowerState.java:run(117)) - 47aecc56-7e95-480d-b89c-2c00d33b4782@group-6EFDA1954403-FollowerState was interrupted: java.lang.InterruptedException: sleep interrupted
2019-10-18 08:18:06,663 [grpc-default-executor-0] INFO  impl.RaftServerImpl (ServerState.java:close(388)) - 47aecc56-7e95-480d-b89c-2c00d33b4782@group-6EFDA1954403: closes. applyIndex: 0
2019-10-18 08:18:06,663 [47aecc56-7e95-480d-b89c-2c00d33b4782@group-6EFDA1954403-SegmentedRaftLogWorker] INFO  segmented.SegmentedRaftLogWorker (SegmentedRaftLogWorker.java:run(316)) - 47aecc56-7e95-480d-b89c-2c00d33b4782@group-6EFDA1954403-SegmentedRaftLogWorker was interrupted, exiting. There are 0 tasks remaining in the queue.
2019-10-18 08:18:06,665 [grpc-default-executor-0] INFO  segmented.SegmentedRaftLogWorker (SegmentedRaftLogWorker.java:close(224)) - 47aecc56-7e95-480d-b89c-2c00d33b4782@group-6EFDA1954403-SegmentedRaftLogWorker close()
2019-10-18 08:18:06,749 [grpc-default-executor-0] INFO  interfaces.Container (KeyValueContainer.java:flushAndSyncDB(386)) - Container 4 is synced with bcsId 0.
2019-10-18 08:18:06,749 [grpc-default-executor-0] INFO  interfaces.Container (KeyValueContainer.java:flushAndSyncDB(386)) - Container 4 is synced with bcsId 0.
2019-10-18 08:18:06,769 [RatisPipelineUtilsThread] INFO  pipeline.PipelineStateManager (PipelineStateManager.java:removePipeline(106)) - Pipeline Pipeline[ Id: da955a73-775c-45ba-8243-6efda1954403, Nodes: bc0382cc-50e2-4d58-b2de-e8b6250f3520{ip: 192.168.69.67, host: pr-hdds-1868-wx8dl-4219780377, networkLocation: /default-rack, certSerialId: null}1bc296c6-def6-4ae4-8c62-5b4c951a28f1{ip: 192.168.69.67, host: pr-hdds-1868-wx8dl-4219780377, networkLocation: /default-rack, certSerialId: null}47aecc56-7e95-480d-b89c-2c00d33b4782{ip: 192.168.69.67, host: pr-hdds-1868-wx8dl-4219780377, networkLocation: /default-rack, certSerialId: null}, Type:RATIS, Factor:THREE, State:CLOSED] removed from db
2019-10-18 08:18:06,777 [grpc-default-executor-0] INFO  impl.RaftServerProxy (RaftServerProxy.java:remove(95)) - bc0382cc-50e2-4d58-b2de-e8b6250f3520: remove group-6EFDA1954403:null
2019-10-18 08:18:06,789 [RatisPipelineUtilsThread] WARN  pipeline.RatisPipelineUtils (RatisPipelineUtils.java:destroyPipeline(69)) - Pipeline destroy failed for pipeline=PipelineID=da955a73-775c-45ba-8243-6efda1954403 dn=bc0382cc-50e2-4d58-b2de-e8b6250f3520{ip: 192.168.69.67, host: pr-hdds-1868-wx8dl-4219780377, networkLocation: /default-rack, certSerialId: null}
2019-10-18 08:18:06,797 [grpc-default-executor-0] INFO  impl.RaftServerProxy (RaftServerProxy.java:remove(95)) - 1bc296c6-def6-4ae4-8c62-5b4c951a28f1: remove group-6EFDA1954403:null
2019-10-18 08:18:06,806 [RatisPipelineUtilsThread] WARN  pipeline.RatisPipelineUtils (RatisPipelineUtils.java:destroyPipeline(69)) - Pipeline destroy failed for pipeline=PipelineID=da955a73-775c-45ba-8243-6efda1954403 dn=1bc296c6-def6-4ae4-8c62-5b4c951a28f1{ip: 192.168.69.67, host: pr-hdds-1868-wx8dl-4219780377, networkLocation: /default-rack, certSerialId: null}
2019-10-18 08:18:06,812 [grpc-default-executor-0] INFO  impl.RaftServerProxy (RaftServerProxy.java:remove(95)) - 47aecc56-7e95-480d-b89c-2c00d33b4782: remove group-6EFDA1954403:null
2019-10-18 08:18:06,820 [RatisPipelineUtilsThread] WARN  pipeline.RatisPipelineUtils (RatisPipelineUtils.java:destroyPipeline(69)) - Pipeline destroy failed for pipeline=PipelineID=da955a73-775c-45ba-8243-6efda1954403 dn=47aecc56-7e95-480d-b89c-2c00d33b4782{ip: 192.168.69.67, host: pr-hdds-1868-wx8dl-4219780377, networkLocation: /default-rack, certSerialId: null}
2019-10-18 08:18:06,820 [RatisPipelineUtilsThread] ERROR pipeline.SCMPipelineManager (Scheduler.java:lambda$schedule$1(70)) - Destroy pipeline failed for pipeline:Pipeline[ Id: da955a73-775c-45ba-8243-6efda1954403, Nodes: bc0382cc-50e2-4d58-b2de-e8b6250f3520{ip: 192.168.69.67, host: pr-hdds-1868-wx8dl-4219780377, networkLocation: /default-rack, certSerialId: null}1bc296c6-def6-4ae4-8c62-5b4c951a28f1{ip: 192.168.69.67, host: pr-hdds-1868-wx8dl-4219780377, networkLocation: /default-rack, certSerialId: null}47aecc56-7e95-480d-b89c-2c00d33b4782{ip: 192.168.69.67, host: pr-hdds-1868-wx8dl-4219780377, networkLocation: /default-rack, certSerialId: null}, Type:RATIS, Factor:THREE, State:CLOSED]
org.apache.hadoop.hdds.scm.pipeline.PipelineNotFoundException: PipelineID=da955a73-775c-45ba-8243-6efda1954403 not found
	at org.apache.hadoop.hdds.scm.pipeline.PipelineStateMap.getPipeline(PipelineStateMap.java:132)
	at org.apache.hadoop.hdds.scm.pipeline.PipelineStateMap.removePipeline(PipelineStateMap.java:322)
	at org.apache.hadoop.hdds.scm.pipeline.PipelineStateManager.removePipeline(PipelineStateManager.java:105)
	at org.apache.hadoop.hdds.scm.pipeline.SCMPipelineManager.removePipeline(SCMPipelineManager.java:427)
	at org.apache.hadoop.hdds.scm.pipeline.SCMPipelineManager.destroyPipeline(SCMPipelineManager.java:413)
	at org.apache.hadoop.hdds.scm.pipeline.SCMPipelineManager.lambda$finalizeAndDestroyPipeline$0(SCMPipelineManager.java:322)
	at org.apache.hadoop.hdds.utils.Scheduler.lambda$schedule$1(Scheduler.java:68)
	at java.util.concurrent.Executors$RunnableAdapter.call(Executors.java:511)
	at java.util.concurrent.FutureTask.run(FutureTask.java:266)
	at java.util.concurrent.ScheduledThreadPoolExecutor$ScheduledFutureTask.access$201(ScheduledThreadPoolExecutor.java:180)
	at java.util.concurrent.ScheduledThreadPoolExecutor$ScheduledFutureTask.run(ScheduledThreadPoolExecutor.java:293)
	at java.util.concurrent.ThreadPoolExecutor.runWorker(ThreadPoolExecutor.java:1149)
	at java.util.concurrent.ThreadPoolExecutor$Worker.run(ThreadPoolExecutor.java:624)
	at java.lang.Thread.run(Thread.java:748)
 0.00% |?                                                                                                    |  0/1 Time: 0:02:152019-10-18 08:18:07,563 [pool-73-thread-3] WARN  io.KeyOutputStream (KeyOutputStream.java:handleException(274)) - Encountered exception java.io.IOException: Unexpected Storage Container Exception: java.util.concurrent.CompletionException: java.util.concurrent.CompletionException: org.apache.ratis.protocol.GroupMismatchException: 47aecc56-7e95-480d-b89c-2c00d33b4782: group-6EFDA1954403 not found. on the pipeline Pipeline[ Id: da955a73-775c-45ba-8243-6efda1954403, Nodes: bc0382cc-50e2-4d58-b2de-e8b6250f3520{ip: 192.168.69.67, host: pr-hdds-1868-wx8dl-4219780377, networkLocation: /default-rack, certSerialId: null}1bc296c6-def6-4ae4-8c62-5b4c951a28f1{ip: 192.168.69.67, host: pr-hdds-1868-wx8dl-4219780377, networkLocation: /default-rack, certSerialId: null}47aecc56-7e95-480d-b89c-2c00d33b4782{ip: 192.168.69.67, host: pr-hdds-1868-wx8dl-4219780377, networkLocation: /default-rack, certSerialId: null}, Type:RATIS, Factor:THREE, State:OPEN]. The last committed block length is 0, uncommitted data length is 2097152 retry count 1
2019-10-18 08:18:07,728 [pool-46-thread-3] ERROR impl.ChunkManagerImpl (ChunkManagerDummyImpl.java:writeChunk(86)) - data array does not match the length specified. DataLen: 1048576 Byte Array: 1048745
2019-10-18 08:18:07,730 [pool-46-thread-3] ERROR impl.ChunkManagerDummyImpl (ChunkManagerDummyImpl.java:writeChunk(105)) - write data failed. error: {}
org.apache.hadoop.hdds.scm.container.common.helpers.StorageContainerException: data array does not match the length specified. DataLen: 1048576 Byte Array: 1048745
	at org.apache.hadoop.ozone.container.keyvalue.impl.ChunkManagerDummyImpl.writeChunk(ChunkManagerDummyImpl.java:87)
	at org.apache.hadoop.ozone.container.keyvalue.KeyValueHandler.handleWriteChunk(KeyValueHandler.java:696)
	at org.apache.hadoop.ozone.container.keyvalue.KeyValueHandler.handle(KeyValueHandler.java:176)
	at org.apache.hadoop.ozone.container.common.impl.HddsDispatcher.dispatchRequest(HddsDispatcher.java:277)
	at org.apache.hadoop.ozone.container.common.impl.HddsDispatcher.dispatch(HddsDispatcher.java:150)
	at org.apache.hadoop.ozone.container.common.transport.server.ratis.ContainerStateMachine.dispatchCommand(ContainerStateMachine.java:415)
	at org.apache.hadoop.ozone.container.common.transport.server.ratis.ContainerStateMachine.runCommand(ContainerStateMachine.java:425)
	at org.apache.hadoop.ozone.container.common.transport.server.ratis.ContainerStateMachine.lambda$handleWriteChunk$1(ContainerStateMachine.java:460)
	at java.util.concurrent.CompletableFuture$AsyncSupply.run(CompletableFuture.java:1590)
	at java.util.concurrent.ThreadPoolExecutor.runWorker(ThreadPoolExecutor.java:1149)
	at java.util.concurrent.ThreadPoolExecutor$Worker.run(ThreadPoolExecutor.java:624)
	at java.lang.Thread.run(Thread.java:748)
2019-10-18 08:18:07,731 [pool-46-thread-3] INFO  keyvalue.KeyValueHandler (ContainerUtils.java:logAndReturnError(146)) - Operation: WriteChunk : Trace ID: 8a46b4734234ffe4:7333c09b773615b0:99c22f4b82e9bdcf:0 : Message: Internal error:  : Result: CONTAINER_INTERNAL_ERROR
08:18:07.763 [pool-46-thread-3] ERROR DNAudit - user=null | ip=null | op=WRITE_CHUNK {blockData=conID: 5 locID: 102982397957570567 bcsId: 0} | ret=FAILURE
java.lang.Exception: Internal error: 
	at org.apache.hadoop.ozone.container.common.impl.HddsDispatcher.dispatchRequest(HddsDispatcher.java:332) ~[hadoop-hdds-container-service-0.5.0-SNAPSHOT.jar:?]
	at org.apache.hadoop.ozone.container.common.impl.HddsDispatcher.dispatch(HddsDispatcher.java:150) ~[hadoop-hdds-container-service-0.5.0-SNAPSHOT.jar:?]
	at org.apache.hadoop.ozone.container.common.transport.server.ratis.ContainerStateMachine.dispatchCommand(ContainerStateMachine.java:415) ~[hadoop-hdds-container-service-0.5.0-SNAPSHOT.jar:?]
	at org.apache.hadoop.ozone.container.common.transport.server.ratis.ContainerStateMachine.runCommand(ContainerStateMachine.java:425) ~[hadoop-hdds-container-service-0.5.0-SNAPSHOT.jar:?]
	at org.apache.hadoop.ozone.container.common.transport.server.ratis.ContainerStateMachine.lambda$handleWriteChunk$1(ContainerStateMachine.java:460) ~[hadoop-hdds-container-service-0.5.0-SNAPSHOT.jar:?]
	at java.util.concurrent.CompletableFuture$AsyncSupply.run(CompletableFuture.java:1590) [?:1.8.0_222]
	at java.util.concurrent.ThreadPoolExecutor.runWorker(ThreadPoolExecutor.java:1149) [?:1.8.0_222]
	at java.util.concurrent.ThreadPoolExecutor$Worker.run(ThreadPoolExecutor.java:624) [?:1.8.0_222]
	at java.lang.Thread.run(Thread.java:748) [?:1.8.0_222]
2019-10-18 08:18:07,764 [EventQueue-IncrementalContainerReportForIncrementalContainerReportHandler] WARN  container.IncrementalContainerReportHandler (AbstractContainerReportHandler.java:updateContainerState(145)) - Container #5 is in OPEN state, but the datanode 1bc296c6-def6-4ae4-8c62-5b4c951a28f1{ip: 192.168.69.67, host: pr-hdds-1868-wx8dl-4219780377, networkLocation: /default-rack, certSerialId: null} reports an UNHEALTHY replica.
2019-10-18 08:18:07,767 [EventQueue-CloseContainerForCloseContainerEventHandler] INFO  container.CloseContainerEventHandler (CloseContainerEventHandler.java:onMessage(61)) - Close container Event triggered for container : #5
2019-10-18 08:18:07,767 [pool-46-thread-3] ERROR ratis.ContainerStateMachine (ContainerStateMachine.java:lambda$handleWriteChunk$2(482)) - group-40BE17638FC6: writeChunk writeStateMachineData failed: blockIdcontainerID: 5
localID: 102982397957570567
blockCommitSequenceId: 0
 logIndex 1 chunkName 102982397957570567_chunk_1 Error message: Internal error:  Container Result: CONTAINER_INTERNAL_ERROR
2019-10-18 08:18:07,769 [1bc296c6-def6-4ae4-8c62-5b4c951a28f1@group-40BE17638FC6-SegmentedRaftLogWorker] ERROR ratis.XceiverServerRatis (XceiverServerRatis.java:triggerPipelineClose(588)) - pipeline Action CLOSE  on pipeline PipelineID=75b66265-9a25-49f8-bb8b-40be17638fc6.Reason : Internal error: 
2019-10-18 08:18:07,770 [EventQueue-PipelineActionsForPipelineActionHandler] ERROR pipeline.PipelineActionHandler (PipelineActionHandler.java:onMessage(60)) - Received pipeline action CLOSE for Pipeline[ Id: 75b66265-9a25-49f8-bb8b-40be17638fc6, Nodes: bc0382cc-50e2-4d58-b2de-e8b6250f3520{ip: 192.168.69.67, host: pr-hdds-1868-wx8dl-4219780377, networkLocation: /default-rack, certSerialId: null}1bc296c6-def6-4ae4-8c62-5b4c951a28f1{ip: 192.168.69.67, host: pr-hdds-1868-wx8dl-4219780377, networkLocation: /default-rack, certSerialId: null}47aecc56-7e95-480d-b89c-2c00d33b4782{ip: 192.168.69.67, host: pr-hdds-1868-wx8dl-4219780377, networkLocation: /default-rack, certSerialId: null}, Type:RATIS, Factor:THREE, State:OPEN] from datanode 1bc296c6-def6-4ae4-8c62-5b4c951a28f1{ip: 192.168.69.67, host: pr-hdds-1868-wx8dl-4219780377, networkLocation: /default-rack, certSerialId: null}. Reason : Internal error: 
2019-10-18 08:18:07,770 [EventQueue-PipelineActionsForPipelineActionHandler] INFO  pipeline.SCMPipelineManager (SCMPipelineManager.java:finalizeAndDestroyPipeline(315)) - destroying pipeline:Pipeline[ Id: 75b66265-9a25-49f8-bb8b-40be17638fc6, Nodes: bc0382cc-50e2-4d58-b2de-e8b6250f3520{ip: 192.168.69.67, host: pr-hdds-1868-wx8dl-4219780377, networkLocation: /default-rack, certSerialId: null}1bc296c6-def6-4ae4-8c62-5b4c951a28f1{ip: 192.168.69.67, host: pr-hdds-1868-wx8dl-4219780377, networkLocation: /default-rack, certSerialId: null}47aecc56-7e95-480d-b89c-2c00d33b4782{ip: 192.168.69.67, host: pr-hdds-1868-wx8dl-4219780377, networkLocation: /default-rack, certSerialId: null}, Type:RATIS, Factor:THREE, State:OPEN]
2019-10-18 08:18:07,770 [EventQueue-PipelineActionsForPipelineActionHandler] INFO  pipeline.PipelineStateManager (PipelineStateManager.java:finalizePipeline(121)) - Pipeline Pipeline[ Id: 75b66265-9a25-49f8-bb8b-40be17638fc6, Nodes: bc0382cc-50e2-4d58-b2de-e8b6250f3520{ip: 192.168.69.67, host: pr-hdds-1868-wx8dl-4219780377, networkLocation: /default-rack, certSerialId: null}1bc296c6-def6-4ae4-8c62-5b4c951a28f1{ip: 192.168.69.67, host: pr-hdds-1868-wx8dl-4219780377, networkLocation: /default-rack, certSerialId: null}47aecc56-7e95-480d-b89c-2c00d33b4782{ip: 192.168.69.67, host: pr-hdds-1868-wx8dl-4219780377, networkLocation: /default-rack, certSerialId: null}, Type:RATIS, Factor:THREE, State:CLOSED] moved to CLOSED state
2019-10-18 08:18:07,777 [1bc296c6-def6-4ae4-8c62-5b4c951a28f1@group-40BE17638FC6-SegmentedRaftLogWorker] ERROR ratis.XceiverServerRatis (XceiverServerRatis.java:triggerPipelineClose(588)) - pipeline Action CLOSE  on pipeline PipelineID=75b66265-9a25-49f8-bb8b-40be17638fc6.Reason : Log already failed at index 1 for task WriteLog:1: (t:3, i:1), STATEMACHINELOGENTRY, client-81F703EB37B0, cid=31
2019-10-18 08:18:07,778 [EventQueue-PipelineActionsForPipelineActionHandler] ERROR pipeline.PipelineActionHandler (PipelineActionHandler.java:onMessage(60)) - Received pipeline action CLOSE for Pipeline[ Id: 75b66265-9a25-49f8-bb8b-40be17638fc6, Nodes: bc0382cc-50e2-4d58-b2de-e8b6250f3520{ip: 192.168.69.67, host: pr-hdds-1868-wx8dl-4219780377, networkLocation: /default-rack, certSerialId: null}1bc296c6-def6-4ae4-8c62-5b4c951a28f1{ip: 192.168.69.67, host: pr-hdds-1868-wx8dl-4219780377, networkLocation: /default-rack, certSerialId: null}47aecc56-7e95-480d-b89c-2c00d33b4782{ip: 192.168.69.67, host: pr-hdds-1868-wx8dl-4219780377, networkLocation: /default-rack, certSerialId: null}, Type:RATIS, Factor:THREE, State:CLOSED] from datanode 1bc296c6-def6-4ae4-8c62-5b4c951a28f1{ip: 192.168.69.67, host: pr-hdds-1868-wx8dl-4219780377, networkLocation: /default-rack, certSerialId: null}. Reason : Log already failed at index 1 for task WriteLog:1: (t:3, i:1), STATEMACHINELOGENTRY, client-81F703EB37B0, cid=31
2019-10-18 08:18:07,779 [EventQueue-PipelineActionsForPipelineActionHandler] INFO  pipeline.SCMPipelineManager (SCMPipelineManager.java:finalizeAndDestroyPipeline(315)) - destroying pipeline:Pipeline[ Id: 75b66265-9a25-49f8-bb8b-40be17638fc6, Nodes: bc0382cc-50e2-4d58-b2de-e8b6250f3520{ip: 192.168.69.67, host: pr-hdds-1868-wx8dl-4219780377, networkLocation: /default-rack, certSerialId: null}1bc296c6-def6-4ae4-8c62-5b4c951a28f1{ip: 192.168.69.67, host: pr-hdds-1868-wx8dl-4219780377, networkLocation: /default-rack, certSerialId: null}47aecc56-7e95-480d-b89c-2c00d33b4782{ip: 192.168.69.67, host: pr-hdds-1868-wx8dl-4219780377, networkLocation: /default-rack, certSerialId: null}, Type:RATIS, Factor:THREE, State:CLOSED]
 0.00% |?                                                                                                    |  0/1 Time: 0:02:16 0.00% |?                                                                                                    |  0/1 Time: 0:02:17 0.00% |?                                                                                                    |  0/1 Time: 0:02:18 0.00% |?                                                                                                    |  0/1 Time: 0:02:19 0.00% |?                                                                                                    |  0/1 Time: 0:02:20 0.00% |?                                                                                                    |  0/1 Time: 0:02:21 0.00% |?                                                                                                    |  0/1 Time: 0:02:22 0.00% |?                                                                                                    |  0/1 Time: 0:02:23 0.00% |?                                                                                                    |  0/1 Time: 0:02:24 0.00% |?                                                                                                    |  0/1 Time: 0:02:25 0.00% |?                                                                                                    |  0/1 Time: 0:02:26 0.00% |?                                                                                                    |  0/1 Time: 0:02:27 0.00% |?                                                                                                    |  0/1 Time: 0:02:28 0.00% |?                                                                                                    |  0/1 Time: 0:02:29 0.00% |?                                                                                                    |  0/1 Time: 0:02:30 0.00% |?                                                                                                    |  0/1 Time: 0:02:31 0.00% |?                                                                                                    |  0/1 Time: 0:02:32 0.00% |?                                                                                                    |  0/1 Time: 0:02:33 0.00% |?                                                                                                    |  0/1 Time: 0:02:34 0.00% |?                                                                                                    |  0/1 Time: 0:02:35 0.00% |?                                                                                                    |  0/1 Time: 0:02:36 0.00% |?                                                                                                    |  0/1 Time: 0:02:37 0.00% |?                                                                                                    |  0/1 Time: 0:02:38 0.00% |?                                                                                                    |  0/1 Time: 0:02:39 0.00% |?                                                                                                    |  0/1 Time: 0:02:40 0.00% |?                                                                                                    |  0/1 Time: 0:02:41 0.00% |?                                                                                                    |  0/1 Time: 0:02:42 0.00% |?                                                                                                    |  0/1 Time: 0:02:43 0.00% |?                                                                                                    |  0/1 Time: 0:02:44 0.00% |?                                                                                                    |  0/1 Time: 0:02:45 0.00% |?                                                                                                    |  0/1 Time: 0:02:46 0.00% |?                                                                                                    |  0/1 Time: 0:02:47 0.00% |?                                                                                                    |  0/1 Time: 0:02:48 0.00% |?                                                                                                    |  0/1 Time: 0:02:49 0.00% |?                                                                                                    |  0/1 Time: 0:02:50 0.00% |?                                                                                                    |  0/1 Time: 0:02:51 0.00% |?                                                                                                    |  0/1 Time: 0:02:52 0.00% |?                                                                                                    |  0/1 Time: 0:02:53 0.00% |?                                                                                                    |  0/1 Time: 0:02:54 0.00% |?                                                                                                    |  0/1 Time: 0:02:55 0.00% |?                                                                                                    |  0/1 Time: 0:02:56 0.00% |?                                                                                                    |  0/1 Time: 0:02:57 0.00% |?                                                                                                    |  0/1 Time: 0:02:58 0.00% |?                                                                                                    |  0/1 Time: 0:02:59 0.00% |?                                                                                                    |  0/1 Time: 0:03:00 0.00% |?                                                                                                    |  0/1 Time: 0:03:01 0.00% |?                                                                                                    |  0/1 Time: 0:03:02 0.00% |?                                                                                                    |  0/1 Time: 0:03:03 0.00% |?                                                                                                    |  0/1 Time: 0:03:04 0.00% |?                                                                                                    |  0/1 Time: 0:03:05 0.00% |?                                                                                                    |  0/1 Time: 0:03:06 0.00% |?                                                                                                    |  0/1 Time: 0:03:07 0.00% |?                                                                                                    |  0/1 Time: 0:03:08 0.00% |?                                                                                                    |  0/1 Time: 0:03:09 0.00% |?                                                                                                    |  0/1 Time: 0:03:10 0.00% |?                                                                                                    |  0/1 Time: 0:03:11 0.00% |?                                                                                                    |  0/1 Time: 0:03:12 0.00% |?                                                                                                    |  0/1 Time: 0:03:13 0.00% |?                                                                                                    |  0/1 Time: 0:03:14 0.00% |?                                                                                                    |  0/1 Time: 0:03:15 0.00% |?                                                                                                    |  0/1 Time: 0:03:16 0.00% |?                                                                                                    |  0/1 Time: 0:03:17 0.00% |?                                                                                                    |  0/1 Time: 0:03:18 0.00% |?                                                                                                    |  0/1 Time: 0:03:19 0.00% |?                                                                                                    |  0/1 Time: 0:03:20 0.00% |?                                                                                                    |  0/1 Time: 0:03:212019-10-18 08:19:13,784 [grpc-default-executor-5] INFO  impl.RaftServerProxy (RaftServerProxy.java:remove(95)) - bc0382cc-50e2-4d58-b2de-e8b6250f3520: remove  FOLLOWER bc0382cc-50e2-4d58-b2de-e8b6250f3520@group-40BE17638FC6:t3, leader=1bc296c6-def6-4ae4-8c62-5b4c951a28f1, voted=1bc296c6-def6-4ae4-8c62-5b4c951a28f1, raftlog=bc0382cc-50e2-4d58-b2de-e8b6250f3520@group-40BE17638FC6-SegmentedRaftLog:OPENED:c0,f2,i2, conf=0: [47aecc56-7e95-480d-b89c-2c00d33b4782:192.168.69.67:34550, 1bc296c6-def6-4ae4-8c62-5b4c951a28f1:192.168.69.67:37222, bc0382cc-50e2-4d58-b2de-e8b6250f3520:192.168.69.67:37666], old=null RUNNING
2019-10-18 08:19:13,786 [grpc-default-executor-5] INFO  impl.RaftServerImpl (RaftServerImpl.java:lambda$shutdown$3(261)) - bc0382cc-50e2-4d58-b2de-e8b6250f3520@group-40BE17638FC6: shutdown
2019-10-18 08:19:13,787 [grpc-default-executor-5] INFO  util.JmxRegister (JmxRegister.java:unregister(73)) - Successfully un-registered JMX Bean with object name Ratis:service=RaftServer,group=group-40BE17638FC6,id=bc0382cc-50e2-4d58-b2de-e8b6250f3520
2019-10-18 08:19:13,787 [grpc-default-executor-5] INFO  impl.RoleInfo (RoleInfo.java:shutdownFollowerState(121)) - bc0382cc-50e2-4d58-b2de-e8b6250f3520: shutdown FollowerState
2019-10-18 08:19:13,787 [grpc-default-executor-5] INFO  impl.StateMachineUpdater (StateMachineUpdater.java:stopAndJoin(136)) - bc0382cc-50e2-4d58-b2de-e8b6250f3520@group-40BE17638FC6-StateMachineUpdater: set stopIndex = 0
2019-10-18 08:19:13,787 [Thread-502] INFO  impl.FollowerState (FollowerState.java:run(117)) - bc0382cc-50e2-4d58-b2de-e8b6250f3520@group-40BE17638FC6-FollowerState was interrupted: java.lang.InterruptedException: sleep interrupted
2019-10-18 08:19:13,790 [grpc-default-executor-5] INFO  impl.RaftServerImpl (ServerState.java:close(388)) - bc0382cc-50e2-4d58-b2de-e8b6250f3520@group-40BE17638FC6: closes. applyIndex: 0
2019-10-18 08:19:13,790 [bc0382cc-50e2-4d58-b2de-e8b6250f3520@group-40BE17638FC6-SegmentedRaftLogWorker] INFO  segmented.SegmentedRaftLogWorker (SegmentedRaftLogWorker.java:run(316)) - bc0382cc-50e2-4d58-b2de-e8b6250f3520@group-40BE17638FC6-SegmentedRaftLogWorker was interrupted, exiting. There are 0 tasks remaining in the queue.
2019-10-18 08:19:13,792 [grpc-default-executor-5] INFO  segmented.SegmentedRaftLogWorker (SegmentedRaftLogWorker.java:close(224)) - bc0382cc-50e2-4d58-b2de-e8b6250f3520@group-40BE17638FC6-SegmentedRaftLogWorker close()
2019-10-18 08:19:13,851 [grpc-default-executor-5] INFO  interfaces.Container (KeyValueContainer.java:flushAndSyncDB(386)) - Container 5 is synced with bcsId 0.
2019-10-18 08:19:13,852 [grpc-default-executor-5] INFO  interfaces.Container (KeyValueContainer.java:flushAndSyncDB(386)) - Container 5 is synced with bcsId 0.
2019-10-18 08:19:13,878 [EventQueue-IncrementalContainerReportForIncrementalContainerReportHandler] INFO  container.IncrementalContainerReportHandler (AbstractContainerReportHandler.java:updateContainerState(171)) - Moving container #5 to QUASI_CLOSED state, datanode bc0382cc-50e2-4d58-b2de-e8b6250f3520{ip: 192.168.69.67, host: pr-hdds-1868-wx8dl-4219780377, networkLocation: /default-rack, certSerialId: null} reported QUASI_CLOSED replica.
2019-10-18 08:19:13,889 [grpc-default-executor-5] INFO  impl.RaftServerProxy (RaftServerProxy.java:remove(95)) - 1bc296c6-def6-4ae4-8c62-5b4c951a28f1: remove    LEADER 1bc296c6-def6-4ae4-8c62-5b4c951a28f1@group-40BE17638FC6:t3, leader=1bc296c6-def6-4ae4-8c62-5b4c951a28f1, voted=1bc296c6-def6-4ae4-8c62-5b4c951a28f1, raftlog=1bc296c6-def6-4ae4-8c62-5b4c951a28f1@group-40BE17638FC6-SegmentedRaftLog:OPENED:c0,f0,i2, conf=0: [47aecc56-7e95-480d-b89c-2c00d33b4782:192.168.69.67:34550, 1bc296c6-def6-4ae4-8c62-5b4c951a28f1:192.168.69.67:37222, bc0382cc-50e2-4d58-b2de-e8b6250f3520:192.168.69.67:37666], old=null RUNNING
2019-10-18 08:19:13,890 [grpc-default-executor-5] INFO  impl.RaftServerImpl (RaftServerImpl.java:lambda$shutdown$3(261)) - 1bc296c6-def6-4ae4-8c62-5b4c951a28f1@group-40BE17638FC6: shutdown
2019-10-18 08:19:13,890 [grpc-default-executor-5] INFO  util.JmxRegister (JmxRegister.java:unregister(73)) - Successfully un-registered JMX Bean with object name Ratis:service=RaftServer,group=group-40BE17638FC6,id=1bc296c6-def6-4ae4-8c62-5b4c951a28f1
2019-10-18 08:19:13,890 [grpc-default-executor-5] INFO  impl.RoleInfo (RoleInfo.java:shutdownLeaderState(104)) - 1bc296c6-def6-4ae4-8c62-5b4c951a28f1: shutdown LeaderState
2019-10-18 08:19:13,893 [org.apache.ratis.server.impl.LogAppender$AppenderDaemon$$Lambda$420/930472032@654ff334] WARN  server.GrpcLogAppender (GrpcLogAppender.java:mayWait(149)) - 1bc296c6-def6-4ae4-8c62-5b4c951a28f1@group-40BE17638FC6->bc0382cc-50e2-4d58-b2de-e8b6250f3520-GrpcLogAppender: Wait interrupted by java.lang.InterruptedException
2019-10-18 08:19:13,894 [grpc-default-executor-5] INFO  impl.PendingRequests (PendingRequests.java:sendNotLeaderResponses(202)) - 1bc296c6-def6-4ae4-8c62-5b4c951a28f1@group-40BE17638FC6-PendingRequests: sendNotLeaderResponses
2019-10-18 08:19:13,893 [org.apache.ratis.server.impl.LogAppender$AppenderDaemon$$Lambda$420/930472032@34af8e06] WARN  server.GrpcLogAppender (GrpcLogAppender.java:mayWait(149)) - 1bc296c6-def6-4ae4-8c62-5b4c951a28f1@group-40BE17638FC6->47aecc56-7e95-480d-b89c-2c00d33b4782-GrpcLogAppender: Wait interrupted by java.lang.InterruptedException
2019-10-18 08:19:13,896 [grpc-default-executor-3] INFO  server.GrpcServerProtocolService (GrpcServerProtocolService.java:onCompleted(113)) - 47aecc56-7e95-480d-b89c-2c00d33b4782: Completed APPEND_ENTRIES, lastRequest: 1bc296c6-def6-4ae4-8c62-5b4c951a28f1->47aecc56-7e95-480d-b89c-2c00d33b4782#35-t3, previous=(t:3, i:2), leaderCommit=0, initializing? false, entries: <empty>
2019-10-18 08:19:13,896 [grpc-default-executor-0] INFO  server.GrpcServerProtocolService (GrpcServerProtocolService.java:onCompleted(113)) - bc0382cc-50e2-4d58-b2de-e8b6250f3520: Completed APPEND_ENTRIES, lastRequest: 1bc296c6-def6-4ae4-8c62-5b4c951a28f1->bc0382cc-50e2-4d58-b2de-e8b6250f3520#35-t3, previous=(t:3, i:2), leaderCommit=0, initializing? false, entries: <empty>
2019-10-18 08:19:13,900 [grpc-default-executor-3] INFO  server.GrpcLogAppender (GrpcLogAppender.java:onCompleted(308)) - 1bc296c6-def6-4ae4-8c62-5b4c951a28f1@group-40BE17638FC6->bc0382cc-50e2-4d58-b2de-e8b6250f3520-AppendLogResponseHandler: follower responses appendEntries COMPLETED
2019-10-18 08:19:13,900 [grpc-default-executor-5] INFO  impl.StateMachineUpdater (StateMachineUpdater.java:stopAndJoin(136)) - 1bc296c6-def6-4ae4-8c62-5b4c951a28f1@group-40BE17638FC6-StateMachineUpdater: set stopIndex = 0
2019-10-18 08:19:13,903 [grpc-default-executor-5] INFO  impl.RaftServerImpl (ServerState.java:close(388)) - 1bc296c6-def6-4ae4-8c62-5b4c951a28f1@group-40BE17638FC6: closes. applyIndex: 0
2019-10-18 08:19:13,903 [grpc-default-executor-7] INFO  server.GrpcLogAppender (GrpcLogAppender.java:onCompleted(308)) - 1bc296c6-def6-4ae4-8c62-5b4c951a28f1@group-40BE17638FC6->47aecc56-7e95-480d-b89c-2c00d33b4782-AppendLogResponseHandler: follower responses appendEntries COMPLETED
2019-10-18 08:19:13,904 [1bc296c6-def6-4ae4-8c62-5b4c951a28f1@group-40BE17638FC6-SegmentedRaftLogWorker] INFO  segmented.SegmentedRaftLogWorker (SegmentedRaftLogWorker.java:run(316)) - 1bc296c6-def6-4ae4-8c62-5b4c951a28f1@group-40BE17638FC6-SegmentedRaftLogWorker was interrupted, exiting. There are 0 tasks remaining in the queue.
2019-10-18 08:19:13,906 [grpc-default-executor-5] INFO  segmented.SegmentedRaftLogWorker (SegmentedRaftLogWorker.java:close(224)) - 1bc296c6-def6-4ae4-8c62-5b4c951a28f1@group-40BE17638FC6-SegmentedRaftLogWorker close()
2019-10-18 08:19:13,906 [grpc-default-executor-3] INFO  impl.FollowerInfo (FollowerInfo.java:lambda$new$0(51)) - 1bc296c6-def6-4ae4-8c62-5b4c951a28f1@group-40BE17638FC6->bc0382cc-50e2-4d58-b2de-e8b6250f3520: nextIndex: updateUnconditionally 3 -> 2
2019-10-18 08:19:13,909 [grpc-default-executor-7] INFO  impl.FollowerInfo (FollowerInfo.java:lambda$new$0(51)) - 1bc296c6-def6-4ae4-8c62-5b4c951a28f1@group-40BE17638FC6->47aecc56-7e95-480d-b89c-2c00d33b4782: nextIndex: updateUnconditionally 3 -> 2
2019-10-18 08:19:13,926 [grpc-default-executor-7] INFO  impl.RaftServerProxy (RaftServerProxy.java:remove(95)) - 47aecc56-7e95-480d-b89c-2c00d33b4782: remove  FOLLOWER 47aecc56-7e95-480d-b89c-2c00d33b4782@group-40BE17638FC6:t3, leader=1bc296c6-def6-4ae4-8c62-5b4c951a28f1, voted=null, raftlog=47aecc56-7e95-480d-b89c-2c00d33b4782@group-40BE17638FC6-SegmentedRaftLog:OPENED:c0,f2,i2, conf=0: [47aecc56-7e95-480d-b89c-2c00d33b4782:192.168.69.67:34550, 1bc296c6-def6-4ae4-8c62-5b4c951a28f1:192.168.69.67:37222, bc0382cc-50e2-4d58-b2de-e8b6250f3520:192.168.69.67:37666], old=null RUNNING
2019-10-18 08:19:13,926 [grpc-default-executor-7] INFO  impl.RaftServerImpl (RaftServerImpl.java:lambda$shutdown$3(261)) - 47aecc56-7e95-480d-b89c-2c00d33b4782@group-40BE17638FC6: shutdown
2019-10-18 08:19:13,926 [grpc-default-executor-7] INFO  util.JmxRegister (JmxRegister.java:unregister(73)) - Successfully un-registered JMX Bean with object name Ratis:service=RaftServer,group=group-40BE17638FC6,id=47aecc56-7e95-480d-b89c-2c00d33b4782
2019-10-18 08:19:13,926 [grpc-default-executor-7] INFO  impl.RoleInfo (RoleInfo.java:shutdownFollowerState(121)) - 47aecc56-7e95-480d-b89c-2c00d33b4782: shutdown FollowerState
2019-10-18 08:19:13,926 [grpc-default-executor-7] INFO  impl.StateMachineUpdater (StateMachineUpdater.java:stopAndJoin(136)) - 47aecc56-7e95-480d-b89c-2c00d33b4782@group-40BE17638FC6-StateMachineUpdater: set stopIndex = 0
2019-10-18 08:19:13,926 [Thread-501] INFO  impl.FollowerState (FollowerState.java:run(117)) - 47aecc56-7e95-480d-b89c-2c00d33b4782@group-40BE17638FC6-FollowerState was interrupted: java.lang.InterruptedException: sleep interrupted
2019-10-18 08:19:13,929 [grpc-default-executor-7] INFO  impl.RaftServerImpl (ServerState.java:close(388)) - 47aecc56-7e95-480d-b89c-2c00d33b4782@group-40BE17638FC6: closes. applyIndex: 0
2019-10-18 08:19:13,929 [47aecc56-7e95-480d-b89c-2c00d33b4782@group-40BE17638FC6-SegmentedRaftLogWorker] INFO  segmented.SegmentedRaftLogWorker (SegmentedRaftLogWorker.java:run(316)) - 47aecc56-7e95-480d-b89c-2c00d33b4782@group-40BE17638FC6-SegmentedRaftLogWorker was interrupted, exiting. There are 0 tasks remaining in the queue.
2019-10-18 08:19:13,930 [grpc-default-executor-7] INFO  segmented.SegmentedRaftLogWorker (SegmentedRaftLogWorker.java:close(224)) - 47aecc56-7e95-480d-b89c-2c00d33b4782@group-40BE17638FC6-SegmentedRaftLogWorker close()
2019-10-18 08:19:13,961 [grpc-default-executor-7] INFO  interfaces.Container (KeyValueContainer.java:flushAndSyncDB(386)) - Container 5 is synced with bcsId 0.
2019-10-18 08:19:13,961 [grpc-default-executor-7] INFO  interfaces.Container (KeyValueContainer.java:flushAndSyncDB(386)) - Container 5 is synced with bcsId 0.
2019-10-18 08:19:13,968 [RatisPipelineUtilsThread] INFO  pipeline.PipelineStateManager (PipelineStateManager.java:removePipeline(106)) - Pipeline Pipeline[ Id: 75b66265-9a25-49f8-bb8b-40be17638fc6, Nodes: bc0382cc-50e2-4d58-b2de-e8b6250f3520{ip: 192.168.69.67, host: pr-hdds-1868-wx8dl-4219780377, networkLocation: /default-rack, certSerialId: null}1bc296c6-def6-4ae4-8c62-5b4c951a28f1{ip: 192.168.69.67, host: pr-hdds-1868-wx8dl-4219780377, networkLocation: /default-rack, certSerialId: null}47aecc56-7e95-480d-b89c-2c00d33b4782{ip: 192.168.69.67, host: pr-hdds-1868-wx8dl-4219780377, networkLocation: /default-rack, certSerialId: null}, Type:RATIS, Factor:THREE, State:CLOSED] removed from db
2019-10-18 08:19:13,976 [grpc-default-executor-7] INFO  impl.RaftServerProxy (RaftServerProxy.java:remove(95)) - bc0382cc-50e2-4d58-b2de-e8b6250f3520: remove group-40BE17638FC6:null
2019-10-18 08:19:13,985 [RatisPipelineUtilsThread] WARN  pipeline.RatisPipelineUtils (RatisPipelineUtils.java:destroyPipeline(69)) - Pipeline destroy failed for pipeline=PipelineID=75b66265-9a25-49f8-bb8b-40be17638fc6 dn=bc0382cc-50e2-4d58-b2de-e8b6250f3520{ip: 192.168.69.67, host: pr-hdds-1868-wx8dl-4219780377, networkLocation: /default-rack, certSerialId: null}
2019-10-18 08:19:14,001 [grpc-default-executor-7] INFO  impl.RaftServerProxy (RaftServerProxy.java:remove(95)) - 1bc296c6-def6-4ae4-8c62-5b4c951a28f1: remove group-40BE17638FC6:null
2019-10-18 08:19:14,010 [RatisPipelineUtilsThread] WARN  pipeline.RatisPipelineUtils (RatisPipelineUtils.java:destroyPipeline(69)) - Pipeline destroy failed for pipeline=PipelineID=75b66265-9a25-49f8-bb8b-40be17638fc6 dn=1bc296c6-def6-4ae4-8c62-5b4c951a28f1{ip: 192.168.69.67, host: pr-hdds-1868-wx8dl-4219780377, networkLocation: /default-rack, certSerialId: null}
2019-10-18 08:19:14,015 [grpc-default-executor-7] INFO  impl.RaftServerProxy (RaftServerProxy.java:remove(95)) - 47aecc56-7e95-480d-b89c-2c00d33b4782: remove group-40BE17638FC6:null
2019-10-18 08:19:14,022 [RatisPipelineUtilsThread] WARN  pipeline.RatisPipelineUtils (RatisPipelineUtils.java:destroyPipeline(69)) - Pipeline destroy failed for pipeline=PipelineID=75b66265-9a25-49f8-bb8b-40be17638fc6 dn=47aecc56-7e95-480d-b89c-2c00d33b4782{ip: 192.168.69.67, host: pr-hdds-1868-wx8dl-4219780377, networkLocation: /default-rack, certSerialId: null}
2019-10-18 08:19:14,023 [RatisPipelineUtilsThread] ERROR pipeline.SCMPipelineManager (Scheduler.java:lambda$schedule$1(70)) - Destroy pipeline failed for pipeline:Pipeline[ Id: 75b66265-9a25-49f8-bb8b-40be17638fc6, Nodes: bc0382cc-50e2-4d58-b2de-e8b6250f3520{ip: 192.168.69.67, host: pr-hdds-1868-wx8dl-4219780377, networkLocation: /default-rack, certSerialId: null}1bc296c6-def6-4ae4-8c62-5b4c951a28f1{ip: 192.168.69.67, host: pr-hdds-1868-wx8dl-4219780377, networkLocation: /default-rack, certSerialId: null}47aecc56-7e95-480d-b89c-2c00d33b4782{ip: 192.168.69.67, host: pr-hdds-1868-wx8dl-4219780377, networkLocation: /default-rack, certSerialId: null}, Type:RATIS, Factor:THREE, State:CLOSED]
org.apache.hadoop.hdds.scm.pipeline.PipelineNotFoundException: PipelineID=75b66265-9a25-49f8-bb8b-40be17638fc6 not found
	at org.apache.hadoop.hdds.scm.pipeline.PipelineStateMap.getPipeline(PipelineStateMap.java:132)
	at org.apache.hadoop.hdds.scm.pipeline.PipelineStateMap.removePipeline(PipelineStateMap.java:322)
	at org.apache.hadoop.hdds.scm.pipeline.PipelineStateManager.removePipeline(PipelineStateManager.java:105)
	at org.apache.hadoop.hdds.scm.pipeline.SCMPipelineManager.removePipeline(SCMPipelineManager.java:427)
	at org.apache.hadoop.hdds.scm.pipeline.SCMPipelineManager.destroyPipeline(SCMPipelineManager.java:413)
	at org.apache.hadoop.hdds.scm.pipeline.SCMPipelineManager.lambda$finalizeAndDestroyPipeline$0(SCMPipelineManager.java:322)
	at org.apache.hadoop.hdds.utils.Scheduler.lambda$schedule$1(Scheduler.java:68)
	at java.util.concurrent.Executors$RunnableAdapter.call(Executors.java:511)
	at java.util.concurrent.FutureTask.run(FutureTask.java:266)
	at java.util.concurrent.ScheduledThreadPoolExecutor$ScheduledFutureTask.access$201(ScheduledThreadPoolExecutor.java:180)
	at java.util.concurrent.ScheduledThreadPoolExecutor$ScheduledFutureTask.run(ScheduledThreadPoolExecutor.java:293)
	at java.util.concurrent.ThreadPoolExecutor.runWorker(ThreadPoolExecutor.java:1149)
	at java.util.concurrent.ThreadPoolExecutor$Worker.run(ThreadPoolExecutor.java:624)
	at java.lang.Thread.run(Thread.java:748)
2019-10-18 08:19:14,036 [grpc-default-executor-9] INFO  impl.RaftServerProxy (RaftServerProxy.java:addNew(89)) - 1bc296c6-def6-4ae4-8c62-5b4c951a28f1: addNew group-1D2D624DD38E:[47aecc56-7e95-480d-b89c-2c00d33b4782:192.168.69.67:34550, 1bc296c6-def6-4ae4-8c62-5b4c951a28f1:192.168.69.67:37222, bc0382cc-50e2-4d58-b2de-e8b6250f3520:192.168.69.67:37666] returns group-1D2D624DD38E:java.util.concurrent.CompletableFuture@5b0906cf[Not completed]
2019-10-18 08:19:14,038 [grpc-default-executor-7] INFO  impl.RaftServerProxy (RaftServerProxy.java:addNew(89)) - bc0382cc-50e2-4d58-b2de-e8b6250f3520: addNew group-1D2D624DD38E:[47aecc56-7e95-480d-b89c-2c00d33b4782:192.168.69.67:34550, 1bc296c6-def6-4ae4-8c62-5b4c951a28f1:192.168.69.67:37222, bc0382cc-50e2-4d58-b2de-e8b6250f3520:192.168.69.67:37666] returns group-1D2D624DD38E:java.util.concurrent.CompletableFuture@52fda652[Not completed]
2019-10-18 08:19:14,038 [grpc-default-executor-5] INFO  impl.RaftServerProxy (RaftServerProxy.java:addNew(89)) - 47aecc56-7e95-480d-b89c-2c00d33b4782: addNew group-1D2D624DD38E:[47aecc56-7e95-480d-b89c-2c00d33b4782:192.168.69.67:34550, 1bc296c6-def6-4ae4-8c62-5b4c951a28f1:192.168.69.67:37222, bc0382cc-50e2-4d58-b2de-e8b6250f3520:192.168.69.67:37666] returns group-1D2D624DD38E:java.util.concurrent.CompletableFuture@60aa23b5[Not completed]
2019-10-18 08:19:14,042 [pool-47-thread-1] INFO  impl.RaftServerImpl (RaftServerImpl.java:<init>(104)) - 1bc296c6-def6-4ae4-8c62-5b4c951a28f1: new RaftServerImpl for group-1D2D624DD38E:[47aecc56-7e95-480d-b89c-2c00d33b4782:192.168.69.67:34550, 1bc296c6-def6-4ae4-8c62-5b4c951a28f1:192.168.69.67:37222, bc0382cc-50e2-4d58-b2de-e8b6250f3520:192.168.69.67:37666] with ContainerStateMachine:uninitialized
2019-10-18 08:19:14,042 [pool-47-thread-1] INFO  server.RaftServerConfigKeys (ConfUtils.java:logGet(43)) - raft.server.rpc.timeout.min = 5s (custom)
2019-10-18 08:19:14,042 [pool-47-thread-1] INFO  server.RaftServerConfigKeys (ConfUtils.java:logGet(43)) - raft.server.rpc.timeout.max = 5200ms (custom)
2019-10-18 08:19:14,043 [pool-47-thread-1] INFO  server.RaftServerConfigKeys (ConfUtils.java:logGet(43)) - raft.server.rpcslowness.timeout = 120s (custom)
2019-10-18 08:19:14,043 [pool-47-thread-1] INFO  server.RaftServerConfigKeys (ConfUtils.java:logGet(43)) - raft.server.sleep.deviation.threshold = 300 (default)
2019-10-18 08:19:14,043 [pool-47-thread-1] INFO  server.RaftServerConfigKeys (ConfUtils.java:logGet(43)) - raft.server.log.appender.install.snapshot.enabled = false (custom)
2019-10-18 08:19:14,043 [pool-47-thread-1] INFO  impl.RaftServerImpl (ServerState.java:<init>(103)) - 1bc296c6-def6-4ae4-8c62-5b4c951a28f1@group-1D2D624DD38E: ConfigurationManager, init=-1: [47aecc56-7e95-480d-b89c-2c00d33b4782:192.168.69.67:34550, 1bc296c6-def6-4ae4-8c62-5b4c951a28f1:192.168.69.67:37222, bc0382cc-50e2-4d58-b2de-e8b6250f3520:192.168.69.67:37666], old=null, confs=<EMPTY_MAP>
2019-10-18 08:19:14,043 [pool-37-thread-1] INFO  impl.RaftServerImpl (RaftServerImpl.java:<init>(104)) - 47aecc56-7e95-480d-b89c-2c00d33b4782: new RaftServerImpl for group-1D2D624DD38E:[47aecc56-7e95-480d-b89c-2c00d33b4782:192.168.69.67:34550, 1bc296c6-def6-4ae4-8c62-5b4c951a28f1:192.168.69.67:37222, bc0382cc-50e2-4d58-b2de-e8b6250f3520:192.168.69.67:37666] with ContainerStateMachine:uninitialized
2019-10-18 08:19:14,043 [pool-47-thread-1] INFO  server.RaftServerConfigKeys (ConfUtils.java:logGet(43)) - raft.server.storage.dir = [/workdir/hadoop-ozone/tools/target/test-dir/MiniOzoneClusterImpl-18708a0d-f212-4186-ae1d-4e11efd0a0ea/datanode-2/data/ratis] (custom)
2019-10-18 08:19:14,044 [pool-37-thread-1] INFO  server.RaftServerConfigKeys (ConfUtils.java:logGet(43)) - raft.server.rpc.timeout.min = 5s (custom)
2019-10-18 08:19:14,044 [pool-37-thread-1] INFO  server.RaftServerConfigKeys (ConfUtils.java:logGet(43)) - raft.server.rpc.timeout.max = 5200ms (custom)
2019-10-18 08:19:14,044 [pool-47-thread-1] INFO  server.RaftServerConfigKeys (ConfUtils.java:logGet(43)) - raft.server.log.corruption.policy = EXCEPTION (default)
2019-10-18 08:19:14,044 [pool-37-thread-1] INFO  server.RaftServerConfigKeys (ConfUtils.java:logGet(43)) - raft.server.rpcslowness.timeout = 120s (custom)
2019-10-18 08:19:14,044 [pool-37-thread-1] INFO  server.RaftServerConfigKeys (ConfUtils.java:logGet(43)) - raft.server.sleep.deviation.threshold = 300 (default)
2019-10-18 08:19:14,044 [pool-47-thread-1] INFO  storage.RaftStorageDirectory (RaftStorageDirectory.java:analyzeStorage(246)) - The storage directory /workdir/hadoop-ozone/tools/target/test-dir/MiniOzoneClusterImpl-18708a0d-f212-4186-ae1d-4e11efd0a0ea/datanode-2/data/ratis/97f885e2-ef5b-4363-bb24-1d2d624dd38e does not exist. Creating ...
2019-10-18 08:19:14,044 [pool-27-thread-1] INFO  impl.RaftServerImpl (RaftServerImpl.java:<init>(104)) - bc0382cc-50e2-4d58-b2de-e8b6250f3520: new RaftServerImpl for group-1D2D624DD38E:[47aecc56-7e95-480d-b89c-2c00d33b4782:192.168.69.67:34550, 1bc296c6-def6-4ae4-8c62-5b4c951a28f1:192.168.69.67:37222, bc0382cc-50e2-4d58-b2de-e8b6250f3520:192.168.69.67:37666] with ContainerStateMachine:uninitialized
2019-10-18 08:19:14,044 [pool-37-thread-1] INFO  server.RaftServerConfigKeys (ConfUtils.java:logGet(43)) - raft.server.log.appender.install.snapshot.enabled = false (custom)
2019-10-18 08:19:14,045 [pool-27-thread-1] INFO  server.RaftServerConfigKeys (ConfUtils.java:logGet(43)) - raft.server.rpc.timeout.min = 5s (custom)
2019-10-18 08:19:14,045 [pool-37-thread-1] INFO  impl.RaftServerImpl (ServerState.java:<init>(103)) - 47aecc56-7e95-480d-b89c-2c00d33b4782@group-1D2D624DD38E: ConfigurationManager, init=-1: [47aecc56-7e95-480d-b89c-2c00d33b4782:192.168.69.67:34550, 1bc296c6-def6-4ae4-8c62-5b4c951a28f1:192.168.69.67:37222, bc0382cc-50e2-4d58-b2de-e8b6250f3520:192.168.69.67:37666], old=null, confs=<EMPTY_MAP>
2019-10-18 08:19:14,045 [pool-27-thread-1] INFO  server.RaftServerConfigKeys (ConfUtils.java:logGet(43)) - raft.server.rpc.timeout.max = 5200ms (custom)
2019-10-18 08:19:14,045 [pool-37-thread-1] INFO  server.RaftServerConfigKeys (ConfUtils.java:logGet(43)) - raft.server.storage.dir = [/workdir/hadoop-ozone/tools/target/test-dir/MiniOzoneClusterImpl-18708a0d-f212-4186-ae1d-4e11efd0a0ea/datanode-1/data/ratis] (custom)
2019-10-18 08:19:14,045 [pool-27-thread-1] INFO  server.RaftServerConfigKeys (ConfUtils.java:logGet(43)) - raft.server.rpcslowness.timeout = 120s (custom)
2019-10-18 08:19:14,045 [pool-27-thread-1] INFO  server.RaftServerConfigKeys (ConfUtils.java:logGet(43)) - raft.server.sleep.deviation.threshold = 300 (default)
2019-10-18 08:19:14,046 [pool-37-thread-1] INFO  server.RaftServerConfigKeys (ConfUtils.java:logGet(43)) - raft.server.log.corruption.policy = EXCEPTION (default)
2019-10-18 08:19:14,046 [pool-27-thread-1] INFO  server.RaftServerConfigKeys (ConfUtils.java:logGet(43)) - raft.server.log.appender.install.snapshot.enabled = false (custom)
2019-10-18 08:19:14,046 [pool-37-thread-1] INFO  storage.RaftStorageDirectory (RaftStorageDirectory.java:analyzeStorage(246)) - The storage directory /workdir/hadoop-ozone/tools/target/test-dir/MiniOzoneClusterImpl-18708a0d-f212-4186-ae1d-4e11efd0a0ea/datanode-1/data/ratis/97f885e2-ef5b-4363-bb24-1d2d624dd38e does not exist. Creating ...
2019-10-18 08:19:14,046 [pool-27-thread-1] INFO  impl.RaftServerImpl (ServerState.java:<init>(103)) - bc0382cc-50e2-4d58-b2de-e8b6250f3520@group-1D2D624DD38E: ConfigurationManager, init=-1: [47aecc56-7e95-480d-b89c-2c00d33b4782:192.168.69.67:34550, 1bc296c6-def6-4ae4-8c62-5b4c951a28f1:192.168.69.67:37222, bc0382cc-50e2-4d58-b2de-e8b6250f3520:192.168.69.67:37666], old=null, confs=<EMPTY_MAP>
2019-10-18 08:19:14,046 [pool-27-thread-1] INFO  server.RaftServerConfigKeys (ConfUtils.java:logGet(43)) - raft.server.storage.dir = [/workdir/hadoop-ozone/tools/target/test-dir/MiniOzoneClusterImpl-18708a0d-f212-4186-ae1d-4e11efd0a0ea/datanode-0/data/ratis] (custom)
2019-10-18 08:19:14,047 [pool-27-thread-1] INFO  server.RaftServerConfigKeys (ConfUtils.java:logGet(43)) - raft.server.log.corruption.policy = EXCEPTION (default)
2019-10-18 08:19:14,047 [pool-27-thread-1] INFO  storage.RaftStorageDirectory (RaftStorageDirectory.java:analyzeStorage(246)) - The storage directory /workdir/hadoop-ozone/tools/target/test-dir/MiniOzoneClusterImpl-18708a0d-f212-4186-ae1d-4e11efd0a0ea/datanode-0/data/ratis/97f885e2-ef5b-4363-bb24-1d2d624dd38e does not exist. Creating ...
2019-10-18 08:19:14,059 [pool-47-thread-1] INFO  storage.RaftStorageDirectory (RaftStorageDirectory.java:tryLock(328)) - Lock on /workdir/hadoop-ozone/tools/target/test-dir/MiniOzoneClusterImpl-18708a0d-f212-4186-ae1d-4e11efd0a0ea/datanode-2/data/ratis/97f885e2-ef5b-4363-bb24-1d2d624dd38e/in_use.lock acquired by nodename 17171@pr-hdds-1868-wx8dl-4219780377
2019-10-18 08:19:14,059 [pool-37-thread-1] INFO  storage.RaftStorageDirectory (RaftStorageDirectory.java:tryLock(328)) - Lock on /workdir/hadoop-ozone/tools/target/test-dir/MiniOzoneClusterImpl-18708a0d-f212-4186-ae1d-4e11efd0a0ea/datanode-1/data/ratis/97f885e2-ef5b-4363-bb24-1d2d624dd38e/in_use.lock acquired by nodename 17171@pr-hdds-1868-wx8dl-4219780377
2019-10-18 08:19:14,059 [pool-27-thread-1] INFO  storage.RaftStorageDirectory (RaftStorageDirectory.java:tryLock(328)) - Lock on /workdir/hadoop-ozone/tools/target/test-dir/MiniOzoneClusterImpl-18708a0d-f212-4186-ae1d-4e11efd0a0ea/datanode-0/data/ratis/97f885e2-ef5b-4363-bb24-1d2d624dd38e/in_use.lock acquired by nodename 17171@pr-hdds-1868-wx8dl-4219780377
2019-10-18 08:19:14,100 [pool-47-thread-1] INFO  storage.RaftStorage (RaftStorage.java:format(84)) - Storage directory /workdir/hadoop-ozone/tools/target/test-dir/MiniOzoneClusterImpl-18708a0d-f212-4186-ae1d-4e11efd0a0ea/datanode-2/data/ratis/97f885e2-ef5b-4363-bb24-1d2d624dd38e has been successfully formatted.
2019-10-18 08:19:14,100 [pool-37-thread-1] INFO  storage.RaftStorage (RaftStorage.java:format(84)) - Storage directory /workdir/hadoop-ozone/tools/target/test-dir/MiniOzoneClusterImpl-18708a0d-f212-4186-ae1d-4e11efd0a0ea/datanode-1/data/ratis/97f885e2-ef5b-4363-bb24-1d2d624dd38e has been successfully formatted.
2019-10-18 08:19:14,100 [pool-27-thread-1] INFO  storage.RaftStorage (RaftStorage.java:format(84)) - Storage directory /workdir/hadoop-ozone/tools/target/test-dir/MiniOzoneClusterImpl-18708a0d-f212-4186-ae1d-4e11efd0a0ea/datanode-0/data/ratis/97f885e2-ef5b-4363-bb24-1d2d624dd38e has been successfully formatted.
2019-10-18 08:19:14,101 [pool-47-thread-1] INFO  ratis.ContainerStateMachine (ContainerStateMachine.java:loadSnapshot(233)) - group-1D2D624DD38E: The snapshot info is null. Setting the last applied indexto:(t:0, i:~)
2019-10-18 08:19:14,101 [pool-37-thread-1] INFO  ratis.ContainerStateMachine (ContainerStateMachine.java:loadSnapshot(233)) - group-1D2D624DD38E: The snapshot info is null. Setting the last applied indexto:(t:0, i:~)
2019-10-18 08:19:14,101 [pool-47-thread-1] INFO  server.RaftServerConfigKeys (ConfUtils.java:logGet(43)) - raft.server.notification.no-leader.timeout = 120s (custom)
2019-10-18 08:19:14,101 [pool-27-thread-1] INFO  ratis.ContainerStateMachine (ContainerStateMachine.java:loadSnapshot(233)) - group-1D2D624DD38E: The snapshot info is null. Setting the last applied indexto:(t:0, i:~)
2019-10-18 08:19:14,101 [pool-47-thread-1] INFO  server.RaftServerConfigKeys (ConfUtils.java:logGet(43)) - raft.server.log.use.memory = false (default)
2019-10-18 08:19:14,101 [pool-37-thread-1] INFO  server.RaftServerConfigKeys (ConfUtils.java:logGet(43)) - raft.server.notification.no-leader.timeout = 120s (custom)
2019-10-18 08:19:14,102 [pool-47-thread-1] INFO  server.RaftServerConfigKeys (ConfUtils.java:logGet(43)) - raft.server.log.purge.gap = 1000000 (custom)
2019-10-18 08:19:14,101 [pool-27-thread-1] INFO  server.RaftServerConfigKeys (ConfUtils.java:logGet(43)) - raft.server.notification.no-leader.timeout = 120s (custom)
2019-10-18 08:19:14,102 [pool-47-thread-1] INFO  server.RaftServerConfigKeys (ConfUtils.java:logGet(43)) - raft.server.log.appender.buffer.byte-limit = 33554432 (custom)
2019-10-18 08:19:14,102 [pool-37-thread-1] INFO  server.RaftServerConfigKeys (ConfUtils.java:logGet(43)) - raft.server.log.use.memory = false (default)
2019-10-18 08:19:14,102 [pool-47-thread-1] INFO  server.RaftServerConfigKeys (ConfUtils.java:logGet(43)) - raft.server.log.segment.size.max = 1048576 (custom)
2019-10-18 08:19:14,102 [pool-27-thread-1] INFO  server.RaftServerConfigKeys (ConfUtils.java:logGet(43)) - raft.server.log.use.memory = false (default)
2019-10-18 08:19:14,103 [pool-47-thread-1] INFO  server.RaftServerConfigKeys (ConfUtils.java:logGet(43)) - raft.server.log.segment.cache.num.max = 2 (custom)
2019-10-18 08:19:14,102 [pool-37-thread-1] INFO  server.RaftServerConfigKeys (ConfUtils.java:logGet(43)) - raft.server.log.purge.gap = 1000000 (custom)
2019-10-18 08:19:14,103 [pool-47-thread-1] INFO  segmented.SegmentedRaftLogWorker (SegmentedRaftLogWorker.java:<init>(173)) - new 1bc296c6-def6-4ae4-8c62-5b4c951a28f1@group-1D2D624DD38E-SegmentedRaftLogWorker for RaftStorage:Storage Directory /workdir/hadoop-ozone/tools/target/test-dir/MiniOzoneClusterImpl-18708a0d-f212-4186-ae1d-4e11efd0a0ea/datanode-2/data/ratis/97f885e2-ef5b-4363-bb24-1d2d624dd38e
2019-10-18 08:19:14,103 [pool-27-thread-1] INFO  server.RaftServerConfigKeys (ConfUtils.java:logGet(43)) - raft.server.log.purge.gap = 1000000 (custom)
2019-10-18 08:19:14,103 [pool-47-thread-1] INFO  server.RaftServerConfigKeys (ConfUtils.java:logGet(43)) - raft.server.log.queue.byte-limit = 2147483647 (custom)
2019-10-18 08:19:14,103 [pool-37-thread-1] INFO  server.RaftServerConfigKeys (ConfUtils.java:logGet(43)) - raft.server.log.appender.buffer.byte-limit = 33554432 (custom)
2019-10-18 08:19:14,103 [pool-47-thread-1] INFO  server.RaftServerConfigKeys (ConfUtils.java:logGet(43)) - raft.server.log.queue.element-limit = 1024 (custom)
2019-10-18 08:19:14,103 [pool-27-thread-1] INFO  server.RaftServerConfigKeys (ConfUtils.java:logGet(43)) - raft.server.log.appender.buffer.byte-limit = 33554432 (custom)
2019-10-18 08:19:14,104 [pool-47-thread-1] INFO  server.RaftServerConfigKeys (ConfUtils.java:logGet(43)) - raft.server.log.segment.size.max = 1048576 (custom)
2019-10-18 08:19:14,104 [pool-47-thread-1] INFO  server.RaftServerConfigKeys (ConfUtils.java:logGet(43)) - raft.server.log.preallocated.size = 16384 (custom)
2019-10-18 08:19:14,104 [pool-37-thread-1] INFO  server.RaftServerConfigKeys (ConfUtils.java:logGet(43)) - raft.server.log.segment.size.max = 1048576 (custom)
2019-10-18 08:19:14,104 [pool-47-thread-1] INFO  server.RaftServerConfigKeys (ConfUtils.java:logGet(43)) - raft.server.log.write.buffer.size = 33554432 (custom)
2019-10-18 08:19:14,104 [pool-27-thread-1] INFO  server.RaftServerConfigKeys (ConfUtils.java:logGet(43)) - raft.server.log.segment.size.max = 1048576 (custom)
2019-10-18 08:19:14,104 [pool-47-thread-1] INFO  server.RaftServerConfigKeys (ConfUtils.java:logGet(43)) - raft.server.log.force.sync.num = 128 (default)
2019-10-18 08:19:14,105 [pool-47-thread-1] INFO  server.RaftServerConfigKeys (ConfUtils.java:logGet(43)) - raft.server.log.statemachine.data.sync = true (default)
2019-10-18 08:19:14,104 [pool-37-thread-1] INFO  server.RaftServerConfigKeys (ConfUtils.java:logGet(43)) - raft.server.log.segment.cache.num.max = 2 (custom)
2019-10-18 08:19:14,105 [pool-47-thread-1] INFO  server.RaftServerConfigKeys (ConfUtils.java:logGet(43)) - raft.server.log.statemachine.data.sync.timeout = 10s (default)
2019-10-18 08:19:14,105 [pool-27-thread-1] INFO  server.RaftServerConfigKeys (ConfUtils.java:logGet(43)) - raft.server.log.segment.cache.num.max = 2 (custom)
2019-10-18 08:19:14,105 [pool-47-thread-1] INFO  server.RaftServerConfigKeys (ConfUtils.java:logGet(43)) - raft.server.log.statemachine.data.sync.timeout.retry = -1 (default)
2019-10-18 08:19:14,105 [pool-37-thread-1] INFO  segmented.SegmentedRaftLogWorker (SegmentedRaftLogWorker.java:<init>(173)) - new 47aecc56-7e95-480d-b89c-2c00d33b4782@group-1D2D624DD38E-SegmentedRaftLogWorker for RaftStorage:Storage Directory /workdir/hadoop-ozone/tools/target/test-dir/MiniOzoneClusterImpl-18708a0d-f212-4186-ae1d-4e11efd0a0ea/datanode-1/data/ratis/97f885e2-ef5b-4363-bb24-1d2d624dd38e
2019-10-18 08:19:14,105 [pool-47-thread-1] INFO  server.RaftServerConfigKeys (ConfUtils.java:logGet(43)) - raft.server.log.statemachine.data.caching.enabled = true (custom)
2019-10-18 08:19:14,105 [pool-27-thread-1] INFO  segmented.SegmentedRaftLogWorker (SegmentedRaftLogWorker.java:<init>(173)) - new bc0382cc-50e2-4d58-b2de-e8b6250f3520@group-1D2D624DD38E-SegmentedRaftLogWorker for RaftStorage:Storage Directory /workdir/hadoop-ozone/tools/target/test-dir/MiniOzoneClusterImpl-18708a0d-f212-4186-ae1d-4e11efd0a0ea/datanode-0/data/ratis/97f885e2-ef5b-4363-bb24-1d2d624dd38e
2019-10-18 08:19:14,105 [pool-37-thread-1] INFO  server.RaftServerConfigKeys (ConfUtils.java:logGet(43)) - raft.server.log.queue.byte-limit = 2147483647 (custom)
2019-10-18 08:19:14,106 [pool-47-thread-1] INFO  segmented.SegmentedRaftLogWorker (SegmentedRaftLogWorker.java:lambda$new$0(128)) - 1bc296c6-def6-4ae4-8c62-5b4c951a28f1@group-1D2D624DD38E-SegmentedRaftLogWorker: flushIndex: setUnconditionally 0 -> -1
2019-10-18 08:19:14,106 [pool-27-thread-1] INFO  server.RaftServerConfigKeys (ConfUtils.java:logGet(43)) - raft.server.log.queue.byte-limit = 2147483647 (custom)
2019-10-18 08:19:14,106 [pool-37-thread-1] INFO  server.RaftServerConfigKeys (ConfUtils.java:logGet(43)) - raft.server.log.queue.element-limit = 1024 (custom)
2019-10-18 08:19:14,106 [pool-47-thread-1] INFO  server.RaftServerConfigKeys (ConfUtils.java:logGet(43)) - raft.server.snapshot.auto.trigger.enabled = true (custom)
2019-10-18 08:19:14,106 [pool-27-thread-1] INFO  server.RaftServerConfigKeys (ConfUtils.java:logGet(43)) - raft.server.log.queue.element-limit = 1024 (custom)
2019-10-18 08:19:14,106 [pool-47-thread-1] INFO  server.RaftServerConfigKeys (ConfUtils.java:logGet(43)) - raft.server.snapshot.auto.trigger.threshold = 10000 (custom)
2019-10-18 08:19:14,106 [pool-37-thread-1] INFO  server.RaftServerConfigKeys (ConfUtils.java:logGet(43)) - raft.server.log.segment.size.max = 1048576 (custom)
2019-10-18 08:19:14,106 [pool-47-thread-1] INFO  server.RaftServerConfigKeys (ConfUtils.java:logGet(43)) - raft.server.snapshot.retention.file.num = 5 (custom)
2019-10-18 08:19:14,106 [pool-27-thread-1] INFO  server.RaftServerConfigKeys (ConfUtils.java:logGet(43)) - raft.server.log.segment.size.max = 1048576 (custom)
2019-10-18 08:19:14,107 [pool-47-thread-1] INFO  server.RaftServerConfigKeys (ConfUtils.java:logGet(43)) - raft.server.retrycache.expirytime = 600000ms (custom)
2019-10-18 08:19:14,107 [pool-37-thread-1] INFO  server.RaftServerConfigKeys (ConfUtils.java:logGet(43)) - raft.server.log.preallocated.size = 16384 (custom)
2019-10-18 08:19:14,107 [pool-27-thread-1] INFO  server.RaftServerConfigKeys (ConfUtils.java:logGet(43)) - raft.server.log.preallocated.size = 16384 (custom)
2019-10-18 08:19:14,107 [pool-37-thread-1] INFO  server.RaftServerConfigKeys (ConfUtils.java:logGet(43)) - raft.server.log.write.buffer.size = 33554432 (custom)
2019-10-18 08:19:14,107 [pool-27-thread-1] INFO  server.RaftServerConfigKeys (ConfUtils.java:logGet(43)) - raft.server.log.write.buffer.size = 33554432 (custom)
2019-10-18 08:19:14,107 [pool-37-thread-1] INFO  server.RaftServerConfigKeys (ConfUtils.java:logGet(43)) - raft.server.log.force.sync.num = 128 (default)
2019-10-18 08:19:14,108 [pool-27-thread-1] INFO  server.RaftServerConfigKeys (ConfUtils.java:logGet(43)) - raft.server.log.force.sync.num = 128 (default)
2019-10-18 08:19:14,108 [pool-37-thread-1] INFO  server.RaftServerConfigKeys (ConfUtils.java:logGet(43)) - raft.server.log.statemachine.data.sync = true (default)
2019-10-18 08:19:14,108 [pool-27-thread-1] INFO  server.RaftServerConfigKeys (ConfUtils.java:logGet(43)) - raft.server.log.statemachine.data.sync = true (default)
2019-10-18 08:19:14,108 [pool-37-thread-1] INFO  server.RaftServerConfigKeys (ConfUtils.java:logGet(43)) - raft.server.log.statemachine.data.sync.timeout = 10s (default)
2019-10-18 08:19:14,108 [pool-27-thread-1] INFO  server.RaftServerConfigKeys (ConfUtils.java:logGet(43)) - raft.server.log.statemachine.data.sync.timeout = 10s (default)
2019-10-18 08:19:14,108 [pool-37-thread-1] INFO  server.RaftServerConfigKeys (ConfUtils.java:logGet(43)) - raft.server.log.statemachine.data.sync.timeout.retry = -1 (default)
2019-10-18 08:19:14,109 [pool-27-thread-1] INFO  server.RaftServerConfigKeys (ConfUtils.java:logGet(43)) - raft.server.log.statemachine.data.sync.timeout.retry = -1 (default)
2019-10-18 08:19:14,109 [pool-37-thread-1] INFO  server.RaftServerConfigKeys (ConfUtils.java:logGet(43)) - raft.server.log.statemachine.data.caching.enabled = true (custom)
2019-10-18 08:19:14,109 [pool-27-thread-1] INFO  server.RaftServerConfigKeys (ConfUtils.java:logGet(43)) - raft.server.log.statemachine.data.caching.enabled = true (custom)
2019-10-18 08:19:14,109 [pool-37-thread-1] INFO  segmented.SegmentedRaftLogWorker (SegmentedRaftLogWorker.java:lambda$new$0(128)) - 47aecc56-7e95-480d-b89c-2c00d33b4782@group-1D2D624DD38E-SegmentedRaftLogWorker: flushIndex: setUnconditionally 0 -> -1
2019-10-18 08:19:14,109 [pool-27-thread-1] INFO  segmented.SegmentedRaftLogWorker (SegmentedRaftLogWorker.java:lambda$new$0(128)) - bc0382cc-50e2-4d58-b2de-e8b6250f3520@group-1D2D624DD38E-SegmentedRaftLogWorker: flushIndex: setUnconditionally 0 -> -1
2019-10-18 08:19:14,110 [pool-37-thread-1] INFO  server.RaftServerConfigKeys (ConfUtils.java:logGet(43)) - raft.server.snapshot.auto.trigger.enabled = true (custom)
2019-10-18 08:19:14,110 [pool-27-thread-1] INFO  server.RaftServerConfigKeys (ConfUtils.java:logGet(43)) - raft.server.snapshot.auto.trigger.enabled = true (custom)
2019-10-18 08:19:14,110 [pool-47-thread-1] INFO  impl.RaftServerImpl (RaftServerImpl.java:start(195)) - 1bc296c6-def6-4ae4-8c62-5b4c951a28f1@group-1D2D624DD38E: start as a follower, conf=-1: [47aecc56-7e95-480d-b89c-2c00d33b4782:192.168.69.67:34550, 1bc296c6-def6-4ae4-8c62-5b4c951a28f1:192.168.69.67:37222, bc0382cc-50e2-4d58-b2de-e8b6250f3520:192.168.69.67:37666], old=null
2019-10-18 08:19:14,110 [pool-27-thread-1] INFO  server.RaftServerConfigKeys (ConfUtils.java:logGet(43)) - raft.server.snapshot.auto.trigger.threshold = 10000 (custom)
2019-10-18 08:19:14,110 [pool-37-thread-1] INFO  server.RaftServerConfigKeys (ConfUtils.java:logGet(43)) - raft.server.snapshot.auto.trigger.threshold = 10000 (custom)
2019-10-18 08:19:14,110 [pool-27-thread-1] INFO  server.RaftServerConfigKeys (ConfUtils.java:logGet(43)) - raft.server.snapshot.retention.file.num = 5 (custom)
2019-10-18 08:19:14,110 [pool-47-thread-1] INFO  impl.RaftServerImpl (RaftServerImpl.java:setRole(184)) - 1bc296c6-def6-4ae4-8c62-5b4c951a28f1@group-1D2D624DD38E: changes role from      null to FOLLOWER at term 0 for startAsFollower
2019-10-18 08:19:14,111 [pool-27-thread-1] INFO  server.RaftServerConfigKeys (ConfUtils.java:logGet(43)) - raft.server.retrycache.expirytime = 600000ms (custom)
2019-10-18 08:19:14,111 [pool-37-thread-1] INFO  server.RaftServerConfigKeys (ConfUtils.java:logGet(43)) - raft.server.snapshot.retention.file.num = 5 (custom)
2019-10-18 08:19:14,111 [pool-47-thread-1] INFO  impl.RoleInfo (RoleInfo.java:updateAndGet(143)) - 1bc296c6-def6-4ae4-8c62-5b4c951a28f1: start FollowerState
2019-10-18 08:19:14,111 [pool-37-thread-1] INFO  server.RaftServerConfigKeys (ConfUtils.java:logGet(43)) - raft.server.retrycache.expirytime = 600000ms (custom)
2019-10-18 08:19:14,111 [pool-47-thread-1] INFO  util.JmxRegister (JmxRegister.java:tryRegister(44)) - Successfully registered JMX Bean with object name Ratis:service=RaftServer,group=group-1D2D624DD38E,id=1bc296c6-def6-4ae4-8c62-5b4c951a28f1
2019-10-18 08:19:14,115 [pool-27-thread-1] INFO  impl.RaftServerImpl (RaftServerImpl.java:start(195)) - bc0382cc-50e2-4d58-b2de-e8b6250f3520@group-1D2D624DD38E: start as a follower, conf=-1: [47aecc56-7e95-480d-b89c-2c00d33b4782:192.168.69.67:34550, 1bc296c6-def6-4ae4-8c62-5b4c951a28f1:192.168.69.67:37222, bc0382cc-50e2-4d58-b2de-e8b6250f3520:192.168.69.67:37666], old=null
2019-10-18 08:19:14,115 [pool-27-thread-1] INFO  impl.RaftServerImpl (RaftServerImpl.java:setRole(184)) - bc0382cc-50e2-4d58-b2de-e8b6250f3520@group-1D2D624DD38E: changes role from      null to FOLLOWER at term 0 for startAsFollower
2019-10-18 08:19:14,115 [pool-27-thread-1] INFO  impl.RoleInfo (RoleInfo.java:updateAndGet(143)) - bc0382cc-50e2-4d58-b2de-e8b6250f3520: start FollowerState
2019-10-18 08:19:14,116 [pool-37-thread-1] INFO  impl.RaftServerImpl (RaftServerImpl.java:start(195)) - 47aecc56-7e95-480d-b89c-2c00d33b4782@group-1D2D624DD38E: start as a follower, conf=-1: [47aecc56-7e95-480d-b89c-2c00d33b4782:192.168.69.67:34550, 1bc296c6-def6-4ae4-8c62-5b4c951a28f1:192.168.69.67:37222, bc0382cc-50e2-4d58-b2de-e8b6250f3520:192.168.69.67:37666], old=null
2019-10-18 08:19:14,116 [pool-27-thread-1] INFO  util.JmxRegister (JmxRegister.java:tryRegister(44)) - Successfully registered JMX Bean with object name Ratis:service=RaftServer,group=group-1D2D624DD38E,id=bc0382cc-50e2-4d58-b2de-e8b6250f3520
2019-10-18 08:19:14,116 [pool-37-thread-1] INFO  impl.RaftServerImpl (RaftServerImpl.java:setRole(184)) - 47aecc56-7e95-480d-b89c-2c00d33b4782@group-1D2D624DD38E: changes role from      null to FOLLOWER at term 0 for startAsFollower
2019-10-18 08:19:14,116 [pool-37-thread-1] INFO  impl.RoleInfo (RoleInfo.java:updateAndGet(143)) - 47aecc56-7e95-480d-b89c-2c00d33b4782: start FollowerState
2019-10-18 08:19:14,117 [pool-37-thread-1] INFO  util.JmxRegister (JmxRegister.java:tryRegister(44)) - Successfully registered JMX Bean with object name Ratis:service=RaftServer,group=group-1D2D624DD38E,id=47aecc56-7e95-480d-b89c-2c00d33b4782
2019-10-18 08:19:14,127 [RatisPipelineUtilsThread] INFO  pipeline.PipelineStateManager (PipelineStateManager.java:addPipeline(55)) - Created pipeline Pipeline[ Id: 97f885e2-ef5b-4363-bb24-1d2d624dd38e, Nodes: bc0382cc-50e2-4d58-b2de-e8b6250f3520{ip: 192.168.69.67, host: pr-hdds-1868-wx8dl-4219780377, networkLocation: /default-rack, certSerialId: null}1bc296c6-def6-4ae4-8c62-5b4c951a28f1{ip: 192.168.69.67, host: pr-hdds-1868-wx8dl-4219780377, networkLocation: /default-rack, certSerialId: null}47aecc56-7e95-480d-b89c-2c00d33b4782{ip: 192.168.69.67, host: pr-hdds-1868-wx8dl-4219780377, networkLocation: /default-rack, certSerialId: null}, Type:RATIS, Factor:THREE, State:ALLOCATED]
 0.00% |?                                                                                                    |  0/1 Time: 0:03:222019-10-18 08:19:14,160 [Thread-649] INFO  impl.FollowerState (FollowerState.java:run(108)) - 1bc296c6-def6-4ae4-8c62-5b4c951a28f1@group-1D2D624DD38E-FollowerState: change to CANDIDATE, lastRpcTime:49ms, electionTimeout:49ms
2019-10-18 08:19:14,161 [Thread-649] INFO  impl.RoleInfo (RoleInfo.java:shutdownFollowerState(121)) - 1bc296c6-def6-4ae4-8c62-5b4c951a28f1: shutdown FollowerState
2019-10-18 08:19:14,161 [Thread-649] INFO  impl.RaftServerImpl (RaftServerImpl.java:setRole(184)) - 1bc296c6-def6-4ae4-8c62-5b4c951a28f1@group-1D2D624DD38E: changes role from  FOLLOWER to CANDIDATE at term 0 for changeToCandidate
2019-10-18 08:19:14,161 [Thread-649] INFO  impl.RoleInfo (RoleInfo.java:updateAndGet(143)) - 1bc296c6-def6-4ae4-8c62-5b4c951a28f1: start LeaderElection
2019-10-18 08:19:14,180 [1bc296c6-def6-4ae4-8c62-5b4c951a28f1@group-1D2D624DD38E-LeaderElection15] INFO  impl.LeaderElection (LeaderElection.java:askForVotes(178)) - 1bc296c6-def6-4ae4-8c62-5b4c951a28f1@group-1D2D624DD38E-LeaderElection15: begin an election at term 1 for -1: [47aecc56-7e95-480d-b89c-2c00d33b4782:192.168.69.67:34550, 1bc296c6-def6-4ae4-8c62-5b4c951a28f1:192.168.69.67:37222, bc0382cc-50e2-4d58-b2de-e8b6250f3520:192.168.69.67:37666], old=null
2019-10-18 08:19:14,199 [grpc-default-executor-5] INFO  impl.RaftServerImpl (RaftServerImpl.java:setRole(184)) - 47aecc56-7e95-480d-b89c-2c00d33b4782@group-1D2D624DD38E: changes role from  FOLLOWER to FOLLOWER at term 1 for recognizeCandidate:1bc296c6-def6-4ae4-8c62-5b4c951a28f1
2019-10-18 08:19:14,199 [grpc-default-executor-7] INFO  impl.RaftServerImpl (RaftServerImpl.java:setRole(184)) - bc0382cc-50e2-4d58-b2de-e8b6250f3520@group-1D2D624DD38E: changes role from  FOLLOWER to FOLLOWER at term 1 for recognizeCandidate:1bc296c6-def6-4ae4-8c62-5b4c951a28f1
2019-10-18 08:19:14,200 [grpc-default-executor-5] INFO  impl.RoleInfo (RoleInfo.java:shutdownFollowerState(121)) - 47aecc56-7e95-480d-b89c-2c00d33b4782: shutdown FollowerState
2019-10-18 08:19:14,200 [grpc-default-executor-7] INFO  impl.RoleInfo (RoleInfo.java:shutdownFollowerState(121)) - bc0382cc-50e2-4d58-b2de-e8b6250f3520: shutdown FollowerState
2019-10-18 08:19:14,200 [grpc-default-executor-5] INFO  impl.RoleInfo (RoleInfo.java:updateAndGet(143)) - 47aecc56-7e95-480d-b89c-2c00d33b4782: start FollowerState
2019-10-18 08:19:14,200 [Thread-651] INFO  impl.FollowerState (FollowerState.java:run(117)) - bc0382cc-50e2-4d58-b2de-e8b6250f3520@group-1D2D624DD38E-FollowerState was interrupted: java.lang.InterruptedException: sleep interrupted
2019-10-18 08:19:14,200 [grpc-default-executor-7] INFO  impl.RoleInfo (RoleInfo.java:updateAndGet(143)) - bc0382cc-50e2-4d58-b2de-e8b6250f3520: start FollowerState
2019-10-18 08:19:14,201 [1bc296c6-def6-4ae4-8c62-5b4c951a28f1@group-1D2D624DD38E-LeaderElection15] INFO  impl.LeaderElection (LeaderElection.java:logAndReturn(56)) - 1bc296c6-def6-4ae4-8c62-5b4c951a28f1@group-1D2D624DD38E-LeaderElection15: Election TIMEOUT; received 0 response(s) [] and 0 exception(s); 1bc296c6-def6-4ae4-8c62-5b4c951a28f1@group-1D2D624DD38E:t1, leader=null, voted=1bc296c6-def6-4ae4-8c62-5b4c951a28f1, raftlog=1bc296c6-def6-4ae4-8c62-5b4c951a28f1@group-1D2D624DD38E-SegmentedRaftLog:OPENED:c-1,f-1,i0, conf=-1: [47aecc56-7e95-480d-b89c-2c00d33b4782:192.168.69.67:34550, 1bc296c6-def6-4ae4-8c62-5b4c951a28f1:192.168.69.67:37222, bc0382cc-50e2-4d58-b2de-e8b6250f3520:192.168.69.67:37666], old=null
2019-10-18 08:19:14,200 [Thread-653] INFO  impl.FollowerState (FollowerState.java:run(117)) - 47aecc56-7e95-480d-b89c-2c00d33b4782@group-1D2D624DD38E-FollowerState was interrupted: java.lang.InterruptedException: sleep interrupted
2019-10-18 08:19:14,216 [1bc296c6-def6-4ae4-8c62-5b4c951a28f1@group-1D2D624DD38E-LeaderElection15] INFO  impl.LeaderElection (LeaderElection.java:askForVotes(178)) - 1bc296c6-def6-4ae4-8c62-5b4c951a28f1@group-1D2D624DD38E-LeaderElection15: begin an election at term 2 for -1: [47aecc56-7e95-480d-b89c-2c00d33b4782:192.168.69.67:34550, 1bc296c6-def6-4ae4-8c62-5b4c951a28f1:192.168.69.67:37222, bc0382cc-50e2-4d58-b2de-e8b6250f3520:192.168.69.67:37666], old=null
2019-10-18 08:19:14,224 [grpc-default-executor-5] INFO  impl.RaftServerImpl (RaftServerImpl.java:setRole(184)) - 47aecc56-7e95-480d-b89c-2c00d33b4782@group-1D2D624DD38E: changes role from  FOLLOWER to FOLLOWER at term 2 for recognizeCandidate:1bc296c6-def6-4ae4-8c62-5b4c951a28f1
2019-10-18 08:19:14,225 [grpc-default-executor-5] INFO  impl.RoleInfo (RoleInfo.java:shutdownFollowerState(121)) - 47aecc56-7e95-480d-b89c-2c00d33b4782: shutdown FollowerState
2019-10-18 08:19:14,225 [grpc-default-executor-5] INFO  impl.RoleInfo (RoleInfo.java:updateAndGet(143)) - 47aecc56-7e95-480d-b89c-2c00d33b4782: start FollowerState
2019-10-18 08:19:14,225 [Thread-659] INFO  impl.FollowerState (FollowerState.java:run(117)) - 47aecc56-7e95-480d-b89c-2c00d33b4782@group-1D2D624DD38E-FollowerState was interrupted: java.lang.InterruptedException: sleep interrupted
2019-10-18 08:19:14,227 [grpc-default-executor-7] INFO  impl.RaftServerImpl (RaftServerImpl.java:setRole(184)) - bc0382cc-50e2-4d58-b2de-e8b6250f3520@group-1D2D624DD38E: changes role from  FOLLOWER to FOLLOWER at term 2 for recognizeCandidate:1bc296c6-def6-4ae4-8c62-5b4c951a28f1
2019-10-18 08:19:14,228 [grpc-default-executor-7] INFO  impl.RoleInfo (RoleInfo.java:shutdownFollowerState(121)) - bc0382cc-50e2-4d58-b2de-e8b6250f3520: shutdown FollowerState
2019-10-18 08:19:14,228 [grpc-default-executor-7] INFO  impl.RoleInfo (RoleInfo.java:updateAndGet(143)) - bc0382cc-50e2-4d58-b2de-e8b6250f3520: start FollowerState
2019-10-18 08:19:14,228 [Thread-660] INFO  impl.FollowerState (FollowerState.java:run(117)) - bc0382cc-50e2-4d58-b2de-e8b6250f3520@group-1D2D624DD38E-FollowerState was interrupted: java.lang.InterruptedException: sleep interrupted
2019-10-18 08:19:14,242 [1bc296c6-def6-4ae4-8c62-5b4c951a28f1@group-1D2D624DD38E-LeaderElection15] INFO  impl.LeaderElection (LeaderElection.java:logAndReturn(56)) - 1bc296c6-def6-4ae4-8c62-5b4c951a28f1@group-1D2D624DD38E-LeaderElection15: Election PASSED; received 1 response(s) [1bc296c6-def6-4ae4-8c62-5b4c951a28f1<-47aecc56-7e95-480d-b89c-2c00d33b4782#0:OK-t2] and 0 exception(s); 1bc296c6-def6-4ae4-8c62-5b4c951a28f1@group-1D2D624DD38E:t2, leader=null, voted=1bc296c6-def6-4ae4-8c62-5b4c951a28f1, raftlog=1bc296c6-def6-4ae4-8c62-5b4c951a28f1@group-1D2D624DD38E-SegmentedRaftLog:OPENED:c-1,f-1,i0, conf=-1: [47aecc56-7e95-480d-b89c-2c00d33b4782:192.168.69.67:34550, 1bc296c6-def6-4ae4-8c62-5b4c951a28f1:192.168.69.67:37222, bc0382cc-50e2-4d58-b2de-e8b6250f3520:192.168.69.67:37666], old=null
2019-10-18 08:19:14,242 [1bc296c6-def6-4ae4-8c62-5b4c951a28f1@group-1D2D624DD38E-LeaderElection15] INFO  impl.RoleInfo (RoleInfo.java:shutdownLeaderElection(134)) - 1bc296c6-def6-4ae4-8c62-5b4c951a28f1: shutdown LeaderElection
2019-10-18 08:19:14,243 [1bc296c6-def6-4ae4-8c62-5b4c951a28f1@group-1D2D624DD38E-LeaderElection15] INFO  impl.RaftServerImpl (RaftServerImpl.java:setRole(184)) - 1bc296c6-def6-4ae4-8c62-5b4c951a28f1@group-1D2D624DD38E: changes role from CANDIDATE to LEADER at term 2 for changeToLeader
2019-10-18 08:19:14,244 [1bc296c6-def6-4ae4-8c62-5b4c951a28f1@group-1D2D624DD38E-LeaderElection15] INFO  ratis.XceiverServerRatis (XceiverServerRatis.java:handleLeaderChangedNotification(699)) - Leader change notification received for group: group-1D2D624DD38E with new leaderId: 1bc296c6-def6-4ae4-8c62-5b4c951a28f1
2019-10-18 08:19:14,244 [1bc296c6-def6-4ae4-8c62-5b4c951a28f1@group-1D2D624DD38E-LeaderElection15] INFO  impl.RaftServerImpl (ServerState.java:setLeader(256)) - 1bc296c6-def6-4ae4-8c62-5b4c951a28f1@group-1D2D624DD38E: change Leader from null to 1bc296c6-def6-4ae4-8c62-5b4c951a28f1 at term 2 for becomeLeader, leader elected after 142ms
2019-10-18 08:19:14,244 [1bc296c6-def6-4ae4-8c62-5b4c951a28f1@group-1D2D624DD38E-LeaderElection15] INFO  server.RaftServerConfigKeys (ConfUtils.java:logGet(43)) - raft.server.staging.catchup.gap = 1000 (default)
2019-10-18 08:19:14,245 [1bc296c6-def6-4ae4-8c62-5b4c951a28f1@group-1D2D624DD38E-LeaderElection15] INFO  server.RaftServerConfigKeys (ConfUtils.java:logGet(43)) - raft.server.rpc.sleep.time = 25ms (default)
2019-10-18 08:19:14,245 [1bc296c6-def6-4ae4-8c62-5b4c951a28f1@group-1D2D624DD38E-LeaderElection15] INFO  server.RaftServerConfigKeys (ConfUtils.java:logGet(43)) - raft.server.write.element-limit = 4096 (default)
2019-10-18 08:19:14,245 [1bc296c6-def6-4ae4-8c62-5b4c951a28f1@group-1D2D624DD38E-LeaderElection15] INFO  server.RaftServerConfigKeys (ConfUtils.java:logGet(43)) - raft.server.watch.timeout = 10s (default)
2019-10-18 08:19:14,245 [1bc296c6-def6-4ae4-8c62-5b4c951a28f1@group-1D2D624DD38E-LeaderElection15] INFO  server.RaftServerConfigKeys (ConfUtils.java:logGet(43)) - raft.server.watch.timeout.denomination = 1s (default)
2019-10-18 08:19:14,245 [1bc296c6-def6-4ae4-8c62-5b4c951a28f1@group-1D2D624DD38E-LeaderElection15] INFO  server.RaftServerConfigKeys (ConfUtils.java:logGet(43)) - raft.server.watch.element-limit = 65536 (default)
2019-10-18 08:19:14,246 [EventQueue-PipelineReportForPipelineReportHandler] INFO  pipeline.PipelineReportHandler (PipelineReportHandler.java:processPipelineReport(119)) - Pipeline PipelineID=97f885e2-ef5b-4363-bb24-1d2d624dd38e reported by 1bc296c6-def6-4ae4-8c62-5b4c951a28f1{ip: 192.168.69.67, host: pr-hdds-1868-wx8dl-4219780377, networkLocation: /default-rack, certSerialId: null} with leaderId 1bc296c6-def6-4ae4-8c62-5b4c951a28f1
2019-10-18 08:19:14,249 [1bc296c6-def6-4ae4-8c62-5b4c951a28f1@group-1D2D624DD38E-LeaderElection15] INFO  server.RaftServerConfigKeys (ConfUtils.java:logGet(43)) - raft.server.log.appender.snapshot.chunk.size.max = 16MB (=16777216) (default)
2019-10-18 08:19:14,250 [1bc296c6-def6-4ae4-8c62-5b4c951a28f1@group-1D2D624DD38E-LeaderElection15] INFO  server.RaftServerConfigKeys (ConfUtils.java:logGet(43)) - raft.server.log.appender.buffer.byte-limit = 33554432 (custom)
2019-10-18 08:19:14,250 [1bc296c6-def6-4ae4-8c62-5b4c951a28f1@group-1D2D624DD38E-LeaderElection15] INFO  server.RaftServerConfigKeys (ConfUtils.java:logGet(43)) - raft.server.log.appender.buffer.element-limit = 1 (custom)
2019-10-18 08:19:14,250 [1bc296c6-def6-4ae4-8c62-5b4c951a28f1@group-1D2D624DD38E-LeaderElection15] INFO  grpc.GrpcConfigKeys$Server (ConfUtils.java:logGet(43)) - raft.grpc.server.leader.outstanding.appends.max = 128 (default)
2019-10-18 08:19:14,250 [1bc296c6-def6-4ae4-8c62-5b4c951a28f1@group-1D2D624DD38E-LeaderElection15] INFO  server.RaftServerConfigKeys (ConfUtils.java:logGet(43)) - raft.server.rpc.request.timeout = 3000ms (default)
2019-10-18 08:19:14,250 [1bc296c6-def6-4ae4-8c62-5b4c951a28f1@group-1D2D624DD38E-LeaderElection15] INFO  server.RaftServerConfigKeys (ConfUtils.java:logGet(43)) - raft.server.log.appender.install.snapshot.enabled = false (custom)
2019-10-18 08:19:14,253 [1bc296c6-def6-4ae4-8c62-5b4c951a28f1@group-1D2D624DD38E-LeaderElection15] INFO  server.RaftServerConfigKeys (ConfUtils.java:logGet(43)) - raft.server.log.appender.snapshot.chunk.size.max = 16MB (=16777216) (default)
2019-10-18 08:19:14,253 [1bc296c6-def6-4ae4-8c62-5b4c951a28f1@group-1D2D624DD38E-LeaderElection15] INFO  server.RaftServerConfigKeys (ConfUtils.java:logGet(43)) - raft.server.log.appender.buffer.byte-limit = 33554432 (custom)
2019-10-18 08:19:14,253 [1bc296c6-def6-4ae4-8c62-5b4c951a28f1@group-1D2D624DD38E-LeaderElection15] INFO  server.RaftServerConfigKeys (ConfUtils.java:logGet(43)) - raft.server.log.appender.buffer.element-limit = 1 (custom)
2019-10-18 08:19:14,253 [1bc296c6-def6-4ae4-8c62-5b4c951a28f1@group-1D2D624DD38E-LeaderElection15] INFO  grpc.GrpcConfigKeys$Server (ConfUtils.java:logGet(43)) - raft.grpc.server.leader.outstanding.appends.max = 128 (default)
2019-10-18 08:19:14,253 [1bc296c6-def6-4ae4-8c62-5b4c951a28f1@group-1D2D624DD38E-LeaderElection15] INFO  server.RaftServerConfigKeys (ConfUtils.java:logGet(43)) - raft.server.rpc.request.timeout = 3000ms (default)
2019-10-18 08:19:14,254 [1bc296c6-def6-4ae4-8c62-5b4c951a28f1@group-1D2D624DD38E-LeaderElection15] INFO  server.RaftServerConfigKeys (ConfUtils.java:logGet(43)) - raft.server.log.appender.install.snapshot.enabled = false (custom)
2019-10-18 08:19:14,256 [1bc296c6-def6-4ae4-8c62-5b4c951a28f1@group-1D2D624DD38E-LeaderElection15] INFO  impl.RoleInfo (RoleInfo.java:updateAndGet(143)) - 1bc296c6-def6-4ae4-8c62-5b4c951a28f1: start LeaderState
2019-10-18 08:19:14,256 [1bc296c6-def6-4ae4-8c62-5b4c951a28f1@group-1D2D624DD38E-LeaderElection15] INFO  segmented.SegmentedRaftLogWorker (SegmentedRaftLogWorker.java:startLogSegment(385)) - 1bc296c6-def6-4ae4-8c62-5b4c951a28f1@group-1D2D624DD38E-SegmentedRaftLogWorker: Starting segment from index:0
2019-10-18 08:19:14,257 [1bc296c6-def6-4ae4-8c62-5b4c951a28f1@group-1D2D624DD38E-LeaderElection15] INFO  impl.RaftServerImpl (ServerState.java:setRaftConf(357)) - 1bc296c6-def6-4ae4-8c62-5b4c951a28f1@group-1D2D624DD38E: set configuration 0: [47aecc56-7e95-480d-b89c-2c00d33b4782:192.168.69.67:34550, 1bc296c6-def6-4ae4-8c62-5b4c951a28f1:192.168.69.67:37222, bc0382cc-50e2-4d58-b2de-e8b6250f3520:192.168.69.67:37666], old=null at 0
2019-10-18 08:19:14,295 [grpc-default-executor-7] INFO  ratis.XceiverServerRatis (XceiverServerRatis.java:handleLeaderChangedNotification(699)) - Leader change notification received for group: group-1D2D624DD38E with new leaderId: 1bc296c6-def6-4ae4-8c62-5b4c951a28f1
2019-10-18 08:19:14,295 [grpc-default-executor-5] INFO  ratis.XceiverServerRatis (XceiverServerRatis.java:handleLeaderChangedNotification(699)) - Leader change notification received for group: group-1D2D624DD38E with new leaderId: 1bc296c6-def6-4ae4-8c62-5b4c951a28f1
2019-10-18 08:19:14,296 [grpc-default-executor-7] INFO  impl.RaftServerImpl (ServerState.java:setLeader(256)) - 47aecc56-7e95-480d-b89c-2c00d33b4782@group-1D2D624DD38E: change Leader from null to 1bc296c6-def6-4ae4-8c62-5b4c951a28f1 at term 2 for appendEntries, leader elected after 193ms
2019-10-18 08:19:14,296 [grpc-default-executor-5] INFO  impl.RaftServerImpl (ServerState.java:setLeader(256)) - bc0382cc-50e2-4d58-b2de-e8b6250f3520@group-1D2D624DD38E: change Leader from null to 1bc296c6-def6-4ae4-8c62-5b4c951a28f1 at term 2 for appendEntries, leader elected after 193ms
2019-10-18 08:19:14,297 [EventQueue-PipelineReportForPipelineReportHandler] INFO  pipeline.PipelineReportHandler (PipelineReportHandler.java:processPipelineReport(119)) - Pipeline PipelineID=97f885e2-ef5b-4363-bb24-1d2d624dd38e reported by 47aecc56-7e95-480d-b89c-2c00d33b4782{ip: 192.168.69.67, host: pr-hdds-1868-wx8dl-4219780377, networkLocation: /default-rack, certSerialId: null} with leaderId 1bc296c6-def6-4ae4-8c62-5b4c951a28f1
2019-10-18 08:19:14,297 [EventQueue-PipelineReportForPipelineReportHandler] INFO  pipeline.PipelineReportHandler (PipelineReportHandler.java:processPipelineReport(119)) - Pipeline PipelineID=97f885e2-ef5b-4363-bb24-1d2d624dd38e reported by bc0382cc-50e2-4d58-b2de-e8b6250f3520{ip: 192.168.69.67, host: pr-hdds-1868-wx8dl-4219780377, networkLocation: /default-rack, certSerialId: null} with leaderId 1bc296c6-def6-4ae4-8c62-5b4c951a28f1
2019-10-18 08:19:14,297 [EventQueue-PipelineReportForPipelineReportHandler] INFO  pipeline.PipelineStateManager (PipelineStateManager.java:openPipeline(134)) - Pipeline Pipeline[ Id: 97f885e2-ef5b-4363-bb24-1d2d624dd38e, Nodes: bc0382cc-50e2-4d58-b2de-e8b6250f3520{ip: 192.168.69.67, host: pr-hdds-1868-wx8dl-4219780377, networkLocation: /default-rack, certSerialId: null}1bc296c6-def6-4ae4-8c62-5b4c951a28f1{ip: 192.168.69.67, host: pr-hdds-1868-wx8dl-4219780377, networkLocation: /default-rack, certSerialId: null}47aecc56-7e95-480d-b89c-2c00d33b4782{ip: 192.168.69.67, host: pr-hdds-1868-wx8dl-4219780377, networkLocation: /default-rack, certSerialId: null}, Type:RATIS, Factor:THREE, State:OPEN] moved to OPEN state
2019-10-18 08:19:14,298 [grpc-default-executor-7] INFO  impl.RaftServerImpl (ServerState.java:setRaftConf(357)) - bc0382cc-50e2-4d58-b2de-e8b6250f3520@group-1D2D624DD38E: set configuration 0: [47aecc56-7e95-480d-b89c-2c00d33b4782:192.168.69.67:34550, 1bc296c6-def6-4ae4-8c62-5b4c951a28f1:192.168.69.67:37222, bc0382cc-50e2-4d58-b2de-e8b6250f3520:192.168.69.67:37666], old=null at 0
2019-10-18 08:19:14,298 [grpc-default-executor-5] INFO  impl.RaftServerImpl (ServerState.java:setRaftConf(357)) - 47aecc56-7e95-480d-b89c-2c00d33b4782@group-1D2D624DD38E: set configuration 0: [47aecc56-7e95-480d-b89c-2c00d33b4782:192.168.69.67:34550, 1bc296c6-def6-4ae4-8c62-5b4c951a28f1:192.168.69.67:37222, bc0382cc-50e2-4d58-b2de-e8b6250f3520:192.168.69.67:37666], old=null at 0
2019-10-18 08:19:14,300 [grpc-default-executor-7] INFO  segmented.SegmentedRaftLogWorker (SegmentedRaftLogWorker.java:startLogSegment(385)) - bc0382cc-50e2-4d58-b2de-e8b6250f3520@group-1D2D624DD38E-SegmentedRaftLogWorker: Starting segment from index:0
2019-10-18 08:19:14,300 [grpc-default-executor-5] INFO  segmented.SegmentedRaftLogWorker (SegmentedRaftLogWorker.java:startLogSegment(385)) - 47aecc56-7e95-480d-b89c-2c00d33b4782@group-1D2D624DD38E-SegmentedRaftLogWorker: Starting segment from index:0
2019-10-18 08:19:14,317 [1bc296c6-def6-4ae4-8c62-5b4c951a28f1@group-1D2D624DD38E-SegmentedRaftLogWorker] INFO  segmented.SegmentedRaftLogWorker (SegmentedRaftLogWorker.java:execute(576)) - 1bc296c6-def6-4ae4-8c62-5b4c951a28f1@group-1D2D624DD38E-SegmentedRaftLogWorker: created new log segment /workdir/hadoop-ozone/tools/target/test-dir/MiniOzoneClusterImpl-18708a0d-f212-4186-ae1d-4e11efd0a0ea/datanode-2/data/ratis/97f885e2-ef5b-4363-bb24-1d2d624dd38e/current/log_inprogress_0
2019-10-18 08:19:14,330 [47aecc56-7e95-480d-b89c-2c00d33b4782@group-1D2D624DD38E-SegmentedRaftLogWorker] INFO  segmented.SegmentedRaftLogWorker (SegmentedRaftLogWorker.java:execute(576)) - 47aecc56-7e95-480d-b89c-2c00d33b4782@group-1D2D624DD38E-SegmentedRaftLogWorker: created new log segment /workdir/hadoop-ozone/tools/target/test-dir/MiniOzoneClusterImpl-18708a0d-f212-4186-ae1d-4e11efd0a0ea/datanode-1/data/ratis/97f885e2-ef5b-4363-bb24-1d2d624dd38e/current/log_inprogress_0
2019-10-18 08:19:14,343 [bc0382cc-50e2-4d58-b2de-e8b6250f3520@group-1D2D624DD38E-SegmentedRaftLogWorker] INFO  segmented.SegmentedRaftLogWorker (SegmentedRaftLogWorker.java:execute(576)) - bc0382cc-50e2-4d58-b2de-e8b6250f3520@group-1D2D624DD38E-SegmentedRaftLogWorker: created new log segment /workdir/hadoop-ozone/tools/target/test-dir/MiniOzoneClusterImpl-18708a0d-f212-4186-ae1d-4e11efd0a0ea/datanode-0/data/ratis/97f885e2-ef5b-4363-bb24-1d2d624dd38e/current/log_inprogress_0
2019-10-18 08:19:14,947 [pool-73-thread-3] WARN  io.KeyOutputStream (KeyOutputStream.java:handleException(274)) - Encountered exception java.io.IOException: Unexpected Storage Container Exception: java.util.concurrent.CompletionException: java.util.concurrent.CompletionException: org.apache.ratis.protocol.GroupMismatchException: 47aecc56-7e95-480d-b89c-2c00d33b4782: group-40BE17638FC6 not found. on the pipeline Pipeline[ Id: 75b66265-9a25-49f8-bb8b-40be17638fc6, Nodes: bc0382cc-50e2-4d58-b2de-e8b6250f3520{ip: 192.168.69.67, host: pr-hdds-1868-wx8dl-4219780377, networkLocation: /default-rack, certSerialId: null}1bc296c6-def6-4ae4-8c62-5b4c951a28f1{ip: 192.168.69.67, host: pr-hdds-1868-wx8dl-4219780377, networkLocation: /default-rack, certSerialId: null}47aecc56-7e95-480d-b89c-2c00d33b4782{ip: 192.168.69.67, host: pr-hdds-1868-wx8dl-4219780377, networkLocation: /default-rack, certSerialId: null}, Type:RATIS, Factor:THREE, State:OPEN]. The last committed block length is 0, uncommitted data length is 2097152 retry count 2
 0.00% |?                                                                                                    |  0/1 Time: 0:03:232019-10-18 08:19:15,178 [pool-46-thread-6] ERROR impl.ChunkManagerImpl (ChunkManagerDummyImpl.java:writeChunk(86)) - data array does not match the length specified. DataLen: 1048576 Byte Array: 1048745
2019-10-18 08:19:15,179 [pool-46-thread-6] ERROR impl.ChunkManagerDummyImpl (ChunkManagerDummyImpl.java:writeChunk(105)) - write data failed. error: {}
org.apache.hadoop.hdds.scm.container.common.helpers.StorageContainerException: data array does not match the length specified. DataLen: 1048576 Byte Array: 1048745
	at org.apache.hadoop.ozone.container.keyvalue.impl.ChunkManagerDummyImpl.writeChunk(ChunkManagerDummyImpl.java:87)
	at org.apache.hadoop.ozone.container.keyvalue.KeyValueHandler.handleWriteChunk(KeyValueHandler.java:696)
	at org.apache.hadoop.ozone.container.keyvalue.KeyValueHandler.handle(KeyValueHandler.java:176)
	at org.apache.hadoop.ozone.container.common.impl.HddsDispatcher.dispatchRequest(HddsDispatcher.java:277)
	at org.apache.hadoop.ozone.container.common.impl.HddsDispatcher.dispatch(HddsDispatcher.java:150)
	at org.apache.hadoop.ozone.container.common.transport.server.ratis.ContainerStateMachine.dispatchCommand(ContainerStateMachine.java:415)
	at org.apache.hadoop.ozone.container.common.transport.server.ratis.ContainerStateMachine.runCommand(ContainerStateMachine.java:425)
	at org.apache.hadoop.ozone.container.common.transport.server.ratis.ContainerStateMachine.lambda$handleWriteChunk$1(ContainerStateMachine.java:460)
	at java.util.concurrent.CompletableFuture$AsyncSupply.run(CompletableFuture.java:1590)
	at java.util.concurrent.ThreadPoolExecutor.runWorker(ThreadPoolExecutor.java:1149)
	at java.util.concurrent.ThreadPoolExecutor$Worker.run(ThreadPoolExecutor.java:624)
	at java.lang.Thread.run(Thread.java:748)
2019-10-18 08:19:15,179 [pool-46-thread-6] INFO  keyvalue.KeyValueHandler (ContainerUtils.java:logAndReturnError(146)) - Operation: WriteChunk : Trace ID: 8a46b4734234ffe4:ef82a8f88db2db00:99c22f4b82e9bdcf:0 : Message: Internal error:  : Result: CONTAINER_INTERNAL_ERROR
08:19:15.196 [pool-46-thread-6] ERROR DNAudit - user=null | ip=null | op=WRITE_CHUNK {blockData=conID: 6 locID: 102982402373386248 bcsId: 0} | ret=FAILURE
java.lang.Exception: Internal error: 
	at org.apache.hadoop.ozone.container.common.impl.HddsDispatcher.dispatchRequest(HddsDispatcher.java:332) ~[hadoop-hdds-container-service-0.5.0-SNAPSHOT.jar:?]
	at org.apache.hadoop.ozone.container.common.impl.HddsDispatcher.dispatch(HddsDispatcher.java:150) ~[hadoop-hdds-container-service-0.5.0-SNAPSHOT.jar:?]
	at org.apache.hadoop.ozone.container.common.transport.server.ratis.ContainerStateMachine.dispatchCommand(ContainerStateMachine.java:415) ~[hadoop-hdds-container-service-0.5.0-SNAPSHOT.jar:?]
	at org.apache.hadoop.ozone.container.common.transport.server.ratis.ContainerStateMachine.runCommand(ContainerStateMachine.java:425) ~[hadoop-hdds-container-service-0.5.0-SNAPSHOT.jar:?]
	at org.apache.hadoop.ozone.container.common.transport.server.ratis.ContainerStateMachine.lambda$handleWriteChunk$1(ContainerStateMachine.java:460) ~[hadoop-hdds-container-service-0.5.0-SNAPSHOT.jar:?]
	at java.util.concurrent.CompletableFuture$AsyncSupply.run(CompletableFuture.java:1590) [?:1.8.0_222]
	at java.util.concurrent.ThreadPoolExecutor.runWorker(ThreadPoolExecutor.java:1149) [?:1.8.0_222]
	at java.util.concurrent.ThreadPoolExecutor$Worker.run(ThreadPoolExecutor.java:624) [?:1.8.0_222]
	at java.lang.Thread.run(Thread.java:748) [?:1.8.0_222]
2019-10-18 08:19:15,197 [EventQueue-IncrementalContainerReportForIncrementalContainerReportHandler] WARN  container.IncrementalContainerReportHandler (AbstractContainerReportHandler.java:updateContainerState(145)) - Container #6 is in OPEN state, but the datanode 1bc296c6-def6-4ae4-8c62-5b4c951a28f1{ip: 192.168.69.67, host: pr-hdds-1868-wx8dl-4219780377, networkLocation: /default-rack, certSerialId: null} reports an UNHEALTHY replica.
2019-10-18 08:19:15,199 [EventQueue-CloseContainerForCloseContainerEventHandler] INFO  container.CloseContainerEventHandler (CloseContainerEventHandler.java:onMessage(61)) - Close container Event triggered for container : #6
2019-10-18 08:19:15,199 [pool-46-thread-6] ERROR ratis.ContainerStateMachine (ContainerStateMachine.java:lambda$handleWriteChunk$2(482)) - group-1D2D624DD38E: writeChunk writeStateMachineData failed: blockIdcontainerID: 6
localID: 102982402373386248
blockCommitSequenceId: 0
 logIndex 1 chunkName 102982402373386248_chunk_1 Error message: Internal error:  Container Result: CONTAINER_INTERNAL_ERROR
2019-10-18 08:19:15,199 [1bc296c6-def6-4ae4-8c62-5b4c951a28f1@group-1D2D624DD38E-SegmentedRaftLogWorker] ERROR ratis.XceiverServerRatis (XceiverServerRatis.java:triggerPipelineClose(588)) - pipeline Action CLOSE  on pipeline PipelineID=97f885e2-ef5b-4363-bb24-1d2d624dd38e.Reason : Internal error: 
2019-10-18 08:19:15,200 [1bc296c6-def6-4ae4-8c62-5b4c951a28f1@group-1D2D624DD38E-SegmentedRaftLogWorker] ERROR ratis.XceiverServerRatis (XceiverServerRatis.java:triggerPipelineClose(588)) - pipeline Action CLOSE  on pipeline PipelineID=97f885e2-ef5b-4363-bb24-1d2d624dd38e.Reason : Log already failed at index 1 for task WriteLog:1: (t:2, i:1), STATEMACHINELOGENTRY, client-73321C1E9BA3, cid=44
2019-10-18 08:19:15,200 [EventQueue-PipelineActionsForPipelineActionHandler] ERROR pipeline.PipelineActionHandler (PipelineActionHandler.java:onMessage(60)) - Received pipeline action CLOSE for Pipeline[ Id: 97f885e2-ef5b-4363-bb24-1d2d624dd38e, Nodes: bc0382cc-50e2-4d58-b2de-e8b6250f3520{ip: 192.168.69.67, host: pr-hdds-1868-wx8dl-4219780377, networkLocation: /default-rack, certSerialId: null}1bc296c6-def6-4ae4-8c62-5b4c951a28f1{ip: 192.168.69.67, host: pr-hdds-1868-wx8dl-4219780377, networkLocation: /default-rack, certSerialId: null}47aecc56-7e95-480d-b89c-2c00d33b4782{ip: 192.168.69.67, host: pr-hdds-1868-wx8dl-4219780377, networkLocation: /default-rack, certSerialId: null}, Type:RATIS, Factor:THREE, State:OPEN] from datanode 1bc296c6-def6-4ae4-8c62-5b4c951a28f1{ip: 192.168.69.67, host: pr-hdds-1868-wx8dl-4219780377, networkLocation: /default-rack, certSerialId: null}. Reason : Internal error: 
2019-10-18 08:19:15,200 [EventQueue-PipelineActionsForPipelineActionHandler] INFO  pipeline.SCMPipelineManager (SCMPipelineManager.java:finalizeAndDestroyPipeline(315)) - destroying pipeline:Pipeline[ Id: 97f885e2-ef5b-4363-bb24-1d2d624dd38e, Nodes: bc0382cc-50e2-4d58-b2de-e8b6250f3520{ip: 192.168.69.67, host: pr-hdds-1868-wx8dl-4219780377, networkLocation: /default-rack, certSerialId: null}1bc296c6-def6-4ae4-8c62-5b4c951a28f1{ip: 192.168.69.67, host: pr-hdds-1868-wx8dl-4219780377, networkLocation: /default-rack, certSerialId: null}47aecc56-7e95-480d-b89c-2c00d33b4782{ip: 192.168.69.67, host: pr-hdds-1868-wx8dl-4219780377, networkLocation: /default-rack, certSerialId: null}, Type:RATIS, Factor:THREE, State:OPEN]
2019-10-18 08:19:15,201 [EventQueue-PipelineActionsForPipelineActionHandler] INFO  pipeline.PipelineStateManager (PipelineStateManager.java:finalizePipeline(121)) - Pipeline Pipeline[ Id: 97f885e2-ef5b-4363-bb24-1d2d624dd38e, Nodes: bc0382cc-50e2-4d58-b2de-e8b6250f3520{ip: 192.168.69.67, host: pr-hdds-1868-wx8dl-4219780377, networkLocation: /default-rack, certSerialId: null}1bc296c6-def6-4ae4-8c62-5b4c951a28f1{ip: 192.168.69.67, host: pr-hdds-1868-wx8dl-4219780377, networkLocation: /default-rack, certSerialId: null}47aecc56-7e95-480d-b89c-2c00d33b4782{ip: 192.168.69.67, host: pr-hdds-1868-wx8dl-4219780377, networkLocation: /default-rack, certSerialId: null}, Type:RATIS, Factor:THREE, State:CLOSED] moved to CLOSED state
2019-10-18 08:19:15,201 [EventQueue-PipelineActionsForPipelineActionHandler] ERROR pipeline.PipelineActionHandler (PipelineActionHandler.java:onMessage(60)) - Received pipeline action CLOSE for Pipeline[ Id: 97f885e2-ef5b-4363-bb24-1d2d624dd38e, Nodes: bc0382cc-50e2-4d58-b2de-e8b6250f3520{ip: 192.168.69.67, host: pr-hdds-1868-wx8dl-4219780377, networkLocation: /default-rack, certSerialId: null}1bc296c6-def6-4ae4-8c62-5b4c951a28f1{ip: 192.168.69.67, host: pr-hdds-1868-wx8dl-4219780377, networkLocation: /default-rack, certSerialId: null}47aecc56-7e95-480d-b89c-2c00d33b4782{ip: 192.168.69.67, host: pr-hdds-1868-wx8dl-4219780377, networkLocation: /default-rack, certSerialId: null}, Type:RATIS, Factor:THREE, State:CLOSED] from datanode 1bc296c6-def6-4ae4-8c62-5b4c951a28f1{ip: 192.168.69.67, host: pr-hdds-1868-wx8dl-4219780377, networkLocation: /default-rack, certSerialId: null}. Reason : Log already failed at index 1 for task WriteLog:1: (t:2, i:1), STATEMACHINELOGENTRY, client-73321C1E9BA3, cid=44
2019-10-18 08:19:15,202 [EventQueue-PipelineActionsForPipelineActionHandler] INFO  pipeline.SCMPipelineManager (SCMPipelineManager.java:finalizeAndDestroyPipeline(315)) - destroying pipeline:Pipeline[ Id: 97f885e2-ef5b-4363-bb24-1d2d624dd38e, Nodes: bc0382cc-50e2-4d58-b2de-e8b6250f3520{ip: 192.168.69.67, host: pr-hdds-1868-wx8dl-4219780377, networkLocation: /default-rack, certSerialId: null}1bc296c6-def6-4ae4-8c62-5b4c951a28f1{ip: 192.168.69.67, host: pr-hdds-1868-wx8dl-4219780377, networkLocation: /default-rack, certSerialId: null}47aecc56-7e95-480d-b89c-2c00d33b4782{ip: 192.168.69.67, host: pr-hdds-1868-wx8dl-4219780377, networkLocation: /default-rack, certSerialId: null}, Type:RATIS, Factor:THREE, State:CLOSED]
 0.00% |?                                                                                                    |  0/1 Time: 0:03:24 0.00% |?                                                                                                    |  0/1 Time: 0:03:25 0.00% |?                                                                                                    |  0/1 Time: 0:03:26 0.00% |?                                                                                                    |  0/1 Time: 0:03:27 0.00% |?                                                                                                    |  0/1 Time: 0:03:28 0.00% |?                                                                                                    |  0/1 Time: 0:03:29 0.00% |?                                                                                                    |  0/1 Time: 0:03:30 0.00% |?                                                                                                    |  0/1 Time: 0:03:31 0.00% |?                                                                                                    |  0/1 Time: 0:03:32 0.00% |?                                                                                                    |  0/1 Time: 0:03:33 0.00% |?                                                                                                    |  0/1 Time: 0:03:34 0.00% |?                                                                                                    |  0/1 Time: 0:03:35 0.00% |?                                                                                                    |  0/1 Time: 0:03:36 0.00% |?                                                                                                    |  0/1 Time: 0:03:37 0.00% |?                                                                                                    |  0/1 Time: 0:03:38 0.00% |?                                                                                                    |  0/1 Time: 0:03:39 0.00% |?                                                                                                    |  0/1 Time: 0:03:40 0.00% |?                                                                                                    |  0/1 Time: 0:03:41 0.00% |?                                                                                                    |  0/1 Time: 0:03:42 0.00% |?                                                                                                    |  0/1 Time: 0:03:43 0.00% |?                                                                                                    |  0/1 Time: 0:03:44 0.00% |?                                                                                                    |  0/1 Time: 0:03:45 0.00% |?                                                                                                    |  0/1 Time: 0:03:46 0.00% |?                                                                                                    |  0/1 Time: 0:03:47 0.00% |?                                                                                                    |  0/1 Time: 0:03:48 0.00% |?                                                                                                    |  0/1 Time: 0:03:49 0.00% |?                                                                                                    |  0/1 Time: 0:03:50 0.00% |?                                                                                                    |  0/1 Time: 0:03:51 0.00% |?                                                                                                    |  0/1 Time: 0:03:52 0.00% |?                                                                                                    |  0/1 Time: 0:03:53 0.00% |?                                                                                                    |  0/1 Time: 0:03:54 0.00% |?                                                                                                    |  0/1 Time: 0:03:55 0.00% |?                                                                                                    |  0/1 Time: 0:03:56 0.00% |?                                                                                                    |  0/1 Time: 0:03:57 0.00% |?                                                                                                    |  0/1 Time: 0:03:582019-10-18 08:19:50,350 [grpc-default-executor-5] INFO  impl.RaftServerProxy (RaftServerProxy.java:addNew(89)) - 47aecc56-7e95-480d-b89c-2c00d33b4782: addNew group-5EC277DF3249:[47aecc56-7e95-480d-b89c-2c00d33b4782:192.168.69.67:34550, 1bc296c6-def6-4ae4-8c62-5b4c951a28f1:192.168.69.67:37222, bc0382cc-50e2-4d58-b2de-e8b6250f3520:192.168.69.67:37666] returns group-5EC277DF3249:java.util.concurrent.CompletableFuture@1925ab43[Not completed]
2019-10-18 08:19:50,350 [grpc-default-executor-7] INFO  impl.RaftServerProxy (RaftServerProxy.java:addNew(89)) - 1bc296c6-def6-4ae4-8c62-5b4c951a28f1: addNew group-5EC277DF3249:[47aecc56-7e95-480d-b89c-2c00d33b4782:192.168.69.67:34550, 1bc296c6-def6-4ae4-8c62-5b4c951a28f1:192.168.69.67:37222, bc0382cc-50e2-4d58-b2de-e8b6250f3520:192.168.69.67:37666] returns group-5EC277DF3249:java.util.concurrent.CompletableFuture@785936f9[Not completed]
2019-10-18 08:19:50,350 [grpc-default-executor-9] INFO  impl.RaftServerProxy (RaftServerProxy.java:addNew(89)) - bc0382cc-50e2-4d58-b2de-e8b6250f3520: addNew group-5EC277DF3249:[47aecc56-7e95-480d-b89c-2c00d33b4782:192.168.69.67:34550, 1bc296c6-def6-4ae4-8c62-5b4c951a28f1:192.168.69.67:37222, bc0382cc-50e2-4d58-b2de-e8b6250f3520:192.168.69.67:37666] returns group-5EC277DF3249:java.util.concurrent.CompletableFuture@38488376[Not completed]
2019-10-18 08:19:50,359 [pool-47-thread-1] INFO  impl.RaftServerImpl (RaftServerImpl.java:<init>(104)) - 1bc296c6-def6-4ae4-8c62-5b4c951a28f1: new RaftServerImpl for group-5EC277DF3249:[47aecc56-7e95-480d-b89c-2c00d33b4782:192.168.69.67:34550, 1bc296c6-def6-4ae4-8c62-5b4c951a28f1:192.168.69.67:37222, bc0382cc-50e2-4d58-b2de-e8b6250f3520:192.168.69.67:37666] with ContainerStateMachine:uninitialized
2019-10-18 08:19:50,359 [pool-47-thread-1] INFO  server.RaftServerConfigKeys (ConfUtils.java:logGet(43)) - raft.server.rpc.timeout.min = 5s (custom)
2019-10-18 08:19:50,359 [pool-47-thread-1] INFO  server.RaftServerConfigKeys (ConfUtils.java:logGet(43)) - raft.server.rpc.timeout.max = 5200ms (custom)
2019-10-18 08:19:50,359 [pool-47-thread-1] INFO  server.RaftServerConfigKeys (ConfUtils.java:logGet(43)) - raft.server.rpcslowness.timeout = 120s (custom)
2019-10-18 08:19:50,359 [pool-47-thread-1] INFO  server.RaftServerConfigKeys (ConfUtils.java:logGet(43)) - raft.server.sleep.deviation.threshold = 300 (default)
2019-10-18 08:19:50,359 [pool-47-thread-1] INFO  server.RaftServerConfigKeys (ConfUtils.java:logGet(43)) - raft.server.log.appender.install.snapshot.enabled = false (custom)
2019-10-18 08:19:50,360 [pool-27-thread-1] INFO  impl.RaftServerImpl (RaftServerImpl.java:<init>(104)) - bc0382cc-50e2-4d58-b2de-e8b6250f3520: new RaftServerImpl for group-5EC277DF3249:[47aecc56-7e95-480d-b89c-2c00d33b4782:192.168.69.67:34550, 1bc296c6-def6-4ae4-8c62-5b4c951a28f1:192.168.69.67:37222, bc0382cc-50e2-4d58-b2de-e8b6250f3520:192.168.69.67:37666] with ContainerStateMachine:uninitialized
2019-10-18 08:19:50,360 [pool-47-thread-1] INFO  impl.RaftServerImpl (ServerState.java:<init>(103)) - 1bc296c6-def6-4ae4-8c62-5b4c951a28f1@group-5EC277DF3249: ConfigurationManager, init=-1: [47aecc56-7e95-480d-b89c-2c00d33b4782:192.168.69.67:34550, 1bc296c6-def6-4ae4-8c62-5b4c951a28f1:192.168.69.67:37222, bc0382cc-50e2-4d58-b2de-e8b6250f3520:192.168.69.67:37666], old=null, confs=<EMPTY_MAP>
2019-10-18 08:19:50,360 [pool-27-thread-1] INFO  server.RaftServerConfigKeys (ConfUtils.java:logGet(43)) - raft.server.rpc.timeout.min = 5s (custom)
2019-10-18 08:19:50,360 [pool-27-thread-1] INFO  server.RaftServerConfigKeys (ConfUtils.java:logGet(43)) - raft.server.rpc.timeout.max = 5200ms (custom)
2019-10-18 08:19:50,360 [pool-47-thread-1] INFO  server.RaftServerConfigKeys (ConfUtils.java:logGet(43)) - raft.server.storage.dir = [/workdir/hadoop-ozone/tools/target/test-dir/MiniOzoneClusterImpl-18708a0d-f212-4186-ae1d-4e11efd0a0ea/datanode-2/data/ratis] (custom)
2019-10-18 08:19:50,360 [pool-27-thread-1] INFO  server.RaftServerConfigKeys (ConfUtils.java:logGet(43)) - raft.server.rpcslowness.timeout = 120s (custom)
2019-10-18 08:19:50,360 [pool-27-thread-1] INFO  server.RaftServerConfigKeys (ConfUtils.java:logGet(43)) - raft.server.sleep.deviation.threshold = 300 (default)
2019-10-18 08:19:50,360 [pool-27-thread-1] INFO  server.RaftServerConfigKeys (ConfUtils.java:logGet(43)) - raft.server.log.appender.install.snapshot.enabled = false (custom)
2019-10-18 08:19:50,360 [pool-47-thread-1] INFO  server.RaftServerConfigKeys (ConfUtils.java:logGet(43)) - raft.server.log.corruption.policy = EXCEPTION (default)
2019-10-18 08:19:50,360 [pool-27-thread-1] INFO  impl.RaftServerImpl (ServerState.java:<init>(103)) - bc0382cc-50e2-4d58-b2de-e8b6250f3520@group-5EC277DF3249: ConfigurationManager, init=-1: [47aecc56-7e95-480d-b89c-2c00d33b4782:192.168.69.67:34550, 1bc296c6-def6-4ae4-8c62-5b4c951a28f1:192.168.69.67:37222, bc0382cc-50e2-4d58-b2de-e8b6250f3520:192.168.69.67:37666], old=null, confs=<EMPTY_MAP>
2019-10-18 08:19:50,361 [pool-37-thread-1] INFO  impl.RaftServerImpl (RaftServerImpl.java:<init>(104)) - 47aecc56-7e95-480d-b89c-2c00d33b4782: new RaftServerImpl for group-5EC277DF3249:[47aecc56-7e95-480d-b89c-2c00d33b4782:192.168.69.67:34550, 1bc296c6-def6-4ae4-8c62-5b4c951a28f1:192.168.69.67:37222, bc0382cc-50e2-4d58-b2de-e8b6250f3520:192.168.69.67:37666] with ContainerStateMachine:uninitialized
2019-10-18 08:19:50,361 [pool-27-thread-1] INFO  server.RaftServerConfigKeys (ConfUtils.java:logGet(43)) - raft.server.storage.dir = [/workdir/hadoop-ozone/tools/target/test-dir/MiniOzoneClusterImpl-18708a0d-f212-4186-ae1d-4e11efd0a0ea/datanode-0/data/ratis] (custom)
2019-10-18 08:19:50,361 [pool-47-thread-1] INFO  storage.RaftStorageDirectory (RaftStorageDirectory.java:analyzeStorage(246)) - The storage directory /workdir/hadoop-ozone/tools/target/test-dir/MiniOzoneClusterImpl-18708a0d-f212-4186-ae1d-4e11efd0a0ea/datanode-2/data/ratis/1f660cd7-f642-4e1e-aef0-5ec277df3249 does not exist. Creating ...
2019-10-18 08:19:50,361 [pool-37-thread-1] INFO  server.RaftServerConfigKeys (ConfUtils.java:logGet(43)) - raft.server.rpc.timeout.min = 5s (custom)
2019-10-18 08:19:50,361 [pool-27-thread-1] INFO  server.RaftServerConfigKeys (ConfUtils.java:logGet(43)) - raft.server.log.corruption.policy = EXCEPTION (default)
2019-10-18 08:19:50,361 [pool-37-thread-1] INFO  server.RaftServerConfigKeys (ConfUtils.java:logGet(43)) - raft.server.rpc.timeout.max = 5200ms (custom)
2019-10-18 08:19:50,361 [pool-27-thread-1] INFO  storage.RaftStorageDirectory (RaftStorageDirectory.java:analyzeStorage(246)) - The storage directory /workdir/hadoop-ozone/tools/target/test-dir/MiniOzoneClusterImpl-18708a0d-f212-4186-ae1d-4e11efd0a0ea/datanode-0/data/ratis/1f660cd7-f642-4e1e-aef0-5ec277df3249 does not exist. Creating ...
2019-10-18 08:19:50,361 [pool-37-thread-1] INFO  server.RaftServerConfigKeys (ConfUtils.java:logGet(43)) - raft.server.rpcslowness.timeout = 120s (custom)
2019-10-18 08:19:50,362 [pool-37-thread-1] INFO  server.RaftServerConfigKeys (ConfUtils.java:logGet(43)) - raft.server.sleep.deviation.threshold = 300 (default)
2019-10-18 08:19:50,362 [pool-37-thread-1] INFO  server.RaftServerConfigKeys (ConfUtils.java:logGet(43)) - raft.server.log.appender.install.snapshot.enabled = false (custom)
2019-10-18 08:19:50,362 [pool-37-thread-1] INFO  impl.RaftServerImpl (ServerState.java:<init>(103)) - 47aecc56-7e95-480d-b89c-2c00d33b4782@group-5EC277DF3249: ConfigurationManager, init=-1: [47aecc56-7e95-480d-b89c-2c00d33b4782:192.168.69.67:34550, 1bc296c6-def6-4ae4-8c62-5b4c951a28f1:192.168.69.67:37222, bc0382cc-50e2-4d58-b2de-e8b6250f3520:192.168.69.67:37666], old=null, confs=<EMPTY_MAP>
2019-10-18 08:19:50,362 [pool-37-thread-1] INFO  server.RaftServerConfigKeys (ConfUtils.java:logGet(43)) - raft.server.storage.dir = [/workdir/hadoop-ozone/tools/target/test-dir/MiniOzoneClusterImpl-18708a0d-f212-4186-ae1d-4e11efd0a0ea/datanode-1/data/ratis] (custom)
2019-10-18 08:19:50,362 [pool-37-thread-1] INFO  server.RaftServerConfigKeys (ConfUtils.java:logGet(43)) - raft.server.log.corruption.policy = EXCEPTION (default)
2019-10-18 08:19:50,363 [pool-37-thread-1] INFO  storage.RaftStorageDirectory (RaftStorageDirectory.java:analyzeStorage(246)) - The storage directory /workdir/hadoop-ozone/tools/target/test-dir/MiniOzoneClusterImpl-18708a0d-f212-4186-ae1d-4e11efd0a0ea/datanode-1/data/ratis/1f660cd7-f642-4e1e-aef0-5ec277df3249 does not exist. Creating ...
2019-10-18 08:19:50,373 [pool-47-thread-1] INFO  storage.RaftStorageDirectory (RaftStorageDirectory.java:tryLock(328)) - Lock on /workdir/hadoop-ozone/tools/target/test-dir/MiniOzoneClusterImpl-18708a0d-f212-4186-ae1d-4e11efd0a0ea/datanode-2/data/ratis/1f660cd7-f642-4e1e-aef0-5ec277df3249/in_use.lock acquired by nodename 17171@pr-hdds-1868-wx8dl-4219780377
2019-10-18 08:19:50,373 [pool-37-thread-1] INFO  storage.RaftStorageDirectory (RaftStorageDirectory.java:tryLock(328)) - Lock on /workdir/hadoop-ozone/tools/target/test-dir/MiniOzoneClusterImpl-18708a0d-f212-4186-ae1d-4e11efd0a0ea/datanode-1/data/ratis/1f660cd7-f642-4e1e-aef0-5ec277df3249/in_use.lock acquired by nodename 17171@pr-hdds-1868-wx8dl-4219780377
2019-10-18 08:19:50,373 [pool-27-thread-1] INFO  storage.RaftStorageDirectory (RaftStorageDirectory.java:tryLock(328)) - Lock on /workdir/hadoop-ozone/tools/target/test-dir/MiniOzoneClusterImpl-18708a0d-f212-4186-ae1d-4e11efd0a0ea/datanode-0/data/ratis/1f660cd7-f642-4e1e-aef0-5ec277df3249/in_use.lock acquired by nodename 17171@pr-hdds-1868-wx8dl-4219780377
2019-10-18 08:19:50,387 [pool-47-thread-1] INFO  storage.RaftStorage (RaftStorage.java:format(84)) - Storage directory /workdir/hadoop-ozone/tools/target/test-dir/MiniOzoneClusterImpl-18708a0d-f212-4186-ae1d-4e11efd0a0ea/datanode-2/data/ratis/1f660cd7-f642-4e1e-aef0-5ec277df3249 has been successfully formatted.
2019-10-18 08:19:50,387 [pool-27-thread-1] INFO  storage.RaftStorage (RaftStorage.java:format(84)) - Storage directory /workdir/hadoop-ozone/tools/target/test-dir/MiniOzoneClusterImpl-18708a0d-f212-4186-ae1d-4e11efd0a0ea/datanode-0/data/ratis/1f660cd7-f642-4e1e-aef0-5ec277df3249 has been successfully formatted.
2019-10-18 08:19:50,387 [pool-37-thread-1] INFO  storage.RaftStorage (RaftStorage.java:format(84)) - Storage directory /workdir/hadoop-ozone/tools/target/test-dir/MiniOzoneClusterImpl-18708a0d-f212-4186-ae1d-4e11efd0a0ea/datanode-1/data/ratis/1f660cd7-f642-4e1e-aef0-5ec277df3249 has been successfully formatted.
2019-10-18 08:19:50,387 [pool-47-thread-1] INFO  ratis.ContainerStateMachine (ContainerStateMachine.java:loadSnapshot(233)) - group-5EC277DF3249: The snapshot info is null. Setting the last applied indexto:(t:0, i:~)
2019-10-18 08:19:50,388 [pool-37-thread-1] INFO  ratis.ContainerStateMachine (ContainerStateMachine.java:loadSnapshot(233)) - group-5EC277DF3249: The snapshot info is null. Setting the last applied indexto:(t:0, i:~)
2019-10-18 08:19:50,388 [pool-27-thread-1] INFO  ratis.ContainerStateMachine (ContainerStateMachine.java:loadSnapshot(233)) - group-5EC277DF3249: The snapshot info is null. Setting the last applied indexto:(t:0, i:~)
2019-10-18 08:19:50,388 [pool-37-thread-1] INFO  server.RaftServerConfigKeys (ConfUtils.java:logGet(43)) - raft.server.notification.no-leader.timeout = 120s (custom)
2019-10-18 08:19:50,388 [pool-47-thread-1] INFO  server.RaftServerConfigKeys (ConfUtils.java:logGet(43)) - raft.server.notification.no-leader.timeout = 120s (custom)
2019-10-18 08:19:50,388 [pool-37-thread-1] INFO  server.RaftServerConfigKeys (ConfUtils.java:logGet(43)) - raft.server.log.use.memory = false (default)
2019-10-18 08:19:50,388 [pool-27-thread-1] INFO  server.RaftServerConfigKeys (ConfUtils.java:logGet(43)) - raft.server.notification.no-leader.timeout = 120s (custom)
2019-10-18 08:19:50,388 [pool-27-thread-1] INFO  server.RaftServerConfigKeys (ConfUtils.java:logGet(43)) - raft.server.log.use.memory = false (default)
2019-10-18 08:19:50,388 [pool-37-thread-1] INFO  server.RaftServerConfigKeys (ConfUtils.java:logGet(43)) - raft.server.log.purge.gap = 1000000 (custom)
2019-10-18 08:19:50,388 [pool-47-thread-1] INFO  server.RaftServerConfigKeys (ConfUtils.java:logGet(43)) - raft.server.log.use.memory = false (default)
2019-10-18 08:19:50,389 [pool-37-thread-1] INFO  server.RaftServerConfigKeys (ConfUtils.java:logGet(43)) - raft.server.log.appender.buffer.byte-limit = 33554432 (custom)
2019-10-18 08:19:50,388 [pool-27-thread-1] INFO  server.RaftServerConfigKeys (ConfUtils.java:logGet(43)) - raft.server.log.purge.gap = 1000000 (custom)
2019-10-18 08:19:50,389 [pool-37-thread-1] INFO  server.RaftServerConfigKeys (ConfUtils.java:logGet(43)) - raft.server.log.segment.size.max = 1048576 (custom)
2019-10-18 08:19:50,389 [pool-47-thread-1] INFO  server.RaftServerConfigKeys (ConfUtils.java:logGet(43)) - raft.server.log.purge.gap = 1000000 (custom)
2019-10-18 08:19:50,389 [pool-27-thread-1] INFO  server.RaftServerConfigKeys (ConfUtils.java:logGet(43)) - raft.server.log.appender.buffer.byte-limit = 33554432 (custom)
2019-10-18 08:19:50,389 [pool-37-thread-1] INFO  server.RaftServerConfigKeys (ConfUtils.java:logGet(43)) - raft.server.log.segment.cache.num.max = 2 (custom)
2019-10-18 08:19:50,389 [pool-47-thread-1] INFO  server.RaftServerConfigKeys (ConfUtils.java:logGet(43)) - raft.server.log.appender.buffer.byte-limit = 33554432 (custom)
2019-10-18 08:19:50,390 [pool-37-thread-1] INFO  segmented.SegmentedRaftLogWorker (SegmentedRaftLogWorker.java:<init>(173)) - new 47aecc56-7e95-480d-b89c-2c00d33b4782@group-5EC277DF3249-SegmentedRaftLogWorker for RaftStorage:Storage Directory /workdir/hadoop-ozone/tools/target/test-dir/MiniOzoneClusterImpl-18708a0d-f212-4186-ae1d-4e11efd0a0ea/datanode-1/data/ratis/1f660cd7-f642-4e1e-aef0-5ec277df3249
2019-10-18 08:19:50,390 [pool-27-thread-1] INFO  server.RaftServerConfigKeys (ConfUtils.java:logGet(43)) - raft.server.log.segment.size.max = 1048576 (custom)
2019-10-18 08:19:50,390 [pool-37-thread-1] INFO  server.RaftServerConfigKeys (ConfUtils.java:logGet(43)) - raft.server.log.queue.byte-limit = 2147483647 (custom)
2019-10-18 08:19:50,390 [pool-47-thread-1] INFO  server.RaftServerConfigKeys (ConfUtils.java:logGet(43)) - raft.server.log.segment.size.max = 1048576 (custom)
2019-10-18 08:19:50,390 [pool-37-thread-1] INFO  server.RaftServerConfigKeys (ConfUtils.java:logGet(43)) - raft.server.log.queue.element-limit = 1024 (custom)
2019-10-18 08:19:50,390 [pool-27-thread-1] INFO  server.RaftServerConfigKeys (ConfUtils.java:logGet(43)) - raft.server.log.segment.cache.num.max = 2 (custom)
2019-10-18 08:19:50,391 [pool-37-thread-1] INFO  server.RaftServerConfigKeys (ConfUtils.java:logGet(43)) - raft.server.log.segment.size.max = 1048576 (custom)
2019-10-18 08:19:50,390 [pool-47-thread-1] INFO  server.RaftServerConfigKeys (ConfUtils.java:logGet(43)) - raft.server.log.segment.cache.num.max = 2 (custom)
2019-10-18 08:19:50,391 [pool-37-thread-1] INFO  server.RaftServerConfigKeys (ConfUtils.java:logGet(43)) - raft.server.log.preallocated.size = 16384 (custom)
2019-10-18 08:19:50,391 [pool-27-thread-1] INFO  segmented.SegmentedRaftLogWorker (SegmentedRaftLogWorker.java:<init>(173)) - new bc0382cc-50e2-4d58-b2de-e8b6250f3520@group-5EC277DF3249-SegmentedRaftLogWorker for RaftStorage:Storage Directory /workdir/hadoop-ozone/tools/target/test-dir/MiniOzoneClusterImpl-18708a0d-f212-4186-ae1d-4e11efd0a0ea/datanode-0/data/ratis/1f660cd7-f642-4e1e-aef0-5ec277df3249
2019-10-18 08:19:50,391 [pool-37-thread-1] INFO  server.RaftServerConfigKeys (ConfUtils.java:logGet(43)) - raft.server.log.write.buffer.size = 33554432 (custom)
2019-10-18 08:19:50,391 [pool-47-thread-1] INFO  segmented.SegmentedRaftLogWorker (SegmentedRaftLogWorker.java:<init>(173)) - new 1bc296c6-def6-4ae4-8c62-5b4c951a28f1@group-5EC277DF3249-SegmentedRaftLogWorker for RaftStorage:Storage Directory /workdir/hadoop-ozone/tools/target/test-dir/MiniOzoneClusterImpl-18708a0d-f212-4186-ae1d-4e11efd0a0ea/datanode-2/data/ratis/1f660cd7-f642-4e1e-aef0-5ec277df3249
2019-10-18 08:19:50,391 [pool-37-thread-1] INFO  server.RaftServerConfigKeys (ConfUtils.java:logGet(43)) - raft.server.log.force.sync.num = 128 (default)
2019-10-18 08:19:50,391 [pool-27-thread-1] INFO  server.RaftServerConfigKeys (ConfUtils.java:logGet(43)) - raft.server.log.queue.byte-limit = 2147483647 (custom)
2019-10-18 08:19:50,392 [pool-37-thread-1] INFO  server.RaftServerConfigKeys (ConfUtils.java:logGet(43)) - raft.server.log.statemachine.data.sync = true (default)
2019-10-18 08:19:50,391 [pool-47-thread-1] INFO  server.RaftServerConfigKeys (ConfUtils.java:logGet(43)) - raft.server.log.queue.byte-limit = 2147483647 (custom)
2019-10-18 08:19:50,392 [pool-37-thread-1] INFO  server.RaftServerConfigKeys (ConfUtils.java:logGet(43)) - raft.server.log.statemachine.data.sync.timeout = 10s (default)
2019-10-18 08:19:50,392 [pool-27-thread-1] INFO  server.RaftServerConfigKeys (ConfUtils.java:logGet(43)) - raft.server.log.queue.element-limit = 1024 (custom)
2019-10-18 08:19:50,392 [pool-37-thread-1] INFO  server.RaftServerConfigKeys (ConfUtils.java:logGet(43)) - raft.server.log.statemachine.data.sync.timeout.retry = -1 (default)
2019-10-18 08:19:50,392 [pool-47-thread-1] INFO  server.RaftServerConfigKeys (ConfUtils.java:logGet(43)) - raft.server.log.queue.element-limit = 1024 (custom)
2019-10-18 08:19:50,392 [pool-27-thread-1] INFO  server.RaftServerConfigKeys (ConfUtils.java:logGet(43)) - raft.server.log.segment.size.max = 1048576 (custom)
2019-10-18 08:19:50,393 [pool-37-thread-1] INFO  server.RaftServerConfigKeys (ConfUtils.java:logGet(43)) - raft.server.log.statemachine.data.caching.enabled = true (custom)
2019-10-18 08:19:50,393 [pool-47-thread-1] INFO  server.RaftServerConfigKeys (ConfUtils.java:logGet(43)) - raft.server.log.segment.size.max = 1048576 (custom)
2019-10-18 08:19:50,393 [pool-27-thread-1] INFO  server.RaftServerConfigKeys (ConfUtils.java:logGet(43)) - raft.server.log.preallocated.size = 16384 (custom)
2019-10-18 08:19:50,393 [pool-47-thread-1] INFO  server.RaftServerConfigKeys (ConfUtils.java:logGet(43)) - raft.server.log.preallocated.size = 16384 (custom)
2019-10-18 08:19:50,393 [pool-27-thread-1] INFO  server.RaftServerConfigKeys (ConfUtils.java:logGet(43)) - raft.server.log.write.buffer.size = 33554432 (custom)
2019-10-18 08:19:50,393 [pool-47-thread-1] INFO  server.RaftServerConfigKeys (ConfUtils.java:logGet(43)) - raft.server.log.write.buffer.size = 33554432 (custom)
2019-10-18 08:19:50,393 [pool-37-thread-1] INFO  segmented.SegmentedRaftLogWorker (SegmentedRaftLogWorker.java:lambda$new$0(128)) - 47aecc56-7e95-480d-b89c-2c00d33b4782@group-5EC277DF3249-SegmentedRaftLogWorker: flushIndex: setUnconditionally 0 -> -1
2019-10-18 08:19:50,393 [pool-27-thread-1] INFO  server.RaftServerConfigKeys (ConfUtils.java:logGet(43)) - raft.server.log.force.sync.num = 128 (default)
2019-10-18 08:19:50,393 [pool-47-thread-1] INFO  server.RaftServerConfigKeys (ConfUtils.java:logGet(43)) - raft.server.log.force.sync.num = 128 (default)
2019-10-18 08:19:50,394 [pool-27-thread-1] INFO  server.RaftServerConfigKeys (ConfUtils.java:logGet(43)) - raft.server.log.statemachine.data.sync = true (default)
2019-10-18 08:19:50,394 [pool-47-thread-1] INFO  server.RaftServerConfigKeys (ConfUtils.java:logGet(43)) - raft.server.log.statemachine.data.sync = true (default)
2019-10-18 08:19:50,394 [pool-27-thread-1] INFO  server.RaftServerConfigKeys (ConfUtils.java:logGet(43)) - raft.server.log.statemachine.data.sync.timeout = 10s (default)
2019-10-18 08:19:50,394 [pool-37-thread-1] INFO  server.RaftServerConfigKeys (ConfUtils.java:logGet(43)) - raft.server.snapshot.auto.trigger.enabled = true (custom)
2019-10-18 08:19:50,394 [pool-47-thread-1] INFO  server.RaftServerConfigKeys (ConfUtils.java:logGet(43)) - raft.server.log.statemachine.data.sync.timeout = 10s (default)
2019-10-18 08:19:50,394 [pool-37-thread-1] INFO  server.RaftServerConfigKeys (ConfUtils.java:logGet(43)) - raft.server.snapshot.auto.trigger.threshold = 10000 (custom)
2019-10-18 08:19:50,394 [pool-27-thread-1] INFO  server.RaftServerConfigKeys (ConfUtils.java:logGet(43)) - raft.server.log.statemachine.data.sync.timeout.retry = -1 (default)
2019-10-18 08:19:50,395 [pool-37-thread-1] INFO  server.RaftServerConfigKeys (ConfUtils.java:logGet(43)) - raft.server.snapshot.retention.file.num = 5 (custom)
2019-10-18 08:19:50,394 [pool-47-thread-1] INFO  server.RaftServerConfigKeys (ConfUtils.java:logGet(43)) - raft.server.log.statemachine.data.sync.timeout.retry = -1 (default)
2019-10-18 08:19:50,395 [pool-27-thread-1] INFO  server.RaftServerConfigKeys (ConfUtils.java:logGet(43)) - raft.server.log.statemachine.data.caching.enabled = true (custom)
2019-10-18 08:19:50,395 [pool-47-thread-1] INFO  server.RaftServerConfigKeys (ConfUtils.java:logGet(43)) - raft.server.log.statemachine.data.caching.enabled = true (custom)
2019-10-18 08:19:50,395 [pool-37-thread-1] INFO  server.RaftServerConfigKeys (ConfUtils.java:logGet(43)) - raft.server.retrycache.expirytime = 600000ms (custom)
2019-10-18 08:19:50,395 [pool-27-thread-1] INFO  segmented.SegmentedRaftLogWorker (SegmentedRaftLogWorker.java:lambda$new$0(128)) - bc0382cc-50e2-4d58-b2de-e8b6250f3520@group-5EC277DF3249-SegmentedRaftLogWorker: flushIndex: setUnconditionally 0 -> -1
2019-10-18 08:19:50,396 [pool-27-thread-1] INFO  server.RaftServerConfigKeys (ConfUtils.java:logGet(43)) - raft.server.snapshot.auto.trigger.enabled = true (custom)
2019-10-18 08:19:50,396 [pool-27-thread-1] INFO  server.RaftServerConfigKeys (ConfUtils.java:logGet(43)) - raft.server.snapshot.auto.trigger.threshold = 10000 (custom)
2019-10-18 08:19:50,396 [pool-27-thread-1] INFO  server.RaftServerConfigKeys (ConfUtils.java:logGet(43)) - raft.server.snapshot.retention.file.num = 5 (custom)
2019-10-18 08:19:50,396 [pool-27-thread-1] INFO  server.RaftServerConfigKeys (ConfUtils.java:logGet(43)) - raft.server.retrycache.expirytime = 600000ms (custom)
2019-10-18 08:19:50,396 [pool-47-thread-1] INFO  segmented.SegmentedRaftLogWorker (SegmentedRaftLogWorker.java:lambda$new$0(128)) - 1bc296c6-def6-4ae4-8c62-5b4c951a28f1@group-5EC277DF3249-SegmentedRaftLogWorker: flushIndex: setUnconditionally 0 -> -1
2019-10-18 08:19:50,396 [pool-47-thread-1] INFO  server.RaftServerConfigKeys (ConfUtils.java:logGet(43)) - raft.server.snapshot.auto.trigger.enabled = true (custom)
2019-10-18 08:19:50,397 [pool-47-thread-1] INFO  server.RaftServerConfigKeys (ConfUtils.java:logGet(43)) - raft.server.snapshot.auto.trigger.threshold = 10000 (custom)
2019-10-18 08:19:50,397 [pool-47-thread-1] INFO  server.RaftServerConfigKeys (ConfUtils.java:logGet(43)) - raft.server.snapshot.retention.file.num = 5 (custom)
2019-10-18 08:19:50,397 [pool-47-thread-1] INFO  server.RaftServerConfigKeys (ConfUtils.java:logGet(43)) - raft.server.retrycache.expirytime = 600000ms (custom)
2019-10-18 08:19:50,403 [pool-37-thread-1] INFO  impl.RaftServerImpl (RaftServerImpl.java:start(195)) - 47aecc56-7e95-480d-b89c-2c00d33b4782@group-5EC277DF3249: start as a follower, conf=-1: [47aecc56-7e95-480d-b89c-2c00d33b4782:192.168.69.67:34550, 1bc296c6-def6-4ae4-8c62-5b4c951a28f1:192.168.69.67:37222, bc0382cc-50e2-4d58-b2de-e8b6250f3520:192.168.69.67:37666], old=null
2019-10-18 08:19:50,403 [pool-47-thread-1] INFO  impl.RaftServerImpl (RaftServerImpl.java:start(195)) - 1bc296c6-def6-4ae4-8c62-5b4c951a28f1@group-5EC277DF3249: start as a follower, conf=-1: [47aecc56-7e95-480d-b89c-2c00d33b4782:192.168.69.67:34550, 1bc296c6-def6-4ae4-8c62-5b4c951a28f1:192.168.69.67:37222, bc0382cc-50e2-4d58-b2de-e8b6250f3520:192.168.69.67:37666], old=null
2019-10-18 08:19:50,403 [pool-27-thread-1] INFO  impl.RaftServerImpl (RaftServerImpl.java:start(195)) - bc0382cc-50e2-4d58-b2de-e8b6250f3520@group-5EC277DF3249: start as a follower, conf=-1: [47aecc56-7e95-480d-b89c-2c00d33b4782:192.168.69.67:34550, 1bc296c6-def6-4ae4-8c62-5b4c951a28f1:192.168.69.67:37222, bc0382cc-50e2-4d58-b2de-e8b6250f3520:192.168.69.67:37666], old=null
2019-10-18 08:19:50,403 [pool-47-thread-1] INFO  impl.RaftServerImpl (RaftServerImpl.java:setRole(184)) - 1bc296c6-def6-4ae4-8c62-5b4c951a28f1@group-5EC277DF3249: changes role from      null to FOLLOWER at term 0 for startAsFollower
2019-10-18 08:19:50,403 [pool-37-thread-1] INFO  impl.RaftServerImpl (RaftServerImpl.java:setRole(184)) - 47aecc56-7e95-480d-b89c-2c00d33b4782@group-5EC277DF3249: changes role from      null to FOLLOWER at term 0 for startAsFollower
2019-10-18 08:19:50,403 [pool-47-thread-1] INFO  impl.RoleInfo (RoleInfo.java:updateAndGet(143)) - 1bc296c6-def6-4ae4-8c62-5b4c951a28f1: start FollowerState
2019-10-18 08:19:50,403 [pool-27-thread-1] INFO  impl.RaftServerImpl (RaftServerImpl.java:setRole(184)) - bc0382cc-50e2-4d58-b2de-e8b6250f3520@group-5EC277DF3249: changes role from      null to FOLLOWER at term 0 for startAsFollower
2019-10-18 08:19:50,403 [pool-37-thread-1] INFO  impl.RoleInfo (RoleInfo.java:updateAndGet(143)) - 47aecc56-7e95-480d-b89c-2c00d33b4782: start FollowerState
2019-10-18 08:19:50,404 [pool-27-thread-1] INFO  impl.RoleInfo (RoleInfo.java:updateAndGet(143)) - bc0382cc-50e2-4d58-b2de-e8b6250f3520: start FollowerState
2019-10-18 08:19:50,404 [pool-47-thread-1] INFO  util.JmxRegister (JmxRegister.java:tryRegister(44)) - Successfully registered JMX Bean with object name Ratis:service=RaftServer,group=group-5EC277DF3249,id=1bc296c6-def6-4ae4-8c62-5b4c951a28f1
2019-10-18 08:19:50,404 [pool-37-thread-1] INFO  util.JmxRegister (JmxRegister.java:tryRegister(44)) - Successfully registered JMX Bean with object name Ratis:service=RaftServer,group=group-5EC277DF3249,id=47aecc56-7e95-480d-b89c-2c00d33b4782
2019-10-18 08:19:50,413 [pool-27-thread-1] INFO  util.JmxRegister (JmxRegister.java:tryRegister(44)) - Successfully registered JMX Bean with object name Ratis:service=RaftServer,group=group-5EC277DF3249,id=bc0382cc-50e2-4d58-b2de-e8b6250f3520
2019-10-18 08:19:50,431 [RatisPipelineUtilsThread] INFO  pipeline.PipelineStateManager (PipelineStateManager.java:addPipeline(55)) - Created pipeline Pipeline[ Id: 1f660cd7-f642-4e1e-aef0-5ec277df3249, Nodes: bc0382cc-50e2-4d58-b2de-e8b6250f3520{ip: 192.168.69.67, host: pr-hdds-1868-wx8dl-4219780377, networkLocation: /default-rack, certSerialId: null}1bc296c6-def6-4ae4-8c62-5b4c951a28f1{ip: 192.168.69.67, host: pr-hdds-1868-wx8dl-4219780377, networkLocation: /default-rack, certSerialId: null}47aecc56-7e95-480d-b89c-2c00d33b4782{ip: 192.168.69.67, host: pr-hdds-1868-wx8dl-4219780377, networkLocation: /default-rack, certSerialId: null}, Type:RATIS, Factor:THREE, State:ALLOCATED]
2019-10-18 08:19:50,449 [Thread-730] INFO  impl.FollowerState (FollowerState.java:run(108)) - 1bc296c6-def6-4ae4-8c62-5b4c951a28f1@group-5EC277DF3249-FollowerState: change to CANDIDATE, lastRpcTime:45ms, electionTimeout:45ms
2019-10-18 08:19:50,449 [Thread-730] INFO  impl.RoleInfo (RoleInfo.java:shutdownFollowerState(121)) - 1bc296c6-def6-4ae4-8c62-5b4c951a28f1: shutdown FollowerState
2019-10-18 08:19:50,449 [Thread-730] INFO  impl.RaftServerImpl (RaftServerImpl.java:setRole(184)) - 1bc296c6-def6-4ae4-8c62-5b4c951a28f1@group-5EC277DF3249: changes role from  FOLLOWER to CANDIDATE at term 0 for changeToCandidate
2019-10-18 08:19:50,449 [Thread-730] INFO  impl.RoleInfo (RoleInfo.java:updateAndGet(143)) - 1bc296c6-def6-4ae4-8c62-5b4c951a28f1: start LeaderElection
2019-10-18 08:19:50,461 [Thread-732] INFO  impl.FollowerState (FollowerState.java:run(108)) - bc0382cc-50e2-4d58-b2de-e8b6250f3520@group-5EC277DF3249-FollowerState: change to CANDIDATE, lastRpcTime:57ms, electionTimeout:57ms
2019-10-18 08:19:50,463 [Thread-732] INFO  impl.RoleInfo (RoleInfo.java:shutdownFollowerState(121)) - bc0382cc-50e2-4d58-b2de-e8b6250f3520: shutdown FollowerState
2019-10-18 08:19:50,463 [Thread-732] INFO  impl.RaftServerImpl (RaftServerImpl.java:setRole(184)) - bc0382cc-50e2-4d58-b2de-e8b6250f3520@group-5EC277DF3249: changes role from  FOLLOWER to CANDIDATE at term 0 for changeToCandidate
2019-10-18 08:19:50,463 [Thread-732] INFO  impl.RoleInfo (RoleInfo.java:updateAndGet(143)) - bc0382cc-50e2-4d58-b2de-e8b6250f3520: start LeaderElection
2019-10-18 08:19:50,467 [1bc296c6-def6-4ae4-8c62-5b4c951a28f1@group-5EC277DF3249-LeaderElection16] INFO  impl.LeaderElection (LeaderElection.java:askForVotes(178)) - 1bc296c6-def6-4ae4-8c62-5b4c951a28f1@group-5EC277DF3249-LeaderElection16: begin an election at term 1 for -1: [47aecc56-7e95-480d-b89c-2c00d33b4782:192.168.69.67:34550, 1bc296c6-def6-4ae4-8c62-5b4c951a28f1:192.168.69.67:37222, bc0382cc-50e2-4d58-b2de-e8b6250f3520:192.168.69.67:37666], old=null
2019-10-18 08:19:50,475 [grpc-default-executor-9] INFO  impl.RaftServerImpl (RaftServerImpl.java:setRole(184)) - 47aecc56-7e95-480d-b89c-2c00d33b4782@group-5EC277DF3249: changes role from  FOLLOWER to FOLLOWER at term 1 for recognizeCandidate:1bc296c6-def6-4ae4-8c62-5b4c951a28f1
2019-10-18 08:19:50,475 [grpc-default-executor-9] INFO  impl.RoleInfo (RoleInfo.java:shutdownFollowerState(121)) - 47aecc56-7e95-480d-b89c-2c00d33b4782: shutdown FollowerState
2019-10-18 08:19:50,475 [grpc-default-executor-9] INFO  impl.RoleInfo (RoleInfo.java:updateAndGet(143)) - 47aecc56-7e95-480d-b89c-2c00d33b4782: start FollowerState
2019-10-18 08:19:50,475 [Thread-731] INFO  impl.FollowerState (FollowerState.java:run(117)) - 47aecc56-7e95-480d-b89c-2c00d33b4782@group-5EC277DF3249-FollowerState was interrupted: java.lang.InterruptedException: sleep interrupted
2019-10-18 08:19:50,480 [bc0382cc-50e2-4d58-b2de-e8b6250f3520@group-5EC277DF3249-LeaderElection17] INFO  impl.LeaderElection (LeaderElection.java:askForVotes(178)) - bc0382cc-50e2-4d58-b2de-e8b6250f3520@group-5EC277DF3249-LeaderElection17: begin an election at term 1 for -1: [47aecc56-7e95-480d-b89c-2c00d33b4782:192.168.69.67:34550, 1bc296c6-def6-4ae4-8c62-5b4c951a28f1:192.168.69.67:37222, bc0382cc-50e2-4d58-b2de-e8b6250f3520:192.168.69.67:37666], old=null
2019-10-18 08:19:50,481 [1bc296c6-def6-4ae4-8c62-5b4c951a28f1@group-5EC277DF3249-LeaderElection16] INFO  impl.LeaderElection (LeaderElection.java:logAndReturn(56)) - 1bc296c6-def6-4ae4-8c62-5b4c951a28f1@group-5EC277DF3249-LeaderElection16: Election PASSED; received 1 response(s) [1bc296c6-def6-4ae4-8c62-5b4c951a28f1<-47aecc56-7e95-480d-b89c-2c00d33b4782#0:OK-t1] and 0 exception(s); 1bc296c6-def6-4ae4-8c62-5b4c951a28f1@group-5EC277DF3249:t1, leader=null, voted=1bc296c6-def6-4ae4-8c62-5b4c951a28f1, raftlog=1bc296c6-def6-4ae4-8c62-5b4c951a28f1@group-5EC277DF3249-SegmentedRaftLog:OPENED:c-1,f-1,i0, conf=-1: [47aecc56-7e95-480d-b89c-2c00d33b4782:192.168.69.67:34550, 1bc296c6-def6-4ae4-8c62-5b4c951a28f1:192.168.69.67:37222, bc0382cc-50e2-4d58-b2de-e8b6250f3520:192.168.69.67:37666], old=null
2019-10-18 08:19:50,481 [1bc296c6-def6-4ae4-8c62-5b4c951a28f1@group-5EC277DF3249-LeaderElection16] INFO  impl.RoleInfo (RoleInfo.java:shutdownLeaderElection(134)) - 1bc296c6-def6-4ae4-8c62-5b4c951a28f1: shutdown LeaderElection
2019-10-18 08:19:50,482 [1bc296c6-def6-4ae4-8c62-5b4c951a28f1@group-5EC277DF3249-LeaderElection16] INFO  impl.RaftServerImpl (RaftServerImpl.java:setRole(184)) - 1bc296c6-def6-4ae4-8c62-5b4c951a28f1@group-5EC277DF3249: changes role from CANDIDATE to LEADER at term 1 for changeToLeader
2019-10-18 08:19:50,483 [1bc296c6-def6-4ae4-8c62-5b4c951a28f1@group-5EC277DF3249-LeaderElection16] INFO  ratis.XceiverServerRatis (XceiverServerRatis.java:handleLeaderChangedNotification(699)) - Leader change notification received for group: group-5EC277DF3249 with new leaderId: 1bc296c6-def6-4ae4-8c62-5b4c951a28f1
2019-10-18 08:19:50,485 [1bc296c6-def6-4ae4-8c62-5b4c951a28f1@group-5EC277DF3249-LeaderElection16] INFO  impl.RaftServerImpl (ServerState.java:setLeader(256)) - 1bc296c6-def6-4ae4-8c62-5b4c951a28f1@group-5EC277DF3249: change Leader from null to 1bc296c6-def6-4ae4-8c62-5b4c951a28f1 at term 1 for becomeLeader, leader elected after 95ms
2019-10-18 08:19:50,485 [1bc296c6-def6-4ae4-8c62-5b4c951a28f1@group-5EC277DF3249-LeaderElection16] INFO  server.RaftServerConfigKeys (ConfUtils.java:logGet(43)) - raft.server.staging.catchup.gap = 1000 (default)
2019-10-18 08:19:50,485 [1bc296c6-def6-4ae4-8c62-5b4c951a28f1@group-5EC277DF3249-LeaderElection16] INFO  server.RaftServerConfigKeys (ConfUtils.java:logGet(43)) - raft.server.rpc.sleep.time = 25ms (default)
2019-10-18 08:19:50,486 [1bc296c6-def6-4ae4-8c62-5b4c951a28f1@group-5EC277DF3249-LeaderElection16] INFO  server.RaftServerConfigKeys (ConfUtils.java:logGet(43)) - raft.server.write.element-limit = 4096 (default)
2019-10-18 08:19:50,486 [1bc296c6-def6-4ae4-8c62-5b4c951a28f1@group-5EC277DF3249-LeaderElection16] INFO  server.RaftServerConfigKeys (ConfUtils.java:logGet(43)) - raft.server.watch.timeout = 10s (default)
2019-10-18 08:19:50,486 [1bc296c6-def6-4ae4-8c62-5b4c951a28f1@group-5EC277DF3249-LeaderElection16] INFO  server.RaftServerConfigKeys (ConfUtils.java:logGet(43)) - raft.server.watch.timeout.denomination = 1s (default)
2019-10-18 08:19:50,486 [EventQueue-PipelineReportForPipelineReportHandler] INFO  pipeline.PipelineReportHandler (PipelineReportHandler.java:processPipelineReport(119)) - Pipeline PipelineID=1f660cd7-f642-4e1e-aef0-5ec277df3249 reported by 1bc296c6-def6-4ae4-8c62-5b4c951a28f1{ip: 192.168.69.67, host: pr-hdds-1868-wx8dl-4219780377, networkLocation: /default-rack, certSerialId: null} with leaderId 1bc296c6-def6-4ae4-8c62-5b4c951a28f1
2019-10-18 08:19:50,487 [1bc296c6-def6-4ae4-8c62-5b4c951a28f1@group-5EC277DF3249-LeaderElection16] INFO  server.RaftServerConfigKeys (ConfUtils.java:logGet(43)) - raft.server.watch.element-limit = 65536 (default)
2019-10-18 08:19:50,497 [1bc296c6-def6-4ae4-8c62-5b4c951a28f1@group-5EC277DF3249-LeaderElection16] INFO  server.RaftServerConfigKeys (ConfUtils.java:logGet(43)) - raft.server.log.appender.snapshot.chunk.size.max = 16MB (=16777216) (default)
2019-10-18 08:19:50,498 [1bc296c6-def6-4ae4-8c62-5b4c951a28f1@group-5EC277DF3249-LeaderElection16] INFO  server.RaftServerConfigKeys (ConfUtils.java:logGet(43)) - raft.server.log.appender.buffer.byte-limit = 33554432 (custom)
2019-10-18 08:19:50,498 [1bc296c6-def6-4ae4-8c62-5b4c951a28f1@group-5EC277DF3249-LeaderElection16] INFO  server.RaftServerConfigKeys (ConfUtils.java:logGet(43)) - raft.server.log.appender.buffer.element-limit = 1 (custom)
2019-10-18 08:19:50,498 [1bc296c6-def6-4ae4-8c62-5b4c951a28f1@group-5EC277DF3249-LeaderElection16] INFO  grpc.GrpcConfigKeys$Server (ConfUtils.java:logGet(43)) - raft.grpc.server.leader.outstanding.appends.max = 128 (default)
2019-10-18 08:19:50,498 [1bc296c6-def6-4ae4-8c62-5b4c951a28f1@group-5EC277DF3249-LeaderElection16] INFO  server.RaftServerConfigKeys (ConfUtils.java:logGet(43)) - raft.server.rpc.request.timeout = 3000ms (default)
2019-10-18 08:19:50,498 [1bc296c6-def6-4ae4-8c62-5b4c951a28f1@group-5EC277DF3249-LeaderElection16] INFO  server.RaftServerConfigKeys (ConfUtils.java:logGet(43)) - raft.server.log.appender.install.snapshot.enabled = false (custom)
2019-10-18 08:19:50,501 [1bc296c6-def6-4ae4-8c62-5b4c951a28f1@group-5EC277DF3249-LeaderElection16] INFO  server.RaftServerConfigKeys (ConfUtils.java:logGet(43)) - raft.server.log.appender.snapshot.chunk.size.max = 16MB (=16777216) (default)
2019-10-18 08:19:50,501 [1bc296c6-def6-4ae4-8c62-5b4c951a28f1@group-5EC277DF3249-LeaderElection16] INFO  server.RaftServerConfigKeys (ConfUtils.java:logGet(43)) - raft.server.log.appender.buffer.byte-limit = 33554432 (custom)
2019-10-18 08:19:50,501 [1bc296c6-def6-4ae4-8c62-5b4c951a28f1@group-5EC277DF3249-LeaderElection16] INFO  server.RaftServerConfigKeys (ConfUtils.java:logGet(43)) - raft.server.log.appender.buffer.element-limit = 1 (custom)
2019-10-18 08:19:50,501 [1bc296c6-def6-4ae4-8c62-5b4c951a28f1@group-5EC277DF3249-LeaderElection16] INFO  grpc.GrpcConfigKeys$Server (ConfUtils.java:logGet(43)) - raft.grpc.server.leader.outstanding.appends.max = 128 (default)
2019-10-18 08:19:50,501 [1bc296c6-def6-4ae4-8c62-5b4c951a28f1@group-5EC277DF3249-LeaderElection16] INFO  server.RaftServerConfigKeys (ConfUtils.java:logGet(43)) - raft.server.rpc.request.timeout = 3000ms (default)
2019-10-18 08:19:50,502 [1bc296c6-def6-4ae4-8c62-5b4c951a28f1@group-5EC277DF3249-LeaderElection16] INFO  server.RaftServerConfigKeys (ConfUtils.java:logGet(43)) - raft.server.log.appender.install.snapshot.enabled = false (custom)
2019-10-18 08:19:50,504 [1bc296c6-def6-4ae4-8c62-5b4c951a28f1@group-5EC277DF3249-LeaderElection16] INFO  impl.RoleInfo (RoleInfo.java:updateAndGet(143)) - 1bc296c6-def6-4ae4-8c62-5b4c951a28f1: start LeaderState
2019-10-18 08:19:50,504 [1bc296c6-def6-4ae4-8c62-5b4c951a28f1@group-5EC277DF3249-LeaderElection16] INFO  segmented.SegmentedRaftLogWorker (SegmentedRaftLogWorker.java:startLogSegment(385)) - 1bc296c6-def6-4ae4-8c62-5b4c951a28f1@group-5EC277DF3249-SegmentedRaftLogWorker: Starting segment from index:0
2019-10-18 08:19:50,505 [1bc296c6-def6-4ae4-8c62-5b4c951a28f1@group-5EC277DF3249-LeaderElection16] INFO  impl.RaftServerImpl (ServerState.java:setRaftConf(357)) - 1bc296c6-def6-4ae4-8c62-5b4c951a28f1@group-5EC277DF3249: set configuration 0: [47aecc56-7e95-480d-b89c-2c00d33b4782:192.168.69.67:34550, 1bc296c6-def6-4ae4-8c62-5b4c951a28f1:192.168.69.67:37222, bc0382cc-50e2-4d58-b2de-e8b6250f3520:192.168.69.67:37666], old=null at 0
2019-10-18 08:19:50,534 [Thread-740] INFO  impl.FollowerState (FollowerState.java:run(108)) - 47aecc56-7e95-480d-b89c-2c00d33b4782@group-5EC277DF3249-FollowerState: change to CANDIDATE, lastRpcTime:58ms, electionTimeout:40ms
2019-10-18 08:19:50,534 [grpc-default-executor-9] INFO  impl.RaftServerImpl (RaftServerImpl.java:requestVote(776)) - 1bc296c6-def6-4ae4-8c62-5b4c951a28f1@group-5EC277DF3249-   LEADER: Withhold vote from candidate bc0382cc-50e2-4d58-b2de-e8b6250f3520 with term 1. State: leader=1bc296c6-def6-4ae4-8c62-5b4c951a28f1, term=1, lastRpcElapsed=null
2019-10-18 08:19:50,534 [Thread-740] INFO  impl.RoleInfo (RoleInfo.java:shutdownFollowerState(121)) - 47aecc56-7e95-480d-b89c-2c00d33b4782: shutdown FollowerState
2019-10-18 08:19:50,534 [Thread-740] INFO  impl.RaftServerImpl (RaftServerImpl.java:setRole(184)) - 47aecc56-7e95-480d-b89c-2c00d33b4782@group-5EC277DF3249: changes role from  FOLLOWER to CANDIDATE at term 1 for changeToCandidate
2019-10-18 08:19:50,535 [Thread-740] INFO  impl.RoleInfo (RoleInfo.java:updateAndGet(143)) - 47aecc56-7e95-480d-b89c-2c00d33b4782: start LeaderElection
2019-10-18 08:19:50,537 [bc0382cc-50e2-4d58-b2de-e8b6250f3520@group-5EC277DF3249-LeaderElection17] INFO  impl.LeaderElection (LeaderElection.java:logAndReturn(56)) - bc0382cc-50e2-4d58-b2de-e8b6250f3520@group-5EC277DF3249-LeaderElection17: Election REJECTED; received 2 response(s) [bc0382cc-50e2-4d58-b2de-e8b6250f3520<-47aecc56-7e95-480d-b89c-2c00d33b4782#0:FAIL-t1, bc0382cc-50e2-4d58-b2de-e8b6250f3520<-1bc296c6-def6-4ae4-8c62-5b4c951a28f1#0:FAIL-t1] and 0 exception(s); bc0382cc-50e2-4d58-b2de-e8b6250f3520@group-5EC277DF3249:t1, leader=null, voted=bc0382cc-50e2-4d58-b2de-e8b6250f3520, raftlog=bc0382cc-50e2-4d58-b2de-e8b6250f3520@group-5EC277DF3249-SegmentedRaftLog:OPENED:c-1,f-1,i0, conf=-1: [47aecc56-7e95-480d-b89c-2c00d33b4782:192.168.69.67:34550, 1bc296c6-def6-4ae4-8c62-5b4c951a28f1:192.168.69.67:37222, bc0382cc-50e2-4d58-b2de-e8b6250f3520:192.168.69.67:37666], old=null
2019-10-18 08:19:50,538 [bc0382cc-50e2-4d58-b2de-e8b6250f3520@group-5EC277DF3249-LeaderElection17] INFO  impl.RaftServerImpl (RaftServerImpl.java:setRole(184)) - bc0382cc-50e2-4d58-b2de-e8b6250f3520@group-5EC277DF3249: changes role from CANDIDATE to FOLLOWER at term 1 for DISCOVERED_A_NEW_TERM
2019-10-18 08:19:50,539 [bc0382cc-50e2-4d58-b2de-e8b6250f3520@group-5EC277DF3249-LeaderElection17] INFO  impl.RoleInfo (RoleInfo.java:shutdownLeaderElection(134)) - bc0382cc-50e2-4d58-b2de-e8b6250f3520: shutdown LeaderElection
2019-10-18 08:19:50,540 [bc0382cc-50e2-4d58-b2de-e8b6250f3520@group-5EC277DF3249-LeaderElection17] INFO  impl.RoleInfo (RoleInfo.java:updateAndGet(143)) - bc0382cc-50e2-4d58-b2de-e8b6250f3520: start FollowerState
2019-10-18 08:19:50,541 [grpc-default-executor-7] INFO  ratis.XceiverServerRatis (XceiverServerRatis.java:handleLeaderChangedNotification(699)) - Leader change notification received for group: group-5EC277DF3249 with new leaderId: 1bc296c6-def6-4ae4-8c62-5b4c951a28f1
2019-10-18 08:19:50,542 [grpc-default-executor-7] INFO  impl.RaftServerImpl (ServerState.java:setLeader(256)) - bc0382cc-50e2-4d58-b2de-e8b6250f3520@group-5EC277DF3249: change Leader from null to 1bc296c6-def6-4ae4-8c62-5b4c951a28f1 at term 1 for appendEntries, leader elected after 153ms
2019-10-18 08:19:50,543 [EventQueue-PipelineReportForPipelineReportHandler] INFO  pipeline.PipelineReportHandler (PipelineReportHandler.java:processPipelineReport(119)) - Pipeline PipelineID=1f660cd7-f642-4e1e-aef0-5ec277df3249 reported by bc0382cc-50e2-4d58-b2de-e8b6250f3520{ip: 192.168.69.67, host: pr-hdds-1868-wx8dl-4219780377, networkLocation: /default-rack, certSerialId: null} with leaderId 1bc296c6-def6-4ae4-8c62-5b4c951a28f1
2019-10-18 08:19:50,545 [grpc-default-executor-7] INFO  impl.RaftServerImpl (ServerState.java:setRaftConf(357)) - bc0382cc-50e2-4d58-b2de-e8b6250f3520@group-5EC277DF3249: set configuration 0: [47aecc56-7e95-480d-b89c-2c00d33b4782:192.168.69.67:34550, 1bc296c6-def6-4ae4-8c62-5b4c951a28f1:192.168.69.67:37222, bc0382cc-50e2-4d58-b2de-e8b6250f3520:192.168.69.67:37666], old=null at 0
2019-10-18 08:19:50,545 [grpc-default-executor-7] INFO  segmented.SegmentedRaftLogWorker (SegmentedRaftLogWorker.java:startLogSegment(385)) - bc0382cc-50e2-4d58-b2de-e8b6250f3520@group-5EC277DF3249-SegmentedRaftLogWorker: Starting segment from index:0
2019-10-18 08:19:50,549 [1bc296c6-def6-4ae4-8c62-5b4c951a28f1@group-5EC277DF3249-SegmentedRaftLogWorker] INFO  segmented.SegmentedRaftLogWorker (SegmentedRaftLogWorker.java:execute(576)) - 1bc296c6-def6-4ae4-8c62-5b4c951a28f1@group-5EC277DF3249-SegmentedRaftLogWorker: created new log segment /workdir/hadoop-ozone/tools/target/test-dir/MiniOzoneClusterImpl-18708a0d-f212-4186-ae1d-4e11efd0a0ea/datanode-2/data/ratis/1f660cd7-f642-4e1e-aef0-5ec277df3249/current/log_inprogress_0
2019-10-18 08:19:50,549 [47aecc56-7e95-480d-b89c-2c00d33b4782@group-5EC277DF3249-LeaderElection18] INFO  impl.LeaderElection (LeaderElection.java:askForVotes(178)) - 47aecc56-7e95-480d-b89c-2c00d33b4782@group-5EC277DF3249-LeaderElection18: begin an election at term 2 for -1: [47aecc56-7e95-480d-b89c-2c00d33b4782:192.168.69.67:34550, 1bc296c6-def6-4ae4-8c62-5b4c951a28f1:192.168.69.67:37222, bc0382cc-50e2-4d58-b2de-e8b6250f3520:192.168.69.67:37666], old=null
2019-10-18 08:19:50,573 [Thread-743] INFO  impl.RaftServerImpl (ServerState.java:setLeader(256)) - 1bc296c6-def6-4ae4-8c62-5b4c951a28f1@group-5EC277DF3249: change Leader from 1bc296c6-def6-4ae4-8c62-5b4c951a28f1 to null at term 2 for updateCurrentTerm
2019-10-18 08:19:50,574 [Thread-743] INFO  impl.RaftServerImpl (RaftServerImpl.java:setRole(184)) - 1bc296c6-def6-4ae4-8c62-5b4c951a28f1@group-5EC277DF3249: changes role from    LEADER to FOLLOWER at term 2 for stepDown
2019-10-18 08:19:50,574 [Thread-743] INFO  impl.RoleInfo (RoleInfo.java:shutdownLeaderState(104)) - 1bc296c6-def6-4ae4-8c62-5b4c951a28f1: shutdown LeaderState
2019-10-18 08:19:50,576 [org.apache.ratis.server.impl.LogAppender$AppenderDaemon$$Lambda$420/930472032@759daf2] WARN  server.GrpcLogAppender (GrpcLogAppender.java:mayWait(149)) - 1bc296c6-def6-4ae4-8c62-5b4c951a28f1@group-5EC277DF3249->bc0382cc-50e2-4d58-b2de-e8b6250f3520-GrpcLogAppender: Wait interrupted by java.lang.InterruptedException
2019-10-18 08:19:50,576 [org.apache.ratis.server.impl.LogAppender$AppenderDaemon$$Lambda$420/930472032@36a5aeee] WARN  server.GrpcLogAppender (GrpcLogAppender.java:mayWait(149)) - 1bc296c6-def6-4ae4-8c62-5b4c951a28f1@group-5EC277DF3249->47aecc56-7e95-480d-b89c-2c00d33b4782-GrpcLogAppender: Wait interrupted by java.lang.InterruptedException
2019-10-18 08:19:50,576 [Thread-743] INFO  impl.PendingRequests (PendingRequests.java:sendNotLeaderResponses(202)) - 1bc296c6-def6-4ae4-8c62-5b4c951a28f1@group-5EC277DF3249-PendingRequests: sendNotLeaderResponses
2019-10-18 08:19:50,579 [Thread-743] INFO  impl.RoleInfo (RoleInfo.java:updateAndGet(143)) - 1bc296c6-def6-4ae4-8c62-5b4c951a28f1: start FollowerState
2019-10-18 08:19:50,579 [grpc-default-executor-9] INFO  server.GrpcServerProtocolService (GrpcServerProtocolService.java:onCompleted(113)) - 47aecc56-7e95-480d-b89c-2c00d33b4782: Completed APPEND_ENTRIES, lastRequest: 1bc296c6-def6-4ae4-8c62-5b4c951a28f1->47aecc56-7e95-480d-b89c-2c00d33b4782#1-t1, previous=(t:0, i:0), leaderCommit=0, initializing? false, entries: size=1, first=(t:1, i:0), CONFIGURATIONENTRY
2019-10-18 08:19:50,579 [grpc-default-executor-5] INFO  server.GrpcServerProtocolService (GrpcServerProtocolService.java:onCompleted(113)) - bc0382cc-50e2-4d58-b2de-e8b6250f3520: Completed APPEND_ENTRIES, lastRequest: 1bc296c6-def6-4ae4-8c62-5b4c951a28f1->bc0382cc-50e2-4d58-b2de-e8b6250f3520#1-t1, previous=(t:0, i:0), leaderCommit=-1, initializing? false, entries: size=1, first=(t:1, i:0), CONFIGURATIONENTRY
2019-10-18 08:19:50,582 [grpc-default-executor-9] INFO  server.GrpcLogAppender (GrpcLogAppender.java:onCompleted(308)) - 1bc296c6-def6-4ae4-8c62-5b4c951a28f1@group-5EC277DF3249->bc0382cc-50e2-4d58-b2de-e8b6250f3520-AppendLogResponseHandler: follower responses appendEntries COMPLETED
2019-10-18 08:19:50,584 [bc0382cc-50e2-4d58-b2de-e8b6250f3520@group-5EC277DF3249-SegmentedRaftLogWorker] INFO  segmented.SegmentedRaftLogWorker (SegmentedRaftLogWorker.java:execute(576)) - bc0382cc-50e2-4d58-b2de-e8b6250f3520@group-5EC277DF3249-SegmentedRaftLogWorker: created new log segment /workdir/hadoop-ozone/tools/target/test-dir/MiniOzoneClusterImpl-18708a0d-f212-4186-ae1d-4e11efd0a0ea/datanode-0/data/ratis/1f660cd7-f642-4e1e-aef0-5ec277df3249/current/log_inprogress_0
2019-10-18 08:19:50,586 [grpc-default-executor-3] INFO  impl.RaftServerImpl (ServerState.java:setLeader(256)) - bc0382cc-50e2-4d58-b2de-e8b6250f3520@group-5EC277DF3249: change Leader from 1bc296c6-def6-4ae4-8c62-5b4c951a28f1 to null at term 2 for updateCurrentTerm
2019-10-18 08:19:50,587 [grpc-default-executor-3] INFO  impl.RaftServerImpl (RaftServerImpl.java:setRole(184)) - bc0382cc-50e2-4d58-b2de-e8b6250f3520@group-5EC277DF3249: changes role from  FOLLOWER to FOLLOWER at term 2 for recognizeCandidate:47aecc56-7e95-480d-b89c-2c00d33b4782
2019-10-18 08:19:50,587 [grpc-default-executor-3] INFO  impl.RoleInfo (RoleInfo.java:shutdownFollowerState(121)) - bc0382cc-50e2-4d58-b2de-e8b6250f3520: shutdown FollowerState
2019-10-18 08:19:50,587 [grpc-default-executor-3] INFO  impl.RoleInfo (RoleInfo.java:updateAndGet(143)) - bc0382cc-50e2-4d58-b2de-e8b6250f3520: start FollowerState
2019-10-18 08:19:50,587 [Thread-749] INFO  impl.FollowerState (FollowerState.java:run(117)) - bc0382cc-50e2-4d58-b2de-e8b6250f3520@group-5EC277DF3249-FollowerState was interrupted: java.lang.InterruptedException: sleep interrupted
2019-10-18 08:19:50,593 [47aecc56-7e95-480d-b89c-2c00d33b4782@group-5EC277DF3249-LeaderElection18] INFO  impl.LeaderElection (LeaderElection.java:logAndReturn(56)) - 47aecc56-7e95-480d-b89c-2c00d33b4782@group-5EC277DF3249-LeaderElection18: Election TIMEOUT; received 0 response(s) [] and 0 exception(s); 47aecc56-7e95-480d-b89c-2c00d33b4782@group-5EC277DF3249:t2, leader=null, voted=47aecc56-7e95-480d-b89c-2c00d33b4782, raftlog=47aecc56-7e95-480d-b89c-2c00d33b4782@group-5EC277DF3249-SegmentedRaftLog:OPENED:c-1,f-1,i0, conf=-1: [47aecc56-7e95-480d-b89c-2c00d33b4782:192.168.69.67:34550, 1bc296c6-def6-4ae4-8c62-5b4c951a28f1:192.168.69.67:37222, bc0382cc-50e2-4d58-b2de-e8b6250f3520:192.168.69.67:37666], old=null
2019-10-18 08:19:50,597 [47aecc56-7e95-480d-b89c-2c00d33b4782@group-5EC277DF3249-LeaderElection18] INFO  impl.LeaderElection (LeaderElection.java:askForVotes(178)) - 47aecc56-7e95-480d-b89c-2c00d33b4782@group-5EC277DF3249-LeaderElection18: begin an election at term 3 for -1: [47aecc56-7e95-480d-b89c-2c00d33b4782:192.168.69.67:34550, 1bc296c6-def6-4ae4-8c62-5b4c951a28f1:192.168.69.67:37222, bc0382cc-50e2-4d58-b2de-e8b6250f3520:192.168.69.67:37666], old=null
2019-10-18 08:19:50,598 [grpc-default-executor-5] INFO  impl.RaftServerImpl (RaftServerImpl.java:setRole(184)) - 1bc296c6-def6-4ae4-8c62-5b4c951a28f1@group-5EC277DF3249: changes role from  FOLLOWER to FOLLOWER at term 2 for recognizeCandidate:47aecc56-7e95-480d-b89c-2c00d33b4782
2019-10-18 08:19:50,599 [grpc-default-executor-5] INFO  impl.RoleInfo (RoleInfo.java:shutdownFollowerState(121)) - 1bc296c6-def6-4ae4-8c62-5b4c951a28f1: shutdown FollowerState
2019-10-18 08:19:50,600 [Thread-753] INFO  impl.FollowerState (FollowerState.java:run(117)) - 1bc296c6-def6-4ae4-8c62-5b4c951a28f1@group-5EC277DF3249-FollowerState was interrupted: java.lang.InterruptedException: sleep interrupted
2019-10-18 08:19:50,600 [grpc-default-executor-5] INFO  impl.RoleInfo (RoleInfo.java:updateAndGet(143)) - 1bc296c6-def6-4ae4-8c62-5b4c951a28f1: start FollowerState
2019-10-18 08:19:50,602 [grpc-default-executor-7] INFO  server.GrpcLogAppender (GrpcLogAppender.java:onCompleted(308)) - 1bc296c6-def6-4ae4-8c62-5b4c951a28f1@group-5EC277DF3249->47aecc56-7e95-480d-b89c-2c00d33b4782-AppendLogResponseHandler: follower responses appendEntries COMPLETED
2019-10-18 08:19:50,608 [grpc-default-executor-5] INFO  impl.RaftServerImpl (RaftServerImpl.java:setRole(184)) - 1bc296c6-def6-4ae4-8c62-5b4c951a28f1@group-5EC277DF3249: changes role from  FOLLOWER to FOLLOWER at term 3 for recognizeCandidate:47aecc56-7e95-480d-b89c-2c00d33b4782
2019-10-18 08:19:50,608 [grpc-default-executor-5] INFO  impl.RoleInfo (RoleInfo.java:shutdownFollowerState(121)) - 1bc296c6-def6-4ae4-8c62-5b4c951a28f1: shutdown FollowerState
2019-10-18 08:19:50,610 [grpc-default-executor-3] INFO  impl.RaftServerImpl (RaftServerImpl.java:setRole(184)) - bc0382cc-50e2-4d58-b2de-e8b6250f3520@group-5EC277DF3249: changes role from  FOLLOWER to FOLLOWER at term 3 for recognizeCandidate:47aecc56-7e95-480d-b89c-2c00d33b4782
2019-10-18 08:19:50,610 [Thread-758] INFO  impl.FollowerState (FollowerState.java:run(117)) - 1bc296c6-def6-4ae4-8c62-5b4c951a28f1@group-5EC277DF3249-FollowerState was interrupted: java.lang.InterruptedException: sleep interrupted
2019-10-18 08:19:50,610 [grpc-default-executor-5] INFO  impl.RoleInfo (RoleInfo.java:updateAndGet(143)) - 1bc296c6-def6-4ae4-8c62-5b4c951a28f1: start FollowerState
2019-10-18 08:19:50,610 [grpc-default-executor-3] INFO  impl.RoleInfo (RoleInfo.java:shutdownFollowerState(121)) - bc0382cc-50e2-4d58-b2de-e8b6250f3520: shutdown FollowerState
2019-10-18 08:19:50,611 [grpc-default-executor-3] INFO  impl.RoleInfo (RoleInfo.java:updateAndGet(143)) - bc0382cc-50e2-4d58-b2de-e8b6250f3520: start FollowerState
2019-10-18 08:19:50,611 [Thread-754] INFO  impl.FollowerState (FollowerState.java:run(117)) - bc0382cc-50e2-4d58-b2de-e8b6250f3520@group-5EC277DF3249-FollowerState was interrupted: java.lang.InterruptedException: sleep interrupted
2019-10-18 08:19:50,626 [47aecc56-7e95-480d-b89c-2c00d33b4782@group-5EC277DF3249-LeaderElection18] INFO  impl.LeaderElection (LeaderElection.java:logAndReturn(56)) - 47aecc56-7e95-480d-b89c-2c00d33b4782@group-5EC277DF3249-LeaderElection18: Election REJECTED; received 2 response(s) [47aecc56-7e95-480d-b89c-2c00d33b4782<-1bc296c6-def6-4ae4-8c62-5b4c951a28f1#0:FAIL-t3, 47aecc56-7e95-480d-b89c-2c00d33b4782<-bc0382cc-50e2-4d58-b2de-e8b6250f3520#0:FAIL-t3] and 0 exception(s); 47aecc56-7e95-480d-b89c-2c00d33b4782@group-5EC277DF3249:t3, leader=null, voted=47aecc56-7e95-480d-b89c-2c00d33b4782, raftlog=47aecc56-7e95-480d-b89c-2c00d33b4782@group-5EC277DF3249-SegmentedRaftLog:OPENED:c-1,f-1,i0, conf=-1: [47aecc56-7e95-480d-b89c-2c00d33b4782:192.168.69.67:34550, 1bc296c6-def6-4ae4-8c62-5b4c951a28f1:192.168.69.67:37222, bc0382cc-50e2-4d58-b2de-e8b6250f3520:192.168.69.67:37666], old=null
2019-10-18 08:19:50,627 [47aecc56-7e95-480d-b89c-2c00d33b4782@group-5EC277DF3249-LeaderElection18] INFO  impl.RaftServerImpl (RaftServerImpl.java:setRole(184)) - 47aecc56-7e95-480d-b89c-2c00d33b4782@group-5EC277DF3249: changes role from CANDIDATE to FOLLOWER at term 3 for DISCOVERED_A_NEW_TERM
2019-10-18 08:19:50,628 [47aecc56-7e95-480d-b89c-2c00d33b4782@group-5EC277DF3249-LeaderElection18] INFO  impl.RoleInfo (RoleInfo.java:shutdownLeaderElection(134)) - 47aecc56-7e95-480d-b89c-2c00d33b4782: shutdown LeaderElection
2019-10-18 08:19:50,628 [47aecc56-7e95-480d-b89c-2c00d33b4782@group-5EC277DF3249-LeaderElection18] INFO  impl.RoleInfo (RoleInfo.java:updateAndGet(143)) - 47aecc56-7e95-480d-b89c-2c00d33b4782: start FollowerState
2019-10-18 08:19:50,820 [Thread-761] INFO  impl.FollowerState (FollowerState.java:run(108)) - 47aecc56-7e95-480d-b89c-2c00d33b4782@group-5EC277DF3249-FollowerState: change to CANDIDATE, lastRpcTime:192ms, electionTimeout:191ms
2019-10-18 08:19:50,822 [Thread-761] INFO  impl.RoleInfo (RoleInfo.java:shutdownFollowerState(121)) - 47aecc56-7e95-480d-b89c-2c00d33b4782: shutdown FollowerState
2019-10-18 08:19:50,822 [Thread-761] INFO  impl.RaftServerImpl (RaftServerImpl.java:setRole(184)) - 47aecc56-7e95-480d-b89c-2c00d33b4782@group-5EC277DF3249: changes role from  FOLLOWER to CANDIDATE at term 3 for changeToCandidate
2019-10-18 08:19:50,823 [Thread-761] INFO  impl.RoleInfo (RoleInfo.java:updateAndGet(143)) - 47aecc56-7e95-480d-b89c-2c00d33b4782: start LeaderElection
2019-10-18 08:19:50,850 [47aecc56-7e95-480d-b89c-2c00d33b4782@group-5EC277DF3249-LeaderElection19] INFO  impl.LeaderElection (LeaderElection.java:askForVotes(178)) - 47aecc56-7e95-480d-b89c-2c00d33b4782@group-5EC277DF3249-LeaderElection19: begin an election at term 4 for -1: [47aecc56-7e95-480d-b89c-2c00d33b4782:192.168.69.67:34550, 1bc296c6-def6-4ae4-8c62-5b4c951a28f1:192.168.69.67:37222, bc0382cc-50e2-4d58-b2de-e8b6250f3520:192.168.69.67:37666], old=null
2019-10-18 08:19:50,854 [grpc-default-executor-3] INFO  impl.RaftServerImpl (RaftServerImpl.java:setRole(184)) - bc0382cc-50e2-4d58-b2de-e8b6250f3520@group-5EC277DF3249: changes role from  FOLLOWER to FOLLOWER at term 4 for recognizeCandidate:47aecc56-7e95-480d-b89c-2c00d33b4782
2019-10-18 08:19:50,854 [grpc-default-executor-5] INFO  impl.RaftServerImpl (RaftServerImpl.java:setRole(184)) - 1bc296c6-def6-4ae4-8c62-5b4c951a28f1@group-5EC277DF3249: changes role from  FOLLOWER to FOLLOWER at term 4 for recognizeCandidate:47aecc56-7e95-480d-b89c-2c00d33b4782
2019-10-18 08:19:50,854 [grpc-default-executor-3] INFO  impl.RoleInfo (RoleInfo.java:shutdownFollowerState(121)) - bc0382cc-50e2-4d58-b2de-e8b6250f3520: shutdown FollowerState
2019-10-18 08:19:50,854 [grpc-default-executor-5] INFO  impl.RoleInfo (RoleInfo.java:shutdownFollowerState(121)) - 1bc296c6-def6-4ae4-8c62-5b4c951a28f1: shutdown FollowerState
2019-10-18 08:19:50,855 [Thread-760] INFO  impl.FollowerState (FollowerState.java:run(117)) - bc0382cc-50e2-4d58-b2de-e8b6250f3520@group-5EC277DF3249-FollowerState was interrupted: java.lang.InterruptedException: sleep interrupted
2019-10-18 08:19:50,855 [grpc-default-executor-3] INFO  impl.RoleInfo (RoleInfo.java:updateAndGet(143)) - bc0382cc-50e2-4d58-b2de-e8b6250f3520: start FollowerState
2019-10-18 08:19:50,855 [grpc-default-executor-5] INFO  impl.RoleInfo (RoleInfo.java:updateAndGet(143)) - 1bc296c6-def6-4ae4-8c62-5b4c951a28f1: start FollowerState
2019-10-18 08:19:50,855 [Thread-759] INFO  impl.FollowerState (FollowerState.java:run(117)) - 1bc296c6-def6-4ae4-8c62-5b4c951a28f1@group-5EC277DF3249-FollowerState was interrupted: java.lang.InterruptedException: sleep interrupted
2019-10-18 08:19:50,881 [47aecc56-7e95-480d-b89c-2c00d33b4782@group-5EC277DF3249-LeaderElection19] INFO  impl.LeaderElection (LeaderElection.java:logAndReturn(56)) - 47aecc56-7e95-480d-b89c-2c00d33b4782@group-5EC277DF3249-LeaderElection19: Election REJECTED; received 2 response(s) [47aecc56-7e95-480d-b89c-2c00d33b4782<-1bc296c6-def6-4ae4-8c62-5b4c951a28f1#0:FAIL-t4, 47aecc56-7e95-480d-b89c-2c00d33b4782<-bc0382cc-50e2-4d58-b2de-e8b6250f3520#0:FAIL-t4] and 0 exception(s); 47aecc56-7e95-480d-b89c-2c00d33b4782@group-5EC277DF3249:t4, leader=null, voted=47aecc56-7e95-480d-b89c-2c00d33b4782, raftlog=47aecc56-7e95-480d-b89c-2c00d33b4782@group-5EC277DF3249-SegmentedRaftLog:OPENED:c-1,f-1,i0, conf=-1: [47aecc56-7e95-480d-b89c-2c00d33b4782:192.168.69.67:34550, 1bc296c6-def6-4ae4-8c62-5b4c951a28f1:192.168.69.67:37222, bc0382cc-50e2-4d58-b2de-e8b6250f3520:192.168.69.67:37666], old=null
2019-10-18 08:19:50,881 [47aecc56-7e95-480d-b89c-2c00d33b4782@group-5EC277DF3249-LeaderElection19] INFO  impl.RaftServerImpl (RaftServerImpl.java:setRole(184)) - 47aecc56-7e95-480d-b89c-2c00d33b4782@group-5EC277DF3249: changes role from CANDIDATE to FOLLOWER at term 4 for DISCOVERED_A_NEW_TERM
2019-10-18 08:19:50,881 [47aecc56-7e95-480d-b89c-2c00d33b4782@group-5EC277DF3249-LeaderElection19] INFO  impl.RoleInfo (RoleInfo.java:shutdownLeaderElection(134)) - 47aecc56-7e95-480d-b89c-2c00d33b4782: shutdown LeaderElection
2019-10-18 08:19:50,883 [47aecc56-7e95-480d-b89c-2c00d33b4782@group-5EC277DF3249-LeaderElection19] INFO  impl.RoleInfo (RoleInfo.java:updateAndGet(143)) - 47aecc56-7e95-480d-b89c-2c00d33b4782: start FollowerState
2019-10-18 08:19:51,056 [Thread-767] INFO  impl.FollowerState (FollowerState.java:run(108)) - 47aecc56-7e95-480d-b89c-2c00d33b4782@group-5EC277DF3249-FollowerState: change to CANDIDATE, lastRpcTime:173ms, electionTimeout:172ms
2019-10-18 08:19:51,058 [Thread-767] INFO  impl.RoleInfo (RoleInfo.java:shutdownFollowerState(121)) - 47aecc56-7e95-480d-b89c-2c00d33b4782: shutdown FollowerState
2019-10-18 08:19:51,058 [Thread-767] INFO  impl.RaftServerImpl (RaftServerImpl.java:setRole(184)) - 47aecc56-7e95-480d-b89c-2c00d33b4782@group-5EC277DF3249: changes role from  FOLLOWER to CANDIDATE at term 4 for changeToCandidate
2019-10-18 08:19:51,058 [Thread-767] INFO  impl.RoleInfo (RoleInfo.java:updateAndGet(143)) - 47aecc56-7e95-480d-b89c-2c00d33b4782: start LeaderElection
2019-10-18 08:19:51,085 [47aecc56-7e95-480d-b89c-2c00d33b4782@group-5EC277DF3249-LeaderElection20] INFO  impl.LeaderElection (LeaderElection.java:askForVotes(178)) - 47aecc56-7e95-480d-b89c-2c00d33b4782@group-5EC277DF3249-LeaderElection20: begin an election at term 5 for -1: [47aecc56-7e95-480d-b89c-2c00d33b4782:192.168.69.67:34550, 1bc296c6-def6-4ae4-8c62-5b4c951a28f1:192.168.69.67:37222, bc0382cc-50e2-4d58-b2de-e8b6250f3520:192.168.69.67:37666], old=null
2019-10-18 08:19:51,090 [grpc-default-executor-3] INFO  impl.RaftServerImpl (RaftServerImpl.java:setRole(184)) - bc0382cc-50e2-4d58-b2de-e8b6250f3520@group-5EC277DF3249: changes role from  FOLLOWER to FOLLOWER at term 5 for recognizeCandidate:47aecc56-7e95-480d-b89c-2c00d33b4782
2019-10-18 08:19:51,090 [grpc-default-executor-3] INFO  impl.RoleInfo (RoleInfo.java:shutdownFollowerState(121)) - bc0382cc-50e2-4d58-b2de-e8b6250f3520: shutdown FollowerState
2019-10-18 08:19:51,091 [grpc-default-executor-5] INFO  impl.RaftServerImpl (RaftServerImpl.java:setRole(184)) - 1bc296c6-def6-4ae4-8c62-5b4c951a28f1@group-5EC277DF3249: changes role from  FOLLOWER to FOLLOWER at term 5 for recognizeCandidate:47aecc56-7e95-480d-b89c-2c00d33b4782
2019-10-18 08:19:51,092 [Thread-765] INFO  impl.FollowerState (FollowerState.java:run(117)) - bc0382cc-50e2-4d58-b2de-e8b6250f3520@group-5EC277DF3249-FollowerState was interrupted: java.lang.InterruptedException: sleep interrupted
2019-10-18 08:19:51,092 [grpc-default-executor-3] INFO  impl.RoleInfo (RoleInfo.java:updateAndGet(143)) - bc0382cc-50e2-4d58-b2de-e8b6250f3520: start FollowerState
2019-10-18 08:19:51,092 [grpc-default-executor-5] INFO  impl.RoleInfo (RoleInfo.java:shutdownFollowerState(121)) - 1bc296c6-def6-4ae4-8c62-5b4c951a28f1: shutdown FollowerState
2019-10-18 08:19:51,098 [grpc-default-executor-5] INFO  impl.RoleInfo (RoleInfo.java:updateAndGet(143)) - 1bc296c6-def6-4ae4-8c62-5b4c951a28f1: start FollowerState
2019-10-18 08:19:51,098 [Thread-766] INFO  impl.FollowerState (FollowerState.java:run(117)) - 1bc296c6-def6-4ae4-8c62-5b4c951a28f1@group-5EC277DF3249-FollowerState was interrupted: java.lang.InterruptedException: sleep interrupted
2019-10-18 08:19:51,112 [47aecc56-7e95-480d-b89c-2c00d33b4782@group-5EC277DF3249-LeaderElection20] INFO  impl.LeaderElection (LeaderElection.java:logAndReturn(56)) - 47aecc56-7e95-480d-b89c-2c00d33b4782@group-5EC277DF3249-LeaderElection20: Election REJECTED; received 2 response(s) [47aecc56-7e95-480d-b89c-2c00d33b4782<-1bc296c6-def6-4ae4-8c62-5b4c951a28f1#0:FAIL-t5, 47aecc56-7e95-480d-b89c-2c00d33b4782<-bc0382cc-50e2-4d58-b2de-e8b6250f3520#0:FAIL-t5] and 0 exception(s); 47aecc56-7e95-480d-b89c-2c00d33b4782@group-5EC277DF3249:t5, leader=null, voted=47aecc56-7e95-480d-b89c-2c00d33b4782, raftlog=47aecc56-7e95-480d-b89c-2c00d33b4782@group-5EC277DF3249-SegmentedRaftLog:OPENED:c-1,f-1,i0, conf=-1: [47aecc56-7e95-480d-b89c-2c00d33b4782:192.168.69.67:34550, 1bc296c6-def6-4ae4-8c62-5b4c951a28f1:192.168.69.67:37222, bc0382cc-50e2-4d58-b2de-e8b6250f3520:192.168.69.67:37666], old=null
2019-10-18 08:19:51,112 [47aecc56-7e95-480d-b89c-2c00d33b4782@group-5EC277DF3249-LeaderElection20] INFO  impl.RaftServerImpl (RaftServerImpl.java:setRole(184)) - 47aecc56-7e95-480d-b89c-2c00d33b4782@group-5EC277DF3249: changes role from CANDIDATE to FOLLOWER at term 5 for DISCOVERED_A_NEW_TERM
2019-10-18 08:19:51,117 [47aecc56-7e95-480d-b89c-2c00d33b4782@group-5EC277DF3249-LeaderElection20] INFO  impl.RoleInfo (RoleInfo.java:shutdownLeaderElection(134)) - 47aecc56-7e95-480d-b89c-2c00d33b4782: shutdown LeaderElection
2019-10-18 08:19:51,117 [47aecc56-7e95-480d-b89c-2c00d33b4782@group-5EC277DF3249-LeaderElection20] INFO  impl.RoleInfo (RoleInfo.java:updateAndGet(143)) - 47aecc56-7e95-480d-b89c-2c00d33b4782: start FollowerState
 0.00% |?                                                                                                    |  0/1 Time: 0:03:592019-10-18 08:19:51,312 [Thread-773] INFO  impl.FollowerState (FollowerState.java:run(108)) - 47aecc56-7e95-480d-b89c-2c00d33b4782@group-5EC277DF3249-FollowerState: change to CANDIDATE, lastRpcTime:194ms, electionTimeout:194ms
2019-10-18 08:19:51,315 [Thread-773] INFO  impl.RoleInfo (RoleInfo.java:shutdownFollowerState(121)) - 47aecc56-7e95-480d-b89c-2c00d33b4782: shutdown FollowerState
2019-10-18 08:19:51,315 [Thread-773] INFO  impl.RaftServerImpl (RaftServerImpl.java:setRole(184)) - 47aecc56-7e95-480d-b89c-2c00d33b4782@group-5EC277DF3249: changes role from  FOLLOWER to CANDIDATE at term 5 for changeToCandidate
2019-10-18 08:19:51,315 [Thread-773] INFO  impl.RoleInfo (RoleInfo.java:updateAndGet(143)) - 47aecc56-7e95-480d-b89c-2c00d33b4782: start LeaderElection
2019-10-18 08:19:51,331 [47aecc56-7e95-480d-b89c-2c00d33b4782@group-5EC277DF3249-LeaderElection21] INFO  impl.LeaderElection (LeaderElection.java:askForVotes(178)) - 47aecc56-7e95-480d-b89c-2c00d33b4782@group-5EC277DF3249-LeaderElection21: begin an election at term 6 for -1: [47aecc56-7e95-480d-b89c-2c00d33b4782:192.168.69.67:34550, 1bc296c6-def6-4ae4-8c62-5b4c951a28f1:192.168.69.67:37222, bc0382cc-50e2-4d58-b2de-e8b6250f3520:192.168.69.67:37666], old=null
2019-10-18 08:19:51,334 [47aecc56-7e95-480d-b89c-2c00d33b4782@group-5EC277DF3249-LeaderElection21] INFO  impl.LeaderElection (LeaderElection.java:logAndReturn(56)) - 47aecc56-7e95-480d-b89c-2c00d33b4782@group-5EC277DF3249-LeaderElection21: Election TIMEOUT; received 0 response(s) [] and 0 exception(s); 47aecc56-7e95-480d-b89c-2c00d33b4782@group-5EC277DF3249:t6, leader=null, voted=47aecc56-7e95-480d-b89c-2c00d33b4782, raftlog=47aecc56-7e95-480d-b89c-2c00d33b4782@group-5EC277DF3249-SegmentedRaftLog:OPENED:c-1,f-1,i0, conf=-1: [47aecc56-7e95-480d-b89c-2c00d33b4782:192.168.69.67:34550, 1bc296c6-def6-4ae4-8c62-5b4c951a28f1:192.168.69.67:37222, bc0382cc-50e2-4d58-b2de-e8b6250f3520:192.168.69.67:37666], old=null
2019-10-18 08:19:51,336 [grpc-default-executor-3] INFO  impl.RaftServerImpl (RaftServerImpl.java:setRole(184)) - bc0382cc-50e2-4d58-b2de-e8b6250f3520@group-5EC277DF3249: changes role from  FOLLOWER to FOLLOWER at term 6 for recognizeCandidate:47aecc56-7e95-480d-b89c-2c00d33b4782
2019-10-18 08:19:51,336 [grpc-default-executor-5] INFO  impl.RaftServerImpl (RaftServerImpl.java:setRole(184)) - 1bc296c6-def6-4ae4-8c62-5b4c951a28f1@group-5EC277DF3249: changes role from  FOLLOWER to FOLLOWER at term 6 for recognizeCandidate:47aecc56-7e95-480d-b89c-2c00d33b4782
2019-10-18 08:19:51,338 [grpc-default-executor-5] INFO  impl.RoleInfo (RoleInfo.java:shutdownFollowerState(121)) - 1bc296c6-def6-4ae4-8c62-5b4c951a28f1: shutdown FollowerState
2019-10-18 08:19:51,336 [grpc-default-executor-3] INFO  impl.RoleInfo (RoleInfo.java:shutdownFollowerState(121)) - bc0382cc-50e2-4d58-b2de-e8b6250f3520: shutdown FollowerState
2019-10-18 08:19:51,338 [Thread-772] INFO  impl.FollowerState (FollowerState.java:run(117)) - 1bc296c6-def6-4ae4-8c62-5b4c951a28f1@group-5EC277DF3249-FollowerState was interrupted: java.lang.InterruptedException: sleep interrupted
2019-10-18 08:19:51,338 [Thread-771] INFO  impl.FollowerState (FollowerState.java:run(117)) - bc0382cc-50e2-4d58-b2de-e8b6250f3520@group-5EC277DF3249-FollowerState was interrupted: java.lang.InterruptedException: sleep interrupted
2019-10-18 08:19:51,338 [grpc-default-executor-5] INFO  impl.RoleInfo (RoleInfo.java:updateAndGet(143)) - 1bc296c6-def6-4ae4-8c62-5b4c951a28f1: start FollowerState
2019-10-18 08:19:51,338 [grpc-default-executor-3] INFO  impl.RoleInfo (RoleInfo.java:updateAndGet(143)) - bc0382cc-50e2-4d58-b2de-e8b6250f3520: start FollowerState
2019-10-18 08:19:51,349 [47aecc56-7e95-480d-b89c-2c00d33b4782@group-5EC277DF3249-LeaderElection21] INFO  impl.LeaderElection (LeaderElection.java:askForVotes(178)) - 47aecc56-7e95-480d-b89c-2c00d33b4782@group-5EC277DF3249-LeaderElection21: begin an election at term 7 for -1: [47aecc56-7e95-480d-b89c-2c00d33b4782:192.168.69.67:34550, 1bc296c6-def6-4ae4-8c62-5b4c951a28f1:192.168.69.67:37222, bc0382cc-50e2-4d58-b2de-e8b6250f3520:192.168.69.67:37666], old=null
2019-10-18 08:19:51,353 [grpc-default-executor-3] INFO  impl.RaftServerImpl (RaftServerImpl.java:setRole(184)) - 1bc296c6-def6-4ae4-8c62-5b4c951a28f1@group-5EC277DF3249: changes role from  FOLLOWER to FOLLOWER at term 7 for recognizeCandidate:47aecc56-7e95-480d-b89c-2c00d33b4782
2019-10-18 08:19:51,353 [grpc-default-executor-3] INFO  impl.RoleInfo (RoleInfo.java:shutdownFollowerState(121)) - 1bc296c6-def6-4ae4-8c62-5b4c951a28f1: shutdown FollowerState
2019-10-18 08:19:51,355 [grpc-default-executor-5] INFO  impl.RaftServerImpl (RaftServerImpl.java:setRole(184)) - bc0382cc-50e2-4d58-b2de-e8b6250f3520@group-5EC277DF3249: changes role from  FOLLOWER to FOLLOWER at term 7 for recognizeCandidate:47aecc56-7e95-480d-b89c-2c00d33b4782
2019-10-18 08:19:51,355 [grpc-default-executor-3] INFO  impl.RoleInfo (RoleInfo.java:updateAndGet(143)) - 1bc296c6-def6-4ae4-8c62-5b4c951a28f1: start FollowerState
2019-10-18 08:19:51,355 [Thread-780] INFO  impl.FollowerState (FollowerState.java:run(117)) - 1bc296c6-def6-4ae4-8c62-5b4c951a28f1@group-5EC277DF3249-FollowerState was interrupted: java.lang.InterruptedException: sleep interrupted
2019-10-18 08:19:51,355 [grpc-default-executor-5] INFO  impl.RoleInfo (RoleInfo.java:shutdownFollowerState(121)) - bc0382cc-50e2-4d58-b2de-e8b6250f3520: shutdown FollowerState
2019-10-18 08:19:51,357 [grpc-default-executor-5] INFO  impl.RoleInfo (RoleInfo.java:updateAndGet(143)) - bc0382cc-50e2-4d58-b2de-e8b6250f3520: start FollowerState
2019-10-18 08:19:51,357 [Thread-781] INFO  impl.FollowerState (FollowerState.java:run(117)) - bc0382cc-50e2-4d58-b2de-e8b6250f3520@group-5EC277DF3249-FollowerState was interrupted: java.lang.InterruptedException: sleep interrupted
2019-10-18 08:19:51,372 [47aecc56-7e95-480d-b89c-2c00d33b4782@group-5EC277DF3249-LeaderElection21] INFO  impl.LeaderElection (LeaderElection.java:logAndReturn(56)) - 47aecc56-7e95-480d-b89c-2c00d33b4782@group-5EC277DF3249-LeaderElection21: Election REJECTED; received 2 response(s) [47aecc56-7e95-480d-b89c-2c00d33b4782<-1bc296c6-def6-4ae4-8c62-5b4c951a28f1#0:FAIL-t7, 47aecc56-7e95-480d-b89c-2c00d33b4782<-bc0382cc-50e2-4d58-b2de-e8b6250f3520#0:FAIL-t7] and 0 exception(s); 47aecc56-7e95-480d-b89c-2c00d33b4782@group-5EC277DF3249:t7, leader=null, voted=47aecc56-7e95-480d-b89c-2c00d33b4782, raftlog=47aecc56-7e95-480d-b89c-2c00d33b4782@group-5EC277DF3249-SegmentedRaftLog:OPENED:c-1,f-1,i0, conf=-1: [47aecc56-7e95-480d-b89c-2c00d33b4782:192.168.69.67:34550, 1bc296c6-def6-4ae4-8c62-5b4c951a28f1:192.168.69.67:37222, bc0382cc-50e2-4d58-b2de-e8b6250f3520:192.168.69.67:37666], old=null
2019-10-18 08:19:51,373 [47aecc56-7e95-480d-b89c-2c00d33b4782@group-5EC277DF3249-LeaderElection21] INFO  impl.RaftServerImpl (RaftServerImpl.java:setRole(184)) - 47aecc56-7e95-480d-b89c-2c00d33b4782@group-5EC277DF3249: changes role from CANDIDATE to FOLLOWER at term 7 for DISCOVERED_A_NEW_TERM
2019-10-18 08:19:51,374 [47aecc56-7e95-480d-b89c-2c00d33b4782@group-5EC277DF3249-LeaderElection21] INFO  impl.RoleInfo (RoleInfo.java:shutdownLeaderElection(134)) - 47aecc56-7e95-480d-b89c-2c00d33b4782: shutdown LeaderElection
2019-10-18 08:19:51,374 [47aecc56-7e95-480d-b89c-2c00d33b4782@group-5EC277DF3249-LeaderElection21] INFO  impl.RoleInfo (RoleInfo.java:updateAndGet(143)) - 47aecc56-7e95-480d-b89c-2c00d33b4782: start FollowerState
2019-10-18 08:19:51,461 [Thread-786] INFO  impl.FollowerState (FollowerState.java:run(108)) - 47aecc56-7e95-480d-b89c-2c00d33b4782@group-5EC277DF3249-FollowerState: change to CANDIDATE, lastRpcTime:86ms, electionTimeout:85ms
2019-10-18 08:19:51,463 [Thread-786] INFO  impl.RoleInfo (RoleInfo.java:shutdownFollowerState(121)) - 47aecc56-7e95-480d-b89c-2c00d33b4782: shutdown FollowerState
2019-10-18 08:19:51,463 [Thread-786] INFO  impl.RaftServerImpl (RaftServerImpl.java:setRole(184)) - 47aecc56-7e95-480d-b89c-2c00d33b4782@group-5EC277DF3249: changes role from  FOLLOWER to CANDIDATE at term 7 for changeToCandidate
2019-10-18 08:19:51,463 [Thread-786] INFO  impl.RoleInfo (RoleInfo.java:updateAndGet(143)) - 47aecc56-7e95-480d-b89c-2c00d33b4782: start LeaderElection
2019-10-18 08:19:51,500 [47aecc56-7e95-480d-b89c-2c00d33b4782@group-5EC277DF3249-LeaderElection22] INFO  impl.LeaderElection (LeaderElection.java:askForVotes(178)) - 47aecc56-7e95-480d-b89c-2c00d33b4782@group-5EC277DF3249-LeaderElection22: begin an election at term 8 for -1: [47aecc56-7e95-480d-b89c-2c00d33b4782:192.168.69.67:34550, 1bc296c6-def6-4ae4-8c62-5b4c951a28f1:192.168.69.67:37222, bc0382cc-50e2-4d58-b2de-e8b6250f3520:192.168.69.67:37666], old=null
2019-10-18 08:19:51,505 [grpc-default-executor-3] INFO  impl.RaftServerImpl (RaftServerImpl.java:setRole(184)) - 1bc296c6-def6-4ae4-8c62-5b4c951a28f1@group-5EC277DF3249: changes role from  FOLLOWER to FOLLOWER at term 8 for recognizeCandidate:47aecc56-7e95-480d-b89c-2c00d33b4782
2019-10-18 08:19:51,505 [grpc-default-executor-5] INFO  impl.RaftServerImpl (RaftServerImpl.java:setRole(184)) - bc0382cc-50e2-4d58-b2de-e8b6250f3520@group-5EC277DF3249: changes role from  FOLLOWER to FOLLOWER at term 8 for recognizeCandidate:47aecc56-7e95-480d-b89c-2c00d33b4782
2019-10-18 08:19:51,505 [grpc-default-executor-3] INFO  impl.RoleInfo (RoleInfo.java:shutdownFollowerState(121)) - 1bc296c6-def6-4ae4-8c62-5b4c951a28f1: shutdown FollowerState
2019-10-18 08:19:51,505 [grpc-default-executor-5] INFO  impl.RoleInfo (RoleInfo.java:shutdownFollowerState(121)) - bc0382cc-50e2-4d58-b2de-e8b6250f3520: shutdown FollowerState
2019-10-18 08:19:51,506 [grpc-default-executor-3] INFO  impl.RoleInfo (RoleInfo.java:updateAndGet(143)) - 1bc296c6-def6-4ae4-8c62-5b4c951a28f1: start FollowerState
2019-10-18 08:19:51,506 [grpc-default-executor-5] INFO  impl.RoleInfo (RoleInfo.java:updateAndGet(143)) - bc0382cc-50e2-4d58-b2de-e8b6250f3520: start FollowerState
2019-10-18 08:19:51,506 [Thread-784] INFO  impl.FollowerState (FollowerState.java:run(117)) - 1bc296c6-def6-4ae4-8c62-5b4c951a28f1@group-5EC277DF3249-FollowerState was interrupted: java.lang.InterruptedException: sleep interrupted
2019-10-18 08:19:51,506 [Thread-785] INFO  impl.FollowerState (FollowerState.java:run(117)) - bc0382cc-50e2-4d58-b2de-e8b6250f3520@group-5EC277DF3249-FollowerState was interrupted: java.lang.InterruptedException: sleep interrupted
2019-10-18 08:19:51,531 [47aecc56-7e95-480d-b89c-2c00d33b4782@group-5EC277DF3249-LeaderElection22] INFO  impl.LeaderElection (LeaderElection.java:logAndReturn(56)) - 47aecc56-7e95-480d-b89c-2c00d33b4782@group-5EC277DF3249-LeaderElection22: Election REJECTED; received 2 response(s) [47aecc56-7e95-480d-b89c-2c00d33b4782<-1bc296c6-def6-4ae4-8c62-5b4c951a28f1#0:FAIL-t8, 47aecc56-7e95-480d-b89c-2c00d33b4782<-bc0382cc-50e2-4d58-b2de-e8b6250f3520#0:FAIL-t8] and 0 exception(s); 47aecc56-7e95-480d-b89c-2c00d33b4782@group-5EC277DF3249:t8, leader=null, voted=47aecc56-7e95-480d-b89c-2c00d33b4782, raftlog=47aecc56-7e95-480d-b89c-2c00d33b4782@group-5EC277DF3249-SegmentedRaftLog:OPENED:c-1,f-1,i0, conf=-1: [47aecc56-7e95-480d-b89c-2c00d33b4782:192.168.69.67:34550, 1bc296c6-def6-4ae4-8c62-5b4c951a28f1:192.168.69.67:37222, bc0382cc-50e2-4d58-b2de-e8b6250f3520:192.168.69.67:37666], old=null
2019-10-18 08:19:51,531 [47aecc56-7e95-480d-b89c-2c00d33b4782@group-5EC277DF3249-LeaderElection22] INFO  impl.RaftServerImpl (RaftServerImpl.java:setRole(184)) - 47aecc56-7e95-480d-b89c-2c00d33b4782@group-5EC277DF3249: changes role from CANDIDATE to FOLLOWER at term 8 for DISCOVERED_A_NEW_TERM
2019-10-18 08:19:51,531 [47aecc56-7e95-480d-b89c-2c00d33b4782@group-5EC277DF3249-LeaderElection22] INFO  impl.RoleInfo (RoleInfo.java:shutdownLeaderElection(134)) - 47aecc56-7e95-480d-b89c-2c00d33b4782: shutdown LeaderElection
2019-10-18 08:19:51,532 [47aecc56-7e95-480d-b89c-2c00d33b4782@group-5EC277DF3249-LeaderElection22] INFO  impl.RoleInfo (RoleInfo.java:updateAndGet(143)) - 47aecc56-7e95-480d-b89c-2c00d33b4782: start FollowerState
2019-10-18 08:19:51,643 [Thread-792] INFO  impl.FollowerState (FollowerState.java:run(108)) - 47aecc56-7e95-480d-b89c-2c00d33b4782@group-5EC277DF3249-FollowerState: change to CANDIDATE, lastRpcTime:110ms, electionTimeout:109ms
2019-10-18 08:19:51,649 [Thread-792] INFO  impl.RoleInfo (RoleInfo.java:shutdownFollowerState(121)) - 47aecc56-7e95-480d-b89c-2c00d33b4782: shutdown FollowerState
2019-10-18 08:19:51,649 [Thread-792] INFO  impl.RaftServerImpl (RaftServerImpl.java:setRole(184)) - 47aecc56-7e95-480d-b89c-2c00d33b4782@group-5EC277DF3249: changes role from  FOLLOWER to CANDIDATE at term 8 for changeToCandidate
2019-10-18 08:19:51,649 [Thread-792] INFO  impl.RoleInfo (RoleInfo.java:updateAndGet(143)) - 47aecc56-7e95-480d-b89c-2c00d33b4782: start LeaderElection
2019-10-18 08:19:51,664 [47aecc56-7e95-480d-b89c-2c00d33b4782@group-5EC277DF3249-LeaderElection23] INFO  impl.LeaderElection (LeaderElection.java:askForVotes(178)) - 47aecc56-7e95-480d-b89c-2c00d33b4782@group-5EC277DF3249-LeaderElection23: begin an election at term 9 for -1: [47aecc56-7e95-480d-b89c-2c00d33b4782:192.168.69.67:34550, 1bc296c6-def6-4ae4-8c62-5b4c951a28f1:192.168.69.67:37222, bc0382cc-50e2-4d58-b2de-e8b6250f3520:192.168.69.67:37666], old=null
2019-10-18 08:19:51,669 [grpc-default-executor-3] INFO  impl.RaftServerImpl (RaftServerImpl.java:setRole(184)) - bc0382cc-50e2-4d58-b2de-e8b6250f3520@group-5EC277DF3249: changes role from  FOLLOWER to FOLLOWER at term 9 for recognizeCandidate:47aecc56-7e95-480d-b89c-2c00d33b4782
2019-10-18 08:19:51,669 [grpc-default-executor-5] INFO  impl.RaftServerImpl (RaftServerImpl.java:setRole(184)) - 1bc296c6-def6-4ae4-8c62-5b4c951a28f1@group-5EC277DF3249: changes role from  FOLLOWER to FOLLOWER at term 9 for recognizeCandidate:47aecc56-7e95-480d-b89c-2c00d33b4782
2019-10-18 08:19:51,669 [grpc-default-executor-3] INFO  impl.RoleInfo (RoleInfo.java:shutdownFollowerState(121)) - bc0382cc-50e2-4d58-b2de-e8b6250f3520: shutdown FollowerState
2019-10-18 08:19:51,669 [grpc-default-executor-5] INFO  impl.RoleInfo (RoleInfo.java:shutdownFollowerState(121)) - 1bc296c6-def6-4ae4-8c62-5b4c951a28f1: shutdown FollowerState
2019-10-18 08:19:51,669 [grpc-default-executor-3] INFO  impl.RoleInfo (RoleInfo.java:updateAndGet(143)) - bc0382cc-50e2-4d58-b2de-e8b6250f3520: start FollowerState
2019-10-18 08:19:51,670 [Thread-790] INFO  impl.FollowerState (FollowerState.java:run(117)) - 1bc296c6-def6-4ae4-8c62-5b4c951a28f1@group-5EC277DF3249-FollowerState was interrupted: java.lang.InterruptedException: sleep interrupted
2019-10-18 08:19:51,670 [Thread-791] INFO  impl.FollowerState (FollowerState.java:run(117)) - bc0382cc-50e2-4d58-b2de-e8b6250f3520@group-5EC277DF3249-FollowerState was interrupted: java.lang.InterruptedException: sleep interrupted
2019-10-18 08:19:51,669 [grpc-default-executor-5] INFO  impl.RoleInfo (RoleInfo.java:updateAndGet(143)) - 1bc296c6-def6-4ae4-8c62-5b4c951a28f1: start FollowerState
2019-10-18 08:19:51,688 [47aecc56-7e95-480d-b89c-2c00d33b4782@group-5EC277DF3249-LeaderElection23] INFO  impl.LeaderElection (LeaderElection.java:logAndReturn(56)) - 47aecc56-7e95-480d-b89c-2c00d33b4782@group-5EC277DF3249-LeaderElection23: Election REJECTED; received 2 response(s) [47aecc56-7e95-480d-b89c-2c00d33b4782<-1bc296c6-def6-4ae4-8c62-5b4c951a28f1#0:FAIL-t9, 47aecc56-7e95-480d-b89c-2c00d33b4782<-bc0382cc-50e2-4d58-b2de-e8b6250f3520#0:FAIL-t9] and 0 exception(s); 47aecc56-7e95-480d-b89c-2c00d33b4782@group-5EC277DF3249:t9, leader=null, voted=47aecc56-7e95-480d-b89c-2c00d33b4782, raftlog=47aecc56-7e95-480d-b89c-2c00d33b4782@group-5EC277DF3249-SegmentedRaftLog:OPENED:c-1,f-1,i0, conf=-1: [47aecc56-7e95-480d-b89c-2c00d33b4782:192.168.69.67:34550, 1bc296c6-def6-4ae4-8c62-5b4c951a28f1:192.168.69.67:37222, bc0382cc-50e2-4d58-b2de-e8b6250f3520:192.168.69.67:37666], old=null
2019-10-18 08:19:51,688 [47aecc56-7e95-480d-b89c-2c00d33b4782@group-5EC277DF3249-LeaderElection23] INFO  impl.RaftServerImpl (RaftServerImpl.java:setRole(184)) - 47aecc56-7e95-480d-b89c-2c00d33b4782@group-5EC277DF3249: changes role from CANDIDATE to FOLLOWER at term 9 for DISCOVERED_A_NEW_TERM
2019-10-18 08:19:51,690 [47aecc56-7e95-480d-b89c-2c00d33b4782@group-5EC277DF3249-LeaderElection23] INFO  impl.RoleInfo (RoleInfo.java:shutdownLeaderElection(134)) - 47aecc56-7e95-480d-b89c-2c00d33b4782: shutdown LeaderElection
2019-10-18 08:19:51,690 [47aecc56-7e95-480d-b89c-2c00d33b4782@group-5EC277DF3249-LeaderElection23] INFO  impl.RoleInfo (RoleInfo.java:updateAndGet(143)) - 47aecc56-7e95-480d-b89c-2c00d33b4782: start FollowerState
2019-10-18 08:19:51,743 [Thread-798] INFO  impl.FollowerState (FollowerState.java:run(108)) - 47aecc56-7e95-480d-b89c-2c00d33b4782@group-5EC277DF3249-FollowerState: change to CANDIDATE, lastRpcTime:52ms, electionTimeout:51ms
2019-10-18 08:19:51,746 [Thread-798] INFO  impl.RoleInfo (RoleInfo.java:shutdownFollowerState(121)) - 47aecc56-7e95-480d-b89c-2c00d33b4782: shutdown FollowerState
2019-10-18 08:19:51,746 [Thread-798] INFO  impl.RaftServerImpl (RaftServerImpl.java:setRole(184)) - 47aecc56-7e95-480d-b89c-2c00d33b4782@group-5EC277DF3249: changes role from  FOLLOWER to CANDIDATE at term 9 for changeToCandidate
2019-10-18 08:19:51,746 [Thread-798] INFO  impl.RoleInfo (RoleInfo.java:updateAndGet(143)) - 47aecc56-7e95-480d-b89c-2c00d33b4782: start LeaderElection
2019-10-18 08:19:51,760 [47aecc56-7e95-480d-b89c-2c00d33b4782@group-5EC277DF3249-LeaderElection24] INFO  impl.LeaderElection (LeaderElection.java:askForVotes(178)) - 47aecc56-7e95-480d-b89c-2c00d33b4782@group-5EC277DF3249-LeaderElection24: begin an election at term 10 for -1: [47aecc56-7e95-480d-b89c-2c00d33b4782:192.168.69.67:34550, 1bc296c6-def6-4ae4-8c62-5b4c951a28f1:192.168.69.67:37222, bc0382cc-50e2-4d58-b2de-e8b6250f3520:192.168.69.67:37666], old=null
2019-10-18 08:19:51,763 [grpc-default-executor-5] INFO  impl.RaftServerImpl (RaftServerImpl.java:setRole(184)) - 1bc296c6-def6-4ae4-8c62-5b4c951a28f1@group-5EC277DF3249: changes role from  FOLLOWER to FOLLOWER at term 10 for recognizeCandidate:47aecc56-7e95-480d-b89c-2c00d33b4782
2019-10-18 08:19:51,763 [grpc-default-executor-3] INFO  impl.RaftServerImpl (RaftServerImpl.java:setRole(184)) - bc0382cc-50e2-4d58-b2de-e8b6250f3520@group-5EC277DF3249: changes role from  FOLLOWER to FOLLOWER at term 10 for recognizeCandidate:47aecc56-7e95-480d-b89c-2c00d33b4782
2019-10-18 08:19:51,763 [grpc-default-executor-5] INFO  impl.RoleInfo (RoleInfo.java:shutdownFollowerState(121)) - 1bc296c6-def6-4ae4-8c62-5b4c951a28f1: shutdown FollowerState
2019-10-18 08:19:51,763 [grpc-default-executor-3] INFO  impl.RoleInfo (RoleInfo.java:shutdownFollowerState(121)) - bc0382cc-50e2-4d58-b2de-e8b6250f3520: shutdown FollowerState
2019-10-18 08:19:51,763 [Thread-797] INFO  impl.FollowerState (FollowerState.java:run(117)) - 1bc296c6-def6-4ae4-8c62-5b4c951a28f1@group-5EC277DF3249-FollowerState was interrupted: java.lang.InterruptedException: sleep interrupted
2019-10-18 08:19:51,763 [grpc-default-executor-5] INFO  impl.RoleInfo (RoleInfo.java:updateAndGet(143)) - 1bc296c6-def6-4ae4-8c62-5b4c951a28f1: start FollowerState
2019-10-18 08:19:51,763 [Thread-796] INFO  impl.FollowerState (FollowerState.java:run(117)) - bc0382cc-50e2-4d58-b2de-e8b6250f3520@group-5EC277DF3249-FollowerState was interrupted: java.lang.InterruptedException: sleep interrupted
2019-10-18 08:19:51,763 [grpc-default-executor-3] INFO  impl.RoleInfo (RoleInfo.java:updateAndGet(143)) - bc0382cc-50e2-4d58-b2de-e8b6250f3520: start FollowerState
2019-10-18 08:19:51,783 [47aecc56-7e95-480d-b89c-2c00d33b4782@group-5EC277DF3249-LeaderElection24] INFO  impl.LeaderElection (LeaderElection.java:logAndReturn(56)) - 47aecc56-7e95-480d-b89c-2c00d33b4782@group-5EC277DF3249-LeaderElection24: Election REJECTED; received 2 response(s) [47aecc56-7e95-480d-b89c-2c00d33b4782<-1bc296c6-def6-4ae4-8c62-5b4c951a28f1#0:FAIL-t10, 47aecc56-7e95-480d-b89c-2c00d33b4782<-bc0382cc-50e2-4d58-b2de-e8b6250f3520#0:FAIL-t10] and 0 exception(s); 47aecc56-7e95-480d-b89c-2c00d33b4782@group-5EC277DF3249:t10, leader=null, voted=47aecc56-7e95-480d-b89c-2c00d33b4782, raftlog=47aecc56-7e95-480d-b89c-2c00d33b4782@group-5EC277DF3249-SegmentedRaftLog:OPENED:c-1,f-1,i0, conf=-1: [47aecc56-7e95-480d-b89c-2c00d33b4782:192.168.69.67:34550, 1bc296c6-def6-4ae4-8c62-5b4c951a28f1:192.168.69.67:37222, bc0382cc-50e2-4d58-b2de-e8b6250f3520:192.168.69.67:37666], old=null
2019-10-18 08:19:51,784 [47aecc56-7e95-480d-b89c-2c00d33b4782@group-5EC277DF3249-LeaderElection24] INFO  impl.RaftServerImpl (RaftServerImpl.java:setRole(184)) - 47aecc56-7e95-480d-b89c-2c00d33b4782@group-5EC277DF3249: changes role from CANDIDATE to FOLLOWER at term 10 for DISCOVERED_A_NEW_TERM
2019-10-18 08:19:51,784 [47aecc56-7e95-480d-b89c-2c00d33b4782@group-5EC277DF3249-LeaderElection24] INFO  impl.RoleInfo (RoleInfo.java:shutdownLeaderElection(134)) - 47aecc56-7e95-480d-b89c-2c00d33b4782: shutdown LeaderElection
2019-10-18 08:19:51,784 [47aecc56-7e95-480d-b89c-2c00d33b4782@group-5EC277DF3249-LeaderElection24] INFO  impl.RoleInfo (RoleInfo.java:updateAndGet(143)) - 47aecc56-7e95-480d-b89c-2c00d33b4782: start FollowerState
2019-10-18 08:19:51,809 [Thread-804] INFO  impl.FollowerState (FollowerState.java:run(108)) - 47aecc56-7e95-480d-b89c-2c00d33b4782@group-5EC277DF3249-FollowerState: change to CANDIDATE, lastRpcTime:25ms, electionTimeout:24ms
2019-10-18 08:19:51,810 [Thread-804] INFO  impl.RoleInfo (RoleInfo.java:shutdownFollowerState(121)) - 47aecc56-7e95-480d-b89c-2c00d33b4782: shutdown FollowerState
2019-10-18 08:19:51,810 [Thread-804] INFO  impl.RaftServerImpl (RaftServerImpl.java:setRole(184)) - 47aecc56-7e95-480d-b89c-2c00d33b4782@group-5EC277DF3249: changes role from  FOLLOWER to CANDIDATE at term 10 for changeToCandidate
2019-10-18 08:19:51,811 [Thread-804] INFO  impl.RoleInfo (RoleInfo.java:updateAndGet(143)) - 47aecc56-7e95-480d-b89c-2c00d33b4782: start LeaderElection
2019-10-18 08:19:51,825 [47aecc56-7e95-480d-b89c-2c00d33b4782@group-5EC277DF3249-LeaderElection25] INFO  impl.LeaderElection (LeaderElection.java:askForVotes(178)) - 47aecc56-7e95-480d-b89c-2c00d33b4782@group-5EC277DF3249-LeaderElection25: begin an election at term 11 for -1: [47aecc56-7e95-480d-b89c-2c00d33b4782:192.168.69.67:34550, 1bc296c6-def6-4ae4-8c62-5b4c951a28f1:192.168.69.67:37222, bc0382cc-50e2-4d58-b2de-e8b6250f3520:192.168.69.67:37666], old=null
2019-10-18 08:19:51,828 [grpc-default-executor-5] INFO  impl.RaftServerImpl (RaftServerImpl.java:setRole(184)) - 1bc296c6-def6-4ae4-8c62-5b4c951a28f1@group-5EC277DF3249: changes role from  FOLLOWER to FOLLOWER at term 11 for recognizeCandidate:47aecc56-7e95-480d-b89c-2c00d33b4782
2019-10-18 08:19:51,828 [grpc-default-executor-3] INFO  impl.RaftServerImpl (RaftServerImpl.java:setRole(184)) - bc0382cc-50e2-4d58-b2de-e8b6250f3520@group-5EC277DF3249: changes role from  FOLLOWER to FOLLOWER at term 11 for recognizeCandidate:47aecc56-7e95-480d-b89c-2c00d33b4782
2019-10-18 08:19:51,828 [grpc-default-executor-5] INFO  impl.RoleInfo (RoleInfo.java:shutdownFollowerState(121)) - 1bc296c6-def6-4ae4-8c62-5b4c951a28f1: shutdown FollowerState
2019-10-18 08:19:51,828 [grpc-default-executor-3] INFO  impl.RoleInfo (RoleInfo.java:shutdownFollowerState(121)) - bc0382cc-50e2-4d58-b2de-e8b6250f3520: shutdown FollowerState
2019-10-18 08:19:51,828 [Thread-802] INFO  impl.FollowerState (FollowerState.java:run(117)) - 1bc296c6-def6-4ae4-8c62-5b4c951a28f1@group-5EC277DF3249-FollowerState was interrupted: java.lang.InterruptedException: sleep interrupted
2019-10-18 08:19:51,828 [grpc-default-executor-5] INFO  impl.RoleInfo (RoleInfo.java:updateAndGet(143)) - 1bc296c6-def6-4ae4-8c62-5b4c951a28f1: start FollowerState
2019-10-18 08:19:51,828 [grpc-default-executor-3] INFO  impl.RoleInfo (RoleInfo.java:updateAndGet(143)) - bc0382cc-50e2-4d58-b2de-e8b6250f3520: start FollowerState
2019-10-18 08:19:51,828 [Thread-803] INFO  impl.FollowerState (FollowerState.java:run(117)) - bc0382cc-50e2-4d58-b2de-e8b6250f3520@group-5EC277DF3249-FollowerState was interrupted: java.lang.InterruptedException: sleep interrupted
2019-10-18 08:19:51,845 [47aecc56-7e95-480d-b89c-2c00d33b4782@group-5EC277DF3249-LeaderElection25] INFO  impl.LeaderElection (LeaderElection.java:logAndReturn(56)) - 47aecc56-7e95-480d-b89c-2c00d33b4782@group-5EC277DF3249-LeaderElection25: Election REJECTED; received 2 response(s) [47aecc56-7e95-480d-b89c-2c00d33b4782<-1bc296c6-def6-4ae4-8c62-5b4c951a28f1#0:FAIL-t11, 47aecc56-7e95-480d-b89c-2c00d33b4782<-bc0382cc-50e2-4d58-b2de-e8b6250f3520#0:FAIL-t11] and 0 exception(s); 47aecc56-7e95-480d-b89c-2c00d33b4782@group-5EC277DF3249:t11, leader=null, voted=47aecc56-7e95-480d-b89c-2c00d33b4782, raftlog=47aecc56-7e95-480d-b89c-2c00d33b4782@group-5EC277DF3249-SegmentedRaftLog:OPENED:c-1,f-1,i0, conf=-1: [47aecc56-7e95-480d-b89c-2c00d33b4782:192.168.69.67:34550, 1bc296c6-def6-4ae4-8c62-5b4c951a28f1:192.168.69.67:37222, bc0382cc-50e2-4d58-b2de-e8b6250f3520:192.168.69.67:37666], old=null
2019-10-18 08:19:51,847 [47aecc56-7e95-480d-b89c-2c00d33b4782@group-5EC277DF3249-LeaderElection25] INFO  impl.RaftServerImpl (RaftServerImpl.java:setRole(184)) - 47aecc56-7e95-480d-b89c-2c00d33b4782@group-5EC277DF3249: changes role from CANDIDATE to FOLLOWER at term 11 for DISCOVERED_A_NEW_TERM
2019-10-18 08:19:51,847 [47aecc56-7e95-480d-b89c-2c00d33b4782@group-5EC277DF3249-LeaderElection25] INFO  impl.RoleInfo (RoleInfo.java:shutdownLeaderElection(134)) - 47aecc56-7e95-480d-b89c-2c00d33b4782: shutdown LeaderElection
2019-10-18 08:19:51,847 [47aecc56-7e95-480d-b89c-2c00d33b4782@group-5EC277DF3249-LeaderElection25] INFO  impl.RoleInfo (RoleInfo.java:updateAndGet(143)) - 47aecc56-7e95-480d-b89c-2c00d33b4782: start FollowerState
2019-10-18 08:19:51,983 [Thread-810] INFO  impl.FollowerState (FollowerState.java:run(108)) - 47aecc56-7e95-480d-b89c-2c00d33b4782@group-5EC277DF3249-FollowerState: change to CANDIDATE, lastRpcTime:135ms, electionTimeout:134ms
2019-10-18 08:19:51,986 [Thread-810] INFO  impl.RoleInfo (RoleInfo.java:shutdownFollowerState(121)) - 47aecc56-7e95-480d-b89c-2c00d33b4782: shutdown FollowerState
2019-10-18 08:19:51,986 [Thread-810] INFO  impl.RaftServerImpl (RaftServerImpl.java:setRole(184)) - 47aecc56-7e95-480d-b89c-2c00d33b4782@group-5EC277DF3249: changes role from  FOLLOWER to CANDIDATE at term 11 for changeToCandidate
2019-10-18 08:19:51,986 [Thread-810] INFO  impl.RoleInfo (RoleInfo.java:updateAndGet(143)) - 47aecc56-7e95-480d-b89c-2c00d33b4782: start LeaderElection
2019-10-18 08:19:52,012 [47aecc56-7e95-480d-b89c-2c00d33b4782@group-5EC277DF3249-LeaderElection26] INFO  impl.LeaderElection (LeaderElection.java:askForVotes(178)) - 47aecc56-7e95-480d-b89c-2c00d33b4782@group-5EC277DF3249-LeaderElection26: begin an election at term 12 for -1: [47aecc56-7e95-480d-b89c-2c00d33b4782:192.168.69.67:34550, 1bc296c6-def6-4ae4-8c62-5b4c951a28f1:192.168.69.67:37222, bc0382cc-50e2-4d58-b2de-e8b6250f3520:192.168.69.67:37666], old=null
2019-10-18 08:19:52,016 [grpc-default-executor-5] INFO  impl.RaftServerImpl (RaftServerImpl.java:setRole(184)) - bc0382cc-50e2-4d58-b2de-e8b6250f3520@group-5EC277DF3249: changes role from  FOLLOWER to FOLLOWER at term 12 for recognizeCandidate:47aecc56-7e95-480d-b89c-2c00d33b4782
2019-10-18 08:19:52,023 [grpc-default-executor-5] INFO  impl.RoleInfo (RoleInfo.java:shutdownFollowerState(121)) - bc0382cc-50e2-4d58-b2de-e8b6250f3520: shutdown FollowerState
2019-10-18 08:19:52,023 [grpc-default-executor-3] INFO  impl.RaftServerImpl (RaftServerImpl.java:setRole(184)) - 1bc296c6-def6-4ae4-8c62-5b4c951a28f1@group-5EC277DF3249: changes role from  FOLLOWER to FOLLOWER at term 12 for recognizeCandidate:47aecc56-7e95-480d-b89c-2c00d33b4782
2019-10-18 08:19:52,023 [Thread-809] INFO  impl.FollowerState (FollowerState.java:run(117)) - bc0382cc-50e2-4d58-b2de-e8b6250f3520@group-5EC277DF3249-FollowerState was interrupted: java.lang.InterruptedException: sleep interrupted
2019-10-18 08:19:52,023 [grpc-default-executor-5] INFO  impl.RoleInfo (RoleInfo.java:updateAndGet(143)) - bc0382cc-50e2-4d58-b2de-e8b6250f3520: start FollowerState
2019-10-18 08:19:52,023 [grpc-default-executor-3] INFO  impl.RoleInfo (RoleInfo.java:shutdownFollowerState(121)) - 1bc296c6-def6-4ae4-8c62-5b4c951a28f1: shutdown FollowerState
2019-10-18 08:19:52,025 [Thread-808] INFO  impl.FollowerState (FollowerState.java:run(117)) - 1bc296c6-def6-4ae4-8c62-5b4c951a28f1@group-5EC277DF3249-FollowerState was interrupted: java.lang.InterruptedException: sleep interrupted
2019-10-18 08:19:52,025 [grpc-default-executor-3] INFO  impl.RoleInfo (RoleInfo.java:updateAndGet(143)) - 1bc296c6-def6-4ae4-8c62-5b4c951a28f1: start FollowerState
2019-10-18 08:19:52,050 [47aecc56-7e95-480d-b89c-2c00d33b4782@group-5EC277DF3249-LeaderElection26] INFO  impl.LeaderElection (LeaderElection.java:logAndReturn(56)) - 47aecc56-7e95-480d-b89c-2c00d33b4782@group-5EC277DF3249-LeaderElection26: Election REJECTED; received 2 response(s) [47aecc56-7e95-480d-b89c-2c00d33b4782<-1bc296c6-def6-4ae4-8c62-5b4c951a28f1#0:FAIL-t12, 47aecc56-7e95-480d-b89c-2c00d33b4782<-bc0382cc-50e2-4d58-b2de-e8b6250f3520#0:FAIL-t12] and 0 exception(s); 47aecc56-7e95-480d-b89c-2c00d33b4782@group-5EC277DF3249:t12, leader=null, voted=47aecc56-7e95-480d-b89c-2c00d33b4782, raftlog=47aecc56-7e95-480d-b89c-2c00d33b4782@group-5EC277DF3249-SegmentedRaftLog:OPENED:c-1,f-1,i0, conf=-1: [47aecc56-7e95-480d-b89c-2c00d33b4782:192.168.69.67:34550, 1bc296c6-def6-4ae4-8c62-5b4c951a28f1:192.168.69.67:37222, bc0382cc-50e2-4d58-b2de-e8b6250f3520:192.168.69.67:37666], old=null
2019-10-18 08:19:52,051 [47aecc56-7e95-480d-b89c-2c00d33b4782@group-5EC277DF3249-LeaderElection26] INFO  impl.RaftServerImpl (RaftServerImpl.java:setRole(184)) - 47aecc56-7e95-480d-b89c-2c00d33b4782@group-5EC277DF3249: changes role from CANDIDATE to FOLLOWER at term 12 for DISCOVERED_A_NEW_TERM
2019-10-18 08:19:52,055 [47aecc56-7e95-480d-b89c-2c00d33b4782@group-5EC277DF3249-LeaderElection26] INFO  impl.RoleInfo (RoleInfo.java:shutdownLeaderElection(134)) - 47aecc56-7e95-480d-b89c-2c00d33b4782: shutdown LeaderElection
2019-10-18 08:19:52,056 [47aecc56-7e95-480d-b89c-2c00d33b4782@group-5EC277DF3249-LeaderElection26] INFO  impl.RoleInfo (RoleInfo.java:updateAndGet(143)) - 47aecc56-7e95-480d-b89c-2c00d33b4782: start FollowerState
2019-10-18 08:19:52,102 [Thread-816] INFO  impl.FollowerState (FollowerState.java:run(108)) - 47aecc56-7e95-480d-b89c-2c00d33b4782@group-5EC277DF3249-FollowerState: change to CANDIDATE, lastRpcTime:46ms, electionTimeout:46ms
2019-10-18 08:19:52,104 [Thread-816] INFO  impl.RoleInfo (RoleInfo.java:shutdownFollowerState(121)) - 47aecc56-7e95-480d-b89c-2c00d33b4782: shutdown FollowerState
2019-10-18 08:19:52,105 [Thread-816] INFO  impl.RaftServerImpl (RaftServerImpl.java:setRole(184)) - 47aecc56-7e95-480d-b89c-2c00d33b4782@group-5EC277DF3249: changes role from  FOLLOWER to CANDIDATE at term 12 for changeToCandidate
2019-10-18 08:19:52,105 [Thread-816] INFO  impl.RoleInfo (RoleInfo.java:updateAndGet(143)) - 47aecc56-7e95-480d-b89c-2c00d33b4782: start LeaderElection
2019-10-18 08:19:52,130 [47aecc56-7e95-480d-b89c-2c00d33b4782@group-5EC277DF3249-LeaderElection27] INFO  impl.LeaderElection (LeaderElection.java:askForVotes(178)) - 47aecc56-7e95-480d-b89c-2c00d33b4782@group-5EC277DF3249-LeaderElection27: begin an election at term 13 for -1: [47aecc56-7e95-480d-b89c-2c00d33b4782:192.168.69.67:34550, 1bc296c6-def6-4ae4-8c62-5b4c951a28f1:192.168.69.67:37222, bc0382cc-50e2-4d58-b2de-e8b6250f3520:192.168.69.67:37666], old=null
2019-10-18 08:19:52,133 [grpc-default-executor-5] INFO  impl.RaftServerImpl (RaftServerImpl.java:setRole(184)) - 1bc296c6-def6-4ae4-8c62-5b4c951a28f1@group-5EC277DF3249: changes role from  FOLLOWER to FOLLOWER at term 13 for recognizeCandidate:47aecc56-7e95-480d-b89c-2c00d33b4782
2019-10-18 08:19:52,133 [grpc-default-executor-5] INFO  impl.RoleInfo (RoleInfo.java:shutdownFollowerState(121)) - 1bc296c6-def6-4ae4-8c62-5b4c951a28f1: shutdown FollowerState
2019-10-18 08:19:52,134 [grpc-default-executor-5] INFO  impl.RoleInfo (RoleInfo.java:updateAndGet(143)) - 1bc296c6-def6-4ae4-8c62-5b4c951a28f1: start FollowerState
2019-10-18 08:19:52,134 [Thread-815] INFO  impl.FollowerState (FollowerState.java:run(117)) - 1bc296c6-def6-4ae4-8c62-5b4c951a28f1@group-5EC277DF3249-FollowerState was interrupted: java.lang.InterruptedException: sleep interrupted
2019-10-18 08:19:52,134 [grpc-default-executor-3] INFO  impl.RaftServerImpl (RaftServerImpl.java:setRole(184)) - bc0382cc-50e2-4d58-b2de-e8b6250f3520@group-5EC277DF3249: changes role from  FOLLOWER to FOLLOWER at term 13 for recognizeCandidate:47aecc56-7e95-480d-b89c-2c00d33b4782
2019-10-18 08:19:52,134 [grpc-default-executor-3] INFO  impl.RoleInfo (RoleInfo.java:shutdownFollowerState(121)) - bc0382cc-50e2-4d58-b2de-e8b6250f3520: shutdown FollowerState
2019-10-18 08:19:52,134 [grpc-default-executor-3] INFO  impl.RoleInfo (RoleInfo.java:updateAndGet(143)) - bc0382cc-50e2-4d58-b2de-e8b6250f3520: start FollowerState
2019-10-18 08:19:52,134 [Thread-814] INFO  impl.FollowerState (FollowerState.java:run(117)) - bc0382cc-50e2-4d58-b2de-e8b6250f3520@group-5EC277DF3249-FollowerState was interrupted: java.lang.InterruptedException: sleep interrupted
2019-10-18 08:19:52,149 [47aecc56-7e95-480d-b89c-2c00d33b4782@group-5EC277DF3249-LeaderElection27] INFO  impl.LeaderElection (LeaderElection.java:logAndReturn(56)) - 47aecc56-7e95-480d-b89c-2c00d33b4782@group-5EC277DF3249-LeaderElection27: Election REJECTED; received 2 response(s) [47aecc56-7e95-480d-b89c-2c00d33b4782<-1bc296c6-def6-4ae4-8c62-5b4c951a28f1#0:FAIL-t13, 47aecc56-7e95-480d-b89c-2c00d33b4782<-bc0382cc-50e2-4d58-b2de-e8b6250f3520#0:FAIL-t13] and 0 exception(s); 47aecc56-7e95-480d-b89c-2c00d33b4782@group-5EC277DF3249:t13, leader=null, voted=47aecc56-7e95-480d-b89c-2c00d33b4782, raftlog=47aecc56-7e95-480d-b89c-2c00d33b4782@group-5EC277DF3249-SegmentedRaftLog:OPENED:c-1,f-1,i0, conf=-1: [47aecc56-7e95-480d-b89c-2c00d33b4782:192.168.69.67:34550, 1bc296c6-def6-4ae4-8c62-5b4c951a28f1:192.168.69.67:37222, bc0382cc-50e2-4d58-b2de-e8b6250f3520:192.168.69.67:37666], old=null
2019-10-18 08:19:52,158 [47aecc56-7e95-480d-b89c-2c00d33b4782@group-5EC277DF3249-LeaderElection27] INFO  impl.RaftServerImpl (RaftServerImpl.java:setRole(184)) - 47aecc56-7e95-480d-b89c-2c00d33b4782@group-5EC277DF3249: changes role from CANDIDATE to FOLLOWER at term 13 for DISCOVERED_A_NEW_TERM
2019-10-18 08:19:52,161 [47aecc56-7e95-480d-b89c-2c00d33b4782@group-5EC277DF3249-LeaderElection27] INFO  impl.RoleInfo (RoleInfo.java:shutdownLeaderElection(134)) - 47aecc56-7e95-480d-b89c-2c00d33b4782: shutdown LeaderElection
2019-10-18 08:19:52,161 [47aecc56-7e95-480d-b89c-2c00d33b4782@group-5EC277DF3249-LeaderElection27] INFO  impl.RoleInfo (RoleInfo.java:updateAndGet(143)) - 47aecc56-7e95-480d-b89c-2c00d33b4782: start FollowerState
 0.00% |?                                                                                                    |  0/1 Time: 0:04:002019-10-18 08:19:52,351 [Thread-822] INFO  impl.FollowerState (FollowerState.java:run(108)) - 47aecc56-7e95-480d-b89c-2c00d33b4782@group-5EC277DF3249-FollowerState: change to CANDIDATE, lastRpcTime:189ms, electionTimeout:188ms
2019-10-18 08:19:52,354 [Thread-822] INFO  impl.RoleInfo (RoleInfo.java:shutdownFollowerState(121)) - 47aecc56-7e95-480d-b89c-2c00d33b4782: shutdown FollowerState
2019-10-18 08:19:52,354 [Thread-822] INFO  impl.RaftServerImpl (RaftServerImpl.java:setRole(184)) - 47aecc56-7e95-480d-b89c-2c00d33b4782@group-5EC277DF3249: changes role from  FOLLOWER to CANDIDATE at term 13 for changeToCandidate
2019-10-18 08:19:52,354 [Thread-822] INFO  impl.RoleInfo (RoleInfo.java:updateAndGet(143)) - 47aecc56-7e95-480d-b89c-2c00d33b4782: start LeaderElection
2019-10-18 08:19:52,368 [47aecc56-7e95-480d-b89c-2c00d33b4782@group-5EC277DF3249-LeaderElection28] INFO  impl.LeaderElection (LeaderElection.java:askForVotes(178)) - 47aecc56-7e95-480d-b89c-2c00d33b4782@group-5EC277DF3249-LeaderElection28: begin an election at term 14 for -1: [47aecc56-7e95-480d-b89c-2c00d33b4782:192.168.69.67:34550, 1bc296c6-def6-4ae4-8c62-5b4c951a28f1:192.168.69.67:37222, bc0382cc-50e2-4d58-b2de-e8b6250f3520:192.168.69.67:37666], old=null
2019-10-18 08:19:52,370 [grpc-default-executor-3] INFO  impl.RaftServerImpl (RaftServerImpl.java:setRole(184)) - 1bc296c6-def6-4ae4-8c62-5b4c951a28f1@group-5EC277DF3249: changes role from  FOLLOWER to FOLLOWER at term 14 for recognizeCandidate:47aecc56-7e95-480d-b89c-2c00d33b4782
2019-10-18 08:19:52,371 [grpc-default-executor-3] INFO  impl.RoleInfo (RoleInfo.java:shutdownFollowerState(121)) - 1bc296c6-def6-4ae4-8c62-5b4c951a28f1: shutdown FollowerState
2019-10-18 08:19:52,371 [grpc-default-executor-5] INFO  impl.RaftServerImpl (RaftServerImpl.java:setRole(184)) - bc0382cc-50e2-4d58-b2de-e8b6250f3520@group-5EC277DF3249: changes role from  FOLLOWER to FOLLOWER at term 14 for recognizeCandidate:47aecc56-7e95-480d-b89c-2c00d33b4782
2019-10-18 08:19:52,371 [grpc-default-executor-3] INFO  impl.RoleInfo (RoleInfo.java:updateAndGet(143)) - 1bc296c6-def6-4ae4-8c62-5b4c951a28f1: start FollowerState
2019-10-18 08:19:52,371 [Thread-820] INFO  impl.FollowerState (FollowerState.java:run(117)) - 1bc296c6-def6-4ae4-8c62-5b4c951a28f1@group-5EC277DF3249-FollowerState was interrupted: java.lang.InterruptedException: sleep interrupted
2019-10-18 08:19:52,371 [grpc-default-executor-5] INFO  impl.RoleInfo (RoleInfo.java:shutdownFollowerState(121)) - bc0382cc-50e2-4d58-b2de-e8b6250f3520: shutdown FollowerState
2019-10-18 08:19:52,372 [grpc-default-executor-5] INFO  impl.RoleInfo (RoleInfo.java:updateAndGet(143)) - bc0382cc-50e2-4d58-b2de-e8b6250f3520: start FollowerState
2019-10-18 08:19:52,372 [Thread-821] INFO  impl.FollowerState (FollowerState.java:run(117)) - bc0382cc-50e2-4d58-b2de-e8b6250f3520@group-5EC277DF3249-FollowerState was interrupted: java.lang.InterruptedException: sleep interrupted
2019-10-18 08:19:52,385 [47aecc56-7e95-480d-b89c-2c00d33b4782@group-5EC277DF3249-LeaderElection28] INFO  impl.LeaderElection (LeaderElection.java:logAndReturn(56)) - 47aecc56-7e95-480d-b89c-2c00d33b4782@group-5EC277DF3249-LeaderElection28: Election REJECTED; received 2 response(s) [47aecc56-7e95-480d-b89c-2c00d33b4782<-1bc296c6-def6-4ae4-8c62-5b4c951a28f1#0:FAIL-t14, 47aecc56-7e95-480d-b89c-2c00d33b4782<-bc0382cc-50e2-4d58-b2de-e8b6250f3520#0:FAIL-t14] and 0 exception(s); 47aecc56-7e95-480d-b89c-2c00d33b4782@group-5EC277DF3249:t14, leader=null, voted=47aecc56-7e95-480d-b89c-2c00d33b4782, raftlog=47aecc56-7e95-480d-b89c-2c00d33b4782@group-5EC277DF3249-SegmentedRaftLog:OPENED:c-1,f-1,i0, conf=-1: [47aecc56-7e95-480d-b89c-2c00d33b4782:192.168.69.67:34550, 1bc296c6-def6-4ae4-8c62-5b4c951a28f1:192.168.69.67:37222, bc0382cc-50e2-4d58-b2de-e8b6250f3520:192.168.69.67:37666], old=null
2019-10-18 08:19:52,386 [47aecc56-7e95-480d-b89c-2c00d33b4782@group-5EC277DF3249-LeaderElection28] INFO  impl.RaftServerImpl (RaftServerImpl.java:setRole(184)) - 47aecc56-7e95-480d-b89c-2c00d33b4782@group-5EC277DF3249: changes role from CANDIDATE to FOLLOWER at term 14 for DISCOVERED_A_NEW_TERM
2019-10-18 08:19:52,388 [47aecc56-7e95-480d-b89c-2c00d33b4782@group-5EC277DF3249-LeaderElection28] INFO  impl.RoleInfo (RoleInfo.java:shutdownLeaderElection(134)) - 47aecc56-7e95-480d-b89c-2c00d33b4782: shutdown LeaderElection
2019-10-18 08:19:52,388 [47aecc56-7e95-480d-b89c-2c00d33b4782@group-5EC277DF3249-LeaderElection28] INFO  impl.RoleInfo (RoleInfo.java:updateAndGet(143)) - 47aecc56-7e95-480d-b89c-2c00d33b4782: start FollowerState
2019-10-18 08:19:52,416 [Thread-828] INFO  impl.FollowerState (FollowerState.java:run(108)) - 47aecc56-7e95-480d-b89c-2c00d33b4782@group-5EC277DF3249-FollowerState: change to CANDIDATE, lastRpcTime:27ms, electionTimeout:26ms
2019-10-18 08:19:52,417 [Thread-828] INFO  impl.RoleInfo (RoleInfo.java:shutdownFollowerState(121)) - 47aecc56-7e95-480d-b89c-2c00d33b4782: shutdown FollowerState
2019-10-18 08:19:52,417 [Thread-828] INFO  impl.RaftServerImpl (RaftServerImpl.java:setRole(184)) - 47aecc56-7e95-480d-b89c-2c00d33b4782@group-5EC277DF3249: changes role from  FOLLOWER to CANDIDATE at term 14 for changeToCandidate
2019-10-18 08:19:52,417 [Thread-828] INFO  impl.RoleInfo (RoleInfo.java:updateAndGet(143)) - 47aecc56-7e95-480d-b89c-2c00d33b4782: start LeaderElection
2019-10-18 08:19:52,432 [47aecc56-7e95-480d-b89c-2c00d33b4782@group-5EC277DF3249-LeaderElection29] INFO  impl.LeaderElection (LeaderElection.java:askForVotes(178)) - 47aecc56-7e95-480d-b89c-2c00d33b4782@group-5EC277DF3249-LeaderElection29: begin an election at term 15 for -1: [47aecc56-7e95-480d-b89c-2c00d33b4782:192.168.69.67:34550, 1bc296c6-def6-4ae4-8c62-5b4c951a28f1:192.168.69.67:37222, bc0382cc-50e2-4d58-b2de-e8b6250f3520:192.168.69.67:37666], old=null
2019-10-18 08:19:52,436 [grpc-default-executor-5] INFO  impl.RaftServerImpl (RaftServerImpl.java:setRole(184)) - 1bc296c6-def6-4ae4-8c62-5b4c951a28f1@group-5EC277DF3249: changes role from  FOLLOWER to FOLLOWER at term 15 for recognizeCandidate:47aecc56-7e95-480d-b89c-2c00d33b4782
2019-10-18 08:19:52,436 [grpc-default-executor-3] INFO  impl.RaftServerImpl (RaftServerImpl.java:setRole(184)) - bc0382cc-50e2-4d58-b2de-e8b6250f3520@group-5EC277DF3249: changes role from  FOLLOWER to FOLLOWER at term 15 for recognizeCandidate:47aecc56-7e95-480d-b89c-2c00d33b4782
2019-10-18 08:19:52,436 [grpc-default-executor-5] INFO  impl.RoleInfo (RoleInfo.java:shutdownFollowerState(121)) - 1bc296c6-def6-4ae4-8c62-5b4c951a28f1: shutdown FollowerState
2019-10-18 08:19:52,436 [grpc-default-executor-3] INFO  impl.RoleInfo (RoleInfo.java:shutdownFollowerState(121)) - bc0382cc-50e2-4d58-b2de-e8b6250f3520: shutdown FollowerState
2019-10-18 08:19:52,436 [Thread-826] INFO  impl.FollowerState (FollowerState.java:run(117)) - 1bc296c6-def6-4ae4-8c62-5b4c951a28f1@group-5EC277DF3249-FollowerState was interrupted: java.lang.InterruptedException: sleep interrupted
2019-10-18 08:19:52,436 [grpc-default-executor-5] INFO  impl.RoleInfo (RoleInfo.java:updateAndGet(143)) - 1bc296c6-def6-4ae4-8c62-5b4c951a28f1: start FollowerState
2019-10-18 08:19:52,436 [Thread-827] INFO  impl.FollowerState (FollowerState.java:run(117)) - bc0382cc-50e2-4d58-b2de-e8b6250f3520@group-5EC277DF3249-FollowerState was interrupted: java.lang.InterruptedException: sleep interrupted
2019-10-18 08:19:52,436 [grpc-default-executor-3] INFO  impl.RoleInfo (RoleInfo.java:updateAndGet(143)) - bc0382cc-50e2-4d58-b2de-e8b6250f3520: start FollowerState
2019-10-18 08:19:52,451 [47aecc56-7e95-480d-b89c-2c00d33b4782@group-5EC277DF3249-LeaderElection29] INFO  impl.LeaderElection (LeaderElection.java:logAndReturn(56)) - 47aecc56-7e95-480d-b89c-2c00d33b4782@group-5EC277DF3249-LeaderElection29: Election REJECTED; received 2 response(s) [47aecc56-7e95-480d-b89c-2c00d33b4782<-1bc296c6-def6-4ae4-8c62-5b4c951a28f1#0:FAIL-t15, 47aecc56-7e95-480d-b89c-2c00d33b4782<-bc0382cc-50e2-4d58-b2de-e8b6250f3520#0:FAIL-t15] and 0 exception(s); 47aecc56-7e95-480d-b89c-2c00d33b4782@group-5EC277DF3249:t15, leader=null, voted=47aecc56-7e95-480d-b89c-2c00d33b4782, raftlog=47aecc56-7e95-480d-b89c-2c00d33b4782@group-5EC277DF3249-SegmentedRaftLog:OPENED:c-1,f-1,i0, conf=-1: [47aecc56-7e95-480d-b89c-2c00d33b4782:192.168.69.67:34550, 1bc296c6-def6-4ae4-8c62-5b4c951a28f1:192.168.69.67:37222, bc0382cc-50e2-4d58-b2de-e8b6250f3520:192.168.69.67:37666], old=null
2019-10-18 08:19:52,451 [47aecc56-7e95-480d-b89c-2c00d33b4782@group-5EC277DF3249-LeaderElection29] INFO  impl.RaftServerImpl (RaftServerImpl.java:setRole(184)) - 47aecc56-7e95-480d-b89c-2c00d33b4782@group-5EC277DF3249: changes role from CANDIDATE to FOLLOWER at term 15 for DISCOVERED_A_NEW_TERM
2019-10-18 08:19:52,452 [47aecc56-7e95-480d-b89c-2c00d33b4782@group-5EC277DF3249-LeaderElection29] INFO  impl.RoleInfo (RoleInfo.java:shutdownLeaderElection(134)) - 47aecc56-7e95-480d-b89c-2c00d33b4782: shutdown LeaderElection
2019-10-18 08:19:52,452 [47aecc56-7e95-480d-b89c-2c00d33b4782@group-5EC277DF3249-LeaderElection29] INFO  impl.RoleInfo (RoleInfo.java:updateAndGet(143)) - 47aecc56-7e95-480d-b89c-2c00d33b4782: start FollowerState
2019-10-18 08:19:52,629 [Thread-834] INFO  impl.FollowerState (FollowerState.java:run(108)) - 47aecc56-7e95-480d-b89c-2c00d33b4782@group-5EC277DF3249-FollowerState: change to CANDIDATE, lastRpcTime:177ms, electionTimeout:176ms
2019-10-18 08:19:52,631 [Thread-834] INFO  impl.RoleInfo (RoleInfo.java:shutdownFollowerState(121)) - 47aecc56-7e95-480d-b89c-2c00d33b4782: shutdown FollowerState
2019-10-18 08:19:52,632 [Thread-834] INFO  impl.RaftServerImpl (RaftServerImpl.java:setRole(184)) - 47aecc56-7e95-480d-b89c-2c00d33b4782@group-5EC277DF3249: changes role from  FOLLOWER to CANDIDATE at term 15 for changeToCandidate
2019-10-18 08:19:52,632 [Thread-834] INFO  impl.RoleInfo (RoleInfo.java:updateAndGet(143)) - 47aecc56-7e95-480d-b89c-2c00d33b4782: start LeaderElection
2019-10-18 08:19:52,645 [47aecc56-7e95-480d-b89c-2c00d33b4782@group-5EC277DF3249-LeaderElection30] INFO  impl.LeaderElection (LeaderElection.java:askForVotes(178)) - 47aecc56-7e95-480d-b89c-2c00d33b4782@group-5EC277DF3249-LeaderElection30: begin an election at term 16 for -1: [47aecc56-7e95-480d-b89c-2c00d33b4782:192.168.69.67:34550, 1bc296c6-def6-4ae4-8c62-5b4c951a28f1:192.168.69.67:37222, bc0382cc-50e2-4d58-b2de-e8b6250f3520:192.168.69.67:37666], old=null
2019-10-18 08:19:52,648 [grpc-default-executor-3] INFO  impl.RaftServerImpl (RaftServerImpl.java:setRole(184)) - 1bc296c6-def6-4ae4-8c62-5b4c951a28f1@group-5EC277DF3249: changes role from  FOLLOWER to FOLLOWER at term 16 for recognizeCandidate:47aecc56-7e95-480d-b89c-2c00d33b4782
2019-10-18 08:19:52,648 [grpc-default-executor-3] INFO  impl.RoleInfo (RoleInfo.java:shutdownFollowerState(121)) - 1bc296c6-def6-4ae4-8c62-5b4c951a28f1: shutdown FollowerState
2019-10-18 08:19:52,648 [grpc-default-executor-3] INFO  impl.RoleInfo (RoleInfo.java:updateAndGet(143)) - 1bc296c6-def6-4ae4-8c62-5b4c951a28f1: start FollowerState
2019-10-18 08:19:52,648 [grpc-default-executor-5] INFO  impl.RaftServerImpl (RaftServerImpl.java:setRole(184)) - bc0382cc-50e2-4d58-b2de-e8b6250f3520@group-5EC277DF3249: changes role from  FOLLOWER to FOLLOWER at term 16 for recognizeCandidate:47aecc56-7e95-480d-b89c-2c00d33b4782
2019-10-18 08:19:52,648 [Thread-832] INFO  impl.FollowerState (FollowerState.java:run(117)) - 1bc296c6-def6-4ae4-8c62-5b4c951a28f1@group-5EC277DF3249-FollowerState was interrupted: java.lang.InterruptedException: sleep interrupted
2019-10-18 08:19:52,648 [grpc-default-executor-5] INFO  impl.RoleInfo (RoleInfo.java:shutdownFollowerState(121)) - bc0382cc-50e2-4d58-b2de-e8b6250f3520: shutdown FollowerState
2019-10-18 08:19:52,649 [grpc-default-executor-5] INFO  impl.RoleInfo (RoleInfo.java:updateAndGet(143)) - bc0382cc-50e2-4d58-b2de-e8b6250f3520: start FollowerState
2019-10-18 08:19:52,649 [Thread-833] INFO  impl.FollowerState (FollowerState.java:run(117)) - bc0382cc-50e2-4d58-b2de-e8b6250f3520@group-5EC277DF3249-FollowerState was interrupted: java.lang.InterruptedException: sleep interrupted
2019-10-18 08:19:52,663 [47aecc56-7e95-480d-b89c-2c00d33b4782@group-5EC277DF3249-LeaderElection30] INFO  impl.LeaderElection (LeaderElection.java:logAndReturn(56)) - 47aecc56-7e95-480d-b89c-2c00d33b4782@group-5EC277DF3249-LeaderElection30: Election REJECTED; received 2 response(s) [47aecc56-7e95-480d-b89c-2c00d33b4782<-1bc296c6-def6-4ae4-8c62-5b4c951a28f1#0:FAIL-t16, 47aecc56-7e95-480d-b89c-2c00d33b4782<-bc0382cc-50e2-4d58-b2de-e8b6250f3520#0:FAIL-t16] and 0 exception(s); 47aecc56-7e95-480d-b89c-2c00d33b4782@group-5EC277DF3249:t16, leader=null, voted=47aecc56-7e95-480d-b89c-2c00d33b4782, raftlog=47aecc56-7e95-480d-b89c-2c00d33b4782@group-5EC277DF3249-SegmentedRaftLog:OPENED:c-1,f-1,i0, conf=-1: [47aecc56-7e95-480d-b89c-2c00d33b4782:192.168.69.67:34550, 1bc296c6-def6-4ae4-8c62-5b4c951a28f1:192.168.69.67:37222, bc0382cc-50e2-4d58-b2de-e8b6250f3520:192.168.69.67:37666], old=null
2019-10-18 08:19:52,663 [47aecc56-7e95-480d-b89c-2c00d33b4782@group-5EC277DF3249-LeaderElection30] INFO  impl.RaftServerImpl (RaftServerImpl.java:setRole(184)) - 47aecc56-7e95-480d-b89c-2c00d33b4782@group-5EC277DF3249: changes role from CANDIDATE to FOLLOWER at term 16 for DISCOVERED_A_NEW_TERM
2019-10-18 08:19:52,665 [47aecc56-7e95-480d-b89c-2c00d33b4782@group-5EC277DF3249-LeaderElection30] INFO  impl.RoleInfo (RoleInfo.java:shutdownLeaderElection(134)) - 47aecc56-7e95-480d-b89c-2c00d33b4782: shutdown LeaderElection
2019-10-18 08:19:52,665 [47aecc56-7e95-480d-b89c-2c00d33b4782@group-5EC277DF3249-LeaderElection30] INFO  impl.RoleInfo (RoleInfo.java:updateAndGet(143)) - 47aecc56-7e95-480d-b89c-2c00d33b4782: start FollowerState
2019-10-18 08:19:52,697 [Thread-840] INFO  impl.FollowerState (FollowerState.java:run(108)) - 47aecc56-7e95-480d-b89c-2c00d33b4782@group-5EC277DF3249-FollowerState: change to CANDIDATE, lastRpcTime:31ms, electionTimeout:30ms
2019-10-18 08:19:52,702 [Thread-840] INFO  impl.RoleInfo (RoleInfo.java:shutdownFollowerState(121)) - 47aecc56-7e95-480d-b89c-2c00d33b4782: shutdown FollowerState
2019-10-18 08:19:52,702 [Thread-840] INFO  impl.RaftServerImpl (RaftServerImpl.java:setRole(184)) - 47aecc56-7e95-480d-b89c-2c00d33b4782@group-5EC277DF3249: changes role from  FOLLOWER to CANDIDATE at term 16 for changeToCandidate
2019-10-18 08:19:52,702 [Thread-840] INFO  impl.RoleInfo (RoleInfo.java:updateAndGet(143)) - 47aecc56-7e95-480d-b89c-2c00d33b4782: start LeaderElection
2019-10-18 08:19:52,724 [47aecc56-7e95-480d-b89c-2c00d33b4782@group-5EC277DF3249-LeaderElection31] INFO  impl.LeaderElection (LeaderElection.java:askForVotes(178)) - 47aecc56-7e95-480d-b89c-2c00d33b4782@group-5EC277DF3249-LeaderElection31: begin an election at term 17 for -1: [47aecc56-7e95-480d-b89c-2c00d33b4782:192.168.69.67:34550, 1bc296c6-def6-4ae4-8c62-5b4c951a28f1:192.168.69.67:37222, bc0382cc-50e2-4d58-b2de-e8b6250f3520:192.168.69.67:37666], old=null
2019-10-18 08:19:52,727 [grpc-default-executor-5] INFO  impl.RaftServerImpl (RaftServerImpl.java:setRole(184)) - bc0382cc-50e2-4d58-b2de-e8b6250f3520@group-5EC277DF3249: changes role from  FOLLOWER to FOLLOWER at term 17 for recognizeCandidate:47aecc56-7e95-480d-b89c-2c00d33b4782
2019-10-18 08:19:52,727 [grpc-default-executor-3] INFO  impl.RaftServerImpl (RaftServerImpl.java:setRole(184)) - 1bc296c6-def6-4ae4-8c62-5b4c951a28f1@group-5EC277DF3249: changes role from  FOLLOWER to FOLLOWER at term 17 for recognizeCandidate:47aecc56-7e95-480d-b89c-2c00d33b4782
2019-10-18 08:19:52,728 [grpc-default-executor-5] INFO  impl.RoleInfo (RoleInfo.java:shutdownFollowerState(121)) - bc0382cc-50e2-4d58-b2de-e8b6250f3520: shutdown FollowerState
2019-10-18 08:19:52,728 [grpc-default-executor-3] INFO  impl.RoleInfo (RoleInfo.java:shutdownFollowerState(121)) - 1bc296c6-def6-4ae4-8c62-5b4c951a28f1: shutdown FollowerState
2019-10-18 08:19:52,728 [Thread-839] INFO  impl.FollowerState (FollowerState.java:run(117)) - bc0382cc-50e2-4d58-b2de-e8b6250f3520@group-5EC277DF3249-FollowerState was interrupted: java.lang.InterruptedException: sleep interrupted
2019-10-18 08:19:52,728 [grpc-default-executor-3] INFO  impl.RoleInfo (RoleInfo.java:updateAndGet(143)) - 1bc296c6-def6-4ae4-8c62-5b4c951a28f1: start FollowerState
2019-10-18 08:19:52,728 [grpc-default-executor-5] INFO  impl.RoleInfo (RoleInfo.java:updateAndGet(143)) - bc0382cc-50e2-4d58-b2de-e8b6250f3520: start FollowerState
2019-10-18 08:19:52,728 [Thread-838] INFO  impl.FollowerState (FollowerState.java:run(117)) - 1bc296c6-def6-4ae4-8c62-5b4c951a28f1@group-5EC277DF3249-FollowerState was interrupted: java.lang.InterruptedException: sleep interrupted
2019-10-18 08:19:52,744 [47aecc56-7e95-480d-b89c-2c00d33b4782@group-5EC277DF3249-LeaderElection31] INFO  impl.LeaderElection (LeaderElection.java:logAndReturn(56)) - 47aecc56-7e95-480d-b89c-2c00d33b4782@group-5EC277DF3249-LeaderElection31: Election REJECTED; received 2 response(s) [47aecc56-7e95-480d-b89c-2c00d33b4782<-1bc296c6-def6-4ae4-8c62-5b4c951a28f1#0:FAIL-t17, 47aecc56-7e95-480d-b89c-2c00d33b4782<-bc0382cc-50e2-4d58-b2de-e8b6250f3520#0:FAIL-t17] and 0 exception(s); 47aecc56-7e95-480d-b89c-2c00d33b4782@group-5EC277DF3249:t17, leader=null, voted=47aecc56-7e95-480d-b89c-2c00d33b4782, raftlog=47aecc56-7e95-480d-b89c-2c00d33b4782@group-5EC277DF3249-SegmentedRaftLog:OPENED:c-1,f-1,i0, conf=-1: [47aecc56-7e95-480d-b89c-2c00d33b4782:192.168.69.67:34550, 1bc296c6-def6-4ae4-8c62-5b4c951a28f1:192.168.69.67:37222, bc0382cc-50e2-4d58-b2de-e8b6250f3520:192.168.69.67:37666], old=null
2019-10-18 08:19:52,744 [47aecc56-7e95-480d-b89c-2c00d33b4782@group-5EC277DF3249-LeaderElection31] INFO  impl.RaftServerImpl (RaftServerImpl.java:setRole(184)) - 47aecc56-7e95-480d-b89c-2c00d33b4782@group-5EC277DF3249: changes role from CANDIDATE to FOLLOWER at term 17 for DISCOVERED_A_NEW_TERM
2019-10-18 08:19:52,745 [47aecc56-7e95-480d-b89c-2c00d33b4782@group-5EC277DF3249-LeaderElection31] INFO  impl.RoleInfo (RoleInfo.java:shutdownLeaderElection(134)) - 47aecc56-7e95-480d-b89c-2c00d33b4782: shutdown LeaderElection
2019-10-18 08:19:52,745 [47aecc56-7e95-480d-b89c-2c00d33b4782@group-5EC277DF3249-LeaderElection31] INFO  impl.RoleInfo (RoleInfo.java:updateAndGet(143)) - 47aecc56-7e95-480d-b89c-2c00d33b4782: start FollowerState
2019-10-18 08:19:52,784 [Thread-846] INFO  impl.FollowerState (FollowerState.java:run(108)) - 47aecc56-7e95-480d-b89c-2c00d33b4782@group-5EC277DF3249-FollowerState: change to CANDIDATE, lastRpcTime:38ms, electionTimeout:37ms
2019-10-18 08:19:52,786 [Thread-846] INFO  impl.RoleInfo (RoleInfo.java:shutdownFollowerState(121)) - 47aecc56-7e95-480d-b89c-2c00d33b4782: shutdown FollowerState
2019-10-18 08:19:52,786 [Thread-846] INFO  impl.RaftServerImpl (RaftServerImpl.java:setRole(184)) - 47aecc56-7e95-480d-b89c-2c00d33b4782@group-5EC277DF3249: changes role from  FOLLOWER to CANDIDATE at term 17 for changeToCandidate
2019-10-18 08:19:52,786 [Thread-846] INFO  impl.RoleInfo (RoleInfo.java:updateAndGet(143)) - 47aecc56-7e95-480d-b89c-2c00d33b4782: start LeaderElection
2019-10-18 08:19:52,799 [47aecc56-7e95-480d-b89c-2c00d33b4782@group-5EC277DF3249-LeaderElection32] INFO  impl.LeaderElection (LeaderElection.java:askForVotes(178)) - 47aecc56-7e95-480d-b89c-2c00d33b4782@group-5EC277DF3249-LeaderElection32: begin an election at term 18 for -1: [47aecc56-7e95-480d-b89c-2c00d33b4782:192.168.69.67:34550, 1bc296c6-def6-4ae4-8c62-5b4c951a28f1:192.168.69.67:37222, bc0382cc-50e2-4d58-b2de-e8b6250f3520:192.168.69.67:37666], old=null
2019-10-18 08:19:52,801 [grpc-default-executor-5] INFO  impl.RaftServerImpl (RaftServerImpl.java:setRole(184)) - bc0382cc-50e2-4d58-b2de-e8b6250f3520@group-5EC277DF3249: changes role from  FOLLOWER to FOLLOWER at term 18 for recognizeCandidate:47aecc56-7e95-480d-b89c-2c00d33b4782
2019-10-18 08:19:52,801 [grpc-default-executor-3] INFO  impl.RaftServerImpl (RaftServerImpl.java:setRole(184)) - 1bc296c6-def6-4ae4-8c62-5b4c951a28f1@group-5EC277DF3249: changes role from  FOLLOWER to FOLLOWER at term 18 for recognizeCandidate:47aecc56-7e95-480d-b89c-2c00d33b4782
2019-10-18 08:19:52,801 [grpc-default-executor-3] INFO  impl.RoleInfo (RoleInfo.java:shutdownFollowerState(121)) - 1bc296c6-def6-4ae4-8c62-5b4c951a28f1: shutdown FollowerState
2019-10-18 08:19:52,801 [grpc-default-executor-5] INFO  impl.RoleInfo (RoleInfo.java:shutdownFollowerState(121)) - bc0382cc-50e2-4d58-b2de-e8b6250f3520: shutdown FollowerState
2019-10-18 08:19:52,801 [Thread-845] INFO  impl.FollowerState (FollowerState.java:run(117)) - 1bc296c6-def6-4ae4-8c62-5b4c951a28f1@group-5EC277DF3249-FollowerState was interrupted: java.lang.InterruptedException: sleep interrupted
2019-10-18 08:19:52,801 [grpc-default-executor-3] INFO  impl.RoleInfo (RoleInfo.java:updateAndGet(143)) - 1bc296c6-def6-4ae4-8c62-5b4c951a28f1: start FollowerState
2019-10-18 08:19:52,801 [grpc-default-executor-5] INFO  impl.RoleInfo (RoleInfo.java:updateAndGet(143)) - bc0382cc-50e2-4d58-b2de-e8b6250f3520: start FollowerState
2019-10-18 08:19:52,801 [Thread-844] INFO  impl.FollowerState (FollowerState.java:run(117)) - bc0382cc-50e2-4d58-b2de-e8b6250f3520@group-5EC277DF3249-FollowerState was interrupted: java.lang.InterruptedException: sleep interrupted
2019-10-18 08:19:52,816 [47aecc56-7e95-480d-b89c-2c00d33b4782@group-5EC277DF3249-LeaderElection32] INFO  impl.LeaderElection (LeaderElection.java:logAndReturn(56)) - 47aecc56-7e95-480d-b89c-2c00d33b4782@group-5EC277DF3249-LeaderElection32: Election REJECTED; received 2 response(s) [47aecc56-7e95-480d-b89c-2c00d33b4782<-1bc296c6-def6-4ae4-8c62-5b4c951a28f1#0:FAIL-t18, 47aecc56-7e95-480d-b89c-2c00d33b4782<-bc0382cc-50e2-4d58-b2de-e8b6250f3520#0:FAIL-t18] and 0 exception(s); 47aecc56-7e95-480d-b89c-2c00d33b4782@group-5EC277DF3249:t18, leader=null, voted=47aecc56-7e95-480d-b89c-2c00d33b4782, raftlog=47aecc56-7e95-480d-b89c-2c00d33b4782@group-5EC277DF3249-SegmentedRaftLog:OPENED:c-1,f-1,i0, conf=-1: [47aecc56-7e95-480d-b89c-2c00d33b4782:192.168.69.67:34550, 1bc296c6-def6-4ae4-8c62-5b4c951a28f1:192.168.69.67:37222, bc0382cc-50e2-4d58-b2de-e8b6250f3520:192.168.69.67:37666], old=null
2019-10-18 08:19:52,816 [47aecc56-7e95-480d-b89c-2c00d33b4782@group-5EC277DF3249-LeaderElection32] INFO  impl.RaftServerImpl (RaftServerImpl.java:setRole(184)) - 47aecc56-7e95-480d-b89c-2c00d33b4782@group-5EC277DF3249: changes role from CANDIDATE to FOLLOWER at term 18 for DISCOVERED_A_NEW_TERM
2019-10-18 08:19:52,818 [47aecc56-7e95-480d-b89c-2c00d33b4782@group-5EC277DF3249-LeaderElection32] INFO  impl.RoleInfo (RoleInfo.java:shutdownLeaderElection(134)) - 47aecc56-7e95-480d-b89c-2c00d33b4782: shutdown LeaderElection
2019-10-18 08:19:52,818 [47aecc56-7e95-480d-b89c-2c00d33b4782@group-5EC277DF3249-LeaderElection32] INFO  impl.RoleInfo (RoleInfo.java:updateAndGet(143)) - 47aecc56-7e95-480d-b89c-2c00d33b4782: start FollowerState
2019-10-18 08:19:53,009 [Thread-854] INFO  impl.FollowerState (FollowerState.java:run(108)) - 47aecc56-7e95-480d-b89c-2c00d33b4782@group-5EC277DF3249-FollowerState: change to CANDIDATE, lastRpcTime:190ms, electionTimeout:189ms
2019-10-18 08:19:53,011 [Thread-854] INFO  impl.RoleInfo (RoleInfo.java:shutdownFollowerState(121)) - 47aecc56-7e95-480d-b89c-2c00d33b4782: shutdown FollowerState
2019-10-18 08:19:53,011 [Thread-854] INFO  impl.RaftServerImpl (RaftServerImpl.java:setRole(184)) - 47aecc56-7e95-480d-b89c-2c00d33b4782@group-5EC277DF3249: changes role from  FOLLOWER to CANDIDATE at term 18 for changeToCandidate
2019-10-18 08:19:53,012 [Thread-854] INFO  impl.RoleInfo (RoleInfo.java:updateAndGet(143)) - 47aecc56-7e95-480d-b89c-2c00d33b4782: start LeaderElection
2019-10-18 08:19:53,025 [47aecc56-7e95-480d-b89c-2c00d33b4782@group-5EC277DF3249-LeaderElection33] INFO  impl.LeaderElection (LeaderElection.java:askForVotes(178)) - 47aecc56-7e95-480d-b89c-2c00d33b4782@group-5EC277DF3249-LeaderElection33: begin an election at term 19 for -1: [47aecc56-7e95-480d-b89c-2c00d33b4782:192.168.69.67:34550, 1bc296c6-def6-4ae4-8c62-5b4c951a28f1:192.168.69.67:37222, bc0382cc-50e2-4d58-b2de-e8b6250f3520:192.168.69.67:37666], old=null
2019-10-18 08:19:53,027 [grpc-default-executor-3] INFO  impl.RaftServerImpl (RaftServerImpl.java:setRole(184)) - bc0382cc-50e2-4d58-b2de-e8b6250f3520@group-5EC277DF3249: changes role from  FOLLOWER to FOLLOWER at term 19 for recognizeCandidate:47aecc56-7e95-480d-b89c-2c00d33b4782
2019-10-18 08:19:53,027 [grpc-default-executor-5] INFO  impl.RaftServerImpl (RaftServerImpl.java:setRole(184)) - 1bc296c6-def6-4ae4-8c62-5b4c951a28f1@group-5EC277DF3249: changes role from  FOLLOWER to FOLLOWER at term 19 for recognizeCandidate:47aecc56-7e95-480d-b89c-2c00d33b4782
2019-10-18 08:19:53,028 [grpc-default-executor-3] INFO  impl.RoleInfo (RoleInfo.java:shutdownFollowerState(121)) - bc0382cc-50e2-4d58-b2de-e8b6250f3520: shutdown FollowerState
2019-10-18 08:19:53,028 [grpc-default-executor-5] INFO  impl.RoleInfo (RoleInfo.java:shutdownFollowerState(121)) - 1bc296c6-def6-4ae4-8c62-5b4c951a28f1: shutdown FollowerState
2019-10-18 08:19:53,028 [Thread-853] INFO  impl.FollowerState (FollowerState.java:run(117)) - bc0382cc-50e2-4d58-b2de-e8b6250f3520@group-5EC277DF3249-FollowerState was interrupted: java.lang.InterruptedException: sleep interrupted
2019-10-18 08:19:53,028 [Thread-852] INFO  impl.FollowerState (FollowerState.java:run(117)) - 1bc296c6-def6-4ae4-8c62-5b4c951a28f1@group-5EC277DF3249-FollowerState was interrupted: java.lang.InterruptedException: sleep interrupted
2019-10-18 08:19:53,028 [grpc-default-executor-3] INFO  impl.RoleInfo (RoleInfo.java:updateAndGet(143)) - bc0382cc-50e2-4d58-b2de-e8b6250f3520: start FollowerState
2019-10-18 08:19:53,028 [grpc-default-executor-5] INFO  impl.RoleInfo (RoleInfo.java:updateAndGet(143)) - 1bc296c6-def6-4ae4-8c62-5b4c951a28f1: start FollowerState
2019-10-18 08:19:53,055 [47aecc56-7e95-480d-b89c-2c00d33b4782@group-5EC277DF3249-LeaderElection33] INFO  impl.LeaderElection (LeaderElection.java:logAndReturn(56)) - 47aecc56-7e95-480d-b89c-2c00d33b4782@group-5EC277DF3249-LeaderElection33: Election REJECTED; received 2 response(s) [47aecc56-7e95-480d-b89c-2c00d33b4782<-1bc296c6-def6-4ae4-8c62-5b4c951a28f1#0:FAIL-t19, 47aecc56-7e95-480d-b89c-2c00d33b4782<-bc0382cc-50e2-4d58-b2de-e8b6250f3520#0:FAIL-t19] and 0 exception(s); 47aecc56-7e95-480d-b89c-2c00d33b4782@group-5EC277DF3249:t19, leader=null, voted=47aecc56-7e95-480d-b89c-2c00d33b4782, raftlog=47aecc56-7e95-480d-b89c-2c00d33b4782@group-5EC277DF3249-SegmentedRaftLog:OPENED:c-1,f-1,i0, conf=-1: [47aecc56-7e95-480d-b89c-2c00d33b4782:192.168.69.67:34550, 1bc296c6-def6-4ae4-8c62-5b4c951a28f1:192.168.69.67:37222, bc0382cc-50e2-4d58-b2de-e8b6250f3520:192.168.69.67:37666], old=null
2019-10-18 08:19:53,055 [47aecc56-7e95-480d-b89c-2c00d33b4782@group-5EC277DF3249-LeaderElection33] INFO  impl.RaftServerImpl (RaftServerImpl.java:setRole(184)) - 47aecc56-7e95-480d-b89c-2c00d33b4782@group-5EC277DF3249: changes role from CANDIDATE to FOLLOWER at term 19 for DISCOVERED_A_NEW_TERM
2019-10-18 08:19:53,061 [47aecc56-7e95-480d-b89c-2c00d33b4782@group-5EC277DF3249-LeaderElection33] INFO  impl.RoleInfo (RoleInfo.java:shutdownLeaderElection(134)) - 47aecc56-7e95-480d-b89c-2c00d33b4782: shutdown LeaderElection
2019-10-18 08:19:53,061 [47aecc56-7e95-480d-b89c-2c00d33b4782@group-5EC277DF3249-LeaderElection33] INFO  impl.RoleInfo (RoleInfo.java:updateAndGet(143)) - 47aecc56-7e95-480d-b89c-2c00d33b4782: start FollowerState
2019-10-18 08:19:53,099 [Thread-860] INFO  impl.FollowerState (FollowerState.java:run(108)) - 47aecc56-7e95-480d-b89c-2c00d33b4782@group-5EC277DF3249-FollowerState: change to CANDIDATE, lastRpcTime:38ms, electionTimeout:38ms
2019-10-18 08:19:53,100 [Thread-860] INFO  impl.RoleInfo (RoleInfo.java:shutdownFollowerState(121)) - 47aecc56-7e95-480d-b89c-2c00d33b4782: shutdown FollowerState
2019-10-18 08:19:53,101 [Thread-860] INFO  impl.RaftServerImpl (RaftServerImpl.java:setRole(184)) - 47aecc56-7e95-480d-b89c-2c00d33b4782@group-5EC277DF3249: changes role from  FOLLOWER to CANDIDATE at term 19 for changeToCandidate
2019-10-18 08:19:53,101 [Thread-860] INFO  impl.RoleInfo (RoleInfo.java:updateAndGet(143)) - 47aecc56-7e95-480d-b89c-2c00d33b4782: start LeaderElection
2019-10-18 08:19:53,116 [47aecc56-7e95-480d-b89c-2c00d33b4782@group-5EC277DF3249-LeaderElection34] INFO  impl.LeaderElection (LeaderElection.java:askForVotes(178)) - 47aecc56-7e95-480d-b89c-2c00d33b4782@group-5EC277DF3249-LeaderElection34: begin an election at term 20 for -1: [47aecc56-7e95-480d-b89c-2c00d33b4782:192.168.69.67:34550, 1bc296c6-def6-4ae4-8c62-5b4c951a28f1:192.168.69.67:37222, bc0382cc-50e2-4d58-b2de-e8b6250f3520:192.168.69.67:37666], old=null
2019-10-18 08:19:53,118 [grpc-default-executor-3] INFO  impl.RaftServerImpl (RaftServerImpl.java:setRole(184)) - bc0382cc-50e2-4d58-b2de-e8b6250f3520@group-5EC277DF3249: changes role from  FOLLOWER to FOLLOWER at term 20 for recognizeCandidate:47aecc56-7e95-480d-b89c-2c00d33b4782
2019-10-18 08:19:53,118 [grpc-default-executor-5] INFO  impl.RaftServerImpl (RaftServerImpl.java:setRole(184)) - 1bc296c6-def6-4ae4-8c62-5b4c951a28f1@group-5EC277DF3249: changes role from  FOLLOWER to FOLLOWER at term 20 for recognizeCandidate:47aecc56-7e95-480d-b89c-2c00d33b4782
2019-10-18 08:19:53,118 [grpc-default-executor-3] INFO  impl.RoleInfo (RoleInfo.java:shutdownFollowerState(121)) - bc0382cc-50e2-4d58-b2de-e8b6250f3520: shutdown FollowerState
2019-10-18 08:19:53,118 [grpc-default-executor-5] INFO  impl.RoleInfo (RoleInfo.java:shutdownFollowerState(121)) - 1bc296c6-def6-4ae4-8c62-5b4c951a28f1: shutdown FollowerState
2019-10-18 08:19:53,119 [Thread-858] INFO  impl.FollowerState (FollowerState.java:run(117)) - bc0382cc-50e2-4d58-b2de-e8b6250f3520@group-5EC277DF3249-FollowerState was interrupted: java.lang.InterruptedException: sleep interrupted
2019-10-18 08:19:53,119 [grpc-default-executor-3] INFO  impl.RoleInfo (RoleInfo.java:updateAndGet(143)) - bc0382cc-50e2-4d58-b2de-e8b6250f3520: start FollowerState
2019-10-18 08:19:53,119 [Thread-859] INFO  impl.FollowerState (FollowerState.java:run(117)) - 1bc296c6-def6-4ae4-8c62-5b4c951a28f1@group-5EC277DF3249-FollowerState was interrupted: java.lang.InterruptedException: sleep interrupted
2019-10-18 08:19:53,119 [grpc-default-executor-5] INFO  impl.RoleInfo (RoleInfo.java:updateAndGet(143)) - 1bc296c6-def6-4ae4-8c62-5b4c951a28f1: start FollowerState
2019-10-18 08:19:53,136 [47aecc56-7e95-480d-b89c-2c00d33b4782@group-5EC277DF3249-LeaderElection34] INFO  impl.LeaderElection (LeaderElection.java:logAndReturn(56)) - 47aecc56-7e95-480d-b89c-2c00d33b4782@group-5EC277DF3249-LeaderElection34: Election REJECTED; received 2 response(s) [47aecc56-7e95-480d-b89c-2c00d33b4782<-1bc296c6-def6-4ae4-8c62-5b4c951a28f1#0:FAIL-t20, 47aecc56-7e95-480d-b89c-2c00d33b4782<-bc0382cc-50e2-4d58-b2de-e8b6250f3520#0:FAIL-t20] and 0 exception(s); 47aecc56-7e95-480d-b89c-2c00d33b4782@group-5EC277DF3249:t20, leader=null, voted=47aecc56-7e95-480d-b89c-2c00d33b4782, raftlog=47aecc56-7e95-480d-b89c-2c00d33b4782@group-5EC277DF3249-SegmentedRaftLog:OPENED:c-1,f-1,i0, conf=-1: [47aecc56-7e95-480d-b89c-2c00d33b4782:192.168.69.67:34550, 1bc296c6-def6-4ae4-8c62-5b4c951a28f1:192.168.69.67:37222, bc0382cc-50e2-4d58-b2de-e8b6250f3520:192.168.69.67:37666], old=null
2019-10-18 08:19:53,136 [47aecc56-7e95-480d-b89c-2c00d33b4782@group-5EC277DF3249-LeaderElection34] INFO  impl.RaftServerImpl (RaftServerImpl.java:setRole(184)) - 47aecc56-7e95-480d-b89c-2c00d33b4782@group-5EC277DF3249: changes role from CANDIDATE to FOLLOWER at term 20 for DISCOVERED_A_NEW_TERM
2019-10-18 08:19:53,136 [47aecc56-7e95-480d-b89c-2c00d33b4782@group-5EC277DF3249-LeaderElection34] INFO  impl.RoleInfo (RoleInfo.java:shutdownLeaderElection(134)) - 47aecc56-7e95-480d-b89c-2c00d33b4782: shutdown LeaderElection
2019-10-18 08:19:53,136 [47aecc56-7e95-480d-b89c-2c00d33b4782@group-5EC277DF3249-LeaderElection34] INFO  impl.RoleInfo (RoleInfo.java:updateAndGet(143)) - 47aecc56-7e95-480d-b89c-2c00d33b4782: start FollowerState
2019-10-18 08:19:53,168 [Thread-866] INFO  impl.FollowerState (FollowerState.java:run(108)) - 47aecc56-7e95-480d-b89c-2c00d33b4782@group-5EC277DF3249-FollowerState: change to CANDIDATE, lastRpcTime:31ms, electionTimeout:31ms
2019-10-18 08:19:53,169 [Thread-866] INFO  impl.RoleInfo (RoleInfo.java:shutdownFollowerState(121)) - 47aecc56-7e95-480d-b89c-2c00d33b4782: shutdown FollowerState
2019-10-18 08:19:53,169 [Thread-866] INFO  impl.RaftServerImpl (RaftServerImpl.java:setRole(184)) - 47aecc56-7e95-480d-b89c-2c00d33b4782@group-5EC277DF3249: changes role from  FOLLOWER to CANDIDATE at term 20 for changeToCandidate
2019-10-18 08:19:53,169 [Thread-866] INFO  impl.RoleInfo (RoleInfo.java:updateAndGet(143)) - 47aecc56-7e95-480d-b89c-2c00d33b4782: start LeaderElection
 0.00% |?                                                                                                    |  0/1 Time: 0:04:012019-10-18 08:19:53,183 [47aecc56-7e95-480d-b89c-2c00d33b4782@group-5EC277DF3249-LeaderElection35] INFO  impl.LeaderElection (LeaderElection.java:askForVotes(178)) - 47aecc56-7e95-480d-b89c-2c00d33b4782@group-5EC277DF3249-LeaderElection35: begin an election at term 21 for -1: [47aecc56-7e95-480d-b89c-2c00d33b4782:192.168.69.67:34550, 1bc296c6-def6-4ae4-8c62-5b4c951a28f1:192.168.69.67:37222, bc0382cc-50e2-4d58-b2de-e8b6250f3520:192.168.69.67:37666], old=null
2019-10-18 08:19:53,185 [grpc-default-executor-3] INFO  impl.RaftServerImpl (RaftServerImpl.java:setRole(184)) - 1bc296c6-def6-4ae4-8c62-5b4c951a28f1@group-5EC277DF3249: changes role from  FOLLOWER to FOLLOWER at term 21 for recognizeCandidate:47aecc56-7e95-480d-b89c-2c00d33b4782
2019-10-18 08:19:53,185 [grpc-default-executor-5] INFO  impl.RaftServerImpl (RaftServerImpl.java:setRole(184)) - bc0382cc-50e2-4d58-b2de-e8b6250f3520@group-5EC277DF3249: changes role from  FOLLOWER to FOLLOWER at term 21 for recognizeCandidate:47aecc56-7e95-480d-b89c-2c00d33b4782
2019-10-18 08:19:53,185 [grpc-default-executor-3] INFO  impl.RoleInfo (RoleInfo.java:shutdownFollowerState(121)) - 1bc296c6-def6-4ae4-8c62-5b4c951a28f1: shutdown FollowerState
2019-10-18 08:19:53,185 [grpc-default-executor-5] INFO  impl.RoleInfo (RoleInfo.java:shutdownFollowerState(121)) - bc0382cc-50e2-4d58-b2de-e8b6250f3520: shutdown FollowerState
2019-10-18 08:19:53,185 [Thread-865] INFO  impl.FollowerState (FollowerState.java:run(117)) - 1bc296c6-def6-4ae4-8c62-5b4c951a28f1@group-5EC277DF3249-FollowerState was interrupted: java.lang.InterruptedException: sleep interrupted
2019-10-18 08:19:53,185 [grpc-default-executor-3] INFO  impl.RoleInfo (RoleInfo.java:updateAndGet(143)) - 1bc296c6-def6-4ae4-8c62-5b4c951a28f1: start FollowerState
2019-10-18 08:19:53,186 [Thread-864] INFO  impl.FollowerState (FollowerState.java:run(117)) - bc0382cc-50e2-4d58-b2de-e8b6250f3520@group-5EC277DF3249-FollowerState was interrupted: java.lang.InterruptedException: sleep interrupted
2019-10-18 08:19:53,186 [grpc-default-executor-5] INFO  impl.RoleInfo (RoleInfo.java:updateAndGet(143)) - bc0382cc-50e2-4d58-b2de-e8b6250f3520: start FollowerState
2019-10-18 08:19:53,199 [47aecc56-7e95-480d-b89c-2c00d33b4782@group-5EC277DF3249-LeaderElection35] INFO  impl.LeaderElection (LeaderElection.java:logAndReturn(56)) - 47aecc56-7e95-480d-b89c-2c00d33b4782@group-5EC277DF3249-LeaderElection35: Election REJECTED; received 2 response(s) [47aecc56-7e95-480d-b89c-2c00d33b4782<-1bc296c6-def6-4ae4-8c62-5b4c951a28f1#0:FAIL-t21, 47aecc56-7e95-480d-b89c-2c00d33b4782<-bc0382cc-50e2-4d58-b2de-e8b6250f3520#0:FAIL-t21] and 0 exception(s); 47aecc56-7e95-480d-b89c-2c00d33b4782@group-5EC277DF3249:t21, leader=null, voted=47aecc56-7e95-480d-b89c-2c00d33b4782, raftlog=47aecc56-7e95-480d-b89c-2c00d33b4782@group-5EC277DF3249-SegmentedRaftLog:OPENED:c-1,f-1,i0, conf=-1: [47aecc56-7e95-480d-b89c-2c00d33b4782:192.168.69.67:34550, 1bc296c6-def6-4ae4-8c62-5b4c951a28f1:192.168.69.67:37222, bc0382cc-50e2-4d58-b2de-e8b6250f3520:192.168.69.67:37666], old=null
2019-10-18 08:19:53,199 [47aecc56-7e95-480d-b89c-2c00d33b4782@group-5EC277DF3249-LeaderElection35] INFO  impl.RaftServerImpl (RaftServerImpl.java:setRole(184)) - 47aecc56-7e95-480d-b89c-2c00d33b4782@group-5EC277DF3249: changes role from CANDIDATE to FOLLOWER at term 21 for DISCOVERED_A_NEW_TERM
2019-10-18 08:19:53,199 [47aecc56-7e95-480d-b89c-2c00d33b4782@group-5EC277DF3249-LeaderElection35] INFO  impl.RoleInfo (RoleInfo.java:shutdownLeaderElection(134)) - 47aecc56-7e95-480d-b89c-2c00d33b4782: shutdown LeaderElection
2019-10-18 08:19:53,200 [47aecc56-7e95-480d-b89c-2c00d33b4782@group-5EC277DF3249-LeaderElection35] INFO  impl.RoleInfo (RoleInfo.java:updateAndGet(143)) - 47aecc56-7e95-480d-b89c-2c00d33b4782: start FollowerState
2019-10-18 08:19:53,202 [EventQueue-PipelineReportForPipelineReportHandler] INFO  pipeline.PipelineReportHandler (PipelineReportHandler.java:processPipelineReport(119)) - Pipeline PipelineID=1f660cd7-f642-4e1e-aef0-5ec277df3249 reported by 47aecc56-7e95-480d-b89c-2c00d33b4782{ip: 192.168.69.67, host: pr-hdds-1868-wx8dl-4219780377, networkLocation: /default-rack, certSerialId: null} with leaderId 
2019-10-18 08:19:53,321 [Thread-872] INFO  impl.FollowerState (FollowerState.java:run(108)) - 47aecc56-7e95-480d-b89c-2c00d33b4782@group-5EC277DF3249-FollowerState: change to CANDIDATE, lastRpcTime:121ms, electionTimeout:121ms
2019-10-18 08:19:53,321 [Thread-872] INFO  impl.RoleInfo (RoleInfo.java:shutdownFollowerState(121)) - 47aecc56-7e95-480d-b89c-2c00d33b4782: shutdown FollowerState
2019-10-18 08:19:53,321 [Thread-872] INFO  impl.RaftServerImpl (RaftServerImpl.java:setRole(184)) - 47aecc56-7e95-480d-b89c-2c00d33b4782@group-5EC277DF3249: changes role from  FOLLOWER to CANDIDATE at term 21 for changeToCandidate
2019-10-18 08:19:53,321 [Thread-872] INFO  impl.RoleInfo (RoleInfo.java:updateAndGet(143)) - 47aecc56-7e95-480d-b89c-2c00d33b4782: start LeaderElection
2019-10-18 08:19:53,335 [47aecc56-7e95-480d-b89c-2c00d33b4782@group-5EC277DF3249-LeaderElection36] INFO  impl.LeaderElection (LeaderElection.java:askForVotes(178)) - 47aecc56-7e95-480d-b89c-2c00d33b4782@group-5EC277DF3249-LeaderElection36: begin an election at term 22 for -1: [47aecc56-7e95-480d-b89c-2c00d33b4782:192.168.69.67:34550, 1bc296c6-def6-4ae4-8c62-5b4c951a28f1:192.168.69.67:37222, bc0382cc-50e2-4d58-b2de-e8b6250f3520:192.168.69.67:37666], old=null
2019-10-18 08:19:53,337 [grpc-default-executor-3] INFO  impl.RaftServerImpl (RaftServerImpl.java:setRole(184)) - bc0382cc-50e2-4d58-b2de-e8b6250f3520@group-5EC277DF3249: changes role from  FOLLOWER to FOLLOWER at term 22 for recognizeCandidate:47aecc56-7e95-480d-b89c-2c00d33b4782
2019-10-18 08:19:53,337 [grpc-default-executor-5] INFO  impl.RaftServerImpl (RaftServerImpl.java:setRole(184)) - 1bc296c6-def6-4ae4-8c62-5b4c951a28f1@group-5EC277DF3249: changes role from  FOLLOWER to FOLLOWER at term 22 for recognizeCandidate:47aecc56-7e95-480d-b89c-2c00d33b4782
2019-10-18 08:19:53,337 [grpc-default-executor-3] INFO  impl.RoleInfo (RoleInfo.java:shutdownFollowerState(121)) - bc0382cc-50e2-4d58-b2de-e8b6250f3520: shutdown FollowerState
2019-10-18 08:19:53,337 [grpc-default-executor-5] INFO  impl.RoleInfo (RoleInfo.java:shutdownFollowerState(121)) - 1bc296c6-def6-4ae4-8c62-5b4c951a28f1: shutdown FollowerState
2019-10-18 08:19:53,337 [Thread-871] INFO  impl.FollowerState (FollowerState.java:run(117)) - bc0382cc-50e2-4d58-b2de-e8b6250f3520@group-5EC277DF3249-FollowerState was interrupted: java.lang.InterruptedException: sleep interrupted
2019-10-18 08:19:53,337 [grpc-default-executor-5] INFO  impl.RoleInfo (RoleInfo.java:updateAndGet(143)) - 1bc296c6-def6-4ae4-8c62-5b4c951a28f1: start FollowerState
2019-10-18 08:19:53,337 [grpc-default-executor-3] INFO  impl.RoleInfo (RoleInfo.java:updateAndGet(143)) - bc0382cc-50e2-4d58-b2de-e8b6250f3520: start FollowerState
2019-10-18 08:19:53,337 [Thread-870] INFO  impl.FollowerState (FollowerState.java:run(117)) - 1bc296c6-def6-4ae4-8c62-5b4c951a28f1@group-5EC277DF3249-FollowerState was interrupted: java.lang.InterruptedException: sleep interrupted
2019-10-18 08:19:53,353 [47aecc56-7e95-480d-b89c-2c00d33b4782@group-5EC277DF3249-LeaderElection36] INFO  impl.LeaderElection (LeaderElection.java:logAndReturn(56)) - 47aecc56-7e95-480d-b89c-2c00d33b4782@group-5EC277DF3249-LeaderElection36: Election REJECTED; received 2 response(s) [47aecc56-7e95-480d-b89c-2c00d33b4782<-1bc296c6-def6-4ae4-8c62-5b4c951a28f1#0:FAIL-t22, 47aecc56-7e95-480d-b89c-2c00d33b4782<-bc0382cc-50e2-4d58-b2de-e8b6250f3520#0:FAIL-t22] and 0 exception(s); 47aecc56-7e95-480d-b89c-2c00d33b4782@group-5EC277DF3249:t22, leader=null, voted=47aecc56-7e95-480d-b89c-2c00d33b4782, raftlog=47aecc56-7e95-480d-b89c-2c00d33b4782@group-5EC277DF3249-SegmentedRaftLog:OPENED:c-1,f-1,i0, conf=-1: [47aecc56-7e95-480d-b89c-2c00d33b4782:192.168.69.67:34550, 1bc296c6-def6-4ae4-8c62-5b4c951a28f1:192.168.69.67:37222, bc0382cc-50e2-4d58-b2de-e8b6250f3520:192.168.69.67:37666], old=null
2019-10-18 08:19:53,353 [47aecc56-7e95-480d-b89c-2c00d33b4782@group-5EC277DF3249-LeaderElection36] INFO  impl.RaftServerImpl (RaftServerImpl.java:setRole(184)) - 47aecc56-7e95-480d-b89c-2c00d33b4782@group-5EC277DF3249: changes role from CANDIDATE to FOLLOWER at term 22 for DISCOVERED_A_NEW_TERM
2019-10-18 08:19:53,354 [47aecc56-7e95-480d-b89c-2c00d33b4782@group-5EC277DF3249-LeaderElection36] INFO  impl.RoleInfo (RoleInfo.java:shutdownLeaderElection(134)) - 47aecc56-7e95-480d-b89c-2c00d33b4782: shutdown LeaderElection
2019-10-18 08:19:53,354 [47aecc56-7e95-480d-b89c-2c00d33b4782@group-5EC277DF3249-LeaderElection36] INFO  impl.RoleInfo (RoleInfo.java:updateAndGet(143)) - 47aecc56-7e95-480d-b89c-2c00d33b4782: start FollowerState
2019-10-18 08:19:53,408 [Thread-878] INFO  impl.FollowerState (FollowerState.java:run(108)) - 47aecc56-7e95-480d-b89c-2c00d33b4782@group-5EC277DF3249-FollowerState: change to CANDIDATE, lastRpcTime:54ms, electionTimeout:54ms
2019-10-18 08:19:53,410 [Thread-878] INFO  impl.RoleInfo (RoleInfo.java:shutdownFollowerState(121)) - 47aecc56-7e95-480d-b89c-2c00d33b4782: shutdown FollowerState
2019-10-18 08:19:53,410 [Thread-878] INFO  impl.RaftServerImpl (RaftServerImpl.java:setRole(184)) - 47aecc56-7e95-480d-b89c-2c00d33b4782@group-5EC277DF3249: changes role from  FOLLOWER to CANDIDATE at term 22 for changeToCandidate
2019-10-18 08:19:53,410 [Thread-878] INFO  impl.RoleInfo (RoleInfo.java:updateAndGet(143)) - 47aecc56-7e95-480d-b89c-2c00d33b4782: start LeaderElection
2019-10-18 08:19:53,424 [47aecc56-7e95-480d-b89c-2c00d33b4782@group-5EC277DF3249-LeaderElection37] INFO  impl.LeaderElection (LeaderElection.java:askForVotes(178)) - 47aecc56-7e95-480d-b89c-2c00d33b4782@group-5EC277DF3249-LeaderElection37: begin an election at term 23 for -1: [47aecc56-7e95-480d-b89c-2c00d33b4782:192.168.69.67:34550, 1bc296c6-def6-4ae4-8c62-5b4c951a28f1:192.168.69.67:37222, bc0382cc-50e2-4d58-b2de-e8b6250f3520:192.168.69.67:37666], old=null
2019-10-18 08:19:53,426 [grpc-default-executor-5] INFO  impl.RaftServerImpl (RaftServerImpl.java:setRole(184)) - 1bc296c6-def6-4ae4-8c62-5b4c951a28f1@group-5EC277DF3249: changes role from  FOLLOWER to FOLLOWER at term 23 for recognizeCandidate:47aecc56-7e95-480d-b89c-2c00d33b4782
2019-10-18 08:19:53,426 [grpc-default-executor-3] INFO  impl.RaftServerImpl (RaftServerImpl.java:setRole(184)) - bc0382cc-50e2-4d58-b2de-e8b6250f3520@group-5EC277DF3249: changes role from  FOLLOWER to FOLLOWER at term 23 for recognizeCandidate:47aecc56-7e95-480d-b89c-2c00d33b4782
2019-10-18 08:19:53,427 [grpc-default-executor-5] INFO  impl.RoleInfo (RoleInfo.java:shutdownFollowerState(121)) - 1bc296c6-def6-4ae4-8c62-5b4c951a28f1: shutdown FollowerState
2019-10-18 08:19:53,427 [grpc-default-executor-3] INFO  impl.RoleInfo (RoleInfo.java:shutdownFollowerState(121)) - bc0382cc-50e2-4d58-b2de-e8b6250f3520: shutdown FollowerState
2019-10-18 08:19:53,427 [grpc-default-executor-5] INFO  impl.RoleInfo (RoleInfo.java:updateAndGet(143)) - 1bc296c6-def6-4ae4-8c62-5b4c951a28f1: start FollowerState
2019-10-18 08:19:53,427 [Thread-877] INFO  impl.FollowerState (FollowerState.java:run(117)) - 1bc296c6-def6-4ae4-8c62-5b4c951a28f1@group-5EC277DF3249-FollowerState was interrupted: java.lang.InterruptedException: sleep interrupted
2019-10-18 08:19:53,427 [grpc-default-executor-3] INFO  impl.RoleInfo (RoleInfo.java:updateAndGet(143)) - bc0382cc-50e2-4d58-b2de-e8b6250f3520: start FollowerState
2019-10-18 08:19:53,427 [Thread-876] INFO  impl.FollowerState (FollowerState.java:run(117)) - bc0382cc-50e2-4d58-b2de-e8b6250f3520@group-5EC277DF3249-FollowerState was interrupted: java.lang.InterruptedException: sleep interrupted
2019-10-18 08:19:53,442 [47aecc56-7e95-480d-b89c-2c00d33b4782@group-5EC277DF3249-LeaderElection37] INFO  impl.LeaderElection (LeaderElection.java:logAndReturn(56)) - 47aecc56-7e95-480d-b89c-2c00d33b4782@group-5EC277DF3249-LeaderElection37: Election REJECTED; received 2 response(s) [47aecc56-7e95-480d-b89c-2c00d33b4782<-1bc296c6-def6-4ae4-8c62-5b4c951a28f1#0:FAIL-t23, 47aecc56-7e95-480d-b89c-2c00d33b4782<-bc0382cc-50e2-4d58-b2de-e8b6250f3520#0:FAIL-t23] and 0 exception(s); 47aecc56-7e95-480d-b89c-2c00d33b4782@group-5EC277DF3249:t23, leader=null, voted=47aecc56-7e95-480d-b89c-2c00d33b4782, raftlog=47aecc56-7e95-480d-b89c-2c00d33b4782@group-5EC277DF3249-SegmentedRaftLog:OPENED:c-1,f-1,i0, conf=-1: [47aecc56-7e95-480d-b89c-2c00d33b4782:192.168.69.67:34550, 1bc296c6-def6-4ae4-8c62-5b4c951a28f1:192.168.69.67:37222, bc0382cc-50e2-4d58-b2de-e8b6250f3520:192.168.69.67:37666], old=null
2019-10-18 08:19:53,443 [47aecc56-7e95-480d-b89c-2c00d33b4782@group-5EC277DF3249-LeaderElection37] INFO  impl.RaftServerImpl (RaftServerImpl.java:setRole(184)) - 47aecc56-7e95-480d-b89c-2c00d33b4782@group-5EC277DF3249: changes role from CANDIDATE to FOLLOWER at term 23 for DISCOVERED_A_NEW_TERM
2019-10-18 08:19:53,443 [47aecc56-7e95-480d-b89c-2c00d33b4782@group-5EC277DF3249-LeaderElection37] INFO  impl.RoleInfo (RoleInfo.java:shutdownLeaderElection(134)) - 47aecc56-7e95-480d-b89c-2c00d33b4782: shutdown LeaderElection
2019-10-18 08:19:53,443 [47aecc56-7e95-480d-b89c-2c00d33b4782@group-5EC277DF3249-LeaderElection37] INFO  impl.RoleInfo (RoleInfo.java:updateAndGet(143)) - 47aecc56-7e95-480d-b89c-2c00d33b4782: start FollowerState
2019-10-18 08:19:53,451 [Thread-884] INFO  impl.FollowerState (FollowerState.java:run(108)) - 47aecc56-7e95-480d-b89c-2c00d33b4782@group-5EC277DF3249-FollowerState: change to CANDIDATE, lastRpcTime:8ms, electionTimeout:8ms
2019-10-18 08:19:53,453 [Thread-884] INFO  impl.RoleInfo (RoleInfo.java:shutdownFollowerState(121)) - 47aecc56-7e95-480d-b89c-2c00d33b4782: shutdown FollowerState
2019-10-18 08:19:53,453 [Thread-884] INFO  impl.RaftServerImpl (RaftServerImpl.java:setRole(184)) - 47aecc56-7e95-480d-b89c-2c00d33b4782@group-5EC277DF3249: changes role from  FOLLOWER to CANDIDATE at term 23 for changeToCandidate
2019-10-18 08:19:53,453 [Thread-884] INFO  impl.RoleInfo (RoleInfo.java:updateAndGet(143)) - 47aecc56-7e95-480d-b89c-2c00d33b4782: start LeaderElection
2019-10-18 08:19:53,466 [47aecc56-7e95-480d-b89c-2c00d33b4782@group-5EC277DF3249-LeaderElection38] INFO  impl.LeaderElection (LeaderElection.java:askForVotes(178)) - 47aecc56-7e95-480d-b89c-2c00d33b4782@group-5EC277DF3249-LeaderElection38: begin an election at term 24 for -1: [47aecc56-7e95-480d-b89c-2c00d33b4782:192.168.69.67:34550, 1bc296c6-def6-4ae4-8c62-5b4c951a28f1:192.168.69.67:37222, bc0382cc-50e2-4d58-b2de-e8b6250f3520:192.168.69.67:37666], old=null
2019-10-18 08:19:53,468 [grpc-default-executor-5] INFO  impl.RaftServerImpl (RaftServerImpl.java:setRole(184)) - 1bc296c6-def6-4ae4-8c62-5b4c951a28f1@group-5EC277DF3249: changes role from  FOLLOWER to FOLLOWER at term 24 for recognizeCandidate:47aecc56-7e95-480d-b89c-2c00d33b4782
2019-10-18 08:19:53,468 [grpc-default-executor-5] INFO  impl.RoleInfo (RoleInfo.java:shutdownFollowerState(121)) - 1bc296c6-def6-4ae4-8c62-5b4c951a28f1: shutdown FollowerState
2019-10-18 08:19:53,468 [grpc-default-executor-3] INFO  impl.RaftServerImpl (RaftServerImpl.java:setRole(184)) - bc0382cc-50e2-4d58-b2de-e8b6250f3520@group-5EC277DF3249: changes role from  FOLLOWER to FOLLOWER at term 24 for recognizeCandidate:47aecc56-7e95-480d-b89c-2c00d33b4782
2019-10-18 08:19:53,468 [grpc-default-executor-5] INFO  impl.RoleInfo (RoleInfo.java:updateAndGet(143)) - 1bc296c6-def6-4ae4-8c62-5b4c951a28f1: start FollowerState
2019-10-18 08:19:53,468 [Thread-882] INFO  impl.FollowerState (FollowerState.java:run(117)) - 1bc296c6-def6-4ae4-8c62-5b4c951a28f1@group-5EC277DF3249-FollowerState was interrupted: java.lang.InterruptedException: sleep interrupted
2019-10-18 08:19:53,468 [grpc-default-executor-3] INFO  impl.RoleInfo (RoleInfo.java:shutdownFollowerState(121)) - bc0382cc-50e2-4d58-b2de-e8b6250f3520: shutdown FollowerState
2019-10-18 08:19:53,469 [Thread-883] INFO  impl.FollowerState (FollowerState.java:run(117)) - bc0382cc-50e2-4d58-b2de-e8b6250f3520@group-5EC277DF3249-FollowerState was interrupted: java.lang.InterruptedException: sleep interrupted
2019-10-18 08:19:53,469 [grpc-default-executor-3] INFO  impl.RoleInfo (RoleInfo.java:updateAndGet(143)) - bc0382cc-50e2-4d58-b2de-e8b6250f3520: start FollowerState
2019-10-18 08:19:53,470 [47aecc56-7e95-480d-b89c-2c00d33b4782@group-5EC277DF3249-LeaderElection38] INFO  impl.LeaderElection (LeaderElection.java:logAndReturn(56)) - 47aecc56-7e95-480d-b89c-2c00d33b4782@group-5EC277DF3249-LeaderElection38: Election TIMEOUT; received 0 response(s) [] and 0 exception(s); 47aecc56-7e95-480d-b89c-2c00d33b4782@group-5EC277DF3249:t24, leader=null, voted=47aecc56-7e95-480d-b89c-2c00d33b4782, raftlog=47aecc56-7e95-480d-b89c-2c00d33b4782@group-5EC277DF3249-SegmentedRaftLog:OPENED:c-1,f-1,i0, conf=-1: [47aecc56-7e95-480d-b89c-2c00d33b4782:192.168.69.67:34550, 1bc296c6-def6-4ae4-8c62-5b4c951a28f1:192.168.69.67:37222, bc0382cc-50e2-4d58-b2de-e8b6250f3520:192.168.69.67:37666], old=null
2019-10-18 08:19:53,493 [47aecc56-7e95-480d-b89c-2c00d33b4782@group-5EC277DF3249-LeaderElection38] INFO  impl.LeaderElection (LeaderElection.java:askForVotes(178)) - 47aecc56-7e95-480d-b89c-2c00d33b4782@group-5EC277DF3249-LeaderElection38: begin an election at term 25 for -1: [47aecc56-7e95-480d-b89c-2c00d33b4782:192.168.69.67:34550, 1bc296c6-def6-4ae4-8c62-5b4c951a28f1:192.168.69.67:37222, bc0382cc-50e2-4d58-b2de-e8b6250f3520:192.168.69.67:37666], old=null
2019-10-18 08:19:53,495 [grpc-default-executor-5] INFO  impl.RaftServerImpl (RaftServerImpl.java:setRole(184)) - 1bc296c6-def6-4ae4-8c62-5b4c951a28f1@group-5EC277DF3249: changes role from  FOLLOWER to FOLLOWER at term 25 for recognizeCandidate:47aecc56-7e95-480d-b89c-2c00d33b4782
2019-10-18 08:19:53,496 [grpc-default-executor-5] INFO  impl.RoleInfo (RoleInfo.java:shutdownFollowerState(121)) - 1bc296c6-def6-4ae4-8c62-5b4c951a28f1: shutdown FollowerState
2019-10-18 08:19:53,496 [grpc-default-executor-3] INFO  impl.RaftServerImpl (RaftServerImpl.java:setRole(184)) - bc0382cc-50e2-4d58-b2de-e8b6250f3520@group-5EC277DF3249: changes role from  FOLLOWER to FOLLOWER at term 25 for recognizeCandidate:47aecc56-7e95-480d-b89c-2c00d33b4782
2019-10-18 08:19:53,496 [Thread-888] INFO  impl.FollowerState (FollowerState.java:run(117)) - 1bc296c6-def6-4ae4-8c62-5b4c951a28f1@group-5EC277DF3249-FollowerState was interrupted: java.lang.InterruptedException: sleep interrupted
2019-10-18 08:19:53,496 [grpc-default-executor-5] INFO  impl.RoleInfo (RoleInfo.java:updateAndGet(143)) - 1bc296c6-def6-4ae4-8c62-5b4c951a28f1: start FollowerState
2019-10-18 08:19:53,496 [grpc-default-executor-3] INFO  impl.RoleInfo (RoleInfo.java:shutdownFollowerState(121)) - bc0382cc-50e2-4d58-b2de-e8b6250f3520: shutdown FollowerState
2019-10-18 08:19:53,497 [grpc-default-executor-3] INFO  impl.RoleInfo (RoleInfo.java:updateAndGet(143)) - bc0382cc-50e2-4d58-b2de-e8b6250f3520: start FollowerState
2019-10-18 08:19:53,497 [Thread-889] INFO  impl.FollowerState (FollowerState.java:run(117)) - bc0382cc-50e2-4d58-b2de-e8b6250f3520@group-5EC277DF3249-FollowerState was interrupted: java.lang.InterruptedException: sleep interrupted
2019-10-18 08:19:53,511 [47aecc56-7e95-480d-b89c-2c00d33b4782@group-5EC277DF3249-LeaderElection38] INFO  impl.LeaderElection (LeaderElection.java:logAndReturn(56)) - 47aecc56-7e95-480d-b89c-2c00d33b4782@group-5EC277DF3249-LeaderElection38: Election REJECTED; received 2 response(s) [47aecc56-7e95-480d-b89c-2c00d33b4782<-1bc296c6-def6-4ae4-8c62-5b4c951a28f1#0:FAIL-t25, 47aecc56-7e95-480d-b89c-2c00d33b4782<-bc0382cc-50e2-4d58-b2de-e8b6250f3520#0:FAIL-t25] and 0 exception(s); 47aecc56-7e95-480d-b89c-2c00d33b4782@group-5EC277DF3249:t25, leader=null, voted=47aecc56-7e95-480d-b89c-2c00d33b4782, raftlog=47aecc56-7e95-480d-b89c-2c00d33b4782@group-5EC277DF3249-SegmentedRaftLog:OPENED:c-1,f-1,i0, conf=-1: [47aecc56-7e95-480d-b89c-2c00d33b4782:192.168.69.67:34550, 1bc296c6-def6-4ae4-8c62-5b4c951a28f1:192.168.69.67:37222, bc0382cc-50e2-4d58-b2de-e8b6250f3520:192.168.69.67:37666], old=null
2019-10-18 08:19:53,511 [47aecc56-7e95-480d-b89c-2c00d33b4782@group-5EC277DF3249-LeaderElection38] INFO  impl.RaftServerImpl (RaftServerImpl.java:setRole(184)) - 47aecc56-7e95-480d-b89c-2c00d33b4782@group-5EC277DF3249: changes role from CANDIDATE to FOLLOWER at term 25 for DISCOVERED_A_NEW_TERM
2019-10-18 08:19:53,511 [47aecc56-7e95-480d-b89c-2c00d33b4782@group-5EC277DF3249-LeaderElection38] INFO  impl.RoleInfo (RoleInfo.java:shutdownLeaderElection(134)) - 47aecc56-7e95-480d-b89c-2c00d33b4782: shutdown LeaderElection
2019-10-18 08:19:53,511 [47aecc56-7e95-480d-b89c-2c00d33b4782@group-5EC277DF3249-LeaderElection38] INFO  impl.RoleInfo (RoleInfo.java:updateAndGet(143)) - 47aecc56-7e95-480d-b89c-2c00d33b4782: start FollowerState
2019-10-18 08:19:53,544 [java.util.concurrent.ThreadPoolExecutor$Worker@6d84de07[State = -1, empty queue]] WARN  server.GrpcLogAppender (GrpcLogAppender.java:timeoutAppendRequest(209)) - 1bc296c6-def6-4ae4-8c62-5b4c951a28f1@group-5EC277DF3249->bc0382cc-50e2-4d58-b2de-e8b6250f3520-GrpcLogAppender: appendEntries Timeout, request=1bc296c6-def6-4ae4-8c62-5b4c951a28f1->bc0382cc-50e2-4d58-b2de-e8b6250f3520#1-t1, previous=(t:0, i:0), leaderCommit=-1, initializing? false, entries: size=1, first=(t:1, i:0), CONFIGURATIONENTRY
2019-10-18 08:19:53,596 [Thread-894] INFO  impl.FollowerState (FollowerState.java:run(108)) - 47aecc56-7e95-480d-b89c-2c00d33b4782@group-5EC277DF3249-FollowerState: change to CANDIDATE, lastRpcTime:85ms, electionTimeout:85ms
2019-10-18 08:19:53,596 [Thread-894] INFO  impl.RoleInfo (RoleInfo.java:shutdownFollowerState(121)) - 47aecc56-7e95-480d-b89c-2c00d33b4782: shutdown FollowerState
2019-10-18 08:19:53,597 [Thread-894] INFO  impl.RaftServerImpl (RaftServerImpl.java:setRole(184)) - 47aecc56-7e95-480d-b89c-2c00d33b4782@group-5EC277DF3249: changes role from  FOLLOWER to CANDIDATE at term 25 for changeToCandidate
2019-10-18 08:19:53,597 [Thread-894] INFO  impl.RoleInfo (RoleInfo.java:updateAndGet(143)) - 47aecc56-7e95-480d-b89c-2c00d33b4782: start LeaderElection
2019-10-18 08:19:53,610 [47aecc56-7e95-480d-b89c-2c00d33b4782@group-5EC277DF3249-LeaderElection39] INFO  impl.LeaderElection (LeaderElection.java:askForVotes(178)) - 47aecc56-7e95-480d-b89c-2c00d33b4782@group-5EC277DF3249-LeaderElection39: begin an election at term 26 for -1: [47aecc56-7e95-480d-b89c-2c00d33b4782:192.168.69.67:34550, 1bc296c6-def6-4ae4-8c62-5b4c951a28f1:192.168.69.67:37222, bc0382cc-50e2-4d58-b2de-e8b6250f3520:192.168.69.67:37666], old=null
2019-10-18 08:19:53,614 [grpc-default-executor-5] INFO  impl.RaftServerImpl (RaftServerImpl.java:setRole(184)) - bc0382cc-50e2-4d58-b2de-e8b6250f3520@group-5EC277DF3249: changes role from  FOLLOWER to FOLLOWER at term 26 for recognizeCandidate:47aecc56-7e95-480d-b89c-2c00d33b4782
2019-10-18 08:19:53,614 [grpc-default-executor-5] INFO  impl.RoleInfo (RoleInfo.java:shutdownFollowerState(121)) - bc0382cc-50e2-4d58-b2de-e8b6250f3520: shutdown FollowerState
2019-10-18 08:19:53,614 [grpc-default-executor-5] INFO  impl.RoleInfo (RoleInfo.java:updateAndGet(143)) - bc0382cc-50e2-4d58-b2de-e8b6250f3520: start FollowerState
2019-10-18 08:19:53,614 [Thread-893] INFO  impl.FollowerState (FollowerState.java:run(117)) - bc0382cc-50e2-4d58-b2de-e8b6250f3520@group-5EC277DF3249-FollowerState was interrupted: java.lang.InterruptedException: sleep interrupted
2019-10-18 08:19:53,615 [grpc-default-executor-3] INFO  impl.RaftServerImpl (RaftServerImpl.java:setRole(184)) - 1bc296c6-def6-4ae4-8c62-5b4c951a28f1@group-5EC277DF3249: changes role from  FOLLOWER to FOLLOWER at term 26 for recognizeCandidate:47aecc56-7e95-480d-b89c-2c00d33b4782
2019-10-18 08:19:53,615 [grpc-default-executor-3] INFO  impl.RoleInfo (RoleInfo.java:shutdownFollowerState(121)) - 1bc296c6-def6-4ae4-8c62-5b4c951a28f1: shutdown FollowerState
2019-10-18 08:19:53,615 [grpc-default-executor-3] INFO  impl.RoleInfo (RoleInfo.java:updateAndGet(143)) - 1bc296c6-def6-4ae4-8c62-5b4c951a28f1: start FollowerState
2019-10-18 08:19:53,615 [Thread-892] INFO  impl.FollowerState (FollowerState.java:run(117)) - 1bc296c6-def6-4ae4-8c62-5b4c951a28f1@group-5EC277DF3249-FollowerState was interrupted: java.lang.InterruptedException: sleep interrupted
2019-10-18 08:19:53,632 [47aecc56-7e95-480d-b89c-2c00d33b4782@group-5EC277DF3249-LeaderElection39] INFO  impl.LeaderElection (LeaderElection.java:logAndReturn(56)) - 47aecc56-7e95-480d-b89c-2c00d33b4782@group-5EC277DF3249-LeaderElection39: Election REJECTED; received 2 response(s) [47aecc56-7e95-480d-b89c-2c00d33b4782<-1bc296c6-def6-4ae4-8c62-5b4c951a28f1#0:FAIL-t26, 47aecc56-7e95-480d-b89c-2c00d33b4782<-bc0382cc-50e2-4d58-b2de-e8b6250f3520#0:FAIL-t26] and 0 exception(s); 47aecc56-7e95-480d-b89c-2c00d33b4782@group-5EC277DF3249:t26, leader=null, voted=47aecc56-7e95-480d-b89c-2c00d33b4782, raftlog=47aecc56-7e95-480d-b89c-2c00d33b4782@group-5EC277DF3249-SegmentedRaftLog:OPENED:c-1,f-1,i0, conf=-1: [47aecc56-7e95-480d-b89c-2c00d33b4782:192.168.69.67:34550, 1bc296c6-def6-4ae4-8c62-5b4c951a28f1:192.168.69.67:37222, bc0382cc-50e2-4d58-b2de-e8b6250f3520:192.168.69.67:37666], old=null
2019-10-18 08:19:53,632 [47aecc56-7e95-480d-b89c-2c00d33b4782@group-5EC277DF3249-LeaderElection39] INFO  impl.RaftServerImpl (RaftServerImpl.java:setRole(184)) - 47aecc56-7e95-480d-b89c-2c00d33b4782@group-5EC277DF3249: changes role from CANDIDATE to FOLLOWER at term 26 for DISCOVERED_A_NEW_TERM
2019-10-18 08:19:53,632 [47aecc56-7e95-480d-b89c-2c00d33b4782@group-5EC277DF3249-LeaderElection39] INFO  impl.RoleInfo (RoleInfo.java:shutdownLeaderElection(134)) - 47aecc56-7e95-480d-b89c-2c00d33b4782: shutdown LeaderElection
2019-10-18 08:19:53,632 [47aecc56-7e95-480d-b89c-2c00d33b4782@group-5EC277DF3249-LeaderElection39] INFO  impl.RoleInfo (RoleInfo.java:updateAndGet(143)) - 47aecc56-7e95-480d-b89c-2c00d33b4782: start FollowerState
2019-10-18 08:19:53,656 [Thread-900] INFO  impl.FollowerState (FollowerState.java:run(108)) - 47aecc56-7e95-480d-b89c-2c00d33b4782@group-5EC277DF3249-FollowerState: change to CANDIDATE, lastRpcTime:23ms, electionTimeout:23ms
2019-10-18 08:19:53,657 [Thread-900] INFO  impl.RoleInfo (RoleInfo.java:shutdownFollowerState(121)) - 47aecc56-7e95-480d-b89c-2c00d33b4782: shutdown FollowerState
2019-10-18 08:19:53,657 [Thread-900] INFO  impl.RaftServerImpl (RaftServerImpl.java:setRole(184)) - 47aecc56-7e95-480d-b89c-2c00d33b4782@group-5EC277DF3249: changes role from  FOLLOWER to CANDIDATE at term 26 for changeToCandidate
2019-10-18 08:19:53,657 [Thread-900] INFO  impl.RoleInfo (RoleInfo.java:updateAndGet(143)) - 47aecc56-7e95-480d-b89c-2c00d33b4782: start LeaderElection
2019-10-18 08:19:53,671 [47aecc56-7e95-480d-b89c-2c00d33b4782@group-5EC277DF3249-LeaderElection40] INFO  impl.LeaderElection (LeaderElection.java:askForVotes(178)) - 47aecc56-7e95-480d-b89c-2c00d33b4782@group-5EC277DF3249-LeaderElection40: begin an election at term 27 for -1: [47aecc56-7e95-480d-b89c-2c00d33b4782:192.168.69.67:34550, 1bc296c6-def6-4ae4-8c62-5b4c951a28f1:192.168.69.67:37222, bc0382cc-50e2-4d58-b2de-e8b6250f3520:192.168.69.67:37666], old=null
2019-10-18 08:19:53,674 [grpc-default-executor-3] INFO  impl.RaftServerImpl (RaftServerImpl.java:setRole(184)) - bc0382cc-50e2-4d58-b2de-e8b6250f3520@group-5EC277DF3249: changes role from  FOLLOWER to FOLLOWER at term 27 for recognizeCandidate:47aecc56-7e95-480d-b89c-2c00d33b4782
2019-10-18 08:19:53,674 [grpc-default-executor-3] INFO  impl.RoleInfo (RoleInfo.java:shutdownFollowerState(121)) - bc0382cc-50e2-4d58-b2de-e8b6250f3520: shutdown FollowerState
2019-10-18 08:19:53,674 [grpc-default-executor-3] INFO  impl.RoleInfo (RoleInfo.java:updateAndGet(143)) - bc0382cc-50e2-4d58-b2de-e8b6250f3520: start FollowerState
2019-10-18 08:19:53,674 [Thread-898] INFO  impl.FollowerState (FollowerState.java:run(117)) - bc0382cc-50e2-4d58-b2de-e8b6250f3520@group-5EC277DF3249-FollowerState was interrupted: java.lang.InterruptedException: sleep interrupted
2019-10-18 08:19:53,674 [grpc-default-executor-5] INFO  impl.RaftServerImpl (RaftServerImpl.java:setRole(184)) - 1bc296c6-def6-4ae4-8c62-5b4c951a28f1@group-5EC277DF3249: changes role from  FOLLOWER to FOLLOWER at term 27 for recognizeCandidate:47aecc56-7e95-480d-b89c-2c00d33b4782
2019-10-18 08:19:53,674 [grpc-default-executor-5] INFO  impl.RoleInfo (RoleInfo.java:shutdownFollowerState(121)) - 1bc296c6-def6-4ae4-8c62-5b4c951a28f1: shutdown FollowerState
2019-10-18 08:19:53,675 [grpc-default-executor-5] INFO  impl.RoleInfo (RoleInfo.java:updateAndGet(143)) - 1bc296c6-def6-4ae4-8c62-5b4c951a28f1: start FollowerState
2019-10-18 08:19:53,675 [Thread-899] INFO  impl.FollowerState (FollowerState.java:run(117)) - 1bc296c6-def6-4ae4-8c62-5b4c951a28f1@group-5EC277DF3249-FollowerState was interrupted: java.lang.InterruptedException: sleep interrupted
2019-10-18 08:19:53,688 [47aecc56-7e95-480d-b89c-2c00d33b4782@group-5EC277DF3249-LeaderElection40] INFO  impl.LeaderElection (LeaderElection.java:logAndReturn(56)) - 47aecc56-7e95-480d-b89c-2c00d33b4782@group-5EC277DF3249-LeaderElection40: Election REJECTED; received 2 response(s) [47aecc56-7e95-480d-b89c-2c00d33b4782<-1bc296c6-def6-4ae4-8c62-5b4c951a28f1#0:FAIL-t27, 47aecc56-7e95-480d-b89c-2c00d33b4782<-bc0382cc-50e2-4d58-b2de-e8b6250f3520#0:FAIL-t27] and 0 exception(s); 47aecc56-7e95-480d-b89c-2c00d33b4782@group-5EC277DF3249:t27, leader=null, voted=47aecc56-7e95-480d-b89c-2c00d33b4782, raftlog=47aecc56-7e95-480d-b89c-2c00d33b4782@group-5EC277DF3249-SegmentedRaftLog:OPENED:c-1,f-1,i0, conf=-1: [47aecc56-7e95-480d-b89c-2c00d33b4782:192.168.69.67:34550, 1bc296c6-def6-4ae4-8c62-5b4c951a28f1:192.168.69.67:37222, bc0382cc-50e2-4d58-b2de-e8b6250f3520:192.168.69.67:37666], old=null
2019-10-18 08:19:53,688 [47aecc56-7e95-480d-b89c-2c00d33b4782@group-5EC277DF3249-LeaderElection40] INFO  impl.RaftServerImpl (RaftServerImpl.java:setRole(184)) - 47aecc56-7e95-480d-b89c-2c00d33b4782@group-5EC277DF3249: changes role from CANDIDATE to FOLLOWER at term 27 for DISCOVERED_A_NEW_TERM
2019-10-18 08:19:53,688 [47aecc56-7e95-480d-b89c-2c00d33b4782@group-5EC277DF3249-LeaderElection40] INFO  impl.RoleInfo (RoleInfo.java:shutdownLeaderElection(134)) - 47aecc56-7e95-480d-b89c-2c00d33b4782: shutdown LeaderElection
2019-10-18 08:19:53,689 [47aecc56-7e95-480d-b89c-2c00d33b4782@group-5EC277DF3249-LeaderElection40] INFO  impl.RoleInfo (RoleInfo.java:updateAndGet(143)) - 47aecc56-7e95-480d-b89c-2c00d33b4782: start FollowerState
2019-10-18 08:19:53,860 [Thread-906] INFO  impl.FollowerState (FollowerState.java:run(108)) - 47aecc56-7e95-480d-b89c-2c00d33b4782@group-5EC277DF3249-FollowerState: change to CANDIDATE, lastRpcTime:171ms, electionTimeout:171ms
2019-10-18 08:19:53,862 [Thread-906] INFO  impl.RoleInfo (RoleInfo.java:shutdownFollowerState(121)) - 47aecc56-7e95-480d-b89c-2c00d33b4782: shutdown FollowerState
2019-10-18 08:19:53,862 [Thread-906] INFO  impl.RaftServerImpl (RaftServerImpl.java:setRole(184)) - 47aecc56-7e95-480d-b89c-2c00d33b4782@group-5EC277DF3249: changes role from  FOLLOWER to CANDIDATE at term 27 for changeToCandidate
2019-10-18 08:19:53,862 [Thread-906] INFO  impl.RoleInfo (RoleInfo.java:updateAndGet(143)) - 47aecc56-7e95-480d-b89c-2c00d33b4782: start LeaderElection
2019-10-18 08:19:53,888 [47aecc56-7e95-480d-b89c-2c00d33b4782@group-5EC277DF3249-LeaderElection41] INFO  impl.LeaderElection (LeaderElection.java:askForVotes(178)) - 47aecc56-7e95-480d-b89c-2c00d33b4782@group-5EC277DF3249-LeaderElection41: begin an election at term 28 for -1: [47aecc56-7e95-480d-b89c-2c00d33b4782:192.168.69.67:34550, 1bc296c6-def6-4ae4-8c62-5b4c951a28f1:192.168.69.67:37222, bc0382cc-50e2-4d58-b2de-e8b6250f3520:192.168.69.67:37666], old=null
2019-10-18 08:19:53,891 [grpc-default-executor-5] INFO  impl.RaftServerImpl (RaftServerImpl.java:setRole(184)) - bc0382cc-50e2-4d58-b2de-e8b6250f3520@group-5EC277DF3249: changes role from  FOLLOWER to FOLLOWER at term 28 for recognizeCandidate:47aecc56-7e95-480d-b89c-2c00d33b4782
2019-10-18 08:19:53,891 [grpc-default-executor-3] INFO  impl.RaftServerImpl (RaftServerImpl.java:setRole(184)) - 1bc296c6-def6-4ae4-8c62-5b4c951a28f1@group-5EC277DF3249: changes role from  FOLLOWER to FOLLOWER at term 28 for recognizeCandidate:47aecc56-7e95-480d-b89c-2c00d33b4782
2019-10-18 08:19:53,891 [grpc-default-executor-5] INFO  impl.RoleInfo (RoleInfo.java:shutdownFollowerState(121)) - bc0382cc-50e2-4d58-b2de-e8b6250f3520: shutdown FollowerState
2019-10-18 08:19:53,891 [grpc-default-executor-3] INFO  impl.RoleInfo (RoleInfo.java:shutdownFollowerState(121)) - 1bc296c6-def6-4ae4-8c62-5b4c951a28f1: shutdown FollowerState
2019-10-18 08:19:53,891 [Thread-904] INFO  impl.FollowerState (FollowerState.java:run(117)) - bc0382cc-50e2-4d58-b2de-e8b6250f3520@group-5EC277DF3249-FollowerState was interrupted: java.lang.InterruptedException: sleep interrupted
2019-10-18 08:19:53,891 [grpc-default-executor-5] INFO  impl.RoleInfo (RoleInfo.java:updateAndGet(143)) - bc0382cc-50e2-4d58-b2de-e8b6250f3520: start FollowerState
2019-10-18 08:19:53,892 [Thread-905] INFO  impl.FollowerState (FollowerState.java:run(117)) - 1bc296c6-def6-4ae4-8c62-5b4c951a28f1@group-5EC277DF3249-FollowerState was interrupted: java.lang.InterruptedException: sleep interrupted
2019-10-18 08:19:53,892 [grpc-default-executor-3] INFO  impl.RoleInfo (RoleInfo.java:updateAndGet(143)) - 1bc296c6-def6-4ae4-8c62-5b4c951a28f1: start FollowerState
2019-10-18 08:19:53,905 [47aecc56-7e95-480d-b89c-2c00d33b4782@group-5EC277DF3249-LeaderElection41] INFO  impl.LeaderElection (LeaderElection.java:logAndReturn(56)) - 47aecc56-7e95-480d-b89c-2c00d33b4782@group-5EC277DF3249-LeaderElection41: Election REJECTED; received 2 response(s) [47aecc56-7e95-480d-b89c-2c00d33b4782<-1bc296c6-def6-4ae4-8c62-5b4c951a28f1#0:FAIL-t28, 47aecc56-7e95-480d-b89c-2c00d33b4782<-bc0382cc-50e2-4d58-b2de-e8b6250f3520#0:FAIL-t28] and 0 exception(s); 47aecc56-7e95-480d-b89c-2c00d33b4782@group-5EC277DF3249:t28, leader=null, voted=47aecc56-7e95-480d-b89c-2c00d33b4782, raftlog=47aecc56-7e95-480d-b89c-2c00d33b4782@group-5EC277DF3249-SegmentedRaftLog:OPENED:c-1,f-1,i0, conf=-1: [47aecc56-7e95-480d-b89c-2c00d33b4782:192.168.69.67:34550, 1bc296c6-def6-4ae4-8c62-5b4c951a28f1:192.168.69.67:37222, bc0382cc-50e2-4d58-b2de-e8b6250f3520:192.168.69.67:37666], old=null
2019-10-18 08:19:53,905 [47aecc56-7e95-480d-b89c-2c00d33b4782@group-5EC277DF3249-LeaderElection41] INFO  impl.RaftServerImpl (RaftServerImpl.java:setRole(184)) - 47aecc56-7e95-480d-b89c-2c00d33b4782@group-5EC277DF3249: changes role from CANDIDATE to FOLLOWER at term 28 for DISCOVERED_A_NEW_TERM
2019-10-18 08:19:53,905 [47aecc56-7e95-480d-b89c-2c00d33b4782@group-5EC277DF3249-LeaderElection41] INFO  impl.RoleInfo (RoleInfo.java:shutdownLeaderElection(134)) - 47aecc56-7e95-480d-b89c-2c00d33b4782: shutdown LeaderElection
2019-10-18 08:19:53,906 [47aecc56-7e95-480d-b89c-2c00d33b4782@group-5EC277DF3249-LeaderElection41] INFO  impl.RoleInfo (RoleInfo.java:updateAndGet(143)) - 47aecc56-7e95-480d-b89c-2c00d33b4782: start FollowerState
2019-10-18 08:19:53,990 [Thread-912] INFO  impl.FollowerState (FollowerState.java:run(108)) - 47aecc56-7e95-480d-b89c-2c00d33b4782@group-5EC277DF3249-FollowerState: change to CANDIDATE, lastRpcTime:84ms, electionTimeout:84ms
2019-10-18 08:19:53,992 [Thread-912] INFO  impl.RoleInfo (RoleInfo.java:shutdownFollowerState(121)) - 47aecc56-7e95-480d-b89c-2c00d33b4782: shutdown FollowerState
2019-10-18 08:19:53,992 [Thread-912] INFO  impl.RaftServerImpl (RaftServerImpl.java:setRole(184)) - 47aecc56-7e95-480d-b89c-2c00d33b4782@group-5EC277DF3249: changes role from  FOLLOWER to CANDIDATE at term 28 for changeToCandidate
2019-10-18 08:19:53,992 [Thread-912] INFO  impl.RoleInfo (RoleInfo.java:updateAndGet(143)) - 47aecc56-7e95-480d-b89c-2c00d33b4782: start LeaderElection
2019-10-18 08:19:54,014 [47aecc56-7e95-480d-b89c-2c00d33b4782@group-5EC277DF3249-LeaderElection42] INFO  impl.LeaderElection (LeaderElection.java:askForVotes(178)) - 47aecc56-7e95-480d-b89c-2c00d33b4782@group-5EC277DF3249-LeaderElection42: begin an election at term 29 for -1: [47aecc56-7e95-480d-b89c-2c00d33b4782:192.168.69.67:34550, 1bc296c6-def6-4ae4-8c62-5b4c951a28f1:192.168.69.67:37222, bc0382cc-50e2-4d58-b2de-e8b6250f3520:192.168.69.67:37666], old=null
2019-10-18 08:19:54,017 [grpc-default-executor-3] INFO  impl.RaftServerImpl (RaftServerImpl.java:setRole(184)) - 1bc296c6-def6-4ae4-8c62-5b4c951a28f1@group-5EC277DF3249: changes role from  FOLLOWER to FOLLOWER at term 29 for recognizeCandidate:47aecc56-7e95-480d-b89c-2c00d33b4782
2019-10-18 08:19:54,018 [grpc-default-executor-3] INFO  impl.RoleInfo (RoleInfo.java:shutdownFollowerState(121)) - 1bc296c6-def6-4ae4-8c62-5b4c951a28f1: shutdown FollowerState
2019-10-18 08:19:54,018 [grpc-default-executor-5] INFO  impl.RaftServerImpl (RaftServerImpl.java:setRole(184)) - bc0382cc-50e2-4d58-b2de-e8b6250f3520@group-5EC277DF3249: changes role from  FOLLOWER to FOLLOWER at term 29 for recognizeCandidate:47aecc56-7e95-480d-b89c-2c00d33b4782
2019-10-18 08:19:54,018 [Thread-911] INFO  impl.FollowerState (FollowerState.java:run(117)) - 1bc296c6-def6-4ae4-8c62-5b4c951a28f1@group-5EC277DF3249-FollowerState was interrupted: java.lang.InterruptedException: sleep interrupted
2019-10-18 08:19:54,018 [grpc-default-executor-3] INFO  impl.RoleInfo (RoleInfo.java:updateAndGet(143)) - 1bc296c6-def6-4ae4-8c62-5b4c951a28f1: start FollowerState
2019-10-18 08:19:54,018 [grpc-default-executor-5] INFO  impl.RoleInfo (RoleInfo.java:shutdownFollowerState(121)) - bc0382cc-50e2-4d58-b2de-e8b6250f3520: shutdown FollowerState
2019-10-18 08:19:54,019 [grpc-default-executor-5] INFO  impl.RoleInfo (RoleInfo.java:updateAndGet(143)) - bc0382cc-50e2-4d58-b2de-e8b6250f3520: start FollowerState
2019-10-18 08:19:54,019 [Thread-910] INFO  impl.FollowerState (FollowerState.java:run(117)) - bc0382cc-50e2-4d58-b2de-e8b6250f3520@group-5EC277DF3249-FollowerState was interrupted: java.lang.InterruptedException: sleep interrupted
2019-10-18 08:19:54,033 [47aecc56-7e95-480d-b89c-2c00d33b4782@group-5EC277DF3249-LeaderElection42] INFO  impl.LeaderElection (LeaderElection.java:logAndReturn(56)) - 47aecc56-7e95-480d-b89c-2c00d33b4782@group-5EC277DF3249-LeaderElection42: Election REJECTED; received 2 response(s) [47aecc56-7e95-480d-b89c-2c00d33b4782<-1bc296c6-def6-4ae4-8c62-5b4c951a28f1#0:FAIL-t29, 47aecc56-7e95-480d-b89c-2c00d33b4782<-bc0382cc-50e2-4d58-b2de-e8b6250f3520#0:FAIL-t29] and 0 exception(s); 47aecc56-7e95-480d-b89c-2c00d33b4782@group-5EC277DF3249:t29, leader=null, voted=47aecc56-7e95-480d-b89c-2c00d33b4782, raftlog=47aecc56-7e95-480d-b89c-2c00d33b4782@group-5EC277DF3249-SegmentedRaftLog:OPENED:c-1,f-1,i0, conf=-1: [47aecc56-7e95-480d-b89c-2c00d33b4782:192.168.69.67:34550, 1bc296c6-def6-4ae4-8c62-5b4c951a28f1:192.168.69.67:37222, bc0382cc-50e2-4d58-b2de-e8b6250f3520:192.168.69.67:37666], old=null
2019-10-18 08:19:54,033 [47aecc56-7e95-480d-b89c-2c00d33b4782@group-5EC277DF3249-LeaderElection42] INFO  impl.RaftServerImpl (RaftServerImpl.java:setRole(184)) - 47aecc56-7e95-480d-b89c-2c00d33b4782@group-5EC277DF3249: changes role from CANDIDATE to FOLLOWER at term 29 for DISCOVERED_A_NEW_TERM
2019-10-18 08:19:54,033 [47aecc56-7e95-480d-b89c-2c00d33b4782@group-5EC277DF3249-LeaderElection42] INFO  impl.RoleInfo (RoleInfo.java:shutdownLeaderElection(134)) - 47aecc56-7e95-480d-b89c-2c00d33b4782: shutdown LeaderElection
2019-10-18 08:19:54,033 [47aecc56-7e95-480d-b89c-2c00d33b4782@group-5EC277DF3249-LeaderElection42] INFO  impl.RoleInfo (RoleInfo.java:updateAndGet(143)) - 47aecc56-7e95-480d-b89c-2c00d33b4782: start FollowerState
2019-10-18 08:19:54,043 [Thread-918] INFO  impl.FollowerState (FollowerState.java:run(108)) - 47aecc56-7e95-480d-b89c-2c00d33b4782@group-5EC277DF3249-FollowerState: change to CANDIDATE, lastRpcTime:9ms, electionTimeout:9ms
2019-10-18 08:19:54,044 [Thread-918] INFO  impl.RoleInfo (RoleInfo.java:shutdownFollowerState(121)) - 47aecc56-7e95-480d-b89c-2c00d33b4782: shutdown FollowerState
2019-10-18 08:19:54,044 [Thread-918] INFO  impl.RaftServerImpl (RaftServerImpl.java:setRole(184)) - 47aecc56-7e95-480d-b89c-2c00d33b4782@group-5EC277DF3249: changes role from  FOLLOWER to CANDIDATE at term 29 for changeToCandidate
2019-10-18 08:19:54,044 [Thread-918] INFO  impl.RoleInfo (RoleInfo.java:updateAndGet(143)) - 47aecc56-7e95-480d-b89c-2c00d33b4782: start LeaderElection
2019-10-18 08:19:54,066 [47aecc56-7e95-480d-b89c-2c00d33b4782@group-5EC277DF3249-LeaderElection43] INFO  impl.LeaderElection (LeaderElection.java:askForVotes(178)) - 47aecc56-7e95-480d-b89c-2c00d33b4782@group-5EC277DF3249-LeaderElection43: begin an election at term 30 for -1: [47aecc56-7e95-480d-b89c-2c00d33b4782:192.168.69.67:34550, 1bc296c6-def6-4ae4-8c62-5b4c951a28f1:192.168.69.67:37222, bc0382cc-50e2-4d58-b2de-e8b6250f3520:192.168.69.67:37666], old=null
2019-10-18 08:19:54,068 [grpc-default-executor-3] INFO  impl.RaftServerImpl (RaftServerImpl.java:setRole(184)) - bc0382cc-50e2-4d58-b2de-e8b6250f3520@group-5EC277DF3249: changes role from  FOLLOWER to FOLLOWER at term 30 for recognizeCandidate:47aecc56-7e95-480d-b89c-2c00d33b4782
2019-10-18 08:19:54,068 [grpc-default-executor-3] INFO  impl.RoleInfo (RoleInfo.java:shutdownFollowerState(121)) - bc0382cc-50e2-4d58-b2de-e8b6250f3520: shutdown FollowerState
2019-10-18 08:19:54,068 [grpc-default-executor-5] INFO  impl.RaftServerImpl (RaftServerImpl.java:setRole(184)) - 1bc296c6-def6-4ae4-8c62-5b4c951a28f1@group-5EC277DF3249: changes role from  FOLLOWER to FOLLOWER at term 30 for recognizeCandidate:47aecc56-7e95-480d-b89c-2c00d33b4782
2019-10-18 08:19:54,068 [Thread-917] INFO  impl.FollowerState (FollowerState.java:run(117)) - bc0382cc-50e2-4d58-b2de-e8b6250f3520@group-5EC277DF3249-FollowerState was interrupted: java.lang.InterruptedException: sleep interrupted
2019-10-18 08:19:54,068 [grpc-default-executor-3] INFO  impl.RoleInfo (RoleInfo.java:updateAndGet(143)) - bc0382cc-50e2-4d58-b2de-e8b6250f3520: start FollowerState
2019-10-18 08:19:54,068 [grpc-default-executor-5] INFO  impl.RoleInfo (RoleInfo.java:shutdownFollowerState(121)) - 1bc296c6-def6-4ae4-8c62-5b4c951a28f1: shutdown FollowerState
2019-10-18 08:19:54,069 [grpc-default-executor-5] INFO  impl.RoleInfo (RoleInfo.java:updateAndGet(143)) - 1bc296c6-def6-4ae4-8c62-5b4c951a28f1: start FollowerState
2019-10-18 08:19:54,069 [Thread-916] INFO  impl.FollowerState (FollowerState.java:run(117)) - 1bc296c6-def6-4ae4-8c62-5b4c951a28f1@group-5EC277DF3249-FollowerState was interrupted: java.lang.InterruptedException: sleep interrupted
2019-10-18 08:19:54,083 [47aecc56-7e95-480d-b89c-2c00d33b4782@group-5EC277DF3249-LeaderElection43] INFO  impl.LeaderElection (LeaderElection.java:logAndReturn(56)) - 47aecc56-7e95-480d-b89c-2c00d33b4782@group-5EC277DF3249-LeaderElection43: Election REJECTED; received 2 response(s) [47aecc56-7e95-480d-b89c-2c00d33b4782<-1bc296c6-def6-4ae4-8c62-5b4c951a28f1#0:FAIL-t30, 47aecc56-7e95-480d-b89c-2c00d33b4782<-bc0382cc-50e2-4d58-b2de-e8b6250f3520#0:FAIL-t30] and 0 exception(s); 47aecc56-7e95-480d-b89c-2c00d33b4782@group-5EC277DF3249:t30, leader=null, voted=47aecc56-7e95-480d-b89c-2c00d33b4782, raftlog=47aecc56-7e95-480d-b89c-2c00d33b4782@group-5EC277DF3249-SegmentedRaftLog:OPENED:c-1,f-1,i0, conf=-1: [47aecc56-7e95-480d-b89c-2c00d33b4782:192.168.69.67:34550, 1bc296c6-def6-4ae4-8c62-5b4c951a28f1:192.168.69.67:37222, bc0382cc-50e2-4d58-b2de-e8b6250f3520:192.168.69.67:37666], old=null
2019-10-18 08:19:54,083 [47aecc56-7e95-480d-b89c-2c00d33b4782@group-5EC277DF3249-LeaderElection43] INFO  impl.RaftServerImpl (RaftServerImpl.java:setRole(184)) - 47aecc56-7e95-480d-b89c-2c00d33b4782@group-5EC277DF3249: changes role from CANDIDATE to FOLLOWER at term 30 for DISCOVERED_A_NEW_TERM
2019-10-18 08:19:54,083 [47aecc56-7e95-480d-b89c-2c00d33b4782@group-5EC277DF3249-LeaderElection43] INFO  impl.RoleInfo (RoleInfo.java:shutdownLeaderElection(134)) - 47aecc56-7e95-480d-b89c-2c00d33b4782: shutdown LeaderElection
2019-10-18 08:19:54,083 [47aecc56-7e95-480d-b89c-2c00d33b4782@group-5EC277DF3249-LeaderElection43] INFO  impl.RoleInfo (RoleInfo.java:updateAndGet(143)) - 47aecc56-7e95-480d-b89c-2c00d33b4782: start FollowerState
2019-10-18 08:19:54,150 [Thread-924] INFO  impl.FollowerState (FollowerState.java:run(108)) - 47aecc56-7e95-480d-b89c-2c00d33b4782@group-5EC277DF3249-FollowerState: change to CANDIDATE, lastRpcTime:67ms, electionTimeout:67ms
2019-10-18 08:19:54,152 [Thread-924] INFO  impl.RoleInfo (RoleInfo.java:shutdownFollowerState(121)) - 47aecc56-7e95-480d-b89c-2c00d33b4782: shutdown FollowerState
2019-10-18 08:19:54,152 [Thread-924] INFO  impl.RaftServerImpl (RaftServerImpl.java:setRole(184)) - 47aecc56-7e95-480d-b89c-2c00d33b4782@group-5EC277DF3249: changes role from  FOLLOWER to CANDIDATE at term 30 for changeToCandidate
2019-10-18 08:19:54,152 [Thread-924] INFO  impl.RoleInfo (RoleInfo.java:updateAndGet(143)) - 47aecc56-7e95-480d-b89c-2c00d33b4782: start LeaderElection
2019-10-18 08:19:54,166 [47aecc56-7e95-480d-b89c-2c00d33b4782@group-5EC277DF3249-LeaderElection44] INFO  impl.LeaderElection (LeaderElection.java:askForVotes(178)) - 47aecc56-7e95-480d-b89c-2c00d33b4782@group-5EC277DF3249-LeaderElection44: begin an election at term 31 for -1: [47aecc56-7e95-480d-b89c-2c00d33b4782:192.168.69.67:34550, 1bc296c6-def6-4ae4-8c62-5b4c951a28f1:192.168.69.67:37222, bc0382cc-50e2-4d58-b2de-e8b6250f3520:192.168.69.67:37666], old=null
2019-10-18 08:19:54,168 [grpc-default-executor-3] INFO  impl.RaftServerImpl (RaftServerImpl.java:setRole(184)) - 1bc296c6-def6-4ae4-8c62-5b4c951a28f1@group-5EC277DF3249: changes role from  FOLLOWER to FOLLOWER at term 31 for recognizeCandidate:47aecc56-7e95-480d-b89c-2c00d33b4782
2019-10-18 08:19:54,168 [grpc-default-executor-5] INFO  impl.RaftServerImpl (RaftServerImpl.java:setRole(184)) - bc0382cc-50e2-4d58-b2de-e8b6250f3520@group-5EC277DF3249: changes role from  FOLLOWER to FOLLOWER at term 31 for recognizeCandidate:47aecc56-7e95-480d-b89c-2c00d33b4782
2019-10-18 08:19:54,168 [grpc-default-executor-3] INFO  impl.RoleInfo (RoleInfo.java:shutdownFollowerState(121)) - 1bc296c6-def6-4ae4-8c62-5b4c951a28f1: shutdown FollowerState
2019-10-18 08:19:54,168 [grpc-default-executor-5] INFO  impl.RoleInfo (RoleInfo.java:shutdownFollowerState(121)) - bc0382cc-50e2-4d58-b2de-e8b6250f3520: shutdown FollowerState
2019-10-18 08:19:54,168 [Thread-923] INFO  impl.FollowerState (FollowerState.java:run(117)) - 1bc296c6-def6-4ae4-8c62-5b4c951a28f1@group-5EC277DF3249-FollowerState was interrupted: java.lang.InterruptedException: sleep interrupted
2019-10-18 08:19:54,168 [grpc-default-executor-3] INFO  impl.RoleInfo (RoleInfo.java:updateAndGet(143)) - 1bc296c6-def6-4ae4-8c62-5b4c951a28f1: start FollowerState
2019-10-18 08:19:54,169 [Thread-922] INFO  impl.FollowerState (FollowerState.java:run(117)) - bc0382cc-50e2-4d58-b2de-e8b6250f3520@group-5EC277DF3249-FollowerState was interrupted: java.lang.InterruptedException: sleep interrupted
2019-10-18 08:19:54,169 [grpc-default-executor-5] INFO  impl.RoleInfo (RoleInfo.java:updateAndGet(143)) - bc0382cc-50e2-4d58-b2de-e8b6250f3520: start FollowerState
 0.00% |?                                                                                                    |  0/1 Time: 0:04:022019-10-18 08:19:54,185 [47aecc56-7e95-480d-b89c-2c00d33b4782@group-5EC277DF3249-LeaderElection44] INFO  impl.LeaderElection (LeaderElection.java:logAndReturn(56)) - 47aecc56-7e95-480d-b89c-2c00d33b4782@group-5EC277DF3249-LeaderElection44: Election REJECTED; received 2 response(s) [47aecc56-7e95-480d-b89c-2c00d33b4782<-1bc296c6-def6-4ae4-8c62-5b4c951a28f1#0:FAIL-t31, 47aecc56-7e95-480d-b89c-2c00d33b4782<-bc0382cc-50e2-4d58-b2de-e8b6250f3520#0:FAIL-t31] and 0 exception(s); 47aecc56-7e95-480d-b89c-2c00d33b4782@group-5EC277DF3249:t31, leader=null, voted=47aecc56-7e95-480d-b89c-2c00d33b4782, raftlog=47aecc56-7e95-480d-b89c-2c00d33b4782@group-5EC277DF3249-SegmentedRaftLog:OPENED:c-1,f-1,i0, conf=-1: [47aecc56-7e95-480d-b89c-2c00d33b4782:192.168.69.67:34550, 1bc296c6-def6-4ae4-8c62-5b4c951a28f1:192.168.69.67:37222, bc0382cc-50e2-4d58-b2de-e8b6250f3520:192.168.69.67:37666], old=null
2019-10-18 08:19:54,185 [47aecc56-7e95-480d-b89c-2c00d33b4782@group-5EC277DF3249-LeaderElection44] INFO  impl.RaftServerImpl (RaftServerImpl.java:setRole(184)) - 47aecc56-7e95-480d-b89c-2c00d33b4782@group-5EC277DF3249: changes role from CANDIDATE to FOLLOWER at term 31 for DISCOVERED_A_NEW_TERM
2019-10-18 08:19:54,185 [47aecc56-7e95-480d-b89c-2c00d33b4782@group-5EC277DF3249-LeaderElection44] INFO  impl.RoleInfo (RoleInfo.java:shutdownLeaderElection(134)) - 47aecc56-7e95-480d-b89c-2c00d33b4782: shutdown LeaderElection
2019-10-18 08:19:54,185 [47aecc56-7e95-480d-b89c-2c00d33b4782@group-5EC277DF3249-LeaderElection44] INFO  impl.RoleInfo (RoleInfo.java:updateAndGet(143)) - 47aecc56-7e95-480d-b89c-2c00d33b4782: start FollowerState
2019-10-18 08:19:54,202 [Thread-930] INFO  impl.FollowerState (FollowerState.java:run(108)) - 47aecc56-7e95-480d-b89c-2c00d33b4782@group-5EC277DF3249-FollowerState: change to CANDIDATE, lastRpcTime:16ms, electionTimeout:16ms
2019-10-18 08:19:54,203 [Thread-930] INFO  impl.RoleInfo (RoleInfo.java:shutdownFollowerState(121)) - 47aecc56-7e95-480d-b89c-2c00d33b4782: shutdown FollowerState
2019-10-18 08:19:54,203 [Thread-930] INFO  impl.RaftServerImpl (RaftServerImpl.java:setRole(184)) - 47aecc56-7e95-480d-b89c-2c00d33b4782@group-5EC277DF3249: changes role from  FOLLOWER to CANDIDATE at term 31 for changeToCandidate
2019-10-18 08:19:54,204 [Thread-930] INFO  impl.RoleInfo (RoleInfo.java:updateAndGet(143)) - 47aecc56-7e95-480d-b89c-2c00d33b4782: start LeaderElection
2019-10-18 08:19:54,217 [47aecc56-7e95-480d-b89c-2c00d33b4782@group-5EC277DF3249-LeaderElection45] INFO  impl.LeaderElection (LeaderElection.java:askForVotes(178)) - 47aecc56-7e95-480d-b89c-2c00d33b4782@group-5EC277DF3249-LeaderElection45: begin an election at term 32 for -1: [47aecc56-7e95-480d-b89c-2c00d33b4782:192.168.69.67:34550, 1bc296c6-def6-4ae4-8c62-5b4c951a28f1:192.168.69.67:37222, bc0382cc-50e2-4d58-b2de-e8b6250f3520:192.168.69.67:37666], old=null
2019-10-18 08:19:54,219 [grpc-default-executor-3] INFO  impl.RaftServerImpl (RaftServerImpl.java:setRole(184)) - bc0382cc-50e2-4d58-b2de-e8b6250f3520@group-5EC277DF3249: changes role from  FOLLOWER to FOLLOWER at term 32 for recognizeCandidate:47aecc56-7e95-480d-b89c-2c00d33b4782
2019-10-18 08:19:54,219 [grpc-default-executor-3] INFO  impl.RoleInfo (RoleInfo.java:shutdownFollowerState(121)) - bc0382cc-50e2-4d58-b2de-e8b6250f3520: shutdown FollowerState
2019-10-18 08:19:54,219 [grpc-default-executor-5] INFO  impl.RaftServerImpl (RaftServerImpl.java:setRole(184)) - 1bc296c6-def6-4ae4-8c62-5b4c951a28f1@group-5EC277DF3249: changes role from  FOLLOWER to FOLLOWER at term 32 for recognizeCandidate:47aecc56-7e95-480d-b89c-2c00d33b4782
2019-10-18 08:19:54,219 [Thread-929] INFO  impl.FollowerState (FollowerState.java:run(117)) - bc0382cc-50e2-4d58-b2de-e8b6250f3520@group-5EC277DF3249-FollowerState was interrupted: java.lang.InterruptedException: sleep interrupted
2019-10-18 08:19:54,219 [grpc-default-executor-3] INFO  impl.RoleInfo (RoleInfo.java:updateAndGet(143)) - bc0382cc-50e2-4d58-b2de-e8b6250f3520: start FollowerState
2019-10-18 08:19:54,219 [grpc-default-executor-5] INFO  impl.RoleInfo (RoleInfo.java:shutdownFollowerState(121)) - 1bc296c6-def6-4ae4-8c62-5b4c951a28f1: shutdown FollowerState
2019-10-18 08:19:54,220 [grpc-default-executor-5] INFO  impl.RoleInfo (RoleInfo.java:updateAndGet(143)) - 1bc296c6-def6-4ae4-8c62-5b4c951a28f1: start FollowerState
2019-10-18 08:19:54,220 [Thread-928] INFO  impl.FollowerState (FollowerState.java:run(117)) - 1bc296c6-def6-4ae4-8c62-5b4c951a28f1@group-5EC277DF3249-FollowerState was interrupted: java.lang.InterruptedException: sleep interrupted
2019-10-18 08:19:54,234 [47aecc56-7e95-480d-b89c-2c00d33b4782@group-5EC277DF3249-LeaderElection45] INFO  impl.LeaderElection (LeaderElection.java:logAndReturn(56)) - 47aecc56-7e95-480d-b89c-2c00d33b4782@group-5EC277DF3249-LeaderElection45: Election REJECTED; received 2 response(s) [47aecc56-7e95-480d-b89c-2c00d33b4782<-1bc296c6-def6-4ae4-8c62-5b4c951a28f1#0:FAIL-t32, 47aecc56-7e95-480d-b89c-2c00d33b4782<-bc0382cc-50e2-4d58-b2de-e8b6250f3520#0:FAIL-t32] and 0 exception(s); 47aecc56-7e95-480d-b89c-2c00d33b4782@group-5EC277DF3249:t32, leader=null, voted=47aecc56-7e95-480d-b89c-2c00d33b4782, raftlog=47aecc56-7e95-480d-b89c-2c00d33b4782@group-5EC277DF3249-SegmentedRaftLog:OPENED:c-1,f-1,i0, conf=-1: [47aecc56-7e95-480d-b89c-2c00d33b4782:192.168.69.67:34550, 1bc296c6-def6-4ae4-8c62-5b4c951a28f1:192.168.69.67:37222, bc0382cc-50e2-4d58-b2de-e8b6250f3520:192.168.69.67:37666], old=null
2019-10-18 08:19:54,235 [47aecc56-7e95-480d-b89c-2c00d33b4782@group-5EC277DF3249-LeaderElection45] INFO  impl.RaftServerImpl (RaftServerImpl.java:setRole(184)) - 47aecc56-7e95-480d-b89c-2c00d33b4782@group-5EC277DF3249: changes role from CANDIDATE to FOLLOWER at term 32 for DISCOVERED_A_NEW_TERM
2019-10-18 08:19:54,235 [47aecc56-7e95-480d-b89c-2c00d33b4782@group-5EC277DF3249-LeaderElection45] INFO  impl.RoleInfo (RoleInfo.java:shutdownLeaderElection(134)) - 47aecc56-7e95-480d-b89c-2c00d33b4782: shutdown LeaderElection
2019-10-18 08:19:54,235 [47aecc56-7e95-480d-b89c-2c00d33b4782@group-5EC277DF3249-LeaderElection45] INFO  impl.RoleInfo (RoleInfo.java:updateAndGet(143)) - 47aecc56-7e95-480d-b89c-2c00d33b4782: start FollowerState
2019-10-18 08:19:54,396 [Thread-936] INFO  impl.FollowerState (FollowerState.java:run(108)) - 47aecc56-7e95-480d-b89c-2c00d33b4782@group-5EC277DF3249-FollowerState: change to CANDIDATE, lastRpcTime:161ms, electionTimeout:161ms
2019-10-18 08:19:54,399 [Thread-936] INFO  impl.RoleInfo (RoleInfo.java:shutdownFollowerState(121)) - 47aecc56-7e95-480d-b89c-2c00d33b4782: shutdown FollowerState
2019-10-18 08:19:54,399 [Thread-936] INFO  impl.RaftServerImpl (RaftServerImpl.java:setRole(184)) - 47aecc56-7e95-480d-b89c-2c00d33b4782@group-5EC277DF3249: changes role from  FOLLOWER to CANDIDATE at term 32 for changeToCandidate
2019-10-18 08:19:54,399 [Thread-936] INFO  impl.RoleInfo (RoleInfo.java:updateAndGet(143)) - 47aecc56-7e95-480d-b89c-2c00d33b4782: start LeaderElection
2019-10-18 08:19:54,414 [47aecc56-7e95-480d-b89c-2c00d33b4782@group-5EC277DF3249-LeaderElection46] INFO  impl.LeaderElection (LeaderElection.java:askForVotes(178)) - 47aecc56-7e95-480d-b89c-2c00d33b4782@group-5EC277DF3249-LeaderElection46: begin an election at term 33 for -1: [47aecc56-7e95-480d-b89c-2c00d33b4782:192.168.69.67:34550, 1bc296c6-def6-4ae4-8c62-5b4c951a28f1:192.168.69.67:37222, bc0382cc-50e2-4d58-b2de-e8b6250f3520:192.168.69.67:37666], old=null
2019-10-18 08:19:54,416 [grpc-default-executor-5] INFO  impl.RaftServerImpl (RaftServerImpl.java:setRole(184)) - bc0382cc-50e2-4d58-b2de-e8b6250f3520@group-5EC277DF3249: changes role from  FOLLOWER to FOLLOWER at term 33 for recognizeCandidate:47aecc56-7e95-480d-b89c-2c00d33b4782
2019-10-18 08:19:54,416 [grpc-default-executor-3] INFO  impl.RaftServerImpl (RaftServerImpl.java:setRole(184)) - 1bc296c6-def6-4ae4-8c62-5b4c951a28f1@group-5EC277DF3249: changes role from  FOLLOWER to FOLLOWER at term 33 for recognizeCandidate:47aecc56-7e95-480d-b89c-2c00d33b4782
2019-10-18 08:19:54,416 [grpc-default-executor-5] INFO  impl.RoleInfo (RoleInfo.java:shutdownFollowerState(121)) - bc0382cc-50e2-4d58-b2de-e8b6250f3520: shutdown FollowerState
2019-10-18 08:19:54,416 [grpc-default-executor-3] INFO  impl.RoleInfo (RoleInfo.java:shutdownFollowerState(121)) - 1bc296c6-def6-4ae4-8c62-5b4c951a28f1: shutdown FollowerState
2019-10-18 08:19:54,416 [Thread-934] INFO  impl.FollowerState (FollowerState.java:run(117)) - bc0382cc-50e2-4d58-b2de-e8b6250f3520@group-5EC277DF3249-FollowerState was interrupted: java.lang.InterruptedException: sleep interrupted
2019-10-18 08:19:54,416 [grpc-default-executor-5] INFO  impl.RoleInfo (RoleInfo.java:updateAndGet(143)) - bc0382cc-50e2-4d58-b2de-e8b6250f3520: start FollowerState
2019-10-18 08:19:54,417 [grpc-default-executor-3] INFO  impl.RoleInfo (RoleInfo.java:updateAndGet(143)) - 1bc296c6-def6-4ae4-8c62-5b4c951a28f1: start FollowerState
2019-10-18 08:19:54,417 [Thread-935] INFO  impl.FollowerState (FollowerState.java:run(117)) - 1bc296c6-def6-4ae4-8c62-5b4c951a28f1@group-5EC277DF3249-FollowerState was interrupted: java.lang.InterruptedException: sleep interrupted
2019-10-18 08:19:54,428 [47aecc56-7e95-480d-b89c-2c00d33b4782@group-5EC277DF3249-LeaderElection46] INFO  impl.LeaderElection (LeaderElection.java:logAndReturn(56)) - 47aecc56-7e95-480d-b89c-2c00d33b4782@group-5EC277DF3249-LeaderElection46: Election REJECTED; received 2 response(s) [47aecc56-7e95-480d-b89c-2c00d33b4782<-1bc296c6-def6-4ae4-8c62-5b4c951a28f1#0:FAIL-t33, 47aecc56-7e95-480d-b89c-2c00d33b4782<-bc0382cc-50e2-4d58-b2de-e8b6250f3520#0:FAIL-t33] and 0 exception(s); 47aecc56-7e95-480d-b89c-2c00d33b4782@group-5EC277DF3249:t33, leader=null, voted=47aecc56-7e95-480d-b89c-2c00d33b4782, raftlog=47aecc56-7e95-480d-b89c-2c00d33b4782@group-5EC277DF3249-SegmentedRaftLog:OPENED:c-1,f-1,i0, conf=-1: [47aecc56-7e95-480d-b89c-2c00d33b4782:192.168.69.67:34550, 1bc296c6-def6-4ae4-8c62-5b4c951a28f1:192.168.69.67:37222, bc0382cc-50e2-4d58-b2de-e8b6250f3520:192.168.69.67:37666], old=null
2019-10-18 08:19:54,429 [47aecc56-7e95-480d-b89c-2c00d33b4782@group-5EC277DF3249-LeaderElection46] INFO  impl.RaftServerImpl (RaftServerImpl.java:setRole(184)) - 47aecc56-7e95-480d-b89c-2c00d33b4782@group-5EC277DF3249: changes role from CANDIDATE to FOLLOWER at term 33 for DISCOVERED_A_NEW_TERM
2019-10-18 08:19:54,429 [47aecc56-7e95-480d-b89c-2c00d33b4782@group-5EC277DF3249-LeaderElection46] INFO  impl.RoleInfo (RoleInfo.java:shutdownLeaderElection(134)) - 47aecc56-7e95-480d-b89c-2c00d33b4782: shutdown LeaderElection
2019-10-18 08:19:54,429 [47aecc56-7e95-480d-b89c-2c00d33b4782@group-5EC277DF3249-LeaderElection46] INFO  impl.RoleInfo (RoleInfo.java:updateAndGet(143)) - 47aecc56-7e95-480d-b89c-2c00d33b4782: start FollowerState
2019-10-18 08:19:54,455 [Thread-942] INFO  impl.FollowerState (FollowerState.java:run(108)) - 47aecc56-7e95-480d-b89c-2c00d33b4782@group-5EC277DF3249-FollowerState: change to CANDIDATE, lastRpcTime:26ms, electionTimeout:26ms
2019-10-18 08:19:54,458 [Thread-942] INFO  impl.RoleInfo (RoleInfo.java:shutdownFollowerState(121)) - 47aecc56-7e95-480d-b89c-2c00d33b4782: shutdown FollowerState
2019-10-18 08:19:54,458 [Thread-942] INFO  impl.RaftServerImpl (RaftServerImpl.java:setRole(184)) - 47aecc56-7e95-480d-b89c-2c00d33b4782@group-5EC277DF3249: changes role from  FOLLOWER to CANDIDATE at term 33 for changeToCandidate
2019-10-18 08:19:54,458 [Thread-942] INFO  impl.RoleInfo (RoleInfo.java:updateAndGet(143)) - 47aecc56-7e95-480d-b89c-2c00d33b4782: start LeaderElection
2019-10-18 08:19:54,472 [47aecc56-7e95-480d-b89c-2c00d33b4782@group-5EC277DF3249-LeaderElection47] INFO  impl.LeaderElection (LeaderElection.java:askForVotes(178)) - 47aecc56-7e95-480d-b89c-2c00d33b4782@group-5EC277DF3249-LeaderElection47: begin an election at term 34 for -1: [47aecc56-7e95-480d-b89c-2c00d33b4782:192.168.69.67:34550, 1bc296c6-def6-4ae4-8c62-5b4c951a28f1:192.168.69.67:37222, bc0382cc-50e2-4d58-b2de-e8b6250f3520:192.168.69.67:37666], old=null
2019-10-18 08:19:54,475 [grpc-default-executor-5] INFO  impl.RaftServerImpl (RaftServerImpl.java:setRole(184)) - bc0382cc-50e2-4d58-b2de-e8b6250f3520@group-5EC277DF3249: changes role from  FOLLOWER to FOLLOWER at term 34 for recognizeCandidate:47aecc56-7e95-480d-b89c-2c00d33b4782
2019-10-18 08:19:54,475 [grpc-default-executor-3] INFO  impl.RaftServerImpl (RaftServerImpl.java:setRole(184)) - 1bc296c6-def6-4ae4-8c62-5b4c951a28f1@group-5EC277DF3249: changes role from  FOLLOWER to FOLLOWER at term 34 for recognizeCandidate:47aecc56-7e95-480d-b89c-2c00d33b4782
2019-10-18 08:19:54,475 [grpc-default-executor-5] INFO  impl.RoleInfo (RoleInfo.java:shutdownFollowerState(121)) - bc0382cc-50e2-4d58-b2de-e8b6250f3520: shutdown FollowerState
2019-10-18 08:19:54,475 [grpc-default-executor-3] INFO  impl.RoleInfo (RoleInfo.java:shutdownFollowerState(121)) - 1bc296c6-def6-4ae4-8c62-5b4c951a28f1: shutdown FollowerState
2019-10-18 08:19:54,475 [grpc-default-executor-5] INFO  impl.RoleInfo (RoleInfo.java:updateAndGet(143)) - bc0382cc-50e2-4d58-b2de-e8b6250f3520: start FollowerState
2019-10-18 08:19:54,475 [Thread-941] INFO  impl.FollowerState (FollowerState.java:run(117)) - 1bc296c6-def6-4ae4-8c62-5b4c951a28f1@group-5EC277DF3249-FollowerState was interrupted: java.lang.InterruptedException: sleep interrupted
2019-10-18 08:19:54,475 [Thread-940] INFO  impl.FollowerState (FollowerState.java:run(117)) - bc0382cc-50e2-4d58-b2de-e8b6250f3520@group-5EC277DF3249-FollowerState was interrupted: java.lang.InterruptedException: sleep interrupted
2019-10-18 08:19:54,475 [grpc-default-executor-3] INFO  impl.RoleInfo (RoleInfo.java:updateAndGet(143)) - 1bc296c6-def6-4ae4-8c62-5b4c951a28f1: start FollowerState
2019-10-18 08:19:54,480 [47aecc56-7e95-480d-b89c-2c00d33b4782@group-5EC277DF3249-LeaderElection47] INFO  impl.LeaderElection (LeaderElection.java:logAndReturn(56)) - 47aecc56-7e95-480d-b89c-2c00d33b4782@group-5EC277DF3249-LeaderElection47: Election TIMEOUT; received 0 response(s) [] and 0 exception(s); 47aecc56-7e95-480d-b89c-2c00d33b4782@group-5EC277DF3249:t34, leader=null, voted=47aecc56-7e95-480d-b89c-2c00d33b4782, raftlog=47aecc56-7e95-480d-b89c-2c00d33b4782@group-5EC277DF3249-SegmentedRaftLog:OPENED:c-1,f-1,i0, conf=-1: [47aecc56-7e95-480d-b89c-2c00d33b4782:192.168.69.67:34550, 1bc296c6-def6-4ae4-8c62-5b4c951a28f1:192.168.69.67:37222, bc0382cc-50e2-4d58-b2de-e8b6250f3520:192.168.69.67:37666], old=null
2019-10-18 08:19:54,489 [47aecc56-7e95-480d-b89c-2c00d33b4782@group-5EC277DF3249-LeaderElection47] INFO  impl.LeaderElection (LeaderElection.java:askForVotes(178)) - 47aecc56-7e95-480d-b89c-2c00d33b4782@group-5EC277DF3249-LeaderElection47: begin an election at term 35 for -1: [47aecc56-7e95-480d-b89c-2c00d33b4782:192.168.69.67:34550, 1bc296c6-def6-4ae4-8c62-5b4c951a28f1:192.168.69.67:37222, bc0382cc-50e2-4d58-b2de-e8b6250f3520:192.168.69.67:37666], old=null
2019-10-18 08:19:54,490 [grpc-default-executor-5] INFO  impl.RaftServerImpl (RaftServerImpl.java:setRole(184)) - bc0382cc-50e2-4d58-b2de-e8b6250f3520@group-5EC277DF3249: changes role from  FOLLOWER to FOLLOWER at term 35 for recognizeCandidate:47aecc56-7e95-480d-b89c-2c00d33b4782
2019-10-18 08:19:54,497 [grpc-default-executor-5] INFO  impl.RoleInfo (RoleInfo.java:shutdownFollowerState(121)) - bc0382cc-50e2-4d58-b2de-e8b6250f3520: shutdown FollowerState
2019-10-18 08:19:54,490 [grpc-default-executor-3] INFO  impl.RaftServerImpl (RaftServerImpl.java:setRole(184)) - 1bc296c6-def6-4ae4-8c62-5b4c951a28f1@group-5EC277DF3249: changes role from  FOLLOWER to FOLLOWER at term 35 for recognizeCandidate:47aecc56-7e95-480d-b89c-2c00d33b4782
2019-10-18 08:19:54,497 [Thread-946] INFO  impl.FollowerState (FollowerState.java:run(117)) - bc0382cc-50e2-4d58-b2de-e8b6250f3520@group-5EC277DF3249-FollowerState was interrupted: java.lang.InterruptedException: sleep interrupted
2019-10-18 08:19:54,497 [grpc-default-executor-5] INFO  impl.RoleInfo (RoleInfo.java:updateAndGet(143)) - bc0382cc-50e2-4d58-b2de-e8b6250f3520: start FollowerState
2019-10-18 08:19:54,497 [grpc-default-executor-3] INFO  impl.RoleInfo (RoleInfo.java:shutdownFollowerState(121)) - 1bc296c6-def6-4ae4-8c62-5b4c951a28f1: shutdown FollowerState
2019-10-18 08:19:54,497 [Thread-947] INFO  impl.FollowerState (FollowerState.java:run(117)) - 1bc296c6-def6-4ae4-8c62-5b4c951a28f1@group-5EC277DF3249-FollowerState was interrupted: java.lang.InterruptedException: sleep interrupted
2019-10-18 08:19:54,497 [grpc-default-executor-3] INFO  impl.RoleInfo (RoleInfo.java:updateAndGet(143)) - 1bc296c6-def6-4ae4-8c62-5b4c951a28f1: start FollowerState
2019-10-18 08:19:54,511 [47aecc56-7e95-480d-b89c-2c00d33b4782@group-5EC277DF3249-LeaderElection47] INFO  impl.LeaderElection (LeaderElection.java:logAndReturn(56)) - 47aecc56-7e95-480d-b89c-2c00d33b4782@group-5EC277DF3249-LeaderElection47: Election REJECTED; received 2 response(s) [47aecc56-7e95-480d-b89c-2c00d33b4782<-1bc296c6-def6-4ae4-8c62-5b4c951a28f1#0:FAIL-t35, 47aecc56-7e95-480d-b89c-2c00d33b4782<-bc0382cc-50e2-4d58-b2de-e8b6250f3520#0:FAIL-t35] and 0 exception(s); 47aecc56-7e95-480d-b89c-2c00d33b4782@group-5EC277DF3249:t35, leader=null, voted=47aecc56-7e95-480d-b89c-2c00d33b4782, raftlog=47aecc56-7e95-480d-b89c-2c00d33b4782@group-5EC277DF3249-SegmentedRaftLog:OPENED:c-1,f-1,i0, conf=-1: [47aecc56-7e95-480d-b89c-2c00d33b4782:192.168.69.67:34550, 1bc296c6-def6-4ae4-8c62-5b4c951a28f1:192.168.69.67:37222, bc0382cc-50e2-4d58-b2de-e8b6250f3520:192.168.69.67:37666], old=null
2019-10-18 08:19:54,511 [47aecc56-7e95-480d-b89c-2c00d33b4782@group-5EC277DF3249-LeaderElection47] INFO  impl.RaftServerImpl (RaftServerImpl.java:setRole(184)) - 47aecc56-7e95-480d-b89c-2c00d33b4782@group-5EC277DF3249: changes role from CANDIDATE to FOLLOWER at term 35 for DISCOVERED_A_NEW_TERM
2019-10-18 08:19:54,512 [47aecc56-7e95-480d-b89c-2c00d33b4782@group-5EC277DF3249-LeaderElection47] INFO  impl.RoleInfo (RoleInfo.java:shutdownLeaderElection(134)) - 47aecc56-7e95-480d-b89c-2c00d33b4782: shutdown LeaderElection
2019-10-18 08:19:54,512 [47aecc56-7e95-480d-b89c-2c00d33b4782@group-5EC277DF3249-LeaderElection47] INFO  impl.RoleInfo (RoleInfo.java:updateAndGet(143)) - 47aecc56-7e95-480d-b89c-2c00d33b4782: start FollowerState
2019-10-18 08:19:54,578 [Thread-952] INFO  impl.FollowerState (FollowerState.java:run(108)) - 47aecc56-7e95-480d-b89c-2c00d33b4782@group-5EC277DF3249-FollowerState: change to CANDIDATE, lastRpcTime:66ms, electionTimeout:66ms
2019-10-18 08:19:54,578 [Thread-952] INFO  impl.RoleInfo (RoleInfo.java:shutdownFollowerState(121)) - 47aecc56-7e95-480d-b89c-2c00d33b4782: shutdown FollowerState
2019-10-18 08:19:54,578 [Thread-952] INFO  impl.RaftServerImpl (RaftServerImpl.java:setRole(184)) - 47aecc56-7e95-480d-b89c-2c00d33b4782@group-5EC277DF3249: changes role from  FOLLOWER to CANDIDATE at term 35 for changeToCandidate
2019-10-18 08:19:54,579 [Thread-952] INFO  impl.RoleInfo (RoleInfo.java:updateAndGet(143)) - 47aecc56-7e95-480d-b89c-2c00d33b4782: start LeaderElection
2019-10-18 08:19:54,593 [47aecc56-7e95-480d-b89c-2c00d33b4782@group-5EC277DF3249-LeaderElection48] INFO  impl.LeaderElection (LeaderElection.java:askForVotes(178)) - 47aecc56-7e95-480d-b89c-2c00d33b4782@group-5EC277DF3249-LeaderElection48: begin an election at term 36 for -1: [47aecc56-7e95-480d-b89c-2c00d33b4782:192.168.69.67:34550, 1bc296c6-def6-4ae4-8c62-5b4c951a28f1:192.168.69.67:37222, bc0382cc-50e2-4d58-b2de-e8b6250f3520:192.168.69.67:37666], old=null
2019-10-18 08:19:54,597 [grpc-default-executor-5] INFO  impl.RaftServerImpl (RaftServerImpl.java:setRole(184)) - bc0382cc-50e2-4d58-b2de-e8b6250f3520@group-5EC277DF3249: changes role from  FOLLOWER to FOLLOWER at term 36 for recognizeCandidate:47aecc56-7e95-480d-b89c-2c00d33b4782
2019-10-18 08:19:54,598 [grpc-default-executor-5] INFO  impl.RoleInfo (RoleInfo.java:shutdownFollowerState(121)) - bc0382cc-50e2-4d58-b2de-e8b6250f3520: shutdown FollowerState
2019-10-18 08:19:54,598 [grpc-default-executor-3] INFO  impl.RaftServerImpl (RaftServerImpl.java:setRole(184)) - 1bc296c6-def6-4ae4-8c62-5b4c951a28f1@group-5EC277DF3249: changes role from  FOLLOWER to FOLLOWER at term 36 for recognizeCandidate:47aecc56-7e95-480d-b89c-2c00d33b4782
2019-10-18 08:19:54,598 [Thread-950] INFO  impl.FollowerState (FollowerState.java:run(117)) - bc0382cc-50e2-4d58-b2de-e8b6250f3520@group-5EC277DF3249-FollowerState was interrupted: java.lang.InterruptedException: sleep interrupted
2019-10-18 08:19:54,598 [grpc-default-executor-5] INFO  impl.RoleInfo (RoleInfo.java:updateAndGet(143)) - bc0382cc-50e2-4d58-b2de-e8b6250f3520: start FollowerState
2019-10-18 08:19:54,598 [grpc-default-executor-3] INFO  impl.RoleInfo (RoleInfo.java:shutdownFollowerState(121)) - 1bc296c6-def6-4ae4-8c62-5b4c951a28f1: shutdown FollowerState
2019-10-18 08:19:54,599 [grpc-default-executor-3] INFO  impl.RoleInfo (RoleInfo.java:updateAndGet(143)) - 1bc296c6-def6-4ae4-8c62-5b4c951a28f1: start FollowerState
2019-10-18 08:19:54,599 [Thread-951] INFO  impl.FollowerState (FollowerState.java:run(117)) - 1bc296c6-def6-4ae4-8c62-5b4c951a28f1@group-5EC277DF3249-FollowerState was interrupted: java.lang.InterruptedException: sleep interrupted
2019-10-18 08:19:54,601 [47aecc56-7e95-480d-b89c-2c00d33b4782@group-5EC277DF3249-LeaderElection48] INFO  impl.LeaderElection (LeaderElection.java:logAndReturn(56)) - 47aecc56-7e95-480d-b89c-2c00d33b4782@group-5EC277DF3249-LeaderElection48: Election TIMEOUT; received 0 response(s) [] and 0 exception(s); 47aecc56-7e95-480d-b89c-2c00d33b4782@group-5EC277DF3249:t36, leader=null, voted=47aecc56-7e95-480d-b89c-2c00d33b4782, raftlog=47aecc56-7e95-480d-b89c-2c00d33b4782@group-5EC277DF3249-SegmentedRaftLog:OPENED:c-1,f-1,i0, conf=-1: [47aecc56-7e95-480d-b89c-2c00d33b4782:192.168.69.67:34550, 1bc296c6-def6-4ae4-8c62-5b4c951a28f1:192.168.69.67:37222, bc0382cc-50e2-4d58-b2de-e8b6250f3520:192.168.69.67:37666], old=null
2019-10-18 08:19:54,612 [47aecc56-7e95-480d-b89c-2c00d33b4782@group-5EC277DF3249-LeaderElection48] INFO  impl.LeaderElection (LeaderElection.java:askForVotes(178)) - 47aecc56-7e95-480d-b89c-2c00d33b4782@group-5EC277DF3249-LeaderElection48: begin an election at term 37 for -1: [47aecc56-7e95-480d-b89c-2c00d33b4782:192.168.69.67:34550, 1bc296c6-def6-4ae4-8c62-5b4c951a28f1:192.168.69.67:37222, bc0382cc-50e2-4d58-b2de-e8b6250f3520:192.168.69.67:37666], old=null
2019-10-18 08:19:54,613 [grpc-default-executor-5] INFO  impl.RaftServerImpl (RaftServerImpl.java:setRole(184)) - 1bc296c6-def6-4ae4-8c62-5b4c951a28f1@group-5EC277DF3249: changes role from  FOLLOWER to FOLLOWER at term 37 for recognizeCandidate:47aecc56-7e95-480d-b89c-2c00d33b4782
2019-10-18 08:19:54,613 [grpc-default-executor-5] INFO  impl.RoleInfo (RoleInfo.java:shutdownFollowerState(121)) - 1bc296c6-def6-4ae4-8c62-5b4c951a28f1: shutdown FollowerState
2019-10-18 08:19:54,613 [grpc-default-executor-3] INFO  impl.RaftServerImpl (RaftServerImpl.java:setRole(184)) - bc0382cc-50e2-4d58-b2de-e8b6250f3520@group-5EC277DF3249: changes role from  FOLLOWER to FOLLOWER at term 37 for recognizeCandidate:47aecc56-7e95-480d-b89c-2c00d33b4782
2019-10-18 08:19:54,613 [grpc-default-executor-3] INFO  impl.RoleInfo (RoleInfo.java:shutdownFollowerState(121)) - bc0382cc-50e2-4d58-b2de-e8b6250f3520: shutdown FollowerState
2019-10-18 08:19:54,613 [Thread-957] INFO  impl.FollowerState (FollowerState.java:run(117)) - 1bc296c6-def6-4ae4-8c62-5b4c951a28f1@group-5EC277DF3249-FollowerState was interrupted: java.lang.InterruptedException: sleep interrupted
2019-10-18 08:19:54,613 [grpc-default-executor-5] INFO  impl.RoleInfo (RoleInfo.java:updateAndGet(143)) - 1bc296c6-def6-4ae4-8c62-5b4c951a28f1: start FollowerState
2019-10-18 08:19:54,614 [Thread-956] INFO  impl.FollowerState (FollowerState.java:run(117)) - bc0382cc-50e2-4d58-b2de-e8b6250f3520@group-5EC277DF3249-FollowerState was interrupted: java.lang.InterruptedException: sleep interrupted
2019-10-18 08:19:54,614 [grpc-default-executor-3] INFO  impl.RoleInfo (RoleInfo.java:updateAndGet(143)) - bc0382cc-50e2-4d58-b2de-e8b6250f3520: start FollowerState
2019-10-18 08:19:54,640 [47aecc56-7e95-480d-b89c-2c00d33b4782@group-5EC277DF3249-LeaderElection48] INFO  impl.LeaderElection (LeaderElection.java:logAndReturn(56)) - 47aecc56-7e95-480d-b89c-2c00d33b4782@group-5EC277DF3249-LeaderElection48: Election REJECTED; received 2 response(s) [47aecc56-7e95-480d-b89c-2c00d33b4782<-1bc296c6-def6-4ae4-8c62-5b4c951a28f1#0:FAIL-t37, 47aecc56-7e95-480d-b89c-2c00d33b4782<-bc0382cc-50e2-4d58-b2de-e8b6250f3520#0:FAIL-t37] and 0 exception(s); 47aecc56-7e95-480d-b89c-2c00d33b4782@group-5EC277DF3249:t37, leader=null, voted=47aecc56-7e95-480d-b89c-2c00d33b4782, raftlog=47aecc56-7e95-480d-b89c-2c00d33b4782@group-5EC277DF3249-SegmentedRaftLog:OPENED:c-1,f-1,i0, conf=-1: [47aecc56-7e95-480d-b89c-2c00d33b4782:192.168.69.67:34550, 1bc296c6-def6-4ae4-8c62-5b4c951a28f1:192.168.69.67:37222, bc0382cc-50e2-4d58-b2de-e8b6250f3520:192.168.69.67:37666], old=null
2019-10-18 08:19:54,640 [47aecc56-7e95-480d-b89c-2c00d33b4782@group-5EC277DF3249-LeaderElection48] INFO  impl.RaftServerImpl (RaftServerImpl.java:setRole(184)) - 47aecc56-7e95-480d-b89c-2c00d33b4782@group-5EC277DF3249: changes role from CANDIDATE to FOLLOWER at term 37 for DISCOVERED_A_NEW_TERM
2019-10-18 08:19:54,640 [47aecc56-7e95-480d-b89c-2c00d33b4782@group-5EC277DF3249-LeaderElection48] INFO  impl.RoleInfo (RoleInfo.java:shutdownLeaderElection(134)) - 47aecc56-7e95-480d-b89c-2c00d33b4782: shutdown LeaderElection
2019-10-18 08:19:54,640 [47aecc56-7e95-480d-b89c-2c00d33b4782@group-5EC277DF3249-LeaderElection48] INFO  impl.RoleInfo (RoleInfo.java:updateAndGet(143)) - 47aecc56-7e95-480d-b89c-2c00d33b4782: start FollowerState
2019-10-18 08:19:54,724 [Thread-962] INFO  impl.FollowerState (FollowerState.java:run(108)) - 47aecc56-7e95-480d-b89c-2c00d33b4782@group-5EC277DF3249-FollowerState: change to CANDIDATE, lastRpcTime:83ms, electionTimeout:83ms
2019-10-18 08:19:54,724 [Thread-962] INFO  impl.RoleInfo (RoleInfo.java:shutdownFollowerState(121)) - 47aecc56-7e95-480d-b89c-2c00d33b4782: shutdown FollowerState
2019-10-18 08:19:54,724 [Thread-962] INFO  impl.RaftServerImpl (RaftServerImpl.java:setRole(184)) - 47aecc56-7e95-480d-b89c-2c00d33b4782@group-5EC277DF3249: changes role from  FOLLOWER to CANDIDATE at term 37 for changeToCandidate
2019-10-18 08:19:54,724 [Thread-962] INFO  impl.RoleInfo (RoleInfo.java:updateAndGet(143)) - 47aecc56-7e95-480d-b89c-2c00d33b4782: start LeaderElection
2019-10-18 08:19:54,747 [47aecc56-7e95-480d-b89c-2c00d33b4782@group-5EC277DF3249-LeaderElection49] INFO  impl.LeaderElection (LeaderElection.java:askForVotes(178)) - 47aecc56-7e95-480d-b89c-2c00d33b4782@group-5EC277DF3249-LeaderElection49: begin an election at term 38 for -1: [47aecc56-7e95-480d-b89c-2c00d33b4782:192.168.69.67:34550, 1bc296c6-def6-4ae4-8c62-5b4c951a28f1:192.168.69.67:37222, bc0382cc-50e2-4d58-b2de-e8b6250f3520:192.168.69.67:37666], old=null
2019-10-18 08:19:54,751 [grpc-default-executor-5] INFO  impl.RaftServerImpl (RaftServerImpl.java:setRole(184)) - 1bc296c6-def6-4ae4-8c62-5b4c951a28f1@group-5EC277DF3249: changes role from  FOLLOWER to FOLLOWER at term 38 for recognizeCandidate:47aecc56-7e95-480d-b89c-2c00d33b4782
2019-10-18 08:19:54,751 [grpc-default-executor-3] INFO  impl.RaftServerImpl (RaftServerImpl.java:setRole(184)) - bc0382cc-50e2-4d58-b2de-e8b6250f3520@group-5EC277DF3249: changes role from  FOLLOWER to FOLLOWER at term 38 for recognizeCandidate:47aecc56-7e95-480d-b89c-2c00d33b4782
2019-10-18 08:19:54,751 [grpc-default-executor-5] INFO  impl.RoleInfo (RoleInfo.java:shutdownFollowerState(121)) - 1bc296c6-def6-4ae4-8c62-5b4c951a28f1: shutdown FollowerState
2019-10-18 08:19:54,752 [grpc-default-executor-3] INFO  impl.RoleInfo (RoleInfo.java:shutdownFollowerState(121)) - bc0382cc-50e2-4d58-b2de-e8b6250f3520: shutdown FollowerState
2019-10-18 08:19:54,752 [grpc-default-executor-5] INFO  impl.RoleInfo (RoleInfo.java:updateAndGet(143)) - 1bc296c6-def6-4ae4-8c62-5b4c951a28f1: start FollowerState
2019-10-18 08:19:54,752 [Thread-960] INFO  impl.FollowerState (FollowerState.java:run(117)) - 1bc296c6-def6-4ae4-8c62-5b4c951a28f1@group-5EC277DF3249-FollowerState was interrupted: java.lang.InterruptedException: sleep interrupted
2019-10-18 08:19:54,752 [Thread-961] INFO  impl.FollowerState (FollowerState.java:run(117)) - bc0382cc-50e2-4d58-b2de-e8b6250f3520@group-5EC277DF3249-FollowerState was interrupted: java.lang.InterruptedException: sleep interrupted
2019-10-18 08:19:54,752 [grpc-default-executor-3] INFO  impl.RoleInfo (RoleInfo.java:updateAndGet(143)) - bc0382cc-50e2-4d58-b2de-e8b6250f3520: start FollowerState
2019-10-18 08:19:54,767 [47aecc56-7e95-480d-b89c-2c00d33b4782@group-5EC277DF3249-LeaderElection49] INFO  impl.LeaderElection (LeaderElection.java:logAndReturn(56)) - 47aecc56-7e95-480d-b89c-2c00d33b4782@group-5EC277DF3249-LeaderElection49: Election REJECTED; received 2 response(s) [47aecc56-7e95-480d-b89c-2c00d33b4782<-1bc296c6-def6-4ae4-8c62-5b4c951a28f1#0:FAIL-t38, 47aecc56-7e95-480d-b89c-2c00d33b4782<-bc0382cc-50e2-4d58-b2de-e8b6250f3520#0:FAIL-t38] and 0 exception(s); 47aecc56-7e95-480d-b89c-2c00d33b4782@group-5EC277DF3249:t38, leader=null, voted=47aecc56-7e95-480d-b89c-2c00d33b4782, raftlog=47aecc56-7e95-480d-b89c-2c00d33b4782@group-5EC277DF3249-SegmentedRaftLog:OPENED:c-1,f-1,i0, conf=-1: [47aecc56-7e95-480d-b89c-2c00d33b4782:192.168.69.67:34550, 1bc296c6-def6-4ae4-8c62-5b4c951a28f1:192.168.69.67:37222, bc0382cc-50e2-4d58-b2de-e8b6250f3520:192.168.69.67:37666], old=null
2019-10-18 08:19:54,767 [47aecc56-7e95-480d-b89c-2c00d33b4782@group-5EC277DF3249-LeaderElection49] INFO  impl.RaftServerImpl (RaftServerImpl.java:setRole(184)) - 47aecc56-7e95-480d-b89c-2c00d33b4782@group-5EC277DF3249: changes role from CANDIDATE to FOLLOWER at term 38 for DISCOVERED_A_NEW_TERM
2019-10-18 08:19:54,767 [47aecc56-7e95-480d-b89c-2c00d33b4782@group-5EC277DF3249-LeaderElection49] INFO  impl.RoleInfo (RoleInfo.java:shutdownLeaderElection(134)) - 47aecc56-7e95-480d-b89c-2c00d33b4782: shutdown LeaderElection
2019-10-18 08:19:54,768 [47aecc56-7e95-480d-b89c-2c00d33b4782@group-5EC277DF3249-LeaderElection49] INFO  impl.RoleInfo (RoleInfo.java:updateAndGet(143)) - 47aecc56-7e95-480d-b89c-2c00d33b4782: start FollowerState
2019-10-18 08:19:54,850 [Thread-968] INFO  impl.FollowerState (FollowerState.java:run(108)) - 47aecc56-7e95-480d-b89c-2c00d33b4782@group-5EC277DF3249-FollowerState: change to CANDIDATE, lastRpcTime:82ms, electionTimeout:82ms
2019-10-18 08:19:54,850 [Thread-968] INFO  impl.RoleInfo (RoleInfo.java:shutdownFollowerState(121)) - 47aecc56-7e95-480d-b89c-2c00d33b4782: shutdown FollowerState
2019-10-18 08:19:54,850 [Thread-968] INFO  impl.RaftServerImpl (RaftServerImpl.java:setRole(184)) - 47aecc56-7e95-480d-b89c-2c00d33b4782@group-5EC277DF3249: changes role from  FOLLOWER to CANDIDATE at term 38 for changeToCandidate
2019-10-18 08:19:54,851 [Thread-968] INFO  impl.RoleInfo (RoleInfo.java:updateAndGet(143)) - 47aecc56-7e95-480d-b89c-2c00d33b4782: start LeaderElection
2019-10-18 08:19:54,864 [47aecc56-7e95-480d-b89c-2c00d33b4782@group-5EC277DF3249-LeaderElection50] INFO  impl.LeaderElection (LeaderElection.java:askForVotes(178)) - 47aecc56-7e95-480d-b89c-2c00d33b4782@group-5EC277DF3249-LeaderElection50: begin an election at term 39 for -1: [47aecc56-7e95-480d-b89c-2c00d33b4782:192.168.69.67:34550, 1bc296c6-def6-4ae4-8c62-5b4c951a28f1:192.168.69.67:37222, bc0382cc-50e2-4d58-b2de-e8b6250f3520:192.168.69.67:37666], old=null
2019-10-18 08:19:54,869 [grpc-default-executor-5] INFO  impl.RaftServerImpl (RaftServerImpl.java:setRole(184)) - 1bc296c6-def6-4ae4-8c62-5b4c951a28f1@group-5EC277DF3249: changes role from  FOLLOWER to FOLLOWER at term 39 for recognizeCandidate:47aecc56-7e95-480d-b89c-2c00d33b4782
2019-10-18 08:19:54,869 [grpc-default-executor-3] INFO  impl.RaftServerImpl (RaftServerImpl.java:setRole(184)) - bc0382cc-50e2-4d58-b2de-e8b6250f3520@group-5EC277DF3249: changes role from  FOLLOWER to FOLLOWER at term 39 for recognizeCandidate:47aecc56-7e95-480d-b89c-2c00d33b4782
2019-10-18 08:19:54,869 [grpc-default-executor-5] INFO  impl.RoleInfo (RoleInfo.java:shutdownFollowerState(121)) - 1bc296c6-def6-4ae4-8c62-5b4c951a28f1: shutdown FollowerState
2019-10-18 08:19:54,869 [grpc-default-executor-3] INFO  impl.RoleInfo (RoleInfo.java:shutdownFollowerState(121)) - bc0382cc-50e2-4d58-b2de-e8b6250f3520: shutdown FollowerState
2019-10-18 08:19:54,869 [Thread-966] INFO  impl.FollowerState (FollowerState.java:run(117)) - 1bc296c6-def6-4ae4-8c62-5b4c951a28f1@group-5EC277DF3249-FollowerState was interrupted: java.lang.InterruptedException: sleep interrupted
2019-10-18 08:19:54,869 [grpc-default-executor-5] INFO  impl.RoleInfo (RoleInfo.java:updateAndGet(143)) - 1bc296c6-def6-4ae4-8c62-5b4c951a28f1: start FollowerState
2019-10-18 08:19:54,870 [grpc-default-executor-3] INFO  impl.RoleInfo (RoleInfo.java:updateAndGet(143)) - bc0382cc-50e2-4d58-b2de-e8b6250f3520: start FollowerState
2019-10-18 08:19:54,870 [Thread-967] INFO  impl.FollowerState (FollowerState.java:run(117)) - bc0382cc-50e2-4d58-b2de-e8b6250f3520@group-5EC277DF3249-FollowerState was interrupted: java.lang.InterruptedException: sleep interrupted
2019-10-18 08:19:54,884 [47aecc56-7e95-480d-b89c-2c00d33b4782@group-5EC277DF3249-LeaderElection50] INFO  impl.LeaderElection (LeaderElection.java:logAndReturn(56)) - 47aecc56-7e95-480d-b89c-2c00d33b4782@group-5EC277DF3249-LeaderElection50: Election REJECTED; received 2 response(s) [47aecc56-7e95-480d-b89c-2c00d33b4782<-1bc296c6-def6-4ae4-8c62-5b4c951a28f1#0:FAIL-t39, 47aecc56-7e95-480d-b89c-2c00d33b4782<-bc0382cc-50e2-4d58-b2de-e8b6250f3520#0:FAIL-t39] and 0 exception(s); 47aecc56-7e95-480d-b89c-2c00d33b4782@group-5EC277DF3249:t39, leader=null, voted=47aecc56-7e95-480d-b89c-2c00d33b4782, raftlog=47aecc56-7e95-480d-b89c-2c00d33b4782@group-5EC277DF3249-SegmentedRaftLog:OPENED:c-1,f-1,i0, conf=-1: [47aecc56-7e95-480d-b89c-2c00d33b4782:192.168.69.67:34550, 1bc296c6-def6-4ae4-8c62-5b4c951a28f1:192.168.69.67:37222, bc0382cc-50e2-4d58-b2de-e8b6250f3520:192.168.69.67:37666], old=null
2019-10-18 08:19:54,885 [47aecc56-7e95-480d-b89c-2c00d33b4782@group-5EC277DF3249-LeaderElection50] INFO  impl.RaftServerImpl (RaftServerImpl.java:setRole(184)) - 47aecc56-7e95-480d-b89c-2c00d33b4782@group-5EC277DF3249: changes role from CANDIDATE to FOLLOWER at term 39 for DISCOVERED_A_NEW_TERM
2019-10-18 08:19:54,885 [47aecc56-7e95-480d-b89c-2c00d33b4782@group-5EC277DF3249-LeaderElection50] INFO  impl.RoleInfo (RoleInfo.java:shutdownLeaderElection(134)) - 47aecc56-7e95-480d-b89c-2c00d33b4782: shutdown LeaderElection
2019-10-18 08:19:54,885 [47aecc56-7e95-480d-b89c-2c00d33b4782@group-5EC277DF3249-LeaderElection50] INFO  impl.RoleInfo (RoleInfo.java:updateAndGet(143)) - 47aecc56-7e95-480d-b89c-2c00d33b4782: start FollowerState
2019-10-18 08:19:54,887 [Thread-974] INFO  impl.FollowerState (FollowerState.java:run(108)) - 47aecc56-7e95-480d-b89c-2c00d33b4782@group-5EC277DF3249-FollowerState: change to CANDIDATE, lastRpcTime:1ms, electionTimeout:1ms
2019-10-18 08:19:54,887 [Thread-974] INFO  impl.RoleInfo (RoleInfo.java:shutdownFollowerState(121)) - 47aecc56-7e95-480d-b89c-2c00d33b4782: shutdown FollowerState
2019-10-18 08:19:54,887 [Thread-974] INFO  impl.RaftServerImpl (RaftServerImpl.java:setRole(184)) - 47aecc56-7e95-480d-b89c-2c00d33b4782@group-5EC277DF3249: changes role from  FOLLOWER to CANDIDATE at term 39 for changeToCandidate
2019-10-18 08:19:54,887 [Thread-974] INFO  impl.RoleInfo (RoleInfo.java:updateAndGet(143)) - 47aecc56-7e95-480d-b89c-2c00d33b4782: start LeaderElection
2019-10-18 08:19:54,900 [47aecc56-7e95-480d-b89c-2c00d33b4782@group-5EC277DF3249-LeaderElection51] INFO  impl.LeaderElection (LeaderElection.java:askForVotes(178)) - 47aecc56-7e95-480d-b89c-2c00d33b4782@group-5EC277DF3249-LeaderElection51: begin an election at term 40 for -1: [47aecc56-7e95-480d-b89c-2c00d33b4782:192.168.69.67:34550, 1bc296c6-def6-4ae4-8c62-5b4c951a28f1:192.168.69.67:37222, bc0382cc-50e2-4d58-b2de-e8b6250f3520:192.168.69.67:37666], old=null
2019-10-18 08:19:54,904 [grpc-default-executor-5] INFO  impl.RaftServerImpl (RaftServerImpl.java:setRole(184)) - 1bc296c6-def6-4ae4-8c62-5b4c951a28f1@group-5EC277DF3249: changes role from  FOLLOWER to FOLLOWER at term 40 for recognizeCandidate:47aecc56-7e95-480d-b89c-2c00d33b4782
2019-10-18 08:19:54,904 [grpc-default-executor-3] INFO  impl.RaftServerImpl (RaftServerImpl.java:setRole(184)) - bc0382cc-50e2-4d58-b2de-e8b6250f3520@group-5EC277DF3249: changes role from  FOLLOWER to FOLLOWER at term 40 for recognizeCandidate:47aecc56-7e95-480d-b89c-2c00d33b4782
2019-10-18 08:19:54,904 [grpc-default-executor-5] INFO  impl.RoleInfo (RoleInfo.java:shutdownFollowerState(121)) - 1bc296c6-def6-4ae4-8c62-5b4c951a28f1: shutdown FollowerState
2019-10-18 08:19:54,904 [grpc-default-executor-3] INFO  impl.RoleInfo (RoleInfo.java:shutdownFollowerState(121)) - bc0382cc-50e2-4d58-b2de-e8b6250f3520: shutdown FollowerState
2019-10-18 08:19:54,904 [grpc-default-executor-5] INFO  impl.RoleInfo (RoleInfo.java:updateAndGet(143)) - 1bc296c6-def6-4ae4-8c62-5b4c951a28f1: start FollowerState
2019-10-18 08:19:54,904 [Thread-972] INFO  impl.FollowerState (FollowerState.java:run(117)) - 1bc296c6-def6-4ae4-8c62-5b4c951a28f1@group-5EC277DF3249-FollowerState was interrupted: java.lang.InterruptedException: sleep interrupted
2019-10-18 08:19:54,905 [grpc-default-executor-3] INFO  impl.RoleInfo (RoleInfo.java:updateAndGet(143)) - bc0382cc-50e2-4d58-b2de-e8b6250f3520: start FollowerState
2019-10-18 08:19:54,905 [Thread-973] INFO  impl.FollowerState (FollowerState.java:run(117)) - bc0382cc-50e2-4d58-b2de-e8b6250f3520@group-5EC277DF3249-FollowerState was interrupted: java.lang.InterruptedException: sleep interrupted
2019-10-18 08:19:54,921 [47aecc56-7e95-480d-b89c-2c00d33b4782@group-5EC277DF3249-LeaderElection51] INFO  impl.LeaderElection (LeaderElection.java:logAndReturn(56)) - 47aecc56-7e95-480d-b89c-2c00d33b4782@group-5EC277DF3249-LeaderElection51: Election REJECTED; received 2 response(s) [47aecc56-7e95-480d-b89c-2c00d33b4782<-1bc296c6-def6-4ae4-8c62-5b4c951a28f1#0:FAIL-t40, 47aecc56-7e95-480d-b89c-2c00d33b4782<-bc0382cc-50e2-4d58-b2de-e8b6250f3520#0:FAIL-t40] and 0 exception(s); 47aecc56-7e95-480d-b89c-2c00d33b4782@group-5EC277DF3249:t40, leader=null, voted=47aecc56-7e95-480d-b89c-2c00d33b4782, raftlog=47aecc56-7e95-480d-b89c-2c00d33b4782@group-5EC277DF3249-SegmentedRaftLog:OPENED:c-1,f-1,i0, conf=-1: [47aecc56-7e95-480d-b89c-2c00d33b4782:192.168.69.67:34550, 1bc296c6-def6-4ae4-8c62-5b4c951a28f1:192.168.69.67:37222, bc0382cc-50e2-4d58-b2de-e8b6250f3520:192.168.69.67:37666], old=null
2019-10-18 08:19:54,921 [47aecc56-7e95-480d-b89c-2c00d33b4782@group-5EC277DF3249-LeaderElection51] INFO  impl.RaftServerImpl (RaftServerImpl.java:setRole(184)) - 47aecc56-7e95-480d-b89c-2c00d33b4782@group-5EC277DF3249: changes role from CANDIDATE to FOLLOWER at term 40 for DISCOVERED_A_NEW_TERM
2019-10-18 08:19:54,921 [47aecc56-7e95-480d-b89c-2c00d33b4782@group-5EC277DF3249-LeaderElection51] INFO  impl.RoleInfo (RoleInfo.java:shutdownLeaderElection(134)) - 47aecc56-7e95-480d-b89c-2c00d33b4782: shutdown LeaderElection
2019-10-18 08:19:54,921 [47aecc56-7e95-480d-b89c-2c00d33b4782@group-5EC277DF3249-LeaderElection51] INFO  impl.RoleInfo (RoleInfo.java:updateAndGet(143)) - 47aecc56-7e95-480d-b89c-2c00d33b4782: start FollowerState
2019-10-18 08:19:55,122 [Thread-980] INFO  impl.FollowerState (FollowerState.java:run(108)) - 47aecc56-7e95-480d-b89c-2c00d33b4782@group-5EC277DF3249-FollowerState: change to CANDIDATE, lastRpcTime:200ms, electionTimeout:200ms
2019-10-18 08:19:55,122 [Thread-980] INFO  impl.RoleInfo (RoleInfo.java:shutdownFollowerState(121)) - 47aecc56-7e95-480d-b89c-2c00d33b4782: shutdown FollowerState
2019-10-18 08:19:55,122 [Thread-980] INFO  impl.RaftServerImpl (RaftServerImpl.java:setRole(184)) - 47aecc56-7e95-480d-b89c-2c00d33b4782@group-5EC277DF3249: changes role from  FOLLOWER to CANDIDATE at term 40 for changeToCandidate
2019-10-18 08:19:55,123 [Thread-980] INFO  impl.RoleInfo (RoleInfo.java:updateAndGet(143)) - 47aecc56-7e95-480d-b89c-2c00d33b4782: start LeaderElection
2019-10-18 08:19:55,137 [47aecc56-7e95-480d-b89c-2c00d33b4782@group-5EC277DF3249-LeaderElection52] INFO  impl.LeaderElection (LeaderElection.java:askForVotes(178)) - 47aecc56-7e95-480d-b89c-2c00d33b4782@group-5EC277DF3249-LeaderElection52: begin an election at term 41 for -1: [47aecc56-7e95-480d-b89c-2c00d33b4782:192.168.69.67:34550, 1bc296c6-def6-4ae4-8c62-5b4c951a28f1:192.168.69.67:37222, bc0382cc-50e2-4d58-b2de-e8b6250f3520:192.168.69.67:37666], old=null
2019-10-18 08:19:55,141 [grpc-default-executor-3] INFO  impl.RaftServerImpl (RaftServerImpl.java:setRole(184)) - bc0382cc-50e2-4d58-b2de-e8b6250f3520@group-5EC277DF3249: changes role from  FOLLOWER to FOLLOWER at term 41 for recognizeCandidate:47aecc56-7e95-480d-b89c-2c00d33b4782
2019-10-18 08:19:55,142 [grpc-default-executor-3] INFO  impl.RoleInfo (RoleInfo.java:shutdownFollowerState(121)) - bc0382cc-50e2-4d58-b2de-e8b6250f3520: shutdown FollowerState
2019-10-18 08:19:55,141 [grpc-default-executor-5] INFO  impl.RaftServerImpl (RaftServerImpl.java:setRole(184)) - 1bc296c6-def6-4ae4-8c62-5b4c951a28f1@group-5EC277DF3249: changes role from  FOLLOWER to FOLLOWER at term 41 for recognizeCandidate:47aecc56-7e95-480d-b89c-2c00d33b4782
2019-10-18 08:19:55,142 [grpc-default-executor-3] INFO  impl.RoleInfo (RoleInfo.java:updateAndGet(143)) - bc0382cc-50e2-4d58-b2de-e8b6250f3520: start FollowerState
2019-10-18 08:19:55,142 [Thread-979] INFO  impl.FollowerState (FollowerState.java:run(117)) - bc0382cc-50e2-4d58-b2de-e8b6250f3520@group-5EC277DF3249-FollowerState was interrupted: java.lang.InterruptedException: sleep interrupted
2019-10-18 08:19:55,142 [grpc-default-executor-5] INFO  impl.RoleInfo (RoleInfo.java:shutdownFollowerState(121)) - 1bc296c6-def6-4ae4-8c62-5b4c951a28f1: shutdown FollowerState
2019-10-18 08:19:55,142 [grpc-default-executor-5] INFO  impl.RoleInfo (RoleInfo.java:updateAndGet(143)) - 1bc296c6-def6-4ae4-8c62-5b4c951a28f1: start FollowerState
2019-10-18 08:19:55,142 [Thread-978] INFO  impl.FollowerState (FollowerState.java:run(117)) - 1bc296c6-def6-4ae4-8c62-5b4c951a28f1@group-5EC277DF3249-FollowerState was interrupted: java.lang.InterruptedException: sleep interrupted
2019-10-18 08:19:55,156 [47aecc56-7e95-480d-b89c-2c00d33b4782@group-5EC277DF3249-LeaderElection52] INFO  impl.LeaderElection (LeaderElection.java:logAndReturn(56)) - 47aecc56-7e95-480d-b89c-2c00d33b4782@group-5EC277DF3249-LeaderElection52: Election REJECTED; received 2 response(s) [47aecc56-7e95-480d-b89c-2c00d33b4782<-1bc296c6-def6-4ae4-8c62-5b4c951a28f1#0:FAIL-t41, 47aecc56-7e95-480d-b89c-2c00d33b4782<-bc0382cc-50e2-4d58-b2de-e8b6250f3520#0:FAIL-t41] and 0 exception(s); 47aecc56-7e95-480d-b89c-2c00d33b4782@group-5EC277DF3249:t41, leader=null, voted=47aecc56-7e95-480d-b89c-2c00d33b4782, raftlog=47aecc56-7e95-480d-b89c-2c00d33b4782@group-5EC277DF3249-SegmentedRaftLog:OPENED:c-1,f-1,i0, conf=-1: [47aecc56-7e95-480d-b89c-2c00d33b4782:192.168.69.67:34550, 1bc296c6-def6-4ae4-8c62-5b4c951a28f1:192.168.69.67:37222, bc0382cc-50e2-4d58-b2de-e8b6250f3520:192.168.69.67:37666], old=null
2019-10-18 08:19:55,157 [47aecc56-7e95-480d-b89c-2c00d33b4782@group-5EC277DF3249-LeaderElection52] INFO  impl.RaftServerImpl (RaftServerImpl.java:setRole(184)) - 47aecc56-7e95-480d-b89c-2c00d33b4782@group-5EC277DF3249: changes role from CANDIDATE to FOLLOWER at term 41 for DISCOVERED_A_NEW_TERM
2019-10-18 08:19:55,157 [47aecc56-7e95-480d-b89c-2c00d33b4782@group-5EC277DF3249-LeaderElection52] INFO  impl.RoleInfo (RoleInfo.java:shutdownLeaderElection(134)) - 47aecc56-7e95-480d-b89c-2c00d33b4782: shutdown LeaderElection
2019-10-18 08:19:55,157 [47aecc56-7e95-480d-b89c-2c00d33b4782@group-5EC277DF3249-LeaderElection52] INFO  impl.RoleInfo (RoleInfo.java:updateAndGet(143)) - 47aecc56-7e95-480d-b89c-2c00d33b4782: start FollowerState
 0.00% |?                                                                                                    |  0/1 Time: 0:04:032019-10-18 08:19:55,334 [Thread-986] INFO  impl.FollowerState (FollowerState.java:run(108)) - 47aecc56-7e95-480d-b89c-2c00d33b4782@group-5EC277DF3249-FollowerState: change to CANDIDATE, lastRpcTime:177ms, electionTimeout:177ms
2019-10-18 08:19:55,335 [Thread-986] INFO  impl.RoleInfo (RoleInfo.java:shutdownFollowerState(121)) - 47aecc56-7e95-480d-b89c-2c00d33b4782: shutdown FollowerState
2019-10-18 08:19:55,335 [Thread-986] INFO  impl.RaftServerImpl (RaftServerImpl.java:setRole(184)) - 47aecc56-7e95-480d-b89c-2c00d33b4782@group-5EC277DF3249: changes role from  FOLLOWER to CANDIDATE at term 41 for changeToCandidate
2019-10-18 08:19:55,335 [Thread-986] INFO  impl.RoleInfo (RoleInfo.java:updateAndGet(143)) - 47aecc56-7e95-480d-b89c-2c00d33b4782: start LeaderElection
2019-10-18 08:19:55,349 [47aecc56-7e95-480d-b89c-2c00d33b4782@group-5EC277DF3249-LeaderElection53] INFO  impl.LeaderElection (LeaderElection.java:askForVotes(178)) - 47aecc56-7e95-480d-b89c-2c00d33b4782@group-5EC277DF3249-LeaderElection53: begin an election at term 42 for -1: [47aecc56-7e95-480d-b89c-2c00d33b4782:192.168.69.67:34550, 1bc296c6-def6-4ae4-8c62-5b4c951a28f1:192.168.69.67:37222, bc0382cc-50e2-4d58-b2de-e8b6250f3520:192.168.69.67:37666], old=null
2019-10-18 08:19:55,352 [grpc-default-executor-5] INFO  impl.RaftServerImpl (RaftServerImpl.java:setRole(184)) - 1bc296c6-def6-4ae4-8c62-5b4c951a28f1@group-5EC277DF3249: changes role from  FOLLOWER to FOLLOWER at term 42 for recognizeCandidate:47aecc56-7e95-480d-b89c-2c00d33b4782
2019-10-18 08:19:55,354 [grpc-default-executor-5] INFO  impl.RoleInfo (RoleInfo.java:shutdownFollowerState(121)) - 1bc296c6-def6-4ae4-8c62-5b4c951a28f1: shutdown FollowerState
2019-10-18 08:19:55,354 [grpc-default-executor-5] INFO  impl.RoleInfo (RoleInfo.java:updateAndGet(143)) - 1bc296c6-def6-4ae4-8c62-5b4c951a28f1: start FollowerState
2019-10-18 08:19:55,354 [grpc-default-executor-3] INFO  impl.RaftServerImpl (RaftServerImpl.java:setRole(184)) - bc0382cc-50e2-4d58-b2de-e8b6250f3520@group-5EC277DF3249: changes role from  FOLLOWER to FOLLOWER at term 42 for recognizeCandidate:47aecc56-7e95-480d-b89c-2c00d33b4782
2019-10-18 08:19:55,354 [Thread-985] INFO  impl.FollowerState (FollowerState.java:run(117)) - 1bc296c6-def6-4ae4-8c62-5b4c951a28f1@group-5EC277DF3249-FollowerState was interrupted: java.lang.InterruptedException: sleep interrupted
2019-10-18 08:19:55,355 [grpc-default-executor-3] INFO  impl.RoleInfo (RoleInfo.java:shutdownFollowerState(121)) - bc0382cc-50e2-4d58-b2de-e8b6250f3520: shutdown FollowerState
2019-10-18 08:19:55,355 [grpc-default-executor-3] INFO  impl.RoleInfo (RoleInfo.java:updateAndGet(143)) - bc0382cc-50e2-4d58-b2de-e8b6250f3520: start FollowerState
2019-10-18 08:19:55,355 [Thread-984] INFO  impl.FollowerState (FollowerState.java:run(117)) - bc0382cc-50e2-4d58-b2de-e8b6250f3520@group-5EC277DF3249-FollowerState was interrupted: java.lang.InterruptedException: sleep interrupted
2019-10-18 08:19:55,369 [47aecc56-7e95-480d-b89c-2c00d33b4782@group-5EC277DF3249-LeaderElection53] INFO  impl.LeaderElection (LeaderElection.java:logAndReturn(56)) - 47aecc56-7e95-480d-b89c-2c00d33b4782@group-5EC277DF3249-LeaderElection53: Election REJECTED; received 2 response(s) [47aecc56-7e95-480d-b89c-2c00d33b4782<-1bc296c6-def6-4ae4-8c62-5b4c951a28f1#0:FAIL-t42, 47aecc56-7e95-480d-b89c-2c00d33b4782<-bc0382cc-50e2-4d58-b2de-e8b6250f3520#0:FAIL-t42] and 0 exception(s); 47aecc56-7e95-480d-b89c-2c00d33b4782@group-5EC277DF3249:t42, leader=null, voted=47aecc56-7e95-480d-b89c-2c00d33b4782, raftlog=47aecc56-7e95-480d-b89c-2c00d33b4782@group-5EC277DF3249-SegmentedRaftLog:OPENED:c-1,f-1,i0, conf=-1: [47aecc56-7e95-480d-b89c-2c00d33b4782:192.168.69.67:34550, 1bc296c6-def6-4ae4-8c62-5b4c951a28f1:192.168.69.67:37222, bc0382cc-50e2-4d58-b2de-e8b6250f3520:192.168.69.67:37666], old=null
2019-10-18 08:19:55,369 [47aecc56-7e95-480d-b89c-2c00d33b4782@group-5EC277DF3249-LeaderElection53] INFO  impl.RaftServerImpl (RaftServerImpl.java:setRole(184)) - 47aecc56-7e95-480d-b89c-2c00d33b4782@group-5EC277DF3249: changes role from CANDIDATE to FOLLOWER at term 42 for DISCOVERED_A_NEW_TERM
2019-10-18 08:19:55,370 [47aecc56-7e95-480d-b89c-2c00d33b4782@group-5EC277DF3249-LeaderElection53] INFO  impl.RoleInfo (RoleInfo.java:shutdownLeaderElection(134)) - 47aecc56-7e95-480d-b89c-2c00d33b4782: shutdown LeaderElection
2019-10-18 08:19:55,370 [47aecc56-7e95-480d-b89c-2c00d33b4782@group-5EC277DF3249-LeaderElection53] INFO  impl.RoleInfo (RoleInfo.java:updateAndGet(143)) - 47aecc56-7e95-480d-b89c-2c00d33b4782: start FollowerState
2019-10-18 08:19:55,398 [Thread-994] INFO  impl.FollowerState (FollowerState.java:run(108)) - 47aecc56-7e95-480d-b89c-2c00d33b4782@group-5EC277DF3249-FollowerState: change to CANDIDATE, lastRpcTime:28ms, electionTimeout:28ms
2019-10-18 08:19:55,398 [Thread-994] INFO  impl.RoleInfo (RoleInfo.java:shutdownFollowerState(121)) - 47aecc56-7e95-480d-b89c-2c00d33b4782: shutdown FollowerState
2019-10-18 08:19:55,399 [Thread-994] INFO  impl.RaftServerImpl (RaftServerImpl.java:setRole(184)) - 47aecc56-7e95-480d-b89c-2c00d33b4782@group-5EC277DF3249: changes role from  FOLLOWER to CANDIDATE at term 42 for changeToCandidate
2019-10-18 08:19:55,399 [Thread-994] INFO  impl.RoleInfo (RoleInfo.java:updateAndGet(143)) - 47aecc56-7e95-480d-b89c-2c00d33b4782: start LeaderElection
2019-10-18 08:19:55,425 [47aecc56-7e95-480d-b89c-2c00d33b4782@group-5EC277DF3249-LeaderElection54] INFO  impl.LeaderElection (LeaderElection.java:askForVotes(178)) - 47aecc56-7e95-480d-b89c-2c00d33b4782@group-5EC277DF3249-LeaderElection54: begin an election at term 43 for -1: [47aecc56-7e95-480d-b89c-2c00d33b4782:192.168.69.67:34550, 1bc296c6-def6-4ae4-8c62-5b4c951a28f1:192.168.69.67:37222, bc0382cc-50e2-4d58-b2de-e8b6250f3520:192.168.69.67:37666], old=null
2019-10-18 08:19:55,427 [grpc-default-executor-5] INFO  impl.RaftServerImpl (RaftServerImpl.java:setRole(184)) - bc0382cc-50e2-4d58-b2de-e8b6250f3520@group-5EC277DF3249: changes role from  FOLLOWER to FOLLOWER at term 43 for recognizeCandidate:47aecc56-7e95-480d-b89c-2c00d33b4782
2019-10-18 08:19:55,427 [grpc-default-executor-3] INFO  impl.RaftServerImpl (RaftServerImpl.java:setRole(184)) - 1bc296c6-def6-4ae4-8c62-5b4c951a28f1@group-5EC277DF3249: changes role from  FOLLOWER to FOLLOWER at term 43 for recognizeCandidate:47aecc56-7e95-480d-b89c-2c00d33b4782
2019-10-18 08:19:55,427 [grpc-default-executor-5] INFO  impl.RoleInfo (RoleInfo.java:shutdownFollowerState(121)) - bc0382cc-50e2-4d58-b2de-e8b6250f3520: shutdown FollowerState
2019-10-18 08:19:55,427 [grpc-default-executor-3] INFO  impl.RoleInfo (RoleInfo.java:shutdownFollowerState(121)) - 1bc296c6-def6-4ae4-8c62-5b4c951a28f1: shutdown FollowerState
2019-10-18 08:19:55,428 [Thread-993] INFO  impl.FollowerState (FollowerState.java:run(117)) - bc0382cc-50e2-4d58-b2de-e8b6250f3520@group-5EC277DF3249-FollowerState was interrupted: java.lang.InterruptedException: sleep interrupted
2019-10-18 08:19:55,428 [grpc-default-executor-3] INFO  impl.RoleInfo (RoleInfo.java:updateAndGet(143)) - 1bc296c6-def6-4ae4-8c62-5b4c951a28f1: start FollowerState
2019-10-18 08:19:55,428 [grpc-default-executor-5] INFO  impl.RoleInfo (RoleInfo.java:updateAndGet(143)) - bc0382cc-50e2-4d58-b2de-e8b6250f3520: start FollowerState
2019-10-18 08:19:55,428 [Thread-992] INFO  impl.FollowerState (FollowerState.java:run(117)) - 1bc296c6-def6-4ae4-8c62-5b4c951a28f1@group-5EC277DF3249-FollowerState was interrupted: java.lang.InterruptedException: sleep interrupted
2019-10-18 08:19:55,443 [47aecc56-7e95-480d-b89c-2c00d33b4782@group-5EC277DF3249-LeaderElection54] INFO  impl.LeaderElection (LeaderElection.java:logAndReturn(56)) - 47aecc56-7e95-480d-b89c-2c00d33b4782@group-5EC277DF3249-LeaderElection54: Election REJECTED; received 2 response(s) [47aecc56-7e95-480d-b89c-2c00d33b4782<-1bc296c6-def6-4ae4-8c62-5b4c951a28f1#0:FAIL-t43, 47aecc56-7e95-480d-b89c-2c00d33b4782<-bc0382cc-50e2-4d58-b2de-e8b6250f3520#0:FAIL-t43] and 0 exception(s); 47aecc56-7e95-480d-b89c-2c00d33b4782@group-5EC277DF3249:t43, leader=null, voted=47aecc56-7e95-480d-b89c-2c00d33b4782, raftlog=47aecc56-7e95-480d-b89c-2c00d33b4782@group-5EC277DF3249-SegmentedRaftLog:OPENED:c-1,f-1,i0, conf=-1: [47aecc56-7e95-480d-b89c-2c00d33b4782:192.168.69.67:34550, 1bc296c6-def6-4ae4-8c62-5b4c951a28f1:192.168.69.67:37222, bc0382cc-50e2-4d58-b2de-e8b6250f3520:192.168.69.67:37666], old=null
2019-10-18 08:19:55,443 [47aecc56-7e95-480d-b89c-2c00d33b4782@group-5EC277DF3249-LeaderElection54] INFO  impl.RaftServerImpl (RaftServerImpl.java:setRole(184)) - 47aecc56-7e95-480d-b89c-2c00d33b4782@group-5EC277DF3249: changes role from CANDIDATE to FOLLOWER at term 43 for DISCOVERED_A_NEW_TERM
2019-10-18 08:19:55,443 [47aecc56-7e95-480d-b89c-2c00d33b4782@group-5EC277DF3249-LeaderElection54] INFO  impl.RoleInfo (RoleInfo.java:shutdownLeaderElection(134)) - 47aecc56-7e95-480d-b89c-2c00d33b4782: shutdown LeaderElection
2019-10-18 08:19:55,443 [47aecc56-7e95-480d-b89c-2c00d33b4782@group-5EC277DF3249-LeaderElection54] INFO  impl.RoleInfo (RoleInfo.java:updateAndGet(143)) - 47aecc56-7e95-480d-b89c-2c00d33b4782: start FollowerState
2019-10-18 08:19:55,536 [Thread-1000] INFO  impl.FollowerState (FollowerState.java:run(108)) - 47aecc56-7e95-480d-b89c-2c00d33b4782@group-5EC277DF3249-FollowerState: change to CANDIDATE, lastRpcTime:92ms, electionTimeout:92ms
2019-10-18 08:19:55,536 [Thread-1000] INFO  impl.RoleInfo (RoleInfo.java:shutdownFollowerState(121)) - 47aecc56-7e95-480d-b89c-2c00d33b4782: shutdown FollowerState
2019-10-18 08:19:55,536 [Thread-1000] INFO  impl.RaftServerImpl (RaftServerImpl.java:setRole(184)) - 47aecc56-7e95-480d-b89c-2c00d33b4782@group-5EC277DF3249: changes role from  FOLLOWER to CANDIDATE at term 43 for changeToCandidate
2019-10-18 08:19:55,536 [Thread-1000] INFO  impl.RoleInfo (RoleInfo.java:updateAndGet(143)) - 47aecc56-7e95-480d-b89c-2c00d33b4782: start LeaderElection
2019-10-18 08:19:55,552 [47aecc56-7e95-480d-b89c-2c00d33b4782@group-5EC277DF3249-LeaderElection55] INFO  impl.LeaderElection (LeaderElection.java:askForVotes(178)) - 47aecc56-7e95-480d-b89c-2c00d33b4782@group-5EC277DF3249-LeaderElection55: begin an election at term 44 for -1: [47aecc56-7e95-480d-b89c-2c00d33b4782:192.168.69.67:34550, 1bc296c6-def6-4ae4-8c62-5b4c951a28f1:192.168.69.67:37222, bc0382cc-50e2-4d58-b2de-e8b6250f3520:192.168.69.67:37666], old=null
2019-10-18 08:19:55,553 [grpc-default-executor-3] INFO  impl.RaftServerImpl (RaftServerImpl.java:setRole(184)) - 1bc296c6-def6-4ae4-8c62-5b4c951a28f1@group-5EC277DF3249: changes role from  FOLLOWER to FOLLOWER at term 44 for recognizeCandidate:47aecc56-7e95-480d-b89c-2c00d33b4782
2019-10-18 08:19:55,553 [grpc-default-executor-5] INFO  impl.RaftServerImpl (RaftServerImpl.java:setRole(184)) - bc0382cc-50e2-4d58-b2de-e8b6250f3520@group-5EC277DF3249: changes role from  FOLLOWER to FOLLOWER at term 44 for recognizeCandidate:47aecc56-7e95-480d-b89c-2c00d33b4782
2019-10-18 08:19:55,553 [grpc-default-executor-3] INFO  impl.RoleInfo (RoleInfo.java:shutdownFollowerState(121)) - 1bc296c6-def6-4ae4-8c62-5b4c951a28f1: shutdown FollowerState
2019-10-18 08:19:55,554 [grpc-default-executor-5] INFO  impl.RoleInfo (RoleInfo.java:shutdownFollowerState(121)) - bc0382cc-50e2-4d58-b2de-e8b6250f3520: shutdown FollowerState
2019-10-18 08:19:55,554 [Thread-999] INFO  impl.FollowerState (FollowerState.java:run(117)) - 1bc296c6-def6-4ae4-8c62-5b4c951a28f1@group-5EC277DF3249-FollowerState was interrupted: java.lang.InterruptedException: sleep interrupted
2019-10-18 08:19:55,554 [grpc-default-executor-3] INFO  impl.RoleInfo (RoleInfo.java:updateAndGet(143)) - 1bc296c6-def6-4ae4-8c62-5b4c951a28f1: start FollowerState
2019-10-18 08:19:55,554 [Thread-998] INFO  impl.FollowerState (FollowerState.java:run(117)) - bc0382cc-50e2-4d58-b2de-e8b6250f3520@group-5EC277DF3249-FollowerState was interrupted: java.lang.InterruptedException: sleep interrupted
2019-10-18 08:19:55,554 [grpc-default-executor-5] INFO  impl.RoleInfo (RoleInfo.java:updateAndGet(143)) - bc0382cc-50e2-4d58-b2de-e8b6250f3520: start FollowerState
2019-10-18 08:19:55,570 [47aecc56-7e95-480d-b89c-2c00d33b4782@group-5EC277DF3249-LeaderElection55] INFO  impl.LeaderElection (LeaderElection.java:logAndReturn(56)) - 47aecc56-7e95-480d-b89c-2c00d33b4782@group-5EC277DF3249-LeaderElection55: Election REJECTED; received 2 response(s) [47aecc56-7e95-480d-b89c-2c00d33b4782<-1bc296c6-def6-4ae4-8c62-5b4c951a28f1#0:FAIL-t44, 47aecc56-7e95-480d-b89c-2c00d33b4782<-bc0382cc-50e2-4d58-b2de-e8b6250f3520#0:FAIL-t44] and 0 exception(s); 47aecc56-7e95-480d-b89c-2c00d33b4782@group-5EC277DF3249:t44, leader=null, voted=47aecc56-7e95-480d-b89c-2c00d33b4782, raftlog=47aecc56-7e95-480d-b89c-2c00d33b4782@group-5EC277DF3249-SegmentedRaftLog:OPENED:c-1,f-1,i0, conf=-1: [47aecc56-7e95-480d-b89c-2c00d33b4782:192.168.69.67:34550, 1bc296c6-def6-4ae4-8c62-5b4c951a28f1:192.168.69.67:37222, bc0382cc-50e2-4d58-b2de-e8b6250f3520:192.168.69.67:37666], old=null
2019-10-18 08:19:55,570 [47aecc56-7e95-480d-b89c-2c00d33b4782@group-5EC277DF3249-LeaderElection55] INFO  impl.RaftServerImpl (RaftServerImpl.java:setRole(184)) - 47aecc56-7e95-480d-b89c-2c00d33b4782@group-5EC277DF3249: changes role from CANDIDATE to FOLLOWER at term 44 for DISCOVERED_A_NEW_TERM
2019-10-18 08:19:55,571 [47aecc56-7e95-480d-b89c-2c00d33b4782@group-5EC277DF3249-LeaderElection55] INFO  impl.RoleInfo (RoleInfo.java:shutdownLeaderElection(134)) - 47aecc56-7e95-480d-b89c-2c00d33b4782: shutdown LeaderElection
2019-10-18 08:19:55,571 [47aecc56-7e95-480d-b89c-2c00d33b4782@group-5EC277DF3249-LeaderElection55] INFO  impl.RoleInfo (RoleInfo.java:updateAndGet(143)) - 47aecc56-7e95-480d-b89c-2c00d33b4782: start FollowerState
2019-10-18 08:19:55,584 [grpc-default-executor-9] INFO  impl.FollowerInfo (FollowerInfo.java:lambda$new$0(51)) - 1bc296c6-def6-4ae4-8c62-5b4c951a28f1@group-5EC277DF3249->bc0382cc-50e2-4d58-b2de-e8b6250f3520: nextIndex: updateUnconditionally 1 -> 0
2019-10-18 08:19:55,770 [Thread-1006] INFO  impl.FollowerState (FollowerState.java:run(108)) - 47aecc56-7e95-480d-b89c-2c00d33b4782@group-5EC277DF3249-FollowerState: change to CANDIDATE, lastRpcTime:199ms, electionTimeout:199ms
2019-10-18 08:19:55,770 [Thread-1006] INFO  impl.RoleInfo (RoleInfo.java:shutdownFollowerState(121)) - 47aecc56-7e95-480d-b89c-2c00d33b4782: shutdown FollowerState
2019-10-18 08:19:55,771 [Thread-1006] INFO  impl.RaftServerImpl (RaftServerImpl.java:setRole(184)) - 47aecc56-7e95-480d-b89c-2c00d33b4782@group-5EC277DF3249: changes role from  FOLLOWER to CANDIDATE at term 44 for changeToCandidate
2019-10-18 08:19:55,771 [Thread-1006] INFO  impl.RoleInfo (RoleInfo.java:updateAndGet(143)) - 47aecc56-7e95-480d-b89c-2c00d33b4782: start LeaderElection
2019-10-18 08:19:55,796 [47aecc56-7e95-480d-b89c-2c00d33b4782@group-5EC277DF3249-LeaderElection56] INFO  impl.LeaderElection (LeaderElection.java:askForVotes(178)) - 47aecc56-7e95-480d-b89c-2c00d33b4782@group-5EC277DF3249-LeaderElection56: begin an election at term 45 for -1: [47aecc56-7e95-480d-b89c-2c00d33b4782:192.168.69.67:34550, 1bc296c6-def6-4ae4-8c62-5b4c951a28f1:192.168.69.67:37222, bc0382cc-50e2-4d58-b2de-e8b6250f3520:192.168.69.67:37666], old=null
2019-10-18 08:19:55,798 [grpc-default-executor-9] INFO  impl.RaftServerImpl (RaftServerImpl.java:setRole(184)) - 1bc296c6-def6-4ae4-8c62-5b4c951a28f1@group-5EC277DF3249: changes role from  FOLLOWER to FOLLOWER at term 45 for recognizeCandidate:47aecc56-7e95-480d-b89c-2c00d33b4782
2019-10-18 08:19:55,798 [grpc-default-executor-9] INFO  impl.RoleInfo (RoleInfo.java:shutdownFollowerState(121)) - 1bc296c6-def6-4ae4-8c62-5b4c951a28f1: shutdown FollowerState
2019-10-18 08:19:55,798 [grpc-default-executor-9] INFO  impl.RoleInfo (RoleInfo.java:updateAndGet(143)) - 1bc296c6-def6-4ae4-8c62-5b4c951a28f1: start FollowerState
2019-10-18 08:19:55,799 [Thread-1004] INFO  impl.FollowerState (FollowerState.java:run(117)) - 1bc296c6-def6-4ae4-8c62-5b4c951a28f1@group-5EC277DF3249-FollowerState was interrupted: java.lang.InterruptedException: sleep interrupted
2019-10-18 08:19:55,799 [grpc-default-executor-3] INFO  impl.RaftServerImpl (RaftServerImpl.java:setRole(184)) - bc0382cc-50e2-4d58-b2de-e8b6250f3520@group-5EC277DF3249: changes role from  FOLLOWER to FOLLOWER at term 45 for recognizeCandidate:47aecc56-7e95-480d-b89c-2c00d33b4782
2019-10-18 08:19:55,799 [grpc-default-executor-3] INFO  impl.RoleInfo (RoleInfo.java:shutdownFollowerState(121)) - bc0382cc-50e2-4d58-b2de-e8b6250f3520: shutdown FollowerState
2019-10-18 08:19:55,799 [grpc-default-executor-3] INFO  impl.RoleInfo (RoleInfo.java:updateAndGet(143)) - bc0382cc-50e2-4d58-b2de-e8b6250f3520: start FollowerState
2019-10-18 08:19:55,799 [Thread-1005] INFO  impl.FollowerState (FollowerState.java:run(117)) - bc0382cc-50e2-4d58-b2de-e8b6250f3520@group-5EC277DF3249-FollowerState was interrupted: java.lang.InterruptedException: sleep interrupted
2019-10-18 08:19:55,813 [47aecc56-7e95-480d-b89c-2c00d33b4782@group-5EC277DF3249-LeaderElection56] INFO  impl.LeaderElection (LeaderElection.java:logAndReturn(56)) - 47aecc56-7e95-480d-b89c-2c00d33b4782@group-5EC277DF3249-LeaderElection56: Election REJECTED; received 2 response(s) [47aecc56-7e95-480d-b89c-2c00d33b4782<-1bc296c6-def6-4ae4-8c62-5b4c951a28f1#0:FAIL-t45, 47aecc56-7e95-480d-b89c-2c00d33b4782<-bc0382cc-50e2-4d58-b2de-e8b6250f3520#0:FAIL-t45] and 0 exception(s); 47aecc56-7e95-480d-b89c-2c00d33b4782@group-5EC277DF3249:t45, leader=null, voted=47aecc56-7e95-480d-b89c-2c00d33b4782, raftlog=47aecc56-7e95-480d-b89c-2c00d33b4782@group-5EC277DF3249-SegmentedRaftLog:OPENED:c-1,f-1,i0, conf=-1: [47aecc56-7e95-480d-b89c-2c00d33b4782:192.168.69.67:34550, 1bc296c6-def6-4ae4-8c62-5b4c951a28f1:192.168.69.67:37222, bc0382cc-50e2-4d58-b2de-e8b6250f3520:192.168.69.67:37666], old=null
2019-10-18 08:19:55,813 [47aecc56-7e95-480d-b89c-2c00d33b4782@group-5EC277DF3249-LeaderElection56] INFO  impl.RaftServerImpl (RaftServerImpl.java:setRole(184)) - 47aecc56-7e95-480d-b89c-2c00d33b4782@group-5EC277DF3249: changes role from CANDIDATE to FOLLOWER at term 45 for DISCOVERED_A_NEW_TERM
2019-10-18 08:19:55,813 [47aecc56-7e95-480d-b89c-2c00d33b4782@group-5EC277DF3249-LeaderElection56] INFO  impl.RoleInfo (RoleInfo.java:shutdownLeaderElection(134)) - 47aecc56-7e95-480d-b89c-2c00d33b4782: shutdown LeaderElection
2019-10-18 08:19:55,813 [47aecc56-7e95-480d-b89c-2c00d33b4782@group-5EC277DF3249-LeaderElection56] INFO  impl.RoleInfo (RoleInfo.java:updateAndGet(143)) - 47aecc56-7e95-480d-b89c-2c00d33b4782: start FollowerState
2019-10-18 08:19:55,895 [Thread-1012] INFO  impl.FollowerState (FollowerState.java:run(108)) - 47aecc56-7e95-480d-b89c-2c00d33b4782@group-5EC277DF3249-FollowerState: change to CANDIDATE, lastRpcTime:81ms, electionTimeout:81ms
2019-10-18 08:19:55,895 [Thread-1012] INFO  impl.RoleInfo (RoleInfo.java:shutdownFollowerState(121)) - 47aecc56-7e95-480d-b89c-2c00d33b4782: shutdown FollowerState
2019-10-18 08:19:55,895 [Thread-1012] INFO  impl.RaftServerImpl (RaftServerImpl.java:setRole(184)) - 47aecc56-7e95-480d-b89c-2c00d33b4782@group-5EC277DF3249: changes role from  FOLLOWER to CANDIDATE at term 45 for changeToCandidate
2019-10-18 08:19:55,895 [Thread-1012] INFO  impl.RoleInfo (RoleInfo.java:updateAndGet(143)) - 47aecc56-7e95-480d-b89c-2c00d33b4782: start LeaderElection
2019-10-18 08:19:55,909 [47aecc56-7e95-480d-b89c-2c00d33b4782@group-5EC277DF3249-LeaderElection57] INFO  impl.LeaderElection (LeaderElection.java:askForVotes(178)) - 47aecc56-7e95-480d-b89c-2c00d33b4782@group-5EC277DF3249-LeaderElection57: begin an election at term 46 for -1: [47aecc56-7e95-480d-b89c-2c00d33b4782:192.168.69.67:34550, 1bc296c6-def6-4ae4-8c62-5b4c951a28f1:192.168.69.67:37222, bc0382cc-50e2-4d58-b2de-e8b6250f3520:192.168.69.67:37666], old=null
2019-10-18 08:19:55,913 [grpc-default-executor-3] INFO  impl.RaftServerImpl (RaftServerImpl.java:setRole(184)) - 1bc296c6-def6-4ae4-8c62-5b4c951a28f1@group-5EC277DF3249: changes role from  FOLLOWER to FOLLOWER at term 46 for recognizeCandidate:47aecc56-7e95-480d-b89c-2c00d33b4782
2019-10-18 08:19:55,914 [grpc-default-executor-3] INFO  impl.RoleInfo (RoleInfo.java:shutdownFollowerState(121)) - 1bc296c6-def6-4ae4-8c62-5b4c951a28f1: shutdown FollowerState
2019-10-18 08:19:55,914 [grpc-default-executor-3] INFO  impl.RoleInfo (RoleInfo.java:updateAndGet(143)) - 1bc296c6-def6-4ae4-8c62-5b4c951a28f1: start FollowerState
2019-10-18 08:19:55,914 [Thread-1010] INFO  impl.FollowerState (FollowerState.java:run(117)) - 1bc296c6-def6-4ae4-8c62-5b4c951a28f1@group-5EC277DF3249-FollowerState was interrupted: java.lang.InterruptedException: sleep interrupted
2019-10-18 08:19:55,914 [grpc-default-executor-9] INFO  impl.RaftServerImpl (RaftServerImpl.java:setRole(184)) - bc0382cc-50e2-4d58-b2de-e8b6250f3520@group-5EC277DF3249: changes role from  FOLLOWER to FOLLOWER at term 46 for recognizeCandidate:47aecc56-7e95-480d-b89c-2c00d33b4782
2019-10-18 08:19:55,914 [grpc-default-executor-9] INFO  impl.RoleInfo (RoleInfo.java:shutdownFollowerState(121)) - bc0382cc-50e2-4d58-b2de-e8b6250f3520: shutdown FollowerState
2019-10-18 08:19:55,914 [grpc-default-executor-9] INFO  impl.RoleInfo (RoleInfo.java:updateAndGet(143)) - bc0382cc-50e2-4d58-b2de-e8b6250f3520: start FollowerState
2019-10-18 08:19:55,914 [Thread-1011] INFO  impl.FollowerState (FollowerState.java:run(117)) - bc0382cc-50e2-4d58-b2de-e8b6250f3520@group-5EC277DF3249-FollowerState was interrupted: java.lang.InterruptedException: sleep interrupted
2019-10-18 08:19:55,929 [47aecc56-7e95-480d-b89c-2c00d33b4782@group-5EC277DF3249-LeaderElection57] INFO  impl.LeaderElection (LeaderElection.java:logAndReturn(56)) - 47aecc56-7e95-480d-b89c-2c00d33b4782@group-5EC277DF3249-LeaderElection57: Election REJECTED; received 2 response(s) [47aecc56-7e95-480d-b89c-2c00d33b4782<-1bc296c6-def6-4ae4-8c62-5b4c951a28f1#0:FAIL-t46, 47aecc56-7e95-480d-b89c-2c00d33b4782<-bc0382cc-50e2-4d58-b2de-e8b6250f3520#0:FAIL-t46] and 0 exception(s); 47aecc56-7e95-480d-b89c-2c00d33b4782@group-5EC277DF3249:t46, leader=null, voted=47aecc56-7e95-480d-b89c-2c00d33b4782, raftlog=47aecc56-7e95-480d-b89c-2c00d33b4782@group-5EC277DF3249-SegmentedRaftLog:OPENED:c-1,f-1,i0, conf=-1: [47aecc56-7e95-480d-b89c-2c00d33b4782:192.168.69.67:34550, 1bc296c6-def6-4ae4-8c62-5b4c951a28f1:192.168.69.67:37222, bc0382cc-50e2-4d58-b2de-e8b6250f3520:192.168.69.67:37666], old=null
2019-10-18 08:19:55,929 [47aecc56-7e95-480d-b89c-2c00d33b4782@group-5EC277DF3249-LeaderElection57] INFO  impl.RaftServerImpl (RaftServerImpl.java:setRole(184)) - 47aecc56-7e95-480d-b89c-2c00d33b4782@group-5EC277DF3249: changes role from CANDIDATE to FOLLOWER at term 46 for DISCOVERED_A_NEW_TERM
2019-10-18 08:19:55,929 [47aecc56-7e95-480d-b89c-2c00d33b4782@group-5EC277DF3249-LeaderElection57] INFO  impl.RoleInfo (RoleInfo.java:shutdownLeaderElection(134)) - 47aecc56-7e95-480d-b89c-2c00d33b4782: shutdown LeaderElection
2019-10-18 08:19:55,929 [47aecc56-7e95-480d-b89c-2c00d33b4782@group-5EC277DF3249-LeaderElection57] INFO  impl.RoleInfo (RoleInfo.java:updateAndGet(143)) - 47aecc56-7e95-480d-b89c-2c00d33b4782: start FollowerState
2019-10-18 08:19:55,967 [Thread-1018] INFO  impl.FollowerState (FollowerState.java:run(108)) - 47aecc56-7e95-480d-b89c-2c00d33b4782@group-5EC277DF3249-FollowerState: change to CANDIDATE, lastRpcTime:37ms, electionTimeout:37ms
2019-10-18 08:19:55,967 [Thread-1018] INFO  impl.RoleInfo (RoleInfo.java:shutdownFollowerState(121)) - 47aecc56-7e95-480d-b89c-2c00d33b4782: shutdown FollowerState
2019-10-18 08:19:55,967 [Thread-1018] INFO  impl.RaftServerImpl (RaftServerImpl.java:setRole(184)) - 47aecc56-7e95-480d-b89c-2c00d33b4782@group-5EC277DF3249: changes role from  FOLLOWER to CANDIDATE at term 46 for changeToCandidate
2019-10-18 08:19:55,967 [Thread-1018] INFO  impl.RoleInfo (RoleInfo.java:updateAndGet(143)) - 47aecc56-7e95-480d-b89c-2c00d33b4782: start LeaderElection
2019-10-18 08:19:55,981 [47aecc56-7e95-480d-b89c-2c00d33b4782@group-5EC277DF3249-LeaderElection58] INFO  impl.LeaderElection (LeaderElection.java:askForVotes(178)) - 47aecc56-7e95-480d-b89c-2c00d33b4782@group-5EC277DF3249-LeaderElection58: begin an election at term 47 for -1: [47aecc56-7e95-480d-b89c-2c00d33b4782:192.168.69.67:34550, 1bc296c6-def6-4ae4-8c62-5b4c951a28f1:192.168.69.67:37222, bc0382cc-50e2-4d58-b2de-e8b6250f3520:192.168.69.67:37666], old=null
2019-10-18 08:19:55,983 [grpc-default-executor-9] INFO  impl.RaftServerImpl (RaftServerImpl.java:setRole(184)) - bc0382cc-50e2-4d58-b2de-e8b6250f3520@group-5EC277DF3249: changes role from  FOLLOWER to FOLLOWER at term 47 for recognizeCandidate:47aecc56-7e95-480d-b89c-2c00d33b4782
2019-10-18 08:19:55,983 [grpc-default-executor-9] INFO  impl.RoleInfo (RoleInfo.java:shutdownFollowerState(121)) - bc0382cc-50e2-4d58-b2de-e8b6250f3520: shutdown FollowerState
2019-10-18 08:19:55,983 [grpc-default-executor-3] INFO  impl.RaftServerImpl (RaftServerImpl.java:setRole(184)) - 1bc296c6-def6-4ae4-8c62-5b4c951a28f1@group-5EC277DF3249: changes role from  FOLLOWER to FOLLOWER at term 47 for recognizeCandidate:47aecc56-7e95-480d-b89c-2c00d33b4782
2019-10-18 08:19:55,983 [grpc-default-executor-9] INFO  impl.RoleInfo (RoleInfo.java:updateAndGet(143)) - bc0382cc-50e2-4d58-b2de-e8b6250f3520: start FollowerState
2019-10-18 08:19:55,983 [Thread-1017] INFO  impl.FollowerState (FollowerState.java:run(117)) - bc0382cc-50e2-4d58-b2de-e8b6250f3520@group-5EC277DF3249-FollowerState was interrupted: java.lang.InterruptedException: sleep interrupted
2019-10-18 08:19:55,984 [grpc-default-executor-3] INFO  impl.RoleInfo (RoleInfo.java:shutdownFollowerState(121)) - 1bc296c6-def6-4ae4-8c62-5b4c951a28f1: shutdown FollowerState
2019-10-18 08:19:55,984 [grpc-default-executor-3] INFO  impl.RoleInfo (RoleInfo.java:updateAndGet(143)) - 1bc296c6-def6-4ae4-8c62-5b4c951a28f1: start FollowerState
2019-10-18 08:19:55,984 [Thread-1016] INFO  impl.FollowerState (FollowerState.java:run(117)) - 1bc296c6-def6-4ae4-8c62-5b4c951a28f1@group-5EC277DF3249-FollowerState was interrupted: java.lang.InterruptedException: sleep interrupted
2019-10-18 08:19:55,986 [47aecc56-7e95-480d-b89c-2c00d33b4782@group-5EC277DF3249-LeaderElection58] INFO  impl.LeaderElection (LeaderElection.java:logAndReturn(56)) - 47aecc56-7e95-480d-b89c-2c00d33b4782@group-5EC277DF3249-LeaderElection58: Election TIMEOUT; received 0 response(s) [] and 0 exception(s); 47aecc56-7e95-480d-b89c-2c00d33b4782@group-5EC277DF3249:t47, leader=null, voted=47aecc56-7e95-480d-b89c-2c00d33b4782, raftlog=47aecc56-7e95-480d-b89c-2c00d33b4782@group-5EC277DF3249-SegmentedRaftLog:OPENED:c-1,f-1,i0, conf=-1: [47aecc56-7e95-480d-b89c-2c00d33b4782:192.168.69.67:34550, 1bc296c6-def6-4ae4-8c62-5b4c951a28f1:192.168.69.67:37222, bc0382cc-50e2-4d58-b2de-e8b6250f3520:192.168.69.67:37666], old=null
2019-10-18 08:19:56,009 [47aecc56-7e95-480d-b89c-2c00d33b4782@group-5EC277DF3249-LeaderElection58] INFO  impl.LeaderElection (LeaderElection.java:askForVotes(178)) - 47aecc56-7e95-480d-b89c-2c00d33b4782@group-5EC277DF3249-LeaderElection58: begin an election at term 48 for -1: [47aecc56-7e95-480d-b89c-2c00d33b4782:192.168.69.67:34550, 1bc296c6-def6-4ae4-8c62-5b4c951a28f1:192.168.69.67:37222, bc0382cc-50e2-4d58-b2de-e8b6250f3520:192.168.69.67:37666], old=null
2019-10-18 08:19:56,010 [grpc-default-executor-9] INFO  impl.RaftServerImpl (RaftServerImpl.java:setRole(184)) - 1bc296c6-def6-4ae4-8c62-5b4c951a28f1@group-5EC277DF3249: changes role from  FOLLOWER to FOLLOWER at term 48 for recognizeCandidate:47aecc56-7e95-480d-b89c-2c00d33b4782
2019-10-18 08:19:56,010 [grpc-default-executor-9] INFO  impl.RoleInfo (RoleInfo.java:shutdownFollowerState(121)) - 1bc296c6-def6-4ae4-8c62-5b4c951a28f1: shutdown FollowerState
2019-10-18 08:19:56,010 [grpc-default-executor-9] INFO  impl.RoleInfo (RoleInfo.java:updateAndGet(143)) - 1bc296c6-def6-4ae4-8c62-5b4c951a28f1: start FollowerState
2019-10-18 08:19:56,010 [Thread-1023] INFO  impl.FollowerState (FollowerState.java:run(117)) - 1bc296c6-def6-4ae4-8c62-5b4c951a28f1@group-5EC277DF3249-FollowerState was interrupted: java.lang.InterruptedException: sleep interrupted
2019-10-18 08:19:56,011 [grpc-default-executor-3] INFO  impl.RaftServerImpl (RaftServerImpl.java:setRole(184)) - bc0382cc-50e2-4d58-b2de-e8b6250f3520@group-5EC277DF3249: changes role from  FOLLOWER to FOLLOWER at term 48 for recognizeCandidate:47aecc56-7e95-480d-b89c-2c00d33b4782
2019-10-18 08:19:56,011 [grpc-default-executor-3] INFO  impl.RoleInfo (RoleInfo.java:shutdownFollowerState(121)) - bc0382cc-50e2-4d58-b2de-e8b6250f3520: shutdown FollowerState
2019-10-18 08:19:56,011 [grpc-default-executor-3] INFO  impl.RoleInfo (RoleInfo.java:updateAndGet(143)) - bc0382cc-50e2-4d58-b2de-e8b6250f3520: start FollowerState
2019-10-18 08:19:56,011 [Thread-1022] INFO  impl.FollowerState (FollowerState.java:run(117)) - bc0382cc-50e2-4d58-b2de-e8b6250f3520@group-5EC277DF3249-FollowerState was interrupted: java.lang.InterruptedException: sleep interrupted
2019-10-18 08:19:56,025 [47aecc56-7e95-480d-b89c-2c00d33b4782@group-5EC277DF3249-LeaderElection58] INFO  impl.LeaderElection (LeaderElection.java:logAndReturn(56)) - 47aecc56-7e95-480d-b89c-2c00d33b4782@group-5EC277DF3249-LeaderElection58: Election REJECTED; received 2 response(s) [47aecc56-7e95-480d-b89c-2c00d33b4782<-1bc296c6-def6-4ae4-8c62-5b4c951a28f1#0:FAIL-t48, 47aecc56-7e95-480d-b89c-2c00d33b4782<-bc0382cc-50e2-4d58-b2de-e8b6250f3520#0:FAIL-t48] and 0 exception(s); 47aecc56-7e95-480d-b89c-2c00d33b4782@group-5EC277DF3249:t48, leader=null, voted=47aecc56-7e95-480d-b89c-2c00d33b4782, raftlog=47aecc56-7e95-480d-b89c-2c00d33b4782@group-5EC277DF3249-SegmentedRaftLog:OPENED:c-1,f-1,i0, conf=-1: [47aecc56-7e95-480d-b89c-2c00d33b4782:192.168.69.67:34550, 1bc296c6-def6-4ae4-8c62-5b4c951a28f1:192.168.69.67:37222, bc0382cc-50e2-4d58-b2de-e8b6250f3520:192.168.69.67:37666], old=null
2019-10-18 08:19:56,026 [47aecc56-7e95-480d-b89c-2c00d33b4782@group-5EC277DF3249-LeaderElection58] INFO  impl.RaftServerImpl (RaftServerImpl.java:setRole(184)) - 47aecc56-7e95-480d-b89c-2c00d33b4782@group-5EC277DF3249: changes role from CANDIDATE to FOLLOWER at term 48 for DISCOVERED_A_NEW_TERM
2019-10-18 08:19:56,026 [47aecc56-7e95-480d-b89c-2c00d33b4782@group-5EC277DF3249-LeaderElection58] INFO  impl.RoleInfo (RoleInfo.java:shutdownLeaderElection(134)) - 47aecc56-7e95-480d-b89c-2c00d33b4782: shutdown LeaderElection
2019-10-18 08:19:56,026 [47aecc56-7e95-480d-b89c-2c00d33b4782@group-5EC277DF3249-LeaderElection58] INFO  impl.RoleInfo (RoleInfo.java:updateAndGet(143)) - 47aecc56-7e95-480d-b89c-2c00d33b4782: start FollowerState
2019-10-18 08:19:56,030 [Thread-1028] INFO  impl.FollowerState (FollowerState.java:run(108)) - 47aecc56-7e95-480d-b89c-2c00d33b4782@group-5EC277DF3249-FollowerState: change to CANDIDATE, lastRpcTime:4ms, electionTimeout:4ms
2019-10-18 08:19:56,030 [Thread-1028] INFO  impl.RoleInfo (RoleInfo.java:shutdownFollowerState(121)) - 47aecc56-7e95-480d-b89c-2c00d33b4782: shutdown FollowerState
2019-10-18 08:19:56,030 [Thread-1028] INFO  impl.RaftServerImpl (RaftServerImpl.java:setRole(184)) - 47aecc56-7e95-480d-b89c-2c00d33b4782@group-5EC277DF3249: changes role from  FOLLOWER to CANDIDATE at term 48 for changeToCandidate
2019-10-18 08:19:56,030 [Thread-1028] INFO  impl.RoleInfo (RoleInfo.java:updateAndGet(143)) - 47aecc56-7e95-480d-b89c-2c00d33b4782: start LeaderElection
2019-10-18 08:19:56,045 [47aecc56-7e95-480d-b89c-2c00d33b4782@group-5EC277DF3249-LeaderElection59] INFO  impl.LeaderElection (LeaderElection.java:askForVotes(178)) - 47aecc56-7e95-480d-b89c-2c00d33b4782@group-5EC277DF3249-LeaderElection59: begin an election at term 49 for -1: [47aecc56-7e95-480d-b89c-2c00d33b4782:192.168.69.67:34550, 1bc296c6-def6-4ae4-8c62-5b4c951a28f1:192.168.69.67:37222, bc0382cc-50e2-4d58-b2de-e8b6250f3520:192.168.69.67:37666], old=null
2019-10-18 08:19:56,048 [grpc-default-executor-9] INFO  impl.RaftServerImpl (RaftServerImpl.java:setRole(184)) - bc0382cc-50e2-4d58-b2de-e8b6250f3520@group-5EC277DF3249: changes role from  FOLLOWER to FOLLOWER at term 49 for recognizeCandidate:47aecc56-7e95-480d-b89c-2c00d33b4782
2019-10-18 08:19:56,048 [grpc-default-executor-9] INFO  impl.RoleInfo (RoleInfo.java:shutdownFollowerState(121)) - bc0382cc-50e2-4d58-b2de-e8b6250f3520: shutdown FollowerState
2019-10-18 08:19:56,048 [grpc-default-executor-3] INFO  impl.RaftServerImpl (RaftServerImpl.java:setRole(184)) - 1bc296c6-def6-4ae4-8c62-5b4c951a28f1@group-5EC277DF3249: changes role from  FOLLOWER to FOLLOWER at term 49 for recognizeCandidate:47aecc56-7e95-480d-b89c-2c00d33b4782
2019-10-18 08:19:56,049 [Thread-1027] INFO  impl.FollowerState (FollowerState.java:run(117)) - bc0382cc-50e2-4d58-b2de-e8b6250f3520@group-5EC277DF3249-FollowerState was interrupted: java.lang.InterruptedException: sleep interrupted
2019-10-18 08:19:56,049 [grpc-default-executor-9] INFO  impl.RoleInfo (RoleInfo.java:updateAndGet(143)) - bc0382cc-50e2-4d58-b2de-e8b6250f3520: start FollowerState
2019-10-18 08:19:56,049 [grpc-default-executor-3] INFO  impl.RoleInfo (RoleInfo.java:shutdownFollowerState(121)) - 1bc296c6-def6-4ae4-8c62-5b4c951a28f1: shutdown FollowerState
2019-10-18 08:19:56,049 [grpc-default-executor-3] INFO  impl.RoleInfo (RoleInfo.java:updateAndGet(143)) - 1bc296c6-def6-4ae4-8c62-5b4c951a28f1: start FollowerState
2019-10-18 08:19:56,049 [Thread-1026] INFO  impl.FollowerState (FollowerState.java:run(117)) - 1bc296c6-def6-4ae4-8c62-5b4c951a28f1@group-5EC277DF3249-FollowerState was interrupted: java.lang.InterruptedException: sleep interrupted
2019-10-18 08:19:56,054 [47aecc56-7e95-480d-b89c-2c00d33b4782@group-5EC277DF3249-LeaderElection59] INFO  impl.LeaderElection (LeaderElection.java:logAndReturn(56)) - 47aecc56-7e95-480d-b89c-2c00d33b4782@group-5EC277DF3249-LeaderElection59: Election TIMEOUT; received 0 response(s) [] and 0 exception(s); 47aecc56-7e95-480d-b89c-2c00d33b4782@group-5EC277DF3249:t49, leader=null, voted=47aecc56-7e95-480d-b89c-2c00d33b4782, raftlog=47aecc56-7e95-480d-b89c-2c00d33b4782@group-5EC277DF3249-SegmentedRaftLog:OPENED:c-1,f-1,i0, conf=-1: [47aecc56-7e95-480d-b89c-2c00d33b4782:192.168.69.67:34550, 1bc296c6-def6-4ae4-8c62-5b4c951a28f1:192.168.69.67:37222, bc0382cc-50e2-4d58-b2de-e8b6250f3520:192.168.69.67:37666], old=null
2019-10-18 08:19:56,062 [47aecc56-7e95-480d-b89c-2c00d33b4782@group-5EC277DF3249-LeaderElection59] INFO  impl.LeaderElection (LeaderElection.java:askForVotes(178)) - 47aecc56-7e95-480d-b89c-2c00d33b4782@group-5EC277DF3249-LeaderElection59: begin an election at term 50 for -1: [47aecc56-7e95-480d-b89c-2c00d33b4782:192.168.69.67:34550, 1bc296c6-def6-4ae4-8c62-5b4c951a28f1:192.168.69.67:37222, bc0382cc-50e2-4d58-b2de-e8b6250f3520:192.168.69.67:37666], old=null
2019-10-18 08:19:56,064 [grpc-default-executor-9] INFO  impl.RaftServerImpl (RaftServerImpl.java:setRole(184)) - 1bc296c6-def6-4ae4-8c62-5b4c951a28f1@group-5EC277DF3249: changes role from  FOLLOWER to FOLLOWER at term 50 for recognizeCandidate:47aecc56-7e95-480d-b89c-2c00d33b4782
2019-10-18 08:19:56,064 [grpc-default-executor-9] INFO  impl.RoleInfo (RoleInfo.java:shutdownFollowerState(121)) - 1bc296c6-def6-4ae4-8c62-5b4c951a28f1: shutdown FollowerState
2019-10-18 08:19:56,064 [grpc-default-executor-3] INFO  impl.RaftServerImpl (RaftServerImpl.java:setRole(184)) - bc0382cc-50e2-4d58-b2de-e8b6250f3520@group-5EC277DF3249: changes role from  FOLLOWER to FOLLOWER at term 50 for recognizeCandidate:47aecc56-7e95-480d-b89c-2c00d33b4782
2019-10-18 08:19:56,064 [Thread-1033] INFO  impl.FollowerState (FollowerState.java:run(117)) - 1bc296c6-def6-4ae4-8c62-5b4c951a28f1@group-5EC277DF3249-FollowerState was interrupted: java.lang.InterruptedException: sleep interrupted
2019-10-18 08:19:56,064 [grpc-default-executor-9] INFO  impl.RoleInfo (RoleInfo.java:updateAndGet(143)) - 1bc296c6-def6-4ae4-8c62-5b4c951a28f1: start FollowerState
2019-10-18 08:19:56,065 [grpc-default-executor-3] INFO  impl.RoleInfo (RoleInfo.java:shutdownFollowerState(121)) - bc0382cc-50e2-4d58-b2de-e8b6250f3520: shutdown FollowerState
2019-10-18 08:19:56,065 [Thread-1032] INFO  impl.FollowerState (FollowerState.java:run(117)) - bc0382cc-50e2-4d58-b2de-e8b6250f3520@group-5EC277DF3249-FollowerState was interrupted: java.lang.InterruptedException: sleep interrupted
2019-10-18 08:19:56,065 [grpc-default-executor-3] INFO  impl.RoleInfo (RoleInfo.java:updateAndGet(143)) - bc0382cc-50e2-4d58-b2de-e8b6250f3520: start FollowerState
2019-10-18 08:19:56,072 [47aecc56-7e95-480d-b89c-2c00d33b4782@group-5EC277DF3249-LeaderElection59] INFO  impl.LeaderElection (LeaderElection.java:logAndReturn(56)) - 47aecc56-7e95-480d-b89c-2c00d33b4782@group-5EC277DF3249-LeaderElection59: Election TIMEOUT; received 0 response(s) [] and 0 exception(s); 47aecc56-7e95-480d-b89c-2c00d33b4782@group-5EC277DF3249:t50, leader=null, voted=47aecc56-7e95-480d-b89c-2c00d33b4782, raftlog=47aecc56-7e95-480d-b89c-2c00d33b4782@group-5EC277DF3249-SegmentedRaftLog:OPENED:c-1,f-1,i0, conf=-1: [47aecc56-7e95-480d-b89c-2c00d33b4782:192.168.69.67:34550, 1bc296c6-def6-4ae4-8c62-5b4c951a28f1:192.168.69.67:37222, bc0382cc-50e2-4d58-b2de-e8b6250f3520:192.168.69.67:37666], old=null
2019-10-18 08:19:56,078 [47aecc56-7e95-480d-b89c-2c00d33b4782@group-5EC277DF3249-LeaderElection59] INFO  impl.LeaderElection (LeaderElection.java:askForVotes(178)) - 47aecc56-7e95-480d-b89c-2c00d33b4782@group-5EC277DF3249-LeaderElection59: begin an election at term 51 for -1: [47aecc56-7e95-480d-b89c-2c00d33b4782:192.168.69.67:34550, 1bc296c6-def6-4ae4-8c62-5b4c951a28f1:192.168.69.67:37222, bc0382cc-50e2-4d58-b2de-e8b6250f3520:192.168.69.67:37666], old=null
2019-10-18 08:19:56,079 [grpc-default-executor-3] INFO  impl.RaftServerImpl (RaftServerImpl.java:setRole(184)) - bc0382cc-50e2-4d58-b2de-e8b6250f3520@group-5EC277DF3249: changes role from  FOLLOWER to FOLLOWER at term 51 for recognizeCandidate:47aecc56-7e95-480d-b89c-2c00d33b4782
2019-10-18 08:19:56,079 [grpc-default-executor-3] INFO  impl.RoleInfo (RoleInfo.java:shutdownFollowerState(121)) - bc0382cc-50e2-4d58-b2de-e8b6250f3520: shutdown FollowerState
2019-10-18 08:19:56,080 [grpc-default-executor-3] INFO  impl.RoleInfo (RoleInfo.java:updateAndGet(143)) - bc0382cc-50e2-4d58-b2de-e8b6250f3520: start FollowerState
2019-10-18 08:19:56,080 [Thread-1037] INFO  impl.FollowerState (FollowerState.java:run(117)) - bc0382cc-50e2-4d58-b2de-e8b6250f3520@group-5EC277DF3249-FollowerState was interrupted: java.lang.InterruptedException: sleep interrupted
2019-10-18 08:19:56,080 [grpc-default-executor-9] INFO  impl.RaftServerImpl (RaftServerImpl.java:setRole(184)) - 1bc296c6-def6-4ae4-8c62-5b4c951a28f1@group-5EC277DF3249: changes role from  FOLLOWER to FOLLOWER at term 51 for recognizeCandidate:47aecc56-7e95-480d-b89c-2c00d33b4782
2019-10-18 08:19:56,080 [grpc-default-executor-9] INFO  impl.RoleInfo (RoleInfo.java:shutdownFollowerState(121)) - 1bc296c6-def6-4ae4-8c62-5b4c951a28f1: shutdown FollowerState
2019-10-18 08:19:56,080 [grpc-default-executor-9] INFO  impl.RoleInfo (RoleInfo.java:updateAndGet(143)) - 1bc296c6-def6-4ae4-8c62-5b4c951a28f1: start FollowerState
2019-10-18 08:19:56,080 [Thread-1036] INFO  impl.FollowerState (FollowerState.java:run(117)) - 1bc296c6-def6-4ae4-8c62-5b4c951a28f1@group-5EC277DF3249-FollowerState was interrupted: java.lang.InterruptedException: sleep interrupted
2019-10-18 08:19:56,094 [47aecc56-7e95-480d-b89c-2c00d33b4782@group-5EC277DF3249-LeaderElection59] INFO  impl.LeaderElection (LeaderElection.java:logAndReturn(56)) - 47aecc56-7e95-480d-b89c-2c00d33b4782@group-5EC277DF3249-LeaderElection59: Election REJECTED; received 2 response(s) [47aecc56-7e95-480d-b89c-2c00d33b4782<-1bc296c6-def6-4ae4-8c62-5b4c951a28f1#0:FAIL-t51, 47aecc56-7e95-480d-b89c-2c00d33b4782<-bc0382cc-50e2-4d58-b2de-e8b6250f3520#0:FAIL-t51] and 0 exception(s); 47aecc56-7e95-480d-b89c-2c00d33b4782@group-5EC277DF3249:t51, leader=null, voted=47aecc56-7e95-480d-b89c-2c00d33b4782, raftlog=47aecc56-7e95-480d-b89c-2c00d33b4782@group-5EC277DF3249-SegmentedRaftLog:OPENED:c-1,f-1,i0, conf=-1: [47aecc56-7e95-480d-b89c-2c00d33b4782:192.168.69.67:34550, 1bc296c6-def6-4ae4-8c62-5b4c951a28f1:192.168.69.67:37222, bc0382cc-50e2-4d58-b2de-e8b6250f3520:192.168.69.67:37666], old=null
2019-10-18 08:19:56,094 [47aecc56-7e95-480d-b89c-2c00d33b4782@group-5EC277DF3249-LeaderElection59] INFO  impl.RaftServerImpl (RaftServerImpl.java:setRole(184)) - 47aecc56-7e95-480d-b89c-2c00d33b4782@group-5EC277DF3249: changes role from CANDIDATE to FOLLOWER at term 51 for DISCOVERED_A_NEW_TERM
2019-10-18 08:19:56,094 [47aecc56-7e95-480d-b89c-2c00d33b4782@group-5EC277DF3249-LeaderElection59] INFO  impl.RoleInfo (RoleInfo.java:shutdownLeaderElection(134)) - 47aecc56-7e95-480d-b89c-2c00d33b4782: shutdown LeaderElection
2019-10-18 08:19:56,094 [47aecc56-7e95-480d-b89c-2c00d33b4782@group-5EC277DF3249-LeaderElection59] INFO  impl.RoleInfo (RoleInfo.java:updateAndGet(143)) - 47aecc56-7e95-480d-b89c-2c00d33b4782: start FollowerState
 0.00% |?                                                                                                    |  0/1 Time: 0:04:042019-10-18 08:19:56,213 [Thread-1042] INFO  impl.FollowerState (FollowerState.java:run(108)) - 47aecc56-7e95-480d-b89c-2c00d33b4782@group-5EC277DF3249-FollowerState: change to CANDIDATE, lastRpcTime:119ms, electionTimeout:119ms
2019-10-18 08:19:56,214 [Thread-1042] INFO  impl.RoleInfo (RoleInfo.java:shutdownFollowerState(121)) - 47aecc56-7e95-480d-b89c-2c00d33b4782: shutdown FollowerState
2019-10-18 08:19:56,214 [Thread-1042] INFO  impl.RaftServerImpl (RaftServerImpl.java:setRole(184)) - 47aecc56-7e95-480d-b89c-2c00d33b4782@group-5EC277DF3249: changes role from  FOLLOWER to CANDIDATE at term 51 for changeToCandidate
2019-10-18 08:19:56,214 [Thread-1042] INFO  impl.RoleInfo (RoleInfo.java:updateAndGet(143)) - 47aecc56-7e95-480d-b89c-2c00d33b4782: start LeaderElection
2019-10-18 08:19:56,228 [47aecc56-7e95-480d-b89c-2c00d33b4782@group-5EC277DF3249-LeaderElection60] INFO  impl.LeaderElection (LeaderElection.java:askForVotes(178)) - 47aecc56-7e95-480d-b89c-2c00d33b4782@group-5EC277DF3249-LeaderElection60: begin an election at term 52 for -1: [47aecc56-7e95-480d-b89c-2c00d33b4782:192.168.69.67:34550, 1bc296c6-def6-4ae4-8c62-5b4c951a28f1:192.168.69.67:37222, bc0382cc-50e2-4d58-b2de-e8b6250f3520:192.168.69.67:37666], old=null
2019-10-18 08:19:56,232 [grpc-default-executor-3] INFO  impl.RaftServerImpl (RaftServerImpl.java:setRole(184)) - 1bc296c6-def6-4ae4-8c62-5b4c951a28f1@group-5EC277DF3249: changes role from  FOLLOWER to FOLLOWER at term 52 for recognizeCandidate:47aecc56-7e95-480d-b89c-2c00d33b4782
2019-10-18 08:19:56,233 [grpc-default-executor-9] INFO  impl.RaftServerImpl (RaftServerImpl.java:setRole(184)) - bc0382cc-50e2-4d58-b2de-e8b6250f3520@group-5EC277DF3249: changes role from  FOLLOWER to FOLLOWER at term 52 for recognizeCandidate:47aecc56-7e95-480d-b89c-2c00d33b4782
2019-10-18 08:19:56,233 [grpc-default-executor-9] INFO  impl.RoleInfo (RoleInfo.java:shutdownFollowerState(121)) - bc0382cc-50e2-4d58-b2de-e8b6250f3520: shutdown FollowerState
2019-10-18 08:19:56,233 [grpc-default-executor-3] INFO  impl.RoleInfo (RoleInfo.java:shutdownFollowerState(121)) - 1bc296c6-def6-4ae4-8c62-5b4c951a28f1: shutdown FollowerState
2019-10-18 08:19:56,233 [grpc-default-executor-9] INFO  impl.RoleInfo (RoleInfo.java:updateAndGet(143)) - bc0382cc-50e2-4d58-b2de-e8b6250f3520: start FollowerState
2019-10-18 08:19:56,233 [Thread-1040] INFO  impl.FollowerState (FollowerState.java:run(117)) - bc0382cc-50e2-4d58-b2de-e8b6250f3520@group-5EC277DF3249-FollowerState was interrupted: java.lang.InterruptedException: sleep interrupted
2019-10-18 08:19:56,233 [Thread-1041] INFO  impl.FollowerState (FollowerState.java:run(117)) - 1bc296c6-def6-4ae4-8c62-5b4c951a28f1@group-5EC277DF3249-FollowerState was interrupted: java.lang.InterruptedException: sleep interrupted
2019-10-18 08:19:56,233 [grpc-default-executor-3] INFO  impl.RoleInfo (RoleInfo.java:updateAndGet(143)) - 1bc296c6-def6-4ae4-8c62-5b4c951a28f1: start FollowerState
2019-10-18 08:19:56,248 [47aecc56-7e95-480d-b89c-2c00d33b4782@group-5EC277DF3249-LeaderElection60] INFO  impl.LeaderElection (LeaderElection.java:logAndReturn(56)) - 47aecc56-7e95-480d-b89c-2c00d33b4782@group-5EC277DF3249-LeaderElection60: Election REJECTED; received 2 response(s) [47aecc56-7e95-480d-b89c-2c00d33b4782<-1bc296c6-def6-4ae4-8c62-5b4c951a28f1#0:FAIL-t52, 47aecc56-7e95-480d-b89c-2c00d33b4782<-bc0382cc-50e2-4d58-b2de-e8b6250f3520#0:FAIL-t52] and 0 exception(s); 47aecc56-7e95-480d-b89c-2c00d33b4782@group-5EC277DF3249:t52, leader=null, voted=47aecc56-7e95-480d-b89c-2c00d33b4782, raftlog=47aecc56-7e95-480d-b89c-2c00d33b4782@group-5EC277DF3249-SegmentedRaftLog:OPENED:c-1,f-1,i0, conf=-1: [47aecc56-7e95-480d-b89c-2c00d33b4782:192.168.69.67:34550, 1bc296c6-def6-4ae4-8c62-5b4c951a28f1:192.168.69.67:37222, bc0382cc-50e2-4d58-b2de-e8b6250f3520:192.168.69.67:37666], old=null
2019-10-18 08:19:56,248 [47aecc56-7e95-480d-b89c-2c00d33b4782@group-5EC277DF3249-LeaderElection60] INFO  impl.RaftServerImpl (RaftServerImpl.java:setRole(184)) - 47aecc56-7e95-480d-b89c-2c00d33b4782@group-5EC277DF3249: changes role from CANDIDATE to FOLLOWER at term 52 for DISCOVERED_A_NEW_TERM
2019-10-18 08:19:56,248 [47aecc56-7e95-480d-b89c-2c00d33b4782@group-5EC277DF3249-LeaderElection60] INFO  impl.RoleInfo (RoleInfo.java:shutdownLeaderElection(134)) - 47aecc56-7e95-480d-b89c-2c00d33b4782: shutdown LeaderElection
2019-10-18 08:19:56,248 [47aecc56-7e95-480d-b89c-2c00d33b4782@group-5EC277DF3249-LeaderElection60] INFO  impl.RoleInfo (RoleInfo.java:updateAndGet(143)) - 47aecc56-7e95-480d-b89c-2c00d33b4782: start FollowerState
2019-10-18 08:19:56,393 [Thread-1048] INFO  impl.FollowerState (FollowerState.java:run(108)) - 47aecc56-7e95-480d-b89c-2c00d33b4782@group-5EC277DF3249-FollowerState: change to CANDIDATE, lastRpcTime:144ms, electionTimeout:144ms
2019-10-18 08:19:56,393 [Thread-1048] INFO  impl.RoleInfo (RoleInfo.java:shutdownFollowerState(121)) - 47aecc56-7e95-480d-b89c-2c00d33b4782: shutdown FollowerState
2019-10-18 08:19:56,393 [Thread-1048] INFO  impl.RaftServerImpl (RaftServerImpl.java:setRole(184)) - 47aecc56-7e95-480d-b89c-2c00d33b4782@group-5EC277DF3249: changes role from  FOLLOWER to CANDIDATE at term 52 for changeToCandidate
2019-10-18 08:19:56,393 [Thread-1048] INFO  impl.RoleInfo (RoleInfo.java:updateAndGet(143)) - 47aecc56-7e95-480d-b89c-2c00d33b4782: start LeaderElection
2019-10-18 08:19:56,419 [47aecc56-7e95-480d-b89c-2c00d33b4782@group-5EC277DF3249-LeaderElection61] INFO  impl.LeaderElection (LeaderElection.java:askForVotes(178)) - 47aecc56-7e95-480d-b89c-2c00d33b4782@group-5EC277DF3249-LeaderElection61: begin an election at term 53 for -1: [47aecc56-7e95-480d-b89c-2c00d33b4782:192.168.69.67:34550, 1bc296c6-def6-4ae4-8c62-5b4c951a28f1:192.168.69.67:37222, bc0382cc-50e2-4d58-b2de-e8b6250f3520:192.168.69.67:37666], old=null
2019-10-18 08:19:56,422 [grpc-default-executor-9] INFO  impl.RaftServerImpl (RaftServerImpl.java:setRole(184)) - 1bc296c6-def6-4ae4-8c62-5b4c951a28f1@group-5EC277DF3249: changes role from  FOLLOWER to FOLLOWER at term 53 for recognizeCandidate:47aecc56-7e95-480d-b89c-2c00d33b4782
2019-10-18 08:19:56,422 [grpc-default-executor-9] INFO  impl.RoleInfo (RoleInfo.java:shutdownFollowerState(121)) - 1bc296c6-def6-4ae4-8c62-5b4c951a28f1: shutdown FollowerState
2019-10-18 08:19:56,422 [grpc-default-executor-9] INFO  impl.RoleInfo (RoleInfo.java:updateAndGet(143)) - 1bc296c6-def6-4ae4-8c62-5b4c951a28f1: start FollowerState
2019-10-18 08:19:56,422 [Thread-1047] INFO  impl.FollowerState (FollowerState.java:run(117)) - 1bc296c6-def6-4ae4-8c62-5b4c951a28f1@group-5EC277DF3249-FollowerState was interrupted: java.lang.InterruptedException: sleep interrupted
2019-10-18 08:19:56,422 [grpc-default-executor-3] INFO  impl.RaftServerImpl (RaftServerImpl.java:setRole(184)) - bc0382cc-50e2-4d58-b2de-e8b6250f3520@group-5EC277DF3249: changes role from  FOLLOWER to FOLLOWER at term 53 for recognizeCandidate:47aecc56-7e95-480d-b89c-2c00d33b4782
2019-10-18 08:19:56,423 [grpc-default-executor-3] INFO  impl.RoleInfo (RoleInfo.java:shutdownFollowerState(121)) - bc0382cc-50e2-4d58-b2de-e8b6250f3520: shutdown FollowerState
2019-10-18 08:19:56,423 [grpc-default-executor-3] INFO  impl.RoleInfo (RoleInfo.java:updateAndGet(143)) - bc0382cc-50e2-4d58-b2de-e8b6250f3520: start FollowerState
2019-10-18 08:19:56,423 [Thread-1046] INFO  impl.FollowerState (FollowerState.java:run(117)) - bc0382cc-50e2-4d58-b2de-e8b6250f3520@group-5EC277DF3249-FollowerState was interrupted: java.lang.InterruptedException: sleep interrupted
2019-10-18 08:19:56,436 [47aecc56-7e95-480d-b89c-2c00d33b4782@group-5EC277DF3249-LeaderElection61] INFO  impl.LeaderElection (LeaderElection.java:logAndReturn(56)) - 47aecc56-7e95-480d-b89c-2c00d33b4782@group-5EC277DF3249-LeaderElection61: Election REJECTED; received 2 response(s) [47aecc56-7e95-480d-b89c-2c00d33b4782<-1bc296c6-def6-4ae4-8c62-5b4c951a28f1#0:FAIL-t53, 47aecc56-7e95-480d-b89c-2c00d33b4782<-bc0382cc-50e2-4d58-b2de-e8b6250f3520#0:FAIL-t53] and 0 exception(s); 47aecc56-7e95-480d-b89c-2c00d33b4782@group-5EC277DF3249:t53, leader=null, voted=47aecc56-7e95-480d-b89c-2c00d33b4782, raftlog=47aecc56-7e95-480d-b89c-2c00d33b4782@group-5EC277DF3249-SegmentedRaftLog:OPENED:c-1,f-1,i0, conf=-1: [47aecc56-7e95-480d-b89c-2c00d33b4782:192.168.69.67:34550, 1bc296c6-def6-4ae4-8c62-5b4c951a28f1:192.168.69.67:37222, bc0382cc-50e2-4d58-b2de-e8b6250f3520:192.168.69.67:37666], old=null
2019-10-18 08:19:56,436 [47aecc56-7e95-480d-b89c-2c00d33b4782@group-5EC277DF3249-LeaderElection61] INFO  impl.RaftServerImpl (RaftServerImpl.java:setRole(184)) - 47aecc56-7e95-480d-b89c-2c00d33b4782@group-5EC277DF3249: changes role from CANDIDATE to FOLLOWER at term 53 for DISCOVERED_A_NEW_TERM
2019-10-18 08:19:56,436 [47aecc56-7e95-480d-b89c-2c00d33b4782@group-5EC277DF3249-LeaderElection61] INFO  impl.RoleInfo (RoleInfo.java:shutdownLeaderElection(134)) - 47aecc56-7e95-480d-b89c-2c00d33b4782: shutdown LeaderElection
2019-10-18 08:19:56,436 [47aecc56-7e95-480d-b89c-2c00d33b4782@group-5EC277DF3249-LeaderElection61] INFO  impl.RoleInfo (RoleInfo.java:updateAndGet(143)) - 47aecc56-7e95-480d-b89c-2c00d33b4782: start FollowerState
2019-10-18 08:19:56,514 [Thread-1054] INFO  impl.FollowerState (FollowerState.java:run(108)) - 47aecc56-7e95-480d-b89c-2c00d33b4782@group-5EC277DF3249-FollowerState: change to CANDIDATE, lastRpcTime:77ms, electionTimeout:77ms
2019-10-18 08:19:56,514 [Thread-1054] INFO  impl.RoleInfo (RoleInfo.java:shutdownFollowerState(121)) - 47aecc56-7e95-480d-b89c-2c00d33b4782: shutdown FollowerState
2019-10-18 08:19:56,514 [Thread-1054] INFO  impl.RaftServerImpl (RaftServerImpl.java:setRole(184)) - 47aecc56-7e95-480d-b89c-2c00d33b4782@group-5EC277DF3249: changes role from  FOLLOWER to CANDIDATE at term 53 for changeToCandidate
2019-10-18 08:19:56,514 [Thread-1054] INFO  impl.RoleInfo (RoleInfo.java:updateAndGet(143)) - 47aecc56-7e95-480d-b89c-2c00d33b4782: start LeaderElection
2019-10-18 08:19:56,540 [47aecc56-7e95-480d-b89c-2c00d33b4782@group-5EC277DF3249-LeaderElection62] INFO  impl.LeaderElection (LeaderElection.java:askForVotes(178)) - 47aecc56-7e95-480d-b89c-2c00d33b4782@group-5EC277DF3249-LeaderElection62: begin an election at term 54 for -1: [47aecc56-7e95-480d-b89c-2c00d33b4782:192.168.69.67:34550, 1bc296c6-def6-4ae4-8c62-5b4c951a28f1:192.168.69.67:37222, bc0382cc-50e2-4d58-b2de-e8b6250f3520:192.168.69.67:37666], old=null
2019-10-18 08:19:56,543 [grpc-default-executor-9] INFO  impl.RaftServerImpl (RaftServerImpl.java:setRole(184)) - 1bc296c6-def6-4ae4-8c62-5b4c951a28f1@group-5EC277DF3249: changes role from  FOLLOWER to FOLLOWER at term 54 for recognizeCandidate:47aecc56-7e95-480d-b89c-2c00d33b4782
2019-10-18 08:19:56,543 [grpc-default-executor-9] INFO  impl.RoleInfo (RoleInfo.java:shutdownFollowerState(121)) - 1bc296c6-def6-4ae4-8c62-5b4c951a28f1: shutdown FollowerState
2019-10-18 08:19:56,543 [grpc-default-executor-3] INFO  impl.RaftServerImpl (RaftServerImpl.java:setRole(184)) - bc0382cc-50e2-4d58-b2de-e8b6250f3520@group-5EC277DF3249: changes role from  FOLLOWER to FOLLOWER at term 54 for recognizeCandidate:47aecc56-7e95-480d-b89c-2c00d33b4782
2019-10-18 08:19:56,543 [Thread-1052] INFO  impl.FollowerState (FollowerState.java:run(117)) - 1bc296c6-def6-4ae4-8c62-5b4c951a28f1@group-5EC277DF3249-FollowerState was interrupted: java.lang.InterruptedException: sleep interrupted
2019-10-18 08:19:56,543 [grpc-default-executor-3] INFO  impl.RoleInfo (RoleInfo.java:shutdownFollowerState(121)) - bc0382cc-50e2-4d58-b2de-e8b6250f3520: shutdown FollowerState
2019-10-18 08:19:56,543 [grpc-default-executor-9] INFO  impl.RoleInfo (RoleInfo.java:updateAndGet(143)) - 1bc296c6-def6-4ae4-8c62-5b4c951a28f1: start FollowerState
2019-10-18 08:19:56,544 [Thread-1053] INFO  impl.FollowerState (FollowerState.java:run(117)) - bc0382cc-50e2-4d58-b2de-e8b6250f3520@group-5EC277DF3249-FollowerState was interrupted: java.lang.InterruptedException: sleep interrupted
2019-10-18 08:19:56,544 [grpc-default-executor-3] INFO  impl.RoleInfo (RoleInfo.java:updateAndGet(143)) - bc0382cc-50e2-4d58-b2de-e8b6250f3520: start FollowerState
2019-10-18 08:19:56,559 [47aecc56-7e95-480d-b89c-2c00d33b4782@group-5EC277DF3249-LeaderElection62] INFO  impl.LeaderElection (LeaderElection.java:logAndReturn(56)) - 47aecc56-7e95-480d-b89c-2c00d33b4782@group-5EC277DF3249-LeaderElection62: Election REJECTED; received 2 response(s) [47aecc56-7e95-480d-b89c-2c00d33b4782<-1bc296c6-def6-4ae4-8c62-5b4c951a28f1#0:FAIL-t54, 47aecc56-7e95-480d-b89c-2c00d33b4782<-bc0382cc-50e2-4d58-b2de-e8b6250f3520#0:FAIL-t54] and 0 exception(s); 47aecc56-7e95-480d-b89c-2c00d33b4782@group-5EC277DF3249:t54, leader=null, voted=47aecc56-7e95-480d-b89c-2c00d33b4782, raftlog=47aecc56-7e95-480d-b89c-2c00d33b4782@group-5EC277DF3249-SegmentedRaftLog:OPENED:c-1,f-1,i0, conf=-1: [47aecc56-7e95-480d-b89c-2c00d33b4782:192.168.69.67:34550, 1bc296c6-def6-4ae4-8c62-5b4c951a28f1:192.168.69.67:37222, bc0382cc-50e2-4d58-b2de-e8b6250f3520:192.168.69.67:37666], old=null
2019-10-18 08:19:56,559 [47aecc56-7e95-480d-b89c-2c00d33b4782@group-5EC277DF3249-LeaderElection62] INFO  impl.RaftServerImpl (RaftServerImpl.java:setRole(184)) - 47aecc56-7e95-480d-b89c-2c00d33b4782@group-5EC277DF3249: changes role from CANDIDATE to FOLLOWER at term 54 for DISCOVERED_A_NEW_TERM
2019-10-18 08:19:56,559 [47aecc56-7e95-480d-b89c-2c00d33b4782@group-5EC277DF3249-LeaderElection62] INFO  impl.RoleInfo (RoleInfo.java:shutdownLeaderElection(134)) - 47aecc56-7e95-480d-b89c-2c00d33b4782: shutdown LeaderElection
2019-10-18 08:19:56,559 [47aecc56-7e95-480d-b89c-2c00d33b4782@group-5EC277DF3249-LeaderElection62] INFO  impl.RoleInfo (RoleInfo.java:updateAndGet(143)) - 47aecc56-7e95-480d-b89c-2c00d33b4782: start FollowerState
2019-10-18 08:19:56,631 [Thread-1060] INFO  impl.FollowerState (FollowerState.java:run(108)) - 47aecc56-7e95-480d-b89c-2c00d33b4782@group-5EC277DF3249-FollowerState: change to CANDIDATE, lastRpcTime:71ms, electionTimeout:71ms
2019-10-18 08:19:56,631 [Thread-1060] INFO  impl.RoleInfo (RoleInfo.java:shutdownFollowerState(121)) - 47aecc56-7e95-480d-b89c-2c00d33b4782: shutdown FollowerState
2019-10-18 08:19:56,631 [Thread-1060] INFO  impl.RaftServerImpl (RaftServerImpl.java:setRole(184)) - 47aecc56-7e95-480d-b89c-2c00d33b4782@group-5EC277DF3249: changes role from  FOLLOWER to CANDIDATE at term 54 for changeToCandidate
2019-10-18 08:19:56,631 [Thread-1060] INFO  impl.RoleInfo (RoleInfo.java:updateAndGet(143)) - 47aecc56-7e95-480d-b89c-2c00d33b4782: start LeaderElection
2019-10-18 08:19:56,645 [47aecc56-7e95-480d-b89c-2c00d33b4782@group-5EC277DF3249-LeaderElection63] INFO  impl.LeaderElection (LeaderElection.java:askForVotes(178)) - 47aecc56-7e95-480d-b89c-2c00d33b4782@group-5EC277DF3249-LeaderElection63: begin an election at term 55 for -1: [47aecc56-7e95-480d-b89c-2c00d33b4782:192.168.69.67:34550, 1bc296c6-def6-4ae4-8c62-5b4c951a28f1:192.168.69.67:37222, bc0382cc-50e2-4d58-b2de-e8b6250f3520:192.168.69.67:37666], old=null
2019-10-18 08:19:56,647 [grpc-default-executor-9] INFO  impl.RaftServerImpl (RaftServerImpl.java:setRole(184)) - 1bc296c6-def6-4ae4-8c62-5b4c951a28f1@group-5EC277DF3249: changes role from  FOLLOWER to FOLLOWER at term 55 for recognizeCandidate:47aecc56-7e95-480d-b89c-2c00d33b4782
2019-10-18 08:19:56,648 [grpc-default-executor-9] INFO  impl.RoleInfo (RoleInfo.java:shutdownFollowerState(121)) - 1bc296c6-def6-4ae4-8c62-5b4c951a28f1: shutdown FollowerState
2019-10-18 08:19:56,648 [grpc-default-executor-9] INFO  impl.RoleInfo (RoleInfo.java:updateAndGet(143)) - 1bc296c6-def6-4ae4-8c62-5b4c951a28f1: start FollowerState
2019-10-18 08:19:56,648 [Thread-1058] INFO  impl.FollowerState (FollowerState.java:run(117)) - 1bc296c6-def6-4ae4-8c62-5b4c951a28f1@group-5EC277DF3249-FollowerState was interrupted: java.lang.InterruptedException: sleep interrupted
2019-10-18 08:19:56,648 [grpc-default-executor-3] INFO  impl.RaftServerImpl (RaftServerImpl.java:setRole(184)) - bc0382cc-50e2-4d58-b2de-e8b6250f3520@group-5EC277DF3249: changes role from  FOLLOWER to FOLLOWER at term 55 for recognizeCandidate:47aecc56-7e95-480d-b89c-2c00d33b4782
2019-10-18 08:19:56,648 [grpc-default-executor-3] INFO  impl.RoleInfo (RoleInfo.java:shutdownFollowerState(121)) - bc0382cc-50e2-4d58-b2de-e8b6250f3520: shutdown FollowerState
2019-10-18 08:19:56,649 [grpc-default-executor-3] INFO  impl.RoleInfo (RoleInfo.java:updateAndGet(143)) - bc0382cc-50e2-4d58-b2de-e8b6250f3520: start FollowerState
2019-10-18 08:19:56,649 [Thread-1059] INFO  impl.FollowerState (FollowerState.java:run(117)) - bc0382cc-50e2-4d58-b2de-e8b6250f3520@group-5EC277DF3249-FollowerState was interrupted: java.lang.InterruptedException: sleep interrupted
2019-10-18 08:19:56,662 [47aecc56-7e95-480d-b89c-2c00d33b4782@group-5EC277DF3249-LeaderElection63] INFO  impl.LeaderElection (LeaderElection.java:logAndReturn(56)) - 47aecc56-7e95-480d-b89c-2c00d33b4782@group-5EC277DF3249-LeaderElection63: Election REJECTED; received 2 response(s) [47aecc56-7e95-480d-b89c-2c00d33b4782<-1bc296c6-def6-4ae4-8c62-5b4c951a28f1#0:FAIL-t55, 47aecc56-7e95-480d-b89c-2c00d33b4782<-bc0382cc-50e2-4d58-b2de-e8b6250f3520#0:FAIL-t55] and 0 exception(s); 47aecc56-7e95-480d-b89c-2c00d33b4782@group-5EC277DF3249:t55, leader=null, voted=47aecc56-7e95-480d-b89c-2c00d33b4782, raftlog=47aecc56-7e95-480d-b89c-2c00d33b4782@group-5EC277DF3249-SegmentedRaftLog:OPENED:c-1,f-1,i0, conf=-1: [47aecc56-7e95-480d-b89c-2c00d33b4782:192.168.69.67:34550, 1bc296c6-def6-4ae4-8c62-5b4c951a28f1:192.168.69.67:37222, bc0382cc-50e2-4d58-b2de-e8b6250f3520:192.168.69.67:37666], old=null
2019-10-18 08:19:56,662 [47aecc56-7e95-480d-b89c-2c00d33b4782@group-5EC277DF3249-LeaderElection63] INFO  impl.RaftServerImpl (RaftServerImpl.java:setRole(184)) - 47aecc56-7e95-480d-b89c-2c00d33b4782@group-5EC277DF3249: changes role from CANDIDATE to FOLLOWER at term 55 for DISCOVERED_A_NEW_TERM
2019-10-18 08:19:56,663 [47aecc56-7e95-480d-b89c-2c00d33b4782@group-5EC277DF3249-LeaderElection63] INFO  impl.RoleInfo (RoleInfo.java:shutdownLeaderElection(134)) - 47aecc56-7e95-480d-b89c-2c00d33b4782: shutdown LeaderElection
2019-10-18 08:19:56,663 [47aecc56-7e95-480d-b89c-2c00d33b4782@group-5EC277DF3249-LeaderElection63] INFO  impl.RoleInfo (RoleInfo.java:updateAndGet(143)) - 47aecc56-7e95-480d-b89c-2c00d33b4782: start FollowerState
2019-10-18 08:19:56,812 [Thread-1066] INFO  impl.FollowerState (FollowerState.java:run(108)) - 47aecc56-7e95-480d-b89c-2c00d33b4782@group-5EC277DF3249-FollowerState: change to CANDIDATE, lastRpcTime:149ms, electionTimeout:149ms
2019-10-18 08:19:56,812 [Thread-1066] INFO  impl.RoleInfo (RoleInfo.java:shutdownFollowerState(121)) - 47aecc56-7e95-480d-b89c-2c00d33b4782: shutdown FollowerState
2019-10-18 08:19:56,813 [Thread-1066] INFO  impl.RaftServerImpl (RaftServerImpl.java:setRole(184)) - 47aecc56-7e95-480d-b89c-2c00d33b4782@group-5EC277DF3249: changes role from  FOLLOWER to CANDIDATE at term 55 for changeToCandidate
2019-10-18 08:19:56,813 [Thread-1066] INFO  impl.RoleInfo (RoleInfo.java:updateAndGet(143)) - 47aecc56-7e95-480d-b89c-2c00d33b4782: start LeaderElection
2019-10-18 08:19:56,839 [47aecc56-7e95-480d-b89c-2c00d33b4782@group-5EC277DF3249-LeaderElection64] INFO  impl.LeaderElection (LeaderElection.java:askForVotes(178)) - 47aecc56-7e95-480d-b89c-2c00d33b4782@group-5EC277DF3249-LeaderElection64: begin an election at term 56 for -1: [47aecc56-7e95-480d-b89c-2c00d33b4782:192.168.69.67:34550, 1bc296c6-def6-4ae4-8c62-5b4c951a28f1:192.168.69.67:37222, bc0382cc-50e2-4d58-b2de-e8b6250f3520:192.168.69.67:37666], old=null
2019-10-18 08:19:56,844 [grpc-default-executor-3] INFO  impl.RaftServerImpl (RaftServerImpl.java:setRole(184)) - bc0382cc-50e2-4d58-b2de-e8b6250f3520@group-5EC277DF3249: changes role from  FOLLOWER to FOLLOWER at term 56 for recognizeCandidate:47aecc56-7e95-480d-b89c-2c00d33b4782
2019-10-18 08:19:56,844 [grpc-default-executor-9] INFO  impl.RaftServerImpl (RaftServerImpl.java:setRole(184)) - 1bc296c6-def6-4ae4-8c62-5b4c951a28f1@group-5EC277DF3249: changes role from  FOLLOWER to FOLLOWER at term 56 for recognizeCandidate:47aecc56-7e95-480d-b89c-2c00d33b4782
2019-10-18 08:19:56,845 [grpc-default-executor-3] INFO  impl.RoleInfo (RoleInfo.java:shutdownFollowerState(121)) - bc0382cc-50e2-4d58-b2de-e8b6250f3520: shutdown FollowerState
2019-10-18 08:19:56,845 [grpc-default-executor-9] INFO  impl.RoleInfo (RoleInfo.java:shutdownFollowerState(121)) - 1bc296c6-def6-4ae4-8c62-5b4c951a28f1: shutdown FollowerState
2019-10-18 08:19:56,845 [grpc-default-executor-3] INFO  impl.RoleInfo (RoleInfo.java:updateAndGet(143)) - bc0382cc-50e2-4d58-b2de-e8b6250f3520: start FollowerState
2019-10-18 08:19:56,845 [Thread-1064] INFO  impl.FollowerState (FollowerState.java:run(117)) - 1bc296c6-def6-4ae4-8c62-5b4c951a28f1@group-5EC277DF3249-FollowerState was interrupted: java.lang.InterruptedException: sleep interrupted
2019-10-18 08:19:56,845 [Thread-1065] INFO  impl.FollowerState (FollowerState.java:run(117)) - bc0382cc-50e2-4d58-b2de-e8b6250f3520@group-5EC277DF3249-FollowerState was interrupted: java.lang.InterruptedException: sleep interrupted
2019-10-18 08:19:56,845 [grpc-default-executor-9] INFO  impl.RoleInfo (RoleInfo.java:updateAndGet(143)) - 1bc296c6-def6-4ae4-8c62-5b4c951a28f1: start FollowerState
2019-10-18 08:19:56,860 [47aecc56-7e95-480d-b89c-2c00d33b4782@group-5EC277DF3249-LeaderElection64] INFO  impl.LeaderElection (LeaderElection.java:logAndReturn(56)) - 47aecc56-7e95-480d-b89c-2c00d33b4782@group-5EC277DF3249-LeaderElection64: Election REJECTED; received 2 response(s) [47aecc56-7e95-480d-b89c-2c00d33b4782<-1bc296c6-def6-4ae4-8c62-5b4c951a28f1#0:FAIL-t56, 47aecc56-7e95-480d-b89c-2c00d33b4782<-bc0382cc-50e2-4d58-b2de-e8b6250f3520#0:FAIL-t56] and 0 exception(s); 47aecc56-7e95-480d-b89c-2c00d33b4782@group-5EC277DF3249:t56, leader=null, voted=47aecc56-7e95-480d-b89c-2c00d33b4782, raftlog=47aecc56-7e95-480d-b89c-2c00d33b4782@group-5EC277DF3249-SegmentedRaftLog:OPENED:c-1,f-1,i0, conf=-1: [47aecc56-7e95-480d-b89c-2c00d33b4782:192.168.69.67:34550, 1bc296c6-def6-4ae4-8c62-5b4c951a28f1:192.168.69.67:37222, bc0382cc-50e2-4d58-b2de-e8b6250f3520:192.168.69.67:37666], old=null
2019-10-18 08:19:56,861 [47aecc56-7e95-480d-b89c-2c00d33b4782@group-5EC277DF3249-LeaderElection64] INFO  impl.RaftServerImpl (RaftServerImpl.java:setRole(184)) - 47aecc56-7e95-480d-b89c-2c00d33b4782@group-5EC277DF3249: changes role from CANDIDATE to FOLLOWER at term 56 for DISCOVERED_A_NEW_TERM
2019-10-18 08:19:56,861 [47aecc56-7e95-480d-b89c-2c00d33b4782@group-5EC277DF3249-LeaderElection64] INFO  impl.RoleInfo (RoleInfo.java:shutdownLeaderElection(134)) - 47aecc56-7e95-480d-b89c-2c00d33b4782: shutdown LeaderElection
2019-10-18 08:19:56,861 [47aecc56-7e95-480d-b89c-2c00d33b4782@group-5EC277DF3249-LeaderElection64] INFO  impl.RoleInfo (RoleInfo.java:updateAndGet(143)) - 47aecc56-7e95-480d-b89c-2c00d33b4782: start FollowerState
2019-10-18 08:19:56,900 [Thread-1072] INFO  impl.FollowerState (FollowerState.java:run(108)) - 47aecc56-7e95-480d-b89c-2c00d33b4782@group-5EC277DF3249-FollowerState: change to CANDIDATE, lastRpcTime:38ms, electionTimeout:38ms
2019-10-18 08:19:56,900 [Thread-1072] INFO  impl.RoleInfo (RoleInfo.java:shutdownFollowerState(121)) - 47aecc56-7e95-480d-b89c-2c00d33b4782: shutdown FollowerState
2019-10-18 08:19:56,900 [Thread-1072] INFO  impl.RaftServerImpl (RaftServerImpl.java:setRole(184)) - 47aecc56-7e95-480d-b89c-2c00d33b4782@group-5EC277DF3249: changes role from  FOLLOWER to CANDIDATE at term 56 for changeToCandidate
2019-10-18 08:19:56,900 [Thread-1072] INFO  impl.RoleInfo (RoleInfo.java:updateAndGet(143)) - 47aecc56-7e95-480d-b89c-2c00d33b4782: start LeaderElection
2019-10-18 08:19:56,914 [47aecc56-7e95-480d-b89c-2c00d33b4782@group-5EC277DF3249-LeaderElection65] INFO  impl.LeaderElection (LeaderElection.java:askForVotes(178)) - 47aecc56-7e95-480d-b89c-2c00d33b4782@group-5EC277DF3249-LeaderElection65: begin an election at term 57 for -1: [47aecc56-7e95-480d-b89c-2c00d33b4782:192.168.69.67:34550, 1bc296c6-def6-4ae4-8c62-5b4c951a28f1:192.168.69.67:37222, bc0382cc-50e2-4d58-b2de-e8b6250f3520:192.168.69.67:37666], old=null
2019-10-18 08:19:56,915 [grpc-default-executor-9] INFO  impl.RaftServerImpl (RaftServerImpl.java:setRole(184)) - bc0382cc-50e2-4d58-b2de-e8b6250f3520@group-5EC277DF3249: changes role from  FOLLOWER to FOLLOWER at term 57 for recognizeCandidate:47aecc56-7e95-480d-b89c-2c00d33b4782
2019-10-18 08:19:56,915 [grpc-default-executor-3] INFO  impl.RaftServerImpl (RaftServerImpl.java:setRole(184)) - 1bc296c6-def6-4ae4-8c62-5b4c951a28f1@group-5EC277DF3249: changes role from  FOLLOWER to FOLLOWER at term 57 for recognizeCandidate:47aecc56-7e95-480d-b89c-2c00d33b4782
2019-10-18 08:19:56,915 [grpc-default-executor-9] INFO  impl.RoleInfo (RoleInfo.java:shutdownFollowerState(121)) - bc0382cc-50e2-4d58-b2de-e8b6250f3520: shutdown FollowerState
2019-10-18 08:19:56,916 [grpc-default-executor-3] INFO  impl.RoleInfo (RoleInfo.java:shutdownFollowerState(121)) - 1bc296c6-def6-4ae4-8c62-5b4c951a28f1: shutdown FollowerState
2019-10-18 08:19:56,916 [Thread-1070] INFO  impl.FollowerState (FollowerState.java:run(117)) - bc0382cc-50e2-4d58-b2de-e8b6250f3520@group-5EC277DF3249-FollowerState was interrupted: java.lang.InterruptedException: sleep interrupted
2019-10-18 08:19:56,916 [grpc-default-executor-9] INFO  impl.RoleInfo (RoleInfo.java:updateAndGet(143)) - bc0382cc-50e2-4d58-b2de-e8b6250f3520: start FollowerState
2019-10-18 08:19:56,916 [Thread-1071] INFO  impl.FollowerState (FollowerState.java:run(117)) - 1bc296c6-def6-4ae4-8c62-5b4c951a28f1@group-5EC277DF3249-FollowerState was interrupted: java.lang.InterruptedException: sleep interrupted
2019-10-18 08:19:56,916 [grpc-default-executor-3] INFO  impl.RoleInfo (RoleInfo.java:updateAndGet(143)) - 1bc296c6-def6-4ae4-8c62-5b4c951a28f1: start FollowerState
2019-10-18 08:19:56,932 [47aecc56-7e95-480d-b89c-2c00d33b4782@group-5EC277DF3249-LeaderElection65] INFO  impl.LeaderElection (LeaderElection.java:logAndReturn(56)) - 47aecc56-7e95-480d-b89c-2c00d33b4782@group-5EC277DF3249-LeaderElection65: Election REJECTED; received 2 response(s) [47aecc56-7e95-480d-b89c-2c00d33b4782<-1bc296c6-def6-4ae4-8c62-5b4c951a28f1#0:FAIL-t57, 47aecc56-7e95-480d-b89c-2c00d33b4782<-bc0382cc-50e2-4d58-b2de-e8b6250f3520#0:FAIL-t57] and 0 exception(s); 47aecc56-7e95-480d-b89c-2c00d33b4782@group-5EC277DF3249:t57, leader=null, voted=47aecc56-7e95-480d-b89c-2c00d33b4782, raftlog=47aecc56-7e95-480d-b89c-2c00d33b4782@group-5EC277DF3249-SegmentedRaftLog:OPENED:c-1,f-1,i0, conf=-1: [47aecc56-7e95-480d-b89c-2c00d33b4782:192.168.69.67:34550, 1bc296c6-def6-4ae4-8c62-5b4c951a28f1:192.168.69.67:37222, bc0382cc-50e2-4d58-b2de-e8b6250f3520:192.168.69.67:37666], old=null
2019-10-18 08:19:56,933 [47aecc56-7e95-480d-b89c-2c00d33b4782@group-5EC277DF3249-LeaderElection65] INFO  impl.RaftServerImpl (RaftServerImpl.java:setRole(184)) - 47aecc56-7e95-480d-b89c-2c00d33b4782@group-5EC277DF3249: changes role from CANDIDATE to FOLLOWER at term 57 for DISCOVERED_A_NEW_TERM
2019-10-18 08:19:56,933 [47aecc56-7e95-480d-b89c-2c00d33b4782@group-5EC277DF3249-LeaderElection65] INFO  impl.RoleInfo (RoleInfo.java:shutdownLeaderElection(134)) - 47aecc56-7e95-480d-b89c-2c00d33b4782: shutdown LeaderElection
2019-10-18 08:19:56,933 [47aecc56-7e95-480d-b89c-2c00d33b4782@group-5EC277DF3249-LeaderElection65] INFO  impl.RoleInfo (RoleInfo.java:updateAndGet(143)) - 47aecc56-7e95-480d-b89c-2c00d33b4782: start FollowerState
2019-10-18 08:19:57,006 [Thread-1078] INFO  impl.FollowerState (FollowerState.java:run(108)) - 47aecc56-7e95-480d-b89c-2c00d33b4782@group-5EC277DF3249-FollowerState: change to CANDIDATE, lastRpcTime:73ms, electionTimeout:73ms
2019-10-18 08:19:57,006 [Thread-1078] INFO  impl.RoleInfo (RoleInfo.java:shutdownFollowerState(121)) - 47aecc56-7e95-480d-b89c-2c00d33b4782: shutdown FollowerState
2019-10-18 08:19:57,006 [Thread-1078] INFO  impl.RaftServerImpl (RaftServerImpl.java:setRole(184)) - 47aecc56-7e95-480d-b89c-2c00d33b4782@group-5EC277DF3249: changes role from  FOLLOWER to CANDIDATE at term 57 for changeToCandidate
2019-10-18 08:19:57,007 [Thread-1078] INFO  impl.RoleInfo (RoleInfo.java:updateAndGet(143)) - 47aecc56-7e95-480d-b89c-2c00d33b4782: start LeaderElection
2019-10-18 08:19:57,021 [47aecc56-7e95-480d-b89c-2c00d33b4782@group-5EC277DF3249-LeaderElection66] INFO  impl.LeaderElection (LeaderElection.java:askForVotes(178)) - 47aecc56-7e95-480d-b89c-2c00d33b4782@group-5EC277DF3249-LeaderElection66: begin an election at term 58 for -1: [47aecc56-7e95-480d-b89c-2c00d33b4782:192.168.69.67:34550, 1bc296c6-def6-4ae4-8c62-5b4c951a28f1:192.168.69.67:37222, bc0382cc-50e2-4d58-b2de-e8b6250f3520:192.168.69.67:37666], old=null
2019-10-18 08:19:57,023 [grpc-default-executor-3] INFO  impl.RaftServerImpl (RaftServerImpl.java:setRole(184)) - bc0382cc-50e2-4d58-b2de-e8b6250f3520@group-5EC277DF3249: changes role from  FOLLOWER to FOLLOWER at term 58 for recognizeCandidate:47aecc56-7e95-480d-b89c-2c00d33b4782
2019-10-18 08:19:57,023 [grpc-default-executor-3] INFO  impl.RoleInfo (RoleInfo.java:shutdownFollowerState(121)) - bc0382cc-50e2-4d58-b2de-e8b6250f3520: shutdown FollowerState
2019-10-18 08:19:57,023 [grpc-default-executor-9] INFO  impl.RaftServerImpl (RaftServerImpl.java:setRole(184)) - 1bc296c6-def6-4ae4-8c62-5b4c951a28f1@group-5EC277DF3249: changes role from  FOLLOWER to FOLLOWER at term 58 for recognizeCandidate:47aecc56-7e95-480d-b89c-2c00d33b4782
2019-10-18 08:19:57,023 [Thread-1076] INFO  impl.FollowerState (FollowerState.java:run(117)) - bc0382cc-50e2-4d58-b2de-e8b6250f3520@group-5EC277DF3249-FollowerState was interrupted: java.lang.InterruptedException: sleep interrupted
2019-10-18 08:19:57,023 [grpc-default-executor-3] INFO  impl.RoleInfo (RoleInfo.java:updateAndGet(143)) - bc0382cc-50e2-4d58-b2de-e8b6250f3520: start FollowerState
2019-10-18 08:19:57,023 [grpc-default-executor-9] INFO  impl.RoleInfo (RoleInfo.java:shutdownFollowerState(121)) - 1bc296c6-def6-4ae4-8c62-5b4c951a28f1: shutdown FollowerState
2019-10-18 08:19:57,024 [grpc-default-executor-9] INFO  impl.RoleInfo (RoleInfo.java:updateAndGet(143)) - 1bc296c6-def6-4ae4-8c62-5b4c951a28f1: start FollowerState
2019-10-18 08:19:57,024 [Thread-1077] INFO  impl.FollowerState (FollowerState.java:run(117)) - 1bc296c6-def6-4ae4-8c62-5b4c951a28f1@group-5EC277DF3249-FollowerState was interrupted: java.lang.InterruptedException: sleep interrupted
2019-10-18 08:19:57,038 [47aecc56-7e95-480d-b89c-2c00d33b4782@group-5EC277DF3249-LeaderElection66] INFO  impl.LeaderElection (LeaderElection.java:logAndReturn(56)) - 47aecc56-7e95-480d-b89c-2c00d33b4782@group-5EC277DF3249-LeaderElection66: Election REJECTED; received 2 response(s) [47aecc56-7e95-480d-b89c-2c00d33b4782<-1bc296c6-def6-4ae4-8c62-5b4c951a28f1#0:FAIL-t58, 47aecc56-7e95-480d-b89c-2c00d33b4782<-bc0382cc-50e2-4d58-b2de-e8b6250f3520#0:FAIL-t58] and 0 exception(s); 47aecc56-7e95-480d-b89c-2c00d33b4782@group-5EC277DF3249:t58, leader=null, voted=47aecc56-7e95-480d-b89c-2c00d33b4782, raftlog=47aecc56-7e95-480d-b89c-2c00d33b4782@group-5EC277DF3249-SegmentedRaftLog:OPENED:c-1,f-1,i0, conf=-1: [47aecc56-7e95-480d-b89c-2c00d33b4782:192.168.69.67:34550, 1bc296c6-def6-4ae4-8c62-5b4c951a28f1:192.168.69.67:37222, bc0382cc-50e2-4d58-b2de-e8b6250f3520:192.168.69.67:37666], old=null
2019-10-18 08:19:57,038 [47aecc56-7e95-480d-b89c-2c00d33b4782@group-5EC277DF3249-LeaderElection66] INFO  impl.RaftServerImpl (RaftServerImpl.java:setRole(184)) - 47aecc56-7e95-480d-b89c-2c00d33b4782@group-5EC277DF3249: changes role from CANDIDATE to FOLLOWER at term 58 for DISCOVERED_A_NEW_TERM
2019-10-18 08:19:57,038 [47aecc56-7e95-480d-b89c-2c00d33b4782@group-5EC277DF3249-LeaderElection66] INFO  impl.RoleInfo (RoleInfo.java:shutdownLeaderElection(134)) - 47aecc56-7e95-480d-b89c-2c00d33b4782: shutdown LeaderElection
2019-10-18 08:19:57,038 [47aecc56-7e95-480d-b89c-2c00d33b4782@group-5EC277DF3249-LeaderElection66] INFO  impl.RoleInfo (RoleInfo.java:updateAndGet(143)) - 47aecc56-7e95-480d-b89c-2c00d33b4782: start FollowerState
2019-10-18 08:19:57,162 [Thread-1084] INFO  impl.FollowerState (FollowerState.java:run(108)) - 47aecc56-7e95-480d-b89c-2c00d33b4782@group-5EC277DF3249-FollowerState: change to CANDIDATE, lastRpcTime:124ms, electionTimeout:124ms
2019-10-18 08:19:57,163 [Thread-1084] INFO  impl.RoleInfo (RoleInfo.java:shutdownFollowerState(121)) - 47aecc56-7e95-480d-b89c-2c00d33b4782: shutdown FollowerState
2019-10-18 08:19:57,163 [Thread-1084] INFO  impl.RaftServerImpl (RaftServerImpl.java:setRole(184)) - 47aecc56-7e95-480d-b89c-2c00d33b4782@group-5EC277DF3249: changes role from  FOLLOWER to CANDIDATE at term 58 for changeToCandidate
2019-10-18 08:19:57,163 [Thread-1084] INFO  impl.RoleInfo (RoleInfo.java:updateAndGet(143)) - 47aecc56-7e95-480d-b89c-2c00d33b4782: start LeaderElection
 0.00% |?                                                                                                    |  0/1 Time: 0:04:052019-10-18 08:19:57,188 [47aecc56-7e95-480d-b89c-2c00d33b4782@group-5EC277DF3249-LeaderElection67] INFO  impl.LeaderElection (LeaderElection.java:askForVotes(178)) - 47aecc56-7e95-480d-b89c-2c00d33b4782@group-5EC277DF3249-LeaderElection67: begin an election at term 59 for -1: [47aecc56-7e95-480d-b89c-2c00d33b4782:192.168.69.67:34550, 1bc296c6-def6-4ae4-8c62-5b4c951a28f1:192.168.69.67:37222, bc0382cc-50e2-4d58-b2de-e8b6250f3520:192.168.69.67:37666], old=null
2019-10-18 08:19:57,192 [grpc-default-executor-9] INFO  impl.RaftServerImpl (RaftServerImpl.java:setRole(184)) - 1bc296c6-def6-4ae4-8c62-5b4c951a28f1@group-5EC277DF3249: changes role from  FOLLOWER to FOLLOWER at term 59 for recognizeCandidate:47aecc56-7e95-480d-b89c-2c00d33b4782
2019-10-18 08:19:57,192 [grpc-default-executor-3] INFO  impl.RaftServerImpl (RaftServerImpl.java:setRole(184)) - bc0382cc-50e2-4d58-b2de-e8b6250f3520@group-5EC277DF3249: changes role from  FOLLOWER to FOLLOWER at term 59 for recognizeCandidate:47aecc56-7e95-480d-b89c-2c00d33b4782
2019-10-18 08:19:57,192 [grpc-default-executor-3] INFO  impl.RoleInfo (RoleInfo.java:shutdownFollowerState(121)) - bc0382cc-50e2-4d58-b2de-e8b6250f3520: shutdown FollowerState
2019-10-18 08:19:57,192 [grpc-default-executor-9] INFO  impl.RoleInfo (RoleInfo.java:shutdownFollowerState(121)) - 1bc296c6-def6-4ae4-8c62-5b4c951a28f1: shutdown FollowerState
2019-10-18 08:19:57,193 [Thread-1082] INFO  impl.FollowerState (FollowerState.java:run(117)) - bc0382cc-50e2-4d58-b2de-e8b6250f3520@group-5EC277DF3249-FollowerState was interrupted: java.lang.InterruptedException: sleep interrupted
2019-10-18 08:19:57,193 [Thread-1083] INFO  impl.FollowerState (FollowerState.java:run(117)) - 1bc296c6-def6-4ae4-8c62-5b4c951a28f1@group-5EC277DF3249-FollowerState was interrupted: java.lang.InterruptedException: sleep interrupted
2019-10-18 08:19:57,193 [grpc-default-executor-3] INFO  impl.RoleInfo (RoleInfo.java:updateAndGet(143)) - bc0382cc-50e2-4d58-b2de-e8b6250f3520: start FollowerState
2019-10-18 08:19:57,193 [grpc-default-executor-9] INFO  impl.RoleInfo (RoleInfo.java:updateAndGet(143)) - 1bc296c6-def6-4ae4-8c62-5b4c951a28f1: start FollowerState
2019-10-18 08:19:57,208 [47aecc56-7e95-480d-b89c-2c00d33b4782@group-5EC277DF3249-LeaderElection67] INFO  impl.LeaderElection (LeaderElection.java:logAndReturn(56)) - 47aecc56-7e95-480d-b89c-2c00d33b4782@group-5EC277DF3249-LeaderElection67: Election REJECTED; received 2 response(s) [47aecc56-7e95-480d-b89c-2c00d33b4782<-1bc296c6-def6-4ae4-8c62-5b4c951a28f1#0:FAIL-t59, 47aecc56-7e95-480d-b89c-2c00d33b4782<-bc0382cc-50e2-4d58-b2de-e8b6250f3520#0:FAIL-t59] and 0 exception(s); 47aecc56-7e95-480d-b89c-2c00d33b4782@group-5EC277DF3249:t59, leader=null, voted=47aecc56-7e95-480d-b89c-2c00d33b4782, raftlog=47aecc56-7e95-480d-b89c-2c00d33b4782@group-5EC277DF3249-SegmentedRaftLog:OPENED:c-1,f-1,i0, conf=-1: [47aecc56-7e95-480d-b89c-2c00d33b4782:192.168.69.67:34550, 1bc296c6-def6-4ae4-8c62-5b4c951a28f1:192.168.69.67:37222, bc0382cc-50e2-4d58-b2de-e8b6250f3520:192.168.69.67:37666], old=null
2019-10-18 08:19:57,208 [47aecc56-7e95-480d-b89c-2c00d33b4782@group-5EC277DF3249-LeaderElection67] INFO  impl.RaftServerImpl (RaftServerImpl.java:setRole(184)) - 47aecc56-7e95-480d-b89c-2c00d33b4782@group-5EC277DF3249: changes role from CANDIDATE to FOLLOWER at term 59 for DISCOVERED_A_NEW_TERM
2019-10-18 08:19:57,208 [47aecc56-7e95-480d-b89c-2c00d33b4782@group-5EC277DF3249-LeaderElection67] INFO  impl.RoleInfo (RoleInfo.java:shutdownLeaderElection(134)) - 47aecc56-7e95-480d-b89c-2c00d33b4782: shutdown LeaderElection
2019-10-18 08:19:57,208 [47aecc56-7e95-480d-b89c-2c00d33b4782@group-5EC277DF3249-LeaderElection67] INFO  impl.RoleInfo (RoleInfo.java:updateAndGet(143)) - 47aecc56-7e95-480d-b89c-2c00d33b4782: start FollowerState
2019-10-18 08:19:57,291 [Thread-1090] INFO  impl.FollowerState (FollowerState.java:run(108)) - 47aecc56-7e95-480d-b89c-2c00d33b4782@group-5EC277DF3249-FollowerState: change to CANDIDATE, lastRpcTime:82ms, electionTimeout:82ms
2019-10-18 08:19:57,291 [Thread-1090] INFO  impl.RoleInfo (RoleInfo.java:shutdownFollowerState(121)) - 47aecc56-7e95-480d-b89c-2c00d33b4782: shutdown FollowerState
2019-10-18 08:19:57,291 [Thread-1090] INFO  impl.RaftServerImpl (RaftServerImpl.java:setRole(184)) - 47aecc56-7e95-480d-b89c-2c00d33b4782@group-5EC277DF3249: changes role from  FOLLOWER to CANDIDATE at term 59 for changeToCandidate
2019-10-18 08:19:57,292 [Thread-1090] INFO  impl.RoleInfo (RoleInfo.java:updateAndGet(143)) - 47aecc56-7e95-480d-b89c-2c00d33b4782: start LeaderElection
2019-10-18 08:19:57,306 [47aecc56-7e95-480d-b89c-2c00d33b4782@group-5EC277DF3249-LeaderElection68] INFO  impl.LeaderElection (LeaderElection.java:askForVotes(178)) - 47aecc56-7e95-480d-b89c-2c00d33b4782@group-5EC277DF3249-LeaderElection68: begin an election at term 60 for -1: [47aecc56-7e95-480d-b89c-2c00d33b4782:192.168.69.67:34550, 1bc296c6-def6-4ae4-8c62-5b4c951a28f1:192.168.69.67:37222, bc0382cc-50e2-4d58-b2de-e8b6250f3520:192.168.69.67:37666], old=null
2019-10-18 08:19:57,309 [grpc-default-executor-3] INFO  impl.RaftServerImpl (RaftServerImpl.java:setRole(184)) - 1bc296c6-def6-4ae4-8c62-5b4c951a28f1@group-5EC277DF3249: changes role from  FOLLOWER to FOLLOWER at term 60 for recognizeCandidate:47aecc56-7e95-480d-b89c-2c00d33b4782
2019-10-18 08:19:57,309 [grpc-default-executor-9] INFO  impl.RaftServerImpl (RaftServerImpl.java:setRole(184)) - bc0382cc-50e2-4d58-b2de-e8b6250f3520@group-5EC277DF3249: changes role from  FOLLOWER to FOLLOWER at term 60 for recognizeCandidate:47aecc56-7e95-480d-b89c-2c00d33b4782
2019-10-18 08:19:57,309 [grpc-default-executor-3] INFO  impl.RoleInfo (RoleInfo.java:shutdownFollowerState(121)) - 1bc296c6-def6-4ae4-8c62-5b4c951a28f1: shutdown FollowerState
2019-10-18 08:19:57,309 [grpc-default-executor-9] INFO  impl.RoleInfo (RoleInfo.java:shutdownFollowerState(121)) - bc0382cc-50e2-4d58-b2de-e8b6250f3520: shutdown FollowerState
2019-10-18 08:19:57,310 [Thread-1089] INFO  impl.FollowerState (FollowerState.java:run(117)) - 1bc296c6-def6-4ae4-8c62-5b4c951a28f1@group-5EC277DF3249-FollowerState was interrupted: java.lang.InterruptedException: sleep interrupted
2019-10-18 08:19:57,309 [grpc-default-executor-3] INFO  impl.RoleInfo (RoleInfo.java:updateAndGet(143)) - 1bc296c6-def6-4ae4-8c62-5b4c951a28f1: start FollowerState
2019-10-18 08:19:57,310 [Thread-1088] INFO  impl.FollowerState (FollowerState.java:run(117)) - bc0382cc-50e2-4d58-b2de-e8b6250f3520@group-5EC277DF3249-FollowerState was interrupted: java.lang.InterruptedException: sleep interrupted
2019-10-18 08:19:57,310 [grpc-default-executor-9] INFO  impl.RoleInfo (RoleInfo.java:updateAndGet(143)) - bc0382cc-50e2-4d58-b2de-e8b6250f3520: start FollowerState
2019-10-18 08:19:57,325 [47aecc56-7e95-480d-b89c-2c00d33b4782@group-5EC277DF3249-LeaderElection68] INFO  impl.LeaderElection (LeaderElection.java:logAndReturn(56)) - 47aecc56-7e95-480d-b89c-2c00d33b4782@group-5EC277DF3249-LeaderElection68: Election REJECTED; received 2 response(s) [47aecc56-7e95-480d-b89c-2c00d33b4782<-1bc296c6-def6-4ae4-8c62-5b4c951a28f1#0:FAIL-t60, 47aecc56-7e95-480d-b89c-2c00d33b4782<-bc0382cc-50e2-4d58-b2de-e8b6250f3520#0:FAIL-t60] and 0 exception(s); 47aecc56-7e95-480d-b89c-2c00d33b4782@group-5EC277DF3249:t60, leader=null, voted=47aecc56-7e95-480d-b89c-2c00d33b4782, raftlog=47aecc56-7e95-480d-b89c-2c00d33b4782@group-5EC277DF3249-SegmentedRaftLog:OPENED:c-1,f-1,i0, conf=-1: [47aecc56-7e95-480d-b89c-2c00d33b4782:192.168.69.67:34550, 1bc296c6-def6-4ae4-8c62-5b4c951a28f1:192.168.69.67:37222, bc0382cc-50e2-4d58-b2de-e8b6250f3520:192.168.69.67:37666], old=null
2019-10-18 08:19:57,325 [47aecc56-7e95-480d-b89c-2c00d33b4782@group-5EC277DF3249-LeaderElection68] INFO  impl.RaftServerImpl (RaftServerImpl.java:setRole(184)) - 47aecc56-7e95-480d-b89c-2c00d33b4782@group-5EC277DF3249: changes role from CANDIDATE to FOLLOWER at term 60 for DISCOVERED_A_NEW_TERM
2019-10-18 08:19:57,325 [47aecc56-7e95-480d-b89c-2c00d33b4782@group-5EC277DF3249-LeaderElection68] INFO  impl.RoleInfo (RoleInfo.java:shutdownLeaderElection(134)) - 47aecc56-7e95-480d-b89c-2c00d33b4782: shutdown LeaderElection
2019-10-18 08:19:57,325 [47aecc56-7e95-480d-b89c-2c00d33b4782@group-5EC277DF3249-LeaderElection68] INFO  impl.RoleInfo (RoleInfo.java:updateAndGet(143)) - 47aecc56-7e95-480d-b89c-2c00d33b4782: start FollowerState
2019-10-18 08:19:57,473 [Thread-1096] INFO  impl.FollowerState (FollowerState.java:run(108)) - 47aecc56-7e95-480d-b89c-2c00d33b4782@group-5EC277DF3249-FollowerState: change to CANDIDATE, lastRpcTime:148ms, electionTimeout:148ms
2019-10-18 08:19:57,474 [Thread-1096] INFO  impl.RoleInfo (RoleInfo.java:shutdownFollowerState(121)) - 47aecc56-7e95-480d-b89c-2c00d33b4782: shutdown FollowerState
2019-10-18 08:19:57,474 [Thread-1096] INFO  impl.RaftServerImpl (RaftServerImpl.java:setRole(184)) - 47aecc56-7e95-480d-b89c-2c00d33b4782@group-5EC277DF3249: changes role from  FOLLOWER to CANDIDATE at term 60 for changeToCandidate
2019-10-18 08:19:57,474 [Thread-1096] INFO  impl.RoleInfo (RoleInfo.java:updateAndGet(143)) - 47aecc56-7e95-480d-b89c-2c00d33b4782: start LeaderElection
2019-10-18 08:19:57,490 [47aecc56-7e95-480d-b89c-2c00d33b4782@group-5EC277DF3249-LeaderElection69] INFO  impl.LeaderElection (LeaderElection.java:askForVotes(178)) - 47aecc56-7e95-480d-b89c-2c00d33b4782@group-5EC277DF3249-LeaderElection69: begin an election at term 61 for -1: [47aecc56-7e95-480d-b89c-2c00d33b4782:192.168.69.67:34550, 1bc296c6-def6-4ae4-8c62-5b4c951a28f1:192.168.69.67:37222, bc0382cc-50e2-4d58-b2de-e8b6250f3520:192.168.69.67:37666], old=null
2019-10-18 08:19:57,492 [grpc-default-executor-3] INFO  impl.RaftServerImpl (RaftServerImpl.java:setRole(184)) - 1bc296c6-def6-4ae4-8c62-5b4c951a28f1@group-5EC277DF3249: changes role from  FOLLOWER to FOLLOWER at term 61 for recognizeCandidate:47aecc56-7e95-480d-b89c-2c00d33b4782
2019-10-18 08:19:57,492 [grpc-default-executor-9] INFO  impl.RaftServerImpl (RaftServerImpl.java:setRole(184)) - bc0382cc-50e2-4d58-b2de-e8b6250f3520@group-5EC277DF3249: changes role from  FOLLOWER to FOLLOWER at term 61 for recognizeCandidate:47aecc56-7e95-480d-b89c-2c00d33b4782
2019-10-18 08:19:57,493 [grpc-default-executor-3] INFO  impl.RoleInfo (RoleInfo.java:shutdownFollowerState(121)) - 1bc296c6-def6-4ae4-8c62-5b4c951a28f1: shutdown FollowerState
2019-10-18 08:19:57,493 [grpc-default-executor-9] INFO  impl.RoleInfo (RoleInfo.java:shutdownFollowerState(121)) - bc0382cc-50e2-4d58-b2de-e8b6250f3520: shutdown FollowerState
2019-10-18 08:19:57,493 [Thread-1094] INFO  impl.FollowerState (FollowerState.java:run(117)) - 1bc296c6-def6-4ae4-8c62-5b4c951a28f1@group-5EC277DF3249-FollowerState was interrupted: java.lang.InterruptedException: sleep interrupted
2019-10-18 08:19:57,493 [grpc-default-executor-3] INFO  impl.RoleInfo (RoleInfo.java:updateAndGet(143)) - 1bc296c6-def6-4ae4-8c62-5b4c951a28f1: start FollowerState
2019-10-18 08:19:57,493 [Thread-1095] INFO  impl.FollowerState (FollowerState.java:run(117)) - bc0382cc-50e2-4d58-b2de-e8b6250f3520@group-5EC277DF3249-FollowerState was interrupted: java.lang.InterruptedException: sleep interrupted
2019-10-18 08:19:57,493 [grpc-default-executor-9] INFO  impl.RoleInfo (RoleInfo.java:updateAndGet(143)) - bc0382cc-50e2-4d58-b2de-e8b6250f3520: start FollowerState
2019-10-18 08:19:57,508 [47aecc56-7e95-480d-b89c-2c00d33b4782@group-5EC277DF3249-LeaderElection69] INFO  impl.LeaderElection (LeaderElection.java:logAndReturn(56)) - 47aecc56-7e95-480d-b89c-2c00d33b4782@group-5EC277DF3249-LeaderElection69: Election REJECTED; received 2 response(s) [47aecc56-7e95-480d-b89c-2c00d33b4782<-1bc296c6-def6-4ae4-8c62-5b4c951a28f1#0:FAIL-t61, 47aecc56-7e95-480d-b89c-2c00d33b4782<-bc0382cc-50e2-4d58-b2de-e8b6250f3520#0:FAIL-t61] and 0 exception(s); 47aecc56-7e95-480d-b89c-2c00d33b4782@group-5EC277DF3249:t61, leader=null, voted=47aecc56-7e95-480d-b89c-2c00d33b4782, raftlog=47aecc56-7e95-480d-b89c-2c00d33b4782@group-5EC277DF3249-SegmentedRaftLog:OPENED:c-1,f-1,i0, conf=-1: [47aecc56-7e95-480d-b89c-2c00d33b4782:192.168.69.67:34550, 1bc296c6-def6-4ae4-8c62-5b4c951a28f1:192.168.69.67:37222, bc0382cc-50e2-4d58-b2de-e8b6250f3520:192.168.69.67:37666], old=null
2019-10-18 08:19:57,508 [47aecc56-7e95-480d-b89c-2c00d33b4782@group-5EC277DF3249-LeaderElection69] INFO  impl.RaftServerImpl (RaftServerImpl.java:setRole(184)) - 47aecc56-7e95-480d-b89c-2c00d33b4782@group-5EC277DF3249: changes role from CANDIDATE to FOLLOWER at term 61 for DISCOVERED_A_NEW_TERM
2019-10-18 08:19:57,508 [47aecc56-7e95-480d-b89c-2c00d33b4782@group-5EC277DF3249-LeaderElection69] INFO  impl.RoleInfo (RoleInfo.java:shutdownLeaderElection(134)) - 47aecc56-7e95-480d-b89c-2c00d33b4782: shutdown LeaderElection
2019-10-18 08:19:57,508 [47aecc56-7e95-480d-b89c-2c00d33b4782@group-5EC277DF3249-LeaderElection69] INFO  impl.RoleInfo (RoleInfo.java:updateAndGet(143)) - 47aecc56-7e95-480d-b89c-2c00d33b4782: start FollowerState
2019-10-18 08:19:57,515 [Thread-1102] INFO  impl.FollowerState (FollowerState.java:run(108)) - 47aecc56-7e95-480d-b89c-2c00d33b4782@group-5EC277DF3249-FollowerState: change to CANDIDATE, lastRpcTime:6ms, electionTimeout:6ms
2019-10-18 08:19:57,515 [Thread-1102] INFO  impl.RoleInfo (RoleInfo.java:shutdownFollowerState(121)) - 47aecc56-7e95-480d-b89c-2c00d33b4782: shutdown FollowerState
2019-10-18 08:19:57,515 [Thread-1102] INFO  impl.RaftServerImpl (RaftServerImpl.java:setRole(184)) - 47aecc56-7e95-480d-b89c-2c00d33b4782@group-5EC277DF3249: changes role from  FOLLOWER to CANDIDATE at term 61 for changeToCandidate
2019-10-18 08:19:57,515 [Thread-1102] INFO  impl.RoleInfo (RoleInfo.java:updateAndGet(143)) - 47aecc56-7e95-480d-b89c-2c00d33b4782: start LeaderElection
2019-10-18 08:19:57,529 [47aecc56-7e95-480d-b89c-2c00d33b4782@group-5EC277DF3249-LeaderElection70] INFO  impl.LeaderElection (LeaderElection.java:askForVotes(178)) - 47aecc56-7e95-480d-b89c-2c00d33b4782@group-5EC277DF3249-LeaderElection70: begin an election at term 62 for -1: [47aecc56-7e95-480d-b89c-2c00d33b4782:192.168.69.67:34550, 1bc296c6-def6-4ae4-8c62-5b4c951a28f1:192.168.69.67:37222, bc0382cc-50e2-4d58-b2de-e8b6250f3520:192.168.69.67:37666], old=null
2019-10-18 08:19:57,533 [grpc-default-executor-3] INFO  impl.RaftServerImpl (RaftServerImpl.java:setRole(184)) - bc0382cc-50e2-4d58-b2de-e8b6250f3520@group-5EC277DF3249: changes role from  FOLLOWER to FOLLOWER at term 62 for recognizeCandidate:47aecc56-7e95-480d-b89c-2c00d33b4782
2019-10-18 08:19:57,533 [grpc-default-executor-3] INFO  impl.RoleInfo (RoleInfo.java:shutdownFollowerState(121)) - bc0382cc-50e2-4d58-b2de-e8b6250f3520: shutdown FollowerState
2019-10-18 08:19:57,533 [grpc-default-executor-9] INFO  impl.RaftServerImpl (RaftServerImpl.java:setRole(184)) - 1bc296c6-def6-4ae4-8c62-5b4c951a28f1@group-5EC277DF3249: changes role from  FOLLOWER to FOLLOWER at term 62 for recognizeCandidate:47aecc56-7e95-480d-b89c-2c00d33b4782
2019-10-18 08:19:57,533 [Thread-1101] INFO  impl.FollowerState (FollowerState.java:run(117)) - bc0382cc-50e2-4d58-b2de-e8b6250f3520@group-5EC277DF3249-FollowerState was interrupted: java.lang.InterruptedException: sleep interrupted
2019-10-18 08:19:57,533 [grpc-default-executor-3] INFO  impl.RoleInfo (RoleInfo.java:updateAndGet(143)) - bc0382cc-50e2-4d58-b2de-e8b6250f3520: start FollowerState
2019-10-18 08:19:57,533 [grpc-default-executor-9] INFO  impl.RoleInfo (RoleInfo.java:shutdownFollowerState(121)) - 1bc296c6-def6-4ae4-8c62-5b4c951a28f1: shutdown FollowerState
2019-10-18 08:19:57,534 [Thread-1100] INFO  impl.FollowerState (FollowerState.java:run(117)) - 1bc296c6-def6-4ae4-8c62-5b4c951a28f1@group-5EC277DF3249-FollowerState was interrupted: java.lang.InterruptedException: sleep interrupted
2019-10-18 08:19:57,534 [grpc-default-executor-9] INFO  impl.RoleInfo (RoleInfo.java:updateAndGet(143)) - 1bc296c6-def6-4ae4-8c62-5b4c951a28f1: start FollowerState
2019-10-18 08:19:57,548 [47aecc56-7e95-480d-b89c-2c00d33b4782@group-5EC277DF3249-LeaderElection70] INFO  impl.LeaderElection (LeaderElection.java:logAndReturn(56)) - 47aecc56-7e95-480d-b89c-2c00d33b4782@group-5EC277DF3249-LeaderElection70: Election REJECTED; received 2 response(s) [47aecc56-7e95-480d-b89c-2c00d33b4782<-1bc296c6-def6-4ae4-8c62-5b4c951a28f1#0:FAIL-t62, 47aecc56-7e95-480d-b89c-2c00d33b4782<-bc0382cc-50e2-4d58-b2de-e8b6250f3520#0:FAIL-t62] and 0 exception(s); 47aecc56-7e95-480d-b89c-2c00d33b4782@group-5EC277DF3249:t62, leader=null, voted=47aecc56-7e95-480d-b89c-2c00d33b4782, raftlog=47aecc56-7e95-480d-b89c-2c00d33b4782@group-5EC277DF3249-SegmentedRaftLog:OPENED:c-1,f-1,i0, conf=-1: [47aecc56-7e95-480d-b89c-2c00d33b4782:192.168.69.67:34550, 1bc296c6-def6-4ae4-8c62-5b4c951a28f1:192.168.69.67:37222, bc0382cc-50e2-4d58-b2de-e8b6250f3520:192.168.69.67:37666], old=null
2019-10-18 08:19:57,548 [47aecc56-7e95-480d-b89c-2c00d33b4782@group-5EC277DF3249-LeaderElection70] INFO  impl.RaftServerImpl (RaftServerImpl.java:setRole(184)) - 47aecc56-7e95-480d-b89c-2c00d33b4782@group-5EC277DF3249: changes role from CANDIDATE to FOLLOWER at term 62 for DISCOVERED_A_NEW_TERM
2019-10-18 08:19:57,548 [47aecc56-7e95-480d-b89c-2c00d33b4782@group-5EC277DF3249-LeaderElection70] INFO  impl.RoleInfo (RoleInfo.java:shutdownLeaderElection(134)) - 47aecc56-7e95-480d-b89c-2c00d33b4782: shutdown LeaderElection
2019-10-18 08:19:57,548 [47aecc56-7e95-480d-b89c-2c00d33b4782@group-5EC277DF3249-LeaderElection70] INFO  impl.RoleInfo (RoleInfo.java:updateAndGet(143)) - 47aecc56-7e95-480d-b89c-2c00d33b4782: start FollowerState
2019-10-18 08:19:57,728 [Thread-1108] INFO  impl.FollowerState (FollowerState.java:run(108)) - 47aecc56-7e95-480d-b89c-2c00d33b4782@group-5EC277DF3249-FollowerState: change to CANDIDATE, lastRpcTime:179ms, electionTimeout:179ms
2019-10-18 08:19:57,728 [Thread-1108] INFO  impl.RoleInfo (RoleInfo.java:shutdownFollowerState(121)) - 47aecc56-7e95-480d-b89c-2c00d33b4782: shutdown FollowerState
2019-10-18 08:19:57,728 [Thread-1108] INFO  impl.RaftServerImpl (RaftServerImpl.java:setRole(184)) - 47aecc56-7e95-480d-b89c-2c00d33b4782@group-5EC277DF3249: changes role from  FOLLOWER to CANDIDATE at term 62 for changeToCandidate
2019-10-18 08:19:57,728 [Thread-1108] INFO  impl.RoleInfo (RoleInfo.java:updateAndGet(143)) - 47aecc56-7e95-480d-b89c-2c00d33b4782: start LeaderElection
2019-10-18 08:19:57,741 [47aecc56-7e95-480d-b89c-2c00d33b4782@group-5EC277DF3249-LeaderElection71] INFO  impl.LeaderElection (LeaderElection.java:askForVotes(178)) - 47aecc56-7e95-480d-b89c-2c00d33b4782@group-5EC277DF3249-LeaderElection71: begin an election at term 63 for -1: [47aecc56-7e95-480d-b89c-2c00d33b4782:192.168.69.67:34550, 1bc296c6-def6-4ae4-8c62-5b4c951a28f1:192.168.69.67:37222, bc0382cc-50e2-4d58-b2de-e8b6250f3520:192.168.69.67:37666], old=null
2019-10-18 08:19:57,743 [grpc-default-executor-3] INFO  impl.RaftServerImpl (RaftServerImpl.java:setRole(184)) - 1bc296c6-def6-4ae4-8c62-5b4c951a28f1@group-5EC277DF3249: changes role from  FOLLOWER to FOLLOWER at term 63 for recognizeCandidate:47aecc56-7e95-480d-b89c-2c00d33b4782
2019-10-18 08:19:57,744 [grpc-default-executor-3] INFO  impl.RoleInfo (RoleInfo.java:shutdownFollowerState(121)) - 1bc296c6-def6-4ae4-8c62-5b4c951a28f1: shutdown FollowerState
2019-10-18 08:19:57,744 [grpc-default-executor-9] INFO  impl.RaftServerImpl (RaftServerImpl.java:setRole(184)) - bc0382cc-50e2-4d58-b2de-e8b6250f3520@group-5EC277DF3249: changes role from  FOLLOWER to FOLLOWER at term 63 for recognizeCandidate:47aecc56-7e95-480d-b89c-2c00d33b4782
2019-10-18 08:19:57,744 [Thread-1107] INFO  impl.FollowerState (FollowerState.java:run(117)) - 1bc296c6-def6-4ae4-8c62-5b4c951a28f1@group-5EC277DF3249-FollowerState was interrupted: java.lang.InterruptedException: sleep interrupted
2019-10-18 08:19:57,744 [grpc-default-executor-3] INFO  impl.RoleInfo (RoleInfo.java:updateAndGet(143)) - 1bc296c6-def6-4ae4-8c62-5b4c951a28f1: start FollowerState
2019-10-18 08:19:57,744 [grpc-default-executor-9] INFO  impl.RoleInfo (RoleInfo.java:shutdownFollowerState(121)) - bc0382cc-50e2-4d58-b2de-e8b6250f3520: shutdown FollowerState
2019-10-18 08:19:57,745 [grpc-default-executor-9] INFO  impl.RoleInfo (RoleInfo.java:updateAndGet(143)) - bc0382cc-50e2-4d58-b2de-e8b6250f3520: start FollowerState
2019-10-18 08:19:57,745 [Thread-1106] INFO  impl.FollowerState (FollowerState.java:run(117)) - bc0382cc-50e2-4d58-b2de-e8b6250f3520@group-5EC277DF3249-FollowerState was interrupted: java.lang.InterruptedException: sleep interrupted
2019-10-18 08:19:57,761 [47aecc56-7e95-480d-b89c-2c00d33b4782@group-5EC277DF3249-LeaderElection71] INFO  impl.LeaderElection (LeaderElection.java:logAndReturn(56)) - 47aecc56-7e95-480d-b89c-2c00d33b4782@group-5EC277DF3249-LeaderElection71: Election REJECTED; received 2 response(s) [47aecc56-7e95-480d-b89c-2c00d33b4782<-1bc296c6-def6-4ae4-8c62-5b4c951a28f1#0:FAIL-t63, 47aecc56-7e95-480d-b89c-2c00d33b4782<-bc0382cc-50e2-4d58-b2de-e8b6250f3520#0:FAIL-t63] and 0 exception(s); 47aecc56-7e95-480d-b89c-2c00d33b4782@group-5EC277DF3249:t63, leader=null, voted=47aecc56-7e95-480d-b89c-2c00d33b4782, raftlog=47aecc56-7e95-480d-b89c-2c00d33b4782@group-5EC277DF3249-SegmentedRaftLog:OPENED:c-1,f-1,i0, conf=-1: [47aecc56-7e95-480d-b89c-2c00d33b4782:192.168.69.67:34550, 1bc296c6-def6-4ae4-8c62-5b4c951a28f1:192.168.69.67:37222, bc0382cc-50e2-4d58-b2de-e8b6250f3520:192.168.69.67:37666], old=null
2019-10-18 08:19:57,761 [47aecc56-7e95-480d-b89c-2c00d33b4782@group-5EC277DF3249-LeaderElection71] INFO  impl.RaftServerImpl (RaftServerImpl.java:setRole(184)) - 47aecc56-7e95-480d-b89c-2c00d33b4782@group-5EC277DF3249: changes role from CANDIDATE to FOLLOWER at term 63 for DISCOVERED_A_NEW_TERM
2019-10-18 08:19:57,761 [47aecc56-7e95-480d-b89c-2c00d33b4782@group-5EC277DF3249-LeaderElection71] INFO  impl.RoleInfo (RoleInfo.java:shutdownLeaderElection(134)) - 47aecc56-7e95-480d-b89c-2c00d33b4782: shutdown LeaderElection
2019-10-18 08:19:57,761 [47aecc56-7e95-480d-b89c-2c00d33b4782@group-5EC277DF3249-LeaderElection71] INFO  impl.RoleInfo (RoleInfo.java:updateAndGet(143)) - 47aecc56-7e95-480d-b89c-2c00d33b4782: start FollowerState
2019-10-18 08:19:57,944 [Thread-1114] INFO  impl.FollowerState (FollowerState.java:run(108)) - 47aecc56-7e95-480d-b89c-2c00d33b4782@group-5EC277DF3249-FollowerState: change to CANDIDATE, lastRpcTime:183ms, electionTimeout:183ms
2019-10-18 08:19:57,945 [Thread-1114] INFO  impl.RoleInfo (RoleInfo.java:shutdownFollowerState(121)) - 47aecc56-7e95-480d-b89c-2c00d33b4782: shutdown FollowerState
2019-10-18 08:19:57,945 [Thread-1114] INFO  impl.RaftServerImpl (RaftServerImpl.java:setRole(184)) - 47aecc56-7e95-480d-b89c-2c00d33b4782@group-5EC277DF3249: changes role from  FOLLOWER to CANDIDATE at term 63 for changeToCandidate
2019-10-18 08:19:57,945 [Thread-1114] INFO  impl.RoleInfo (RoleInfo.java:updateAndGet(143)) - 47aecc56-7e95-480d-b89c-2c00d33b4782: start LeaderElection
2019-10-18 08:19:57,959 [47aecc56-7e95-480d-b89c-2c00d33b4782@group-5EC277DF3249-LeaderElection72] INFO  impl.LeaderElection (LeaderElection.java:askForVotes(178)) - 47aecc56-7e95-480d-b89c-2c00d33b4782@group-5EC277DF3249-LeaderElection72: begin an election at term 64 for -1: [47aecc56-7e95-480d-b89c-2c00d33b4782:192.168.69.67:34550, 1bc296c6-def6-4ae4-8c62-5b4c951a28f1:192.168.69.67:37222, bc0382cc-50e2-4d58-b2de-e8b6250f3520:192.168.69.67:37666], old=null
2019-10-18 08:19:57,962 [grpc-default-executor-3] INFO  impl.RaftServerImpl (RaftServerImpl.java:setRole(184)) - bc0382cc-50e2-4d58-b2de-e8b6250f3520@group-5EC277DF3249: changes role from  FOLLOWER to FOLLOWER at term 64 for recognizeCandidate:47aecc56-7e95-480d-b89c-2c00d33b4782
2019-10-18 08:19:57,962 [grpc-default-executor-3] INFO  impl.RoleInfo (RoleInfo.java:shutdownFollowerState(121)) - bc0382cc-50e2-4d58-b2de-e8b6250f3520: shutdown FollowerState
2019-10-18 08:19:57,962 [grpc-default-executor-9] INFO  impl.RaftServerImpl (RaftServerImpl.java:setRole(184)) - 1bc296c6-def6-4ae4-8c62-5b4c951a28f1@group-5EC277DF3249: changes role from  FOLLOWER to FOLLOWER at term 64 for recognizeCandidate:47aecc56-7e95-480d-b89c-2c00d33b4782
2019-10-18 08:19:57,962 [Thread-1113] INFO  impl.FollowerState (FollowerState.java:run(117)) - bc0382cc-50e2-4d58-b2de-e8b6250f3520@group-5EC277DF3249-FollowerState was interrupted: java.lang.InterruptedException: sleep interrupted
2019-10-18 08:19:57,962 [grpc-default-executor-3] INFO  impl.RoleInfo (RoleInfo.java:updateAndGet(143)) - bc0382cc-50e2-4d58-b2de-e8b6250f3520: start FollowerState
2019-10-18 08:19:57,962 [grpc-default-executor-9] INFO  impl.RoleInfo (RoleInfo.java:shutdownFollowerState(121)) - 1bc296c6-def6-4ae4-8c62-5b4c951a28f1: shutdown FollowerState
2019-10-18 08:19:57,963 [Thread-1112] INFO  impl.FollowerState (FollowerState.java:run(117)) - 1bc296c6-def6-4ae4-8c62-5b4c951a28f1@group-5EC277DF3249-FollowerState was interrupted: java.lang.InterruptedException: sleep interrupted
2019-10-18 08:19:57,963 [grpc-default-executor-9] INFO  impl.RoleInfo (RoleInfo.java:updateAndGet(143)) - 1bc296c6-def6-4ae4-8c62-5b4c951a28f1: start FollowerState
2019-10-18 08:19:57,978 [47aecc56-7e95-480d-b89c-2c00d33b4782@group-5EC277DF3249-LeaderElection72] INFO  impl.LeaderElection (LeaderElection.java:logAndReturn(56)) - 47aecc56-7e95-480d-b89c-2c00d33b4782@group-5EC277DF3249-LeaderElection72: Election REJECTED; received 2 response(s) [47aecc56-7e95-480d-b89c-2c00d33b4782<-1bc296c6-def6-4ae4-8c62-5b4c951a28f1#0:FAIL-t64, 47aecc56-7e95-480d-b89c-2c00d33b4782<-bc0382cc-50e2-4d58-b2de-e8b6250f3520#0:FAIL-t64] and 0 exception(s); 47aecc56-7e95-480d-b89c-2c00d33b4782@group-5EC277DF3249:t64, leader=null, voted=47aecc56-7e95-480d-b89c-2c00d33b4782, raftlog=47aecc56-7e95-480d-b89c-2c00d33b4782@group-5EC277DF3249-SegmentedRaftLog:OPENED:c-1,f-1,i0, conf=-1: [47aecc56-7e95-480d-b89c-2c00d33b4782:192.168.69.67:34550, 1bc296c6-def6-4ae4-8c62-5b4c951a28f1:192.168.69.67:37222, bc0382cc-50e2-4d58-b2de-e8b6250f3520:192.168.69.67:37666], old=null
2019-10-18 08:19:57,978 [47aecc56-7e95-480d-b89c-2c00d33b4782@group-5EC277DF3249-LeaderElection72] INFO  impl.RaftServerImpl (RaftServerImpl.java:setRole(184)) - 47aecc56-7e95-480d-b89c-2c00d33b4782@group-5EC277DF3249: changes role from CANDIDATE to FOLLOWER at term 64 for DISCOVERED_A_NEW_TERM
2019-10-18 08:19:57,978 [47aecc56-7e95-480d-b89c-2c00d33b4782@group-5EC277DF3249-LeaderElection72] INFO  impl.RoleInfo (RoleInfo.java:shutdownLeaderElection(134)) - 47aecc56-7e95-480d-b89c-2c00d33b4782: shutdown LeaderElection
2019-10-18 08:19:57,978 [47aecc56-7e95-480d-b89c-2c00d33b4782@group-5EC277DF3249-LeaderElection72] INFO  impl.RoleInfo (RoleInfo.java:updateAndGet(143)) - 47aecc56-7e95-480d-b89c-2c00d33b4782: start FollowerState
2019-10-18 08:19:58,037 [Thread-1122] INFO  impl.FollowerState (FollowerState.java:run(108)) - 47aecc56-7e95-480d-b89c-2c00d33b4782@group-5EC277DF3249-FollowerState: change to CANDIDATE, lastRpcTime:58ms, electionTimeout:58ms
2019-10-18 08:19:58,037 [Thread-1122] INFO  impl.RoleInfo (RoleInfo.java:shutdownFollowerState(121)) - 47aecc56-7e95-480d-b89c-2c00d33b4782: shutdown FollowerState
2019-10-18 08:19:58,037 [Thread-1122] INFO  impl.RaftServerImpl (RaftServerImpl.java:setRole(184)) - 47aecc56-7e95-480d-b89c-2c00d33b4782@group-5EC277DF3249: changes role from  FOLLOWER to CANDIDATE at term 64 for changeToCandidate
2019-10-18 08:19:58,037 [Thread-1122] INFO  impl.RoleInfo (RoleInfo.java:updateAndGet(143)) - 47aecc56-7e95-480d-b89c-2c00d33b4782: start LeaderElection
2019-10-18 08:19:58,051 [47aecc56-7e95-480d-b89c-2c00d33b4782@group-5EC277DF3249-LeaderElection73] INFO  impl.LeaderElection (LeaderElection.java:askForVotes(178)) - 47aecc56-7e95-480d-b89c-2c00d33b4782@group-5EC277DF3249-LeaderElection73: begin an election at term 65 for -1: [47aecc56-7e95-480d-b89c-2c00d33b4782:192.168.69.67:34550, 1bc296c6-def6-4ae4-8c62-5b4c951a28f1:192.168.69.67:37222, bc0382cc-50e2-4d58-b2de-e8b6250f3520:192.168.69.67:37666], old=null
2019-10-18 08:19:58,053 [grpc-default-executor-3] INFO  impl.RaftServerImpl (RaftServerImpl.java:setRole(184)) - 1bc296c6-def6-4ae4-8c62-5b4c951a28f1@group-5EC277DF3249: changes role from  FOLLOWER to FOLLOWER at term 65 for recognizeCandidate:47aecc56-7e95-480d-b89c-2c00d33b4782
2019-10-18 08:19:58,053 [grpc-default-executor-3] INFO  impl.RoleInfo (RoleInfo.java:shutdownFollowerState(121)) - 1bc296c6-def6-4ae4-8c62-5b4c951a28f1: shutdown FollowerState
2019-10-18 08:19:58,053 [grpc-default-executor-9] INFO  impl.RaftServerImpl (RaftServerImpl.java:setRole(184)) - bc0382cc-50e2-4d58-b2de-e8b6250f3520@group-5EC277DF3249: changes role from  FOLLOWER to FOLLOWER at term 65 for recognizeCandidate:47aecc56-7e95-480d-b89c-2c00d33b4782
2019-10-18 08:19:58,054 [Thread-1121] INFO  impl.FollowerState (FollowerState.java:run(117)) - 1bc296c6-def6-4ae4-8c62-5b4c951a28f1@group-5EC277DF3249-FollowerState was interrupted: java.lang.InterruptedException: sleep interrupted
2019-10-18 08:19:58,054 [grpc-default-executor-3] INFO  impl.RoleInfo (RoleInfo.java:updateAndGet(143)) - 1bc296c6-def6-4ae4-8c62-5b4c951a28f1: start FollowerState
2019-10-18 08:19:58,054 [grpc-default-executor-9] INFO  impl.RoleInfo (RoleInfo.java:shutdownFollowerState(121)) - bc0382cc-50e2-4d58-b2de-e8b6250f3520: shutdown FollowerState
2019-10-18 08:19:58,055 [grpc-default-executor-9] INFO  impl.RoleInfo (RoleInfo.java:updateAndGet(143)) - bc0382cc-50e2-4d58-b2de-e8b6250f3520: start FollowerState
2019-10-18 08:19:58,055 [Thread-1120] INFO  impl.FollowerState (FollowerState.java:run(117)) - bc0382cc-50e2-4d58-b2de-e8b6250f3520@group-5EC277DF3249-FollowerState was interrupted: java.lang.InterruptedException: sleep interrupted
2019-10-18 08:19:58,069 [47aecc56-7e95-480d-b89c-2c00d33b4782@group-5EC277DF3249-LeaderElection73] INFO  impl.LeaderElection (LeaderElection.java:logAndReturn(56)) - 47aecc56-7e95-480d-b89c-2c00d33b4782@group-5EC277DF3249-LeaderElection73: Election REJECTED; received 2 response(s) [47aecc56-7e95-480d-b89c-2c00d33b4782<-1bc296c6-def6-4ae4-8c62-5b4c951a28f1#0:FAIL-t65, 47aecc56-7e95-480d-b89c-2c00d33b4782<-bc0382cc-50e2-4d58-b2de-e8b6250f3520#0:FAIL-t65] and 0 exception(s); 47aecc56-7e95-480d-b89c-2c00d33b4782@group-5EC277DF3249:t65, leader=null, voted=47aecc56-7e95-480d-b89c-2c00d33b4782, raftlog=47aecc56-7e95-480d-b89c-2c00d33b4782@group-5EC277DF3249-SegmentedRaftLog:OPENED:c-1,f-1,i0, conf=-1: [47aecc56-7e95-480d-b89c-2c00d33b4782:192.168.69.67:34550, 1bc296c6-def6-4ae4-8c62-5b4c951a28f1:192.168.69.67:37222, bc0382cc-50e2-4d58-b2de-e8b6250f3520:192.168.69.67:37666], old=null
2019-10-18 08:19:58,069 [47aecc56-7e95-480d-b89c-2c00d33b4782@group-5EC277DF3249-LeaderElection73] INFO  impl.RaftServerImpl (RaftServerImpl.java:setRole(184)) - 47aecc56-7e95-480d-b89c-2c00d33b4782@group-5EC277DF3249: changes role from CANDIDATE to FOLLOWER at term 65 for DISCOVERED_A_NEW_TERM
2019-10-18 08:19:58,069 [47aecc56-7e95-480d-b89c-2c00d33b4782@group-5EC277DF3249-LeaderElection73] INFO  impl.RoleInfo (RoleInfo.java:shutdownLeaderElection(134)) - 47aecc56-7e95-480d-b89c-2c00d33b4782: shutdown LeaderElection
2019-10-18 08:19:58,069 [47aecc56-7e95-480d-b89c-2c00d33b4782@group-5EC277DF3249-LeaderElection73] INFO  impl.RoleInfo (RoleInfo.java:updateAndGet(143)) - 47aecc56-7e95-480d-b89c-2c00d33b4782: start FollowerState
2019-10-18 08:19:58,117 [Thread-1128] INFO  impl.FollowerState (FollowerState.java:run(108)) - 47aecc56-7e95-480d-b89c-2c00d33b4782@group-5EC277DF3249-FollowerState: change to CANDIDATE, lastRpcTime:48ms, electionTimeout:48ms
2019-10-18 08:19:58,118 [Thread-1128] INFO  impl.RoleInfo (RoleInfo.java:shutdownFollowerState(121)) - 47aecc56-7e95-480d-b89c-2c00d33b4782: shutdown FollowerState
2019-10-18 08:19:58,118 [Thread-1128] INFO  impl.RaftServerImpl (RaftServerImpl.java:setRole(184)) - 47aecc56-7e95-480d-b89c-2c00d33b4782@group-5EC277DF3249: changes role from  FOLLOWER to CANDIDATE at term 65 for changeToCandidate
2019-10-18 08:19:58,118 [Thread-1128] INFO  impl.RoleInfo (RoleInfo.java:updateAndGet(143)) - 47aecc56-7e95-480d-b89c-2c00d33b4782: start LeaderElection
2019-10-18 08:19:58,131 [47aecc56-7e95-480d-b89c-2c00d33b4782@group-5EC277DF3249-LeaderElection74] INFO  impl.LeaderElection (LeaderElection.java:askForVotes(178)) - 47aecc56-7e95-480d-b89c-2c00d33b4782@group-5EC277DF3249-LeaderElection74: begin an election at term 66 for -1: [47aecc56-7e95-480d-b89c-2c00d33b4782:192.168.69.67:34550, 1bc296c6-def6-4ae4-8c62-5b4c951a28f1:192.168.69.67:37222, bc0382cc-50e2-4d58-b2de-e8b6250f3520:192.168.69.67:37666], old=null
2019-10-18 08:19:58,134 [grpc-default-executor-3] INFO  impl.RaftServerImpl (RaftServerImpl.java:setRole(184)) - bc0382cc-50e2-4d58-b2de-e8b6250f3520@group-5EC277DF3249: changes role from  FOLLOWER to FOLLOWER at term 66 for recognizeCandidate:47aecc56-7e95-480d-b89c-2c00d33b4782
2019-10-18 08:19:58,134 [grpc-default-executor-9] INFO  impl.RaftServerImpl (RaftServerImpl.java:setRole(184)) - 1bc296c6-def6-4ae4-8c62-5b4c951a28f1@group-5EC277DF3249: changes role from  FOLLOWER to FOLLOWER at term 66 for recognizeCandidate:47aecc56-7e95-480d-b89c-2c00d33b4782
2019-10-18 08:19:58,134 [grpc-default-executor-3] INFO  impl.RoleInfo (RoleInfo.java:shutdownFollowerState(121)) - bc0382cc-50e2-4d58-b2de-e8b6250f3520: shutdown FollowerState
2019-10-18 08:19:58,134 [grpc-default-executor-9] INFO  impl.RoleInfo (RoleInfo.java:shutdownFollowerState(121)) - 1bc296c6-def6-4ae4-8c62-5b4c951a28f1: shutdown FollowerState
2019-10-18 08:19:58,134 [Thread-1127] INFO  impl.FollowerState (FollowerState.java:run(117)) - bc0382cc-50e2-4d58-b2de-e8b6250f3520@group-5EC277DF3249-FollowerState was interrupted: java.lang.InterruptedException: sleep interrupted
2019-10-18 08:19:58,134 [grpc-default-executor-3] INFO  impl.RoleInfo (RoleInfo.java:updateAndGet(143)) - bc0382cc-50e2-4d58-b2de-e8b6250f3520: start FollowerState
2019-10-18 08:19:58,134 [grpc-default-executor-9] INFO  impl.RoleInfo (RoleInfo.java:updateAndGet(143)) - 1bc296c6-def6-4ae4-8c62-5b4c951a28f1: start FollowerState
2019-10-18 08:19:58,134 [Thread-1126] INFO  impl.FollowerState (FollowerState.java:run(117)) - 1bc296c6-def6-4ae4-8c62-5b4c951a28f1@group-5EC277DF3249-FollowerState was interrupted: java.lang.InterruptedException: sleep interrupted
2019-10-18 08:19:58,149 [47aecc56-7e95-480d-b89c-2c00d33b4782@group-5EC277DF3249-LeaderElection74] INFO  impl.LeaderElection (LeaderElection.java:logAndReturn(56)) - 47aecc56-7e95-480d-b89c-2c00d33b4782@group-5EC277DF3249-LeaderElection74: Election REJECTED; received 2 response(s) [47aecc56-7e95-480d-b89c-2c00d33b4782<-1bc296c6-def6-4ae4-8c62-5b4c951a28f1#0:FAIL-t66, 47aecc56-7e95-480d-b89c-2c00d33b4782<-bc0382cc-50e2-4d58-b2de-e8b6250f3520#0:FAIL-t66] and 0 exception(s); 47aecc56-7e95-480d-b89c-2c00d33b4782@group-5EC277DF3249:t66, leader=null, voted=47aecc56-7e95-480d-b89c-2c00d33b4782, raftlog=47aecc56-7e95-480d-b89c-2c00d33b4782@group-5EC277DF3249-SegmentedRaftLog:OPENED:c-1,f-1,i0, conf=-1: [47aecc56-7e95-480d-b89c-2c00d33b4782:192.168.69.67:34550, 1bc296c6-def6-4ae4-8c62-5b4c951a28f1:192.168.69.67:37222, bc0382cc-50e2-4d58-b2de-e8b6250f3520:192.168.69.67:37666], old=null
2019-10-18 08:19:58,150 [47aecc56-7e95-480d-b89c-2c00d33b4782@group-5EC277DF3249-LeaderElection74] INFO  impl.RaftServerImpl (RaftServerImpl.java:setRole(184)) - 47aecc56-7e95-480d-b89c-2c00d33b4782@group-5EC277DF3249: changes role from CANDIDATE to FOLLOWER at term 66 for DISCOVERED_A_NEW_TERM
2019-10-18 08:19:58,150 [47aecc56-7e95-480d-b89c-2c00d33b4782@group-5EC277DF3249-LeaderElection74] INFO  impl.RoleInfo (RoleInfo.java:shutdownLeaderElection(134)) - 47aecc56-7e95-480d-b89c-2c00d33b4782: shutdown LeaderElection
2019-10-18 08:19:58,150 [47aecc56-7e95-480d-b89c-2c00d33b4782@group-5EC277DF3249-LeaderElection74] INFO  impl.RoleInfo (RoleInfo.java:updateAndGet(143)) - 47aecc56-7e95-480d-b89c-2c00d33b4782: start FollowerState
 0.00% |?                                                                                                    |  0/1 Time: 0:04:062019-10-18 08:19:58,192 [Thread-1134] INFO  impl.FollowerState (FollowerState.java:run(108)) - 47aecc56-7e95-480d-b89c-2c00d33b4782@group-5EC277DF3249-FollowerState: change to CANDIDATE, lastRpcTime:42ms, electionTimeout:42ms
2019-10-18 08:19:58,192 [Thread-1134] INFO  impl.RoleInfo (RoleInfo.java:shutdownFollowerState(121)) - 47aecc56-7e95-480d-b89c-2c00d33b4782: shutdown FollowerState
2019-10-18 08:19:58,192 [Thread-1134] INFO  impl.RaftServerImpl (RaftServerImpl.java:setRole(184)) - 47aecc56-7e95-480d-b89c-2c00d33b4782@group-5EC277DF3249: changes role from  FOLLOWER to CANDIDATE at term 66 for changeToCandidate
2019-10-18 08:19:58,192 [Thread-1134] INFO  impl.RoleInfo (RoleInfo.java:updateAndGet(143)) - 47aecc56-7e95-480d-b89c-2c00d33b4782: start LeaderElection
2019-10-18 08:19:58,206 [47aecc56-7e95-480d-b89c-2c00d33b4782@group-5EC277DF3249-LeaderElection75] INFO  impl.LeaderElection (LeaderElection.java:askForVotes(178)) - 47aecc56-7e95-480d-b89c-2c00d33b4782@group-5EC277DF3249-LeaderElection75: begin an election at term 67 for -1: [47aecc56-7e95-480d-b89c-2c00d33b4782:192.168.69.67:34550, 1bc296c6-def6-4ae4-8c62-5b4c951a28f1:192.168.69.67:37222, bc0382cc-50e2-4d58-b2de-e8b6250f3520:192.168.69.67:37666], old=null
2019-10-18 08:19:58,213 [grpc-default-executor-9] INFO  impl.RaftServerImpl (RaftServerImpl.java:setRole(184)) - bc0382cc-50e2-4d58-b2de-e8b6250f3520@group-5EC277DF3249: changes role from  FOLLOWER to FOLLOWER at term 67 for recognizeCandidate:47aecc56-7e95-480d-b89c-2c00d33b4782
2019-10-18 08:19:58,213 [grpc-default-executor-3] INFO  impl.RaftServerImpl (RaftServerImpl.java:setRole(184)) - 1bc296c6-def6-4ae4-8c62-5b4c951a28f1@group-5EC277DF3249: changes role from  FOLLOWER to FOLLOWER at term 67 for recognizeCandidate:47aecc56-7e95-480d-b89c-2c00d33b4782
2019-10-18 08:19:58,213 [grpc-default-executor-9] INFO  impl.RoleInfo (RoleInfo.java:shutdownFollowerState(121)) - bc0382cc-50e2-4d58-b2de-e8b6250f3520: shutdown FollowerState
2019-10-18 08:19:58,213 [grpc-default-executor-3] INFO  impl.RoleInfo (RoleInfo.java:shutdownFollowerState(121)) - 1bc296c6-def6-4ae4-8c62-5b4c951a28f1: shutdown FollowerState
2019-10-18 08:19:58,213 [grpc-default-executor-9] INFO  impl.RoleInfo (RoleInfo.java:updateAndGet(143)) - bc0382cc-50e2-4d58-b2de-e8b6250f3520: start FollowerState
2019-10-18 08:19:58,213 [Thread-1133] INFO  impl.FollowerState (FollowerState.java:run(117)) - 1bc296c6-def6-4ae4-8c62-5b4c951a28f1@group-5EC277DF3249-FollowerState was interrupted: java.lang.InterruptedException: sleep interrupted
2019-10-18 08:19:58,213 [grpc-default-executor-3] INFO  impl.RoleInfo (RoleInfo.java:updateAndGet(143)) - 1bc296c6-def6-4ae4-8c62-5b4c951a28f1: start FollowerState
2019-10-18 08:19:58,213 [Thread-1132] INFO  impl.FollowerState (FollowerState.java:run(117)) - bc0382cc-50e2-4d58-b2de-e8b6250f3520@group-5EC277DF3249-FollowerState was interrupted: java.lang.InterruptedException: sleep interrupted
2019-10-18 08:19:58,237 [47aecc56-7e95-480d-b89c-2c00d33b4782@group-5EC277DF3249-LeaderElection75] INFO  impl.LeaderElection (LeaderElection.java:logAndReturn(56)) - 47aecc56-7e95-480d-b89c-2c00d33b4782@group-5EC277DF3249-LeaderElection75: Election REJECTED; received 2 response(s) [47aecc56-7e95-480d-b89c-2c00d33b4782<-1bc296c6-def6-4ae4-8c62-5b4c951a28f1#0:FAIL-t67, 47aecc56-7e95-480d-b89c-2c00d33b4782<-bc0382cc-50e2-4d58-b2de-e8b6250f3520#0:FAIL-t67] and 0 exception(s); 47aecc56-7e95-480d-b89c-2c00d33b4782@group-5EC277DF3249:t67, leader=null, voted=47aecc56-7e95-480d-b89c-2c00d33b4782, raftlog=47aecc56-7e95-480d-b89c-2c00d33b4782@group-5EC277DF3249-SegmentedRaftLog:OPENED:c-1,f-1,i0, conf=-1: [47aecc56-7e95-480d-b89c-2c00d33b4782:192.168.69.67:34550, 1bc296c6-def6-4ae4-8c62-5b4c951a28f1:192.168.69.67:37222, bc0382cc-50e2-4d58-b2de-e8b6250f3520:192.168.69.67:37666], old=null
2019-10-18 08:19:58,237 [47aecc56-7e95-480d-b89c-2c00d33b4782@group-5EC277DF3249-LeaderElection75] INFO  impl.RaftServerImpl (RaftServerImpl.java:setRole(184)) - 47aecc56-7e95-480d-b89c-2c00d33b4782@group-5EC277DF3249: changes role from CANDIDATE to FOLLOWER at term 67 for DISCOVERED_A_NEW_TERM
2019-10-18 08:19:58,237 [47aecc56-7e95-480d-b89c-2c00d33b4782@group-5EC277DF3249-LeaderElection75] INFO  impl.RoleInfo (RoleInfo.java:shutdownLeaderElection(134)) - 47aecc56-7e95-480d-b89c-2c00d33b4782: shutdown LeaderElection
2019-10-18 08:19:58,237 [47aecc56-7e95-480d-b89c-2c00d33b4782@group-5EC277DF3249-LeaderElection75] INFO  impl.RoleInfo (RoleInfo.java:updateAndGet(143)) - 47aecc56-7e95-480d-b89c-2c00d33b4782: start FollowerState
2019-10-18 08:19:58,270 [Thread-1140] INFO  impl.FollowerState (FollowerState.java:run(108)) - 47aecc56-7e95-480d-b89c-2c00d33b4782@group-5EC277DF3249-FollowerState: change to CANDIDATE, lastRpcTime:32ms, electionTimeout:32ms
2019-10-18 08:19:58,270 [Thread-1140] INFO  impl.RoleInfo (RoleInfo.java:shutdownFollowerState(121)) - 47aecc56-7e95-480d-b89c-2c00d33b4782: shutdown FollowerState
2019-10-18 08:19:58,270 [Thread-1140] INFO  impl.RaftServerImpl (RaftServerImpl.java:setRole(184)) - 47aecc56-7e95-480d-b89c-2c00d33b4782@group-5EC277DF3249: changes role from  FOLLOWER to CANDIDATE at term 67 for changeToCandidate
2019-10-18 08:19:58,270 [Thread-1140] INFO  impl.RoleInfo (RoleInfo.java:updateAndGet(143)) - 47aecc56-7e95-480d-b89c-2c00d33b4782: start LeaderElection
2019-10-18 08:19:58,284 [47aecc56-7e95-480d-b89c-2c00d33b4782@group-5EC277DF3249-LeaderElection76] INFO  impl.LeaderElection (LeaderElection.java:askForVotes(178)) - 47aecc56-7e95-480d-b89c-2c00d33b4782@group-5EC277DF3249-LeaderElection76: begin an election at term 68 for -1: [47aecc56-7e95-480d-b89c-2c00d33b4782:192.168.69.67:34550, 1bc296c6-def6-4ae4-8c62-5b4c951a28f1:192.168.69.67:37222, bc0382cc-50e2-4d58-b2de-e8b6250f3520:192.168.69.67:37666], old=null
2019-10-18 08:19:58,285 [grpc-default-executor-9] INFO  impl.RaftServerImpl (RaftServerImpl.java:setRole(184)) - bc0382cc-50e2-4d58-b2de-e8b6250f3520@group-5EC277DF3249: changes role from  FOLLOWER to FOLLOWER at term 68 for recognizeCandidate:47aecc56-7e95-480d-b89c-2c00d33b4782
2019-10-18 08:19:58,286 [grpc-default-executor-9] INFO  impl.RoleInfo (RoleInfo.java:shutdownFollowerState(121)) - bc0382cc-50e2-4d58-b2de-e8b6250f3520: shutdown FollowerState
2019-10-18 08:19:58,286 [grpc-default-executor-9] INFO  impl.RoleInfo (RoleInfo.java:updateAndGet(143)) - bc0382cc-50e2-4d58-b2de-e8b6250f3520: start FollowerState
2019-10-18 08:19:58,286 [grpc-default-executor-3] INFO  impl.RaftServerImpl (RaftServerImpl.java:setRole(184)) - 1bc296c6-def6-4ae4-8c62-5b4c951a28f1@group-5EC277DF3249: changes role from  FOLLOWER to FOLLOWER at term 68 for recognizeCandidate:47aecc56-7e95-480d-b89c-2c00d33b4782
2019-10-18 08:19:58,286 [grpc-default-executor-3] INFO  impl.RoleInfo (RoleInfo.java:shutdownFollowerState(121)) - 1bc296c6-def6-4ae4-8c62-5b4c951a28f1: shutdown FollowerState
2019-10-18 08:19:58,286 [Thread-1138] INFO  impl.FollowerState (FollowerState.java:run(117)) - bc0382cc-50e2-4d58-b2de-e8b6250f3520@group-5EC277DF3249-FollowerState was interrupted: java.lang.InterruptedException: sleep interrupted
2019-10-18 08:19:58,286 [grpc-default-executor-3] INFO  impl.RoleInfo (RoleInfo.java:updateAndGet(143)) - 1bc296c6-def6-4ae4-8c62-5b4c951a28f1: start FollowerState
2019-10-18 08:19:58,286 [Thread-1139] INFO  impl.FollowerState (FollowerState.java:run(117)) - 1bc296c6-def6-4ae4-8c62-5b4c951a28f1@group-5EC277DF3249-FollowerState was interrupted: java.lang.InterruptedException: sleep interrupted
2019-10-18 08:19:58,302 [47aecc56-7e95-480d-b89c-2c00d33b4782@group-5EC277DF3249-LeaderElection76] INFO  impl.LeaderElection (LeaderElection.java:logAndReturn(56)) - 47aecc56-7e95-480d-b89c-2c00d33b4782@group-5EC277DF3249-LeaderElection76: Election REJECTED; received 2 response(s) [47aecc56-7e95-480d-b89c-2c00d33b4782<-1bc296c6-def6-4ae4-8c62-5b4c951a28f1#0:FAIL-t68, 47aecc56-7e95-480d-b89c-2c00d33b4782<-bc0382cc-50e2-4d58-b2de-e8b6250f3520#0:FAIL-t68] and 0 exception(s); 47aecc56-7e95-480d-b89c-2c00d33b4782@group-5EC277DF3249:t68, leader=null, voted=47aecc56-7e95-480d-b89c-2c00d33b4782, raftlog=47aecc56-7e95-480d-b89c-2c00d33b4782@group-5EC277DF3249-SegmentedRaftLog:OPENED:c-1,f-1,i0, conf=-1: [47aecc56-7e95-480d-b89c-2c00d33b4782:192.168.69.67:34550, 1bc296c6-def6-4ae4-8c62-5b4c951a28f1:192.168.69.67:37222, bc0382cc-50e2-4d58-b2de-e8b6250f3520:192.168.69.67:37666], old=null
2019-10-18 08:19:58,302 [47aecc56-7e95-480d-b89c-2c00d33b4782@group-5EC277DF3249-LeaderElection76] INFO  impl.RaftServerImpl (RaftServerImpl.java:setRole(184)) - 47aecc56-7e95-480d-b89c-2c00d33b4782@group-5EC277DF3249: changes role from CANDIDATE to FOLLOWER at term 68 for DISCOVERED_A_NEW_TERM
2019-10-18 08:19:58,302 [47aecc56-7e95-480d-b89c-2c00d33b4782@group-5EC277DF3249-LeaderElection76] INFO  impl.RoleInfo (RoleInfo.java:shutdownLeaderElection(134)) - 47aecc56-7e95-480d-b89c-2c00d33b4782: shutdown LeaderElection
2019-10-18 08:19:58,302 [47aecc56-7e95-480d-b89c-2c00d33b4782@group-5EC277DF3249-LeaderElection76] INFO  impl.RoleInfo (RoleInfo.java:updateAndGet(143)) - 47aecc56-7e95-480d-b89c-2c00d33b4782: start FollowerState
2019-10-18 08:19:58,316 [Thread-1146] INFO  impl.FollowerState (FollowerState.java:run(108)) - 47aecc56-7e95-480d-b89c-2c00d33b4782@group-5EC277DF3249-FollowerState: change to CANDIDATE, lastRpcTime:13ms, electionTimeout:13ms
2019-10-18 08:19:58,316 [Thread-1146] INFO  impl.RoleInfo (RoleInfo.java:shutdownFollowerState(121)) - 47aecc56-7e95-480d-b89c-2c00d33b4782: shutdown FollowerState
2019-10-18 08:19:58,316 [Thread-1146] INFO  impl.RaftServerImpl (RaftServerImpl.java:setRole(184)) - 47aecc56-7e95-480d-b89c-2c00d33b4782@group-5EC277DF3249: changes role from  FOLLOWER to CANDIDATE at term 68 for changeToCandidate
2019-10-18 08:19:58,316 [Thread-1146] INFO  impl.RoleInfo (RoleInfo.java:updateAndGet(143)) - 47aecc56-7e95-480d-b89c-2c00d33b4782: start LeaderElection
2019-10-18 08:19:58,329 [47aecc56-7e95-480d-b89c-2c00d33b4782@group-5EC277DF3249-LeaderElection77] INFO  impl.LeaderElection (LeaderElection.java:askForVotes(178)) - 47aecc56-7e95-480d-b89c-2c00d33b4782@group-5EC277DF3249-LeaderElection77: begin an election at term 69 for -1: [47aecc56-7e95-480d-b89c-2c00d33b4782:192.168.69.67:34550, 1bc296c6-def6-4ae4-8c62-5b4c951a28f1:192.168.69.67:37222, bc0382cc-50e2-4d58-b2de-e8b6250f3520:192.168.69.67:37666], old=null
2019-10-18 08:19:58,331 [grpc-default-executor-9] INFO  impl.RaftServerImpl (RaftServerImpl.java:setRole(184)) - 1bc296c6-def6-4ae4-8c62-5b4c951a28f1@group-5EC277DF3249: changes role from  FOLLOWER to FOLLOWER at term 69 for recognizeCandidate:47aecc56-7e95-480d-b89c-2c00d33b4782
2019-10-18 08:19:58,331 [grpc-default-executor-9] INFO  impl.RoleInfo (RoleInfo.java:shutdownFollowerState(121)) - 1bc296c6-def6-4ae4-8c62-5b4c951a28f1: shutdown FollowerState
2019-10-18 08:19:58,331 [grpc-default-executor-9] INFO  impl.RoleInfo (RoleInfo.java:updateAndGet(143)) - 1bc296c6-def6-4ae4-8c62-5b4c951a28f1: start FollowerState
2019-10-18 08:19:58,332 [grpc-default-executor-3] INFO  impl.RaftServerImpl (RaftServerImpl.java:setRole(184)) - bc0382cc-50e2-4d58-b2de-e8b6250f3520@group-5EC277DF3249: changes role from  FOLLOWER to FOLLOWER at term 69 for recognizeCandidate:47aecc56-7e95-480d-b89c-2c00d33b4782
2019-10-18 08:19:58,331 [Thread-1145] INFO  impl.FollowerState (FollowerState.java:run(117)) - 1bc296c6-def6-4ae4-8c62-5b4c951a28f1@group-5EC277DF3249-FollowerState was interrupted: java.lang.InterruptedException: sleep interrupted
2019-10-18 08:19:58,332 [grpc-default-executor-3] INFO  impl.RoleInfo (RoleInfo.java:shutdownFollowerState(121)) - bc0382cc-50e2-4d58-b2de-e8b6250f3520: shutdown FollowerState
2019-10-18 08:19:58,332 [grpc-default-executor-3] INFO  impl.RoleInfo (RoleInfo.java:updateAndGet(143)) - bc0382cc-50e2-4d58-b2de-e8b6250f3520: start FollowerState
2019-10-18 08:19:58,332 [Thread-1144] INFO  impl.FollowerState (FollowerState.java:run(117)) - bc0382cc-50e2-4d58-b2de-e8b6250f3520@group-5EC277DF3249-FollowerState was interrupted: java.lang.InterruptedException: sleep interrupted
2019-10-18 08:19:58,345 [47aecc56-7e95-480d-b89c-2c00d33b4782@group-5EC277DF3249-LeaderElection77] INFO  impl.LeaderElection (LeaderElection.java:logAndReturn(56)) - 47aecc56-7e95-480d-b89c-2c00d33b4782@group-5EC277DF3249-LeaderElection77: Election TIMEOUT; received 0 response(s) [] and 0 exception(s); 47aecc56-7e95-480d-b89c-2c00d33b4782@group-5EC277DF3249:t69, leader=null, voted=47aecc56-7e95-480d-b89c-2c00d33b4782, raftlog=47aecc56-7e95-480d-b89c-2c00d33b4782@group-5EC277DF3249-SegmentedRaftLog:OPENED:c-1,f-1,i0, conf=-1: [47aecc56-7e95-480d-b89c-2c00d33b4782:192.168.69.67:34550, 1bc296c6-def6-4ae4-8c62-5b4c951a28f1:192.168.69.67:37222, bc0382cc-50e2-4d58-b2de-e8b6250f3520:192.168.69.67:37666], old=null
2019-10-18 08:19:58,358 [47aecc56-7e95-480d-b89c-2c00d33b4782@group-5EC277DF3249-LeaderElection77] INFO  impl.LeaderElection (LeaderElection.java:askForVotes(178)) - 47aecc56-7e95-480d-b89c-2c00d33b4782@group-5EC277DF3249-LeaderElection77: begin an election at term 70 for -1: [47aecc56-7e95-480d-b89c-2c00d33b4782:192.168.69.67:34550, 1bc296c6-def6-4ae4-8c62-5b4c951a28f1:192.168.69.67:37222, bc0382cc-50e2-4d58-b2de-e8b6250f3520:192.168.69.67:37666], old=null
2019-10-18 08:19:58,360 [grpc-default-executor-9] INFO  impl.RaftServerImpl (RaftServerImpl.java:setRole(184)) - 1bc296c6-def6-4ae4-8c62-5b4c951a28f1@group-5EC277DF3249: changes role from  FOLLOWER to FOLLOWER at term 70 for recognizeCandidate:47aecc56-7e95-480d-b89c-2c00d33b4782
2019-10-18 08:19:58,360 [grpc-default-executor-9] INFO  impl.RoleInfo (RoleInfo.java:shutdownFollowerState(121)) - 1bc296c6-def6-4ae4-8c62-5b4c951a28f1: shutdown FollowerState
2019-10-18 08:19:58,361 [grpc-default-executor-9] INFO  impl.RoleInfo (RoleInfo.java:updateAndGet(143)) - 1bc296c6-def6-4ae4-8c62-5b4c951a28f1: start FollowerState
2019-10-18 08:19:58,361 [grpc-default-executor-3] INFO  impl.RaftServerImpl (RaftServerImpl.java:setRole(184)) - bc0382cc-50e2-4d58-b2de-e8b6250f3520@group-5EC277DF3249: changes role from  FOLLOWER to FOLLOWER at term 70 for recognizeCandidate:47aecc56-7e95-480d-b89c-2c00d33b4782
2019-10-18 08:19:58,361 [Thread-1150] INFO  impl.FollowerState (FollowerState.java:run(117)) - 1bc296c6-def6-4ae4-8c62-5b4c951a28f1@group-5EC277DF3249-FollowerState was interrupted: java.lang.InterruptedException: sleep interrupted
2019-10-18 08:19:58,361 [grpc-default-executor-3] INFO  impl.RoleInfo (RoleInfo.java:shutdownFollowerState(121)) - bc0382cc-50e2-4d58-b2de-e8b6250f3520: shutdown FollowerState
2019-10-18 08:19:58,361 [grpc-default-executor-3] INFO  impl.RoleInfo (RoleInfo.java:updateAndGet(143)) - bc0382cc-50e2-4d58-b2de-e8b6250f3520: start FollowerState
2019-10-18 08:19:58,361 [Thread-1151] INFO  impl.FollowerState (FollowerState.java:run(117)) - bc0382cc-50e2-4d58-b2de-e8b6250f3520@group-5EC277DF3249-FollowerState was interrupted: java.lang.InterruptedException: sleep interrupted
2019-10-18 08:19:58,376 [47aecc56-7e95-480d-b89c-2c00d33b4782@group-5EC277DF3249-LeaderElection77] INFO  impl.LeaderElection (LeaderElection.java:logAndReturn(56)) - 47aecc56-7e95-480d-b89c-2c00d33b4782@group-5EC277DF3249-LeaderElection77: Election REJECTED; received 2 response(s) [47aecc56-7e95-480d-b89c-2c00d33b4782<-1bc296c6-def6-4ae4-8c62-5b4c951a28f1#0:FAIL-t70, 47aecc56-7e95-480d-b89c-2c00d33b4782<-bc0382cc-50e2-4d58-b2de-e8b6250f3520#0:FAIL-t70] and 0 exception(s); 47aecc56-7e95-480d-b89c-2c00d33b4782@group-5EC277DF3249:t70, leader=null, voted=47aecc56-7e95-480d-b89c-2c00d33b4782, raftlog=47aecc56-7e95-480d-b89c-2c00d33b4782@group-5EC277DF3249-SegmentedRaftLog:OPENED:c-1,f-1,i0, conf=-1: [47aecc56-7e95-480d-b89c-2c00d33b4782:192.168.69.67:34550, 1bc296c6-def6-4ae4-8c62-5b4c951a28f1:192.168.69.67:37222, bc0382cc-50e2-4d58-b2de-e8b6250f3520:192.168.69.67:37666], old=null
2019-10-18 08:19:58,376 [47aecc56-7e95-480d-b89c-2c00d33b4782@group-5EC277DF3249-LeaderElection77] INFO  impl.RaftServerImpl (RaftServerImpl.java:setRole(184)) - 47aecc56-7e95-480d-b89c-2c00d33b4782@group-5EC277DF3249: changes role from CANDIDATE to FOLLOWER at term 70 for DISCOVERED_A_NEW_TERM
2019-10-18 08:19:58,376 [47aecc56-7e95-480d-b89c-2c00d33b4782@group-5EC277DF3249-LeaderElection77] INFO  impl.RoleInfo (RoleInfo.java:shutdownLeaderElection(134)) - 47aecc56-7e95-480d-b89c-2c00d33b4782: shutdown LeaderElection
2019-10-18 08:19:58,377 [47aecc56-7e95-480d-b89c-2c00d33b4782@group-5EC277DF3249-LeaderElection77] INFO  impl.RoleInfo (RoleInfo.java:updateAndGet(143)) - 47aecc56-7e95-480d-b89c-2c00d33b4782: start FollowerState
2019-10-18 08:19:58,497 [Thread-1156] INFO  impl.FollowerState (FollowerState.java:run(108)) - 47aecc56-7e95-480d-b89c-2c00d33b4782@group-5EC277DF3249-FollowerState: change to CANDIDATE, lastRpcTime:120ms, electionTimeout:120ms
2019-10-18 08:19:58,497 [Thread-1156] INFO  impl.RoleInfo (RoleInfo.java:shutdownFollowerState(121)) - 47aecc56-7e95-480d-b89c-2c00d33b4782: shutdown FollowerState
2019-10-18 08:19:58,497 [Thread-1156] INFO  impl.RaftServerImpl (RaftServerImpl.java:setRole(184)) - 47aecc56-7e95-480d-b89c-2c00d33b4782@group-5EC277DF3249: changes role from  FOLLOWER to CANDIDATE at term 70 for changeToCandidate
2019-10-18 08:19:58,498 [Thread-1156] INFO  impl.RoleInfo (RoleInfo.java:updateAndGet(143)) - 47aecc56-7e95-480d-b89c-2c00d33b4782: start LeaderElection
2019-10-18 08:19:58,511 [47aecc56-7e95-480d-b89c-2c00d33b4782@group-5EC277DF3249-LeaderElection78] INFO  impl.LeaderElection (LeaderElection.java:askForVotes(178)) - 47aecc56-7e95-480d-b89c-2c00d33b4782@group-5EC277DF3249-LeaderElection78: begin an election at term 71 for -1: [47aecc56-7e95-480d-b89c-2c00d33b4782:192.168.69.67:34550, 1bc296c6-def6-4ae4-8c62-5b4c951a28f1:192.168.69.67:37222, bc0382cc-50e2-4d58-b2de-e8b6250f3520:192.168.69.67:37666], old=null
2019-10-18 08:19:58,514 [grpc-default-executor-3] INFO  impl.RaftServerImpl (RaftServerImpl.java:setRole(184)) - 1bc296c6-def6-4ae4-8c62-5b4c951a28f1@group-5EC277DF3249: changes role from  FOLLOWER to FOLLOWER at term 71 for recognizeCandidate:47aecc56-7e95-480d-b89c-2c00d33b4782
2019-10-18 08:19:58,514 [grpc-default-executor-3] INFO  impl.RoleInfo (RoleInfo.java:shutdownFollowerState(121)) - 1bc296c6-def6-4ae4-8c62-5b4c951a28f1: shutdown FollowerState
2019-10-18 08:19:58,514 [grpc-default-executor-9] INFO  impl.RaftServerImpl (RaftServerImpl.java:setRole(184)) - bc0382cc-50e2-4d58-b2de-e8b6250f3520@group-5EC277DF3249: changes role from  FOLLOWER to FOLLOWER at term 71 for recognizeCandidate:47aecc56-7e95-480d-b89c-2c00d33b4782
2019-10-18 08:19:58,514 [grpc-default-executor-3] INFO  impl.RoleInfo (RoleInfo.java:updateAndGet(143)) - 1bc296c6-def6-4ae4-8c62-5b4c951a28f1: start FollowerState
2019-10-18 08:19:58,514 [Thread-1154] INFO  impl.FollowerState (FollowerState.java:run(117)) - 1bc296c6-def6-4ae4-8c62-5b4c951a28f1@group-5EC277DF3249-FollowerState was interrupted: java.lang.InterruptedException: sleep interrupted
2019-10-18 08:19:58,514 [grpc-default-executor-9] INFO  impl.RoleInfo (RoleInfo.java:shutdownFollowerState(121)) - bc0382cc-50e2-4d58-b2de-e8b6250f3520: shutdown FollowerState
2019-10-18 08:19:58,515 [grpc-default-executor-9] INFO  impl.RoleInfo (RoleInfo.java:updateAndGet(143)) - bc0382cc-50e2-4d58-b2de-e8b6250f3520: start FollowerState
2019-10-18 08:19:58,515 [Thread-1155] INFO  impl.FollowerState (FollowerState.java:run(117)) - bc0382cc-50e2-4d58-b2de-e8b6250f3520@group-5EC277DF3249-FollowerState was interrupted: java.lang.InterruptedException: sleep interrupted
2019-10-18 08:19:58,530 [47aecc56-7e95-480d-b89c-2c00d33b4782@group-5EC277DF3249-LeaderElection78] INFO  impl.LeaderElection (LeaderElection.java:logAndReturn(56)) - 47aecc56-7e95-480d-b89c-2c00d33b4782@group-5EC277DF3249-LeaderElection78: Election REJECTED; received 2 response(s) [47aecc56-7e95-480d-b89c-2c00d33b4782<-1bc296c6-def6-4ae4-8c62-5b4c951a28f1#0:FAIL-t71, 47aecc56-7e95-480d-b89c-2c00d33b4782<-bc0382cc-50e2-4d58-b2de-e8b6250f3520#0:FAIL-t71] and 0 exception(s); 47aecc56-7e95-480d-b89c-2c00d33b4782@group-5EC277DF3249:t71, leader=null, voted=47aecc56-7e95-480d-b89c-2c00d33b4782, raftlog=47aecc56-7e95-480d-b89c-2c00d33b4782@group-5EC277DF3249-SegmentedRaftLog:OPENED:c-1,f-1,i0, conf=-1: [47aecc56-7e95-480d-b89c-2c00d33b4782:192.168.69.67:34550, 1bc296c6-def6-4ae4-8c62-5b4c951a28f1:192.168.69.67:37222, bc0382cc-50e2-4d58-b2de-e8b6250f3520:192.168.69.67:37666], old=null
2019-10-18 08:19:58,530 [47aecc56-7e95-480d-b89c-2c00d33b4782@group-5EC277DF3249-LeaderElection78] INFO  impl.RaftServerImpl (RaftServerImpl.java:setRole(184)) - 47aecc56-7e95-480d-b89c-2c00d33b4782@group-5EC277DF3249: changes role from CANDIDATE to FOLLOWER at term 71 for DISCOVERED_A_NEW_TERM
2019-10-18 08:19:58,530 [47aecc56-7e95-480d-b89c-2c00d33b4782@group-5EC277DF3249-LeaderElection78] INFO  impl.RoleInfo (RoleInfo.java:shutdownLeaderElection(134)) - 47aecc56-7e95-480d-b89c-2c00d33b4782: shutdown LeaderElection
2019-10-18 08:19:58,530 [47aecc56-7e95-480d-b89c-2c00d33b4782@group-5EC277DF3249-LeaderElection78] INFO  impl.RoleInfo (RoleInfo.java:updateAndGet(143)) - 47aecc56-7e95-480d-b89c-2c00d33b4782: start FollowerState
2019-10-18 08:19:58,553 [Thread-1162] INFO  impl.FollowerState (FollowerState.java:run(108)) - 47aecc56-7e95-480d-b89c-2c00d33b4782@group-5EC277DF3249-FollowerState: change to CANDIDATE, lastRpcTime:22ms, electionTimeout:22ms
2019-10-18 08:19:58,553 [Thread-1162] INFO  impl.RoleInfo (RoleInfo.java:shutdownFollowerState(121)) - 47aecc56-7e95-480d-b89c-2c00d33b4782: shutdown FollowerState
2019-10-18 08:19:58,553 [Thread-1162] INFO  impl.RaftServerImpl (RaftServerImpl.java:setRole(184)) - 47aecc56-7e95-480d-b89c-2c00d33b4782@group-5EC277DF3249: changes role from  FOLLOWER to CANDIDATE at term 71 for changeToCandidate
2019-10-18 08:19:58,553 [Thread-1162] INFO  impl.RoleInfo (RoleInfo.java:updateAndGet(143)) - 47aecc56-7e95-480d-b89c-2c00d33b4782: start LeaderElection
2019-10-18 08:19:58,569 [47aecc56-7e95-480d-b89c-2c00d33b4782@group-5EC277DF3249-LeaderElection79] INFO  impl.LeaderElection (LeaderElection.java:askForVotes(178)) - 47aecc56-7e95-480d-b89c-2c00d33b4782@group-5EC277DF3249-LeaderElection79: begin an election at term 72 for -1: [47aecc56-7e95-480d-b89c-2c00d33b4782:192.168.69.67:34550, 1bc296c6-def6-4ae4-8c62-5b4c951a28f1:192.168.69.67:37222, bc0382cc-50e2-4d58-b2de-e8b6250f3520:192.168.69.67:37666], old=null
2019-10-18 08:19:58,571 [grpc-default-executor-9] INFO  impl.RaftServerImpl (RaftServerImpl.java:setRole(184)) - 1bc296c6-def6-4ae4-8c62-5b4c951a28f1@group-5EC277DF3249: changes role from  FOLLOWER to FOLLOWER at term 72 for recognizeCandidate:47aecc56-7e95-480d-b89c-2c00d33b4782
2019-10-18 08:19:58,571 [grpc-default-executor-9] INFO  impl.RoleInfo (RoleInfo.java:shutdownFollowerState(121)) - 1bc296c6-def6-4ae4-8c62-5b4c951a28f1: shutdown FollowerState
2019-10-18 08:19:58,571 [grpc-default-executor-3] INFO  impl.RaftServerImpl (RaftServerImpl.java:setRole(184)) - bc0382cc-50e2-4d58-b2de-e8b6250f3520@group-5EC277DF3249: changes role from  FOLLOWER to FOLLOWER at term 72 for recognizeCandidate:47aecc56-7e95-480d-b89c-2c00d33b4782
2019-10-18 08:19:58,571 [grpc-default-executor-9] INFO  impl.RoleInfo (RoleInfo.java:updateAndGet(143)) - 1bc296c6-def6-4ae4-8c62-5b4c951a28f1: start FollowerState
2019-10-18 08:19:58,571 [Thread-1160] INFO  impl.FollowerState (FollowerState.java:run(117)) - 1bc296c6-def6-4ae4-8c62-5b4c951a28f1@group-5EC277DF3249-FollowerState was interrupted: java.lang.InterruptedException: sleep interrupted
2019-10-18 08:19:58,571 [grpc-default-executor-3] INFO  impl.RoleInfo (RoleInfo.java:shutdownFollowerState(121)) - bc0382cc-50e2-4d58-b2de-e8b6250f3520: shutdown FollowerState
2019-10-18 08:19:58,572 [grpc-default-executor-3] INFO  impl.RoleInfo (RoleInfo.java:updateAndGet(143)) - bc0382cc-50e2-4d58-b2de-e8b6250f3520: start FollowerState
2019-10-18 08:19:58,572 [Thread-1161] INFO  impl.FollowerState (FollowerState.java:run(117)) - bc0382cc-50e2-4d58-b2de-e8b6250f3520@group-5EC277DF3249-FollowerState was interrupted: java.lang.InterruptedException: sleep interrupted
2019-10-18 08:19:58,585 [47aecc56-7e95-480d-b89c-2c00d33b4782@group-5EC277DF3249-LeaderElection79] INFO  impl.LeaderElection (LeaderElection.java:logAndReturn(56)) - 47aecc56-7e95-480d-b89c-2c00d33b4782@group-5EC277DF3249-LeaderElection79: Election REJECTED; received 2 response(s) [47aecc56-7e95-480d-b89c-2c00d33b4782<-1bc296c6-def6-4ae4-8c62-5b4c951a28f1#0:FAIL-t72, 47aecc56-7e95-480d-b89c-2c00d33b4782<-bc0382cc-50e2-4d58-b2de-e8b6250f3520#0:FAIL-t72] and 0 exception(s); 47aecc56-7e95-480d-b89c-2c00d33b4782@group-5EC277DF3249:t72, leader=null, voted=47aecc56-7e95-480d-b89c-2c00d33b4782, raftlog=47aecc56-7e95-480d-b89c-2c00d33b4782@group-5EC277DF3249-SegmentedRaftLog:OPENED:c-1,f-1,i0, conf=-1: [47aecc56-7e95-480d-b89c-2c00d33b4782:192.168.69.67:34550, 1bc296c6-def6-4ae4-8c62-5b4c951a28f1:192.168.69.67:37222, bc0382cc-50e2-4d58-b2de-e8b6250f3520:192.168.69.67:37666], old=null
2019-10-18 08:19:58,586 [47aecc56-7e95-480d-b89c-2c00d33b4782@group-5EC277DF3249-LeaderElection79] INFO  impl.RaftServerImpl (RaftServerImpl.java:setRole(184)) - 47aecc56-7e95-480d-b89c-2c00d33b4782@group-5EC277DF3249: changes role from CANDIDATE to FOLLOWER at term 72 for DISCOVERED_A_NEW_TERM
2019-10-18 08:19:58,586 [47aecc56-7e95-480d-b89c-2c00d33b4782@group-5EC277DF3249-LeaderElection79] INFO  impl.RoleInfo (RoleInfo.java:shutdownLeaderElection(134)) - 47aecc56-7e95-480d-b89c-2c00d33b4782: shutdown LeaderElection
2019-10-18 08:19:58,586 [47aecc56-7e95-480d-b89c-2c00d33b4782@group-5EC277DF3249-LeaderElection79] INFO  impl.RoleInfo (RoleInfo.java:updateAndGet(143)) - 47aecc56-7e95-480d-b89c-2c00d33b4782: start FollowerState
2019-10-18 08:19:58,662 [Thread-1168] INFO  impl.FollowerState (FollowerState.java:run(108)) - 47aecc56-7e95-480d-b89c-2c00d33b4782@group-5EC277DF3249-FollowerState: change to CANDIDATE, lastRpcTime:76ms, electionTimeout:76ms
2019-10-18 08:19:58,663 [Thread-1168] INFO  impl.RoleInfo (RoleInfo.java:shutdownFollowerState(121)) - 47aecc56-7e95-480d-b89c-2c00d33b4782: shutdown FollowerState
2019-10-18 08:19:58,663 [Thread-1168] INFO  impl.RaftServerImpl (RaftServerImpl.java:setRole(184)) - 47aecc56-7e95-480d-b89c-2c00d33b4782@group-5EC277DF3249: changes role from  FOLLOWER to CANDIDATE at term 72 for changeToCandidate
2019-10-18 08:19:58,663 [Thread-1168] INFO  impl.RoleInfo (RoleInfo.java:updateAndGet(143)) - 47aecc56-7e95-480d-b89c-2c00d33b4782: start LeaderElection
2019-10-18 08:19:58,688 [47aecc56-7e95-480d-b89c-2c00d33b4782@group-5EC277DF3249-LeaderElection80] INFO  impl.LeaderElection (LeaderElection.java:askForVotes(178)) - 47aecc56-7e95-480d-b89c-2c00d33b4782@group-5EC277DF3249-LeaderElection80: begin an election at term 73 for -1: [47aecc56-7e95-480d-b89c-2c00d33b4782:192.168.69.67:34550, 1bc296c6-def6-4ae4-8c62-5b4c951a28f1:192.168.69.67:37222, bc0382cc-50e2-4d58-b2de-e8b6250f3520:192.168.69.67:37666], old=null
2019-10-18 08:19:58,691 [grpc-default-executor-9] INFO  impl.RaftServerImpl (RaftServerImpl.java:setRole(184)) - 1bc296c6-def6-4ae4-8c62-5b4c951a28f1@group-5EC277DF3249: changes role from  FOLLOWER to FOLLOWER at term 73 for recognizeCandidate:47aecc56-7e95-480d-b89c-2c00d33b4782
2019-10-18 08:19:58,691 [grpc-default-executor-9] INFO  impl.RoleInfo (RoleInfo.java:shutdownFollowerState(121)) - 1bc296c6-def6-4ae4-8c62-5b4c951a28f1: shutdown FollowerState
2019-10-18 08:19:58,691 [grpc-default-executor-3] INFO  impl.RaftServerImpl (RaftServerImpl.java:setRole(184)) - bc0382cc-50e2-4d58-b2de-e8b6250f3520@group-5EC277DF3249: changes role from  FOLLOWER to FOLLOWER at term 73 for recognizeCandidate:47aecc56-7e95-480d-b89c-2c00d33b4782
2019-10-18 08:19:58,691 [grpc-default-executor-3] INFO  impl.RoleInfo (RoleInfo.java:shutdownFollowerState(121)) - bc0382cc-50e2-4d58-b2de-e8b6250f3520: shutdown FollowerState
2019-10-18 08:19:58,691 [Thread-1166] INFO  impl.FollowerState (FollowerState.java:run(117)) - 1bc296c6-def6-4ae4-8c62-5b4c951a28f1@group-5EC277DF3249-FollowerState was interrupted: java.lang.InterruptedException: sleep interrupted
2019-10-18 08:19:58,691 [grpc-default-executor-9] INFO  impl.RoleInfo (RoleInfo.java:updateAndGet(143)) - 1bc296c6-def6-4ae4-8c62-5b4c951a28f1: start FollowerState
2019-10-18 08:19:58,691 [Thread-1167] INFO  impl.FollowerState (FollowerState.java:run(117)) - bc0382cc-50e2-4d58-b2de-e8b6250f3520@group-5EC277DF3249-FollowerState was interrupted: java.lang.InterruptedException: sleep interrupted
2019-10-18 08:19:58,691 [grpc-default-executor-3] INFO  impl.RoleInfo (RoleInfo.java:updateAndGet(143)) - bc0382cc-50e2-4d58-b2de-e8b6250f3520: start FollowerState
2019-10-18 08:19:58,706 [47aecc56-7e95-480d-b89c-2c00d33b4782@group-5EC277DF3249-LeaderElection80] INFO  impl.LeaderElection (LeaderElection.java:logAndReturn(56)) - 47aecc56-7e95-480d-b89c-2c00d33b4782@group-5EC277DF3249-LeaderElection80: Election REJECTED; received 2 response(s) [47aecc56-7e95-480d-b89c-2c00d33b4782<-1bc296c6-def6-4ae4-8c62-5b4c951a28f1#0:FAIL-t73, 47aecc56-7e95-480d-b89c-2c00d33b4782<-bc0382cc-50e2-4d58-b2de-e8b6250f3520#0:FAIL-t73] and 0 exception(s); 47aecc56-7e95-480d-b89c-2c00d33b4782@group-5EC277DF3249:t73, leader=null, voted=47aecc56-7e95-480d-b89c-2c00d33b4782, raftlog=47aecc56-7e95-480d-b89c-2c00d33b4782@group-5EC277DF3249-SegmentedRaftLog:OPENED:c-1,f-1,i0, conf=-1: [47aecc56-7e95-480d-b89c-2c00d33b4782:192.168.69.67:34550, 1bc296c6-def6-4ae4-8c62-5b4c951a28f1:192.168.69.67:37222, bc0382cc-50e2-4d58-b2de-e8b6250f3520:192.168.69.67:37666], old=null
2019-10-18 08:19:58,706 [47aecc56-7e95-480d-b89c-2c00d33b4782@group-5EC277DF3249-LeaderElection80] INFO  impl.RaftServerImpl (RaftServerImpl.java:setRole(184)) - 47aecc56-7e95-480d-b89c-2c00d33b4782@group-5EC277DF3249: changes role from CANDIDATE to FOLLOWER at term 73 for DISCOVERED_A_NEW_TERM
2019-10-18 08:19:58,706 [47aecc56-7e95-480d-b89c-2c00d33b4782@group-5EC277DF3249-LeaderElection80] INFO  impl.RoleInfo (RoleInfo.java:shutdownLeaderElection(134)) - 47aecc56-7e95-480d-b89c-2c00d33b4782: shutdown LeaderElection
2019-10-18 08:19:58,706 [47aecc56-7e95-480d-b89c-2c00d33b4782@group-5EC277DF3249-LeaderElection80] INFO  impl.RoleInfo (RoleInfo.java:updateAndGet(143)) - 47aecc56-7e95-480d-b89c-2c00d33b4782: start FollowerState
2019-10-18 08:19:58,793 [Thread-1174] INFO  impl.FollowerState (FollowerState.java:run(108)) - 47aecc56-7e95-480d-b89c-2c00d33b4782@group-5EC277DF3249-FollowerState: change to CANDIDATE, lastRpcTime:86ms, electionTimeout:86ms
2019-10-18 08:19:58,793 [Thread-1174] INFO  impl.RoleInfo (RoleInfo.java:shutdownFollowerState(121)) - 47aecc56-7e95-480d-b89c-2c00d33b4782: shutdown FollowerState
2019-10-18 08:19:58,793 [Thread-1174] INFO  impl.RaftServerImpl (RaftServerImpl.java:setRole(184)) - 47aecc56-7e95-480d-b89c-2c00d33b4782@group-5EC277DF3249: changes role from  FOLLOWER to CANDIDATE at term 73 for changeToCandidate
2019-10-18 08:19:58,793 [Thread-1174] INFO  impl.RoleInfo (RoleInfo.java:updateAndGet(143)) - 47aecc56-7e95-480d-b89c-2c00d33b4782: start LeaderElection
2019-10-18 08:19:58,807 [47aecc56-7e95-480d-b89c-2c00d33b4782@group-5EC277DF3249-LeaderElection81] INFO  impl.LeaderElection (LeaderElection.java:askForVotes(178)) - 47aecc56-7e95-480d-b89c-2c00d33b4782@group-5EC277DF3249-LeaderElection81: begin an election at term 74 for -1: [47aecc56-7e95-480d-b89c-2c00d33b4782:192.168.69.67:34550, 1bc296c6-def6-4ae4-8c62-5b4c951a28f1:192.168.69.67:37222, bc0382cc-50e2-4d58-b2de-e8b6250f3520:192.168.69.67:37666], old=null
2019-10-18 08:19:58,810 [grpc-default-executor-9] INFO  impl.RaftServerImpl (RaftServerImpl.java:setRole(184)) - bc0382cc-50e2-4d58-b2de-e8b6250f3520@group-5EC277DF3249: changes role from  FOLLOWER to FOLLOWER at term 74 for recognizeCandidate:47aecc56-7e95-480d-b89c-2c00d33b4782
2019-10-18 08:19:58,810 [grpc-default-executor-9] INFO  impl.RoleInfo (RoleInfo.java:shutdownFollowerState(121)) - bc0382cc-50e2-4d58-b2de-e8b6250f3520: shutdown FollowerState
2019-10-18 08:19:58,810 [grpc-default-executor-3] INFO  impl.RaftServerImpl (RaftServerImpl.java:setRole(184)) - 1bc296c6-def6-4ae4-8c62-5b4c951a28f1@group-5EC277DF3249: changes role from  FOLLOWER to FOLLOWER at term 74 for recognizeCandidate:47aecc56-7e95-480d-b89c-2c00d33b4782
2019-10-18 08:19:58,810 [Thread-1173] INFO  impl.FollowerState (FollowerState.java:run(117)) - bc0382cc-50e2-4d58-b2de-e8b6250f3520@group-5EC277DF3249-FollowerState was interrupted: java.lang.InterruptedException: sleep interrupted
2019-10-18 08:19:58,810 [grpc-default-executor-9] INFO  impl.RoleInfo (RoleInfo.java:updateAndGet(143)) - bc0382cc-50e2-4d58-b2de-e8b6250f3520: start FollowerState
2019-10-18 08:19:58,810 [grpc-default-executor-3] INFO  impl.RoleInfo (RoleInfo.java:shutdownFollowerState(121)) - 1bc296c6-def6-4ae4-8c62-5b4c951a28f1: shutdown FollowerState
2019-10-18 08:19:58,811 [grpc-default-executor-3] INFO  impl.RoleInfo (RoleInfo.java:updateAndGet(143)) - 1bc296c6-def6-4ae4-8c62-5b4c951a28f1: start FollowerState
2019-10-18 08:19:58,811 [Thread-1172] INFO  impl.FollowerState (FollowerState.java:run(117)) - 1bc296c6-def6-4ae4-8c62-5b4c951a28f1@group-5EC277DF3249-FollowerState was interrupted: java.lang.InterruptedException: sleep interrupted
2019-10-18 08:19:58,828 [47aecc56-7e95-480d-b89c-2c00d33b4782@group-5EC277DF3249-LeaderElection81] INFO  impl.LeaderElection (LeaderElection.java:logAndReturn(56)) - 47aecc56-7e95-480d-b89c-2c00d33b4782@group-5EC277DF3249-LeaderElection81: Election REJECTED; received 2 response(s) [47aecc56-7e95-480d-b89c-2c00d33b4782<-1bc296c6-def6-4ae4-8c62-5b4c951a28f1#0:FAIL-t74, 47aecc56-7e95-480d-b89c-2c00d33b4782<-bc0382cc-50e2-4d58-b2de-e8b6250f3520#0:FAIL-t74] and 0 exception(s); 47aecc56-7e95-480d-b89c-2c00d33b4782@group-5EC277DF3249:t74, leader=null, voted=47aecc56-7e95-480d-b89c-2c00d33b4782, raftlog=47aecc56-7e95-480d-b89c-2c00d33b4782@group-5EC277DF3249-SegmentedRaftLog:OPENED:c-1,f-1,i0, conf=-1: [47aecc56-7e95-480d-b89c-2c00d33b4782:192.168.69.67:34550, 1bc296c6-def6-4ae4-8c62-5b4c951a28f1:192.168.69.67:37222, bc0382cc-50e2-4d58-b2de-e8b6250f3520:192.168.69.67:37666], old=null
2019-10-18 08:19:58,828 [47aecc56-7e95-480d-b89c-2c00d33b4782@group-5EC277DF3249-LeaderElection81] INFO  impl.RaftServerImpl (RaftServerImpl.java:setRole(184)) - 47aecc56-7e95-480d-b89c-2c00d33b4782@group-5EC277DF3249: changes role from CANDIDATE to FOLLOWER at term 74 for DISCOVERED_A_NEW_TERM
2019-10-18 08:19:58,828 [47aecc56-7e95-480d-b89c-2c00d33b4782@group-5EC277DF3249-LeaderElection81] INFO  impl.RoleInfo (RoleInfo.java:shutdownLeaderElection(134)) - 47aecc56-7e95-480d-b89c-2c00d33b4782: shutdown LeaderElection
2019-10-18 08:19:58,828 [47aecc56-7e95-480d-b89c-2c00d33b4782@group-5EC277DF3249-LeaderElection81] INFO  impl.RoleInfo (RoleInfo.java:updateAndGet(143)) - 47aecc56-7e95-480d-b89c-2c00d33b4782: start FollowerState
2019-10-18 08:19:58,875 [Thread-1180] INFO  impl.FollowerState (FollowerState.java:run(108)) - 47aecc56-7e95-480d-b89c-2c00d33b4782@group-5EC277DF3249-FollowerState: change to CANDIDATE, lastRpcTime:47ms, electionTimeout:47ms
2019-10-18 08:19:58,876 [Thread-1180] INFO  impl.RoleInfo (RoleInfo.java:shutdownFollowerState(121)) - 47aecc56-7e95-480d-b89c-2c00d33b4782: shutdown FollowerState
2019-10-18 08:19:58,876 [Thread-1180] INFO  impl.RaftServerImpl (RaftServerImpl.java:setRole(184)) - 47aecc56-7e95-480d-b89c-2c00d33b4782@group-5EC277DF3249: changes role from  FOLLOWER to CANDIDATE at term 74 for changeToCandidate
2019-10-18 08:19:58,876 [Thread-1180] INFO  impl.RoleInfo (RoleInfo.java:updateAndGet(143)) - 47aecc56-7e95-480d-b89c-2c00d33b4782: start LeaderElection
2019-10-18 08:19:58,902 [47aecc56-7e95-480d-b89c-2c00d33b4782@group-5EC277DF3249-LeaderElection82] INFO  impl.LeaderElection (LeaderElection.java:askForVotes(178)) - 47aecc56-7e95-480d-b89c-2c00d33b4782@group-5EC277DF3249-LeaderElection82: begin an election at term 75 for -1: [47aecc56-7e95-480d-b89c-2c00d33b4782:192.168.69.67:34550, 1bc296c6-def6-4ae4-8c62-5b4c951a28f1:192.168.69.67:37222, bc0382cc-50e2-4d58-b2de-e8b6250f3520:192.168.69.67:37666], old=null
2019-10-18 08:19:58,904 [grpc-default-executor-3] INFO  impl.RaftServerImpl (RaftServerImpl.java:setRole(184)) - 1bc296c6-def6-4ae4-8c62-5b4c951a28f1@group-5EC277DF3249: changes role from  FOLLOWER to FOLLOWER at term 75 for recognizeCandidate:47aecc56-7e95-480d-b89c-2c00d33b4782
2019-10-18 08:19:58,905 [grpc-default-executor-9] INFO  impl.RaftServerImpl (RaftServerImpl.java:setRole(184)) - bc0382cc-50e2-4d58-b2de-e8b6250f3520@group-5EC277DF3249: changes role from  FOLLOWER to FOLLOWER at term 75 for recognizeCandidate:47aecc56-7e95-480d-b89c-2c00d33b4782
2019-10-18 08:19:58,905 [grpc-default-executor-3] INFO  impl.RoleInfo (RoleInfo.java:shutdownFollowerState(121)) - 1bc296c6-def6-4ae4-8c62-5b4c951a28f1: shutdown FollowerState
2019-10-18 08:19:58,905 [grpc-default-executor-9] INFO  impl.RoleInfo (RoleInfo.java:shutdownFollowerState(121)) - bc0382cc-50e2-4d58-b2de-e8b6250f3520: shutdown FollowerState
2019-10-18 08:19:58,905 [Thread-1179] INFO  impl.FollowerState (FollowerState.java:run(117)) - 1bc296c6-def6-4ae4-8c62-5b4c951a28f1@group-5EC277DF3249-FollowerState was interrupted: java.lang.InterruptedException: sleep interrupted
2019-10-18 08:19:58,905 [grpc-default-executor-3] INFO  impl.RoleInfo (RoleInfo.java:updateAndGet(143)) - 1bc296c6-def6-4ae4-8c62-5b4c951a28f1: start FollowerState
2019-10-18 08:19:58,905 [Thread-1178] INFO  impl.FollowerState (FollowerState.java:run(117)) - bc0382cc-50e2-4d58-b2de-e8b6250f3520@group-5EC277DF3249-FollowerState was interrupted: java.lang.InterruptedException: sleep interrupted
2019-10-18 08:19:58,905 [grpc-default-executor-9] INFO  impl.RoleInfo (RoleInfo.java:updateAndGet(143)) - bc0382cc-50e2-4d58-b2de-e8b6250f3520: start FollowerState
2019-10-18 08:19:58,920 [47aecc56-7e95-480d-b89c-2c00d33b4782@group-5EC277DF3249-LeaderElection82] INFO  impl.LeaderElection (LeaderElection.java:logAndReturn(56)) - 47aecc56-7e95-480d-b89c-2c00d33b4782@group-5EC277DF3249-LeaderElection82: Election REJECTED; received 2 response(s) [47aecc56-7e95-480d-b89c-2c00d33b4782<-1bc296c6-def6-4ae4-8c62-5b4c951a28f1#0:FAIL-t75, 47aecc56-7e95-480d-b89c-2c00d33b4782<-bc0382cc-50e2-4d58-b2de-e8b6250f3520#0:FAIL-t75] and 0 exception(s); 47aecc56-7e95-480d-b89c-2c00d33b4782@group-5EC277DF3249:t75, leader=null, voted=47aecc56-7e95-480d-b89c-2c00d33b4782, raftlog=47aecc56-7e95-480d-b89c-2c00d33b4782@group-5EC277DF3249-SegmentedRaftLog:OPENED:c-1,f-1,i0, conf=-1: [47aecc56-7e95-480d-b89c-2c00d33b4782:192.168.69.67:34550, 1bc296c6-def6-4ae4-8c62-5b4c951a28f1:192.168.69.67:37222, bc0382cc-50e2-4d58-b2de-e8b6250f3520:192.168.69.67:37666], old=null
2019-10-18 08:19:58,920 [47aecc56-7e95-480d-b89c-2c00d33b4782@group-5EC277DF3249-LeaderElection82] INFO  impl.RaftServerImpl (RaftServerImpl.java:setRole(184)) - 47aecc56-7e95-480d-b89c-2c00d33b4782@group-5EC277DF3249: changes role from CANDIDATE to FOLLOWER at term 75 for DISCOVERED_A_NEW_TERM
2019-10-18 08:19:58,920 [47aecc56-7e95-480d-b89c-2c00d33b4782@group-5EC277DF3249-LeaderElection82] INFO  impl.RoleInfo (RoleInfo.java:shutdownLeaderElection(134)) - 47aecc56-7e95-480d-b89c-2c00d33b4782: shutdown LeaderElection
2019-10-18 08:19:58,920 [47aecc56-7e95-480d-b89c-2c00d33b4782@group-5EC277DF3249-LeaderElection82] INFO  impl.RoleInfo (RoleInfo.java:updateAndGet(143)) - 47aecc56-7e95-480d-b89c-2c00d33b4782: start FollowerState
2019-10-18 08:19:59,070 [Thread-1186] INFO  impl.FollowerState (FollowerState.java:run(108)) - 47aecc56-7e95-480d-b89c-2c00d33b4782@group-5EC277DF3249-FollowerState: change to CANDIDATE, lastRpcTime:149ms, electionTimeout:149ms
2019-10-18 08:19:59,070 [Thread-1186] INFO  impl.RoleInfo (RoleInfo.java:shutdownFollowerState(121)) - 47aecc56-7e95-480d-b89c-2c00d33b4782: shutdown FollowerState
2019-10-18 08:19:59,070 [Thread-1186] INFO  impl.RaftServerImpl (RaftServerImpl.java:setRole(184)) - 47aecc56-7e95-480d-b89c-2c00d33b4782@group-5EC277DF3249: changes role from  FOLLOWER to CANDIDATE at term 75 for changeToCandidate
2019-10-18 08:19:59,071 [Thread-1186] INFO  impl.RoleInfo (RoleInfo.java:updateAndGet(143)) - 47aecc56-7e95-480d-b89c-2c00d33b4782: start LeaderElection
2019-10-18 08:19:59,092 [47aecc56-7e95-480d-b89c-2c00d33b4782@group-5EC277DF3249-LeaderElection83] INFO  impl.LeaderElection (LeaderElection.java:askForVotes(178)) - 47aecc56-7e95-480d-b89c-2c00d33b4782@group-5EC277DF3249-LeaderElection83: begin an election at term 76 for -1: [47aecc56-7e95-480d-b89c-2c00d33b4782:192.168.69.67:34550, 1bc296c6-def6-4ae4-8c62-5b4c951a28f1:192.168.69.67:37222, bc0382cc-50e2-4d58-b2de-e8b6250f3520:192.168.69.67:37666], old=null
2019-10-18 08:19:59,094 [grpc-default-executor-9] INFO  impl.RaftServerImpl (RaftServerImpl.java:setRole(184)) - 1bc296c6-def6-4ae4-8c62-5b4c951a28f1@group-5EC277DF3249: changes role from  FOLLOWER to FOLLOWER at term 76 for recognizeCandidate:47aecc56-7e95-480d-b89c-2c00d33b4782
2019-10-18 08:19:59,094 [grpc-default-executor-3] INFO  impl.RaftServerImpl (RaftServerImpl.java:setRole(184)) - bc0382cc-50e2-4d58-b2de-e8b6250f3520@group-5EC277DF3249: changes role from  FOLLOWER to FOLLOWER at term 76 for recognizeCandidate:47aecc56-7e95-480d-b89c-2c00d33b4782
2019-10-18 08:19:59,095 [grpc-default-executor-9] INFO  impl.RoleInfo (RoleInfo.java:shutdownFollowerState(121)) - 1bc296c6-def6-4ae4-8c62-5b4c951a28f1: shutdown FollowerState
2019-10-18 08:19:59,095 [grpc-default-executor-3] INFO  impl.RoleInfo (RoleInfo.java:shutdownFollowerState(121)) - bc0382cc-50e2-4d58-b2de-e8b6250f3520: shutdown FollowerState
2019-10-18 08:19:59,095 [Thread-1184] INFO  impl.FollowerState (FollowerState.java:run(117)) - 1bc296c6-def6-4ae4-8c62-5b4c951a28f1@group-5EC277DF3249-FollowerState was interrupted: java.lang.InterruptedException: sleep interrupted
2019-10-18 08:19:59,095 [grpc-default-executor-9] INFO  impl.RoleInfo (RoleInfo.java:updateAndGet(143)) - 1bc296c6-def6-4ae4-8c62-5b4c951a28f1: start FollowerState
2019-10-18 08:19:59,095 [Thread-1185] INFO  impl.FollowerState (FollowerState.java:run(117)) - bc0382cc-50e2-4d58-b2de-e8b6250f3520@group-5EC277DF3249-FollowerState was interrupted: java.lang.InterruptedException: sleep interrupted
2019-10-18 08:19:59,095 [grpc-default-executor-3] INFO  impl.RoleInfo (RoleInfo.java:updateAndGet(143)) - bc0382cc-50e2-4d58-b2de-e8b6250f3520: start FollowerState
2019-10-18 08:19:59,110 [47aecc56-7e95-480d-b89c-2c00d33b4782@group-5EC277DF3249-LeaderElection83] INFO  impl.LeaderElection (LeaderElection.java:logAndReturn(56)) - 47aecc56-7e95-480d-b89c-2c00d33b4782@group-5EC277DF3249-LeaderElection83: Election REJECTED; received 2 response(s) [47aecc56-7e95-480d-b89c-2c00d33b4782<-1bc296c6-def6-4ae4-8c62-5b4c951a28f1#0:FAIL-t76, 47aecc56-7e95-480d-b89c-2c00d33b4782<-bc0382cc-50e2-4d58-b2de-e8b6250f3520#0:FAIL-t76] and 0 exception(s); 47aecc56-7e95-480d-b89c-2c00d33b4782@group-5EC277DF3249:t76, leader=null, voted=47aecc56-7e95-480d-b89c-2c00d33b4782, raftlog=47aecc56-7e95-480d-b89c-2c00d33b4782@group-5EC277DF3249-SegmentedRaftLog:OPENED:c-1,f-1,i0, conf=-1: [47aecc56-7e95-480d-b89c-2c00d33b4782:192.168.69.67:34550, 1bc296c6-def6-4ae4-8c62-5b4c951a28f1:192.168.69.67:37222, bc0382cc-50e2-4d58-b2de-e8b6250f3520:192.168.69.67:37666], old=null
2019-10-18 08:19:59,111 [47aecc56-7e95-480d-b89c-2c00d33b4782@group-5EC277DF3249-LeaderElection83] INFO  impl.RaftServerImpl (RaftServerImpl.java:setRole(184)) - 47aecc56-7e95-480d-b89c-2c00d33b4782@group-5EC277DF3249: changes role from CANDIDATE to FOLLOWER at term 76 for DISCOVERED_A_NEW_TERM
2019-10-18 08:19:59,111 [47aecc56-7e95-480d-b89c-2c00d33b4782@group-5EC277DF3249-LeaderElection83] INFO  impl.RoleInfo (RoleInfo.java:shutdownLeaderElection(134)) - 47aecc56-7e95-480d-b89c-2c00d33b4782: shutdown LeaderElection
2019-10-18 08:19:59,112 [47aecc56-7e95-480d-b89c-2c00d33b4782@group-5EC277DF3249-LeaderElection83] INFO  impl.RoleInfo (RoleInfo.java:updateAndGet(143)) - 47aecc56-7e95-480d-b89c-2c00d33b4782: start FollowerState
2019-10-18 08:19:59,159 [Thread-1192] INFO  impl.FollowerState (FollowerState.java:run(108)) - 47aecc56-7e95-480d-b89c-2c00d33b4782@group-5EC277DF3249-FollowerState: change to CANDIDATE, lastRpcTime:47ms, electionTimeout:47ms
2019-10-18 08:19:59,159 [Thread-1192] INFO  impl.RoleInfo (RoleInfo.java:shutdownFollowerState(121)) - 47aecc56-7e95-480d-b89c-2c00d33b4782: shutdown FollowerState
2019-10-18 08:19:59,159 [Thread-1192] INFO  impl.RaftServerImpl (RaftServerImpl.java:setRole(184)) - 47aecc56-7e95-480d-b89c-2c00d33b4782@group-5EC277DF3249: changes role from  FOLLOWER to CANDIDATE at term 76 for changeToCandidate
2019-10-18 08:19:59,160 [Thread-1192] INFO  impl.RoleInfo (RoleInfo.java:updateAndGet(143)) - 47aecc56-7e95-480d-b89c-2c00d33b4782: start LeaderElection
2019-10-18 08:19:59,173 [47aecc56-7e95-480d-b89c-2c00d33b4782@group-5EC277DF3249-LeaderElection84] INFO  impl.LeaderElection (LeaderElection.java:askForVotes(178)) - 47aecc56-7e95-480d-b89c-2c00d33b4782@group-5EC277DF3249-LeaderElection84: begin an election at term 77 for -1: [47aecc56-7e95-480d-b89c-2c00d33b4782:192.168.69.67:34550, 1bc296c6-def6-4ae4-8c62-5b4c951a28f1:192.168.69.67:37222, bc0382cc-50e2-4d58-b2de-e8b6250f3520:192.168.69.67:37666], old=null
 0.00% |?                                                                                                    |  0/1 Time: 0:04:072019-10-18 08:19:59,175 [grpc-default-executor-3] INFO  impl.RaftServerImpl (RaftServerImpl.java:setRole(184)) - 1bc296c6-def6-4ae4-8c62-5b4c951a28f1@group-5EC277DF3249: changes role from  FOLLOWER to FOLLOWER at term 77 for recognizeCandidate:47aecc56-7e95-480d-b89c-2c00d33b4782
2019-10-18 08:19:59,176 [grpc-default-executor-3] INFO  impl.RoleInfo (RoleInfo.java:shutdownFollowerState(121)) - 1bc296c6-def6-4ae4-8c62-5b4c951a28f1: shutdown FollowerState
2019-10-18 08:19:59,176 [grpc-default-executor-9] INFO  impl.RaftServerImpl (RaftServerImpl.java:setRole(184)) - bc0382cc-50e2-4d58-b2de-e8b6250f3520@group-5EC277DF3249: changes role from  FOLLOWER to FOLLOWER at term 77 for recognizeCandidate:47aecc56-7e95-480d-b89c-2c00d33b4782
2019-10-18 08:19:59,176 [grpc-default-executor-3] INFO  impl.RoleInfo (RoleInfo.java:updateAndGet(143)) - 1bc296c6-def6-4ae4-8c62-5b4c951a28f1: start FollowerState
2019-10-18 08:19:59,176 [Thread-1190] INFO  impl.FollowerState (FollowerState.java:run(117)) - 1bc296c6-def6-4ae4-8c62-5b4c951a28f1@group-5EC277DF3249-FollowerState was interrupted: java.lang.InterruptedException: sleep interrupted
2019-10-18 08:19:59,176 [grpc-default-executor-9] INFO  impl.RoleInfo (RoleInfo.java:shutdownFollowerState(121)) - bc0382cc-50e2-4d58-b2de-e8b6250f3520: shutdown FollowerState
2019-10-18 08:19:59,177 [grpc-default-executor-9] INFO  impl.RoleInfo (RoleInfo.java:updateAndGet(143)) - bc0382cc-50e2-4d58-b2de-e8b6250f3520: start FollowerState
2019-10-18 08:19:59,177 [Thread-1191] INFO  impl.FollowerState (FollowerState.java:run(117)) - bc0382cc-50e2-4d58-b2de-e8b6250f3520@group-5EC277DF3249-FollowerState was interrupted: java.lang.InterruptedException: sleep interrupted
2019-10-18 08:19:59,191 [47aecc56-7e95-480d-b89c-2c00d33b4782@group-5EC277DF3249-LeaderElection84] INFO  impl.LeaderElection (LeaderElection.java:logAndReturn(56)) - 47aecc56-7e95-480d-b89c-2c00d33b4782@group-5EC277DF3249-LeaderElection84: Election REJECTED; received 2 response(s) [47aecc56-7e95-480d-b89c-2c00d33b4782<-1bc296c6-def6-4ae4-8c62-5b4c951a28f1#0:FAIL-t77, 47aecc56-7e95-480d-b89c-2c00d33b4782<-bc0382cc-50e2-4d58-b2de-e8b6250f3520#0:FAIL-t77] and 0 exception(s); 47aecc56-7e95-480d-b89c-2c00d33b4782@group-5EC277DF3249:t77, leader=null, voted=47aecc56-7e95-480d-b89c-2c00d33b4782, raftlog=47aecc56-7e95-480d-b89c-2c00d33b4782@group-5EC277DF3249-SegmentedRaftLog:OPENED:c-1,f-1,i0, conf=-1: [47aecc56-7e95-480d-b89c-2c00d33b4782:192.168.69.67:34550, 1bc296c6-def6-4ae4-8c62-5b4c951a28f1:192.168.69.67:37222, bc0382cc-50e2-4d58-b2de-e8b6250f3520:192.168.69.67:37666], old=null
2019-10-18 08:19:59,192 [47aecc56-7e95-480d-b89c-2c00d33b4782@group-5EC277DF3249-LeaderElection84] INFO  impl.RaftServerImpl (RaftServerImpl.java:setRole(184)) - 47aecc56-7e95-480d-b89c-2c00d33b4782@group-5EC277DF3249: changes role from CANDIDATE to FOLLOWER at term 77 for DISCOVERED_A_NEW_TERM
2019-10-18 08:19:59,192 [47aecc56-7e95-480d-b89c-2c00d33b4782@group-5EC277DF3249-LeaderElection84] INFO  impl.RoleInfo (RoleInfo.java:shutdownLeaderElection(134)) - 47aecc56-7e95-480d-b89c-2c00d33b4782: shutdown LeaderElection
2019-10-18 08:19:59,192 [47aecc56-7e95-480d-b89c-2c00d33b4782@group-5EC277DF3249-LeaderElection84] INFO  impl.RoleInfo (RoleInfo.java:updateAndGet(143)) - 47aecc56-7e95-480d-b89c-2c00d33b4782: start FollowerState
2019-10-18 08:19:59,308 [Thread-1198] INFO  impl.FollowerState (FollowerState.java:run(108)) - 47aecc56-7e95-480d-b89c-2c00d33b4782@group-5EC277DF3249-FollowerState: change to CANDIDATE, lastRpcTime:116ms, electionTimeout:116ms
2019-10-18 08:19:59,309 [Thread-1198] INFO  impl.RoleInfo (RoleInfo.java:shutdownFollowerState(121)) - 47aecc56-7e95-480d-b89c-2c00d33b4782: shutdown FollowerState
2019-10-18 08:19:59,309 [Thread-1198] INFO  impl.RaftServerImpl (RaftServerImpl.java:setRole(184)) - 47aecc56-7e95-480d-b89c-2c00d33b4782@group-5EC277DF3249: changes role from  FOLLOWER to CANDIDATE at term 77 for changeToCandidate
2019-10-18 08:19:59,309 [Thread-1198] INFO  impl.RoleInfo (RoleInfo.java:updateAndGet(143)) - 47aecc56-7e95-480d-b89c-2c00d33b4782: start LeaderElection
2019-10-18 08:19:59,323 [47aecc56-7e95-480d-b89c-2c00d33b4782@group-5EC277DF3249-LeaderElection85] INFO  impl.LeaderElection (LeaderElection.java:askForVotes(178)) - 47aecc56-7e95-480d-b89c-2c00d33b4782@group-5EC277DF3249-LeaderElection85: begin an election at term 78 for -1: [47aecc56-7e95-480d-b89c-2c00d33b4782:192.168.69.67:34550, 1bc296c6-def6-4ae4-8c62-5b4c951a28f1:192.168.69.67:37222, bc0382cc-50e2-4d58-b2de-e8b6250f3520:192.168.69.67:37666], old=null
2019-10-18 08:19:59,326 [grpc-default-executor-9] INFO  impl.RaftServerImpl (RaftServerImpl.java:setRole(184)) - bc0382cc-50e2-4d58-b2de-e8b6250f3520@group-5EC277DF3249: changes role from  FOLLOWER to FOLLOWER at term 78 for recognizeCandidate:47aecc56-7e95-480d-b89c-2c00d33b4782
2019-10-18 08:19:59,326 [grpc-default-executor-3] INFO  impl.RaftServerImpl (RaftServerImpl.java:setRole(184)) - 1bc296c6-def6-4ae4-8c62-5b4c951a28f1@group-5EC277DF3249: changes role from  FOLLOWER to FOLLOWER at term 78 for recognizeCandidate:47aecc56-7e95-480d-b89c-2c00d33b4782
2019-10-18 08:19:59,326 [grpc-default-executor-9] INFO  impl.RoleInfo (RoleInfo.java:shutdownFollowerState(121)) - bc0382cc-50e2-4d58-b2de-e8b6250f3520: shutdown FollowerState
2019-10-18 08:19:59,326 [grpc-default-executor-3] INFO  impl.RoleInfo (RoleInfo.java:shutdownFollowerState(121)) - 1bc296c6-def6-4ae4-8c62-5b4c951a28f1: shutdown FollowerState
2019-10-18 08:19:59,326 [grpc-default-executor-9] INFO  impl.RoleInfo (RoleInfo.java:updateAndGet(143)) - bc0382cc-50e2-4d58-b2de-e8b6250f3520: start FollowerState
2019-10-18 08:19:59,326 [Thread-1196] INFO  impl.FollowerState (FollowerState.java:run(117)) - 1bc296c6-def6-4ae4-8c62-5b4c951a28f1@group-5EC277DF3249-FollowerState was interrupted: java.lang.InterruptedException: sleep interrupted
2019-10-18 08:19:59,326 [grpc-default-executor-3] INFO  impl.RoleInfo (RoleInfo.java:updateAndGet(143)) - 1bc296c6-def6-4ae4-8c62-5b4c951a28f1: start FollowerState
2019-10-18 08:19:59,326 [Thread-1197] INFO  impl.FollowerState (FollowerState.java:run(117)) - bc0382cc-50e2-4d58-b2de-e8b6250f3520@group-5EC277DF3249-FollowerState was interrupted: java.lang.InterruptedException: sleep interrupted
2019-10-18 08:19:59,342 [47aecc56-7e95-480d-b89c-2c00d33b4782@group-5EC277DF3249-LeaderElection85] INFO  impl.LeaderElection (LeaderElection.java:logAndReturn(56)) - 47aecc56-7e95-480d-b89c-2c00d33b4782@group-5EC277DF3249-LeaderElection85: Election REJECTED; received 2 response(s) [47aecc56-7e95-480d-b89c-2c00d33b4782<-1bc296c6-def6-4ae4-8c62-5b4c951a28f1#0:FAIL-t78, 47aecc56-7e95-480d-b89c-2c00d33b4782<-bc0382cc-50e2-4d58-b2de-e8b6250f3520#0:FAIL-t78] and 0 exception(s); 47aecc56-7e95-480d-b89c-2c00d33b4782@group-5EC277DF3249:t78, leader=null, voted=47aecc56-7e95-480d-b89c-2c00d33b4782, raftlog=47aecc56-7e95-480d-b89c-2c00d33b4782@group-5EC277DF3249-SegmentedRaftLog:OPENED:c-1,f-1,i0, conf=-1: [47aecc56-7e95-480d-b89c-2c00d33b4782:192.168.69.67:34550, 1bc296c6-def6-4ae4-8c62-5b4c951a28f1:192.168.69.67:37222, bc0382cc-50e2-4d58-b2de-e8b6250f3520:192.168.69.67:37666], old=null
2019-10-18 08:19:59,342 [47aecc56-7e95-480d-b89c-2c00d33b4782@group-5EC277DF3249-LeaderElection85] INFO  impl.RaftServerImpl (RaftServerImpl.java:setRole(184)) - 47aecc56-7e95-480d-b89c-2c00d33b4782@group-5EC277DF3249: changes role from CANDIDATE to FOLLOWER at term 78 for DISCOVERED_A_NEW_TERM
2019-10-18 08:19:59,342 [47aecc56-7e95-480d-b89c-2c00d33b4782@group-5EC277DF3249-LeaderElection85] INFO  impl.RoleInfo (RoleInfo.java:shutdownLeaderElection(134)) - 47aecc56-7e95-480d-b89c-2c00d33b4782: shutdown LeaderElection
2019-10-18 08:19:59,342 [47aecc56-7e95-480d-b89c-2c00d33b4782@group-5EC277DF3249-LeaderElection85] INFO  impl.RoleInfo (RoleInfo.java:updateAndGet(143)) - 47aecc56-7e95-480d-b89c-2c00d33b4782: start FollowerState
2019-10-18 08:19:59,452 [Thread-1204] INFO  impl.FollowerState (FollowerState.java:run(108)) - 47aecc56-7e95-480d-b89c-2c00d33b4782@group-5EC277DF3249-FollowerState: change to CANDIDATE, lastRpcTime:110ms, electionTimeout:110ms
2019-10-18 08:19:59,453 [Thread-1204] INFO  impl.RoleInfo (RoleInfo.java:shutdownFollowerState(121)) - 47aecc56-7e95-480d-b89c-2c00d33b4782: shutdown FollowerState
2019-10-18 08:19:59,453 [Thread-1204] INFO  impl.RaftServerImpl (RaftServerImpl.java:setRole(184)) - 47aecc56-7e95-480d-b89c-2c00d33b4782@group-5EC277DF3249: changes role from  FOLLOWER to CANDIDATE at term 78 for changeToCandidate
2019-10-18 08:19:59,453 [Thread-1204] INFO  impl.RoleInfo (RoleInfo.java:updateAndGet(143)) - 47aecc56-7e95-480d-b89c-2c00d33b4782: start LeaderElection
2019-10-18 08:19:59,468 [47aecc56-7e95-480d-b89c-2c00d33b4782@group-5EC277DF3249-LeaderElection86] INFO  impl.LeaderElection (LeaderElection.java:askForVotes(178)) - 47aecc56-7e95-480d-b89c-2c00d33b4782@group-5EC277DF3249-LeaderElection86: begin an election at term 79 for -1: [47aecc56-7e95-480d-b89c-2c00d33b4782:192.168.69.67:34550, 1bc296c6-def6-4ae4-8c62-5b4c951a28f1:192.168.69.67:37222, bc0382cc-50e2-4d58-b2de-e8b6250f3520:192.168.69.67:37666], old=null
2019-10-18 08:19:59,470 [grpc-default-executor-3] INFO  impl.RaftServerImpl (RaftServerImpl.java:setRole(184)) - 1bc296c6-def6-4ae4-8c62-5b4c951a28f1@group-5EC277DF3249: changes role from  FOLLOWER to FOLLOWER at term 79 for recognizeCandidate:47aecc56-7e95-480d-b89c-2c00d33b4782
2019-10-18 08:19:59,471 [grpc-default-executor-3] INFO  impl.RoleInfo (RoleInfo.java:shutdownFollowerState(121)) - 1bc296c6-def6-4ae4-8c62-5b4c951a28f1: shutdown FollowerState
2019-10-18 08:19:59,471 [grpc-default-executor-9] INFO  impl.RaftServerImpl (RaftServerImpl.java:setRole(184)) - bc0382cc-50e2-4d58-b2de-e8b6250f3520@group-5EC277DF3249: changes role from  FOLLOWER to FOLLOWER at term 79 for recognizeCandidate:47aecc56-7e95-480d-b89c-2c00d33b4782
2019-10-18 08:19:59,471 [Thread-1203] INFO  impl.FollowerState (FollowerState.java:run(117)) - 1bc296c6-def6-4ae4-8c62-5b4c951a28f1@group-5EC277DF3249-FollowerState was interrupted: java.lang.InterruptedException: sleep interrupted
2019-10-18 08:19:59,471 [grpc-default-executor-3] INFO  impl.RoleInfo (RoleInfo.java:updateAndGet(143)) - 1bc296c6-def6-4ae4-8c62-5b4c951a28f1: start FollowerState
2019-10-18 08:19:59,471 [grpc-default-executor-9] INFO  impl.RoleInfo (RoleInfo.java:shutdownFollowerState(121)) - bc0382cc-50e2-4d58-b2de-e8b6250f3520: shutdown FollowerState
2019-10-18 08:19:59,472 [grpc-default-executor-9] INFO  impl.RoleInfo (RoleInfo.java:updateAndGet(143)) - bc0382cc-50e2-4d58-b2de-e8b6250f3520: start FollowerState
2019-10-18 08:19:59,472 [Thread-1202] INFO  impl.FollowerState (FollowerState.java:run(117)) - bc0382cc-50e2-4d58-b2de-e8b6250f3520@group-5EC277DF3249-FollowerState was interrupted: java.lang.InterruptedException: sleep interrupted
2019-10-18 08:19:59,487 [47aecc56-7e95-480d-b89c-2c00d33b4782@group-5EC277DF3249-LeaderElection86] INFO  impl.LeaderElection (LeaderElection.java:logAndReturn(56)) - 47aecc56-7e95-480d-b89c-2c00d33b4782@group-5EC277DF3249-LeaderElection86: Election REJECTED; received 2 response(s) [47aecc56-7e95-480d-b89c-2c00d33b4782<-1bc296c6-def6-4ae4-8c62-5b4c951a28f1#0:FAIL-t79, 47aecc56-7e95-480d-b89c-2c00d33b4782<-bc0382cc-50e2-4d58-b2de-e8b6250f3520#0:FAIL-t79] and 0 exception(s); 47aecc56-7e95-480d-b89c-2c00d33b4782@group-5EC277DF3249:t79, leader=null, voted=47aecc56-7e95-480d-b89c-2c00d33b4782, raftlog=47aecc56-7e95-480d-b89c-2c00d33b4782@group-5EC277DF3249-SegmentedRaftLog:OPENED:c-1,f-1,i0, conf=-1: [47aecc56-7e95-480d-b89c-2c00d33b4782:192.168.69.67:34550, 1bc296c6-def6-4ae4-8c62-5b4c951a28f1:192.168.69.67:37222, bc0382cc-50e2-4d58-b2de-e8b6250f3520:192.168.69.67:37666], old=null
2019-10-18 08:19:59,487 [47aecc56-7e95-480d-b89c-2c00d33b4782@group-5EC277DF3249-LeaderElection86] INFO  impl.RaftServerImpl (RaftServerImpl.java:setRole(184)) - 47aecc56-7e95-480d-b89c-2c00d33b4782@group-5EC277DF3249: changes role from CANDIDATE to FOLLOWER at term 79 for DISCOVERED_A_NEW_TERM
2019-10-18 08:19:59,487 [47aecc56-7e95-480d-b89c-2c00d33b4782@group-5EC277DF3249-LeaderElection86] INFO  impl.RoleInfo (RoleInfo.java:shutdownLeaderElection(134)) - 47aecc56-7e95-480d-b89c-2c00d33b4782: shutdown LeaderElection
2019-10-18 08:19:59,487 [47aecc56-7e95-480d-b89c-2c00d33b4782@group-5EC277DF3249-LeaderElection86] INFO  impl.RoleInfo (RoleInfo.java:updateAndGet(143)) - 47aecc56-7e95-480d-b89c-2c00d33b4782: start FollowerState
2019-10-18 08:19:59,584 [Thread-1210] INFO  impl.FollowerState (FollowerState.java:run(108)) - 47aecc56-7e95-480d-b89c-2c00d33b4782@group-5EC277DF3249-FollowerState: change to CANDIDATE, lastRpcTime:97ms, electionTimeout:97ms
2019-10-18 08:19:59,584 [Thread-1210] INFO  impl.RoleInfo (RoleInfo.java:shutdownFollowerState(121)) - 47aecc56-7e95-480d-b89c-2c00d33b4782: shutdown FollowerState
2019-10-18 08:19:59,585 [Thread-1210] INFO  impl.RaftServerImpl (RaftServerImpl.java:setRole(184)) - 47aecc56-7e95-480d-b89c-2c00d33b4782@group-5EC277DF3249: changes role from  FOLLOWER to CANDIDATE at term 79 for changeToCandidate
2019-10-18 08:19:59,585 [Thread-1210] INFO  impl.RoleInfo (RoleInfo.java:updateAndGet(143)) - 47aecc56-7e95-480d-b89c-2c00d33b4782: start LeaderElection
2019-10-18 08:19:59,598 [47aecc56-7e95-480d-b89c-2c00d33b4782@group-5EC277DF3249-LeaderElection87] INFO  impl.LeaderElection (LeaderElection.java:askForVotes(178)) - 47aecc56-7e95-480d-b89c-2c00d33b4782@group-5EC277DF3249-LeaderElection87: begin an election at term 80 for -1: [47aecc56-7e95-480d-b89c-2c00d33b4782:192.168.69.67:34550, 1bc296c6-def6-4ae4-8c62-5b4c951a28f1:192.168.69.67:37222, bc0382cc-50e2-4d58-b2de-e8b6250f3520:192.168.69.67:37666], old=null
2019-10-18 08:19:59,600 [grpc-default-executor-9] INFO  impl.RaftServerImpl (RaftServerImpl.java:setRole(184)) - 1bc296c6-def6-4ae4-8c62-5b4c951a28f1@group-5EC277DF3249: changes role from  FOLLOWER to FOLLOWER at term 80 for recognizeCandidate:47aecc56-7e95-480d-b89c-2c00d33b4782
2019-10-18 08:19:59,601 [grpc-default-executor-9] INFO  impl.RoleInfo (RoleInfo.java:shutdownFollowerState(121)) - 1bc296c6-def6-4ae4-8c62-5b4c951a28f1: shutdown FollowerState
2019-10-18 08:19:59,601 [grpc-default-executor-3] INFO  impl.RaftServerImpl (RaftServerImpl.java:setRole(184)) - bc0382cc-50e2-4d58-b2de-e8b6250f3520@group-5EC277DF3249: changes role from  FOLLOWER to FOLLOWER at term 80 for recognizeCandidate:47aecc56-7e95-480d-b89c-2c00d33b4782
2019-10-18 08:19:59,601 [Thread-1208] INFO  impl.FollowerState (FollowerState.java:run(117)) - 1bc296c6-def6-4ae4-8c62-5b4c951a28f1@group-5EC277DF3249-FollowerState was interrupted: java.lang.InterruptedException: sleep interrupted
2019-10-18 08:19:59,601 [grpc-default-executor-9] INFO  impl.RoleInfo (RoleInfo.java:updateAndGet(143)) - 1bc296c6-def6-4ae4-8c62-5b4c951a28f1: start FollowerState
2019-10-18 08:19:59,601 [grpc-default-executor-3] INFO  impl.RoleInfo (RoleInfo.java:shutdownFollowerState(121)) - bc0382cc-50e2-4d58-b2de-e8b6250f3520: shutdown FollowerState
2019-10-18 08:19:59,602 [grpc-default-executor-3] INFO  impl.RoleInfo (RoleInfo.java:updateAndGet(143)) - bc0382cc-50e2-4d58-b2de-e8b6250f3520: start FollowerState
2019-10-18 08:19:59,602 [Thread-1209] INFO  impl.FollowerState (FollowerState.java:run(117)) - bc0382cc-50e2-4d58-b2de-e8b6250f3520@group-5EC277DF3249-FollowerState was interrupted: java.lang.InterruptedException: sleep interrupted
2019-10-18 08:19:59,638 [47aecc56-7e95-480d-b89c-2c00d33b4782@group-5EC277DF3249-LeaderElection87] INFO  impl.LeaderElection (LeaderElection.java:logAndReturn(56)) - 47aecc56-7e95-480d-b89c-2c00d33b4782@group-5EC277DF3249-LeaderElection87: Election REJECTED; received 2 response(s) [47aecc56-7e95-480d-b89c-2c00d33b4782<-1bc296c6-def6-4ae4-8c62-5b4c951a28f1#0:FAIL-t80, 47aecc56-7e95-480d-b89c-2c00d33b4782<-bc0382cc-50e2-4d58-b2de-e8b6250f3520#0:FAIL-t80] and 0 exception(s); 47aecc56-7e95-480d-b89c-2c00d33b4782@group-5EC277DF3249:t80, leader=null, voted=47aecc56-7e95-480d-b89c-2c00d33b4782, raftlog=47aecc56-7e95-480d-b89c-2c00d33b4782@group-5EC277DF3249-SegmentedRaftLog:OPENED:c-1,f-1,i0, conf=-1: [47aecc56-7e95-480d-b89c-2c00d33b4782:192.168.69.67:34550, 1bc296c6-def6-4ae4-8c62-5b4c951a28f1:192.168.69.67:37222, bc0382cc-50e2-4d58-b2de-e8b6250f3520:192.168.69.67:37666], old=null
2019-10-18 08:19:59,638 [47aecc56-7e95-480d-b89c-2c00d33b4782@group-5EC277DF3249-LeaderElection87] INFO  impl.RaftServerImpl (RaftServerImpl.java:setRole(184)) - 47aecc56-7e95-480d-b89c-2c00d33b4782@group-5EC277DF3249: changes role from CANDIDATE to FOLLOWER at term 80 for DISCOVERED_A_NEW_TERM
2019-10-18 08:19:59,638 [47aecc56-7e95-480d-b89c-2c00d33b4782@group-5EC277DF3249-LeaderElection87] INFO  impl.RoleInfo (RoleInfo.java:shutdownLeaderElection(134)) - 47aecc56-7e95-480d-b89c-2c00d33b4782: shutdown LeaderElection
2019-10-18 08:19:59,639 [47aecc56-7e95-480d-b89c-2c00d33b4782@group-5EC277DF3249-LeaderElection87] INFO  impl.RoleInfo (RoleInfo.java:updateAndGet(143)) - 47aecc56-7e95-480d-b89c-2c00d33b4782: start FollowerState
2019-10-18 08:19:59,795 [Thread-1216] INFO  impl.FollowerState (FollowerState.java:run(108)) - 47aecc56-7e95-480d-b89c-2c00d33b4782@group-5EC277DF3249-FollowerState: change to CANDIDATE, lastRpcTime:156ms, electionTimeout:156ms
2019-10-18 08:19:59,795 [Thread-1216] INFO  impl.RoleInfo (RoleInfo.java:shutdownFollowerState(121)) - 47aecc56-7e95-480d-b89c-2c00d33b4782: shutdown FollowerState
2019-10-18 08:19:59,796 [Thread-1216] INFO  impl.RaftServerImpl (RaftServerImpl.java:setRole(184)) - 47aecc56-7e95-480d-b89c-2c00d33b4782@group-5EC277DF3249: changes role from  FOLLOWER to CANDIDATE at term 80 for changeToCandidate
2019-10-18 08:19:59,796 [Thread-1216] INFO  impl.RoleInfo (RoleInfo.java:updateAndGet(143)) - 47aecc56-7e95-480d-b89c-2c00d33b4782: start LeaderElection
2019-10-18 08:19:59,821 [47aecc56-7e95-480d-b89c-2c00d33b4782@group-5EC277DF3249-LeaderElection88] INFO  impl.LeaderElection (LeaderElection.java:askForVotes(178)) - 47aecc56-7e95-480d-b89c-2c00d33b4782@group-5EC277DF3249-LeaderElection88: begin an election at term 81 for -1: [47aecc56-7e95-480d-b89c-2c00d33b4782:192.168.69.67:34550, 1bc296c6-def6-4ae4-8c62-5b4c951a28f1:192.168.69.67:37222, bc0382cc-50e2-4d58-b2de-e8b6250f3520:192.168.69.67:37666], old=null
2019-10-18 08:19:59,824 [grpc-default-executor-9] INFO  impl.RaftServerImpl (RaftServerImpl.java:setRole(184)) - 1bc296c6-def6-4ae4-8c62-5b4c951a28f1@group-5EC277DF3249: changes role from  FOLLOWER to FOLLOWER at term 81 for recognizeCandidate:47aecc56-7e95-480d-b89c-2c00d33b4782
2019-10-18 08:19:59,824 [grpc-default-executor-9] INFO  impl.RoleInfo (RoleInfo.java:shutdownFollowerState(121)) - 1bc296c6-def6-4ae4-8c62-5b4c951a28f1: shutdown FollowerState
2019-10-18 08:19:59,824 [grpc-default-executor-9] INFO  impl.RoleInfo (RoleInfo.java:updateAndGet(143)) - 1bc296c6-def6-4ae4-8c62-5b4c951a28f1: start FollowerState
2019-10-18 08:19:59,824 [Thread-1214] INFO  impl.FollowerState (FollowerState.java:run(117)) - 1bc296c6-def6-4ae4-8c62-5b4c951a28f1@group-5EC277DF3249-FollowerState was interrupted: java.lang.InterruptedException: sleep interrupted
2019-10-18 08:19:59,824 [grpc-default-executor-3] INFO  impl.RaftServerImpl (RaftServerImpl.java:setRole(184)) - bc0382cc-50e2-4d58-b2de-e8b6250f3520@group-5EC277DF3249: changes role from  FOLLOWER to FOLLOWER at term 81 for recognizeCandidate:47aecc56-7e95-480d-b89c-2c00d33b4782
2019-10-18 08:19:59,824 [grpc-default-executor-3] INFO  impl.RoleInfo (RoleInfo.java:shutdownFollowerState(121)) - bc0382cc-50e2-4d58-b2de-e8b6250f3520: shutdown FollowerState
2019-10-18 08:19:59,825 [grpc-default-executor-3] INFO  impl.RoleInfo (RoleInfo.java:updateAndGet(143)) - bc0382cc-50e2-4d58-b2de-e8b6250f3520: start FollowerState
2019-10-18 08:19:59,825 [Thread-1215] INFO  impl.FollowerState (FollowerState.java:run(117)) - bc0382cc-50e2-4d58-b2de-e8b6250f3520@group-5EC277DF3249-FollowerState was interrupted: java.lang.InterruptedException: sleep interrupted
2019-10-18 08:19:59,839 [47aecc56-7e95-480d-b89c-2c00d33b4782@group-5EC277DF3249-LeaderElection88] INFO  impl.LeaderElection (LeaderElection.java:logAndReturn(56)) - 47aecc56-7e95-480d-b89c-2c00d33b4782@group-5EC277DF3249-LeaderElection88: Election REJECTED; received 2 response(s) [47aecc56-7e95-480d-b89c-2c00d33b4782<-1bc296c6-def6-4ae4-8c62-5b4c951a28f1#0:FAIL-t81, 47aecc56-7e95-480d-b89c-2c00d33b4782<-bc0382cc-50e2-4d58-b2de-e8b6250f3520#0:FAIL-t81] and 0 exception(s); 47aecc56-7e95-480d-b89c-2c00d33b4782@group-5EC277DF3249:t81, leader=null, voted=47aecc56-7e95-480d-b89c-2c00d33b4782, raftlog=47aecc56-7e95-480d-b89c-2c00d33b4782@group-5EC277DF3249-SegmentedRaftLog:OPENED:c-1,f-1,i0, conf=-1: [47aecc56-7e95-480d-b89c-2c00d33b4782:192.168.69.67:34550, 1bc296c6-def6-4ae4-8c62-5b4c951a28f1:192.168.69.67:37222, bc0382cc-50e2-4d58-b2de-e8b6250f3520:192.168.69.67:37666], old=null
2019-10-18 08:19:59,839 [47aecc56-7e95-480d-b89c-2c00d33b4782@group-5EC277DF3249-LeaderElection88] INFO  impl.RaftServerImpl (RaftServerImpl.java:setRole(184)) - 47aecc56-7e95-480d-b89c-2c00d33b4782@group-5EC277DF3249: changes role from CANDIDATE to FOLLOWER at term 81 for DISCOVERED_A_NEW_TERM
2019-10-18 08:19:59,839 [47aecc56-7e95-480d-b89c-2c00d33b4782@group-5EC277DF3249-LeaderElection88] INFO  impl.RoleInfo (RoleInfo.java:shutdownLeaderElection(134)) - 47aecc56-7e95-480d-b89c-2c00d33b4782: shutdown LeaderElection
2019-10-18 08:19:59,839 [47aecc56-7e95-480d-b89c-2c00d33b4782@group-5EC277DF3249-LeaderElection88] INFO  impl.RoleInfo (RoleInfo.java:updateAndGet(143)) - 47aecc56-7e95-480d-b89c-2c00d33b4782: start FollowerState
2019-10-18 08:20:00,018 [Thread-1222] INFO  impl.FollowerState (FollowerState.java:run(108)) - 47aecc56-7e95-480d-b89c-2c00d33b4782@group-5EC277DF3249-FollowerState: change to CANDIDATE, lastRpcTime:178ms, electionTimeout:178ms
2019-10-18 08:20:00,018 [Thread-1222] INFO  impl.RoleInfo (RoleInfo.java:shutdownFollowerState(121)) - 47aecc56-7e95-480d-b89c-2c00d33b4782: shutdown FollowerState
2019-10-18 08:20:00,018 [Thread-1222] INFO  impl.RaftServerImpl (RaftServerImpl.java:setRole(184)) - 47aecc56-7e95-480d-b89c-2c00d33b4782@group-5EC277DF3249: changes role from  FOLLOWER to CANDIDATE at term 81 for changeToCandidate
2019-10-18 08:20:00,018 [Thread-1222] INFO  impl.RoleInfo (RoleInfo.java:updateAndGet(143)) - 47aecc56-7e95-480d-b89c-2c00d33b4782: start LeaderElection
2019-10-18 08:20:00,032 [47aecc56-7e95-480d-b89c-2c00d33b4782@group-5EC277DF3249-LeaderElection89] INFO  impl.LeaderElection (LeaderElection.java:askForVotes(178)) - 47aecc56-7e95-480d-b89c-2c00d33b4782@group-5EC277DF3249-LeaderElection89: begin an election at term 82 for -1: [47aecc56-7e95-480d-b89c-2c00d33b4782:192.168.69.67:34550, 1bc296c6-def6-4ae4-8c62-5b4c951a28f1:192.168.69.67:37222, bc0382cc-50e2-4d58-b2de-e8b6250f3520:192.168.69.67:37666], old=null
2019-10-18 08:20:00,035 [grpc-default-executor-3] INFO  impl.RaftServerImpl (RaftServerImpl.java:setRole(184)) - 1bc296c6-def6-4ae4-8c62-5b4c951a28f1@group-5EC277DF3249: changes role from  FOLLOWER to FOLLOWER at term 82 for recognizeCandidate:47aecc56-7e95-480d-b89c-2c00d33b4782
2019-10-18 08:20:00,035 [grpc-default-executor-3] INFO  impl.RoleInfo (RoleInfo.java:shutdownFollowerState(121)) - 1bc296c6-def6-4ae4-8c62-5b4c951a28f1: shutdown FollowerState
2019-10-18 08:20:00,035 [grpc-default-executor-3] INFO  impl.RoleInfo (RoleInfo.java:updateAndGet(143)) - 1bc296c6-def6-4ae4-8c62-5b4c951a28f1: start FollowerState
2019-10-18 08:20:00,036 [Thread-1220] INFO  impl.FollowerState (FollowerState.java:run(117)) - 1bc296c6-def6-4ae4-8c62-5b4c951a28f1@group-5EC277DF3249-FollowerState was interrupted: java.lang.InterruptedException: sleep interrupted
2019-10-18 08:20:00,036 [grpc-default-executor-9] INFO  impl.RaftServerImpl (RaftServerImpl.java:setRole(184)) - bc0382cc-50e2-4d58-b2de-e8b6250f3520@group-5EC277DF3249: changes role from  FOLLOWER to FOLLOWER at term 82 for recognizeCandidate:47aecc56-7e95-480d-b89c-2c00d33b4782
2019-10-18 08:20:00,036 [grpc-default-executor-9] INFO  impl.RoleInfo (RoleInfo.java:shutdownFollowerState(121)) - bc0382cc-50e2-4d58-b2de-e8b6250f3520: shutdown FollowerState
2019-10-18 08:20:00,036 [grpc-default-executor-9] INFO  impl.RoleInfo (RoleInfo.java:updateAndGet(143)) - bc0382cc-50e2-4d58-b2de-e8b6250f3520: start FollowerState
2019-10-18 08:20:00,036 [Thread-1221] INFO  impl.FollowerState (FollowerState.java:run(117)) - bc0382cc-50e2-4d58-b2de-e8b6250f3520@group-5EC277DF3249-FollowerState was interrupted: java.lang.InterruptedException: sleep interrupted
2019-10-18 08:20:00,051 [47aecc56-7e95-480d-b89c-2c00d33b4782@group-5EC277DF3249-LeaderElection89] INFO  impl.LeaderElection (LeaderElection.java:logAndReturn(56)) - 47aecc56-7e95-480d-b89c-2c00d33b4782@group-5EC277DF3249-LeaderElection89: Election REJECTED; received 2 response(s) [47aecc56-7e95-480d-b89c-2c00d33b4782<-1bc296c6-def6-4ae4-8c62-5b4c951a28f1#0:FAIL-t82, 47aecc56-7e95-480d-b89c-2c00d33b4782<-bc0382cc-50e2-4d58-b2de-e8b6250f3520#0:FAIL-t82] and 0 exception(s); 47aecc56-7e95-480d-b89c-2c00d33b4782@group-5EC277DF3249:t82, leader=null, voted=47aecc56-7e95-480d-b89c-2c00d33b4782, raftlog=47aecc56-7e95-480d-b89c-2c00d33b4782@group-5EC277DF3249-SegmentedRaftLog:OPENED:c-1,f-1,i0, conf=-1: [47aecc56-7e95-480d-b89c-2c00d33b4782:192.168.69.67:34550, 1bc296c6-def6-4ae4-8c62-5b4c951a28f1:192.168.69.67:37222, bc0382cc-50e2-4d58-b2de-e8b6250f3520:192.168.69.67:37666], old=null
2019-10-18 08:20:00,051 [47aecc56-7e95-480d-b89c-2c00d33b4782@group-5EC277DF3249-LeaderElection89] INFO  impl.RaftServerImpl (RaftServerImpl.java:setRole(184)) - 47aecc56-7e95-480d-b89c-2c00d33b4782@group-5EC277DF3249: changes role from CANDIDATE to FOLLOWER at term 82 for DISCOVERED_A_NEW_TERM
2019-10-18 08:20:00,051 [47aecc56-7e95-480d-b89c-2c00d33b4782@group-5EC277DF3249-LeaderElection89] INFO  impl.RoleInfo (RoleInfo.java:shutdownLeaderElection(134)) - 47aecc56-7e95-480d-b89c-2c00d33b4782: shutdown LeaderElection
2019-10-18 08:20:00,051 [47aecc56-7e95-480d-b89c-2c00d33b4782@group-5EC277DF3249-LeaderElection89] INFO  impl.RoleInfo (RoleInfo.java:updateAndGet(143)) - 47aecc56-7e95-480d-b89c-2c00d33b4782: start FollowerState
2019-10-18 08:20:00,074 [Thread-1228] INFO  impl.FollowerState (FollowerState.java:run(108)) - 47aecc56-7e95-480d-b89c-2c00d33b4782@group-5EC277DF3249-FollowerState: change to CANDIDATE, lastRpcTime:22ms, electionTimeout:22ms
2019-10-18 08:20:00,074 [Thread-1228] INFO  impl.RoleInfo (RoleInfo.java:shutdownFollowerState(121)) - 47aecc56-7e95-480d-b89c-2c00d33b4782: shutdown FollowerState
2019-10-18 08:20:00,074 [Thread-1228] INFO  impl.RaftServerImpl (RaftServerImpl.java:setRole(184)) - 47aecc56-7e95-480d-b89c-2c00d33b4782@group-5EC277DF3249: changes role from  FOLLOWER to CANDIDATE at term 82 for changeToCandidate
2019-10-18 08:20:00,074 [Thread-1228] INFO  impl.RoleInfo (RoleInfo.java:updateAndGet(143)) - 47aecc56-7e95-480d-b89c-2c00d33b4782: start LeaderElection
2019-10-18 08:20:00,088 [47aecc56-7e95-480d-b89c-2c00d33b4782@group-5EC277DF3249-LeaderElection90] INFO  impl.LeaderElection (LeaderElection.java:askForVotes(178)) - 47aecc56-7e95-480d-b89c-2c00d33b4782@group-5EC277DF3249-LeaderElection90: begin an election at term 83 for -1: [47aecc56-7e95-480d-b89c-2c00d33b4782:192.168.69.67:34550, 1bc296c6-def6-4ae4-8c62-5b4c951a28f1:192.168.69.67:37222, bc0382cc-50e2-4d58-b2de-e8b6250f3520:192.168.69.67:37666], old=null
2019-10-18 08:20:00,091 [grpc-default-executor-3] INFO  impl.RaftServerImpl (RaftServerImpl.java:setRole(184)) - 1bc296c6-def6-4ae4-8c62-5b4c951a28f1@group-5EC277DF3249: changes role from  FOLLOWER to FOLLOWER at term 83 for recognizeCandidate:47aecc56-7e95-480d-b89c-2c00d33b4782
2019-10-18 08:20:00,091 [grpc-default-executor-3] INFO  impl.RoleInfo (RoleInfo.java:shutdownFollowerState(121)) - 1bc296c6-def6-4ae4-8c62-5b4c951a28f1: shutdown FollowerState
2019-10-18 08:20:00,091 [grpc-default-executor-3] INFO  impl.RoleInfo (RoleInfo.java:updateAndGet(143)) - 1bc296c6-def6-4ae4-8c62-5b4c951a28f1: start FollowerState
2019-10-18 08:20:00,092 [Thread-1226] INFO  impl.FollowerState (FollowerState.java:run(117)) - 1bc296c6-def6-4ae4-8c62-5b4c951a28f1@group-5EC277DF3249-FollowerState was interrupted: java.lang.InterruptedException: sleep interrupted
2019-10-18 08:20:00,092 [grpc-default-executor-9] INFO  impl.RaftServerImpl (RaftServerImpl.java:setRole(184)) - bc0382cc-50e2-4d58-b2de-e8b6250f3520@group-5EC277DF3249: changes role from  FOLLOWER to FOLLOWER at term 83 for recognizeCandidate:47aecc56-7e95-480d-b89c-2c00d33b4782
2019-10-18 08:20:00,092 [grpc-default-executor-9] INFO  impl.RoleInfo (RoleInfo.java:shutdownFollowerState(121)) - bc0382cc-50e2-4d58-b2de-e8b6250f3520: shutdown FollowerState
2019-10-18 08:20:00,092 [grpc-default-executor-9] INFO  impl.RoleInfo (RoleInfo.java:updateAndGet(143)) - bc0382cc-50e2-4d58-b2de-e8b6250f3520: start FollowerState
2019-10-18 08:20:00,092 [Thread-1227] INFO  impl.FollowerState (FollowerState.java:run(117)) - bc0382cc-50e2-4d58-b2de-e8b6250f3520@group-5EC277DF3249-FollowerState was interrupted: java.lang.InterruptedException: sleep interrupted
2019-10-18 08:20:00,106 [47aecc56-7e95-480d-b89c-2c00d33b4782@group-5EC277DF3249-LeaderElection90] INFO  impl.LeaderElection (LeaderElection.java:logAndReturn(56)) - 47aecc56-7e95-480d-b89c-2c00d33b4782@group-5EC277DF3249-LeaderElection90: Election REJECTED; received 2 response(s) [47aecc56-7e95-480d-b89c-2c00d33b4782<-1bc296c6-def6-4ae4-8c62-5b4c951a28f1#0:FAIL-t83, 47aecc56-7e95-480d-b89c-2c00d33b4782<-bc0382cc-50e2-4d58-b2de-e8b6250f3520#0:FAIL-t83] and 0 exception(s); 47aecc56-7e95-480d-b89c-2c00d33b4782@group-5EC277DF3249:t83, leader=null, voted=47aecc56-7e95-480d-b89c-2c00d33b4782, raftlog=47aecc56-7e95-480d-b89c-2c00d33b4782@group-5EC277DF3249-SegmentedRaftLog:OPENED:c-1,f-1,i0, conf=-1: [47aecc56-7e95-480d-b89c-2c00d33b4782:192.168.69.67:34550, 1bc296c6-def6-4ae4-8c62-5b4c951a28f1:192.168.69.67:37222, bc0382cc-50e2-4d58-b2de-e8b6250f3520:192.168.69.67:37666], old=null
2019-10-18 08:20:00,106 [47aecc56-7e95-480d-b89c-2c00d33b4782@group-5EC277DF3249-LeaderElection90] INFO  impl.RaftServerImpl (RaftServerImpl.java:setRole(184)) - 47aecc56-7e95-480d-b89c-2c00d33b4782@group-5EC277DF3249: changes role from CANDIDATE to FOLLOWER at term 83 for DISCOVERED_A_NEW_TERM
2019-10-18 08:20:00,106 [47aecc56-7e95-480d-b89c-2c00d33b4782@group-5EC277DF3249-LeaderElection90] INFO  impl.RoleInfo (RoleInfo.java:shutdownLeaderElection(134)) - 47aecc56-7e95-480d-b89c-2c00d33b4782: shutdown LeaderElection
2019-10-18 08:20:00,106 [47aecc56-7e95-480d-b89c-2c00d33b4782@group-5EC277DF3249-LeaderElection90] INFO  impl.RoleInfo (RoleInfo.java:updateAndGet(143)) - 47aecc56-7e95-480d-b89c-2c00d33b4782: start FollowerState
2019-10-18 08:20:00,140 [Thread-1234] INFO  impl.FollowerState (FollowerState.java:run(108)) - 47aecc56-7e95-480d-b89c-2c00d33b4782@group-5EC277DF3249-FollowerState: change to CANDIDATE, lastRpcTime:33ms, electionTimeout:33ms
2019-10-18 08:20:00,140 [Thread-1234] INFO  impl.RoleInfo (RoleInfo.java:shutdownFollowerState(121)) - 47aecc56-7e95-480d-b89c-2c00d33b4782: shutdown FollowerState
2019-10-18 08:20:00,140 [Thread-1234] INFO  impl.RaftServerImpl (RaftServerImpl.java:setRole(184)) - 47aecc56-7e95-480d-b89c-2c00d33b4782@group-5EC277DF3249: changes role from  FOLLOWER to CANDIDATE at term 83 for changeToCandidate
2019-10-18 08:20:00,140 [Thread-1234] INFO  impl.RoleInfo (RoleInfo.java:updateAndGet(143)) - 47aecc56-7e95-480d-b89c-2c00d33b4782: start LeaderElection
2019-10-18 08:20:00,153 [47aecc56-7e95-480d-b89c-2c00d33b4782@group-5EC277DF3249-LeaderElection91] INFO  impl.LeaderElection (LeaderElection.java:askForVotes(178)) - 47aecc56-7e95-480d-b89c-2c00d33b4782@group-5EC277DF3249-LeaderElection91: begin an election at term 84 for -1: [47aecc56-7e95-480d-b89c-2c00d33b4782:192.168.69.67:34550, 1bc296c6-def6-4ae4-8c62-5b4c951a28f1:192.168.69.67:37222, bc0382cc-50e2-4d58-b2de-e8b6250f3520:192.168.69.67:37666], old=null
2019-10-18 08:20:00,155 [grpc-default-executor-3] INFO  impl.RaftServerImpl (RaftServerImpl.java:setRole(184)) - 1bc296c6-def6-4ae4-8c62-5b4c951a28f1@group-5EC277DF3249: changes role from  FOLLOWER to FOLLOWER at term 84 for recognizeCandidate:47aecc56-7e95-480d-b89c-2c00d33b4782
2019-10-18 08:20:00,155 [grpc-default-executor-9] INFO  impl.RaftServerImpl (RaftServerImpl.java:setRole(184)) - bc0382cc-50e2-4d58-b2de-e8b6250f3520@group-5EC277DF3249: changes role from  FOLLOWER to FOLLOWER at term 84 for recognizeCandidate:47aecc56-7e95-480d-b89c-2c00d33b4782
2019-10-18 08:20:00,155 [grpc-default-executor-3] INFO  impl.RoleInfo (RoleInfo.java:shutdownFollowerState(121)) - 1bc296c6-def6-4ae4-8c62-5b4c951a28f1: shutdown FollowerState
2019-10-18 08:20:00,155 [grpc-default-executor-9] INFO  impl.RoleInfo (RoleInfo.java:shutdownFollowerState(121)) - bc0382cc-50e2-4d58-b2de-e8b6250f3520: shutdown FollowerState
2019-10-18 08:20:00,156 [Thread-1232] INFO  impl.FollowerState (FollowerState.java:run(117)) - 1bc296c6-def6-4ae4-8c62-5b4c951a28f1@group-5EC277DF3249-FollowerState was interrupted: java.lang.InterruptedException: sleep interrupted
2019-10-18 08:20:00,156 [Thread-1233] INFO  impl.FollowerState (FollowerState.java:run(117)) - bc0382cc-50e2-4d58-b2de-e8b6250f3520@group-5EC277DF3249-FollowerState was interrupted: java.lang.InterruptedException: sleep interrupted
2019-10-18 08:20:00,156 [grpc-default-executor-3] INFO  impl.RoleInfo (RoleInfo.java:updateAndGet(143)) - 1bc296c6-def6-4ae4-8c62-5b4c951a28f1: start FollowerState
2019-10-18 08:20:00,156 [grpc-default-executor-9] INFO  impl.RoleInfo (RoleInfo.java:updateAndGet(143)) - bc0382cc-50e2-4d58-b2de-e8b6250f3520: start FollowerState
2019-10-18 08:20:00,170 [47aecc56-7e95-480d-b89c-2c00d33b4782@group-5EC277DF3249-LeaderElection91] INFO  impl.LeaderElection (LeaderElection.java:logAndReturn(56)) - 47aecc56-7e95-480d-b89c-2c00d33b4782@group-5EC277DF3249-LeaderElection91: Election REJECTED; received 2 response(s) [47aecc56-7e95-480d-b89c-2c00d33b4782<-1bc296c6-def6-4ae4-8c62-5b4c951a28f1#0:FAIL-t84, 47aecc56-7e95-480d-b89c-2c00d33b4782<-bc0382cc-50e2-4d58-b2de-e8b6250f3520#0:FAIL-t84] and 0 exception(s); 47aecc56-7e95-480d-b89c-2c00d33b4782@group-5EC277DF3249:t84, leader=null, voted=47aecc56-7e95-480d-b89c-2c00d33b4782, raftlog=47aecc56-7e95-480d-b89c-2c00d33b4782@group-5EC277DF3249-SegmentedRaftLog:OPENED:c-1,f-1,i0, conf=-1: [47aecc56-7e95-480d-b89c-2c00d33b4782:192.168.69.67:34550, 1bc296c6-def6-4ae4-8c62-5b4c951a28f1:192.168.69.67:37222, bc0382cc-50e2-4d58-b2de-e8b6250f3520:192.168.69.67:37666], old=null
2019-10-18 08:20:00,170 [47aecc56-7e95-480d-b89c-2c00d33b4782@group-5EC277DF3249-LeaderElection91] INFO  impl.RaftServerImpl (RaftServerImpl.java:setRole(184)) - 47aecc56-7e95-480d-b89c-2c00d33b4782@group-5EC277DF3249: changes role from CANDIDATE to FOLLOWER at term 84 for DISCOVERED_A_NEW_TERM
2019-10-18 08:20:00,170 [47aecc56-7e95-480d-b89c-2c00d33b4782@group-5EC277DF3249-LeaderElection91] INFO  impl.RoleInfo (RoleInfo.java:shutdownLeaderElection(134)) - 47aecc56-7e95-480d-b89c-2c00d33b4782: shutdown LeaderElection
2019-10-18 08:20:00,171 [47aecc56-7e95-480d-b89c-2c00d33b4782@group-5EC277DF3249-LeaderElection91] INFO  impl.RoleInfo (RoleInfo.java:updateAndGet(143)) - 47aecc56-7e95-480d-b89c-2c00d33b4782: start FollowerState
 0.00% |?                                                                                                    |  0/1 Time: 0:04:082019-10-18 08:20:00,358 [Thread-1240] INFO  impl.FollowerState (FollowerState.java:run(108)) - 47aecc56-7e95-480d-b89c-2c00d33b4782@group-5EC277DF3249-FollowerState: change to CANDIDATE, lastRpcTime:187ms, electionTimeout:187ms
2019-10-18 08:20:00,358 [Thread-1240] INFO  impl.RoleInfo (RoleInfo.java:shutdownFollowerState(121)) - 47aecc56-7e95-480d-b89c-2c00d33b4782: shutdown FollowerState
2019-10-18 08:20:00,358 [Thread-1240] INFO  impl.RaftServerImpl (RaftServerImpl.java:setRole(184)) - 47aecc56-7e95-480d-b89c-2c00d33b4782@group-5EC277DF3249: changes role from  FOLLOWER to CANDIDATE at term 84 for changeToCandidate
2019-10-18 08:20:00,359 [Thread-1240] INFO  impl.RoleInfo (RoleInfo.java:updateAndGet(143)) - 47aecc56-7e95-480d-b89c-2c00d33b4782: start LeaderElection
2019-10-18 08:20:00,393 [47aecc56-7e95-480d-b89c-2c00d33b4782@group-5EC277DF3249-LeaderElection92] INFO  impl.LeaderElection (LeaderElection.java:askForVotes(178)) - 47aecc56-7e95-480d-b89c-2c00d33b4782@group-5EC277DF3249-LeaderElection92: begin an election at term 85 for -1: [47aecc56-7e95-480d-b89c-2c00d33b4782:192.168.69.67:34550, 1bc296c6-def6-4ae4-8c62-5b4c951a28f1:192.168.69.67:37222, bc0382cc-50e2-4d58-b2de-e8b6250f3520:192.168.69.67:37666], old=null
2019-10-18 08:20:00,396 [grpc-default-executor-5] INFO  impl.RaftServerImpl (RaftServerImpl.java:setRole(184)) - 1bc296c6-def6-4ae4-8c62-5b4c951a28f1@group-5EC277DF3249: changes role from  FOLLOWER to FOLLOWER at term 85 for recognizeCandidate:47aecc56-7e95-480d-b89c-2c00d33b4782
2019-10-18 08:20:00,396 [grpc-default-executor-5] INFO  impl.RoleInfo (RoleInfo.java:shutdownFollowerState(121)) - 1bc296c6-def6-4ae4-8c62-5b4c951a28f1: shutdown FollowerState
2019-10-18 08:20:00,396 [grpc-default-executor-5] INFO  impl.RoleInfo (RoleInfo.java:updateAndGet(143)) - 1bc296c6-def6-4ae4-8c62-5b4c951a28f1: start FollowerState
2019-10-18 08:20:00,396 [Thread-1238] INFO  impl.FollowerState (FollowerState.java:run(117)) - 1bc296c6-def6-4ae4-8c62-5b4c951a28f1@group-5EC277DF3249-FollowerState was interrupted: java.lang.InterruptedException: sleep interrupted
2019-10-18 08:20:00,396 [grpc-default-executor-3] INFO  impl.RaftServerImpl (RaftServerImpl.java:setRole(184)) - bc0382cc-50e2-4d58-b2de-e8b6250f3520@group-5EC277DF3249: changes role from  FOLLOWER to FOLLOWER at term 85 for recognizeCandidate:47aecc56-7e95-480d-b89c-2c00d33b4782
2019-10-18 08:20:00,397 [grpc-default-executor-3] INFO  impl.RoleInfo (RoleInfo.java:shutdownFollowerState(121)) - bc0382cc-50e2-4d58-b2de-e8b6250f3520: shutdown FollowerState
2019-10-18 08:20:00,397 [grpc-default-executor-3] INFO  impl.RoleInfo (RoleInfo.java:updateAndGet(143)) - bc0382cc-50e2-4d58-b2de-e8b6250f3520: start FollowerState
2019-10-18 08:20:00,397 [Thread-1239] INFO  impl.FollowerState (FollowerState.java:run(117)) - bc0382cc-50e2-4d58-b2de-e8b6250f3520@group-5EC277DF3249-FollowerState was interrupted: java.lang.InterruptedException: sleep interrupted
2019-10-18 08:20:00,411 [47aecc56-7e95-480d-b89c-2c00d33b4782@group-5EC277DF3249-LeaderElection92] INFO  impl.LeaderElection (LeaderElection.java:logAndReturn(56)) - 47aecc56-7e95-480d-b89c-2c00d33b4782@group-5EC277DF3249-LeaderElection92: Election REJECTED; received 2 response(s) [47aecc56-7e95-480d-b89c-2c00d33b4782<-1bc296c6-def6-4ae4-8c62-5b4c951a28f1#0:FAIL-t85, 47aecc56-7e95-480d-b89c-2c00d33b4782<-bc0382cc-50e2-4d58-b2de-e8b6250f3520#0:FAIL-t85] and 0 exception(s); 47aecc56-7e95-480d-b89c-2c00d33b4782@group-5EC277DF3249:t85, leader=null, voted=47aecc56-7e95-480d-b89c-2c00d33b4782, raftlog=47aecc56-7e95-480d-b89c-2c00d33b4782@group-5EC277DF3249-SegmentedRaftLog:OPENED:c-1,f-1,i0, conf=-1: [47aecc56-7e95-480d-b89c-2c00d33b4782:192.168.69.67:34550, 1bc296c6-def6-4ae4-8c62-5b4c951a28f1:192.168.69.67:37222, bc0382cc-50e2-4d58-b2de-e8b6250f3520:192.168.69.67:37666], old=null
2019-10-18 08:20:00,412 [47aecc56-7e95-480d-b89c-2c00d33b4782@group-5EC277DF3249-LeaderElection92] INFO  impl.RaftServerImpl (RaftServerImpl.java:setRole(184)) - 47aecc56-7e95-480d-b89c-2c00d33b4782@group-5EC277DF3249: changes role from CANDIDATE to FOLLOWER at term 85 for DISCOVERED_A_NEW_TERM
2019-10-18 08:20:00,412 [47aecc56-7e95-480d-b89c-2c00d33b4782@group-5EC277DF3249-LeaderElection92] INFO  impl.RoleInfo (RoleInfo.java:shutdownLeaderElection(134)) - 47aecc56-7e95-480d-b89c-2c00d33b4782: shutdown LeaderElection
2019-10-18 08:20:00,412 [47aecc56-7e95-480d-b89c-2c00d33b4782@group-5EC277DF3249-LeaderElection92] INFO  impl.RoleInfo (RoleInfo.java:updateAndGet(143)) - 47aecc56-7e95-480d-b89c-2c00d33b4782: start FollowerState
2019-10-18 08:20:00,466 [Thread-1251] INFO  impl.FollowerState (FollowerState.java:run(108)) - 47aecc56-7e95-480d-b89c-2c00d33b4782@group-5EC277DF3249-FollowerState: change to CANDIDATE, lastRpcTime:54ms, electionTimeout:54ms
2019-10-18 08:20:00,466 [Thread-1251] INFO  impl.RoleInfo (RoleInfo.java:shutdownFollowerState(121)) - 47aecc56-7e95-480d-b89c-2c00d33b4782: shutdown FollowerState
2019-10-18 08:20:00,467 [Thread-1251] INFO  impl.RaftServerImpl (RaftServerImpl.java:setRole(184)) - 47aecc56-7e95-480d-b89c-2c00d33b4782@group-5EC277DF3249: changes role from  FOLLOWER to CANDIDATE at term 85 for changeToCandidate
2019-10-18 08:20:00,467 [Thread-1251] INFO  impl.RoleInfo (RoleInfo.java:updateAndGet(143)) - 47aecc56-7e95-480d-b89c-2c00d33b4782: start LeaderElection
2019-10-18 08:20:00,483 [47aecc56-7e95-480d-b89c-2c00d33b4782@group-5EC277DF3249-LeaderElection93] INFO  impl.LeaderElection (LeaderElection.java:askForVotes(178)) - 47aecc56-7e95-480d-b89c-2c00d33b4782@group-5EC277DF3249-LeaderElection93: begin an election at term 86 for -1: [47aecc56-7e95-480d-b89c-2c00d33b4782:192.168.69.67:34550, 1bc296c6-def6-4ae4-8c62-5b4c951a28f1:192.168.69.67:37222, bc0382cc-50e2-4d58-b2de-e8b6250f3520:192.168.69.67:37666], old=null
2019-10-18 08:20:00,484 [grpc-default-executor-3] INFO  impl.RaftServerImpl (RaftServerImpl.java:setRole(184)) - 1bc296c6-def6-4ae4-8c62-5b4c951a28f1@group-5EC277DF3249: changes role from  FOLLOWER to FOLLOWER at term 86 for recognizeCandidate:47aecc56-7e95-480d-b89c-2c00d33b4782
2019-10-18 08:20:00,485 [grpc-default-executor-3] INFO  impl.RoleInfo (RoleInfo.java:shutdownFollowerState(121)) - 1bc296c6-def6-4ae4-8c62-5b4c951a28f1: shutdown FollowerState
2019-10-18 08:20:00,485 [grpc-default-executor-5] INFO  impl.RaftServerImpl (RaftServerImpl.java:setRole(184)) - bc0382cc-50e2-4d58-b2de-e8b6250f3520@group-5EC277DF3249: changes role from  FOLLOWER to FOLLOWER at term 86 for recognizeCandidate:47aecc56-7e95-480d-b89c-2c00d33b4782
2019-10-18 08:20:00,485 [grpc-default-executor-5] INFO  impl.RoleInfo (RoleInfo.java:shutdownFollowerState(121)) - bc0382cc-50e2-4d58-b2de-e8b6250f3520: shutdown FollowerState
2019-10-18 08:20:00,485 [grpc-default-executor-3] INFO  impl.RoleInfo (RoleInfo.java:updateAndGet(143)) - 1bc296c6-def6-4ae4-8c62-5b4c951a28f1: start FollowerState
2019-10-18 08:20:00,485 [Thread-1250] INFO  impl.FollowerState (FollowerState.java:run(117)) - bc0382cc-50e2-4d58-b2de-e8b6250f3520@group-5EC277DF3249-FollowerState was interrupted: java.lang.InterruptedException: sleep interrupted
2019-10-18 08:20:00,485 [grpc-default-executor-5] INFO  impl.RoleInfo (RoleInfo.java:updateAndGet(143)) - bc0382cc-50e2-4d58-b2de-e8b6250f3520: start FollowerState
2019-10-18 08:20:00,485 [Thread-1249] INFO  impl.FollowerState (FollowerState.java:run(117)) - 1bc296c6-def6-4ae4-8c62-5b4c951a28f1@group-5EC277DF3249-FollowerState was interrupted: java.lang.InterruptedException: sleep interrupted
2019-10-18 08:20:00,499 [47aecc56-7e95-480d-b89c-2c00d33b4782@group-5EC277DF3249-LeaderElection93] INFO  impl.LeaderElection (LeaderElection.java:logAndReturn(56)) - 47aecc56-7e95-480d-b89c-2c00d33b4782@group-5EC277DF3249-LeaderElection93: Election REJECTED; received 2 response(s) [47aecc56-7e95-480d-b89c-2c00d33b4782<-1bc296c6-def6-4ae4-8c62-5b4c951a28f1#0:FAIL-t86, 47aecc56-7e95-480d-b89c-2c00d33b4782<-bc0382cc-50e2-4d58-b2de-e8b6250f3520#0:FAIL-t86] and 0 exception(s); 47aecc56-7e95-480d-b89c-2c00d33b4782@group-5EC277DF3249:t86, leader=null, voted=47aecc56-7e95-480d-b89c-2c00d33b4782, raftlog=47aecc56-7e95-480d-b89c-2c00d33b4782@group-5EC277DF3249-SegmentedRaftLog:OPENED:c-1,f-1,i0, conf=-1: [47aecc56-7e95-480d-b89c-2c00d33b4782:192.168.69.67:34550, 1bc296c6-def6-4ae4-8c62-5b4c951a28f1:192.168.69.67:37222, bc0382cc-50e2-4d58-b2de-e8b6250f3520:192.168.69.67:37666], old=null
2019-10-18 08:20:00,499 [47aecc56-7e95-480d-b89c-2c00d33b4782@group-5EC277DF3249-LeaderElection93] INFO  impl.RaftServerImpl (RaftServerImpl.java:setRole(184)) - 47aecc56-7e95-480d-b89c-2c00d33b4782@group-5EC277DF3249: changes role from CANDIDATE to FOLLOWER at term 86 for DISCOVERED_A_NEW_TERM
2019-10-18 08:20:00,500 [47aecc56-7e95-480d-b89c-2c00d33b4782@group-5EC277DF3249-LeaderElection93] INFO  impl.RoleInfo (RoleInfo.java:shutdownLeaderElection(134)) - 47aecc56-7e95-480d-b89c-2c00d33b4782: shutdown LeaderElection
2019-10-18 08:20:00,500 [47aecc56-7e95-480d-b89c-2c00d33b4782@group-5EC277DF3249-LeaderElection93] INFO  impl.RoleInfo (RoleInfo.java:updateAndGet(143)) - 47aecc56-7e95-480d-b89c-2c00d33b4782: start FollowerState
2019-10-18 08:20:00,586 [grpc-default-executor-7] INFO  impl.FollowerInfo (FollowerInfo.java:lambda$new$0(51)) - 1bc296c6-def6-4ae4-8c62-5b4c951a28f1@group-5EC277DF3249->47aecc56-7e95-480d-b89c-2c00d33b4782: nextIndex: updateUnconditionally 1 -> 0
2019-10-18 08:20:00,589 [Thread-1257] INFO  impl.FollowerState (FollowerState.java:run(108)) - 47aecc56-7e95-480d-b89c-2c00d33b4782@group-5EC277DF3249-FollowerState: change to CANDIDATE, lastRpcTime:89ms, electionTimeout:89ms
2019-10-18 08:20:00,589 [Thread-1257] INFO  impl.RoleInfo (RoleInfo.java:shutdownFollowerState(121)) - 47aecc56-7e95-480d-b89c-2c00d33b4782: shutdown FollowerState
2019-10-18 08:20:00,590 [Thread-1257] INFO  impl.RaftServerImpl (RaftServerImpl.java:setRole(184)) - 47aecc56-7e95-480d-b89c-2c00d33b4782@group-5EC277DF3249: changes role from  FOLLOWER to CANDIDATE at term 86 for changeToCandidate
2019-10-18 08:20:00,590 [Thread-1257] INFO  impl.RoleInfo (RoleInfo.java:updateAndGet(143)) - 47aecc56-7e95-480d-b89c-2c00d33b4782: start LeaderElection
2019-10-18 08:20:00,603 [47aecc56-7e95-480d-b89c-2c00d33b4782@group-5EC277DF3249-LeaderElection94] INFO  impl.LeaderElection (LeaderElection.java:askForVotes(178)) - 47aecc56-7e95-480d-b89c-2c00d33b4782@group-5EC277DF3249-LeaderElection94: begin an election at term 87 for -1: [47aecc56-7e95-480d-b89c-2c00d33b4782:192.168.69.67:34550, 1bc296c6-def6-4ae4-8c62-5b4c951a28f1:192.168.69.67:37222, bc0382cc-50e2-4d58-b2de-e8b6250f3520:192.168.69.67:37666], old=null
2019-10-18 08:20:00,605 [grpc-default-executor-5] INFO  impl.RaftServerImpl (RaftServerImpl.java:setRole(184)) - bc0382cc-50e2-4d58-b2de-e8b6250f3520@group-5EC277DF3249: changes role from  FOLLOWER to FOLLOWER at term 87 for recognizeCandidate:47aecc56-7e95-480d-b89c-2c00d33b4782
2019-10-18 08:20:00,605 [grpc-default-executor-7] INFO  impl.RaftServerImpl (RaftServerImpl.java:setRole(184)) - 1bc296c6-def6-4ae4-8c62-5b4c951a28f1@group-5EC277DF3249: changes role from  FOLLOWER to FOLLOWER at term 87 for recognizeCandidate:47aecc56-7e95-480d-b89c-2c00d33b4782
2019-10-18 08:20:00,605 [grpc-default-executor-5] INFO  impl.RoleInfo (RoleInfo.java:shutdownFollowerState(121)) - bc0382cc-50e2-4d58-b2de-e8b6250f3520: shutdown FollowerState
2019-10-18 08:20:00,605 [grpc-default-executor-7] INFO  impl.RoleInfo (RoleInfo.java:shutdownFollowerState(121)) - 1bc296c6-def6-4ae4-8c62-5b4c951a28f1: shutdown FollowerState
2019-10-18 08:20:00,606 [Thread-1256] INFO  impl.FollowerState (FollowerState.java:run(117)) - bc0382cc-50e2-4d58-b2de-e8b6250f3520@group-5EC277DF3249-FollowerState was interrupted: java.lang.InterruptedException: sleep interrupted
2019-10-18 08:20:00,605 [grpc-default-executor-5] INFO  impl.RoleInfo (RoleInfo.java:updateAndGet(143)) - bc0382cc-50e2-4d58-b2de-e8b6250f3520: start FollowerState
2019-10-18 08:20:00,606 [Thread-1255] INFO  impl.FollowerState (FollowerState.java:run(117)) - 1bc296c6-def6-4ae4-8c62-5b4c951a28f1@group-5EC277DF3249-FollowerState was interrupted: java.lang.InterruptedException: sleep interrupted
2019-10-18 08:20:00,606 [grpc-default-executor-7] INFO  impl.RoleInfo (RoleInfo.java:updateAndGet(143)) - 1bc296c6-def6-4ae4-8c62-5b4c951a28f1: start FollowerState
2019-10-18 08:20:00,620 [47aecc56-7e95-480d-b89c-2c00d33b4782@group-5EC277DF3249-LeaderElection94] INFO  impl.LeaderElection (LeaderElection.java:logAndReturn(56)) - 47aecc56-7e95-480d-b89c-2c00d33b4782@group-5EC277DF3249-LeaderElection94: Election REJECTED; received 2 response(s) [47aecc56-7e95-480d-b89c-2c00d33b4782<-1bc296c6-def6-4ae4-8c62-5b4c951a28f1#0:FAIL-t87, 47aecc56-7e95-480d-b89c-2c00d33b4782<-bc0382cc-50e2-4d58-b2de-e8b6250f3520#0:FAIL-t87] and 0 exception(s); 47aecc56-7e95-480d-b89c-2c00d33b4782@group-5EC277DF3249:t87, leader=null, voted=47aecc56-7e95-480d-b89c-2c00d33b4782, raftlog=47aecc56-7e95-480d-b89c-2c00d33b4782@group-5EC277DF3249-SegmentedRaftLog:OPENED:c-1,f-1,i0, conf=-1: [47aecc56-7e95-480d-b89c-2c00d33b4782:192.168.69.67:34550, 1bc296c6-def6-4ae4-8c62-5b4c951a28f1:192.168.69.67:37222, bc0382cc-50e2-4d58-b2de-e8b6250f3520:192.168.69.67:37666], old=null
2019-10-18 08:20:00,620 [47aecc56-7e95-480d-b89c-2c00d33b4782@group-5EC277DF3249-LeaderElection94] INFO  impl.RaftServerImpl (RaftServerImpl.java:setRole(184)) - 47aecc56-7e95-480d-b89c-2c00d33b4782@group-5EC277DF3249: changes role from CANDIDATE to FOLLOWER at term 87 for DISCOVERED_A_NEW_TERM
2019-10-18 08:20:00,620 [47aecc56-7e95-480d-b89c-2c00d33b4782@group-5EC277DF3249-LeaderElection94] INFO  impl.RoleInfo (RoleInfo.java:shutdownLeaderElection(134)) - 47aecc56-7e95-480d-b89c-2c00d33b4782: shutdown LeaderElection
2019-10-18 08:20:00,621 [47aecc56-7e95-480d-b89c-2c00d33b4782@group-5EC277DF3249-LeaderElection94] INFO  impl.RoleInfo (RoleInfo.java:updateAndGet(143)) - 47aecc56-7e95-480d-b89c-2c00d33b4782: start FollowerState
2019-10-18 08:20:00,711 [Thread-1263] INFO  impl.FollowerState (FollowerState.java:run(108)) - 47aecc56-7e95-480d-b89c-2c00d33b4782@group-5EC277DF3249-FollowerState: change to CANDIDATE, lastRpcTime:90ms, electionTimeout:90ms
2019-10-18 08:20:00,711 [Thread-1263] INFO  impl.RoleInfo (RoleInfo.java:shutdownFollowerState(121)) - 47aecc56-7e95-480d-b89c-2c00d33b4782: shutdown FollowerState
2019-10-18 08:20:00,711 [Thread-1263] INFO  impl.RaftServerImpl (RaftServerImpl.java:setRole(184)) - 47aecc56-7e95-480d-b89c-2c00d33b4782@group-5EC277DF3249: changes role from  FOLLOWER to CANDIDATE at term 87 for changeToCandidate
2019-10-18 08:20:00,711 [Thread-1263] INFO  impl.RoleInfo (RoleInfo.java:updateAndGet(143)) - 47aecc56-7e95-480d-b89c-2c00d33b4782: start LeaderElection
2019-10-18 08:20:00,725 [47aecc56-7e95-480d-b89c-2c00d33b4782@group-5EC277DF3249-LeaderElection95] INFO  impl.LeaderElection (LeaderElection.java:askForVotes(178)) - 47aecc56-7e95-480d-b89c-2c00d33b4782@group-5EC277DF3249-LeaderElection95: begin an election at term 88 for -1: [47aecc56-7e95-480d-b89c-2c00d33b4782:192.168.69.67:34550, 1bc296c6-def6-4ae4-8c62-5b4c951a28f1:192.168.69.67:37222, bc0382cc-50e2-4d58-b2de-e8b6250f3520:192.168.69.67:37666], old=null
2019-10-18 08:20:00,727 [grpc-default-executor-7] INFO  impl.RaftServerImpl (RaftServerImpl.java:setRole(184)) - 1bc296c6-def6-4ae4-8c62-5b4c951a28f1@group-5EC277DF3249: changes role from  FOLLOWER to FOLLOWER at term 88 for recognizeCandidate:47aecc56-7e95-480d-b89c-2c00d33b4782
2019-10-18 08:20:00,727 [grpc-default-executor-7] INFO  impl.RoleInfo (RoleInfo.java:shutdownFollowerState(121)) - 1bc296c6-def6-4ae4-8c62-5b4c951a28f1: shutdown FollowerState
2019-10-18 08:20:00,727 [grpc-default-executor-5] INFO  impl.RaftServerImpl (RaftServerImpl.java:setRole(184)) - bc0382cc-50e2-4d58-b2de-e8b6250f3520@group-5EC277DF3249: changes role from  FOLLOWER to FOLLOWER at term 88 for recognizeCandidate:47aecc56-7e95-480d-b89c-2c00d33b4782
2019-10-18 08:20:00,728 [Thread-1262] INFO  impl.FollowerState (FollowerState.java:run(117)) - 1bc296c6-def6-4ae4-8c62-5b4c951a28f1@group-5EC277DF3249-FollowerState was interrupted: java.lang.InterruptedException: sleep interrupted
2019-10-18 08:20:00,728 [grpc-default-executor-7] INFO  impl.RoleInfo (RoleInfo.java:updateAndGet(143)) - 1bc296c6-def6-4ae4-8c62-5b4c951a28f1: start FollowerState
2019-10-18 08:20:00,728 [grpc-default-executor-5] INFO  impl.RoleInfo (RoleInfo.java:shutdownFollowerState(121)) - bc0382cc-50e2-4d58-b2de-e8b6250f3520: shutdown FollowerState
2019-10-18 08:20:00,728 [grpc-default-executor-5] INFO  impl.RoleInfo (RoleInfo.java:updateAndGet(143)) - bc0382cc-50e2-4d58-b2de-e8b6250f3520: start FollowerState
2019-10-18 08:20:00,728 [Thread-1261] INFO  impl.FollowerState (FollowerState.java:run(117)) - bc0382cc-50e2-4d58-b2de-e8b6250f3520@group-5EC277DF3249-FollowerState was interrupted: java.lang.InterruptedException: sleep interrupted
2019-10-18 08:20:00,743 [47aecc56-7e95-480d-b89c-2c00d33b4782@group-5EC277DF3249-LeaderElection95] INFO  impl.LeaderElection (LeaderElection.java:logAndReturn(56)) - 47aecc56-7e95-480d-b89c-2c00d33b4782@group-5EC277DF3249-LeaderElection95: Election REJECTED; received 2 response(s) [47aecc56-7e95-480d-b89c-2c00d33b4782<-1bc296c6-def6-4ae4-8c62-5b4c951a28f1#0:FAIL-t88, 47aecc56-7e95-480d-b89c-2c00d33b4782<-bc0382cc-50e2-4d58-b2de-e8b6250f3520#0:FAIL-t88] and 0 exception(s); 47aecc56-7e95-480d-b89c-2c00d33b4782@group-5EC277DF3249:t88, leader=null, voted=47aecc56-7e95-480d-b89c-2c00d33b4782, raftlog=47aecc56-7e95-480d-b89c-2c00d33b4782@group-5EC277DF3249-SegmentedRaftLog:OPENED:c-1,f-1,i0, conf=-1: [47aecc56-7e95-480d-b89c-2c00d33b4782:192.168.69.67:34550, 1bc296c6-def6-4ae4-8c62-5b4c951a28f1:192.168.69.67:37222, bc0382cc-50e2-4d58-b2de-e8b6250f3520:192.168.69.67:37666], old=null
2019-10-18 08:20:00,743 [47aecc56-7e95-480d-b89c-2c00d33b4782@group-5EC277DF3249-LeaderElection95] INFO  impl.RaftServerImpl (RaftServerImpl.java:setRole(184)) - 47aecc56-7e95-480d-b89c-2c00d33b4782@group-5EC277DF3249: changes role from CANDIDATE to FOLLOWER at term 88 for DISCOVERED_A_NEW_TERM
2019-10-18 08:20:00,743 [47aecc56-7e95-480d-b89c-2c00d33b4782@group-5EC277DF3249-LeaderElection95] INFO  impl.RoleInfo (RoleInfo.java:shutdownLeaderElection(134)) - 47aecc56-7e95-480d-b89c-2c00d33b4782: shutdown LeaderElection
2019-10-18 08:20:00,743 [47aecc56-7e95-480d-b89c-2c00d33b4782@group-5EC277DF3249-LeaderElection95] INFO  impl.RoleInfo (RoleInfo.java:updateAndGet(143)) - 47aecc56-7e95-480d-b89c-2c00d33b4782: start FollowerState
2019-10-18 08:20:00,752 [Thread-1269] INFO  impl.FollowerState (FollowerState.java:run(108)) - 47aecc56-7e95-480d-b89c-2c00d33b4782@group-5EC277DF3249-FollowerState: change to CANDIDATE, lastRpcTime:8ms, electionTimeout:8ms
2019-10-18 08:20:00,752 [Thread-1269] INFO  impl.RoleInfo (RoleInfo.java:shutdownFollowerState(121)) - 47aecc56-7e95-480d-b89c-2c00d33b4782: shutdown FollowerState
2019-10-18 08:20:00,752 [Thread-1269] INFO  impl.RaftServerImpl (RaftServerImpl.java:setRole(184)) - 47aecc56-7e95-480d-b89c-2c00d33b4782@group-5EC277DF3249: changes role from  FOLLOWER to CANDIDATE at term 88 for changeToCandidate
2019-10-18 08:20:00,752 [Thread-1269] INFO  impl.RoleInfo (RoleInfo.java:updateAndGet(143)) - 47aecc56-7e95-480d-b89c-2c00d33b4782: start LeaderElection
2019-10-18 08:20:00,765 [47aecc56-7e95-480d-b89c-2c00d33b4782@group-5EC277DF3249-LeaderElection96] INFO  impl.LeaderElection (LeaderElection.java:askForVotes(178)) - 47aecc56-7e95-480d-b89c-2c00d33b4782@group-5EC277DF3249-LeaderElection96: begin an election at term 89 for -1: [47aecc56-7e95-480d-b89c-2c00d33b4782:192.168.69.67:34550, 1bc296c6-def6-4ae4-8c62-5b4c951a28f1:192.168.69.67:37222, bc0382cc-50e2-4d58-b2de-e8b6250f3520:192.168.69.67:37666], old=null
2019-10-18 08:20:00,767 [grpc-default-executor-7] INFO  impl.RaftServerImpl (RaftServerImpl.java:setRole(184)) - 1bc296c6-def6-4ae4-8c62-5b4c951a28f1@group-5EC277DF3249: changes role from  FOLLOWER to FOLLOWER at term 89 for recognizeCandidate:47aecc56-7e95-480d-b89c-2c00d33b4782
2019-10-18 08:20:00,767 [grpc-default-executor-7] INFO  impl.RoleInfo (RoleInfo.java:shutdownFollowerState(121)) - 1bc296c6-def6-4ae4-8c62-5b4c951a28f1: shutdown FollowerState
2019-10-18 08:20:00,767 [grpc-default-executor-5] INFO  impl.RaftServerImpl (RaftServerImpl.java:setRole(184)) - bc0382cc-50e2-4d58-b2de-e8b6250f3520@group-5EC277DF3249: changes role from  FOLLOWER to FOLLOWER at term 89 for recognizeCandidate:47aecc56-7e95-480d-b89c-2c00d33b4782
2019-10-18 08:20:00,767 [grpc-default-executor-7] INFO  impl.RoleInfo (RoleInfo.java:updateAndGet(143)) - 1bc296c6-def6-4ae4-8c62-5b4c951a28f1: start FollowerState
2019-10-18 08:20:00,767 [Thread-1267] INFO  impl.FollowerState (FollowerState.java:run(117)) - 1bc296c6-def6-4ae4-8c62-5b4c951a28f1@group-5EC277DF3249-FollowerState was interrupted: java.lang.InterruptedException: sleep interrupted
2019-10-18 08:20:00,767 [grpc-default-executor-5] INFO  impl.RoleInfo (RoleInfo.java:shutdownFollowerState(121)) - bc0382cc-50e2-4d58-b2de-e8b6250f3520: shutdown FollowerState
2019-10-18 08:20:00,768 [grpc-default-executor-5] INFO  impl.RoleInfo (RoleInfo.java:updateAndGet(143)) - bc0382cc-50e2-4d58-b2de-e8b6250f3520: start FollowerState
2019-10-18 08:20:00,768 [Thread-1268] INFO  impl.FollowerState (FollowerState.java:run(117)) - bc0382cc-50e2-4d58-b2de-e8b6250f3520@group-5EC277DF3249-FollowerState was interrupted: java.lang.InterruptedException: sleep interrupted
2019-10-18 08:20:00,779 [47aecc56-7e95-480d-b89c-2c00d33b4782@group-5EC277DF3249-LeaderElection96] INFO  impl.LeaderElection (LeaderElection.java:logAndReturn(56)) - 47aecc56-7e95-480d-b89c-2c00d33b4782@group-5EC277DF3249-LeaderElection96: Election TIMEOUT; received 0 response(s) [] and 0 exception(s); 47aecc56-7e95-480d-b89c-2c00d33b4782@group-5EC277DF3249:t89, leader=null, voted=47aecc56-7e95-480d-b89c-2c00d33b4782, raftlog=47aecc56-7e95-480d-b89c-2c00d33b4782@group-5EC277DF3249-SegmentedRaftLog:OPENED:c-1,f-1,i0, conf=-1: [47aecc56-7e95-480d-b89c-2c00d33b4782:192.168.69.67:34550, 1bc296c6-def6-4ae4-8c62-5b4c951a28f1:192.168.69.67:37222, bc0382cc-50e2-4d58-b2de-e8b6250f3520:192.168.69.67:37666], old=null
2019-10-18 08:20:00,795 [47aecc56-7e95-480d-b89c-2c00d33b4782@group-5EC277DF3249-LeaderElection96] INFO  impl.LeaderElection (LeaderElection.java:askForVotes(178)) - 47aecc56-7e95-480d-b89c-2c00d33b4782@group-5EC277DF3249-LeaderElection96: begin an election at term 90 for -1: [47aecc56-7e95-480d-b89c-2c00d33b4782:192.168.69.67:34550, 1bc296c6-def6-4ae4-8c62-5b4c951a28f1:192.168.69.67:37222, bc0382cc-50e2-4d58-b2de-e8b6250f3520:192.168.69.67:37666], old=null
2019-10-18 08:20:00,796 [grpc-default-executor-7] INFO  impl.RaftServerImpl (RaftServerImpl.java:setRole(184)) - 1bc296c6-def6-4ae4-8c62-5b4c951a28f1@group-5EC277DF3249: changes role from  FOLLOWER to FOLLOWER at term 90 for recognizeCandidate:47aecc56-7e95-480d-b89c-2c00d33b4782
2019-10-18 08:20:00,796 [grpc-default-executor-7] INFO  impl.RoleInfo (RoleInfo.java:shutdownFollowerState(121)) - 1bc296c6-def6-4ae4-8c62-5b4c951a28f1: shutdown FollowerState
2019-10-18 08:20:00,797 [grpc-default-executor-5] INFO  impl.RaftServerImpl (RaftServerImpl.java:setRole(184)) - bc0382cc-50e2-4d58-b2de-e8b6250f3520@group-5EC277DF3249: changes role from  FOLLOWER to FOLLOWER at term 90 for recognizeCandidate:47aecc56-7e95-480d-b89c-2c00d33b4782
2019-10-18 08:20:00,797 [grpc-default-executor-5] INFO  impl.RoleInfo (RoleInfo.java:shutdownFollowerState(121)) - bc0382cc-50e2-4d58-b2de-e8b6250f3520: shutdown FollowerState
2019-10-18 08:20:00,797 [Thread-1273] INFO  impl.FollowerState (FollowerState.java:run(117)) - 1bc296c6-def6-4ae4-8c62-5b4c951a28f1@group-5EC277DF3249-FollowerState was interrupted: java.lang.InterruptedException: sleep interrupted
2019-10-18 08:20:00,797 [grpc-default-executor-7] INFO  impl.RoleInfo (RoleInfo.java:updateAndGet(143)) - 1bc296c6-def6-4ae4-8c62-5b4c951a28f1: start FollowerState
2019-10-18 08:20:00,797 [Thread-1274] INFO  impl.FollowerState (FollowerState.java:run(117)) - bc0382cc-50e2-4d58-b2de-e8b6250f3520@group-5EC277DF3249-FollowerState was interrupted: java.lang.InterruptedException: sleep interrupted
2019-10-18 08:20:00,797 [grpc-default-executor-5] INFO  impl.RoleInfo (RoleInfo.java:updateAndGet(143)) - bc0382cc-50e2-4d58-b2de-e8b6250f3520: start FollowerState
2019-10-18 08:20:00,813 [47aecc56-7e95-480d-b89c-2c00d33b4782@group-5EC277DF3249-LeaderElection96] INFO  impl.LeaderElection (LeaderElection.java:logAndReturn(56)) - 47aecc56-7e95-480d-b89c-2c00d33b4782@group-5EC277DF3249-LeaderElection96: Election REJECTED; received 2 response(s) [47aecc56-7e95-480d-b89c-2c00d33b4782<-1bc296c6-def6-4ae4-8c62-5b4c951a28f1#0:FAIL-t90, 47aecc56-7e95-480d-b89c-2c00d33b4782<-bc0382cc-50e2-4d58-b2de-e8b6250f3520#0:FAIL-t90] and 0 exception(s); 47aecc56-7e95-480d-b89c-2c00d33b4782@group-5EC277DF3249:t90, leader=null, voted=47aecc56-7e95-480d-b89c-2c00d33b4782, raftlog=47aecc56-7e95-480d-b89c-2c00d33b4782@group-5EC277DF3249-SegmentedRaftLog:OPENED:c-1,f-1,i0, conf=-1: [47aecc56-7e95-480d-b89c-2c00d33b4782:192.168.69.67:34550, 1bc296c6-def6-4ae4-8c62-5b4c951a28f1:192.168.69.67:37222, bc0382cc-50e2-4d58-b2de-e8b6250f3520:192.168.69.67:37666], old=null
2019-10-18 08:20:00,813 [47aecc56-7e95-480d-b89c-2c00d33b4782@group-5EC277DF3249-LeaderElection96] INFO  impl.RaftServerImpl (RaftServerImpl.java:setRole(184)) - 47aecc56-7e95-480d-b89c-2c00d33b4782@group-5EC277DF3249: changes role from CANDIDATE to FOLLOWER at term 90 for DISCOVERED_A_NEW_TERM
2019-10-18 08:20:00,813 [47aecc56-7e95-480d-b89c-2c00d33b4782@group-5EC277DF3249-LeaderElection96] INFO  impl.RoleInfo (RoleInfo.java:shutdownLeaderElection(134)) - 47aecc56-7e95-480d-b89c-2c00d33b4782: shutdown LeaderElection
2019-10-18 08:20:00,813 [47aecc56-7e95-480d-b89c-2c00d33b4782@group-5EC277DF3249-LeaderElection96] INFO  impl.RoleInfo (RoleInfo.java:updateAndGet(143)) - 47aecc56-7e95-480d-b89c-2c00d33b4782: start FollowerState
2019-10-18 08:20:00,972 [Thread-1279] INFO  impl.FollowerState (FollowerState.java:run(108)) - 47aecc56-7e95-480d-b89c-2c00d33b4782@group-5EC277DF3249-FollowerState: change to CANDIDATE, lastRpcTime:158ms, electionTimeout:158ms
2019-10-18 08:20:00,972 [Thread-1279] INFO  impl.RoleInfo (RoleInfo.java:shutdownFollowerState(121)) - 47aecc56-7e95-480d-b89c-2c00d33b4782: shutdown FollowerState
2019-10-18 08:20:00,972 [Thread-1279] INFO  impl.RaftServerImpl (RaftServerImpl.java:setRole(184)) - 47aecc56-7e95-480d-b89c-2c00d33b4782@group-5EC277DF3249: changes role from  FOLLOWER to CANDIDATE at term 90 for changeToCandidate
2019-10-18 08:20:00,972 [Thread-1279] INFO  impl.RoleInfo (RoleInfo.java:updateAndGet(143)) - 47aecc56-7e95-480d-b89c-2c00d33b4782: start LeaderElection
2019-10-18 08:20:00,997 [47aecc56-7e95-480d-b89c-2c00d33b4782@group-5EC277DF3249-LeaderElection97] INFO  impl.LeaderElection (LeaderElection.java:askForVotes(178)) - 47aecc56-7e95-480d-b89c-2c00d33b4782@group-5EC277DF3249-LeaderElection97: begin an election at term 91 for -1: [47aecc56-7e95-480d-b89c-2c00d33b4782:192.168.69.67:34550, 1bc296c6-def6-4ae4-8c62-5b4c951a28f1:192.168.69.67:37222, bc0382cc-50e2-4d58-b2de-e8b6250f3520:192.168.69.67:37666], old=null
2019-10-18 08:20:00,999 [grpc-default-executor-7] INFO  impl.RaftServerImpl (RaftServerImpl.java:setRole(184)) - bc0382cc-50e2-4d58-b2de-e8b6250f3520@group-5EC277DF3249: changes role from  FOLLOWER to FOLLOWER at term 91 for recognizeCandidate:47aecc56-7e95-480d-b89c-2c00d33b4782
2019-10-18 08:20:01,000 [grpc-default-executor-7] INFO  impl.RoleInfo (RoleInfo.java:shutdownFollowerState(121)) - bc0382cc-50e2-4d58-b2de-e8b6250f3520: shutdown FollowerState
2019-10-18 08:20:00,999 [grpc-default-executor-5] INFO  impl.RaftServerImpl (RaftServerImpl.java:setRole(184)) - 1bc296c6-def6-4ae4-8c62-5b4c951a28f1@group-5EC277DF3249: changes role from  FOLLOWER to FOLLOWER at term 91 for recognizeCandidate:47aecc56-7e95-480d-b89c-2c00d33b4782
2019-10-18 08:20:01,000 [Thread-1278] INFO  impl.FollowerState (FollowerState.java:run(117)) - bc0382cc-50e2-4d58-b2de-e8b6250f3520@group-5EC277DF3249-FollowerState was interrupted: java.lang.InterruptedException: sleep interrupted
2019-10-18 08:20:01,000 [grpc-default-executor-7] INFO  impl.RoleInfo (RoleInfo.java:updateAndGet(143)) - bc0382cc-50e2-4d58-b2de-e8b6250f3520: start FollowerState
2019-10-18 08:20:01,000 [grpc-default-executor-5] INFO  impl.RoleInfo (RoleInfo.java:shutdownFollowerState(121)) - 1bc296c6-def6-4ae4-8c62-5b4c951a28f1: shutdown FollowerState
2019-10-18 08:20:01,001 [grpc-default-executor-5] INFO  impl.RoleInfo (RoleInfo.java:updateAndGet(143)) - 1bc296c6-def6-4ae4-8c62-5b4c951a28f1: start FollowerState
2019-10-18 08:20:01,001 [Thread-1277] INFO  impl.FollowerState (FollowerState.java:run(117)) - 1bc296c6-def6-4ae4-8c62-5b4c951a28f1@group-5EC277DF3249-FollowerState was interrupted: java.lang.InterruptedException: sleep interrupted
2019-10-18 08:20:01,016 [47aecc56-7e95-480d-b89c-2c00d33b4782@group-5EC277DF3249-LeaderElection97] INFO  impl.LeaderElection (LeaderElection.java:logAndReturn(56)) - 47aecc56-7e95-480d-b89c-2c00d33b4782@group-5EC277DF3249-LeaderElection97: Election REJECTED; received 2 response(s) [47aecc56-7e95-480d-b89c-2c00d33b4782<-1bc296c6-def6-4ae4-8c62-5b4c951a28f1#0:FAIL-t91, 47aecc56-7e95-480d-b89c-2c00d33b4782<-bc0382cc-50e2-4d58-b2de-e8b6250f3520#0:FAIL-t91] and 0 exception(s); 47aecc56-7e95-480d-b89c-2c00d33b4782@group-5EC277DF3249:t91, leader=null, voted=47aecc56-7e95-480d-b89c-2c00d33b4782, raftlog=47aecc56-7e95-480d-b89c-2c00d33b4782@group-5EC277DF3249-SegmentedRaftLog:OPENED:c-1,f-1,i0, conf=-1: [47aecc56-7e95-480d-b89c-2c00d33b4782:192.168.69.67:34550, 1bc296c6-def6-4ae4-8c62-5b4c951a28f1:192.168.69.67:37222, bc0382cc-50e2-4d58-b2de-e8b6250f3520:192.168.69.67:37666], old=null
2019-10-18 08:20:01,016 [47aecc56-7e95-480d-b89c-2c00d33b4782@group-5EC277DF3249-LeaderElection97] INFO  impl.RaftServerImpl (RaftServerImpl.java:setRole(184)) - 47aecc56-7e95-480d-b89c-2c00d33b4782@group-5EC277DF3249: changes role from CANDIDATE to FOLLOWER at term 91 for DISCOVERED_A_NEW_TERM
2019-10-18 08:20:01,016 [47aecc56-7e95-480d-b89c-2c00d33b4782@group-5EC277DF3249-LeaderElection97] INFO  impl.RoleInfo (RoleInfo.java:shutdownLeaderElection(134)) - 47aecc56-7e95-480d-b89c-2c00d33b4782: shutdown LeaderElection
2019-10-18 08:20:01,016 [47aecc56-7e95-480d-b89c-2c00d33b4782@group-5EC277DF3249-LeaderElection97] INFO  impl.RoleInfo (RoleInfo.java:updateAndGet(143)) - 47aecc56-7e95-480d-b89c-2c00d33b4782: start FollowerState
 0.00% |?                                                                                                    |  0/1 Time: 0:04:092019-10-18 08:20:01,180 [Thread-1285] INFO  impl.FollowerState (FollowerState.java:run(108)) - 47aecc56-7e95-480d-b89c-2c00d33b4782@group-5EC277DF3249-FollowerState: change to CANDIDATE, lastRpcTime:163ms, electionTimeout:163ms
2019-10-18 08:20:01,180 [Thread-1285] INFO  impl.RoleInfo (RoleInfo.java:shutdownFollowerState(121)) - 47aecc56-7e95-480d-b89c-2c00d33b4782: shutdown FollowerState
2019-10-18 08:20:01,180 [Thread-1285] INFO  impl.RaftServerImpl (RaftServerImpl.java:setRole(184)) - 47aecc56-7e95-480d-b89c-2c00d33b4782@group-5EC277DF3249: changes role from  FOLLOWER to CANDIDATE at term 91 for changeToCandidate
2019-10-18 08:20:01,180 [Thread-1285] INFO  impl.RoleInfo (RoleInfo.java:updateAndGet(143)) - 47aecc56-7e95-480d-b89c-2c00d33b4782: start LeaderElection
2019-10-18 08:20:01,195 [47aecc56-7e95-480d-b89c-2c00d33b4782@group-5EC277DF3249-LeaderElection98] INFO  impl.LeaderElection (LeaderElection.java:askForVotes(178)) - 47aecc56-7e95-480d-b89c-2c00d33b4782@group-5EC277DF3249-LeaderElection98: begin an election at term 92 for -1: [47aecc56-7e95-480d-b89c-2c00d33b4782:192.168.69.67:34550, 1bc296c6-def6-4ae4-8c62-5b4c951a28f1:192.168.69.67:37222, bc0382cc-50e2-4d58-b2de-e8b6250f3520:192.168.69.67:37666], old=null
2019-10-18 08:20:01,197 [grpc-default-executor-7] INFO  impl.RaftServerImpl (RaftServerImpl.java:setRole(184)) - 1bc296c6-def6-4ae4-8c62-5b4c951a28f1@group-5EC277DF3249: changes role from  FOLLOWER to FOLLOWER at term 92 for recognizeCandidate:47aecc56-7e95-480d-b89c-2c00d33b4782
2019-10-18 08:20:01,197 [grpc-default-executor-5] INFO  impl.RaftServerImpl (RaftServerImpl.java:setRole(184)) - bc0382cc-50e2-4d58-b2de-e8b6250f3520@group-5EC277DF3249: changes role from  FOLLOWER to FOLLOWER at term 92 for recognizeCandidate:47aecc56-7e95-480d-b89c-2c00d33b4782
2019-10-18 08:20:01,197 [grpc-default-executor-7] INFO  impl.RoleInfo (RoleInfo.java:shutdownFollowerState(121)) - 1bc296c6-def6-4ae4-8c62-5b4c951a28f1: shutdown FollowerState
2019-10-18 08:20:01,197 [grpc-default-executor-5] INFO  impl.RoleInfo (RoleInfo.java:shutdownFollowerState(121)) - bc0382cc-50e2-4d58-b2de-e8b6250f3520: shutdown FollowerState
2019-10-18 08:20:01,198 [Thread-1284] INFO  impl.FollowerState (FollowerState.java:run(117)) - 1bc296c6-def6-4ae4-8c62-5b4c951a28f1@group-5EC277DF3249-FollowerState was interrupted: java.lang.InterruptedException: sleep interrupted
2019-10-18 08:20:01,198 [grpc-default-executor-7] INFO  impl.RoleInfo (RoleInfo.java:updateAndGet(143)) - 1bc296c6-def6-4ae4-8c62-5b4c951a28f1: start FollowerState
2019-10-18 08:20:01,198 [Thread-1283] INFO  impl.FollowerState (FollowerState.java:run(117)) - bc0382cc-50e2-4d58-b2de-e8b6250f3520@group-5EC277DF3249-FollowerState was interrupted: java.lang.InterruptedException: sleep interrupted
2019-10-18 08:20:01,198 [grpc-default-executor-5] INFO  impl.RoleInfo (RoleInfo.java:updateAndGet(143)) - bc0382cc-50e2-4d58-b2de-e8b6250f3520: start FollowerState
2019-10-18 08:20:01,209 [47aecc56-7e95-480d-b89c-2c00d33b4782@group-5EC277DF3249-LeaderElection98] INFO  impl.LeaderElection (LeaderElection.java:logAndReturn(56)) - 47aecc56-7e95-480d-b89c-2c00d33b4782@group-5EC277DF3249-LeaderElection98: Election REJECTED; received 2 response(s) [47aecc56-7e95-480d-b89c-2c00d33b4782<-1bc296c6-def6-4ae4-8c62-5b4c951a28f1#0:FAIL-t92, 47aecc56-7e95-480d-b89c-2c00d33b4782<-bc0382cc-50e2-4d58-b2de-e8b6250f3520#0:FAIL-t92] and 0 exception(s); 47aecc56-7e95-480d-b89c-2c00d33b4782@group-5EC277DF3249:t92, leader=null, voted=47aecc56-7e95-480d-b89c-2c00d33b4782, raftlog=47aecc56-7e95-480d-b89c-2c00d33b4782@group-5EC277DF3249-SegmentedRaftLog:OPENED:c-1,f-1,i0, conf=-1: [47aecc56-7e95-480d-b89c-2c00d33b4782:192.168.69.67:34550, 1bc296c6-def6-4ae4-8c62-5b4c951a28f1:192.168.69.67:37222, bc0382cc-50e2-4d58-b2de-e8b6250f3520:192.168.69.67:37666], old=null
2019-10-18 08:20:01,210 [47aecc56-7e95-480d-b89c-2c00d33b4782@group-5EC277DF3249-LeaderElection98] INFO  impl.RaftServerImpl (RaftServerImpl.java:setRole(184)) - 47aecc56-7e95-480d-b89c-2c00d33b4782@group-5EC277DF3249: changes role from CANDIDATE to FOLLOWER at term 92 for DISCOVERED_A_NEW_TERM
2019-10-18 08:20:01,210 [47aecc56-7e95-480d-b89c-2c00d33b4782@group-5EC277DF3249-LeaderElection98] INFO  impl.RoleInfo (RoleInfo.java:shutdownLeaderElection(134)) - 47aecc56-7e95-480d-b89c-2c00d33b4782: shutdown LeaderElection
2019-10-18 08:20:01,210 [47aecc56-7e95-480d-b89c-2c00d33b4782@group-5EC277DF3249-LeaderElection98] INFO  impl.RoleInfo (RoleInfo.java:updateAndGet(143)) - 47aecc56-7e95-480d-b89c-2c00d33b4782: start FollowerState
2019-10-18 08:20:01,230 [Thread-1291] INFO  impl.FollowerState (FollowerState.java:run(108)) - 47aecc56-7e95-480d-b89c-2c00d33b4782@group-5EC277DF3249-FollowerState: change to CANDIDATE, lastRpcTime:20ms, electionTimeout:20ms
2019-10-18 08:20:01,230 [Thread-1291] INFO  impl.RoleInfo (RoleInfo.java:shutdownFollowerState(121)) - 47aecc56-7e95-480d-b89c-2c00d33b4782: shutdown FollowerState
2019-10-18 08:20:01,231 [Thread-1291] INFO  impl.RaftServerImpl (RaftServerImpl.java:setRole(184)) - 47aecc56-7e95-480d-b89c-2c00d33b4782@group-5EC277DF3249: changes role from  FOLLOWER to CANDIDATE at term 92 for changeToCandidate
2019-10-18 08:20:01,231 [Thread-1291] INFO  impl.RoleInfo (RoleInfo.java:updateAndGet(143)) - 47aecc56-7e95-480d-b89c-2c00d33b4782: start LeaderElection
2019-10-18 08:20:01,245 [47aecc56-7e95-480d-b89c-2c00d33b4782@group-5EC277DF3249-LeaderElection99] INFO  impl.LeaderElection (LeaderElection.java:askForVotes(178)) - 47aecc56-7e95-480d-b89c-2c00d33b4782@group-5EC277DF3249-LeaderElection99: begin an election at term 93 for -1: [47aecc56-7e95-480d-b89c-2c00d33b4782:192.168.69.67:34550, 1bc296c6-def6-4ae4-8c62-5b4c951a28f1:192.168.69.67:37222, bc0382cc-50e2-4d58-b2de-e8b6250f3520:192.168.69.67:37666], old=null
2019-10-18 08:20:01,248 [grpc-default-executor-7] INFO  impl.RaftServerImpl (RaftServerImpl.java:setRole(184)) - bc0382cc-50e2-4d58-b2de-e8b6250f3520@group-5EC277DF3249: changes role from  FOLLOWER to FOLLOWER at term 93 for recognizeCandidate:47aecc56-7e95-480d-b89c-2c00d33b4782
2019-10-18 08:20:01,248 [grpc-default-executor-5] INFO  impl.RaftServerImpl (RaftServerImpl.java:setRole(184)) - 1bc296c6-def6-4ae4-8c62-5b4c951a28f1@group-5EC277DF3249: changes role from  FOLLOWER to FOLLOWER at term 93 for recognizeCandidate:47aecc56-7e95-480d-b89c-2c00d33b4782
2019-10-18 08:20:01,248 [grpc-default-executor-7] INFO  impl.RoleInfo (RoleInfo.java:shutdownFollowerState(121)) - bc0382cc-50e2-4d58-b2de-e8b6250f3520: shutdown FollowerState
2019-10-18 08:20:01,248 [grpc-default-executor-5] INFO  impl.RoleInfo (RoleInfo.java:shutdownFollowerState(121)) - 1bc296c6-def6-4ae4-8c62-5b4c951a28f1: shutdown FollowerState
2019-10-18 08:20:01,249 [Thread-1290] INFO  impl.FollowerState (FollowerState.java:run(117)) - bc0382cc-50e2-4d58-b2de-e8b6250f3520@group-5EC277DF3249-FollowerState was interrupted: java.lang.InterruptedException: sleep interrupted
2019-10-18 08:20:01,249 [grpc-default-executor-7] INFO  impl.RoleInfo (RoleInfo.java:updateAndGet(143)) - bc0382cc-50e2-4d58-b2de-e8b6250f3520: start FollowerState
2019-10-18 08:20:01,249 [Thread-1289] INFO  impl.FollowerState (FollowerState.java:run(117)) - 1bc296c6-def6-4ae4-8c62-5b4c951a28f1@group-5EC277DF3249-FollowerState was interrupted: java.lang.InterruptedException: sleep interrupted
2019-10-18 08:20:01,249 [grpc-default-executor-5] INFO  impl.RoleInfo (RoleInfo.java:updateAndGet(143)) - 1bc296c6-def6-4ae4-8c62-5b4c951a28f1: start FollowerState
2019-10-18 08:20:01,263 [47aecc56-7e95-480d-b89c-2c00d33b4782@group-5EC277DF3249-LeaderElection99] INFO  impl.LeaderElection (LeaderElection.java:logAndReturn(56)) - 47aecc56-7e95-480d-b89c-2c00d33b4782@group-5EC277DF3249-LeaderElection99: Election REJECTED; received 2 response(s) [47aecc56-7e95-480d-b89c-2c00d33b4782<-1bc296c6-def6-4ae4-8c62-5b4c951a28f1#0:FAIL-t93, 47aecc56-7e95-480d-b89c-2c00d33b4782<-bc0382cc-50e2-4d58-b2de-e8b6250f3520#0:FAIL-t93] and 0 exception(s); 47aecc56-7e95-480d-b89c-2c00d33b4782@group-5EC277DF3249:t93, leader=null, voted=47aecc56-7e95-480d-b89c-2c00d33b4782, raftlog=47aecc56-7e95-480d-b89c-2c00d33b4782@group-5EC277DF3249-SegmentedRaftLog:OPENED:c-1,f-1,i0, conf=-1: [47aecc56-7e95-480d-b89c-2c00d33b4782:192.168.69.67:34550, 1bc296c6-def6-4ae4-8c62-5b4c951a28f1:192.168.69.67:37222, bc0382cc-50e2-4d58-b2de-e8b6250f3520:192.168.69.67:37666], old=null
2019-10-18 08:20:01,263 [47aecc56-7e95-480d-b89c-2c00d33b4782@group-5EC277DF3249-LeaderElection99] INFO  impl.RaftServerImpl (RaftServerImpl.java:setRole(184)) - 47aecc56-7e95-480d-b89c-2c00d33b4782@group-5EC277DF3249: changes role from CANDIDATE to FOLLOWER at term 93 for DISCOVERED_A_NEW_TERM
2019-10-18 08:20:01,263 [47aecc56-7e95-480d-b89c-2c00d33b4782@group-5EC277DF3249-LeaderElection99] INFO  impl.RoleInfo (RoleInfo.java:shutdownLeaderElection(134)) - 47aecc56-7e95-480d-b89c-2c00d33b4782: shutdown LeaderElection
2019-10-18 08:20:01,263 [47aecc56-7e95-480d-b89c-2c00d33b4782@group-5EC277DF3249-LeaderElection99] INFO  impl.RoleInfo (RoleInfo.java:updateAndGet(143)) - 47aecc56-7e95-480d-b89c-2c00d33b4782: start FollowerState
2019-10-18 08:20:01,288 [Thread-1297] INFO  impl.FollowerState (FollowerState.java:run(108)) - 47aecc56-7e95-480d-b89c-2c00d33b4782@group-5EC277DF3249-FollowerState: change to CANDIDATE, lastRpcTime:24ms, electionTimeout:24ms
2019-10-18 08:20:01,288 [Thread-1297] INFO  impl.RoleInfo (RoleInfo.java:shutdownFollowerState(121)) - 47aecc56-7e95-480d-b89c-2c00d33b4782: shutdown FollowerState
2019-10-18 08:20:01,288 [Thread-1297] INFO  impl.RaftServerImpl (RaftServerImpl.java:setRole(184)) - 47aecc56-7e95-480d-b89c-2c00d33b4782@group-5EC277DF3249: changes role from  FOLLOWER to CANDIDATE at term 93 for changeToCandidate
2019-10-18 08:20:01,288 [Thread-1297] INFO  impl.RoleInfo (RoleInfo.java:updateAndGet(143)) - 47aecc56-7e95-480d-b89c-2c00d33b4782: start LeaderElection
2019-10-18 08:20:01,301 [47aecc56-7e95-480d-b89c-2c00d33b4782@group-5EC277DF3249-LeaderElection100] INFO  impl.LeaderElection (LeaderElection.java:askForVotes(178)) - 47aecc56-7e95-480d-b89c-2c00d33b4782@group-5EC277DF3249-LeaderElection100: begin an election at term 94 for -1: [47aecc56-7e95-480d-b89c-2c00d33b4782:192.168.69.67:34550, 1bc296c6-def6-4ae4-8c62-5b4c951a28f1:192.168.69.67:37222, bc0382cc-50e2-4d58-b2de-e8b6250f3520:192.168.69.67:37666], old=null
2019-10-18 08:20:01,303 [grpc-default-executor-7] INFO  impl.RaftServerImpl (RaftServerImpl.java:setRole(184)) - 1bc296c6-def6-4ae4-8c62-5b4c951a28f1@group-5EC277DF3249: changes role from  FOLLOWER to FOLLOWER at term 94 for recognizeCandidate:47aecc56-7e95-480d-b89c-2c00d33b4782
2019-10-18 08:20:01,303 [grpc-default-executor-7] INFO  impl.RoleInfo (RoleInfo.java:shutdownFollowerState(121)) - 1bc296c6-def6-4ae4-8c62-5b4c951a28f1: shutdown FollowerState
2019-10-18 08:20:01,303 [grpc-default-executor-7] INFO  impl.RoleInfo (RoleInfo.java:updateAndGet(143)) - 1bc296c6-def6-4ae4-8c62-5b4c951a28f1: start FollowerState
2019-10-18 08:20:01,304 [grpc-default-executor-5] INFO  impl.RaftServerImpl (RaftServerImpl.java:setRole(184)) - bc0382cc-50e2-4d58-b2de-e8b6250f3520@group-5EC277DF3249: changes role from  FOLLOWER to FOLLOWER at term 94 for recognizeCandidate:47aecc56-7e95-480d-b89c-2c00d33b4782
2019-10-18 08:20:01,304 [Thread-1296] INFO  impl.FollowerState (FollowerState.java:run(117)) - 1bc296c6-def6-4ae4-8c62-5b4c951a28f1@group-5EC277DF3249-FollowerState was interrupted: java.lang.InterruptedException: sleep interrupted
2019-10-18 08:20:01,304 [grpc-default-executor-5] INFO  impl.RoleInfo (RoleInfo.java:shutdownFollowerState(121)) - bc0382cc-50e2-4d58-b2de-e8b6250f3520: shutdown FollowerState
2019-10-18 08:20:01,304 [grpc-default-executor-5] INFO  impl.RoleInfo (RoleInfo.java:updateAndGet(143)) - bc0382cc-50e2-4d58-b2de-e8b6250f3520: start FollowerState
2019-10-18 08:20:01,304 [Thread-1295] INFO  impl.FollowerState (FollowerState.java:run(117)) - bc0382cc-50e2-4d58-b2de-e8b6250f3520@group-5EC277DF3249-FollowerState was interrupted: java.lang.InterruptedException: sleep interrupted
2019-10-18 08:20:01,318 [47aecc56-7e95-480d-b89c-2c00d33b4782@group-5EC277DF3249-LeaderElection100] INFO  impl.LeaderElection (LeaderElection.java:logAndReturn(56)) - 47aecc56-7e95-480d-b89c-2c00d33b4782@group-5EC277DF3249-LeaderElection100: Election REJECTED; received 2 response(s) [47aecc56-7e95-480d-b89c-2c00d33b4782<-1bc296c6-def6-4ae4-8c62-5b4c951a28f1#0:FAIL-t94, 47aecc56-7e95-480d-b89c-2c00d33b4782<-bc0382cc-50e2-4d58-b2de-e8b6250f3520#0:FAIL-t94] and 0 exception(s); 47aecc56-7e95-480d-b89c-2c00d33b4782@group-5EC277DF3249:t94, leader=null, voted=47aecc56-7e95-480d-b89c-2c00d33b4782, raftlog=47aecc56-7e95-480d-b89c-2c00d33b4782@group-5EC277DF3249-SegmentedRaftLog:OPENED:c-1,f-1,i0, conf=-1: [47aecc56-7e95-480d-b89c-2c00d33b4782:192.168.69.67:34550, 1bc296c6-def6-4ae4-8c62-5b4c951a28f1:192.168.69.67:37222, bc0382cc-50e2-4d58-b2de-e8b6250f3520:192.168.69.67:37666], old=null
2019-10-18 08:20:01,318 [47aecc56-7e95-480d-b89c-2c00d33b4782@group-5EC277DF3249-LeaderElection100] INFO  impl.RaftServerImpl (RaftServerImpl.java:setRole(184)) - 47aecc56-7e95-480d-b89c-2c00d33b4782@group-5EC277DF3249: changes role from CANDIDATE to FOLLOWER at term 94 for DISCOVERED_A_NEW_TERM
2019-10-18 08:20:01,318 [47aecc56-7e95-480d-b89c-2c00d33b4782@group-5EC277DF3249-LeaderElection100] INFO  impl.RoleInfo (RoleInfo.java:shutdownLeaderElection(134)) - 47aecc56-7e95-480d-b89c-2c00d33b4782: shutdown LeaderElection
2019-10-18 08:20:01,318 [47aecc56-7e95-480d-b89c-2c00d33b4782@group-5EC277DF3249-LeaderElection100] INFO  impl.RoleInfo (RoleInfo.java:updateAndGet(143)) - 47aecc56-7e95-480d-b89c-2c00d33b4782: start FollowerState
2019-10-18 08:20:01,348 [Thread-1303] INFO  impl.FollowerState (FollowerState.java:run(108)) - 47aecc56-7e95-480d-b89c-2c00d33b4782@group-5EC277DF3249-FollowerState: change to CANDIDATE, lastRpcTime:29ms, electionTimeout:29ms
2019-10-18 08:20:01,348 [Thread-1303] INFO  impl.RoleInfo (RoleInfo.java:shutdownFollowerState(121)) - 47aecc56-7e95-480d-b89c-2c00d33b4782: shutdown FollowerState
2019-10-18 08:20:01,348 [Thread-1303] INFO  impl.RaftServerImpl (RaftServerImpl.java:setRole(184)) - 47aecc56-7e95-480d-b89c-2c00d33b4782@group-5EC277DF3249: changes role from  FOLLOWER to CANDIDATE at term 94 for changeToCandidate
2019-10-18 08:20:01,348 [Thread-1303] INFO  impl.RoleInfo (RoleInfo.java:updateAndGet(143)) - 47aecc56-7e95-480d-b89c-2c00d33b4782: start LeaderElection
2019-10-18 08:20:01,360 [47aecc56-7e95-480d-b89c-2c00d33b4782@group-5EC277DF3249-LeaderElection101] INFO  impl.LeaderElection (LeaderElection.java:askForVotes(178)) - 47aecc56-7e95-480d-b89c-2c00d33b4782@group-5EC277DF3249-LeaderElection101: begin an election at term 95 for -1: [47aecc56-7e95-480d-b89c-2c00d33b4782:192.168.69.67:34550, 1bc296c6-def6-4ae4-8c62-5b4c951a28f1:192.168.69.67:37222, bc0382cc-50e2-4d58-b2de-e8b6250f3520:192.168.69.67:37666], old=null
2019-10-18 08:20:01,363 [grpc-default-executor-5] INFO  impl.RaftServerImpl (RaftServerImpl.java:setRole(184)) - 1bc296c6-def6-4ae4-8c62-5b4c951a28f1@group-5EC277DF3249: changes role from  FOLLOWER to FOLLOWER at term 95 for recognizeCandidate:47aecc56-7e95-480d-b89c-2c00d33b4782
2019-10-18 08:20:01,363 [grpc-default-executor-7] INFO  impl.RaftServerImpl (RaftServerImpl.java:setRole(184)) - bc0382cc-50e2-4d58-b2de-e8b6250f3520@group-5EC277DF3249: changes role from  FOLLOWER to FOLLOWER at term 95 for recognizeCandidate:47aecc56-7e95-480d-b89c-2c00d33b4782
2019-10-18 08:20:01,363 [grpc-default-executor-7] INFO  impl.RoleInfo (RoleInfo.java:shutdownFollowerState(121)) - bc0382cc-50e2-4d58-b2de-e8b6250f3520: shutdown FollowerState
2019-10-18 08:20:01,363 [grpc-default-executor-5] INFO  impl.RoleInfo (RoleInfo.java:shutdownFollowerState(121)) - 1bc296c6-def6-4ae4-8c62-5b4c951a28f1: shutdown FollowerState
2019-10-18 08:20:01,364 [Thread-1302] INFO  impl.FollowerState (FollowerState.java:run(117)) - bc0382cc-50e2-4d58-b2de-e8b6250f3520@group-5EC277DF3249-FollowerState was interrupted: java.lang.InterruptedException: sleep interrupted
2019-10-18 08:20:01,364 [grpc-default-executor-7] INFO  impl.RoleInfo (RoleInfo.java:updateAndGet(143)) - bc0382cc-50e2-4d58-b2de-e8b6250f3520: start FollowerState
2019-10-18 08:20:01,364 [Thread-1301] INFO  impl.FollowerState (FollowerState.java:run(117)) - 1bc296c6-def6-4ae4-8c62-5b4c951a28f1@group-5EC277DF3249-FollowerState was interrupted: java.lang.InterruptedException: sleep interrupted
2019-10-18 08:20:01,364 [grpc-default-executor-5] INFO  impl.RoleInfo (RoleInfo.java:updateAndGet(143)) - 1bc296c6-def6-4ae4-8c62-5b4c951a28f1: start FollowerState
2019-10-18 08:20:01,378 [47aecc56-7e95-480d-b89c-2c00d33b4782@group-5EC277DF3249-LeaderElection101] INFO  impl.LeaderElection (LeaderElection.java:logAndReturn(56)) - 47aecc56-7e95-480d-b89c-2c00d33b4782@group-5EC277DF3249-LeaderElection101: Election REJECTED; received 2 response(s) [47aecc56-7e95-480d-b89c-2c00d33b4782<-1bc296c6-def6-4ae4-8c62-5b4c951a28f1#0:FAIL-t95, 47aecc56-7e95-480d-b89c-2c00d33b4782<-bc0382cc-50e2-4d58-b2de-e8b6250f3520#0:FAIL-t95] and 0 exception(s); 47aecc56-7e95-480d-b89c-2c00d33b4782@group-5EC277DF3249:t95, leader=null, voted=47aecc56-7e95-480d-b89c-2c00d33b4782, raftlog=47aecc56-7e95-480d-b89c-2c00d33b4782@group-5EC277DF3249-SegmentedRaftLog:OPENED:c-1,f-1,i0, conf=-1: [47aecc56-7e95-480d-b89c-2c00d33b4782:192.168.69.67:34550, 1bc296c6-def6-4ae4-8c62-5b4c951a28f1:192.168.69.67:37222, bc0382cc-50e2-4d58-b2de-e8b6250f3520:192.168.69.67:37666], old=null
2019-10-18 08:20:01,379 [47aecc56-7e95-480d-b89c-2c00d33b4782@group-5EC277DF3249-LeaderElection101] INFO  impl.RaftServerImpl (RaftServerImpl.java:setRole(184)) - 47aecc56-7e95-480d-b89c-2c00d33b4782@group-5EC277DF3249: changes role from CANDIDATE to FOLLOWER at term 95 for DISCOVERED_A_NEW_TERM
2019-10-18 08:20:01,379 [47aecc56-7e95-480d-b89c-2c00d33b4782@group-5EC277DF3249-LeaderElection101] INFO  impl.RoleInfo (RoleInfo.java:shutdownLeaderElection(134)) - 47aecc56-7e95-480d-b89c-2c00d33b4782: shutdown LeaderElection
2019-10-18 08:20:01,379 [47aecc56-7e95-480d-b89c-2c00d33b4782@group-5EC277DF3249-LeaderElection101] INFO  impl.RoleInfo (RoleInfo.java:updateAndGet(143)) - 47aecc56-7e95-480d-b89c-2c00d33b4782: start FollowerState
2019-10-18 08:20:01,514 [Thread-1309] INFO  impl.FollowerState (FollowerState.java:run(108)) - 47aecc56-7e95-480d-b89c-2c00d33b4782@group-5EC277DF3249-FollowerState: change to CANDIDATE, lastRpcTime:135ms, electionTimeout:135ms
2019-10-18 08:20:01,514 [Thread-1309] INFO  impl.RoleInfo (RoleInfo.java:shutdownFollowerState(121)) - 47aecc56-7e95-480d-b89c-2c00d33b4782: shutdown FollowerState
2019-10-18 08:20:01,515 [Thread-1309] INFO  impl.RaftServerImpl (RaftServerImpl.java:setRole(184)) - 47aecc56-7e95-480d-b89c-2c00d33b4782@group-5EC277DF3249: changes role from  FOLLOWER to CANDIDATE at term 95 for changeToCandidate
2019-10-18 08:20:01,515 [Thread-1309] INFO  impl.RoleInfo (RoleInfo.java:updateAndGet(143)) - 47aecc56-7e95-480d-b89c-2c00d33b4782: start LeaderElection
2019-10-18 08:20:01,529 [47aecc56-7e95-480d-b89c-2c00d33b4782@group-5EC277DF3249-LeaderElection102] INFO  impl.LeaderElection (LeaderElection.java:askForVotes(178)) - 47aecc56-7e95-480d-b89c-2c00d33b4782@group-5EC277DF3249-LeaderElection102: begin an election at term 96 for -1: [47aecc56-7e95-480d-b89c-2c00d33b4782:192.168.69.67:34550, 1bc296c6-def6-4ae4-8c62-5b4c951a28f1:192.168.69.67:37222, bc0382cc-50e2-4d58-b2de-e8b6250f3520:192.168.69.67:37666], old=null
2019-10-18 08:20:01,531 [grpc-default-executor-5] INFO  impl.RaftServerImpl (RaftServerImpl.java:setRole(184)) - 1bc296c6-def6-4ae4-8c62-5b4c951a28f1@group-5EC277DF3249: changes role from  FOLLOWER to FOLLOWER at term 96 for recognizeCandidate:47aecc56-7e95-480d-b89c-2c00d33b4782
2019-10-18 08:20:01,531 [grpc-default-executor-7] INFO  impl.RaftServerImpl (RaftServerImpl.java:setRole(184)) - bc0382cc-50e2-4d58-b2de-e8b6250f3520@group-5EC277DF3249: changes role from  FOLLOWER to FOLLOWER at term 96 for recognizeCandidate:47aecc56-7e95-480d-b89c-2c00d33b4782
2019-10-18 08:20:01,531 [grpc-default-executor-7] INFO  impl.RoleInfo (RoleInfo.java:shutdownFollowerState(121)) - bc0382cc-50e2-4d58-b2de-e8b6250f3520: shutdown FollowerState
2019-10-18 08:20:01,531 [grpc-default-executor-5] INFO  impl.RoleInfo (RoleInfo.java:shutdownFollowerState(121)) - 1bc296c6-def6-4ae4-8c62-5b4c951a28f1: shutdown FollowerState
2019-10-18 08:20:01,532 [Thread-1307] INFO  impl.FollowerState (FollowerState.java:run(117)) - bc0382cc-50e2-4d58-b2de-e8b6250f3520@group-5EC277DF3249-FollowerState was interrupted: java.lang.InterruptedException: sleep interrupted
2019-10-18 08:20:01,532 [grpc-default-executor-7] INFO  impl.RoleInfo (RoleInfo.java:updateAndGet(143)) - bc0382cc-50e2-4d58-b2de-e8b6250f3520: start FollowerState
2019-10-18 08:20:01,532 [Thread-1308] INFO  impl.FollowerState (FollowerState.java:run(117)) - 1bc296c6-def6-4ae4-8c62-5b4c951a28f1@group-5EC277DF3249-FollowerState was interrupted: java.lang.InterruptedException: sleep interrupted
2019-10-18 08:20:01,532 [grpc-default-executor-5] INFO  impl.RoleInfo (RoleInfo.java:updateAndGet(143)) - 1bc296c6-def6-4ae4-8c62-5b4c951a28f1: start FollowerState
2019-10-18 08:20:01,546 [47aecc56-7e95-480d-b89c-2c00d33b4782@group-5EC277DF3249-LeaderElection102] INFO  impl.LeaderElection (LeaderElection.java:logAndReturn(56)) - 47aecc56-7e95-480d-b89c-2c00d33b4782@group-5EC277DF3249-LeaderElection102: Election REJECTED; received 2 response(s) [47aecc56-7e95-480d-b89c-2c00d33b4782<-1bc296c6-def6-4ae4-8c62-5b4c951a28f1#0:FAIL-t96, 47aecc56-7e95-480d-b89c-2c00d33b4782<-bc0382cc-50e2-4d58-b2de-e8b6250f3520#0:FAIL-t96] and 0 exception(s); 47aecc56-7e95-480d-b89c-2c00d33b4782@group-5EC277DF3249:t96, leader=null, voted=47aecc56-7e95-480d-b89c-2c00d33b4782, raftlog=47aecc56-7e95-480d-b89c-2c00d33b4782@group-5EC277DF3249-SegmentedRaftLog:OPENED:c-1,f-1,i0, conf=-1: [47aecc56-7e95-480d-b89c-2c00d33b4782:192.168.69.67:34550, 1bc296c6-def6-4ae4-8c62-5b4c951a28f1:192.168.69.67:37222, bc0382cc-50e2-4d58-b2de-e8b6250f3520:192.168.69.67:37666], old=null
2019-10-18 08:20:01,546 [47aecc56-7e95-480d-b89c-2c00d33b4782@group-5EC277DF3249-LeaderElection102] INFO  impl.RaftServerImpl (RaftServerImpl.java:setRole(184)) - 47aecc56-7e95-480d-b89c-2c00d33b4782@group-5EC277DF3249: changes role from CANDIDATE to FOLLOWER at term 96 for DISCOVERED_A_NEW_TERM
2019-10-18 08:20:01,546 [47aecc56-7e95-480d-b89c-2c00d33b4782@group-5EC277DF3249-LeaderElection102] INFO  impl.RoleInfo (RoleInfo.java:shutdownLeaderElection(134)) - 47aecc56-7e95-480d-b89c-2c00d33b4782: shutdown LeaderElection
2019-10-18 08:20:01,547 [47aecc56-7e95-480d-b89c-2c00d33b4782@group-5EC277DF3249-LeaderElection102] INFO  impl.RoleInfo (RoleInfo.java:updateAndGet(143)) - 47aecc56-7e95-480d-b89c-2c00d33b4782: start FollowerState
2019-10-18 08:20:01,593 [Thread-1315] INFO  impl.FollowerState (FollowerState.java:run(108)) - 47aecc56-7e95-480d-b89c-2c00d33b4782@group-5EC277DF3249-FollowerState: change to CANDIDATE, lastRpcTime:46ms, electionTimeout:46ms
2019-10-18 08:20:01,593 [Thread-1315] INFO  impl.RoleInfo (RoleInfo.java:shutdownFollowerState(121)) - 47aecc56-7e95-480d-b89c-2c00d33b4782: shutdown FollowerState
2019-10-18 08:20:01,593 [Thread-1315] INFO  impl.RaftServerImpl (RaftServerImpl.java:setRole(184)) - 47aecc56-7e95-480d-b89c-2c00d33b4782@group-5EC277DF3249: changes role from  FOLLOWER to CANDIDATE at term 96 for changeToCandidate
2019-10-18 08:20:01,593 [Thread-1315] INFO  impl.RoleInfo (RoleInfo.java:updateAndGet(143)) - 47aecc56-7e95-480d-b89c-2c00d33b4782: start LeaderElection
2019-10-18 08:20:01,606 [47aecc56-7e95-480d-b89c-2c00d33b4782@group-5EC277DF3249-LeaderElection103] INFO  impl.LeaderElection (LeaderElection.java:askForVotes(178)) - 47aecc56-7e95-480d-b89c-2c00d33b4782@group-5EC277DF3249-LeaderElection103: begin an election at term 97 for -1: [47aecc56-7e95-480d-b89c-2c00d33b4782:192.168.69.67:34550, 1bc296c6-def6-4ae4-8c62-5b4c951a28f1:192.168.69.67:37222, bc0382cc-50e2-4d58-b2de-e8b6250f3520:192.168.69.67:37666], old=null
2019-10-18 08:20:01,608 [grpc-default-executor-5] INFO  impl.RaftServerImpl (RaftServerImpl.java:setRole(184)) - bc0382cc-50e2-4d58-b2de-e8b6250f3520@group-5EC277DF3249: changes role from  FOLLOWER to FOLLOWER at term 97 for recognizeCandidate:47aecc56-7e95-480d-b89c-2c00d33b4782
2019-10-18 08:20:01,608 [grpc-default-executor-7] INFO  impl.RaftServerImpl (RaftServerImpl.java:setRole(184)) - 1bc296c6-def6-4ae4-8c62-5b4c951a28f1@group-5EC277DF3249: changes role from  FOLLOWER to FOLLOWER at term 97 for recognizeCandidate:47aecc56-7e95-480d-b89c-2c00d33b4782
2019-10-18 08:20:01,609 [grpc-default-executor-5] INFO  impl.RoleInfo (RoleInfo.java:shutdownFollowerState(121)) - bc0382cc-50e2-4d58-b2de-e8b6250f3520: shutdown FollowerState
2019-10-18 08:20:01,609 [grpc-default-executor-7] INFO  impl.RoleInfo (RoleInfo.java:shutdownFollowerState(121)) - 1bc296c6-def6-4ae4-8c62-5b4c951a28f1: shutdown FollowerState
2019-10-18 08:20:01,609 [grpc-default-executor-5] INFO  impl.RoleInfo (RoleInfo.java:updateAndGet(143)) - bc0382cc-50e2-4d58-b2de-e8b6250f3520: start FollowerState
2019-10-18 08:20:01,609 [Thread-1314] INFO  impl.FollowerState (FollowerState.java:run(117)) - 1bc296c6-def6-4ae4-8c62-5b4c951a28f1@group-5EC277DF3249-FollowerState was interrupted: java.lang.InterruptedException: sleep interrupted
2019-10-18 08:20:01,609 [grpc-default-executor-7] INFO  impl.RoleInfo (RoleInfo.java:updateAndGet(143)) - 1bc296c6-def6-4ae4-8c62-5b4c951a28f1: start FollowerState
2019-10-18 08:20:01,609 [Thread-1313] INFO  impl.FollowerState (FollowerState.java:run(117)) - bc0382cc-50e2-4d58-b2de-e8b6250f3520@group-5EC277DF3249-FollowerState was interrupted: java.lang.InterruptedException: sleep interrupted
2019-10-18 08:20:01,623 [47aecc56-7e95-480d-b89c-2c00d33b4782@group-5EC277DF3249-LeaderElection103] INFO  impl.LeaderElection (LeaderElection.java:logAndReturn(56)) - 47aecc56-7e95-480d-b89c-2c00d33b4782@group-5EC277DF3249-LeaderElection103: Election REJECTED; received 2 response(s) [47aecc56-7e95-480d-b89c-2c00d33b4782<-1bc296c6-def6-4ae4-8c62-5b4c951a28f1#0:FAIL-t97, 47aecc56-7e95-480d-b89c-2c00d33b4782<-bc0382cc-50e2-4d58-b2de-e8b6250f3520#0:FAIL-t97] and 0 exception(s); 47aecc56-7e95-480d-b89c-2c00d33b4782@group-5EC277DF3249:t97, leader=null, voted=47aecc56-7e95-480d-b89c-2c00d33b4782, raftlog=47aecc56-7e95-480d-b89c-2c00d33b4782@group-5EC277DF3249-SegmentedRaftLog:OPENED:c-1,f-1,i0, conf=-1: [47aecc56-7e95-480d-b89c-2c00d33b4782:192.168.69.67:34550, 1bc296c6-def6-4ae4-8c62-5b4c951a28f1:192.168.69.67:37222, bc0382cc-50e2-4d58-b2de-e8b6250f3520:192.168.69.67:37666], old=null
2019-10-18 08:20:01,623 [47aecc56-7e95-480d-b89c-2c00d33b4782@group-5EC277DF3249-LeaderElection103] INFO  impl.RaftServerImpl (RaftServerImpl.java:setRole(184)) - 47aecc56-7e95-480d-b89c-2c00d33b4782@group-5EC277DF3249: changes role from CANDIDATE to FOLLOWER at term 97 for DISCOVERED_A_NEW_TERM
2019-10-18 08:20:01,623 [47aecc56-7e95-480d-b89c-2c00d33b4782@group-5EC277DF3249-LeaderElection103] INFO  impl.RoleInfo (RoleInfo.java:shutdownLeaderElection(134)) - 47aecc56-7e95-480d-b89c-2c00d33b4782: shutdown LeaderElection
2019-10-18 08:20:01,624 [47aecc56-7e95-480d-b89c-2c00d33b4782@group-5EC277DF3249-LeaderElection103] INFO  impl.RoleInfo (RoleInfo.java:updateAndGet(143)) - 47aecc56-7e95-480d-b89c-2c00d33b4782: start FollowerState
2019-10-18 08:20:01,796 [Thread-1321] INFO  impl.FollowerState (FollowerState.java:run(108)) - 47aecc56-7e95-480d-b89c-2c00d33b4782@group-5EC277DF3249-FollowerState: change to CANDIDATE, lastRpcTime:172ms, electionTimeout:172ms
2019-10-18 08:20:01,796 [Thread-1321] INFO  impl.RoleInfo (RoleInfo.java:shutdownFollowerState(121)) - 47aecc56-7e95-480d-b89c-2c00d33b4782: shutdown FollowerState
2019-10-18 08:20:01,796 [Thread-1321] INFO  impl.RaftServerImpl (RaftServerImpl.java:setRole(184)) - 47aecc56-7e95-480d-b89c-2c00d33b4782@group-5EC277DF3249: changes role from  FOLLOWER to CANDIDATE at term 97 for changeToCandidate
2019-10-18 08:20:01,796 [Thread-1321] INFO  impl.RoleInfo (RoleInfo.java:updateAndGet(143)) - 47aecc56-7e95-480d-b89c-2c00d33b4782: start LeaderElection
2019-10-18 08:20:01,810 [47aecc56-7e95-480d-b89c-2c00d33b4782@group-5EC277DF3249-LeaderElection104] INFO  impl.LeaderElection (LeaderElection.java:askForVotes(178)) - 47aecc56-7e95-480d-b89c-2c00d33b4782@group-5EC277DF3249-LeaderElection104: begin an election at term 98 for -1: [47aecc56-7e95-480d-b89c-2c00d33b4782:192.168.69.67:34550, 1bc296c6-def6-4ae4-8c62-5b4c951a28f1:192.168.69.67:37222, bc0382cc-50e2-4d58-b2de-e8b6250f3520:192.168.69.67:37666], old=null
2019-10-18 08:20:01,813 [grpc-default-executor-7] INFO  impl.RaftServerImpl (RaftServerImpl.java:setRole(184)) - 1bc296c6-def6-4ae4-8c62-5b4c951a28f1@group-5EC277DF3249: changes role from  FOLLOWER to FOLLOWER at term 98 for recognizeCandidate:47aecc56-7e95-480d-b89c-2c00d33b4782
2019-10-18 08:20:01,813 [grpc-default-executor-5] INFO  impl.RaftServerImpl (RaftServerImpl.java:setRole(184)) - bc0382cc-50e2-4d58-b2de-e8b6250f3520@group-5EC277DF3249: changes role from  FOLLOWER to FOLLOWER at term 98 for recognizeCandidate:47aecc56-7e95-480d-b89c-2c00d33b4782
2019-10-18 08:20:01,813 [grpc-default-executor-7] INFO  impl.RoleInfo (RoleInfo.java:shutdownFollowerState(121)) - 1bc296c6-def6-4ae4-8c62-5b4c951a28f1: shutdown FollowerState
2019-10-18 08:20:01,813 [grpc-default-executor-5] INFO  impl.RoleInfo (RoleInfo.java:shutdownFollowerState(121)) - bc0382cc-50e2-4d58-b2de-e8b6250f3520: shutdown FollowerState
2019-10-18 08:20:01,814 [grpc-default-executor-7] INFO  impl.RoleInfo (RoleInfo.java:updateAndGet(143)) - 1bc296c6-def6-4ae4-8c62-5b4c951a28f1: start FollowerState
2019-10-18 08:20:01,814 [Thread-1319] INFO  impl.FollowerState (FollowerState.java:run(117)) - bc0382cc-50e2-4d58-b2de-e8b6250f3520@group-5EC277DF3249-FollowerState was interrupted: java.lang.InterruptedException: sleep interrupted
2019-10-18 08:20:01,814 [Thread-1320] INFO  impl.FollowerState (FollowerState.java:run(117)) - 1bc296c6-def6-4ae4-8c62-5b4c951a28f1@group-5EC277DF3249-FollowerState was interrupted: java.lang.InterruptedException: sleep interrupted
2019-10-18 08:20:01,814 [grpc-default-executor-5] INFO  impl.RoleInfo (RoleInfo.java:updateAndGet(143)) - bc0382cc-50e2-4d58-b2de-e8b6250f3520: start FollowerState
2019-10-18 08:20:01,828 [47aecc56-7e95-480d-b89c-2c00d33b4782@group-5EC277DF3249-LeaderElection104] INFO  impl.LeaderElection (LeaderElection.java:logAndReturn(56)) - 47aecc56-7e95-480d-b89c-2c00d33b4782@group-5EC277DF3249-LeaderElection104: Election REJECTED; received 2 response(s) [47aecc56-7e95-480d-b89c-2c00d33b4782<-1bc296c6-def6-4ae4-8c62-5b4c951a28f1#0:FAIL-t98, 47aecc56-7e95-480d-b89c-2c00d33b4782<-bc0382cc-50e2-4d58-b2de-e8b6250f3520#0:FAIL-t98] and 0 exception(s); 47aecc56-7e95-480d-b89c-2c00d33b4782@group-5EC277DF3249:t98, leader=null, voted=47aecc56-7e95-480d-b89c-2c00d33b4782, raftlog=47aecc56-7e95-480d-b89c-2c00d33b4782@group-5EC277DF3249-SegmentedRaftLog:OPENED:c-1,f-1,i0, conf=-1: [47aecc56-7e95-480d-b89c-2c00d33b4782:192.168.69.67:34550, 1bc296c6-def6-4ae4-8c62-5b4c951a28f1:192.168.69.67:37222, bc0382cc-50e2-4d58-b2de-e8b6250f3520:192.168.69.67:37666], old=null
2019-10-18 08:20:01,828 [47aecc56-7e95-480d-b89c-2c00d33b4782@group-5EC277DF3249-LeaderElection104] INFO  impl.RaftServerImpl (RaftServerImpl.java:setRole(184)) - 47aecc56-7e95-480d-b89c-2c00d33b4782@group-5EC277DF3249: changes role from CANDIDATE to FOLLOWER at term 98 for DISCOVERED_A_NEW_TERM
2019-10-18 08:20:01,828 [47aecc56-7e95-480d-b89c-2c00d33b4782@group-5EC277DF3249-LeaderElection104] INFO  impl.RoleInfo (RoleInfo.java:shutdownLeaderElection(134)) - 47aecc56-7e95-480d-b89c-2c00d33b4782: shutdown LeaderElection
2019-10-18 08:20:01,829 [47aecc56-7e95-480d-b89c-2c00d33b4782@group-5EC277DF3249-LeaderElection104] INFO  impl.RoleInfo (RoleInfo.java:updateAndGet(143)) - 47aecc56-7e95-480d-b89c-2c00d33b4782: start FollowerState
2019-10-18 08:20:02,012 [Thread-1327] INFO  impl.FollowerState (FollowerState.java:run(108)) - 47aecc56-7e95-480d-b89c-2c00d33b4782@group-5EC277DF3249-FollowerState: change to CANDIDATE, lastRpcTime:183ms, electionTimeout:183ms
2019-10-18 08:20:02,012 [Thread-1327] INFO  impl.RoleInfo (RoleInfo.java:shutdownFollowerState(121)) - 47aecc56-7e95-480d-b89c-2c00d33b4782: shutdown FollowerState
2019-10-18 08:20:02,013 [Thread-1327] INFO  impl.RaftServerImpl (RaftServerImpl.java:setRole(184)) - 47aecc56-7e95-480d-b89c-2c00d33b4782@group-5EC277DF3249: changes role from  FOLLOWER to CANDIDATE at term 98 for changeToCandidate
2019-10-18 08:20:02,013 [Thread-1327] INFO  impl.RoleInfo (RoleInfo.java:updateAndGet(143)) - 47aecc56-7e95-480d-b89c-2c00d33b4782: start LeaderElection
2019-10-18 08:20:02,038 [47aecc56-7e95-480d-b89c-2c00d33b4782@group-5EC277DF3249-LeaderElection105] INFO  impl.LeaderElection (LeaderElection.java:askForVotes(178)) - 47aecc56-7e95-480d-b89c-2c00d33b4782@group-5EC277DF3249-LeaderElection105: begin an election at term 99 for -1: [47aecc56-7e95-480d-b89c-2c00d33b4782:192.168.69.67:34550, 1bc296c6-def6-4ae4-8c62-5b4c951a28f1:192.168.69.67:37222, bc0382cc-50e2-4d58-b2de-e8b6250f3520:192.168.69.67:37666], old=null
2019-10-18 08:20:02,042 [grpc-default-executor-5] INFO  impl.RaftServerImpl (RaftServerImpl.java:setRole(184)) - 1bc296c6-def6-4ae4-8c62-5b4c951a28f1@group-5EC277DF3249: changes role from  FOLLOWER to FOLLOWER at term 99 for recognizeCandidate:47aecc56-7e95-480d-b89c-2c00d33b4782
2019-10-18 08:20:02,042 [grpc-default-executor-7] INFO  impl.RaftServerImpl (RaftServerImpl.java:setRole(184)) - bc0382cc-50e2-4d58-b2de-e8b6250f3520@group-5EC277DF3249: changes role from  FOLLOWER to FOLLOWER at term 99 for recognizeCandidate:47aecc56-7e95-480d-b89c-2c00d33b4782
2019-10-18 08:20:02,042 [grpc-default-executor-5] INFO  impl.RoleInfo (RoleInfo.java:shutdownFollowerState(121)) - 1bc296c6-def6-4ae4-8c62-5b4c951a28f1: shutdown FollowerState
2019-10-18 08:20:02,042 [grpc-default-executor-7] INFO  impl.RoleInfo (RoleInfo.java:shutdownFollowerState(121)) - bc0382cc-50e2-4d58-b2de-e8b6250f3520: shutdown FollowerState
2019-10-18 08:20:02,042 [grpc-default-executor-5] INFO  impl.RoleInfo (RoleInfo.java:updateAndGet(143)) - 1bc296c6-def6-4ae4-8c62-5b4c951a28f1: start FollowerState
2019-10-18 08:20:02,042 [Thread-1325] INFO  impl.FollowerState (FollowerState.java:run(117)) - 1bc296c6-def6-4ae4-8c62-5b4c951a28f1@group-5EC277DF3249-FollowerState was interrupted: java.lang.InterruptedException: sleep interrupted
2019-10-18 08:20:02,042 [grpc-default-executor-7] INFO  impl.RoleInfo (RoleInfo.java:updateAndGet(143)) - bc0382cc-50e2-4d58-b2de-e8b6250f3520: start FollowerState
2019-10-18 08:20:02,043 [Thread-1326] INFO  impl.FollowerState (FollowerState.java:run(117)) - bc0382cc-50e2-4d58-b2de-e8b6250f3520@group-5EC277DF3249-FollowerState was interrupted: java.lang.InterruptedException: sleep interrupted
2019-10-18 08:20:02,056 [47aecc56-7e95-480d-b89c-2c00d33b4782@group-5EC277DF3249-LeaderElection105] INFO  impl.LeaderElection (LeaderElection.java:logAndReturn(56)) - 47aecc56-7e95-480d-b89c-2c00d33b4782@group-5EC277DF3249-LeaderElection105: Election REJECTED; received 2 response(s) [47aecc56-7e95-480d-b89c-2c00d33b4782<-1bc296c6-def6-4ae4-8c62-5b4c951a28f1#0:FAIL-t99, 47aecc56-7e95-480d-b89c-2c00d33b4782<-bc0382cc-50e2-4d58-b2de-e8b6250f3520#0:FAIL-t99] and 0 exception(s); 47aecc56-7e95-480d-b89c-2c00d33b4782@group-5EC277DF3249:t99, leader=null, voted=47aecc56-7e95-480d-b89c-2c00d33b4782, raftlog=47aecc56-7e95-480d-b89c-2c00d33b4782@group-5EC277DF3249-SegmentedRaftLog:OPENED:c-1,f-1,i0, conf=-1: [47aecc56-7e95-480d-b89c-2c00d33b4782:192.168.69.67:34550, 1bc296c6-def6-4ae4-8c62-5b4c951a28f1:192.168.69.67:37222, bc0382cc-50e2-4d58-b2de-e8b6250f3520:192.168.69.67:37666], old=null
2019-10-18 08:20:02,056 [47aecc56-7e95-480d-b89c-2c00d33b4782@group-5EC277DF3249-LeaderElection105] INFO  impl.RaftServerImpl (RaftServerImpl.java:setRole(184)) - 47aecc56-7e95-480d-b89c-2c00d33b4782@group-5EC277DF3249: changes role from CANDIDATE to FOLLOWER at term 99 for DISCOVERED_A_NEW_TERM
2019-10-18 08:20:02,056 [47aecc56-7e95-480d-b89c-2c00d33b4782@group-5EC277DF3249-LeaderElection105] INFO  impl.RoleInfo (RoleInfo.java:shutdownLeaderElection(134)) - 47aecc56-7e95-480d-b89c-2c00d33b4782: shutdown LeaderElection
2019-10-18 08:20:02,056 [47aecc56-7e95-480d-b89c-2c00d33b4782@group-5EC277DF3249-LeaderElection105] INFO  impl.RoleInfo (RoleInfo.java:updateAndGet(143)) - 47aecc56-7e95-480d-b89c-2c00d33b4782: start FollowerState
 0.00% |?                                                                                                    |  0/1 Time: 0:04:102019-10-18 08:20:02,184 [Thread-1333] INFO  impl.FollowerState (FollowerState.java:run(108)) - 47aecc56-7e95-480d-b89c-2c00d33b4782@group-5EC277DF3249-FollowerState: change to CANDIDATE, lastRpcTime:128ms, electionTimeout:128ms
2019-10-18 08:20:02,185 [Thread-1333] INFO  impl.RoleInfo (RoleInfo.java:shutdownFollowerState(121)) - 47aecc56-7e95-480d-b89c-2c00d33b4782: shutdown FollowerState
2019-10-18 08:20:02,185 [Thread-1333] INFO  impl.RaftServerImpl (RaftServerImpl.java:setRole(184)) - 47aecc56-7e95-480d-b89c-2c00d33b4782@group-5EC277DF3249: changes role from  FOLLOWER to CANDIDATE at term 99 for changeToCandidate
2019-10-18 08:20:02,185 [Thread-1333] INFO  impl.RoleInfo (RoleInfo.java:updateAndGet(143)) - 47aecc56-7e95-480d-b89c-2c00d33b4782: start LeaderElection
2019-10-18 08:20:02,199 [47aecc56-7e95-480d-b89c-2c00d33b4782@group-5EC277DF3249-LeaderElection106] INFO  impl.LeaderElection (LeaderElection.java:askForVotes(178)) - 47aecc56-7e95-480d-b89c-2c00d33b4782@group-5EC277DF3249-LeaderElection106: begin an election at term 100 for -1: [47aecc56-7e95-480d-b89c-2c00d33b4782:192.168.69.67:34550, 1bc296c6-def6-4ae4-8c62-5b4c951a28f1:192.168.69.67:37222, bc0382cc-50e2-4d58-b2de-e8b6250f3520:192.168.69.67:37666], old=null
2019-10-18 08:20:02,207 [grpc-default-executor-5] INFO  impl.RaftServerImpl (RaftServerImpl.java:setRole(184)) - 1bc296c6-def6-4ae4-8c62-5b4c951a28f1@group-5EC277DF3249: changes role from  FOLLOWER to FOLLOWER at term 100 for recognizeCandidate:47aecc56-7e95-480d-b89c-2c00d33b4782
2019-10-18 08:20:02,208 [grpc-default-executor-5] INFO  impl.RoleInfo (RoleInfo.java:shutdownFollowerState(121)) - 1bc296c6-def6-4ae4-8c62-5b4c951a28f1: shutdown FollowerState
2019-10-18 08:20:02,208 [grpc-default-executor-7] INFO  impl.RaftServerImpl (RaftServerImpl.java:setRole(184)) - bc0382cc-50e2-4d58-b2de-e8b6250f3520@group-5EC277DF3249: changes role from  FOLLOWER to FOLLOWER at term 100 for recognizeCandidate:47aecc56-7e95-480d-b89c-2c00d33b4782
2019-10-18 08:20:02,208 [grpc-default-executor-7] INFO  impl.RoleInfo (RoleInfo.java:shutdownFollowerState(121)) - bc0382cc-50e2-4d58-b2de-e8b6250f3520: shutdown FollowerState
2019-10-18 08:20:02,215 [grpc-default-executor-7] INFO  impl.RoleInfo (RoleInfo.java:updateAndGet(143)) - bc0382cc-50e2-4d58-b2de-e8b6250f3520: start FollowerState
2019-10-18 08:20:02,215 [Thread-1331] INFO  impl.FollowerState (FollowerState.java:run(117)) - 1bc296c6-def6-4ae4-8c62-5b4c951a28f1@group-5EC277DF3249-FollowerState was interrupted: java.lang.InterruptedException: sleep interrupted
2019-10-18 08:20:02,215 [Thread-1332] INFO  impl.FollowerState (FollowerState.java:run(117)) - bc0382cc-50e2-4d58-b2de-e8b6250f3520@group-5EC277DF3249-FollowerState was interrupted: java.lang.InterruptedException: sleep interrupted
2019-10-18 08:20:02,215 [grpc-default-executor-5] INFO  impl.RoleInfo (RoleInfo.java:updateAndGet(143)) - 1bc296c6-def6-4ae4-8c62-5b4c951a28f1: start FollowerState
2019-10-18 08:20:02,229 [47aecc56-7e95-480d-b89c-2c00d33b4782@group-5EC277DF3249-LeaderElection106] INFO  impl.LeaderElection (LeaderElection.java:logAndReturn(56)) - 47aecc56-7e95-480d-b89c-2c00d33b4782@group-5EC277DF3249-LeaderElection106: Election REJECTED; received 2 response(s) [47aecc56-7e95-480d-b89c-2c00d33b4782<-1bc296c6-def6-4ae4-8c62-5b4c951a28f1#0:FAIL-t100, 47aecc56-7e95-480d-b89c-2c00d33b4782<-bc0382cc-50e2-4d58-b2de-e8b6250f3520#0:FAIL-t100] and 0 exception(s); 47aecc56-7e95-480d-b89c-2c00d33b4782@group-5EC277DF3249:t100, leader=null, voted=47aecc56-7e95-480d-b89c-2c00d33b4782, raftlog=47aecc56-7e95-480d-b89c-2c00d33b4782@group-5EC277DF3249-SegmentedRaftLog:OPENED:c-1,f-1,i0, conf=-1: [47aecc56-7e95-480d-b89c-2c00d33b4782:192.168.69.67:34550, 1bc296c6-def6-4ae4-8c62-5b4c951a28f1:192.168.69.67:37222, bc0382cc-50e2-4d58-b2de-e8b6250f3520:192.168.69.67:37666], old=null
2019-10-18 08:20:02,229 [47aecc56-7e95-480d-b89c-2c00d33b4782@group-5EC277DF3249-LeaderElection106] INFO  impl.RaftServerImpl (RaftServerImpl.java:setRole(184)) - 47aecc56-7e95-480d-b89c-2c00d33b4782@group-5EC277DF3249: changes role from CANDIDATE to FOLLOWER at term 100 for DISCOVERED_A_NEW_TERM
2019-10-18 08:20:02,229 [47aecc56-7e95-480d-b89c-2c00d33b4782@group-5EC277DF3249-LeaderElection106] INFO  impl.RoleInfo (RoleInfo.java:shutdownLeaderElection(134)) - 47aecc56-7e95-480d-b89c-2c00d33b4782: shutdown LeaderElection
2019-10-18 08:20:02,230 [47aecc56-7e95-480d-b89c-2c00d33b4782@group-5EC277DF3249-LeaderElection106] INFO  impl.RoleInfo (RoleInfo.java:updateAndGet(143)) - 47aecc56-7e95-480d-b89c-2c00d33b4782: start FollowerState
2019-10-18 08:20:02,236 [Thread-1339] INFO  impl.FollowerState (FollowerState.java:run(108)) - 47aecc56-7e95-480d-b89c-2c00d33b4782@group-5EC277DF3249-FollowerState: change to CANDIDATE, lastRpcTime:6ms, electionTimeout:6ms
2019-10-18 08:20:02,236 [Thread-1339] INFO  impl.RoleInfo (RoleInfo.java:shutdownFollowerState(121)) - 47aecc56-7e95-480d-b89c-2c00d33b4782: shutdown FollowerState
2019-10-18 08:20:02,237 [Thread-1339] INFO  impl.RaftServerImpl (RaftServerImpl.java:setRole(184)) - 47aecc56-7e95-480d-b89c-2c00d33b4782@group-5EC277DF3249: changes role from  FOLLOWER to CANDIDATE at term 100 for changeToCandidate
2019-10-18 08:20:02,237 [Thread-1339] INFO  impl.RoleInfo (RoleInfo.java:updateAndGet(143)) - 47aecc56-7e95-480d-b89c-2c00d33b4782: start LeaderElection
2019-10-18 08:20:02,251 [47aecc56-7e95-480d-b89c-2c00d33b4782@group-5EC277DF3249-LeaderElection107] INFO  impl.LeaderElection (LeaderElection.java:askForVotes(178)) - 47aecc56-7e95-480d-b89c-2c00d33b4782@group-5EC277DF3249-LeaderElection107: begin an election at term 101 for -1: [47aecc56-7e95-480d-b89c-2c00d33b4782:192.168.69.67:34550, 1bc296c6-def6-4ae4-8c62-5b4c951a28f1:192.168.69.67:37222, bc0382cc-50e2-4d58-b2de-e8b6250f3520:192.168.69.67:37666], old=null
2019-10-18 08:20:02,253 [grpc-default-executor-7] INFO  impl.RaftServerImpl (RaftServerImpl.java:setRole(184)) - bc0382cc-50e2-4d58-b2de-e8b6250f3520@group-5EC277DF3249: changes role from  FOLLOWER to FOLLOWER at term 101 for recognizeCandidate:47aecc56-7e95-480d-b89c-2c00d33b4782
2019-10-18 08:20:02,253 [grpc-default-executor-7] INFO  impl.RoleInfo (RoleInfo.java:shutdownFollowerState(121)) - bc0382cc-50e2-4d58-b2de-e8b6250f3520: shutdown FollowerState
2019-10-18 08:20:02,254 [grpc-default-executor-7] INFO  impl.RoleInfo (RoleInfo.java:updateAndGet(143)) - bc0382cc-50e2-4d58-b2de-e8b6250f3520: start FollowerState
2019-10-18 08:20:02,254 [Thread-1337] INFO  impl.FollowerState (FollowerState.java:run(117)) - bc0382cc-50e2-4d58-b2de-e8b6250f3520@group-5EC277DF3249-FollowerState was interrupted: java.lang.InterruptedException: sleep interrupted
2019-10-18 08:20:02,254 [grpc-default-executor-5] INFO  impl.RaftServerImpl (RaftServerImpl.java:setRole(184)) - 1bc296c6-def6-4ae4-8c62-5b4c951a28f1@group-5EC277DF3249: changes role from  FOLLOWER to FOLLOWER at term 101 for recognizeCandidate:47aecc56-7e95-480d-b89c-2c00d33b4782
2019-10-18 08:20:02,254 [grpc-default-executor-5] INFO  impl.RoleInfo (RoleInfo.java:shutdownFollowerState(121)) - 1bc296c6-def6-4ae4-8c62-5b4c951a28f1: shutdown FollowerState
2019-10-18 08:20:02,254 [grpc-default-executor-5] INFO  impl.RoleInfo (RoleInfo.java:updateAndGet(143)) - 1bc296c6-def6-4ae4-8c62-5b4c951a28f1: start FollowerState
2019-10-18 08:20:02,254 [Thread-1338] INFO  impl.FollowerState (FollowerState.java:run(117)) - 1bc296c6-def6-4ae4-8c62-5b4c951a28f1@group-5EC277DF3249-FollowerState was interrupted: java.lang.InterruptedException: sleep interrupted
2019-10-18 08:20:02,268 [47aecc56-7e95-480d-b89c-2c00d33b4782@group-5EC277DF3249-LeaderElection107] INFO  impl.LeaderElection (LeaderElection.java:logAndReturn(56)) - 47aecc56-7e95-480d-b89c-2c00d33b4782@group-5EC277DF3249-LeaderElection107: Election REJECTED; received 2 response(s) [47aecc56-7e95-480d-b89c-2c00d33b4782<-1bc296c6-def6-4ae4-8c62-5b4c951a28f1#0:FAIL-t101, 47aecc56-7e95-480d-b89c-2c00d33b4782<-bc0382cc-50e2-4d58-b2de-e8b6250f3520#0:FAIL-t101] and 0 exception(s); 47aecc56-7e95-480d-b89c-2c00d33b4782@group-5EC277DF3249:t101, leader=null, voted=47aecc56-7e95-480d-b89c-2c00d33b4782, raftlog=47aecc56-7e95-480d-b89c-2c00d33b4782@group-5EC277DF3249-SegmentedRaftLog:OPENED:c-1,f-1,i0, conf=-1: [47aecc56-7e95-480d-b89c-2c00d33b4782:192.168.69.67:34550, 1bc296c6-def6-4ae4-8c62-5b4c951a28f1:192.168.69.67:37222, bc0382cc-50e2-4d58-b2de-e8b6250f3520:192.168.69.67:37666], old=null
2019-10-18 08:20:02,268 [47aecc56-7e95-480d-b89c-2c00d33b4782@group-5EC277DF3249-LeaderElection107] INFO  impl.RaftServerImpl (RaftServerImpl.java:setRole(184)) - 47aecc56-7e95-480d-b89c-2c00d33b4782@group-5EC277DF3249: changes role from CANDIDATE to FOLLOWER at term 101 for DISCOVERED_A_NEW_TERM
2019-10-18 08:20:02,269 [47aecc56-7e95-480d-b89c-2c00d33b4782@group-5EC277DF3249-LeaderElection107] INFO  impl.RoleInfo (RoleInfo.java:shutdownLeaderElection(134)) - 47aecc56-7e95-480d-b89c-2c00d33b4782: shutdown LeaderElection
2019-10-18 08:20:02,269 [47aecc56-7e95-480d-b89c-2c00d33b4782@group-5EC277DF3249-LeaderElection107] INFO  impl.RoleInfo (RoleInfo.java:updateAndGet(143)) - 47aecc56-7e95-480d-b89c-2c00d33b4782: start FollowerState
2019-10-18 08:20:02,453 [Thread-1345] INFO  impl.FollowerState (FollowerState.java:run(108)) - 47aecc56-7e95-480d-b89c-2c00d33b4782@group-5EC277DF3249-FollowerState: change to CANDIDATE, lastRpcTime:184ms, electionTimeout:184ms
2019-10-18 08:20:02,454 [Thread-1345] INFO  impl.RoleInfo (RoleInfo.java:shutdownFollowerState(121)) - 47aecc56-7e95-480d-b89c-2c00d33b4782: shutdown FollowerState
2019-10-18 08:20:02,455 [Thread-1345] INFO  impl.RaftServerImpl (RaftServerImpl.java:setRole(184)) - 47aecc56-7e95-480d-b89c-2c00d33b4782@group-5EC277DF3249: changes role from  FOLLOWER to CANDIDATE at term 101 for changeToCandidate
2019-10-18 08:20:02,455 [Thread-1345] INFO  impl.RoleInfo (RoleInfo.java:updateAndGet(143)) - 47aecc56-7e95-480d-b89c-2c00d33b4782: start LeaderElection
2019-10-18 08:20:02,482 [47aecc56-7e95-480d-b89c-2c00d33b4782@group-5EC277DF3249-LeaderElection108] INFO  impl.LeaderElection (LeaderElection.java:askForVotes(178)) - 47aecc56-7e95-480d-b89c-2c00d33b4782@group-5EC277DF3249-LeaderElection108: begin an election at term 102 for -1: [47aecc56-7e95-480d-b89c-2c00d33b4782:192.168.69.67:34550, 1bc296c6-def6-4ae4-8c62-5b4c951a28f1:192.168.69.67:37222, bc0382cc-50e2-4d58-b2de-e8b6250f3520:192.168.69.67:37666], old=null
2019-10-18 08:20:02,487 [grpc-default-executor-7] INFO  impl.RaftServerImpl (RaftServerImpl.java:setRole(184)) - 1bc296c6-def6-4ae4-8c62-5b4c951a28f1@group-5EC277DF3249: changes role from  FOLLOWER to FOLLOWER at term 102 for recognizeCandidate:47aecc56-7e95-480d-b89c-2c00d33b4782
2019-10-18 08:20:02,487 [grpc-default-executor-5] INFO  impl.RaftServerImpl (RaftServerImpl.java:setRole(184)) - bc0382cc-50e2-4d58-b2de-e8b6250f3520@group-5EC277DF3249: changes role from  FOLLOWER to FOLLOWER at term 102 for recognizeCandidate:47aecc56-7e95-480d-b89c-2c00d33b4782
2019-10-18 08:20:02,488 [grpc-default-executor-7] INFO  impl.RoleInfo (RoleInfo.java:shutdownFollowerState(121)) - 1bc296c6-def6-4ae4-8c62-5b4c951a28f1: shutdown FollowerState
2019-10-18 08:20:02,488 [grpc-default-executor-5] INFO  impl.RoleInfo (RoleInfo.java:shutdownFollowerState(121)) - bc0382cc-50e2-4d58-b2de-e8b6250f3520: shutdown FollowerState
2019-10-18 08:20:02,488 [grpc-default-executor-7] INFO  impl.RoleInfo (RoleInfo.java:updateAndGet(143)) - 1bc296c6-def6-4ae4-8c62-5b4c951a28f1: start FollowerState
2019-10-18 08:20:02,488 [Thread-1343] INFO  impl.FollowerState (FollowerState.java:run(117)) - bc0382cc-50e2-4d58-b2de-e8b6250f3520@group-5EC277DF3249-FollowerState was interrupted: java.lang.InterruptedException: sleep interrupted
2019-10-18 08:20:02,488 [grpc-default-executor-5] INFO  impl.RoleInfo (RoleInfo.java:updateAndGet(143)) - bc0382cc-50e2-4d58-b2de-e8b6250f3520: start FollowerState
2019-10-18 08:20:02,488 [Thread-1344] INFO  impl.FollowerState (FollowerState.java:run(117)) - 1bc296c6-def6-4ae4-8c62-5b4c951a28f1@group-5EC277DF3249-FollowerState was interrupted: java.lang.InterruptedException: sleep interrupted
2019-10-18 08:20:02,512 [47aecc56-7e95-480d-b89c-2c00d33b4782@group-5EC277DF3249-LeaderElection108] INFO  impl.LeaderElection (LeaderElection.java:logAndReturn(56)) - 47aecc56-7e95-480d-b89c-2c00d33b4782@group-5EC277DF3249-LeaderElection108: Election REJECTED; received 2 response(s) [47aecc56-7e95-480d-b89c-2c00d33b4782<-1bc296c6-def6-4ae4-8c62-5b4c951a28f1#0:FAIL-t102, 47aecc56-7e95-480d-b89c-2c00d33b4782<-bc0382cc-50e2-4d58-b2de-e8b6250f3520#0:FAIL-t102] and 0 exception(s); 47aecc56-7e95-480d-b89c-2c00d33b4782@group-5EC277DF3249:t102, leader=null, voted=47aecc56-7e95-480d-b89c-2c00d33b4782, raftlog=47aecc56-7e95-480d-b89c-2c00d33b4782@group-5EC277DF3249-SegmentedRaftLog:OPENED:c-1,f-1,i0, conf=-1: [47aecc56-7e95-480d-b89c-2c00d33b4782:192.168.69.67:34550, 1bc296c6-def6-4ae4-8c62-5b4c951a28f1:192.168.69.67:37222, bc0382cc-50e2-4d58-b2de-e8b6250f3520:192.168.69.67:37666], old=null
2019-10-18 08:20:02,512 [47aecc56-7e95-480d-b89c-2c00d33b4782@group-5EC277DF3249-LeaderElection108] INFO  impl.RaftServerImpl (RaftServerImpl.java:setRole(184)) - 47aecc56-7e95-480d-b89c-2c00d33b4782@group-5EC277DF3249: changes role from CANDIDATE to FOLLOWER at term 102 for DISCOVERED_A_NEW_TERM
2019-10-18 08:20:02,512 [47aecc56-7e95-480d-b89c-2c00d33b4782@group-5EC277DF3249-LeaderElection108] INFO  impl.RoleInfo (RoleInfo.java:shutdownLeaderElection(134)) - 47aecc56-7e95-480d-b89c-2c00d33b4782: shutdown LeaderElection
2019-10-18 08:20:02,512 [47aecc56-7e95-480d-b89c-2c00d33b4782@group-5EC277DF3249-LeaderElection108] INFO  impl.RoleInfo (RoleInfo.java:updateAndGet(143)) - 47aecc56-7e95-480d-b89c-2c00d33b4782: start FollowerState
2019-10-18 08:20:02,641 [Thread-1351] INFO  impl.FollowerState (FollowerState.java:run(108)) - 47aecc56-7e95-480d-b89c-2c00d33b4782@group-5EC277DF3249-FollowerState: change to CANDIDATE, lastRpcTime:129ms, electionTimeout:129ms
2019-10-18 08:20:02,642 [Thread-1351] INFO  impl.RoleInfo (RoleInfo.java:shutdownFollowerState(121)) - 47aecc56-7e95-480d-b89c-2c00d33b4782: shutdown FollowerState
2019-10-18 08:20:02,642 [Thread-1351] INFO  impl.RaftServerImpl (RaftServerImpl.java:setRole(184)) - 47aecc56-7e95-480d-b89c-2c00d33b4782@group-5EC277DF3249: changes role from  FOLLOWER to CANDIDATE at term 102 for changeToCandidate
2019-10-18 08:20:02,642 [Thread-1351] INFO  impl.RoleInfo (RoleInfo.java:updateAndGet(143)) - 47aecc56-7e95-480d-b89c-2c00d33b4782: start LeaderElection
2019-10-18 08:20:02,668 [47aecc56-7e95-480d-b89c-2c00d33b4782@group-5EC277DF3249-LeaderElection109] INFO  impl.LeaderElection (LeaderElection.java:askForVotes(178)) - 47aecc56-7e95-480d-b89c-2c00d33b4782@group-5EC277DF3249-LeaderElection109: begin an election at term 103 for -1: [47aecc56-7e95-480d-b89c-2c00d33b4782:192.168.69.67:34550, 1bc296c6-def6-4ae4-8c62-5b4c951a28f1:192.168.69.67:37222, bc0382cc-50e2-4d58-b2de-e8b6250f3520:192.168.69.67:37666], old=null
2019-10-18 08:20:02,670 [grpc-default-executor-7] INFO  impl.RaftServerImpl (RaftServerImpl.java:setRole(184)) - 1bc296c6-def6-4ae4-8c62-5b4c951a28f1@group-5EC277DF3249: changes role from  FOLLOWER to FOLLOWER at term 103 for recognizeCandidate:47aecc56-7e95-480d-b89c-2c00d33b4782
2019-10-18 08:20:02,670 [grpc-default-executor-5] INFO  impl.RaftServerImpl (RaftServerImpl.java:setRole(184)) - bc0382cc-50e2-4d58-b2de-e8b6250f3520@group-5EC277DF3249: changes role from  FOLLOWER to FOLLOWER at term 103 for recognizeCandidate:47aecc56-7e95-480d-b89c-2c00d33b4782
2019-10-18 08:20:02,670 [grpc-default-executor-7] INFO  impl.RoleInfo (RoleInfo.java:shutdownFollowerState(121)) - 1bc296c6-def6-4ae4-8c62-5b4c951a28f1: shutdown FollowerState
2019-10-18 08:20:02,670 [grpc-default-executor-5] INFO  impl.RoleInfo (RoleInfo.java:shutdownFollowerState(121)) - bc0382cc-50e2-4d58-b2de-e8b6250f3520: shutdown FollowerState
2019-10-18 08:20:02,670 [grpc-default-executor-7] INFO  impl.RoleInfo (RoleInfo.java:updateAndGet(143)) - 1bc296c6-def6-4ae4-8c62-5b4c951a28f1: start FollowerState
2019-10-18 08:20:02,670 [Thread-1350] INFO  impl.FollowerState (FollowerState.java:run(117)) - bc0382cc-50e2-4d58-b2de-e8b6250f3520@group-5EC277DF3249-FollowerState was interrupted: java.lang.InterruptedException: sleep interrupted
2019-10-18 08:20:02,670 [Thread-1349] INFO  impl.FollowerState (FollowerState.java:run(117)) - 1bc296c6-def6-4ae4-8c62-5b4c951a28f1@group-5EC277DF3249-FollowerState was interrupted: java.lang.InterruptedException: sleep interrupted
2019-10-18 08:20:02,670 [grpc-default-executor-5] INFO  impl.RoleInfo (RoleInfo.java:updateAndGet(143)) - bc0382cc-50e2-4d58-b2de-e8b6250f3520: start FollowerState
2019-10-18 08:20:02,685 [47aecc56-7e95-480d-b89c-2c00d33b4782@group-5EC277DF3249-LeaderElection109] INFO  impl.LeaderElection (LeaderElection.java:logAndReturn(56)) - 47aecc56-7e95-480d-b89c-2c00d33b4782@group-5EC277DF3249-LeaderElection109: Election REJECTED; received 2 response(s) [47aecc56-7e95-480d-b89c-2c00d33b4782<-1bc296c6-def6-4ae4-8c62-5b4c951a28f1#0:FAIL-t103, 47aecc56-7e95-480d-b89c-2c00d33b4782<-bc0382cc-50e2-4d58-b2de-e8b6250f3520#0:FAIL-t103] and 0 exception(s); 47aecc56-7e95-480d-b89c-2c00d33b4782@group-5EC277DF3249:t103, leader=null, voted=47aecc56-7e95-480d-b89c-2c00d33b4782, raftlog=47aecc56-7e95-480d-b89c-2c00d33b4782@group-5EC277DF3249-SegmentedRaftLog:OPENED:c-1,f-1,i0, conf=-1: [47aecc56-7e95-480d-b89c-2c00d33b4782:192.168.69.67:34550, 1bc296c6-def6-4ae4-8c62-5b4c951a28f1:192.168.69.67:37222, bc0382cc-50e2-4d58-b2de-e8b6250f3520:192.168.69.67:37666], old=null
2019-10-18 08:20:02,685 [47aecc56-7e95-480d-b89c-2c00d33b4782@group-5EC277DF3249-LeaderElection109] INFO  impl.RaftServerImpl (RaftServerImpl.java:setRole(184)) - 47aecc56-7e95-480d-b89c-2c00d33b4782@group-5EC277DF3249: changes role from CANDIDATE to FOLLOWER at term 103 for DISCOVERED_A_NEW_TERM
2019-10-18 08:20:02,685 [47aecc56-7e95-480d-b89c-2c00d33b4782@group-5EC277DF3249-LeaderElection109] INFO  impl.RoleInfo (RoleInfo.java:shutdownLeaderElection(134)) - 47aecc56-7e95-480d-b89c-2c00d33b4782: shutdown LeaderElection
2019-10-18 08:20:02,685 [47aecc56-7e95-480d-b89c-2c00d33b4782@group-5EC277DF3249-LeaderElection109] INFO  impl.RoleInfo (RoleInfo.java:updateAndGet(143)) - 47aecc56-7e95-480d-b89c-2c00d33b4782: start FollowerState
2019-10-18 08:20:02,743 [Thread-1357] INFO  impl.FollowerState (FollowerState.java:run(108)) - 47aecc56-7e95-480d-b89c-2c00d33b4782@group-5EC277DF3249-FollowerState: change to CANDIDATE, lastRpcTime:57ms, electionTimeout:57ms
2019-10-18 08:20:02,743 [Thread-1357] INFO  impl.RoleInfo (RoleInfo.java:shutdownFollowerState(121)) - 47aecc56-7e95-480d-b89c-2c00d33b4782: shutdown FollowerState
2019-10-18 08:20:02,743 [Thread-1357] INFO  impl.RaftServerImpl (RaftServerImpl.java:setRole(184)) - 47aecc56-7e95-480d-b89c-2c00d33b4782@group-5EC277DF3249: changes role from  FOLLOWER to CANDIDATE at term 103 for changeToCandidate
2019-10-18 08:20:02,743 [Thread-1357] INFO  impl.RoleInfo (RoleInfo.java:updateAndGet(143)) - 47aecc56-7e95-480d-b89c-2c00d33b4782: start LeaderElection
2019-10-18 08:20:02,758 [47aecc56-7e95-480d-b89c-2c00d33b4782@group-5EC277DF3249-LeaderElection110] INFO  impl.LeaderElection (LeaderElection.java:askForVotes(178)) - 47aecc56-7e95-480d-b89c-2c00d33b4782@group-5EC277DF3249-LeaderElection110: begin an election at term 104 for -1: [47aecc56-7e95-480d-b89c-2c00d33b4782:192.168.69.67:34550, 1bc296c6-def6-4ae4-8c62-5b4c951a28f1:192.168.69.67:37222, bc0382cc-50e2-4d58-b2de-e8b6250f3520:192.168.69.67:37666], old=null
2019-10-18 08:20:02,760 [grpc-default-executor-7] INFO  impl.RaftServerImpl (RaftServerImpl.java:setRole(184)) - 1bc296c6-def6-4ae4-8c62-5b4c951a28f1@group-5EC277DF3249: changes role from  FOLLOWER to FOLLOWER at term 104 for recognizeCandidate:47aecc56-7e95-480d-b89c-2c00d33b4782
2019-10-18 08:20:02,760 [grpc-default-executor-7] INFO  impl.RoleInfo (RoleInfo.java:shutdownFollowerState(121)) - 1bc296c6-def6-4ae4-8c62-5b4c951a28f1: shutdown FollowerState
2019-10-18 08:20:02,760 [grpc-default-executor-5] INFO  impl.RaftServerImpl (RaftServerImpl.java:setRole(184)) - bc0382cc-50e2-4d58-b2de-e8b6250f3520@group-5EC277DF3249: changes role from  FOLLOWER to FOLLOWER at term 104 for recognizeCandidate:47aecc56-7e95-480d-b89c-2c00d33b4782
2019-10-18 08:20:02,760 [grpc-default-executor-7] INFO  impl.RoleInfo (RoleInfo.java:updateAndGet(143)) - 1bc296c6-def6-4ae4-8c62-5b4c951a28f1: start FollowerState
2019-10-18 08:20:02,761 [Thread-1355] INFO  impl.FollowerState (FollowerState.java:run(117)) - 1bc296c6-def6-4ae4-8c62-5b4c951a28f1@group-5EC277DF3249-FollowerState was interrupted: java.lang.InterruptedException: sleep interrupted
2019-10-18 08:20:02,761 [grpc-default-executor-5] INFO  impl.RoleInfo (RoleInfo.java:shutdownFollowerState(121)) - bc0382cc-50e2-4d58-b2de-e8b6250f3520: shutdown FollowerState
2019-10-18 08:20:02,761 [grpc-default-executor-5] INFO  impl.RoleInfo (RoleInfo.java:updateAndGet(143)) - bc0382cc-50e2-4d58-b2de-e8b6250f3520: start FollowerState
2019-10-18 08:20:02,761 [Thread-1356] INFO  impl.FollowerState (FollowerState.java:run(117)) - bc0382cc-50e2-4d58-b2de-e8b6250f3520@group-5EC277DF3249-FollowerState was interrupted: java.lang.InterruptedException: sleep interrupted
2019-10-18 08:20:02,775 [47aecc56-7e95-480d-b89c-2c00d33b4782@group-5EC277DF3249-LeaderElection110] INFO  impl.LeaderElection (LeaderElection.java:logAndReturn(56)) - 47aecc56-7e95-480d-b89c-2c00d33b4782@group-5EC277DF3249-LeaderElection110: Election REJECTED; received 2 response(s) [47aecc56-7e95-480d-b89c-2c00d33b4782<-1bc296c6-def6-4ae4-8c62-5b4c951a28f1#0:FAIL-t104, 47aecc56-7e95-480d-b89c-2c00d33b4782<-bc0382cc-50e2-4d58-b2de-e8b6250f3520#0:FAIL-t104] and 0 exception(s); 47aecc56-7e95-480d-b89c-2c00d33b4782@group-5EC277DF3249:t104, leader=null, voted=47aecc56-7e95-480d-b89c-2c00d33b4782, raftlog=47aecc56-7e95-480d-b89c-2c00d33b4782@group-5EC277DF3249-SegmentedRaftLog:OPENED:c-1,f-1,i0, conf=-1: [47aecc56-7e95-480d-b89c-2c00d33b4782:192.168.69.67:34550, 1bc296c6-def6-4ae4-8c62-5b4c951a28f1:192.168.69.67:37222, bc0382cc-50e2-4d58-b2de-e8b6250f3520:192.168.69.67:37666], old=null
2019-10-18 08:20:02,775 [47aecc56-7e95-480d-b89c-2c00d33b4782@group-5EC277DF3249-LeaderElection110] INFO  impl.RaftServerImpl (RaftServerImpl.java:setRole(184)) - 47aecc56-7e95-480d-b89c-2c00d33b4782@group-5EC277DF3249: changes role from CANDIDATE to FOLLOWER at term 104 for DISCOVERED_A_NEW_TERM
2019-10-18 08:20:02,776 [47aecc56-7e95-480d-b89c-2c00d33b4782@group-5EC277DF3249-LeaderElection110] INFO  impl.RoleInfo (RoleInfo.java:shutdownLeaderElection(134)) - 47aecc56-7e95-480d-b89c-2c00d33b4782: shutdown LeaderElection
2019-10-18 08:20:02,776 [47aecc56-7e95-480d-b89c-2c00d33b4782@group-5EC277DF3249-LeaderElection110] INFO  impl.RoleInfo (RoleInfo.java:updateAndGet(143)) - 47aecc56-7e95-480d-b89c-2c00d33b4782: start FollowerState
2019-10-18 08:20:02,861 [Thread-1363] INFO  impl.FollowerState (FollowerState.java:run(108)) - 47aecc56-7e95-480d-b89c-2c00d33b4782@group-5EC277DF3249-FollowerState: change to CANDIDATE, lastRpcTime:85ms, electionTimeout:85ms
2019-10-18 08:20:02,861 [Thread-1363] INFO  impl.RoleInfo (RoleInfo.java:shutdownFollowerState(121)) - 47aecc56-7e95-480d-b89c-2c00d33b4782: shutdown FollowerState
2019-10-18 08:20:02,861 [Thread-1363] INFO  impl.RaftServerImpl (RaftServerImpl.java:setRole(184)) - 47aecc56-7e95-480d-b89c-2c00d33b4782@group-5EC277DF3249: changes role from  FOLLOWER to CANDIDATE at term 104 for changeToCandidate
2019-10-18 08:20:02,861 [Thread-1363] INFO  impl.RoleInfo (RoleInfo.java:updateAndGet(143)) - 47aecc56-7e95-480d-b89c-2c00d33b4782: start LeaderElection
2019-10-18 08:20:02,901 [47aecc56-7e95-480d-b89c-2c00d33b4782@group-5EC277DF3249-LeaderElection111] INFO  impl.LeaderElection (LeaderElection.java:askForVotes(178)) - 47aecc56-7e95-480d-b89c-2c00d33b4782@group-5EC277DF3249-LeaderElection111: begin an election at term 105 for -1: [47aecc56-7e95-480d-b89c-2c00d33b4782:192.168.69.67:34550, 1bc296c6-def6-4ae4-8c62-5b4c951a28f1:192.168.69.67:37222, bc0382cc-50e2-4d58-b2de-e8b6250f3520:192.168.69.67:37666], old=null
2019-10-18 08:20:02,903 [grpc-default-executor-5] INFO  impl.RaftServerImpl (RaftServerImpl.java:setRole(184)) - 1bc296c6-def6-4ae4-8c62-5b4c951a28f1@group-5EC277DF3249: changes role from  FOLLOWER to FOLLOWER at term 105 for recognizeCandidate:47aecc56-7e95-480d-b89c-2c00d33b4782
2019-10-18 08:20:02,903 [grpc-default-executor-7] INFO  impl.RaftServerImpl (RaftServerImpl.java:setRole(184)) - bc0382cc-50e2-4d58-b2de-e8b6250f3520@group-5EC277DF3249: changes role from  FOLLOWER to FOLLOWER at term 105 for recognizeCandidate:47aecc56-7e95-480d-b89c-2c00d33b4782
2019-10-18 08:20:02,903 [grpc-default-executor-5] INFO  impl.RoleInfo (RoleInfo.java:shutdownFollowerState(121)) - 1bc296c6-def6-4ae4-8c62-5b4c951a28f1: shutdown FollowerState
2019-10-18 08:20:02,903 [grpc-default-executor-7] INFO  impl.RoleInfo (RoleInfo.java:shutdownFollowerState(121)) - bc0382cc-50e2-4d58-b2de-e8b6250f3520: shutdown FollowerState
2019-10-18 08:20:02,903 [grpc-default-executor-5] INFO  impl.RoleInfo (RoleInfo.java:updateAndGet(143)) - 1bc296c6-def6-4ae4-8c62-5b4c951a28f1: start FollowerState
2019-10-18 08:20:02,903 [Thread-1362] INFO  impl.FollowerState (FollowerState.java:run(117)) - bc0382cc-50e2-4d58-b2de-e8b6250f3520@group-5EC277DF3249-FollowerState was interrupted: java.lang.InterruptedException: sleep interrupted
2019-10-18 08:20:02,903 [grpc-default-executor-7] INFO  impl.RoleInfo (RoleInfo.java:updateAndGet(143)) - bc0382cc-50e2-4d58-b2de-e8b6250f3520: start FollowerState
2019-10-18 08:20:02,903 [Thread-1361] INFO  impl.FollowerState (FollowerState.java:run(117)) - 1bc296c6-def6-4ae4-8c62-5b4c951a28f1@group-5EC277DF3249-FollowerState was interrupted: java.lang.InterruptedException: sleep interrupted
2019-10-18 08:20:02,912 [47aecc56-7e95-480d-b89c-2c00d33b4782@group-5EC277DF3249-LeaderElection111] INFO  impl.LeaderElection (LeaderElection.java:logAndReturn(56)) - 47aecc56-7e95-480d-b89c-2c00d33b4782@group-5EC277DF3249-LeaderElection111: Election REJECTED; received 2 response(s) [47aecc56-7e95-480d-b89c-2c00d33b4782<-1bc296c6-def6-4ae4-8c62-5b4c951a28f1#0:FAIL-t105, 47aecc56-7e95-480d-b89c-2c00d33b4782<-bc0382cc-50e2-4d58-b2de-e8b6250f3520#0:FAIL-t105] and 0 exception(s); 47aecc56-7e95-480d-b89c-2c00d33b4782@group-5EC277DF3249:t105, leader=null, voted=47aecc56-7e95-480d-b89c-2c00d33b4782, raftlog=47aecc56-7e95-480d-b89c-2c00d33b4782@group-5EC277DF3249-SegmentedRaftLog:OPENED:c-1,f-1,i0, conf=-1: [47aecc56-7e95-480d-b89c-2c00d33b4782:192.168.69.67:34550, 1bc296c6-def6-4ae4-8c62-5b4c951a28f1:192.168.69.67:37222, bc0382cc-50e2-4d58-b2de-e8b6250f3520:192.168.69.67:37666], old=null
2019-10-18 08:20:02,912 [47aecc56-7e95-480d-b89c-2c00d33b4782@group-5EC277DF3249-LeaderElection111] INFO  impl.RaftServerImpl (RaftServerImpl.java:setRole(184)) - 47aecc56-7e95-480d-b89c-2c00d33b4782@group-5EC277DF3249: changes role from CANDIDATE to FOLLOWER at term 105 for DISCOVERED_A_NEW_TERM
2019-10-18 08:20:02,912 [47aecc56-7e95-480d-b89c-2c00d33b4782@group-5EC277DF3249-LeaderElection111] INFO  impl.RoleInfo (RoleInfo.java:shutdownLeaderElection(134)) - 47aecc56-7e95-480d-b89c-2c00d33b4782: shutdown LeaderElection
2019-10-18 08:20:02,913 [47aecc56-7e95-480d-b89c-2c00d33b4782@group-5EC277DF3249-LeaderElection111] INFO  impl.RoleInfo (RoleInfo.java:updateAndGet(143)) - 47aecc56-7e95-480d-b89c-2c00d33b4782: start FollowerState
2019-10-18 08:20:03,053 [Thread-1371] INFO  impl.FollowerState (FollowerState.java:run(108)) - 47aecc56-7e95-480d-b89c-2c00d33b4782@group-5EC277DF3249-FollowerState: change to CANDIDATE, lastRpcTime:140ms, electionTimeout:140ms
2019-10-18 08:20:03,053 [Thread-1371] INFO  impl.RoleInfo (RoleInfo.java:shutdownFollowerState(121)) - 47aecc56-7e95-480d-b89c-2c00d33b4782: shutdown FollowerState
2019-10-18 08:20:03,053 [Thread-1371] INFO  impl.RaftServerImpl (RaftServerImpl.java:setRole(184)) - 47aecc56-7e95-480d-b89c-2c00d33b4782@group-5EC277DF3249: changes role from  FOLLOWER to CANDIDATE at term 105 for changeToCandidate
2019-10-18 08:20:03,054 [Thread-1371] INFO  impl.RoleInfo (RoleInfo.java:updateAndGet(143)) - 47aecc56-7e95-480d-b89c-2c00d33b4782: start LeaderElection
2019-10-18 08:20:03,075 [47aecc56-7e95-480d-b89c-2c00d33b4782@group-5EC277DF3249-LeaderElection112] INFO  impl.LeaderElection (LeaderElection.java:askForVotes(178)) - 47aecc56-7e95-480d-b89c-2c00d33b4782@group-5EC277DF3249-LeaderElection112: begin an election at term 106 for -1: [47aecc56-7e95-480d-b89c-2c00d33b4782:192.168.69.67:34550, 1bc296c6-def6-4ae4-8c62-5b4c951a28f1:192.168.69.67:37222, bc0382cc-50e2-4d58-b2de-e8b6250f3520:192.168.69.67:37666], old=null
2019-10-18 08:20:03,077 [grpc-default-executor-7] INFO  impl.RaftServerImpl (RaftServerImpl.java:setRole(184)) - bc0382cc-50e2-4d58-b2de-e8b6250f3520@group-5EC277DF3249: changes role from  FOLLOWER to FOLLOWER at term 106 for recognizeCandidate:47aecc56-7e95-480d-b89c-2c00d33b4782
2019-10-18 08:20:03,078 [grpc-default-executor-7] INFO  impl.RoleInfo (RoleInfo.java:shutdownFollowerState(121)) - bc0382cc-50e2-4d58-b2de-e8b6250f3520: shutdown FollowerState
2019-10-18 08:20:03,077 [grpc-default-executor-5] INFO  impl.RaftServerImpl (RaftServerImpl.java:setRole(184)) - 1bc296c6-def6-4ae4-8c62-5b4c951a28f1@group-5EC277DF3249: changes role from  FOLLOWER to FOLLOWER at term 106 for recognizeCandidate:47aecc56-7e95-480d-b89c-2c00d33b4782
2019-10-18 08:20:03,078 [Thread-1370] INFO  impl.FollowerState (FollowerState.java:run(117)) - bc0382cc-50e2-4d58-b2de-e8b6250f3520@group-5EC277DF3249-FollowerState was interrupted: java.lang.InterruptedException: sleep interrupted
2019-10-18 08:20:03,078 [grpc-default-executor-7] INFO  impl.RoleInfo (RoleInfo.java:updateAndGet(143)) - bc0382cc-50e2-4d58-b2de-e8b6250f3520: start FollowerState
2019-10-18 08:20:03,078 [grpc-default-executor-5] INFO  impl.RoleInfo (RoleInfo.java:shutdownFollowerState(121)) - 1bc296c6-def6-4ae4-8c62-5b4c951a28f1: shutdown FollowerState
2019-10-18 08:20:03,078 [grpc-default-executor-5] INFO  impl.RoleInfo (RoleInfo.java:updateAndGet(143)) - 1bc296c6-def6-4ae4-8c62-5b4c951a28f1: start FollowerState
2019-10-18 08:20:03,078 [Thread-1369] INFO  impl.FollowerState (FollowerState.java:run(117)) - 1bc296c6-def6-4ae4-8c62-5b4c951a28f1@group-5EC277DF3249-FollowerState was interrupted: java.lang.InterruptedException: sleep interrupted
2019-10-18 08:20:03,092 [47aecc56-7e95-480d-b89c-2c00d33b4782@group-5EC277DF3249-LeaderElection112] INFO  impl.LeaderElection (LeaderElection.java:logAndReturn(56)) - 47aecc56-7e95-480d-b89c-2c00d33b4782@group-5EC277DF3249-LeaderElection112: Election REJECTED; received 2 response(s) [47aecc56-7e95-480d-b89c-2c00d33b4782<-1bc296c6-def6-4ae4-8c62-5b4c951a28f1#0:FAIL-t106, 47aecc56-7e95-480d-b89c-2c00d33b4782<-bc0382cc-50e2-4d58-b2de-e8b6250f3520#0:FAIL-t106] and 0 exception(s); 47aecc56-7e95-480d-b89c-2c00d33b4782@group-5EC277DF3249:t106, leader=null, voted=47aecc56-7e95-480d-b89c-2c00d33b4782, raftlog=47aecc56-7e95-480d-b89c-2c00d33b4782@group-5EC277DF3249-SegmentedRaftLog:OPENED:c-1,f-1,i0, conf=-1: [47aecc56-7e95-480d-b89c-2c00d33b4782:192.168.69.67:34550, 1bc296c6-def6-4ae4-8c62-5b4c951a28f1:192.168.69.67:37222, bc0382cc-50e2-4d58-b2de-e8b6250f3520:192.168.69.67:37666], old=null
2019-10-18 08:20:03,092 [47aecc56-7e95-480d-b89c-2c00d33b4782@group-5EC277DF3249-LeaderElection112] INFO  impl.RaftServerImpl (RaftServerImpl.java:setRole(184)) - 47aecc56-7e95-480d-b89c-2c00d33b4782@group-5EC277DF3249: changes role from CANDIDATE to FOLLOWER at term 106 for DISCOVERED_A_NEW_TERM
2019-10-18 08:20:03,092 [47aecc56-7e95-480d-b89c-2c00d33b4782@group-5EC277DF3249-LeaderElection112] INFO  impl.RoleInfo (RoleInfo.java:shutdownLeaderElection(134)) - 47aecc56-7e95-480d-b89c-2c00d33b4782: shutdown LeaderElection
2019-10-18 08:20:03,092 [47aecc56-7e95-480d-b89c-2c00d33b4782@group-5EC277DF3249-LeaderElection112] INFO  impl.RoleInfo (RoleInfo.java:updateAndGet(143)) - 47aecc56-7e95-480d-b89c-2c00d33b4782: start FollowerState
2019-10-18 08:20:03,133 [Thread-1377] INFO  impl.FollowerState (FollowerState.java:run(108)) - 47aecc56-7e95-480d-b89c-2c00d33b4782@group-5EC277DF3249-FollowerState: change to CANDIDATE, lastRpcTime:40ms, electionTimeout:40ms
2019-10-18 08:20:03,133 [Thread-1377] INFO  impl.RoleInfo (RoleInfo.java:shutdownFollowerState(121)) - 47aecc56-7e95-480d-b89c-2c00d33b4782: shutdown FollowerState
2019-10-18 08:20:03,133 [Thread-1377] INFO  impl.RaftServerImpl (RaftServerImpl.java:setRole(184)) - 47aecc56-7e95-480d-b89c-2c00d33b4782@group-5EC277DF3249: changes role from  FOLLOWER to CANDIDATE at term 106 for changeToCandidate
2019-10-18 08:20:03,133 [Thread-1377] INFO  impl.RoleInfo (RoleInfo.java:updateAndGet(143)) - 47aecc56-7e95-480d-b89c-2c00d33b4782: start LeaderElection
2019-10-18 08:20:03,147 [47aecc56-7e95-480d-b89c-2c00d33b4782@group-5EC277DF3249-LeaderElection113] INFO  impl.LeaderElection (LeaderElection.java:askForVotes(178)) - 47aecc56-7e95-480d-b89c-2c00d33b4782@group-5EC277DF3249-LeaderElection113: begin an election at term 107 for -1: [47aecc56-7e95-480d-b89c-2c00d33b4782:192.168.69.67:34550, 1bc296c6-def6-4ae4-8c62-5b4c951a28f1:192.168.69.67:37222, bc0382cc-50e2-4d58-b2de-e8b6250f3520:192.168.69.67:37666], old=null
2019-10-18 08:20:03,149 [grpc-default-executor-5] INFO  impl.RaftServerImpl (RaftServerImpl.java:setRole(184)) - bc0382cc-50e2-4d58-b2de-e8b6250f3520@group-5EC277DF3249: changes role from  FOLLOWER to FOLLOWER at term 107 for recognizeCandidate:47aecc56-7e95-480d-b89c-2c00d33b4782
2019-10-18 08:20:03,149 [grpc-default-executor-7] INFO  impl.RaftServerImpl (RaftServerImpl.java:setRole(184)) - 1bc296c6-def6-4ae4-8c62-5b4c951a28f1@group-5EC277DF3249: changes role from  FOLLOWER to FOLLOWER at term 107 for recognizeCandidate:47aecc56-7e95-480d-b89c-2c00d33b4782
2019-10-18 08:20:03,149 [grpc-default-executor-5] INFO  impl.RoleInfo (RoleInfo.java:shutdownFollowerState(121)) - bc0382cc-50e2-4d58-b2de-e8b6250f3520: shutdown FollowerState
2019-10-18 08:20:03,149 [grpc-default-executor-7] INFO  impl.RoleInfo (RoleInfo.java:shutdownFollowerState(121)) - 1bc296c6-def6-4ae4-8c62-5b4c951a28f1: shutdown FollowerState
2019-10-18 08:20:03,149 [Thread-1375] INFO  impl.FollowerState (FollowerState.java:run(117)) - bc0382cc-50e2-4d58-b2de-e8b6250f3520@group-5EC277DF3249-FollowerState was interrupted: java.lang.InterruptedException: sleep interrupted
2019-10-18 08:20:03,149 [grpc-default-executor-5] INFO  impl.RoleInfo (RoleInfo.java:updateAndGet(143)) - bc0382cc-50e2-4d58-b2de-e8b6250f3520: start FollowerState
2019-10-18 08:20:03,150 [Thread-1376] INFO  impl.FollowerState (FollowerState.java:run(117)) - 1bc296c6-def6-4ae4-8c62-5b4c951a28f1@group-5EC277DF3249-FollowerState was interrupted: java.lang.InterruptedException: sleep interrupted
2019-10-18 08:20:03,149 [grpc-default-executor-7] INFO  impl.RoleInfo (RoleInfo.java:updateAndGet(143)) - 1bc296c6-def6-4ae4-8c62-5b4c951a28f1: start FollowerState
2019-10-18 08:20:03,167 [47aecc56-7e95-480d-b89c-2c00d33b4782@group-5EC277DF3249-LeaderElection113] INFO  impl.LeaderElection (LeaderElection.java:logAndReturn(56)) - 47aecc56-7e95-480d-b89c-2c00d33b4782@group-5EC277DF3249-LeaderElection113: Election REJECTED; received 2 response(s) [47aecc56-7e95-480d-b89c-2c00d33b4782<-1bc296c6-def6-4ae4-8c62-5b4c951a28f1#0:FAIL-t107, 47aecc56-7e95-480d-b89c-2c00d33b4782<-bc0382cc-50e2-4d58-b2de-e8b6250f3520#0:FAIL-t107] and 0 exception(s); 47aecc56-7e95-480d-b89c-2c00d33b4782@group-5EC277DF3249:t107, leader=null, voted=47aecc56-7e95-480d-b89c-2c00d33b4782, raftlog=47aecc56-7e95-480d-b89c-2c00d33b4782@group-5EC277DF3249-SegmentedRaftLog:OPENED:c-1,f-1,i0, conf=-1: [47aecc56-7e95-480d-b89c-2c00d33b4782:192.168.69.67:34550, 1bc296c6-def6-4ae4-8c62-5b4c951a28f1:192.168.69.67:37222, bc0382cc-50e2-4d58-b2de-e8b6250f3520:192.168.69.67:37666], old=null
2019-10-18 08:20:03,167 [47aecc56-7e95-480d-b89c-2c00d33b4782@group-5EC277DF3249-LeaderElection113] INFO  impl.RaftServerImpl (RaftServerImpl.java:setRole(184)) - 47aecc56-7e95-480d-b89c-2c00d33b4782@group-5EC277DF3249: changes role from CANDIDATE to FOLLOWER at term 107 for DISCOVERED_A_NEW_TERM
2019-10-18 08:20:03,167 [47aecc56-7e95-480d-b89c-2c00d33b4782@group-5EC277DF3249-LeaderElection113] INFO  impl.RoleInfo (RoleInfo.java:shutdownLeaderElection(134)) - 47aecc56-7e95-480d-b89c-2c00d33b4782: shutdown LeaderElection
2019-10-18 08:20:03,167 [47aecc56-7e95-480d-b89c-2c00d33b4782@group-5EC277DF3249-LeaderElection113] INFO  impl.RoleInfo (RoleInfo.java:updateAndGet(143)) - 47aecc56-7e95-480d-b89c-2c00d33b4782: start FollowerState
 0.00% |?                                                                                                    |  0/1 Time: 0:04:112019-10-18 08:20:03,228 [Thread-1383] INFO  impl.FollowerState (FollowerState.java:run(108)) - 47aecc56-7e95-480d-b89c-2c00d33b4782@group-5EC277DF3249-FollowerState: change to CANDIDATE, lastRpcTime:60ms, electionTimeout:60ms
2019-10-18 08:20:03,228 [Thread-1383] INFO  impl.RoleInfo (RoleInfo.java:shutdownFollowerState(121)) - 47aecc56-7e95-480d-b89c-2c00d33b4782: shutdown FollowerState
2019-10-18 08:20:03,228 [Thread-1383] INFO  impl.RaftServerImpl (RaftServerImpl.java:setRole(184)) - 47aecc56-7e95-480d-b89c-2c00d33b4782@group-5EC277DF3249: changes role from  FOLLOWER to CANDIDATE at term 107 for changeToCandidate
2019-10-18 08:20:03,228 [Thread-1383] INFO  impl.RoleInfo (RoleInfo.java:updateAndGet(143)) - 47aecc56-7e95-480d-b89c-2c00d33b4782: start LeaderElection
2019-10-18 08:20:03,250 [47aecc56-7e95-480d-b89c-2c00d33b4782@group-5EC277DF3249-LeaderElection114] INFO  impl.LeaderElection (LeaderElection.java:askForVotes(178)) - 47aecc56-7e95-480d-b89c-2c00d33b4782@group-5EC277DF3249-LeaderElection114: begin an election at term 108 for -1: [47aecc56-7e95-480d-b89c-2c00d33b4782:192.168.69.67:34550, 1bc296c6-def6-4ae4-8c62-5b4c951a28f1:192.168.69.67:37222, bc0382cc-50e2-4d58-b2de-e8b6250f3520:192.168.69.67:37666], old=null
2019-10-18 08:20:03,252 [47aecc56-7e95-480d-b89c-2c00d33b4782@group-5EC277DF3249-LeaderElection114] INFO  impl.LeaderElection (LeaderElection.java:logAndReturn(56)) - 47aecc56-7e95-480d-b89c-2c00d33b4782@group-5EC277DF3249-LeaderElection114: Election TIMEOUT; received 0 response(s) [] and 0 exception(s); 47aecc56-7e95-480d-b89c-2c00d33b4782@group-5EC277DF3249:t108, leader=null, voted=47aecc56-7e95-480d-b89c-2c00d33b4782, raftlog=47aecc56-7e95-480d-b89c-2c00d33b4782@group-5EC277DF3249-SegmentedRaftLog:OPENED:c-1,f-1,i0, conf=-1: [47aecc56-7e95-480d-b89c-2c00d33b4782:192.168.69.67:34550, 1bc296c6-def6-4ae4-8c62-5b4c951a28f1:192.168.69.67:37222, bc0382cc-50e2-4d58-b2de-e8b6250f3520:192.168.69.67:37666], old=null
2019-10-18 08:20:03,252 [grpc-default-executor-7] INFO  impl.RaftServerImpl (RaftServerImpl.java:setRole(184)) - bc0382cc-50e2-4d58-b2de-e8b6250f3520@group-5EC277DF3249: changes role from  FOLLOWER to FOLLOWER at term 108 for recognizeCandidate:47aecc56-7e95-480d-b89c-2c00d33b4782
2019-10-18 08:20:03,252 [grpc-default-executor-5] INFO  impl.RaftServerImpl (RaftServerImpl.java:setRole(184)) - 1bc296c6-def6-4ae4-8c62-5b4c951a28f1@group-5EC277DF3249: changes role from  FOLLOWER to FOLLOWER at term 108 for recognizeCandidate:47aecc56-7e95-480d-b89c-2c00d33b4782
2019-10-18 08:20:03,252 [grpc-default-executor-7] INFO  impl.RoleInfo (RoleInfo.java:shutdownFollowerState(121)) - bc0382cc-50e2-4d58-b2de-e8b6250f3520: shutdown FollowerState
2019-10-18 08:20:03,252 [grpc-default-executor-5] INFO  impl.RoleInfo (RoleInfo.java:shutdownFollowerState(121)) - 1bc296c6-def6-4ae4-8c62-5b4c951a28f1: shutdown FollowerState
2019-10-18 08:20:03,253 [grpc-default-executor-7] INFO  impl.RoleInfo (RoleInfo.java:updateAndGet(143)) - bc0382cc-50e2-4d58-b2de-e8b6250f3520: start FollowerState
2019-10-18 08:20:03,253 [grpc-default-executor-5] INFO  impl.RoleInfo (RoleInfo.java:updateAndGet(143)) - 1bc296c6-def6-4ae4-8c62-5b4c951a28f1: start FollowerState
2019-10-18 08:20:03,253 [Thread-1381] INFO  impl.FollowerState (FollowerState.java:run(117)) - bc0382cc-50e2-4d58-b2de-e8b6250f3520@group-5EC277DF3249-FollowerState was interrupted: java.lang.InterruptedException: sleep interrupted
2019-10-18 08:20:03,253 [Thread-1382] INFO  impl.FollowerState (FollowerState.java:run(117)) - 1bc296c6-def6-4ae4-8c62-5b4c951a28f1@group-5EC277DF3249-FollowerState was interrupted: java.lang.InterruptedException: sleep interrupted
2019-10-18 08:20:03,265 [47aecc56-7e95-480d-b89c-2c00d33b4782@group-5EC277DF3249-LeaderElection114] INFO  impl.LeaderElection (LeaderElection.java:askForVotes(178)) - 47aecc56-7e95-480d-b89c-2c00d33b4782@group-5EC277DF3249-LeaderElection114: begin an election at term 109 for -1: [47aecc56-7e95-480d-b89c-2c00d33b4782:192.168.69.67:34550, 1bc296c6-def6-4ae4-8c62-5b4c951a28f1:192.168.69.67:37222, bc0382cc-50e2-4d58-b2de-e8b6250f3520:192.168.69.67:37666], old=null
2019-10-18 08:20:03,267 [grpc-default-executor-7] INFO  impl.RaftServerImpl (RaftServerImpl.java:setRole(184)) - 1bc296c6-def6-4ae4-8c62-5b4c951a28f1@group-5EC277DF3249: changes role from  FOLLOWER to FOLLOWER at term 109 for recognizeCandidate:47aecc56-7e95-480d-b89c-2c00d33b4782
2019-10-18 08:20:03,267 [grpc-default-executor-5] INFO  impl.RaftServerImpl (RaftServerImpl.java:setRole(184)) - bc0382cc-50e2-4d58-b2de-e8b6250f3520@group-5EC277DF3249: changes role from  FOLLOWER to FOLLOWER at term 109 for recognizeCandidate:47aecc56-7e95-480d-b89c-2c00d33b4782
2019-10-18 08:20:03,267 [grpc-default-executor-7] INFO  impl.RoleInfo (RoleInfo.java:shutdownFollowerState(121)) - 1bc296c6-def6-4ae4-8c62-5b4c951a28f1: shutdown FollowerState
2019-10-18 08:20:03,267 [grpc-default-executor-5] INFO  impl.RoleInfo (RoleInfo.java:shutdownFollowerState(121)) - bc0382cc-50e2-4d58-b2de-e8b6250f3520: shutdown FollowerState
2019-10-18 08:20:03,268 [Thread-1388] INFO  impl.FollowerState (FollowerState.java:run(117)) - 1bc296c6-def6-4ae4-8c62-5b4c951a28f1@group-5EC277DF3249-FollowerState was interrupted: java.lang.InterruptedException: sleep interrupted
2019-10-18 08:20:03,268 [grpc-default-executor-7] INFO  impl.RoleInfo (RoleInfo.java:updateAndGet(143)) - 1bc296c6-def6-4ae4-8c62-5b4c951a28f1: start FollowerState
2019-10-18 08:20:03,268 [Thread-1387] INFO  impl.FollowerState (FollowerState.java:run(117)) - bc0382cc-50e2-4d58-b2de-e8b6250f3520@group-5EC277DF3249-FollowerState was interrupted: java.lang.InterruptedException: sleep interrupted
2019-10-18 08:20:03,268 [grpc-default-executor-5] INFO  impl.RoleInfo (RoleInfo.java:updateAndGet(143)) - bc0382cc-50e2-4d58-b2de-e8b6250f3520: start FollowerState
2019-10-18 08:20:03,283 [47aecc56-7e95-480d-b89c-2c00d33b4782@group-5EC277DF3249-LeaderElection114] INFO  impl.LeaderElection (LeaderElection.java:logAndReturn(56)) - 47aecc56-7e95-480d-b89c-2c00d33b4782@group-5EC277DF3249-LeaderElection114: Election REJECTED; received 2 response(s) [47aecc56-7e95-480d-b89c-2c00d33b4782<-1bc296c6-def6-4ae4-8c62-5b4c951a28f1#0:FAIL-t109, 47aecc56-7e95-480d-b89c-2c00d33b4782<-bc0382cc-50e2-4d58-b2de-e8b6250f3520#0:FAIL-t109] and 0 exception(s); 47aecc56-7e95-480d-b89c-2c00d33b4782@group-5EC277DF3249:t109, leader=null, voted=47aecc56-7e95-480d-b89c-2c00d33b4782, raftlog=47aecc56-7e95-480d-b89c-2c00d33b4782@group-5EC277DF3249-SegmentedRaftLog:OPENED:c-1,f-1,i0, conf=-1: [47aecc56-7e95-480d-b89c-2c00d33b4782:192.168.69.67:34550, 1bc296c6-def6-4ae4-8c62-5b4c951a28f1:192.168.69.67:37222, bc0382cc-50e2-4d58-b2de-e8b6250f3520:192.168.69.67:37666], old=null
2019-10-18 08:20:03,283 [47aecc56-7e95-480d-b89c-2c00d33b4782@group-5EC277DF3249-LeaderElection114] INFO  impl.RaftServerImpl (RaftServerImpl.java:setRole(184)) - 47aecc56-7e95-480d-b89c-2c00d33b4782@group-5EC277DF3249: changes role from CANDIDATE to FOLLOWER at term 109 for DISCOVERED_A_NEW_TERM
2019-10-18 08:20:03,283 [47aecc56-7e95-480d-b89c-2c00d33b4782@group-5EC277DF3249-LeaderElection114] INFO  impl.RoleInfo (RoleInfo.java:shutdownLeaderElection(134)) - 47aecc56-7e95-480d-b89c-2c00d33b4782: shutdown LeaderElection
2019-10-18 08:20:03,283 [47aecc56-7e95-480d-b89c-2c00d33b4782@group-5EC277DF3249-LeaderElection114] INFO  impl.RoleInfo (RoleInfo.java:updateAndGet(143)) - 47aecc56-7e95-480d-b89c-2c00d33b4782: start FollowerState
2019-10-18 08:20:03,425 [Thread-1393] INFO  impl.FollowerState (FollowerState.java:run(108)) - 47aecc56-7e95-480d-b89c-2c00d33b4782@group-5EC277DF3249-FollowerState: change to CANDIDATE, lastRpcTime:142ms, electionTimeout:142ms
2019-10-18 08:20:03,425 [Thread-1393] INFO  impl.RoleInfo (RoleInfo.java:shutdownFollowerState(121)) - 47aecc56-7e95-480d-b89c-2c00d33b4782: shutdown FollowerState
2019-10-18 08:20:03,426 [Thread-1393] INFO  impl.RaftServerImpl (RaftServerImpl.java:setRole(184)) - 47aecc56-7e95-480d-b89c-2c00d33b4782@group-5EC277DF3249: changes role from  FOLLOWER to CANDIDATE at term 109 for changeToCandidate
2019-10-18 08:20:03,426 [Thread-1393] INFO  impl.RoleInfo (RoleInfo.java:updateAndGet(143)) - 47aecc56-7e95-480d-b89c-2c00d33b4782: start LeaderElection
2019-10-18 08:20:03,438 [47aecc56-7e95-480d-b89c-2c00d33b4782@group-5EC277DF3249-LeaderElection115] INFO  impl.LeaderElection (LeaderElection.java:askForVotes(178)) - 47aecc56-7e95-480d-b89c-2c00d33b4782@group-5EC277DF3249-LeaderElection115: begin an election at term 110 for -1: [47aecc56-7e95-480d-b89c-2c00d33b4782:192.168.69.67:34550, 1bc296c6-def6-4ae4-8c62-5b4c951a28f1:192.168.69.67:37222, bc0382cc-50e2-4d58-b2de-e8b6250f3520:192.168.69.67:37666], old=null
2019-10-18 08:20:03,440 [grpc-default-executor-5] INFO  impl.RaftServerImpl (RaftServerImpl.java:setRole(184)) - bc0382cc-50e2-4d58-b2de-e8b6250f3520@group-5EC277DF3249: changes role from  FOLLOWER to FOLLOWER at term 110 for recognizeCandidate:47aecc56-7e95-480d-b89c-2c00d33b4782
2019-10-18 08:20:03,440 [grpc-default-executor-7] INFO  impl.RaftServerImpl (RaftServerImpl.java:setRole(184)) - 1bc296c6-def6-4ae4-8c62-5b4c951a28f1@group-5EC277DF3249: changes role from  FOLLOWER to FOLLOWER at term 110 for recognizeCandidate:47aecc56-7e95-480d-b89c-2c00d33b4782
2019-10-18 08:20:03,440 [grpc-default-executor-5] INFO  impl.RoleInfo (RoleInfo.java:shutdownFollowerState(121)) - bc0382cc-50e2-4d58-b2de-e8b6250f3520: shutdown FollowerState
2019-10-18 08:20:03,440 [grpc-default-executor-7] INFO  impl.RoleInfo (RoleInfo.java:shutdownFollowerState(121)) - 1bc296c6-def6-4ae4-8c62-5b4c951a28f1: shutdown FollowerState
2019-10-18 08:20:03,440 [Thread-1392] INFO  impl.FollowerState (FollowerState.java:run(117)) - bc0382cc-50e2-4d58-b2de-e8b6250f3520@group-5EC277DF3249-FollowerState was interrupted: java.lang.InterruptedException: sleep interrupted
2019-10-18 08:20:03,440 [grpc-default-executor-5] INFO  impl.RoleInfo (RoleInfo.java:updateAndGet(143)) - bc0382cc-50e2-4d58-b2de-e8b6250f3520: start FollowerState
2019-10-18 08:20:03,441 [Thread-1391] INFO  impl.FollowerState (FollowerState.java:run(117)) - 1bc296c6-def6-4ae4-8c62-5b4c951a28f1@group-5EC277DF3249-FollowerState was interrupted: java.lang.InterruptedException: sleep interrupted
2019-10-18 08:20:03,440 [grpc-default-executor-7] INFO  impl.RoleInfo (RoleInfo.java:updateAndGet(143)) - 1bc296c6-def6-4ae4-8c62-5b4c951a28f1: start FollowerState
2019-10-18 08:20:03,455 [47aecc56-7e95-480d-b89c-2c00d33b4782@group-5EC277DF3249-LeaderElection115] INFO  impl.LeaderElection (LeaderElection.java:logAndReturn(56)) - 47aecc56-7e95-480d-b89c-2c00d33b4782@group-5EC277DF3249-LeaderElection115: Election REJECTED; received 2 response(s) [47aecc56-7e95-480d-b89c-2c00d33b4782<-1bc296c6-def6-4ae4-8c62-5b4c951a28f1#0:FAIL-t110, 47aecc56-7e95-480d-b89c-2c00d33b4782<-bc0382cc-50e2-4d58-b2de-e8b6250f3520#0:FAIL-t110] and 0 exception(s); 47aecc56-7e95-480d-b89c-2c00d33b4782@group-5EC277DF3249:t110, leader=null, voted=47aecc56-7e95-480d-b89c-2c00d33b4782, raftlog=47aecc56-7e95-480d-b89c-2c00d33b4782@group-5EC277DF3249-SegmentedRaftLog:OPENED:c-1,f-1,i0, conf=-1: [47aecc56-7e95-480d-b89c-2c00d33b4782:192.168.69.67:34550, 1bc296c6-def6-4ae4-8c62-5b4c951a28f1:192.168.69.67:37222, bc0382cc-50e2-4d58-b2de-e8b6250f3520:192.168.69.67:37666], old=null
2019-10-18 08:20:03,455 [47aecc56-7e95-480d-b89c-2c00d33b4782@group-5EC277DF3249-LeaderElection115] INFO  impl.RaftServerImpl (RaftServerImpl.java:setRole(184)) - 47aecc56-7e95-480d-b89c-2c00d33b4782@group-5EC277DF3249: changes role from CANDIDATE to FOLLOWER at term 110 for DISCOVERED_A_NEW_TERM
2019-10-18 08:20:03,456 [47aecc56-7e95-480d-b89c-2c00d33b4782@group-5EC277DF3249-LeaderElection115] INFO  impl.RoleInfo (RoleInfo.java:shutdownLeaderElection(134)) - 47aecc56-7e95-480d-b89c-2c00d33b4782: shutdown LeaderElection
2019-10-18 08:20:03,456 [47aecc56-7e95-480d-b89c-2c00d33b4782@group-5EC277DF3249-LeaderElection115] INFO  impl.RoleInfo (RoleInfo.java:updateAndGet(143)) - 47aecc56-7e95-480d-b89c-2c00d33b4782: start FollowerState
2019-10-18 08:20:03,607 [Thread-1399] INFO  impl.FollowerState (FollowerState.java:run(108)) - 47aecc56-7e95-480d-b89c-2c00d33b4782@group-5EC277DF3249-FollowerState: change to CANDIDATE, lastRpcTime:151ms, electionTimeout:151ms
2019-10-18 08:20:03,607 [Thread-1399] INFO  impl.RoleInfo (RoleInfo.java:shutdownFollowerState(121)) - 47aecc56-7e95-480d-b89c-2c00d33b4782: shutdown FollowerState
2019-10-18 08:20:03,607 [Thread-1399] INFO  impl.RaftServerImpl (RaftServerImpl.java:setRole(184)) - 47aecc56-7e95-480d-b89c-2c00d33b4782@group-5EC277DF3249: changes role from  FOLLOWER to CANDIDATE at term 110 for changeToCandidate
2019-10-18 08:20:03,608 [Thread-1399] INFO  impl.RoleInfo (RoleInfo.java:updateAndGet(143)) - 47aecc56-7e95-480d-b89c-2c00d33b4782: start LeaderElection
2019-10-18 08:20:03,621 [47aecc56-7e95-480d-b89c-2c00d33b4782@group-5EC277DF3249-LeaderElection116] INFO  impl.LeaderElection (LeaderElection.java:askForVotes(178)) - 47aecc56-7e95-480d-b89c-2c00d33b4782@group-5EC277DF3249-LeaderElection116: begin an election at term 111 for -1: [47aecc56-7e95-480d-b89c-2c00d33b4782:192.168.69.67:34550, 1bc296c6-def6-4ae4-8c62-5b4c951a28f1:192.168.69.67:37222, bc0382cc-50e2-4d58-b2de-e8b6250f3520:192.168.69.67:37666], old=null
2019-10-18 08:20:03,623 [grpc-default-executor-5] INFO  impl.RaftServerImpl (RaftServerImpl.java:setRole(184)) - 1bc296c6-def6-4ae4-8c62-5b4c951a28f1@group-5EC277DF3249: changes role from  FOLLOWER to FOLLOWER at term 111 for recognizeCandidate:47aecc56-7e95-480d-b89c-2c00d33b4782
2019-10-18 08:20:03,623 [grpc-default-executor-7] INFO  impl.RaftServerImpl (RaftServerImpl.java:setRole(184)) - bc0382cc-50e2-4d58-b2de-e8b6250f3520@group-5EC277DF3249: changes role from  FOLLOWER to FOLLOWER at term 111 for recognizeCandidate:47aecc56-7e95-480d-b89c-2c00d33b4782
2019-10-18 08:20:03,623 [grpc-default-executor-5] INFO  impl.RoleInfo (RoleInfo.java:shutdownFollowerState(121)) - 1bc296c6-def6-4ae4-8c62-5b4c951a28f1: shutdown FollowerState
2019-10-18 08:20:03,624 [grpc-default-executor-7] INFO  impl.RoleInfo (RoleInfo.java:shutdownFollowerState(121)) - bc0382cc-50e2-4d58-b2de-e8b6250f3520: shutdown FollowerState
2019-10-18 08:20:03,624 [grpc-default-executor-5] INFO  impl.RoleInfo (RoleInfo.java:updateAndGet(143)) - 1bc296c6-def6-4ae4-8c62-5b4c951a28f1: start FollowerState
2019-10-18 08:20:03,624 [Thread-1397] INFO  impl.FollowerState (FollowerState.java:run(117)) - bc0382cc-50e2-4d58-b2de-e8b6250f3520@group-5EC277DF3249-FollowerState was interrupted: java.lang.InterruptedException: sleep interrupted
2019-10-18 08:20:03,624 [grpc-default-executor-7] INFO  impl.RoleInfo (RoleInfo.java:updateAndGet(143)) - bc0382cc-50e2-4d58-b2de-e8b6250f3520: start FollowerState
2019-10-18 08:20:03,624 [Thread-1398] INFO  impl.FollowerState (FollowerState.java:run(117)) - 1bc296c6-def6-4ae4-8c62-5b4c951a28f1@group-5EC277DF3249-FollowerState was interrupted: java.lang.InterruptedException: sleep interrupted
2019-10-18 08:20:03,637 [47aecc56-7e95-480d-b89c-2c00d33b4782@group-5EC277DF3249-LeaderElection116] INFO  impl.LeaderElection (LeaderElection.java:logAndReturn(56)) - 47aecc56-7e95-480d-b89c-2c00d33b4782@group-5EC277DF3249-LeaderElection116: Election TIMEOUT; received 0 response(s) [] and 0 exception(s); 47aecc56-7e95-480d-b89c-2c00d33b4782@group-5EC277DF3249:t111, leader=null, voted=47aecc56-7e95-480d-b89c-2c00d33b4782, raftlog=47aecc56-7e95-480d-b89c-2c00d33b4782@group-5EC277DF3249-SegmentedRaftLog:OPENED:c-1,f-1,i0, conf=-1: [47aecc56-7e95-480d-b89c-2c00d33b4782:192.168.69.67:34550, 1bc296c6-def6-4ae4-8c62-5b4c951a28f1:192.168.69.67:37222, bc0382cc-50e2-4d58-b2de-e8b6250f3520:192.168.69.67:37666], old=null
2019-10-18 08:20:03,651 [47aecc56-7e95-480d-b89c-2c00d33b4782@group-5EC277DF3249-LeaderElection116] INFO  impl.LeaderElection (LeaderElection.java:askForVotes(178)) - 47aecc56-7e95-480d-b89c-2c00d33b4782@group-5EC277DF3249-LeaderElection116: begin an election at term 112 for -1: [47aecc56-7e95-480d-b89c-2c00d33b4782:192.168.69.67:34550, 1bc296c6-def6-4ae4-8c62-5b4c951a28f1:192.168.69.67:37222, bc0382cc-50e2-4d58-b2de-e8b6250f3520:192.168.69.67:37666], old=null
2019-10-18 08:20:03,653 [grpc-default-executor-7] INFO  impl.RaftServerImpl (RaftServerImpl.java:setRole(184)) - 1bc296c6-def6-4ae4-8c62-5b4c951a28f1@group-5EC277DF3249: changes role from  FOLLOWER to FOLLOWER at term 112 for recognizeCandidate:47aecc56-7e95-480d-b89c-2c00d33b4782
2019-10-18 08:20:03,653 [grpc-default-executor-5] INFO  impl.RaftServerImpl (RaftServerImpl.java:setRole(184)) - bc0382cc-50e2-4d58-b2de-e8b6250f3520@group-5EC277DF3249: changes role from  FOLLOWER to FOLLOWER at term 112 for recognizeCandidate:47aecc56-7e95-480d-b89c-2c00d33b4782
2019-10-18 08:20:03,653 [grpc-default-executor-7] INFO  impl.RoleInfo (RoleInfo.java:shutdownFollowerState(121)) - 1bc296c6-def6-4ae4-8c62-5b4c951a28f1: shutdown FollowerState
2019-10-18 08:20:03,653 [grpc-default-executor-5] INFO  impl.RoleInfo (RoleInfo.java:shutdownFollowerState(121)) - bc0382cc-50e2-4d58-b2de-e8b6250f3520: shutdown FollowerState
2019-10-18 08:20:03,653 [grpc-default-executor-7] INFO  impl.RoleInfo (RoleInfo.java:updateAndGet(143)) - 1bc296c6-def6-4ae4-8c62-5b4c951a28f1: start FollowerState
2019-10-18 08:20:03,654 [grpc-default-executor-5] INFO  impl.RoleInfo (RoleInfo.java:updateAndGet(143)) - bc0382cc-50e2-4d58-b2de-e8b6250f3520: start FollowerState
2019-10-18 08:20:03,654 [Thread-1403] INFO  impl.FollowerState (FollowerState.java:run(117)) - 1bc296c6-def6-4ae4-8c62-5b4c951a28f1@group-5EC277DF3249-FollowerState was interrupted: java.lang.InterruptedException: sleep interrupted
2019-10-18 08:20:03,654 [Thread-1404] INFO  impl.FollowerState (FollowerState.java:run(117)) - bc0382cc-50e2-4d58-b2de-e8b6250f3520@group-5EC277DF3249-FollowerState was interrupted: java.lang.InterruptedException: sleep interrupted
2019-10-18 08:20:03,680 [47aecc56-7e95-480d-b89c-2c00d33b4782@group-5EC277DF3249-LeaderElection116] INFO  impl.LeaderElection (LeaderElection.java:logAndReturn(56)) - 47aecc56-7e95-480d-b89c-2c00d33b4782@group-5EC277DF3249-LeaderElection116: Election REJECTED; received 2 response(s) [47aecc56-7e95-480d-b89c-2c00d33b4782<-1bc296c6-def6-4ae4-8c62-5b4c951a28f1#0:FAIL-t112, 47aecc56-7e95-480d-b89c-2c00d33b4782<-bc0382cc-50e2-4d58-b2de-e8b6250f3520#0:FAIL-t112] and 0 exception(s); 47aecc56-7e95-480d-b89c-2c00d33b4782@group-5EC277DF3249:t112, leader=null, voted=47aecc56-7e95-480d-b89c-2c00d33b4782, raftlog=47aecc56-7e95-480d-b89c-2c00d33b4782@group-5EC277DF3249-SegmentedRaftLog:OPENED:c-1,f-1,i0, conf=-1: [47aecc56-7e95-480d-b89c-2c00d33b4782:192.168.69.67:34550, 1bc296c6-def6-4ae4-8c62-5b4c951a28f1:192.168.69.67:37222, bc0382cc-50e2-4d58-b2de-e8b6250f3520:192.168.69.67:37666], old=null
2019-10-18 08:20:03,680 [47aecc56-7e95-480d-b89c-2c00d33b4782@group-5EC277DF3249-LeaderElection116] INFO  impl.RaftServerImpl (RaftServerImpl.java:setRole(184)) - 47aecc56-7e95-480d-b89c-2c00d33b4782@group-5EC277DF3249: changes role from CANDIDATE to FOLLOWER at term 112 for DISCOVERED_A_NEW_TERM
2019-10-18 08:20:03,680 [47aecc56-7e95-480d-b89c-2c00d33b4782@group-5EC277DF3249-LeaderElection116] INFO  impl.RoleInfo (RoleInfo.java:shutdownLeaderElection(134)) - 47aecc56-7e95-480d-b89c-2c00d33b4782: shutdown LeaderElection
2019-10-18 08:20:03,680 [47aecc56-7e95-480d-b89c-2c00d33b4782@group-5EC277DF3249-LeaderElection116] INFO  impl.RoleInfo (RoleInfo.java:updateAndGet(143)) - 47aecc56-7e95-480d-b89c-2c00d33b4782: start FollowerState
2019-10-18 08:20:03,792 [Thread-1409] INFO  impl.FollowerState (FollowerState.java:run(108)) - 47aecc56-7e95-480d-b89c-2c00d33b4782@group-5EC277DF3249-FollowerState: change to CANDIDATE, lastRpcTime:111ms, electionTimeout:111ms
2019-10-18 08:20:03,792 [Thread-1409] INFO  impl.RoleInfo (RoleInfo.java:shutdownFollowerState(121)) - 47aecc56-7e95-480d-b89c-2c00d33b4782: shutdown FollowerState
2019-10-18 08:20:03,792 [Thread-1409] INFO  impl.RaftServerImpl (RaftServerImpl.java:setRole(184)) - 47aecc56-7e95-480d-b89c-2c00d33b4782@group-5EC277DF3249: changes role from  FOLLOWER to CANDIDATE at term 112 for changeToCandidate
2019-10-18 08:20:03,792 [Thread-1409] INFO  impl.RoleInfo (RoleInfo.java:updateAndGet(143)) - 47aecc56-7e95-480d-b89c-2c00d33b4782: start LeaderElection
2019-10-18 08:20:03,806 [47aecc56-7e95-480d-b89c-2c00d33b4782@group-5EC277DF3249-LeaderElection117] INFO  impl.LeaderElection (LeaderElection.java:askForVotes(178)) - 47aecc56-7e95-480d-b89c-2c00d33b4782@group-5EC277DF3249-LeaderElection117: begin an election at term 113 for -1: [47aecc56-7e95-480d-b89c-2c00d33b4782:192.168.69.67:34550, 1bc296c6-def6-4ae4-8c62-5b4c951a28f1:192.168.69.67:37222, bc0382cc-50e2-4d58-b2de-e8b6250f3520:192.168.69.67:37666], old=null
2019-10-18 08:20:03,808 [grpc-default-executor-7] INFO  impl.RaftServerImpl (RaftServerImpl.java:setRole(184)) - 1bc296c6-def6-4ae4-8c62-5b4c951a28f1@group-5EC277DF3249: changes role from  FOLLOWER to FOLLOWER at term 113 for recognizeCandidate:47aecc56-7e95-480d-b89c-2c00d33b4782
2019-10-18 08:20:03,808 [grpc-default-executor-5] INFO  impl.RaftServerImpl (RaftServerImpl.java:setRole(184)) - bc0382cc-50e2-4d58-b2de-e8b6250f3520@group-5EC277DF3249: changes role from  FOLLOWER to FOLLOWER at term 113 for recognizeCandidate:47aecc56-7e95-480d-b89c-2c00d33b4782
2019-10-18 08:20:03,808 [grpc-default-executor-7] INFO  impl.RoleInfo (RoleInfo.java:shutdownFollowerState(121)) - 1bc296c6-def6-4ae4-8c62-5b4c951a28f1: shutdown FollowerState
2019-10-18 08:20:03,808 [grpc-default-executor-5] INFO  impl.RoleInfo (RoleInfo.java:shutdownFollowerState(121)) - bc0382cc-50e2-4d58-b2de-e8b6250f3520: shutdown FollowerState
2019-10-18 08:20:03,808 [grpc-default-executor-7] INFO  impl.RoleInfo (RoleInfo.java:updateAndGet(143)) - 1bc296c6-def6-4ae4-8c62-5b4c951a28f1: start FollowerState
2019-10-18 08:20:03,809 [Thread-1408] INFO  impl.FollowerState (FollowerState.java:run(117)) - bc0382cc-50e2-4d58-b2de-e8b6250f3520@group-5EC277DF3249-FollowerState was interrupted: java.lang.InterruptedException: sleep interrupted
2019-10-18 08:20:03,809 [grpc-default-executor-5] INFO  impl.RoleInfo (RoleInfo.java:updateAndGet(143)) - bc0382cc-50e2-4d58-b2de-e8b6250f3520: start FollowerState
2019-10-18 08:20:03,808 [Thread-1407] INFO  impl.FollowerState (FollowerState.java:run(117)) - 1bc296c6-def6-4ae4-8c62-5b4c951a28f1@group-5EC277DF3249-FollowerState was interrupted: java.lang.InterruptedException: sleep interrupted
2019-10-18 08:20:03,823 [47aecc56-7e95-480d-b89c-2c00d33b4782@group-5EC277DF3249-LeaderElection117] INFO  impl.LeaderElection (LeaderElection.java:logAndReturn(56)) - 47aecc56-7e95-480d-b89c-2c00d33b4782@group-5EC277DF3249-LeaderElection117: Election REJECTED; received 2 response(s) [47aecc56-7e95-480d-b89c-2c00d33b4782<-1bc296c6-def6-4ae4-8c62-5b4c951a28f1#0:FAIL-t113, 47aecc56-7e95-480d-b89c-2c00d33b4782<-bc0382cc-50e2-4d58-b2de-e8b6250f3520#0:FAIL-t113] and 0 exception(s); 47aecc56-7e95-480d-b89c-2c00d33b4782@group-5EC277DF3249:t113, leader=null, voted=47aecc56-7e95-480d-b89c-2c00d33b4782, raftlog=47aecc56-7e95-480d-b89c-2c00d33b4782@group-5EC277DF3249-SegmentedRaftLog:OPENED:c-1,f-1,i0, conf=-1: [47aecc56-7e95-480d-b89c-2c00d33b4782:192.168.69.67:34550, 1bc296c6-def6-4ae4-8c62-5b4c951a28f1:192.168.69.67:37222, bc0382cc-50e2-4d58-b2de-e8b6250f3520:192.168.69.67:37666], old=null
2019-10-18 08:20:03,824 [47aecc56-7e95-480d-b89c-2c00d33b4782@group-5EC277DF3249-LeaderElection117] INFO  impl.RaftServerImpl (RaftServerImpl.java:setRole(184)) - 47aecc56-7e95-480d-b89c-2c00d33b4782@group-5EC277DF3249: changes role from CANDIDATE to FOLLOWER at term 113 for DISCOVERED_A_NEW_TERM
2019-10-18 08:20:03,824 [47aecc56-7e95-480d-b89c-2c00d33b4782@group-5EC277DF3249-LeaderElection117] INFO  impl.RoleInfo (RoleInfo.java:shutdownLeaderElection(134)) - 47aecc56-7e95-480d-b89c-2c00d33b4782: shutdown LeaderElection
2019-10-18 08:20:03,824 [47aecc56-7e95-480d-b89c-2c00d33b4782@group-5EC277DF3249-LeaderElection117] INFO  impl.RoleInfo (RoleInfo.java:updateAndGet(143)) - 47aecc56-7e95-480d-b89c-2c00d33b4782: start FollowerState
2019-10-18 08:20:03,898 [Thread-1415] INFO  impl.FollowerState (FollowerState.java:run(108)) - 47aecc56-7e95-480d-b89c-2c00d33b4782@group-5EC277DF3249-FollowerState: change to CANDIDATE, lastRpcTime:74ms, electionTimeout:74ms
2019-10-18 08:20:03,898 [Thread-1415] INFO  impl.RoleInfo (RoleInfo.java:shutdownFollowerState(121)) - 47aecc56-7e95-480d-b89c-2c00d33b4782: shutdown FollowerState
2019-10-18 08:20:03,899 [Thread-1415] INFO  impl.RaftServerImpl (RaftServerImpl.java:setRole(184)) - 47aecc56-7e95-480d-b89c-2c00d33b4782@group-5EC277DF3249: changes role from  FOLLOWER to CANDIDATE at term 113 for changeToCandidate
2019-10-18 08:20:03,899 [Thread-1415] INFO  impl.RoleInfo (RoleInfo.java:updateAndGet(143)) - 47aecc56-7e95-480d-b89c-2c00d33b4782: start LeaderElection
2019-10-18 08:20:03,912 [47aecc56-7e95-480d-b89c-2c00d33b4782@group-5EC277DF3249-LeaderElection118] INFO  impl.LeaderElection (LeaderElection.java:askForVotes(178)) - 47aecc56-7e95-480d-b89c-2c00d33b4782@group-5EC277DF3249-LeaderElection118: begin an election at term 114 for -1: [47aecc56-7e95-480d-b89c-2c00d33b4782:192.168.69.67:34550, 1bc296c6-def6-4ae4-8c62-5b4c951a28f1:192.168.69.67:37222, bc0382cc-50e2-4d58-b2de-e8b6250f3520:192.168.69.67:37666], old=null
2019-10-18 08:20:03,915 [grpc-default-executor-5] INFO  impl.RaftServerImpl (RaftServerImpl.java:setRole(184)) - 1bc296c6-def6-4ae4-8c62-5b4c951a28f1@group-5EC277DF3249: changes role from  FOLLOWER to FOLLOWER at term 114 for recognizeCandidate:47aecc56-7e95-480d-b89c-2c00d33b4782
2019-10-18 08:20:03,915 [grpc-default-executor-5] INFO  impl.RoleInfo (RoleInfo.java:shutdownFollowerState(121)) - 1bc296c6-def6-4ae4-8c62-5b4c951a28f1: shutdown FollowerState
2019-10-18 08:20:03,915 [grpc-default-executor-5] INFO  impl.RoleInfo (RoleInfo.java:updateAndGet(143)) - 1bc296c6-def6-4ae4-8c62-5b4c951a28f1: start FollowerState
2019-10-18 08:20:03,915 [Thread-1413] INFO  impl.FollowerState (FollowerState.java:run(117)) - 1bc296c6-def6-4ae4-8c62-5b4c951a28f1@group-5EC277DF3249-FollowerState was interrupted: java.lang.InterruptedException: sleep interrupted
2019-10-18 08:20:03,915 [grpc-default-executor-7] INFO  impl.RaftServerImpl (RaftServerImpl.java:setRole(184)) - bc0382cc-50e2-4d58-b2de-e8b6250f3520@group-5EC277DF3249: changes role from  FOLLOWER to FOLLOWER at term 114 for recognizeCandidate:47aecc56-7e95-480d-b89c-2c00d33b4782
2019-10-18 08:20:03,916 [grpc-default-executor-7] INFO  impl.RoleInfo (RoleInfo.java:shutdownFollowerState(121)) - bc0382cc-50e2-4d58-b2de-e8b6250f3520: shutdown FollowerState
2019-10-18 08:20:03,916 [grpc-default-executor-7] INFO  impl.RoleInfo (RoleInfo.java:updateAndGet(143)) - bc0382cc-50e2-4d58-b2de-e8b6250f3520: start FollowerState
2019-10-18 08:20:03,916 [Thread-1414] INFO  impl.FollowerState (FollowerState.java:run(117)) - bc0382cc-50e2-4d58-b2de-e8b6250f3520@group-5EC277DF3249-FollowerState was interrupted: java.lang.InterruptedException: sleep interrupted
2019-10-18 08:20:03,930 [47aecc56-7e95-480d-b89c-2c00d33b4782@group-5EC277DF3249-LeaderElection118] INFO  impl.LeaderElection (LeaderElection.java:logAndReturn(56)) - 47aecc56-7e95-480d-b89c-2c00d33b4782@group-5EC277DF3249-LeaderElection118: Election REJECTED; received 2 response(s) [47aecc56-7e95-480d-b89c-2c00d33b4782<-1bc296c6-def6-4ae4-8c62-5b4c951a28f1#0:FAIL-t114, 47aecc56-7e95-480d-b89c-2c00d33b4782<-bc0382cc-50e2-4d58-b2de-e8b6250f3520#0:FAIL-t114] and 0 exception(s); 47aecc56-7e95-480d-b89c-2c00d33b4782@group-5EC277DF3249:t114, leader=null, voted=47aecc56-7e95-480d-b89c-2c00d33b4782, raftlog=47aecc56-7e95-480d-b89c-2c00d33b4782@group-5EC277DF3249-SegmentedRaftLog:OPENED:c-1,f-1,i0, conf=-1: [47aecc56-7e95-480d-b89c-2c00d33b4782:192.168.69.67:34550, 1bc296c6-def6-4ae4-8c62-5b4c951a28f1:192.168.69.67:37222, bc0382cc-50e2-4d58-b2de-e8b6250f3520:192.168.69.67:37666], old=null
2019-10-18 08:20:03,930 [47aecc56-7e95-480d-b89c-2c00d33b4782@group-5EC277DF3249-LeaderElection118] INFO  impl.RaftServerImpl (RaftServerImpl.java:setRole(184)) - 47aecc56-7e95-480d-b89c-2c00d33b4782@group-5EC277DF3249: changes role from CANDIDATE to FOLLOWER at term 114 for DISCOVERED_A_NEW_TERM
2019-10-18 08:20:03,930 [47aecc56-7e95-480d-b89c-2c00d33b4782@group-5EC277DF3249-LeaderElection118] INFO  impl.RoleInfo (RoleInfo.java:shutdownLeaderElection(134)) - 47aecc56-7e95-480d-b89c-2c00d33b4782: shutdown LeaderElection
2019-10-18 08:20:03,930 [47aecc56-7e95-480d-b89c-2c00d33b4782@group-5EC277DF3249-LeaderElection118] INFO  impl.RoleInfo (RoleInfo.java:updateAndGet(143)) - 47aecc56-7e95-480d-b89c-2c00d33b4782: start FollowerState
2019-10-18 08:20:03,934 [Thread-1421] INFO  impl.FollowerState (FollowerState.java:run(108)) - 47aecc56-7e95-480d-b89c-2c00d33b4782@group-5EC277DF3249-FollowerState: change to CANDIDATE, lastRpcTime:3ms, electionTimeout:3ms
2019-10-18 08:20:03,934 [Thread-1421] INFO  impl.RoleInfo (RoleInfo.java:shutdownFollowerState(121)) - 47aecc56-7e95-480d-b89c-2c00d33b4782: shutdown FollowerState
2019-10-18 08:20:03,934 [Thread-1421] INFO  impl.RaftServerImpl (RaftServerImpl.java:setRole(184)) - 47aecc56-7e95-480d-b89c-2c00d33b4782@group-5EC277DF3249: changes role from  FOLLOWER to CANDIDATE at term 114 for changeToCandidate
2019-10-18 08:20:03,934 [Thread-1421] INFO  impl.RoleInfo (RoleInfo.java:updateAndGet(143)) - 47aecc56-7e95-480d-b89c-2c00d33b4782: start LeaderElection
2019-10-18 08:20:03,957 [47aecc56-7e95-480d-b89c-2c00d33b4782@group-5EC277DF3249-LeaderElection119] INFO  impl.LeaderElection (LeaderElection.java:askForVotes(178)) - 47aecc56-7e95-480d-b89c-2c00d33b4782@group-5EC277DF3249-LeaderElection119: begin an election at term 115 for -1: [47aecc56-7e95-480d-b89c-2c00d33b4782:192.168.69.67:34550, 1bc296c6-def6-4ae4-8c62-5b4c951a28f1:192.168.69.67:37222, bc0382cc-50e2-4d58-b2de-e8b6250f3520:192.168.69.67:37666], old=null
2019-10-18 08:20:03,959 [grpc-default-executor-7] INFO  impl.RaftServerImpl (RaftServerImpl.java:setRole(184)) - 1bc296c6-def6-4ae4-8c62-5b4c951a28f1@group-5EC277DF3249: changes role from  FOLLOWER to FOLLOWER at term 115 for recognizeCandidate:47aecc56-7e95-480d-b89c-2c00d33b4782
2019-10-18 08:20:03,959 [grpc-default-executor-7] INFO  impl.RoleInfo (RoleInfo.java:shutdownFollowerState(121)) - 1bc296c6-def6-4ae4-8c62-5b4c951a28f1: shutdown FollowerState
2019-10-18 08:20:03,959 [grpc-default-executor-7] INFO  impl.RoleInfo (RoleInfo.java:updateAndGet(143)) - 1bc296c6-def6-4ae4-8c62-5b4c951a28f1: start FollowerState
2019-10-18 08:20:03,959 [Thread-1419] INFO  impl.FollowerState (FollowerState.java:run(117)) - 1bc296c6-def6-4ae4-8c62-5b4c951a28f1@group-5EC277DF3249-FollowerState was interrupted: java.lang.InterruptedException: sleep interrupted
2019-10-18 08:20:03,959 [grpc-default-executor-5] INFO  impl.RaftServerImpl (RaftServerImpl.java:setRole(184)) - bc0382cc-50e2-4d58-b2de-e8b6250f3520@group-5EC277DF3249: changes role from  FOLLOWER to FOLLOWER at term 115 for recognizeCandidate:47aecc56-7e95-480d-b89c-2c00d33b4782
2019-10-18 08:20:03,959 [grpc-default-executor-5] INFO  impl.RoleInfo (RoleInfo.java:shutdownFollowerState(121)) - bc0382cc-50e2-4d58-b2de-e8b6250f3520: shutdown FollowerState
2019-10-18 08:20:03,959 [grpc-default-executor-5] INFO  impl.RoleInfo (RoleInfo.java:updateAndGet(143)) - bc0382cc-50e2-4d58-b2de-e8b6250f3520: start FollowerState
2019-10-18 08:20:03,960 [Thread-1420] INFO  impl.FollowerState (FollowerState.java:run(117)) - bc0382cc-50e2-4d58-b2de-e8b6250f3520@group-5EC277DF3249-FollowerState was interrupted: java.lang.InterruptedException: sleep interrupted
2019-10-18 08:20:03,969 [47aecc56-7e95-480d-b89c-2c00d33b4782@group-5EC277DF3249-LeaderElection119] INFO  impl.LeaderElection (LeaderElection.java:logAndReturn(56)) - 47aecc56-7e95-480d-b89c-2c00d33b4782@group-5EC277DF3249-LeaderElection119: Election REJECTED; received 2 response(s) [47aecc56-7e95-480d-b89c-2c00d33b4782<-1bc296c6-def6-4ae4-8c62-5b4c951a28f1#0:FAIL-t115, 47aecc56-7e95-480d-b89c-2c00d33b4782<-bc0382cc-50e2-4d58-b2de-e8b6250f3520#0:FAIL-t115] and 0 exception(s); 47aecc56-7e95-480d-b89c-2c00d33b4782@group-5EC277DF3249:t115, leader=null, voted=47aecc56-7e95-480d-b89c-2c00d33b4782, raftlog=47aecc56-7e95-480d-b89c-2c00d33b4782@group-5EC277DF3249-SegmentedRaftLog:OPENED:c-1,f-1,i0, conf=-1: [47aecc56-7e95-480d-b89c-2c00d33b4782:192.168.69.67:34550, 1bc296c6-def6-4ae4-8c62-5b4c951a28f1:192.168.69.67:37222, bc0382cc-50e2-4d58-b2de-e8b6250f3520:192.168.69.67:37666], old=null
2019-10-18 08:20:03,969 [47aecc56-7e95-480d-b89c-2c00d33b4782@group-5EC277DF3249-LeaderElection119] INFO  impl.RaftServerImpl (RaftServerImpl.java:setRole(184)) - 47aecc56-7e95-480d-b89c-2c00d33b4782@group-5EC277DF3249: changes role from CANDIDATE to FOLLOWER at term 115 for DISCOVERED_A_NEW_TERM
2019-10-18 08:20:03,969 [47aecc56-7e95-480d-b89c-2c00d33b4782@group-5EC277DF3249-LeaderElection119] INFO  impl.RoleInfo (RoleInfo.java:shutdownLeaderElection(134)) - 47aecc56-7e95-480d-b89c-2c00d33b4782: shutdown LeaderElection
2019-10-18 08:20:03,969 [47aecc56-7e95-480d-b89c-2c00d33b4782@group-5EC277DF3249-LeaderElection119] INFO  impl.RoleInfo (RoleInfo.java:updateAndGet(143)) - 47aecc56-7e95-480d-b89c-2c00d33b4782: start FollowerState
2019-10-18 08:20:04,005 [Thread-1427] INFO  impl.FollowerState (FollowerState.java:run(108)) - 47aecc56-7e95-480d-b89c-2c00d33b4782@group-5EC277DF3249-FollowerState: change to CANDIDATE, lastRpcTime:36ms, electionTimeout:36ms
2019-10-18 08:20:04,006 [Thread-1427] INFO  impl.RoleInfo (RoleInfo.java:shutdownFollowerState(121)) - 47aecc56-7e95-480d-b89c-2c00d33b4782: shutdown FollowerState
2019-10-18 08:20:04,006 [Thread-1427] INFO  impl.RaftServerImpl (RaftServerImpl.java:setRole(184)) - 47aecc56-7e95-480d-b89c-2c00d33b4782@group-5EC277DF3249: changes role from  FOLLOWER to CANDIDATE at term 115 for changeToCandidate
2019-10-18 08:20:04,006 [Thread-1427] INFO  impl.RoleInfo (RoleInfo.java:updateAndGet(143)) - 47aecc56-7e95-480d-b89c-2c00d33b4782: start LeaderElection
2019-10-18 08:20:04,020 [47aecc56-7e95-480d-b89c-2c00d33b4782@group-5EC277DF3249-LeaderElection120] INFO  impl.LeaderElection (LeaderElection.java:askForVotes(178)) - 47aecc56-7e95-480d-b89c-2c00d33b4782@group-5EC277DF3249-LeaderElection120: begin an election at term 116 for -1: [47aecc56-7e95-480d-b89c-2c00d33b4782:192.168.69.67:34550, 1bc296c6-def6-4ae4-8c62-5b4c951a28f1:192.168.69.67:37222, bc0382cc-50e2-4d58-b2de-e8b6250f3520:192.168.69.67:37666], old=null
2019-10-18 08:20:04,021 [grpc-default-executor-7] INFO  impl.RaftServerImpl (RaftServerImpl.java:setRole(184)) - bc0382cc-50e2-4d58-b2de-e8b6250f3520@group-5EC277DF3249: changes role from  FOLLOWER to FOLLOWER at term 116 for recognizeCandidate:47aecc56-7e95-480d-b89c-2c00d33b4782
2019-10-18 08:20:04,021 [grpc-default-executor-7] INFO  impl.RoleInfo (RoleInfo.java:shutdownFollowerState(121)) - bc0382cc-50e2-4d58-b2de-e8b6250f3520: shutdown FollowerState
2019-10-18 08:20:04,022 [grpc-default-executor-5] INFO  impl.RaftServerImpl (RaftServerImpl.java:setRole(184)) - 1bc296c6-def6-4ae4-8c62-5b4c951a28f1@group-5EC277DF3249: changes role from  FOLLOWER to FOLLOWER at term 116 for recognizeCandidate:47aecc56-7e95-480d-b89c-2c00d33b4782
2019-10-18 08:20:04,022 [Thread-1426] INFO  impl.FollowerState (FollowerState.java:run(117)) - bc0382cc-50e2-4d58-b2de-e8b6250f3520@group-5EC277DF3249-FollowerState was interrupted: java.lang.InterruptedException: sleep interrupted
2019-10-18 08:20:04,022 [grpc-default-executor-7] INFO  impl.RoleInfo (RoleInfo.java:updateAndGet(143)) - bc0382cc-50e2-4d58-b2de-e8b6250f3520: start FollowerState
2019-10-18 08:20:04,022 [grpc-default-executor-5] INFO  impl.RoleInfo (RoleInfo.java:shutdownFollowerState(121)) - 1bc296c6-def6-4ae4-8c62-5b4c951a28f1: shutdown FollowerState
2019-10-18 08:20:04,022 [grpc-default-executor-5] INFO  impl.RoleInfo (RoleInfo.java:updateAndGet(143)) - 1bc296c6-def6-4ae4-8c62-5b4c951a28f1: start FollowerState
2019-10-18 08:20:04,022 [Thread-1425] INFO  impl.FollowerState (FollowerState.java:run(117)) - 1bc296c6-def6-4ae4-8c62-5b4c951a28f1@group-5EC277DF3249-FollowerState was interrupted: java.lang.InterruptedException: sleep interrupted
2019-10-18 08:20:04,048 [47aecc56-7e95-480d-b89c-2c00d33b4782@group-5EC277DF3249-LeaderElection120] INFO  impl.LeaderElection (LeaderElection.java:logAndReturn(56)) - 47aecc56-7e95-480d-b89c-2c00d33b4782@group-5EC277DF3249-LeaderElection120: Election REJECTED; received 2 response(s) [47aecc56-7e95-480d-b89c-2c00d33b4782<-1bc296c6-def6-4ae4-8c62-5b4c951a28f1#0:FAIL-t116, 47aecc56-7e95-480d-b89c-2c00d33b4782<-bc0382cc-50e2-4d58-b2de-e8b6250f3520#0:FAIL-t116] and 0 exception(s); 47aecc56-7e95-480d-b89c-2c00d33b4782@group-5EC277DF3249:t116, leader=null, voted=47aecc56-7e95-480d-b89c-2c00d33b4782, raftlog=47aecc56-7e95-480d-b89c-2c00d33b4782@group-5EC277DF3249-SegmentedRaftLog:OPENED:c-1,f-1,i0, conf=-1: [47aecc56-7e95-480d-b89c-2c00d33b4782:192.168.69.67:34550, 1bc296c6-def6-4ae4-8c62-5b4c951a28f1:192.168.69.67:37222, bc0382cc-50e2-4d58-b2de-e8b6250f3520:192.168.69.67:37666], old=null
2019-10-18 08:20:04,049 [47aecc56-7e95-480d-b89c-2c00d33b4782@group-5EC277DF3249-LeaderElection120] INFO  impl.RaftServerImpl (RaftServerImpl.java:setRole(184)) - 47aecc56-7e95-480d-b89c-2c00d33b4782@group-5EC277DF3249: changes role from CANDIDATE to FOLLOWER at term 116 for DISCOVERED_A_NEW_TERM
2019-10-18 08:20:04,049 [47aecc56-7e95-480d-b89c-2c00d33b4782@group-5EC277DF3249-LeaderElection120] INFO  impl.RoleInfo (RoleInfo.java:shutdownLeaderElection(134)) - 47aecc56-7e95-480d-b89c-2c00d33b4782: shutdown LeaderElection
2019-10-18 08:20:04,049 [47aecc56-7e95-480d-b89c-2c00d33b4782@group-5EC277DF3249-LeaderElection120] INFO  impl.RoleInfo (RoleInfo.java:updateAndGet(143)) - 47aecc56-7e95-480d-b89c-2c00d33b4782: start FollowerState
2019-10-18 08:20:04,062 [Thread-1433] INFO  impl.FollowerState (FollowerState.java:run(108)) - 47aecc56-7e95-480d-b89c-2c00d33b4782@group-5EC277DF3249-FollowerState: change to CANDIDATE, lastRpcTime:13ms, electionTimeout:13ms
2019-10-18 08:20:04,062 [Thread-1433] INFO  impl.RoleInfo (RoleInfo.java:shutdownFollowerState(121)) - 47aecc56-7e95-480d-b89c-2c00d33b4782: shutdown FollowerState
2019-10-18 08:20:04,063 [Thread-1433] INFO  impl.RaftServerImpl (RaftServerImpl.java:setRole(184)) - 47aecc56-7e95-480d-b89c-2c00d33b4782@group-5EC277DF3249: changes role from  FOLLOWER to CANDIDATE at term 116 for changeToCandidate
2019-10-18 08:20:04,063 [Thread-1433] INFO  impl.RoleInfo (RoleInfo.java:updateAndGet(143)) - 47aecc56-7e95-480d-b89c-2c00d33b4782: start LeaderElection
2019-10-18 08:20:04,076 [47aecc56-7e95-480d-b89c-2c00d33b4782@group-5EC277DF3249-LeaderElection121] INFO  impl.LeaderElection (LeaderElection.java:askForVotes(178)) - 47aecc56-7e95-480d-b89c-2c00d33b4782@group-5EC277DF3249-LeaderElection121: begin an election at term 117 for -1: [47aecc56-7e95-480d-b89c-2c00d33b4782:192.168.69.67:34550, 1bc296c6-def6-4ae4-8c62-5b4c951a28f1:192.168.69.67:37222, bc0382cc-50e2-4d58-b2de-e8b6250f3520:192.168.69.67:37666], old=null
2019-10-18 08:20:04,078 [grpc-default-executor-7] INFO  impl.RaftServerImpl (RaftServerImpl.java:setRole(184)) - bc0382cc-50e2-4d58-b2de-e8b6250f3520@group-5EC277DF3249: changes role from  FOLLOWER to FOLLOWER at term 117 for recognizeCandidate:47aecc56-7e95-480d-b89c-2c00d33b4782
2019-10-18 08:20:04,078 [grpc-default-executor-7] INFO  impl.RoleInfo (RoleInfo.java:shutdownFollowerState(121)) - bc0382cc-50e2-4d58-b2de-e8b6250f3520: shutdown FollowerState
2019-10-18 08:20:04,078 [grpc-default-executor-5] INFO  impl.RaftServerImpl (RaftServerImpl.java:setRole(184)) - 1bc296c6-def6-4ae4-8c62-5b4c951a28f1@group-5EC277DF3249: changes role from  FOLLOWER to FOLLOWER at term 117 for recognizeCandidate:47aecc56-7e95-480d-b89c-2c00d33b4782
2019-10-18 08:20:04,078 [grpc-default-executor-5] INFO  impl.RoleInfo (RoleInfo.java:shutdownFollowerState(121)) - 1bc296c6-def6-4ae4-8c62-5b4c951a28f1: shutdown FollowerState
2019-10-18 08:20:04,078 [grpc-default-executor-7] INFO  impl.RoleInfo (RoleInfo.java:updateAndGet(143)) - bc0382cc-50e2-4d58-b2de-e8b6250f3520: start FollowerState
2019-10-18 08:20:04,078 [Thread-1432] INFO  impl.FollowerState (FollowerState.java:run(117)) - 1bc296c6-def6-4ae4-8c62-5b4c951a28f1@group-5EC277DF3249-FollowerState was interrupted: java.lang.InterruptedException: sleep interrupted
2019-10-18 08:20:04,078 [grpc-default-executor-5] INFO  impl.RoleInfo (RoleInfo.java:updateAndGet(143)) - 1bc296c6-def6-4ae4-8c62-5b4c951a28f1: start FollowerState
2019-10-18 08:20:04,078 [Thread-1431] INFO  impl.FollowerState (FollowerState.java:run(117)) - bc0382cc-50e2-4d58-b2de-e8b6250f3520@group-5EC277DF3249-FollowerState was interrupted: java.lang.InterruptedException: sleep interrupted
2019-10-18 08:20:04,092 [47aecc56-7e95-480d-b89c-2c00d33b4782@group-5EC277DF3249-LeaderElection121] INFO  impl.LeaderElection (LeaderElection.java:logAndReturn(56)) - 47aecc56-7e95-480d-b89c-2c00d33b4782@group-5EC277DF3249-LeaderElection121: Election REJECTED; received 2 response(s) [47aecc56-7e95-480d-b89c-2c00d33b4782<-1bc296c6-def6-4ae4-8c62-5b4c951a28f1#0:FAIL-t117, 47aecc56-7e95-480d-b89c-2c00d33b4782<-bc0382cc-50e2-4d58-b2de-e8b6250f3520#0:FAIL-t117] and 0 exception(s); 47aecc56-7e95-480d-b89c-2c00d33b4782@group-5EC277DF3249:t117, leader=null, voted=47aecc56-7e95-480d-b89c-2c00d33b4782, raftlog=47aecc56-7e95-480d-b89c-2c00d33b4782@group-5EC277DF3249-SegmentedRaftLog:OPENED:c-1,f-1,i0, conf=-1: [47aecc56-7e95-480d-b89c-2c00d33b4782:192.168.69.67:34550, 1bc296c6-def6-4ae4-8c62-5b4c951a28f1:192.168.69.67:37222, bc0382cc-50e2-4d58-b2de-e8b6250f3520:192.168.69.67:37666], old=null
2019-10-18 08:20:04,092 [47aecc56-7e95-480d-b89c-2c00d33b4782@group-5EC277DF3249-LeaderElection121] INFO  impl.RaftServerImpl (RaftServerImpl.java:setRole(184)) - 47aecc56-7e95-480d-b89c-2c00d33b4782@group-5EC277DF3249: changes role from CANDIDATE to FOLLOWER at term 117 for DISCOVERED_A_NEW_TERM
2019-10-18 08:20:04,092 [47aecc56-7e95-480d-b89c-2c00d33b4782@group-5EC277DF3249-LeaderElection121] INFO  impl.RoleInfo (RoleInfo.java:shutdownLeaderElection(134)) - 47aecc56-7e95-480d-b89c-2c00d33b4782: shutdown LeaderElection
2019-10-18 08:20:04,093 [47aecc56-7e95-480d-b89c-2c00d33b4782@group-5EC277DF3249-LeaderElection121] INFO  impl.RoleInfo (RoleInfo.java:updateAndGet(143)) - 47aecc56-7e95-480d-b89c-2c00d33b4782: start FollowerState
2019-10-18 08:20:04,118 [Thread-1439] INFO  impl.FollowerState (FollowerState.java:run(108)) - 47aecc56-7e95-480d-b89c-2c00d33b4782@group-5EC277DF3249-FollowerState: change to CANDIDATE, lastRpcTime:25ms, electionTimeout:25ms
2019-10-18 08:20:04,118 [Thread-1439] INFO  impl.RoleInfo (RoleInfo.java:shutdownFollowerState(121)) - 47aecc56-7e95-480d-b89c-2c00d33b4782: shutdown FollowerState
2019-10-18 08:20:04,118 [Thread-1439] INFO  impl.RaftServerImpl (RaftServerImpl.java:setRole(184)) - 47aecc56-7e95-480d-b89c-2c00d33b4782@group-5EC277DF3249: changes role from  FOLLOWER to CANDIDATE at term 117 for changeToCandidate
2019-10-18 08:20:04,118 [Thread-1439] INFO  impl.RoleInfo (RoleInfo.java:updateAndGet(143)) - 47aecc56-7e95-480d-b89c-2c00d33b4782: start LeaderElection
2019-10-18 08:20:04,133 [47aecc56-7e95-480d-b89c-2c00d33b4782@group-5EC277DF3249-LeaderElection122] INFO  impl.LeaderElection (LeaderElection.java:askForVotes(178)) - 47aecc56-7e95-480d-b89c-2c00d33b4782@group-5EC277DF3249-LeaderElection122: begin an election at term 118 for -1: [47aecc56-7e95-480d-b89c-2c00d33b4782:192.168.69.67:34550, 1bc296c6-def6-4ae4-8c62-5b4c951a28f1:192.168.69.67:37222, bc0382cc-50e2-4d58-b2de-e8b6250f3520:192.168.69.67:37666], old=null
2019-10-18 08:20:04,135 [grpc-default-executor-5] INFO  impl.RaftServerImpl (RaftServerImpl.java:setRole(184)) - 1bc296c6-def6-4ae4-8c62-5b4c951a28f1@group-5EC277DF3249: changes role from  FOLLOWER to FOLLOWER at term 118 for recognizeCandidate:47aecc56-7e95-480d-b89c-2c00d33b4782
2019-10-18 08:20:04,135 [grpc-default-executor-5] INFO  impl.RoleInfo (RoleInfo.java:shutdownFollowerState(121)) - 1bc296c6-def6-4ae4-8c62-5b4c951a28f1: shutdown FollowerState
2019-10-18 08:20:04,135 [grpc-default-executor-7] INFO  impl.RaftServerImpl (RaftServerImpl.java:setRole(184)) - bc0382cc-50e2-4d58-b2de-e8b6250f3520@group-5EC277DF3249: changes role from  FOLLOWER to FOLLOWER at term 118 for recognizeCandidate:47aecc56-7e95-480d-b89c-2c00d33b4782
2019-10-18 08:20:04,135 [Thread-1438] INFO  impl.FollowerState (FollowerState.java:run(117)) - 1bc296c6-def6-4ae4-8c62-5b4c951a28f1@group-5EC277DF3249-FollowerState was interrupted: java.lang.InterruptedException: sleep interrupted
2019-10-18 08:20:04,135 [grpc-default-executor-5] INFO  impl.RoleInfo (RoleInfo.java:updateAndGet(143)) - 1bc296c6-def6-4ae4-8c62-5b4c951a28f1: start FollowerState
2019-10-18 08:20:04,135 [grpc-default-executor-7] INFO  impl.RoleInfo (RoleInfo.java:shutdownFollowerState(121)) - bc0382cc-50e2-4d58-b2de-e8b6250f3520: shutdown FollowerState
2019-10-18 08:20:04,135 [grpc-default-executor-7] INFO  impl.RoleInfo (RoleInfo.java:updateAndGet(143)) - bc0382cc-50e2-4d58-b2de-e8b6250f3520: start FollowerState
2019-10-18 08:20:04,135 [Thread-1437] INFO  impl.FollowerState (FollowerState.java:run(117)) - bc0382cc-50e2-4d58-b2de-e8b6250f3520@group-5EC277DF3249-FollowerState was interrupted: java.lang.InterruptedException: sleep interrupted
2019-10-18 08:20:04,149 [47aecc56-7e95-480d-b89c-2c00d33b4782@group-5EC277DF3249-LeaderElection122] INFO  impl.LeaderElection (LeaderElection.java:logAndReturn(56)) - 47aecc56-7e95-480d-b89c-2c00d33b4782@group-5EC277DF3249-LeaderElection122: Election REJECTED; received 2 response(s) [47aecc56-7e95-480d-b89c-2c00d33b4782<-1bc296c6-def6-4ae4-8c62-5b4c951a28f1#0:FAIL-t118, 47aecc56-7e95-480d-b89c-2c00d33b4782<-bc0382cc-50e2-4d58-b2de-e8b6250f3520#0:FAIL-t118] and 0 exception(s); 47aecc56-7e95-480d-b89c-2c00d33b4782@group-5EC277DF3249:t118, leader=null, voted=47aecc56-7e95-480d-b89c-2c00d33b4782, raftlog=47aecc56-7e95-480d-b89c-2c00d33b4782@group-5EC277DF3249-SegmentedRaftLog:OPENED:c-1,f-1,i0, conf=-1: [47aecc56-7e95-480d-b89c-2c00d33b4782:192.168.69.67:34550, 1bc296c6-def6-4ae4-8c62-5b4c951a28f1:192.168.69.67:37222, bc0382cc-50e2-4d58-b2de-e8b6250f3520:192.168.69.67:37666], old=null
2019-10-18 08:20:04,149 [47aecc56-7e95-480d-b89c-2c00d33b4782@group-5EC277DF3249-LeaderElection122] INFO  impl.RaftServerImpl (RaftServerImpl.java:setRole(184)) - 47aecc56-7e95-480d-b89c-2c00d33b4782@group-5EC277DF3249: changes role from CANDIDATE to FOLLOWER at term 118 for DISCOVERED_A_NEW_TERM
2019-10-18 08:20:04,149 [47aecc56-7e95-480d-b89c-2c00d33b4782@group-5EC277DF3249-LeaderElection122] INFO  impl.RoleInfo (RoleInfo.java:shutdownLeaderElection(134)) - 47aecc56-7e95-480d-b89c-2c00d33b4782: shutdown LeaderElection
2019-10-18 08:20:04,149 [47aecc56-7e95-480d-b89c-2c00d33b4782@group-5EC277DF3249-LeaderElection122] INFO  impl.RoleInfo (RoleInfo.java:updateAndGet(143)) - 47aecc56-7e95-480d-b89c-2c00d33b4782: start FollowerState
2019-10-18 08:20:04,168 [Thread-1445] INFO  impl.FollowerState (FollowerState.java:run(108)) - 47aecc56-7e95-480d-b89c-2c00d33b4782@group-5EC277DF3249-FollowerState: change to CANDIDATE, lastRpcTime:18ms, electionTimeout:18ms
2019-10-18 08:20:04,168 [Thread-1445] INFO  impl.RoleInfo (RoleInfo.java:shutdownFollowerState(121)) - 47aecc56-7e95-480d-b89c-2c00d33b4782: shutdown FollowerState
2019-10-18 08:20:04,168 [Thread-1445] INFO  impl.RaftServerImpl (RaftServerImpl.java:setRole(184)) - 47aecc56-7e95-480d-b89c-2c00d33b4782@group-5EC277DF3249: changes role from  FOLLOWER to CANDIDATE at term 118 for changeToCandidate
2019-10-18 08:20:04,168 [Thread-1445] INFO  impl.RoleInfo (RoleInfo.java:updateAndGet(143)) - 47aecc56-7e95-480d-b89c-2c00d33b4782: start LeaderElection
 0.00% |?                                                                                                    |  0/1 Time: 0:04:122019-10-18 08:20:04,181 [47aecc56-7e95-480d-b89c-2c00d33b4782@group-5EC277DF3249-LeaderElection123] INFO  impl.LeaderElection (LeaderElection.java:askForVotes(178)) - 47aecc56-7e95-480d-b89c-2c00d33b4782@group-5EC277DF3249-LeaderElection123: begin an election at term 119 for -1: [47aecc56-7e95-480d-b89c-2c00d33b4782:192.168.69.67:34550, 1bc296c6-def6-4ae4-8c62-5b4c951a28f1:192.168.69.67:37222, bc0382cc-50e2-4d58-b2de-e8b6250f3520:192.168.69.67:37666], old=null
2019-10-18 08:20:04,183 [grpc-default-executor-5] INFO  impl.RaftServerImpl (RaftServerImpl.java:setRole(184)) - bc0382cc-50e2-4d58-b2de-e8b6250f3520@group-5EC277DF3249: changes role from  FOLLOWER to FOLLOWER at term 119 for recognizeCandidate:47aecc56-7e95-480d-b89c-2c00d33b4782
2019-10-18 08:20:04,183 [grpc-default-executor-7] INFO  impl.RaftServerImpl (RaftServerImpl.java:setRole(184)) - 1bc296c6-def6-4ae4-8c62-5b4c951a28f1@group-5EC277DF3249: changes role from  FOLLOWER to FOLLOWER at term 119 for recognizeCandidate:47aecc56-7e95-480d-b89c-2c00d33b4782
2019-10-18 08:20:04,183 [grpc-default-executor-5] INFO  impl.RoleInfo (RoleInfo.java:shutdownFollowerState(121)) - bc0382cc-50e2-4d58-b2de-e8b6250f3520: shutdown FollowerState
2019-10-18 08:20:04,183 [grpc-default-executor-7] INFO  impl.RoleInfo (RoleInfo.java:shutdownFollowerState(121)) - 1bc296c6-def6-4ae4-8c62-5b4c951a28f1: shutdown FollowerState
2019-10-18 08:20:04,184 [Thread-1444] INFO  impl.FollowerState (FollowerState.java:run(117)) - bc0382cc-50e2-4d58-b2de-e8b6250f3520@group-5EC277DF3249-FollowerState was interrupted: java.lang.InterruptedException: sleep interrupted
2019-10-18 08:20:04,184 [grpc-default-executor-5] INFO  impl.RoleInfo (RoleInfo.java:updateAndGet(143)) - bc0382cc-50e2-4d58-b2de-e8b6250f3520: start FollowerState
2019-10-18 08:20:04,184 [grpc-default-executor-7] INFO  impl.RoleInfo (RoleInfo.java:updateAndGet(143)) - 1bc296c6-def6-4ae4-8c62-5b4c951a28f1: start FollowerState
2019-10-18 08:20:04,184 [Thread-1443] INFO  impl.FollowerState (FollowerState.java:run(117)) - 1bc296c6-def6-4ae4-8c62-5b4c951a28f1@group-5EC277DF3249-FollowerState was interrupted: java.lang.InterruptedException: sleep interrupted
2019-10-18 08:20:04,202 [47aecc56-7e95-480d-b89c-2c00d33b4782@group-5EC277DF3249-LeaderElection123] INFO  impl.LeaderElection (LeaderElection.java:logAndReturn(56)) - 47aecc56-7e95-480d-b89c-2c00d33b4782@group-5EC277DF3249-LeaderElection123: Election REJECTED; received 2 response(s) [47aecc56-7e95-480d-b89c-2c00d33b4782<-1bc296c6-def6-4ae4-8c62-5b4c951a28f1#0:FAIL-t119, 47aecc56-7e95-480d-b89c-2c00d33b4782<-bc0382cc-50e2-4d58-b2de-e8b6250f3520#0:FAIL-t119] and 0 exception(s); 47aecc56-7e95-480d-b89c-2c00d33b4782@group-5EC277DF3249:t119, leader=null, voted=47aecc56-7e95-480d-b89c-2c00d33b4782, raftlog=47aecc56-7e95-480d-b89c-2c00d33b4782@group-5EC277DF3249-SegmentedRaftLog:OPENED:c-1,f-1,i0, conf=-1: [47aecc56-7e95-480d-b89c-2c00d33b4782:192.168.69.67:34550, 1bc296c6-def6-4ae4-8c62-5b4c951a28f1:192.168.69.67:37222, bc0382cc-50e2-4d58-b2de-e8b6250f3520:192.168.69.67:37666], old=null
2019-10-18 08:20:04,202 [47aecc56-7e95-480d-b89c-2c00d33b4782@group-5EC277DF3249-LeaderElection123] INFO  impl.RaftServerImpl (RaftServerImpl.java:setRole(184)) - 47aecc56-7e95-480d-b89c-2c00d33b4782@group-5EC277DF3249: changes role from CANDIDATE to FOLLOWER at term 119 for DISCOVERED_A_NEW_TERM
2019-10-18 08:20:04,202 [47aecc56-7e95-480d-b89c-2c00d33b4782@group-5EC277DF3249-LeaderElection123] INFO  impl.RoleInfo (RoleInfo.java:shutdownLeaderElection(134)) - 47aecc56-7e95-480d-b89c-2c00d33b4782: shutdown LeaderElection
2019-10-18 08:20:04,202 [47aecc56-7e95-480d-b89c-2c00d33b4782@group-5EC277DF3249-LeaderElection123] INFO  impl.RoleInfo (RoleInfo.java:updateAndGet(143)) - 47aecc56-7e95-480d-b89c-2c00d33b4782: start FollowerState
2019-10-18 08:20:04,389 [Thread-1451] INFO  impl.FollowerState (FollowerState.java:run(108)) - 47aecc56-7e95-480d-b89c-2c00d33b4782@group-5EC277DF3249-FollowerState: change to CANDIDATE, lastRpcTime:186ms, electionTimeout:186ms
2019-10-18 08:20:04,389 [Thread-1451] INFO  impl.RoleInfo (RoleInfo.java:shutdownFollowerState(121)) - 47aecc56-7e95-480d-b89c-2c00d33b4782: shutdown FollowerState
2019-10-18 08:20:04,389 [Thread-1451] INFO  impl.RaftServerImpl (RaftServerImpl.java:setRole(184)) - 47aecc56-7e95-480d-b89c-2c00d33b4782@group-5EC277DF3249: changes role from  FOLLOWER to CANDIDATE at term 119 for changeToCandidate
2019-10-18 08:20:04,389 [Thread-1451] INFO  impl.RoleInfo (RoleInfo.java:updateAndGet(143)) - 47aecc56-7e95-480d-b89c-2c00d33b4782: start LeaderElection
2019-10-18 08:20:04,404 [47aecc56-7e95-480d-b89c-2c00d33b4782@group-5EC277DF3249-LeaderElection124] INFO  impl.LeaderElection (LeaderElection.java:askForVotes(178)) - 47aecc56-7e95-480d-b89c-2c00d33b4782@group-5EC277DF3249-LeaderElection124: begin an election at term 120 for -1: [47aecc56-7e95-480d-b89c-2c00d33b4782:192.168.69.67:34550, 1bc296c6-def6-4ae4-8c62-5b4c951a28f1:192.168.69.67:37222, bc0382cc-50e2-4d58-b2de-e8b6250f3520:192.168.69.67:37666], old=null
2019-10-18 08:20:04,407 [grpc-default-executor-7] INFO  impl.RaftServerImpl (RaftServerImpl.java:setRole(184)) - bc0382cc-50e2-4d58-b2de-e8b6250f3520@group-5EC277DF3249: changes role from  FOLLOWER to FOLLOWER at term 120 for recognizeCandidate:47aecc56-7e95-480d-b89c-2c00d33b4782
2019-10-18 08:20:04,407 [grpc-default-executor-7] INFO  impl.RoleInfo (RoleInfo.java:shutdownFollowerState(121)) - bc0382cc-50e2-4d58-b2de-e8b6250f3520: shutdown FollowerState
2019-10-18 08:20:04,407 [grpc-default-executor-5] INFO  impl.RaftServerImpl (RaftServerImpl.java:setRole(184)) - 1bc296c6-def6-4ae4-8c62-5b4c951a28f1@group-5EC277DF3249: changes role from  FOLLOWER to FOLLOWER at term 120 for recognizeCandidate:47aecc56-7e95-480d-b89c-2c00d33b4782
2019-10-18 08:20:04,407 [Thread-1449] INFO  impl.FollowerState (FollowerState.java:run(117)) - bc0382cc-50e2-4d58-b2de-e8b6250f3520@group-5EC277DF3249-FollowerState was interrupted: java.lang.InterruptedException: sleep interrupted
2019-10-18 08:20:04,407 [grpc-default-executor-5] INFO  impl.RoleInfo (RoleInfo.java:shutdownFollowerState(121)) - 1bc296c6-def6-4ae4-8c62-5b4c951a28f1: shutdown FollowerState
2019-10-18 08:20:04,407 [grpc-default-executor-7] INFO  impl.RoleInfo (RoleInfo.java:updateAndGet(143)) - bc0382cc-50e2-4d58-b2de-e8b6250f3520: start FollowerState
2019-10-18 08:20:04,408 [Thread-1450] INFO  impl.FollowerState (FollowerState.java:run(117)) - 1bc296c6-def6-4ae4-8c62-5b4c951a28f1@group-5EC277DF3249-FollowerState was interrupted: java.lang.InterruptedException: sleep interrupted
2019-10-18 08:20:04,408 [grpc-default-executor-5] INFO  impl.RoleInfo (RoleInfo.java:updateAndGet(143)) - 1bc296c6-def6-4ae4-8c62-5b4c951a28f1: start FollowerState
2019-10-18 08:20:04,422 [47aecc56-7e95-480d-b89c-2c00d33b4782@group-5EC277DF3249-LeaderElection124] INFO  impl.LeaderElection (LeaderElection.java:logAndReturn(56)) - 47aecc56-7e95-480d-b89c-2c00d33b4782@group-5EC277DF3249-LeaderElection124: Election REJECTED; received 2 response(s) [47aecc56-7e95-480d-b89c-2c00d33b4782<-1bc296c6-def6-4ae4-8c62-5b4c951a28f1#0:FAIL-t120, 47aecc56-7e95-480d-b89c-2c00d33b4782<-bc0382cc-50e2-4d58-b2de-e8b6250f3520#0:FAIL-t120] and 0 exception(s); 47aecc56-7e95-480d-b89c-2c00d33b4782@group-5EC277DF3249:t120, leader=null, voted=47aecc56-7e95-480d-b89c-2c00d33b4782, raftlog=47aecc56-7e95-480d-b89c-2c00d33b4782@group-5EC277DF3249-SegmentedRaftLog:OPENED:c-1,f-1,i0, conf=-1: [47aecc56-7e95-480d-b89c-2c00d33b4782:192.168.69.67:34550, 1bc296c6-def6-4ae4-8c62-5b4c951a28f1:192.168.69.67:37222, bc0382cc-50e2-4d58-b2de-e8b6250f3520:192.168.69.67:37666], old=null
2019-10-18 08:20:04,422 [47aecc56-7e95-480d-b89c-2c00d33b4782@group-5EC277DF3249-LeaderElection124] INFO  impl.RaftServerImpl (RaftServerImpl.java:setRole(184)) - 47aecc56-7e95-480d-b89c-2c00d33b4782@group-5EC277DF3249: changes role from CANDIDATE to FOLLOWER at term 120 for DISCOVERED_A_NEW_TERM
2019-10-18 08:20:04,423 [47aecc56-7e95-480d-b89c-2c00d33b4782@group-5EC277DF3249-LeaderElection124] INFO  impl.RoleInfo (RoleInfo.java:shutdownLeaderElection(134)) - 47aecc56-7e95-480d-b89c-2c00d33b4782: shutdown LeaderElection
2019-10-18 08:20:04,423 [47aecc56-7e95-480d-b89c-2c00d33b4782@group-5EC277DF3249-LeaderElection124] INFO  impl.RoleInfo (RoleInfo.java:updateAndGet(143)) - 47aecc56-7e95-480d-b89c-2c00d33b4782: start FollowerState
2019-10-18 08:20:04,512 [Thread-1457] INFO  impl.FollowerState (FollowerState.java:run(108)) - 47aecc56-7e95-480d-b89c-2c00d33b4782@group-5EC277DF3249-FollowerState: change to CANDIDATE, lastRpcTime:89ms, electionTimeout:89ms
2019-10-18 08:20:04,512 [Thread-1457] INFO  impl.RoleInfo (RoleInfo.java:shutdownFollowerState(121)) - 47aecc56-7e95-480d-b89c-2c00d33b4782: shutdown FollowerState
2019-10-18 08:20:04,513 [Thread-1457] INFO  impl.RaftServerImpl (RaftServerImpl.java:setRole(184)) - 47aecc56-7e95-480d-b89c-2c00d33b4782@group-5EC277DF3249: changes role from  FOLLOWER to CANDIDATE at term 120 for changeToCandidate
2019-10-18 08:20:04,513 [Thread-1457] INFO  impl.RoleInfo (RoleInfo.java:updateAndGet(143)) - 47aecc56-7e95-480d-b89c-2c00d33b4782: start LeaderElection
2019-10-18 08:20:04,538 [47aecc56-7e95-480d-b89c-2c00d33b4782@group-5EC277DF3249-LeaderElection125] INFO  impl.LeaderElection (LeaderElection.java:askForVotes(178)) - 47aecc56-7e95-480d-b89c-2c00d33b4782@group-5EC277DF3249-LeaderElection125: begin an election at term 121 for -1: [47aecc56-7e95-480d-b89c-2c00d33b4782:192.168.69.67:34550, 1bc296c6-def6-4ae4-8c62-5b4c951a28f1:192.168.69.67:37222, bc0382cc-50e2-4d58-b2de-e8b6250f3520:192.168.69.67:37666], old=null
2019-10-18 08:20:04,540 [grpc-default-executor-5] INFO  impl.RaftServerImpl (RaftServerImpl.java:setRole(184)) - bc0382cc-50e2-4d58-b2de-e8b6250f3520@group-5EC277DF3249: changes role from  FOLLOWER to FOLLOWER at term 121 for recognizeCandidate:47aecc56-7e95-480d-b89c-2c00d33b4782
2019-10-18 08:20:04,540 [grpc-default-executor-7] INFO  impl.RaftServerImpl (RaftServerImpl.java:setRole(184)) - 1bc296c6-def6-4ae4-8c62-5b4c951a28f1@group-5EC277DF3249: changes role from  FOLLOWER to FOLLOWER at term 121 for recognizeCandidate:47aecc56-7e95-480d-b89c-2c00d33b4782
2019-10-18 08:20:04,540 [grpc-default-executor-5] INFO  impl.RoleInfo (RoleInfo.java:shutdownFollowerState(121)) - bc0382cc-50e2-4d58-b2de-e8b6250f3520: shutdown FollowerState
2019-10-18 08:20:04,540 [grpc-default-executor-7] INFO  impl.RoleInfo (RoleInfo.java:shutdownFollowerState(121)) - 1bc296c6-def6-4ae4-8c62-5b4c951a28f1: shutdown FollowerState
2019-10-18 08:20:04,540 [Thread-1455] INFO  impl.FollowerState (FollowerState.java:run(117)) - bc0382cc-50e2-4d58-b2de-e8b6250f3520@group-5EC277DF3249-FollowerState was interrupted: java.lang.InterruptedException: sleep interrupted
2019-10-18 08:20:04,540 [grpc-default-executor-5] INFO  impl.RoleInfo (RoleInfo.java:updateAndGet(143)) - bc0382cc-50e2-4d58-b2de-e8b6250f3520: start FollowerState
2019-10-18 08:20:04,541 [Thread-1456] INFO  impl.FollowerState (FollowerState.java:run(117)) - 1bc296c6-def6-4ae4-8c62-5b4c951a28f1@group-5EC277DF3249-FollowerState was interrupted: java.lang.InterruptedException: sleep interrupted
2019-10-18 08:20:04,540 [grpc-default-executor-7] INFO  impl.RoleInfo (RoleInfo.java:updateAndGet(143)) - 1bc296c6-def6-4ae4-8c62-5b4c951a28f1: start FollowerState
2019-10-18 08:20:04,555 [47aecc56-7e95-480d-b89c-2c00d33b4782@group-5EC277DF3249-LeaderElection125] INFO  impl.LeaderElection (LeaderElection.java:logAndReturn(56)) - 47aecc56-7e95-480d-b89c-2c00d33b4782@group-5EC277DF3249-LeaderElection125: Election REJECTED; received 2 response(s) [47aecc56-7e95-480d-b89c-2c00d33b4782<-1bc296c6-def6-4ae4-8c62-5b4c951a28f1#0:FAIL-t121, 47aecc56-7e95-480d-b89c-2c00d33b4782<-bc0382cc-50e2-4d58-b2de-e8b6250f3520#0:FAIL-t121] and 0 exception(s); 47aecc56-7e95-480d-b89c-2c00d33b4782@group-5EC277DF3249:t121, leader=null, voted=47aecc56-7e95-480d-b89c-2c00d33b4782, raftlog=47aecc56-7e95-480d-b89c-2c00d33b4782@group-5EC277DF3249-SegmentedRaftLog:OPENED:c-1,f-1,i0, conf=-1: [47aecc56-7e95-480d-b89c-2c00d33b4782:192.168.69.67:34550, 1bc296c6-def6-4ae4-8c62-5b4c951a28f1:192.168.69.67:37222, bc0382cc-50e2-4d58-b2de-e8b6250f3520:192.168.69.67:37666], old=null
2019-10-18 08:20:04,555 [47aecc56-7e95-480d-b89c-2c00d33b4782@group-5EC277DF3249-LeaderElection125] INFO  impl.RaftServerImpl (RaftServerImpl.java:setRole(184)) - 47aecc56-7e95-480d-b89c-2c00d33b4782@group-5EC277DF3249: changes role from CANDIDATE to FOLLOWER at term 121 for DISCOVERED_A_NEW_TERM
2019-10-18 08:20:04,555 [47aecc56-7e95-480d-b89c-2c00d33b4782@group-5EC277DF3249-LeaderElection125] INFO  impl.RoleInfo (RoleInfo.java:shutdownLeaderElection(134)) - 47aecc56-7e95-480d-b89c-2c00d33b4782: shutdown LeaderElection
2019-10-18 08:20:04,555 [47aecc56-7e95-480d-b89c-2c00d33b4782@group-5EC277DF3249-LeaderElection125] INFO  impl.RoleInfo (RoleInfo.java:updateAndGet(143)) - 47aecc56-7e95-480d-b89c-2c00d33b4782: start FollowerState
2019-10-18 08:20:04,749 [Thread-1463] INFO  impl.FollowerState (FollowerState.java:run(108)) - 47aecc56-7e95-480d-b89c-2c00d33b4782@group-5EC277DF3249-FollowerState: change to CANDIDATE, lastRpcTime:194ms, electionTimeout:194ms
2019-10-18 08:20:04,750 [Thread-1463] INFO  impl.RoleInfo (RoleInfo.java:shutdownFollowerState(121)) - 47aecc56-7e95-480d-b89c-2c00d33b4782: shutdown FollowerState
2019-10-18 08:20:04,750 [Thread-1463] INFO  impl.RaftServerImpl (RaftServerImpl.java:setRole(184)) - 47aecc56-7e95-480d-b89c-2c00d33b4782@group-5EC277DF3249: changes role from  FOLLOWER to CANDIDATE at term 121 for changeToCandidate
2019-10-18 08:20:04,750 [Thread-1463] INFO  impl.RoleInfo (RoleInfo.java:updateAndGet(143)) - 47aecc56-7e95-480d-b89c-2c00d33b4782: start LeaderElection
2019-10-18 08:20:04,776 [47aecc56-7e95-480d-b89c-2c00d33b4782@group-5EC277DF3249-LeaderElection126] INFO  impl.LeaderElection (LeaderElection.java:askForVotes(178)) - 47aecc56-7e95-480d-b89c-2c00d33b4782@group-5EC277DF3249-LeaderElection126: begin an election at term 122 for -1: [47aecc56-7e95-480d-b89c-2c00d33b4782:192.168.69.67:34550, 1bc296c6-def6-4ae4-8c62-5b4c951a28f1:192.168.69.67:37222, bc0382cc-50e2-4d58-b2de-e8b6250f3520:192.168.69.67:37666], old=null
2019-10-18 08:20:04,779 [grpc-default-executor-7] INFO  impl.RaftServerImpl (RaftServerImpl.java:setRole(184)) - bc0382cc-50e2-4d58-b2de-e8b6250f3520@group-5EC277DF3249: changes role from  FOLLOWER to FOLLOWER at term 122 for recognizeCandidate:47aecc56-7e95-480d-b89c-2c00d33b4782
2019-10-18 08:20:04,779 [grpc-default-executor-5] INFO  impl.RaftServerImpl (RaftServerImpl.java:setRole(184)) - 1bc296c6-def6-4ae4-8c62-5b4c951a28f1@group-5EC277DF3249: changes role from  FOLLOWER to FOLLOWER at term 122 for recognizeCandidate:47aecc56-7e95-480d-b89c-2c00d33b4782
2019-10-18 08:20:04,779 [grpc-default-executor-7] INFO  impl.RoleInfo (RoleInfo.java:shutdownFollowerState(121)) - bc0382cc-50e2-4d58-b2de-e8b6250f3520: shutdown FollowerState
2019-10-18 08:20:04,780 [grpc-default-executor-5] INFO  impl.RoleInfo (RoleInfo.java:shutdownFollowerState(121)) - 1bc296c6-def6-4ae4-8c62-5b4c951a28f1: shutdown FollowerState
2019-10-18 08:20:04,780 [Thread-1461] INFO  impl.FollowerState (FollowerState.java:run(117)) - bc0382cc-50e2-4d58-b2de-e8b6250f3520@group-5EC277DF3249-FollowerState was interrupted: java.lang.InterruptedException: sleep interrupted
2019-10-18 08:20:04,780 [grpc-default-executor-7] INFO  impl.RoleInfo (RoleInfo.java:updateAndGet(143)) - bc0382cc-50e2-4d58-b2de-e8b6250f3520: start FollowerState
2019-10-18 08:20:04,780 [Thread-1462] INFO  impl.FollowerState (FollowerState.java:run(117)) - 1bc296c6-def6-4ae4-8c62-5b4c951a28f1@group-5EC277DF3249-FollowerState was interrupted: java.lang.InterruptedException: sleep interrupted
2019-10-18 08:20:04,780 [grpc-default-executor-5] INFO  impl.RoleInfo (RoleInfo.java:updateAndGet(143)) - 1bc296c6-def6-4ae4-8c62-5b4c951a28f1: start FollowerState
2019-10-18 08:20:04,792 [47aecc56-7e95-480d-b89c-2c00d33b4782@group-5EC277DF3249-LeaderElection126] INFO  impl.LeaderElection (LeaderElection.java:logAndReturn(56)) - 47aecc56-7e95-480d-b89c-2c00d33b4782@group-5EC277DF3249-LeaderElection126: Election REJECTED; received 2 response(s) [47aecc56-7e95-480d-b89c-2c00d33b4782<-1bc296c6-def6-4ae4-8c62-5b4c951a28f1#0:FAIL-t122, 47aecc56-7e95-480d-b89c-2c00d33b4782<-bc0382cc-50e2-4d58-b2de-e8b6250f3520#0:FAIL-t122] and 0 exception(s); 47aecc56-7e95-480d-b89c-2c00d33b4782@group-5EC277DF3249:t122, leader=null, voted=47aecc56-7e95-480d-b89c-2c00d33b4782, raftlog=47aecc56-7e95-480d-b89c-2c00d33b4782@group-5EC277DF3249-SegmentedRaftLog:OPENED:c-1,f-1,i0, conf=-1: [47aecc56-7e95-480d-b89c-2c00d33b4782:192.168.69.67:34550, 1bc296c6-def6-4ae4-8c62-5b4c951a28f1:192.168.69.67:37222, bc0382cc-50e2-4d58-b2de-e8b6250f3520:192.168.69.67:37666], old=null
2019-10-18 08:20:04,793 [47aecc56-7e95-480d-b89c-2c00d33b4782@group-5EC277DF3249-LeaderElection126] INFO  impl.RaftServerImpl (RaftServerImpl.java:setRole(184)) - 47aecc56-7e95-480d-b89c-2c00d33b4782@group-5EC277DF3249: changes role from CANDIDATE to FOLLOWER at term 122 for DISCOVERED_A_NEW_TERM
2019-10-18 08:20:04,793 [47aecc56-7e95-480d-b89c-2c00d33b4782@group-5EC277DF3249-LeaderElection126] INFO  impl.RoleInfo (RoleInfo.java:shutdownLeaderElection(134)) - 47aecc56-7e95-480d-b89c-2c00d33b4782: shutdown LeaderElection
2019-10-18 08:20:04,793 [47aecc56-7e95-480d-b89c-2c00d33b4782@group-5EC277DF3249-LeaderElection126] INFO  impl.RoleInfo (RoleInfo.java:updateAndGet(143)) - 47aecc56-7e95-480d-b89c-2c00d33b4782: start FollowerState
2019-10-18 08:20:04,801 [Thread-1469] INFO  impl.FollowerState (FollowerState.java:run(108)) - 47aecc56-7e95-480d-b89c-2c00d33b4782@group-5EC277DF3249-FollowerState: change to CANDIDATE, lastRpcTime:8ms, electionTimeout:8ms
2019-10-18 08:20:04,801 [Thread-1469] INFO  impl.RoleInfo (RoleInfo.java:shutdownFollowerState(121)) - 47aecc56-7e95-480d-b89c-2c00d33b4782: shutdown FollowerState
2019-10-18 08:20:04,801 [Thread-1469] INFO  impl.RaftServerImpl (RaftServerImpl.java:setRole(184)) - 47aecc56-7e95-480d-b89c-2c00d33b4782@group-5EC277DF3249: changes role from  FOLLOWER to CANDIDATE at term 122 for changeToCandidate
2019-10-18 08:20:04,802 [Thread-1469] INFO  impl.RoleInfo (RoleInfo.java:updateAndGet(143)) - 47aecc56-7e95-480d-b89c-2c00d33b4782: start LeaderElection
2019-10-18 08:20:04,814 [47aecc56-7e95-480d-b89c-2c00d33b4782@group-5EC277DF3249-LeaderElection127] INFO  impl.LeaderElection (LeaderElection.java:askForVotes(178)) - 47aecc56-7e95-480d-b89c-2c00d33b4782@group-5EC277DF3249-LeaderElection127: begin an election at term 123 for -1: [47aecc56-7e95-480d-b89c-2c00d33b4782:192.168.69.67:34550, 1bc296c6-def6-4ae4-8c62-5b4c951a28f1:192.168.69.67:37222, bc0382cc-50e2-4d58-b2de-e8b6250f3520:192.168.69.67:37666], old=null
2019-10-18 08:20:04,816 [grpc-default-executor-7] INFO  impl.RaftServerImpl (RaftServerImpl.java:setRole(184)) - 1bc296c6-def6-4ae4-8c62-5b4c951a28f1@group-5EC277DF3249: changes role from  FOLLOWER to FOLLOWER at term 123 for recognizeCandidate:47aecc56-7e95-480d-b89c-2c00d33b4782
2019-10-18 08:20:04,816 [grpc-default-executor-5] INFO  impl.RaftServerImpl (RaftServerImpl.java:setRole(184)) - bc0382cc-50e2-4d58-b2de-e8b6250f3520@group-5EC277DF3249: changes role from  FOLLOWER to FOLLOWER at term 123 for recognizeCandidate:47aecc56-7e95-480d-b89c-2c00d33b4782
2019-10-18 08:20:04,816 [grpc-default-executor-7] INFO  impl.RoleInfo (RoleInfo.java:shutdownFollowerState(121)) - 1bc296c6-def6-4ae4-8c62-5b4c951a28f1: shutdown FollowerState
2019-10-18 08:20:04,817 [grpc-default-executor-5] INFO  impl.RoleInfo (RoleInfo.java:shutdownFollowerState(121)) - bc0382cc-50e2-4d58-b2de-e8b6250f3520: shutdown FollowerState
2019-10-18 08:20:04,817 [grpc-default-executor-7] INFO  impl.RoleInfo (RoleInfo.java:updateAndGet(143)) - 1bc296c6-def6-4ae4-8c62-5b4c951a28f1: start FollowerState
2019-10-18 08:20:04,817 [Thread-1468] INFO  impl.FollowerState (FollowerState.java:run(117)) - 1bc296c6-def6-4ae4-8c62-5b4c951a28f1@group-5EC277DF3249-FollowerState was interrupted: java.lang.InterruptedException: sleep interrupted
2019-10-18 08:20:04,817 [Thread-1467] INFO  impl.FollowerState (FollowerState.java:run(117)) - bc0382cc-50e2-4d58-b2de-e8b6250f3520@group-5EC277DF3249-FollowerState was interrupted: java.lang.InterruptedException: sleep interrupted
2019-10-18 08:20:04,817 [grpc-default-executor-5] INFO  impl.RoleInfo (RoleInfo.java:updateAndGet(143)) - bc0382cc-50e2-4d58-b2de-e8b6250f3520: start FollowerState
2019-10-18 08:20:04,832 [47aecc56-7e95-480d-b89c-2c00d33b4782@group-5EC277DF3249-LeaderElection127] INFO  impl.LeaderElection (LeaderElection.java:logAndReturn(56)) - 47aecc56-7e95-480d-b89c-2c00d33b4782@group-5EC277DF3249-LeaderElection127: Election REJECTED; received 2 response(s) [47aecc56-7e95-480d-b89c-2c00d33b4782<-1bc296c6-def6-4ae4-8c62-5b4c951a28f1#0:FAIL-t123, 47aecc56-7e95-480d-b89c-2c00d33b4782<-bc0382cc-50e2-4d58-b2de-e8b6250f3520#0:FAIL-t123] and 0 exception(s); 47aecc56-7e95-480d-b89c-2c00d33b4782@group-5EC277DF3249:t123, leader=null, voted=47aecc56-7e95-480d-b89c-2c00d33b4782, raftlog=47aecc56-7e95-480d-b89c-2c00d33b4782@group-5EC277DF3249-SegmentedRaftLog:OPENED:c-1,f-1,i0, conf=-1: [47aecc56-7e95-480d-b89c-2c00d33b4782:192.168.69.67:34550, 1bc296c6-def6-4ae4-8c62-5b4c951a28f1:192.168.69.67:37222, bc0382cc-50e2-4d58-b2de-e8b6250f3520:192.168.69.67:37666], old=null
2019-10-18 08:20:04,832 [47aecc56-7e95-480d-b89c-2c00d33b4782@group-5EC277DF3249-LeaderElection127] INFO  impl.RaftServerImpl (RaftServerImpl.java:setRole(184)) - 47aecc56-7e95-480d-b89c-2c00d33b4782@group-5EC277DF3249: changes role from CANDIDATE to FOLLOWER at term 123 for DISCOVERED_A_NEW_TERM
2019-10-18 08:20:04,832 [47aecc56-7e95-480d-b89c-2c00d33b4782@group-5EC277DF3249-LeaderElection127] INFO  impl.RoleInfo (RoleInfo.java:shutdownLeaderElection(134)) - 47aecc56-7e95-480d-b89c-2c00d33b4782: shutdown LeaderElection
2019-10-18 08:20:04,832 [47aecc56-7e95-480d-b89c-2c00d33b4782@group-5EC277DF3249-LeaderElection127] INFO  impl.RoleInfo (RoleInfo.java:updateAndGet(143)) - 47aecc56-7e95-480d-b89c-2c00d33b4782: start FollowerState
2019-10-18 08:20:04,892 [Thread-1475] INFO  impl.FollowerState (FollowerState.java:run(108)) - 47aecc56-7e95-480d-b89c-2c00d33b4782@group-5EC277DF3249-FollowerState: change to CANDIDATE, lastRpcTime:60ms, electionTimeout:60ms
2019-10-18 08:20:04,893 [Thread-1475] INFO  impl.RoleInfo (RoleInfo.java:shutdownFollowerState(121)) - 47aecc56-7e95-480d-b89c-2c00d33b4782: shutdown FollowerState
2019-10-18 08:20:04,893 [Thread-1475] INFO  impl.RaftServerImpl (RaftServerImpl.java:setRole(184)) - 47aecc56-7e95-480d-b89c-2c00d33b4782@group-5EC277DF3249: changes role from  FOLLOWER to CANDIDATE at term 123 for changeToCandidate
2019-10-18 08:20:04,893 [Thread-1475] INFO  impl.RoleInfo (RoleInfo.java:updateAndGet(143)) - 47aecc56-7e95-480d-b89c-2c00d33b4782: start LeaderElection
2019-10-18 08:20:04,907 [47aecc56-7e95-480d-b89c-2c00d33b4782@group-5EC277DF3249-LeaderElection128] INFO  impl.LeaderElection (LeaderElection.java:askForVotes(178)) - 47aecc56-7e95-480d-b89c-2c00d33b4782@group-5EC277DF3249-LeaderElection128: begin an election at term 124 for -1: [47aecc56-7e95-480d-b89c-2c00d33b4782:192.168.69.67:34550, 1bc296c6-def6-4ae4-8c62-5b4c951a28f1:192.168.69.67:37222, bc0382cc-50e2-4d58-b2de-e8b6250f3520:192.168.69.67:37666], old=null
2019-10-18 08:20:04,909 [grpc-default-executor-5] INFO  impl.RaftServerImpl (RaftServerImpl.java:setRole(184)) - 1bc296c6-def6-4ae4-8c62-5b4c951a28f1@group-5EC277DF3249: changes role from  FOLLOWER to FOLLOWER at term 124 for recognizeCandidate:47aecc56-7e95-480d-b89c-2c00d33b4782
2019-10-18 08:20:04,909 [grpc-default-executor-7] INFO  impl.RaftServerImpl (RaftServerImpl.java:setRole(184)) - bc0382cc-50e2-4d58-b2de-e8b6250f3520@group-5EC277DF3249: changes role from  FOLLOWER to FOLLOWER at term 124 for recognizeCandidate:47aecc56-7e95-480d-b89c-2c00d33b4782
2019-10-18 08:20:04,910 [grpc-default-executor-7] INFO  impl.RoleInfo (RoleInfo.java:shutdownFollowerState(121)) - bc0382cc-50e2-4d58-b2de-e8b6250f3520: shutdown FollowerState
2019-10-18 08:20:04,910 [grpc-default-executor-5] INFO  impl.RoleInfo (RoleInfo.java:shutdownFollowerState(121)) - 1bc296c6-def6-4ae4-8c62-5b4c951a28f1: shutdown FollowerState
2019-10-18 08:20:04,910 [grpc-default-executor-7] INFO  impl.RoleInfo (RoleInfo.java:updateAndGet(143)) - bc0382cc-50e2-4d58-b2de-e8b6250f3520: start FollowerState
2019-10-18 08:20:04,910 [grpc-default-executor-5] INFO  impl.RoleInfo (RoleInfo.java:updateAndGet(143)) - 1bc296c6-def6-4ae4-8c62-5b4c951a28f1: start FollowerState
2019-10-18 08:20:04,910 [Thread-1474] INFO  impl.FollowerState (FollowerState.java:run(117)) - bc0382cc-50e2-4d58-b2de-e8b6250f3520@group-5EC277DF3249-FollowerState was interrupted: java.lang.InterruptedException: sleep interrupted
2019-10-18 08:20:04,910 [Thread-1473] INFO  impl.FollowerState (FollowerState.java:run(117)) - 1bc296c6-def6-4ae4-8c62-5b4c951a28f1@group-5EC277DF3249-FollowerState was interrupted: java.lang.InterruptedException: sleep interrupted
2019-10-18 08:20:04,919 [47aecc56-7e95-480d-b89c-2c00d33b4782@group-5EC277DF3249-LeaderElection128] INFO  impl.LeaderElection (LeaderElection.java:logAndReturn(56)) - 47aecc56-7e95-480d-b89c-2c00d33b4782@group-5EC277DF3249-LeaderElection128: Election TIMEOUT; received 0 response(s) [] and 0 exception(s); 47aecc56-7e95-480d-b89c-2c00d33b4782@group-5EC277DF3249:t124, leader=null, voted=47aecc56-7e95-480d-b89c-2c00d33b4782, raftlog=47aecc56-7e95-480d-b89c-2c00d33b4782@group-5EC277DF3249-SegmentedRaftLog:OPENED:c-1,f-1,i0, conf=-1: [47aecc56-7e95-480d-b89c-2c00d33b4782:192.168.69.67:34550, 1bc296c6-def6-4ae4-8c62-5b4c951a28f1:192.168.69.67:37222, bc0382cc-50e2-4d58-b2de-e8b6250f3520:192.168.69.67:37666], old=null
2019-10-18 08:20:04,924 [47aecc56-7e95-480d-b89c-2c00d33b4782@group-5EC277DF3249-LeaderElection128] INFO  impl.LeaderElection (LeaderElection.java:askForVotes(178)) - 47aecc56-7e95-480d-b89c-2c00d33b4782@group-5EC277DF3249-LeaderElection128: begin an election at term 125 for -1: [47aecc56-7e95-480d-b89c-2c00d33b4782:192.168.69.67:34550, 1bc296c6-def6-4ae4-8c62-5b4c951a28f1:192.168.69.67:37222, bc0382cc-50e2-4d58-b2de-e8b6250f3520:192.168.69.67:37666], old=null
2019-10-18 08:20:04,925 [47aecc56-7e95-480d-b89c-2c00d33b4782@group-5EC277DF3249-LeaderElection128] INFO  impl.LeaderElection (LeaderElection.java:logAndReturn(56)) - 47aecc56-7e95-480d-b89c-2c00d33b4782@group-5EC277DF3249-LeaderElection128: Election TIMEOUT; received 0 response(s) [] and 0 exception(s); 47aecc56-7e95-480d-b89c-2c00d33b4782@group-5EC277DF3249:t125, leader=null, voted=47aecc56-7e95-480d-b89c-2c00d33b4782, raftlog=47aecc56-7e95-480d-b89c-2c00d33b4782@group-5EC277DF3249-SegmentedRaftLog:OPENED:c-1,f-1,i0, conf=-1: [47aecc56-7e95-480d-b89c-2c00d33b4782:192.168.69.67:34550, 1bc296c6-def6-4ae4-8c62-5b4c951a28f1:192.168.69.67:37222, bc0382cc-50e2-4d58-b2de-e8b6250f3520:192.168.69.67:37666], old=null
2019-10-18 08:20:04,926 [grpc-default-executor-5] INFO  impl.RaftServerImpl (RaftServerImpl.java:setRole(184)) - 1bc296c6-def6-4ae4-8c62-5b4c951a28f1@group-5EC277DF3249: changes role from  FOLLOWER to FOLLOWER at term 125 for recognizeCandidate:47aecc56-7e95-480d-b89c-2c00d33b4782
2019-10-18 08:20:04,926 [grpc-default-executor-5] INFO  impl.RoleInfo (RoleInfo.java:shutdownFollowerState(121)) - 1bc296c6-def6-4ae4-8c62-5b4c951a28f1: shutdown FollowerState
2019-10-18 08:20:04,926 [grpc-default-executor-7] INFO  impl.RaftServerImpl (RaftServerImpl.java:setRole(184)) - bc0382cc-50e2-4d58-b2de-e8b6250f3520@group-5EC277DF3249: changes role from  FOLLOWER to FOLLOWER at term 125 for recognizeCandidate:47aecc56-7e95-480d-b89c-2c00d33b4782
2019-10-18 08:20:04,926 [grpc-default-executor-5] INFO  impl.RoleInfo (RoleInfo.java:updateAndGet(143)) - 1bc296c6-def6-4ae4-8c62-5b4c951a28f1: start FollowerState
2019-10-18 08:20:04,926 [Thread-1480] INFO  impl.FollowerState (FollowerState.java:run(117)) - 1bc296c6-def6-4ae4-8c62-5b4c951a28f1@group-5EC277DF3249-FollowerState was interrupted: java.lang.InterruptedException: sleep interrupted
2019-10-18 08:20:04,926 [grpc-default-executor-7] INFO  impl.RoleInfo (RoleInfo.java:shutdownFollowerState(121)) - bc0382cc-50e2-4d58-b2de-e8b6250f3520: shutdown FollowerState
2019-10-18 08:20:04,926 [grpc-default-executor-7] INFO  impl.RoleInfo (RoleInfo.java:updateAndGet(143)) - bc0382cc-50e2-4d58-b2de-e8b6250f3520: start FollowerState
2019-10-18 08:20:04,926 [Thread-1479] INFO  impl.FollowerState (FollowerState.java:run(117)) - bc0382cc-50e2-4d58-b2de-e8b6250f3520@group-5EC277DF3249-FollowerState was interrupted: java.lang.InterruptedException: sleep interrupted
2019-10-18 08:20:04,939 [47aecc56-7e95-480d-b89c-2c00d33b4782@group-5EC277DF3249-LeaderElection128] INFO  impl.LeaderElection (LeaderElection.java:askForVotes(178)) - 47aecc56-7e95-480d-b89c-2c00d33b4782@group-5EC277DF3249-LeaderElection128: begin an election at term 126 for -1: [47aecc56-7e95-480d-b89c-2c00d33b4782:192.168.69.67:34550, 1bc296c6-def6-4ae4-8c62-5b4c951a28f1:192.168.69.67:37222, bc0382cc-50e2-4d58-b2de-e8b6250f3520:192.168.69.67:37666], old=null
2019-10-18 08:20:04,941 [grpc-default-executor-7] INFO  impl.RaftServerImpl (RaftServerImpl.java:setRole(184)) - 1bc296c6-def6-4ae4-8c62-5b4c951a28f1@group-5EC277DF3249: changes role from  FOLLOWER to FOLLOWER at term 126 for recognizeCandidate:47aecc56-7e95-480d-b89c-2c00d33b4782
2019-10-18 08:20:04,941 [grpc-default-executor-7] INFO  impl.RoleInfo (RoleInfo.java:shutdownFollowerState(121)) - 1bc296c6-def6-4ae4-8c62-5b4c951a28f1: shutdown FollowerState
2019-10-18 08:20:04,941 [grpc-default-executor-5] INFO  impl.RaftServerImpl (RaftServerImpl.java:setRole(184)) - bc0382cc-50e2-4d58-b2de-e8b6250f3520@group-5EC277DF3249: changes role from  FOLLOWER to FOLLOWER at term 126 for recognizeCandidate:47aecc56-7e95-480d-b89c-2c00d33b4782
2019-10-18 08:20:04,941 [Thread-1483] INFO  impl.FollowerState (FollowerState.java:run(117)) - 1bc296c6-def6-4ae4-8c62-5b4c951a28f1@group-5EC277DF3249-FollowerState was interrupted: java.lang.InterruptedException: sleep interrupted
2019-10-18 08:20:04,941 [grpc-default-executor-7] INFO  impl.RoleInfo (RoleInfo.java:updateAndGet(143)) - 1bc296c6-def6-4ae4-8c62-5b4c951a28f1: start FollowerState
2019-10-18 08:20:04,941 [grpc-default-executor-5] INFO  impl.RoleInfo (RoleInfo.java:shutdownFollowerState(121)) - bc0382cc-50e2-4d58-b2de-e8b6250f3520: shutdown FollowerState
2019-10-18 08:20:04,942 [grpc-default-executor-5] INFO  impl.RoleInfo (RoleInfo.java:updateAndGet(143)) - bc0382cc-50e2-4d58-b2de-e8b6250f3520: start FollowerState
2019-10-18 08:20:04,942 [Thread-1484] INFO  impl.FollowerState (FollowerState.java:run(117)) - bc0382cc-50e2-4d58-b2de-e8b6250f3520@group-5EC277DF3249-FollowerState was interrupted: java.lang.InterruptedException: sleep interrupted
2019-10-18 08:20:04,955 [47aecc56-7e95-480d-b89c-2c00d33b4782@group-5EC277DF3249-LeaderElection128] INFO  impl.LeaderElection (LeaderElection.java:logAndReturn(56)) - 47aecc56-7e95-480d-b89c-2c00d33b4782@group-5EC277DF3249-LeaderElection128: Election REJECTED; received 2 response(s) [47aecc56-7e95-480d-b89c-2c00d33b4782<-1bc296c6-def6-4ae4-8c62-5b4c951a28f1#0:FAIL-t126, 47aecc56-7e95-480d-b89c-2c00d33b4782<-bc0382cc-50e2-4d58-b2de-e8b6250f3520#0:FAIL-t126] and 0 exception(s); 47aecc56-7e95-480d-b89c-2c00d33b4782@group-5EC277DF3249:t126, leader=null, voted=47aecc56-7e95-480d-b89c-2c00d33b4782, raftlog=47aecc56-7e95-480d-b89c-2c00d33b4782@group-5EC277DF3249-SegmentedRaftLog:OPENED:c-1,f-1,i0, conf=-1: [47aecc56-7e95-480d-b89c-2c00d33b4782:192.168.69.67:34550, 1bc296c6-def6-4ae4-8c62-5b4c951a28f1:192.168.69.67:37222, bc0382cc-50e2-4d58-b2de-e8b6250f3520:192.168.69.67:37666], old=null
2019-10-18 08:20:04,955 [47aecc56-7e95-480d-b89c-2c00d33b4782@group-5EC277DF3249-LeaderElection128] INFO  impl.RaftServerImpl (RaftServerImpl.java:setRole(184)) - 47aecc56-7e95-480d-b89c-2c00d33b4782@group-5EC277DF3249: changes role from CANDIDATE to FOLLOWER at term 126 for DISCOVERED_A_NEW_TERM
2019-10-18 08:20:04,956 [47aecc56-7e95-480d-b89c-2c00d33b4782@group-5EC277DF3249-LeaderElection128] INFO  impl.RoleInfo (RoleInfo.java:shutdownLeaderElection(134)) - 47aecc56-7e95-480d-b89c-2c00d33b4782: shutdown LeaderElection
2019-10-18 08:20:04,956 [47aecc56-7e95-480d-b89c-2c00d33b4782@group-5EC277DF3249-LeaderElection128] INFO  impl.RoleInfo (RoleInfo.java:updateAndGet(143)) - 47aecc56-7e95-480d-b89c-2c00d33b4782: start FollowerState
2019-10-18 08:20:05,149 [Thread-1489] INFO  impl.FollowerState (FollowerState.java:run(108)) - 47aecc56-7e95-480d-b89c-2c00d33b4782@group-5EC277DF3249-FollowerState: change to CANDIDATE, lastRpcTime:193ms, electionTimeout:193ms
2019-10-18 08:20:05,150 [Thread-1489] INFO  impl.RoleInfo (RoleInfo.java:shutdownFollowerState(121)) - 47aecc56-7e95-480d-b89c-2c00d33b4782: shutdown FollowerState
2019-10-18 08:20:05,150 [Thread-1489] INFO  impl.RaftServerImpl (RaftServerImpl.java:setRole(184)) - 47aecc56-7e95-480d-b89c-2c00d33b4782@group-5EC277DF3249: changes role from  FOLLOWER to CANDIDATE at term 126 for changeToCandidate
2019-10-18 08:20:05,150 [Thread-1489] INFO  impl.RoleInfo (RoleInfo.java:updateAndGet(143)) - 47aecc56-7e95-480d-b89c-2c00d33b4782: start LeaderElection
2019-10-18 08:20:05,165 [47aecc56-7e95-480d-b89c-2c00d33b4782@group-5EC277DF3249-LeaderElection129] INFO  impl.LeaderElection (LeaderElection.java:askForVotes(178)) - 47aecc56-7e95-480d-b89c-2c00d33b4782@group-5EC277DF3249-LeaderElection129: begin an election at term 127 for -1: [47aecc56-7e95-480d-b89c-2c00d33b4782:192.168.69.67:34550, 1bc296c6-def6-4ae4-8c62-5b4c951a28f1:192.168.69.67:37222, bc0382cc-50e2-4d58-b2de-e8b6250f3520:192.168.69.67:37666], old=null
2019-10-18 08:20:05,169 [grpc-default-executor-5] INFO  impl.RaftServerImpl (RaftServerImpl.java:setRole(184)) - 1bc296c6-def6-4ae4-8c62-5b4c951a28f1@group-5EC277DF3249: changes role from  FOLLOWER to FOLLOWER at term 127 for recognizeCandidate:47aecc56-7e95-480d-b89c-2c00d33b4782
2019-10-18 08:20:05,169 [grpc-default-executor-5] INFO  impl.RoleInfo (RoleInfo.java:shutdownFollowerState(121)) - 1bc296c6-def6-4ae4-8c62-5b4c951a28f1: shutdown FollowerState
2019-10-18 08:20:05,169 [grpc-default-executor-7] INFO  impl.RaftServerImpl (RaftServerImpl.java:setRole(184)) - bc0382cc-50e2-4d58-b2de-e8b6250f3520@group-5EC277DF3249: changes role from  FOLLOWER to FOLLOWER at term 127 for recognizeCandidate:47aecc56-7e95-480d-b89c-2c00d33b4782
2019-10-18 08:20:05,169 [Thread-1487] INFO  impl.FollowerState (FollowerState.java:run(117)) - 1bc296c6-def6-4ae4-8c62-5b4c951a28f1@group-5EC277DF3249-FollowerState was interrupted: java.lang.InterruptedException: sleep interrupted
2019-10-18 08:20:05,169 [grpc-default-executor-5] INFO  impl.RoleInfo (RoleInfo.java:updateAndGet(143)) - 1bc296c6-def6-4ae4-8c62-5b4c951a28f1: start FollowerState
2019-10-18 08:20:05,169 [grpc-default-executor-7] INFO  impl.RoleInfo (RoleInfo.java:shutdownFollowerState(121)) - bc0382cc-50e2-4d58-b2de-e8b6250f3520: shutdown FollowerState
2019-10-18 08:20:05,170 [grpc-default-executor-7] INFO  impl.RoleInfo (RoleInfo.java:updateAndGet(143)) - bc0382cc-50e2-4d58-b2de-e8b6250f3520: start FollowerState
2019-10-18 08:20:05,170 [Thread-1488] INFO  impl.FollowerState (FollowerState.java:run(117)) - bc0382cc-50e2-4d58-b2de-e8b6250f3520@group-5EC277DF3249-FollowerState was interrupted: java.lang.InterruptedException: sleep interrupted
 0.00% |?                                                                                                    |  0/1 Time: 0:04:132019-10-18 08:20:05,184 [47aecc56-7e95-480d-b89c-2c00d33b4782@group-5EC277DF3249-LeaderElection129] INFO  impl.LeaderElection (LeaderElection.java:logAndReturn(56)) - 47aecc56-7e95-480d-b89c-2c00d33b4782@group-5EC277DF3249-LeaderElection129: Election REJECTED; received 2 response(s) [47aecc56-7e95-480d-b89c-2c00d33b4782<-1bc296c6-def6-4ae4-8c62-5b4c951a28f1#0:FAIL-t127, 47aecc56-7e95-480d-b89c-2c00d33b4782<-bc0382cc-50e2-4d58-b2de-e8b6250f3520#0:FAIL-t127] and 0 exception(s); 47aecc56-7e95-480d-b89c-2c00d33b4782@group-5EC277DF3249:t127, leader=null, voted=47aecc56-7e95-480d-b89c-2c00d33b4782, raftlog=47aecc56-7e95-480d-b89c-2c00d33b4782@group-5EC277DF3249-SegmentedRaftLog:OPENED:c-1,f-1,i0, conf=-1: [47aecc56-7e95-480d-b89c-2c00d33b4782:192.168.69.67:34550, 1bc296c6-def6-4ae4-8c62-5b4c951a28f1:192.168.69.67:37222, bc0382cc-50e2-4d58-b2de-e8b6250f3520:192.168.69.67:37666], old=null
2019-10-18 08:20:05,185 [47aecc56-7e95-480d-b89c-2c00d33b4782@group-5EC277DF3249-LeaderElection129] INFO  impl.RaftServerImpl (RaftServerImpl.java:setRole(184)) - 47aecc56-7e95-480d-b89c-2c00d33b4782@group-5EC277DF3249: changes role from CANDIDATE to FOLLOWER at term 127 for DISCOVERED_A_NEW_TERM
2019-10-18 08:20:05,185 [47aecc56-7e95-480d-b89c-2c00d33b4782@group-5EC277DF3249-LeaderElection129] INFO  impl.RoleInfo (RoleInfo.java:shutdownLeaderElection(134)) - 47aecc56-7e95-480d-b89c-2c00d33b4782: shutdown LeaderElection
2019-10-18 08:20:05,185 [47aecc56-7e95-480d-b89c-2c00d33b4782@group-5EC277DF3249-LeaderElection129] INFO  impl.RoleInfo (RoleInfo.java:updateAndGet(143)) - 47aecc56-7e95-480d-b89c-2c00d33b4782: start FollowerState
2019-10-18 08:20:05,334 [Thread-1495] INFO  impl.FollowerState (FollowerState.java:run(108)) - 47aecc56-7e95-480d-b89c-2c00d33b4782@group-5EC277DF3249-FollowerState: change to CANDIDATE, lastRpcTime:149ms, electionTimeout:149ms
2019-10-18 08:20:05,335 [Thread-1495] INFO  impl.RoleInfo (RoleInfo.java:shutdownFollowerState(121)) - 47aecc56-7e95-480d-b89c-2c00d33b4782: shutdown FollowerState
2019-10-18 08:20:05,335 [Thread-1495] INFO  impl.RaftServerImpl (RaftServerImpl.java:setRole(184)) - 47aecc56-7e95-480d-b89c-2c00d33b4782@group-5EC277DF3249: changes role from  FOLLOWER to CANDIDATE at term 127 for changeToCandidate
2019-10-18 08:20:05,335 [Thread-1495] INFO  impl.RoleInfo (RoleInfo.java:updateAndGet(143)) - 47aecc56-7e95-480d-b89c-2c00d33b4782: start LeaderElection
2019-10-18 08:20:05,361 [47aecc56-7e95-480d-b89c-2c00d33b4782@group-5EC277DF3249-LeaderElection130] INFO  impl.LeaderElection (LeaderElection.java:askForVotes(178)) - 47aecc56-7e95-480d-b89c-2c00d33b4782@group-5EC277DF3249-LeaderElection130: begin an election at term 128 for -1: [47aecc56-7e95-480d-b89c-2c00d33b4782:192.168.69.67:34550, 1bc296c6-def6-4ae4-8c62-5b4c951a28f1:192.168.69.67:37222, bc0382cc-50e2-4d58-b2de-e8b6250f3520:192.168.69.67:37666], old=null
2019-10-18 08:20:05,363 [grpc-default-executor-7] INFO  impl.RaftServerImpl (RaftServerImpl.java:setRole(184)) - bc0382cc-50e2-4d58-b2de-e8b6250f3520@group-5EC277DF3249: changes role from  FOLLOWER to FOLLOWER at term 128 for recognizeCandidate:47aecc56-7e95-480d-b89c-2c00d33b4782
2019-10-18 08:20:05,363 [grpc-default-executor-5] INFO  impl.RaftServerImpl (RaftServerImpl.java:setRole(184)) - 1bc296c6-def6-4ae4-8c62-5b4c951a28f1@group-5EC277DF3249: changes role from  FOLLOWER to FOLLOWER at term 128 for recognizeCandidate:47aecc56-7e95-480d-b89c-2c00d33b4782
2019-10-18 08:20:05,363 [grpc-default-executor-7] INFO  impl.RoleInfo (RoleInfo.java:shutdownFollowerState(121)) - bc0382cc-50e2-4d58-b2de-e8b6250f3520: shutdown FollowerState
2019-10-18 08:20:05,363 [grpc-default-executor-5] INFO  impl.RoleInfo (RoleInfo.java:shutdownFollowerState(121)) - 1bc296c6-def6-4ae4-8c62-5b4c951a28f1: shutdown FollowerState
2019-10-18 08:20:05,364 [grpc-default-executor-7] INFO  impl.RoleInfo (RoleInfo.java:updateAndGet(143)) - bc0382cc-50e2-4d58-b2de-e8b6250f3520: start FollowerState
2019-10-18 08:20:05,364 [grpc-default-executor-5] INFO  impl.RoleInfo (RoleInfo.java:updateAndGet(143)) - 1bc296c6-def6-4ae4-8c62-5b4c951a28f1: start FollowerState
2019-10-18 08:20:05,364 [Thread-1494] INFO  impl.FollowerState (FollowerState.java:run(117)) - bc0382cc-50e2-4d58-b2de-e8b6250f3520@group-5EC277DF3249-FollowerState was interrupted: java.lang.InterruptedException: sleep interrupted
2019-10-18 08:20:05,364 [Thread-1493] INFO  impl.FollowerState (FollowerState.java:run(117)) - 1bc296c6-def6-4ae4-8c62-5b4c951a28f1@group-5EC277DF3249-FollowerState was interrupted: java.lang.InterruptedException: sleep interrupted
2019-10-18 08:20:05,378 [47aecc56-7e95-480d-b89c-2c00d33b4782@group-5EC277DF3249-LeaderElection130] INFO  impl.LeaderElection (LeaderElection.java:logAndReturn(56)) - 47aecc56-7e95-480d-b89c-2c00d33b4782@group-5EC277DF3249-LeaderElection130: Election REJECTED; received 2 response(s) [47aecc56-7e95-480d-b89c-2c00d33b4782<-1bc296c6-def6-4ae4-8c62-5b4c951a28f1#0:FAIL-t128, 47aecc56-7e95-480d-b89c-2c00d33b4782<-bc0382cc-50e2-4d58-b2de-e8b6250f3520#0:FAIL-t128] and 0 exception(s); 47aecc56-7e95-480d-b89c-2c00d33b4782@group-5EC277DF3249:t128, leader=null, voted=47aecc56-7e95-480d-b89c-2c00d33b4782, raftlog=47aecc56-7e95-480d-b89c-2c00d33b4782@group-5EC277DF3249-SegmentedRaftLog:OPENED:c-1,f-1,i0, conf=-1: [47aecc56-7e95-480d-b89c-2c00d33b4782:192.168.69.67:34550, 1bc296c6-def6-4ae4-8c62-5b4c951a28f1:192.168.69.67:37222, bc0382cc-50e2-4d58-b2de-e8b6250f3520:192.168.69.67:37666], old=null
2019-10-18 08:20:05,378 [47aecc56-7e95-480d-b89c-2c00d33b4782@group-5EC277DF3249-LeaderElection130] INFO  impl.RaftServerImpl (RaftServerImpl.java:setRole(184)) - 47aecc56-7e95-480d-b89c-2c00d33b4782@group-5EC277DF3249: changes role from CANDIDATE to FOLLOWER at term 128 for DISCOVERED_A_NEW_TERM
2019-10-18 08:20:05,378 [47aecc56-7e95-480d-b89c-2c00d33b4782@group-5EC277DF3249-LeaderElection130] INFO  impl.RoleInfo (RoleInfo.java:shutdownLeaderElection(134)) - 47aecc56-7e95-480d-b89c-2c00d33b4782: shutdown LeaderElection
2019-10-18 08:20:05,378 [47aecc56-7e95-480d-b89c-2c00d33b4782@group-5EC277DF3249-LeaderElection130] INFO  impl.RoleInfo (RoleInfo.java:updateAndGet(143)) - 47aecc56-7e95-480d-b89c-2c00d33b4782: start FollowerState
2019-10-18 08:20:05,427 [Thread-1503] INFO  impl.FollowerState (FollowerState.java:run(108)) - 47aecc56-7e95-480d-b89c-2c00d33b4782@group-5EC277DF3249-FollowerState: change to CANDIDATE, lastRpcTime:48ms, electionTimeout:48ms
2019-10-18 08:20:05,427 [Thread-1503] INFO  impl.RoleInfo (RoleInfo.java:shutdownFollowerState(121)) - 47aecc56-7e95-480d-b89c-2c00d33b4782: shutdown FollowerState
2019-10-18 08:20:05,427 [Thread-1503] INFO  impl.RaftServerImpl (RaftServerImpl.java:setRole(184)) - 47aecc56-7e95-480d-b89c-2c00d33b4782@group-5EC277DF3249: changes role from  FOLLOWER to CANDIDATE at term 128 for changeToCandidate
2019-10-18 08:20:05,427 [Thread-1503] INFO  impl.RoleInfo (RoleInfo.java:updateAndGet(143)) - 47aecc56-7e95-480d-b89c-2c00d33b4782: start LeaderElection
2019-10-18 08:20:05,441 [47aecc56-7e95-480d-b89c-2c00d33b4782@group-5EC277DF3249-LeaderElection131] INFO  impl.LeaderElection (LeaderElection.java:askForVotes(178)) - 47aecc56-7e95-480d-b89c-2c00d33b4782@group-5EC277DF3249-LeaderElection131: begin an election at term 129 for -1: [47aecc56-7e95-480d-b89c-2c00d33b4782:192.168.69.67:34550, 1bc296c6-def6-4ae4-8c62-5b4c951a28f1:192.168.69.67:37222, bc0382cc-50e2-4d58-b2de-e8b6250f3520:192.168.69.67:37666], old=null
2019-10-18 08:20:05,443 [grpc-default-executor-5] INFO  impl.RaftServerImpl (RaftServerImpl.java:setRole(184)) - bc0382cc-50e2-4d58-b2de-e8b6250f3520@group-5EC277DF3249: changes role from  FOLLOWER to FOLLOWER at term 129 for recognizeCandidate:47aecc56-7e95-480d-b89c-2c00d33b4782
2019-10-18 08:20:05,443 [grpc-default-executor-7] INFO  impl.RaftServerImpl (RaftServerImpl.java:setRole(184)) - 1bc296c6-def6-4ae4-8c62-5b4c951a28f1@group-5EC277DF3249: changes role from  FOLLOWER to FOLLOWER at term 129 for recognizeCandidate:47aecc56-7e95-480d-b89c-2c00d33b4782
2019-10-18 08:20:05,443 [grpc-default-executor-5] INFO  impl.RoleInfo (RoleInfo.java:shutdownFollowerState(121)) - bc0382cc-50e2-4d58-b2de-e8b6250f3520: shutdown FollowerState
2019-10-18 08:20:05,443 [grpc-default-executor-7] INFO  impl.RoleInfo (RoleInfo.java:shutdownFollowerState(121)) - 1bc296c6-def6-4ae4-8c62-5b4c951a28f1: shutdown FollowerState
2019-10-18 08:20:05,443 [grpc-default-executor-5] INFO  impl.RoleInfo (RoleInfo.java:updateAndGet(143)) - bc0382cc-50e2-4d58-b2de-e8b6250f3520: start FollowerState
2019-10-18 08:20:05,443 [grpc-default-executor-7] INFO  impl.RoleInfo (RoleInfo.java:updateAndGet(143)) - 1bc296c6-def6-4ae4-8c62-5b4c951a28f1: start FollowerState
2019-10-18 08:20:05,443 [Thread-1501] INFO  impl.FollowerState (FollowerState.java:run(117)) - bc0382cc-50e2-4d58-b2de-e8b6250f3520@group-5EC277DF3249-FollowerState was interrupted: java.lang.InterruptedException: sleep interrupted
2019-10-18 08:20:05,443 [Thread-1502] INFO  impl.FollowerState (FollowerState.java:run(117)) - 1bc296c6-def6-4ae4-8c62-5b4c951a28f1@group-5EC277DF3249-FollowerState was interrupted: java.lang.InterruptedException: sleep interrupted
2019-10-18 08:20:05,459 [47aecc56-7e95-480d-b89c-2c00d33b4782@group-5EC277DF3249-LeaderElection131] INFO  impl.LeaderElection (LeaderElection.java:logAndReturn(56)) - 47aecc56-7e95-480d-b89c-2c00d33b4782@group-5EC277DF3249-LeaderElection131: Election REJECTED; received 2 response(s) [47aecc56-7e95-480d-b89c-2c00d33b4782<-1bc296c6-def6-4ae4-8c62-5b4c951a28f1#0:FAIL-t129, 47aecc56-7e95-480d-b89c-2c00d33b4782<-bc0382cc-50e2-4d58-b2de-e8b6250f3520#0:FAIL-t129] and 0 exception(s); 47aecc56-7e95-480d-b89c-2c00d33b4782@group-5EC277DF3249:t129, leader=null, voted=47aecc56-7e95-480d-b89c-2c00d33b4782, raftlog=47aecc56-7e95-480d-b89c-2c00d33b4782@group-5EC277DF3249-SegmentedRaftLog:OPENED:c-1,f-1,i0, conf=-1: [47aecc56-7e95-480d-b89c-2c00d33b4782:192.168.69.67:34550, 1bc296c6-def6-4ae4-8c62-5b4c951a28f1:192.168.69.67:37222, bc0382cc-50e2-4d58-b2de-e8b6250f3520:192.168.69.67:37666], old=null
2019-10-18 08:20:05,459 [47aecc56-7e95-480d-b89c-2c00d33b4782@group-5EC277DF3249-LeaderElection131] INFO  impl.RaftServerImpl (RaftServerImpl.java:setRole(184)) - 47aecc56-7e95-480d-b89c-2c00d33b4782@group-5EC277DF3249: changes role from CANDIDATE to FOLLOWER at term 129 for DISCOVERED_A_NEW_TERM
2019-10-18 08:20:05,459 [47aecc56-7e95-480d-b89c-2c00d33b4782@group-5EC277DF3249-LeaderElection131] INFO  impl.RoleInfo (RoleInfo.java:shutdownLeaderElection(134)) - 47aecc56-7e95-480d-b89c-2c00d33b4782: shutdown LeaderElection
2019-10-18 08:20:05,459 [47aecc56-7e95-480d-b89c-2c00d33b4782@group-5EC277DF3249-LeaderElection131] INFO  impl.RoleInfo (RoleInfo.java:updateAndGet(143)) - 47aecc56-7e95-480d-b89c-2c00d33b4782: start FollowerState
2019-10-18 08:20:05,656 [Thread-1509] INFO  impl.FollowerState (FollowerState.java:run(108)) - 47aecc56-7e95-480d-b89c-2c00d33b4782@group-5EC277DF3249-FollowerState: change to CANDIDATE, lastRpcTime:197ms, electionTimeout:197ms
2019-10-18 08:20:05,657 [Thread-1509] INFO  impl.RoleInfo (RoleInfo.java:shutdownFollowerState(121)) - 47aecc56-7e95-480d-b89c-2c00d33b4782: shutdown FollowerState
2019-10-18 08:20:05,657 [Thread-1509] INFO  impl.RaftServerImpl (RaftServerImpl.java:setRole(184)) - 47aecc56-7e95-480d-b89c-2c00d33b4782@group-5EC277DF3249: changes role from  FOLLOWER to CANDIDATE at term 129 for changeToCandidate
2019-10-18 08:20:05,657 [Thread-1509] INFO  impl.RoleInfo (RoleInfo.java:updateAndGet(143)) - 47aecc56-7e95-480d-b89c-2c00d33b4782: start LeaderElection
2019-10-18 08:20:05,682 [47aecc56-7e95-480d-b89c-2c00d33b4782@group-5EC277DF3249-LeaderElection132] INFO  impl.LeaderElection (LeaderElection.java:askForVotes(178)) - 47aecc56-7e95-480d-b89c-2c00d33b4782@group-5EC277DF3249-LeaderElection132: begin an election at term 130 for -1: [47aecc56-7e95-480d-b89c-2c00d33b4782:192.168.69.67:34550, 1bc296c6-def6-4ae4-8c62-5b4c951a28f1:192.168.69.67:37222, bc0382cc-50e2-4d58-b2de-e8b6250f3520:192.168.69.67:37666], old=null
2019-10-18 08:20:05,685 [grpc-default-executor-7] INFO  impl.RaftServerImpl (RaftServerImpl.java:setRole(184)) - bc0382cc-50e2-4d58-b2de-e8b6250f3520@group-5EC277DF3249: changes role from  FOLLOWER to FOLLOWER at term 130 for recognizeCandidate:47aecc56-7e95-480d-b89c-2c00d33b4782
2019-10-18 08:20:05,685 [grpc-default-executor-5] INFO  impl.RaftServerImpl (RaftServerImpl.java:setRole(184)) - 1bc296c6-def6-4ae4-8c62-5b4c951a28f1@group-5EC277DF3249: changes role from  FOLLOWER to FOLLOWER at term 130 for recognizeCandidate:47aecc56-7e95-480d-b89c-2c00d33b4782
2019-10-18 08:20:05,685 [grpc-default-executor-7] INFO  impl.RoleInfo (RoleInfo.java:shutdownFollowerState(121)) - bc0382cc-50e2-4d58-b2de-e8b6250f3520: shutdown FollowerState
2019-10-18 08:20:05,685 [grpc-default-executor-5] INFO  impl.RoleInfo (RoleInfo.java:shutdownFollowerState(121)) - 1bc296c6-def6-4ae4-8c62-5b4c951a28f1: shutdown FollowerState
2019-10-18 08:20:05,685 [Thread-1507] INFO  impl.FollowerState (FollowerState.java:run(117)) - bc0382cc-50e2-4d58-b2de-e8b6250f3520@group-5EC277DF3249-FollowerState was interrupted: java.lang.InterruptedException: sleep interrupted
2019-10-18 08:20:05,685 [grpc-default-executor-7] INFO  impl.RoleInfo (RoleInfo.java:updateAndGet(143)) - bc0382cc-50e2-4d58-b2de-e8b6250f3520: start FollowerState
2019-10-18 08:20:05,686 [Thread-1508] INFO  impl.FollowerState (FollowerState.java:run(117)) - 1bc296c6-def6-4ae4-8c62-5b4c951a28f1@group-5EC277DF3249-FollowerState was interrupted: java.lang.InterruptedException: sleep interrupted
2019-10-18 08:20:05,685 [grpc-default-executor-5] INFO  impl.RoleInfo (RoleInfo.java:updateAndGet(143)) - 1bc296c6-def6-4ae4-8c62-5b4c951a28f1: start FollowerState
2019-10-18 08:20:05,700 [47aecc56-7e95-480d-b89c-2c00d33b4782@group-5EC277DF3249-LeaderElection132] INFO  impl.LeaderElection (LeaderElection.java:logAndReturn(56)) - 47aecc56-7e95-480d-b89c-2c00d33b4782@group-5EC277DF3249-LeaderElection132: Election REJECTED; received 2 response(s) [47aecc56-7e95-480d-b89c-2c00d33b4782<-1bc296c6-def6-4ae4-8c62-5b4c951a28f1#0:FAIL-t130, 47aecc56-7e95-480d-b89c-2c00d33b4782<-bc0382cc-50e2-4d58-b2de-e8b6250f3520#0:FAIL-t130] and 0 exception(s); 47aecc56-7e95-480d-b89c-2c00d33b4782@group-5EC277DF3249:t130, leader=null, voted=47aecc56-7e95-480d-b89c-2c00d33b4782, raftlog=47aecc56-7e95-480d-b89c-2c00d33b4782@group-5EC277DF3249-SegmentedRaftLog:OPENED:c-1,f-1,i0, conf=-1: [47aecc56-7e95-480d-b89c-2c00d33b4782:192.168.69.67:34550, 1bc296c6-def6-4ae4-8c62-5b4c951a28f1:192.168.69.67:37222, bc0382cc-50e2-4d58-b2de-e8b6250f3520:192.168.69.67:37666], old=null
2019-10-18 08:20:05,700 [47aecc56-7e95-480d-b89c-2c00d33b4782@group-5EC277DF3249-LeaderElection132] INFO  impl.RaftServerImpl (RaftServerImpl.java:setRole(184)) - 47aecc56-7e95-480d-b89c-2c00d33b4782@group-5EC277DF3249: changes role from CANDIDATE to FOLLOWER at term 130 for DISCOVERED_A_NEW_TERM
2019-10-18 08:20:05,700 [47aecc56-7e95-480d-b89c-2c00d33b4782@group-5EC277DF3249-LeaderElection132] INFO  impl.RoleInfo (RoleInfo.java:shutdownLeaderElection(134)) - 47aecc56-7e95-480d-b89c-2c00d33b4782: shutdown LeaderElection
2019-10-18 08:20:05,701 [47aecc56-7e95-480d-b89c-2c00d33b4782@group-5EC277DF3249-LeaderElection132] INFO  impl.RoleInfo (RoleInfo.java:updateAndGet(143)) - 47aecc56-7e95-480d-b89c-2c00d33b4782: start FollowerState
2019-10-18 08:20:05,718 [Thread-1515] INFO  impl.FollowerState (FollowerState.java:run(108)) - 47aecc56-7e95-480d-b89c-2c00d33b4782@group-5EC277DF3249-FollowerState: change to CANDIDATE, lastRpcTime:17ms, electionTimeout:17ms
2019-10-18 08:20:05,718 [Thread-1515] INFO  impl.RoleInfo (RoleInfo.java:shutdownFollowerState(121)) - 47aecc56-7e95-480d-b89c-2c00d33b4782: shutdown FollowerState
2019-10-18 08:20:05,718 [Thread-1515] INFO  impl.RaftServerImpl (RaftServerImpl.java:setRole(184)) - 47aecc56-7e95-480d-b89c-2c00d33b4782@group-5EC277DF3249: changes role from  FOLLOWER to CANDIDATE at term 130 for changeToCandidate
2019-10-18 08:20:05,718 [Thread-1515] INFO  impl.RoleInfo (RoleInfo.java:updateAndGet(143)) - 47aecc56-7e95-480d-b89c-2c00d33b4782: start LeaderElection
2019-10-18 08:20:05,732 [47aecc56-7e95-480d-b89c-2c00d33b4782@group-5EC277DF3249-LeaderElection133] INFO  impl.LeaderElection (LeaderElection.java:askForVotes(178)) - 47aecc56-7e95-480d-b89c-2c00d33b4782@group-5EC277DF3249-LeaderElection133: begin an election at term 131 for -1: [47aecc56-7e95-480d-b89c-2c00d33b4782:192.168.69.67:34550, 1bc296c6-def6-4ae4-8c62-5b4c951a28f1:192.168.69.67:37222, bc0382cc-50e2-4d58-b2de-e8b6250f3520:192.168.69.67:37666], old=null
2019-10-18 08:20:05,734 [grpc-default-executor-7] INFO  impl.RaftServerImpl (RaftServerImpl.java:setRole(184)) - bc0382cc-50e2-4d58-b2de-e8b6250f3520@group-5EC277DF3249: changes role from  FOLLOWER to FOLLOWER at term 131 for recognizeCandidate:47aecc56-7e95-480d-b89c-2c00d33b4782
2019-10-18 08:20:05,734 [grpc-default-executor-5] INFO  impl.RaftServerImpl (RaftServerImpl.java:setRole(184)) - 1bc296c6-def6-4ae4-8c62-5b4c951a28f1@group-5EC277DF3249: changes role from  FOLLOWER to FOLLOWER at term 131 for recognizeCandidate:47aecc56-7e95-480d-b89c-2c00d33b4782
2019-10-18 08:20:05,735 [grpc-default-executor-7] INFO  impl.RoleInfo (RoleInfo.java:shutdownFollowerState(121)) - bc0382cc-50e2-4d58-b2de-e8b6250f3520: shutdown FollowerState
2019-10-18 08:20:05,735 [grpc-default-executor-5] INFO  impl.RoleInfo (RoleInfo.java:shutdownFollowerState(121)) - 1bc296c6-def6-4ae4-8c62-5b4c951a28f1: shutdown FollowerState
2019-10-18 08:20:05,735 [Thread-1513] INFO  impl.FollowerState (FollowerState.java:run(117)) - bc0382cc-50e2-4d58-b2de-e8b6250f3520@group-5EC277DF3249-FollowerState was interrupted: java.lang.InterruptedException: sleep interrupted
2019-10-18 08:20:05,735 [grpc-default-executor-7] INFO  impl.RoleInfo (RoleInfo.java:updateAndGet(143)) - bc0382cc-50e2-4d58-b2de-e8b6250f3520: start FollowerState
2019-10-18 08:20:05,735 [Thread-1514] INFO  impl.FollowerState (FollowerState.java:run(117)) - 1bc296c6-def6-4ae4-8c62-5b4c951a28f1@group-5EC277DF3249-FollowerState was interrupted: java.lang.InterruptedException: sleep interrupted
2019-10-18 08:20:05,735 [grpc-default-executor-5] INFO  impl.RoleInfo (RoleInfo.java:updateAndGet(143)) - 1bc296c6-def6-4ae4-8c62-5b4c951a28f1: start FollowerState
2019-10-18 08:20:05,737 [47aecc56-7e95-480d-b89c-2c00d33b4782@group-5EC277DF3249-LeaderElection133] INFO  impl.LeaderElection (LeaderElection.java:logAndReturn(56)) - 47aecc56-7e95-480d-b89c-2c00d33b4782@group-5EC277DF3249-LeaderElection133: Election TIMEOUT; received 0 response(s) [] and 0 exception(s); 47aecc56-7e95-480d-b89c-2c00d33b4782@group-5EC277DF3249:t131, leader=null, voted=47aecc56-7e95-480d-b89c-2c00d33b4782, raftlog=47aecc56-7e95-480d-b89c-2c00d33b4782@group-5EC277DF3249-SegmentedRaftLog:OPENED:c-1,f-1,i0, conf=-1: [47aecc56-7e95-480d-b89c-2c00d33b4782:192.168.69.67:34550, 1bc296c6-def6-4ae4-8c62-5b4c951a28f1:192.168.69.67:37222, bc0382cc-50e2-4d58-b2de-e8b6250f3520:192.168.69.67:37666], old=null
2019-10-18 08:20:05,750 [47aecc56-7e95-480d-b89c-2c00d33b4782@group-5EC277DF3249-LeaderElection133] INFO  impl.LeaderElection (LeaderElection.java:askForVotes(178)) - 47aecc56-7e95-480d-b89c-2c00d33b4782@group-5EC277DF3249-LeaderElection133: begin an election at term 132 for -1: [47aecc56-7e95-480d-b89c-2c00d33b4782:192.168.69.67:34550, 1bc296c6-def6-4ae4-8c62-5b4c951a28f1:192.168.69.67:37222, bc0382cc-50e2-4d58-b2de-e8b6250f3520:192.168.69.67:37666], old=null
2019-10-18 08:20:05,751 [grpc-default-executor-7] INFO  impl.RaftServerImpl (RaftServerImpl.java:setRole(184)) - bc0382cc-50e2-4d58-b2de-e8b6250f3520@group-5EC277DF3249: changes role from  FOLLOWER to FOLLOWER at term 132 for recognizeCandidate:47aecc56-7e95-480d-b89c-2c00d33b4782
2019-10-18 08:20:05,752 [grpc-default-executor-5] INFO  impl.RaftServerImpl (RaftServerImpl.java:setRole(184)) - 1bc296c6-def6-4ae4-8c62-5b4c951a28f1@group-5EC277DF3249: changes role from  FOLLOWER to FOLLOWER at term 132 for recognizeCandidate:47aecc56-7e95-480d-b89c-2c00d33b4782
2019-10-18 08:20:05,752 [grpc-default-executor-7] INFO  impl.RoleInfo (RoleInfo.java:shutdownFollowerState(121)) - bc0382cc-50e2-4d58-b2de-e8b6250f3520: shutdown FollowerState
2019-10-18 08:20:05,752 [grpc-default-executor-5] INFO  impl.RoleInfo (RoleInfo.java:shutdownFollowerState(121)) - 1bc296c6-def6-4ae4-8c62-5b4c951a28f1: shutdown FollowerState
2019-10-18 08:20:05,752 [grpc-default-executor-7] INFO  impl.RoleInfo (RoleInfo.java:updateAndGet(143)) - bc0382cc-50e2-4d58-b2de-e8b6250f3520: start FollowerState
2019-10-18 08:20:05,752 [Thread-1520] INFO  impl.FollowerState (FollowerState.java:run(117)) - 1bc296c6-def6-4ae4-8c62-5b4c951a28f1@group-5EC277DF3249-FollowerState was interrupted: java.lang.InterruptedException: sleep interrupted
2019-10-18 08:20:05,752 [Thread-1519] INFO  impl.FollowerState (FollowerState.java:run(117)) - bc0382cc-50e2-4d58-b2de-e8b6250f3520@group-5EC277DF3249-FollowerState was interrupted: java.lang.InterruptedException: sleep interrupted
2019-10-18 08:20:05,752 [grpc-default-executor-5] INFO  impl.RoleInfo (RoleInfo.java:updateAndGet(143)) - 1bc296c6-def6-4ae4-8c62-5b4c951a28f1: start FollowerState
2019-10-18 08:20:05,766 [47aecc56-7e95-480d-b89c-2c00d33b4782@group-5EC277DF3249-LeaderElection133] INFO  impl.LeaderElection (LeaderElection.java:logAndReturn(56)) - 47aecc56-7e95-480d-b89c-2c00d33b4782@group-5EC277DF3249-LeaderElection133: Election REJECTED; received 2 response(s) [47aecc56-7e95-480d-b89c-2c00d33b4782<-1bc296c6-def6-4ae4-8c62-5b4c951a28f1#0:FAIL-t132, 47aecc56-7e95-480d-b89c-2c00d33b4782<-bc0382cc-50e2-4d58-b2de-e8b6250f3520#0:FAIL-t132] and 0 exception(s); 47aecc56-7e95-480d-b89c-2c00d33b4782@group-5EC277DF3249:t132, leader=null, voted=47aecc56-7e95-480d-b89c-2c00d33b4782, raftlog=47aecc56-7e95-480d-b89c-2c00d33b4782@group-5EC277DF3249-SegmentedRaftLog:OPENED:c-1,f-1,i0, conf=-1: [47aecc56-7e95-480d-b89c-2c00d33b4782:192.168.69.67:34550, 1bc296c6-def6-4ae4-8c62-5b4c951a28f1:192.168.69.67:37222, bc0382cc-50e2-4d58-b2de-e8b6250f3520:192.168.69.67:37666], old=null
2019-10-18 08:20:05,767 [47aecc56-7e95-480d-b89c-2c00d33b4782@group-5EC277DF3249-LeaderElection133] INFO  impl.RaftServerImpl (RaftServerImpl.java:setRole(184)) - 47aecc56-7e95-480d-b89c-2c00d33b4782@group-5EC277DF3249: changes role from CANDIDATE to FOLLOWER at term 132 for DISCOVERED_A_NEW_TERM
2019-10-18 08:20:05,767 [47aecc56-7e95-480d-b89c-2c00d33b4782@group-5EC277DF3249-LeaderElection133] INFO  impl.RoleInfo (RoleInfo.java:shutdownLeaderElection(134)) - 47aecc56-7e95-480d-b89c-2c00d33b4782: shutdown LeaderElection
2019-10-18 08:20:05,767 [47aecc56-7e95-480d-b89c-2c00d33b4782@group-5EC277DF3249-LeaderElection133] INFO  impl.RoleInfo (RoleInfo.java:updateAndGet(143)) - 47aecc56-7e95-480d-b89c-2c00d33b4782: start FollowerState
2019-10-18 08:20:05,825 [Thread-1525] INFO  impl.FollowerState (FollowerState.java:run(108)) - 47aecc56-7e95-480d-b89c-2c00d33b4782@group-5EC277DF3249-FollowerState: change to CANDIDATE, lastRpcTime:58ms, electionTimeout:58ms
2019-10-18 08:20:05,826 [Thread-1525] INFO  impl.RoleInfo (RoleInfo.java:shutdownFollowerState(121)) - 47aecc56-7e95-480d-b89c-2c00d33b4782: shutdown FollowerState
2019-10-18 08:20:05,826 [Thread-1525] INFO  impl.RaftServerImpl (RaftServerImpl.java:setRole(184)) - 47aecc56-7e95-480d-b89c-2c00d33b4782@group-5EC277DF3249: changes role from  FOLLOWER to CANDIDATE at term 132 for changeToCandidate
2019-10-18 08:20:05,826 [Thread-1525] INFO  impl.RoleInfo (RoleInfo.java:updateAndGet(143)) - 47aecc56-7e95-480d-b89c-2c00d33b4782: start LeaderElection
2019-10-18 08:20:05,840 [47aecc56-7e95-480d-b89c-2c00d33b4782@group-5EC277DF3249-LeaderElection134] INFO  impl.LeaderElection (LeaderElection.java:askForVotes(178)) - 47aecc56-7e95-480d-b89c-2c00d33b4782@group-5EC277DF3249-LeaderElection134: begin an election at term 133 for -1: [47aecc56-7e95-480d-b89c-2c00d33b4782:192.168.69.67:34550, 1bc296c6-def6-4ae4-8c62-5b4c951a28f1:192.168.69.67:37222, bc0382cc-50e2-4d58-b2de-e8b6250f3520:192.168.69.67:37666], old=null
2019-10-18 08:20:05,844 [grpc-default-executor-5] INFO  impl.RaftServerImpl (RaftServerImpl.java:setRole(184)) - 1bc296c6-def6-4ae4-8c62-5b4c951a28f1@group-5EC277DF3249: changes role from  FOLLOWER to FOLLOWER at term 133 for recognizeCandidate:47aecc56-7e95-480d-b89c-2c00d33b4782
2019-10-18 08:20:05,844 [grpc-default-executor-7] INFO  impl.RaftServerImpl (RaftServerImpl.java:setRole(184)) - bc0382cc-50e2-4d58-b2de-e8b6250f3520@group-5EC277DF3249: changes role from  FOLLOWER to FOLLOWER at term 133 for recognizeCandidate:47aecc56-7e95-480d-b89c-2c00d33b4782
2019-10-18 08:20:05,845 [grpc-default-executor-5] INFO  impl.RoleInfo (RoleInfo.java:shutdownFollowerState(121)) - 1bc296c6-def6-4ae4-8c62-5b4c951a28f1: shutdown FollowerState
2019-10-18 08:20:05,845 [grpc-default-executor-7] INFO  impl.RoleInfo (RoleInfo.java:shutdownFollowerState(121)) - bc0382cc-50e2-4d58-b2de-e8b6250f3520: shutdown FollowerState
2019-10-18 08:20:05,845 [grpc-default-executor-5] INFO  impl.RoleInfo (RoleInfo.java:updateAndGet(143)) - 1bc296c6-def6-4ae4-8c62-5b4c951a28f1: start FollowerState
2019-10-18 08:20:05,845 [grpc-default-executor-7] INFO  impl.RoleInfo (RoleInfo.java:updateAndGet(143)) - bc0382cc-50e2-4d58-b2de-e8b6250f3520: start FollowerState
2019-10-18 08:20:05,845 [Thread-1524] INFO  impl.FollowerState (FollowerState.java:run(117)) - 1bc296c6-def6-4ae4-8c62-5b4c951a28f1@group-5EC277DF3249-FollowerState was interrupted: java.lang.InterruptedException: sleep interrupted
2019-10-18 08:20:05,845 [Thread-1523] INFO  impl.FollowerState (FollowerState.java:run(117)) - bc0382cc-50e2-4d58-b2de-e8b6250f3520@group-5EC277DF3249-FollowerState was interrupted: java.lang.InterruptedException: sleep interrupted
2019-10-18 08:20:05,859 [47aecc56-7e95-480d-b89c-2c00d33b4782@group-5EC277DF3249-LeaderElection134] INFO  impl.LeaderElection (LeaderElection.java:logAndReturn(56)) - 47aecc56-7e95-480d-b89c-2c00d33b4782@group-5EC277DF3249-LeaderElection134: Election REJECTED; received 2 response(s) [47aecc56-7e95-480d-b89c-2c00d33b4782<-1bc296c6-def6-4ae4-8c62-5b4c951a28f1#0:FAIL-t133, 47aecc56-7e95-480d-b89c-2c00d33b4782<-bc0382cc-50e2-4d58-b2de-e8b6250f3520#0:FAIL-t133] and 0 exception(s); 47aecc56-7e95-480d-b89c-2c00d33b4782@group-5EC277DF3249:t133, leader=null, voted=47aecc56-7e95-480d-b89c-2c00d33b4782, raftlog=47aecc56-7e95-480d-b89c-2c00d33b4782@group-5EC277DF3249-SegmentedRaftLog:OPENED:c-1,f-1,i0, conf=-1: [47aecc56-7e95-480d-b89c-2c00d33b4782:192.168.69.67:34550, 1bc296c6-def6-4ae4-8c62-5b4c951a28f1:192.168.69.67:37222, bc0382cc-50e2-4d58-b2de-e8b6250f3520:192.168.69.67:37666], old=null
2019-10-18 08:20:05,860 [47aecc56-7e95-480d-b89c-2c00d33b4782@group-5EC277DF3249-LeaderElection134] INFO  impl.RaftServerImpl (RaftServerImpl.java:setRole(184)) - 47aecc56-7e95-480d-b89c-2c00d33b4782@group-5EC277DF3249: changes role from CANDIDATE to FOLLOWER at term 133 for DISCOVERED_A_NEW_TERM
2019-10-18 08:20:05,860 [47aecc56-7e95-480d-b89c-2c00d33b4782@group-5EC277DF3249-LeaderElection134] INFO  impl.RoleInfo (RoleInfo.java:shutdownLeaderElection(134)) - 47aecc56-7e95-480d-b89c-2c00d33b4782: shutdown LeaderElection
2019-10-18 08:20:05,860 [47aecc56-7e95-480d-b89c-2c00d33b4782@group-5EC277DF3249-LeaderElection134] INFO  impl.RoleInfo (RoleInfo.java:updateAndGet(143)) - 47aecc56-7e95-480d-b89c-2c00d33b4782: start FollowerState
2019-10-18 08:20:05,884 [Thread-1531] INFO  impl.FollowerState (FollowerState.java:run(108)) - 47aecc56-7e95-480d-b89c-2c00d33b4782@group-5EC277DF3249-FollowerState: change to CANDIDATE, lastRpcTime:24ms, electionTimeout:24ms
2019-10-18 08:20:05,885 [Thread-1531] INFO  impl.RoleInfo (RoleInfo.java:shutdownFollowerState(121)) - 47aecc56-7e95-480d-b89c-2c00d33b4782: shutdown FollowerState
2019-10-18 08:20:05,885 [Thread-1531] INFO  impl.RaftServerImpl (RaftServerImpl.java:setRole(184)) - 47aecc56-7e95-480d-b89c-2c00d33b4782@group-5EC277DF3249: changes role from  FOLLOWER to CANDIDATE at term 133 for changeToCandidate
2019-10-18 08:20:05,885 [Thread-1531] INFO  impl.RoleInfo (RoleInfo.java:updateAndGet(143)) - 47aecc56-7e95-480d-b89c-2c00d33b4782: start LeaderElection
2019-10-18 08:20:05,903 [47aecc56-7e95-480d-b89c-2c00d33b4782@group-5EC277DF3249-LeaderElection135] INFO  impl.LeaderElection (LeaderElection.java:askForVotes(178)) - 47aecc56-7e95-480d-b89c-2c00d33b4782@group-5EC277DF3249-LeaderElection135: begin an election at term 134 for -1: [47aecc56-7e95-480d-b89c-2c00d33b4782:192.168.69.67:34550, 1bc296c6-def6-4ae4-8c62-5b4c951a28f1:192.168.69.67:37222, bc0382cc-50e2-4d58-b2de-e8b6250f3520:192.168.69.67:37666], old=null
2019-10-18 08:20:05,904 [grpc-default-executor-7] INFO  impl.RaftServerImpl (RaftServerImpl.java:setRole(184)) - 1bc296c6-def6-4ae4-8c62-5b4c951a28f1@group-5EC277DF3249: changes role from  FOLLOWER to FOLLOWER at term 134 for recognizeCandidate:47aecc56-7e95-480d-b89c-2c00d33b4782
2019-10-18 08:20:05,904 [grpc-default-executor-5] INFO  impl.RaftServerImpl (RaftServerImpl.java:setRole(184)) - bc0382cc-50e2-4d58-b2de-e8b6250f3520@group-5EC277DF3249: changes role from  FOLLOWER to FOLLOWER at term 134 for recognizeCandidate:47aecc56-7e95-480d-b89c-2c00d33b4782
2019-10-18 08:20:05,904 [grpc-default-executor-5] INFO  impl.RoleInfo (RoleInfo.java:shutdownFollowerState(121)) - bc0382cc-50e2-4d58-b2de-e8b6250f3520: shutdown FollowerState
2019-10-18 08:20:05,904 [grpc-default-executor-7] INFO  impl.RoleInfo (RoleInfo.java:shutdownFollowerState(121)) - 1bc296c6-def6-4ae4-8c62-5b4c951a28f1: shutdown FollowerState
2019-10-18 08:20:05,905 [Thread-1530] INFO  impl.FollowerState (FollowerState.java:run(117)) - bc0382cc-50e2-4d58-b2de-e8b6250f3520@group-5EC277DF3249-FollowerState was interrupted: java.lang.InterruptedException: sleep interrupted
2019-10-18 08:20:05,904 [grpc-default-executor-5] INFO  impl.RoleInfo (RoleInfo.java:updateAndGet(143)) - bc0382cc-50e2-4d58-b2de-e8b6250f3520: start FollowerState
2019-10-18 08:20:05,905 [Thread-1529] INFO  impl.FollowerState (FollowerState.java:run(117)) - 1bc296c6-def6-4ae4-8c62-5b4c951a28f1@group-5EC277DF3249-FollowerState was interrupted: java.lang.InterruptedException: sleep interrupted
2019-10-18 08:20:05,905 [grpc-default-executor-7] INFO  impl.RoleInfo (RoleInfo.java:updateAndGet(143)) - 1bc296c6-def6-4ae4-8c62-5b4c951a28f1: start FollowerState
2019-10-18 08:20:05,919 [47aecc56-7e95-480d-b89c-2c00d33b4782@group-5EC277DF3249-LeaderElection135] INFO  impl.LeaderElection (LeaderElection.java:logAndReturn(56)) - 47aecc56-7e95-480d-b89c-2c00d33b4782@group-5EC277DF3249-LeaderElection135: Election REJECTED; received 2 response(s) [47aecc56-7e95-480d-b89c-2c00d33b4782<-1bc296c6-def6-4ae4-8c62-5b4c951a28f1#0:FAIL-t134, 47aecc56-7e95-480d-b89c-2c00d33b4782<-bc0382cc-50e2-4d58-b2de-e8b6250f3520#0:FAIL-t134] and 0 exception(s); 47aecc56-7e95-480d-b89c-2c00d33b4782@group-5EC277DF3249:t134, leader=null, voted=47aecc56-7e95-480d-b89c-2c00d33b4782, raftlog=47aecc56-7e95-480d-b89c-2c00d33b4782@group-5EC277DF3249-SegmentedRaftLog:OPENED:c-1,f-1,i0, conf=-1: [47aecc56-7e95-480d-b89c-2c00d33b4782:192.168.69.67:34550, 1bc296c6-def6-4ae4-8c62-5b4c951a28f1:192.168.69.67:37222, bc0382cc-50e2-4d58-b2de-e8b6250f3520:192.168.69.67:37666], old=null
2019-10-18 08:20:05,919 [47aecc56-7e95-480d-b89c-2c00d33b4782@group-5EC277DF3249-LeaderElection135] INFO  impl.RaftServerImpl (RaftServerImpl.java:setRole(184)) - 47aecc56-7e95-480d-b89c-2c00d33b4782@group-5EC277DF3249: changes role from CANDIDATE to FOLLOWER at term 134 for DISCOVERED_A_NEW_TERM
2019-10-18 08:20:05,919 [47aecc56-7e95-480d-b89c-2c00d33b4782@group-5EC277DF3249-LeaderElection135] INFO  impl.RoleInfo (RoleInfo.java:shutdownLeaderElection(134)) - 47aecc56-7e95-480d-b89c-2c00d33b4782: shutdown LeaderElection
2019-10-18 08:20:05,919 [47aecc56-7e95-480d-b89c-2c00d33b4782@group-5EC277DF3249-LeaderElection135] INFO  impl.RoleInfo (RoleInfo.java:updateAndGet(143)) - 47aecc56-7e95-480d-b89c-2c00d33b4782: start FollowerState
2019-10-18 08:20:06,077 [Thread-1537] INFO  impl.FollowerState (FollowerState.java:run(108)) - 47aecc56-7e95-480d-b89c-2c00d33b4782@group-5EC277DF3249-FollowerState: change to CANDIDATE, lastRpcTime:157ms, electionTimeout:157ms
2019-10-18 08:20:06,077 [Thread-1537] INFO  impl.RoleInfo (RoleInfo.java:shutdownFollowerState(121)) - 47aecc56-7e95-480d-b89c-2c00d33b4782: shutdown FollowerState
2019-10-18 08:20:06,077 [Thread-1537] INFO  impl.RaftServerImpl (RaftServerImpl.java:setRole(184)) - 47aecc56-7e95-480d-b89c-2c00d33b4782@group-5EC277DF3249: changes role from  FOLLOWER to CANDIDATE at term 134 for changeToCandidate
2019-10-18 08:20:06,077 [Thread-1537] INFO  impl.RoleInfo (RoleInfo.java:updateAndGet(143)) - 47aecc56-7e95-480d-b89c-2c00d33b4782: start LeaderElection
2019-10-18 08:20:06,103 [47aecc56-7e95-480d-b89c-2c00d33b4782@group-5EC277DF3249-LeaderElection136] INFO  impl.LeaderElection (LeaderElection.java:askForVotes(178)) - 47aecc56-7e95-480d-b89c-2c00d33b4782@group-5EC277DF3249-LeaderElection136: begin an election at term 135 for -1: [47aecc56-7e95-480d-b89c-2c00d33b4782:192.168.69.67:34550, 1bc296c6-def6-4ae4-8c62-5b4c951a28f1:192.168.69.67:37222, bc0382cc-50e2-4d58-b2de-e8b6250f3520:192.168.69.67:37666], old=null
2019-10-18 08:20:06,106 [grpc-default-executor-5] INFO  impl.RaftServerImpl (RaftServerImpl.java:setRole(184)) - bc0382cc-50e2-4d58-b2de-e8b6250f3520@group-5EC277DF3249: changes role from  FOLLOWER to FOLLOWER at term 135 for recognizeCandidate:47aecc56-7e95-480d-b89c-2c00d33b4782
2019-10-18 08:20:06,106 [grpc-default-executor-7] INFO  impl.RaftServerImpl (RaftServerImpl.java:setRole(184)) - 1bc296c6-def6-4ae4-8c62-5b4c951a28f1@group-5EC277DF3249: changes role from  FOLLOWER to FOLLOWER at term 135 for recognizeCandidate:47aecc56-7e95-480d-b89c-2c00d33b4782
2019-10-18 08:20:06,106 [grpc-default-executor-5] INFO  impl.RoleInfo (RoleInfo.java:shutdownFollowerState(121)) - bc0382cc-50e2-4d58-b2de-e8b6250f3520: shutdown FollowerState
2019-10-18 08:20:06,106 [grpc-default-executor-7] INFO  impl.RoleInfo (RoleInfo.java:shutdownFollowerState(121)) - 1bc296c6-def6-4ae4-8c62-5b4c951a28f1: shutdown FollowerState
2019-10-18 08:20:06,107 [grpc-default-executor-5] INFO  impl.RoleInfo (RoleInfo.java:updateAndGet(143)) - bc0382cc-50e2-4d58-b2de-e8b6250f3520: start FollowerState
2019-10-18 08:20:06,107 [Thread-1536] INFO  impl.FollowerState (FollowerState.java:run(117)) - 1bc296c6-def6-4ae4-8c62-5b4c951a28f1@group-5EC277DF3249-FollowerState was interrupted: java.lang.InterruptedException: sleep interrupted
2019-10-18 08:20:06,107 [Thread-1535] INFO  impl.FollowerState (FollowerState.java:run(117)) - bc0382cc-50e2-4d58-b2de-e8b6250f3520@group-5EC277DF3249-FollowerState was interrupted: java.lang.InterruptedException: sleep interrupted
2019-10-18 08:20:06,107 [grpc-default-executor-7] INFO  impl.RoleInfo (RoleInfo.java:updateAndGet(143)) - 1bc296c6-def6-4ae4-8c62-5b4c951a28f1: start FollowerState
2019-10-18 08:20:06,122 [47aecc56-7e95-480d-b89c-2c00d33b4782@group-5EC277DF3249-LeaderElection136] INFO  impl.LeaderElection (LeaderElection.java:logAndReturn(56)) - 47aecc56-7e95-480d-b89c-2c00d33b4782@group-5EC277DF3249-LeaderElection136: Election REJECTED; received 2 response(s) [47aecc56-7e95-480d-b89c-2c00d33b4782<-1bc296c6-def6-4ae4-8c62-5b4c951a28f1#0:FAIL-t135, 47aecc56-7e95-480d-b89c-2c00d33b4782<-bc0382cc-50e2-4d58-b2de-e8b6250f3520#0:FAIL-t135] and 0 exception(s); 47aecc56-7e95-480d-b89c-2c00d33b4782@group-5EC277DF3249:t135, leader=null, voted=47aecc56-7e95-480d-b89c-2c00d33b4782, raftlog=47aecc56-7e95-480d-b89c-2c00d33b4782@group-5EC277DF3249-SegmentedRaftLog:OPENED:c-1,f-1,i0, conf=-1: [47aecc56-7e95-480d-b89c-2c00d33b4782:192.168.69.67:34550, 1bc296c6-def6-4ae4-8c62-5b4c951a28f1:192.168.69.67:37222, bc0382cc-50e2-4d58-b2de-e8b6250f3520:192.168.69.67:37666], old=null
2019-10-18 08:20:06,123 [47aecc56-7e95-480d-b89c-2c00d33b4782@group-5EC277DF3249-LeaderElection136] INFO  impl.RaftServerImpl (RaftServerImpl.java:setRole(184)) - 47aecc56-7e95-480d-b89c-2c00d33b4782@group-5EC277DF3249: changes role from CANDIDATE to FOLLOWER at term 135 for DISCOVERED_A_NEW_TERM
2019-10-18 08:20:06,123 [47aecc56-7e95-480d-b89c-2c00d33b4782@group-5EC277DF3249-LeaderElection136] INFO  impl.RoleInfo (RoleInfo.java:shutdownLeaderElection(134)) - 47aecc56-7e95-480d-b89c-2c00d33b4782: shutdown LeaderElection
2019-10-18 08:20:06,123 [47aecc56-7e95-480d-b89c-2c00d33b4782@group-5EC277DF3249-LeaderElection136] INFO  impl.RoleInfo (RoleInfo.java:updateAndGet(143)) - 47aecc56-7e95-480d-b89c-2c00d33b4782: start FollowerState
 0.00% |?                                                                                                    |  0/1 Time: 0:04:142019-10-18 08:20:06,287 [Thread-1543] INFO  impl.FollowerState (FollowerState.java:run(108)) - 47aecc56-7e95-480d-b89c-2c00d33b4782@group-5EC277DF3249-FollowerState: change to CANDIDATE, lastRpcTime:164ms, electionTimeout:164ms
2019-10-18 08:20:06,288 [Thread-1543] INFO  impl.RoleInfo (RoleInfo.java:shutdownFollowerState(121)) - 47aecc56-7e95-480d-b89c-2c00d33b4782: shutdown FollowerState
2019-10-18 08:20:06,288 [Thread-1543] INFO  impl.RaftServerImpl (RaftServerImpl.java:setRole(184)) - 47aecc56-7e95-480d-b89c-2c00d33b4782@group-5EC277DF3249: changes role from  FOLLOWER to CANDIDATE at term 135 for changeToCandidate
2019-10-18 08:20:06,288 [Thread-1543] INFO  impl.RoleInfo (RoleInfo.java:updateAndGet(143)) - 47aecc56-7e95-480d-b89c-2c00d33b4782: start LeaderElection
2019-10-18 08:20:06,301 [47aecc56-7e95-480d-b89c-2c00d33b4782@group-5EC277DF3249-LeaderElection137] INFO  impl.LeaderElection (LeaderElection.java:askForVotes(178)) - 47aecc56-7e95-480d-b89c-2c00d33b4782@group-5EC277DF3249-LeaderElection137: begin an election at term 136 for -1: [47aecc56-7e95-480d-b89c-2c00d33b4782:192.168.69.67:34550, 1bc296c6-def6-4ae4-8c62-5b4c951a28f1:192.168.69.67:37222, bc0382cc-50e2-4d58-b2de-e8b6250f3520:192.168.69.67:37666], old=null
2019-10-18 08:20:06,304 [grpc-default-executor-5] INFO  impl.RaftServerImpl (RaftServerImpl.java:setRole(184)) - 1bc296c6-def6-4ae4-8c62-5b4c951a28f1@group-5EC277DF3249: changes role from  FOLLOWER to FOLLOWER at term 136 for recognizeCandidate:47aecc56-7e95-480d-b89c-2c00d33b4782
2019-10-18 08:20:06,304 [grpc-default-executor-7] INFO  impl.RaftServerImpl (RaftServerImpl.java:setRole(184)) - bc0382cc-50e2-4d58-b2de-e8b6250f3520@group-5EC277DF3249: changes role from  FOLLOWER to FOLLOWER at term 136 for recognizeCandidate:47aecc56-7e95-480d-b89c-2c00d33b4782
2019-10-18 08:20:06,304 [grpc-default-executor-5] INFO  impl.RoleInfo (RoleInfo.java:shutdownFollowerState(121)) - 1bc296c6-def6-4ae4-8c62-5b4c951a28f1: shutdown FollowerState
2019-10-18 08:20:06,304 [grpc-default-executor-7] INFO  impl.RoleInfo (RoleInfo.java:shutdownFollowerState(121)) - bc0382cc-50e2-4d58-b2de-e8b6250f3520: shutdown FollowerState
2019-10-18 08:20:06,305 [grpc-default-executor-5] INFO  impl.RoleInfo (RoleInfo.java:updateAndGet(143)) - 1bc296c6-def6-4ae4-8c62-5b4c951a28f1: start FollowerState
2019-10-18 08:20:06,305 [Thread-1541] INFO  impl.FollowerState (FollowerState.java:run(117)) - bc0382cc-50e2-4d58-b2de-e8b6250f3520@group-5EC277DF3249-FollowerState was interrupted: java.lang.InterruptedException: sleep interrupted
2019-10-18 08:20:06,305 [grpc-default-executor-7] INFO  impl.RoleInfo (RoleInfo.java:updateAndGet(143)) - bc0382cc-50e2-4d58-b2de-e8b6250f3520: start FollowerState
2019-10-18 08:20:06,305 [Thread-1542] INFO  impl.FollowerState (FollowerState.java:run(117)) - 1bc296c6-def6-4ae4-8c62-5b4c951a28f1@group-5EC277DF3249-FollowerState was interrupted: java.lang.InterruptedException: sleep interrupted
2019-10-18 08:20:06,320 [47aecc56-7e95-480d-b89c-2c00d33b4782@group-5EC277DF3249-LeaderElection137] INFO  impl.LeaderElection (LeaderElection.java:logAndReturn(56)) - 47aecc56-7e95-480d-b89c-2c00d33b4782@group-5EC277DF3249-LeaderElection137: Election REJECTED; received 2 response(s) [47aecc56-7e95-480d-b89c-2c00d33b4782<-1bc296c6-def6-4ae4-8c62-5b4c951a28f1#0:FAIL-t136, 47aecc56-7e95-480d-b89c-2c00d33b4782<-bc0382cc-50e2-4d58-b2de-e8b6250f3520#0:FAIL-t136] and 0 exception(s); 47aecc56-7e95-480d-b89c-2c00d33b4782@group-5EC277DF3249:t136, leader=null, voted=47aecc56-7e95-480d-b89c-2c00d33b4782, raftlog=47aecc56-7e95-480d-b89c-2c00d33b4782@group-5EC277DF3249-SegmentedRaftLog:OPENED:c-1,f-1,i0, conf=-1: [47aecc56-7e95-480d-b89c-2c00d33b4782:192.168.69.67:34550, 1bc296c6-def6-4ae4-8c62-5b4c951a28f1:192.168.69.67:37222, bc0382cc-50e2-4d58-b2de-e8b6250f3520:192.168.69.67:37666], old=null
2019-10-18 08:20:06,320 [47aecc56-7e95-480d-b89c-2c00d33b4782@group-5EC277DF3249-LeaderElection137] INFO  impl.RaftServerImpl (RaftServerImpl.java:setRole(184)) - 47aecc56-7e95-480d-b89c-2c00d33b4782@group-5EC277DF3249: changes role from CANDIDATE to FOLLOWER at term 136 for DISCOVERED_A_NEW_TERM
2019-10-18 08:20:06,320 [47aecc56-7e95-480d-b89c-2c00d33b4782@group-5EC277DF3249-LeaderElection137] INFO  impl.RoleInfo (RoleInfo.java:shutdownLeaderElection(134)) - 47aecc56-7e95-480d-b89c-2c00d33b4782: shutdown LeaderElection
2019-10-18 08:20:06,320 [47aecc56-7e95-480d-b89c-2c00d33b4782@group-5EC277DF3249-LeaderElection137] INFO  impl.RoleInfo (RoleInfo.java:updateAndGet(143)) - 47aecc56-7e95-480d-b89c-2c00d33b4782: start FollowerState
2019-10-18 08:20:06,439 [Thread-1549] INFO  impl.FollowerState (FollowerState.java:run(108)) - 47aecc56-7e95-480d-b89c-2c00d33b4782@group-5EC277DF3249-FollowerState: change to CANDIDATE, lastRpcTime:118ms, electionTimeout:118ms
2019-10-18 08:20:06,439 [Thread-1549] INFO  impl.RoleInfo (RoleInfo.java:shutdownFollowerState(121)) - 47aecc56-7e95-480d-b89c-2c00d33b4782: shutdown FollowerState
2019-10-18 08:20:06,439 [Thread-1549] INFO  impl.RaftServerImpl (RaftServerImpl.java:setRole(184)) - 47aecc56-7e95-480d-b89c-2c00d33b4782@group-5EC277DF3249: changes role from  FOLLOWER to CANDIDATE at term 136 for changeToCandidate
2019-10-18 08:20:06,439 [Thread-1549] INFO  impl.RoleInfo (RoleInfo.java:updateAndGet(143)) - 47aecc56-7e95-480d-b89c-2c00d33b4782: start LeaderElection
2019-10-18 08:20:06,464 [47aecc56-7e95-480d-b89c-2c00d33b4782@group-5EC277DF3249-LeaderElection138] INFO  impl.LeaderElection (LeaderElection.java:askForVotes(178)) - 47aecc56-7e95-480d-b89c-2c00d33b4782@group-5EC277DF3249-LeaderElection138: begin an election at term 137 for -1: [47aecc56-7e95-480d-b89c-2c00d33b4782:192.168.69.67:34550, 1bc296c6-def6-4ae4-8c62-5b4c951a28f1:192.168.69.67:37222, bc0382cc-50e2-4d58-b2de-e8b6250f3520:192.168.69.67:37666], old=null
2019-10-18 08:20:06,466 [grpc-default-executor-5] INFO  impl.RaftServerImpl (RaftServerImpl.java:setRole(184)) - 1bc296c6-def6-4ae4-8c62-5b4c951a28f1@group-5EC277DF3249: changes role from  FOLLOWER to FOLLOWER at term 137 for recognizeCandidate:47aecc56-7e95-480d-b89c-2c00d33b4782
2019-10-18 08:20:06,466 [grpc-default-executor-5] INFO  impl.RoleInfo (RoleInfo.java:shutdownFollowerState(121)) - 1bc296c6-def6-4ae4-8c62-5b4c951a28f1: shutdown FollowerState
2019-10-18 08:20:06,466 [grpc-default-executor-7] INFO  impl.RaftServerImpl (RaftServerImpl.java:setRole(184)) - bc0382cc-50e2-4d58-b2de-e8b6250f3520@group-5EC277DF3249: changes role from  FOLLOWER to FOLLOWER at term 137 for recognizeCandidate:47aecc56-7e95-480d-b89c-2c00d33b4782
2019-10-18 08:20:06,466 [Thread-1547] INFO  impl.FollowerState (FollowerState.java:run(117)) - 1bc296c6-def6-4ae4-8c62-5b4c951a28f1@group-5EC277DF3249-FollowerState was interrupted: java.lang.InterruptedException: sleep interrupted
2019-10-18 08:20:06,466 [grpc-default-executor-5] INFO  impl.RoleInfo (RoleInfo.java:updateAndGet(143)) - 1bc296c6-def6-4ae4-8c62-5b4c951a28f1: start FollowerState
2019-10-18 08:20:06,466 [grpc-default-executor-7] INFO  impl.RoleInfo (RoleInfo.java:shutdownFollowerState(121)) - bc0382cc-50e2-4d58-b2de-e8b6250f3520: shutdown FollowerState
2019-10-18 08:20:06,467 [grpc-default-executor-7] INFO  impl.RoleInfo (RoleInfo.java:updateAndGet(143)) - bc0382cc-50e2-4d58-b2de-e8b6250f3520: start FollowerState
2019-10-18 08:20:06,467 [Thread-1548] INFO  impl.FollowerState (FollowerState.java:run(117)) - bc0382cc-50e2-4d58-b2de-e8b6250f3520@group-5EC277DF3249-FollowerState was interrupted: java.lang.InterruptedException: sleep interrupted
2019-10-18 08:20:06,481 [47aecc56-7e95-480d-b89c-2c00d33b4782@group-5EC277DF3249-LeaderElection138] INFO  impl.LeaderElection (LeaderElection.java:logAndReturn(56)) - 47aecc56-7e95-480d-b89c-2c00d33b4782@group-5EC277DF3249-LeaderElection138: Election REJECTED; received 2 response(s) [47aecc56-7e95-480d-b89c-2c00d33b4782<-1bc296c6-def6-4ae4-8c62-5b4c951a28f1#0:FAIL-t137, 47aecc56-7e95-480d-b89c-2c00d33b4782<-bc0382cc-50e2-4d58-b2de-e8b6250f3520#0:FAIL-t137] and 0 exception(s); 47aecc56-7e95-480d-b89c-2c00d33b4782@group-5EC277DF3249:t137, leader=null, voted=47aecc56-7e95-480d-b89c-2c00d33b4782, raftlog=47aecc56-7e95-480d-b89c-2c00d33b4782@group-5EC277DF3249-SegmentedRaftLog:OPENED:c-1,f-1,i0, conf=-1: [47aecc56-7e95-480d-b89c-2c00d33b4782:192.168.69.67:34550, 1bc296c6-def6-4ae4-8c62-5b4c951a28f1:192.168.69.67:37222, bc0382cc-50e2-4d58-b2de-e8b6250f3520:192.168.69.67:37666], old=null
2019-10-18 08:20:06,481 [47aecc56-7e95-480d-b89c-2c00d33b4782@group-5EC277DF3249-LeaderElection138] INFO  impl.RaftServerImpl (RaftServerImpl.java:setRole(184)) - 47aecc56-7e95-480d-b89c-2c00d33b4782@group-5EC277DF3249: changes role from CANDIDATE to FOLLOWER at term 137 for DISCOVERED_A_NEW_TERM
2019-10-18 08:20:06,481 [47aecc56-7e95-480d-b89c-2c00d33b4782@group-5EC277DF3249-LeaderElection138] INFO  impl.RoleInfo (RoleInfo.java:shutdownLeaderElection(134)) - 47aecc56-7e95-480d-b89c-2c00d33b4782: shutdown LeaderElection
2019-10-18 08:20:06,482 [47aecc56-7e95-480d-b89c-2c00d33b4782@group-5EC277DF3249-LeaderElection138] INFO  impl.RoleInfo (RoleInfo.java:updateAndGet(143)) - 47aecc56-7e95-480d-b89c-2c00d33b4782: start FollowerState
2019-10-18 08:20:06,585 [Thread-1555] INFO  impl.FollowerState (FollowerState.java:run(108)) - 47aecc56-7e95-480d-b89c-2c00d33b4782@group-5EC277DF3249-FollowerState: change to CANDIDATE, lastRpcTime:103ms, electionTimeout:103ms
2019-10-18 08:20:06,585 [Thread-1555] INFO  impl.RoleInfo (RoleInfo.java:shutdownFollowerState(121)) - 47aecc56-7e95-480d-b89c-2c00d33b4782: shutdown FollowerState
2019-10-18 08:20:06,585 [Thread-1555] INFO  impl.RaftServerImpl (RaftServerImpl.java:setRole(184)) - 47aecc56-7e95-480d-b89c-2c00d33b4782@group-5EC277DF3249: changes role from  FOLLOWER to CANDIDATE at term 137 for changeToCandidate
2019-10-18 08:20:06,585 [Thread-1555] INFO  impl.RoleInfo (RoleInfo.java:updateAndGet(143)) - 47aecc56-7e95-480d-b89c-2c00d33b4782: start LeaderElection
2019-10-18 08:20:06,598 [47aecc56-7e95-480d-b89c-2c00d33b4782@group-5EC277DF3249-LeaderElection139] INFO  impl.LeaderElection (LeaderElection.java:askForVotes(178)) - 47aecc56-7e95-480d-b89c-2c00d33b4782@group-5EC277DF3249-LeaderElection139: begin an election at term 138 for -1: [47aecc56-7e95-480d-b89c-2c00d33b4782:192.168.69.67:34550, 1bc296c6-def6-4ae4-8c62-5b4c951a28f1:192.168.69.67:37222, bc0382cc-50e2-4d58-b2de-e8b6250f3520:192.168.69.67:37666], old=null
2019-10-18 08:20:06,600 [grpc-default-executor-7] INFO  impl.RaftServerImpl (RaftServerImpl.java:setRole(184)) - 1bc296c6-def6-4ae4-8c62-5b4c951a28f1@group-5EC277DF3249: changes role from  FOLLOWER to FOLLOWER at term 138 for recognizeCandidate:47aecc56-7e95-480d-b89c-2c00d33b4782
2019-10-18 08:20:06,600 [grpc-default-executor-5] INFO  impl.RaftServerImpl (RaftServerImpl.java:setRole(184)) - bc0382cc-50e2-4d58-b2de-e8b6250f3520@group-5EC277DF3249: changes role from  FOLLOWER to FOLLOWER at term 138 for recognizeCandidate:47aecc56-7e95-480d-b89c-2c00d33b4782
2019-10-18 08:20:06,601 [grpc-default-executor-5] INFO  impl.RoleInfo (RoleInfo.java:shutdownFollowerState(121)) - bc0382cc-50e2-4d58-b2de-e8b6250f3520: shutdown FollowerState
2019-10-18 08:20:06,601 [grpc-default-executor-7] INFO  impl.RoleInfo (RoleInfo.java:shutdownFollowerState(121)) - 1bc296c6-def6-4ae4-8c62-5b4c951a28f1: shutdown FollowerState
2019-10-18 08:20:06,601 [Thread-1554] INFO  impl.FollowerState (FollowerState.java:run(117)) - bc0382cc-50e2-4d58-b2de-e8b6250f3520@group-5EC277DF3249-FollowerState was interrupted: java.lang.InterruptedException: sleep interrupted
2019-10-18 08:20:06,601 [grpc-default-executor-7] INFO  impl.RoleInfo (RoleInfo.java:updateAndGet(143)) - 1bc296c6-def6-4ae4-8c62-5b4c951a28f1: start FollowerState
2019-10-18 08:20:06,601 [grpc-default-executor-5] INFO  impl.RoleInfo (RoleInfo.java:updateAndGet(143)) - bc0382cc-50e2-4d58-b2de-e8b6250f3520: start FollowerState
2019-10-18 08:20:06,601 [Thread-1553] INFO  impl.FollowerState (FollowerState.java:run(117)) - 1bc296c6-def6-4ae4-8c62-5b4c951a28f1@group-5EC277DF3249-FollowerState was interrupted: java.lang.InterruptedException: sleep interrupted
2019-10-18 08:20:06,616 [47aecc56-7e95-480d-b89c-2c00d33b4782@group-5EC277DF3249-LeaderElection139] INFO  impl.LeaderElection (LeaderElection.java:logAndReturn(56)) - 47aecc56-7e95-480d-b89c-2c00d33b4782@group-5EC277DF3249-LeaderElection139: Election REJECTED; received 2 response(s) [47aecc56-7e95-480d-b89c-2c00d33b4782<-1bc296c6-def6-4ae4-8c62-5b4c951a28f1#0:FAIL-t138, 47aecc56-7e95-480d-b89c-2c00d33b4782<-bc0382cc-50e2-4d58-b2de-e8b6250f3520#0:FAIL-t138] and 0 exception(s); 47aecc56-7e95-480d-b89c-2c00d33b4782@group-5EC277DF3249:t138, leader=null, voted=47aecc56-7e95-480d-b89c-2c00d33b4782, raftlog=47aecc56-7e95-480d-b89c-2c00d33b4782@group-5EC277DF3249-SegmentedRaftLog:OPENED:c-1,f-1,i0, conf=-1: [47aecc56-7e95-480d-b89c-2c00d33b4782:192.168.69.67:34550, 1bc296c6-def6-4ae4-8c62-5b4c951a28f1:192.168.69.67:37222, bc0382cc-50e2-4d58-b2de-e8b6250f3520:192.168.69.67:37666], old=null
2019-10-18 08:20:06,617 [47aecc56-7e95-480d-b89c-2c00d33b4782@group-5EC277DF3249-LeaderElection139] INFO  impl.RaftServerImpl (RaftServerImpl.java:setRole(184)) - 47aecc56-7e95-480d-b89c-2c00d33b4782@group-5EC277DF3249: changes role from CANDIDATE to FOLLOWER at term 138 for DISCOVERED_A_NEW_TERM
2019-10-18 08:20:06,617 [47aecc56-7e95-480d-b89c-2c00d33b4782@group-5EC277DF3249-LeaderElection139] INFO  impl.RoleInfo (RoleInfo.java:shutdownLeaderElection(134)) - 47aecc56-7e95-480d-b89c-2c00d33b4782: shutdown LeaderElection
2019-10-18 08:20:06,617 [47aecc56-7e95-480d-b89c-2c00d33b4782@group-5EC277DF3249-LeaderElection139] INFO  impl.RoleInfo (RoleInfo.java:updateAndGet(143)) - 47aecc56-7e95-480d-b89c-2c00d33b4782: start FollowerState
2019-10-18 08:20:06,676 [Thread-1561] INFO  impl.FollowerState (FollowerState.java:run(108)) - 47aecc56-7e95-480d-b89c-2c00d33b4782@group-5EC277DF3249-FollowerState: change to CANDIDATE, lastRpcTime:59ms, electionTimeout:59ms
2019-10-18 08:20:06,676 [Thread-1561] INFO  impl.RoleInfo (RoleInfo.java:shutdownFollowerState(121)) - 47aecc56-7e95-480d-b89c-2c00d33b4782: shutdown FollowerState
2019-10-18 08:20:06,676 [Thread-1561] INFO  impl.RaftServerImpl (RaftServerImpl.java:setRole(184)) - 47aecc56-7e95-480d-b89c-2c00d33b4782@group-5EC277DF3249: changes role from  FOLLOWER to CANDIDATE at term 138 for changeToCandidate
2019-10-18 08:20:06,676 [Thread-1561] INFO  impl.RoleInfo (RoleInfo.java:updateAndGet(143)) - 47aecc56-7e95-480d-b89c-2c00d33b4782: start LeaderElection
2019-10-18 08:20:06,692 [47aecc56-7e95-480d-b89c-2c00d33b4782@group-5EC277DF3249-LeaderElection140] INFO  impl.LeaderElection (LeaderElection.java:askForVotes(178)) - 47aecc56-7e95-480d-b89c-2c00d33b4782@group-5EC277DF3249-LeaderElection140: begin an election at term 139 for -1: [47aecc56-7e95-480d-b89c-2c00d33b4782:192.168.69.67:34550, 1bc296c6-def6-4ae4-8c62-5b4c951a28f1:192.168.69.67:37222, bc0382cc-50e2-4d58-b2de-e8b6250f3520:192.168.69.67:37666], old=null
2019-10-18 08:20:06,694 [grpc-default-executor-7] INFO  impl.RaftServerImpl (RaftServerImpl.java:setRole(184)) - 1bc296c6-def6-4ae4-8c62-5b4c951a28f1@group-5EC277DF3249: changes role from  FOLLOWER to FOLLOWER at term 139 for recognizeCandidate:47aecc56-7e95-480d-b89c-2c00d33b4782
2019-10-18 08:20:06,694 [grpc-default-executor-7] INFO  impl.RoleInfo (RoleInfo.java:shutdownFollowerState(121)) - 1bc296c6-def6-4ae4-8c62-5b4c951a28f1: shutdown FollowerState
2019-10-18 08:20:06,694 [grpc-default-executor-7] INFO  impl.RoleInfo (RoleInfo.java:updateAndGet(143)) - 1bc296c6-def6-4ae4-8c62-5b4c951a28f1: start FollowerState
2019-10-18 08:20:06,694 [grpc-default-executor-5] INFO  impl.RaftServerImpl (RaftServerImpl.java:setRole(184)) - bc0382cc-50e2-4d58-b2de-e8b6250f3520@group-5EC277DF3249: changes role from  FOLLOWER to FOLLOWER at term 139 for recognizeCandidate:47aecc56-7e95-480d-b89c-2c00d33b4782
2019-10-18 08:20:06,695 [grpc-default-executor-5] INFO  impl.RoleInfo (RoleInfo.java:shutdownFollowerState(121)) - bc0382cc-50e2-4d58-b2de-e8b6250f3520: shutdown FollowerState
2019-10-18 08:20:06,694 [Thread-1560] INFO  impl.FollowerState (FollowerState.java:run(117)) - 1bc296c6-def6-4ae4-8c62-5b4c951a28f1@group-5EC277DF3249-FollowerState was interrupted: java.lang.InterruptedException: sleep interrupted
2019-10-18 08:20:06,695 [Thread-1559] INFO  impl.FollowerState (FollowerState.java:run(117)) - bc0382cc-50e2-4d58-b2de-e8b6250f3520@group-5EC277DF3249-FollowerState was interrupted: java.lang.InterruptedException: sleep interrupted
2019-10-18 08:20:06,695 [grpc-default-executor-5] INFO  impl.RoleInfo (RoleInfo.java:updateAndGet(143)) - bc0382cc-50e2-4d58-b2de-e8b6250f3520: start FollowerState
2019-10-18 08:20:06,705 [47aecc56-7e95-480d-b89c-2c00d33b4782@group-5EC277DF3249-LeaderElection140] INFO  impl.LeaderElection (LeaderElection.java:logAndReturn(56)) - 47aecc56-7e95-480d-b89c-2c00d33b4782@group-5EC277DF3249-LeaderElection140: Election REJECTED; received 2 response(s) [47aecc56-7e95-480d-b89c-2c00d33b4782<-1bc296c6-def6-4ae4-8c62-5b4c951a28f1#0:FAIL-t139, 47aecc56-7e95-480d-b89c-2c00d33b4782<-bc0382cc-50e2-4d58-b2de-e8b6250f3520#0:FAIL-t139] and 0 exception(s); 47aecc56-7e95-480d-b89c-2c00d33b4782@group-5EC277DF3249:t139, leader=null, voted=47aecc56-7e95-480d-b89c-2c00d33b4782, raftlog=47aecc56-7e95-480d-b89c-2c00d33b4782@group-5EC277DF3249-SegmentedRaftLog:OPENED:c-1,f-1,i0, conf=-1: [47aecc56-7e95-480d-b89c-2c00d33b4782:192.168.69.67:34550, 1bc296c6-def6-4ae4-8c62-5b4c951a28f1:192.168.69.67:37222, bc0382cc-50e2-4d58-b2de-e8b6250f3520:192.168.69.67:37666], old=null
2019-10-18 08:20:06,705 [47aecc56-7e95-480d-b89c-2c00d33b4782@group-5EC277DF3249-LeaderElection140] INFO  impl.RaftServerImpl (RaftServerImpl.java:setRole(184)) - 47aecc56-7e95-480d-b89c-2c00d33b4782@group-5EC277DF3249: changes role from CANDIDATE to FOLLOWER at term 139 for DISCOVERED_A_NEW_TERM
2019-10-18 08:20:06,705 [47aecc56-7e95-480d-b89c-2c00d33b4782@group-5EC277DF3249-LeaderElection140] INFO  impl.RoleInfo (RoleInfo.java:shutdownLeaderElection(134)) - 47aecc56-7e95-480d-b89c-2c00d33b4782: shutdown LeaderElection
2019-10-18 08:20:06,705 [47aecc56-7e95-480d-b89c-2c00d33b4782@group-5EC277DF3249-LeaderElection140] INFO  impl.RoleInfo (RoleInfo.java:updateAndGet(143)) - 47aecc56-7e95-480d-b89c-2c00d33b4782: start FollowerState
2019-10-18 08:20:06,859 [Thread-1567] INFO  impl.FollowerState (FollowerState.java:run(108)) - 47aecc56-7e95-480d-b89c-2c00d33b4782@group-5EC277DF3249-FollowerState: change to CANDIDATE, lastRpcTime:153ms, electionTimeout:153ms
2019-10-18 08:20:06,859 [Thread-1567] INFO  impl.RoleInfo (RoleInfo.java:shutdownFollowerState(121)) - 47aecc56-7e95-480d-b89c-2c00d33b4782: shutdown FollowerState
2019-10-18 08:20:06,859 [Thread-1567] INFO  impl.RaftServerImpl (RaftServerImpl.java:setRole(184)) - 47aecc56-7e95-480d-b89c-2c00d33b4782@group-5EC277DF3249: changes role from  FOLLOWER to CANDIDATE at term 139 for changeToCandidate
2019-10-18 08:20:06,860 [Thread-1567] INFO  impl.RoleInfo (RoleInfo.java:updateAndGet(143)) - 47aecc56-7e95-480d-b89c-2c00d33b4782: start LeaderElection
2019-10-18 08:20:06,873 [47aecc56-7e95-480d-b89c-2c00d33b4782@group-5EC277DF3249-LeaderElection141] INFO  impl.LeaderElection (LeaderElection.java:askForVotes(178)) - 47aecc56-7e95-480d-b89c-2c00d33b4782@group-5EC277DF3249-LeaderElection141: begin an election at term 140 for -1: [47aecc56-7e95-480d-b89c-2c00d33b4782:192.168.69.67:34550, 1bc296c6-def6-4ae4-8c62-5b4c951a28f1:192.168.69.67:37222, bc0382cc-50e2-4d58-b2de-e8b6250f3520:192.168.69.67:37666], old=null
2019-10-18 08:20:06,875 [grpc-default-executor-5] INFO  impl.RaftServerImpl (RaftServerImpl.java:setRole(184)) - bc0382cc-50e2-4d58-b2de-e8b6250f3520@group-5EC277DF3249: changes role from  FOLLOWER to FOLLOWER at term 140 for recognizeCandidate:47aecc56-7e95-480d-b89c-2c00d33b4782
2019-10-18 08:20:06,875 [grpc-default-executor-7] INFO  impl.RaftServerImpl (RaftServerImpl.java:setRole(184)) - 1bc296c6-def6-4ae4-8c62-5b4c951a28f1@group-5EC277DF3249: changes role from  FOLLOWER to FOLLOWER at term 140 for recognizeCandidate:47aecc56-7e95-480d-b89c-2c00d33b4782
2019-10-18 08:20:06,875 [grpc-default-executor-5] INFO  impl.RoleInfo (RoleInfo.java:shutdownFollowerState(121)) - bc0382cc-50e2-4d58-b2de-e8b6250f3520: shutdown FollowerState
2019-10-18 08:20:06,875 [grpc-default-executor-7] INFO  impl.RoleInfo (RoleInfo.java:shutdownFollowerState(121)) - 1bc296c6-def6-4ae4-8c62-5b4c951a28f1: shutdown FollowerState
2019-10-18 08:20:06,876 [grpc-default-executor-5] INFO  impl.RoleInfo (RoleInfo.java:updateAndGet(143)) - bc0382cc-50e2-4d58-b2de-e8b6250f3520: start FollowerState
2019-10-18 08:20:06,876 [grpc-default-executor-7] INFO  impl.RoleInfo (RoleInfo.java:updateAndGet(143)) - 1bc296c6-def6-4ae4-8c62-5b4c951a28f1: start FollowerState
2019-10-18 08:20:06,876 [Thread-1566] INFO  impl.FollowerState (FollowerState.java:run(117)) - bc0382cc-50e2-4d58-b2de-e8b6250f3520@group-5EC277DF3249-FollowerState was interrupted: java.lang.InterruptedException: sleep interrupted
2019-10-18 08:20:06,876 [Thread-1565] INFO  impl.FollowerState (FollowerState.java:run(117)) - 1bc296c6-def6-4ae4-8c62-5b4c951a28f1@group-5EC277DF3249-FollowerState was interrupted: java.lang.InterruptedException: sleep interrupted
2019-10-18 08:20:06,902 [47aecc56-7e95-480d-b89c-2c00d33b4782@group-5EC277DF3249-LeaderElection141] INFO  impl.LeaderElection (LeaderElection.java:logAndReturn(56)) - 47aecc56-7e95-480d-b89c-2c00d33b4782@group-5EC277DF3249-LeaderElection141: Election REJECTED; received 2 response(s) [47aecc56-7e95-480d-b89c-2c00d33b4782<-1bc296c6-def6-4ae4-8c62-5b4c951a28f1#0:FAIL-t140, 47aecc56-7e95-480d-b89c-2c00d33b4782<-bc0382cc-50e2-4d58-b2de-e8b6250f3520#0:FAIL-t140] and 0 exception(s); 47aecc56-7e95-480d-b89c-2c00d33b4782@group-5EC277DF3249:t140, leader=null, voted=47aecc56-7e95-480d-b89c-2c00d33b4782, raftlog=47aecc56-7e95-480d-b89c-2c00d33b4782@group-5EC277DF3249-SegmentedRaftLog:OPENED:c-1,f-1,i0, conf=-1: [47aecc56-7e95-480d-b89c-2c00d33b4782:192.168.69.67:34550, 1bc296c6-def6-4ae4-8c62-5b4c951a28f1:192.168.69.67:37222, bc0382cc-50e2-4d58-b2de-e8b6250f3520:192.168.69.67:37666], old=null
2019-10-18 08:20:06,902 [47aecc56-7e95-480d-b89c-2c00d33b4782@group-5EC277DF3249-LeaderElection141] INFO  impl.RaftServerImpl (RaftServerImpl.java:setRole(184)) - 47aecc56-7e95-480d-b89c-2c00d33b4782@group-5EC277DF3249: changes role from CANDIDATE to FOLLOWER at term 140 for DISCOVERED_A_NEW_TERM
2019-10-18 08:20:06,902 [47aecc56-7e95-480d-b89c-2c00d33b4782@group-5EC277DF3249-LeaderElection141] INFO  impl.RoleInfo (RoleInfo.java:shutdownLeaderElection(134)) - 47aecc56-7e95-480d-b89c-2c00d33b4782: shutdown LeaderElection
2019-10-18 08:20:06,902 [47aecc56-7e95-480d-b89c-2c00d33b4782@group-5EC277DF3249-LeaderElection141] INFO  impl.RoleInfo (RoleInfo.java:updateAndGet(143)) - 47aecc56-7e95-480d-b89c-2c00d33b4782: start FollowerState
2019-10-18 08:20:07,031 [Thread-1573] INFO  impl.FollowerState (FollowerState.java:run(108)) - 47aecc56-7e95-480d-b89c-2c00d33b4782@group-5EC277DF3249-FollowerState: change to CANDIDATE, lastRpcTime:128ms, electionTimeout:128ms
2019-10-18 08:20:07,031 [Thread-1573] INFO  impl.RoleInfo (RoleInfo.java:shutdownFollowerState(121)) - 47aecc56-7e95-480d-b89c-2c00d33b4782: shutdown FollowerState
2019-10-18 08:20:07,031 [Thread-1573] INFO  impl.RaftServerImpl (RaftServerImpl.java:setRole(184)) - 47aecc56-7e95-480d-b89c-2c00d33b4782@group-5EC277DF3249: changes role from  FOLLOWER to CANDIDATE at term 140 for changeToCandidate
2019-10-18 08:20:07,031 [Thread-1573] INFO  impl.RoleInfo (RoleInfo.java:updateAndGet(143)) - 47aecc56-7e95-480d-b89c-2c00d33b4782: start LeaderElection
2019-10-18 08:20:07,044 [47aecc56-7e95-480d-b89c-2c00d33b4782@group-5EC277DF3249-LeaderElection142] INFO  impl.LeaderElection (LeaderElection.java:askForVotes(178)) - 47aecc56-7e95-480d-b89c-2c00d33b4782@group-5EC277DF3249-LeaderElection142: begin an election at term 141 for -1: [47aecc56-7e95-480d-b89c-2c00d33b4782:192.168.69.67:34550, 1bc296c6-def6-4ae4-8c62-5b4c951a28f1:192.168.69.67:37222, bc0382cc-50e2-4d58-b2de-e8b6250f3520:192.168.69.67:37666], old=null
2019-10-18 08:20:07,047 [grpc-default-executor-5] INFO  impl.RaftServerImpl (RaftServerImpl.java:setRole(184)) - 1bc296c6-def6-4ae4-8c62-5b4c951a28f1@group-5EC277DF3249: changes role from  FOLLOWER to FOLLOWER at term 141 for recognizeCandidate:47aecc56-7e95-480d-b89c-2c00d33b4782
2019-10-18 08:20:07,047 [grpc-default-executor-5] INFO  impl.RoleInfo (RoleInfo.java:shutdownFollowerState(121)) - 1bc296c6-def6-4ae4-8c62-5b4c951a28f1: shutdown FollowerState
2019-10-18 08:20:07,047 [grpc-default-executor-5] INFO  impl.RoleInfo (RoleInfo.java:updateAndGet(143)) - 1bc296c6-def6-4ae4-8c62-5b4c951a28f1: start FollowerState
2019-10-18 08:20:07,047 [grpc-default-executor-7] INFO  impl.RaftServerImpl (RaftServerImpl.java:setRole(184)) - bc0382cc-50e2-4d58-b2de-e8b6250f3520@group-5EC277DF3249: changes role from  FOLLOWER to FOLLOWER at term 141 for recognizeCandidate:47aecc56-7e95-480d-b89c-2c00d33b4782
2019-10-18 08:20:07,047 [Thread-1572] INFO  impl.FollowerState (FollowerState.java:run(117)) - 1bc296c6-def6-4ae4-8c62-5b4c951a28f1@group-5EC277DF3249-FollowerState was interrupted: java.lang.InterruptedException: sleep interrupted
2019-10-18 08:20:07,047 [grpc-default-executor-7] INFO  impl.RoleInfo (RoleInfo.java:shutdownFollowerState(121)) - bc0382cc-50e2-4d58-b2de-e8b6250f3520: shutdown FollowerState
2019-10-18 08:20:07,048 [grpc-default-executor-7] INFO  impl.RoleInfo (RoleInfo.java:updateAndGet(143)) - bc0382cc-50e2-4d58-b2de-e8b6250f3520: start FollowerState
2019-10-18 08:20:07,048 [Thread-1571] INFO  impl.FollowerState (FollowerState.java:run(117)) - bc0382cc-50e2-4d58-b2de-e8b6250f3520@group-5EC277DF3249-FollowerState was interrupted: java.lang.InterruptedException: sleep interrupted
2019-10-18 08:20:07,061 [47aecc56-7e95-480d-b89c-2c00d33b4782@group-5EC277DF3249-LeaderElection142] INFO  impl.LeaderElection (LeaderElection.java:logAndReturn(56)) - 47aecc56-7e95-480d-b89c-2c00d33b4782@group-5EC277DF3249-LeaderElection142: Election REJECTED; received 2 response(s) [47aecc56-7e95-480d-b89c-2c00d33b4782<-1bc296c6-def6-4ae4-8c62-5b4c951a28f1#0:FAIL-t141, 47aecc56-7e95-480d-b89c-2c00d33b4782<-bc0382cc-50e2-4d58-b2de-e8b6250f3520#0:FAIL-t141] and 0 exception(s); 47aecc56-7e95-480d-b89c-2c00d33b4782@group-5EC277DF3249:t141, leader=null, voted=47aecc56-7e95-480d-b89c-2c00d33b4782, raftlog=47aecc56-7e95-480d-b89c-2c00d33b4782@group-5EC277DF3249-SegmentedRaftLog:OPENED:c-1,f-1,i0, conf=-1: [47aecc56-7e95-480d-b89c-2c00d33b4782:192.168.69.67:34550, 1bc296c6-def6-4ae4-8c62-5b4c951a28f1:192.168.69.67:37222, bc0382cc-50e2-4d58-b2de-e8b6250f3520:192.168.69.67:37666], old=null
2019-10-18 08:20:07,061 [47aecc56-7e95-480d-b89c-2c00d33b4782@group-5EC277DF3249-LeaderElection142] INFO  impl.RaftServerImpl (RaftServerImpl.java:setRole(184)) - 47aecc56-7e95-480d-b89c-2c00d33b4782@group-5EC277DF3249: changes role from CANDIDATE to FOLLOWER at term 141 for DISCOVERED_A_NEW_TERM
2019-10-18 08:20:07,061 [47aecc56-7e95-480d-b89c-2c00d33b4782@group-5EC277DF3249-LeaderElection142] INFO  impl.RoleInfo (RoleInfo.java:shutdownLeaderElection(134)) - 47aecc56-7e95-480d-b89c-2c00d33b4782: shutdown LeaderElection
2019-10-18 08:20:07,061 [47aecc56-7e95-480d-b89c-2c00d33b4782@group-5EC277DF3249-LeaderElection142] INFO  impl.RoleInfo (RoleInfo.java:updateAndGet(143)) - 47aecc56-7e95-480d-b89c-2c00d33b4782: start FollowerState
2019-10-18 08:20:07,072 [Thread-1579] INFO  impl.FollowerState (FollowerState.java:run(108)) - 47aecc56-7e95-480d-b89c-2c00d33b4782@group-5EC277DF3249-FollowerState: change to CANDIDATE, lastRpcTime:10ms, electionTimeout:10ms
2019-10-18 08:20:07,072 [Thread-1579] INFO  impl.RoleInfo (RoleInfo.java:shutdownFollowerState(121)) - 47aecc56-7e95-480d-b89c-2c00d33b4782: shutdown FollowerState
2019-10-18 08:20:07,072 [Thread-1579] INFO  impl.RaftServerImpl (RaftServerImpl.java:setRole(184)) - 47aecc56-7e95-480d-b89c-2c00d33b4782@group-5EC277DF3249: changes role from  FOLLOWER to CANDIDATE at term 141 for changeToCandidate
2019-10-18 08:20:07,072 [Thread-1579] INFO  impl.RoleInfo (RoleInfo.java:updateAndGet(143)) - 47aecc56-7e95-480d-b89c-2c00d33b4782: start LeaderElection
2019-10-18 08:20:07,086 [47aecc56-7e95-480d-b89c-2c00d33b4782@group-5EC277DF3249-LeaderElection143] INFO  impl.LeaderElection (LeaderElection.java:askForVotes(178)) - 47aecc56-7e95-480d-b89c-2c00d33b4782@group-5EC277DF3249-LeaderElection143: begin an election at term 142 for -1: [47aecc56-7e95-480d-b89c-2c00d33b4782:192.168.69.67:34550, 1bc296c6-def6-4ae4-8c62-5b4c951a28f1:192.168.69.67:37222, bc0382cc-50e2-4d58-b2de-e8b6250f3520:192.168.69.67:37666], old=null
2019-10-18 08:20:07,088 [grpc-default-executor-7] INFO  impl.RaftServerImpl (RaftServerImpl.java:setRole(184)) - 1bc296c6-def6-4ae4-8c62-5b4c951a28f1@group-5EC277DF3249: changes role from  FOLLOWER to FOLLOWER at term 142 for recognizeCandidate:47aecc56-7e95-480d-b89c-2c00d33b4782
2019-10-18 08:20:07,088 [grpc-default-executor-7] INFO  impl.RoleInfo (RoleInfo.java:shutdownFollowerState(121)) - 1bc296c6-def6-4ae4-8c62-5b4c951a28f1: shutdown FollowerState
2019-10-18 08:20:07,089 [grpc-default-executor-7] INFO  impl.RoleInfo (RoleInfo.java:updateAndGet(143)) - 1bc296c6-def6-4ae4-8c62-5b4c951a28f1: start FollowerState
2019-10-18 08:20:07,089 [Thread-1577] INFO  impl.FollowerState (FollowerState.java:run(117)) - 1bc296c6-def6-4ae4-8c62-5b4c951a28f1@group-5EC277DF3249-FollowerState was interrupted: java.lang.InterruptedException: sleep interrupted
2019-10-18 08:20:07,089 [grpc-default-executor-5] INFO  impl.RaftServerImpl (RaftServerImpl.java:setRole(184)) - bc0382cc-50e2-4d58-b2de-e8b6250f3520@group-5EC277DF3249: changes role from  FOLLOWER to FOLLOWER at term 142 for recognizeCandidate:47aecc56-7e95-480d-b89c-2c00d33b4782
2019-10-18 08:20:07,089 [grpc-default-executor-5] INFO  impl.RoleInfo (RoleInfo.java:shutdownFollowerState(121)) - bc0382cc-50e2-4d58-b2de-e8b6250f3520: shutdown FollowerState
2019-10-18 08:20:07,089 [grpc-default-executor-5] INFO  impl.RoleInfo (RoleInfo.java:updateAndGet(143)) - bc0382cc-50e2-4d58-b2de-e8b6250f3520: start FollowerState
2019-10-18 08:20:07,089 [Thread-1578] INFO  impl.FollowerState (FollowerState.java:run(117)) - bc0382cc-50e2-4d58-b2de-e8b6250f3520@group-5EC277DF3249-FollowerState was interrupted: java.lang.InterruptedException: sleep interrupted
2019-10-18 08:20:07,103 [47aecc56-7e95-480d-b89c-2c00d33b4782@group-5EC277DF3249-LeaderElection143] INFO  impl.LeaderElection (LeaderElection.java:logAndReturn(56)) - 47aecc56-7e95-480d-b89c-2c00d33b4782@group-5EC277DF3249-LeaderElection143: Election REJECTED; received 2 response(s) [47aecc56-7e95-480d-b89c-2c00d33b4782<-1bc296c6-def6-4ae4-8c62-5b4c951a28f1#0:FAIL-t142, 47aecc56-7e95-480d-b89c-2c00d33b4782<-bc0382cc-50e2-4d58-b2de-e8b6250f3520#0:FAIL-t142] and 0 exception(s); 47aecc56-7e95-480d-b89c-2c00d33b4782@group-5EC277DF3249:t142, leader=null, voted=47aecc56-7e95-480d-b89c-2c00d33b4782, raftlog=47aecc56-7e95-480d-b89c-2c00d33b4782@group-5EC277DF3249-SegmentedRaftLog:OPENED:c-1,f-1,i0, conf=-1: [47aecc56-7e95-480d-b89c-2c00d33b4782:192.168.69.67:34550, 1bc296c6-def6-4ae4-8c62-5b4c951a28f1:192.168.69.67:37222, bc0382cc-50e2-4d58-b2de-e8b6250f3520:192.168.69.67:37666], old=null
2019-10-18 08:20:07,103 [47aecc56-7e95-480d-b89c-2c00d33b4782@group-5EC277DF3249-LeaderElection143] INFO  impl.RaftServerImpl (RaftServerImpl.java:setRole(184)) - 47aecc56-7e95-480d-b89c-2c00d33b4782@group-5EC277DF3249: changes role from CANDIDATE to FOLLOWER at term 142 for DISCOVERED_A_NEW_TERM
2019-10-18 08:20:07,103 [47aecc56-7e95-480d-b89c-2c00d33b4782@group-5EC277DF3249-LeaderElection143] INFO  impl.RoleInfo (RoleInfo.java:shutdownLeaderElection(134)) - 47aecc56-7e95-480d-b89c-2c00d33b4782: shutdown LeaderElection
2019-10-18 08:20:07,103 [47aecc56-7e95-480d-b89c-2c00d33b4782@group-5EC277DF3249-LeaderElection143] INFO  impl.RoleInfo (RoleInfo.java:updateAndGet(143)) - 47aecc56-7e95-480d-b89c-2c00d33b4782: start FollowerState
2019-10-18 08:20:07,121 [Thread-1585] INFO  impl.FollowerState (FollowerState.java:run(108)) - 47aecc56-7e95-480d-b89c-2c00d33b4782@group-5EC277DF3249-FollowerState: change to CANDIDATE, lastRpcTime:18ms, electionTimeout:18ms
2019-10-18 08:20:07,121 [Thread-1585] INFO  impl.RoleInfo (RoleInfo.java:shutdownFollowerState(121)) - 47aecc56-7e95-480d-b89c-2c00d33b4782: shutdown FollowerState
2019-10-18 08:20:07,121 [Thread-1585] INFO  impl.RaftServerImpl (RaftServerImpl.java:setRole(184)) - 47aecc56-7e95-480d-b89c-2c00d33b4782@group-5EC277DF3249: changes role from  FOLLOWER to CANDIDATE at term 142 for changeToCandidate
2019-10-18 08:20:07,122 [Thread-1585] INFO  impl.RoleInfo (RoleInfo.java:updateAndGet(143)) - 47aecc56-7e95-480d-b89c-2c00d33b4782: start LeaderElection
2019-10-18 08:20:07,135 [47aecc56-7e95-480d-b89c-2c00d33b4782@group-5EC277DF3249-LeaderElection144] INFO  impl.LeaderElection (LeaderElection.java:askForVotes(178)) - 47aecc56-7e95-480d-b89c-2c00d33b4782@group-5EC277DF3249-LeaderElection144: begin an election at term 143 for -1: [47aecc56-7e95-480d-b89c-2c00d33b4782:192.168.69.67:34550, 1bc296c6-def6-4ae4-8c62-5b4c951a28f1:192.168.69.67:37222, bc0382cc-50e2-4d58-b2de-e8b6250f3520:192.168.69.67:37666], old=null
2019-10-18 08:20:07,137 [grpc-default-executor-7] INFO  impl.RaftServerImpl (RaftServerImpl.java:setRole(184)) - 1bc296c6-def6-4ae4-8c62-5b4c951a28f1@group-5EC277DF3249: changes role from  FOLLOWER to FOLLOWER at term 143 for recognizeCandidate:47aecc56-7e95-480d-b89c-2c00d33b4782
2019-10-18 08:20:07,137 [grpc-default-executor-7] INFO  impl.RoleInfo (RoleInfo.java:shutdownFollowerState(121)) - 1bc296c6-def6-4ae4-8c62-5b4c951a28f1: shutdown FollowerState
2019-10-18 08:20:07,137 [grpc-default-executor-5] INFO  impl.RaftServerImpl (RaftServerImpl.java:setRole(184)) - bc0382cc-50e2-4d58-b2de-e8b6250f3520@group-5EC277DF3249: changes role from  FOLLOWER to FOLLOWER at term 143 for recognizeCandidate:47aecc56-7e95-480d-b89c-2c00d33b4782
2019-10-18 08:20:07,137 [Thread-1583] INFO  impl.FollowerState (FollowerState.java:run(117)) - 1bc296c6-def6-4ae4-8c62-5b4c951a28f1@group-5EC277DF3249-FollowerState was interrupted: java.lang.InterruptedException: sleep interrupted
2019-10-18 08:20:07,137 [grpc-default-executor-7] INFO  impl.RoleInfo (RoleInfo.java:updateAndGet(143)) - 1bc296c6-def6-4ae4-8c62-5b4c951a28f1: start FollowerState
2019-10-18 08:20:07,137 [grpc-default-executor-5] INFO  impl.RoleInfo (RoleInfo.java:shutdownFollowerState(121)) - bc0382cc-50e2-4d58-b2de-e8b6250f3520: shutdown FollowerState
2019-10-18 08:20:07,137 [grpc-default-executor-5] INFO  impl.RoleInfo (RoleInfo.java:updateAndGet(143)) - bc0382cc-50e2-4d58-b2de-e8b6250f3520: start FollowerState
2019-10-18 08:20:07,138 [Thread-1584] INFO  impl.FollowerState (FollowerState.java:run(117)) - bc0382cc-50e2-4d58-b2de-e8b6250f3520@group-5EC277DF3249-FollowerState was interrupted: java.lang.InterruptedException: sleep interrupted
2019-10-18 08:20:07,151 [47aecc56-7e95-480d-b89c-2c00d33b4782@group-5EC277DF3249-LeaderElection144] INFO  impl.LeaderElection (LeaderElection.java:logAndReturn(56)) - 47aecc56-7e95-480d-b89c-2c00d33b4782@group-5EC277DF3249-LeaderElection144: Election REJECTED; received 2 response(s) [47aecc56-7e95-480d-b89c-2c00d33b4782<-1bc296c6-def6-4ae4-8c62-5b4c951a28f1#0:FAIL-t143, 47aecc56-7e95-480d-b89c-2c00d33b4782<-bc0382cc-50e2-4d58-b2de-e8b6250f3520#0:FAIL-t143] and 0 exception(s); 47aecc56-7e95-480d-b89c-2c00d33b4782@group-5EC277DF3249:t143, leader=null, voted=47aecc56-7e95-480d-b89c-2c00d33b4782, raftlog=47aecc56-7e95-480d-b89c-2c00d33b4782@group-5EC277DF3249-SegmentedRaftLog:OPENED:c-1,f-1,i0, conf=-1: [47aecc56-7e95-480d-b89c-2c00d33b4782:192.168.69.67:34550, 1bc296c6-def6-4ae4-8c62-5b4c951a28f1:192.168.69.67:37222, bc0382cc-50e2-4d58-b2de-e8b6250f3520:192.168.69.67:37666], old=null
2019-10-18 08:20:07,152 [47aecc56-7e95-480d-b89c-2c00d33b4782@group-5EC277DF3249-LeaderElection144] INFO  impl.RaftServerImpl (RaftServerImpl.java:setRole(184)) - 47aecc56-7e95-480d-b89c-2c00d33b4782@group-5EC277DF3249: changes role from CANDIDATE to FOLLOWER at term 143 for DISCOVERED_A_NEW_TERM
2019-10-18 08:20:07,152 [47aecc56-7e95-480d-b89c-2c00d33b4782@group-5EC277DF3249-LeaderElection144] INFO  impl.RoleInfo (RoleInfo.java:shutdownLeaderElection(134)) - 47aecc56-7e95-480d-b89c-2c00d33b4782: shutdown LeaderElection
2019-10-18 08:20:07,152 [47aecc56-7e95-480d-b89c-2c00d33b4782@group-5EC277DF3249-LeaderElection144] INFO  impl.RoleInfo (RoleInfo.java:updateAndGet(143)) - 47aecc56-7e95-480d-b89c-2c00d33b4782: start FollowerState
 0.00% |?                                                                                                    |  0/1 Time: 0:04:152019-10-18 08:20:07,295 [Thread-1591] INFO  impl.FollowerState (FollowerState.java:run(108)) - 47aecc56-7e95-480d-b89c-2c00d33b4782@group-5EC277DF3249-FollowerState: change to CANDIDATE, lastRpcTime:143ms, electionTimeout:143ms
2019-10-18 08:20:07,295 [Thread-1591] INFO  impl.RoleInfo (RoleInfo.java:shutdownFollowerState(121)) - 47aecc56-7e95-480d-b89c-2c00d33b4782: shutdown FollowerState
2019-10-18 08:20:07,295 [Thread-1591] INFO  impl.RaftServerImpl (RaftServerImpl.java:setRole(184)) - 47aecc56-7e95-480d-b89c-2c00d33b4782@group-5EC277DF3249: changes role from  FOLLOWER to CANDIDATE at term 143 for changeToCandidate
2019-10-18 08:20:07,296 [Thread-1591] INFO  impl.RoleInfo (RoleInfo.java:updateAndGet(143)) - 47aecc56-7e95-480d-b89c-2c00d33b4782: start LeaderElection
2019-10-18 08:20:07,310 [47aecc56-7e95-480d-b89c-2c00d33b4782@group-5EC277DF3249-LeaderElection145] INFO  impl.LeaderElection (LeaderElection.java:askForVotes(178)) - 47aecc56-7e95-480d-b89c-2c00d33b4782@group-5EC277DF3249-LeaderElection145: begin an election at term 144 for -1: [47aecc56-7e95-480d-b89c-2c00d33b4782:192.168.69.67:34550, 1bc296c6-def6-4ae4-8c62-5b4c951a28f1:192.168.69.67:37222, bc0382cc-50e2-4d58-b2de-e8b6250f3520:192.168.69.67:37666], old=null
2019-10-18 08:20:07,311 [grpc-default-executor-7] INFO  impl.RaftServerImpl (RaftServerImpl.java:setRole(184)) - 1bc296c6-def6-4ae4-8c62-5b4c951a28f1@group-5EC277DF3249: changes role from  FOLLOWER to FOLLOWER at term 144 for recognizeCandidate:47aecc56-7e95-480d-b89c-2c00d33b4782
2019-10-18 08:20:07,312 [grpc-default-executor-5] INFO  impl.RaftServerImpl (RaftServerImpl.java:setRole(184)) - bc0382cc-50e2-4d58-b2de-e8b6250f3520@group-5EC277DF3249: changes role from  FOLLOWER to FOLLOWER at term 144 for recognizeCandidate:47aecc56-7e95-480d-b89c-2c00d33b4782
2019-10-18 08:20:07,312 [grpc-default-executor-7] INFO  impl.RoleInfo (RoleInfo.java:shutdownFollowerState(121)) - 1bc296c6-def6-4ae4-8c62-5b4c951a28f1: shutdown FollowerState
2019-10-18 08:20:07,312 [grpc-default-executor-5] INFO  impl.RoleInfo (RoleInfo.java:shutdownFollowerState(121)) - bc0382cc-50e2-4d58-b2de-e8b6250f3520: shutdown FollowerState
2019-10-18 08:20:07,312 [grpc-default-executor-7] INFO  impl.RoleInfo (RoleInfo.java:updateAndGet(143)) - 1bc296c6-def6-4ae4-8c62-5b4c951a28f1: start FollowerState
2019-10-18 08:20:07,312 [Thread-1590] INFO  impl.FollowerState (FollowerState.java:run(117)) - bc0382cc-50e2-4d58-b2de-e8b6250f3520@group-5EC277DF3249-FollowerState was interrupted: java.lang.InterruptedException: sleep interrupted
2019-10-18 08:20:07,312 [grpc-default-executor-5] INFO  impl.RoleInfo (RoleInfo.java:updateAndGet(143)) - bc0382cc-50e2-4d58-b2de-e8b6250f3520: start FollowerState
2019-10-18 08:20:07,312 [Thread-1589] INFO  impl.FollowerState (FollowerState.java:run(117)) - 1bc296c6-def6-4ae4-8c62-5b4c951a28f1@group-5EC277DF3249-FollowerState was interrupted: java.lang.InterruptedException: sleep interrupted
2019-10-18 08:20:07,326 [47aecc56-7e95-480d-b89c-2c00d33b4782@group-5EC277DF3249-LeaderElection145] INFO  impl.LeaderElection (LeaderElection.java:logAndReturn(56)) - 47aecc56-7e95-480d-b89c-2c00d33b4782@group-5EC277DF3249-LeaderElection145: Election REJECTED; received 2 response(s) [47aecc56-7e95-480d-b89c-2c00d33b4782<-1bc296c6-def6-4ae4-8c62-5b4c951a28f1#0:FAIL-t144, 47aecc56-7e95-480d-b89c-2c00d33b4782<-bc0382cc-50e2-4d58-b2de-e8b6250f3520#0:FAIL-t144] and 0 exception(s); 47aecc56-7e95-480d-b89c-2c00d33b4782@group-5EC277DF3249:t144, leader=null, voted=47aecc56-7e95-480d-b89c-2c00d33b4782, raftlog=47aecc56-7e95-480d-b89c-2c00d33b4782@group-5EC277DF3249-SegmentedRaftLog:OPENED:c-1,f-1,i0, conf=-1: [47aecc56-7e95-480d-b89c-2c00d33b4782:192.168.69.67:34550, 1bc296c6-def6-4ae4-8c62-5b4c951a28f1:192.168.69.67:37222, bc0382cc-50e2-4d58-b2de-e8b6250f3520:192.168.69.67:37666], old=null
2019-10-18 08:20:07,326 [47aecc56-7e95-480d-b89c-2c00d33b4782@group-5EC277DF3249-LeaderElection145] INFO  impl.RaftServerImpl (RaftServerImpl.java:setRole(184)) - 47aecc56-7e95-480d-b89c-2c00d33b4782@group-5EC277DF3249: changes role from CANDIDATE to FOLLOWER at term 144 for DISCOVERED_A_NEW_TERM
2019-10-18 08:20:07,327 [47aecc56-7e95-480d-b89c-2c00d33b4782@group-5EC277DF3249-LeaderElection145] INFO  impl.RoleInfo (RoleInfo.java:shutdownLeaderElection(134)) - 47aecc56-7e95-480d-b89c-2c00d33b4782: shutdown LeaderElection
2019-10-18 08:20:07,327 [47aecc56-7e95-480d-b89c-2c00d33b4782@group-5EC277DF3249-LeaderElection145] INFO  impl.RoleInfo (RoleInfo.java:updateAndGet(143)) - 47aecc56-7e95-480d-b89c-2c00d33b4782: start FollowerState
2019-10-18 08:20:07,482 [Thread-1597] INFO  impl.FollowerState (FollowerState.java:run(108)) - 47aecc56-7e95-480d-b89c-2c00d33b4782@group-5EC277DF3249-FollowerState: change to CANDIDATE, lastRpcTime:155ms, electionTimeout:155ms
2019-10-18 08:20:07,482 [Thread-1597] INFO  impl.RoleInfo (RoleInfo.java:shutdownFollowerState(121)) - 47aecc56-7e95-480d-b89c-2c00d33b4782: shutdown FollowerState
2019-10-18 08:20:07,482 [Thread-1597] INFO  impl.RaftServerImpl (RaftServerImpl.java:setRole(184)) - 47aecc56-7e95-480d-b89c-2c00d33b4782@group-5EC277DF3249: changes role from  FOLLOWER to CANDIDATE at term 144 for changeToCandidate
2019-10-18 08:20:07,483 [Thread-1597] INFO  impl.RoleInfo (RoleInfo.java:updateAndGet(143)) - 47aecc56-7e95-480d-b89c-2c00d33b4782: start LeaderElection
2019-10-18 08:20:07,497 [47aecc56-7e95-480d-b89c-2c00d33b4782@group-5EC277DF3249-LeaderElection146] INFO  impl.LeaderElection (LeaderElection.java:askForVotes(178)) - 47aecc56-7e95-480d-b89c-2c00d33b4782@group-5EC277DF3249-LeaderElection146: begin an election at term 145 for -1: [47aecc56-7e95-480d-b89c-2c00d33b4782:192.168.69.67:34550, 1bc296c6-def6-4ae4-8c62-5b4c951a28f1:192.168.69.67:37222, bc0382cc-50e2-4d58-b2de-e8b6250f3520:192.168.69.67:37666], old=null
2019-10-18 08:20:07,499 [47aecc56-7e95-480d-b89c-2c00d33b4782@group-5EC277DF3249-LeaderElection146] INFO  impl.LeaderElection (LeaderElection.java:logAndReturn(56)) - 47aecc56-7e95-480d-b89c-2c00d33b4782@group-5EC277DF3249-LeaderElection146: Election TIMEOUT; received 0 response(s) [] and 0 exception(s); 47aecc56-7e95-480d-b89c-2c00d33b4782@group-5EC277DF3249:t145, leader=null, voted=47aecc56-7e95-480d-b89c-2c00d33b4782, raftlog=47aecc56-7e95-480d-b89c-2c00d33b4782@group-5EC277DF3249-SegmentedRaftLog:OPENED:c-1,f-1,i0, conf=-1: [47aecc56-7e95-480d-b89c-2c00d33b4782:192.168.69.67:34550, 1bc296c6-def6-4ae4-8c62-5b4c951a28f1:192.168.69.67:37222, bc0382cc-50e2-4d58-b2de-e8b6250f3520:192.168.69.67:37666], old=null
2019-10-18 08:20:07,499 [grpc-default-executor-5] INFO  impl.RaftServerImpl (RaftServerImpl.java:setRole(184)) - 1bc296c6-def6-4ae4-8c62-5b4c951a28f1@group-5EC277DF3249: changes role from  FOLLOWER to FOLLOWER at term 145 for recognizeCandidate:47aecc56-7e95-480d-b89c-2c00d33b4782
2019-10-18 08:20:07,499 [grpc-default-executor-7] INFO  impl.RaftServerImpl (RaftServerImpl.java:setRole(184)) - bc0382cc-50e2-4d58-b2de-e8b6250f3520@group-5EC277DF3249: changes role from  FOLLOWER to FOLLOWER at term 145 for recognizeCandidate:47aecc56-7e95-480d-b89c-2c00d33b4782
2019-10-18 08:20:07,499 [grpc-default-executor-5] INFO  impl.RoleInfo (RoleInfo.java:shutdownFollowerState(121)) - 1bc296c6-def6-4ae4-8c62-5b4c951a28f1: shutdown FollowerState
2019-10-18 08:20:07,500 [grpc-default-executor-7] INFO  impl.RoleInfo (RoleInfo.java:shutdownFollowerState(121)) - bc0382cc-50e2-4d58-b2de-e8b6250f3520: shutdown FollowerState
2019-10-18 08:20:07,500 [Thread-1595] INFO  impl.FollowerState (FollowerState.java:run(117)) - 1bc296c6-def6-4ae4-8c62-5b4c951a28f1@group-5EC277DF3249-FollowerState was interrupted: java.lang.InterruptedException: sleep interrupted
2019-10-18 08:20:07,500 [grpc-default-executor-5] INFO  impl.RoleInfo (RoleInfo.java:updateAndGet(143)) - 1bc296c6-def6-4ae4-8c62-5b4c951a28f1: start FollowerState
2019-10-18 08:20:07,500 [Thread-1596] INFO  impl.FollowerState (FollowerState.java:run(117)) - bc0382cc-50e2-4d58-b2de-e8b6250f3520@group-5EC277DF3249-FollowerState was interrupted: java.lang.InterruptedException: sleep interrupted
2019-10-18 08:20:07,500 [grpc-default-executor-7] INFO  impl.RoleInfo (RoleInfo.java:updateAndGet(143)) - bc0382cc-50e2-4d58-b2de-e8b6250f3520: start FollowerState
2019-10-18 08:20:07,512 [47aecc56-7e95-480d-b89c-2c00d33b4782@group-5EC277DF3249-LeaderElection146] INFO  impl.LeaderElection (LeaderElection.java:askForVotes(178)) - 47aecc56-7e95-480d-b89c-2c00d33b4782@group-5EC277DF3249-LeaderElection146: begin an election at term 146 for -1: [47aecc56-7e95-480d-b89c-2c00d33b4782:192.168.69.67:34550, 1bc296c6-def6-4ae4-8c62-5b4c951a28f1:192.168.69.67:37222, bc0382cc-50e2-4d58-b2de-e8b6250f3520:192.168.69.67:37666], old=null
2019-10-18 08:20:07,514 [grpc-default-executor-5] INFO  impl.RaftServerImpl (RaftServerImpl.java:setRole(184)) - 1bc296c6-def6-4ae4-8c62-5b4c951a28f1@group-5EC277DF3249: changes role from  FOLLOWER to FOLLOWER at term 146 for recognizeCandidate:47aecc56-7e95-480d-b89c-2c00d33b4782
2019-10-18 08:20:07,515 [grpc-default-executor-7] INFO  impl.RaftServerImpl (RaftServerImpl.java:setRole(184)) - bc0382cc-50e2-4d58-b2de-e8b6250f3520@group-5EC277DF3249: changes role from  FOLLOWER to FOLLOWER at term 146 for recognizeCandidate:47aecc56-7e95-480d-b89c-2c00d33b4782
2019-10-18 08:20:07,515 [grpc-default-executor-5] INFO  impl.RoleInfo (RoleInfo.java:shutdownFollowerState(121)) - 1bc296c6-def6-4ae4-8c62-5b4c951a28f1: shutdown FollowerState
2019-10-18 08:20:07,515 [grpc-default-executor-7] INFO  impl.RoleInfo (RoleInfo.java:shutdownFollowerState(121)) - bc0382cc-50e2-4d58-b2de-e8b6250f3520: shutdown FollowerState
2019-10-18 08:20:07,515 [Thread-1601] INFO  impl.FollowerState (FollowerState.java:run(117)) - 1bc296c6-def6-4ae4-8c62-5b4c951a28f1@group-5EC277DF3249-FollowerState was interrupted: java.lang.InterruptedException: sleep interrupted
2019-10-18 08:20:07,515 [grpc-default-executor-5] INFO  impl.RoleInfo (RoleInfo.java:updateAndGet(143)) - 1bc296c6-def6-4ae4-8c62-5b4c951a28f1: start FollowerState
2019-10-18 08:20:07,515 [Thread-1602] INFO  impl.FollowerState (FollowerState.java:run(117)) - bc0382cc-50e2-4d58-b2de-e8b6250f3520@group-5EC277DF3249-FollowerState was interrupted: java.lang.InterruptedException: sleep interrupted
2019-10-18 08:20:07,515 [grpc-default-executor-7] INFO  impl.RoleInfo (RoleInfo.java:updateAndGet(143)) - bc0382cc-50e2-4d58-b2de-e8b6250f3520: start FollowerState
2019-10-18 08:20:07,528 [47aecc56-7e95-480d-b89c-2c00d33b4782@group-5EC277DF3249-LeaderElection146] INFO  impl.LeaderElection (LeaderElection.java:logAndReturn(56)) - 47aecc56-7e95-480d-b89c-2c00d33b4782@group-5EC277DF3249-LeaderElection146: Election REJECTED; received 2 response(s) [47aecc56-7e95-480d-b89c-2c00d33b4782<-1bc296c6-def6-4ae4-8c62-5b4c951a28f1#0:FAIL-t146, 47aecc56-7e95-480d-b89c-2c00d33b4782<-bc0382cc-50e2-4d58-b2de-e8b6250f3520#0:FAIL-t146] and 0 exception(s); 47aecc56-7e95-480d-b89c-2c00d33b4782@group-5EC277DF3249:t146, leader=null, voted=47aecc56-7e95-480d-b89c-2c00d33b4782, raftlog=47aecc56-7e95-480d-b89c-2c00d33b4782@group-5EC277DF3249-SegmentedRaftLog:OPENED:c-1,f-1,i0, conf=-1: [47aecc56-7e95-480d-b89c-2c00d33b4782:192.168.69.67:34550, 1bc296c6-def6-4ae4-8c62-5b4c951a28f1:192.168.69.67:37222, bc0382cc-50e2-4d58-b2de-e8b6250f3520:192.168.69.67:37666], old=null
2019-10-18 08:20:07,528 [47aecc56-7e95-480d-b89c-2c00d33b4782@group-5EC277DF3249-LeaderElection146] INFO  impl.RaftServerImpl (RaftServerImpl.java:setRole(184)) - 47aecc56-7e95-480d-b89c-2c00d33b4782@group-5EC277DF3249: changes role from CANDIDATE to FOLLOWER at term 146 for DISCOVERED_A_NEW_TERM
2019-10-18 08:20:07,528 [47aecc56-7e95-480d-b89c-2c00d33b4782@group-5EC277DF3249-LeaderElection146] INFO  impl.RoleInfo (RoleInfo.java:shutdownLeaderElection(134)) - 47aecc56-7e95-480d-b89c-2c00d33b4782: shutdown LeaderElection
2019-10-18 08:20:07,529 [47aecc56-7e95-480d-b89c-2c00d33b4782@group-5EC277DF3249-LeaderElection146] INFO  impl.RoleInfo (RoleInfo.java:updateAndGet(143)) - 47aecc56-7e95-480d-b89c-2c00d33b4782: start FollowerState
2019-10-18 08:20:07,588 [Thread-1607] INFO  impl.FollowerState (FollowerState.java:run(108)) - 47aecc56-7e95-480d-b89c-2c00d33b4782@group-5EC277DF3249-FollowerState: change to CANDIDATE, lastRpcTime:59ms, electionTimeout:59ms
2019-10-18 08:20:07,588 [Thread-1607] INFO  impl.RoleInfo (RoleInfo.java:shutdownFollowerState(121)) - 47aecc56-7e95-480d-b89c-2c00d33b4782: shutdown FollowerState
2019-10-18 08:20:07,588 [Thread-1607] INFO  impl.RaftServerImpl (RaftServerImpl.java:setRole(184)) - 47aecc56-7e95-480d-b89c-2c00d33b4782@group-5EC277DF3249: changes role from  FOLLOWER to CANDIDATE at term 146 for changeToCandidate
2019-10-18 08:20:07,588 [Thread-1607] INFO  impl.RoleInfo (RoleInfo.java:updateAndGet(143)) - 47aecc56-7e95-480d-b89c-2c00d33b4782: start LeaderElection
2019-10-18 08:20:07,613 [47aecc56-7e95-480d-b89c-2c00d33b4782@group-5EC277DF3249-LeaderElection147] INFO  impl.LeaderElection (LeaderElection.java:askForVotes(178)) - 47aecc56-7e95-480d-b89c-2c00d33b4782@group-5EC277DF3249-LeaderElection147: begin an election at term 147 for -1: [47aecc56-7e95-480d-b89c-2c00d33b4782:192.168.69.67:34550, 1bc296c6-def6-4ae4-8c62-5b4c951a28f1:192.168.69.67:37222, bc0382cc-50e2-4d58-b2de-e8b6250f3520:192.168.69.67:37666], old=null
2019-10-18 08:20:07,615 [grpc-default-executor-5] INFO  impl.RaftServerImpl (RaftServerImpl.java:setRole(184)) - 1bc296c6-def6-4ae4-8c62-5b4c951a28f1@group-5EC277DF3249: changes role from  FOLLOWER to FOLLOWER at term 147 for recognizeCandidate:47aecc56-7e95-480d-b89c-2c00d33b4782
2019-10-18 08:20:07,615 [grpc-default-executor-5] INFO  impl.RoleInfo (RoleInfo.java:shutdownFollowerState(121)) - 1bc296c6-def6-4ae4-8c62-5b4c951a28f1: shutdown FollowerState
2019-10-18 08:20:07,615 [grpc-default-executor-7] INFO  impl.RaftServerImpl (RaftServerImpl.java:setRole(184)) - bc0382cc-50e2-4d58-b2de-e8b6250f3520@group-5EC277DF3249: changes role from  FOLLOWER to FOLLOWER at term 147 for recognizeCandidate:47aecc56-7e95-480d-b89c-2c00d33b4782
2019-10-18 08:20:07,615 [grpc-default-executor-5] INFO  impl.RoleInfo (RoleInfo.java:updateAndGet(143)) - 1bc296c6-def6-4ae4-8c62-5b4c951a28f1: start FollowerState
2019-10-18 08:20:07,615 [Thread-1605] INFO  impl.FollowerState (FollowerState.java:run(117)) - 1bc296c6-def6-4ae4-8c62-5b4c951a28f1@group-5EC277DF3249-FollowerState was interrupted: java.lang.InterruptedException: sleep interrupted
2019-10-18 08:20:07,615 [grpc-default-executor-7] INFO  impl.RoleInfo (RoleInfo.java:shutdownFollowerState(121)) - bc0382cc-50e2-4d58-b2de-e8b6250f3520: shutdown FollowerState
2019-10-18 08:20:07,616 [grpc-default-executor-7] INFO  impl.RoleInfo (RoleInfo.java:updateAndGet(143)) - bc0382cc-50e2-4d58-b2de-e8b6250f3520: start FollowerState
2019-10-18 08:20:07,616 [Thread-1606] INFO  impl.FollowerState (FollowerState.java:run(117)) - bc0382cc-50e2-4d58-b2de-e8b6250f3520@group-5EC277DF3249-FollowerState was interrupted: java.lang.InterruptedException: sleep interrupted
2019-10-18 08:20:07,630 [47aecc56-7e95-480d-b89c-2c00d33b4782@group-5EC277DF3249-LeaderElection147] INFO  impl.LeaderElection (LeaderElection.java:logAndReturn(56)) - 47aecc56-7e95-480d-b89c-2c00d33b4782@group-5EC277DF3249-LeaderElection147: Election REJECTED; received 2 response(s) [47aecc56-7e95-480d-b89c-2c00d33b4782<-1bc296c6-def6-4ae4-8c62-5b4c951a28f1#0:FAIL-t147, 47aecc56-7e95-480d-b89c-2c00d33b4782<-bc0382cc-50e2-4d58-b2de-e8b6250f3520#0:FAIL-t147] and 0 exception(s); 47aecc56-7e95-480d-b89c-2c00d33b4782@group-5EC277DF3249:t147, leader=null, voted=47aecc56-7e95-480d-b89c-2c00d33b4782, raftlog=47aecc56-7e95-480d-b89c-2c00d33b4782@group-5EC277DF3249-SegmentedRaftLog:OPENED:c-1,f-1,i0, conf=-1: [47aecc56-7e95-480d-b89c-2c00d33b4782:192.168.69.67:34550, 1bc296c6-def6-4ae4-8c62-5b4c951a28f1:192.168.69.67:37222, bc0382cc-50e2-4d58-b2de-e8b6250f3520:192.168.69.67:37666], old=null
2019-10-18 08:20:07,630 [47aecc56-7e95-480d-b89c-2c00d33b4782@group-5EC277DF3249-LeaderElection147] INFO  impl.RaftServerImpl (RaftServerImpl.java:setRole(184)) - 47aecc56-7e95-480d-b89c-2c00d33b4782@group-5EC277DF3249: changes role from CANDIDATE to FOLLOWER at term 147 for DISCOVERED_A_NEW_TERM
2019-10-18 08:20:07,630 [47aecc56-7e95-480d-b89c-2c00d33b4782@group-5EC277DF3249-LeaderElection147] INFO  impl.RoleInfo (RoleInfo.java:shutdownLeaderElection(134)) - 47aecc56-7e95-480d-b89c-2c00d33b4782: shutdown LeaderElection
2019-10-18 08:20:07,630 [47aecc56-7e95-480d-b89c-2c00d33b4782@group-5EC277DF3249-LeaderElection147] INFO  impl.RoleInfo (RoleInfo.java:updateAndGet(143)) - 47aecc56-7e95-480d-b89c-2c00d33b4782: start FollowerState
2019-10-18 08:20:07,768 [Thread-1613] INFO  impl.FollowerState (FollowerState.java:run(108)) - 47aecc56-7e95-480d-b89c-2c00d33b4782@group-5EC277DF3249-FollowerState: change to CANDIDATE, lastRpcTime:138ms, electionTimeout:138ms
2019-10-18 08:20:07,768 [Thread-1613] INFO  impl.RoleInfo (RoleInfo.java:shutdownFollowerState(121)) - 47aecc56-7e95-480d-b89c-2c00d33b4782: shutdown FollowerState
2019-10-18 08:20:07,769 [Thread-1613] INFO  impl.RaftServerImpl (RaftServerImpl.java:setRole(184)) - 47aecc56-7e95-480d-b89c-2c00d33b4782@group-5EC277DF3249: changes role from  FOLLOWER to CANDIDATE at term 147 for changeToCandidate
2019-10-18 08:20:07,769 [Thread-1613] INFO  impl.RoleInfo (RoleInfo.java:updateAndGet(143)) - 47aecc56-7e95-480d-b89c-2c00d33b4782: start LeaderElection
2019-10-18 08:20:07,783 [47aecc56-7e95-480d-b89c-2c00d33b4782@group-5EC277DF3249-LeaderElection148] INFO  impl.LeaderElection (LeaderElection.java:askForVotes(178)) - 47aecc56-7e95-480d-b89c-2c00d33b4782@group-5EC277DF3249-LeaderElection148: begin an election at term 148 for -1: [47aecc56-7e95-480d-b89c-2c00d33b4782:192.168.69.67:34550, 1bc296c6-def6-4ae4-8c62-5b4c951a28f1:192.168.69.67:37222, bc0382cc-50e2-4d58-b2de-e8b6250f3520:192.168.69.67:37666], old=null
2019-10-18 08:20:07,784 [grpc-default-executor-7] INFO  impl.RaftServerImpl (RaftServerImpl.java:setRole(184)) - 1bc296c6-def6-4ae4-8c62-5b4c951a28f1@group-5EC277DF3249: changes role from  FOLLOWER to FOLLOWER at term 148 for recognizeCandidate:47aecc56-7e95-480d-b89c-2c00d33b4782
2019-10-18 08:20:07,784 [grpc-default-executor-5] INFO  impl.RaftServerImpl (RaftServerImpl.java:setRole(184)) - bc0382cc-50e2-4d58-b2de-e8b6250f3520@group-5EC277DF3249: changes role from  FOLLOWER to FOLLOWER at term 148 for recognizeCandidate:47aecc56-7e95-480d-b89c-2c00d33b4782
2019-10-18 08:20:07,784 [grpc-default-executor-7] INFO  impl.RoleInfo (RoleInfo.java:shutdownFollowerState(121)) - 1bc296c6-def6-4ae4-8c62-5b4c951a28f1: shutdown FollowerState
2019-10-18 08:20:07,785 [grpc-default-executor-5] INFO  impl.RoleInfo (RoleInfo.java:shutdownFollowerState(121)) - bc0382cc-50e2-4d58-b2de-e8b6250f3520: shutdown FollowerState
2019-10-18 08:20:07,785 [Thread-1611] INFO  impl.FollowerState (FollowerState.java:run(117)) - 1bc296c6-def6-4ae4-8c62-5b4c951a28f1@group-5EC277DF3249-FollowerState was interrupted: java.lang.InterruptedException: sleep interrupted
2019-10-18 08:20:07,785 [grpc-default-executor-7] INFO  impl.RoleInfo (RoleInfo.java:updateAndGet(143)) - 1bc296c6-def6-4ae4-8c62-5b4c951a28f1: start FollowerState
2019-10-18 08:20:07,785 [Thread-1612] INFO  impl.FollowerState (FollowerState.java:run(117)) - bc0382cc-50e2-4d58-b2de-e8b6250f3520@group-5EC277DF3249-FollowerState was interrupted: java.lang.InterruptedException: sleep interrupted
2019-10-18 08:20:07,785 [grpc-default-executor-5] INFO  impl.RoleInfo (RoleInfo.java:updateAndGet(143)) - bc0382cc-50e2-4d58-b2de-e8b6250f3520: start FollowerState
2019-10-18 08:20:07,785 [47aecc56-7e95-480d-b89c-2c00d33b4782@group-5EC277DF3249-LeaderElection148] INFO  impl.LeaderElection (LeaderElection.java:logAndReturn(56)) - 47aecc56-7e95-480d-b89c-2c00d33b4782@group-5EC277DF3249-LeaderElection148: Election TIMEOUT; received 0 response(s) [] and 0 exception(s); 47aecc56-7e95-480d-b89c-2c00d33b4782@group-5EC277DF3249:t148, leader=null, voted=47aecc56-7e95-480d-b89c-2c00d33b4782, raftlog=47aecc56-7e95-480d-b89c-2c00d33b4782@group-5EC277DF3249-SegmentedRaftLog:OPENED:c-1,f-1,i0, conf=-1: [47aecc56-7e95-480d-b89c-2c00d33b4782:192.168.69.67:34550, 1bc296c6-def6-4ae4-8c62-5b4c951a28f1:192.168.69.67:37222, bc0382cc-50e2-4d58-b2de-e8b6250f3520:192.168.69.67:37666], old=null
2019-10-18 08:20:07,824 [47aecc56-7e95-480d-b89c-2c00d33b4782@group-5EC277DF3249-LeaderElection148] INFO  impl.LeaderElection (LeaderElection.java:askForVotes(178)) - 47aecc56-7e95-480d-b89c-2c00d33b4782@group-5EC277DF3249-LeaderElection148: begin an election at term 149 for -1: [47aecc56-7e95-480d-b89c-2c00d33b4782:192.168.69.67:34550, 1bc296c6-def6-4ae4-8c62-5b4c951a28f1:192.168.69.67:37222, bc0382cc-50e2-4d58-b2de-e8b6250f3520:192.168.69.67:37666], old=null
2019-10-18 08:20:07,825 [grpc-default-executor-5] INFO  impl.RaftServerImpl (RaftServerImpl.java:setRole(184)) - 1bc296c6-def6-4ae4-8c62-5b4c951a28f1@group-5EC277DF3249: changes role from  FOLLOWER to FOLLOWER at term 149 for recognizeCandidate:47aecc56-7e95-480d-b89c-2c00d33b4782
2019-10-18 08:20:07,825 [grpc-default-executor-5] INFO  impl.RoleInfo (RoleInfo.java:shutdownFollowerState(121)) - 1bc296c6-def6-4ae4-8c62-5b4c951a28f1: shutdown FollowerState
2019-10-18 08:20:07,826 [grpc-default-executor-5] INFO  impl.RoleInfo (RoleInfo.java:updateAndGet(143)) - 1bc296c6-def6-4ae4-8c62-5b4c951a28f1: start FollowerState
2019-10-18 08:20:07,826 [Thread-1617] INFO  impl.FollowerState (FollowerState.java:run(117)) - 1bc296c6-def6-4ae4-8c62-5b4c951a28f1@group-5EC277DF3249-FollowerState was interrupted: java.lang.InterruptedException: sleep interrupted
2019-10-18 08:20:07,826 [grpc-default-executor-7] INFO  impl.RaftServerImpl (RaftServerImpl.java:setRole(184)) - bc0382cc-50e2-4d58-b2de-e8b6250f3520@group-5EC277DF3249: changes role from  FOLLOWER to FOLLOWER at term 149 for recognizeCandidate:47aecc56-7e95-480d-b89c-2c00d33b4782
2019-10-18 08:20:07,826 [grpc-default-executor-7] INFO  impl.RoleInfo (RoleInfo.java:shutdownFollowerState(121)) - bc0382cc-50e2-4d58-b2de-e8b6250f3520: shutdown FollowerState
2019-10-18 08:20:07,826 [grpc-default-executor-7] INFO  impl.RoleInfo (RoleInfo.java:updateAndGet(143)) - bc0382cc-50e2-4d58-b2de-e8b6250f3520: start FollowerState
2019-10-18 08:20:07,826 [Thread-1618] INFO  impl.FollowerState (FollowerState.java:run(117)) - bc0382cc-50e2-4d58-b2de-e8b6250f3520@group-5EC277DF3249-FollowerState was interrupted: java.lang.InterruptedException: sleep interrupted
2019-10-18 08:20:07,845 [47aecc56-7e95-480d-b89c-2c00d33b4782@group-5EC277DF3249-LeaderElection148] INFO  impl.LeaderElection (LeaderElection.java:logAndReturn(56)) - 47aecc56-7e95-480d-b89c-2c00d33b4782@group-5EC277DF3249-LeaderElection148: Election REJECTED; received 2 response(s) [47aecc56-7e95-480d-b89c-2c00d33b4782<-1bc296c6-def6-4ae4-8c62-5b4c951a28f1#0:FAIL-t149, 47aecc56-7e95-480d-b89c-2c00d33b4782<-bc0382cc-50e2-4d58-b2de-e8b6250f3520#0:FAIL-t149] and 0 exception(s); 47aecc56-7e95-480d-b89c-2c00d33b4782@group-5EC277DF3249:t149, leader=null, voted=47aecc56-7e95-480d-b89c-2c00d33b4782, raftlog=47aecc56-7e95-480d-b89c-2c00d33b4782@group-5EC277DF3249-SegmentedRaftLog:OPENED:c-1,f-1,i0, conf=-1: [47aecc56-7e95-480d-b89c-2c00d33b4782:192.168.69.67:34550, 1bc296c6-def6-4ae4-8c62-5b4c951a28f1:192.168.69.67:37222, bc0382cc-50e2-4d58-b2de-e8b6250f3520:192.168.69.67:37666], old=null
2019-10-18 08:20:07,846 [47aecc56-7e95-480d-b89c-2c00d33b4782@group-5EC277DF3249-LeaderElection148] INFO  impl.RaftServerImpl (RaftServerImpl.java:setRole(184)) - 47aecc56-7e95-480d-b89c-2c00d33b4782@group-5EC277DF3249: changes role from CANDIDATE to FOLLOWER at term 149 for DISCOVERED_A_NEW_TERM
2019-10-18 08:20:07,846 [47aecc56-7e95-480d-b89c-2c00d33b4782@group-5EC277DF3249-LeaderElection148] INFO  impl.RoleInfo (RoleInfo.java:shutdownLeaderElection(134)) - 47aecc56-7e95-480d-b89c-2c00d33b4782: shutdown LeaderElection
2019-10-18 08:20:07,846 [47aecc56-7e95-480d-b89c-2c00d33b4782@group-5EC277DF3249-LeaderElection148] INFO  impl.RoleInfo (RoleInfo.java:updateAndGet(143)) - 47aecc56-7e95-480d-b89c-2c00d33b4782: start FollowerState
2019-10-18 08:20:07,889 [Thread-1625] INFO  impl.FollowerState (FollowerState.java:run(108)) - 47aecc56-7e95-480d-b89c-2c00d33b4782@group-5EC277DF3249-FollowerState: change to CANDIDATE, lastRpcTime:43ms, electionTimeout:43ms
2019-10-18 08:20:07,889 [Thread-1625] INFO  impl.RoleInfo (RoleInfo.java:shutdownFollowerState(121)) - 47aecc56-7e95-480d-b89c-2c00d33b4782: shutdown FollowerState
2019-10-18 08:20:07,890 [Thread-1625] INFO  impl.RaftServerImpl (RaftServerImpl.java:setRole(184)) - 47aecc56-7e95-480d-b89c-2c00d33b4782@group-5EC277DF3249: changes role from  FOLLOWER to CANDIDATE at term 149 for changeToCandidate
2019-10-18 08:20:07,890 [Thread-1625] INFO  impl.RoleInfo (RoleInfo.java:updateAndGet(143)) - 47aecc56-7e95-480d-b89c-2c00d33b4782: start LeaderElection
2019-10-18 08:20:07,916 [47aecc56-7e95-480d-b89c-2c00d33b4782@group-5EC277DF3249-LeaderElection149] INFO  impl.LeaderElection (LeaderElection.java:askForVotes(178)) - 47aecc56-7e95-480d-b89c-2c00d33b4782@group-5EC277DF3249-LeaderElection149: begin an election at term 150 for -1: [47aecc56-7e95-480d-b89c-2c00d33b4782:192.168.69.67:34550, 1bc296c6-def6-4ae4-8c62-5b4c951a28f1:192.168.69.67:37222, bc0382cc-50e2-4d58-b2de-e8b6250f3520:192.168.69.67:37666], old=null
2019-10-18 08:20:07,917 [grpc-default-executor-5] INFO  impl.RaftServerImpl (RaftServerImpl.java:setRole(184)) - 1bc296c6-def6-4ae4-8c62-5b4c951a28f1@group-5EC277DF3249: changes role from  FOLLOWER to FOLLOWER at term 150 for recognizeCandidate:47aecc56-7e95-480d-b89c-2c00d33b4782
2019-10-18 08:20:07,917 [grpc-default-executor-5] INFO  impl.RoleInfo (RoleInfo.java:shutdownFollowerState(121)) - 1bc296c6-def6-4ae4-8c62-5b4c951a28f1: shutdown FollowerState
2019-10-18 08:20:07,917 [grpc-default-executor-7] INFO  impl.RaftServerImpl (RaftServerImpl.java:setRole(184)) - bc0382cc-50e2-4d58-b2de-e8b6250f3520@group-5EC277DF3249: changes role from  FOLLOWER to FOLLOWER at term 150 for recognizeCandidate:47aecc56-7e95-480d-b89c-2c00d33b4782
2019-10-18 08:20:07,918 [Thread-1623] INFO  impl.FollowerState (FollowerState.java:run(117)) - 1bc296c6-def6-4ae4-8c62-5b4c951a28f1@group-5EC277DF3249-FollowerState was interrupted: java.lang.InterruptedException: sleep interrupted
2019-10-18 08:20:07,918 [grpc-default-executor-5] INFO  impl.RoleInfo (RoleInfo.java:updateAndGet(143)) - 1bc296c6-def6-4ae4-8c62-5b4c951a28f1: start FollowerState
2019-10-18 08:20:07,918 [grpc-default-executor-7] INFO  impl.RoleInfo (RoleInfo.java:shutdownFollowerState(121)) - bc0382cc-50e2-4d58-b2de-e8b6250f3520: shutdown FollowerState
2019-10-18 08:20:07,918 [grpc-default-executor-7] INFO  impl.RoleInfo (RoleInfo.java:updateAndGet(143)) - bc0382cc-50e2-4d58-b2de-e8b6250f3520: start FollowerState
2019-10-18 08:20:07,918 [Thread-1624] INFO  impl.FollowerState (FollowerState.java:run(117)) - bc0382cc-50e2-4d58-b2de-e8b6250f3520@group-5EC277DF3249-FollowerState was interrupted: java.lang.InterruptedException: sleep interrupted
2019-10-18 08:20:07,932 [47aecc56-7e95-480d-b89c-2c00d33b4782@group-5EC277DF3249-LeaderElection149] INFO  impl.LeaderElection (LeaderElection.java:logAndReturn(56)) - 47aecc56-7e95-480d-b89c-2c00d33b4782@group-5EC277DF3249-LeaderElection149: Election REJECTED; received 2 response(s) [47aecc56-7e95-480d-b89c-2c00d33b4782<-1bc296c6-def6-4ae4-8c62-5b4c951a28f1#0:FAIL-t150, 47aecc56-7e95-480d-b89c-2c00d33b4782<-bc0382cc-50e2-4d58-b2de-e8b6250f3520#0:FAIL-t150] and 0 exception(s); 47aecc56-7e95-480d-b89c-2c00d33b4782@group-5EC277DF3249:t150, leader=null, voted=47aecc56-7e95-480d-b89c-2c00d33b4782, raftlog=47aecc56-7e95-480d-b89c-2c00d33b4782@group-5EC277DF3249-SegmentedRaftLog:OPENED:c-1,f-1,i0, conf=-1: [47aecc56-7e95-480d-b89c-2c00d33b4782:192.168.69.67:34550, 1bc296c6-def6-4ae4-8c62-5b4c951a28f1:192.168.69.67:37222, bc0382cc-50e2-4d58-b2de-e8b6250f3520:192.168.69.67:37666], old=null
2019-10-18 08:20:07,932 [47aecc56-7e95-480d-b89c-2c00d33b4782@group-5EC277DF3249-LeaderElection149] INFO  impl.RaftServerImpl (RaftServerImpl.java:setRole(184)) - 47aecc56-7e95-480d-b89c-2c00d33b4782@group-5EC277DF3249: changes role from CANDIDATE to FOLLOWER at term 150 for DISCOVERED_A_NEW_TERM
2019-10-18 08:20:07,932 [47aecc56-7e95-480d-b89c-2c00d33b4782@group-5EC277DF3249-LeaderElection149] INFO  impl.RoleInfo (RoleInfo.java:shutdownLeaderElection(134)) - 47aecc56-7e95-480d-b89c-2c00d33b4782: shutdown LeaderElection
2019-10-18 08:20:07,933 [47aecc56-7e95-480d-b89c-2c00d33b4782@group-5EC277DF3249-LeaderElection149] INFO  impl.RoleInfo (RoleInfo.java:updateAndGet(143)) - 47aecc56-7e95-480d-b89c-2c00d33b4782: start FollowerState
2019-10-18 08:20:07,997 [Thread-1631] INFO  impl.FollowerState (FollowerState.java:run(108)) - 47aecc56-7e95-480d-b89c-2c00d33b4782@group-5EC277DF3249-FollowerState: change to CANDIDATE, lastRpcTime:64ms, electionTimeout:64ms
2019-10-18 08:20:07,997 [Thread-1631] INFO  impl.RoleInfo (RoleInfo.java:shutdownFollowerState(121)) - 47aecc56-7e95-480d-b89c-2c00d33b4782: shutdown FollowerState
2019-10-18 08:20:07,997 [Thread-1631] INFO  impl.RaftServerImpl (RaftServerImpl.java:setRole(184)) - 47aecc56-7e95-480d-b89c-2c00d33b4782@group-5EC277DF3249: changes role from  FOLLOWER to CANDIDATE at term 150 for changeToCandidate
2019-10-18 08:20:07,997 [Thread-1631] INFO  impl.RoleInfo (RoleInfo.java:updateAndGet(143)) - 47aecc56-7e95-480d-b89c-2c00d33b4782: start LeaderElection
2019-10-18 08:20:08,012 [47aecc56-7e95-480d-b89c-2c00d33b4782@group-5EC277DF3249-LeaderElection150] INFO  impl.LeaderElection (LeaderElection.java:askForVotes(178)) - 47aecc56-7e95-480d-b89c-2c00d33b4782@group-5EC277DF3249-LeaderElection150: begin an election at term 151 for -1: [47aecc56-7e95-480d-b89c-2c00d33b4782:192.168.69.67:34550, 1bc296c6-def6-4ae4-8c62-5b4c951a28f1:192.168.69.67:37222, bc0382cc-50e2-4d58-b2de-e8b6250f3520:192.168.69.67:37666], old=null
2019-10-18 08:20:08,014 [grpc-default-executor-7] INFO  impl.RaftServerImpl (RaftServerImpl.java:setRole(184)) - bc0382cc-50e2-4d58-b2de-e8b6250f3520@group-5EC277DF3249: changes role from  FOLLOWER to FOLLOWER at term 151 for recognizeCandidate:47aecc56-7e95-480d-b89c-2c00d33b4782
2019-10-18 08:20:08,014 [grpc-default-executor-7] INFO  impl.RoleInfo (RoleInfo.java:shutdownFollowerState(121)) - bc0382cc-50e2-4d58-b2de-e8b6250f3520: shutdown FollowerState
2019-10-18 08:20:08,014 [grpc-default-executor-5] INFO  impl.RaftServerImpl (RaftServerImpl.java:setRole(184)) - 1bc296c6-def6-4ae4-8c62-5b4c951a28f1@group-5EC277DF3249: changes role from  FOLLOWER to FOLLOWER at term 151 for recognizeCandidate:47aecc56-7e95-480d-b89c-2c00d33b4782
2019-10-18 08:20:08,014 [Thread-1630] INFO  impl.FollowerState (FollowerState.java:run(117)) - bc0382cc-50e2-4d58-b2de-e8b6250f3520@group-5EC277DF3249-FollowerState was interrupted: java.lang.InterruptedException: sleep interrupted
2019-10-18 08:20:08,014 [grpc-default-executor-7] INFO  impl.RoleInfo (RoleInfo.java:updateAndGet(143)) - bc0382cc-50e2-4d58-b2de-e8b6250f3520: start FollowerState
2019-10-18 08:20:08,014 [grpc-default-executor-5] INFO  impl.RoleInfo (RoleInfo.java:shutdownFollowerState(121)) - 1bc296c6-def6-4ae4-8c62-5b4c951a28f1: shutdown FollowerState
2019-10-18 08:20:08,015 [grpc-default-executor-5] INFO  impl.RoleInfo (RoleInfo.java:updateAndGet(143)) - 1bc296c6-def6-4ae4-8c62-5b4c951a28f1: start FollowerState
2019-10-18 08:20:08,015 [Thread-1629] INFO  impl.FollowerState (FollowerState.java:run(117)) - 1bc296c6-def6-4ae4-8c62-5b4c951a28f1@group-5EC277DF3249-FollowerState was interrupted: java.lang.InterruptedException: sleep interrupted
2019-10-18 08:20:08,029 [47aecc56-7e95-480d-b89c-2c00d33b4782@group-5EC277DF3249-LeaderElection150] INFO  impl.LeaderElection (LeaderElection.java:logAndReturn(56)) - 47aecc56-7e95-480d-b89c-2c00d33b4782@group-5EC277DF3249-LeaderElection150: Election REJECTED; received 2 response(s) [47aecc56-7e95-480d-b89c-2c00d33b4782<-1bc296c6-def6-4ae4-8c62-5b4c951a28f1#0:FAIL-t151, 47aecc56-7e95-480d-b89c-2c00d33b4782<-bc0382cc-50e2-4d58-b2de-e8b6250f3520#0:FAIL-t151] and 0 exception(s); 47aecc56-7e95-480d-b89c-2c00d33b4782@group-5EC277DF3249:t151, leader=null, voted=47aecc56-7e95-480d-b89c-2c00d33b4782, raftlog=47aecc56-7e95-480d-b89c-2c00d33b4782@group-5EC277DF3249-SegmentedRaftLog:OPENED:c-1,f-1,i0, conf=-1: [47aecc56-7e95-480d-b89c-2c00d33b4782:192.168.69.67:34550, 1bc296c6-def6-4ae4-8c62-5b4c951a28f1:192.168.69.67:37222, bc0382cc-50e2-4d58-b2de-e8b6250f3520:192.168.69.67:37666], old=null
2019-10-18 08:20:08,029 [47aecc56-7e95-480d-b89c-2c00d33b4782@group-5EC277DF3249-LeaderElection150] INFO  impl.RaftServerImpl (RaftServerImpl.java:setRole(184)) - 47aecc56-7e95-480d-b89c-2c00d33b4782@group-5EC277DF3249: changes role from CANDIDATE to FOLLOWER at term 151 for DISCOVERED_A_NEW_TERM
2019-10-18 08:20:08,029 [47aecc56-7e95-480d-b89c-2c00d33b4782@group-5EC277DF3249-LeaderElection150] INFO  impl.RoleInfo (RoleInfo.java:shutdownLeaderElection(134)) - 47aecc56-7e95-480d-b89c-2c00d33b4782: shutdown LeaderElection
2019-10-18 08:20:08,029 [47aecc56-7e95-480d-b89c-2c00d33b4782@group-5EC277DF3249-LeaderElection150] INFO  impl.RoleInfo (RoleInfo.java:updateAndGet(143)) - 47aecc56-7e95-480d-b89c-2c00d33b4782: start FollowerState
 0.00% |?                                                                                                    |  0/1 Time: 0:04:162019-10-18 08:20:08,207 [Thread-1637] INFO  impl.FollowerState (FollowerState.java:run(108)) - 47aecc56-7e95-480d-b89c-2c00d33b4782@group-5EC277DF3249-FollowerState: change to CANDIDATE, lastRpcTime:177ms, electionTimeout:177ms
2019-10-18 08:20:08,207 [Thread-1637] INFO  impl.RoleInfo (RoleInfo.java:shutdownFollowerState(121)) - 47aecc56-7e95-480d-b89c-2c00d33b4782: shutdown FollowerState
2019-10-18 08:20:08,207 [Thread-1637] INFO  impl.RaftServerImpl (RaftServerImpl.java:setRole(184)) - 47aecc56-7e95-480d-b89c-2c00d33b4782@group-5EC277DF3249: changes role from  FOLLOWER to CANDIDATE at term 151 for changeToCandidate
2019-10-18 08:20:08,207 [Thread-1637] INFO  impl.RoleInfo (RoleInfo.java:updateAndGet(143)) - 47aecc56-7e95-480d-b89c-2c00d33b4782: start LeaderElection
2019-10-18 08:20:08,233 [47aecc56-7e95-480d-b89c-2c00d33b4782@group-5EC277DF3249-LeaderElection151] INFO  impl.LeaderElection (LeaderElection.java:askForVotes(178)) - 47aecc56-7e95-480d-b89c-2c00d33b4782@group-5EC277DF3249-LeaderElection151: begin an election at term 152 for -1: [47aecc56-7e95-480d-b89c-2c00d33b4782:192.168.69.67:34550, 1bc296c6-def6-4ae4-8c62-5b4c951a28f1:192.168.69.67:37222, bc0382cc-50e2-4d58-b2de-e8b6250f3520:192.168.69.67:37666], old=null
2019-10-18 08:20:08,234 [grpc-default-executor-5] INFO  impl.RaftServerImpl (RaftServerImpl.java:setRole(184)) - bc0382cc-50e2-4d58-b2de-e8b6250f3520@group-5EC277DF3249: changes role from  FOLLOWER to FOLLOWER at term 152 for recognizeCandidate:47aecc56-7e95-480d-b89c-2c00d33b4782
2019-10-18 08:20:08,235 [grpc-default-executor-5] INFO  impl.RoleInfo (RoleInfo.java:shutdownFollowerState(121)) - bc0382cc-50e2-4d58-b2de-e8b6250f3520: shutdown FollowerState
2019-10-18 08:20:08,235 [grpc-default-executor-7] INFO  impl.RaftServerImpl (RaftServerImpl.java:setRole(184)) - 1bc296c6-def6-4ae4-8c62-5b4c951a28f1@group-5EC277DF3249: changes role from  FOLLOWER to FOLLOWER at term 152 for recognizeCandidate:47aecc56-7e95-480d-b89c-2c00d33b4782
2019-10-18 08:20:08,235 [Thread-1635] INFO  impl.FollowerState (FollowerState.java:run(117)) - bc0382cc-50e2-4d58-b2de-e8b6250f3520@group-5EC277DF3249-FollowerState was interrupted: java.lang.InterruptedException: sleep interrupted
2019-10-18 08:20:08,235 [grpc-default-executor-5] INFO  impl.RoleInfo (RoleInfo.java:updateAndGet(143)) - bc0382cc-50e2-4d58-b2de-e8b6250f3520: start FollowerState
2019-10-18 08:20:08,235 [grpc-default-executor-7] INFO  impl.RoleInfo (RoleInfo.java:shutdownFollowerState(121)) - 1bc296c6-def6-4ae4-8c62-5b4c951a28f1: shutdown FollowerState
2019-10-18 08:20:08,235 [grpc-default-executor-7] INFO  impl.RoleInfo (RoleInfo.java:updateAndGet(143)) - 1bc296c6-def6-4ae4-8c62-5b4c951a28f1: start FollowerState
2019-10-18 08:20:08,235 [Thread-1636] INFO  impl.FollowerState (FollowerState.java:run(117)) - 1bc296c6-def6-4ae4-8c62-5b4c951a28f1@group-5EC277DF3249-FollowerState was interrupted: java.lang.InterruptedException: sleep interrupted
2019-10-18 08:20:08,244 [47aecc56-7e95-480d-b89c-2c00d33b4782@group-5EC277DF3249-LeaderElection151] INFO  impl.LeaderElection (LeaderElection.java:logAndReturn(56)) - 47aecc56-7e95-480d-b89c-2c00d33b4782@group-5EC277DF3249-LeaderElection151: Election TIMEOUT; received 0 response(s) [] and 0 exception(s); 47aecc56-7e95-480d-b89c-2c00d33b4782@group-5EC277DF3249:t152, leader=null, voted=47aecc56-7e95-480d-b89c-2c00d33b4782, raftlog=47aecc56-7e95-480d-b89c-2c00d33b4782@group-5EC277DF3249-SegmentedRaftLog:OPENED:c-1,f-1,i0, conf=-1: [47aecc56-7e95-480d-b89c-2c00d33b4782:192.168.69.67:34550, 1bc296c6-def6-4ae4-8c62-5b4c951a28f1:192.168.69.67:37222, bc0382cc-50e2-4d58-b2de-e8b6250f3520:192.168.69.67:37666], old=null
2019-10-18 08:20:08,249 [47aecc56-7e95-480d-b89c-2c00d33b4782@group-5EC277DF3249-LeaderElection151] INFO  impl.LeaderElection (LeaderElection.java:askForVotes(178)) - 47aecc56-7e95-480d-b89c-2c00d33b4782@group-5EC277DF3249-LeaderElection151: begin an election at term 153 for -1: [47aecc56-7e95-480d-b89c-2c00d33b4782:192.168.69.67:34550, 1bc296c6-def6-4ae4-8c62-5b4c951a28f1:192.168.69.67:37222, bc0382cc-50e2-4d58-b2de-e8b6250f3520:192.168.69.67:37666], old=null
2019-10-18 08:20:08,250 [grpc-default-executor-5] INFO  impl.RaftServerImpl (RaftServerImpl.java:setRole(184)) - 1bc296c6-def6-4ae4-8c62-5b4c951a28f1@group-5EC277DF3249: changes role from  FOLLOWER to FOLLOWER at term 153 for recognizeCandidate:47aecc56-7e95-480d-b89c-2c00d33b4782
2019-10-18 08:20:08,250 [grpc-default-executor-7] INFO  impl.RaftServerImpl (RaftServerImpl.java:setRole(184)) - bc0382cc-50e2-4d58-b2de-e8b6250f3520@group-5EC277DF3249: changes role from  FOLLOWER to FOLLOWER at term 153 for recognizeCandidate:47aecc56-7e95-480d-b89c-2c00d33b4782
2019-10-18 08:20:08,251 [grpc-default-executor-5] INFO  impl.RoleInfo (RoleInfo.java:shutdownFollowerState(121)) - 1bc296c6-def6-4ae4-8c62-5b4c951a28f1: shutdown FollowerState
2019-10-18 08:20:08,251 [grpc-default-executor-7] INFO  impl.RoleInfo (RoleInfo.java:shutdownFollowerState(121)) - bc0382cc-50e2-4d58-b2de-e8b6250f3520: shutdown FollowerState
2019-10-18 08:20:08,251 [grpc-default-executor-7] INFO  impl.RoleInfo (RoleInfo.java:updateAndGet(143)) - bc0382cc-50e2-4d58-b2de-e8b6250f3520: start FollowerState
2019-10-18 08:20:08,251 [Thread-1642] INFO  impl.FollowerState (FollowerState.java:run(117)) - 1bc296c6-def6-4ae4-8c62-5b4c951a28f1@group-5EC277DF3249-FollowerState was interrupted: java.lang.InterruptedException: sleep interrupted
2019-10-18 08:20:08,251 [grpc-default-executor-5] INFO  impl.RoleInfo (RoleInfo.java:updateAndGet(143)) - 1bc296c6-def6-4ae4-8c62-5b4c951a28f1: start FollowerState
2019-10-18 08:20:08,251 [Thread-1641] INFO  impl.FollowerState (FollowerState.java:run(117)) - bc0382cc-50e2-4d58-b2de-e8b6250f3520@group-5EC277DF3249-FollowerState was interrupted: java.lang.InterruptedException: sleep interrupted
2019-10-18 08:20:08,265 [47aecc56-7e95-480d-b89c-2c00d33b4782@group-5EC277DF3249-LeaderElection151] INFO  impl.LeaderElection (LeaderElection.java:logAndReturn(56)) - 47aecc56-7e95-480d-b89c-2c00d33b4782@group-5EC277DF3249-LeaderElection151: Election REJECTED; received 2 response(s) [47aecc56-7e95-480d-b89c-2c00d33b4782<-1bc296c6-def6-4ae4-8c62-5b4c951a28f1#0:FAIL-t153, 47aecc56-7e95-480d-b89c-2c00d33b4782<-bc0382cc-50e2-4d58-b2de-e8b6250f3520#0:FAIL-t153] and 0 exception(s); 47aecc56-7e95-480d-b89c-2c00d33b4782@group-5EC277DF3249:t153, leader=null, voted=47aecc56-7e95-480d-b89c-2c00d33b4782, raftlog=47aecc56-7e95-480d-b89c-2c00d33b4782@group-5EC277DF3249-SegmentedRaftLog:OPENED:c-1,f-1,i0, conf=-1: [47aecc56-7e95-480d-b89c-2c00d33b4782:192.168.69.67:34550, 1bc296c6-def6-4ae4-8c62-5b4c951a28f1:192.168.69.67:37222, bc0382cc-50e2-4d58-b2de-e8b6250f3520:192.168.69.67:37666], old=null
2019-10-18 08:20:08,266 [47aecc56-7e95-480d-b89c-2c00d33b4782@group-5EC277DF3249-LeaderElection151] INFO  impl.RaftServerImpl (RaftServerImpl.java:setRole(184)) - 47aecc56-7e95-480d-b89c-2c00d33b4782@group-5EC277DF3249: changes role from CANDIDATE to FOLLOWER at term 153 for DISCOVERED_A_NEW_TERM
2019-10-18 08:20:08,266 [47aecc56-7e95-480d-b89c-2c00d33b4782@group-5EC277DF3249-LeaderElection151] INFO  impl.RoleInfo (RoleInfo.java:shutdownLeaderElection(134)) - 47aecc56-7e95-480d-b89c-2c00d33b4782: shutdown LeaderElection
2019-10-18 08:20:08,266 [47aecc56-7e95-480d-b89c-2c00d33b4782@group-5EC277DF3249-LeaderElection151] INFO  impl.RoleInfo (RoleInfo.java:updateAndGet(143)) - 47aecc56-7e95-480d-b89c-2c00d33b4782: start FollowerState
2019-10-18 08:20:08,426 [Thread-1647] INFO  impl.FollowerState (FollowerState.java:run(108)) - 47aecc56-7e95-480d-b89c-2c00d33b4782@group-5EC277DF3249-FollowerState: change to CANDIDATE, lastRpcTime:160ms, electionTimeout:160ms
2019-10-18 08:20:08,426 [Thread-1647] INFO  impl.RoleInfo (RoleInfo.java:shutdownFollowerState(121)) - 47aecc56-7e95-480d-b89c-2c00d33b4782: shutdown FollowerState
2019-10-18 08:20:08,426 [Thread-1647] INFO  impl.RaftServerImpl (RaftServerImpl.java:setRole(184)) - 47aecc56-7e95-480d-b89c-2c00d33b4782@group-5EC277DF3249: changes role from  FOLLOWER to CANDIDATE at term 153 for changeToCandidate
2019-10-18 08:20:08,427 [Thread-1647] INFO  impl.RoleInfo (RoleInfo.java:updateAndGet(143)) - 47aecc56-7e95-480d-b89c-2c00d33b4782: start LeaderElection
2019-10-18 08:20:08,440 [47aecc56-7e95-480d-b89c-2c00d33b4782@group-5EC277DF3249-LeaderElection152] INFO  impl.LeaderElection (LeaderElection.java:askForVotes(178)) - 47aecc56-7e95-480d-b89c-2c00d33b4782@group-5EC277DF3249-LeaderElection152: begin an election at term 154 for -1: [47aecc56-7e95-480d-b89c-2c00d33b4782:192.168.69.67:34550, 1bc296c6-def6-4ae4-8c62-5b4c951a28f1:192.168.69.67:37222, bc0382cc-50e2-4d58-b2de-e8b6250f3520:192.168.69.67:37666], old=null
2019-10-18 08:20:08,442 [grpc-default-executor-7] INFO  impl.RaftServerImpl (RaftServerImpl.java:setRole(184)) - 1bc296c6-def6-4ae4-8c62-5b4c951a28f1@group-5EC277DF3249: changes role from  FOLLOWER to FOLLOWER at term 154 for recognizeCandidate:47aecc56-7e95-480d-b89c-2c00d33b4782
2019-10-18 08:20:08,442 [grpc-default-executor-7] INFO  impl.RoleInfo (RoleInfo.java:shutdownFollowerState(121)) - 1bc296c6-def6-4ae4-8c62-5b4c951a28f1: shutdown FollowerState
2019-10-18 08:20:08,442 [grpc-default-executor-5] INFO  impl.RaftServerImpl (RaftServerImpl.java:setRole(184)) - bc0382cc-50e2-4d58-b2de-e8b6250f3520@group-5EC277DF3249: changes role from  FOLLOWER to FOLLOWER at term 154 for recognizeCandidate:47aecc56-7e95-480d-b89c-2c00d33b4782
2019-10-18 08:20:08,442 [Thread-1645] INFO  impl.FollowerState (FollowerState.java:run(117)) - 1bc296c6-def6-4ae4-8c62-5b4c951a28f1@group-5EC277DF3249-FollowerState was interrupted: java.lang.InterruptedException: sleep interrupted
2019-10-18 08:20:08,442 [grpc-default-executor-7] INFO  impl.RoleInfo (RoleInfo.java:updateAndGet(143)) - 1bc296c6-def6-4ae4-8c62-5b4c951a28f1: start FollowerState
2019-10-18 08:20:08,443 [grpc-default-executor-5] INFO  impl.RoleInfo (RoleInfo.java:shutdownFollowerState(121)) - bc0382cc-50e2-4d58-b2de-e8b6250f3520: shutdown FollowerState
2019-10-18 08:20:08,443 [grpc-default-executor-5] INFO  impl.RoleInfo (RoleInfo.java:updateAndGet(143)) - bc0382cc-50e2-4d58-b2de-e8b6250f3520: start FollowerState
2019-10-18 08:20:08,443 [Thread-1646] INFO  impl.FollowerState (FollowerState.java:run(117)) - bc0382cc-50e2-4d58-b2de-e8b6250f3520@group-5EC277DF3249-FollowerState was interrupted: java.lang.InterruptedException: sleep interrupted
2019-10-18 08:20:08,458 [47aecc56-7e95-480d-b89c-2c00d33b4782@group-5EC277DF3249-LeaderElection152] INFO  impl.LeaderElection (LeaderElection.java:logAndReturn(56)) - 47aecc56-7e95-480d-b89c-2c00d33b4782@group-5EC277DF3249-LeaderElection152: Election REJECTED; received 2 response(s) [47aecc56-7e95-480d-b89c-2c00d33b4782<-1bc296c6-def6-4ae4-8c62-5b4c951a28f1#0:FAIL-t154, 47aecc56-7e95-480d-b89c-2c00d33b4782<-bc0382cc-50e2-4d58-b2de-e8b6250f3520#0:FAIL-t154] and 0 exception(s); 47aecc56-7e95-480d-b89c-2c00d33b4782@group-5EC277DF3249:t154, leader=null, voted=47aecc56-7e95-480d-b89c-2c00d33b4782, raftlog=47aecc56-7e95-480d-b89c-2c00d33b4782@group-5EC277DF3249-SegmentedRaftLog:OPENED:c-1,f-1,i0, conf=-1: [47aecc56-7e95-480d-b89c-2c00d33b4782:192.168.69.67:34550, 1bc296c6-def6-4ae4-8c62-5b4c951a28f1:192.168.69.67:37222, bc0382cc-50e2-4d58-b2de-e8b6250f3520:192.168.69.67:37666], old=null
2019-10-18 08:20:08,458 [47aecc56-7e95-480d-b89c-2c00d33b4782@group-5EC277DF3249-LeaderElection152] INFO  impl.RaftServerImpl (RaftServerImpl.java:setRole(184)) - 47aecc56-7e95-480d-b89c-2c00d33b4782@group-5EC277DF3249: changes role from CANDIDATE to FOLLOWER at term 154 for DISCOVERED_A_NEW_TERM
2019-10-18 08:20:08,458 [47aecc56-7e95-480d-b89c-2c00d33b4782@group-5EC277DF3249-LeaderElection152] INFO  impl.RoleInfo (RoleInfo.java:shutdownLeaderElection(134)) - 47aecc56-7e95-480d-b89c-2c00d33b4782: shutdown LeaderElection
2019-10-18 08:20:08,458 [47aecc56-7e95-480d-b89c-2c00d33b4782@group-5EC277DF3249-LeaderElection152] INFO  impl.RoleInfo (RoleInfo.java:updateAndGet(143)) - 47aecc56-7e95-480d-b89c-2c00d33b4782: start FollowerState
2019-10-18 08:20:08,600 [Thread-1653] INFO  impl.FollowerState (FollowerState.java:run(108)) - 47aecc56-7e95-480d-b89c-2c00d33b4782@group-5EC277DF3249-FollowerState: change to CANDIDATE, lastRpcTime:141ms, electionTimeout:141ms
2019-10-18 08:20:08,600 [Thread-1653] INFO  impl.RoleInfo (RoleInfo.java:shutdownFollowerState(121)) - 47aecc56-7e95-480d-b89c-2c00d33b4782: shutdown FollowerState
2019-10-18 08:20:08,600 [Thread-1653] INFO  impl.RaftServerImpl (RaftServerImpl.java:setRole(184)) - 47aecc56-7e95-480d-b89c-2c00d33b4782@group-5EC277DF3249: changes role from  FOLLOWER to CANDIDATE at term 154 for changeToCandidate
2019-10-18 08:20:08,600 [Thread-1653] INFO  impl.RoleInfo (RoleInfo.java:updateAndGet(143)) - 47aecc56-7e95-480d-b89c-2c00d33b4782: start LeaderElection
2019-10-18 08:20:08,615 [47aecc56-7e95-480d-b89c-2c00d33b4782@group-5EC277DF3249-LeaderElection153] INFO  impl.LeaderElection (LeaderElection.java:askForVotes(178)) - 47aecc56-7e95-480d-b89c-2c00d33b4782@group-5EC277DF3249-LeaderElection153: begin an election at term 155 for -1: [47aecc56-7e95-480d-b89c-2c00d33b4782:192.168.69.67:34550, 1bc296c6-def6-4ae4-8c62-5b4c951a28f1:192.168.69.67:37222, bc0382cc-50e2-4d58-b2de-e8b6250f3520:192.168.69.67:37666], old=null
2019-10-18 08:20:08,617 [grpc-default-executor-7] INFO  impl.RaftServerImpl (RaftServerImpl.java:setRole(184)) - 1bc296c6-def6-4ae4-8c62-5b4c951a28f1@group-5EC277DF3249: changes role from  FOLLOWER to FOLLOWER at term 155 for recognizeCandidate:47aecc56-7e95-480d-b89c-2c00d33b4782
2019-10-18 08:20:08,617 [grpc-default-executor-7] INFO  impl.RoleInfo (RoleInfo.java:shutdownFollowerState(121)) - 1bc296c6-def6-4ae4-8c62-5b4c951a28f1: shutdown FollowerState
2019-10-18 08:20:08,617 [grpc-default-executor-5] INFO  impl.RaftServerImpl (RaftServerImpl.java:setRole(184)) - bc0382cc-50e2-4d58-b2de-e8b6250f3520@group-5EC277DF3249: changes role from  FOLLOWER to FOLLOWER at term 155 for recognizeCandidate:47aecc56-7e95-480d-b89c-2c00d33b4782
2019-10-18 08:20:08,617 [grpc-default-executor-5] INFO  impl.RoleInfo (RoleInfo.java:shutdownFollowerState(121)) - bc0382cc-50e2-4d58-b2de-e8b6250f3520: shutdown FollowerState
2019-10-18 08:20:08,617 [Thread-1651] INFO  impl.FollowerState (FollowerState.java:run(117)) - 1bc296c6-def6-4ae4-8c62-5b4c951a28f1@group-5EC277DF3249-FollowerState was interrupted: java.lang.InterruptedException: sleep interrupted
2019-10-18 08:20:08,617 [grpc-default-executor-7] INFO  impl.RoleInfo (RoleInfo.java:updateAndGet(143)) - 1bc296c6-def6-4ae4-8c62-5b4c951a28f1: start FollowerState
2019-10-18 08:20:08,618 [Thread-1652] INFO  impl.FollowerState (FollowerState.java:run(117)) - bc0382cc-50e2-4d58-b2de-e8b6250f3520@group-5EC277DF3249-FollowerState was interrupted: java.lang.InterruptedException: sleep interrupted
2019-10-18 08:20:08,617 [grpc-default-executor-5] INFO  impl.RoleInfo (RoleInfo.java:updateAndGet(143)) - bc0382cc-50e2-4d58-b2de-e8b6250f3520: start FollowerState
2019-10-18 08:20:08,641 [47aecc56-7e95-480d-b89c-2c00d33b4782@group-5EC277DF3249-LeaderElection153] INFO  impl.LeaderElection (LeaderElection.java:logAndReturn(56)) - 47aecc56-7e95-480d-b89c-2c00d33b4782@group-5EC277DF3249-LeaderElection153: Election REJECTED; received 2 response(s) [47aecc56-7e95-480d-b89c-2c00d33b4782<-1bc296c6-def6-4ae4-8c62-5b4c951a28f1#0:FAIL-t155, 47aecc56-7e95-480d-b89c-2c00d33b4782<-bc0382cc-50e2-4d58-b2de-e8b6250f3520#0:FAIL-t155] and 0 exception(s); 47aecc56-7e95-480d-b89c-2c00d33b4782@group-5EC277DF3249:t155, leader=null, voted=47aecc56-7e95-480d-b89c-2c00d33b4782, raftlog=47aecc56-7e95-480d-b89c-2c00d33b4782@group-5EC277DF3249-SegmentedRaftLog:OPENED:c-1,f-1,i0, conf=-1: [47aecc56-7e95-480d-b89c-2c00d33b4782:192.168.69.67:34550, 1bc296c6-def6-4ae4-8c62-5b4c951a28f1:192.168.69.67:37222, bc0382cc-50e2-4d58-b2de-e8b6250f3520:192.168.69.67:37666], old=null
2019-10-18 08:20:08,641 [47aecc56-7e95-480d-b89c-2c00d33b4782@group-5EC277DF3249-LeaderElection153] INFO  impl.RaftServerImpl (RaftServerImpl.java:setRole(184)) - 47aecc56-7e95-480d-b89c-2c00d33b4782@group-5EC277DF3249: changes role from CANDIDATE to FOLLOWER at term 155 for DISCOVERED_A_NEW_TERM
2019-10-18 08:20:08,641 [47aecc56-7e95-480d-b89c-2c00d33b4782@group-5EC277DF3249-LeaderElection153] INFO  impl.RoleInfo (RoleInfo.java:shutdownLeaderElection(134)) - 47aecc56-7e95-480d-b89c-2c00d33b4782: shutdown LeaderElection
2019-10-18 08:20:08,641 [47aecc56-7e95-480d-b89c-2c00d33b4782@group-5EC277DF3249-LeaderElection153] INFO  impl.RoleInfo (RoleInfo.java:updateAndGet(143)) - 47aecc56-7e95-480d-b89c-2c00d33b4782: start FollowerState
2019-10-18 08:20:08,694 [Thread-1659] INFO  impl.FollowerState (FollowerState.java:run(108)) - 47aecc56-7e95-480d-b89c-2c00d33b4782@group-5EC277DF3249-FollowerState: change to CANDIDATE, lastRpcTime:53ms, electionTimeout:53ms
2019-10-18 08:20:08,695 [Thread-1659] INFO  impl.RoleInfo (RoleInfo.java:shutdownFollowerState(121)) - 47aecc56-7e95-480d-b89c-2c00d33b4782: shutdown FollowerState
2019-10-18 08:20:08,695 [Thread-1659] INFO  impl.RaftServerImpl (RaftServerImpl.java:setRole(184)) - 47aecc56-7e95-480d-b89c-2c00d33b4782@group-5EC277DF3249: changes role from  FOLLOWER to CANDIDATE at term 155 for changeToCandidate
2019-10-18 08:20:08,695 [Thread-1659] INFO  impl.RoleInfo (RoleInfo.java:updateAndGet(143)) - 47aecc56-7e95-480d-b89c-2c00d33b4782: start LeaderElection
2019-10-18 08:20:08,716 [47aecc56-7e95-480d-b89c-2c00d33b4782@group-5EC277DF3249-LeaderElection154] INFO  impl.LeaderElection (LeaderElection.java:askForVotes(178)) - 47aecc56-7e95-480d-b89c-2c00d33b4782@group-5EC277DF3249-LeaderElection154: begin an election at term 156 for -1: [47aecc56-7e95-480d-b89c-2c00d33b4782:192.168.69.67:34550, 1bc296c6-def6-4ae4-8c62-5b4c951a28f1:192.168.69.67:37222, bc0382cc-50e2-4d58-b2de-e8b6250f3520:192.168.69.67:37666], old=null
2019-10-18 08:20:08,717 [47aecc56-7e95-480d-b89c-2c00d33b4782@group-5EC277DF3249-LeaderElection154] INFO  impl.LeaderElection (LeaderElection.java:logAndReturn(56)) - 47aecc56-7e95-480d-b89c-2c00d33b4782@group-5EC277DF3249-LeaderElection154: Election TIMEOUT; received 0 response(s) [] and 0 exception(s); 47aecc56-7e95-480d-b89c-2c00d33b4782@group-5EC277DF3249:t156, leader=null, voted=47aecc56-7e95-480d-b89c-2c00d33b4782, raftlog=47aecc56-7e95-480d-b89c-2c00d33b4782@group-5EC277DF3249-SegmentedRaftLog:OPENED:c-1,f-1,i0, conf=-1: [47aecc56-7e95-480d-b89c-2c00d33b4782:192.168.69.67:34550, 1bc296c6-def6-4ae4-8c62-5b4c951a28f1:192.168.69.67:37222, bc0382cc-50e2-4d58-b2de-e8b6250f3520:192.168.69.67:37666], old=null
2019-10-18 08:20:08,718 [grpc-default-executor-7] INFO  impl.RaftServerImpl (RaftServerImpl.java:setRole(184)) - 1bc296c6-def6-4ae4-8c62-5b4c951a28f1@group-5EC277DF3249: changes role from  FOLLOWER to FOLLOWER at term 156 for recognizeCandidate:47aecc56-7e95-480d-b89c-2c00d33b4782
2019-10-18 08:20:08,718 [grpc-default-executor-7] INFO  impl.RoleInfo (RoleInfo.java:shutdownFollowerState(121)) - 1bc296c6-def6-4ae4-8c62-5b4c951a28f1: shutdown FollowerState
2019-10-18 08:20:08,718 [grpc-default-executor-7] INFO  impl.RoleInfo (RoleInfo.java:updateAndGet(143)) - 1bc296c6-def6-4ae4-8c62-5b4c951a28f1: start FollowerState
2019-10-18 08:20:08,718 [Thread-1657] INFO  impl.FollowerState (FollowerState.java:run(117)) - 1bc296c6-def6-4ae4-8c62-5b4c951a28f1@group-5EC277DF3249-FollowerState was interrupted: java.lang.InterruptedException: sleep interrupted
2019-10-18 08:20:08,718 [grpc-default-executor-5] INFO  impl.RaftServerImpl (RaftServerImpl.java:setRole(184)) - bc0382cc-50e2-4d58-b2de-e8b6250f3520@group-5EC277DF3249: changes role from  FOLLOWER to FOLLOWER at term 156 for recognizeCandidate:47aecc56-7e95-480d-b89c-2c00d33b4782
2019-10-18 08:20:08,719 [grpc-default-executor-5] INFO  impl.RoleInfo (RoleInfo.java:shutdownFollowerState(121)) - bc0382cc-50e2-4d58-b2de-e8b6250f3520: shutdown FollowerState
2019-10-18 08:20:08,719 [grpc-default-executor-5] INFO  impl.RoleInfo (RoleInfo.java:updateAndGet(143)) - bc0382cc-50e2-4d58-b2de-e8b6250f3520: start FollowerState
2019-10-18 08:20:08,719 [Thread-1658] INFO  impl.FollowerState (FollowerState.java:run(117)) - bc0382cc-50e2-4d58-b2de-e8b6250f3520@group-5EC277DF3249-FollowerState was interrupted: java.lang.InterruptedException: sleep interrupted
2019-10-18 08:20:08,730 [47aecc56-7e95-480d-b89c-2c00d33b4782@group-5EC277DF3249-LeaderElection154] INFO  impl.LeaderElection (LeaderElection.java:askForVotes(178)) - 47aecc56-7e95-480d-b89c-2c00d33b4782@group-5EC277DF3249-LeaderElection154: begin an election at term 157 for -1: [47aecc56-7e95-480d-b89c-2c00d33b4782:192.168.69.67:34550, 1bc296c6-def6-4ae4-8c62-5b4c951a28f1:192.168.69.67:37222, bc0382cc-50e2-4d58-b2de-e8b6250f3520:192.168.69.67:37666], old=null
2019-10-18 08:20:08,731 [grpc-default-executor-7] INFO  impl.RaftServerImpl (RaftServerImpl.java:setRole(184)) - 1bc296c6-def6-4ae4-8c62-5b4c951a28f1@group-5EC277DF3249: changes role from  FOLLOWER to FOLLOWER at term 157 for recognizeCandidate:47aecc56-7e95-480d-b89c-2c00d33b4782
2019-10-18 08:20:08,731 [grpc-default-executor-7] INFO  impl.RoleInfo (RoleInfo.java:shutdownFollowerState(121)) - 1bc296c6-def6-4ae4-8c62-5b4c951a28f1: shutdown FollowerState
2019-10-18 08:20:08,732 [grpc-default-executor-7] INFO  impl.RoleInfo (RoleInfo.java:updateAndGet(143)) - 1bc296c6-def6-4ae4-8c62-5b4c951a28f1: start FollowerState
2019-10-18 08:20:08,732 [Thread-1663] INFO  impl.FollowerState (FollowerState.java:run(117)) - 1bc296c6-def6-4ae4-8c62-5b4c951a28f1@group-5EC277DF3249-FollowerState was interrupted: java.lang.InterruptedException: sleep interrupted
2019-10-18 08:20:08,732 [grpc-default-executor-5] INFO  impl.RaftServerImpl (RaftServerImpl.java:setRole(184)) - bc0382cc-50e2-4d58-b2de-e8b6250f3520@group-5EC277DF3249: changes role from  FOLLOWER to FOLLOWER at term 157 for recognizeCandidate:47aecc56-7e95-480d-b89c-2c00d33b4782
2019-10-18 08:20:08,732 [grpc-default-executor-5] INFO  impl.RoleInfo (RoleInfo.java:shutdownFollowerState(121)) - bc0382cc-50e2-4d58-b2de-e8b6250f3520: shutdown FollowerState
2019-10-18 08:20:08,732 [grpc-default-executor-5] INFO  impl.RoleInfo (RoleInfo.java:updateAndGet(143)) - bc0382cc-50e2-4d58-b2de-e8b6250f3520: start FollowerState
2019-10-18 08:20:08,732 [Thread-1664] INFO  impl.FollowerState (FollowerState.java:run(117)) - bc0382cc-50e2-4d58-b2de-e8b6250f3520@group-5EC277DF3249-FollowerState was interrupted: java.lang.InterruptedException: sleep interrupted
2019-10-18 08:20:08,746 [47aecc56-7e95-480d-b89c-2c00d33b4782@group-5EC277DF3249-LeaderElection154] INFO  impl.LeaderElection (LeaderElection.java:logAndReturn(56)) - 47aecc56-7e95-480d-b89c-2c00d33b4782@group-5EC277DF3249-LeaderElection154: Election REJECTED; received 2 response(s) [47aecc56-7e95-480d-b89c-2c00d33b4782<-1bc296c6-def6-4ae4-8c62-5b4c951a28f1#0:FAIL-t157, 47aecc56-7e95-480d-b89c-2c00d33b4782<-bc0382cc-50e2-4d58-b2de-e8b6250f3520#0:FAIL-t157] and 0 exception(s); 47aecc56-7e95-480d-b89c-2c00d33b4782@group-5EC277DF3249:t157, leader=null, voted=47aecc56-7e95-480d-b89c-2c00d33b4782, raftlog=47aecc56-7e95-480d-b89c-2c00d33b4782@group-5EC277DF3249-SegmentedRaftLog:OPENED:c-1,f-1,i0, conf=-1: [47aecc56-7e95-480d-b89c-2c00d33b4782:192.168.69.67:34550, 1bc296c6-def6-4ae4-8c62-5b4c951a28f1:192.168.69.67:37222, bc0382cc-50e2-4d58-b2de-e8b6250f3520:192.168.69.67:37666], old=null
2019-10-18 08:20:08,746 [47aecc56-7e95-480d-b89c-2c00d33b4782@group-5EC277DF3249-LeaderElection154] INFO  impl.RaftServerImpl (RaftServerImpl.java:setRole(184)) - 47aecc56-7e95-480d-b89c-2c00d33b4782@group-5EC277DF3249: changes role from CANDIDATE to FOLLOWER at term 157 for DISCOVERED_A_NEW_TERM
2019-10-18 08:20:08,746 [47aecc56-7e95-480d-b89c-2c00d33b4782@group-5EC277DF3249-LeaderElection154] INFO  impl.RoleInfo (RoleInfo.java:shutdownLeaderElection(134)) - 47aecc56-7e95-480d-b89c-2c00d33b4782: shutdown LeaderElection
2019-10-18 08:20:08,746 [47aecc56-7e95-480d-b89c-2c00d33b4782@group-5EC277DF3249-LeaderElection154] INFO  impl.RoleInfo (RoleInfo.java:updateAndGet(143)) - 47aecc56-7e95-480d-b89c-2c00d33b4782: start FollowerState
2019-10-18 08:20:08,917 [Thread-1669] INFO  impl.FollowerState (FollowerState.java:run(108)) - 47aecc56-7e95-480d-b89c-2c00d33b4782@group-5EC277DF3249-FollowerState: change to CANDIDATE, lastRpcTime:171ms, electionTimeout:171ms
2019-10-18 08:20:08,918 [Thread-1669] INFO  impl.RoleInfo (RoleInfo.java:shutdownFollowerState(121)) - 47aecc56-7e95-480d-b89c-2c00d33b4782: shutdown FollowerState
2019-10-18 08:20:08,919 [Thread-1669] INFO  impl.RaftServerImpl (RaftServerImpl.java:setRole(184)) - 47aecc56-7e95-480d-b89c-2c00d33b4782@group-5EC277DF3249: changes role from  FOLLOWER to CANDIDATE at term 157 for changeToCandidate
2019-10-18 08:20:08,919 [Thread-1669] INFO  impl.RoleInfo (RoleInfo.java:updateAndGet(143)) - 47aecc56-7e95-480d-b89c-2c00d33b4782: start LeaderElection
2019-10-18 08:20:08,946 [47aecc56-7e95-480d-b89c-2c00d33b4782@group-5EC277DF3249-LeaderElection155] INFO  impl.LeaderElection (LeaderElection.java:askForVotes(178)) - 47aecc56-7e95-480d-b89c-2c00d33b4782@group-5EC277DF3249-LeaderElection155: begin an election at term 158 for -1: [47aecc56-7e95-480d-b89c-2c00d33b4782:192.168.69.67:34550, 1bc296c6-def6-4ae4-8c62-5b4c951a28f1:192.168.69.67:37222, bc0382cc-50e2-4d58-b2de-e8b6250f3520:192.168.69.67:37666], old=null
2019-10-18 08:20:08,951 [grpc-default-executor-7] INFO  impl.RaftServerImpl (RaftServerImpl.java:setRole(184)) - 1bc296c6-def6-4ae4-8c62-5b4c951a28f1@group-5EC277DF3249: changes role from  FOLLOWER to FOLLOWER at term 158 for recognizeCandidate:47aecc56-7e95-480d-b89c-2c00d33b4782
2019-10-18 08:20:08,952 [grpc-default-executor-7] INFO  impl.RoleInfo (RoleInfo.java:shutdownFollowerState(121)) - 1bc296c6-def6-4ae4-8c62-5b4c951a28f1: shutdown FollowerState
2019-10-18 08:20:08,951 [grpc-default-executor-5] INFO  impl.RaftServerImpl (RaftServerImpl.java:setRole(184)) - bc0382cc-50e2-4d58-b2de-e8b6250f3520@group-5EC277DF3249: changes role from  FOLLOWER to FOLLOWER at term 158 for recognizeCandidate:47aecc56-7e95-480d-b89c-2c00d33b4782
2019-10-18 08:20:08,952 [Thread-1667] INFO  impl.FollowerState (FollowerState.java:run(117)) - 1bc296c6-def6-4ae4-8c62-5b4c951a28f1@group-5EC277DF3249-FollowerState was interrupted: java.lang.InterruptedException: sleep interrupted
2019-10-18 08:20:08,952 [grpc-default-executor-7] INFO  impl.RoleInfo (RoleInfo.java:updateAndGet(143)) - 1bc296c6-def6-4ae4-8c62-5b4c951a28f1: start FollowerState
2019-10-18 08:20:08,952 [grpc-default-executor-5] INFO  impl.RoleInfo (RoleInfo.java:shutdownFollowerState(121)) - bc0382cc-50e2-4d58-b2de-e8b6250f3520: shutdown FollowerState
2019-10-18 08:20:08,952 [grpc-default-executor-5] INFO  impl.RoleInfo (RoleInfo.java:updateAndGet(143)) - bc0382cc-50e2-4d58-b2de-e8b6250f3520: start FollowerState
2019-10-18 08:20:08,953 [Thread-1668] INFO  impl.FollowerState (FollowerState.java:run(117)) - bc0382cc-50e2-4d58-b2de-e8b6250f3520@group-5EC277DF3249-FollowerState was interrupted: java.lang.InterruptedException: sleep interrupted
2019-10-18 08:20:08,968 [47aecc56-7e95-480d-b89c-2c00d33b4782@group-5EC277DF3249-LeaderElection155] INFO  impl.LeaderElection (LeaderElection.java:logAndReturn(56)) - 47aecc56-7e95-480d-b89c-2c00d33b4782@group-5EC277DF3249-LeaderElection155: Election REJECTED; received 2 response(s) [47aecc56-7e95-480d-b89c-2c00d33b4782<-1bc296c6-def6-4ae4-8c62-5b4c951a28f1#0:FAIL-t158, 47aecc56-7e95-480d-b89c-2c00d33b4782<-bc0382cc-50e2-4d58-b2de-e8b6250f3520#0:FAIL-t158] and 0 exception(s); 47aecc56-7e95-480d-b89c-2c00d33b4782@group-5EC277DF3249:t158, leader=null, voted=47aecc56-7e95-480d-b89c-2c00d33b4782, raftlog=47aecc56-7e95-480d-b89c-2c00d33b4782@group-5EC277DF3249-SegmentedRaftLog:OPENED:c-1,f-1,i0, conf=-1: [47aecc56-7e95-480d-b89c-2c00d33b4782:192.168.69.67:34550, 1bc296c6-def6-4ae4-8c62-5b4c951a28f1:192.168.69.67:37222, bc0382cc-50e2-4d58-b2de-e8b6250f3520:192.168.69.67:37666], old=null
2019-10-18 08:20:08,968 [47aecc56-7e95-480d-b89c-2c00d33b4782@group-5EC277DF3249-LeaderElection155] INFO  impl.RaftServerImpl (RaftServerImpl.java:setRole(184)) - 47aecc56-7e95-480d-b89c-2c00d33b4782@group-5EC277DF3249: changes role from CANDIDATE to FOLLOWER at term 158 for DISCOVERED_A_NEW_TERM
2019-10-18 08:20:08,968 [47aecc56-7e95-480d-b89c-2c00d33b4782@group-5EC277DF3249-LeaderElection155] INFO  impl.RoleInfo (RoleInfo.java:shutdownLeaderElection(134)) - 47aecc56-7e95-480d-b89c-2c00d33b4782: shutdown LeaderElection
2019-10-18 08:20:08,968 [47aecc56-7e95-480d-b89c-2c00d33b4782@group-5EC277DF3249-LeaderElection155] INFO  impl.RoleInfo (RoleInfo.java:updateAndGet(143)) - 47aecc56-7e95-480d-b89c-2c00d33b4782: start FollowerState
2019-10-18 08:20:08,978 [Thread-1675] INFO  impl.FollowerState (FollowerState.java:run(108)) - 47aecc56-7e95-480d-b89c-2c00d33b4782@group-5EC277DF3249-FollowerState: change to CANDIDATE, lastRpcTime:9ms, electionTimeout:9ms
2019-10-18 08:20:08,978 [Thread-1675] INFO  impl.RoleInfo (RoleInfo.java:shutdownFollowerState(121)) - 47aecc56-7e95-480d-b89c-2c00d33b4782: shutdown FollowerState
2019-10-18 08:20:08,978 [Thread-1675] INFO  impl.RaftServerImpl (RaftServerImpl.java:setRole(184)) - 47aecc56-7e95-480d-b89c-2c00d33b4782@group-5EC277DF3249: changes role from  FOLLOWER to CANDIDATE at term 158 for changeToCandidate
2019-10-18 08:20:08,978 [Thread-1675] INFO  impl.RoleInfo (RoleInfo.java:updateAndGet(143)) - 47aecc56-7e95-480d-b89c-2c00d33b4782: start LeaderElection
2019-10-18 08:20:08,991 [47aecc56-7e95-480d-b89c-2c00d33b4782@group-5EC277DF3249-LeaderElection156] INFO  impl.LeaderElection (LeaderElection.java:askForVotes(178)) - 47aecc56-7e95-480d-b89c-2c00d33b4782@group-5EC277DF3249-LeaderElection156: begin an election at term 159 for -1: [47aecc56-7e95-480d-b89c-2c00d33b4782:192.168.69.67:34550, 1bc296c6-def6-4ae4-8c62-5b4c951a28f1:192.168.69.67:37222, bc0382cc-50e2-4d58-b2de-e8b6250f3520:192.168.69.67:37666], old=null
2019-10-18 08:20:08,993 [grpc-default-executor-7] INFO  impl.RaftServerImpl (RaftServerImpl.java:setRole(184)) - 1bc296c6-def6-4ae4-8c62-5b4c951a28f1@group-5EC277DF3249: changes role from  FOLLOWER to FOLLOWER at term 159 for recognizeCandidate:47aecc56-7e95-480d-b89c-2c00d33b4782
2019-10-18 08:20:08,993 [grpc-default-executor-7] INFO  impl.RoleInfo (RoleInfo.java:shutdownFollowerState(121)) - 1bc296c6-def6-4ae4-8c62-5b4c951a28f1: shutdown FollowerState
2019-10-18 08:20:08,993 [grpc-default-executor-5] INFO  impl.RaftServerImpl (RaftServerImpl.java:setRole(184)) - bc0382cc-50e2-4d58-b2de-e8b6250f3520@group-5EC277DF3249: changes role from  FOLLOWER to FOLLOWER at term 159 for recognizeCandidate:47aecc56-7e95-480d-b89c-2c00d33b4782
2019-10-18 08:20:08,993 [Thread-1673] INFO  impl.FollowerState (FollowerState.java:run(117)) - 1bc296c6-def6-4ae4-8c62-5b4c951a28f1@group-5EC277DF3249-FollowerState was interrupted: java.lang.InterruptedException: sleep interrupted
2019-10-18 08:20:08,993 [grpc-default-executor-7] INFO  impl.RoleInfo (RoleInfo.java:updateAndGet(143)) - 1bc296c6-def6-4ae4-8c62-5b4c951a28f1: start FollowerState
2019-10-18 08:20:08,994 [grpc-default-executor-5] INFO  impl.RoleInfo (RoleInfo.java:shutdownFollowerState(121)) - bc0382cc-50e2-4d58-b2de-e8b6250f3520: shutdown FollowerState
2019-10-18 08:20:08,994 [grpc-default-executor-5] INFO  impl.RoleInfo (RoleInfo.java:updateAndGet(143)) - bc0382cc-50e2-4d58-b2de-e8b6250f3520: start FollowerState
2019-10-18 08:20:08,994 [Thread-1674] INFO  impl.FollowerState (FollowerState.java:run(117)) - bc0382cc-50e2-4d58-b2de-e8b6250f3520@group-5EC277DF3249-FollowerState was interrupted: java.lang.InterruptedException: sleep interrupted
2019-10-18 08:20:09,009 [47aecc56-7e95-480d-b89c-2c00d33b4782@group-5EC277DF3249-LeaderElection156] INFO  impl.LeaderElection (LeaderElection.java:logAndReturn(56)) - 47aecc56-7e95-480d-b89c-2c00d33b4782@group-5EC277DF3249-LeaderElection156: Election REJECTED; received 2 response(s) [47aecc56-7e95-480d-b89c-2c00d33b4782<-1bc296c6-def6-4ae4-8c62-5b4c951a28f1#0:FAIL-t159, 47aecc56-7e95-480d-b89c-2c00d33b4782<-bc0382cc-50e2-4d58-b2de-e8b6250f3520#0:FAIL-t159] and 0 exception(s); 47aecc56-7e95-480d-b89c-2c00d33b4782@group-5EC277DF3249:t159, leader=null, voted=47aecc56-7e95-480d-b89c-2c00d33b4782, raftlog=47aecc56-7e95-480d-b89c-2c00d33b4782@group-5EC277DF3249-SegmentedRaftLog:OPENED:c-1,f-1,i0, conf=-1: [47aecc56-7e95-480d-b89c-2c00d33b4782:192.168.69.67:34550, 1bc296c6-def6-4ae4-8c62-5b4c951a28f1:192.168.69.67:37222, bc0382cc-50e2-4d58-b2de-e8b6250f3520:192.168.69.67:37666], old=null
2019-10-18 08:20:09,010 [47aecc56-7e95-480d-b89c-2c00d33b4782@group-5EC277DF3249-LeaderElection156] INFO  impl.RaftServerImpl (RaftServerImpl.java:setRole(184)) - 47aecc56-7e95-480d-b89c-2c00d33b4782@group-5EC277DF3249: changes role from CANDIDATE to FOLLOWER at term 159 for DISCOVERED_A_NEW_TERM
2019-10-18 08:20:09,010 [47aecc56-7e95-480d-b89c-2c00d33b4782@group-5EC277DF3249-LeaderElection156] INFO  impl.RoleInfo (RoleInfo.java:shutdownLeaderElection(134)) - 47aecc56-7e95-480d-b89c-2c00d33b4782: shutdown LeaderElection
2019-10-18 08:20:09,010 [47aecc56-7e95-480d-b89c-2c00d33b4782@group-5EC277DF3249-LeaderElection156] INFO  impl.RoleInfo (RoleInfo.java:updateAndGet(143)) - 47aecc56-7e95-480d-b89c-2c00d33b4782: start FollowerState
2019-10-18 08:20:09,165 [Thread-1681] INFO  impl.FollowerState (FollowerState.java:run(108)) - 47aecc56-7e95-480d-b89c-2c00d33b4782@group-5EC277DF3249-FollowerState: change to CANDIDATE, lastRpcTime:155ms, electionTimeout:155ms
2019-10-18 08:20:09,166 [Thread-1681] INFO  impl.RoleInfo (RoleInfo.java:shutdownFollowerState(121)) - 47aecc56-7e95-480d-b89c-2c00d33b4782: shutdown FollowerState
2019-10-18 08:20:09,166 [Thread-1681] INFO  impl.RaftServerImpl (RaftServerImpl.java:setRole(184)) - 47aecc56-7e95-480d-b89c-2c00d33b4782@group-5EC277DF3249: changes role from  FOLLOWER to CANDIDATE at term 159 for changeToCandidate
2019-10-18 08:20:09,166 [Thread-1681] INFO  impl.RoleInfo (RoleInfo.java:updateAndGet(143)) - 47aecc56-7e95-480d-b89c-2c00d33b4782: start LeaderElection
 0.00% |?                                                                                                    |  0/1 Time: 0:04:172019-10-18 08:20:09,198 [47aecc56-7e95-480d-b89c-2c00d33b4782@group-5EC277DF3249-LeaderElection157] INFO  impl.LeaderElection (LeaderElection.java:askForVotes(178)) - 47aecc56-7e95-480d-b89c-2c00d33b4782@group-5EC277DF3249-LeaderElection157: begin an election at term 160 for -1: [47aecc56-7e95-480d-b89c-2c00d33b4782:192.168.69.67:34550, 1bc296c6-def6-4ae4-8c62-5b4c951a28f1:192.168.69.67:37222, bc0382cc-50e2-4d58-b2de-e8b6250f3520:192.168.69.67:37666], old=null
2019-10-18 08:20:09,200 [grpc-default-executor-7] INFO  impl.RaftServerImpl (RaftServerImpl.java:setRole(184)) - bc0382cc-50e2-4d58-b2de-e8b6250f3520@group-5EC277DF3249: changes role from  FOLLOWER to FOLLOWER at term 160 for recognizeCandidate:47aecc56-7e95-480d-b89c-2c00d33b4782
2019-10-18 08:20:09,200 [grpc-default-executor-7] INFO  impl.RoleInfo (RoleInfo.java:shutdownFollowerState(121)) - bc0382cc-50e2-4d58-b2de-e8b6250f3520: shutdown FollowerState
2019-10-18 08:20:09,200 [grpc-default-executor-5] INFO  impl.RaftServerImpl (RaftServerImpl.java:setRole(184)) - 1bc296c6-def6-4ae4-8c62-5b4c951a28f1@group-5EC277DF3249: changes role from  FOLLOWER to FOLLOWER at term 160 for recognizeCandidate:47aecc56-7e95-480d-b89c-2c00d33b4782
2019-10-18 08:20:09,200 [grpc-default-executor-5] INFO  impl.RoleInfo (RoleInfo.java:shutdownFollowerState(121)) - 1bc296c6-def6-4ae4-8c62-5b4c951a28f1: shutdown FollowerState
2019-10-18 08:20:09,200 [grpc-default-executor-7] INFO  impl.RoleInfo (RoleInfo.java:updateAndGet(143)) - bc0382cc-50e2-4d58-b2de-e8b6250f3520: start FollowerState
2019-10-18 08:20:09,201 [Thread-1679] INFO  impl.FollowerState (FollowerState.java:run(117)) - 1bc296c6-def6-4ae4-8c62-5b4c951a28f1@group-5EC277DF3249-FollowerState was interrupted: java.lang.InterruptedException: sleep interrupted
2019-10-18 08:20:09,200 [grpc-default-executor-5] INFO  impl.RoleInfo (RoleInfo.java:updateAndGet(143)) - 1bc296c6-def6-4ae4-8c62-5b4c951a28f1: start FollowerState
2019-10-18 08:20:09,200 [Thread-1680] INFO  impl.FollowerState (FollowerState.java:run(117)) - bc0382cc-50e2-4d58-b2de-e8b6250f3520@group-5EC277DF3249-FollowerState was interrupted: java.lang.InterruptedException: sleep interrupted
2019-10-18 08:20:09,215 [47aecc56-7e95-480d-b89c-2c00d33b4782@group-5EC277DF3249-LeaderElection157] INFO  impl.LeaderElection (LeaderElection.java:logAndReturn(56)) - 47aecc56-7e95-480d-b89c-2c00d33b4782@group-5EC277DF3249-LeaderElection157: Election REJECTED; received 2 response(s) [47aecc56-7e95-480d-b89c-2c00d33b4782<-1bc296c6-def6-4ae4-8c62-5b4c951a28f1#0:FAIL-t160, 47aecc56-7e95-480d-b89c-2c00d33b4782<-bc0382cc-50e2-4d58-b2de-e8b6250f3520#0:FAIL-t160] and 0 exception(s); 47aecc56-7e95-480d-b89c-2c00d33b4782@group-5EC277DF3249:t160, leader=null, voted=47aecc56-7e95-480d-b89c-2c00d33b4782, raftlog=47aecc56-7e95-480d-b89c-2c00d33b4782@group-5EC277DF3249-SegmentedRaftLog:OPENED:c-1,f-1,i0, conf=-1: [47aecc56-7e95-480d-b89c-2c00d33b4782:192.168.69.67:34550, 1bc296c6-def6-4ae4-8c62-5b4c951a28f1:192.168.69.67:37222, bc0382cc-50e2-4d58-b2de-e8b6250f3520:192.168.69.67:37666], old=null
2019-10-18 08:20:09,215 [47aecc56-7e95-480d-b89c-2c00d33b4782@group-5EC277DF3249-LeaderElection157] INFO  impl.RaftServerImpl (RaftServerImpl.java:setRole(184)) - 47aecc56-7e95-480d-b89c-2c00d33b4782@group-5EC277DF3249: changes role from CANDIDATE to FOLLOWER at term 160 for DISCOVERED_A_NEW_TERM
2019-10-18 08:20:09,215 [47aecc56-7e95-480d-b89c-2c00d33b4782@group-5EC277DF3249-LeaderElection157] INFO  impl.RoleInfo (RoleInfo.java:shutdownLeaderElection(134)) - 47aecc56-7e95-480d-b89c-2c00d33b4782: shutdown LeaderElection
2019-10-18 08:20:09,215 [47aecc56-7e95-480d-b89c-2c00d33b4782@group-5EC277DF3249-LeaderElection157] INFO  impl.RoleInfo (RoleInfo.java:updateAndGet(143)) - 47aecc56-7e95-480d-b89c-2c00d33b4782: start FollowerState
2019-10-18 08:20:09,292 [Thread-1687] INFO  impl.FollowerState (FollowerState.java:run(108)) - 47aecc56-7e95-480d-b89c-2c00d33b4782@group-5EC277DF3249-FollowerState: change to CANDIDATE, lastRpcTime:77ms, electionTimeout:77ms
2019-10-18 08:20:09,293 [Thread-1687] INFO  impl.RoleInfo (RoleInfo.java:shutdownFollowerState(121)) - 47aecc56-7e95-480d-b89c-2c00d33b4782: shutdown FollowerState
2019-10-18 08:20:09,293 [Thread-1687] INFO  impl.RaftServerImpl (RaftServerImpl.java:setRole(184)) - 47aecc56-7e95-480d-b89c-2c00d33b4782@group-5EC277DF3249: changes role from  FOLLOWER to CANDIDATE at term 160 for changeToCandidate
2019-10-18 08:20:09,293 [Thread-1687] INFO  impl.RoleInfo (RoleInfo.java:updateAndGet(143)) - 47aecc56-7e95-480d-b89c-2c00d33b4782: start LeaderElection
2019-10-18 08:20:09,307 [47aecc56-7e95-480d-b89c-2c00d33b4782@group-5EC277DF3249-LeaderElection158] INFO  impl.LeaderElection (LeaderElection.java:askForVotes(178)) - 47aecc56-7e95-480d-b89c-2c00d33b4782@group-5EC277DF3249-LeaderElection158: begin an election at term 161 for -1: [47aecc56-7e95-480d-b89c-2c00d33b4782:192.168.69.67:34550, 1bc296c6-def6-4ae4-8c62-5b4c951a28f1:192.168.69.67:37222, bc0382cc-50e2-4d58-b2de-e8b6250f3520:192.168.69.67:37666], old=null
2019-10-18 08:20:09,308 [grpc-default-executor-5] INFO  impl.RaftServerImpl (RaftServerImpl.java:setRole(184)) - bc0382cc-50e2-4d58-b2de-e8b6250f3520@group-5EC277DF3249: changes role from  FOLLOWER to FOLLOWER at term 161 for recognizeCandidate:47aecc56-7e95-480d-b89c-2c00d33b4782
2019-10-18 08:20:09,309 [grpc-default-executor-5] INFO  impl.RoleInfo (RoleInfo.java:shutdownFollowerState(121)) - bc0382cc-50e2-4d58-b2de-e8b6250f3520: shutdown FollowerState
2019-10-18 08:20:09,309 [grpc-default-executor-5] INFO  impl.RoleInfo (RoleInfo.java:updateAndGet(143)) - bc0382cc-50e2-4d58-b2de-e8b6250f3520: start FollowerState
2019-10-18 08:20:09,309 [Thread-1685] INFO  impl.FollowerState (FollowerState.java:run(117)) - bc0382cc-50e2-4d58-b2de-e8b6250f3520@group-5EC277DF3249-FollowerState was interrupted: java.lang.InterruptedException: sleep interrupted
2019-10-18 08:20:09,309 [grpc-default-executor-9] INFO  impl.RaftServerImpl (RaftServerImpl.java:setRole(184)) - 1bc296c6-def6-4ae4-8c62-5b4c951a28f1@group-5EC277DF3249: changes role from  FOLLOWER to FOLLOWER at term 161 for recognizeCandidate:47aecc56-7e95-480d-b89c-2c00d33b4782
2019-10-18 08:20:09,309 [grpc-default-executor-9] INFO  impl.RoleInfo (RoleInfo.java:shutdownFollowerState(121)) - 1bc296c6-def6-4ae4-8c62-5b4c951a28f1: shutdown FollowerState
2019-10-18 08:20:09,310 [grpc-default-executor-9] INFO  impl.RoleInfo (RoleInfo.java:updateAndGet(143)) - 1bc296c6-def6-4ae4-8c62-5b4c951a28f1: start FollowerState
2019-10-18 08:20:09,310 [Thread-1686] INFO  impl.FollowerState (FollowerState.java:run(117)) - 1bc296c6-def6-4ae4-8c62-5b4c951a28f1@group-5EC277DF3249-FollowerState was interrupted: java.lang.InterruptedException: sleep interrupted
2019-10-18 08:20:09,323 [47aecc56-7e95-480d-b89c-2c00d33b4782@group-5EC277DF3249-LeaderElection158] INFO  impl.LeaderElection (LeaderElection.java:logAndReturn(56)) - 47aecc56-7e95-480d-b89c-2c00d33b4782@group-5EC277DF3249-LeaderElection158: Election REJECTED; received 2 response(s) [47aecc56-7e95-480d-b89c-2c00d33b4782<-1bc296c6-def6-4ae4-8c62-5b4c951a28f1#0:FAIL-t161, 47aecc56-7e95-480d-b89c-2c00d33b4782<-bc0382cc-50e2-4d58-b2de-e8b6250f3520#0:FAIL-t161] and 0 exception(s); 47aecc56-7e95-480d-b89c-2c00d33b4782@group-5EC277DF3249:t161, leader=null, voted=47aecc56-7e95-480d-b89c-2c00d33b4782, raftlog=47aecc56-7e95-480d-b89c-2c00d33b4782@group-5EC277DF3249-SegmentedRaftLog:OPENED:c-1,f-1,i0, conf=-1: [47aecc56-7e95-480d-b89c-2c00d33b4782:192.168.69.67:34550, 1bc296c6-def6-4ae4-8c62-5b4c951a28f1:192.168.69.67:37222, bc0382cc-50e2-4d58-b2de-e8b6250f3520:192.168.69.67:37666], old=null
2019-10-18 08:20:09,324 [47aecc56-7e95-480d-b89c-2c00d33b4782@group-5EC277DF3249-LeaderElection158] INFO  impl.RaftServerImpl (RaftServerImpl.java:setRole(184)) - 47aecc56-7e95-480d-b89c-2c00d33b4782@group-5EC277DF3249: changes role from CANDIDATE to FOLLOWER at term 161 for DISCOVERED_A_NEW_TERM
2019-10-18 08:20:09,324 [47aecc56-7e95-480d-b89c-2c00d33b4782@group-5EC277DF3249-LeaderElection158] INFO  impl.RoleInfo (RoleInfo.java:shutdownLeaderElection(134)) - 47aecc56-7e95-480d-b89c-2c00d33b4782: shutdown LeaderElection
2019-10-18 08:20:09,324 [47aecc56-7e95-480d-b89c-2c00d33b4782@group-5EC277DF3249-LeaderElection158] INFO  impl.RoleInfo (RoleInfo.java:updateAndGet(143)) - 47aecc56-7e95-480d-b89c-2c00d33b4782: start FollowerState
2019-10-18 08:20:09,331 [Thread-1696] INFO  impl.FollowerState (FollowerState.java:run(108)) - 47aecc56-7e95-480d-b89c-2c00d33b4782@group-5EC277DF3249-FollowerState: change to CANDIDATE, lastRpcTime:7ms, electionTimeout:7ms
2019-10-18 08:20:09,331 [Thread-1696] INFO  impl.RoleInfo (RoleInfo.java:shutdownFollowerState(121)) - 47aecc56-7e95-480d-b89c-2c00d33b4782: shutdown FollowerState
2019-10-18 08:20:09,331 [Thread-1696] INFO  impl.RaftServerImpl (RaftServerImpl.java:setRole(184)) - 47aecc56-7e95-480d-b89c-2c00d33b4782@group-5EC277DF3249: changes role from  FOLLOWER to CANDIDATE at term 161 for changeToCandidate
2019-10-18 08:20:09,331 [Thread-1696] INFO  impl.RoleInfo (RoleInfo.java:updateAndGet(143)) - 47aecc56-7e95-480d-b89c-2c00d33b4782: start LeaderElection
2019-10-18 08:20:09,346 [47aecc56-7e95-480d-b89c-2c00d33b4782@group-5EC277DF3249-LeaderElection159] INFO  impl.LeaderElection (LeaderElection.java:askForVotes(178)) - 47aecc56-7e95-480d-b89c-2c00d33b4782@group-5EC277DF3249-LeaderElection159: begin an election at term 162 for -1: [47aecc56-7e95-480d-b89c-2c00d33b4782:192.168.69.67:34550, 1bc296c6-def6-4ae4-8c62-5b4c951a28f1:192.168.69.67:37222, bc0382cc-50e2-4d58-b2de-e8b6250f3520:192.168.69.67:37666], old=null
2019-10-18 08:20:09,347 [grpc-default-executor-9] INFO  impl.RaftServerImpl (RaftServerImpl.java:setRole(184)) - 1bc296c6-def6-4ae4-8c62-5b4c951a28f1@group-5EC277DF3249: changes role from  FOLLOWER to FOLLOWER at term 162 for recognizeCandidate:47aecc56-7e95-480d-b89c-2c00d33b4782
2019-10-18 08:20:09,347 [grpc-default-executor-9] INFO  impl.RoleInfo (RoleInfo.java:shutdownFollowerState(121)) - 1bc296c6-def6-4ae4-8c62-5b4c951a28f1: shutdown FollowerState
2019-10-18 08:20:09,347 [grpc-default-executor-5] INFO  impl.RaftServerImpl (RaftServerImpl.java:setRole(184)) - bc0382cc-50e2-4d58-b2de-e8b6250f3520@group-5EC277DF3249: changes role from  FOLLOWER to FOLLOWER at term 162 for recognizeCandidate:47aecc56-7e95-480d-b89c-2c00d33b4782
2019-10-18 08:20:09,348 [Thread-1695] INFO  impl.FollowerState (FollowerState.java:run(117)) - 1bc296c6-def6-4ae4-8c62-5b4c951a28f1@group-5EC277DF3249-FollowerState was interrupted: java.lang.InterruptedException: sleep interrupted
2019-10-18 08:20:09,348 [grpc-default-executor-9] INFO  impl.RoleInfo (RoleInfo.java:updateAndGet(143)) - 1bc296c6-def6-4ae4-8c62-5b4c951a28f1: start FollowerState
2019-10-18 08:20:09,348 [grpc-default-executor-5] INFO  impl.RoleInfo (RoleInfo.java:shutdownFollowerState(121)) - bc0382cc-50e2-4d58-b2de-e8b6250f3520: shutdown FollowerState
2019-10-18 08:20:09,348 [grpc-default-executor-5] INFO  impl.RoleInfo (RoleInfo.java:updateAndGet(143)) - bc0382cc-50e2-4d58-b2de-e8b6250f3520: start FollowerState
2019-10-18 08:20:09,348 [Thread-1694] INFO  impl.FollowerState (FollowerState.java:run(117)) - bc0382cc-50e2-4d58-b2de-e8b6250f3520@group-5EC277DF3249-FollowerState was interrupted: java.lang.InterruptedException: sleep interrupted
2019-10-18 08:20:09,361 [47aecc56-7e95-480d-b89c-2c00d33b4782@group-5EC277DF3249-LeaderElection159] INFO  impl.LeaderElection (LeaderElection.java:logAndReturn(56)) - 47aecc56-7e95-480d-b89c-2c00d33b4782@group-5EC277DF3249-LeaderElection159: Election REJECTED; received 2 response(s) [47aecc56-7e95-480d-b89c-2c00d33b4782<-1bc296c6-def6-4ae4-8c62-5b4c951a28f1#0:FAIL-t162, 47aecc56-7e95-480d-b89c-2c00d33b4782<-bc0382cc-50e2-4d58-b2de-e8b6250f3520#0:FAIL-t162] and 0 exception(s); 47aecc56-7e95-480d-b89c-2c00d33b4782@group-5EC277DF3249:t162, leader=null, voted=47aecc56-7e95-480d-b89c-2c00d33b4782, raftlog=47aecc56-7e95-480d-b89c-2c00d33b4782@group-5EC277DF3249-SegmentedRaftLog:OPENED:c-1,f-1,i0, conf=-1: [47aecc56-7e95-480d-b89c-2c00d33b4782:192.168.69.67:34550, 1bc296c6-def6-4ae4-8c62-5b4c951a28f1:192.168.69.67:37222, bc0382cc-50e2-4d58-b2de-e8b6250f3520:192.168.69.67:37666], old=null
2019-10-18 08:20:09,362 [47aecc56-7e95-480d-b89c-2c00d33b4782@group-5EC277DF3249-LeaderElection159] INFO  impl.RaftServerImpl (RaftServerImpl.java:setRole(184)) - 47aecc56-7e95-480d-b89c-2c00d33b4782@group-5EC277DF3249: changes role from CANDIDATE to FOLLOWER at term 162 for DISCOVERED_A_NEW_TERM
2019-10-18 08:20:09,362 [47aecc56-7e95-480d-b89c-2c00d33b4782@group-5EC277DF3249-LeaderElection159] INFO  impl.RoleInfo (RoleInfo.java:shutdownLeaderElection(134)) - 47aecc56-7e95-480d-b89c-2c00d33b4782: shutdown LeaderElection
2019-10-18 08:20:09,362 [47aecc56-7e95-480d-b89c-2c00d33b4782@group-5EC277DF3249-LeaderElection159] INFO  impl.RoleInfo (RoleInfo.java:updateAndGet(143)) - 47aecc56-7e95-480d-b89c-2c00d33b4782: start FollowerState
2019-10-18 08:20:09,486 [Thread-1702] INFO  impl.FollowerState (FollowerState.java:run(108)) - 47aecc56-7e95-480d-b89c-2c00d33b4782@group-5EC277DF3249-FollowerState: change to CANDIDATE, lastRpcTime:124ms, electionTimeout:124ms
2019-10-18 08:20:09,486 [Thread-1702] INFO  impl.RoleInfo (RoleInfo.java:shutdownFollowerState(121)) - 47aecc56-7e95-480d-b89c-2c00d33b4782: shutdown FollowerState
2019-10-18 08:20:09,487 [Thread-1702] INFO  impl.RaftServerImpl (RaftServerImpl.java:setRole(184)) - 47aecc56-7e95-480d-b89c-2c00d33b4782@group-5EC277DF3249: changes role from  FOLLOWER to CANDIDATE at term 162 for changeToCandidate
2019-10-18 08:20:09,487 [Thread-1702] INFO  impl.RoleInfo (RoleInfo.java:updateAndGet(143)) - 47aecc56-7e95-480d-b89c-2c00d33b4782: start LeaderElection
2019-10-18 08:20:09,493 [47aecc56-7e95-480d-b89c-2c00d33b4782@group-5EC277DF3249-LeaderElection160] INFO  impl.LeaderElection (LeaderElection.java:askForVotes(178)) - 47aecc56-7e95-480d-b89c-2c00d33b4782@group-5EC277DF3249-LeaderElection160: begin an election at term 163 for -1: [47aecc56-7e95-480d-b89c-2c00d33b4782:192.168.69.67:34550, 1bc296c6-def6-4ae4-8c62-5b4c951a28f1:192.168.69.67:37222, bc0382cc-50e2-4d58-b2de-e8b6250f3520:192.168.69.67:37666], old=null
2019-10-18 08:20:09,495 [grpc-default-executor-5] INFO  impl.RaftServerImpl (RaftServerImpl.java:setRole(184)) - 1bc296c6-def6-4ae4-8c62-5b4c951a28f1@group-5EC277DF3249: changes role from  FOLLOWER to FOLLOWER at term 163 for recognizeCandidate:47aecc56-7e95-480d-b89c-2c00d33b4782
2019-10-18 08:20:09,495 [grpc-default-executor-5] INFO  impl.RoleInfo (RoleInfo.java:shutdownFollowerState(121)) - 1bc296c6-def6-4ae4-8c62-5b4c951a28f1: shutdown FollowerState
2019-10-18 08:20:09,495 [grpc-default-executor-9] INFO  impl.RaftServerImpl (RaftServerImpl.java:setRole(184)) - bc0382cc-50e2-4d58-b2de-e8b6250f3520@group-5EC277DF3249: changes role from  FOLLOWER to FOLLOWER at term 163 for recognizeCandidate:47aecc56-7e95-480d-b89c-2c00d33b4782
2019-10-18 08:20:09,495 [Thread-1700] INFO  impl.FollowerState (FollowerState.java:run(117)) - 1bc296c6-def6-4ae4-8c62-5b4c951a28f1@group-5EC277DF3249-FollowerState was interrupted: java.lang.InterruptedException: sleep interrupted
2019-10-18 08:20:09,495 [grpc-default-executor-5] INFO  impl.RoleInfo (RoleInfo.java:updateAndGet(143)) - 1bc296c6-def6-4ae4-8c62-5b4c951a28f1: start FollowerState
2019-10-18 08:20:09,495 [grpc-default-executor-9] INFO  impl.RoleInfo (RoleInfo.java:shutdownFollowerState(121)) - bc0382cc-50e2-4d58-b2de-e8b6250f3520: shutdown FollowerState
2019-10-18 08:20:09,495 [grpc-default-executor-9] INFO  impl.RoleInfo (RoleInfo.java:updateAndGet(143)) - bc0382cc-50e2-4d58-b2de-e8b6250f3520: start FollowerState
2019-10-18 08:20:09,496 [Thread-1701] INFO  impl.FollowerState (FollowerState.java:run(117)) - bc0382cc-50e2-4d58-b2de-e8b6250f3520@group-5EC277DF3249-FollowerState was interrupted: java.lang.InterruptedException: sleep interrupted
2019-10-18 08:20:09,510 [47aecc56-7e95-480d-b89c-2c00d33b4782@group-5EC277DF3249-LeaderElection160] INFO  impl.LeaderElection (LeaderElection.java:logAndReturn(56)) - 47aecc56-7e95-480d-b89c-2c00d33b4782@group-5EC277DF3249-LeaderElection160: Election REJECTED; received 2 response(s) [47aecc56-7e95-480d-b89c-2c00d33b4782<-1bc296c6-def6-4ae4-8c62-5b4c951a28f1#0:FAIL-t163, 47aecc56-7e95-480d-b89c-2c00d33b4782<-bc0382cc-50e2-4d58-b2de-e8b6250f3520#0:FAIL-t163] and 0 exception(s); 47aecc56-7e95-480d-b89c-2c00d33b4782@group-5EC277DF3249:t163, leader=null, voted=47aecc56-7e95-480d-b89c-2c00d33b4782, raftlog=47aecc56-7e95-480d-b89c-2c00d33b4782@group-5EC277DF3249-SegmentedRaftLog:OPENED:c-1,f-1,i0, conf=-1: [47aecc56-7e95-480d-b89c-2c00d33b4782:192.168.69.67:34550, 1bc296c6-def6-4ae4-8c62-5b4c951a28f1:192.168.69.67:37222, bc0382cc-50e2-4d58-b2de-e8b6250f3520:192.168.69.67:37666], old=null
2019-10-18 08:20:09,510 [47aecc56-7e95-480d-b89c-2c00d33b4782@group-5EC277DF3249-LeaderElection160] INFO  impl.RaftServerImpl (RaftServerImpl.java:setRole(184)) - 47aecc56-7e95-480d-b89c-2c00d33b4782@group-5EC277DF3249: changes role from CANDIDATE to FOLLOWER at term 163 for DISCOVERED_A_NEW_TERM
2019-10-18 08:20:09,510 [47aecc56-7e95-480d-b89c-2c00d33b4782@group-5EC277DF3249-LeaderElection160] INFO  impl.RoleInfo (RoleInfo.java:shutdownLeaderElection(134)) - 47aecc56-7e95-480d-b89c-2c00d33b4782: shutdown LeaderElection
2019-10-18 08:20:09,510 [47aecc56-7e95-480d-b89c-2c00d33b4782@group-5EC277DF3249-LeaderElection160] INFO  impl.RoleInfo (RoleInfo.java:updateAndGet(143)) - 47aecc56-7e95-480d-b89c-2c00d33b4782: start FollowerState
2019-10-18 08:20:09,629 [Thread-1708] INFO  impl.FollowerState (FollowerState.java:run(108)) - 47aecc56-7e95-480d-b89c-2c00d33b4782@group-5EC277DF3249-FollowerState: change to CANDIDATE, lastRpcTime:118ms, electionTimeout:118ms
2019-10-18 08:20:09,629 [Thread-1708] INFO  impl.RoleInfo (RoleInfo.java:shutdownFollowerState(121)) - 47aecc56-7e95-480d-b89c-2c00d33b4782: shutdown FollowerState
2019-10-18 08:20:09,629 [Thread-1708] INFO  impl.RaftServerImpl (RaftServerImpl.java:setRole(184)) - 47aecc56-7e95-480d-b89c-2c00d33b4782@group-5EC277DF3249: changes role from  FOLLOWER to CANDIDATE at term 163 for changeToCandidate
2019-10-18 08:20:09,629 [Thread-1708] INFO  impl.RoleInfo (RoleInfo.java:updateAndGet(143)) - 47aecc56-7e95-480d-b89c-2c00d33b4782: start LeaderElection
2019-10-18 08:20:09,642 [47aecc56-7e95-480d-b89c-2c00d33b4782@group-5EC277DF3249-LeaderElection161] INFO  impl.LeaderElection (LeaderElection.java:askForVotes(178)) - 47aecc56-7e95-480d-b89c-2c00d33b4782@group-5EC277DF3249-LeaderElection161: begin an election at term 164 for -1: [47aecc56-7e95-480d-b89c-2c00d33b4782:192.168.69.67:34550, 1bc296c6-def6-4ae4-8c62-5b4c951a28f1:192.168.69.67:37222, bc0382cc-50e2-4d58-b2de-e8b6250f3520:192.168.69.67:37666], old=null
2019-10-18 08:20:09,644 [grpc-default-executor-9] INFO  impl.RaftServerImpl (RaftServerImpl.java:setRole(184)) - 1bc296c6-def6-4ae4-8c62-5b4c951a28f1@group-5EC277DF3249: changes role from  FOLLOWER to FOLLOWER at term 164 for recognizeCandidate:47aecc56-7e95-480d-b89c-2c00d33b4782
2019-10-18 08:20:09,644 [grpc-default-executor-5] INFO  impl.RaftServerImpl (RaftServerImpl.java:setRole(184)) - bc0382cc-50e2-4d58-b2de-e8b6250f3520@group-5EC277DF3249: changes role from  FOLLOWER to FOLLOWER at term 164 for recognizeCandidate:47aecc56-7e95-480d-b89c-2c00d33b4782
2019-10-18 08:20:09,644 [grpc-default-executor-9] INFO  impl.RoleInfo (RoleInfo.java:shutdownFollowerState(121)) - 1bc296c6-def6-4ae4-8c62-5b4c951a28f1: shutdown FollowerState
2019-10-18 08:20:09,645 [grpc-default-executor-5] INFO  impl.RoleInfo (RoleInfo.java:shutdownFollowerState(121)) - bc0382cc-50e2-4d58-b2de-e8b6250f3520: shutdown FollowerState
2019-10-18 08:20:09,645 [Thread-1706] INFO  impl.FollowerState (FollowerState.java:run(117)) - 1bc296c6-def6-4ae4-8c62-5b4c951a28f1@group-5EC277DF3249-FollowerState was interrupted: java.lang.InterruptedException: sleep interrupted
2019-10-18 08:20:09,645 [Thread-1707] INFO  impl.FollowerState (FollowerState.java:run(117)) - bc0382cc-50e2-4d58-b2de-e8b6250f3520@group-5EC277DF3249-FollowerState was interrupted: java.lang.InterruptedException: sleep interrupted
2019-10-18 08:20:09,645 [grpc-default-executor-9] INFO  impl.RoleInfo (RoleInfo.java:updateAndGet(143)) - 1bc296c6-def6-4ae4-8c62-5b4c951a28f1: start FollowerState
2019-10-18 08:20:09,645 [grpc-default-executor-5] INFO  impl.RoleInfo (RoleInfo.java:updateAndGet(143)) - bc0382cc-50e2-4d58-b2de-e8b6250f3520: start FollowerState
2019-10-18 08:20:09,659 [47aecc56-7e95-480d-b89c-2c00d33b4782@group-5EC277DF3249-LeaderElection161] INFO  impl.LeaderElection (LeaderElection.java:logAndReturn(56)) - 47aecc56-7e95-480d-b89c-2c00d33b4782@group-5EC277DF3249-LeaderElection161: Election REJECTED; received 2 response(s) [47aecc56-7e95-480d-b89c-2c00d33b4782<-1bc296c6-def6-4ae4-8c62-5b4c951a28f1#0:FAIL-t164, 47aecc56-7e95-480d-b89c-2c00d33b4782<-bc0382cc-50e2-4d58-b2de-e8b6250f3520#0:FAIL-t164] and 0 exception(s); 47aecc56-7e95-480d-b89c-2c00d33b4782@group-5EC277DF3249:t164, leader=null, voted=47aecc56-7e95-480d-b89c-2c00d33b4782, raftlog=47aecc56-7e95-480d-b89c-2c00d33b4782@group-5EC277DF3249-SegmentedRaftLog:OPENED:c-1,f-1,i0, conf=-1: [47aecc56-7e95-480d-b89c-2c00d33b4782:192.168.69.67:34550, 1bc296c6-def6-4ae4-8c62-5b4c951a28f1:192.168.69.67:37222, bc0382cc-50e2-4d58-b2de-e8b6250f3520:192.168.69.67:37666], old=null
2019-10-18 08:20:09,659 [47aecc56-7e95-480d-b89c-2c00d33b4782@group-5EC277DF3249-LeaderElection161] INFO  impl.RaftServerImpl (RaftServerImpl.java:setRole(184)) - 47aecc56-7e95-480d-b89c-2c00d33b4782@group-5EC277DF3249: changes role from CANDIDATE to FOLLOWER at term 164 for DISCOVERED_A_NEW_TERM
2019-10-18 08:20:09,659 [47aecc56-7e95-480d-b89c-2c00d33b4782@group-5EC277DF3249-LeaderElection161] INFO  impl.RoleInfo (RoleInfo.java:shutdownLeaderElection(134)) - 47aecc56-7e95-480d-b89c-2c00d33b4782: shutdown LeaderElection
2019-10-18 08:20:09,660 [47aecc56-7e95-480d-b89c-2c00d33b4782@group-5EC277DF3249-LeaderElection161] INFO  impl.RoleInfo (RoleInfo.java:updateAndGet(143)) - 47aecc56-7e95-480d-b89c-2c00d33b4782: start FollowerState
2019-10-18 08:20:09,660 [Thread-1714] INFO  impl.FollowerState (FollowerState.java:run(108)) - 47aecc56-7e95-480d-b89c-2c00d33b4782@group-5EC277DF3249-FollowerState: change to CANDIDATE, lastRpcTime:0ms, electionTimeout:0ms
2019-10-18 08:20:09,660 [Thread-1714] INFO  impl.RoleInfo (RoleInfo.java:shutdownFollowerState(121)) - 47aecc56-7e95-480d-b89c-2c00d33b4782: shutdown FollowerState
2019-10-18 08:20:09,660 [Thread-1714] INFO  impl.RaftServerImpl (RaftServerImpl.java:setRole(184)) - 47aecc56-7e95-480d-b89c-2c00d33b4782@group-5EC277DF3249: changes role from  FOLLOWER to CANDIDATE at term 164 for changeToCandidate
2019-10-18 08:20:09,660 [Thread-1714] INFO  impl.RoleInfo (RoleInfo.java:updateAndGet(143)) - 47aecc56-7e95-480d-b89c-2c00d33b4782: start LeaderElection
2019-10-18 08:20:09,674 [47aecc56-7e95-480d-b89c-2c00d33b4782@group-5EC277DF3249-LeaderElection162] INFO  impl.LeaderElection (LeaderElection.java:askForVotes(178)) - 47aecc56-7e95-480d-b89c-2c00d33b4782@group-5EC277DF3249-LeaderElection162: begin an election at term 165 for -1: [47aecc56-7e95-480d-b89c-2c00d33b4782:192.168.69.67:34550, 1bc296c6-def6-4ae4-8c62-5b4c951a28f1:192.168.69.67:37222, bc0382cc-50e2-4d58-b2de-e8b6250f3520:192.168.69.67:37666], old=null
2019-10-18 08:20:09,676 [grpc-default-executor-5] INFO  impl.RaftServerImpl (RaftServerImpl.java:setRole(184)) - 1bc296c6-def6-4ae4-8c62-5b4c951a28f1@group-5EC277DF3249: changes role from  FOLLOWER to FOLLOWER at term 165 for recognizeCandidate:47aecc56-7e95-480d-b89c-2c00d33b4782
2019-10-18 08:20:09,676 [grpc-default-executor-5] INFO  impl.RoleInfo (RoleInfo.java:shutdownFollowerState(121)) - 1bc296c6-def6-4ae4-8c62-5b4c951a28f1: shutdown FollowerState
2019-10-18 08:20:09,676 [grpc-default-executor-5] INFO  impl.RoleInfo (RoleInfo.java:updateAndGet(143)) - 1bc296c6-def6-4ae4-8c62-5b4c951a28f1: start FollowerState
2019-10-18 08:20:09,676 [Thread-1712] INFO  impl.FollowerState (FollowerState.java:run(117)) - 1bc296c6-def6-4ae4-8c62-5b4c951a28f1@group-5EC277DF3249-FollowerState was interrupted: java.lang.InterruptedException: sleep interrupted
2019-10-18 08:20:09,677 [grpc-default-executor-9] INFO  impl.RaftServerImpl (RaftServerImpl.java:setRole(184)) - bc0382cc-50e2-4d58-b2de-e8b6250f3520@group-5EC277DF3249: changes role from  FOLLOWER to FOLLOWER at term 165 for recognizeCandidate:47aecc56-7e95-480d-b89c-2c00d33b4782
2019-10-18 08:20:09,677 [grpc-default-executor-9] INFO  impl.RoleInfo (RoleInfo.java:shutdownFollowerState(121)) - bc0382cc-50e2-4d58-b2de-e8b6250f3520: shutdown FollowerState
2019-10-18 08:20:09,677 [grpc-default-executor-9] INFO  impl.RoleInfo (RoleInfo.java:updateAndGet(143)) - bc0382cc-50e2-4d58-b2de-e8b6250f3520: start FollowerState
2019-10-18 08:20:09,677 [Thread-1713] INFO  impl.FollowerState (FollowerState.java:run(117)) - bc0382cc-50e2-4d58-b2de-e8b6250f3520@group-5EC277DF3249-FollowerState was interrupted: java.lang.InterruptedException: sleep interrupted
2019-10-18 08:20:09,703 [47aecc56-7e95-480d-b89c-2c00d33b4782@group-5EC277DF3249-LeaderElection162] INFO  impl.LeaderElection (LeaderElection.java:logAndReturn(56)) - 47aecc56-7e95-480d-b89c-2c00d33b4782@group-5EC277DF3249-LeaderElection162: Election REJECTED; received 2 response(s) [47aecc56-7e95-480d-b89c-2c00d33b4782<-1bc296c6-def6-4ae4-8c62-5b4c951a28f1#0:FAIL-t165, 47aecc56-7e95-480d-b89c-2c00d33b4782<-bc0382cc-50e2-4d58-b2de-e8b6250f3520#0:FAIL-t165] and 0 exception(s); 47aecc56-7e95-480d-b89c-2c00d33b4782@group-5EC277DF3249:t165, leader=null, voted=47aecc56-7e95-480d-b89c-2c00d33b4782, raftlog=47aecc56-7e95-480d-b89c-2c00d33b4782@group-5EC277DF3249-SegmentedRaftLog:OPENED:c-1,f-1,i0, conf=-1: [47aecc56-7e95-480d-b89c-2c00d33b4782:192.168.69.67:34550, 1bc296c6-def6-4ae4-8c62-5b4c951a28f1:192.168.69.67:37222, bc0382cc-50e2-4d58-b2de-e8b6250f3520:192.168.69.67:37666], old=null
2019-10-18 08:20:09,703 [47aecc56-7e95-480d-b89c-2c00d33b4782@group-5EC277DF3249-LeaderElection162] INFO  impl.RaftServerImpl (RaftServerImpl.java:setRole(184)) - 47aecc56-7e95-480d-b89c-2c00d33b4782@group-5EC277DF3249: changes role from CANDIDATE to FOLLOWER at term 165 for DISCOVERED_A_NEW_TERM
2019-10-18 08:20:09,703 [47aecc56-7e95-480d-b89c-2c00d33b4782@group-5EC277DF3249-LeaderElection162] INFO  impl.RoleInfo (RoleInfo.java:shutdownLeaderElection(134)) - 47aecc56-7e95-480d-b89c-2c00d33b4782: shutdown LeaderElection
2019-10-18 08:20:09,703 [47aecc56-7e95-480d-b89c-2c00d33b4782@group-5EC277DF3249-LeaderElection162] INFO  impl.RoleInfo (RoleInfo.java:updateAndGet(143)) - 47aecc56-7e95-480d-b89c-2c00d33b4782: start FollowerState
2019-10-18 08:20:09,798 [Thread-1720] INFO  impl.FollowerState (FollowerState.java:run(108)) - 47aecc56-7e95-480d-b89c-2c00d33b4782@group-5EC277DF3249-FollowerState: change to CANDIDATE, lastRpcTime:95ms, electionTimeout:95ms
2019-10-18 08:20:09,798 [Thread-1720] INFO  impl.RoleInfo (RoleInfo.java:shutdownFollowerState(121)) - 47aecc56-7e95-480d-b89c-2c00d33b4782: shutdown FollowerState
2019-10-18 08:20:09,799 [Thread-1720] INFO  impl.RaftServerImpl (RaftServerImpl.java:setRole(184)) - 47aecc56-7e95-480d-b89c-2c00d33b4782@group-5EC277DF3249: changes role from  FOLLOWER to CANDIDATE at term 165 for changeToCandidate
2019-10-18 08:20:09,799 [Thread-1720] INFO  impl.RoleInfo (RoleInfo.java:updateAndGet(143)) - 47aecc56-7e95-480d-b89c-2c00d33b4782: start LeaderElection
2019-10-18 08:20:09,812 [47aecc56-7e95-480d-b89c-2c00d33b4782@group-5EC277DF3249-LeaderElection163] INFO  impl.LeaderElection (LeaderElection.java:askForVotes(178)) - 47aecc56-7e95-480d-b89c-2c00d33b4782@group-5EC277DF3249-LeaderElection163: begin an election at term 166 for -1: [47aecc56-7e95-480d-b89c-2c00d33b4782:192.168.69.67:34550, 1bc296c6-def6-4ae4-8c62-5b4c951a28f1:192.168.69.67:37222, bc0382cc-50e2-4d58-b2de-e8b6250f3520:192.168.69.67:37666], old=null
2019-10-18 08:20:09,813 [grpc-default-executor-9] INFO  impl.RaftServerImpl (RaftServerImpl.java:setRole(184)) - 1bc296c6-def6-4ae4-8c62-5b4c951a28f1@group-5EC277DF3249: changes role from  FOLLOWER to FOLLOWER at term 166 for recognizeCandidate:47aecc56-7e95-480d-b89c-2c00d33b4782
2019-10-18 08:20:09,813 [grpc-default-executor-5] INFO  impl.RaftServerImpl (RaftServerImpl.java:setRole(184)) - bc0382cc-50e2-4d58-b2de-e8b6250f3520@group-5EC277DF3249: changes role from  FOLLOWER to FOLLOWER at term 166 for recognizeCandidate:47aecc56-7e95-480d-b89c-2c00d33b4782
2019-10-18 08:20:09,813 [grpc-default-executor-9] INFO  impl.RoleInfo (RoleInfo.java:shutdownFollowerState(121)) - 1bc296c6-def6-4ae4-8c62-5b4c951a28f1: shutdown FollowerState
2019-10-18 08:20:09,813 [grpc-default-executor-5] INFO  impl.RoleInfo (RoleInfo.java:shutdownFollowerState(121)) - bc0382cc-50e2-4d58-b2de-e8b6250f3520: shutdown FollowerState
2019-10-18 08:20:09,814 [Thread-1718] INFO  impl.FollowerState (FollowerState.java:run(117)) - 1bc296c6-def6-4ae4-8c62-5b4c951a28f1@group-5EC277DF3249-FollowerState was interrupted: java.lang.InterruptedException: sleep interrupted
2019-10-18 08:20:09,814 [Thread-1719] INFO  impl.FollowerState (FollowerState.java:run(117)) - bc0382cc-50e2-4d58-b2de-e8b6250f3520@group-5EC277DF3249-FollowerState was interrupted: java.lang.InterruptedException: sleep interrupted
2019-10-18 08:20:09,814 [grpc-default-executor-9] INFO  impl.RoleInfo (RoleInfo.java:updateAndGet(143)) - 1bc296c6-def6-4ae4-8c62-5b4c951a28f1: start FollowerState
2019-10-18 08:20:09,814 [grpc-default-executor-5] INFO  impl.RoleInfo (RoleInfo.java:updateAndGet(143)) - bc0382cc-50e2-4d58-b2de-e8b6250f3520: start FollowerState
2019-10-18 08:20:09,829 [47aecc56-7e95-480d-b89c-2c00d33b4782@group-5EC277DF3249-LeaderElection163] INFO  impl.LeaderElection (LeaderElection.java:logAndReturn(56)) - 47aecc56-7e95-480d-b89c-2c00d33b4782@group-5EC277DF3249-LeaderElection163: Election REJECTED; received 2 response(s) [47aecc56-7e95-480d-b89c-2c00d33b4782<-1bc296c6-def6-4ae4-8c62-5b4c951a28f1#0:FAIL-t166, 47aecc56-7e95-480d-b89c-2c00d33b4782<-bc0382cc-50e2-4d58-b2de-e8b6250f3520#0:FAIL-t166] and 0 exception(s); 47aecc56-7e95-480d-b89c-2c00d33b4782@group-5EC277DF3249:t166, leader=null, voted=47aecc56-7e95-480d-b89c-2c00d33b4782, raftlog=47aecc56-7e95-480d-b89c-2c00d33b4782@group-5EC277DF3249-SegmentedRaftLog:OPENED:c-1,f-1,i0, conf=-1: [47aecc56-7e95-480d-b89c-2c00d33b4782:192.168.69.67:34550, 1bc296c6-def6-4ae4-8c62-5b4c951a28f1:192.168.69.67:37222, bc0382cc-50e2-4d58-b2de-e8b6250f3520:192.168.69.67:37666], old=null
2019-10-18 08:20:09,829 [47aecc56-7e95-480d-b89c-2c00d33b4782@group-5EC277DF3249-LeaderElection163] INFO  impl.RaftServerImpl (RaftServerImpl.java:setRole(184)) - 47aecc56-7e95-480d-b89c-2c00d33b4782@group-5EC277DF3249: changes role from CANDIDATE to FOLLOWER at term 166 for DISCOVERED_A_NEW_TERM
2019-10-18 08:20:09,829 [47aecc56-7e95-480d-b89c-2c00d33b4782@group-5EC277DF3249-LeaderElection163] INFO  impl.RoleInfo (RoleInfo.java:shutdownLeaderElection(134)) - 47aecc56-7e95-480d-b89c-2c00d33b4782: shutdown LeaderElection
2019-10-18 08:20:09,829 [47aecc56-7e95-480d-b89c-2c00d33b4782@group-5EC277DF3249-LeaderElection163] INFO  impl.RoleInfo (RoleInfo.java:updateAndGet(143)) - 47aecc56-7e95-480d-b89c-2c00d33b4782: start FollowerState
2019-10-18 08:20:10,011 [Thread-1726] INFO  impl.FollowerState (FollowerState.java:run(108)) - 47aecc56-7e95-480d-b89c-2c00d33b4782@group-5EC277DF3249-FollowerState: change to CANDIDATE, lastRpcTime:182ms, electionTimeout:182ms
2019-10-18 08:20:10,011 [Thread-1726] INFO  impl.RoleInfo (RoleInfo.java:shutdownFollowerState(121)) - 47aecc56-7e95-480d-b89c-2c00d33b4782: shutdown FollowerState
2019-10-18 08:20:10,011 [Thread-1726] INFO  impl.RaftServerImpl (RaftServerImpl.java:setRole(184)) - 47aecc56-7e95-480d-b89c-2c00d33b4782@group-5EC277DF3249: changes role from  FOLLOWER to CANDIDATE at term 166 for changeToCandidate
2019-10-18 08:20:10,012 [Thread-1726] INFO  impl.RoleInfo (RoleInfo.java:updateAndGet(143)) - 47aecc56-7e95-480d-b89c-2c00d33b4782: start LeaderElection
2019-10-18 08:20:10,025 [47aecc56-7e95-480d-b89c-2c00d33b4782@group-5EC277DF3249-LeaderElection164] INFO  impl.LeaderElection (LeaderElection.java:askForVotes(178)) - 47aecc56-7e95-480d-b89c-2c00d33b4782@group-5EC277DF3249-LeaderElection164: begin an election at term 167 for -1: [47aecc56-7e95-480d-b89c-2c00d33b4782:192.168.69.67:34550, 1bc296c6-def6-4ae4-8c62-5b4c951a28f1:192.168.69.67:37222, bc0382cc-50e2-4d58-b2de-e8b6250f3520:192.168.69.67:37666], old=null
2019-10-18 08:20:10,027 [grpc-default-executor-9] INFO  impl.RaftServerImpl (RaftServerImpl.java:setRole(184)) - bc0382cc-50e2-4d58-b2de-e8b6250f3520@group-5EC277DF3249: changes role from  FOLLOWER to FOLLOWER at term 167 for recognizeCandidate:47aecc56-7e95-480d-b89c-2c00d33b4782
2019-10-18 08:20:10,028 [grpc-default-executor-9] INFO  impl.RoleInfo (RoleInfo.java:shutdownFollowerState(121)) - bc0382cc-50e2-4d58-b2de-e8b6250f3520: shutdown FollowerState
2019-10-18 08:20:10,028 [grpc-default-executor-5] INFO  impl.RaftServerImpl (RaftServerImpl.java:setRole(184)) - 1bc296c6-def6-4ae4-8c62-5b4c951a28f1@group-5EC277DF3249: changes role from  FOLLOWER to FOLLOWER at term 167 for recognizeCandidate:47aecc56-7e95-480d-b89c-2c00d33b4782
2019-10-18 08:20:10,028 [Thread-1725] INFO  impl.FollowerState (FollowerState.java:run(117)) - bc0382cc-50e2-4d58-b2de-e8b6250f3520@group-5EC277DF3249-FollowerState was interrupted: java.lang.InterruptedException: sleep interrupted
2019-10-18 08:20:10,028 [grpc-default-executor-9] INFO  impl.RoleInfo (RoleInfo.java:updateAndGet(143)) - bc0382cc-50e2-4d58-b2de-e8b6250f3520: start FollowerState
2019-10-18 08:20:10,028 [grpc-default-executor-5] INFO  impl.RoleInfo (RoleInfo.java:shutdownFollowerState(121)) - 1bc296c6-def6-4ae4-8c62-5b4c951a28f1: shutdown FollowerState
2019-10-18 08:20:10,028 [grpc-default-executor-5] INFO  impl.RoleInfo (RoleInfo.java:updateAndGet(143)) - 1bc296c6-def6-4ae4-8c62-5b4c951a28f1: start FollowerState
2019-10-18 08:20:10,029 [Thread-1724] INFO  impl.FollowerState (FollowerState.java:run(117)) - 1bc296c6-def6-4ae4-8c62-5b4c951a28f1@group-5EC277DF3249-FollowerState was interrupted: java.lang.InterruptedException: sleep interrupted
2019-10-18 08:20:10,035 [47aecc56-7e95-480d-b89c-2c00d33b4782@group-5EC277DF3249-LeaderElection164] INFO  impl.LeaderElection (LeaderElection.java:logAndReturn(56)) - 47aecc56-7e95-480d-b89c-2c00d33b4782@group-5EC277DF3249-LeaderElection164: Election TIMEOUT; received 0 response(s) [] and 0 exception(s); 47aecc56-7e95-480d-b89c-2c00d33b4782@group-5EC277DF3249:t167, leader=null, voted=47aecc56-7e95-480d-b89c-2c00d33b4782, raftlog=47aecc56-7e95-480d-b89c-2c00d33b4782@group-5EC277DF3249-SegmentedRaftLog:OPENED:c-1,f-1,i0, conf=-1: [47aecc56-7e95-480d-b89c-2c00d33b4782:192.168.69.67:34550, 1bc296c6-def6-4ae4-8c62-5b4c951a28f1:192.168.69.67:37222, bc0382cc-50e2-4d58-b2de-e8b6250f3520:192.168.69.67:37666], old=null
2019-10-18 08:20:10,043 [47aecc56-7e95-480d-b89c-2c00d33b4782@group-5EC277DF3249-LeaderElection164] INFO  impl.LeaderElection (LeaderElection.java:askForVotes(178)) - 47aecc56-7e95-480d-b89c-2c00d33b4782@group-5EC277DF3249-LeaderElection164: begin an election at term 168 for -1: [47aecc56-7e95-480d-b89c-2c00d33b4782:192.168.69.67:34550, 1bc296c6-def6-4ae4-8c62-5b4c951a28f1:192.168.69.67:37222, bc0382cc-50e2-4d58-b2de-e8b6250f3520:192.168.69.67:37666], old=null
2019-10-18 08:20:10,044 [grpc-default-executor-9] INFO  impl.RaftServerImpl (RaftServerImpl.java:setRole(184)) - bc0382cc-50e2-4d58-b2de-e8b6250f3520@group-5EC277DF3249: changes role from  FOLLOWER to FOLLOWER at term 168 for recognizeCandidate:47aecc56-7e95-480d-b89c-2c00d33b4782
2019-10-18 08:20:10,045 [grpc-default-executor-9] INFO  impl.RoleInfo (RoleInfo.java:shutdownFollowerState(121)) - bc0382cc-50e2-4d58-b2de-e8b6250f3520: shutdown FollowerState
2019-10-18 08:20:10,045 [grpc-default-executor-9] INFO  impl.RoleInfo (RoleInfo.java:updateAndGet(143)) - bc0382cc-50e2-4d58-b2de-e8b6250f3520: start FollowerState
2019-10-18 08:20:10,045 [Thread-1730] INFO  impl.FollowerState (FollowerState.java:run(117)) - bc0382cc-50e2-4d58-b2de-e8b6250f3520@group-5EC277DF3249-FollowerState was interrupted: java.lang.InterruptedException: sleep interrupted
2019-10-18 08:20:10,045 [grpc-default-executor-5] INFO  impl.RaftServerImpl (RaftServerImpl.java:setRole(184)) - 1bc296c6-def6-4ae4-8c62-5b4c951a28f1@group-5EC277DF3249: changes role from  FOLLOWER to FOLLOWER at term 168 for recognizeCandidate:47aecc56-7e95-480d-b89c-2c00d33b4782
2019-10-18 08:20:10,045 [grpc-default-executor-5] INFO  impl.RoleInfo (RoleInfo.java:shutdownFollowerState(121)) - 1bc296c6-def6-4ae4-8c62-5b4c951a28f1: shutdown FollowerState
2019-10-18 08:20:10,045 [grpc-default-executor-5] INFO  impl.RoleInfo (RoleInfo.java:updateAndGet(143)) - 1bc296c6-def6-4ae4-8c62-5b4c951a28f1: start FollowerState
2019-10-18 08:20:10,045 [Thread-1731] INFO  impl.FollowerState (FollowerState.java:run(117)) - 1bc296c6-def6-4ae4-8c62-5b4c951a28f1@group-5EC277DF3249-FollowerState was interrupted: java.lang.InterruptedException: sleep interrupted
2019-10-18 08:20:10,046 [47aecc56-7e95-480d-b89c-2c00d33b4782@group-5EC277DF3249-LeaderElection164] INFO  impl.LeaderElection (LeaderElection.java:logAndReturn(56)) - 47aecc56-7e95-480d-b89c-2c00d33b4782@group-5EC277DF3249-LeaderElection164: Election TIMEOUT; received 0 response(s) [] and 0 exception(s); 47aecc56-7e95-480d-b89c-2c00d33b4782@group-5EC277DF3249:t168, leader=null, voted=47aecc56-7e95-480d-b89c-2c00d33b4782, raftlog=47aecc56-7e95-480d-b89c-2c00d33b4782@group-5EC277DF3249-SegmentedRaftLog:OPENED:c-1,f-1,i0, conf=-1: [47aecc56-7e95-480d-b89c-2c00d33b4782:192.168.69.67:34550, 1bc296c6-def6-4ae4-8c62-5b4c951a28f1:192.168.69.67:37222, bc0382cc-50e2-4d58-b2de-e8b6250f3520:192.168.69.67:37666], old=null
2019-10-18 08:20:10,051 [47aecc56-7e95-480d-b89c-2c00d33b4782@group-5EC277DF3249-LeaderElection164] INFO  impl.LeaderElection (LeaderElection.java:askForVotes(178)) - 47aecc56-7e95-480d-b89c-2c00d33b4782@group-5EC277DF3249-LeaderElection164: begin an election at term 169 for -1: [47aecc56-7e95-480d-b89c-2c00d33b4782:192.168.69.67:34550, 1bc296c6-def6-4ae4-8c62-5b4c951a28f1:192.168.69.67:37222, bc0382cc-50e2-4d58-b2de-e8b6250f3520:192.168.69.67:37666], old=null
2019-10-18 08:20:10,053 [grpc-default-executor-9] INFO  impl.RaftServerImpl (RaftServerImpl.java:setRole(184)) - 1bc296c6-def6-4ae4-8c62-5b4c951a28f1@group-5EC277DF3249: changes role from  FOLLOWER to FOLLOWER at term 169 for recognizeCandidate:47aecc56-7e95-480d-b89c-2c00d33b4782
2019-10-18 08:20:10,053 [grpc-default-executor-9] INFO  impl.RoleInfo (RoleInfo.java:shutdownFollowerState(121)) - 1bc296c6-def6-4ae4-8c62-5b4c951a28f1: shutdown FollowerState
2019-10-18 08:20:10,053 [grpc-default-executor-9] INFO  impl.RoleInfo (RoleInfo.java:updateAndGet(143)) - 1bc296c6-def6-4ae4-8c62-5b4c951a28f1: start FollowerState
2019-10-18 08:20:10,053 [grpc-default-executor-5] INFO  impl.RaftServerImpl (RaftServerImpl.java:setRole(184)) - bc0382cc-50e2-4d58-b2de-e8b6250f3520@group-5EC277DF3249: changes role from  FOLLOWER to FOLLOWER at term 169 for recognizeCandidate:47aecc56-7e95-480d-b89c-2c00d33b4782
2019-10-18 08:20:10,053 [Thread-1735] INFO  impl.FollowerState (FollowerState.java:run(117)) - 1bc296c6-def6-4ae4-8c62-5b4c951a28f1@group-5EC277DF3249-FollowerState was interrupted: java.lang.InterruptedException: sleep interrupted
2019-10-18 08:20:10,053 [grpc-default-executor-5] INFO  impl.RoleInfo (RoleInfo.java:shutdownFollowerState(121)) - bc0382cc-50e2-4d58-b2de-e8b6250f3520: shutdown FollowerState
2019-10-18 08:20:10,054 [grpc-default-executor-5] INFO  impl.RoleInfo (RoleInfo.java:updateAndGet(143)) - bc0382cc-50e2-4d58-b2de-e8b6250f3520: start FollowerState
2019-10-18 08:20:10,054 [Thread-1734] INFO  impl.FollowerState (FollowerState.java:run(117)) - bc0382cc-50e2-4d58-b2de-e8b6250f3520@group-5EC277DF3249-FollowerState was interrupted: java.lang.InterruptedException: sleep interrupted
2019-10-18 08:20:10,067 [47aecc56-7e95-480d-b89c-2c00d33b4782@group-5EC277DF3249-LeaderElection164] INFO  impl.LeaderElection (LeaderElection.java:logAndReturn(56)) - 47aecc56-7e95-480d-b89c-2c00d33b4782@group-5EC277DF3249-LeaderElection164: Election TIMEOUT; received 0 response(s) [] and 0 exception(s); 47aecc56-7e95-480d-b89c-2c00d33b4782@group-5EC277DF3249:t169, leader=null, voted=47aecc56-7e95-480d-b89c-2c00d33b4782, raftlog=47aecc56-7e95-480d-b89c-2c00d33b4782@group-5EC277DF3249-SegmentedRaftLog:OPENED:c-1,f-1,i0, conf=-1: [47aecc56-7e95-480d-b89c-2c00d33b4782:192.168.69.67:34550, 1bc296c6-def6-4ae4-8c62-5b4c951a28f1:192.168.69.67:37222, bc0382cc-50e2-4d58-b2de-e8b6250f3520:192.168.69.67:37666], old=null
2019-10-18 08:20:10,080 [47aecc56-7e95-480d-b89c-2c00d33b4782@group-5EC277DF3249-LeaderElection164] INFO  impl.LeaderElection (LeaderElection.java:askForVotes(178)) - 47aecc56-7e95-480d-b89c-2c00d33b4782@group-5EC277DF3249-LeaderElection164: begin an election at term 170 for -1: [47aecc56-7e95-480d-b89c-2c00d33b4782:192.168.69.67:34550, 1bc296c6-def6-4ae4-8c62-5b4c951a28f1:192.168.69.67:37222, bc0382cc-50e2-4d58-b2de-e8b6250f3520:192.168.69.67:37666], old=null
2019-10-18 08:20:10,082 [grpc-default-executor-5] INFO  impl.RaftServerImpl (RaftServerImpl.java:setRole(184)) - 1bc296c6-def6-4ae4-8c62-5b4c951a28f1@group-5EC277DF3249: changes role from  FOLLOWER to FOLLOWER at term 170 for recognizeCandidate:47aecc56-7e95-480d-b89c-2c00d33b4782
2019-10-18 08:20:10,082 [grpc-default-executor-5] INFO  impl.RoleInfo (RoleInfo.java:shutdownFollowerState(121)) - 1bc296c6-def6-4ae4-8c62-5b4c951a28f1: shutdown FollowerState
2019-10-18 08:20:10,082 [grpc-default-executor-9] INFO  impl.RaftServerImpl (RaftServerImpl.java:setRole(184)) - bc0382cc-50e2-4d58-b2de-e8b6250f3520@group-5EC277DF3249: changes role from  FOLLOWER to FOLLOWER at term 170 for recognizeCandidate:47aecc56-7e95-480d-b89c-2c00d33b4782
2019-10-18 08:20:10,082 [Thread-1738] INFO  impl.FollowerState (FollowerState.java:run(117)) - 1bc296c6-def6-4ae4-8c62-5b4c951a28f1@group-5EC277DF3249-FollowerState was interrupted: java.lang.InterruptedException: sleep interrupted
2019-10-18 08:20:10,082 [grpc-default-executor-9] INFO  impl.RoleInfo (RoleInfo.java:shutdownFollowerState(121)) - bc0382cc-50e2-4d58-b2de-e8b6250f3520: shutdown FollowerState
2019-10-18 08:20:10,082 [grpc-default-executor-5] INFO  impl.RoleInfo (RoleInfo.java:updateAndGet(143)) - 1bc296c6-def6-4ae4-8c62-5b4c951a28f1: start FollowerState
2019-10-18 08:20:10,082 [Thread-1739] INFO  impl.FollowerState (FollowerState.java:run(117)) - bc0382cc-50e2-4d58-b2de-e8b6250f3520@group-5EC277DF3249-FollowerState was interrupted: java.lang.InterruptedException: sleep interrupted
2019-10-18 08:20:10,082 [grpc-default-executor-9] INFO  impl.RoleInfo (RoleInfo.java:updateAndGet(143)) - bc0382cc-50e2-4d58-b2de-e8b6250f3520: start FollowerState
2019-10-18 08:20:10,105 [47aecc56-7e95-480d-b89c-2c00d33b4782@group-5EC277DF3249-LeaderElection164] INFO  impl.LeaderElection (LeaderElection.java:logAndReturn(56)) - 47aecc56-7e95-480d-b89c-2c00d33b4782@group-5EC277DF3249-LeaderElection164: Election REJECTED; received 2 response(s) [47aecc56-7e95-480d-b89c-2c00d33b4782<-1bc296c6-def6-4ae4-8c62-5b4c951a28f1#0:FAIL-t170, 47aecc56-7e95-480d-b89c-2c00d33b4782<-bc0382cc-50e2-4d58-b2de-e8b6250f3520#0:FAIL-t170] and 0 exception(s); 47aecc56-7e95-480d-b89c-2c00d33b4782@group-5EC277DF3249:t170, leader=null, voted=47aecc56-7e95-480d-b89c-2c00d33b4782, raftlog=47aecc56-7e95-480d-b89c-2c00d33b4782@group-5EC277DF3249-SegmentedRaftLog:OPENED:c-1,f-1,i0, conf=-1: [47aecc56-7e95-480d-b89c-2c00d33b4782:192.168.69.67:34550, 1bc296c6-def6-4ae4-8c62-5b4c951a28f1:192.168.69.67:37222, bc0382cc-50e2-4d58-b2de-e8b6250f3520:192.168.69.67:37666], old=null
2019-10-18 08:20:10,105 [47aecc56-7e95-480d-b89c-2c00d33b4782@group-5EC277DF3249-LeaderElection164] INFO  impl.RaftServerImpl (RaftServerImpl.java:setRole(184)) - 47aecc56-7e95-480d-b89c-2c00d33b4782@group-5EC277DF3249: changes role from CANDIDATE to FOLLOWER at term 170 for DISCOVERED_A_NEW_TERM
2019-10-18 08:20:10,105 [47aecc56-7e95-480d-b89c-2c00d33b4782@group-5EC277DF3249-LeaderElection164] INFO  impl.RoleInfo (RoleInfo.java:shutdownLeaderElection(134)) - 47aecc56-7e95-480d-b89c-2c00d33b4782: shutdown LeaderElection
2019-10-18 08:20:10,105 [47aecc56-7e95-480d-b89c-2c00d33b4782@group-5EC277DF3249-LeaderElection164] INFO  impl.RoleInfo (RoleInfo.java:updateAndGet(143)) - 47aecc56-7e95-480d-b89c-2c00d33b4782: start FollowerState
 0.00% |?                                                                                                    |  0/1 Time: 0:04:182019-10-18 08:20:10,297 [Thread-1744] INFO  impl.FollowerState (FollowerState.java:run(108)) - 47aecc56-7e95-480d-b89c-2c00d33b4782@group-5EC277DF3249-FollowerState: change to CANDIDATE, lastRpcTime:192ms, electionTimeout:192ms
2019-10-18 08:20:10,298 [Thread-1744] INFO  impl.RoleInfo (RoleInfo.java:shutdownFollowerState(121)) - 47aecc56-7e95-480d-b89c-2c00d33b4782: shutdown FollowerState
2019-10-18 08:20:10,298 [Thread-1744] INFO  impl.RaftServerImpl (RaftServerImpl.java:setRole(184)) - 47aecc56-7e95-480d-b89c-2c00d33b4782@group-5EC277DF3249: changes role from  FOLLOWER to CANDIDATE at term 170 for changeToCandidate
2019-10-18 08:20:10,298 [Thread-1744] INFO  impl.RoleInfo (RoleInfo.java:updateAndGet(143)) - 47aecc56-7e95-480d-b89c-2c00d33b4782: start LeaderElection
2019-10-18 08:20:10,312 [47aecc56-7e95-480d-b89c-2c00d33b4782@group-5EC277DF3249-LeaderElection165] INFO  impl.LeaderElection (LeaderElection.java:askForVotes(178)) - 47aecc56-7e95-480d-b89c-2c00d33b4782@group-5EC277DF3249-LeaderElection165: begin an election at term 171 for -1: [47aecc56-7e95-480d-b89c-2c00d33b4782:192.168.69.67:34550, 1bc296c6-def6-4ae4-8c62-5b4c951a28f1:192.168.69.67:37222, bc0382cc-50e2-4d58-b2de-e8b6250f3520:192.168.69.67:37666], old=null
2019-10-18 08:20:10,314 [grpc-default-executor-3] INFO  impl.RaftServerImpl (RaftServerImpl.java:setRole(184)) - bc0382cc-50e2-4d58-b2de-e8b6250f3520@group-5EC277DF3249: changes role from  FOLLOWER to FOLLOWER at term 171 for recognizeCandidate:47aecc56-7e95-480d-b89c-2c00d33b4782
2019-10-18 08:20:10,315 [grpc-default-executor-7] INFO  impl.RaftServerImpl (RaftServerImpl.java:setRole(184)) - 1bc296c6-def6-4ae4-8c62-5b4c951a28f1@group-5EC277DF3249: changes role from  FOLLOWER to FOLLOWER at term 171 for recognizeCandidate:47aecc56-7e95-480d-b89c-2c00d33b4782
2019-10-18 08:20:10,315 [grpc-default-executor-7] INFO  impl.RoleInfo (RoleInfo.java:shutdownFollowerState(121)) - 1bc296c6-def6-4ae4-8c62-5b4c951a28f1: shutdown FollowerState
2019-10-18 08:20:10,315 [grpc-default-executor-3] INFO  impl.RoleInfo (RoleInfo.java:shutdownFollowerState(121)) - bc0382cc-50e2-4d58-b2de-e8b6250f3520: shutdown FollowerState
2019-10-18 08:20:10,315 [grpc-default-executor-7] INFO  impl.RoleInfo (RoleInfo.java:updateAndGet(143)) - 1bc296c6-def6-4ae4-8c62-5b4c951a28f1: start FollowerState
2019-10-18 08:20:10,316 [Thread-1743] INFO  impl.FollowerState (FollowerState.java:run(117)) - bc0382cc-50e2-4d58-b2de-e8b6250f3520@group-5EC277DF3249-FollowerState was interrupted: java.lang.InterruptedException: sleep interrupted
2019-10-18 08:20:10,315 [grpc-default-executor-3] INFO  impl.RoleInfo (RoleInfo.java:updateAndGet(143)) - bc0382cc-50e2-4d58-b2de-e8b6250f3520: start FollowerState
2019-10-18 08:20:10,315 [Thread-1742] INFO  impl.FollowerState (FollowerState.java:run(117)) - 1bc296c6-def6-4ae4-8c62-5b4c951a28f1@group-5EC277DF3249-FollowerState was interrupted: java.lang.InterruptedException: sleep interrupted
2019-10-18 08:20:10,328 [47aecc56-7e95-480d-b89c-2c00d33b4782@group-5EC277DF3249-LeaderElection165] INFO  impl.LeaderElection (LeaderElection.java:logAndReturn(56)) - 47aecc56-7e95-480d-b89c-2c00d33b4782@group-5EC277DF3249-LeaderElection165: Election REJECTED; received 2 response(s) [47aecc56-7e95-480d-b89c-2c00d33b4782<-1bc296c6-def6-4ae4-8c62-5b4c951a28f1#0:FAIL-t171, 47aecc56-7e95-480d-b89c-2c00d33b4782<-bc0382cc-50e2-4d58-b2de-e8b6250f3520#0:FAIL-t171] and 0 exception(s); 47aecc56-7e95-480d-b89c-2c00d33b4782@group-5EC277DF3249:t171, leader=null, voted=47aecc56-7e95-480d-b89c-2c00d33b4782, raftlog=47aecc56-7e95-480d-b89c-2c00d33b4782@group-5EC277DF3249-SegmentedRaftLog:OPENED:c-1,f-1,i0, conf=-1: [47aecc56-7e95-480d-b89c-2c00d33b4782:192.168.69.67:34550, 1bc296c6-def6-4ae4-8c62-5b4c951a28f1:192.168.69.67:37222, bc0382cc-50e2-4d58-b2de-e8b6250f3520:192.168.69.67:37666], old=null
2019-10-18 08:20:10,328 [47aecc56-7e95-480d-b89c-2c00d33b4782@group-5EC277DF3249-LeaderElection165] INFO  impl.RaftServerImpl (RaftServerImpl.java:setRole(184)) - 47aecc56-7e95-480d-b89c-2c00d33b4782@group-5EC277DF3249: changes role from CANDIDATE to FOLLOWER at term 171 for DISCOVERED_A_NEW_TERM
2019-10-18 08:20:10,329 [47aecc56-7e95-480d-b89c-2c00d33b4782@group-5EC277DF3249-LeaderElection165] INFO  impl.RoleInfo (RoleInfo.java:shutdownLeaderElection(134)) - 47aecc56-7e95-480d-b89c-2c00d33b4782: shutdown LeaderElection
2019-10-18 08:20:10,329 [47aecc56-7e95-480d-b89c-2c00d33b4782@group-5EC277DF3249-LeaderElection165] INFO  impl.RoleInfo (RoleInfo.java:updateAndGet(143)) - 47aecc56-7e95-480d-b89c-2c00d33b4782: start FollowerState
2019-10-18 08:20:10,526 [Thread-1752] INFO  impl.FollowerState (FollowerState.java:run(108)) - 47aecc56-7e95-480d-b89c-2c00d33b4782@group-5EC277DF3249-FollowerState: change to CANDIDATE, lastRpcTime:197ms, electionTimeout:197ms
2019-10-18 08:20:10,526 [Thread-1752] INFO  impl.RoleInfo (RoleInfo.java:shutdownFollowerState(121)) - 47aecc56-7e95-480d-b89c-2c00d33b4782: shutdown FollowerState
2019-10-18 08:20:10,526 [Thread-1752] INFO  impl.RaftServerImpl (RaftServerImpl.java:setRole(184)) - 47aecc56-7e95-480d-b89c-2c00d33b4782@group-5EC277DF3249: changes role from  FOLLOWER to CANDIDATE at term 171 for changeToCandidate
2019-10-18 08:20:10,527 [Thread-1752] INFO  impl.RoleInfo (RoleInfo.java:updateAndGet(143)) - 47aecc56-7e95-480d-b89c-2c00d33b4782: start LeaderElection
2019-10-18 08:20:10,541 [47aecc56-7e95-480d-b89c-2c00d33b4782@group-5EC277DF3249-LeaderElection166] INFO  impl.LeaderElection (LeaderElection.java:askForVotes(178)) - 47aecc56-7e95-480d-b89c-2c00d33b4782@group-5EC277DF3249-LeaderElection166: begin an election at term 172 for -1: [47aecc56-7e95-480d-b89c-2c00d33b4782:192.168.69.67:34550, 1bc296c6-def6-4ae4-8c62-5b4c951a28f1:192.168.69.67:37222, bc0382cc-50e2-4d58-b2de-e8b6250f3520:192.168.69.67:37666], old=null
2019-10-18 08:20:10,543 [grpc-default-executor-3] INFO  impl.RaftServerImpl (RaftServerImpl.java:setRole(184)) - 1bc296c6-def6-4ae4-8c62-5b4c951a28f1@group-5EC277DF3249: changes role from  FOLLOWER to FOLLOWER at term 172 for recognizeCandidate:47aecc56-7e95-480d-b89c-2c00d33b4782
2019-10-18 08:20:10,544 [grpc-default-executor-3] INFO  impl.RoleInfo (RoleInfo.java:shutdownFollowerState(121)) - 1bc296c6-def6-4ae4-8c62-5b4c951a28f1: shutdown FollowerState
2019-10-18 08:20:10,543 [grpc-default-executor-7] INFO  impl.RaftServerImpl (RaftServerImpl.java:setRole(184)) - bc0382cc-50e2-4d58-b2de-e8b6250f3520@group-5EC277DF3249: changes role from  FOLLOWER to FOLLOWER at term 172 for recognizeCandidate:47aecc56-7e95-480d-b89c-2c00d33b4782
2019-10-18 08:20:10,544 [grpc-default-executor-3] INFO  impl.RoleInfo (RoleInfo.java:updateAndGet(143)) - 1bc296c6-def6-4ae4-8c62-5b4c951a28f1: start FollowerState
2019-10-18 08:20:10,544 [Thread-1750] INFO  impl.FollowerState (FollowerState.java:run(117)) - 1bc296c6-def6-4ae4-8c62-5b4c951a28f1@group-5EC277DF3249-FollowerState was interrupted: java.lang.InterruptedException: sleep interrupted
2019-10-18 08:20:10,544 [grpc-default-executor-7] INFO  impl.RoleInfo (RoleInfo.java:shutdownFollowerState(121)) - bc0382cc-50e2-4d58-b2de-e8b6250f3520: shutdown FollowerState
2019-10-18 08:20:10,547 [grpc-default-executor-7] INFO  impl.RoleInfo (RoleInfo.java:updateAndGet(143)) - bc0382cc-50e2-4d58-b2de-e8b6250f3520: start FollowerState
2019-10-18 08:20:10,547 [Thread-1751] INFO  impl.FollowerState (FollowerState.java:run(117)) - bc0382cc-50e2-4d58-b2de-e8b6250f3520@group-5EC277DF3249-FollowerState was interrupted: java.lang.InterruptedException: sleep interrupted
2019-10-18 08:20:10,547 [47aecc56-7e95-480d-b89c-2c00d33b4782@group-5EC277DF3249-LeaderElection166] INFO  impl.LeaderElection (LeaderElection.java:logAndReturn(56)) - 47aecc56-7e95-480d-b89c-2c00d33b4782@group-5EC277DF3249-LeaderElection166: Election TIMEOUT; received 0 response(s) [] and 0 exception(s); 47aecc56-7e95-480d-b89c-2c00d33b4782@group-5EC277DF3249:t172, leader=null, voted=47aecc56-7e95-480d-b89c-2c00d33b4782, raftlog=47aecc56-7e95-480d-b89c-2c00d33b4782@group-5EC277DF3249-SegmentedRaftLog:OPENED:c-1,f-1,i0, conf=-1: [47aecc56-7e95-480d-b89c-2c00d33b4782:192.168.69.67:34550, 1bc296c6-def6-4ae4-8c62-5b4c951a28f1:192.168.69.67:37222, bc0382cc-50e2-4d58-b2de-e8b6250f3520:192.168.69.67:37666], old=null
2019-10-18 08:20:10,560 [47aecc56-7e95-480d-b89c-2c00d33b4782@group-5EC277DF3249-LeaderElection166] INFO  impl.LeaderElection (LeaderElection.java:askForVotes(178)) - 47aecc56-7e95-480d-b89c-2c00d33b4782@group-5EC277DF3249-LeaderElection166: begin an election at term 173 for -1: [47aecc56-7e95-480d-b89c-2c00d33b4782:192.168.69.67:34550, 1bc296c6-def6-4ae4-8c62-5b4c951a28f1:192.168.69.67:37222, bc0382cc-50e2-4d58-b2de-e8b6250f3520:192.168.69.67:37666], old=null
2019-10-18 08:20:10,562 [grpc-default-executor-3] INFO  impl.RaftServerImpl (RaftServerImpl.java:setRole(184)) - 1bc296c6-def6-4ae4-8c62-5b4c951a28f1@group-5EC277DF3249: changes role from  FOLLOWER to FOLLOWER at term 173 for recognizeCandidate:47aecc56-7e95-480d-b89c-2c00d33b4782
2019-10-18 08:20:10,562 [grpc-default-executor-3] INFO  impl.RoleInfo (RoleInfo.java:shutdownFollowerState(121)) - 1bc296c6-def6-4ae4-8c62-5b4c951a28f1: shutdown FollowerState
2019-10-18 08:20:10,563 [grpc-default-executor-3] INFO  impl.RoleInfo (RoleInfo.java:updateAndGet(143)) - 1bc296c6-def6-4ae4-8c62-5b4c951a28f1: start FollowerState
2019-10-18 08:20:10,563 [Thread-1756] INFO  impl.FollowerState (FollowerState.java:run(117)) - 1bc296c6-def6-4ae4-8c62-5b4c951a28f1@group-5EC277DF3249-FollowerState was interrupted: java.lang.InterruptedException: sleep interrupted
2019-10-18 08:20:10,563 [grpc-default-executor-7] INFO  impl.RaftServerImpl (RaftServerImpl.java:setRole(184)) - bc0382cc-50e2-4d58-b2de-e8b6250f3520@group-5EC277DF3249: changes role from  FOLLOWER to FOLLOWER at term 173 for recognizeCandidate:47aecc56-7e95-480d-b89c-2c00d33b4782
2019-10-18 08:20:10,563 [grpc-default-executor-7] INFO  impl.RoleInfo (RoleInfo.java:shutdownFollowerState(121)) - bc0382cc-50e2-4d58-b2de-e8b6250f3520: shutdown FollowerState
2019-10-18 08:20:10,563 [grpc-default-executor-7] INFO  impl.RoleInfo (RoleInfo.java:updateAndGet(143)) - bc0382cc-50e2-4d58-b2de-e8b6250f3520: start FollowerState
2019-10-18 08:20:10,563 [Thread-1757] INFO  impl.FollowerState (FollowerState.java:run(117)) - bc0382cc-50e2-4d58-b2de-e8b6250f3520@group-5EC277DF3249-FollowerState was interrupted: java.lang.InterruptedException: sleep interrupted
2019-10-18 08:20:10,578 [47aecc56-7e95-480d-b89c-2c00d33b4782@group-5EC277DF3249-LeaderElection166] INFO  impl.LeaderElection (LeaderElection.java:logAndReturn(56)) - 47aecc56-7e95-480d-b89c-2c00d33b4782@group-5EC277DF3249-LeaderElection166: Election REJECTED; received 2 response(s) [47aecc56-7e95-480d-b89c-2c00d33b4782<-1bc296c6-def6-4ae4-8c62-5b4c951a28f1#0:FAIL-t173, 47aecc56-7e95-480d-b89c-2c00d33b4782<-bc0382cc-50e2-4d58-b2de-e8b6250f3520#0:FAIL-t173] and 0 exception(s); 47aecc56-7e95-480d-b89c-2c00d33b4782@group-5EC277DF3249:t173, leader=null, voted=47aecc56-7e95-480d-b89c-2c00d33b4782, raftlog=47aecc56-7e95-480d-b89c-2c00d33b4782@group-5EC277DF3249-SegmentedRaftLog:OPENED:c-1,f-1,i0, conf=-1: [47aecc56-7e95-480d-b89c-2c00d33b4782:192.168.69.67:34550, 1bc296c6-def6-4ae4-8c62-5b4c951a28f1:192.168.69.67:37222, bc0382cc-50e2-4d58-b2de-e8b6250f3520:192.168.69.67:37666], old=null
2019-10-18 08:20:10,578 [47aecc56-7e95-480d-b89c-2c00d33b4782@group-5EC277DF3249-LeaderElection166] INFO  impl.RaftServerImpl (RaftServerImpl.java:setRole(184)) - 47aecc56-7e95-480d-b89c-2c00d33b4782@group-5EC277DF3249: changes role from CANDIDATE to FOLLOWER at term 173 for DISCOVERED_A_NEW_TERM
2019-10-18 08:20:10,578 [47aecc56-7e95-480d-b89c-2c00d33b4782@group-5EC277DF3249-LeaderElection166] INFO  impl.RoleInfo (RoleInfo.java:shutdownLeaderElection(134)) - 47aecc56-7e95-480d-b89c-2c00d33b4782: shutdown LeaderElection
2019-10-18 08:20:10,578 [47aecc56-7e95-480d-b89c-2c00d33b4782@group-5EC277DF3249-LeaderElection166] INFO  impl.RoleInfo (RoleInfo.java:updateAndGet(143)) - 47aecc56-7e95-480d-b89c-2c00d33b4782: start FollowerState
2019-10-18 08:20:10,727 [Thread-1762] INFO  impl.FollowerState (FollowerState.java:run(108)) - 47aecc56-7e95-480d-b89c-2c00d33b4782@group-5EC277DF3249-FollowerState: change to CANDIDATE, lastRpcTime:148ms, electionTimeout:148ms
2019-10-18 08:20:10,727 [Thread-1762] INFO  impl.RoleInfo (RoleInfo.java:shutdownFollowerState(121)) - 47aecc56-7e95-480d-b89c-2c00d33b4782: shutdown FollowerState
2019-10-18 08:20:10,727 [Thread-1762] INFO  impl.RaftServerImpl (RaftServerImpl.java:setRole(184)) - 47aecc56-7e95-480d-b89c-2c00d33b4782@group-5EC277DF3249: changes role from  FOLLOWER to CANDIDATE at term 173 for changeToCandidate
2019-10-18 08:20:10,727 [Thread-1762] INFO  impl.RoleInfo (RoleInfo.java:updateAndGet(143)) - 47aecc56-7e95-480d-b89c-2c00d33b4782: start LeaderElection
2019-10-18 08:20:10,741 [47aecc56-7e95-480d-b89c-2c00d33b4782@group-5EC277DF3249-LeaderElection167] INFO  impl.LeaderElection (LeaderElection.java:askForVotes(178)) - 47aecc56-7e95-480d-b89c-2c00d33b4782@group-5EC277DF3249-LeaderElection167: begin an election at term 174 for -1: [47aecc56-7e95-480d-b89c-2c00d33b4782:192.168.69.67:34550, 1bc296c6-def6-4ae4-8c62-5b4c951a28f1:192.168.69.67:37222, bc0382cc-50e2-4d58-b2de-e8b6250f3520:192.168.69.67:37666], old=null
2019-10-18 08:20:10,744 [grpc-default-executor-3] INFO  impl.RaftServerImpl (RaftServerImpl.java:setRole(184)) - bc0382cc-50e2-4d58-b2de-e8b6250f3520@group-5EC277DF3249: changes role from  FOLLOWER to FOLLOWER at term 174 for recognizeCandidate:47aecc56-7e95-480d-b89c-2c00d33b4782
2019-10-18 08:20:10,744 [grpc-default-executor-3] INFO  impl.RoleInfo (RoleInfo.java:shutdownFollowerState(121)) - bc0382cc-50e2-4d58-b2de-e8b6250f3520: shutdown FollowerState
2019-10-18 08:20:10,744 [grpc-default-executor-3] INFO  impl.RoleInfo (RoleInfo.java:updateAndGet(143)) - bc0382cc-50e2-4d58-b2de-e8b6250f3520: start FollowerState
2019-10-18 08:20:10,744 [Thread-1761] INFO  impl.FollowerState (FollowerState.java:run(117)) - bc0382cc-50e2-4d58-b2de-e8b6250f3520@group-5EC277DF3249-FollowerState was interrupted: java.lang.InterruptedException: sleep interrupted
2019-10-18 08:20:10,745 [grpc-default-executor-7] INFO  impl.RaftServerImpl (RaftServerImpl.java:setRole(184)) - 1bc296c6-def6-4ae4-8c62-5b4c951a28f1@group-5EC277DF3249: changes role from  FOLLOWER to FOLLOWER at term 174 for recognizeCandidate:47aecc56-7e95-480d-b89c-2c00d33b4782
2019-10-18 08:20:10,745 [grpc-default-executor-7] INFO  impl.RoleInfo (RoleInfo.java:shutdownFollowerState(121)) - 1bc296c6-def6-4ae4-8c62-5b4c951a28f1: shutdown FollowerState
2019-10-18 08:20:10,745 [grpc-default-executor-7] INFO  impl.RoleInfo (RoleInfo.java:updateAndGet(143)) - 1bc296c6-def6-4ae4-8c62-5b4c951a28f1: start FollowerState
2019-10-18 08:20:10,745 [Thread-1760] INFO  impl.FollowerState (FollowerState.java:run(117)) - 1bc296c6-def6-4ae4-8c62-5b4c951a28f1@group-5EC277DF3249-FollowerState was interrupted: java.lang.InterruptedException: sleep interrupted
2019-10-18 08:20:10,759 [47aecc56-7e95-480d-b89c-2c00d33b4782@group-5EC277DF3249-LeaderElection167] INFO  impl.LeaderElection (LeaderElection.java:logAndReturn(56)) - 47aecc56-7e95-480d-b89c-2c00d33b4782@group-5EC277DF3249-LeaderElection167: Election REJECTED; received 2 response(s) [47aecc56-7e95-480d-b89c-2c00d33b4782<-1bc296c6-def6-4ae4-8c62-5b4c951a28f1#0:FAIL-t174, 47aecc56-7e95-480d-b89c-2c00d33b4782<-bc0382cc-50e2-4d58-b2de-e8b6250f3520#0:FAIL-t174] and 0 exception(s); 47aecc56-7e95-480d-b89c-2c00d33b4782@group-5EC277DF3249:t174, leader=null, voted=47aecc56-7e95-480d-b89c-2c00d33b4782, raftlog=47aecc56-7e95-480d-b89c-2c00d33b4782@group-5EC277DF3249-SegmentedRaftLog:OPENED:c-1,f-1,i0, conf=-1: [47aecc56-7e95-480d-b89c-2c00d33b4782:192.168.69.67:34550, 1bc296c6-def6-4ae4-8c62-5b4c951a28f1:192.168.69.67:37222, bc0382cc-50e2-4d58-b2de-e8b6250f3520:192.168.69.67:37666], old=null
2019-10-18 08:20:10,759 [47aecc56-7e95-480d-b89c-2c00d33b4782@group-5EC277DF3249-LeaderElection167] INFO  impl.RaftServerImpl (RaftServerImpl.java:setRole(184)) - 47aecc56-7e95-480d-b89c-2c00d33b4782@group-5EC277DF3249: changes role from CANDIDATE to FOLLOWER at term 174 for DISCOVERED_A_NEW_TERM
2019-10-18 08:20:10,759 [47aecc56-7e95-480d-b89c-2c00d33b4782@group-5EC277DF3249-LeaderElection167] INFO  impl.RoleInfo (RoleInfo.java:shutdownLeaderElection(134)) - 47aecc56-7e95-480d-b89c-2c00d33b4782: shutdown LeaderElection
2019-10-18 08:20:10,759 [47aecc56-7e95-480d-b89c-2c00d33b4782@group-5EC277DF3249-LeaderElection167] INFO  impl.RoleInfo (RoleInfo.java:updateAndGet(143)) - 47aecc56-7e95-480d-b89c-2c00d33b4782: start FollowerState
2019-10-18 08:20:10,897 [Thread-1768] INFO  impl.FollowerState (FollowerState.java:run(108)) - 47aecc56-7e95-480d-b89c-2c00d33b4782@group-5EC277DF3249-FollowerState: change to CANDIDATE, lastRpcTime:137ms, electionTimeout:137ms
2019-10-18 08:20:10,897 [Thread-1768] INFO  impl.RoleInfo (RoleInfo.java:shutdownFollowerState(121)) - 47aecc56-7e95-480d-b89c-2c00d33b4782: shutdown FollowerState
2019-10-18 08:20:10,897 [Thread-1768] INFO  impl.RaftServerImpl (RaftServerImpl.java:setRole(184)) - 47aecc56-7e95-480d-b89c-2c00d33b4782@group-5EC277DF3249: changes role from  FOLLOWER to CANDIDATE at term 174 for changeToCandidate
2019-10-18 08:20:10,897 [Thread-1768] INFO  impl.RoleInfo (RoleInfo.java:updateAndGet(143)) - 47aecc56-7e95-480d-b89c-2c00d33b4782: start LeaderElection
2019-10-18 08:20:10,911 [47aecc56-7e95-480d-b89c-2c00d33b4782@group-5EC277DF3249-LeaderElection168] INFO  impl.LeaderElection (LeaderElection.java:askForVotes(178)) - 47aecc56-7e95-480d-b89c-2c00d33b4782@group-5EC277DF3249-LeaderElection168: begin an election at term 175 for -1: [47aecc56-7e95-480d-b89c-2c00d33b4782:192.168.69.67:34550, 1bc296c6-def6-4ae4-8c62-5b4c951a28f1:192.168.69.67:37222, bc0382cc-50e2-4d58-b2de-e8b6250f3520:192.168.69.67:37666], old=null
2019-10-18 08:20:10,913 [grpc-default-executor-7] INFO  impl.RaftServerImpl (RaftServerImpl.java:setRole(184)) - 1bc296c6-def6-4ae4-8c62-5b4c951a28f1@group-5EC277DF3249: changes role from  FOLLOWER to FOLLOWER at term 175 for recognizeCandidate:47aecc56-7e95-480d-b89c-2c00d33b4782
2019-10-18 08:20:10,913 [grpc-default-executor-7] INFO  impl.RoleInfo (RoleInfo.java:shutdownFollowerState(121)) - 1bc296c6-def6-4ae4-8c62-5b4c951a28f1: shutdown FollowerState
2019-10-18 08:20:10,914 [grpc-default-executor-7] INFO  impl.RoleInfo (RoleInfo.java:updateAndGet(143)) - 1bc296c6-def6-4ae4-8c62-5b4c951a28f1: start FollowerState
2019-10-18 08:20:10,914 [grpc-default-executor-3] INFO  impl.RaftServerImpl (RaftServerImpl.java:setRole(184)) - bc0382cc-50e2-4d58-b2de-e8b6250f3520@group-5EC277DF3249: changes role from  FOLLOWER to FOLLOWER at term 175 for recognizeCandidate:47aecc56-7e95-480d-b89c-2c00d33b4782
2019-10-18 08:20:10,914 [grpc-default-executor-3] INFO  impl.RoleInfo (RoleInfo.java:shutdownFollowerState(121)) - bc0382cc-50e2-4d58-b2de-e8b6250f3520: shutdown FollowerState
2019-10-18 08:20:10,914 [Thread-1767] INFO  impl.FollowerState (FollowerState.java:run(117)) - 1bc296c6-def6-4ae4-8c62-5b4c951a28f1@group-5EC277DF3249-FollowerState was interrupted: java.lang.InterruptedException: sleep interrupted
2019-10-18 08:20:10,914 [Thread-1766] INFO  impl.FollowerState (FollowerState.java:run(117)) - bc0382cc-50e2-4d58-b2de-e8b6250f3520@group-5EC277DF3249-FollowerState was interrupted: java.lang.InterruptedException: sleep interrupted
2019-10-18 08:20:10,914 [grpc-default-executor-3] INFO  impl.RoleInfo (RoleInfo.java:updateAndGet(143)) - bc0382cc-50e2-4d58-b2de-e8b6250f3520: start FollowerState
2019-10-18 08:20:10,928 [47aecc56-7e95-480d-b89c-2c00d33b4782@group-5EC277DF3249-LeaderElection168] INFO  impl.LeaderElection (LeaderElection.java:logAndReturn(56)) - 47aecc56-7e95-480d-b89c-2c00d33b4782@group-5EC277DF3249-LeaderElection168: Election REJECTED; received 2 response(s) [47aecc56-7e95-480d-b89c-2c00d33b4782<-1bc296c6-def6-4ae4-8c62-5b4c951a28f1#0:FAIL-t175, 47aecc56-7e95-480d-b89c-2c00d33b4782<-bc0382cc-50e2-4d58-b2de-e8b6250f3520#0:FAIL-t175] and 0 exception(s); 47aecc56-7e95-480d-b89c-2c00d33b4782@group-5EC277DF3249:t175, leader=null, voted=47aecc56-7e95-480d-b89c-2c00d33b4782, raftlog=47aecc56-7e95-480d-b89c-2c00d33b4782@group-5EC277DF3249-SegmentedRaftLog:OPENED:c-1,f-1,i0, conf=-1: [47aecc56-7e95-480d-b89c-2c00d33b4782:192.168.69.67:34550, 1bc296c6-def6-4ae4-8c62-5b4c951a28f1:192.168.69.67:37222, bc0382cc-50e2-4d58-b2de-e8b6250f3520:192.168.69.67:37666], old=null
2019-10-18 08:20:10,928 [47aecc56-7e95-480d-b89c-2c00d33b4782@group-5EC277DF3249-LeaderElection168] INFO  impl.RaftServerImpl (RaftServerImpl.java:setRole(184)) - 47aecc56-7e95-480d-b89c-2c00d33b4782@group-5EC277DF3249: changes role from CANDIDATE to FOLLOWER at term 175 for DISCOVERED_A_NEW_TERM
2019-10-18 08:20:10,928 [47aecc56-7e95-480d-b89c-2c00d33b4782@group-5EC277DF3249-LeaderElection168] INFO  impl.RoleInfo (RoleInfo.java:shutdownLeaderElection(134)) - 47aecc56-7e95-480d-b89c-2c00d33b4782: shutdown LeaderElection
2019-10-18 08:20:10,928 [47aecc56-7e95-480d-b89c-2c00d33b4782@group-5EC277DF3249-LeaderElection168] INFO  impl.RoleInfo (RoleInfo.java:updateAndGet(143)) - 47aecc56-7e95-480d-b89c-2c00d33b4782: start FollowerState
2019-10-18 08:20:10,969 [Thread-1774] INFO  impl.FollowerState (FollowerState.java:run(108)) - 47aecc56-7e95-480d-b89c-2c00d33b4782@group-5EC277DF3249-FollowerState: change to CANDIDATE, lastRpcTime:40ms, electionTimeout:40ms
2019-10-18 08:20:10,969 [Thread-1774] INFO  impl.RoleInfo (RoleInfo.java:shutdownFollowerState(121)) - 47aecc56-7e95-480d-b89c-2c00d33b4782: shutdown FollowerState
2019-10-18 08:20:10,969 [Thread-1774] INFO  impl.RaftServerImpl (RaftServerImpl.java:setRole(184)) - 47aecc56-7e95-480d-b89c-2c00d33b4782@group-5EC277DF3249: changes role from  FOLLOWER to CANDIDATE at term 175 for changeToCandidate
2019-10-18 08:20:10,969 [Thread-1774] INFO  impl.RoleInfo (RoleInfo.java:updateAndGet(143)) - 47aecc56-7e95-480d-b89c-2c00d33b4782: start LeaderElection
2019-10-18 08:20:10,983 [47aecc56-7e95-480d-b89c-2c00d33b4782@group-5EC277DF3249-LeaderElection169] INFO  impl.LeaderElection (LeaderElection.java:askForVotes(178)) - 47aecc56-7e95-480d-b89c-2c00d33b4782@group-5EC277DF3249-LeaderElection169: begin an election at term 176 for -1: [47aecc56-7e95-480d-b89c-2c00d33b4782:192.168.69.67:34550, 1bc296c6-def6-4ae4-8c62-5b4c951a28f1:192.168.69.67:37222, bc0382cc-50e2-4d58-b2de-e8b6250f3520:192.168.69.67:37666], old=null
2019-10-18 08:20:10,986 [grpc-default-executor-3] INFO  impl.RaftServerImpl (RaftServerImpl.java:setRole(184)) - bc0382cc-50e2-4d58-b2de-e8b6250f3520@group-5EC277DF3249: changes role from  FOLLOWER to FOLLOWER at term 176 for recognizeCandidate:47aecc56-7e95-480d-b89c-2c00d33b4782
2019-10-18 08:20:10,986 [grpc-default-executor-3] INFO  impl.RoleInfo (RoleInfo.java:shutdownFollowerState(121)) - bc0382cc-50e2-4d58-b2de-e8b6250f3520: shutdown FollowerState
2019-10-18 08:20:10,986 [grpc-default-executor-7] INFO  impl.RaftServerImpl (RaftServerImpl.java:setRole(184)) - 1bc296c6-def6-4ae4-8c62-5b4c951a28f1@group-5EC277DF3249: changes role from  FOLLOWER to FOLLOWER at term 176 for recognizeCandidate:47aecc56-7e95-480d-b89c-2c00d33b4782
2019-10-18 08:20:10,986 [grpc-default-executor-7] INFO  impl.RoleInfo (RoleInfo.java:shutdownFollowerState(121)) - 1bc296c6-def6-4ae4-8c62-5b4c951a28f1: shutdown FollowerState
2019-10-18 08:20:10,986 [Thread-1773] INFO  impl.FollowerState (FollowerState.java:run(117)) - bc0382cc-50e2-4d58-b2de-e8b6250f3520@group-5EC277DF3249-FollowerState was interrupted: java.lang.InterruptedException: sleep interrupted
2019-10-18 08:20:10,986 [grpc-default-executor-3] INFO  impl.RoleInfo (RoleInfo.java:updateAndGet(143)) - bc0382cc-50e2-4d58-b2de-e8b6250f3520: start FollowerState
2019-10-18 08:20:10,986 [Thread-1772] INFO  impl.FollowerState (FollowerState.java:run(117)) - 1bc296c6-def6-4ae4-8c62-5b4c951a28f1@group-5EC277DF3249-FollowerState was interrupted: java.lang.InterruptedException: sleep interrupted
2019-10-18 08:20:10,986 [grpc-default-executor-7] INFO  impl.RoleInfo (RoleInfo.java:updateAndGet(143)) - 1bc296c6-def6-4ae4-8c62-5b4c951a28f1: start FollowerState
2019-10-18 08:20:10,993 [47aecc56-7e95-480d-b89c-2c00d33b4782@group-5EC277DF3249-LeaderElection169] INFO  impl.LeaderElection (LeaderElection.java:logAndReturn(56)) - 47aecc56-7e95-480d-b89c-2c00d33b4782@group-5EC277DF3249-LeaderElection169: Election TIMEOUT; received 0 response(s) [] and 0 exception(s); 47aecc56-7e95-480d-b89c-2c00d33b4782@group-5EC277DF3249:t176, leader=null, voted=47aecc56-7e95-480d-b89c-2c00d33b4782, raftlog=47aecc56-7e95-480d-b89c-2c00d33b4782@group-5EC277DF3249-SegmentedRaftLog:OPENED:c-1,f-1,i0, conf=-1: [47aecc56-7e95-480d-b89c-2c00d33b4782:192.168.69.67:34550, 1bc296c6-def6-4ae4-8c62-5b4c951a28f1:192.168.69.67:37222, bc0382cc-50e2-4d58-b2de-e8b6250f3520:192.168.69.67:37666], old=null
2019-10-18 08:20:11,000 [47aecc56-7e95-480d-b89c-2c00d33b4782@group-5EC277DF3249-LeaderElection169] INFO  impl.LeaderElection (LeaderElection.java:askForVotes(178)) - 47aecc56-7e95-480d-b89c-2c00d33b4782@group-5EC277DF3249-LeaderElection169: begin an election at term 177 for -1: [47aecc56-7e95-480d-b89c-2c00d33b4782:192.168.69.67:34550, 1bc296c6-def6-4ae4-8c62-5b4c951a28f1:192.168.69.67:37222, bc0382cc-50e2-4d58-b2de-e8b6250f3520:192.168.69.67:37666], old=null
2019-10-18 08:20:11,002 [grpc-default-executor-7] INFO  impl.RaftServerImpl (RaftServerImpl.java:setRole(184)) - 1bc296c6-def6-4ae4-8c62-5b4c951a28f1@group-5EC277DF3249: changes role from  FOLLOWER to FOLLOWER at term 177 for recognizeCandidate:47aecc56-7e95-480d-b89c-2c00d33b4782
2019-10-18 08:20:11,002 [grpc-default-executor-7] INFO  impl.RoleInfo (RoleInfo.java:shutdownFollowerState(121)) - 1bc296c6-def6-4ae4-8c62-5b4c951a28f1: shutdown FollowerState
2019-10-18 08:20:11,002 [grpc-default-executor-3] INFO  impl.RaftServerImpl (RaftServerImpl.java:setRole(184)) - bc0382cc-50e2-4d58-b2de-e8b6250f3520@group-5EC277DF3249: changes role from  FOLLOWER to FOLLOWER at term 177 for recognizeCandidate:47aecc56-7e95-480d-b89c-2c00d33b4782
2019-10-18 08:20:11,002 [grpc-default-executor-3] INFO  impl.RoleInfo (RoleInfo.java:shutdownFollowerState(121)) - bc0382cc-50e2-4d58-b2de-e8b6250f3520: shutdown FollowerState
2019-10-18 08:20:11,002 [Thread-1779] INFO  impl.FollowerState (FollowerState.java:run(117)) - 1bc296c6-def6-4ae4-8c62-5b4c951a28f1@group-5EC277DF3249-FollowerState was interrupted: java.lang.InterruptedException: sleep interrupted
2019-10-18 08:20:11,002 [grpc-default-executor-7] INFO  impl.RoleInfo (RoleInfo.java:updateAndGet(143)) - 1bc296c6-def6-4ae4-8c62-5b4c951a28f1: start FollowerState
2019-10-18 08:20:11,002 [Thread-1778] INFO  impl.FollowerState (FollowerState.java:run(117)) - bc0382cc-50e2-4d58-b2de-e8b6250f3520@group-5EC277DF3249-FollowerState was interrupted: java.lang.InterruptedException: sleep interrupted
2019-10-18 08:20:11,002 [grpc-default-executor-3] INFO  impl.RoleInfo (RoleInfo.java:updateAndGet(143)) - bc0382cc-50e2-4d58-b2de-e8b6250f3520: start FollowerState
2019-10-18 08:20:11,017 [47aecc56-7e95-480d-b89c-2c00d33b4782@group-5EC277DF3249-LeaderElection169] INFO  impl.LeaderElection (LeaderElection.java:logAndReturn(56)) - 47aecc56-7e95-480d-b89c-2c00d33b4782@group-5EC277DF3249-LeaderElection169: Election REJECTED; received 2 response(s) [47aecc56-7e95-480d-b89c-2c00d33b4782<-1bc296c6-def6-4ae4-8c62-5b4c951a28f1#0:FAIL-t177, 47aecc56-7e95-480d-b89c-2c00d33b4782<-bc0382cc-50e2-4d58-b2de-e8b6250f3520#0:FAIL-t177] and 0 exception(s); 47aecc56-7e95-480d-b89c-2c00d33b4782@group-5EC277DF3249:t177, leader=null, voted=47aecc56-7e95-480d-b89c-2c00d33b4782, raftlog=47aecc56-7e95-480d-b89c-2c00d33b4782@group-5EC277DF3249-SegmentedRaftLog:OPENED:c-1,f-1,i0, conf=-1: [47aecc56-7e95-480d-b89c-2c00d33b4782:192.168.69.67:34550, 1bc296c6-def6-4ae4-8c62-5b4c951a28f1:192.168.69.67:37222, bc0382cc-50e2-4d58-b2de-e8b6250f3520:192.168.69.67:37666], old=null
2019-10-18 08:20:11,017 [47aecc56-7e95-480d-b89c-2c00d33b4782@group-5EC277DF3249-LeaderElection169] INFO  impl.RaftServerImpl (RaftServerImpl.java:setRole(184)) - 47aecc56-7e95-480d-b89c-2c00d33b4782@group-5EC277DF3249: changes role from CANDIDATE to FOLLOWER at term 177 for DISCOVERED_A_NEW_TERM
2019-10-18 08:20:11,017 [47aecc56-7e95-480d-b89c-2c00d33b4782@group-5EC277DF3249-LeaderElection169] INFO  impl.RoleInfo (RoleInfo.java:shutdownLeaderElection(134)) - 47aecc56-7e95-480d-b89c-2c00d33b4782: shutdown LeaderElection
2019-10-18 08:20:11,018 [47aecc56-7e95-480d-b89c-2c00d33b4782@group-5EC277DF3249-LeaderElection169] INFO  impl.RoleInfo (RoleInfo.java:updateAndGet(143)) - 47aecc56-7e95-480d-b89c-2c00d33b4782: start FollowerState
2019-10-18 08:20:11,098 [Thread-1784] INFO  impl.FollowerState (FollowerState.java:run(108)) - 47aecc56-7e95-480d-b89c-2c00d33b4782@group-5EC277DF3249-FollowerState: change to CANDIDATE, lastRpcTime:80ms, electionTimeout:80ms
2019-10-18 08:20:11,098 [Thread-1784] INFO  impl.RoleInfo (RoleInfo.java:shutdownFollowerState(121)) - 47aecc56-7e95-480d-b89c-2c00d33b4782: shutdown FollowerState
2019-10-18 08:20:11,099 [Thread-1784] INFO  impl.RaftServerImpl (RaftServerImpl.java:setRole(184)) - 47aecc56-7e95-480d-b89c-2c00d33b4782@group-5EC277DF3249: changes role from  FOLLOWER to CANDIDATE at term 177 for changeToCandidate
2019-10-18 08:20:11,099 [Thread-1784] INFO  impl.RoleInfo (RoleInfo.java:updateAndGet(143)) - 47aecc56-7e95-480d-b89c-2c00d33b4782: start LeaderElection
2019-10-18 08:20:11,113 [47aecc56-7e95-480d-b89c-2c00d33b4782@group-5EC277DF3249-LeaderElection170] INFO  impl.LeaderElection (LeaderElection.java:askForVotes(178)) - 47aecc56-7e95-480d-b89c-2c00d33b4782@group-5EC277DF3249-LeaderElection170: begin an election at term 178 for -1: [47aecc56-7e95-480d-b89c-2c00d33b4782:192.168.69.67:34550, 1bc296c6-def6-4ae4-8c62-5b4c951a28f1:192.168.69.67:37222, bc0382cc-50e2-4d58-b2de-e8b6250f3520:192.168.69.67:37666], old=null
2019-10-18 08:20:11,115 [grpc-default-executor-3] INFO  impl.RaftServerImpl (RaftServerImpl.java:setRole(184)) - 1bc296c6-def6-4ae4-8c62-5b4c951a28f1@group-5EC277DF3249: changes role from  FOLLOWER to FOLLOWER at term 178 for recognizeCandidate:47aecc56-7e95-480d-b89c-2c00d33b4782
2019-10-18 08:20:11,115 [grpc-default-executor-3] INFO  impl.RoleInfo (RoleInfo.java:shutdownFollowerState(121)) - 1bc296c6-def6-4ae4-8c62-5b4c951a28f1: shutdown FollowerState
2019-10-18 08:20:11,115 [grpc-default-executor-7] INFO  impl.RaftServerImpl (RaftServerImpl.java:setRole(184)) - bc0382cc-50e2-4d58-b2de-e8b6250f3520@group-5EC277DF3249: changes role from  FOLLOWER to FOLLOWER at term 178 for recognizeCandidate:47aecc56-7e95-480d-b89c-2c00d33b4782
2019-10-18 08:20:11,115 [grpc-default-executor-7] INFO  impl.RoleInfo (RoleInfo.java:shutdownFollowerState(121)) - bc0382cc-50e2-4d58-b2de-e8b6250f3520: shutdown FollowerState
2019-10-18 08:20:11,115 [grpc-default-executor-3] INFO  impl.RoleInfo (RoleInfo.java:updateAndGet(143)) - 1bc296c6-def6-4ae4-8c62-5b4c951a28f1: start FollowerState
2019-10-18 08:20:11,115 [Thread-1782] INFO  impl.FollowerState (FollowerState.java:run(117)) - 1bc296c6-def6-4ae4-8c62-5b4c951a28f1@group-5EC277DF3249-FollowerState was interrupted: java.lang.InterruptedException: sleep interrupted
2019-10-18 08:20:11,116 [Thread-1783] INFO  impl.FollowerState (FollowerState.java:run(117)) - bc0382cc-50e2-4d58-b2de-e8b6250f3520@group-5EC277DF3249-FollowerState was interrupted: java.lang.InterruptedException: sleep interrupted
2019-10-18 08:20:11,115 [grpc-default-executor-7] INFO  impl.RoleInfo (RoleInfo.java:updateAndGet(143)) - bc0382cc-50e2-4d58-b2de-e8b6250f3520: start FollowerState
2019-10-18 08:20:11,136 [47aecc56-7e95-480d-b89c-2c00d33b4782@group-5EC277DF3249-LeaderElection170] INFO  impl.LeaderElection (LeaderElection.java:logAndReturn(56)) - 47aecc56-7e95-480d-b89c-2c00d33b4782@group-5EC277DF3249-LeaderElection170: Election REJECTED; received 2 response(s) [47aecc56-7e95-480d-b89c-2c00d33b4782<-1bc296c6-def6-4ae4-8c62-5b4c951a28f1#0:FAIL-t178, 47aecc56-7e95-480d-b89c-2c00d33b4782<-bc0382cc-50e2-4d58-b2de-e8b6250f3520#0:FAIL-t178] and 0 exception(s); 47aecc56-7e95-480d-b89c-2c00d33b4782@group-5EC277DF3249:t178, leader=null, voted=47aecc56-7e95-480d-b89c-2c00d33b4782, raftlog=47aecc56-7e95-480d-b89c-2c00d33b4782@group-5EC277DF3249-SegmentedRaftLog:OPENED:c-1,f-1,i0, conf=-1: [47aecc56-7e95-480d-b89c-2c00d33b4782:192.168.69.67:34550, 1bc296c6-def6-4ae4-8c62-5b4c951a28f1:192.168.69.67:37222, bc0382cc-50e2-4d58-b2de-e8b6250f3520:192.168.69.67:37666], old=null
2019-10-18 08:20:11,136 [47aecc56-7e95-480d-b89c-2c00d33b4782@group-5EC277DF3249-LeaderElection170] INFO  impl.RaftServerImpl (RaftServerImpl.java:setRole(184)) - 47aecc56-7e95-480d-b89c-2c00d33b4782@group-5EC277DF3249: changes role from CANDIDATE to FOLLOWER at term 178 for DISCOVERED_A_NEW_TERM
2019-10-18 08:20:11,136 [47aecc56-7e95-480d-b89c-2c00d33b4782@group-5EC277DF3249-LeaderElection170] INFO  impl.RoleInfo (RoleInfo.java:shutdownLeaderElection(134)) - 47aecc56-7e95-480d-b89c-2c00d33b4782: shutdown LeaderElection
2019-10-18 08:20:11,136 [47aecc56-7e95-480d-b89c-2c00d33b4782@group-5EC277DF3249-LeaderElection170] INFO  impl.RoleInfo (RoleInfo.java:updateAndGet(143)) - 47aecc56-7e95-480d-b89c-2c00d33b4782: start FollowerState
 0.00% |?                                                                                                    |  0/1 Time: 0:04:192019-10-18 08:20:11,244 [Thread-1790] INFO  impl.FollowerState (FollowerState.java:run(108)) - 47aecc56-7e95-480d-b89c-2c00d33b4782@group-5EC277DF3249-FollowerState: change to CANDIDATE, lastRpcTime:107ms, electionTimeout:107ms
2019-10-18 08:20:11,244 [Thread-1790] INFO  impl.RoleInfo (RoleInfo.java:shutdownFollowerState(121)) - 47aecc56-7e95-480d-b89c-2c00d33b4782: shutdown FollowerState
2019-10-18 08:20:11,244 [Thread-1790] INFO  impl.RaftServerImpl (RaftServerImpl.java:setRole(184)) - 47aecc56-7e95-480d-b89c-2c00d33b4782@group-5EC277DF3249: changes role from  FOLLOWER to CANDIDATE at term 178 for changeToCandidate
2019-10-18 08:20:11,244 [Thread-1790] INFO  impl.RoleInfo (RoleInfo.java:updateAndGet(143)) - 47aecc56-7e95-480d-b89c-2c00d33b4782: start LeaderElection
2019-10-18 08:20:11,258 [47aecc56-7e95-480d-b89c-2c00d33b4782@group-5EC277DF3249-LeaderElection171] INFO  impl.LeaderElection (LeaderElection.java:askForVotes(178)) - 47aecc56-7e95-480d-b89c-2c00d33b4782@group-5EC277DF3249-LeaderElection171: begin an election at term 179 for -1: [47aecc56-7e95-480d-b89c-2c00d33b4782:192.168.69.67:34550, 1bc296c6-def6-4ae4-8c62-5b4c951a28f1:192.168.69.67:37222, bc0382cc-50e2-4d58-b2de-e8b6250f3520:192.168.69.67:37666], old=null
2019-10-18 08:20:11,261 [grpc-default-executor-7] INFO  impl.RaftServerImpl (RaftServerImpl.java:setRole(184)) - 1bc296c6-def6-4ae4-8c62-5b4c951a28f1@group-5EC277DF3249: changes role from  FOLLOWER to FOLLOWER at term 179 for recognizeCandidate:47aecc56-7e95-480d-b89c-2c00d33b4782
2019-10-18 08:20:11,261 [grpc-default-executor-7] INFO  impl.RoleInfo (RoleInfo.java:shutdownFollowerState(121)) - 1bc296c6-def6-4ae4-8c62-5b4c951a28f1: shutdown FollowerState
2019-10-18 08:20:11,261 [grpc-default-executor-7] INFO  impl.RoleInfo (RoleInfo.java:updateAndGet(143)) - 1bc296c6-def6-4ae4-8c62-5b4c951a28f1: start FollowerState
2019-10-18 08:20:11,261 [grpc-default-executor-3] INFO  impl.RaftServerImpl (RaftServerImpl.java:setRole(184)) - bc0382cc-50e2-4d58-b2de-e8b6250f3520@group-5EC277DF3249: changes role from  FOLLOWER to FOLLOWER at term 179 for recognizeCandidate:47aecc56-7e95-480d-b89c-2c00d33b4782
2019-10-18 08:20:11,261 [Thread-1788] INFO  impl.FollowerState (FollowerState.java:run(117)) - 1bc296c6-def6-4ae4-8c62-5b4c951a28f1@group-5EC277DF3249-FollowerState was interrupted: java.lang.InterruptedException: sleep interrupted
2019-10-18 08:20:11,262 [grpc-default-executor-3] INFO  impl.RoleInfo (RoleInfo.java:shutdownFollowerState(121)) - bc0382cc-50e2-4d58-b2de-e8b6250f3520: shutdown FollowerState
2019-10-18 08:20:11,262 [grpc-default-executor-3] INFO  impl.RoleInfo (RoleInfo.java:updateAndGet(143)) - bc0382cc-50e2-4d58-b2de-e8b6250f3520: start FollowerState
2019-10-18 08:20:11,262 [Thread-1789] INFO  impl.FollowerState (FollowerState.java:run(117)) - bc0382cc-50e2-4d58-b2de-e8b6250f3520@group-5EC277DF3249-FollowerState was interrupted: java.lang.InterruptedException: sleep interrupted
2019-10-18 08:20:11,276 [47aecc56-7e95-480d-b89c-2c00d33b4782@group-5EC277DF3249-LeaderElection171] INFO  impl.LeaderElection (LeaderElection.java:logAndReturn(56)) - 47aecc56-7e95-480d-b89c-2c00d33b4782@group-5EC277DF3249-LeaderElection171: Election REJECTED; received 2 response(s) [47aecc56-7e95-480d-b89c-2c00d33b4782<-1bc296c6-def6-4ae4-8c62-5b4c951a28f1#0:FAIL-t179, 47aecc56-7e95-480d-b89c-2c00d33b4782<-bc0382cc-50e2-4d58-b2de-e8b6250f3520#0:FAIL-t179] and 0 exception(s); 47aecc56-7e95-480d-b89c-2c00d33b4782@group-5EC277DF3249:t179, leader=null, voted=47aecc56-7e95-480d-b89c-2c00d33b4782, raftlog=47aecc56-7e95-480d-b89c-2c00d33b4782@group-5EC277DF3249-SegmentedRaftLog:OPENED:c-1,f-1,i0, conf=-1: [47aecc56-7e95-480d-b89c-2c00d33b4782:192.168.69.67:34550, 1bc296c6-def6-4ae4-8c62-5b4c951a28f1:192.168.69.67:37222, bc0382cc-50e2-4d58-b2de-e8b6250f3520:192.168.69.67:37666], old=null
2019-10-18 08:20:11,276 [47aecc56-7e95-480d-b89c-2c00d33b4782@group-5EC277DF3249-LeaderElection171] INFO  impl.RaftServerImpl (RaftServerImpl.java:setRole(184)) - 47aecc56-7e95-480d-b89c-2c00d33b4782@group-5EC277DF3249: changes role from CANDIDATE to FOLLOWER at term 179 for DISCOVERED_A_NEW_TERM
2019-10-18 08:20:11,276 [47aecc56-7e95-480d-b89c-2c00d33b4782@group-5EC277DF3249-LeaderElection171] INFO  impl.RoleInfo (RoleInfo.java:shutdownLeaderElection(134)) - 47aecc56-7e95-480d-b89c-2c00d33b4782: shutdown LeaderElection
2019-10-18 08:20:11,276 [47aecc56-7e95-480d-b89c-2c00d33b4782@group-5EC277DF3249-LeaderElection171] INFO  impl.RoleInfo (RoleInfo.java:updateAndGet(143)) - 47aecc56-7e95-480d-b89c-2c00d33b4782: start FollowerState
2019-10-18 08:20:11,440 [Thread-1796] INFO  impl.FollowerState (FollowerState.java:run(108)) - 47aecc56-7e95-480d-b89c-2c00d33b4782@group-5EC277DF3249-FollowerState: change to CANDIDATE, lastRpcTime:163ms, electionTimeout:163ms
2019-10-18 08:20:11,440 [Thread-1796] INFO  impl.RoleInfo (RoleInfo.java:shutdownFollowerState(121)) - 47aecc56-7e95-480d-b89c-2c00d33b4782: shutdown FollowerState
2019-10-18 08:20:11,440 [Thread-1796] INFO  impl.RaftServerImpl (RaftServerImpl.java:setRole(184)) - 47aecc56-7e95-480d-b89c-2c00d33b4782@group-5EC277DF3249: changes role from  FOLLOWER to CANDIDATE at term 179 for changeToCandidate
2019-10-18 08:20:11,440 [Thread-1796] INFO  impl.RoleInfo (RoleInfo.java:updateAndGet(143)) - 47aecc56-7e95-480d-b89c-2c00d33b4782: start LeaderElection
2019-10-18 08:20:11,449 [47aecc56-7e95-480d-b89c-2c00d33b4782@group-5EC277DF3249-LeaderElection172] INFO  impl.LeaderElection (LeaderElection.java:askForVotes(178)) - 47aecc56-7e95-480d-b89c-2c00d33b4782@group-5EC277DF3249-LeaderElection172: begin an election at term 180 for -1: [47aecc56-7e95-480d-b89c-2c00d33b4782:192.168.69.67:34550, 1bc296c6-def6-4ae4-8c62-5b4c951a28f1:192.168.69.67:37222, bc0382cc-50e2-4d58-b2de-e8b6250f3520:192.168.69.67:37666], old=null
2019-10-18 08:20:11,452 [grpc-default-executor-3] INFO  impl.RaftServerImpl (RaftServerImpl.java:setRole(184)) - 1bc296c6-def6-4ae4-8c62-5b4c951a28f1@group-5EC277DF3249: changes role from  FOLLOWER to FOLLOWER at term 180 for recognizeCandidate:47aecc56-7e95-480d-b89c-2c00d33b4782
2019-10-18 08:20:11,452 [grpc-default-executor-7] INFO  impl.RaftServerImpl (RaftServerImpl.java:setRole(184)) - bc0382cc-50e2-4d58-b2de-e8b6250f3520@group-5EC277DF3249: changes role from  FOLLOWER to FOLLOWER at term 180 for recognizeCandidate:47aecc56-7e95-480d-b89c-2c00d33b4782
2019-10-18 08:20:11,452 [grpc-default-executor-3] INFO  impl.RoleInfo (RoleInfo.java:shutdownFollowerState(121)) - 1bc296c6-def6-4ae4-8c62-5b4c951a28f1: shutdown FollowerState
2019-10-18 08:20:11,452 [grpc-default-executor-7] INFO  impl.RoleInfo (RoleInfo.java:shutdownFollowerState(121)) - bc0382cc-50e2-4d58-b2de-e8b6250f3520: shutdown FollowerState
2019-10-18 08:20:11,452 [Thread-1794] INFO  impl.FollowerState (FollowerState.java:run(117)) - 1bc296c6-def6-4ae4-8c62-5b4c951a28f1@group-5EC277DF3249-FollowerState was interrupted: java.lang.InterruptedException: sleep interrupted
2019-10-18 08:20:11,452 [grpc-default-executor-3] INFO  impl.RoleInfo (RoleInfo.java:updateAndGet(143)) - 1bc296c6-def6-4ae4-8c62-5b4c951a28f1: start FollowerState
2019-10-18 08:20:11,452 [Thread-1795] INFO  impl.FollowerState (FollowerState.java:run(117)) - bc0382cc-50e2-4d58-b2de-e8b6250f3520@group-5EC277DF3249-FollowerState was interrupted: java.lang.InterruptedException: sleep interrupted
2019-10-18 08:20:11,452 [grpc-default-executor-7] INFO  impl.RoleInfo (RoleInfo.java:updateAndGet(143)) - bc0382cc-50e2-4d58-b2de-e8b6250f3520: start FollowerState
2019-10-18 08:20:11,462 [47aecc56-7e95-480d-b89c-2c00d33b4782@group-5EC277DF3249-LeaderElection172] INFO  impl.LeaderElection (LeaderElection.java:logAndReturn(56)) - 47aecc56-7e95-480d-b89c-2c00d33b4782@group-5EC277DF3249-LeaderElection172: Election TIMEOUT; received 0 response(s) [] and 0 exception(s); 47aecc56-7e95-480d-b89c-2c00d33b4782@group-5EC277DF3249:t180, leader=null, voted=47aecc56-7e95-480d-b89c-2c00d33b4782, raftlog=47aecc56-7e95-480d-b89c-2c00d33b4782@group-5EC277DF3249-SegmentedRaftLog:OPENED:c-1,f-1,i0, conf=-1: [47aecc56-7e95-480d-b89c-2c00d33b4782:192.168.69.67:34550, 1bc296c6-def6-4ae4-8c62-5b4c951a28f1:192.168.69.67:37222, bc0382cc-50e2-4d58-b2de-e8b6250f3520:192.168.69.67:37666], old=null
2019-10-18 08:20:11,467 [47aecc56-7e95-480d-b89c-2c00d33b4782@group-5EC277DF3249-LeaderElection172] INFO  impl.LeaderElection (LeaderElection.java:askForVotes(178)) - 47aecc56-7e95-480d-b89c-2c00d33b4782@group-5EC277DF3249-LeaderElection172: begin an election at term 181 for -1: [47aecc56-7e95-480d-b89c-2c00d33b4782:192.168.69.67:34550, 1bc296c6-def6-4ae4-8c62-5b4c951a28f1:192.168.69.67:37222, bc0382cc-50e2-4d58-b2de-e8b6250f3520:192.168.69.67:37666], old=null
2019-10-18 08:20:11,468 [grpc-default-executor-7] INFO  impl.RaftServerImpl (RaftServerImpl.java:setRole(184)) - 1bc296c6-def6-4ae4-8c62-5b4c951a28f1@group-5EC277DF3249: changes role from  FOLLOWER to FOLLOWER at term 181 for recognizeCandidate:47aecc56-7e95-480d-b89c-2c00d33b4782
2019-10-18 08:20:11,468 [grpc-default-executor-7] INFO  impl.RoleInfo (RoleInfo.java:shutdownFollowerState(121)) - 1bc296c6-def6-4ae4-8c62-5b4c951a28f1: shutdown FollowerState
2019-10-18 08:20:11,468 [grpc-default-executor-7] INFO  impl.RoleInfo (RoleInfo.java:updateAndGet(143)) - 1bc296c6-def6-4ae4-8c62-5b4c951a28f1: start FollowerState
2019-10-18 08:20:11,468 [Thread-1800] INFO  impl.FollowerState (FollowerState.java:run(117)) - 1bc296c6-def6-4ae4-8c62-5b4c951a28f1@group-5EC277DF3249-FollowerState was interrupted: java.lang.InterruptedException: sleep interrupted
2019-10-18 08:20:11,469 [grpc-default-executor-3] INFO  impl.RaftServerImpl (RaftServerImpl.java:setRole(184)) - bc0382cc-50e2-4d58-b2de-e8b6250f3520@group-5EC277DF3249: changes role from  FOLLOWER to FOLLOWER at term 181 for recognizeCandidate:47aecc56-7e95-480d-b89c-2c00d33b4782
2019-10-18 08:20:11,469 [grpc-default-executor-3] INFO  impl.RoleInfo (RoleInfo.java:shutdownFollowerState(121)) - bc0382cc-50e2-4d58-b2de-e8b6250f3520: shutdown FollowerState
2019-10-18 08:20:11,469 [grpc-default-executor-3] INFO  impl.RoleInfo (RoleInfo.java:updateAndGet(143)) - bc0382cc-50e2-4d58-b2de-e8b6250f3520: start FollowerState
2019-10-18 08:20:11,469 [Thread-1801] INFO  impl.FollowerState (FollowerState.java:run(117)) - bc0382cc-50e2-4d58-b2de-e8b6250f3520@group-5EC277DF3249-FollowerState was interrupted: java.lang.InterruptedException: sleep interrupted
2019-10-18 08:20:11,483 [47aecc56-7e95-480d-b89c-2c00d33b4782@group-5EC277DF3249-LeaderElection172] INFO  impl.LeaderElection (LeaderElection.java:logAndReturn(56)) - 47aecc56-7e95-480d-b89c-2c00d33b4782@group-5EC277DF3249-LeaderElection172: Election REJECTED; received 2 response(s) [47aecc56-7e95-480d-b89c-2c00d33b4782<-1bc296c6-def6-4ae4-8c62-5b4c951a28f1#0:FAIL-t181, 47aecc56-7e95-480d-b89c-2c00d33b4782<-bc0382cc-50e2-4d58-b2de-e8b6250f3520#0:FAIL-t181] and 0 exception(s); 47aecc56-7e95-480d-b89c-2c00d33b4782@group-5EC277DF3249:t181, leader=null, voted=47aecc56-7e95-480d-b89c-2c00d33b4782, raftlog=47aecc56-7e95-480d-b89c-2c00d33b4782@group-5EC277DF3249-SegmentedRaftLog:OPENED:c-1,f-1,i0, conf=-1: [47aecc56-7e95-480d-b89c-2c00d33b4782:192.168.69.67:34550, 1bc296c6-def6-4ae4-8c62-5b4c951a28f1:192.168.69.67:37222, bc0382cc-50e2-4d58-b2de-e8b6250f3520:192.168.69.67:37666], old=null
2019-10-18 08:20:11,483 [47aecc56-7e95-480d-b89c-2c00d33b4782@group-5EC277DF3249-LeaderElection172] INFO  impl.RaftServerImpl (RaftServerImpl.java:setRole(184)) - 47aecc56-7e95-480d-b89c-2c00d33b4782@group-5EC277DF3249: changes role from CANDIDATE to FOLLOWER at term 181 for DISCOVERED_A_NEW_TERM
2019-10-18 08:20:11,483 [47aecc56-7e95-480d-b89c-2c00d33b4782@group-5EC277DF3249-LeaderElection172] INFO  impl.RoleInfo (RoleInfo.java:shutdownLeaderElection(134)) - 47aecc56-7e95-480d-b89c-2c00d33b4782: shutdown LeaderElection
2019-10-18 08:20:11,483 [47aecc56-7e95-480d-b89c-2c00d33b4782@group-5EC277DF3249-LeaderElection172] INFO  impl.RoleInfo (RoleInfo.java:updateAndGet(143)) - 47aecc56-7e95-480d-b89c-2c00d33b4782: start FollowerState
2019-10-18 08:20:11,494 [Thread-1806] INFO  impl.FollowerState (FollowerState.java:run(108)) - 47aecc56-7e95-480d-b89c-2c00d33b4782@group-5EC277DF3249-FollowerState: change to CANDIDATE, lastRpcTime:11ms, electionTimeout:11ms
2019-10-18 08:20:11,494 [Thread-1806] INFO  impl.RoleInfo (RoleInfo.java:shutdownFollowerState(121)) - 47aecc56-7e95-480d-b89c-2c00d33b4782: shutdown FollowerState
2019-10-18 08:20:11,494 [Thread-1806] INFO  impl.RaftServerImpl (RaftServerImpl.java:setRole(184)) - 47aecc56-7e95-480d-b89c-2c00d33b4782@group-5EC277DF3249: changes role from  FOLLOWER to CANDIDATE at term 181 for changeToCandidate
2019-10-18 08:20:11,494 [Thread-1806] INFO  impl.RoleInfo (RoleInfo.java:updateAndGet(143)) - 47aecc56-7e95-480d-b89c-2c00d33b4782: start LeaderElection
2019-10-18 08:20:11,508 [47aecc56-7e95-480d-b89c-2c00d33b4782@group-5EC277DF3249-LeaderElection173] INFO  impl.LeaderElection (LeaderElection.java:askForVotes(178)) - 47aecc56-7e95-480d-b89c-2c00d33b4782@group-5EC277DF3249-LeaderElection173: begin an election at term 182 for -1: [47aecc56-7e95-480d-b89c-2c00d33b4782:192.168.69.67:34550, 1bc296c6-def6-4ae4-8c62-5b4c951a28f1:192.168.69.67:37222, bc0382cc-50e2-4d58-b2de-e8b6250f3520:192.168.69.67:37666], old=null
2019-10-18 08:20:11,510 [grpc-default-executor-7] INFO  impl.RaftServerImpl (RaftServerImpl.java:setRole(184)) - 1bc296c6-def6-4ae4-8c62-5b4c951a28f1@group-5EC277DF3249: changes role from  FOLLOWER to FOLLOWER at term 182 for recognizeCandidate:47aecc56-7e95-480d-b89c-2c00d33b4782
2019-10-18 08:20:11,510 [grpc-default-executor-3] INFO  impl.RaftServerImpl (RaftServerImpl.java:setRole(184)) - bc0382cc-50e2-4d58-b2de-e8b6250f3520@group-5EC277DF3249: changes role from  FOLLOWER to FOLLOWER at term 182 for recognizeCandidate:47aecc56-7e95-480d-b89c-2c00d33b4782
2019-10-18 08:20:11,510 [grpc-default-executor-7] INFO  impl.RoleInfo (RoleInfo.java:shutdownFollowerState(121)) - 1bc296c6-def6-4ae4-8c62-5b4c951a28f1: shutdown FollowerState
2019-10-18 08:20:11,510 [grpc-default-executor-3] INFO  impl.RoleInfo (RoleInfo.java:shutdownFollowerState(121)) - bc0382cc-50e2-4d58-b2de-e8b6250f3520: shutdown FollowerState
2019-10-18 08:20:11,510 [Thread-1804] INFO  impl.FollowerState (FollowerState.java:run(117)) - 1bc296c6-def6-4ae4-8c62-5b4c951a28f1@group-5EC277DF3249-FollowerState was interrupted: java.lang.InterruptedException: sleep interrupted
2019-10-18 08:20:11,510 [grpc-default-executor-7] INFO  impl.RoleInfo (RoleInfo.java:updateAndGet(143)) - 1bc296c6-def6-4ae4-8c62-5b4c951a28f1: start FollowerState
2019-10-18 08:20:11,510 [Thread-1805] INFO  impl.FollowerState (FollowerState.java:run(117)) - bc0382cc-50e2-4d58-b2de-e8b6250f3520@group-5EC277DF3249-FollowerState was interrupted: java.lang.InterruptedException: sleep interrupted
2019-10-18 08:20:11,510 [grpc-default-executor-3] INFO  impl.RoleInfo (RoleInfo.java:updateAndGet(143)) - bc0382cc-50e2-4d58-b2de-e8b6250f3520: start FollowerState
2019-10-18 08:20:11,524 [47aecc56-7e95-480d-b89c-2c00d33b4782@group-5EC277DF3249-LeaderElection173] INFO  impl.LeaderElection (LeaderElection.java:logAndReturn(56)) - 47aecc56-7e95-480d-b89c-2c00d33b4782@group-5EC277DF3249-LeaderElection173: Election REJECTED; received 2 response(s) [47aecc56-7e95-480d-b89c-2c00d33b4782<-1bc296c6-def6-4ae4-8c62-5b4c951a28f1#0:FAIL-t182, 47aecc56-7e95-480d-b89c-2c00d33b4782<-bc0382cc-50e2-4d58-b2de-e8b6250f3520#0:FAIL-t182] and 0 exception(s); 47aecc56-7e95-480d-b89c-2c00d33b4782@group-5EC277DF3249:t182, leader=null, voted=47aecc56-7e95-480d-b89c-2c00d33b4782, raftlog=47aecc56-7e95-480d-b89c-2c00d33b4782@group-5EC277DF3249-SegmentedRaftLog:OPENED:c-1,f-1,i0, conf=-1: [47aecc56-7e95-480d-b89c-2c00d33b4782:192.168.69.67:34550, 1bc296c6-def6-4ae4-8c62-5b4c951a28f1:192.168.69.67:37222, bc0382cc-50e2-4d58-b2de-e8b6250f3520:192.168.69.67:37666], old=null
2019-10-18 08:20:11,524 [47aecc56-7e95-480d-b89c-2c00d33b4782@group-5EC277DF3249-LeaderElection173] INFO  impl.RaftServerImpl (RaftServerImpl.java:setRole(184)) - 47aecc56-7e95-480d-b89c-2c00d33b4782@group-5EC277DF3249: changes role from CANDIDATE to FOLLOWER at term 182 for DISCOVERED_A_NEW_TERM
2019-10-18 08:20:11,524 [47aecc56-7e95-480d-b89c-2c00d33b4782@group-5EC277DF3249-LeaderElection173] INFO  impl.RoleInfo (RoleInfo.java:shutdownLeaderElection(134)) - 47aecc56-7e95-480d-b89c-2c00d33b4782: shutdown LeaderElection
2019-10-18 08:20:11,524 [47aecc56-7e95-480d-b89c-2c00d33b4782@group-5EC277DF3249-LeaderElection173] INFO  impl.RoleInfo (RoleInfo.java:updateAndGet(143)) - 47aecc56-7e95-480d-b89c-2c00d33b4782: start FollowerState
2019-10-18 08:20:11,598 [Thread-1812] INFO  impl.FollowerState (FollowerState.java:run(108)) - 47aecc56-7e95-480d-b89c-2c00d33b4782@group-5EC277DF3249-FollowerState: change to CANDIDATE, lastRpcTime:73ms, electionTimeout:73ms
2019-10-18 08:20:11,598 [Thread-1812] INFO  impl.RoleInfo (RoleInfo.java:shutdownFollowerState(121)) - 47aecc56-7e95-480d-b89c-2c00d33b4782: shutdown FollowerState
2019-10-18 08:20:11,598 [Thread-1812] INFO  impl.RaftServerImpl (RaftServerImpl.java:setRole(184)) - 47aecc56-7e95-480d-b89c-2c00d33b4782@group-5EC277DF3249: changes role from  FOLLOWER to CANDIDATE at term 182 for changeToCandidate
2019-10-18 08:20:11,598 [Thread-1812] INFO  impl.RoleInfo (RoleInfo.java:updateAndGet(143)) - 47aecc56-7e95-480d-b89c-2c00d33b4782: start LeaderElection
2019-10-18 08:20:11,611 [47aecc56-7e95-480d-b89c-2c00d33b4782@group-5EC277DF3249-LeaderElection174] INFO  impl.LeaderElection (LeaderElection.java:askForVotes(178)) - 47aecc56-7e95-480d-b89c-2c00d33b4782@group-5EC277DF3249-LeaderElection174: begin an election at term 183 for -1: [47aecc56-7e95-480d-b89c-2c00d33b4782:192.168.69.67:34550, 1bc296c6-def6-4ae4-8c62-5b4c951a28f1:192.168.69.67:37222, bc0382cc-50e2-4d58-b2de-e8b6250f3520:192.168.69.67:37666], old=null
2019-10-18 08:20:11,613 [grpc-default-executor-3] INFO  impl.RaftServerImpl (RaftServerImpl.java:setRole(184)) - bc0382cc-50e2-4d58-b2de-e8b6250f3520@group-5EC277DF3249: changes role from  FOLLOWER to FOLLOWER at term 183 for recognizeCandidate:47aecc56-7e95-480d-b89c-2c00d33b4782
2019-10-18 08:20:11,613 [grpc-default-executor-7] INFO  impl.RaftServerImpl (RaftServerImpl.java:setRole(184)) - 1bc296c6-def6-4ae4-8c62-5b4c951a28f1@group-5EC277DF3249: changes role from  FOLLOWER to FOLLOWER at term 183 for recognizeCandidate:47aecc56-7e95-480d-b89c-2c00d33b4782
2019-10-18 08:20:11,613 [grpc-default-executor-3] INFO  impl.RoleInfo (RoleInfo.java:shutdownFollowerState(121)) - bc0382cc-50e2-4d58-b2de-e8b6250f3520: shutdown FollowerState
2019-10-18 08:20:11,613 [grpc-default-executor-7] INFO  impl.RoleInfo (RoleInfo.java:shutdownFollowerState(121)) - 1bc296c6-def6-4ae4-8c62-5b4c951a28f1: shutdown FollowerState
2019-10-18 08:20:11,613 [grpc-default-executor-3] INFO  impl.RoleInfo (RoleInfo.java:updateAndGet(143)) - bc0382cc-50e2-4d58-b2de-e8b6250f3520: start FollowerState
2019-10-18 08:20:11,613 [grpc-default-executor-7] INFO  impl.RoleInfo (RoleInfo.java:updateAndGet(143)) - 1bc296c6-def6-4ae4-8c62-5b4c951a28f1: start FollowerState
2019-10-18 08:20:11,613 [Thread-1811] INFO  impl.FollowerState (FollowerState.java:run(117)) - bc0382cc-50e2-4d58-b2de-e8b6250f3520@group-5EC277DF3249-FollowerState was interrupted: java.lang.InterruptedException: sleep interrupted
2019-10-18 08:20:11,614 [Thread-1810] INFO  impl.FollowerState (FollowerState.java:run(117)) - 1bc296c6-def6-4ae4-8c62-5b4c951a28f1@group-5EC277DF3249-FollowerState was interrupted: java.lang.InterruptedException: sleep interrupted
2019-10-18 08:20:11,627 [47aecc56-7e95-480d-b89c-2c00d33b4782@group-5EC277DF3249-LeaderElection174] INFO  impl.LeaderElection (LeaderElection.java:logAndReturn(56)) - 47aecc56-7e95-480d-b89c-2c00d33b4782@group-5EC277DF3249-LeaderElection174: Election REJECTED; received 2 response(s) [47aecc56-7e95-480d-b89c-2c00d33b4782<-1bc296c6-def6-4ae4-8c62-5b4c951a28f1#0:FAIL-t183, 47aecc56-7e95-480d-b89c-2c00d33b4782<-bc0382cc-50e2-4d58-b2de-e8b6250f3520#0:FAIL-t183] and 0 exception(s); 47aecc56-7e95-480d-b89c-2c00d33b4782@group-5EC277DF3249:t183, leader=null, voted=47aecc56-7e95-480d-b89c-2c00d33b4782, raftlog=47aecc56-7e95-480d-b89c-2c00d33b4782@group-5EC277DF3249-SegmentedRaftLog:OPENED:c-1,f-1,i0, conf=-1: [47aecc56-7e95-480d-b89c-2c00d33b4782:192.168.69.67:34550, 1bc296c6-def6-4ae4-8c62-5b4c951a28f1:192.168.69.67:37222, bc0382cc-50e2-4d58-b2de-e8b6250f3520:192.168.69.67:37666], old=null
2019-10-18 08:20:11,627 [47aecc56-7e95-480d-b89c-2c00d33b4782@group-5EC277DF3249-LeaderElection174] INFO  impl.RaftServerImpl (RaftServerImpl.java:setRole(184)) - 47aecc56-7e95-480d-b89c-2c00d33b4782@group-5EC277DF3249: changes role from CANDIDATE to FOLLOWER at term 183 for DISCOVERED_A_NEW_TERM
2019-10-18 08:20:11,627 [47aecc56-7e95-480d-b89c-2c00d33b4782@group-5EC277DF3249-LeaderElection174] INFO  impl.RoleInfo (RoleInfo.java:shutdownLeaderElection(134)) - 47aecc56-7e95-480d-b89c-2c00d33b4782: shutdown LeaderElection
2019-10-18 08:20:11,627 [47aecc56-7e95-480d-b89c-2c00d33b4782@group-5EC277DF3249-LeaderElection174] INFO  impl.RoleInfo (RoleInfo.java:updateAndGet(143)) - 47aecc56-7e95-480d-b89c-2c00d33b4782: start FollowerState
2019-10-18 08:20:11,648 [Thread-1818] INFO  impl.FollowerState (FollowerState.java:run(108)) - 47aecc56-7e95-480d-b89c-2c00d33b4782@group-5EC277DF3249-FollowerState: change to CANDIDATE, lastRpcTime:21ms, electionTimeout:21ms
2019-10-18 08:20:11,649 [Thread-1818] INFO  impl.RoleInfo (RoleInfo.java:shutdownFollowerState(121)) - 47aecc56-7e95-480d-b89c-2c00d33b4782: shutdown FollowerState
2019-10-18 08:20:11,649 [Thread-1818] INFO  impl.RaftServerImpl (RaftServerImpl.java:setRole(184)) - 47aecc56-7e95-480d-b89c-2c00d33b4782@group-5EC277DF3249: changes role from  FOLLOWER to CANDIDATE at term 183 for changeToCandidate
2019-10-18 08:20:11,649 [Thread-1818] INFO  impl.RoleInfo (RoleInfo.java:updateAndGet(143)) - 47aecc56-7e95-480d-b89c-2c00d33b4782: start LeaderElection
2019-10-18 08:20:11,662 [47aecc56-7e95-480d-b89c-2c00d33b4782@group-5EC277DF3249-LeaderElection175] INFO  impl.LeaderElection (LeaderElection.java:askForVotes(178)) - 47aecc56-7e95-480d-b89c-2c00d33b4782@group-5EC277DF3249-LeaderElection175: begin an election at term 184 for -1: [47aecc56-7e95-480d-b89c-2c00d33b4782:192.168.69.67:34550, 1bc296c6-def6-4ae4-8c62-5b4c951a28f1:192.168.69.67:37222, bc0382cc-50e2-4d58-b2de-e8b6250f3520:192.168.69.67:37666], old=null
2019-10-18 08:20:11,663 [grpc-default-executor-3] INFO  impl.RaftServerImpl (RaftServerImpl.java:setRole(184)) - 1bc296c6-def6-4ae4-8c62-5b4c951a28f1@group-5EC277DF3249: changes role from  FOLLOWER to FOLLOWER at term 184 for recognizeCandidate:47aecc56-7e95-480d-b89c-2c00d33b4782
2019-10-18 08:20:11,663 [grpc-default-executor-3] INFO  impl.RoleInfo (RoleInfo.java:shutdownFollowerState(121)) - 1bc296c6-def6-4ae4-8c62-5b4c951a28f1: shutdown FollowerState
2019-10-18 08:20:11,663 [grpc-default-executor-3] INFO  impl.RoleInfo (RoleInfo.java:updateAndGet(143)) - 1bc296c6-def6-4ae4-8c62-5b4c951a28f1: start FollowerState
2019-10-18 08:20:11,663 [Thread-1817] INFO  impl.FollowerState (FollowerState.java:run(117)) - 1bc296c6-def6-4ae4-8c62-5b4c951a28f1@group-5EC277DF3249-FollowerState was interrupted: java.lang.InterruptedException: sleep interrupted
2019-10-18 08:20:11,664 [grpc-default-executor-7] INFO  impl.RaftServerImpl (RaftServerImpl.java:setRole(184)) - bc0382cc-50e2-4d58-b2de-e8b6250f3520@group-5EC277DF3249: changes role from  FOLLOWER to FOLLOWER at term 184 for recognizeCandidate:47aecc56-7e95-480d-b89c-2c00d33b4782
2019-10-18 08:20:11,664 [grpc-default-executor-7] INFO  impl.RoleInfo (RoleInfo.java:shutdownFollowerState(121)) - bc0382cc-50e2-4d58-b2de-e8b6250f3520: shutdown FollowerState
2019-10-18 08:20:11,664 [grpc-default-executor-7] INFO  impl.RoleInfo (RoleInfo.java:updateAndGet(143)) - bc0382cc-50e2-4d58-b2de-e8b6250f3520: start FollowerState
2019-10-18 08:20:11,664 [Thread-1816] INFO  impl.FollowerState (FollowerState.java:run(117)) - bc0382cc-50e2-4d58-b2de-e8b6250f3520@group-5EC277DF3249-FollowerState was interrupted: java.lang.InterruptedException: sleep interrupted
2019-10-18 08:20:11,683 [47aecc56-7e95-480d-b89c-2c00d33b4782@group-5EC277DF3249-LeaderElection175] INFO  impl.LeaderElection (LeaderElection.java:logAndReturn(56)) - 47aecc56-7e95-480d-b89c-2c00d33b4782@group-5EC277DF3249-LeaderElection175: Election REJECTED; received 2 response(s) [47aecc56-7e95-480d-b89c-2c00d33b4782<-1bc296c6-def6-4ae4-8c62-5b4c951a28f1#0:FAIL-t184, 47aecc56-7e95-480d-b89c-2c00d33b4782<-bc0382cc-50e2-4d58-b2de-e8b6250f3520#0:FAIL-t184] and 0 exception(s); 47aecc56-7e95-480d-b89c-2c00d33b4782@group-5EC277DF3249:t184, leader=null, voted=47aecc56-7e95-480d-b89c-2c00d33b4782, raftlog=47aecc56-7e95-480d-b89c-2c00d33b4782@group-5EC277DF3249-SegmentedRaftLog:OPENED:c-1,f-1,i0, conf=-1: [47aecc56-7e95-480d-b89c-2c00d33b4782:192.168.69.67:34550, 1bc296c6-def6-4ae4-8c62-5b4c951a28f1:192.168.69.67:37222, bc0382cc-50e2-4d58-b2de-e8b6250f3520:192.168.69.67:37666], old=null
2019-10-18 08:20:11,684 [47aecc56-7e95-480d-b89c-2c00d33b4782@group-5EC277DF3249-LeaderElection175] INFO  impl.RaftServerImpl (RaftServerImpl.java:setRole(184)) - 47aecc56-7e95-480d-b89c-2c00d33b4782@group-5EC277DF3249: changes role from CANDIDATE to FOLLOWER at term 184 for DISCOVERED_A_NEW_TERM
2019-10-18 08:20:11,684 [47aecc56-7e95-480d-b89c-2c00d33b4782@group-5EC277DF3249-LeaderElection175] INFO  impl.RoleInfo (RoleInfo.java:shutdownLeaderElection(134)) - 47aecc56-7e95-480d-b89c-2c00d33b4782: shutdown LeaderElection
2019-10-18 08:20:11,684 [47aecc56-7e95-480d-b89c-2c00d33b4782@group-5EC277DF3249-LeaderElection175] INFO  impl.RoleInfo (RoleInfo.java:updateAndGet(143)) - 47aecc56-7e95-480d-b89c-2c00d33b4782: start FollowerState
2019-10-18 08:20:11,699 [Thread-1824] INFO  impl.FollowerState (FollowerState.java:run(108)) - 47aecc56-7e95-480d-b89c-2c00d33b4782@group-5EC277DF3249-FollowerState: change to CANDIDATE, lastRpcTime:15ms, electionTimeout:15ms
2019-10-18 08:20:11,699 [Thread-1824] INFO  impl.RoleInfo (RoleInfo.java:shutdownFollowerState(121)) - 47aecc56-7e95-480d-b89c-2c00d33b4782: shutdown FollowerState
2019-10-18 08:20:11,699 [Thread-1824] INFO  impl.RaftServerImpl (RaftServerImpl.java:setRole(184)) - 47aecc56-7e95-480d-b89c-2c00d33b4782@group-5EC277DF3249: changes role from  FOLLOWER to CANDIDATE at term 184 for changeToCandidate
2019-10-18 08:20:11,699 [Thread-1824] INFO  impl.RoleInfo (RoleInfo.java:updateAndGet(143)) - 47aecc56-7e95-480d-b89c-2c00d33b4782: start LeaderElection
2019-10-18 08:20:11,713 [47aecc56-7e95-480d-b89c-2c00d33b4782@group-5EC277DF3249-LeaderElection176] INFO  impl.LeaderElection (LeaderElection.java:askForVotes(178)) - 47aecc56-7e95-480d-b89c-2c00d33b4782@group-5EC277DF3249-LeaderElection176: begin an election at term 185 for -1: [47aecc56-7e95-480d-b89c-2c00d33b4782:192.168.69.67:34550, 1bc296c6-def6-4ae4-8c62-5b4c951a28f1:192.168.69.67:37222, bc0382cc-50e2-4d58-b2de-e8b6250f3520:192.168.69.67:37666], old=null
2019-10-18 08:20:11,715 [grpc-default-executor-7] INFO  impl.RaftServerImpl (RaftServerImpl.java:setRole(184)) - 1bc296c6-def6-4ae4-8c62-5b4c951a28f1@group-5EC277DF3249: changes role from  FOLLOWER to FOLLOWER at term 185 for recognizeCandidate:47aecc56-7e95-480d-b89c-2c00d33b4782
2019-10-18 08:20:11,715 [grpc-default-executor-7] INFO  impl.RoleInfo (RoleInfo.java:shutdownFollowerState(121)) - 1bc296c6-def6-4ae4-8c62-5b4c951a28f1: shutdown FollowerState
2019-10-18 08:20:11,715 [grpc-default-executor-7] INFO  impl.RoleInfo (RoleInfo.java:updateAndGet(143)) - 1bc296c6-def6-4ae4-8c62-5b4c951a28f1: start FollowerState
2019-10-18 08:20:11,715 [Thread-1822] INFO  impl.FollowerState (FollowerState.java:run(117)) - 1bc296c6-def6-4ae4-8c62-5b4c951a28f1@group-5EC277DF3249-FollowerState was interrupted: java.lang.InterruptedException: sleep interrupted
2019-10-18 08:20:11,715 [grpc-default-executor-3] INFO  impl.RaftServerImpl (RaftServerImpl.java:setRole(184)) - bc0382cc-50e2-4d58-b2de-e8b6250f3520@group-5EC277DF3249: changes role from  FOLLOWER to FOLLOWER at term 185 for recognizeCandidate:47aecc56-7e95-480d-b89c-2c00d33b4782
2019-10-18 08:20:11,715 [grpc-default-executor-3] INFO  impl.RoleInfo (RoleInfo.java:shutdownFollowerState(121)) - bc0382cc-50e2-4d58-b2de-e8b6250f3520: shutdown FollowerState
2019-10-18 08:20:11,716 [grpc-default-executor-3] INFO  impl.RoleInfo (RoleInfo.java:updateAndGet(143)) - bc0382cc-50e2-4d58-b2de-e8b6250f3520: start FollowerState
2019-10-18 08:20:11,716 [Thread-1823] INFO  impl.FollowerState (FollowerState.java:run(117)) - bc0382cc-50e2-4d58-b2de-e8b6250f3520@group-5EC277DF3249-FollowerState was interrupted: java.lang.InterruptedException: sleep interrupted
2019-10-18 08:20:11,729 [47aecc56-7e95-480d-b89c-2c00d33b4782@group-5EC277DF3249-LeaderElection176] INFO  impl.LeaderElection (LeaderElection.java:logAndReturn(56)) - 47aecc56-7e95-480d-b89c-2c00d33b4782@group-5EC277DF3249-LeaderElection176: Election REJECTED; received 2 response(s) [47aecc56-7e95-480d-b89c-2c00d33b4782<-1bc296c6-def6-4ae4-8c62-5b4c951a28f1#0:FAIL-t185, 47aecc56-7e95-480d-b89c-2c00d33b4782<-bc0382cc-50e2-4d58-b2de-e8b6250f3520#0:FAIL-t185] and 0 exception(s); 47aecc56-7e95-480d-b89c-2c00d33b4782@group-5EC277DF3249:t185, leader=null, voted=47aecc56-7e95-480d-b89c-2c00d33b4782, raftlog=47aecc56-7e95-480d-b89c-2c00d33b4782@group-5EC277DF3249-SegmentedRaftLog:OPENED:c-1,f-1,i0, conf=-1: [47aecc56-7e95-480d-b89c-2c00d33b4782:192.168.69.67:34550, 1bc296c6-def6-4ae4-8c62-5b4c951a28f1:192.168.69.67:37222, bc0382cc-50e2-4d58-b2de-e8b6250f3520:192.168.69.67:37666], old=null
2019-10-18 08:20:11,729 [47aecc56-7e95-480d-b89c-2c00d33b4782@group-5EC277DF3249-LeaderElection176] INFO  impl.RaftServerImpl (RaftServerImpl.java:setRole(184)) - 47aecc56-7e95-480d-b89c-2c00d33b4782@group-5EC277DF3249: changes role from CANDIDATE to FOLLOWER at term 185 for DISCOVERED_A_NEW_TERM
2019-10-18 08:20:11,729 [47aecc56-7e95-480d-b89c-2c00d33b4782@group-5EC277DF3249-LeaderElection176] INFO  impl.RoleInfo (RoleInfo.java:shutdownLeaderElection(134)) - 47aecc56-7e95-480d-b89c-2c00d33b4782: shutdown LeaderElection
2019-10-18 08:20:11,729 [47aecc56-7e95-480d-b89c-2c00d33b4782@group-5EC277DF3249-LeaderElection176] INFO  impl.RoleInfo (RoleInfo.java:updateAndGet(143)) - 47aecc56-7e95-480d-b89c-2c00d33b4782: start FollowerState
2019-10-18 08:20:11,913 [Thread-1830] INFO  impl.FollowerState (FollowerState.java:run(108)) - 47aecc56-7e95-480d-b89c-2c00d33b4782@group-5EC277DF3249-FollowerState: change to CANDIDATE, lastRpcTime:183ms, electionTimeout:183ms
2019-10-18 08:20:11,913 [Thread-1830] INFO  impl.RoleInfo (RoleInfo.java:shutdownFollowerState(121)) - 47aecc56-7e95-480d-b89c-2c00d33b4782: shutdown FollowerState
2019-10-18 08:20:11,913 [Thread-1830] INFO  impl.RaftServerImpl (RaftServerImpl.java:setRole(184)) - 47aecc56-7e95-480d-b89c-2c00d33b4782@group-5EC277DF3249: changes role from  FOLLOWER to CANDIDATE at term 185 for changeToCandidate
2019-10-18 08:20:11,914 [Thread-1830] INFO  impl.RoleInfo (RoleInfo.java:updateAndGet(143)) - 47aecc56-7e95-480d-b89c-2c00d33b4782: start LeaderElection
2019-10-18 08:20:11,928 [47aecc56-7e95-480d-b89c-2c00d33b4782@group-5EC277DF3249-LeaderElection177] INFO  impl.LeaderElection (LeaderElection.java:askForVotes(178)) - 47aecc56-7e95-480d-b89c-2c00d33b4782@group-5EC277DF3249-LeaderElection177: begin an election at term 186 for -1: [47aecc56-7e95-480d-b89c-2c00d33b4782:192.168.69.67:34550, 1bc296c6-def6-4ae4-8c62-5b4c951a28f1:192.168.69.67:37222, bc0382cc-50e2-4d58-b2de-e8b6250f3520:192.168.69.67:37666], old=null
2019-10-18 08:20:11,935 [grpc-default-executor-7] INFO  impl.RaftServerImpl (RaftServerImpl.java:setRole(184)) - 1bc296c6-def6-4ae4-8c62-5b4c951a28f1@group-5EC277DF3249: changes role from  FOLLOWER to FOLLOWER at term 186 for recognizeCandidate:47aecc56-7e95-480d-b89c-2c00d33b4782
2019-10-18 08:20:11,935 [grpc-default-executor-3] INFO  impl.RaftServerImpl (RaftServerImpl.java:setRole(184)) - bc0382cc-50e2-4d58-b2de-e8b6250f3520@group-5EC277DF3249: changes role from  FOLLOWER to FOLLOWER at term 186 for recognizeCandidate:47aecc56-7e95-480d-b89c-2c00d33b4782
2019-10-18 08:20:11,936 [grpc-default-executor-3] INFO  impl.RoleInfo (RoleInfo.java:shutdownFollowerState(121)) - bc0382cc-50e2-4d58-b2de-e8b6250f3520: shutdown FollowerState
2019-10-18 08:20:11,936 [grpc-default-executor-7] INFO  impl.RoleInfo (RoleInfo.java:shutdownFollowerState(121)) - 1bc296c6-def6-4ae4-8c62-5b4c951a28f1: shutdown FollowerState
2019-10-18 08:20:11,936 [grpc-default-executor-3] INFO  impl.RoleInfo (RoleInfo.java:updateAndGet(143)) - bc0382cc-50e2-4d58-b2de-e8b6250f3520: start FollowerState
2019-10-18 08:20:11,936 [Thread-1829] INFO  impl.FollowerState (FollowerState.java:run(117)) - bc0382cc-50e2-4d58-b2de-e8b6250f3520@group-5EC277DF3249-FollowerState was interrupted: java.lang.InterruptedException: sleep interrupted
2019-10-18 08:20:11,936 [Thread-1828] INFO  impl.FollowerState (FollowerState.java:run(117)) - 1bc296c6-def6-4ae4-8c62-5b4c951a28f1@group-5EC277DF3249-FollowerState was interrupted: java.lang.InterruptedException: sleep interrupted
2019-10-18 08:20:11,936 [grpc-default-executor-7] INFO  impl.RoleInfo (RoleInfo.java:updateAndGet(143)) - 1bc296c6-def6-4ae4-8c62-5b4c951a28f1: start FollowerState
2019-10-18 08:20:11,945 [47aecc56-7e95-480d-b89c-2c00d33b4782@group-5EC277DF3249-LeaderElection177] INFO  impl.LeaderElection (LeaderElection.java:logAndReturn(56)) - 47aecc56-7e95-480d-b89c-2c00d33b4782@group-5EC277DF3249-LeaderElection177: Election REJECTED; received 2 response(s) [47aecc56-7e95-480d-b89c-2c00d33b4782<-1bc296c6-def6-4ae4-8c62-5b4c951a28f1#0:FAIL-t186, 47aecc56-7e95-480d-b89c-2c00d33b4782<-bc0382cc-50e2-4d58-b2de-e8b6250f3520#0:FAIL-t186] and 0 exception(s); 47aecc56-7e95-480d-b89c-2c00d33b4782@group-5EC277DF3249:t186, leader=null, voted=47aecc56-7e95-480d-b89c-2c00d33b4782, raftlog=47aecc56-7e95-480d-b89c-2c00d33b4782@group-5EC277DF3249-SegmentedRaftLog:OPENED:c-1,f-1,i0, conf=-1: [47aecc56-7e95-480d-b89c-2c00d33b4782:192.168.69.67:34550, 1bc296c6-def6-4ae4-8c62-5b4c951a28f1:192.168.69.67:37222, bc0382cc-50e2-4d58-b2de-e8b6250f3520:192.168.69.67:37666], old=null
2019-10-18 08:20:11,946 [47aecc56-7e95-480d-b89c-2c00d33b4782@group-5EC277DF3249-LeaderElection177] INFO  impl.RaftServerImpl (RaftServerImpl.java:setRole(184)) - 47aecc56-7e95-480d-b89c-2c00d33b4782@group-5EC277DF3249: changes role from CANDIDATE to FOLLOWER at term 186 for DISCOVERED_A_NEW_TERM
2019-10-18 08:20:11,946 [47aecc56-7e95-480d-b89c-2c00d33b4782@group-5EC277DF3249-LeaderElection177] INFO  impl.RoleInfo (RoleInfo.java:shutdownLeaderElection(134)) - 47aecc56-7e95-480d-b89c-2c00d33b4782: shutdown LeaderElection
2019-10-18 08:20:11,946 [47aecc56-7e95-480d-b89c-2c00d33b4782@group-5EC277DF3249-LeaderElection177] INFO  impl.RoleInfo (RoleInfo.java:updateAndGet(143)) - 47aecc56-7e95-480d-b89c-2c00d33b4782: start FollowerState
2019-10-18 08:20:11,990 [Thread-1836] INFO  impl.FollowerState (FollowerState.java:run(108)) - 47aecc56-7e95-480d-b89c-2c00d33b4782@group-5EC277DF3249-FollowerState: change to CANDIDATE, lastRpcTime:44ms, electionTimeout:44ms
2019-10-18 08:20:11,990 [Thread-1836] INFO  impl.RoleInfo (RoleInfo.java:shutdownFollowerState(121)) - 47aecc56-7e95-480d-b89c-2c00d33b4782: shutdown FollowerState
2019-10-18 08:20:11,991 [Thread-1836] INFO  impl.RaftServerImpl (RaftServerImpl.java:setRole(184)) - 47aecc56-7e95-480d-b89c-2c00d33b4782@group-5EC277DF3249: changes role from  FOLLOWER to CANDIDATE at term 186 for changeToCandidate
2019-10-18 08:20:11,991 [Thread-1836] INFO  impl.RoleInfo (RoleInfo.java:updateAndGet(143)) - 47aecc56-7e95-480d-b89c-2c00d33b4782: start LeaderElection
2019-10-18 08:20:12,004 [47aecc56-7e95-480d-b89c-2c00d33b4782@group-5EC277DF3249-LeaderElection178] INFO  impl.LeaderElection (LeaderElection.java:askForVotes(178)) - 47aecc56-7e95-480d-b89c-2c00d33b4782@group-5EC277DF3249-LeaderElection178: begin an election at term 187 for -1: [47aecc56-7e95-480d-b89c-2c00d33b4782:192.168.69.67:34550, 1bc296c6-def6-4ae4-8c62-5b4c951a28f1:192.168.69.67:37222, bc0382cc-50e2-4d58-b2de-e8b6250f3520:192.168.69.67:37666], old=null
2019-10-18 08:20:12,006 [grpc-default-executor-7] INFO  impl.RaftServerImpl (RaftServerImpl.java:setRole(184)) - bc0382cc-50e2-4d58-b2de-e8b6250f3520@group-5EC277DF3249: changes role from  FOLLOWER to FOLLOWER at term 187 for recognizeCandidate:47aecc56-7e95-480d-b89c-2c00d33b4782
2019-10-18 08:20:12,006 [grpc-default-executor-3] INFO  impl.RaftServerImpl (RaftServerImpl.java:setRole(184)) - 1bc296c6-def6-4ae4-8c62-5b4c951a28f1@group-5EC277DF3249: changes role from  FOLLOWER to FOLLOWER at term 187 for recognizeCandidate:47aecc56-7e95-480d-b89c-2c00d33b4782
2019-10-18 08:20:12,007 [grpc-default-executor-3] INFO  impl.RoleInfo (RoleInfo.java:shutdownFollowerState(121)) - 1bc296c6-def6-4ae4-8c62-5b4c951a28f1: shutdown FollowerState
2019-10-18 08:20:12,006 [grpc-default-executor-7] INFO  impl.RoleInfo (RoleInfo.java:shutdownFollowerState(121)) - bc0382cc-50e2-4d58-b2de-e8b6250f3520: shutdown FollowerState
2019-10-18 08:20:12,007 [grpc-default-executor-7] INFO  impl.RoleInfo (RoleInfo.java:updateAndGet(143)) - bc0382cc-50e2-4d58-b2de-e8b6250f3520: start FollowerState
2019-10-18 08:20:12,007 [Thread-1835] INFO  impl.FollowerState (FollowerState.java:run(117)) - 1bc296c6-def6-4ae4-8c62-5b4c951a28f1@group-5EC277DF3249-FollowerState was interrupted: java.lang.InterruptedException: sleep interrupted
2019-10-18 08:20:12,007 [grpc-default-executor-3] INFO  impl.RoleInfo (RoleInfo.java:updateAndGet(143)) - 1bc296c6-def6-4ae4-8c62-5b4c951a28f1: start FollowerState
2019-10-18 08:20:12,007 [Thread-1834] INFO  impl.FollowerState (FollowerState.java:run(117)) - bc0382cc-50e2-4d58-b2de-e8b6250f3520@group-5EC277DF3249-FollowerState was interrupted: java.lang.InterruptedException: sleep interrupted
2019-10-18 08:20:12,021 [47aecc56-7e95-480d-b89c-2c00d33b4782@group-5EC277DF3249-LeaderElection178] INFO  impl.LeaderElection (LeaderElection.java:logAndReturn(56)) - 47aecc56-7e95-480d-b89c-2c00d33b4782@group-5EC277DF3249-LeaderElection178: Election REJECTED; received 2 response(s) [47aecc56-7e95-480d-b89c-2c00d33b4782<-1bc296c6-def6-4ae4-8c62-5b4c951a28f1#0:FAIL-t187, 47aecc56-7e95-480d-b89c-2c00d33b4782<-bc0382cc-50e2-4d58-b2de-e8b6250f3520#0:FAIL-t187] and 0 exception(s); 47aecc56-7e95-480d-b89c-2c00d33b4782@group-5EC277DF3249:t187, leader=null, voted=47aecc56-7e95-480d-b89c-2c00d33b4782, raftlog=47aecc56-7e95-480d-b89c-2c00d33b4782@group-5EC277DF3249-SegmentedRaftLog:OPENED:c-1,f-1,i0, conf=-1: [47aecc56-7e95-480d-b89c-2c00d33b4782:192.168.69.67:34550, 1bc296c6-def6-4ae4-8c62-5b4c951a28f1:192.168.69.67:37222, bc0382cc-50e2-4d58-b2de-e8b6250f3520:192.168.69.67:37666], old=null
2019-10-18 08:20:12,021 [47aecc56-7e95-480d-b89c-2c00d33b4782@group-5EC277DF3249-LeaderElection178] INFO  impl.RaftServerImpl (RaftServerImpl.java:setRole(184)) - 47aecc56-7e95-480d-b89c-2c00d33b4782@group-5EC277DF3249: changes role from CANDIDATE to FOLLOWER at term 187 for DISCOVERED_A_NEW_TERM
2019-10-18 08:20:12,021 [47aecc56-7e95-480d-b89c-2c00d33b4782@group-5EC277DF3249-LeaderElection178] INFO  impl.RoleInfo (RoleInfo.java:shutdownLeaderElection(134)) - 47aecc56-7e95-480d-b89c-2c00d33b4782: shutdown LeaderElection
2019-10-18 08:20:12,022 [47aecc56-7e95-480d-b89c-2c00d33b4782@group-5EC277DF3249-LeaderElection178] INFO  impl.RoleInfo (RoleInfo.java:updateAndGet(143)) - 47aecc56-7e95-480d-b89c-2c00d33b4782: start FollowerState
 0.00% |?                                                                                                    |  0/1 Time: 0:04:202019-10-18 08:20:12,209 [Thread-1842] INFO  impl.FollowerState (FollowerState.java:run(108)) - 47aecc56-7e95-480d-b89c-2c00d33b4782@group-5EC277DF3249-FollowerState: change to CANDIDATE, lastRpcTime:187ms, electionTimeout:187ms
2019-10-18 08:20:12,209 [Thread-1842] INFO  impl.RoleInfo (RoleInfo.java:shutdownFollowerState(121)) - 47aecc56-7e95-480d-b89c-2c00d33b4782: shutdown FollowerState
2019-10-18 08:20:12,209 [Thread-1842] INFO  impl.RaftServerImpl (RaftServerImpl.java:setRole(184)) - 47aecc56-7e95-480d-b89c-2c00d33b4782@group-5EC277DF3249: changes role from  FOLLOWER to CANDIDATE at term 187 for changeToCandidate
2019-10-18 08:20:12,215 [Thread-1842] INFO  impl.RoleInfo (RoleInfo.java:updateAndGet(143)) - 47aecc56-7e95-480d-b89c-2c00d33b4782: start LeaderElection
2019-10-18 08:20:12,226 [47aecc56-7e95-480d-b89c-2c00d33b4782@group-5EC277DF3249-LeaderElection179] INFO  impl.LeaderElection (LeaderElection.java:askForVotes(178)) - 47aecc56-7e95-480d-b89c-2c00d33b4782@group-5EC277DF3249-LeaderElection179: begin an election at term 188 for -1: [47aecc56-7e95-480d-b89c-2c00d33b4782:192.168.69.67:34550, 1bc296c6-def6-4ae4-8c62-5b4c951a28f1:192.168.69.67:37222, bc0382cc-50e2-4d58-b2de-e8b6250f3520:192.168.69.67:37666], old=null
2019-10-18 08:20:12,228 [grpc-default-executor-3] INFO  impl.RaftServerImpl (RaftServerImpl.java:setRole(184)) - bc0382cc-50e2-4d58-b2de-e8b6250f3520@group-5EC277DF3249: changes role from  FOLLOWER to FOLLOWER at term 188 for recognizeCandidate:47aecc56-7e95-480d-b89c-2c00d33b4782
2019-10-18 08:20:12,228 [grpc-default-executor-7] INFO  impl.RaftServerImpl (RaftServerImpl.java:setRole(184)) - 1bc296c6-def6-4ae4-8c62-5b4c951a28f1@group-5EC277DF3249: changes role from  FOLLOWER to FOLLOWER at term 188 for recognizeCandidate:47aecc56-7e95-480d-b89c-2c00d33b4782
2019-10-18 08:20:12,228 [grpc-default-executor-7] INFO  impl.RoleInfo (RoleInfo.java:shutdownFollowerState(121)) - 1bc296c6-def6-4ae4-8c62-5b4c951a28f1: shutdown FollowerState
2019-10-18 08:20:12,228 [grpc-default-executor-3] INFO  impl.RoleInfo (RoleInfo.java:shutdownFollowerState(121)) - bc0382cc-50e2-4d58-b2de-e8b6250f3520: shutdown FollowerState
2019-10-18 08:20:12,229 [Thread-1840] INFO  impl.FollowerState (FollowerState.java:run(117)) - 1bc296c6-def6-4ae4-8c62-5b4c951a28f1@group-5EC277DF3249-FollowerState was interrupted: java.lang.InterruptedException: sleep interrupted
2019-10-18 08:20:12,229 [grpc-default-executor-7] INFO  impl.RoleInfo (RoleInfo.java:updateAndGet(143)) - 1bc296c6-def6-4ae4-8c62-5b4c951a28f1: start FollowerState
2019-10-18 08:20:12,229 [Thread-1841] INFO  impl.FollowerState (FollowerState.java:run(117)) - bc0382cc-50e2-4d58-b2de-e8b6250f3520@group-5EC277DF3249-FollowerState was interrupted: java.lang.InterruptedException: sleep interrupted
2019-10-18 08:20:12,229 [grpc-default-executor-3] INFO  impl.RoleInfo (RoleInfo.java:updateAndGet(143)) - bc0382cc-50e2-4d58-b2de-e8b6250f3520: start FollowerState
2019-10-18 08:20:12,243 [47aecc56-7e95-480d-b89c-2c00d33b4782@group-5EC277DF3249-LeaderElection179] INFO  impl.LeaderElection (LeaderElection.java:logAndReturn(56)) - 47aecc56-7e95-480d-b89c-2c00d33b4782@group-5EC277DF3249-LeaderElection179: Election REJECTED; received 2 response(s) [47aecc56-7e95-480d-b89c-2c00d33b4782<-1bc296c6-def6-4ae4-8c62-5b4c951a28f1#0:FAIL-t188, 47aecc56-7e95-480d-b89c-2c00d33b4782<-bc0382cc-50e2-4d58-b2de-e8b6250f3520#0:FAIL-t188] and 0 exception(s); 47aecc56-7e95-480d-b89c-2c00d33b4782@group-5EC277DF3249:t188, leader=null, voted=47aecc56-7e95-480d-b89c-2c00d33b4782, raftlog=47aecc56-7e95-480d-b89c-2c00d33b4782@group-5EC277DF3249-SegmentedRaftLog:OPENED:c-1,f-1,i0, conf=-1: [47aecc56-7e95-480d-b89c-2c00d33b4782:192.168.69.67:34550, 1bc296c6-def6-4ae4-8c62-5b4c951a28f1:192.168.69.67:37222, bc0382cc-50e2-4d58-b2de-e8b6250f3520:192.168.69.67:37666], old=null
2019-10-18 08:20:12,243 [47aecc56-7e95-480d-b89c-2c00d33b4782@group-5EC277DF3249-LeaderElection179] INFO  impl.RaftServerImpl (RaftServerImpl.java:setRole(184)) - 47aecc56-7e95-480d-b89c-2c00d33b4782@group-5EC277DF3249: changes role from CANDIDATE to FOLLOWER at term 188 for DISCOVERED_A_NEW_TERM
2019-10-18 08:20:12,243 [47aecc56-7e95-480d-b89c-2c00d33b4782@group-5EC277DF3249-LeaderElection179] INFO  impl.RoleInfo (RoleInfo.java:shutdownLeaderElection(134)) - 47aecc56-7e95-480d-b89c-2c00d33b4782: shutdown LeaderElection
2019-10-18 08:20:12,243 [47aecc56-7e95-480d-b89c-2c00d33b4782@group-5EC277DF3249-LeaderElection179] INFO  impl.RoleInfo (RoleInfo.java:updateAndGet(143)) - 47aecc56-7e95-480d-b89c-2c00d33b4782: start FollowerState
2019-10-18 08:20:12,282 [Thread-1848] INFO  impl.FollowerState (FollowerState.java:run(108)) - 47aecc56-7e95-480d-b89c-2c00d33b4782@group-5EC277DF3249-FollowerState: change to CANDIDATE, lastRpcTime:38ms, electionTimeout:38ms
2019-10-18 08:20:12,282 [Thread-1848] INFO  impl.RoleInfo (RoleInfo.java:shutdownFollowerState(121)) - 47aecc56-7e95-480d-b89c-2c00d33b4782: shutdown FollowerState
2019-10-18 08:20:12,282 [Thread-1848] INFO  impl.RaftServerImpl (RaftServerImpl.java:setRole(184)) - 47aecc56-7e95-480d-b89c-2c00d33b4782@group-5EC277DF3249: changes role from  FOLLOWER to CANDIDATE at term 188 for changeToCandidate
2019-10-18 08:20:12,283 [Thread-1848] INFO  impl.RoleInfo (RoleInfo.java:updateAndGet(143)) - 47aecc56-7e95-480d-b89c-2c00d33b4782: start LeaderElection
2019-10-18 08:20:12,297 [47aecc56-7e95-480d-b89c-2c00d33b4782@group-5EC277DF3249-LeaderElection180] INFO  impl.LeaderElection (LeaderElection.java:askForVotes(178)) - 47aecc56-7e95-480d-b89c-2c00d33b4782@group-5EC277DF3249-LeaderElection180: begin an election at term 189 for -1: [47aecc56-7e95-480d-b89c-2c00d33b4782:192.168.69.67:34550, 1bc296c6-def6-4ae4-8c62-5b4c951a28f1:192.168.69.67:37222, bc0382cc-50e2-4d58-b2de-e8b6250f3520:192.168.69.67:37666], old=null
2019-10-18 08:20:12,299 [grpc-default-executor-7] INFO  impl.RaftServerImpl (RaftServerImpl.java:setRole(184)) - 1bc296c6-def6-4ae4-8c62-5b4c951a28f1@group-5EC277DF3249: changes role from  FOLLOWER to FOLLOWER at term 189 for recognizeCandidate:47aecc56-7e95-480d-b89c-2c00d33b4782
2019-10-18 08:20:12,299 [grpc-default-executor-3] INFO  impl.RaftServerImpl (RaftServerImpl.java:setRole(184)) - bc0382cc-50e2-4d58-b2de-e8b6250f3520@group-5EC277DF3249: changes role from  FOLLOWER to FOLLOWER at term 189 for recognizeCandidate:47aecc56-7e95-480d-b89c-2c00d33b4782
2019-10-18 08:20:12,299 [grpc-default-executor-7] INFO  impl.RoleInfo (RoleInfo.java:shutdownFollowerState(121)) - 1bc296c6-def6-4ae4-8c62-5b4c951a28f1: shutdown FollowerState
2019-10-18 08:20:12,300 [grpc-default-executor-3] INFO  impl.RoleInfo (RoleInfo.java:shutdownFollowerState(121)) - bc0382cc-50e2-4d58-b2de-e8b6250f3520: shutdown FollowerState
2019-10-18 08:20:12,300 [Thread-1846] INFO  impl.FollowerState (FollowerState.java:run(117)) - 1bc296c6-def6-4ae4-8c62-5b4c951a28f1@group-5EC277DF3249-FollowerState was interrupted: java.lang.InterruptedException: sleep interrupted
2019-10-18 08:20:12,300 [grpc-default-executor-7] INFO  impl.RoleInfo (RoleInfo.java:updateAndGet(143)) - 1bc296c6-def6-4ae4-8c62-5b4c951a28f1: start FollowerState
2019-10-18 08:20:12,300 [Thread-1847] INFO  impl.FollowerState (FollowerState.java:run(117)) - bc0382cc-50e2-4d58-b2de-e8b6250f3520@group-5EC277DF3249-FollowerState was interrupted: java.lang.InterruptedException: sleep interrupted
2019-10-18 08:20:12,300 [grpc-default-executor-3] INFO  impl.RoleInfo (RoleInfo.java:updateAndGet(143)) - bc0382cc-50e2-4d58-b2de-e8b6250f3520: start FollowerState
2019-10-18 08:20:12,314 [47aecc56-7e95-480d-b89c-2c00d33b4782@group-5EC277DF3249-LeaderElection180] INFO  impl.LeaderElection (LeaderElection.java:logAndReturn(56)) - 47aecc56-7e95-480d-b89c-2c00d33b4782@group-5EC277DF3249-LeaderElection180: Election REJECTED; received 2 response(s) [47aecc56-7e95-480d-b89c-2c00d33b4782<-1bc296c6-def6-4ae4-8c62-5b4c951a28f1#0:FAIL-t189, 47aecc56-7e95-480d-b89c-2c00d33b4782<-bc0382cc-50e2-4d58-b2de-e8b6250f3520#0:FAIL-t189] and 0 exception(s); 47aecc56-7e95-480d-b89c-2c00d33b4782@group-5EC277DF3249:t189, leader=null, voted=47aecc56-7e95-480d-b89c-2c00d33b4782, raftlog=47aecc56-7e95-480d-b89c-2c00d33b4782@group-5EC277DF3249-SegmentedRaftLog:OPENED:c-1,f-1,i0, conf=-1: [47aecc56-7e95-480d-b89c-2c00d33b4782:192.168.69.67:34550, 1bc296c6-def6-4ae4-8c62-5b4c951a28f1:192.168.69.67:37222, bc0382cc-50e2-4d58-b2de-e8b6250f3520:192.168.69.67:37666], old=null
2019-10-18 08:20:12,315 [47aecc56-7e95-480d-b89c-2c00d33b4782@group-5EC277DF3249-LeaderElection180] INFO  impl.RaftServerImpl (RaftServerImpl.java:setRole(184)) - 47aecc56-7e95-480d-b89c-2c00d33b4782@group-5EC277DF3249: changes role from CANDIDATE to FOLLOWER at term 189 for DISCOVERED_A_NEW_TERM
2019-10-18 08:20:12,315 [47aecc56-7e95-480d-b89c-2c00d33b4782@group-5EC277DF3249-LeaderElection180] INFO  impl.RoleInfo (RoleInfo.java:shutdownLeaderElection(134)) - 47aecc56-7e95-480d-b89c-2c00d33b4782: shutdown LeaderElection
2019-10-18 08:20:12,315 [47aecc56-7e95-480d-b89c-2c00d33b4782@group-5EC277DF3249-LeaderElection180] INFO  impl.RoleInfo (RoleInfo.java:updateAndGet(143)) - 47aecc56-7e95-480d-b89c-2c00d33b4782: start FollowerState
2019-10-18 08:20:12,412 [Thread-1854] INFO  impl.FollowerState (FollowerState.java:run(108)) - 47aecc56-7e95-480d-b89c-2c00d33b4782@group-5EC277DF3249-FollowerState: change to CANDIDATE, lastRpcTime:97ms, electionTimeout:97ms
2019-10-18 08:20:12,412 [Thread-1854] INFO  impl.RoleInfo (RoleInfo.java:shutdownFollowerState(121)) - 47aecc56-7e95-480d-b89c-2c00d33b4782: shutdown FollowerState
2019-10-18 08:20:12,413 [Thread-1854] INFO  impl.RaftServerImpl (RaftServerImpl.java:setRole(184)) - 47aecc56-7e95-480d-b89c-2c00d33b4782@group-5EC277DF3249: changes role from  FOLLOWER to CANDIDATE at term 189 for changeToCandidate
2019-10-18 08:20:12,413 [Thread-1854] INFO  impl.RoleInfo (RoleInfo.java:updateAndGet(143)) - 47aecc56-7e95-480d-b89c-2c00d33b4782: start LeaderElection
2019-10-18 08:20:12,426 [47aecc56-7e95-480d-b89c-2c00d33b4782@group-5EC277DF3249-LeaderElection181] INFO  impl.LeaderElection (LeaderElection.java:askForVotes(178)) - 47aecc56-7e95-480d-b89c-2c00d33b4782@group-5EC277DF3249-LeaderElection181: begin an election at term 190 for -1: [47aecc56-7e95-480d-b89c-2c00d33b4782:192.168.69.67:34550, 1bc296c6-def6-4ae4-8c62-5b4c951a28f1:192.168.69.67:37222, bc0382cc-50e2-4d58-b2de-e8b6250f3520:192.168.69.67:37666], old=null
2019-10-18 08:20:12,428 [grpc-default-executor-3] INFO  impl.RaftServerImpl (RaftServerImpl.java:setRole(184)) - 1bc296c6-def6-4ae4-8c62-5b4c951a28f1@group-5EC277DF3249: changes role from  FOLLOWER to FOLLOWER at term 190 for recognizeCandidate:47aecc56-7e95-480d-b89c-2c00d33b4782
2019-10-18 08:20:12,428 [grpc-default-executor-3] INFO  impl.RoleInfo (RoleInfo.java:shutdownFollowerState(121)) - 1bc296c6-def6-4ae4-8c62-5b4c951a28f1: shutdown FollowerState
2019-10-18 08:20:12,428 [grpc-default-executor-7] INFO  impl.RaftServerImpl (RaftServerImpl.java:setRole(184)) - bc0382cc-50e2-4d58-b2de-e8b6250f3520@group-5EC277DF3249: changes role from  FOLLOWER to FOLLOWER at term 190 for recognizeCandidate:47aecc56-7e95-480d-b89c-2c00d33b4782
2019-10-18 08:20:12,429 [grpc-default-executor-7] INFO  impl.RoleInfo (RoleInfo.java:shutdownFollowerState(121)) - bc0382cc-50e2-4d58-b2de-e8b6250f3520: shutdown FollowerState
2019-10-18 08:20:12,428 [Thread-1852] INFO  impl.FollowerState (FollowerState.java:run(117)) - 1bc296c6-def6-4ae4-8c62-5b4c951a28f1@group-5EC277DF3249-FollowerState was interrupted: java.lang.InterruptedException: sleep interrupted
2019-10-18 08:20:12,428 [grpc-default-executor-3] INFO  impl.RoleInfo (RoleInfo.java:updateAndGet(143)) - 1bc296c6-def6-4ae4-8c62-5b4c951a28f1: start FollowerState
2019-10-18 08:20:12,429 [grpc-default-executor-7] INFO  impl.RoleInfo (RoleInfo.java:updateAndGet(143)) - bc0382cc-50e2-4d58-b2de-e8b6250f3520: start FollowerState
2019-10-18 08:20:12,429 [Thread-1853] INFO  impl.FollowerState (FollowerState.java:run(117)) - bc0382cc-50e2-4d58-b2de-e8b6250f3520@group-5EC277DF3249-FollowerState was interrupted: java.lang.InterruptedException: sleep interrupted
2019-10-18 08:20:12,444 [47aecc56-7e95-480d-b89c-2c00d33b4782@group-5EC277DF3249-LeaderElection181] INFO  impl.LeaderElection (LeaderElection.java:logAndReturn(56)) - 47aecc56-7e95-480d-b89c-2c00d33b4782@group-5EC277DF3249-LeaderElection181: Election REJECTED; received 2 response(s) [47aecc56-7e95-480d-b89c-2c00d33b4782<-1bc296c6-def6-4ae4-8c62-5b4c951a28f1#0:FAIL-t190, 47aecc56-7e95-480d-b89c-2c00d33b4782<-bc0382cc-50e2-4d58-b2de-e8b6250f3520#0:FAIL-t190] and 0 exception(s); 47aecc56-7e95-480d-b89c-2c00d33b4782@group-5EC277DF3249:t190, leader=null, voted=47aecc56-7e95-480d-b89c-2c00d33b4782, raftlog=47aecc56-7e95-480d-b89c-2c00d33b4782@group-5EC277DF3249-SegmentedRaftLog:OPENED:c-1,f-1,i0, conf=-1: [47aecc56-7e95-480d-b89c-2c00d33b4782:192.168.69.67:34550, 1bc296c6-def6-4ae4-8c62-5b4c951a28f1:192.168.69.67:37222, bc0382cc-50e2-4d58-b2de-e8b6250f3520:192.168.69.67:37666], old=null
2019-10-18 08:20:12,444 [47aecc56-7e95-480d-b89c-2c00d33b4782@group-5EC277DF3249-LeaderElection181] INFO  impl.RaftServerImpl (RaftServerImpl.java:setRole(184)) - 47aecc56-7e95-480d-b89c-2c00d33b4782@group-5EC277DF3249: changes role from CANDIDATE to FOLLOWER at term 190 for DISCOVERED_A_NEW_TERM
2019-10-18 08:20:12,444 [47aecc56-7e95-480d-b89c-2c00d33b4782@group-5EC277DF3249-LeaderElection181] INFO  impl.RoleInfo (RoleInfo.java:shutdownLeaderElection(134)) - 47aecc56-7e95-480d-b89c-2c00d33b4782: shutdown LeaderElection
2019-10-18 08:20:12,444 [47aecc56-7e95-480d-b89c-2c00d33b4782@group-5EC277DF3249-LeaderElection181] INFO  impl.RoleInfo (RoleInfo.java:updateAndGet(143)) - 47aecc56-7e95-480d-b89c-2c00d33b4782: start FollowerState
2019-10-18 08:20:12,558 [Thread-1860] INFO  impl.FollowerState (FollowerState.java:run(108)) - 47aecc56-7e95-480d-b89c-2c00d33b4782@group-5EC277DF3249-FollowerState: change to CANDIDATE, lastRpcTime:113ms, electionTimeout:113ms
2019-10-18 08:20:12,558 [Thread-1860] INFO  impl.RoleInfo (RoleInfo.java:shutdownFollowerState(121)) - 47aecc56-7e95-480d-b89c-2c00d33b4782: shutdown FollowerState
2019-10-18 08:20:12,558 [Thread-1860] INFO  impl.RaftServerImpl (RaftServerImpl.java:setRole(184)) - 47aecc56-7e95-480d-b89c-2c00d33b4782@group-5EC277DF3249: changes role from  FOLLOWER to CANDIDATE at term 190 for changeToCandidate
2019-10-18 08:20:12,558 [Thread-1860] INFO  impl.RoleInfo (RoleInfo.java:updateAndGet(143)) - 47aecc56-7e95-480d-b89c-2c00d33b4782: start LeaderElection
2019-10-18 08:20:12,572 [47aecc56-7e95-480d-b89c-2c00d33b4782@group-5EC277DF3249-LeaderElection182] INFO  impl.LeaderElection (LeaderElection.java:askForVotes(178)) - 47aecc56-7e95-480d-b89c-2c00d33b4782@group-5EC277DF3249-LeaderElection182: begin an election at term 191 for -1: [47aecc56-7e95-480d-b89c-2c00d33b4782:192.168.69.67:34550, 1bc296c6-def6-4ae4-8c62-5b4c951a28f1:192.168.69.67:37222, bc0382cc-50e2-4d58-b2de-e8b6250f3520:192.168.69.67:37666], old=null
2019-10-18 08:20:12,573 [grpc-default-executor-3] INFO  impl.RaftServerImpl (RaftServerImpl.java:setRole(184)) - 1bc296c6-def6-4ae4-8c62-5b4c951a28f1@group-5EC277DF3249: changes role from  FOLLOWER to FOLLOWER at term 191 for recognizeCandidate:47aecc56-7e95-480d-b89c-2c00d33b4782
2019-10-18 08:20:12,573 [grpc-default-executor-3] INFO  impl.RoleInfo (RoleInfo.java:shutdownFollowerState(121)) - 1bc296c6-def6-4ae4-8c62-5b4c951a28f1: shutdown FollowerState
2019-10-18 08:20:12,573 [grpc-default-executor-7] INFO  impl.RaftServerImpl (RaftServerImpl.java:setRole(184)) - bc0382cc-50e2-4d58-b2de-e8b6250f3520@group-5EC277DF3249: changes role from  FOLLOWER to FOLLOWER at term 191 for recognizeCandidate:47aecc56-7e95-480d-b89c-2c00d33b4782
2019-10-18 08:20:12,574 [grpc-default-executor-7] INFO  impl.RoleInfo (RoleInfo.java:shutdownFollowerState(121)) - bc0382cc-50e2-4d58-b2de-e8b6250f3520: shutdown FollowerState
2019-10-18 08:20:12,574 [Thread-1858] INFO  impl.FollowerState (FollowerState.java:run(117)) - 1bc296c6-def6-4ae4-8c62-5b4c951a28f1@group-5EC277DF3249-FollowerState was interrupted: java.lang.InterruptedException: sleep interrupted
2019-10-18 08:20:12,574 [grpc-default-executor-3] INFO  impl.RoleInfo (RoleInfo.java:updateAndGet(143)) - 1bc296c6-def6-4ae4-8c62-5b4c951a28f1: start FollowerState
2019-10-18 08:20:12,574 [Thread-1859] INFO  impl.FollowerState (FollowerState.java:run(117)) - bc0382cc-50e2-4d58-b2de-e8b6250f3520@group-5EC277DF3249-FollowerState was interrupted: java.lang.InterruptedException: sleep interrupted
2019-10-18 08:20:12,574 [grpc-default-executor-7] INFO  impl.RoleInfo (RoleInfo.java:updateAndGet(143)) - bc0382cc-50e2-4d58-b2de-e8b6250f3520: start FollowerState
2019-10-18 08:20:12,588 [47aecc56-7e95-480d-b89c-2c00d33b4782@group-5EC277DF3249-LeaderElection182] INFO  impl.LeaderElection (LeaderElection.java:logAndReturn(56)) - 47aecc56-7e95-480d-b89c-2c00d33b4782@group-5EC277DF3249-LeaderElection182: Election REJECTED; received 2 response(s) [47aecc56-7e95-480d-b89c-2c00d33b4782<-1bc296c6-def6-4ae4-8c62-5b4c951a28f1#0:FAIL-t191, 47aecc56-7e95-480d-b89c-2c00d33b4782<-bc0382cc-50e2-4d58-b2de-e8b6250f3520#0:FAIL-t191] and 0 exception(s); 47aecc56-7e95-480d-b89c-2c00d33b4782@group-5EC277DF3249:t191, leader=null, voted=47aecc56-7e95-480d-b89c-2c00d33b4782, raftlog=47aecc56-7e95-480d-b89c-2c00d33b4782@group-5EC277DF3249-SegmentedRaftLog:OPENED:c-1,f-1,i0, conf=-1: [47aecc56-7e95-480d-b89c-2c00d33b4782:192.168.69.67:34550, 1bc296c6-def6-4ae4-8c62-5b4c951a28f1:192.168.69.67:37222, bc0382cc-50e2-4d58-b2de-e8b6250f3520:192.168.69.67:37666], old=null
2019-10-18 08:20:12,589 [47aecc56-7e95-480d-b89c-2c00d33b4782@group-5EC277DF3249-LeaderElection182] INFO  impl.RaftServerImpl (RaftServerImpl.java:setRole(184)) - 47aecc56-7e95-480d-b89c-2c00d33b4782@group-5EC277DF3249: changes role from CANDIDATE to FOLLOWER at term 191 for DISCOVERED_A_NEW_TERM
2019-10-18 08:20:12,589 [47aecc56-7e95-480d-b89c-2c00d33b4782@group-5EC277DF3249-LeaderElection182] INFO  impl.RoleInfo (RoleInfo.java:shutdownLeaderElection(134)) - 47aecc56-7e95-480d-b89c-2c00d33b4782: shutdown LeaderElection
2019-10-18 08:20:12,589 [47aecc56-7e95-480d-b89c-2c00d33b4782@group-5EC277DF3249-LeaderElection182] INFO  impl.RoleInfo (RoleInfo.java:updateAndGet(143)) - 47aecc56-7e95-480d-b89c-2c00d33b4782: start FollowerState
2019-10-18 08:20:12,590 [Thread-1866] INFO  impl.FollowerState (FollowerState.java:run(108)) - 47aecc56-7e95-480d-b89c-2c00d33b4782@group-5EC277DF3249-FollowerState: change to CANDIDATE, lastRpcTime:1ms, electionTimeout:1ms
2019-10-18 08:20:12,590 [Thread-1866] INFO  impl.RoleInfo (RoleInfo.java:shutdownFollowerState(121)) - 47aecc56-7e95-480d-b89c-2c00d33b4782: shutdown FollowerState
2019-10-18 08:20:12,590 [Thread-1866] INFO  impl.RaftServerImpl (RaftServerImpl.java:setRole(184)) - 47aecc56-7e95-480d-b89c-2c00d33b4782@group-5EC277DF3249: changes role from  FOLLOWER to CANDIDATE at term 191 for changeToCandidate
2019-10-18 08:20:12,591 [Thread-1866] INFO  impl.RoleInfo (RoleInfo.java:updateAndGet(143)) - 47aecc56-7e95-480d-b89c-2c00d33b4782: start LeaderElection
2019-10-18 08:20:12,604 [47aecc56-7e95-480d-b89c-2c00d33b4782@group-5EC277DF3249-LeaderElection183] INFO  impl.LeaderElection (LeaderElection.java:askForVotes(178)) - 47aecc56-7e95-480d-b89c-2c00d33b4782@group-5EC277DF3249-LeaderElection183: begin an election at term 192 for -1: [47aecc56-7e95-480d-b89c-2c00d33b4782:192.168.69.67:34550, 1bc296c6-def6-4ae4-8c62-5b4c951a28f1:192.168.69.67:37222, bc0382cc-50e2-4d58-b2de-e8b6250f3520:192.168.69.67:37666], old=null
2019-10-18 08:20:12,606 [grpc-default-executor-7] INFO  impl.RaftServerImpl (RaftServerImpl.java:setRole(184)) - 1bc296c6-def6-4ae4-8c62-5b4c951a28f1@group-5EC277DF3249: changes role from  FOLLOWER to FOLLOWER at term 192 for recognizeCandidate:47aecc56-7e95-480d-b89c-2c00d33b4782
2019-10-18 08:20:12,606 [grpc-default-executor-7] INFO  impl.RoleInfo (RoleInfo.java:shutdownFollowerState(121)) - 1bc296c6-def6-4ae4-8c62-5b4c951a28f1: shutdown FollowerState
2019-10-18 08:20:12,606 [grpc-default-executor-7] INFO  impl.RoleInfo (RoleInfo.java:updateAndGet(143)) - 1bc296c6-def6-4ae4-8c62-5b4c951a28f1: start FollowerState
2019-10-18 08:20:12,606 [grpc-default-executor-3] INFO  impl.RaftServerImpl (RaftServerImpl.java:setRole(184)) - bc0382cc-50e2-4d58-b2de-e8b6250f3520@group-5EC277DF3249: changes role from  FOLLOWER to FOLLOWER at term 192 for recognizeCandidate:47aecc56-7e95-480d-b89c-2c00d33b4782
2019-10-18 08:20:12,606 [Thread-1864] INFO  impl.FollowerState (FollowerState.java:run(117)) - 1bc296c6-def6-4ae4-8c62-5b4c951a28f1@group-5EC277DF3249-FollowerState was interrupted: java.lang.InterruptedException: sleep interrupted
2019-10-18 08:20:12,606 [grpc-default-executor-3] INFO  impl.RoleInfo (RoleInfo.java:shutdownFollowerState(121)) - bc0382cc-50e2-4d58-b2de-e8b6250f3520: shutdown FollowerState
2019-10-18 08:20:12,607 [grpc-default-executor-3] INFO  impl.RoleInfo (RoleInfo.java:updateAndGet(143)) - bc0382cc-50e2-4d58-b2de-e8b6250f3520: start FollowerState
2019-10-18 08:20:12,607 [Thread-1865] INFO  impl.FollowerState (FollowerState.java:run(117)) - bc0382cc-50e2-4d58-b2de-e8b6250f3520@group-5EC277DF3249-FollowerState was interrupted: java.lang.InterruptedException: sleep interrupted
2019-10-18 08:20:12,620 [47aecc56-7e95-480d-b89c-2c00d33b4782@group-5EC277DF3249-LeaderElection183] INFO  impl.LeaderElection (LeaderElection.java:logAndReturn(56)) - 47aecc56-7e95-480d-b89c-2c00d33b4782@group-5EC277DF3249-LeaderElection183: Election REJECTED; received 2 response(s) [47aecc56-7e95-480d-b89c-2c00d33b4782<-1bc296c6-def6-4ae4-8c62-5b4c951a28f1#0:FAIL-t192, 47aecc56-7e95-480d-b89c-2c00d33b4782<-bc0382cc-50e2-4d58-b2de-e8b6250f3520#0:FAIL-t192] and 0 exception(s); 47aecc56-7e95-480d-b89c-2c00d33b4782@group-5EC277DF3249:t192, leader=null, voted=47aecc56-7e95-480d-b89c-2c00d33b4782, raftlog=47aecc56-7e95-480d-b89c-2c00d33b4782@group-5EC277DF3249-SegmentedRaftLog:OPENED:c-1,f-1,i0, conf=-1: [47aecc56-7e95-480d-b89c-2c00d33b4782:192.168.69.67:34550, 1bc296c6-def6-4ae4-8c62-5b4c951a28f1:192.168.69.67:37222, bc0382cc-50e2-4d58-b2de-e8b6250f3520:192.168.69.67:37666], old=null
2019-10-18 08:20:12,620 [47aecc56-7e95-480d-b89c-2c00d33b4782@group-5EC277DF3249-LeaderElection183] INFO  impl.RaftServerImpl (RaftServerImpl.java:setRole(184)) - 47aecc56-7e95-480d-b89c-2c00d33b4782@group-5EC277DF3249: changes role from CANDIDATE to FOLLOWER at term 192 for DISCOVERED_A_NEW_TERM
2019-10-18 08:20:12,621 [47aecc56-7e95-480d-b89c-2c00d33b4782@group-5EC277DF3249-LeaderElection183] INFO  impl.RoleInfo (RoleInfo.java:shutdownLeaderElection(134)) - 47aecc56-7e95-480d-b89c-2c00d33b4782: shutdown LeaderElection
2019-10-18 08:20:12,621 [47aecc56-7e95-480d-b89c-2c00d33b4782@group-5EC277DF3249-LeaderElection183] INFO  impl.RoleInfo (RoleInfo.java:updateAndGet(143)) - 47aecc56-7e95-480d-b89c-2c00d33b4782: start FollowerState
2019-10-18 08:20:12,687 [Thread-1872] INFO  impl.FollowerState (FollowerState.java:run(108)) - 47aecc56-7e95-480d-b89c-2c00d33b4782@group-5EC277DF3249-FollowerState: change to CANDIDATE, lastRpcTime:66ms, electionTimeout:66ms
2019-10-18 08:20:12,687 [Thread-1872] INFO  impl.RoleInfo (RoleInfo.java:shutdownFollowerState(121)) - 47aecc56-7e95-480d-b89c-2c00d33b4782: shutdown FollowerState
2019-10-18 08:20:12,687 [Thread-1872] INFO  impl.RaftServerImpl (RaftServerImpl.java:setRole(184)) - 47aecc56-7e95-480d-b89c-2c00d33b4782@group-5EC277DF3249: changes role from  FOLLOWER to CANDIDATE at term 192 for changeToCandidate
2019-10-18 08:20:12,688 [Thread-1872] INFO  impl.RoleInfo (RoleInfo.java:updateAndGet(143)) - 47aecc56-7e95-480d-b89c-2c00d33b4782: start LeaderElection
2019-10-18 08:20:12,701 [47aecc56-7e95-480d-b89c-2c00d33b4782@group-5EC277DF3249-LeaderElection184] INFO  impl.LeaderElection (LeaderElection.java:askForVotes(178)) - 47aecc56-7e95-480d-b89c-2c00d33b4782@group-5EC277DF3249-LeaderElection184: begin an election at term 193 for -1: [47aecc56-7e95-480d-b89c-2c00d33b4782:192.168.69.67:34550, 1bc296c6-def6-4ae4-8c62-5b4c951a28f1:192.168.69.67:37222, bc0382cc-50e2-4d58-b2de-e8b6250f3520:192.168.69.67:37666], old=null
2019-10-18 08:20:12,702 [grpc-default-executor-7] INFO  impl.RaftServerImpl (RaftServerImpl.java:setRole(184)) - 1bc296c6-def6-4ae4-8c62-5b4c951a28f1@group-5EC277DF3249: changes role from  FOLLOWER to FOLLOWER at term 193 for recognizeCandidate:47aecc56-7e95-480d-b89c-2c00d33b4782
2019-10-18 08:20:12,703 [grpc-default-executor-7] INFO  impl.RoleInfo (RoleInfo.java:shutdownFollowerState(121)) - 1bc296c6-def6-4ae4-8c62-5b4c951a28f1: shutdown FollowerState
2019-10-18 08:20:12,703 [grpc-default-executor-3] INFO  impl.RaftServerImpl (RaftServerImpl.java:setRole(184)) - bc0382cc-50e2-4d58-b2de-e8b6250f3520@group-5EC277DF3249: changes role from  FOLLOWER to FOLLOWER at term 193 for recognizeCandidate:47aecc56-7e95-480d-b89c-2c00d33b4782
2019-10-18 08:20:12,703 [grpc-default-executor-3] INFO  impl.RoleInfo (RoleInfo.java:shutdownFollowerState(121)) - bc0382cc-50e2-4d58-b2de-e8b6250f3520: shutdown FollowerState
2019-10-18 08:20:12,703 [Thread-1870] INFO  impl.FollowerState (FollowerState.java:run(117)) - 1bc296c6-def6-4ae4-8c62-5b4c951a28f1@group-5EC277DF3249-FollowerState was interrupted: java.lang.InterruptedException: sleep interrupted
2019-10-18 08:20:12,703 [grpc-default-executor-7] INFO  impl.RoleInfo (RoleInfo.java:updateAndGet(143)) - 1bc296c6-def6-4ae4-8c62-5b4c951a28f1: start FollowerState
2019-10-18 08:20:12,703 [Thread-1871] INFO  impl.FollowerState (FollowerState.java:run(117)) - bc0382cc-50e2-4d58-b2de-e8b6250f3520@group-5EC277DF3249-FollowerState was interrupted: java.lang.InterruptedException: sleep interrupted
2019-10-18 08:20:12,703 [grpc-default-executor-3] INFO  impl.RoleInfo (RoleInfo.java:updateAndGet(143)) - bc0382cc-50e2-4d58-b2de-e8b6250f3520: start FollowerState
2019-10-18 08:20:12,718 [47aecc56-7e95-480d-b89c-2c00d33b4782@group-5EC277DF3249-LeaderElection184] INFO  impl.LeaderElection (LeaderElection.java:logAndReturn(56)) - 47aecc56-7e95-480d-b89c-2c00d33b4782@group-5EC277DF3249-LeaderElection184: Election REJECTED; received 2 response(s) [47aecc56-7e95-480d-b89c-2c00d33b4782<-1bc296c6-def6-4ae4-8c62-5b4c951a28f1#0:FAIL-t193, 47aecc56-7e95-480d-b89c-2c00d33b4782<-bc0382cc-50e2-4d58-b2de-e8b6250f3520#0:FAIL-t193] and 0 exception(s); 47aecc56-7e95-480d-b89c-2c00d33b4782@group-5EC277DF3249:t193, leader=null, voted=47aecc56-7e95-480d-b89c-2c00d33b4782, raftlog=47aecc56-7e95-480d-b89c-2c00d33b4782@group-5EC277DF3249-SegmentedRaftLog:OPENED:c-1,f-1,i0, conf=-1: [47aecc56-7e95-480d-b89c-2c00d33b4782:192.168.69.67:34550, 1bc296c6-def6-4ae4-8c62-5b4c951a28f1:192.168.69.67:37222, bc0382cc-50e2-4d58-b2de-e8b6250f3520:192.168.69.67:37666], old=null
2019-10-18 08:20:12,718 [47aecc56-7e95-480d-b89c-2c00d33b4782@group-5EC277DF3249-LeaderElection184] INFO  impl.RaftServerImpl (RaftServerImpl.java:setRole(184)) - 47aecc56-7e95-480d-b89c-2c00d33b4782@group-5EC277DF3249: changes role from CANDIDATE to FOLLOWER at term 193 for DISCOVERED_A_NEW_TERM
2019-10-18 08:20:12,718 [47aecc56-7e95-480d-b89c-2c00d33b4782@group-5EC277DF3249-LeaderElection184] INFO  impl.RoleInfo (RoleInfo.java:shutdownLeaderElection(134)) - 47aecc56-7e95-480d-b89c-2c00d33b4782: shutdown LeaderElection
2019-10-18 08:20:12,718 [47aecc56-7e95-480d-b89c-2c00d33b4782@group-5EC277DF3249-LeaderElection184] INFO  impl.RoleInfo (RoleInfo.java:updateAndGet(143)) - 47aecc56-7e95-480d-b89c-2c00d33b4782: start FollowerState
2019-10-18 08:20:12,839 [Thread-1878] INFO  impl.FollowerState (FollowerState.java:run(108)) - 47aecc56-7e95-480d-b89c-2c00d33b4782@group-5EC277DF3249-FollowerState: change to CANDIDATE, lastRpcTime:120ms, electionTimeout:120ms
2019-10-18 08:20:12,839 [Thread-1878] INFO  impl.RoleInfo (RoleInfo.java:shutdownFollowerState(121)) - 47aecc56-7e95-480d-b89c-2c00d33b4782: shutdown FollowerState
2019-10-18 08:20:12,839 [Thread-1878] INFO  impl.RaftServerImpl (RaftServerImpl.java:setRole(184)) - 47aecc56-7e95-480d-b89c-2c00d33b4782@group-5EC277DF3249: changes role from  FOLLOWER to CANDIDATE at term 193 for changeToCandidate
2019-10-18 08:20:12,839 [Thread-1878] INFO  impl.RoleInfo (RoleInfo.java:updateAndGet(143)) - 47aecc56-7e95-480d-b89c-2c00d33b4782: start LeaderElection
2019-10-18 08:20:12,851 [47aecc56-7e95-480d-b89c-2c00d33b4782@group-5EC277DF3249-LeaderElection185] INFO  impl.LeaderElection (LeaderElection.java:askForVotes(178)) - 47aecc56-7e95-480d-b89c-2c00d33b4782@group-5EC277DF3249-LeaderElection185: begin an election at term 194 for -1: [47aecc56-7e95-480d-b89c-2c00d33b4782:192.168.69.67:34550, 1bc296c6-def6-4ae4-8c62-5b4c951a28f1:192.168.69.67:37222, bc0382cc-50e2-4d58-b2de-e8b6250f3520:192.168.69.67:37666], old=null
2019-10-18 08:20:12,853 [grpc-default-executor-7] INFO  impl.RaftServerImpl (RaftServerImpl.java:setRole(184)) - 1bc296c6-def6-4ae4-8c62-5b4c951a28f1@group-5EC277DF3249: changes role from  FOLLOWER to FOLLOWER at term 194 for recognizeCandidate:47aecc56-7e95-480d-b89c-2c00d33b4782
2019-10-18 08:20:12,853 [grpc-default-executor-7] INFO  impl.RoleInfo (RoleInfo.java:shutdownFollowerState(121)) - 1bc296c6-def6-4ae4-8c62-5b4c951a28f1: shutdown FollowerState
2019-10-18 08:20:12,853 [grpc-default-executor-3] INFO  impl.RaftServerImpl (RaftServerImpl.java:setRole(184)) - bc0382cc-50e2-4d58-b2de-e8b6250f3520@group-5EC277DF3249: changes role from  FOLLOWER to FOLLOWER at term 194 for recognizeCandidate:47aecc56-7e95-480d-b89c-2c00d33b4782
2019-10-18 08:20:12,854 [grpc-default-executor-3] INFO  impl.RoleInfo (RoleInfo.java:shutdownFollowerState(121)) - bc0382cc-50e2-4d58-b2de-e8b6250f3520: shutdown FollowerState
2019-10-18 08:20:12,853 [Thread-1876] INFO  impl.FollowerState (FollowerState.java:run(117)) - 1bc296c6-def6-4ae4-8c62-5b4c951a28f1@group-5EC277DF3249-FollowerState was interrupted: java.lang.InterruptedException: sleep interrupted
2019-10-18 08:20:12,853 [grpc-default-executor-7] INFO  impl.RoleInfo (RoleInfo.java:updateAndGet(143)) - 1bc296c6-def6-4ae4-8c62-5b4c951a28f1: start FollowerState
2019-10-18 08:20:12,854 [Thread-1877] INFO  impl.FollowerState (FollowerState.java:run(117)) - bc0382cc-50e2-4d58-b2de-e8b6250f3520@group-5EC277DF3249-FollowerState was interrupted: java.lang.InterruptedException: sleep interrupted
2019-10-18 08:20:12,854 [grpc-default-executor-3] INFO  impl.RoleInfo (RoleInfo.java:updateAndGet(143)) - bc0382cc-50e2-4d58-b2de-e8b6250f3520: start FollowerState
2019-10-18 08:20:12,868 [47aecc56-7e95-480d-b89c-2c00d33b4782@group-5EC277DF3249-LeaderElection185] INFO  impl.LeaderElection (LeaderElection.java:logAndReturn(56)) - 47aecc56-7e95-480d-b89c-2c00d33b4782@group-5EC277DF3249-LeaderElection185: Election REJECTED; received 2 response(s) [47aecc56-7e95-480d-b89c-2c00d33b4782<-1bc296c6-def6-4ae4-8c62-5b4c951a28f1#0:FAIL-t194, 47aecc56-7e95-480d-b89c-2c00d33b4782<-bc0382cc-50e2-4d58-b2de-e8b6250f3520#0:FAIL-t194] and 0 exception(s); 47aecc56-7e95-480d-b89c-2c00d33b4782@group-5EC277DF3249:t194, leader=null, voted=47aecc56-7e95-480d-b89c-2c00d33b4782, raftlog=47aecc56-7e95-480d-b89c-2c00d33b4782@group-5EC277DF3249-SegmentedRaftLog:OPENED:c-1,f-1,i0, conf=-1: [47aecc56-7e95-480d-b89c-2c00d33b4782:192.168.69.67:34550, 1bc296c6-def6-4ae4-8c62-5b4c951a28f1:192.168.69.67:37222, bc0382cc-50e2-4d58-b2de-e8b6250f3520:192.168.69.67:37666], old=null
2019-10-18 08:20:12,868 [47aecc56-7e95-480d-b89c-2c00d33b4782@group-5EC277DF3249-LeaderElection185] INFO  impl.RaftServerImpl (RaftServerImpl.java:setRole(184)) - 47aecc56-7e95-480d-b89c-2c00d33b4782@group-5EC277DF3249: changes role from CANDIDATE to FOLLOWER at term 194 for DISCOVERED_A_NEW_TERM
2019-10-18 08:20:12,868 [47aecc56-7e95-480d-b89c-2c00d33b4782@group-5EC277DF3249-LeaderElection185] INFO  impl.RoleInfo (RoleInfo.java:shutdownLeaderElection(134)) - 47aecc56-7e95-480d-b89c-2c00d33b4782: shutdown LeaderElection
2019-10-18 08:20:12,869 [47aecc56-7e95-480d-b89c-2c00d33b4782@group-5EC277DF3249-LeaderElection185] INFO  impl.RoleInfo (RoleInfo.java:updateAndGet(143)) - 47aecc56-7e95-480d-b89c-2c00d33b4782: start FollowerState
2019-10-18 08:20:12,961 [Thread-1886] INFO  impl.FollowerState (FollowerState.java:run(108)) - 47aecc56-7e95-480d-b89c-2c00d33b4782@group-5EC277DF3249-FollowerState: change to CANDIDATE, lastRpcTime:92ms, electionTimeout:92ms
2019-10-18 08:20:12,961 [Thread-1886] INFO  impl.RoleInfo (RoleInfo.java:shutdownFollowerState(121)) - 47aecc56-7e95-480d-b89c-2c00d33b4782: shutdown FollowerState
2019-10-18 08:20:12,961 [Thread-1886] INFO  impl.RaftServerImpl (RaftServerImpl.java:setRole(184)) - 47aecc56-7e95-480d-b89c-2c00d33b4782@group-5EC277DF3249: changes role from  FOLLOWER to CANDIDATE at term 194 for changeToCandidate
2019-10-18 08:20:12,961 [Thread-1886] INFO  impl.RoleInfo (RoleInfo.java:updateAndGet(143)) - 47aecc56-7e95-480d-b89c-2c00d33b4782: start LeaderElection
2019-10-18 08:20:12,975 [47aecc56-7e95-480d-b89c-2c00d33b4782@group-5EC277DF3249-LeaderElection186] INFO  impl.LeaderElection (LeaderElection.java:askForVotes(178)) - 47aecc56-7e95-480d-b89c-2c00d33b4782@group-5EC277DF3249-LeaderElection186: begin an election at term 195 for -1: [47aecc56-7e95-480d-b89c-2c00d33b4782:192.168.69.67:34550, 1bc296c6-def6-4ae4-8c62-5b4c951a28f1:192.168.69.67:37222, bc0382cc-50e2-4d58-b2de-e8b6250f3520:192.168.69.67:37666], old=null
2019-10-18 08:20:12,977 [grpc-default-executor-7] INFO  impl.RaftServerImpl (RaftServerImpl.java:setRole(184)) - 1bc296c6-def6-4ae4-8c62-5b4c951a28f1@group-5EC277DF3249: changes role from  FOLLOWER to FOLLOWER at term 195 for recognizeCandidate:47aecc56-7e95-480d-b89c-2c00d33b4782
2019-10-18 08:20:12,977 [grpc-default-executor-3] INFO  impl.RaftServerImpl (RaftServerImpl.java:setRole(184)) - bc0382cc-50e2-4d58-b2de-e8b6250f3520@group-5EC277DF3249: changes role from  FOLLOWER to FOLLOWER at term 195 for recognizeCandidate:47aecc56-7e95-480d-b89c-2c00d33b4782
2019-10-18 08:20:12,977 [grpc-default-executor-3] INFO  impl.RoleInfo (RoleInfo.java:shutdownFollowerState(121)) - bc0382cc-50e2-4d58-b2de-e8b6250f3520: shutdown FollowerState
2019-10-18 08:20:12,977 [grpc-default-executor-7] INFO  impl.RoleInfo (RoleInfo.java:shutdownFollowerState(121)) - 1bc296c6-def6-4ae4-8c62-5b4c951a28f1: shutdown FollowerState
2019-10-18 08:20:12,977 [Thread-1885] INFO  impl.FollowerState (FollowerState.java:run(117)) - bc0382cc-50e2-4d58-b2de-e8b6250f3520@group-5EC277DF3249-FollowerState was interrupted: java.lang.InterruptedException: sleep interrupted
2019-10-18 08:20:12,977 [grpc-default-executor-3] INFO  impl.RoleInfo (RoleInfo.java:updateAndGet(143)) - bc0382cc-50e2-4d58-b2de-e8b6250f3520: start FollowerState
2019-10-18 08:20:12,978 [Thread-1884] INFO  impl.FollowerState (FollowerState.java:run(117)) - 1bc296c6-def6-4ae4-8c62-5b4c951a28f1@group-5EC277DF3249-FollowerState was interrupted: java.lang.InterruptedException: sleep interrupted
2019-10-18 08:20:12,978 [grpc-default-executor-7] INFO  impl.RoleInfo (RoleInfo.java:updateAndGet(143)) - 1bc296c6-def6-4ae4-8c62-5b4c951a28f1: start FollowerState
2019-10-18 08:20:12,992 [47aecc56-7e95-480d-b89c-2c00d33b4782@group-5EC277DF3249-LeaderElection186] INFO  impl.LeaderElection (LeaderElection.java:logAndReturn(56)) - 47aecc56-7e95-480d-b89c-2c00d33b4782@group-5EC277DF3249-LeaderElection186: Election REJECTED; received 2 response(s) [47aecc56-7e95-480d-b89c-2c00d33b4782<-1bc296c6-def6-4ae4-8c62-5b4c951a28f1#0:FAIL-t195, 47aecc56-7e95-480d-b89c-2c00d33b4782<-bc0382cc-50e2-4d58-b2de-e8b6250f3520#0:FAIL-t195] and 0 exception(s); 47aecc56-7e95-480d-b89c-2c00d33b4782@group-5EC277DF3249:t195, leader=null, voted=47aecc56-7e95-480d-b89c-2c00d33b4782, raftlog=47aecc56-7e95-480d-b89c-2c00d33b4782@group-5EC277DF3249-SegmentedRaftLog:OPENED:c-1,f-1,i0, conf=-1: [47aecc56-7e95-480d-b89c-2c00d33b4782:192.168.69.67:34550, 1bc296c6-def6-4ae4-8c62-5b4c951a28f1:192.168.69.67:37222, bc0382cc-50e2-4d58-b2de-e8b6250f3520:192.168.69.67:37666], old=null
2019-10-18 08:20:12,992 [47aecc56-7e95-480d-b89c-2c00d33b4782@group-5EC277DF3249-LeaderElection186] INFO  impl.RaftServerImpl (RaftServerImpl.java:setRole(184)) - 47aecc56-7e95-480d-b89c-2c00d33b4782@group-5EC277DF3249: changes role from CANDIDATE to FOLLOWER at term 195 for DISCOVERED_A_NEW_TERM
2019-10-18 08:20:12,993 [47aecc56-7e95-480d-b89c-2c00d33b4782@group-5EC277DF3249-LeaderElection186] INFO  impl.RoleInfo (RoleInfo.java:shutdownLeaderElection(134)) - 47aecc56-7e95-480d-b89c-2c00d33b4782: shutdown LeaderElection
2019-10-18 08:20:12,993 [47aecc56-7e95-480d-b89c-2c00d33b4782@group-5EC277DF3249-LeaderElection186] INFO  impl.RoleInfo (RoleInfo.java:updateAndGet(143)) - 47aecc56-7e95-480d-b89c-2c00d33b4782: start FollowerState
2019-10-18 08:20:13,063 [Thread-1892] INFO  impl.FollowerState (FollowerState.java:run(108)) - 47aecc56-7e95-480d-b89c-2c00d33b4782@group-5EC277DF3249-FollowerState: change to CANDIDATE, lastRpcTime:70ms, electionTimeout:70ms
2019-10-18 08:20:13,063 [Thread-1892] INFO  impl.RoleInfo (RoleInfo.java:shutdownFollowerState(121)) - 47aecc56-7e95-480d-b89c-2c00d33b4782: shutdown FollowerState
2019-10-18 08:20:13,063 [Thread-1892] INFO  impl.RaftServerImpl (RaftServerImpl.java:setRole(184)) - 47aecc56-7e95-480d-b89c-2c00d33b4782@group-5EC277DF3249: changes role from  FOLLOWER to CANDIDATE at term 195 for changeToCandidate
2019-10-18 08:20:13,064 [Thread-1892] INFO  impl.RoleInfo (RoleInfo.java:updateAndGet(143)) - 47aecc56-7e95-480d-b89c-2c00d33b4782: start LeaderElection
2019-10-18 08:20:13,077 [47aecc56-7e95-480d-b89c-2c00d33b4782@group-5EC277DF3249-LeaderElection187] INFO  impl.LeaderElection (LeaderElection.java:askForVotes(178)) - 47aecc56-7e95-480d-b89c-2c00d33b4782@group-5EC277DF3249-LeaderElection187: begin an election at term 196 for -1: [47aecc56-7e95-480d-b89c-2c00d33b4782:192.168.69.67:34550, 1bc296c6-def6-4ae4-8c62-5b4c951a28f1:192.168.69.67:37222, bc0382cc-50e2-4d58-b2de-e8b6250f3520:192.168.69.67:37666], old=null
2019-10-18 08:20:13,083 [grpc-default-executor-7] INFO  impl.RaftServerImpl (RaftServerImpl.java:setRole(184)) - bc0382cc-50e2-4d58-b2de-e8b6250f3520@group-5EC277DF3249: changes role from  FOLLOWER to FOLLOWER at term 196 for recognizeCandidate:47aecc56-7e95-480d-b89c-2c00d33b4782
2019-10-18 08:20:13,083 [grpc-default-executor-3] INFO  impl.RaftServerImpl (RaftServerImpl.java:setRole(184)) - 1bc296c6-def6-4ae4-8c62-5b4c951a28f1@group-5EC277DF3249: changes role from  FOLLOWER to FOLLOWER at term 196 for recognizeCandidate:47aecc56-7e95-480d-b89c-2c00d33b4782
2019-10-18 08:20:13,083 [grpc-default-executor-7] INFO  impl.RoleInfo (RoleInfo.java:shutdownFollowerState(121)) - bc0382cc-50e2-4d58-b2de-e8b6250f3520: shutdown FollowerState
2019-10-18 08:20:13,083 [grpc-default-executor-3] INFO  impl.RoleInfo (RoleInfo.java:shutdownFollowerState(121)) - 1bc296c6-def6-4ae4-8c62-5b4c951a28f1: shutdown FollowerState
2019-10-18 08:20:13,084 [Thread-1890] INFO  impl.FollowerState (FollowerState.java:run(117)) - bc0382cc-50e2-4d58-b2de-e8b6250f3520@group-5EC277DF3249-FollowerState was interrupted: java.lang.InterruptedException: sleep interrupted
2019-10-18 08:20:13,084 [grpc-default-executor-7] INFO  impl.RoleInfo (RoleInfo.java:updateAndGet(143)) - bc0382cc-50e2-4d58-b2de-e8b6250f3520: start FollowerState
2019-10-18 08:20:13,084 [Thread-1891] INFO  impl.FollowerState (FollowerState.java:run(117)) - 1bc296c6-def6-4ae4-8c62-5b4c951a28f1@group-5EC277DF3249-FollowerState was interrupted: java.lang.InterruptedException: sleep interrupted
2019-10-18 08:20:13,084 [grpc-default-executor-3] INFO  impl.RoleInfo (RoleInfo.java:updateAndGet(143)) - 1bc296c6-def6-4ae4-8c62-5b4c951a28f1: start FollowerState
2019-10-18 08:20:13,103 [47aecc56-7e95-480d-b89c-2c00d33b4782@group-5EC277DF3249-LeaderElection187] INFO  impl.LeaderElection (LeaderElection.java:logAndReturn(56)) - 47aecc56-7e95-480d-b89c-2c00d33b4782@group-5EC277DF3249-LeaderElection187: Election REJECTED; received 2 response(s) [47aecc56-7e95-480d-b89c-2c00d33b4782<-1bc296c6-def6-4ae4-8c62-5b4c951a28f1#0:FAIL-t196, 47aecc56-7e95-480d-b89c-2c00d33b4782<-bc0382cc-50e2-4d58-b2de-e8b6250f3520#0:FAIL-t196] and 0 exception(s); 47aecc56-7e95-480d-b89c-2c00d33b4782@group-5EC277DF3249:t196, leader=null, voted=47aecc56-7e95-480d-b89c-2c00d33b4782, raftlog=47aecc56-7e95-480d-b89c-2c00d33b4782@group-5EC277DF3249-SegmentedRaftLog:OPENED:c-1,f-1,i0, conf=-1: [47aecc56-7e95-480d-b89c-2c00d33b4782:192.168.69.67:34550, 1bc296c6-def6-4ae4-8c62-5b4c951a28f1:192.168.69.67:37222, bc0382cc-50e2-4d58-b2de-e8b6250f3520:192.168.69.67:37666], old=null
2019-10-18 08:20:13,104 [47aecc56-7e95-480d-b89c-2c00d33b4782@group-5EC277DF3249-LeaderElection187] INFO  impl.RaftServerImpl (RaftServerImpl.java:setRole(184)) - 47aecc56-7e95-480d-b89c-2c00d33b4782@group-5EC277DF3249: changes role from CANDIDATE to FOLLOWER at term 196 for DISCOVERED_A_NEW_TERM
2019-10-18 08:20:13,104 [47aecc56-7e95-480d-b89c-2c00d33b4782@group-5EC277DF3249-LeaderElection187] INFO  impl.RoleInfo (RoleInfo.java:shutdownLeaderElection(134)) - 47aecc56-7e95-480d-b89c-2c00d33b4782: shutdown LeaderElection
2019-10-18 08:20:13,104 [47aecc56-7e95-480d-b89c-2c00d33b4782@group-5EC277DF3249-LeaderElection187] INFO  impl.RoleInfo (RoleInfo.java:updateAndGet(143)) - 47aecc56-7e95-480d-b89c-2c00d33b4782: start FollowerState
 0.00% |?                                                                                                    |  0/1 Time: 0:04:212019-10-18 08:20:13,249 [Thread-1898] INFO  impl.FollowerState (FollowerState.java:run(108)) - 47aecc56-7e95-480d-b89c-2c00d33b4782@group-5EC277DF3249-FollowerState: change to CANDIDATE, lastRpcTime:145ms, electionTimeout:145ms
2019-10-18 08:20:13,250 [Thread-1898] INFO  impl.RoleInfo (RoleInfo.java:shutdownFollowerState(121)) - 47aecc56-7e95-480d-b89c-2c00d33b4782: shutdown FollowerState
2019-10-18 08:20:13,250 [Thread-1898] INFO  impl.RaftServerImpl (RaftServerImpl.java:setRole(184)) - 47aecc56-7e95-480d-b89c-2c00d33b4782@group-5EC277DF3249: changes role from  FOLLOWER to CANDIDATE at term 196 for changeToCandidate
2019-10-18 08:20:13,250 [Thread-1898] INFO  impl.RoleInfo (RoleInfo.java:updateAndGet(143)) - 47aecc56-7e95-480d-b89c-2c00d33b4782: start LeaderElection
2019-10-18 08:20:13,275 [47aecc56-7e95-480d-b89c-2c00d33b4782@group-5EC277DF3249-LeaderElection188] INFO  impl.LeaderElection (LeaderElection.java:askForVotes(178)) - 47aecc56-7e95-480d-b89c-2c00d33b4782@group-5EC277DF3249-LeaderElection188: begin an election at term 197 for -1: [47aecc56-7e95-480d-b89c-2c00d33b4782:192.168.69.67:34550, 1bc296c6-def6-4ae4-8c62-5b4c951a28f1:192.168.69.67:37222, bc0382cc-50e2-4d58-b2de-e8b6250f3520:192.168.69.67:37666], old=null
2019-10-18 08:20:13,278 [grpc-default-executor-3] INFO  impl.RaftServerImpl (RaftServerImpl.java:setRole(184)) - bc0382cc-50e2-4d58-b2de-e8b6250f3520@group-5EC277DF3249: changes role from  FOLLOWER to FOLLOWER at term 197 for recognizeCandidate:47aecc56-7e95-480d-b89c-2c00d33b4782
2019-10-18 08:20:13,278 [grpc-default-executor-7] INFO  impl.RaftServerImpl (RaftServerImpl.java:setRole(184)) - 1bc296c6-def6-4ae4-8c62-5b4c951a28f1@group-5EC277DF3249: changes role from  FOLLOWER to FOLLOWER at term 197 for recognizeCandidate:47aecc56-7e95-480d-b89c-2c00d33b4782
2019-10-18 08:20:13,278 [grpc-default-executor-3] INFO  impl.RoleInfo (RoleInfo.java:shutdownFollowerState(121)) - bc0382cc-50e2-4d58-b2de-e8b6250f3520: shutdown FollowerState
2019-10-18 08:20:13,278 [grpc-default-executor-7] INFO  impl.RoleInfo (RoleInfo.java:shutdownFollowerState(121)) - 1bc296c6-def6-4ae4-8c62-5b4c951a28f1: shutdown FollowerState
2019-10-18 08:20:13,279 [Thread-1896] INFO  impl.FollowerState (FollowerState.java:run(117)) - bc0382cc-50e2-4d58-b2de-e8b6250f3520@group-5EC277DF3249-FollowerState was interrupted: java.lang.InterruptedException: sleep interrupted
2019-10-18 08:20:13,279 [grpc-default-executor-3] INFO  impl.RoleInfo (RoleInfo.java:updateAndGet(143)) - bc0382cc-50e2-4d58-b2de-e8b6250f3520: start FollowerState
2019-10-18 08:20:13,279 [Thread-1897] INFO  impl.FollowerState (FollowerState.java:run(117)) - 1bc296c6-def6-4ae4-8c62-5b4c951a28f1@group-5EC277DF3249-FollowerState was interrupted: java.lang.InterruptedException: sleep interrupted
2019-10-18 08:20:13,279 [grpc-default-executor-7] INFO  impl.RoleInfo (RoleInfo.java:updateAndGet(143)) - 1bc296c6-def6-4ae4-8c62-5b4c951a28f1: start FollowerState
2019-10-18 08:20:13,293 [47aecc56-7e95-480d-b89c-2c00d33b4782@group-5EC277DF3249-LeaderElection188] INFO  impl.LeaderElection (LeaderElection.java:logAndReturn(56)) - 47aecc56-7e95-480d-b89c-2c00d33b4782@group-5EC277DF3249-LeaderElection188: Election REJECTED; received 2 response(s) [47aecc56-7e95-480d-b89c-2c00d33b4782<-1bc296c6-def6-4ae4-8c62-5b4c951a28f1#0:FAIL-t197, 47aecc56-7e95-480d-b89c-2c00d33b4782<-bc0382cc-50e2-4d58-b2de-e8b6250f3520#0:FAIL-t197] and 0 exception(s); 47aecc56-7e95-480d-b89c-2c00d33b4782@group-5EC277DF3249:t197, leader=null, voted=47aecc56-7e95-480d-b89c-2c00d33b4782, raftlog=47aecc56-7e95-480d-b89c-2c00d33b4782@group-5EC277DF3249-SegmentedRaftLog:OPENED:c-1,f-1,i0, conf=-1: [47aecc56-7e95-480d-b89c-2c00d33b4782:192.168.69.67:34550, 1bc296c6-def6-4ae4-8c62-5b4c951a28f1:192.168.69.67:37222, bc0382cc-50e2-4d58-b2de-e8b6250f3520:192.168.69.67:37666], old=null
2019-10-18 08:20:13,294 [47aecc56-7e95-480d-b89c-2c00d33b4782@group-5EC277DF3249-LeaderElection188] INFO  impl.RaftServerImpl (RaftServerImpl.java:setRole(184)) - 47aecc56-7e95-480d-b89c-2c00d33b4782@group-5EC277DF3249: changes role from CANDIDATE to FOLLOWER at term 197 for DISCOVERED_A_NEW_TERM
2019-10-18 08:20:13,294 [47aecc56-7e95-480d-b89c-2c00d33b4782@group-5EC277DF3249-LeaderElection188] INFO  impl.RoleInfo (RoleInfo.java:shutdownLeaderElection(134)) - 47aecc56-7e95-480d-b89c-2c00d33b4782: shutdown LeaderElection
2019-10-18 08:20:13,294 [47aecc56-7e95-480d-b89c-2c00d33b4782@group-5EC277DF3249-LeaderElection188] INFO  impl.RoleInfo (RoleInfo.java:updateAndGet(143)) - 47aecc56-7e95-480d-b89c-2c00d33b4782: start FollowerState
2019-10-18 08:20:13,408 [Thread-1904] INFO  impl.FollowerState (FollowerState.java:run(108)) - 47aecc56-7e95-480d-b89c-2c00d33b4782@group-5EC277DF3249-FollowerState: change to CANDIDATE, lastRpcTime:114ms, electionTimeout:114ms
2019-10-18 08:20:13,409 [Thread-1904] INFO  impl.RoleInfo (RoleInfo.java:shutdownFollowerState(121)) - 47aecc56-7e95-480d-b89c-2c00d33b4782: shutdown FollowerState
2019-10-18 08:20:13,409 [Thread-1904] INFO  impl.RaftServerImpl (RaftServerImpl.java:setRole(184)) - 47aecc56-7e95-480d-b89c-2c00d33b4782@group-5EC277DF3249: changes role from  FOLLOWER to CANDIDATE at term 197 for changeToCandidate
2019-10-18 08:20:13,409 [Thread-1904] INFO  impl.RoleInfo (RoleInfo.java:updateAndGet(143)) - 47aecc56-7e95-480d-b89c-2c00d33b4782: start LeaderElection
2019-10-18 08:20:13,424 [47aecc56-7e95-480d-b89c-2c00d33b4782@group-5EC277DF3249-LeaderElection189] INFO  impl.LeaderElection (LeaderElection.java:askForVotes(178)) - 47aecc56-7e95-480d-b89c-2c00d33b4782@group-5EC277DF3249-LeaderElection189: begin an election at term 198 for -1: [47aecc56-7e95-480d-b89c-2c00d33b4782:192.168.69.67:34550, 1bc296c6-def6-4ae4-8c62-5b4c951a28f1:192.168.69.67:37222, bc0382cc-50e2-4d58-b2de-e8b6250f3520:192.168.69.67:37666], old=null
2019-10-18 08:20:13,426 [grpc-default-executor-7] INFO  impl.RaftServerImpl (RaftServerImpl.java:setRole(184)) - bc0382cc-50e2-4d58-b2de-e8b6250f3520@group-5EC277DF3249: changes role from  FOLLOWER to FOLLOWER at term 198 for recognizeCandidate:47aecc56-7e95-480d-b89c-2c00d33b4782
2019-10-18 08:20:13,426 [grpc-default-executor-3] INFO  impl.RaftServerImpl (RaftServerImpl.java:setRole(184)) - 1bc296c6-def6-4ae4-8c62-5b4c951a28f1@group-5EC277DF3249: changes role from  FOLLOWER to FOLLOWER at term 198 for recognizeCandidate:47aecc56-7e95-480d-b89c-2c00d33b4782
2019-10-18 08:20:13,426 [grpc-default-executor-7] INFO  impl.RoleInfo (RoleInfo.java:shutdownFollowerState(121)) - bc0382cc-50e2-4d58-b2de-e8b6250f3520: shutdown FollowerState
2019-10-18 08:20:13,426 [grpc-default-executor-3] INFO  impl.RoleInfo (RoleInfo.java:shutdownFollowerState(121)) - 1bc296c6-def6-4ae4-8c62-5b4c951a28f1: shutdown FollowerState
2019-10-18 08:20:13,426 [Thread-1902] INFO  impl.FollowerState (FollowerState.java:run(117)) - bc0382cc-50e2-4d58-b2de-e8b6250f3520@group-5EC277DF3249-FollowerState was interrupted: java.lang.InterruptedException: sleep interrupted
2019-10-18 08:20:13,426 [grpc-default-executor-7] INFO  impl.RoleInfo (RoleInfo.java:updateAndGet(143)) - bc0382cc-50e2-4d58-b2de-e8b6250f3520: start FollowerState
2019-10-18 08:20:13,426 [Thread-1903] INFO  impl.FollowerState (FollowerState.java:run(117)) - 1bc296c6-def6-4ae4-8c62-5b4c951a28f1@group-5EC277DF3249-FollowerState was interrupted: java.lang.InterruptedException: sleep interrupted
2019-10-18 08:20:13,426 [grpc-default-executor-3] INFO  impl.RoleInfo (RoleInfo.java:updateAndGet(143)) - 1bc296c6-def6-4ae4-8c62-5b4c951a28f1: start FollowerState
2019-10-18 08:20:13,437 [47aecc56-7e95-480d-b89c-2c00d33b4782@group-5EC277DF3249-LeaderElection189] INFO  impl.LeaderElection (LeaderElection.java:logAndReturn(56)) - 47aecc56-7e95-480d-b89c-2c00d33b4782@group-5EC277DF3249-LeaderElection189: Election TIMEOUT; received 0 response(s) [] and 0 exception(s); 47aecc56-7e95-480d-b89c-2c00d33b4782@group-5EC277DF3249:t198, leader=null, voted=47aecc56-7e95-480d-b89c-2c00d33b4782, raftlog=47aecc56-7e95-480d-b89c-2c00d33b4782@group-5EC277DF3249-SegmentedRaftLog:OPENED:c-1,f-1,i0, conf=-1: [47aecc56-7e95-480d-b89c-2c00d33b4782:192.168.69.67:34550, 1bc296c6-def6-4ae4-8c62-5b4c951a28f1:192.168.69.67:37222, bc0382cc-50e2-4d58-b2de-e8b6250f3520:192.168.69.67:37666], old=null
2019-10-18 08:20:13,441 [47aecc56-7e95-480d-b89c-2c00d33b4782@group-5EC277DF3249-LeaderElection189] INFO  impl.LeaderElection (LeaderElection.java:askForVotes(178)) - 47aecc56-7e95-480d-b89c-2c00d33b4782@group-5EC277DF3249-LeaderElection189: begin an election at term 199 for -1: [47aecc56-7e95-480d-b89c-2c00d33b4782:192.168.69.67:34550, 1bc296c6-def6-4ae4-8c62-5b4c951a28f1:192.168.69.67:37222, bc0382cc-50e2-4d58-b2de-e8b6250f3520:192.168.69.67:37666], old=null
2019-10-18 08:20:13,443 [grpc-default-executor-7] INFO  impl.RaftServerImpl (RaftServerImpl.java:setRole(184)) - 1bc296c6-def6-4ae4-8c62-5b4c951a28f1@group-5EC277DF3249: changes role from  FOLLOWER to FOLLOWER at term 199 for recognizeCandidate:47aecc56-7e95-480d-b89c-2c00d33b4782
2019-10-18 08:20:13,443 [grpc-default-executor-7] INFO  impl.RoleInfo (RoleInfo.java:shutdownFollowerState(121)) - 1bc296c6-def6-4ae4-8c62-5b4c951a28f1: shutdown FollowerState
2019-10-18 08:20:13,443 [grpc-default-executor-7] INFO  impl.RoleInfo (RoleInfo.java:updateAndGet(143)) - 1bc296c6-def6-4ae4-8c62-5b4c951a28f1: start FollowerState
2019-10-18 08:20:13,443 [Thread-1909] INFO  impl.FollowerState (FollowerState.java:run(117)) - 1bc296c6-def6-4ae4-8c62-5b4c951a28f1@group-5EC277DF3249-FollowerState was interrupted: java.lang.InterruptedException: sleep interrupted
2019-10-18 08:20:13,443 [grpc-default-executor-3] INFO  impl.RaftServerImpl (RaftServerImpl.java:setRole(184)) - bc0382cc-50e2-4d58-b2de-e8b6250f3520@group-5EC277DF3249: changes role from  FOLLOWER to FOLLOWER at term 199 for recognizeCandidate:47aecc56-7e95-480d-b89c-2c00d33b4782
2019-10-18 08:20:13,443 [grpc-default-executor-3] INFO  impl.RoleInfo (RoleInfo.java:shutdownFollowerState(121)) - bc0382cc-50e2-4d58-b2de-e8b6250f3520: shutdown FollowerState
2019-10-18 08:20:13,444 [grpc-default-executor-3] INFO  impl.RoleInfo (RoleInfo.java:updateAndGet(143)) - bc0382cc-50e2-4d58-b2de-e8b6250f3520: start FollowerState
2019-10-18 08:20:13,444 [Thread-1908] INFO  impl.FollowerState (FollowerState.java:run(117)) - bc0382cc-50e2-4d58-b2de-e8b6250f3520@group-5EC277DF3249-FollowerState was interrupted: java.lang.InterruptedException: sleep interrupted
2019-10-18 08:20:13,457 [47aecc56-7e95-480d-b89c-2c00d33b4782@group-5EC277DF3249-LeaderElection189] INFO  impl.LeaderElection (LeaderElection.java:logAndReturn(56)) - 47aecc56-7e95-480d-b89c-2c00d33b4782@group-5EC277DF3249-LeaderElection189: Election REJECTED; received 2 response(s) [47aecc56-7e95-480d-b89c-2c00d33b4782<-1bc296c6-def6-4ae4-8c62-5b4c951a28f1#0:FAIL-t199, 47aecc56-7e95-480d-b89c-2c00d33b4782<-bc0382cc-50e2-4d58-b2de-e8b6250f3520#0:FAIL-t199] and 0 exception(s); 47aecc56-7e95-480d-b89c-2c00d33b4782@group-5EC277DF3249:t199, leader=null, voted=47aecc56-7e95-480d-b89c-2c00d33b4782, raftlog=47aecc56-7e95-480d-b89c-2c00d33b4782@group-5EC277DF3249-SegmentedRaftLog:OPENED:c-1,f-1,i0, conf=-1: [47aecc56-7e95-480d-b89c-2c00d33b4782:192.168.69.67:34550, 1bc296c6-def6-4ae4-8c62-5b4c951a28f1:192.168.69.67:37222, bc0382cc-50e2-4d58-b2de-e8b6250f3520:192.168.69.67:37666], old=null
2019-10-18 08:20:13,457 [47aecc56-7e95-480d-b89c-2c00d33b4782@group-5EC277DF3249-LeaderElection189] INFO  impl.RaftServerImpl (RaftServerImpl.java:setRole(184)) - 47aecc56-7e95-480d-b89c-2c00d33b4782@group-5EC277DF3249: changes role from CANDIDATE to FOLLOWER at term 199 for DISCOVERED_A_NEW_TERM
2019-10-18 08:20:13,457 [47aecc56-7e95-480d-b89c-2c00d33b4782@group-5EC277DF3249-LeaderElection189] INFO  impl.RoleInfo (RoleInfo.java:shutdownLeaderElection(134)) - 47aecc56-7e95-480d-b89c-2c00d33b4782: shutdown LeaderElection
2019-10-18 08:20:13,457 [47aecc56-7e95-480d-b89c-2c00d33b4782@group-5EC277DF3249-LeaderElection189] INFO  impl.RoleInfo (RoleInfo.java:updateAndGet(143)) - 47aecc56-7e95-480d-b89c-2c00d33b4782: start FollowerState
2019-10-18 08:20:13,475 [Thread-1914] INFO  impl.FollowerState (FollowerState.java:run(108)) - 47aecc56-7e95-480d-b89c-2c00d33b4782@group-5EC277DF3249-FollowerState: change to CANDIDATE, lastRpcTime:17ms, electionTimeout:17ms
2019-10-18 08:20:13,475 [Thread-1914] INFO  impl.RoleInfo (RoleInfo.java:shutdownFollowerState(121)) - 47aecc56-7e95-480d-b89c-2c00d33b4782: shutdown FollowerState
2019-10-18 08:20:13,475 [Thread-1914] INFO  impl.RaftServerImpl (RaftServerImpl.java:setRole(184)) - 47aecc56-7e95-480d-b89c-2c00d33b4782@group-5EC277DF3249: changes role from  FOLLOWER to CANDIDATE at term 199 for changeToCandidate
2019-10-18 08:20:13,475 [Thread-1914] INFO  impl.RoleInfo (RoleInfo.java:updateAndGet(143)) - 47aecc56-7e95-480d-b89c-2c00d33b4782: start LeaderElection
2019-10-18 08:20:13,488 [47aecc56-7e95-480d-b89c-2c00d33b4782@group-5EC277DF3249-LeaderElection190] INFO  impl.LeaderElection (LeaderElection.java:askForVotes(178)) - 47aecc56-7e95-480d-b89c-2c00d33b4782@group-5EC277DF3249-LeaderElection190: begin an election at term 200 for -1: [47aecc56-7e95-480d-b89c-2c00d33b4782:192.168.69.67:34550, 1bc296c6-def6-4ae4-8c62-5b4c951a28f1:192.168.69.67:37222, bc0382cc-50e2-4d58-b2de-e8b6250f3520:192.168.69.67:37666], old=null
2019-10-18 08:20:13,489 [grpc-default-executor-7] INFO  impl.RaftServerImpl (RaftServerImpl.java:setRole(184)) - 1bc296c6-def6-4ae4-8c62-5b4c951a28f1@group-5EC277DF3249: changes role from  FOLLOWER to FOLLOWER at term 200 for recognizeCandidate:47aecc56-7e95-480d-b89c-2c00d33b4782
2019-10-18 08:20:13,489 [grpc-default-executor-3] INFO  impl.RaftServerImpl (RaftServerImpl.java:setRole(184)) - bc0382cc-50e2-4d58-b2de-e8b6250f3520@group-5EC277DF3249: changes role from  FOLLOWER to FOLLOWER at term 200 for recognizeCandidate:47aecc56-7e95-480d-b89c-2c00d33b4782
2019-10-18 08:20:13,489 [grpc-default-executor-3] INFO  impl.RoleInfo (RoleInfo.java:shutdownFollowerState(121)) - bc0382cc-50e2-4d58-b2de-e8b6250f3520: shutdown FollowerState
2019-10-18 08:20:13,489 [grpc-default-executor-7] INFO  impl.RoleInfo (RoleInfo.java:shutdownFollowerState(121)) - 1bc296c6-def6-4ae4-8c62-5b4c951a28f1: shutdown FollowerState
2019-10-18 08:20:13,489 [Thread-1913] INFO  impl.FollowerState (FollowerState.java:run(117)) - bc0382cc-50e2-4d58-b2de-e8b6250f3520@group-5EC277DF3249-FollowerState was interrupted: java.lang.InterruptedException: sleep interrupted
2019-10-18 08:20:13,489 [grpc-default-executor-3] INFO  impl.RoleInfo (RoleInfo.java:updateAndGet(143)) - bc0382cc-50e2-4d58-b2de-e8b6250f3520: start FollowerState
2019-10-18 08:20:13,489 [grpc-default-executor-7] INFO  impl.RoleInfo (RoleInfo.java:updateAndGet(143)) - 1bc296c6-def6-4ae4-8c62-5b4c951a28f1: start FollowerState
2019-10-18 08:20:13,489 [Thread-1912] INFO  impl.FollowerState (FollowerState.java:run(117)) - 1bc296c6-def6-4ae4-8c62-5b4c951a28f1@group-5EC277DF3249-FollowerState was interrupted: java.lang.InterruptedException: sleep interrupted
2019-10-18 08:20:13,489 [EventQueue-PipelineReportForPipelineReportHandler] INFO  pipeline.PipelineReportHandler (PipelineReportHandler.java:processPipelineReport(119)) - Pipeline PipelineID=1f660cd7-f642-4e1e-aef0-5ec277df3249 reported by 1bc296c6-def6-4ae4-8c62-5b4c951a28f1{ip: 192.168.69.67, host: pr-hdds-1868-wx8dl-4219780377, networkLocation: /default-rack, certSerialId: null} with leaderId 1bc296c6-def6-4ae4-8c62-5b4c951a28f1
2019-10-18 08:20:13,492 [47aecc56-7e95-480d-b89c-2c00d33b4782@group-5EC277DF3249-LeaderElection190] INFO  impl.LeaderElection (LeaderElection.java:logAndReturn(56)) - 47aecc56-7e95-480d-b89c-2c00d33b4782@group-5EC277DF3249-LeaderElection190: Election TIMEOUT; received 0 response(s) [] and 0 exception(s); 47aecc56-7e95-480d-b89c-2c00d33b4782@group-5EC277DF3249:t200, leader=null, voted=47aecc56-7e95-480d-b89c-2c00d33b4782, raftlog=47aecc56-7e95-480d-b89c-2c00d33b4782@group-5EC277DF3249-SegmentedRaftLog:OPENED:c-1,f-1,i0, conf=-1: [47aecc56-7e95-480d-b89c-2c00d33b4782:192.168.69.67:34550, 1bc296c6-def6-4ae4-8c62-5b4c951a28f1:192.168.69.67:37222, bc0382cc-50e2-4d58-b2de-e8b6250f3520:192.168.69.67:37666], old=null
2019-10-18 08:20:13,503 [47aecc56-7e95-480d-b89c-2c00d33b4782@group-5EC277DF3249-LeaderElection190] INFO  impl.LeaderElection (LeaderElection.java:askForVotes(178)) - 47aecc56-7e95-480d-b89c-2c00d33b4782@group-5EC277DF3249-LeaderElection190: begin an election at term 201 for -1: [47aecc56-7e95-480d-b89c-2c00d33b4782:192.168.69.67:34550, 1bc296c6-def6-4ae4-8c62-5b4c951a28f1:192.168.69.67:37222, bc0382cc-50e2-4d58-b2de-e8b6250f3520:192.168.69.67:37666], old=null
2019-10-18 08:20:13,504 [grpc-default-executor-7] INFO  impl.RaftServerImpl (RaftServerImpl.java:setRole(184)) - 1bc296c6-def6-4ae4-8c62-5b4c951a28f1@group-5EC277DF3249: changes role from  FOLLOWER to FOLLOWER at term 201 for recognizeCandidate:47aecc56-7e95-480d-b89c-2c00d33b4782
2019-10-18 08:20:13,504 [grpc-default-executor-7] INFO  impl.RoleInfo (RoleInfo.java:shutdownFollowerState(121)) - 1bc296c6-def6-4ae4-8c62-5b4c951a28f1: shutdown FollowerState
2019-10-18 08:20:13,505 [grpc-default-executor-7] INFO  impl.RoleInfo (RoleInfo.java:updateAndGet(143)) - 1bc296c6-def6-4ae4-8c62-5b4c951a28f1: start FollowerState
2019-10-18 08:20:13,505 [grpc-default-executor-3] INFO  impl.RaftServerImpl (RaftServerImpl.java:setRole(184)) - bc0382cc-50e2-4d58-b2de-e8b6250f3520@group-5EC277DF3249: changes role from  FOLLOWER to FOLLOWER at term 201 for recognizeCandidate:47aecc56-7e95-480d-b89c-2c00d33b4782
2019-10-18 08:20:13,505 [grpc-default-executor-3] INFO  impl.RoleInfo (RoleInfo.java:shutdownFollowerState(121)) - bc0382cc-50e2-4d58-b2de-e8b6250f3520: shutdown FollowerState
2019-10-18 08:20:13,505 [Thread-1919] INFO  impl.FollowerState (FollowerState.java:run(117)) - 1bc296c6-def6-4ae4-8c62-5b4c951a28f1@group-5EC277DF3249-FollowerState was interrupted: java.lang.InterruptedException: sleep interrupted
2019-10-18 08:20:13,505 [Thread-1918] INFO  impl.FollowerState (FollowerState.java:run(117)) - bc0382cc-50e2-4d58-b2de-e8b6250f3520@group-5EC277DF3249-FollowerState was interrupted: java.lang.InterruptedException: sleep interrupted
2019-10-18 08:20:13,505 [grpc-default-executor-3] INFO  impl.RoleInfo (RoleInfo.java:updateAndGet(143)) - bc0382cc-50e2-4d58-b2de-e8b6250f3520: start FollowerState
2019-10-18 08:20:13,519 [47aecc56-7e95-480d-b89c-2c00d33b4782@group-5EC277DF3249-LeaderElection190] INFO  impl.LeaderElection (LeaderElection.java:logAndReturn(56)) - 47aecc56-7e95-480d-b89c-2c00d33b4782@group-5EC277DF3249-LeaderElection190: Election REJECTED; received 2 response(s) [47aecc56-7e95-480d-b89c-2c00d33b4782<-1bc296c6-def6-4ae4-8c62-5b4c951a28f1#0:FAIL-t201, 47aecc56-7e95-480d-b89c-2c00d33b4782<-bc0382cc-50e2-4d58-b2de-e8b6250f3520#0:FAIL-t201] and 0 exception(s); 47aecc56-7e95-480d-b89c-2c00d33b4782@group-5EC277DF3249:t201, leader=null, voted=47aecc56-7e95-480d-b89c-2c00d33b4782, raftlog=47aecc56-7e95-480d-b89c-2c00d33b4782@group-5EC277DF3249-SegmentedRaftLog:OPENED:c-1,f-1,i0, conf=-1: [47aecc56-7e95-480d-b89c-2c00d33b4782:192.168.69.67:34550, 1bc296c6-def6-4ae4-8c62-5b4c951a28f1:192.168.69.67:37222, bc0382cc-50e2-4d58-b2de-e8b6250f3520:192.168.69.67:37666], old=null
2019-10-18 08:20:13,519 [47aecc56-7e95-480d-b89c-2c00d33b4782@group-5EC277DF3249-LeaderElection190] INFO  impl.RaftServerImpl (RaftServerImpl.java:setRole(184)) - 47aecc56-7e95-480d-b89c-2c00d33b4782@group-5EC277DF3249: changes role from CANDIDATE to FOLLOWER at term 201 for DISCOVERED_A_NEW_TERM
2019-10-18 08:20:13,519 [47aecc56-7e95-480d-b89c-2c00d33b4782@group-5EC277DF3249-LeaderElection190] INFO  impl.RoleInfo (RoleInfo.java:shutdownLeaderElection(134)) - 47aecc56-7e95-480d-b89c-2c00d33b4782: shutdown LeaderElection
2019-10-18 08:20:13,519 [47aecc56-7e95-480d-b89c-2c00d33b4782@group-5EC277DF3249-LeaderElection190] INFO  impl.RoleInfo (RoleInfo.java:updateAndGet(143)) - 47aecc56-7e95-480d-b89c-2c00d33b4782: start FollowerState
2019-10-18 08:20:13,561 [Thread-1924] INFO  impl.FollowerState (FollowerState.java:run(108)) - 47aecc56-7e95-480d-b89c-2c00d33b4782@group-5EC277DF3249-FollowerState: change to CANDIDATE, lastRpcTime:42ms, electionTimeout:42ms
2019-10-18 08:20:13,561 [Thread-1924] INFO  impl.RoleInfo (RoleInfo.java:shutdownFollowerState(121)) - 47aecc56-7e95-480d-b89c-2c00d33b4782: shutdown FollowerState
2019-10-18 08:20:13,561 [Thread-1924] INFO  impl.RaftServerImpl (RaftServerImpl.java:setRole(184)) - 47aecc56-7e95-480d-b89c-2c00d33b4782@group-5EC277DF3249: changes role from  FOLLOWER to CANDIDATE at term 201 for changeToCandidate
2019-10-18 08:20:13,562 [Thread-1924] INFO  impl.RoleInfo (RoleInfo.java:updateAndGet(143)) - 47aecc56-7e95-480d-b89c-2c00d33b4782: start LeaderElection
2019-10-18 08:20:13,575 [47aecc56-7e95-480d-b89c-2c00d33b4782@group-5EC277DF3249-LeaderElection191] INFO  impl.LeaderElection (LeaderElection.java:askForVotes(178)) - 47aecc56-7e95-480d-b89c-2c00d33b4782@group-5EC277DF3249-LeaderElection191: begin an election at term 202 for -1: [47aecc56-7e95-480d-b89c-2c00d33b4782:192.168.69.67:34550, 1bc296c6-def6-4ae4-8c62-5b4c951a28f1:192.168.69.67:37222, bc0382cc-50e2-4d58-b2de-e8b6250f3520:192.168.69.67:37666], old=null
2019-10-18 08:20:13,577 [grpc-default-executor-7] INFO  impl.RaftServerImpl (RaftServerImpl.java:setRole(184)) - bc0382cc-50e2-4d58-b2de-e8b6250f3520@group-5EC277DF3249: changes role from  FOLLOWER to FOLLOWER at term 202 for recognizeCandidate:47aecc56-7e95-480d-b89c-2c00d33b4782
2019-10-18 08:20:13,577 [grpc-default-executor-7] INFO  impl.RoleInfo (RoleInfo.java:shutdownFollowerState(121)) - bc0382cc-50e2-4d58-b2de-e8b6250f3520: shutdown FollowerState
2019-10-18 08:20:13,577 [grpc-default-executor-3] INFO  impl.RaftServerImpl (RaftServerImpl.java:setRole(184)) - 1bc296c6-def6-4ae4-8c62-5b4c951a28f1@group-5EC277DF3249: changes role from  FOLLOWER to FOLLOWER at term 202 for recognizeCandidate:47aecc56-7e95-480d-b89c-2c00d33b4782
2019-10-18 08:20:13,577 [Thread-1923] INFO  impl.FollowerState (FollowerState.java:run(117)) - bc0382cc-50e2-4d58-b2de-e8b6250f3520@group-5EC277DF3249-FollowerState was interrupted: java.lang.InterruptedException: sleep interrupted
2019-10-18 08:20:13,577 [grpc-default-executor-7] INFO  impl.RoleInfo (RoleInfo.java:updateAndGet(143)) - bc0382cc-50e2-4d58-b2de-e8b6250f3520: start FollowerState
2019-10-18 08:20:13,578 [grpc-default-executor-3] INFO  impl.RoleInfo (RoleInfo.java:shutdownFollowerState(121)) - 1bc296c6-def6-4ae4-8c62-5b4c951a28f1: shutdown FollowerState
2019-10-18 08:20:13,578 [Thread-1922] INFO  impl.FollowerState (FollowerState.java:run(117)) - 1bc296c6-def6-4ae4-8c62-5b4c951a28f1@group-5EC277DF3249-FollowerState was interrupted: java.lang.InterruptedException: sleep interrupted
2019-10-18 08:20:13,578 [grpc-default-executor-3] INFO  impl.RoleInfo (RoleInfo.java:updateAndGet(143)) - 1bc296c6-def6-4ae4-8c62-5b4c951a28f1: start FollowerState
2019-10-18 08:20:13,592 [47aecc56-7e95-480d-b89c-2c00d33b4782@group-5EC277DF3249-LeaderElection191] INFO  impl.LeaderElection (LeaderElection.java:logAndReturn(56)) - 47aecc56-7e95-480d-b89c-2c00d33b4782@group-5EC277DF3249-LeaderElection191: Election REJECTED; received 2 response(s) [47aecc56-7e95-480d-b89c-2c00d33b4782<-1bc296c6-def6-4ae4-8c62-5b4c951a28f1#0:FAIL-t202, 47aecc56-7e95-480d-b89c-2c00d33b4782<-bc0382cc-50e2-4d58-b2de-e8b6250f3520#0:FAIL-t202] and 0 exception(s); 47aecc56-7e95-480d-b89c-2c00d33b4782@group-5EC277DF3249:t202, leader=null, voted=47aecc56-7e95-480d-b89c-2c00d33b4782, raftlog=47aecc56-7e95-480d-b89c-2c00d33b4782@group-5EC277DF3249-SegmentedRaftLog:OPENED:c-1,f-1,i0, conf=-1: [47aecc56-7e95-480d-b89c-2c00d33b4782:192.168.69.67:34550, 1bc296c6-def6-4ae4-8c62-5b4c951a28f1:192.168.69.67:37222, bc0382cc-50e2-4d58-b2de-e8b6250f3520:192.168.69.67:37666], old=null
2019-10-18 08:20:13,592 [47aecc56-7e95-480d-b89c-2c00d33b4782@group-5EC277DF3249-LeaderElection191] INFO  impl.RaftServerImpl (RaftServerImpl.java:setRole(184)) - 47aecc56-7e95-480d-b89c-2c00d33b4782@group-5EC277DF3249: changes role from CANDIDATE to FOLLOWER at term 202 for DISCOVERED_A_NEW_TERM
2019-10-18 08:20:13,592 [47aecc56-7e95-480d-b89c-2c00d33b4782@group-5EC277DF3249-LeaderElection191] INFO  impl.RoleInfo (RoleInfo.java:shutdownLeaderElection(134)) - 47aecc56-7e95-480d-b89c-2c00d33b4782: shutdown LeaderElection
2019-10-18 08:20:13,592 [47aecc56-7e95-480d-b89c-2c00d33b4782@group-5EC277DF3249-LeaderElection191] INFO  impl.RoleInfo (RoleInfo.java:updateAndGet(143)) - 47aecc56-7e95-480d-b89c-2c00d33b4782: start FollowerState
2019-10-18 08:20:13,660 [Thread-1930] INFO  impl.FollowerState (FollowerState.java:run(108)) - 47aecc56-7e95-480d-b89c-2c00d33b4782@group-5EC277DF3249-FollowerState: change to CANDIDATE, lastRpcTime:68ms, electionTimeout:68ms
2019-10-18 08:20:13,661 [Thread-1930] INFO  impl.RoleInfo (RoleInfo.java:shutdownFollowerState(121)) - 47aecc56-7e95-480d-b89c-2c00d33b4782: shutdown FollowerState
2019-10-18 08:20:13,661 [Thread-1930] INFO  impl.RaftServerImpl (RaftServerImpl.java:setRole(184)) - 47aecc56-7e95-480d-b89c-2c00d33b4782@group-5EC277DF3249: changes role from  FOLLOWER to CANDIDATE at term 202 for changeToCandidate
2019-10-18 08:20:13,661 [Thread-1930] INFO  impl.RoleInfo (RoleInfo.java:updateAndGet(143)) - 47aecc56-7e95-480d-b89c-2c00d33b4782: start LeaderElection
2019-10-18 08:20:13,695 [47aecc56-7e95-480d-b89c-2c00d33b4782@group-5EC277DF3249-LeaderElection192] INFO  impl.LeaderElection (LeaderElection.java:askForVotes(178)) - 47aecc56-7e95-480d-b89c-2c00d33b4782@group-5EC277DF3249-LeaderElection192: begin an election at term 203 for -1: [47aecc56-7e95-480d-b89c-2c00d33b4782:192.168.69.67:34550, 1bc296c6-def6-4ae4-8c62-5b4c951a28f1:192.168.69.67:37222, bc0382cc-50e2-4d58-b2de-e8b6250f3520:192.168.69.67:37666], old=null
2019-10-18 08:20:13,696 [grpc-default-executor-7] INFO  impl.RaftServerImpl (RaftServerImpl.java:setRole(184)) - 1bc296c6-def6-4ae4-8c62-5b4c951a28f1@group-5EC277DF3249: changes role from  FOLLOWER to FOLLOWER at term 203 for recognizeCandidate:47aecc56-7e95-480d-b89c-2c00d33b4782
2019-10-18 08:20:13,696 [grpc-default-executor-7] INFO  impl.RoleInfo (RoleInfo.java:shutdownFollowerState(121)) - 1bc296c6-def6-4ae4-8c62-5b4c951a28f1: shutdown FollowerState
2019-10-18 08:20:13,697 [grpc-default-executor-3] INFO  impl.RaftServerImpl (RaftServerImpl.java:setRole(184)) - bc0382cc-50e2-4d58-b2de-e8b6250f3520@group-5EC277DF3249: changes role from  FOLLOWER to FOLLOWER at term 203 for recognizeCandidate:47aecc56-7e95-480d-b89c-2c00d33b4782
2019-10-18 08:20:13,697 [Thread-1929] INFO  impl.FollowerState (FollowerState.java:run(117)) - 1bc296c6-def6-4ae4-8c62-5b4c951a28f1@group-5EC277DF3249-FollowerState was interrupted: java.lang.InterruptedException: sleep interrupted
2019-10-18 08:20:13,697 [grpc-default-executor-7] INFO  impl.RoleInfo (RoleInfo.java:updateAndGet(143)) - 1bc296c6-def6-4ae4-8c62-5b4c951a28f1: start FollowerState
2019-10-18 08:20:13,697 [grpc-default-executor-3] INFO  impl.RoleInfo (RoleInfo.java:shutdownFollowerState(121)) - bc0382cc-50e2-4d58-b2de-e8b6250f3520: shutdown FollowerState
2019-10-18 08:20:13,697 [Thread-1928] INFO  impl.FollowerState (FollowerState.java:run(117)) - bc0382cc-50e2-4d58-b2de-e8b6250f3520@group-5EC277DF3249-FollowerState was interrupted: java.lang.InterruptedException: sleep interrupted
2019-10-18 08:20:13,697 [grpc-default-executor-3] INFO  impl.RoleInfo (RoleInfo.java:updateAndGet(143)) - bc0382cc-50e2-4d58-b2de-e8b6250f3520: start FollowerState
2019-10-18 08:20:13,699 [47aecc56-7e95-480d-b89c-2c00d33b4782@group-5EC277DF3249-LeaderElection192] INFO  impl.LeaderElection (LeaderElection.java:logAndReturn(56)) - 47aecc56-7e95-480d-b89c-2c00d33b4782@group-5EC277DF3249-LeaderElection192: Election TIMEOUT; received 0 response(s) [] and 0 exception(s); 47aecc56-7e95-480d-b89c-2c00d33b4782@group-5EC277DF3249:t203, leader=null, voted=47aecc56-7e95-480d-b89c-2c00d33b4782, raftlog=47aecc56-7e95-480d-b89c-2c00d33b4782@group-5EC277DF3249-SegmentedRaftLog:OPENED:c-1,f-1,i0, conf=-1: [47aecc56-7e95-480d-b89c-2c00d33b4782:192.168.69.67:34550, 1bc296c6-def6-4ae4-8c62-5b4c951a28f1:192.168.69.67:37222, bc0382cc-50e2-4d58-b2de-e8b6250f3520:192.168.69.67:37666], old=null
2019-10-18 08:20:13,711 [47aecc56-7e95-480d-b89c-2c00d33b4782@group-5EC277DF3249-LeaderElection192] INFO  impl.LeaderElection (LeaderElection.java:askForVotes(178)) - 47aecc56-7e95-480d-b89c-2c00d33b4782@group-5EC277DF3249-LeaderElection192: begin an election at term 204 for -1: [47aecc56-7e95-480d-b89c-2c00d33b4782:192.168.69.67:34550, 1bc296c6-def6-4ae4-8c62-5b4c951a28f1:192.168.69.67:37222, bc0382cc-50e2-4d58-b2de-e8b6250f3520:192.168.69.67:37666], old=null
2019-10-18 08:20:13,714 [grpc-default-executor-3] INFO  impl.RaftServerImpl (RaftServerImpl.java:setRole(184)) - 1bc296c6-def6-4ae4-8c62-5b4c951a28f1@group-5EC277DF3249: changes role from  FOLLOWER to FOLLOWER at term 204 for recognizeCandidate:47aecc56-7e95-480d-b89c-2c00d33b4782
2019-10-18 08:20:13,714 [grpc-default-executor-7] INFO  impl.RaftServerImpl (RaftServerImpl.java:setRole(184)) - bc0382cc-50e2-4d58-b2de-e8b6250f3520@group-5EC277DF3249: changes role from  FOLLOWER to FOLLOWER at term 204 for recognizeCandidate:47aecc56-7e95-480d-b89c-2c00d33b4782
2019-10-18 08:20:13,714 [grpc-default-executor-7] INFO  impl.RoleInfo (RoleInfo.java:shutdownFollowerState(121)) - bc0382cc-50e2-4d58-b2de-e8b6250f3520: shutdown FollowerState
2019-10-18 08:20:13,714 [grpc-default-executor-3] INFO  impl.RoleInfo (RoleInfo.java:shutdownFollowerState(121)) - 1bc296c6-def6-4ae4-8c62-5b4c951a28f1: shutdown FollowerState
2019-10-18 08:20:13,715 [Thread-1935] INFO  impl.FollowerState (FollowerState.java:run(117)) - bc0382cc-50e2-4d58-b2de-e8b6250f3520@group-5EC277DF3249-FollowerState was interrupted: java.lang.InterruptedException: sleep interrupted
2019-10-18 08:20:13,715 [Thread-1934] INFO  impl.FollowerState (FollowerState.java:run(117)) - 1bc296c6-def6-4ae4-8c62-5b4c951a28f1@group-5EC277DF3249-FollowerState was interrupted: java.lang.InterruptedException: sleep interrupted
2019-10-18 08:20:13,715 [grpc-default-executor-7] INFO  impl.RoleInfo (RoleInfo.java:updateAndGet(143)) - bc0382cc-50e2-4d58-b2de-e8b6250f3520: start FollowerState
2019-10-18 08:20:13,715 [grpc-default-executor-3] INFO  impl.RoleInfo (RoleInfo.java:updateAndGet(143)) - 1bc296c6-def6-4ae4-8c62-5b4c951a28f1: start FollowerState
2019-10-18 08:20:13,729 [47aecc56-7e95-480d-b89c-2c00d33b4782@group-5EC277DF3249-LeaderElection192] INFO  impl.LeaderElection (LeaderElection.java:logAndReturn(56)) - 47aecc56-7e95-480d-b89c-2c00d33b4782@group-5EC277DF3249-LeaderElection192: Election REJECTED; received 2 response(s) [47aecc56-7e95-480d-b89c-2c00d33b4782<-1bc296c6-def6-4ae4-8c62-5b4c951a28f1#0:FAIL-t204, 47aecc56-7e95-480d-b89c-2c00d33b4782<-bc0382cc-50e2-4d58-b2de-e8b6250f3520#0:FAIL-t204] and 0 exception(s); 47aecc56-7e95-480d-b89c-2c00d33b4782@group-5EC277DF3249:t204, leader=null, voted=47aecc56-7e95-480d-b89c-2c00d33b4782, raftlog=47aecc56-7e95-480d-b89c-2c00d33b4782@group-5EC277DF3249-SegmentedRaftLog:OPENED:c-1,f-1,i0, conf=-1: [47aecc56-7e95-480d-b89c-2c00d33b4782:192.168.69.67:34550, 1bc296c6-def6-4ae4-8c62-5b4c951a28f1:192.168.69.67:37222, bc0382cc-50e2-4d58-b2de-e8b6250f3520:192.168.69.67:37666], old=null
2019-10-18 08:20:13,729 [47aecc56-7e95-480d-b89c-2c00d33b4782@group-5EC277DF3249-LeaderElection192] INFO  impl.RaftServerImpl (RaftServerImpl.java:setRole(184)) - 47aecc56-7e95-480d-b89c-2c00d33b4782@group-5EC277DF3249: changes role from CANDIDATE to FOLLOWER at term 204 for DISCOVERED_A_NEW_TERM
2019-10-18 08:20:13,729 [47aecc56-7e95-480d-b89c-2c00d33b4782@group-5EC277DF3249-LeaderElection192] INFO  impl.RoleInfo (RoleInfo.java:shutdownLeaderElection(134)) - 47aecc56-7e95-480d-b89c-2c00d33b4782: shutdown LeaderElection
2019-10-18 08:20:13,730 [47aecc56-7e95-480d-b89c-2c00d33b4782@group-5EC277DF3249-LeaderElection192] INFO  impl.RoleInfo (RoleInfo.java:updateAndGet(143)) - 47aecc56-7e95-480d-b89c-2c00d33b4782: start FollowerState
2019-10-18 08:20:13,878 [Thread-1940] INFO  impl.FollowerState (FollowerState.java:run(108)) - 47aecc56-7e95-480d-b89c-2c00d33b4782@group-5EC277DF3249-FollowerState: change to CANDIDATE, lastRpcTime:148ms, electionTimeout:148ms
2019-10-18 08:20:13,878 [Thread-1940] INFO  impl.RoleInfo (RoleInfo.java:shutdownFollowerState(121)) - 47aecc56-7e95-480d-b89c-2c00d33b4782: shutdown FollowerState
2019-10-18 08:20:13,878 [Thread-1940] INFO  impl.RaftServerImpl (RaftServerImpl.java:setRole(184)) - 47aecc56-7e95-480d-b89c-2c00d33b4782@group-5EC277DF3249: changes role from  FOLLOWER to CANDIDATE at term 204 for changeToCandidate
2019-10-18 08:20:13,879 [Thread-1940] INFO  impl.RoleInfo (RoleInfo.java:updateAndGet(143)) - 47aecc56-7e95-480d-b89c-2c00d33b4782: start LeaderElection
2019-10-18 08:20:13,892 [47aecc56-7e95-480d-b89c-2c00d33b4782@group-5EC277DF3249-LeaderElection193] INFO  impl.LeaderElection (LeaderElection.java:askForVotes(178)) - 47aecc56-7e95-480d-b89c-2c00d33b4782@group-5EC277DF3249-LeaderElection193: begin an election at term 205 for -1: [47aecc56-7e95-480d-b89c-2c00d33b4782:192.168.69.67:34550, 1bc296c6-def6-4ae4-8c62-5b4c951a28f1:192.168.69.67:37222, bc0382cc-50e2-4d58-b2de-e8b6250f3520:192.168.69.67:37666], old=null
2019-10-18 08:20:13,894 [grpc-default-executor-3] INFO  impl.RaftServerImpl (RaftServerImpl.java:setRole(184)) - 1bc296c6-def6-4ae4-8c62-5b4c951a28f1@group-5EC277DF3249: changes role from  FOLLOWER to FOLLOWER at term 205 for recognizeCandidate:47aecc56-7e95-480d-b89c-2c00d33b4782
2019-10-18 08:20:13,894 [grpc-default-executor-3] INFO  impl.RoleInfo (RoleInfo.java:shutdownFollowerState(121)) - 1bc296c6-def6-4ae4-8c62-5b4c951a28f1: shutdown FollowerState
2019-10-18 08:20:13,894 [grpc-default-executor-7] INFO  impl.RaftServerImpl (RaftServerImpl.java:setRole(184)) - bc0382cc-50e2-4d58-b2de-e8b6250f3520@group-5EC277DF3249: changes role from  FOLLOWER to FOLLOWER at term 205 for recognizeCandidate:47aecc56-7e95-480d-b89c-2c00d33b4782
2019-10-18 08:20:13,894 [grpc-default-executor-7] INFO  impl.RoleInfo (RoleInfo.java:shutdownFollowerState(121)) - bc0382cc-50e2-4d58-b2de-e8b6250f3520: shutdown FollowerState
2019-10-18 08:20:13,894 [Thread-1939] INFO  impl.FollowerState (FollowerState.java:run(117)) - 1bc296c6-def6-4ae4-8c62-5b4c951a28f1@group-5EC277DF3249-FollowerState was interrupted: java.lang.InterruptedException: sleep interrupted
2019-10-18 08:20:13,894 [grpc-default-executor-3] INFO  impl.RoleInfo (RoleInfo.java:updateAndGet(143)) - 1bc296c6-def6-4ae4-8c62-5b4c951a28f1: start FollowerState
2019-10-18 08:20:13,895 [Thread-1938] INFO  impl.FollowerState (FollowerState.java:run(117)) - bc0382cc-50e2-4d58-b2de-e8b6250f3520@group-5EC277DF3249-FollowerState was interrupted: java.lang.InterruptedException: sleep interrupted
2019-10-18 08:20:13,895 [grpc-default-executor-7] INFO  impl.RoleInfo (RoleInfo.java:updateAndGet(143)) - bc0382cc-50e2-4d58-b2de-e8b6250f3520: start FollowerState
2019-10-18 08:20:13,910 [47aecc56-7e95-480d-b89c-2c00d33b4782@group-5EC277DF3249-LeaderElection193] INFO  impl.LeaderElection (LeaderElection.java:logAndReturn(56)) - 47aecc56-7e95-480d-b89c-2c00d33b4782@group-5EC277DF3249-LeaderElection193: Election REJECTED; received 2 response(s) [47aecc56-7e95-480d-b89c-2c00d33b4782<-1bc296c6-def6-4ae4-8c62-5b4c951a28f1#0:FAIL-t205, 47aecc56-7e95-480d-b89c-2c00d33b4782<-bc0382cc-50e2-4d58-b2de-e8b6250f3520#0:FAIL-t205] and 0 exception(s); 47aecc56-7e95-480d-b89c-2c00d33b4782@group-5EC277DF3249:t205, leader=null, voted=47aecc56-7e95-480d-b89c-2c00d33b4782, raftlog=47aecc56-7e95-480d-b89c-2c00d33b4782@group-5EC277DF3249-SegmentedRaftLog:OPENED:c-1,f-1,i0, conf=-1: [47aecc56-7e95-480d-b89c-2c00d33b4782:192.168.69.67:34550, 1bc296c6-def6-4ae4-8c62-5b4c951a28f1:192.168.69.67:37222, bc0382cc-50e2-4d58-b2de-e8b6250f3520:192.168.69.67:37666], old=null
2019-10-18 08:20:13,910 [47aecc56-7e95-480d-b89c-2c00d33b4782@group-5EC277DF3249-LeaderElection193] INFO  impl.RaftServerImpl (RaftServerImpl.java:setRole(184)) - 47aecc56-7e95-480d-b89c-2c00d33b4782@group-5EC277DF3249: changes role from CANDIDATE to FOLLOWER at term 205 for DISCOVERED_A_NEW_TERM
2019-10-18 08:20:13,910 [47aecc56-7e95-480d-b89c-2c00d33b4782@group-5EC277DF3249-LeaderElection193] INFO  impl.RoleInfo (RoleInfo.java:shutdownLeaderElection(134)) - 47aecc56-7e95-480d-b89c-2c00d33b4782: shutdown LeaderElection
2019-10-18 08:20:13,910 [47aecc56-7e95-480d-b89c-2c00d33b4782@group-5EC277DF3249-LeaderElection193] INFO  impl.RoleInfo (RoleInfo.java:updateAndGet(143)) - 47aecc56-7e95-480d-b89c-2c00d33b4782: start FollowerState
2019-10-18 08:20:14,075 [Thread-1946] INFO  impl.FollowerState (FollowerState.java:run(108)) - 47aecc56-7e95-480d-b89c-2c00d33b4782@group-5EC277DF3249-FollowerState: change to CANDIDATE, lastRpcTime:165ms, electionTimeout:165ms
2019-10-18 08:20:14,076 [Thread-1946] INFO  impl.RoleInfo (RoleInfo.java:shutdownFollowerState(121)) - 47aecc56-7e95-480d-b89c-2c00d33b4782: shutdown FollowerState
2019-10-18 08:20:14,076 [Thread-1946] INFO  impl.RaftServerImpl (RaftServerImpl.java:setRole(184)) - 47aecc56-7e95-480d-b89c-2c00d33b4782@group-5EC277DF3249: changes role from  FOLLOWER to CANDIDATE at term 205 for changeToCandidate
2019-10-18 08:20:14,076 [Thread-1946] INFO  impl.RoleInfo (RoleInfo.java:updateAndGet(143)) - 47aecc56-7e95-480d-b89c-2c00d33b4782: start LeaderElection
2019-10-18 08:20:14,102 [47aecc56-7e95-480d-b89c-2c00d33b4782@group-5EC277DF3249-LeaderElection194] INFO  impl.LeaderElection (LeaderElection.java:askForVotes(178)) - 47aecc56-7e95-480d-b89c-2c00d33b4782@group-5EC277DF3249-LeaderElection194: begin an election at term 206 for -1: [47aecc56-7e95-480d-b89c-2c00d33b4782:192.168.69.67:34550, 1bc296c6-def6-4ae4-8c62-5b4c951a28f1:192.168.69.67:37222, bc0382cc-50e2-4d58-b2de-e8b6250f3520:192.168.69.67:37666], old=null
2019-10-18 08:20:14,107 [grpc-default-executor-7] INFO  impl.RaftServerImpl (RaftServerImpl.java:setRole(184)) - 1bc296c6-def6-4ae4-8c62-5b4c951a28f1@group-5EC277DF3249: changes role from  FOLLOWER to FOLLOWER at term 206 for recognizeCandidate:47aecc56-7e95-480d-b89c-2c00d33b4782
2019-10-18 08:20:14,107 [grpc-default-executor-3] INFO  impl.RaftServerImpl (RaftServerImpl.java:setRole(184)) - bc0382cc-50e2-4d58-b2de-e8b6250f3520@group-5EC277DF3249: changes role from  FOLLOWER to FOLLOWER at term 206 for recognizeCandidate:47aecc56-7e95-480d-b89c-2c00d33b4782
2019-10-18 08:20:14,108 [grpc-default-executor-3] INFO  impl.RoleInfo (RoleInfo.java:shutdownFollowerState(121)) - bc0382cc-50e2-4d58-b2de-e8b6250f3520: shutdown FollowerState
2019-10-18 08:20:14,107 [grpc-default-executor-7] INFO  impl.RoleInfo (RoleInfo.java:shutdownFollowerState(121)) - 1bc296c6-def6-4ae4-8c62-5b4c951a28f1: shutdown FollowerState
2019-10-18 08:20:14,108 [grpc-default-executor-3] INFO  impl.RoleInfo (RoleInfo.java:updateAndGet(143)) - bc0382cc-50e2-4d58-b2de-e8b6250f3520: start FollowerState
2019-10-18 08:20:14,108 [Thread-1944] INFO  impl.FollowerState (FollowerState.java:run(117)) - 1bc296c6-def6-4ae4-8c62-5b4c951a28f1@group-5EC277DF3249-FollowerState was interrupted: java.lang.InterruptedException: sleep interrupted
2019-10-18 08:20:14,108 [Thread-1945] INFO  impl.FollowerState (FollowerState.java:run(117)) - bc0382cc-50e2-4d58-b2de-e8b6250f3520@group-5EC277DF3249-FollowerState was interrupted: java.lang.InterruptedException: sleep interrupted
2019-10-18 08:20:14,108 [grpc-default-executor-7] INFO  impl.RoleInfo (RoleInfo.java:updateAndGet(143)) - 1bc296c6-def6-4ae4-8c62-5b4c951a28f1: start FollowerState
2019-10-18 08:20:14,148 [47aecc56-7e95-480d-b89c-2c00d33b4782@group-5EC277DF3249-LeaderElection194] INFO  impl.LeaderElection (LeaderElection.java:logAndReturn(56)) - 47aecc56-7e95-480d-b89c-2c00d33b4782@group-5EC277DF3249-LeaderElection194: Election REJECTED; received 2 response(s) [47aecc56-7e95-480d-b89c-2c00d33b4782<-1bc296c6-def6-4ae4-8c62-5b4c951a28f1#0:FAIL-t206, 47aecc56-7e95-480d-b89c-2c00d33b4782<-bc0382cc-50e2-4d58-b2de-e8b6250f3520#0:FAIL-t206] and 0 exception(s); 47aecc56-7e95-480d-b89c-2c00d33b4782@group-5EC277DF3249:t206, leader=null, voted=47aecc56-7e95-480d-b89c-2c00d33b4782, raftlog=47aecc56-7e95-480d-b89c-2c00d33b4782@group-5EC277DF3249-SegmentedRaftLog:OPENED:c-1,f-1,i0, conf=-1: [47aecc56-7e95-480d-b89c-2c00d33b4782:192.168.69.67:34550, 1bc296c6-def6-4ae4-8c62-5b4c951a28f1:192.168.69.67:37222, bc0382cc-50e2-4d58-b2de-e8b6250f3520:192.168.69.67:37666], old=null
2019-10-18 08:20:14,149 [47aecc56-7e95-480d-b89c-2c00d33b4782@group-5EC277DF3249-LeaderElection194] INFO  impl.RaftServerImpl (RaftServerImpl.java:setRole(184)) - 47aecc56-7e95-480d-b89c-2c00d33b4782@group-5EC277DF3249: changes role from CANDIDATE to FOLLOWER at term 206 for DISCOVERED_A_NEW_TERM
2019-10-18 08:20:14,149 [47aecc56-7e95-480d-b89c-2c00d33b4782@group-5EC277DF3249-LeaderElection194] INFO  impl.RoleInfo (RoleInfo.java:shutdownLeaderElection(134)) - 47aecc56-7e95-480d-b89c-2c00d33b4782: shutdown LeaderElection
2019-10-18 08:20:14,149 [47aecc56-7e95-480d-b89c-2c00d33b4782@group-5EC277DF3249-LeaderElection194] INFO  impl.RoleInfo (RoleInfo.java:updateAndGet(143)) - 47aecc56-7e95-480d-b89c-2c00d33b4782: start FollowerState
 0.00% |?                                                                                                    |  0/1 Time: 0:04:222019-10-18 08:20:14,333 [Thread-1952] INFO  impl.FollowerState (FollowerState.java:run(108)) - 47aecc56-7e95-480d-b89c-2c00d33b4782@group-5EC277DF3249-FollowerState: change to CANDIDATE, lastRpcTime:183ms, electionTimeout:183ms
2019-10-18 08:20:14,333 [Thread-1952] INFO  impl.RoleInfo (RoleInfo.java:shutdownFollowerState(121)) - 47aecc56-7e95-480d-b89c-2c00d33b4782: shutdown FollowerState
2019-10-18 08:20:14,333 [Thread-1952] INFO  impl.RaftServerImpl (RaftServerImpl.java:setRole(184)) - 47aecc56-7e95-480d-b89c-2c00d33b4782@group-5EC277DF3249: changes role from  FOLLOWER to CANDIDATE at term 206 for changeToCandidate
2019-10-18 08:20:14,333 [Thread-1952] INFO  impl.RoleInfo (RoleInfo.java:updateAndGet(143)) - 47aecc56-7e95-480d-b89c-2c00d33b4782: start LeaderElection
2019-10-18 08:20:14,359 [47aecc56-7e95-480d-b89c-2c00d33b4782@group-5EC277DF3249-LeaderElection195] INFO  impl.LeaderElection (LeaderElection.java:askForVotes(178)) - 47aecc56-7e95-480d-b89c-2c00d33b4782@group-5EC277DF3249-LeaderElection195: begin an election at term 207 for -1: [47aecc56-7e95-480d-b89c-2c00d33b4782:192.168.69.67:34550, 1bc296c6-def6-4ae4-8c62-5b4c951a28f1:192.168.69.67:37222, bc0382cc-50e2-4d58-b2de-e8b6250f3520:192.168.69.67:37666], old=null
2019-10-18 08:20:14,361 [grpc-default-executor-7] INFO  impl.RaftServerImpl (RaftServerImpl.java:setRole(184)) - 1bc296c6-def6-4ae4-8c62-5b4c951a28f1@group-5EC277DF3249: changes role from  FOLLOWER to FOLLOWER at term 207 for recognizeCandidate:47aecc56-7e95-480d-b89c-2c00d33b4782
2019-10-18 08:20:14,361 [grpc-default-executor-3] INFO  impl.RaftServerImpl (RaftServerImpl.java:setRole(184)) - bc0382cc-50e2-4d58-b2de-e8b6250f3520@group-5EC277DF3249: changes role from  FOLLOWER to FOLLOWER at term 207 for recognizeCandidate:47aecc56-7e95-480d-b89c-2c00d33b4782
2019-10-18 08:20:14,361 [grpc-default-executor-7] INFO  impl.RoleInfo (RoleInfo.java:shutdownFollowerState(121)) - 1bc296c6-def6-4ae4-8c62-5b4c951a28f1: shutdown FollowerState
2019-10-18 08:20:14,362 [grpc-default-executor-3] INFO  impl.RoleInfo (RoleInfo.java:shutdownFollowerState(121)) - bc0382cc-50e2-4d58-b2de-e8b6250f3520: shutdown FollowerState
2019-10-18 08:20:14,362 [Thread-1951] INFO  impl.FollowerState (FollowerState.java:run(117)) - 1bc296c6-def6-4ae4-8c62-5b4c951a28f1@group-5EC277DF3249-FollowerState was interrupted: java.lang.InterruptedException: sleep interrupted
2019-10-18 08:20:14,362 [Thread-1950] INFO  impl.FollowerState (FollowerState.java:run(117)) - bc0382cc-50e2-4d58-b2de-e8b6250f3520@group-5EC277DF3249-FollowerState was interrupted: java.lang.InterruptedException: sleep interrupted
2019-10-18 08:20:14,362 [grpc-default-executor-3] INFO  impl.RoleInfo (RoleInfo.java:updateAndGet(143)) - bc0382cc-50e2-4d58-b2de-e8b6250f3520: start FollowerState
2019-10-18 08:20:14,362 [grpc-default-executor-7] INFO  impl.RoleInfo (RoleInfo.java:updateAndGet(143)) - 1bc296c6-def6-4ae4-8c62-5b4c951a28f1: start FollowerState
2019-10-18 08:20:14,376 [47aecc56-7e95-480d-b89c-2c00d33b4782@group-5EC277DF3249-LeaderElection195] INFO  impl.LeaderElection (LeaderElection.java:logAndReturn(56)) - 47aecc56-7e95-480d-b89c-2c00d33b4782@group-5EC277DF3249-LeaderElection195: Election REJECTED; received 2 response(s) [47aecc56-7e95-480d-b89c-2c00d33b4782<-1bc296c6-def6-4ae4-8c62-5b4c951a28f1#0:FAIL-t207, 47aecc56-7e95-480d-b89c-2c00d33b4782<-bc0382cc-50e2-4d58-b2de-e8b6250f3520#0:FAIL-t207] and 0 exception(s); 47aecc56-7e95-480d-b89c-2c00d33b4782@group-5EC277DF3249:t207, leader=null, voted=47aecc56-7e95-480d-b89c-2c00d33b4782, raftlog=47aecc56-7e95-480d-b89c-2c00d33b4782@group-5EC277DF3249-SegmentedRaftLog:OPENED:c-1,f-1,i0, conf=-1: [47aecc56-7e95-480d-b89c-2c00d33b4782:192.168.69.67:34550, 1bc296c6-def6-4ae4-8c62-5b4c951a28f1:192.168.69.67:37222, bc0382cc-50e2-4d58-b2de-e8b6250f3520:192.168.69.67:37666], old=null
2019-10-18 08:20:14,376 [47aecc56-7e95-480d-b89c-2c00d33b4782@group-5EC277DF3249-LeaderElection195] INFO  impl.RaftServerImpl (RaftServerImpl.java:setRole(184)) - 47aecc56-7e95-480d-b89c-2c00d33b4782@group-5EC277DF3249: changes role from CANDIDATE to FOLLOWER at term 207 for DISCOVERED_A_NEW_TERM
2019-10-18 08:20:14,376 [47aecc56-7e95-480d-b89c-2c00d33b4782@group-5EC277DF3249-LeaderElection195] INFO  impl.RoleInfo (RoleInfo.java:shutdownLeaderElection(134)) - 47aecc56-7e95-480d-b89c-2c00d33b4782: shutdown LeaderElection
2019-10-18 08:20:14,377 [47aecc56-7e95-480d-b89c-2c00d33b4782@group-5EC277DF3249-LeaderElection195] INFO  impl.RoleInfo (RoleInfo.java:updateAndGet(143)) - 47aecc56-7e95-480d-b89c-2c00d33b4782: start FollowerState
2019-10-18 08:20:14,379 [Thread-1958] INFO  impl.FollowerState (FollowerState.java:run(108)) - 47aecc56-7e95-480d-b89c-2c00d33b4782@group-5EC277DF3249-FollowerState: change to CANDIDATE, lastRpcTime:2ms, electionTimeout:2ms
2019-10-18 08:20:14,379 [Thread-1958] INFO  impl.RoleInfo (RoleInfo.java:shutdownFollowerState(121)) - 47aecc56-7e95-480d-b89c-2c00d33b4782: shutdown FollowerState
2019-10-18 08:20:14,379 [Thread-1958] INFO  impl.RaftServerImpl (RaftServerImpl.java:setRole(184)) - 47aecc56-7e95-480d-b89c-2c00d33b4782@group-5EC277DF3249: changes role from  FOLLOWER to CANDIDATE at term 207 for changeToCandidate
2019-10-18 08:20:14,379 [Thread-1958] INFO  impl.RoleInfo (RoleInfo.java:updateAndGet(143)) - 47aecc56-7e95-480d-b89c-2c00d33b4782: start LeaderElection
2019-10-18 08:20:14,393 [47aecc56-7e95-480d-b89c-2c00d33b4782@group-5EC277DF3249-LeaderElection196] INFO  impl.LeaderElection (LeaderElection.java:askForVotes(178)) - 47aecc56-7e95-480d-b89c-2c00d33b4782@group-5EC277DF3249-LeaderElection196: begin an election at term 208 for -1: [47aecc56-7e95-480d-b89c-2c00d33b4782:192.168.69.67:34550, 1bc296c6-def6-4ae4-8c62-5b4c951a28f1:192.168.69.67:37222, bc0382cc-50e2-4d58-b2de-e8b6250f3520:192.168.69.67:37666], old=null
2019-10-18 08:20:14,395 [grpc-default-executor-3] INFO  impl.RaftServerImpl (RaftServerImpl.java:setRole(184)) - 1bc296c6-def6-4ae4-8c62-5b4c951a28f1@group-5EC277DF3249: changes role from  FOLLOWER to FOLLOWER at term 208 for recognizeCandidate:47aecc56-7e95-480d-b89c-2c00d33b4782
2019-10-18 08:20:14,395 [grpc-default-executor-7] INFO  impl.RaftServerImpl (RaftServerImpl.java:setRole(184)) - bc0382cc-50e2-4d58-b2de-e8b6250f3520@group-5EC277DF3249: changes role from  FOLLOWER to FOLLOWER at term 208 for recognizeCandidate:47aecc56-7e95-480d-b89c-2c00d33b4782
2019-10-18 08:20:14,395 [grpc-default-executor-3] INFO  impl.RoleInfo (RoleInfo.java:shutdownFollowerState(121)) - 1bc296c6-def6-4ae4-8c62-5b4c951a28f1: shutdown FollowerState
2019-10-18 08:20:14,395 [grpc-default-executor-7] INFO  impl.RoleInfo (RoleInfo.java:shutdownFollowerState(121)) - bc0382cc-50e2-4d58-b2de-e8b6250f3520: shutdown FollowerState
2019-10-18 08:20:14,395 [Thread-1956] INFO  impl.FollowerState (FollowerState.java:run(117)) - 1bc296c6-def6-4ae4-8c62-5b4c951a28f1@group-5EC277DF3249-FollowerState was interrupted: java.lang.InterruptedException: sleep interrupted
2019-10-18 08:20:14,395 [grpc-default-executor-3] INFO  impl.RoleInfo (RoleInfo.java:updateAndGet(143)) - 1bc296c6-def6-4ae4-8c62-5b4c951a28f1: start FollowerState
2019-10-18 08:20:14,396 [Thread-1957] INFO  impl.FollowerState (FollowerState.java:run(117)) - bc0382cc-50e2-4d58-b2de-e8b6250f3520@group-5EC277DF3249-FollowerState was interrupted: java.lang.InterruptedException: sleep interrupted
2019-10-18 08:20:14,395 [grpc-default-executor-7] INFO  impl.RoleInfo (RoleInfo.java:updateAndGet(143)) - bc0382cc-50e2-4d58-b2de-e8b6250f3520: start FollowerState
2019-10-18 08:20:14,411 [47aecc56-7e95-480d-b89c-2c00d33b4782@group-5EC277DF3249-LeaderElection196] INFO  impl.LeaderElection (LeaderElection.java:logAndReturn(56)) - 47aecc56-7e95-480d-b89c-2c00d33b4782@group-5EC277DF3249-LeaderElection196: Election REJECTED; received 2 response(s) [47aecc56-7e95-480d-b89c-2c00d33b4782<-1bc296c6-def6-4ae4-8c62-5b4c951a28f1#0:FAIL-t208, 47aecc56-7e95-480d-b89c-2c00d33b4782<-bc0382cc-50e2-4d58-b2de-e8b6250f3520#0:FAIL-t208] and 0 exception(s); 47aecc56-7e95-480d-b89c-2c00d33b4782@group-5EC277DF3249:t208, leader=null, voted=47aecc56-7e95-480d-b89c-2c00d33b4782, raftlog=47aecc56-7e95-480d-b89c-2c00d33b4782@group-5EC277DF3249-SegmentedRaftLog:OPENED:c-1,f-1,i0, conf=-1: [47aecc56-7e95-480d-b89c-2c00d33b4782:192.168.69.67:34550, 1bc296c6-def6-4ae4-8c62-5b4c951a28f1:192.168.69.67:37222, bc0382cc-50e2-4d58-b2de-e8b6250f3520:192.168.69.67:37666], old=null
2019-10-18 08:20:14,411 [47aecc56-7e95-480d-b89c-2c00d33b4782@group-5EC277DF3249-LeaderElection196] INFO  impl.RaftServerImpl (RaftServerImpl.java:setRole(184)) - 47aecc56-7e95-480d-b89c-2c00d33b4782@group-5EC277DF3249: changes role from CANDIDATE to FOLLOWER at term 208 for DISCOVERED_A_NEW_TERM
2019-10-18 08:20:14,412 [47aecc56-7e95-480d-b89c-2c00d33b4782@group-5EC277DF3249-LeaderElection196] INFO  impl.RoleInfo (RoleInfo.java:shutdownLeaderElection(134)) - 47aecc56-7e95-480d-b89c-2c00d33b4782: shutdown LeaderElection
2019-10-18 08:20:14,412 [47aecc56-7e95-480d-b89c-2c00d33b4782@group-5EC277DF3249-LeaderElection196] INFO  impl.RoleInfo (RoleInfo.java:updateAndGet(143)) - 47aecc56-7e95-480d-b89c-2c00d33b4782: start FollowerState
2019-10-18 08:20:14,475 [Thread-1964] INFO  impl.FollowerState (FollowerState.java:run(108)) - 47aecc56-7e95-480d-b89c-2c00d33b4782@group-5EC277DF3249-FollowerState: change to CANDIDATE, lastRpcTime:63ms, electionTimeout:63ms
2019-10-18 08:20:14,475 [Thread-1964] INFO  impl.RoleInfo (RoleInfo.java:shutdownFollowerState(121)) - 47aecc56-7e95-480d-b89c-2c00d33b4782: shutdown FollowerState
2019-10-18 08:20:14,475 [Thread-1964] INFO  impl.RaftServerImpl (RaftServerImpl.java:setRole(184)) - 47aecc56-7e95-480d-b89c-2c00d33b4782@group-5EC277DF3249: changes role from  FOLLOWER to CANDIDATE at term 208 for changeToCandidate
2019-10-18 08:20:14,476 [Thread-1964] INFO  impl.RoleInfo (RoleInfo.java:updateAndGet(143)) - 47aecc56-7e95-480d-b89c-2c00d33b4782: start LeaderElection
2019-10-18 08:20:14,490 [47aecc56-7e95-480d-b89c-2c00d33b4782@group-5EC277DF3249-LeaderElection197] INFO  impl.LeaderElection (LeaderElection.java:askForVotes(178)) - 47aecc56-7e95-480d-b89c-2c00d33b4782@group-5EC277DF3249-LeaderElection197: begin an election at term 209 for -1: [47aecc56-7e95-480d-b89c-2c00d33b4782:192.168.69.67:34550, 1bc296c6-def6-4ae4-8c62-5b4c951a28f1:192.168.69.67:37222, bc0382cc-50e2-4d58-b2de-e8b6250f3520:192.168.69.67:37666], old=null
2019-10-18 08:20:14,493 [grpc-default-executor-7] INFO  impl.RaftServerImpl (RaftServerImpl.java:setRole(184)) - bc0382cc-50e2-4d58-b2de-e8b6250f3520@group-5EC277DF3249: changes role from  FOLLOWER to FOLLOWER at term 209 for recognizeCandidate:47aecc56-7e95-480d-b89c-2c00d33b4782
2019-10-18 08:20:14,493 [grpc-default-executor-3] INFO  impl.RaftServerImpl (RaftServerImpl.java:setRole(184)) - 1bc296c6-def6-4ae4-8c62-5b4c951a28f1@group-5EC277DF3249: changes role from  FOLLOWER to FOLLOWER at term 209 for recognizeCandidate:47aecc56-7e95-480d-b89c-2c00d33b4782
2019-10-18 08:20:14,493 [grpc-default-executor-7] INFO  impl.RoleInfo (RoleInfo.java:shutdownFollowerState(121)) - bc0382cc-50e2-4d58-b2de-e8b6250f3520: shutdown FollowerState
2019-10-18 08:20:14,493 [grpc-default-executor-3] INFO  impl.RoleInfo (RoleInfo.java:shutdownFollowerState(121)) - 1bc296c6-def6-4ae4-8c62-5b4c951a28f1: shutdown FollowerState
2019-10-18 08:20:14,493 [Thread-1963] INFO  impl.FollowerState (FollowerState.java:run(117)) - bc0382cc-50e2-4d58-b2de-e8b6250f3520@group-5EC277DF3249-FollowerState was interrupted: java.lang.InterruptedException: sleep interrupted
2019-10-18 08:20:14,493 [grpc-default-executor-7] INFO  impl.RoleInfo (RoleInfo.java:updateAndGet(143)) - bc0382cc-50e2-4d58-b2de-e8b6250f3520: start FollowerState
2019-10-18 08:20:14,493 [Thread-1962] INFO  impl.FollowerState (FollowerState.java:run(117)) - 1bc296c6-def6-4ae4-8c62-5b4c951a28f1@group-5EC277DF3249-FollowerState was interrupted: java.lang.InterruptedException: sleep interrupted
2019-10-18 08:20:14,493 [grpc-default-executor-3] INFO  impl.RoleInfo (RoleInfo.java:updateAndGet(143)) - 1bc296c6-def6-4ae4-8c62-5b4c951a28f1: start FollowerState
2019-10-18 08:20:14,512 [47aecc56-7e95-480d-b89c-2c00d33b4782@group-5EC277DF3249-LeaderElection197] INFO  impl.LeaderElection (LeaderElection.java:logAndReturn(56)) - 47aecc56-7e95-480d-b89c-2c00d33b4782@group-5EC277DF3249-LeaderElection197: Election REJECTED; received 2 response(s) [47aecc56-7e95-480d-b89c-2c00d33b4782<-1bc296c6-def6-4ae4-8c62-5b4c951a28f1#0:FAIL-t209, 47aecc56-7e95-480d-b89c-2c00d33b4782<-bc0382cc-50e2-4d58-b2de-e8b6250f3520#0:FAIL-t209] and 0 exception(s); 47aecc56-7e95-480d-b89c-2c00d33b4782@group-5EC277DF3249:t209, leader=null, voted=47aecc56-7e95-480d-b89c-2c00d33b4782, raftlog=47aecc56-7e95-480d-b89c-2c00d33b4782@group-5EC277DF3249-SegmentedRaftLog:OPENED:c-1,f-1,i0, conf=-1: [47aecc56-7e95-480d-b89c-2c00d33b4782:192.168.69.67:34550, 1bc296c6-def6-4ae4-8c62-5b4c951a28f1:192.168.69.67:37222, bc0382cc-50e2-4d58-b2de-e8b6250f3520:192.168.69.67:37666], old=null
2019-10-18 08:20:14,512 [47aecc56-7e95-480d-b89c-2c00d33b4782@group-5EC277DF3249-LeaderElection197] INFO  impl.RaftServerImpl (RaftServerImpl.java:setRole(184)) - 47aecc56-7e95-480d-b89c-2c00d33b4782@group-5EC277DF3249: changes role from CANDIDATE to FOLLOWER at term 209 for DISCOVERED_A_NEW_TERM
2019-10-18 08:20:14,512 [47aecc56-7e95-480d-b89c-2c00d33b4782@group-5EC277DF3249-LeaderElection197] INFO  impl.RoleInfo (RoleInfo.java:shutdownLeaderElection(134)) - 47aecc56-7e95-480d-b89c-2c00d33b4782: shutdown LeaderElection
2019-10-18 08:20:14,512 [47aecc56-7e95-480d-b89c-2c00d33b4782@group-5EC277DF3249-LeaderElection197] INFO  impl.RoleInfo (RoleInfo.java:updateAndGet(143)) - 47aecc56-7e95-480d-b89c-2c00d33b4782: start FollowerState
2019-10-18 08:20:14,671 [Thread-1970] INFO  impl.FollowerState (FollowerState.java:run(108)) - 47aecc56-7e95-480d-b89c-2c00d33b4782@group-5EC277DF3249-FollowerState: change to CANDIDATE, lastRpcTime:159ms, electionTimeout:159ms
2019-10-18 08:20:14,672 [Thread-1970] INFO  impl.RoleInfo (RoleInfo.java:shutdownFollowerState(121)) - 47aecc56-7e95-480d-b89c-2c00d33b4782: shutdown FollowerState
2019-10-18 08:20:14,672 [Thread-1970] INFO  impl.RaftServerImpl (RaftServerImpl.java:setRole(184)) - 47aecc56-7e95-480d-b89c-2c00d33b4782@group-5EC277DF3249: changes role from  FOLLOWER to CANDIDATE at term 209 for changeToCandidate
2019-10-18 08:20:14,672 [Thread-1970] INFO  impl.RoleInfo (RoleInfo.java:updateAndGet(143)) - 47aecc56-7e95-480d-b89c-2c00d33b4782: start LeaderElection
2019-10-18 08:20:14,686 [47aecc56-7e95-480d-b89c-2c00d33b4782@group-5EC277DF3249-LeaderElection198] INFO  impl.LeaderElection (LeaderElection.java:askForVotes(178)) - 47aecc56-7e95-480d-b89c-2c00d33b4782@group-5EC277DF3249-LeaderElection198: begin an election at term 210 for -1: [47aecc56-7e95-480d-b89c-2c00d33b4782:192.168.69.67:34550, 1bc296c6-def6-4ae4-8c62-5b4c951a28f1:192.168.69.67:37222, bc0382cc-50e2-4d58-b2de-e8b6250f3520:192.168.69.67:37666], old=null
2019-10-18 08:20:14,689 [grpc-default-executor-3] INFO  impl.RaftServerImpl (RaftServerImpl.java:setRole(184)) - bc0382cc-50e2-4d58-b2de-e8b6250f3520@group-5EC277DF3249: changes role from  FOLLOWER to FOLLOWER at term 210 for recognizeCandidate:47aecc56-7e95-480d-b89c-2c00d33b4782
2019-10-18 08:20:14,689 [grpc-default-executor-3] INFO  impl.RoleInfo (RoleInfo.java:shutdownFollowerState(121)) - bc0382cc-50e2-4d58-b2de-e8b6250f3520: shutdown FollowerState
2019-10-18 08:20:14,689 [grpc-default-executor-7] INFO  impl.RaftServerImpl (RaftServerImpl.java:setRole(184)) - 1bc296c6-def6-4ae4-8c62-5b4c951a28f1@group-5EC277DF3249: changes role from  FOLLOWER to FOLLOWER at term 210 for recognizeCandidate:47aecc56-7e95-480d-b89c-2c00d33b4782
2019-10-18 08:20:14,689 [Thread-1968] INFO  impl.FollowerState (FollowerState.java:run(117)) - bc0382cc-50e2-4d58-b2de-e8b6250f3520@group-5EC277DF3249-FollowerState was interrupted: java.lang.InterruptedException: sleep interrupted
2019-10-18 08:20:14,689 [grpc-default-executor-3] INFO  impl.RoleInfo (RoleInfo.java:updateAndGet(143)) - bc0382cc-50e2-4d58-b2de-e8b6250f3520: start FollowerState
2019-10-18 08:20:14,689 [grpc-default-executor-7] INFO  impl.RoleInfo (RoleInfo.java:shutdownFollowerState(121)) - 1bc296c6-def6-4ae4-8c62-5b4c951a28f1: shutdown FollowerState
2019-10-18 08:20:14,690 [grpc-default-executor-7] INFO  impl.RoleInfo (RoleInfo.java:updateAndGet(143)) - 1bc296c6-def6-4ae4-8c62-5b4c951a28f1: start FollowerState
2019-10-18 08:20:14,690 [Thread-1969] INFO  impl.FollowerState (FollowerState.java:run(117)) - 1bc296c6-def6-4ae4-8c62-5b4c951a28f1@group-5EC277DF3249-FollowerState was interrupted: java.lang.InterruptedException: sleep interrupted
2019-10-18 08:20:14,704 [47aecc56-7e95-480d-b89c-2c00d33b4782@group-5EC277DF3249-LeaderElection198] INFO  impl.LeaderElection (LeaderElection.java:logAndReturn(56)) - 47aecc56-7e95-480d-b89c-2c00d33b4782@group-5EC277DF3249-LeaderElection198: Election REJECTED; received 2 response(s) [47aecc56-7e95-480d-b89c-2c00d33b4782<-1bc296c6-def6-4ae4-8c62-5b4c951a28f1#0:FAIL-t210, 47aecc56-7e95-480d-b89c-2c00d33b4782<-bc0382cc-50e2-4d58-b2de-e8b6250f3520#0:FAIL-t210] and 0 exception(s); 47aecc56-7e95-480d-b89c-2c00d33b4782@group-5EC277DF3249:t210, leader=null, voted=47aecc56-7e95-480d-b89c-2c00d33b4782, raftlog=47aecc56-7e95-480d-b89c-2c00d33b4782@group-5EC277DF3249-SegmentedRaftLog:OPENED:c-1,f-1,i0, conf=-1: [47aecc56-7e95-480d-b89c-2c00d33b4782:192.168.69.67:34550, 1bc296c6-def6-4ae4-8c62-5b4c951a28f1:192.168.69.67:37222, bc0382cc-50e2-4d58-b2de-e8b6250f3520:192.168.69.67:37666], old=null
2019-10-18 08:20:14,704 [47aecc56-7e95-480d-b89c-2c00d33b4782@group-5EC277DF3249-LeaderElection198] INFO  impl.RaftServerImpl (RaftServerImpl.java:setRole(184)) - 47aecc56-7e95-480d-b89c-2c00d33b4782@group-5EC277DF3249: changes role from CANDIDATE to FOLLOWER at term 210 for DISCOVERED_A_NEW_TERM
2019-10-18 08:20:14,704 [47aecc56-7e95-480d-b89c-2c00d33b4782@group-5EC277DF3249-LeaderElection198] INFO  impl.RoleInfo (RoleInfo.java:shutdownLeaderElection(134)) - 47aecc56-7e95-480d-b89c-2c00d33b4782: shutdown LeaderElection
2019-10-18 08:20:14,704 [47aecc56-7e95-480d-b89c-2c00d33b4782@group-5EC277DF3249-LeaderElection198] INFO  impl.RoleInfo (RoleInfo.java:updateAndGet(143)) - 47aecc56-7e95-480d-b89c-2c00d33b4782: start FollowerState
2019-10-18 08:20:14,790 [Thread-1976] INFO  impl.FollowerState (FollowerState.java:run(108)) - 47aecc56-7e95-480d-b89c-2c00d33b4782@group-5EC277DF3249-FollowerState: change to CANDIDATE, lastRpcTime:85ms, electionTimeout:85ms
2019-10-18 08:20:14,790 [Thread-1976] INFO  impl.RoleInfo (RoleInfo.java:shutdownFollowerState(121)) - 47aecc56-7e95-480d-b89c-2c00d33b4782: shutdown FollowerState
2019-10-18 08:20:14,790 [Thread-1976] INFO  impl.RaftServerImpl (RaftServerImpl.java:setRole(184)) - 47aecc56-7e95-480d-b89c-2c00d33b4782@group-5EC277DF3249: changes role from  FOLLOWER to CANDIDATE at term 210 for changeToCandidate
2019-10-18 08:20:14,790 [Thread-1976] INFO  impl.RoleInfo (RoleInfo.java:updateAndGet(143)) - 47aecc56-7e95-480d-b89c-2c00d33b4782: start LeaderElection
2019-10-18 08:20:14,804 [47aecc56-7e95-480d-b89c-2c00d33b4782@group-5EC277DF3249-LeaderElection199] INFO  impl.LeaderElection (LeaderElection.java:askForVotes(178)) - 47aecc56-7e95-480d-b89c-2c00d33b4782@group-5EC277DF3249-LeaderElection199: begin an election at term 211 for -1: [47aecc56-7e95-480d-b89c-2c00d33b4782:192.168.69.67:34550, 1bc296c6-def6-4ae4-8c62-5b4c951a28f1:192.168.69.67:37222, bc0382cc-50e2-4d58-b2de-e8b6250f3520:192.168.69.67:37666], old=null
2019-10-18 08:20:14,806 [grpc-default-executor-7] INFO  impl.RaftServerImpl (RaftServerImpl.java:setRole(184)) - 1bc296c6-def6-4ae4-8c62-5b4c951a28f1@group-5EC277DF3249: changes role from  FOLLOWER to FOLLOWER at term 211 for recognizeCandidate:47aecc56-7e95-480d-b89c-2c00d33b4782
2019-10-18 08:20:14,806 [grpc-default-executor-7] INFO  impl.RoleInfo (RoleInfo.java:shutdownFollowerState(121)) - 1bc296c6-def6-4ae4-8c62-5b4c951a28f1: shutdown FollowerState
2019-10-18 08:20:14,806 [grpc-default-executor-7] INFO  impl.RoleInfo (RoleInfo.java:updateAndGet(143)) - 1bc296c6-def6-4ae4-8c62-5b4c951a28f1: start FollowerState
2019-10-18 08:20:14,806 [grpc-default-executor-3] INFO  impl.RaftServerImpl (RaftServerImpl.java:setRole(184)) - bc0382cc-50e2-4d58-b2de-e8b6250f3520@group-5EC277DF3249: changes role from  FOLLOWER to FOLLOWER at term 211 for recognizeCandidate:47aecc56-7e95-480d-b89c-2c00d33b4782
2019-10-18 08:20:14,806 [Thread-1975] INFO  impl.FollowerState (FollowerState.java:run(117)) - 1bc296c6-def6-4ae4-8c62-5b4c951a28f1@group-5EC277DF3249-FollowerState was interrupted: java.lang.InterruptedException: sleep interrupted
2019-10-18 08:20:14,806 [grpc-default-executor-3] INFO  impl.RoleInfo (RoleInfo.java:shutdownFollowerState(121)) - bc0382cc-50e2-4d58-b2de-e8b6250f3520: shutdown FollowerState
2019-10-18 08:20:14,807 [grpc-default-executor-3] INFO  impl.RoleInfo (RoleInfo.java:updateAndGet(143)) - bc0382cc-50e2-4d58-b2de-e8b6250f3520: start FollowerState
2019-10-18 08:20:14,807 [Thread-1974] INFO  impl.FollowerState (FollowerState.java:run(117)) - bc0382cc-50e2-4d58-b2de-e8b6250f3520@group-5EC277DF3249-FollowerState was interrupted: java.lang.InterruptedException: sleep interrupted
2019-10-18 08:20:14,821 [47aecc56-7e95-480d-b89c-2c00d33b4782@group-5EC277DF3249-LeaderElection199] INFO  impl.LeaderElection (LeaderElection.java:logAndReturn(56)) - 47aecc56-7e95-480d-b89c-2c00d33b4782@group-5EC277DF3249-LeaderElection199: Election REJECTED; received 2 response(s) [47aecc56-7e95-480d-b89c-2c00d33b4782<-1bc296c6-def6-4ae4-8c62-5b4c951a28f1#0:FAIL-t211, 47aecc56-7e95-480d-b89c-2c00d33b4782<-bc0382cc-50e2-4d58-b2de-e8b6250f3520#0:FAIL-t211] and 0 exception(s); 47aecc56-7e95-480d-b89c-2c00d33b4782@group-5EC277DF3249:t211, leader=null, voted=47aecc56-7e95-480d-b89c-2c00d33b4782, raftlog=47aecc56-7e95-480d-b89c-2c00d33b4782@group-5EC277DF3249-SegmentedRaftLog:OPENED:c-1,f-1,i0, conf=-1: [47aecc56-7e95-480d-b89c-2c00d33b4782:192.168.69.67:34550, 1bc296c6-def6-4ae4-8c62-5b4c951a28f1:192.168.69.67:37222, bc0382cc-50e2-4d58-b2de-e8b6250f3520:192.168.69.67:37666], old=null
2019-10-18 08:20:14,821 [47aecc56-7e95-480d-b89c-2c00d33b4782@group-5EC277DF3249-LeaderElection199] INFO  impl.RaftServerImpl (RaftServerImpl.java:setRole(184)) - 47aecc56-7e95-480d-b89c-2c00d33b4782@group-5EC277DF3249: changes role from CANDIDATE to FOLLOWER at term 211 for DISCOVERED_A_NEW_TERM
2019-10-18 08:20:14,821 [47aecc56-7e95-480d-b89c-2c00d33b4782@group-5EC277DF3249-LeaderElection199] INFO  impl.RoleInfo (RoleInfo.java:shutdownLeaderElection(134)) - 47aecc56-7e95-480d-b89c-2c00d33b4782: shutdown LeaderElection
2019-10-18 08:20:14,821 [47aecc56-7e95-480d-b89c-2c00d33b4782@group-5EC277DF3249-LeaderElection199] INFO  impl.RoleInfo (RoleInfo.java:updateAndGet(143)) - 47aecc56-7e95-480d-b89c-2c00d33b4782: start FollowerState
2019-10-18 08:20:14,869 [Thread-1982] INFO  impl.FollowerState (FollowerState.java:run(108)) - 47aecc56-7e95-480d-b89c-2c00d33b4782@group-5EC277DF3249-FollowerState: change to CANDIDATE, lastRpcTime:47ms, electionTimeout:47ms
2019-10-18 08:20:14,869 [Thread-1982] INFO  impl.RoleInfo (RoleInfo.java:shutdownFollowerState(121)) - 47aecc56-7e95-480d-b89c-2c00d33b4782: shutdown FollowerState
2019-10-18 08:20:14,869 [Thread-1982] INFO  impl.RaftServerImpl (RaftServerImpl.java:setRole(184)) - 47aecc56-7e95-480d-b89c-2c00d33b4782@group-5EC277DF3249: changes role from  FOLLOWER to CANDIDATE at term 211 for changeToCandidate
2019-10-18 08:20:14,869 [Thread-1982] INFO  impl.RoleInfo (RoleInfo.java:updateAndGet(143)) - 47aecc56-7e95-480d-b89c-2c00d33b4782: start LeaderElection
2019-10-18 08:20:14,882 [47aecc56-7e95-480d-b89c-2c00d33b4782@group-5EC277DF3249-LeaderElection200] INFO  impl.LeaderElection (LeaderElection.java:askForVotes(178)) - 47aecc56-7e95-480d-b89c-2c00d33b4782@group-5EC277DF3249-LeaderElection200: begin an election at term 212 for -1: [47aecc56-7e95-480d-b89c-2c00d33b4782:192.168.69.67:34550, 1bc296c6-def6-4ae4-8c62-5b4c951a28f1:192.168.69.67:37222, bc0382cc-50e2-4d58-b2de-e8b6250f3520:192.168.69.67:37666], old=null
2019-10-18 08:20:14,884 [grpc-default-executor-3] INFO  impl.RaftServerImpl (RaftServerImpl.java:setRole(184)) - bc0382cc-50e2-4d58-b2de-e8b6250f3520@group-5EC277DF3249: changes role from  FOLLOWER to FOLLOWER at term 212 for recognizeCandidate:47aecc56-7e95-480d-b89c-2c00d33b4782
2019-10-18 08:20:14,884 [grpc-default-executor-3] INFO  impl.RoleInfo (RoleInfo.java:shutdownFollowerState(121)) - bc0382cc-50e2-4d58-b2de-e8b6250f3520: shutdown FollowerState
2019-10-18 08:20:14,884 [grpc-default-executor-7] INFO  impl.RaftServerImpl (RaftServerImpl.java:setRole(184)) - 1bc296c6-def6-4ae4-8c62-5b4c951a28f1@group-5EC277DF3249: changes role from  FOLLOWER to FOLLOWER at term 212 for recognizeCandidate:47aecc56-7e95-480d-b89c-2c00d33b4782
2019-10-18 08:20:14,884 [grpc-default-executor-3] INFO  impl.RoleInfo (RoleInfo.java:updateAndGet(143)) - bc0382cc-50e2-4d58-b2de-e8b6250f3520: start FollowerState
2019-10-18 08:20:14,884 [Thread-1981] INFO  impl.FollowerState (FollowerState.java:run(117)) - bc0382cc-50e2-4d58-b2de-e8b6250f3520@group-5EC277DF3249-FollowerState was interrupted: java.lang.InterruptedException: sleep interrupted
2019-10-18 08:20:14,884 [grpc-default-executor-7] INFO  impl.RoleInfo (RoleInfo.java:shutdownFollowerState(121)) - 1bc296c6-def6-4ae4-8c62-5b4c951a28f1: shutdown FollowerState
2019-10-18 08:20:14,885 [grpc-default-executor-7] INFO  impl.RoleInfo (RoleInfo.java:updateAndGet(143)) - 1bc296c6-def6-4ae4-8c62-5b4c951a28f1: start FollowerState
2019-10-18 08:20:14,885 [Thread-1980] INFO  impl.FollowerState (FollowerState.java:run(117)) - 1bc296c6-def6-4ae4-8c62-5b4c951a28f1@group-5EC277DF3249-FollowerState was interrupted: java.lang.InterruptedException: sleep interrupted
2019-10-18 08:20:14,899 [47aecc56-7e95-480d-b89c-2c00d33b4782@group-5EC277DF3249-LeaderElection200] INFO  impl.LeaderElection (LeaderElection.java:logAndReturn(56)) - 47aecc56-7e95-480d-b89c-2c00d33b4782@group-5EC277DF3249-LeaderElection200: Election REJECTED; received 2 response(s) [47aecc56-7e95-480d-b89c-2c00d33b4782<-1bc296c6-def6-4ae4-8c62-5b4c951a28f1#0:FAIL-t212, 47aecc56-7e95-480d-b89c-2c00d33b4782<-bc0382cc-50e2-4d58-b2de-e8b6250f3520#0:FAIL-t212] and 0 exception(s); 47aecc56-7e95-480d-b89c-2c00d33b4782@group-5EC277DF3249:t212, leader=null, voted=47aecc56-7e95-480d-b89c-2c00d33b4782, raftlog=47aecc56-7e95-480d-b89c-2c00d33b4782@group-5EC277DF3249-SegmentedRaftLog:OPENED:c-1,f-1,i0, conf=-1: [47aecc56-7e95-480d-b89c-2c00d33b4782:192.168.69.67:34550, 1bc296c6-def6-4ae4-8c62-5b4c951a28f1:192.168.69.67:37222, bc0382cc-50e2-4d58-b2de-e8b6250f3520:192.168.69.67:37666], old=null
2019-10-18 08:20:14,899 [47aecc56-7e95-480d-b89c-2c00d33b4782@group-5EC277DF3249-LeaderElection200] INFO  impl.RaftServerImpl (RaftServerImpl.java:setRole(184)) - 47aecc56-7e95-480d-b89c-2c00d33b4782@group-5EC277DF3249: changes role from CANDIDATE to FOLLOWER at term 212 for DISCOVERED_A_NEW_TERM
2019-10-18 08:20:14,899 [47aecc56-7e95-480d-b89c-2c00d33b4782@group-5EC277DF3249-LeaderElection200] INFO  impl.RoleInfo (RoleInfo.java:shutdownLeaderElection(134)) - 47aecc56-7e95-480d-b89c-2c00d33b4782: shutdown LeaderElection
2019-10-18 08:20:14,899 [47aecc56-7e95-480d-b89c-2c00d33b4782@group-5EC277DF3249-LeaderElection200] INFO  impl.RoleInfo (RoleInfo.java:updateAndGet(143)) - 47aecc56-7e95-480d-b89c-2c00d33b4782: start FollowerState
2019-10-18 08:20:14,979 [Thread-1988] INFO  impl.FollowerState (FollowerState.java:run(108)) - 47aecc56-7e95-480d-b89c-2c00d33b4782@group-5EC277DF3249-FollowerState: change to CANDIDATE, lastRpcTime:80ms, electionTimeout:80ms
2019-10-18 08:20:14,980 [Thread-1988] INFO  impl.RoleInfo (RoleInfo.java:shutdownFollowerState(121)) - 47aecc56-7e95-480d-b89c-2c00d33b4782: shutdown FollowerState
2019-10-18 08:20:14,980 [Thread-1988] INFO  impl.RaftServerImpl (RaftServerImpl.java:setRole(184)) - 47aecc56-7e95-480d-b89c-2c00d33b4782@group-5EC277DF3249: changes role from  FOLLOWER to CANDIDATE at term 212 for changeToCandidate
2019-10-18 08:20:14,980 [Thread-1988] INFO  impl.RoleInfo (RoleInfo.java:updateAndGet(143)) - 47aecc56-7e95-480d-b89c-2c00d33b4782: start LeaderElection
2019-10-18 08:20:14,994 [47aecc56-7e95-480d-b89c-2c00d33b4782@group-5EC277DF3249-LeaderElection201] INFO  impl.LeaderElection (LeaderElection.java:askForVotes(178)) - 47aecc56-7e95-480d-b89c-2c00d33b4782@group-5EC277DF3249-LeaderElection201: begin an election at term 213 for -1: [47aecc56-7e95-480d-b89c-2c00d33b4782:192.168.69.67:34550, 1bc296c6-def6-4ae4-8c62-5b4c951a28f1:192.168.69.67:37222, bc0382cc-50e2-4d58-b2de-e8b6250f3520:192.168.69.67:37666], old=null
2019-10-18 08:20:14,996 [grpc-default-executor-3] INFO  impl.RaftServerImpl (RaftServerImpl.java:setRole(184)) - 1bc296c6-def6-4ae4-8c62-5b4c951a28f1@group-5EC277DF3249: changes role from  FOLLOWER to FOLLOWER at term 213 for recognizeCandidate:47aecc56-7e95-480d-b89c-2c00d33b4782
2019-10-18 08:20:14,996 [grpc-default-executor-3] INFO  impl.RoleInfo (RoleInfo.java:shutdownFollowerState(121)) - 1bc296c6-def6-4ae4-8c62-5b4c951a28f1: shutdown FollowerState
2019-10-18 08:20:14,996 [grpc-default-executor-7] INFO  impl.RaftServerImpl (RaftServerImpl.java:setRole(184)) - bc0382cc-50e2-4d58-b2de-e8b6250f3520@group-5EC277DF3249: changes role from  FOLLOWER to FOLLOWER at term 213 for recognizeCandidate:47aecc56-7e95-480d-b89c-2c00d33b4782
2019-10-18 08:20:14,996 [Thread-1987] INFO  impl.FollowerState (FollowerState.java:run(117)) - 1bc296c6-def6-4ae4-8c62-5b4c951a28f1@group-5EC277DF3249-FollowerState was interrupted: java.lang.InterruptedException: sleep interrupted
2019-10-18 08:20:14,996 [grpc-default-executor-3] INFO  impl.RoleInfo (RoleInfo.java:updateAndGet(143)) - 1bc296c6-def6-4ae4-8c62-5b4c951a28f1: start FollowerState
2019-10-18 08:20:14,996 [grpc-default-executor-7] INFO  impl.RoleInfo (RoleInfo.java:shutdownFollowerState(121)) - bc0382cc-50e2-4d58-b2de-e8b6250f3520: shutdown FollowerState
2019-10-18 08:20:14,997 [grpc-default-executor-7] INFO  impl.RoleInfo (RoleInfo.java:updateAndGet(143)) - bc0382cc-50e2-4d58-b2de-e8b6250f3520: start FollowerState
2019-10-18 08:20:14,997 [Thread-1986] INFO  impl.FollowerState (FollowerState.java:run(117)) - bc0382cc-50e2-4d58-b2de-e8b6250f3520@group-5EC277DF3249-FollowerState was interrupted: java.lang.InterruptedException: sleep interrupted
2019-10-18 08:20:15,022 [47aecc56-7e95-480d-b89c-2c00d33b4782@group-5EC277DF3249-LeaderElection201] INFO  impl.LeaderElection (LeaderElection.java:logAndReturn(56)) - 47aecc56-7e95-480d-b89c-2c00d33b4782@group-5EC277DF3249-LeaderElection201: Election REJECTED; received 2 response(s) [47aecc56-7e95-480d-b89c-2c00d33b4782<-1bc296c6-def6-4ae4-8c62-5b4c951a28f1#0:FAIL-t213, 47aecc56-7e95-480d-b89c-2c00d33b4782<-bc0382cc-50e2-4d58-b2de-e8b6250f3520#0:FAIL-t213] and 0 exception(s); 47aecc56-7e95-480d-b89c-2c00d33b4782@group-5EC277DF3249:t213, leader=null, voted=47aecc56-7e95-480d-b89c-2c00d33b4782, raftlog=47aecc56-7e95-480d-b89c-2c00d33b4782@group-5EC277DF3249-SegmentedRaftLog:OPENED:c-1,f-1,i0, conf=-1: [47aecc56-7e95-480d-b89c-2c00d33b4782:192.168.69.67:34550, 1bc296c6-def6-4ae4-8c62-5b4c951a28f1:192.168.69.67:37222, bc0382cc-50e2-4d58-b2de-e8b6250f3520:192.168.69.67:37666], old=null
2019-10-18 08:20:15,023 [47aecc56-7e95-480d-b89c-2c00d33b4782@group-5EC277DF3249-LeaderElection201] INFO  impl.RaftServerImpl (RaftServerImpl.java:setRole(184)) - 47aecc56-7e95-480d-b89c-2c00d33b4782@group-5EC277DF3249: changes role from CANDIDATE to FOLLOWER at term 213 for DISCOVERED_A_NEW_TERM
2019-10-18 08:20:15,023 [47aecc56-7e95-480d-b89c-2c00d33b4782@group-5EC277DF3249-LeaderElection201] INFO  impl.RoleInfo (RoleInfo.java:shutdownLeaderElection(134)) - 47aecc56-7e95-480d-b89c-2c00d33b4782: shutdown LeaderElection
2019-10-18 08:20:15,023 [47aecc56-7e95-480d-b89c-2c00d33b4782@group-5EC277DF3249-LeaderElection201] INFO  impl.RoleInfo (RoleInfo.java:updateAndGet(143)) - 47aecc56-7e95-480d-b89c-2c00d33b4782: start FollowerState
 0.00% |?                                                                                                    |  0/1 Time: 0:04:232019-10-18 08:20:15,216 [Thread-1994] INFO  impl.FollowerState (FollowerState.java:run(108)) - 47aecc56-7e95-480d-b89c-2c00d33b4782@group-5EC277DF3249-FollowerState: change to CANDIDATE, lastRpcTime:193ms, electionTimeout:193ms
2019-10-18 08:20:15,217 [Thread-1994] INFO  impl.RoleInfo (RoleInfo.java:shutdownFollowerState(121)) - 47aecc56-7e95-480d-b89c-2c00d33b4782: shutdown FollowerState
2019-10-18 08:20:15,217 [Thread-1994] INFO  impl.RaftServerImpl (RaftServerImpl.java:setRole(184)) - 47aecc56-7e95-480d-b89c-2c00d33b4782@group-5EC277DF3249: changes role from  FOLLOWER to CANDIDATE at term 213 for changeToCandidate
2019-10-18 08:20:15,217 [Thread-1994] INFO  impl.RoleInfo (RoleInfo.java:updateAndGet(143)) - 47aecc56-7e95-480d-b89c-2c00d33b4782: start LeaderElection
2019-10-18 08:20:15,230 [47aecc56-7e95-480d-b89c-2c00d33b4782@group-5EC277DF3249-LeaderElection202] INFO  impl.LeaderElection (LeaderElection.java:askForVotes(178)) - 47aecc56-7e95-480d-b89c-2c00d33b4782@group-5EC277DF3249-LeaderElection202: begin an election at term 214 for -1: [47aecc56-7e95-480d-b89c-2c00d33b4782:192.168.69.67:34550, 1bc296c6-def6-4ae4-8c62-5b4c951a28f1:192.168.69.67:37222, bc0382cc-50e2-4d58-b2de-e8b6250f3520:192.168.69.67:37666], old=null
2019-10-18 08:20:15,234 [grpc-default-executor-7] INFO  impl.RaftServerImpl (RaftServerImpl.java:setRole(184)) - bc0382cc-50e2-4d58-b2de-e8b6250f3520@group-5EC277DF3249: changes role from  FOLLOWER to FOLLOWER at term 214 for recognizeCandidate:47aecc56-7e95-480d-b89c-2c00d33b4782
2019-10-18 08:20:15,234 [grpc-default-executor-7] INFO  impl.RoleInfo (RoleInfo.java:shutdownFollowerState(121)) - bc0382cc-50e2-4d58-b2de-e8b6250f3520: shutdown FollowerState
2019-10-18 08:20:15,234 [grpc-default-executor-3] INFO  impl.RaftServerImpl (RaftServerImpl.java:setRole(184)) - 1bc296c6-def6-4ae4-8c62-5b4c951a28f1@group-5EC277DF3249: changes role from  FOLLOWER to FOLLOWER at term 214 for recognizeCandidate:47aecc56-7e95-480d-b89c-2c00d33b4782
2019-10-18 08:20:15,234 [grpc-default-executor-3] INFO  impl.RoleInfo (RoleInfo.java:shutdownFollowerState(121)) - 1bc296c6-def6-4ae4-8c62-5b4c951a28f1: shutdown FollowerState
2019-10-18 08:20:15,234 [Thread-1993] INFO  impl.FollowerState (FollowerState.java:run(117)) - bc0382cc-50e2-4d58-b2de-e8b6250f3520@group-5EC277DF3249-FollowerState was interrupted: java.lang.InterruptedException: sleep interrupted
2019-10-18 08:20:15,234 [grpc-default-executor-7] INFO  impl.RoleInfo (RoleInfo.java:updateAndGet(143)) - bc0382cc-50e2-4d58-b2de-e8b6250f3520: start FollowerState
2019-10-18 08:20:15,234 [Thread-1992] INFO  impl.FollowerState (FollowerState.java:run(117)) - 1bc296c6-def6-4ae4-8c62-5b4c951a28f1@group-5EC277DF3249-FollowerState was interrupted: java.lang.InterruptedException: sleep interrupted
2019-10-18 08:20:15,234 [grpc-default-executor-3] INFO  impl.RoleInfo (RoleInfo.java:updateAndGet(143)) - 1bc296c6-def6-4ae4-8c62-5b4c951a28f1: start FollowerState
2019-10-18 08:20:15,249 [47aecc56-7e95-480d-b89c-2c00d33b4782@group-5EC277DF3249-LeaderElection202] INFO  impl.LeaderElection (LeaderElection.java:logAndReturn(56)) - 47aecc56-7e95-480d-b89c-2c00d33b4782@group-5EC277DF3249-LeaderElection202: Election REJECTED; received 2 response(s) [47aecc56-7e95-480d-b89c-2c00d33b4782<-1bc296c6-def6-4ae4-8c62-5b4c951a28f1#0:FAIL-t214, 47aecc56-7e95-480d-b89c-2c00d33b4782<-bc0382cc-50e2-4d58-b2de-e8b6250f3520#0:FAIL-t214] and 0 exception(s); 47aecc56-7e95-480d-b89c-2c00d33b4782@group-5EC277DF3249:t214, leader=null, voted=47aecc56-7e95-480d-b89c-2c00d33b4782, raftlog=47aecc56-7e95-480d-b89c-2c00d33b4782@group-5EC277DF3249-SegmentedRaftLog:OPENED:c-1,f-1,i0, conf=-1: [47aecc56-7e95-480d-b89c-2c00d33b4782:192.168.69.67:34550, 1bc296c6-def6-4ae4-8c62-5b4c951a28f1:192.168.69.67:37222, bc0382cc-50e2-4d58-b2de-e8b6250f3520:192.168.69.67:37666], old=null
2019-10-18 08:20:15,249 [47aecc56-7e95-480d-b89c-2c00d33b4782@group-5EC277DF3249-LeaderElection202] INFO  impl.RaftServerImpl (RaftServerImpl.java:setRole(184)) - 47aecc56-7e95-480d-b89c-2c00d33b4782@group-5EC277DF3249: changes role from CANDIDATE to FOLLOWER at term 214 for DISCOVERED_A_NEW_TERM
2019-10-18 08:20:15,249 [47aecc56-7e95-480d-b89c-2c00d33b4782@group-5EC277DF3249-LeaderElection202] INFO  impl.RoleInfo (RoleInfo.java:shutdownLeaderElection(134)) - 47aecc56-7e95-480d-b89c-2c00d33b4782: shutdown LeaderElection
2019-10-18 08:20:15,249 [47aecc56-7e95-480d-b89c-2c00d33b4782@group-5EC277DF3249-LeaderElection202] INFO  impl.RoleInfo (RoleInfo.java:updateAndGet(143)) - 47aecc56-7e95-480d-b89c-2c00d33b4782: start FollowerState
2019-10-18 08:20:15,431 [Thread-2000] INFO  impl.FollowerState (FollowerState.java:run(108)) - 47aecc56-7e95-480d-b89c-2c00d33b4782@group-5EC277DF3249-FollowerState: change to CANDIDATE, lastRpcTime:182ms, electionTimeout:182ms
2019-10-18 08:20:15,432 [Thread-2000] INFO  impl.RoleInfo (RoleInfo.java:shutdownFollowerState(121)) - 47aecc56-7e95-480d-b89c-2c00d33b4782: shutdown FollowerState
2019-10-18 08:20:15,432 [Thread-2000] INFO  impl.RaftServerImpl (RaftServerImpl.java:setRole(184)) - 47aecc56-7e95-480d-b89c-2c00d33b4782@group-5EC277DF3249: changes role from  FOLLOWER to CANDIDATE at term 214 for changeToCandidate
2019-10-18 08:20:15,432 [Thread-2000] INFO  impl.RoleInfo (RoleInfo.java:updateAndGet(143)) - 47aecc56-7e95-480d-b89c-2c00d33b4782: start LeaderElection
2019-10-18 08:20:15,446 [47aecc56-7e95-480d-b89c-2c00d33b4782@group-5EC277DF3249-LeaderElection203] INFO  impl.LeaderElection (LeaderElection.java:askForVotes(178)) - 47aecc56-7e95-480d-b89c-2c00d33b4782@group-5EC277DF3249-LeaderElection203: begin an election at term 215 for -1: [47aecc56-7e95-480d-b89c-2c00d33b4782:192.168.69.67:34550, 1bc296c6-def6-4ae4-8c62-5b4c951a28f1:192.168.69.67:37222, bc0382cc-50e2-4d58-b2de-e8b6250f3520:192.168.69.67:37666], old=null
2019-10-18 08:20:15,448 [grpc-default-executor-7] INFO  impl.RaftServerImpl (RaftServerImpl.java:setRole(184)) - 1bc296c6-def6-4ae4-8c62-5b4c951a28f1@group-5EC277DF3249: changes role from  FOLLOWER to FOLLOWER at term 215 for recognizeCandidate:47aecc56-7e95-480d-b89c-2c00d33b4782
2019-10-18 08:20:15,448 [grpc-default-executor-7] INFO  impl.RoleInfo (RoleInfo.java:shutdownFollowerState(121)) - 1bc296c6-def6-4ae4-8c62-5b4c951a28f1: shutdown FollowerState
2019-10-18 08:20:15,448 [grpc-default-executor-3] INFO  impl.RaftServerImpl (RaftServerImpl.java:setRole(184)) - bc0382cc-50e2-4d58-b2de-e8b6250f3520@group-5EC277DF3249: changes role from  FOLLOWER to FOLLOWER at term 215 for recognizeCandidate:47aecc56-7e95-480d-b89c-2c00d33b4782
2019-10-18 08:20:15,448 [Thread-1999] INFO  impl.FollowerState (FollowerState.java:run(117)) - 1bc296c6-def6-4ae4-8c62-5b4c951a28f1@group-5EC277DF3249-FollowerState was interrupted: java.lang.InterruptedException: sleep interrupted
2019-10-18 08:20:15,448 [grpc-default-executor-7] INFO  impl.RoleInfo (RoleInfo.java:updateAndGet(143)) - 1bc296c6-def6-4ae4-8c62-5b4c951a28f1: start FollowerState
2019-10-18 08:20:15,448 [grpc-default-executor-3] INFO  impl.RoleInfo (RoleInfo.java:shutdownFollowerState(121)) - bc0382cc-50e2-4d58-b2de-e8b6250f3520: shutdown FollowerState
2019-10-18 08:20:15,449 [grpc-default-executor-3] INFO  impl.RoleInfo (RoleInfo.java:updateAndGet(143)) - bc0382cc-50e2-4d58-b2de-e8b6250f3520: start FollowerState
2019-10-18 08:20:15,449 [Thread-1998] INFO  impl.FollowerState (FollowerState.java:run(117)) - bc0382cc-50e2-4d58-b2de-e8b6250f3520@group-5EC277DF3249-FollowerState was interrupted: java.lang.InterruptedException: sleep interrupted
2019-10-18 08:20:15,463 [47aecc56-7e95-480d-b89c-2c00d33b4782@group-5EC277DF3249-LeaderElection203] INFO  impl.LeaderElection (LeaderElection.java:logAndReturn(56)) - 47aecc56-7e95-480d-b89c-2c00d33b4782@group-5EC277DF3249-LeaderElection203: Election REJECTED; received 2 response(s) [47aecc56-7e95-480d-b89c-2c00d33b4782<-1bc296c6-def6-4ae4-8c62-5b4c951a28f1#0:FAIL-t215, 47aecc56-7e95-480d-b89c-2c00d33b4782<-bc0382cc-50e2-4d58-b2de-e8b6250f3520#0:FAIL-t215] and 0 exception(s); 47aecc56-7e95-480d-b89c-2c00d33b4782@group-5EC277DF3249:t215, leader=null, voted=47aecc56-7e95-480d-b89c-2c00d33b4782, raftlog=47aecc56-7e95-480d-b89c-2c00d33b4782@group-5EC277DF3249-SegmentedRaftLog:OPENED:c-1,f-1,i0, conf=-1: [47aecc56-7e95-480d-b89c-2c00d33b4782:192.168.69.67:34550, 1bc296c6-def6-4ae4-8c62-5b4c951a28f1:192.168.69.67:37222, bc0382cc-50e2-4d58-b2de-e8b6250f3520:192.168.69.67:37666], old=null
2019-10-18 08:20:15,463 [47aecc56-7e95-480d-b89c-2c00d33b4782@group-5EC277DF3249-LeaderElection203] INFO  impl.RaftServerImpl (RaftServerImpl.java:setRole(184)) - 47aecc56-7e95-480d-b89c-2c00d33b4782@group-5EC277DF3249: changes role from CANDIDATE to FOLLOWER at term 215 for DISCOVERED_A_NEW_TERM
2019-10-18 08:20:15,463 [47aecc56-7e95-480d-b89c-2c00d33b4782@group-5EC277DF3249-LeaderElection203] INFO  impl.RoleInfo (RoleInfo.java:shutdownLeaderElection(134)) - 47aecc56-7e95-480d-b89c-2c00d33b4782: shutdown LeaderElection
2019-10-18 08:20:15,463 [47aecc56-7e95-480d-b89c-2c00d33b4782@group-5EC277DF3249-LeaderElection203] INFO  impl.RoleInfo (RoleInfo.java:updateAndGet(143)) - 47aecc56-7e95-480d-b89c-2c00d33b4782: start FollowerState
2019-10-18 08:20:15,659 [Thread-2008] INFO  impl.FollowerState (FollowerState.java:run(108)) - 47aecc56-7e95-480d-b89c-2c00d33b4782@group-5EC277DF3249-FollowerState: change to CANDIDATE, lastRpcTime:195ms, electionTimeout:195ms
2019-10-18 08:20:15,659 [Thread-2008] INFO  impl.RoleInfo (RoleInfo.java:shutdownFollowerState(121)) - 47aecc56-7e95-480d-b89c-2c00d33b4782: shutdown FollowerState
2019-10-18 08:20:15,659 [Thread-2008] INFO  impl.RaftServerImpl (RaftServerImpl.java:setRole(184)) - 47aecc56-7e95-480d-b89c-2c00d33b4782@group-5EC277DF3249: changes role from  FOLLOWER to CANDIDATE at term 215 for changeToCandidate
2019-10-18 08:20:15,660 [Thread-2008] INFO  impl.RoleInfo (RoleInfo.java:updateAndGet(143)) - 47aecc56-7e95-480d-b89c-2c00d33b4782: start LeaderElection
2019-10-18 08:20:15,686 [47aecc56-7e95-480d-b89c-2c00d33b4782@group-5EC277DF3249-LeaderElection204] INFO  impl.LeaderElection (LeaderElection.java:askForVotes(178)) - 47aecc56-7e95-480d-b89c-2c00d33b4782@group-5EC277DF3249-LeaderElection204: begin an election at term 216 for -1: [47aecc56-7e95-480d-b89c-2c00d33b4782:192.168.69.67:34550, 1bc296c6-def6-4ae4-8c62-5b4c951a28f1:192.168.69.67:37222, bc0382cc-50e2-4d58-b2de-e8b6250f3520:192.168.69.67:37666], old=null
2019-10-18 08:20:15,689 [grpc-default-executor-3] INFO  impl.RaftServerImpl (RaftServerImpl.java:setRole(184)) - bc0382cc-50e2-4d58-b2de-e8b6250f3520@group-5EC277DF3249: changes role from  FOLLOWER to FOLLOWER at term 216 for recognizeCandidate:47aecc56-7e95-480d-b89c-2c00d33b4782
2019-10-18 08:20:15,689 [grpc-default-executor-7] INFO  impl.RaftServerImpl (RaftServerImpl.java:setRole(184)) - 1bc296c6-def6-4ae4-8c62-5b4c951a28f1@group-5EC277DF3249: changes role from  FOLLOWER to FOLLOWER at term 216 for recognizeCandidate:47aecc56-7e95-480d-b89c-2c00d33b4782
2019-10-18 08:20:15,689 [grpc-default-executor-3] INFO  impl.RoleInfo (RoleInfo.java:shutdownFollowerState(121)) - bc0382cc-50e2-4d58-b2de-e8b6250f3520: shutdown FollowerState
2019-10-18 08:20:15,689 [grpc-default-executor-7] INFO  impl.RoleInfo (RoleInfo.java:shutdownFollowerState(121)) - 1bc296c6-def6-4ae4-8c62-5b4c951a28f1: shutdown FollowerState
2019-10-18 08:20:15,690 [grpc-default-executor-3] INFO  impl.RoleInfo (RoleInfo.java:updateAndGet(143)) - bc0382cc-50e2-4d58-b2de-e8b6250f3520: start FollowerState
2019-10-18 08:20:15,690 [Thread-2006] INFO  impl.FollowerState (FollowerState.java:run(117)) - 1bc296c6-def6-4ae4-8c62-5b4c951a28f1@group-5EC277DF3249-FollowerState was interrupted: java.lang.InterruptedException: sleep interrupted
2019-10-18 08:20:15,690 [grpc-default-executor-7] INFO  impl.RoleInfo (RoleInfo.java:updateAndGet(143)) - 1bc296c6-def6-4ae4-8c62-5b4c951a28f1: start FollowerState
2019-10-18 08:20:15,690 [Thread-2007] INFO  impl.FollowerState (FollowerState.java:run(117)) - bc0382cc-50e2-4d58-b2de-e8b6250f3520@group-5EC277DF3249-FollowerState was interrupted: java.lang.InterruptedException: sleep interrupted
2019-10-18 08:20:15,700 [47aecc56-7e95-480d-b89c-2c00d33b4782@group-5EC277DF3249-LeaderElection204] INFO  impl.LeaderElection (LeaderElection.java:logAndReturn(56)) - 47aecc56-7e95-480d-b89c-2c00d33b4782@group-5EC277DF3249-LeaderElection204: Election REJECTED; received 2 response(s) [47aecc56-7e95-480d-b89c-2c00d33b4782<-1bc296c6-def6-4ae4-8c62-5b4c951a28f1#0:FAIL-t216, 47aecc56-7e95-480d-b89c-2c00d33b4782<-bc0382cc-50e2-4d58-b2de-e8b6250f3520#0:FAIL-t216] and 0 exception(s); 47aecc56-7e95-480d-b89c-2c00d33b4782@group-5EC277DF3249:t216, leader=null, voted=47aecc56-7e95-480d-b89c-2c00d33b4782, raftlog=47aecc56-7e95-480d-b89c-2c00d33b4782@group-5EC277DF3249-SegmentedRaftLog:OPENED:c-1,f-1,i0, conf=-1: [47aecc56-7e95-480d-b89c-2c00d33b4782:192.168.69.67:34550, 1bc296c6-def6-4ae4-8c62-5b4c951a28f1:192.168.69.67:37222, bc0382cc-50e2-4d58-b2de-e8b6250f3520:192.168.69.67:37666], old=null
2019-10-18 08:20:15,700 [47aecc56-7e95-480d-b89c-2c00d33b4782@group-5EC277DF3249-LeaderElection204] INFO  impl.RaftServerImpl (RaftServerImpl.java:setRole(184)) - 47aecc56-7e95-480d-b89c-2c00d33b4782@group-5EC277DF3249: changes role from CANDIDATE to FOLLOWER at term 216 for DISCOVERED_A_NEW_TERM
2019-10-18 08:20:15,700 [47aecc56-7e95-480d-b89c-2c00d33b4782@group-5EC277DF3249-LeaderElection204] INFO  impl.RoleInfo (RoleInfo.java:shutdownLeaderElection(134)) - 47aecc56-7e95-480d-b89c-2c00d33b4782: shutdown LeaderElection
2019-10-18 08:20:15,700 [47aecc56-7e95-480d-b89c-2c00d33b4782@group-5EC277DF3249-LeaderElection204] INFO  impl.RoleInfo (RoleInfo.java:updateAndGet(143)) - 47aecc56-7e95-480d-b89c-2c00d33b4782: start FollowerState
2019-10-18 08:20:15,866 [Thread-2014] INFO  impl.FollowerState (FollowerState.java:run(108)) - 47aecc56-7e95-480d-b89c-2c00d33b4782@group-5EC277DF3249-FollowerState: change to CANDIDATE, lastRpcTime:165ms, electionTimeout:165ms
2019-10-18 08:20:15,866 [Thread-2014] INFO  impl.RoleInfo (RoleInfo.java:shutdownFollowerState(121)) - 47aecc56-7e95-480d-b89c-2c00d33b4782: shutdown FollowerState
2019-10-18 08:20:15,866 [Thread-2014] INFO  impl.RaftServerImpl (RaftServerImpl.java:setRole(184)) - 47aecc56-7e95-480d-b89c-2c00d33b4782@group-5EC277DF3249: changes role from  FOLLOWER to CANDIDATE at term 216 for changeToCandidate
2019-10-18 08:20:15,866 [Thread-2014] INFO  impl.RoleInfo (RoleInfo.java:updateAndGet(143)) - 47aecc56-7e95-480d-b89c-2c00d33b4782: start LeaderElection
2019-10-18 08:20:15,891 [47aecc56-7e95-480d-b89c-2c00d33b4782@group-5EC277DF3249-LeaderElection205] INFO  impl.LeaderElection (LeaderElection.java:askForVotes(178)) - 47aecc56-7e95-480d-b89c-2c00d33b4782@group-5EC277DF3249-LeaderElection205: begin an election at term 217 for -1: [47aecc56-7e95-480d-b89c-2c00d33b4782:192.168.69.67:34550, 1bc296c6-def6-4ae4-8c62-5b4c951a28f1:192.168.69.67:37222, bc0382cc-50e2-4d58-b2de-e8b6250f3520:192.168.69.67:37666], old=null
2019-10-18 08:20:15,894 [grpc-default-executor-7] INFO  impl.RaftServerImpl (RaftServerImpl.java:setRole(184)) - bc0382cc-50e2-4d58-b2de-e8b6250f3520@group-5EC277DF3249: changes role from  FOLLOWER to FOLLOWER at term 217 for recognizeCandidate:47aecc56-7e95-480d-b89c-2c00d33b4782
2019-10-18 08:20:15,894 [grpc-default-executor-7] INFO  impl.RoleInfo (RoleInfo.java:shutdownFollowerState(121)) - bc0382cc-50e2-4d58-b2de-e8b6250f3520: shutdown FollowerState
2019-10-18 08:20:15,894 [grpc-default-executor-3] INFO  impl.RaftServerImpl (RaftServerImpl.java:setRole(184)) - 1bc296c6-def6-4ae4-8c62-5b4c951a28f1@group-5EC277DF3249: changes role from  FOLLOWER to FOLLOWER at term 217 for recognizeCandidate:47aecc56-7e95-480d-b89c-2c00d33b4782
2019-10-18 08:20:15,894 [grpc-default-executor-3] INFO  impl.RoleInfo (RoleInfo.java:shutdownFollowerState(121)) - 1bc296c6-def6-4ae4-8c62-5b4c951a28f1: shutdown FollowerState
2019-10-18 08:20:15,894 [Thread-2012] INFO  impl.FollowerState (FollowerState.java:run(117)) - bc0382cc-50e2-4d58-b2de-e8b6250f3520@group-5EC277DF3249-FollowerState was interrupted: java.lang.InterruptedException: sleep interrupted
2019-10-18 08:20:15,894 [grpc-default-executor-7] INFO  impl.RoleInfo (RoleInfo.java:updateAndGet(143)) - bc0382cc-50e2-4d58-b2de-e8b6250f3520: start FollowerState
2019-10-18 08:20:15,894 [Thread-2013] INFO  impl.FollowerState (FollowerState.java:run(117)) - 1bc296c6-def6-4ae4-8c62-5b4c951a28f1@group-5EC277DF3249-FollowerState was interrupted: java.lang.InterruptedException: sleep interrupted
2019-10-18 08:20:15,894 [grpc-default-executor-3] INFO  impl.RoleInfo (RoleInfo.java:updateAndGet(143)) - 1bc296c6-def6-4ae4-8c62-5b4c951a28f1: start FollowerState
2019-10-18 08:20:15,910 [47aecc56-7e95-480d-b89c-2c00d33b4782@group-5EC277DF3249-LeaderElection205] INFO  impl.LeaderElection (LeaderElection.java:logAndReturn(56)) - 47aecc56-7e95-480d-b89c-2c00d33b4782@group-5EC277DF3249-LeaderElection205: Election REJECTED; received 2 response(s) [47aecc56-7e95-480d-b89c-2c00d33b4782<-1bc296c6-def6-4ae4-8c62-5b4c951a28f1#0:FAIL-t217, 47aecc56-7e95-480d-b89c-2c00d33b4782<-bc0382cc-50e2-4d58-b2de-e8b6250f3520#0:FAIL-t217] and 0 exception(s); 47aecc56-7e95-480d-b89c-2c00d33b4782@group-5EC277DF3249:t217, leader=null, voted=47aecc56-7e95-480d-b89c-2c00d33b4782, raftlog=47aecc56-7e95-480d-b89c-2c00d33b4782@group-5EC277DF3249-SegmentedRaftLog:OPENED:c-1,f-1,i0, conf=-1: [47aecc56-7e95-480d-b89c-2c00d33b4782:192.168.69.67:34550, 1bc296c6-def6-4ae4-8c62-5b4c951a28f1:192.168.69.67:37222, bc0382cc-50e2-4d58-b2de-e8b6250f3520:192.168.69.67:37666], old=null
2019-10-18 08:20:15,910 [47aecc56-7e95-480d-b89c-2c00d33b4782@group-5EC277DF3249-LeaderElection205] INFO  impl.RaftServerImpl (RaftServerImpl.java:setRole(184)) - 47aecc56-7e95-480d-b89c-2c00d33b4782@group-5EC277DF3249: changes role from CANDIDATE to FOLLOWER at term 217 for DISCOVERED_A_NEW_TERM
2019-10-18 08:20:15,910 [47aecc56-7e95-480d-b89c-2c00d33b4782@group-5EC277DF3249-LeaderElection205] INFO  impl.RoleInfo (RoleInfo.java:shutdownLeaderElection(134)) - 47aecc56-7e95-480d-b89c-2c00d33b4782: shutdown LeaderElection
2019-10-18 08:20:15,910 [47aecc56-7e95-480d-b89c-2c00d33b4782@group-5EC277DF3249-LeaderElection205] INFO  impl.RoleInfo (RoleInfo.java:updateAndGet(143)) - 47aecc56-7e95-480d-b89c-2c00d33b4782: start FollowerState
2019-10-18 08:20:16,089 [Thread-2020] INFO  impl.FollowerState (FollowerState.java:run(108)) - 47aecc56-7e95-480d-b89c-2c00d33b4782@group-5EC277DF3249-FollowerState: change to CANDIDATE, lastRpcTime:178ms, electionTimeout:178ms
2019-10-18 08:20:16,089 [Thread-2020] INFO  impl.RoleInfo (RoleInfo.java:shutdownFollowerState(121)) - 47aecc56-7e95-480d-b89c-2c00d33b4782: shutdown FollowerState
2019-10-18 08:20:16,089 [Thread-2020] INFO  impl.RaftServerImpl (RaftServerImpl.java:setRole(184)) - 47aecc56-7e95-480d-b89c-2c00d33b4782@group-5EC277DF3249: changes role from  FOLLOWER to CANDIDATE at term 217 for changeToCandidate
2019-10-18 08:20:16,089 [Thread-2020] INFO  impl.RoleInfo (RoleInfo.java:updateAndGet(143)) - 47aecc56-7e95-480d-b89c-2c00d33b4782: start LeaderElection
2019-10-18 08:20:16,103 [47aecc56-7e95-480d-b89c-2c00d33b4782@group-5EC277DF3249-LeaderElection206] INFO  impl.LeaderElection (LeaderElection.java:askForVotes(178)) - 47aecc56-7e95-480d-b89c-2c00d33b4782@group-5EC277DF3249-LeaderElection206: begin an election at term 218 for -1: [47aecc56-7e95-480d-b89c-2c00d33b4782:192.168.69.67:34550, 1bc296c6-def6-4ae4-8c62-5b4c951a28f1:192.168.69.67:37222, bc0382cc-50e2-4d58-b2de-e8b6250f3520:192.168.69.67:37666], old=null
2019-10-18 08:20:16,105 [grpc-default-executor-7] INFO  impl.RaftServerImpl (RaftServerImpl.java:setRole(184)) - 1bc296c6-def6-4ae4-8c62-5b4c951a28f1@group-5EC277DF3249: changes role from  FOLLOWER to FOLLOWER at term 218 for recognizeCandidate:47aecc56-7e95-480d-b89c-2c00d33b4782
2019-10-18 08:20:16,105 [grpc-default-executor-7] INFO  impl.RoleInfo (RoleInfo.java:shutdownFollowerState(121)) - 1bc296c6-def6-4ae4-8c62-5b4c951a28f1: shutdown FollowerState
2019-10-18 08:20:16,105 [grpc-default-executor-7] INFO  impl.RoleInfo (RoleInfo.java:updateAndGet(143)) - 1bc296c6-def6-4ae4-8c62-5b4c951a28f1: start FollowerState
2019-10-18 08:20:16,105 [grpc-default-executor-3] INFO  impl.RaftServerImpl (RaftServerImpl.java:setRole(184)) - bc0382cc-50e2-4d58-b2de-e8b6250f3520@group-5EC277DF3249: changes role from  FOLLOWER to FOLLOWER at term 218 for recognizeCandidate:47aecc56-7e95-480d-b89c-2c00d33b4782
2019-10-18 08:20:16,105 [Thread-2019] INFO  impl.FollowerState (FollowerState.java:run(117)) - 1bc296c6-def6-4ae4-8c62-5b4c951a28f1@group-5EC277DF3249-FollowerState was interrupted: java.lang.InterruptedException: sleep interrupted
2019-10-18 08:20:16,105 [grpc-default-executor-3] INFO  impl.RoleInfo (RoleInfo.java:shutdownFollowerState(121)) - bc0382cc-50e2-4d58-b2de-e8b6250f3520: shutdown FollowerState
2019-10-18 08:20:16,106 [grpc-default-executor-3] INFO  impl.RoleInfo (RoleInfo.java:updateAndGet(143)) - bc0382cc-50e2-4d58-b2de-e8b6250f3520: start FollowerState
2019-10-18 08:20:16,106 [Thread-2018] INFO  impl.FollowerState (FollowerState.java:run(117)) - bc0382cc-50e2-4d58-b2de-e8b6250f3520@group-5EC277DF3249-FollowerState was interrupted: java.lang.InterruptedException: sleep interrupted
2019-10-18 08:20:16,109 [47aecc56-7e95-480d-b89c-2c00d33b4782@group-5EC277DF3249-LeaderElection206] INFO  impl.LeaderElection (LeaderElection.java:logAndReturn(56)) - 47aecc56-7e95-480d-b89c-2c00d33b4782@group-5EC277DF3249-LeaderElection206: Election TIMEOUT; received 0 response(s) [] and 0 exception(s); 47aecc56-7e95-480d-b89c-2c00d33b4782@group-5EC277DF3249:t218, leader=null, voted=47aecc56-7e95-480d-b89c-2c00d33b4782, raftlog=47aecc56-7e95-480d-b89c-2c00d33b4782@group-5EC277DF3249-SegmentedRaftLog:OPENED:c-1,f-1,i0, conf=-1: [47aecc56-7e95-480d-b89c-2c00d33b4782:192.168.69.67:34550, 1bc296c6-def6-4ae4-8c62-5b4c951a28f1:192.168.69.67:37222, bc0382cc-50e2-4d58-b2de-e8b6250f3520:192.168.69.67:37666], old=null
2019-10-18 08:20:16,120 [47aecc56-7e95-480d-b89c-2c00d33b4782@group-5EC277DF3249-LeaderElection206] INFO  impl.LeaderElection (LeaderElection.java:askForVotes(178)) - 47aecc56-7e95-480d-b89c-2c00d33b4782@group-5EC277DF3249-LeaderElection206: begin an election at term 219 for -1: [47aecc56-7e95-480d-b89c-2c00d33b4782:192.168.69.67:34550, 1bc296c6-def6-4ae4-8c62-5b4c951a28f1:192.168.69.67:37222, bc0382cc-50e2-4d58-b2de-e8b6250f3520:192.168.69.67:37666], old=null
2019-10-18 08:20:16,121 [grpc-default-executor-3] INFO  impl.RaftServerImpl (RaftServerImpl.java:setRole(184)) - 1bc296c6-def6-4ae4-8c62-5b4c951a28f1@group-5EC277DF3249: changes role from  FOLLOWER to FOLLOWER at term 219 for recognizeCandidate:47aecc56-7e95-480d-b89c-2c00d33b4782
2019-10-18 08:20:16,122 [grpc-default-executor-3] INFO  impl.RoleInfo (RoleInfo.java:shutdownFollowerState(121)) - 1bc296c6-def6-4ae4-8c62-5b4c951a28f1: shutdown FollowerState
2019-10-18 08:20:16,122 [grpc-default-executor-7] INFO  impl.RaftServerImpl (RaftServerImpl.java:setRole(184)) - bc0382cc-50e2-4d58-b2de-e8b6250f3520@group-5EC277DF3249: changes role from  FOLLOWER to FOLLOWER at term 219 for recognizeCandidate:47aecc56-7e95-480d-b89c-2c00d33b4782
2019-10-18 08:20:16,122 [Thread-2024] INFO  impl.FollowerState (FollowerState.java:run(117)) - 1bc296c6-def6-4ae4-8c62-5b4c951a28f1@group-5EC277DF3249-FollowerState was interrupted: java.lang.InterruptedException: sleep interrupted
2019-10-18 08:20:16,122 [grpc-default-executor-3] INFO  impl.RoleInfo (RoleInfo.java:updateAndGet(143)) - 1bc296c6-def6-4ae4-8c62-5b4c951a28f1: start FollowerState
2019-10-18 08:20:16,122 [grpc-default-executor-7] INFO  impl.RoleInfo (RoleInfo.java:shutdownFollowerState(121)) - bc0382cc-50e2-4d58-b2de-e8b6250f3520: shutdown FollowerState
2019-10-18 08:20:16,122 [Thread-2025] INFO  impl.FollowerState (FollowerState.java:run(117)) - bc0382cc-50e2-4d58-b2de-e8b6250f3520@group-5EC277DF3249-FollowerState was interrupted: java.lang.InterruptedException: sleep interrupted
2019-10-18 08:20:16,122 [grpc-default-executor-7] INFO  impl.RoleInfo (RoleInfo.java:updateAndGet(143)) - bc0382cc-50e2-4d58-b2de-e8b6250f3520: start FollowerState
2019-10-18 08:20:16,136 [47aecc56-7e95-480d-b89c-2c00d33b4782@group-5EC277DF3249-LeaderElection206] INFO  impl.LeaderElection (LeaderElection.java:logAndReturn(56)) - 47aecc56-7e95-480d-b89c-2c00d33b4782@group-5EC277DF3249-LeaderElection206: Election REJECTED; received 2 response(s) [47aecc56-7e95-480d-b89c-2c00d33b4782<-1bc296c6-def6-4ae4-8c62-5b4c951a28f1#0:FAIL-t219, 47aecc56-7e95-480d-b89c-2c00d33b4782<-bc0382cc-50e2-4d58-b2de-e8b6250f3520#0:FAIL-t219] and 0 exception(s); 47aecc56-7e95-480d-b89c-2c00d33b4782@group-5EC277DF3249:t219, leader=null, voted=47aecc56-7e95-480d-b89c-2c00d33b4782, raftlog=47aecc56-7e95-480d-b89c-2c00d33b4782@group-5EC277DF3249-SegmentedRaftLog:OPENED:c-1,f-1,i0, conf=-1: [47aecc56-7e95-480d-b89c-2c00d33b4782:192.168.69.67:34550, 1bc296c6-def6-4ae4-8c62-5b4c951a28f1:192.168.69.67:37222, bc0382cc-50e2-4d58-b2de-e8b6250f3520:192.168.69.67:37666], old=null
2019-10-18 08:20:16,136 [47aecc56-7e95-480d-b89c-2c00d33b4782@group-5EC277DF3249-LeaderElection206] INFO  impl.RaftServerImpl (RaftServerImpl.java:setRole(184)) - 47aecc56-7e95-480d-b89c-2c00d33b4782@group-5EC277DF3249: changes role from CANDIDATE to FOLLOWER at term 219 for DISCOVERED_A_NEW_TERM
2019-10-18 08:20:16,136 [47aecc56-7e95-480d-b89c-2c00d33b4782@group-5EC277DF3249-LeaderElection206] INFO  impl.RoleInfo (RoleInfo.java:shutdownLeaderElection(134)) - 47aecc56-7e95-480d-b89c-2c00d33b4782: shutdown LeaderElection
2019-10-18 08:20:16,136 [47aecc56-7e95-480d-b89c-2c00d33b4782@group-5EC277DF3249-LeaderElection206] INFO  impl.RoleInfo (RoleInfo.java:updateAndGet(143)) - 47aecc56-7e95-480d-b89c-2c00d33b4782: start FollowerState
 0.00% |?                                                                                                    |  0/1 Time: 0:04:242019-10-18 08:20:16,297 [Thread-2030] INFO  impl.FollowerState (FollowerState.java:run(108)) - 47aecc56-7e95-480d-b89c-2c00d33b4782@group-5EC277DF3249-FollowerState: change to CANDIDATE, lastRpcTime:160ms, electionTimeout:160ms
2019-10-18 08:20:16,297 [Thread-2030] INFO  impl.RoleInfo (RoleInfo.java:shutdownFollowerState(121)) - 47aecc56-7e95-480d-b89c-2c00d33b4782: shutdown FollowerState
2019-10-18 08:20:16,297 [Thread-2030] INFO  impl.RaftServerImpl (RaftServerImpl.java:setRole(184)) - 47aecc56-7e95-480d-b89c-2c00d33b4782@group-5EC277DF3249: changes role from  FOLLOWER to CANDIDATE at term 219 for changeToCandidate
2019-10-18 08:20:16,297 [Thread-2030] INFO  impl.RoleInfo (RoleInfo.java:updateAndGet(143)) - 47aecc56-7e95-480d-b89c-2c00d33b4782: start LeaderElection
2019-10-18 08:20:16,311 [47aecc56-7e95-480d-b89c-2c00d33b4782@group-5EC277DF3249-LeaderElection207] INFO  impl.LeaderElection (LeaderElection.java:askForVotes(178)) - 47aecc56-7e95-480d-b89c-2c00d33b4782@group-5EC277DF3249-LeaderElection207: begin an election at term 220 for -1: [47aecc56-7e95-480d-b89c-2c00d33b4782:192.168.69.67:34550, 1bc296c6-def6-4ae4-8c62-5b4c951a28f1:192.168.69.67:37222, bc0382cc-50e2-4d58-b2de-e8b6250f3520:192.168.69.67:37666], old=null
2019-10-18 08:20:16,313 [grpc-default-executor-3] INFO  impl.RaftServerImpl (RaftServerImpl.java:setRole(184)) - 1bc296c6-def6-4ae4-8c62-5b4c951a28f1@group-5EC277DF3249: changes role from  FOLLOWER to FOLLOWER at term 220 for recognizeCandidate:47aecc56-7e95-480d-b89c-2c00d33b4782
2019-10-18 08:20:16,313 [grpc-default-executor-3] INFO  impl.RoleInfo (RoleInfo.java:shutdownFollowerState(121)) - 1bc296c6-def6-4ae4-8c62-5b4c951a28f1: shutdown FollowerState
2019-10-18 08:20:16,313 [grpc-default-executor-7] INFO  impl.RaftServerImpl (RaftServerImpl.java:setRole(184)) - bc0382cc-50e2-4d58-b2de-e8b6250f3520@group-5EC277DF3249: changes role from  FOLLOWER to FOLLOWER at term 220 for recognizeCandidate:47aecc56-7e95-480d-b89c-2c00d33b4782
2019-10-18 08:20:16,314 [grpc-default-executor-7] INFO  impl.RoleInfo (RoleInfo.java:shutdownFollowerState(121)) - bc0382cc-50e2-4d58-b2de-e8b6250f3520: shutdown FollowerState
2019-10-18 08:20:16,314 [Thread-2028] INFO  impl.FollowerState (FollowerState.java:run(117)) - 1bc296c6-def6-4ae4-8c62-5b4c951a28f1@group-5EC277DF3249-FollowerState was interrupted: java.lang.InterruptedException: sleep interrupted
2019-10-18 08:20:16,314 [grpc-default-executor-3] INFO  impl.RoleInfo (RoleInfo.java:updateAndGet(143)) - 1bc296c6-def6-4ae4-8c62-5b4c951a28f1: start FollowerState
2019-10-18 08:20:16,314 [Thread-2029] INFO  impl.FollowerState (FollowerState.java:run(117)) - bc0382cc-50e2-4d58-b2de-e8b6250f3520@group-5EC277DF3249-FollowerState was interrupted: java.lang.InterruptedException: sleep interrupted
2019-10-18 08:20:16,314 [grpc-default-executor-7] INFO  impl.RoleInfo (RoleInfo.java:updateAndGet(143)) - bc0382cc-50e2-4d58-b2de-e8b6250f3520: start FollowerState
2019-10-18 08:20:16,338 [47aecc56-7e95-480d-b89c-2c00d33b4782@group-5EC277DF3249-LeaderElection207] INFO  impl.LeaderElection (LeaderElection.java:logAndReturn(56)) - 47aecc56-7e95-480d-b89c-2c00d33b4782@group-5EC277DF3249-LeaderElection207: Election REJECTED; received 2 response(s) [47aecc56-7e95-480d-b89c-2c00d33b4782<-1bc296c6-def6-4ae4-8c62-5b4c951a28f1#0:FAIL-t220, 47aecc56-7e95-480d-b89c-2c00d33b4782<-bc0382cc-50e2-4d58-b2de-e8b6250f3520#0:FAIL-t220] and 0 exception(s); 47aecc56-7e95-480d-b89c-2c00d33b4782@group-5EC277DF3249:t220, leader=null, voted=47aecc56-7e95-480d-b89c-2c00d33b4782, raftlog=47aecc56-7e95-480d-b89c-2c00d33b4782@group-5EC277DF3249-SegmentedRaftLog:OPENED:c-1,f-1,i0, conf=-1: [47aecc56-7e95-480d-b89c-2c00d33b4782:192.168.69.67:34550, 1bc296c6-def6-4ae4-8c62-5b4c951a28f1:192.168.69.67:37222, bc0382cc-50e2-4d58-b2de-e8b6250f3520:192.168.69.67:37666], old=null
2019-10-18 08:20:16,338 [47aecc56-7e95-480d-b89c-2c00d33b4782@group-5EC277DF3249-LeaderElection207] INFO  impl.RaftServerImpl (RaftServerImpl.java:setRole(184)) - 47aecc56-7e95-480d-b89c-2c00d33b4782@group-5EC277DF3249: changes role from CANDIDATE to FOLLOWER at term 220 for DISCOVERED_A_NEW_TERM
2019-10-18 08:20:16,338 [47aecc56-7e95-480d-b89c-2c00d33b4782@group-5EC277DF3249-LeaderElection207] INFO  impl.RoleInfo (RoleInfo.java:shutdownLeaderElection(134)) - 47aecc56-7e95-480d-b89c-2c00d33b4782: shutdown LeaderElection
2019-10-18 08:20:16,338 [47aecc56-7e95-480d-b89c-2c00d33b4782@group-5EC277DF3249-LeaderElection207] INFO  impl.RoleInfo (RoleInfo.java:updateAndGet(143)) - 47aecc56-7e95-480d-b89c-2c00d33b4782: start FollowerState
2019-10-18 08:20:16,400 [Thread-2036] INFO  impl.FollowerState (FollowerState.java:run(108)) - 47aecc56-7e95-480d-b89c-2c00d33b4782@group-5EC277DF3249-FollowerState: change to CANDIDATE, lastRpcTime:61ms, electionTimeout:61ms
2019-10-18 08:20:16,400 [Thread-2036] INFO  impl.RoleInfo (RoleInfo.java:shutdownFollowerState(121)) - 47aecc56-7e95-480d-b89c-2c00d33b4782: shutdown FollowerState
2019-10-18 08:20:16,400 [Thread-2036] INFO  impl.RaftServerImpl (RaftServerImpl.java:setRole(184)) - 47aecc56-7e95-480d-b89c-2c00d33b4782@group-5EC277DF3249: changes role from  FOLLOWER to CANDIDATE at term 220 for changeToCandidate
2019-10-18 08:20:16,400 [Thread-2036] INFO  impl.RoleInfo (RoleInfo.java:updateAndGet(143)) - 47aecc56-7e95-480d-b89c-2c00d33b4782: start LeaderElection
2019-10-18 08:20:16,413 [47aecc56-7e95-480d-b89c-2c00d33b4782@group-5EC277DF3249-LeaderElection208] INFO  impl.LeaderElection (LeaderElection.java:askForVotes(178)) - 47aecc56-7e95-480d-b89c-2c00d33b4782@group-5EC277DF3249-LeaderElection208: begin an election at term 221 for -1: [47aecc56-7e95-480d-b89c-2c00d33b4782:192.168.69.67:34550, 1bc296c6-def6-4ae4-8c62-5b4c951a28f1:192.168.69.67:37222, bc0382cc-50e2-4d58-b2de-e8b6250f3520:192.168.69.67:37666], old=null
2019-10-18 08:20:16,414 [grpc-default-executor-3] INFO  impl.RaftServerImpl (RaftServerImpl.java:setRole(184)) - 1bc296c6-def6-4ae4-8c62-5b4c951a28f1@group-5EC277DF3249: changes role from  FOLLOWER to FOLLOWER at term 221 for recognizeCandidate:47aecc56-7e95-480d-b89c-2c00d33b4782
2019-10-18 08:20:16,415 [grpc-default-executor-3] INFO  impl.RoleInfo (RoleInfo.java:shutdownFollowerState(121)) - 1bc296c6-def6-4ae4-8c62-5b4c951a28f1: shutdown FollowerState
2019-10-18 08:20:16,415 [grpc-default-executor-7] INFO  impl.RaftServerImpl (RaftServerImpl.java:setRole(184)) - bc0382cc-50e2-4d58-b2de-e8b6250f3520@group-5EC277DF3249: changes role from  FOLLOWER to FOLLOWER at term 221 for recognizeCandidate:47aecc56-7e95-480d-b89c-2c00d33b4782
2019-10-18 08:20:16,415 [Thread-2034] INFO  impl.FollowerState (FollowerState.java:run(117)) - 1bc296c6-def6-4ae4-8c62-5b4c951a28f1@group-5EC277DF3249-FollowerState was interrupted: java.lang.InterruptedException: sleep interrupted
2019-10-18 08:20:16,415 [grpc-default-executor-3] INFO  impl.RoleInfo (RoleInfo.java:updateAndGet(143)) - 1bc296c6-def6-4ae4-8c62-5b4c951a28f1: start FollowerState
2019-10-18 08:20:16,415 [grpc-default-executor-7] INFO  impl.RoleInfo (RoleInfo.java:shutdownFollowerState(121)) - bc0382cc-50e2-4d58-b2de-e8b6250f3520: shutdown FollowerState
2019-10-18 08:20:16,415 [grpc-default-executor-7] INFO  impl.RoleInfo (RoleInfo.java:updateAndGet(143)) - bc0382cc-50e2-4d58-b2de-e8b6250f3520: start FollowerState
2019-10-18 08:20:16,415 [Thread-2035] INFO  impl.FollowerState (FollowerState.java:run(117)) - bc0382cc-50e2-4d58-b2de-e8b6250f3520@group-5EC277DF3249-FollowerState was interrupted: java.lang.InterruptedException: sleep interrupted
2019-10-18 08:20:16,431 [47aecc56-7e95-480d-b89c-2c00d33b4782@group-5EC277DF3249-LeaderElection208] INFO  impl.LeaderElection (LeaderElection.java:logAndReturn(56)) - 47aecc56-7e95-480d-b89c-2c00d33b4782@group-5EC277DF3249-LeaderElection208: Election REJECTED; received 2 response(s) [47aecc56-7e95-480d-b89c-2c00d33b4782<-1bc296c6-def6-4ae4-8c62-5b4c951a28f1#0:FAIL-t221, 47aecc56-7e95-480d-b89c-2c00d33b4782<-bc0382cc-50e2-4d58-b2de-e8b6250f3520#0:FAIL-t221] and 0 exception(s); 47aecc56-7e95-480d-b89c-2c00d33b4782@group-5EC277DF3249:t221, leader=null, voted=47aecc56-7e95-480d-b89c-2c00d33b4782, raftlog=47aecc56-7e95-480d-b89c-2c00d33b4782@group-5EC277DF3249-SegmentedRaftLog:OPENED:c-1,f-1,i0, conf=-1: [47aecc56-7e95-480d-b89c-2c00d33b4782:192.168.69.67:34550, 1bc296c6-def6-4ae4-8c62-5b4c951a28f1:192.168.69.67:37222, bc0382cc-50e2-4d58-b2de-e8b6250f3520:192.168.69.67:37666], old=null
2019-10-18 08:20:16,431 [47aecc56-7e95-480d-b89c-2c00d33b4782@group-5EC277DF3249-LeaderElection208] INFO  impl.RaftServerImpl (RaftServerImpl.java:setRole(184)) - 47aecc56-7e95-480d-b89c-2c00d33b4782@group-5EC277DF3249: changes role from CANDIDATE to FOLLOWER at term 221 for DISCOVERED_A_NEW_TERM
2019-10-18 08:20:16,431 [47aecc56-7e95-480d-b89c-2c00d33b4782@group-5EC277DF3249-LeaderElection208] INFO  impl.RoleInfo (RoleInfo.java:shutdownLeaderElection(134)) - 47aecc56-7e95-480d-b89c-2c00d33b4782: shutdown LeaderElection
2019-10-18 08:20:16,431 [47aecc56-7e95-480d-b89c-2c00d33b4782@group-5EC277DF3249-LeaderElection208] INFO  impl.RoleInfo (RoleInfo.java:updateAndGet(143)) - 47aecc56-7e95-480d-b89c-2c00d33b4782: start FollowerState
2019-10-18 08:20:16,573 [Thread-2042] INFO  impl.FollowerState (FollowerState.java:run(108)) - 47aecc56-7e95-480d-b89c-2c00d33b4782@group-5EC277DF3249-FollowerState: change to CANDIDATE, lastRpcTime:141ms, electionTimeout:141ms
2019-10-18 08:20:16,575 [Thread-2042] INFO  impl.RoleInfo (RoleInfo.java:shutdownFollowerState(121)) - 47aecc56-7e95-480d-b89c-2c00d33b4782: shutdown FollowerState
2019-10-18 08:20:16,575 [Thread-2042] INFO  impl.RaftServerImpl (RaftServerImpl.java:setRole(184)) - 47aecc56-7e95-480d-b89c-2c00d33b4782@group-5EC277DF3249: changes role from  FOLLOWER to CANDIDATE at term 221 for changeToCandidate
2019-10-18 08:20:16,576 [Thread-2042] INFO  impl.RoleInfo (RoleInfo.java:updateAndGet(143)) - 47aecc56-7e95-480d-b89c-2c00d33b4782: start LeaderElection
2019-10-18 08:20:16,591 [47aecc56-7e95-480d-b89c-2c00d33b4782@group-5EC277DF3249-LeaderElection209] INFO  impl.LeaderElection (LeaderElection.java:askForVotes(178)) - 47aecc56-7e95-480d-b89c-2c00d33b4782@group-5EC277DF3249-LeaderElection209: begin an election at term 222 for -1: [47aecc56-7e95-480d-b89c-2c00d33b4782:192.168.69.67:34550, 1bc296c6-def6-4ae4-8c62-5b4c951a28f1:192.168.69.67:37222, bc0382cc-50e2-4d58-b2de-e8b6250f3520:192.168.69.67:37666], old=null
2019-10-18 08:20:16,595 [grpc-default-executor-7] INFO  impl.RaftServerImpl (RaftServerImpl.java:setRole(184)) - 1bc296c6-def6-4ae4-8c62-5b4c951a28f1@group-5EC277DF3249: changes role from  FOLLOWER to FOLLOWER at term 222 for recognizeCandidate:47aecc56-7e95-480d-b89c-2c00d33b4782
2019-10-18 08:20:16,595 [grpc-default-executor-3] INFO  impl.RaftServerImpl (RaftServerImpl.java:setRole(184)) - bc0382cc-50e2-4d58-b2de-e8b6250f3520@group-5EC277DF3249: changes role from  FOLLOWER to FOLLOWER at term 222 for recognizeCandidate:47aecc56-7e95-480d-b89c-2c00d33b4782
2019-10-18 08:20:16,595 [grpc-default-executor-7] INFO  impl.RoleInfo (RoleInfo.java:shutdownFollowerState(121)) - 1bc296c6-def6-4ae4-8c62-5b4c951a28f1: shutdown FollowerState
2019-10-18 08:20:16,596 [grpc-default-executor-3] INFO  impl.RoleInfo (RoleInfo.java:shutdownFollowerState(121)) - bc0382cc-50e2-4d58-b2de-e8b6250f3520: shutdown FollowerState
2019-10-18 08:20:16,596 [grpc-default-executor-7] INFO  impl.RoleInfo (RoleInfo.java:updateAndGet(143)) - 1bc296c6-def6-4ae4-8c62-5b4c951a28f1: start FollowerState
2019-10-18 08:20:16,596 [Thread-2041] INFO  impl.FollowerState (FollowerState.java:run(117)) - bc0382cc-50e2-4d58-b2de-e8b6250f3520@group-5EC277DF3249-FollowerState was interrupted: java.lang.InterruptedException: sleep interrupted
2019-10-18 08:20:16,596 [Thread-2040] INFO  impl.FollowerState (FollowerState.java:run(117)) - 1bc296c6-def6-4ae4-8c62-5b4c951a28f1@group-5EC277DF3249-FollowerState was interrupted: java.lang.InterruptedException: sleep interrupted
2019-10-18 08:20:16,596 [grpc-default-executor-3] INFO  impl.RoleInfo (RoleInfo.java:updateAndGet(143)) - bc0382cc-50e2-4d58-b2de-e8b6250f3520: start FollowerState
2019-10-18 08:20:16,611 [47aecc56-7e95-480d-b89c-2c00d33b4782@group-5EC277DF3249-LeaderElection209] INFO  impl.LeaderElection (LeaderElection.java:logAndReturn(56)) - 47aecc56-7e95-480d-b89c-2c00d33b4782@group-5EC277DF3249-LeaderElection209: Election REJECTED; received 2 response(s) [47aecc56-7e95-480d-b89c-2c00d33b4782<-1bc296c6-def6-4ae4-8c62-5b4c951a28f1#0:FAIL-t222, 47aecc56-7e95-480d-b89c-2c00d33b4782<-bc0382cc-50e2-4d58-b2de-e8b6250f3520#0:FAIL-t222] and 0 exception(s); 47aecc56-7e95-480d-b89c-2c00d33b4782@group-5EC277DF3249:t222, leader=null, voted=47aecc56-7e95-480d-b89c-2c00d33b4782, raftlog=47aecc56-7e95-480d-b89c-2c00d33b4782@group-5EC277DF3249-SegmentedRaftLog:OPENED:c-1,f-1,i0, conf=-1: [47aecc56-7e95-480d-b89c-2c00d33b4782:192.168.69.67:34550, 1bc296c6-def6-4ae4-8c62-5b4c951a28f1:192.168.69.67:37222, bc0382cc-50e2-4d58-b2de-e8b6250f3520:192.168.69.67:37666], old=null
2019-10-18 08:20:16,611 [47aecc56-7e95-480d-b89c-2c00d33b4782@group-5EC277DF3249-LeaderElection209] INFO  impl.RaftServerImpl (RaftServerImpl.java:setRole(184)) - 47aecc56-7e95-480d-b89c-2c00d33b4782@group-5EC277DF3249: changes role from CANDIDATE to FOLLOWER at term 222 for DISCOVERED_A_NEW_TERM
2019-10-18 08:20:16,611 [47aecc56-7e95-480d-b89c-2c00d33b4782@group-5EC277DF3249-LeaderElection209] INFO  impl.RoleInfo (RoleInfo.java:shutdownLeaderElection(134)) - 47aecc56-7e95-480d-b89c-2c00d33b4782: shutdown LeaderElection
2019-10-18 08:20:16,611 [47aecc56-7e95-480d-b89c-2c00d33b4782@group-5EC277DF3249-LeaderElection209] INFO  impl.RoleInfo (RoleInfo.java:updateAndGet(143)) - 47aecc56-7e95-480d-b89c-2c00d33b4782: start FollowerState
2019-10-18 08:20:16,626 [Thread-2048] INFO  impl.FollowerState (FollowerState.java:run(108)) - 47aecc56-7e95-480d-b89c-2c00d33b4782@group-5EC277DF3249-FollowerState: change to CANDIDATE, lastRpcTime:14ms, electionTimeout:14ms
2019-10-18 08:20:16,626 [Thread-2048] INFO  impl.RoleInfo (RoleInfo.java:shutdownFollowerState(121)) - 47aecc56-7e95-480d-b89c-2c00d33b4782: shutdown FollowerState
2019-10-18 08:20:16,626 [Thread-2048] INFO  impl.RaftServerImpl (RaftServerImpl.java:setRole(184)) - 47aecc56-7e95-480d-b89c-2c00d33b4782@group-5EC277DF3249: changes role from  FOLLOWER to CANDIDATE at term 222 for changeToCandidate
2019-10-18 08:20:16,626 [Thread-2048] INFO  impl.RoleInfo (RoleInfo.java:updateAndGet(143)) - 47aecc56-7e95-480d-b89c-2c00d33b4782: start LeaderElection
2019-10-18 08:20:16,639 [47aecc56-7e95-480d-b89c-2c00d33b4782@group-5EC277DF3249-LeaderElection210] INFO  impl.LeaderElection (LeaderElection.java:askForVotes(178)) - 47aecc56-7e95-480d-b89c-2c00d33b4782@group-5EC277DF3249-LeaderElection210: begin an election at term 223 for -1: [47aecc56-7e95-480d-b89c-2c00d33b4782:192.168.69.67:34550, 1bc296c6-def6-4ae4-8c62-5b4c951a28f1:192.168.69.67:37222, bc0382cc-50e2-4d58-b2de-e8b6250f3520:192.168.69.67:37666], old=null
2019-10-18 08:20:16,641 [grpc-default-executor-3] INFO  impl.RaftServerImpl (RaftServerImpl.java:setRole(184)) - 1bc296c6-def6-4ae4-8c62-5b4c951a28f1@group-5EC277DF3249: changes role from  FOLLOWER to FOLLOWER at term 223 for recognizeCandidate:47aecc56-7e95-480d-b89c-2c00d33b4782
2019-10-18 08:20:16,641 [grpc-default-executor-3] INFO  impl.RoleInfo (RoleInfo.java:shutdownFollowerState(121)) - 1bc296c6-def6-4ae4-8c62-5b4c951a28f1: shutdown FollowerState
2019-10-18 08:20:16,641 [grpc-default-executor-3] INFO  impl.RoleInfo (RoleInfo.java:updateAndGet(143)) - 1bc296c6-def6-4ae4-8c62-5b4c951a28f1: start FollowerState
2019-10-18 08:20:16,641 [grpc-default-executor-7] INFO  impl.RaftServerImpl (RaftServerImpl.java:setRole(184)) - bc0382cc-50e2-4d58-b2de-e8b6250f3520@group-5EC277DF3249: changes role from  FOLLOWER to FOLLOWER at term 223 for recognizeCandidate:47aecc56-7e95-480d-b89c-2c00d33b4782
2019-10-18 08:20:16,641 [grpc-default-executor-7] INFO  impl.RoleInfo (RoleInfo.java:shutdownFollowerState(121)) - bc0382cc-50e2-4d58-b2de-e8b6250f3520: shutdown FollowerState
2019-10-18 08:20:16,641 [Thread-2046] INFO  impl.FollowerState (FollowerState.java:run(117)) - 1bc296c6-def6-4ae4-8c62-5b4c951a28f1@group-5EC277DF3249-FollowerState was interrupted: java.lang.InterruptedException: sleep interrupted
2019-10-18 08:20:16,642 [Thread-2047] INFO  impl.FollowerState (FollowerState.java:run(117)) - bc0382cc-50e2-4d58-b2de-e8b6250f3520@group-5EC277DF3249-FollowerState was interrupted: java.lang.InterruptedException: sleep interrupted
2019-10-18 08:20:16,642 [grpc-default-executor-7] INFO  impl.RoleInfo (RoleInfo.java:updateAndGet(143)) - bc0382cc-50e2-4d58-b2de-e8b6250f3520: start FollowerState
2019-10-18 08:20:16,667 [47aecc56-7e95-480d-b89c-2c00d33b4782@group-5EC277DF3249-LeaderElection210] INFO  impl.LeaderElection (LeaderElection.java:logAndReturn(56)) - 47aecc56-7e95-480d-b89c-2c00d33b4782@group-5EC277DF3249-LeaderElection210: Election REJECTED; received 2 response(s) [47aecc56-7e95-480d-b89c-2c00d33b4782<-1bc296c6-def6-4ae4-8c62-5b4c951a28f1#0:FAIL-t223, 47aecc56-7e95-480d-b89c-2c00d33b4782<-bc0382cc-50e2-4d58-b2de-e8b6250f3520#0:FAIL-t223] and 0 exception(s); 47aecc56-7e95-480d-b89c-2c00d33b4782@group-5EC277DF3249:t223, leader=null, voted=47aecc56-7e95-480d-b89c-2c00d33b4782, raftlog=47aecc56-7e95-480d-b89c-2c00d33b4782@group-5EC277DF3249-SegmentedRaftLog:OPENED:c-1,f-1,i0, conf=-1: [47aecc56-7e95-480d-b89c-2c00d33b4782:192.168.69.67:34550, 1bc296c6-def6-4ae4-8c62-5b4c951a28f1:192.168.69.67:37222, bc0382cc-50e2-4d58-b2de-e8b6250f3520:192.168.69.67:37666], old=null
2019-10-18 08:20:16,667 [47aecc56-7e95-480d-b89c-2c00d33b4782@group-5EC277DF3249-LeaderElection210] INFO  impl.RaftServerImpl (RaftServerImpl.java:setRole(184)) - 47aecc56-7e95-480d-b89c-2c00d33b4782@group-5EC277DF3249: changes role from CANDIDATE to FOLLOWER at term 223 for DISCOVERED_A_NEW_TERM
2019-10-18 08:20:16,667 [47aecc56-7e95-480d-b89c-2c00d33b4782@group-5EC277DF3249-LeaderElection210] INFO  impl.RoleInfo (RoleInfo.java:shutdownLeaderElection(134)) - 47aecc56-7e95-480d-b89c-2c00d33b4782: shutdown LeaderElection
2019-10-18 08:20:16,667 [47aecc56-7e95-480d-b89c-2c00d33b4782@group-5EC277DF3249-LeaderElection210] INFO  impl.RoleInfo (RoleInfo.java:updateAndGet(143)) - 47aecc56-7e95-480d-b89c-2c00d33b4782: start FollowerState
2019-10-18 08:20:16,745 [Thread-2054] INFO  impl.FollowerState (FollowerState.java:run(108)) - 47aecc56-7e95-480d-b89c-2c00d33b4782@group-5EC277DF3249-FollowerState: change to CANDIDATE, lastRpcTime:77ms, electionTimeout:77ms
2019-10-18 08:20:16,745 [Thread-2054] INFO  impl.RoleInfo (RoleInfo.java:shutdownFollowerState(121)) - 47aecc56-7e95-480d-b89c-2c00d33b4782: shutdown FollowerState
2019-10-18 08:20:16,745 [Thread-2054] INFO  impl.RaftServerImpl (RaftServerImpl.java:setRole(184)) - 47aecc56-7e95-480d-b89c-2c00d33b4782@group-5EC277DF3249: changes role from  FOLLOWER to CANDIDATE at term 223 for changeToCandidate
2019-10-18 08:20:16,745 [Thread-2054] INFO  impl.RoleInfo (RoleInfo.java:updateAndGet(143)) - 47aecc56-7e95-480d-b89c-2c00d33b4782: start LeaderElection
2019-10-18 08:20:16,758 [47aecc56-7e95-480d-b89c-2c00d33b4782@group-5EC277DF3249-LeaderElection211] INFO  impl.LeaderElection (LeaderElection.java:askForVotes(178)) - 47aecc56-7e95-480d-b89c-2c00d33b4782@group-5EC277DF3249-LeaderElection211: begin an election at term 224 for -1: [47aecc56-7e95-480d-b89c-2c00d33b4782:192.168.69.67:34550, 1bc296c6-def6-4ae4-8c62-5b4c951a28f1:192.168.69.67:37222, bc0382cc-50e2-4d58-b2de-e8b6250f3520:192.168.69.67:37666], old=null
2019-10-18 08:20:16,760 [grpc-default-executor-3] INFO  impl.RaftServerImpl (RaftServerImpl.java:setRole(184)) - 1bc296c6-def6-4ae4-8c62-5b4c951a28f1@group-5EC277DF3249: changes role from  FOLLOWER to FOLLOWER at term 224 for recognizeCandidate:47aecc56-7e95-480d-b89c-2c00d33b4782
2019-10-18 08:20:16,760 [grpc-default-executor-3] INFO  impl.RoleInfo (RoleInfo.java:shutdownFollowerState(121)) - 1bc296c6-def6-4ae4-8c62-5b4c951a28f1: shutdown FollowerState
2019-10-18 08:20:16,760 [grpc-default-executor-3] INFO  impl.RoleInfo (RoleInfo.java:updateAndGet(143)) - 1bc296c6-def6-4ae4-8c62-5b4c951a28f1: start FollowerState
2019-10-18 08:20:16,760 [Thread-2052] INFO  impl.FollowerState (FollowerState.java:run(117)) - 1bc296c6-def6-4ae4-8c62-5b4c951a28f1@group-5EC277DF3249-FollowerState was interrupted: java.lang.InterruptedException: sleep interrupted
2019-10-18 08:20:16,760 [grpc-default-executor-7] INFO  impl.RaftServerImpl (RaftServerImpl.java:setRole(184)) - bc0382cc-50e2-4d58-b2de-e8b6250f3520@group-5EC277DF3249: changes role from  FOLLOWER to FOLLOWER at term 224 for recognizeCandidate:47aecc56-7e95-480d-b89c-2c00d33b4782
2019-10-18 08:20:16,761 [grpc-default-executor-7] INFO  impl.RoleInfo (RoleInfo.java:shutdownFollowerState(121)) - bc0382cc-50e2-4d58-b2de-e8b6250f3520: shutdown FollowerState
2019-10-18 08:20:16,761 [grpc-default-executor-7] INFO  impl.RoleInfo (RoleInfo.java:updateAndGet(143)) - bc0382cc-50e2-4d58-b2de-e8b6250f3520: start FollowerState
2019-10-18 08:20:16,761 [Thread-2053] INFO  impl.FollowerState (FollowerState.java:run(117)) - bc0382cc-50e2-4d58-b2de-e8b6250f3520@group-5EC277DF3249-FollowerState was interrupted: java.lang.InterruptedException: sleep interrupted
2019-10-18 08:20:16,769 [47aecc56-7e95-480d-b89c-2c00d33b4782@group-5EC277DF3249-LeaderElection211] INFO  impl.LeaderElection (LeaderElection.java:logAndReturn(56)) - 47aecc56-7e95-480d-b89c-2c00d33b4782@group-5EC277DF3249-LeaderElection211: Election TIMEOUT; received 0 response(s) [] and 0 exception(s); 47aecc56-7e95-480d-b89c-2c00d33b4782@group-5EC277DF3249:t224, leader=null, voted=47aecc56-7e95-480d-b89c-2c00d33b4782, raftlog=47aecc56-7e95-480d-b89c-2c00d33b4782@group-5EC277DF3249-SegmentedRaftLog:OPENED:c-1,f-1,i0, conf=-1: [47aecc56-7e95-480d-b89c-2c00d33b4782:192.168.69.67:34550, 1bc296c6-def6-4ae4-8c62-5b4c951a28f1:192.168.69.67:37222, bc0382cc-50e2-4d58-b2de-e8b6250f3520:192.168.69.67:37666], old=null
2019-10-18 08:20:16,776 [47aecc56-7e95-480d-b89c-2c00d33b4782@group-5EC277DF3249-LeaderElection211] INFO  impl.LeaderElection (LeaderElection.java:askForVotes(178)) - 47aecc56-7e95-480d-b89c-2c00d33b4782@group-5EC277DF3249-LeaderElection211: begin an election at term 225 for -1: [47aecc56-7e95-480d-b89c-2c00d33b4782:192.168.69.67:34550, 1bc296c6-def6-4ae4-8c62-5b4c951a28f1:192.168.69.67:37222, bc0382cc-50e2-4d58-b2de-e8b6250f3520:192.168.69.67:37666], old=null
2019-10-18 08:20:16,778 [grpc-default-executor-7] INFO  impl.RaftServerImpl (RaftServerImpl.java:setRole(184)) - 1bc296c6-def6-4ae4-8c62-5b4c951a28f1@group-5EC277DF3249: changes role from  FOLLOWER to FOLLOWER at term 225 for recognizeCandidate:47aecc56-7e95-480d-b89c-2c00d33b4782
2019-10-18 08:20:16,778 [grpc-default-executor-7] INFO  impl.RoleInfo (RoleInfo.java:shutdownFollowerState(121)) - 1bc296c6-def6-4ae4-8c62-5b4c951a28f1: shutdown FollowerState
2019-10-18 08:20:16,778 [grpc-default-executor-7] INFO  impl.RoleInfo (RoleInfo.java:updateAndGet(143)) - 1bc296c6-def6-4ae4-8c62-5b4c951a28f1: start FollowerState
2019-10-18 08:20:16,778 [grpc-default-executor-3] INFO  impl.RaftServerImpl (RaftServerImpl.java:setRole(184)) - bc0382cc-50e2-4d58-b2de-e8b6250f3520@group-5EC277DF3249: changes role from  FOLLOWER to FOLLOWER at term 225 for recognizeCandidate:47aecc56-7e95-480d-b89c-2c00d33b4782
2019-10-18 08:20:16,778 [Thread-2058] INFO  impl.FollowerState (FollowerState.java:run(117)) - 1bc296c6-def6-4ae4-8c62-5b4c951a28f1@group-5EC277DF3249-FollowerState was interrupted: java.lang.InterruptedException: sleep interrupted
2019-10-18 08:20:16,778 [grpc-default-executor-3] INFO  impl.RoleInfo (RoleInfo.java:shutdownFollowerState(121)) - bc0382cc-50e2-4d58-b2de-e8b6250f3520: shutdown FollowerState
2019-10-18 08:20:16,779 [grpc-default-executor-3] INFO  impl.RoleInfo (RoleInfo.java:updateAndGet(143)) - bc0382cc-50e2-4d58-b2de-e8b6250f3520: start FollowerState
2019-10-18 08:20:16,779 [Thread-2059] INFO  impl.FollowerState (FollowerState.java:run(117)) - bc0382cc-50e2-4d58-b2de-e8b6250f3520@group-5EC277DF3249-FollowerState was interrupted: java.lang.InterruptedException: sleep interrupted
2019-10-18 08:20:16,780 [47aecc56-7e95-480d-b89c-2c00d33b4782@group-5EC277DF3249-LeaderElection211] INFO  impl.LeaderElection (LeaderElection.java:logAndReturn(56)) - 47aecc56-7e95-480d-b89c-2c00d33b4782@group-5EC277DF3249-LeaderElection211: Election TIMEOUT; received 0 response(s) [] and 0 exception(s); 47aecc56-7e95-480d-b89c-2c00d33b4782@group-5EC277DF3249:t225, leader=null, voted=47aecc56-7e95-480d-b89c-2c00d33b4782, raftlog=47aecc56-7e95-480d-b89c-2c00d33b4782@group-5EC277DF3249-SegmentedRaftLog:OPENED:c-1,f-1,i0, conf=-1: [47aecc56-7e95-480d-b89c-2c00d33b4782:192.168.69.67:34550, 1bc296c6-def6-4ae4-8c62-5b4c951a28f1:192.168.69.67:37222, bc0382cc-50e2-4d58-b2de-e8b6250f3520:192.168.69.67:37666], old=null
2019-10-18 08:20:16,785 [47aecc56-7e95-480d-b89c-2c00d33b4782@group-5EC277DF3249-LeaderElection211] INFO  impl.LeaderElection (LeaderElection.java:askForVotes(178)) - 47aecc56-7e95-480d-b89c-2c00d33b4782@group-5EC277DF3249-LeaderElection211: begin an election at term 226 for -1: [47aecc56-7e95-480d-b89c-2c00d33b4782:192.168.69.67:34550, 1bc296c6-def6-4ae4-8c62-5b4c951a28f1:192.168.69.67:37222, bc0382cc-50e2-4d58-b2de-e8b6250f3520:192.168.69.67:37666], old=null
2019-10-18 08:20:16,787 [grpc-default-executor-3] INFO  impl.RaftServerImpl (RaftServerImpl.java:setRole(184)) - 1bc296c6-def6-4ae4-8c62-5b4c951a28f1@group-5EC277DF3249: changes role from  FOLLOWER to FOLLOWER at term 226 for recognizeCandidate:47aecc56-7e95-480d-b89c-2c00d33b4782
2019-10-18 08:20:16,787 [grpc-default-executor-3] INFO  impl.RoleInfo (RoleInfo.java:shutdownFollowerState(121)) - 1bc296c6-def6-4ae4-8c62-5b4c951a28f1: shutdown FollowerState
2019-10-18 08:20:16,787 [grpc-default-executor-7] INFO  impl.RaftServerImpl (RaftServerImpl.java:setRole(184)) - bc0382cc-50e2-4d58-b2de-e8b6250f3520@group-5EC277DF3249: changes role from  FOLLOWER to FOLLOWER at term 226 for recognizeCandidate:47aecc56-7e95-480d-b89c-2c00d33b4782
2019-10-18 08:20:16,787 [Thread-2062] INFO  impl.FollowerState (FollowerState.java:run(117)) - 1bc296c6-def6-4ae4-8c62-5b4c951a28f1@group-5EC277DF3249-FollowerState was interrupted: java.lang.InterruptedException: sleep interrupted
2019-10-18 08:20:16,787 [grpc-default-executor-3] INFO  impl.RoleInfo (RoleInfo.java:updateAndGet(143)) - 1bc296c6-def6-4ae4-8c62-5b4c951a28f1: start FollowerState
2019-10-18 08:20:16,787 [grpc-default-executor-7] INFO  impl.RoleInfo (RoleInfo.java:shutdownFollowerState(121)) - bc0382cc-50e2-4d58-b2de-e8b6250f3520: shutdown FollowerState
2019-10-18 08:20:16,788 [grpc-default-executor-7] INFO  impl.RoleInfo (RoleInfo.java:updateAndGet(143)) - bc0382cc-50e2-4d58-b2de-e8b6250f3520: start FollowerState
2019-10-18 08:20:16,788 [Thread-2063] INFO  impl.FollowerState (FollowerState.java:run(117)) - bc0382cc-50e2-4d58-b2de-e8b6250f3520@group-5EC277DF3249-FollowerState was interrupted: java.lang.InterruptedException: sleep interrupted
2019-10-18 08:20:16,794 [47aecc56-7e95-480d-b89c-2c00d33b4782@group-5EC277DF3249-LeaderElection211] INFO  impl.LeaderElection (LeaderElection.java:logAndReturn(56)) - 47aecc56-7e95-480d-b89c-2c00d33b4782@group-5EC277DF3249-LeaderElection211: Election REJECTED; received 2 response(s) [47aecc56-7e95-480d-b89c-2c00d33b4782<-1bc296c6-def6-4ae4-8c62-5b4c951a28f1#0:FAIL-t226, 47aecc56-7e95-480d-b89c-2c00d33b4782<-bc0382cc-50e2-4d58-b2de-e8b6250f3520#0:FAIL-t226] and 0 exception(s); 47aecc56-7e95-480d-b89c-2c00d33b4782@group-5EC277DF3249:t226, leader=null, voted=47aecc56-7e95-480d-b89c-2c00d33b4782, raftlog=47aecc56-7e95-480d-b89c-2c00d33b4782@group-5EC277DF3249-SegmentedRaftLog:OPENED:c-1,f-1,i0, conf=-1: [47aecc56-7e95-480d-b89c-2c00d33b4782:192.168.69.67:34550, 1bc296c6-def6-4ae4-8c62-5b4c951a28f1:192.168.69.67:37222, bc0382cc-50e2-4d58-b2de-e8b6250f3520:192.168.69.67:37666], old=null
2019-10-18 08:20:16,794 [47aecc56-7e95-480d-b89c-2c00d33b4782@group-5EC277DF3249-LeaderElection211] INFO  impl.RaftServerImpl (RaftServerImpl.java:setRole(184)) - 47aecc56-7e95-480d-b89c-2c00d33b4782@group-5EC277DF3249: changes role from CANDIDATE to FOLLOWER at term 226 for DISCOVERED_A_NEW_TERM
2019-10-18 08:20:16,794 [47aecc56-7e95-480d-b89c-2c00d33b4782@group-5EC277DF3249-LeaderElection211] INFO  impl.RoleInfo (RoleInfo.java:shutdownLeaderElection(134)) - 47aecc56-7e95-480d-b89c-2c00d33b4782: shutdown LeaderElection
2019-10-18 08:20:16,794 [47aecc56-7e95-480d-b89c-2c00d33b4782@group-5EC277DF3249-LeaderElection211] INFO  impl.RoleInfo (RoleInfo.java:updateAndGet(143)) - 47aecc56-7e95-480d-b89c-2c00d33b4782: start FollowerState
2019-10-18 08:20:16,813 [Thread-2068] INFO  impl.FollowerState (FollowerState.java:run(108)) - 47aecc56-7e95-480d-b89c-2c00d33b4782@group-5EC277DF3249-FollowerState: change to CANDIDATE, lastRpcTime:18ms, electionTimeout:18ms
2019-10-18 08:20:16,813 [Thread-2068] INFO  impl.RoleInfo (RoleInfo.java:shutdownFollowerState(121)) - 47aecc56-7e95-480d-b89c-2c00d33b4782: shutdown FollowerState
2019-10-18 08:20:16,813 [Thread-2068] INFO  impl.RaftServerImpl (RaftServerImpl.java:setRole(184)) - 47aecc56-7e95-480d-b89c-2c00d33b4782@group-5EC277DF3249: changes role from  FOLLOWER to CANDIDATE at term 226 for changeToCandidate
2019-10-18 08:20:16,813 [Thread-2068] INFO  impl.RoleInfo (RoleInfo.java:updateAndGet(143)) - 47aecc56-7e95-480d-b89c-2c00d33b4782: start LeaderElection
2019-10-18 08:20:16,817 [47aecc56-7e95-480d-b89c-2c00d33b4782@group-5EC277DF3249-LeaderElection212] INFO  impl.LeaderElection (LeaderElection.java:askForVotes(178)) - 47aecc56-7e95-480d-b89c-2c00d33b4782@group-5EC277DF3249-LeaderElection212: begin an election at term 227 for -1: [47aecc56-7e95-480d-b89c-2c00d33b4782:192.168.69.67:34550, 1bc296c6-def6-4ae4-8c62-5b4c951a28f1:192.168.69.67:37222, bc0382cc-50e2-4d58-b2de-e8b6250f3520:192.168.69.67:37666], old=null
2019-10-18 08:20:16,819 [grpc-default-executor-3] INFO  impl.RaftServerImpl (RaftServerImpl.java:setRole(184)) - 1bc296c6-def6-4ae4-8c62-5b4c951a28f1@group-5EC277DF3249: changes role from  FOLLOWER to FOLLOWER at term 227 for recognizeCandidate:47aecc56-7e95-480d-b89c-2c00d33b4782
2019-10-18 08:20:16,819 [grpc-default-executor-3] INFO  impl.RoleInfo (RoleInfo.java:shutdownFollowerState(121)) - 1bc296c6-def6-4ae4-8c62-5b4c951a28f1: shutdown FollowerState
2019-10-18 08:20:16,819 [grpc-default-executor-7] INFO  impl.RaftServerImpl (RaftServerImpl.java:setRole(184)) - bc0382cc-50e2-4d58-b2de-e8b6250f3520@group-5EC277DF3249: changes role from  FOLLOWER to FOLLOWER at term 227 for recognizeCandidate:47aecc56-7e95-480d-b89c-2c00d33b4782
2019-10-18 08:20:16,819 [Thread-2066] INFO  impl.FollowerState (FollowerState.java:run(117)) - 1bc296c6-def6-4ae4-8c62-5b4c951a28f1@group-5EC277DF3249-FollowerState was interrupted: java.lang.InterruptedException: sleep interrupted
2019-10-18 08:20:16,819 [grpc-default-executor-3] INFO  impl.RoleInfo (RoleInfo.java:updateAndGet(143)) - 1bc296c6-def6-4ae4-8c62-5b4c951a28f1: start FollowerState
2019-10-18 08:20:16,819 [grpc-default-executor-7] INFO  impl.RoleInfo (RoleInfo.java:shutdownFollowerState(121)) - bc0382cc-50e2-4d58-b2de-e8b6250f3520: shutdown FollowerState
2019-10-18 08:20:16,820 [grpc-default-executor-7] INFO  impl.RoleInfo (RoleInfo.java:updateAndGet(143)) - bc0382cc-50e2-4d58-b2de-e8b6250f3520: start FollowerState
2019-10-18 08:20:16,820 [Thread-2067] INFO  impl.FollowerState (FollowerState.java:run(117)) - bc0382cc-50e2-4d58-b2de-e8b6250f3520@group-5EC277DF3249-FollowerState was interrupted: java.lang.InterruptedException: sleep interrupted
2019-10-18 08:20:16,833 [47aecc56-7e95-480d-b89c-2c00d33b4782@group-5EC277DF3249-LeaderElection212] INFO  impl.LeaderElection (LeaderElection.java:logAndReturn(56)) - 47aecc56-7e95-480d-b89c-2c00d33b4782@group-5EC277DF3249-LeaderElection212: Election REJECTED; received 2 response(s) [47aecc56-7e95-480d-b89c-2c00d33b4782<-1bc296c6-def6-4ae4-8c62-5b4c951a28f1#0:FAIL-t227, 47aecc56-7e95-480d-b89c-2c00d33b4782<-bc0382cc-50e2-4d58-b2de-e8b6250f3520#0:FAIL-t227] and 0 exception(s); 47aecc56-7e95-480d-b89c-2c00d33b4782@group-5EC277DF3249:t227, leader=null, voted=47aecc56-7e95-480d-b89c-2c00d33b4782, raftlog=47aecc56-7e95-480d-b89c-2c00d33b4782@group-5EC277DF3249-SegmentedRaftLog:OPENED:c-1,f-1,i0, conf=-1: [47aecc56-7e95-480d-b89c-2c00d33b4782:192.168.69.67:34550, 1bc296c6-def6-4ae4-8c62-5b4c951a28f1:192.168.69.67:37222, bc0382cc-50e2-4d58-b2de-e8b6250f3520:192.168.69.67:37666], old=null
2019-10-18 08:20:16,833 [47aecc56-7e95-480d-b89c-2c00d33b4782@group-5EC277DF3249-LeaderElection212] INFO  impl.RaftServerImpl (RaftServerImpl.java:setRole(184)) - 47aecc56-7e95-480d-b89c-2c00d33b4782@group-5EC277DF3249: changes role from CANDIDATE to FOLLOWER at term 227 for DISCOVERED_A_NEW_TERM
2019-10-18 08:20:16,833 [47aecc56-7e95-480d-b89c-2c00d33b4782@group-5EC277DF3249-LeaderElection212] INFO  impl.RoleInfo (RoleInfo.java:shutdownLeaderElection(134)) - 47aecc56-7e95-480d-b89c-2c00d33b4782: shutdown LeaderElection
2019-10-18 08:20:16,833 [47aecc56-7e95-480d-b89c-2c00d33b4782@group-5EC277DF3249-LeaderElection212] INFO  impl.RoleInfo (RoleInfo.java:updateAndGet(143)) - 47aecc56-7e95-480d-b89c-2c00d33b4782: start FollowerState
2019-10-18 08:20:16,997 [Thread-2074] INFO  impl.FollowerState (FollowerState.java:run(108)) - 47aecc56-7e95-480d-b89c-2c00d33b4782@group-5EC277DF3249-FollowerState: change to CANDIDATE, lastRpcTime:163ms, electionTimeout:163ms
2019-10-18 08:20:16,997 [Thread-2074] INFO  impl.RoleInfo (RoleInfo.java:shutdownFollowerState(121)) - 47aecc56-7e95-480d-b89c-2c00d33b4782: shutdown FollowerState
2019-10-18 08:20:16,997 [Thread-2074] INFO  impl.RaftServerImpl (RaftServerImpl.java:setRole(184)) - 47aecc56-7e95-480d-b89c-2c00d33b4782@group-5EC277DF3249: changes role from  FOLLOWER to CANDIDATE at term 227 for changeToCandidate
2019-10-18 08:20:16,997 [Thread-2074] INFO  impl.RoleInfo (RoleInfo.java:updateAndGet(143)) - 47aecc56-7e95-480d-b89c-2c00d33b4782: start LeaderElection
2019-10-18 08:20:17,010 [47aecc56-7e95-480d-b89c-2c00d33b4782@group-5EC277DF3249-LeaderElection213] INFO  impl.LeaderElection (LeaderElection.java:askForVotes(178)) - 47aecc56-7e95-480d-b89c-2c00d33b4782@group-5EC277DF3249-LeaderElection213: begin an election at term 228 for -1: [47aecc56-7e95-480d-b89c-2c00d33b4782:192.168.69.67:34550, 1bc296c6-def6-4ae4-8c62-5b4c951a28f1:192.168.69.67:37222, bc0382cc-50e2-4d58-b2de-e8b6250f3520:192.168.69.67:37666], old=null
2019-10-18 08:20:17,013 [grpc-default-executor-3] INFO  impl.RaftServerImpl (RaftServerImpl.java:setRole(184)) - 1bc296c6-def6-4ae4-8c62-5b4c951a28f1@group-5EC277DF3249: changes role from  FOLLOWER to FOLLOWER at term 228 for recognizeCandidate:47aecc56-7e95-480d-b89c-2c00d33b4782
2019-10-18 08:20:17,013 [grpc-default-executor-7] INFO  impl.RaftServerImpl (RaftServerImpl.java:setRole(184)) - bc0382cc-50e2-4d58-b2de-e8b6250f3520@group-5EC277DF3249: changes role from  FOLLOWER to FOLLOWER at term 228 for recognizeCandidate:47aecc56-7e95-480d-b89c-2c00d33b4782
2019-10-18 08:20:17,013 [grpc-default-executor-3] INFO  impl.RoleInfo (RoleInfo.java:shutdownFollowerState(121)) - 1bc296c6-def6-4ae4-8c62-5b4c951a28f1: shutdown FollowerState
2019-10-18 08:20:17,013 [grpc-default-executor-7] INFO  impl.RoleInfo (RoleInfo.java:shutdownFollowerState(121)) - bc0382cc-50e2-4d58-b2de-e8b6250f3520: shutdown FollowerState
2019-10-18 08:20:17,014 [grpc-default-executor-3] INFO  impl.RoleInfo (RoleInfo.java:updateAndGet(143)) - 1bc296c6-def6-4ae4-8c62-5b4c951a28f1: start FollowerState
2019-10-18 08:20:17,014 [Thread-2072] INFO  impl.FollowerState (FollowerState.java:run(117)) - 1bc296c6-def6-4ae4-8c62-5b4c951a28f1@group-5EC277DF3249-FollowerState was interrupted: java.lang.InterruptedException: sleep interrupted
2019-10-18 08:20:17,014 [Thread-2073] INFO  impl.FollowerState (FollowerState.java:run(117)) - bc0382cc-50e2-4d58-b2de-e8b6250f3520@group-5EC277DF3249-FollowerState was interrupted: java.lang.InterruptedException: sleep interrupted
2019-10-18 08:20:17,014 [grpc-default-executor-7] INFO  impl.RoleInfo (RoleInfo.java:updateAndGet(143)) - bc0382cc-50e2-4d58-b2de-e8b6250f3520: start FollowerState
2019-10-18 08:20:17,028 [47aecc56-7e95-480d-b89c-2c00d33b4782@group-5EC277DF3249-LeaderElection213] INFO  impl.LeaderElection (LeaderElection.java:logAndReturn(56)) - 47aecc56-7e95-480d-b89c-2c00d33b4782@group-5EC277DF3249-LeaderElection213: Election REJECTED; received 2 response(s) [47aecc56-7e95-480d-b89c-2c00d33b4782<-1bc296c6-def6-4ae4-8c62-5b4c951a28f1#0:FAIL-t228, 47aecc56-7e95-480d-b89c-2c00d33b4782<-bc0382cc-50e2-4d58-b2de-e8b6250f3520#0:FAIL-t228] and 0 exception(s); 47aecc56-7e95-480d-b89c-2c00d33b4782@group-5EC277DF3249:t228, leader=null, voted=47aecc56-7e95-480d-b89c-2c00d33b4782, raftlog=47aecc56-7e95-480d-b89c-2c00d33b4782@group-5EC277DF3249-SegmentedRaftLog:OPENED:c-1,f-1,i0, conf=-1: [47aecc56-7e95-480d-b89c-2c00d33b4782:192.168.69.67:34550, 1bc296c6-def6-4ae4-8c62-5b4c951a28f1:192.168.69.67:37222, bc0382cc-50e2-4d58-b2de-e8b6250f3520:192.168.69.67:37666], old=null
2019-10-18 08:20:17,028 [47aecc56-7e95-480d-b89c-2c00d33b4782@group-5EC277DF3249-LeaderElection213] INFO  impl.RaftServerImpl (RaftServerImpl.java:setRole(184)) - 47aecc56-7e95-480d-b89c-2c00d33b4782@group-5EC277DF3249: changes role from CANDIDATE to FOLLOWER at term 228 for DISCOVERED_A_NEW_TERM
2019-10-18 08:20:17,028 [47aecc56-7e95-480d-b89c-2c00d33b4782@group-5EC277DF3249-LeaderElection213] INFO  impl.RoleInfo (RoleInfo.java:shutdownLeaderElection(134)) - 47aecc56-7e95-480d-b89c-2c00d33b4782: shutdown LeaderElection
2019-10-18 08:20:17,028 [47aecc56-7e95-480d-b89c-2c00d33b4782@group-5EC277DF3249-LeaderElection213] INFO  impl.RoleInfo (RoleInfo.java:updateAndGet(143)) - 47aecc56-7e95-480d-b89c-2c00d33b4782: start FollowerState
 0.00% |?                                                                                                    |  0/1 Time: 0:04:252019-10-18 08:20:17,187 [Thread-2080] INFO  impl.FollowerState (FollowerState.java:run(108)) - 47aecc56-7e95-480d-b89c-2c00d33b4782@group-5EC277DF3249-FollowerState: change to CANDIDATE, lastRpcTime:158ms, electionTimeout:158ms
2019-10-18 08:20:17,187 [Thread-2080] INFO  impl.RoleInfo (RoleInfo.java:shutdownFollowerState(121)) - 47aecc56-7e95-480d-b89c-2c00d33b4782: shutdown FollowerState
2019-10-18 08:20:17,187 [Thread-2080] INFO  impl.RaftServerImpl (RaftServerImpl.java:setRole(184)) - 47aecc56-7e95-480d-b89c-2c00d33b4782@group-5EC277DF3249: changes role from  FOLLOWER to CANDIDATE at term 228 for changeToCandidate
2019-10-18 08:20:17,188 [Thread-2080] INFO  impl.RoleInfo (RoleInfo.java:updateAndGet(143)) - 47aecc56-7e95-480d-b89c-2c00d33b4782: start LeaderElection
2019-10-18 08:20:17,201 [47aecc56-7e95-480d-b89c-2c00d33b4782@group-5EC277DF3249-LeaderElection214] INFO  impl.LeaderElection (LeaderElection.java:askForVotes(178)) - 47aecc56-7e95-480d-b89c-2c00d33b4782@group-5EC277DF3249-LeaderElection214: begin an election at term 229 for -1: [47aecc56-7e95-480d-b89c-2c00d33b4782:192.168.69.67:34550, 1bc296c6-def6-4ae4-8c62-5b4c951a28f1:192.168.69.67:37222, bc0382cc-50e2-4d58-b2de-e8b6250f3520:192.168.69.67:37666], old=null
2019-10-18 08:20:17,204 [grpc-default-executor-3] INFO  impl.RaftServerImpl (RaftServerImpl.java:setRole(184)) - 1bc296c6-def6-4ae4-8c62-5b4c951a28f1@group-5EC277DF3249: changes role from  FOLLOWER to FOLLOWER at term 229 for recognizeCandidate:47aecc56-7e95-480d-b89c-2c00d33b4782
2019-10-18 08:20:17,204 [grpc-default-executor-7] INFO  impl.RaftServerImpl (RaftServerImpl.java:setRole(184)) - bc0382cc-50e2-4d58-b2de-e8b6250f3520@group-5EC277DF3249: changes role from  FOLLOWER to FOLLOWER at term 229 for recognizeCandidate:47aecc56-7e95-480d-b89c-2c00d33b4782
2019-10-18 08:20:17,204 [grpc-default-executor-3] INFO  impl.RoleInfo (RoleInfo.java:shutdownFollowerState(121)) - 1bc296c6-def6-4ae4-8c62-5b4c951a28f1: shutdown FollowerState
2019-10-18 08:20:17,204 [grpc-default-executor-7] INFO  impl.RoleInfo (RoleInfo.java:shutdownFollowerState(121)) - bc0382cc-50e2-4d58-b2de-e8b6250f3520: shutdown FollowerState
2019-10-18 08:20:17,205 [Thread-2078] INFO  impl.FollowerState (FollowerState.java:run(117)) - 1bc296c6-def6-4ae4-8c62-5b4c951a28f1@group-5EC277DF3249-FollowerState was interrupted: java.lang.InterruptedException: sleep interrupted
2019-10-18 08:20:17,205 [Thread-2079] INFO  impl.FollowerState (FollowerState.java:run(117)) - bc0382cc-50e2-4d58-b2de-e8b6250f3520@group-5EC277DF3249-FollowerState was interrupted: java.lang.InterruptedException: sleep interrupted
2019-10-18 08:20:17,205 [grpc-default-executor-3] INFO  impl.RoleInfo (RoleInfo.java:updateAndGet(143)) - 1bc296c6-def6-4ae4-8c62-5b4c951a28f1: start FollowerState
2019-10-18 08:20:17,205 [grpc-default-executor-7] INFO  impl.RoleInfo (RoleInfo.java:updateAndGet(143)) - bc0382cc-50e2-4d58-b2de-e8b6250f3520: start FollowerState
2019-10-18 08:20:17,219 [47aecc56-7e95-480d-b89c-2c00d33b4782@group-5EC277DF3249-LeaderElection214] INFO  impl.LeaderElection (LeaderElection.java:logAndReturn(56)) - 47aecc56-7e95-480d-b89c-2c00d33b4782@group-5EC277DF3249-LeaderElection214: Election REJECTED; received 2 response(s) [47aecc56-7e95-480d-b89c-2c00d33b4782<-1bc296c6-def6-4ae4-8c62-5b4c951a28f1#0:FAIL-t229, 47aecc56-7e95-480d-b89c-2c00d33b4782<-bc0382cc-50e2-4d58-b2de-e8b6250f3520#0:FAIL-t229] and 0 exception(s); 47aecc56-7e95-480d-b89c-2c00d33b4782@group-5EC277DF3249:t229, leader=null, voted=47aecc56-7e95-480d-b89c-2c00d33b4782, raftlog=47aecc56-7e95-480d-b89c-2c00d33b4782@group-5EC277DF3249-SegmentedRaftLog:OPENED:c-1,f-1,i0, conf=-1: [47aecc56-7e95-480d-b89c-2c00d33b4782:192.168.69.67:34550, 1bc296c6-def6-4ae4-8c62-5b4c951a28f1:192.168.69.67:37222, bc0382cc-50e2-4d58-b2de-e8b6250f3520:192.168.69.67:37666], old=null
2019-10-18 08:20:17,219 [47aecc56-7e95-480d-b89c-2c00d33b4782@group-5EC277DF3249-LeaderElection214] INFO  impl.RaftServerImpl (RaftServerImpl.java:setRole(184)) - 47aecc56-7e95-480d-b89c-2c00d33b4782@group-5EC277DF3249: changes role from CANDIDATE to FOLLOWER at term 229 for DISCOVERED_A_NEW_TERM
2019-10-18 08:20:17,219 [47aecc56-7e95-480d-b89c-2c00d33b4782@group-5EC277DF3249-LeaderElection214] INFO  impl.RoleInfo (RoleInfo.java:shutdownLeaderElection(134)) - 47aecc56-7e95-480d-b89c-2c00d33b4782: shutdown LeaderElection
2019-10-18 08:20:17,220 [47aecc56-7e95-480d-b89c-2c00d33b4782@group-5EC277DF3249-LeaderElection214] INFO  impl.RoleInfo (RoleInfo.java:updateAndGet(143)) - 47aecc56-7e95-480d-b89c-2c00d33b4782: start FollowerState
2019-10-18 08:20:17,344 [Thread-2086] INFO  impl.FollowerState (FollowerState.java:run(108)) - 47aecc56-7e95-480d-b89c-2c00d33b4782@group-5EC277DF3249-FollowerState: change to CANDIDATE, lastRpcTime:124ms, electionTimeout:124ms
2019-10-18 08:20:17,344 [Thread-2086] INFO  impl.RoleInfo (RoleInfo.java:shutdownFollowerState(121)) - 47aecc56-7e95-480d-b89c-2c00d33b4782: shutdown FollowerState
2019-10-18 08:20:17,344 [Thread-2086] INFO  impl.RaftServerImpl (RaftServerImpl.java:setRole(184)) - 47aecc56-7e95-480d-b89c-2c00d33b4782@group-5EC277DF3249: changes role from  FOLLOWER to CANDIDATE at term 229 for changeToCandidate
2019-10-18 08:20:17,344 [Thread-2086] INFO  impl.RoleInfo (RoleInfo.java:updateAndGet(143)) - 47aecc56-7e95-480d-b89c-2c00d33b4782: start LeaderElection
2019-10-18 08:20:17,357 [47aecc56-7e95-480d-b89c-2c00d33b4782@group-5EC277DF3249-LeaderElection215] INFO  impl.LeaderElection (LeaderElection.java:askForVotes(178)) - 47aecc56-7e95-480d-b89c-2c00d33b4782@group-5EC277DF3249-LeaderElection215: begin an election at term 230 for -1: [47aecc56-7e95-480d-b89c-2c00d33b4782:192.168.69.67:34550, 1bc296c6-def6-4ae4-8c62-5b4c951a28f1:192.168.69.67:37222, bc0382cc-50e2-4d58-b2de-e8b6250f3520:192.168.69.67:37666], old=null
2019-10-18 08:20:17,359 [grpc-default-executor-7] INFO  impl.RaftServerImpl (RaftServerImpl.java:setRole(184)) - bc0382cc-50e2-4d58-b2de-e8b6250f3520@group-5EC277DF3249: changes role from  FOLLOWER to FOLLOWER at term 230 for recognizeCandidate:47aecc56-7e95-480d-b89c-2c00d33b4782
2019-10-18 08:20:17,359 [grpc-default-executor-3] INFO  impl.RaftServerImpl (RaftServerImpl.java:setRole(184)) - 1bc296c6-def6-4ae4-8c62-5b4c951a28f1@group-5EC277DF3249: changes role from  FOLLOWER to FOLLOWER at term 230 for recognizeCandidate:47aecc56-7e95-480d-b89c-2c00d33b4782
2019-10-18 08:20:17,360 [grpc-default-executor-3] INFO  impl.RoleInfo (RoleInfo.java:shutdownFollowerState(121)) - 1bc296c6-def6-4ae4-8c62-5b4c951a28f1: shutdown FollowerState
2019-10-18 08:20:17,360 [grpc-default-executor-7] INFO  impl.RoleInfo (RoleInfo.java:shutdownFollowerState(121)) - bc0382cc-50e2-4d58-b2de-e8b6250f3520: shutdown FollowerState
2019-10-18 08:20:17,360 [Thread-2084] INFO  impl.FollowerState (FollowerState.java:run(117)) - 1bc296c6-def6-4ae4-8c62-5b4c951a28f1@group-5EC277DF3249-FollowerState was interrupted: java.lang.InterruptedException: sleep interrupted
2019-10-18 08:20:17,360 [Thread-2085] INFO  impl.FollowerState (FollowerState.java:run(117)) - bc0382cc-50e2-4d58-b2de-e8b6250f3520@group-5EC277DF3249-FollowerState was interrupted: java.lang.InterruptedException: sleep interrupted
2019-10-18 08:20:17,360 [grpc-default-executor-3] INFO  impl.RoleInfo (RoleInfo.java:updateAndGet(143)) - 1bc296c6-def6-4ae4-8c62-5b4c951a28f1: start FollowerState
2019-10-18 08:20:17,360 [grpc-default-executor-7] INFO  impl.RoleInfo (RoleInfo.java:updateAndGet(143)) - bc0382cc-50e2-4d58-b2de-e8b6250f3520: start FollowerState
2019-10-18 08:20:17,386 [47aecc56-7e95-480d-b89c-2c00d33b4782@group-5EC277DF3249-LeaderElection215] INFO  impl.LeaderElection (LeaderElection.java:logAndReturn(56)) - 47aecc56-7e95-480d-b89c-2c00d33b4782@group-5EC277DF3249-LeaderElection215: Election REJECTED; received 2 response(s) [47aecc56-7e95-480d-b89c-2c00d33b4782<-1bc296c6-def6-4ae4-8c62-5b4c951a28f1#0:FAIL-t230, 47aecc56-7e95-480d-b89c-2c00d33b4782<-bc0382cc-50e2-4d58-b2de-e8b6250f3520#0:FAIL-t230] and 0 exception(s); 47aecc56-7e95-480d-b89c-2c00d33b4782@group-5EC277DF3249:t230, leader=null, voted=47aecc56-7e95-480d-b89c-2c00d33b4782, raftlog=47aecc56-7e95-480d-b89c-2c00d33b4782@group-5EC277DF3249-SegmentedRaftLog:OPENED:c-1,f-1,i0, conf=-1: [47aecc56-7e95-480d-b89c-2c00d33b4782:192.168.69.67:34550, 1bc296c6-def6-4ae4-8c62-5b4c951a28f1:192.168.69.67:37222, bc0382cc-50e2-4d58-b2de-e8b6250f3520:192.168.69.67:37666], old=null
2019-10-18 08:20:17,386 [47aecc56-7e95-480d-b89c-2c00d33b4782@group-5EC277DF3249-LeaderElection215] INFO  impl.RaftServerImpl (RaftServerImpl.java:setRole(184)) - 47aecc56-7e95-480d-b89c-2c00d33b4782@group-5EC277DF3249: changes role from CANDIDATE to FOLLOWER at term 230 for DISCOVERED_A_NEW_TERM
2019-10-18 08:20:17,386 [47aecc56-7e95-480d-b89c-2c00d33b4782@group-5EC277DF3249-LeaderElection215] INFO  impl.RoleInfo (RoleInfo.java:shutdownLeaderElection(134)) - 47aecc56-7e95-480d-b89c-2c00d33b4782: shutdown LeaderElection
2019-10-18 08:20:17,386 [47aecc56-7e95-480d-b89c-2c00d33b4782@group-5EC277DF3249-LeaderElection215] INFO  impl.RoleInfo (RoleInfo.java:updateAndGet(143)) - 47aecc56-7e95-480d-b89c-2c00d33b4782: start FollowerState
2019-10-18 08:20:17,530 [Thread-2092] INFO  impl.FollowerState (FollowerState.java:run(108)) - 47aecc56-7e95-480d-b89c-2c00d33b4782@group-5EC277DF3249-FollowerState: change to CANDIDATE, lastRpcTime:143ms, electionTimeout:143ms
2019-10-18 08:20:17,530 [Thread-2092] INFO  impl.RoleInfo (RoleInfo.java:shutdownFollowerState(121)) - 47aecc56-7e95-480d-b89c-2c00d33b4782: shutdown FollowerState
2019-10-18 08:20:17,530 [Thread-2092] INFO  impl.RaftServerImpl (RaftServerImpl.java:setRole(184)) - 47aecc56-7e95-480d-b89c-2c00d33b4782@group-5EC277DF3249: changes role from  FOLLOWER to CANDIDATE at term 230 for changeToCandidate
2019-10-18 08:20:17,530 [Thread-2092] INFO  impl.RoleInfo (RoleInfo.java:updateAndGet(143)) - 47aecc56-7e95-480d-b89c-2c00d33b4782: start LeaderElection
2019-10-18 08:20:17,544 [47aecc56-7e95-480d-b89c-2c00d33b4782@group-5EC277DF3249-LeaderElection216] INFO  impl.LeaderElection (LeaderElection.java:askForVotes(178)) - 47aecc56-7e95-480d-b89c-2c00d33b4782@group-5EC277DF3249-LeaderElection216: begin an election at term 231 for -1: [47aecc56-7e95-480d-b89c-2c00d33b4782:192.168.69.67:34550, 1bc296c6-def6-4ae4-8c62-5b4c951a28f1:192.168.69.67:37222, bc0382cc-50e2-4d58-b2de-e8b6250f3520:192.168.69.67:37666], old=null
2019-10-18 08:20:17,547 [grpc-default-executor-7] INFO  impl.RaftServerImpl (RaftServerImpl.java:setRole(184)) - 1bc296c6-def6-4ae4-8c62-5b4c951a28f1@group-5EC277DF3249: changes role from  FOLLOWER to FOLLOWER at term 231 for recognizeCandidate:47aecc56-7e95-480d-b89c-2c00d33b4782
2019-10-18 08:20:17,547 [grpc-default-executor-7] INFO  impl.RoleInfo (RoleInfo.java:shutdownFollowerState(121)) - 1bc296c6-def6-4ae4-8c62-5b4c951a28f1: shutdown FollowerState
2019-10-18 08:20:17,547 [grpc-default-executor-3] INFO  impl.RaftServerImpl (RaftServerImpl.java:setRole(184)) - bc0382cc-50e2-4d58-b2de-e8b6250f3520@group-5EC277DF3249: changes role from  FOLLOWER to FOLLOWER at term 231 for recognizeCandidate:47aecc56-7e95-480d-b89c-2c00d33b4782
2019-10-18 08:20:17,547 [grpc-default-executor-3] INFO  impl.RoleInfo (RoleInfo.java:shutdownFollowerState(121)) - bc0382cc-50e2-4d58-b2de-e8b6250f3520: shutdown FollowerState
2019-10-18 08:20:17,547 [Thread-2090] INFO  impl.FollowerState (FollowerState.java:run(117)) - 1bc296c6-def6-4ae4-8c62-5b4c951a28f1@group-5EC277DF3249-FollowerState was interrupted: java.lang.InterruptedException: sleep interrupted
2019-10-18 08:20:17,547 [grpc-default-executor-7] INFO  impl.RoleInfo (RoleInfo.java:updateAndGet(143)) - 1bc296c6-def6-4ae4-8c62-5b4c951a28f1: start FollowerState
2019-10-18 08:20:17,548 [Thread-2091] INFO  impl.FollowerState (FollowerState.java:run(117)) - bc0382cc-50e2-4d58-b2de-e8b6250f3520@group-5EC277DF3249-FollowerState was interrupted: java.lang.InterruptedException: sleep interrupted
2019-10-18 08:20:17,548 [grpc-default-executor-3] INFO  impl.RoleInfo (RoleInfo.java:updateAndGet(143)) - bc0382cc-50e2-4d58-b2de-e8b6250f3520: start FollowerState
2019-10-18 08:20:17,562 [47aecc56-7e95-480d-b89c-2c00d33b4782@group-5EC277DF3249-LeaderElection216] INFO  impl.LeaderElection (LeaderElection.java:logAndReturn(56)) - 47aecc56-7e95-480d-b89c-2c00d33b4782@group-5EC277DF3249-LeaderElection216: Election REJECTED; received 2 response(s) [47aecc56-7e95-480d-b89c-2c00d33b4782<-1bc296c6-def6-4ae4-8c62-5b4c951a28f1#0:FAIL-t231, 47aecc56-7e95-480d-b89c-2c00d33b4782<-bc0382cc-50e2-4d58-b2de-e8b6250f3520#0:FAIL-t231] and 0 exception(s); 47aecc56-7e95-480d-b89c-2c00d33b4782@group-5EC277DF3249:t231, leader=null, voted=47aecc56-7e95-480d-b89c-2c00d33b4782, raftlog=47aecc56-7e95-480d-b89c-2c00d33b4782@group-5EC277DF3249-SegmentedRaftLog:OPENED:c-1,f-1,i0, conf=-1: [47aecc56-7e95-480d-b89c-2c00d33b4782:192.168.69.67:34550, 1bc296c6-def6-4ae4-8c62-5b4c951a28f1:192.168.69.67:37222, bc0382cc-50e2-4d58-b2de-e8b6250f3520:192.168.69.67:37666], old=null
2019-10-18 08:20:17,562 [47aecc56-7e95-480d-b89c-2c00d33b4782@group-5EC277DF3249-LeaderElection216] INFO  impl.RaftServerImpl (RaftServerImpl.java:setRole(184)) - 47aecc56-7e95-480d-b89c-2c00d33b4782@group-5EC277DF3249: changes role from CANDIDATE to FOLLOWER at term 231 for DISCOVERED_A_NEW_TERM
2019-10-18 08:20:17,562 [47aecc56-7e95-480d-b89c-2c00d33b4782@group-5EC277DF3249-LeaderElection216] INFO  impl.RoleInfo (RoleInfo.java:shutdownLeaderElection(134)) - 47aecc56-7e95-480d-b89c-2c00d33b4782: shutdown LeaderElection
2019-10-18 08:20:17,562 [47aecc56-7e95-480d-b89c-2c00d33b4782@group-5EC277DF3249-LeaderElection216] INFO  impl.RoleInfo (RoleInfo.java:updateAndGet(143)) - 47aecc56-7e95-480d-b89c-2c00d33b4782: start FollowerState
2019-10-18 08:20:17,584 [Thread-2098] INFO  impl.FollowerState (FollowerState.java:run(108)) - 47aecc56-7e95-480d-b89c-2c00d33b4782@group-5EC277DF3249-FollowerState: change to CANDIDATE, lastRpcTime:21ms, electionTimeout:21ms
2019-10-18 08:20:17,584 [Thread-2098] INFO  impl.RoleInfo (RoleInfo.java:shutdownFollowerState(121)) - 47aecc56-7e95-480d-b89c-2c00d33b4782: shutdown FollowerState
2019-10-18 08:20:17,584 [Thread-2098] INFO  impl.RaftServerImpl (RaftServerImpl.java:setRole(184)) - 47aecc56-7e95-480d-b89c-2c00d33b4782@group-5EC277DF3249: changes role from  FOLLOWER to CANDIDATE at term 231 for changeToCandidate
2019-10-18 08:20:17,584 [Thread-2098] INFO  impl.RoleInfo (RoleInfo.java:updateAndGet(143)) - 47aecc56-7e95-480d-b89c-2c00d33b4782: start LeaderElection
2019-10-18 08:20:17,597 [47aecc56-7e95-480d-b89c-2c00d33b4782@group-5EC277DF3249-LeaderElection217] INFO  impl.LeaderElection (LeaderElection.java:askForVotes(178)) - 47aecc56-7e95-480d-b89c-2c00d33b4782@group-5EC277DF3249-LeaderElection217: begin an election at term 232 for -1: [47aecc56-7e95-480d-b89c-2c00d33b4782:192.168.69.67:34550, 1bc296c6-def6-4ae4-8c62-5b4c951a28f1:192.168.69.67:37222, bc0382cc-50e2-4d58-b2de-e8b6250f3520:192.168.69.67:37666], old=null
2019-10-18 08:20:17,598 [grpc-default-executor-3] INFO  impl.RaftServerImpl (RaftServerImpl.java:setRole(184)) - 1bc296c6-def6-4ae4-8c62-5b4c951a28f1@group-5EC277DF3249: changes role from  FOLLOWER to FOLLOWER at term 232 for recognizeCandidate:47aecc56-7e95-480d-b89c-2c00d33b4782
2019-10-18 08:20:17,599 [grpc-default-executor-3] INFO  impl.RoleInfo (RoleInfo.java:shutdownFollowerState(121)) - 1bc296c6-def6-4ae4-8c62-5b4c951a28f1: shutdown FollowerState
2019-10-18 08:20:17,599 [grpc-default-executor-3] INFO  impl.RoleInfo (RoleInfo.java:updateAndGet(143)) - 1bc296c6-def6-4ae4-8c62-5b4c951a28f1: start FollowerState
2019-10-18 08:20:17,599 [Thread-2096] INFO  impl.FollowerState (FollowerState.java:run(117)) - 1bc296c6-def6-4ae4-8c62-5b4c951a28f1@group-5EC277DF3249-FollowerState was interrupted: java.lang.InterruptedException: sleep interrupted
2019-10-18 08:20:17,599 [grpc-default-executor-7] INFO  impl.RaftServerImpl (RaftServerImpl.java:setRole(184)) - bc0382cc-50e2-4d58-b2de-e8b6250f3520@group-5EC277DF3249: changes role from  FOLLOWER to FOLLOWER at term 232 for recognizeCandidate:47aecc56-7e95-480d-b89c-2c00d33b4782
2019-10-18 08:20:17,599 [grpc-default-executor-7] INFO  impl.RoleInfo (RoleInfo.java:shutdownFollowerState(121)) - bc0382cc-50e2-4d58-b2de-e8b6250f3520: shutdown FollowerState
2019-10-18 08:20:17,599 [grpc-default-executor-7] INFO  impl.RoleInfo (RoleInfo.java:updateAndGet(143)) - bc0382cc-50e2-4d58-b2de-e8b6250f3520: start FollowerState
2019-10-18 08:20:17,599 [Thread-2097] INFO  impl.FollowerState (FollowerState.java:run(117)) - bc0382cc-50e2-4d58-b2de-e8b6250f3520@group-5EC277DF3249-FollowerState was interrupted: java.lang.InterruptedException: sleep interrupted
2019-10-18 08:20:17,613 [47aecc56-7e95-480d-b89c-2c00d33b4782@group-5EC277DF3249-LeaderElection217] INFO  impl.LeaderElection (LeaderElection.java:logAndReturn(56)) - 47aecc56-7e95-480d-b89c-2c00d33b4782@group-5EC277DF3249-LeaderElection217: Election REJECTED; received 2 response(s) [47aecc56-7e95-480d-b89c-2c00d33b4782<-1bc296c6-def6-4ae4-8c62-5b4c951a28f1#0:FAIL-t232, 47aecc56-7e95-480d-b89c-2c00d33b4782<-bc0382cc-50e2-4d58-b2de-e8b6250f3520#0:FAIL-t232] and 0 exception(s); 47aecc56-7e95-480d-b89c-2c00d33b4782@group-5EC277DF3249:t232, leader=null, voted=47aecc56-7e95-480d-b89c-2c00d33b4782, raftlog=47aecc56-7e95-480d-b89c-2c00d33b4782@group-5EC277DF3249-SegmentedRaftLog:OPENED:c-1,f-1,i0, conf=-1: [47aecc56-7e95-480d-b89c-2c00d33b4782:192.168.69.67:34550, 1bc296c6-def6-4ae4-8c62-5b4c951a28f1:192.168.69.67:37222, bc0382cc-50e2-4d58-b2de-e8b6250f3520:192.168.69.67:37666], old=null
2019-10-18 08:20:17,613 [47aecc56-7e95-480d-b89c-2c00d33b4782@group-5EC277DF3249-LeaderElection217] INFO  impl.RaftServerImpl (RaftServerImpl.java:setRole(184)) - 47aecc56-7e95-480d-b89c-2c00d33b4782@group-5EC277DF3249: changes role from CANDIDATE to FOLLOWER at term 232 for DISCOVERED_A_NEW_TERM
2019-10-18 08:20:17,613 [47aecc56-7e95-480d-b89c-2c00d33b4782@group-5EC277DF3249-LeaderElection217] INFO  impl.RoleInfo (RoleInfo.java:shutdownLeaderElection(134)) - 47aecc56-7e95-480d-b89c-2c00d33b4782: shutdown LeaderElection
2019-10-18 08:20:17,613 [47aecc56-7e95-480d-b89c-2c00d33b4782@group-5EC277DF3249-LeaderElection217] INFO  impl.RoleInfo (RoleInfo.java:updateAndGet(143)) - 47aecc56-7e95-480d-b89c-2c00d33b4782: start FollowerState
2019-10-18 08:20:17,628 [Thread-2104] INFO  impl.FollowerState (FollowerState.java:run(108)) - 47aecc56-7e95-480d-b89c-2c00d33b4782@group-5EC277DF3249-FollowerState: change to CANDIDATE, lastRpcTime:14ms, electionTimeout:14ms
2019-10-18 08:20:17,628 [Thread-2104] INFO  impl.RoleInfo (RoleInfo.java:shutdownFollowerState(121)) - 47aecc56-7e95-480d-b89c-2c00d33b4782: shutdown FollowerState
2019-10-18 08:20:17,628 [Thread-2104] INFO  impl.RaftServerImpl (RaftServerImpl.java:setRole(184)) - 47aecc56-7e95-480d-b89c-2c00d33b4782@group-5EC277DF3249: changes role from  FOLLOWER to CANDIDATE at term 232 for changeToCandidate
2019-10-18 08:20:17,628 [Thread-2104] INFO  impl.RoleInfo (RoleInfo.java:updateAndGet(143)) - 47aecc56-7e95-480d-b89c-2c00d33b4782: start LeaderElection
2019-10-18 08:20:17,640 [47aecc56-7e95-480d-b89c-2c00d33b4782@group-5EC277DF3249-LeaderElection218] INFO  impl.LeaderElection (LeaderElection.java:askForVotes(178)) - 47aecc56-7e95-480d-b89c-2c00d33b4782@group-5EC277DF3249-LeaderElection218: begin an election at term 233 for -1: [47aecc56-7e95-480d-b89c-2c00d33b4782:192.168.69.67:34550, 1bc296c6-def6-4ae4-8c62-5b4c951a28f1:192.168.69.67:37222, bc0382cc-50e2-4d58-b2de-e8b6250f3520:192.168.69.67:37666], old=null
2019-10-18 08:20:17,642 [grpc-default-executor-3] INFO  impl.RaftServerImpl (RaftServerImpl.java:setRole(184)) - 1bc296c6-def6-4ae4-8c62-5b4c951a28f1@group-5EC277DF3249: changes role from  FOLLOWER to FOLLOWER at term 233 for recognizeCandidate:47aecc56-7e95-480d-b89c-2c00d33b4782
2019-10-18 08:20:17,642 [grpc-default-executor-3] INFO  impl.RoleInfo (RoleInfo.java:shutdownFollowerState(121)) - 1bc296c6-def6-4ae4-8c62-5b4c951a28f1: shutdown FollowerState
2019-10-18 08:20:17,642 [grpc-default-executor-7] INFO  impl.RaftServerImpl (RaftServerImpl.java:setRole(184)) - bc0382cc-50e2-4d58-b2de-e8b6250f3520@group-5EC277DF3249: changes role from  FOLLOWER to FOLLOWER at term 233 for recognizeCandidate:47aecc56-7e95-480d-b89c-2c00d33b4782
2019-10-18 08:20:17,642 [grpc-default-executor-3] INFO  impl.RoleInfo (RoleInfo.java:updateAndGet(143)) - 1bc296c6-def6-4ae4-8c62-5b4c951a28f1: start FollowerState
2019-10-18 08:20:17,642 [Thread-2102] INFO  impl.FollowerState (FollowerState.java:run(117)) - 1bc296c6-def6-4ae4-8c62-5b4c951a28f1@group-5EC277DF3249-FollowerState was interrupted: java.lang.InterruptedException: sleep interrupted
2019-10-18 08:20:17,642 [grpc-default-executor-7] INFO  impl.RoleInfo (RoleInfo.java:shutdownFollowerState(121)) - bc0382cc-50e2-4d58-b2de-e8b6250f3520: shutdown FollowerState
2019-10-18 08:20:17,643 [grpc-default-executor-7] INFO  impl.RoleInfo (RoleInfo.java:updateAndGet(143)) - bc0382cc-50e2-4d58-b2de-e8b6250f3520: start FollowerState
2019-10-18 08:20:17,643 [Thread-2103] INFO  impl.FollowerState (FollowerState.java:run(117)) - bc0382cc-50e2-4d58-b2de-e8b6250f3520@group-5EC277DF3249-FollowerState was interrupted: java.lang.InterruptedException: sleep interrupted
2019-10-18 08:20:17,657 [47aecc56-7e95-480d-b89c-2c00d33b4782@group-5EC277DF3249-LeaderElection218] INFO  impl.LeaderElection (LeaderElection.java:logAndReturn(56)) - 47aecc56-7e95-480d-b89c-2c00d33b4782@group-5EC277DF3249-LeaderElection218: Election REJECTED; received 2 response(s) [47aecc56-7e95-480d-b89c-2c00d33b4782<-1bc296c6-def6-4ae4-8c62-5b4c951a28f1#0:FAIL-t233, 47aecc56-7e95-480d-b89c-2c00d33b4782<-bc0382cc-50e2-4d58-b2de-e8b6250f3520#0:FAIL-t233] and 0 exception(s); 47aecc56-7e95-480d-b89c-2c00d33b4782@group-5EC277DF3249:t233, leader=null, voted=47aecc56-7e95-480d-b89c-2c00d33b4782, raftlog=47aecc56-7e95-480d-b89c-2c00d33b4782@group-5EC277DF3249-SegmentedRaftLog:OPENED:c-1,f-1,i0, conf=-1: [47aecc56-7e95-480d-b89c-2c00d33b4782:192.168.69.67:34550, 1bc296c6-def6-4ae4-8c62-5b4c951a28f1:192.168.69.67:37222, bc0382cc-50e2-4d58-b2de-e8b6250f3520:192.168.69.67:37666], old=null
2019-10-18 08:20:17,657 [47aecc56-7e95-480d-b89c-2c00d33b4782@group-5EC277DF3249-LeaderElection218] INFO  impl.RaftServerImpl (RaftServerImpl.java:setRole(184)) - 47aecc56-7e95-480d-b89c-2c00d33b4782@group-5EC277DF3249: changes role from CANDIDATE to FOLLOWER at term 233 for DISCOVERED_A_NEW_TERM
2019-10-18 08:20:17,657 [47aecc56-7e95-480d-b89c-2c00d33b4782@group-5EC277DF3249-LeaderElection218] INFO  impl.RoleInfo (RoleInfo.java:shutdownLeaderElection(134)) - 47aecc56-7e95-480d-b89c-2c00d33b4782: shutdown LeaderElection
2019-10-18 08:20:17,657 [47aecc56-7e95-480d-b89c-2c00d33b4782@group-5EC277DF3249-LeaderElection218] INFO  impl.RoleInfo (RoleInfo.java:updateAndGet(143)) - 47aecc56-7e95-480d-b89c-2c00d33b4782: start FollowerState
2019-10-18 08:20:17,763 [Thread-2110] INFO  impl.FollowerState (FollowerState.java:run(108)) - 47aecc56-7e95-480d-b89c-2c00d33b4782@group-5EC277DF3249-FollowerState: change to CANDIDATE, lastRpcTime:106ms, electionTimeout:106ms
2019-10-18 08:20:17,763 [Thread-2110] INFO  impl.RoleInfo (RoleInfo.java:shutdownFollowerState(121)) - 47aecc56-7e95-480d-b89c-2c00d33b4782: shutdown FollowerState
2019-10-18 08:20:17,764 [Thread-2110] INFO  impl.RaftServerImpl (RaftServerImpl.java:setRole(184)) - 47aecc56-7e95-480d-b89c-2c00d33b4782@group-5EC277DF3249: changes role from  FOLLOWER to CANDIDATE at term 233 for changeToCandidate
2019-10-18 08:20:17,764 [Thread-2110] INFO  impl.RoleInfo (RoleInfo.java:updateAndGet(143)) - 47aecc56-7e95-480d-b89c-2c00d33b4782: start LeaderElection
2019-10-18 08:20:17,777 [47aecc56-7e95-480d-b89c-2c00d33b4782@group-5EC277DF3249-LeaderElection219] INFO  impl.LeaderElection (LeaderElection.java:askForVotes(178)) - 47aecc56-7e95-480d-b89c-2c00d33b4782@group-5EC277DF3249-LeaderElection219: begin an election at term 234 for -1: [47aecc56-7e95-480d-b89c-2c00d33b4782:192.168.69.67:34550, 1bc296c6-def6-4ae4-8c62-5b4c951a28f1:192.168.69.67:37222, bc0382cc-50e2-4d58-b2de-e8b6250f3520:192.168.69.67:37666], old=null
2019-10-18 08:20:17,779 [grpc-default-executor-7] INFO  impl.RaftServerImpl (RaftServerImpl.java:setRole(184)) - 1bc296c6-def6-4ae4-8c62-5b4c951a28f1@group-5EC277DF3249: changes role from  FOLLOWER to FOLLOWER at term 234 for recognizeCandidate:47aecc56-7e95-480d-b89c-2c00d33b4782
2019-10-18 08:20:17,779 [grpc-default-executor-7] INFO  impl.RoleInfo (RoleInfo.java:shutdownFollowerState(121)) - 1bc296c6-def6-4ae4-8c62-5b4c951a28f1: shutdown FollowerState
2019-10-18 08:20:17,779 [grpc-default-executor-7] INFO  impl.RoleInfo (RoleInfo.java:updateAndGet(143)) - 1bc296c6-def6-4ae4-8c62-5b4c951a28f1: start FollowerState
2019-10-18 08:20:17,779 [grpc-default-executor-3] INFO  impl.RaftServerImpl (RaftServerImpl.java:setRole(184)) - bc0382cc-50e2-4d58-b2de-e8b6250f3520@group-5EC277DF3249: changes role from  FOLLOWER to FOLLOWER at term 234 for recognizeCandidate:47aecc56-7e95-480d-b89c-2c00d33b4782
2019-10-18 08:20:17,779 [Thread-2108] INFO  impl.FollowerState (FollowerState.java:run(117)) - 1bc296c6-def6-4ae4-8c62-5b4c951a28f1@group-5EC277DF3249-FollowerState was interrupted: java.lang.InterruptedException: sleep interrupted
2019-10-18 08:20:17,779 [grpc-default-executor-3] INFO  impl.RoleInfo (RoleInfo.java:shutdownFollowerState(121)) - bc0382cc-50e2-4d58-b2de-e8b6250f3520: shutdown FollowerState
2019-10-18 08:20:17,780 [grpc-default-executor-3] INFO  impl.RoleInfo (RoleInfo.java:updateAndGet(143)) - bc0382cc-50e2-4d58-b2de-e8b6250f3520: start FollowerState
2019-10-18 08:20:17,780 [Thread-2109] INFO  impl.FollowerState (FollowerState.java:run(117)) - bc0382cc-50e2-4d58-b2de-e8b6250f3520@group-5EC277DF3249-FollowerState was interrupted: java.lang.InterruptedException: sleep interrupted
2019-10-18 08:20:17,793 [47aecc56-7e95-480d-b89c-2c00d33b4782@group-5EC277DF3249-LeaderElection219] INFO  impl.LeaderElection (LeaderElection.java:logAndReturn(56)) - 47aecc56-7e95-480d-b89c-2c00d33b4782@group-5EC277DF3249-LeaderElection219: Election REJECTED; received 2 response(s) [47aecc56-7e95-480d-b89c-2c00d33b4782<-1bc296c6-def6-4ae4-8c62-5b4c951a28f1#0:FAIL-t234, 47aecc56-7e95-480d-b89c-2c00d33b4782<-bc0382cc-50e2-4d58-b2de-e8b6250f3520#0:FAIL-t234] and 0 exception(s); 47aecc56-7e95-480d-b89c-2c00d33b4782@group-5EC277DF3249:t234, leader=null, voted=47aecc56-7e95-480d-b89c-2c00d33b4782, raftlog=47aecc56-7e95-480d-b89c-2c00d33b4782@group-5EC277DF3249-SegmentedRaftLog:OPENED:c-1,f-1,i0, conf=-1: [47aecc56-7e95-480d-b89c-2c00d33b4782:192.168.69.67:34550, 1bc296c6-def6-4ae4-8c62-5b4c951a28f1:192.168.69.67:37222, bc0382cc-50e2-4d58-b2de-e8b6250f3520:192.168.69.67:37666], old=null
2019-10-18 08:20:17,793 [47aecc56-7e95-480d-b89c-2c00d33b4782@group-5EC277DF3249-LeaderElection219] INFO  impl.RaftServerImpl (RaftServerImpl.java:setRole(184)) - 47aecc56-7e95-480d-b89c-2c00d33b4782@group-5EC277DF3249: changes role from CANDIDATE to FOLLOWER at term 234 for DISCOVERED_A_NEW_TERM
2019-10-18 08:20:17,793 [47aecc56-7e95-480d-b89c-2c00d33b4782@group-5EC277DF3249-LeaderElection219] INFO  impl.RoleInfo (RoleInfo.java:shutdownLeaderElection(134)) - 47aecc56-7e95-480d-b89c-2c00d33b4782: shutdown LeaderElection
2019-10-18 08:20:17,794 [47aecc56-7e95-480d-b89c-2c00d33b4782@group-5EC277DF3249-LeaderElection219] INFO  impl.RoleInfo (RoleInfo.java:updateAndGet(143)) - 47aecc56-7e95-480d-b89c-2c00d33b4782: start FollowerState
2019-10-18 08:20:17,871 [Thread-2116] INFO  impl.FollowerState (FollowerState.java:run(108)) - 47aecc56-7e95-480d-b89c-2c00d33b4782@group-5EC277DF3249-FollowerState: change to CANDIDATE, lastRpcTime:77ms, electionTimeout:77ms
2019-10-18 08:20:17,871 [Thread-2116] INFO  impl.RoleInfo (RoleInfo.java:shutdownFollowerState(121)) - 47aecc56-7e95-480d-b89c-2c00d33b4782: shutdown FollowerState
2019-10-18 08:20:17,871 [Thread-2116] INFO  impl.RaftServerImpl (RaftServerImpl.java:setRole(184)) - 47aecc56-7e95-480d-b89c-2c00d33b4782@group-5EC277DF3249: changes role from  FOLLOWER to CANDIDATE at term 234 for changeToCandidate
2019-10-18 08:20:17,871 [Thread-2116] INFO  impl.RoleInfo (RoleInfo.java:updateAndGet(143)) - 47aecc56-7e95-480d-b89c-2c00d33b4782: start LeaderElection
2019-10-18 08:20:17,885 [47aecc56-7e95-480d-b89c-2c00d33b4782@group-5EC277DF3249-LeaderElection220] INFO  impl.LeaderElection (LeaderElection.java:askForVotes(178)) - 47aecc56-7e95-480d-b89c-2c00d33b4782@group-5EC277DF3249-LeaderElection220: begin an election at term 235 for -1: [47aecc56-7e95-480d-b89c-2c00d33b4782:192.168.69.67:34550, 1bc296c6-def6-4ae4-8c62-5b4c951a28f1:192.168.69.67:37222, bc0382cc-50e2-4d58-b2de-e8b6250f3520:192.168.69.67:37666], old=null
2019-10-18 08:20:17,886 [grpc-default-executor-3] INFO  impl.RaftServerImpl (RaftServerImpl.java:setRole(184)) - 1bc296c6-def6-4ae4-8c62-5b4c951a28f1@group-5EC277DF3249: changes role from  FOLLOWER to FOLLOWER at term 235 for recognizeCandidate:47aecc56-7e95-480d-b89c-2c00d33b4782
2019-10-18 08:20:17,886 [grpc-default-executor-3] INFO  impl.RoleInfo (RoleInfo.java:shutdownFollowerState(121)) - 1bc296c6-def6-4ae4-8c62-5b4c951a28f1: shutdown FollowerState
2019-10-18 08:20:17,886 [grpc-default-executor-7] INFO  impl.RaftServerImpl (RaftServerImpl.java:setRole(184)) - bc0382cc-50e2-4d58-b2de-e8b6250f3520@group-5EC277DF3249: changes role from  FOLLOWER to FOLLOWER at term 235 for recognizeCandidate:47aecc56-7e95-480d-b89c-2c00d33b4782
2019-10-18 08:20:17,887 [Thread-2114] INFO  impl.FollowerState (FollowerState.java:run(117)) - 1bc296c6-def6-4ae4-8c62-5b4c951a28f1@group-5EC277DF3249-FollowerState was interrupted: java.lang.InterruptedException: sleep interrupted
2019-10-18 08:20:17,887 [grpc-default-executor-3] INFO  impl.RoleInfo (RoleInfo.java:updateAndGet(143)) - 1bc296c6-def6-4ae4-8c62-5b4c951a28f1: start FollowerState
2019-10-18 08:20:17,887 [grpc-default-executor-7] INFO  impl.RoleInfo (RoleInfo.java:shutdownFollowerState(121)) - bc0382cc-50e2-4d58-b2de-e8b6250f3520: shutdown FollowerState
2019-10-18 08:20:17,887 [grpc-default-executor-7] INFO  impl.RoleInfo (RoleInfo.java:updateAndGet(143)) - bc0382cc-50e2-4d58-b2de-e8b6250f3520: start FollowerState
2019-10-18 08:20:17,887 [Thread-2115] INFO  impl.FollowerState (FollowerState.java:run(117)) - bc0382cc-50e2-4d58-b2de-e8b6250f3520@group-5EC277DF3249-FollowerState was interrupted: java.lang.InterruptedException: sleep interrupted
2019-10-18 08:20:17,909 [47aecc56-7e95-480d-b89c-2c00d33b4782@group-5EC277DF3249-LeaderElection220] INFO  impl.LeaderElection (LeaderElection.java:logAndReturn(56)) - 47aecc56-7e95-480d-b89c-2c00d33b4782@group-5EC277DF3249-LeaderElection220: Election REJECTED; received 2 response(s) [47aecc56-7e95-480d-b89c-2c00d33b4782<-1bc296c6-def6-4ae4-8c62-5b4c951a28f1#0:FAIL-t235, 47aecc56-7e95-480d-b89c-2c00d33b4782<-bc0382cc-50e2-4d58-b2de-e8b6250f3520#0:FAIL-t235] and 0 exception(s); 47aecc56-7e95-480d-b89c-2c00d33b4782@group-5EC277DF3249:t235, leader=null, voted=47aecc56-7e95-480d-b89c-2c00d33b4782, raftlog=47aecc56-7e95-480d-b89c-2c00d33b4782@group-5EC277DF3249-SegmentedRaftLog:OPENED:c-1,f-1,i0, conf=-1: [47aecc56-7e95-480d-b89c-2c00d33b4782:192.168.69.67:34550, 1bc296c6-def6-4ae4-8c62-5b4c951a28f1:192.168.69.67:37222, bc0382cc-50e2-4d58-b2de-e8b6250f3520:192.168.69.67:37666], old=null
2019-10-18 08:20:17,910 [47aecc56-7e95-480d-b89c-2c00d33b4782@group-5EC277DF3249-LeaderElection220] INFO  impl.RaftServerImpl (RaftServerImpl.java:setRole(184)) - 47aecc56-7e95-480d-b89c-2c00d33b4782@group-5EC277DF3249: changes role from CANDIDATE to FOLLOWER at term 235 for DISCOVERED_A_NEW_TERM
2019-10-18 08:20:17,910 [47aecc56-7e95-480d-b89c-2c00d33b4782@group-5EC277DF3249-LeaderElection220] INFO  impl.RoleInfo (RoleInfo.java:shutdownLeaderElection(134)) - 47aecc56-7e95-480d-b89c-2c00d33b4782: shutdown LeaderElection
2019-10-18 08:20:17,910 [47aecc56-7e95-480d-b89c-2c00d33b4782@group-5EC277DF3249-LeaderElection220] INFO  impl.RoleInfo (RoleInfo.java:updateAndGet(143)) - 47aecc56-7e95-480d-b89c-2c00d33b4782: start FollowerState
2019-10-18 08:20:17,935 [Thread-2124] INFO  impl.FollowerState (FollowerState.java:run(108)) - 47aecc56-7e95-480d-b89c-2c00d33b4782@group-5EC277DF3249-FollowerState: change to CANDIDATE, lastRpcTime:25ms, electionTimeout:25ms
2019-10-18 08:20:17,935 [Thread-2124] INFO  impl.RoleInfo (RoleInfo.java:shutdownFollowerState(121)) - 47aecc56-7e95-480d-b89c-2c00d33b4782: shutdown FollowerState
2019-10-18 08:20:17,936 [Thread-2124] INFO  impl.RaftServerImpl (RaftServerImpl.java:setRole(184)) - 47aecc56-7e95-480d-b89c-2c00d33b4782@group-5EC277DF3249: changes role from  FOLLOWER to CANDIDATE at term 235 for changeToCandidate
2019-10-18 08:20:17,936 [Thread-2124] INFO  impl.RoleInfo (RoleInfo.java:updateAndGet(143)) - 47aecc56-7e95-480d-b89c-2c00d33b4782: start LeaderElection
2019-10-18 08:20:17,949 [47aecc56-7e95-480d-b89c-2c00d33b4782@group-5EC277DF3249-LeaderElection221] INFO  impl.LeaderElection (LeaderElection.java:askForVotes(178)) - 47aecc56-7e95-480d-b89c-2c00d33b4782@group-5EC277DF3249-LeaderElection221: begin an election at term 236 for -1: [47aecc56-7e95-480d-b89c-2c00d33b4782:192.168.69.67:34550, 1bc296c6-def6-4ae4-8c62-5b4c951a28f1:192.168.69.67:37222, bc0382cc-50e2-4d58-b2de-e8b6250f3520:192.168.69.67:37666], old=null
2019-10-18 08:20:17,950 [grpc-default-executor-7] INFO  impl.RaftServerImpl (RaftServerImpl.java:setRole(184)) - 1bc296c6-def6-4ae4-8c62-5b4c951a28f1@group-5EC277DF3249: changes role from  FOLLOWER to FOLLOWER at term 236 for recognizeCandidate:47aecc56-7e95-480d-b89c-2c00d33b4782
2019-10-18 08:20:17,951 [grpc-default-executor-7] INFO  impl.RoleInfo (RoleInfo.java:shutdownFollowerState(121)) - 1bc296c6-def6-4ae4-8c62-5b4c951a28f1: shutdown FollowerState
2019-10-18 08:20:17,951 [grpc-default-executor-3] INFO  impl.RaftServerImpl (RaftServerImpl.java:setRole(184)) - bc0382cc-50e2-4d58-b2de-e8b6250f3520@group-5EC277DF3249: changes role from  FOLLOWER to FOLLOWER at term 236 for recognizeCandidate:47aecc56-7e95-480d-b89c-2c00d33b4782
2019-10-18 08:20:17,951 [Thread-2122] INFO  impl.FollowerState (FollowerState.java:run(117)) - 1bc296c6-def6-4ae4-8c62-5b4c951a28f1@group-5EC277DF3249-FollowerState was interrupted: java.lang.InterruptedException: sleep interrupted
2019-10-18 08:20:17,951 [grpc-default-executor-7] INFO  impl.RoleInfo (RoleInfo.java:updateAndGet(143)) - 1bc296c6-def6-4ae4-8c62-5b4c951a28f1: start FollowerState
2019-10-18 08:20:17,951 [grpc-default-executor-3] INFO  impl.RoleInfo (RoleInfo.java:shutdownFollowerState(121)) - bc0382cc-50e2-4d58-b2de-e8b6250f3520: shutdown FollowerState
2019-10-18 08:20:17,951 [Thread-2123] INFO  impl.FollowerState (FollowerState.java:run(117)) - bc0382cc-50e2-4d58-b2de-e8b6250f3520@group-5EC277DF3249-FollowerState was interrupted: java.lang.InterruptedException: sleep interrupted
2019-10-18 08:20:17,951 [grpc-default-executor-3] INFO  impl.RoleInfo (RoleInfo.java:updateAndGet(143)) - bc0382cc-50e2-4d58-b2de-e8b6250f3520: start FollowerState
2019-10-18 08:20:17,965 [47aecc56-7e95-480d-b89c-2c00d33b4782@group-5EC277DF3249-LeaderElection221] INFO  impl.LeaderElection (LeaderElection.java:logAndReturn(56)) - 47aecc56-7e95-480d-b89c-2c00d33b4782@group-5EC277DF3249-LeaderElection221: Election REJECTED; received 2 response(s) [47aecc56-7e95-480d-b89c-2c00d33b4782<-1bc296c6-def6-4ae4-8c62-5b4c951a28f1#0:FAIL-t236, 47aecc56-7e95-480d-b89c-2c00d33b4782<-bc0382cc-50e2-4d58-b2de-e8b6250f3520#0:FAIL-t236] and 0 exception(s); 47aecc56-7e95-480d-b89c-2c00d33b4782@group-5EC277DF3249:t236, leader=null, voted=47aecc56-7e95-480d-b89c-2c00d33b4782, raftlog=47aecc56-7e95-480d-b89c-2c00d33b4782@group-5EC277DF3249-SegmentedRaftLog:OPENED:c-1,f-1,i0, conf=-1: [47aecc56-7e95-480d-b89c-2c00d33b4782:192.168.69.67:34550, 1bc296c6-def6-4ae4-8c62-5b4c951a28f1:192.168.69.67:37222, bc0382cc-50e2-4d58-b2de-e8b6250f3520:192.168.69.67:37666], old=null
2019-10-18 08:20:17,966 [47aecc56-7e95-480d-b89c-2c00d33b4782@group-5EC277DF3249-LeaderElection221] INFO  impl.RaftServerImpl (RaftServerImpl.java:setRole(184)) - 47aecc56-7e95-480d-b89c-2c00d33b4782@group-5EC277DF3249: changes role from CANDIDATE to FOLLOWER at term 236 for DISCOVERED_A_NEW_TERM
2019-10-18 08:20:17,966 [47aecc56-7e95-480d-b89c-2c00d33b4782@group-5EC277DF3249-LeaderElection221] INFO  impl.RoleInfo (RoleInfo.java:shutdownLeaderElection(134)) - 47aecc56-7e95-480d-b89c-2c00d33b4782: shutdown LeaderElection
2019-10-18 08:20:17,966 [47aecc56-7e95-480d-b89c-2c00d33b4782@group-5EC277DF3249-LeaderElection221] INFO  impl.RoleInfo (RoleInfo.java:updateAndGet(143)) - 47aecc56-7e95-480d-b89c-2c00d33b4782: start FollowerState
2019-10-18 08:20:18,116 [Thread-2130] INFO  impl.FollowerState (FollowerState.java:run(108)) - 47aecc56-7e95-480d-b89c-2c00d33b4782@group-5EC277DF3249-FollowerState: change to CANDIDATE, lastRpcTime:150ms, electionTimeout:150ms
2019-10-18 08:20:18,117 [Thread-2130] INFO  impl.RoleInfo (RoleInfo.java:shutdownFollowerState(121)) - 47aecc56-7e95-480d-b89c-2c00d33b4782: shutdown FollowerState
2019-10-18 08:20:18,117 [Thread-2130] INFO  impl.RaftServerImpl (RaftServerImpl.java:setRole(184)) - 47aecc56-7e95-480d-b89c-2c00d33b4782@group-5EC277DF3249: changes role from  FOLLOWER to CANDIDATE at term 236 for changeToCandidate
2019-10-18 08:20:18,117 [Thread-2130] INFO  impl.RoleInfo (RoleInfo.java:updateAndGet(143)) - 47aecc56-7e95-480d-b89c-2c00d33b4782: start LeaderElection
2019-10-18 08:20:18,130 [47aecc56-7e95-480d-b89c-2c00d33b4782@group-5EC277DF3249-LeaderElection222] INFO  impl.LeaderElection (LeaderElection.java:askForVotes(178)) - 47aecc56-7e95-480d-b89c-2c00d33b4782@group-5EC277DF3249-LeaderElection222: begin an election at term 237 for -1: [47aecc56-7e95-480d-b89c-2c00d33b4782:192.168.69.67:34550, 1bc296c6-def6-4ae4-8c62-5b4c951a28f1:192.168.69.67:37222, bc0382cc-50e2-4d58-b2de-e8b6250f3520:192.168.69.67:37666], old=null
2019-10-18 08:20:18,133 [grpc-default-executor-3] INFO  impl.RaftServerImpl (RaftServerImpl.java:setRole(184)) - 1bc296c6-def6-4ae4-8c62-5b4c951a28f1@group-5EC277DF3249: changes role from  FOLLOWER to FOLLOWER at term 237 for recognizeCandidate:47aecc56-7e95-480d-b89c-2c00d33b4782
2019-10-18 08:20:18,133 [grpc-default-executor-3] INFO  impl.RoleInfo (RoleInfo.java:shutdownFollowerState(121)) - 1bc296c6-def6-4ae4-8c62-5b4c951a28f1: shutdown FollowerState
2019-10-18 08:20:18,133 [grpc-default-executor-7] INFO  impl.RaftServerImpl (RaftServerImpl.java:setRole(184)) - bc0382cc-50e2-4d58-b2de-e8b6250f3520@group-5EC277DF3249: changes role from  FOLLOWER to FOLLOWER at term 237 for recognizeCandidate:47aecc56-7e95-480d-b89c-2c00d33b4782
2019-10-18 08:20:18,133 [grpc-default-executor-7] INFO  impl.RoleInfo (RoleInfo.java:shutdownFollowerState(121)) - bc0382cc-50e2-4d58-b2de-e8b6250f3520: shutdown FollowerState
2019-10-18 08:20:18,133 [Thread-2128] INFO  impl.FollowerState (FollowerState.java:run(117)) - 1bc296c6-def6-4ae4-8c62-5b4c951a28f1@group-5EC277DF3249-FollowerState was interrupted: java.lang.InterruptedException: sleep interrupted
2019-10-18 08:20:18,133 [grpc-default-executor-3] INFO  impl.RoleInfo (RoleInfo.java:updateAndGet(143)) - 1bc296c6-def6-4ae4-8c62-5b4c951a28f1: start FollowerState
2019-10-18 08:20:18,133 [Thread-2129] INFO  impl.FollowerState (FollowerState.java:run(117)) - bc0382cc-50e2-4d58-b2de-e8b6250f3520@group-5EC277DF3249-FollowerState was interrupted: java.lang.InterruptedException: sleep interrupted
2019-10-18 08:20:18,133 [grpc-default-executor-7] INFO  impl.RoleInfo (RoleInfo.java:updateAndGet(143)) - bc0382cc-50e2-4d58-b2de-e8b6250f3520: start FollowerState
2019-10-18 08:20:18,146 [47aecc56-7e95-480d-b89c-2c00d33b4782@group-5EC277DF3249-LeaderElection222] INFO  impl.LeaderElection (LeaderElection.java:logAndReturn(56)) - 47aecc56-7e95-480d-b89c-2c00d33b4782@group-5EC277DF3249-LeaderElection222: Election REJECTED; received 2 response(s) [47aecc56-7e95-480d-b89c-2c00d33b4782<-1bc296c6-def6-4ae4-8c62-5b4c951a28f1#0:FAIL-t237, 47aecc56-7e95-480d-b89c-2c00d33b4782<-bc0382cc-50e2-4d58-b2de-e8b6250f3520#0:FAIL-t237] and 0 exception(s); 47aecc56-7e95-480d-b89c-2c00d33b4782@group-5EC277DF3249:t237, leader=null, voted=47aecc56-7e95-480d-b89c-2c00d33b4782, raftlog=47aecc56-7e95-480d-b89c-2c00d33b4782@group-5EC277DF3249-SegmentedRaftLog:OPENED:c-1,f-1,i0, conf=-1: [47aecc56-7e95-480d-b89c-2c00d33b4782:192.168.69.67:34550, 1bc296c6-def6-4ae4-8c62-5b4c951a28f1:192.168.69.67:37222, bc0382cc-50e2-4d58-b2de-e8b6250f3520:192.168.69.67:37666], old=null
2019-10-18 08:20:18,146 [47aecc56-7e95-480d-b89c-2c00d33b4782@group-5EC277DF3249-LeaderElection222] INFO  impl.RaftServerImpl (RaftServerImpl.java:setRole(184)) - 47aecc56-7e95-480d-b89c-2c00d33b4782@group-5EC277DF3249: changes role from CANDIDATE to FOLLOWER at term 237 for DISCOVERED_A_NEW_TERM
2019-10-18 08:20:18,146 [47aecc56-7e95-480d-b89c-2c00d33b4782@group-5EC277DF3249-LeaderElection222] INFO  impl.RoleInfo (RoleInfo.java:shutdownLeaderElection(134)) - 47aecc56-7e95-480d-b89c-2c00d33b4782: shutdown LeaderElection
2019-10-18 08:20:18,146 [47aecc56-7e95-480d-b89c-2c00d33b4782@group-5EC277DF3249-LeaderElection222] INFO  impl.RoleInfo (RoleInfo.java:updateAndGet(143)) - 47aecc56-7e95-480d-b89c-2c00d33b4782: start FollowerState
 0.00% |?                                                                                                    |  0/1 Time: 0:04:262019-10-18 08:20:18,325 [Thread-2136] INFO  impl.FollowerState (FollowerState.java:run(108)) - 47aecc56-7e95-480d-b89c-2c00d33b4782@group-5EC277DF3249-FollowerState: change to CANDIDATE, lastRpcTime:179ms, electionTimeout:178ms
2019-10-18 08:20:18,327 [Thread-2136] INFO  impl.RoleInfo (RoleInfo.java:shutdownFollowerState(121)) - 47aecc56-7e95-480d-b89c-2c00d33b4782: shutdown FollowerState
2019-10-18 08:20:18,327 [Thread-2136] INFO  impl.RaftServerImpl (RaftServerImpl.java:setRole(184)) - 47aecc56-7e95-480d-b89c-2c00d33b4782@group-5EC277DF3249: changes role from  FOLLOWER to CANDIDATE at term 237 for changeToCandidate
2019-10-18 08:20:18,329 [Thread-2136] INFO  impl.RoleInfo (RoleInfo.java:updateAndGet(143)) - 47aecc56-7e95-480d-b89c-2c00d33b4782: start LeaderElection
2019-10-18 08:20:18,343 [47aecc56-7e95-480d-b89c-2c00d33b4782@group-5EC277DF3249-LeaderElection223] INFO  impl.LeaderElection (LeaderElection.java:askForVotes(178)) - 47aecc56-7e95-480d-b89c-2c00d33b4782@group-5EC277DF3249-LeaderElection223: begin an election at term 238 for -1: [47aecc56-7e95-480d-b89c-2c00d33b4782:192.168.69.67:34550, 1bc296c6-def6-4ae4-8c62-5b4c951a28f1:192.168.69.67:37222, bc0382cc-50e2-4d58-b2de-e8b6250f3520:192.168.69.67:37666], old=null
2019-10-18 08:20:18,345 [grpc-default-executor-3] INFO  impl.RaftServerImpl (RaftServerImpl.java:setRole(184)) - 1bc296c6-def6-4ae4-8c62-5b4c951a28f1@group-5EC277DF3249: changes role from  FOLLOWER to FOLLOWER at term 238 for recognizeCandidate:47aecc56-7e95-480d-b89c-2c00d33b4782
2019-10-18 08:20:18,345 [grpc-default-executor-3] INFO  impl.RoleInfo (RoleInfo.java:shutdownFollowerState(121)) - 1bc296c6-def6-4ae4-8c62-5b4c951a28f1: shutdown FollowerState
2019-10-18 08:20:18,345 [grpc-default-executor-3] INFO  impl.RoleInfo (RoleInfo.java:updateAndGet(143)) - 1bc296c6-def6-4ae4-8c62-5b4c951a28f1: start FollowerState
2019-10-18 08:20:18,345 [grpc-default-executor-7] INFO  impl.RaftServerImpl (RaftServerImpl.java:setRole(184)) - bc0382cc-50e2-4d58-b2de-e8b6250f3520@group-5EC277DF3249: changes role from  FOLLOWER to FOLLOWER at term 238 for recognizeCandidate:47aecc56-7e95-480d-b89c-2c00d33b4782
2019-10-18 08:20:18,346 [grpc-default-executor-7] INFO  impl.RoleInfo (RoleInfo.java:shutdownFollowerState(121)) - bc0382cc-50e2-4d58-b2de-e8b6250f3520: shutdown FollowerState
2019-10-18 08:20:18,345 [Thread-2134] INFO  impl.FollowerState (FollowerState.java:run(117)) - 1bc296c6-def6-4ae4-8c62-5b4c951a28f1@group-5EC277DF3249-FollowerState was interrupted: java.lang.InterruptedException: sleep interrupted
2019-10-18 08:20:18,346 [Thread-2135] INFO  impl.FollowerState (FollowerState.java:run(117)) - bc0382cc-50e2-4d58-b2de-e8b6250f3520@group-5EC277DF3249-FollowerState was interrupted: java.lang.InterruptedException: sleep interrupted
2019-10-18 08:20:18,346 [grpc-default-executor-7] INFO  impl.RoleInfo (RoleInfo.java:updateAndGet(143)) - bc0382cc-50e2-4d58-b2de-e8b6250f3520: start FollowerState
2019-10-18 08:20:18,360 [47aecc56-7e95-480d-b89c-2c00d33b4782@group-5EC277DF3249-LeaderElection223] INFO  impl.LeaderElection (LeaderElection.java:logAndReturn(56)) - 47aecc56-7e95-480d-b89c-2c00d33b4782@group-5EC277DF3249-LeaderElection223: Election REJECTED; received 2 response(s) [47aecc56-7e95-480d-b89c-2c00d33b4782<-1bc296c6-def6-4ae4-8c62-5b4c951a28f1#0:FAIL-t238, 47aecc56-7e95-480d-b89c-2c00d33b4782<-bc0382cc-50e2-4d58-b2de-e8b6250f3520#0:FAIL-t238] and 0 exception(s); 47aecc56-7e95-480d-b89c-2c00d33b4782@group-5EC277DF3249:t238, leader=null, voted=47aecc56-7e95-480d-b89c-2c00d33b4782, raftlog=47aecc56-7e95-480d-b89c-2c00d33b4782@group-5EC277DF3249-SegmentedRaftLog:OPENED:c-1,f-1,i0, conf=-1: [47aecc56-7e95-480d-b89c-2c00d33b4782:192.168.69.67:34550, 1bc296c6-def6-4ae4-8c62-5b4c951a28f1:192.168.69.67:37222, bc0382cc-50e2-4d58-b2de-e8b6250f3520:192.168.69.67:37666], old=null
2019-10-18 08:20:18,360 [47aecc56-7e95-480d-b89c-2c00d33b4782@group-5EC277DF3249-LeaderElection223] INFO  impl.RaftServerImpl (RaftServerImpl.java:setRole(184)) - 47aecc56-7e95-480d-b89c-2c00d33b4782@group-5EC277DF3249: changes role from CANDIDATE to FOLLOWER at term 238 for DISCOVERED_A_NEW_TERM
2019-10-18 08:20:18,361 [47aecc56-7e95-480d-b89c-2c00d33b4782@group-5EC277DF3249-LeaderElection223] INFO  impl.RoleInfo (RoleInfo.java:shutdownLeaderElection(134)) - 47aecc56-7e95-480d-b89c-2c00d33b4782: shutdown LeaderElection
2019-10-18 08:20:18,361 [47aecc56-7e95-480d-b89c-2c00d33b4782@group-5EC277DF3249-LeaderElection223] INFO  impl.RoleInfo (RoleInfo.java:updateAndGet(143)) - 47aecc56-7e95-480d-b89c-2c00d33b4782: start FollowerState
2019-10-18 08:20:18,474 [Thread-2145] INFO  impl.FollowerState (FollowerState.java:run(108)) - 47aecc56-7e95-480d-b89c-2c00d33b4782@group-5EC277DF3249-FollowerState: change to CANDIDATE, lastRpcTime:113ms, electionTimeout:113ms
2019-10-18 08:20:18,474 [Thread-2145] INFO  impl.RoleInfo (RoleInfo.java:shutdownFollowerState(121)) - 47aecc56-7e95-480d-b89c-2c00d33b4782: shutdown FollowerState
2019-10-18 08:20:18,474 [Thread-2145] INFO  impl.RaftServerImpl (RaftServerImpl.java:setRole(184)) - 47aecc56-7e95-480d-b89c-2c00d33b4782@group-5EC277DF3249: changes role from  FOLLOWER to CANDIDATE at term 238 for changeToCandidate
2019-10-18 08:20:18,475 [Thread-2145] INFO  impl.RoleInfo (RoleInfo.java:updateAndGet(143)) - 47aecc56-7e95-480d-b89c-2c00d33b4782: start LeaderElection
2019-10-18 08:20:18,489 [47aecc56-7e95-480d-b89c-2c00d33b4782@group-5EC277DF3249-LeaderElection224] INFO  impl.LeaderElection (LeaderElection.java:askForVotes(178)) - 47aecc56-7e95-480d-b89c-2c00d33b4782@group-5EC277DF3249-LeaderElection224: begin an election at term 239 for -1: [47aecc56-7e95-480d-b89c-2c00d33b4782:192.168.69.67:34550, 1bc296c6-def6-4ae4-8c62-5b4c951a28f1:192.168.69.67:37222, bc0382cc-50e2-4d58-b2de-e8b6250f3520:192.168.69.67:37666], old=null
2019-10-18 08:20:18,491 [grpc-default-executor-7] INFO  impl.RaftServerImpl (RaftServerImpl.java:setRole(184)) - 1bc296c6-def6-4ae4-8c62-5b4c951a28f1@group-5EC277DF3249: changes role from  FOLLOWER to FOLLOWER at term 239 for recognizeCandidate:47aecc56-7e95-480d-b89c-2c00d33b4782
2019-10-18 08:20:18,491 [grpc-default-executor-3] INFO  impl.RaftServerImpl (RaftServerImpl.java:setRole(184)) - bc0382cc-50e2-4d58-b2de-e8b6250f3520@group-5EC277DF3249: changes role from  FOLLOWER to FOLLOWER at term 239 for recognizeCandidate:47aecc56-7e95-480d-b89c-2c00d33b4782
2019-10-18 08:20:18,491 [grpc-default-executor-3] INFO  impl.RoleInfo (RoleInfo.java:shutdownFollowerState(121)) - bc0382cc-50e2-4d58-b2de-e8b6250f3520: shutdown FollowerState
2019-10-18 08:20:18,491 [grpc-default-executor-7] INFO  impl.RoleInfo (RoleInfo.java:shutdownFollowerState(121)) - 1bc296c6-def6-4ae4-8c62-5b4c951a28f1: shutdown FollowerState
2019-10-18 08:20:18,492 [Thread-2144] INFO  impl.FollowerState (FollowerState.java:run(117)) - bc0382cc-50e2-4d58-b2de-e8b6250f3520@group-5EC277DF3249-FollowerState was interrupted: java.lang.InterruptedException: sleep interrupted
2019-10-18 08:20:18,492 [Thread-2143] INFO  impl.FollowerState (FollowerState.java:run(117)) - 1bc296c6-def6-4ae4-8c62-5b4c951a28f1@group-5EC277DF3249-FollowerState was interrupted: java.lang.InterruptedException: sleep interrupted
2019-10-18 08:20:18,492 [grpc-default-executor-7] INFO  impl.RoleInfo (RoleInfo.java:updateAndGet(143)) - 1bc296c6-def6-4ae4-8c62-5b4c951a28f1: start FollowerState
2019-10-18 08:20:18,491 [grpc-default-executor-3] INFO  impl.RoleInfo (RoleInfo.java:updateAndGet(143)) - bc0382cc-50e2-4d58-b2de-e8b6250f3520: start FollowerState
2019-10-18 08:20:18,518 [47aecc56-7e95-480d-b89c-2c00d33b4782@group-5EC277DF3249-LeaderElection224] INFO  impl.LeaderElection (LeaderElection.java:logAndReturn(56)) - 47aecc56-7e95-480d-b89c-2c00d33b4782@group-5EC277DF3249-LeaderElection224: Election REJECTED; received 2 response(s) [47aecc56-7e95-480d-b89c-2c00d33b4782<-1bc296c6-def6-4ae4-8c62-5b4c951a28f1#0:FAIL-t239, 47aecc56-7e95-480d-b89c-2c00d33b4782<-bc0382cc-50e2-4d58-b2de-e8b6250f3520#0:FAIL-t239] and 0 exception(s); 47aecc56-7e95-480d-b89c-2c00d33b4782@group-5EC277DF3249:t239, leader=null, voted=47aecc56-7e95-480d-b89c-2c00d33b4782, raftlog=47aecc56-7e95-480d-b89c-2c00d33b4782@group-5EC277DF3249-SegmentedRaftLog:OPENED:c-1,f-1,i0, conf=-1: [47aecc56-7e95-480d-b89c-2c00d33b4782:192.168.69.67:34550, 1bc296c6-def6-4ae4-8c62-5b4c951a28f1:192.168.69.67:37222, bc0382cc-50e2-4d58-b2de-e8b6250f3520:192.168.69.67:37666], old=null
2019-10-18 08:20:18,518 [47aecc56-7e95-480d-b89c-2c00d33b4782@group-5EC277DF3249-LeaderElection224] INFO  impl.RaftServerImpl (RaftServerImpl.java:setRole(184)) - 47aecc56-7e95-480d-b89c-2c00d33b4782@group-5EC277DF3249: changes role from CANDIDATE to FOLLOWER at term 239 for DISCOVERED_A_NEW_TERM
2019-10-18 08:20:18,518 [47aecc56-7e95-480d-b89c-2c00d33b4782@group-5EC277DF3249-LeaderElection224] INFO  impl.RoleInfo (RoleInfo.java:shutdownLeaderElection(134)) - 47aecc56-7e95-480d-b89c-2c00d33b4782: shutdown LeaderElection
2019-10-18 08:20:18,518 [47aecc56-7e95-480d-b89c-2c00d33b4782@group-5EC277DF3249-LeaderElection224] INFO  impl.RoleInfo (RoleInfo.java:updateAndGet(143)) - 47aecc56-7e95-480d-b89c-2c00d33b4782: start FollowerState
2019-10-18 08:20:18,556 [Thread-2151] INFO  impl.FollowerState (FollowerState.java:run(108)) - 47aecc56-7e95-480d-b89c-2c00d33b4782@group-5EC277DF3249-FollowerState: change to CANDIDATE, lastRpcTime:37ms, electionTimeout:37ms
2019-10-18 08:20:18,556 [Thread-2151] INFO  impl.RoleInfo (RoleInfo.java:shutdownFollowerState(121)) - 47aecc56-7e95-480d-b89c-2c00d33b4782: shutdown FollowerState
2019-10-18 08:20:18,556 [Thread-2151] INFO  impl.RaftServerImpl (RaftServerImpl.java:setRole(184)) - 47aecc56-7e95-480d-b89c-2c00d33b4782@group-5EC277DF3249: changes role from  FOLLOWER to CANDIDATE at term 239 for changeToCandidate
2019-10-18 08:20:18,556 [Thread-2151] INFO  impl.RoleInfo (RoleInfo.java:updateAndGet(143)) - 47aecc56-7e95-480d-b89c-2c00d33b4782: start LeaderElection
2019-10-18 08:20:18,569 [47aecc56-7e95-480d-b89c-2c00d33b4782@group-5EC277DF3249-LeaderElection225] INFO  impl.LeaderElection (LeaderElection.java:askForVotes(178)) - 47aecc56-7e95-480d-b89c-2c00d33b4782@group-5EC277DF3249-LeaderElection225: begin an election at term 240 for -1: [47aecc56-7e95-480d-b89c-2c00d33b4782:192.168.69.67:34550, 1bc296c6-def6-4ae4-8c62-5b4c951a28f1:192.168.69.67:37222, bc0382cc-50e2-4d58-b2de-e8b6250f3520:192.168.69.67:37666], old=null
2019-10-18 08:20:18,571 [grpc-default-executor-7] INFO  impl.RaftServerImpl (RaftServerImpl.java:setRole(184)) - 1bc296c6-def6-4ae4-8c62-5b4c951a28f1@group-5EC277DF3249: changes role from  FOLLOWER to FOLLOWER at term 240 for recognizeCandidate:47aecc56-7e95-480d-b89c-2c00d33b4782
2019-10-18 08:20:18,571 [grpc-default-executor-7] INFO  impl.RoleInfo (RoleInfo.java:shutdownFollowerState(121)) - 1bc296c6-def6-4ae4-8c62-5b4c951a28f1: shutdown FollowerState
2019-10-18 08:20:18,571 [grpc-default-executor-3] INFO  impl.RaftServerImpl (RaftServerImpl.java:setRole(184)) - bc0382cc-50e2-4d58-b2de-e8b6250f3520@group-5EC277DF3249: changes role from  FOLLOWER to FOLLOWER at term 240 for recognizeCandidate:47aecc56-7e95-480d-b89c-2c00d33b4782
2019-10-18 08:20:18,572 [Thread-2150] INFO  impl.FollowerState (FollowerState.java:run(117)) - 1bc296c6-def6-4ae4-8c62-5b4c951a28f1@group-5EC277DF3249-FollowerState was interrupted: java.lang.InterruptedException: sleep interrupted
2019-10-18 08:20:18,572 [grpc-default-executor-7] INFO  impl.RoleInfo (RoleInfo.java:updateAndGet(143)) - 1bc296c6-def6-4ae4-8c62-5b4c951a28f1: start FollowerState
2019-10-18 08:20:18,572 [grpc-default-executor-3] INFO  impl.RoleInfo (RoleInfo.java:shutdownFollowerState(121)) - bc0382cc-50e2-4d58-b2de-e8b6250f3520: shutdown FollowerState
2019-10-18 08:20:18,572 [grpc-default-executor-3] INFO  impl.RoleInfo (RoleInfo.java:updateAndGet(143)) - bc0382cc-50e2-4d58-b2de-e8b6250f3520: start FollowerState
2019-10-18 08:20:18,572 [Thread-2149] INFO  impl.FollowerState (FollowerState.java:run(117)) - bc0382cc-50e2-4d58-b2de-e8b6250f3520@group-5EC277DF3249-FollowerState was interrupted: java.lang.InterruptedException: sleep interrupted
2019-10-18 08:20:18,586 [47aecc56-7e95-480d-b89c-2c00d33b4782@group-5EC277DF3249-LeaderElection225] INFO  impl.LeaderElection (LeaderElection.java:logAndReturn(56)) - 47aecc56-7e95-480d-b89c-2c00d33b4782@group-5EC277DF3249-LeaderElection225: Election REJECTED; received 2 response(s) [47aecc56-7e95-480d-b89c-2c00d33b4782<-1bc296c6-def6-4ae4-8c62-5b4c951a28f1#0:FAIL-t240, 47aecc56-7e95-480d-b89c-2c00d33b4782<-bc0382cc-50e2-4d58-b2de-e8b6250f3520#0:FAIL-t240] and 0 exception(s); 47aecc56-7e95-480d-b89c-2c00d33b4782@group-5EC277DF3249:t240, leader=null, voted=47aecc56-7e95-480d-b89c-2c00d33b4782, raftlog=47aecc56-7e95-480d-b89c-2c00d33b4782@group-5EC277DF3249-SegmentedRaftLog:OPENED:c-1,f-1,i0, conf=-1: [47aecc56-7e95-480d-b89c-2c00d33b4782:192.168.69.67:34550, 1bc296c6-def6-4ae4-8c62-5b4c951a28f1:192.168.69.67:37222, bc0382cc-50e2-4d58-b2de-e8b6250f3520:192.168.69.67:37666], old=null
2019-10-18 08:20:18,586 [47aecc56-7e95-480d-b89c-2c00d33b4782@group-5EC277DF3249-LeaderElection225] INFO  impl.RaftServerImpl (RaftServerImpl.java:setRole(184)) - 47aecc56-7e95-480d-b89c-2c00d33b4782@group-5EC277DF3249: changes role from CANDIDATE to FOLLOWER at term 240 for DISCOVERED_A_NEW_TERM
2019-10-18 08:20:18,586 [47aecc56-7e95-480d-b89c-2c00d33b4782@group-5EC277DF3249-LeaderElection225] INFO  impl.RoleInfo (RoleInfo.java:shutdownLeaderElection(134)) - 47aecc56-7e95-480d-b89c-2c00d33b4782: shutdown LeaderElection
2019-10-18 08:20:18,586 [47aecc56-7e95-480d-b89c-2c00d33b4782@group-5EC277DF3249-LeaderElection225] INFO  impl.RoleInfo (RoleInfo.java:updateAndGet(143)) - 47aecc56-7e95-480d-b89c-2c00d33b4782: start FollowerState
2019-10-18 08:20:18,773 [Thread-2157] INFO  impl.FollowerState (FollowerState.java:run(108)) - 47aecc56-7e95-480d-b89c-2c00d33b4782@group-5EC277DF3249-FollowerState: change to CANDIDATE, lastRpcTime:186ms, electionTimeout:186ms
2019-10-18 08:20:18,773 [Thread-2157] INFO  impl.RoleInfo (RoleInfo.java:shutdownFollowerState(121)) - 47aecc56-7e95-480d-b89c-2c00d33b4782: shutdown FollowerState
2019-10-18 08:20:18,773 [Thread-2157] INFO  impl.RaftServerImpl (RaftServerImpl.java:setRole(184)) - 47aecc56-7e95-480d-b89c-2c00d33b4782@group-5EC277DF3249: changes role from  FOLLOWER to CANDIDATE at term 240 for changeToCandidate
2019-10-18 08:20:18,774 [Thread-2157] INFO  impl.RoleInfo (RoleInfo.java:updateAndGet(143)) - 47aecc56-7e95-480d-b89c-2c00d33b4782: start LeaderElection
2019-10-18 08:20:18,800 [47aecc56-7e95-480d-b89c-2c00d33b4782@group-5EC277DF3249-LeaderElection226] INFO  impl.LeaderElection (LeaderElection.java:askForVotes(178)) - 47aecc56-7e95-480d-b89c-2c00d33b4782@group-5EC277DF3249-LeaderElection226: begin an election at term 241 for -1: [47aecc56-7e95-480d-b89c-2c00d33b4782:192.168.69.67:34550, 1bc296c6-def6-4ae4-8c62-5b4c951a28f1:192.168.69.67:37222, bc0382cc-50e2-4d58-b2de-e8b6250f3520:192.168.69.67:37666], old=null
2019-10-18 08:20:18,803 [grpc-default-executor-7] INFO  impl.RaftServerImpl (RaftServerImpl.java:setRole(184)) - 1bc296c6-def6-4ae4-8c62-5b4c951a28f1@group-5EC277DF3249: changes role from  FOLLOWER to FOLLOWER at term 241 for recognizeCandidate:47aecc56-7e95-480d-b89c-2c00d33b4782
2019-10-18 08:20:18,803 [grpc-default-executor-3] INFO  impl.RaftServerImpl (RaftServerImpl.java:setRole(184)) - bc0382cc-50e2-4d58-b2de-e8b6250f3520@group-5EC277DF3249: changes role from  FOLLOWER to FOLLOWER at term 241 for recognizeCandidate:47aecc56-7e95-480d-b89c-2c00d33b4782
2019-10-18 08:20:18,803 [grpc-default-executor-7] INFO  impl.RoleInfo (RoleInfo.java:shutdownFollowerState(121)) - 1bc296c6-def6-4ae4-8c62-5b4c951a28f1: shutdown FollowerState
2019-10-18 08:20:18,803 [grpc-default-executor-3] INFO  impl.RoleInfo (RoleInfo.java:shutdownFollowerState(121)) - bc0382cc-50e2-4d58-b2de-e8b6250f3520: shutdown FollowerState
2019-10-18 08:20:18,803 [grpc-default-executor-3] INFO  impl.RoleInfo (RoleInfo.java:updateAndGet(143)) - bc0382cc-50e2-4d58-b2de-e8b6250f3520: start FollowerState
2019-10-18 08:20:18,803 [Thread-2155] INFO  impl.FollowerState (FollowerState.java:run(117)) - 1bc296c6-def6-4ae4-8c62-5b4c951a28f1@group-5EC277DF3249-FollowerState was interrupted: java.lang.InterruptedException: sleep interrupted
2019-10-18 08:20:18,803 [grpc-default-executor-7] INFO  impl.RoleInfo (RoleInfo.java:updateAndGet(143)) - 1bc296c6-def6-4ae4-8c62-5b4c951a28f1: start FollowerState
2019-10-18 08:20:18,803 [Thread-2156] INFO  impl.FollowerState (FollowerState.java:run(117)) - bc0382cc-50e2-4d58-b2de-e8b6250f3520@group-5EC277DF3249-FollowerState was interrupted: java.lang.InterruptedException: sleep interrupted
2019-10-18 08:20:18,818 [47aecc56-7e95-480d-b89c-2c00d33b4782@group-5EC277DF3249-LeaderElection226] INFO  impl.LeaderElection (LeaderElection.java:logAndReturn(56)) - 47aecc56-7e95-480d-b89c-2c00d33b4782@group-5EC277DF3249-LeaderElection226: Election REJECTED; received 2 response(s) [47aecc56-7e95-480d-b89c-2c00d33b4782<-1bc296c6-def6-4ae4-8c62-5b4c951a28f1#0:FAIL-t241, 47aecc56-7e95-480d-b89c-2c00d33b4782<-bc0382cc-50e2-4d58-b2de-e8b6250f3520#0:FAIL-t241] and 0 exception(s); 47aecc56-7e95-480d-b89c-2c00d33b4782@group-5EC277DF3249:t241, leader=null, voted=47aecc56-7e95-480d-b89c-2c00d33b4782, raftlog=47aecc56-7e95-480d-b89c-2c00d33b4782@group-5EC277DF3249-SegmentedRaftLog:OPENED:c-1,f-1,i0, conf=-1: [47aecc56-7e95-480d-b89c-2c00d33b4782:192.168.69.67:34550, 1bc296c6-def6-4ae4-8c62-5b4c951a28f1:192.168.69.67:37222, bc0382cc-50e2-4d58-b2de-e8b6250f3520:192.168.69.67:37666], old=null
2019-10-18 08:20:18,818 [47aecc56-7e95-480d-b89c-2c00d33b4782@group-5EC277DF3249-LeaderElection226] INFO  impl.RaftServerImpl (RaftServerImpl.java:setRole(184)) - 47aecc56-7e95-480d-b89c-2c00d33b4782@group-5EC277DF3249: changes role from CANDIDATE to FOLLOWER at term 241 for DISCOVERED_A_NEW_TERM
2019-10-18 08:20:18,818 [47aecc56-7e95-480d-b89c-2c00d33b4782@group-5EC277DF3249-LeaderElection226] INFO  impl.RoleInfo (RoleInfo.java:shutdownLeaderElection(134)) - 47aecc56-7e95-480d-b89c-2c00d33b4782: shutdown LeaderElection
2019-10-18 08:20:18,819 [47aecc56-7e95-480d-b89c-2c00d33b4782@group-5EC277DF3249-LeaderElection226] INFO  impl.RoleInfo (RoleInfo.java:updateAndGet(143)) - 47aecc56-7e95-480d-b89c-2c00d33b4782: start FollowerState
2019-10-18 08:20:18,851 [Thread-2163] INFO  impl.FollowerState (FollowerState.java:run(108)) - 47aecc56-7e95-480d-b89c-2c00d33b4782@group-5EC277DF3249-FollowerState: change to CANDIDATE, lastRpcTime:32ms, electionTimeout:32ms
2019-10-18 08:20:18,851 [Thread-2163] INFO  impl.RoleInfo (RoleInfo.java:shutdownFollowerState(121)) - 47aecc56-7e95-480d-b89c-2c00d33b4782: shutdown FollowerState
2019-10-18 08:20:18,851 [Thread-2163] INFO  impl.RaftServerImpl (RaftServerImpl.java:setRole(184)) - 47aecc56-7e95-480d-b89c-2c00d33b4782@group-5EC277DF3249: changes role from  FOLLOWER to CANDIDATE at term 241 for changeToCandidate
2019-10-18 08:20:18,852 [Thread-2163] INFO  impl.RoleInfo (RoleInfo.java:updateAndGet(143)) - 47aecc56-7e95-480d-b89c-2c00d33b4782: start LeaderElection
2019-10-18 08:20:18,867 [47aecc56-7e95-480d-b89c-2c00d33b4782@group-5EC277DF3249-LeaderElection227] INFO  impl.LeaderElection (LeaderElection.java:askForVotes(178)) - 47aecc56-7e95-480d-b89c-2c00d33b4782@group-5EC277DF3249-LeaderElection227: begin an election at term 242 for -1: [47aecc56-7e95-480d-b89c-2c00d33b4782:192.168.69.67:34550, 1bc296c6-def6-4ae4-8c62-5b4c951a28f1:192.168.69.67:37222, bc0382cc-50e2-4d58-b2de-e8b6250f3520:192.168.69.67:37666], old=null
2019-10-18 08:20:18,869 [grpc-default-executor-3] INFO  impl.RaftServerImpl (RaftServerImpl.java:setRole(184)) - 1bc296c6-def6-4ae4-8c62-5b4c951a28f1@group-5EC277DF3249: changes role from  FOLLOWER to FOLLOWER at term 242 for recognizeCandidate:47aecc56-7e95-480d-b89c-2c00d33b4782
2019-10-18 08:20:18,869 [grpc-default-executor-3] INFO  impl.RoleInfo (RoleInfo.java:shutdownFollowerState(121)) - 1bc296c6-def6-4ae4-8c62-5b4c951a28f1: shutdown FollowerState
2019-10-18 08:20:18,869 [grpc-default-executor-3] INFO  impl.RoleInfo (RoleInfo.java:updateAndGet(143)) - 1bc296c6-def6-4ae4-8c62-5b4c951a28f1: start FollowerState
2019-10-18 08:20:18,869 [grpc-default-executor-7] INFO  impl.RaftServerImpl (RaftServerImpl.java:setRole(184)) - bc0382cc-50e2-4d58-b2de-e8b6250f3520@group-5EC277DF3249: changes role from  FOLLOWER to FOLLOWER at term 242 for recognizeCandidate:47aecc56-7e95-480d-b89c-2c00d33b4782
2019-10-18 08:20:18,870 [grpc-default-executor-7] INFO  impl.RoleInfo (RoleInfo.java:shutdownFollowerState(121)) - bc0382cc-50e2-4d58-b2de-e8b6250f3520: shutdown FollowerState
2019-10-18 08:20:18,869 [Thread-2161] INFO  impl.FollowerState (FollowerState.java:run(117)) - 1bc296c6-def6-4ae4-8c62-5b4c951a28f1@group-5EC277DF3249-FollowerState was interrupted: java.lang.InterruptedException: sleep interrupted
2019-10-18 08:20:18,870 [Thread-2162] INFO  impl.FollowerState (FollowerState.java:run(117)) - bc0382cc-50e2-4d58-b2de-e8b6250f3520@group-5EC277DF3249-FollowerState was interrupted: java.lang.InterruptedException: sleep interrupted
2019-10-18 08:20:18,870 [grpc-default-executor-7] INFO  impl.RoleInfo (RoleInfo.java:updateAndGet(143)) - bc0382cc-50e2-4d58-b2de-e8b6250f3520: start FollowerState
2019-10-18 08:20:18,883 [47aecc56-7e95-480d-b89c-2c00d33b4782@group-5EC277DF3249-LeaderElection227] INFO  impl.LeaderElection (LeaderElection.java:logAndReturn(56)) - 47aecc56-7e95-480d-b89c-2c00d33b4782@group-5EC277DF3249-LeaderElection227: Election REJECTED; received 2 response(s) [47aecc56-7e95-480d-b89c-2c00d33b4782<-1bc296c6-def6-4ae4-8c62-5b4c951a28f1#0:FAIL-t242, 47aecc56-7e95-480d-b89c-2c00d33b4782<-bc0382cc-50e2-4d58-b2de-e8b6250f3520#0:FAIL-t242] and 0 exception(s); 47aecc56-7e95-480d-b89c-2c00d33b4782@group-5EC277DF3249:t242, leader=null, voted=47aecc56-7e95-480d-b89c-2c00d33b4782, raftlog=47aecc56-7e95-480d-b89c-2c00d33b4782@group-5EC277DF3249-SegmentedRaftLog:OPENED:c-1,f-1,i0, conf=-1: [47aecc56-7e95-480d-b89c-2c00d33b4782:192.168.69.67:34550, 1bc296c6-def6-4ae4-8c62-5b4c951a28f1:192.168.69.67:37222, bc0382cc-50e2-4d58-b2de-e8b6250f3520:192.168.69.67:37666], old=null
2019-10-18 08:20:18,883 [47aecc56-7e95-480d-b89c-2c00d33b4782@group-5EC277DF3249-LeaderElection227] INFO  impl.RaftServerImpl (RaftServerImpl.java:setRole(184)) - 47aecc56-7e95-480d-b89c-2c00d33b4782@group-5EC277DF3249: changes role from CANDIDATE to FOLLOWER at term 242 for DISCOVERED_A_NEW_TERM
2019-10-18 08:20:18,884 [47aecc56-7e95-480d-b89c-2c00d33b4782@group-5EC277DF3249-LeaderElection227] INFO  impl.RoleInfo (RoleInfo.java:shutdownLeaderElection(134)) - 47aecc56-7e95-480d-b89c-2c00d33b4782: shutdown LeaderElection
2019-10-18 08:20:18,884 [47aecc56-7e95-480d-b89c-2c00d33b4782@group-5EC277DF3249-LeaderElection227] INFO  impl.RoleInfo (RoleInfo.java:updateAndGet(143)) - 47aecc56-7e95-480d-b89c-2c00d33b4782: start FollowerState
2019-10-18 08:20:18,920 [Thread-2169] INFO  impl.FollowerState (FollowerState.java:run(108)) - 47aecc56-7e95-480d-b89c-2c00d33b4782@group-5EC277DF3249-FollowerState: change to CANDIDATE, lastRpcTime:36ms, electionTimeout:36ms
2019-10-18 08:20:18,920 [Thread-2169] INFO  impl.RoleInfo (RoleInfo.java:shutdownFollowerState(121)) - 47aecc56-7e95-480d-b89c-2c00d33b4782: shutdown FollowerState
2019-10-18 08:20:18,921 [Thread-2169] INFO  impl.RaftServerImpl (RaftServerImpl.java:setRole(184)) - 47aecc56-7e95-480d-b89c-2c00d33b4782@group-5EC277DF3249: changes role from  FOLLOWER to CANDIDATE at term 242 for changeToCandidate
2019-10-18 08:20:18,921 [Thread-2169] INFO  impl.RoleInfo (RoleInfo.java:updateAndGet(143)) - 47aecc56-7e95-480d-b89c-2c00d33b4782: start LeaderElection
2019-10-18 08:20:18,945 [47aecc56-7e95-480d-b89c-2c00d33b4782@group-5EC277DF3249-LeaderElection228] INFO  impl.LeaderElection (LeaderElection.java:askForVotes(178)) - 47aecc56-7e95-480d-b89c-2c00d33b4782@group-5EC277DF3249-LeaderElection228: begin an election at term 243 for -1: [47aecc56-7e95-480d-b89c-2c00d33b4782:192.168.69.67:34550, 1bc296c6-def6-4ae4-8c62-5b4c951a28f1:192.168.69.67:37222, bc0382cc-50e2-4d58-b2de-e8b6250f3520:192.168.69.67:37666], old=null
2019-10-18 08:20:18,947 [grpc-default-executor-7] INFO  impl.RaftServerImpl (RaftServerImpl.java:setRole(184)) - bc0382cc-50e2-4d58-b2de-e8b6250f3520@group-5EC277DF3249: changes role from  FOLLOWER to FOLLOWER at term 243 for recognizeCandidate:47aecc56-7e95-480d-b89c-2c00d33b4782
2019-10-18 08:20:18,947 [grpc-default-executor-3] INFO  impl.RaftServerImpl (RaftServerImpl.java:setRole(184)) - 1bc296c6-def6-4ae4-8c62-5b4c951a28f1@group-5EC277DF3249: changes role from  FOLLOWER to FOLLOWER at term 243 for recognizeCandidate:47aecc56-7e95-480d-b89c-2c00d33b4782
2019-10-18 08:20:18,947 [grpc-default-executor-7] INFO  impl.RoleInfo (RoleInfo.java:shutdownFollowerState(121)) - bc0382cc-50e2-4d58-b2de-e8b6250f3520: shutdown FollowerState
2019-10-18 08:20:18,947 [grpc-default-executor-3] INFO  impl.RoleInfo (RoleInfo.java:shutdownFollowerState(121)) - 1bc296c6-def6-4ae4-8c62-5b4c951a28f1: shutdown FollowerState
2019-10-18 08:20:18,947 [Thread-2168] INFO  impl.FollowerState (FollowerState.java:run(117)) - bc0382cc-50e2-4d58-b2de-e8b6250f3520@group-5EC277DF3249-FollowerState was interrupted: java.lang.InterruptedException: sleep interrupted
2019-10-18 08:20:18,947 [grpc-default-executor-7] INFO  impl.RoleInfo (RoleInfo.java:updateAndGet(143)) - bc0382cc-50e2-4d58-b2de-e8b6250f3520: start FollowerState
2019-10-18 08:20:18,947 [Thread-2167] INFO  impl.FollowerState (FollowerState.java:run(117)) - 1bc296c6-def6-4ae4-8c62-5b4c951a28f1@group-5EC277DF3249-FollowerState was interrupted: java.lang.InterruptedException: sleep interrupted
2019-10-18 08:20:18,947 [grpc-default-executor-3] INFO  impl.RoleInfo (RoleInfo.java:updateAndGet(143)) - 1bc296c6-def6-4ae4-8c62-5b4c951a28f1: start FollowerState
2019-10-18 08:20:18,967 [47aecc56-7e95-480d-b89c-2c00d33b4782@group-5EC277DF3249-LeaderElection228] INFO  impl.LeaderElection (LeaderElection.java:logAndReturn(56)) - 47aecc56-7e95-480d-b89c-2c00d33b4782@group-5EC277DF3249-LeaderElection228: Election REJECTED; received 2 response(s) [47aecc56-7e95-480d-b89c-2c00d33b4782<-1bc296c6-def6-4ae4-8c62-5b4c951a28f1#0:FAIL-t243, 47aecc56-7e95-480d-b89c-2c00d33b4782<-bc0382cc-50e2-4d58-b2de-e8b6250f3520#0:FAIL-t243] and 0 exception(s); 47aecc56-7e95-480d-b89c-2c00d33b4782@group-5EC277DF3249:t243, leader=null, voted=47aecc56-7e95-480d-b89c-2c00d33b4782, raftlog=47aecc56-7e95-480d-b89c-2c00d33b4782@group-5EC277DF3249-SegmentedRaftLog:OPENED:c-1,f-1,i0, conf=-1: [47aecc56-7e95-480d-b89c-2c00d33b4782:192.168.69.67:34550, 1bc296c6-def6-4ae4-8c62-5b4c951a28f1:192.168.69.67:37222, bc0382cc-50e2-4d58-b2de-e8b6250f3520:192.168.69.67:37666], old=null
2019-10-18 08:20:18,967 [47aecc56-7e95-480d-b89c-2c00d33b4782@group-5EC277DF3249-LeaderElection228] INFO  impl.RaftServerImpl (RaftServerImpl.java:setRole(184)) - 47aecc56-7e95-480d-b89c-2c00d33b4782@group-5EC277DF3249: changes role from CANDIDATE to FOLLOWER at term 243 for DISCOVERED_A_NEW_TERM
2019-10-18 08:20:18,967 [47aecc56-7e95-480d-b89c-2c00d33b4782@group-5EC277DF3249-LeaderElection228] INFO  impl.RoleInfo (RoleInfo.java:shutdownLeaderElection(134)) - 47aecc56-7e95-480d-b89c-2c00d33b4782: shutdown LeaderElection
2019-10-18 08:20:18,967 [47aecc56-7e95-480d-b89c-2c00d33b4782@group-5EC277DF3249-LeaderElection228] INFO  impl.RoleInfo (RoleInfo.java:updateAndGet(143)) - 47aecc56-7e95-480d-b89c-2c00d33b4782: start FollowerState
2019-10-18 08:20:19,151 [Thread-2175] INFO  impl.FollowerState (FollowerState.java:run(108)) - 47aecc56-7e95-480d-b89c-2c00d33b4782@group-5EC277DF3249-FollowerState: change to CANDIDATE, lastRpcTime:184ms, electionTimeout:184ms
2019-10-18 08:20:19,152 [Thread-2175] INFO  impl.RoleInfo (RoleInfo.java:shutdownFollowerState(121)) - 47aecc56-7e95-480d-b89c-2c00d33b4782: shutdown FollowerState
2019-10-18 08:20:19,152 [Thread-2175] INFO  impl.RaftServerImpl (RaftServerImpl.java:setRole(184)) - 47aecc56-7e95-480d-b89c-2c00d33b4782@group-5EC277DF3249: changes role from  FOLLOWER to CANDIDATE at term 243 for changeToCandidate
2019-10-18 08:20:19,152 [Thread-2175] INFO  impl.RoleInfo (RoleInfo.java:updateAndGet(143)) - 47aecc56-7e95-480d-b89c-2c00d33b4782: start LeaderElection
2019-10-18 08:20:19,166 [47aecc56-7e95-480d-b89c-2c00d33b4782@group-5EC277DF3249-LeaderElection229] INFO  impl.LeaderElection (LeaderElection.java:askForVotes(178)) - 47aecc56-7e95-480d-b89c-2c00d33b4782@group-5EC277DF3249-LeaderElection229: begin an election at term 244 for -1: [47aecc56-7e95-480d-b89c-2c00d33b4782:192.168.69.67:34550, 1bc296c6-def6-4ae4-8c62-5b4c951a28f1:192.168.69.67:37222, bc0382cc-50e2-4d58-b2de-e8b6250f3520:192.168.69.67:37666], old=null
2019-10-18 08:20:19,169 [grpc-default-executor-7] INFO  impl.RaftServerImpl (RaftServerImpl.java:setRole(184)) - 1bc296c6-def6-4ae4-8c62-5b4c951a28f1@group-5EC277DF3249: changes role from  FOLLOWER to FOLLOWER at term 244 for recognizeCandidate:47aecc56-7e95-480d-b89c-2c00d33b4782
2019-10-18 08:20:19,169 [grpc-default-executor-3] INFO  impl.RaftServerImpl (RaftServerImpl.java:setRole(184)) - bc0382cc-50e2-4d58-b2de-e8b6250f3520@group-5EC277DF3249: changes role from  FOLLOWER to FOLLOWER at term 244 for recognizeCandidate:47aecc56-7e95-480d-b89c-2c00d33b4782
2019-10-18 08:20:19,169 [grpc-default-executor-7] INFO  impl.RoleInfo (RoleInfo.java:shutdownFollowerState(121)) - 1bc296c6-def6-4ae4-8c62-5b4c951a28f1: shutdown FollowerState
2019-10-18 08:20:19,169 [grpc-default-executor-3] INFO  impl.RoleInfo (RoleInfo.java:shutdownFollowerState(121)) - bc0382cc-50e2-4d58-b2de-e8b6250f3520: shutdown FollowerState
2019-10-18 08:20:19,170 [Thread-2174] INFO  impl.FollowerState (FollowerState.java:run(117)) - 1bc296c6-def6-4ae4-8c62-5b4c951a28f1@group-5EC277DF3249-FollowerState was interrupted: java.lang.InterruptedException: sleep interrupted
2019-10-18 08:20:19,170 [grpc-default-executor-7] INFO  impl.RoleInfo (RoleInfo.java:updateAndGet(143)) - 1bc296c6-def6-4ae4-8c62-5b4c951a28f1: start FollowerState
2019-10-18 08:20:19,170 [Thread-2173] INFO  impl.FollowerState (FollowerState.java:run(117)) - bc0382cc-50e2-4d58-b2de-e8b6250f3520@group-5EC277DF3249-FollowerState was interrupted: java.lang.InterruptedException: sleep interrupted
2019-10-18 08:20:19,170 [grpc-default-executor-3] INFO  impl.RoleInfo (RoleInfo.java:updateAndGet(143)) - bc0382cc-50e2-4d58-b2de-e8b6250f3520: start FollowerState
 0.00% |?                                                                                                    |  0/1 Time: 0:04:272019-10-18 08:20:19,185 [47aecc56-7e95-480d-b89c-2c00d33b4782@group-5EC277DF3249-LeaderElection229] INFO  impl.LeaderElection (LeaderElection.java:logAndReturn(56)) - 47aecc56-7e95-480d-b89c-2c00d33b4782@group-5EC277DF3249-LeaderElection229: Election REJECTED; received 2 response(s) [47aecc56-7e95-480d-b89c-2c00d33b4782<-1bc296c6-def6-4ae4-8c62-5b4c951a28f1#0:FAIL-t244, 47aecc56-7e95-480d-b89c-2c00d33b4782<-bc0382cc-50e2-4d58-b2de-e8b6250f3520#0:FAIL-t244] and 0 exception(s); 47aecc56-7e95-480d-b89c-2c00d33b4782@group-5EC277DF3249:t244, leader=null, voted=47aecc56-7e95-480d-b89c-2c00d33b4782, raftlog=47aecc56-7e95-480d-b89c-2c00d33b4782@group-5EC277DF3249-SegmentedRaftLog:OPENED:c-1,f-1,i0, conf=-1: [47aecc56-7e95-480d-b89c-2c00d33b4782:192.168.69.67:34550, 1bc296c6-def6-4ae4-8c62-5b4c951a28f1:192.168.69.67:37222, bc0382cc-50e2-4d58-b2de-e8b6250f3520:192.168.69.67:37666], old=null
2019-10-18 08:20:19,185 [47aecc56-7e95-480d-b89c-2c00d33b4782@group-5EC277DF3249-LeaderElection229] INFO  impl.RaftServerImpl (RaftServerImpl.java:setRole(184)) - 47aecc56-7e95-480d-b89c-2c00d33b4782@group-5EC277DF3249: changes role from CANDIDATE to FOLLOWER at term 244 for DISCOVERED_A_NEW_TERM
2019-10-18 08:20:19,185 [47aecc56-7e95-480d-b89c-2c00d33b4782@group-5EC277DF3249-LeaderElection229] INFO  impl.RoleInfo (RoleInfo.java:shutdownLeaderElection(134)) - 47aecc56-7e95-480d-b89c-2c00d33b4782: shutdown LeaderElection
2019-10-18 08:20:19,185 [47aecc56-7e95-480d-b89c-2c00d33b4782@group-5EC277DF3249-LeaderElection229] INFO  impl.RoleInfo (RoleInfo.java:updateAndGet(143)) - 47aecc56-7e95-480d-b89c-2c00d33b4782: start FollowerState
2019-10-18 08:20:19,383 [Thread-2181] INFO  impl.FollowerState (FollowerState.java:run(108)) - 47aecc56-7e95-480d-b89c-2c00d33b4782@group-5EC277DF3249-FollowerState: change to CANDIDATE, lastRpcTime:197ms, electionTimeout:197ms
2019-10-18 08:20:19,383 [Thread-2181] INFO  impl.RoleInfo (RoleInfo.java:shutdownFollowerState(121)) - 47aecc56-7e95-480d-b89c-2c00d33b4782: shutdown FollowerState
2019-10-18 08:20:19,383 [Thread-2181] INFO  impl.RaftServerImpl (RaftServerImpl.java:setRole(184)) - 47aecc56-7e95-480d-b89c-2c00d33b4782@group-5EC277DF3249: changes role from  FOLLOWER to CANDIDATE at term 244 for changeToCandidate
2019-10-18 08:20:19,383 [Thread-2181] INFO  impl.RoleInfo (RoleInfo.java:updateAndGet(143)) - 47aecc56-7e95-480d-b89c-2c00d33b4782: start LeaderElection
2019-10-18 08:20:19,397 [47aecc56-7e95-480d-b89c-2c00d33b4782@group-5EC277DF3249-LeaderElection230] INFO  impl.LeaderElection (LeaderElection.java:askForVotes(178)) - 47aecc56-7e95-480d-b89c-2c00d33b4782@group-5EC277DF3249-LeaderElection230: begin an election at term 245 for -1: [47aecc56-7e95-480d-b89c-2c00d33b4782:192.168.69.67:34550, 1bc296c6-def6-4ae4-8c62-5b4c951a28f1:192.168.69.67:37222, bc0382cc-50e2-4d58-b2de-e8b6250f3520:192.168.69.67:37666], old=null
2019-10-18 08:20:19,399 [grpc-default-executor-3] INFO  impl.RaftServerImpl (RaftServerImpl.java:setRole(184)) - bc0382cc-50e2-4d58-b2de-e8b6250f3520@group-5EC277DF3249: changes role from  FOLLOWER to FOLLOWER at term 245 for recognizeCandidate:47aecc56-7e95-480d-b89c-2c00d33b4782
2019-10-18 08:20:19,399 [grpc-default-executor-7] INFO  impl.RaftServerImpl (RaftServerImpl.java:setRole(184)) - 1bc296c6-def6-4ae4-8c62-5b4c951a28f1@group-5EC277DF3249: changes role from  FOLLOWER to FOLLOWER at term 245 for recognizeCandidate:47aecc56-7e95-480d-b89c-2c00d33b4782
2019-10-18 08:20:19,399 [grpc-default-executor-3] INFO  impl.RoleInfo (RoleInfo.java:shutdownFollowerState(121)) - bc0382cc-50e2-4d58-b2de-e8b6250f3520: shutdown FollowerState
2019-10-18 08:20:19,400 [grpc-default-executor-7] INFO  impl.RoleInfo (RoleInfo.java:shutdownFollowerState(121)) - 1bc296c6-def6-4ae4-8c62-5b4c951a28f1: shutdown FollowerState
2019-10-18 08:20:19,400 [Thread-2180] INFO  impl.FollowerState (FollowerState.java:run(117)) - bc0382cc-50e2-4d58-b2de-e8b6250f3520@group-5EC277DF3249-FollowerState was interrupted: java.lang.InterruptedException: sleep interrupted
2019-10-18 08:20:19,400 [grpc-default-executor-3] INFO  impl.RoleInfo (RoleInfo.java:updateAndGet(143)) - bc0382cc-50e2-4d58-b2de-e8b6250f3520: start FollowerState
2019-10-18 08:20:19,400 [Thread-2179] INFO  impl.FollowerState (FollowerState.java:run(117)) - 1bc296c6-def6-4ae4-8c62-5b4c951a28f1@group-5EC277DF3249-FollowerState was interrupted: java.lang.InterruptedException: sleep interrupted
2019-10-18 08:20:19,400 [grpc-default-executor-7] INFO  impl.RoleInfo (RoleInfo.java:updateAndGet(143)) - 1bc296c6-def6-4ae4-8c62-5b4c951a28f1: start FollowerState
2019-10-18 08:20:19,414 [47aecc56-7e95-480d-b89c-2c00d33b4782@group-5EC277DF3249-LeaderElection230] INFO  impl.LeaderElection (LeaderElection.java:logAndReturn(56)) - 47aecc56-7e95-480d-b89c-2c00d33b4782@group-5EC277DF3249-LeaderElection230: Election REJECTED; received 2 response(s) [47aecc56-7e95-480d-b89c-2c00d33b4782<-1bc296c6-def6-4ae4-8c62-5b4c951a28f1#0:FAIL-t245, 47aecc56-7e95-480d-b89c-2c00d33b4782<-bc0382cc-50e2-4d58-b2de-e8b6250f3520#0:FAIL-t245] and 0 exception(s); 47aecc56-7e95-480d-b89c-2c00d33b4782@group-5EC277DF3249:t245, leader=null, voted=47aecc56-7e95-480d-b89c-2c00d33b4782, raftlog=47aecc56-7e95-480d-b89c-2c00d33b4782@group-5EC277DF3249-SegmentedRaftLog:OPENED:c-1,f-1,i0, conf=-1: [47aecc56-7e95-480d-b89c-2c00d33b4782:192.168.69.67:34550, 1bc296c6-def6-4ae4-8c62-5b4c951a28f1:192.168.69.67:37222, bc0382cc-50e2-4d58-b2de-e8b6250f3520:192.168.69.67:37666], old=null
2019-10-18 08:20:19,414 [47aecc56-7e95-480d-b89c-2c00d33b4782@group-5EC277DF3249-LeaderElection230] INFO  impl.RaftServerImpl (RaftServerImpl.java:setRole(184)) - 47aecc56-7e95-480d-b89c-2c00d33b4782@group-5EC277DF3249: changes role from CANDIDATE to FOLLOWER at term 245 for DISCOVERED_A_NEW_TERM
2019-10-18 08:20:19,414 [47aecc56-7e95-480d-b89c-2c00d33b4782@group-5EC277DF3249-LeaderElection230] INFO  impl.RoleInfo (RoleInfo.java:shutdownLeaderElection(134)) - 47aecc56-7e95-480d-b89c-2c00d33b4782: shutdown LeaderElection
2019-10-18 08:20:19,414 [47aecc56-7e95-480d-b89c-2c00d33b4782@group-5EC277DF3249-LeaderElection230] INFO  impl.RoleInfo (RoleInfo.java:updateAndGet(143)) - 47aecc56-7e95-480d-b89c-2c00d33b4782: start FollowerState
2019-10-18 08:20:19,561 [Thread-2187] INFO  impl.FollowerState (FollowerState.java:run(108)) - 47aecc56-7e95-480d-b89c-2c00d33b4782@group-5EC277DF3249-FollowerState: change to CANDIDATE, lastRpcTime:146ms, electionTimeout:146ms
2019-10-18 08:20:19,561 [Thread-2187] INFO  impl.RoleInfo (RoleInfo.java:shutdownFollowerState(121)) - 47aecc56-7e95-480d-b89c-2c00d33b4782: shutdown FollowerState
2019-10-18 08:20:19,561 [Thread-2187] INFO  impl.RaftServerImpl (RaftServerImpl.java:setRole(184)) - 47aecc56-7e95-480d-b89c-2c00d33b4782@group-5EC277DF3249: changes role from  FOLLOWER to CANDIDATE at term 245 for changeToCandidate
2019-10-18 08:20:19,562 [Thread-2187] INFO  impl.RoleInfo (RoleInfo.java:updateAndGet(143)) - 47aecc56-7e95-480d-b89c-2c00d33b4782: start LeaderElection
2019-10-18 08:20:19,575 [47aecc56-7e95-480d-b89c-2c00d33b4782@group-5EC277DF3249-LeaderElection231] INFO  impl.LeaderElection (LeaderElection.java:askForVotes(178)) - 47aecc56-7e95-480d-b89c-2c00d33b4782@group-5EC277DF3249-LeaderElection231: begin an election at term 246 for -1: [47aecc56-7e95-480d-b89c-2c00d33b4782:192.168.69.67:34550, 1bc296c6-def6-4ae4-8c62-5b4c951a28f1:192.168.69.67:37222, bc0382cc-50e2-4d58-b2de-e8b6250f3520:192.168.69.67:37666], old=null
2019-10-18 08:20:19,578 [grpc-default-executor-7] INFO  impl.RaftServerImpl (RaftServerImpl.java:setRole(184)) - 1bc296c6-def6-4ae4-8c62-5b4c951a28f1@group-5EC277DF3249: changes role from  FOLLOWER to FOLLOWER at term 246 for recognizeCandidate:47aecc56-7e95-480d-b89c-2c00d33b4782
2019-10-18 08:20:19,578 [grpc-default-executor-3] INFO  impl.RaftServerImpl (RaftServerImpl.java:setRole(184)) - bc0382cc-50e2-4d58-b2de-e8b6250f3520@group-5EC277DF3249: changes role from  FOLLOWER to FOLLOWER at term 246 for recognizeCandidate:47aecc56-7e95-480d-b89c-2c00d33b4782
2019-10-18 08:20:19,578 [grpc-default-executor-7] INFO  impl.RoleInfo (RoleInfo.java:shutdownFollowerState(121)) - 1bc296c6-def6-4ae4-8c62-5b4c951a28f1: shutdown FollowerState
2019-10-18 08:20:19,578 [grpc-default-executor-3] INFO  impl.RoleInfo (RoleInfo.java:shutdownFollowerState(121)) - bc0382cc-50e2-4d58-b2de-e8b6250f3520: shutdown FollowerState
2019-10-18 08:20:19,578 [Thread-2186] INFO  impl.FollowerState (FollowerState.java:run(117)) - 1bc296c6-def6-4ae4-8c62-5b4c951a28f1@group-5EC277DF3249-FollowerState was interrupted: java.lang.InterruptedException: sleep interrupted
2019-10-18 08:20:19,578 [grpc-default-executor-7] INFO  impl.RoleInfo (RoleInfo.java:updateAndGet(143)) - 1bc296c6-def6-4ae4-8c62-5b4c951a28f1: start FollowerState
2019-10-18 08:20:19,579 [Thread-2185] INFO  impl.FollowerState (FollowerState.java:run(117)) - bc0382cc-50e2-4d58-b2de-e8b6250f3520@group-5EC277DF3249-FollowerState was interrupted: java.lang.InterruptedException: sleep interrupted
2019-10-18 08:20:19,579 [grpc-default-executor-3] INFO  impl.RoleInfo (RoleInfo.java:updateAndGet(143)) - bc0382cc-50e2-4d58-b2de-e8b6250f3520: start FollowerState
2019-10-18 08:20:19,593 [47aecc56-7e95-480d-b89c-2c00d33b4782@group-5EC277DF3249-LeaderElection231] INFO  impl.LeaderElection (LeaderElection.java:logAndReturn(56)) - 47aecc56-7e95-480d-b89c-2c00d33b4782@group-5EC277DF3249-LeaderElection231: Election REJECTED; received 2 response(s) [47aecc56-7e95-480d-b89c-2c00d33b4782<-1bc296c6-def6-4ae4-8c62-5b4c951a28f1#0:FAIL-t246, 47aecc56-7e95-480d-b89c-2c00d33b4782<-bc0382cc-50e2-4d58-b2de-e8b6250f3520#0:FAIL-t246] and 0 exception(s); 47aecc56-7e95-480d-b89c-2c00d33b4782@group-5EC277DF3249:t246, leader=null, voted=47aecc56-7e95-480d-b89c-2c00d33b4782, raftlog=47aecc56-7e95-480d-b89c-2c00d33b4782@group-5EC277DF3249-SegmentedRaftLog:OPENED:c-1,f-1,i0, conf=-1: [47aecc56-7e95-480d-b89c-2c00d33b4782:192.168.69.67:34550, 1bc296c6-def6-4ae4-8c62-5b4c951a28f1:192.168.69.67:37222, bc0382cc-50e2-4d58-b2de-e8b6250f3520:192.168.69.67:37666], old=null
2019-10-18 08:20:19,594 [47aecc56-7e95-480d-b89c-2c00d33b4782@group-5EC277DF3249-LeaderElection231] INFO  impl.RaftServerImpl (RaftServerImpl.java:setRole(184)) - 47aecc56-7e95-480d-b89c-2c00d33b4782@group-5EC277DF3249: changes role from CANDIDATE to FOLLOWER at term 246 for DISCOVERED_A_NEW_TERM
2019-10-18 08:20:19,594 [47aecc56-7e95-480d-b89c-2c00d33b4782@group-5EC277DF3249-LeaderElection231] INFO  impl.RoleInfo (RoleInfo.java:shutdownLeaderElection(134)) - 47aecc56-7e95-480d-b89c-2c00d33b4782: shutdown LeaderElection
2019-10-18 08:20:19,594 [47aecc56-7e95-480d-b89c-2c00d33b4782@group-5EC277DF3249-LeaderElection231] INFO  impl.RoleInfo (RoleInfo.java:updateAndGet(143)) - 47aecc56-7e95-480d-b89c-2c00d33b4782: start FollowerState
2019-10-18 08:20:19,601 [Thread-2193] INFO  impl.FollowerState (FollowerState.java:run(108)) - 47aecc56-7e95-480d-b89c-2c00d33b4782@group-5EC277DF3249-FollowerState: change to CANDIDATE, lastRpcTime:7ms, electionTimeout:7ms
2019-10-18 08:20:19,601 [Thread-2193] INFO  impl.RoleInfo (RoleInfo.java:shutdownFollowerState(121)) - 47aecc56-7e95-480d-b89c-2c00d33b4782: shutdown FollowerState
2019-10-18 08:20:19,601 [Thread-2193] INFO  impl.RaftServerImpl (RaftServerImpl.java:setRole(184)) - 47aecc56-7e95-480d-b89c-2c00d33b4782@group-5EC277DF3249: changes role from  FOLLOWER to CANDIDATE at term 246 for changeToCandidate
2019-10-18 08:20:19,602 [Thread-2193] INFO  impl.RoleInfo (RoleInfo.java:updateAndGet(143)) - 47aecc56-7e95-480d-b89c-2c00d33b4782: start LeaderElection
2019-10-18 08:20:19,615 [47aecc56-7e95-480d-b89c-2c00d33b4782@group-5EC277DF3249-LeaderElection232] INFO  impl.LeaderElection (LeaderElection.java:askForVotes(178)) - 47aecc56-7e95-480d-b89c-2c00d33b4782@group-5EC277DF3249-LeaderElection232: begin an election at term 247 for -1: [47aecc56-7e95-480d-b89c-2c00d33b4782:192.168.69.67:34550, 1bc296c6-def6-4ae4-8c62-5b4c951a28f1:192.168.69.67:37222, bc0382cc-50e2-4d58-b2de-e8b6250f3520:192.168.69.67:37666], old=null
2019-10-18 08:20:19,617 [grpc-default-executor-7] INFO  impl.RaftServerImpl (RaftServerImpl.java:setRole(184)) - 1bc296c6-def6-4ae4-8c62-5b4c951a28f1@group-5EC277DF3249: changes role from  FOLLOWER to FOLLOWER at term 247 for recognizeCandidate:47aecc56-7e95-480d-b89c-2c00d33b4782
2019-10-18 08:20:19,617 [grpc-default-executor-7] INFO  impl.RoleInfo (RoleInfo.java:shutdownFollowerState(121)) - 1bc296c6-def6-4ae4-8c62-5b4c951a28f1: shutdown FollowerState
2019-10-18 08:20:19,617 [grpc-default-executor-3] INFO  impl.RaftServerImpl (RaftServerImpl.java:setRole(184)) - bc0382cc-50e2-4d58-b2de-e8b6250f3520@group-5EC277DF3249: changes role from  FOLLOWER to FOLLOWER at term 247 for recognizeCandidate:47aecc56-7e95-480d-b89c-2c00d33b4782
2019-10-18 08:20:19,617 [grpc-default-executor-3] INFO  impl.RoleInfo (RoleInfo.java:shutdownFollowerState(121)) - bc0382cc-50e2-4d58-b2de-e8b6250f3520: shutdown FollowerState
2019-10-18 08:20:19,617 [Thread-2191] INFO  impl.FollowerState (FollowerState.java:run(117)) - 1bc296c6-def6-4ae4-8c62-5b4c951a28f1@group-5EC277DF3249-FollowerState was interrupted: java.lang.InterruptedException: sleep interrupted
2019-10-18 08:20:19,617 [grpc-default-executor-7] INFO  impl.RoleInfo (RoleInfo.java:updateAndGet(143)) - 1bc296c6-def6-4ae4-8c62-5b4c951a28f1: start FollowerState
2019-10-18 08:20:19,618 [Thread-2192] INFO  impl.FollowerState (FollowerState.java:run(117)) - bc0382cc-50e2-4d58-b2de-e8b6250f3520@group-5EC277DF3249-FollowerState was interrupted: java.lang.InterruptedException: sleep interrupted
2019-10-18 08:20:19,618 [grpc-default-executor-3] INFO  impl.RoleInfo (RoleInfo.java:updateAndGet(143)) - bc0382cc-50e2-4d58-b2de-e8b6250f3520: start FollowerState
2019-10-18 08:20:19,628 [47aecc56-7e95-480d-b89c-2c00d33b4782@group-5EC277DF3249-LeaderElection232] INFO  impl.LeaderElection (LeaderElection.java:logAndReturn(56)) - 47aecc56-7e95-480d-b89c-2c00d33b4782@group-5EC277DF3249-LeaderElection232: Election TIMEOUT; received 0 response(s) [] and 0 exception(s); 47aecc56-7e95-480d-b89c-2c00d33b4782@group-5EC277DF3249:t247, leader=null, voted=47aecc56-7e95-480d-b89c-2c00d33b4782, raftlog=47aecc56-7e95-480d-b89c-2c00d33b4782@group-5EC277DF3249-SegmentedRaftLog:OPENED:c-1,f-1,i0, conf=-1: [47aecc56-7e95-480d-b89c-2c00d33b4782:192.168.69.67:34550, 1bc296c6-def6-4ae4-8c62-5b4c951a28f1:192.168.69.67:37222, bc0382cc-50e2-4d58-b2de-e8b6250f3520:192.168.69.67:37666], old=null
2019-10-18 08:20:19,632 [47aecc56-7e95-480d-b89c-2c00d33b4782@group-5EC277DF3249-LeaderElection232] INFO  impl.LeaderElection (LeaderElection.java:askForVotes(178)) - 47aecc56-7e95-480d-b89c-2c00d33b4782@group-5EC277DF3249-LeaderElection232: begin an election at term 248 for -1: [47aecc56-7e95-480d-b89c-2c00d33b4782:192.168.69.67:34550, 1bc296c6-def6-4ae4-8c62-5b4c951a28f1:192.168.69.67:37222, bc0382cc-50e2-4d58-b2de-e8b6250f3520:192.168.69.67:37666], old=null
2019-10-18 08:20:19,633 [grpc-default-executor-3] INFO  impl.RaftServerImpl (RaftServerImpl.java:setRole(184)) - 1bc296c6-def6-4ae4-8c62-5b4c951a28f1@group-5EC277DF3249: changes role from  FOLLOWER to FOLLOWER at term 248 for recognizeCandidate:47aecc56-7e95-480d-b89c-2c00d33b4782
2019-10-18 08:20:19,633 [grpc-default-executor-3] INFO  impl.RoleInfo (RoleInfo.java:shutdownFollowerState(121)) - 1bc296c6-def6-4ae4-8c62-5b4c951a28f1: shutdown FollowerState
2019-10-18 08:20:19,634 [grpc-default-executor-3] INFO  impl.RoleInfo (RoleInfo.java:updateAndGet(143)) - 1bc296c6-def6-4ae4-8c62-5b4c951a28f1: start FollowerState
2019-10-18 08:20:19,634 [grpc-default-executor-7] INFO  impl.RaftServerImpl (RaftServerImpl.java:setRole(184)) - bc0382cc-50e2-4d58-b2de-e8b6250f3520@group-5EC277DF3249: changes role from  FOLLOWER to FOLLOWER at term 248 for recognizeCandidate:47aecc56-7e95-480d-b89c-2c00d33b4782
2019-10-18 08:20:19,634 [grpc-default-executor-7] INFO  impl.RoleInfo (RoleInfo.java:shutdownFollowerState(121)) - bc0382cc-50e2-4d58-b2de-e8b6250f3520: shutdown FollowerState
2019-10-18 08:20:19,634 [Thread-2197] INFO  impl.FollowerState (FollowerState.java:run(117)) - 1bc296c6-def6-4ae4-8c62-5b4c951a28f1@group-5EC277DF3249-FollowerState was interrupted: java.lang.InterruptedException: sleep interrupted
2019-10-18 08:20:19,634 [grpc-default-executor-7] INFO  impl.RoleInfo (RoleInfo.java:updateAndGet(143)) - bc0382cc-50e2-4d58-b2de-e8b6250f3520: start FollowerState
2019-10-18 08:20:19,634 [Thread-2198] INFO  impl.FollowerState (FollowerState.java:run(117)) - bc0382cc-50e2-4d58-b2de-e8b6250f3520@group-5EC277DF3249-FollowerState was interrupted: java.lang.InterruptedException: sleep interrupted
2019-10-18 08:20:19,654 [47aecc56-7e95-480d-b89c-2c00d33b4782@group-5EC277DF3249-LeaderElection232] INFO  impl.LeaderElection (LeaderElection.java:logAndReturn(56)) - 47aecc56-7e95-480d-b89c-2c00d33b4782@group-5EC277DF3249-LeaderElection232: Election REJECTED; received 2 response(s) [47aecc56-7e95-480d-b89c-2c00d33b4782<-1bc296c6-def6-4ae4-8c62-5b4c951a28f1#0:FAIL-t248, 47aecc56-7e95-480d-b89c-2c00d33b4782<-bc0382cc-50e2-4d58-b2de-e8b6250f3520#0:FAIL-t248] and 0 exception(s); 47aecc56-7e95-480d-b89c-2c00d33b4782@group-5EC277DF3249:t248, leader=null, voted=47aecc56-7e95-480d-b89c-2c00d33b4782, raftlog=47aecc56-7e95-480d-b89c-2c00d33b4782@group-5EC277DF3249-SegmentedRaftLog:OPENED:c-1,f-1,i0, conf=-1: [47aecc56-7e95-480d-b89c-2c00d33b4782:192.168.69.67:34550, 1bc296c6-def6-4ae4-8c62-5b4c951a28f1:192.168.69.67:37222, bc0382cc-50e2-4d58-b2de-e8b6250f3520:192.168.69.67:37666], old=null
2019-10-18 08:20:19,654 [47aecc56-7e95-480d-b89c-2c00d33b4782@group-5EC277DF3249-LeaderElection232] INFO  impl.RaftServerImpl (RaftServerImpl.java:setRole(184)) - 47aecc56-7e95-480d-b89c-2c00d33b4782@group-5EC277DF3249: changes role from CANDIDATE to FOLLOWER at term 248 for DISCOVERED_A_NEW_TERM
2019-10-18 08:20:19,654 [47aecc56-7e95-480d-b89c-2c00d33b4782@group-5EC277DF3249-LeaderElection232] INFO  impl.RoleInfo (RoleInfo.java:shutdownLeaderElection(134)) - 47aecc56-7e95-480d-b89c-2c00d33b4782: shutdown LeaderElection
2019-10-18 08:20:19,655 [47aecc56-7e95-480d-b89c-2c00d33b4782@group-5EC277DF3249-LeaderElection232] INFO  impl.RoleInfo (RoleInfo.java:updateAndGet(143)) - 47aecc56-7e95-480d-b89c-2c00d33b4782: start FollowerState
2019-10-18 08:20:19,777 [Thread-2203] INFO  impl.FollowerState (FollowerState.java:run(108)) - 47aecc56-7e95-480d-b89c-2c00d33b4782@group-5EC277DF3249-FollowerState: change to CANDIDATE, lastRpcTime:122ms, electionTimeout:122ms
2019-10-18 08:20:19,777 [Thread-2203] INFO  impl.RoleInfo (RoleInfo.java:shutdownFollowerState(121)) - 47aecc56-7e95-480d-b89c-2c00d33b4782: shutdown FollowerState
2019-10-18 08:20:19,777 [Thread-2203] INFO  impl.RaftServerImpl (RaftServerImpl.java:setRole(184)) - 47aecc56-7e95-480d-b89c-2c00d33b4782@group-5EC277DF3249: changes role from  FOLLOWER to CANDIDATE at term 248 for changeToCandidate
2019-10-18 08:20:19,777 [Thread-2203] INFO  impl.RoleInfo (RoleInfo.java:updateAndGet(143)) - 47aecc56-7e95-480d-b89c-2c00d33b4782: start LeaderElection
2019-10-18 08:20:19,792 [47aecc56-7e95-480d-b89c-2c00d33b4782@group-5EC277DF3249-LeaderElection233] INFO  impl.LeaderElection (LeaderElection.java:askForVotes(178)) - 47aecc56-7e95-480d-b89c-2c00d33b4782@group-5EC277DF3249-LeaderElection233: begin an election at term 249 for -1: [47aecc56-7e95-480d-b89c-2c00d33b4782:192.168.69.67:34550, 1bc296c6-def6-4ae4-8c62-5b4c951a28f1:192.168.69.67:37222, bc0382cc-50e2-4d58-b2de-e8b6250f3520:192.168.69.67:37666], old=null
2019-10-18 08:20:19,795 [grpc-default-executor-3] INFO  impl.RaftServerImpl (RaftServerImpl.java:setRole(184)) - bc0382cc-50e2-4d58-b2de-e8b6250f3520@group-5EC277DF3249: changes role from  FOLLOWER to FOLLOWER at term 249 for recognizeCandidate:47aecc56-7e95-480d-b89c-2c00d33b4782
2019-10-18 08:20:19,795 [grpc-default-executor-7] INFO  impl.RaftServerImpl (RaftServerImpl.java:setRole(184)) - 1bc296c6-def6-4ae4-8c62-5b4c951a28f1@group-5EC277DF3249: changes role from  FOLLOWER to FOLLOWER at term 249 for recognizeCandidate:47aecc56-7e95-480d-b89c-2c00d33b4782
2019-10-18 08:20:19,795 [grpc-default-executor-3] INFO  impl.RoleInfo (RoleInfo.java:shutdownFollowerState(121)) - bc0382cc-50e2-4d58-b2de-e8b6250f3520: shutdown FollowerState
2019-10-18 08:20:19,795 [grpc-default-executor-7] INFO  impl.RoleInfo (RoleInfo.java:shutdownFollowerState(121)) - 1bc296c6-def6-4ae4-8c62-5b4c951a28f1: shutdown FollowerState
2019-10-18 08:20:19,795 [Thread-2202] INFO  impl.FollowerState (FollowerState.java:run(117)) - bc0382cc-50e2-4d58-b2de-e8b6250f3520@group-5EC277DF3249-FollowerState was interrupted: java.lang.InterruptedException: sleep interrupted
2019-10-18 08:20:19,795 [grpc-default-executor-3] INFO  impl.RoleInfo (RoleInfo.java:updateAndGet(143)) - bc0382cc-50e2-4d58-b2de-e8b6250f3520: start FollowerState
2019-10-18 08:20:19,795 [Thread-2201] INFO  impl.FollowerState (FollowerState.java:run(117)) - 1bc296c6-def6-4ae4-8c62-5b4c951a28f1@group-5EC277DF3249-FollowerState was interrupted: java.lang.InterruptedException: sleep interrupted
2019-10-18 08:20:19,795 [grpc-default-executor-7] INFO  impl.RoleInfo (RoleInfo.java:updateAndGet(143)) - 1bc296c6-def6-4ae4-8c62-5b4c951a28f1: start FollowerState
2019-10-18 08:20:19,811 [47aecc56-7e95-480d-b89c-2c00d33b4782@group-5EC277DF3249-LeaderElection233] INFO  impl.LeaderElection (LeaderElection.java:logAndReturn(56)) - 47aecc56-7e95-480d-b89c-2c00d33b4782@group-5EC277DF3249-LeaderElection233: Election REJECTED; received 2 response(s) [47aecc56-7e95-480d-b89c-2c00d33b4782<-1bc296c6-def6-4ae4-8c62-5b4c951a28f1#0:FAIL-t249, 47aecc56-7e95-480d-b89c-2c00d33b4782<-bc0382cc-50e2-4d58-b2de-e8b6250f3520#0:FAIL-t249] and 0 exception(s); 47aecc56-7e95-480d-b89c-2c00d33b4782@group-5EC277DF3249:t249, leader=null, voted=47aecc56-7e95-480d-b89c-2c00d33b4782, raftlog=47aecc56-7e95-480d-b89c-2c00d33b4782@group-5EC277DF3249-SegmentedRaftLog:OPENED:c-1,f-1,i0, conf=-1: [47aecc56-7e95-480d-b89c-2c00d33b4782:192.168.69.67:34550, 1bc296c6-def6-4ae4-8c62-5b4c951a28f1:192.168.69.67:37222, bc0382cc-50e2-4d58-b2de-e8b6250f3520:192.168.69.67:37666], old=null
2019-10-18 08:20:19,811 [47aecc56-7e95-480d-b89c-2c00d33b4782@group-5EC277DF3249-LeaderElection233] INFO  impl.RaftServerImpl (RaftServerImpl.java:setRole(184)) - 47aecc56-7e95-480d-b89c-2c00d33b4782@group-5EC277DF3249: changes role from CANDIDATE to FOLLOWER at term 249 for DISCOVERED_A_NEW_TERM
2019-10-18 08:20:19,811 [47aecc56-7e95-480d-b89c-2c00d33b4782@group-5EC277DF3249-LeaderElection233] INFO  impl.RoleInfo (RoleInfo.java:shutdownLeaderElection(134)) - 47aecc56-7e95-480d-b89c-2c00d33b4782: shutdown LeaderElection
2019-10-18 08:20:19,811 [47aecc56-7e95-480d-b89c-2c00d33b4782@group-5EC277DF3249-LeaderElection233] INFO  impl.RoleInfo (RoleInfo.java:updateAndGet(143)) - 47aecc56-7e95-480d-b89c-2c00d33b4782: start FollowerState
2019-10-18 08:20:19,887 [Thread-2209] INFO  impl.FollowerState (FollowerState.java:run(108)) - 47aecc56-7e95-480d-b89c-2c00d33b4782@group-5EC277DF3249-FollowerState: change to CANDIDATE, lastRpcTime:75ms, electionTimeout:75ms
2019-10-18 08:20:19,887 [Thread-2209] INFO  impl.RoleInfo (RoleInfo.java:shutdownFollowerState(121)) - 47aecc56-7e95-480d-b89c-2c00d33b4782: shutdown FollowerState
2019-10-18 08:20:19,887 [Thread-2209] INFO  impl.RaftServerImpl (RaftServerImpl.java:setRole(184)) - 47aecc56-7e95-480d-b89c-2c00d33b4782@group-5EC277DF3249: changes role from  FOLLOWER to CANDIDATE at term 249 for changeToCandidate
2019-10-18 08:20:19,887 [Thread-2209] INFO  impl.RoleInfo (RoleInfo.java:updateAndGet(143)) - 47aecc56-7e95-480d-b89c-2c00d33b4782: start LeaderElection
2019-10-18 08:20:19,900 [47aecc56-7e95-480d-b89c-2c00d33b4782@group-5EC277DF3249-LeaderElection234] INFO  impl.LeaderElection (LeaderElection.java:askForVotes(178)) - 47aecc56-7e95-480d-b89c-2c00d33b4782@group-5EC277DF3249-LeaderElection234: begin an election at term 250 for -1: [47aecc56-7e95-480d-b89c-2c00d33b4782:192.168.69.67:34550, 1bc296c6-def6-4ae4-8c62-5b4c951a28f1:192.168.69.67:37222, bc0382cc-50e2-4d58-b2de-e8b6250f3520:192.168.69.67:37666], old=null
2019-10-18 08:20:19,906 [grpc-default-executor-7] INFO  impl.RaftServerImpl (RaftServerImpl.java:setRole(184)) - 1bc296c6-def6-4ae4-8c62-5b4c951a28f1@group-5EC277DF3249: changes role from  FOLLOWER to FOLLOWER at term 250 for recognizeCandidate:47aecc56-7e95-480d-b89c-2c00d33b4782
2019-10-18 08:20:19,906 [grpc-default-executor-3] INFO  impl.RaftServerImpl (RaftServerImpl.java:setRole(184)) - bc0382cc-50e2-4d58-b2de-e8b6250f3520@group-5EC277DF3249: changes role from  FOLLOWER to FOLLOWER at term 250 for recognizeCandidate:47aecc56-7e95-480d-b89c-2c00d33b4782
2019-10-18 08:20:19,907 [grpc-default-executor-7] INFO  impl.RoleInfo (RoleInfo.java:shutdownFollowerState(121)) - 1bc296c6-def6-4ae4-8c62-5b4c951a28f1: shutdown FollowerState
2019-10-18 08:20:19,907 [grpc-default-executor-3] INFO  impl.RoleInfo (RoleInfo.java:shutdownFollowerState(121)) - bc0382cc-50e2-4d58-b2de-e8b6250f3520: shutdown FollowerState
2019-10-18 08:20:19,907 [grpc-default-executor-7] INFO  impl.RoleInfo (RoleInfo.java:updateAndGet(143)) - 1bc296c6-def6-4ae4-8c62-5b4c951a28f1: start FollowerState
2019-10-18 08:20:19,907 [grpc-default-executor-3] INFO  impl.RoleInfo (RoleInfo.java:updateAndGet(143)) - bc0382cc-50e2-4d58-b2de-e8b6250f3520: start FollowerState
2019-10-18 08:20:19,908 [Thread-2208] INFO  impl.FollowerState (FollowerState.java:run(117)) - 1bc296c6-def6-4ae4-8c62-5b4c951a28f1@group-5EC277DF3249-FollowerState was interrupted: java.lang.InterruptedException: sleep interrupted
2019-10-18 08:20:19,908 [Thread-2207] INFO  impl.FollowerState (FollowerState.java:run(117)) - bc0382cc-50e2-4d58-b2de-e8b6250f3520@group-5EC277DF3249-FollowerState was interrupted: java.lang.InterruptedException: sleep interrupted
2019-10-18 08:20:19,928 [47aecc56-7e95-480d-b89c-2c00d33b4782@group-5EC277DF3249-LeaderElection234] INFO  impl.LeaderElection (LeaderElection.java:logAndReturn(56)) - 47aecc56-7e95-480d-b89c-2c00d33b4782@group-5EC277DF3249-LeaderElection234: Election REJECTED; received 2 response(s) [47aecc56-7e95-480d-b89c-2c00d33b4782<-1bc296c6-def6-4ae4-8c62-5b4c951a28f1#0:FAIL-t250, 47aecc56-7e95-480d-b89c-2c00d33b4782<-bc0382cc-50e2-4d58-b2de-e8b6250f3520#0:FAIL-t250] and 0 exception(s); 47aecc56-7e95-480d-b89c-2c00d33b4782@group-5EC277DF3249:t250, leader=null, voted=47aecc56-7e95-480d-b89c-2c00d33b4782, raftlog=47aecc56-7e95-480d-b89c-2c00d33b4782@group-5EC277DF3249-SegmentedRaftLog:OPENED:c-1,f-1,i0, conf=-1: [47aecc56-7e95-480d-b89c-2c00d33b4782:192.168.69.67:34550, 1bc296c6-def6-4ae4-8c62-5b4c951a28f1:192.168.69.67:37222, bc0382cc-50e2-4d58-b2de-e8b6250f3520:192.168.69.67:37666], old=null
2019-10-18 08:20:19,928 [47aecc56-7e95-480d-b89c-2c00d33b4782@group-5EC277DF3249-LeaderElection234] INFO  impl.RaftServerImpl (RaftServerImpl.java:setRole(184)) - 47aecc56-7e95-480d-b89c-2c00d33b4782@group-5EC277DF3249: changes role from CANDIDATE to FOLLOWER at term 250 for DISCOVERED_A_NEW_TERM
2019-10-18 08:20:19,928 [47aecc56-7e95-480d-b89c-2c00d33b4782@group-5EC277DF3249-LeaderElection234] INFO  impl.RoleInfo (RoleInfo.java:shutdownLeaderElection(134)) - 47aecc56-7e95-480d-b89c-2c00d33b4782: shutdown LeaderElection
2019-10-18 08:20:19,928 [47aecc56-7e95-480d-b89c-2c00d33b4782@group-5EC277DF3249-LeaderElection234] INFO  impl.RoleInfo (RoleInfo.java:updateAndGet(143)) - 47aecc56-7e95-480d-b89c-2c00d33b4782: start FollowerState
2019-10-18 08:20:20,003 [Thread-2215] INFO  impl.FollowerState (FollowerState.java:run(108)) - 47aecc56-7e95-480d-b89c-2c00d33b4782@group-5EC277DF3249-FollowerState: change to CANDIDATE, lastRpcTime:74ms, electionTimeout:74ms
2019-10-18 08:20:20,003 [Thread-2215] INFO  impl.RoleInfo (RoleInfo.java:shutdownFollowerState(121)) - 47aecc56-7e95-480d-b89c-2c00d33b4782: shutdown FollowerState
2019-10-18 08:20:20,003 [Thread-2215] INFO  impl.RaftServerImpl (RaftServerImpl.java:setRole(184)) - 47aecc56-7e95-480d-b89c-2c00d33b4782@group-5EC277DF3249: changes role from  FOLLOWER to CANDIDATE at term 250 for changeToCandidate
2019-10-18 08:20:20,003 [Thread-2215] INFO  impl.RoleInfo (RoleInfo.java:updateAndGet(143)) - 47aecc56-7e95-480d-b89c-2c00d33b4782: start LeaderElection
2019-10-18 08:20:20,017 [47aecc56-7e95-480d-b89c-2c00d33b4782@group-5EC277DF3249-LeaderElection235] INFO  impl.LeaderElection (LeaderElection.java:askForVotes(178)) - 47aecc56-7e95-480d-b89c-2c00d33b4782@group-5EC277DF3249-LeaderElection235: begin an election at term 251 for -1: [47aecc56-7e95-480d-b89c-2c00d33b4782:192.168.69.67:34550, 1bc296c6-def6-4ae4-8c62-5b4c951a28f1:192.168.69.67:37222, bc0382cc-50e2-4d58-b2de-e8b6250f3520:192.168.69.67:37666], old=null
2019-10-18 08:20:20,020 [grpc-default-executor-3] INFO  impl.RaftServerImpl (RaftServerImpl.java:setRole(184)) - 1bc296c6-def6-4ae4-8c62-5b4c951a28f1@group-5EC277DF3249: changes role from  FOLLOWER to FOLLOWER at term 251 for recognizeCandidate:47aecc56-7e95-480d-b89c-2c00d33b4782
2019-10-18 08:20:20,020 [grpc-default-executor-3] INFO  impl.RoleInfo (RoleInfo.java:shutdownFollowerState(121)) - 1bc296c6-def6-4ae4-8c62-5b4c951a28f1: shutdown FollowerState
2019-10-18 08:20:20,020 [grpc-default-executor-7] INFO  impl.RaftServerImpl (RaftServerImpl.java:setRole(184)) - bc0382cc-50e2-4d58-b2de-e8b6250f3520@group-5EC277DF3249: changes role from  FOLLOWER to FOLLOWER at term 251 for recognizeCandidate:47aecc56-7e95-480d-b89c-2c00d33b4782
2019-10-18 08:20:20,021 [Thread-2213] INFO  impl.FollowerState (FollowerState.java:run(117)) - 1bc296c6-def6-4ae4-8c62-5b4c951a28f1@group-5EC277DF3249-FollowerState was interrupted: java.lang.InterruptedException: sleep interrupted
2019-10-18 08:20:20,021 [grpc-default-executor-3] INFO  impl.RoleInfo (RoleInfo.java:updateAndGet(143)) - 1bc296c6-def6-4ae4-8c62-5b4c951a28f1: start FollowerState
2019-10-18 08:20:20,021 [grpc-default-executor-7] INFO  impl.RoleInfo (RoleInfo.java:shutdownFollowerState(121)) - bc0382cc-50e2-4d58-b2de-e8b6250f3520: shutdown FollowerState
2019-10-18 08:20:20,021 [grpc-default-executor-7] INFO  impl.RoleInfo (RoleInfo.java:updateAndGet(143)) - bc0382cc-50e2-4d58-b2de-e8b6250f3520: start FollowerState
2019-10-18 08:20:20,021 [Thread-2214] INFO  impl.FollowerState (FollowerState.java:run(117)) - bc0382cc-50e2-4d58-b2de-e8b6250f3520@group-5EC277DF3249-FollowerState was interrupted: java.lang.InterruptedException: sleep interrupted
2019-10-18 08:20:20,035 [47aecc56-7e95-480d-b89c-2c00d33b4782@group-5EC277DF3249-LeaderElection235] INFO  impl.LeaderElection (LeaderElection.java:logAndReturn(56)) - 47aecc56-7e95-480d-b89c-2c00d33b4782@group-5EC277DF3249-LeaderElection235: Election REJECTED; received 2 response(s) [47aecc56-7e95-480d-b89c-2c00d33b4782<-1bc296c6-def6-4ae4-8c62-5b4c951a28f1#0:FAIL-t251, 47aecc56-7e95-480d-b89c-2c00d33b4782<-bc0382cc-50e2-4d58-b2de-e8b6250f3520#0:FAIL-t251] and 0 exception(s); 47aecc56-7e95-480d-b89c-2c00d33b4782@group-5EC277DF3249:t251, leader=null, voted=47aecc56-7e95-480d-b89c-2c00d33b4782, raftlog=47aecc56-7e95-480d-b89c-2c00d33b4782@group-5EC277DF3249-SegmentedRaftLog:OPENED:c-1,f-1,i0, conf=-1: [47aecc56-7e95-480d-b89c-2c00d33b4782:192.168.69.67:34550, 1bc296c6-def6-4ae4-8c62-5b4c951a28f1:192.168.69.67:37222, bc0382cc-50e2-4d58-b2de-e8b6250f3520:192.168.69.67:37666], old=null
2019-10-18 08:20:20,036 [47aecc56-7e95-480d-b89c-2c00d33b4782@group-5EC277DF3249-LeaderElection235] INFO  impl.RaftServerImpl (RaftServerImpl.java:setRole(184)) - 47aecc56-7e95-480d-b89c-2c00d33b4782@group-5EC277DF3249: changes role from CANDIDATE to FOLLOWER at term 251 for DISCOVERED_A_NEW_TERM
2019-10-18 08:20:20,036 [47aecc56-7e95-480d-b89c-2c00d33b4782@group-5EC277DF3249-LeaderElection235] INFO  impl.RoleInfo (RoleInfo.java:shutdownLeaderElection(134)) - 47aecc56-7e95-480d-b89c-2c00d33b4782: shutdown LeaderElection
2019-10-18 08:20:20,036 [47aecc56-7e95-480d-b89c-2c00d33b4782@group-5EC277DF3249-LeaderElection235] INFO  impl.RoleInfo (RoleInfo.java:updateAndGet(143)) - 47aecc56-7e95-480d-b89c-2c00d33b4782: start FollowerState
 0.00% |?                                                                                                    |  0/1 Time: 0:04:282019-10-18 08:20:20,217 [Thread-2221] INFO  impl.FollowerState (FollowerState.java:run(108)) - 47aecc56-7e95-480d-b89c-2c00d33b4782@group-5EC277DF3249-FollowerState: change to CANDIDATE, lastRpcTime:181ms, electionTimeout:181ms
2019-10-18 08:20:20,217 [Thread-2221] INFO  impl.RoleInfo (RoleInfo.java:shutdownFollowerState(121)) - 47aecc56-7e95-480d-b89c-2c00d33b4782: shutdown FollowerState
2019-10-18 08:20:20,217 [Thread-2221] INFO  impl.RaftServerImpl (RaftServerImpl.java:setRole(184)) - 47aecc56-7e95-480d-b89c-2c00d33b4782@group-5EC277DF3249: changes role from  FOLLOWER to CANDIDATE at term 251 for changeToCandidate
2019-10-18 08:20:20,218 [Thread-2221] INFO  impl.RoleInfo (RoleInfo.java:updateAndGet(143)) - 47aecc56-7e95-480d-b89c-2c00d33b4782: start LeaderElection
2019-10-18 08:20:20,268 [47aecc56-7e95-480d-b89c-2c00d33b4782@group-5EC277DF3249-LeaderElection236] INFO  impl.LeaderElection (LeaderElection.java:askForVotes(178)) - 47aecc56-7e95-480d-b89c-2c00d33b4782@group-5EC277DF3249-LeaderElection236: begin an election at term 252 for -1: [47aecc56-7e95-480d-b89c-2c00d33b4782:192.168.69.67:34550, 1bc296c6-def6-4ae4-8c62-5b4c951a28f1:192.168.69.67:37222, bc0382cc-50e2-4d58-b2de-e8b6250f3520:192.168.69.67:37666], old=null
2019-10-18 08:20:20,271 [grpc-default-executor-7] INFO  impl.RaftServerImpl (RaftServerImpl.java:setRole(184)) - 1bc296c6-def6-4ae4-8c62-5b4c951a28f1@group-5EC277DF3249: changes role from  FOLLOWER to FOLLOWER at term 252 for recognizeCandidate:47aecc56-7e95-480d-b89c-2c00d33b4782
2019-10-18 08:20:20,271 [grpc-default-executor-3] INFO  impl.RaftServerImpl (RaftServerImpl.java:setRole(184)) - bc0382cc-50e2-4d58-b2de-e8b6250f3520@group-5EC277DF3249: changes role from  FOLLOWER to FOLLOWER at term 252 for recognizeCandidate:47aecc56-7e95-480d-b89c-2c00d33b4782
2019-10-18 08:20:20,271 [grpc-default-executor-7] INFO  impl.RoleInfo (RoleInfo.java:shutdownFollowerState(121)) - 1bc296c6-def6-4ae4-8c62-5b4c951a28f1: shutdown FollowerState
2019-10-18 08:20:20,271 [grpc-default-executor-3] INFO  impl.RoleInfo (RoleInfo.java:shutdownFollowerState(121)) - bc0382cc-50e2-4d58-b2de-e8b6250f3520: shutdown FollowerState
2019-10-18 08:20:20,271 [Thread-2219] INFO  impl.FollowerState (FollowerState.java:run(117)) - 1bc296c6-def6-4ae4-8c62-5b4c951a28f1@group-5EC277DF3249-FollowerState was interrupted: java.lang.InterruptedException: sleep interrupted
2019-10-18 08:20:20,271 [Thread-2220] INFO  impl.FollowerState (FollowerState.java:run(117)) - bc0382cc-50e2-4d58-b2de-e8b6250f3520@group-5EC277DF3249-FollowerState was interrupted: java.lang.InterruptedException: sleep interrupted
2019-10-18 08:20:20,271 [grpc-default-executor-7] INFO  impl.RoleInfo (RoleInfo.java:updateAndGet(143)) - 1bc296c6-def6-4ae4-8c62-5b4c951a28f1: start FollowerState
2019-10-18 08:20:20,271 [grpc-default-executor-3] INFO  impl.RoleInfo (RoleInfo.java:updateAndGet(143)) - bc0382cc-50e2-4d58-b2de-e8b6250f3520: start FollowerState
2019-10-18 08:20:20,286 [47aecc56-7e95-480d-b89c-2c00d33b4782@group-5EC277DF3249-LeaderElection236] INFO  impl.LeaderElection (LeaderElection.java:logAndReturn(56)) - 47aecc56-7e95-480d-b89c-2c00d33b4782@group-5EC277DF3249-LeaderElection236: Election REJECTED; received 2 response(s) [47aecc56-7e95-480d-b89c-2c00d33b4782<-1bc296c6-def6-4ae4-8c62-5b4c951a28f1#0:FAIL-t252, 47aecc56-7e95-480d-b89c-2c00d33b4782<-bc0382cc-50e2-4d58-b2de-e8b6250f3520#0:FAIL-t252] and 0 exception(s); 47aecc56-7e95-480d-b89c-2c00d33b4782@group-5EC277DF3249:t252, leader=null, voted=47aecc56-7e95-480d-b89c-2c00d33b4782, raftlog=47aecc56-7e95-480d-b89c-2c00d33b4782@group-5EC277DF3249-SegmentedRaftLog:OPENED:c-1,f-1,i0, conf=-1: [47aecc56-7e95-480d-b89c-2c00d33b4782:192.168.69.67:34550, 1bc296c6-def6-4ae4-8c62-5b4c951a28f1:192.168.69.67:37222, bc0382cc-50e2-4d58-b2de-e8b6250f3520:192.168.69.67:37666], old=null
2019-10-18 08:20:20,286 [47aecc56-7e95-480d-b89c-2c00d33b4782@group-5EC277DF3249-LeaderElection236] INFO  impl.RaftServerImpl (RaftServerImpl.java:setRole(184)) - 47aecc56-7e95-480d-b89c-2c00d33b4782@group-5EC277DF3249: changes role from CANDIDATE to FOLLOWER at term 252 for DISCOVERED_A_NEW_TERM
2019-10-18 08:20:20,286 [47aecc56-7e95-480d-b89c-2c00d33b4782@group-5EC277DF3249-LeaderElection236] INFO  impl.RoleInfo (RoleInfo.java:shutdownLeaderElection(134)) - 47aecc56-7e95-480d-b89c-2c00d33b4782: shutdown LeaderElection
2019-10-18 08:20:20,286 [47aecc56-7e95-480d-b89c-2c00d33b4782@group-5EC277DF3249-LeaderElection236] INFO  impl.RoleInfo (RoleInfo.java:updateAndGet(143)) - 47aecc56-7e95-480d-b89c-2c00d33b4782: start FollowerState
2019-10-18 08:20:20,441 [Thread-2227] INFO  impl.FollowerState (FollowerState.java:run(108)) - 47aecc56-7e95-480d-b89c-2c00d33b4782@group-5EC277DF3249-FollowerState: change to CANDIDATE, lastRpcTime:154ms, electionTimeout:154ms
2019-10-18 08:20:20,441 [Thread-2227] INFO  impl.RoleInfo (RoleInfo.java:shutdownFollowerState(121)) - 47aecc56-7e95-480d-b89c-2c00d33b4782: shutdown FollowerState
2019-10-18 08:20:20,441 [Thread-2227] INFO  impl.RaftServerImpl (RaftServerImpl.java:setRole(184)) - 47aecc56-7e95-480d-b89c-2c00d33b4782@group-5EC277DF3249: changes role from  FOLLOWER to CANDIDATE at term 252 for changeToCandidate
2019-10-18 08:20:20,441 [Thread-2227] INFO  impl.RoleInfo (RoleInfo.java:updateAndGet(143)) - 47aecc56-7e95-480d-b89c-2c00d33b4782: start LeaderElection
2019-10-18 08:20:20,455 [47aecc56-7e95-480d-b89c-2c00d33b4782@group-5EC277DF3249-LeaderElection237] INFO  impl.LeaderElection (LeaderElection.java:askForVotes(178)) - 47aecc56-7e95-480d-b89c-2c00d33b4782@group-5EC277DF3249-LeaderElection237: begin an election at term 253 for -1: [47aecc56-7e95-480d-b89c-2c00d33b4782:192.168.69.67:34550, 1bc296c6-def6-4ae4-8c62-5b4c951a28f1:192.168.69.67:37222, bc0382cc-50e2-4d58-b2de-e8b6250f3520:192.168.69.67:37666], old=null
2019-10-18 08:20:20,456 [grpc-default-executor-3] INFO  impl.RaftServerImpl (RaftServerImpl.java:setRole(184)) - 1bc296c6-def6-4ae4-8c62-5b4c951a28f1@group-5EC277DF3249: changes role from  FOLLOWER to FOLLOWER at term 253 for recognizeCandidate:47aecc56-7e95-480d-b89c-2c00d33b4782
2019-10-18 08:20:20,457 [grpc-default-executor-3] INFO  impl.RoleInfo (RoleInfo.java:shutdownFollowerState(121)) - 1bc296c6-def6-4ae4-8c62-5b4c951a28f1: shutdown FollowerState
2019-10-18 08:20:20,457 [grpc-default-executor-7] INFO  impl.RaftServerImpl (RaftServerImpl.java:setRole(184)) - bc0382cc-50e2-4d58-b2de-e8b6250f3520@group-5EC277DF3249: changes role from  FOLLOWER to FOLLOWER at term 253 for recognizeCandidate:47aecc56-7e95-480d-b89c-2c00d33b4782
2019-10-18 08:20:20,457 [grpc-default-executor-7] INFO  impl.RoleInfo (RoleInfo.java:shutdownFollowerState(121)) - bc0382cc-50e2-4d58-b2de-e8b6250f3520: shutdown FollowerState
2019-10-18 08:20:20,457 [Thread-2225] INFO  impl.FollowerState (FollowerState.java:run(117)) - 1bc296c6-def6-4ae4-8c62-5b4c951a28f1@group-5EC277DF3249-FollowerState was interrupted: java.lang.InterruptedException: sleep interrupted
2019-10-18 08:20:20,457 [grpc-default-executor-3] INFO  impl.RoleInfo (RoleInfo.java:updateAndGet(143)) - 1bc296c6-def6-4ae4-8c62-5b4c951a28f1: start FollowerState
2019-10-18 08:20:20,457 [Thread-2226] INFO  impl.FollowerState (FollowerState.java:run(117)) - bc0382cc-50e2-4d58-b2de-e8b6250f3520@group-5EC277DF3249-FollowerState was interrupted: java.lang.InterruptedException: sleep interrupted
2019-10-18 08:20:20,457 [grpc-default-executor-7] INFO  impl.RoleInfo (RoleInfo.java:updateAndGet(143)) - bc0382cc-50e2-4d58-b2de-e8b6250f3520: start FollowerState
2019-10-18 08:20:20,471 [47aecc56-7e95-480d-b89c-2c00d33b4782@group-5EC277DF3249-LeaderElection237] INFO  impl.LeaderElection (LeaderElection.java:logAndReturn(56)) - 47aecc56-7e95-480d-b89c-2c00d33b4782@group-5EC277DF3249-LeaderElection237: Election REJECTED; received 2 response(s) [47aecc56-7e95-480d-b89c-2c00d33b4782<-1bc296c6-def6-4ae4-8c62-5b4c951a28f1#0:FAIL-t253, 47aecc56-7e95-480d-b89c-2c00d33b4782<-bc0382cc-50e2-4d58-b2de-e8b6250f3520#0:FAIL-t253] and 0 exception(s); 47aecc56-7e95-480d-b89c-2c00d33b4782@group-5EC277DF3249:t253, leader=null, voted=47aecc56-7e95-480d-b89c-2c00d33b4782, raftlog=47aecc56-7e95-480d-b89c-2c00d33b4782@group-5EC277DF3249-SegmentedRaftLog:OPENED:c-1,f-1,i0, conf=-1: [47aecc56-7e95-480d-b89c-2c00d33b4782:192.168.69.67:34550, 1bc296c6-def6-4ae4-8c62-5b4c951a28f1:192.168.69.67:37222, bc0382cc-50e2-4d58-b2de-e8b6250f3520:192.168.69.67:37666], old=null
2019-10-18 08:20:20,471 [47aecc56-7e95-480d-b89c-2c00d33b4782@group-5EC277DF3249-LeaderElection237] INFO  impl.RaftServerImpl (RaftServerImpl.java:setRole(184)) - 47aecc56-7e95-480d-b89c-2c00d33b4782@group-5EC277DF3249: changes role from CANDIDATE to FOLLOWER at term 253 for DISCOVERED_A_NEW_TERM
2019-10-18 08:20:20,471 [47aecc56-7e95-480d-b89c-2c00d33b4782@group-5EC277DF3249-LeaderElection237] INFO  impl.RoleInfo (RoleInfo.java:shutdownLeaderElection(134)) - 47aecc56-7e95-480d-b89c-2c00d33b4782: shutdown LeaderElection
2019-10-18 08:20:20,471 [47aecc56-7e95-480d-b89c-2c00d33b4782@group-5EC277DF3249-LeaderElection237] INFO  impl.RoleInfo (RoleInfo.java:updateAndGet(143)) - 47aecc56-7e95-480d-b89c-2c00d33b4782: start FollowerState
2019-10-18 08:20:20,479 [Thread-2235] INFO  impl.FollowerState (FollowerState.java:run(108)) - 47aecc56-7e95-480d-b89c-2c00d33b4782@group-5EC277DF3249-FollowerState: change to CANDIDATE, lastRpcTime:8ms, electionTimeout:8ms
2019-10-18 08:20:20,480 [Thread-2235] INFO  impl.RoleInfo (RoleInfo.java:shutdownFollowerState(121)) - 47aecc56-7e95-480d-b89c-2c00d33b4782: shutdown FollowerState
2019-10-18 08:20:20,480 [Thread-2235] INFO  impl.RaftServerImpl (RaftServerImpl.java:setRole(184)) - 47aecc56-7e95-480d-b89c-2c00d33b4782@group-5EC277DF3249: changes role from  FOLLOWER to CANDIDATE at term 253 for changeToCandidate
2019-10-18 08:20:20,480 [Thread-2235] INFO  impl.RoleInfo (RoleInfo.java:updateAndGet(143)) - 47aecc56-7e95-480d-b89c-2c00d33b4782: start LeaderElection
2019-10-18 08:20:20,493 [47aecc56-7e95-480d-b89c-2c00d33b4782@group-5EC277DF3249-LeaderElection238] INFO  impl.LeaderElection (LeaderElection.java:askForVotes(178)) - 47aecc56-7e95-480d-b89c-2c00d33b4782@group-5EC277DF3249-LeaderElection238: begin an election at term 254 for -1: [47aecc56-7e95-480d-b89c-2c00d33b4782:192.168.69.67:34550, 1bc296c6-def6-4ae4-8c62-5b4c951a28f1:192.168.69.67:37222, bc0382cc-50e2-4d58-b2de-e8b6250f3520:192.168.69.67:37666], old=null
2019-10-18 08:20:20,495 [grpc-default-executor-3] INFO  impl.RaftServerImpl (RaftServerImpl.java:setRole(184)) - bc0382cc-50e2-4d58-b2de-e8b6250f3520@group-5EC277DF3249: changes role from  FOLLOWER to FOLLOWER at term 254 for recognizeCandidate:47aecc56-7e95-480d-b89c-2c00d33b4782
2019-10-18 08:20:20,495 [grpc-default-executor-7] INFO  impl.RaftServerImpl (RaftServerImpl.java:setRole(184)) - 1bc296c6-def6-4ae4-8c62-5b4c951a28f1@group-5EC277DF3249: changes role from  FOLLOWER to FOLLOWER at term 254 for recognizeCandidate:47aecc56-7e95-480d-b89c-2c00d33b4782
2019-10-18 08:20:20,495 [grpc-default-executor-3] INFO  impl.RoleInfo (RoleInfo.java:shutdownFollowerState(121)) - bc0382cc-50e2-4d58-b2de-e8b6250f3520: shutdown FollowerState
2019-10-18 08:20:20,495 [grpc-default-executor-7] INFO  impl.RoleInfo (RoleInfo.java:shutdownFollowerState(121)) - 1bc296c6-def6-4ae4-8c62-5b4c951a28f1: shutdown FollowerState
2019-10-18 08:20:20,496 [Thread-2234] INFO  impl.FollowerState (FollowerState.java:run(117)) - bc0382cc-50e2-4d58-b2de-e8b6250f3520@group-5EC277DF3249-FollowerState was interrupted: java.lang.InterruptedException: sleep interrupted
2019-10-18 08:20:20,496 [grpc-default-executor-3] INFO  impl.RoleInfo (RoleInfo.java:updateAndGet(143)) - bc0382cc-50e2-4d58-b2de-e8b6250f3520: start FollowerState
2019-10-18 08:20:20,496 [Thread-2233] INFO  impl.FollowerState (FollowerState.java:run(117)) - 1bc296c6-def6-4ae4-8c62-5b4c951a28f1@group-5EC277DF3249-FollowerState was interrupted: java.lang.InterruptedException: sleep interrupted
2019-10-18 08:20:20,496 [grpc-default-executor-7] INFO  impl.RoleInfo (RoleInfo.java:updateAndGet(143)) - 1bc296c6-def6-4ae4-8c62-5b4c951a28f1: start FollowerState
2019-10-18 08:20:20,511 [47aecc56-7e95-480d-b89c-2c00d33b4782@group-5EC277DF3249-LeaderElection238] INFO  impl.LeaderElection (LeaderElection.java:logAndReturn(56)) - 47aecc56-7e95-480d-b89c-2c00d33b4782@group-5EC277DF3249-LeaderElection238: Election REJECTED; received 2 response(s) [47aecc56-7e95-480d-b89c-2c00d33b4782<-1bc296c6-def6-4ae4-8c62-5b4c951a28f1#0:FAIL-t254, 47aecc56-7e95-480d-b89c-2c00d33b4782<-bc0382cc-50e2-4d58-b2de-e8b6250f3520#0:FAIL-t254] and 0 exception(s); 47aecc56-7e95-480d-b89c-2c00d33b4782@group-5EC277DF3249:t254, leader=null, voted=47aecc56-7e95-480d-b89c-2c00d33b4782, raftlog=47aecc56-7e95-480d-b89c-2c00d33b4782@group-5EC277DF3249-SegmentedRaftLog:OPENED:c-1,f-1,i0, conf=-1: [47aecc56-7e95-480d-b89c-2c00d33b4782:192.168.69.67:34550, 1bc296c6-def6-4ae4-8c62-5b4c951a28f1:192.168.69.67:37222, bc0382cc-50e2-4d58-b2de-e8b6250f3520:192.168.69.67:37666], old=null
2019-10-18 08:20:20,512 [47aecc56-7e95-480d-b89c-2c00d33b4782@group-5EC277DF3249-LeaderElection238] INFO  impl.RaftServerImpl (RaftServerImpl.java:setRole(184)) - 47aecc56-7e95-480d-b89c-2c00d33b4782@group-5EC277DF3249: changes role from CANDIDATE to FOLLOWER at term 254 for DISCOVERED_A_NEW_TERM
2019-10-18 08:20:20,512 [47aecc56-7e95-480d-b89c-2c00d33b4782@group-5EC277DF3249-LeaderElection238] INFO  impl.RoleInfo (RoleInfo.java:shutdownLeaderElection(134)) - 47aecc56-7e95-480d-b89c-2c00d33b4782: shutdown LeaderElection
2019-10-18 08:20:20,512 [47aecc56-7e95-480d-b89c-2c00d33b4782@group-5EC277DF3249-LeaderElection238] INFO  impl.RoleInfo (RoleInfo.java:updateAndGet(143)) - 47aecc56-7e95-480d-b89c-2c00d33b4782: start FollowerState
2019-10-18 08:20:20,572 [Thread-2241] INFO  impl.FollowerState (FollowerState.java:run(108)) - 47aecc56-7e95-480d-b89c-2c00d33b4782@group-5EC277DF3249-FollowerState: change to CANDIDATE, lastRpcTime:60ms, electionTimeout:60ms
2019-10-18 08:20:20,572 [Thread-2241] INFO  impl.RoleInfo (RoleInfo.java:shutdownFollowerState(121)) - 47aecc56-7e95-480d-b89c-2c00d33b4782: shutdown FollowerState
2019-10-18 08:20:20,573 [Thread-2241] INFO  impl.RaftServerImpl (RaftServerImpl.java:setRole(184)) - 47aecc56-7e95-480d-b89c-2c00d33b4782@group-5EC277DF3249: changes role from  FOLLOWER to CANDIDATE at term 254 for changeToCandidate
2019-10-18 08:20:20,573 [Thread-2241] INFO  impl.RoleInfo (RoleInfo.java:updateAndGet(143)) - 47aecc56-7e95-480d-b89c-2c00d33b4782: start LeaderElection
2019-10-18 08:20:20,586 [47aecc56-7e95-480d-b89c-2c00d33b4782@group-5EC277DF3249-LeaderElection239] INFO  impl.LeaderElection (LeaderElection.java:askForVotes(178)) - 47aecc56-7e95-480d-b89c-2c00d33b4782@group-5EC277DF3249-LeaderElection239: begin an election at term 255 for -1: [47aecc56-7e95-480d-b89c-2c00d33b4782:192.168.69.67:34550, 1bc296c6-def6-4ae4-8c62-5b4c951a28f1:192.168.69.67:37222, bc0382cc-50e2-4d58-b2de-e8b6250f3520:192.168.69.67:37666], old=null
2019-10-18 08:20:20,588 [grpc-default-executor-3] INFO  impl.RaftServerImpl (RaftServerImpl.java:setRole(184)) - 1bc296c6-def6-4ae4-8c62-5b4c951a28f1@group-5EC277DF3249: changes role from  FOLLOWER to FOLLOWER at term 255 for recognizeCandidate:47aecc56-7e95-480d-b89c-2c00d33b4782
2019-10-18 08:20:20,588 [grpc-default-executor-3] INFO  impl.RoleInfo (RoleInfo.java:shutdownFollowerState(121)) - 1bc296c6-def6-4ae4-8c62-5b4c951a28f1: shutdown FollowerState
2019-10-18 08:20:20,588 [grpc-default-executor-3] INFO  impl.RoleInfo (RoleInfo.java:updateAndGet(143)) - 1bc296c6-def6-4ae4-8c62-5b4c951a28f1: start FollowerState
2019-10-18 08:20:20,588 [Thread-2240] INFO  impl.FollowerState (FollowerState.java:run(117)) - 1bc296c6-def6-4ae4-8c62-5b4c951a28f1@group-5EC277DF3249-FollowerState was interrupted: java.lang.InterruptedException: sleep interrupted
2019-10-18 08:20:20,588 [grpc-default-executor-7] INFO  impl.RaftServerImpl (RaftServerImpl.java:setRole(184)) - bc0382cc-50e2-4d58-b2de-e8b6250f3520@group-5EC277DF3249: changes role from  FOLLOWER to FOLLOWER at term 255 for recognizeCandidate:47aecc56-7e95-480d-b89c-2c00d33b4782
2019-10-18 08:20:20,589 [grpc-default-executor-7] INFO  impl.RoleInfo (RoleInfo.java:shutdownFollowerState(121)) - bc0382cc-50e2-4d58-b2de-e8b6250f3520: shutdown FollowerState
2019-10-18 08:20:20,589 [grpc-default-executor-7] INFO  impl.RoleInfo (RoleInfo.java:updateAndGet(143)) - bc0382cc-50e2-4d58-b2de-e8b6250f3520: start FollowerState
2019-10-18 08:20:20,589 [Thread-2239] INFO  impl.FollowerState (FollowerState.java:run(117)) - bc0382cc-50e2-4d58-b2de-e8b6250f3520@group-5EC277DF3249-FollowerState was interrupted: java.lang.InterruptedException: sleep interrupted
2019-10-18 08:20:20,603 [47aecc56-7e95-480d-b89c-2c00d33b4782@group-5EC277DF3249-LeaderElection239] INFO  impl.LeaderElection (LeaderElection.java:logAndReturn(56)) - 47aecc56-7e95-480d-b89c-2c00d33b4782@group-5EC277DF3249-LeaderElection239: Election REJECTED; received 2 response(s) [47aecc56-7e95-480d-b89c-2c00d33b4782<-1bc296c6-def6-4ae4-8c62-5b4c951a28f1#0:FAIL-t255, 47aecc56-7e95-480d-b89c-2c00d33b4782<-bc0382cc-50e2-4d58-b2de-e8b6250f3520#0:FAIL-t255] and 0 exception(s); 47aecc56-7e95-480d-b89c-2c00d33b4782@group-5EC277DF3249:t255, leader=null, voted=47aecc56-7e95-480d-b89c-2c00d33b4782, raftlog=47aecc56-7e95-480d-b89c-2c00d33b4782@group-5EC277DF3249-SegmentedRaftLog:OPENED:c-1,f-1,i0, conf=-1: [47aecc56-7e95-480d-b89c-2c00d33b4782:192.168.69.67:34550, 1bc296c6-def6-4ae4-8c62-5b4c951a28f1:192.168.69.67:37222, bc0382cc-50e2-4d58-b2de-e8b6250f3520:192.168.69.67:37666], old=null
2019-10-18 08:20:20,603 [47aecc56-7e95-480d-b89c-2c00d33b4782@group-5EC277DF3249-LeaderElection239] INFO  impl.RaftServerImpl (RaftServerImpl.java:setRole(184)) - 47aecc56-7e95-480d-b89c-2c00d33b4782@group-5EC277DF3249: changes role from CANDIDATE to FOLLOWER at term 255 for DISCOVERED_A_NEW_TERM
2019-10-18 08:20:20,603 [47aecc56-7e95-480d-b89c-2c00d33b4782@group-5EC277DF3249-LeaderElection239] INFO  impl.RoleInfo (RoleInfo.java:shutdownLeaderElection(134)) - 47aecc56-7e95-480d-b89c-2c00d33b4782: shutdown LeaderElection
2019-10-18 08:20:20,603 [47aecc56-7e95-480d-b89c-2c00d33b4782@group-5EC277DF3249-LeaderElection239] INFO  impl.RoleInfo (RoleInfo.java:updateAndGet(143)) - 47aecc56-7e95-480d-b89c-2c00d33b4782: start FollowerState
2019-10-18 08:20:20,663 [Thread-2247] INFO  impl.FollowerState (FollowerState.java:run(108)) - 47aecc56-7e95-480d-b89c-2c00d33b4782@group-5EC277DF3249-FollowerState: change to CANDIDATE, lastRpcTime:59ms, electionTimeout:59ms
2019-10-18 08:20:20,663 [Thread-2247] INFO  impl.RoleInfo (RoleInfo.java:shutdownFollowerState(121)) - 47aecc56-7e95-480d-b89c-2c00d33b4782: shutdown FollowerState
2019-10-18 08:20:20,663 [Thread-2247] INFO  impl.RaftServerImpl (RaftServerImpl.java:setRole(184)) - 47aecc56-7e95-480d-b89c-2c00d33b4782@group-5EC277DF3249: changes role from  FOLLOWER to CANDIDATE at term 255 for changeToCandidate
2019-10-18 08:20:20,664 [Thread-2247] INFO  impl.RoleInfo (RoleInfo.java:updateAndGet(143)) - 47aecc56-7e95-480d-b89c-2c00d33b4782: start LeaderElection
2019-10-18 08:20:20,677 [47aecc56-7e95-480d-b89c-2c00d33b4782@group-5EC277DF3249-LeaderElection240] INFO  impl.LeaderElection (LeaderElection.java:askForVotes(178)) - 47aecc56-7e95-480d-b89c-2c00d33b4782@group-5EC277DF3249-LeaderElection240: begin an election at term 256 for -1: [47aecc56-7e95-480d-b89c-2c00d33b4782:192.168.69.67:34550, 1bc296c6-def6-4ae4-8c62-5b4c951a28f1:192.168.69.67:37222, bc0382cc-50e2-4d58-b2de-e8b6250f3520:192.168.69.67:37666], old=null
2019-10-18 08:20:20,679 [grpc-default-executor-7] INFO  impl.RaftServerImpl (RaftServerImpl.java:setRole(184)) - 1bc296c6-def6-4ae4-8c62-5b4c951a28f1@group-5EC277DF3249: changes role from  FOLLOWER to FOLLOWER at term 256 for recognizeCandidate:47aecc56-7e95-480d-b89c-2c00d33b4782
2019-10-18 08:20:20,679 [grpc-default-executor-3] INFO  impl.RaftServerImpl (RaftServerImpl.java:setRole(184)) - bc0382cc-50e2-4d58-b2de-e8b6250f3520@group-5EC277DF3249: changes role from  FOLLOWER to FOLLOWER at term 256 for recognizeCandidate:47aecc56-7e95-480d-b89c-2c00d33b4782
2019-10-18 08:20:20,679 [grpc-default-executor-7] INFO  impl.RoleInfo (RoleInfo.java:shutdownFollowerState(121)) - 1bc296c6-def6-4ae4-8c62-5b4c951a28f1: shutdown FollowerState
2019-10-18 08:20:20,679 [grpc-default-executor-3] INFO  impl.RoleInfo (RoleInfo.java:shutdownFollowerState(121)) - bc0382cc-50e2-4d58-b2de-e8b6250f3520: shutdown FollowerState
2019-10-18 08:20:20,679 [grpc-default-executor-7] INFO  impl.RoleInfo (RoleInfo.java:updateAndGet(143)) - 1bc296c6-def6-4ae4-8c62-5b4c951a28f1: start FollowerState
2019-10-18 08:20:20,679 [Thread-2246] INFO  impl.FollowerState (FollowerState.java:run(117)) - bc0382cc-50e2-4d58-b2de-e8b6250f3520@group-5EC277DF3249-FollowerState was interrupted: java.lang.InterruptedException: sleep interrupted
2019-10-18 08:20:20,679 [grpc-default-executor-3] INFO  impl.RoleInfo (RoleInfo.java:updateAndGet(143)) - bc0382cc-50e2-4d58-b2de-e8b6250f3520: start FollowerState
2019-10-18 08:20:20,679 [Thread-2245] INFO  impl.FollowerState (FollowerState.java:run(117)) - 1bc296c6-def6-4ae4-8c62-5b4c951a28f1@group-5EC277DF3249-FollowerState was interrupted: java.lang.InterruptedException: sleep interrupted
2019-10-18 08:20:20,693 [47aecc56-7e95-480d-b89c-2c00d33b4782@group-5EC277DF3249-LeaderElection240] INFO  impl.LeaderElection (LeaderElection.java:logAndReturn(56)) - 47aecc56-7e95-480d-b89c-2c00d33b4782@group-5EC277DF3249-LeaderElection240: Election REJECTED; received 2 response(s) [47aecc56-7e95-480d-b89c-2c00d33b4782<-1bc296c6-def6-4ae4-8c62-5b4c951a28f1#0:FAIL-t256, 47aecc56-7e95-480d-b89c-2c00d33b4782<-bc0382cc-50e2-4d58-b2de-e8b6250f3520#0:FAIL-t256] and 0 exception(s); 47aecc56-7e95-480d-b89c-2c00d33b4782@group-5EC277DF3249:t256, leader=null, voted=47aecc56-7e95-480d-b89c-2c00d33b4782, raftlog=47aecc56-7e95-480d-b89c-2c00d33b4782@group-5EC277DF3249-SegmentedRaftLog:OPENED:c-1,f-1,i0, conf=-1: [47aecc56-7e95-480d-b89c-2c00d33b4782:192.168.69.67:34550, 1bc296c6-def6-4ae4-8c62-5b4c951a28f1:192.168.69.67:37222, bc0382cc-50e2-4d58-b2de-e8b6250f3520:192.168.69.67:37666], old=null
2019-10-18 08:20:20,693 [47aecc56-7e95-480d-b89c-2c00d33b4782@group-5EC277DF3249-LeaderElection240] INFO  impl.RaftServerImpl (RaftServerImpl.java:setRole(184)) - 47aecc56-7e95-480d-b89c-2c00d33b4782@group-5EC277DF3249: changes role from CANDIDATE to FOLLOWER at term 256 for DISCOVERED_A_NEW_TERM
2019-10-18 08:20:20,693 [47aecc56-7e95-480d-b89c-2c00d33b4782@group-5EC277DF3249-LeaderElection240] INFO  impl.RoleInfo (RoleInfo.java:shutdownLeaderElection(134)) - 47aecc56-7e95-480d-b89c-2c00d33b4782: shutdown LeaderElection
2019-10-18 08:20:20,694 [47aecc56-7e95-480d-b89c-2c00d33b4782@group-5EC277DF3249-LeaderElection240] INFO  impl.RoleInfo (RoleInfo.java:updateAndGet(143)) - 47aecc56-7e95-480d-b89c-2c00d33b4782: start FollowerState
2019-10-18 08:20:20,740 [Thread-2253] INFO  impl.FollowerState (FollowerState.java:run(108)) - 47aecc56-7e95-480d-b89c-2c00d33b4782@group-5EC277DF3249-FollowerState: change to CANDIDATE, lastRpcTime:46ms, electionTimeout:46ms
2019-10-18 08:20:20,740 [Thread-2253] INFO  impl.RoleInfo (RoleInfo.java:shutdownFollowerState(121)) - 47aecc56-7e95-480d-b89c-2c00d33b4782: shutdown FollowerState
2019-10-18 08:20:20,740 [Thread-2253] INFO  impl.RaftServerImpl (RaftServerImpl.java:setRole(184)) - 47aecc56-7e95-480d-b89c-2c00d33b4782@group-5EC277DF3249: changes role from  FOLLOWER to CANDIDATE at term 256 for changeToCandidate
2019-10-18 08:20:20,740 [Thread-2253] INFO  impl.RoleInfo (RoleInfo.java:updateAndGet(143)) - 47aecc56-7e95-480d-b89c-2c00d33b4782: start LeaderElection
2019-10-18 08:20:20,754 [47aecc56-7e95-480d-b89c-2c00d33b4782@group-5EC277DF3249-LeaderElection241] INFO  impl.LeaderElection (LeaderElection.java:askForVotes(178)) - 47aecc56-7e95-480d-b89c-2c00d33b4782@group-5EC277DF3249-LeaderElection241: begin an election at term 257 for -1: [47aecc56-7e95-480d-b89c-2c00d33b4782:192.168.69.67:34550, 1bc296c6-def6-4ae4-8c62-5b4c951a28f1:192.168.69.67:37222, bc0382cc-50e2-4d58-b2de-e8b6250f3520:192.168.69.67:37666], old=null
2019-10-18 08:20:20,756 [grpc-default-executor-3] INFO  impl.RaftServerImpl (RaftServerImpl.java:setRole(184)) - bc0382cc-50e2-4d58-b2de-e8b6250f3520@group-5EC277DF3249: changes role from  FOLLOWER to FOLLOWER at term 257 for recognizeCandidate:47aecc56-7e95-480d-b89c-2c00d33b4782
2019-10-18 08:20:20,756 [grpc-default-executor-3] INFO  impl.RoleInfo (RoleInfo.java:shutdownFollowerState(121)) - bc0382cc-50e2-4d58-b2de-e8b6250f3520: shutdown FollowerState
2019-10-18 08:20:20,756 [grpc-default-executor-3] INFO  impl.RoleInfo (RoleInfo.java:updateAndGet(143)) - bc0382cc-50e2-4d58-b2de-e8b6250f3520: start FollowerState
2019-10-18 08:20:20,756 [Thread-2252] INFO  impl.FollowerState (FollowerState.java:run(117)) - bc0382cc-50e2-4d58-b2de-e8b6250f3520@group-5EC277DF3249-FollowerState was interrupted: java.lang.InterruptedException: sleep interrupted
2019-10-18 08:20:20,758 [grpc-default-executor-7] INFO  impl.RaftServerImpl (RaftServerImpl.java:setRole(184)) - 1bc296c6-def6-4ae4-8c62-5b4c951a28f1@group-5EC277DF3249: changes role from  FOLLOWER to FOLLOWER at term 257 for recognizeCandidate:47aecc56-7e95-480d-b89c-2c00d33b4782
2019-10-18 08:20:20,758 [grpc-default-executor-7] INFO  impl.RoleInfo (RoleInfo.java:shutdownFollowerState(121)) - 1bc296c6-def6-4ae4-8c62-5b4c951a28f1: shutdown FollowerState
2019-10-18 08:20:20,758 [grpc-default-executor-7] INFO  impl.RoleInfo (RoleInfo.java:updateAndGet(143)) - 1bc296c6-def6-4ae4-8c62-5b4c951a28f1: start FollowerState
2019-10-18 08:20:20,758 [Thread-2251] INFO  impl.FollowerState (FollowerState.java:run(117)) - 1bc296c6-def6-4ae4-8c62-5b4c951a28f1@group-5EC277DF3249-FollowerState was interrupted: java.lang.InterruptedException: sleep interrupted
2019-10-18 08:20:20,771 [47aecc56-7e95-480d-b89c-2c00d33b4782@group-5EC277DF3249-LeaderElection241] INFO  impl.LeaderElection (LeaderElection.java:logAndReturn(56)) - 47aecc56-7e95-480d-b89c-2c00d33b4782@group-5EC277DF3249-LeaderElection241: Election REJECTED; received 2 response(s) [47aecc56-7e95-480d-b89c-2c00d33b4782<-1bc296c6-def6-4ae4-8c62-5b4c951a28f1#0:FAIL-t257, 47aecc56-7e95-480d-b89c-2c00d33b4782<-bc0382cc-50e2-4d58-b2de-e8b6250f3520#0:FAIL-t257] and 0 exception(s); 47aecc56-7e95-480d-b89c-2c00d33b4782@group-5EC277DF3249:t257, leader=null, voted=47aecc56-7e95-480d-b89c-2c00d33b4782, raftlog=47aecc56-7e95-480d-b89c-2c00d33b4782@group-5EC277DF3249-SegmentedRaftLog:OPENED:c-1,f-1,i0, conf=-1: [47aecc56-7e95-480d-b89c-2c00d33b4782:192.168.69.67:34550, 1bc296c6-def6-4ae4-8c62-5b4c951a28f1:192.168.69.67:37222, bc0382cc-50e2-4d58-b2de-e8b6250f3520:192.168.69.67:37666], old=null
2019-10-18 08:20:20,771 [47aecc56-7e95-480d-b89c-2c00d33b4782@group-5EC277DF3249-LeaderElection241] INFO  impl.RaftServerImpl (RaftServerImpl.java:setRole(184)) - 47aecc56-7e95-480d-b89c-2c00d33b4782@group-5EC277DF3249: changes role from CANDIDATE to FOLLOWER at term 257 for DISCOVERED_A_NEW_TERM
2019-10-18 08:20:20,771 [47aecc56-7e95-480d-b89c-2c00d33b4782@group-5EC277DF3249-LeaderElection241] INFO  impl.RoleInfo (RoleInfo.java:shutdownLeaderElection(134)) - 47aecc56-7e95-480d-b89c-2c00d33b4782: shutdown LeaderElection
2019-10-18 08:20:20,772 [47aecc56-7e95-480d-b89c-2c00d33b4782@group-5EC277DF3249-LeaderElection241] INFO  impl.RoleInfo (RoleInfo.java:updateAndGet(143)) - 47aecc56-7e95-480d-b89c-2c00d33b4782: start FollowerState
2019-10-18 08:20:20,781 [Thread-2259] INFO  impl.FollowerState (FollowerState.java:run(108)) - 47aecc56-7e95-480d-b89c-2c00d33b4782@group-5EC277DF3249-FollowerState: change to CANDIDATE, lastRpcTime:9ms, electionTimeout:9ms
2019-10-18 08:20:20,781 [Thread-2259] INFO  impl.RoleInfo (RoleInfo.java:shutdownFollowerState(121)) - 47aecc56-7e95-480d-b89c-2c00d33b4782: shutdown FollowerState
2019-10-18 08:20:20,781 [Thread-2259] INFO  impl.RaftServerImpl (RaftServerImpl.java:setRole(184)) - 47aecc56-7e95-480d-b89c-2c00d33b4782@group-5EC277DF3249: changes role from  FOLLOWER to CANDIDATE at term 257 for changeToCandidate
2019-10-18 08:20:20,781 [Thread-2259] INFO  impl.RoleInfo (RoleInfo.java:updateAndGet(143)) - 47aecc56-7e95-480d-b89c-2c00d33b4782: start LeaderElection
2019-10-18 08:20:20,795 [47aecc56-7e95-480d-b89c-2c00d33b4782@group-5EC277DF3249-LeaderElection242] INFO  impl.LeaderElection (LeaderElection.java:askForVotes(178)) - 47aecc56-7e95-480d-b89c-2c00d33b4782@group-5EC277DF3249-LeaderElection242: begin an election at term 258 for -1: [47aecc56-7e95-480d-b89c-2c00d33b4782:192.168.69.67:34550, 1bc296c6-def6-4ae4-8c62-5b4c951a28f1:192.168.69.67:37222, bc0382cc-50e2-4d58-b2de-e8b6250f3520:192.168.69.67:37666], old=null
2019-10-18 08:20:20,796 [grpc-default-executor-7] INFO  impl.RaftServerImpl (RaftServerImpl.java:setRole(184)) - 1bc296c6-def6-4ae4-8c62-5b4c951a28f1@group-5EC277DF3249: changes role from  FOLLOWER to FOLLOWER at term 258 for recognizeCandidate:47aecc56-7e95-480d-b89c-2c00d33b4782
2019-10-18 08:20:20,796 [grpc-default-executor-3] INFO  impl.RaftServerImpl (RaftServerImpl.java:setRole(184)) - bc0382cc-50e2-4d58-b2de-e8b6250f3520@group-5EC277DF3249: changes role from  FOLLOWER to FOLLOWER at term 258 for recognizeCandidate:47aecc56-7e95-480d-b89c-2c00d33b4782
2019-10-18 08:20:20,796 [grpc-default-executor-3] INFO  impl.RoleInfo (RoleInfo.java:shutdownFollowerState(121)) - bc0382cc-50e2-4d58-b2de-e8b6250f3520: shutdown FollowerState
2019-10-18 08:20:20,796 [grpc-default-executor-7] INFO  impl.RoleInfo (RoleInfo.java:shutdownFollowerState(121)) - 1bc296c6-def6-4ae4-8c62-5b4c951a28f1: shutdown FollowerState
2019-10-18 08:20:20,797 [Thread-2257] INFO  impl.FollowerState (FollowerState.java:run(117)) - bc0382cc-50e2-4d58-b2de-e8b6250f3520@group-5EC277DF3249-FollowerState was interrupted: java.lang.InterruptedException: sleep interrupted
2019-10-18 08:20:20,797 [grpc-default-executor-3] INFO  impl.RoleInfo (RoleInfo.java:updateAndGet(143)) - bc0382cc-50e2-4d58-b2de-e8b6250f3520: start FollowerState
2019-10-18 08:20:20,797 [grpc-default-executor-7] INFO  impl.RoleInfo (RoleInfo.java:updateAndGet(143)) - 1bc296c6-def6-4ae4-8c62-5b4c951a28f1: start FollowerState
2019-10-18 08:20:20,797 [Thread-2258] INFO  impl.FollowerState (FollowerState.java:run(117)) - 1bc296c6-def6-4ae4-8c62-5b4c951a28f1@group-5EC277DF3249-FollowerState was interrupted: java.lang.InterruptedException: sleep interrupted
2019-10-18 08:20:20,812 [47aecc56-7e95-480d-b89c-2c00d33b4782@group-5EC277DF3249-LeaderElection242] INFO  impl.LeaderElection (LeaderElection.java:logAndReturn(56)) - 47aecc56-7e95-480d-b89c-2c00d33b4782@group-5EC277DF3249-LeaderElection242: Election REJECTED; received 2 response(s) [47aecc56-7e95-480d-b89c-2c00d33b4782<-1bc296c6-def6-4ae4-8c62-5b4c951a28f1#0:FAIL-t258, 47aecc56-7e95-480d-b89c-2c00d33b4782<-bc0382cc-50e2-4d58-b2de-e8b6250f3520#0:FAIL-t258] and 0 exception(s); 47aecc56-7e95-480d-b89c-2c00d33b4782@group-5EC277DF3249:t258, leader=null, voted=47aecc56-7e95-480d-b89c-2c00d33b4782, raftlog=47aecc56-7e95-480d-b89c-2c00d33b4782@group-5EC277DF3249-SegmentedRaftLog:OPENED:c-1,f-1,i0, conf=-1: [47aecc56-7e95-480d-b89c-2c00d33b4782:192.168.69.67:34550, 1bc296c6-def6-4ae4-8c62-5b4c951a28f1:192.168.69.67:37222, bc0382cc-50e2-4d58-b2de-e8b6250f3520:192.168.69.67:37666], old=null
2019-10-18 08:20:20,812 [47aecc56-7e95-480d-b89c-2c00d33b4782@group-5EC277DF3249-LeaderElection242] INFO  impl.RaftServerImpl (RaftServerImpl.java:setRole(184)) - 47aecc56-7e95-480d-b89c-2c00d33b4782@group-5EC277DF3249: changes role from CANDIDATE to FOLLOWER at term 258 for DISCOVERED_A_NEW_TERM
2019-10-18 08:20:20,812 [47aecc56-7e95-480d-b89c-2c00d33b4782@group-5EC277DF3249-LeaderElection242] INFO  impl.RoleInfo (RoleInfo.java:shutdownLeaderElection(134)) - 47aecc56-7e95-480d-b89c-2c00d33b4782: shutdown LeaderElection
2019-10-18 08:20:20,812 [47aecc56-7e95-480d-b89c-2c00d33b4782@group-5EC277DF3249-LeaderElection242] INFO  impl.RoleInfo (RoleInfo.java:updateAndGet(143)) - 47aecc56-7e95-480d-b89c-2c00d33b4782: start FollowerState
2019-10-18 08:20:20,844 [Thread-2265] INFO  impl.FollowerState (FollowerState.java:run(108)) - 47aecc56-7e95-480d-b89c-2c00d33b4782@group-5EC277DF3249-FollowerState: change to CANDIDATE, lastRpcTime:32ms, electionTimeout:32ms
2019-10-18 08:20:20,844 [Thread-2265] INFO  impl.RoleInfo (RoleInfo.java:shutdownFollowerState(121)) - 47aecc56-7e95-480d-b89c-2c00d33b4782: shutdown FollowerState
2019-10-18 08:20:20,844 [Thread-2265] INFO  impl.RaftServerImpl (RaftServerImpl.java:setRole(184)) - 47aecc56-7e95-480d-b89c-2c00d33b4782@group-5EC277DF3249: changes role from  FOLLOWER to CANDIDATE at term 258 for changeToCandidate
2019-10-18 08:20:20,845 [Thread-2265] INFO  impl.RoleInfo (RoleInfo.java:updateAndGet(143)) - 47aecc56-7e95-480d-b89c-2c00d33b4782: start LeaderElection
2019-10-18 08:20:20,858 [47aecc56-7e95-480d-b89c-2c00d33b4782@group-5EC277DF3249-LeaderElection243] INFO  impl.LeaderElection (LeaderElection.java:askForVotes(178)) - 47aecc56-7e95-480d-b89c-2c00d33b4782@group-5EC277DF3249-LeaderElection243: begin an election at term 259 for -1: [47aecc56-7e95-480d-b89c-2c00d33b4782:192.168.69.67:34550, 1bc296c6-def6-4ae4-8c62-5b4c951a28f1:192.168.69.67:37222, bc0382cc-50e2-4d58-b2de-e8b6250f3520:192.168.69.67:37666], old=null
2019-10-18 08:20:20,860 [grpc-default-executor-3] INFO  impl.RaftServerImpl (RaftServerImpl.java:setRole(184)) - 1bc296c6-def6-4ae4-8c62-5b4c951a28f1@group-5EC277DF3249: changes role from  FOLLOWER to FOLLOWER at term 259 for recognizeCandidate:47aecc56-7e95-480d-b89c-2c00d33b4782
2019-10-18 08:20:20,860 [grpc-default-executor-3] INFO  impl.RoleInfo (RoleInfo.java:shutdownFollowerState(121)) - 1bc296c6-def6-4ae4-8c62-5b4c951a28f1: shutdown FollowerState
2019-10-18 08:20:20,860 [grpc-default-executor-7] INFO  impl.RaftServerImpl (RaftServerImpl.java:setRole(184)) - bc0382cc-50e2-4d58-b2de-e8b6250f3520@group-5EC277DF3249: changes role from  FOLLOWER to FOLLOWER at term 259 for recognizeCandidate:47aecc56-7e95-480d-b89c-2c00d33b4782
2019-10-18 08:20:20,860 [Thread-2264] INFO  impl.FollowerState (FollowerState.java:run(117)) - 1bc296c6-def6-4ae4-8c62-5b4c951a28f1@group-5EC277DF3249-FollowerState was interrupted: java.lang.InterruptedException: sleep interrupted
2019-10-18 08:20:20,860 [grpc-default-executor-3] INFO  impl.RoleInfo (RoleInfo.java:updateAndGet(143)) - 1bc296c6-def6-4ae4-8c62-5b4c951a28f1: start FollowerState
2019-10-18 08:20:20,860 [grpc-default-executor-7] INFO  impl.RoleInfo (RoleInfo.java:shutdownFollowerState(121)) - bc0382cc-50e2-4d58-b2de-e8b6250f3520: shutdown FollowerState
2019-10-18 08:20:20,861 [grpc-default-executor-7] INFO  impl.RoleInfo (RoleInfo.java:updateAndGet(143)) - bc0382cc-50e2-4d58-b2de-e8b6250f3520: start FollowerState
2019-10-18 08:20:20,861 [Thread-2263] INFO  impl.FollowerState (FollowerState.java:run(117)) - bc0382cc-50e2-4d58-b2de-e8b6250f3520@group-5EC277DF3249-FollowerState was interrupted: java.lang.InterruptedException: sleep interrupted
2019-10-18 08:20:20,875 [47aecc56-7e95-480d-b89c-2c00d33b4782@group-5EC277DF3249-LeaderElection243] INFO  impl.LeaderElection (LeaderElection.java:logAndReturn(56)) - 47aecc56-7e95-480d-b89c-2c00d33b4782@group-5EC277DF3249-LeaderElection243: Election REJECTED; received 2 response(s) [47aecc56-7e95-480d-b89c-2c00d33b4782<-1bc296c6-def6-4ae4-8c62-5b4c951a28f1#0:FAIL-t259, 47aecc56-7e95-480d-b89c-2c00d33b4782<-bc0382cc-50e2-4d58-b2de-e8b6250f3520#0:FAIL-t259] and 0 exception(s); 47aecc56-7e95-480d-b89c-2c00d33b4782@group-5EC277DF3249:t259, leader=null, voted=47aecc56-7e95-480d-b89c-2c00d33b4782, raftlog=47aecc56-7e95-480d-b89c-2c00d33b4782@group-5EC277DF3249-SegmentedRaftLog:OPENED:c-1,f-1,i0, conf=-1: [47aecc56-7e95-480d-b89c-2c00d33b4782:192.168.69.67:34550, 1bc296c6-def6-4ae4-8c62-5b4c951a28f1:192.168.69.67:37222, bc0382cc-50e2-4d58-b2de-e8b6250f3520:192.168.69.67:37666], old=null
2019-10-18 08:20:20,875 [47aecc56-7e95-480d-b89c-2c00d33b4782@group-5EC277DF3249-LeaderElection243] INFO  impl.RaftServerImpl (RaftServerImpl.java:setRole(184)) - 47aecc56-7e95-480d-b89c-2c00d33b4782@group-5EC277DF3249: changes role from CANDIDATE to FOLLOWER at term 259 for DISCOVERED_A_NEW_TERM
2019-10-18 08:20:20,875 [47aecc56-7e95-480d-b89c-2c00d33b4782@group-5EC277DF3249-LeaderElection243] INFO  impl.RoleInfo (RoleInfo.java:shutdownLeaderElection(134)) - 47aecc56-7e95-480d-b89c-2c00d33b4782: shutdown LeaderElection
2019-10-18 08:20:20,876 [47aecc56-7e95-480d-b89c-2c00d33b4782@group-5EC277DF3249-LeaderElection243] INFO  impl.RoleInfo (RoleInfo.java:updateAndGet(143)) - 47aecc56-7e95-480d-b89c-2c00d33b4782: start FollowerState
2019-10-18 08:20:20,916 [Thread-2271] INFO  impl.FollowerState (FollowerState.java:run(108)) - 47aecc56-7e95-480d-b89c-2c00d33b4782@group-5EC277DF3249-FollowerState: change to CANDIDATE, lastRpcTime:40ms, electionTimeout:40ms
2019-10-18 08:20:20,916 [Thread-2271] INFO  impl.RoleInfo (RoleInfo.java:shutdownFollowerState(121)) - 47aecc56-7e95-480d-b89c-2c00d33b4782: shutdown FollowerState
2019-10-18 08:20:20,916 [Thread-2271] INFO  impl.RaftServerImpl (RaftServerImpl.java:setRole(184)) - 47aecc56-7e95-480d-b89c-2c00d33b4782@group-5EC277DF3249: changes role from  FOLLOWER to CANDIDATE at term 259 for changeToCandidate
2019-10-18 08:20:20,916 [Thread-2271] INFO  impl.RoleInfo (RoleInfo.java:updateAndGet(143)) - 47aecc56-7e95-480d-b89c-2c00d33b4782: start LeaderElection
2019-10-18 08:20:20,931 [47aecc56-7e95-480d-b89c-2c00d33b4782@group-5EC277DF3249-LeaderElection244] INFO  impl.LeaderElection (LeaderElection.java:askForVotes(178)) - 47aecc56-7e95-480d-b89c-2c00d33b4782@group-5EC277DF3249-LeaderElection244: begin an election at term 260 for -1: [47aecc56-7e95-480d-b89c-2c00d33b4782:192.168.69.67:34550, 1bc296c6-def6-4ae4-8c62-5b4c951a28f1:192.168.69.67:37222, bc0382cc-50e2-4d58-b2de-e8b6250f3520:192.168.69.67:37666], old=null
2019-10-18 08:20:20,932 [grpc-default-executor-7] INFO  impl.RaftServerImpl (RaftServerImpl.java:setRole(184)) - bc0382cc-50e2-4d58-b2de-e8b6250f3520@group-5EC277DF3249: changes role from  FOLLOWER to FOLLOWER at term 260 for recognizeCandidate:47aecc56-7e95-480d-b89c-2c00d33b4782
2019-10-18 08:20:20,932 [grpc-default-executor-7] INFO  impl.RoleInfo (RoleInfo.java:shutdownFollowerState(121)) - bc0382cc-50e2-4d58-b2de-e8b6250f3520: shutdown FollowerState
2019-10-18 08:20:20,932 [grpc-default-executor-3] INFO  impl.RaftServerImpl (RaftServerImpl.java:setRole(184)) - 1bc296c6-def6-4ae4-8c62-5b4c951a28f1@group-5EC277DF3249: changes role from  FOLLOWER to FOLLOWER at term 260 for recognizeCandidate:47aecc56-7e95-480d-b89c-2c00d33b4782
2019-10-18 08:20:20,933 [grpc-default-executor-3] INFO  impl.RoleInfo (RoleInfo.java:shutdownFollowerState(121)) - 1bc296c6-def6-4ae4-8c62-5b4c951a28f1: shutdown FollowerState
2019-10-18 08:20:20,933 [Thread-2270] INFO  impl.FollowerState (FollowerState.java:run(117)) - bc0382cc-50e2-4d58-b2de-e8b6250f3520@group-5EC277DF3249-FollowerState was interrupted: java.lang.InterruptedException: sleep interrupted
2019-10-18 08:20:20,933 [grpc-default-executor-7] INFO  impl.RoleInfo (RoleInfo.java:updateAndGet(143)) - bc0382cc-50e2-4d58-b2de-e8b6250f3520: start FollowerState
2019-10-18 08:20:20,933 [Thread-2269] INFO  impl.FollowerState (FollowerState.java:run(117)) - 1bc296c6-def6-4ae4-8c62-5b4c951a28f1@group-5EC277DF3249-FollowerState was interrupted: java.lang.InterruptedException: sleep interrupted
2019-10-18 08:20:20,933 [grpc-default-executor-3] INFO  impl.RoleInfo (RoleInfo.java:updateAndGet(143)) - 1bc296c6-def6-4ae4-8c62-5b4c951a28f1: start FollowerState
2019-10-18 08:20:20,936 [47aecc56-7e95-480d-b89c-2c00d33b4782@group-5EC277DF3249-LeaderElection244] INFO  impl.LeaderElection (LeaderElection.java:logAndReturn(56)) - 47aecc56-7e95-480d-b89c-2c00d33b4782@group-5EC277DF3249-LeaderElection244: Election TIMEOUT; received 0 response(s) [] and 0 exception(s); 47aecc56-7e95-480d-b89c-2c00d33b4782@group-5EC277DF3249:t260, leader=null, voted=47aecc56-7e95-480d-b89c-2c00d33b4782, raftlog=47aecc56-7e95-480d-b89c-2c00d33b4782@group-5EC277DF3249-SegmentedRaftLog:OPENED:c-1,f-1,i0, conf=-1: [47aecc56-7e95-480d-b89c-2c00d33b4782:192.168.69.67:34550, 1bc296c6-def6-4ae4-8c62-5b4c951a28f1:192.168.69.67:37222, bc0382cc-50e2-4d58-b2de-e8b6250f3520:192.168.69.67:37666], old=null
2019-10-18 08:20:20,947 [47aecc56-7e95-480d-b89c-2c00d33b4782@group-5EC277DF3249-LeaderElection244] INFO  impl.LeaderElection (LeaderElection.java:askForVotes(178)) - 47aecc56-7e95-480d-b89c-2c00d33b4782@group-5EC277DF3249-LeaderElection244: begin an election at term 261 for -1: [47aecc56-7e95-480d-b89c-2c00d33b4782:192.168.69.67:34550, 1bc296c6-def6-4ae4-8c62-5b4c951a28f1:192.168.69.67:37222, bc0382cc-50e2-4d58-b2de-e8b6250f3520:192.168.69.67:37666], old=null
2019-10-18 08:20:20,949 [grpc-default-executor-3] INFO  impl.RaftServerImpl (RaftServerImpl.java:setRole(184)) - 1bc296c6-def6-4ae4-8c62-5b4c951a28f1@group-5EC277DF3249: changes role from  FOLLOWER to FOLLOWER at term 261 for recognizeCandidate:47aecc56-7e95-480d-b89c-2c00d33b4782
2019-10-18 08:20:20,949 [grpc-default-executor-3] INFO  impl.RoleInfo (RoleInfo.java:shutdownFollowerState(121)) - 1bc296c6-def6-4ae4-8c62-5b4c951a28f1: shutdown FollowerState
2019-10-18 08:20:20,949 [grpc-default-executor-7] INFO  impl.RaftServerImpl (RaftServerImpl.java:setRole(184)) - bc0382cc-50e2-4d58-b2de-e8b6250f3520@group-5EC277DF3249: changes role from  FOLLOWER to FOLLOWER at term 261 for recognizeCandidate:47aecc56-7e95-480d-b89c-2c00d33b4782
2019-10-18 08:20:20,949 [Thread-2276] INFO  impl.FollowerState (FollowerState.java:run(117)) - 1bc296c6-def6-4ae4-8c62-5b4c951a28f1@group-5EC277DF3249-FollowerState was interrupted: java.lang.InterruptedException: sleep interrupted
2019-10-18 08:20:20,949 [grpc-default-executor-3] INFO  impl.RoleInfo (RoleInfo.java:updateAndGet(143)) - 1bc296c6-def6-4ae4-8c62-5b4c951a28f1: start FollowerState
2019-10-18 08:20:20,949 [grpc-default-executor-7] INFO  impl.RoleInfo (RoleInfo.java:shutdownFollowerState(121)) - bc0382cc-50e2-4d58-b2de-e8b6250f3520: shutdown FollowerState
2019-10-18 08:20:20,950 [grpc-default-executor-7] INFO  impl.RoleInfo (RoleInfo.java:updateAndGet(143)) - bc0382cc-50e2-4d58-b2de-e8b6250f3520: start FollowerState
2019-10-18 08:20:20,950 [Thread-2275] INFO  impl.FollowerState (FollowerState.java:run(117)) - bc0382cc-50e2-4d58-b2de-e8b6250f3520@group-5EC277DF3249-FollowerState was interrupted: java.lang.InterruptedException: sleep interrupted
2019-10-18 08:20:20,967 [47aecc56-7e95-480d-b89c-2c00d33b4782@group-5EC277DF3249-LeaderElection244] INFO  impl.LeaderElection (LeaderElection.java:logAndReturn(56)) - 47aecc56-7e95-480d-b89c-2c00d33b4782@group-5EC277DF3249-LeaderElection244: Election REJECTED; received 2 response(s) [47aecc56-7e95-480d-b89c-2c00d33b4782<-1bc296c6-def6-4ae4-8c62-5b4c951a28f1#0:FAIL-t261, 47aecc56-7e95-480d-b89c-2c00d33b4782<-bc0382cc-50e2-4d58-b2de-e8b6250f3520#0:FAIL-t261] and 0 exception(s); 47aecc56-7e95-480d-b89c-2c00d33b4782@group-5EC277DF3249:t261, leader=null, voted=47aecc56-7e95-480d-b89c-2c00d33b4782, raftlog=47aecc56-7e95-480d-b89c-2c00d33b4782@group-5EC277DF3249-SegmentedRaftLog:OPENED:c-1,f-1,i0, conf=-1: [47aecc56-7e95-480d-b89c-2c00d33b4782:192.168.69.67:34550, 1bc296c6-def6-4ae4-8c62-5b4c951a28f1:192.168.69.67:37222, bc0382cc-50e2-4d58-b2de-e8b6250f3520:192.168.69.67:37666], old=null
2019-10-18 08:20:20,967 [47aecc56-7e95-480d-b89c-2c00d33b4782@group-5EC277DF3249-LeaderElection244] INFO  impl.RaftServerImpl (RaftServerImpl.java:setRole(184)) - 47aecc56-7e95-480d-b89c-2c00d33b4782@group-5EC277DF3249: changes role from CANDIDATE to FOLLOWER at term 261 for DISCOVERED_A_NEW_TERM
2019-10-18 08:20:20,967 [47aecc56-7e95-480d-b89c-2c00d33b4782@group-5EC277DF3249-LeaderElection244] INFO  impl.RoleInfo (RoleInfo.java:shutdownLeaderElection(134)) - 47aecc56-7e95-480d-b89c-2c00d33b4782: shutdown LeaderElection
2019-10-18 08:20:20,968 [47aecc56-7e95-480d-b89c-2c00d33b4782@group-5EC277DF3249-LeaderElection244] INFO  impl.RoleInfo (RoleInfo.java:updateAndGet(143)) - 47aecc56-7e95-480d-b89c-2c00d33b4782: start FollowerState
2019-10-18 08:20:21,023 [Thread-2281] INFO  impl.FollowerState (FollowerState.java:run(108)) - 47aecc56-7e95-480d-b89c-2c00d33b4782@group-5EC277DF3249-FollowerState: change to CANDIDATE, lastRpcTime:55ms, electionTimeout:55ms
2019-10-18 08:20:21,023 [Thread-2281] INFO  impl.RoleInfo (RoleInfo.java:shutdownFollowerState(121)) - 47aecc56-7e95-480d-b89c-2c00d33b4782: shutdown FollowerState
2019-10-18 08:20:21,023 [Thread-2281] INFO  impl.RaftServerImpl (RaftServerImpl.java:setRole(184)) - 47aecc56-7e95-480d-b89c-2c00d33b4782@group-5EC277DF3249: changes role from  FOLLOWER to CANDIDATE at term 261 for changeToCandidate
2019-10-18 08:20:21,024 [Thread-2281] INFO  impl.RoleInfo (RoleInfo.java:updateAndGet(143)) - 47aecc56-7e95-480d-b89c-2c00d33b4782: start LeaderElection
2019-10-18 08:20:21,037 [47aecc56-7e95-480d-b89c-2c00d33b4782@group-5EC277DF3249-LeaderElection245] INFO  impl.LeaderElection (LeaderElection.java:askForVotes(178)) - 47aecc56-7e95-480d-b89c-2c00d33b4782@group-5EC277DF3249-LeaderElection245: begin an election at term 262 for -1: [47aecc56-7e95-480d-b89c-2c00d33b4782:192.168.69.67:34550, 1bc296c6-def6-4ae4-8c62-5b4c951a28f1:192.168.69.67:37222, bc0382cc-50e2-4d58-b2de-e8b6250f3520:192.168.69.67:37666], old=null
2019-10-18 08:20:21,039 [grpc-default-executor-7] INFO  impl.RaftServerImpl (RaftServerImpl.java:setRole(184)) - 1bc296c6-def6-4ae4-8c62-5b4c951a28f1@group-5EC277DF3249: changes role from  FOLLOWER to FOLLOWER at term 262 for recognizeCandidate:47aecc56-7e95-480d-b89c-2c00d33b4782
2019-10-18 08:20:21,039 [grpc-default-executor-3] INFO  impl.RaftServerImpl (RaftServerImpl.java:setRole(184)) - bc0382cc-50e2-4d58-b2de-e8b6250f3520@group-5EC277DF3249: changes role from  FOLLOWER to FOLLOWER at term 262 for recognizeCandidate:47aecc56-7e95-480d-b89c-2c00d33b4782
2019-10-18 08:20:21,039 [grpc-default-executor-7] INFO  impl.RoleInfo (RoleInfo.java:shutdownFollowerState(121)) - 1bc296c6-def6-4ae4-8c62-5b4c951a28f1: shutdown FollowerState
2019-10-18 08:20:21,039 [grpc-default-executor-3] INFO  impl.RoleInfo (RoleInfo.java:shutdownFollowerState(121)) - bc0382cc-50e2-4d58-b2de-e8b6250f3520: shutdown FollowerState
2019-10-18 08:20:21,040 [Thread-2279] INFO  impl.FollowerState (FollowerState.java:run(117)) - 1bc296c6-def6-4ae4-8c62-5b4c951a28f1@group-5EC277DF3249-FollowerState was interrupted: java.lang.InterruptedException: sleep interrupted
2019-10-18 08:20:21,040 [grpc-default-executor-7] INFO  impl.RoleInfo (RoleInfo.java:updateAndGet(143)) - 1bc296c6-def6-4ae4-8c62-5b4c951a28f1: start FollowerState
2019-10-18 08:20:21,040 [grpc-default-executor-3] INFO  impl.RoleInfo (RoleInfo.java:updateAndGet(143)) - bc0382cc-50e2-4d58-b2de-e8b6250f3520: start FollowerState
2019-10-18 08:20:21,040 [Thread-2280] INFO  impl.FollowerState (FollowerState.java:run(117)) - bc0382cc-50e2-4d58-b2de-e8b6250f3520@group-5EC277DF3249-FollowerState was interrupted: java.lang.InterruptedException: sleep interrupted
2019-10-18 08:20:21,055 [47aecc56-7e95-480d-b89c-2c00d33b4782@group-5EC277DF3249-LeaderElection245] INFO  impl.LeaderElection (LeaderElection.java:logAndReturn(56)) - 47aecc56-7e95-480d-b89c-2c00d33b4782@group-5EC277DF3249-LeaderElection245: Election REJECTED; received 2 response(s) [47aecc56-7e95-480d-b89c-2c00d33b4782<-1bc296c6-def6-4ae4-8c62-5b4c951a28f1#0:FAIL-t262, 47aecc56-7e95-480d-b89c-2c00d33b4782<-bc0382cc-50e2-4d58-b2de-e8b6250f3520#0:FAIL-t262] and 0 exception(s); 47aecc56-7e95-480d-b89c-2c00d33b4782@group-5EC277DF3249:t262, leader=null, voted=47aecc56-7e95-480d-b89c-2c00d33b4782, raftlog=47aecc56-7e95-480d-b89c-2c00d33b4782@group-5EC277DF3249-SegmentedRaftLog:OPENED:c-1,f-1,i0, conf=-1: [47aecc56-7e95-480d-b89c-2c00d33b4782:192.168.69.67:34550, 1bc296c6-def6-4ae4-8c62-5b4c951a28f1:192.168.69.67:37222, bc0382cc-50e2-4d58-b2de-e8b6250f3520:192.168.69.67:37666], old=null
2019-10-18 08:20:21,055 [47aecc56-7e95-480d-b89c-2c00d33b4782@group-5EC277DF3249-LeaderElection245] INFO  impl.RaftServerImpl (RaftServerImpl.java:setRole(184)) - 47aecc56-7e95-480d-b89c-2c00d33b4782@group-5EC277DF3249: changes role from CANDIDATE to FOLLOWER at term 262 for DISCOVERED_A_NEW_TERM
2019-10-18 08:20:21,055 [47aecc56-7e95-480d-b89c-2c00d33b4782@group-5EC277DF3249-LeaderElection245] INFO  impl.RoleInfo (RoleInfo.java:shutdownLeaderElection(134)) - 47aecc56-7e95-480d-b89c-2c00d33b4782: shutdown LeaderElection
2019-10-18 08:20:21,055 [47aecc56-7e95-480d-b89c-2c00d33b4782@group-5EC277DF3249-LeaderElection245] INFO  impl.RoleInfo (RoleInfo.java:updateAndGet(143)) - 47aecc56-7e95-480d-b89c-2c00d33b4782: start FollowerState
2019-10-18 08:20:21,130 [Thread-2287] INFO  impl.FollowerState (FollowerState.java:run(108)) - 47aecc56-7e95-480d-b89c-2c00d33b4782@group-5EC277DF3249-FollowerState: change to CANDIDATE, lastRpcTime:75ms, electionTimeout:75ms
2019-10-18 08:20:21,130 [Thread-2287] INFO  impl.RoleInfo (RoleInfo.java:shutdownFollowerState(121)) - 47aecc56-7e95-480d-b89c-2c00d33b4782: shutdown FollowerState
2019-10-18 08:20:21,131 [Thread-2287] INFO  impl.RaftServerImpl (RaftServerImpl.java:setRole(184)) - 47aecc56-7e95-480d-b89c-2c00d33b4782@group-5EC277DF3249: changes role from  FOLLOWER to CANDIDATE at term 262 for changeToCandidate
2019-10-18 08:20:21,131 [Thread-2287] INFO  impl.RoleInfo (RoleInfo.java:updateAndGet(143)) - 47aecc56-7e95-480d-b89c-2c00d33b4782: start LeaderElection
2019-10-18 08:20:21,144 [47aecc56-7e95-480d-b89c-2c00d33b4782@group-5EC277DF3249-LeaderElection246] INFO  impl.LeaderElection (LeaderElection.java:askForVotes(178)) - 47aecc56-7e95-480d-b89c-2c00d33b4782@group-5EC277DF3249-LeaderElection246: begin an election at term 263 for -1: [47aecc56-7e95-480d-b89c-2c00d33b4782:192.168.69.67:34550, 1bc296c6-def6-4ae4-8c62-5b4c951a28f1:192.168.69.67:37222, bc0382cc-50e2-4d58-b2de-e8b6250f3520:192.168.69.67:37666], old=null
2019-10-18 08:20:21,146 [grpc-default-executor-7] INFO  impl.RaftServerImpl (RaftServerImpl.java:setRole(184)) - 1bc296c6-def6-4ae4-8c62-5b4c951a28f1@group-5EC277DF3249: changes role from  FOLLOWER to FOLLOWER at term 263 for recognizeCandidate:47aecc56-7e95-480d-b89c-2c00d33b4782
2019-10-18 08:20:21,147 [grpc-default-executor-3] INFO  impl.RaftServerImpl (RaftServerImpl.java:setRole(184)) - bc0382cc-50e2-4d58-b2de-e8b6250f3520@group-5EC277DF3249: changes role from  FOLLOWER to FOLLOWER at term 263 for recognizeCandidate:47aecc56-7e95-480d-b89c-2c00d33b4782
2019-10-18 08:20:21,147 [grpc-default-executor-7] INFO  impl.RoleInfo (RoleInfo.java:shutdownFollowerState(121)) - 1bc296c6-def6-4ae4-8c62-5b4c951a28f1: shutdown FollowerState
2019-10-18 08:20:21,147 [grpc-default-executor-3] INFO  impl.RoleInfo (RoleInfo.java:shutdownFollowerState(121)) - bc0382cc-50e2-4d58-b2de-e8b6250f3520: shutdown FollowerState
2019-10-18 08:20:21,147 [Thread-2285] INFO  impl.FollowerState (FollowerState.java:run(117)) - 1bc296c6-def6-4ae4-8c62-5b4c951a28f1@group-5EC277DF3249-FollowerState was interrupted: java.lang.InterruptedException: sleep interrupted
2019-10-18 08:20:21,147 [grpc-default-executor-7] INFO  impl.RoleInfo (RoleInfo.java:updateAndGet(143)) - 1bc296c6-def6-4ae4-8c62-5b4c951a28f1: start FollowerState
2019-10-18 08:20:21,147 [Thread-2286] INFO  impl.FollowerState (FollowerState.java:run(117)) - bc0382cc-50e2-4d58-b2de-e8b6250f3520@group-5EC277DF3249-FollowerState was interrupted: java.lang.InterruptedException: sleep interrupted
2019-10-18 08:20:21,147 [grpc-default-executor-3] INFO  impl.RoleInfo (RoleInfo.java:updateAndGet(143)) - bc0382cc-50e2-4d58-b2de-e8b6250f3520: start FollowerState
2019-10-18 08:20:21,162 [47aecc56-7e95-480d-b89c-2c00d33b4782@group-5EC277DF3249-LeaderElection246] INFO  impl.LeaderElection (LeaderElection.java:logAndReturn(56)) - 47aecc56-7e95-480d-b89c-2c00d33b4782@group-5EC277DF3249-LeaderElection246: Election REJECTED; received 2 response(s) [47aecc56-7e95-480d-b89c-2c00d33b4782<-1bc296c6-def6-4ae4-8c62-5b4c951a28f1#0:FAIL-t263, 47aecc56-7e95-480d-b89c-2c00d33b4782<-bc0382cc-50e2-4d58-b2de-e8b6250f3520#0:FAIL-t263] and 0 exception(s); 47aecc56-7e95-480d-b89c-2c00d33b4782@group-5EC277DF3249:t263, leader=null, voted=47aecc56-7e95-480d-b89c-2c00d33b4782, raftlog=47aecc56-7e95-480d-b89c-2c00d33b4782@group-5EC277DF3249-SegmentedRaftLog:OPENED:c-1,f-1,i0, conf=-1: [47aecc56-7e95-480d-b89c-2c00d33b4782:192.168.69.67:34550, 1bc296c6-def6-4ae4-8c62-5b4c951a28f1:192.168.69.67:37222, bc0382cc-50e2-4d58-b2de-e8b6250f3520:192.168.69.67:37666], old=null
2019-10-18 08:20:21,162 [47aecc56-7e95-480d-b89c-2c00d33b4782@group-5EC277DF3249-LeaderElection246] INFO  impl.RaftServerImpl (RaftServerImpl.java:setRole(184)) - 47aecc56-7e95-480d-b89c-2c00d33b4782@group-5EC277DF3249: changes role from CANDIDATE to FOLLOWER at term 263 for DISCOVERED_A_NEW_TERM
2019-10-18 08:20:21,162 [47aecc56-7e95-480d-b89c-2c00d33b4782@group-5EC277DF3249-LeaderElection246] INFO  impl.RoleInfo (RoleInfo.java:shutdownLeaderElection(134)) - 47aecc56-7e95-480d-b89c-2c00d33b4782: shutdown LeaderElection
2019-10-18 08:20:21,162 [47aecc56-7e95-480d-b89c-2c00d33b4782@group-5EC277DF3249-LeaderElection246] INFO  impl.RoleInfo (RoleInfo.java:updateAndGet(143)) - 47aecc56-7e95-480d-b89c-2c00d33b4782: start FollowerState
 0.00% |?                                                                                                    |  0/1 Time: 0:04:292019-10-18 08:20:21,213 [grpc-default-executor-7] INFO  impl.RaftServerProxy (RaftServerProxy.java:remove(95)) - bc0382cc-50e2-4d58-b2de-e8b6250f3520: remove  FOLLOWER bc0382cc-50e2-4d58-b2de-e8b6250f3520@group-1D2D624DD38E:t2, leader=1bc296c6-def6-4ae4-8c62-5b4c951a28f1, voted=1bc296c6-def6-4ae4-8c62-5b4c951a28f1, raftlog=bc0382cc-50e2-4d58-b2de-e8b6250f3520@group-1D2D624DD38E-SegmentedRaftLog:OPENED:c0,f2,i2, conf=0: [47aecc56-7e95-480d-b89c-2c00d33b4782:192.168.69.67:34550, 1bc296c6-def6-4ae4-8c62-5b4c951a28f1:192.168.69.67:37222, bc0382cc-50e2-4d58-b2de-e8b6250f3520:192.168.69.67:37666], old=null RUNNING
2019-10-18 08:20:21,213 [grpc-default-executor-7] INFO  impl.RaftServerImpl (RaftServerImpl.java:lambda$shutdown$3(261)) - bc0382cc-50e2-4d58-b2de-e8b6250f3520@group-1D2D624DD38E: shutdown
2019-10-18 08:20:21,214 [grpc-default-executor-7] INFO  util.JmxRegister (JmxRegister.java:unregister(73)) - Successfully un-registered JMX Bean with object name Ratis:service=RaftServer,group=group-1D2D624DD38E,id=bc0382cc-50e2-4d58-b2de-e8b6250f3520
2019-10-18 08:20:21,214 [grpc-default-executor-7] INFO  impl.RoleInfo (RoleInfo.java:shutdownFollowerState(121)) - bc0382cc-50e2-4d58-b2de-e8b6250f3520: shutdown FollowerState
2019-10-18 08:20:21,214 [grpc-default-executor-7] INFO  impl.StateMachineUpdater (StateMachineUpdater.java:stopAndJoin(136)) - bc0382cc-50e2-4d58-b2de-e8b6250f3520@group-1D2D624DD38E-StateMachineUpdater: set stopIndex = 0
2019-10-18 08:20:21,214 [Thread-664] INFO  impl.FollowerState (FollowerState.java:run(117)) - bc0382cc-50e2-4d58-b2de-e8b6250f3520@group-1D2D624DD38E-FollowerState was interrupted: java.lang.InterruptedException: sleep interrupted
2019-10-18 08:20:21,215 [grpc-default-executor-7] INFO  impl.RaftServerImpl (ServerState.java:close(388)) - bc0382cc-50e2-4d58-b2de-e8b6250f3520@group-1D2D624DD38E: closes. applyIndex: 0
2019-10-18 08:20:21,215 [bc0382cc-50e2-4d58-b2de-e8b6250f3520@group-1D2D624DD38E-SegmentedRaftLogWorker] INFO  segmented.SegmentedRaftLogWorker (SegmentedRaftLogWorker.java:run(316)) - bc0382cc-50e2-4d58-b2de-e8b6250f3520@group-1D2D624DD38E-SegmentedRaftLogWorker was interrupted, exiting. There are 0 tasks remaining in the queue.
2019-10-18 08:20:21,217 [grpc-default-executor-7] INFO  segmented.SegmentedRaftLogWorker (SegmentedRaftLogWorker.java:close(224)) - bc0382cc-50e2-4d58-b2de-e8b6250f3520@group-1D2D624DD38E-SegmentedRaftLogWorker close()
2019-10-18 08:20:21,286 [grpc-default-executor-7] INFO  interfaces.Container (KeyValueContainer.java:flushAndSyncDB(386)) - Container 6 is synced with bcsId 0.
2019-10-18 08:20:21,286 [grpc-default-executor-7] INFO  interfaces.Container (KeyValueContainer.java:flushAndSyncDB(386)) - Container 6 is synced with bcsId 0.
2019-10-18 08:20:21,306 [EventQueue-IncrementalContainerReportForIncrementalContainerReportHandler] INFO  container.IncrementalContainerReportHandler (AbstractContainerReportHandler.java:updateContainerState(171)) - Moving container #6 to QUASI_CLOSED state, datanode bc0382cc-50e2-4d58-b2de-e8b6250f3520{ip: 192.168.69.67, host: pr-hdds-1868-wx8dl-4219780377, networkLocation: /default-rack, certSerialId: null} reported QUASI_CLOSED replica.
2019-10-18 08:20:21,312 [grpc-default-executor-7] INFO  impl.RaftServerProxy (RaftServerProxy.java:remove(95)) - 1bc296c6-def6-4ae4-8c62-5b4c951a28f1: remove    LEADER 1bc296c6-def6-4ae4-8c62-5b4c951a28f1@group-1D2D624DD38E:t2, leader=1bc296c6-def6-4ae4-8c62-5b4c951a28f1, voted=1bc296c6-def6-4ae4-8c62-5b4c951a28f1, raftlog=1bc296c6-def6-4ae4-8c62-5b4c951a28f1@group-1D2D624DD38E-SegmentedRaftLog:OPENED:c0,f0,i2, conf=0: [47aecc56-7e95-480d-b89c-2c00d33b4782:192.168.69.67:34550, 1bc296c6-def6-4ae4-8c62-5b4c951a28f1:192.168.69.67:37222, bc0382cc-50e2-4d58-b2de-e8b6250f3520:192.168.69.67:37666], old=null RUNNING
2019-10-18 08:20:21,312 [grpc-default-executor-7] INFO  impl.RaftServerImpl (RaftServerImpl.java:lambda$shutdown$3(261)) - 1bc296c6-def6-4ae4-8c62-5b4c951a28f1@group-1D2D624DD38E: shutdown
2019-10-18 08:20:21,312 [grpc-default-executor-7] INFO  util.JmxRegister (JmxRegister.java:unregister(73)) - Successfully un-registered JMX Bean with object name Ratis:service=RaftServer,group=group-1D2D624DD38E,id=1bc296c6-def6-4ae4-8c62-5b4c951a28f1
2019-10-18 08:20:21,313 [grpc-default-executor-7] INFO  impl.RoleInfo (RoleInfo.java:shutdownLeaderState(104)) - 1bc296c6-def6-4ae4-8c62-5b4c951a28f1: shutdown LeaderState
2019-10-18 08:20:21,315 [grpc-default-executor-7] INFO  impl.PendingRequests (PendingRequests.java:sendNotLeaderResponses(202)) - 1bc296c6-def6-4ae4-8c62-5b4c951a28f1@group-1D2D624DD38E-PendingRequests: sendNotLeaderResponses
2019-10-18 08:20:21,315 [org.apache.ratis.server.impl.LogAppender$AppenderDaemon$$Lambda$420/930472032@3afe2896] WARN  server.GrpcLogAppender (GrpcLogAppender.java:mayWait(149)) - 1bc296c6-def6-4ae4-8c62-5b4c951a28f1@group-1D2D624DD38E->bc0382cc-50e2-4d58-b2de-e8b6250f3520-GrpcLogAppender: Wait interrupted by java.lang.InterruptedException
2019-10-18 08:20:21,315 [org.apache.ratis.server.impl.LogAppender$AppenderDaemon$$Lambda$420/930472032@6bc12bc5] WARN  server.GrpcLogAppender (GrpcLogAppender.java:mayWait(149)) - 1bc296c6-def6-4ae4-8c62-5b4c951a28f1@group-1D2D624DD38E->47aecc56-7e95-480d-b89c-2c00d33b4782-GrpcLogAppender: Wait interrupted by java.lang.InterruptedException
2019-10-18 08:20:21,317 [grpc-default-executor-3] INFO  server.GrpcServerProtocolService (GrpcServerProtocolService.java:onCompleted(113)) - bc0382cc-50e2-4d58-b2de-e8b6250f3520: Completed APPEND_ENTRIES, lastRequest: 1bc296c6-def6-4ae4-8c62-5b4c951a28f1->bc0382cc-50e2-4d58-b2de-e8b6250f3520#29-t2, previous=(t:2, i:2), leaderCommit=0, initializing? false, entries: <empty>
2019-10-18 08:20:21,319 [grpc-default-executor-7] INFO  impl.StateMachineUpdater (StateMachineUpdater.java:stopAndJoin(136)) - 1bc296c6-def6-4ae4-8c62-5b4c951a28f1@group-1D2D624DD38E-StateMachineUpdater: set stopIndex = 0
2019-10-18 08:20:21,319 [grpc-default-executor-7] INFO  impl.RaftServerImpl (ServerState.java:close(388)) - 1bc296c6-def6-4ae4-8c62-5b4c951a28f1@group-1D2D624DD38E: closes. applyIndex: 0
2019-10-18 08:20:21,322 [grpc-default-executor-9] INFO  server.GrpcLogAppender (GrpcLogAppender.java:onCompleted(308)) - 1bc296c6-def6-4ae4-8c62-5b4c951a28f1@group-1D2D624DD38E->bc0382cc-50e2-4d58-b2de-e8b6250f3520-AppendLogResponseHandler: follower responses appendEntries COMPLETED
2019-10-18 08:20:21,320 [grpc-default-executor-5] INFO  server.GrpcServerProtocolService (GrpcServerProtocolService.java:onCompleted(113)) - 47aecc56-7e95-480d-b89c-2c00d33b4782: Completed APPEND_ENTRIES, lastRequest: 1bc296c6-def6-4ae4-8c62-5b4c951a28f1->47aecc56-7e95-480d-b89c-2c00d33b4782#29-t2, previous=(t:2, i:2), leaderCommit=0, initializing? false, entries: <empty>
2019-10-18 08:20:21,322 [1bc296c6-def6-4ae4-8c62-5b4c951a28f1@group-1D2D624DD38E-SegmentedRaftLogWorker] INFO  segmented.SegmentedRaftLogWorker (SegmentedRaftLogWorker.java:run(316)) - 1bc296c6-def6-4ae4-8c62-5b4c951a28f1@group-1D2D624DD38E-SegmentedRaftLogWorker was interrupted, exiting. There are 0 tasks remaining in the queue.
2019-10-18 08:20:21,322 [grpc-default-executor-9] INFO  impl.FollowerInfo (FollowerInfo.java:lambda$new$0(51)) - 1bc296c6-def6-4ae4-8c62-5b4c951a28f1@group-1D2D624DD38E->bc0382cc-50e2-4d58-b2de-e8b6250f3520: nextIndex: updateUnconditionally 3 -> 2
2019-10-18 08:20:21,327 [grpc-default-executor-7] INFO  segmented.SegmentedRaftLogWorker (SegmentedRaftLogWorker.java:close(224)) - 1bc296c6-def6-4ae4-8c62-5b4c951a28f1@group-1D2D624DD38E-SegmentedRaftLogWorker close()
2019-10-18 08:20:21,331 [grpc-default-executor-3] INFO  server.GrpcLogAppender (GrpcLogAppender.java:onCompleted(308)) - 1bc296c6-def6-4ae4-8c62-5b4c951a28f1@group-1D2D624DD38E->47aecc56-7e95-480d-b89c-2c00d33b4782-AppendLogResponseHandler: follower responses appendEntries COMPLETED
2019-10-18 08:20:21,331 [grpc-default-executor-3] INFO  impl.FollowerInfo (FollowerInfo.java:lambda$new$0(51)) - 1bc296c6-def6-4ae4-8c62-5b4c951a28f1@group-1D2D624DD38E->47aecc56-7e95-480d-b89c-2c00d33b4782: nextIndex: updateUnconditionally 3 -> 2
2019-10-18 08:20:21,344 [grpc-default-executor-7] INFO  impl.RaftServerProxy (RaftServerProxy.java:remove(95)) - 47aecc56-7e95-480d-b89c-2c00d33b4782: remove  FOLLOWER 47aecc56-7e95-480d-b89c-2c00d33b4782@group-1D2D624DD38E:t2, leader=1bc296c6-def6-4ae4-8c62-5b4c951a28f1, voted=1bc296c6-def6-4ae4-8c62-5b4c951a28f1, raftlog=47aecc56-7e95-480d-b89c-2c00d33b4782@group-1D2D624DD38E-SegmentedRaftLog:OPENED:c0,f2,i2, conf=0: [47aecc56-7e95-480d-b89c-2c00d33b4782:192.168.69.67:34550, 1bc296c6-def6-4ae4-8c62-5b4c951a28f1:192.168.69.67:37222, bc0382cc-50e2-4d58-b2de-e8b6250f3520:192.168.69.67:37666], old=null RUNNING
2019-10-18 08:20:21,345 [grpc-default-executor-7] INFO  impl.RaftServerImpl (RaftServerImpl.java:lambda$shutdown$3(261)) - 47aecc56-7e95-480d-b89c-2c00d33b4782@group-1D2D624DD38E: shutdown
2019-10-18 08:20:21,345 [grpc-default-executor-7] INFO  util.JmxRegister (JmxRegister.java:unregister(73)) - Successfully un-registered JMX Bean with object name Ratis:service=RaftServer,group=group-1D2D624DD38E,id=47aecc56-7e95-480d-b89c-2c00d33b4782
2019-10-18 08:20:21,345 [grpc-default-executor-7] INFO  impl.RoleInfo (RoleInfo.java:shutdownFollowerState(121)) - 47aecc56-7e95-480d-b89c-2c00d33b4782: shutdown FollowerState
2019-10-18 08:20:21,345 [grpc-default-executor-7] INFO  impl.StateMachineUpdater (StateMachineUpdater.java:stopAndJoin(136)) - 47aecc56-7e95-480d-b89c-2c00d33b4782@group-1D2D624DD38E-StateMachineUpdater: set stopIndex = 0
2019-10-18 08:20:21,345 [Thread-663] INFO  impl.FollowerState (FollowerState.java:run(117)) - 47aecc56-7e95-480d-b89c-2c00d33b4782@group-1D2D624DD38E-FollowerState was interrupted: java.lang.InterruptedException: sleep interrupted
2019-10-18 08:20:21,346 [grpc-default-executor-7] INFO  impl.RaftServerImpl (ServerState.java:close(388)) - 47aecc56-7e95-480d-b89c-2c00d33b4782@group-1D2D624DD38E: closes. applyIndex: 0
2019-10-18 08:20:21,346 [47aecc56-7e95-480d-b89c-2c00d33b4782@group-1D2D624DD38E-SegmentedRaftLogWorker] INFO  segmented.SegmentedRaftLogWorker (SegmentedRaftLogWorker.java:run(316)) - 47aecc56-7e95-480d-b89c-2c00d33b4782@group-1D2D624DD38E-SegmentedRaftLogWorker was interrupted, exiting. There are 0 tasks remaining in the queue.
2019-10-18 08:20:21,346 [grpc-default-executor-7] INFO  segmented.SegmentedRaftLogWorker (SegmentedRaftLogWorker.java:close(224)) - 47aecc56-7e95-480d-b89c-2c00d33b4782@group-1D2D624DD38E-SegmentedRaftLogWorker close()
2019-10-18 08:20:21,353 [Thread-2293] INFO  impl.FollowerState (FollowerState.java:run(108)) - 47aecc56-7e95-480d-b89c-2c00d33b4782@group-5EC277DF3249-FollowerState: change to CANDIDATE, lastRpcTime:190ms, electionTimeout:190ms
2019-10-18 08:20:21,353 [Thread-2293] INFO  impl.RoleInfo (RoleInfo.java:shutdownFollowerState(121)) - 47aecc56-7e95-480d-b89c-2c00d33b4782: shutdown FollowerState
2019-10-18 08:20:21,353 [Thread-2293] INFO  impl.RaftServerImpl (RaftServerImpl.java:setRole(184)) - 47aecc56-7e95-480d-b89c-2c00d33b4782@group-5EC277DF3249: changes role from  FOLLOWER to CANDIDATE at term 263 for changeToCandidate
2019-10-18 08:20:21,353 [Thread-2293] INFO  impl.RoleInfo (RoleInfo.java:updateAndGet(143)) - 47aecc56-7e95-480d-b89c-2c00d33b4782: start LeaderElection
2019-10-18 08:20:21,366 [47aecc56-7e95-480d-b89c-2c00d33b4782@group-5EC277DF3249-LeaderElection247] INFO  impl.LeaderElection (LeaderElection.java:askForVotes(178)) - 47aecc56-7e95-480d-b89c-2c00d33b4782@group-5EC277DF3249-LeaderElection247: begin an election at term 264 for -1: [47aecc56-7e95-480d-b89c-2c00d33b4782:192.168.69.67:34550, 1bc296c6-def6-4ae4-8c62-5b4c951a28f1:192.168.69.67:37222, bc0382cc-50e2-4d58-b2de-e8b6250f3520:192.168.69.67:37666], old=null
2019-10-18 08:20:21,368 [grpc-default-executor-3] INFO  impl.RaftServerImpl (RaftServerImpl.java:setRole(184)) - 1bc296c6-def6-4ae4-8c62-5b4c951a28f1@group-5EC277DF3249: changes role from  FOLLOWER to FOLLOWER at term 264 for recognizeCandidate:47aecc56-7e95-480d-b89c-2c00d33b4782
2019-10-18 08:20:21,368 [grpc-default-executor-3] INFO  impl.RoleInfo (RoleInfo.java:shutdownFollowerState(121)) - 1bc296c6-def6-4ae4-8c62-5b4c951a28f1: shutdown FollowerState
2019-10-18 08:20:21,368 [grpc-default-executor-9] INFO  impl.RaftServerImpl (RaftServerImpl.java:setRole(184)) - bc0382cc-50e2-4d58-b2de-e8b6250f3520@group-5EC277DF3249: changes role from  FOLLOWER to FOLLOWER at term 264 for recognizeCandidate:47aecc56-7e95-480d-b89c-2c00d33b4782
2019-10-18 08:20:21,368 [Thread-2291] INFO  impl.FollowerState (FollowerState.java:run(117)) - 1bc296c6-def6-4ae4-8c62-5b4c951a28f1@group-5EC277DF3249-FollowerState was interrupted: java.lang.InterruptedException: sleep interrupted
2019-10-18 08:20:21,368 [grpc-default-executor-3] INFO  impl.RoleInfo (RoleInfo.java:updateAndGet(143)) - 1bc296c6-def6-4ae4-8c62-5b4c951a28f1: start FollowerState
2019-10-18 08:20:21,369 [grpc-default-executor-9] INFO  impl.RoleInfo (RoleInfo.java:shutdownFollowerState(121)) - bc0382cc-50e2-4d58-b2de-e8b6250f3520: shutdown FollowerState
2019-10-18 08:20:21,369 [grpc-default-executor-9] INFO  impl.RoleInfo (RoleInfo.java:updateAndGet(143)) - bc0382cc-50e2-4d58-b2de-e8b6250f3520: start FollowerState
2019-10-18 08:20:21,369 [Thread-2292] INFO  impl.FollowerState (FollowerState.java:run(117)) - bc0382cc-50e2-4d58-b2de-e8b6250f3520@group-5EC277DF3249-FollowerState was interrupted: java.lang.InterruptedException: sleep interrupted
2019-10-18 08:20:21,384 [47aecc56-7e95-480d-b89c-2c00d33b4782@group-5EC277DF3249-LeaderElection247] INFO  impl.LeaderElection (LeaderElection.java:logAndReturn(56)) - 47aecc56-7e95-480d-b89c-2c00d33b4782@group-5EC277DF3249-LeaderElection247: Election REJECTED; received 2 response(s) [47aecc56-7e95-480d-b89c-2c00d33b4782<-1bc296c6-def6-4ae4-8c62-5b4c951a28f1#0:FAIL-t264, 47aecc56-7e95-480d-b89c-2c00d33b4782<-bc0382cc-50e2-4d58-b2de-e8b6250f3520#0:FAIL-t264] and 0 exception(s); 47aecc56-7e95-480d-b89c-2c00d33b4782@group-5EC277DF3249:t264, leader=null, voted=47aecc56-7e95-480d-b89c-2c00d33b4782, raftlog=47aecc56-7e95-480d-b89c-2c00d33b4782@group-5EC277DF3249-SegmentedRaftLog:OPENED:c-1,f-1,i0, conf=-1: [47aecc56-7e95-480d-b89c-2c00d33b4782:192.168.69.67:34550, 1bc296c6-def6-4ae4-8c62-5b4c951a28f1:192.168.69.67:37222, bc0382cc-50e2-4d58-b2de-e8b6250f3520:192.168.69.67:37666], old=null
2019-10-18 08:20:21,384 [47aecc56-7e95-480d-b89c-2c00d33b4782@group-5EC277DF3249-LeaderElection247] INFO  impl.RaftServerImpl (RaftServerImpl.java:setRole(184)) - 47aecc56-7e95-480d-b89c-2c00d33b4782@group-5EC277DF3249: changes role from CANDIDATE to FOLLOWER at term 264 for DISCOVERED_A_NEW_TERM
2019-10-18 08:20:21,385 [47aecc56-7e95-480d-b89c-2c00d33b4782@group-5EC277DF3249-LeaderElection247] INFO  impl.RoleInfo (RoleInfo.java:shutdownLeaderElection(134)) - 47aecc56-7e95-480d-b89c-2c00d33b4782: shutdown LeaderElection
2019-10-18 08:20:21,385 [47aecc56-7e95-480d-b89c-2c00d33b4782@group-5EC277DF3249-LeaderElection247] INFO  impl.RoleInfo (RoleInfo.java:updateAndGet(143)) - 47aecc56-7e95-480d-b89c-2c00d33b4782: start FollowerState
2019-10-18 08:20:21,398 [grpc-default-executor-7] INFO  interfaces.Container (KeyValueContainer.java:flushAndSyncDB(386)) - Container 6 is synced with bcsId 0.
2019-10-18 08:20:21,398 [grpc-default-executor-7] INFO  interfaces.Container (KeyValueContainer.java:flushAndSyncDB(386)) - Container 6 is synced with bcsId 0.
2019-10-18 08:20:21,417 [RatisPipelineUtilsThread] INFO  pipeline.PipelineStateManager (PipelineStateManager.java:removePipeline(106)) - Pipeline Pipeline[ Id: 97f885e2-ef5b-4363-bb24-1d2d624dd38e, Nodes: bc0382cc-50e2-4d58-b2de-e8b6250f3520{ip: 192.168.69.67, host: pr-hdds-1868-wx8dl-4219780377, networkLocation: /default-rack, certSerialId: null}1bc296c6-def6-4ae4-8c62-5b4c951a28f1{ip: 192.168.69.67, host: pr-hdds-1868-wx8dl-4219780377, networkLocation: /default-rack, certSerialId: null}47aecc56-7e95-480d-b89c-2c00d33b4782{ip: 192.168.69.67, host: pr-hdds-1868-wx8dl-4219780377, networkLocation: /default-rack, certSerialId: null}, Type:RATIS, Factor:THREE, State:CLOSED] removed from db
2019-10-18 08:20:21,422 [grpc-default-executor-7] INFO  impl.RaftServerProxy (RaftServerProxy.java:remove(95)) - bc0382cc-50e2-4d58-b2de-e8b6250f3520: remove group-1D2D624DD38E:null
2019-10-18 08:20:21,429 [RatisPipelineUtilsThread] WARN  pipeline.RatisPipelineUtils (RatisPipelineUtils.java:destroyPipeline(69)) - Pipeline destroy failed for pipeline=PipelineID=97f885e2-ef5b-4363-bb24-1d2d624dd38e dn=bc0382cc-50e2-4d58-b2de-e8b6250f3520{ip: 192.168.69.67, host: pr-hdds-1868-wx8dl-4219780377, networkLocation: /default-rack, certSerialId: null}
2019-10-18 08:20:21,433 [grpc-default-executor-7] INFO  impl.RaftServerProxy (RaftServerProxy.java:remove(95)) - 1bc296c6-def6-4ae4-8c62-5b4c951a28f1: remove group-1D2D624DD38E:null
2019-10-18 08:20:21,439 [RatisPipelineUtilsThread] WARN  pipeline.RatisPipelineUtils (RatisPipelineUtils.java:destroyPipeline(69)) - Pipeline destroy failed for pipeline=PipelineID=97f885e2-ef5b-4363-bb24-1d2d624dd38e dn=1bc296c6-def6-4ae4-8c62-5b4c951a28f1{ip: 192.168.69.67, host: pr-hdds-1868-wx8dl-4219780377, networkLocation: /default-rack, certSerialId: null}
2019-10-18 08:20:21,442 [grpc-default-executor-7] INFO  impl.RaftServerProxy (RaftServerProxy.java:remove(95)) - 47aecc56-7e95-480d-b89c-2c00d33b4782: remove group-1D2D624DD38E:null
2019-10-18 08:20:21,448 [RatisPipelineUtilsThread] WARN  pipeline.RatisPipelineUtils (RatisPipelineUtils.java:destroyPipeline(69)) - Pipeline destroy failed for pipeline=PipelineID=97f885e2-ef5b-4363-bb24-1d2d624dd38e dn=47aecc56-7e95-480d-b89c-2c00d33b4782{ip: 192.168.69.67, host: pr-hdds-1868-wx8dl-4219780377, networkLocation: /default-rack, certSerialId: null}
2019-10-18 08:20:21,449 [RatisPipelineUtilsThread] ERROR pipeline.SCMPipelineManager (Scheduler.java:lambda$schedule$1(70)) - Destroy pipeline failed for pipeline:Pipeline[ Id: 97f885e2-ef5b-4363-bb24-1d2d624dd38e, Nodes: bc0382cc-50e2-4d58-b2de-e8b6250f3520{ip: 192.168.69.67, host: pr-hdds-1868-wx8dl-4219780377, networkLocation: /default-rack, certSerialId: null}1bc296c6-def6-4ae4-8c62-5b4c951a28f1{ip: 192.168.69.67, host: pr-hdds-1868-wx8dl-4219780377, networkLocation: /default-rack, certSerialId: null}47aecc56-7e95-480d-b89c-2c00d33b4782{ip: 192.168.69.67, host: pr-hdds-1868-wx8dl-4219780377, networkLocation: /default-rack, certSerialId: null}, Type:RATIS, Factor:THREE, State:CLOSED]
org.apache.hadoop.hdds.scm.pipeline.PipelineNotFoundException: PipelineID=97f885e2-ef5b-4363-bb24-1d2d624dd38e not found
	at org.apache.hadoop.hdds.scm.pipeline.PipelineStateMap.getPipeline(PipelineStateMap.java:132)
	at org.apache.hadoop.hdds.scm.pipeline.PipelineStateMap.removePipeline(PipelineStateMap.java:322)
	at org.apache.hadoop.hdds.scm.pipeline.PipelineStateManager.removePipeline(PipelineStateManager.java:105)
	at org.apache.hadoop.hdds.scm.pipeline.SCMPipelineManager.removePipeline(SCMPipelineManager.java:427)
	at org.apache.hadoop.hdds.scm.pipeline.SCMPipelineManager.destroyPipeline(SCMPipelineManager.java:413)
	at org.apache.hadoop.hdds.scm.pipeline.SCMPipelineManager.lambda$finalizeAndDestroyPipeline$0(SCMPipelineManager.java:322)
	at org.apache.hadoop.hdds.utils.Scheduler.lambda$schedule$1(Scheduler.java:68)
	at java.util.concurrent.Executors$RunnableAdapter.call(Executors.java:511)
	at java.util.concurrent.FutureTask.run(FutureTask.java:266)
	at java.util.concurrent.ScheduledThreadPoolExecutor$ScheduledFutureTask.access$201(ScheduledThreadPoolExecutor.java:180)
	at java.util.concurrent.ScheduledThreadPoolExecutor$ScheduledFutureTask.run(ScheduledThreadPoolExecutor.java:293)
	at java.util.concurrent.ThreadPoolExecutor.runWorker(ThreadPoolExecutor.java:1149)
	at java.util.concurrent.ThreadPoolExecutor$Worker.run(ThreadPoolExecutor.java:624)
	at java.lang.Thread.run(Thread.java:748)
2019-10-18 08:20:21,470 [Thread-2302] INFO  impl.FollowerState (FollowerState.java:run(108)) - 47aecc56-7e95-480d-b89c-2c00d33b4782@group-5EC277DF3249-FollowerState: change to CANDIDATE, lastRpcTime:85ms, electionTimeout:85ms
2019-10-18 08:20:21,470 [Thread-2302] INFO  impl.RoleInfo (RoleInfo.java:shutdownFollowerState(121)) - 47aecc56-7e95-480d-b89c-2c00d33b4782: shutdown FollowerState
2019-10-18 08:20:21,470 [Thread-2302] INFO  impl.RaftServerImpl (RaftServerImpl.java:setRole(184)) - 47aecc56-7e95-480d-b89c-2c00d33b4782@group-5EC277DF3249: changes role from  FOLLOWER to CANDIDATE at term 264 for changeToCandidate
2019-10-18 08:20:21,470 [Thread-2302] INFO  impl.RoleInfo (RoleInfo.java:updateAndGet(143)) - 47aecc56-7e95-480d-b89c-2c00d33b4782: start LeaderElection
2019-10-18 08:20:21,484 [47aecc56-7e95-480d-b89c-2c00d33b4782@group-5EC277DF3249-LeaderElection248] INFO  impl.LeaderElection (LeaderElection.java:askForVotes(178)) - 47aecc56-7e95-480d-b89c-2c00d33b4782@group-5EC277DF3249-LeaderElection248: begin an election at term 265 for -1: [47aecc56-7e95-480d-b89c-2c00d33b4782:192.168.69.67:34550, 1bc296c6-def6-4ae4-8c62-5b4c951a28f1:192.168.69.67:37222, bc0382cc-50e2-4d58-b2de-e8b6250f3520:192.168.69.67:37666], old=null
2019-10-18 08:20:21,485 [grpc-default-executor-7] INFO  impl.RaftServerImpl (RaftServerImpl.java:setRole(184)) - bc0382cc-50e2-4d58-b2de-e8b6250f3520@group-5EC277DF3249: changes role from  FOLLOWER to FOLLOWER at term 265 for recognizeCandidate:47aecc56-7e95-480d-b89c-2c00d33b4782
2019-10-18 08:20:21,485 [grpc-default-executor-9] INFO  impl.RaftServerImpl (RaftServerImpl.java:setRole(184)) - 1bc296c6-def6-4ae4-8c62-5b4c951a28f1@group-5EC277DF3249: changes role from  FOLLOWER to FOLLOWER at term 265 for recognizeCandidate:47aecc56-7e95-480d-b89c-2c00d33b4782
2019-10-18 08:20:21,485 [grpc-default-executor-7] INFO  impl.RoleInfo (RoleInfo.java:shutdownFollowerState(121)) - bc0382cc-50e2-4d58-b2de-e8b6250f3520: shutdown FollowerState
2019-10-18 08:20:21,485 [grpc-default-executor-9] INFO  impl.RoleInfo (RoleInfo.java:shutdownFollowerState(121)) - 1bc296c6-def6-4ae4-8c62-5b4c951a28f1: shutdown FollowerState
2019-10-18 08:20:21,486 [Thread-2301] INFO  impl.FollowerState (FollowerState.java:run(117)) - bc0382cc-50e2-4d58-b2de-e8b6250f3520@group-5EC277DF3249-FollowerState was interrupted: java.lang.InterruptedException: sleep interrupted
2019-10-18 08:20:21,486 [grpc-default-executor-7] INFO  impl.RoleInfo (RoleInfo.java:updateAndGet(143)) - bc0382cc-50e2-4d58-b2de-e8b6250f3520: start FollowerState
2019-10-18 08:20:21,486 [Thread-2300] INFO  impl.FollowerState (FollowerState.java:run(117)) - 1bc296c6-def6-4ae4-8c62-5b4c951a28f1@group-5EC277DF3249-FollowerState was interrupted: java.lang.InterruptedException: sleep interrupted
2019-10-18 08:20:21,486 [grpc-default-executor-9] INFO  impl.RoleInfo (RoleInfo.java:updateAndGet(143)) - 1bc296c6-def6-4ae4-8c62-5b4c951a28f1: start FollowerState
2019-10-18 08:20:21,502 [47aecc56-7e95-480d-b89c-2c00d33b4782@group-5EC277DF3249-LeaderElection248] INFO  impl.LeaderElection (LeaderElection.java:logAndReturn(56)) - 47aecc56-7e95-480d-b89c-2c00d33b4782@group-5EC277DF3249-LeaderElection248: Election REJECTED; received 2 response(s) [47aecc56-7e95-480d-b89c-2c00d33b4782<-1bc296c6-def6-4ae4-8c62-5b4c951a28f1#0:FAIL-t265, 47aecc56-7e95-480d-b89c-2c00d33b4782<-bc0382cc-50e2-4d58-b2de-e8b6250f3520#0:FAIL-t265] and 0 exception(s); 47aecc56-7e95-480d-b89c-2c00d33b4782@group-5EC277DF3249:t265, leader=null, voted=47aecc56-7e95-480d-b89c-2c00d33b4782, raftlog=47aecc56-7e95-480d-b89c-2c00d33b4782@group-5EC277DF3249-SegmentedRaftLog:OPENED:c-1,f-1,i0, conf=-1: [47aecc56-7e95-480d-b89c-2c00d33b4782:192.168.69.67:34550, 1bc296c6-def6-4ae4-8c62-5b4c951a28f1:192.168.69.67:37222, bc0382cc-50e2-4d58-b2de-e8b6250f3520:192.168.69.67:37666], old=null
2019-10-18 08:20:21,502 [47aecc56-7e95-480d-b89c-2c00d33b4782@group-5EC277DF3249-LeaderElection248] INFO  impl.RaftServerImpl (RaftServerImpl.java:setRole(184)) - 47aecc56-7e95-480d-b89c-2c00d33b4782@group-5EC277DF3249: changes role from CANDIDATE to FOLLOWER at term 265 for DISCOVERED_A_NEW_TERM
2019-10-18 08:20:21,502 [47aecc56-7e95-480d-b89c-2c00d33b4782@group-5EC277DF3249-LeaderElection248] INFO  impl.RoleInfo (RoleInfo.java:shutdownLeaderElection(134)) - 47aecc56-7e95-480d-b89c-2c00d33b4782: shutdown LeaderElection
2019-10-18 08:20:21,502 [47aecc56-7e95-480d-b89c-2c00d33b4782@group-5EC277DF3249-LeaderElection248] INFO  impl.RoleInfo (RoleInfo.java:updateAndGet(143)) - 47aecc56-7e95-480d-b89c-2c00d33b4782: start FollowerState
2019-10-18 08:20:21,528 [Thread-2312] INFO  impl.FollowerState (FollowerState.java:run(108)) - 47aecc56-7e95-480d-b89c-2c00d33b4782@group-5EC277DF3249-FollowerState: change to CANDIDATE, lastRpcTime:26ms, electionTimeout:26ms
2019-10-18 08:20:21,528 [Thread-2312] INFO  impl.RoleInfo (RoleInfo.java:shutdownFollowerState(121)) - 47aecc56-7e95-480d-b89c-2c00d33b4782: shutdown FollowerState
2019-10-18 08:20:21,528 [Thread-2312] INFO  impl.RaftServerImpl (RaftServerImpl.java:setRole(184)) - 47aecc56-7e95-480d-b89c-2c00d33b4782@group-5EC277DF3249: changes role from  FOLLOWER to CANDIDATE at term 265 for changeToCandidate
2019-10-18 08:20:21,529 [Thread-2312] INFO  impl.RoleInfo (RoleInfo.java:updateAndGet(143)) - 47aecc56-7e95-480d-b89c-2c00d33b4782: start LeaderElection
2019-10-18 08:20:21,542 [47aecc56-7e95-480d-b89c-2c00d33b4782@group-5EC277DF3249-LeaderElection249] INFO  impl.LeaderElection (LeaderElection.java:askForVotes(178)) - 47aecc56-7e95-480d-b89c-2c00d33b4782@group-5EC277DF3249-LeaderElection249: begin an election at term 266 for -1: [47aecc56-7e95-480d-b89c-2c00d33b4782:192.168.69.67:34550, 1bc296c6-def6-4ae4-8c62-5b4c951a28f1:192.168.69.67:37222, bc0382cc-50e2-4d58-b2de-e8b6250f3520:192.168.69.67:37666], old=null
2019-10-18 08:20:21,544 [grpc-default-executor-7] INFO  impl.RaftServerImpl (RaftServerImpl.java:setRole(184)) - 1bc296c6-def6-4ae4-8c62-5b4c951a28f1@group-5EC277DF3249: changes role from  FOLLOWER to FOLLOWER at term 266 for recognizeCandidate:47aecc56-7e95-480d-b89c-2c00d33b4782
2019-10-18 08:20:21,544 [grpc-default-executor-9] INFO  impl.RaftServerImpl (RaftServerImpl.java:setRole(184)) - bc0382cc-50e2-4d58-b2de-e8b6250f3520@group-5EC277DF3249: changes role from  FOLLOWER to FOLLOWER at term 266 for recognizeCandidate:47aecc56-7e95-480d-b89c-2c00d33b4782
2019-10-18 08:20:21,544 [grpc-default-executor-7] INFO  impl.RoleInfo (RoleInfo.java:shutdownFollowerState(121)) - 1bc296c6-def6-4ae4-8c62-5b4c951a28f1: shutdown FollowerState
2019-10-18 08:20:21,544 [grpc-default-executor-9] INFO  impl.RoleInfo (RoleInfo.java:shutdownFollowerState(121)) - bc0382cc-50e2-4d58-b2de-e8b6250f3520: shutdown FollowerState
2019-10-18 08:20:21,544 [Thread-2311] INFO  impl.FollowerState (FollowerState.java:run(117)) - 1bc296c6-def6-4ae4-8c62-5b4c951a28f1@group-5EC277DF3249-FollowerState was interrupted: java.lang.InterruptedException: sleep interrupted
2019-10-18 08:20:21,544 [grpc-default-executor-7] INFO  impl.RoleInfo (RoleInfo.java:updateAndGet(143)) - 1bc296c6-def6-4ae4-8c62-5b4c951a28f1: start FollowerState
2019-10-18 08:20:21,544 [Thread-2310] INFO  impl.FollowerState (FollowerState.java:run(117)) - bc0382cc-50e2-4d58-b2de-e8b6250f3520@group-5EC277DF3249-FollowerState was interrupted: java.lang.InterruptedException: sleep interrupted
2019-10-18 08:20:21,544 [grpc-default-executor-9] INFO  impl.RoleInfo (RoleInfo.java:updateAndGet(143)) - bc0382cc-50e2-4d58-b2de-e8b6250f3520: start FollowerState
2019-10-18 08:20:21,558 [47aecc56-7e95-480d-b89c-2c00d33b4782@group-5EC277DF3249-LeaderElection249] INFO  impl.LeaderElection (LeaderElection.java:logAndReturn(56)) - 47aecc56-7e95-480d-b89c-2c00d33b4782@group-5EC277DF3249-LeaderElection249: Election REJECTED; received 2 response(s) [47aecc56-7e95-480d-b89c-2c00d33b4782<-1bc296c6-def6-4ae4-8c62-5b4c951a28f1#0:FAIL-t266, 47aecc56-7e95-480d-b89c-2c00d33b4782<-bc0382cc-50e2-4d58-b2de-e8b6250f3520#0:FAIL-t266] and 0 exception(s); 47aecc56-7e95-480d-b89c-2c00d33b4782@group-5EC277DF3249:t266, leader=null, voted=47aecc56-7e95-480d-b89c-2c00d33b4782, raftlog=47aecc56-7e95-480d-b89c-2c00d33b4782@group-5EC277DF3249-SegmentedRaftLog:OPENED:c-1,f-1,i0, conf=-1: [47aecc56-7e95-480d-b89c-2c00d33b4782:192.168.69.67:34550, 1bc296c6-def6-4ae4-8c62-5b4c951a28f1:192.168.69.67:37222, bc0382cc-50e2-4d58-b2de-e8b6250f3520:192.168.69.67:37666], old=null
2019-10-18 08:20:21,558 [47aecc56-7e95-480d-b89c-2c00d33b4782@group-5EC277DF3249-LeaderElection249] INFO  impl.RaftServerImpl (RaftServerImpl.java:setRole(184)) - 47aecc56-7e95-480d-b89c-2c00d33b4782@group-5EC277DF3249: changes role from CANDIDATE to FOLLOWER at term 266 for DISCOVERED_A_NEW_TERM
2019-10-18 08:20:21,559 [47aecc56-7e95-480d-b89c-2c00d33b4782@group-5EC277DF3249-LeaderElection249] INFO  impl.RoleInfo (RoleInfo.java:shutdownLeaderElection(134)) - 47aecc56-7e95-480d-b89c-2c00d33b4782: shutdown LeaderElection
2019-10-18 08:20:21,559 [47aecc56-7e95-480d-b89c-2c00d33b4782@group-5EC277DF3249-LeaderElection249] INFO  impl.RoleInfo (RoleInfo.java:updateAndGet(143)) - 47aecc56-7e95-480d-b89c-2c00d33b4782: start FollowerState
2019-10-18 08:20:21,713 [Thread-2318] INFO  impl.FollowerState (FollowerState.java:run(108)) - 47aecc56-7e95-480d-b89c-2c00d33b4782@group-5EC277DF3249-FollowerState: change to CANDIDATE, lastRpcTime:154ms, electionTimeout:154ms
2019-10-18 08:20:21,713 [Thread-2318] INFO  impl.RoleInfo (RoleInfo.java:shutdownFollowerState(121)) - 47aecc56-7e95-480d-b89c-2c00d33b4782: shutdown FollowerState
2019-10-18 08:20:21,713 [Thread-2318] INFO  impl.RaftServerImpl (RaftServerImpl.java:setRole(184)) - 47aecc56-7e95-480d-b89c-2c00d33b4782@group-5EC277DF3249: changes role from  FOLLOWER to CANDIDATE at term 266 for changeToCandidate
2019-10-18 08:20:21,714 [Thread-2318] INFO  impl.RoleInfo (RoleInfo.java:updateAndGet(143)) - 47aecc56-7e95-480d-b89c-2c00d33b4782: start LeaderElection
2019-10-18 08:20:21,727 [47aecc56-7e95-480d-b89c-2c00d33b4782@group-5EC277DF3249-LeaderElection250] INFO  impl.LeaderElection (LeaderElection.java:askForVotes(178)) - 47aecc56-7e95-480d-b89c-2c00d33b4782@group-5EC277DF3249-LeaderElection250: begin an election at term 267 for -1: [47aecc56-7e95-480d-b89c-2c00d33b4782:192.168.69.67:34550, 1bc296c6-def6-4ae4-8c62-5b4c951a28f1:192.168.69.67:37222, bc0382cc-50e2-4d58-b2de-e8b6250f3520:192.168.69.67:37666], old=null
2019-10-18 08:20:21,729 [grpc-default-executor-9] INFO  impl.RaftServerImpl (RaftServerImpl.java:setRole(184)) - bc0382cc-50e2-4d58-b2de-e8b6250f3520@group-5EC277DF3249: changes role from  FOLLOWER to FOLLOWER at term 267 for recognizeCandidate:47aecc56-7e95-480d-b89c-2c00d33b4782
2019-10-18 08:20:21,729 [grpc-default-executor-7] INFO  impl.RaftServerImpl (RaftServerImpl.java:setRole(184)) - 1bc296c6-def6-4ae4-8c62-5b4c951a28f1@group-5EC277DF3249: changes role from  FOLLOWER to FOLLOWER at term 267 for recognizeCandidate:47aecc56-7e95-480d-b89c-2c00d33b4782
2019-10-18 08:20:21,729 [grpc-default-executor-9] INFO  impl.RoleInfo (RoleInfo.java:shutdownFollowerState(121)) - bc0382cc-50e2-4d58-b2de-e8b6250f3520: shutdown FollowerState
2019-10-18 08:20:21,729 [grpc-default-executor-7] INFO  impl.RoleInfo (RoleInfo.java:shutdownFollowerState(121)) - 1bc296c6-def6-4ae4-8c62-5b4c951a28f1: shutdown FollowerState
2019-10-18 08:20:21,729 [Thread-2317] INFO  impl.FollowerState (FollowerState.java:run(117)) - bc0382cc-50e2-4d58-b2de-e8b6250f3520@group-5EC277DF3249-FollowerState was interrupted: java.lang.InterruptedException: sleep interrupted
2019-10-18 08:20:21,729 [Thread-2316] INFO  impl.FollowerState (FollowerState.java:run(117)) - 1bc296c6-def6-4ae4-8c62-5b4c951a28f1@group-5EC277DF3249-FollowerState was interrupted: java.lang.InterruptedException: sleep interrupted
2019-10-18 08:20:21,729 [grpc-default-executor-9] INFO  impl.RoleInfo (RoleInfo.java:updateAndGet(143)) - bc0382cc-50e2-4d58-b2de-e8b6250f3520: start FollowerState
2019-10-18 08:20:21,729 [grpc-default-executor-7] INFO  impl.RoleInfo (RoleInfo.java:updateAndGet(143)) - 1bc296c6-def6-4ae4-8c62-5b4c951a28f1: start FollowerState
2019-10-18 08:20:21,743 [47aecc56-7e95-480d-b89c-2c00d33b4782@group-5EC277DF3249-LeaderElection250] INFO  impl.LeaderElection (LeaderElection.java:logAndReturn(56)) - 47aecc56-7e95-480d-b89c-2c00d33b4782@group-5EC277DF3249-LeaderElection250: Election REJECTED; received 2 response(s) [47aecc56-7e95-480d-b89c-2c00d33b4782<-1bc296c6-def6-4ae4-8c62-5b4c951a28f1#0:FAIL-t267, 47aecc56-7e95-480d-b89c-2c00d33b4782<-bc0382cc-50e2-4d58-b2de-e8b6250f3520#0:FAIL-t267] and 0 exception(s); 47aecc56-7e95-480d-b89c-2c00d33b4782@group-5EC277DF3249:t267, leader=null, voted=47aecc56-7e95-480d-b89c-2c00d33b4782, raftlog=47aecc56-7e95-480d-b89c-2c00d33b4782@group-5EC277DF3249-SegmentedRaftLog:OPENED:c-1,f-1,i0, conf=-1: [47aecc56-7e95-480d-b89c-2c00d33b4782:192.168.69.67:34550, 1bc296c6-def6-4ae4-8c62-5b4c951a28f1:192.168.69.67:37222, bc0382cc-50e2-4d58-b2de-e8b6250f3520:192.168.69.67:37666], old=null
2019-10-18 08:20:21,743 [47aecc56-7e95-480d-b89c-2c00d33b4782@group-5EC277DF3249-LeaderElection250] INFO  impl.RaftServerImpl (RaftServerImpl.java:setRole(184)) - 47aecc56-7e95-480d-b89c-2c00d33b4782@group-5EC277DF3249: changes role from CANDIDATE to FOLLOWER at term 267 for DISCOVERED_A_NEW_TERM
2019-10-18 08:20:21,743 [47aecc56-7e95-480d-b89c-2c00d33b4782@group-5EC277DF3249-LeaderElection250] INFO  impl.RoleInfo (RoleInfo.java:shutdownLeaderElection(134)) - 47aecc56-7e95-480d-b89c-2c00d33b4782: shutdown LeaderElection
2019-10-18 08:20:21,743 [47aecc56-7e95-480d-b89c-2c00d33b4782@group-5EC277DF3249-LeaderElection250] INFO  impl.RoleInfo (RoleInfo.java:updateAndGet(143)) - 47aecc56-7e95-480d-b89c-2c00d33b4782: start FollowerState
2019-10-18 08:20:21,852 [Thread-2324] INFO  impl.FollowerState (FollowerState.java:run(108)) - 47aecc56-7e95-480d-b89c-2c00d33b4782@group-5EC277DF3249-FollowerState: change to CANDIDATE, lastRpcTime:108ms, electionTimeout:108ms
2019-10-18 08:20:21,852 [Thread-2324] INFO  impl.RoleInfo (RoleInfo.java:shutdownFollowerState(121)) - 47aecc56-7e95-480d-b89c-2c00d33b4782: shutdown FollowerState
2019-10-18 08:20:21,852 [Thread-2324] INFO  impl.RaftServerImpl (RaftServerImpl.java:setRole(184)) - 47aecc56-7e95-480d-b89c-2c00d33b4782@group-5EC277DF3249: changes role from  FOLLOWER to CANDIDATE at term 267 for changeToCandidate
2019-10-18 08:20:21,852 [Thread-2324] INFO  impl.RoleInfo (RoleInfo.java:updateAndGet(143)) - 47aecc56-7e95-480d-b89c-2c00d33b4782: start LeaderElection
2019-10-18 08:20:21,866 [47aecc56-7e95-480d-b89c-2c00d33b4782@group-5EC277DF3249-LeaderElection251] INFO  impl.LeaderElection (LeaderElection.java:askForVotes(178)) - 47aecc56-7e95-480d-b89c-2c00d33b4782@group-5EC277DF3249-LeaderElection251: begin an election at term 268 for -1: [47aecc56-7e95-480d-b89c-2c00d33b4782:192.168.69.67:34550, 1bc296c6-def6-4ae4-8c62-5b4c951a28f1:192.168.69.67:37222, bc0382cc-50e2-4d58-b2de-e8b6250f3520:192.168.69.67:37666], old=null
2019-10-18 08:20:21,868 [grpc-default-executor-9] INFO  impl.RaftServerImpl (RaftServerImpl.java:setRole(184)) - 1bc296c6-def6-4ae4-8c62-5b4c951a28f1@group-5EC277DF3249: changes role from  FOLLOWER to FOLLOWER at term 268 for recognizeCandidate:47aecc56-7e95-480d-b89c-2c00d33b4782
2019-10-18 08:20:21,868 [grpc-default-executor-7] INFO  impl.RaftServerImpl (RaftServerImpl.java:setRole(184)) - bc0382cc-50e2-4d58-b2de-e8b6250f3520@group-5EC277DF3249: changes role from  FOLLOWER to FOLLOWER at term 268 for recognizeCandidate:47aecc56-7e95-480d-b89c-2c00d33b4782
2019-10-18 08:20:21,868 [grpc-default-executor-7] INFO  impl.RoleInfo (RoleInfo.java:shutdownFollowerState(121)) - bc0382cc-50e2-4d58-b2de-e8b6250f3520: shutdown FollowerState
2019-10-18 08:20:21,868 [grpc-default-executor-9] INFO  impl.RoleInfo (RoleInfo.java:shutdownFollowerState(121)) - 1bc296c6-def6-4ae4-8c62-5b4c951a28f1: shutdown FollowerState
2019-10-18 08:20:21,868 [Thread-2322] INFO  impl.FollowerState (FollowerState.java:run(117)) - bc0382cc-50e2-4d58-b2de-e8b6250f3520@group-5EC277DF3249-FollowerState was interrupted: java.lang.InterruptedException: sleep interrupted
2019-10-18 08:20:21,868 [grpc-default-executor-7] INFO  impl.RoleInfo (RoleInfo.java:updateAndGet(143)) - bc0382cc-50e2-4d58-b2de-e8b6250f3520: start FollowerState
2019-10-18 08:20:21,868 [Thread-2323] INFO  impl.FollowerState (FollowerState.java:run(117)) - 1bc296c6-def6-4ae4-8c62-5b4c951a28f1@group-5EC277DF3249-FollowerState was interrupted: java.lang.InterruptedException: sleep interrupted
2019-10-18 08:20:21,868 [grpc-default-executor-9] INFO  impl.RoleInfo (RoleInfo.java:updateAndGet(143)) - 1bc296c6-def6-4ae4-8c62-5b4c951a28f1: start FollowerState
2019-10-18 08:20:21,883 [47aecc56-7e95-480d-b89c-2c00d33b4782@group-5EC277DF3249-LeaderElection251] INFO  impl.LeaderElection (LeaderElection.java:logAndReturn(56)) - 47aecc56-7e95-480d-b89c-2c00d33b4782@group-5EC277DF3249-LeaderElection251: Election REJECTED; received 2 response(s) [47aecc56-7e95-480d-b89c-2c00d33b4782<-1bc296c6-def6-4ae4-8c62-5b4c951a28f1#0:FAIL-t268, 47aecc56-7e95-480d-b89c-2c00d33b4782<-bc0382cc-50e2-4d58-b2de-e8b6250f3520#0:FAIL-t268] and 0 exception(s); 47aecc56-7e95-480d-b89c-2c00d33b4782@group-5EC277DF3249:t268, leader=null, voted=47aecc56-7e95-480d-b89c-2c00d33b4782, raftlog=47aecc56-7e95-480d-b89c-2c00d33b4782@group-5EC277DF3249-SegmentedRaftLog:OPENED:c-1,f-1,i0, conf=-1: [47aecc56-7e95-480d-b89c-2c00d33b4782:192.168.69.67:34550, 1bc296c6-def6-4ae4-8c62-5b4c951a28f1:192.168.69.67:37222, bc0382cc-50e2-4d58-b2de-e8b6250f3520:192.168.69.67:37666], old=null
2019-10-18 08:20:21,883 [47aecc56-7e95-480d-b89c-2c00d33b4782@group-5EC277DF3249-LeaderElection251] INFO  impl.RaftServerImpl (RaftServerImpl.java:setRole(184)) - 47aecc56-7e95-480d-b89c-2c00d33b4782@group-5EC277DF3249: changes role from CANDIDATE to FOLLOWER at term 268 for DISCOVERED_A_NEW_TERM
2019-10-18 08:20:21,883 [47aecc56-7e95-480d-b89c-2c00d33b4782@group-5EC277DF3249-LeaderElection251] INFO  impl.RoleInfo (RoleInfo.java:shutdownLeaderElection(134)) - 47aecc56-7e95-480d-b89c-2c00d33b4782: shutdown LeaderElection
2019-10-18 08:20:21,883 [47aecc56-7e95-480d-b89c-2c00d33b4782@group-5EC277DF3249-LeaderElection251] INFO  impl.RoleInfo (RoleInfo.java:updateAndGet(143)) - 47aecc56-7e95-480d-b89c-2c00d33b4782: start FollowerState
2019-10-18 08:20:22,080 [Thread-2330] INFO  impl.FollowerState (FollowerState.java:run(108)) - 47aecc56-7e95-480d-b89c-2c00d33b4782@group-5EC277DF3249-FollowerState: change to CANDIDATE, lastRpcTime:197ms, electionTimeout:197ms
2019-10-18 08:20:22,081 [Thread-2330] INFO  impl.RoleInfo (RoleInfo.java:shutdownFollowerState(121)) - 47aecc56-7e95-480d-b89c-2c00d33b4782: shutdown FollowerState
2019-10-18 08:20:22,081 [Thread-2330] INFO  impl.RaftServerImpl (RaftServerImpl.java:setRole(184)) - 47aecc56-7e95-480d-b89c-2c00d33b4782@group-5EC277DF3249: changes role from  FOLLOWER to CANDIDATE at term 268 for changeToCandidate
2019-10-18 08:20:22,081 [Thread-2330] INFO  impl.RoleInfo (RoleInfo.java:updateAndGet(143)) - 47aecc56-7e95-480d-b89c-2c00d33b4782: start LeaderElection
2019-10-18 08:20:22,095 [47aecc56-7e95-480d-b89c-2c00d33b4782@group-5EC277DF3249-LeaderElection252] INFO  impl.LeaderElection (LeaderElection.java:askForVotes(178)) - 47aecc56-7e95-480d-b89c-2c00d33b4782@group-5EC277DF3249-LeaderElection252: begin an election at term 269 for -1: [47aecc56-7e95-480d-b89c-2c00d33b4782:192.168.69.67:34550, 1bc296c6-def6-4ae4-8c62-5b4c951a28f1:192.168.69.67:37222, bc0382cc-50e2-4d58-b2de-e8b6250f3520:192.168.69.67:37666], old=null
2019-10-18 08:20:22,097 [grpc-default-executor-7] INFO  impl.RaftServerImpl (RaftServerImpl.java:setRole(184)) - bc0382cc-50e2-4d58-b2de-e8b6250f3520@group-5EC277DF3249: changes role from  FOLLOWER to FOLLOWER at term 269 for recognizeCandidate:47aecc56-7e95-480d-b89c-2c00d33b4782
2019-10-18 08:20:22,097 [grpc-default-executor-9] INFO  impl.RaftServerImpl (RaftServerImpl.java:setRole(184)) - 1bc296c6-def6-4ae4-8c62-5b4c951a28f1@group-5EC277DF3249: changes role from  FOLLOWER to FOLLOWER at term 269 for recognizeCandidate:47aecc56-7e95-480d-b89c-2c00d33b4782
2019-10-18 08:20:22,098 [grpc-default-executor-7] INFO  impl.RoleInfo (RoleInfo.java:shutdownFollowerState(121)) - bc0382cc-50e2-4d58-b2de-e8b6250f3520: shutdown FollowerState
2019-10-18 08:20:22,098 [grpc-default-executor-9] INFO  impl.RoleInfo (RoleInfo.java:shutdownFollowerState(121)) - 1bc296c6-def6-4ae4-8c62-5b4c951a28f1: shutdown FollowerState
2019-10-18 08:20:22,098 [Thread-2328] INFO  impl.FollowerState (FollowerState.java:run(117)) - bc0382cc-50e2-4d58-b2de-e8b6250f3520@group-5EC277DF3249-FollowerState was interrupted: java.lang.InterruptedException: sleep interrupted
2019-10-18 08:20:22,098 [grpc-default-executor-7] INFO  impl.RoleInfo (RoleInfo.java:updateAndGet(143)) - bc0382cc-50e2-4d58-b2de-e8b6250f3520: start FollowerState
2019-10-18 08:20:22,098 [Thread-2329] INFO  impl.FollowerState (FollowerState.java:run(117)) - 1bc296c6-def6-4ae4-8c62-5b4c951a28f1@group-5EC277DF3249-FollowerState was interrupted: java.lang.InterruptedException: sleep interrupted
2019-10-18 08:20:22,098 [grpc-default-executor-9] INFO  impl.RoleInfo (RoleInfo.java:updateAndGet(143)) - 1bc296c6-def6-4ae4-8c62-5b4c951a28f1: start FollowerState
2019-10-18 08:20:22,113 [47aecc56-7e95-480d-b89c-2c00d33b4782@group-5EC277DF3249-LeaderElection252] INFO  impl.LeaderElection (LeaderElection.java:logAndReturn(56)) - 47aecc56-7e95-480d-b89c-2c00d33b4782@group-5EC277DF3249-LeaderElection252: Election REJECTED; received 2 response(s) [47aecc56-7e95-480d-b89c-2c00d33b4782<-1bc296c6-def6-4ae4-8c62-5b4c951a28f1#0:FAIL-t269, 47aecc56-7e95-480d-b89c-2c00d33b4782<-bc0382cc-50e2-4d58-b2de-e8b6250f3520#0:FAIL-t269] and 0 exception(s); 47aecc56-7e95-480d-b89c-2c00d33b4782@group-5EC277DF3249:t269, leader=null, voted=47aecc56-7e95-480d-b89c-2c00d33b4782, raftlog=47aecc56-7e95-480d-b89c-2c00d33b4782@group-5EC277DF3249-SegmentedRaftLog:OPENED:c-1,f-1,i0, conf=-1: [47aecc56-7e95-480d-b89c-2c00d33b4782:192.168.69.67:34550, 1bc296c6-def6-4ae4-8c62-5b4c951a28f1:192.168.69.67:37222, bc0382cc-50e2-4d58-b2de-e8b6250f3520:192.168.69.67:37666], old=null
2019-10-18 08:20:22,113 [47aecc56-7e95-480d-b89c-2c00d33b4782@group-5EC277DF3249-LeaderElection252] INFO  impl.RaftServerImpl (RaftServerImpl.java:setRole(184)) - 47aecc56-7e95-480d-b89c-2c00d33b4782@group-5EC277DF3249: changes role from CANDIDATE to FOLLOWER at term 269 for DISCOVERED_A_NEW_TERM
2019-10-18 08:20:22,113 [47aecc56-7e95-480d-b89c-2c00d33b4782@group-5EC277DF3249-LeaderElection252] INFO  impl.RoleInfo (RoleInfo.java:shutdownLeaderElection(134)) - 47aecc56-7e95-480d-b89c-2c00d33b4782: shutdown LeaderElection
2019-10-18 08:20:22,113 [47aecc56-7e95-480d-b89c-2c00d33b4782@group-5EC277DF3249-LeaderElection252] INFO  impl.RoleInfo (RoleInfo.java:updateAndGet(143)) - 47aecc56-7e95-480d-b89c-2c00d33b4782: start FollowerState
 0.00% |?                                                                                                    |  0/1 Time: 0:04:302019-10-18 08:20:22,295 [Thread-2336] INFO  impl.FollowerState (FollowerState.java:run(108)) - 47aecc56-7e95-480d-b89c-2c00d33b4782@group-5EC277DF3249-FollowerState: change to CANDIDATE, lastRpcTime:181ms, electionTimeout:181ms
2019-10-18 08:20:22,295 [Thread-2336] INFO  impl.RoleInfo (RoleInfo.java:shutdownFollowerState(121)) - 47aecc56-7e95-480d-b89c-2c00d33b4782: shutdown FollowerState
2019-10-18 08:20:22,295 [Thread-2336] INFO  impl.RaftServerImpl (RaftServerImpl.java:setRole(184)) - 47aecc56-7e95-480d-b89c-2c00d33b4782@group-5EC277DF3249: changes role from  FOLLOWER to CANDIDATE at term 269 for changeToCandidate
2019-10-18 08:20:22,295 [Thread-2336] INFO  impl.RoleInfo (RoleInfo.java:updateAndGet(143)) - 47aecc56-7e95-480d-b89c-2c00d33b4782: start LeaderElection
2019-10-18 08:20:22,317 [47aecc56-7e95-480d-b89c-2c00d33b4782@group-5EC277DF3249-LeaderElection253] INFO  impl.LeaderElection (LeaderElection.java:askForVotes(178)) - 47aecc56-7e95-480d-b89c-2c00d33b4782@group-5EC277DF3249-LeaderElection253: begin an election at term 270 for -1: [47aecc56-7e95-480d-b89c-2c00d33b4782:192.168.69.67:34550, 1bc296c6-def6-4ae4-8c62-5b4c951a28f1:192.168.69.67:37222, bc0382cc-50e2-4d58-b2de-e8b6250f3520:192.168.69.67:37666], old=null
2019-10-18 08:20:22,319 [grpc-default-executor-9] INFO  impl.RaftServerImpl (RaftServerImpl.java:setRole(184)) - 1bc296c6-def6-4ae4-8c62-5b4c951a28f1@group-5EC277DF3249: changes role from  FOLLOWER to FOLLOWER at term 270 for recognizeCandidate:47aecc56-7e95-480d-b89c-2c00d33b4782
2019-10-18 08:20:22,319 [grpc-default-executor-7] INFO  impl.RaftServerImpl (RaftServerImpl.java:setRole(184)) - bc0382cc-50e2-4d58-b2de-e8b6250f3520@group-5EC277DF3249: changes role from  FOLLOWER to FOLLOWER at term 270 for recognizeCandidate:47aecc56-7e95-480d-b89c-2c00d33b4782
2019-10-18 08:20:22,319 [grpc-default-executor-9] INFO  impl.RoleInfo (RoleInfo.java:shutdownFollowerState(121)) - 1bc296c6-def6-4ae4-8c62-5b4c951a28f1: shutdown FollowerState
2019-10-18 08:20:22,320 [grpc-default-executor-7] INFO  impl.RoleInfo (RoleInfo.java:shutdownFollowerState(121)) - bc0382cc-50e2-4d58-b2de-e8b6250f3520: shutdown FollowerState
2019-10-18 08:20:22,320 [grpc-default-executor-9] INFO  impl.RoleInfo (RoleInfo.java:updateAndGet(143)) - 1bc296c6-def6-4ae4-8c62-5b4c951a28f1: start FollowerState
2019-10-18 08:20:22,320 [Thread-2334] INFO  impl.FollowerState (FollowerState.java:run(117)) - bc0382cc-50e2-4d58-b2de-e8b6250f3520@group-5EC277DF3249-FollowerState was interrupted: java.lang.InterruptedException: sleep interrupted
2019-10-18 08:20:22,320 [grpc-default-executor-7] INFO  impl.RoleInfo (RoleInfo.java:updateAndGet(143)) - bc0382cc-50e2-4d58-b2de-e8b6250f3520: start FollowerState
2019-10-18 08:20:22,320 [Thread-2335] INFO  impl.FollowerState (FollowerState.java:run(117)) - 1bc296c6-def6-4ae4-8c62-5b4c951a28f1@group-5EC277DF3249-FollowerState was interrupted: java.lang.InterruptedException: sleep interrupted
2019-10-18 08:20:22,332 [47aecc56-7e95-480d-b89c-2c00d33b4782@group-5EC277DF3249-LeaderElection253] INFO  impl.LeaderElection (LeaderElection.java:logAndReturn(56)) - 47aecc56-7e95-480d-b89c-2c00d33b4782@group-5EC277DF3249-LeaderElection253: Election REJECTED; received 2 response(s) [47aecc56-7e95-480d-b89c-2c00d33b4782<-1bc296c6-def6-4ae4-8c62-5b4c951a28f1#0:FAIL-t270, 47aecc56-7e95-480d-b89c-2c00d33b4782<-bc0382cc-50e2-4d58-b2de-e8b6250f3520#0:FAIL-t270] and 0 exception(s); 47aecc56-7e95-480d-b89c-2c00d33b4782@group-5EC277DF3249:t270, leader=null, voted=47aecc56-7e95-480d-b89c-2c00d33b4782, raftlog=47aecc56-7e95-480d-b89c-2c00d33b4782@group-5EC277DF3249-SegmentedRaftLog:OPENED:c-1,f-1,i0, conf=-1: [47aecc56-7e95-480d-b89c-2c00d33b4782:192.168.69.67:34550, 1bc296c6-def6-4ae4-8c62-5b4c951a28f1:192.168.69.67:37222, bc0382cc-50e2-4d58-b2de-e8b6250f3520:192.168.69.67:37666], old=null
2019-10-18 08:20:22,333 [47aecc56-7e95-480d-b89c-2c00d33b4782@group-5EC277DF3249-LeaderElection253] INFO  impl.RaftServerImpl (RaftServerImpl.java:setRole(184)) - 47aecc56-7e95-480d-b89c-2c00d33b4782@group-5EC277DF3249: changes role from CANDIDATE to FOLLOWER at term 270 for DISCOVERED_A_NEW_TERM
2019-10-18 08:20:22,333 [47aecc56-7e95-480d-b89c-2c00d33b4782@group-5EC277DF3249-LeaderElection253] INFO  impl.RoleInfo (RoleInfo.java:shutdownLeaderElection(134)) - 47aecc56-7e95-480d-b89c-2c00d33b4782: shutdown LeaderElection
2019-10-18 08:20:22,333 [47aecc56-7e95-480d-b89c-2c00d33b4782@group-5EC277DF3249-LeaderElection253] INFO  impl.RoleInfo (RoleInfo.java:updateAndGet(143)) - 47aecc56-7e95-480d-b89c-2c00d33b4782: start FollowerState
2019-10-18 08:20:22,351 [pool-73-thread-3] WARN  io.KeyOutputStream (KeyOutputStream.java:handleException(274)) - Encountered exception java.io.IOException: Unexpected Storage Container Exception: java.util.concurrent.CompletionException: java.util.concurrent.CompletionException: org.apache.ratis.protocol.GroupMismatchException: 47aecc56-7e95-480d-b89c-2c00d33b4782: group-1D2D624DD38E not found. on the pipeline Pipeline[ Id: 97f885e2-ef5b-4363-bb24-1d2d624dd38e, Nodes: bc0382cc-50e2-4d58-b2de-e8b6250f3520{ip: 192.168.69.67, host: pr-hdds-1868-wx8dl-4219780377, networkLocation: /default-rack, certSerialId: null}1bc296c6-def6-4ae4-8c62-5b4c951a28f1{ip: 192.168.69.67, host: pr-hdds-1868-wx8dl-4219780377, networkLocation: /default-rack, certSerialId: null}47aecc56-7e95-480d-b89c-2c00d33b4782{ip: 192.168.69.67, host: pr-hdds-1868-wx8dl-4219780377, networkLocation: /default-rack, certSerialId: null}, Type:RATIS, Factor:THREE, State:OPEN]. The last committed block length is 0, uncommitted data length is 2097152 retry count 3
2019-10-18 08:20:22,378 [IPC Server handler 15 on 41077] WARN  block.BlockManagerImpl (BlockManagerImpl.java:allocateBlock(200)) - Pipeline creation failed for type:RATIS factor:THREE. Retrying get pipelines call once.
org.apache.hadoop.hdds.scm.pipeline.InsufficientDatanodesException: Cannot create pipeline of factor 3 using 2 nodes.
	at org.apache.hadoop.hdds.scm.pipeline.RatisPipelineProvider.create(RatisPipelineProvider.java:153)
	at org.apache.hadoop.hdds.scm.pipeline.PipelineFactory.create(PipelineFactory.java:58)
	at org.apache.hadoop.hdds.scm.pipeline.SCMPipelineManager.createPipeline(SCMPipelineManager.java:155)
	at org.apache.hadoop.hdds.scm.block.BlockManagerImpl.allocateBlock(BlockManagerImpl.java:198)
	at org.apache.hadoop.hdds.scm.server.SCMBlockProtocolServer.allocateBlock(SCMBlockProtocolServer.java:182)
	at org.apache.hadoop.hdds.scm.protocol.ScmBlockLocationProtocolServerSideTranslatorPB.allocateScmBlock(ScmBlockLocationProtocolServerSideTranslatorPB.java:159)
	at org.apache.hadoop.hdds.scm.protocol.ScmBlockLocationProtocolServerSideTranslatorPB.processMessage(ScmBlockLocationProtocolServerSideTranslatorPB.java:117)
	at org.apache.hadoop.hdds.server.OzoneProtocolMessageDispatcher.processRequest(OzoneProtocolMessageDispatcher.java:72)
	at org.apache.hadoop.hdds.scm.protocol.ScmBlockLocationProtocolServerSideTranslatorPB.send(ScmBlockLocationProtocolServerSideTranslatorPB.java:98)
	at org.apache.hadoop.hdds.protocol.proto.ScmBlockLocationProtocolProtos$ScmBlockLocationProtocolService$2.callBlockingMethod(ScmBlockLocationProtocolProtos.java:13157)
	at org.apache.hadoop.ipc.ProtobufRpcEngine$Server$ProtoBufRpcInvoker.call(ProtobufRpcEngine.java:524)
	at org.apache.hadoop.ipc.RPC$Server.call(RPC.java:1025)
	at org.apache.hadoop.ipc.Server$RpcCall.run(Server.java:876)
	at org.apache.hadoop.ipc.Server$RpcCall.run(Server.java:822)
	at java.security.AccessController.doPrivileged(Native Method)
	at javax.security.auth.Subject.doAs(Subject.java:422)
	at org.apache.hadoop.security.UserGroupInformation.doAs(UserGroupInformation.java:1730)
	at org.apache.hadoop.ipc.Server$Handler.run(Server.java:2682)
2019-10-18 08:20:22,379 [IPC Server handler 15 on 41077] INFO  block.BlockManagerImpl (BlockManagerImpl.java:allocateBlock(212)) - Could not find available pipeline of type:RATIS and factor:THREE even after retrying
2019-10-18 08:20:22,380 [IPC Server handler 15 on 41077] ERROR block.BlockManagerImpl (BlockManagerImpl.java:allocateBlock(236)) - Unable to allocate a block for the size: 4194304, type: RATIS, factor: THREE
2019-10-18 08:20:22,385 [pool-73-thread-3] ERROR io.BlockOutputStreamEntryPool (BlockOutputStreamEntryPool.java:allocateBlockIfNeeded(309)) - Try to allocate more blocks for write failed, already allocated 0 blocks for this write.
INTERNAL_ERROR org.apache.hadoop.ozone.om.exceptions.OMException: Allocated 0 blocks. Requested 1 blocks
	at org.apache.hadoop.ozone.om.protocolPB.OzoneManagerProtocolClientSideTranslatorPB.handleError(OzoneManagerProtocolClientSideTranslatorPB.java:732)
	at org.apache.hadoop.ozone.om.protocolPB.OzoneManagerProtocolClientSideTranslatorPB.allocateBlock(OzoneManagerProtocolClientSideTranslatorPB.java:764)
	at sun.reflect.NativeMethodAccessorImpl.invoke0(Native Method)
	at sun.reflect.NativeMethodAccessorImpl.invoke(NativeMethodAccessorImpl.java:62)
	at sun.reflect.DelegatingMethodAccessorImpl.invoke(DelegatingMethodAccessorImpl.java:43)
	at java.lang.reflect.Method.invoke(Method.java:498)
	at org.apache.hadoop.hdds.tracing.TraceAllMethod.invoke(TraceAllMethod.java:66)
	at com.sun.proxy.$Proxy37.allocateBlock(Unknown Source)
	at org.apache.hadoop.ozone.client.io.BlockOutputStreamEntryPool.allocateNewBlock(BlockOutputStreamEntryPool.java:258)
	at org.apache.hadoop.ozone.client.io.BlockOutputStreamEntryPool.allocateBlockIfNeeded(BlockOutputStreamEntryPool.java:306)
	at org.apache.hadoop.ozone.client.io.KeyOutputStream.handleWrite(KeyOutputStream.java:198)
	at org.apache.hadoop.ozone.client.io.KeyOutputStream.handleRetry(KeyOutputStream.java:375)
	at org.apache.hadoop.ozone.client.io.KeyOutputStream.handleException(KeyOutputStream.java:324)
	at org.apache.hadoop.ozone.client.io.KeyOutputStream.handleWrite(KeyOutputStream.java:228)
	at org.apache.hadoop.ozone.client.io.KeyOutputStream.handleRetry(KeyOutputStream.java:375)
	at org.apache.hadoop.ozone.client.io.KeyOutputStream.handleException(KeyOutputStream.java:324)
	at org.apache.hadoop.ozone.client.io.KeyOutputStream.handleWrite(KeyOutputStream.java:228)
	at org.apache.hadoop.ozone.client.io.KeyOutputStream.handleRetry(KeyOutputStream.java:375)
	at org.apache.hadoop.ozone.client.io.KeyOutputStream.handleException(KeyOutputStream.java:324)
	at org.apache.hadoop.ozone.client.io.KeyOutputStream.handleWrite(KeyOutputStream.java:228)
	at org.apache.hadoop.ozone.client.io.KeyOutputStream.handleRetry(KeyOutputStream.java:375)
	at org.apache.hadoop.ozone.client.io.KeyOutputStream.handleException(KeyOutputStream.java:324)
	at org.apache.hadoop.ozone.client.io.KeyOutputStream.handleWrite(KeyOutputStream.java:228)
	at org.apache.hadoop.ozone.client.io.KeyOutputStream.write(KeyOutputStream.java:190)
	at org.apache.hadoop.ozone.client.io.OzoneOutputStream.write(OzoneOutputStream.java:49)
	at org.apache.hadoop.ozone.freon.RandomKeyGenerator.createKey(RandomKeyGenerator.java:708)
	at org.apache.hadoop.ozone.freon.RandomKeyGenerator.access$1100(RandomKeyGenerator.java:88)
	at org.apache.hadoop.ozone.freon.RandomKeyGenerator$ObjectCreator.run(RandomKeyGenerator.java:615)
	at java.util.concurrent.Executors$RunnableAdapter.call(Executors.java:511)
	at java.util.concurrent.FutureTask.run(FutureTask.java:266)
	at java.util.concurrent.ThreadPoolExecutor.runWorker(ThreadPoolExecutor.java:1149)
	at java.util.concurrent.ThreadPoolExecutor$Worker.run(ThreadPoolExecutor.java:624)
	at java.lang.Thread.run(Thread.java:748)
2019-10-18 08:20:22,386 [pool-73-thread-3] ERROR freon.RandomKeyGenerator (RandomKeyGenerator.java:createKey(733)) - Exception while adding key: key-0-45248 in bucket: bucket-0-05716 of volume: vol-0-24043.
INTERNAL_ERROR org.apache.hadoop.ozone.om.exceptions.OMException: Allocated 0 blocks. Requested 1 blocks
	at org.apache.hadoop.ozone.om.protocolPB.OzoneManagerProtocolClientSideTranslatorPB.handleError(OzoneManagerProtocolClientSideTranslatorPB.java:732)
	at org.apache.hadoop.ozone.om.protocolPB.OzoneManagerProtocolClientSideTranslatorPB.allocateBlock(OzoneManagerProtocolClientSideTranslatorPB.java:764)
	at sun.reflect.NativeMethodAccessorImpl.invoke0(Native Method)
	at sun.reflect.NativeMethodAccessorImpl.invoke(NativeMethodAccessorImpl.java:62)
	at sun.reflect.DelegatingMethodAccessorImpl.invoke(DelegatingMethodAccessorImpl.java:43)
	at java.lang.reflect.Method.invoke(Method.java:498)
	at org.apache.hadoop.hdds.tracing.TraceAllMethod.invoke(TraceAllMethod.java:66)
	at com.sun.proxy.$Proxy37.allocateBlock(Unknown Source)
	at org.apache.hadoop.ozone.client.io.BlockOutputStreamEntryPool.allocateNewBlock(BlockOutputStreamEntryPool.java:258)
	at org.apache.hadoop.ozone.client.io.BlockOutputStreamEntryPool.allocateBlockIfNeeded(BlockOutputStreamEntryPool.java:306)
	at org.apache.hadoop.ozone.client.io.KeyOutputStream.handleWrite(KeyOutputStream.java:198)
	at org.apache.hadoop.ozone.client.io.KeyOutputStream.handleRetry(KeyOutputStream.java:375)
	at org.apache.hadoop.ozone.client.io.KeyOutputStream.handleException(KeyOutputStream.java:324)
	at org.apache.hadoop.ozone.client.io.KeyOutputStream.handleWrite(KeyOutputStream.java:228)
	at org.apache.hadoop.ozone.client.io.KeyOutputStream.handleRetry(KeyOutputStream.java:375)
	at org.apache.hadoop.ozone.client.io.KeyOutputStream.handleException(KeyOutputStream.java:324)
	at org.apache.hadoop.ozone.client.io.KeyOutputStream.handleWrite(KeyOutputStream.java:228)
	at org.apache.hadoop.ozone.client.io.KeyOutputStream.handleRetry(KeyOutputStream.java:375)
	at org.apache.hadoop.ozone.client.io.KeyOutputStream.handleException(KeyOutputStream.java:324)
	at org.apache.hadoop.ozone.client.io.KeyOutputStream.handleWrite(KeyOutputStream.java:228)
	at org.apache.hadoop.ozone.client.io.KeyOutputStream.handleRetry(KeyOutputStream.java:375)
	at org.apache.hadoop.ozone.client.io.KeyOutputStream.handleException(KeyOutputStream.java:324)
	at org.apache.hadoop.ozone.client.io.KeyOutputStream.handleWrite(KeyOutputStream.java:228)
	at org.apache.hadoop.ozone.client.io.KeyOutputStream.write(KeyOutputStream.java:190)
	at org.apache.hadoop.ozone.client.io.OzoneOutputStream.write(OzoneOutputStream.java:49)
	at org.apache.hadoop.ozone.freon.RandomKeyGenerator.createKey(RandomKeyGenerator.java:708)
	at org.apache.hadoop.ozone.freon.RandomKeyGenerator.access$1100(RandomKeyGenerator.java:88)
	at org.apache.hadoop.ozone.freon.RandomKeyGenerator$ObjectCreator.run(RandomKeyGenerator.java:615)
	at java.util.concurrent.Executors$RunnableAdapter.call(Executors.java:511)
	at java.util.concurrent.FutureTask.run(FutureTask.java:266)
	at java.util.concurrent.ThreadPoolExecutor.runWorker(ThreadPoolExecutor.java:1149)
	at java.util.concurrent.ThreadPoolExecutor$Worker.run(ThreadPoolExecutor.java:624)
	at java.lang.Thread.run(Thread.java:748)
2019-10-18 08:20:22,449 [Thread-2343] INFO  impl.FollowerState (FollowerState.java:run(108)) - 47aecc56-7e95-480d-b89c-2c00d33b4782@group-5EC277DF3249-FollowerState: change to CANDIDATE, lastRpcTime:116ms, electionTimeout:116ms
2019-10-18 08:20:22,450 [Thread-2343] INFO  impl.RoleInfo (RoleInfo.java:shutdownFollowerState(121)) - 47aecc56-7e95-480d-b89c-2c00d33b4782: shutdown FollowerState
2019-10-18 08:20:22,450 [Thread-2343] INFO  impl.RaftServerImpl (RaftServerImpl.java:setRole(184)) - 47aecc56-7e95-480d-b89c-2c00d33b4782@group-5EC277DF3249: changes role from  FOLLOWER to CANDIDATE at term 270 for changeToCandidate
2019-10-18 08:20:22,450 [Thread-2343] INFO  impl.RoleInfo (RoleInfo.java:updateAndGet(143)) - 47aecc56-7e95-480d-b89c-2c00d33b4782: start LeaderElection
2019-10-18 08:20:22,464 [47aecc56-7e95-480d-b89c-2c00d33b4782@group-5EC277DF3249-LeaderElection254] INFO  impl.LeaderElection (LeaderElection.java:askForVotes(178)) - 47aecc56-7e95-480d-b89c-2c00d33b4782@group-5EC277DF3249-LeaderElection254: begin an election at term 271 for -1: [47aecc56-7e95-480d-b89c-2c00d33b4782:192.168.69.67:34550, 1bc296c6-def6-4ae4-8c62-5b4c951a28f1:192.168.69.67:37222, bc0382cc-50e2-4d58-b2de-e8b6250f3520:192.168.69.67:37666], old=null
2019-10-18 08:20:22,467 [grpc-default-executor-9] INFO  impl.RaftServerImpl (RaftServerImpl.java:setRole(184)) - 1bc296c6-def6-4ae4-8c62-5b4c951a28f1@group-5EC277DF3249: changes role from  FOLLOWER to FOLLOWER at term 271 for recognizeCandidate:47aecc56-7e95-480d-b89c-2c00d33b4782
2019-10-18 08:20:22,467 [grpc-default-executor-9] INFO  impl.RoleInfo (RoleInfo.java:shutdownFollowerState(121)) - 1bc296c6-def6-4ae4-8c62-5b4c951a28f1: shutdown FollowerState
2019-10-18 08:20:22,467 [grpc-default-executor-3] INFO  impl.RaftServerImpl (RaftServerImpl.java:setRole(184)) - bc0382cc-50e2-4d58-b2de-e8b6250f3520@group-5EC277DF3249: changes role from  FOLLOWER to FOLLOWER at term 271 for recognizeCandidate:47aecc56-7e95-480d-b89c-2c00d33b4782
2019-10-18 08:20:22,467 [Thread-2340] INFO  impl.FollowerState (FollowerState.java:run(117)) - 1bc296c6-def6-4ae4-8c62-5b4c951a28f1@group-5EC277DF3249-FollowerState was interrupted: java.lang.InterruptedException: sleep interrupted
2019-10-18 08:20:22,467 [grpc-default-executor-3] INFO  impl.RoleInfo (RoleInfo.java:shutdownFollowerState(121)) - bc0382cc-50e2-4d58-b2de-e8b6250f3520: shutdown FollowerState
2019-10-18 08:20:22,467 [grpc-default-executor-9] INFO  impl.RoleInfo (RoleInfo.java:updateAndGet(143)) - 1bc296c6-def6-4ae4-8c62-5b4c951a28f1: start FollowerState
2019-10-18 08:20:22,467 [Thread-2341] INFO  impl.FollowerState (FollowerState.java:run(117)) - bc0382cc-50e2-4d58-b2de-e8b6250f3520@group-5EC277DF3249-FollowerState was interrupted: java.lang.InterruptedException: sleep interrupted
2019-10-18 08:20:22,467 [grpc-default-executor-3] INFO  impl.RoleInfo (RoleInfo.java:updateAndGet(143)) - bc0382cc-50e2-4d58-b2de-e8b6250f3520: start FollowerState
2019-10-18 08:20:22,482 [47aecc56-7e95-480d-b89c-2c00d33b4782@group-5EC277DF3249-LeaderElection254] INFO  impl.LeaderElection (LeaderElection.java:logAndReturn(56)) - 47aecc56-7e95-480d-b89c-2c00d33b4782@group-5EC277DF3249-LeaderElection254: Election REJECTED; received 2 response(s) [47aecc56-7e95-480d-b89c-2c00d33b4782<-1bc296c6-def6-4ae4-8c62-5b4c951a28f1#0:FAIL-t271, 47aecc56-7e95-480d-b89c-2c00d33b4782<-bc0382cc-50e2-4d58-b2de-e8b6250f3520#0:FAIL-t271] and 0 exception(s); 47aecc56-7e95-480d-b89c-2c00d33b4782@group-5EC277DF3249:t271, leader=null, voted=47aecc56-7e95-480d-b89c-2c00d33b4782, raftlog=47aecc56-7e95-480d-b89c-2c00d33b4782@group-5EC277DF3249-SegmentedRaftLog:OPENED:c-1,f-1,i0, conf=-1: [47aecc56-7e95-480d-b89c-2c00d33b4782:192.168.69.67:34550, 1bc296c6-def6-4ae4-8c62-5b4c951a28f1:192.168.69.67:37222, bc0382cc-50e2-4d58-b2de-e8b6250f3520:192.168.69.67:37666], old=null
2019-10-18 08:20:22,482 [47aecc56-7e95-480d-b89c-2c00d33b4782@group-5EC277DF3249-LeaderElection254] INFO  impl.RaftServerImpl (RaftServerImpl.java:setRole(184)) - 47aecc56-7e95-480d-b89c-2c00d33b4782@group-5EC277DF3249: changes role from CANDIDATE to FOLLOWER at term 271 for DISCOVERED_A_NEW_TERM
2019-10-18 08:20:22,482 [47aecc56-7e95-480d-b89c-2c00d33b4782@group-5EC277DF3249-LeaderElection254] INFO  impl.RoleInfo (RoleInfo.java:shutdownLeaderElection(134)) - 47aecc56-7e95-480d-b89c-2c00d33b4782: shutdown LeaderElection
2019-10-18 08:20:22,482 [47aecc56-7e95-480d-b89c-2c00d33b4782@group-5EC277DF3249-LeaderElection254] INFO  impl.RoleInfo (RoleInfo.java:updateAndGet(143)) - 47aecc56-7e95-480d-b89c-2c00d33b4782: start FollowerState
2019-10-18 08:20:22,488 [Thread-2351] INFO  impl.FollowerState (FollowerState.java:run(108)) - 47aecc56-7e95-480d-b89c-2c00d33b4782@group-5EC277DF3249-FollowerState: change to CANDIDATE, lastRpcTime:5ms, electionTimeout:5ms
2019-10-18 08:20:22,488 [Thread-2351] INFO  impl.RoleInfo (RoleInfo.java:shutdownFollowerState(121)) - 47aecc56-7e95-480d-b89c-2c00d33b4782: shutdown FollowerState
2019-10-18 08:20:22,488 [Thread-2351] INFO  impl.RaftServerImpl (RaftServerImpl.java:setRole(184)) - 47aecc56-7e95-480d-b89c-2c00d33b4782@group-5EC277DF3249: changes role from  FOLLOWER to CANDIDATE at term 271 for changeToCandidate
2019-10-18 08:20:22,488 [Thread-2351] INFO  impl.RoleInfo (RoleInfo.java:updateAndGet(143)) - 47aecc56-7e95-480d-b89c-2c00d33b4782: start LeaderElection
2019-10-18 08:20:22,502 [47aecc56-7e95-480d-b89c-2c00d33b4782@group-5EC277DF3249-LeaderElection255] INFO  impl.LeaderElection (LeaderElection.java:askForVotes(178)) - 47aecc56-7e95-480d-b89c-2c00d33b4782@group-5EC277DF3249-LeaderElection255: begin an election at term 272 for -1: [47aecc56-7e95-480d-b89c-2c00d33b4782:192.168.69.67:34550, 1bc296c6-def6-4ae4-8c62-5b4c951a28f1:192.168.69.67:37222, bc0382cc-50e2-4d58-b2de-e8b6250f3520:192.168.69.67:37666], old=null
2019-10-18 08:20:22,503 [grpc-default-executor-3] INFO  impl.RaftServerImpl (RaftServerImpl.java:setRole(184)) - 1bc296c6-def6-4ae4-8c62-5b4c951a28f1@group-5EC277DF3249: changes role from  FOLLOWER to FOLLOWER at term 272 for recognizeCandidate:47aecc56-7e95-480d-b89c-2c00d33b4782
2019-10-18 08:20:22,504 [grpc-default-executor-3] INFO  impl.RoleInfo (RoleInfo.java:shutdownFollowerState(121)) - 1bc296c6-def6-4ae4-8c62-5b4c951a28f1: shutdown FollowerState
2019-10-18 08:20:22,504 [grpc-default-executor-9] INFO  impl.RaftServerImpl (RaftServerImpl.java:setRole(184)) - bc0382cc-50e2-4d58-b2de-e8b6250f3520@group-5EC277DF3249: changes role from  FOLLOWER to FOLLOWER at term 272 for recognizeCandidate:47aecc56-7e95-480d-b89c-2c00d33b4782
2019-10-18 08:20:22,504 [grpc-default-executor-9] INFO  impl.RoleInfo (RoleInfo.java:shutdownFollowerState(121)) - bc0382cc-50e2-4d58-b2de-e8b6250f3520: shutdown FollowerState
2019-10-18 08:20:22,504 [Thread-2349] INFO  impl.FollowerState (FollowerState.java:run(117)) - 1bc296c6-def6-4ae4-8c62-5b4c951a28f1@group-5EC277DF3249-FollowerState was interrupted: java.lang.InterruptedException: sleep interrupted
2019-10-18 08:20:22,504 [Thread-2350] INFO  impl.FollowerState (FollowerState.java:run(117)) - bc0382cc-50e2-4d58-b2de-e8b6250f3520@group-5EC277DF3249-FollowerState was interrupted: java.lang.InterruptedException: sleep interrupted
2019-10-18 08:20:22,504 [grpc-default-executor-3] INFO  impl.RoleInfo (RoleInfo.java:updateAndGet(143)) - 1bc296c6-def6-4ae4-8c62-5b4c951a28f1: start FollowerState
2019-10-18 08:20:22,504 [grpc-default-executor-9] INFO  impl.RoleInfo (RoleInfo.java:updateAndGet(143)) - bc0382cc-50e2-4d58-b2de-e8b6250f3520: start FollowerState
2019-10-18 08:20:22,518 [47aecc56-7e95-480d-b89c-2c00d33b4782@group-5EC277DF3249-LeaderElection255] INFO  impl.LeaderElection (LeaderElection.java:logAndReturn(56)) - 47aecc56-7e95-480d-b89c-2c00d33b4782@group-5EC277DF3249-LeaderElection255: Election REJECTED; received 2 response(s) [47aecc56-7e95-480d-b89c-2c00d33b4782<-1bc296c6-def6-4ae4-8c62-5b4c951a28f1#0:FAIL-t272, 47aecc56-7e95-480d-b89c-2c00d33b4782<-bc0382cc-50e2-4d58-b2de-e8b6250f3520#0:FAIL-t272] and 0 exception(s); 47aecc56-7e95-480d-b89c-2c00d33b4782@group-5EC277DF3249:t272, leader=null, voted=47aecc56-7e95-480d-b89c-2c00d33b4782, raftlog=47aecc56-7e95-480d-b89c-2c00d33b4782@group-5EC277DF3249-SegmentedRaftLog:OPENED:c-1,f-1,i0, conf=-1: [47aecc56-7e95-480d-b89c-2c00d33b4782:192.168.69.67:34550, 1bc296c6-def6-4ae4-8c62-5b4c951a28f1:192.168.69.67:37222, bc0382cc-50e2-4d58-b2de-e8b6250f3520:192.168.69.67:37666], old=null
2019-10-18 08:20:22,518 [47aecc56-7e95-480d-b89c-2c00d33b4782@group-5EC277DF3249-LeaderElection255] INFO  impl.RaftServerImpl (RaftServerImpl.java:setRole(184)) - 47aecc56-7e95-480d-b89c-2c00d33b4782@group-5EC277DF3249: changes role from CANDIDATE to FOLLOWER at term 272 for DISCOVERED_A_NEW_TERM
2019-10-18 08:20:22,518 [47aecc56-7e95-480d-b89c-2c00d33b4782@group-5EC277DF3249-LeaderElection255] INFO  impl.RoleInfo (RoleInfo.java:shutdownLeaderElection(134)) - 47aecc56-7e95-480d-b89c-2c00d33b4782: shutdown LeaderElection
2019-10-18 08:20:22,518 [47aecc56-7e95-480d-b89c-2c00d33b4782@group-5EC277DF3249-LeaderElection255] INFO  impl.RoleInfo (RoleInfo.java:updateAndGet(143)) - 47aecc56-7e95-480d-b89c-2c00d33b4782: start FollowerState
2019-10-18 08:20:22,716 [Thread-2357] INFO  impl.FollowerState (FollowerState.java:run(108)) - 47aecc56-7e95-480d-b89c-2c00d33b4782@group-5EC277DF3249-FollowerState: change to CANDIDATE, lastRpcTime:198ms, electionTimeout:198ms
2019-10-18 08:20:22,717 [Thread-2357] INFO  impl.RoleInfo (RoleInfo.java:shutdownFollowerState(121)) - 47aecc56-7e95-480d-b89c-2c00d33b4782: shutdown FollowerState
2019-10-18 08:20:22,717 [Thread-2357] INFO  impl.RaftServerImpl (RaftServerImpl.java:setRole(184)) - 47aecc56-7e95-480d-b89c-2c00d33b4782@group-5EC277DF3249: changes role from  FOLLOWER to CANDIDATE at term 272 for changeToCandidate
2019-10-18 08:20:22,717 [Thread-2357] INFO  impl.RoleInfo (RoleInfo.java:updateAndGet(143)) - 47aecc56-7e95-480d-b89c-2c00d33b4782: start LeaderElection
2019-10-18 08:20:22,731 [47aecc56-7e95-480d-b89c-2c00d33b4782@group-5EC277DF3249-LeaderElection256] INFO  impl.LeaderElection (LeaderElection.java:askForVotes(178)) - 47aecc56-7e95-480d-b89c-2c00d33b4782@group-5EC277DF3249-LeaderElection256: begin an election at term 273 for -1: [47aecc56-7e95-480d-b89c-2c00d33b4782:192.168.69.67:34550, 1bc296c6-def6-4ae4-8c62-5b4c951a28f1:192.168.69.67:37222, bc0382cc-50e2-4d58-b2de-e8b6250f3520:192.168.69.67:37666], old=null
2019-10-18 08:20:22,733 [grpc-default-executor-9] INFO  impl.RaftServerImpl (RaftServerImpl.java:setRole(184)) - 1bc296c6-def6-4ae4-8c62-5b4c951a28f1@group-5EC277DF3249: changes role from  FOLLOWER to FOLLOWER at term 273 for recognizeCandidate:47aecc56-7e95-480d-b89c-2c00d33b4782
2019-10-18 08:20:22,733 [grpc-default-executor-3] INFO  impl.RaftServerImpl (RaftServerImpl.java:setRole(184)) - bc0382cc-50e2-4d58-b2de-e8b6250f3520@group-5EC277DF3249: changes role from  FOLLOWER to FOLLOWER at term 273 for recognizeCandidate:47aecc56-7e95-480d-b89c-2c00d33b4782
2019-10-18 08:20:22,733 [grpc-default-executor-9] INFO  impl.RoleInfo (RoleInfo.java:shutdownFollowerState(121)) - 1bc296c6-def6-4ae4-8c62-5b4c951a28f1: shutdown FollowerState
2019-10-18 08:20:22,733 [grpc-default-executor-3] INFO  impl.RoleInfo (RoleInfo.java:shutdownFollowerState(121)) - bc0382cc-50e2-4d58-b2de-e8b6250f3520: shutdown FollowerState
2019-10-18 08:20:22,733 [Thread-2355] INFO  impl.FollowerState (FollowerState.java:run(117)) - 1bc296c6-def6-4ae4-8c62-5b4c951a28f1@group-5EC277DF3249-FollowerState was interrupted: java.lang.InterruptedException: sleep interrupted
2019-10-18 08:20:22,734 [Thread-2356] INFO  impl.FollowerState (FollowerState.java:run(117)) - bc0382cc-50e2-4d58-b2de-e8b6250f3520@group-5EC277DF3249-FollowerState was interrupted: java.lang.InterruptedException: sleep interrupted
2019-10-18 08:20:22,733 [grpc-default-executor-9] INFO  impl.RoleInfo (RoleInfo.java:updateAndGet(143)) - 1bc296c6-def6-4ae4-8c62-5b4c951a28f1: start FollowerState
2019-10-18 08:20:22,734 [grpc-default-executor-3] INFO  impl.RoleInfo (RoleInfo.java:updateAndGet(143)) - bc0382cc-50e2-4d58-b2de-e8b6250f3520: start FollowerState
2019-10-18 08:20:22,748 [47aecc56-7e95-480d-b89c-2c00d33b4782@group-5EC277DF3249-LeaderElection256] INFO  impl.LeaderElection (LeaderElection.java:logAndReturn(56)) - 47aecc56-7e95-480d-b89c-2c00d33b4782@group-5EC277DF3249-LeaderElection256: Election REJECTED; received 2 response(s) [47aecc56-7e95-480d-b89c-2c00d33b4782<-1bc296c6-def6-4ae4-8c62-5b4c951a28f1#0:FAIL-t273, 47aecc56-7e95-480d-b89c-2c00d33b4782<-bc0382cc-50e2-4d58-b2de-e8b6250f3520#0:FAIL-t273] and 0 exception(s); 47aecc56-7e95-480d-b89c-2c00d33b4782@group-5EC277DF3249:t273, leader=null, voted=47aecc56-7e95-480d-b89c-2c00d33b4782, raftlog=47aecc56-7e95-480d-b89c-2c00d33b4782@group-5EC277DF3249-SegmentedRaftLog:OPENED:c-1,f-1,i0, conf=-1: [47aecc56-7e95-480d-b89c-2c00d33b4782:192.168.69.67:34550, 1bc296c6-def6-4ae4-8c62-5b4c951a28f1:192.168.69.67:37222, bc0382cc-50e2-4d58-b2de-e8b6250f3520:192.168.69.67:37666], old=null
2019-10-18 08:20:22,748 [47aecc56-7e95-480d-b89c-2c00d33b4782@group-5EC277DF3249-LeaderElection256] INFO  impl.RaftServerImpl (RaftServerImpl.java:setRole(184)) - 47aecc56-7e95-480d-b89c-2c00d33b4782@group-5EC277DF3249: changes role from CANDIDATE to FOLLOWER at term 273 for DISCOVERED_A_NEW_TERM
2019-10-18 08:20:22,748 [47aecc56-7e95-480d-b89c-2c00d33b4782@group-5EC277DF3249-LeaderElection256] INFO  impl.RoleInfo (RoleInfo.java:shutdownLeaderElection(134)) - 47aecc56-7e95-480d-b89c-2c00d33b4782: shutdown LeaderElection
2019-10-18 08:20:22,748 [47aecc56-7e95-480d-b89c-2c00d33b4782@group-5EC277DF3249-LeaderElection256] INFO  impl.RoleInfo (RoleInfo.java:updateAndGet(143)) - 47aecc56-7e95-480d-b89c-2c00d33b4782: start FollowerState
2019-10-18 08:20:22,915 [Thread-2363] INFO  impl.FollowerState (FollowerState.java:run(108)) - 47aecc56-7e95-480d-b89c-2c00d33b4782@group-5EC277DF3249-FollowerState: change to CANDIDATE, lastRpcTime:166ms, electionTimeout:166ms
2019-10-18 08:20:22,915 [Thread-2363] INFO  impl.RoleInfo (RoleInfo.java:shutdownFollowerState(121)) - 47aecc56-7e95-480d-b89c-2c00d33b4782: shutdown FollowerState
2019-10-18 08:20:22,915 [Thread-2363] INFO  impl.RaftServerImpl (RaftServerImpl.java:setRole(184)) - 47aecc56-7e95-480d-b89c-2c00d33b4782@group-5EC277DF3249: changes role from  FOLLOWER to CANDIDATE at term 273 for changeToCandidate
2019-10-18 08:20:22,915 [Thread-2363] INFO  impl.RoleInfo (RoleInfo.java:updateAndGet(143)) - 47aecc56-7e95-480d-b89c-2c00d33b4782: start LeaderElection
2019-10-18 08:20:22,929 [47aecc56-7e95-480d-b89c-2c00d33b4782@group-5EC277DF3249-LeaderElection257] INFO  impl.LeaderElection (LeaderElection.java:askForVotes(178)) - 47aecc56-7e95-480d-b89c-2c00d33b4782@group-5EC277DF3249-LeaderElection257: begin an election at term 274 for -1: [47aecc56-7e95-480d-b89c-2c00d33b4782:192.168.69.67:34550, 1bc296c6-def6-4ae4-8c62-5b4c951a28f1:192.168.69.67:37222, bc0382cc-50e2-4d58-b2de-e8b6250f3520:192.168.69.67:37666], old=null
2019-10-18 08:20:22,931 [grpc-default-executor-9] INFO  impl.RaftServerImpl (RaftServerImpl.java:setRole(184)) - 1bc296c6-def6-4ae4-8c62-5b4c951a28f1@group-5EC277DF3249: changes role from  FOLLOWER to FOLLOWER at term 274 for recognizeCandidate:47aecc56-7e95-480d-b89c-2c00d33b4782
2019-10-18 08:20:22,932 [grpc-default-executor-9] INFO  impl.RoleInfo (RoleInfo.java:shutdownFollowerState(121)) - 1bc296c6-def6-4ae4-8c62-5b4c951a28f1: shutdown FollowerState
2019-10-18 08:20:22,932 [grpc-default-executor-9] INFO  impl.RoleInfo (RoleInfo.java:updateAndGet(143)) - 1bc296c6-def6-4ae4-8c62-5b4c951a28f1: start FollowerState
2019-10-18 08:20:22,932 [Thread-2361] INFO  impl.FollowerState (FollowerState.java:run(117)) - 1bc296c6-def6-4ae4-8c62-5b4c951a28f1@group-5EC277DF3249-FollowerState was interrupted: java.lang.InterruptedException: sleep interrupted
2019-10-18 08:20:22,932 [grpc-default-executor-3] INFO  impl.RaftServerImpl (RaftServerImpl.java:setRole(184)) - bc0382cc-50e2-4d58-b2de-e8b6250f3520@group-5EC277DF3249: changes role from  FOLLOWER to FOLLOWER at term 274 for recognizeCandidate:47aecc56-7e95-480d-b89c-2c00d33b4782
2019-10-18 08:20:22,932 [grpc-default-executor-3] INFO  impl.RoleInfo (RoleInfo.java:shutdownFollowerState(121)) - bc0382cc-50e2-4d58-b2de-e8b6250f3520: shutdown FollowerState
2019-10-18 08:20:22,932 [grpc-default-executor-3] INFO  impl.RoleInfo (RoleInfo.java:updateAndGet(143)) - bc0382cc-50e2-4d58-b2de-e8b6250f3520: start FollowerState
2019-10-18 08:20:22,932 [Thread-2362] INFO  impl.FollowerState (FollowerState.java:run(117)) - bc0382cc-50e2-4d58-b2de-e8b6250f3520@group-5EC277DF3249-FollowerState was interrupted: java.lang.InterruptedException: sleep interrupted
2019-10-18 08:20:22,947 [47aecc56-7e95-480d-b89c-2c00d33b4782@group-5EC277DF3249-LeaderElection257] INFO  impl.LeaderElection (LeaderElection.java:logAndReturn(56)) - 47aecc56-7e95-480d-b89c-2c00d33b4782@group-5EC277DF3249-LeaderElection257: Election REJECTED; received 2 response(s) [47aecc56-7e95-480d-b89c-2c00d33b4782<-1bc296c6-def6-4ae4-8c62-5b4c951a28f1#0:FAIL-t274, 47aecc56-7e95-480d-b89c-2c00d33b4782<-bc0382cc-50e2-4d58-b2de-e8b6250f3520#0:FAIL-t274] and 0 exception(s); 47aecc56-7e95-480d-b89c-2c00d33b4782@group-5EC277DF3249:t274, leader=null, voted=47aecc56-7e95-480d-b89c-2c00d33b4782, raftlog=47aecc56-7e95-480d-b89c-2c00d33b4782@group-5EC277DF3249-SegmentedRaftLog:OPENED:c-1,f-1,i0, conf=-1: [47aecc56-7e95-480d-b89c-2c00d33b4782:192.168.69.67:34550, 1bc296c6-def6-4ae4-8c62-5b4c951a28f1:192.168.69.67:37222, bc0382cc-50e2-4d58-b2de-e8b6250f3520:192.168.69.67:37666], old=null
2019-10-18 08:20:22,947 [47aecc56-7e95-480d-b89c-2c00d33b4782@group-5EC277DF3249-LeaderElection257] INFO  impl.RaftServerImpl (RaftServerImpl.java:setRole(184)) - 47aecc56-7e95-480d-b89c-2c00d33b4782@group-5EC277DF3249: changes role from CANDIDATE to FOLLOWER at term 274 for DISCOVERED_A_NEW_TERM
2019-10-18 08:20:22,947 [47aecc56-7e95-480d-b89c-2c00d33b4782@group-5EC277DF3249-LeaderElection257] INFO  impl.RoleInfo (RoleInfo.java:shutdownLeaderElection(134)) - 47aecc56-7e95-480d-b89c-2c00d33b4782: shutdown LeaderElection
2019-10-18 08:20:22,947 [47aecc56-7e95-480d-b89c-2c00d33b4782@group-5EC277DF3249-LeaderElection257] INFO  impl.RoleInfo (RoleInfo.java:updateAndGet(143)) - 47aecc56-7e95-480d-b89c-2c00d33b4782: start FollowerState
2019-10-18 08:20:23,104 [Thread-2369] INFO  impl.FollowerState (FollowerState.java:run(108)) - 47aecc56-7e95-480d-b89c-2c00d33b4782@group-5EC277DF3249-FollowerState: change to CANDIDATE, lastRpcTime:156ms, electionTimeout:156ms
2019-10-18 08:20:23,104 [Thread-2369] INFO  impl.RoleInfo (RoleInfo.java:shutdownFollowerState(121)) - 47aecc56-7e95-480d-b89c-2c00d33b4782: shutdown FollowerState
2019-10-18 08:20:23,104 [Thread-2369] INFO  impl.RaftServerImpl (RaftServerImpl.java:setRole(184)) - 47aecc56-7e95-480d-b89c-2c00d33b4782@group-5EC277DF3249: changes role from  FOLLOWER to CANDIDATE at term 274 for changeToCandidate
2019-10-18 08:20:23,104 [Thread-2369] INFO  impl.RoleInfo (RoleInfo.java:updateAndGet(143)) - 47aecc56-7e95-480d-b89c-2c00d33b4782: start LeaderElection
2019-10-18 08:20:23,118 [47aecc56-7e95-480d-b89c-2c00d33b4782@group-5EC277DF3249-LeaderElection258] INFO  impl.LeaderElection (LeaderElection.java:askForVotes(178)) - 47aecc56-7e95-480d-b89c-2c00d33b4782@group-5EC277DF3249-LeaderElection258: begin an election at term 275 for -1: [47aecc56-7e95-480d-b89c-2c00d33b4782:192.168.69.67:34550, 1bc296c6-def6-4ae4-8c62-5b4c951a28f1:192.168.69.67:37222, bc0382cc-50e2-4d58-b2de-e8b6250f3520:192.168.69.67:37666], old=null
2019-10-18 08:20:23,119 [grpc-default-executor-3] INFO  impl.RaftServerImpl (RaftServerImpl.java:setRole(184)) - 1bc296c6-def6-4ae4-8c62-5b4c951a28f1@group-5EC277DF3249: changes role from  FOLLOWER to FOLLOWER at term 275 for recognizeCandidate:47aecc56-7e95-480d-b89c-2c00d33b4782
2019-10-18 08:20:23,120 [grpc-default-executor-3] INFO  impl.RoleInfo (RoleInfo.java:shutdownFollowerState(121)) - 1bc296c6-def6-4ae4-8c62-5b4c951a28f1: shutdown FollowerState
2019-10-18 08:20:23,120 [grpc-default-executor-9] INFO  impl.RaftServerImpl (RaftServerImpl.java:setRole(184)) - bc0382cc-50e2-4d58-b2de-e8b6250f3520@group-5EC277DF3249: changes role from  FOLLOWER to FOLLOWER at term 275 for recognizeCandidate:47aecc56-7e95-480d-b89c-2c00d33b4782
2019-10-18 08:20:23,120 [Thread-2367] INFO  impl.FollowerState (FollowerState.java:run(117)) - 1bc296c6-def6-4ae4-8c62-5b4c951a28f1@group-5EC277DF3249-FollowerState was interrupted: java.lang.InterruptedException: sleep interrupted
2019-10-18 08:20:23,120 [grpc-default-executor-3] INFO  impl.RoleInfo (RoleInfo.java:updateAndGet(143)) - 1bc296c6-def6-4ae4-8c62-5b4c951a28f1: start FollowerState
2019-10-18 08:20:23,120 [grpc-default-executor-9] INFO  impl.RoleInfo (RoleInfo.java:shutdownFollowerState(121)) - bc0382cc-50e2-4d58-b2de-e8b6250f3520: shutdown FollowerState
2019-10-18 08:20:23,120 [grpc-default-executor-9] INFO  impl.RoleInfo (RoleInfo.java:updateAndGet(143)) - bc0382cc-50e2-4d58-b2de-e8b6250f3520: start FollowerState
2019-10-18 08:20:23,120 [Thread-2368] INFO  impl.FollowerState (FollowerState.java:run(117)) - bc0382cc-50e2-4d58-b2de-e8b6250f3520@group-5EC277DF3249-FollowerState was interrupted: java.lang.InterruptedException: sleep interrupted
2019-10-18 08:20:23,134 [47aecc56-7e95-480d-b89c-2c00d33b4782@group-5EC277DF3249-LeaderElection258] INFO  impl.LeaderElection (LeaderElection.java:logAndReturn(56)) - 47aecc56-7e95-480d-b89c-2c00d33b4782@group-5EC277DF3249-LeaderElection258: Election REJECTED; received 2 response(s) [47aecc56-7e95-480d-b89c-2c00d33b4782<-1bc296c6-def6-4ae4-8c62-5b4c951a28f1#0:FAIL-t275, 47aecc56-7e95-480d-b89c-2c00d33b4782<-bc0382cc-50e2-4d58-b2de-e8b6250f3520#0:FAIL-t275] and 0 exception(s); 47aecc56-7e95-480d-b89c-2c00d33b4782@group-5EC277DF3249:t275, leader=null, voted=47aecc56-7e95-480d-b89c-2c00d33b4782, raftlog=47aecc56-7e95-480d-b89c-2c00d33b4782@group-5EC277DF3249-SegmentedRaftLog:OPENED:c-1,f-1,i0, conf=-1: [47aecc56-7e95-480d-b89c-2c00d33b4782:192.168.69.67:34550, 1bc296c6-def6-4ae4-8c62-5b4c951a28f1:192.168.69.67:37222, bc0382cc-50e2-4d58-b2de-e8b6250f3520:192.168.69.67:37666], old=null
2019-10-18 08:20:23,134 [47aecc56-7e95-480d-b89c-2c00d33b4782@group-5EC277DF3249-LeaderElection258] INFO  impl.RaftServerImpl (RaftServerImpl.java:setRole(184)) - 47aecc56-7e95-480d-b89c-2c00d33b4782@group-5EC277DF3249: changes role from CANDIDATE to FOLLOWER at term 275 for DISCOVERED_A_NEW_TERM
2019-10-18 08:20:23,135 [47aecc56-7e95-480d-b89c-2c00d33b4782@group-5EC277DF3249-LeaderElection258] INFO  impl.RoleInfo (RoleInfo.java:shutdownLeaderElection(134)) - 47aecc56-7e95-480d-b89c-2c00d33b4782: shutdown LeaderElection
2019-10-18 08:20:23,135 [47aecc56-7e95-480d-b89c-2c00d33b4782@group-5EC277DF3249-LeaderElection258] INFO  impl.RoleInfo (RoleInfo.java:updateAndGet(143)) - 47aecc56-7e95-480d-b89c-2c00d33b4782: start FollowerState
2019-10-18 08:20:23,177 [Thread-2375] INFO  impl.FollowerState (FollowerState.java:run(108)) - 47aecc56-7e95-480d-b89c-2c00d33b4782@group-5EC277DF3249-FollowerState: change to CANDIDATE, lastRpcTime:42ms, electionTimeout:42ms
2019-10-18 08:20:23,177 [Thread-2375] INFO  impl.RoleInfo (RoleInfo.java:shutdownFollowerState(121)) - 47aecc56-7e95-480d-b89c-2c00d33b4782: shutdown FollowerState
2019-10-18 08:20:23,177 [Thread-2375] INFO  impl.RaftServerImpl (RaftServerImpl.java:setRole(184)) - 47aecc56-7e95-480d-b89c-2c00d33b4782@group-5EC277DF3249: changes role from  FOLLOWER to CANDIDATE at term 275 for changeToCandidate
2019-10-18 08:20:23,177 [Thread-2375] INFO  impl.RoleInfo (RoleInfo.java:updateAndGet(143)) - 47aecc56-7e95-480d-b89c-2c00d33b4782: start LeaderElection
 0.00% |?                                                                                                    |  0/1 Time: 0:04:312019-10-18 08:20:23,192 [47aecc56-7e95-480d-b89c-2c00d33b4782@group-5EC277DF3249-LeaderElection259] INFO  impl.LeaderElection (LeaderElection.java:askForVotes(178)) - 47aecc56-7e95-480d-b89c-2c00d33b4782@group-5EC277DF3249-LeaderElection259: begin an election at term 276 for -1: [47aecc56-7e95-480d-b89c-2c00d33b4782:192.168.69.67:34550, 1bc296c6-def6-4ae4-8c62-5b4c951a28f1:192.168.69.67:37222, bc0382cc-50e2-4d58-b2de-e8b6250f3520:192.168.69.67:37666], old=null
2019-10-18 08:20:23,194 [grpc-default-executor-9] INFO  impl.RaftServerImpl (RaftServerImpl.java:setRole(184)) - 1bc296c6-def6-4ae4-8c62-5b4c951a28f1@group-5EC277DF3249: changes role from  FOLLOWER to FOLLOWER at term 276 for recognizeCandidate:47aecc56-7e95-480d-b89c-2c00d33b4782
2019-10-18 08:20:23,194 [grpc-default-executor-9] INFO  impl.RoleInfo (RoleInfo.java:shutdownFollowerState(121)) - 1bc296c6-def6-4ae4-8c62-5b4c951a28f1: shutdown FollowerState
2019-10-18 08:20:23,194 [grpc-default-executor-3] INFO  impl.RaftServerImpl (RaftServerImpl.java:setRole(184)) - bc0382cc-50e2-4d58-b2de-e8b6250f3520@group-5EC277DF3249: changes role from  FOLLOWER to FOLLOWER at term 276 for recognizeCandidate:47aecc56-7e95-480d-b89c-2c00d33b4782
2019-10-18 08:20:23,194 [grpc-default-executor-3] INFO  impl.RoleInfo (RoleInfo.java:shutdownFollowerState(121)) - bc0382cc-50e2-4d58-b2de-e8b6250f3520: shutdown FollowerState
2019-10-18 08:20:23,194 [Thread-2373] INFO  impl.FollowerState (FollowerState.java:run(117)) - 1bc296c6-def6-4ae4-8c62-5b4c951a28f1@group-5EC277DF3249-FollowerState was interrupted: java.lang.InterruptedException: sleep interrupted
2019-10-18 08:20:23,194 [grpc-default-executor-9] INFO  impl.RoleInfo (RoleInfo.java:updateAndGet(143)) - 1bc296c6-def6-4ae4-8c62-5b4c951a28f1: start FollowerState
2019-10-18 08:20:23,194 [Thread-2374] INFO  impl.FollowerState (FollowerState.java:run(117)) - bc0382cc-50e2-4d58-b2de-e8b6250f3520@group-5EC277DF3249-FollowerState was interrupted: java.lang.InterruptedException: sleep interrupted
2019-10-18 08:20:23,194 [grpc-default-executor-3] INFO  impl.RoleInfo (RoleInfo.java:updateAndGet(143)) - bc0382cc-50e2-4d58-b2de-e8b6250f3520: start FollowerState
2019-10-18 08:20:23,209 [47aecc56-7e95-480d-b89c-2c00d33b4782@group-5EC277DF3249-LeaderElection259] INFO  impl.LeaderElection (LeaderElection.java:logAndReturn(56)) - 47aecc56-7e95-480d-b89c-2c00d33b4782@group-5EC277DF3249-LeaderElection259: Election REJECTED; received 2 response(s) [47aecc56-7e95-480d-b89c-2c00d33b4782<-1bc296c6-def6-4ae4-8c62-5b4c951a28f1#0:FAIL-t276, 47aecc56-7e95-480d-b89c-2c00d33b4782<-bc0382cc-50e2-4d58-b2de-e8b6250f3520#0:FAIL-t276] and 0 exception(s); 47aecc56-7e95-480d-b89c-2c00d33b4782@group-5EC277DF3249:t276, leader=null, voted=47aecc56-7e95-480d-b89c-2c00d33b4782, raftlog=47aecc56-7e95-480d-b89c-2c00d33b4782@group-5EC277DF3249-SegmentedRaftLog:OPENED:c-1,f-1,i0, conf=-1: [47aecc56-7e95-480d-b89c-2c00d33b4782:192.168.69.67:34550, 1bc296c6-def6-4ae4-8c62-5b4c951a28f1:192.168.69.67:37222, bc0382cc-50e2-4d58-b2de-e8b6250f3520:192.168.69.67:37666], old=null
2019-10-18 08:20:23,209 [47aecc56-7e95-480d-b89c-2c00d33b4782@group-5EC277DF3249-LeaderElection259] INFO  impl.RaftServerImpl (RaftServerImpl.java:setRole(184)) - 47aecc56-7e95-480d-b89c-2c00d33b4782@group-5EC277DF3249: changes role from CANDIDATE to FOLLOWER at term 276 for DISCOVERED_A_NEW_TERM
2019-10-18 08:20:23,209 [47aecc56-7e95-480d-b89c-2c00d33b4782@group-5EC277DF3249-LeaderElection259] INFO  impl.RoleInfo (RoleInfo.java:shutdownLeaderElection(134)) - 47aecc56-7e95-480d-b89c-2c00d33b4782: shutdown LeaderElection
2019-10-18 08:20:23,209 [47aecc56-7e95-480d-b89c-2c00d33b4782@group-5EC277DF3249-LeaderElection259] INFO  impl.RoleInfo (RoleInfo.java:updateAndGet(143)) - 47aecc56-7e95-480d-b89c-2c00d33b4782: start FollowerState
2019-10-18 08:20:23,364 [Thread-2381] INFO  impl.FollowerState (FollowerState.java:run(108)) - 47aecc56-7e95-480d-b89c-2c00d33b4782@group-5EC277DF3249-FollowerState: change to CANDIDATE, lastRpcTime:155ms, electionTimeout:155ms
2019-10-18 08:20:23,364 [Thread-2381] INFO  impl.RoleInfo (RoleInfo.java:shutdownFollowerState(121)) - 47aecc56-7e95-480d-b89c-2c00d33b4782: shutdown FollowerState
2019-10-18 08:20:23,365 [Thread-2381] INFO  impl.RaftServerImpl (RaftServerImpl.java:setRole(184)) - 47aecc56-7e95-480d-b89c-2c00d33b4782@group-5EC277DF3249: changes role from  FOLLOWER to CANDIDATE at term 276 for changeToCandidate
2019-10-18 08:20:23,365 [Thread-2381] INFO  impl.RoleInfo (RoleInfo.java:updateAndGet(143)) - 47aecc56-7e95-480d-b89c-2c00d33b4782: start LeaderElection
2019-10-18 08:20:23,378 [47aecc56-7e95-480d-b89c-2c00d33b4782@group-5EC277DF3249-LeaderElection260] INFO  impl.LeaderElection (LeaderElection.java:askForVotes(178)) - 47aecc56-7e95-480d-b89c-2c00d33b4782@group-5EC277DF3249-LeaderElection260: begin an election at term 277 for -1: [47aecc56-7e95-480d-b89c-2c00d33b4782:192.168.69.67:34550, 1bc296c6-def6-4ae4-8c62-5b4c951a28f1:192.168.69.67:37222, bc0382cc-50e2-4d58-b2de-e8b6250f3520:192.168.69.67:37666], old=null
2019-10-18 08:20:23,381 [grpc-default-executor-9] INFO  impl.RaftServerImpl (RaftServerImpl.java:setRole(184)) - 1bc296c6-def6-4ae4-8c62-5b4c951a28f1@group-5EC277DF3249: changes role from  FOLLOWER to FOLLOWER at term 277 for recognizeCandidate:47aecc56-7e95-480d-b89c-2c00d33b4782
2019-10-18 08:20:23,381 [grpc-default-executor-9] INFO  impl.RoleInfo (RoleInfo.java:shutdownFollowerState(121)) - 1bc296c6-def6-4ae4-8c62-5b4c951a28f1: shutdown FollowerState
2019-10-18 08:20:23,381 [grpc-default-executor-3] INFO  impl.RaftServerImpl (RaftServerImpl.java:setRole(184)) - bc0382cc-50e2-4d58-b2de-e8b6250f3520@group-5EC277DF3249: changes role from  FOLLOWER to FOLLOWER at term 277 for recognizeCandidate:47aecc56-7e95-480d-b89c-2c00d33b4782
2019-10-18 08:20:23,381 [grpc-default-executor-3] INFO  impl.RoleInfo (RoleInfo.java:shutdownFollowerState(121)) - bc0382cc-50e2-4d58-b2de-e8b6250f3520: shutdown FollowerState
2019-10-18 08:20:23,381 [Thread-2379] INFO  impl.FollowerState (FollowerState.java:run(117)) - 1bc296c6-def6-4ae4-8c62-5b4c951a28f1@group-5EC277DF3249-FollowerState was interrupted: java.lang.InterruptedException: sleep interrupted
2019-10-18 08:20:23,381 [grpc-default-executor-9] INFO  impl.RoleInfo (RoleInfo.java:updateAndGet(143)) - 1bc296c6-def6-4ae4-8c62-5b4c951a28f1: start FollowerState
2019-10-18 08:20:23,381 [grpc-default-executor-3] INFO  impl.RoleInfo (RoleInfo.java:updateAndGet(143)) - bc0382cc-50e2-4d58-b2de-e8b6250f3520: start FollowerState
2019-10-18 08:20:23,381 [Thread-2380] INFO  impl.FollowerState (FollowerState.java:run(117)) - bc0382cc-50e2-4d58-b2de-e8b6250f3520@group-5EC277DF3249-FollowerState was interrupted: java.lang.InterruptedException: sleep interrupted
2019-10-18 08:20:23,393 [47aecc56-7e95-480d-b89c-2c00d33b4782@group-5EC277DF3249-LeaderElection260] INFO  impl.LeaderElection (LeaderElection.java:logAndReturn(56)) - 47aecc56-7e95-480d-b89c-2c00d33b4782@group-5EC277DF3249-LeaderElection260: Election REJECTED; received 2 response(s) [47aecc56-7e95-480d-b89c-2c00d33b4782<-1bc296c6-def6-4ae4-8c62-5b4c951a28f1#0:FAIL-t277, 47aecc56-7e95-480d-b89c-2c00d33b4782<-bc0382cc-50e2-4d58-b2de-e8b6250f3520#0:FAIL-t277] and 0 exception(s); 47aecc56-7e95-480d-b89c-2c00d33b4782@group-5EC277DF3249:t277, leader=null, voted=47aecc56-7e95-480d-b89c-2c00d33b4782, raftlog=47aecc56-7e95-480d-b89c-2c00d33b4782@group-5EC277DF3249-SegmentedRaftLog:OPENED:c-1,f-1,i0, conf=-1: [47aecc56-7e95-480d-b89c-2c00d33b4782:192.168.69.67:34550, 1bc296c6-def6-4ae4-8c62-5b4c951a28f1:192.168.69.67:37222, bc0382cc-50e2-4d58-b2de-e8b6250f3520:192.168.69.67:37666], old=null
2019-10-18 08:20:23,394 [47aecc56-7e95-480d-b89c-2c00d33b4782@group-5EC277DF3249-LeaderElection260] INFO  impl.RaftServerImpl (RaftServerImpl.java:setRole(184)) - 47aecc56-7e95-480d-b89c-2c00d33b4782@group-5EC277DF3249: changes role from CANDIDATE to FOLLOWER at term 277 for DISCOVERED_A_NEW_TERM
2019-10-18 08:20:23,394 [47aecc56-7e95-480d-b89c-2c00d33b4782@group-5EC277DF3249-LeaderElection260] INFO  impl.RoleInfo (RoleInfo.java:shutdownLeaderElection(134)) - 47aecc56-7e95-480d-b89c-2c00d33b4782: shutdown LeaderElection
2019-10-18 08:20:23,394 [47aecc56-7e95-480d-b89c-2c00d33b4782@group-5EC277DF3249-LeaderElection260] INFO  impl.RoleInfo (RoleInfo.java:updateAndGet(143)) - 47aecc56-7e95-480d-b89c-2c00d33b4782: start FollowerState
2019-10-18 08:20:23,525 [Thread-2387] INFO  impl.FollowerState (FollowerState.java:run(108)) - 47aecc56-7e95-480d-b89c-2c00d33b4782@group-5EC277DF3249-FollowerState: change to CANDIDATE, lastRpcTime:130ms, electionTimeout:130ms
2019-10-18 08:20:23,525 [Thread-2387] INFO  impl.RoleInfo (RoleInfo.java:shutdownFollowerState(121)) - 47aecc56-7e95-480d-b89c-2c00d33b4782: shutdown FollowerState
2019-10-18 08:20:23,525 [Thread-2387] INFO  impl.RaftServerImpl (RaftServerImpl.java:setRole(184)) - 47aecc56-7e95-480d-b89c-2c00d33b4782@group-5EC277DF3249: changes role from  FOLLOWER to CANDIDATE at term 277 for changeToCandidate
2019-10-18 08:20:23,525 [Thread-2387] INFO  impl.RoleInfo (RoleInfo.java:updateAndGet(143)) - 47aecc56-7e95-480d-b89c-2c00d33b4782: start LeaderElection
2019-10-18 08:20:23,539 [47aecc56-7e95-480d-b89c-2c00d33b4782@group-5EC277DF3249-LeaderElection261] INFO  impl.LeaderElection (LeaderElection.java:askForVotes(178)) - 47aecc56-7e95-480d-b89c-2c00d33b4782@group-5EC277DF3249-LeaderElection261: begin an election at term 278 for -1: [47aecc56-7e95-480d-b89c-2c00d33b4782:192.168.69.67:34550, 1bc296c6-def6-4ae4-8c62-5b4c951a28f1:192.168.69.67:37222, bc0382cc-50e2-4d58-b2de-e8b6250f3520:192.168.69.67:37666], old=null
2019-10-18 08:20:23,541 [grpc-default-executor-3] INFO  impl.RaftServerImpl (RaftServerImpl.java:setRole(184)) - bc0382cc-50e2-4d58-b2de-e8b6250f3520@group-5EC277DF3249: changes role from  FOLLOWER to FOLLOWER at term 278 for recognizeCandidate:47aecc56-7e95-480d-b89c-2c00d33b4782
2019-10-18 08:20:23,541 [grpc-default-executor-9] INFO  impl.RaftServerImpl (RaftServerImpl.java:setRole(184)) - 1bc296c6-def6-4ae4-8c62-5b4c951a28f1@group-5EC277DF3249: changes role from  FOLLOWER to FOLLOWER at term 278 for recognizeCandidate:47aecc56-7e95-480d-b89c-2c00d33b4782
2019-10-18 08:20:23,542 [grpc-default-executor-3] INFO  impl.RoleInfo (RoleInfo.java:shutdownFollowerState(121)) - bc0382cc-50e2-4d58-b2de-e8b6250f3520: shutdown FollowerState
2019-10-18 08:20:23,542 [grpc-default-executor-9] INFO  impl.RoleInfo (RoleInfo.java:shutdownFollowerState(121)) - 1bc296c6-def6-4ae4-8c62-5b4c951a28f1: shutdown FollowerState
2019-10-18 08:20:23,542 [Thread-2386] INFO  impl.FollowerState (FollowerState.java:run(117)) - bc0382cc-50e2-4d58-b2de-e8b6250f3520@group-5EC277DF3249-FollowerState was interrupted: java.lang.InterruptedException: sleep interrupted
2019-10-18 08:20:23,542 [grpc-default-executor-3] INFO  impl.RoleInfo (RoleInfo.java:updateAndGet(143)) - bc0382cc-50e2-4d58-b2de-e8b6250f3520: start FollowerState
2019-10-18 08:20:23,542 [Thread-2385] INFO  impl.FollowerState (FollowerState.java:run(117)) - 1bc296c6-def6-4ae4-8c62-5b4c951a28f1@group-5EC277DF3249-FollowerState was interrupted: java.lang.InterruptedException: sleep interrupted
2019-10-18 08:20:23,542 [grpc-default-executor-9] INFO  impl.RoleInfo (RoleInfo.java:updateAndGet(143)) - 1bc296c6-def6-4ae4-8c62-5b4c951a28f1: start FollowerState
2019-10-18 08:20:23,557 [47aecc56-7e95-480d-b89c-2c00d33b4782@group-5EC277DF3249-LeaderElection261] INFO  impl.LeaderElection (LeaderElection.java:logAndReturn(56)) - 47aecc56-7e95-480d-b89c-2c00d33b4782@group-5EC277DF3249-LeaderElection261: Election REJECTED; received 2 response(s) [47aecc56-7e95-480d-b89c-2c00d33b4782<-1bc296c6-def6-4ae4-8c62-5b4c951a28f1#0:FAIL-t278, 47aecc56-7e95-480d-b89c-2c00d33b4782<-bc0382cc-50e2-4d58-b2de-e8b6250f3520#0:FAIL-t278] and 0 exception(s); 47aecc56-7e95-480d-b89c-2c00d33b4782@group-5EC277DF3249:t278, leader=null, voted=47aecc56-7e95-480d-b89c-2c00d33b4782, raftlog=47aecc56-7e95-480d-b89c-2c00d33b4782@group-5EC277DF3249-SegmentedRaftLog:OPENED:c-1,f-1,i0, conf=-1: [47aecc56-7e95-480d-b89c-2c00d33b4782:192.168.69.67:34550, 1bc296c6-def6-4ae4-8c62-5b4c951a28f1:192.168.69.67:37222, bc0382cc-50e2-4d58-b2de-e8b6250f3520:192.168.69.67:37666], old=null
2019-10-18 08:20:23,557 [47aecc56-7e95-480d-b89c-2c00d33b4782@group-5EC277DF3249-LeaderElection261] INFO  impl.RaftServerImpl (RaftServerImpl.java:setRole(184)) - 47aecc56-7e95-480d-b89c-2c00d33b4782@group-5EC277DF3249: changes role from CANDIDATE to FOLLOWER at term 278 for DISCOVERED_A_NEW_TERM
2019-10-18 08:20:23,557 [47aecc56-7e95-480d-b89c-2c00d33b4782@group-5EC277DF3249-LeaderElection261] INFO  impl.RoleInfo (RoleInfo.java:shutdownLeaderElection(134)) - 47aecc56-7e95-480d-b89c-2c00d33b4782: shutdown LeaderElection
2019-10-18 08:20:23,558 [47aecc56-7e95-480d-b89c-2c00d33b4782@group-5EC277DF3249-LeaderElection261] INFO  impl.RoleInfo (RoleInfo.java:updateAndGet(143)) - 47aecc56-7e95-480d-b89c-2c00d33b4782: start FollowerState
2019-10-18 08:20:23,680 [Thread-2393] INFO  impl.FollowerState (FollowerState.java:run(108)) - 47aecc56-7e95-480d-b89c-2c00d33b4782@group-5EC277DF3249-FollowerState: change to CANDIDATE, lastRpcTime:122ms, electionTimeout:122ms
2019-10-18 08:20:23,680 [Thread-2393] INFO  impl.RoleInfo (RoleInfo.java:shutdownFollowerState(121)) - 47aecc56-7e95-480d-b89c-2c00d33b4782: shutdown FollowerState
2019-10-18 08:20:23,680 [Thread-2393] INFO  impl.RaftServerImpl (RaftServerImpl.java:setRole(184)) - 47aecc56-7e95-480d-b89c-2c00d33b4782@group-5EC277DF3249: changes role from  FOLLOWER to CANDIDATE at term 278 for changeToCandidate
2019-10-18 08:20:23,680 [Thread-2393] INFO  impl.RoleInfo (RoleInfo.java:updateAndGet(143)) - 47aecc56-7e95-480d-b89c-2c00d33b4782: start LeaderElection
2019-10-18 08:20:23,708 [47aecc56-7e95-480d-b89c-2c00d33b4782@group-5EC277DF3249-LeaderElection262] INFO  impl.LeaderElection (LeaderElection.java:askForVotes(178)) - 47aecc56-7e95-480d-b89c-2c00d33b4782@group-5EC277DF3249-LeaderElection262: begin an election at term 279 for -1: [47aecc56-7e95-480d-b89c-2c00d33b4782:192.168.69.67:34550, 1bc296c6-def6-4ae4-8c62-5b4c951a28f1:192.168.69.67:37222, bc0382cc-50e2-4d58-b2de-e8b6250f3520:192.168.69.67:37666], old=null
2019-10-18 08:20:23,710 [grpc-default-executor-9] INFO  impl.RaftServerImpl (RaftServerImpl.java:setRole(184)) - 1bc296c6-def6-4ae4-8c62-5b4c951a28f1@group-5EC277DF3249: changes role from  FOLLOWER to FOLLOWER at term 279 for recognizeCandidate:47aecc56-7e95-480d-b89c-2c00d33b4782
2019-10-18 08:20:23,710 [grpc-default-executor-9] INFO  impl.RoleInfo (RoleInfo.java:shutdownFollowerState(121)) - 1bc296c6-def6-4ae4-8c62-5b4c951a28f1: shutdown FollowerState
2019-10-18 08:20:23,710 [grpc-default-executor-3] INFO  impl.RaftServerImpl (RaftServerImpl.java:setRole(184)) - bc0382cc-50e2-4d58-b2de-e8b6250f3520@group-5EC277DF3249: changes role from  FOLLOWER to FOLLOWER at term 279 for recognizeCandidate:47aecc56-7e95-480d-b89c-2c00d33b4782
2019-10-18 08:20:23,710 [Thread-2392] INFO  impl.FollowerState (FollowerState.java:run(117)) - 1bc296c6-def6-4ae4-8c62-5b4c951a28f1@group-5EC277DF3249-FollowerState was interrupted: java.lang.InterruptedException: sleep interrupted
2019-10-18 08:20:23,710 [grpc-default-executor-3] INFO  impl.RoleInfo (RoleInfo.java:shutdownFollowerState(121)) - bc0382cc-50e2-4d58-b2de-e8b6250f3520: shutdown FollowerState
2019-10-18 08:20:23,710 [grpc-default-executor-9] INFO  impl.RoleInfo (RoleInfo.java:updateAndGet(143)) - 1bc296c6-def6-4ae4-8c62-5b4c951a28f1: start FollowerState
2019-10-18 08:20:23,710 [Thread-2391] INFO  impl.FollowerState (FollowerState.java:run(117)) - bc0382cc-50e2-4d58-b2de-e8b6250f3520@group-5EC277DF3249-FollowerState was interrupted: java.lang.InterruptedException: sleep interrupted
2019-10-18 08:20:23,710 [grpc-default-executor-3] INFO  impl.RoleInfo (RoleInfo.java:updateAndGet(143)) - bc0382cc-50e2-4d58-b2de-e8b6250f3520: start FollowerState
2019-10-18 08:20:23,725 [47aecc56-7e95-480d-b89c-2c00d33b4782@group-5EC277DF3249-LeaderElection262] INFO  impl.LeaderElection (LeaderElection.java:logAndReturn(56)) - 47aecc56-7e95-480d-b89c-2c00d33b4782@group-5EC277DF3249-LeaderElection262: Election REJECTED; received 2 response(s) [47aecc56-7e95-480d-b89c-2c00d33b4782<-1bc296c6-def6-4ae4-8c62-5b4c951a28f1#0:FAIL-t279, 47aecc56-7e95-480d-b89c-2c00d33b4782<-bc0382cc-50e2-4d58-b2de-e8b6250f3520#0:FAIL-t279] and 0 exception(s); 47aecc56-7e95-480d-b89c-2c00d33b4782@group-5EC277DF3249:t279, leader=null, voted=47aecc56-7e95-480d-b89c-2c00d33b4782, raftlog=47aecc56-7e95-480d-b89c-2c00d33b4782@group-5EC277DF3249-SegmentedRaftLog:OPENED:c-1,f-1,i0, conf=-1: [47aecc56-7e95-480d-b89c-2c00d33b4782:192.168.69.67:34550, 1bc296c6-def6-4ae4-8c62-5b4c951a28f1:192.168.69.67:37222, bc0382cc-50e2-4d58-b2de-e8b6250f3520:192.168.69.67:37666], old=null
2019-10-18 08:20:23,725 [47aecc56-7e95-480d-b89c-2c00d33b4782@group-5EC277DF3249-LeaderElection262] INFO  impl.RaftServerImpl (RaftServerImpl.java:setRole(184)) - 47aecc56-7e95-480d-b89c-2c00d33b4782@group-5EC277DF3249: changes role from CANDIDATE to FOLLOWER at term 279 for DISCOVERED_A_NEW_TERM
2019-10-18 08:20:23,725 [47aecc56-7e95-480d-b89c-2c00d33b4782@group-5EC277DF3249-LeaderElection262] INFO  impl.RoleInfo (RoleInfo.java:shutdownLeaderElection(134)) - 47aecc56-7e95-480d-b89c-2c00d33b4782: shutdown LeaderElection
2019-10-18 08:20:23,725 [47aecc56-7e95-480d-b89c-2c00d33b4782@group-5EC277DF3249-LeaderElection262] INFO  impl.RoleInfo (RoleInfo.java:updateAndGet(143)) - 47aecc56-7e95-480d-b89c-2c00d33b4782: start FollowerState
2019-10-18 08:20:23,909 [Thread-2399] INFO  impl.FollowerState (FollowerState.java:run(108)) - 47aecc56-7e95-480d-b89c-2c00d33b4782@group-5EC277DF3249-FollowerState: change to CANDIDATE, lastRpcTime:184ms, electionTimeout:184ms
2019-10-18 08:20:23,909 [Thread-2399] INFO  impl.RoleInfo (RoleInfo.java:shutdownFollowerState(121)) - 47aecc56-7e95-480d-b89c-2c00d33b4782: shutdown FollowerState
2019-10-18 08:20:23,909 [Thread-2399] INFO  impl.RaftServerImpl (RaftServerImpl.java:setRole(184)) - 47aecc56-7e95-480d-b89c-2c00d33b4782@group-5EC277DF3249: changes role from  FOLLOWER to CANDIDATE at term 279 for changeToCandidate
2019-10-18 08:20:23,910 [Thread-2399] INFO  impl.RoleInfo (RoleInfo.java:updateAndGet(143)) - 47aecc56-7e95-480d-b89c-2c00d33b4782: start LeaderElection
2019-10-18 08:20:23,924 [47aecc56-7e95-480d-b89c-2c00d33b4782@group-5EC277DF3249-LeaderElection263] INFO  impl.LeaderElection (LeaderElection.java:askForVotes(178)) - 47aecc56-7e95-480d-b89c-2c00d33b4782@group-5EC277DF3249-LeaderElection263: begin an election at term 280 for -1: [47aecc56-7e95-480d-b89c-2c00d33b4782:192.168.69.67:34550, 1bc296c6-def6-4ae4-8c62-5b4c951a28f1:192.168.69.67:37222, bc0382cc-50e2-4d58-b2de-e8b6250f3520:192.168.69.67:37666], old=null
2019-10-18 08:20:23,925 [grpc-default-executor-9] INFO  impl.RaftServerImpl (RaftServerImpl.java:setRole(184)) - 1bc296c6-def6-4ae4-8c62-5b4c951a28f1@group-5EC277DF3249: changes role from  FOLLOWER to FOLLOWER at term 280 for recognizeCandidate:47aecc56-7e95-480d-b89c-2c00d33b4782
2019-10-18 08:20:23,926 [grpc-default-executor-9] INFO  impl.RoleInfo (RoleInfo.java:shutdownFollowerState(121)) - 1bc296c6-def6-4ae4-8c62-5b4c951a28f1: shutdown FollowerState
2019-10-18 08:20:23,926 [grpc-default-executor-3] INFO  impl.RaftServerImpl (RaftServerImpl.java:setRole(184)) - bc0382cc-50e2-4d58-b2de-e8b6250f3520@group-5EC277DF3249: changes role from  FOLLOWER to FOLLOWER at term 280 for recognizeCandidate:47aecc56-7e95-480d-b89c-2c00d33b4782
2019-10-18 08:20:23,926 [Thread-2397] INFO  impl.FollowerState (FollowerState.java:run(117)) - 1bc296c6-def6-4ae4-8c62-5b4c951a28f1@group-5EC277DF3249-FollowerState was interrupted: java.lang.InterruptedException: sleep interrupted
2019-10-18 08:20:23,926 [grpc-default-executor-9] INFO  impl.RoleInfo (RoleInfo.java:updateAndGet(143)) - 1bc296c6-def6-4ae4-8c62-5b4c951a28f1: start FollowerState
2019-10-18 08:20:23,926 [grpc-default-executor-3] INFO  impl.RoleInfo (RoleInfo.java:shutdownFollowerState(121)) - bc0382cc-50e2-4d58-b2de-e8b6250f3520: shutdown FollowerState
2019-10-18 08:20:23,926 [grpc-default-executor-3] INFO  impl.RoleInfo (RoleInfo.java:updateAndGet(143)) - bc0382cc-50e2-4d58-b2de-e8b6250f3520: start FollowerState
2019-10-18 08:20:23,926 [Thread-2398] INFO  impl.FollowerState (FollowerState.java:run(117)) - bc0382cc-50e2-4d58-b2de-e8b6250f3520@group-5EC277DF3249-FollowerState was interrupted: java.lang.InterruptedException: sleep interrupted
2019-10-18 08:20:23,966 [47aecc56-7e95-480d-b89c-2c00d33b4782@group-5EC277DF3249-LeaderElection263] INFO  impl.LeaderElection (LeaderElection.java:logAndReturn(56)) - 47aecc56-7e95-480d-b89c-2c00d33b4782@group-5EC277DF3249-LeaderElection263: Election REJECTED; received 2 response(s) [47aecc56-7e95-480d-b89c-2c00d33b4782<-1bc296c6-def6-4ae4-8c62-5b4c951a28f1#0:FAIL-t280, 47aecc56-7e95-480d-b89c-2c00d33b4782<-bc0382cc-50e2-4d58-b2de-e8b6250f3520#0:FAIL-t280] and 0 exception(s); 47aecc56-7e95-480d-b89c-2c00d33b4782@group-5EC277DF3249:t280, leader=null, voted=47aecc56-7e95-480d-b89c-2c00d33b4782, raftlog=47aecc56-7e95-480d-b89c-2c00d33b4782@group-5EC277DF3249-SegmentedRaftLog:OPENED:c-1,f-1,i0, conf=-1: [47aecc56-7e95-480d-b89c-2c00d33b4782:192.168.69.67:34550, 1bc296c6-def6-4ae4-8c62-5b4c951a28f1:192.168.69.67:37222, bc0382cc-50e2-4d58-b2de-e8b6250f3520:192.168.69.67:37666], old=null
2019-10-18 08:20:23,966 [47aecc56-7e95-480d-b89c-2c00d33b4782@group-5EC277DF3249-LeaderElection263] INFO  impl.RaftServerImpl (RaftServerImpl.java:setRole(184)) - 47aecc56-7e95-480d-b89c-2c00d33b4782@group-5EC277DF3249: changes role from CANDIDATE to FOLLOWER at term 280 for DISCOVERED_A_NEW_TERM
2019-10-18 08:20:23,966 [47aecc56-7e95-480d-b89c-2c00d33b4782@group-5EC277DF3249-LeaderElection263] INFO  impl.RoleInfo (RoleInfo.java:shutdownLeaderElection(134)) - 47aecc56-7e95-480d-b89c-2c00d33b4782: shutdown LeaderElection
2019-10-18 08:20:23,966 [47aecc56-7e95-480d-b89c-2c00d33b4782@group-5EC277DF3249-LeaderElection263] INFO  impl.RoleInfo (RoleInfo.java:updateAndGet(143)) - 47aecc56-7e95-480d-b89c-2c00d33b4782: start FollowerState
2019-10-18 08:20:24,049 [Thread-2405] INFO  impl.FollowerState (FollowerState.java:run(108)) - 47aecc56-7e95-480d-b89c-2c00d33b4782@group-5EC277DF3249-FollowerState: change to CANDIDATE, lastRpcTime:83ms, electionTimeout:83ms
2019-10-18 08:20:24,050 [Thread-2405] INFO  impl.RoleInfo (RoleInfo.java:shutdownFollowerState(121)) - 47aecc56-7e95-480d-b89c-2c00d33b4782: shutdown FollowerState
2019-10-18 08:20:24,050 [Thread-2405] INFO  impl.RaftServerImpl (RaftServerImpl.java:setRole(184)) - 47aecc56-7e95-480d-b89c-2c00d33b4782@group-5EC277DF3249: changes role from  FOLLOWER to CANDIDATE at term 280 for changeToCandidate
2019-10-18 08:20:24,050 [Thread-2405] INFO  impl.RoleInfo (RoleInfo.java:updateAndGet(143)) - 47aecc56-7e95-480d-b89c-2c00d33b4782: start LeaderElection
2019-10-18 08:20:24,076 [47aecc56-7e95-480d-b89c-2c00d33b4782@group-5EC277DF3249-LeaderElection264] INFO  impl.LeaderElection (LeaderElection.java:askForVotes(178)) - 47aecc56-7e95-480d-b89c-2c00d33b4782@group-5EC277DF3249-LeaderElection264: begin an election at term 281 for -1: [47aecc56-7e95-480d-b89c-2c00d33b4782:192.168.69.67:34550, 1bc296c6-def6-4ae4-8c62-5b4c951a28f1:192.168.69.67:37222, bc0382cc-50e2-4d58-b2de-e8b6250f3520:192.168.69.67:37666], old=null
2019-10-18 08:20:24,079 [grpc-default-executor-3] INFO  impl.RaftServerImpl (RaftServerImpl.java:setRole(184)) - bc0382cc-50e2-4d58-b2de-e8b6250f3520@group-5EC277DF3249: changes role from  FOLLOWER to FOLLOWER at term 281 for recognizeCandidate:47aecc56-7e95-480d-b89c-2c00d33b4782
2019-10-18 08:20:24,079 [grpc-default-executor-3] INFO  impl.RoleInfo (RoleInfo.java:shutdownFollowerState(121)) - bc0382cc-50e2-4d58-b2de-e8b6250f3520: shutdown FollowerState
2019-10-18 08:20:24,079 [grpc-default-executor-9] INFO  impl.RaftServerImpl (RaftServerImpl.java:setRole(184)) - 1bc296c6-def6-4ae4-8c62-5b4c951a28f1@group-5EC277DF3249: changes role from  FOLLOWER to FOLLOWER at term 281 for recognizeCandidate:47aecc56-7e95-480d-b89c-2c00d33b4782
2019-10-18 08:20:24,080 [grpc-default-executor-9] INFO  impl.RoleInfo (RoleInfo.java:shutdownFollowerState(121)) - 1bc296c6-def6-4ae4-8c62-5b4c951a28f1: shutdown FollowerState
2019-10-18 08:20:24,080 [Thread-2404] INFO  impl.FollowerState (FollowerState.java:run(117)) - bc0382cc-50e2-4d58-b2de-e8b6250f3520@group-5EC277DF3249-FollowerState was interrupted: java.lang.InterruptedException: sleep interrupted
2019-10-18 08:20:24,079 [grpc-default-executor-3] INFO  impl.RoleInfo (RoleInfo.java:updateAndGet(143)) - bc0382cc-50e2-4d58-b2de-e8b6250f3520: start FollowerState
2019-10-18 08:20:24,080 [Thread-2403] INFO  impl.FollowerState (FollowerState.java:run(117)) - 1bc296c6-def6-4ae4-8c62-5b4c951a28f1@group-5EC277DF3249-FollowerState was interrupted: java.lang.InterruptedException: sleep interrupted
2019-10-18 08:20:24,080 [grpc-default-executor-9] INFO  impl.RoleInfo (RoleInfo.java:updateAndGet(143)) - 1bc296c6-def6-4ae4-8c62-5b4c951a28f1: start FollowerState
2019-10-18 08:20:24,094 [47aecc56-7e95-480d-b89c-2c00d33b4782@group-5EC277DF3249-LeaderElection264] INFO  impl.LeaderElection (LeaderElection.java:logAndReturn(56)) - 47aecc56-7e95-480d-b89c-2c00d33b4782@group-5EC277DF3249-LeaderElection264: Election REJECTED; received 2 response(s) [47aecc56-7e95-480d-b89c-2c00d33b4782<-1bc296c6-def6-4ae4-8c62-5b4c951a28f1#0:FAIL-t281, 47aecc56-7e95-480d-b89c-2c00d33b4782<-bc0382cc-50e2-4d58-b2de-e8b6250f3520#0:FAIL-t281] and 0 exception(s); 47aecc56-7e95-480d-b89c-2c00d33b4782@group-5EC277DF3249:t281, leader=null, voted=47aecc56-7e95-480d-b89c-2c00d33b4782, raftlog=47aecc56-7e95-480d-b89c-2c00d33b4782@group-5EC277DF3249-SegmentedRaftLog:OPENED:c-1,f-1,i0, conf=-1: [47aecc56-7e95-480d-b89c-2c00d33b4782:192.168.69.67:34550, 1bc296c6-def6-4ae4-8c62-5b4c951a28f1:192.168.69.67:37222, bc0382cc-50e2-4d58-b2de-e8b6250f3520:192.168.69.67:37666], old=null
2019-10-18 08:20:24,095 [47aecc56-7e95-480d-b89c-2c00d33b4782@group-5EC277DF3249-LeaderElection264] INFO  impl.RaftServerImpl (RaftServerImpl.java:setRole(184)) - 47aecc56-7e95-480d-b89c-2c00d33b4782@group-5EC277DF3249: changes role from CANDIDATE to FOLLOWER at term 281 for DISCOVERED_A_NEW_TERM
2019-10-18 08:20:24,095 [47aecc56-7e95-480d-b89c-2c00d33b4782@group-5EC277DF3249-LeaderElection264] INFO  impl.RoleInfo (RoleInfo.java:shutdownLeaderElection(134)) - 47aecc56-7e95-480d-b89c-2c00d33b4782: shutdown LeaderElection
2019-10-18 08:20:24,095 [47aecc56-7e95-480d-b89c-2c00d33b4782@group-5EC277DF3249-LeaderElection264] INFO  impl.RoleInfo (RoleInfo.java:updateAndGet(143)) - 47aecc56-7e95-480d-b89c-2c00d33b4782: start FollowerState
 0.00% |?                                                                                                    |  0/1 Time: 0:04:322019-10-18 08:20:24,274 [Thread-2411] INFO  impl.FollowerState (FollowerState.java:run(108)) - 47aecc56-7e95-480d-b89c-2c00d33b4782@group-5EC277DF3249-FollowerState: change to CANDIDATE, lastRpcTime:179ms, electionTimeout:179ms
2019-10-18 08:20:24,274 [Thread-2411] INFO  impl.RoleInfo (RoleInfo.java:shutdownFollowerState(121)) - 47aecc56-7e95-480d-b89c-2c00d33b4782: shutdown FollowerState
2019-10-18 08:20:24,275 [Thread-2411] INFO  impl.RaftServerImpl (RaftServerImpl.java:setRole(184)) - 47aecc56-7e95-480d-b89c-2c00d33b4782@group-5EC277DF3249: changes role from  FOLLOWER to CANDIDATE at term 281 for changeToCandidate
2019-10-18 08:20:24,275 [Thread-2411] INFO  impl.RoleInfo (RoleInfo.java:updateAndGet(143)) - 47aecc56-7e95-480d-b89c-2c00d33b4782: start LeaderElection
2019-10-18 08:20:24,289 [47aecc56-7e95-480d-b89c-2c00d33b4782@group-5EC277DF3249-LeaderElection265] INFO  impl.LeaderElection (LeaderElection.java:askForVotes(178)) - 47aecc56-7e95-480d-b89c-2c00d33b4782@group-5EC277DF3249-LeaderElection265: begin an election at term 282 for -1: [47aecc56-7e95-480d-b89c-2c00d33b4782:192.168.69.67:34550, 1bc296c6-def6-4ae4-8c62-5b4c951a28f1:192.168.69.67:37222, bc0382cc-50e2-4d58-b2de-e8b6250f3520:192.168.69.67:37666], old=null
2019-10-18 08:20:24,291 [grpc-default-executor-3] INFO  impl.RaftServerImpl (RaftServerImpl.java:setRole(184)) - 1bc296c6-def6-4ae4-8c62-5b4c951a28f1@group-5EC277DF3249: changes role from  FOLLOWER to FOLLOWER at term 282 for recognizeCandidate:47aecc56-7e95-480d-b89c-2c00d33b4782
2019-10-18 08:20:24,291 [grpc-default-executor-3] INFO  impl.RoleInfo (RoleInfo.java:shutdownFollowerState(121)) - 1bc296c6-def6-4ae4-8c62-5b4c951a28f1: shutdown FollowerState
2019-10-18 08:20:24,291 [grpc-default-executor-3] INFO  impl.RoleInfo (RoleInfo.java:updateAndGet(143)) - 1bc296c6-def6-4ae4-8c62-5b4c951a28f1: start FollowerState
2019-10-18 08:20:24,291 [Thread-2410] INFO  impl.FollowerState (FollowerState.java:run(117)) - 1bc296c6-def6-4ae4-8c62-5b4c951a28f1@group-5EC277DF3249-FollowerState was interrupted: java.lang.InterruptedException: sleep interrupted
2019-10-18 08:20:24,291 [grpc-default-executor-9] INFO  impl.RaftServerImpl (RaftServerImpl.java:setRole(184)) - bc0382cc-50e2-4d58-b2de-e8b6250f3520@group-5EC277DF3249: changes role from  FOLLOWER to FOLLOWER at term 282 for recognizeCandidate:47aecc56-7e95-480d-b89c-2c00d33b4782
2019-10-18 08:20:24,292 [grpc-default-executor-9] INFO  impl.RoleInfo (RoleInfo.java:shutdownFollowerState(121)) - bc0382cc-50e2-4d58-b2de-e8b6250f3520: shutdown FollowerState
2019-10-18 08:20:24,292 [grpc-default-executor-9] INFO  impl.RoleInfo (RoleInfo.java:updateAndGet(143)) - bc0382cc-50e2-4d58-b2de-e8b6250f3520: start FollowerState
2019-10-18 08:20:24,292 [Thread-2409] INFO  impl.FollowerState (FollowerState.java:run(117)) - bc0382cc-50e2-4d58-b2de-e8b6250f3520@group-5EC277DF3249-FollowerState was interrupted: java.lang.InterruptedException: sleep interrupted
2019-10-18 08:20:24,295 [47aecc56-7e95-480d-b89c-2c00d33b4782@group-5EC277DF3249-LeaderElection265] INFO  impl.LeaderElection (LeaderElection.java:logAndReturn(56)) - 47aecc56-7e95-480d-b89c-2c00d33b4782@group-5EC277DF3249-LeaderElection265: Election TIMEOUT; received 0 response(s) [] and 0 exception(s); 47aecc56-7e95-480d-b89c-2c00d33b4782@group-5EC277DF3249:t282, leader=null, voted=47aecc56-7e95-480d-b89c-2c00d33b4782, raftlog=47aecc56-7e95-480d-b89c-2c00d33b4782@group-5EC277DF3249-SegmentedRaftLog:OPENED:c-1,f-1,i0, conf=-1: [47aecc56-7e95-480d-b89c-2c00d33b4782:192.168.69.67:34550, 1bc296c6-def6-4ae4-8c62-5b4c951a28f1:192.168.69.67:37222, bc0382cc-50e2-4d58-b2de-e8b6250f3520:192.168.69.67:37666], old=null
2019-10-18 08:20:24,305 [47aecc56-7e95-480d-b89c-2c00d33b4782@group-5EC277DF3249-LeaderElection265] INFO  impl.LeaderElection (LeaderElection.java:askForVotes(178)) - 47aecc56-7e95-480d-b89c-2c00d33b4782@group-5EC277DF3249-LeaderElection265: begin an election at term 283 for -1: [47aecc56-7e95-480d-b89c-2c00d33b4782:192.168.69.67:34550, 1bc296c6-def6-4ae4-8c62-5b4c951a28f1:192.168.69.67:37222, bc0382cc-50e2-4d58-b2de-e8b6250f3520:192.168.69.67:37666], old=null
2019-10-18 08:20:24,307 [grpc-default-executor-3] INFO  impl.RaftServerImpl (RaftServerImpl.java:setRole(184)) - 1bc296c6-def6-4ae4-8c62-5b4c951a28f1@group-5EC277DF3249: changes role from  FOLLOWER to FOLLOWER at term 283 for recognizeCandidate:47aecc56-7e95-480d-b89c-2c00d33b4782
2019-10-18 08:20:24,307 [grpc-default-executor-3] INFO  impl.RoleInfo (RoleInfo.java:shutdownFollowerState(121)) - 1bc296c6-def6-4ae4-8c62-5b4c951a28f1: shutdown FollowerState
2019-10-18 08:20:24,307 [grpc-default-executor-9] INFO  impl.RaftServerImpl (RaftServerImpl.java:setRole(184)) - bc0382cc-50e2-4d58-b2de-e8b6250f3520@group-5EC277DF3249: changes role from  FOLLOWER to FOLLOWER at term 283 for recognizeCandidate:47aecc56-7e95-480d-b89c-2c00d33b4782
2019-10-18 08:20:24,307 [Thread-2415] INFO  impl.FollowerState (FollowerState.java:run(117)) - 1bc296c6-def6-4ae4-8c62-5b4c951a28f1@group-5EC277DF3249-FollowerState was interrupted: java.lang.InterruptedException: sleep interrupted
2019-10-18 08:20:24,307 [grpc-default-executor-3] INFO  impl.RoleInfo (RoleInfo.java:updateAndGet(143)) - 1bc296c6-def6-4ae4-8c62-5b4c951a28f1: start FollowerState
2019-10-18 08:20:24,307 [grpc-default-executor-9] INFO  impl.RoleInfo (RoleInfo.java:shutdownFollowerState(121)) - bc0382cc-50e2-4d58-b2de-e8b6250f3520: shutdown FollowerState
2019-10-18 08:20:24,308 [grpc-default-executor-9] INFO  impl.RoleInfo (RoleInfo.java:updateAndGet(143)) - bc0382cc-50e2-4d58-b2de-e8b6250f3520: start FollowerState
2019-10-18 08:20:24,308 [Thread-2416] INFO  impl.FollowerState (FollowerState.java:run(117)) - bc0382cc-50e2-4d58-b2de-e8b6250f3520@group-5EC277DF3249-FollowerState was interrupted: java.lang.InterruptedException: sleep interrupted
2019-10-18 08:20:24,312 [47aecc56-7e95-480d-b89c-2c00d33b4782@group-5EC277DF3249-LeaderElection265] INFO  impl.LeaderElection (LeaderElection.java:logAndReturn(56)) - 47aecc56-7e95-480d-b89c-2c00d33b4782@group-5EC277DF3249-LeaderElection265: Election TIMEOUT; received 0 response(s) [] and 0 exception(s); 47aecc56-7e95-480d-b89c-2c00d33b4782@group-5EC277DF3249:t283, leader=null, voted=47aecc56-7e95-480d-b89c-2c00d33b4782, raftlog=47aecc56-7e95-480d-b89c-2c00d33b4782@group-5EC277DF3249-SegmentedRaftLog:OPENED:c-1,f-1,i0, conf=-1: [47aecc56-7e95-480d-b89c-2c00d33b4782:192.168.69.67:34550, 1bc296c6-def6-4ae4-8c62-5b4c951a28f1:192.168.69.67:37222, bc0382cc-50e2-4d58-b2de-e8b6250f3520:192.168.69.67:37666], old=null
2019-10-18 08:20:24,321 [47aecc56-7e95-480d-b89c-2c00d33b4782@group-5EC277DF3249-LeaderElection265] INFO  impl.LeaderElection (LeaderElection.java:askForVotes(178)) - 47aecc56-7e95-480d-b89c-2c00d33b4782@group-5EC277DF3249-LeaderElection265: begin an election at term 284 for -1: [47aecc56-7e95-480d-b89c-2c00d33b4782:192.168.69.67:34550, 1bc296c6-def6-4ae4-8c62-5b4c951a28f1:192.168.69.67:37222, bc0382cc-50e2-4d58-b2de-e8b6250f3520:192.168.69.67:37666], old=null
2019-10-18 08:20:24,322 [grpc-default-executor-3] INFO  impl.RaftServerImpl (RaftServerImpl.java:setRole(184)) - 1bc296c6-def6-4ae4-8c62-5b4c951a28f1@group-5EC277DF3249: changes role from  FOLLOWER to FOLLOWER at term 284 for recognizeCandidate:47aecc56-7e95-480d-b89c-2c00d33b4782
2019-10-18 08:20:24,322 [grpc-default-executor-3] INFO  impl.RoleInfo (RoleInfo.java:shutdownFollowerState(121)) - 1bc296c6-def6-4ae4-8c62-5b4c951a28f1: shutdown FollowerState
2019-10-18 08:20:24,322 [grpc-default-executor-3] INFO  impl.RoleInfo (RoleInfo.java:updateAndGet(143)) - 1bc296c6-def6-4ae4-8c62-5b4c951a28f1: start FollowerState
2019-10-18 08:20:24,323 [Thread-2419] INFO  impl.FollowerState (FollowerState.java:run(117)) - 1bc296c6-def6-4ae4-8c62-5b4c951a28f1@group-5EC277DF3249-FollowerState was interrupted: java.lang.InterruptedException: sleep interrupted
2019-10-18 08:20:24,323 [grpc-default-executor-9] INFO  impl.RaftServerImpl (RaftServerImpl.java:setRole(184)) - bc0382cc-50e2-4d58-b2de-e8b6250f3520@group-5EC277DF3249: changes role from  FOLLOWER to FOLLOWER at term 284 for recognizeCandidate:47aecc56-7e95-480d-b89c-2c00d33b4782
2019-10-18 08:20:24,323 [grpc-default-executor-9] INFO  impl.RoleInfo (RoleInfo.java:shutdownFollowerState(121)) - bc0382cc-50e2-4d58-b2de-e8b6250f3520: shutdown FollowerState
2019-10-18 08:20:24,323 [grpc-default-executor-9] INFO  impl.RoleInfo (RoleInfo.java:updateAndGet(143)) - bc0382cc-50e2-4d58-b2de-e8b6250f3520: start FollowerState
2019-10-18 08:20:24,323 [Thread-2420] INFO  impl.FollowerState (FollowerState.java:run(117)) - bc0382cc-50e2-4d58-b2de-e8b6250f3520@group-5EC277DF3249-FollowerState was interrupted: java.lang.InterruptedException: sleep interrupted
2019-10-18 08:20:24,337 [47aecc56-7e95-480d-b89c-2c00d33b4782@group-5EC277DF3249-LeaderElection265] INFO  impl.LeaderElection (LeaderElection.java:logAndReturn(56)) - 47aecc56-7e95-480d-b89c-2c00d33b4782@group-5EC277DF3249-LeaderElection265: Election REJECTED; received 2 response(s) [47aecc56-7e95-480d-b89c-2c00d33b4782<-1bc296c6-def6-4ae4-8c62-5b4c951a28f1#0:FAIL-t284, 47aecc56-7e95-480d-b89c-2c00d33b4782<-bc0382cc-50e2-4d58-b2de-e8b6250f3520#0:FAIL-t284] and 0 exception(s); 47aecc56-7e95-480d-b89c-2c00d33b4782@group-5EC277DF3249:t284, leader=null, voted=47aecc56-7e95-480d-b89c-2c00d33b4782, raftlog=47aecc56-7e95-480d-b89c-2c00d33b4782@group-5EC277DF3249-SegmentedRaftLog:OPENED:c-1,f-1,i0, conf=-1: [47aecc56-7e95-480d-b89c-2c00d33b4782:192.168.69.67:34550, 1bc296c6-def6-4ae4-8c62-5b4c951a28f1:192.168.69.67:37222, bc0382cc-50e2-4d58-b2de-e8b6250f3520:192.168.69.67:37666], old=null
2019-10-18 08:20:24,337 [47aecc56-7e95-480d-b89c-2c00d33b4782@group-5EC277DF3249-LeaderElection265] INFO  impl.RaftServerImpl (RaftServerImpl.java:setRole(184)) - 47aecc56-7e95-480d-b89c-2c00d33b4782@group-5EC277DF3249: changes role from CANDIDATE to FOLLOWER at term 284 for DISCOVERED_A_NEW_TERM
2019-10-18 08:20:24,337 [47aecc56-7e95-480d-b89c-2c00d33b4782@group-5EC277DF3249-LeaderElection265] INFO  impl.RoleInfo (RoleInfo.java:shutdownLeaderElection(134)) - 47aecc56-7e95-480d-b89c-2c00d33b4782: shutdown LeaderElection
2019-10-18 08:20:24,337 [47aecc56-7e95-480d-b89c-2c00d33b4782@group-5EC277DF3249-LeaderElection265] INFO  impl.RoleInfo (RoleInfo.java:updateAndGet(143)) - 47aecc56-7e95-480d-b89c-2c00d33b4782: start FollowerState
2019-10-18 08:20:24,385 [Thread-2425] INFO  impl.FollowerState (FollowerState.java:run(108)) - 47aecc56-7e95-480d-b89c-2c00d33b4782@group-5EC277DF3249-FollowerState: change to CANDIDATE, lastRpcTime:47ms, electionTimeout:47ms
2019-10-18 08:20:24,385 [Thread-2425] INFO  impl.RoleInfo (RoleInfo.java:shutdownFollowerState(121)) - 47aecc56-7e95-480d-b89c-2c00d33b4782: shutdown FollowerState
2019-10-18 08:20:24,385 [Thread-2425] INFO  impl.RaftServerImpl (RaftServerImpl.java:setRole(184)) - 47aecc56-7e95-480d-b89c-2c00d33b4782@group-5EC277DF3249: changes role from  FOLLOWER to CANDIDATE at term 284 for changeToCandidate
2019-10-18 08:20:24,385 [Thread-2425] INFO  impl.RoleInfo (RoleInfo.java:updateAndGet(143)) - 47aecc56-7e95-480d-b89c-2c00d33b4782: start LeaderElection
2019-10-18 08:20:24,398 [47aecc56-7e95-480d-b89c-2c00d33b4782@group-5EC277DF3249-LeaderElection266] INFO  impl.LeaderElection (LeaderElection.java:askForVotes(178)) - 47aecc56-7e95-480d-b89c-2c00d33b4782@group-5EC277DF3249-LeaderElection266: begin an election at term 285 for -1: [47aecc56-7e95-480d-b89c-2c00d33b4782:192.168.69.67:34550, 1bc296c6-def6-4ae4-8c62-5b4c951a28f1:192.168.69.67:37222, bc0382cc-50e2-4d58-b2de-e8b6250f3520:192.168.69.67:37666], old=null
2019-10-18 08:20:24,400 [grpc-default-executor-3] INFO  impl.RaftServerImpl (RaftServerImpl.java:setRole(184)) - bc0382cc-50e2-4d58-b2de-e8b6250f3520@group-5EC277DF3249: changes role from  FOLLOWER to FOLLOWER at term 285 for recognizeCandidate:47aecc56-7e95-480d-b89c-2c00d33b4782
2019-10-18 08:20:24,401 [grpc-default-executor-9] INFO  impl.RaftServerImpl (RaftServerImpl.java:setRole(184)) - 1bc296c6-def6-4ae4-8c62-5b4c951a28f1@group-5EC277DF3249: changes role from  FOLLOWER to FOLLOWER at term 285 for recognizeCandidate:47aecc56-7e95-480d-b89c-2c00d33b4782
2019-10-18 08:20:24,401 [grpc-default-executor-9] INFO  impl.RoleInfo (RoleInfo.java:shutdownFollowerState(121)) - 1bc296c6-def6-4ae4-8c62-5b4c951a28f1: shutdown FollowerState
2019-10-18 08:20:24,401 [grpc-default-executor-3] INFO  impl.RoleInfo (RoleInfo.java:shutdownFollowerState(121)) - bc0382cc-50e2-4d58-b2de-e8b6250f3520: shutdown FollowerState
2019-10-18 08:20:24,401 [Thread-2423] INFO  impl.FollowerState (FollowerState.java:run(117)) - 1bc296c6-def6-4ae4-8c62-5b4c951a28f1@group-5EC277DF3249-FollowerState was interrupted: java.lang.InterruptedException: sleep interrupted
2019-10-18 08:20:24,401 [grpc-default-executor-9] INFO  impl.RoleInfo (RoleInfo.java:updateAndGet(143)) - 1bc296c6-def6-4ae4-8c62-5b4c951a28f1: start FollowerState
2019-10-18 08:20:24,401 [grpc-default-executor-3] INFO  impl.RoleInfo (RoleInfo.java:updateAndGet(143)) - bc0382cc-50e2-4d58-b2de-e8b6250f3520: start FollowerState
2019-10-18 08:20:24,401 [Thread-2424] INFO  impl.FollowerState (FollowerState.java:run(117)) - bc0382cc-50e2-4d58-b2de-e8b6250f3520@group-5EC277DF3249-FollowerState was interrupted: java.lang.InterruptedException: sleep interrupted
2019-10-18 08:20:24,415 [47aecc56-7e95-480d-b89c-2c00d33b4782@group-5EC277DF3249-LeaderElection266] INFO  impl.LeaderElection (LeaderElection.java:logAndReturn(56)) - 47aecc56-7e95-480d-b89c-2c00d33b4782@group-5EC277DF3249-LeaderElection266: Election REJECTED; received 2 response(s) [47aecc56-7e95-480d-b89c-2c00d33b4782<-1bc296c6-def6-4ae4-8c62-5b4c951a28f1#0:FAIL-t285, 47aecc56-7e95-480d-b89c-2c00d33b4782<-bc0382cc-50e2-4d58-b2de-e8b6250f3520#0:FAIL-t285] and 0 exception(s); 47aecc56-7e95-480d-b89c-2c00d33b4782@group-5EC277DF3249:t285, leader=null, voted=47aecc56-7e95-480d-b89c-2c00d33b4782, raftlog=47aecc56-7e95-480d-b89c-2c00d33b4782@group-5EC277DF3249-SegmentedRaftLog:OPENED:c-1,f-1,i0, conf=-1: [47aecc56-7e95-480d-b89c-2c00d33b4782:192.168.69.67:34550, 1bc296c6-def6-4ae4-8c62-5b4c951a28f1:192.168.69.67:37222, bc0382cc-50e2-4d58-b2de-e8b6250f3520:192.168.69.67:37666], old=null
2019-10-18 08:20:24,416 [47aecc56-7e95-480d-b89c-2c00d33b4782@group-5EC277DF3249-LeaderElection266] INFO  impl.RaftServerImpl (RaftServerImpl.java:setRole(184)) - 47aecc56-7e95-480d-b89c-2c00d33b4782@group-5EC277DF3249: changes role from CANDIDATE to FOLLOWER at term 285 for DISCOVERED_A_NEW_TERM
2019-10-18 08:20:24,416 [47aecc56-7e95-480d-b89c-2c00d33b4782@group-5EC277DF3249-LeaderElection266] INFO  impl.RoleInfo (RoleInfo.java:shutdownLeaderElection(134)) - 47aecc56-7e95-480d-b89c-2c00d33b4782: shutdown LeaderElection
2019-10-18 08:20:24,416 [47aecc56-7e95-480d-b89c-2c00d33b4782@group-5EC277DF3249-LeaderElection266] INFO  impl.RoleInfo (RoleInfo.java:updateAndGet(143)) - 47aecc56-7e95-480d-b89c-2c00d33b4782: start FollowerState
2019-10-18 08:20:24,610 [Thread-2431] INFO  impl.FollowerState (FollowerState.java:run(108)) - 47aecc56-7e95-480d-b89c-2c00d33b4782@group-5EC277DF3249-FollowerState: change to CANDIDATE, lastRpcTime:194ms, electionTimeout:194ms
2019-10-18 08:20:24,610 [Thread-2431] INFO  impl.RoleInfo (RoleInfo.java:shutdownFollowerState(121)) - 47aecc56-7e95-480d-b89c-2c00d33b4782: shutdown FollowerState
2019-10-18 08:20:24,610 [Thread-2431] INFO  impl.RaftServerImpl (RaftServerImpl.java:setRole(184)) - 47aecc56-7e95-480d-b89c-2c00d33b4782@group-5EC277DF3249: changes role from  FOLLOWER to CANDIDATE at term 285 for changeToCandidate
2019-10-18 08:20:24,611 [Thread-2431] INFO  impl.RoleInfo (RoleInfo.java:updateAndGet(143)) - 47aecc56-7e95-480d-b89c-2c00d33b4782: start LeaderElection
2019-10-18 08:20:24,626 [47aecc56-7e95-480d-b89c-2c00d33b4782@group-5EC277DF3249-LeaderElection267] INFO  impl.LeaderElection (LeaderElection.java:askForVotes(178)) - 47aecc56-7e95-480d-b89c-2c00d33b4782@group-5EC277DF3249-LeaderElection267: begin an election at term 286 for -1: [47aecc56-7e95-480d-b89c-2c00d33b4782:192.168.69.67:34550, 1bc296c6-def6-4ae4-8c62-5b4c951a28f1:192.168.69.67:37222, bc0382cc-50e2-4d58-b2de-e8b6250f3520:192.168.69.67:37666], old=null
2019-10-18 08:20:24,629 [grpc-default-executor-9] INFO  impl.RaftServerImpl (RaftServerImpl.java:setRole(184)) - 1bc296c6-def6-4ae4-8c62-5b4c951a28f1@group-5EC277DF3249: changes role from  FOLLOWER to FOLLOWER at term 286 for recognizeCandidate:47aecc56-7e95-480d-b89c-2c00d33b4782
2019-10-18 08:20:24,629 [grpc-default-executor-3] INFO  impl.RaftServerImpl (RaftServerImpl.java:setRole(184)) - bc0382cc-50e2-4d58-b2de-e8b6250f3520@group-5EC277DF3249: changes role from  FOLLOWER to FOLLOWER at term 286 for recognizeCandidate:47aecc56-7e95-480d-b89c-2c00d33b4782
2019-10-18 08:20:24,629 [grpc-default-executor-9] INFO  impl.RoleInfo (RoleInfo.java:shutdownFollowerState(121)) - 1bc296c6-def6-4ae4-8c62-5b4c951a28f1: shutdown FollowerState
2019-10-18 08:20:24,629 [grpc-default-executor-3] INFO  impl.RoleInfo (RoleInfo.java:shutdownFollowerState(121)) - bc0382cc-50e2-4d58-b2de-e8b6250f3520: shutdown FollowerState
2019-10-18 08:20:24,629 [grpc-default-executor-9] INFO  impl.RoleInfo (RoleInfo.java:updateAndGet(143)) - 1bc296c6-def6-4ae4-8c62-5b4c951a28f1: start FollowerState
2019-10-18 08:20:24,629 [Thread-2429] INFO  impl.FollowerState (FollowerState.java:run(117)) - 1bc296c6-def6-4ae4-8c62-5b4c951a28f1@group-5EC277DF3249-FollowerState was interrupted: java.lang.InterruptedException: sleep interrupted
2019-10-18 08:20:24,629 [grpc-default-executor-3] INFO  impl.RoleInfo (RoleInfo.java:updateAndGet(143)) - bc0382cc-50e2-4d58-b2de-e8b6250f3520: start FollowerState
2019-10-18 08:20:24,629 [Thread-2430] INFO  impl.FollowerState (FollowerState.java:run(117)) - bc0382cc-50e2-4d58-b2de-e8b6250f3520@group-5EC277DF3249-FollowerState was interrupted: java.lang.InterruptedException: sleep interrupted
2019-10-18 08:20:24,644 [47aecc56-7e95-480d-b89c-2c00d33b4782@group-5EC277DF3249-LeaderElection267] INFO  impl.LeaderElection (LeaderElection.java:logAndReturn(56)) - 47aecc56-7e95-480d-b89c-2c00d33b4782@group-5EC277DF3249-LeaderElection267: Election REJECTED; received 2 response(s) [47aecc56-7e95-480d-b89c-2c00d33b4782<-1bc296c6-def6-4ae4-8c62-5b4c951a28f1#0:FAIL-t286, 47aecc56-7e95-480d-b89c-2c00d33b4782<-bc0382cc-50e2-4d58-b2de-e8b6250f3520#0:FAIL-t286] and 0 exception(s); 47aecc56-7e95-480d-b89c-2c00d33b4782@group-5EC277DF3249:t286, leader=null, voted=47aecc56-7e95-480d-b89c-2c00d33b4782, raftlog=47aecc56-7e95-480d-b89c-2c00d33b4782@group-5EC277DF3249-SegmentedRaftLog:OPENED:c-1,f-1,i0, conf=-1: [47aecc56-7e95-480d-b89c-2c00d33b4782:192.168.69.67:34550, 1bc296c6-def6-4ae4-8c62-5b4c951a28f1:192.168.69.67:37222, bc0382cc-50e2-4d58-b2de-e8b6250f3520:192.168.69.67:37666], old=null
2019-10-18 08:20:24,644 [47aecc56-7e95-480d-b89c-2c00d33b4782@group-5EC277DF3249-LeaderElection267] INFO  impl.RaftServerImpl (RaftServerImpl.java:setRole(184)) - 47aecc56-7e95-480d-b89c-2c00d33b4782@group-5EC277DF3249: changes role from CANDIDATE to FOLLOWER at term 286 for DISCOVERED_A_NEW_TERM
2019-10-18 08:20:24,644 [47aecc56-7e95-480d-b89c-2c00d33b4782@group-5EC277DF3249-LeaderElection267] INFO  impl.RoleInfo (RoleInfo.java:shutdownLeaderElection(134)) - 47aecc56-7e95-480d-b89c-2c00d33b4782: shutdown LeaderElection
2019-10-18 08:20:24,644 [47aecc56-7e95-480d-b89c-2c00d33b4782@group-5EC277DF3249-LeaderElection267] INFO  impl.RoleInfo (RoleInfo.java:updateAndGet(143)) - 47aecc56-7e95-480d-b89c-2c00d33b4782: start FollowerState
2019-10-18 08:20:24,692 [Thread-2437] INFO  impl.FollowerState (FollowerState.java:run(108)) - 47aecc56-7e95-480d-b89c-2c00d33b4782@group-5EC277DF3249-FollowerState: change to CANDIDATE, lastRpcTime:48ms, electionTimeout:48ms
2019-10-18 08:20:24,692 [Thread-2437] INFO  impl.RoleInfo (RoleInfo.java:shutdownFollowerState(121)) - 47aecc56-7e95-480d-b89c-2c00d33b4782: shutdown FollowerState
2019-10-18 08:20:24,692 [Thread-2437] INFO  impl.RaftServerImpl (RaftServerImpl.java:setRole(184)) - 47aecc56-7e95-480d-b89c-2c00d33b4782@group-5EC277DF3249: changes role from  FOLLOWER to CANDIDATE at term 286 for changeToCandidate
2019-10-18 08:20:24,693 [Thread-2437] INFO  impl.RoleInfo (RoleInfo.java:updateAndGet(143)) - 47aecc56-7e95-480d-b89c-2c00d33b4782: start LeaderElection
2019-10-18 08:20:24,706 [47aecc56-7e95-480d-b89c-2c00d33b4782@group-5EC277DF3249-LeaderElection268] INFO  impl.LeaderElection (LeaderElection.java:askForVotes(178)) - 47aecc56-7e95-480d-b89c-2c00d33b4782@group-5EC277DF3249-LeaderElection268: begin an election at term 287 for -1: [47aecc56-7e95-480d-b89c-2c00d33b4782:192.168.69.67:34550, 1bc296c6-def6-4ae4-8c62-5b4c951a28f1:192.168.69.67:37222, bc0382cc-50e2-4d58-b2de-e8b6250f3520:192.168.69.67:37666], old=null
2019-10-18 08:20:24,708 [grpc-default-executor-3] INFO  impl.RaftServerImpl (RaftServerImpl.java:setRole(184)) - bc0382cc-50e2-4d58-b2de-e8b6250f3520@group-5EC277DF3249: changes role from  FOLLOWER to FOLLOWER at term 287 for recognizeCandidate:47aecc56-7e95-480d-b89c-2c00d33b4782
2019-10-18 08:20:24,708 [grpc-default-executor-3] INFO  impl.RoleInfo (RoleInfo.java:shutdownFollowerState(121)) - bc0382cc-50e2-4d58-b2de-e8b6250f3520: shutdown FollowerState
2019-10-18 08:20:24,708 [grpc-default-executor-3] INFO  impl.RoleInfo (RoleInfo.java:updateAndGet(143)) - bc0382cc-50e2-4d58-b2de-e8b6250f3520: start FollowerState
2019-10-18 08:20:24,708 [grpc-default-executor-9] INFO  impl.RaftServerImpl (RaftServerImpl.java:setRole(184)) - 1bc296c6-def6-4ae4-8c62-5b4c951a28f1@group-5EC277DF3249: changes role from  FOLLOWER to FOLLOWER at term 287 for recognizeCandidate:47aecc56-7e95-480d-b89c-2c00d33b4782
2019-10-18 08:20:24,708 [Thread-2436] INFO  impl.FollowerState (FollowerState.java:run(117)) - bc0382cc-50e2-4d58-b2de-e8b6250f3520@group-5EC277DF3249-FollowerState was interrupted: java.lang.InterruptedException: sleep interrupted
2019-10-18 08:20:24,709 [grpc-default-executor-9] INFO  impl.RoleInfo (RoleInfo.java:shutdownFollowerState(121)) - 1bc296c6-def6-4ae4-8c62-5b4c951a28f1: shutdown FollowerState
2019-10-18 08:20:24,709 [grpc-default-executor-9] INFO  impl.RoleInfo (RoleInfo.java:updateAndGet(143)) - 1bc296c6-def6-4ae4-8c62-5b4c951a28f1: start FollowerState
2019-10-18 08:20:24,709 [Thread-2435] INFO  impl.FollowerState (FollowerState.java:run(117)) - 1bc296c6-def6-4ae4-8c62-5b4c951a28f1@group-5EC277DF3249-FollowerState was interrupted: java.lang.InterruptedException: sleep interrupted
2019-10-18 08:20:24,722 [47aecc56-7e95-480d-b89c-2c00d33b4782@group-5EC277DF3249-LeaderElection268] INFO  impl.LeaderElection (LeaderElection.java:logAndReturn(56)) - 47aecc56-7e95-480d-b89c-2c00d33b4782@group-5EC277DF3249-LeaderElection268: Election REJECTED; received 2 response(s) [47aecc56-7e95-480d-b89c-2c00d33b4782<-1bc296c6-def6-4ae4-8c62-5b4c951a28f1#0:FAIL-t287, 47aecc56-7e95-480d-b89c-2c00d33b4782<-bc0382cc-50e2-4d58-b2de-e8b6250f3520#0:FAIL-t287] and 0 exception(s); 47aecc56-7e95-480d-b89c-2c00d33b4782@group-5EC277DF3249:t287, leader=null, voted=47aecc56-7e95-480d-b89c-2c00d33b4782, raftlog=47aecc56-7e95-480d-b89c-2c00d33b4782@group-5EC277DF3249-SegmentedRaftLog:OPENED:c-1,f-1,i0, conf=-1: [47aecc56-7e95-480d-b89c-2c00d33b4782:192.168.69.67:34550, 1bc296c6-def6-4ae4-8c62-5b4c951a28f1:192.168.69.67:37222, bc0382cc-50e2-4d58-b2de-e8b6250f3520:192.168.69.67:37666], old=null
2019-10-18 08:20:24,723 [47aecc56-7e95-480d-b89c-2c00d33b4782@group-5EC277DF3249-LeaderElection268] INFO  impl.RaftServerImpl (RaftServerImpl.java:setRole(184)) - 47aecc56-7e95-480d-b89c-2c00d33b4782@group-5EC277DF3249: changes role from CANDIDATE to FOLLOWER at term 287 for DISCOVERED_A_NEW_TERM
2019-10-18 08:20:24,723 [47aecc56-7e95-480d-b89c-2c00d33b4782@group-5EC277DF3249-LeaderElection268] INFO  impl.RoleInfo (RoleInfo.java:shutdownLeaderElection(134)) - 47aecc56-7e95-480d-b89c-2c00d33b4782: shutdown LeaderElection
2019-10-18 08:20:24,723 [47aecc56-7e95-480d-b89c-2c00d33b4782@group-5EC277DF3249-LeaderElection268] INFO  impl.RoleInfo (RoleInfo.java:updateAndGet(143)) - 47aecc56-7e95-480d-b89c-2c00d33b4782: start FollowerState
2019-10-18 08:20:24,823 [Thread-2443] INFO  impl.FollowerState (FollowerState.java:run(108)) - 47aecc56-7e95-480d-b89c-2c00d33b4782@group-5EC277DF3249-FollowerState: change to CANDIDATE, lastRpcTime:100ms, electionTimeout:100ms
2019-10-18 08:20:24,823 [Thread-2443] INFO  impl.RoleInfo (RoleInfo.java:shutdownFollowerState(121)) - 47aecc56-7e95-480d-b89c-2c00d33b4782: shutdown FollowerState
2019-10-18 08:20:24,824 [Thread-2443] INFO  impl.RaftServerImpl (RaftServerImpl.java:setRole(184)) - 47aecc56-7e95-480d-b89c-2c00d33b4782@group-5EC277DF3249: changes role from  FOLLOWER to CANDIDATE at term 287 for changeToCandidate
2019-10-18 08:20:24,824 [Thread-2443] INFO  impl.RoleInfo (RoleInfo.java:updateAndGet(143)) - 47aecc56-7e95-480d-b89c-2c00d33b4782: start LeaderElection
2019-10-18 08:20:24,834 [47aecc56-7e95-480d-b89c-2c00d33b4782@group-5EC277DF3249-LeaderElection269] INFO  impl.LeaderElection (LeaderElection.java:askForVotes(178)) - 47aecc56-7e95-480d-b89c-2c00d33b4782@group-5EC277DF3249-LeaderElection269: begin an election at term 288 for -1: [47aecc56-7e95-480d-b89c-2c00d33b4782:192.168.69.67:34550, 1bc296c6-def6-4ae4-8c62-5b4c951a28f1:192.168.69.67:37222, bc0382cc-50e2-4d58-b2de-e8b6250f3520:192.168.69.67:37666], old=null
2019-10-18 08:20:24,836 [grpc-default-executor-3] INFO  impl.RaftServerImpl (RaftServerImpl.java:setRole(184)) - bc0382cc-50e2-4d58-b2de-e8b6250f3520@group-5EC277DF3249: changes role from  FOLLOWER to FOLLOWER at term 288 for recognizeCandidate:47aecc56-7e95-480d-b89c-2c00d33b4782
2019-10-18 08:20:24,837 [grpc-default-executor-3] INFO  impl.RoleInfo (RoleInfo.java:shutdownFollowerState(121)) - bc0382cc-50e2-4d58-b2de-e8b6250f3520: shutdown FollowerState
2019-10-18 08:20:24,836 [grpc-default-executor-9] INFO  impl.RaftServerImpl (RaftServerImpl.java:setRole(184)) - 1bc296c6-def6-4ae4-8c62-5b4c951a28f1@group-5EC277DF3249: changes role from  FOLLOWER to FOLLOWER at term 288 for recognizeCandidate:47aecc56-7e95-480d-b89c-2c00d33b4782
2019-10-18 08:20:24,837 [Thread-2441] INFO  impl.FollowerState (FollowerState.java:run(117)) - bc0382cc-50e2-4d58-b2de-e8b6250f3520@group-5EC277DF3249-FollowerState was interrupted: java.lang.InterruptedException: sleep interrupted
2019-10-18 08:20:24,837 [grpc-default-executor-3] INFO  impl.RoleInfo (RoleInfo.java:updateAndGet(143)) - bc0382cc-50e2-4d58-b2de-e8b6250f3520: start FollowerState
2019-10-18 08:20:24,837 [grpc-default-executor-9] INFO  impl.RoleInfo (RoleInfo.java:shutdownFollowerState(121)) - 1bc296c6-def6-4ae4-8c62-5b4c951a28f1: shutdown FollowerState
2019-10-18 08:20:24,838 [grpc-default-executor-9] INFO  impl.RoleInfo (RoleInfo.java:updateAndGet(143)) - 1bc296c6-def6-4ae4-8c62-5b4c951a28f1: start FollowerState
2019-10-18 08:20:24,838 [Thread-2442] INFO  impl.FollowerState (FollowerState.java:run(117)) - 1bc296c6-def6-4ae4-8c62-5b4c951a28f1@group-5EC277DF3249-FollowerState was interrupted: java.lang.InterruptedException: sleep interrupted
2019-10-18 08:20:24,852 [47aecc56-7e95-480d-b89c-2c00d33b4782@group-5EC277DF3249-LeaderElection269] INFO  impl.LeaderElection (LeaderElection.java:logAndReturn(56)) - 47aecc56-7e95-480d-b89c-2c00d33b4782@group-5EC277DF3249-LeaderElection269: Election REJECTED; received 2 response(s) [47aecc56-7e95-480d-b89c-2c00d33b4782<-1bc296c6-def6-4ae4-8c62-5b4c951a28f1#0:FAIL-t288, 47aecc56-7e95-480d-b89c-2c00d33b4782<-bc0382cc-50e2-4d58-b2de-e8b6250f3520#0:FAIL-t288] and 0 exception(s); 47aecc56-7e95-480d-b89c-2c00d33b4782@group-5EC277DF3249:t288, leader=null, voted=47aecc56-7e95-480d-b89c-2c00d33b4782, raftlog=47aecc56-7e95-480d-b89c-2c00d33b4782@group-5EC277DF3249-SegmentedRaftLog:OPENED:c-1,f-1,i0, conf=-1: [47aecc56-7e95-480d-b89c-2c00d33b4782:192.168.69.67:34550, 1bc296c6-def6-4ae4-8c62-5b4c951a28f1:192.168.69.67:37222, bc0382cc-50e2-4d58-b2de-e8b6250f3520:192.168.69.67:37666], old=null
2019-10-18 08:20:24,852 [47aecc56-7e95-480d-b89c-2c00d33b4782@group-5EC277DF3249-LeaderElection269] INFO  impl.RaftServerImpl (RaftServerImpl.java:setRole(184)) - 47aecc56-7e95-480d-b89c-2c00d33b4782@group-5EC277DF3249: changes role from CANDIDATE to FOLLOWER at term 288 for DISCOVERED_A_NEW_TERM
2019-10-18 08:20:24,852 [47aecc56-7e95-480d-b89c-2c00d33b4782@group-5EC277DF3249-LeaderElection269] INFO  impl.RoleInfo (RoleInfo.java:shutdownLeaderElection(134)) - 47aecc56-7e95-480d-b89c-2c00d33b4782: shutdown LeaderElection
2019-10-18 08:20:24,852 [47aecc56-7e95-480d-b89c-2c00d33b4782@group-5EC277DF3249-LeaderElection269] INFO  impl.RoleInfo (RoleInfo.java:updateAndGet(143)) - 47aecc56-7e95-480d-b89c-2c00d33b4782: start FollowerState
2019-10-18 08:20:25,028 [Thread-2449] INFO  impl.FollowerState (FollowerState.java:run(108)) - 47aecc56-7e95-480d-b89c-2c00d33b4782@group-5EC277DF3249-FollowerState: change to CANDIDATE, lastRpcTime:175ms, electionTimeout:175ms
2019-10-18 08:20:25,028 [Thread-2449] INFO  impl.RoleInfo (RoleInfo.java:shutdownFollowerState(121)) - 47aecc56-7e95-480d-b89c-2c00d33b4782: shutdown FollowerState
2019-10-18 08:20:25,028 [Thread-2449] INFO  impl.RaftServerImpl (RaftServerImpl.java:setRole(184)) - 47aecc56-7e95-480d-b89c-2c00d33b4782@group-5EC277DF3249: changes role from  FOLLOWER to CANDIDATE at term 288 for changeToCandidate
2019-10-18 08:20:25,028 [Thread-2449] INFO  impl.RoleInfo (RoleInfo.java:updateAndGet(143)) - 47aecc56-7e95-480d-b89c-2c00d33b4782: start LeaderElection
2019-10-18 08:20:25,042 [47aecc56-7e95-480d-b89c-2c00d33b4782@group-5EC277DF3249-LeaderElection270] INFO  impl.LeaderElection (LeaderElection.java:askForVotes(178)) - 47aecc56-7e95-480d-b89c-2c00d33b4782@group-5EC277DF3249-LeaderElection270: begin an election at term 289 for -1: [47aecc56-7e95-480d-b89c-2c00d33b4782:192.168.69.67:34550, 1bc296c6-def6-4ae4-8c62-5b4c951a28f1:192.168.69.67:37222, bc0382cc-50e2-4d58-b2de-e8b6250f3520:192.168.69.67:37666], old=null
2019-10-18 08:20:25,044 [grpc-default-executor-9] INFO  impl.RaftServerImpl (RaftServerImpl.java:setRole(184)) - bc0382cc-50e2-4d58-b2de-e8b6250f3520@group-5EC277DF3249: changes role from  FOLLOWER to FOLLOWER at term 289 for recognizeCandidate:47aecc56-7e95-480d-b89c-2c00d33b4782
2019-10-18 08:20:25,044 [grpc-default-executor-9] INFO  impl.RoleInfo (RoleInfo.java:shutdownFollowerState(121)) - bc0382cc-50e2-4d58-b2de-e8b6250f3520: shutdown FollowerState
2019-10-18 08:20:25,044 [grpc-default-executor-3] INFO  impl.RaftServerImpl (RaftServerImpl.java:setRole(184)) - 1bc296c6-def6-4ae4-8c62-5b4c951a28f1@group-5EC277DF3249: changes role from  FOLLOWER to FOLLOWER at term 289 for recognizeCandidate:47aecc56-7e95-480d-b89c-2c00d33b4782
2019-10-18 08:20:25,045 [Thread-2447] INFO  impl.FollowerState (FollowerState.java:run(117)) - bc0382cc-50e2-4d58-b2de-e8b6250f3520@group-5EC277DF3249-FollowerState was interrupted: java.lang.InterruptedException: sleep interrupted
2019-10-18 08:20:25,044 [grpc-default-executor-9] INFO  impl.RoleInfo (RoleInfo.java:updateAndGet(143)) - bc0382cc-50e2-4d58-b2de-e8b6250f3520: start FollowerState
2019-10-18 08:20:25,045 [grpc-default-executor-3] INFO  impl.RoleInfo (RoleInfo.java:shutdownFollowerState(121)) - 1bc296c6-def6-4ae4-8c62-5b4c951a28f1: shutdown FollowerState
2019-10-18 08:20:25,045 [grpc-default-executor-3] INFO  impl.RoleInfo (RoleInfo.java:updateAndGet(143)) - 1bc296c6-def6-4ae4-8c62-5b4c951a28f1: start FollowerState
2019-10-18 08:20:25,045 [Thread-2448] INFO  impl.FollowerState (FollowerState.java:run(117)) - 1bc296c6-def6-4ae4-8c62-5b4c951a28f1@group-5EC277DF3249-FollowerState was interrupted: java.lang.InterruptedException: sleep interrupted
2019-10-18 08:20:25,059 [47aecc56-7e95-480d-b89c-2c00d33b4782@group-5EC277DF3249-LeaderElection270] INFO  impl.LeaderElection (LeaderElection.java:logAndReturn(56)) - 47aecc56-7e95-480d-b89c-2c00d33b4782@group-5EC277DF3249-LeaderElection270: Election REJECTED; received 2 response(s) [47aecc56-7e95-480d-b89c-2c00d33b4782<-1bc296c6-def6-4ae4-8c62-5b4c951a28f1#0:FAIL-t289, 47aecc56-7e95-480d-b89c-2c00d33b4782<-bc0382cc-50e2-4d58-b2de-e8b6250f3520#0:FAIL-t289] and 0 exception(s); 47aecc56-7e95-480d-b89c-2c00d33b4782@group-5EC277DF3249:t289, leader=null, voted=47aecc56-7e95-480d-b89c-2c00d33b4782, raftlog=47aecc56-7e95-480d-b89c-2c00d33b4782@group-5EC277DF3249-SegmentedRaftLog:OPENED:c-1,f-1,i0, conf=-1: [47aecc56-7e95-480d-b89c-2c00d33b4782:192.168.69.67:34550, 1bc296c6-def6-4ae4-8c62-5b4c951a28f1:192.168.69.67:37222, bc0382cc-50e2-4d58-b2de-e8b6250f3520:192.168.69.67:37666], old=null
2019-10-18 08:20:25,059 [47aecc56-7e95-480d-b89c-2c00d33b4782@group-5EC277DF3249-LeaderElection270] INFO  impl.RaftServerImpl (RaftServerImpl.java:setRole(184)) - 47aecc56-7e95-480d-b89c-2c00d33b4782@group-5EC277DF3249: changes role from CANDIDATE to FOLLOWER at term 289 for DISCOVERED_A_NEW_TERM
2019-10-18 08:20:25,059 [47aecc56-7e95-480d-b89c-2c00d33b4782@group-5EC277DF3249-LeaderElection270] INFO  impl.RoleInfo (RoleInfo.java:shutdownLeaderElection(134)) - 47aecc56-7e95-480d-b89c-2c00d33b4782: shutdown LeaderElection
2019-10-18 08:20:25,059 [47aecc56-7e95-480d-b89c-2c00d33b4782@group-5EC277DF3249-LeaderElection270] INFO  impl.RoleInfo (RoleInfo.java:updateAndGet(143)) - 47aecc56-7e95-480d-b89c-2c00d33b4782: start FollowerState
2019-10-18 08:20:25,063 [Thread-2455] INFO  impl.FollowerState (FollowerState.java:run(108)) - 47aecc56-7e95-480d-b89c-2c00d33b4782@group-5EC277DF3249-FollowerState: change to CANDIDATE, lastRpcTime:3ms, electionTimeout:3ms
2019-10-18 08:20:25,063 [Thread-2455] INFO  impl.RoleInfo (RoleInfo.java:shutdownFollowerState(121)) - 47aecc56-7e95-480d-b89c-2c00d33b4782: shutdown FollowerState
2019-10-18 08:20:25,063 [Thread-2455] INFO  impl.RaftServerImpl (RaftServerImpl.java:setRole(184)) - 47aecc56-7e95-480d-b89c-2c00d33b4782@group-5EC277DF3249: changes role from  FOLLOWER to CANDIDATE at term 289 for changeToCandidate
2019-10-18 08:20:25,063 [Thread-2455] INFO  impl.RoleInfo (RoleInfo.java:updateAndGet(143)) - 47aecc56-7e95-480d-b89c-2c00d33b4782: start LeaderElection
2019-10-18 08:20:25,073 [47aecc56-7e95-480d-b89c-2c00d33b4782@group-5EC277DF3249-LeaderElection271] INFO  impl.LeaderElection (LeaderElection.java:askForVotes(178)) - 47aecc56-7e95-480d-b89c-2c00d33b4782@group-5EC277DF3249-LeaderElection271: begin an election at term 290 for -1: [47aecc56-7e95-480d-b89c-2c00d33b4782:192.168.69.67:34550, 1bc296c6-def6-4ae4-8c62-5b4c951a28f1:192.168.69.67:37222, bc0382cc-50e2-4d58-b2de-e8b6250f3520:192.168.69.67:37666], old=null
2019-10-18 08:20:25,074 [grpc-default-executor-9] INFO  impl.RaftServerImpl (RaftServerImpl.java:setRole(184)) - 1bc296c6-def6-4ae4-8c62-5b4c951a28f1@group-5EC277DF3249: changes role from  FOLLOWER to FOLLOWER at term 290 for recognizeCandidate:47aecc56-7e95-480d-b89c-2c00d33b4782
2019-10-18 08:20:25,075 [grpc-default-executor-9] INFO  impl.RoleInfo (RoleInfo.java:shutdownFollowerState(121)) - 1bc296c6-def6-4ae4-8c62-5b4c951a28f1: shutdown FollowerState
2019-10-18 08:20:25,075 [grpc-default-executor-3] INFO  impl.RaftServerImpl (RaftServerImpl.java:setRole(184)) - bc0382cc-50e2-4d58-b2de-e8b6250f3520@group-5EC277DF3249: changes role from  FOLLOWER to FOLLOWER at term 290 for recognizeCandidate:47aecc56-7e95-480d-b89c-2c00d33b4782
2019-10-18 08:20:25,075 [Thread-2454] INFO  impl.FollowerState (FollowerState.java:run(117)) - 1bc296c6-def6-4ae4-8c62-5b4c951a28f1@group-5EC277DF3249-FollowerState was interrupted: java.lang.InterruptedException: sleep interrupted
2019-10-18 08:20:25,075 [grpc-default-executor-9] INFO  impl.RoleInfo (RoleInfo.java:updateAndGet(143)) - 1bc296c6-def6-4ae4-8c62-5b4c951a28f1: start FollowerState
2019-10-18 08:20:25,075 [grpc-default-executor-3] INFO  impl.RoleInfo (RoleInfo.java:shutdownFollowerState(121)) - bc0382cc-50e2-4d58-b2de-e8b6250f3520: shutdown FollowerState
2019-10-18 08:20:25,075 [Thread-2453] INFO  impl.FollowerState (FollowerState.java:run(117)) - bc0382cc-50e2-4d58-b2de-e8b6250f3520@group-5EC277DF3249-FollowerState was interrupted: java.lang.InterruptedException: sleep interrupted
2019-10-18 08:20:25,075 [grpc-default-executor-3] INFO  impl.RoleInfo (RoleInfo.java:updateAndGet(143)) - bc0382cc-50e2-4d58-b2de-e8b6250f3520: start FollowerState
2019-10-18 08:20:25,085 [47aecc56-7e95-480d-b89c-2c00d33b4782@group-5EC277DF3249-LeaderElection271] INFO  impl.LeaderElection (LeaderElection.java:logAndReturn(56)) - 47aecc56-7e95-480d-b89c-2c00d33b4782@group-5EC277DF3249-LeaderElection271: Election REJECTED; received 2 response(s) [47aecc56-7e95-480d-b89c-2c00d33b4782<-1bc296c6-def6-4ae4-8c62-5b4c951a28f1#0:FAIL-t290, 47aecc56-7e95-480d-b89c-2c00d33b4782<-bc0382cc-50e2-4d58-b2de-e8b6250f3520#0:FAIL-t290] and 0 exception(s); 47aecc56-7e95-480d-b89c-2c00d33b4782@group-5EC277DF3249:t290, leader=null, voted=47aecc56-7e95-480d-b89c-2c00d33b4782, raftlog=47aecc56-7e95-480d-b89c-2c00d33b4782@group-5EC277DF3249-SegmentedRaftLog:OPENED:c-1,f-1,i0, conf=-1: [47aecc56-7e95-480d-b89c-2c00d33b4782:192.168.69.67:34550, 1bc296c6-def6-4ae4-8c62-5b4c951a28f1:192.168.69.67:37222, bc0382cc-50e2-4d58-b2de-e8b6250f3520:192.168.69.67:37666], old=null
2019-10-18 08:20:25,085 [47aecc56-7e95-480d-b89c-2c00d33b4782@group-5EC277DF3249-LeaderElection271] INFO  impl.RaftServerImpl (RaftServerImpl.java:setRole(184)) - 47aecc56-7e95-480d-b89c-2c00d33b4782@group-5EC277DF3249: changes role from CANDIDATE to FOLLOWER at term 290 for DISCOVERED_A_NEW_TERM
2019-10-18 08:20:25,085 [47aecc56-7e95-480d-b89c-2c00d33b4782@group-5EC277DF3249-LeaderElection271] INFO  impl.RoleInfo (RoleInfo.java:shutdownLeaderElection(134)) - 47aecc56-7e95-480d-b89c-2c00d33b4782: shutdown LeaderElection
2019-10-18 08:20:25,085 [47aecc56-7e95-480d-b89c-2c00d33b4782@group-5EC277DF3249-LeaderElection271] INFO  impl.RoleInfo (RoleInfo.java:updateAndGet(143)) - 47aecc56-7e95-480d-b89c-2c00d33b4782: start FollowerState
 0.00% |?                                                                                                    |  0/1 Time: 0:04:332019-10-18 08:20:25,210 [Thread-2461] INFO  impl.FollowerState (FollowerState.java:run(108)) - 47aecc56-7e95-480d-b89c-2c00d33b4782@group-5EC277DF3249-FollowerState: change to CANDIDATE, lastRpcTime:124ms, electionTimeout:124ms
2019-10-18 08:20:25,210 [Thread-2461] INFO  impl.RoleInfo (RoleInfo.java:shutdownFollowerState(121)) - 47aecc56-7e95-480d-b89c-2c00d33b4782: shutdown FollowerState
2019-10-18 08:20:25,210 [Thread-2461] INFO  impl.RaftServerImpl (RaftServerImpl.java:setRole(184)) - 47aecc56-7e95-480d-b89c-2c00d33b4782@group-5EC277DF3249: changes role from  FOLLOWER to CANDIDATE at term 290 for changeToCandidate
2019-10-18 08:20:25,211 [Thread-2461] INFO  impl.RoleInfo (RoleInfo.java:updateAndGet(143)) - 47aecc56-7e95-480d-b89c-2c00d33b4782: start LeaderElection
2019-10-18 08:20:25,227 [47aecc56-7e95-480d-b89c-2c00d33b4782@group-5EC277DF3249-LeaderElection272] INFO  impl.LeaderElection (LeaderElection.java:askForVotes(178)) - 47aecc56-7e95-480d-b89c-2c00d33b4782@group-5EC277DF3249-LeaderElection272: begin an election at term 291 for -1: [47aecc56-7e95-480d-b89c-2c00d33b4782:192.168.69.67:34550, 1bc296c6-def6-4ae4-8c62-5b4c951a28f1:192.168.69.67:37222, bc0382cc-50e2-4d58-b2de-e8b6250f3520:192.168.69.67:37666], old=null
2019-10-18 08:20:25,234 [grpc-default-executor-3] INFO  impl.RaftServerImpl (RaftServerImpl.java:setRole(184)) - bc0382cc-50e2-4d58-b2de-e8b6250f3520@group-5EC277DF3249: changes role from  FOLLOWER to FOLLOWER at term 291 for recognizeCandidate:47aecc56-7e95-480d-b89c-2c00d33b4782
2019-10-18 08:20:25,234 [grpc-default-executor-3] INFO  impl.RoleInfo (RoleInfo.java:shutdownFollowerState(121)) - bc0382cc-50e2-4d58-b2de-e8b6250f3520: shutdown FollowerState
2019-10-18 08:20:25,234 [grpc-default-executor-9] INFO  impl.RaftServerImpl (RaftServerImpl.java:setRole(184)) - 1bc296c6-def6-4ae4-8c62-5b4c951a28f1@group-5EC277DF3249: changes role from  FOLLOWER to FOLLOWER at term 291 for recognizeCandidate:47aecc56-7e95-480d-b89c-2c00d33b4782
2019-10-18 08:20:25,234 [Thread-2460] INFO  impl.FollowerState (FollowerState.java:run(117)) - bc0382cc-50e2-4d58-b2de-e8b6250f3520@group-5EC277DF3249-FollowerState was interrupted: java.lang.InterruptedException: sleep interrupted
2019-10-18 08:20:25,234 [grpc-default-executor-3] INFO  impl.RoleInfo (RoleInfo.java:updateAndGet(143)) - bc0382cc-50e2-4d58-b2de-e8b6250f3520: start FollowerState
2019-10-18 08:20:25,235 [grpc-default-executor-9] INFO  impl.RoleInfo (RoleInfo.java:shutdownFollowerState(121)) - 1bc296c6-def6-4ae4-8c62-5b4c951a28f1: shutdown FollowerState
2019-10-18 08:20:25,235 [grpc-default-executor-9] INFO  impl.RoleInfo (RoleInfo.java:updateAndGet(143)) - 1bc296c6-def6-4ae4-8c62-5b4c951a28f1: start FollowerState
2019-10-18 08:20:25,235 [Thread-2459] INFO  impl.FollowerState (FollowerState.java:run(117)) - 1bc296c6-def6-4ae4-8c62-5b4c951a28f1@group-5EC277DF3249-FollowerState was interrupted: java.lang.InterruptedException: sleep interrupted
2019-10-18 08:20:25,250 [47aecc56-7e95-480d-b89c-2c00d33b4782@group-5EC277DF3249-LeaderElection272] INFO  impl.LeaderElection (LeaderElection.java:logAndReturn(56)) - 47aecc56-7e95-480d-b89c-2c00d33b4782@group-5EC277DF3249-LeaderElection272: Election REJECTED; received 2 response(s) [47aecc56-7e95-480d-b89c-2c00d33b4782<-1bc296c6-def6-4ae4-8c62-5b4c951a28f1#0:FAIL-t291, 47aecc56-7e95-480d-b89c-2c00d33b4782<-bc0382cc-50e2-4d58-b2de-e8b6250f3520#0:FAIL-t291] and 0 exception(s); 47aecc56-7e95-480d-b89c-2c00d33b4782@group-5EC277DF3249:t291, leader=null, voted=47aecc56-7e95-480d-b89c-2c00d33b4782, raftlog=47aecc56-7e95-480d-b89c-2c00d33b4782@group-5EC277DF3249-SegmentedRaftLog:OPENED:c-1,f-1,i0, conf=-1: [47aecc56-7e95-480d-b89c-2c00d33b4782:192.168.69.67:34550, 1bc296c6-def6-4ae4-8c62-5b4c951a28f1:192.168.69.67:37222, bc0382cc-50e2-4d58-b2de-e8b6250f3520:192.168.69.67:37666], old=null
2019-10-18 08:20:25,250 [47aecc56-7e95-480d-b89c-2c00d33b4782@group-5EC277DF3249-LeaderElection272] INFO  impl.RaftServerImpl (RaftServerImpl.java:setRole(184)) - 47aecc56-7e95-480d-b89c-2c00d33b4782@group-5EC277DF3249: changes role from CANDIDATE to FOLLOWER at term 291 for DISCOVERED_A_NEW_TERM
2019-10-18 08:20:25,250 [47aecc56-7e95-480d-b89c-2c00d33b4782@group-5EC277DF3249-LeaderElection272] INFO  impl.RoleInfo (RoleInfo.java:shutdownLeaderElection(134)) - 47aecc56-7e95-480d-b89c-2c00d33b4782: shutdown LeaderElection
2019-10-18 08:20:25,250 [47aecc56-7e95-480d-b89c-2c00d33b4782@group-5EC277DF3249-LeaderElection272] INFO  impl.RoleInfo (RoleInfo.java:updateAndGet(143)) - 47aecc56-7e95-480d-b89c-2c00d33b4782: start FollowerState
2019-10-18 08:20:25,347 [Thread-2467] INFO  impl.FollowerState (FollowerState.java:run(108)) - 47aecc56-7e95-480d-b89c-2c00d33b4782@group-5EC277DF3249-FollowerState: change to CANDIDATE, lastRpcTime:97ms, electionTimeout:97ms
2019-10-18 08:20:25,348 [Thread-2467] INFO  impl.RoleInfo (RoleInfo.java:shutdownFollowerState(121)) - 47aecc56-7e95-480d-b89c-2c00d33b4782: shutdown FollowerState
2019-10-18 08:20:25,348 [Thread-2467] INFO  impl.RaftServerImpl (RaftServerImpl.java:setRole(184)) - 47aecc56-7e95-480d-b89c-2c00d33b4782@group-5EC277DF3249: changes role from  FOLLOWER to CANDIDATE at term 291 for changeToCandidate
2019-10-18 08:20:25,348 [Thread-2467] INFO  impl.RoleInfo (RoleInfo.java:updateAndGet(143)) - 47aecc56-7e95-480d-b89c-2c00d33b4782: start LeaderElection
2019-10-18 08:20:25,359 [47aecc56-7e95-480d-b89c-2c00d33b4782@group-5EC277DF3249-LeaderElection273] INFO  impl.LeaderElection (LeaderElection.java:askForVotes(178)) - 47aecc56-7e95-480d-b89c-2c00d33b4782@group-5EC277DF3249-LeaderElection273: begin an election at term 292 for -1: [47aecc56-7e95-480d-b89c-2c00d33b4782:192.168.69.67:34550, 1bc296c6-def6-4ae4-8c62-5b4c951a28f1:192.168.69.67:37222, bc0382cc-50e2-4d58-b2de-e8b6250f3520:192.168.69.67:37666], old=null
2019-10-18 08:20:25,360 [grpc-default-executor-3] INFO  impl.RaftServerImpl (RaftServerImpl.java:setRole(184)) - 1bc296c6-def6-4ae4-8c62-5b4c951a28f1@group-5EC277DF3249: changes role from  FOLLOWER to FOLLOWER at term 292 for recognizeCandidate:47aecc56-7e95-480d-b89c-2c00d33b4782
2019-10-18 08:20:25,360 [grpc-default-executor-9] INFO  impl.RaftServerImpl (RaftServerImpl.java:setRole(184)) - bc0382cc-50e2-4d58-b2de-e8b6250f3520@group-5EC277DF3249: changes role from  FOLLOWER to FOLLOWER at term 292 for recognizeCandidate:47aecc56-7e95-480d-b89c-2c00d33b4782
2019-10-18 08:20:25,361 [grpc-default-executor-3] INFO  impl.RoleInfo (RoleInfo.java:shutdownFollowerState(121)) - 1bc296c6-def6-4ae4-8c62-5b4c951a28f1: shutdown FollowerState
2019-10-18 08:20:25,361 [grpc-default-executor-9] INFO  impl.RoleInfo (RoleInfo.java:shutdownFollowerState(121)) - bc0382cc-50e2-4d58-b2de-e8b6250f3520: shutdown FollowerState
2019-10-18 08:20:25,361 [Thread-2466] INFO  impl.FollowerState (FollowerState.java:run(117)) - 1bc296c6-def6-4ae4-8c62-5b4c951a28f1@group-5EC277DF3249-FollowerState was interrupted: java.lang.InterruptedException: sleep interrupted
2019-10-18 08:20:25,361 [grpc-default-executor-3] INFO  impl.RoleInfo (RoleInfo.java:updateAndGet(143)) - 1bc296c6-def6-4ae4-8c62-5b4c951a28f1: start FollowerState
2019-10-18 08:20:25,361 [grpc-default-executor-9] INFO  impl.RoleInfo (RoleInfo.java:updateAndGet(143)) - bc0382cc-50e2-4d58-b2de-e8b6250f3520: start FollowerState
2019-10-18 08:20:25,361 [Thread-2465] INFO  impl.FollowerState (FollowerState.java:run(117)) - bc0382cc-50e2-4d58-b2de-e8b6250f3520@group-5EC277DF3249-FollowerState was interrupted: java.lang.InterruptedException: sleep interrupted
2019-10-18 08:20:25,369 [47aecc56-7e95-480d-b89c-2c00d33b4782@group-5EC277DF3249-LeaderElection273] INFO  impl.LeaderElection (LeaderElection.java:logAndReturn(56)) - 47aecc56-7e95-480d-b89c-2c00d33b4782@group-5EC277DF3249-LeaderElection273: Election REJECTED; received 2 response(s) [47aecc56-7e95-480d-b89c-2c00d33b4782<-1bc296c6-def6-4ae4-8c62-5b4c951a28f1#0:FAIL-t292, 47aecc56-7e95-480d-b89c-2c00d33b4782<-bc0382cc-50e2-4d58-b2de-e8b6250f3520#0:FAIL-t292] and 0 exception(s); 47aecc56-7e95-480d-b89c-2c00d33b4782@group-5EC277DF3249:t292, leader=null, voted=47aecc56-7e95-480d-b89c-2c00d33b4782, raftlog=47aecc56-7e95-480d-b89c-2c00d33b4782@group-5EC277DF3249-SegmentedRaftLog:OPENED:c-1,f-1,i0, conf=-1: [47aecc56-7e95-480d-b89c-2c00d33b4782:192.168.69.67:34550, 1bc296c6-def6-4ae4-8c62-5b4c951a28f1:192.168.69.67:37222, bc0382cc-50e2-4d58-b2de-e8b6250f3520:192.168.69.67:37666], old=null
2019-10-18 08:20:25,370 [47aecc56-7e95-480d-b89c-2c00d33b4782@group-5EC277DF3249-LeaderElection273] INFO  impl.RaftServerImpl (RaftServerImpl.java:setRole(184)) - 47aecc56-7e95-480d-b89c-2c00d33b4782@group-5EC277DF3249: changes role from CANDIDATE to FOLLOWER at term 292 for DISCOVERED_A_NEW_TERM
2019-10-18 08:20:25,370 [47aecc56-7e95-480d-b89c-2c00d33b4782@group-5EC277DF3249-LeaderElection273] INFO  impl.RoleInfo (RoleInfo.java:shutdownLeaderElection(134)) - 47aecc56-7e95-480d-b89c-2c00d33b4782: shutdown LeaderElection
2019-10-18 08:20:25,370 [47aecc56-7e95-480d-b89c-2c00d33b4782@group-5EC277DF3249-LeaderElection273] INFO  impl.RoleInfo (RoleInfo.java:updateAndGet(143)) - 47aecc56-7e95-480d-b89c-2c00d33b4782: start FollowerState
2019-10-18 08:20:25,483 [Thread-2473] INFO  impl.FollowerState (FollowerState.java:run(108)) - 47aecc56-7e95-480d-b89c-2c00d33b4782@group-5EC277DF3249-FollowerState: change to CANDIDATE, lastRpcTime:113ms, electionTimeout:113ms
2019-10-18 08:20:25,485 [Thread-2473] INFO  impl.RoleInfo (RoleInfo.java:shutdownFollowerState(121)) - 47aecc56-7e95-480d-b89c-2c00d33b4782: shutdown FollowerState
2019-10-18 08:20:25,485 [Thread-2473] INFO  impl.RaftServerImpl (RaftServerImpl.java:setRole(184)) - 47aecc56-7e95-480d-b89c-2c00d33b4782@group-5EC277DF3249: changes role from  FOLLOWER to CANDIDATE at term 292 for changeToCandidate
2019-10-18 08:20:25,485 [Thread-2473] INFO  impl.RoleInfo (RoleInfo.java:updateAndGet(143)) - 47aecc56-7e95-480d-b89c-2c00d33b4782: start LeaderElection
2019-10-18 08:20:25,499 [47aecc56-7e95-480d-b89c-2c00d33b4782@group-5EC277DF3249-LeaderElection274] INFO  impl.LeaderElection (LeaderElection.java:askForVotes(178)) - 47aecc56-7e95-480d-b89c-2c00d33b4782@group-5EC277DF3249-LeaderElection274: begin an election at term 293 for -1: [47aecc56-7e95-480d-b89c-2c00d33b4782:192.168.69.67:34550, 1bc296c6-def6-4ae4-8c62-5b4c951a28f1:192.168.69.67:37222, bc0382cc-50e2-4d58-b2de-e8b6250f3520:192.168.69.67:37666], old=null
2019-10-18 08:20:25,501 [grpc-default-executor-3] INFO  impl.RaftServerImpl (RaftServerImpl.java:setRole(184)) - bc0382cc-50e2-4d58-b2de-e8b6250f3520@group-5EC277DF3249: changes role from  FOLLOWER to FOLLOWER at term 293 for recognizeCandidate:47aecc56-7e95-480d-b89c-2c00d33b4782
2019-10-18 08:20:25,501 [grpc-default-executor-9] INFO  impl.RaftServerImpl (RaftServerImpl.java:setRole(184)) - 1bc296c6-def6-4ae4-8c62-5b4c951a28f1@group-5EC277DF3249: changes role from  FOLLOWER to FOLLOWER at term 293 for recognizeCandidate:47aecc56-7e95-480d-b89c-2c00d33b4782
2019-10-18 08:20:25,501 [grpc-default-executor-3] INFO  impl.RoleInfo (RoleInfo.java:shutdownFollowerState(121)) - bc0382cc-50e2-4d58-b2de-e8b6250f3520: shutdown FollowerState
2019-10-18 08:20:25,501 [grpc-default-executor-9] INFO  impl.RoleInfo (RoleInfo.java:shutdownFollowerState(121)) - 1bc296c6-def6-4ae4-8c62-5b4c951a28f1: shutdown FollowerState
2019-10-18 08:20:25,501 [Thread-2472] INFO  impl.FollowerState (FollowerState.java:run(117)) - bc0382cc-50e2-4d58-b2de-e8b6250f3520@group-5EC277DF3249-FollowerState was interrupted: java.lang.InterruptedException: sleep interrupted
2019-10-18 08:20:25,501 [grpc-default-executor-3] INFO  impl.RoleInfo (RoleInfo.java:updateAndGet(143)) - bc0382cc-50e2-4d58-b2de-e8b6250f3520: start FollowerState
2019-10-18 08:20:25,502 [Thread-2471] INFO  impl.FollowerState (FollowerState.java:run(117)) - 1bc296c6-def6-4ae4-8c62-5b4c951a28f1@group-5EC277DF3249-FollowerState was interrupted: java.lang.InterruptedException: sleep interrupted
2019-10-18 08:20:25,502 [grpc-default-executor-9] INFO  impl.RoleInfo (RoleInfo.java:updateAndGet(143)) - 1bc296c6-def6-4ae4-8c62-5b4c951a28f1: start FollowerState
2019-10-18 08:20:25,517 [47aecc56-7e95-480d-b89c-2c00d33b4782@group-5EC277DF3249-LeaderElection274] INFO  impl.LeaderElection (LeaderElection.java:logAndReturn(56)) - 47aecc56-7e95-480d-b89c-2c00d33b4782@group-5EC277DF3249-LeaderElection274: Election REJECTED; received 2 response(s) [47aecc56-7e95-480d-b89c-2c00d33b4782<-1bc296c6-def6-4ae4-8c62-5b4c951a28f1#0:FAIL-t293, 47aecc56-7e95-480d-b89c-2c00d33b4782<-bc0382cc-50e2-4d58-b2de-e8b6250f3520#0:FAIL-t293] and 0 exception(s); 47aecc56-7e95-480d-b89c-2c00d33b4782@group-5EC277DF3249:t293, leader=null, voted=47aecc56-7e95-480d-b89c-2c00d33b4782, raftlog=47aecc56-7e95-480d-b89c-2c00d33b4782@group-5EC277DF3249-SegmentedRaftLog:OPENED:c-1,f-1,i0, conf=-1: [47aecc56-7e95-480d-b89c-2c00d33b4782:192.168.69.67:34550, 1bc296c6-def6-4ae4-8c62-5b4c951a28f1:192.168.69.67:37222, bc0382cc-50e2-4d58-b2de-e8b6250f3520:192.168.69.67:37666], old=null
2019-10-18 08:20:25,517 [47aecc56-7e95-480d-b89c-2c00d33b4782@group-5EC277DF3249-LeaderElection274] INFO  impl.RaftServerImpl (RaftServerImpl.java:setRole(184)) - 47aecc56-7e95-480d-b89c-2c00d33b4782@group-5EC277DF3249: changes role from CANDIDATE to FOLLOWER at term 293 for DISCOVERED_A_NEW_TERM
2019-10-18 08:20:25,518 [47aecc56-7e95-480d-b89c-2c00d33b4782@group-5EC277DF3249-LeaderElection274] INFO  impl.RoleInfo (RoleInfo.java:shutdownLeaderElection(134)) - 47aecc56-7e95-480d-b89c-2c00d33b4782: shutdown LeaderElection
2019-10-18 08:20:25,518 [47aecc56-7e95-480d-b89c-2c00d33b4782@group-5EC277DF3249-LeaderElection274] INFO  impl.RoleInfo (RoleInfo.java:updateAndGet(143)) - 47aecc56-7e95-480d-b89c-2c00d33b4782: start FollowerState
2019-10-18 08:20:25,604 [Thread-2479] INFO  impl.FollowerState (FollowerState.java:run(108)) - 47aecc56-7e95-480d-b89c-2c00d33b4782@group-5EC277DF3249-FollowerState: change to CANDIDATE, lastRpcTime:86ms, electionTimeout:86ms
2019-10-18 08:20:25,604 [Thread-2479] INFO  impl.RoleInfo (RoleInfo.java:shutdownFollowerState(121)) - 47aecc56-7e95-480d-b89c-2c00d33b4782: shutdown FollowerState
2019-10-18 08:20:25,604 [Thread-2479] INFO  impl.RaftServerImpl (RaftServerImpl.java:setRole(184)) - 47aecc56-7e95-480d-b89c-2c00d33b4782@group-5EC277DF3249: changes role from  FOLLOWER to CANDIDATE at term 293 for changeToCandidate
2019-10-18 08:20:25,604 [Thread-2479] INFO  impl.RoleInfo (RoleInfo.java:updateAndGet(143)) - 47aecc56-7e95-480d-b89c-2c00d33b4782: start LeaderElection
2019-10-18 08:20:25,617 [47aecc56-7e95-480d-b89c-2c00d33b4782@group-5EC277DF3249-LeaderElection275] INFO  impl.LeaderElection (LeaderElection.java:askForVotes(178)) - 47aecc56-7e95-480d-b89c-2c00d33b4782@group-5EC277DF3249-LeaderElection275: begin an election at term 294 for -1: [47aecc56-7e95-480d-b89c-2c00d33b4782:192.168.69.67:34550, 1bc296c6-def6-4ae4-8c62-5b4c951a28f1:192.168.69.67:37222, bc0382cc-50e2-4d58-b2de-e8b6250f3520:192.168.69.67:37666], old=null
2019-10-18 08:20:25,619 [grpc-default-executor-3] INFO  impl.RaftServerImpl (RaftServerImpl.java:setRole(184)) - bc0382cc-50e2-4d58-b2de-e8b6250f3520@group-5EC277DF3249: changes role from  FOLLOWER to FOLLOWER at term 294 for recognizeCandidate:47aecc56-7e95-480d-b89c-2c00d33b4782
2019-10-18 08:20:25,619 [grpc-default-executor-3] INFO  impl.RoleInfo (RoleInfo.java:shutdownFollowerState(121)) - bc0382cc-50e2-4d58-b2de-e8b6250f3520: shutdown FollowerState
2019-10-18 08:20:25,619 [grpc-default-executor-9] INFO  impl.RaftServerImpl (RaftServerImpl.java:setRole(184)) - 1bc296c6-def6-4ae4-8c62-5b4c951a28f1@group-5EC277DF3249: changes role from  FOLLOWER to FOLLOWER at term 294 for recognizeCandidate:47aecc56-7e95-480d-b89c-2c00d33b4782
2019-10-18 08:20:25,619 [grpc-default-executor-9] INFO  impl.RoleInfo (RoleInfo.java:shutdownFollowerState(121)) - 1bc296c6-def6-4ae4-8c62-5b4c951a28f1: shutdown FollowerState
2019-10-18 08:20:25,619 [Thread-2477] INFO  impl.FollowerState (FollowerState.java:run(117)) - bc0382cc-50e2-4d58-b2de-e8b6250f3520@group-5EC277DF3249-FollowerState was interrupted: java.lang.InterruptedException: sleep interrupted
2019-10-18 08:20:25,619 [grpc-default-executor-3] INFO  impl.RoleInfo (RoleInfo.java:updateAndGet(143)) - bc0382cc-50e2-4d58-b2de-e8b6250f3520: start FollowerState
2019-10-18 08:20:25,619 [Thread-2478] INFO  impl.FollowerState (FollowerState.java:run(117)) - 1bc296c6-def6-4ae4-8c62-5b4c951a28f1@group-5EC277DF3249-FollowerState was interrupted: java.lang.InterruptedException: sleep interrupted
2019-10-18 08:20:25,619 [grpc-default-executor-9] INFO  impl.RoleInfo (RoleInfo.java:updateAndGet(143)) - 1bc296c6-def6-4ae4-8c62-5b4c951a28f1: start FollowerState
2019-10-18 08:20:25,633 [47aecc56-7e95-480d-b89c-2c00d33b4782@group-5EC277DF3249-LeaderElection275] INFO  impl.LeaderElection (LeaderElection.java:logAndReturn(56)) - 47aecc56-7e95-480d-b89c-2c00d33b4782@group-5EC277DF3249-LeaderElection275: Election REJECTED; received 2 response(s) [47aecc56-7e95-480d-b89c-2c00d33b4782<-1bc296c6-def6-4ae4-8c62-5b4c951a28f1#0:FAIL-t294, 47aecc56-7e95-480d-b89c-2c00d33b4782<-bc0382cc-50e2-4d58-b2de-e8b6250f3520#0:FAIL-t294] and 0 exception(s); 47aecc56-7e95-480d-b89c-2c00d33b4782@group-5EC277DF3249:t294, leader=null, voted=47aecc56-7e95-480d-b89c-2c00d33b4782, raftlog=47aecc56-7e95-480d-b89c-2c00d33b4782@group-5EC277DF3249-SegmentedRaftLog:OPENED:c-1,f-1,i0, conf=-1: [47aecc56-7e95-480d-b89c-2c00d33b4782:192.168.69.67:34550, 1bc296c6-def6-4ae4-8c62-5b4c951a28f1:192.168.69.67:37222, bc0382cc-50e2-4d58-b2de-e8b6250f3520:192.168.69.67:37666], old=null
2019-10-18 08:20:25,633 [47aecc56-7e95-480d-b89c-2c00d33b4782@group-5EC277DF3249-LeaderElection275] INFO  impl.RaftServerImpl (RaftServerImpl.java:setRole(184)) - 47aecc56-7e95-480d-b89c-2c00d33b4782@group-5EC277DF3249: changes role from CANDIDATE to FOLLOWER at term 294 for DISCOVERED_A_NEW_TERM
2019-10-18 08:20:25,633 [47aecc56-7e95-480d-b89c-2c00d33b4782@group-5EC277DF3249-LeaderElection275] INFO  impl.RoleInfo (RoleInfo.java:shutdownLeaderElection(134)) - 47aecc56-7e95-480d-b89c-2c00d33b4782: shutdown LeaderElection
2019-10-18 08:20:25,633 [47aecc56-7e95-480d-b89c-2c00d33b4782@group-5EC277DF3249-LeaderElection275] INFO  impl.RoleInfo (RoleInfo.java:updateAndGet(143)) - 47aecc56-7e95-480d-b89c-2c00d33b4782: start FollowerState
2019-10-18 08:20:25,688 [Thread-2485] INFO  impl.FollowerState (FollowerState.java:run(108)) - 47aecc56-7e95-480d-b89c-2c00d33b4782@group-5EC277DF3249-FollowerState: change to CANDIDATE, lastRpcTime:54ms, electionTimeout:54ms
2019-10-18 08:20:25,688 [Thread-2485] INFO  impl.RoleInfo (RoleInfo.java:shutdownFollowerState(121)) - 47aecc56-7e95-480d-b89c-2c00d33b4782: shutdown FollowerState
2019-10-18 08:20:25,688 [Thread-2485] INFO  impl.RaftServerImpl (RaftServerImpl.java:setRole(184)) - 47aecc56-7e95-480d-b89c-2c00d33b4782@group-5EC277DF3249: changes role from  FOLLOWER to CANDIDATE at term 294 for changeToCandidate
2019-10-18 08:20:25,688 [Thread-2485] INFO  impl.RoleInfo (RoleInfo.java:updateAndGet(143)) - 47aecc56-7e95-480d-b89c-2c00d33b4782: start LeaderElection
2019-10-18 08:20:25,702 [47aecc56-7e95-480d-b89c-2c00d33b4782@group-5EC277DF3249-LeaderElection276] INFO  impl.LeaderElection (LeaderElection.java:askForVotes(178)) - 47aecc56-7e95-480d-b89c-2c00d33b4782@group-5EC277DF3249-LeaderElection276: begin an election at term 295 for -1: [47aecc56-7e95-480d-b89c-2c00d33b4782:192.168.69.67:34550, 1bc296c6-def6-4ae4-8c62-5b4c951a28f1:192.168.69.67:37222, bc0382cc-50e2-4d58-b2de-e8b6250f3520:192.168.69.67:37666], old=null
2019-10-18 08:20:25,704 [grpc-default-executor-3] INFO  impl.RaftServerImpl (RaftServerImpl.java:setRole(184)) - 1bc296c6-def6-4ae4-8c62-5b4c951a28f1@group-5EC277DF3249: changes role from  FOLLOWER to FOLLOWER at term 295 for recognizeCandidate:47aecc56-7e95-480d-b89c-2c00d33b4782
2019-10-18 08:20:25,704 [grpc-default-executor-3] INFO  impl.RoleInfo (RoleInfo.java:shutdownFollowerState(121)) - 1bc296c6-def6-4ae4-8c62-5b4c951a28f1: shutdown FollowerState
2019-10-18 08:20:25,704 [grpc-default-executor-9] INFO  impl.RaftServerImpl (RaftServerImpl.java:setRole(184)) - bc0382cc-50e2-4d58-b2de-e8b6250f3520@group-5EC277DF3249: changes role from  FOLLOWER to FOLLOWER at term 295 for recognizeCandidate:47aecc56-7e95-480d-b89c-2c00d33b4782
2019-10-18 08:20:25,704 [Thread-2484] INFO  impl.FollowerState (FollowerState.java:run(117)) - 1bc296c6-def6-4ae4-8c62-5b4c951a28f1@group-5EC277DF3249-FollowerState was interrupted: java.lang.InterruptedException: sleep interrupted
2019-10-18 08:20:25,704 [grpc-default-executor-3] INFO  impl.RoleInfo (RoleInfo.java:updateAndGet(143)) - 1bc296c6-def6-4ae4-8c62-5b4c951a28f1: start FollowerState
2019-10-18 08:20:25,704 [grpc-default-executor-9] INFO  impl.RoleInfo (RoleInfo.java:shutdownFollowerState(121)) - bc0382cc-50e2-4d58-b2de-e8b6250f3520: shutdown FollowerState
2019-10-18 08:20:25,705 [grpc-default-executor-9] INFO  impl.RoleInfo (RoleInfo.java:updateAndGet(143)) - bc0382cc-50e2-4d58-b2de-e8b6250f3520: start FollowerState
2019-10-18 08:20:25,705 [Thread-2483] INFO  impl.FollowerState (FollowerState.java:run(117)) - bc0382cc-50e2-4d58-b2de-e8b6250f3520@group-5EC277DF3249-FollowerState was interrupted: java.lang.InterruptedException: sleep interrupted
2019-10-18 08:20:25,719 [47aecc56-7e95-480d-b89c-2c00d33b4782@group-5EC277DF3249-LeaderElection276] INFO  impl.LeaderElection (LeaderElection.java:logAndReturn(56)) - 47aecc56-7e95-480d-b89c-2c00d33b4782@group-5EC277DF3249-LeaderElection276: Election REJECTED; received 2 response(s) [47aecc56-7e95-480d-b89c-2c00d33b4782<-1bc296c6-def6-4ae4-8c62-5b4c951a28f1#0:FAIL-t295, 47aecc56-7e95-480d-b89c-2c00d33b4782<-bc0382cc-50e2-4d58-b2de-e8b6250f3520#0:FAIL-t295] and 0 exception(s); 47aecc56-7e95-480d-b89c-2c00d33b4782@group-5EC277DF3249:t295, leader=null, voted=47aecc56-7e95-480d-b89c-2c00d33b4782, raftlog=47aecc56-7e95-480d-b89c-2c00d33b4782@group-5EC277DF3249-SegmentedRaftLog:OPENED:c-1,f-1,i0, conf=-1: [47aecc56-7e95-480d-b89c-2c00d33b4782:192.168.69.67:34550, 1bc296c6-def6-4ae4-8c62-5b4c951a28f1:192.168.69.67:37222, bc0382cc-50e2-4d58-b2de-e8b6250f3520:192.168.69.67:37666], old=null
2019-10-18 08:20:25,719 [47aecc56-7e95-480d-b89c-2c00d33b4782@group-5EC277DF3249-LeaderElection276] INFO  impl.RaftServerImpl (RaftServerImpl.java:setRole(184)) - 47aecc56-7e95-480d-b89c-2c00d33b4782@group-5EC277DF3249: changes role from CANDIDATE to FOLLOWER at term 295 for DISCOVERED_A_NEW_TERM
2019-10-18 08:20:25,719 [47aecc56-7e95-480d-b89c-2c00d33b4782@group-5EC277DF3249-LeaderElection276] INFO  impl.RoleInfo (RoleInfo.java:shutdownLeaderElection(134)) - 47aecc56-7e95-480d-b89c-2c00d33b4782: shutdown LeaderElection
2019-10-18 08:20:25,719 [47aecc56-7e95-480d-b89c-2c00d33b4782@group-5EC277DF3249-LeaderElection276] INFO  impl.RoleInfo (RoleInfo.java:updateAndGet(143)) - 47aecc56-7e95-480d-b89c-2c00d33b4782: start FollowerState
2019-10-18 08:20:25,838 [Thread-2491] INFO  impl.FollowerState (FollowerState.java:run(108)) - 47aecc56-7e95-480d-b89c-2c00d33b4782@group-5EC277DF3249-FollowerState: change to CANDIDATE, lastRpcTime:119ms, electionTimeout:119ms
2019-10-18 08:20:25,839 [Thread-2491] INFO  impl.RoleInfo (RoleInfo.java:shutdownFollowerState(121)) - 47aecc56-7e95-480d-b89c-2c00d33b4782: shutdown FollowerState
2019-10-18 08:20:25,839 [Thread-2491] INFO  impl.RaftServerImpl (RaftServerImpl.java:setRole(184)) - 47aecc56-7e95-480d-b89c-2c00d33b4782@group-5EC277DF3249: changes role from  FOLLOWER to CANDIDATE at term 295 for changeToCandidate
2019-10-18 08:20:25,839 [Thread-2491] INFO  impl.RoleInfo (RoleInfo.java:updateAndGet(143)) - 47aecc56-7e95-480d-b89c-2c00d33b4782: start LeaderElection
2019-10-18 08:20:25,853 [47aecc56-7e95-480d-b89c-2c00d33b4782@group-5EC277DF3249-LeaderElection277] INFO  impl.LeaderElection (LeaderElection.java:askForVotes(178)) - 47aecc56-7e95-480d-b89c-2c00d33b4782@group-5EC277DF3249-LeaderElection277: begin an election at term 296 for -1: [47aecc56-7e95-480d-b89c-2c00d33b4782:192.168.69.67:34550, 1bc296c6-def6-4ae4-8c62-5b4c951a28f1:192.168.69.67:37222, bc0382cc-50e2-4d58-b2de-e8b6250f3520:192.168.69.67:37666], old=null
2019-10-18 08:20:25,854 [grpc-default-executor-9] INFO  impl.RaftServerImpl (RaftServerImpl.java:setRole(184)) - 1bc296c6-def6-4ae4-8c62-5b4c951a28f1@group-5EC277DF3249: changes role from  FOLLOWER to FOLLOWER at term 296 for recognizeCandidate:47aecc56-7e95-480d-b89c-2c00d33b4782
2019-10-18 08:20:25,854 [grpc-default-executor-3] INFO  impl.RaftServerImpl (RaftServerImpl.java:setRole(184)) - bc0382cc-50e2-4d58-b2de-e8b6250f3520@group-5EC277DF3249: changes role from  FOLLOWER to FOLLOWER at term 296 for recognizeCandidate:47aecc56-7e95-480d-b89c-2c00d33b4782
2019-10-18 08:20:25,854 [grpc-default-executor-9] INFO  impl.RoleInfo (RoleInfo.java:shutdownFollowerState(121)) - 1bc296c6-def6-4ae4-8c62-5b4c951a28f1: shutdown FollowerState
2019-10-18 08:20:25,855 [grpc-default-executor-3] INFO  impl.RoleInfo (RoleInfo.java:shutdownFollowerState(121)) - bc0382cc-50e2-4d58-b2de-e8b6250f3520: shutdown FollowerState
2019-10-18 08:20:25,855 [Thread-2489] INFO  impl.FollowerState (FollowerState.java:run(117)) - 1bc296c6-def6-4ae4-8c62-5b4c951a28f1@group-5EC277DF3249-FollowerState was interrupted: java.lang.InterruptedException: sleep interrupted
2019-10-18 08:20:25,855 [Thread-2490] INFO  impl.FollowerState (FollowerState.java:run(117)) - bc0382cc-50e2-4d58-b2de-e8b6250f3520@group-5EC277DF3249-FollowerState was interrupted: java.lang.InterruptedException: sleep interrupted
2019-10-18 08:20:25,855 [grpc-default-executor-9] INFO  impl.RoleInfo (RoleInfo.java:updateAndGet(143)) - 1bc296c6-def6-4ae4-8c62-5b4c951a28f1: start FollowerState
2019-10-18 08:20:25,855 [grpc-default-executor-3] INFO  impl.RoleInfo (RoleInfo.java:updateAndGet(143)) - bc0382cc-50e2-4d58-b2de-e8b6250f3520: start FollowerState
2019-10-18 08:20:25,869 [47aecc56-7e95-480d-b89c-2c00d33b4782@group-5EC277DF3249-LeaderElection277] INFO  impl.LeaderElection (LeaderElection.java:logAndReturn(56)) - 47aecc56-7e95-480d-b89c-2c00d33b4782@group-5EC277DF3249-LeaderElection277: Election REJECTED; received 2 response(s) [47aecc56-7e95-480d-b89c-2c00d33b4782<-1bc296c6-def6-4ae4-8c62-5b4c951a28f1#0:FAIL-t296, 47aecc56-7e95-480d-b89c-2c00d33b4782<-bc0382cc-50e2-4d58-b2de-e8b6250f3520#0:FAIL-t296] and 0 exception(s); 47aecc56-7e95-480d-b89c-2c00d33b4782@group-5EC277DF3249:t296, leader=null, voted=47aecc56-7e95-480d-b89c-2c00d33b4782, raftlog=47aecc56-7e95-480d-b89c-2c00d33b4782@group-5EC277DF3249-SegmentedRaftLog:OPENED:c-1,f-1,i0, conf=-1: [47aecc56-7e95-480d-b89c-2c00d33b4782:192.168.69.67:34550, 1bc296c6-def6-4ae4-8c62-5b4c951a28f1:192.168.69.67:37222, bc0382cc-50e2-4d58-b2de-e8b6250f3520:192.168.69.67:37666], old=null
2019-10-18 08:20:25,869 [47aecc56-7e95-480d-b89c-2c00d33b4782@group-5EC277DF3249-LeaderElection277] INFO  impl.RaftServerImpl (RaftServerImpl.java:setRole(184)) - 47aecc56-7e95-480d-b89c-2c00d33b4782@group-5EC277DF3249: changes role from CANDIDATE to FOLLOWER at term 296 for DISCOVERED_A_NEW_TERM
2019-10-18 08:20:25,869 [47aecc56-7e95-480d-b89c-2c00d33b4782@group-5EC277DF3249-LeaderElection277] INFO  impl.RoleInfo (RoleInfo.java:shutdownLeaderElection(134)) - 47aecc56-7e95-480d-b89c-2c00d33b4782: shutdown LeaderElection
2019-10-18 08:20:25,869 [47aecc56-7e95-480d-b89c-2c00d33b4782@group-5EC277DF3249-LeaderElection277] INFO  impl.RoleInfo (RoleInfo.java:updateAndGet(143)) - 47aecc56-7e95-480d-b89c-2c00d33b4782: start FollowerState
2019-10-18 08:20:25,959 [Thread-2497] INFO  impl.FollowerState (FollowerState.java:run(108)) - 47aecc56-7e95-480d-b89c-2c00d33b4782@group-5EC277DF3249-FollowerState: change to CANDIDATE, lastRpcTime:90ms, electionTimeout:90ms
2019-10-18 08:20:25,960 [Thread-2497] INFO  impl.RoleInfo (RoleInfo.java:shutdownFollowerState(121)) - 47aecc56-7e95-480d-b89c-2c00d33b4782: shutdown FollowerState
2019-10-18 08:20:25,960 [Thread-2497] INFO  impl.RaftServerImpl (RaftServerImpl.java:setRole(184)) - 47aecc56-7e95-480d-b89c-2c00d33b4782@group-5EC277DF3249: changes role from  FOLLOWER to CANDIDATE at term 296 for changeToCandidate
2019-10-18 08:20:25,960 [Thread-2497] INFO  impl.RoleInfo (RoleInfo.java:updateAndGet(143)) - 47aecc56-7e95-480d-b89c-2c00d33b4782: start LeaderElection
2019-10-18 08:20:25,973 [47aecc56-7e95-480d-b89c-2c00d33b4782@group-5EC277DF3249-LeaderElection278] INFO  impl.LeaderElection (LeaderElection.java:askForVotes(178)) - 47aecc56-7e95-480d-b89c-2c00d33b4782@group-5EC277DF3249-LeaderElection278: begin an election at term 297 for -1: [47aecc56-7e95-480d-b89c-2c00d33b4782:192.168.69.67:34550, 1bc296c6-def6-4ae4-8c62-5b4c951a28f1:192.168.69.67:37222, bc0382cc-50e2-4d58-b2de-e8b6250f3520:192.168.69.67:37666], old=null
2019-10-18 08:20:25,975 [grpc-default-executor-3] INFO  impl.RaftServerImpl (RaftServerImpl.java:setRole(184)) - 1bc296c6-def6-4ae4-8c62-5b4c951a28f1@group-5EC277DF3249: changes role from  FOLLOWER to FOLLOWER at term 297 for recognizeCandidate:47aecc56-7e95-480d-b89c-2c00d33b4782
2019-10-18 08:20:25,975 [grpc-default-executor-3] INFO  impl.RoleInfo (RoleInfo.java:shutdownFollowerState(121)) - 1bc296c6-def6-4ae4-8c62-5b4c951a28f1: shutdown FollowerState
2019-10-18 08:20:25,975 [grpc-default-executor-9] INFO  impl.RaftServerImpl (RaftServerImpl.java:setRole(184)) - bc0382cc-50e2-4d58-b2de-e8b6250f3520@group-5EC277DF3249: changes role from  FOLLOWER to FOLLOWER at term 297 for recognizeCandidate:47aecc56-7e95-480d-b89c-2c00d33b4782
2019-10-18 08:20:25,975 [Thread-2495] INFO  impl.FollowerState (FollowerState.java:run(117)) - 1bc296c6-def6-4ae4-8c62-5b4c951a28f1@group-5EC277DF3249-FollowerState was interrupted: java.lang.InterruptedException: sleep interrupted
2019-10-18 08:20:25,975 [grpc-default-executor-3] INFO  impl.RoleInfo (RoleInfo.java:updateAndGet(143)) - 1bc296c6-def6-4ae4-8c62-5b4c951a28f1: start FollowerState
2019-10-18 08:20:25,975 [grpc-default-executor-9] INFO  impl.RoleInfo (RoleInfo.java:shutdownFollowerState(121)) - bc0382cc-50e2-4d58-b2de-e8b6250f3520: shutdown FollowerState
2019-10-18 08:20:25,976 [grpc-default-executor-9] INFO  impl.RoleInfo (RoleInfo.java:updateAndGet(143)) - bc0382cc-50e2-4d58-b2de-e8b6250f3520: start FollowerState
2019-10-18 08:20:25,976 [Thread-2496] INFO  impl.FollowerState (FollowerState.java:run(117)) - bc0382cc-50e2-4d58-b2de-e8b6250f3520@group-5EC277DF3249-FollowerState was interrupted: java.lang.InterruptedException: sleep interrupted
2019-10-18 08:20:25,993 [47aecc56-7e95-480d-b89c-2c00d33b4782@group-5EC277DF3249-LeaderElection278] INFO  impl.LeaderElection (LeaderElection.java:logAndReturn(56)) - 47aecc56-7e95-480d-b89c-2c00d33b4782@group-5EC277DF3249-LeaderElection278: Election REJECTED; received 2 response(s) [47aecc56-7e95-480d-b89c-2c00d33b4782<-1bc296c6-def6-4ae4-8c62-5b4c951a28f1#0:FAIL-t297, 47aecc56-7e95-480d-b89c-2c00d33b4782<-bc0382cc-50e2-4d58-b2de-e8b6250f3520#0:FAIL-t297] and 0 exception(s); 47aecc56-7e95-480d-b89c-2c00d33b4782@group-5EC277DF3249:t297, leader=null, voted=47aecc56-7e95-480d-b89c-2c00d33b4782, raftlog=47aecc56-7e95-480d-b89c-2c00d33b4782@group-5EC277DF3249-SegmentedRaftLog:OPENED:c-1,f-1,i0, conf=-1: [47aecc56-7e95-480d-b89c-2c00d33b4782:192.168.69.67:34550, 1bc296c6-def6-4ae4-8c62-5b4c951a28f1:192.168.69.67:37222, bc0382cc-50e2-4d58-b2de-e8b6250f3520:192.168.69.67:37666], old=null
2019-10-18 08:20:25,993 [47aecc56-7e95-480d-b89c-2c00d33b4782@group-5EC277DF3249-LeaderElection278] INFO  impl.RaftServerImpl (RaftServerImpl.java:setRole(184)) - 47aecc56-7e95-480d-b89c-2c00d33b4782@group-5EC277DF3249: changes role from CANDIDATE to FOLLOWER at term 297 for DISCOVERED_A_NEW_TERM
2019-10-18 08:20:25,993 [47aecc56-7e95-480d-b89c-2c00d33b4782@group-5EC277DF3249-LeaderElection278] INFO  impl.RoleInfo (RoleInfo.java:shutdownLeaderElection(134)) - 47aecc56-7e95-480d-b89c-2c00d33b4782: shutdown LeaderElection
2019-10-18 08:20:25,993 [47aecc56-7e95-480d-b89c-2c00d33b4782@group-5EC277DF3249-LeaderElection278] INFO  impl.RoleInfo (RoleInfo.java:updateAndGet(143)) - 47aecc56-7e95-480d-b89c-2c00d33b4782: start FollowerState
2019-10-18 08:20:26,060 [Thread-2503] INFO  impl.FollowerState (FollowerState.java:run(108)) - 47aecc56-7e95-480d-b89c-2c00d33b4782@group-5EC277DF3249-FollowerState: change to CANDIDATE, lastRpcTime:67ms, electionTimeout:67ms
2019-10-18 08:20:26,061 [Thread-2503] INFO  impl.RoleInfo (RoleInfo.java:shutdownFollowerState(121)) - 47aecc56-7e95-480d-b89c-2c00d33b4782: shutdown FollowerState
2019-10-18 08:20:26,061 [Thread-2503] INFO  impl.RaftServerImpl (RaftServerImpl.java:setRole(184)) - 47aecc56-7e95-480d-b89c-2c00d33b4782@group-5EC277DF3249: changes role from  FOLLOWER to CANDIDATE at term 297 for changeToCandidate
2019-10-18 08:20:26,061 [Thread-2503] INFO  impl.RoleInfo (RoleInfo.java:updateAndGet(143)) - 47aecc56-7e95-480d-b89c-2c00d33b4782: start LeaderElection
2019-10-18 08:20:26,075 [47aecc56-7e95-480d-b89c-2c00d33b4782@group-5EC277DF3249-LeaderElection279] INFO  impl.LeaderElection (LeaderElection.java:askForVotes(178)) - 47aecc56-7e95-480d-b89c-2c00d33b4782@group-5EC277DF3249-LeaderElection279: begin an election at term 298 for -1: [47aecc56-7e95-480d-b89c-2c00d33b4782:192.168.69.67:34550, 1bc296c6-def6-4ae4-8c62-5b4c951a28f1:192.168.69.67:37222, bc0382cc-50e2-4d58-b2de-e8b6250f3520:192.168.69.67:37666], old=null
2019-10-18 08:20:26,076 [grpc-default-executor-9] INFO  impl.RaftServerImpl (RaftServerImpl.java:setRole(184)) - bc0382cc-50e2-4d58-b2de-e8b6250f3520@group-5EC277DF3249: changes role from  FOLLOWER to FOLLOWER at term 298 for recognizeCandidate:47aecc56-7e95-480d-b89c-2c00d33b4782
2019-10-18 08:20:26,076 [grpc-default-executor-9] INFO  impl.RoleInfo (RoleInfo.java:shutdownFollowerState(121)) - bc0382cc-50e2-4d58-b2de-e8b6250f3520: shutdown FollowerState
2019-10-18 08:20:26,077 [grpc-default-executor-9] INFO  impl.RoleInfo (RoleInfo.java:updateAndGet(143)) - bc0382cc-50e2-4d58-b2de-e8b6250f3520: start FollowerState
2019-10-18 08:20:26,077 [grpc-default-executor-3] INFO  impl.RaftServerImpl (RaftServerImpl.java:setRole(184)) - 1bc296c6-def6-4ae4-8c62-5b4c951a28f1@group-5EC277DF3249: changes role from  FOLLOWER to FOLLOWER at term 298 for recognizeCandidate:47aecc56-7e95-480d-b89c-2c00d33b4782
2019-10-18 08:20:26,077 [grpc-default-executor-3] INFO  impl.RoleInfo (RoleInfo.java:shutdownFollowerState(121)) - 1bc296c6-def6-4ae4-8c62-5b4c951a28f1: shutdown FollowerState
2019-10-18 08:20:26,077 [Thread-2502] INFO  impl.FollowerState (FollowerState.java:run(117)) - bc0382cc-50e2-4d58-b2de-e8b6250f3520@group-5EC277DF3249-FollowerState was interrupted: java.lang.InterruptedException: sleep interrupted
2019-10-18 08:20:26,077 [Thread-2501] INFO  impl.FollowerState (FollowerState.java:run(117)) - 1bc296c6-def6-4ae4-8c62-5b4c951a28f1@group-5EC277DF3249-FollowerState was interrupted: java.lang.InterruptedException: sleep interrupted
2019-10-18 08:20:26,077 [grpc-default-executor-3] INFO  impl.RoleInfo (RoleInfo.java:updateAndGet(143)) - 1bc296c6-def6-4ae4-8c62-5b4c951a28f1: start FollowerState
2019-10-18 08:20:26,091 [47aecc56-7e95-480d-b89c-2c00d33b4782@group-5EC277DF3249-LeaderElection279] INFO  impl.LeaderElection (LeaderElection.java:logAndReturn(56)) - 47aecc56-7e95-480d-b89c-2c00d33b4782@group-5EC277DF3249-LeaderElection279: Election REJECTED; received 2 response(s) [47aecc56-7e95-480d-b89c-2c00d33b4782<-1bc296c6-def6-4ae4-8c62-5b4c951a28f1#0:FAIL-t298, 47aecc56-7e95-480d-b89c-2c00d33b4782<-bc0382cc-50e2-4d58-b2de-e8b6250f3520#0:FAIL-t298] and 0 exception(s); 47aecc56-7e95-480d-b89c-2c00d33b4782@group-5EC277DF3249:t298, leader=null, voted=47aecc56-7e95-480d-b89c-2c00d33b4782, raftlog=47aecc56-7e95-480d-b89c-2c00d33b4782@group-5EC277DF3249-SegmentedRaftLog:OPENED:c-1,f-1,i0, conf=-1: [47aecc56-7e95-480d-b89c-2c00d33b4782:192.168.69.67:34550, 1bc296c6-def6-4ae4-8c62-5b4c951a28f1:192.168.69.67:37222, bc0382cc-50e2-4d58-b2de-e8b6250f3520:192.168.69.67:37666], old=null
2019-10-18 08:20:26,091 [47aecc56-7e95-480d-b89c-2c00d33b4782@group-5EC277DF3249-LeaderElection279] INFO  impl.RaftServerImpl (RaftServerImpl.java:setRole(184)) - 47aecc56-7e95-480d-b89c-2c00d33b4782@group-5EC277DF3249: changes role from CANDIDATE to FOLLOWER at term 298 for DISCOVERED_A_NEW_TERM
2019-10-18 08:20:26,091 [47aecc56-7e95-480d-b89c-2c00d33b4782@group-5EC277DF3249-LeaderElection279] INFO  impl.RoleInfo (RoleInfo.java:shutdownLeaderElection(134)) - 47aecc56-7e95-480d-b89c-2c00d33b4782: shutdown LeaderElection
2019-10-18 08:20:26,091 [47aecc56-7e95-480d-b89c-2c00d33b4782@group-5EC277DF3249-LeaderElection279] INFO  impl.RoleInfo (RoleInfo.java:updateAndGet(143)) - 47aecc56-7e95-480d-b89c-2c00d33b4782: start FollowerState
 0.00% |?                                                                                                    |  0/1 Time: 0:04:342019-10-18 08:20:26,223 [Thread-2509] INFO  impl.FollowerState (FollowerState.java:run(108)) - 47aecc56-7e95-480d-b89c-2c00d33b4782@group-5EC277DF3249-FollowerState: change to CANDIDATE, lastRpcTime:131ms, electionTimeout:131ms
2019-10-18 08:20:26,223 [Thread-2509] INFO  impl.RoleInfo (RoleInfo.java:shutdownFollowerState(121)) - 47aecc56-7e95-480d-b89c-2c00d33b4782: shutdown FollowerState
2019-10-18 08:20:26,223 [Thread-2509] INFO  impl.RaftServerImpl (RaftServerImpl.java:setRole(184)) - 47aecc56-7e95-480d-b89c-2c00d33b4782@group-5EC277DF3249: changes role from  FOLLOWER to CANDIDATE at term 298 for changeToCandidate
2019-10-18 08:20:26,223 [Thread-2509] INFO  impl.RoleInfo (RoleInfo.java:updateAndGet(143)) - 47aecc56-7e95-480d-b89c-2c00d33b4782: start LeaderElection
2019-10-18 08:20:26,236 [47aecc56-7e95-480d-b89c-2c00d33b4782@group-5EC277DF3249-LeaderElection280] INFO  impl.LeaderElection (LeaderElection.java:askForVotes(178)) - 47aecc56-7e95-480d-b89c-2c00d33b4782@group-5EC277DF3249-LeaderElection280: begin an election at term 299 for -1: [47aecc56-7e95-480d-b89c-2c00d33b4782:192.168.69.67:34550, 1bc296c6-def6-4ae4-8c62-5b4c951a28f1:192.168.69.67:37222, bc0382cc-50e2-4d58-b2de-e8b6250f3520:192.168.69.67:37666], old=null
2019-10-18 08:20:26,238 [grpc-default-executor-3] INFO  impl.RaftServerImpl (RaftServerImpl.java:setRole(184)) - 1bc296c6-def6-4ae4-8c62-5b4c951a28f1@group-5EC277DF3249: changes role from  FOLLOWER to FOLLOWER at term 299 for recognizeCandidate:47aecc56-7e95-480d-b89c-2c00d33b4782
2019-10-18 08:20:26,238 [grpc-default-executor-3] INFO  impl.RoleInfo (RoleInfo.java:shutdownFollowerState(121)) - 1bc296c6-def6-4ae4-8c62-5b4c951a28f1: shutdown FollowerState
2019-10-18 08:20:26,238 [grpc-default-executor-9] INFO  impl.RaftServerImpl (RaftServerImpl.java:setRole(184)) - bc0382cc-50e2-4d58-b2de-e8b6250f3520@group-5EC277DF3249: changes role from  FOLLOWER to FOLLOWER at term 299 for recognizeCandidate:47aecc56-7e95-480d-b89c-2c00d33b4782
2019-10-18 08:20:26,238 [grpc-default-executor-9] INFO  impl.RoleInfo (RoleInfo.java:shutdownFollowerState(121)) - bc0382cc-50e2-4d58-b2de-e8b6250f3520: shutdown FollowerState
2019-10-18 08:20:26,238 [Thread-2508] INFO  impl.FollowerState (FollowerState.java:run(117)) - 1bc296c6-def6-4ae4-8c62-5b4c951a28f1@group-5EC277DF3249-FollowerState was interrupted: java.lang.InterruptedException: sleep interrupted
2019-10-18 08:20:26,238 [grpc-default-executor-3] INFO  impl.RoleInfo (RoleInfo.java:updateAndGet(143)) - 1bc296c6-def6-4ae4-8c62-5b4c951a28f1: start FollowerState
2019-10-18 08:20:26,238 [Thread-2507] INFO  impl.FollowerState (FollowerState.java:run(117)) - bc0382cc-50e2-4d58-b2de-e8b6250f3520@group-5EC277DF3249-FollowerState was interrupted: java.lang.InterruptedException: sleep interrupted
2019-10-18 08:20:26,238 [grpc-default-executor-9] INFO  impl.RoleInfo (RoleInfo.java:updateAndGet(143)) - bc0382cc-50e2-4d58-b2de-e8b6250f3520: start FollowerState
2019-10-18 08:20:26,254 [47aecc56-7e95-480d-b89c-2c00d33b4782@group-5EC277DF3249-LeaderElection280] INFO  impl.LeaderElection (LeaderElection.java:logAndReturn(56)) - 47aecc56-7e95-480d-b89c-2c00d33b4782@group-5EC277DF3249-LeaderElection280: Election REJECTED; received 2 response(s) [47aecc56-7e95-480d-b89c-2c00d33b4782<-1bc296c6-def6-4ae4-8c62-5b4c951a28f1#0:FAIL-t299, 47aecc56-7e95-480d-b89c-2c00d33b4782<-bc0382cc-50e2-4d58-b2de-e8b6250f3520#0:FAIL-t299] and 0 exception(s); 47aecc56-7e95-480d-b89c-2c00d33b4782@group-5EC277DF3249:t299, leader=null, voted=47aecc56-7e95-480d-b89c-2c00d33b4782, raftlog=47aecc56-7e95-480d-b89c-2c00d33b4782@group-5EC277DF3249-SegmentedRaftLog:OPENED:c-1,f-1,i0, conf=-1: [47aecc56-7e95-480d-b89c-2c00d33b4782:192.168.69.67:34550, 1bc296c6-def6-4ae4-8c62-5b4c951a28f1:192.168.69.67:37222, bc0382cc-50e2-4d58-b2de-e8b6250f3520:192.168.69.67:37666], old=null
2019-10-18 08:20:26,255 [47aecc56-7e95-480d-b89c-2c00d33b4782@group-5EC277DF3249-LeaderElection280] INFO  impl.RaftServerImpl (RaftServerImpl.java:setRole(184)) - 47aecc56-7e95-480d-b89c-2c00d33b4782@group-5EC277DF3249: changes role from CANDIDATE to FOLLOWER at term 299 for DISCOVERED_A_NEW_TERM
2019-10-18 08:20:26,255 [47aecc56-7e95-480d-b89c-2c00d33b4782@group-5EC277DF3249-LeaderElection280] INFO  impl.RoleInfo (RoleInfo.java:shutdownLeaderElection(134)) - 47aecc56-7e95-480d-b89c-2c00d33b4782: shutdown LeaderElection
2019-10-18 08:20:26,255 [47aecc56-7e95-480d-b89c-2c00d33b4782@group-5EC277DF3249-LeaderElection280] INFO  impl.RoleInfo (RoleInfo.java:updateAndGet(143)) - 47aecc56-7e95-480d-b89c-2c00d33b4782: start FollowerState
2019-10-18 08:20:26,290 [Thread-2515] INFO  impl.FollowerState (FollowerState.java:run(108)) - 47aecc56-7e95-480d-b89c-2c00d33b4782@group-5EC277DF3249-FollowerState: change to CANDIDATE, lastRpcTime:35ms, electionTimeout:35ms
2019-10-18 08:20:26,290 [Thread-2515] INFO  impl.RoleInfo (RoleInfo.java:shutdownFollowerState(121)) - 47aecc56-7e95-480d-b89c-2c00d33b4782: shutdown FollowerState
2019-10-18 08:20:26,290 [Thread-2515] INFO  impl.RaftServerImpl (RaftServerImpl.java:setRole(184)) - 47aecc56-7e95-480d-b89c-2c00d33b4782@group-5EC277DF3249: changes role from  FOLLOWER to CANDIDATE at term 299 for changeToCandidate
2019-10-18 08:20:26,291 [Thread-2515] INFO  impl.RoleInfo (RoleInfo.java:updateAndGet(143)) - 47aecc56-7e95-480d-b89c-2c00d33b4782: start LeaderElection
2019-10-18 08:20:26,304 [47aecc56-7e95-480d-b89c-2c00d33b4782@group-5EC277DF3249-LeaderElection281] INFO  impl.LeaderElection (LeaderElection.java:askForVotes(178)) - 47aecc56-7e95-480d-b89c-2c00d33b4782@group-5EC277DF3249-LeaderElection281: begin an election at term 300 for -1: [47aecc56-7e95-480d-b89c-2c00d33b4782:192.168.69.67:34550, 1bc296c6-def6-4ae4-8c62-5b4c951a28f1:192.168.69.67:37222, bc0382cc-50e2-4d58-b2de-e8b6250f3520:192.168.69.67:37666], old=null
2019-10-18 08:20:26,305 [grpc-default-executor-9] INFO  impl.RaftServerImpl (RaftServerImpl.java:setRole(184)) - 1bc296c6-def6-4ae4-8c62-5b4c951a28f1@group-5EC277DF3249: changes role from  FOLLOWER to FOLLOWER at term 300 for recognizeCandidate:47aecc56-7e95-480d-b89c-2c00d33b4782
2019-10-18 08:20:26,306 [grpc-default-executor-9] INFO  impl.RoleInfo (RoleInfo.java:shutdownFollowerState(121)) - 1bc296c6-def6-4ae4-8c62-5b4c951a28f1: shutdown FollowerState
2019-10-18 08:20:26,306 [grpc-default-executor-3] INFO  impl.RaftServerImpl (RaftServerImpl.java:setRole(184)) - bc0382cc-50e2-4d58-b2de-e8b6250f3520@group-5EC277DF3249: changes role from  FOLLOWER to FOLLOWER at term 300 for recognizeCandidate:47aecc56-7e95-480d-b89c-2c00d33b4782
2019-10-18 08:20:26,306 [Thread-2513] INFO  impl.FollowerState (FollowerState.java:run(117)) - 1bc296c6-def6-4ae4-8c62-5b4c951a28f1@group-5EC277DF3249-FollowerState was interrupted: java.lang.InterruptedException: sleep interrupted
2019-10-18 08:20:26,306 [grpc-default-executor-9] INFO  impl.RoleInfo (RoleInfo.java:updateAndGet(143)) - 1bc296c6-def6-4ae4-8c62-5b4c951a28f1: start FollowerState
2019-10-18 08:20:26,306 [grpc-default-executor-3] INFO  impl.RoleInfo (RoleInfo.java:shutdownFollowerState(121)) - bc0382cc-50e2-4d58-b2de-e8b6250f3520: shutdown FollowerState
2019-10-18 08:20:26,306 [grpc-default-executor-3] INFO  impl.RoleInfo (RoleInfo.java:updateAndGet(143)) - bc0382cc-50e2-4d58-b2de-e8b6250f3520: start FollowerState
2019-10-18 08:20:26,307 [Thread-2514] INFO  impl.FollowerState (FollowerState.java:run(117)) - bc0382cc-50e2-4d58-b2de-e8b6250f3520@group-5EC277DF3249-FollowerState was interrupted: java.lang.InterruptedException: sleep interrupted
2019-10-18 08:20:26,320 [47aecc56-7e95-480d-b89c-2c00d33b4782@group-5EC277DF3249-LeaderElection281] INFO  impl.LeaderElection (LeaderElection.java:logAndReturn(56)) - 47aecc56-7e95-480d-b89c-2c00d33b4782@group-5EC277DF3249-LeaderElection281: Election REJECTED; received 2 response(s) [47aecc56-7e95-480d-b89c-2c00d33b4782<-1bc296c6-def6-4ae4-8c62-5b4c951a28f1#0:FAIL-t300, 47aecc56-7e95-480d-b89c-2c00d33b4782<-bc0382cc-50e2-4d58-b2de-e8b6250f3520#0:FAIL-t300] and 0 exception(s); 47aecc56-7e95-480d-b89c-2c00d33b4782@group-5EC277DF3249:t300, leader=null, voted=47aecc56-7e95-480d-b89c-2c00d33b4782, raftlog=47aecc56-7e95-480d-b89c-2c00d33b4782@group-5EC277DF3249-SegmentedRaftLog:OPENED:c-1,f-1,i0, conf=-1: [47aecc56-7e95-480d-b89c-2c00d33b4782:192.168.69.67:34550, 1bc296c6-def6-4ae4-8c62-5b4c951a28f1:192.168.69.67:37222, bc0382cc-50e2-4d58-b2de-e8b6250f3520:192.168.69.67:37666], old=null
2019-10-18 08:20:26,320 [47aecc56-7e95-480d-b89c-2c00d33b4782@group-5EC277DF3249-LeaderElection281] INFO  impl.RaftServerImpl (RaftServerImpl.java:setRole(184)) - 47aecc56-7e95-480d-b89c-2c00d33b4782@group-5EC277DF3249: changes role from CANDIDATE to FOLLOWER at term 300 for DISCOVERED_A_NEW_TERM
2019-10-18 08:20:26,320 [47aecc56-7e95-480d-b89c-2c00d33b4782@group-5EC277DF3249-LeaderElection281] INFO  impl.RoleInfo (RoleInfo.java:shutdownLeaderElection(134)) - 47aecc56-7e95-480d-b89c-2c00d33b4782: shutdown LeaderElection
2019-10-18 08:20:26,320 [47aecc56-7e95-480d-b89c-2c00d33b4782@group-5EC277DF3249-LeaderElection281] INFO  impl.RoleInfo (RoleInfo.java:updateAndGet(143)) - 47aecc56-7e95-480d-b89c-2c00d33b4782: start FollowerState
2019-10-18 08:20:26,471 [Thread-2521] INFO  impl.FollowerState (FollowerState.java:run(108)) - 47aecc56-7e95-480d-b89c-2c00d33b4782@group-5EC277DF3249-FollowerState: change to CANDIDATE, lastRpcTime:150ms, electionTimeout:150ms
2019-10-18 08:20:26,471 [Thread-2521] INFO  impl.RoleInfo (RoleInfo.java:shutdownFollowerState(121)) - 47aecc56-7e95-480d-b89c-2c00d33b4782: shutdown FollowerState
2019-10-18 08:20:26,471 [Thread-2521] INFO  impl.RaftServerImpl (RaftServerImpl.java:setRole(184)) - 47aecc56-7e95-480d-b89c-2c00d33b4782@group-5EC277DF3249: changes role from  FOLLOWER to CANDIDATE at term 300 for changeToCandidate
2019-10-18 08:20:26,471 [Thread-2521] INFO  impl.RoleInfo (RoleInfo.java:updateAndGet(143)) - 47aecc56-7e95-480d-b89c-2c00d33b4782: start LeaderElection
2019-10-18 08:20:26,485 [47aecc56-7e95-480d-b89c-2c00d33b4782@group-5EC277DF3249-LeaderElection282] INFO  impl.LeaderElection (LeaderElection.java:askForVotes(178)) - 47aecc56-7e95-480d-b89c-2c00d33b4782@group-5EC277DF3249-LeaderElection282: begin an election at term 301 for -1: [47aecc56-7e95-480d-b89c-2c00d33b4782:192.168.69.67:34550, 1bc296c6-def6-4ae4-8c62-5b4c951a28f1:192.168.69.67:37222, bc0382cc-50e2-4d58-b2de-e8b6250f3520:192.168.69.67:37666], old=null
2019-10-18 08:20:26,487 [grpc-default-executor-9] INFO  impl.RaftServerImpl (RaftServerImpl.java:setRole(184)) - 1bc296c6-def6-4ae4-8c62-5b4c951a28f1@group-5EC277DF3249: changes role from  FOLLOWER to FOLLOWER at term 301 for recognizeCandidate:47aecc56-7e95-480d-b89c-2c00d33b4782
2019-10-18 08:20:26,487 [grpc-default-executor-9] INFO  impl.RoleInfo (RoleInfo.java:shutdownFollowerState(121)) - 1bc296c6-def6-4ae4-8c62-5b4c951a28f1: shutdown FollowerState
2019-10-18 08:20:26,487 [grpc-default-executor-3] INFO  impl.RaftServerImpl (RaftServerImpl.java:setRole(184)) - bc0382cc-50e2-4d58-b2de-e8b6250f3520@group-5EC277DF3249: changes role from  FOLLOWER to FOLLOWER at term 301 for recognizeCandidate:47aecc56-7e95-480d-b89c-2c00d33b4782
2019-10-18 08:20:26,487 [grpc-default-executor-3] INFO  impl.RoleInfo (RoleInfo.java:shutdownFollowerState(121)) - bc0382cc-50e2-4d58-b2de-e8b6250f3520: shutdown FollowerState
2019-10-18 08:20:26,487 [Thread-2519] INFO  impl.FollowerState (FollowerState.java:run(117)) - 1bc296c6-def6-4ae4-8c62-5b4c951a28f1@group-5EC277DF3249-FollowerState was interrupted: java.lang.InterruptedException: sleep interrupted
2019-10-18 08:20:26,488 [Thread-2520] INFO  impl.FollowerState (FollowerState.java:run(117)) - bc0382cc-50e2-4d58-b2de-e8b6250f3520@group-5EC277DF3249-FollowerState was interrupted: java.lang.InterruptedException: sleep interrupted
2019-10-18 08:20:26,487 [grpc-default-executor-9] INFO  impl.RoleInfo (RoleInfo.java:updateAndGet(143)) - 1bc296c6-def6-4ae4-8c62-5b4c951a28f1: start FollowerState
2019-10-18 08:20:26,487 [grpc-default-executor-3] INFO  impl.RoleInfo (RoleInfo.java:updateAndGet(143)) - bc0382cc-50e2-4d58-b2de-e8b6250f3520: start FollowerState
2019-10-18 08:20:26,502 [47aecc56-7e95-480d-b89c-2c00d33b4782@group-5EC277DF3249-LeaderElection282] INFO  impl.LeaderElection (LeaderElection.java:logAndReturn(56)) - 47aecc56-7e95-480d-b89c-2c00d33b4782@group-5EC277DF3249-LeaderElection282: Election REJECTED; received 2 response(s) [47aecc56-7e95-480d-b89c-2c00d33b4782<-1bc296c6-def6-4ae4-8c62-5b4c951a28f1#0:FAIL-t301, 47aecc56-7e95-480d-b89c-2c00d33b4782<-bc0382cc-50e2-4d58-b2de-e8b6250f3520#0:FAIL-t301] and 0 exception(s); 47aecc56-7e95-480d-b89c-2c00d33b4782@group-5EC277DF3249:t301, leader=null, voted=47aecc56-7e95-480d-b89c-2c00d33b4782, raftlog=47aecc56-7e95-480d-b89c-2c00d33b4782@group-5EC277DF3249-SegmentedRaftLog:OPENED:c-1,f-1,i0, conf=-1: [47aecc56-7e95-480d-b89c-2c00d33b4782:192.168.69.67:34550, 1bc296c6-def6-4ae4-8c62-5b4c951a28f1:192.168.69.67:37222, bc0382cc-50e2-4d58-b2de-e8b6250f3520:192.168.69.67:37666], old=null
2019-10-18 08:20:26,502 [47aecc56-7e95-480d-b89c-2c00d33b4782@group-5EC277DF3249-LeaderElection282] INFO  impl.RaftServerImpl (RaftServerImpl.java:setRole(184)) - 47aecc56-7e95-480d-b89c-2c00d33b4782@group-5EC277DF3249: changes role from CANDIDATE to FOLLOWER at term 301 for DISCOVERED_A_NEW_TERM
2019-10-18 08:20:26,502 [47aecc56-7e95-480d-b89c-2c00d33b4782@group-5EC277DF3249-LeaderElection282] INFO  impl.RoleInfo (RoleInfo.java:shutdownLeaderElection(134)) - 47aecc56-7e95-480d-b89c-2c00d33b4782: shutdown LeaderElection
2019-10-18 08:20:26,502 [47aecc56-7e95-480d-b89c-2c00d33b4782@group-5EC277DF3249-LeaderElection282] INFO  impl.RoleInfo (RoleInfo.java:updateAndGet(143)) - 47aecc56-7e95-480d-b89c-2c00d33b4782: start FollowerState
2019-10-18 08:20:26,513 [Thread-2527] INFO  impl.FollowerState (FollowerState.java:run(108)) - 47aecc56-7e95-480d-b89c-2c00d33b4782@group-5EC277DF3249-FollowerState: change to CANDIDATE, lastRpcTime:10ms, electionTimeout:10ms
2019-10-18 08:20:26,513 [Thread-2527] INFO  impl.RoleInfo (RoleInfo.java:shutdownFollowerState(121)) - 47aecc56-7e95-480d-b89c-2c00d33b4782: shutdown FollowerState
2019-10-18 08:20:26,513 [Thread-2527] INFO  impl.RaftServerImpl (RaftServerImpl.java:setRole(184)) - 47aecc56-7e95-480d-b89c-2c00d33b4782@group-5EC277DF3249: changes role from  FOLLOWER to CANDIDATE at term 301 for changeToCandidate
2019-10-18 08:20:26,513 [Thread-2527] INFO  impl.RoleInfo (RoleInfo.java:updateAndGet(143)) - 47aecc56-7e95-480d-b89c-2c00d33b4782: start LeaderElection
2019-10-18 08:20:26,527 [47aecc56-7e95-480d-b89c-2c00d33b4782@group-5EC277DF3249-LeaderElection283] INFO  impl.LeaderElection (LeaderElection.java:askForVotes(178)) - 47aecc56-7e95-480d-b89c-2c00d33b4782@group-5EC277DF3249-LeaderElection283: begin an election at term 302 for -1: [47aecc56-7e95-480d-b89c-2c00d33b4782:192.168.69.67:34550, 1bc296c6-def6-4ae4-8c62-5b4c951a28f1:192.168.69.67:37222, bc0382cc-50e2-4d58-b2de-e8b6250f3520:192.168.69.67:37666], old=null
2019-10-18 08:20:26,528 [grpc-default-executor-9] INFO  impl.RaftServerImpl (RaftServerImpl.java:setRole(184)) - 1bc296c6-def6-4ae4-8c62-5b4c951a28f1@group-5EC277DF3249: changes role from  FOLLOWER to FOLLOWER at term 302 for recognizeCandidate:47aecc56-7e95-480d-b89c-2c00d33b4782
2019-10-18 08:20:26,528 [grpc-default-executor-3] INFO  impl.RaftServerImpl (RaftServerImpl.java:setRole(184)) - bc0382cc-50e2-4d58-b2de-e8b6250f3520@group-5EC277DF3249: changes role from  FOLLOWER to FOLLOWER at term 302 for recognizeCandidate:47aecc56-7e95-480d-b89c-2c00d33b4782
2019-10-18 08:20:26,528 [grpc-default-executor-3] INFO  impl.RoleInfo (RoleInfo.java:shutdownFollowerState(121)) - bc0382cc-50e2-4d58-b2de-e8b6250f3520: shutdown FollowerState
2019-10-18 08:20:26,528 [grpc-default-executor-9] INFO  impl.RoleInfo (RoleInfo.java:shutdownFollowerState(121)) - 1bc296c6-def6-4ae4-8c62-5b4c951a28f1: shutdown FollowerState
2019-10-18 08:20:26,528 [Thread-2526] INFO  impl.FollowerState (FollowerState.java:run(117)) - bc0382cc-50e2-4d58-b2de-e8b6250f3520@group-5EC277DF3249-FollowerState was interrupted: java.lang.InterruptedException: sleep interrupted
2019-10-18 08:20:26,528 [grpc-default-executor-3] INFO  impl.RoleInfo (RoleInfo.java:updateAndGet(143)) - bc0382cc-50e2-4d58-b2de-e8b6250f3520: start FollowerState
2019-10-18 08:20:26,529 [Thread-2525] INFO  impl.FollowerState (FollowerState.java:run(117)) - 1bc296c6-def6-4ae4-8c62-5b4c951a28f1@group-5EC277DF3249-FollowerState was interrupted: java.lang.InterruptedException: sleep interrupted
2019-10-18 08:20:26,529 [grpc-default-executor-9] INFO  impl.RoleInfo (RoleInfo.java:updateAndGet(143)) - 1bc296c6-def6-4ae4-8c62-5b4c951a28f1: start FollowerState
2019-10-18 08:20:26,543 [47aecc56-7e95-480d-b89c-2c00d33b4782@group-5EC277DF3249-LeaderElection283] INFO  impl.LeaderElection (LeaderElection.java:logAndReturn(56)) - 47aecc56-7e95-480d-b89c-2c00d33b4782@group-5EC277DF3249-LeaderElection283: Election REJECTED; received 2 response(s) [47aecc56-7e95-480d-b89c-2c00d33b4782<-1bc296c6-def6-4ae4-8c62-5b4c951a28f1#0:FAIL-t302, 47aecc56-7e95-480d-b89c-2c00d33b4782<-bc0382cc-50e2-4d58-b2de-e8b6250f3520#0:FAIL-t302] and 0 exception(s); 47aecc56-7e95-480d-b89c-2c00d33b4782@group-5EC277DF3249:t302, leader=null, voted=47aecc56-7e95-480d-b89c-2c00d33b4782, raftlog=47aecc56-7e95-480d-b89c-2c00d33b4782@group-5EC277DF3249-SegmentedRaftLog:OPENED:c-1,f-1,i0, conf=-1: [47aecc56-7e95-480d-b89c-2c00d33b4782:192.168.69.67:34550, 1bc296c6-def6-4ae4-8c62-5b4c951a28f1:192.168.69.67:37222, bc0382cc-50e2-4d58-b2de-e8b6250f3520:192.168.69.67:37666], old=null
2019-10-18 08:20:26,543 [47aecc56-7e95-480d-b89c-2c00d33b4782@group-5EC277DF3249-LeaderElection283] INFO  impl.RaftServerImpl (RaftServerImpl.java:setRole(184)) - 47aecc56-7e95-480d-b89c-2c00d33b4782@group-5EC277DF3249: changes role from CANDIDATE to FOLLOWER at term 302 for DISCOVERED_A_NEW_TERM
2019-10-18 08:20:26,543 [47aecc56-7e95-480d-b89c-2c00d33b4782@group-5EC277DF3249-LeaderElection283] INFO  impl.RoleInfo (RoleInfo.java:shutdownLeaderElection(134)) - 47aecc56-7e95-480d-b89c-2c00d33b4782: shutdown LeaderElection
2019-10-18 08:20:26,543 [47aecc56-7e95-480d-b89c-2c00d33b4782@group-5EC277DF3249-LeaderElection283] INFO  impl.RoleInfo (RoleInfo.java:updateAndGet(143)) - 47aecc56-7e95-480d-b89c-2c00d33b4782: start FollowerState
2019-10-18 08:20:26,571 [Thread-2533] INFO  impl.FollowerState (FollowerState.java:run(108)) - 47aecc56-7e95-480d-b89c-2c00d33b4782@group-5EC277DF3249-FollowerState: change to CANDIDATE, lastRpcTime:28ms, electionTimeout:28ms
2019-10-18 08:20:26,572 [Thread-2533] INFO  impl.RoleInfo (RoleInfo.java:shutdownFollowerState(121)) - 47aecc56-7e95-480d-b89c-2c00d33b4782: shutdown FollowerState
2019-10-18 08:20:26,572 [Thread-2533] INFO  impl.RaftServerImpl (RaftServerImpl.java:setRole(184)) - 47aecc56-7e95-480d-b89c-2c00d33b4782@group-5EC277DF3249: changes role from  FOLLOWER to CANDIDATE at term 302 for changeToCandidate
2019-10-18 08:20:26,572 [Thread-2533] INFO  impl.RoleInfo (RoleInfo.java:updateAndGet(143)) - 47aecc56-7e95-480d-b89c-2c00d33b4782: start LeaderElection
2019-10-18 08:20:26,586 [47aecc56-7e95-480d-b89c-2c00d33b4782@group-5EC277DF3249-LeaderElection284] INFO  impl.LeaderElection (LeaderElection.java:askForVotes(178)) - 47aecc56-7e95-480d-b89c-2c00d33b4782@group-5EC277DF3249-LeaderElection284: begin an election at term 303 for -1: [47aecc56-7e95-480d-b89c-2c00d33b4782:192.168.69.67:34550, 1bc296c6-def6-4ae4-8c62-5b4c951a28f1:192.168.69.67:37222, bc0382cc-50e2-4d58-b2de-e8b6250f3520:192.168.69.67:37666], old=null
2019-10-18 08:20:26,587 [grpc-default-executor-3] INFO  impl.RaftServerImpl (RaftServerImpl.java:setRole(184)) - 1bc296c6-def6-4ae4-8c62-5b4c951a28f1@group-5EC277DF3249: changes role from  FOLLOWER to FOLLOWER at term 303 for recognizeCandidate:47aecc56-7e95-480d-b89c-2c00d33b4782
2019-10-18 08:20:26,587 [grpc-default-executor-3] INFO  impl.RoleInfo (RoleInfo.java:shutdownFollowerState(121)) - 1bc296c6-def6-4ae4-8c62-5b4c951a28f1: shutdown FollowerState
2019-10-18 08:20:26,588 [grpc-default-executor-9] INFO  impl.RaftServerImpl (RaftServerImpl.java:setRole(184)) - bc0382cc-50e2-4d58-b2de-e8b6250f3520@group-5EC277DF3249: changes role from  FOLLOWER to FOLLOWER at term 303 for recognizeCandidate:47aecc56-7e95-480d-b89c-2c00d33b4782
2019-10-18 08:20:26,588 [Thread-2532] INFO  impl.FollowerState (FollowerState.java:run(117)) - 1bc296c6-def6-4ae4-8c62-5b4c951a28f1@group-5EC277DF3249-FollowerState was interrupted: java.lang.InterruptedException: sleep interrupted
2019-10-18 08:20:26,588 [grpc-default-executor-3] INFO  impl.RoleInfo (RoleInfo.java:updateAndGet(143)) - 1bc296c6-def6-4ae4-8c62-5b4c951a28f1: start FollowerState
2019-10-18 08:20:26,588 [grpc-default-executor-9] INFO  impl.RoleInfo (RoleInfo.java:shutdownFollowerState(121)) - bc0382cc-50e2-4d58-b2de-e8b6250f3520: shutdown FollowerState
2019-10-18 08:20:26,588 [grpc-default-executor-9] INFO  impl.RoleInfo (RoleInfo.java:updateAndGet(143)) - bc0382cc-50e2-4d58-b2de-e8b6250f3520: start FollowerState
2019-10-18 08:20:26,588 [Thread-2531] INFO  impl.FollowerState (FollowerState.java:run(117)) - bc0382cc-50e2-4d58-b2de-e8b6250f3520@group-5EC277DF3249-FollowerState was interrupted: java.lang.InterruptedException: sleep interrupted
2019-10-18 08:20:26,602 [47aecc56-7e95-480d-b89c-2c00d33b4782@group-5EC277DF3249-LeaderElection284] INFO  impl.LeaderElection (LeaderElection.java:logAndReturn(56)) - 47aecc56-7e95-480d-b89c-2c00d33b4782@group-5EC277DF3249-LeaderElection284: Election REJECTED; received 2 response(s) [47aecc56-7e95-480d-b89c-2c00d33b4782<-1bc296c6-def6-4ae4-8c62-5b4c951a28f1#0:FAIL-t303, 47aecc56-7e95-480d-b89c-2c00d33b4782<-bc0382cc-50e2-4d58-b2de-e8b6250f3520#0:FAIL-t303] and 0 exception(s); 47aecc56-7e95-480d-b89c-2c00d33b4782@group-5EC277DF3249:t303, leader=null, voted=47aecc56-7e95-480d-b89c-2c00d33b4782, raftlog=47aecc56-7e95-480d-b89c-2c00d33b4782@group-5EC277DF3249-SegmentedRaftLog:OPENED:c-1,f-1,i0, conf=-1: [47aecc56-7e95-480d-b89c-2c00d33b4782:192.168.69.67:34550, 1bc296c6-def6-4ae4-8c62-5b4c951a28f1:192.168.69.67:37222, bc0382cc-50e2-4d58-b2de-e8b6250f3520:192.168.69.67:37666], old=null
2019-10-18 08:20:26,602 [47aecc56-7e95-480d-b89c-2c00d33b4782@group-5EC277DF3249-LeaderElection284] INFO  impl.RaftServerImpl (RaftServerImpl.java:setRole(184)) - 47aecc56-7e95-480d-b89c-2c00d33b4782@group-5EC277DF3249: changes role from CANDIDATE to FOLLOWER at term 303 for DISCOVERED_A_NEW_TERM
2019-10-18 08:20:26,602 [47aecc56-7e95-480d-b89c-2c00d33b4782@group-5EC277DF3249-LeaderElection284] INFO  impl.RoleInfo (RoleInfo.java:shutdownLeaderElection(134)) - 47aecc56-7e95-480d-b89c-2c00d33b4782: shutdown LeaderElection
2019-10-18 08:20:26,602 [47aecc56-7e95-480d-b89c-2c00d33b4782@group-5EC277DF3249-LeaderElection284] INFO  impl.RoleInfo (RoleInfo.java:updateAndGet(143)) - 47aecc56-7e95-480d-b89c-2c00d33b4782: start FollowerState
2019-10-18 08:20:26,712 [Thread-2539] INFO  impl.FollowerState (FollowerState.java:run(108)) - 47aecc56-7e95-480d-b89c-2c00d33b4782@group-5EC277DF3249-FollowerState: change to CANDIDATE, lastRpcTime:110ms, electionTimeout:110ms
2019-10-18 08:20:26,712 [Thread-2539] INFO  impl.RoleInfo (RoleInfo.java:shutdownFollowerState(121)) - 47aecc56-7e95-480d-b89c-2c00d33b4782: shutdown FollowerState
2019-10-18 08:20:26,712 [Thread-2539] INFO  impl.RaftServerImpl (RaftServerImpl.java:setRole(184)) - 47aecc56-7e95-480d-b89c-2c00d33b4782@group-5EC277DF3249: changes role from  FOLLOWER to CANDIDATE at term 303 for changeToCandidate
2019-10-18 08:20:26,713 [Thread-2539] INFO  impl.RoleInfo (RoleInfo.java:updateAndGet(143)) - 47aecc56-7e95-480d-b89c-2c00d33b4782: start LeaderElection
2019-10-18 08:20:26,726 [47aecc56-7e95-480d-b89c-2c00d33b4782@group-5EC277DF3249-LeaderElection285] INFO  impl.LeaderElection (LeaderElection.java:askForVotes(178)) - 47aecc56-7e95-480d-b89c-2c00d33b4782@group-5EC277DF3249-LeaderElection285: begin an election at term 304 for -1: [47aecc56-7e95-480d-b89c-2c00d33b4782:192.168.69.67:34550, 1bc296c6-def6-4ae4-8c62-5b4c951a28f1:192.168.69.67:37222, bc0382cc-50e2-4d58-b2de-e8b6250f3520:192.168.69.67:37666], old=null
2019-10-18 08:20:26,728 [grpc-default-executor-3] INFO  impl.RaftServerImpl (RaftServerImpl.java:setRole(184)) - 1bc296c6-def6-4ae4-8c62-5b4c951a28f1@group-5EC277DF3249: changes role from  FOLLOWER to FOLLOWER at term 304 for recognizeCandidate:47aecc56-7e95-480d-b89c-2c00d33b4782
2019-10-18 08:20:26,728 [grpc-default-executor-3] INFO  impl.RoleInfo (RoleInfo.java:shutdownFollowerState(121)) - 1bc296c6-def6-4ae4-8c62-5b4c951a28f1: shutdown FollowerState
2019-10-18 08:20:26,728 [grpc-default-executor-9] INFO  impl.RaftServerImpl (RaftServerImpl.java:setRole(184)) - bc0382cc-50e2-4d58-b2de-e8b6250f3520@group-5EC277DF3249: changes role from  FOLLOWER to FOLLOWER at term 304 for recognizeCandidate:47aecc56-7e95-480d-b89c-2c00d33b4782
2019-10-18 08:20:26,728 [grpc-default-executor-9] INFO  impl.RoleInfo (RoleInfo.java:shutdownFollowerState(121)) - bc0382cc-50e2-4d58-b2de-e8b6250f3520: shutdown FollowerState
2019-10-18 08:20:26,728 [Thread-2537] INFO  impl.FollowerState (FollowerState.java:run(117)) - 1bc296c6-def6-4ae4-8c62-5b4c951a28f1@group-5EC277DF3249-FollowerState was interrupted: java.lang.InterruptedException: sleep interrupted
2019-10-18 08:20:26,728 [grpc-default-executor-3] INFO  impl.RoleInfo (RoleInfo.java:updateAndGet(143)) - 1bc296c6-def6-4ae4-8c62-5b4c951a28f1: start FollowerState
2019-10-18 08:20:26,728 [Thread-2538] INFO  impl.FollowerState (FollowerState.java:run(117)) - bc0382cc-50e2-4d58-b2de-e8b6250f3520@group-5EC277DF3249-FollowerState was interrupted: java.lang.InterruptedException: sleep interrupted
2019-10-18 08:20:26,728 [grpc-default-executor-9] INFO  impl.RoleInfo (RoleInfo.java:updateAndGet(143)) - bc0382cc-50e2-4d58-b2de-e8b6250f3520: start FollowerState
2019-10-18 08:20:26,743 [47aecc56-7e95-480d-b89c-2c00d33b4782@group-5EC277DF3249-LeaderElection285] INFO  impl.LeaderElection (LeaderElection.java:logAndReturn(56)) - 47aecc56-7e95-480d-b89c-2c00d33b4782@group-5EC277DF3249-LeaderElection285: Election REJECTED; received 2 response(s) [47aecc56-7e95-480d-b89c-2c00d33b4782<-1bc296c6-def6-4ae4-8c62-5b4c951a28f1#0:FAIL-t304, 47aecc56-7e95-480d-b89c-2c00d33b4782<-bc0382cc-50e2-4d58-b2de-e8b6250f3520#0:FAIL-t304] and 0 exception(s); 47aecc56-7e95-480d-b89c-2c00d33b4782@group-5EC277DF3249:t304, leader=null, voted=47aecc56-7e95-480d-b89c-2c00d33b4782, raftlog=47aecc56-7e95-480d-b89c-2c00d33b4782@group-5EC277DF3249-SegmentedRaftLog:OPENED:c-1,f-1,i0, conf=-1: [47aecc56-7e95-480d-b89c-2c00d33b4782:192.168.69.67:34550, 1bc296c6-def6-4ae4-8c62-5b4c951a28f1:192.168.69.67:37222, bc0382cc-50e2-4d58-b2de-e8b6250f3520:192.168.69.67:37666], old=null
2019-10-18 08:20:26,743 [47aecc56-7e95-480d-b89c-2c00d33b4782@group-5EC277DF3249-LeaderElection285] INFO  impl.RaftServerImpl (RaftServerImpl.java:setRole(184)) - 47aecc56-7e95-480d-b89c-2c00d33b4782@group-5EC277DF3249: changes role from CANDIDATE to FOLLOWER at term 304 for DISCOVERED_A_NEW_TERM
2019-10-18 08:20:26,743 [47aecc56-7e95-480d-b89c-2c00d33b4782@group-5EC277DF3249-LeaderElection285] INFO  impl.RoleInfo (RoleInfo.java:shutdownLeaderElection(134)) - 47aecc56-7e95-480d-b89c-2c00d33b4782: shutdown LeaderElection
2019-10-18 08:20:26,743 [47aecc56-7e95-480d-b89c-2c00d33b4782@group-5EC277DF3249-LeaderElection285] INFO  impl.RoleInfo (RoleInfo.java:updateAndGet(143)) - 47aecc56-7e95-480d-b89c-2c00d33b4782: start FollowerState
2019-10-18 08:20:26,921 [Thread-2545] INFO  impl.FollowerState (FollowerState.java:run(108)) - 47aecc56-7e95-480d-b89c-2c00d33b4782@group-5EC277DF3249-FollowerState: change to CANDIDATE, lastRpcTime:177ms, electionTimeout:177ms
2019-10-18 08:20:26,921 [Thread-2545] INFO  impl.RoleInfo (RoleInfo.java:shutdownFollowerState(121)) - 47aecc56-7e95-480d-b89c-2c00d33b4782: shutdown FollowerState
2019-10-18 08:20:26,921 [Thread-2545] INFO  impl.RaftServerImpl (RaftServerImpl.java:setRole(184)) - 47aecc56-7e95-480d-b89c-2c00d33b4782@group-5EC277DF3249: changes role from  FOLLOWER to CANDIDATE at term 304 for changeToCandidate
2019-10-18 08:20:26,921 [Thread-2545] INFO  impl.RoleInfo (RoleInfo.java:updateAndGet(143)) - 47aecc56-7e95-480d-b89c-2c00d33b4782: start LeaderElection
2019-10-18 08:20:26,934 [47aecc56-7e95-480d-b89c-2c00d33b4782@group-5EC277DF3249-LeaderElection286] INFO  impl.LeaderElection (LeaderElection.java:askForVotes(178)) - 47aecc56-7e95-480d-b89c-2c00d33b4782@group-5EC277DF3249-LeaderElection286: begin an election at term 305 for -1: [47aecc56-7e95-480d-b89c-2c00d33b4782:192.168.69.67:34550, 1bc296c6-def6-4ae4-8c62-5b4c951a28f1:192.168.69.67:37222, bc0382cc-50e2-4d58-b2de-e8b6250f3520:192.168.69.67:37666], old=null
2019-10-18 08:20:26,939 [grpc-default-executor-3] INFO  impl.RaftServerImpl (RaftServerImpl.java:setRole(184)) - 1bc296c6-def6-4ae4-8c62-5b4c951a28f1@group-5EC277DF3249: changes role from  FOLLOWER to FOLLOWER at term 305 for recognizeCandidate:47aecc56-7e95-480d-b89c-2c00d33b4782
2019-10-18 08:20:26,939 [grpc-default-executor-9] INFO  impl.RaftServerImpl (RaftServerImpl.java:setRole(184)) - bc0382cc-50e2-4d58-b2de-e8b6250f3520@group-5EC277DF3249: changes role from  FOLLOWER to FOLLOWER at term 305 for recognizeCandidate:47aecc56-7e95-480d-b89c-2c00d33b4782
2019-10-18 08:20:26,939 [grpc-default-executor-9] INFO  impl.RoleInfo (RoleInfo.java:shutdownFollowerState(121)) - bc0382cc-50e2-4d58-b2de-e8b6250f3520: shutdown FollowerState
2019-10-18 08:20:26,939 [grpc-default-executor-3] INFO  impl.RoleInfo (RoleInfo.java:shutdownFollowerState(121)) - 1bc296c6-def6-4ae4-8c62-5b4c951a28f1: shutdown FollowerState
2019-10-18 08:20:26,940 [Thread-2544] INFO  impl.FollowerState (FollowerState.java:run(117)) - bc0382cc-50e2-4d58-b2de-e8b6250f3520@group-5EC277DF3249-FollowerState was interrupted: java.lang.InterruptedException: sleep interrupted
2019-10-18 08:20:26,940 [grpc-default-executor-9] INFO  impl.RoleInfo (RoleInfo.java:updateAndGet(143)) - bc0382cc-50e2-4d58-b2de-e8b6250f3520: start FollowerState
2019-10-18 08:20:26,940 [grpc-default-executor-3] INFO  impl.RoleInfo (RoleInfo.java:updateAndGet(143)) - 1bc296c6-def6-4ae4-8c62-5b4c951a28f1: start FollowerState
2019-10-18 08:20:26,940 [Thread-2543] INFO  impl.FollowerState (FollowerState.java:run(117)) - 1bc296c6-def6-4ae4-8c62-5b4c951a28f1@group-5EC277DF3249-FollowerState was interrupted: java.lang.InterruptedException: sleep interrupted
2019-10-18 08:20:26,954 [47aecc56-7e95-480d-b89c-2c00d33b4782@group-5EC277DF3249-LeaderElection286] INFO  impl.LeaderElection (LeaderElection.java:logAndReturn(56)) - 47aecc56-7e95-480d-b89c-2c00d33b4782@group-5EC277DF3249-LeaderElection286: Election REJECTED; received 2 response(s) [47aecc56-7e95-480d-b89c-2c00d33b4782<-1bc296c6-def6-4ae4-8c62-5b4c951a28f1#0:FAIL-t305, 47aecc56-7e95-480d-b89c-2c00d33b4782<-bc0382cc-50e2-4d58-b2de-e8b6250f3520#0:FAIL-t305] and 0 exception(s); 47aecc56-7e95-480d-b89c-2c00d33b4782@group-5EC277DF3249:t305, leader=null, voted=47aecc56-7e95-480d-b89c-2c00d33b4782, raftlog=47aecc56-7e95-480d-b89c-2c00d33b4782@group-5EC277DF3249-SegmentedRaftLog:OPENED:c-1,f-1,i0, conf=-1: [47aecc56-7e95-480d-b89c-2c00d33b4782:192.168.69.67:34550, 1bc296c6-def6-4ae4-8c62-5b4c951a28f1:192.168.69.67:37222, bc0382cc-50e2-4d58-b2de-e8b6250f3520:192.168.69.67:37666], old=null
2019-10-18 08:20:26,954 [47aecc56-7e95-480d-b89c-2c00d33b4782@group-5EC277DF3249-LeaderElection286] INFO  impl.RaftServerImpl (RaftServerImpl.java:setRole(184)) - 47aecc56-7e95-480d-b89c-2c00d33b4782@group-5EC277DF3249: changes role from CANDIDATE to FOLLOWER at term 305 for DISCOVERED_A_NEW_TERM
2019-10-18 08:20:26,954 [47aecc56-7e95-480d-b89c-2c00d33b4782@group-5EC277DF3249-LeaderElection286] INFO  impl.RoleInfo (RoleInfo.java:shutdownLeaderElection(134)) - 47aecc56-7e95-480d-b89c-2c00d33b4782: shutdown LeaderElection
2019-10-18 08:20:26,955 [47aecc56-7e95-480d-b89c-2c00d33b4782@group-5EC277DF3249-LeaderElection286] INFO  impl.RoleInfo (RoleInfo.java:updateAndGet(143)) - 47aecc56-7e95-480d-b89c-2c00d33b4782: start FollowerState
2019-10-18 08:20:27,073 [Thread-2551] INFO  impl.FollowerState (FollowerState.java:run(108)) - 47aecc56-7e95-480d-b89c-2c00d33b4782@group-5EC277DF3249-FollowerState: change to CANDIDATE, lastRpcTime:118ms, electionTimeout:118ms
2019-10-18 08:20:27,073 [Thread-2551] INFO  impl.RoleInfo (RoleInfo.java:shutdownFollowerState(121)) - 47aecc56-7e95-480d-b89c-2c00d33b4782: shutdown FollowerState
2019-10-18 08:20:27,073 [Thread-2551] INFO  impl.RaftServerImpl (RaftServerImpl.java:setRole(184)) - 47aecc56-7e95-480d-b89c-2c00d33b4782@group-5EC277DF3249: changes role from  FOLLOWER to CANDIDATE at term 305 for changeToCandidate
2019-10-18 08:20:27,073 [Thread-2551] INFO  impl.RoleInfo (RoleInfo.java:updateAndGet(143)) - 47aecc56-7e95-480d-b89c-2c00d33b4782: start LeaderElection
2019-10-18 08:20:27,087 [47aecc56-7e95-480d-b89c-2c00d33b4782@group-5EC277DF3249-LeaderElection287] INFO  impl.LeaderElection (LeaderElection.java:askForVotes(178)) - 47aecc56-7e95-480d-b89c-2c00d33b4782@group-5EC277DF3249-LeaderElection287: begin an election at term 306 for -1: [47aecc56-7e95-480d-b89c-2c00d33b4782:192.168.69.67:34550, 1bc296c6-def6-4ae4-8c62-5b4c951a28f1:192.168.69.67:37222, bc0382cc-50e2-4d58-b2de-e8b6250f3520:192.168.69.67:37666], old=null
2019-10-18 08:20:27,089 [grpc-default-executor-9] INFO  impl.RaftServerImpl (RaftServerImpl.java:setRole(184)) - 1bc296c6-def6-4ae4-8c62-5b4c951a28f1@group-5EC277DF3249: changes role from  FOLLOWER to FOLLOWER at term 306 for recognizeCandidate:47aecc56-7e95-480d-b89c-2c00d33b4782
2019-10-18 08:20:27,089 [grpc-default-executor-9] INFO  impl.RoleInfo (RoleInfo.java:shutdownFollowerState(121)) - 1bc296c6-def6-4ae4-8c62-5b4c951a28f1: shutdown FollowerState
2019-10-18 08:20:27,089 [grpc-default-executor-3] INFO  impl.RaftServerImpl (RaftServerImpl.java:setRole(184)) - bc0382cc-50e2-4d58-b2de-e8b6250f3520@group-5EC277DF3249: changes role from  FOLLOWER to FOLLOWER at term 306 for recognizeCandidate:47aecc56-7e95-480d-b89c-2c00d33b4782
2019-10-18 08:20:27,089 [grpc-default-executor-3] INFO  impl.RoleInfo (RoleInfo.java:shutdownFollowerState(121)) - bc0382cc-50e2-4d58-b2de-e8b6250f3520: shutdown FollowerState
2019-10-18 08:20:27,089 [Thread-2550] INFO  impl.FollowerState (FollowerState.java:run(117)) - 1bc296c6-def6-4ae4-8c62-5b4c951a28f1@group-5EC277DF3249-FollowerState was interrupted: java.lang.InterruptedException: sleep interrupted
2019-10-18 08:20:27,089 [grpc-default-executor-9] INFO  impl.RoleInfo (RoleInfo.java:updateAndGet(143)) - 1bc296c6-def6-4ae4-8c62-5b4c951a28f1: start FollowerState
2019-10-18 08:20:27,089 [Thread-2549] INFO  impl.FollowerState (FollowerState.java:run(117)) - bc0382cc-50e2-4d58-b2de-e8b6250f3520@group-5EC277DF3249-FollowerState was interrupted: java.lang.InterruptedException: sleep interrupted
2019-10-18 08:20:27,089 [grpc-default-executor-3] INFO  impl.RoleInfo (RoleInfo.java:updateAndGet(143)) - bc0382cc-50e2-4d58-b2de-e8b6250f3520: start FollowerState
2019-10-18 08:20:27,105 [47aecc56-7e95-480d-b89c-2c00d33b4782@group-5EC277DF3249-LeaderElection287] INFO  impl.LeaderElection (LeaderElection.java:logAndReturn(56)) - 47aecc56-7e95-480d-b89c-2c00d33b4782@group-5EC277DF3249-LeaderElection287: Election REJECTED; received 2 response(s) [47aecc56-7e95-480d-b89c-2c00d33b4782<-1bc296c6-def6-4ae4-8c62-5b4c951a28f1#0:FAIL-t306, 47aecc56-7e95-480d-b89c-2c00d33b4782<-bc0382cc-50e2-4d58-b2de-e8b6250f3520#0:FAIL-t306] and 0 exception(s); 47aecc56-7e95-480d-b89c-2c00d33b4782@group-5EC277DF3249:t306, leader=null, voted=47aecc56-7e95-480d-b89c-2c00d33b4782, raftlog=47aecc56-7e95-480d-b89c-2c00d33b4782@group-5EC277DF3249-SegmentedRaftLog:OPENED:c-1,f-1,i0, conf=-1: [47aecc56-7e95-480d-b89c-2c00d33b4782:192.168.69.67:34550, 1bc296c6-def6-4ae4-8c62-5b4c951a28f1:192.168.69.67:37222, bc0382cc-50e2-4d58-b2de-e8b6250f3520:192.168.69.67:37666], old=null
2019-10-18 08:20:27,105 [47aecc56-7e95-480d-b89c-2c00d33b4782@group-5EC277DF3249-LeaderElection287] INFO  impl.RaftServerImpl (RaftServerImpl.java:setRole(184)) - 47aecc56-7e95-480d-b89c-2c00d33b4782@group-5EC277DF3249: changes role from CANDIDATE to FOLLOWER at term 306 for DISCOVERED_A_NEW_TERM
2019-10-18 08:20:27,105 [47aecc56-7e95-480d-b89c-2c00d33b4782@group-5EC277DF3249-LeaderElection287] INFO  impl.RoleInfo (RoleInfo.java:shutdownLeaderElection(134)) - 47aecc56-7e95-480d-b89c-2c00d33b4782: shutdown LeaderElection
2019-10-18 08:20:27,105 [47aecc56-7e95-480d-b89c-2c00d33b4782@group-5EC277DF3249-LeaderElection287] INFO  impl.RoleInfo (RoleInfo.java:updateAndGet(143)) - 47aecc56-7e95-480d-b89c-2c00d33b4782: start FollowerState
 100.00% |?????????????????????????????????????????????????????????????????????????????????????????????????????|  1/1 Time: 0:04:35
]]></system-out>
  </testcase>
  <testcase name="standaloneTestLargeKey" classname="org.apache.hadoop.ozone.freon.TestDataValidateWithDummyContainers" time="5.042">
    <error message="Allocated 0 blocks. Requested 5 blocks" type="INTERNAL_ERROR org.apache.hadoop.ozone.om.exceptions.OMException">INTERNAL_ERROR org.apache.hadoop.ozone.om.exceptions.OMException: Allocated 0 blocks. Requested 5 blocks
	at org.apache.hadoop.ozone.om.protocolPB.OzoneManagerProtocolClientSideTranslatorPB.handleError(OzoneManagerProtocolClientSideTranslatorPB.java:732)
	at org.apache.hadoop.ozone.om.protocolPB.OzoneManagerProtocolClientSideTranslatorPB.openKey(OzoneManagerProtocolClientSideTranslatorPB.java:723)
	at sun.reflect.NativeMethodAccessorImpl.invoke0(Native Method)
	at sun.reflect.NativeMethodAccessorImpl.invoke(NativeMethodAccessorImpl.java:62)
	at sun.reflect.DelegatingMethodAccessorImpl.invoke(DelegatingMethodAccessorImpl.java:43)
	at java.lang.reflect.Method.invoke(Method.java:498)
	at org.apache.hadoop.hdds.tracing.TraceAllMethod.invoke(TraceAllMethod.java:66)
	at com.sun.proxy.$Proxy37.openKey(Unknown Source)
	at org.apache.hadoop.ozone.client.rpc.RpcClient.createKey(RpcClient.java:614)
	at org.apache.hadoop.ozone.client.OzoneBucket.createKey(OzoneBucket.java:325)
	at org.apache.hadoop.ozone.freon.RandomKeyGenerator.createKey(RandomKeyGenerator.java:695)
	at org.apache.hadoop.ozone.freon.RandomKeyGenerator.access$1100(RandomKeyGenerator.java:88)
	at org.apache.hadoop.ozone.freon.RandomKeyGenerator$ObjectCreator.run(RandomKeyGenerator.java:615)
	at java.util.concurrent.Executors$RunnableAdapter.call(Executors.java:511)
	at java.util.concurrent.FutureTask.run(FutureTask.java:266)
	at java.util.concurrent.ThreadPoolExecutor.runWorker(ThreadPoolExecutor.java:1149)
	at java.util.concurrent.ThreadPoolExecutor$Worker.run(ThreadPoolExecutor.java:624)
	at java.lang.Thread.run(Thread.java:748)
</error>
    <system-out><![CDATA[2019-10-18 08:20:27,218 [main] INFO  freon.RandomKeyGenerator (RandomKeyGenerator.java:call(258)) - Override validateWrites to false, because hdds.container.chunk.persistdata is set to false.
2019-10-18 08:20:27,252 [main] INFO  freon.RandomKeyGenerator (RandomKeyGenerator.java:call(283)) - Number of Threads: 10
2019-10-18 08:20:27,252 [main] INFO  freon.RandomKeyGenerator (RandomKeyGenerator.java:call(288)) - Number of Volumes: 1.
2019-10-18 08:20:27,252 [main] INFO  freon.RandomKeyGenerator (RandomKeyGenerator.java:call(289)) - Number of Buckets per Volume: 1.
2019-10-18 08:20:27,252 [main] INFO  freon.RandomKeyGenerator (RandomKeyGenerator.java:call(290)) - Number of Keys per Bucket: 1.
2019-10-18 08:20:27,252 [main] INFO  freon.RandomKeyGenerator (RandomKeyGenerator.java:call(291)) - Key size: 20971520 bytes
2019-10-18 08:20:27,253 [main] INFO  freon.RandomKeyGenerator (RandomKeyGenerator.java:call(292)) - Buffer size: 4096 bytes
2019-10-18 08:20:27,253 [main] INFO  freon.RandomKeyGenerator (RandomKeyGenerator.java:call(293)) - validateWrites : false
2019-10-18 08:20:27,254 [pool-78-thread-1] INFO  rpc.RpcClient (RpcClient.java:createVolume(272)) - Creating Volume: vol-0-12956, with jenkins1000 as owner.
2019-10-18 08:20:27,254 [main] INFO  freon.RandomKeyGenerator (RandomKeyGenerator.java:call(313)) - Starting progress bar Thread.

 0.00% |?                                                                                                    |  0/1 Time: 0:00:002019-10-18 08:20:27,260 [IPC Server handler 17 on 37532] INFO  volume.OMVolumeCreateRequest (OMVolumeCreateRequest.java:validateAndUpdateCache(193)) - created volume:vol-0-12956 for user:jenkins1000
2019-10-18 08:20:27,275 [pool-78-thread-3] INFO  rpc.RpcClient (RpcClient.java:createBucket(411)) - Creating Bucket: vol-0-12956/bucket-0-82559, with Versioning false and Storage Type set to DISK and Encryption set to false 
2019-10-18 08:20:27,281 [Thread-2557] INFO  impl.FollowerState (FollowerState.java:run(108)) - 47aecc56-7e95-480d-b89c-2c00d33b4782@group-5EC277DF3249-FollowerState: change to CANDIDATE, lastRpcTime:175ms, electionTimeout:175ms
2019-10-18 08:20:27,281 [Thread-2557] INFO  impl.RoleInfo (RoleInfo.java:shutdownFollowerState(121)) - 47aecc56-7e95-480d-b89c-2c00d33b4782: shutdown FollowerState
2019-10-18 08:20:27,281 [Thread-2557] INFO  impl.RaftServerImpl (RaftServerImpl.java:setRole(184)) - 47aecc56-7e95-480d-b89c-2c00d33b4782@group-5EC277DF3249: changes role from  FOLLOWER to CANDIDATE at term 306 for changeToCandidate
2019-10-18 08:20:27,281 [Thread-2557] INFO  impl.RoleInfo (RoleInfo.java:updateAndGet(143)) - 47aecc56-7e95-480d-b89c-2c00d33b4782: start LeaderElection
2019-10-18 08:20:27,289 [IPC Server handler 15 on 41077] WARN  block.BlockManagerImpl (BlockManagerImpl.java:allocateBlock(200)) - Pipeline creation failed for type:RATIS factor:THREE. Retrying get pipelines call once.
org.apache.hadoop.hdds.scm.pipeline.InsufficientDatanodesException: Cannot create pipeline of factor 3 using 2 nodes.
	at org.apache.hadoop.hdds.scm.pipeline.RatisPipelineProvider.create(RatisPipelineProvider.java:153)
	at org.apache.hadoop.hdds.scm.pipeline.PipelineFactory.create(PipelineFactory.java:58)
	at org.apache.hadoop.hdds.scm.pipeline.SCMPipelineManager.createPipeline(SCMPipelineManager.java:155)
	at org.apache.hadoop.hdds.scm.block.BlockManagerImpl.allocateBlock(BlockManagerImpl.java:198)
	at org.apache.hadoop.hdds.scm.server.SCMBlockProtocolServer.allocateBlock(SCMBlockProtocolServer.java:182)
	at org.apache.hadoop.hdds.scm.protocol.ScmBlockLocationProtocolServerSideTranslatorPB.allocateScmBlock(ScmBlockLocationProtocolServerSideTranslatorPB.java:159)
	at org.apache.hadoop.hdds.scm.protocol.ScmBlockLocationProtocolServerSideTranslatorPB.processMessage(ScmBlockLocationProtocolServerSideTranslatorPB.java:117)
	at org.apache.hadoop.hdds.server.OzoneProtocolMessageDispatcher.processRequest(OzoneProtocolMessageDispatcher.java:72)
	at org.apache.hadoop.hdds.scm.protocol.ScmBlockLocationProtocolServerSideTranslatorPB.send(ScmBlockLocationProtocolServerSideTranslatorPB.java:98)
	at org.apache.hadoop.hdds.protocol.proto.ScmBlockLocationProtocolProtos$ScmBlockLocationProtocolService$2.callBlockingMethod(ScmBlockLocationProtocolProtos.java:13157)
	at org.apache.hadoop.ipc.ProtobufRpcEngine$Server$ProtoBufRpcInvoker.call(ProtobufRpcEngine.java:524)
	at org.apache.hadoop.ipc.RPC$Server.call(RPC.java:1025)
	at org.apache.hadoop.ipc.Server$RpcCall.run(Server.java:876)
	at org.apache.hadoop.ipc.Server$RpcCall.run(Server.java:822)
	at java.security.AccessController.doPrivileged(Native Method)
	at javax.security.auth.Subject.doAs(Subject.java:422)
	at org.apache.hadoop.security.UserGroupInformation.doAs(UserGroupInformation.java:1730)
	at org.apache.hadoop.ipc.Server$Handler.run(Server.java:2682)
2019-10-18 08:20:27,290 [IPC Server handler 15 on 41077] INFO  block.BlockManagerImpl (BlockManagerImpl.java:allocateBlock(212)) - Could not find available pipeline of type:RATIS and factor:THREE even after retrying
2019-10-18 08:20:27,290 [IPC Server handler 15 on 41077] ERROR block.BlockManagerImpl (BlockManagerImpl.java:allocateBlock(236)) - Unable to allocate a block for the size: 4194304, type: RATIS, factor: THREE
2019-10-18 08:20:27,291 [IPC Server handler 15 on 41077] WARN  block.BlockManagerImpl (BlockManagerImpl.java:allocateBlock(200)) - Pipeline creation failed for type:RATIS factor:THREE. Retrying get pipelines call once.
org.apache.hadoop.hdds.scm.pipeline.InsufficientDatanodesException: Cannot create pipeline of factor 3 using 2 nodes.
	at org.apache.hadoop.hdds.scm.pipeline.RatisPipelineProvider.create(RatisPipelineProvider.java:153)
	at org.apache.hadoop.hdds.scm.pipeline.PipelineFactory.create(PipelineFactory.java:58)
	at org.apache.hadoop.hdds.scm.pipeline.SCMPipelineManager.createPipeline(SCMPipelineManager.java:155)
	at org.apache.hadoop.hdds.scm.block.BlockManagerImpl.allocateBlock(BlockManagerImpl.java:198)
	at org.apache.hadoop.hdds.scm.server.SCMBlockProtocolServer.allocateBlock(SCMBlockProtocolServer.java:182)
	at org.apache.hadoop.hdds.scm.protocol.ScmBlockLocationProtocolServerSideTranslatorPB.allocateScmBlock(ScmBlockLocationProtocolServerSideTranslatorPB.java:159)
	at org.apache.hadoop.hdds.scm.protocol.ScmBlockLocationProtocolServerSideTranslatorPB.processMessage(ScmBlockLocationProtocolServerSideTranslatorPB.java:117)
	at org.apache.hadoop.hdds.server.OzoneProtocolMessageDispatcher.processRequest(OzoneProtocolMessageDispatcher.java:72)
	at org.apache.hadoop.hdds.scm.protocol.ScmBlockLocationProtocolServerSideTranslatorPB.send(ScmBlockLocationProtocolServerSideTranslatorPB.java:98)
	at org.apache.hadoop.hdds.protocol.proto.ScmBlockLocationProtocolProtos$ScmBlockLocationProtocolService$2.callBlockingMethod(ScmBlockLocationProtocolProtos.java:13157)
	at org.apache.hadoop.ipc.ProtobufRpcEngine$Server$ProtoBufRpcInvoker.call(ProtobufRpcEngine.java:524)
	at org.apache.hadoop.ipc.RPC$Server.call(RPC.java:1025)
	at org.apache.hadoop.ipc.Server$RpcCall.run(Server.java:876)
	at org.apache.hadoop.ipc.Server$RpcCall.run(Server.java:822)
	at java.security.AccessController.doPrivileged(Native Method)
	at javax.security.auth.Subject.doAs(Subject.java:422)
	at org.apache.hadoop.security.UserGroupInformation.doAs(UserGroupInformation.java:1730)
	at org.apache.hadoop.ipc.Server$Handler.run(Server.java:2682)
2019-10-18 08:20:27,292 [IPC Server handler 15 on 41077] INFO  block.BlockManagerImpl (BlockManagerImpl.java:allocateBlock(212)) - Could not find available pipeline of type:RATIS and factor:THREE even after retrying
2019-10-18 08:20:27,292 [IPC Server handler 15 on 41077] ERROR block.BlockManagerImpl (BlockManagerImpl.java:allocateBlock(236)) - Unable to allocate a block for the size: 4194304, type: RATIS, factor: THREE
2019-10-18 08:20:27,292 [IPC Server handler 15 on 41077] WARN  block.BlockManagerImpl (BlockManagerImpl.java:allocateBlock(200)) - Pipeline creation failed for type:RATIS factor:THREE. Retrying get pipelines call once.
org.apache.hadoop.hdds.scm.pipeline.InsufficientDatanodesException: Cannot create pipeline of factor 3 using 2 nodes.
	at org.apache.hadoop.hdds.scm.pipeline.RatisPipelineProvider.create(RatisPipelineProvider.java:153)
	at org.apache.hadoop.hdds.scm.pipeline.PipelineFactory.create(PipelineFactory.java:58)
	at org.apache.hadoop.hdds.scm.pipeline.SCMPipelineManager.createPipeline(SCMPipelineManager.java:155)
	at org.apache.hadoop.hdds.scm.block.BlockManagerImpl.allocateBlock(BlockManagerImpl.java:198)
	at org.apache.hadoop.hdds.scm.server.SCMBlockProtocolServer.allocateBlock(SCMBlockProtocolServer.java:182)
	at org.apache.hadoop.hdds.scm.protocol.ScmBlockLocationProtocolServerSideTranslatorPB.allocateScmBlock(ScmBlockLocationProtocolServerSideTranslatorPB.java:159)
	at org.apache.hadoop.hdds.scm.protocol.ScmBlockLocationProtocolServerSideTranslatorPB.processMessage(ScmBlockLocationProtocolServerSideTranslatorPB.java:117)
	at org.apache.hadoop.hdds.server.OzoneProtocolMessageDispatcher.processRequest(OzoneProtocolMessageDispatcher.java:72)
	at org.apache.hadoop.hdds.scm.protocol.ScmBlockLocationProtocolServerSideTranslatorPB.send(ScmBlockLocationProtocolServerSideTranslatorPB.java:98)
	at org.apache.hadoop.hdds.protocol.proto.ScmBlockLocationProtocolProtos$ScmBlockLocationProtocolService$2.callBlockingMethod(ScmBlockLocationProtocolProtos.java:13157)
	at org.apache.hadoop.ipc.ProtobufRpcEngine$Server$ProtoBufRpcInvoker.call(ProtobufRpcEngine.java:524)
	at org.apache.hadoop.ipc.RPC$Server.call(RPC.java:1025)
	at org.apache.hadoop.ipc.Server$RpcCall.run(Server.java:876)
	at org.apache.hadoop.ipc.Server$RpcCall.run(Server.java:822)
	at java.security.AccessController.doPrivileged(Native Method)
	at javax.security.auth.Subject.doAs(Subject.java:422)
	at org.apache.hadoop.security.UserGroupInformation.doAs(UserGroupInformation.java:1730)
	at org.apache.hadoop.ipc.Server$Handler.run(Server.java:2682)
2019-10-18 08:20:27,293 [IPC Server handler 15 on 41077] INFO  block.BlockManagerImpl (BlockManagerImpl.java:allocateBlock(212)) - Could not find available pipeline of type:RATIS and factor:THREE even after retrying
2019-10-18 08:20:27,293 [IPC Server handler 15 on 41077] ERROR block.BlockManagerImpl (BlockManagerImpl.java:allocateBlock(236)) - Unable to allocate a block for the size: 4194304, type: RATIS, factor: THREE
2019-10-18 08:20:27,293 [IPC Server handler 15 on 41077] WARN  block.BlockManagerImpl (BlockManagerImpl.java:allocateBlock(200)) - Pipeline creation failed for type:RATIS factor:THREE. Retrying get pipelines call once.
org.apache.hadoop.hdds.scm.pipeline.InsufficientDatanodesException: Cannot create pipeline of factor 3 using 2 nodes.
	at org.apache.hadoop.hdds.scm.pipeline.RatisPipelineProvider.create(RatisPipelineProvider.java:153)
	at org.apache.hadoop.hdds.scm.pipeline.PipelineFactory.create(PipelineFactory.java:58)
	at org.apache.hadoop.hdds.scm.pipeline.SCMPipelineManager.createPipeline(SCMPipelineManager.java:155)
	at org.apache.hadoop.hdds.scm.block.BlockManagerImpl.allocateBlock(BlockManagerImpl.java:198)
	at org.apache.hadoop.hdds.scm.server.SCMBlockProtocolServer.allocateBlock(SCMBlockProtocolServer.java:182)
	at org.apache.hadoop.hdds.scm.protocol.ScmBlockLocationProtocolServerSideTranslatorPB.allocateScmBlock(ScmBlockLocationProtocolServerSideTranslatorPB.java:159)
	at org.apache.hadoop.hdds.scm.protocol.ScmBlockLocationProtocolServerSideTranslatorPB.processMessage(ScmBlockLocationProtocolServerSideTranslatorPB.java:117)
	at org.apache.hadoop.hdds.server.OzoneProtocolMessageDispatcher.processRequest(OzoneProtocolMessageDispatcher.java:72)
	at org.apache.hadoop.hdds.scm.protocol.ScmBlockLocationProtocolServerSideTranslatorPB.send(ScmBlockLocationProtocolServerSideTranslatorPB.java:98)
	at org.apache.hadoop.hdds.protocol.proto.ScmBlockLocationProtocolProtos$ScmBlockLocationProtocolService$2.callBlockingMethod(ScmBlockLocationProtocolProtos.java:13157)
	at org.apache.hadoop.ipc.ProtobufRpcEngine$Server$ProtoBufRpcInvoker.call(ProtobufRpcEngine.java:524)
	at org.apache.hadoop.ipc.RPC$Server.call(RPC.java:1025)
	at org.apache.hadoop.ipc.Server$RpcCall.run(Server.java:876)
	at org.apache.hadoop.ipc.Server$RpcCall.run(Server.java:822)
	at java.security.AccessController.doPrivileged(Native Method)
	at javax.security.auth.Subject.doAs(Subject.java:422)
	at org.apache.hadoop.security.UserGroupInformation.doAs(UserGroupInformation.java:1730)
	at org.apache.hadoop.ipc.Server$Handler.run(Server.java:2682)
2019-10-18 08:20:27,294 [IPC Server handler 15 on 41077] INFO  block.BlockManagerImpl (BlockManagerImpl.java:allocateBlock(212)) - Could not find available pipeline of type:RATIS and factor:THREE even after retrying
2019-10-18 08:20:27,294 [IPC Server handler 15 on 41077] ERROR block.BlockManagerImpl (BlockManagerImpl.java:allocateBlock(236)) - Unable to allocate a block for the size: 4194304, type: RATIS, factor: THREE
2019-10-18 08:20:27,294 [IPC Server handler 15 on 41077] WARN  block.BlockManagerImpl (BlockManagerImpl.java:allocateBlock(200)) - Pipeline creation failed for type:RATIS factor:THREE. Retrying get pipelines call once.
org.apache.hadoop.hdds.scm.pipeline.InsufficientDatanodesException: Cannot create pipeline of factor 3 using 2 nodes.
	at org.apache.hadoop.hdds.scm.pipeline.RatisPipelineProvider.create(RatisPipelineProvider.java:153)
	at org.apache.hadoop.hdds.scm.pipeline.PipelineFactory.create(PipelineFactory.java:58)
	at org.apache.hadoop.hdds.scm.pipeline.SCMPipelineManager.createPipeline(SCMPipelineManager.java:155)
	at org.apache.hadoop.hdds.scm.block.BlockManagerImpl.allocateBlock(BlockManagerImpl.java:198)
	at org.apache.hadoop.hdds.scm.server.SCMBlockProtocolServer.allocateBlock(SCMBlockProtocolServer.java:182)
	at org.apache.hadoop.hdds.scm.protocol.ScmBlockLocationProtocolServerSideTranslatorPB.allocateScmBlock(ScmBlockLocationProtocolServerSideTranslatorPB.java:159)
	at org.apache.hadoop.hdds.scm.protocol.ScmBlockLocationProtocolServerSideTranslatorPB.processMessage(ScmBlockLocationProtocolServerSideTranslatorPB.java:117)
	at org.apache.hadoop.hdds.server.OzoneProtocolMessageDispatcher.processRequest(OzoneProtocolMessageDispatcher.java:72)
	at org.apache.hadoop.hdds.scm.protocol.ScmBlockLocationProtocolServerSideTranslatorPB.send(ScmBlockLocationProtocolServerSideTranslatorPB.java:98)
	at org.apache.hadoop.hdds.protocol.proto.ScmBlockLocationProtocolProtos$ScmBlockLocationProtocolService$2.callBlockingMethod(ScmBlockLocationProtocolProtos.java:13157)
	at org.apache.hadoop.ipc.ProtobufRpcEngine$Server$ProtoBufRpcInvoker.call(ProtobufRpcEngine.java:524)
	at org.apache.hadoop.ipc.RPC$Server.call(RPC.java:1025)
	at org.apache.hadoop.ipc.Server$RpcCall.run(Server.java:876)
	at org.apache.hadoop.ipc.Server$RpcCall.run(Server.java:822)
	at java.security.AccessController.doPrivileged(Native Method)
	at javax.security.auth.Subject.doAs(Subject.java:422)
	at org.apache.hadoop.security.UserGroupInformation.doAs(UserGroupInformation.java:1730)
	at org.apache.hadoop.ipc.Server$Handler.run(Server.java:2682)
2019-10-18 08:20:27,295 [47aecc56-7e95-480d-b89c-2c00d33b4782@group-5EC277DF3249-LeaderElection288] INFO  impl.LeaderElection (LeaderElection.java:askForVotes(178)) - 47aecc56-7e95-480d-b89c-2c00d33b4782@group-5EC277DF3249-LeaderElection288: begin an election at term 307 for -1: [47aecc56-7e95-480d-b89c-2c00d33b4782:192.168.69.67:34550, 1bc296c6-def6-4ae4-8c62-5b4c951a28f1:192.168.69.67:37222, bc0382cc-50e2-4d58-b2de-e8b6250f3520:192.168.69.67:37666], old=null
2019-10-18 08:20:27,295 [IPC Server handler 15 on 41077] INFO  block.BlockManagerImpl (BlockManagerImpl.java:allocateBlock(212)) - Could not find available pipeline of type:RATIS and factor:THREE even after retrying
2019-10-18 08:20:27,295 [IPC Server handler 15 on 41077] ERROR block.BlockManagerImpl (BlockManagerImpl.java:allocateBlock(236)) - Unable to allocate a block for the size: 4194304, type: RATIS, factor: THREE
2019-10-18 08:20:27,296 [pool-78-thread-2] ERROR freon.RandomKeyGenerator (RandomKeyGenerator.java:createKey(733)) - Exception while adding key: key-0-89901 in bucket: bucket-0-82559 of volume: vol-0-12956.
INTERNAL_ERROR org.apache.hadoop.ozone.om.exceptions.OMException: Allocated 0 blocks. Requested 5 blocks
	at org.apache.hadoop.ozone.om.protocolPB.OzoneManagerProtocolClientSideTranslatorPB.handleError(OzoneManagerProtocolClientSideTranslatorPB.java:732)
	at org.apache.hadoop.ozone.om.protocolPB.OzoneManagerProtocolClientSideTranslatorPB.openKey(OzoneManagerProtocolClientSideTranslatorPB.java:723)
	at sun.reflect.NativeMethodAccessorImpl.invoke0(Native Method)
	at sun.reflect.NativeMethodAccessorImpl.invoke(NativeMethodAccessorImpl.java:62)
	at sun.reflect.DelegatingMethodAccessorImpl.invoke(DelegatingMethodAccessorImpl.java:43)
	at java.lang.reflect.Method.invoke(Method.java:498)
	at org.apache.hadoop.hdds.tracing.TraceAllMethod.invoke(TraceAllMethod.java:66)
	at com.sun.proxy.$Proxy37.openKey(Unknown Source)
	at org.apache.hadoop.ozone.client.rpc.RpcClient.createKey(RpcClient.java:614)
	at org.apache.hadoop.ozone.client.OzoneBucket.createKey(OzoneBucket.java:325)
	at org.apache.hadoop.ozone.freon.RandomKeyGenerator.createKey(RandomKeyGenerator.java:695)
	at org.apache.hadoop.ozone.freon.RandomKeyGenerator.access$1100(RandomKeyGenerator.java:88)
	at org.apache.hadoop.ozone.freon.RandomKeyGenerator$ObjectCreator.run(RandomKeyGenerator.java:615)
	at java.util.concurrent.Executors$RunnableAdapter.call(Executors.java:511)
	at java.util.concurrent.FutureTask.run(FutureTask.java:266)
	at java.util.concurrent.ThreadPoolExecutor.runWorker(ThreadPoolExecutor.java:1149)
	at java.util.concurrent.ThreadPoolExecutor$Worker.run(ThreadPoolExecutor.java:624)
	at java.lang.Thread.run(Thread.java:748)
2019-10-18 08:20:27,298 [grpc-default-executor-9] INFO  impl.RaftServerImpl (RaftServerImpl.java:setRole(184)) - bc0382cc-50e2-4d58-b2de-e8b6250f3520@group-5EC277DF3249: changes role from  FOLLOWER to FOLLOWER at term 307 for recognizeCandidate:47aecc56-7e95-480d-b89c-2c00d33b4782
2019-10-18 08:20:27,298 [grpc-default-executor-9] INFO  impl.RoleInfo (RoleInfo.java:shutdownFollowerState(121)) - bc0382cc-50e2-4d58-b2de-e8b6250f3520: shutdown FollowerState
2019-10-18 08:20:27,297 [grpc-default-executor-3] INFO  impl.RaftServerImpl (RaftServerImpl.java:setRole(184)) - 1bc296c6-def6-4ae4-8c62-5b4c951a28f1@group-5EC277DF3249: changes role from  FOLLOWER to FOLLOWER at term 307 for recognizeCandidate:47aecc56-7e95-480d-b89c-2c00d33b4782
2019-10-18 08:20:27,299 [Thread-2556] INFO  impl.FollowerState (FollowerState.java:run(117)) - bc0382cc-50e2-4d58-b2de-e8b6250f3520@group-5EC277DF3249-FollowerState was interrupted: java.lang.InterruptedException: sleep interrupted
2019-10-18 08:20:27,299 [grpc-default-executor-9] INFO  impl.RoleInfo (RoleInfo.java:updateAndGet(143)) - bc0382cc-50e2-4d58-b2de-e8b6250f3520: start FollowerState
2019-10-18 08:20:27,299 [grpc-default-executor-3] INFO  impl.RoleInfo (RoleInfo.java:shutdownFollowerState(121)) - 1bc296c6-def6-4ae4-8c62-5b4c951a28f1: shutdown FollowerState
2019-10-18 08:20:27,299 [grpc-default-executor-3] INFO  impl.RoleInfo (RoleInfo.java:updateAndGet(143)) - 1bc296c6-def6-4ae4-8c62-5b4c951a28f1: start FollowerState
2019-10-18 08:20:27,299 [Thread-2555] INFO  impl.FollowerState (FollowerState.java:run(117)) - 1bc296c6-def6-4ae4-8c62-5b4c951a28f1@group-5EC277DF3249-FollowerState was interrupted: java.lang.InterruptedException: sleep interrupted
2019-10-18 08:20:27,315 [47aecc56-7e95-480d-b89c-2c00d33b4782@group-5EC277DF3249-LeaderElection288] INFO  impl.LeaderElection (LeaderElection.java:logAndReturn(56)) - 47aecc56-7e95-480d-b89c-2c00d33b4782@group-5EC277DF3249-LeaderElection288: Election REJECTED; received 2 response(s) [47aecc56-7e95-480d-b89c-2c00d33b4782<-1bc296c6-def6-4ae4-8c62-5b4c951a28f1#0:FAIL-t307, 47aecc56-7e95-480d-b89c-2c00d33b4782<-bc0382cc-50e2-4d58-b2de-e8b6250f3520#0:FAIL-t307] and 0 exception(s); 47aecc56-7e95-480d-b89c-2c00d33b4782@group-5EC277DF3249:t307, leader=null, voted=47aecc56-7e95-480d-b89c-2c00d33b4782, raftlog=47aecc56-7e95-480d-b89c-2c00d33b4782@group-5EC277DF3249-SegmentedRaftLog:OPENED:c-1,f-1,i0, conf=-1: [47aecc56-7e95-480d-b89c-2c00d33b4782:192.168.69.67:34550, 1bc296c6-def6-4ae4-8c62-5b4c951a28f1:192.168.69.67:37222, bc0382cc-50e2-4d58-b2de-e8b6250f3520:192.168.69.67:37666], old=null
2019-10-18 08:20:27,316 [47aecc56-7e95-480d-b89c-2c00d33b4782@group-5EC277DF3249-LeaderElection288] INFO  impl.RaftServerImpl (RaftServerImpl.java:setRole(184)) - 47aecc56-7e95-480d-b89c-2c00d33b4782@group-5EC277DF3249: changes role from CANDIDATE to FOLLOWER at term 307 for DISCOVERED_A_NEW_TERM
2019-10-18 08:20:27,316 [47aecc56-7e95-480d-b89c-2c00d33b4782@group-5EC277DF3249-LeaderElection288] INFO  impl.RoleInfo (RoleInfo.java:shutdownLeaderElection(134)) - 47aecc56-7e95-480d-b89c-2c00d33b4782: shutdown LeaderElection
2019-10-18 08:20:27,316 [47aecc56-7e95-480d-b89c-2c00d33b4782@group-5EC277DF3249-LeaderElection288] INFO  impl.RoleInfo (RoleInfo.java:updateAndGet(143)) - 47aecc56-7e95-480d-b89c-2c00d33b4782: start FollowerState
2019-10-18 08:20:27,386 [Thread-2566] INFO  impl.FollowerState (FollowerState.java:run(108)) - 47aecc56-7e95-480d-b89c-2c00d33b4782@group-5EC277DF3249-FollowerState: change to CANDIDATE, lastRpcTime:70ms, electionTimeout:70ms
2019-10-18 08:20:27,387 [Thread-2566] INFO  impl.RoleInfo (RoleInfo.java:shutdownFollowerState(121)) - 47aecc56-7e95-480d-b89c-2c00d33b4782: shutdown FollowerState
2019-10-18 08:20:27,387 [Thread-2566] INFO  impl.RaftServerImpl (RaftServerImpl.java:setRole(184)) - 47aecc56-7e95-480d-b89c-2c00d33b4782@group-5EC277DF3249: changes role from  FOLLOWER to CANDIDATE at term 307 for changeToCandidate
2019-10-18 08:20:27,387 [Thread-2566] INFO  impl.RoleInfo (RoleInfo.java:updateAndGet(143)) - 47aecc56-7e95-480d-b89c-2c00d33b4782: start LeaderElection
2019-10-18 08:20:27,401 [47aecc56-7e95-480d-b89c-2c00d33b4782@group-5EC277DF3249-LeaderElection289] INFO  impl.LeaderElection (LeaderElection.java:askForVotes(178)) - 47aecc56-7e95-480d-b89c-2c00d33b4782@group-5EC277DF3249-LeaderElection289: begin an election at term 308 for -1: [47aecc56-7e95-480d-b89c-2c00d33b4782:192.168.69.67:34550, 1bc296c6-def6-4ae4-8c62-5b4c951a28f1:192.168.69.67:37222, bc0382cc-50e2-4d58-b2de-e8b6250f3520:192.168.69.67:37666], old=null
2019-10-18 08:20:27,403 [grpc-default-executor-9] INFO  impl.RaftServerImpl (RaftServerImpl.java:setRole(184)) - bc0382cc-50e2-4d58-b2de-e8b6250f3520@group-5EC277DF3249: changes role from  FOLLOWER to FOLLOWER at term 308 for recognizeCandidate:47aecc56-7e95-480d-b89c-2c00d33b4782
2019-10-18 08:20:27,403 [grpc-default-executor-9] INFO  impl.RoleInfo (RoleInfo.java:shutdownFollowerState(121)) - bc0382cc-50e2-4d58-b2de-e8b6250f3520: shutdown FollowerState
2019-10-18 08:20:27,403 [grpc-default-executor-3] INFO  impl.RaftServerImpl (RaftServerImpl.java:setRole(184)) - 1bc296c6-def6-4ae4-8c62-5b4c951a28f1@group-5EC277DF3249: changes role from  FOLLOWER to FOLLOWER at term 308 for recognizeCandidate:47aecc56-7e95-480d-b89c-2c00d33b4782
2019-10-18 08:20:27,403 [grpc-default-executor-3] INFO  impl.RoleInfo (RoleInfo.java:shutdownFollowerState(121)) - 1bc296c6-def6-4ae4-8c62-5b4c951a28f1: shutdown FollowerState
2019-10-18 08:20:27,403 [Thread-2564] INFO  impl.FollowerState (FollowerState.java:run(117)) - bc0382cc-50e2-4d58-b2de-e8b6250f3520@group-5EC277DF3249-FollowerState was interrupted: java.lang.InterruptedException: sleep interrupted
2019-10-18 08:20:27,403 [grpc-default-executor-9] INFO  impl.RoleInfo (RoleInfo.java:updateAndGet(143)) - bc0382cc-50e2-4d58-b2de-e8b6250f3520: start FollowerState
2019-10-18 08:20:27,404 [Thread-2565] INFO  impl.FollowerState (FollowerState.java:run(117)) - 1bc296c6-def6-4ae4-8c62-5b4c951a28f1@group-5EC277DF3249-FollowerState was interrupted: java.lang.InterruptedException: sleep interrupted
2019-10-18 08:20:27,403 [grpc-default-executor-3] INFO  impl.RoleInfo (RoleInfo.java:updateAndGet(143)) - 1bc296c6-def6-4ae4-8c62-5b4c951a28f1: start FollowerState
2019-10-18 08:20:27,419 [47aecc56-7e95-480d-b89c-2c00d33b4782@group-5EC277DF3249-LeaderElection289] INFO  impl.LeaderElection (LeaderElection.java:logAndReturn(56)) - 47aecc56-7e95-480d-b89c-2c00d33b4782@group-5EC277DF3249-LeaderElection289: Election REJECTED; received 2 response(s) [47aecc56-7e95-480d-b89c-2c00d33b4782<-1bc296c6-def6-4ae4-8c62-5b4c951a28f1#0:FAIL-t308, 47aecc56-7e95-480d-b89c-2c00d33b4782<-bc0382cc-50e2-4d58-b2de-e8b6250f3520#0:FAIL-t308] and 0 exception(s); 47aecc56-7e95-480d-b89c-2c00d33b4782@group-5EC277DF3249:t308, leader=null, voted=47aecc56-7e95-480d-b89c-2c00d33b4782, raftlog=47aecc56-7e95-480d-b89c-2c00d33b4782@group-5EC277DF3249-SegmentedRaftLog:OPENED:c-1,f-1,i0, conf=-1: [47aecc56-7e95-480d-b89c-2c00d33b4782:192.168.69.67:34550, 1bc296c6-def6-4ae4-8c62-5b4c951a28f1:192.168.69.67:37222, bc0382cc-50e2-4d58-b2de-e8b6250f3520:192.168.69.67:37666], old=null
2019-10-18 08:20:27,419 [47aecc56-7e95-480d-b89c-2c00d33b4782@group-5EC277DF3249-LeaderElection289] INFO  impl.RaftServerImpl (RaftServerImpl.java:setRole(184)) - 47aecc56-7e95-480d-b89c-2c00d33b4782@group-5EC277DF3249: changes role from CANDIDATE to FOLLOWER at term 308 for DISCOVERED_A_NEW_TERM
2019-10-18 08:20:27,419 [47aecc56-7e95-480d-b89c-2c00d33b4782@group-5EC277DF3249-LeaderElection289] INFO  impl.RoleInfo (RoleInfo.java:shutdownLeaderElection(134)) - 47aecc56-7e95-480d-b89c-2c00d33b4782: shutdown LeaderElection
2019-10-18 08:20:27,419 [47aecc56-7e95-480d-b89c-2c00d33b4782@group-5EC277DF3249-LeaderElection289] INFO  impl.RoleInfo (RoleInfo.java:updateAndGet(143)) - 47aecc56-7e95-480d-b89c-2c00d33b4782: start FollowerState
2019-10-18 08:20:27,425 [Thread-2572] INFO  impl.FollowerState (FollowerState.java:run(108)) - 47aecc56-7e95-480d-b89c-2c00d33b4782@group-5EC277DF3249-FollowerState: change to CANDIDATE, lastRpcTime:6ms, electionTimeout:4ms
2019-10-18 08:20:27,425 [Thread-2572] INFO  impl.RoleInfo (RoleInfo.java:shutdownFollowerState(121)) - 47aecc56-7e95-480d-b89c-2c00d33b4782: shutdown FollowerState
2019-10-18 08:20:27,426 [Thread-2572] INFO  impl.RaftServerImpl (RaftServerImpl.java:setRole(184)) - 47aecc56-7e95-480d-b89c-2c00d33b4782@group-5EC277DF3249: changes role from  FOLLOWER to CANDIDATE at term 308 for changeToCandidate
2019-10-18 08:20:27,426 [Thread-2572] INFO  impl.RoleInfo (RoleInfo.java:updateAndGet(143)) - 47aecc56-7e95-480d-b89c-2c00d33b4782: start LeaderElection
2019-10-18 08:20:27,438 [47aecc56-7e95-480d-b89c-2c00d33b4782@group-5EC277DF3249-LeaderElection290] INFO  impl.LeaderElection (LeaderElection.java:askForVotes(178)) - 47aecc56-7e95-480d-b89c-2c00d33b4782@group-5EC277DF3249-LeaderElection290: begin an election at term 309 for -1: [47aecc56-7e95-480d-b89c-2c00d33b4782:192.168.69.67:34550, 1bc296c6-def6-4ae4-8c62-5b4c951a28f1:192.168.69.67:37222, bc0382cc-50e2-4d58-b2de-e8b6250f3520:192.168.69.67:37666], old=null
2019-10-18 08:20:27,440 [grpc-default-executor-3] INFO  impl.RaftServerImpl (RaftServerImpl.java:setRole(184)) - bc0382cc-50e2-4d58-b2de-e8b6250f3520@group-5EC277DF3249: changes role from  FOLLOWER to FOLLOWER at term 309 for recognizeCandidate:47aecc56-7e95-480d-b89c-2c00d33b4782
2019-10-18 08:20:27,440 [grpc-default-executor-9] INFO  impl.RaftServerImpl (RaftServerImpl.java:setRole(184)) - 1bc296c6-def6-4ae4-8c62-5b4c951a28f1@group-5EC277DF3249: changes role from  FOLLOWER to FOLLOWER at term 309 for recognizeCandidate:47aecc56-7e95-480d-b89c-2c00d33b4782
2019-10-18 08:20:27,440 [grpc-default-executor-3] INFO  impl.RoleInfo (RoleInfo.java:shutdownFollowerState(121)) - bc0382cc-50e2-4d58-b2de-e8b6250f3520: shutdown FollowerState
2019-10-18 08:20:27,440 [grpc-default-executor-9] INFO  impl.RoleInfo (RoleInfo.java:shutdownFollowerState(121)) - 1bc296c6-def6-4ae4-8c62-5b4c951a28f1: shutdown FollowerState
2019-10-18 08:20:27,440 [Thread-2570] INFO  impl.FollowerState (FollowerState.java:run(117)) - bc0382cc-50e2-4d58-b2de-e8b6250f3520@group-5EC277DF3249-FollowerState was interrupted: java.lang.InterruptedException: sleep interrupted
2019-10-18 08:20:27,440 [grpc-default-executor-3] INFO  impl.RoleInfo (RoleInfo.java:updateAndGet(143)) - bc0382cc-50e2-4d58-b2de-e8b6250f3520: start FollowerState
2019-10-18 08:20:27,440 [Thread-2571] INFO  impl.FollowerState (FollowerState.java:run(117)) - 1bc296c6-def6-4ae4-8c62-5b4c951a28f1@group-5EC277DF3249-FollowerState was interrupted: java.lang.InterruptedException: sleep interrupted
2019-10-18 08:20:27,440 [grpc-default-executor-9] INFO  impl.RoleInfo (RoleInfo.java:updateAndGet(143)) - 1bc296c6-def6-4ae4-8c62-5b4c951a28f1: start FollowerState
2019-10-18 08:20:27,449 [47aecc56-7e95-480d-b89c-2c00d33b4782@group-5EC277DF3249-LeaderElection290] INFO  impl.LeaderElection (LeaderElection.java:logAndReturn(56)) - 47aecc56-7e95-480d-b89c-2c00d33b4782@group-5EC277DF3249-LeaderElection290: Election TIMEOUT; received 0 response(s) [] and 0 exception(s); 47aecc56-7e95-480d-b89c-2c00d33b4782@group-5EC277DF3249:t309, leader=null, voted=47aecc56-7e95-480d-b89c-2c00d33b4782, raftlog=47aecc56-7e95-480d-b89c-2c00d33b4782@group-5EC277DF3249-SegmentedRaftLog:OPENED:c-1,f-1,i0, conf=-1: [47aecc56-7e95-480d-b89c-2c00d33b4782:192.168.69.67:34550, 1bc296c6-def6-4ae4-8c62-5b4c951a28f1:192.168.69.67:37222, bc0382cc-50e2-4d58-b2de-e8b6250f3520:192.168.69.67:37666], old=null
2019-10-18 08:20:27,454 [47aecc56-7e95-480d-b89c-2c00d33b4782@group-5EC277DF3249-LeaderElection290] INFO  impl.LeaderElection (LeaderElection.java:askForVotes(178)) - 47aecc56-7e95-480d-b89c-2c00d33b4782@group-5EC277DF3249-LeaderElection290: begin an election at term 310 for -1: [47aecc56-7e95-480d-b89c-2c00d33b4782:192.168.69.67:34550, 1bc296c6-def6-4ae4-8c62-5b4c951a28f1:192.168.69.67:37222, bc0382cc-50e2-4d58-b2de-e8b6250f3520:192.168.69.67:37666], old=null
2019-10-18 08:20:27,456 [grpc-default-executor-9] INFO  impl.RaftServerImpl (RaftServerImpl.java:setRole(184)) - 1bc296c6-def6-4ae4-8c62-5b4c951a28f1@group-5EC277DF3249: changes role from  FOLLOWER to FOLLOWER at term 310 for recognizeCandidate:47aecc56-7e95-480d-b89c-2c00d33b4782
2019-10-18 08:20:27,456 [grpc-default-executor-9] INFO  impl.RoleInfo (RoleInfo.java:shutdownFollowerState(121)) - 1bc296c6-def6-4ae4-8c62-5b4c951a28f1: shutdown FollowerState
2019-10-18 08:20:27,456 [grpc-default-executor-3] INFO  impl.RaftServerImpl (RaftServerImpl.java:setRole(184)) - bc0382cc-50e2-4d58-b2de-e8b6250f3520@group-5EC277DF3249: changes role from  FOLLOWER to FOLLOWER at term 310 for recognizeCandidate:47aecc56-7e95-480d-b89c-2c00d33b4782
2019-10-18 08:20:27,457 [grpc-default-executor-3] INFO  impl.RoleInfo (RoleInfo.java:shutdownFollowerState(121)) - bc0382cc-50e2-4d58-b2de-e8b6250f3520: shutdown FollowerState
2019-10-18 08:20:27,456 [Thread-2577] INFO  impl.FollowerState (FollowerState.java:run(117)) - 1bc296c6-def6-4ae4-8c62-5b4c951a28f1@group-5EC277DF3249-FollowerState was interrupted: java.lang.InterruptedException: sleep interrupted
2019-10-18 08:20:27,457 [Thread-2576] INFO  impl.FollowerState (FollowerState.java:run(117)) - bc0382cc-50e2-4d58-b2de-e8b6250f3520@group-5EC277DF3249-FollowerState was interrupted: java.lang.InterruptedException: sleep interrupted
2019-10-18 08:20:27,456 [grpc-default-executor-9] INFO  impl.RoleInfo (RoleInfo.java:updateAndGet(143)) - 1bc296c6-def6-4ae4-8c62-5b4c951a28f1: start FollowerState
2019-10-18 08:20:27,457 [grpc-default-executor-3] INFO  impl.RoleInfo (RoleInfo.java:updateAndGet(143)) - bc0382cc-50e2-4d58-b2de-e8b6250f3520: start FollowerState
2019-10-18 08:20:27,483 [47aecc56-7e95-480d-b89c-2c00d33b4782@group-5EC277DF3249-LeaderElection290] INFO  impl.LeaderElection (LeaderElection.java:logAndReturn(56)) - 47aecc56-7e95-480d-b89c-2c00d33b4782@group-5EC277DF3249-LeaderElection290: Election REJECTED; received 2 response(s) [47aecc56-7e95-480d-b89c-2c00d33b4782<-1bc296c6-def6-4ae4-8c62-5b4c951a28f1#0:FAIL-t310, 47aecc56-7e95-480d-b89c-2c00d33b4782<-bc0382cc-50e2-4d58-b2de-e8b6250f3520#0:FAIL-t310] and 0 exception(s); 47aecc56-7e95-480d-b89c-2c00d33b4782@group-5EC277DF3249:t310, leader=null, voted=47aecc56-7e95-480d-b89c-2c00d33b4782, raftlog=47aecc56-7e95-480d-b89c-2c00d33b4782@group-5EC277DF3249-SegmentedRaftLog:OPENED:c-1,f-1,i0, conf=-1: [47aecc56-7e95-480d-b89c-2c00d33b4782:192.168.69.67:34550, 1bc296c6-def6-4ae4-8c62-5b4c951a28f1:192.168.69.67:37222, bc0382cc-50e2-4d58-b2de-e8b6250f3520:192.168.69.67:37666], old=null
2019-10-18 08:20:27,483 [47aecc56-7e95-480d-b89c-2c00d33b4782@group-5EC277DF3249-LeaderElection290] INFO  impl.RaftServerImpl (RaftServerImpl.java:setRole(184)) - 47aecc56-7e95-480d-b89c-2c00d33b4782@group-5EC277DF3249: changes role from CANDIDATE to FOLLOWER at term 310 for DISCOVERED_A_NEW_TERM
2019-10-18 08:20:27,483 [47aecc56-7e95-480d-b89c-2c00d33b4782@group-5EC277DF3249-LeaderElection290] INFO  impl.RoleInfo (RoleInfo.java:shutdownLeaderElection(134)) - 47aecc56-7e95-480d-b89c-2c00d33b4782: shutdown LeaderElection
2019-10-18 08:20:27,483 [47aecc56-7e95-480d-b89c-2c00d33b4782@group-5EC277DF3249-LeaderElection290] INFO  impl.RoleInfo (RoleInfo.java:updateAndGet(143)) - 47aecc56-7e95-480d-b89c-2c00d33b4782: start FollowerState
2019-10-18 08:20:27,517 [Thread-2582] INFO  impl.FollowerState (FollowerState.java:run(108)) - 47aecc56-7e95-480d-b89c-2c00d33b4782@group-5EC277DF3249-FollowerState: change to CANDIDATE, lastRpcTime:33ms, electionTimeout:33ms
2019-10-18 08:20:27,517 [Thread-2582] INFO  impl.RoleInfo (RoleInfo.java:shutdownFollowerState(121)) - 47aecc56-7e95-480d-b89c-2c00d33b4782: shutdown FollowerState
2019-10-18 08:20:27,517 [Thread-2582] INFO  impl.RaftServerImpl (RaftServerImpl.java:setRole(184)) - 47aecc56-7e95-480d-b89c-2c00d33b4782@group-5EC277DF3249: changes role from  FOLLOWER to CANDIDATE at term 310 for changeToCandidate
2019-10-18 08:20:27,517 [Thread-2582] INFO  impl.RoleInfo (RoleInfo.java:updateAndGet(143)) - 47aecc56-7e95-480d-b89c-2c00d33b4782: start LeaderElection
2019-10-18 08:20:27,532 [47aecc56-7e95-480d-b89c-2c00d33b4782@group-5EC277DF3249-LeaderElection291] INFO  impl.LeaderElection (LeaderElection.java:askForVotes(178)) - 47aecc56-7e95-480d-b89c-2c00d33b4782@group-5EC277DF3249-LeaderElection291: begin an election at term 311 for -1: [47aecc56-7e95-480d-b89c-2c00d33b4782:192.168.69.67:34550, 1bc296c6-def6-4ae4-8c62-5b4c951a28f1:192.168.69.67:37222, bc0382cc-50e2-4d58-b2de-e8b6250f3520:192.168.69.67:37666], old=null
2019-10-18 08:20:27,534 [grpc-default-executor-9] INFO  impl.RaftServerImpl (RaftServerImpl.java:setRole(184)) - 1bc296c6-def6-4ae4-8c62-5b4c951a28f1@group-5EC277DF3249: changes role from  FOLLOWER to FOLLOWER at term 311 for recognizeCandidate:47aecc56-7e95-480d-b89c-2c00d33b4782
2019-10-18 08:20:27,534 [grpc-default-executor-9] INFO  impl.RoleInfo (RoleInfo.java:shutdownFollowerState(121)) - 1bc296c6-def6-4ae4-8c62-5b4c951a28f1: shutdown FollowerState
2019-10-18 08:20:27,535 [grpc-default-executor-9] INFO  impl.RoleInfo (RoleInfo.java:updateAndGet(143)) - 1bc296c6-def6-4ae4-8c62-5b4c951a28f1: start FollowerState
2019-10-18 08:20:27,535 [Thread-2580] INFO  impl.FollowerState (FollowerState.java:run(117)) - 1bc296c6-def6-4ae4-8c62-5b4c951a28f1@group-5EC277DF3249-FollowerState was interrupted: java.lang.InterruptedException: sleep interrupted
2019-10-18 08:20:27,535 [grpc-default-executor-3] INFO  impl.RaftServerImpl (RaftServerImpl.java:setRole(184)) - bc0382cc-50e2-4d58-b2de-e8b6250f3520@group-5EC277DF3249: changes role from  FOLLOWER to FOLLOWER at term 311 for recognizeCandidate:47aecc56-7e95-480d-b89c-2c00d33b4782
2019-10-18 08:20:27,535 [grpc-default-executor-3] INFO  impl.RoleInfo (RoleInfo.java:shutdownFollowerState(121)) - bc0382cc-50e2-4d58-b2de-e8b6250f3520: shutdown FollowerState
2019-10-18 08:20:27,535 [grpc-default-executor-3] INFO  impl.RoleInfo (RoleInfo.java:updateAndGet(143)) - bc0382cc-50e2-4d58-b2de-e8b6250f3520: start FollowerState
2019-10-18 08:20:27,535 [Thread-2581] INFO  impl.FollowerState (FollowerState.java:run(117)) - bc0382cc-50e2-4d58-b2de-e8b6250f3520@group-5EC277DF3249-FollowerState was interrupted: java.lang.InterruptedException: sleep interrupted
2019-10-18 08:20:27,548 [47aecc56-7e95-480d-b89c-2c00d33b4782@group-5EC277DF3249-LeaderElection291] INFO  impl.LeaderElection (LeaderElection.java:logAndReturn(56)) - 47aecc56-7e95-480d-b89c-2c00d33b4782@group-5EC277DF3249-LeaderElection291: Election REJECTED; received 2 response(s) [47aecc56-7e95-480d-b89c-2c00d33b4782<-1bc296c6-def6-4ae4-8c62-5b4c951a28f1#0:FAIL-t311, 47aecc56-7e95-480d-b89c-2c00d33b4782<-bc0382cc-50e2-4d58-b2de-e8b6250f3520#0:FAIL-t311] and 0 exception(s); 47aecc56-7e95-480d-b89c-2c00d33b4782@group-5EC277DF3249:t311, leader=null, voted=47aecc56-7e95-480d-b89c-2c00d33b4782, raftlog=47aecc56-7e95-480d-b89c-2c00d33b4782@group-5EC277DF3249-SegmentedRaftLog:OPENED:c-1,f-1,i0, conf=-1: [47aecc56-7e95-480d-b89c-2c00d33b4782:192.168.69.67:34550, 1bc296c6-def6-4ae4-8c62-5b4c951a28f1:192.168.69.67:37222, bc0382cc-50e2-4d58-b2de-e8b6250f3520:192.168.69.67:37666], old=null
2019-10-18 08:20:27,549 [47aecc56-7e95-480d-b89c-2c00d33b4782@group-5EC277DF3249-LeaderElection291] INFO  impl.RaftServerImpl (RaftServerImpl.java:setRole(184)) - 47aecc56-7e95-480d-b89c-2c00d33b4782@group-5EC277DF3249: changes role from CANDIDATE to FOLLOWER at term 311 for DISCOVERED_A_NEW_TERM
2019-10-18 08:20:27,549 [47aecc56-7e95-480d-b89c-2c00d33b4782@group-5EC277DF3249-LeaderElection291] INFO  impl.RoleInfo (RoleInfo.java:shutdownLeaderElection(134)) - 47aecc56-7e95-480d-b89c-2c00d33b4782: shutdown LeaderElection
2019-10-18 08:20:27,549 [47aecc56-7e95-480d-b89c-2c00d33b4782@group-5EC277DF3249-LeaderElection291] INFO  impl.RoleInfo (RoleInfo.java:updateAndGet(143)) - 47aecc56-7e95-480d-b89c-2c00d33b4782: start FollowerState
2019-10-18 08:20:27,725 [Thread-2588] INFO  impl.FollowerState (FollowerState.java:run(108)) - 47aecc56-7e95-480d-b89c-2c00d33b4782@group-5EC277DF3249-FollowerState: change to CANDIDATE, lastRpcTime:176ms, electionTimeout:176ms
2019-10-18 08:20:27,726 [Thread-2588] INFO  impl.RoleInfo (RoleInfo.java:shutdownFollowerState(121)) - 47aecc56-7e95-480d-b89c-2c00d33b4782: shutdown FollowerState
2019-10-18 08:20:27,726 [Thread-2588] INFO  impl.RaftServerImpl (RaftServerImpl.java:setRole(184)) - 47aecc56-7e95-480d-b89c-2c00d33b4782@group-5EC277DF3249: changes role from  FOLLOWER to CANDIDATE at term 311 for changeToCandidate
2019-10-18 08:20:27,726 [Thread-2588] INFO  impl.RoleInfo (RoleInfo.java:updateAndGet(143)) - 47aecc56-7e95-480d-b89c-2c00d33b4782: start LeaderElection
2019-10-18 08:20:27,749 [47aecc56-7e95-480d-b89c-2c00d33b4782@group-5EC277DF3249-LeaderElection292] INFO  impl.LeaderElection (LeaderElection.java:askForVotes(178)) - 47aecc56-7e95-480d-b89c-2c00d33b4782@group-5EC277DF3249-LeaderElection292: begin an election at term 312 for -1: [47aecc56-7e95-480d-b89c-2c00d33b4782:192.168.69.67:34550, 1bc296c6-def6-4ae4-8c62-5b4c951a28f1:192.168.69.67:37222, bc0382cc-50e2-4d58-b2de-e8b6250f3520:192.168.69.67:37666], old=null
2019-10-18 08:20:27,751 [grpc-default-executor-9] INFO  impl.RaftServerImpl (RaftServerImpl.java:setRole(184)) - 1bc296c6-def6-4ae4-8c62-5b4c951a28f1@group-5EC277DF3249: changes role from  FOLLOWER to FOLLOWER at term 312 for recognizeCandidate:47aecc56-7e95-480d-b89c-2c00d33b4782
2019-10-18 08:20:27,751 [grpc-default-executor-9] INFO  impl.RoleInfo (RoleInfo.java:shutdownFollowerState(121)) - 1bc296c6-def6-4ae4-8c62-5b4c951a28f1: shutdown FollowerState
2019-10-18 08:20:27,752 [grpc-default-executor-3] INFO  impl.RaftServerImpl (RaftServerImpl.java:setRole(184)) - bc0382cc-50e2-4d58-b2de-e8b6250f3520@group-5EC277DF3249: changes role from  FOLLOWER to FOLLOWER at term 312 for recognizeCandidate:47aecc56-7e95-480d-b89c-2c00d33b4782
2019-10-18 08:20:27,752 [grpc-default-executor-3] INFO  impl.RoleInfo (RoleInfo.java:shutdownFollowerState(121)) - bc0382cc-50e2-4d58-b2de-e8b6250f3520: shutdown FollowerState
2019-10-18 08:20:27,752 [Thread-2586] INFO  impl.FollowerState (FollowerState.java:run(117)) - 1bc296c6-def6-4ae4-8c62-5b4c951a28f1@group-5EC277DF3249-FollowerState was interrupted: java.lang.InterruptedException: sleep interrupted
2019-10-18 08:20:27,752 [grpc-default-executor-9] INFO  impl.RoleInfo (RoleInfo.java:updateAndGet(143)) - 1bc296c6-def6-4ae4-8c62-5b4c951a28f1: start FollowerState
2019-10-18 08:20:27,752 [grpc-default-executor-3] INFO  impl.RoleInfo (RoleInfo.java:updateAndGet(143)) - bc0382cc-50e2-4d58-b2de-e8b6250f3520: start FollowerState
2019-10-18 08:20:27,752 [Thread-2587] INFO  impl.FollowerState (FollowerState.java:run(117)) - bc0382cc-50e2-4d58-b2de-e8b6250f3520@group-5EC277DF3249-FollowerState was interrupted: java.lang.InterruptedException: sleep interrupted
2019-10-18 08:20:27,767 [47aecc56-7e95-480d-b89c-2c00d33b4782@group-5EC277DF3249-LeaderElection292] INFO  impl.LeaderElection (LeaderElection.java:logAndReturn(56)) - 47aecc56-7e95-480d-b89c-2c00d33b4782@group-5EC277DF3249-LeaderElection292: Election REJECTED; received 2 response(s) [47aecc56-7e95-480d-b89c-2c00d33b4782<-1bc296c6-def6-4ae4-8c62-5b4c951a28f1#0:FAIL-t312, 47aecc56-7e95-480d-b89c-2c00d33b4782<-bc0382cc-50e2-4d58-b2de-e8b6250f3520#0:FAIL-t312] and 0 exception(s); 47aecc56-7e95-480d-b89c-2c00d33b4782@group-5EC277DF3249:t312, leader=null, voted=47aecc56-7e95-480d-b89c-2c00d33b4782, raftlog=47aecc56-7e95-480d-b89c-2c00d33b4782@group-5EC277DF3249-SegmentedRaftLog:OPENED:c-1,f-1,i0, conf=-1: [47aecc56-7e95-480d-b89c-2c00d33b4782:192.168.69.67:34550, 1bc296c6-def6-4ae4-8c62-5b4c951a28f1:192.168.69.67:37222, bc0382cc-50e2-4d58-b2de-e8b6250f3520:192.168.69.67:37666], old=null
2019-10-18 08:20:27,767 [47aecc56-7e95-480d-b89c-2c00d33b4782@group-5EC277DF3249-LeaderElection292] INFO  impl.RaftServerImpl (RaftServerImpl.java:setRole(184)) - 47aecc56-7e95-480d-b89c-2c00d33b4782@group-5EC277DF3249: changes role from CANDIDATE to FOLLOWER at term 312 for DISCOVERED_A_NEW_TERM
2019-10-18 08:20:27,767 [47aecc56-7e95-480d-b89c-2c00d33b4782@group-5EC277DF3249-LeaderElection292] INFO  impl.RoleInfo (RoleInfo.java:shutdownLeaderElection(134)) - 47aecc56-7e95-480d-b89c-2c00d33b4782: shutdown LeaderElection
2019-10-18 08:20:27,767 [47aecc56-7e95-480d-b89c-2c00d33b4782@group-5EC277DF3249-LeaderElection292] INFO  impl.RoleInfo (RoleInfo.java:updateAndGet(143)) - 47aecc56-7e95-480d-b89c-2c00d33b4782: start FollowerState
2019-10-18 08:20:27,776 [Thread-2594] INFO  impl.FollowerState (FollowerState.java:run(108)) - 47aecc56-7e95-480d-b89c-2c00d33b4782@group-5EC277DF3249-FollowerState: change to CANDIDATE, lastRpcTime:8ms, electionTimeout:8ms
2019-10-18 08:20:27,776 [Thread-2594] INFO  impl.RoleInfo (RoleInfo.java:shutdownFollowerState(121)) - 47aecc56-7e95-480d-b89c-2c00d33b4782: shutdown FollowerState
2019-10-18 08:20:27,776 [Thread-2594] INFO  impl.RaftServerImpl (RaftServerImpl.java:setRole(184)) - 47aecc56-7e95-480d-b89c-2c00d33b4782@group-5EC277DF3249: changes role from  FOLLOWER to CANDIDATE at term 312 for changeToCandidate
2019-10-18 08:20:27,776 [Thread-2594] INFO  impl.RoleInfo (RoleInfo.java:updateAndGet(143)) - 47aecc56-7e95-480d-b89c-2c00d33b4782: start LeaderElection
2019-10-18 08:20:27,790 [47aecc56-7e95-480d-b89c-2c00d33b4782@group-5EC277DF3249-LeaderElection293] INFO  impl.LeaderElection (LeaderElection.java:askForVotes(178)) - 47aecc56-7e95-480d-b89c-2c00d33b4782@group-5EC277DF3249-LeaderElection293: begin an election at term 313 for -1: [47aecc56-7e95-480d-b89c-2c00d33b4782:192.168.69.67:34550, 1bc296c6-def6-4ae4-8c62-5b4c951a28f1:192.168.69.67:37222, bc0382cc-50e2-4d58-b2de-e8b6250f3520:192.168.69.67:37666], old=null
2019-10-18 08:20:27,792 [grpc-default-executor-3] INFO  impl.RaftServerImpl (RaftServerImpl.java:setRole(184)) - 1bc296c6-def6-4ae4-8c62-5b4c951a28f1@group-5EC277DF3249: changes role from  FOLLOWER to FOLLOWER at term 313 for recognizeCandidate:47aecc56-7e95-480d-b89c-2c00d33b4782
2019-10-18 08:20:27,792 [grpc-default-executor-3] INFO  impl.RoleInfo (RoleInfo.java:shutdownFollowerState(121)) - 1bc296c6-def6-4ae4-8c62-5b4c951a28f1: shutdown FollowerState
2019-10-18 08:20:27,792 [grpc-default-executor-3] INFO  impl.RoleInfo (RoleInfo.java:updateAndGet(143)) - 1bc296c6-def6-4ae4-8c62-5b4c951a28f1: start FollowerState
2019-10-18 08:20:27,792 [Thread-2592] INFO  impl.FollowerState (FollowerState.java:run(117)) - 1bc296c6-def6-4ae4-8c62-5b4c951a28f1@group-5EC277DF3249-FollowerState was interrupted: java.lang.InterruptedException: sleep interrupted
2019-10-18 08:20:27,792 [grpc-default-executor-9] INFO  impl.RaftServerImpl (RaftServerImpl.java:setRole(184)) - bc0382cc-50e2-4d58-b2de-e8b6250f3520@group-5EC277DF3249: changes role from  FOLLOWER to FOLLOWER at term 313 for recognizeCandidate:47aecc56-7e95-480d-b89c-2c00d33b4782
2019-10-18 08:20:27,793 [grpc-default-executor-9] INFO  impl.RoleInfo (RoleInfo.java:shutdownFollowerState(121)) - bc0382cc-50e2-4d58-b2de-e8b6250f3520: shutdown FollowerState
2019-10-18 08:20:27,793 [grpc-default-executor-9] INFO  impl.RoleInfo (RoleInfo.java:updateAndGet(143)) - bc0382cc-50e2-4d58-b2de-e8b6250f3520: start FollowerState
2019-10-18 08:20:27,793 [Thread-2593] INFO  impl.FollowerState (FollowerState.java:run(117)) - bc0382cc-50e2-4d58-b2de-e8b6250f3520@group-5EC277DF3249-FollowerState was interrupted: java.lang.InterruptedException: sleep interrupted
2019-10-18 08:20:27,806 [47aecc56-7e95-480d-b89c-2c00d33b4782@group-5EC277DF3249-LeaderElection293] INFO  impl.LeaderElection (LeaderElection.java:logAndReturn(56)) - 47aecc56-7e95-480d-b89c-2c00d33b4782@group-5EC277DF3249-LeaderElection293: Election REJECTED; received 2 response(s) [47aecc56-7e95-480d-b89c-2c00d33b4782<-1bc296c6-def6-4ae4-8c62-5b4c951a28f1#0:FAIL-t313, 47aecc56-7e95-480d-b89c-2c00d33b4782<-bc0382cc-50e2-4d58-b2de-e8b6250f3520#0:FAIL-t313] and 0 exception(s); 47aecc56-7e95-480d-b89c-2c00d33b4782@group-5EC277DF3249:t313, leader=null, voted=47aecc56-7e95-480d-b89c-2c00d33b4782, raftlog=47aecc56-7e95-480d-b89c-2c00d33b4782@group-5EC277DF3249-SegmentedRaftLog:OPENED:c-1,f-1,i0, conf=-1: [47aecc56-7e95-480d-b89c-2c00d33b4782:192.168.69.67:34550, 1bc296c6-def6-4ae4-8c62-5b4c951a28f1:192.168.69.67:37222, bc0382cc-50e2-4d58-b2de-e8b6250f3520:192.168.69.67:37666], old=null
2019-10-18 08:20:27,807 [47aecc56-7e95-480d-b89c-2c00d33b4782@group-5EC277DF3249-LeaderElection293] INFO  impl.RaftServerImpl (RaftServerImpl.java:setRole(184)) - 47aecc56-7e95-480d-b89c-2c00d33b4782@group-5EC277DF3249: changes role from CANDIDATE to FOLLOWER at term 313 for DISCOVERED_A_NEW_TERM
2019-10-18 08:20:27,807 [47aecc56-7e95-480d-b89c-2c00d33b4782@group-5EC277DF3249-LeaderElection293] INFO  impl.RoleInfo (RoleInfo.java:shutdownLeaderElection(134)) - 47aecc56-7e95-480d-b89c-2c00d33b4782: shutdown LeaderElection
2019-10-18 08:20:27,807 [47aecc56-7e95-480d-b89c-2c00d33b4782@group-5EC277DF3249-LeaderElection293] INFO  impl.RoleInfo (RoleInfo.java:updateAndGet(143)) - 47aecc56-7e95-480d-b89c-2c00d33b4782: start FollowerState
2019-10-18 08:20:27,924 [Thread-2600] INFO  impl.FollowerState (FollowerState.java:run(108)) - 47aecc56-7e95-480d-b89c-2c00d33b4782@group-5EC277DF3249-FollowerState: change to CANDIDATE, lastRpcTime:117ms, electionTimeout:117ms
2019-10-18 08:20:27,924 [Thread-2600] INFO  impl.RoleInfo (RoleInfo.java:shutdownFollowerState(121)) - 47aecc56-7e95-480d-b89c-2c00d33b4782: shutdown FollowerState
2019-10-18 08:20:27,925 [Thread-2600] INFO  impl.RaftServerImpl (RaftServerImpl.java:setRole(184)) - 47aecc56-7e95-480d-b89c-2c00d33b4782@group-5EC277DF3249: changes role from  FOLLOWER to CANDIDATE at term 313 for changeToCandidate
2019-10-18 08:20:27,925 [Thread-2600] INFO  impl.RoleInfo (RoleInfo.java:updateAndGet(143)) - 47aecc56-7e95-480d-b89c-2c00d33b4782: start LeaderElection
2019-10-18 08:20:27,950 [47aecc56-7e95-480d-b89c-2c00d33b4782@group-5EC277DF3249-LeaderElection294] INFO  impl.LeaderElection (LeaderElection.java:askForVotes(178)) - 47aecc56-7e95-480d-b89c-2c00d33b4782@group-5EC277DF3249-LeaderElection294: begin an election at term 314 for -1: [47aecc56-7e95-480d-b89c-2c00d33b4782:192.168.69.67:34550, 1bc296c6-def6-4ae4-8c62-5b4c951a28f1:192.168.69.67:37222, bc0382cc-50e2-4d58-b2de-e8b6250f3520:192.168.69.67:37666], old=null
2019-10-18 08:20:27,952 [grpc-default-executor-9] INFO  impl.RaftServerImpl (RaftServerImpl.java:setRole(184)) - 1bc296c6-def6-4ae4-8c62-5b4c951a28f1@group-5EC277DF3249: changes role from  FOLLOWER to FOLLOWER at term 314 for recognizeCandidate:47aecc56-7e95-480d-b89c-2c00d33b4782
2019-10-18 08:20:27,952 [grpc-default-executor-9] INFO  impl.RoleInfo (RoleInfo.java:shutdownFollowerState(121)) - 1bc296c6-def6-4ae4-8c62-5b4c951a28f1: shutdown FollowerState
2019-10-18 08:20:27,953 [grpc-default-executor-3] INFO  impl.RaftServerImpl (RaftServerImpl.java:setRole(184)) - bc0382cc-50e2-4d58-b2de-e8b6250f3520@group-5EC277DF3249: changes role from  FOLLOWER to FOLLOWER at term 314 for recognizeCandidate:47aecc56-7e95-480d-b89c-2c00d33b4782
2019-10-18 08:20:27,953 [grpc-default-executor-3] INFO  impl.RoleInfo (RoleInfo.java:shutdownFollowerState(121)) - bc0382cc-50e2-4d58-b2de-e8b6250f3520: shutdown FollowerState
2019-10-18 08:20:27,953 [Thread-2598] INFO  impl.FollowerState (FollowerState.java:run(117)) - 1bc296c6-def6-4ae4-8c62-5b4c951a28f1@group-5EC277DF3249-FollowerState was interrupted: java.lang.InterruptedException: sleep interrupted
2019-10-18 08:20:27,953 [grpc-default-executor-9] INFO  impl.RoleInfo (RoleInfo.java:updateAndGet(143)) - 1bc296c6-def6-4ae4-8c62-5b4c951a28f1: start FollowerState
2019-10-18 08:20:27,953 [Thread-2599] INFO  impl.FollowerState (FollowerState.java:run(117)) - bc0382cc-50e2-4d58-b2de-e8b6250f3520@group-5EC277DF3249-FollowerState was interrupted: java.lang.InterruptedException: sleep interrupted
2019-10-18 08:20:27,953 [grpc-default-executor-3] INFO  impl.RoleInfo (RoleInfo.java:updateAndGet(143)) - bc0382cc-50e2-4d58-b2de-e8b6250f3520: start FollowerState
2019-10-18 08:20:27,967 [47aecc56-7e95-480d-b89c-2c00d33b4782@group-5EC277DF3249-LeaderElection294] INFO  impl.LeaderElection (LeaderElection.java:logAndReturn(56)) - 47aecc56-7e95-480d-b89c-2c00d33b4782@group-5EC277DF3249-LeaderElection294: Election REJECTED; received 2 response(s) [47aecc56-7e95-480d-b89c-2c00d33b4782<-1bc296c6-def6-4ae4-8c62-5b4c951a28f1#0:FAIL-t314, 47aecc56-7e95-480d-b89c-2c00d33b4782<-bc0382cc-50e2-4d58-b2de-e8b6250f3520#0:FAIL-t314] and 0 exception(s); 47aecc56-7e95-480d-b89c-2c00d33b4782@group-5EC277DF3249:t314, leader=null, voted=47aecc56-7e95-480d-b89c-2c00d33b4782, raftlog=47aecc56-7e95-480d-b89c-2c00d33b4782@group-5EC277DF3249-SegmentedRaftLog:OPENED:c-1,f-1,i0, conf=-1: [47aecc56-7e95-480d-b89c-2c00d33b4782:192.168.69.67:34550, 1bc296c6-def6-4ae4-8c62-5b4c951a28f1:192.168.69.67:37222, bc0382cc-50e2-4d58-b2de-e8b6250f3520:192.168.69.67:37666], old=null
2019-10-18 08:20:27,968 [47aecc56-7e95-480d-b89c-2c00d33b4782@group-5EC277DF3249-LeaderElection294] INFO  impl.RaftServerImpl (RaftServerImpl.java:setRole(184)) - 47aecc56-7e95-480d-b89c-2c00d33b4782@group-5EC277DF3249: changes role from CANDIDATE to FOLLOWER at term 314 for DISCOVERED_A_NEW_TERM
2019-10-18 08:20:27,968 [47aecc56-7e95-480d-b89c-2c00d33b4782@group-5EC277DF3249-LeaderElection294] INFO  impl.RoleInfo (RoleInfo.java:shutdownLeaderElection(134)) - 47aecc56-7e95-480d-b89c-2c00d33b4782: shutdown LeaderElection
2019-10-18 08:20:27,968 [47aecc56-7e95-480d-b89c-2c00d33b4782@group-5EC277DF3249-LeaderElection294] INFO  impl.RoleInfo (RoleInfo.java:updateAndGet(143)) - 47aecc56-7e95-480d-b89c-2c00d33b4782: start FollowerState
2019-10-18 08:20:28,139 [Thread-2606] INFO  impl.FollowerState (FollowerState.java:run(108)) - 47aecc56-7e95-480d-b89c-2c00d33b4782@group-5EC277DF3249-FollowerState: change to CANDIDATE, lastRpcTime:171ms, electionTimeout:171ms
2019-10-18 08:20:28,140 [Thread-2606] INFO  impl.RoleInfo (RoleInfo.java:shutdownFollowerState(121)) - 47aecc56-7e95-480d-b89c-2c00d33b4782: shutdown FollowerState
2019-10-18 08:20:28,140 [Thread-2606] INFO  impl.RaftServerImpl (RaftServerImpl.java:setRole(184)) - 47aecc56-7e95-480d-b89c-2c00d33b4782@group-5EC277DF3249: changes role from  FOLLOWER to CANDIDATE at term 314 for changeToCandidate
2019-10-18 08:20:28,140 [Thread-2606] INFO  impl.RoleInfo (RoleInfo.java:updateAndGet(143)) - 47aecc56-7e95-480d-b89c-2c00d33b4782: start LeaderElection
2019-10-18 08:20:28,166 [47aecc56-7e95-480d-b89c-2c00d33b4782@group-5EC277DF3249-LeaderElection295] INFO  impl.LeaderElection (LeaderElection.java:askForVotes(178)) - 47aecc56-7e95-480d-b89c-2c00d33b4782@group-5EC277DF3249-LeaderElection295: begin an election at term 315 for -1: [47aecc56-7e95-480d-b89c-2c00d33b4782:192.168.69.67:34550, 1bc296c6-def6-4ae4-8c62-5b4c951a28f1:192.168.69.67:37222, bc0382cc-50e2-4d58-b2de-e8b6250f3520:192.168.69.67:37666], old=null
2019-10-18 08:20:28,168 [grpc-default-executor-3] INFO  impl.RaftServerImpl (RaftServerImpl.java:setRole(184)) - 1bc296c6-def6-4ae4-8c62-5b4c951a28f1@group-5EC277DF3249: changes role from  FOLLOWER to FOLLOWER at term 315 for recognizeCandidate:47aecc56-7e95-480d-b89c-2c00d33b4782
2019-10-18 08:20:28,168 [grpc-default-executor-9] INFO  impl.RaftServerImpl (RaftServerImpl.java:setRole(184)) - bc0382cc-50e2-4d58-b2de-e8b6250f3520@group-5EC277DF3249: changes role from  FOLLOWER to FOLLOWER at term 315 for recognizeCandidate:47aecc56-7e95-480d-b89c-2c00d33b4782
2019-10-18 08:20:28,168 [grpc-default-executor-3] INFO  impl.RoleInfo (RoleInfo.java:shutdownFollowerState(121)) - 1bc296c6-def6-4ae4-8c62-5b4c951a28f1: shutdown FollowerState
2019-10-18 08:20:28,168 [grpc-default-executor-9] INFO  impl.RoleInfo (RoleInfo.java:shutdownFollowerState(121)) - bc0382cc-50e2-4d58-b2de-e8b6250f3520: shutdown FollowerState
2019-10-18 08:20:28,168 [Thread-2604] INFO  impl.FollowerState (FollowerState.java:run(117)) - 1bc296c6-def6-4ae4-8c62-5b4c951a28f1@group-5EC277DF3249-FollowerState was interrupted: java.lang.InterruptedException: sleep interrupted
2019-10-18 08:20:28,168 [grpc-default-executor-3] INFO  impl.RoleInfo (RoleInfo.java:updateAndGet(143)) - 1bc296c6-def6-4ae4-8c62-5b4c951a28f1: start FollowerState
2019-10-18 08:20:28,169 [Thread-2605] INFO  impl.FollowerState (FollowerState.java:run(117)) - bc0382cc-50e2-4d58-b2de-e8b6250f3520@group-5EC277DF3249-FollowerState was interrupted: java.lang.InterruptedException: sleep interrupted
2019-10-18 08:20:28,169 [grpc-default-executor-9] INFO  impl.RoleInfo (RoleInfo.java:updateAndGet(143)) - bc0382cc-50e2-4d58-b2de-e8b6250f3520: start FollowerState
2019-10-18 08:20:28,183 [47aecc56-7e95-480d-b89c-2c00d33b4782@group-5EC277DF3249-LeaderElection295] INFO  impl.LeaderElection (LeaderElection.java:logAndReturn(56)) - 47aecc56-7e95-480d-b89c-2c00d33b4782@group-5EC277DF3249-LeaderElection295: Election REJECTED; received 2 response(s) [47aecc56-7e95-480d-b89c-2c00d33b4782<-1bc296c6-def6-4ae4-8c62-5b4c951a28f1#0:FAIL-t315, 47aecc56-7e95-480d-b89c-2c00d33b4782<-bc0382cc-50e2-4d58-b2de-e8b6250f3520#0:FAIL-t315] and 0 exception(s); 47aecc56-7e95-480d-b89c-2c00d33b4782@group-5EC277DF3249:t315, leader=null, voted=47aecc56-7e95-480d-b89c-2c00d33b4782, raftlog=47aecc56-7e95-480d-b89c-2c00d33b4782@group-5EC277DF3249-SegmentedRaftLog:OPENED:c-1,f-1,i0, conf=-1: [47aecc56-7e95-480d-b89c-2c00d33b4782:192.168.69.67:34550, 1bc296c6-def6-4ae4-8c62-5b4c951a28f1:192.168.69.67:37222, bc0382cc-50e2-4d58-b2de-e8b6250f3520:192.168.69.67:37666], old=null
2019-10-18 08:20:28,184 [47aecc56-7e95-480d-b89c-2c00d33b4782@group-5EC277DF3249-LeaderElection295] INFO  impl.RaftServerImpl (RaftServerImpl.java:setRole(184)) - 47aecc56-7e95-480d-b89c-2c00d33b4782@group-5EC277DF3249: changes role from CANDIDATE to FOLLOWER at term 315 for DISCOVERED_A_NEW_TERM
2019-10-18 08:20:28,184 [47aecc56-7e95-480d-b89c-2c00d33b4782@group-5EC277DF3249-LeaderElection295] INFO  impl.RoleInfo (RoleInfo.java:shutdownLeaderElection(134)) - 47aecc56-7e95-480d-b89c-2c00d33b4782: shutdown LeaderElection
2019-10-18 08:20:28,184 [47aecc56-7e95-480d-b89c-2c00d33b4782@group-5EC277DF3249-LeaderElection295] INFO  impl.RoleInfo (RoleInfo.java:updateAndGet(143)) - 47aecc56-7e95-480d-b89c-2c00d33b4782: start FollowerState
 0.00% |?                                                                                                    |  0/1 Time: 0:00:012019-10-18 08:20:28,304 [EventQueue-PipelineReportForPipelineReportHandler] INFO  pipeline.PipelineReportHandler (PipelineReportHandler.java:processPipelineReport(119)) - Pipeline PipelineID=1f660cd7-f642-4e1e-aef0-5ec277df3249 reported by bc0382cc-50e2-4d58-b2de-e8b6250f3520{ip: 192.168.69.67, host: pr-hdds-1868-wx8dl-4219780377, networkLocation: /default-rack, certSerialId: null} with leaderId 1bc296c6-def6-4ae4-8c62-5b4c951a28f1
2019-10-18 08:20:28,333 [Thread-2612] INFO  impl.FollowerState (FollowerState.java:run(108)) - 47aecc56-7e95-480d-b89c-2c00d33b4782@group-5EC277DF3249-FollowerState: change to CANDIDATE, lastRpcTime:149ms, electionTimeout:149ms
2019-10-18 08:20:28,333 [Thread-2612] INFO  impl.RoleInfo (RoleInfo.java:shutdownFollowerState(121)) - 47aecc56-7e95-480d-b89c-2c00d33b4782: shutdown FollowerState
2019-10-18 08:20:28,334 [Thread-2612] INFO  impl.RaftServerImpl (RaftServerImpl.java:setRole(184)) - 47aecc56-7e95-480d-b89c-2c00d33b4782@group-5EC277DF3249: changes role from  FOLLOWER to CANDIDATE at term 315 for changeToCandidate
2019-10-18 08:20:28,334 [Thread-2612] INFO  impl.RoleInfo (RoleInfo.java:updateAndGet(143)) - 47aecc56-7e95-480d-b89c-2c00d33b4782: start LeaderElection
2019-10-18 08:20:28,348 [47aecc56-7e95-480d-b89c-2c00d33b4782@group-5EC277DF3249-LeaderElection296] INFO  impl.LeaderElection (LeaderElection.java:askForVotes(178)) - 47aecc56-7e95-480d-b89c-2c00d33b4782@group-5EC277DF3249-LeaderElection296: begin an election at term 316 for -1: [47aecc56-7e95-480d-b89c-2c00d33b4782:192.168.69.67:34550, 1bc296c6-def6-4ae4-8c62-5b4c951a28f1:192.168.69.67:37222, bc0382cc-50e2-4d58-b2de-e8b6250f3520:192.168.69.67:37666], old=null
2019-10-18 08:20:28,350 [grpc-default-executor-9] INFO  impl.RaftServerImpl (RaftServerImpl.java:setRole(184)) - 1bc296c6-def6-4ae4-8c62-5b4c951a28f1@group-5EC277DF3249: changes role from  FOLLOWER to FOLLOWER at term 316 for recognizeCandidate:47aecc56-7e95-480d-b89c-2c00d33b4782
2019-10-18 08:20:28,350 [grpc-default-executor-3] INFO  impl.RaftServerImpl (RaftServerImpl.java:setRole(184)) - bc0382cc-50e2-4d58-b2de-e8b6250f3520@group-5EC277DF3249: changes role from  FOLLOWER to FOLLOWER at term 316 for recognizeCandidate:47aecc56-7e95-480d-b89c-2c00d33b4782
2019-10-18 08:20:28,350 [grpc-default-executor-9] INFO  impl.RoleInfo (RoleInfo.java:shutdownFollowerState(121)) - 1bc296c6-def6-4ae4-8c62-5b4c951a28f1: shutdown FollowerState
2019-10-18 08:20:28,350 [grpc-default-executor-3] INFO  impl.RoleInfo (RoleInfo.java:shutdownFollowerState(121)) - bc0382cc-50e2-4d58-b2de-e8b6250f3520: shutdown FollowerState
2019-10-18 08:20:28,351 [Thread-2610] INFO  impl.FollowerState (FollowerState.java:run(117)) - 1bc296c6-def6-4ae4-8c62-5b4c951a28f1@group-5EC277DF3249-FollowerState was interrupted: java.lang.InterruptedException: sleep interrupted
2019-10-18 08:20:28,351 [grpc-default-executor-9] INFO  impl.RoleInfo (RoleInfo.java:updateAndGet(143)) - 1bc296c6-def6-4ae4-8c62-5b4c951a28f1: start FollowerState
2019-10-18 08:20:28,351 [Thread-2611] INFO  impl.FollowerState (FollowerState.java:run(117)) - bc0382cc-50e2-4d58-b2de-e8b6250f3520@group-5EC277DF3249-FollowerState was interrupted: java.lang.InterruptedException: sleep interrupted
2019-10-18 08:20:28,351 [grpc-default-executor-3] INFO  impl.RoleInfo (RoleInfo.java:updateAndGet(143)) - bc0382cc-50e2-4d58-b2de-e8b6250f3520: start FollowerState
2019-10-18 08:20:28,365 [47aecc56-7e95-480d-b89c-2c00d33b4782@group-5EC277DF3249-LeaderElection296] INFO  impl.LeaderElection (LeaderElection.java:logAndReturn(56)) - 47aecc56-7e95-480d-b89c-2c00d33b4782@group-5EC277DF3249-LeaderElection296: Election REJECTED; received 2 response(s) [47aecc56-7e95-480d-b89c-2c00d33b4782<-1bc296c6-def6-4ae4-8c62-5b4c951a28f1#0:FAIL-t316, 47aecc56-7e95-480d-b89c-2c00d33b4782<-bc0382cc-50e2-4d58-b2de-e8b6250f3520#0:FAIL-t316] and 0 exception(s); 47aecc56-7e95-480d-b89c-2c00d33b4782@group-5EC277DF3249:t316, leader=null, voted=47aecc56-7e95-480d-b89c-2c00d33b4782, raftlog=47aecc56-7e95-480d-b89c-2c00d33b4782@group-5EC277DF3249-SegmentedRaftLog:OPENED:c-1,f-1,i0, conf=-1: [47aecc56-7e95-480d-b89c-2c00d33b4782:192.168.69.67:34550, 1bc296c6-def6-4ae4-8c62-5b4c951a28f1:192.168.69.67:37222, bc0382cc-50e2-4d58-b2de-e8b6250f3520:192.168.69.67:37666], old=null
2019-10-18 08:20:28,366 [47aecc56-7e95-480d-b89c-2c00d33b4782@group-5EC277DF3249-LeaderElection296] INFO  impl.RaftServerImpl (RaftServerImpl.java:setRole(184)) - 47aecc56-7e95-480d-b89c-2c00d33b4782@group-5EC277DF3249: changes role from CANDIDATE to FOLLOWER at term 316 for DISCOVERED_A_NEW_TERM
2019-10-18 08:20:28,366 [47aecc56-7e95-480d-b89c-2c00d33b4782@group-5EC277DF3249-LeaderElection296] INFO  impl.RoleInfo (RoleInfo.java:shutdownLeaderElection(134)) - 47aecc56-7e95-480d-b89c-2c00d33b4782: shutdown LeaderElection
2019-10-18 08:20:28,366 [47aecc56-7e95-480d-b89c-2c00d33b4782@group-5EC277DF3249-LeaderElection296] INFO  impl.RoleInfo (RoleInfo.java:updateAndGet(143)) - 47aecc56-7e95-480d-b89c-2c00d33b4782: start FollowerState
2019-10-18 08:20:28,444 [Thread-2618] INFO  impl.FollowerState (FollowerState.java:run(108)) - 47aecc56-7e95-480d-b89c-2c00d33b4782@group-5EC277DF3249-FollowerState: change to CANDIDATE, lastRpcTime:78ms, electionTimeout:78ms
2019-10-18 08:20:28,445 [Thread-2618] INFO  impl.RoleInfo (RoleInfo.java:shutdownFollowerState(121)) - 47aecc56-7e95-480d-b89c-2c00d33b4782: shutdown FollowerState
2019-10-18 08:20:28,445 [Thread-2618] INFO  impl.RaftServerImpl (RaftServerImpl.java:setRole(184)) - 47aecc56-7e95-480d-b89c-2c00d33b4782@group-5EC277DF3249: changes role from  FOLLOWER to CANDIDATE at term 316 for changeToCandidate
2019-10-18 08:20:28,445 [Thread-2618] INFO  impl.RoleInfo (RoleInfo.java:updateAndGet(143)) - 47aecc56-7e95-480d-b89c-2c00d33b4782: start LeaderElection
2019-10-18 08:20:28,471 [47aecc56-7e95-480d-b89c-2c00d33b4782@group-5EC277DF3249-LeaderElection297] INFO  impl.LeaderElection (LeaderElection.java:askForVotes(178)) - 47aecc56-7e95-480d-b89c-2c00d33b4782@group-5EC277DF3249-LeaderElection297: begin an election at term 317 for -1: [47aecc56-7e95-480d-b89c-2c00d33b4782:192.168.69.67:34550, 1bc296c6-def6-4ae4-8c62-5b4c951a28f1:192.168.69.67:37222, bc0382cc-50e2-4d58-b2de-e8b6250f3520:192.168.69.67:37666], old=null
2019-10-18 08:20:28,473 [grpc-default-executor-3] INFO  impl.RaftServerImpl (RaftServerImpl.java:setRole(184)) - 1bc296c6-def6-4ae4-8c62-5b4c951a28f1@group-5EC277DF3249: changes role from  FOLLOWER to FOLLOWER at term 317 for recognizeCandidate:47aecc56-7e95-480d-b89c-2c00d33b4782
2019-10-18 08:20:28,473 [grpc-default-executor-3] INFO  impl.RoleInfo (RoleInfo.java:shutdownFollowerState(121)) - 1bc296c6-def6-4ae4-8c62-5b4c951a28f1: shutdown FollowerState
2019-10-18 08:20:28,473 [grpc-default-executor-3] INFO  impl.RoleInfo (RoleInfo.java:updateAndGet(143)) - 1bc296c6-def6-4ae4-8c62-5b4c951a28f1: start FollowerState
2019-10-18 08:20:28,473 [Thread-2616] INFO  impl.FollowerState (FollowerState.java:run(117)) - 1bc296c6-def6-4ae4-8c62-5b4c951a28f1@group-5EC277DF3249-FollowerState was interrupted: java.lang.InterruptedException: sleep interrupted
2019-10-18 08:20:28,772 [grpc-default-executor-9] INFO  impl.RaftServerImpl (RaftServerImpl.java:setRole(184)) - bc0382cc-50e2-4d58-b2de-e8b6250f3520@group-5EC277DF3249: changes role from  FOLLOWER to FOLLOWER at term 317 for recognizeCandidate:47aecc56-7e95-480d-b89c-2c00d33b4782
2019-10-18 08:20:28,779 [grpc-default-executor-9] INFO  impl.RoleInfo (RoleInfo.java:shutdownFollowerState(121)) - bc0382cc-50e2-4d58-b2de-e8b6250f3520: shutdown FollowerState
2019-10-18 08:20:28,791 [47aecc56-7e95-480d-b89c-2c00d33b4782@group-5EC277DF3249-LeaderElection297] INFO  impl.LeaderElection (LeaderElection.java:logAndReturn(56)) - 47aecc56-7e95-480d-b89c-2c00d33b4782@group-5EC277DF3249-LeaderElection297: Election TIMEOUT; received 0 response(s) [] and 0 exception(s); 47aecc56-7e95-480d-b89c-2c00d33b4782@group-5EC277DF3249:t317, leader=null, voted=47aecc56-7e95-480d-b89c-2c00d33b4782, raftlog=47aecc56-7e95-480d-b89c-2c00d33b4782@group-5EC277DF3249-SegmentedRaftLog:OPENED:c-1,f-1,i0, conf=-1: [47aecc56-7e95-480d-b89c-2c00d33b4782:192.168.69.67:34550, 1bc296c6-def6-4ae4-8c62-5b4c951a28f1:192.168.69.67:37222, bc0382cc-50e2-4d58-b2de-e8b6250f3520:192.168.69.67:37666], old=null
2019-10-18 08:20:28,791 [Thread-2617] INFO  impl.FollowerState (FollowerState.java:run(117)) - bc0382cc-50e2-4d58-b2de-e8b6250f3520@group-5EC277DF3249-FollowerState was interrupted: java.lang.InterruptedException: sleep interrupted
2019-10-18 08:20:28,791 [grpc-default-executor-9] INFO  impl.RoleInfo (RoleInfo.java:updateAndGet(143)) - bc0382cc-50e2-4d58-b2de-e8b6250f3520: start FollowerState
2019-10-18 08:20:28,805 [47aecc56-7e95-480d-b89c-2c00d33b4782@group-5EC277DF3249-LeaderElection297] INFO  impl.LeaderElection (LeaderElection.java:askForVotes(178)) - 47aecc56-7e95-480d-b89c-2c00d33b4782@group-5EC277DF3249-LeaderElection297: begin an election at term 318 for -1: [47aecc56-7e95-480d-b89c-2c00d33b4782:192.168.69.67:34550, 1bc296c6-def6-4ae4-8c62-5b4c951a28f1:192.168.69.67:37222, bc0382cc-50e2-4d58-b2de-e8b6250f3520:192.168.69.67:37666], old=null
2019-10-18 08:20:28,806 [grpc-default-executor-9] INFO  impl.RaftServerImpl (RaftServerImpl.java:setRole(184)) - 1bc296c6-def6-4ae4-8c62-5b4c951a28f1@group-5EC277DF3249: changes role from  FOLLOWER to FOLLOWER at term 318 for recognizeCandidate:47aecc56-7e95-480d-b89c-2c00d33b4782
2019-10-18 08:20:28,806 [grpc-default-executor-9] INFO  impl.RoleInfo (RoleInfo.java:shutdownFollowerState(121)) - 1bc296c6-def6-4ae4-8c62-5b4c951a28f1: shutdown FollowerState
2019-10-18 08:20:28,806 [grpc-default-executor-9] INFO  impl.RoleInfo (RoleInfo.java:updateAndGet(143)) - 1bc296c6-def6-4ae4-8c62-5b4c951a28f1: start FollowerState
2019-10-18 08:20:28,807 [Thread-2622] INFO  impl.FollowerState (FollowerState.java:run(117)) - 1bc296c6-def6-4ae4-8c62-5b4c951a28f1@group-5EC277DF3249-FollowerState was interrupted: java.lang.InterruptedException: sleep interrupted
2019-10-18 08:20:28,807 [grpc-default-executor-3] INFO  impl.RaftServerImpl (RaftServerImpl.java:setRole(184)) - bc0382cc-50e2-4d58-b2de-e8b6250f3520@group-5EC277DF3249: changes role from  FOLLOWER to FOLLOWER at term 318 for recognizeCandidate:47aecc56-7e95-480d-b89c-2c00d33b4782
2019-10-18 08:20:28,807 [grpc-default-executor-3] INFO  impl.RoleInfo (RoleInfo.java:shutdownFollowerState(121)) - bc0382cc-50e2-4d58-b2de-e8b6250f3520: shutdown FollowerState
2019-10-18 08:20:28,807 [grpc-default-executor-3] INFO  impl.RoleInfo (RoleInfo.java:updateAndGet(143)) - bc0382cc-50e2-4d58-b2de-e8b6250f3520: start FollowerState
2019-10-18 08:20:28,807 [Thread-2623] INFO  impl.FollowerState (FollowerState.java:run(117)) - bc0382cc-50e2-4d58-b2de-e8b6250f3520@group-5EC277DF3249-FollowerState was interrupted: java.lang.InterruptedException: sleep interrupted
2019-10-18 08:20:28,821 [47aecc56-7e95-480d-b89c-2c00d33b4782@group-5EC277DF3249-LeaderElection297] INFO  impl.LeaderElection (LeaderElection.java:logAndReturn(56)) - 47aecc56-7e95-480d-b89c-2c00d33b4782@group-5EC277DF3249-LeaderElection297: Election REJECTED; received 2 response(s) [47aecc56-7e95-480d-b89c-2c00d33b4782<-1bc296c6-def6-4ae4-8c62-5b4c951a28f1#0:FAIL-t318, 47aecc56-7e95-480d-b89c-2c00d33b4782<-bc0382cc-50e2-4d58-b2de-e8b6250f3520#0:FAIL-t318] and 0 exception(s); 47aecc56-7e95-480d-b89c-2c00d33b4782@group-5EC277DF3249:t318, leader=null, voted=47aecc56-7e95-480d-b89c-2c00d33b4782, raftlog=47aecc56-7e95-480d-b89c-2c00d33b4782@group-5EC277DF3249-SegmentedRaftLog:OPENED:c-1,f-1,i0, conf=-1: [47aecc56-7e95-480d-b89c-2c00d33b4782:192.168.69.67:34550, 1bc296c6-def6-4ae4-8c62-5b4c951a28f1:192.168.69.67:37222, bc0382cc-50e2-4d58-b2de-e8b6250f3520:192.168.69.67:37666], old=null
2019-10-18 08:20:28,821 [47aecc56-7e95-480d-b89c-2c00d33b4782@group-5EC277DF3249-LeaderElection297] INFO  impl.RaftServerImpl (RaftServerImpl.java:setRole(184)) - 47aecc56-7e95-480d-b89c-2c00d33b4782@group-5EC277DF3249: changes role from CANDIDATE to FOLLOWER at term 318 for DISCOVERED_A_NEW_TERM
2019-10-18 08:20:28,821 [47aecc56-7e95-480d-b89c-2c00d33b4782@group-5EC277DF3249-LeaderElection297] INFO  impl.RoleInfo (RoleInfo.java:shutdownLeaderElection(134)) - 47aecc56-7e95-480d-b89c-2c00d33b4782: shutdown LeaderElection
2019-10-18 08:20:28,821 [47aecc56-7e95-480d-b89c-2c00d33b4782@group-5EC277DF3249-LeaderElection297] INFO  impl.RoleInfo (RoleInfo.java:updateAndGet(143)) - 47aecc56-7e95-480d-b89c-2c00d33b4782: start FollowerState
2019-10-18 08:20:28,969 [Thread-2628] INFO  impl.FollowerState (FollowerState.java:run(108)) - 47aecc56-7e95-480d-b89c-2c00d33b4782@group-5EC277DF3249-FollowerState: change to CANDIDATE, lastRpcTime:147ms, electionTimeout:147ms
2019-10-18 08:20:28,969 [Thread-2628] INFO  impl.RoleInfo (RoleInfo.java:shutdownFollowerState(121)) - 47aecc56-7e95-480d-b89c-2c00d33b4782: shutdown FollowerState
2019-10-18 08:20:28,969 [Thread-2628] INFO  impl.RaftServerImpl (RaftServerImpl.java:setRole(184)) - 47aecc56-7e95-480d-b89c-2c00d33b4782@group-5EC277DF3249: changes role from  FOLLOWER to CANDIDATE at term 318 for changeToCandidate
2019-10-18 08:20:28,969 [Thread-2628] INFO  impl.RoleInfo (RoleInfo.java:updateAndGet(143)) - 47aecc56-7e95-480d-b89c-2c00d33b4782: start LeaderElection
2019-10-18 08:20:28,984 [47aecc56-7e95-480d-b89c-2c00d33b4782@group-5EC277DF3249-LeaderElection298] INFO  impl.LeaderElection (LeaderElection.java:askForVotes(178)) - 47aecc56-7e95-480d-b89c-2c00d33b4782@group-5EC277DF3249-LeaderElection298: begin an election at term 319 for -1: [47aecc56-7e95-480d-b89c-2c00d33b4782:192.168.69.67:34550, 1bc296c6-def6-4ae4-8c62-5b4c951a28f1:192.168.69.67:37222, bc0382cc-50e2-4d58-b2de-e8b6250f3520:192.168.69.67:37666], old=null
2019-10-18 08:20:28,985 [47aecc56-7e95-480d-b89c-2c00d33b4782@group-5EC277DF3249-LeaderElection298] INFO  impl.LeaderElection (LeaderElection.java:logAndReturn(56)) - 47aecc56-7e95-480d-b89c-2c00d33b4782@group-5EC277DF3249-LeaderElection298: Election TIMEOUT; received 0 response(s) [] and 0 exception(s); 47aecc56-7e95-480d-b89c-2c00d33b4782@group-5EC277DF3249:t319, leader=null, voted=47aecc56-7e95-480d-b89c-2c00d33b4782, raftlog=47aecc56-7e95-480d-b89c-2c00d33b4782@group-5EC277DF3249-SegmentedRaftLog:OPENED:c-1,f-1,i0, conf=-1: [47aecc56-7e95-480d-b89c-2c00d33b4782:192.168.69.67:34550, 1bc296c6-def6-4ae4-8c62-5b4c951a28f1:192.168.69.67:37222, bc0382cc-50e2-4d58-b2de-e8b6250f3520:192.168.69.67:37666], old=null
2019-10-18 08:20:28,986 [grpc-default-executor-9] INFO  impl.RaftServerImpl (RaftServerImpl.java:setRole(184)) - bc0382cc-50e2-4d58-b2de-e8b6250f3520@group-5EC277DF3249: changes role from  FOLLOWER to FOLLOWER at term 319 for recognizeCandidate:47aecc56-7e95-480d-b89c-2c00d33b4782
2019-10-18 08:20:28,986 [grpc-default-executor-3] INFO  impl.RaftServerImpl (RaftServerImpl.java:setRole(184)) - 1bc296c6-def6-4ae4-8c62-5b4c951a28f1@group-5EC277DF3249: changes role from  FOLLOWER to FOLLOWER at term 319 for recognizeCandidate:47aecc56-7e95-480d-b89c-2c00d33b4782
2019-10-18 08:20:28,986 [grpc-default-executor-9] INFO  impl.RoleInfo (RoleInfo.java:shutdownFollowerState(121)) - bc0382cc-50e2-4d58-b2de-e8b6250f3520: shutdown FollowerState
2019-10-18 08:20:28,987 [grpc-default-executor-3] INFO  impl.RoleInfo (RoleInfo.java:shutdownFollowerState(121)) - 1bc296c6-def6-4ae4-8c62-5b4c951a28f1: shutdown FollowerState
2019-10-18 08:20:28,987 [Thread-2627] INFO  impl.FollowerState (FollowerState.java:run(117)) - bc0382cc-50e2-4d58-b2de-e8b6250f3520@group-5EC277DF3249-FollowerState was interrupted: java.lang.InterruptedException: sleep interrupted
2019-10-18 08:20:28,987 [Thread-2626] INFO  impl.FollowerState (FollowerState.java:run(117)) - 1bc296c6-def6-4ae4-8c62-5b4c951a28f1@group-5EC277DF3249-FollowerState was interrupted: java.lang.InterruptedException: sleep interrupted
2019-10-18 08:20:28,987 [grpc-default-executor-3] INFO  impl.RoleInfo (RoleInfo.java:updateAndGet(143)) - 1bc296c6-def6-4ae4-8c62-5b4c951a28f1: start FollowerState
2019-10-18 08:20:28,987 [grpc-default-executor-9] INFO  impl.RoleInfo (RoleInfo.java:updateAndGet(143)) - bc0382cc-50e2-4d58-b2de-e8b6250f3520: start FollowerState
2019-10-18 08:20:28,999 [47aecc56-7e95-480d-b89c-2c00d33b4782@group-5EC277DF3249-LeaderElection298] INFO  impl.LeaderElection (LeaderElection.java:askForVotes(178)) - 47aecc56-7e95-480d-b89c-2c00d33b4782@group-5EC277DF3249-LeaderElection298: begin an election at term 320 for -1: [47aecc56-7e95-480d-b89c-2c00d33b4782:192.168.69.67:34550, 1bc296c6-def6-4ae4-8c62-5b4c951a28f1:192.168.69.67:37222, bc0382cc-50e2-4d58-b2de-e8b6250f3520:192.168.69.67:37666], old=null
2019-10-18 08:20:29,001 [grpc-default-executor-9] INFO  impl.RaftServerImpl (RaftServerImpl.java:setRole(184)) - 1bc296c6-def6-4ae4-8c62-5b4c951a28f1@group-5EC277DF3249: changes role from  FOLLOWER to FOLLOWER at term 320 for recognizeCandidate:47aecc56-7e95-480d-b89c-2c00d33b4782
2019-10-18 08:20:29,002 [grpc-default-executor-9] INFO  impl.RoleInfo (RoleInfo.java:shutdownFollowerState(121)) - 1bc296c6-def6-4ae4-8c62-5b4c951a28f1: shutdown FollowerState
2019-10-18 08:20:29,002 [grpc-default-executor-9] INFO  impl.RoleInfo (RoleInfo.java:updateAndGet(143)) - 1bc296c6-def6-4ae4-8c62-5b4c951a28f1: start FollowerState
2019-10-18 08:20:29,002 [Thread-2633] INFO  impl.FollowerState (FollowerState.java:run(117)) - 1bc296c6-def6-4ae4-8c62-5b4c951a28f1@group-5EC277DF3249-FollowerState was interrupted: java.lang.InterruptedException: sleep interrupted
2019-10-18 08:20:29,002 [grpc-default-executor-3] INFO  impl.RaftServerImpl (RaftServerImpl.java:setRole(184)) - bc0382cc-50e2-4d58-b2de-e8b6250f3520@group-5EC277DF3249: changes role from  FOLLOWER to FOLLOWER at term 320 for recognizeCandidate:47aecc56-7e95-480d-b89c-2c00d33b4782
2019-10-18 08:20:29,002 [grpc-default-executor-3] INFO  impl.RoleInfo (RoleInfo.java:shutdownFollowerState(121)) - bc0382cc-50e2-4d58-b2de-e8b6250f3520: shutdown FollowerState
2019-10-18 08:20:29,002 [grpc-default-executor-3] INFO  impl.RoleInfo (RoleInfo.java:updateAndGet(143)) - bc0382cc-50e2-4d58-b2de-e8b6250f3520: start FollowerState
2019-10-18 08:20:29,003 [Thread-2632] INFO  impl.FollowerState (FollowerState.java:run(117)) - bc0382cc-50e2-4d58-b2de-e8b6250f3520@group-5EC277DF3249-FollowerState was interrupted: java.lang.InterruptedException: sleep interrupted
2019-10-18 08:20:29,016 [47aecc56-7e95-480d-b89c-2c00d33b4782@group-5EC277DF3249-LeaderElection298] INFO  impl.LeaderElection (LeaderElection.java:logAndReturn(56)) - 47aecc56-7e95-480d-b89c-2c00d33b4782@group-5EC277DF3249-LeaderElection298: Election REJECTED; received 2 response(s) [47aecc56-7e95-480d-b89c-2c00d33b4782<-1bc296c6-def6-4ae4-8c62-5b4c951a28f1#0:FAIL-t320, 47aecc56-7e95-480d-b89c-2c00d33b4782<-bc0382cc-50e2-4d58-b2de-e8b6250f3520#0:FAIL-t320] and 0 exception(s); 47aecc56-7e95-480d-b89c-2c00d33b4782@group-5EC277DF3249:t320, leader=null, voted=47aecc56-7e95-480d-b89c-2c00d33b4782, raftlog=47aecc56-7e95-480d-b89c-2c00d33b4782@group-5EC277DF3249-SegmentedRaftLog:OPENED:c-1,f-1,i0, conf=-1: [47aecc56-7e95-480d-b89c-2c00d33b4782:192.168.69.67:34550, 1bc296c6-def6-4ae4-8c62-5b4c951a28f1:192.168.69.67:37222, bc0382cc-50e2-4d58-b2de-e8b6250f3520:192.168.69.67:37666], old=null
2019-10-18 08:20:29,016 [47aecc56-7e95-480d-b89c-2c00d33b4782@group-5EC277DF3249-LeaderElection298] INFO  impl.RaftServerImpl (RaftServerImpl.java:setRole(184)) - 47aecc56-7e95-480d-b89c-2c00d33b4782@group-5EC277DF3249: changes role from CANDIDATE to FOLLOWER at term 320 for DISCOVERED_A_NEW_TERM
2019-10-18 08:20:29,017 [47aecc56-7e95-480d-b89c-2c00d33b4782@group-5EC277DF3249-LeaderElection298] INFO  impl.RoleInfo (RoleInfo.java:shutdownLeaderElection(134)) - 47aecc56-7e95-480d-b89c-2c00d33b4782: shutdown LeaderElection
2019-10-18 08:20:29,017 [47aecc56-7e95-480d-b89c-2c00d33b4782@group-5EC277DF3249-LeaderElection298] INFO  impl.RoleInfo (RoleInfo.java:updateAndGet(143)) - 47aecc56-7e95-480d-b89c-2c00d33b4782: start FollowerState
2019-10-18 08:20:29,215 [Thread-2638] INFO  impl.FollowerState (FollowerState.java:run(108)) - 47aecc56-7e95-480d-b89c-2c00d33b4782@group-5EC277DF3249-FollowerState: change to CANDIDATE, lastRpcTime:198ms, electionTimeout:198ms
2019-10-18 08:20:29,215 [Thread-2638] INFO  impl.RoleInfo (RoleInfo.java:shutdownFollowerState(121)) - 47aecc56-7e95-480d-b89c-2c00d33b4782: shutdown FollowerState
2019-10-18 08:20:29,215 [Thread-2638] INFO  impl.RaftServerImpl (RaftServerImpl.java:setRole(184)) - 47aecc56-7e95-480d-b89c-2c00d33b4782@group-5EC277DF3249: changes role from  FOLLOWER to CANDIDATE at term 320 for changeToCandidate
2019-10-18 08:20:29,216 [Thread-2638] INFO  impl.RoleInfo (RoleInfo.java:updateAndGet(143)) - 47aecc56-7e95-480d-b89c-2c00d33b4782: start LeaderElection
2019-10-18 08:20:29,230 [47aecc56-7e95-480d-b89c-2c00d33b4782@group-5EC277DF3249-LeaderElection299] INFO  impl.LeaderElection (LeaderElection.java:askForVotes(178)) - 47aecc56-7e95-480d-b89c-2c00d33b4782@group-5EC277DF3249-LeaderElection299: begin an election at term 321 for -1: [47aecc56-7e95-480d-b89c-2c00d33b4782:192.168.69.67:34550, 1bc296c6-def6-4ae4-8c62-5b4c951a28f1:192.168.69.67:37222, bc0382cc-50e2-4d58-b2de-e8b6250f3520:192.168.69.67:37666], old=null
2019-10-18 08:20:29,232 [grpc-default-executor-9] INFO  impl.RaftServerImpl (RaftServerImpl.java:setRole(184)) - 1bc296c6-def6-4ae4-8c62-5b4c951a28f1@group-5EC277DF3249: changes role from  FOLLOWER to FOLLOWER at term 321 for recognizeCandidate:47aecc56-7e95-480d-b89c-2c00d33b4782
2019-10-18 08:20:29,232 [grpc-default-executor-3] INFO  impl.RaftServerImpl (RaftServerImpl.java:setRole(184)) - bc0382cc-50e2-4d58-b2de-e8b6250f3520@group-5EC277DF3249: changes role from  FOLLOWER to FOLLOWER at term 321 for recognizeCandidate:47aecc56-7e95-480d-b89c-2c00d33b4782
2019-10-18 08:20:29,232 [grpc-default-executor-9] INFO  impl.RoleInfo (RoleInfo.java:shutdownFollowerState(121)) - 1bc296c6-def6-4ae4-8c62-5b4c951a28f1: shutdown FollowerState
2019-10-18 08:20:29,232 [grpc-default-executor-3] INFO  impl.RoleInfo (RoleInfo.java:shutdownFollowerState(121)) - bc0382cc-50e2-4d58-b2de-e8b6250f3520: shutdown FollowerState
2019-10-18 08:20:29,233 [Thread-2636] INFO  impl.FollowerState (FollowerState.java:run(117)) - 1bc296c6-def6-4ae4-8c62-5b4c951a28f1@group-5EC277DF3249-FollowerState was interrupted: java.lang.InterruptedException: sleep interrupted
2019-10-18 08:20:29,233 [grpc-default-executor-9] INFO  impl.RoleInfo (RoleInfo.java:updateAndGet(143)) - 1bc296c6-def6-4ae4-8c62-5b4c951a28f1: start FollowerState
2019-10-18 08:20:29,233 [Thread-2637] INFO  impl.FollowerState (FollowerState.java:run(117)) - bc0382cc-50e2-4d58-b2de-e8b6250f3520@group-5EC277DF3249-FollowerState was interrupted: java.lang.InterruptedException: sleep interrupted
2019-10-18 08:20:29,233 [grpc-default-executor-3] INFO  impl.RoleInfo (RoleInfo.java:updateAndGet(143)) - bc0382cc-50e2-4d58-b2de-e8b6250f3520: start FollowerState
2019-10-18 08:20:29,247 [47aecc56-7e95-480d-b89c-2c00d33b4782@group-5EC277DF3249-LeaderElection299] INFO  impl.LeaderElection (LeaderElection.java:logAndReturn(56)) - 47aecc56-7e95-480d-b89c-2c00d33b4782@group-5EC277DF3249-LeaderElection299: Election REJECTED; received 2 response(s) [47aecc56-7e95-480d-b89c-2c00d33b4782<-1bc296c6-def6-4ae4-8c62-5b4c951a28f1#0:FAIL-t321, 47aecc56-7e95-480d-b89c-2c00d33b4782<-bc0382cc-50e2-4d58-b2de-e8b6250f3520#0:FAIL-t321] and 0 exception(s); 47aecc56-7e95-480d-b89c-2c00d33b4782@group-5EC277DF3249:t321, leader=null, voted=47aecc56-7e95-480d-b89c-2c00d33b4782, raftlog=47aecc56-7e95-480d-b89c-2c00d33b4782@group-5EC277DF3249-SegmentedRaftLog:OPENED:c-1,f-1,i0, conf=-1: [47aecc56-7e95-480d-b89c-2c00d33b4782:192.168.69.67:34550, 1bc296c6-def6-4ae4-8c62-5b4c951a28f1:192.168.69.67:37222, bc0382cc-50e2-4d58-b2de-e8b6250f3520:192.168.69.67:37666], old=null
2019-10-18 08:20:29,247 [47aecc56-7e95-480d-b89c-2c00d33b4782@group-5EC277DF3249-LeaderElection299] INFO  impl.RaftServerImpl (RaftServerImpl.java:setRole(184)) - 47aecc56-7e95-480d-b89c-2c00d33b4782@group-5EC277DF3249: changes role from CANDIDATE to FOLLOWER at term 321 for DISCOVERED_A_NEW_TERM
2019-10-18 08:20:29,247 [47aecc56-7e95-480d-b89c-2c00d33b4782@group-5EC277DF3249-LeaderElection299] INFO  impl.RoleInfo (RoleInfo.java:shutdownLeaderElection(134)) - 47aecc56-7e95-480d-b89c-2c00d33b4782: shutdown LeaderElection
2019-10-18 08:20:29,248 [47aecc56-7e95-480d-b89c-2c00d33b4782@group-5EC277DF3249-LeaderElection299] INFO  impl.RoleInfo (RoleInfo.java:updateAndGet(143)) - 47aecc56-7e95-480d-b89c-2c00d33b4782: start FollowerState
 0.00% |?                                                                                                    |  0/1 Time: 0:00:022019-10-18 08:20:29,363 [Thread-2644] INFO  impl.FollowerState (FollowerState.java:run(108)) - 47aecc56-7e95-480d-b89c-2c00d33b4782@group-5EC277DF3249-FollowerState: change to CANDIDATE, lastRpcTime:115ms, electionTimeout:115ms
2019-10-18 08:20:29,363 [Thread-2644] INFO  impl.RoleInfo (RoleInfo.java:shutdownFollowerState(121)) - 47aecc56-7e95-480d-b89c-2c00d33b4782: shutdown FollowerState
2019-10-18 08:20:29,363 [Thread-2644] INFO  impl.RaftServerImpl (RaftServerImpl.java:setRole(184)) - 47aecc56-7e95-480d-b89c-2c00d33b4782@group-5EC277DF3249: changes role from  FOLLOWER to CANDIDATE at term 321 for changeToCandidate
2019-10-18 08:20:29,364 [Thread-2644] INFO  impl.RoleInfo (RoleInfo.java:updateAndGet(143)) - 47aecc56-7e95-480d-b89c-2c00d33b4782: start LeaderElection
2019-10-18 08:20:29,377 [47aecc56-7e95-480d-b89c-2c00d33b4782@group-5EC277DF3249-LeaderElection300] INFO  impl.LeaderElection (LeaderElection.java:askForVotes(178)) - 47aecc56-7e95-480d-b89c-2c00d33b4782@group-5EC277DF3249-LeaderElection300: begin an election at term 322 for -1: [47aecc56-7e95-480d-b89c-2c00d33b4782:192.168.69.67:34550, 1bc296c6-def6-4ae4-8c62-5b4c951a28f1:192.168.69.67:37222, bc0382cc-50e2-4d58-b2de-e8b6250f3520:192.168.69.67:37666], old=null
2019-10-18 08:20:29,380 [grpc-default-executor-3] INFO  impl.RaftServerImpl (RaftServerImpl.java:setRole(184)) - 1bc296c6-def6-4ae4-8c62-5b4c951a28f1@group-5EC277DF3249: changes role from  FOLLOWER to FOLLOWER at term 322 for recognizeCandidate:47aecc56-7e95-480d-b89c-2c00d33b4782
2019-10-18 08:20:29,380 [grpc-default-executor-9] INFO  impl.RaftServerImpl (RaftServerImpl.java:setRole(184)) - bc0382cc-50e2-4d58-b2de-e8b6250f3520@group-5EC277DF3249: changes role from  FOLLOWER to FOLLOWER at term 322 for recognizeCandidate:47aecc56-7e95-480d-b89c-2c00d33b4782
2019-10-18 08:20:29,380 [grpc-default-executor-3] INFO  impl.RoleInfo (RoleInfo.java:shutdownFollowerState(121)) - 1bc296c6-def6-4ae4-8c62-5b4c951a28f1: shutdown FollowerState
2019-10-18 08:20:29,381 [grpc-default-executor-9] INFO  impl.RoleInfo (RoleInfo.java:shutdownFollowerState(121)) - bc0382cc-50e2-4d58-b2de-e8b6250f3520: shutdown FollowerState
2019-10-18 08:20:29,381 [Thread-2642] INFO  impl.FollowerState (FollowerState.java:run(117)) - 1bc296c6-def6-4ae4-8c62-5b4c951a28f1@group-5EC277DF3249-FollowerState was interrupted: java.lang.InterruptedException: sleep interrupted
2019-10-18 08:20:29,381 [Thread-2643] INFO  impl.FollowerState (FollowerState.java:run(117)) - bc0382cc-50e2-4d58-b2de-e8b6250f3520@group-5EC277DF3249-FollowerState was interrupted: java.lang.InterruptedException: sleep interrupted
2019-10-18 08:20:29,381 [grpc-default-executor-3] INFO  impl.RoleInfo (RoleInfo.java:updateAndGet(143)) - 1bc296c6-def6-4ae4-8c62-5b4c951a28f1: start FollowerState
2019-10-18 08:20:29,381 [grpc-default-executor-9] INFO  impl.RoleInfo (RoleInfo.java:updateAndGet(143)) - bc0382cc-50e2-4d58-b2de-e8b6250f3520: start FollowerState
2019-10-18 08:20:29,392 [47aecc56-7e95-480d-b89c-2c00d33b4782@group-5EC277DF3249-LeaderElection300] INFO  impl.LeaderElection (LeaderElection.java:logAndReturn(56)) - 47aecc56-7e95-480d-b89c-2c00d33b4782@group-5EC277DF3249-LeaderElection300: Election REJECTED; received 2 response(s) [47aecc56-7e95-480d-b89c-2c00d33b4782<-1bc296c6-def6-4ae4-8c62-5b4c951a28f1#0:FAIL-t322, 47aecc56-7e95-480d-b89c-2c00d33b4782<-bc0382cc-50e2-4d58-b2de-e8b6250f3520#0:FAIL-t322] and 0 exception(s); 47aecc56-7e95-480d-b89c-2c00d33b4782@group-5EC277DF3249:t322, leader=null, voted=47aecc56-7e95-480d-b89c-2c00d33b4782, raftlog=47aecc56-7e95-480d-b89c-2c00d33b4782@group-5EC277DF3249-SegmentedRaftLog:OPENED:c-1,f-1,i0, conf=-1: [47aecc56-7e95-480d-b89c-2c00d33b4782:192.168.69.67:34550, 1bc296c6-def6-4ae4-8c62-5b4c951a28f1:192.168.69.67:37222, bc0382cc-50e2-4d58-b2de-e8b6250f3520:192.168.69.67:37666], old=null
2019-10-18 08:20:29,392 [47aecc56-7e95-480d-b89c-2c00d33b4782@group-5EC277DF3249-LeaderElection300] INFO  impl.RaftServerImpl (RaftServerImpl.java:setRole(184)) - 47aecc56-7e95-480d-b89c-2c00d33b4782@group-5EC277DF3249: changes role from CANDIDATE to FOLLOWER at term 322 for DISCOVERED_A_NEW_TERM
2019-10-18 08:20:29,392 [47aecc56-7e95-480d-b89c-2c00d33b4782@group-5EC277DF3249-LeaderElection300] INFO  impl.RoleInfo (RoleInfo.java:shutdownLeaderElection(134)) - 47aecc56-7e95-480d-b89c-2c00d33b4782: shutdown LeaderElection
2019-10-18 08:20:29,392 [47aecc56-7e95-480d-b89c-2c00d33b4782@group-5EC277DF3249-LeaderElection300] INFO  impl.RoleInfo (RoleInfo.java:updateAndGet(143)) - 47aecc56-7e95-480d-b89c-2c00d33b4782: start FollowerState
2019-10-18 08:20:29,505 [Thread-2650] INFO  impl.FollowerState (FollowerState.java:run(108)) - 47aecc56-7e95-480d-b89c-2c00d33b4782@group-5EC277DF3249-FollowerState: change to CANDIDATE, lastRpcTime:112ms, electionTimeout:112ms
2019-10-18 08:20:29,505 [Thread-2650] INFO  impl.RoleInfo (RoleInfo.java:shutdownFollowerState(121)) - 47aecc56-7e95-480d-b89c-2c00d33b4782: shutdown FollowerState
2019-10-18 08:20:29,505 [Thread-2650] INFO  impl.RaftServerImpl (RaftServerImpl.java:setRole(184)) - 47aecc56-7e95-480d-b89c-2c00d33b4782@group-5EC277DF3249: changes role from  FOLLOWER to CANDIDATE at term 322 for changeToCandidate
2019-10-18 08:20:29,506 [Thread-2650] INFO  impl.RoleInfo (RoleInfo.java:updateAndGet(143)) - 47aecc56-7e95-480d-b89c-2c00d33b4782: start LeaderElection
2019-10-18 08:20:29,531 [47aecc56-7e95-480d-b89c-2c00d33b4782@group-5EC277DF3249-LeaderElection301] INFO  impl.LeaderElection (LeaderElection.java:askForVotes(178)) - 47aecc56-7e95-480d-b89c-2c00d33b4782@group-5EC277DF3249-LeaderElection301: begin an election at term 323 for -1: [47aecc56-7e95-480d-b89c-2c00d33b4782:192.168.69.67:34550, 1bc296c6-def6-4ae4-8c62-5b4c951a28f1:192.168.69.67:37222, bc0382cc-50e2-4d58-b2de-e8b6250f3520:192.168.69.67:37666], old=null
2019-10-18 08:20:29,533 [grpc-default-executor-9] INFO  impl.RaftServerImpl (RaftServerImpl.java:setRole(184)) - 1bc296c6-def6-4ae4-8c62-5b4c951a28f1@group-5EC277DF3249: changes role from  FOLLOWER to FOLLOWER at term 323 for recognizeCandidate:47aecc56-7e95-480d-b89c-2c00d33b4782
2019-10-18 08:20:29,534 [grpc-default-executor-9] INFO  impl.RoleInfo (RoleInfo.java:shutdownFollowerState(121)) - 1bc296c6-def6-4ae4-8c62-5b4c951a28f1: shutdown FollowerState
2019-10-18 08:20:29,533 [grpc-default-executor-3] INFO  impl.RaftServerImpl (RaftServerImpl.java:setRole(184)) - bc0382cc-50e2-4d58-b2de-e8b6250f3520@group-5EC277DF3249: changes role from  FOLLOWER to FOLLOWER at term 323 for recognizeCandidate:47aecc56-7e95-480d-b89c-2c00d33b4782
2019-10-18 08:20:29,534 [grpc-default-executor-3] INFO  impl.RoleInfo (RoleInfo.java:shutdownFollowerState(121)) - bc0382cc-50e2-4d58-b2de-e8b6250f3520: shutdown FollowerState
2019-10-18 08:20:29,534 [Thread-2648] INFO  impl.FollowerState (FollowerState.java:run(117)) - 1bc296c6-def6-4ae4-8c62-5b4c951a28f1@group-5EC277DF3249-FollowerState was interrupted: java.lang.InterruptedException: sleep interrupted
2019-10-18 08:20:29,534 [grpc-default-executor-9] INFO  impl.RoleInfo (RoleInfo.java:updateAndGet(143)) - 1bc296c6-def6-4ae4-8c62-5b4c951a28f1: start FollowerState
2019-10-18 08:20:29,534 [Thread-2649] INFO  impl.FollowerState (FollowerState.java:run(117)) - bc0382cc-50e2-4d58-b2de-e8b6250f3520@group-5EC277DF3249-FollowerState was interrupted: java.lang.InterruptedException: sleep interrupted
2019-10-18 08:20:29,534 [grpc-default-executor-3] INFO  impl.RoleInfo (RoleInfo.java:updateAndGet(143)) - bc0382cc-50e2-4d58-b2de-e8b6250f3520: start FollowerState
2019-10-18 08:20:29,549 [47aecc56-7e95-480d-b89c-2c00d33b4782@group-5EC277DF3249-LeaderElection301] INFO  impl.LeaderElection (LeaderElection.java:logAndReturn(56)) - 47aecc56-7e95-480d-b89c-2c00d33b4782@group-5EC277DF3249-LeaderElection301: Election REJECTED; received 2 response(s) [47aecc56-7e95-480d-b89c-2c00d33b4782<-1bc296c6-def6-4ae4-8c62-5b4c951a28f1#0:FAIL-t323, 47aecc56-7e95-480d-b89c-2c00d33b4782<-bc0382cc-50e2-4d58-b2de-e8b6250f3520#0:FAIL-t323] and 0 exception(s); 47aecc56-7e95-480d-b89c-2c00d33b4782@group-5EC277DF3249:t323, leader=null, voted=47aecc56-7e95-480d-b89c-2c00d33b4782, raftlog=47aecc56-7e95-480d-b89c-2c00d33b4782@group-5EC277DF3249-SegmentedRaftLog:OPENED:c-1,f-1,i0, conf=-1: [47aecc56-7e95-480d-b89c-2c00d33b4782:192.168.69.67:34550, 1bc296c6-def6-4ae4-8c62-5b4c951a28f1:192.168.69.67:37222, bc0382cc-50e2-4d58-b2de-e8b6250f3520:192.168.69.67:37666], old=null
2019-10-18 08:20:29,550 [47aecc56-7e95-480d-b89c-2c00d33b4782@group-5EC277DF3249-LeaderElection301] INFO  impl.RaftServerImpl (RaftServerImpl.java:setRole(184)) - 47aecc56-7e95-480d-b89c-2c00d33b4782@group-5EC277DF3249: changes role from CANDIDATE to FOLLOWER at term 323 for DISCOVERED_A_NEW_TERM
2019-10-18 08:20:29,550 [47aecc56-7e95-480d-b89c-2c00d33b4782@group-5EC277DF3249-LeaderElection301] INFO  impl.RoleInfo (RoleInfo.java:shutdownLeaderElection(134)) - 47aecc56-7e95-480d-b89c-2c00d33b4782: shutdown LeaderElection
2019-10-18 08:20:29,550 [47aecc56-7e95-480d-b89c-2c00d33b4782@group-5EC277DF3249-LeaderElection301] INFO  impl.RoleInfo (RoleInfo.java:updateAndGet(143)) - 47aecc56-7e95-480d-b89c-2c00d33b4782: start FollowerState
2019-10-18 08:20:29,601 [Thread-2656] INFO  impl.FollowerState (FollowerState.java:run(108)) - 47aecc56-7e95-480d-b89c-2c00d33b4782@group-5EC277DF3249-FollowerState: change to CANDIDATE, lastRpcTime:51ms, electionTimeout:51ms
2019-10-18 08:20:29,601 [Thread-2656] INFO  impl.RoleInfo (RoleInfo.java:shutdownFollowerState(121)) - 47aecc56-7e95-480d-b89c-2c00d33b4782: shutdown FollowerState
2019-10-18 08:20:29,602 [Thread-2656] INFO  impl.RaftServerImpl (RaftServerImpl.java:setRole(184)) - 47aecc56-7e95-480d-b89c-2c00d33b4782@group-5EC277DF3249: changes role from  FOLLOWER to CANDIDATE at term 323 for changeToCandidate
2019-10-18 08:20:29,602 [Thread-2656] INFO  impl.RoleInfo (RoleInfo.java:updateAndGet(143)) - 47aecc56-7e95-480d-b89c-2c00d33b4782: start LeaderElection
2019-10-18 08:20:29,617 [47aecc56-7e95-480d-b89c-2c00d33b4782@group-5EC277DF3249-LeaderElection302] INFO  impl.LeaderElection (LeaderElection.java:askForVotes(178)) - 47aecc56-7e95-480d-b89c-2c00d33b4782@group-5EC277DF3249-LeaderElection302: begin an election at term 324 for -1: [47aecc56-7e95-480d-b89c-2c00d33b4782:192.168.69.67:34550, 1bc296c6-def6-4ae4-8c62-5b4c951a28f1:192.168.69.67:37222, bc0382cc-50e2-4d58-b2de-e8b6250f3520:192.168.69.67:37666], old=null
2019-10-18 08:20:29,619 [grpc-default-executor-9] INFO  impl.RaftServerImpl (RaftServerImpl.java:setRole(184)) - 1bc296c6-def6-4ae4-8c62-5b4c951a28f1@group-5EC277DF3249: changes role from  FOLLOWER to FOLLOWER at term 324 for recognizeCandidate:47aecc56-7e95-480d-b89c-2c00d33b4782
2019-10-18 08:20:29,619 [grpc-default-executor-3] INFO  impl.RaftServerImpl (RaftServerImpl.java:setRole(184)) - bc0382cc-50e2-4d58-b2de-e8b6250f3520@group-5EC277DF3249: changes role from  FOLLOWER to FOLLOWER at term 324 for recognizeCandidate:47aecc56-7e95-480d-b89c-2c00d33b4782
2019-10-18 08:20:29,619 [grpc-default-executor-9] INFO  impl.RoleInfo (RoleInfo.java:shutdownFollowerState(121)) - 1bc296c6-def6-4ae4-8c62-5b4c951a28f1: shutdown FollowerState
2019-10-18 08:20:29,619 [grpc-default-executor-3] INFO  impl.RoleInfo (RoleInfo.java:shutdownFollowerState(121)) - bc0382cc-50e2-4d58-b2de-e8b6250f3520: shutdown FollowerState
2019-10-18 08:20:29,619 [Thread-2654] INFO  impl.FollowerState (FollowerState.java:run(117)) - 1bc296c6-def6-4ae4-8c62-5b4c951a28f1@group-5EC277DF3249-FollowerState was interrupted: java.lang.InterruptedException: sleep interrupted
2019-10-18 08:20:29,619 [grpc-default-executor-9] INFO  impl.RoleInfo (RoleInfo.java:updateAndGet(143)) - 1bc296c6-def6-4ae4-8c62-5b4c951a28f1: start FollowerState
2019-10-18 08:20:29,620 [Thread-2655] INFO  impl.FollowerState (FollowerState.java:run(117)) - bc0382cc-50e2-4d58-b2de-e8b6250f3520@group-5EC277DF3249-FollowerState was interrupted: java.lang.InterruptedException: sleep interrupted
2019-10-18 08:20:29,619 [grpc-default-executor-3] INFO  impl.RoleInfo (RoleInfo.java:updateAndGet(143)) - bc0382cc-50e2-4d58-b2de-e8b6250f3520: start FollowerState
2019-10-18 08:20:29,646 [47aecc56-7e95-480d-b89c-2c00d33b4782@group-5EC277DF3249-LeaderElection302] INFO  impl.LeaderElection (LeaderElection.java:logAndReturn(56)) - 47aecc56-7e95-480d-b89c-2c00d33b4782@group-5EC277DF3249-LeaderElection302: Election REJECTED; received 2 response(s) [47aecc56-7e95-480d-b89c-2c00d33b4782<-1bc296c6-def6-4ae4-8c62-5b4c951a28f1#0:FAIL-t324, 47aecc56-7e95-480d-b89c-2c00d33b4782<-bc0382cc-50e2-4d58-b2de-e8b6250f3520#0:FAIL-t324] and 0 exception(s); 47aecc56-7e95-480d-b89c-2c00d33b4782@group-5EC277DF3249:t324, leader=null, voted=47aecc56-7e95-480d-b89c-2c00d33b4782, raftlog=47aecc56-7e95-480d-b89c-2c00d33b4782@group-5EC277DF3249-SegmentedRaftLog:OPENED:c-1,f-1,i0, conf=-1: [47aecc56-7e95-480d-b89c-2c00d33b4782:192.168.69.67:34550, 1bc296c6-def6-4ae4-8c62-5b4c951a28f1:192.168.69.67:37222, bc0382cc-50e2-4d58-b2de-e8b6250f3520:192.168.69.67:37666], old=null
2019-10-18 08:20:29,647 [47aecc56-7e95-480d-b89c-2c00d33b4782@group-5EC277DF3249-LeaderElection302] INFO  impl.RaftServerImpl (RaftServerImpl.java:setRole(184)) - 47aecc56-7e95-480d-b89c-2c00d33b4782@group-5EC277DF3249: changes role from CANDIDATE to FOLLOWER at term 324 for DISCOVERED_A_NEW_TERM
2019-10-18 08:20:29,647 [47aecc56-7e95-480d-b89c-2c00d33b4782@group-5EC277DF3249-LeaderElection302] INFO  impl.RoleInfo (RoleInfo.java:shutdownLeaderElection(134)) - 47aecc56-7e95-480d-b89c-2c00d33b4782: shutdown LeaderElection
2019-10-18 08:20:29,647 [47aecc56-7e95-480d-b89c-2c00d33b4782@group-5EC277DF3249-LeaderElection302] INFO  impl.RoleInfo (RoleInfo.java:updateAndGet(143)) - 47aecc56-7e95-480d-b89c-2c00d33b4782: start FollowerState
2019-10-18 08:20:29,663 [Thread-2662] INFO  impl.FollowerState (FollowerState.java:run(108)) - 47aecc56-7e95-480d-b89c-2c00d33b4782@group-5EC277DF3249-FollowerState: change to CANDIDATE, lastRpcTime:16ms, electionTimeout:16ms
2019-10-18 08:20:29,663 [Thread-2662] INFO  impl.RoleInfo (RoleInfo.java:shutdownFollowerState(121)) - 47aecc56-7e95-480d-b89c-2c00d33b4782: shutdown FollowerState
2019-10-18 08:20:29,663 [Thread-2662] INFO  impl.RaftServerImpl (RaftServerImpl.java:setRole(184)) - 47aecc56-7e95-480d-b89c-2c00d33b4782@group-5EC277DF3249: changes role from  FOLLOWER to CANDIDATE at term 324 for changeToCandidate
2019-10-18 08:20:29,664 [Thread-2662] INFO  impl.RoleInfo (RoleInfo.java:updateAndGet(143)) - 47aecc56-7e95-480d-b89c-2c00d33b4782: start LeaderElection
2019-10-18 08:20:29,677 [47aecc56-7e95-480d-b89c-2c00d33b4782@group-5EC277DF3249-LeaderElection303] INFO  impl.LeaderElection (LeaderElection.java:askForVotes(178)) - 47aecc56-7e95-480d-b89c-2c00d33b4782@group-5EC277DF3249-LeaderElection303: begin an election at term 325 for -1: [47aecc56-7e95-480d-b89c-2c00d33b4782:192.168.69.67:34550, 1bc296c6-def6-4ae4-8c62-5b4c951a28f1:192.168.69.67:37222, bc0382cc-50e2-4d58-b2de-e8b6250f3520:192.168.69.67:37666], old=null
2019-10-18 08:20:29,679 [grpc-default-executor-3] INFO  impl.RaftServerImpl (RaftServerImpl.java:setRole(184)) - 1bc296c6-def6-4ae4-8c62-5b4c951a28f1@group-5EC277DF3249: changes role from  FOLLOWER to FOLLOWER at term 325 for recognizeCandidate:47aecc56-7e95-480d-b89c-2c00d33b4782
2019-10-18 08:20:29,679 [grpc-default-executor-3] INFO  impl.RoleInfo (RoleInfo.java:shutdownFollowerState(121)) - 1bc296c6-def6-4ae4-8c62-5b4c951a28f1: shutdown FollowerState
2019-10-18 08:20:29,679 [grpc-default-executor-3] INFO  impl.RoleInfo (RoleInfo.java:updateAndGet(143)) - 1bc296c6-def6-4ae4-8c62-5b4c951a28f1: start FollowerState
2019-10-18 08:20:29,679 [grpc-default-executor-9] INFO  impl.RaftServerImpl (RaftServerImpl.java:setRole(184)) - bc0382cc-50e2-4d58-b2de-e8b6250f3520@group-5EC277DF3249: changes role from  FOLLOWER to FOLLOWER at term 325 for recognizeCandidate:47aecc56-7e95-480d-b89c-2c00d33b4782
2019-10-18 08:20:29,679 [grpc-default-executor-9] INFO  impl.RoleInfo (RoleInfo.java:shutdownFollowerState(121)) - bc0382cc-50e2-4d58-b2de-e8b6250f3520: shutdown FollowerState
2019-10-18 08:20:29,679 [Thread-2660] INFO  impl.FollowerState (FollowerState.java:run(117)) - 1bc296c6-def6-4ae4-8c62-5b4c951a28f1@group-5EC277DF3249-FollowerState was interrupted: java.lang.InterruptedException: sleep interrupted
2019-10-18 08:20:29,680 [Thread-2661] INFO  impl.FollowerState (FollowerState.java:run(117)) - bc0382cc-50e2-4d58-b2de-e8b6250f3520@group-5EC277DF3249-FollowerState was interrupted: java.lang.InterruptedException: sleep interrupted
2019-10-18 08:20:29,680 [grpc-default-executor-9] INFO  impl.RoleInfo (RoleInfo.java:updateAndGet(143)) - bc0382cc-50e2-4d58-b2de-e8b6250f3520: start FollowerState
2019-10-18 08:20:29,694 [47aecc56-7e95-480d-b89c-2c00d33b4782@group-5EC277DF3249-LeaderElection303] INFO  impl.LeaderElection (LeaderElection.java:logAndReturn(56)) - 47aecc56-7e95-480d-b89c-2c00d33b4782@group-5EC277DF3249-LeaderElection303: Election REJECTED; received 2 response(s) [47aecc56-7e95-480d-b89c-2c00d33b4782<-1bc296c6-def6-4ae4-8c62-5b4c951a28f1#0:FAIL-t325, 47aecc56-7e95-480d-b89c-2c00d33b4782<-bc0382cc-50e2-4d58-b2de-e8b6250f3520#0:FAIL-t325] and 0 exception(s); 47aecc56-7e95-480d-b89c-2c00d33b4782@group-5EC277DF3249:t325, leader=null, voted=47aecc56-7e95-480d-b89c-2c00d33b4782, raftlog=47aecc56-7e95-480d-b89c-2c00d33b4782@group-5EC277DF3249-SegmentedRaftLog:OPENED:c-1,f-1,i0, conf=-1: [47aecc56-7e95-480d-b89c-2c00d33b4782:192.168.69.67:34550, 1bc296c6-def6-4ae4-8c62-5b4c951a28f1:192.168.69.67:37222, bc0382cc-50e2-4d58-b2de-e8b6250f3520:192.168.69.67:37666], old=null
2019-10-18 08:20:29,694 [47aecc56-7e95-480d-b89c-2c00d33b4782@group-5EC277DF3249-LeaderElection303] INFO  impl.RaftServerImpl (RaftServerImpl.java:setRole(184)) - 47aecc56-7e95-480d-b89c-2c00d33b4782@group-5EC277DF3249: changes role from CANDIDATE to FOLLOWER at term 325 for DISCOVERED_A_NEW_TERM
2019-10-18 08:20:29,694 [47aecc56-7e95-480d-b89c-2c00d33b4782@group-5EC277DF3249-LeaderElection303] INFO  impl.RoleInfo (RoleInfo.java:shutdownLeaderElection(134)) - 47aecc56-7e95-480d-b89c-2c00d33b4782: shutdown LeaderElection
2019-10-18 08:20:29,694 [47aecc56-7e95-480d-b89c-2c00d33b4782@group-5EC277DF3249-LeaderElection303] INFO  impl.RoleInfo (RoleInfo.java:updateAndGet(143)) - 47aecc56-7e95-480d-b89c-2c00d33b4782: start FollowerState
2019-10-18 08:20:29,825 [Thread-2668] INFO  impl.FollowerState (FollowerState.java:run(108)) - 47aecc56-7e95-480d-b89c-2c00d33b4782@group-5EC277DF3249-FollowerState: change to CANDIDATE, lastRpcTime:130ms, electionTimeout:130ms
2019-10-18 08:20:29,825 [Thread-2668] INFO  impl.RoleInfo (RoleInfo.java:shutdownFollowerState(121)) - 47aecc56-7e95-480d-b89c-2c00d33b4782: shutdown FollowerState
2019-10-18 08:20:29,825 [Thread-2668] INFO  impl.RaftServerImpl (RaftServerImpl.java:setRole(184)) - 47aecc56-7e95-480d-b89c-2c00d33b4782@group-5EC277DF3249: changes role from  FOLLOWER to CANDIDATE at term 325 for changeToCandidate
2019-10-18 08:20:29,825 [Thread-2668] INFO  impl.RoleInfo (RoleInfo.java:updateAndGet(143)) - 47aecc56-7e95-480d-b89c-2c00d33b4782: start LeaderElection
2019-10-18 08:20:29,840 [47aecc56-7e95-480d-b89c-2c00d33b4782@group-5EC277DF3249-LeaderElection304] INFO  impl.LeaderElection (LeaderElection.java:askForVotes(178)) - 47aecc56-7e95-480d-b89c-2c00d33b4782@group-5EC277DF3249-LeaderElection304: begin an election at term 326 for -1: [47aecc56-7e95-480d-b89c-2c00d33b4782:192.168.69.67:34550, 1bc296c6-def6-4ae4-8c62-5b4c951a28f1:192.168.69.67:37222, bc0382cc-50e2-4d58-b2de-e8b6250f3520:192.168.69.67:37666], old=null
2019-10-18 08:20:29,843 [grpc-default-executor-9] INFO  impl.RaftServerImpl (RaftServerImpl.java:setRole(184)) - 1bc296c6-def6-4ae4-8c62-5b4c951a28f1@group-5EC277DF3249: changes role from  FOLLOWER to FOLLOWER at term 326 for recognizeCandidate:47aecc56-7e95-480d-b89c-2c00d33b4782
2019-10-18 08:20:29,843 [grpc-default-executor-9] INFO  impl.RoleInfo (RoleInfo.java:shutdownFollowerState(121)) - 1bc296c6-def6-4ae4-8c62-5b4c951a28f1: shutdown FollowerState
2019-10-18 08:20:29,843 [grpc-default-executor-3] INFO  impl.RaftServerImpl (RaftServerImpl.java:setRole(184)) - bc0382cc-50e2-4d58-b2de-e8b6250f3520@group-5EC277DF3249: changes role from  FOLLOWER to FOLLOWER at term 326 for recognizeCandidate:47aecc56-7e95-480d-b89c-2c00d33b4782
2019-10-18 08:20:29,843 [grpc-default-executor-3] INFO  impl.RoleInfo (RoleInfo.java:shutdownFollowerState(121)) - bc0382cc-50e2-4d58-b2de-e8b6250f3520: shutdown FollowerState
2019-10-18 08:20:29,843 [Thread-2666] INFO  impl.FollowerState (FollowerState.java:run(117)) - 1bc296c6-def6-4ae4-8c62-5b4c951a28f1@group-5EC277DF3249-FollowerState was interrupted: java.lang.InterruptedException: sleep interrupted
2019-10-18 08:20:29,843 [Thread-2667] INFO  impl.FollowerState (FollowerState.java:run(117)) - bc0382cc-50e2-4d58-b2de-e8b6250f3520@group-5EC277DF3249-FollowerState was interrupted: java.lang.InterruptedException: sleep interrupted
2019-10-18 08:20:29,843 [grpc-default-executor-9] INFO  impl.RoleInfo (RoleInfo.java:updateAndGet(143)) - 1bc296c6-def6-4ae4-8c62-5b4c951a28f1: start FollowerState
2019-10-18 08:20:29,843 [grpc-default-executor-3] INFO  impl.RoleInfo (RoleInfo.java:updateAndGet(143)) - bc0382cc-50e2-4d58-b2de-e8b6250f3520: start FollowerState
2019-10-18 08:20:29,858 [47aecc56-7e95-480d-b89c-2c00d33b4782@group-5EC277DF3249-LeaderElection304] INFO  impl.LeaderElection (LeaderElection.java:logAndReturn(56)) - 47aecc56-7e95-480d-b89c-2c00d33b4782@group-5EC277DF3249-LeaderElection304: Election REJECTED; received 2 response(s) [47aecc56-7e95-480d-b89c-2c00d33b4782<-1bc296c6-def6-4ae4-8c62-5b4c951a28f1#0:FAIL-t326, 47aecc56-7e95-480d-b89c-2c00d33b4782<-bc0382cc-50e2-4d58-b2de-e8b6250f3520#0:FAIL-t326] and 0 exception(s); 47aecc56-7e95-480d-b89c-2c00d33b4782@group-5EC277DF3249:t326, leader=null, voted=47aecc56-7e95-480d-b89c-2c00d33b4782, raftlog=47aecc56-7e95-480d-b89c-2c00d33b4782@group-5EC277DF3249-SegmentedRaftLog:OPENED:c-1,f-1,i0, conf=-1: [47aecc56-7e95-480d-b89c-2c00d33b4782:192.168.69.67:34550, 1bc296c6-def6-4ae4-8c62-5b4c951a28f1:192.168.69.67:37222, bc0382cc-50e2-4d58-b2de-e8b6250f3520:192.168.69.67:37666], old=null
2019-10-18 08:20:29,858 [47aecc56-7e95-480d-b89c-2c00d33b4782@group-5EC277DF3249-LeaderElection304] INFO  impl.RaftServerImpl (RaftServerImpl.java:setRole(184)) - 47aecc56-7e95-480d-b89c-2c00d33b4782@group-5EC277DF3249: changes role from CANDIDATE to FOLLOWER at term 326 for DISCOVERED_A_NEW_TERM
2019-10-18 08:20:29,858 [47aecc56-7e95-480d-b89c-2c00d33b4782@group-5EC277DF3249-LeaderElection304] INFO  impl.RoleInfo (RoleInfo.java:shutdownLeaderElection(134)) - 47aecc56-7e95-480d-b89c-2c00d33b4782: shutdown LeaderElection
2019-10-18 08:20:29,858 [47aecc56-7e95-480d-b89c-2c00d33b4782@group-5EC277DF3249-LeaderElection304] INFO  impl.RoleInfo (RoleInfo.java:updateAndGet(143)) - 47aecc56-7e95-480d-b89c-2c00d33b4782: start FollowerState
2019-10-18 08:20:29,941 [Thread-2674] INFO  impl.FollowerState (FollowerState.java:run(108)) - 47aecc56-7e95-480d-b89c-2c00d33b4782@group-5EC277DF3249-FollowerState: change to CANDIDATE, lastRpcTime:82ms, electionTimeout:82ms
2019-10-18 08:20:29,941 [Thread-2674] INFO  impl.RoleInfo (RoleInfo.java:shutdownFollowerState(121)) - 47aecc56-7e95-480d-b89c-2c00d33b4782: shutdown FollowerState
2019-10-18 08:20:29,941 [Thread-2674] INFO  impl.RaftServerImpl (RaftServerImpl.java:setRole(184)) - 47aecc56-7e95-480d-b89c-2c00d33b4782@group-5EC277DF3249: changes role from  FOLLOWER to CANDIDATE at term 326 for changeToCandidate
2019-10-18 08:20:29,941 [Thread-2674] INFO  impl.RoleInfo (RoleInfo.java:updateAndGet(143)) - 47aecc56-7e95-480d-b89c-2c00d33b4782: start LeaderElection
2019-10-18 08:20:29,967 [47aecc56-7e95-480d-b89c-2c00d33b4782@group-5EC277DF3249-LeaderElection305] INFO  impl.LeaderElection (LeaderElection.java:askForVotes(178)) - 47aecc56-7e95-480d-b89c-2c00d33b4782@group-5EC277DF3249-LeaderElection305: begin an election at term 327 for -1: [47aecc56-7e95-480d-b89c-2c00d33b4782:192.168.69.67:34550, 1bc296c6-def6-4ae4-8c62-5b4c951a28f1:192.168.69.67:37222, bc0382cc-50e2-4d58-b2de-e8b6250f3520:192.168.69.67:37666], old=null
2019-10-18 08:20:29,969 [grpc-default-executor-3] INFO  impl.RaftServerImpl (RaftServerImpl.java:setRole(184)) - 1bc296c6-def6-4ae4-8c62-5b4c951a28f1@group-5EC277DF3249: changes role from  FOLLOWER to FOLLOWER at term 327 for recognizeCandidate:47aecc56-7e95-480d-b89c-2c00d33b4782
2019-10-18 08:20:29,969 [grpc-default-executor-3] INFO  impl.RoleInfo (RoleInfo.java:shutdownFollowerState(121)) - 1bc296c6-def6-4ae4-8c62-5b4c951a28f1: shutdown FollowerState
2019-10-18 08:20:29,969 [grpc-default-executor-3] INFO  impl.RoleInfo (RoleInfo.java:updateAndGet(143)) - 1bc296c6-def6-4ae4-8c62-5b4c951a28f1: start FollowerState
2019-10-18 08:20:29,969 [grpc-default-executor-9] INFO  impl.RaftServerImpl (RaftServerImpl.java:setRole(184)) - bc0382cc-50e2-4d58-b2de-e8b6250f3520@group-5EC277DF3249: changes role from  FOLLOWER to FOLLOWER at term 327 for recognizeCandidate:47aecc56-7e95-480d-b89c-2c00d33b4782
2019-10-18 08:20:29,970 [grpc-default-executor-9] INFO  impl.RoleInfo (RoleInfo.java:shutdownFollowerState(121)) - bc0382cc-50e2-4d58-b2de-e8b6250f3520: shutdown FollowerState
2019-10-18 08:20:29,969 [Thread-2672] INFO  impl.FollowerState (FollowerState.java:run(117)) - 1bc296c6-def6-4ae4-8c62-5b4c951a28f1@group-5EC277DF3249-FollowerState was interrupted: java.lang.InterruptedException: sleep interrupted
2019-10-18 08:20:29,970 [Thread-2673] INFO  impl.FollowerState (FollowerState.java:run(117)) - bc0382cc-50e2-4d58-b2de-e8b6250f3520@group-5EC277DF3249-FollowerState was interrupted: java.lang.InterruptedException: sleep interrupted
2019-10-18 08:20:29,970 [grpc-default-executor-9] INFO  impl.RoleInfo (RoleInfo.java:updateAndGet(143)) - bc0382cc-50e2-4d58-b2de-e8b6250f3520: start FollowerState
2019-10-18 08:20:29,984 [47aecc56-7e95-480d-b89c-2c00d33b4782@group-5EC277DF3249-LeaderElection305] INFO  impl.LeaderElection (LeaderElection.java:logAndReturn(56)) - 47aecc56-7e95-480d-b89c-2c00d33b4782@group-5EC277DF3249-LeaderElection305: Election REJECTED; received 2 response(s) [47aecc56-7e95-480d-b89c-2c00d33b4782<-1bc296c6-def6-4ae4-8c62-5b4c951a28f1#0:FAIL-t327, 47aecc56-7e95-480d-b89c-2c00d33b4782<-bc0382cc-50e2-4d58-b2de-e8b6250f3520#0:FAIL-t327] and 0 exception(s); 47aecc56-7e95-480d-b89c-2c00d33b4782@group-5EC277DF3249:t327, leader=null, voted=47aecc56-7e95-480d-b89c-2c00d33b4782, raftlog=47aecc56-7e95-480d-b89c-2c00d33b4782@group-5EC277DF3249-SegmentedRaftLog:OPENED:c-1,f-1,i0, conf=-1: [47aecc56-7e95-480d-b89c-2c00d33b4782:192.168.69.67:34550, 1bc296c6-def6-4ae4-8c62-5b4c951a28f1:192.168.69.67:37222, bc0382cc-50e2-4d58-b2de-e8b6250f3520:192.168.69.67:37666], old=null
2019-10-18 08:20:29,984 [47aecc56-7e95-480d-b89c-2c00d33b4782@group-5EC277DF3249-LeaderElection305] INFO  impl.RaftServerImpl (RaftServerImpl.java:setRole(184)) - 47aecc56-7e95-480d-b89c-2c00d33b4782@group-5EC277DF3249: changes role from CANDIDATE to FOLLOWER at term 327 for DISCOVERED_A_NEW_TERM
2019-10-18 08:20:29,984 [47aecc56-7e95-480d-b89c-2c00d33b4782@group-5EC277DF3249-LeaderElection305] INFO  impl.RoleInfo (RoleInfo.java:shutdownLeaderElection(134)) - 47aecc56-7e95-480d-b89c-2c00d33b4782: shutdown LeaderElection
2019-10-18 08:20:29,984 [47aecc56-7e95-480d-b89c-2c00d33b4782@group-5EC277DF3249-LeaderElection305] INFO  impl.RoleInfo (RoleInfo.java:updateAndGet(143)) - 47aecc56-7e95-480d-b89c-2c00d33b4782: start FollowerState
2019-10-18 08:20:30,141 [Thread-2680] INFO  impl.FollowerState (FollowerState.java:run(108)) - 47aecc56-7e95-480d-b89c-2c00d33b4782@group-5EC277DF3249-FollowerState: change to CANDIDATE, lastRpcTime:156ms, electionTimeout:156ms
2019-10-18 08:20:30,141 [Thread-2680] INFO  impl.RoleInfo (RoleInfo.java:shutdownFollowerState(121)) - 47aecc56-7e95-480d-b89c-2c00d33b4782: shutdown FollowerState
2019-10-18 08:20:30,142 [Thread-2680] INFO  impl.RaftServerImpl (RaftServerImpl.java:setRole(184)) - 47aecc56-7e95-480d-b89c-2c00d33b4782@group-5EC277DF3249: changes role from  FOLLOWER to CANDIDATE at term 327 for changeToCandidate
2019-10-18 08:20:30,142 [Thread-2680] INFO  impl.RoleInfo (RoleInfo.java:updateAndGet(143)) - 47aecc56-7e95-480d-b89c-2c00d33b4782: start LeaderElection
2019-10-18 08:20:30,156 [47aecc56-7e95-480d-b89c-2c00d33b4782@group-5EC277DF3249-LeaderElection306] INFO  impl.LeaderElection (LeaderElection.java:askForVotes(178)) - 47aecc56-7e95-480d-b89c-2c00d33b4782@group-5EC277DF3249-LeaderElection306: begin an election at term 328 for -1: [47aecc56-7e95-480d-b89c-2c00d33b4782:192.168.69.67:34550, 1bc296c6-def6-4ae4-8c62-5b4c951a28f1:192.168.69.67:37222, bc0382cc-50e2-4d58-b2de-e8b6250f3520:192.168.69.67:37666], old=null
2019-10-18 08:20:30,158 [grpc-default-executor-3] INFO  impl.RaftServerImpl (RaftServerImpl.java:setRole(184)) - 1bc296c6-def6-4ae4-8c62-5b4c951a28f1@group-5EC277DF3249: changes role from  FOLLOWER to FOLLOWER at term 328 for recognizeCandidate:47aecc56-7e95-480d-b89c-2c00d33b4782
2019-10-18 08:20:30,159 [grpc-default-executor-3] INFO  impl.RoleInfo (RoleInfo.java:shutdownFollowerState(121)) - 1bc296c6-def6-4ae4-8c62-5b4c951a28f1: shutdown FollowerState
2019-10-18 08:20:30,159 [grpc-default-executor-3] INFO  impl.RoleInfo (RoleInfo.java:updateAndGet(143)) - 1bc296c6-def6-4ae4-8c62-5b4c951a28f1: start FollowerState
2019-10-18 08:20:30,159 [Thread-2678] INFO  impl.FollowerState (FollowerState.java:run(117)) - 1bc296c6-def6-4ae4-8c62-5b4c951a28f1@group-5EC277DF3249-FollowerState was interrupted: java.lang.InterruptedException: sleep interrupted
2019-10-18 08:20:30,159 [grpc-default-executor-9] INFO  impl.RaftServerImpl (RaftServerImpl.java:setRole(184)) - bc0382cc-50e2-4d58-b2de-e8b6250f3520@group-5EC277DF3249: changes role from  FOLLOWER to FOLLOWER at term 328 for recognizeCandidate:47aecc56-7e95-480d-b89c-2c00d33b4782
2019-10-18 08:20:30,159 [grpc-default-executor-9] INFO  impl.RoleInfo (RoleInfo.java:shutdownFollowerState(121)) - bc0382cc-50e2-4d58-b2de-e8b6250f3520: shutdown FollowerState
2019-10-18 08:20:30,159 [grpc-default-executor-9] INFO  impl.RoleInfo (RoleInfo.java:updateAndGet(143)) - bc0382cc-50e2-4d58-b2de-e8b6250f3520: start FollowerState
2019-10-18 08:20:30,159 [Thread-2679] INFO  impl.FollowerState (FollowerState.java:run(117)) - bc0382cc-50e2-4d58-b2de-e8b6250f3520@group-5EC277DF3249-FollowerState was interrupted: java.lang.InterruptedException: sleep interrupted
2019-10-18 08:20:30,173 [47aecc56-7e95-480d-b89c-2c00d33b4782@group-5EC277DF3249-LeaderElection306] INFO  impl.LeaderElection (LeaderElection.java:logAndReturn(56)) - 47aecc56-7e95-480d-b89c-2c00d33b4782@group-5EC277DF3249-LeaderElection306: Election REJECTED; received 2 response(s) [47aecc56-7e95-480d-b89c-2c00d33b4782<-1bc296c6-def6-4ae4-8c62-5b4c951a28f1#0:FAIL-t328, 47aecc56-7e95-480d-b89c-2c00d33b4782<-bc0382cc-50e2-4d58-b2de-e8b6250f3520#0:FAIL-t328] and 0 exception(s); 47aecc56-7e95-480d-b89c-2c00d33b4782@group-5EC277DF3249:t328, leader=null, voted=47aecc56-7e95-480d-b89c-2c00d33b4782, raftlog=47aecc56-7e95-480d-b89c-2c00d33b4782@group-5EC277DF3249-SegmentedRaftLog:OPENED:c-1,f-1,i0, conf=-1: [47aecc56-7e95-480d-b89c-2c00d33b4782:192.168.69.67:34550, 1bc296c6-def6-4ae4-8c62-5b4c951a28f1:192.168.69.67:37222, bc0382cc-50e2-4d58-b2de-e8b6250f3520:192.168.69.67:37666], old=null
2019-10-18 08:20:30,173 [47aecc56-7e95-480d-b89c-2c00d33b4782@group-5EC277DF3249-LeaderElection306] INFO  impl.RaftServerImpl (RaftServerImpl.java:setRole(184)) - 47aecc56-7e95-480d-b89c-2c00d33b4782@group-5EC277DF3249: changes role from CANDIDATE to FOLLOWER at term 328 for DISCOVERED_A_NEW_TERM
2019-10-18 08:20:30,174 [47aecc56-7e95-480d-b89c-2c00d33b4782@group-5EC277DF3249-LeaderElection306] INFO  impl.RoleInfo (RoleInfo.java:shutdownLeaderElection(134)) - 47aecc56-7e95-480d-b89c-2c00d33b4782: shutdown LeaderElection
2019-10-18 08:20:30,174 [47aecc56-7e95-480d-b89c-2c00d33b4782@group-5EC277DF3249-LeaderElection306] INFO  impl.RoleInfo (RoleInfo.java:updateAndGet(143)) - 47aecc56-7e95-480d-b89c-2c00d33b4782: start FollowerState
 0.00% |?                                                                                                    |  0/1 Time: 0:00:032019-10-18 08:20:30,351 [Thread-2686] INFO  impl.FollowerState (FollowerState.java:run(108)) - 47aecc56-7e95-480d-b89c-2c00d33b4782@group-5EC277DF3249-FollowerState: change to CANDIDATE, lastRpcTime:177ms, electionTimeout:177ms
2019-10-18 08:20:30,351 [Thread-2686] INFO  impl.RoleInfo (RoleInfo.java:shutdownFollowerState(121)) - 47aecc56-7e95-480d-b89c-2c00d33b4782: shutdown FollowerState
2019-10-18 08:20:30,351 [Thread-2686] INFO  impl.RaftServerImpl (RaftServerImpl.java:setRole(184)) - 47aecc56-7e95-480d-b89c-2c00d33b4782@group-5EC277DF3249: changes role from  FOLLOWER to CANDIDATE at term 328 for changeToCandidate
2019-10-18 08:20:30,352 [Thread-2686] INFO  impl.RoleInfo (RoleInfo.java:updateAndGet(143)) - 47aecc56-7e95-480d-b89c-2c00d33b4782: start LeaderElection
2019-10-18 08:20:30,366 [47aecc56-7e95-480d-b89c-2c00d33b4782@group-5EC277DF3249-LeaderElection307] INFO  impl.LeaderElection (LeaderElection.java:askForVotes(178)) - 47aecc56-7e95-480d-b89c-2c00d33b4782@group-5EC277DF3249-LeaderElection307: begin an election at term 329 for -1: [47aecc56-7e95-480d-b89c-2c00d33b4782:192.168.69.67:34550, 1bc296c6-def6-4ae4-8c62-5b4c951a28f1:192.168.69.67:37222, bc0382cc-50e2-4d58-b2de-e8b6250f3520:192.168.69.67:37666], old=null
2019-10-18 08:20:30,368 [grpc-default-executor-3] INFO  impl.RaftServerImpl (RaftServerImpl.java:setRole(184)) - 1bc296c6-def6-4ae4-8c62-5b4c951a28f1@group-5EC277DF3249: changes role from  FOLLOWER to FOLLOWER at term 329 for recognizeCandidate:47aecc56-7e95-480d-b89c-2c00d33b4782
2019-10-18 08:20:30,368 [grpc-default-executor-3] INFO  impl.RoleInfo (RoleInfo.java:shutdownFollowerState(121)) - 1bc296c6-def6-4ae4-8c62-5b4c951a28f1: shutdown FollowerState
2019-10-18 08:20:30,368 [grpc-default-executor-9] INFO  impl.RaftServerImpl (RaftServerImpl.java:setRole(184)) - bc0382cc-50e2-4d58-b2de-e8b6250f3520@group-5EC277DF3249: changes role from  FOLLOWER to FOLLOWER at term 329 for recognizeCandidate:47aecc56-7e95-480d-b89c-2c00d33b4782
2019-10-18 08:20:30,369 [Thread-2684] INFO  impl.FollowerState (FollowerState.java:run(117)) - 1bc296c6-def6-4ae4-8c62-5b4c951a28f1@group-5EC277DF3249-FollowerState was interrupted: java.lang.InterruptedException: sleep interrupted
2019-10-18 08:20:30,369 [grpc-default-executor-3] INFO  impl.RoleInfo (RoleInfo.java:updateAndGet(143)) - 1bc296c6-def6-4ae4-8c62-5b4c951a28f1: start FollowerState
2019-10-18 08:20:30,369 [grpc-default-executor-9] INFO  impl.RoleInfo (RoleInfo.java:shutdownFollowerState(121)) - bc0382cc-50e2-4d58-b2de-e8b6250f3520: shutdown FollowerState
2019-10-18 08:20:30,369 [grpc-default-executor-9] INFO  impl.RoleInfo (RoleInfo.java:updateAndGet(143)) - bc0382cc-50e2-4d58-b2de-e8b6250f3520: start FollowerState
2019-10-18 08:20:30,369 [Thread-2685] INFO  impl.FollowerState (FollowerState.java:run(117)) - bc0382cc-50e2-4d58-b2de-e8b6250f3520@group-5EC277DF3249-FollowerState was interrupted: java.lang.InterruptedException: sleep interrupted
2019-10-18 08:20:30,384 [47aecc56-7e95-480d-b89c-2c00d33b4782@group-5EC277DF3249-LeaderElection307] INFO  impl.LeaderElection (LeaderElection.java:logAndReturn(56)) - 47aecc56-7e95-480d-b89c-2c00d33b4782@group-5EC277DF3249-LeaderElection307: Election REJECTED; received 2 response(s) [47aecc56-7e95-480d-b89c-2c00d33b4782<-1bc296c6-def6-4ae4-8c62-5b4c951a28f1#0:FAIL-t329, 47aecc56-7e95-480d-b89c-2c00d33b4782<-bc0382cc-50e2-4d58-b2de-e8b6250f3520#0:FAIL-t329] and 0 exception(s); 47aecc56-7e95-480d-b89c-2c00d33b4782@group-5EC277DF3249:t329, leader=null, voted=47aecc56-7e95-480d-b89c-2c00d33b4782, raftlog=47aecc56-7e95-480d-b89c-2c00d33b4782@group-5EC277DF3249-SegmentedRaftLog:OPENED:c-1,f-1,i0, conf=-1: [47aecc56-7e95-480d-b89c-2c00d33b4782:192.168.69.67:34550, 1bc296c6-def6-4ae4-8c62-5b4c951a28f1:192.168.69.67:37222, bc0382cc-50e2-4d58-b2de-e8b6250f3520:192.168.69.67:37666], old=null
2019-10-18 08:20:30,384 [47aecc56-7e95-480d-b89c-2c00d33b4782@group-5EC277DF3249-LeaderElection307] INFO  impl.RaftServerImpl (RaftServerImpl.java:setRole(184)) - 47aecc56-7e95-480d-b89c-2c00d33b4782@group-5EC277DF3249: changes role from CANDIDATE to FOLLOWER at term 329 for DISCOVERED_A_NEW_TERM
2019-10-18 08:20:30,384 [47aecc56-7e95-480d-b89c-2c00d33b4782@group-5EC277DF3249-LeaderElection307] INFO  impl.RoleInfo (RoleInfo.java:shutdownLeaderElection(134)) - 47aecc56-7e95-480d-b89c-2c00d33b4782: shutdown LeaderElection
2019-10-18 08:20:30,385 [47aecc56-7e95-480d-b89c-2c00d33b4782@group-5EC277DF3249-LeaderElection307] INFO  impl.RoleInfo (RoleInfo.java:updateAndGet(143)) - 47aecc56-7e95-480d-b89c-2c00d33b4782: start FollowerState
2019-10-18 08:20:30,519 [Thread-2692] INFO  impl.FollowerState (FollowerState.java:run(108)) - 47aecc56-7e95-480d-b89c-2c00d33b4782@group-5EC277DF3249-FollowerState: change to CANDIDATE, lastRpcTime:134ms, electionTimeout:134ms
2019-10-18 08:20:30,519 [Thread-2692] INFO  impl.RoleInfo (RoleInfo.java:shutdownFollowerState(121)) - 47aecc56-7e95-480d-b89c-2c00d33b4782: shutdown FollowerState
2019-10-18 08:20:30,519 [Thread-2692] INFO  impl.RaftServerImpl (RaftServerImpl.java:setRole(184)) - 47aecc56-7e95-480d-b89c-2c00d33b4782@group-5EC277DF3249: changes role from  FOLLOWER to CANDIDATE at term 329 for changeToCandidate
2019-10-18 08:20:30,519 [Thread-2692] INFO  impl.RoleInfo (RoleInfo.java:updateAndGet(143)) - 47aecc56-7e95-480d-b89c-2c00d33b4782: start LeaderElection
2019-10-18 08:20:30,545 [47aecc56-7e95-480d-b89c-2c00d33b4782@group-5EC277DF3249-LeaderElection308] INFO  impl.LeaderElection (LeaderElection.java:askForVotes(178)) - 47aecc56-7e95-480d-b89c-2c00d33b4782@group-5EC277DF3249-LeaderElection308: begin an election at term 330 for -1: [47aecc56-7e95-480d-b89c-2c00d33b4782:192.168.69.67:34550, 1bc296c6-def6-4ae4-8c62-5b4c951a28f1:192.168.69.67:37222, bc0382cc-50e2-4d58-b2de-e8b6250f3520:192.168.69.67:37666], old=null
2019-10-18 08:20:30,547 [grpc-default-executor-3] INFO  impl.RaftServerImpl (RaftServerImpl.java:setRole(184)) - 1bc296c6-def6-4ae4-8c62-5b4c951a28f1@group-5EC277DF3249: changes role from  FOLLOWER to FOLLOWER at term 330 for recognizeCandidate:47aecc56-7e95-480d-b89c-2c00d33b4782
2019-10-18 08:20:30,547 [grpc-default-executor-3] INFO  impl.RoleInfo (RoleInfo.java:shutdownFollowerState(121)) - 1bc296c6-def6-4ae4-8c62-5b4c951a28f1: shutdown FollowerState
2019-10-18 08:20:30,547 [grpc-default-executor-9] INFO  impl.RaftServerImpl (RaftServerImpl.java:setRole(184)) - bc0382cc-50e2-4d58-b2de-e8b6250f3520@group-5EC277DF3249: changes role from  FOLLOWER to FOLLOWER at term 330 for recognizeCandidate:47aecc56-7e95-480d-b89c-2c00d33b4782
2019-10-18 08:20:30,547 [Thread-2690] INFO  impl.FollowerState (FollowerState.java:run(117)) - 1bc296c6-def6-4ae4-8c62-5b4c951a28f1@group-5EC277DF3249-FollowerState was interrupted: java.lang.InterruptedException: sleep interrupted
2019-10-18 08:20:30,547 [grpc-default-executor-3] INFO  impl.RoleInfo (RoleInfo.java:updateAndGet(143)) - 1bc296c6-def6-4ae4-8c62-5b4c951a28f1: start FollowerState
2019-10-18 08:20:30,548 [grpc-default-executor-9] INFO  impl.RoleInfo (RoleInfo.java:shutdownFollowerState(121)) - bc0382cc-50e2-4d58-b2de-e8b6250f3520: shutdown FollowerState
2019-10-18 08:20:30,548 [grpc-default-executor-9] INFO  impl.RoleInfo (RoleInfo.java:updateAndGet(143)) - bc0382cc-50e2-4d58-b2de-e8b6250f3520: start FollowerState
2019-10-18 08:20:30,548 [Thread-2691] INFO  impl.FollowerState (FollowerState.java:run(117)) - bc0382cc-50e2-4d58-b2de-e8b6250f3520@group-5EC277DF3249-FollowerState was interrupted: java.lang.InterruptedException: sleep interrupted
2019-10-18 08:20:30,562 [47aecc56-7e95-480d-b89c-2c00d33b4782@group-5EC277DF3249-LeaderElection308] INFO  impl.LeaderElection (LeaderElection.java:logAndReturn(56)) - 47aecc56-7e95-480d-b89c-2c00d33b4782@group-5EC277DF3249-LeaderElection308: Election REJECTED; received 2 response(s) [47aecc56-7e95-480d-b89c-2c00d33b4782<-1bc296c6-def6-4ae4-8c62-5b4c951a28f1#0:FAIL-t330, 47aecc56-7e95-480d-b89c-2c00d33b4782<-bc0382cc-50e2-4d58-b2de-e8b6250f3520#0:FAIL-t330] and 0 exception(s); 47aecc56-7e95-480d-b89c-2c00d33b4782@group-5EC277DF3249:t330, leader=null, voted=47aecc56-7e95-480d-b89c-2c00d33b4782, raftlog=47aecc56-7e95-480d-b89c-2c00d33b4782@group-5EC277DF3249-SegmentedRaftLog:OPENED:c-1,f-1,i0, conf=-1: [47aecc56-7e95-480d-b89c-2c00d33b4782:192.168.69.67:34550, 1bc296c6-def6-4ae4-8c62-5b4c951a28f1:192.168.69.67:37222, bc0382cc-50e2-4d58-b2de-e8b6250f3520:192.168.69.67:37666], old=null
2019-10-18 08:20:30,563 [47aecc56-7e95-480d-b89c-2c00d33b4782@group-5EC277DF3249-LeaderElection308] INFO  impl.RaftServerImpl (RaftServerImpl.java:setRole(184)) - 47aecc56-7e95-480d-b89c-2c00d33b4782@group-5EC277DF3249: changes role from CANDIDATE to FOLLOWER at term 330 for DISCOVERED_A_NEW_TERM
2019-10-18 08:20:30,563 [47aecc56-7e95-480d-b89c-2c00d33b4782@group-5EC277DF3249-LeaderElection308] INFO  impl.RoleInfo (RoleInfo.java:shutdownLeaderElection(134)) - 47aecc56-7e95-480d-b89c-2c00d33b4782: shutdown LeaderElection
2019-10-18 08:20:30,563 [47aecc56-7e95-480d-b89c-2c00d33b4782@group-5EC277DF3249-LeaderElection308] INFO  impl.RoleInfo (RoleInfo.java:updateAndGet(143)) - 47aecc56-7e95-480d-b89c-2c00d33b4782: start FollowerState
2019-10-18 08:20:30,585 [Thread-2698] INFO  impl.FollowerState (FollowerState.java:run(108)) - 47aecc56-7e95-480d-b89c-2c00d33b4782@group-5EC277DF3249-FollowerState: change to CANDIDATE, lastRpcTime:22ms, electionTimeout:22ms
2019-10-18 08:20:30,585 [Thread-2698] INFO  impl.RoleInfo (RoleInfo.java:shutdownFollowerState(121)) - 47aecc56-7e95-480d-b89c-2c00d33b4782: shutdown FollowerState
2019-10-18 08:20:30,585 [Thread-2698] INFO  impl.RaftServerImpl (RaftServerImpl.java:setRole(184)) - 47aecc56-7e95-480d-b89c-2c00d33b4782@group-5EC277DF3249: changes role from  FOLLOWER to CANDIDATE at term 330 for changeToCandidate
2019-10-18 08:20:30,586 [Thread-2698] INFO  impl.RoleInfo (RoleInfo.java:updateAndGet(143)) - 47aecc56-7e95-480d-b89c-2c00d33b4782: start LeaderElection
2019-10-18 08:20:30,601 [47aecc56-7e95-480d-b89c-2c00d33b4782@group-5EC277DF3249-LeaderElection309] INFO  impl.LeaderElection (LeaderElection.java:askForVotes(178)) - 47aecc56-7e95-480d-b89c-2c00d33b4782@group-5EC277DF3249-LeaderElection309: begin an election at term 331 for -1: [47aecc56-7e95-480d-b89c-2c00d33b4782:192.168.69.67:34550, 1bc296c6-def6-4ae4-8c62-5b4c951a28f1:192.168.69.67:37222, bc0382cc-50e2-4d58-b2de-e8b6250f3520:192.168.69.67:37666], old=null
2019-10-18 08:20:30,603 [grpc-default-executor-9] INFO  impl.RaftServerImpl (RaftServerImpl.java:setRole(184)) - 1bc296c6-def6-4ae4-8c62-5b4c951a28f1@group-5EC277DF3249: changes role from  FOLLOWER to FOLLOWER at term 331 for recognizeCandidate:47aecc56-7e95-480d-b89c-2c00d33b4782
2019-10-18 08:20:30,603 [grpc-default-executor-9] INFO  impl.RoleInfo (RoleInfo.java:shutdownFollowerState(121)) - 1bc296c6-def6-4ae4-8c62-5b4c951a28f1: shutdown FollowerState
2019-10-18 08:20:30,603 [grpc-default-executor-3] INFO  impl.RaftServerImpl (RaftServerImpl.java:setRole(184)) - bc0382cc-50e2-4d58-b2de-e8b6250f3520@group-5EC277DF3249: changes role from  FOLLOWER to FOLLOWER at term 331 for recognizeCandidate:47aecc56-7e95-480d-b89c-2c00d33b4782
2019-10-18 08:20:30,603 [grpc-default-executor-9] INFO  impl.RoleInfo (RoleInfo.java:updateAndGet(143)) - 1bc296c6-def6-4ae4-8c62-5b4c951a28f1: start FollowerState
2019-10-18 08:20:30,603 [Thread-2696] INFO  impl.FollowerState (FollowerState.java:run(117)) - 1bc296c6-def6-4ae4-8c62-5b4c951a28f1@group-5EC277DF3249-FollowerState was interrupted: java.lang.InterruptedException: sleep interrupted
2019-10-18 08:20:30,603 [grpc-default-executor-3] INFO  impl.RoleInfo (RoleInfo.java:shutdownFollowerState(121)) - bc0382cc-50e2-4d58-b2de-e8b6250f3520: shutdown FollowerState
2019-10-18 08:20:30,604 [Thread-2697] INFO  impl.FollowerState (FollowerState.java:run(117)) - bc0382cc-50e2-4d58-b2de-e8b6250f3520@group-5EC277DF3249-FollowerState was interrupted: java.lang.InterruptedException: sleep interrupted
2019-10-18 08:20:30,604 [grpc-default-executor-3] INFO  impl.RoleInfo (RoleInfo.java:updateAndGet(143)) - bc0382cc-50e2-4d58-b2de-e8b6250f3520: start FollowerState
2019-10-18 08:20:30,617 [47aecc56-7e95-480d-b89c-2c00d33b4782@group-5EC277DF3249-LeaderElection309] INFO  impl.LeaderElection (LeaderElection.java:logAndReturn(56)) - 47aecc56-7e95-480d-b89c-2c00d33b4782@group-5EC277DF3249-LeaderElection309: Election REJECTED; received 2 response(s) [47aecc56-7e95-480d-b89c-2c00d33b4782<-1bc296c6-def6-4ae4-8c62-5b4c951a28f1#0:FAIL-t331, 47aecc56-7e95-480d-b89c-2c00d33b4782<-bc0382cc-50e2-4d58-b2de-e8b6250f3520#0:FAIL-t331] and 0 exception(s); 47aecc56-7e95-480d-b89c-2c00d33b4782@group-5EC277DF3249:t331, leader=null, voted=47aecc56-7e95-480d-b89c-2c00d33b4782, raftlog=47aecc56-7e95-480d-b89c-2c00d33b4782@group-5EC277DF3249-SegmentedRaftLog:OPENED:c-1,f-1,i0, conf=-1: [47aecc56-7e95-480d-b89c-2c00d33b4782:192.168.69.67:34550, 1bc296c6-def6-4ae4-8c62-5b4c951a28f1:192.168.69.67:37222, bc0382cc-50e2-4d58-b2de-e8b6250f3520:192.168.69.67:37666], old=null
2019-10-18 08:20:30,618 [47aecc56-7e95-480d-b89c-2c00d33b4782@group-5EC277DF3249-LeaderElection309] INFO  impl.RaftServerImpl (RaftServerImpl.java:setRole(184)) - 47aecc56-7e95-480d-b89c-2c00d33b4782@group-5EC277DF3249: changes role from CANDIDATE to FOLLOWER at term 331 for DISCOVERED_A_NEW_TERM
2019-10-18 08:20:30,618 [47aecc56-7e95-480d-b89c-2c00d33b4782@group-5EC277DF3249-LeaderElection309] INFO  impl.RoleInfo (RoleInfo.java:shutdownLeaderElection(134)) - 47aecc56-7e95-480d-b89c-2c00d33b4782: shutdown LeaderElection
2019-10-18 08:20:30,618 [47aecc56-7e95-480d-b89c-2c00d33b4782@group-5EC277DF3249-LeaderElection309] INFO  impl.RoleInfo (RoleInfo.java:updateAndGet(143)) - 47aecc56-7e95-480d-b89c-2c00d33b4782: start FollowerState
2019-10-18 08:20:30,814 [Thread-2704] INFO  impl.FollowerState (FollowerState.java:run(108)) - 47aecc56-7e95-480d-b89c-2c00d33b4782@group-5EC277DF3249-FollowerState: change to CANDIDATE, lastRpcTime:196ms, electionTimeout:196ms
2019-10-18 08:20:30,814 [Thread-2704] INFO  impl.RoleInfo (RoleInfo.java:shutdownFollowerState(121)) - 47aecc56-7e95-480d-b89c-2c00d33b4782: shutdown FollowerState
2019-10-18 08:20:30,814 [Thread-2704] INFO  impl.RaftServerImpl (RaftServerImpl.java:setRole(184)) - 47aecc56-7e95-480d-b89c-2c00d33b4782@group-5EC277DF3249: changes role from  FOLLOWER to CANDIDATE at term 331 for changeToCandidate
2019-10-18 08:20:30,815 [Thread-2704] INFO  impl.RoleInfo (RoleInfo.java:updateAndGet(143)) - 47aecc56-7e95-480d-b89c-2c00d33b4782: start LeaderElection
2019-10-18 08:20:30,828 [47aecc56-7e95-480d-b89c-2c00d33b4782@group-5EC277DF3249-LeaderElection310] INFO  impl.LeaderElection (LeaderElection.java:askForVotes(178)) - 47aecc56-7e95-480d-b89c-2c00d33b4782@group-5EC277DF3249-LeaderElection310: begin an election at term 332 for -1: [47aecc56-7e95-480d-b89c-2c00d33b4782:192.168.69.67:34550, 1bc296c6-def6-4ae4-8c62-5b4c951a28f1:192.168.69.67:37222, bc0382cc-50e2-4d58-b2de-e8b6250f3520:192.168.69.67:37666], old=null
2019-10-18 08:20:30,829 [47aecc56-7e95-480d-b89c-2c00d33b4782@group-5EC277DF3249-LeaderElection310] INFO  impl.LeaderElection (LeaderElection.java:logAndReturn(56)) - 47aecc56-7e95-480d-b89c-2c00d33b4782@group-5EC277DF3249-LeaderElection310: Election TIMEOUT; received 0 response(s) [] and 0 exception(s); 47aecc56-7e95-480d-b89c-2c00d33b4782@group-5EC277DF3249:t332, leader=null, voted=47aecc56-7e95-480d-b89c-2c00d33b4782, raftlog=47aecc56-7e95-480d-b89c-2c00d33b4782@group-5EC277DF3249-SegmentedRaftLog:OPENED:c-1,f-1,i0, conf=-1: [47aecc56-7e95-480d-b89c-2c00d33b4782:192.168.69.67:34550, 1bc296c6-def6-4ae4-8c62-5b4c951a28f1:192.168.69.67:37222, bc0382cc-50e2-4d58-b2de-e8b6250f3520:192.168.69.67:37666], old=null
2019-10-18 08:20:30,830 [grpc-default-executor-3] INFO  impl.RaftServerImpl (RaftServerImpl.java:setRole(184)) - 1bc296c6-def6-4ae4-8c62-5b4c951a28f1@group-5EC277DF3249: changes role from  FOLLOWER to FOLLOWER at term 332 for recognizeCandidate:47aecc56-7e95-480d-b89c-2c00d33b4782
2019-10-18 08:20:30,830 [grpc-default-executor-9] INFO  impl.RaftServerImpl (RaftServerImpl.java:setRole(184)) - bc0382cc-50e2-4d58-b2de-e8b6250f3520@group-5EC277DF3249: changes role from  FOLLOWER to FOLLOWER at term 332 for recognizeCandidate:47aecc56-7e95-480d-b89c-2c00d33b4782
2019-10-18 08:20:30,830 [grpc-default-executor-3] INFO  impl.RoleInfo (RoleInfo.java:shutdownFollowerState(121)) - 1bc296c6-def6-4ae4-8c62-5b4c951a28f1: shutdown FollowerState
2019-10-18 08:20:30,830 [grpc-default-executor-9] INFO  impl.RoleInfo (RoleInfo.java:shutdownFollowerState(121)) - bc0382cc-50e2-4d58-b2de-e8b6250f3520: shutdown FollowerState
2019-10-18 08:20:30,831 [grpc-default-executor-3] INFO  impl.RoleInfo (RoleInfo.java:updateAndGet(143)) - 1bc296c6-def6-4ae4-8c62-5b4c951a28f1: start FollowerState
2019-10-18 08:20:30,831 [Thread-2702] INFO  impl.FollowerState (FollowerState.java:run(117)) - 1bc296c6-def6-4ae4-8c62-5b4c951a28f1@group-5EC277DF3249-FollowerState was interrupted: java.lang.InterruptedException: sleep interrupted
2019-10-18 08:20:30,831 [Thread-2703] INFO  impl.FollowerState (FollowerState.java:run(117)) - bc0382cc-50e2-4d58-b2de-e8b6250f3520@group-5EC277DF3249-FollowerState was interrupted: java.lang.InterruptedException: sleep interrupted
2019-10-18 08:20:30,831 [grpc-default-executor-9] INFO  impl.RoleInfo (RoleInfo.java:updateAndGet(143)) - bc0382cc-50e2-4d58-b2de-e8b6250f3520: start FollowerState
2019-10-18 08:20:30,843 [47aecc56-7e95-480d-b89c-2c00d33b4782@group-5EC277DF3249-LeaderElection310] INFO  impl.LeaderElection (LeaderElection.java:askForVotes(178)) - 47aecc56-7e95-480d-b89c-2c00d33b4782@group-5EC277DF3249-LeaderElection310: begin an election at term 333 for -1: [47aecc56-7e95-480d-b89c-2c00d33b4782:192.168.69.67:34550, 1bc296c6-def6-4ae4-8c62-5b4c951a28f1:192.168.69.67:37222, bc0382cc-50e2-4d58-b2de-e8b6250f3520:192.168.69.67:37666], old=null
2019-10-18 08:20:30,845 [grpc-default-executor-9] INFO  impl.RaftServerImpl (RaftServerImpl.java:setRole(184)) - 1bc296c6-def6-4ae4-8c62-5b4c951a28f1@group-5EC277DF3249: changes role from  FOLLOWER to FOLLOWER at term 333 for recognizeCandidate:47aecc56-7e95-480d-b89c-2c00d33b4782
2019-10-18 08:20:30,845 [grpc-default-executor-9] INFO  impl.RoleInfo (RoleInfo.java:shutdownFollowerState(121)) - 1bc296c6-def6-4ae4-8c62-5b4c951a28f1: shutdown FollowerState
2019-10-18 08:20:30,845 [grpc-default-executor-3] INFO  impl.RaftServerImpl (RaftServerImpl.java:setRole(184)) - bc0382cc-50e2-4d58-b2de-e8b6250f3520@group-5EC277DF3249: changes role from  FOLLOWER to FOLLOWER at term 333 for recognizeCandidate:47aecc56-7e95-480d-b89c-2c00d33b4782
2019-10-18 08:20:30,846 [Thread-2708] INFO  impl.FollowerState (FollowerState.java:run(117)) - 1bc296c6-def6-4ae4-8c62-5b4c951a28f1@group-5EC277DF3249-FollowerState was interrupted: java.lang.InterruptedException: sleep interrupted
2019-10-18 08:20:30,846 [grpc-default-executor-9] INFO  impl.RoleInfo (RoleInfo.java:updateAndGet(143)) - 1bc296c6-def6-4ae4-8c62-5b4c951a28f1: start FollowerState
2019-10-18 08:20:30,846 [grpc-default-executor-3] INFO  impl.RoleInfo (RoleInfo.java:shutdownFollowerState(121)) - bc0382cc-50e2-4d58-b2de-e8b6250f3520: shutdown FollowerState
2019-10-18 08:20:30,846 [grpc-default-executor-3] INFO  impl.RoleInfo (RoleInfo.java:updateAndGet(143)) - bc0382cc-50e2-4d58-b2de-e8b6250f3520: start FollowerState
2019-10-18 08:20:30,846 [Thread-2709] INFO  impl.FollowerState (FollowerState.java:run(117)) - bc0382cc-50e2-4d58-b2de-e8b6250f3520@group-5EC277DF3249-FollowerState was interrupted: java.lang.InterruptedException: sleep interrupted
2019-10-18 08:20:30,860 [47aecc56-7e95-480d-b89c-2c00d33b4782@group-5EC277DF3249-LeaderElection310] INFO  impl.LeaderElection (LeaderElection.java:logAndReturn(56)) - 47aecc56-7e95-480d-b89c-2c00d33b4782@group-5EC277DF3249-LeaderElection310: Election REJECTED; received 2 response(s) [47aecc56-7e95-480d-b89c-2c00d33b4782<-1bc296c6-def6-4ae4-8c62-5b4c951a28f1#0:FAIL-t333, 47aecc56-7e95-480d-b89c-2c00d33b4782<-bc0382cc-50e2-4d58-b2de-e8b6250f3520#0:FAIL-t333] and 0 exception(s); 47aecc56-7e95-480d-b89c-2c00d33b4782@group-5EC277DF3249:t333, leader=null, voted=47aecc56-7e95-480d-b89c-2c00d33b4782, raftlog=47aecc56-7e95-480d-b89c-2c00d33b4782@group-5EC277DF3249-SegmentedRaftLog:OPENED:c-1,f-1,i0, conf=-1: [47aecc56-7e95-480d-b89c-2c00d33b4782:192.168.69.67:34550, 1bc296c6-def6-4ae4-8c62-5b4c951a28f1:192.168.69.67:37222, bc0382cc-50e2-4d58-b2de-e8b6250f3520:192.168.69.67:37666], old=null
2019-10-18 08:20:30,860 [47aecc56-7e95-480d-b89c-2c00d33b4782@group-5EC277DF3249-LeaderElection310] INFO  impl.RaftServerImpl (RaftServerImpl.java:setRole(184)) - 47aecc56-7e95-480d-b89c-2c00d33b4782@group-5EC277DF3249: changes role from CANDIDATE to FOLLOWER at term 333 for DISCOVERED_A_NEW_TERM
2019-10-18 08:20:30,861 [47aecc56-7e95-480d-b89c-2c00d33b4782@group-5EC277DF3249-LeaderElection310] INFO  impl.RoleInfo (RoleInfo.java:shutdownLeaderElection(134)) - 47aecc56-7e95-480d-b89c-2c00d33b4782: shutdown LeaderElection
2019-10-18 08:20:30,861 [47aecc56-7e95-480d-b89c-2c00d33b4782@group-5EC277DF3249-LeaderElection310] INFO  impl.RoleInfo (RoleInfo.java:updateAndGet(143)) - 47aecc56-7e95-480d-b89c-2c00d33b4782: start FollowerState
2019-10-18 08:20:31,033 [Thread-2714] INFO  impl.FollowerState (FollowerState.java:run(108)) - 47aecc56-7e95-480d-b89c-2c00d33b4782@group-5EC277DF3249-FollowerState: change to CANDIDATE, lastRpcTime:172ms, electionTimeout:172ms
2019-10-18 08:20:31,034 [Thread-2714] INFO  impl.RoleInfo (RoleInfo.java:shutdownFollowerState(121)) - 47aecc56-7e95-480d-b89c-2c00d33b4782: shutdown FollowerState
2019-10-18 08:20:31,034 [Thread-2714] INFO  impl.RaftServerImpl (RaftServerImpl.java:setRole(184)) - 47aecc56-7e95-480d-b89c-2c00d33b4782@group-5EC277DF3249: changes role from  FOLLOWER to CANDIDATE at term 333 for changeToCandidate
2019-10-18 08:20:31,034 [Thread-2714] INFO  impl.RoleInfo (RoleInfo.java:updateAndGet(143)) - 47aecc56-7e95-480d-b89c-2c00d33b4782: start LeaderElection
2019-10-18 08:20:31,060 [47aecc56-7e95-480d-b89c-2c00d33b4782@group-5EC277DF3249-LeaderElection311] INFO  impl.LeaderElection (LeaderElection.java:askForVotes(178)) - 47aecc56-7e95-480d-b89c-2c00d33b4782@group-5EC277DF3249-LeaderElection311: begin an election at term 334 for -1: [47aecc56-7e95-480d-b89c-2c00d33b4782:192.168.69.67:34550, 1bc296c6-def6-4ae4-8c62-5b4c951a28f1:192.168.69.67:37222, bc0382cc-50e2-4d58-b2de-e8b6250f3520:192.168.69.67:37666], old=null
2019-10-18 08:20:31,062 [grpc-default-executor-3] INFO  impl.RaftServerImpl (RaftServerImpl.java:setRole(184)) - 1bc296c6-def6-4ae4-8c62-5b4c951a28f1@group-5EC277DF3249: changes role from  FOLLOWER to FOLLOWER at term 334 for recognizeCandidate:47aecc56-7e95-480d-b89c-2c00d33b4782
2019-10-18 08:20:31,062 [grpc-default-executor-9] INFO  impl.RaftServerImpl (RaftServerImpl.java:setRole(184)) - bc0382cc-50e2-4d58-b2de-e8b6250f3520@group-5EC277DF3249: changes role from  FOLLOWER to FOLLOWER at term 334 for recognizeCandidate:47aecc56-7e95-480d-b89c-2c00d33b4782
2019-10-18 08:20:31,062 [grpc-default-executor-9] INFO  impl.RoleInfo (RoleInfo.java:shutdownFollowerState(121)) - bc0382cc-50e2-4d58-b2de-e8b6250f3520: shutdown FollowerState
2019-10-18 08:20:31,062 [grpc-default-executor-3] INFO  impl.RoleInfo (RoleInfo.java:shutdownFollowerState(121)) - 1bc296c6-def6-4ae4-8c62-5b4c951a28f1: shutdown FollowerState
2019-10-18 08:20:31,062 [Thread-2713] INFO  impl.FollowerState (FollowerState.java:run(117)) - bc0382cc-50e2-4d58-b2de-e8b6250f3520@group-5EC277DF3249-FollowerState was interrupted: java.lang.InterruptedException: sleep interrupted
2019-10-18 08:20:31,063 [Thread-2712] INFO  impl.FollowerState (FollowerState.java:run(117)) - 1bc296c6-def6-4ae4-8c62-5b4c951a28f1@group-5EC277DF3249-FollowerState was interrupted: java.lang.InterruptedException: sleep interrupted
2019-10-18 08:20:31,062 [grpc-default-executor-9] INFO  impl.RoleInfo (RoleInfo.java:updateAndGet(143)) - bc0382cc-50e2-4d58-b2de-e8b6250f3520: start FollowerState
2019-10-18 08:20:31,062 [grpc-default-executor-3] INFO  impl.RoleInfo (RoleInfo.java:updateAndGet(143)) - 1bc296c6-def6-4ae4-8c62-5b4c951a28f1: start FollowerState
2019-10-18 08:20:31,079 [47aecc56-7e95-480d-b89c-2c00d33b4782@group-5EC277DF3249-LeaderElection311] INFO  impl.LeaderElection (LeaderElection.java:logAndReturn(56)) - 47aecc56-7e95-480d-b89c-2c00d33b4782@group-5EC277DF3249-LeaderElection311: Election REJECTED; received 2 response(s) [47aecc56-7e95-480d-b89c-2c00d33b4782<-1bc296c6-def6-4ae4-8c62-5b4c951a28f1#0:FAIL-t334, 47aecc56-7e95-480d-b89c-2c00d33b4782<-bc0382cc-50e2-4d58-b2de-e8b6250f3520#0:FAIL-t334] and 0 exception(s); 47aecc56-7e95-480d-b89c-2c00d33b4782@group-5EC277DF3249:t334, leader=null, voted=47aecc56-7e95-480d-b89c-2c00d33b4782, raftlog=47aecc56-7e95-480d-b89c-2c00d33b4782@group-5EC277DF3249-SegmentedRaftLog:OPENED:c-1,f-1,i0, conf=-1: [47aecc56-7e95-480d-b89c-2c00d33b4782:192.168.69.67:34550, 1bc296c6-def6-4ae4-8c62-5b4c951a28f1:192.168.69.67:37222, bc0382cc-50e2-4d58-b2de-e8b6250f3520:192.168.69.67:37666], old=null
2019-10-18 08:20:31,079 [47aecc56-7e95-480d-b89c-2c00d33b4782@group-5EC277DF3249-LeaderElection311] INFO  impl.RaftServerImpl (RaftServerImpl.java:setRole(184)) - 47aecc56-7e95-480d-b89c-2c00d33b4782@group-5EC277DF3249: changes role from CANDIDATE to FOLLOWER at term 334 for DISCOVERED_A_NEW_TERM
2019-10-18 08:20:31,079 [47aecc56-7e95-480d-b89c-2c00d33b4782@group-5EC277DF3249-LeaderElection311] INFO  impl.RoleInfo (RoleInfo.java:shutdownLeaderElection(134)) - 47aecc56-7e95-480d-b89c-2c00d33b4782: shutdown LeaderElection
2019-10-18 08:20:31,079 [47aecc56-7e95-480d-b89c-2c00d33b4782@group-5EC277DF3249-LeaderElection311] INFO  impl.RoleInfo (RoleInfo.java:updateAndGet(143)) - 47aecc56-7e95-480d-b89c-2c00d33b4782: start FollowerState
 0.00% |?                                                                                                    |  0/1 Time: 0:00:042019-10-18 08:20:31,261 [Thread-2720] INFO  impl.FollowerState (FollowerState.java:run(108)) - 47aecc56-7e95-480d-b89c-2c00d33b4782@group-5EC277DF3249-FollowerState: change to CANDIDATE, lastRpcTime:181ms, electionTimeout:181ms
2019-10-18 08:20:31,261 [Thread-2720] INFO  impl.RoleInfo (RoleInfo.java:shutdownFollowerState(121)) - 47aecc56-7e95-480d-b89c-2c00d33b4782: shutdown FollowerState
2019-10-18 08:20:31,261 [Thread-2720] INFO  impl.RaftServerImpl (RaftServerImpl.java:setRole(184)) - 47aecc56-7e95-480d-b89c-2c00d33b4782@group-5EC277DF3249: changes role from  FOLLOWER to CANDIDATE at term 334 for changeToCandidate
2019-10-18 08:20:31,261 [Thread-2720] INFO  impl.RoleInfo (RoleInfo.java:updateAndGet(143)) - 47aecc56-7e95-480d-b89c-2c00d33b4782: start LeaderElection
2019-10-18 08:20:31,276 [47aecc56-7e95-480d-b89c-2c00d33b4782@group-5EC277DF3249-LeaderElection312] INFO  impl.LeaderElection (LeaderElection.java:askForVotes(178)) - 47aecc56-7e95-480d-b89c-2c00d33b4782@group-5EC277DF3249-LeaderElection312: begin an election at term 335 for -1: [47aecc56-7e95-480d-b89c-2c00d33b4782:192.168.69.67:34550, 1bc296c6-def6-4ae4-8c62-5b4c951a28f1:192.168.69.67:37222, bc0382cc-50e2-4d58-b2de-e8b6250f3520:192.168.69.67:37666], old=null
2019-10-18 08:20:31,278 [grpc-default-executor-3] INFO  impl.RaftServerImpl (RaftServerImpl.java:setRole(184)) - bc0382cc-50e2-4d58-b2de-e8b6250f3520@group-5EC277DF3249: changes role from  FOLLOWER to FOLLOWER at term 335 for recognizeCandidate:47aecc56-7e95-480d-b89c-2c00d33b4782
2019-10-18 08:20:31,279 [grpc-default-executor-3] INFO  impl.RoleInfo (RoleInfo.java:shutdownFollowerState(121)) - bc0382cc-50e2-4d58-b2de-e8b6250f3520: shutdown FollowerState
2019-10-18 08:20:31,278 [grpc-default-executor-9] INFO  impl.RaftServerImpl (RaftServerImpl.java:setRole(184)) - 1bc296c6-def6-4ae4-8c62-5b4c951a28f1@group-5EC277DF3249: changes role from  FOLLOWER to FOLLOWER at term 335 for recognizeCandidate:47aecc56-7e95-480d-b89c-2c00d33b4782
2019-10-18 08:20:31,279 [grpc-default-executor-9] INFO  impl.RoleInfo (RoleInfo.java:shutdownFollowerState(121)) - 1bc296c6-def6-4ae4-8c62-5b4c951a28f1: shutdown FollowerState
2019-10-18 08:20:31,279 [Thread-2718] INFO  impl.FollowerState (FollowerState.java:run(117)) - bc0382cc-50e2-4d58-b2de-e8b6250f3520@group-5EC277DF3249-FollowerState was interrupted: java.lang.InterruptedException: sleep interrupted
2019-10-18 08:20:31,279 [grpc-default-executor-3] INFO  impl.RoleInfo (RoleInfo.java:updateAndGet(143)) - bc0382cc-50e2-4d58-b2de-e8b6250f3520: start FollowerState
2019-10-18 08:20:31,279 [Thread-2719] INFO  impl.FollowerState (FollowerState.java:run(117)) - 1bc296c6-def6-4ae4-8c62-5b4c951a28f1@group-5EC277DF3249-FollowerState was interrupted: java.lang.InterruptedException: sleep interrupted
2019-10-18 08:20:31,279 [grpc-default-executor-9] INFO  impl.RoleInfo (RoleInfo.java:updateAndGet(143)) - 1bc296c6-def6-4ae4-8c62-5b4c951a28f1: start FollowerState
2019-10-18 08:20:31,294 [47aecc56-7e95-480d-b89c-2c00d33b4782@group-5EC277DF3249-LeaderElection312] INFO  impl.LeaderElection (LeaderElection.java:logAndReturn(56)) - 47aecc56-7e95-480d-b89c-2c00d33b4782@group-5EC277DF3249-LeaderElection312: Election REJECTED; received 2 response(s) [47aecc56-7e95-480d-b89c-2c00d33b4782<-1bc296c6-def6-4ae4-8c62-5b4c951a28f1#0:FAIL-t335, 47aecc56-7e95-480d-b89c-2c00d33b4782<-bc0382cc-50e2-4d58-b2de-e8b6250f3520#0:FAIL-t335] and 0 exception(s); 47aecc56-7e95-480d-b89c-2c00d33b4782@group-5EC277DF3249:t335, leader=null, voted=47aecc56-7e95-480d-b89c-2c00d33b4782, raftlog=47aecc56-7e95-480d-b89c-2c00d33b4782@group-5EC277DF3249-SegmentedRaftLog:OPENED:c-1,f-1,i0, conf=-1: [47aecc56-7e95-480d-b89c-2c00d33b4782:192.168.69.67:34550, 1bc296c6-def6-4ae4-8c62-5b4c951a28f1:192.168.69.67:37222, bc0382cc-50e2-4d58-b2de-e8b6250f3520:192.168.69.67:37666], old=null
2019-10-18 08:20:31,294 [47aecc56-7e95-480d-b89c-2c00d33b4782@group-5EC277DF3249-LeaderElection312] INFO  impl.RaftServerImpl (RaftServerImpl.java:setRole(184)) - 47aecc56-7e95-480d-b89c-2c00d33b4782@group-5EC277DF3249: changes role from CANDIDATE to FOLLOWER at term 335 for DISCOVERED_A_NEW_TERM
2019-10-18 08:20:31,294 [47aecc56-7e95-480d-b89c-2c00d33b4782@group-5EC277DF3249-LeaderElection312] INFO  impl.RoleInfo (RoleInfo.java:shutdownLeaderElection(134)) - 47aecc56-7e95-480d-b89c-2c00d33b4782: shutdown LeaderElection
2019-10-18 08:20:31,294 [47aecc56-7e95-480d-b89c-2c00d33b4782@group-5EC277DF3249-LeaderElection312] INFO  impl.RoleInfo (RoleInfo.java:updateAndGet(143)) - 47aecc56-7e95-480d-b89c-2c00d33b4782: start FollowerState
2019-10-18 08:20:31,440 [Thread-2726] INFO  impl.FollowerState (FollowerState.java:run(108)) - 47aecc56-7e95-480d-b89c-2c00d33b4782@group-5EC277DF3249-FollowerState: change to CANDIDATE, lastRpcTime:145ms, electionTimeout:145ms
2019-10-18 08:20:31,440 [Thread-2726] INFO  impl.RoleInfo (RoleInfo.java:shutdownFollowerState(121)) - 47aecc56-7e95-480d-b89c-2c00d33b4782: shutdown FollowerState
2019-10-18 08:20:31,440 [Thread-2726] INFO  impl.RaftServerImpl (RaftServerImpl.java:setRole(184)) - 47aecc56-7e95-480d-b89c-2c00d33b4782@group-5EC277DF3249: changes role from  FOLLOWER to CANDIDATE at term 335 for changeToCandidate
2019-10-18 08:20:31,440 [Thread-2726] INFO  impl.RoleInfo (RoleInfo.java:updateAndGet(143)) - 47aecc56-7e95-480d-b89c-2c00d33b4782: start LeaderElection
2019-10-18 08:20:31,454 [47aecc56-7e95-480d-b89c-2c00d33b4782@group-5EC277DF3249-LeaderElection313] INFO  impl.LeaderElection (LeaderElection.java:askForVotes(178)) - 47aecc56-7e95-480d-b89c-2c00d33b4782@group-5EC277DF3249-LeaderElection313: begin an election at term 336 for -1: [47aecc56-7e95-480d-b89c-2c00d33b4782:192.168.69.67:34550, 1bc296c6-def6-4ae4-8c62-5b4c951a28f1:192.168.69.67:37222, bc0382cc-50e2-4d58-b2de-e8b6250f3520:192.168.69.67:37666], old=null
2019-10-18 08:20:31,456 [grpc-default-executor-9] INFO  impl.RaftServerImpl (RaftServerImpl.java:setRole(184)) - 1bc296c6-def6-4ae4-8c62-5b4c951a28f1@group-5EC277DF3249: changes role from  FOLLOWER to FOLLOWER at term 336 for recognizeCandidate:47aecc56-7e95-480d-b89c-2c00d33b4782
2019-10-18 08:20:31,456 [grpc-default-executor-9] INFO  impl.RoleInfo (RoleInfo.java:shutdownFollowerState(121)) - 1bc296c6-def6-4ae4-8c62-5b4c951a28f1: shutdown FollowerState
2019-10-18 08:20:31,456 [grpc-default-executor-3] INFO  impl.RaftServerImpl (RaftServerImpl.java:setRole(184)) - bc0382cc-50e2-4d58-b2de-e8b6250f3520@group-5EC277DF3249: changes role from  FOLLOWER to FOLLOWER at term 336 for recognizeCandidate:47aecc56-7e95-480d-b89c-2c00d33b4782
2019-10-18 08:20:31,456 [Thread-2725] INFO  impl.FollowerState (FollowerState.java:run(117)) - 1bc296c6-def6-4ae4-8c62-5b4c951a28f1@group-5EC277DF3249-FollowerState was interrupted: java.lang.InterruptedException: sleep interrupted
2019-10-18 08:20:31,456 [grpc-default-executor-9] INFO  impl.RoleInfo (RoleInfo.java:updateAndGet(143)) - 1bc296c6-def6-4ae4-8c62-5b4c951a28f1: start FollowerState
2019-10-18 08:20:31,456 [grpc-default-executor-3] INFO  impl.RoleInfo (RoleInfo.java:shutdownFollowerState(121)) - bc0382cc-50e2-4d58-b2de-e8b6250f3520: shutdown FollowerState
2019-10-18 08:20:31,457 [grpc-default-executor-3] INFO  impl.RoleInfo (RoleInfo.java:updateAndGet(143)) - bc0382cc-50e2-4d58-b2de-e8b6250f3520: start FollowerState
2019-10-18 08:20:31,457 [Thread-2724] INFO  impl.FollowerState (FollowerState.java:run(117)) - bc0382cc-50e2-4d58-b2de-e8b6250f3520@group-5EC277DF3249-FollowerState was interrupted: java.lang.InterruptedException: sleep interrupted
2019-10-18 08:20:31,471 [47aecc56-7e95-480d-b89c-2c00d33b4782@group-5EC277DF3249-LeaderElection313] INFO  impl.LeaderElection (LeaderElection.java:logAndReturn(56)) - 47aecc56-7e95-480d-b89c-2c00d33b4782@group-5EC277DF3249-LeaderElection313: Election REJECTED; received 2 response(s) [47aecc56-7e95-480d-b89c-2c00d33b4782<-1bc296c6-def6-4ae4-8c62-5b4c951a28f1#0:FAIL-t336, 47aecc56-7e95-480d-b89c-2c00d33b4782<-bc0382cc-50e2-4d58-b2de-e8b6250f3520#0:FAIL-t336] and 0 exception(s); 47aecc56-7e95-480d-b89c-2c00d33b4782@group-5EC277DF3249:t336, leader=null, voted=47aecc56-7e95-480d-b89c-2c00d33b4782, raftlog=47aecc56-7e95-480d-b89c-2c00d33b4782@group-5EC277DF3249-SegmentedRaftLog:OPENED:c-1,f-1,i0, conf=-1: [47aecc56-7e95-480d-b89c-2c00d33b4782:192.168.69.67:34550, 1bc296c6-def6-4ae4-8c62-5b4c951a28f1:192.168.69.67:37222, bc0382cc-50e2-4d58-b2de-e8b6250f3520:192.168.69.67:37666], old=null
2019-10-18 08:20:31,471 [47aecc56-7e95-480d-b89c-2c00d33b4782@group-5EC277DF3249-LeaderElection313] INFO  impl.RaftServerImpl (RaftServerImpl.java:setRole(184)) - 47aecc56-7e95-480d-b89c-2c00d33b4782@group-5EC277DF3249: changes role from CANDIDATE to FOLLOWER at term 336 for DISCOVERED_A_NEW_TERM
2019-10-18 08:20:31,471 [47aecc56-7e95-480d-b89c-2c00d33b4782@group-5EC277DF3249-LeaderElection313] INFO  impl.RoleInfo (RoleInfo.java:shutdownLeaderElection(134)) - 47aecc56-7e95-480d-b89c-2c00d33b4782: shutdown LeaderElection
2019-10-18 08:20:31,471 [47aecc56-7e95-480d-b89c-2c00d33b4782@group-5EC277DF3249-LeaderElection313] INFO  impl.RoleInfo (RoleInfo.java:updateAndGet(143)) - 47aecc56-7e95-480d-b89c-2c00d33b4782: start FollowerState
2019-10-18 08:20:31,496 [Thread-2732] INFO  impl.FollowerState (FollowerState.java:run(108)) - 47aecc56-7e95-480d-b89c-2c00d33b4782@group-5EC277DF3249-FollowerState: change to CANDIDATE, lastRpcTime:25ms, electionTimeout:25ms
2019-10-18 08:20:31,496 [Thread-2732] INFO  impl.RoleInfo (RoleInfo.java:shutdownFollowerState(121)) - 47aecc56-7e95-480d-b89c-2c00d33b4782: shutdown FollowerState
2019-10-18 08:20:31,496 [Thread-2732] INFO  impl.RaftServerImpl (RaftServerImpl.java:setRole(184)) - 47aecc56-7e95-480d-b89c-2c00d33b4782@group-5EC277DF3249: changes role from  FOLLOWER to CANDIDATE at term 336 for changeToCandidate
2019-10-18 08:20:31,497 [Thread-2732] INFO  impl.RoleInfo (RoleInfo.java:updateAndGet(143)) - 47aecc56-7e95-480d-b89c-2c00d33b4782: start LeaderElection
2019-10-18 08:20:31,511 [47aecc56-7e95-480d-b89c-2c00d33b4782@group-5EC277DF3249-LeaderElection314] INFO  impl.LeaderElection (LeaderElection.java:askForVotes(178)) - 47aecc56-7e95-480d-b89c-2c00d33b4782@group-5EC277DF3249-LeaderElection314: begin an election at term 337 for -1: [47aecc56-7e95-480d-b89c-2c00d33b4782:192.168.69.67:34550, 1bc296c6-def6-4ae4-8c62-5b4c951a28f1:192.168.69.67:37222, bc0382cc-50e2-4d58-b2de-e8b6250f3520:192.168.69.67:37666], old=null
2019-10-18 08:20:31,512 [grpc-default-executor-3] INFO  impl.RaftServerImpl (RaftServerImpl.java:setRole(184)) - 1bc296c6-def6-4ae4-8c62-5b4c951a28f1@group-5EC277DF3249: changes role from  FOLLOWER to FOLLOWER at term 337 for recognizeCandidate:47aecc56-7e95-480d-b89c-2c00d33b4782
2019-10-18 08:20:31,513 [grpc-default-executor-3] INFO  impl.RoleInfo (RoleInfo.java:shutdownFollowerState(121)) - 1bc296c6-def6-4ae4-8c62-5b4c951a28f1: shutdown FollowerState
2019-10-18 08:20:31,513 [grpc-default-executor-9] INFO  impl.RaftServerImpl (RaftServerImpl.java:setRole(184)) - bc0382cc-50e2-4d58-b2de-e8b6250f3520@group-5EC277DF3249: changes role from  FOLLOWER to FOLLOWER at term 337 for recognizeCandidate:47aecc56-7e95-480d-b89c-2c00d33b4782
2019-10-18 08:20:31,513 [Thread-2730] INFO  impl.FollowerState (FollowerState.java:run(117)) - 1bc296c6-def6-4ae4-8c62-5b4c951a28f1@group-5EC277DF3249-FollowerState was interrupted: java.lang.InterruptedException: sleep interrupted
2019-10-18 08:20:31,513 [grpc-default-executor-3] INFO  impl.RoleInfo (RoleInfo.java:updateAndGet(143)) - 1bc296c6-def6-4ae4-8c62-5b4c951a28f1: start FollowerState
2019-10-18 08:20:31,513 [grpc-default-executor-9] INFO  impl.RoleInfo (RoleInfo.java:shutdownFollowerState(121)) - bc0382cc-50e2-4d58-b2de-e8b6250f3520: shutdown FollowerState
2019-10-18 08:20:31,513 [grpc-default-executor-9] INFO  impl.RoleInfo (RoleInfo.java:updateAndGet(143)) - bc0382cc-50e2-4d58-b2de-e8b6250f3520: start FollowerState
2019-10-18 08:20:31,513 [Thread-2731] INFO  impl.FollowerState (FollowerState.java:run(117)) - bc0382cc-50e2-4d58-b2de-e8b6250f3520@group-5EC277DF3249-FollowerState was interrupted: java.lang.InterruptedException: sleep interrupted
2019-10-18 08:20:31,527 [47aecc56-7e95-480d-b89c-2c00d33b4782@group-5EC277DF3249-LeaderElection314] INFO  impl.LeaderElection (LeaderElection.java:logAndReturn(56)) - 47aecc56-7e95-480d-b89c-2c00d33b4782@group-5EC277DF3249-LeaderElection314: Election REJECTED; received 2 response(s) [47aecc56-7e95-480d-b89c-2c00d33b4782<-1bc296c6-def6-4ae4-8c62-5b4c951a28f1#0:FAIL-t337, 47aecc56-7e95-480d-b89c-2c00d33b4782<-bc0382cc-50e2-4d58-b2de-e8b6250f3520#0:FAIL-t337] and 0 exception(s); 47aecc56-7e95-480d-b89c-2c00d33b4782@group-5EC277DF3249:t337, leader=null, voted=47aecc56-7e95-480d-b89c-2c00d33b4782, raftlog=47aecc56-7e95-480d-b89c-2c00d33b4782@group-5EC277DF3249-SegmentedRaftLog:OPENED:c-1,f-1,i0, conf=-1: [47aecc56-7e95-480d-b89c-2c00d33b4782:192.168.69.67:34550, 1bc296c6-def6-4ae4-8c62-5b4c951a28f1:192.168.69.67:37222, bc0382cc-50e2-4d58-b2de-e8b6250f3520:192.168.69.67:37666], old=null
2019-10-18 08:20:31,527 [47aecc56-7e95-480d-b89c-2c00d33b4782@group-5EC277DF3249-LeaderElection314] INFO  impl.RaftServerImpl (RaftServerImpl.java:setRole(184)) - 47aecc56-7e95-480d-b89c-2c00d33b4782@group-5EC277DF3249: changes role from CANDIDATE to FOLLOWER at term 337 for DISCOVERED_A_NEW_TERM
2019-10-18 08:20:31,527 [47aecc56-7e95-480d-b89c-2c00d33b4782@group-5EC277DF3249-LeaderElection314] INFO  impl.RoleInfo (RoleInfo.java:shutdownLeaderElection(134)) - 47aecc56-7e95-480d-b89c-2c00d33b4782: shutdown LeaderElection
2019-10-18 08:20:31,527 [47aecc56-7e95-480d-b89c-2c00d33b4782@group-5EC277DF3249-LeaderElection314] INFO  impl.RoleInfo (RoleInfo.java:updateAndGet(143)) - 47aecc56-7e95-480d-b89c-2c00d33b4782: start FollowerState
2019-10-18 08:20:31,643 [Thread-2738] INFO  impl.FollowerState (FollowerState.java:run(108)) - 47aecc56-7e95-480d-b89c-2c00d33b4782@group-5EC277DF3249-FollowerState: change to CANDIDATE, lastRpcTime:115ms, electionTimeout:115ms
2019-10-18 08:20:31,643 [Thread-2738] INFO  impl.RoleInfo (RoleInfo.java:shutdownFollowerState(121)) - 47aecc56-7e95-480d-b89c-2c00d33b4782: shutdown FollowerState
2019-10-18 08:20:31,643 [Thread-2738] INFO  impl.RaftServerImpl (RaftServerImpl.java:setRole(184)) - 47aecc56-7e95-480d-b89c-2c00d33b4782@group-5EC277DF3249: changes role from  FOLLOWER to CANDIDATE at term 337 for changeToCandidate
2019-10-18 08:20:31,643 [Thread-2738] INFO  impl.RoleInfo (RoleInfo.java:updateAndGet(143)) - 47aecc56-7e95-480d-b89c-2c00d33b4782: start LeaderElection
2019-10-18 08:20:31,669 [47aecc56-7e95-480d-b89c-2c00d33b4782@group-5EC277DF3249-LeaderElection315] INFO  impl.LeaderElection (LeaderElection.java:askForVotes(178)) - 47aecc56-7e95-480d-b89c-2c00d33b4782@group-5EC277DF3249-LeaderElection315: begin an election at term 338 for -1: [47aecc56-7e95-480d-b89c-2c00d33b4782:192.168.69.67:34550, 1bc296c6-def6-4ae4-8c62-5b4c951a28f1:192.168.69.67:37222, bc0382cc-50e2-4d58-b2de-e8b6250f3520:192.168.69.67:37666], old=null
2019-10-18 08:20:31,670 [grpc-default-executor-3] INFO  impl.RaftServerImpl (RaftServerImpl.java:setRole(184)) - bc0382cc-50e2-4d58-b2de-e8b6250f3520@group-5EC277DF3249: changes role from  FOLLOWER to FOLLOWER at term 338 for recognizeCandidate:47aecc56-7e95-480d-b89c-2c00d33b4782
2019-10-18 08:20:31,670 [grpc-default-executor-9] INFO  impl.RaftServerImpl (RaftServerImpl.java:setRole(184)) - 1bc296c6-def6-4ae4-8c62-5b4c951a28f1@group-5EC277DF3249: changes role from  FOLLOWER to FOLLOWER at term 338 for recognizeCandidate:47aecc56-7e95-480d-b89c-2c00d33b4782
2019-10-18 08:20:31,671 [grpc-default-executor-3] INFO  impl.RoleInfo (RoleInfo.java:shutdownFollowerState(121)) - bc0382cc-50e2-4d58-b2de-e8b6250f3520: shutdown FollowerState
2019-10-18 08:20:31,671 [grpc-default-executor-9] INFO  impl.RoleInfo (RoleInfo.java:shutdownFollowerState(121)) - 1bc296c6-def6-4ae4-8c62-5b4c951a28f1: shutdown FollowerState
2019-10-18 08:20:31,671 [Thread-2737] INFO  impl.FollowerState (FollowerState.java:run(117)) - bc0382cc-50e2-4d58-b2de-e8b6250f3520@group-5EC277DF3249-FollowerState was interrupted: java.lang.InterruptedException: sleep interrupted
2019-10-18 08:20:31,671 [grpc-default-executor-3] INFO  impl.RoleInfo (RoleInfo.java:updateAndGet(143)) - bc0382cc-50e2-4d58-b2de-e8b6250f3520: start FollowerState
2019-10-18 08:20:31,671 [Thread-2736] INFO  impl.FollowerState (FollowerState.java:run(117)) - 1bc296c6-def6-4ae4-8c62-5b4c951a28f1@group-5EC277DF3249-FollowerState was interrupted: java.lang.InterruptedException: sleep interrupted
2019-10-18 08:20:31,671 [grpc-default-executor-9] INFO  impl.RoleInfo (RoleInfo.java:updateAndGet(143)) - 1bc296c6-def6-4ae4-8c62-5b4c951a28f1: start FollowerState
2019-10-18 08:20:31,685 [47aecc56-7e95-480d-b89c-2c00d33b4782@group-5EC277DF3249-LeaderElection315] INFO  impl.LeaderElection (LeaderElection.java:logAndReturn(56)) - 47aecc56-7e95-480d-b89c-2c00d33b4782@group-5EC277DF3249-LeaderElection315: Election REJECTED; received 2 response(s) [47aecc56-7e95-480d-b89c-2c00d33b4782<-1bc296c6-def6-4ae4-8c62-5b4c951a28f1#0:FAIL-t338, 47aecc56-7e95-480d-b89c-2c00d33b4782<-bc0382cc-50e2-4d58-b2de-e8b6250f3520#0:FAIL-t338] and 0 exception(s); 47aecc56-7e95-480d-b89c-2c00d33b4782@group-5EC277DF3249:t338, leader=null, voted=47aecc56-7e95-480d-b89c-2c00d33b4782, raftlog=47aecc56-7e95-480d-b89c-2c00d33b4782@group-5EC277DF3249-SegmentedRaftLog:OPENED:c-1,f-1,i0, conf=-1: [47aecc56-7e95-480d-b89c-2c00d33b4782:192.168.69.67:34550, 1bc296c6-def6-4ae4-8c62-5b4c951a28f1:192.168.69.67:37222, bc0382cc-50e2-4d58-b2de-e8b6250f3520:192.168.69.67:37666], old=null
2019-10-18 08:20:31,685 [47aecc56-7e95-480d-b89c-2c00d33b4782@group-5EC277DF3249-LeaderElection315] INFO  impl.RaftServerImpl (RaftServerImpl.java:setRole(184)) - 47aecc56-7e95-480d-b89c-2c00d33b4782@group-5EC277DF3249: changes role from CANDIDATE to FOLLOWER at term 338 for DISCOVERED_A_NEW_TERM
2019-10-18 08:20:31,685 [47aecc56-7e95-480d-b89c-2c00d33b4782@group-5EC277DF3249-LeaderElection315] INFO  impl.RoleInfo (RoleInfo.java:shutdownLeaderElection(134)) - 47aecc56-7e95-480d-b89c-2c00d33b4782: shutdown LeaderElection
2019-10-18 08:20:31,685 [47aecc56-7e95-480d-b89c-2c00d33b4782@group-5EC277DF3249-LeaderElection315] INFO  impl.RoleInfo (RoleInfo.java:updateAndGet(143)) - 47aecc56-7e95-480d-b89c-2c00d33b4782: start FollowerState
2019-10-18 08:20:31,771 [Thread-2744] INFO  impl.FollowerState (FollowerState.java:run(108)) - 47aecc56-7e95-480d-b89c-2c00d33b4782@group-5EC277DF3249-FollowerState: change to CANDIDATE, lastRpcTime:85ms, electionTimeout:85ms
2019-10-18 08:20:31,771 [Thread-2744] INFO  impl.RoleInfo (RoleInfo.java:shutdownFollowerState(121)) - 47aecc56-7e95-480d-b89c-2c00d33b4782: shutdown FollowerState
2019-10-18 08:20:31,771 [Thread-2744] INFO  impl.RaftServerImpl (RaftServerImpl.java:setRole(184)) - 47aecc56-7e95-480d-b89c-2c00d33b4782@group-5EC277DF3249: changes role from  FOLLOWER to CANDIDATE at term 338 for changeToCandidate
2019-10-18 08:20:31,772 [Thread-2744] INFO  impl.RoleInfo (RoleInfo.java:updateAndGet(143)) - 47aecc56-7e95-480d-b89c-2c00d33b4782: start LeaderElection
2019-10-18 08:20:31,786 [47aecc56-7e95-480d-b89c-2c00d33b4782@group-5EC277DF3249-LeaderElection316] INFO  impl.LeaderElection (LeaderElection.java:askForVotes(178)) - 47aecc56-7e95-480d-b89c-2c00d33b4782@group-5EC277DF3249-LeaderElection316: begin an election at term 339 for -1: [47aecc56-7e95-480d-b89c-2c00d33b4782:192.168.69.67:34550, 1bc296c6-def6-4ae4-8c62-5b4c951a28f1:192.168.69.67:37222, bc0382cc-50e2-4d58-b2de-e8b6250f3520:192.168.69.67:37666], old=null
2019-10-18 08:20:31,787 [grpc-default-executor-9] INFO  impl.RaftServerImpl (RaftServerImpl.java:setRole(184)) - 1bc296c6-def6-4ae4-8c62-5b4c951a28f1@group-5EC277DF3249: changes role from  FOLLOWER to FOLLOWER at term 339 for recognizeCandidate:47aecc56-7e95-480d-b89c-2c00d33b4782
2019-10-18 08:20:31,787 [grpc-default-executor-3] INFO  impl.RaftServerImpl (RaftServerImpl.java:setRole(184)) - bc0382cc-50e2-4d58-b2de-e8b6250f3520@group-5EC277DF3249: changes role from  FOLLOWER to FOLLOWER at term 339 for recognizeCandidate:47aecc56-7e95-480d-b89c-2c00d33b4782
2019-10-18 08:20:31,788 [grpc-default-executor-3] INFO  impl.RoleInfo (RoleInfo.java:shutdownFollowerState(121)) - bc0382cc-50e2-4d58-b2de-e8b6250f3520: shutdown FollowerState
2019-10-18 08:20:31,788 [grpc-default-executor-9] INFO  impl.RoleInfo (RoleInfo.java:shutdownFollowerState(121)) - 1bc296c6-def6-4ae4-8c62-5b4c951a28f1: shutdown FollowerState
2019-10-18 08:20:31,788 [Thread-2742] INFO  impl.FollowerState (FollowerState.java:run(117)) - bc0382cc-50e2-4d58-b2de-e8b6250f3520@group-5EC277DF3249-FollowerState was interrupted: java.lang.InterruptedException: sleep interrupted
2019-10-18 08:20:31,788 [grpc-default-executor-3] INFO  impl.RoleInfo (RoleInfo.java:updateAndGet(143)) - bc0382cc-50e2-4d58-b2de-e8b6250f3520: start FollowerState
2019-10-18 08:20:31,788 [Thread-2743] INFO  impl.FollowerState (FollowerState.java:run(117)) - 1bc296c6-def6-4ae4-8c62-5b4c951a28f1@group-5EC277DF3249-FollowerState was interrupted: java.lang.InterruptedException: sleep interrupted
2019-10-18 08:20:31,788 [grpc-default-executor-9] INFO  impl.RoleInfo (RoleInfo.java:updateAndGet(143)) - 1bc296c6-def6-4ae4-8c62-5b4c951a28f1: start FollowerState
2019-10-18 08:20:31,803 [47aecc56-7e95-480d-b89c-2c00d33b4782@group-5EC277DF3249-LeaderElection316] INFO  impl.LeaderElection (LeaderElection.java:logAndReturn(56)) - 47aecc56-7e95-480d-b89c-2c00d33b4782@group-5EC277DF3249-LeaderElection316: Election REJECTED; received 2 response(s) [47aecc56-7e95-480d-b89c-2c00d33b4782<-1bc296c6-def6-4ae4-8c62-5b4c951a28f1#0:FAIL-t339, 47aecc56-7e95-480d-b89c-2c00d33b4782<-bc0382cc-50e2-4d58-b2de-e8b6250f3520#0:FAIL-t339] and 0 exception(s); 47aecc56-7e95-480d-b89c-2c00d33b4782@group-5EC277DF3249:t339, leader=null, voted=47aecc56-7e95-480d-b89c-2c00d33b4782, raftlog=47aecc56-7e95-480d-b89c-2c00d33b4782@group-5EC277DF3249-SegmentedRaftLog:OPENED:c-1,f-1,i0, conf=-1: [47aecc56-7e95-480d-b89c-2c00d33b4782:192.168.69.67:34550, 1bc296c6-def6-4ae4-8c62-5b4c951a28f1:192.168.69.67:37222, bc0382cc-50e2-4d58-b2de-e8b6250f3520:192.168.69.67:37666], old=null
2019-10-18 08:20:31,803 [47aecc56-7e95-480d-b89c-2c00d33b4782@group-5EC277DF3249-LeaderElection316] INFO  impl.RaftServerImpl (RaftServerImpl.java:setRole(184)) - 47aecc56-7e95-480d-b89c-2c00d33b4782@group-5EC277DF3249: changes role from CANDIDATE to FOLLOWER at term 339 for DISCOVERED_A_NEW_TERM
2019-10-18 08:20:31,803 [47aecc56-7e95-480d-b89c-2c00d33b4782@group-5EC277DF3249-LeaderElection316] INFO  impl.RoleInfo (RoleInfo.java:shutdownLeaderElection(134)) - 47aecc56-7e95-480d-b89c-2c00d33b4782: shutdown LeaderElection
2019-10-18 08:20:31,803 [47aecc56-7e95-480d-b89c-2c00d33b4782@group-5EC277DF3249-LeaderElection316] INFO  impl.RoleInfo (RoleInfo.java:updateAndGet(143)) - 47aecc56-7e95-480d-b89c-2c00d33b4782: start FollowerState
2019-10-18 08:20:31,864 [Thread-2750] INFO  impl.FollowerState (FollowerState.java:run(108)) - 47aecc56-7e95-480d-b89c-2c00d33b4782@group-5EC277DF3249-FollowerState: change to CANDIDATE, lastRpcTime:60ms, electionTimeout:60ms
2019-10-18 08:20:31,864 [Thread-2750] INFO  impl.RoleInfo (RoleInfo.java:shutdownFollowerState(121)) - 47aecc56-7e95-480d-b89c-2c00d33b4782: shutdown FollowerState
2019-10-18 08:20:31,864 [Thread-2750] INFO  impl.RaftServerImpl (RaftServerImpl.java:setRole(184)) - 47aecc56-7e95-480d-b89c-2c00d33b4782@group-5EC277DF3249: changes role from  FOLLOWER to CANDIDATE at term 339 for changeToCandidate
2019-10-18 08:20:31,864 [Thread-2750] INFO  impl.RoleInfo (RoleInfo.java:updateAndGet(143)) - 47aecc56-7e95-480d-b89c-2c00d33b4782: start LeaderElection
2019-10-18 08:20:31,890 [47aecc56-7e95-480d-b89c-2c00d33b4782@group-5EC277DF3249-LeaderElection317] INFO  impl.LeaderElection (LeaderElection.java:askForVotes(178)) - 47aecc56-7e95-480d-b89c-2c00d33b4782@group-5EC277DF3249-LeaderElection317: begin an election at term 340 for -1: [47aecc56-7e95-480d-b89c-2c00d33b4782:192.168.69.67:34550, 1bc296c6-def6-4ae4-8c62-5b4c951a28f1:192.168.69.67:37222, bc0382cc-50e2-4d58-b2de-e8b6250f3520:192.168.69.67:37666], old=null
2019-10-18 08:20:31,891 [grpc-default-executor-3] INFO  impl.RaftServerImpl (RaftServerImpl.java:setRole(184)) - 1bc296c6-def6-4ae4-8c62-5b4c951a28f1@group-5EC277DF3249: changes role from  FOLLOWER to FOLLOWER at term 340 for recognizeCandidate:47aecc56-7e95-480d-b89c-2c00d33b4782
2019-10-18 08:20:31,892 [grpc-default-executor-3] INFO  impl.RoleInfo (RoleInfo.java:shutdownFollowerState(121)) - 1bc296c6-def6-4ae4-8c62-5b4c951a28f1: shutdown FollowerState
2019-10-18 08:20:31,891 [grpc-default-executor-9] INFO  impl.RaftServerImpl (RaftServerImpl.java:setRole(184)) - bc0382cc-50e2-4d58-b2de-e8b6250f3520@group-5EC277DF3249: changes role from  FOLLOWER to FOLLOWER at term 340 for recognizeCandidate:47aecc56-7e95-480d-b89c-2c00d33b4782
2019-10-18 08:20:31,892 [Thread-2749] INFO  impl.FollowerState (FollowerState.java:run(117)) - 1bc296c6-def6-4ae4-8c62-5b4c951a28f1@group-5EC277DF3249-FollowerState was interrupted: java.lang.InterruptedException: sleep interrupted
2019-10-18 08:20:31,892 [grpc-default-executor-3] INFO  impl.RoleInfo (RoleInfo.java:updateAndGet(143)) - 1bc296c6-def6-4ae4-8c62-5b4c951a28f1: start FollowerState
2019-10-18 08:20:31,892 [grpc-default-executor-9] INFO  impl.RoleInfo (RoleInfo.java:shutdownFollowerState(121)) - bc0382cc-50e2-4d58-b2de-e8b6250f3520: shutdown FollowerState
2019-10-18 08:20:31,892 [grpc-default-executor-9] INFO  impl.RoleInfo (RoleInfo.java:updateAndGet(143)) - bc0382cc-50e2-4d58-b2de-e8b6250f3520: start FollowerState
2019-10-18 08:20:31,892 [Thread-2748] INFO  impl.FollowerState (FollowerState.java:run(117)) - bc0382cc-50e2-4d58-b2de-e8b6250f3520@group-5EC277DF3249-FollowerState was interrupted: java.lang.InterruptedException: sleep interrupted
2019-10-18 08:20:31,906 [47aecc56-7e95-480d-b89c-2c00d33b4782@group-5EC277DF3249-LeaderElection317] INFO  impl.LeaderElection (LeaderElection.java:logAndReturn(56)) - 47aecc56-7e95-480d-b89c-2c00d33b4782@group-5EC277DF3249-LeaderElection317: Election REJECTED; received 2 response(s) [47aecc56-7e95-480d-b89c-2c00d33b4782<-1bc296c6-def6-4ae4-8c62-5b4c951a28f1#0:FAIL-t340, 47aecc56-7e95-480d-b89c-2c00d33b4782<-bc0382cc-50e2-4d58-b2de-e8b6250f3520#0:FAIL-t340] and 0 exception(s); 47aecc56-7e95-480d-b89c-2c00d33b4782@group-5EC277DF3249:t340, leader=null, voted=47aecc56-7e95-480d-b89c-2c00d33b4782, raftlog=47aecc56-7e95-480d-b89c-2c00d33b4782@group-5EC277DF3249-SegmentedRaftLog:OPENED:c-1,f-1,i0, conf=-1: [47aecc56-7e95-480d-b89c-2c00d33b4782:192.168.69.67:34550, 1bc296c6-def6-4ae4-8c62-5b4c951a28f1:192.168.69.67:37222, bc0382cc-50e2-4d58-b2de-e8b6250f3520:192.168.69.67:37666], old=null
2019-10-18 08:20:31,906 [47aecc56-7e95-480d-b89c-2c00d33b4782@group-5EC277DF3249-LeaderElection317] INFO  impl.RaftServerImpl (RaftServerImpl.java:setRole(184)) - 47aecc56-7e95-480d-b89c-2c00d33b4782@group-5EC277DF3249: changes role from CANDIDATE to FOLLOWER at term 340 for DISCOVERED_A_NEW_TERM
2019-10-18 08:20:31,906 [47aecc56-7e95-480d-b89c-2c00d33b4782@group-5EC277DF3249-LeaderElection317] INFO  impl.RoleInfo (RoleInfo.java:shutdownLeaderElection(134)) - 47aecc56-7e95-480d-b89c-2c00d33b4782: shutdown LeaderElection
2019-10-18 08:20:31,906 [47aecc56-7e95-480d-b89c-2c00d33b4782@group-5EC277DF3249-LeaderElection317] INFO  impl.RoleInfo (RoleInfo.java:updateAndGet(143)) - 47aecc56-7e95-480d-b89c-2c00d33b4782: start FollowerState
2019-10-18 08:20:31,975 [Thread-2756] INFO  impl.FollowerState (FollowerState.java:run(108)) - 47aecc56-7e95-480d-b89c-2c00d33b4782@group-5EC277DF3249-FollowerState: change to CANDIDATE, lastRpcTime:68ms, electionTimeout:68ms
2019-10-18 08:20:31,975 [Thread-2756] INFO  impl.RoleInfo (RoleInfo.java:shutdownFollowerState(121)) - 47aecc56-7e95-480d-b89c-2c00d33b4782: shutdown FollowerState
2019-10-18 08:20:31,975 [Thread-2756] INFO  impl.RaftServerImpl (RaftServerImpl.java:setRole(184)) - 47aecc56-7e95-480d-b89c-2c00d33b4782@group-5EC277DF3249: changes role from  FOLLOWER to CANDIDATE at term 340 for changeToCandidate
2019-10-18 08:20:31,975 [Thread-2756] INFO  impl.RoleInfo (RoleInfo.java:updateAndGet(143)) - 47aecc56-7e95-480d-b89c-2c00d33b4782: start LeaderElection
2019-10-18 08:20:31,990 [47aecc56-7e95-480d-b89c-2c00d33b4782@group-5EC277DF3249-LeaderElection318] INFO  impl.LeaderElection (LeaderElection.java:askForVotes(178)) - 47aecc56-7e95-480d-b89c-2c00d33b4782@group-5EC277DF3249-LeaderElection318: begin an election at term 341 for -1: [47aecc56-7e95-480d-b89c-2c00d33b4782:192.168.69.67:34550, 1bc296c6-def6-4ae4-8c62-5b4c951a28f1:192.168.69.67:37222, bc0382cc-50e2-4d58-b2de-e8b6250f3520:192.168.69.67:37666], old=null
2019-10-18 08:20:31,992 [grpc-default-executor-3] INFO  impl.RaftServerImpl (RaftServerImpl.java:setRole(184)) - 1bc296c6-def6-4ae4-8c62-5b4c951a28f1@group-5EC277DF3249: changes role from  FOLLOWER to FOLLOWER at term 341 for recognizeCandidate:47aecc56-7e95-480d-b89c-2c00d33b4782
2019-10-18 08:20:31,992 [grpc-default-executor-9] INFO  impl.RaftServerImpl (RaftServerImpl.java:setRole(184)) - bc0382cc-50e2-4d58-b2de-e8b6250f3520@group-5EC277DF3249: changes role from  FOLLOWER to FOLLOWER at term 341 for recognizeCandidate:47aecc56-7e95-480d-b89c-2c00d33b4782
2019-10-18 08:20:31,992 [grpc-default-executor-3] INFO  impl.RoleInfo (RoleInfo.java:shutdownFollowerState(121)) - 1bc296c6-def6-4ae4-8c62-5b4c951a28f1: shutdown FollowerState
2019-10-18 08:20:31,992 [grpc-default-executor-9] INFO  impl.RoleInfo (RoleInfo.java:shutdownFollowerState(121)) - bc0382cc-50e2-4d58-b2de-e8b6250f3520: shutdown FollowerState
2019-10-18 08:20:31,992 [grpc-default-executor-3] INFO  impl.RoleInfo (RoleInfo.java:updateAndGet(143)) - 1bc296c6-def6-4ae4-8c62-5b4c951a28f1: start FollowerState
2019-10-18 08:20:31,992 [Thread-2754] INFO  impl.FollowerState (FollowerState.java:run(117)) - 1bc296c6-def6-4ae4-8c62-5b4c951a28f1@group-5EC277DF3249-FollowerState was interrupted: java.lang.InterruptedException: sleep interrupted
2019-10-18 08:20:31,992 [Thread-2755] INFO  impl.FollowerState (FollowerState.java:run(117)) - bc0382cc-50e2-4d58-b2de-e8b6250f3520@group-5EC277DF3249-FollowerState was interrupted: java.lang.InterruptedException: sleep interrupted
2019-10-18 08:20:31,992 [grpc-default-executor-9] INFO  impl.RoleInfo (RoleInfo.java:updateAndGet(143)) - bc0382cc-50e2-4d58-b2de-e8b6250f3520: start FollowerState
2019-10-18 08:20:32,007 [47aecc56-7e95-480d-b89c-2c00d33b4782@group-5EC277DF3249-LeaderElection318] INFO  impl.LeaderElection (LeaderElection.java:logAndReturn(56)) - 47aecc56-7e95-480d-b89c-2c00d33b4782@group-5EC277DF3249-LeaderElection318: Election REJECTED; received 2 response(s) [47aecc56-7e95-480d-b89c-2c00d33b4782<-1bc296c6-def6-4ae4-8c62-5b4c951a28f1#0:FAIL-t341, 47aecc56-7e95-480d-b89c-2c00d33b4782<-bc0382cc-50e2-4d58-b2de-e8b6250f3520#0:FAIL-t341] and 0 exception(s); 47aecc56-7e95-480d-b89c-2c00d33b4782@group-5EC277DF3249:t341, leader=null, voted=47aecc56-7e95-480d-b89c-2c00d33b4782, raftlog=47aecc56-7e95-480d-b89c-2c00d33b4782@group-5EC277DF3249-SegmentedRaftLog:OPENED:c-1,f-1,i0, conf=-1: [47aecc56-7e95-480d-b89c-2c00d33b4782:192.168.69.67:34550, 1bc296c6-def6-4ae4-8c62-5b4c951a28f1:192.168.69.67:37222, bc0382cc-50e2-4d58-b2de-e8b6250f3520:192.168.69.67:37666], old=null
2019-10-18 08:20:32,008 [47aecc56-7e95-480d-b89c-2c00d33b4782@group-5EC277DF3249-LeaderElection318] INFO  impl.RaftServerImpl (RaftServerImpl.java:setRole(184)) - 47aecc56-7e95-480d-b89c-2c00d33b4782@group-5EC277DF3249: changes role from CANDIDATE to FOLLOWER at term 341 for DISCOVERED_A_NEW_TERM
2019-10-18 08:20:32,008 [47aecc56-7e95-480d-b89c-2c00d33b4782@group-5EC277DF3249-LeaderElection318] INFO  impl.RoleInfo (RoleInfo.java:shutdownLeaderElection(134)) - 47aecc56-7e95-480d-b89c-2c00d33b4782: shutdown LeaderElection
2019-10-18 08:20:32,008 [47aecc56-7e95-480d-b89c-2c00d33b4782@group-5EC277DF3249-LeaderElection318] INFO  impl.RoleInfo (RoleInfo.java:updateAndGet(143)) - 47aecc56-7e95-480d-b89c-2c00d33b4782: start FollowerState
2019-10-18 08:20:32,172 [Thread-2762] INFO  impl.FollowerState (FollowerState.java:run(108)) - 47aecc56-7e95-480d-b89c-2c00d33b4782@group-5EC277DF3249-FollowerState: change to CANDIDATE, lastRpcTime:164ms, electionTimeout:164ms
2019-10-18 08:20:32,172 [Thread-2762] INFO  impl.RoleInfo (RoleInfo.java:shutdownFollowerState(121)) - 47aecc56-7e95-480d-b89c-2c00d33b4782: shutdown FollowerState
2019-10-18 08:20:32,173 [Thread-2762] INFO  impl.RaftServerImpl (RaftServerImpl.java:setRole(184)) - 47aecc56-7e95-480d-b89c-2c00d33b4782@group-5EC277DF3249: changes role from  FOLLOWER to CANDIDATE at term 341 for changeToCandidate
2019-10-18 08:20:32,185 [Thread-2762] INFO  impl.RoleInfo (RoleInfo.java:updateAndGet(143)) - 47aecc56-7e95-480d-b89c-2c00d33b4782: start LeaderElection
2019-10-18 08:20:32,199 [47aecc56-7e95-480d-b89c-2c00d33b4782@group-5EC277DF3249-LeaderElection319] INFO  impl.LeaderElection (LeaderElection.java:askForVotes(178)) - 47aecc56-7e95-480d-b89c-2c00d33b4782@group-5EC277DF3249-LeaderElection319: begin an election at term 342 for -1: [47aecc56-7e95-480d-b89c-2c00d33b4782:192.168.69.67:34550, 1bc296c6-def6-4ae4-8c62-5b4c951a28f1:192.168.69.67:37222, bc0382cc-50e2-4d58-b2de-e8b6250f3520:192.168.69.67:37666], old=null
2019-10-18 08:20:32,211 [grpc-default-executor-9] INFO  impl.RaftServerImpl (RaftServerImpl.java:setRole(184)) - 1bc296c6-def6-4ae4-8c62-5b4c951a28f1@group-5EC277DF3249: changes role from  FOLLOWER to FOLLOWER at term 342 for recognizeCandidate:47aecc56-7e95-480d-b89c-2c00d33b4782
2019-10-18 08:20:32,211 [grpc-default-executor-9] INFO  impl.RoleInfo (RoleInfo.java:shutdownFollowerState(121)) - 1bc296c6-def6-4ae4-8c62-5b4c951a28f1: shutdown FollowerState
2019-10-18 08:20:32,211 [grpc-default-executor-3] INFO  impl.RaftServerImpl (RaftServerImpl.java:setRole(184)) - bc0382cc-50e2-4d58-b2de-e8b6250f3520@group-5EC277DF3249: changes role from  FOLLOWER to FOLLOWER at term 342 for recognizeCandidate:47aecc56-7e95-480d-b89c-2c00d33b4782
2019-10-18 08:20:32,211 [grpc-default-executor-3] INFO  impl.RoleInfo (RoleInfo.java:shutdownFollowerState(121)) - bc0382cc-50e2-4d58-b2de-e8b6250f3520: shutdown FollowerState
2019-10-18 08:20:32,219 [grpc-default-executor-3] INFO  impl.RoleInfo (RoleInfo.java:updateAndGet(143)) - bc0382cc-50e2-4d58-b2de-e8b6250f3520: start FollowerState
2019-10-18 08:20:32,219 [Thread-2760] INFO  impl.FollowerState (FollowerState.java:run(117)) - 1bc296c6-def6-4ae4-8c62-5b4c951a28f1@group-5EC277DF3249-FollowerState was interrupted: java.lang.InterruptedException: sleep interrupted
2019-10-18 08:20:32,219 [grpc-default-executor-9] INFO  impl.RoleInfo (RoleInfo.java:updateAndGet(143)) - 1bc296c6-def6-4ae4-8c62-5b4c951a28f1: start FollowerState
2019-10-18 08:20:32,219 [Thread-2761] INFO  impl.FollowerState (FollowerState.java:run(117)) - bc0382cc-50e2-4d58-b2de-e8b6250f3520@group-5EC277DF3249-FollowerState was interrupted: java.lang.InterruptedException: sleep interrupted
2019-10-18 08:20:32,235 [47aecc56-7e95-480d-b89c-2c00d33b4782@group-5EC277DF3249-LeaderElection319] INFO  impl.LeaderElection (LeaderElection.java:logAndReturn(56)) - 47aecc56-7e95-480d-b89c-2c00d33b4782@group-5EC277DF3249-LeaderElection319: Election REJECTED; received 2 response(s) [47aecc56-7e95-480d-b89c-2c00d33b4782<-1bc296c6-def6-4ae4-8c62-5b4c951a28f1#0:FAIL-t342, 47aecc56-7e95-480d-b89c-2c00d33b4782<-bc0382cc-50e2-4d58-b2de-e8b6250f3520#0:FAIL-t342] and 0 exception(s); 47aecc56-7e95-480d-b89c-2c00d33b4782@group-5EC277DF3249:t342, leader=null, voted=47aecc56-7e95-480d-b89c-2c00d33b4782, raftlog=47aecc56-7e95-480d-b89c-2c00d33b4782@group-5EC277DF3249-SegmentedRaftLog:OPENED:c-1,f-1,i0, conf=-1: [47aecc56-7e95-480d-b89c-2c00d33b4782:192.168.69.67:34550, 1bc296c6-def6-4ae4-8c62-5b4c951a28f1:192.168.69.67:37222, bc0382cc-50e2-4d58-b2de-e8b6250f3520:192.168.69.67:37666], old=null
2019-10-18 08:20:32,235 [47aecc56-7e95-480d-b89c-2c00d33b4782@group-5EC277DF3249-LeaderElection319] INFO  impl.RaftServerImpl (RaftServerImpl.java:setRole(184)) - 47aecc56-7e95-480d-b89c-2c00d33b4782@group-5EC277DF3249: changes role from CANDIDATE to FOLLOWER at term 342 for DISCOVERED_A_NEW_TERM
2019-10-18 08:20:32,235 [47aecc56-7e95-480d-b89c-2c00d33b4782@group-5EC277DF3249-LeaderElection319] INFO  impl.RoleInfo (RoleInfo.java:shutdownLeaderElection(134)) - 47aecc56-7e95-480d-b89c-2c00d33b4782: shutdown LeaderElection
2019-10-18 08:20:32,235 [47aecc56-7e95-480d-b89c-2c00d33b4782@group-5EC277DF3249-LeaderElection319] INFO  impl.RoleInfo (RoleInfo.java:updateAndGet(143)) - 47aecc56-7e95-480d-b89c-2c00d33b4782: start FollowerState
2019-10-18 08:20:32,249 [Thread-2768] INFO  impl.FollowerState (FollowerState.java:run(108)) - 47aecc56-7e95-480d-b89c-2c00d33b4782@group-5EC277DF3249-FollowerState: change to CANDIDATE, lastRpcTime:13ms, electionTimeout:13ms
2019-10-18 08:20:32,249 [Thread-2768] INFO  impl.RoleInfo (RoleInfo.java:shutdownFollowerState(121)) - 47aecc56-7e95-480d-b89c-2c00d33b4782: shutdown FollowerState
2019-10-18 08:20:32,249 [Thread-2768] INFO  impl.RaftServerImpl (RaftServerImpl.java:setRole(184)) - 47aecc56-7e95-480d-b89c-2c00d33b4782@group-5EC277DF3249: changes role from  FOLLOWER to CANDIDATE at term 342 for changeToCandidate
2019-10-18 08:20:32,249 [Thread-2768] INFO  impl.RoleInfo (RoleInfo.java:updateAndGet(143)) - 47aecc56-7e95-480d-b89c-2c00d33b4782: start LeaderElection
 100.00% |?????????????????????????????????????????????????????????????????????????????????????????????????????|  1/1 Time: 0:00:05
]]></system-out>
  </testcase>
</testsuite>