<?xml version="1.0" encoding="UTF-8"?>
<testsuite xmlns:xsi="http://www.w3.org/2001/XMLSchema-instance" xsi:noNamespaceSchemaLocation="https://maven.apache.org/surefire/maven-surefire-plugin/xsd/surefire-test-report.xsd" name="org.apache.hadoop.ozone.freon.TestFreonWithPipelineDestroy" time="41.234" tests="1" errors="1" skipped="0" failures="0">
  <properties>
    <property name="awt.toolkit" value="sun.awt.X11.XToolkit"/>
    <property name="file.encoding.pkg" value="sun.io"/>
    <property name="java.specification.version" value="1.8"/>
    <property name="sun.cpu.isalist" value=""/>
    <property name="sun.jnu.encoding" value="ANSI_X3.4-1968"/>
    <property name="java.class.path" value="/workdir/hadoop-ozone/tools/target/test-classes:/workdir/hadoop-ozone/tools/target/classes:/home/user/.m2/repository/org/apache/hadoop/hadoop-ozone-ozone-manager/0.5.0-SNAPSHOT/hadoop-ozone-ozone-manager-0.5.0-SNAPSHOT.jar:/home/user/.m2/repository/org/apache/hadoop/hadoop-hdds-docs/0.5.0-SNAPSHOT/hadoop-hdds-docs-0.5.0-SNAPSHOT.jar:/home/user/.m2/repository/org/bouncycastle/bcprov-jdk15on/1.60/bcprov-jdk15on-1.60.jar:/home/user/.m2/repository/org/apache/hadoop/hadoop-ozone-common/0.5.0-SNAPSHOT/hadoop-ozone-common-0.5.0-SNAPSHOT.jar:/home/user/.m2/repository/org/apache/commons/commons-compress/1.4.1/commons-compress-1.4.1.jar:/home/user/.m2/repository/org/tukaani/xz/1.0/xz-1.0.jar:/home/user/.m2/repository/org/apache/hadoop/hadoop-hdfs-client/3.2.0/hadoop-hdfs-client-3.2.0.jar:/home/user/.m2/repository/com/fasterxml/jackson/core/jackson-annotations/2.9.9/jackson-annotations-2.9.9.jar:/home/user/.m2/repository/org/apache/hadoop/hadoop-hdds-common/0.5.0-SNAPSHOT/hadoop-hdds-common-0.5.0-SNAPSHOT.jar:/home/user/.m2/repository/org/apache/hadoop/hadoop-hdds-config/0.5.0-SNAPSHOT/hadoop-hdds-config-0.5.0-SNAPSHOT.jar:/home/user/.m2/repository/javax/annotation/javax.annotation-api/1.2/javax.annotation-api-1.2.jar:/home/user/.m2/repository/org/apache/ratis/ratis-server/0.5.0-3f446aa-SNAPSHOT/ratis-server-0.5.0-3f446aa-SNAPSHOT.jar:/home/user/.m2/repository/org/apache/ratis/ratis-thirdparty-misc/0.2.0/ratis-thirdparty-misc-0.2.0.jar:/home/user/.m2/repository/org/apache/ratis/ratis-proto/0.5.0-3f446aa-SNAPSHOT/ratis-proto-0.5.0-3f446aa-SNAPSHOT.jar:/home/user/.m2/repository/org/apache/ratis/ratis-common/0.5.0-3f446aa-SNAPSHOT/ratis-common-0.5.0-3f446aa-SNAPSHOT.jar:/home/user/.m2/repository/org/apache/ratis/ratis-client/0.5.0-3f446aa-SNAPSHOT/ratis-client-0.5.0-3f446aa-SNAPSHOT.jar:/home/user/.m2/repository/org/apache/ratis/ratis-metrics/0.5.0-3f446aa-SNAPSHOT/ratis-metrics-0.5.0-3f446aa-SNAPSHOT.jar:/home/user/.m2/repository/com/github/joshelser/dropwizard-metrics-hadoop-metrics2-reporter/0.1.2/dropwizard-metrics-hadoop-metrics2-reporter-0.1.2.jar:/home/user/.m2/repository/io/dropwizard/metrics/metrics-jvm/3.2.5/metrics-jvm-3.2.5.jar:/home/user/.m2/repository/io/dropwizard/metrics/metrics-ganglia/3.2.5/metrics-ganglia-3.2.5.jar:/home/user/.m2/repository/info/ganglia/gmetric4j/gmetric4j/1.0.7/gmetric4j-1.0.7.jar:/home/user/.m2/repository/org/apache/ratis/ratis-netty/0.5.0-3f446aa-SNAPSHOT/ratis-netty-0.5.0-3f446aa-SNAPSHOT.jar:/home/user/.m2/repository/org/apache/ratis/ratis-grpc/0.5.0-3f446aa-SNAPSHOT/ratis-grpc-0.5.0-3f446aa-SNAPSHOT.jar:/home/user/.m2/repository/org/rocksdb/rocksdbjni/6.0.1/rocksdbjni-6.0.1.jar:/home/user/.m2/repository/org/apache/logging/log4j/log4j-api/2.11.0/log4j-api-2.11.0.jar:/home/user/.m2/repository/org/apache/logging/log4j/log4j-core/2.11.0/log4j-core-2.11.0.jar:/home/user/.m2/repository/com/lmax/disruptor/3.4.2/disruptor-3.4.2.jar:/home/user/.m2/repository/org/apache/commons/commons-pool2/2.6.0/commons-pool2-2.6.0.jar:/home/user/.m2/repository/org/bouncycastle/bcpkix-jdk15on/1.60/bcpkix-jdk15on-1.60.jar:/home/user/.m2/repository/commons-validator/commons-validator/1.6/commons-validator-1.6.jar:/home/user/.m2/repository/commons-digester/commons-digester/1.8.1/commons-digester-1.8.1.jar:/home/user/.m2/repository/io/jaegertracing/jaeger-client/0.34.0/jaeger-client-0.34.0.jar:/home/user/.m2/repository/io/jaegertracing/jaeger-thrift/0.34.0/jaeger-thrift-0.34.0.jar:/home/user/.m2/repository/org/apache/thrift/libthrift/0.12.0/libthrift-0.12.0.jar:/home/user/.m2/repository/com/squareup/okhttp3/okhttp/3.9.0/okhttp-3.9.0.jar:/home/user/.m2/repository/com/squareup/okio/okio/1.13.0/okio-1.13.0.jar:/home/user/.m2/repository/io/jaegertracing/jaeger-core/0.34.0/jaeger-core-0.34.0.jar:/home/user/.m2/repository/io/jaegertracing/jaeger-tracerresolver/0.34.0/jaeger-tracerresolver-0.34.0.jar:/home/user/.m2/repository/io/opentracing/contrib/opentracing-tracerresolver/0.1.5/opentracing-tracerresolver-0.1.5.jar:/home/user/.m2/repository/io/opentracing/opentracing-util/0.31.0/opentracing-util-0.31.0.jar:/home/user/.m2/repository/io/opentracing/opentracing-api/0.31.0/opentracing-api-0.31.0.jar:/home/user/.m2/repository/io/opentracing/opentracing-noop/0.31.0/opentracing-noop-0.31.0.jar:/home/user/.m2/repository/org/yaml/snakeyaml/1.16/snakeyaml-1.16.jar:/home/user/.m2/repository/org/apache/hadoop/hadoop-hdds-container-service/0.5.0-SNAPSHOT/hadoop-hdds-container-service-0.5.0-SNAPSHOT.jar:/home/user/.m2/repository/org/apache/hadoop/hadoop-hdds-client/0.5.0-SNAPSHOT/hadoop-hdds-client-0.5.0-SNAPSHOT.jar:/home/user/.m2/repository/org/apache/hadoop/hadoop-hdds-tools/0.5.0-SNAPSHOT/hadoop-hdds-tools-0.5.0-SNAPSHOT.jar:/home/user/.m2/repository/org/xerial/sqlite-jdbc/3.25.2/sqlite-jdbc-3.25.2.jar:/home/user/.m2/repository/org/apache/hadoop/hadoop-hdds-server-scm/0.5.0-SNAPSHOT/hadoop-hdds-server-scm-0.5.0-SNAPSHOT.jar:/home/user/.m2/repository/org/hamcrest/hamcrest-all/1.3/hamcrest-all-1.3.jar:/home/user/.m2/repository/info/picocli/picocli/3.9.6/picocli-3.9.6.jar:/home/user/.m2/repository/com/google/protobuf/protobuf-java/2.5.0/protobuf-java-2.5.0.jar:/home/user/.m2/repository/com/google/guava/guava/11.0.2/guava-11.0.2.jar:/home/user/.m2/repository/org/apache/hadoop/hadoop-ozone-client/0.5.0-SNAPSHOT/hadoop-ozone-client-0.5.0-SNAPSHOT.jar:/workdir/hadoop-ozone/ozonefs/target/classes:/home/user/.m2/repository/org/apache/httpcomponents/httpclient/4.5.2/httpclient-4.5.2.jar:/home/user/.m2/repository/org/apache/httpcomponents/httpcore/4.4.4/httpcore-4.4.4.jar:/home/user/.m2/repository/org/apache/hadoop/hadoop-hdds-server-framework/0.5.0-SNAPSHOT/hadoop-hdds-server-framework-0.5.0-SNAPSHOT.jar:/home/user/.m2/repository/org/apache/hadoop/hadoop-common/3.2.0/hadoop-common-3.2.0.jar:/home/user/.m2/repository/org/apache/hadoop/hadoop-annotations/3.2.0/hadoop-annotations-3.2.0.jar:/usr/lib/jvm/java-1.8.0-openjdk-1.8.0.222.b10-1.el7_7.x86_64/jre/../lib/tools.jar:/home/user/.m2/repository/commons-cli/commons-cli/1.2/commons-cli-1.2.jar:/home/user/.m2/repository/org/apache/commons/commons-math3/3.1.1/commons-math3-3.1.1.jar:/home/user/.m2/repository/commons-codec/commons-codec/1.11/commons-codec-1.11.jar:/home/user/.m2/repository/commons-io/commons-io/2.5/commons-io-2.5.jar:/home/user/.m2/repository/commons-net/commons-net/3.6/commons-net-3.6.jar:/home/user/.m2/repository/commons-collections/commons-collections/3.2.2/commons-collections-3.2.2.jar:/home/user/.m2/repository/javax/servlet/javax.servlet-api/3.1.0/javax.servlet-api-3.1.0.jar:/home/user/.m2/repository/org/eclipse/jetty/jetty-server/9.3.25.v20180904/jetty-server-9.3.25.v20180904.jar:/home/user/.m2/repository/org/eclipse/jetty/jetty-http/9.3.25.v20180904/jetty-http-9.3.25.v20180904.jar:/home/user/.m2/repository/org/eclipse/jetty/jetty-io/9.3.25.v20180904/jetty-io-9.3.25.v20180904.jar:/home/user/.m2/repository/org/eclipse/jetty/jetty-util/9.3.25.v20180904/jetty-util-9.3.25.v20180904.jar:/home/user/.m2/repository/org/eclipse/jetty/jetty-servlet/9.3.25.v20180904/jetty-servlet-9.3.25.v20180904.jar:/home/user/.m2/repository/org/eclipse/jetty/jetty-security/9.3.25.v20180904/jetty-security-9.3.25.v20180904.jar:/home/user/.m2/repository/org/eclipse/jetty/jetty-webapp/9.3.25.v20180904/jetty-webapp-9.3.25.v20180904.jar:/home/user/.m2/repository/org/eclipse/jetty/jetty-xml/9.3.25.v20180904/jetty-xml-9.3.25.v20180904.jar:/home/user/.m2/repository/javax/servlet/jsp/jsp-api/2.1/jsp-api-2.1.jar:/home/user/.m2/repository/com/sun/jersey/jersey-core/1.19/jersey-core-1.19.jar:/home/user/.m2/repository/javax/ws/rs/jsr311-api/1.1.1/jsr311-api-1.1.1.jar:/home/user/.m2/repository/com/sun/jersey/jersey-servlet/1.19/jersey-servlet-1.19.jar:/home/user/.m2/repository/com/sun/jersey/jersey-json/1.19/jersey-json-1.19.jar:/home/user/.m2/repository/org/codehaus/jettison/jettison/1.1/jettison-1.1.jar:/home/user/.m2/repository/com/sun/xml/bind/jaxb-impl/2.3.0.1/jaxb-impl-2.3.0.1.jar:/home/user/.m2/repository/org/codehaus/jackson/jackson-core-asl/1.9.13/jackson-core-asl-1.9.13.jar:/home/user/.m2/repository/org/codehaus/jackson/jackson-mapper-asl/1.9.13/jackson-mapper-asl-1.9.13.jar:/home/user/.m2/repository/org/codehaus/jackson/jackson-jaxrs/1.9.13/jackson-jaxrs-1.9.13.jar:/home/user/.m2/repository/org/codehaus/jackson/jackson-xc/1.9.13/jackson-xc-1.9.13.jar:/home/user/.m2/repository/com/sun/jersey/jersey-server/1.19/jersey-server-1.19.jar:/home/user/.m2/repository/commons-logging/commons-logging/1.1.3/commons-logging-1.1.3.jar:/home/user/.m2/repository/log4j/log4j/1.2.17/log4j-1.2.17.jar:/home/user/.m2/repository/commons-beanutils/commons-beanutils/1.9.4/commons-beanutils-1.9.4.jar:/home/user/.m2/repository/org/apache/commons/commons-configuration2/2.1.1/commons-configuration2-2.1.1.jar:/home/user/.m2/repository/org/apache/commons/commons-lang3/3.7/commons-lang3-3.7.jar:/home/user/.m2/repository/org/apache/commons/commons-text/1.4/commons-text-1.4.jar:/home/user/.m2/repository/org/slf4j/slf4j-api/1.7.25/slf4j-api-1.7.25.jar:/home/user/.m2/repository/org/slf4j/slf4j-log4j12/1.7.25/slf4j-log4j12-1.7.25.jar:/home/user/.m2/repository/org/apache/avro/avro/1.7.7/avro-1.7.7.jar:/home/user/.m2/repository/com/thoughtworks/paranamer/paranamer/2.3/paranamer-2.3.jar:/home/user/.m2/repository/org/xerial/snappy/snappy-java/1.0.5/snappy-java-1.0.5.jar:/home/user/.m2/repository/com/google/re2j/re2j/1.1/re2j-1.1.jar:/home/user/.m2/repository/com/google/code/gson/gson/2.2.4/gson-2.2.4.jar:/home/user/.m2/repository/org/apache/hadoop/hadoop-auth/3.2.0/hadoop-auth-3.2.0.jar:/home/user/.m2/repository/com/nimbusds/nimbus-jose-jwt/4.41.1/nimbus-jose-jwt-4.41.1.jar:/home/user/.m2/repository/com/github/stephenc/jcip/jcip-annotations/1.0-1/jcip-annotations-1.0-1.jar:/home/user/.m2/repository/net/minidev/json-smart/2.3/json-smart-2.3.jar:/home/user/.m2/repository/net/minidev/accessors-smart/1.2/accessors-smart-1.2.jar:/home/user/.m2/repository/org/apache/curator/curator-framework/2.12.0/curator-framework-2.12.0.jar:/home/user/.m2/repository/com/jcraft/jsch/0.1.54/jsch-0.1.54.jar:/home/user/.m2/repository/org/apache/curator/curator-client/2.12.0/curator-client-2.12.0.jar:/home/user/.m2/repository/org/apache/curator/curator-recipes/2.12.0/curator-recipes-2.12.0.jar:/home/user/.m2/repository/com/google/code/findbugs/jsr305/3.0.0/jsr305-3.0.0.jar:/home/user/.m2/repository/org/apache/htrace/htrace-core4/4.1.0-incubating/htrace-core4-4.1.0-incubating.jar:/home/user/.m2/repository/org/apache/zookeeper/zookeeper/3.4.13/zookeeper-3.4.13.jar:/home/user/.m2/repository/jline/jline/0.9.94/jline-0.9.94.jar:/home/user/.m2/repository/org/apache/yetus/audience-annotations/0.5.0/audience-annotations-0.5.0.jar:/home/user/.m2/repository/org/apache/kerby/kerb-simplekdc/1.0.1/kerb-simplekdc-1.0.1.jar:/home/user/.m2/repository/org/apache/kerby/kerb-client/1.0.1/kerb-client-1.0.1.jar:/home/user/.m2/repository/org/apache/kerby/kerby-config/1.0.1/kerby-config-1.0.1.jar:/home/user/.m2/repository/org/apache/kerby/kerb-core/1.0.1/kerb-core-1.0.1.jar:/home/user/.m2/repository/org/apache/kerby/kerby-pkix/1.0.1/kerby-pkix-1.0.1.jar:/home/user/.m2/repository/org/apache/kerby/kerby-asn1/1.0.1/kerby-asn1-1.0.1.jar:/home/user/.m2/repository/org/apache/kerby/kerby-util/1.0.1/kerby-util-1.0.1.jar:/home/user/.m2/repository/org/apache/kerby/kerb-common/1.0.1/kerb-common-1.0.1.jar:/home/user/.m2/repository/org/apache/kerby/kerb-crypto/1.0.1/kerb-crypto-1.0.1.jar:/home/user/.m2/repository/org/apache/kerby/kerb-util/1.0.1/kerb-util-1.0.1.jar:/home/user/.m2/repository/org/apache/kerby/token-provider/1.0.1/token-provider-1.0.1.jar:/home/user/.m2/repository/org/apache/kerby/kerb-admin/1.0.1/kerb-admin-1.0.1.jar:/home/user/.m2/repository/org/apache/kerby/kerb-server/1.0.1/kerb-server-1.0.1.jar:/home/user/.m2/repository/org/apache/kerby/kerb-identity/1.0.1/kerb-identity-1.0.1.jar:/home/user/.m2/repository/org/apache/kerby/kerby-xdr/1.0.1/kerby-xdr-1.0.1.jar:/home/user/.m2/repository/com/fasterxml/jackson/core/jackson-databind/2.9.9/jackson-databind-2.9.9.jar:/home/user/.m2/repository/com/fasterxml/jackson/core/jackson-core/2.9.9/jackson-core-2.9.9.jar:/home/user/.m2/repository/org/codehaus/woodstox/stax2-api/3.1.4/stax2-api-3.1.4.jar:/home/user/.m2/repository/com/fasterxml/woodstox/woodstox-core/5.0.3/woodstox-core-5.0.3.jar:/home/user/.m2/repository/dnsjava/dnsjava/2.1.7/dnsjava-2.1.7.jar:/home/user/.m2/repository/org/apache/hadoop/hadoop-hdfs/3.2.0/hadoop-hdfs-3.2.0.jar:/home/user/.m2/repository/org/eclipse/jetty/jetty-util-ajax/9.3.25.v20180904/jetty-util-ajax-9.3.25.v20180904.jar:/home/user/.m2/repository/commons-daemon/commons-daemon/1.0.13/commons-daemon-1.0.13.jar:/home/user/.m2/repository/io/netty/netty/3.10.5.Final/netty-3.10.5.Final.jar:/home/user/.m2/repository/io/netty/netty-all/4.0.52.Final/netty-all-4.0.52.Final.jar:/home/user/.m2/repository/org/fusesource/leveldbjni/leveldbjni-all/1.8/leveldbjni-all-1.8.jar:/home/user/.m2/repository/com/sun/xml/bind/jaxb-core/2.3.0.1/jaxb-core-2.3.0.1.jar:/home/user/.m2/repository/javax/xml/bind/jaxb-api/2.3.0/jaxb-api-2.3.0.jar:/home/user/.m2/repository/javax/activation/activation/1.1.1/activation-1.1.1.jar:/home/user/.m2/repository/org/openjdk/jmh/jmh-core/1.19/jmh-core-1.19.jar:/home/user/.m2/repository/net/sf/jopt-simple/jopt-simple/4.6/jopt-simple-4.6.jar:/home/user/.m2/repository/org/openjdk/jmh/jmh-generator-annprocess/1.19/jmh-generator-annprocess-1.19.jar:/home/user/.m2/repository/io/dropwizard/metrics/metrics-core/3.2.4/metrics-core-3.2.4.jar:/home/user/.m2/repository/com/amazonaws/aws-java-sdk-s3/1.11.615/aws-java-sdk-s3-1.11.615.jar:/home/user/.m2/repository/com/amazonaws/aws-java-sdk-kms/1.11.615/aws-java-sdk-kms-1.11.615.jar:/home/user/.m2/repository/com/amazonaws/aws-java-sdk-core/1.11.615/aws-java-sdk-core-1.11.615.jar:/home/user/.m2/repository/software/amazon/ion/ion-java/1.0.2/ion-java-1.0.2.jar:/home/user/.m2/repository/com/fasterxml/jackson/dataformat/jackson-dataformat-cbor/2.9.9/jackson-dataformat-cbor-2.9.9.jar:/home/user/.m2/repository/joda-time/joda-time/2.9.9/joda-time-2.9.9.jar:/home/user/.m2/repository/com/amazonaws/jmespath-java/1.11.615/jmespath-java-1.11.615.jar:/home/user/.m2/repository/com/github/spotbugs/spotbugs/3.1.12/spotbugs-3.1.12.jar:/home/user/.m2/repository/org/ow2/asm/asm/5.0.4/asm-5.0.4.jar:/home/user/.m2/repository/org/ow2/asm/asm-analysis/7.0/asm-analysis-7.0.jar:/home/user/.m2/repository/org/ow2/asm/asm-commons/7.0/asm-commons-7.0.jar:/home/user/.m2/repository/org/ow2/asm/asm-tree/7.0/asm-tree-7.0.jar:/home/user/.m2/repository/org/ow2/asm/asm-util/7.0/asm-util-7.0.jar:/home/user/.m2/repository/org/apache/bcel/bcel/6.3/bcel-6.3.jar:/home/user/.m2/repository/net/jcip/jcip-annotations/1.0/jcip-annotations-1.0.jar:/home/user/.m2/repository/org/dom4j/dom4j/2.1.1/dom4j-2.1.1.jar:/home/user/.m2/repository/jaxen/jaxen/1.1.6/jaxen-1.1.6.jar:/home/user/.m2/repository/commons-lang/commons-lang/2.6/commons-lang-2.6.jar:/home/user/.m2/repository/com/github/spotbugs/spotbugs-annotations/3.1.12/spotbugs-annotations-3.1.12.jar:/home/user/.m2/repository/junit/junit/4.11/junit-4.11.jar:/home/user/.m2/repository/org/hamcrest/hamcrest-core/1.3/hamcrest-core-1.3.jar:/home/user/.m2/repository/org/apache/hadoop/hadoop-common/3.2.0/hadoop-common-3.2.0-tests.jar:/workdir/hadoop-ozone/integration-test/target/test-classes:/home/user/.m2/repository/org/apache/hadoop/hadoop-ozone-s3gateway/0.5.0-SNAPSHOT/hadoop-ozone-s3gateway-0.5.0-SNAPSHOT.jar:/home/user/.m2/repository/org/jboss/weld/servlet/weld-servlet/2.4.7.Final/weld-servlet-2.4.7.Final.jar:/home/user/.m2/repository/org/glassfish/jersey/containers/jersey-container-servlet-core/2.27/jersey-container-servlet-core-2.27.jar:/home/user/.m2/repository/org/glassfish/hk2/external/javax.inject/2.5.0-b42/javax.inject-2.5.0-b42.jar:/home/user/.m2/repository/org/glassfish/jersey/core/jersey-common/2.27/jersey-common-2.27.jar:/home/user/.m2/repository/org/glassfish/hk2/osgi-resource-locator/1.0.1/osgi-resource-locator-1.0.1.jar:/home/user/.m2/repository/javax/ws/rs/javax.ws.rs-api/2.1/javax.ws.rs-api-2.1.jar:/home/user/.m2/repository/org/glassfish/jersey/ext/cdi/jersey-cdi1x/2.27/jersey-cdi1x-2.27.jar:/home/user/.m2/repository/org/glassfish/jersey/inject/jersey-hk2/2.27/jersey-hk2-2.27.jar:/home/user/.m2/repository/org/glassfish/hk2/hk2-locator/2.5.0-b42/hk2-locator-2.5.0-b42.jar:/home/user/.m2/repository/org/javassist/javassist/3.22.0-CR2/javassist-3.22.0-CR2.jar:/home/user/.m2/repository/org/glassfish/hk2/hk2-api/2.5.0/hk2-api-2.5.0.jar:/home/user/.m2/repository/org/glassfish/hk2/external/jakarta.inject/2.5.0/jakarta.inject-2.5.0.jar:/home/user/.m2/repository/org/glassfish/hk2/hk2-utils/2.5.0/hk2-utils-2.5.0.jar:/home/user/.m2/repository/jakarta/annotation/jakarta.annotation-api/1.3.4/jakarta.annotation-api-1.3.4.jar:/home/user/.m2/repository/org/glassfish/hk2/external/aopalliance-repackaged/2.5.0/aopalliance-repackaged-2.5.0.jar:/home/user/.m2/repository/com/fasterxml/jackson/dataformat/jackson-dataformat-xml/2.9.0/jackson-dataformat-xml-2.9.0.jar:/home/user/.m2/repository/com/fasterxml/jackson/module/jackson-module-jaxb-annotations/2.9.9/jackson-module-jaxb-annotations-2.9.9.jar:/home/user/.m2/repository/javax/enterprise/cdi-api/1.2/cdi-api-1.2.jar:/home/user/.m2/repository/javax/el/javax.el-api/3.0.0/javax.el-api-3.0.0.jar:/home/user/.m2/repository/javax/interceptor/javax.interceptor-api/1.2/javax.interceptor-api-1.2.jar:/home/user/.m2/repository/javax/inject/javax.inject/1/javax.inject-1.jar:/home/user/.m2/repository/org/apache/hadoop/hadoop-ozone-csi/0.5.0-SNAPSHOT/hadoop-ozone-csi-0.5.0-SNAPSHOT.jar:/home/user/.m2/repository/com/google/protobuf/protobuf-java-util/3.5.1/protobuf-java-util-3.5.1.jar:/home/user/.m2/repository/io/grpc/grpc-netty/1.17.1/grpc-netty-1.17.1.jar:/home/user/.m2/repository/io/grpc/grpc-core/1.17.1/grpc-core-1.17.1.jar:/home/user/.m2/repository/io/grpc/grpc-context/1.17.1/grpc-context-1.17.1.jar:/home/user/.m2/repository/com/google/errorprone/error_prone_annotations/2.2.0/error_prone_annotations-2.2.0.jar:/home/user/.m2/repository/org/codehaus/mojo/animal-sniffer-annotations/1.17/animal-sniffer-annotations-1.17.jar:/home/user/.m2/repository/io/opencensus/opencensus-api/0.17.0/opencensus-api-0.17.0.jar:/home/user/.m2/repository/io/opencensus/opencensus-contrib-grpc-metrics/0.17.0/opencensus-contrib-grpc-metrics-0.17.0.jar:/home/user/.m2/repository/io/netty/netty-codec-http2/4.1.30.Final/netty-codec-http2-4.1.30.Final.jar:/home/user/.m2/repository/io/netty/netty-codec-http/4.1.30.Final/netty-codec-http-4.1.30.Final.jar:/home/user/.m2/repository/io/netty/netty-codec/4.1.30.Final/netty-codec-4.1.30.Final.jar:/home/user/.m2/repository/io/netty/netty-handler/4.1.30.Final/netty-handler-4.1.30.Final.jar:/home/user/.m2/repository/io/netty/netty-handler-proxy/4.1.30.Final/netty-handler-proxy-4.1.30.Final.jar:/home/user/.m2/repository/io/netty/netty-codec-socks/4.1.30.Final/netty-codec-socks-4.1.30.Final.jar:/home/user/.m2/repository/io/netty/netty-transport-native-epoll/4.1.30.Final/netty-transport-native-epoll-4.1.30.Final.jar:/home/user/.m2/repository/io/netty/netty-common/4.1.30.Final/netty-common-4.1.30.Final.jar:/home/user/.m2/repository/io/netty/netty-buffer/4.1.30.Final/netty-buffer-4.1.30.Final.jar:/home/user/.m2/repository/io/netty/netty-transport/4.1.30.Final/netty-transport-4.1.30.Final.jar:/home/user/.m2/repository/io/netty/netty-resolver/4.1.30.Final/netty-resolver-4.1.30.Final.jar:/home/user/.m2/repository/io/netty/netty-transport-native-unix-common/4.1.30.Final/netty-transport-native-unix-common-4.1.30.Final.jar:/home/user/.m2/repository/io/grpc/grpc-protobuf/1.17.1/grpc-protobuf-1.17.1.jar:/home/user/.m2/repository/com/google/api/grpc/proto-google-common-protos/1.0.0/proto-google-common-protos-1.0.0.jar:/home/user/.m2/repository/io/grpc/grpc-protobuf-lite/1.17.1/grpc-protobuf-lite-1.17.1.jar:/home/user/.m2/repository/io/grpc/grpc-stub/1.17.1/grpc-stub-1.17.1.jar:/home/user/.m2/repository/org/apache/hadoop/hadoop-ozone-recon/0.5.0-SNAPSHOT/hadoop-ozone-recon-0.5.0-SNAPSHOT.jar:/home/user/.m2/repository/org/apache/hadoop/hadoop-ozone-reconcodegen/0.5.0-SNAPSHOT/hadoop-ozone-reconcodegen-0.5.0-SNAPSHOT.jar:/home/user/.m2/repository/com/google/inject/extensions/guice-multibindings/4.0/guice-multibindings-4.0.jar:/home/user/.m2/repository/com/google/inject/guice/4.0/guice-4.0.jar:/home/user/.m2/repository/aopalliance/aopalliance/1.0/aopalliance-1.0.jar:/home/user/.m2/repository/com/google/inject/extensions/guice-servlet/4.0/guice-servlet-4.0.jar:/home/user/.m2/repository/org/glassfish/jersey/containers/jersey-container-servlet/2.27/jersey-container-servlet-2.27.jar:/home/user/.m2/repository/org/glassfish/hk2/guice-bridge/2.5.0/guice-bridge-2.5.0.jar:/home/user/.m2/repository/org/glassfish/jersey/core/jersey-server/2.27/jersey-server-2.27.jar:/home/user/.m2/repository/org/glassfish/jersey/core/jersey-client/2.27/jersey-client-2.27.jar:/home/user/.m2/repository/org/glassfish/jersey/media/jersey-media-jaxb/2.27/jersey-media-jaxb-2.27.jar:/home/user/.m2/repository/javax/validation/validation-api/1.1.0.Final/validation-api-1.1.0.Final.jar:/home/user/.m2/repository/org/glassfish/jersey/media/jersey-media-json-jackson/2.27/jersey-media-json-jackson-2.27.jar:/home/user/.m2/repository/org/glassfish/jersey/ext/jersey-entity-filtering/2.27/jersey-entity-filtering-2.27.jar:/home/user/.m2/repository/com/google/inject/extensions/guice-assistedinject/4.0/guice-assistedinject-4.0.jar:/home/user/.m2/repository/org/jooq/jooq/3.11.10/jooq-3.11.10.jar:/home/user/.m2/repository/org/jooq/jooq-meta/3.11.10/jooq-meta-3.11.10.jar:/home/user/.m2/repository/org/jooq/jooq-codegen/3.11.10/jooq-codegen-3.11.10.jar:/home/user/.m2/repository/com/jolbox/bonecp/0.8.0.RELEASE/bonecp-0.8.0.RELEASE.jar:/home/user/.m2/repository/org/springframework/spring-jdbc/5.1.3.RELEASE/spring-jdbc-5.1.3.RELEASE.jar:/home/user/.m2/repository/org/springframework/spring-beans/5.1.3.RELEASE/spring-beans-5.1.3.RELEASE.jar:/home/user/.m2/repository/org/springframework/spring-core/5.1.3.RELEASE/spring-core-5.1.3.RELEASE.jar:/home/user/.m2/repository/org/springframework/spring-jcl/5.1.3.RELEASE/spring-jcl-5.1.3.RELEASE.jar:/home/user/.m2/repository/org/springframework/spring-tx/5.1.3.RELEASE/spring-tx-5.1.3.RELEASE.jar:/home/user/.m2/repository/org/mockito/mockito-core/2.15.0/mockito-core-2.15.0.jar:/home/user/.m2/repository/net/bytebuddy/byte-buddy/1.7.9/byte-buddy-1.7.9.jar:/home/user/.m2/repository/net/bytebuddy/byte-buddy-agent/1.7.9/byte-buddy-agent-1.7.9.jar:/home/user/.m2/repository/org/objenesis/objenesis/1.0/objenesis-1.0.jar:"/>
    <property name="java.vm.vendor" value="Oracle Corporation"/>
    <property name="sun.arch.data.model" value="64"/>
    <property name="test.build.dir" value="/workdir/hadoop-ozone/tools/target/test-dir"/>
    <property name="test.cache.data" value=""/>
    <property name="java.vendor.url" value="http://java.oracle.com/"/>
    <property name="user.timezone" value=""/>
    <property name="java.vm.specification.version" value="1.8"/>
    <property name="os.name" value="Linux"/>
    <property name="test.build.data" value="/workdir/hadoop-ozone/tools/target/test-dir"/>
    <property name="user.country" value="US"/>
    <property name="sun.java.launcher" value="SUN_STANDARD"/>
    <property name="sun.boot.library.path" value="/usr/lib/jvm/java-1.8.0-openjdk-1.8.0.222.b10-1.el7_7.x86_64/jre/lib/amd64"/>
    <property name="sun.java.command" value="/workdir/hadoop-ozone/tools/target/surefire/surefirebooter5458446160175351172.jar /workdir/hadoop-ozone/tools/target/surefire 2019-10-18T06-32-41_699-jvmRun1 surefire1115232601092996157tmp surefire_1045710573325913449961tmp"/>
    <property name="surefire.test.class.path" value="/workdir/hadoop-ozone/tools/target/test-classes:/workdir/hadoop-ozone/tools/target/classes:/home/user/.m2/repository/org/apache/hadoop/hadoop-ozone-ozone-manager/0.5.0-SNAPSHOT/hadoop-ozone-ozone-manager-0.5.0-SNAPSHOT.jar:/home/user/.m2/repository/org/apache/hadoop/hadoop-hdds-docs/0.5.0-SNAPSHOT/hadoop-hdds-docs-0.5.0-SNAPSHOT.jar:/home/user/.m2/repository/org/bouncycastle/bcprov-jdk15on/1.60/bcprov-jdk15on-1.60.jar:/home/user/.m2/repository/org/apache/hadoop/hadoop-ozone-common/0.5.0-SNAPSHOT/hadoop-ozone-common-0.5.0-SNAPSHOT.jar:/home/user/.m2/repository/org/apache/commons/commons-compress/1.4.1/commons-compress-1.4.1.jar:/home/user/.m2/repository/org/tukaani/xz/1.0/xz-1.0.jar:/home/user/.m2/repository/org/apache/hadoop/hadoop-hdfs-client/3.2.0/hadoop-hdfs-client-3.2.0.jar:/home/user/.m2/repository/com/fasterxml/jackson/core/jackson-annotations/2.9.9/jackson-annotations-2.9.9.jar:/home/user/.m2/repository/org/apache/hadoop/hadoop-hdds-common/0.5.0-SNAPSHOT/hadoop-hdds-common-0.5.0-SNAPSHOT.jar:/home/user/.m2/repository/org/apache/hadoop/hadoop-hdds-config/0.5.0-SNAPSHOT/hadoop-hdds-config-0.5.0-SNAPSHOT.jar:/home/user/.m2/repository/javax/annotation/javax.annotation-api/1.2/javax.annotation-api-1.2.jar:/home/user/.m2/repository/org/apache/ratis/ratis-server/0.5.0-3f446aa-SNAPSHOT/ratis-server-0.5.0-3f446aa-SNAPSHOT.jar:/home/user/.m2/repository/org/apache/ratis/ratis-thirdparty-misc/0.2.0/ratis-thirdparty-misc-0.2.0.jar:/home/user/.m2/repository/org/apache/ratis/ratis-proto/0.5.0-3f446aa-SNAPSHOT/ratis-proto-0.5.0-3f446aa-SNAPSHOT.jar:/home/user/.m2/repository/org/apache/ratis/ratis-common/0.5.0-3f446aa-SNAPSHOT/ratis-common-0.5.0-3f446aa-SNAPSHOT.jar:/home/user/.m2/repository/org/apache/ratis/ratis-client/0.5.0-3f446aa-SNAPSHOT/ratis-client-0.5.0-3f446aa-SNAPSHOT.jar:/home/user/.m2/repository/org/apache/ratis/ratis-metrics/0.5.0-3f446aa-SNAPSHOT/ratis-metrics-0.5.0-3f446aa-SNAPSHOT.jar:/home/user/.m2/repository/com/github/joshelser/dropwizard-metrics-hadoop-metrics2-reporter/0.1.2/dropwizard-metrics-hadoop-metrics2-reporter-0.1.2.jar:/home/user/.m2/repository/io/dropwizard/metrics/metrics-jvm/3.2.5/metrics-jvm-3.2.5.jar:/home/user/.m2/repository/io/dropwizard/metrics/metrics-ganglia/3.2.5/metrics-ganglia-3.2.5.jar:/home/user/.m2/repository/info/ganglia/gmetric4j/gmetric4j/1.0.7/gmetric4j-1.0.7.jar:/home/user/.m2/repository/org/apache/ratis/ratis-netty/0.5.0-3f446aa-SNAPSHOT/ratis-netty-0.5.0-3f446aa-SNAPSHOT.jar:/home/user/.m2/repository/org/apache/ratis/ratis-grpc/0.5.0-3f446aa-SNAPSHOT/ratis-grpc-0.5.0-3f446aa-SNAPSHOT.jar:/home/user/.m2/repository/org/rocksdb/rocksdbjni/6.0.1/rocksdbjni-6.0.1.jar:/home/user/.m2/repository/org/apache/logging/log4j/log4j-api/2.11.0/log4j-api-2.11.0.jar:/home/user/.m2/repository/org/apache/logging/log4j/log4j-core/2.11.0/log4j-core-2.11.0.jar:/home/user/.m2/repository/com/lmax/disruptor/3.4.2/disruptor-3.4.2.jar:/home/user/.m2/repository/org/apache/commons/commons-pool2/2.6.0/commons-pool2-2.6.0.jar:/home/user/.m2/repository/org/bouncycastle/bcpkix-jdk15on/1.60/bcpkix-jdk15on-1.60.jar:/home/user/.m2/repository/commons-validator/commons-validator/1.6/commons-validator-1.6.jar:/home/user/.m2/repository/commons-digester/commons-digester/1.8.1/commons-digester-1.8.1.jar:/home/user/.m2/repository/io/jaegertracing/jaeger-client/0.34.0/jaeger-client-0.34.0.jar:/home/user/.m2/repository/io/jaegertracing/jaeger-thrift/0.34.0/jaeger-thrift-0.34.0.jar:/home/user/.m2/repository/org/apache/thrift/libthrift/0.12.0/libthrift-0.12.0.jar:/home/user/.m2/repository/com/squareup/okhttp3/okhttp/3.9.0/okhttp-3.9.0.jar:/home/user/.m2/repository/com/squareup/okio/okio/1.13.0/okio-1.13.0.jar:/home/user/.m2/repository/io/jaegertracing/jaeger-core/0.34.0/jaeger-core-0.34.0.jar:/home/user/.m2/repository/io/jaegertracing/jaeger-tracerresolver/0.34.0/jaeger-tracerresolver-0.34.0.jar:/home/user/.m2/repository/io/opentracing/contrib/opentracing-tracerresolver/0.1.5/opentracing-tracerresolver-0.1.5.jar:/home/user/.m2/repository/io/opentracing/opentracing-util/0.31.0/opentracing-util-0.31.0.jar:/home/user/.m2/repository/io/opentracing/opentracing-api/0.31.0/opentracing-api-0.31.0.jar:/home/user/.m2/repository/io/opentracing/opentracing-noop/0.31.0/opentracing-noop-0.31.0.jar:/home/user/.m2/repository/org/yaml/snakeyaml/1.16/snakeyaml-1.16.jar:/home/user/.m2/repository/org/apache/hadoop/hadoop-hdds-container-service/0.5.0-SNAPSHOT/hadoop-hdds-container-service-0.5.0-SNAPSHOT.jar:/home/user/.m2/repository/org/apache/hadoop/hadoop-hdds-client/0.5.0-SNAPSHOT/hadoop-hdds-client-0.5.0-SNAPSHOT.jar:/home/user/.m2/repository/org/apache/hadoop/hadoop-hdds-tools/0.5.0-SNAPSHOT/hadoop-hdds-tools-0.5.0-SNAPSHOT.jar:/home/user/.m2/repository/org/xerial/sqlite-jdbc/3.25.2/sqlite-jdbc-3.25.2.jar:/home/user/.m2/repository/org/apache/hadoop/hadoop-hdds-server-scm/0.5.0-SNAPSHOT/hadoop-hdds-server-scm-0.5.0-SNAPSHOT.jar:/home/user/.m2/repository/org/hamcrest/hamcrest-all/1.3/hamcrest-all-1.3.jar:/home/user/.m2/repository/info/picocli/picocli/3.9.6/picocli-3.9.6.jar:/home/user/.m2/repository/com/google/protobuf/protobuf-java/2.5.0/protobuf-java-2.5.0.jar:/home/user/.m2/repository/com/google/guava/guava/11.0.2/guava-11.0.2.jar:/home/user/.m2/repository/org/apache/hadoop/hadoop-ozone-client/0.5.0-SNAPSHOT/hadoop-ozone-client-0.5.0-SNAPSHOT.jar:/workdir/hadoop-ozone/ozonefs/target/classes:/home/user/.m2/repository/org/apache/httpcomponents/httpclient/4.5.2/httpclient-4.5.2.jar:/home/user/.m2/repository/org/apache/httpcomponents/httpcore/4.4.4/httpcore-4.4.4.jar:/home/user/.m2/repository/org/apache/hadoop/hadoop-hdds-server-framework/0.5.0-SNAPSHOT/hadoop-hdds-server-framework-0.5.0-SNAPSHOT.jar:/home/user/.m2/repository/org/apache/hadoop/hadoop-common/3.2.0/hadoop-common-3.2.0.jar:/home/user/.m2/repository/org/apache/hadoop/hadoop-annotations/3.2.0/hadoop-annotations-3.2.0.jar:/usr/lib/jvm/java-1.8.0-openjdk-1.8.0.222.b10-1.el7_7.x86_64/jre/../lib/tools.jar:/home/user/.m2/repository/commons-cli/commons-cli/1.2/commons-cli-1.2.jar:/home/user/.m2/repository/org/apache/commons/commons-math3/3.1.1/commons-math3-3.1.1.jar:/home/user/.m2/repository/commons-codec/commons-codec/1.11/commons-codec-1.11.jar:/home/user/.m2/repository/commons-io/commons-io/2.5/commons-io-2.5.jar:/home/user/.m2/repository/commons-net/commons-net/3.6/commons-net-3.6.jar:/home/user/.m2/repository/commons-collections/commons-collections/3.2.2/commons-collections-3.2.2.jar:/home/user/.m2/repository/javax/servlet/javax.servlet-api/3.1.0/javax.servlet-api-3.1.0.jar:/home/user/.m2/repository/org/eclipse/jetty/jetty-server/9.3.25.v20180904/jetty-server-9.3.25.v20180904.jar:/home/user/.m2/repository/org/eclipse/jetty/jetty-http/9.3.25.v20180904/jetty-http-9.3.25.v20180904.jar:/home/user/.m2/repository/org/eclipse/jetty/jetty-io/9.3.25.v20180904/jetty-io-9.3.25.v20180904.jar:/home/user/.m2/repository/org/eclipse/jetty/jetty-util/9.3.25.v20180904/jetty-util-9.3.25.v20180904.jar:/home/user/.m2/repository/org/eclipse/jetty/jetty-servlet/9.3.25.v20180904/jetty-servlet-9.3.25.v20180904.jar:/home/user/.m2/repository/org/eclipse/jetty/jetty-security/9.3.25.v20180904/jetty-security-9.3.25.v20180904.jar:/home/user/.m2/repository/org/eclipse/jetty/jetty-webapp/9.3.25.v20180904/jetty-webapp-9.3.25.v20180904.jar:/home/user/.m2/repository/org/eclipse/jetty/jetty-xml/9.3.25.v20180904/jetty-xml-9.3.25.v20180904.jar:/home/user/.m2/repository/javax/servlet/jsp/jsp-api/2.1/jsp-api-2.1.jar:/home/user/.m2/repository/com/sun/jersey/jersey-core/1.19/jersey-core-1.19.jar:/home/user/.m2/repository/javax/ws/rs/jsr311-api/1.1.1/jsr311-api-1.1.1.jar:/home/user/.m2/repository/com/sun/jersey/jersey-servlet/1.19/jersey-servlet-1.19.jar:/home/user/.m2/repository/com/sun/jersey/jersey-json/1.19/jersey-json-1.19.jar:/home/user/.m2/repository/org/codehaus/jettison/jettison/1.1/jettison-1.1.jar:/home/user/.m2/repository/com/sun/xml/bind/jaxb-impl/2.3.0.1/jaxb-impl-2.3.0.1.jar:/home/user/.m2/repository/org/codehaus/jackson/jackson-core-asl/1.9.13/jackson-core-asl-1.9.13.jar:/home/user/.m2/repository/org/codehaus/jackson/jackson-mapper-asl/1.9.13/jackson-mapper-asl-1.9.13.jar:/home/user/.m2/repository/org/codehaus/jackson/jackson-jaxrs/1.9.13/jackson-jaxrs-1.9.13.jar:/home/user/.m2/repository/org/codehaus/jackson/jackson-xc/1.9.13/jackson-xc-1.9.13.jar:/home/user/.m2/repository/com/sun/jersey/jersey-server/1.19/jersey-server-1.19.jar:/home/user/.m2/repository/commons-logging/commons-logging/1.1.3/commons-logging-1.1.3.jar:/home/user/.m2/repository/log4j/log4j/1.2.17/log4j-1.2.17.jar:/home/user/.m2/repository/commons-beanutils/commons-beanutils/1.9.4/commons-beanutils-1.9.4.jar:/home/user/.m2/repository/org/apache/commons/commons-configuration2/2.1.1/commons-configuration2-2.1.1.jar:/home/user/.m2/repository/org/apache/commons/commons-lang3/3.7/commons-lang3-3.7.jar:/home/user/.m2/repository/org/apache/commons/commons-text/1.4/commons-text-1.4.jar:/home/user/.m2/repository/org/slf4j/slf4j-api/1.7.25/slf4j-api-1.7.25.jar:/home/user/.m2/repository/org/slf4j/slf4j-log4j12/1.7.25/slf4j-log4j12-1.7.25.jar:/home/user/.m2/repository/org/apache/avro/avro/1.7.7/avro-1.7.7.jar:/home/user/.m2/repository/com/thoughtworks/paranamer/paranamer/2.3/paranamer-2.3.jar:/home/user/.m2/repository/org/xerial/snappy/snappy-java/1.0.5/snappy-java-1.0.5.jar:/home/user/.m2/repository/com/google/re2j/re2j/1.1/re2j-1.1.jar:/home/user/.m2/repository/com/google/code/gson/gson/2.2.4/gson-2.2.4.jar:/home/user/.m2/repository/org/apache/hadoop/hadoop-auth/3.2.0/hadoop-auth-3.2.0.jar:/home/user/.m2/repository/com/nimbusds/nimbus-jose-jwt/4.41.1/nimbus-jose-jwt-4.41.1.jar:/home/user/.m2/repository/com/github/stephenc/jcip/jcip-annotations/1.0-1/jcip-annotations-1.0-1.jar:/home/user/.m2/repository/net/minidev/json-smart/2.3/json-smart-2.3.jar:/home/user/.m2/repository/net/minidev/accessors-smart/1.2/accessors-smart-1.2.jar:/home/user/.m2/repository/org/apache/curator/curator-framework/2.12.0/curator-framework-2.12.0.jar:/home/user/.m2/repository/com/jcraft/jsch/0.1.54/jsch-0.1.54.jar:/home/user/.m2/repository/org/apache/curator/curator-client/2.12.0/curator-client-2.12.0.jar:/home/user/.m2/repository/org/apache/curator/curator-recipes/2.12.0/curator-recipes-2.12.0.jar:/home/user/.m2/repository/com/google/code/findbugs/jsr305/3.0.0/jsr305-3.0.0.jar:/home/user/.m2/repository/org/apache/htrace/htrace-core4/4.1.0-incubating/htrace-core4-4.1.0-incubating.jar:/home/user/.m2/repository/org/apache/zookeeper/zookeeper/3.4.13/zookeeper-3.4.13.jar:/home/user/.m2/repository/jline/jline/0.9.94/jline-0.9.94.jar:/home/user/.m2/repository/org/apache/yetus/audience-annotations/0.5.0/audience-annotations-0.5.0.jar:/home/user/.m2/repository/org/apache/kerby/kerb-simplekdc/1.0.1/kerb-simplekdc-1.0.1.jar:/home/user/.m2/repository/org/apache/kerby/kerb-client/1.0.1/kerb-client-1.0.1.jar:/home/user/.m2/repository/org/apache/kerby/kerby-config/1.0.1/kerby-config-1.0.1.jar:/home/user/.m2/repository/org/apache/kerby/kerb-core/1.0.1/kerb-core-1.0.1.jar:/home/user/.m2/repository/org/apache/kerby/kerby-pkix/1.0.1/kerby-pkix-1.0.1.jar:/home/user/.m2/repository/org/apache/kerby/kerby-asn1/1.0.1/kerby-asn1-1.0.1.jar:/home/user/.m2/repository/org/apache/kerby/kerby-util/1.0.1/kerby-util-1.0.1.jar:/home/user/.m2/repository/org/apache/kerby/kerb-common/1.0.1/kerb-common-1.0.1.jar:/home/user/.m2/repository/org/apache/kerby/kerb-crypto/1.0.1/kerb-crypto-1.0.1.jar:/home/user/.m2/repository/org/apache/kerby/kerb-util/1.0.1/kerb-util-1.0.1.jar:/home/user/.m2/repository/org/apache/kerby/token-provider/1.0.1/token-provider-1.0.1.jar:/home/user/.m2/repository/org/apache/kerby/kerb-admin/1.0.1/kerb-admin-1.0.1.jar:/home/user/.m2/repository/org/apache/kerby/kerb-server/1.0.1/kerb-server-1.0.1.jar:/home/user/.m2/repository/org/apache/kerby/kerb-identity/1.0.1/kerb-identity-1.0.1.jar:/home/user/.m2/repository/org/apache/kerby/kerby-xdr/1.0.1/kerby-xdr-1.0.1.jar:/home/user/.m2/repository/com/fasterxml/jackson/core/jackson-databind/2.9.9/jackson-databind-2.9.9.jar:/home/user/.m2/repository/com/fasterxml/jackson/core/jackson-core/2.9.9/jackson-core-2.9.9.jar:/home/user/.m2/repository/org/codehaus/woodstox/stax2-api/3.1.4/stax2-api-3.1.4.jar:/home/user/.m2/repository/com/fasterxml/woodstox/woodstox-core/5.0.3/woodstox-core-5.0.3.jar:/home/user/.m2/repository/dnsjava/dnsjava/2.1.7/dnsjava-2.1.7.jar:/home/user/.m2/repository/org/apache/hadoop/hadoop-hdfs/3.2.0/hadoop-hdfs-3.2.0.jar:/home/user/.m2/repository/org/eclipse/jetty/jetty-util-ajax/9.3.25.v20180904/jetty-util-ajax-9.3.25.v20180904.jar:/home/user/.m2/repository/commons-daemon/commons-daemon/1.0.13/commons-daemon-1.0.13.jar:/home/user/.m2/repository/io/netty/netty/3.10.5.Final/netty-3.10.5.Final.jar:/home/user/.m2/repository/io/netty/netty-all/4.0.52.Final/netty-all-4.0.52.Final.jar:/home/user/.m2/repository/org/fusesource/leveldbjni/leveldbjni-all/1.8/leveldbjni-all-1.8.jar:/home/user/.m2/repository/com/sun/xml/bind/jaxb-core/2.3.0.1/jaxb-core-2.3.0.1.jar:/home/user/.m2/repository/javax/xml/bind/jaxb-api/2.3.0/jaxb-api-2.3.0.jar:/home/user/.m2/repository/javax/activation/activation/1.1.1/activation-1.1.1.jar:/home/user/.m2/repository/org/openjdk/jmh/jmh-core/1.19/jmh-core-1.19.jar:/home/user/.m2/repository/net/sf/jopt-simple/jopt-simple/4.6/jopt-simple-4.6.jar:/home/user/.m2/repository/org/openjdk/jmh/jmh-generator-annprocess/1.19/jmh-generator-annprocess-1.19.jar:/home/user/.m2/repository/io/dropwizard/metrics/metrics-core/3.2.4/metrics-core-3.2.4.jar:/home/user/.m2/repository/com/amazonaws/aws-java-sdk-s3/1.11.615/aws-java-sdk-s3-1.11.615.jar:/home/user/.m2/repository/com/amazonaws/aws-java-sdk-kms/1.11.615/aws-java-sdk-kms-1.11.615.jar:/home/user/.m2/repository/com/amazonaws/aws-java-sdk-core/1.11.615/aws-java-sdk-core-1.11.615.jar:/home/user/.m2/repository/software/amazon/ion/ion-java/1.0.2/ion-java-1.0.2.jar:/home/user/.m2/repository/com/fasterxml/jackson/dataformat/jackson-dataformat-cbor/2.9.9/jackson-dataformat-cbor-2.9.9.jar:/home/user/.m2/repository/joda-time/joda-time/2.9.9/joda-time-2.9.9.jar:/home/user/.m2/repository/com/amazonaws/jmespath-java/1.11.615/jmespath-java-1.11.615.jar:/home/user/.m2/repository/com/github/spotbugs/spotbugs/3.1.12/spotbugs-3.1.12.jar:/home/user/.m2/repository/org/ow2/asm/asm/5.0.4/asm-5.0.4.jar:/home/user/.m2/repository/org/ow2/asm/asm-analysis/7.0/asm-analysis-7.0.jar:/home/user/.m2/repository/org/ow2/asm/asm-commons/7.0/asm-commons-7.0.jar:/home/user/.m2/repository/org/ow2/asm/asm-tree/7.0/asm-tree-7.0.jar:/home/user/.m2/repository/org/ow2/asm/asm-util/7.0/asm-util-7.0.jar:/home/user/.m2/repository/org/apache/bcel/bcel/6.3/bcel-6.3.jar:/home/user/.m2/repository/net/jcip/jcip-annotations/1.0/jcip-annotations-1.0.jar:/home/user/.m2/repository/org/dom4j/dom4j/2.1.1/dom4j-2.1.1.jar:/home/user/.m2/repository/jaxen/jaxen/1.1.6/jaxen-1.1.6.jar:/home/user/.m2/repository/commons-lang/commons-lang/2.6/commons-lang-2.6.jar:/home/user/.m2/repository/com/github/spotbugs/spotbugs-annotations/3.1.12/spotbugs-annotations-3.1.12.jar:/home/user/.m2/repository/junit/junit/4.11/junit-4.11.jar:/home/user/.m2/repository/org/hamcrest/hamcrest-core/1.3/hamcrest-core-1.3.jar:/home/user/.m2/repository/org/apache/hadoop/hadoop-common/3.2.0/hadoop-common-3.2.0-tests.jar:/workdir/hadoop-ozone/integration-test/target/test-classes:/home/user/.m2/repository/org/apache/hadoop/hadoop-ozone-s3gateway/0.5.0-SNAPSHOT/hadoop-ozone-s3gateway-0.5.0-SNAPSHOT.jar:/home/user/.m2/repository/org/jboss/weld/servlet/weld-servlet/2.4.7.Final/weld-servlet-2.4.7.Final.jar:/home/user/.m2/repository/org/glassfish/jersey/containers/jersey-container-servlet-core/2.27/jersey-container-servlet-core-2.27.jar:/home/user/.m2/repository/org/glassfish/hk2/external/javax.inject/2.5.0-b42/javax.inject-2.5.0-b42.jar:/home/user/.m2/repository/org/glassfish/jersey/core/jersey-common/2.27/jersey-common-2.27.jar:/home/user/.m2/repository/org/glassfish/hk2/osgi-resource-locator/1.0.1/osgi-resource-locator-1.0.1.jar:/home/user/.m2/repository/javax/ws/rs/javax.ws.rs-api/2.1/javax.ws.rs-api-2.1.jar:/home/user/.m2/repository/org/glassfish/jersey/ext/cdi/jersey-cdi1x/2.27/jersey-cdi1x-2.27.jar:/home/user/.m2/repository/org/glassfish/jersey/inject/jersey-hk2/2.27/jersey-hk2-2.27.jar:/home/user/.m2/repository/org/glassfish/hk2/hk2-locator/2.5.0-b42/hk2-locator-2.5.0-b42.jar:/home/user/.m2/repository/org/javassist/javassist/3.22.0-CR2/javassist-3.22.0-CR2.jar:/home/user/.m2/repository/org/glassfish/hk2/hk2-api/2.5.0/hk2-api-2.5.0.jar:/home/user/.m2/repository/org/glassfish/hk2/external/jakarta.inject/2.5.0/jakarta.inject-2.5.0.jar:/home/user/.m2/repository/org/glassfish/hk2/hk2-utils/2.5.0/hk2-utils-2.5.0.jar:/home/user/.m2/repository/jakarta/annotation/jakarta.annotation-api/1.3.4/jakarta.annotation-api-1.3.4.jar:/home/user/.m2/repository/org/glassfish/hk2/external/aopalliance-repackaged/2.5.0/aopalliance-repackaged-2.5.0.jar:/home/user/.m2/repository/com/fasterxml/jackson/dataformat/jackson-dataformat-xml/2.9.0/jackson-dataformat-xml-2.9.0.jar:/home/user/.m2/repository/com/fasterxml/jackson/module/jackson-module-jaxb-annotations/2.9.9/jackson-module-jaxb-annotations-2.9.9.jar:/home/user/.m2/repository/javax/enterprise/cdi-api/1.2/cdi-api-1.2.jar:/home/user/.m2/repository/javax/el/javax.el-api/3.0.0/javax.el-api-3.0.0.jar:/home/user/.m2/repository/javax/interceptor/javax.interceptor-api/1.2/javax.interceptor-api-1.2.jar:/home/user/.m2/repository/javax/inject/javax.inject/1/javax.inject-1.jar:/home/user/.m2/repository/org/apache/hadoop/hadoop-ozone-csi/0.5.0-SNAPSHOT/hadoop-ozone-csi-0.5.0-SNAPSHOT.jar:/home/user/.m2/repository/com/google/protobuf/protobuf-java-util/3.5.1/protobuf-java-util-3.5.1.jar:/home/user/.m2/repository/io/grpc/grpc-netty/1.17.1/grpc-netty-1.17.1.jar:/home/user/.m2/repository/io/grpc/grpc-core/1.17.1/grpc-core-1.17.1.jar:/home/user/.m2/repository/io/grpc/grpc-context/1.17.1/grpc-context-1.17.1.jar:/home/user/.m2/repository/com/google/errorprone/error_prone_annotations/2.2.0/error_prone_annotations-2.2.0.jar:/home/user/.m2/repository/org/codehaus/mojo/animal-sniffer-annotations/1.17/animal-sniffer-annotations-1.17.jar:/home/user/.m2/repository/io/opencensus/opencensus-api/0.17.0/opencensus-api-0.17.0.jar:/home/user/.m2/repository/io/opencensus/opencensus-contrib-grpc-metrics/0.17.0/opencensus-contrib-grpc-metrics-0.17.0.jar:/home/user/.m2/repository/io/netty/netty-codec-http2/4.1.30.Final/netty-codec-http2-4.1.30.Final.jar:/home/user/.m2/repository/io/netty/netty-codec-http/4.1.30.Final/netty-codec-http-4.1.30.Final.jar:/home/user/.m2/repository/io/netty/netty-codec/4.1.30.Final/netty-codec-4.1.30.Final.jar:/home/user/.m2/repository/io/netty/netty-handler/4.1.30.Final/netty-handler-4.1.30.Final.jar:/home/user/.m2/repository/io/netty/netty-handler-proxy/4.1.30.Final/netty-handler-proxy-4.1.30.Final.jar:/home/user/.m2/repository/io/netty/netty-codec-socks/4.1.30.Final/netty-codec-socks-4.1.30.Final.jar:/home/user/.m2/repository/io/netty/netty-transport-native-epoll/4.1.30.Final/netty-transport-native-epoll-4.1.30.Final.jar:/home/user/.m2/repository/io/netty/netty-common/4.1.30.Final/netty-common-4.1.30.Final.jar:/home/user/.m2/repository/io/netty/netty-buffer/4.1.30.Final/netty-buffer-4.1.30.Final.jar:/home/user/.m2/repository/io/netty/netty-transport/4.1.30.Final/netty-transport-4.1.30.Final.jar:/home/user/.m2/repository/io/netty/netty-resolver/4.1.30.Final/netty-resolver-4.1.30.Final.jar:/home/user/.m2/repository/io/netty/netty-transport-native-unix-common/4.1.30.Final/netty-transport-native-unix-common-4.1.30.Final.jar:/home/user/.m2/repository/io/grpc/grpc-protobuf/1.17.1/grpc-protobuf-1.17.1.jar:/home/user/.m2/repository/com/google/api/grpc/proto-google-common-protos/1.0.0/proto-google-common-protos-1.0.0.jar:/home/user/.m2/repository/io/grpc/grpc-protobuf-lite/1.17.1/grpc-protobuf-lite-1.17.1.jar:/home/user/.m2/repository/io/grpc/grpc-stub/1.17.1/grpc-stub-1.17.1.jar:/home/user/.m2/repository/org/apache/hadoop/hadoop-ozone-recon/0.5.0-SNAPSHOT/hadoop-ozone-recon-0.5.0-SNAPSHOT.jar:/home/user/.m2/repository/org/apache/hadoop/hadoop-ozone-reconcodegen/0.5.0-SNAPSHOT/hadoop-ozone-reconcodegen-0.5.0-SNAPSHOT.jar:/home/user/.m2/repository/com/google/inject/extensions/guice-multibindings/4.0/guice-multibindings-4.0.jar:/home/user/.m2/repository/com/google/inject/guice/4.0/guice-4.0.jar:/home/user/.m2/repository/aopalliance/aopalliance/1.0/aopalliance-1.0.jar:/home/user/.m2/repository/com/google/inject/extensions/guice-servlet/4.0/guice-servlet-4.0.jar:/home/user/.m2/repository/org/glassfish/jersey/containers/jersey-container-servlet/2.27/jersey-container-servlet-2.27.jar:/home/user/.m2/repository/org/glassfish/hk2/guice-bridge/2.5.0/guice-bridge-2.5.0.jar:/home/user/.m2/repository/org/glassfish/jersey/core/jersey-server/2.27/jersey-server-2.27.jar:/home/user/.m2/repository/org/glassfish/jersey/core/jersey-client/2.27/jersey-client-2.27.jar:/home/user/.m2/repository/org/glassfish/jersey/media/jersey-media-jaxb/2.27/jersey-media-jaxb-2.27.jar:/home/user/.m2/repository/javax/validation/validation-api/1.1.0.Final/validation-api-1.1.0.Final.jar:/home/user/.m2/repository/org/glassfish/jersey/media/jersey-media-json-jackson/2.27/jersey-media-json-jackson-2.27.jar:/home/user/.m2/repository/org/glassfish/jersey/ext/jersey-entity-filtering/2.27/jersey-entity-filtering-2.27.jar:/home/user/.m2/repository/com/google/inject/extensions/guice-assistedinject/4.0/guice-assistedinject-4.0.jar:/home/user/.m2/repository/org/jooq/jooq/3.11.10/jooq-3.11.10.jar:/home/user/.m2/repository/org/jooq/jooq-meta/3.11.10/jooq-meta-3.11.10.jar:/home/user/.m2/repository/org/jooq/jooq-codegen/3.11.10/jooq-codegen-3.11.10.jar:/home/user/.m2/repository/com/jolbox/bonecp/0.8.0.RELEASE/bonecp-0.8.0.RELEASE.jar:/home/user/.m2/repository/org/springframework/spring-jdbc/5.1.3.RELEASE/spring-jdbc-5.1.3.RELEASE.jar:/home/user/.m2/repository/org/springframework/spring-beans/5.1.3.RELEASE/spring-beans-5.1.3.RELEASE.jar:/home/user/.m2/repository/org/springframework/spring-core/5.1.3.RELEASE/spring-core-5.1.3.RELEASE.jar:/home/user/.m2/repository/org/springframework/spring-jcl/5.1.3.RELEASE/spring-jcl-5.1.3.RELEASE.jar:/home/user/.m2/repository/org/springframework/spring-tx/5.1.3.RELEASE/spring-tx-5.1.3.RELEASE.jar:/home/user/.m2/repository/org/mockito/mockito-core/2.15.0/mockito-core-2.15.0.jar:/home/user/.m2/repository/net/bytebuddy/byte-buddy/1.7.9/byte-buddy-1.7.9.jar:/home/user/.m2/repository/net/bytebuddy/byte-buddy-agent/1.7.9/byte-buddy-agent-1.7.9.jar:/home/user/.m2/repository/org/objenesis/objenesis/1.0/objenesis-1.0.jar:"/>
    <property name="sun.cpu.endian" value="little"/>
    <property name="user.home" value="/home/user"/>
    <property name="user.language" value="en"/>
    <property name="java.specification.vendor" value="Oracle Corporation"/>
    <property name="java.home" value="/usr/lib/jvm/java-1.8.0-openjdk-1.8.0.222.b10-1.el7_7.x86_64/jre"/>
    <property name="surefire.excludesFile" value="/tools/ozone-bad-unit-tests"/>
    <property name="java.security.krb5.conf" value="/workdir/hadoop-ozone/tools/target/test-classes/krb5.conf"/>
    <property name="basedir" value="/workdir/hadoop-ozone/tools"/>
    <property name="file.separator" value="/"/>
    <property name="line.separator" value="&#10;"/>
    <property name="java.vm.specification.vendor" value="Oracle Corporation"/>
    <property name="java.specification.name" value="Java Platform API Specification"/>
    <property name="java.awt.graphicsenv" value="sun.awt.X11GraphicsEnvironment"/>
    <property name="surefire.real.class.path" value="/workdir/hadoop-ozone/tools/target/surefire/surefirebooter5458446160175351172.jar"/>
    <property name="hadoop.log.dir" value="/workdir/hadoop-ozone/tools/target/log"/>
    <property name="sun.boot.class.path" value="/usr/lib/jvm/java-1.8.0-openjdk-1.8.0.222.b10-1.el7_7.x86_64/jre/lib/resources.jar:/usr/lib/jvm/java-1.8.0-openjdk-1.8.0.222.b10-1.el7_7.x86_64/jre/lib/rt.jar:/usr/lib/jvm/java-1.8.0-openjdk-1.8.0.222.b10-1.el7_7.x86_64/jre/lib/sunrsasign.jar:/usr/lib/jvm/java-1.8.0-openjdk-1.8.0.222.b10-1.el7_7.x86_64/jre/lib/jsse.jar:/usr/lib/jvm/java-1.8.0-openjdk-1.8.0.222.b10-1.el7_7.x86_64/jre/lib/jce.jar:/usr/lib/jvm/java-1.8.0-openjdk-1.8.0.222.b10-1.el7_7.x86_64/jre/lib/charsets.jar:/usr/lib/jvm/java-1.8.0-openjdk-1.8.0.222.b10-1.el7_7.x86_64/jre/lib/jfr.jar:/usr/lib/jvm/java-1.8.0-openjdk-1.8.0.222.b10-1.el7_7.x86_64/jre/classes"/>
    <property name="sun.management.compiler" value="HotSpot 64-Bit Tiered Compilers"/>
    <property name="java.runtime.version" value="1.8.0_222-b10"/>
    <property name="java.net.preferIPv4Stack" value="true"/>
    <property name="user.name" value="jenkins1000"/>
    <property name="path.separator" value=":"/>
    <property name="java.security.egd" value="file:///dev/urandom"/>
    <property name="os.version" value="3.10.0-957.12.2.el7.x86_64"/>
    <property name="java.endorsed.dirs" value="/usr/lib/jvm/java-1.8.0-openjdk-1.8.0.222.b10-1.el7_7.x86_64/jre/lib/endorsed"/>
    <property name="java.runtime.name" value="OpenJDK Runtime Environment"/>
    <property name="file.encoding" value="ANSI_X3.4-1968"/>
    <property name="java.vm.name" value="OpenJDK 64-Bit Server VM"/>
    <property name="test.build.webapps" value=""/>
    <property name="localRepository" value="/home/user/.m2/repository"/>
    <property name="java.vendor.url.bug" value="http://bugreport.sun.com/bugreport/"/>
    <property name="java.io.tmpdir" value="/tmp"/>
    <property name="require.test.libhadoop" value=""/>
    <property name="java.version" value="1.8.0_222"/>
    <property name="user.dir" value="/workdir/hadoop-ozone/tools"/>
    <property name="os.arch" value="amd64"/>
    <property name="java.vm.specification.name" value="Java Virtual Machine Specification"/>
    <property name="test.build.classes" value="/workdir/hadoop-ozone/tools/target/test-classes"/>
    <property name="java.awt.printerjob" value="sun.print.PSPrinterJob"/>
    <property name="sun.os.patch.level" value="unknown"/>
    <property name="hadoop.tmp.dir" value="/workdir/hadoop-ozone/tools/target/tmp"/>
    <property name="java.library.path" value="/usr/lib:/workdir/hadoop-ozone/tools/target/native/target/usr/local/lib:/workdir/hadoop-ozone/tools/../../hadoop-common-project/hadoop-common/target/native/target/usr/local/lib:/usr/java/packages/lib/amd64:/usr/lib64:/lib64:/lib:/usr/lib"/>
    <property name="java.vm.info" value="mixed mode"/>
    <property name="java.vendor" value="Oracle Corporation"/>
    <property name="java.vm.version" value="25.222-b10"/>
    <property name="java.ext.dirs" value="/usr/lib/jvm/java-1.8.0-openjdk-1.8.0.222.b10-1.el7_7.x86_64/jre/lib/ext:/usr/java/packages/lib/ext"/>
    <property name="sun.io.unicode.encoding" value="UnicodeLittle"/>
    <property name="java.class.version" value="52.0"/>
  </properties>
  <testcase name="testRestart" classname="org.apache.hadoop.ozone.freon.TestFreonWithPipelineDestroy" time="19.18">
    <error message="Allocated 0 blocks. Requested 5 blocks" type="INTERNAL_ERROR org.apache.hadoop.ozone.om.exceptions.OMException">INTERNAL_ERROR org.apache.hadoop.ozone.om.exceptions.OMException: Allocated 0 blocks. Requested 5 blocks
	at org.apache.hadoop.ozone.om.protocolPB.OzoneManagerProtocolClientSideTranslatorPB.handleError(OzoneManagerProtocolClientSideTranslatorPB.java:732)
	at org.apache.hadoop.ozone.om.protocolPB.OzoneManagerProtocolClientSideTranslatorPB.openKey(OzoneManagerProtocolClientSideTranslatorPB.java:723)
	at sun.reflect.NativeMethodAccessorImpl.invoke0(Native Method)
	at sun.reflect.NativeMethodAccessorImpl.invoke(NativeMethodAccessorImpl.java:62)
	at sun.reflect.DelegatingMethodAccessorImpl.invoke(DelegatingMethodAccessorImpl.java:43)
	at java.lang.reflect.Method.invoke(Method.java:498)
	at org.apache.hadoop.hdds.tracing.TraceAllMethod.invoke(TraceAllMethod.java:66)
	at com.sun.proxy.$Proxy37.openKey(Unknown Source)
	at org.apache.hadoop.ozone.client.rpc.RpcClient.createKey(RpcClient.java:614)
	at org.apache.hadoop.ozone.client.OzoneBucket.createKey(OzoneBucket.java:325)
	at org.apache.hadoop.ozone.freon.RandomKeyGenerator.createKey(RandomKeyGenerator.java:695)
	at org.apache.hadoop.ozone.freon.RandomKeyGenerator.access$1100(RandomKeyGenerator.java:88)
	at org.apache.hadoop.ozone.freon.RandomKeyGenerator$ObjectCreator.run(RandomKeyGenerator.java:615)
	at java.util.concurrent.Executors$RunnableAdapter.call(Executors.java:511)
	at java.util.concurrent.FutureTask.run(FutureTask.java:266)
	at java.util.concurrent.ThreadPoolExecutor.runWorker(ThreadPoolExecutor.java:1149)
	at java.util.concurrent.ThreadPoolExecutor$Worker.run(ThreadPoolExecutor.java:624)
	at java.lang.Thread.run(Thread.java:748)
</error>
    <system-out><![CDATA[2019-10-18 08:14:58,093 [main] WARN  server.ServerUtils (ServerUtils.java:getScmDbDir(145)) - ozone.scm.db.dirs is not configured. We recommend adding this setting. Falling back to ozone.metadata.dirs instead.
2019-10-18 08:14:58,200 [main] WARN  server.ServerUtils (ServerUtils.java:getScmDbDir(145)) - ozone.scm.db.dirs is not configured. We recommend adding this setting. Falling back to ozone.metadata.dirs instead.
2019-10-18 08:14:58,203 [main] WARN  server.ServerUtils (ServerUtils.java:getScmDbDir(145)) - ozone.scm.db.dirs is not configured. We recommend adding this setting. Falling back to ozone.metadata.dirs instead.
2019-10-18 08:14:58,227 [main] INFO  util.log (Log.java:initialized(192)) - Logging initialized @904ms
2019-10-18 08:14:58,364 [main] INFO  db.DBStoreBuilder (DBStoreBuilder.java:addTable(117)) - using custom profile for table: deletedBlocks
2019-10-18 08:14:58,365 [main] INFO  db.DBStoreBuilder (DBStoreBuilder.java:processTables(168)) - Using default column profile:DBProfile.DISK for Table:deletedBlocks
2019-10-18 08:14:58,365 [main] INFO  db.DBStoreBuilder (DBStoreBuilder.java:addTable(117)) - using custom profile for table: validCerts
2019-10-18 08:14:58,365 [main] INFO  db.DBStoreBuilder (DBStoreBuilder.java:processTables(168)) - Using default column profile:DBProfile.DISK for Table:validCerts
2019-10-18 08:14:58,365 [main] INFO  db.DBStoreBuilder (DBStoreBuilder.java:addTable(117)) - using custom profile for table: revokedCerts
2019-10-18 08:14:58,366 [main] INFO  db.DBStoreBuilder (DBStoreBuilder.java:processTables(168)) - Using default column profile:DBProfile.DISK for Table:revokedCerts
2019-10-18 08:14:58,378 [main] INFO  db.DBStoreBuilder (DBStoreBuilder.java:addTable(117)) - using custom profile for table: default
2019-10-18 08:14:58,378 [main] INFO  db.DBStoreBuilder (DBStoreBuilder.java:processTables(174)) - Using default column profile:DBProfile.DISK for Table:default
2019-10-18 08:14:58,380 [main] INFO  db.DBStoreBuilder (DBStoreBuilder.java:getDbProfile(205)) - Using default options. DBProfile.DISK
2019-10-18 08:14:58,714 [main] INFO  net.NodeSchemaLoader (NodeSchemaLoader.java:loadSchemaFromFile(125)) - Loading file from sun.misc.CompoundEnumeration@3754a4bf
2019-10-18 08:14:58,716 [main] INFO  net.NodeSchemaLoader (NodeSchemaLoader.java:loadSchema(171)) - Loading network topology layer schema file
2019-10-18 08:14:58,779 [main] INFO  node.SCMNodeManager (SCMNodeManager.java:<init>(116)) - Entering startup safe mode.
2019-10-18 08:14:58,841 [main] INFO  algorithms.ContainerPlacementPolicyFactory (ContainerPlacementPolicyFactory.java:getPolicy(57)) - Create container placement policy of type org.apache.hadoop.hdds.scm.container.placement.algorithms.SCMContainerPlacementRandom
2019-10-18 08:14:58,855 [main] WARN  server.ServerUtils (ServerUtils.java:getScmDbDir(145)) - ozone.scm.db.dirs is not configured. We recommend adding this setting. Falling back to ozone.metadata.dirs instead.
2019-10-18 08:14:58,929 [main] INFO  pipeline.SCMPipelineManager (SCMPipelineManager.java:initializePipelineState(132)) - No pipeline exists in current db
2019-10-18 08:14:58,932 [main] WARN  server.ServerUtils (ServerUtils.java:getScmDbDir(145)) - ozone.scm.db.dirs is not configured. We recommend adding this setting. Falling back to ozone.metadata.dirs instead.
2019-10-18 08:14:59,063 [main] WARN  events.EventQueue (EventQueue.java:fireEvent(183)) - No event handler registered for event TypedEvent{payloadType=SafeModeStatus, name='SafeModeStatus'}
2019-10-18 08:14:59,411 [main] INFO  ipc.CallQueueManager (CallQueueManager.java:<init>(84)) - Using callQueue: class java.util.concurrent.LinkedBlockingQueue, queueCapacity: 2000, scheduler: class org.apache.hadoop.ipc.DefaultRpcScheduler, ipcBackoff: false.
2019-10-18 08:14:59,545 [Socket Reader #1 for port 41378] INFO  ipc.Server (Server.java:run(1074)) - Starting Socket Reader #1 for port 41378
2019-10-18 08:14:59,585 [main] INFO  ipc.CallQueueManager (CallQueueManager.java:<init>(84)) - Using callQueue: class java.util.concurrent.LinkedBlockingQueue, queueCapacity: 2000, scheduler: class org.apache.hadoop.ipc.DefaultRpcScheduler, ipcBackoff: false.
2019-10-18 08:14:59,587 [Socket Reader #1 for port 37897] INFO  ipc.Server (Server.java:run(1074)) - Starting Socket Reader #1 for port 37897
2019-10-18 08:14:59,596 [main] INFO  ipc.CallQueueManager (CallQueueManager.java:<init>(84)) - Using callQueue: class java.util.concurrent.LinkedBlockingQueue, queueCapacity: 2000, scheduler: class org.apache.hadoop.ipc.DefaultRpcScheduler, ipcBackoff: false.
2019-10-18 08:14:59,597 [Socket Reader #1 for port 43087] INFO  ipc.Server (Server.java:run(1074)) - Starting Socket Reader #1 for port 43087
2019-10-18 08:14:59,626 [main] INFO  hdfs.DFSUtil (DFSUtil.java:httpServerTemplateForNNAndJN(1641)) - Starting Web-server for scm at: http://0.0.0.0:0
2019-10-18 08:14:59,752 [main] INFO  server.AuthenticationFilter (AuthenticationFilter.java:constructSecretProvider(240)) - Unable to initialize FileSignerSecretProvider, falling back to use random secrets.
2019-10-18 08:14:59,767 [main] WARN  http.HttpRequestLog (HttpRequestLog.java:getRequestLog(97)) - Jetty request log can only be enabled using Log4j
2019-10-18 08:14:59,776 [main] INFO  http.HttpServer2 (HttpServer2.java:addGlobalFilter(975)) - Added global filter 'safety' (class=org.apache.hadoop.http.HttpServer2$QuotingInputFilter)
2019-10-18 08:14:59,779 [main] INFO  http.HttpServer2 (HttpServer2.java:addFilter(948)) - Added filter static_user_filter (class=org.apache.hadoop.http.lib.StaticUserWebFilter$StaticUserFilter) to context scm
2019-10-18 08:14:59,779 [main] INFO  http.HttpServer2 (HttpServer2.java:addFilter(958)) - Added filter static_user_filter (class=org.apache.hadoop.http.lib.StaticUserWebFilter$StaticUserFilter) to context logs
2019-10-18 08:14:59,779 [main] INFO  http.HttpServer2 (HttpServer2.java:addFilter(958)) - Added filter static_user_filter (class=org.apache.hadoop.http.lib.StaticUserWebFilter$StaticUserFilter) to context static
2019-10-18 08:14:59,805 [main] INFO  server.StorageContainerManager (StorageContainerManager.java:start(772)) - StorageContainerLocationProtocol RPC server is listening at /0.0.0.0:43087
2019-10-18 08:14:59,857 [main] WARN  impl.MetricsConfig (MetricsConfig.java:loadFirst(134)) - Cannot locate configuration: tried hadoop-metrics2-storagecontainermanager.properties,hadoop-metrics2.properties
2019-10-18 08:14:59,870 [main] INFO  impl.MetricsSystemImpl (MetricsSystemImpl.java:startTimer(374)) - Scheduled Metric snapshot period at 10 second(s).
2019-10-18 08:14:59,870 [main] INFO  impl.MetricsSystemImpl (MetricsSystemImpl.java:start(191)) - StorageContainerManager metrics system started
2019-10-18 08:15:00,079 [main] INFO  server.SCMClientProtocolServer (SCMClientProtocolServer.java:start(159)) - RPC server for Client  is listening at /0.0.0.0:43087
2019-10-18 08:15:00,080 [IPC Server Responder] INFO  ipc.Server (Server.java:run(1314)) - IPC Server Responder: starting
2019-10-18 08:15:00,080 [IPC Server listener on 43087] INFO  ipc.Server (Server.java:run(1153)) - IPC Server listener on 43087: starting
2019-10-18 08:15:00,083 [main] INFO  server.StorageContainerManager (StorageContainerManager.java:start(782)) - ScmBlockLocationProtocol RPC server is listening at /0.0.0.0:37897
2019-10-18 08:15:00,085 [main] INFO  server.SCMBlockProtocolServer (SCMBlockProtocolServer.java:start(146)) - RPC server for Block Protocol is listening at /0.0.0.0:37897
2019-10-18 08:15:00,085 [IPC Server Responder] INFO  ipc.Server (Server.java:run(1314)) - IPC Server Responder: starting
2019-10-18 08:15:00,085 [IPC Server listener on 37897] INFO  ipc.Server (Server.java:run(1153)) - IPC Server listener on 37897: starting
2019-10-18 08:15:00,088 [main] INFO  server.StorageContainerManager (StorageContainerManager.java:start(786)) - ScmDatanodeProtocl RPC server is listening at /0.0.0.0:41378
2019-10-18 08:15:00,089 [main] INFO  server.SCMDatanodeProtocolServer (SCMDatanodeProtocolServer.java:start(169)) - RPC server for DataNodes is listening at /0.0.0.0:41378
2019-10-18 08:15:00,090 [IPC Server Responder] INFO  ipc.Server (Server.java:run(1314)) - IPC Server Responder: starting
2019-10-18 08:15:00,090 [IPC Server listener on 41378] INFO  ipc.Server (Server.java:run(1153)) - IPC Server listener on 41378: starting
2019-10-18 08:15:00,094 [main] INFO  http.HttpServer2 (HttpServer2.java:bindListener(1191)) - Jetty bound to port 45548
2019-10-18 08:15:00,096 [main] INFO  server.Server (Server.java:doStart(351)) - jetty-9.3.25.v20180904, build timestamp: 2018-09-04T21:11:46Z, git hash: 3ce520221d0240229c862b122d2b06c12a625732
2019-10-18 08:15:00,140 [main] INFO  handler.ContextHandler (ContextHandler.java:doStart(781)) - Started o.e.j.s.ServletContextHandler@61c9c3fd{/logs,file:///workdir/hadoop-ozone/tools/target/log,AVAILABLE}
2019-10-18 08:15:00,141 [main] INFO  handler.ContextHandler (ContextHandler.java:doStart(781)) - Started o.e.j.s.ServletContextHandler@302a07d{/static,jar:file:/home/user/.m2/repository/org/apache/hadoop/hadoop-hdds-server-scm/0.5.0-SNAPSHOT/hadoop-hdds-server-scm-0.5.0-SNAPSHOT.jar!/webapps/static,AVAILABLE}
2019-10-18 08:15:00,217 [main] INFO  handler.ContextHandler (ContextHandler.java:doStart(781)) - Started o.e.j.w.WebAppContext@46ab18da{/,file:///tmp/jetty-0.0.0.0-45548-scm-_-any-9122444199902217269.dir/webapp/,AVAILABLE}{/scm}
2019-10-18 08:15:00,222 [main] INFO  server.AbstractConnector (AbstractConnector.java:doStart(278)) - Started ServerConnector@2af616d3{HTTP/1.1,[http/1.1]}{0.0.0.0:45548}
2019-10-18 08:15:00,223 [main] INFO  server.Server (Server.java:doStart(419)) - Started @2899ms
2019-10-18 08:15:00,225 [main] INFO  impl.MetricsSinkAdapter (MetricsSinkAdapter.java:start(204)) - Sink prometheus started
2019-10-18 08:15:00,225 [main] INFO  impl.MetricsSystemImpl (MetricsSystemImpl.java:registerSink(301)) - Registered sink prometheus
2019-10-18 08:15:00,227 [main] INFO  server.BaseHttpServer (BaseHttpServer.java:updateConnectorAddress(215)) - HTTP server of SCM is listening at http://0.0.0.0:45548
2019-10-18 08:15:00,236 [org.apache.hadoop.util.JvmPauseMonitor$Monitor@226f885f] INFO  util.JvmPauseMonitor (JvmPauseMonitor.java:run(188)) - Starting JVM pause monitor
2019-10-18 08:15:00,241 [main] WARN  server.ServerUtils (ServerUtils.java:getDBPath(222)) - ozone.om.db.dirs is not configured. We recommend adding this setting. Falling back to ozone.metadata.dirs instead.
2019-10-18 08:15:00,356 [main] INFO  ha.OMHANodeDetails (OMHANodeDetails.java:loadOMHAConfig(190)) - Configuration either no ozone.om.address set. Falling back to the default OM address /127.0.0.1:0
2019-10-18 08:15:00,356 [main] INFO  ha.OMHANodeDetails (OMHANodeDetails.java:getOMNodeDetails(220)) - OM Service ID is not set. Setting it to the default ID: omServiceIdDefault
2019-10-18 08:15:00,358 [main] WARN  server.ServerUtils (ServerUtils.java:getDBPath(222)) - ozone.om.db.dirs is not configured. We recommend adding this setting. Falling back to ozone.metadata.dirs instead.
2019-10-18 08:15:00,359 [main] WARN  server.ServerUtils (ServerUtils.java:getDBPath(222)) - ozone.om.db.dirs is not configured. We recommend adding this setting. Falling back to ozone.metadata.dirs instead.
2019-10-18 08:15:00,999 [main] WARN  server.ServerUtils (ServerUtils.java:getDBPath(222)) - ozone.om.db.dirs is not configured. We recommend adding this setting. Falling back to ozone.metadata.dirs instead.
2019-10-18 08:15:01,007 [main] INFO  db.DBStoreBuilder (DBStoreBuilder.java:addTable(117)) - using custom profile for table: userTable
2019-10-18 08:15:01,007 [main] INFO  db.DBStoreBuilder (DBStoreBuilder.java:processTables(168)) - Using default column profile:DBProfile.DISK for Table:userTable
2019-10-18 08:15:01,008 [main] INFO  db.DBStoreBuilder (DBStoreBuilder.java:addTable(117)) - using custom profile for table: volumeTable
2019-10-18 08:15:01,008 [main] INFO  db.DBStoreBuilder (DBStoreBuilder.java:processTables(168)) - Using default column profile:DBProfile.DISK for Table:volumeTable
2019-10-18 08:15:01,008 [main] INFO  db.DBStoreBuilder (DBStoreBuilder.java:addTable(117)) - using custom profile for table: bucketTable
2019-10-18 08:15:01,008 [main] INFO  db.DBStoreBuilder (DBStoreBuilder.java:processTables(168)) - Using default column profile:DBProfile.DISK for Table:bucketTable
2019-10-18 08:15:01,009 [main] INFO  db.DBStoreBuilder (DBStoreBuilder.java:addTable(117)) - using custom profile for table: keyTable
2019-10-18 08:15:01,009 [main] INFO  db.DBStoreBuilder (DBStoreBuilder.java:processTables(168)) - Using default column profile:DBProfile.DISK for Table:keyTable
2019-10-18 08:15:01,009 [main] INFO  db.DBStoreBuilder (DBStoreBuilder.java:addTable(117)) - using custom profile for table: deletedTable
2019-10-18 08:15:01,009 [main] INFO  db.DBStoreBuilder (DBStoreBuilder.java:processTables(168)) - Using default column profile:DBProfile.DISK for Table:deletedTable
2019-10-18 08:15:01,010 [main] INFO  db.DBStoreBuilder (DBStoreBuilder.java:addTable(117)) - using custom profile for table: openKeyTable
2019-10-18 08:15:01,010 [main] INFO  db.DBStoreBuilder (DBStoreBuilder.java:processTables(168)) - Using default column profile:DBProfile.DISK for Table:openKeyTable
2019-10-18 08:15:01,010 [main] INFO  db.DBStoreBuilder (DBStoreBuilder.java:addTable(117)) - using custom profile for table: s3Table
2019-10-18 08:15:01,010 [main] INFO  db.DBStoreBuilder (DBStoreBuilder.java:processTables(168)) - Using default column profile:DBProfile.DISK for Table:s3Table
2019-10-18 08:15:01,010 [main] INFO  db.DBStoreBuilder (DBStoreBuilder.java:addTable(117)) - using custom profile for table: multipartInfoTable
2019-10-18 08:15:01,011 [main] INFO  db.DBStoreBuilder (DBStoreBuilder.java:processTables(168)) - Using default column profile:DBProfile.DISK for Table:multipartInfoTable
2019-10-18 08:15:01,011 [main] INFO  db.DBStoreBuilder (DBStoreBuilder.java:addTable(117)) - using custom profile for table: dTokenTable
2019-10-18 08:15:01,011 [main] INFO  db.DBStoreBuilder (DBStoreBuilder.java:processTables(168)) - Using default column profile:DBProfile.DISK for Table:dTokenTable
2019-10-18 08:15:01,011 [main] INFO  db.DBStoreBuilder (DBStoreBuilder.java:addTable(117)) - using custom profile for table: s3SecretTable
2019-10-18 08:15:01,012 [main] INFO  db.DBStoreBuilder (DBStoreBuilder.java:processTables(168)) - Using default column profile:DBProfile.DISK for Table:s3SecretTable
2019-10-18 08:15:01,012 [main] INFO  db.DBStoreBuilder (DBStoreBuilder.java:addTable(117)) - using custom profile for table: prefixTable
2019-10-18 08:15:01,012 [main] INFO  db.DBStoreBuilder (DBStoreBuilder.java:processTables(168)) - Using default column profile:DBProfile.DISK for Table:prefixTable
2019-10-18 08:15:01,012 [main] INFO  db.DBStoreBuilder (DBStoreBuilder.java:addTable(117)) - using custom profile for table: default
2019-10-18 08:15:01,012 [main] INFO  db.DBStoreBuilder (DBStoreBuilder.java:processTables(174)) - Using default column profile:DBProfile.DISK for Table:default
2019-10-18 08:15:01,013 [main] INFO  db.DBStoreBuilder (DBStoreBuilder.java:getDbProfile(205)) - Using default options. DBProfile.DISK
2019-10-18 08:15:01,373 [main] INFO  ipc.CallQueueManager (CallQueueManager.java:<init>(84)) - Using callQueue: class java.util.concurrent.LinkedBlockingQueue, queueCapacity: 2000, scheduler: class org.apache.hadoop.ipc.DefaultRpcScheduler, ipcBackoff: false.
2019-10-18 08:15:01,374 [Socket Reader #1 for port 45627] INFO  ipc.Server (Server.java:run(1074)) - Starting Socket Reader #1 for port 45627
2019-10-18 08:15:01,406 [main] INFO  om.OzoneManager (OzoneManager.java:start(1071)) - OzoneManager RPC server is listening at localhost/127.0.0.1:45627
2019-10-18 08:15:01,406 [main] INFO  impl.MetricsSystemImpl (MetricsSystemImpl.java:init(158)) - OzoneManager metrics system started (again)
2019-10-18 08:15:01,417 [IPC Server Responder] INFO  ipc.Server (Server.java:run(1314)) - IPC Server Responder: starting
2019-10-18 08:15:01,417 [IPC Server listener on 45627] INFO  ipc.Server (Server.java:run(1153)) - IPC Server listener on 45627: starting
2019-10-18 08:15:01,424 [main] INFO  hdfs.DFSUtil (DFSUtil.java:httpServerTemplateForNNAndJN(1641)) - Starting Web-server for ozoneManager at: http://0.0.0.0:0
2019-10-18 08:15:01,428 [main] INFO  server.AuthenticationFilter (AuthenticationFilter.java:constructSecretProvider(240)) - Unable to initialize FileSignerSecretProvider, falling back to use random secrets.
2019-10-18 08:15:01,429 [main] WARN  http.HttpRequestLog (HttpRequestLog.java:getRequestLog(97)) - Jetty request log can only be enabled using Log4j
2019-10-18 08:15:01,432 [main] INFO  http.HttpServer2 (HttpServer2.java:addGlobalFilter(975)) - Added global filter 'safety' (class=org.apache.hadoop.http.HttpServer2$QuotingInputFilter)
2019-10-18 08:15:01,434 [main] INFO  http.HttpServer2 (HttpServer2.java:addFilter(948)) - Added filter static_user_filter (class=org.apache.hadoop.http.lib.StaticUserWebFilter$StaticUserFilter) to context ozoneManager
2019-10-18 08:15:01,434 [main] INFO  http.HttpServer2 (HttpServer2.java:addFilter(958)) - Added filter static_user_filter (class=org.apache.hadoop.http.lib.StaticUserWebFilter$StaticUserFilter) to context static
2019-10-18 08:15:01,434 [main] INFO  http.HttpServer2 (HttpServer2.java:addFilter(958)) - Added filter static_user_filter (class=org.apache.hadoop.http.lib.StaticUserWebFilter$StaticUserFilter) to context logs
2019-10-18 08:15:01,437 [main] INFO  http.HttpServer2 (HttpServer2.java:bindListener(1191)) - Jetty bound to port 34205
2019-10-18 08:15:01,437 [main] INFO  server.Server (Server.java:doStart(351)) - jetty-9.3.25.v20180904, build timestamp: 2018-09-04T21:11:46Z, git hash: 3ce520221d0240229c862b122d2b06c12a625732
2019-10-18 08:15:01,440 [main] INFO  handler.ContextHandler (ContextHandler.java:doStart(781)) - Started o.e.j.s.ServletContextHandler@7e46d648{/logs,file:///workdir/hadoop-ozone/tools/target/log,AVAILABLE}
2019-10-18 08:15:01,441 [main] INFO  handler.ContextHandler (ContextHandler.java:doStart(781)) - Started o.e.j.s.ServletContextHandler@2b0b4d53{/static,jar:file:/home/user/.m2/repository/org/apache/hadoop/hadoop-ozone-ozone-manager/0.5.0-SNAPSHOT/hadoop-ozone-ozone-manager-0.5.0-SNAPSHOT.jar!/webapps/static,AVAILABLE}
2019-10-18 08:15:01,504 [main] INFO  handler.ContextHandler (ContextHandler.java:doStart(781)) - Started o.e.j.w.WebAppContext@4bee18dc{/,file:///tmp/jetty-0.0.0.0-34205-ozoneManager-_-any-7762359867681490376.dir/webapp/,AVAILABLE}{/ozoneManager}
2019-10-18 08:15:01,505 [main] INFO  server.AbstractConnector (AbstractConnector.java:doStart(278)) - Started ServerConnector@44f3fe83{HTTP/1.1,[http/1.1]}{0.0.0.0:34205}
2019-10-18 08:15:01,506 [main] INFO  server.Server (Server.java:doStart(419)) - Started @4183ms
2019-10-18 08:15:01,507 [main] WARN  impl.MetricsSystemImpl (MetricsSystemImpl.java:register(276)) - Sink prometheus already exists!
2019-10-18 08:15:01,509 [main] INFO  server.BaseHttpServer (BaseHttpServer.java:updateConnectorAddress(215)) - HTTP server of OZONEMANAGER is listening at http://0.0.0.0:34205
2019-10-18 08:15:01,773 [main] INFO  impl.MetricsSystemImpl (MetricsSystemImpl.java:init(158)) - HddsDatanode metrics system started (again)
2019-10-18 08:15:01,824 [main] INFO  ozone.HddsDatanodeService (HddsDatanodeService.java:start(184)) - HddsDatanodeService host:pr-hdds-1868-wx8dl-4219780377 ip:192.168.69.67
2019-10-18 08:15:01,857 [main] INFO  volume.HddsVolume (HddsVolume.java:<init>(176)) - Creating Volume: /workdir/hadoop-ozone/tools/target/test-dir/MiniOzoneClusterImpl-73343d47-350e-4161-ad34-574c9e7c486b/datanode-0/data/containers/hdds of  storage type : DISK and capacity : 1482555576320
2019-10-18 08:15:01,859 [main] INFO  volume.VolumeSet (VolumeSet.java:initializeVolumeSet(170)) - Added Volume : /workdir/hadoop-ozone/tools/target/test-dir/MiniOzoneClusterImpl-73343d47-350e-4161-ad34-574c9e7c486b/datanode-0/data/containers/hdds to VolumeSet
2019-10-18 08:15:01,862 [main] INFO  volume.ThrottledAsyncChecker (ThrottledAsyncChecker.java:schedule(141)) - Scheduling a check for /workdir/hadoop-ozone/tools/target/test-dir/MiniOzoneClusterImpl-73343d47-350e-4161-ad34-574c9e7c486b/datanode-0/data/containers/hdds
2019-10-18 08:15:01,879 [main] INFO  volume.HddsVolumeChecker (HddsVolumeChecker.java:checkAllVolumes(204)) - Scheduled health check for volume /workdir/hadoop-ozone/tools/target/test-dir/MiniOzoneClusterImpl-73343d47-350e-4161-ad34-574c9e7c486b/datanode-0/data/containers/hdds
2019-10-18 08:15:01,987 [main] INFO  impl.RaftServerProxy (ConfUtils.java:logGet(43)) - raft.rpc.type = GRPC (default)
2019-10-18 08:15:02,049 [main] INFO  grpc.GrpcFactory (GrpcFactory.java:checkPooledByteBufAllocatorUseCacheForAllThreads(45)) - PERFORMANCE WARNING: useCacheForAllThreads is true that may cause Netty to create a lot garbage objects and, as a result, trigger GC.
	It is recommended to disable useCacheForAllThreads by setting -Dorg.apache.ratis.thirdparty.io.netty.allocator.useCacheForAllThreads=false in command line.
2019-10-18 08:15:02,057 [main] INFO  grpc.GrpcConfigKeys$Server (ConfUtils.java:logGet(43)) - raft.grpc.server.port = 0 (default)
2019-10-18 08:15:02,059 [main] INFO  server.GrpcService (ConfUtils.java:logGet(43)) - raft.grpc.message.size.max = 33570816 (custom)
2019-10-18 08:15:02,061 [main] INFO  server.RaftServerConfigKeys (ConfUtils.java:logGet(43)) - raft.server.log.appender.buffer.byte-limit = 33554432 (custom)
2019-10-18 08:15:02,063 [main] INFO  server.GrpcService (ConfUtils.java:logGet(43)) - raft.grpc.flow.control.window = 1MB (=1048576) (default)
2019-10-18 08:15:02,064 [main] INFO  server.RaftServerConfigKeys (ConfUtils.java:logGet(43)) - raft.server.rpc.request.timeout = 3000ms (default)
2019-10-18 08:15:02,274 [main] INFO  server.RaftServerConfigKeys (ConfUtils.java:logGet(43)) - raft.server.storage.dir = [/workdir/hadoop-ozone/tools/target/test-dir/MiniOzoneClusterImpl-73343d47-350e-4161-ad34-574c9e7c486b/datanode-0/data/ratis] (custom)
2019-10-18 08:15:02,325 [main] INFO  hdfs.DFSUtil (DFSUtil.java:httpServerTemplateForNNAndJN(1641)) - Starting Web-server for hddsDatanode at: http://0.0.0.0:0
2019-10-18 08:15:02,327 [main] INFO  server.AuthenticationFilter (AuthenticationFilter.java:constructSecretProvider(240)) - Unable to initialize FileSignerSecretProvider, falling back to use random secrets.
2019-10-18 08:15:02,328 [main] WARN  http.HttpRequestLog (HttpRequestLog.java:getRequestLog(97)) - Jetty request log can only be enabled using Log4j
2019-10-18 08:15:02,330 [main] INFO  http.HttpServer2 (HttpServer2.java:addGlobalFilter(975)) - Added global filter 'safety' (class=org.apache.hadoop.http.HttpServer2$QuotingInputFilter)
2019-10-18 08:15:02,331 [main] INFO  http.HttpServer2 (HttpServer2.java:addFilter(948)) - Added filter static_user_filter (class=org.apache.hadoop.http.lib.StaticUserWebFilter$StaticUserFilter) to context hddsDatanode
2019-10-18 08:15:02,331 [main] INFO  http.HttpServer2 (HttpServer2.java:addFilter(958)) - Added filter static_user_filter (class=org.apache.hadoop.http.lib.StaticUserWebFilter$StaticUserFilter) to context static
2019-10-18 08:15:02,332 [main] INFO  http.HttpServer2 (HttpServer2.java:addFilter(958)) - Added filter static_user_filter (class=org.apache.hadoop.http.lib.StaticUserWebFilter$StaticUserFilter) to context logs
2019-10-18 08:15:02,333 [main] INFO  http.HttpServer2 (HttpServer2.java:bindListener(1191)) - Jetty bound to port 32881
2019-10-18 08:15:02,333 [main] INFO  server.Server (Server.java:doStart(351)) - jetty-9.3.25.v20180904, build timestamp: 2018-09-04T21:11:46Z, git hash: 3ce520221d0240229c862b122d2b06c12a625732
2019-10-18 08:15:02,336 [main] INFO  handler.ContextHandler (ContextHandler.java:doStart(781)) - Started o.e.j.s.ServletContextHandler@de8039f{/logs,file:///workdir/hadoop-ozone/tools/target/log,AVAILABLE}
2019-10-18 08:15:02,336 [main] INFO  handler.ContextHandler (ContextHandler.java:doStart(781)) - Started o.e.j.s.ServletContextHandler@582a764a{/static,jar:file:/home/user/.m2/repository/org/apache/hadoop/hadoop-hdds-container-service/0.5.0-SNAPSHOT/hadoop-hdds-container-service-0.5.0-SNAPSHOT.jar!/webapps/static,AVAILABLE}
2019-10-18 08:15:02,367 [main] INFO  handler.ContextHandler (ContextHandler.java:doStart(781)) - Started o.e.j.w.WebAppContext@554f0dfb{/,file:///tmp/jetty-0.0.0.0-32881-hddsDatanode-_-any-5958259829437766497.dir/webapp/,AVAILABLE}{/hddsDatanode}
2019-10-18 08:15:02,367 [main] INFO  server.AbstractConnector (AbstractConnector.java:doStart(278)) - Started ServerConnector@1f7076bc{HTTP/1.1,[http/1.1]}{0.0.0.0:32881}
2019-10-18 08:15:02,369 [main] INFO  server.Server (Server.java:doStart(419)) - Started @5045ms
2019-10-18 08:15:02,370 [main] WARN  impl.MetricsSystemImpl (MetricsSystemImpl.java:register(276)) - Sink prometheus already exists!
2019-10-18 08:15:02,371 [main] INFO  server.BaseHttpServer (BaseHttpServer.java:updateConnectorAddress(215)) - HTTP server of HDDSDATANODE is listening at http://0.0.0.0:32881
2019-10-18 08:15:02,372 [main] INFO  impl.MetricsSystemImpl (MetricsSystemImpl.java:init(158)) - HddsDatanode metrics system started (again)
2019-10-18 08:15:02,375 [main] INFO  ozone.HddsDatanodeService (HddsDatanodeService.java:start(184)) - HddsDatanodeService host:pr-hdds-1868-wx8dl-4219780377 ip:192.168.69.67
2019-10-18 08:15:02,378 [org.apache.hadoop.util.JvmPauseMonitor$Monitor@301cc577] INFO  util.JvmPauseMonitor (JvmPauseMonitor.java:run(188)) - Starting JVM pause monitor
2019-10-18 08:15:02,386 [main] INFO  volume.HddsVolume (HddsVolume.java:<init>(176)) - Creating Volume: /workdir/hadoop-ozone/tools/target/test-dir/MiniOzoneClusterImpl-73343d47-350e-4161-ad34-574c9e7c486b/datanode-1/data/containers/hdds of  storage type : DISK and capacity : 1482555576320
2019-10-18 08:15:02,386 [main] INFO  volume.VolumeSet (VolumeSet.java:initializeVolumeSet(170)) - Added Volume : /workdir/hadoop-ozone/tools/target/test-dir/MiniOzoneClusterImpl-73343d47-350e-4161-ad34-574c9e7c486b/datanode-1/data/containers/hdds to VolumeSet
2019-10-18 08:15:02,387 [main] INFO  volume.ThrottledAsyncChecker (ThrottledAsyncChecker.java:schedule(141)) - Scheduling a check for /workdir/hadoop-ozone/tools/target/test-dir/MiniOzoneClusterImpl-73343d47-350e-4161-ad34-574c9e7c486b/datanode-1/data/containers/hdds
2019-10-18 08:15:02,387 [main] INFO  volume.HddsVolumeChecker (HddsVolumeChecker.java:checkAllVolumes(204)) - Scheduled health check for volume /workdir/hadoop-ozone/tools/target/test-dir/MiniOzoneClusterImpl-73343d47-350e-4161-ad34-574c9e7c486b/datanode-1/data/containers/hdds
2019-10-18 08:15:02,406 [main] INFO  impl.RaftServerProxy (ConfUtils.java:logGet(43)) - raft.rpc.type = GRPC (default)
2019-10-18 08:15:02,406 [main] INFO  grpc.GrpcFactory (GrpcFactory.java:checkPooledByteBufAllocatorUseCacheForAllThreads(45)) - PERFORMANCE WARNING: useCacheForAllThreads is true that may cause Netty to create a lot garbage objects and, as a result, trigger GC.
	It is recommended to disable useCacheForAllThreads by setting -Dorg.apache.ratis.thirdparty.io.netty.allocator.useCacheForAllThreads=false in command line.
2019-10-18 08:15:02,406 [main] INFO  grpc.GrpcConfigKeys$Server (ConfUtils.java:logGet(43)) - raft.grpc.server.port = 0 (default)
2019-10-18 08:15:02,407 [main] INFO  server.GrpcService (ConfUtils.java:logGet(43)) - raft.grpc.message.size.max = 33570816 (custom)
2019-10-18 08:15:02,407 [main] INFO  server.RaftServerConfigKeys (ConfUtils.java:logGet(43)) - raft.server.log.appender.buffer.byte-limit = 33554432 (custom)
2019-10-18 08:15:02,407 [main] INFO  server.GrpcService (ConfUtils.java:logGet(43)) - raft.grpc.flow.control.window = 1MB (=1048576) (default)
2019-10-18 08:15:02,407 [main] INFO  server.RaftServerConfigKeys (ConfUtils.java:logGet(43)) - raft.server.rpc.request.timeout = 3000ms (default)
2019-10-18 08:15:02,408 [main] INFO  server.RaftServerConfigKeys (ConfUtils.java:logGet(43)) - raft.server.storage.dir = [/workdir/hadoop-ozone/tools/target/test-dir/MiniOzoneClusterImpl-73343d47-350e-4161-ad34-574c9e7c486b/datanode-1/data/ratis] (custom)
2019-10-18 08:15:02,411 [main] INFO  hdfs.DFSUtil (DFSUtil.java:httpServerTemplateForNNAndJN(1641)) - Starting Web-server for hddsDatanode at: http://0.0.0.0:0
2019-10-18 08:15:02,412 [main] INFO  server.AuthenticationFilter (AuthenticationFilter.java:constructSecretProvider(240)) - Unable to initialize FileSignerSecretProvider, falling back to use random secrets.
2019-10-18 08:15:02,413 [main] WARN  http.HttpRequestLog (HttpRequestLog.java:getRequestLog(97)) - Jetty request log can only be enabled using Log4j
2019-10-18 08:15:02,414 [main] INFO  http.HttpServer2 (HttpServer2.java:addGlobalFilter(975)) - Added global filter 'safety' (class=org.apache.hadoop.http.HttpServer2$QuotingInputFilter)
2019-10-18 08:15:02,415 [main] INFO  http.HttpServer2 (HttpServer2.java:addFilter(948)) - Added filter static_user_filter (class=org.apache.hadoop.http.lib.StaticUserWebFilter$StaticUserFilter) to context hddsDatanode
2019-10-18 08:15:02,416 [main] INFO  http.HttpServer2 (HttpServer2.java:addFilter(958)) - Added filter static_user_filter (class=org.apache.hadoop.http.lib.StaticUserWebFilter$StaticUserFilter) to context logs
2019-10-18 08:15:02,416 [main] INFO  http.HttpServer2 (HttpServer2.java:addFilter(958)) - Added filter static_user_filter (class=org.apache.hadoop.http.lib.StaticUserWebFilter$StaticUserFilter) to context static
2019-10-18 08:15:02,417 [main] INFO  http.HttpServer2 (HttpServer2.java:bindListener(1191)) - Jetty bound to port 33952
2019-10-18 08:15:02,417 [main] INFO  server.Server (Server.java:doStart(351)) - jetty-9.3.25.v20180904, build timestamp: 2018-09-04T21:11:46Z, git hash: 3ce520221d0240229c862b122d2b06c12a625732
2019-10-18 08:15:02,421 [main] INFO  handler.ContextHandler (ContextHandler.java:doStart(781)) - Started o.e.j.s.ServletContextHandler@7add323c{/logs,file:///workdir/hadoop-ozone/tools/target/log,AVAILABLE}
2019-10-18 08:15:02,421 [main] INFO  handler.ContextHandler (ContextHandler.java:doStart(781)) - Started o.e.j.s.ServletContextHandler@4760f169{/static,jar:file:/home/user/.m2/repository/org/apache/hadoop/hadoop-hdds-container-service/0.5.0-SNAPSHOT/hadoop-hdds-container-service-0.5.0-SNAPSHOT.jar!/webapps/static,AVAILABLE}
2019-10-18 08:15:02,453 [main] INFO  handler.ContextHandler (ContextHandler.java:doStart(781)) - Started o.e.j.w.WebAppContext@1effd53c{/,file:///tmp/jetty-0.0.0.0-33952-hddsDatanode-_-any-5751538530896992402.dir/webapp/,AVAILABLE}{/hddsDatanode}
2019-10-18 08:15:02,454 [main] INFO  server.AbstractConnector (AbstractConnector.java:doStart(278)) - Started ServerConnector@46c269e0{HTTP/1.1,[http/1.1]}{0.0.0.0:33952}
2019-10-18 08:15:02,454 [main] INFO  server.Server (Server.java:doStart(419)) - Started @5131ms
2019-10-18 08:15:02,455 [main] WARN  impl.MetricsSystemImpl (MetricsSystemImpl.java:register(276)) - Sink prometheus already exists!
2019-10-18 08:15:02,456 [main] INFO  server.BaseHttpServer (BaseHttpServer.java:updateConnectorAddress(215)) - HTTP server of HDDSDATANODE is listening at http://0.0.0.0:33952
2019-10-18 08:15:02,457 [main] INFO  impl.MetricsSystemImpl (MetricsSystemImpl.java:init(158)) - HddsDatanode metrics system started (again)
2019-10-18 08:15:02,460 [org.apache.hadoop.util.JvmPauseMonitor$Monitor@2a623ae5] INFO  util.JvmPauseMonitor (JvmPauseMonitor.java:run(188)) - Starting JVM pause monitor
2019-10-18 08:15:02,460 [main] INFO  ozone.HddsDatanodeService (HddsDatanodeService.java:start(184)) - HddsDatanodeService host:pr-hdds-1868-wx8dl-4219780377 ip:192.168.69.67
2019-10-18 08:15:02,470 [main] INFO  volume.HddsVolume (HddsVolume.java:<init>(176)) - Creating Volume: /workdir/hadoop-ozone/tools/target/test-dir/MiniOzoneClusterImpl-73343d47-350e-4161-ad34-574c9e7c486b/datanode-2/data/containers/hdds of  storage type : DISK and capacity : 1482555576320
2019-10-18 08:15:02,470 [main] INFO  volume.VolumeSet (VolumeSet.java:initializeVolumeSet(170)) - Added Volume : /workdir/hadoop-ozone/tools/target/test-dir/MiniOzoneClusterImpl-73343d47-350e-4161-ad34-574c9e7c486b/datanode-2/data/containers/hdds to VolumeSet
2019-10-18 08:15:02,471 [main] INFO  volume.ThrottledAsyncChecker (ThrottledAsyncChecker.java:schedule(141)) - Scheduling a check for /workdir/hadoop-ozone/tools/target/test-dir/MiniOzoneClusterImpl-73343d47-350e-4161-ad34-574c9e7c486b/datanode-2/data/containers/hdds
2019-10-18 08:15:02,471 [main] INFO  volume.HddsVolumeChecker (HddsVolumeChecker.java:checkAllVolumes(204)) - Scheduled health check for volume /workdir/hadoop-ozone/tools/target/test-dir/MiniOzoneClusterImpl-73343d47-350e-4161-ad34-574c9e7c486b/datanode-2/data/containers/hdds
2019-10-18 08:15:02,486 [Datanode State Machine Thread - 0] INFO  datanode.InitDatanodeState (InitDatanodeState.java:persistContainerDatanodeDetails(140)) - DatanodeDetails is persisted to /workdir/hadoop-ozone/tools/target/test-dir/MiniOzoneClusterImpl-73343d47-350e-4161-ad34-574c9e7c486b/datanode-0/meta/datanode.id
2019-10-18 08:15:02,490 [main] INFO  impl.RaftServerProxy (ConfUtils.java:logGet(43)) - raft.rpc.type = GRPC (default)
2019-10-18 08:15:02,490 [main] INFO  grpc.GrpcFactory (GrpcFactory.java:checkPooledByteBufAllocatorUseCacheForAllThreads(45)) - PERFORMANCE WARNING: useCacheForAllThreads is true that may cause Netty to create a lot garbage objects and, as a result, trigger GC.
	It is recommended to disable useCacheForAllThreads by setting -Dorg.apache.ratis.thirdparty.io.netty.allocator.useCacheForAllThreads=false in command line.
2019-10-18 08:15:02,490 [main] INFO  grpc.GrpcConfigKeys$Server (ConfUtils.java:logGet(43)) - raft.grpc.server.port = 0 (default)
2019-10-18 08:15:02,490 [main] INFO  server.GrpcService (ConfUtils.java:logGet(43)) - raft.grpc.message.size.max = 33570816 (custom)
2019-10-18 08:15:02,490 [main] INFO  server.RaftServerConfigKeys (ConfUtils.java:logGet(43)) - raft.server.log.appender.buffer.byte-limit = 33554432 (custom)
2019-10-18 08:15:02,491 [main] INFO  server.GrpcService (ConfUtils.java:logGet(43)) - raft.grpc.flow.control.window = 1MB (=1048576) (default)
2019-10-18 08:15:02,491 [Datanode State Machine Thread - 0] INFO  datanode.InitDatanodeState (InitDatanodeState.java:persistContainerDatanodeDetails(140)) - DatanodeDetails is persisted to /workdir/hadoop-ozone/tools/target/test-dir/MiniOzoneClusterImpl-73343d47-350e-4161-ad34-574c9e7c486b/datanode-1/meta/datanode.id
2019-10-18 08:15:02,491 [main] INFO  server.RaftServerConfigKeys (ConfUtils.java:logGet(43)) - raft.server.rpc.request.timeout = 3000ms (default)
2019-10-18 08:15:02,492 [main] INFO  server.RaftServerConfigKeys (ConfUtils.java:logGet(43)) - raft.server.storage.dir = [/workdir/hadoop-ozone/tools/target/test-dir/MiniOzoneClusterImpl-73343d47-350e-4161-ad34-574c9e7c486b/datanode-2/data/ratis] (custom)
2019-10-18 08:15:02,494 [main] INFO  hdfs.DFSUtil (DFSUtil.java:httpServerTemplateForNNAndJN(1641)) - Starting Web-server for hddsDatanode at: http://0.0.0.0:0
2019-10-18 08:15:02,495 [main] INFO  server.AuthenticationFilter (AuthenticationFilter.java:constructSecretProvider(240)) - Unable to initialize FileSignerSecretProvider, falling back to use random secrets.
2019-10-18 08:15:02,496 [main] WARN  http.HttpRequestLog (HttpRequestLog.java:getRequestLog(97)) - Jetty request log can only be enabled using Log4j
2019-10-18 08:15:02,497 [main] INFO  http.HttpServer2 (HttpServer2.java:addGlobalFilter(975)) - Added global filter 'safety' (class=org.apache.hadoop.http.HttpServer2$QuotingInputFilter)
2019-10-18 08:15:02,498 [main] INFO  http.HttpServer2 (HttpServer2.java:addFilter(948)) - Added filter static_user_filter (class=org.apache.hadoop.http.lib.StaticUserWebFilter$StaticUserFilter) to context hddsDatanode
2019-10-18 08:15:02,498 [main] INFO  http.HttpServer2 (HttpServer2.java:addFilter(958)) - Added filter static_user_filter (class=org.apache.hadoop.http.lib.StaticUserWebFilter$StaticUserFilter) to context logs
2019-10-18 08:15:02,498 [main] INFO  http.HttpServer2 (HttpServer2.java:addFilter(958)) - Added filter static_user_filter (class=org.apache.hadoop.http.lib.StaticUserWebFilter$StaticUserFilter) to context static
2019-10-18 08:15:02,499 [main] INFO  http.HttpServer2 (HttpServer2.java:bindListener(1191)) - Jetty bound to port 39277
2019-10-18 08:15:02,499 [main] INFO  server.Server (Server.java:doStart(351)) - jetty-9.3.25.v20180904, build timestamp: 2018-09-04T21:11:46Z, git hash: 3ce520221d0240229c862b122d2b06c12a625732
2019-10-18 08:15:02,501 [main] INFO  handler.ContextHandler (ContextHandler.java:doStart(781)) - Started o.e.j.s.ServletContextHandler@3c5dbdf8{/logs,file:///workdir/hadoop-ozone/tools/target/log,AVAILABLE}
2019-10-18 08:15:02,502 [main] INFO  handler.ContextHandler (ContextHandler.java:doStart(781)) - Started o.e.j.s.ServletContextHandler@7aac8884{/static,jar:file:/home/user/.m2/repository/org/apache/hadoop/hadoop-hdds-container-service/0.5.0-SNAPSHOT/hadoop-hdds-container-service-0.5.0-SNAPSHOT.jar!/webapps/static,AVAILABLE}
2019-10-18 08:15:02,531 [main] INFO  handler.ContextHandler (ContextHandler.java:doStart(781)) - Started o.e.j.w.WebAppContext@78054f54{/,file:///tmp/jetty-0.0.0.0-39277-hddsDatanode-_-any-2635733982038761061.dir/webapp/,AVAILABLE}{/hddsDatanode}
2019-10-18 08:15:02,532 [main] INFO  server.AbstractConnector (AbstractConnector.java:doStart(278)) - Started ServerConnector@cb7fa71{HTTP/1.1,[http/1.1]}{0.0.0.0:39277}
2019-10-18 08:15:02,533 [main] INFO  server.Server (Server.java:doStart(419)) - Started @5209ms
2019-10-18 08:15:02,533 [main] WARN  impl.MetricsSystemImpl (MetricsSystemImpl.java:register(276)) - Sink prometheus already exists!
2019-10-18 08:15:02,534 [main] INFO  server.BaseHttpServer (BaseHttpServer.java:updateConnectorAddress(215)) - HTTP server of HDDSDATANODE is listening at http://0.0.0.0:39277
2019-10-18 08:15:02,536 [main] INFO  ozone.MiniOzoneClusterImpl (MiniOzoneClusterImpl.java:lambda$waitForClusterToBeReady$2(172)) - Waiting for cluster to be ready. Got 0 of 3 DN Heartbeats.
2019-10-18 08:15:02,537 [org.apache.hadoop.util.JvmPauseMonitor$Monitor@ae0ec91] INFO  util.JvmPauseMonitor (JvmPauseMonitor.java:run(188)) - Starting JVM pause monitor
2019-10-18 08:15:02,539 [Datanode State Machine Thread - 0] INFO  datanode.InitDatanodeState (InitDatanodeState.java:persistContainerDatanodeDetails(140)) - DatanodeDetails is persisted to /workdir/hadoop-ozone/tools/target/test-dir/MiniOzoneClusterImpl-73343d47-350e-4161-ad34-574c9e7c486b/datanode-2/meta/datanode.id
2019-10-18 08:15:03,537 [main] INFO  ozone.MiniOzoneClusterImpl (MiniOzoneClusterImpl.java:lambda$waitForClusterToBeReady$2(172)) - Waiting for cluster to be ready. Got 0 of 3 DN Heartbeats.
2019-10-18 08:15:04,478 [Datanode State Machine Thread - 0] INFO  ozoneimpl.OzoneContainer (OzoneContainer.java:start(213)) - Attempting to start container services.
2019-10-18 08:15:04,478 [Datanode State Machine Thread - 0] INFO  ozoneimpl.OzoneContainer (OzoneContainer.java:start(213)) - Attempting to start container services.
2019-10-18 08:15:04,481 [Datanode State Machine Thread - 0] INFO  ozoneimpl.OzoneContainer (OzoneContainer.java:startContainerScrub(177)) - Background container scanner has been disabled.
2019-10-18 08:15:04,482 [Datanode State Machine Thread - 0] INFO  ozoneimpl.OzoneContainer (OzoneContainer.java:startContainerScrub(177)) - Background container scanner has been disabled.
2019-10-18 08:15:04,482 [Datanode State Machine Thread - 0] INFO  ratis.XceiverServerRatis (XceiverServerRatis.java:start(424)) - Starting XceiverServerRatis ccb54c7c-d652-4a32-8fba-bee4dbf2a7ee at port 0
2019-10-18 08:15:04,482 [Datanode State Machine Thread - 0] INFO  ratis.XceiverServerRatis (XceiverServerRatis.java:start(424)) - Starting XceiverServerRatis 413e678e-a618-4c92-927e-441fcc799019 at port 0
2019-10-18 08:15:04,511 [Datanode State Machine Thread - 0] INFO  impl.RaftServerProxy (RaftServerProxy.java:lambda$start$3(299)) - ccb54c7c-d652-4a32-8fba-bee4dbf2a7ee: start RPC server
2019-10-18 08:15:04,511 [Datanode State Machine Thread - 0] INFO  impl.RaftServerProxy (RaftServerProxy.java:lambda$start$3(299)) - 413e678e-a618-4c92-927e-441fcc799019: start RPC server
2019-10-18 08:15:04,539 [main] INFO  ozone.MiniOzoneClusterImpl (MiniOzoneClusterImpl.java:lambda$waitForClusterToBeReady$2(172)) - Waiting for cluster to be ready. Got 0 of 3 DN Heartbeats.
2019-10-18 08:15:04,554 [Datanode State Machine Thread - 0] INFO  ozoneimpl.OzoneContainer (OzoneContainer.java:start(213)) - Attempting to start container services.
2019-10-18 08:15:04,560 [Datanode State Machine Thread - 0] INFO  ozoneimpl.OzoneContainer (OzoneContainer.java:startContainerScrub(177)) - Background container scanner has been disabled.
2019-10-18 08:15:04,560 [Datanode State Machine Thread - 0] INFO  ratis.XceiverServerRatis (XceiverServerRatis.java:start(424)) - Starting XceiverServerRatis de33c61e-1baa-412c-a678-1642e68dfdea at port 0
2019-10-18 08:15:04,570 [Datanode State Machine Thread - 0] INFO  impl.RaftServerProxy (RaftServerProxy.java:lambda$start$3(299)) - de33c61e-1baa-412c-a678-1642e68dfdea: start RPC server
2019-10-18 08:15:04,660 [Datanode State Machine Thread - 0] INFO  server.GrpcService (GrpcService.java:startImpl(158)) - de33c61e-1baa-412c-a678-1642e68dfdea: GrpcService started, listening on 0.0.0.0/0.0.0.0:35710
2019-10-18 08:15:04,660 [Datanode State Machine Thread - 0] INFO  server.GrpcService (GrpcService.java:startImpl(158)) - ccb54c7c-d652-4a32-8fba-bee4dbf2a7ee: GrpcService started, listening on 0.0.0.0/0.0.0.0:36515
2019-10-18 08:15:04,660 [Datanode State Machine Thread - 0] INFO  server.GrpcService (GrpcService.java:startImpl(158)) - 413e678e-a618-4c92-927e-441fcc799019: GrpcService started, listening on 0.0.0.0/0.0.0.0:40351
2019-10-18 08:15:04,661 [Datanode State Machine Thread - 0] INFO  ratis.XceiverServerRatis (XceiverServerRatis.java:start(434)) - XceiverServerRatis ccb54c7c-d652-4a32-8fba-bee4dbf2a7ee is started using port 36515
2019-10-18 08:15:04,661 [Datanode State Machine Thread - 0] INFO  ratis.XceiverServerRatis (XceiverServerRatis.java:start(434)) - XceiverServerRatis de33c61e-1baa-412c-a678-1642e68dfdea is started using port 35710
2019-10-18 08:15:04,661 [Datanode State Machine Thread - 0] INFO  ratis.XceiverServerRatis (XceiverServerRatis.java:start(434)) - XceiverServerRatis 413e678e-a618-4c92-927e-441fcc799019 is started using port 40351
2019-10-18 08:15:04,666 [Datanode State Machine Thread - 0] INFO  server.XceiverServerGrpc (XceiverServerGrpc.java:start(149)) - XceiverServerGrpc de33c61e-1baa-412c-a678-1642e68dfdea is started using port 42302
2019-10-18 08:15:04,667 [Datanode State Machine Thread - 0] INFO  server.XceiverServerGrpc (XceiverServerGrpc.java:start(149)) - XceiverServerGrpc 413e678e-a618-4c92-927e-441fcc799019 is started using port 41835
2019-10-18 08:15:04,666 [Datanode State Machine Thread - 0] INFO  server.XceiverServerGrpc (XceiverServerGrpc.java:start(149)) - XceiverServerGrpc ccb54c7c-d652-4a32-8fba-bee4dbf2a7ee is started using port 38993
2019-10-18 08:15:05,540 [main] INFO  ozone.MiniOzoneClusterImpl (MiniOzoneClusterImpl.java:lambda$waitForClusterToBeReady$2(172)) - Waiting for cluster to be ready. Got 0 of 3 DN Heartbeats.
2019-10-18 08:15:06,423 [IPC Server handler 0 on 41378] INFO  net.NetworkTopology (NetworkTopologyImpl.java:add(111)) - Added a new node: /default-rack/413e678e-a618-4c92-927e-441fcc799019
2019-10-18 08:15:06,424 [IPC Server handler 0 on 41378] INFO  node.SCMNodeManager (SCMNodeManager.java:register(268)) - Registered Data node : 413e678e-a618-4c92-927e-441fcc799019{ip: 192.168.69.67, host: pr-hdds-1868-wx8dl-4219780377, networkLocation: /default-rack, certSerialId: null}
2019-10-18 08:15:06,428 [EventQueue-NodeRegistrationContainerReportForDataNodeSafeModeRule] INFO  safemode.SCMSafeModeManager (DataNodeSafeModeRule.java:process(71)) - SCM in safe mode. 1 DataNodes registered, 1 required.
2019-10-18 08:15:06,428 [EventQueue-NodeRegistrationContainerReportForDataNodeSafeModeRule] INFO  safemode.SCMSafeModeManager (SCMSafeModeManager.java:validateSafeModeExitRules(177)) - ScmSafeModeManager, all rules are successfully validated
2019-10-18 08:15:06,428 [EventQueue-NodeRegistrationContainerReportForDataNodeSafeModeRule] INFO  safemode.SCMSafeModeManager (SCMSafeModeManager.java:exitSafeMode(193)) - SCM exiting safe mode.
2019-10-18 08:15:06,462 [IPC Server handler 1 on 41378] INFO  net.NetworkTopology (NetworkTopologyImpl.java:add(111)) - Added a new node: /default-rack/ccb54c7c-d652-4a32-8fba-bee4dbf2a7ee
2019-10-18 08:15:06,462 [IPC Server handler 1 on 41378] INFO  node.SCMNodeManager (SCMNodeManager.java:register(268)) - Registered Data node : ccb54c7c-d652-4a32-8fba-bee4dbf2a7ee{ip: 192.168.69.67, host: pr-hdds-1868-wx8dl-4219780377, networkLocation: /default-rack, certSerialId: null}
2019-10-18 08:15:06,540 [IPC Server handler 2 on 41378] INFO  net.NetworkTopology (NetworkTopologyImpl.java:add(111)) - Added a new node: /default-rack/de33c61e-1baa-412c-a678-1642e68dfdea
2019-10-18 08:15:06,540 [IPC Server handler 2 on 41378] INFO  node.SCMNodeManager (SCMNodeManager.java:register(268)) - Registered Data node : de33c61e-1baa-412c-a678-1642e68dfdea{ip: 192.168.69.67, host: pr-hdds-1868-wx8dl-4219780377, networkLocation: /default-rack, certSerialId: null}
2019-10-18 08:15:06,909 [grpc-default-executor-0] INFO  impl.RaftServerProxy (RaftServerProxy.java:addNew(89)) - 413e678e-a618-4c92-927e-441fcc799019: addNew group-768E2A668548:[413e678e-a618-4c92-927e-441fcc799019:192.168.69.67:40351] returns group-768E2A668548:java.util.concurrent.CompletableFuture@1c6b89f2[Not completed]
2019-10-18 08:15:06,921 [pool-27-thread-1] INFO  impl.RaftServerImpl (RaftServerImpl.java:<init>(104)) - 413e678e-a618-4c92-927e-441fcc799019: new RaftServerImpl for group-768E2A668548:[413e678e-a618-4c92-927e-441fcc799019:192.168.69.67:40351] with ContainerStateMachine:uninitialized
2019-10-18 08:15:06,923 [pool-27-thread-1] INFO  server.RaftServerConfigKeys (ConfUtils.java:logGet(43)) - raft.server.rpc.timeout.min = 5s (custom)
2019-10-18 08:15:06,924 [pool-27-thread-1] INFO  server.RaftServerConfigKeys (ConfUtils.java:logGet(43)) - raft.server.rpc.timeout.max = 5200ms (custom)
2019-10-18 08:15:06,924 [pool-27-thread-1] INFO  server.RaftServerConfigKeys (ConfUtils.java:logGet(43)) - raft.server.rpcslowness.timeout = 120s (custom)
2019-10-18 08:15:06,924 [pool-27-thread-1] INFO  server.RaftServerConfigKeys (ConfUtils.java:logGet(43)) - raft.server.sleep.deviation.threshold = 300 (default)
2019-10-18 08:15:06,925 [pool-27-thread-1] INFO  server.RaftServerConfigKeys (ConfUtils.java:logGet(43)) - raft.server.log.appender.install.snapshot.enabled = false (custom)
2019-10-18 08:15:06,932 [pool-27-thread-1] INFO  impl.RaftServerImpl (ServerState.java:<init>(103)) - 413e678e-a618-4c92-927e-441fcc799019@group-768E2A668548: ConfigurationManager, init=-1: [413e678e-a618-4c92-927e-441fcc799019:192.168.69.67:40351], old=null, confs=<EMPTY_MAP>
2019-10-18 08:15:06,932 [pool-27-thread-1] INFO  server.RaftServerConfigKeys (ConfUtils.java:logGet(43)) - raft.server.storage.dir = [/workdir/hadoop-ozone/tools/target/test-dir/MiniOzoneClusterImpl-73343d47-350e-4161-ad34-574c9e7c486b/datanode-0/data/ratis] (custom)
2019-10-18 08:15:06,938 [pool-27-thread-1] INFO  server.RaftServerConfigKeys (ConfUtils.java:logGet(43)) - raft.server.log.corruption.policy = EXCEPTION (default)
2019-10-18 08:15:06,939 [pool-27-thread-1] INFO  storage.RaftStorageDirectory (RaftStorageDirectory.java:analyzeStorage(246)) - The storage directory /workdir/hadoop-ozone/tools/target/test-dir/MiniOzoneClusterImpl-73343d47-350e-4161-ad34-574c9e7c486b/datanode-0/data/ratis/7320435b-da16-4c03-be51-768e2a668548 does not exist. Creating ...
2019-10-18 08:15:06,955 [pool-27-thread-1] INFO  storage.RaftStorageDirectory (RaftStorageDirectory.java:tryLock(328)) - Lock on /workdir/hadoop-ozone/tools/target/test-dir/MiniOzoneClusterImpl-73343d47-350e-4161-ad34-574c9e7c486b/datanode-0/data/ratis/7320435b-da16-4c03-be51-768e2a668548/in_use.lock acquired by nodename 15204@pr-hdds-1868-wx8dl-4219780377
2019-10-18 08:15:06,969 [pool-27-thread-1] INFO  storage.RaftStorage (RaftStorage.java:format(84)) - Storage directory /workdir/hadoop-ozone/tools/target/test-dir/MiniOzoneClusterImpl-73343d47-350e-4161-ad34-574c9e7c486b/datanode-0/data/ratis/7320435b-da16-4c03-be51-768e2a668548 has been successfully formatted.
2019-10-18 08:15:06,971 [pool-27-thread-1] INFO  ratis.ContainerStateMachine (ContainerStateMachine.java:loadSnapshot(233)) - group-768E2A668548: The snapshot info is null. Setting the last applied indexto:(t:0, i:~)
2019-10-18 08:15:06,971 [pool-27-thread-1] INFO  server.RaftServerConfigKeys (ConfUtils.java:logGet(43)) - raft.server.notification.no-leader.timeout = 120s (custom)
2019-10-18 08:15:06,973 [pool-27-thread-1] INFO  server.RaftServerConfigKeys (ConfUtils.java:logGet(43)) - raft.server.log.use.memory = false (default)
2019-10-18 08:15:06,978 [pool-27-thread-1] INFO  server.RaftServerConfigKeys (ConfUtils.java:logGet(43)) - raft.server.log.purge.gap = 1000000 (custom)
2019-10-18 08:15:06,979 [pool-27-thread-1] INFO  server.RaftServerConfigKeys (ConfUtils.java:logGet(43)) - raft.server.log.appender.buffer.byte-limit = 33554432 (custom)
2019-10-18 08:15:06,981 [pool-27-thread-1] INFO  server.RaftServerConfigKeys (ConfUtils.java:logGet(43)) - raft.server.log.segment.size.max = 1048576 (custom)
2019-10-18 08:15:06,982 [pool-27-thread-1] INFO  impl.MetricsSystemImpl (MetricsSystemImpl.java:init(158)) - ratis metrics system started (again)
2019-10-18 08:15:06,988 [pool-27-thread-1] INFO  metrics.MetricRegistries (MetricRegistriesLoader.java:load(64)) - Loaded MetricRegistries class org.apache.ratis.metrics.impl.MetricRegistriesImpl
2019-10-18 08:15:07,030 [pool-27-thread-1] INFO  server.RaftServerConfigKeys (ConfUtils.java:logGet(43)) - raft.server.log.segment.cache.num.max = 2 (custom)
2019-10-18 08:15:07,036 [pool-27-thread-1] INFO  segmented.SegmentedRaftLogWorker (SegmentedRaftLogWorker.java:<init>(173)) - new 413e678e-a618-4c92-927e-441fcc799019@group-768E2A668548-SegmentedRaftLogWorker for RaftStorage:Storage Directory /workdir/hadoop-ozone/tools/target/test-dir/MiniOzoneClusterImpl-73343d47-350e-4161-ad34-574c9e7c486b/datanode-0/data/ratis/7320435b-da16-4c03-be51-768e2a668548
2019-10-18 08:15:07,036 [pool-27-thread-1] INFO  server.RaftServerConfigKeys (ConfUtils.java:logGet(43)) - raft.server.log.queue.byte-limit = 2147483647 (custom)
2019-10-18 08:15:07,037 [pool-27-thread-1] INFO  server.RaftServerConfigKeys (ConfUtils.java:logGet(43)) - raft.server.log.queue.element-limit = 1024 (custom)
2019-10-18 08:15:07,038 [pool-27-thread-1] INFO  server.RaftServerConfigKeys (ConfUtils.java:logGet(43)) - raft.server.log.segment.size.max = 1048576 (custom)
2019-10-18 08:15:07,038 [pool-27-thread-1] INFO  server.RaftServerConfigKeys (ConfUtils.java:logGet(43)) - raft.server.log.preallocated.size = 16384 (custom)
2019-10-18 08:15:07,039 [pool-27-thread-1] INFO  server.RaftServerConfigKeys (ConfUtils.java:logGet(43)) - raft.server.log.write.buffer.size = 33554432 (custom)
2019-10-18 08:15:07,039 [pool-27-thread-1] INFO  server.RaftServerConfigKeys (ConfUtils.java:logGet(43)) - raft.server.log.force.sync.num = 128 (default)
2019-10-18 08:15:07,040 [pool-27-thread-1] INFO  server.RaftServerConfigKeys (ConfUtils.java:logGet(43)) - raft.server.log.statemachine.data.sync = true (default)
2019-10-18 08:15:07,040 [pool-27-thread-1] INFO  server.RaftServerConfigKeys (ConfUtils.java:logGet(43)) - raft.server.log.statemachine.data.sync.timeout = 10s (default)
2019-10-18 08:15:07,041 [pool-27-thread-1] INFO  server.RaftServerConfigKeys (ConfUtils.java:logGet(43)) - raft.server.log.statemachine.data.sync.timeout.retry = -1 (default)
2019-10-18 08:15:07,055 [pool-27-thread-1] INFO  server.RaftServerConfigKeys (ConfUtils.java:logGet(43)) - raft.server.log.statemachine.data.caching.enabled = true (custom)
2019-10-18 08:15:07,059 [pool-27-thread-1] INFO  segmented.SegmentedRaftLogWorker (SegmentedRaftLogWorker.java:lambda$new$0(128)) - 413e678e-a618-4c92-927e-441fcc799019@group-768E2A668548-SegmentedRaftLogWorker: flushIndex: setUnconditionally 0 -> -1
2019-10-18 08:15:07,064 [pool-27-thread-1] INFO  server.RaftServerConfigKeys (ConfUtils.java:logGet(43)) - raft.server.snapshot.auto.trigger.enabled = true (custom)
2019-10-18 08:15:07,064 [pool-27-thread-1] INFO  server.RaftServerConfigKeys (ConfUtils.java:logGet(43)) - raft.server.snapshot.auto.trigger.threshold = 10000 (custom)
2019-10-18 08:15:07,065 [pool-27-thread-1] INFO  server.RaftServerConfigKeys (ConfUtils.java:logGet(43)) - raft.server.snapshot.retention.file.num = 5 (custom)
2019-10-18 08:15:07,065 [pool-27-thread-1] INFO  server.RaftServerConfigKeys (ConfUtils.java:logGet(43)) - raft.server.retrycache.expirytime = 600000ms (custom)
2019-10-18 08:15:07,095 [pool-27-thread-1] INFO  impl.RaftServerImpl (RaftServerImpl.java:start(195)) - 413e678e-a618-4c92-927e-441fcc799019@group-768E2A668548: start as a follower, conf=-1: [413e678e-a618-4c92-927e-441fcc799019:192.168.69.67:40351], old=null
2019-10-18 08:15:07,096 [pool-27-thread-1] INFO  impl.RaftServerImpl (RaftServerImpl.java:setRole(184)) - 413e678e-a618-4c92-927e-441fcc799019@group-768E2A668548: changes role from      null to FOLLOWER at term 0 for startAsFollower
2019-10-18 08:15:07,097 [pool-27-thread-1] INFO  impl.RoleInfo (RoleInfo.java:updateAndGet(143)) - 413e678e-a618-4c92-927e-441fcc799019: start FollowerState
2019-10-18 08:15:07,099 [pool-27-thread-1] INFO  util.JmxRegister (JmxRegister.java:tryRegister(44)) - Successfully registered JMX Bean with object name Ratis:service=RaftServer,group=group-768E2A668548,id=413e678e-a618-4c92-927e-441fcc799019
2019-10-18 08:15:07,156 [RatisPipelineUtilsThread] INFO  pipeline.PipelineStateManager (PipelineStateManager.java:addPipeline(55)) - Created pipeline Pipeline[ Id: 7320435b-da16-4c03-be51-768e2a668548, Nodes: 413e678e-a618-4c92-927e-441fcc799019{ip: 192.168.69.67, host: pr-hdds-1868-wx8dl-4219780377, networkLocation: /default-rack, certSerialId: null}, Type:RATIS, Factor:ONE, State:ALLOCATED]
2019-10-18 08:15:07,173 [grpc-default-executor-0] INFO  impl.RaftServerProxy (RaftServerProxy.java:addNew(89)) - de33c61e-1baa-412c-a678-1642e68dfdea: addNew group-D610A3CF6D51:[de33c61e-1baa-412c-a678-1642e68dfdea:192.168.69.67:35710] returns group-D610A3CF6D51:java.util.concurrent.CompletableFuture@74072a29[Not completed]
2019-10-18 08:15:07,197 [pool-47-thread-1] INFO  impl.RaftServerImpl (RaftServerImpl.java:<init>(104)) - de33c61e-1baa-412c-a678-1642e68dfdea: new RaftServerImpl for group-D610A3CF6D51:[de33c61e-1baa-412c-a678-1642e68dfdea:192.168.69.67:35710] with ContainerStateMachine:uninitialized
2019-10-18 08:15:07,198 [pool-47-thread-1] INFO  server.RaftServerConfigKeys (ConfUtils.java:logGet(43)) - raft.server.rpc.timeout.min = 5s (custom)
2019-10-18 08:15:07,199 [pool-47-thread-1] INFO  server.RaftServerConfigKeys (ConfUtils.java:logGet(43)) - raft.server.rpc.timeout.max = 5200ms (custom)
2019-10-18 08:15:07,199 [pool-47-thread-1] INFO  server.RaftServerConfigKeys (ConfUtils.java:logGet(43)) - raft.server.rpcslowness.timeout = 120s (custom)
2019-10-18 08:15:07,199 [pool-47-thread-1] INFO  server.RaftServerConfigKeys (ConfUtils.java:logGet(43)) - raft.server.sleep.deviation.threshold = 300 (default)
2019-10-18 08:15:07,199 [pool-47-thread-1] INFO  server.RaftServerConfigKeys (ConfUtils.java:logGet(43)) - raft.server.log.appender.install.snapshot.enabled = false (custom)
2019-10-18 08:15:07,199 [pool-47-thread-1] INFO  impl.RaftServerImpl (ServerState.java:<init>(103)) - de33c61e-1baa-412c-a678-1642e68dfdea@group-D610A3CF6D51: ConfigurationManager, init=-1: [de33c61e-1baa-412c-a678-1642e68dfdea:192.168.69.67:35710], old=null, confs=<EMPTY_MAP>
2019-10-18 08:15:07,200 [pool-47-thread-1] INFO  server.RaftServerConfigKeys (ConfUtils.java:logGet(43)) - raft.server.storage.dir = [/workdir/hadoop-ozone/tools/target/test-dir/MiniOzoneClusterImpl-73343d47-350e-4161-ad34-574c9e7c486b/datanode-2/data/ratis] (custom)
2019-10-18 08:15:07,200 [pool-47-thread-1] INFO  server.RaftServerConfigKeys (ConfUtils.java:logGet(43)) - raft.server.log.corruption.policy = EXCEPTION (default)
2019-10-18 08:15:07,201 [pool-47-thread-1] INFO  storage.RaftStorageDirectory (RaftStorageDirectory.java:analyzeStorage(246)) - The storage directory /workdir/hadoop-ozone/tools/target/test-dir/MiniOzoneClusterImpl-73343d47-350e-4161-ad34-574c9e7c486b/datanode-2/data/ratis/083e1f1d-e260-4912-bc26-d610a3cf6d51 does not exist. Creating ...
2019-10-18 08:15:07,226 [pool-47-thread-1] INFO  storage.RaftStorageDirectory (RaftStorageDirectory.java:tryLock(328)) - Lock on /workdir/hadoop-ozone/tools/target/test-dir/MiniOzoneClusterImpl-73343d47-350e-4161-ad34-574c9e7c486b/datanode-2/data/ratis/083e1f1d-e260-4912-bc26-d610a3cf6d51/in_use.lock acquired by nodename 15204@pr-hdds-1868-wx8dl-4219780377
2019-10-18 08:15:07,241 [Thread-180] INFO  impl.FollowerState (FollowerState.java:run(108)) - 413e678e-a618-4c92-927e-441fcc799019@group-768E2A668548-FollowerState: change to CANDIDATE, lastRpcTime:144ms, electionTimeout:143ms
2019-10-18 08:15:07,242 [pool-47-thread-1] INFO  storage.RaftStorage (RaftStorage.java:format(84)) - Storage directory /workdir/hadoop-ozone/tools/target/test-dir/MiniOzoneClusterImpl-73343d47-350e-4161-ad34-574c9e7c486b/datanode-2/data/ratis/083e1f1d-e260-4912-bc26-d610a3cf6d51 has been successfully formatted.
2019-10-18 08:15:07,244 [pool-47-thread-1] INFO  ratis.ContainerStateMachine (ContainerStateMachine.java:loadSnapshot(233)) - group-D610A3CF6D51: The snapshot info is null. Setting the last applied indexto:(t:0, i:~)
2019-10-18 08:15:07,245 [pool-47-thread-1] INFO  server.RaftServerConfigKeys (ConfUtils.java:logGet(43)) - raft.server.notification.no-leader.timeout = 120s (custom)
2019-10-18 08:15:07,245 [pool-47-thread-1] INFO  server.RaftServerConfigKeys (ConfUtils.java:logGet(43)) - raft.server.log.use.memory = false (default)
2019-10-18 08:15:07,245 [pool-47-thread-1] INFO  server.RaftServerConfigKeys (ConfUtils.java:logGet(43)) - raft.server.log.purge.gap = 1000000 (custom)
2019-10-18 08:15:07,245 [Thread-180] INFO  impl.RoleInfo (RoleInfo.java:shutdownFollowerState(121)) - 413e678e-a618-4c92-927e-441fcc799019: shutdown FollowerState
2019-10-18 08:15:07,246 [pool-47-thread-1] INFO  server.RaftServerConfigKeys (ConfUtils.java:logGet(43)) - raft.server.log.appender.buffer.byte-limit = 33554432 (custom)
2019-10-18 08:15:07,246 [Thread-180] INFO  impl.RaftServerImpl (RaftServerImpl.java:setRole(184)) - 413e678e-a618-4c92-927e-441fcc799019@group-768E2A668548: changes role from  FOLLOWER to CANDIDATE at term 0 for changeToCandidate
2019-10-18 08:15:07,246 [pool-47-thread-1] INFO  server.RaftServerConfigKeys (ConfUtils.java:logGet(43)) - raft.server.log.segment.size.max = 1048576 (custom)
2019-10-18 08:15:07,251 [Thread-180] INFO  impl.RoleInfo (RoleInfo.java:updateAndGet(143)) - 413e678e-a618-4c92-927e-441fcc799019: start LeaderElection
2019-10-18 08:15:07,255 [pool-47-thread-1] INFO  server.RaftServerConfigKeys (ConfUtils.java:logGet(43)) - raft.server.log.segment.cache.num.max = 2 (custom)
2019-10-18 08:15:07,255 [pool-47-thread-1] INFO  segmented.SegmentedRaftLogWorker (SegmentedRaftLogWorker.java:<init>(173)) - new de33c61e-1baa-412c-a678-1642e68dfdea@group-D610A3CF6D51-SegmentedRaftLogWorker for RaftStorage:Storage Directory /workdir/hadoop-ozone/tools/target/test-dir/MiniOzoneClusterImpl-73343d47-350e-4161-ad34-574c9e7c486b/datanode-2/data/ratis/083e1f1d-e260-4912-bc26-d610a3cf6d51
2019-10-18 08:15:07,257 [pool-47-thread-1] INFO  server.RaftServerConfigKeys (ConfUtils.java:logGet(43)) - raft.server.log.queue.byte-limit = 2147483647 (custom)
2019-10-18 08:15:07,257 [pool-47-thread-1] INFO  server.RaftServerConfigKeys (ConfUtils.java:logGet(43)) - raft.server.log.queue.element-limit = 1024 (custom)
2019-10-18 08:15:07,257 [pool-47-thread-1] INFO  server.RaftServerConfigKeys (ConfUtils.java:logGet(43)) - raft.server.log.segment.size.max = 1048576 (custom)
2019-10-18 08:15:07,257 [pool-47-thread-1] INFO  server.RaftServerConfigKeys (ConfUtils.java:logGet(43)) - raft.server.log.preallocated.size = 16384 (custom)
2019-10-18 08:15:07,258 [pool-47-thread-1] INFO  server.RaftServerConfigKeys (ConfUtils.java:logGet(43)) - raft.server.log.write.buffer.size = 33554432 (custom)
2019-10-18 08:15:07,258 [pool-47-thread-1] INFO  server.RaftServerConfigKeys (ConfUtils.java:logGet(43)) - raft.server.log.force.sync.num = 128 (default)
2019-10-18 08:15:07,258 [pool-47-thread-1] INFO  server.RaftServerConfigKeys (ConfUtils.java:logGet(43)) - raft.server.log.statemachine.data.sync = true (default)
2019-10-18 08:15:07,258 [pool-47-thread-1] INFO  server.RaftServerConfigKeys (ConfUtils.java:logGet(43)) - raft.server.log.statemachine.data.sync.timeout = 10s (default)
2019-10-18 08:15:07,258 [pool-47-thread-1] INFO  server.RaftServerConfigKeys (ConfUtils.java:logGet(43)) - raft.server.log.statemachine.data.sync.timeout.retry = -1 (default)
2019-10-18 08:15:07,259 [pool-47-thread-1] INFO  server.RaftServerConfigKeys (ConfUtils.java:logGet(43)) - raft.server.log.statemachine.data.caching.enabled = true (custom)
2019-10-18 08:15:07,260 [pool-47-thread-1] INFO  segmented.SegmentedRaftLogWorker (SegmentedRaftLogWorker.java:lambda$new$0(128)) - de33c61e-1baa-412c-a678-1642e68dfdea@group-D610A3CF6D51-SegmentedRaftLogWorker: flushIndex: setUnconditionally 0 -> -1
2019-10-18 08:15:07,260 [pool-47-thread-1] INFO  server.RaftServerConfigKeys (ConfUtils.java:logGet(43)) - raft.server.snapshot.auto.trigger.enabled = true (custom)
2019-10-18 08:15:07,260 [pool-47-thread-1] INFO  server.RaftServerConfigKeys (ConfUtils.java:logGet(43)) - raft.server.snapshot.auto.trigger.threshold = 10000 (custom)
2019-10-18 08:15:07,261 [pool-47-thread-1] INFO  server.RaftServerConfigKeys (ConfUtils.java:logGet(43)) - raft.server.snapshot.retention.file.num = 5 (custom)
2019-10-18 08:15:07,261 [pool-47-thread-1] INFO  server.RaftServerConfigKeys (ConfUtils.java:logGet(43)) - raft.server.retrycache.expirytime = 600000ms (custom)
2019-10-18 08:15:07,262 [413e678e-a618-4c92-927e-441fcc799019@group-768E2A668548-LeaderElection1] INFO  impl.LeaderElection (LeaderElection.java:askForVotes(178)) - 413e678e-a618-4c92-927e-441fcc799019@group-768E2A668548-LeaderElection1: begin an election at term 1 for -1: [413e678e-a618-4c92-927e-441fcc799019:192.168.69.67:40351], old=null
2019-10-18 08:15:07,263 [413e678e-a618-4c92-927e-441fcc799019@group-768E2A668548-LeaderElection1] INFO  impl.RoleInfo (RoleInfo.java:shutdownLeaderElection(134)) - 413e678e-a618-4c92-927e-441fcc799019: shutdown LeaderElection
2019-10-18 08:15:07,264 [413e678e-a618-4c92-927e-441fcc799019@group-768E2A668548-LeaderElection1] INFO  impl.RaftServerImpl (RaftServerImpl.java:setRole(184)) - 413e678e-a618-4c92-927e-441fcc799019@group-768E2A668548: changes role from CANDIDATE to LEADER at term 1 for changeToLeader
2019-10-18 08:15:07,264 [413e678e-a618-4c92-927e-441fcc799019@group-768E2A668548-LeaderElection1] INFO  ratis.XceiverServerRatis (XceiverServerRatis.java:handleLeaderChangedNotification(699)) - Leader change notification received for group: group-768E2A668548 with new leaderId: 413e678e-a618-4c92-927e-441fcc799019
2019-10-18 08:15:07,267 [413e678e-a618-4c92-927e-441fcc799019@group-768E2A668548-LeaderElection1] INFO  impl.RaftServerImpl (ServerState.java:setLeader(256)) - 413e678e-a618-4c92-927e-441fcc799019@group-768E2A668548: change Leader from null to 413e678e-a618-4c92-927e-441fcc799019 at term 1 for becomeLeader, leader elected after 292ms
2019-10-18 08:15:07,270 [pool-47-thread-1] INFO  impl.RaftServerImpl (RaftServerImpl.java:start(195)) - de33c61e-1baa-412c-a678-1642e68dfdea@group-D610A3CF6D51: start as a follower, conf=-1: [de33c61e-1baa-412c-a678-1642e68dfdea:192.168.69.67:35710], old=null
2019-10-18 08:15:07,270 [pool-47-thread-1] INFO  impl.RaftServerImpl (RaftServerImpl.java:setRole(184)) - de33c61e-1baa-412c-a678-1642e68dfdea@group-D610A3CF6D51: changes role from      null to FOLLOWER at term 0 for startAsFollower
2019-10-18 08:15:07,271 [pool-47-thread-1] INFO  impl.RoleInfo (RoleInfo.java:updateAndGet(143)) - de33c61e-1baa-412c-a678-1642e68dfdea: start FollowerState
2019-10-18 08:15:07,271 [pool-47-thread-1] INFO  util.JmxRegister (JmxRegister.java:tryRegister(44)) - Successfully registered JMX Bean with object name Ratis:service=RaftServer,group=group-D610A3CF6D51,id=de33c61e-1baa-412c-a678-1642e68dfdea
2019-10-18 08:15:07,275 [413e678e-a618-4c92-927e-441fcc799019@group-768E2A668548-LeaderElection1] INFO  server.RaftServerConfigKeys (ConfUtils.java:logGet(43)) - raft.server.staging.catchup.gap = 1000 (default)
2019-10-18 08:15:07,275 [413e678e-a618-4c92-927e-441fcc799019@group-768E2A668548-LeaderElection1] INFO  server.RaftServerConfigKeys (ConfUtils.java:logGet(43)) - raft.server.rpc.sleep.time = 25ms (default)
2019-10-18 08:15:07,280 [413e678e-a618-4c92-927e-441fcc799019@group-768E2A668548-LeaderElection1] INFO  server.RaftServerConfigKeys (ConfUtils.java:logGet(43)) - raft.server.write.element-limit = 4096 (default)
2019-10-18 08:15:07,284 [413e678e-a618-4c92-927e-441fcc799019@group-768E2A668548-LeaderElection1] INFO  server.RaftServerConfigKeys (ConfUtils.java:logGet(43)) - raft.server.watch.timeout = 10s (default)
2019-10-18 08:15:07,284 [413e678e-a618-4c92-927e-441fcc799019@group-768E2A668548-LeaderElection1] INFO  server.RaftServerConfigKeys (ConfUtils.java:logGet(43)) - raft.server.watch.timeout.denomination = 1s (default)
2019-10-18 08:15:07,285 [413e678e-a618-4c92-927e-441fcc799019@group-768E2A668548-LeaderElection1] INFO  server.RaftServerConfigKeys (ConfUtils.java:logGet(43)) - raft.server.watch.element-limit = 65536 (default)
2019-10-18 08:15:07,324 [Thread-184] INFO  impl.FollowerState (FollowerState.java:run(108)) - de33c61e-1baa-412c-a678-1642e68dfdea@group-D610A3CF6D51-FollowerState: change to CANDIDATE, lastRpcTime:52ms, electionTimeout:52ms
2019-10-18 08:15:07,326 [Thread-184] INFO  impl.RoleInfo (RoleInfo.java:shutdownFollowerState(121)) - de33c61e-1baa-412c-a678-1642e68dfdea: shutdown FollowerState
2019-10-18 08:15:07,326 [Thread-184] INFO  impl.RaftServerImpl (RaftServerImpl.java:setRole(184)) - de33c61e-1baa-412c-a678-1642e68dfdea@group-D610A3CF6D51: changes role from  FOLLOWER to CANDIDATE at term 0 for changeToCandidate
2019-10-18 08:15:07,326 [Thread-184] INFO  impl.RoleInfo (RoleInfo.java:updateAndGet(143)) - de33c61e-1baa-412c-a678-1642e68dfdea: start LeaderElection
2019-10-18 08:15:07,326 [RatisPipelineUtilsThread] INFO  pipeline.PipelineStateManager (PipelineStateManager.java:addPipeline(55)) - Created pipeline Pipeline[ Id: 083e1f1d-e260-4912-bc26-d610a3cf6d51, Nodes: de33c61e-1baa-412c-a678-1642e68dfdea{ip: 192.168.69.67, host: pr-hdds-1868-wx8dl-4219780377, networkLocation: /default-rack, certSerialId: null}, Type:RATIS, Factor:ONE, State:ALLOCATED]
2019-10-18 08:15:07,334 [413e678e-a618-4c92-927e-441fcc799019@group-768E2A668548-LeaderElection1] INFO  impl.RoleInfo (RoleInfo.java:updateAndGet(143)) - 413e678e-a618-4c92-927e-441fcc799019: start LeaderState
2019-10-18 08:15:07,342 [de33c61e-1baa-412c-a678-1642e68dfdea@group-D610A3CF6D51-LeaderElection2] INFO  impl.LeaderElection (LeaderElection.java:askForVotes(178)) - de33c61e-1baa-412c-a678-1642e68dfdea@group-D610A3CF6D51-LeaderElection2: begin an election at term 1 for -1: [de33c61e-1baa-412c-a678-1642e68dfdea:192.168.69.67:35710], old=null
2019-10-18 08:15:07,343 [de33c61e-1baa-412c-a678-1642e68dfdea@group-D610A3CF6D51-LeaderElection2] INFO  impl.RoleInfo (RoleInfo.java:shutdownLeaderElection(134)) - de33c61e-1baa-412c-a678-1642e68dfdea: shutdown LeaderElection
2019-10-18 08:15:07,343 [de33c61e-1baa-412c-a678-1642e68dfdea@group-D610A3CF6D51-LeaderElection2] INFO  impl.RaftServerImpl (RaftServerImpl.java:setRole(184)) - de33c61e-1baa-412c-a678-1642e68dfdea@group-D610A3CF6D51: changes role from CANDIDATE to LEADER at term 1 for changeToLeader
2019-10-18 08:15:07,343 [de33c61e-1baa-412c-a678-1642e68dfdea@group-D610A3CF6D51-LeaderElection2] INFO  ratis.XceiverServerRatis (XceiverServerRatis.java:handleLeaderChangedNotification(699)) - Leader change notification received for group: group-D610A3CF6D51 with new leaderId: de33c61e-1baa-412c-a678-1642e68dfdea
2019-10-18 08:15:07,343 [de33c61e-1baa-412c-a678-1642e68dfdea@group-D610A3CF6D51-LeaderElection2] INFO  impl.RaftServerImpl (ServerState.java:setLeader(256)) - de33c61e-1baa-412c-a678-1642e68dfdea@group-D610A3CF6D51: change Leader from null to de33c61e-1baa-412c-a678-1642e68dfdea at term 1 for becomeLeader, leader elected after 98ms
2019-10-18 08:15:07,343 [de33c61e-1baa-412c-a678-1642e68dfdea@group-D610A3CF6D51-LeaderElection2] INFO  server.RaftServerConfigKeys (ConfUtils.java:logGet(43)) - raft.server.staging.catchup.gap = 1000 (default)
2019-10-18 08:15:07,343 [de33c61e-1baa-412c-a678-1642e68dfdea@group-D610A3CF6D51-LeaderElection2] INFO  server.RaftServerConfigKeys (ConfUtils.java:logGet(43)) - raft.server.rpc.sleep.time = 25ms (default)
2019-10-18 08:15:07,344 [de33c61e-1baa-412c-a678-1642e68dfdea@group-D610A3CF6D51-LeaderElection2] INFO  server.RaftServerConfigKeys (ConfUtils.java:logGet(43)) - raft.server.write.element-limit = 4096 (default)
2019-10-18 08:15:07,345 [de33c61e-1baa-412c-a678-1642e68dfdea@group-D610A3CF6D51-LeaderElection2] INFO  server.RaftServerConfigKeys (ConfUtils.java:logGet(43)) - raft.server.watch.timeout = 10s (default)
2019-10-18 08:15:07,346 [de33c61e-1baa-412c-a678-1642e68dfdea@group-D610A3CF6D51-LeaderElection2] INFO  server.RaftServerConfigKeys (ConfUtils.java:logGet(43)) - raft.server.watch.timeout.denomination = 1s (default)
2019-10-18 08:15:07,346 [de33c61e-1baa-412c-a678-1642e68dfdea@group-D610A3CF6D51-LeaderElection2] INFO  server.RaftServerConfigKeys (ConfUtils.java:logGet(43)) - raft.server.watch.element-limit = 65536 (default)
2019-10-18 08:15:07,353 [grpc-default-executor-0] INFO  impl.RaftServerProxy (RaftServerProxy.java:addNew(89)) - ccb54c7c-d652-4a32-8fba-bee4dbf2a7ee: addNew group-B2E601A176BB:[ccb54c7c-d652-4a32-8fba-bee4dbf2a7ee:192.168.69.67:36515] returns group-B2E601A176BB:java.util.concurrent.CompletableFuture@c1e3d51[Not completed]
2019-10-18 08:15:07,354 [de33c61e-1baa-412c-a678-1642e68dfdea@group-D610A3CF6D51-LeaderElection2] INFO  impl.RoleInfo (RoleInfo.java:updateAndGet(143)) - de33c61e-1baa-412c-a678-1642e68dfdea: start LeaderState
2019-10-18 08:15:07,356 [pool-37-thread-1] INFO  impl.RaftServerImpl (RaftServerImpl.java:<init>(104)) - ccb54c7c-d652-4a32-8fba-bee4dbf2a7ee: new RaftServerImpl for group-B2E601A176BB:[ccb54c7c-d652-4a32-8fba-bee4dbf2a7ee:192.168.69.67:36515] with ContainerStateMachine:uninitialized
2019-10-18 08:15:07,357 [pool-37-thread-1] INFO  server.RaftServerConfigKeys (ConfUtils.java:logGet(43)) - raft.server.rpc.timeout.min = 5s (custom)
2019-10-18 08:15:07,357 [pool-37-thread-1] INFO  server.RaftServerConfigKeys (ConfUtils.java:logGet(43)) - raft.server.rpc.timeout.max = 5200ms (custom)
2019-10-18 08:15:07,357 [pool-37-thread-1] INFO  server.RaftServerConfigKeys (ConfUtils.java:logGet(43)) - raft.server.rpcslowness.timeout = 120s (custom)
2019-10-18 08:15:07,357 [pool-37-thread-1] INFO  server.RaftServerConfigKeys (ConfUtils.java:logGet(43)) - raft.server.sleep.deviation.threshold = 300 (default)
2019-10-18 08:15:07,357 [pool-37-thread-1] INFO  server.RaftServerConfigKeys (ConfUtils.java:logGet(43)) - raft.server.log.appender.install.snapshot.enabled = false (custom)
2019-10-18 08:15:07,358 [pool-37-thread-1] INFO  impl.RaftServerImpl (ServerState.java:<init>(103)) - ccb54c7c-d652-4a32-8fba-bee4dbf2a7ee@group-B2E601A176BB: ConfigurationManager, init=-1: [ccb54c7c-d652-4a32-8fba-bee4dbf2a7ee:192.168.69.67:36515], old=null, confs=<EMPTY_MAP>
2019-10-18 08:15:07,358 [pool-37-thread-1] INFO  server.RaftServerConfigKeys (ConfUtils.java:logGet(43)) - raft.server.storage.dir = [/workdir/hadoop-ozone/tools/target/test-dir/MiniOzoneClusterImpl-73343d47-350e-4161-ad34-574c9e7c486b/datanode-1/data/ratis] (custom)
2019-10-18 08:15:07,358 [pool-37-thread-1] INFO  server.RaftServerConfigKeys (ConfUtils.java:logGet(43)) - raft.server.log.corruption.policy = EXCEPTION (default)
2019-10-18 08:15:07,359 [pool-37-thread-1] INFO  storage.RaftStorageDirectory (RaftStorageDirectory.java:analyzeStorage(246)) - The storage directory /workdir/hadoop-ozone/tools/target/test-dir/MiniOzoneClusterImpl-73343d47-350e-4161-ad34-574c9e7c486b/datanode-1/data/ratis/8382d3e2-5758-4593-872c-b2e601a176bb does not exist. Creating ...
2019-10-18 08:15:07,365 [de33c61e-1baa-412c-a678-1642e68dfdea@group-D610A3CF6D51-LeaderElection2] INFO  segmented.SegmentedRaftLogWorker (SegmentedRaftLogWorker.java:startLogSegment(385)) - de33c61e-1baa-412c-a678-1642e68dfdea@group-D610A3CF6D51-SegmentedRaftLogWorker: Starting segment from index:0
2019-10-18 08:15:07,365 [413e678e-a618-4c92-927e-441fcc799019@group-768E2A668548-LeaderElection1] INFO  segmented.SegmentedRaftLogWorker (SegmentedRaftLogWorker.java:startLogSegment(385)) - 413e678e-a618-4c92-927e-441fcc799019@group-768E2A668548-SegmentedRaftLogWorker: Starting segment from index:0
2019-10-18 08:15:07,372 [pool-37-thread-1] INFO  storage.RaftStorageDirectory (RaftStorageDirectory.java:tryLock(328)) - Lock on /workdir/hadoop-ozone/tools/target/test-dir/MiniOzoneClusterImpl-73343d47-350e-4161-ad34-574c9e7c486b/datanode-1/data/ratis/8382d3e2-5758-4593-872c-b2e601a176bb/in_use.lock acquired by nodename 15204@pr-hdds-1868-wx8dl-4219780377
2019-10-18 08:15:07,376 [de33c61e-1baa-412c-a678-1642e68dfdea@group-D610A3CF6D51-LeaderElection2] INFO  impl.RaftServerImpl (ServerState.java:setRaftConf(357)) - de33c61e-1baa-412c-a678-1642e68dfdea@group-D610A3CF6D51: set configuration 0: [de33c61e-1baa-412c-a678-1642e68dfdea:192.168.69.67:35710], old=null at 0
2019-10-18 08:15:07,377 [413e678e-a618-4c92-927e-441fcc799019@group-768E2A668548-LeaderElection1] INFO  impl.RaftServerImpl (ServerState.java:setRaftConf(357)) - 413e678e-a618-4c92-927e-441fcc799019@group-768E2A668548: set configuration 0: [413e678e-a618-4c92-927e-441fcc799019:192.168.69.67:40351], old=null at 0
2019-10-18 08:15:07,393 [pool-37-thread-1] INFO  storage.RaftStorage (RaftStorage.java:format(84)) - Storage directory /workdir/hadoop-ozone/tools/target/test-dir/MiniOzoneClusterImpl-73343d47-350e-4161-ad34-574c9e7c486b/datanode-1/data/ratis/8382d3e2-5758-4593-872c-b2e601a176bb has been successfully formatted.
2019-10-18 08:15:07,394 [pool-37-thread-1] INFO  ratis.ContainerStateMachine (ContainerStateMachine.java:loadSnapshot(233)) - group-B2E601A176BB: The snapshot info is null. Setting the last applied indexto:(t:0, i:~)
2019-10-18 08:15:07,394 [pool-37-thread-1] INFO  server.RaftServerConfigKeys (ConfUtils.java:logGet(43)) - raft.server.notification.no-leader.timeout = 120s (custom)
2019-10-18 08:15:07,394 [pool-37-thread-1] INFO  server.RaftServerConfigKeys (ConfUtils.java:logGet(43)) - raft.server.log.use.memory = false (default)
2019-10-18 08:15:07,394 [pool-37-thread-1] INFO  server.RaftServerConfigKeys (ConfUtils.java:logGet(43)) - raft.server.log.purge.gap = 1000000 (custom)
2019-10-18 08:15:07,394 [pool-37-thread-1] INFO  server.RaftServerConfigKeys (ConfUtils.java:logGet(43)) - raft.server.log.appender.buffer.byte-limit = 33554432 (custom)
2019-10-18 08:15:07,395 [pool-37-thread-1] INFO  server.RaftServerConfigKeys (ConfUtils.java:logGet(43)) - raft.server.log.segment.size.max = 1048576 (custom)
2019-10-18 08:15:07,400 [pool-37-thread-1] INFO  server.RaftServerConfigKeys (ConfUtils.java:logGet(43)) - raft.server.log.segment.cache.num.max = 2 (custom)
2019-10-18 08:15:07,401 [pool-37-thread-1] INFO  segmented.SegmentedRaftLogWorker (SegmentedRaftLogWorker.java:<init>(173)) - new ccb54c7c-d652-4a32-8fba-bee4dbf2a7ee@group-B2E601A176BB-SegmentedRaftLogWorker for RaftStorage:Storage Directory /workdir/hadoop-ozone/tools/target/test-dir/MiniOzoneClusterImpl-73343d47-350e-4161-ad34-574c9e7c486b/datanode-1/data/ratis/8382d3e2-5758-4593-872c-b2e601a176bb
2019-10-18 08:15:07,401 [pool-37-thread-1] INFO  server.RaftServerConfigKeys (ConfUtils.java:logGet(43)) - raft.server.log.queue.byte-limit = 2147483647 (custom)
2019-10-18 08:15:07,402 [pool-37-thread-1] INFO  server.RaftServerConfigKeys (ConfUtils.java:logGet(43)) - raft.server.log.queue.element-limit = 1024 (custom)
2019-10-18 08:15:07,402 [pool-37-thread-1] INFO  server.RaftServerConfigKeys (ConfUtils.java:logGet(43)) - raft.server.log.segment.size.max = 1048576 (custom)
2019-10-18 08:15:07,402 [pool-37-thread-1] INFO  server.RaftServerConfigKeys (ConfUtils.java:logGet(43)) - raft.server.log.preallocated.size = 16384 (custom)
2019-10-18 08:15:07,403 [pool-37-thread-1] INFO  server.RaftServerConfigKeys (ConfUtils.java:logGet(43)) - raft.server.log.write.buffer.size = 33554432 (custom)
2019-10-18 08:15:07,403 [pool-37-thread-1] INFO  server.RaftServerConfigKeys (ConfUtils.java:logGet(43)) - raft.server.log.force.sync.num = 128 (default)
2019-10-18 08:15:07,403 [pool-37-thread-1] INFO  server.RaftServerConfigKeys (ConfUtils.java:logGet(43)) - raft.server.log.statemachine.data.sync = true (default)
2019-10-18 08:15:07,404 [pool-37-thread-1] INFO  server.RaftServerConfigKeys (ConfUtils.java:logGet(43)) - raft.server.log.statemachine.data.sync.timeout = 10s (default)
2019-10-18 08:15:07,404 [pool-37-thread-1] INFO  server.RaftServerConfigKeys (ConfUtils.java:logGet(43)) - raft.server.log.statemachine.data.sync.timeout.retry = -1 (default)
2019-10-18 08:15:07,405 [pool-37-thread-1] INFO  server.RaftServerConfigKeys (ConfUtils.java:logGet(43)) - raft.server.log.statemachine.data.caching.enabled = true (custom)
2019-10-18 08:15:07,406 [pool-37-thread-1] INFO  segmented.SegmentedRaftLogWorker (SegmentedRaftLogWorker.java:lambda$new$0(128)) - ccb54c7c-d652-4a32-8fba-bee4dbf2a7ee@group-B2E601A176BB-SegmentedRaftLogWorker: flushIndex: setUnconditionally 0 -> -1
2019-10-18 08:15:07,406 [pool-37-thread-1] INFO  server.RaftServerConfigKeys (ConfUtils.java:logGet(43)) - raft.server.snapshot.auto.trigger.enabled = true (custom)
2019-10-18 08:15:07,406 [pool-37-thread-1] INFO  server.RaftServerConfigKeys (ConfUtils.java:logGet(43)) - raft.server.snapshot.auto.trigger.threshold = 10000 (custom)
2019-10-18 08:15:07,406 [pool-37-thread-1] INFO  server.RaftServerConfigKeys (ConfUtils.java:logGet(43)) - raft.server.snapshot.retention.file.num = 5 (custom)
2019-10-18 08:15:07,407 [pool-37-thread-1] INFO  server.RaftServerConfigKeys (ConfUtils.java:logGet(43)) - raft.server.retrycache.expirytime = 600000ms (custom)
2019-10-18 08:15:07,419 [pool-37-thread-1] INFO  impl.RaftServerImpl (RaftServerImpl.java:start(195)) - ccb54c7c-d652-4a32-8fba-bee4dbf2a7ee@group-B2E601A176BB: start as a follower, conf=-1: [ccb54c7c-d652-4a32-8fba-bee4dbf2a7ee:192.168.69.67:36515], old=null
2019-10-18 08:15:07,420 [pool-37-thread-1] INFO  impl.RaftServerImpl (RaftServerImpl.java:setRole(184)) - ccb54c7c-d652-4a32-8fba-bee4dbf2a7ee@group-B2E601A176BB: changes role from      null to FOLLOWER at term 0 for startAsFollower
2019-10-18 08:15:07,420 [pool-37-thread-1] INFO  impl.RoleInfo (RoleInfo.java:updateAndGet(143)) - ccb54c7c-d652-4a32-8fba-bee4dbf2a7ee: start FollowerState
2019-10-18 08:15:07,421 [pool-37-thread-1] INFO  util.JmxRegister (JmxRegister.java:tryRegister(44)) - Successfully registered JMX Bean with object name Ratis:service=RaftServer,group=group-B2E601A176BB,id=ccb54c7c-d652-4a32-8fba-bee4dbf2a7ee
2019-10-18 08:15:07,434 [RatisPipelineUtilsThread] INFO  pipeline.PipelineStateManager (PipelineStateManager.java:addPipeline(55)) - Created pipeline Pipeline[ Id: 8382d3e2-5758-4593-872c-b2e601a176bb, Nodes: ccb54c7c-d652-4a32-8fba-bee4dbf2a7ee{ip: 192.168.69.67, host: pr-hdds-1868-wx8dl-4219780377, networkLocation: /default-rack, certSerialId: null}, Type:RATIS, Factor:ONE, State:ALLOCATED]
2019-10-18 08:15:07,460 [grpc-default-executor-2] INFO  impl.RaftServerProxy (RaftServerProxy.java:addNew(89)) - 413e678e-a618-4c92-927e-441fcc799019: addNew group-5067896502A4:[de33c61e-1baa-412c-a678-1642e68dfdea:192.168.69.67:35710, 413e678e-a618-4c92-927e-441fcc799019:192.168.69.67:40351, ccb54c7c-d652-4a32-8fba-bee4dbf2a7ee:192.168.69.67:36515] returns group-5067896502A4:java.util.concurrent.CompletableFuture@61cf228f[Not completed]
2019-10-18 08:15:07,460 [grpc-default-executor-0] INFO  impl.RaftServerProxy (RaftServerProxy.java:addNew(89)) - ccb54c7c-d652-4a32-8fba-bee4dbf2a7ee: addNew group-5067896502A4:[de33c61e-1baa-412c-a678-1642e68dfdea:192.168.69.67:35710, 413e678e-a618-4c92-927e-441fcc799019:192.168.69.67:40351, ccb54c7c-d652-4a32-8fba-bee4dbf2a7ee:192.168.69.67:36515] returns group-5067896502A4:java.util.concurrent.CompletableFuture@2ddb886d[Not completed]
2019-10-18 08:15:07,460 [grpc-default-executor-1] INFO  impl.RaftServerProxy (RaftServerProxy.java:addNew(89)) - de33c61e-1baa-412c-a678-1642e68dfdea: addNew group-5067896502A4:[de33c61e-1baa-412c-a678-1642e68dfdea:192.168.69.67:35710, 413e678e-a618-4c92-927e-441fcc799019:192.168.69.67:40351, ccb54c7c-d652-4a32-8fba-bee4dbf2a7ee:192.168.69.67:36515] returns group-5067896502A4:java.util.concurrent.CompletableFuture@7f14ddce[Not completed]
2019-10-18 08:15:07,462 [pool-27-thread-1] INFO  impl.RaftServerImpl (RaftServerImpl.java:<init>(104)) - 413e678e-a618-4c92-927e-441fcc799019: new RaftServerImpl for group-5067896502A4:[de33c61e-1baa-412c-a678-1642e68dfdea:192.168.69.67:35710, 413e678e-a618-4c92-927e-441fcc799019:192.168.69.67:40351, ccb54c7c-d652-4a32-8fba-bee4dbf2a7ee:192.168.69.67:36515] with ContainerStateMachine:uninitialized
2019-10-18 08:15:07,462 [pool-27-thread-1] INFO  server.RaftServerConfigKeys (ConfUtils.java:logGet(43)) - raft.server.rpc.timeout.min = 5s (custom)
2019-10-18 08:15:07,463 [pool-27-thread-1] INFO  server.RaftServerConfigKeys (ConfUtils.java:logGet(43)) - raft.server.rpc.timeout.max = 5200ms (custom)
2019-10-18 08:15:07,463 [pool-27-thread-1] INFO  server.RaftServerConfigKeys (ConfUtils.java:logGet(43)) - raft.server.rpcslowness.timeout = 120s (custom)
2019-10-18 08:15:07,463 [pool-27-thread-1] INFO  server.RaftServerConfigKeys (ConfUtils.java:logGet(43)) - raft.server.sleep.deviation.threshold = 300 (default)
2019-10-18 08:15:07,463 [pool-27-thread-1] INFO  server.RaftServerConfigKeys (ConfUtils.java:logGet(43)) - raft.server.log.appender.install.snapshot.enabled = false (custom)
2019-10-18 08:15:07,463 [pool-27-thread-1] INFO  impl.RaftServerImpl (ServerState.java:<init>(103)) - 413e678e-a618-4c92-927e-441fcc799019@group-5067896502A4: ConfigurationManager, init=-1: [de33c61e-1baa-412c-a678-1642e68dfdea:192.168.69.67:35710, 413e678e-a618-4c92-927e-441fcc799019:192.168.69.67:40351, ccb54c7c-d652-4a32-8fba-bee4dbf2a7ee:192.168.69.67:36515], old=null, confs=<EMPTY_MAP>
2019-10-18 08:15:07,463 [pool-27-thread-1] INFO  server.RaftServerConfigKeys (ConfUtils.java:logGet(43)) - raft.server.storage.dir = [/workdir/hadoop-ozone/tools/target/test-dir/MiniOzoneClusterImpl-73343d47-350e-4161-ad34-574c9e7c486b/datanode-0/data/ratis] (custom)
2019-10-18 08:15:07,464 [pool-37-thread-1] INFO  impl.RaftServerImpl (RaftServerImpl.java:<init>(104)) - ccb54c7c-d652-4a32-8fba-bee4dbf2a7ee: new RaftServerImpl for group-5067896502A4:[de33c61e-1baa-412c-a678-1642e68dfdea:192.168.69.67:35710, 413e678e-a618-4c92-927e-441fcc799019:192.168.69.67:40351, ccb54c7c-d652-4a32-8fba-bee4dbf2a7ee:192.168.69.67:36515] with ContainerStateMachine:uninitialized
2019-10-18 08:15:07,464 [pool-37-thread-1] INFO  server.RaftServerConfigKeys (ConfUtils.java:logGet(43)) - raft.server.rpc.timeout.min = 5s (custom)
2019-10-18 08:15:07,464 [pool-27-thread-1] INFO  server.RaftServerConfigKeys (ConfUtils.java:logGet(43)) - raft.server.log.corruption.policy = EXCEPTION (default)
2019-10-18 08:15:07,464 [pool-37-thread-1] INFO  server.RaftServerConfigKeys (ConfUtils.java:logGet(43)) - raft.server.rpc.timeout.max = 5200ms (custom)
2019-10-18 08:15:07,464 [pool-27-thread-1] INFO  storage.RaftStorageDirectory (RaftStorageDirectory.java:analyzeStorage(246)) - The storage directory /workdir/hadoop-ozone/tools/target/test-dir/MiniOzoneClusterImpl-73343d47-350e-4161-ad34-574c9e7c486b/datanode-0/data/ratis/f67ffcd1-9982-4bff-bab4-5067896502a4 does not exist. Creating ...
2019-10-18 08:15:07,464 [pool-37-thread-1] INFO  server.RaftServerConfigKeys (ConfUtils.java:logGet(43)) - raft.server.rpcslowness.timeout = 120s (custom)
2019-10-18 08:15:07,464 [pool-47-thread-1] INFO  impl.RaftServerImpl (RaftServerImpl.java:<init>(104)) - de33c61e-1baa-412c-a678-1642e68dfdea: new RaftServerImpl for group-5067896502A4:[de33c61e-1baa-412c-a678-1642e68dfdea:192.168.69.67:35710, 413e678e-a618-4c92-927e-441fcc799019:192.168.69.67:40351, ccb54c7c-d652-4a32-8fba-bee4dbf2a7ee:192.168.69.67:36515] with ContainerStateMachine:uninitialized
2019-10-18 08:15:07,464 [pool-37-thread-1] INFO  server.RaftServerConfigKeys (ConfUtils.java:logGet(43)) - raft.server.sleep.deviation.threshold = 300 (default)
2019-10-18 08:15:07,465 [pool-47-thread-1] INFO  server.RaftServerConfigKeys (ConfUtils.java:logGet(43)) - raft.server.rpc.timeout.min = 5s (custom)
2019-10-18 08:15:07,465 [pool-37-thread-1] INFO  server.RaftServerConfigKeys (ConfUtils.java:logGet(43)) - raft.server.log.appender.install.snapshot.enabled = false (custom)
2019-10-18 08:15:07,465 [pool-47-thread-1] INFO  server.RaftServerConfigKeys (ConfUtils.java:logGet(43)) - raft.server.rpc.timeout.max = 5200ms (custom)
2019-10-18 08:15:07,465 [pool-37-thread-1] INFO  impl.RaftServerImpl (ServerState.java:<init>(103)) - ccb54c7c-d652-4a32-8fba-bee4dbf2a7ee@group-5067896502A4: ConfigurationManager, init=-1: [de33c61e-1baa-412c-a678-1642e68dfdea:192.168.69.67:35710, 413e678e-a618-4c92-927e-441fcc799019:192.168.69.67:40351, ccb54c7c-d652-4a32-8fba-bee4dbf2a7ee:192.168.69.67:36515], old=null, confs=<EMPTY_MAP>
2019-10-18 08:15:07,465 [pool-47-thread-1] INFO  server.RaftServerConfigKeys (ConfUtils.java:logGet(43)) - raft.server.rpcslowness.timeout = 120s (custom)
2019-10-18 08:15:07,465 [pool-47-thread-1] INFO  server.RaftServerConfigKeys (ConfUtils.java:logGet(43)) - raft.server.sleep.deviation.threshold = 300 (default)
2019-10-18 08:15:07,465 [pool-37-thread-1] INFO  server.RaftServerConfigKeys (ConfUtils.java:logGet(43)) - raft.server.storage.dir = [/workdir/hadoop-ozone/tools/target/test-dir/MiniOzoneClusterImpl-73343d47-350e-4161-ad34-574c9e7c486b/datanode-1/data/ratis] (custom)
2019-10-18 08:15:07,465 [pool-47-thread-1] INFO  server.RaftServerConfigKeys (ConfUtils.java:logGet(43)) - raft.server.log.appender.install.snapshot.enabled = false (custom)
2019-10-18 08:15:07,466 [pool-47-thread-1] INFO  impl.RaftServerImpl (ServerState.java:<init>(103)) - de33c61e-1baa-412c-a678-1642e68dfdea@group-5067896502A4: ConfigurationManager, init=-1: [de33c61e-1baa-412c-a678-1642e68dfdea:192.168.69.67:35710, 413e678e-a618-4c92-927e-441fcc799019:192.168.69.67:40351, ccb54c7c-d652-4a32-8fba-bee4dbf2a7ee:192.168.69.67:36515], old=null, confs=<EMPTY_MAP>
2019-10-18 08:15:07,466 [pool-47-thread-1] INFO  server.RaftServerConfigKeys (ConfUtils.java:logGet(43)) - raft.server.storage.dir = [/workdir/hadoop-ozone/tools/target/test-dir/MiniOzoneClusterImpl-73343d47-350e-4161-ad34-574c9e7c486b/datanode-2/data/ratis] (custom)
2019-10-18 08:15:07,466 [pool-37-thread-1] INFO  server.RaftServerConfigKeys (ConfUtils.java:logGet(43)) - raft.server.log.corruption.policy = EXCEPTION (default)
2019-10-18 08:15:07,466 [pool-47-thread-1] INFO  server.RaftServerConfigKeys (ConfUtils.java:logGet(43)) - raft.server.log.corruption.policy = EXCEPTION (default)
2019-10-18 08:15:07,466 [pool-37-thread-1] INFO  storage.RaftStorageDirectory (RaftStorageDirectory.java:analyzeStorage(246)) - The storage directory /workdir/hadoop-ozone/tools/target/test-dir/MiniOzoneClusterImpl-73343d47-350e-4161-ad34-574c9e7c486b/datanode-1/data/ratis/f67ffcd1-9982-4bff-bab4-5067896502a4 does not exist. Creating ...
2019-10-18 08:15:07,466 [pool-47-thread-1] INFO  storage.RaftStorageDirectory (RaftStorageDirectory.java:analyzeStorage(246)) - The storage directory /workdir/hadoop-ozone/tools/target/test-dir/MiniOzoneClusterImpl-73343d47-350e-4161-ad34-574c9e7c486b/datanode-2/data/ratis/f67ffcd1-9982-4bff-bab4-5067896502a4 does not exist. Creating ...
2019-10-18 08:15:07,478 [pool-47-thread-1] INFO  storage.RaftStorageDirectory (RaftStorageDirectory.java:tryLock(328)) - Lock on /workdir/hadoop-ozone/tools/target/test-dir/MiniOzoneClusterImpl-73343d47-350e-4161-ad34-574c9e7c486b/datanode-2/data/ratis/f67ffcd1-9982-4bff-bab4-5067896502a4/in_use.lock acquired by nodename 15204@pr-hdds-1868-wx8dl-4219780377
2019-10-18 08:15:07,478 [pool-37-thread-1] INFO  storage.RaftStorageDirectory (RaftStorageDirectory.java:tryLock(328)) - Lock on /workdir/hadoop-ozone/tools/target/test-dir/MiniOzoneClusterImpl-73343d47-350e-4161-ad34-574c9e7c486b/datanode-1/data/ratis/f67ffcd1-9982-4bff-bab4-5067896502a4/in_use.lock acquired by nodename 15204@pr-hdds-1868-wx8dl-4219780377
2019-10-18 08:15:07,478 [pool-27-thread-1] INFO  storage.RaftStorageDirectory (RaftStorageDirectory.java:tryLock(328)) - Lock on /workdir/hadoop-ozone/tools/target/test-dir/MiniOzoneClusterImpl-73343d47-350e-4161-ad34-574c9e7c486b/datanode-0/data/ratis/f67ffcd1-9982-4bff-bab4-5067896502a4/in_use.lock acquired by nodename 15204@pr-hdds-1868-wx8dl-4219780377
2019-10-18 08:15:07,493 [pool-37-thread-1] INFO  storage.RaftStorage (RaftStorage.java:format(84)) - Storage directory /workdir/hadoop-ozone/tools/target/test-dir/MiniOzoneClusterImpl-73343d47-350e-4161-ad34-574c9e7c486b/datanode-1/data/ratis/f67ffcd1-9982-4bff-bab4-5067896502a4 has been successfully formatted.
2019-10-18 08:15:07,493 [pool-27-thread-1] INFO  storage.RaftStorage (RaftStorage.java:format(84)) - Storage directory /workdir/hadoop-ozone/tools/target/test-dir/MiniOzoneClusterImpl-73343d47-350e-4161-ad34-574c9e7c486b/datanode-0/data/ratis/f67ffcd1-9982-4bff-bab4-5067896502a4 has been successfully formatted.
2019-10-18 08:15:07,493 [pool-47-thread-1] INFO  storage.RaftStorage (RaftStorage.java:format(84)) - Storage directory /workdir/hadoop-ozone/tools/target/test-dir/MiniOzoneClusterImpl-73343d47-350e-4161-ad34-574c9e7c486b/datanode-2/data/ratis/f67ffcd1-9982-4bff-bab4-5067896502a4 has been successfully formatted.
2019-10-18 08:15:07,493 [pool-37-thread-1] INFO  ratis.ContainerStateMachine (ContainerStateMachine.java:loadSnapshot(233)) - group-5067896502A4: The snapshot info is null. Setting the last applied indexto:(t:0, i:~)
2019-10-18 08:15:07,493 [pool-27-thread-1] INFO  ratis.ContainerStateMachine (ContainerStateMachine.java:loadSnapshot(233)) - group-5067896502A4: The snapshot info is null. Setting the last applied indexto:(t:0, i:~)
2019-10-18 08:15:07,493 [pool-37-thread-1] INFO  server.RaftServerConfigKeys (ConfUtils.java:logGet(43)) - raft.server.notification.no-leader.timeout = 120s (custom)
2019-10-18 08:15:07,493 [pool-47-thread-1] INFO  ratis.ContainerStateMachine (ContainerStateMachine.java:loadSnapshot(233)) - group-5067896502A4: The snapshot info is null. Setting the last applied indexto:(t:0, i:~)
2019-10-18 08:15:07,493 [pool-37-thread-1] INFO  server.RaftServerConfigKeys (ConfUtils.java:logGet(43)) - raft.server.log.use.memory = false (default)
2019-10-18 08:15:07,493 [pool-27-thread-1] INFO  server.RaftServerConfigKeys (ConfUtils.java:logGet(43)) - raft.server.notification.no-leader.timeout = 120s (custom)
2019-10-18 08:15:07,494 [pool-37-thread-1] INFO  server.RaftServerConfigKeys (ConfUtils.java:logGet(43)) - raft.server.log.purge.gap = 1000000 (custom)
2019-10-18 08:15:07,494 [pool-47-thread-1] INFO  server.RaftServerConfigKeys (ConfUtils.java:logGet(43)) - raft.server.notification.no-leader.timeout = 120s (custom)
2019-10-18 08:15:07,494 [pool-37-thread-1] INFO  server.RaftServerConfigKeys (ConfUtils.java:logGet(43)) - raft.server.log.appender.buffer.byte-limit = 33554432 (custom)
2019-10-18 08:15:07,494 [pool-27-thread-1] INFO  server.RaftServerConfigKeys (ConfUtils.java:logGet(43)) - raft.server.log.use.memory = false (default)
2019-10-18 08:15:07,494 [pool-37-thread-1] INFO  server.RaftServerConfigKeys (ConfUtils.java:logGet(43)) - raft.server.log.segment.size.max = 1048576 (custom)
2019-10-18 08:15:07,494 [pool-27-thread-1] INFO  server.RaftServerConfigKeys (ConfUtils.java:logGet(43)) - raft.server.log.purge.gap = 1000000 (custom)
2019-10-18 08:15:07,494 [pool-47-thread-1] INFO  server.RaftServerConfigKeys (ConfUtils.java:logGet(43)) - raft.server.log.use.memory = false (default)
2019-10-18 08:15:07,494 [pool-27-thread-1] INFO  server.RaftServerConfigKeys (ConfUtils.java:logGet(43)) - raft.server.log.appender.buffer.byte-limit = 33554432 (custom)
2019-10-18 08:15:07,494 [pool-37-thread-1] INFO  server.RaftServerConfigKeys (ConfUtils.java:logGet(43)) - raft.server.log.segment.cache.num.max = 2 (custom)
2019-10-18 08:15:07,495 [pool-27-thread-1] INFO  server.RaftServerConfigKeys (ConfUtils.java:logGet(43)) - raft.server.log.segment.size.max = 1048576 (custom)
2019-10-18 08:15:07,494 [pool-47-thread-1] INFO  server.RaftServerConfigKeys (ConfUtils.java:logGet(43)) - raft.server.log.purge.gap = 1000000 (custom)
2019-10-18 08:15:07,495 [pool-27-thread-1] INFO  server.RaftServerConfigKeys (ConfUtils.java:logGet(43)) - raft.server.log.segment.cache.num.max = 2 (custom)
2019-10-18 08:15:07,495 [pool-37-thread-1] INFO  segmented.SegmentedRaftLogWorker (SegmentedRaftLogWorker.java:<init>(173)) - new ccb54c7c-d652-4a32-8fba-bee4dbf2a7ee@group-5067896502A4-SegmentedRaftLogWorker for RaftStorage:Storage Directory /workdir/hadoop-ozone/tools/target/test-dir/MiniOzoneClusterImpl-73343d47-350e-4161-ad34-574c9e7c486b/datanode-1/data/ratis/f67ffcd1-9982-4bff-bab4-5067896502a4
2019-10-18 08:15:07,495 [pool-27-thread-1] INFO  segmented.SegmentedRaftLogWorker (SegmentedRaftLogWorker.java:<init>(173)) - new 413e678e-a618-4c92-927e-441fcc799019@group-5067896502A4-SegmentedRaftLogWorker for RaftStorage:Storage Directory /workdir/hadoop-ozone/tools/target/test-dir/MiniOzoneClusterImpl-73343d47-350e-4161-ad34-574c9e7c486b/datanode-0/data/ratis/f67ffcd1-9982-4bff-bab4-5067896502a4
2019-10-18 08:15:07,495 [pool-47-thread-1] INFO  server.RaftServerConfigKeys (ConfUtils.java:logGet(43)) - raft.server.log.appender.buffer.byte-limit = 33554432 (custom)
2019-10-18 08:15:07,495 [pool-27-thread-1] INFO  server.RaftServerConfigKeys (ConfUtils.java:logGet(43)) - raft.server.log.queue.byte-limit = 2147483647 (custom)
2019-10-18 08:15:07,495 [pool-37-thread-1] INFO  server.RaftServerConfigKeys (ConfUtils.java:logGet(43)) - raft.server.log.queue.byte-limit = 2147483647 (custom)
2019-10-18 08:15:07,495 [pool-27-thread-1] INFO  server.RaftServerConfigKeys (ConfUtils.java:logGet(43)) - raft.server.log.queue.element-limit = 1024 (custom)
2019-10-18 08:15:07,495 [pool-47-thread-1] INFO  server.RaftServerConfigKeys (ConfUtils.java:logGet(43)) - raft.server.log.segment.size.max = 1048576 (custom)
2019-10-18 08:15:07,496 [pool-27-thread-1] INFO  server.RaftServerConfigKeys (ConfUtils.java:logGet(43)) - raft.server.log.segment.size.max = 1048576 (custom)
2019-10-18 08:15:07,496 [pool-37-thread-1] INFO  server.RaftServerConfigKeys (ConfUtils.java:logGet(43)) - raft.server.log.queue.element-limit = 1024 (custom)
2019-10-18 08:15:07,496 [pool-27-thread-1] INFO  server.RaftServerConfigKeys (ConfUtils.java:logGet(43)) - raft.server.log.preallocated.size = 16384 (custom)
2019-10-18 08:15:07,496 [pool-27-thread-1] INFO  server.RaftServerConfigKeys (ConfUtils.java:logGet(43)) - raft.server.log.write.buffer.size = 33554432 (custom)
2019-10-18 08:15:07,496 [pool-47-thread-1] INFO  server.RaftServerConfigKeys (ConfUtils.java:logGet(43)) - raft.server.log.segment.cache.num.max = 2 (custom)
2019-10-18 08:15:07,496 [pool-27-thread-1] INFO  server.RaftServerConfigKeys (ConfUtils.java:logGet(43)) - raft.server.log.force.sync.num = 128 (default)
2019-10-18 08:15:07,496 [pool-37-thread-1] INFO  server.RaftServerConfigKeys (ConfUtils.java:logGet(43)) - raft.server.log.segment.size.max = 1048576 (custom)
2019-10-18 08:15:07,496 [pool-27-thread-1] INFO  server.RaftServerConfigKeys (ConfUtils.java:logGet(43)) - raft.server.log.statemachine.data.sync = true (default)
2019-10-18 08:15:07,496 [pool-47-thread-1] INFO  segmented.SegmentedRaftLogWorker (SegmentedRaftLogWorker.java:<init>(173)) - new de33c61e-1baa-412c-a678-1642e68dfdea@group-5067896502A4-SegmentedRaftLogWorker for RaftStorage:Storage Directory /workdir/hadoop-ozone/tools/target/test-dir/MiniOzoneClusterImpl-73343d47-350e-4161-ad34-574c9e7c486b/datanode-2/data/ratis/f67ffcd1-9982-4bff-bab4-5067896502a4
2019-10-18 08:15:07,497 [pool-27-thread-1] INFO  server.RaftServerConfigKeys (ConfUtils.java:logGet(43)) - raft.server.log.statemachine.data.sync.timeout = 10s (default)
2019-10-18 08:15:07,497 [pool-37-thread-1] INFO  server.RaftServerConfigKeys (ConfUtils.java:logGet(43)) - raft.server.log.preallocated.size = 16384 (custom)
2019-10-18 08:15:07,497 [pool-27-thread-1] INFO  server.RaftServerConfigKeys (ConfUtils.java:logGet(43)) - raft.server.log.statemachine.data.sync.timeout.retry = -1 (default)
2019-10-18 08:15:07,497 [pool-47-thread-1] INFO  server.RaftServerConfigKeys (ConfUtils.java:logGet(43)) - raft.server.log.queue.byte-limit = 2147483647 (custom)
2019-10-18 08:15:07,497 [pool-27-thread-1] INFO  server.RaftServerConfigKeys (ConfUtils.java:logGet(43)) - raft.server.log.statemachine.data.caching.enabled = true (custom)
2019-10-18 08:15:07,497 [pool-37-thread-1] INFO  server.RaftServerConfigKeys (ConfUtils.java:logGet(43)) - raft.server.log.write.buffer.size = 33554432 (custom)
2019-10-18 08:15:07,497 [pool-47-thread-1] INFO  server.RaftServerConfigKeys (ConfUtils.java:logGet(43)) - raft.server.log.queue.element-limit = 1024 (custom)
2019-10-18 08:15:07,498 [pool-37-thread-1] INFO  server.RaftServerConfigKeys (ConfUtils.java:logGet(43)) - raft.server.log.force.sync.num = 128 (default)
2019-10-18 08:15:07,498 [pool-27-thread-1] INFO  segmented.SegmentedRaftLogWorker (SegmentedRaftLogWorker.java:lambda$new$0(128)) - 413e678e-a618-4c92-927e-441fcc799019@group-5067896502A4-SegmentedRaftLogWorker: flushIndex: setUnconditionally 0 -> -1
2019-10-18 08:15:07,498 [pool-47-thread-1] INFO  server.RaftServerConfigKeys (ConfUtils.java:logGet(43)) - raft.server.log.segment.size.max = 1048576 (custom)
2019-10-18 08:15:07,498 [pool-37-thread-1] INFO  server.RaftServerConfigKeys (ConfUtils.java:logGet(43)) - raft.server.log.statemachine.data.sync = true (default)
2019-10-18 08:15:07,498 [pool-27-thread-1] INFO  server.RaftServerConfigKeys (ConfUtils.java:logGet(43)) - raft.server.snapshot.auto.trigger.enabled = true (custom)
2019-10-18 08:15:07,498 [pool-47-thread-1] INFO  server.RaftServerConfigKeys (ConfUtils.java:logGet(43)) - raft.server.log.preallocated.size = 16384 (custom)
2019-10-18 08:15:07,498 [pool-27-thread-1] INFO  server.RaftServerConfigKeys (ConfUtils.java:logGet(43)) - raft.server.snapshot.auto.trigger.threshold = 10000 (custom)
2019-10-18 08:15:07,498 [pool-37-thread-1] INFO  server.RaftServerConfigKeys (ConfUtils.java:logGet(43)) - raft.server.log.statemachine.data.sync.timeout = 10s (default)
2019-10-18 08:15:07,498 [pool-27-thread-1] INFO  server.RaftServerConfigKeys (ConfUtils.java:logGet(43)) - raft.server.snapshot.retention.file.num = 5 (custom)
2019-10-18 08:15:07,498 [pool-47-thread-1] INFO  server.RaftServerConfigKeys (ConfUtils.java:logGet(43)) - raft.server.log.write.buffer.size = 33554432 (custom)
2019-10-18 08:15:07,499 [pool-37-thread-1] INFO  server.RaftServerConfigKeys (ConfUtils.java:logGet(43)) - raft.server.log.statemachine.data.sync.timeout.retry = -1 (default)
2019-10-18 08:15:07,499 [pool-27-thread-1] INFO  server.RaftServerConfigKeys (ConfUtils.java:logGet(43)) - raft.server.retrycache.expirytime = 600000ms (custom)
2019-10-18 08:15:07,499 [pool-47-thread-1] INFO  server.RaftServerConfigKeys (ConfUtils.java:logGet(43)) - raft.server.log.force.sync.num = 128 (default)
2019-10-18 08:15:07,499 [pool-37-thread-1] INFO  server.RaftServerConfigKeys (ConfUtils.java:logGet(43)) - raft.server.log.statemachine.data.caching.enabled = true (custom)
2019-10-18 08:15:07,499 [pool-47-thread-1] INFO  server.RaftServerConfigKeys (ConfUtils.java:logGet(43)) - raft.server.log.statemachine.data.sync = true (default)
2019-10-18 08:15:07,499 [pool-47-thread-1] INFO  server.RaftServerConfigKeys (ConfUtils.java:logGet(43)) - raft.server.log.statemachine.data.sync.timeout = 10s (default)
2019-10-18 08:15:07,500 [pool-37-thread-1] INFO  segmented.SegmentedRaftLogWorker (SegmentedRaftLogWorker.java:lambda$new$0(128)) - ccb54c7c-d652-4a32-8fba-bee4dbf2a7ee@group-5067896502A4-SegmentedRaftLogWorker: flushIndex: setUnconditionally 0 -> -1
2019-10-18 08:15:07,500 [pool-47-thread-1] INFO  server.RaftServerConfigKeys (ConfUtils.java:logGet(43)) - raft.server.log.statemachine.data.sync.timeout.retry = -1 (default)
2019-10-18 08:15:07,500 [pool-37-thread-1] INFO  server.RaftServerConfigKeys (ConfUtils.java:logGet(43)) - raft.server.snapshot.auto.trigger.enabled = true (custom)
2019-10-18 08:15:07,500 [pool-47-thread-1] INFO  server.RaftServerConfigKeys (ConfUtils.java:logGet(43)) - raft.server.log.statemachine.data.caching.enabled = true (custom)
2019-10-18 08:15:07,500 [pool-37-thread-1] INFO  server.RaftServerConfigKeys (ConfUtils.java:logGet(43)) - raft.server.snapshot.auto.trigger.threshold = 10000 (custom)
2019-10-18 08:15:07,500 [pool-37-thread-1] INFO  server.RaftServerConfigKeys (ConfUtils.java:logGet(43)) - raft.server.snapshot.retention.file.num = 5 (custom)
2019-10-18 08:15:07,500 [pool-47-thread-1] INFO  segmented.SegmentedRaftLogWorker (SegmentedRaftLogWorker.java:lambda$new$0(128)) - de33c61e-1baa-412c-a678-1642e68dfdea@group-5067896502A4-SegmentedRaftLogWorker: flushIndex: setUnconditionally 0 -> -1
2019-10-18 08:15:07,500 [pool-37-thread-1] INFO  server.RaftServerConfigKeys (ConfUtils.java:logGet(43)) - raft.server.retrycache.expirytime = 600000ms (custom)
2019-10-18 08:15:07,501 [pool-47-thread-1] INFO  server.RaftServerConfigKeys (ConfUtils.java:logGet(43)) - raft.server.snapshot.auto.trigger.enabled = true (custom)
2019-10-18 08:15:07,501 [pool-47-thread-1] INFO  server.RaftServerConfigKeys (ConfUtils.java:logGet(43)) - raft.server.snapshot.auto.trigger.threshold = 10000 (custom)
2019-10-18 08:15:07,501 [pool-47-thread-1] INFO  server.RaftServerConfigKeys (ConfUtils.java:logGet(43)) - raft.server.snapshot.retention.file.num = 5 (custom)
2019-10-18 08:15:07,501 [pool-47-thread-1] INFO  server.RaftServerConfigKeys (ConfUtils.java:logGet(43)) - raft.server.retrycache.expirytime = 600000ms (custom)
2019-10-18 08:15:07,502 [pool-27-thread-1] INFO  impl.RaftServerImpl (RaftServerImpl.java:start(195)) - 413e678e-a618-4c92-927e-441fcc799019@group-5067896502A4: start as a follower, conf=-1: [de33c61e-1baa-412c-a678-1642e68dfdea:192.168.69.67:35710, 413e678e-a618-4c92-927e-441fcc799019:192.168.69.67:40351, ccb54c7c-d652-4a32-8fba-bee4dbf2a7ee:192.168.69.67:36515], old=null
2019-10-18 08:15:07,502 [pool-27-thread-1] INFO  impl.RaftServerImpl (RaftServerImpl.java:setRole(184)) - 413e678e-a618-4c92-927e-441fcc799019@group-5067896502A4: changes role from      null to FOLLOWER at term 0 for startAsFollower
2019-10-18 08:15:07,502 [pool-27-thread-1] INFO  impl.RoleInfo (RoleInfo.java:updateAndGet(143)) - 413e678e-a618-4c92-927e-441fcc799019: start FollowerState
2019-10-18 08:15:07,502 [pool-27-thread-1] INFO  util.JmxRegister (JmxRegister.java:tryRegister(44)) - Successfully registered JMX Bean with object name Ratis:service=RaftServer,group=group-5067896502A4,id=413e678e-a618-4c92-927e-441fcc799019
2019-10-18 08:15:07,503 [pool-37-thread-1] INFO  impl.RaftServerImpl (RaftServerImpl.java:start(195)) - ccb54c7c-d652-4a32-8fba-bee4dbf2a7ee@group-5067896502A4: start as a follower, conf=-1: [de33c61e-1baa-412c-a678-1642e68dfdea:192.168.69.67:35710, 413e678e-a618-4c92-927e-441fcc799019:192.168.69.67:40351, ccb54c7c-d652-4a32-8fba-bee4dbf2a7ee:192.168.69.67:36515], old=null
2019-10-18 08:15:07,503 [pool-37-thread-1] INFO  impl.RaftServerImpl (RaftServerImpl.java:setRole(184)) - ccb54c7c-d652-4a32-8fba-bee4dbf2a7ee@group-5067896502A4: changes role from      null to FOLLOWER at term 0 for startAsFollower
2019-10-18 08:15:07,503 [pool-37-thread-1] INFO  impl.RoleInfo (RoleInfo.java:updateAndGet(143)) - ccb54c7c-d652-4a32-8fba-bee4dbf2a7ee: start FollowerState
2019-10-18 08:15:07,503 [pool-47-thread-1] INFO  impl.RaftServerImpl (RaftServerImpl.java:start(195)) - de33c61e-1baa-412c-a678-1642e68dfdea@group-5067896502A4: start as a follower, conf=-1: [de33c61e-1baa-412c-a678-1642e68dfdea:192.168.69.67:35710, 413e678e-a618-4c92-927e-441fcc799019:192.168.69.67:40351, ccb54c7c-d652-4a32-8fba-bee4dbf2a7ee:192.168.69.67:36515], old=null
2019-10-18 08:15:07,504 [pool-47-thread-1] INFO  impl.RaftServerImpl (RaftServerImpl.java:setRole(184)) - de33c61e-1baa-412c-a678-1642e68dfdea@group-5067896502A4: changes role from      null to FOLLOWER at term 0 for startAsFollower
2019-10-18 08:15:07,504 [pool-37-thread-1] INFO  util.JmxRegister (JmxRegister.java:tryRegister(44)) - Successfully registered JMX Bean with object name Ratis:service=RaftServer,group=group-5067896502A4,id=ccb54c7c-d652-4a32-8fba-bee4dbf2a7ee
2019-10-18 08:15:07,504 [pool-47-thread-1] INFO  impl.RoleInfo (RoleInfo.java:updateAndGet(143)) - de33c61e-1baa-412c-a678-1642e68dfdea: start FollowerState
2019-10-18 08:15:07,504 [pool-47-thread-1] INFO  util.JmxRegister (JmxRegister.java:tryRegister(44)) - Successfully registered JMX Bean with object name Ratis:service=RaftServer,group=group-5067896502A4,id=de33c61e-1baa-412c-a678-1642e68dfdea
2019-10-18 08:15:07,524 [RatisPipelineUtilsThread] INFO  pipeline.PipelineStateManager (PipelineStateManager.java:addPipeline(55)) - Created pipeline Pipeline[ Id: f67ffcd1-9982-4bff-bab4-5067896502a4, Nodes: de33c61e-1baa-412c-a678-1642e68dfdea{ip: 192.168.69.67, host: pr-hdds-1868-wx8dl-4219780377, networkLocation: /default-rack, certSerialId: null}413e678e-a618-4c92-927e-441fcc799019{ip: 192.168.69.67, host: pr-hdds-1868-wx8dl-4219780377, networkLocation: /default-rack, certSerialId: null}ccb54c7c-d652-4a32-8fba-bee4dbf2a7ee{ip: 192.168.69.67, host: pr-hdds-1868-wx8dl-4219780377, networkLocation: /default-rack, certSerialId: null}, Type:RATIS, Factor:THREE, State:ALLOCATED]
2019-10-18 08:15:07,549 [Thread-196] INFO  impl.FollowerState (FollowerState.java:run(108)) - ccb54c7c-d652-4a32-8fba-bee4dbf2a7ee@group-5067896502A4-FollowerState: change to CANDIDATE, lastRpcTime:46ms, electionTimeout:39ms
2019-10-18 08:15:07,550 [Thread-190] INFO  impl.FollowerState (FollowerState.java:run(108)) - ccb54c7c-d652-4a32-8fba-bee4dbf2a7ee@group-B2E601A176BB-FollowerState: change to CANDIDATE, lastRpcTime:129ms, electionTimeout:121ms
2019-10-18 08:15:07,550 [Thread-196] INFO  impl.RoleInfo (RoleInfo.java:shutdownFollowerState(121)) - ccb54c7c-d652-4a32-8fba-bee4dbf2a7ee: shutdown FollowerState
2019-10-18 08:15:07,550 [Thread-190] INFO  impl.RoleInfo (RoleInfo.java:shutdownFollowerState(121)) - ccb54c7c-d652-4a32-8fba-bee4dbf2a7ee: shutdown FollowerState
2019-10-18 08:15:07,551 [Thread-196] INFO  impl.RaftServerImpl (RaftServerImpl.java:setRole(184)) - ccb54c7c-d652-4a32-8fba-bee4dbf2a7ee@group-5067896502A4: changes role from  FOLLOWER to CANDIDATE at term 0 for changeToCandidate
2019-10-18 08:15:07,551 [Thread-190] INFO  impl.RaftServerImpl (RaftServerImpl.java:setRole(184)) - ccb54c7c-d652-4a32-8fba-bee4dbf2a7ee@group-B2E601A176BB: changes role from  FOLLOWER to CANDIDATE at term 0 for changeToCandidate
2019-10-18 08:15:07,551 [Thread-196] INFO  impl.RoleInfo (RoleInfo.java:updateAndGet(143)) - ccb54c7c-d652-4a32-8fba-bee4dbf2a7ee: start LeaderElection
2019-10-18 08:15:07,551 [Thread-190] INFO  impl.RoleInfo (RoleInfo.java:updateAndGet(143)) - ccb54c7c-d652-4a32-8fba-bee4dbf2a7ee: start LeaderElection
2019-10-18 08:15:07,551 [EventQueue-PipelineReportForPipelineReportHandler] INFO  pipeline.PipelineReportHandler (PipelineReportHandler.java:processPipelineReport(119)) - Pipeline PipelineID=7320435b-da16-4c03-be51-768e2a668548 reported by 413e678e-a618-4c92-927e-441fcc799019{ip: 192.168.69.67, host: pr-hdds-1868-wx8dl-4219780377, networkLocation: /default-rack, certSerialId: null} with leaderId 413e678e-a618-4c92-927e-441fcc799019
2019-10-18 08:15:07,554 [Thread-197] INFO  impl.FollowerState (FollowerState.java:run(108)) - de33c61e-1baa-412c-a678-1642e68dfdea@group-5067896502A4-FollowerState: change to CANDIDATE, lastRpcTime:49ms, electionTimeout:48ms
2019-10-18 08:15:07,554 [Thread-197] INFO  impl.RoleInfo (RoleInfo.java:shutdownFollowerState(121)) - de33c61e-1baa-412c-a678-1642e68dfdea: shutdown FollowerState
2019-10-18 08:15:07,554 [Thread-197] INFO  impl.RaftServerImpl (RaftServerImpl.java:setRole(184)) - de33c61e-1baa-412c-a678-1642e68dfdea@group-5067896502A4: changes role from  FOLLOWER to CANDIDATE at term 0 for changeToCandidate
2019-10-18 08:15:07,554 [main] INFO  ozone.MiniOzoneClusterImpl (MiniOzoneClusterImpl.java:lambda$waitForClusterToBeReady$2(164)) - Waiting for 4 number of pipelines out of 4, to report a leader.
2019-10-18 08:15:07,554 [Thread-197] INFO  impl.RoleInfo (RoleInfo.java:updateAndGet(143)) - de33c61e-1baa-412c-a678-1642e68dfdea: start LeaderElection
2019-10-18 08:15:07,560 [EventQueue-PipelineReportForPipelineReportHandler] INFO  pipeline.PipelineStateManager (PipelineStateManager.java:openPipeline(134)) - Pipeline Pipeline[ Id: 7320435b-da16-4c03-be51-768e2a668548, Nodes: 413e678e-a618-4c92-927e-441fcc799019{ip: 192.168.69.67, host: pr-hdds-1868-wx8dl-4219780377, networkLocation: /default-rack, certSerialId: null}, Type:RATIS, Factor:ONE, State:OPEN] moved to OPEN state
2019-10-18 08:15:07,560 [EventQueue-PipelineReportForPipelineReportHandler] INFO  pipeline.PipelineReportHandler (PipelineReportHandler.java:processPipelineReport(119)) - Pipeline PipelineID=083e1f1d-e260-4912-bc26-d610a3cf6d51 reported by de33c61e-1baa-412c-a678-1642e68dfdea{ip: 192.168.69.67, host: pr-hdds-1868-wx8dl-4219780377, networkLocation: /default-rack, certSerialId: null} with leaderId de33c61e-1baa-412c-a678-1642e68dfdea
2019-10-18 08:15:07,560 [EventQueue-PipelineReportForPipelineReportHandler] INFO  pipeline.PipelineStateManager (PipelineStateManager.java:openPipeline(134)) - Pipeline Pipeline[ Id: 083e1f1d-e260-4912-bc26-d610a3cf6d51, Nodes: de33c61e-1baa-412c-a678-1642e68dfdea{ip: 192.168.69.67, host: pr-hdds-1868-wx8dl-4219780377, networkLocation: /default-rack, certSerialId: null}, Type:RATIS, Factor:ONE, State:OPEN] moved to OPEN state
2019-10-18 08:15:07,568 [de33c61e-1baa-412c-a678-1642e68dfdea@group-D610A3CF6D51-SegmentedRaftLogWorker] INFO  segmented.SegmentedRaftLogWorker (SegmentedRaftLogWorker.java:execute(576)) - de33c61e-1baa-412c-a678-1642e68dfdea@group-D610A3CF6D51-SegmentedRaftLogWorker: created new log segment /workdir/hadoop-ozone/tools/target/test-dir/MiniOzoneClusterImpl-73343d47-350e-4161-ad34-574c9e7c486b/datanode-2/data/ratis/083e1f1d-e260-4912-bc26-d610a3cf6d51/current/log_inprogress_0
2019-10-18 08:15:07,568 [413e678e-a618-4c92-927e-441fcc799019@group-768E2A668548-SegmentedRaftLogWorker] INFO  segmented.SegmentedRaftLogWorker (SegmentedRaftLogWorker.java:execute(576)) - 413e678e-a618-4c92-927e-441fcc799019@group-768E2A668548-SegmentedRaftLogWorker: created new log segment /workdir/hadoop-ozone/tools/target/test-dir/MiniOzoneClusterImpl-73343d47-350e-4161-ad34-574c9e7c486b/datanode-0/data/ratis/7320435b-da16-4c03-be51-768e2a668548/current/log_inprogress_0
2019-10-18 08:15:07,568 [ccb54c7c-d652-4a32-8fba-bee4dbf2a7ee@group-B2E601A176BB-LeaderElection4] INFO  impl.LeaderElection (LeaderElection.java:askForVotes(178)) - ccb54c7c-d652-4a32-8fba-bee4dbf2a7ee@group-B2E601A176BB-LeaderElection4: begin an election at term 1 for -1: [ccb54c7c-d652-4a32-8fba-bee4dbf2a7ee:192.168.69.67:36515], old=null
2019-10-18 08:15:07,568 [ccb54c7c-d652-4a32-8fba-bee4dbf2a7ee@group-5067896502A4-LeaderElection3] INFO  impl.LeaderElection (LeaderElection.java:askForVotes(178)) - ccb54c7c-d652-4a32-8fba-bee4dbf2a7ee@group-5067896502A4-LeaderElection3: begin an election at term 1 for -1: [de33c61e-1baa-412c-a678-1642e68dfdea:192.168.69.67:35710, 413e678e-a618-4c92-927e-441fcc799019:192.168.69.67:40351, ccb54c7c-d652-4a32-8fba-bee4dbf2a7ee:192.168.69.67:36515], old=null
2019-10-18 08:15:07,568 [de33c61e-1baa-412c-a678-1642e68dfdea@group-5067896502A4-LeaderElection5] INFO  impl.LeaderElection (LeaderElection.java:askForVotes(178)) - de33c61e-1baa-412c-a678-1642e68dfdea@group-5067896502A4-LeaderElection5: begin an election at term 1 for -1: [de33c61e-1baa-412c-a678-1642e68dfdea:192.168.69.67:35710, 413e678e-a618-4c92-927e-441fcc799019:192.168.69.67:40351, ccb54c7c-d652-4a32-8fba-bee4dbf2a7ee:192.168.69.67:36515], old=null
2019-10-18 08:15:07,568 [ccb54c7c-d652-4a32-8fba-bee4dbf2a7ee@group-B2E601A176BB-LeaderElection4] INFO  impl.RoleInfo (RoleInfo.java:shutdownLeaderElection(134)) - ccb54c7c-d652-4a32-8fba-bee4dbf2a7ee: shutdown LeaderElection
2019-10-18 08:15:07,568 [ccb54c7c-d652-4a32-8fba-bee4dbf2a7ee@group-B2E601A176BB-LeaderElection4] INFO  impl.RaftServerImpl (RaftServerImpl.java:setRole(184)) - ccb54c7c-d652-4a32-8fba-bee4dbf2a7ee@group-B2E601A176BB: changes role from CANDIDATE to LEADER at term 1 for changeToLeader
2019-10-18 08:15:07,569 [ccb54c7c-d652-4a32-8fba-bee4dbf2a7ee@group-B2E601A176BB-LeaderElection4] INFO  ratis.XceiverServerRatis (XceiverServerRatis.java:handleLeaderChangedNotification(699)) - Leader change notification received for group: group-B2E601A176BB with new leaderId: ccb54c7c-d652-4a32-8fba-bee4dbf2a7ee
2019-10-18 08:15:07,569 [ccb54c7c-d652-4a32-8fba-bee4dbf2a7ee@group-B2E601A176BB-LeaderElection4] INFO  impl.RaftServerImpl (ServerState.java:setLeader(256)) - ccb54c7c-d652-4a32-8fba-bee4dbf2a7ee@group-B2E601A176BB: change Leader from null to ccb54c7c-d652-4a32-8fba-bee4dbf2a7ee at term 1 for becomeLeader, leader elected after 174ms
2019-10-18 08:15:07,569 [ccb54c7c-d652-4a32-8fba-bee4dbf2a7ee@group-B2E601A176BB-LeaderElection4] INFO  server.RaftServerConfigKeys (ConfUtils.java:logGet(43)) - raft.server.staging.catchup.gap = 1000 (default)
2019-10-18 08:15:07,569 [ccb54c7c-d652-4a32-8fba-bee4dbf2a7ee@group-B2E601A176BB-LeaderElection4] INFO  server.RaftServerConfigKeys (ConfUtils.java:logGet(43)) - raft.server.rpc.sleep.time = 25ms (default)
2019-10-18 08:15:07,570 [ccb54c7c-d652-4a32-8fba-bee4dbf2a7ee@group-B2E601A176BB-LeaderElection4] INFO  server.RaftServerConfigKeys (ConfUtils.java:logGet(43)) - raft.server.write.element-limit = 4096 (default)
2019-10-18 08:15:07,570 [ccb54c7c-d652-4a32-8fba-bee4dbf2a7ee@group-B2E601A176BB-LeaderElection4] INFO  server.RaftServerConfigKeys (ConfUtils.java:logGet(43)) - raft.server.watch.timeout = 10s (default)
2019-10-18 08:15:07,570 [ccb54c7c-d652-4a32-8fba-bee4dbf2a7ee@group-B2E601A176BB-LeaderElection4] INFO  server.RaftServerConfigKeys (ConfUtils.java:logGet(43)) - raft.server.watch.timeout.denomination = 1s (default)
2019-10-18 08:15:07,570 [ccb54c7c-d652-4a32-8fba-bee4dbf2a7ee@group-B2E601A176BB-LeaderElection4] INFO  server.RaftServerConfigKeys (ConfUtils.java:logGet(43)) - raft.server.watch.element-limit = 65536 (default)
2019-10-18 08:15:07,572 [EventQueue-PipelineReportForPipelineReportHandler] INFO  pipeline.PipelineReportHandler (PipelineReportHandler.java:processPipelineReport(119)) - Pipeline PipelineID=f67ffcd1-9982-4bff-bab4-5067896502a4 reported by ccb54c7c-d652-4a32-8fba-bee4dbf2a7ee{ip: 192.168.69.67, host: pr-hdds-1868-wx8dl-4219780377, networkLocation: /default-rack, certSerialId: null} with leaderId 
2019-10-18 08:15:07,572 [EventQueue-PipelineReportForPipelineReportHandler] INFO  pipeline.PipelineReportHandler (PipelineReportHandler.java:processPipelineReport(119)) - Pipeline PipelineID=8382d3e2-5758-4593-872c-b2e601a176bb reported by ccb54c7c-d652-4a32-8fba-bee4dbf2a7ee{ip: 192.168.69.67, host: pr-hdds-1868-wx8dl-4219780377, networkLocation: /default-rack, certSerialId: null} with leaderId ccb54c7c-d652-4a32-8fba-bee4dbf2a7ee
2019-10-18 08:15:07,573 [EventQueue-PipelineReportForPipelineReportHandler] INFO  pipeline.PipelineStateManager (PipelineStateManager.java:openPipeline(134)) - Pipeline Pipeline[ Id: 8382d3e2-5758-4593-872c-b2e601a176bb, Nodes: ccb54c7c-d652-4a32-8fba-bee4dbf2a7ee{ip: 192.168.69.67, host: pr-hdds-1868-wx8dl-4219780377, networkLocation: /default-rack, certSerialId: null}, Type:RATIS, Factor:ONE, State:OPEN] moved to OPEN state
2019-10-18 08:15:07,573 [ccb54c7c-d652-4a32-8fba-bee4dbf2a7ee@group-B2E601A176BB-LeaderElection4] INFO  impl.RoleInfo (RoleInfo.java:updateAndGet(143)) - ccb54c7c-d652-4a32-8fba-bee4dbf2a7ee: start LeaderState
2019-10-18 08:15:07,573 [ccb54c7c-d652-4a32-8fba-bee4dbf2a7ee@group-B2E601A176BB-LeaderElection4] INFO  segmented.SegmentedRaftLogWorker (SegmentedRaftLogWorker.java:startLogSegment(385)) - ccb54c7c-d652-4a32-8fba-bee4dbf2a7ee@group-B2E601A176BB-SegmentedRaftLogWorker: Starting segment from index:0
2019-10-18 08:15:07,574 [ccb54c7c-d652-4a32-8fba-bee4dbf2a7ee@group-B2E601A176BB-LeaderElection4] INFO  impl.RaftServerImpl (ServerState.java:setRaftConf(357)) - ccb54c7c-d652-4a32-8fba-bee4dbf2a7ee@group-B2E601A176BB: set configuration 0: [ccb54c7c-d652-4a32-8fba-bee4dbf2a7ee:192.168.69.67:36515], old=null at 0
2019-10-18 08:15:07,620 [ccb54c7c-d652-4a32-8fba-bee4dbf2a7ee@group-B2E601A176BB-SegmentedRaftLogWorker] INFO  segmented.SegmentedRaftLogWorker (SegmentedRaftLogWorker.java:execute(576)) - ccb54c7c-d652-4a32-8fba-bee4dbf2a7ee@group-B2E601A176BB-SegmentedRaftLogWorker: created new log segment /workdir/hadoop-ozone/tools/target/test-dir/MiniOzoneClusterImpl-73343d47-350e-4161-ad34-574c9e7c486b/datanode-1/data/ratis/8382d3e2-5758-4593-872c-b2e601a176bb/current/log_inprogress_0
2019-10-18 08:15:07,639 [grpc-default-executor-2] INFO  impl.RaftServerImpl (RaftServerImpl.java:setRole(184)) - 413e678e-a618-4c92-927e-441fcc799019@group-5067896502A4: changes role from  FOLLOWER to FOLLOWER at term 1 for recognizeCandidate:de33c61e-1baa-412c-a678-1642e68dfdea
2019-10-18 08:15:07,639 [grpc-default-executor-2] INFO  impl.RoleInfo (RoleInfo.java:shutdownFollowerState(121)) - 413e678e-a618-4c92-927e-441fcc799019: shutdown FollowerState
2019-10-18 08:15:07,639 [Thread-195] INFO  impl.FollowerState (FollowerState.java:run(117)) - 413e678e-a618-4c92-927e-441fcc799019@group-5067896502A4-FollowerState was interrupted: java.lang.InterruptedException: sleep interrupted
2019-10-18 08:15:07,639 [grpc-default-executor-2] INFO  impl.RoleInfo (RoleInfo.java:updateAndGet(143)) - 413e678e-a618-4c92-927e-441fcc799019: start FollowerState
2019-10-18 08:15:07,668 [ccb54c7c-d652-4a32-8fba-bee4dbf2a7ee@group-5067896502A4-LeaderElection3] INFO  impl.LeaderElection (LeaderElection.java:logAndReturn(56)) - ccb54c7c-d652-4a32-8fba-bee4dbf2a7ee@group-5067896502A4-LeaderElection3: Election REJECTED; received 2 response(s) [ccb54c7c-d652-4a32-8fba-bee4dbf2a7ee<-de33c61e-1baa-412c-a678-1642e68dfdea#0:FAIL-t1, ccb54c7c-d652-4a32-8fba-bee4dbf2a7ee<-413e678e-a618-4c92-927e-441fcc799019#0:FAIL-t1] and 0 exception(s); ccb54c7c-d652-4a32-8fba-bee4dbf2a7ee@group-5067896502A4:t1, leader=null, voted=ccb54c7c-d652-4a32-8fba-bee4dbf2a7ee, raftlog=ccb54c7c-d652-4a32-8fba-bee4dbf2a7ee@group-5067896502A4-SegmentedRaftLog:OPENED:c-1,f-1,i0, conf=-1: [de33c61e-1baa-412c-a678-1642e68dfdea:192.168.69.67:35710, 413e678e-a618-4c92-927e-441fcc799019:192.168.69.67:40351, ccb54c7c-d652-4a32-8fba-bee4dbf2a7ee:192.168.69.67:36515], old=null
2019-10-18 08:15:07,668 [de33c61e-1baa-412c-a678-1642e68dfdea@group-5067896502A4-LeaderElection5] INFO  impl.LeaderElection (LeaderElection.java:logAndReturn(56)) - de33c61e-1baa-412c-a678-1642e68dfdea@group-5067896502A4-LeaderElection5: Election PASSED; received 2 response(s) [de33c61e-1baa-412c-a678-1642e68dfdea<-413e678e-a618-4c92-927e-441fcc799019#0:OK-t1, de33c61e-1baa-412c-a678-1642e68dfdea<-ccb54c7c-d652-4a32-8fba-bee4dbf2a7ee#0:FAIL-t1] and 0 exception(s); de33c61e-1baa-412c-a678-1642e68dfdea@group-5067896502A4:t1, leader=null, voted=de33c61e-1baa-412c-a678-1642e68dfdea, raftlog=de33c61e-1baa-412c-a678-1642e68dfdea@group-5067896502A4-SegmentedRaftLog:OPENED:c-1,f-1,i0, conf=-1: [de33c61e-1baa-412c-a678-1642e68dfdea:192.168.69.67:35710, 413e678e-a618-4c92-927e-441fcc799019:192.168.69.67:40351, ccb54c7c-d652-4a32-8fba-bee4dbf2a7ee:192.168.69.67:36515], old=null
2019-10-18 08:15:07,669 [de33c61e-1baa-412c-a678-1642e68dfdea@group-5067896502A4-LeaderElection5] INFO  impl.RoleInfo (RoleInfo.java:shutdownLeaderElection(134)) - de33c61e-1baa-412c-a678-1642e68dfdea: shutdown LeaderElection
2019-10-18 08:15:07,669 [ccb54c7c-d652-4a32-8fba-bee4dbf2a7ee@group-5067896502A4-LeaderElection3] INFO  impl.RaftServerImpl (RaftServerImpl.java:setRole(184)) - ccb54c7c-d652-4a32-8fba-bee4dbf2a7ee@group-5067896502A4: changes role from CANDIDATE to FOLLOWER at term 1 for DISCOVERED_A_NEW_TERM
2019-10-18 08:15:07,671 [ccb54c7c-d652-4a32-8fba-bee4dbf2a7ee@group-5067896502A4-LeaderElection3] INFO  impl.RoleInfo (RoleInfo.java:shutdownLeaderElection(134)) - ccb54c7c-d652-4a32-8fba-bee4dbf2a7ee: shutdown LeaderElection
2019-10-18 08:15:07,670 [de33c61e-1baa-412c-a678-1642e68dfdea@group-5067896502A4-LeaderElection5] INFO  impl.RaftServerImpl (RaftServerImpl.java:setRole(184)) - de33c61e-1baa-412c-a678-1642e68dfdea@group-5067896502A4: changes role from CANDIDATE to LEADER at term 1 for changeToLeader
2019-10-18 08:15:07,671 [ccb54c7c-d652-4a32-8fba-bee4dbf2a7ee@group-5067896502A4-LeaderElection3] INFO  impl.RoleInfo (RoleInfo.java:updateAndGet(143)) - ccb54c7c-d652-4a32-8fba-bee4dbf2a7ee: start FollowerState
2019-10-18 08:15:07,671 [de33c61e-1baa-412c-a678-1642e68dfdea@group-5067896502A4-LeaderElection5] INFO  ratis.XceiverServerRatis (XceiverServerRatis.java:handleLeaderChangedNotification(699)) - Leader change notification received for group: group-5067896502A4 with new leaderId: de33c61e-1baa-412c-a678-1642e68dfdea
2019-10-18 08:15:07,672 [de33c61e-1baa-412c-a678-1642e68dfdea@group-5067896502A4-LeaderElection5] INFO  impl.RaftServerImpl (ServerState.java:setLeader(256)) - de33c61e-1baa-412c-a678-1642e68dfdea@group-5067896502A4: change Leader from null to de33c61e-1baa-412c-a678-1642e68dfdea at term 1 for becomeLeader, leader elected after 177ms
2019-10-18 08:15:07,673 [de33c61e-1baa-412c-a678-1642e68dfdea@group-5067896502A4-LeaderElection5] INFO  server.RaftServerConfigKeys (ConfUtils.java:logGet(43)) - raft.server.staging.catchup.gap = 1000 (default)
2019-10-18 08:15:07,673 [de33c61e-1baa-412c-a678-1642e68dfdea@group-5067896502A4-LeaderElection5] INFO  server.RaftServerConfigKeys (ConfUtils.java:logGet(43)) - raft.server.rpc.sleep.time = 25ms (default)
2019-10-18 08:15:07,673 [de33c61e-1baa-412c-a678-1642e68dfdea@group-5067896502A4-LeaderElection5] INFO  server.RaftServerConfigKeys (ConfUtils.java:logGet(43)) - raft.server.write.element-limit = 4096 (default)
2019-10-18 08:15:07,673 [de33c61e-1baa-412c-a678-1642e68dfdea@group-5067896502A4-LeaderElection5] INFO  server.RaftServerConfigKeys (ConfUtils.java:logGet(43)) - raft.server.watch.timeout = 10s (default)
2019-10-18 08:15:07,673 [de33c61e-1baa-412c-a678-1642e68dfdea@group-5067896502A4-LeaderElection5] INFO  server.RaftServerConfigKeys (ConfUtils.java:logGet(43)) - raft.server.watch.timeout.denomination = 1s (default)
2019-10-18 08:15:07,673 [de33c61e-1baa-412c-a678-1642e68dfdea@group-5067896502A4-LeaderElection5] INFO  server.RaftServerConfigKeys (ConfUtils.java:logGet(43)) - raft.server.watch.element-limit = 65536 (default)
2019-10-18 08:15:07,675 [Thread-210] INFO  impl.FollowerState (FollowerState.java:run(108)) - ccb54c7c-d652-4a32-8fba-bee4dbf2a7ee@group-5067896502A4-FollowerState: change to CANDIDATE, lastRpcTime:3ms, electionTimeout:2ms
2019-10-18 08:15:07,675 [Thread-210] INFO  impl.RoleInfo (RoleInfo.java:shutdownFollowerState(121)) - ccb54c7c-d652-4a32-8fba-bee4dbf2a7ee: shutdown FollowerState
2019-10-18 08:15:07,675 [Thread-210] INFO  impl.RaftServerImpl (RaftServerImpl.java:setRole(184)) - ccb54c7c-d652-4a32-8fba-bee4dbf2a7ee@group-5067896502A4: changes role from  FOLLOWER to CANDIDATE at term 1 for changeToCandidate
2019-10-18 08:15:07,675 [Thread-210] INFO  impl.RoleInfo (RoleInfo.java:updateAndGet(143)) - ccb54c7c-d652-4a32-8fba-bee4dbf2a7ee: start LeaderElection
2019-10-18 08:15:07,675 [EventQueue-PipelineReportForPipelineReportHandler] INFO  pipeline.PipelineReportHandler (PipelineReportHandler.java:processPipelineReport(119)) - Pipeline PipelineID=f67ffcd1-9982-4bff-bab4-5067896502a4 reported by de33c61e-1baa-412c-a678-1642e68dfdea{ip: 192.168.69.67, host: pr-hdds-1868-wx8dl-4219780377, networkLocation: /default-rack, certSerialId: null} with leaderId de33c61e-1baa-412c-a678-1642e68dfdea
2019-10-18 08:15:07,681 [de33c61e-1baa-412c-a678-1642e68dfdea@group-5067896502A4-LeaderElection5] INFO  server.RaftServerConfigKeys (ConfUtils.java:logGet(43)) - raft.server.log.appender.snapshot.chunk.size.max = 16MB (=16777216) (default)
2019-10-18 08:15:07,681 [de33c61e-1baa-412c-a678-1642e68dfdea@group-5067896502A4-LeaderElection5] INFO  server.RaftServerConfigKeys (ConfUtils.java:logGet(43)) - raft.server.log.appender.buffer.byte-limit = 33554432 (custom)
2019-10-18 08:15:07,681 [de33c61e-1baa-412c-a678-1642e68dfdea@group-5067896502A4-LeaderElection5] INFO  server.RaftServerConfigKeys (ConfUtils.java:logGet(43)) - raft.server.log.appender.buffer.element-limit = 1 (custom)
2019-10-18 08:15:07,684 [de33c61e-1baa-412c-a678-1642e68dfdea@group-5067896502A4-LeaderElection5] INFO  grpc.GrpcConfigKeys$Server (ConfUtils.java:logGet(43)) - raft.grpc.server.leader.outstanding.appends.max = 128 (default)
2019-10-18 08:15:07,688 [de33c61e-1baa-412c-a678-1642e68dfdea@group-5067896502A4-LeaderElection5] INFO  server.RaftServerConfigKeys (ConfUtils.java:logGet(43)) - raft.server.rpc.request.timeout = 3000ms (default)
2019-10-18 08:15:07,688 [de33c61e-1baa-412c-a678-1642e68dfdea@group-5067896502A4-LeaderElection5] INFO  server.RaftServerConfigKeys (ConfUtils.java:logGet(43)) - raft.server.log.appender.install.snapshot.enabled = false (custom)
2019-10-18 08:15:07,689 [ccb54c7c-d652-4a32-8fba-bee4dbf2a7ee@group-5067896502A4-LeaderElection6] INFO  impl.LeaderElection (LeaderElection.java:askForVotes(178)) - ccb54c7c-d652-4a32-8fba-bee4dbf2a7ee@group-5067896502A4-LeaderElection6: begin an election at term 2 for -1: [de33c61e-1baa-412c-a678-1642e68dfdea:192.168.69.67:35710, 413e678e-a618-4c92-927e-441fcc799019:192.168.69.67:40351, ccb54c7c-d652-4a32-8fba-bee4dbf2a7ee:192.168.69.67:36515], old=null
2019-10-18 08:15:07,695 [de33c61e-1baa-412c-a678-1642e68dfdea@group-5067896502A4-LeaderElection5] INFO  server.RaftServerConfigKeys (ConfUtils.java:logGet(43)) - raft.server.log.appender.snapshot.chunk.size.max = 16MB (=16777216) (default)
2019-10-18 08:15:07,695 [de33c61e-1baa-412c-a678-1642e68dfdea@group-5067896502A4-LeaderElection5] INFO  server.RaftServerConfigKeys (ConfUtils.java:logGet(43)) - raft.server.log.appender.buffer.byte-limit = 33554432 (custom)
2019-10-18 08:15:07,696 [de33c61e-1baa-412c-a678-1642e68dfdea@group-5067896502A4-LeaderElection5] INFO  server.RaftServerConfigKeys (ConfUtils.java:logGet(43)) - raft.server.log.appender.buffer.element-limit = 1 (custom)
2019-10-18 08:15:07,696 [de33c61e-1baa-412c-a678-1642e68dfdea@group-5067896502A4-LeaderElection5] INFO  grpc.GrpcConfigKeys$Server (ConfUtils.java:logGet(43)) - raft.grpc.server.leader.outstanding.appends.max = 128 (default)
2019-10-18 08:15:07,696 [grpc-default-executor-2] INFO  impl.RaftServerImpl (RaftServerImpl.java:setRole(184)) - 413e678e-a618-4c92-927e-441fcc799019@group-5067896502A4: changes role from  FOLLOWER to FOLLOWER at term 2 for recognizeCandidate:ccb54c7c-d652-4a32-8fba-bee4dbf2a7ee
2019-10-18 08:15:07,696 [de33c61e-1baa-412c-a678-1642e68dfdea@group-5067896502A4-LeaderElection5] INFO  server.RaftServerConfigKeys (ConfUtils.java:logGet(43)) - raft.server.rpc.request.timeout = 3000ms (default)
2019-10-18 08:15:07,697 [grpc-default-executor-2] INFO  impl.RoleInfo (RoleInfo.java:shutdownFollowerState(121)) - 413e678e-a618-4c92-927e-441fcc799019: shutdown FollowerState
2019-10-18 08:15:07,697 [de33c61e-1baa-412c-a678-1642e68dfdea@group-5067896502A4-LeaderElection5] INFO  server.RaftServerConfigKeys (ConfUtils.java:logGet(43)) - raft.server.log.appender.install.snapshot.enabled = false (custom)
2019-10-18 08:15:07,697 [grpc-default-executor-2] INFO  impl.RoleInfo (RoleInfo.java:updateAndGet(143)) - 413e678e-a618-4c92-927e-441fcc799019: start FollowerState
2019-10-18 08:15:07,697 [Thread-209] INFO  impl.FollowerState (FollowerState.java:run(117)) - 413e678e-a618-4c92-927e-441fcc799019@group-5067896502A4-FollowerState was interrupted: java.lang.InterruptedException: sleep interrupted
2019-10-18 08:15:07,704 [de33c61e-1baa-412c-a678-1642e68dfdea@group-5067896502A4-LeaderElection5] INFO  impl.RoleInfo (RoleInfo.java:updateAndGet(143)) - de33c61e-1baa-412c-a678-1642e68dfdea: start LeaderState
2019-10-18 08:15:07,704 [de33c61e-1baa-412c-a678-1642e68dfdea@group-5067896502A4-LeaderElection5] INFO  segmented.SegmentedRaftLogWorker (SegmentedRaftLogWorker.java:startLogSegment(385)) - de33c61e-1baa-412c-a678-1642e68dfdea@group-5067896502A4-SegmentedRaftLogWorker: Starting segment from index:0
2019-10-18 08:15:07,705 [de33c61e-1baa-412c-a678-1642e68dfdea@group-5067896502A4-LeaderElection5] INFO  impl.RaftServerImpl (ServerState.java:setRaftConf(357)) - de33c61e-1baa-412c-a678-1642e68dfdea@group-5067896502A4: set configuration 0: [de33c61e-1baa-412c-a678-1642e68dfdea:192.168.69.67:35710, 413e678e-a618-4c92-927e-441fcc799019:192.168.69.67:40351, ccb54c7c-d652-4a32-8fba-bee4dbf2a7ee:192.168.69.67:36515], old=null at 0
2019-10-18 08:15:07,732 [grpc-default-executor-1] INFO  impl.RaftServerImpl (ServerState.java:setLeader(256)) - de33c61e-1baa-412c-a678-1642e68dfdea@group-5067896502A4: change Leader from de33c61e-1baa-412c-a678-1642e68dfdea to null at term 2 for updateCurrentTerm
2019-10-18 08:15:07,733 [grpc-default-executor-1] INFO  impl.RaftServerImpl (RaftServerImpl.java:setRole(184)) - de33c61e-1baa-412c-a678-1642e68dfdea@group-5067896502A4: changes role from    LEADER to FOLLOWER at term 2 for recognizeCandidate:ccb54c7c-d652-4a32-8fba-bee4dbf2a7ee
2019-10-18 08:15:07,733 [grpc-default-executor-1] INFO  impl.RoleInfo (RoleInfo.java:shutdownLeaderState(104)) - de33c61e-1baa-412c-a678-1642e68dfdea: shutdown LeaderState
2019-10-18 08:15:07,735 [grpc-default-executor-1] INFO  impl.PendingRequests (PendingRequests.java:sendNotLeaderResponses(202)) - de33c61e-1baa-412c-a678-1642e68dfdea@group-5067896502A4-PendingRequests: sendNotLeaderResponses
2019-10-18 08:15:07,737 [grpc-default-executor-1] INFO  impl.RoleInfo (RoleInfo.java:updateAndGet(143)) - de33c61e-1baa-412c-a678-1642e68dfdea: start FollowerState
2019-10-18 08:15:07,739 [ccb54c7c-d652-4a32-8fba-bee4dbf2a7ee@group-5067896502A4-LeaderElection6] INFO  impl.LeaderElection (LeaderElection.java:logAndReturn(56)) - ccb54c7c-d652-4a32-8fba-bee4dbf2a7ee@group-5067896502A4-LeaderElection6: Election PASSED; received 1 response(s) [ccb54c7c-d652-4a32-8fba-bee4dbf2a7ee<-413e678e-a618-4c92-927e-441fcc799019#0:OK-t2] and 0 exception(s); ccb54c7c-d652-4a32-8fba-bee4dbf2a7ee@group-5067896502A4:t2, leader=null, voted=ccb54c7c-d652-4a32-8fba-bee4dbf2a7ee, raftlog=ccb54c7c-d652-4a32-8fba-bee4dbf2a7ee@group-5067896502A4-SegmentedRaftLog:OPENED:c-1,f-1,i0, conf=-1: [de33c61e-1baa-412c-a678-1642e68dfdea:192.168.69.67:35710, 413e678e-a618-4c92-927e-441fcc799019:192.168.69.67:40351, ccb54c7c-d652-4a32-8fba-bee4dbf2a7ee:192.168.69.67:36515], old=null
2019-10-18 08:15:07,739 [ccb54c7c-d652-4a32-8fba-bee4dbf2a7ee@group-5067896502A4-LeaderElection6] INFO  impl.RoleInfo (RoleInfo.java:shutdownLeaderElection(134)) - ccb54c7c-d652-4a32-8fba-bee4dbf2a7ee: shutdown LeaderElection
2019-10-18 08:15:07,740 [ccb54c7c-d652-4a32-8fba-bee4dbf2a7ee@group-5067896502A4-LeaderElection6] INFO  impl.RaftServerImpl (RaftServerImpl.java:setRole(184)) - ccb54c7c-d652-4a32-8fba-bee4dbf2a7ee@group-5067896502A4: changes role from CANDIDATE to LEADER at term 2 for changeToLeader
2019-10-18 08:15:07,740 [ccb54c7c-d652-4a32-8fba-bee4dbf2a7ee@group-5067896502A4-LeaderElection6] INFO  ratis.XceiverServerRatis (XceiverServerRatis.java:handleLeaderChangedNotification(699)) - Leader change notification received for group: group-5067896502A4 with new leaderId: ccb54c7c-d652-4a32-8fba-bee4dbf2a7ee
2019-10-18 08:15:07,740 [ccb54c7c-d652-4a32-8fba-bee4dbf2a7ee@group-5067896502A4-LeaderElection6] INFO  impl.RaftServerImpl (ServerState.java:setLeader(256)) - ccb54c7c-d652-4a32-8fba-bee4dbf2a7ee@group-5067896502A4: change Leader from null to ccb54c7c-d652-4a32-8fba-bee4dbf2a7ee at term 2 for becomeLeader, leader elected after 246ms
2019-10-18 08:15:07,740 [ccb54c7c-d652-4a32-8fba-bee4dbf2a7ee@group-5067896502A4-LeaderElection6] INFO  server.RaftServerConfigKeys (ConfUtils.java:logGet(43)) - raft.server.staging.catchup.gap = 1000 (default)
2019-10-18 08:15:07,740 [ccb54c7c-d652-4a32-8fba-bee4dbf2a7ee@group-5067896502A4-LeaderElection6] INFO  server.RaftServerConfigKeys (ConfUtils.java:logGet(43)) - raft.server.rpc.sleep.time = 25ms (default)
2019-10-18 08:15:07,741 [ccb54c7c-d652-4a32-8fba-bee4dbf2a7ee@group-5067896502A4-LeaderElection6] INFO  server.RaftServerConfigKeys (ConfUtils.java:logGet(43)) - raft.server.write.element-limit = 4096 (default)
2019-10-18 08:15:07,741 [ccb54c7c-d652-4a32-8fba-bee4dbf2a7ee@group-5067896502A4-LeaderElection6] INFO  server.RaftServerConfigKeys (ConfUtils.java:logGet(43)) - raft.server.watch.timeout = 10s (default)
2019-10-18 08:15:07,741 [ccb54c7c-d652-4a32-8fba-bee4dbf2a7ee@group-5067896502A4-LeaderElection6] INFO  server.RaftServerConfigKeys (ConfUtils.java:logGet(43)) - raft.server.watch.timeout.denomination = 1s (default)
2019-10-18 08:15:07,742 [ccb54c7c-d652-4a32-8fba-bee4dbf2a7ee@group-5067896502A4-LeaderElection6] INFO  server.RaftServerConfigKeys (ConfUtils.java:logGet(43)) - raft.server.watch.element-limit = 65536 (default)
2019-10-18 08:15:07,743 [EventQueue-PipelineReportForPipelineReportHandler] INFO  pipeline.PipelineReportHandler (PipelineReportHandler.java:processPipelineReport(119)) - Pipeline PipelineID=f67ffcd1-9982-4bff-bab4-5067896502a4 reported by ccb54c7c-d652-4a32-8fba-bee4dbf2a7ee{ip: 192.168.69.67, host: pr-hdds-1868-wx8dl-4219780377, networkLocation: /default-rack, certSerialId: null} with leaderId ccb54c7c-d652-4a32-8fba-bee4dbf2a7ee
2019-10-18 08:15:07,745 [de33c61e-1baa-412c-a678-1642e68dfdea@group-5067896502A4-SegmentedRaftLogWorker] INFO  segmented.SegmentedRaftLogWorker (SegmentedRaftLogWorker.java:execute(576)) - de33c61e-1baa-412c-a678-1642e68dfdea@group-5067896502A4-SegmentedRaftLogWorker: created new log segment /workdir/hadoop-ozone/tools/target/test-dir/MiniOzoneClusterImpl-73343d47-350e-4161-ad34-574c9e7c486b/datanode-2/data/ratis/f67ffcd1-9982-4bff-bab4-5067896502a4/current/log_inprogress_0
2019-10-18 08:15:07,745 [ccb54c7c-d652-4a32-8fba-bee4dbf2a7ee@group-5067896502A4-LeaderElection6] INFO  server.RaftServerConfigKeys (ConfUtils.java:logGet(43)) - raft.server.log.appender.snapshot.chunk.size.max = 16MB (=16777216) (default)
2019-10-18 08:15:07,745 [org.apache.ratis.server.impl.LogAppender$AppenderDaemon$$Lambda$445/378446144@222b4aec] WARN  server.GrpcLogAppender (GrpcLogAppender.java:mayWait(149)) - de33c61e-1baa-412c-a678-1642e68dfdea@group-5067896502A4->413e678e-a618-4c92-927e-441fcc799019-GrpcLogAppender: Wait interrupted by java.lang.InterruptedException
2019-10-18 08:15:07,746 [ccb54c7c-d652-4a32-8fba-bee4dbf2a7ee@group-5067896502A4-LeaderElection6] INFO  server.RaftServerConfigKeys (ConfUtils.java:logGet(43)) - raft.server.log.appender.buffer.byte-limit = 33554432 (custom)
2019-10-18 08:15:07,745 [org.apache.ratis.server.impl.LogAppender$AppenderDaemon$$Lambda$445/378446144@6d26bf68] WARN  server.GrpcLogAppender (GrpcLogAppender.java:mayWait(149)) - de33c61e-1baa-412c-a678-1642e68dfdea@group-5067896502A4->ccb54c7c-d652-4a32-8fba-bee4dbf2a7ee-GrpcLogAppender: Wait interrupted by java.lang.InterruptedException
2019-10-18 08:15:07,746 [ccb54c7c-d652-4a32-8fba-bee4dbf2a7ee@group-5067896502A4-LeaderElection6] INFO  server.RaftServerConfigKeys (ConfUtils.java:logGet(43)) - raft.server.log.appender.buffer.element-limit = 1 (custom)
2019-10-18 08:15:07,747 [ccb54c7c-d652-4a32-8fba-bee4dbf2a7ee@group-5067896502A4-LeaderElection6] INFO  grpc.GrpcConfigKeys$Server (ConfUtils.java:logGet(43)) - raft.grpc.server.leader.outstanding.appends.max = 128 (default)
2019-10-18 08:15:07,750 [ccb54c7c-d652-4a32-8fba-bee4dbf2a7ee@group-5067896502A4-LeaderElection6] INFO  server.RaftServerConfigKeys (ConfUtils.java:logGet(43)) - raft.server.rpc.request.timeout = 3000ms (default)
2019-10-18 08:15:07,750 [ccb54c7c-d652-4a32-8fba-bee4dbf2a7ee@group-5067896502A4-LeaderElection6] INFO  server.RaftServerConfigKeys (ConfUtils.java:logGet(43)) - raft.server.log.appender.install.snapshot.enabled = false (custom)
2019-10-18 08:15:07,755 [ccb54c7c-d652-4a32-8fba-bee4dbf2a7ee@group-5067896502A4-LeaderElection6] INFO  server.RaftServerConfigKeys (ConfUtils.java:logGet(43)) - raft.server.log.appender.snapshot.chunk.size.max = 16MB (=16777216) (default)
2019-10-18 08:15:07,755 [ccb54c7c-d652-4a32-8fba-bee4dbf2a7ee@group-5067896502A4-LeaderElection6] INFO  server.RaftServerConfigKeys (ConfUtils.java:logGet(43)) - raft.server.log.appender.buffer.byte-limit = 33554432 (custom)
2019-10-18 08:15:07,755 [ccb54c7c-d652-4a32-8fba-bee4dbf2a7ee@group-5067896502A4-LeaderElection6] INFO  server.RaftServerConfigKeys (ConfUtils.java:logGet(43)) - raft.server.log.appender.buffer.element-limit = 1 (custom)
2019-10-18 08:15:07,755 [ccb54c7c-d652-4a32-8fba-bee4dbf2a7ee@group-5067896502A4-LeaderElection6] INFO  grpc.GrpcConfigKeys$Server (ConfUtils.java:logGet(43)) - raft.grpc.server.leader.outstanding.appends.max = 128 (default)
2019-10-18 08:15:07,755 [ccb54c7c-d652-4a32-8fba-bee4dbf2a7ee@group-5067896502A4-LeaderElection6] INFO  server.RaftServerConfigKeys (ConfUtils.java:logGet(43)) - raft.server.rpc.request.timeout = 3000ms (default)
2019-10-18 08:15:07,755 [ccb54c7c-d652-4a32-8fba-bee4dbf2a7ee@group-5067896502A4-LeaderElection6] INFO  server.RaftServerConfigKeys (ConfUtils.java:logGet(43)) - raft.server.log.appender.install.snapshot.enabled = false (custom)
2019-10-18 08:15:07,757 [ccb54c7c-d652-4a32-8fba-bee4dbf2a7ee@group-5067896502A4-LeaderElection6] INFO  impl.RoleInfo (RoleInfo.java:updateAndGet(143)) - ccb54c7c-d652-4a32-8fba-bee4dbf2a7ee: start LeaderState
2019-10-18 08:15:07,757 [grpc-default-executor-1] INFO  server.GrpcServerProtocolService (GrpcServerProtocolService.java:onCompleted(113)) - 413e678e-a618-4c92-927e-441fcc799019: Completed APPEND_ENTRIES, lastRequest: null
2019-10-18 08:15:07,757 [grpc-default-executor-2] INFO  server.GrpcServerProtocolService (GrpcServerProtocolService.java:onCompleted(113)) - ccb54c7c-d652-4a32-8fba-bee4dbf2a7ee: Completed APPEND_ENTRIES, lastRequest: null
2019-10-18 08:15:07,758 [ccb54c7c-d652-4a32-8fba-bee4dbf2a7ee@group-5067896502A4-LeaderElection6] INFO  segmented.SegmentedRaftLogWorker (SegmentedRaftLogWorker.java:startLogSegment(385)) - ccb54c7c-d652-4a32-8fba-bee4dbf2a7ee@group-5067896502A4-SegmentedRaftLogWorker: Starting segment from index:0
2019-10-18 08:15:07,799 [ccb54c7c-d652-4a32-8fba-bee4dbf2a7ee@group-5067896502A4-LeaderElection6] INFO  impl.RaftServerImpl (ServerState.java:setRaftConf(357)) - ccb54c7c-d652-4a32-8fba-bee4dbf2a7ee@group-5067896502A4: set configuration 0: [de33c61e-1baa-412c-a678-1642e68dfdea:192.168.69.67:35710, 413e678e-a618-4c92-927e-441fcc799019:192.168.69.67:40351, ccb54c7c-d652-4a32-8fba-bee4dbf2a7ee:192.168.69.67:36515], old=null at 0
2019-10-18 08:15:07,800 [grpc-default-executor-2] INFO  server.GrpcLogAppender (GrpcLogAppender.java:onCompleted(308)) - de33c61e-1baa-412c-a678-1642e68dfdea@group-5067896502A4->413e678e-a618-4c92-927e-441fcc799019-AppendLogResponseHandler: follower responses appendEntries COMPLETED
2019-10-18 08:15:07,802 [grpc-default-executor-1] INFO  server.GrpcLogAppender (GrpcLogAppender.java:onCompleted(308)) - de33c61e-1baa-412c-a678-1642e68dfdea@group-5067896502A4->ccb54c7c-d652-4a32-8fba-bee4dbf2a7ee-AppendLogResponseHandler: follower responses appendEntries COMPLETED
2019-10-18 08:15:07,807 [grpc-default-executor-2] INFO  impl.FollowerInfo (FollowerInfo.java:lambda$new$0(51)) - de33c61e-1baa-412c-a678-1642e68dfdea@group-5067896502A4->413e678e-a618-4c92-927e-441fcc799019: nextIndex: updateUnconditionally 0 -> 0
2019-10-18 08:15:07,807 [grpc-default-executor-1] INFO  impl.FollowerInfo (FollowerInfo.java:lambda$new$0(51)) - de33c61e-1baa-412c-a678-1642e68dfdea@group-5067896502A4->ccb54c7c-d652-4a32-8fba-bee4dbf2a7ee: nextIndex: updateUnconditionally 0 -> 0
2019-10-18 08:15:07,811 [ccb54c7c-d652-4a32-8fba-bee4dbf2a7ee@group-5067896502A4-SegmentedRaftLogWorker] INFO  segmented.SegmentedRaftLogWorker (SegmentedRaftLogWorker.java:execute(576)) - ccb54c7c-d652-4a32-8fba-bee4dbf2a7ee@group-5067896502A4-SegmentedRaftLogWorker: created new log segment /workdir/hadoop-ozone/tools/target/test-dir/MiniOzoneClusterImpl-73343d47-350e-4161-ad34-574c9e7c486b/datanode-1/data/ratis/f67ffcd1-9982-4bff-bab4-5067896502a4/current/log_inprogress_0
2019-10-18 08:15:07,816 [grpc-default-executor-1] INFO  ratis.XceiverServerRatis (XceiverServerRatis.java:handleLeaderChangedNotification(699)) - Leader change notification received for group: group-5067896502A4 with new leaderId: ccb54c7c-d652-4a32-8fba-bee4dbf2a7ee
2019-10-18 08:15:07,817 [grpc-default-executor-2] INFO  ratis.XceiverServerRatis (XceiverServerRatis.java:handleLeaderChangedNotification(699)) - Leader change notification received for group: group-5067896502A4 with new leaderId: ccb54c7c-d652-4a32-8fba-bee4dbf2a7ee
2019-10-18 08:15:07,817 [grpc-default-executor-1] INFO  impl.RaftServerImpl (ServerState.java:setLeader(256)) - de33c61e-1baa-412c-a678-1642e68dfdea@group-5067896502A4: change Leader from null to ccb54c7c-d652-4a32-8fba-bee4dbf2a7ee at term 2 for appendEntries, leader elected after 83ms
2019-10-18 08:15:07,817 [grpc-default-executor-2] INFO  impl.RaftServerImpl (ServerState.java:setLeader(256)) - 413e678e-a618-4c92-927e-441fcc799019@group-5067896502A4: change Leader from null to ccb54c7c-d652-4a32-8fba-bee4dbf2a7ee at term 2 for appendEntries, leader elected after 323ms
2019-10-18 08:15:07,820 [EventQueue-PipelineReportForPipelineReportHandler] INFO  pipeline.PipelineReportHandler (PipelineReportHandler.java:processPipelineReport(119)) - Pipeline PipelineID=f67ffcd1-9982-4bff-bab4-5067896502a4 reported by de33c61e-1baa-412c-a678-1642e68dfdea{ip: 192.168.69.67, host: pr-hdds-1868-wx8dl-4219780377, networkLocation: /default-rack, certSerialId: null} with leaderId ccb54c7c-d652-4a32-8fba-bee4dbf2a7ee
2019-10-18 08:15:07,821 [EventQueue-PipelineReportForPipelineReportHandler] INFO  pipeline.PipelineReportHandler (PipelineReportHandler.java:processPipelineReport(119)) - Pipeline PipelineID=f67ffcd1-9982-4bff-bab4-5067896502a4 reported by 413e678e-a618-4c92-927e-441fcc799019{ip: 192.168.69.67, host: pr-hdds-1868-wx8dl-4219780377, networkLocation: /default-rack, certSerialId: null} with leaderId ccb54c7c-d652-4a32-8fba-bee4dbf2a7ee
2019-10-18 08:15:07,823 [EventQueue-PipelineReportForPipelineReportHandler] INFO  pipeline.PipelineStateManager (PipelineStateManager.java:openPipeline(134)) - Pipeline Pipeline[ Id: f67ffcd1-9982-4bff-bab4-5067896502a4, Nodes: de33c61e-1baa-412c-a678-1642e68dfdea{ip: 192.168.69.67, host: pr-hdds-1868-wx8dl-4219780377, networkLocation: /default-rack, certSerialId: null}413e678e-a618-4c92-927e-441fcc799019{ip: 192.168.69.67, host: pr-hdds-1868-wx8dl-4219780377, networkLocation: /default-rack, certSerialId: null}ccb54c7c-d652-4a32-8fba-bee4dbf2a7ee{ip: 192.168.69.67, host: pr-hdds-1868-wx8dl-4219780377, networkLocation: /default-rack, certSerialId: null}, Type:RATIS, Factor:THREE, State:OPEN] moved to OPEN state
2019-10-18 08:15:07,847 [grpc-default-executor-1] INFO  impl.RaftServerImpl (ServerState.java:setRaftConf(357)) - 413e678e-a618-4c92-927e-441fcc799019@group-5067896502A4: set configuration 0: [de33c61e-1baa-412c-a678-1642e68dfdea:192.168.69.67:35710, 413e678e-a618-4c92-927e-441fcc799019:192.168.69.67:40351, ccb54c7c-d652-4a32-8fba-bee4dbf2a7ee:192.168.69.67:36515], old=null at 0
2019-10-18 08:15:07,847 [grpc-default-executor-2] INFO  impl.RaftServerImpl (ServerState.java:setRaftConf(357)) - de33c61e-1baa-412c-a678-1642e68dfdea@group-5067896502A4: set configuration 0: [de33c61e-1baa-412c-a678-1642e68dfdea:192.168.69.67:35710, 413e678e-a618-4c92-927e-441fcc799019:192.168.69.67:40351, ccb54c7c-d652-4a32-8fba-bee4dbf2a7ee:192.168.69.67:36515], old=null at 0
2019-10-18 08:15:07,848 [grpc-default-executor-1] INFO  segmented.SegmentedRaftLogWorker (SegmentedRaftLogWorker.java:startLogSegment(385)) - 413e678e-a618-4c92-927e-441fcc799019@group-5067896502A4-SegmentedRaftLogWorker: Starting segment from index:0
2019-10-18 08:15:07,881 [grpc-default-executor-2] INFO  segmented.SegmentedRaftLogWorker (SegmentedRaftLogWorker.java:truncate(401)) - de33c61e-1baa-412c-a678-1642e68dfdea@group-5067896502A4-SegmentedRaftLogWorker: Truncating segments toTruncate: null
  toDelete: [(0, 0) isOpen? true, length=0, newEndIndex=-1], start index 0
2019-10-18 08:15:07,882 [grpc-default-executor-2] INFO  segmented.SegmentedRaftLogWorker (SegmentedRaftLogWorker.java:startLogSegment(385)) - de33c61e-1baa-412c-a678-1642e68dfdea@group-5067896502A4-SegmentedRaftLogWorker: Starting segment from index:0
2019-10-18 08:15:07,884 [de33c61e-1baa-412c-a678-1642e68dfdea@group-5067896502A4-SegmentedRaftLogWorker] INFO  segmented.SegmentedRaftLogWorker (SegmentedRaftLogWorker.java:execute(640)) - de33c61e-1baa-412c-a678-1642e68dfdea@group-5067896502A4-SegmentedRaftLogWorker: Deleted log file /workdir/hadoop-ozone/tools/target/test-dir/MiniOzoneClusterImpl-73343d47-350e-4161-ad34-574c9e7c486b/datanode-2/data/ratis/f67ffcd1-9982-4bff-bab4-5067896502a4/current/log_inprogress_0
2019-10-18 08:15:07,884 [de33c61e-1baa-412c-a678-1642e68dfdea@group-5067896502A4-SegmentedRaftLogWorker] INFO  segmented.SegmentedRaftLogWorker (SegmentedRaftLogWorker.java:lambda$new$0(128)) - de33c61e-1baa-412c-a678-1642e68dfdea@group-5067896502A4-SegmentedRaftLogWorker: flushIndex: setUnconditionally 0 -> -1
2019-10-18 08:15:07,892 [413e678e-a618-4c92-927e-441fcc799019@group-5067896502A4-SegmentedRaftLogWorker] INFO  segmented.SegmentedRaftLogWorker (SegmentedRaftLogWorker.java:execute(576)) - 413e678e-a618-4c92-927e-441fcc799019@group-5067896502A4-SegmentedRaftLogWorker: created new log segment /workdir/hadoop-ozone/tools/target/test-dir/MiniOzoneClusterImpl-73343d47-350e-4161-ad34-574c9e7c486b/datanode-0/data/ratis/f67ffcd1-9982-4bff-bab4-5067896502a4/current/log_inprogress_0
2019-10-18 08:15:07,929 [de33c61e-1baa-412c-a678-1642e68dfdea@group-5067896502A4-SegmentedRaftLogWorker] INFO  segmented.SegmentedRaftLogWorker (SegmentedRaftLogWorker.java:execute(576)) - de33c61e-1baa-412c-a678-1642e68dfdea@group-5067896502A4-SegmentedRaftLogWorker: created new log segment /workdir/hadoop-ozone/tools/target/test-dir/MiniOzoneClusterImpl-73343d47-350e-4161-ad34-574c9e7c486b/datanode-2/data/ratis/f67ffcd1-9982-4bff-bab4-5067896502a4/current/log_inprogress_0
2019-10-18 08:15:08,555 [main] INFO  ozone.MiniOzoneClusterImpl (MiniOzoneClusterImpl.java:lambda$waitForClusterToBeReady$2(172)) - Cluster is ready. Got 3 of 3 DN Heartbeats.
2019-10-18 08:15:09,435 [Thread-178] INFO  container.ReplicationManager (ReplicationManager.java:start(162)) - Starting Replication Monitor Thread.
2019-10-18 08:15:09,437 [ReplicationMonitor] INFO  container.ReplicationManager (ReplicationManager.java:run(225)) - Replication Monitor Thread took 1 milliseconds for processing 0 containers.
2019-10-18 08:15:09,461 [main] INFO  freon.RandomKeyGenerator (RandomKeyGenerator.java:call(283)) - Number of Threads: 10
2019-10-18 08:15:09,461 [main] INFO  freon.RandomKeyGenerator (RandomKeyGenerator.java:call(288)) - Number of Volumes: 1.
2019-10-18 08:15:09,461 [main] INFO  freon.RandomKeyGenerator (RandomKeyGenerator.java:call(289)) - Number of Buckets per Volume: 1.
2019-10-18 08:15:09,461 [main] INFO  freon.RandomKeyGenerator (RandomKeyGenerator.java:call(290)) - Number of Keys per Bucket: 1.
2019-10-18 08:15:09,462 [main] INFO  freon.RandomKeyGenerator (RandomKeyGenerator.java:call(291)) - Key size: 20971520 bytes
2019-10-18 08:15:09,462 [main] INFO  freon.RandomKeyGenerator (RandomKeyGenerator.java:call(292)) - Buffer size: 4096 bytes
2019-10-18 08:15:09,462 [main] INFO  freon.RandomKeyGenerator (RandomKeyGenerator.java:call(293)) - validateWrites : true
2019-10-18 08:15:09,469 [main] INFO  freon.RandomKeyGenerator (RandomKeyGenerator.java:call(307)) - Data validation is enabled.
2019-10-18 08:15:09,470 [main] INFO  freon.RandomKeyGenerator (RandomKeyGenerator.java:call(313)) - Starting progress bar Thread.

 0.00% |?                                                                                                    |  0/1 Time: 0:00:002019-10-18 08:15:09,494 [pool-53-thread-1] INFO  rpc.RpcClient (RpcClient.java:createVolume(272)) - Creating Volume: vol-0-34992, with jenkins1000 as owner.
2019-10-18 08:15:09,590 [IPC Server handler 5 on 45627] INFO  volume.OMVolumeCreateRequest (OMVolumeCreateRequest.java:validateAndUpdateCache(193)) - created volume:vol-0-34992 for user:jenkins1000
2019-10-18 08:15:09,621 [pool-53-thread-2] INFO  rpc.RpcClient (RpcClient.java:createBucket(411)) - Creating Bucket: vol-0-34992/bucket-0-10383, with Versioning false and Storage Type set to DISK and Encryption set to false 
2019-10-18 08:15:09,758 [pool-53-thread-3] INFO  impl.MetricsSystemImpl (MetricsSystemImpl.java:init(158)) - XceiverClientMetrics metrics system started (again)
 0.00% |?                                                                                                    |  0/1 Time: 0:00:01 100.00% |?????????????????????????????????????????????????????????????????????????????????????????????????????|  1/1 Time: 0:00:02
2019-10-18 08:15:16,710 [main] INFO  pipeline.SCMPipelineManager (SCMPipelineManager.java:finalizeAndDestroyPipeline(315)) - destroying pipeline:Pipeline[ Id: f67ffcd1-9982-4bff-bab4-5067896502a4, Nodes: de33c61e-1baa-412c-a678-1642e68dfdea{ip: 192.168.69.67, host: pr-hdds-1868-wx8dl-4219780377, networkLocation: /default-rack, certSerialId: null}413e678e-a618-4c92-927e-441fcc799019{ip: 192.168.69.67, host: pr-hdds-1868-wx8dl-4219780377, networkLocation: /default-rack, certSerialId: null}ccb54c7c-d652-4a32-8fba-bee4dbf2a7ee{ip: 192.168.69.67, host: pr-hdds-1868-wx8dl-4219780377, networkLocation: /default-rack, certSerialId: null}, Type:RATIS, Factor:THREE, State:OPEN]
2019-10-18 08:15:16,710 [main] INFO  pipeline.PipelineStateManager (PipelineStateManager.java:finalizePipeline(121)) - Pipeline Pipeline[ Id: f67ffcd1-9982-4bff-bab4-5067896502a4, Nodes: de33c61e-1baa-412c-a678-1642e68dfdea{ip: 192.168.69.67, host: pr-hdds-1868-wx8dl-4219780377, networkLocation: /default-rack, certSerialId: null}413e678e-a618-4c92-927e-441fcc799019{ip: 192.168.69.67, host: pr-hdds-1868-wx8dl-4219780377, networkLocation: /default-rack, certSerialId: null}ccb54c7c-d652-4a32-8fba-bee4dbf2a7ee{ip: 192.168.69.67, host: pr-hdds-1868-wx8dl-4219780377, networkLocation: /default-rack, certSerialId: null}, Type:RATIS, Factor:THREE, State:CLOSED] moved to CLOSED state
2019-10-18 08:15:16,711 [EventQueue-CloseContainerForCloseContainerEventHandler] INFO  container.CloseContainerEventHandler (CloseContainerEventHandler.java:onMessage(61)) - Close container Event triggered for container : #1
2019-10-18 08:15:16,717 [EventQueue-CloseContainerForCloseContainerEventHandler] INFO  container.CloseContainerEventHandler (CloseContainerEventHandler.java:onMessage(61)) - Close container Event triggered for container : #2
2019-10-18 08:15:16,718 [EventQueue-CloseContainerForCloseContainerEventHandler] INFO  container.CloseContainerEventHandler (CloseContainerEventHandler.java:onMessage(61)) - Close container Event triggered for container : #3
2019-10-18 08:15:16,728 [grpc-default-executor-2] INFO  impl.RaftServerProxy (RaftServerProxy.java:remove(95)) - de33c61e-1baa-412c-a678-1642e68dfdea: remove  FOLLOWER de33c61e-1baa-412c-a678-1642e68dfdea@group-5067896502A4:t2, leader=ccb54c7c-d652-4a32-8fba-bee4dbf2a7ee, voted=null, raftlog=de33c61e-1baa-412c-a678-1642e68dfdea@group-5067896502A4-SegmentedRaftLog:OPENED:c80,f80,i80, conf=0: [de33c61e-1baa-412c-a678-1642e68dfdea:192.168.69.67:35710, 413e678e-a618-4c92-927e-441fcc799019:192.168.69.67:40351, ccb54c7c-d652-4a32-8fba-bee4dbf2a7ee:192.168.69.67:36515], old=null RUNNING
2019-10-18 08:15:16,732 [grpc-default-executor-2] INFO  impl.RaftServerImpl (RaftServerImpl.java:lambda$shutdown$3(261)) - de33c61e-1baa-412c-a678-1642e68dfdea@group-5067896502A4: shutdown
2019-10-18 08:15:16,732 [grpc-default-executor-2] INFO  util.JmxRegister (JmxRegister.java:unregister(73)) - Successfully un-registered JMX Bean with object name Ratis:service=RaftServer,group=group-5067896502A4,id=de33c61e-1baa-412c-a678-1642e68dfdea
2019-10-18 08:15:16,732 [grpc-default-executor-2] INFO  impl.RoleInfo (RoleInfo.java:shutdownFollowerState(121)) - de33c61e-1baa-412c-a678-1642e68dfdea: shutdown FollowerState
2019-10-18 08:15:16,732 [grpc-default-executor-2] INFO  impl.StateMachineUpdater (StateMachineUpdater.java:stopAndJoin(136)) - de33c61e-1baa-412c-a678-1642e68dfdea@group-5067896502A4-StateMachineUpdater: set stopIndex = 80
2019-10-18 08:15:16,732 [Thread-218] INFO  impl.FollowerState (FollowerState.java:run(117)) - de33c61e-1baa-412c-a678-1642e68dfdea@group-5067896502A4-FollowerState was interrupted: java.lang.InterruptedException: sleep interrupted
2019-10-18 08:15:16,733 [de33c61e-1baa-412c-a678-1642e68dfdea@group-5067896502A4-StateMachineUpdater] INFO  ratis.ContainerStateMachine (ContainerStateMachine.java:takeSnapshot(296)) - group-5067896502A4: Taking a snapshot at:(t:2, i:78) file /workdir/hadoop-ozone/tools/target/test-dir/MiniOzoneClusterImpl-73343d47-350e-4161-ad34-574c9e7c486b/datanode-2/data/ratis/f67ffcd1-9982-4bff-bab4-5067896502a4/sm/snapshot.2_78
2019-10-18 08:15:16,861 [de33c61e-1baa-412c-a678-1642e68dfdea@group-5067896502A4-StateMachineUpdater] INFO  ratis.ContainerStateMachine (ContainerStateMachine.java:takeSnapshot(307)) - group-5067896502A4: Finished taking a snapshot at:(t:2, i:78) file:/workdir/hadoop-ozone/tools/target/test-dir/MiniOzoneClusterImpl-73343d47-350e-4161-ad34-574c9e7c486b/datanode-2/data/ratis/f67ffcd1-9982-4bff-bab4-5067896502a4/sm/snapshot.2_78 time:128
2019-10-18 08:15:16,862 [de33c61e-1baa-412c-a678-1642e68dfdea@group-5067896502A4-StateMachineUpdater] INFO  impl.StateMachineUpdater (StateMachineUpdater.java:takeSnapshot(269)) - de33c61e-1baa-412c-a678-1642e68dfdea@group-5067896502A4-StateMachineUpdater: Took a snapshot at index 78
2019-10-18 08:15:16,863 [de33c61e-1baa-412c-a678-1642e68dfdea@group-5067896502A4-StateMachineUpdater] INFO  impl.StateMachineUpdater (StateMachineUpdater.java:lambda$new$0(84)) - de33c61e-1baa-412c-a678-1642e68dfdea@group-5067896502A4-StateMachineUpdater: snapshotIndex: updateIncreasingly -1 -> 78
2019-10-18 08:15:16,867 [de33c61e-1baa-412c-a678-1642e68dfdea@group-5067896502A4-StateMachineUpdater] INFO  ratis.ContainerStateMachine (ContainerStateMachine.java:takeSnapshot(296)) - group-5067896502A4: Taking a snapshot at:(t:2, i:78) file /workdir/hadoop-ozone/tools/target/test-dir/MiniOzoneClusterImpl-73343d47-350e-4161-ad34-574c9e7c486b/datanode-2/data/ratis/f67ffcd1-9982-4bff-bab4-5067896502a4/sm/snapshot.2_78
2019-10-18 08:15:16,879 [de33c61e-1baa-412c-a678-1642e68dfdea@group-5067896502A4-StateMachineUpdater] INFO  ratis.ContainerStateMachine (ContainerStateMachine.java:takeSnapshot(307)) - group-5067896502A4: Finished taking a snapshot at:(t:2, i:78) file:/workdir/hadoop-ozone/tools/target/test-dir/MiniOzoneClusterImpl-73343d47-350e-4161-ad34-574c9e7c486b/datanode-2/data/ratis/f67ffcd1-9982-4bff-bab4-5067896502a4/sm/snapshot.2_78 time:13
2019-10-18 08:15:16,879 [de33c61e-1baa-412c-a678-1642e68dfdea@group-5067896502A4-StateMachineUpdater] INFO  impl.StateMachineUpdater (StateMachineUpdater.java:takeSnapshot(269)) - de33c61e-1baa-412c-a678-1642e68dfdea@group-5067896502A4-StateMachineUpdater: Took a snapshot at index 78
2019-10-18 08:15:16,880 [de33c61e-1baa-412c-a678-1642e68dfdea@group-5067896502A4-StateMachineUpdater] INFO  impl.StateMachineUpdater (StateMachineUpdater.java:lambda$new$0(84)) - de33c61e-1baa-412c-a678-1642e68dfdea@group-5067896502A4-StateMachineUpdater: snapshotIndex: updateIncreasingly 78 -> 78
2019-10-18 08:15:16,880 [grpc-default-executor-2] INFO  impl.RaftServerImpl (ServerState.java:close(388)) - de33c61e-1baa-412c-a678-1642e68dfdea@group-5067896502A4: closes. applyIndex: 80
2019-10-18 08:15:16,882 [de33c61e-1baa-412c-a678-1642e68dfdea@group-5067896502A4-SegmentedRaftLogWorker] INFO  segmented.SegmentedRaftLogWorker (SegmentedRaftLogWorker.java:run(316)) - de33c61e-1baa-412c-a678-1642e68dfdea@group-5067896502A4-SegmentedRaftLogWorker was interrupted, exiting. There are 0 tasks remaining in the queue.
2019-10-18 08:15:16,883 [grpc-default-executor-2] INFO  segmented.SegmentedRaftLogWorker (SegmentedRaftLogWorker.java:close(224)) - de33c61e-1baa-412c-a678-1642e68dfdea@group-5067896502A4-SegmentedRaftLogWorker close()
2019-10-18 08:15:16,918 [grpc-default-executor-2] INFO  interfaces.Container (KeyValueContainer.java:flushAndSyncDB(386)) - Container 1 is synced with bcsId 62.
2019-10-18 08:15:16,919 [grpc-default-executor-2] INFO  interfaces.Container (KeyValueContainer.java:flushAndSyncDB(386)) - Container 1 is synced with bcsId 62.
2019-10-18 08:15:16,937 [EventQueue-IncrementalContainerReportForIncrementalContainerReportHandler] INFO  container.IncrementalContainerReportHandler (AbstractContainerReportHandler.java:updateContainerState(171)) - Moving container #1 to QUASI_CLOSED state, datanode de33c61e-1baa-412c-a678-1642e68dfdea{ip: 192.168.69.67, host: pr-hdds-1868-wx8dl-4219780377, networkLocation: /default-rack, certSerialId: null} reported QUASI_CLOSED replica.
2019-10-18 08:15:16,963 [grpc-default-executor-2] INFO  interfaces.Container (KeyValueContainer.java:flushAndSyncDB(386)) - Container 2 is synced with bcsId 78.
2019-10-18 08:15:16,964 [grpc-default-executor-2] INFO  interfaces.Container (KeyValueContainer.java:flushAndSyncDB(386)) - Container 2 is synced with bcsId 78.
2019-10-18 08:15:16,971 [EventQueue-IncrementalContainerReportForIncrementalContainerReportHandler] INFO  container.IncrementalContainerReportHandler (AbstractContainerReportHandler.java:updateContainerState(171)) - Moving container #2 to QUASI_CLOSED state, datanode de33c61e-1baa-412c-a678-1642e68dfdea{ip: 192.168.69.67, host: pr-hdds-1868-wx8dl-4219780377, networkLocation: /default-rack, certSerialId: null} reported QUASI_CLOSED replica.
2019-10-18 08:15:16,979 [grpc-default-executor-2] INFO  interfaces.Container (KeyValueContainer.java:flushAndSyncDB(386)) - Container 3 is synced with bcsId 44.
2019-10-18 08:15:16,980 [grpc-default-executor-2] INFO  interfaces.Container (KeyValueContainer.java:flushAndSyncDB(386)) - Container 3 is synced with bcsId 44.
2019-10-18 08:15:16,987 [EventQueue-IncrementalContainerReportForIncrementalContainerReportHandler] INFO  container.IncrementalContainerReportHandler (AbstractContainerReportHandler.java:updateContainerState(171)) - Moving container #3 to QUASI_CLOSED state, datanode de33c61e-1baa-412c-a678-1642e68dfdea{ip: 192.168.69.67, host: pr-hdds-1868-wx8dl-4219780377, networkLocation: /default-rack, certSerialId: null} reported QUASI_CLOSED replica.
2019-10-18 08:15:17,003 [grpc-default-executor-2] INFO  impl.RaftServerProxy (RaftServerProxy.java:remove(95)) - 413e678e-a618-4c92-927e-441fcc799019: remove  FOLLOWER 413e678e-a618-4c92-927e-441fcc799019@group-5067896502A4:t2, leader=ccb54c7c-d652-4a32-8fba-bee4dbf2a7ee, voted=ccb54c7c-d652-4a32-8fba-bee4dbf2a7ee, raftlog=413e678e-a618-4c92-927e-441fcc799019@group-5067896502A4-SegmentedRaftLog:OPENED:c80,f80,i80, conf=0: [de33c61e-1baa-412c-a678-1642e68dfdea:192.168.69.67:35710, 413e678e-a618-4c92-927e-441fcc799019:192.168.69.67:40351, ccb54c7c-d652-4a32-8fba-bee4dbf2a7ee:192.168.69.67:36515], old=null RUNNING
2019-10-18 08:15:17,004 [grpc-default-executor-2] INFO  impl.RaftServerImpl (RaftServerImpl.java:lambda$shutdown$3(261)) - 413e678e-a618-4c92-927e-441fcc799019@group-5067896502A4: shutdown
2019-10-18 08:15:17,004 [grpc-default-executor-2] INFO  util.JmxRegister (JmxRegister.java:unregister(73)) - Successfully un-registered JMX Bean with object name Ratis:service=RaftServer,group=group-5067896502A4,id=413e678e-a618-4c92-927e-441fcc799019
2019-10-18 08:15:17,004 [grpc-default-executor-2] INFO  impl.RoleInfo (RoleInfo.java:shutdownFollowerState(121)) - 413e678e-a618-4c92-927e-441fcc799019: shutdown FollowerState
2019-10-18 08:15:17,004 [grpc-default-executor-2] INFO  impl.StateMachineUpdater (StateMachineUpdater.java:stopAndJoin(136)) - 413e678e-a618-4c92-927e-441fcc799019@group-5067896502A4-StateMachineUpdater: set stopIndex = 80
2019-10-18 08:15:17,004 [Thread-217] INFO  impl.FollowerState (FollowerState.java:run(117)) - 413e678e-a618-4c92-927e-441fcc799019@group-5067896502A4-FollowerState was interrupted: java.lang.InterruptedException: sleep interrupted
2019-10-18 08:15:17,005 [413e678e-a618-4c92-927e-441fcc799019@group-5067896502A4-StateMachineUpdater] INFO  ratis.ContainerStateMachine (ContainerStateMachine.java:takeSnapshot(296)) - group-5067896502A4: Taking a snapshot at:(t:2, i:78) file /workdir/hadoop-ozone/tools/target/test-dir/MiniOzoneClusterImpl-73343d47-350e-4161-ad34-574c9e7c486b/datanode-0/data/ratis/f67ffcd1-9982-4bff-bab4-5067896502a4/sm/snapshot.2_78
2019-10-18 08:15:17,011 [413e678e-a618-4c92-927e-441fcc799019@group-5067896502A4-StateMachineUpdater] INFO  ratis.ContainerStateMachine (ContainerStateMachine.java:takeSnapshot(307)) - group-5067896502A4: Finished taking a snapshot at:(t:2, i:78) file:/workdir/hadoop-ozone/tools/target/test-dir/MiniOzoneClusterImpl-73343d47-350e-4161-ad34-574c9e7c486b/datanode-0/data/ratis/f67ffcd1-9982-4bff-bab4-5067896502a4/sm/snapshot.2_78 time:7
2019-10-18 08:15:17,012 [413e678e-a618-4c92-927e-441fcc799019@group-5067896502A4-StateMachineUpdater] INFO  impl.StateMachineUpdater (StateMachineUpdater.java:takeSnapshot(269)) - 413e678e-a618-4c92-927e-441fcc799019@group-5067896502A4-StateMachineUpdater: Took a snapshot at index 78
2019-10-18 08:15:17,012 [413e678e-a618-4c92-927e-441fcc799019@group-5067896502A4-StateMachineUpdater] INFO  impl.StateMachineUpdater (StateMachineUpdater.java:lambda$new$0(84)) - 413e678e-a618-4c92-927e-441fcc799019@group-5067896502A4-StateMachineUpdater: snapshotIndex: updateIncreasingly -1 -> 78
2019-10-18 08:15:17,012 [413e678e-a618-4c92-927e-441fcc799019@group-5067896502A4-StateMachineUpdater] INFO  ratis.ContainerStateMachine (ContainerStateMachine.java:takeSnapshot(296)) - group-5067896502A4: Taking a snapshot at:(t:2, i:78) file /workdir/hadoop-ozone/tools/target/test-dir/MiniOzoneClusterImpl-73343d47-350e-4161-ad34-574c9e7c486b/datanode-0/data/ratis/f67ffcd1-9982-4bff-bab4-5067896502a4/sm/snapshot.2_78
2019-10-18 08:15:17,024 [413e678e-a618-4c92-927e-441fcc799019@group-5067896502A4-StateMachineUpdater] INFO  ratis.ContainerStateMachine (ContainerStateMachine.java:takeSnapshot(307)) - group-5067896502A4: Finished taking a snapshot at:(t:2, i:78) file:/workdir/hadoop-ozone/tools/target/test-dir/MiniOzoneClusterImpl-73343d47-350e-4161-ad34-574c9e7c486b/datanode-0/data/ratis/f67ffcd1-9982-4bff-bab4-5067896502a4/sm/snapshot.2_78 time:11
2019-10-18 08:15:17,024 [413e678e-a618-4c92-927e-441fcc799019@group-5067896502A4-StateMachineUpdater] INFO  impl.StateMachineUpdater (StateMachineUpdater.java:takeSnapshot(269)) - 413e678e-a618-4c92-927e-441fcc799019@group-5067896502A4-StateMachineUpdater: Took a snapshot at index 78
2019-10-18 08:15:17,024 [413e678e-a618-4c92-927e-441fcc799019@group-5067896502A4-StateMachineUpdater] INFO  impl.StateMachineUpdater (StateMachineUpdater.java:lambda$new$0(84)) - 413e678e-a618-4c92-927e-441fcc799019@group-5067896502A4-StateMachineUpdater: snapshotIndex: updateIncreasingly 78 -> 78
2019-10-18 08:15:17,025 [grpc-default-executor-2] INFO  impl.RaftServerImpl (ServerState.java:close(388)) - 413e678e-a618-4c92-927e-441fcc799019@group-5067896502A4: closes. applyIndex: 80
2019-10-18 08:15:17,026 [413e678e-a618-4c92-927e-441fcc799019@group-5067896502A4-SegmentedRaftLogWorker] INFO  segmented.SegmentedRaftLogWorker (SegmentedRaftLogWorker.java:run(316)) - 413e678e-a618-4c92-927e-441fcc799019@group-5067896502A4-SegmentedRaftLogWorker was interrupted, exiting. There are 0 tasks remaining in the queue.
2019-10-18 08:15:17,027 [grpc-default-executor-2] INFO  segmented.SegmentedRaftLogWorker (SegmentedRaftLogWorker.java:close(224)) - 413e678e-a618-4c92-927e-441fcc799019@group-5067896502A4-SegmentedRaftLogWorker close()
2019-10-18 08:15:17,052 [grpc-default-executor-2] INFO  interfaces.Container (KeyValueContainer.java:flushAndSyncDB(386)) - Container 1 is synced with bcsId 62.
2019-10-18 08:15:17,052 [grpc-default-executor-2] INFO  interfaces.Container (KeyValueContainer.java:flushAndSyncDB(386)) - Container 1 is synced with bcsId 62.
2019-10-18 08:15:17,361 [grpc-default-executor-2] INFO  interfaces.Container (KeyValueContainer.java:flushAndSyncDB(386)) - Container 2 is synced with bcsId 78.
2019-10-18 08:15:17,362 [grpc-default-executor-2] INFO  interfaces.Container (KeyValueContainer.java:flushAndSyncDB(386)) - Container 2 is synced with bcsId 78.
2019-10-18 08:15:17,408 [grpc-default-executor-2] INFO  interfaces.Container (KeyValueContainer.java:flushAndSyncDB(386)) - Container 3 is synced with bcsId 44.
2019-10-18 08:15:17,409 [grpc-default-executor-2] INFO  interfaces.Container (KeyValueContainer.java:flushAndSyncDB(386)) - Container 3 is synced with bcsId 44.
2019-10-18 08:15:17,444 [grpc-default-executor-2] INFO  impl.RaftServerProxy (RaftServerProxy.java:remove(95)) - ccb54c7c-d652-4a32-8fba-bee4dbf2a7ee: remove    LEADER ccb54c7c-d652-4a32-8fba-bee4dbf2a7ee@group-5067896502A4:t2, leader=ccb54c7c-d652-4a32-8fba-bee4dbf2a7ee, voted=ccb54c7c-d652-4a32-8fba-bee4dbf2a7ee, raftlog=ccb54c7c-d652-4a32-8fba-bee4dbf2a7ee@group-5067896502A4-SegmentedRaftLog:OPENED:c80,f80,i80, conf=0: [de33c61e-1baa-412c-a678-1642e68dfdea:192.168.69.67:35710, 413e678e-a618-4c92-927e-441fcc799019:192.168.69.67:40351, ccb54c7c-d652-4a32-8fba-bee4dbf2a7ee:192.168.69.67:36515], old=null RUNNING
2019-10-18 08:15:17,444 [grpc-default-executor-2] INFO  impl.RaftServerImpl (RaftServerImpl.java:lambda$shutdown$3(261)) - ccb54c7c-d652-4a32-8fba-bee4dbf2a7ee@group-5067896502A4: shutdown
2019-10-18 08:15:17,444 [grpc-default-executor-2] INFO  util.JmxRegister (JmxRegister.java:unregister(73)) - Successfully un-registered JMX Bean with object name Ratis:service=RaftServer,group=group-5067896502A4,id=ccb54c7c-d652-4a32-8fba-bee4dbf2a7ee
2019-10-18 08:15:17,444 [grpc-default-executor-2] INFO  impl.RoleInfo (RoleInfo.java:shutdownLeaderState(104)) - ccb54c7c-d652-4a32-8fba-bee4dbf2a7ee: shutdown LeaderState
2019-10-18 08:15:17,446 [org.apache.ratis.server.impl.LogAppender$AppenderDaemon$$Lambda$445/378446144@578a3dcc] WARN  server.GrpcLogAppender (GrpcLogAppender.java:mayWait(149)) - ccb54c7c-d652-4a32-8fba-bee4dbf2a7ee@group-5067896502A4->de33c61e-1baa-412c-a678-1642e68dfdea-GrpcLogAppender: Wait interrupted by java.lang.InterruptedException
2019-10-18 08:15:17,446 [grpc-default-executor-2] INFO  impl.PendingRequests (PendingRequests.java:sendNotLeaderResponses(202)) - ccb54c7c-d652-4a32-8fba-bee4dbf2a7ee@group-5067896502A4-PendingRequests: sendNotLeaderResponses
2019-10-18 08:15:17,447 [org.apache.ratis.server.impl.LogAppender$AppenderDaemon$$Lambda$445/378446144@66170f68] WARN  server.GrpcLogAppender (GrpcLogAppender.java:mayWait(149)) - ccb54c7c-d652-4a32-8fba-bee4dbf2a7ee@group-5067896502A4->413e678e-a618-4c92-927e-441fcc799019-GrpcLogAppender: Wait interrupted by java.lang.InterruptedException
2019-10-18 08:15:17,452 [grpc-default-executor-2] INFO  impl.StateMachineUpdater (StateMachineUpdater.java:stopAndJoin(136)) - ccb54c7c-d652-4a32-8fba-bee4dbf2a7ee@group-5067896502A4-StateMachineUpdater: set stopIndex = 80
2019-10-18 08:15:17,453 [ccb54c7c-d652-4a32-8fba-bee4dbf2a7ee@group-5067896502A4-StateMachineUpdater] INFO  ratis.ContainerStateMachine (ContainerStateMachine.java:takeSnapshot(296)) - group-5067896502A4: Taking a snapshot at:(t:2, i:78) file /workdir/hadoop-ozone/tools/target/test-dir/MiniOzoneClusterImpl-73343d47-350e-4161-ad34-574c9e7c486b/datanode-1/data/ratis/f67ffcd1-9982-4bff-bab4-5067896502a4/sm/snapshot.2_78
2019-10-18 08:15:17,453 [grpc-default-executor-0] INFO  server.GrpcServerProtocolService (GrpcServerProtocolService.java:onCompleted(113)) - de33c61e-1baa-412c-a678-1642e68dfdea: Completed APPEND_ENTRIES, lastRequest: ccb54c7c-d652-4a32-8fba-bee4dbf2a7ee->de33c61e-1baa-412c-a678-1642e68dfdea#83-t2, previous=(t:2, i:80), leaderCommit=80, initializing? false, entries: <empty>
2019-10-18 08:15:17,453 [grpc-default-executor-3] INFO  server.GrpcServerProtocolService (GrpcServerProtocolService.java:onCompleted(113)) - 413e678e-a618-4c92-927e-441fcc799019: Completed APPEND_ENTRIES, lastRequest: ccb54c7c-d652-4a32-8fba-bee4dbf2a7ee->413e678e-a618-4c92-927e-441fcc799019#83-t2, previous=(t:2, i:80), leaderCommit=80, initializing? false, entries: <empty>
2019-10-18 08:15:17,453 [grpc-default-executor-0] INFO  server.GrpcLogAppender (GrpcLogAppender.java:onCompleted(308)) - ccb54c7c-d652-4a32-8fba-bee4dbf2a7ee@group-5067896502A4->de33c61e-1baa-412c-a678-1642e68dfdea-AppendLogResponseHandler: follower responses appendEntries COMPLETED
2019-10-18 08:15:17,455 [grpc-default-executor-0] INFO  impl.FollowerInfo (FollowerInfo.java:lambda$new$0(51)) - ccb54c7c-d652-4a32-8fba-bee4dbf2a7ee@group-5067896502A4->de33c61e-1baa-412c-a678-1642e68dfdea: nextIndex: updateUnconditionally 81 -> 80
2019-10-18 08:15:17,455 [grpc-default-executor-3] INFO  server.GrpcLogAppender (GrpcLogAppender.java:onCompleted(308)) - ccb54c7c-d652-4a32-8fba-bee4dbf2a7ee@group-5067896502A4->413e678e-a618-4c92-927e-441fcc799019-AppendLogResponseHandler: follower responses appendEntries COMPLETED
2019-10-18 08:15:17,457 [grpc-default-executor-3] INFO  impl.FollowerInfo (FollowerInfo.java:lambda$new$0(51)) - ccb54c7c-d652-4a32-8fba-bee4dbf2a7ee@group-5067896502A4->413e678e-a618-4c92-927e-441fcc799019: nextIndex: updateUnconditionally 81 -> 80
2019-10-18 08:15:17,465 [ccb54c7c-d652-4a32-8fba-bee4dbf2a7ee@group-5067896502A4-StateMachineUpdater] INFO  ratis.ContainerStateMachine (ContainerStateMachine.java:takeSnapshot(307)) - group-5067896502A4: Finished taking a snapshot at:(t:2, i:78) file:/workdir/hadoop-ozone/tools/target/test-dir/MiniOzoneClusterImpl-73343d47-350e-4161-ad34-574c9e7c486b/datanode-1/data/ratis/f67ffcd1-9982-4bff-bab4-5067896502a4/sm/snapshot.2_78 time:13
2019-10-18 08:15:17,465 [ccb54c7c-d652-4a32-8fba-bee4dbf2a7ee@group-5067896502A4-StateMachineUpdater] INFO  impl.StateMachineUpdater (StateMachineUpdater.java:takeSnapshot(269)) - ccb54c7c-d652-4a32-8fba-bee4dbf2a7ee@group-5067896502A4-StateMachineUpdater: Took a snapshot at index 78
2019-10-18 08:15:17,465 [ccb54c7c-d652-4a32-8fba-bee4dbf2a7ee@group-5067896502A4-StateMachineUpdater] INFO  impl.StateMachineUpdater (StateMachineUpdater.java:lambda$new$0(84)) - ccb54c7c-d652-4a32-8fba-bee4dbf2a7ee@group-5067896502A4-StateMachineUpdater: snapshotIndex: updateIncreasingly -1 -> 78
2019-10-18 08:15:17,466 [ccb54c7c-d652-4a32-8fba-bee4dbf2a7ee@group-5067896502A4-StateMachineUpdater] INFO  ratis.ContainerStateMachine (ContainerStateMachine.java:takeSnapshot(296)) - group-5067896502A4: Taking a snapshot at:(t:2, i:78) file /workdir/hadoop-ozone/tools/target/test-dir/MiniOzoneClusterImpl-73343d47-350e-4161-ad34-574c9e7c486b/datanode-1/data/ratis/f67ffcd1-9982-4bff-bab4-5067896502a4/sm/snapshot.2_78
2019-10-18 08:15:17,478 [ccb54c7c-d652-4a32-8fba-bee4dbf2a7ee@group-5067896502A4-StateMachineUpdater] INFO  ratis.ContainerStateMachine (ContainerStateMachine.java:takeSnapshot(307)) - group-5067896502A4: Finished taking a snapshot at:(t:2, i:78) file:/workdir/hadoop-ozone/tools/target/test-dir/MiniOzoneClusterImpl-73343d47-350e-4161-ad34-574c9e7c486b/datanode-1/data/ratis/f67ffcd1-9982-4bff-bab4-5067896502a4/sm/snapshot.2_78 time:12
2019-10-18 08:15:17,478 [ccb54c7c-d652-4a32-8fba-bee4dbf2a7ee@group-5067896502A4-StateMachineUpdater] INFO  impl.StateMachineUpdater (StateMachineUpdater.java:takeSnapshot(269)) - ccb54c7c-d652-4a32-8fba-bee4dbf2a7ee@group-5067896502A4-StateMachineUpdater: Took a snapshot at index 78
2019-10-18 08:15:17,478 [ccb54c7c-d652-4a32-8fba-bee4dbf2a7ee@group-5067896502A4-StateMachineUpdater] INFO  impl.StateMachineUpdater (StateMachineUpdater.java:lambda$new$0(84)) - ccb54c7c-d652-4a32-8fba-bee4dbf2a7ee@group-5067896502A4-StateMachineUpdater: snapshotIndex: updateIncreasingly 78 -> 78
2019-10-18 08:15:17,478 [grpc-default-executor-2] INFO  impl.RaftServerImpl (ServerState.java:close(388)) - ccb54c7c-d652-4a32-8fba-bee4dbf2a7ee@group-5067896502A4: closes. applyIndex: 80
2019-10-18 08:15:17,479 [ccb54c7c-d652-4a32-8fba-bee4dbf2a7ee@group-5067896502A4-SegmentedRaftLogWorker] INFO  segmented.SegmentedRaftLogWorker (SegmentedRaftLogWorker.java:run(316)) - ccb54c7c-d652-4a32-8fba-bee4dbf2a7ee@group-5067896502A4-SegmentedRaftLogWorker was interrupted, exiting. There are 0 tasks remaining in the queue.
2019-10-18 08:15:17,480 [grpc-default-executor-2] INFO  segmented.SegmentedRaftLogWorker (SegmentedRaftLogWorker.java:close(224)) - ccb54c7c-d652-4a32-8fba-bee4dbf2a7ee@group-5067896502A4-SegmentedRaftLogWorker close()
2019-10-18 08:15:17,499 [grpc-default-executor-2] INFO  interfaces.Container (KeyValueContainer.java:flushAndSyncDB(386)) - Container 1 is synced with bcsId 62.
2019-10-18 08:15:17,499 [grpc-default-executor-2] INFO  interfaces.Container (KeyValueContainer.java:flushAndSyncDB(386)) - Container 1 is synced with bcsId 62.
2019-10-18 08:15:17,529 [grpc-default-executor-2] INFO  interfaces.Container (KeyValueContainer.java:flushAndSyncDB(386)) - Container 2 is synced with bcsId 78.
2019-10-18 08:15:17,529 [grpc-default-executor-2] INFO  interfaces.Container (KeyValueContainer.java:flushAndSyncDB(386)) - Container 2 is synced with bcsId 78.
2019-10-18 08:15:17,552 [grpc-default-executor-2] INFO  interfaces.Container (KeyValueContainer.java:flushAndSyncDB(386)) - Container 3 is synced with bcsId 44.
2019-10-18 08:15:17,552 [grpc-default-executor-2] INFO  interfaces.Container (KeyValueContainer.java:flushAndSyncDB(386)) - Container 3 is synced with bcsId 44.
2019-10-18 08:15:17,561 [main] INFO  pipeline.PipelineStateManager (PipelineStateManager.java:removePipeline(106)) - Pipeline Pipeline[ Id: f67ffcd1-9982-4bff-bab4-5067896502a4, Nodes: de33c61e-1baa-412c-a678-1642e68dfdea{ip: 192.168.69.67, host: pr-hdds-1868-wx8dl-4219780377, networkLocation: /default-rack, certSerialId: null}413e678e-a618-4c92-927e-441fcc799019{ip: 192.168.69.67, host: pr-hdds-1868-wx8dl-4219780377, networkLocation: /default-rack, certSerialId: null}ccb54c7c-d652-4a32-8fba-bee4dbf2a7ee{ip: 192.168.69.67, host: pr-hdds-1868-wx8dl-4219780377, networkLocation: /default-rack, certSerialId: null}, Type:RATIS, Factor:THREE, State:CLOSED] removed from db
2019-10-18 08:15:17,582 [grpc-default-executor-2] INFO  impl.RaftServerProxy (RaftServerProxy.java:addNew(89)) - 413e678e-a618-4c92-927e-441fcc799019: addNew group-F971E7EEC70F:[de33c61e-1baa-412c-a678-1642e68dfdea:192.168.69.67:35710, 413e678e-a618-4c92-927e-441fcc799019:192.168.69.67:40351, ccb54c7c-d652-4a32-8fba-bee4dbf2a7ee:192.168.69.67:36515] returns group-F971E7EEC70F:java.util.concurrent.CompletableFuture@54ff7f38[Not completed]
2019-10-18 08:15:17,584 [grpc-default-executor-3] INFO  impl.RaftServerProxy (RaftServerProxy.java:addNew(89)) - ccb54c7c-d652-4a32-8fba-bee4dbf2a7ee: addNew group-F971E7EEC70F:[de33c61e-1baa-412c-a678-1642e68dfdea:192.168.69.67:35710, 413e678e-a618-4c92-927e-441fcc799019:192.168.69.67:40351, ccb54c7c-d652-4a32-8fba-bee4dbf2a7ee:192.168.69.67:36515] returns group-F971E7EEC70F:java.util.concurrent.CompletableFuture@12c16a39[Not completed]
2019-10-18 08:15:17,587 [grpc-default-executor-3] INFO  impl.RaftServerProxy (RaftServerProxy.java:addNew(89)) - de33c61e-1baa-412c-a678-1642e68dfdea: addNew group-F971E7EEC70F:[de33c61e-1baa-412c-a678-1642e68dfdea:192.168.69.67:35710, 413e678e-a618-4c92-927e-441fcc799019:192.168.69.67:40351, ccb54c7c-d652-4a32-8fba-bee4dbf2a7ee:192.168.69.67:36515] returns group-F971E7EEC70F:java.util.concurrent.CompletableFuture@94ef4c2[Not completed]
2019-10-18 08:15:17,589 [pool-27-thread-1] INFO  impl.RaftServerImpl (RaftServerImpl.java:<init>(104)) - 413e678e-a618-4c92-927e-441fcc799019: new RaftServerImpl for group-F971E7EEC70F:[de33c61e-1baa-412c-a678-1642e68dfdea:192.168.69.67:35710, 413e678e-a618-4c92-927e-441fcc799019:192.168.69.67:40351, ccb54c7c-d652-4a32-8fba-bee4dbf2a7ee:192.168.69.67:36515] with ContainerStateMachine:uninitialized
2019-10-18 08:15:17,590 [pool-27-thread-1] INFO  server.RaftServerConfigKeys (ConfUtils.java:logGet(43)) - raft.server.rpc.timeout.min = 5s (custom)
2019-10-18 08:15:17,590 [pool-27-thread-1] INFO  server.RaftServerConfigKeys (ConfUtils.java:logGet(43)) - raft.server.rpc.timeout.max = 5200ms (custom)
2019-10-18 08:15:17,590 [pool-27-thread-1] INFO  server.RaftServerConfigKeys (ConfUtils.java:logGet(43)) - raft.server.rpcslowness.timeout = 120s (custom)
2019-10-18 08:15:17,590 [pool-27-thread-1] INFO  server.RaftServerConfigKeys (ConfUtils.java:logGet(43)) - raft.server.sleep.deviation.threshold = 300 (default)
2019-10-18 08:15:17,591 [pool-27-thread-1] INFO  server.RaftServerConfigKeys (ConfUtils.java:logGet(43)) - raft.server.log.appender.install.snapshot.enabled = false (custom)
2019-10-18 08:15:17,591 [pool-27-thread-1] INFO  impl.RaftServerImpl (ServerState.java:<init>(103)) - 413e678e-a618-4c92-927e-441fcc799019@group-F971E7EEC70F: ConfigurationManager, init=-1: [de33c61e-1baa-412c-a678-1642e68dfdea:192.168.69.67:35710, 413e678e-a618-4c92-927e-441fcc799019:192.168.69.67:40351, ccb54c7c-d652-4a32-8fba-bee4dbf2a7ee:192.168.69.67:36515], old=null, confs=<EMPTY_MAP>
2019-10-18 08:15:17,591 [pool-47-thread-1] INFO  impl.RaftServerImpl (RaftServerImpl.java:<init>(104)) - de33c61e-1baa-412c-a678-1642e68dfdea: new RaftServerImpl for group-F971E7EEC70F:[de33c61e-1baa-412c-a678-1642e68dfdea:192.168.69.67:35710, 413e678e-a618-4c92-927e-441fcc799019:192.168.69.67:40351, ccb54c7c-d652-4a32-8fba-bee4dbf2a7ee:192.168.69.67:36515] with ContainerStateMachine:uninitialized
2019-10-18 08:15:17,591 [pool-27-thread-1] INFO  server.RaftServerConfigKeys (ConfUtils.java:logGet(43)) - raft.server.storage.dir = [/workdir/hadoop-ozone/tools/target/test-dir/MiniOzoneClusterImpl-73343d47-350e-4161-ad34-574c9e7c486b/datanode-0/data/ratis] (custom)
2019-10-18 08:15:17,591 [pool-47-thread-1] INFO  server.RaftServerConfigKeys (ConfUtils.java:logGet(43)) - raft.server.rpc.timeout.min = 5s (custom)
2019-10-18 08:15:17,592 [pool-47-thread-1] INFO  server.RaftServerConfigKeys (ConfUtils.java:logGet(43)) - raft.server.rpc.timeout.max = 5200ms (custom)
2019-10-18 08:15:17,592 [pool-27-thread-1] INFO  server.RaftServerConfigKeys (ConfUtils.java:logGet(43)) - raft.server.log.corruption.policy = EXCEPTION (default)
2019-10-18 08:15:17,592 [pool-47-thread-1] INFO  server.RaftServerConfigKeys (ConfUtils.java:logGet(43)) - raft.server.rpcslowness.timeout = 120s (custom)
2019-10-18 08:15:17,592 [pool-27-thread-1] INFO  storage.RaftStorageDirectory (RaftStorageDirectory.java:analyzeStorage(246)) - The storage directory /workdir/hadoop-ozone/tools/target/test-dir/MiniOzoneClusterImpl-73343d47-350e-4161-ad34-574c9e7c486b/datanode-0/data/ratis/802f09a3-7107-4977-bdc0-f971e7eec70f does not exist. Creating ...
2019-10-18 08:15:17,592 [pool-47-thread-1] INFO  server.RaftServerConfigKeys (ConfUtils.java:logGet(43)) - raft.server.sleep.deviation.threshold = 300 (default)
2019-10-18 08:15:17,592 [pool-47-thread-1] INFO  server.RaftServerConfigKeys (ConfUtils.java:logGet(43)) - raft.server.log.appender.install.snapshot.enabled = false (custom)
2019-10-18 08:15:17,593 [pool-47-thread-1] INFO  impl.RaftServerImpl (ServerState.java:<init>(103)) - de33c61e-1baa-412c-a678-1642e68dfdea@group-F971E7EEC70F: ConfigurationManager, init=-1: [de33c61e-1baa-412c-a678-1642e68dfdea:192.168.69.67:35710, 413e678e-a618-4c92-927e-441fcc799019:192.168.69.67:40351, ccb54c7c-d652-4a32-8fba-bee4dbf2a7ee:192.168.69.67:36515], old=null, confs=<EMPTY_MAP>
2019-10-18 08:15:17,593 [pool-47-thread-1] INFO  server.RaftServerConfigKeys (ConfUtils.java:logGet(43)) - raft.server.storage.dir = [/workdir/hadoop-ozone/tools/target/test-dir/MiniOzoneClusterImpl-73343d47-350e-4161-ad34-574c9e7c486b/datanode-2/data/ratis] (custom)
2019-10-18 08:15:17,593 [pool-37-thread-1] INFO  impl.RaftServerImpl (RaftServerImpl.java:<init>(104)) - ccb54c7c-d652-4a32-8fba-bee4dbf2a7ee: new RaftServerImpl for group-F971E7EEC70F:[de33c61e-1baa-412c-a678-1642e68dfdea:192.168.69.67:35710, 413e678e-a618-4c92-927e-441fcc799019:192.168.69.67:40351, ccb54c7c-d652-4a32-8fba-bee4dbf2a7ee:192.168.69.67:36515] with ContainerStateMachine:uninitialized
2019-10-18 08:15:17,593 [pool-47-thread-1] INFO  server.RaftServerConfigKeys (ConfUtils.java:logGet(43)) - raft.server.log.corruption.policy = EXCEPTION (default)
2019-10-18 08:15:17,593 [pool-37-thread-1] INFO  server.RaftServerConfigKeys (ConfUtils.java:logGet(43)) - raft.server.rpc.timeout.min = 5s (custom)
2019-10-18 08:15:17,594 [pool-47-thread-1] INFO  storage.RaftStorageDirectory (RaftStorageDirectory.java:analyzeStorage(246)) - The storage directory /workdir/hadoop-ozone/tools/target/test-dir/MiniOzoneClusterImpl-73343d47-350e-4161-ad34-574c9e7c486b/datanode-2/data/ratis/802f09a3-7107-4977-bdc0-f971e7eec70f does not exist. Creating ...
2019-10-18 08:15:17,594 [pool-37-thread-1] INFO  server.RaftServerConfigKeys (ConfUtils.java:logGet(43)) - raft.server.rpc.timeout.max = 5200ms (custom)
2019-10-18 08:15:17,594 [pool-37-thread-1] INFO  server.RaftServerConfigKeys (ConfUtils.java:logGet(43)) - raft.server.rpcslowness.timeout = 120s (custom)
2019-10-18 08:15:17,594 [pool-37-thread-1] INFO  server.RaftServerConfigKeys (ConfUtils.java:logGet(43)) - raft.server.sleep.deviation.threshold = 300 (default)
2019-10-18 08:15:17,594 [pool-37-thread-1] INFO  server.RaftServerConfigKeys (ConfUtils.java:logGet(43)) - raft.server.log.appender.install.snapshot.enabled = false (custom)
2019-10-18 08:15:17,594 [pool-37-thread-1] INFO  impl.RaftServerImpl (ServerState.java:<init>(103)) - ccb54c7c-d652-4a32-8fba-bee4dbf2a7ee@group-F971E7EEC70F: ConfigurationManager, init=-1: [de33c61e-1baa-412c-a678-1642e68dfdea:192.168.69.67:35710, 413e678e-a618-4c92-927e-441fcc799019:192.168.69.67:40351, ccb54c7c-d652-4a32-8fba-bee4dbf2a7ee:192.168.69.67:36515], old=null, confs=<EMPTY_MAP>
2019-10-18 08:15:17,595 [pool-37-thread-1] INFO  server.RaftServerConfigKeys (ConfUtils.java:logGet(43)) - raft.server.storage.dir = [/workdir/hadoop-ozone/tools/target/test-dir/MiniOzoneClusterImpl-73343d47-350e-4161-ad34-574c9e7c486b/datanode-1/data/ratis] (custom)
2019-10-18 08:15:17,595 [pool-37-thread-1] INFO  server.RaftServerConfigKeys (ConfUtils.java:logGet(43)) - raft.server.log.corruption.policy = EXCEPTION (default)
2019-10-18 08:15:17,595 [pool-37-thread-1] INFO  storage.RaftStorageDirectory (RaftStorageDirectory.java:analyzeStorage(246)) - The storage directory /workdir/hadoop-ozone/tools/target/test-dir/MiniOzoneClusterImpl-73343d47-350e-4161-ad34-574c9e7c486b/datanode-1/data/ratis/802f09a3-7107-4977-bdc0-f971e7eec70f does not exist. Creating ...
2019-10-18 08:15:17,614 [pool-47-thread-1] INFO  storage.RaftStorageDirectory (RaftStorageDirectory.java:tryLock(328)) - Lock on /workdir/hadoop-ozone/tools/target/test-dir/MiniOzoneClusterImpl-73343d47-350e-4161-ad34-574c9e7c486b/datanode-2/data/ratis/802f09a3-7107-4977-bdc0-f971e7eec70f/in_use.lock acquired by nodename 15204@pr-hdds-1868-wx8dl-4219780377
2019-10-18 08:15:17,614 [pool-37-thread-1] INFO  storage.RaftStorageDirectory (RaftStorageDirectory.java:tryLock(328)) - Lock on /workdir/hadoop-ozone/tools/target/test-dir/MiniOzoneClusterImpl-73343d47-350e-4161-ad34-574c9e7c486b/datanode-1/data/ratis/802f09a3-7107-4977-bdc0-f971e7eec70f/in_use.lock acquired by nodename 15204@pr-hdds-1868-wx8dl-4219780377
2019-10-18 08:15:17,614 [pool-27-thread-1] INFO  storage.RaftStorageDirectory (RaftStorageDirectory.java:tryLock(328)) - Lock on /workdir/hadoop-ozone/tools/target/test-dir/MiniOzoneClusterImpl-73343d47-350e-4161-ad34-574c9e7c486b/datanode-0/data/ratis/802f09a3-7107-4977-bdc0-f971e7eec70f/in_use.lock acquired by nodename 15204@pr-hdds-1868-wx8dl-4219780377
2019-10-18 08:15:17,641 [pool-47-thread-1] INFO  storage.RaftStorage (RaftStorage.java:format(84)) - Storage directory /workdir/hadoop-ozone/tools/target/test-dir/MiniOzoneClusterImpl-73343d47-350e-4161-ad34-574c9e7c486b/datanode-2/data/ratis/802f09a3-7107-4977-bdc0-f971e7eec70f has been successfully formatted.
2019-10-18 08:15:17,641 [pool-37-thread-1] INFO  storage.RaftStorage (RaftStorage.java:format(84)) - Storage directory /workdir/hadoop-ozone/tools/target/test-dir/MiniOzoneClusterImpl-73343d47-350e-4161-ad34-574c9e7c486b/datanode-1/data/ratis/802f09a3-7107-4977-bdc0-f971e7eec70f has been successfully formatted.
2019-10-18 08:15:17,641 [pool-27-thread-1] INFO  storage.RaftStorage (RaftStorage.java:format(84)) - Storage directory /workdir/hadoop-ozone/tools/target/test-dir/MiniOzoneClusterImpl-73343d47-350e-4161-ad34-574c9e7c486b/datanode-0/data/ratis/802f09a3-7107-4977-bdc0-f971e7eec70f has been successfully formatted.
2019-10-18 08:15:17,641 [pool-47-thread-1] INFO  ratis.ContainerStateMachine (ContainerStateMachine.java:loadSnapshot(233)) - group-F971E7EEC70F: The snapshot info is null. Setting the last applied indexto:(t:0, i:~)
2019-10-18 08:15:17,641 [pool-37-thread-1] INFO  ratis.ContainerStateMachine (ContainerStateMachine.java:loadSnapshot(233)) - group-F971E7EEC70F: The snapshot info is null. Setting the last applied indexto:(t:0, i:~)
2019-10-18 08:15:17,642 [pool-47-thread-1] INFO  server.RaftServerConfigKeys (ConfUtils.java:logGet(43)) - raft.server.notification.no-leader.timeout = 120s (custom)
2019-10-18 08:15:17,642 [pool-27-thread-1] INFO  ratis.ContainerStateMachine (ContainerStateMachine.java:loadSnapshot(233)) - group-F971E7EEC70F: The snapshot info is null. Setting the last applied indexto:(t:0, i:~)
2019-10-18 08:15:17,642 [pool-47-thread-1] INFO  server.RaftServerConfigKeys (ConfUtils.java:logGet(43)) - raft.server.log.use.memory = false (default)
2019-10-18 08:15:17,642 [pool-37-thread-1] INFO  server.RaftServerConfigKeys (ConfUtils.java:logGet(43)) - raft.server.notification.no-leader.timeout = 120s (custom)
2019-10-18 08:15:17,642 [pool-47-thread-1] INFO  server.RaftServerConfigKeys (ConfUtils.java:logGet(43)) - raft.server.log.purge.gap = 1000000 (custom)
2019-10-18 08:15:17,642 [pool-27-thread-1] INFO  server.RaftServerConfigKeys (ConfUtils.java:logGet(43)) - raft.server.notification.no-leader.timeout = 120s (custom)
2019-10-18 08:15:17,643 [pool-47-thread-1] INFO  server.RaftServerConfigKeys (ConfUtils.java:logGet(43)) - raft.server.log.appender.buffer.byte-limit = 33554432 (custom)
2019-10-18 08:15:17,642 [pool-37-thread-1] INFO  server.RaftServerConfigKeys (ConfUtils.java:logGet(43)) - raft.server.log.use.memory = false (default)
2019-10-18 08:15:17,643 [pool-47-thread-1] INFO  server.RaftServerConfigKeys (ConfUtils.java:logGet(43)) - raft.server.log.segment.size.max = 1048576 (custom)
2019-10-18 08:15:17,643 [pool-27-thread-1] INFO  server.RaftServerConfigKeys (ConfUtils.java:logGet(43)) - raft.server.log.use.memory = false (default)
2019-10-18 08:15:17,643 [pool-47-thread-1] INFO  server.RaftServerConfigKeys (ConfUtils.java:logGet(43)) - raft.server.log.segment.cache.num.max = 2 (custom)
2019-10-18 08:15:17,643 [pool-37-thread-1] INFO  server.RaftServerConfigKeys (ConfUtils.java:logGet(43)) - raft.server.log.purge.gap = 1000000 (custom)
2019-10-18 08:15:17,643 [pool-47-thread-1] INFO  segmented.SegmentedRaftLogWorker (SegmentedRaftLogWorker.java:<init>(173)) - new de33c61e-1baa-412c-a678-1642e68dfdea@group-F971E7EEC70F-SegmentedRaftLogWorker for RaftStorage:Storage Directory /workdir/hadoop-ozone/tools/target/test-dir/MiniOzoneClusterImpl-73343d47-350e-4161-ad34-574c9e7c486b/datanode-2/data/ratis/802f09a3-7107-4977-bdc0-f971e7eec70f
2019-10-18 08:15:17,643 [pool-27-thread-1] INFO  server.RaftServerConfigKeys (ConfUtils.java:logGet(43)) - raft.server.log.purge.gap = 1000000 (custom)
2019-10-18 08:15:17,644 [pool-47-thread-1] INFO  server.RaftServerConfigKeys (ConfUtils.java:logGet(43)) - raft.server.log.queue.byte-limit = 2147483647 (custom)
2019-10-18 08:15:17,644 [pool-37-thread-1] INFO  server.RaftServerConfigKeys (ConfUtils.java:logGet(43)) - raft.server.log.appender.buffer.byte-limit = 33554432 (custom)
2019-10-18 08:15:17,644 [pool-47-thread-1] INFO  server.RaftServerConfigKeys (ConfUtils.java:logGet(43)) - raft.server.log.queue.element-limit = 1024 (custom)
2019-10-18 08:15:17,644 [pool-27-thread-1] INFO  server.RaftServerConfigKeys (ConfUtils.java:logGet(43)) - raft.server.log.appender.buffer.byte-limit = 33554432 (custom)
2019-10-18 08:15:17,644 [pool-47-thread-1] INFO  server.RaftServerConfigKeys (ConfUtils.java:logGet(43)) - raft.server.log.segment.size.max = 1048576 (custom)
2019-10-18 08:15:17,644 [pool-37-thread-1] INFO  server.RaftServerConfigKeys (ConfUtils.java:logGet(43)) - raft.server.log.segment.size.max = 1048576 (custom)
2019-10-18 08:15:17,645 [pool-47-thread-1] INFO  server.RaftServerConfigKeys (ConfUtils.java:logGet(43)) - raft.server.log.preallocated.size = 16384 (custom)
2019-10-18 08:15:17,645 [pool-27-thread-1] INFO  server.RaftServerConfigKeys (ConfUtils.java:logGet(43)) - raft.server.log.segment.size.max = 1048576 (custom)
2019-10-18 08:15:17,645 [pool-47-thread-1] INFO  server.RaftServerConfigKeys (ConfUtils.java:logGet(43)) - raft.server.log.write.buffer.size = 33554432 (custom)
2019-10-18 08:15:17,645 [pool-37-thread-1] INFO  server.RaftServerConfigKeys (ConfUtils.java:logGet(43)) - raft.server.log.segment.cache.num.max = 2 (custom)
2019-10-18 08:15:17,645 [pool-47-thread-1] INFO  server.RaftServerConfigKeys (ConfUtils.java:logGet(43)) - raft.server.log.force.sync.num = 128 (default)
2019-10-18 08:15:17,645 [pool-27-thread-1] INFO  server.RaftServerConfigKeys (ConfUtils.java:logGet(43)) - raft.server.log.segment.cache.num.max = 2 (custom)
2019-10-18 08:15:17,646 [pool-47-thread-1] INFO  server.RaftServerConfigKeys (ConfUtils.java:logGet(43)) - raft.server.log.statemachine.data.sync = true (default)
2019-10-18 08:15:17,646 [pool-37-thread-1] INFO  segmented.SegmentedRaftLogWorker (SegmentedRaftLogWorker.java:<init>(173)) - new ccb54c7c-d652-4a32-8fba-bee4dbf2a7ee@group-F971E7EEC70F-SegmentedRaftLogWorker for RaftStorage:Storage Directory /workdir/hadoop-ozone/tools/target/test-dir/MiniOzoneClusterImpl-73343d47-350e-4161-ad34-574c9e7c486b/datanode-1/data/ratis/802f09a3-7107-4977-bdc0-f971e7eec70f
2019-10-18 08:15:17,646 [pool-47-thread-1] INFO  server.RaftServerConfigKeys (ConfUtils.java:logGet(43)) - raft.server.log.statemachine.data.sync.timeout = 10s (default)
2019-10-18 08:15:17,646 [pool-27-thread-1] INFO  segmented.SegmentedRaftLogWorker (SegmentedRaftLogWorker.java:<init>(173)) - new 413e678e-a618-4c92-927e-441fcc799019@group-F971E7EEC70F-SegmentedRaftLogWorker for RaftStorage:Storage Directory /workdir/hadoop-ozone/tools/target/test-dir/MiniOzoneClusterImpl-73343d47-350e-4161-ad34-574c9e7c486b/datanode-0/data/ratis/802f09a3-7107-4977-bdc0-f971e7eec70f
2019-10-18 08:15:17,646 [pool-47-thread-1] INFO  server.RaftServerConfigKeys (ConfUtils.java:logGet(43)) - raft.server.log.statemachine.data.sync.timeout.retry = -1 (default)
2019-10-18 08:15:17,646 [pool-37-thread-1] INFO  server.RaftServerConfigKeys (ConfUtils.java:logGet(43)) - raft.server.log.queue.byte-limit = 2147483647 (custom)
2019-10-18 08:15:17,647 [pool-47-thread-1] INFO  server.RaftServerConfigKeys (ConfUtils.java:logGet(43)) - raft.server.log.statemachine.data.caching.enabled = true (custom)
2019-10-18 08:15:17,647 [pool-37-thread-1] INFO  server.RaftServerConfigKeys (ConfUtils.java:logGet(43)) - raft.server.log.queue.element-limit = 1024 (custom)
2019-10-18 08:15:17,647 [pool-27-thread-1] INFO  server.RaftServerConfigKeys (ConfUtils.java:logGet(43)) - raft.server.log.queue.byte-limit = 2147483647 (custom)
2019-10-18 08:15:17,647 [pool-47-thread-1] INFO  segmented.SegmentedRaftLogWorker (SegmentedRaftLogWorker.java:lambda$new$0(128)) - de33c61e-1baa-412c-a678-1642e68dfdea@group-F971E7EEC70F-SegmentedRaftLogWorker: flushIndex: setUnconditionally 0 -> -1
2019-10-18 08:15:17,647 [pool-37-thread-1] INFO  server.RaftServerConfigKeys (ConfUtils.java:logGet(43)) - raft.server.log.segment.size.max = 1048576 (custom)
2019-10-18 08:15:17,647 [pool-27-thread-1] INFO  server.RaftServerConfigKeys (ConfUtils.java:logGet(43)) - raft.server.log.queue.element-limit = 1024 (custom)
2019-10-18 08:15:17,648 [pool-47-thread-1] INFO  server.RaftServerConfigKeys (ConfUtils.java:logGet(43)) - raft.server.snapshot.auto.trigger.enabled = true (custom)
2019-10-18 08:15:17,648 [pool-37-thread-1] INFO  server.RaftServerConfigKeys (ConfUtils.java:logGet(43)) - raft.server.log.preallocated.size = 16384 (custom)
2019-10-18 08:15:17,648 [pool-47-thread-1] INFO  server.RaftServerConfigKeys (ConfUtils.java:logGet(43)) - raft.server.snapshot.auto.trigger.threshold = 10000 (custom)
2019-10-18 08:15:17,648 [pool-27-thread-1] INFO  server.RaftServerConfigKeys (ConfUtils.java:logGet(43)) - raft.server.log.segment.size.max = 1048576 (custom)
2019-10-18 08:15:17,648 [pool-47-thread-1] INFO  server.RaftServerConfigKeys (ConfUtils.java:logGet(43)) - raft.server.snapshot.retention.file.num = 5 (custom)
2019-10-18 08:15:17,648 [pool-37-thread-1] INFO  server.RaftServerConfigKeys (ConfUtils.java:logGet(43)) - raft.server.log.write.buffer.size = 33554432 (custom)
2019-10-18 08:15:17,649 [pool-47-thread-1] INFO  server.RaftServerConfigKeys (ConfUtils.java:logGet(43)) - raft.server.retrycache.expirytime = 600000ms (custom)
2019-10-18 08:15:17,649 [pool-27-thread-1] INFO  server.RaftServerConfigKeys (ConfUtils.java:logGet(43)) - raft.server.log.preallocated.size = 16384 (custom)
2019-10-18 08:15:17,649 [pool-37-thread-1] INFO  server.RaftServerConfigKeys (ConfUtils.java:logGet(43)) - raft.server.log.force.sync.num = 128 (default)
2019-10-18 08:15:17,649 [pool-27-thread-1] INFO  server.RaftServerConfigKeys (ConfUtils.java:logGet(43)) - raft.server.log.write.buffer.size = 33554432 (custom)
2019-10-18 08:15:17,649 [pool-37-thread-1] INFO  server.RaftServerConfigKeys (ConfUtils.java:logGet(43)) - raft.server.log.statemachine.data.sync = true (default)
2019-10-18 08:15:17,650 [pool-27-thread-1] INFO  server.RaftServerConfigKeys (ConfUtils.java:logGet(43)) - raft.server.log.force.sync.num = 128 (default)
2019-10-18 08:15:17,650 [pool-37-thread-1] INFO  server.RaftServerConfigKeys (ConfUtils.java:logGet(43)) - raft.server.log.statemachine.data.sync.timeout = 10s (default)
2019-10-18 08:15:17,650 [pool-27-thread-1] INFO  server.RaftServerConfigKeys (ConfUtils.java:logGet(43)) - raft.server.log.statemachine.data.sync = true (default)
2019-10-18 08:15:17,650 [pool-37-thread-1] INFO  server.RaftServerConfigKeys (ConfUtils.java:logGet(43)) - raft.server.log.statemachine.data.sync.timeout.retry = -1 (default)
2019-10-18 08:15:17,650 [pool-27-thread-1] INFO  server.RaftServerConfigKeys (ConfUtils.java:logGet(43)) - raft.server.log.statemachine.data.sync.timeout = 10s (default)
2019-10-18 08:15:17,651 [pool-27-thread-1] INFO  server.RaftServerConfigKeys (ConfUtils.java:logGet(43)) - raft.server.log.statemachine.data.sync.timeout.retry = -1 (default)
2019-10-18 08:15:17,651 [pool-37-thread-1] INFO  server.RaftServerConfigKeys (ConfUtils.java:logGet(43)) - raft.server.log.statemachine.data.caching.enabled = true (custom)
2019-10-18 08:15:17,651 [pool-27-thread-1] INFO  server.RaftServerConfigKeys (ConfUtils.java:logGet(43)) - raft.server.log.statemachine.data.caching.enabled = true (custom)
2019-10-18 08:15:17,651 [pool-37-thread-1] INFO  segmented.SegmentedRaftLogWorker (SegmentedRaftLogWorker.java:lambda$new$0(128)) - ccb54c7c-d652-4a32-8fba-bee4dbf2a7ee@group-F971E7EEC70F-SegmentedRaftLogWorker: flushIndex: setUnconditionally 0 -> -1
2019-10-18 08:15:17,651 [pool-27-thread-1] INFO  segmented.SegmentedRaftLogWorker (SegmentedRaftLogWorker.java:lambda$new$0(128)) - 413e678e-a618-4c92-927e-441fcc799019@group-F971E7EEC70F-SegmentedRaftLogWorker: flushIndex: setUnconditionally 0 -> -1
2019-10-18 08:15:17,652 [pool-37-thread-1] INFO  server.RaftServerConfigKeys (ConfUtils.java:logGet(43)) - raft.server.snapshot.auto.trigger.enabled = true (custom)
2019-10-18 08:15:17,652 [pool-27-thread-1] INFO  server.RaftServerConfigKeys (ConfUtils.java:logGet(43)) - raft.server.snapshot.auto.trigger.enabled = true (custom)
2019-10-18 08:15:17,652 [pool-37-thread-1] INFO  server.RaftServerConfigKeys (ConfUtils.java:logGet(43)) - raft.server.snapshot.auto.trigger.threshold = 10000 (custom)
2019-10-18 08:15:17,652 [pool-27-thread-1] INFO  server.RaftServerConfigKeys (ConfUtils.java:logGet(43)) - raft.server.snapshot.auto.trigger.threshold = 10000 (custom)
2019-10-18 08:15:17,652 [pool-37-thread-1] INFO  server.RaftServerConfigKeys (ConfUtils.java:logGet(43)) - raft.server.snapshot.retention.file.num = 5 (custom)
2019-10-18 08:15:17,653 [pool-27-thread-1] INFO  server.RaftServerConfigKeys (ConfUtils.java:logGet(43)) - raft.server.snapshot.retention.file.num = 5 (custom)
2019-10-18 08:15:17,653 [pool-47-thread-1] INFO  impl.RaftServerImpl (RaftServerImpl.java:start(195)) - de33c61e-1baa-412c-a678-1642e68dfdea@group-F971E7EEC70F: start as a follower, conf=-1: [de33c61e-1baa-412c-a678-1642e68dfdea:192.168.69.67:35710, 413e678e-a618-4c92-927e-441fcc799019:192.168.69.67:40351, ccb54c7c-d652-4a32-8fba-bee4dbf2a7ee:192.168.69.67:36515], old=null
2019-10-18 08:15:17,653 [pool-27-thread-1] INFO  server.RaftServerConfigKeys (ConfUtils.java:logGet(43)) - raft.server.retrycache.expirytime = 600000ms (custom)
2019-10-18 08:15:17,653 [pool-37-thread-1] INFO  server.RaftServerConfigKeys (ConfUtils.java:logGet(43)) - raft.server.retrycache.expirytime = 600000ms (custom)
2019-10-18 08:15:17,653 [pool-47-thread-1] INFO  impl.RaftServerImpl (RaftServerImpl.java:setRole(184)) - de33c61e-1baa-412c-a678-1642e68dfdea@group-F971E7EEC70F: changes role from      null to FOLLOWER at term 0 for startAsFollower
2019-10-18 08:15:17,653 [pool-47-thread-1] INFO  impl.RoleInfo (RoleInfo.java:updateAndGet(143)) - de33c61e-1baa-412c-a678-1642e68dfdea: start FollowerState
2019-10-18 08:15:17,654 [pool-47-thread-1] INFO  util.JmxRegister (JmxRegister.java:tryRegister(44)) - Successfully registered JMX Bean with object name Ratis:service=RaftServer,group=group-F971E7EEC70F,id=de33c61e-1baa-412c-a678-1642e68dfdea
2019-10-18 08:15:17,659 [pool-27-thread-1] INFO  impl.RaftServerImpl (RaftServerImpl.java:start(195)) - 413e678e-a618-4c92-927e-441fcc799019@group-F971E7EEC70F: start as a follower, conf=-1: [de33c61e-1baa-412c-a678-1642e68dfdea:192.168.69.67:35710, 413e678e-a618-4c92-927e-441fcc799019:192.168.69.67:40351, ccb54c7c-d652-4a32-8fba-bee4dbf2a7ee:192.168.69.67:36515], old=null
2019-10-18 08:15:17,659 [pool-27-thread-1] INFO  impl.RaftServerImpl (RaftServerImpl.java:setRole(184)) - 413e678e-a618-4c92-927e-441fcc799019@group-F971E7EEC70F: changes role from      null to FOLLOWER at term 0 for startAsFollower
2019-10-18 08:15:17,659 [pool-27-thread-1] INFO  impl.RoleInfo (RoleInfo.java:updateAndGet(143)) - 413e678e-a618-4c92-927e-441fcc799019: start FollowerState
2019-10-18 08:15:17,660 [pool-27-thread-1] INFO  util.JmxRegister (JmxRegister.java:tryRegister(44)) - Successfully registered JMX Bean with object name Ratis:service=RaftServer,group=group-F971E7EEC70F,id=413e678e-a618-4c92-927e-441fcc799019
2019-10-18 08:15:17,661 [pool-37-thread-1] INFO  impl.RaftServerImpl (RaftServerImpl.java:start(195)) - ccb54c7c-d652-4a32-8fba-bee4dbf2a7ee@group-F971E7EEC70F: start as a follower, conf=-1: [de33c61e-1baa-412c-a678-1642e68dfdea:192.168.69.67:35710, 413e678e-a618-4c92-927e-441fcc799019:192.168.69.67:40351, ccb54c7c-d652-4a32-8fba-bee4dbf2a7ee:192.168.69.67:36515], old=null
2019-10-18 08:15:17,662 [pool-37-thread-1] INFO  impl.RaftServerImpl (RaftServerImpl.java:setRole(184)) - ccb54c7c-d652-4a32-8fba-bee4dbf2a7ee@group-F971E7EEC70F: changes role from      null to FOLLOWER at term 0 for startAsFollower
2019-10-18 08:15:17,662 [pool-37-thread-1] INFO  impl.RoleInfo (RoleInfo.java:updateAndGet(143)) - ccb54c7c-d652-4a32-8fba-bee4dbf2a7ee: start FollowerState
2019-10-18 08:15:17,664 [pool-37-thread-1] INFO  util.JmxRegister (JmxRegister.java:tryRegister(44)) - Successfully registered JMX Bean with object name Ratis:service=RaftServer,group=group-F971E7EEC70F,id=ccb54c7c-d652-4a32-8fba-bee4dbf2a7ee
2019-10-18 08:15:17,673 [Thread-482] INFO  impl.FollowerState (FollowerState.java:run(108)) - de33c61e-1baa-412c-a678-1642e68dfdea@group-F971E7EEC70F-FollowerState: change to CANDIDATE, lastRpcTime:19ms, electionTimeout:17ms
2019-10-18 08:15:17,673 [Thread-482] INFO  impl.RoleInfo (RoleInfo.java:shutdownFollowerState(121)) - de33c61e-1baa-412c-a678-1642e68dfdea: shutdown FollowerState
2019-10-18 08:15:17,673 [Thread-482] INFO  impl.RaftServerImpl (RaftServerImpl.java:setRole(184)) - de33c61e-1baa-412c-a678-1642e68dfdea@group-F971E7EEC70F: changes role from  FOLLOWER to CANDIDATE at term 0 for changeToCandidate
2019-10-18 08:15:17,674 [Thread-482] INFO  impl.RoleInfo (RoleInfo.java:updateAndGet(143)) - de33c61e-1baa-412c-a678-1642e68dfdea: start LeaderElection
2019-10-18 08:15:17,679 [RatisPipelineUtilsThread] INFO  pipeline.PipelineStateManager (PipelineStateManager.java:addPipeline(55)) - Created pipeline Pipeline[ Id: 802f09a3-7107-4977-bdc0-f971e7eec70f, Nodes: de33c61e-1baa-412c-a678-1642e68dfdea{ip: 192.168.69.67, host: pr-hdds-1868-wx8dl-4219780377, networkLocation: /default-rack, certSerialId: null}413e678e-a618-4c92-927e-441fcc799019{ip: 192.168.69.67, host: pr-hdds-1868-wx8dl-4219780377, networkLocation: /default-rack, certSerialId: null}ccb54c7c-d652-4a32-8fba-bee4dbf2a7ee{ip: 192.168.69.67, host: pr-hdds-1868-wx8dl-4219780377, networkLocation: /default-rack, certSerialId: null}, Type:RATIS, Factor:THREE, State:ALLOCATED]
2019-10-18 08:15:17,691 [de33c61e-1baa-412c-a678-1642e68dfdea@group-F971E7EEC70F-LeaderElection7] INFO  impl.LeaderElection (LeaderElection.java:askForVotes(178)) - de33c61e-1baa-412c-a678-1642e68dfdea@group-F971E7EEC70F-LeaderElection7: begin an election at term 1 for -1: [de33c61e-1baa-412c-a678-1642e68dfdea:192.168.69.67:35710, 413e678e-a618-4c92-927e-441fcc799019:192.168.69.67:40351, ccb54c7c-d652-4a32-8fba-bee4dbf2a7ee:192.168.69.67:36515], old=null
2019-10-18 08:15:17,701 [grpc-default-executor-3] INFO  impl.RaftServerImpl (RaftServerImpl.java:setRole(184)) - 413e678e-a618-4c92-927e-441fcc799019@group-F971E7EEC70F: changes role from  FOLLOWER to FOLLOWER at term 1 for recognizeCandidate:de33c61e-1baa-412c-a678-1642e68dfdea
2019-10-18 08:15:17,702 [grpc-default-executor-3] INFO  impl.RoleInfo (RoleInfo.java:shutdownFollowerState(121)) - 413e678e-a618-4c92-927e-441fcc799019: shutdown FollowerState
2019-10-18 08:15:17,702 [grpc-default-executor-3] INFO  impl.RoleInfo (RoleInfo.java:updateAndGet(143)) - 413e678e-a618-4c92-927e-441fcc799019: start FollowerState
2019-10-18 08:15:17,702 [Thread-483] INFO  impl.FollowerState (FollowerState.java:run(117)) - 413e678e-a618-4c92-927e-441fcc799019@group-F971E7EEC70F-FollowerState was interrupted: java.lang.InterruptedException: sleep interrupted
2019-10-18 08:15:17,704 [grpc-default-executor-2] INFO  impl.RaftServerImpl (RaftServerImpl.java:setRole(184)) - ccb54c7c-d652-4a32-8fba-bee4dbf2a7ee@group-F971E7EEC70F: changes role from  FOLLOWER to FOLLOWER at term 1 for recognizeCandidate:de33c61e-1baa-412c-a678-1642e68dfdea
2019-10-18 08:15:17,705 [grpc-default-executor-2] INFO  impl.RoleInfo (RoleInfo.java:shutdownFollowerState(121)) - ccb54c7c-d652-4a32-8fba-bee4dbf2a7ee: shutdown FollowerState
2019-10-18 08:15:17,706 [Thread-485] INFO  impl.FollowerState (FollowerState.java:run(117)) - ccb54c7c-d652-4a32-8fba-bee4dbf2a7ee@group-F971E7EEC70F-FollowerState was interrupted: java.lang.InterruptedException: sleep interrupted
2019-10-18 08:15:17,706 [grpc-default-executor-2] INFO  impl.RoleInfo (RoleInfo.java:updateAndGet(143)) - ccb54c7c-d652-4a32-8fba-bee4dbf2a7ee: start FollowerState
2019-10-18 08:15:17,724 [main] INFO  freon.RandomKeyGenerator (RandomKeyGenerator.java:call(283)) - Number of Threads: 10
2019-10-18 08:15:17,724 [main] INFO  freon.RandomKeyGenerator (RandomKeyGenerator.java:call(288)) - Number of Volumes: 1.
2019-10-18 08:15:17,724 [main] INFO  freon.RandomKeyGenerator (RandomKeyGenerator.java:call(289)) - Number of Buckets per Volume: 1.
2019-10-18 08:15:17,724 [main] INFO  freon.RandomKeyGenerator (RandomKeyGenerator.java:call(290)) - Number of Keys per Bucket: 1.
2019-10-18 08:15:17,724 [main] INFO  freon.RandomKeyGenerator (RandomKeyGenerator.java:call(291)) - Key size: 20971520 bytes
2019-10-18 08:15:17,724 [main] INFO  freon.RandomKeyGenerator (RandomKeyGenerator.java:call(292)) - Buffer size: 4096 bytes
2019-10-18 08:15:17,724 [main] INFO  freon.RandomKeyGenerator (RandomKeyGenerator.java:call(293)) - validateWrites : true
2019-10-18 08:15:17,726 [main] INFO  freon.RandomKeyGenerator (RandomKeyGenerator.java:call(307)) - Data validation is enabled.
2019-10-18 08:15:17,726 [main] INFO  freon.RandomKeyGenerator (RandomKeyGenerator.java:call(313)) - Starting progress bar Thread.

2019-10-18 08:15:17,727 [pool-59-thread-1] INFO  rpc.RpcClient (RpcClient.java:createVolume(272)) - Creating Volume: vol-0-83957, with jenkins1000 as owner.
 0.00% |?                                                                                                    |  0/1 Time: 0:00:002019-10-18 08:15:17,731 [Thread-491] INFO  impl.FollowerState (FollowerState.java:run(108)) - 413e678e-a618-4c92-927e-441fcc799019@group-F971E7EEC70F-FollowerState: change to CANDIDATE, lastRpcTime:28ms, electionTimeout:23ms
2019-10-18 08:15:17,731 [Thread-491] INFO  impl.RoleInfo (RoleInfo.java:shutdownFollowerState(121)) - 413e678e-a618-4c92-927e-441fcc799019: shutdown FollowerState
2019-10-18 08:15:17,732 [Thread-491] INFO  impl.RaftServerImpl (RaftServerImpl.java:setRole(184)) - 413e678e-a618-4c92-927e-441fcc799019@group-F971E7EEC70F: changes role from  FOLLOWER to CANDIDATE at term 1 for changeToCandidate
2019-10-18 08:15:17,733 [Thread-491] INFO  impl.RoleInfo (RoleInfo.java:updateAndGet(143)) - 413e678e-a618-4c92-927e-441fcc799019: start LeaderElection
2019-10-18 08:15:17,736 [de33c61e-1baa-412c-a678-1642e68dfdea@group-F971E7EEC70F-LeaderElection7] INFO  impl.LeaderElection (LeaderElection.java:logAndReturn(56)) - de33c61e-1baa-412c-a678-1642e68dfdea@group-F971E7EEC70F-LeaderElection7: Election PASSED; received 1 response(s) [de33c61e-1baa-412c-a678-1642e68dfdea<-ccb54c7c-d652-4a32-8fba-bee4dbf2a7ee#0:OK-t1] and 0 exception(s); de33c61e-1baa-412c-a678-1642e68dfdea@group-F971E7EEC70F:t1, leader=null, voted=de33c61e-1baa-412c-a678-1642e68dfdea, raftlog=de33c61e-1baa-412c-a678-1642e68dfdea@group-F971E7EEC70F-SegmentedRaftLog:OPENED:c-1,f-1,i0, conf=-1: [de33c61e-1baa-412c-a678-1642e68dfdea:192.168.69.67:35710, 413e678e-a618-4c92-927e-441fcc799019:192.168.69.67:40351, ccb54c7c-d652-4a32-8fba-bee4dbf2a7ee:192.168.69.67:36515], old=null
2019-10-18 08:15:17,737 [de33c61e-1baa-412c-a678-1642e68dfdea@group-F971E7EEC70F-LeaderElection7] INFO  impl.RoleInfo (RoleInfo.java:shutdownLeaderElection(134)) - de33c61e-1baa-412c-a678-1642e68dfdea: shutdown LeaderElection
2019-10-18 08:15:17,737 [de33c61e-1baa-412c-a678-1642e68dfdea@group-F971E7EEC70F-LeaderElection7] INFO  impl.RaftServerImpl (RaftServerImpl.java:setRole(184)) - de33c61e-1baa-412c-a678-1642e68dfdea@group-F971E7EEC70F: changes role from CANDIDATE to LEADER at term 1 for changeToLeader
2019-10-18 08:15:17,738 [de33c61e-1baa-412c-a678-1642e68dfdea@group-F971E7EEC70F-LeaderElection7] INFO  ratis.XceiverServerRatis (XceiverServerRatis.java:handleLeaderChangedNotification(699)) - Leader change notification received for group: group-F971E7EEC70F with new leaderId: de33c61e-1baa-412c-a678-1642e68dfdea
2019-10-18 08:15:17,739 [de33c61e-1baa-412c-a678-1642e68dfdea@group-F971E7EEC70F-LeaderElection7] INFO  impl.RaftServerImpl (ServerState.java:setLeader(256)) - de33c61e-1baa-412c-a678-1642e68dfdea@group-F971E7EEC70F: change Leader from null to de33c61e-1baa-412c-a678-1642e68dfdea at term 1 for becomeLeader, leader elected after 96ms
2019-10-18 08:15:17,739 [de33c61e-1baa-412c-a678-1642e68dfdea@group-F971E7EEC70F-LeaderElection7] INFO  server.RaftServerConfigKeys (ConfUtils.java:logGet(43)) - raft.server.staging.catchup.gap = 1000 (default)
2019-10-18 08:15:17,739 [de33c61e-1baa-412c-a678-1642e68dfdea@group-F971E7EEC70F-LeaderElection7] INFO  server.RaftServerConfigKeys (ConfUtils.java:logGet(43)) - raft.server.rpc.sleep.time = 25ms (default)
2019-10-18 08:15:17,739 [IPC Server handler 0 on 45627] INFO  volume.OMVolumeCreateRequest (OMVolumeCreateRequest.java:validateAndUpdateCache(193)) - created volume:vol-0-83957 for user:jenkins1000
2019-10-18 08:15:17,741 [de33c61e-1baa-412c-a678-1642e68dfdea@group-F971E7EEC70F-LeaderElection7] INFO  server.RaftServerConfigKeys (ConfUtils.java:logGet(43)) - raft.server.write.element-limit = 4096 (default)
2019-10-18 08:15:17,741 [de33c61e-1baa-412c-a678-1642e68dfdea@group-F971E7EEC70F-LeaderElection7] INFO  server.RaftServerConfigKeys (ConfUtils.java:logGet(43)) - raft.server.watch.timeout = 10s (default)
2019-10-18 08:15:17,742 [de33c61e-1baa-412c-a678-1642e68dfdea@group-F971E7EEC70F-LeaderElection7] INFO  server.RaftServerConfigKeys (ConfUtils.java:logGet(43)) - raft.server.watch.timeout.denomination = 1s (default)
2019-10-18 08:15:17,742 [de33c61e-1baa-412c-a678-1642e68dfdea@group-F971E7EEC70F-LeaderElection7] INFO  server.RaftServerConfigKeys (ConfUtils.java:logGet(43)) - raft.server.watch.element-limit = 65536 (default)
2019-10-18 08:15:17,742 [EventQueue-PipelineReportForPipelineReportHandler] INFO  pipeline.PipelineReportHandler (PipelineReportHandler.java:processPipelineReport(119)) - Pipeline PipelineID=802f09a3-7107-4977-bdc0-f971e7eec70f reported by de33c61e-1baa-412c-a678-1642e68dfdea{ip: 192.168.69.67, host: pr-hdds-1868-wx8dl-4219780377, networkLocation: /default-rack, certSerialId: null} with leaderId de33c61e-1baa-412c-a678-1642e68dfdea
2019-10-18 08:15:17,749 [pool-59-thread-2] INFO  rpc.RpcClient (RpcClient.java:createBucket(411)) - Creating Bucket: vol-0-83957/bucket-0-19356, with Versioning false and Storage Type set to DISK and Encryption set to false 
2019-10-18 08:15:17,750 [de33c61e-1baa-412c-a678-1642e68dfdea@group-F971E7EEC70F-LeaderElection7] INFO  server.RaftServerConfigKeys (ConfUtils.java:logGet(43)) - raft.server.log.appender.snapshot.chunk.size.max = 16MB (=16777216) (default)
2019-10-18 08:15:17,750 [de33c61e-1baa-412c-a678-1642e68dfdea@group-F971E7EEC70F-LeaderElection7] INFO  server.RaftServerConfigKeys (ConfUtils.java:logGet(43)) - raft.server.log.appender.buffer.byte-limit = 33554432 (custom)
2019-10-18 08:15:17,750 [de33c61e-1baa-412c-a678-1642e68dfdea@group-F971E7EEC70F-LeaderElection7] INFO  server.RaftServerConfigKeys (ConfUtils.java:logGet(43)) - raft.server.log.appender.buffer.element-limit = 1 (custom)
2019-10-18 08:15:17,750 [413e678e-a618-4c92-927e-441fcc799019@group-F971E7EEC70F-LeaderElection8] INFO  impl.LeaderElection (LeaderElection.java:askForVotes(178)) - 413e678e-a618-4c92-927e-441fcc799019@group-F971E7EEC70F-LeaderElection8: begin an election at term 2 for -1: [de33c61e-1baa-412c-a678-1642e68dfdea:192.168.69.67:35710, 413e678e-a618-4c92-927e-441fcc799019:192.168.69.67:40351, ccb54c7c-d652-4a32-8fba-bee4dbf2a7ee:192.168.69.67:36515], old=null
2019-10-18 08:15:17,751 [de33c61e-1baa-412c-a678-1642e68dfdea@group-F971E7EEC70F-LeaderElection7] INFO  grpc.GrpcConfigKeys$Server (ConfUtils.java:logGet(43)) - raft.grpc.server.leader.outstanding.appends.max = 128 (default)
2019-10-18 08:15:17,751 [de33c61e-1baa-412c-a678-1642e68dfdea@group-F971E7EEC70F-LeaderElection7] INFO  server.RaftServerConfigKeys (ConfUtils.java:logGet(43)) - raft.server.rpc.request.timeout = 3000ms (default)
2019-10-18 08:15:17,751 [de33c61e-1baa-412c-a678-1642e68dfdea@group-F971E7EEC70F-LeaderElection7] INFO  server.RaftServerConfigKeys (ConfUtils.java:logGet(43)) - raft.server.log.appender.install.snapshot.enabled = false (custom)
2019-10-18 08:15:17,756 [de33c61e-1baa-412c-a678-1642e68dfdea@group-F971E7EEC70F-LeaderElection7] INFO  server.RaftServerConfigKeys (ConfUtils.java:logGet(43)) - raft.server.log.appender.snapshot.chunk.size.max = 16MB (=16777216) (default)
2019-10-18 08:15:17,757 [de33c61e-1baa-412c-a678-1642e68dfdea@group-F971E7EEC70F-LeaderElection7] INFO  server.RaftServerConfigKeys (ConfUtils.java:logGet(43)) - raft.server.log.appender.buffer.byte-limit = 33554432 (custom)
2019-10-18 08:15:17,757 [de33c61e-1baa-412c-a678-1642e68dfdea@group-F971E7EEC70F-LeaderElection7] INFO  server.RaftServerConfigKeys (ConfUtils.java:logGet(43)) - raft.server.log.appender.buffer.element-limit = 1 (custom)
2019-10-18 08:15:17,757 [de33c61e-1baa-412c-a678-1642e68dfdea@group-F971E7EEC70F-LeaderElection7] INFO  grpc.GrpcConfigKeys$Server (ConfUtils.java:logGet(43)) - raft.grpc.server.leader.outstanding.appends.max = 128 (default)
2019-10-18 08:15:17,759 [de33c61e-1baa-412c-a678-1642e68dfdea@group-F971E7EEC70F-LeaderElection7] INFO  server.RaftServerConfigKeys (ConfUtils.java:logGet(43)) - raft.server.rpc.request.timeout = 3000ms (default)
2019-10-18 08:15:17,759 [de33c61e-1baa-412c-a678-1642e68dfdea@group-F971E7EEC70F-LeaderElection7] INFO  server.RaftServerConfigKeys (ConfUtils.java:logGet(43)) - raft.server.log.appender.install.snapshot.enabled = false (custom)
2019-10-18 08:15:17,763 [grpc-default-executor-2] INFO  impl.RaftServerImpl (RaftServerImpl.java:setRole(184)) - ccb54c7c-d652-4a32-8fba-bee4dbf2a7ee@group-F971E7EEC70F: changes role from  FOLLOWER to FOLLOWER at term 2 for recognizeCandidate:413e678e-a618-4c92-927e-441fcc799019
2019-10-18 08:15:17,763 [grpc-default-executor-2] INFO  impl.RoleInfo (RoleInfo.java:shutdownFollowerState(121)) - ccb54c7c-d652-4a32-8fba-bee4dbf2a7ee: shutdown FollowerState
2019-10-18 08:15:17,763 [Thread-492] INFO  impl.FollowerState (FollowerState.java:run(117)) - ccb54c7c-d652-4a32-8fba-bee4dbf2a7ee@group-F971E7EEC70F-FollowerState was interrupted: java.lang.InterruptedException: sleep interrupted
2019-10-18 08:15:17,763 [grpc-default-executor-2] INFO  impl.RoleInfo (RoleInfo.java:updateAndGet(143)) - ccb54c7c-d652-4a32-8fba-bee4dbf2a7ee: start FollowerState
2019-10-18 08:15:17,766 [de33c61e-1baa-412c-a678-1642e68dfdea@group-F971E7EEC70F-LeaderElection7] INFO  impl.RoleInfo (RoleInfo.java:updateAndGet(143)) - de33c61e-1baa-412c-a678-1642e68dfdea: start LeaderState
2019-10-18 08:15:17,766 [de33c61e-1baa-412c-a678-1642e68dfdea@group-F971E7EEC70F-LeaderElection7] INFO  segmented.SegmentedRaftLogWorker (SegmentedRaftLogWorker.java:startLogSegment(385)) - de33c61e-1baa-412c-a678-1642e68dfdea@group-F971E7EEC70F-SegmentedRaftLogWorker: Starting segment from index:0
2019-10-18 08:15:17,767 [de33c61e-1baa-412c-a678-1642e68dfdea@group-F971E7EEC70F-LeaderElection7] INFO  impl.RaftServerImpl (ServerState.java:setRaftConf(357)) - de33c61e-1baa-412c-a678-1642e68dfdea@group-F971E7EEC70F: set configuration 0: [de33c61e-1baa-412c-a678-1642e68dfdea:192.168.69.67:35710, 413e678e-a618-4c92-927e-441fcc799019:192.168.69.67:40351, ccb54c7c-d652-4a32-8fba-bee4dbf2a7ee:192.168.69.67:36515], old=null at 0
2019-10-18 08:15:17,805 [grpc-default-executor-3] INFO  impl.RaftServerImpl (ServerState.java:setLeader(256)) - de33c61e-1baa-412c-a678-1642e68dfdea@group-F971E7EEC70F: change Leader from de33c61e-1baa-412c-a678-1642e68dfdea to null at term 2 for updateCurrentTerm
2019-10-18 08:15:17,806 [413e678e-a618-4c92-927e-441fcc799019@group-F971E7EEC70F-LeaderElection8] INFO  impl.LeaderElection (LeaderElection.java:logAndReturn(56)) - 413e678e-a618-4c92-927e-441fcc799019@group-F971E7EEC70F-LeaderElection8: Election TIMEOUT; received 0 response(s) [] and 0 exception(s); 413e678e-a618-4c92-927e-441fcc799019@group-F971E7EEC70F:t2, leader=null, voted=413e678e-a618-4c92-927e-441fcc799019, raftlog=413e678e-a618-4c92-927e-441fcc799019@group-F971E7EEC70F-SegmentedRaftLog:OPENED:c-1,f-1,i0, conf=-1: [de33c61e-1baa-412c-a678-1642e68dfdea:192.168.69.67:35710, 413e678e-a618-4c92-927e-441fcc799019:192.168.69.67:40351, ccb54c7c-d652-4a32-8fba-bee4dbf2a7ee:192.168.69.67:36515], old=null
2019-10-18 08:15:17,806 [grpc-default-executor-3] INFO  impl.RaftServerImpl (RaftServerImpl.java:setRole(184)) - de33c61e-1baa-412c-a678-1642e68dfdea@group-F971E7EEC70F: changes role from    LEADER to FOLLOWER at term 2 for recognizeCandidate:413e678e-a618-4c92-927e-441fcc799019
2019-10-18 08:15:17,807 [grpc-default-executor-3] INFO  impl.RoleInfo (RoleInfo.java:shutdownLeaderState(104)) - de33c61e-1baa-412c-a678-1642e68dfdea: shutdown LeaderState
2019-10-18 08:15:17,809 [grpc-default-executor-3] INFO  impl.PendingRequests (PendingRequests.java:sendNotLeaderResponses(202)) - de33c61e-1baa-412c-a678-1642e68dfdea@group-F971E7EEC70F-PendingRequests: sendNotLeaderResponses
2019-10-18 08:15:17,810 [org.apache.ratis.server.impl.LogAppender$AppenderDaemon$$Lambda$445/378446144@9f06970] WARN  server.GrpcLogAppender (GrpcLogAppender.java:mayWait(149)) - de33c61e-1baa-412c-a678-1642e68dfdea@group-F971E7EEC70F->ccb54c7c-d652-4a32-8fba-bee4dbf2a7ee-GrpcLogAppender: Wait interrupted by java.lang.InterruptedException
2019-10-18 08:15:17,811 [org.apache.ratis.server.impl.LogAppender$AppenderDaemon$$Lambda$445/378446144@3882b440] WARN  server.GrpcLogAppender (GrpcLogAppender.java:mayWait(149)) - de33c61e-1baa-412c-a678-1642e68dfdea@group-F971E7EEC70F->413e678e-a618-4c92-927e-441fcc799019-GrpcLogAppender: Wait interrupted by java.lang.InterruptedException
2019-10-18 08:15:17,813 [grpc-default-executor-3] INFO  impl.RoleInfo (RoleInfo.java:updateAndGet(143)) - de33c61e-1baa-412c-a678-1642e68dfdea: start FollowerState
2019-10-18 08:15:17,816 [grpc-default-executor-0] INFO  server.GrpcServerProtocolService (GrpcServerProtocolService.java:onCompleted(113)) - ccb54c7c-d652-4a32-8fba-bee4dbf2a7ee: Completed APPEND_ENTRIES, lastRequest: null
2019-10-18 08:15:17,816 [grpc-default-executor-1] INFO  server.GrpcServerProtocolService (GrpcServerProtocolService.java:onCompleted(113)) - 413e678e-a618-4c92-927e-441fcc799019: Completed APPEND_ENTRIES, lastRequest: null
2019-10-18 08:15:17,817 [grpc-default-executor-0] INFO  server.GrpcLogAppender (GrpcLogAppender.java:onCompleted(308)) - de33c61e-1baa-412c-a678-1642e68dfdea@group-F971E7EEC70F->ccb54c7c-d652-4a32-8fba-bee4dbf2a7ee-AppendLogResponseHandler: follower responses appendEntries COMPLETED
2019-10-18 08:15:17,818 [grpc-default-executor-1] INFO  server.GrpcLogAppender (GrpcLogAppender.java:onCompleted(308)) - de33c61e-1baa-412c-a678-1642e68dfdea@group-F971E7EEC70F->413e678e-a618-4c92-927e-441fcc799019-AppendLogResponseHandler: follower responses appendEntries COMPLETED
2019-10-18 08:15:17,819 [de33c61e-1baa-412c-a678-1642e68dfdea@group-F971E7EEC70F-SegmentedRaftLogWorker] INFO  segmented.SegmentedRaftLogWorker (SegmentedRaftLogWorker.java:execute(576)) - de33c61e-1baa-412c-a678-1642e68dfdea@group-F971E7EEC70F-SegmentedRaftLogWorker: created new log segment /workdir/hadoop-ozone/tools/target/test-dir/MiniOzoneClusterImpl-73343d47-350e-4161-ad34-574c9e7c486b/datanode-2/data/ratis/802f09a3-7107-4977-bdc0-f971e7eec70f/current/log_inprogress_0
2019-10-18 08:15:17,819 [413e678e-a618-4c92-927e-441fcc799019@group-F971E7EEC70F-LeaderElection8] INFO  impl.LeaderElection (LeaderElection.java:askForVotes(178)) - 413e678e-a618-4c92-927e-441fcc799019@group-F971E7EEC70F-LeaderElection8: begin an election at term 3 for -1: [de33c61e-1baa-412c-a678-1642e68dfdea:192.168.69.67:35710, 413e678e-a618-4c92-927e-441fcc799019:192.168.69.67:40351, ccb54c7c-d652-4a32-8fba-bee4dbf2a7ee:192.168.69.67:36515], old=null
2019-10-18 08:15:17,821 [grpc-default-executor-0] INFO  impl.FollowerInfo (FollowerInfo.java:lambda$new$0(51)) - de33c61e-1baa-412c-a678-1642e68dfdea@group-F971E7EEC70F->ccb54c7c-d652-4a32-8fba-bee4dbf2a7ee: nextIndex: updateUnconditionally 0 -> 0
2019-10-18 08:15:17,821 [grpc-default-executor-1] INFO  impl.FollowerInfo (FollowerInfo.java:lambda$new$0(51)) - de33c61e-1baa-412c-a678-1642e68dfdea@group-F971E7EEC70F->413e678e-a618-4c92-927e-441fcc799019: nextIndex: updateUnconditionally 0 -> 0
2019-10-18 08:15:17,827 [IPC Server handler 13 on 37897] WARN  block.BlockManagerImpl (BlockManagerImpl.java:allocateBlock(200)) - Pipeline creation failed for type:RATIS factor:THREE. Retrying get pipelines call once.
org.apache.hadoop.hdds.scm.pipeline.InsufficientDatanodesException: Cannot create pipeline of factor 3 using 0 nodes.
	at org.apache.hadoop.hdds.scm.pipeline.RatisPipelineProvider.create(RatisPipelineProvider.java:153)
	at org.apache.hadoop.hdds.scm.pipeline.PipelineFactory.create(PipelineFactory.java:58)
	at org.apache.hadoop.hdds.scm.pipeline.SCMPipelineManager.createPipeline(SCMPipelineManager.java:155)
	at org.apache.hadoop.hdds.scm.block.BlockManagerImpl.allocateBlock(BlockManagerImpl.java:198)
	at org.apache.hadoop.hdds.scm.server.SCMBlockProtocolServer.allocateBlock(SCMBlockProtocolServer.java:182)
	at org.apache.hadoop.hdds.scm.protocol.ScmBlockLocationProtocolServerSideTranslatorPB.allocateScmBlock(ScmBlockLocationProtocolServerSideTranslatorPB.java:159)
	at org.apache.hadoop.hdds.scm.protocol.ScmBlockLocationProtocolServerSideTranslatorPB.processMessage(ScmBlockLocationProtocolServerSideTranslatorPB.java:117)
	at org.apache.hadoop.hdds.server.OzoneProtocolMessageDispatcher.processRequest(OzoneProtocolMessageDispatcher.java:72)
	at org.apache.hadoop.hdds.scm.protocol.ScmBlockLocationProtocolServerSideTranslatorPB.send(ScmBlockLocationProtocolServerSideTranslatorPB.java:98)
	at org.apache.hadoop.hdds.protocol.proto.ScmBlockLocationProtocolProtos$ScmBlockLocationProtocolService$2.callBlockingMethod(ScmBlockLocationProtocolProtos.java:13157)
	at org.apache.hadoop.ipc.ProtobufRpcEngine$Server$ProtoBufRpcInvoker.call(ProtobufRpcEngine.java:524)
	at org.apache.hadoop.ipc.RPC$Server.call(RPC.java:1025)
	at org.apache.hadoop.ipc.Server$RpcCall.run(Server.java:876)
	at org.apache.hadoop.ipc.Server$RpcCall.run(Server.java:822)
	at java.security.AccessController.doPrivileged(Native Method)
	at javax.security.auth.Subject.doAs(Subject.java:422)
	at org.apache.hadoop.security.UserGroupInformation.doAs(UserGroupInformation.java:1730)
	at org.apache.hadoop.ipc.Server$Handler.run(Server.java:2682)
2019-10-18 08:15:17,829 [grpc-default-executor-0] INFO  impl.RaftServerImpl (RaftServerImpl.java:setRole(184)) - de33c61e-1baa-412c-a678-1642e68dfdea@group-F971E7EEC70F: changes role from  FOLLOWER to FOLLOWER at term 3 for recognizeCandidate:413e678e-a618-4c92-927e-441fcc799019
2019-10-18 08:15:17,831 [grpc-default-executor-0] INFO  impl.RoleInfo (RoleInfo.java:shutdownFollowerState(121)) - de33c61e-1baa-412c-a678-1642e68dfdea: shutdown FollowerState
2019-10-18 08:15:17,829 [grpc-default-executor-1] INFO  impl.RaftServerImpl (RaftServerImpl.java:setRole(184)) - ccb54c7c-d652-4a32-8fba-bee4dbf2a7ee@group-F971E7EEC70F: changes role from  FOLLOWER to FOLLOWER at term 3 for recognizeCandidate:413e678e-a618-4c92-927e-441fcc799019
2019-10-18 08:15:17,832 [grpc-default-executor-0] INFO  impl.RoleInfo (RoleInfo.java:updateAndGet(143)) - de33c61e-1baa-412c-a678-1642e68dfdea: start FollowerState
2019-10-18 08:15:17,832 [Thread-503] INFO  impl.FollowerState (FollowerState.java:run(117)) - de33c61e-1baa-412c-a678-1642e68dfdea@group-F971E7EEC70F-FollowerState was interrupted: java.lang.InterruptedException: sleep interrupted
2019-10-18 08:15:17,831 [IPC Server handler 13 on 37897] INFO  block.BlockManagerImpl (BlockManagerImpl.java:allocateBlock(212)) - Could not find available pipeline of type:RATIS and factor:THREE even after retrying
2019-10-18 08:15:17,832 [grpc-default-executor-1] INFO  impl.RoleInfo (RoleInfo.java:shutdownFollowerState(121)) - ccb54c7c-d652-4a32-8fba-bee4dbf2a7ee: shutdown FollowerState
2019-10-18 08:15:17,833 [IPC Server handler 13 on 37897] ERROR block.BlockManagerImpl (BlockManagerImpl.java:allocateBlock(236)) - Unable to allocate a block for the size: 4194304, type: RATIS, factor: THREE
2019-10-18 08:15:17,834 [Thread-502] INFO  impl.FollowerState (FollowerState.java:run(117)) - ccb54c7c-d652-4a32-8fba-bee4dbf2a7ee@group-F971E7EEC70F-FollowerState was interrupted: java.lang.InterruptedException: sleep interrupted
2019-10-18 08:15:17,834 [grpc-default-executor-1] INFO  impl.RoleInfo (RoleInfo.java:updateAndGet(143)) - ccb54c7c-d652-4a32-8fba-bee4dbf2a7ee: start FollowerState
2019-10-18 08:15:17,835 [IPC Server handler 13 on 37897] WARN  block.BlockManagerImpl (BlockManagerImpl.java:allocateBlock(200)) - Pipeline creation failed for type:RATIS factor:THREE. Retrying get pipelines call once.
org.apache.hadoop.hdds.scm.pipeline.InsufficientDatanodesException: Cannot create pipeline of factor 3 using 0 nodes.
	at org.apache.hadoop.hdds.scm.pipeline.RatisPipelineProvider.create(RatisPipelineProvider.java:153)
	at org.apache.hadoop.hdds.scm.pipeline.PipelineFactory.create(PipelineFactory.java:58)
	at org.apache.hadoop.hdds.scm.pipeline.SCMPipelineManager.createPipeline(SCMPipelineManager.java:155)
	at org.apache.hadoop.hdds.scm.block.BlockManagerImpl.allocateBlock(BlockManagerImpl.java:198)
	at org.apache.hadoop.hdds.scm.server.SCMBlockProtocolServer.allocateBlock(SCMBlockProtocolServer.java:182)
	at org.apache.hadoop.hdds.scm.protocol.ScmBlockLocationProtocolServerSideTranslatorPB.allocateScmBlock(ScmBlockLocationProtocolServerSideTranslatorPB.java:159)
	at org.apache.hadoop.hdds.scm.protocol.ScmBlockLocationProtocolServerSideTranslatorPB.processMessage(ScmBlockLocationProtocolServerSideTranslatorPB.java:117)
	at org.apache.hadoop.hdds.server.OzoneProtocolMessageDispatcher.processRequest(OzoneProtocolMessageDispatcher.java:72)
	at org.apache.hadoop.hdds.scm.protocol.ScmBlockLocationProtocolServerSideTranslatorPB.send(ScmBlockLocationProtocolServerSideTranslatorPB.java:98)
	at org.apache.hadoop.hdds.protocol.proto.ScmBlockLocationProtocolProtos$ScmBlockLocationProtocolService$2.callBlockingMethod(ScmBlockLocationProtocolProtos.java:13157)
	at org.apache.hadoop.ipc.ProtobufRpcEngine$Server$ProtoBufRpcInvoker.call(ProtobufRpcEngine.java:524)
	at org.apache.hadoop.ipc.RPC$Server.call(RPC.java:1025)
	at org.apache.hadoop.ipc.Server$RpcCall.run(Server.java:876)
	at org.apache.hadoop.ipc.Server$RpcCall.run(Server.java:822)
	at java.security.AccessController.doPrivileged(Native Method)
	at javax.security.auth.Subject.doAs(Subject.java:422)
	at org.apache.hadoop.security.UserGroupInformation.doAs(UserGroupInformation.java:1730)
	at org.apache.hadoop.ipc.Server$Handler.run(Server.java:2682)
2019-10-18 08:15:17,836 [IPC Server handler 13 on 37897] INFO  block.BlockManagerImpl (BlockManagerImpl.java:allocateBlock(212)) - Could not find available pipeline of type:RATIS and factor:THREE even after retrying
2019-10-18 08:15:17,836 [IPC Server handler 13 on 37897] ERROR block.BlockManagerImpl (BlockManagerImpl.java:allocateBlock(236)) - Unable to allocate a block for the size: 4194304, type: RATIS, factor: THREE
2019-10-18 08:15:17,836 [IPC Server handler 13 on 37897] WARN  block.BlockManagerImpl (BlockManagerImpl.java:allocateBlock(200)) - Pipeline creation failed for type:RATIS factor:THREE. Retrying get pipelines call once.
org.apache.hadoop.hdds.scm.pipeline.InsufficientDatanodesException: Cannot create pipeline of factor 3 using 0 nodes.
	at org.apache.hadoop.hdds.scm.pipeline.RatisPipelineProvider.create(RatisPipelineProvider.java:153)
	at org.apache.hadoop.hdds.scm.pipeline.PipelineFactory.create(PipelineFactory.java:58)
	at org.apache.hadoop.hdds.scm.pipeline.SCMPipelineManager.createPipeline(SCMPipelineManager.java:155)
	at org.apache.hadoop.hdds.scm.block.BlockManagerImpl.allocateBlock(BlockManagerImpl.java:198)
	at org.apache.hadoop.hdds.scm.server.SCMBlockProtocolServer.allocateBlock(SCMBlockProtocolServer.java:182)
	at org.apache.hadoop.hdds.scm.protocol.ScmBlockLocationProtocolServerSideTranslatorPB.allocateScmBlock(ScmBlockLocationProtocolServerSideTranslatorPB.java:159)
	at org.apache.hadoop.hdds.scm.protocol.ScmBlockLocationProtocolServerSideTranslatorPB.processMessage(ScmBlockLocationProtocolServerSideTranslatorPB.java:117)
	at org.apache.hadoop.hdds.server.OzoneProtocolMessageDispatcher.processRequest(OzoneProtocolMessageDispatcher.java:72)
	at org.apache.hadoop.hdds.scm.protocol.ScmBlockLocationProtocolServerSideTranslatorPB.send(ScmBlockLocationProtocolServerSideTranslatorPB.java:98)
	at org.apache.hadoop.hdds.protocol.proto.ScmBlockLocationProtocolProtos$ScmBlockLocationProtocolService$2.callBlockingMethod(ScmBlockLocationProtocolProtos.java:13157)
	at org.apache.hadoop.ipc.ProtobufRpcEngine$Server$ProtoBufRpcInvoker.call(ProtobufRpcEngine.java:524)
	at org.apache.hadoop.ipc.RPC$Server.call(RPC.java:1025)
	at org.apache.hadoop.ipc.Server$RpcCall.run(Server.java:876)
	at org.apache.hadoop.ipc.Server$RpcCall.run(Server.java:822)
	at java.security.AccessController.doPrivileged(Native Method)
	at javax.security.auth.Subject.doAs(Subject.java:422)
	at org.apache.hadoop.security.UserGroupInformation.doAs(UserGroupInformation.java:1730)
	at org.apache.hadoop.ipc.Server$Handler.run(Server.java:2682)
2019-10-18 08:15:17,837 [IPC Server handler 13 on 37897] INFO  block.BlockManagerImpl (BlockManagerImpl.java:allocateBlock(212)) - Could not find available pipeline of type:RATIS and factor:THREE even after retrying
2019-10-18 08:15:17,837 [IPC Server handler 13 on 37897] ERROR block.BlockManagerImpl (BlockManagerImpl.java:allocateBlock(236)) - Unable to allocate a block for the size: 4194304, type: RATIS, factor: THREE
2019-10-18 08:15:17,838 [IPC Server handler 13 on 37897] WARN  block.BlockManagerImpl (BlockManagerImpl.java:allocateBlock(200)) - Pipeline creation failed for type:RATIS factor:THREE. Retrying get pipelines call once.
org.apache.hadoop.hdds.scm.pipeline.InsufficientDatanodesException: Cannot create pipeline of factor 3 using 0 nodes.
	at org.apache.hadoop.hdds.scm.pipeline.RatisPipelineProvider.create(RatisPipelineProvider.java:153)
	at org.apache.hadoop.hdds.scm.pipeline.PipelineFactory.create(PipelineFactory.java:58)
	at org.apache.hadoop.hdds.scm.pipeline.SCMPipelineManager.createPipeline(SCMPipelineManager.java:155)
	at org.apache.hadoop.hdds.scm.block.BlockManagerImpl.allocateBlock(BlockManagerImpl.java:198)
	at org.apache.hadoop.hdds.scm.server.SCMBlockProtocolServer.allocateBlock(SCMBlockProtocolServer.java:182)
	at org.apache.hadoop.hdds.scm.protocol.ScmBlockLocationProtocolServerSideTranslatorPB.allocateScmBlock(ScmBlockLocationProtocolServerSideTranslatorPB.java:159)
	at org.apache.hadoop.hdds.scm.protocol.ScmBlockLocationProtocolServerSideTranslatorPB.processMessage(ScmBlockLocationProtocolServerSideTranslatorPB.java:117)
	at org.apache.hadoop.hdds.server.OzoneProtocolMessageDispatcher.processRequest(OzoneProtocolMessageDispatcher.java:72)
	at org.apache.hadoop.hdds.scm.protocol.ScmBlockLocationProtocolServerSideTranslatorPB.send(ScmBlockLocationProtocolServerSideTranslatorPB.java:98)
	at org.apache.hadoop.hdds.protocol.proto.ScmBlockLocationProtocolProtos$ScmBlockLocationProtocolService$2.callBlockingMethod(ScmBlockLocationProtocolProtos.java:13157)
	at org.apache.hadoop.ipc.ProtobufRpcEngine$Server$ProtoBufRpcInvoker.call(ProtobufRpcEngine.java:524)
	at org.apache.hadoop.ipc.RPC$Server.call(RPC.java:1025)
	at org.apache.hadoop.ipc.Server$RpcCall.run(Server.java:876)
	at org.apache.hadoop.ipc.Server$RpcCall.run(Server.java:822)
	at java.security.AccessController.doPrivileged(Native Method)
	at javax.security.auth.Subject.doAs(Subject.java:422)
	at org.apache.hadoop.security.UserGroupInformation.doAs(UserGroupInformation.java:1730)
	at org.apache.hadoop.ipc.Server$Handler.run(Server.java:2682)
2019-10-18 08:15:17,838 [IPC Server handler 13 on 37897] INFO  block.BlockManagerImpl (BlockManagerImpl.java:allocateBlock(212)) - Could not find available pipeline of type:RATIS and factor:THREE even after retrying
2019-10-18 08:15:17,838 [IPC Server handler 13 on 37897] ERROR block.BlockManagerImpl (BlockManagerImpl.java:allocateBlock(236)) - Unable to allocate a block for the size: 4194304, type: RATIS, factor: THREE
2019-10-18 08:15:17,840 [IPC Server handler 13 on 37897] WARN  block.BlockManagerImpl (BlockManagerImpl.java:allocateBlock(200)) - Pipeline creation failed for type:RATIS factor:THREE. Retrying get pipelines call once.
org.apache.hadoop.hdds.scm.pipeline.InsufficientDatanodesException: Cannot create pipeline of factor 3 using 0 nodes.
	at org.apache.hadoop.hdds.scm.pipeline.RatisPipelineProvider.create(RatisPipelineProvider.java:153)
	at org.apache.hadoop.hdds.scm.pipeline.PipelineFactory.create(PipelineFactory.java:58)
	at org.apache.hadoop.hdds.scm.pipeline.SCMPipelineManager.createPipeline(SCMPipelineManager.java:155)
	at org.apache.hadoop.hdds.scm.block.BlockManagerImpl.allocateBlock(BlockManagerImpl.java:198)
	at org.apache.hadoop.hdds.scm.server.SCMBlockProtocolServer.allocateBlock(SCMBlockProtocolServer.java:182)
	at org.apache.hadoop.hdds.scm.protocol.ScmBlockLocationProtocolServerSideTranslatorPB.allocateScmBlock(ScmBlockLocationProtocolServerSideTranslatorPB.java:159)
	at org.apache.hadoop.hdds.scm.protocol.ScmBlockLocationProtocolServerSideTranslatorPB.processMessage(ScmBlockLocationProtocolServerSideTranslatorPB.java:117)
	at org.apache.hadoop.hdds.server.OzoneProtocolMessageDispatcher.processRequest(OzoneProtocolMessageDispatcher.java:72)
	at org.apache.hadoop.hdds.scm.protocol.ScmBlockLocationProtocolServerSideTranslatorPB.send(ScmBlockLocationProtocolServerSideTranslatorPB.java:98)
	at org.apache.hadoop.hdds.protocol.proto.ScmBlockLocationProtocolProtos$ScmBlockLocationProtocolService$2.callBlockingMethod(ScmBlockLocationProtocolProtos.java:13157)
	at org.apache.hadoop.ipc.ProtobufRpcEngine$Server$ProtoBufRpcInvoker.call(ProtobufRpcEngine.java:524)
	at org.apache.hadoop.ipc.RPC$Server.call(RPC.java:1025)
	at org.apache.hadoop.ipc.Server$RpcCall.run(Server.java:876)
	at org.apache.hadoop.ipc.Server$RpcCall.run(Server.java:822)
	at java.security.AccessController.doPrivileged(Native Method)
	at javax.security.auth.Subject.doAs(Subject.java:422)
	at org.apache.hadoop.security.UserGroupInformation.doAs(UserGroupInformation.java:1730)
	at org.apache.hadoop.ipc.Server$Handler.run(Server.java:2682)
2019-10-18 08:15:17,840 [IPC Server handler 13 on 37897] INFO  block.BlockManagerImpl (BlockManagerImpl.java:allocateBlock(212)) - Could not find available pipeline of type:RATIS and factor:THREE even after retrying
2019-10-18 08:15:17,840 [IPC Server handler 13 on 37897] ERROR block.BlockManagerImpl (BlockManagerImpl.java:allocateBlock(236)) - Unable to allocate a block for the size: 4194304, type: RATIS, factor: THREE
2019-10-18 08:15:17,841 [413e678e-a618-4c92-927e-441fcc799019@group-F971E7EEC70F-LeaderElection8] INFO  impl.LeaderElection (LeaderElection.java:logAndReturn(56)) - 413e678e-a618-4c92-927e-441fcc799019@group-F971E7EEC70F-LeaderElection8: Election PASSED; received 2 response(s) [413e678e-a618-4c92-927e-441fcc799019<-de33c61e-1baa-412c-a678-1642e68dfdea#0:FAIL-t3, 413e678e-a618-4c92-927e-441fcc799019<-ccb54c7c-d652-4a32-8fba-bee4dbf2a7ee#0:OK-t3] and 0 exception(s); 413e678e-a618-4c92-927e-441fcc799019@group-F971E7EEC70F:t3, leader=null, voted=413e678e-a618-4c92-927e-441fcc799019, raftlog=413e678e-a618-4c92-927e-441fcc799019@group-F971E7EEC70F-SegmentedRaftLog:OPENED:c-1,f-1,i0, conf=-1: [de33c61e-1baa-412c-a678-1642e68dfdea:192.168.69.67:35710, 413e678e-a618-4c92-927e-441fcc799019:192.168.69.67:40351, ccb54c7c-d652-4a32-8fba-bee4dbf2a7ee:192.168.69.67:36515], old=null
2019-10-18 08:15:17,841 [413e678e-a618-4c92-927e-441fcc799019@group-F971E7EEC70F-LeaderElection8] INFO  impl.RoleInfo (RoleInfo.java:shutdownLeaderElection(134)) - 413e678e-a618-4c92-927e-441fcc799019: shutdown LeaderElection
2019-10-18 08:15:17,842 [413e678e-a618-4c92-927e-441fcc799019@group-F971E7EEC70F-LeaderElection8] INFO  impl.RaftServerImpl (RaftServerImpl.java:setRole(184)) - 413e678e-a618-4c92-927e-441fcc799019@group-F971E7EEC70F: changes role from CANDIDATE to LEADER at term 3 for changeToLeader
2019-10-18 08:15:17,843 [413e678e-a618-4c92-927e-441fcc799019@group-F971E7EEC70F-LeaderElection8] INFO  ratis.XceiverServerRatis (XceiverServerRatis.java:handleLeaderChangedNotification(699)) - Leader change notification received for group: group-F971E7EEC70F with new leaderId: 413e678e-a618-4c92-927e-441fcc799019
2019-10-18 08:15:17,843 [413e678e-a618-4c92-927e-441fcc799019@group-F971E7EEC70F-LeaderElection8] INFO  impl.RaftServerImpl (ServerState.java:setLeader(256)) - 413e678e-a618-4c92-927e-441fcc799019@group-F971E7EEC70F: change Leader from null to 413e678e-a618-4c92-927e-441fcc799019 at term 3 for becomeLeader, leader elected after 200ms
2019-10-18 08:15:17,843 [413e678e-a618-4c92-927e-441fcc799019@group-F971E7EEC70F-LeaderElection8] INFO  server.RaftServerConfigKeys (ConfUtils.java:logGet(43)) - raft.server.staging.catchup.gap = 1000 (default)
2019-10-18 08:15:17,843 [413e678e-a618-4c92-927e-441fcc799019@group-F971E7EEC70F-LeaderElection8] INFO  server.RaftServerConfigKeys (ConfUtils.java:logGet(43)) - raft.server.rpc.sleep.time = 25ms (default)
2019-10-18 08:15:17,844 [413e678e-a618-4c92-927e-441fcc799019@group-F971E7EEC70F-LeaderElection8] INFO  server.RaftServerConfigKeys (ConfUtils.java:logGet(43)) - raft.server.write.element-limit = 4096 (default)
2019-10-18 08:15:17,844 [413e678e-a618-4c92-927e-441fcc799019@group-F971E7EEC70F-LeaderElection8] INFO  server.RaftServerConfigKeys (ConfUtils.java:logGet(43)) - raft.server.watch.timeout = 10s (default)
2019-10-18 08:15:17,844 [413e678e-a618-4c92-927e-441fcc799019@group-F971E7EEC70F-LeaderElection8] INFO  server.RaftServerConfigKeys (ConfUtils.java:logGet(43)) - raft.server.watch.timeout.denomination = 1s (default)
2019-10-18 08:15:17,844 [413e678e-a618-4c92-927e-441fcc799019@group-F971E7EEC70F-LeaderElection8] INFO  server.RaftServerConfigKeys (ConfUtils.java:logGet(43)) - raft.server.watch.element-limit = 65536 (default)
2019-10-18 08:15:17,845 [EventQueue-PipelineReportForPipelineReportHandler] INFO  pipeline.PipelineReportHandler (PipelineReportHandler.java:processPipelineReport(119)) - Pipeline PipelineID=802f09a3-7107-4977-bdc0-f971e7eec70f reported by 413e678e-a618-4c92-927e-441fcc799019{ip: 192.168.69.67, host: pr-hdds-1868-wx8dl-4219780377, networkLocation: /default-rack, certSerialId: null} with leaderId 413e678e-a618-4c92-927e-441fcc799019
2019-10-18 08:15:17,846 [Thread-507] INFO  impl.FollowerState (FollowerState.java:run(108)) - ccb54c7c-d652-4a32-8fba-bee4dbf2a7ee@group-F971E7EEC70F-FollowerState: change to CANDIDATE, lastRpcTime:12ms, electionTimeout:11ms
2019-10-18 08:15:17,847 [Thread-507] INFO  impl.RoleInfo (RoleInfo.java:shutdownFollowerState(121)) - ccb54c7c-d652-4a32-8fba-bee4dbf2a7ee: shutdown FollowerState
2019-10-18 08:15:17,847 [Thread-507] INFO  impl.RaftServerImpl (RaftServerImpl.java:setRole(184)) - ccb54c7c-d652-4a32-8fba-bee4dbf2a7ee@group-F971E7EEC70F: changes role from  FOLLOWER to CANDIDATE at term 3 for changeToCandidate
2019-10-18 08:15:17,847 [Thread-507] INFO  impl.RoleInfo (RoleInfo.java:updateAndGet(143)) - ccb54c7c-d652-4a32-8fba-bee4dbf2a7ee: start LeaderElection
2019-10-18 08:15:17,849 [pool-59-thread-3] ERROR freon.RandomKeyGenerator (RandomKeyGenerator.java:createKey(733)) - Exception while adding key: key-0-42585 in bucket: bucket-0-19356 of volume: vol-0-83957.
INTERNAL_ERROR org.apache.hadoop.ozone.om.exceptions.OMException: Allocated 0 blocks. Requested 5 blocks
	at org.apache.hadoop.ozone.om.protocolPB.OzoneManagerProtocolClientSideTranslatorPB.handleError(OzoneManagerProtocolClientSideTranslatorPB.java:732)
	at org.apache.hadoop.ozone.om.protocolPB.OzoneManagerProtocolClientSideTranslatorPB.openKey(OzoneManagerProtocolClientSideTranslatorPB.java:723)
	at sun.reflect.NativeMethodAccessorImpl.invoke0(Native Method)
	at sun.reflect.NativeMethodAccessorImpl.invoke(NativeMethodAccessorImpl.java:62)
	at sun.reflect.DelegatingMethodAccessorImpl.invoke(DelegatingMethodAccessorImpl.java:43)
	at java.lang.reflect.Method.invoke(Method.java:498)
	at org.apache.hadoop.hdds.tracing.TraceAllMethod.invoke(TraceAllMethod.java:66)
	at com.sun.proxy.$Proxy37.openKey(Unknown Source)
	at org.apache.hadoop.ozone.client.rpc.RpcClient.createKey(RpcClient.java:614)
	at org.apache.hadoop.ozone.client.OzoneBucket.createKey(OzoneBucket.java:325)
	at org.apache.hadoop.ozone.freon.RandomKeyGenerator.createKey(RandomKeyGenerator.java:695)
	at org.apache.hadoop.ozone.freon.RandomKeyGenerator.access$1100(RandomKeyGenerator.java:88)
	at org.apache.hadoop.ozone.freon.RandomKeyGenerator$ObjectCreator.run(RandomKeyGenerator.java:615)
	at java.util.concurrent.Executors$RunnableAdapter.call(Executors.java:511)
	at java.util.concurrent.FutureTask.run(FutureTask.java:266)
	at java.util.concurrent.ThreadPoolExecutor.runWorker(ThreadPoolExecutor.java:1149)
	at java.util.concurrent.ThreadPoolExecutor$Worker.run(ThreadPoolExecutor.java:624)
	at java.lang.Thread.run(Thread.java:748)
2019-10-18 08:15:17,852 [413e678e-a618-4c92-927e-441fcc799019@group-F971E7EEC70F-LeaderElection8] INFO  server.RaftServerConfigKeys (ConfUtils.java:logGet(43)) - raft.server.log.appender.snapshot.chunk.size.max = 16MB (=16777216) (default)
2019-10-18 08:15:17,853 [413e678e-a618-4c92-927e-441fcc799019@group-F971E7EEC70F-LeaderElection8] INFO  server.RaftServerConfigKeys (ConfUtils.java:logGet(43)) - raft.server.log.appender.buffer.byte-limit = 33554432 (custom)
2019-10-18 08:15:17,853 [413e678e-a618-4c92-927e-441fcc799019@group-F971E7EEC70F-LeaderElection8] INFO  server.RaftServerConfigKeys (ConfUtils.java:logGet(43)) - raft.server.log.appender.buffer.element-limit = 1 (custom)
2019-10-18 08:15:17,853 [413e678e-a618-4c92-927e-441fcc799019@group-F971E7EEC70F-LeaderElection8] INFO  grpc.GrpcConfigKeys$Server (ConfUtils.java:logGet(43)) - raft.grpc.server.leader.outstanding.appends.max = 128 (default)
2019-10-18 08:15:17,854 [413e678e-a618-4c92-927e-441fcc799019@group-F971E7EEC70F-LeaderElection8] INFO  server.RaftServerConfigKeys (ConfUtils.java:logGet(43)) - raft.server.rpc.request.timeout = 3000ms (default)
2019-10-18 08:15:17,854 [413e678e-a618-4c92-927e-441fcc799019@group-F971E7EEC70F-LeaderElection8] INFO  server.RaftServerConfigKeys (ConfUtils.java:logGet(43)) - raft.server.log.appender.install.snapshot.enabled = false (custom)
2019-10-18 08:15:17,857 [413e678e-a618-4c92-927e-441fcc799019@group-F971E7EEC70F-LeaderElection8] INFO  server.RaftServerConfigKeys (ConfUtils.java:logGet(43)) - raft.server.log.appender.snapshot.chunk.size.max = 16MB (=16777216) (default)
2019-10-18 08:15:17,857 [413e678e-a618-4c92-927e-441fcc799019@group-F971E7EEC70F-LeaderElection8] INFO  server.RaftServerConfigKeys (ConfUtils.java:logGet(43)) - raft.server.log.appender.buffer.byte-limit = 33554432 (custom)
2019-10-18 08:15:17,858 [413e678e-a618-4c92-927e-441fcc799019@group-F971E7EEC70F-LeaderElection8] INFO  server.RaftServerConfigKeys (ConfUtils.java:logGet(43)) - raft.server.log.appender.buffer.element-limit = 1 (custom)
2019-10-18 08:15:17,858 [413e678e-a618-4c92-927e-441fcc799019@group-F971E7EEC70F-LeaderElection8] INFO  grpc.GrpcConfigKeys$Server (ConfUtils.java:logGet(43)) - raft.grpc.server.leader.outstanding.appends.max = 128 (default)
2019-10-18 08:15:17,858 [413e678e-a618-4c92-927e-441fcc799019@group-F971E7EEC70F-LeaderElection8] INFO  server.RaftServerConfigKeys (ConfUtils.java:logGet(43)) - raft.server.rpc.request.timeout = 3000ms (default)
2019-10-18 08:15:17,858 [413e678e-a618-4c92-927e-441fcc799019@group-F971E7EEC70F-LeaderElection8] INFO  server.RaftServerConfigKeys (ConfUtils.java:logGet(43)) - raft.server.log.appender.install.snapshot.enabled = false (custom)
2019-10-18 08:15:17,861 [413e678e-a618-4c92-927e-441fcc799019@group-F971E7EEC70F-LeaderElection8] INFO  impl.RoleInfo (RoleInfo.java:updateAndGet(143)) - 413e678e-a618-4c92-927e-441fcc799019: start LeaderState
2019-10-18 08:15:17,862 [413e678e-a618-4c92-927e-441fcc799019@group-F971E7EEC70F-LeaderElection8] INFO  segmented.SegmentedRaftLogWorker (SegmentedRaftLogWorker.java:startLogSegment(385)) - 413e678e-a618-4c92-927e-441fcc799019@group-F971E7EEC70F-SegmentedRaftLogWorker: Starting segment from index:0
2019-10-18 08:15:17,863 [413e678e-a618-4c92-927e-441fcc799019@group-F971E7EEC70F-LeaderElection8] INFO  impl.RaftServerImpl (ServerState.java:setRaftConf(357)) - 413e678e-a618-4c92-927e-441fcc799019@group-F971E7EEC70F: set configuration 0: [de33c61e-1baa-412c-a678-1642e68dfdea:192.168.69.67:35710, 413e678e-a618-4c92-927e-441fcc799019:192.168.69.67:40351, ccb54c7c-d652-4a32-8fba-bee4dbf2a7ee:192.168.69.67:36515], old=null at 0
2019-10-18 08:15:17,897 [ccb54c7c-d652-4a32-8fba-bee4dbf2a7ee@group-F971E7EEC70F-LeaderElection9] INFO  impl.LeaderElection (LeaderElection.java:askForVotes(178)) - ccb54c7c-d652-4a32-8fba-bee4dbf2a7ee@group-F971E7EEC70F-LeaderElection9: begin an election at term 4 for -1: [de33c61e-1baa-412c-a678-1642e68dfdea:192.168.69.67:35710, 413e678e-a618-4c92-927e-441fcc799019:192.168.69.67:40351, ccb54c7c-d652-4a32-8fba-bee4dbf2a7ee:192.168.69.67:36515], old=null
2019-10-18 08:15:17,899 [grpc-default-executor-0] INFO  ratis.XceiverServerRatis (XceiverServerRatis.java:handleLeaderChangedNotification(699)) - Leader change notification received for group: group-F971E7EEC70F with new leaderId: 413e678e-a618-4c92-927e-441fcc799019
2019-10-18 08:15:17,900 [grpc-default-executor-0] INFO  impl.RaftServerImpl (ServerState.java:setLeader(256)) - de33c61e-1baa-412c-a678-1642e68dfdea@group-F971E7EEC70F: change Leader from null to 413e678e-a618-4c92-927e-441fcc799019 at term 3 for appendEntries, leader elected after 93ms
2019-10-18 08:15:17,903 [EventQueue-PipelineReportForPipelineReportHandler] INFO  pipeline.PipelineReportHandler (PipelineReportHandler.java:processPipelineReport(119)) - Pipeline PipelineID=802f09a3-7107-4977-bdc0-f971e7eec70f reported by de33c61e-1baa-412c-a678-1642e68dfdea{ip: 192.168.69.67, host: pr-hdds-1868-wx8dl-4219780377, networkLocation: /default-rack, certSerialId: null} with leaderId 413e678e-a618-4c92-927e-441fcc799019
2019-10-18 08:15:17,904 [Thread-508] INFO  impl.RaftServerImpl (ServerState.java:setLeader(256)) - 413e678e-a618-4c92-927e-441fcc799019@group-F971E7EEC70F: change Leader from 413e678e-a618-4c92-927e-441fcc799019 to null at term 4 for updateCurrentTerm
2019-10-18 08:15:17,904 [Thread-508] INFO  impl.RaftServerImpl (RaftServerImpl.java:setRole(184)) - 413e678e-a618-4c92-927e-441fcc799019@group-F971E7EEC70F: changes role from    LEADER to FOLLOWER at term 4 for stepDown
2019-10-18 08:15:17,904 [Thread-508] INFO  impl.RoleInfo (RoleInfo.java:shutdownLeaderState(104)) - 413e678e-a618-4c92-927e-441fcc799019: shutdown LeaderState
2019-10-18 08:15:17,908 [org.apache.ratis.server.impl.LogAppender$AppenderDaemon$$Lambda$445/378446144@18cb9108] WARN  server.GrpcLogAppender (GrpcLogAppender.java:mayWait(149)) - 413e678e-a618-4c92-927e-441fcc799019@group-F971E7EEC70F->ccb54c7c-d652-4a32-8fba-bee4dbf2a7ee-GrpcLogAppender: Wait interrupted by java.lang.InterruptedException
2019-10-18 08:15:17,908 [Thread-508] INFO  impl.PendingRequests (PendingRequests.java:sendNotLeaderResponses(202)) - 413e678e-a618-4c92-927e-441fcc799019@group-F971E7EEC70F-PendingRequests: sendNotLeaderResponses
2019-10-18 08:15:17,909 [org.apache.ratis.server.impl.LogAppender$AppenderDaemon$$Lambda$445/378446144@49d695c3] WARN  server.GrpcLogAppender (GrpcLogAppender.java:mayWait(149)) - 413e678e-a618-4c92-927e-441fcc799019@group-F971E7EEC70F->de33c61e-1baa-412c-a678-1642e68dfdea-GrpcLogAppender: Wait interrupted by java.lang.InterruptedException
2019-10-18 08:15:17,909 [Thread-508] INFO  impl.RoleInfo (RoleInfo.java:updateAndGet(143)) - 413e678e-a618-4c92-927e-441fcc799019: start FollowerState
2019-10-18 08:15:17,910 [grpc-default-executor-3] INFO  server.GrpcServerProtocolService (GrpcServerProtocolService.java:onCompleted(113)) - de33c61e-1baa-412c-a678-1642e68dfdea: Completed APPEND_ENTRIES, lastRequest: 413e678e-a618-4c92-927e-441fcc799019->de33c61e-1baa-412c-a678-1642e68dfdea#0-t3, previous=(t:0, i:0), leaderCommit=-1, initializing? false, entries: <empty>
2019-10-18 08:15:17,910 [grpc-default-executor-0] INFO  server.GrpcServerProtocolService (GrpcServerProtocolService.java:onCompleted(113)) - ccb54c7c-d652-4a32-8fba-bee4dbf2a7ee: Completed APPEND_ENTRIES, lastRequest: 413e678e-a618-4c92-927e-441fcc799019->ccb54c7c-d652-4a32-8fba-bee4dbf2a7ee#0-t3, previous=(t:0, i:0), leaderCommit=-1, initializing? false, entries: <empty>
2019-10-18 08:15:17,913 [grpc-default-executor-0] INFO  server.GrpcLogAppender (GrpcLogAppender.java:onCompleted(308)) - 413e678e-a618-4c92-927e-441fcc799019@group-F971E7EEC70F->de33c61e-1baa-412c-a678-1642e68dfdea-AppendLogResponseHandler: follower responses appendEntries COMPLETED
2019-10-18 08:15:17,914 [grpc-default-executor-3] INFO  impl.RaftServerImpl (ServerState.java:setLeader(256)) - de33c61e-1baa-412c-a678-1642e68dfdea@group-F971E7EEC70F: change Leader from 413e678e-a618-4c92-927e-441fcc799019 to null at term 4 for updateCurrentTerm
2019-10-18 08:15:17,915 [grpc-default-executor-3] INFO  impl.RaftServerImpl (RaftServerImpl.java:setRole(184)) - de33c61e-1baa-412c-a678-1642e68dfdea@group-F971E7EEC70F: changes role from  FOLLOWER to FOLLOWER at term 4 for recognizeCandidate:ccb54c7c-d652-4a32-8fba-bee4dbf2a7ee
2019-10-18 08:15:17,915 [grpc-default-executor-3] INFO  impl.RoleInfo (RoleInfo.java:shutdownFollowerState(121)) - de33c61e-1baa-412c-a678-1642e68dfdea: shutdown FollowerState
2019-10-18 08:15:17,915 [grpc-default-executor-2] INFO  server.GrpcLogAppender (GrpcLogAppender.java:onCompleted(308)) - 413e678e-a618-4c92-927e-441fcc799019@group-F971E7EEC70F->ccb54c7c-d652-4a32-8fba-bee4dbf2a7ee-AppendLogResponseHandler: follower responses appendEntries COMPLETED
2019-10-18 08:15:17,915 [grpc-default-executor-0] INFO  impl.FollowerInfo (FollowerInfo.java:lambda$new$0(51)) - 413e678e-a618-4c92-927e-441fcc799019@group-F971E7EEC70F->de33c61e-1baa-412c-a678-1642e68dfdea: nextIndex: updateUnconditionally 1 -> 0
2019-10-18 08:15:17,915 [grpc-default-executor-3] INFO  impl.RoleInfo (RoleInfo.java:updateAndGet(143)) - de33c61e-1baa-412c-a678-1642e68dfdea: start FollowerState
2019-10-18 08:15:17,915 [Thread-506] INFO  impl.FollowerState (FollowerState.java:run(117)) - de33c61e-1baa-412c-a678-1642e68dfdea@group-F971E7EEC70F-FollowerState was interrupted: java.lang.InterruptedException: sleep interrupted
2019-10-18 08:15:17,917 [ccb54c7c-d652-4a32-8fba-bee4dbf2a7ee@group-F971E7EEC70F-LeaderElection9] INFO  impl.LeaderElection (LeaderElection.java:logAndReturn(56)) - ccb54c7c-d652-4a32-8fba-bee4dbf2a7ee@group-F971E7EEC70F-LeaderElection9: Election TIMEOUT; received 0 response(s) [] and 0 exception(s); ccb54c7c-d652-4a32-8fba-bee4dbf2a7ee@group-F971E7EEC70F:t4, leader=null, voted=ccb54c7c-d652-4a32-8fba-bee4dbf2a7ee, raftlog=ccb54c7c-d652-4a32-8fba-bee4dbf2a7ee@group-F971E7EEC70F-SegmentedRaftLog:OPENED:c-1,f-1,i0, conf=-1: [de33c61e-1baa-412c-a678-1642e68dfdea:192.168.69.67:35710, 413e678e-a618-4c92-927e-441fcc799019:192.168.69.67:40351, ccb54c7c-d652-4a32-8fba-bee4dbf2a7ee:192.168.69.67:36515], old=null
2019-10-18 08:15:17,918 [grpc-default-executor-2] INFO  impl.FollowerInfo (FollowerInfo.java:lambda$new$0(51)) - 413e678e-a618-4c92-927e-441fcc799019@group-F971E7EEC70F->ccb54c7c-d652-4a32-8fba-bee4dbf2a7ee: nextIndex: updateUnconditionally 0 -> 0
2019-10-18 08:15:17,921 [413e678e-a618-4c92-927e-441fcc799019@group-F971E7EEC70F-SegmentedRaftLogWorker] INFO  segmented.SegmentedRaftLogWorker (SegmentedRaftLogWorker.java:execute(576)) - 413e678e-a618-4c92-927e-441fcc799019@group-F971E7EEC70F-SegmentedRaftLogWorker: created new log segment /workdir/hadoop-ozone/tools/target/test-dir/MiniOzoneClusterImpl-73343d47-350e-4161-ad34-574c9e7c486b/datanode-0/data/ratis/802f09a3-7107-4977-bdc0-f971e7eec70f/current/log_inprogress_0
2019-10-18 08:15:17,925 [grpc-default-executor-0] INFO  impl.RaftServerImpl (RaftServerImpl.java:setRole(184)) - 413e678e-a618-4c92-927e-441fcc799019@group-F971E7EEC70F: changes role from  FOLLOWER to FOLLOWER at term 4 for recognizeCandidate:ccb54c7c-d652-4a32-8fba-bee4dbf2a7ee
2019-10-18 08:15:17,925 [ccb54c7c-d652-4a32-8fba-bee4dbf2a7ee@group-F971E7EEC70F-LeaderElection9] INFO  impl.LeaderElection (LeaderElection.java:askForVotes(178)) - ccb54c7c-d652-4a32-8fba-bee4dbf2a7ee@group-F971E7EEC70F-LeaderElection9: begin an election at term 5 for -1: [de33c61e-1baa-412c-a678-1642e68dfdea:192.168.69.67:35710, 413e678e-a618-4c92-927e-441fcc799019:192.168.69.67:40351, ccb54c7c-d652-4a32-8fba-bee4dbf2a7ee:192.168.69.67:36515], old=null
2019-10-18 08:15:17,926 [grpc-default-executor-0] INFO  impl.RoleInfo (RoleInfo.java:shutdownFollowerState(121)) - 413e678e-a618-4c92-927e-441fcc799019: shutdown FollowerState
2019-10-18 08:15:17,926 [Thread-517] INFO  impl.FollowerState (FollowerState.java:run(117)) - 413e678e-a618-4c92-927e-441fcc799019@group-F971E7EEC70F-FollowerState was interrupted: java.lang.InterruptedException: sleep interrupted
2019-10-18 08:15:17,927 [grpc-default-executor-0] INFO  impl.RoleInfo (RoleInfo.java:updateAndGet(143)) - 413e678e-a618-4c92-927e-441fcc799019: start FollowerState
2019-10-18 08:15:17,937 [grpc-default-executor-0] INFO  impl.RaftServerImpl (RaftServerImpl.java:setRole(184)) - 413e678e-a618-4c92-927e-441fcc799019@group-F971E7EEC70F: changes role from  FOLLOWER to FOLLOWER at term 5 for recognizeCandidate:ccb54c7c-d652-4a32-8fba-bee4dbf2a7ee
2019-10-18 08:15:17,937 [grpc-default-executor-0] INFO  impl.RoleInfo (RoleInfo.java:shutdownFollowerState(121)) - 413e678e-a618-4c92-927e-441fcc799019: shutdown FollowerState
2019-10-18 08:15:17,938 [grpc-default-executor-3] INFO  impl.RaftServerImpl (RaftServerImpl.java:setRole(184)) - de33c61e-1baa-412c-a678-1642e68dfdea@group-F971E7EEC70F: changes role from  FOLLOWER to FOLLOWER at term 5 for recognizeCandidate:ccb54c7c-d652-4a32-8fba-bee4dbf2a7ee
2019-10-18 08:15:17,938 [Thread-520] INFO  impl.FollowerState (FollowerState.java:run(117)) - 413e678e-a618-4c92-927e-441fcc799019@group-F971E7EEC70F-FollowerState was interrupted: java.lang.InterruptedException: sleep interrupted
2019-10-18 08:15:17,938 [grpc-default-executor-0] INFO  impl.RoleInfo (RoleInfo.java:updateAndGet(143)) - 413e678e-a618-4c92-927e-441fcc799019: start FollowerState
2019-10-18 08:15:17,938 [grpc-default-executor-3] INFO  impl.RoleInfo (RoleInfo.java:shutdownFollowerState(121)) - de33c61e-1baa-412c-a678-1642e68dfdea: shutdown FollowerState
2019-10-18 08:15:17,940 [Thread-518] INFO  impl.FollowerState (FollowerState.java:run(117)) - de33c61e-1baa-412c-a678-1642e68dfdea@group-F971E7EEC70F-FollowerState was interrupted: java.lang.InterruptedException: sleep interrupted
2019-10-18 08:15:17,940 [grpc-default-executor-3] INFO  impl.RoleInfo (RoleInfo.java:updateAndGet(143)) - de33c61e-1baa-412c-a678-1642e68dfdea: start FollowerState
2019-10-18 08:15:17,965 [ccb54c7c-d652-4a32-8fba-bee4dbf2a7ee@group-F971E7EEC70F-LeaderElection9] INFO  impl.LeaderElection (LeaderElection.java:logAndReturn(56)) - ccb54c7c-d652-4a32-8fba-bee4dbf2a7ee@group-F971E7EEC70F-LeaderElection9: Election REJECTED; received 2 response(s) [ccb54c7c-d652-4a32-8fba-bee4dbf2a7ee<-de33c61e-1baa-412c-a678-1642e68dfdea#0:FAIL-t5, ccb54c7c-d652-4a32-8fba-bee4dbf2a7ee<-413e678e-a618-4c92-927e-441fcc799019#0:FAIL-t5] and 0 exception(s); ccb54c7c-d652-4a32-8fba-bee4dbf2a7ee@group-F971E7EEC70F:t5, leader=null, voted=ccb54c7c-d652-4a32-8fba-bee4dbf2a7ee, raftlog=ccb54c7c-d652-4a32-8fba-bee4dbf2a7ee@group-F971E7EEC70F-SegmentedRaftLog:OPENED:c-1,f-1,i0, conf=-1: [de33c61e-1baa-412c-a678-1642e68dfdea:192.168.69.67:35710, 413e678e-a618-4c92-927e-441fcc799019:192.168.69.67:40351, ccb54c7c-d652-4a32-8fba-bee4dbf2a7ee:192.168.69.67:36515], old=null
2019-10-18 08:15:17,966 [ccb54c7c-d652-4a32-8fba-bee4dbf2a7ee@group-F971E7EEC70F-LeaderElection9] INFO  impl.RaftServerImpl (RaftServerImpl.java:setRole(184)) - ccb54c7c-d652-4a32-8fba-bee4dbf2a7ee@group-F971E7EEC70F: changes role from CANDIDATE to FOLLOWER at term 5 for DISCOVERED_A_NEW_TERM
2019-10-18 08:15:17,967 [ccb54c7c-d652-4a32-8fba-bee4dbf2a7ee@group-F971E7EEC70F-LeaderElection9] INFO  impl.RoleInfo (RoleInfo.java:shutdownLeaderElection(134)) - ccb54c7c-d652-4a32-8fba-bee4dbf2a7ee: shutdown LeaderElection
2019-10-18 08:15:17,967 [ccb54c7c-d652-4a32-8fba-bee4dbf2a7ee@group-F971E7EEC70F-LeaderElection9] INFO  impl.RoleInfo (RoleInfo.java:updateAndGet(143)) - ccb54c7c-d652-4a32-8fba-bee4dbf2a7ee: start FollowerState
2019-10-18 08:15:18,087 [Thread-524] INFO  impl.FollowerState (FollowerState.java:run(108)) - ccb54c7c-d652-4a32-8fba-bee4dbf2a7ee@group-F971E7EEC70F-FollowerState: change to CANDIDATE, lastRpcTime:120ms, electionTimeout:119ms
2019-10-18 08:15:18,089 [Thread-524] INFO  impl.RoleInfo (RoleInfo.java:shutdownFollowerState(121)) - ccb54c7c-d652-4a32-8fba-bee4dbf2a7ee: shutdown FollowerState
2019-10-18 08:15:18,089 [Thread-524] INFO  impl.RaftServerImpl (RaftServerImpl.java:setRole(184)) - ccb54c7c-d652-4a32-8fba-bee4dbf2a7ee@group-F971E7EEC70F: changes role from  FOLLOWER to CANDIDATE at term 5 for changeToCandidate
2019-10-18 08:15:18,089 [Thread-524] INFO  impl.RoleInfo (RoleInfo.java:updateAndGet(143)) - ccb54c7c-d652-4a32-8fba-bee4dbf2a7ee: start LeaderElection
2019-10-18 08:15:18,105 [ccb54c7c-d652-4a32-8fba-bee4dbf2a7ee@group-F971E7EEC70F-LeaderElection10] INFO  impl.LeaderElection (LeaderElection.java:askForVotes(178)) - ccb54c7c-d652-4a32-8fba-bee4dbf2a7ee@group-F971E7EEC70F-LeaderElection10: begin an election at term 6 for -1: [de33c61e-1baa-412c-a678-1642e68dfdea:192.168.69.67:35710, 413e678e-a618-4c92-927e-441fcc799019:192.168.69.67:40351, ccb54c7c-d652-4a32-8fba-bee4dbf2a7ee:192.168.69.67:36515], old=null
2019-10-18 08:15:18,113 [grpc-default-executor-0] INFO  impl.RaftServerImpl (RaftServerImpl.java:setRole(184)) - de33c61e-1baa-412c-a678-1642e68dfdea@group-F971E7EEC70F: changes role from  FOLLOWER to FOLLOWER at term 6 for recognizeCandidate:ccb54c7c-d652-4a32-8fba-bee4dbf2a7ee
2019-10-18 08:15:18,114 [grpc-default-executor-0] INFO  impl.RoleInfo (RoleInfo.java:shutdownFollowerState(121)) - de33c61e-1baa-412c-a678-1642e68dfdea: shutdown FollowerState
2019-10-18 08:15:18,114 [grpc-default-executor-3] INFO  impl.RaftServerImpl (RaftServerImpl.java:setRole(184)) - 413e678e-a618-4c92-927e-441fcc799019@group-F971E7EEC70F: changes role from  FOLLOWER to FOLLOWER at term 6 for recognizeCandidate:ccb54c7c-d652-4a32-8fba-bee4dbf2a7ee
2019-10-18 08:15:18,114 [Thread-523] INFO  impl.FollowerState (FollowerState.java:run(117)) - de33c61e-1baa-412c-a678-1642e68dfdea@group-F971E7EEC70F-FollowerState was interrupted: java.lang.InterruptedException: sleep interrupted
2019-10-18 08:15:18,114 [grpc-default-executor-0] INFO  impl.RoleInfo (RoleInfo.java:updateAndGet(143)) - de33c61e-1baa-412c-a678-1642e68dfdea: start FollowerState
2019-10-18 08:15:18,114 [grpc-default-executor-3] INFO  impl.RoleInfo (RoleInfo.java:shutdownFollowerState(121)) - 413e678e-a618-4c92-927e-441fcc799019: shutdown FollowerState
2019-10-18 08:15:18,115 [grpc-default-executor-3] INFO  impl.RoleInfo (RoleInfo.java:updateAndGet(143)) - 413e678e-a618-4c92-927e-441fcc799019: start FollowerState
2019-10-18 08:15:18,116 [Thread-522] INFO  impl.FollowerState (FollowerState.java:run(117)) - 413e678e-a618-4c92-927e-441fcc799019@group-F971E7EEC70F-FollowerState was interrupted: java.lang.InterruptedException: sleep interrupted
2019-10-18 08:15:18,148 [ccb54c7c-d652-4a32-8fba-bee4dbf2a7ee@group-F971E7EEC70F-LeaderElection10] INFO  impl.LeaderElection (LeaderElection.java:logAndReturn(56)) - ccb54c7c-d652-4a32-8fba-bee4dbf2a7ee@group-F971E7EEC70F-LeaderElection10: Election REJECTED; received 2 response(s) [ccb54c7c-d652-4a32-8fba-bee4dbf2a7ee<-de33c61e-1baa-412c-a678-1642e68dfdea#0:FAIL-t6, ccb54c7c-d652-4a32-8fba-bee4dbf2a7ee<-413e678e-a618-4c92-927e-441fcc799019#0:FAIL-t6] and 0 exception(s); ccb54c7c-d652-4a32-8fba-bee4dbf2a7ee@group-F971E7EEC70F:t6, leader=null, voted=ccb54c7c-d652-4a32-8fba-bee4dbf2a7ee, raftlog=ccb54c7c-d652-4a32-8fba-bee4dbf2a7ee@group-F971E7EEC70F-SegmentedRaftLog:OPENED:c-1,f-1,i0, conf=-1: [de33c61e-1baa-412c-a678-1642e68dfdea:192.168.69.67:35710, 413e678e-a618-4c92-927e-441fcc799019:192.168.69.67:40351, ccb54c7c-d652-4a32-8fba-bee4dbf2a7ee:192.168.69.67:36515], old=null
2019-10-18 08:15:18,154 [ccb54c7c-d652-4a32-8fba-bee4dbf2a7ee@group-F971E7EEC70F-LeaderElection10] INFO  impl.RaftServerImpl (RaftServerImpl.java:setRole(184)) - ccb54c7c-d652-4a32-8fba-bee4dbf2a7ee@group-F971E7EEC70F: changes role from CANDIDATE to FOLLOWER at term 6 for DISCOVERED_A_NEW_TERM
2019-10-18 08:15:18,156 [ccb54c7c-d652-4a32-8fba-bee4dbf2a7ee@group-F971E7EEC70F-LeaderElection10] INFO  impl.RoleInfo (RoleInfo.java:shutdownLeaderElection(134)) - ccb54c7c-d652-4a32-8fba-bee4dbf2a7ee: shutdown LeaderElection
2019-10-18 08:15:18,157 [ccb54c7c-d652-4a32-8fba-bee4dbf2a7ee@group-F971E7EEC70F-LeaderElection10] INFO  impl.RoleInfo (RoleInfo.java:updateAndGet(143)) - ccb54c7c-d652-4a32-8fba-bee4dbf2a7ee: start FollowerState
2019-10-18 08:15:18,158 [Thread-530] INFO  impl.FollowerState (FollowerState.java:run(108)) - ccb54c7c-d652-4a32-8fba-bee4dbf2a7ee@group-F971E7EEC70F-FollowerState: change to CANDIDATE, lastRpcTime:0ms, electionTimeout:0ms
2019-10-18 08:15:18,159 [Thread-530] INFO  impl.RoleInfo (RoleInfo.java:shutdownFollowerState(121)) - ccb54c7c-d652-4a32-8fba-bee4dbf2a7ee: shutdown FollowerState
2019-10-18 08:15:18,159 [Thread-530] INFO  impl.RaftServerImpl (RaftServerImpl.java:setRole(184)) - ccb54c7c-d652-4a32-8fba-bee4dbf2a7ee@group-F971E7EEC70F: changes role from  FOLLOWER to CANDIDATE at term 6 for changeToCandidate
2019-10-18 08:15:18,159 [Thread-530] INFO  impl.RoleInfo (RoleInfo.java:updateAndGet(143)) - ccb54c7c-d652-4a32-8fba-bee4dbf2a7ee: start LeaderElection
2019-10-18 08:15:18,174 [ccb54c7c-d652-4a32-8fba-bee4dbf2a7ee@group-F971E7EEC70F-LeaderElection11] INFO  impl.LeaderElection (LeaderElection.java:askForVotes(178)) - ccb54c7c-d652-4a32-8fba-bee4dbf2a7ee@group-F971E7EEC70F-LeaderElection11: begin an election at term 7 for -1: [de33c61e-1baa-412c-a678-1642e68dfdea:192.168.69.67:35710, 413e678e-a618-4c92-927e-441fcc799019:192.168.69.67:40351, ccb54c7c-d652-4a32-8fba-bee4dbf2a7ee:192.168.69.67:36515], old=null
2019-10-18 08:15:18,178 [grpc-default-executor-0] INFO  impl.RaftServerImpl (RaftServerImpl.java:setRole(184)) - 413e678e-a618-4c92-927e-441fcc799019@group-F971E7EEC70F: changes role from  FOLLOWER to FOLLOWER at term 7 for recognizeCandidate:ccb54c7c-d652-4a32-8fba-bee4dbf2a7ee
2019-10-18 08:15:18,178 [grpc-default-executor-3] INFO  impl.RaftServerImpl (RaftServerImpl.java:setRole(184)) - de33c61e-1baa-412c-a678-1642e68dfdea@group-F971E7EEC70F: changes role from  FOLLOWER to FOLLOWER at term 7 for recognizeCandidate:ccb54c7c-d652-4a32-8fba-bee4dbf2a7ee
2019-10-18 08:15:18,178 [grpc-default-executor-0] INFO  impl.RoleInfo (RoleInfo.java:shutdownFollowerState(121)) - 413e678e-a618-4c92-927e-441fcc799019: shutdown FollowerState
2019-10-18 08:15:18,179 [grpc-default-executor-3] INFO  impl.RoleInfo (RoleInfo.java:shutdownFollowerState(121)) - de33c61e-1baa-412c-a678-1642e68dfdea: shutdown FollowerState
2019-10-18 08:15:18,179 [Thread-529] INFO  impl.FollowerState (FollowerState.java:run(117)) - 413e678e-a618-4c92-927e-441fcc799019@group-F971E7EEC70F-FollowerState was interrupted: java.lang.InterruptedException: sleep interrupted
2019-10-18 08:15:18,179 [grpc-default-executor-0] INFO  impl.RoleInfo (RoleInfo.java:updateAndGet(143)) - 413e678e-a618-4c92-927e-441fcc799019: start FollowerState
2019-10-18 08:15:18,179 [grpc-default-executor-3] INFO  impl.RoleInfo (RoleInfo.java:updateAndGet(143)) - de33c61e-1baa-412c-a678-1642e68dfdea: start FollowerState
2019-10-18 08:15:18,179 [Thread-528] INFO  impl.FollowerState (FollowerState.java:run(117)) - de33c61e-1baa-412c-a678-1642e68dfdea@group-F971E7EEC70F-FollowerState was interrupted: java.lang.InterruptedException: sleep interrupted
2019-10-18 08:15:18,209 [ccb54c7c-d652-4a32-8fba-bee4dbf2a7ee@group-F971E7EEC70F-LeaderElection11] INFO  impl.LeaderElection (LeaderElection.java:logAndReturn(56)) - ccb54c7c-d652-4a32-8fba-bee4dbf2a7ee@group-F971E7EEC70F-LeaderElection11: Election REJECTED; received 2 response(s) [ccb54c7c-d652-4a32-8fba-bee4dbf2a7ee<-de33c61e-1baa-412c-a678-1642e68dfdea#0:FAIL-t7, ccb54c7c-d652-4a32-8fba-bee4dbf2a7ee<-413e678e-a618-4c92-927e-441fcc799019#0:FAIL-t7] and 0 exception(s); ccb54c7c-d652-4a32-8fba-bee4dbf2a7ee@group-F971E7EEC70F:t7, leader=null, voted=ccb54c7c-d652-4a32-8fba-bee4dbf2a7ee, raftlog=ccb54c7c-d652-4a32-8fba-bee4dbf2a7ee@group-F971E7EEC70F-SegmentedRaftLog:OPENED:c-1,f-1,i0, conf=-1: [de33c61e-1baa-412c-a678-1642e68dfdea:192.168.69.67:35710, 413e678e-a618-4c92-927e-441fcc799019:192.168.69.67:40351, ccb54c7c-d652-4a32-8fba-bee4dbf2a7ee:192.168.69.67:36515], old=null
2019-10-18 08:15:18,209 [ccb54c7c-d652-4a32-8fba-bee4dbf2a7ee@group-F971E7EEC70F-LeaderElection11] INFO  impl.RaftServerImpl (RaftServerImpl.java:setRole(184)) - ccb54c7c-d652-4a32-8fba-bee4dbf2a7ee@group-F971E7EEC70F: changes role from CANDIDATE to FOLLOWER at term 7 for DISCOVERED_A_NEW_TERM
2019-10-18 08:15:18,210 [ccb54c7c-d652-4a32-8fba-bee4dbf2a7ee@group-F971E7EEC70F-LeaderElection11] INFO  impl.RoleInfo (RoleInfo.java:shutdownLeaderElection(134)) - ccb54c7c-d652-4a32-8fba-bee4dbf2a7ee: shutdown LeaderElection
2019-10-18 08:15:18,210 [ccb54c7c-d652-4a32-8fba-bee4dbf2a7ee@group-F971E7EEC70F-LeaderElection11] INFO  impl.RoleInfo (RoleInfo.java:updateAndGet(143)) - ccb54c7c-d652-4a32-8fba-bee4dbf2a7ee: start FollowerState
2019-10-18 08:15:18,380 [Thread-536] INFO  impl.FollowerState (FollowerState.java:run(108)) - ccb54c7c-d652-4a32-8fba-bee4dbf2a7ee@group-F971E7EEC70F-FollowerState: change to CANDIDATE, lastRpcTime:170ms, electionTimeout:170ms
2019-10-18 08:15:18,381 [Thread-536] INFO  impl.RoleInfo (RoleInfo.java:shutdownFollowerState(121)) - ccb54c7c-d652-4a32-8fba-bee4dbf2a7ee: shutdown FollowerState
2019-10-18 08:15:18,382 [Thread-536] INFO  impl.RaftServerImpl (RaftServerImpl.java:setRole(184)) - ccb54c7c-d652-4a32-8fba-bee4dbf2a7ee@group-F971E7EEC70F: changes role from  FOLLOWER to CANDIDATE at term 7 for changeToCandidate
2019-10-18 08:15:18,382 [Thread-536] INFO  impl.RoleInfo (RoleInfo.java:updateAndGet(143)) - ccb54c7c-d652-4a32-8fba-bee4dbf2a7ee: start LeaderElection
2019-10-18 08:15:18,397 [ccb54c7c-d652-4a32-8fba-bee4dbf2a7ee@group-F971E7EEC70F-LeaderElection12] INFO  impl.LeaderElection (LeaderElection.java:askForVotes(178)) - ccb54c7c-d652-4a32-8fba-bee4dbf2a7ee@group-F971E7EEC70F-LeaderElection12: begin an election at term 8 for -1: [de33c61e-1baa-412c-a678-1642e68dfdea:192.168.69.67:35710, 413e678e-a618-4c92-927e-441fcc799019:192.168.69.67:40351, ccb54c7c-d652-4a32-8fba-bee4dbf2a7ee:192.168.69.67:36515], old=null
2019-10-18 08:15:18,404 [grpc-default-executor-3] INFO  impl.RaftServerImpl (RaftServerImpl.java:setRole(184)) - de33c61e-1baa-412c-a678-1642e68dfdea@group-F971E7EEC70F: changes role from  FOLLOWER to FOLLOWER at term 8 for recognizeCandidate:ccb54c7c-d652-4a32-8fba-bee4dbf2a7ee
2019-10-18 08:15:18,404 [grpc-default-executor-3] INFO  impl.RoleInfo (RoleInfo.java:shutdownFollowerState(121)) - de33c61e-1baa-412c-a678-1642e68dfdea: shutdown FollowerState
2019-10-18 08:15:18,404 [grpc-default-executor-0] INFO  impl.RaftServerImpl (RaftServerImpl.java:setRole(184)) - 413e678e-a618-4c92-927e-441fcc799019@group-F971E7EEC70F: changes role from  FOLLOWER to FOLLOWER at term 8 for recognizeCandidate:ccb54c7c-d652-4a32-8fba-bee4dbf2a7ee
2019-10-18 08:15:18,404 [Thread-535] INFO  impl.FollowerState (FollowerState.java:run(117)) - de33c61e-1baa-412c-a678-1642e68dfdea@group-F971E7EEC70F-FollowerState was interrupted: java.lang.InterruptedException: sleep interrupted
2019-10-18 08:15:18,404 [grpc-default-executor-3] INFO  impl.RoleInfo (RoleInfo.java:updateAndGet(143)) - de33c61e-1baa-412c-a678-1642e68dfdea: start FollowerState
2019-10-18 08:15:18,405 [grpc-default-executor-0] INFO  impl.RoleInfo (RoleInfo.java:shutdownFollowerState(121)) - 413e678e-a618-4c92-927e-441fcc799019: shutdown FollowerState
2019-10-18 08:15:18,406 [Thread-534] INFO  impl.FollowerState (FollowerState.java:run(117)) - 413e678e-a618-4c92-927e-441fcc799019@group-F971E7EEC70F-FollowerState was interrupted: java.lang.InterruptedException: sleep interrupted
2019-10-18 08:15:18,406 [grpc-default-executor-0] INFO  impl.RoleInfo (RoleInfo.java:updateAndGet(143)) - 413e678e-a618-4c92-927e-441fcc799019: start FollowerState
2019-10-18 08:15:18,433 [ccb54c7c-d652-4a32-8fba-bee4dbf2a7ee@group-F971E7EEC70F-LeaderElection12] INFO  impl.LeaderElection (LeaderElection.java:logAndReturn(56)) - ccb54c7c-d652-4a32-8fba-bee4dbf2a7ee@group-F971E7EEC70F-LeaderElection12: Election REJECTED; received 2 response(s) [ccb54c7c-d652-4a32-8fba-bee4dbf2a7ee<-de33c61e-1baa-412c-a678-1642e68dfdea#0:FAIL-t8, ccb54c7c-d652-4a32-8fba-bee4dbf2a7ee<-413e678e-a618-4c92-927e-441fcc799019#0:FAIL-t8] and 0 exception(s); ccb54c7c-d652-4a32-8fba-bee4dbf2a7ee@group-F971E7EEC70F:t8, leader=null, voted=ccb54c7c-d652-4a32-8fba-bee4dbf2a7ee, raftlog=ccb54c7c-d652-4a32-8fba-bee4dbf2a7ee@group-F971E7EEC70F-SegmentedRaftLog:OPENED:c-1,f-1,i0, conf=-1: [de33c61e-1baa-412c-a678-1642e68dfdea:192.168.69.67:35710, 413e678e-a618-4c92-927e-441fcc799019:192.168.69.67:40351, ccb54c7c-d652-4a32-8fba-bee4dbf2a7ee:192.168.69.67:36515], old=null
2019-10-18 08:15:18,433 [ccb54c7c-d652-4a32-8fba-bee4dbf2a7ee@group-F971E7EEC70F-LeaderElection12] INFO  impl.RaftServerImpl (RaftServerImpl.java:setRole(184)) - ccb54c7c-d652-4a32-8fba-bee4dbf2a7ee@group-F971E7EEC70F: changes role from CANDIDATE to FOLLOWER at term 8 for DISCOVERED_A_NEW_TERM
2019-10-18 08:15:18,434 [ccb54c7c-d652-4a32-8fba-bee4dbf2a7ee@group-F971E7EEC70F-LeaderElection12] INFO  impl.RoleInfo (RoleInfo.java:shutdownLeaderElection(134)) - ccb54c7c-d652-4a32-8fba-bee4dbf2a7ee: shutdown LeaderElection
2019-10-18 08:15:18,434 [ccb54c7c-d652-4a32-8fba-bee4dbf2a7ee@group-F971E7EEC70F-LeaderElection12] INFO  impl.RoleInfo (RoleInfo.java:updateAndGet(143)) - ccb54c7c-d652-4a32-8fba-bee4dbf2a7ee: start FollowerState
2019-10-18 08:15:18,592 [Thread-542] INFO  impl.FollowerState (FollowerState.java:run(108)) - ccb54c7c-d652-4a32-8fba-bee4dbf2a7ee@group-F971E7EEC70F-FollowerState: change to CANDIDATE, lastRpcTime:158ms, electionTimeout:158ms
2019-10-18 08:15:18,594 [Thread-542] INFO  impl.RoleInfo (RoleInfo.java:shutdownFollowerState(121)) - ccb54c7c-d652-4a32-8fba-bee4dbf2a7ee: shutdown FollowerState
2019-10-18 08:15:18,594 [Thread-542] INFO  impl.RaftServerImpl (RaftServerImpl.java:setRole(184)) - ccb54c7c-d652-4a32-8fba-bee4dbf2a7ee@group-F971E7EEC70F: changes role from  FOLLOWER to CANDIDATE at term 8 for changeToCandidate
2019-10-18 08:15:18,595 [Thread-542] INFO  impl.RoleInfo (RoleInfo.java:updateAndGet(143)) - ccb54c7c-d652-4a32-8fba-bee4dbf2a7ee: start LeaderElection
2019-10-18 08:15:18,609 [ccb54c7c-d652-4a32-8fba-bee4dbf2a7ee@group-F971E7EEC70F-LeaderElection13] INFO  impl.LeaderElection (LeaderElection.java:askForVotes(178)) - ccb54c7c-d652-4a32-8fba-bee4dbf2a7ee@group-F971E7EEC70F-LeaderElection13: begin an election at term 9 for -1: [de33c61e-1baa-412c-a678-1642e68dfdea:192.168.69.67:35710, 413e678e-a618-4c92-927e-441fcc799019:192.168.69.67:40351, ccb54c7c-d652-4a32-8fba-bee4dbf2a7ee:192.168.69.67:36515], old=null
2019-10-18 08:15:18,613 [grpc-default-executor-0] INFO  impl.RaftServerImpl (RaftServerImpl.java:setRole(184)) - 413e678e-a618-4c92-927e-441fcc799019@group-F971E7EEC70F: changes role from  FOLLOWER to FOLLOWER at term 9 for recognizeCandidate:ccb54c7c-d652-4a32-8fba-bee4dbf2a7ee
2019-10-18 08:15:18,613 [grpc-default-executor-3] INFO  impl.RaftServerImpl (RaftServerImpl.java:setRole(184)) - de33c61e-1baa-412c-a678-1642e68dfdea@group-F971E7EEC70F: changes role from  FOLLOWER to FOLLOWER at term 9 for recognizeCandidate:ccb54c7c-d652-4a32-8fba-bee4dbf2a7ee
2019-10-18 08:15:18,613 [grpc-default-executor-0] INFO  impl.RoleInfo (RoleInfo.java:shutdownFollowerState(121)) - 413e678e-a618-4c92-927e-441fcc799019: shutdown FollowerState
2019-10-18 08:15:18,613 [grpc-default-executor-3] INFO  impl.RoleInfo (RoleInfo.java:shutdownFollowerState(121)) - de33c61e-1baa-412c-a678-1642e68dfdea: shutdown FollowerState
2019-10-18 08:15:18,613 [Thread-541] INFO  impl.FollowerState (FollowerState.java:run(117)) - 413e678e-a618-4c92-927e-441fcc799019@group-F971E7EEC70F-FollowerState was interrupted: java.lang.InterruptedException: sleep interrupted
2019-10-18 08:15:18,613 [Thread-540] INFO  impl.FollowerState (FollowerState.java:run(117)) - de33c61e-1baa-412c-a678-1642e68dfdea@group-F971E7EEC70F-FollowerState was interrupted: java.lang.InterruptedException: sleep interrupted
2019-10-18 08:15:18,613 [grpc-default-executor-0] INFO  impl.RoleInfo (RoleInfo.java:updateAndGet(143)) - 413e678e-a618-4c92-927e-441fcc799019: start FollowerState
2019-10-18 08:15:18,613 [grpc-default-executor-3] INFO  impl.RoleInfo (RoleInfo.java:updateAndGet(143)) - de33c61e-1baa-412c-a678-1642e68dfdea: start FollowerState
2019-10-18 08:15:18,642 [ccb54c7c-d652-4a32-8fba-bee4dbf2a7ee@group-F971E7EEC70F-LeaderElection13] INFO  impl.LeaderElection (LeaderElection.java:logAndReturn(56)) - ccb54c7c-d652-4a32-8fba-bee4dbf2a7ee@group-F971E7EEC70F-LeaderElection13: Election REJECTED; received 2 response(s) [ccb54c7c-d652-4a32-8fba-bee4dbf2a7ee<-de33c61e-1baa-412c-a678-1642e68dfdea#0:FAIL-t9, ccb54c7c-d652-4a32-8fba-bee4dbf2a7ee<-413e678e-a618-4c92-927e-441fcc799019#0:FAIL-t9] and 0 exception(s); ccb54c7c-d652-4a32-8fba-bee4dbf2a7ee@group-F971E7EEC70F:t9, leader=null, voted=ccb54c7c-d652-4a32-8fba-bee4dbf2a7ee, raftlog=ccb54c7c-d652-4a32-8fba-bee4dbf2a7ee@group-F971E7EEC70F-SegmentedRaftLog:OPENED:c-1,f-1,i0, conf=-1: [de33c61e-1baa-412c-a678-1642e68dfdea:192.168.69.67:35710, 413e678e-a618-4c92-927e-441fcc799019:192.168.69.67:40351, ccb54c7c-d652-4a32-8fba-bee4dbf2a7ee:192.168.69.67:36515], old=null
2019-10-18 08:15:18,643 [ccb54c7c-d652-4a32-8fba-bee4dbf2a7ee@group-F971E7EEC70F-LeaderElection13] INFO  impl.RaftServerImpl (RaftServerImpl.java:setRole(184)) - ccb54c7c-d652-4a32-8fba-bee4dbf2a7ee@group-F971E7EEC70F: changes role from CANDIDATE to FOLLOWER at term 9 for DISCOVERED_A_NEW_TERM
2019-10-18 08:15:18,643 [ccb54c7c-d652-4a32-8fba-bee4dbf2a7ee@group-F971E7EEC70F-LeaderElection13] INFO  impl.RoleInfo (RoleInfo.java:shutdownLeaderElection(134)) - ccb54c7c-d652-4a32-8fba-bee4dbf2a7ee: shutdown LeaderElection
2019-10-18 08:15:18,643 [ccb54c7c-d652-4a32-8fba-bee4dbf2a7ee@group-F971E7EEC70F-LeaderElection13] INFO  impl.RoleInfo (RoleInfo.java:updateAndGet(143)) - ccb54c7c-d652-4a32-8fba-bee4dbf2a7ee: start FollowerState
2019-10-18 08:15:18,671 [Thread-548] INFO  impl.FollowerState (FollowerState.java:run(108)) - ccb54c7c-d652-4a32-8fba-bee4dbf2a7ee@group-F971E7EEC70F-FollowerState: change to CANDIDATE, lastRpcTime:28ms, electionTimeout:28ms
2019-10-18 08:15:18,679 [Thread-548] INFO  impl.RoleInfo (RoleInfo.java:shutdownFollowerState(121)) - ccb54c7c-d652-4a32-8fba-bee4dbf2a7ee: shutdown FollowerState
2019-10-18 08:15:18,679 [Thread-548] INFO  impl.RaftServerImpl (RaftServerImpl.java:setRole(184)) - ccb54c7c-d652-4a32-8fba-bee4dbf2a7ee@group-F971E7EEC70F: changes role from  FOLLOWER to CANDIDATE at term 9 for changeToCandidate
2019-10-18 08:15:18,680 [Thread-548] INFO  impl.RoleInfo (RoleInfo.java:updateAndGet(143)) - ccb54c7c-d652-4a32-8fba-bee4dbf2a7ee: start LeaderElection
2019-10-18 08:15:18,695 [ccb54c7c-d652-4a32-8fba-bee4dbf2a7ee@group-F971E7EEC70F-LeaderElection14] INFO  impl.LeaderElection (LeaderElection.java:askForVotes(178)) - ccb54c7c-d652-4a32-8fba-bee4dbf2a7ee@group-F971E7EEC70F-LeaderElection14: begin an election at term 10 for -1: [de33c61e-1baa-412c-a678-1642e68dfdea:192.168.69.67:35710, 413e678e-a618-4c92-927e-441fcc799019:192.168.69.67:40351, ccb54c7c-d652-4a32-8fba-bee4dbf2a7ee:192.168.69.67:36515], old=null
2019-10-18 08:15:18,700 [grpc-default-executor-3] INFO  impl.RaftServerImpl (RaftServerImpl.java:setRole(184)) - de33c61e-1baa-412c-a678-1642e68dfdea@group-F971E7EEC70F: changes role from  FOLLOWER to FOLLOWER at term 10 for recognizeCandidate:ccb54c7c-d652-4a32-8fba-bee4dbf2a7ee
2019-10-18 08:15:18,700 [grpc-default-executor-0] INFO  impl.RaftServerImpl (RaftServerImpl.java:setRole(184)) - 413e678e-a618-4c92-927e-441fcc799019@group-F971E7EEC70F: changes role from  FOLLOWER to FOLLOWER at term 10 for recognizeCandidate:ccb54c7c-d652-4a32-8fba-bee4dbf2a7ee
2019-10-18 08:15:18,700 [grpc-default-executor-3] INFO  impl.RoleInfo (RoleInfo.java:shutdownFollowerState(121)) - de33c61e-1baa-412c-a678-1642e68dfdea: shutdown FollowerState
2019-10-18 08:15:18,700 [grpc-default-executor-0] INFO  impl.RoleInfo (RoleInfo.java:shutdownFollowerState(121)) - 413e678e-a618-4c92-927e-441fcc799019: shutdown FollowerState
2019-10-18 08:15:18,701 [Thread-547] INFO  impl.FollowerState (FollowerState.java:run(117)) - de33c61e-1baa-412c-a678-1642e68dfdea@group-F971E7EEC70F-FollowerState was interrupted: java.lang.InterruptedException: sleep interrupted
2019-10-18 08:15:18,701 [Thread-546] INFO  impl.FollowerState (FollowerState.java:run(117)) - 413e678e-a618-4c92-927e-441fcc799019@group-F971E7EEC70F-FollowerState was interrupted: java.lang.InterruptedException: sleep interrupted
2019-10-18 08:15:18,701 [grpc-default-executor-3] INFO  impl.RoleInfo (RoleInfo.java:updateAndGet(143)) - de33c61e-1baa-412c-a678-1642e68dfdea: start FollowerState
2019-10-18 08:15:18,701 [grpc-default-executor-0] INFO  impl.RoleInfo (RoleInfo.java:updateAndGet(143)) - 413e678e-a618-4c92-927e-441fcc799019: start FollowerState
 0.00% |?                                                                                                    |  0/1 Time: 0:00:012019-10-18 08:15:18,729 [ccb54c7c-d652-4a32-8fba-bee4dbf2a7ee@group-F971E7EEC70F-LeaderElection14] INFO  impl.LeaderElection (LeaderElection.java:logAndReturn(56)) - ccb54c7c-d652-4a32-8fba-bee4dbf2a7ee@group-F971E7EEC70F-LeaderElection14: Election REJECTED; received 2 response(s) [ccb54c7c-d652-4a32-8fba-bee4dbf2a7ee<-de33c61e-1baa-412c-a678-1642e68dfdea#0:FAIL-t10, ccb54c7c-d652-4a32-8fba-bee4dbf2a7ee<-413e678e-a618-4c92-927e-441fcc799019#0:FAIL-t10] and 0 exception(s); ccb54c7c-d652-4a32-8fba-bee4dbf2a7ee@group-F971E7EEC70F:t10, leader=null, voted=ccb54c7c-d652-4a32-8fba-bee4dbf2a7ee, raftlog=ccb54c7c-d652-4a32-8fba-bee4dbf2a7ee@group-F971E7EEC70F-SegmentedRaftLog:OPENED:c-1,f-1,i0, conf=-1: [de33c61e-1baa-412c-a678-1642e68dfdea:192.168.69.67:35710, 413e678e-a618-4c92-927e-441fcc799019:192.168.69.67:40351, ccb54c7c-d652-4a32-8fba-bee4dbf2a7ee:192.168.69.67:36515], old=null
2019-10-18 08:15:18,730 [ccb54c7c-d652-4a32-8fba-bee4dbf2a7ee@group-F971E7EEC70F-LeaderElection14] INFO  impl.RaftServerImpl (RaftServerImpl.java:setRole(184)) - ccb54c7c-d652-4a32-8fba-bee4dbf2a7ee@group-F971E7EEC70F: changes role from CANDIDATE to FOLLOWER at term 10 for DISCOVERED_A_NEW_TERM
2019-10-18 08:15:18,730 [ccb54c7c-d652-4a32-8fba-bee4dbf2a7ee@group-F971E7EEC70F-LeaderElection14] INFO  impl.RoleInfo (RoleInfo.java:shutdownLeaderElection(134)) - ccb54c7c-d652-4a32-8fba-bee4dbf2a7ee: shutdown LeaderElection
2019-10-18 08:15:18,730 [ccb54c7c-d652-4a32-8fba-bee4dbf2a7ee@group-F971E7EEC70F-LeaderElection14] INFO  impl.RoleInfo (RoleInfo.java:updateAndGet(143)) - ccb54c7c-d652-4a32-8fba-bee4dbf2a7ee: start FollowerState
2019-10-18 08:15:18,744 [Thread-554] INFO  impl.FollowerState (FollowerState.java:run(108)) - ccb54c7c-d652-4a32-8fba-bee4dbf2a7ee@group-F971E7EEC70F-FollowerState: change to CANDIDATE, lastRpcTime:14ms, electionTimeout:14ms
2019-10-18 08:15:18,746 [Thread-554] INFO  impl.RoleInfo (RoleInfo.java:shutdownFollowerState(121)) - ccb54c7c-d652-4a32-8fba-bee4dbf2a7ee: shutdown FollowerState
2019-10-18 08:15:18,746 [Thread-554] INFO  impl.RaftServerImpl (RaftServerImpl.java:setRole(184)) - ccb54c7c-d652-4a32-8fba-bee4dbf2a7ee@group-F971E7EEC70F: changes role from  FOLLOWER to CANDIDATE at term 10 for changeToCandidate
2019-10-18 08:15:18,746 [Thread-554] INFO  impl.RoleInfo (RoleInfo.java:updateAndGet(143)) - ccb54c7c-d652-4a32-8fba-bee4dbf2a7ee: start LeaderElection
2019-10-18 08:15:18,761 [ccb54c7c-d652-4a32-8fba-bee4dbf2a7ee@group-F971E7EEC70F-LeaderElection15] INFO  impl.LeaderElection (LeaderElection.java:askForVotes(178)) - ccb54c7c-d652-4a32-8fba-bee4dbf2a7ee@group-F971E7EEC70F-LeaderElection15: begin an election at term 11 for -1: [de33c61e-1baa-412c-a678-1642e68dfdea:192.168.69.67:35710, 413e678e-a618-4c92-927e-441fcc799019:192.168.69.67:40351, ccb54c7c-d652-4a32-8fba-bee4dbf2a7ee:192.168.69.67:36515], old=null
2019-10-18 08:15:18,764 [grpc-default-executor-0] INFO  impl.RaftServerImpl (RaftServerImpl.java:setRole(184)) - de33c61e-1baa-412c-a678-1642e68dfdea@group-F971E7EEC70F: changes role from  FOLLOWER to FOLLOWER at term 11 for recognizeCandidate:ccb54c7c-d652-4a32-8fba-bee4dbf2a7ee
2019-10-18 08:15:18,764 [grpc-default-executor-0] INFO  impl.RoleInfo (RoleInfo.java:shutdownFollowerState(121)) - de33c61e-1baa-412c-a678-1642e68dfdea: shutdown FollowerState
2019-10-18 08:15:18,764 [grpc-default-executor-3] INFO  impl.RaftServerImpl (RaftServerImpl.java:setRole(184)) - 413e678e-a618-4c92-927e-441fcc799019@group-F971E7EEC70F: changes role from  FOLLOWER to FOLLOWER at term 11 for recognizeCandidate:ccb54c7c-d652-4a32-8fba-bee4dbf2a7ee
2019-10-18 08:15:18,764 [grpc-default-executor-0] INFO  impl.RoleInfo (RoleInfo.java:updateAndGet(143)) - de33c61e-1baa-412c-a678-1642e68dfdea: start FollowerState
2019-10-18 08:15:18,764 [Thread-552] INFO  impl.FollowerState (FollowerState.java:run(117)) - de33c61e-1baa-412c-a678-1642e68dfdea@group-F971E7EEC70F-FollowerState was interrupted: java.lang.InterruptedException: sleep interrupted
2019-10-18 08:15:18,764 [grpc-default-executor-3] INFO  impl.RoleInfo (RoleInfo.java:shutdownFollowerState(121)) - 413e678e-a618-4c92-927e-441fcc799019: shutdown FollowerState
2019-10-18 08:15:18,766 [grpc-default-executor-3] INFO  impl.RoleInfo (RoleInfo.java:updateAndGet(143)) - 413e678e-a618-4c92-927e-441fcc799019: start FollowerState
2019-10-18 08:15:18,766 [Thread-553] INFO  impl.FollowerState (FollowerState.java:run(117)) - 413e678e-a618-4c92-927e-441fcc799019@group-F971E7EEC70F-FollowerState was interrupted: java.lang.InterruptedException: sleep interrupted
2019-10-18 08:15:18,792 [ccb54c7c-d652-4a32-8fba-bee4dbf2a7ee@group-F971E7EEC70F-LeaderElection15] INFO  impl.LeaderElection (LeaderElection.java:logAndReturn(56)) - ccb54c7c-d652-4a32-8fba-bee4dbf2a7ee@group-F971E7EEC70F-LeaderElection15: Election REJECTED; received 2 response(s) [ccb54c7c-d652-4a32-8fba-bee4dbf2a7ee<-de33c61e-1baa-412c-a678-1642e68dfdea#0:FAIL-t11, ccb54c7c-d652-4a32-8fba-bee4dbf2a7ee<-413e678e-a618-4c92-927e-441fcc799019#0:FAIL-t11] and 0 exception(s); ccb54c7c-d652-4a32-8fba-bee4dbf2a7ee@group-F971E7EEC70F:t11, leader=null, voted=ccb54c7c-d652-4a32-8fba-bee4dbf2a7ee, raftlog=ccb54c7c-d652-4a32-8fba-bee4dbf2a7ee@group-F971E7EEC70F-SegmentedRaftLog:OPENED:c-1,f-1,i0, conf=-1: [de33c61e-1baa-412c-a678-1642e68dfdea:192.168.69.67:35710, 413e678e-a618-4c92-927e-441fcc799019:192.168.69.67:40351, ccb54c7c-d652-4a32-8fba-bee4dbf2a7ee:192.168.69.67:36515], old=null
2019-10-18 08:15:18,792 [ccb54c7c-d652-4a32-8fba-bee4dbf2a7ee@group-F971E7EEC70F-LeaderElection15] INFO  impl.RaftServerImpl (RaftServerImpl.java:setRole(184)) - ccb54c7c-d652-4a32-8fba-bee4dbf2a7ee@group-F971E7EEC70F: changes role from CANDIDATE to FOLLOWER at term 11 for DISCOVERED_A_NEW_TERM
2019-10-18 08:15:18,792 [ccb54c7c-d652-4a32-8fba-bee4dbf2a7ee@group-F971E7EEC70F-LeaderElection15] INFO  impl.RoleInfo (RoleInfo.java:shutdownLeaderElection(134)) - ccb54c7c-d652-4a32-8fba-bee4dbf2a7ee: shutdown LeaderElection
2019-10-18 08:15:18,792 [ccb54c7c-d652-4a32-8fba-bee4dbf2a7ee@group-F971E7EEC70F-LeaderElection15] INFO  impl.RoleInfo (RoleInfo.java:updateAndGet(143)) - ccb54c7c-d652-4a32-8fba-bee4dbf2a7ee: start FollowerState
2019-10-18 08:15:18,871 [Thread-560] INFO  impl.FollowerState (FollowerState.java:run(108)) - ccb54c7c-d652-4a32-8fba-bee4dbf2a7ee@group-F971E7EEC70F-FollowerState: change to CANDIDATE, lastRpcTime:78ms, electionTimeout:78ms
2019-10-18 08:15:18,873 [Thread-560] INFO  impl.RoleInfo (RoleInfo.java:shutdownFollowerState(121)) - ccb54c7c-d652-4a32-8fba-bee4dbf2a7ee: shutdown FollowerState
2019-10-18 08:15:18,873 [Thread-560] INFO  impl.RaftServerImpl (RaftServerImpl.java:setRole(184)) - ccb54c7c-d652-4a32-8fba-bee4dbf2a7ee@group-F971E7EEC70F: changes role from  FOLLOWER to CANDIDATE at term 11 for changeToCandidate
2019-10-18 08:15:18,873 [Thread-560] INFO  impl.RoleInfo (RoleInfo.java:updateAndGet(143)) - ccb54c7c-d652-4a32-8fba-bee4dbf2a7ee: start LeaderElection
2019-10-18 08:15:18,891 [ccb54c7c-d652-4a32-8fba-bee4dbf2a7ee@group-F971E7EEC70F-LeaderElection16] INFO  impl.LeaderElection (LeaderElection.java:askForVotes(178)) - ccb54c7c-d652-4a32-8fba-bee4dbf2a7ee@group-F971E7EEC70F-LeaderElection16: begin an election at term 12 for -1: [de33c61e-1baa-412c-a678-1642e68dfdea:192.168.69.67:35710, 413e678e-a618-4c92-927e-441fcc799019:192.168.69.67:40351, ccb54c7c-d652-4a32-8fba-bee4dbf2a7ee:192.168.69.67:36515], old=null
2019-10-18 08:15:18,894 [grpc-default-executor-0] INFO  impl.RaftServerImpl (RaftServerImpl.java:setRole(184)) - 413e678e-a618-4c92-927e-441fcc799019@group-F971E7EEC70F: changes role from  FOLLOWER to FOLLOWER at term 12 for recognizeCandidate:ccb54c7c-d652-4a32-8fba-bee4dbf2a7ee
2019-10-18 08:15:18,894 [grpc-default-executor-3] INFO  impl.RaftServerImpl (RaftServerImpl.java:setRole(184)) - de33c61e-1baa-412c-a678-1642e68dfdea@group-F971E7EEC70F: changes role from  FOLLOWER to FOLLOWER at term 12 for recognizeCandidate:ccb54c7c-d652-4a32-8fba-bee4dbf2a7ee
2019-10-18 08:15:18,895 [grpc-default-executor-0] INFO  impl.RoleInfo (RoleInfo.java:shutdownFollowerState(121)) - 413e678e-a618-4c92-927e-441fcc799019: shutdown FollowerState
2019-10-18 08:15:18,895 [grpc-default-executor-3] INFO  impl.RoleInfo (RoleInfo.java:shutdownFollowerState(121)) - de33c61e-1baa-412c-a678-1642e68dfdea: shutdown FollowerState
2019-10-18 08:15:18,895 [Thread-559] INFO  impl.FollowerState (FollowerState.java:run(117)) - 413e678e-a618-4c92-927e-441fcc799019@group-F971E7EEC70F-FollowerState was interrupted: java.lang.InterruptedException: sleep interrupted
2019-10-18 08:15:18,895 [Thread-558] INFO  impl.FollowerState (FollowerState.java:run(117)) - de33c61e-1baa-412c-a678-1642e68dfdea@group-F971E7EEC70F-FollowerState was interrupted: java.lang.InterruptedException: sleep interrupted
2019-10-18 08:15:18,895 [grpc-default-executor-0] INFO  impl.RoleInfo (RoleInfo.java:updateAndGet(143)) - 413e678e-a618-4c92-927e-441fcc799019: start FollowerState
2019-10-18 08:15:18,895 [grpc-default-executor-3] INFO  impl.RoleInfo (RoleInfo.java:updateAndGet(143)) - de33c61e-1baa-412c-a678-1642e68dfdea: start FollowerState
2019-10-18 08:15:18,913 [ccb54c7c-d652-4a32-8fba-bee4dbf2a7ee@group-F971E7EEC70F-LeaderElection16] INFO  impl.LeaderElection (LeaderElection.java:logAndReturn(56)) - ccb54c7c-d652-4a32-8fba-bee4dbf2a7ee@group-F971E7EEC70F-LeaderElection16: Election REJECTED; received 2 response(s) [ccb54c7c-d652-4a32-8fba-bee4dbf2a7ee<-de33c61e-1baa-412c-a678-1642e68dfdea#0:FAIL-t12, ccb54c7c-d652-4a32-8fba-bee4dbf2a7ee<-413e678e-a618-4c92-927e-441fcc799019#0:FAIL-t12] and 0 exception(s); ccb54c7c-d652-4a32-8fba-bee4dbf2a7ee@group-F971E7EEC70F:t12, leader=null, voted=ccb54c7c-d652-4a32-8fba-bee4dbf2a7ee, raftlog=ccb54c7c-d652-4a32-8fba-bee4dbf2a7ee@group-F971E7EEC70F-SegmentedRaftLog:OPENED:c-1,f-1,i0, conf=-1: [de33c61e-1baa-412c-a678-1642e68dfdea:192.168.69.67:35710, 413e678e-a618-4c92-927e-441fcc799019:192.168.69.67:40351, ccb54c7c-d652-4a32-8fba-bee4dbf2a7ee:192.168.69.67:36515], old=null
2019-10-18 08:15:18,914 [ccb54c7c-d652-4a32-8fba-bee4dbf2a7ee@group-F971E7EEC70F-LeaderElection16] INFO  impl.RaftServerImpl (RaftServerImpl.java:setRole(184)) - ccb54c7c-d652-4a32-8fba-bee4dbf2a7ee@group-F971E7EEC70F: changes role from CANDIDATE to FOLLOWER at term 12 for DISCOVERED_A_NEW_TERM
2019-10-18 08:15:18,914 [ccb54c7c-d652-4a32-8fba-bee4dbf2a7ee@group-F971E7EEC70F-LeaderElection16] INFO  impl.RoleInfo (RoleInfo.java:shutdownLeaderElection(134)) - ccb54c7c-d652-4a32-8fba-bee4dbf2a7ee: shutdown LeaderElection
2019-10-18 08:15:18,914 [ccb54c7c-d652-4a32-8fba-bee4dbf2a7ee@group-F971E7EEC70F-LeaderElection16] INFO  impl.RoleInfo (RoleInfo.java:updateAndGet(143)) - ccb54c7c-d652-4a32-8fba-bee4dbf2a7ee: start FollowerState
2019-10-18 08:15:19,003 [Thread-566] INFO  impl.FollowerState (FollowerState.java:run(108)) - ccb54c7c-d652-4a32-8fba-bee4dbf2a7ee@group-F971E7EEC70F-FollowerState: change to CANDIDATE, lastRpcTime:88ms, electionTimeout:88ms
2019-10-18 08:15:19,004 [Thread-566] INFO  impl.RoleInfo (RoleInfo.java:shutdownFollowerState(121)) - ccb54c7c-d652-4a32-8fba-bee4dbf2a7ee: shutdown FollowerState
2019-10-18 08:15:19,005 [Thread-566] INFO  impl.RaftServerImpl (RaftServerImpl.java:setRole(184)) - ccb54c7c-d652-4a32-8fba-bee4dbf2a7ee@group-F971E7EEC70F: changes role from  FOLLOWER to CANDIDATE at term 12 for changeToCandidate
2019-10-18 08:15:19,005 [Thread-566] INFO  impl.RoleInfo (RoleInfo.java:updateAndGet(143)) - ccb54c7c-d652-4a32-8fba-bee4dbf2a7ee: start LeaderElection
2019-10-18 08:15:19,031 [ccb54c7c-d652-4a32-8fba-bee4dbf2a7ee@group-F971E7EEC70F-LeaderElection17] INFO  impl.LeaderElection (LeaderElection.java:askForVotes(178)) - ccb54c7c-d652-4a32-8fba-bee4dbf2a7ee@group-F971E7EEC70F-LeaderElection17: begin an election at term 13 for -1: [de33c61e-1baa-412c-a678-1642e68dfdea:192.168.69.67:35710, 413e678e-a618-4c92-927e-441fcc799019:192.168.69.67:40351, ccb54c7c-d652-4a32-8fba-bee4dbf2a7ee:192.168.69.67:36515], old=null
2019-10-18 08:15:19,035 [grpc-default-executor-3] INFO  impl.RaftServerImpl (RaftServerImpl.java:setRole(184)) - de33c61e-1baa-412c-a678-1642e68dfdea@group-F971E7EEC70F: changes role from  FOLLOWER to FOLLOWER at term 13 for recognizeCandidate:ccb54c7c-d652-4a32-8fba-bee4dbf2a7ee
2019-10-18 08:15:19,035 [grpc-default-executor-0] INFO  impl.RaftServerImpl (RaftServerImpl.java:setRole(184)) - 413e678e-a618-4c92-927e-441fcc799019@group-F971E7EEC70F: changes role from  FOLLOWER to FOLLOWER at term 13 for recognizeCandidate:ccb54c7c-d652-4a32-8fba-bee4dbf2a7ee
2019-10-18 08:15:19,035 [grpc-default-executor-3] INFO  impl.RoleInfo (RoleInfo.java:shutdownFollowerState(121)) - de33c61e-1baa-412c-a678-1642e68dfdea: shutdown FollowerState
2019-10-18 08:15:19,035 [grpc-default-executor-0] INFO  impl.RoleInfo (RoleInfo.java:shutdownFollowerState(121)) - 413e678e-a618-4c92-927e-441fcc799019: shutdown FollowerState
2019-10-18 08:15:19,036 [Thread-565] INFO  impl.FollowerState (FollowerState.java:run(117)) - de33c61e-1baa-412c-a678-1642e68dfdea@group-F971E7EEC70F-FollowerState was interrupted: java.lang.InterruptedException: sleep interrupted
2019-10-18 08:15:19,035 [grpc-default-executor-3] INFO  impl.RoleInfo (RoleInfo.java:updateAndGet(143)) - de33c61e-1baa-412c-a678-1642e68dfdea: start FollowerState
2019-10-18 08:15:19,036 [Thread-564] INFO  impl.FollowerState (FollowerState.java:run(117)) - 413e678e-a618-4c92-927e-441fcc799019@group-F971E7EEC70F-FollowerState was interrupted: java.lang.InterruptedException: sleep interrupted
2019-10-18 08:15:19,036 [grpc-default-executor-0] INFO  impl.RoleInfo (RoleInfo.java:updateAndGet(143)) - 413e678e-a618-4c92-927e-441fcc799019: start FollowerState
2019-10-18 08:15:19,063 [ccb54c7c-d652-4a32-8fba-bee4dbf2a7ee@group-F971E7EEC70F-LeaderElection17] INFO  impl.LeaderElection (LeaderElection.java:logAndReturn(56)) - ccb54c7c-d652-4a32-8fba-bee4dbf2a7ee@group-F971E7EEC70F-LeaderElection17: Election REJECTED; received 2 response(s) [ccb54c7c-d652-4a32-8fba-bee4dbf2a7ee<-de33c61e-1baa-412c-a678-1642e68dfdea#0:FAIL-t13, ccb54c7c-d652-4a32-8fba-bee4dbf2a7ee<-413e678e-a618-4c92-927e-441fcc799019#0:FAIL-t13] and 0 exception(s); ccb54c7c-d652-4a32-8fba-bee4dbf2a7ee@group-F971E7EEC70F:t13, leader=null, voted=ccb54c7c-d652-4a32-8fba-bee4dbf2a7ee, raftlog=ccb54c7c-d652-4a32-8fba-bee4dbf2a7ee@group-F971E7EEC70F-SegmentedRaftLog:OPENED:c-1,f-1,i0, conf=-1: [de33c61e-1baa-412c-a678-1642e68dfdea:192.168.69.67:35710, 413e678e-a618-4c92-927e-441fcc799019:192.168.69.67:40351, ccb54c7c-d652-4a32-8fba-bee4dbf2a7ee:192.168.69.67:36515], old=null
2019-10-18 08:15:19,063 [ccb54c7c-d652-4a32-8fba-bee4dbf2a7ee@group-F971E7EEC70F-LeaderElection17] INFO  impl.RaftServerImpl (RaftServerImpl.java:setRole(184)) - ccb54c7c-d652-4a32-8fba-bee4dbf2a7ee@group-F971E7EEC70F: changes role from CANDIDATE to FOLLOWER at term 13 for DISCOVERED_A_NEW_TERM
2019-10-18 08:15:19,064 [ccb54c7c-d652-4a32-8fba-bee4dbf2a7ee@group-F971E7EEC70F-LeaderElection17] INFO  impl.RoleInfo (RoleInfo.java:shutdownLeaderElection(134)) - ccb54c7c-d652-4a32-8fba-bee4dbf2a7ee: shutdown LeaderElection
2019-10-18 08:15:19,064 [ccb54c7c-d652-4a32-8fba-bee4dbf2a7ee@group-F971E7EEC70F-LeaderElection17] INFO  impl.RoleInfo (RoleInfo.java:updateAndGet(143)) - ccb54c7c-d652-4a32-8fba-bee4dbf2a7ee: start FollowerState
2019-10-18 08:15:19,076 [Thread-572] INFO  impl.FollowerState (FollowerState.java:run(108)) - ccb54c7c-d652-4a32-8fba-bee4dbf2a7ee@group-F971E7EEC70F-FollowerState: change to CANDIDATE, lastRpcTime:12ms, electionTimeout:12ms
2019-10-18 08:15:19,078 [Thread-572] INFO  impl.RoleInfo (RoleInfo.java:shutdownFollowerState(121)) - ccb54c7c-d652-4a32-8fba-bee4dbf2a7ee: shutdown FollowerState
2019-10-18 08:15:19,078 [Thread-572] INFO  impl.RaftServerImpl (RaftServerImpl.java:setRole(184)) - ccb54c7c-d652-4a32-8fba-bee4dbf2a7ee@group-F971E7EEC70F: changes role from  FOLLOWER to CANDIDATE at term 13 for changeToCandidate
2019-10-18 08:15:19,078 [Thread-572] INFO  impl.RoleInfo (RoleInfo.java:updateAndGet(143)) - ccb54c7c-d652-4a32-8fba-bee4dbf2a7ee: start LeaderElection
2019-10-18 08:15:19,100 [ccb54c7c-d652-4a32-8fba-bee4dbf2a7ee@group-F971E7EEC70F-LeaderElection18] INFO  impl.LeaderElection (LeaderElection.java:askForVotes(178)) - ccb54c7c-d652-4a32-8fba-bee4dbf2a7ee@group-F971E7EEC70F-LeaderElection18: begin an election at term 14 for -1: [de33c61e-1baa-412c-a678-1642e68dfdea:192.168.69.67:35710, 413e678e-a618-4c92-927e-441fcc799019:192.168.69.67:40351, ccb54c7c-d652-4a32-8fba-bee4dbf2a7ee:192.168.69.67:36515], old=null
2019-10-18 08:15:19,103 [grpc-default-executor-3] INFO  impl.RaftServerImpl (RaftServerImpl.java:setRole(184)) - de33c61e-1baa-412c-a678-1642e68dfdea@group-F971E7EEC70F: changes role from  FOLLOWER to FOLLOWER at term 14 for recognizeCandidate:ccb54c7c-d652-4a32-8fba-bee4dbf2a7ee
2019-10-18 08:15:19,103 [grpc-default-executor-3] INFO  impl.RoleInfo (RoleInfo.java:shutdownFollowerState(121)) - de33c61e-1baa-412c-a678-1642e68dfdea: shutdown FollowerState
2019-10-18 08:15:19,103 [grpc-default-executor-0] INFO  impl.RaftServerImpl (RaftServerImpl.java:setRole(184)) - 413e678e-a618-4c92-927e-441fcc799019@group-F971E7EEC70F: changes role from  FOLLOWER to FOLLOWER at term 14 for recognizeCandidate:ccb54c7c-d652-4a32-8fba-bee4dbf2a7ee
2019-10-18 08:15:19,103 [Thread-570] INFO  impl.FollowerState (FollowerState.java:run(117)) - de33c61e-1baa-412c-a678-1642e68dfdea@group-F971E7EEC70F-FollowerState was interrupted: java.lang.InterruptedException: sleep interrupted
2019-10-18 08:15:19,103 [grpc-default-executor-3] INFO  impl.RoleInfo (RoleInfo.java:updateAndGet(143)) - de33c61e-1baa-412c-a678-1642e68dfdea: start FollowerState
2019-10-18 08:15:19,103 [grpc-default-executor-0] INFO  impl.RoleInfo (RoleInfo.java:shutdownFollowerState(121)) - 413e678e-a618-4c92-927e-441fcc799019: shutdown FollowerState
2019-10-18 08:15:19,104 [grpc-default-executor-0] INFO  impl.RoleInfo (RoleInfo.java:updateAndGet(143)) - 413e678e-a618-4c92-927e-441fcc799019: start FollowerState
2019-10-18 08:15:19,104 [Thread-571] INFO  impl.FollowerState (FollowerState.java:run(117)) - 413e678e-a618-4c92-927e-441fcc799019@group-F971E7EEC70F-FollowerState was interrupted: java.lang.InterruptedException: sleep interrupted
2019-10-18 08:15:19,130 [ccb54c7c-d652-4a32-8fba-bee4dbf2a7ee@group-F971E7EEC70F-LeaderElection18] INFO  impl.LeaderElection (LeaderElection.java:logAndReturn(56)) - ccb54c7c-d652-4a32-8fba-bee4dbf2a7ee@group-F971E7EEC70F-LeaderElection18: Election REJECTED; received 2 response(s) [ccb54c7c-d652-4a32-8fba-bee4dbf2a7ee<-de33c61e-1baa-412c-a678-1642e68dfdea#0:FAIL-t14, ccb54c7c-d652-4a32-8fba-bee4dbf2a7ee<-413e678e-a618-4c92-927e-441fcc799019#0:FAIL-t14] and 0 exception(s); ccb54c7c-d652-4a32-8fba-bee4dbf2a7ee@group-F971E7EEC70F:t14, leader=null, voted=ccb54c7c-d652-4a32-8fba-bee4dbf2a7ee, raftlog=ccb54c7c-d652-4a32-8fba-bee4dbf2a7ee@group-F971E7EEC70F-SegmentedRaftLog:OPENED:c-1,f-1,i0, conf=-1: [de33c61e-1baa-412c-a678-1642e68dfdea:192.168.69.67:35710, 413e678e-a618-4c92-927e-441fcc799019:192.168.69.67:40351, ccb54c7c-d652-4a32-8fba-bee4dbf2a7ee:192.168.69.67:36515], old=null
2019-10-18 08:15:19,131 [ccb54c7c-d652-4a32-8fba-bee4dbf2a7ee@group-F971E7EEC70F-LeaderElection18] INFO  impl.RaftServerImpl (RaftServerImpl.java:setRole(184)) - ccb54c7c-d652-4a32-8fba-bee4dbf2a7ee@group-F971E7EEC70F: changes role from CANDIDATE to FOLLOWER at term 14 for DISCOVERED_A_NEW_TERM
2019-10-18 08:15:19,131 [ccb54c7c-d652-4a32-8fba-bee4dbf2a7ee@group-F971E7EEC70F-LeaderElection18] INFO  impl.RoleInfo (RoleInfo.java:shutdownLeaderElection(134)) - ccb54c7c-d652-4a32-8fba-bee4dbf2a7ee: shutdown LeaderElection
2019-10-18 08:15:19,131 [ccb54c7c-d652-4a32-8fba-bee4dbf2a7ee@group-F971E7EEC70F-LeaderElection18] INFO  impl.RoleInfo (RoleInfo.java:updateAndGet(143)) - ccb54c7c-d652-4a32-8fba-bee4dbf2a7ee: start FollowerState
2019-10-18 08:15:19,305 [Thread-578] INFO  impl.FollowerState (FollowerState.java:run(108)) - ccb54c7c-d652-4a32-8fba-bee4dbf2a7ee@group-F971E7EEC70F-FollowerState: change to CANDIDATE, lastRpcTime:174ms, electionTimeout:174ms
2019-10-18 08:15:19,307 [Thread-578] INFO  impl.RoleInfo (RoleInfo.java:shutdownFollowerState(121)) - ccb54c7c-d652-4a32-8fba-bee4dbf2a7ee: shutdown FollowerState
2019-10-18 08:15:19,308 [Thread-578] INFO  impl.RaftServerImpl (RaftServerImpl.java:setRole(184)) - ccb54c7c-d652-4a32-8fba-bee4dbf2a7ee@group-F971E7EEC70F: changes role from  FOLLOWER to CANDIDATE at term 14 for changeToCandidate
2019-10-18 08:15:19,308 [Thread-578] INFO  impl.RoleInfo (RoleInfo.java:updateAndGet(143)) - ccb54c7c-d652-4a32-8fba-bee4dbf2a7ee: start LeaderElection
2019-10-18 08:15:19,322 [ccb54c7c-d652-4a32-8fba-bee4dbf2a7ee@group-F971E7EEC70F-LeaderElection19] INFO  impl.LeaderElection (LeaderElection.java:askForVotes(178)) - ccb54c7c-d652-4a32-8fba-bee4dbf2a7ee@group-F971E7EEC70F-LeaderElection19: begin an election at term 15 for -1: [de33c61e-1baa-412c-a678-1642e68dfdea:192.168.69.67:35710, 413e678e-a618-4c92-927e-441fcc799019:192.168.69.67:40351, ccb54c7c-d652-4a32-8fba-bee4dbf2a7ee:192.168.69.67:36515], old=null
2019-10-18 08:15:19,326 [grpc-default-executor-0] INFO  impl.RaftServerImpl (RaftServerImpl.java:setRole(184)) - 413e678e-a618-4c92-927e-441fcc799019@group-F971E7EEC70F: changes role from  FOLLOWER to FOLLOWER at term 15 for recognizeCandidate:ccb54c7c-d652-4a32-8fba-bee4dbf2a7ee
2019-10-18 08:15:19,326 [grpc-default-executor-3] INFO  impl.RaftServerImpl (RaftServerImpl.java:setRole(184)) - de33c61e-1baa-412c-a678-1642e68dfdea@group-F971E7EEC70F: changes role from  FOLLOWER to FOLLOWER at term 15 for recognizeCandidate:ccb54c7c-d652-4a32-8fba-bee4dbf2a7ee
2019-10-18 08:15:19,327 [grpc-default-executor-0] INFO  impl.RoleInfo (RoleInfo.java:shutdownFollowerState(121)) - 413e678e-a618-4c92-927e-441fcc799019: shutdown FollowerState
2019-10-18 08:15:19,327 [grpc-default-executor-3] INFO  impl.RoleInfo (RoleInfo.java:shutdownFollowerState(121)) - de33c61e-1baa-412c-a678-1642e68dfdea: shutdown FollowerState
2019-10-18 08:15:19,328 [Thread-577] INFO  impl.FollowerState (FollowerState.java:run(117)) - 413e678e-a618-4c92-927e-441fcc799019@group-F971E7EEC70F-FollowerState was interrupted: java.lang.InterruptedException: sleep interrupted
2019-10-18 08:15:19,328 [grpc-default-executor-0] INFO  impl.RoleInfo (RoleInfo.java:updateAndGet(143)) - 413e678e-a618-4c92-927e-441fcc799019: start FollowerState
2019-10-18 08:15:19,328 [grpc-default-executor-3] INFO  impl.RoleInfo (RoleInfo.java:updateAndGet(143)) - de33c61e-1baa-412c-a678-1642e68dfdea: start FollowerState
2019-10-18 08:15:19,328 [Thread-576] INFO  impl.FollowerState (FollowerState.java:run(117)) - de33c61e-1baa-412c-a678-1642e68dfdea@group-F971E7EEC70F-FollowerState was interrupted: java.lang.InterruptedException: sleep interrupted
2019-10-18 08:15:19,342 [ccb54c7c-d652-4a32-8fba-bee4dbf2a7ee@group-F971E7EEC70F-LeaderElection19] INFO  impl.LeaderElection (LeaderElection.java:logAndReturn(56)) - ccb54c7c-d652-4a32-8fba-bee4dbf2a7ee@group-F971E7EEC70F-LeaderElection19: Election TIMEOUT; received 0 response(s) [] and 0 exception(s); ccb54c7c-d652-4a32-8fba-bee4dbf2a7ee@group-F971E7EEC70F:t15, leader=null, voted=ccb54c7c-d652-4a32-8fba-bee4dbf2a7ee, raftlog=ccb54c7c-d652-4a32-8fba-bee4dbf2a7ee@group-F971E7EEC70F-SegmentedRaftLog:OPENED:c-1,f-1,i0, conf=-1: [de33c61e-1baa-412c-a678-1642e68dfdea:192.168.69.67:35710, 413e678e-a618-4c92-927e-441fcc799019:192.168.69.67:40351, ccb54c7c-d652-4a32-8fba-bee4dbf2a7ee:192.168.69.67:36515], old=null
2019-10-18 08:15:19,356 [ccb54c7c-d652-4a32-8fba-bee4dbf2a7ee@group-F971E7EEC70F-LeaderElection19] INFO  impl.LeaderElection (LeaderElection.java:askForVotes(178)) - ccb54c7c-d652-4a32-8fba-bee4dbf2a7ee@group-F971E7EEC70F-LeaderElection19: begin an election at term 16 for -1: [de33c61e-1baa-412c-a678-1642e68dfdea:192.168.69.67:35710, 413e678e-a618-4c92-927e-441fcc799019:192.168.69.67:40351, ccb54c7c-d652-4a32-8fba-bee4dbf2a7ee:192.168.69.67:36515], old=null
2019-10-18 08:15:19,360 [grpc-default-executor-3] INFO  impl.RaftServerImpl (RaftServerImpl.java:setRole(184)) - 413e678e-a618-4c92-927e-441fcc799019@group-F971E7EEC70F: changes role from  FOLLOWER to FOLLOWER at term 16 for recognizeCandidate:ccb54c7c-d652-4a32-8fba-bee4dbf2a7ee
2019-10-18 08:15:19,360 [grpc-default-executor-0] INFO  impl.RaftServerImpl (RaftServerImpl.java:setRole(184)) - de33c61e-1baa-412c-a678-1642e68dfdea@group-F971E7EEC70F: changes role from  FOLLOWER to FOLLOWER at term 16 for recognizeCandidate:ccb54c7c-d652-4a32-8fba-bee4dbf2a7ee
2019-10-18 08:15:19,363 [grpc-default-executor-3] INFO  impl.RoleInfo (RoleInfo.java:shutdownFollowerState(121)) - 413e678e-a618-4c92-927e-441fcc799019: shutdown FollowerState
2019-10-18 08:15:19,363 [grpc-default-executor-0] INFO  impl.RoleInfo (RoleInfo.java:shutdownFollowerState(121)) - de33c61e-1baa-412c-a678-1642e68dfdea: shutdown FollowerState
2019-10-18 08:15:19,364 [Thread-582] INFO  impl.FollowerState (FollowerState.java:run(117)) - 413e678e-a618-4c92-927e-441fcc799019@group-F971E7EEC70F-FollowerState was interrupted: java.lang.InterruptedException: sleep interrupted
2019-10-18 08:15:19,364 [Thread-583] INFO  impl.FollowerState (FollowerState.java:run(117)) - de33c61e-1baa-412c-a678-1642e68dfdea@group-F971E7EEC70F-FollowerState was interrupted: java.lang.InterruptedException: sleep interrupted
2019-10-18 08:15:19,364 [grpc-default-executor-0] INFO  impl.RoleInfo (RoleInfo.java:updateAndGet(143)) - de33c61e-1baa-412c-a678-1642e68dfdea: start FollowerState
2019-10-18 08:15:19,364 [grpc-default-executor-3] INFO  impl.RoleInfo (RoleInfo.java:updateAndGet(143)) - 413e678e-a618-4c92-927e-441fcc799019: start FollowerState
2019-10-18 08:15:19,391 [ccb54c7c-d652-4a32-8fba-bee4dbf2a7ee@group-F971E7EEC70F-LeaderElection19] INFO  impl.LeaderElection (LeaderElection.java:logAndReturn(56)) - ccb54c7c-d652-4a32-8fba-bee4dbf2a7ee@group-F971E7EEC70F-LeaderElection19: Election REJECTED; received 2 response(s) [ccb54c7c-d652-4a32-8fba-bee4dbf2a7ee<-de33c61e-1baa-412c-a678-1642e68dfdea#0:FAIL-t16, ccb54c7c-d652-4a32-8fba-bee4dbf2a7ee<-413e678e-a618-4c92-927e-441fcc799019#0:FAIL-t16] and 0 exception(s); ccb54c7c-d652-4a32-8fba-bee4dbf2a7ee@group-F971E7EEC70F:t16, leader=null, voted=ccb54c7c-d652-4a32-8fba-bee4dbf2a7ee, raftlog=ccb54c7c-d652-4a32-8fba-bee4dbf2a7ee@group-F971E7EEC70F-SegmentedRaftLog:OPENED:c-1,f-1,i0, conf=-1: [de33c61e-1baa-412c-a678-1642e68dfdea:192.168.69.67:35710, 413e678e-a618-4c92-927e-441fcc799019:192.168.69.67:40351, ccb54c7c-d652-4a32-8fba-bee4dbf2a7ee:192.168.69.67:36515], old=null
2019-10-18 08:15:19,391 [ccb54c7c-d652-4a32-8fba-bee4dbf2a7ee@group-F971E7EEC70F-LeaderElection19] INFO  impl.RaftServerImpl (RaftServerImpl.java:setRole(184)) - ccb54c7c-d652-4a32-8fba-bee4dbf2a7ee@group-F971E7EEC70F: changes role from CANDIDATE to FOLLOWER at term 16 for DISCOVERED_A_NEW_TERM
2019-10-18 08:15:19,392 [ccb54c7c-d652-4a32-8fba-bee4dbf2a7ee@group-F971E7EEC70F-LeaderElection19] INFO  impl.RoleInfo (RoleInfo.java:shutdownLeaderElection(134)) - ccb54c7c-d652-4a32-8fba-bee4dbf2a7ee: shutdown LeaderElection
2019-10-18 08:15:19,392 [ccb54c7c-d652-4a32-8fba-bee4dbf2a7ee@group-F971E7EEC70F-LeaderElection19] INFO  impl.RoleInfo (RoleInfo.java:updateAndGet(143)) - ccb54c7c-d652-4a32-8fba-bee4dbf2a7ee: start FollowerState
2019-10-18 08:15:19,399 [Thread-588] INFO  impl.FollowerState (FollowerState.java:run(108)) - ccb54c7c-d652-4a32-8fba-bee4dbf2a7ee@group-F971E7EEC70F-FollowerState: change to CANDIDATE, lastRpcTime:7ms, electionTimeout:7ms
2019-10-18 08:15:19,401 [Thread-588] INFO  impl.RoleInfo (RoleInfo.java:shutdownFollowerState(121)) - ccb54c7c-d652-4a32-8fba-bee4dbf2a7ee: shutdown FollowerState
2019-10-18 08:15:19,401 [Thread-588] INFO  impl.RaftServerImpl (RaftServerImpl.java:setRole(184)) - ccb54c7c-d652-4a32-8fba-bee4dbf2a7ee@group-F971E7EEC70F: changes role from  FOLLOWER to CANDIDATE at term 16 for changeToCandidate
2019-10-18 08:15:19,402 [Thread-588] INFO  impl.RoleInfo (RoleInfo.java:updateAndGet(143)) - ccb54c7c-d652-4a32-8fba-bee4dbf2a7ee: start LeaderElection
2019-10-18 08:15:19,427 [ccb54c7c-d652-4a32-8fba-bee4dbf2a7ee@group-F971E7EEC70F-LeaderElection20] INFO  impl.LeaderElection (LeaderElection.java:askForVotes(178)) - ccb54c7c-d652-4a32-8fba-bee4dbf2a7ee@group-F971E7EEC70F-LeaderElection20: begin an election at term 17 for -1: [de33c61e-1baa-412c-a678-1642e68dfdea:192.168.69.67:35710, 413e678e-a618-4c92-927e-441fcc799019:192.168.69.67:40351, ccb54c7c-d652-4a32-8fba-bee4dbf2a7ee:192.168.69.67:36515], old=null
2019-10-18 08:15:19,431 [grpc-default-executor-0] INFO  impl.RaftServerImpl (RaftServerImpl.java:setRole(184)) - 413e678e-a618-4c92-927e-441fcc799019@group-F971E7EEC70F: changes role from  FOLLOWER to FOLLOWER at term 17 for recognizeCandidate:ccb54c7c-d652-4a32-8fba-bee4dbf2a7ee
2019-10-18 08:15:19,431 [grpc-default-executor-3] INFO  impl.RaftServerImpl (RaftServerImpl.java:setRole(184)) - de33c61e-1baa-412c-a678-1642e68dfdea@group-F971E7EEC70F: changes role from  FOLLOWER to FOLLOWER at term 17 for recognizeCandidate:ccb54c7c-d652-4a32-8fba-bee4dbf2a7ee
2019-10-18 08:15:19,431 [grpc-default-executor-0] INFO  impl.RoleInfo (RoleInfo.java:shutdownFollowerState(121)) - 413e678e-a618-4c92-927e-441fcc799019: shutdown FollowerState
2019-10-18 08:15:19,431 [grpc-default-executor-3] INFO  impl.RoleInfo (RoleInfo.java:shutdownFollowerState(121)) - de33c61e-1baa-412c-a678-1642e68dfdea: shutdown FollowerState
2019-10-18 08:15:19,431 [Thread-586] INFO  impl.FollowerState (FollowerState.java:run(117)) - 413e678e-a618-4c92-927e-441fcc799019@group-F971E7EEC70F-FollowerState was interrupted: java.lang.InterruptedException: sleep interrupted
2019-10-18 08:15:19,431 [grpc-default-executor-0] INFO  impl.RoleInfo (RoleInfo.java:updateAndGet(143)) - 413e678e-a618-4c92-927e-441fcc799019: start FollowerState
2019-10-18 08:15:19,432 [grpc-default-executor-3] INFO  impl.RoleInfo (RoleInfo.java:updateAndGet(143)) - de33c61e-1baa-412c-a678-1642e68dfdea: start FollowerState
2019-10-18 08:15:19,432 [Thread-587] INFO  impl.FollowerState (FollowerState.java:run(117)) - de33c61e-1baa-412c-a678-1642e68dfdea@group-F971E7EEC70F-FollowerState was interrupted: java.lang.InterruptedException: sleep interrupted
2019-10-18 08:15:19,459 [ccb54c7c-d652-4a32-8fba-bee4dbf2a7ee@group-F971E7EEC70F-LeaderElection20] INFO  impl.LeaderElection (LeaderElection.java:logAndReturn(56)) - ccb54c7c-d652-4a32-8fba-bee4dbf2a7ee@group-F971E7EEC70F-LeaderElection20: Election REJECTED; received 2 response(s) [ccb54c7c-d652-4a32-8fba-bee4dbf2a7ee<-de33c61e-1baa-412c-a678-1642e68dfdea#0:FAIL-t17, ccb54c7c-d652-4a32-8fba-bee4dbf2a7ee<-413e678e-a618-4c92-927e-441fcc799019#0:FAIL-t17] and 0 exception(s); ccb54c7c-d652-4a32-8fba-bee4dbf2a7ee@group-F971E7EEC70F:t17, leader=null, voted=ccb54c7c-d652-4a32-8fba-bee4dbf2a7ee, raftlog=ccb54c7c-d652-4a32-8fba-bee4dbf2a7ee@group-F971E7EEC70F-SegmentedRaftLog:OPENED:c-1,f-1,i0, conf=-1: [de33c61e-1baa-412c-a678-1642e68dfdea:192.168.69.67:35710, 413e678e-a618-4c92-927e-441fcc799019:192.168.69.67:40351, ccb54c7c-d652-4a32-8fba-bee4dbf2a7ee:192.168.69.67:36515], old=null
2019-10-18 08:15:19,459 [ccb54c7c-d652-4a32-8fba-bee4dbf2a7ee@group-F971E7EEC70F-LeaderElection20] INFO  impl.RaftServerImpl (RaftServerImpl.java:setRole(184)) - ccb54c7c-d652-4a32-8fba-bee4dbf2a7ee@group-F971E7EEC70F: changes role from CANDIDATE to FOLLOWER at term 17 for DISCOVERED_A_NEW_TERM
2019-10-18 08:15:19,459 [ccb54c7c-d652-4a32-8fba-bee4dbf2a7ee@group-F971E7EEC70F-LeaderElection20] INFO  impl.RoleInfo (RoleInfo.java:shutdownLeaderElection(134)) - ccb54c7c-d652-4a32-8fba-bee4dbf2a7ee: shutdown LeaderElection
2019-10-18 08:15:19,459 [ccb54c7c-d652-4a32-8fba-bee4dbf2a7ee@group-F971E7EEC70F-LeaderElection20] INFO  impl.RoleInfo (RoleInfo.java:updateAndGet(143)) - ccb54c7c-d652-4a32-8fba-bee4dbf2a7ee: start FollowerState
2019-10-18 08:15:19,557 [Thread-594] INFO  impl.FollowerState (FollowerState.java:run(108)) - ccb54c7c-d652-4a32-8fba-bee4dbf2a7ee@group-F971E7EEC70F-FollowerState: change to CANDIDATE, lastRpcTime:97ms, electionTimeout:97ms
2019-10-18 08:15:19,559 [Thread-594] INFO  impl.RoleInfo (RoleInfo.java:shutdownFollowerState(121)) - ccb54c7c-d652-4a32-8fba-bee4dbf2a7ee: shutdown FollowerState
2019-10-18 08:15:19,559 [Thread-594] INFO  impl.RaftServerImpl (RaftServerImpl.java:setRole(184)) - ccb54c7c-d652-4a32-8fba-bee4dbf2a7ee@group-F971E7EEC70F: changes role from  FOLLOWER to CANDIDATE at term 17 for changeToCandidate
2019-10-18 08:15:19,559 [Thread-594] INFO  impl.RoleInfo (RoleInfo.java:updateAndGet(143)) - ccb54c7c-d652-4a32-8fba-bee4dbf2a7ee: start LeaderElection
2019-10-18 08:15:19,585 [ccb54c7c-d652-4a32-8fba-bee4dbf2a7ee@group-F971E7EEC70F-LeaderElection21] INFO  impl.LeaderElection (LeaderElection.java:askForVotes(178)) - ccb54c7c-d652-4a32-8fba-bee4dbf2a7ee@group-F971E7EEC70F-LeaderElection21: begin an election at term 18 for -1: [de33c61e-1baa-412c-a678-1642e68dfdea:192.168.69.67:35710, 413e678e-a618-4c92-927e-441fcc799019:192.168.69.67:40351, ccb54c7c-d652-4a32-8fba-bee4dbf2a7ee:192.168.69.67:36515], old=null
2019-10-18 08:15:19,589 [grpc-default-executor-3] INFO  impl.RaftServerImpl (RaftServerImpl.java:setRole(184)) - de33c61e-1baa-412c-a678-1642e68dfdea@group-F971E7EEC70F: changes role from  FOLLOWER to FOLLOWER at term 18 for recognizeCandidate:ccb54c7c-d652-4a32-8fba-bee4dbf2a7ee
2019-10-18 08:15:19,589 [grpc-default-executor-0] INFO  impl.RaftServerImpl (RaftServerImpl.java:setRole(184)) - 413e678e-a618-4c92-927e-441fcc799019@group-F971E7EEC70F: changes role from  FOLLOWER to FOLLOWER at term 18 for recognizeCandidate:ccb54c7c-d652-4a32-8fba-bee4dbf2a7ee
2019-10-18 08:15:19,589 [grpc-default-executor-3] INFO  impl.RoleInfo (RoleInfo.java:shutdownFollowerState(121)) - de33c61e-1baa-412c-a678-1642e68dfdea: shutdown FollowerState
2019-10-18 08:15:19,589 [grpc-default-executor-0] INFO  impl.RoleInfo (RoleInfo.java:shutdownFollowerState(121)) - 413e678e-a618-4c92-927e-441fcc799019: shutdown FollowerState
2019-10-18 08:15:19,590 [Thread-593] INFO  impl.FollowerState (FollowerState.java:run(117)) - de33c61e-1baa-412c-a678-1642e68dfdea@group-F971E7EEC70F-FollowerState was interrupted: java.lang.InterruptedException: sleep interrupted
2019-10-18 08:15:19,590 [Thread-592] INFO  impl.FollowerState (FollowerState.java:run(117)) - 413e678e-a618-4c92-927e-441fcc799019@group-F971E7EEC70F-FollowerState was interrupted: java.lang.InterruptedException: sleep interrupted
2019-10-18 08:15:19,590 [grpc-default-executor-3] INFO  impl.RoleInfo (RoleInfo.java:updateAndGet(143)) - de33c61e-1baa-412c-a678-1642e68dfdea: start FollowerState
2019-10-18 08:15:19,590 [grpc-default-executor-0] INFO  impl.RoleInfo (RoleInfo.java:updateAndGet(143)) - 413e678e-a618-4c92-927e-441fcc799019: start FollowerState
2019-10-18 08:15:19,605 [ccb54c7c-d652-4a32-8fba-bee4dbf2a7ee@group-F971E7EEC70F-LeaderElection21] INFO  impl.LeaderElection (LeaderElection.java:logAndReturn(56)) - ccb54c7c-d652-4a32-8fba-bee4dbf2a7ee@group-F971E7EEC70F-LeaderElection21: Election REJECTED; received 2 response(s) [ccb54c7c-d652-4a32-8fba-bee4dbf2a7ee<-de33c61e-1baa-412c-a678-1642e68dfdea#0:FAIL-t18, ccb54c7c-d652-4a32-8fba-bee4dbf2a7ee<-413e678e-a618-4c92-927e-441fcc799019#0:FAIL-t18] and 0 exception(s); ccb54c7c-d652-4a32-8fba-bee4dbf2a7ee@group-F971E7EEC70F:t18, leader=null, voted=ccb54c7c-d652-4a32-8fba-bee4dbf2a7ee, raftlog=ccb54c7c-d652-4a32-8fba-bee4dbf2a7ee@group-F971E7EEC70F-SegmentedRaftLog:OPENED:c-1,f-1,i0, conf=-1: [de33c61e-1baa-412c-a678-1642e68dfdea:192.168.69.67:35710, 413e678e-a618-4c92-927e-441fcc799019:192.168.69.67:40351, ccb54c7c-d652-4a32-8fba-bee4dbf2a7ee:192.168.69.67:36515], old=null
2019-10-18 08:15:19,606 [ccb54c7c-d652-4a32-8fba-bee4dbf2a7ee@group-F971E7EEC70F-LeaderElection21] INFO  impl.RaftServerImpl (RaftServerImpl.java:setRole(184)) - ccb54c7c-d652-4a32-8fba-bee4dbf2a7ee@group-F971E7EEC70F: changes role from CANDIDATE to FOLLOWER at term 18 for DISCOVERED_A_NEW_TERM
2019-10-18 08:15:19,606 [ccb54c7c-d652-4a32-8fba-bee4dbf2a7ee@group-F971E7EEC70F-LeaderElection21] INFO  impl.RoleInfo (RoleInfo.java:shutdownLeaderElection(134)) - ccb54c7c-d652-4a32-8fba-bee4dbf2a7ee: shutdown LeaderElection
2019-10-18 08:15:19,606 [ccb54c7c-d652-4a32-8fba-bee4dbf2a7ee@group-F971E7EEC70F-LeaderElection21] INFO  impl.RoleInfo (RoleInfo.java:updateAndGet(143)) - ccb54c7c-d652-4a32-8fba-bee4dbf2a7ee: start FollowerState
 0.00% |?                                                                                                    |  0/1 Time: 0:00:022019-10-18 08:15:19,795 [Thread-600] INFO  impl.FollowerState (FollowerState.java:run(108)) - ccb54c7c-d652-4a32-8fba-bee4dbf2a7ee@group-F971E7EEC70F-FollowerState: change to CANDIDATE, lastRpcTime:188ms, electionTimeout:188ms
2019-10-18 08:15:19,797 [Thread-600] INFO  impl.RoleInfo (RoleInfo.java:shutdownFollowerState(121)) - ccb54c7c-d652-4a32-8fba-bee4dbf2a7ee: shutdown FollowerState
2019-10-18 08:15:19,797 [Thread-600] INFO  impl.RaftServerImpl (RaftServerImpl.java:setRole(184)) - ccb54c7c-d652-4a32-8fba-bee4dbf2a7ee@group-F971E7EEC70F: changes role from  FOLLOWER to CANDIDATE at term 18 for changeToCandidate
2019-10-18 08:15:19,797 [Thread-600] INFO  impl.RoleInfo (RoleInfo.java:updateAndGet(143)) - ccb54c7c-d652-4a32-8fba-bee4dbf2a7ee: start LeaderElection
2019-10-18 08:15:19,820 [ccb54c7c-d652-4a32-8fba-bee4dbf2a7ee@group-F971E7EEC70F-LeaderElection22] INFO  impl.LeaderElection (LeaderElection.java:askForVotes(178)) - ccb54c7c-d652-4a32-8fba-bee4dbf2a7ee@group-F971E7EEC70F-LeaderElection22: begin an election at term 19 for -1: [de33c61e-1baa-412c-a678-1642e68dfdea:192.168.69.67:35710, 413e678e-a618-4c92-927e-441fcc799019:192.168.69.67:40351, ccb54c7c-d652-4a32-8fba-bee4dbf2a7ee:192.168.69.67:36515], old=null
2019-10-18 08:15:19,823 [grpc-default-executor-0] INFO  impl.RaftServerImpl (RaftServerImpl.java:setRole(184)) - de33c61e-1baa-412c-a678-1642e68dfdea@group-F971E7EEC70F: changes role from  FOLLOWER to FOLLOWER at term 19 for recognizeCandidate:ccb54c7c-d652-4a32-8fba-bee4dbf2a7ee
2019-10-18 08:15:19,823 [grpc-default-executor-3] INFO  impl.RaftServerImpl (RaftServerImpl.java:setRole(184)) - 413e678e-a618-4c92-927e-441fcc799019@group-F971E7EEC70F: changes role from  FOLLOWER to FOLLOWER at term 19 for recognizeCandidate:ccb54c7c-d652-4a32-8fba-bee4dbf2a7ee
2019-10-18 08:15:19,823 [grpc-default-executor-0] INFO  impl.RoleInfo (RoleInfo.java:shutdownFollowerState(121)) - de33c61e-1baa-412c-a678-1642e68dfdea: shutdown FollowerState
2019-10-18 08:15:19,824 [grpc-default-executor-3] INFO  impl.RoleInfo (RoleInfo.java:shutdownFollowerState(121)) - 413e678e-a618-4c92-927e-441fcc799019: shutdown FollowerState
2019-10-18 08:15:19,824 [Thread-598] INFO  impl.FollowerState (FollowerState.java:run(117)) - de33c61e-1baa-412c-a678-1642e68dfdea@group-F971E7EEC70F-FollowerState was interrupted: java.lang.InterruptedException: sleep interrupted
2019-10-18 08:15:19,824 [grpc-default-executor-0] INFO  impl.RoleInfo (RoleInfo.java:updateAndGet(143)) - de33c61e-1baa-412c-a678-1642e68dfdea: start FollowerState
2019-10-18 08:15:19,824 [grpc-default-executor-3] INFO  impl.RoleInfo (RoleInfo.java:updateAndGet(143)) - 413e678e-a618-4c92-927e-441fcc799019: start FollowerState
2019-10-18 08:15:19,824 [Thread-599] INFO  impl.FollowerState (FollowerState.java:run(117)) - 413e678e-a618-4c92-927e-441fcc799019@group-F971E7EEC70F-FollowerState was interrupted: java.lang.InterruptedException: sleep interrupted
2019-10-18 08:15:19,839 [ccb54c7c-d652-4a32-8fba-bee4dbf2a7ee@group-F971E7EEC70F-LeaderElection22] INFO  impl.LeaderElection (LeaderElection.java:logAndReturn(56)) - ccb54c7c-d652-4a32-8fba-bee4dbf2a7ee@group-F971E7EEC70F-LeaderElection22: Election REJECTED; received 2 response(s) [ccb54c7c-d652-4a32-8fba-bee4dbf2a7ee<-de33c61e-1baa-412c-a678-1642e68dfdea#0:FAIL-t19, ccb54c7c-d652-4a32-8fba-bee4dbf2a7ee<-413e678e-a618-4c92-927e-441fcc799019#0:FAIL-t19] and 0 exception(s); ccb54c7c-d652-4a32-8fba-bee4dbf2a7ee@group-F971E7EEC70F:t19, leader=null, voted=ccb54c7c-d652-4a32-8fba-bee4dbf2a7ee, raftlog=ccb54c7c-d652-4a32-8fba-bee4dbf2a7ee@group-F971E7EEC70F-SegmentedRaftLog:OPENED:c-1,f-1,i0, conf=-1: [de33c61e-1baa-412c-a678-1642e68dfdea:192.168.69.67:35710, 413e678e-a618-4c92-927e-441fcc799019:192.168.69.67:40351, ccb54c7c-d652-4a32-8fba-bee4dbf2a7ee:192.168.69.67:36515], old=null
2019-10-18 08:15:19,839 [ccb54c7c-d652-4a32-8fba-bee4dbf2a7ee@group-F971E7EEC70F-LeaderElection22] INFO  impl.RaftServerImpl (RaftServerImpl.java:setRole(184)) - ccb54c7c-d652-4a32-8fba-bee4dbf2a7ee@group-F971E7EEC70F: changes role from CANDIDATE to FOLLOWER at term 19 for DISCOVERED_A_NEW_TERM
2019-10-18 08:15:19,840 [ccb54c7c-d652-4a32-8fba-bee4dbf2a7ee@group-F971E7EEC70F-LeaderElection22] INFO  impl.RoleInfo (RoleInfo.java:shutdownLeaderElection(134)) - ccb54c7c-d652-4a32-8fba-bee4dbf2a7ee: shutdown LeaderElection
2019-10-18 08:15:19,840 [ccb54c7c-d652-4a32-8fba-bee4dbf2a7ee@group-F971E7EEC70F-LeaderElection22] INFO  impl.RoleInfo (RoleInfo.java:updateAndGet(143)) - ccb54c7c-d652-4a32-8fba-bee4dbf2a7ee: start FollowerState
2019-10-18 08:15:20,042 [Thread-606] INFO  impl.FollowerState (FollowerState.java:run(108)) - ccb54c7c-d652-4a32-8fba-bee4dbf2a7ee@group-F971E7EEC70F-FollowerState: change to CANDIDATE, lastRpcTime:202ms, electionTimeout:200ms
2019-10-18 08:15:20,044 [Thread-606] INFO  impl.RoleInfo (RoleInfo.java:shutdownFollowerState(121)) - ccb54c7c-d652-4a32-8fba-bee4dbf2a7ee: shutdown FollowerState
2019-10-18 08:15:20,044 [Thread-606] INFO  impl.RaftServerImpl (RaftServerImpl.java:setRole(184)) - ccb54c7c-d652-4a32-8fba-bee4dbf2a7ee@group-F971E7EEC70F: changes role from  FOLLOWER to CANDIDATE at term 19 for changeToCandidate
2019-10-18 08:15:20,044 [Thread-606] INFO  impl.RoleInfo (RoleInfo.java:updateAndGet(143)) - ccb54c7c-d652-4a32-8fba-bee4dbf2a7ee: start LeaderElection
2019-10-18 08:15:20,070 [ccb54c7c-d652-4a32-8fba-bee4dbf2a7ee@group-F971E7EEC70F-LeaderElection23] INFO  impl.LeaderElection (LeaderElection.java:askForVotes(178)) - ccb54c7c-d652-4a32-8fba-bee4dbf2a7ee@group-F971E7EEC70F-LeaderElection23: begin an election at term 20 for -1: [de33c61e-1baa-412c-a678-1642e68dfdea:192.168.69.67:35710, 413e678e-a618-4c92-927e-441fcc799019:192.168.69.67:40351, ccb54c7c-d652-4a32-8fba-bee4dbf2a7ee:192.168.69.67:36515], old=null
2019-10-18 08:15:20,074 [grpc-default-executor-3] INFO  impl.RaftServerImpl (RaftServerImpl.java:setRole(184)) - 413e678e-a618-4c92-927e-441fcc799019@group-F971E7EEC70F: changes role from  FOLLOWER to FOLLOWER at term 20 for recognizeCandidate:ccb54c7c-d652-4a32-8fba-bee4dbf2a7ee
2019-10-18 08:15:20,074 [grpc-default-executor-0] INFO  impl.RaftServerImpl (RaftServerImpl.java:setRole(184)) - de33c61e-1baa-412c-a678-1642e68dfdea@group-F971E7EEC70F: changes role from  FOLLOWER to FOLLOWER at term 20 for recognizeCandidate:ccb54c7c-d652-4a32-8fba-bee4dbf2a7ee
2019-10-18 08:15:20,074 [grpc-default-executor-3] INFO  impl.RoleInfo (RoleInfo.java:shutdownFollowerState(121)) - 413e678e-a618-4c92-927e-441fcc799019: shutdown FollowerState
2019-10-18 08:15:20,074 [grpc-default-executor-0] INFO  impl.RoleInfo (RoleInfo.java:shutdownFollowerState(121)) - de33c61e-1baa-412c-a678-1642e68dfdea: shutdown FollowerState
2019-10-18 08:15:20,075 [Thread-605] INFO  impl.FollowerState (FollowerState.java:run(117)) - 413e678e-a618-4c92-927e-441fcc799019@group-F971E7EEC70F-FollowerState was interrupted: java.lang.InterruptedException: sleep interrupted
2019-10-18 08:15:20,075 [grpc-default-executor-0] INFO  impl.RoleInfo (RoleInfo.java:updateAndGet(143)) - de33c61e-1baa-412c-a678-1642e68dfdea: start FollowerState
2019-10-18 08:15:20,075 [grpc-default-executor-3] INFO  impl.RoleInfo (RoleInfo.java:updateAndGet(143)) - 413e678e-a618-4c92-927e-441fcc799019: start FollowerState
2019-10-18 08:15:20,075 [Thread-604] INFO  impl.FollowerState (FollowerState.java:run(117)) - de33c61e-1baa-412c-a678-1642e68dfdea@group-F971E7EEC70F-FollowerState was interrupted: java.lang.InterruptedException: sleep interrupted
2019-10-18 08:15:20,090 [ccb54c7c-d652-4a32-8fba-bee4dbf2a7ee@group-F971E7EEC70F-LeaderElection23] INFO  impl.LeaderElection (LeaderElection.java:logAndReturn(56)) - ccb54c7c-d652-4a32-8fba-bee4dbf2a7ee@group-F971E7EEC70F-LeaderElection23: Election REJECTED; received 2 response(s) [ccb54c7c-d652-4a32-8fba-bee4dbf2a7ee<-de33c61e-1baa-412c-a678-1642e68dfdea#0:FAIL-t20, ccb54c7c-d652-4a32-8fba-bee4dbf2a7ee<-413e678e-a618-4c92-927e-441fcc799019#0:FAIL-t20] and 0 exception(s); ccb54c7c-d652-4a32-8fba-bee4dbf2a7ee@group-F971E7EEC70F:t20, leader=null, voted=ccb54c7c-d652-4a32-8fba-bee4dbf2a7ee, raftlog=ccb54c7c-d652-4a32-8fba-bee4dbf2a7ee@group-F971E7EEC70F-SegmentedRaftLog:OPENED:c-1,f-1,i0, conf=-1: [de33c61e-1baa-412c-a678-1642e68dfdea:192.168.69.67:35710, 413e678e-a618-4c92-927e-441fcc799019:192.168.69.67:40351, ccb54c7c-d652-4a32-8fba-bee4dbf2a7ee:192.168.69.67:36515], old=null
2019-10-18 08:15:20,090 [ccb54c7c-d652-4a32-8fba-bee4dbf2a7ee@group-F971E7EEC70F-LeaderElection23] INFO  impl.RaftServerImpl (RaftServerImpl.java:setRole(184)) - ccb54c7c-d652-4a32-8fba-bee4dbf2a7ee@group-F971E7EEC70F: changes role from CANDIDATE to FOLLOWER at term 20 for DISCOVERED_A_NEW_TERM
2019-10-18 08:15:20,090 [ccb54c7c-d652-4a32-8fba-bee4dbf2a7ee@group-F971E7EEC70F-LeaderElection23] INFO  impl.RoleInfo (RoleInfo.java:shutdownLeaderElection(134)) - ccb54c7c-d652-4a32-8fba-bee4dbf2a7ee: shutdown LeaderElection
2019-10-18 08:15:20,091 [ccb54c7c-d652-4a32-8fba-bee4dbf2a7ee@group-F971E7EEC70F-LeaderElection23] INFO  impl.RoleInfo (RoleInfo.java:updateAndGet(143)) - ccb54c7c-d652-4a32-8fba-bee4dbf2a7ee: start FollowerState
2019-10-18 08:15:20,104 [Thread-612] INFO  impl.FollowerState (FollowerState.java:run(108)) - ccb54c7c-d652-4a32-8fba-bee4dbf2a7ee@group-F971E7EEC70F-FollowerState: change to CANDIDATE, lastRpcTime:13ms, electionTimeout:13ms
2019-10-18 08:15:20,105 [Thread-612] INFO  impl.RoleInfo (RoleInfo.java:shutdownFollowerState(121)) - ccb54c7c-d652-4a32-8fba-bee4dbf2a7ee: shutdown FollowerState
2019-10-18 08:15:20,106 [Thread-612] INFO  impl.RaftServerImpl (RaftServerImpl.java:setRole(184)) - ccb54c7c-d652-4a32-8fba-bee4dbf2a7ee@group-F971E7EEC70F: changes role from  FOLLOWER to CANDIDATE at term 20 for changeToCandidate
2019-10-18 08:15:20,106 [Thread-612] INFO  impl.RoleInfo (RoleInfo.java:updateAndGet(143)) - ccb54c7c-d652-4a32-8fba-bee4dbf2a7ee: start LeaderElection
2019-10-18 08:15:20,119 [ccb54c7c-d652-4a32-8fba-bee4dbf2a7ee@group-F971E7EEC70F-LeaderElection24] INFO  impl.LeaderElection (LeaderElection.java:askForVotes(178)) - ccb54c7c-d652-4a32-8fba-bee4dbf2a7ee@group-F971E7EEC70F-LeaderElection24: begin an election at term 21 for -1: [de33c61e-1baa-412c-a678-1642e68dfdea:192.168.69.67:35710, 413e678e-a618-4c92-927e-441fcc799019:192.168.69.67:40351, ccb54c7c-d652-4a32-8fba-bee4dbf2a7ee:192.168.69.67:36515], old=null
2019-10-18 08:15:20,121 [grpc-default-executor-3] INFO  impl.RaftServerImpl (RaftServerImpl.java:setRole(184)) - de33c61e-1baa-412c-a678-1642e68dfdea@group-F971E7EEC70F: changes role from  FOLLOWER to FOLLOWER at term 21 for recognizeCandidate:ccb54c7c-d652-4a32-8fba-bee4dbf2a7ee
2019-10-18 08:15:20,121 [grpc-default-executor-3] INFO  impl.RoleInfo (RoleInfo.java:shutdownFollowerState(121)) - de33c61e-1baa-412c-a678-1642e68dfdea: shutdown FollowerState
2019-10-18 08:15:20,122 [grpc-default-executor-3] INFO  impl.RoleInfo (RoleInfo.java:updateAndGet(143)) - de33c61e-1baa-412c-a678-1642e68dfdea: start FollowerState
2019-10-18 08:15:20,122 [grpc-default-executor-0] INFO  impl.RaftServerImpl (RaftServerImpl.java:setRole(184)) - 413e678e-a618-4c92-927e-441fcc799019@group-F971E7EEC70F: changes role from  FOLLOWER to FOLLOWER at term 21 for recognizeCandidate:ccb54c7c-d652-4a32-8fba-bee4dbf2a7ee
2019-10-18 08:15:20,122 [Thread-611] INFO  impl.FollowerState (FollowerState.java:run(117)) - de33c61e-1baa-412c-a678-1642e68dfdea@group-F971E7EEC70F-FollowerState was interrupted: java.lang.InterruptedException: sleep interrupted
2019-10-18 08:15:20,122 [grpc-default-executor-0] INFO  impl.RoleInfo (RoleInfo.java:shutdownFollowerState(121)) - 413e678e-a618-4c92-927e-441fcc799019: shutdown FollowerState
2019-10-18 08:15:20,122 [grpc-default-executor-0] INFO  impl.RoleInfo (RoleInfo.java:updateAndGet(143)) - 413e678e-a618-4c92-927e-441fcc799019: start FollowerState
2019-10-18 08:15:20,122 [Thread-610] INFO  impl.FollowerState (FollowerState.java:run(117)) - 413e678e-a618-4c92-927e-441fcc799019@group-F971E7EEC70F-FollowerState was interrupted: java.lang.InterruptedException: sleep interrupted
2019-10-18 08:15:20,137 [ccb54c7c-d652-4a32-8fba-bee4dbf2a7ee@group-F971E7EEC70F-LeaderElection24] INFO  impl.LeaderElection (LeaderElection.java:logAndReturn(56)) - ccb54c7c-d652-4a32-8fba-bee4dbf2a7ee@group-F971E7EEC70F-LeaderElection24: Election REJECTED; received 2 response(s) [ccb54c7c-d652-4a32-8fba-bee4dbf2a7ee<-de33c61e-1baa-412c-a678-1642e68dfdea#0:FAIL-t21, ccb54c7c-d652-4a32-8fba-bee4dbf2a7ee<-413e678e-a618-4c92-927e-441fcc799019#0:FAIL-t21] and 0 exception(s); ccb54c7c-d652-4a32-8fba-bee4dbf2a7ee@group-F971E7EEC70F:t21, leader=null, voted=ccb54c7c-d652-4a32-8fba-bee4dbf2a7ee, raftlog=ccb54c7c-d652-4a32-8fba-bee4dbf2a7ee@group-F971E7EEC70F-SegmentedRaftLog:OPENED:c-1,f-1,i0, conf=-1: [de33c61e-1baa-412c-a678-1642e68dfdea:192.168.69.67:35710, 413e678e-a618-4c92-927e-441fcc799019:192.168.69.67:40351, ccb54c7c-d652-4a32-8fba-bee4dbf2a7ee:192.168.69.67:36515], old=null
2019-10-18 08:15:20,137 [ccb54c7c-d652-4a32-8fba-bee4dbf2a7ee@group-F971E7EEC70F-LeaderElection24] INFO  impl.RaftServerImpl (RaftServerImpl.java:setRole(184)) - ccb54c7c-d652-4a32-8fba-bee4dbf2a7ee@group-F971E7EEC70F: changes role from CANDIDATE to FOLLOWER at term 21 for DISCOVERED_A_NEW_TERM
2019-10-18 08:15:20,137 [ccb54c7c-d652-4a32-8fba-bee4dbf2a7ee@group-F971E7EEC70F-LeaderElection24] INFO  impl.RoleInfo (RoleInfo.java:shutdownLeaderElection(134)) - ccb54c7c-d652-4a32-8fba-bee4dbf2a7ee: shutdown LeaderElection
2019-10-18 08:15:20,137 [ccb54c7c-d652-4a32-8fba-bee4dbf2a7ee@group-F971E7EEC70F-LeaderElection24] INFO  impl.RoleInfo (RoleInfo.java:updateAndGet(143)) - ccb54c7c-d652-4a32-8fba-bee4dbf2a7ee: start FollowerState
2019-10-18 08:15:20,220 [Thread-618] INFO  impl.FollowerState (FollowerState.java:run(108)) - ccb54c7c-d652-4a32-8fba-bee4dbf2a7ee@group-F971E7EEC70F-FollowerState: change to CANDIDATE, lastRpcTime:83ms, electionTimeout:83ms
2019-10-18 08:15:20,222 [Thread-618] INFO  impl.RoleInfo (RoleInfo.java:shutdownFollowerState(121)) - ccb54c7c-d652-4a32-8fba-bee4dbf2a7ee: shutdown FollowerState
2019-10-18 08:15:20,223 [Thread-618] INFO  impl.RaftServerImpl (RaftServerImpl.java:setRole(184)) - ccb54c7c-d652-4a32-8fba-bee4dbf2a7ee@group-F971E7EEC70F: changes role from  FOLLOWER to CANDIDATE at term 21 for changeToCandidate
2019-10-18 08:15:20,223 [Thread-618] INFO  impl.RoleInfo (RoleInfo.java:updateAndGet(143)) - ccb54c7c-d652-4a32-8fba-bee4dbf2a7ee: start LeaderElection
2019-10-18 08:15:20,238 [ccb54c7c-d652-4a32-8fba-bee4dbf2a7ee@group-F971E7EEC70F-LeaderElection25] INFO  impl.LeaderElection (LeaderElection.java:askForVotes(178)) - ccb54c7c-d652-4a32-8fba-bee4dbf2a7ee@group-F971E7EEC70F-LeaderElection25: begin an election at term 22 for -1: [de33c61e-1baa-412c-a678-1642e68dfdea:192.168.69.67:35710, 413e678e-a618-4c92-927e-441fcc799019:192.168.69.67:40351, ccb54c7c-d652-4a32-8fba-bee4dbf2a7ee:192.168.69.67:36515], old=null
2019-10-18 08:15:20,241 [grpc-default-executor-0] INFO  impl.RaftServerImpl (RaftServerImpl.java:setRole(184)) - 413e678e-a618-4c92-927e-441fcc799019@group-F971E7EEC70F: changes role from  FOLLOWER to FOLLOWER at term 22 for recognizeCandidate:ccb54c7c-d652-4a32-8fba-bee4dbf2a7ee
2019-10-18 08:15:20,241 [grpc-default-executor-0] INFO  impl.RoleInfo (RoleInfo.java:shutdownFollowerState(121)) - 413e678e-a618-4c92-927e-441fcc799019: shutdown FollowerState
2019-10-18 08:15:20,241 [grpc-default-executor-0] INFO  impl.RoleInfo (RoleInfo.java:updateAndGet(143)) - 413e678e-a618-4c92-927e-441fcc799019: start FollowerState
2019-10-18 08:15:20,241 [grpc-default-executor-3] INFO  impl.RaftServerImpl (RaftServerImpl.java:setRole(184)) - de33c61e-1baa-412c-a678-1642e68dfdea@group-F971E7EEC70F: changes role from  FOLLOWER to FOLLOWER at term 22 for recognizeCandidate:ccb54c7c-d652-4a32-8fba-bee4dbf2a7ee
2019-10-18 08:15:20,241 [Thread-617] INFO  impl.FollowerState (FollowerState.java:run(117)) - 413e678e-a618-4c92-927e-441fcc799019@group-F971E7EEC70F-FollowerState was interrupted: java.lang.InterruptedException: sleep interrupted
2019-10-18 08:15:20,242 [grpc-default-executor-3] INFO  impl.RoleInfo (RoleInfo.java:shutdownFollowerState(121)) - de33c61e-1baa-412c-a678-1642e68dfdea: shutdown FollowerState
2019-10-18 08:15:20,242 [Thread-616] INFO  impl.FollowerState (FollowerState.java:run(117)) - de33c61e-1baa-412c-a678-1642e68dfdea@group-F971E7EEC70F-FollowerState was interrupted: java.lang.InterruptedException: sleep interrupted
2019-10-18 08:15:20,242 [grpc-default-executor-3] INFO  impl.RoleInfo (RoleInfo.java:updateAndGet(143)) - de33c61e-1baa-412c-a678-1642e68dfdea: start FollowerState
2019-10-18 08:15:20,255 [ccb54c7c-d652-4a32-8fba-bee4dbf2a7ee@group-F971E7EEC70F-LeaderElection25] INFO  impl.LeaderElection (LeaderElection.java:logAndReturn(56)) - ccb54c7c-d652-4a32-8fba-bee4dbf2a7ee@group-F971E7EEC70F-LeaderElection25: Election REJECTED; received 2 response(s) [ccb54c7c-d652-4a32-8fba-bee4dbf2a7ee<-de33c61e-1baa-412c-a678-1642e68dfdea#0:FAIL-t22, ccb54c7c-d652-4a32-8fba-bee4dbf2a7ee<-413e678e-a618-4c92-927e-441fcc799019#0:FAIL-t22] and 0 exception(s); ccb54c7c-d652-4a32-8fba-bee4dbf2a7ee@group-F971E7EEC70F:t22, leader=null, voted=ccb54c7c-d652-4a32-8fba-bee4dbf2a7ee, raftlog=ccb54c7c-d652-4a32-8fba-bee4dbf2a7ee@group-F971E7EEC70F-SegmentedRaftLog:OPENED:c-1,f-1,i0, conf=-1: [de33c61e-1baa-412c-a678-1642e68dfdea:192.168.69.67:35710, 413e678e-a618-4c92-927e-441fcc799019:192.168.69.67:40351, ccb54c7c-d652-4a32-8fba-bee4dbf2a7ee:192.168.69.67:36515], old=null
2019-10-18 08:15:20,255 [ccb54c7c-d652-4a32-8fba-bee4dbf2a7ee@group-F971E7EEC70F-LeaderElection25] INFO  impl.RaftServerImpl (RaftServerImpl.java:setRole(184)) - ccb54c7c-d652-4a32-8fba-bee4dbf2a7ee@group-F971E7EEC70F: changes role from CANDIDATE to FOLLOWER at term 22 for DISCOVERED_A_NEW_TERM
2019-10-18 08:15:20,255 [ccb54c7c-d652-4a32-8fba-bee4dbf2a7ee@group-F971E7EEC70F-LeaderElection25] INFO  impl.RoleInfo (RoleInfo.java:shutdownLeaderElection(134)) - ccb54c7c-d652-4a32-8fba-bee4dbf2a7ee: shutdown LeaderElection
2019-10-18 08:15:20,255 [ccb54c7c-d652-4a32-8fba-bee4dbf2a7ee@group-F971E7EEC70F-LeaderElection25] INFO  impl.RoleInfo (RoleInfo.java:updateAndGet(143)) - ccb54c7c-d652-4a32-8fba-bee4dbf2a7ee: start FollowerState
2019-10-18 08:15:20,382 [Thread-624] INFO  impl.FollowerState (FollowerState.java:run(108)) - ccb54c7c-d652-4a32-8fba-bee4dbf2a7ee@group-F971E7EEC70F-FollowerState: change to CANDIDATE, lastRpcTime:126ms, electionTimeout:126ms
2019-10-18 08:15:20,384 [Thread-624] INFO  impl.RoleInfo (RoleInfo.java:shutdownFollowerState(121)) - ccb54c7c-d652-4a32-8fba-bee4dbf2a7ee: shutdown FollowerState
2019-10-18 08:15:20,384 [Thread-624] INFO  impl.RaftServerImpl (RaftServerImpl.java:setRole(184)) - ccb54c7c-d652-4a32-8fba-bee4dbf2a7ee@group-F971E7EEC70F: changes role from  FOLLOWER to CANDIDATE at term 22 for changeToCandidate
2019-10-18 08:15:20,384 [Thread-624] INFO  impl.RoleInfo (RoleInfo.java:updateAndGet(143)) - ccb54c7c-d652-4a32-8fba-bee4dbf2a7ee: start LeaderElection
2019-10-18 08:15:20,399 [ccb54c7c-d652-4a32-8fba-bee4dbf2a7ee@group-F971E7EEC70F-LeaderElection26] INFO  impl.LeaderElection (LeaderElection.java:askForVotes(178)) - ccb54c7c-d652-4a32-8fba-bee4dbf2a7ee@group-F971E7EEC70F-LeaderElection26: begin an election at term 23 for -1: [de33c61e-1baa-412c-a678-1642e68dfdea:192.168.69.67:35710, 413e678e-a618-4c92-927e-441fcc799019:192.168.69.67:40351, ccb54c7c-d652-4a32-8fba-bee4dbf2a7ee:192.168.69.67:36515], old=null
2019-10-18 08:15:20,402 [grpc-default-executor-0] INFO  impl.RaftServerImpl (RaftServerImpl.java:setRole(184)) - 413e678e-a618-4c92-927e-441fcc799019@group-F971E7EEC70F: changes role from  FOLLOWER to FOLLOWER at term 23 for recognizeCandidate:ccb54c7c-d652-4a32-8fba-bee4dbf2a7ee
2019-10-18 08:15:20,402 [grpc-default-executor-3] INFO  impl.RaftServerImpl (RaftServerImpl.java:setRole(184)) - de33c61e-1baa-412c-a678-1642e68dfdea@group-F971E7EEC70F: changes role from  FOLLOWER to FOLLOWER at term 23 for recognizeCandidate:ccb54c7c-d652-4a32-8fba-bee4dbf2a7ee
2019-10-18 08:15:20,402 [grpc-default-executor-0] INFO  impl.RoleInfo (RoleInfo.java:shutdownFollowerState(121)) - 413e678e-a618-4c92-927e-441fcc799019: shutdown FollowerState
2019-10-18 08:15:20,402 [grpc-default-executor-3] INFO  impl.RoleInfo (RoleInfo.java:shutdownFollowerState(121)) - de33c61e-1baa-412c-a678-1642e68dfdea: shutdown FollowerState
2019-10-18 08:15:20,403 [Thread-622] INFO  impl.FollowerState (FollowerState.java:run(117)) - 413e678e-a618-4c92-927e-441fcc799019@group-F971E7EEC70F-FollowerState was interrupted: java.lang.InterruptedException: sleep interrupted
2019-10-18 08:15:20,403 [grpc-default-executor-0] INFO  impl.RoleInfo (RoleInfo.java:updateAndGet(143)) - 413e678e-a618-4c92-927e-441fcc799019: start FollowerState
2019-10-18 08:15:20,403 [Thread-623] INFO  impl.FollowerState (FollowerState.java:run(117)) - de33c61e-1baa-412c-a678-1642e68dfdea@group-F971E7EEC70F-FollowerState was interrupted: java.lang.InterruptedException: sleep interrupted
2019-10-18 08:15:20,403 [grpc-default-executor-3] INFO  impl.RoleInfo (RoleInfo.java:updateAndGet(143)) - de33c61e-1baa-412c-a678-1642e68dfdea: start FollowerState
2019-10-18 08:15:20,418 [ccb54c7c-d652-4a32-8fba-bee4dbf2a7ee@group-F971E7EEC70F-LeaderElection26] INFO  impl.LeaderElection (LeaderElection.java:logAndReturn(56)) - ccb54c7c-d652-4a32-8fba-bee4dbf2a7ee@group-F971E7EEC70F-LeaderElection26: Election REJECTED; received 2 response(s) [ccb54c7c-d652-4a32-8fba-bee4dbf2a7ee<-de33c61e-1baa-412c-a678-1642e68dfdea#0:FAIL-t23, ccb54c7c-d652-4a32-8fba-bee4dbf2a7ee<-413e678e-a618-4c92-927e-441fcc799019#0:FAIL-t23] and 0 exception(s); ccb54c7c-d652-4a32-8fba-bee4dbf2a7ee@group-F971E7EEC70F:t23, leader=null, voted=ccb54c7c-d652-4a32-8fba-bee4dbf2a7ee, raftlog=ccb54c7c-d652-4a32-8fba-bee4dbf2a7ee@group-F971E7EEC70F-SegmentedRaftLog:OPENED:c-1,f-1,i0, conf=-1: [de33c61e-1baa-412c-a678-1642e68dfdea:192.168.69.67:35710, 413e678e-a618-4c92-927e-441fcc799019:192.168.69.67:40351, ccb54c7c-d652-4a32-8fba-bee4dbf2a7ee:192.168.69.67:36515], old=null
2019-10-18 08:15:20,418 [ccb54c7c-d652-4a32-8fba-bee4dbf2a7ee@group-F971E7EEC70F-LeaderElection26] INFO  impl.RaftServerImpl (RaftServerImpl.java:setRole(184)) - ccb54c7c-d652-4a32-8fba-bee4dbf2a7ee@group-F971E7EEC70F: changes role from CANDIDATE to FOLLOWER at term 23 for DISCOVERED_A_NEW_TERM
2019-10-18 08:15:20,419 [ccb54c7c-d652-4a32-8fba-bee4dbf2a7ee@group-F971E7EEC70F-LeaderElection26] INFO  impl.RoleInfo (RoleInfo.java:shutdownLeaderElection(134)) - ccb54c7c-d652-4a32-8fba-bee4dbf2a7ee: shutdown LeaderElection
2019-10-18 08:15:20,419 [ccb54c7c-d652-4a32-8fba-bee4dbf2a7ee@group-F971E7EEC70F-LeaderElection26] INFO  impl.RoleInfo (RoleInfo.java:updateAndGet(143)) - ccb54c7c-d652-4a32-8fba-bee4dbf2a7ee: start FollowerState
2019-10-18 08:15:20,444 [Thread-630] INFO  impl.FollowerState (FollowerState.java:run(108)) - ccb54c7c-d652-4a32-8fba-bee4dbf2a7ee@group-F971E7EEC70F-FollowerState: change to CANDIDATE, lastRpcTime:25ms, electionTimeout:25ms
2019-10-18 08:15:20,445 [Thread-630] INFO  impl.RoleInfo (RoleInfo.java:shutdownFollowerState(121)) - ccb54c7c-d652-4a32-8fba-bee4dbf2a7ee: shutdown FollowerState
2019-10-18 08:15:20,446 [Thread-630] INFO  impl.RaftServerImpl (RaftServerImpl.java:setRole(184)) - ccb54c7c-d652-4a32-8fba-bee4dbf2a7ee@group-F971E7EEC70F: changes role from  FOLLOWER to CANDIDATE at term 23 for changeToCandidate
2019-10-18 08:15:20,446 [Thread-630] INFO  impl.RoleInfo (RoleInfo.java:updateAndGet(143)) - ccb54c7c-d652-4a32-8fba-bee4dbf2a7ee: start LeaderElection
2019-10-18 08:15:20,472 [ccb54c7c-d652-4a32-8fba-bee4dbf2a7ee@group-F971E7EEC70F-LeaderElection27] INFO  impl.LeaderElection (LeaderElection.java:askForVotes(178)) - ccb54c7c-d652-4a32-8fba-bee4dbf2a7ee@group-F971E7EEC70F-LeaderElection27: begin an election at term 24 for -1: [de33c61e-1baa-412c-a678-1642e68dfdea:192.168.69.67:35710, 413e678e-a618-4c92-927e-441fcc799019:192.168.69.67:40351, ccb54c7c-d652-4a32-8fba-bee4dbf2a7ee:192.168.69.67:36515], old=null
2019-10-18 08:15:20,474 [grpc-default-executor-0] INFO  impl.RaftServerImpl (RaftServerImpl.java:setRole(184)) - de33c61e-1baa-412c-a678-1642e68dfdea@group-F971E7EEC70F: changes role from  FOLLOWER to FOLLOWER at term 24 for recognizeCandidate:ccb54c7c-d652-4a32-8fba-bee4dbf2a7ee
2019-10-18 08:15:20,475 [grpc-default-executor-0] INFO  impl.RoleInfo (RoleInfo.java:shutdownFollowerState(121)) - de33c61e-1baa-412c-a678-1642e68dfdea: shutdown FollowerState
2019-10-18 08:15:20,475 [grpc-default-executor-3] INFO  impl.RaftServerImpl (RaftServerImpl.java:setRole(184)) - 413e678e-a618-4c92-927e-441fcc799019@group-F971E7EEC70F: changes role from  FOLLOWER to FOLLOWER at term 24 for recognizeCandidate:ccb54c7c-d652-4a32-8fba-bee4dbf2a7ee
2019-10-18 08:15:20,475 [grpc-default-executor-0] INFO  impl.RoleInfo (RoleInfo.java:updateAndGet(143)) - de33c61e-1baa-412c-a678-1642e68dfdea: start FollowerState
2019-10-18 08:15:20,475 [Thread-629] INFO  impl.FollowerState (FollowerState.java:run(117)) - de33c61e-1baa-412c-a678-1642e68dfdea@group-F971E7EEC70F-FollowerState was interrupted: java.lang.InterruptedException: sleep interrupted
2019-10-18 08:15:20,475 [grpc-default-executor-3] INFO  impl.RoleInfo (RoleInfo.java:shutdownFollowerState(121)) - 413e678e-a618-4c92-927e-441fcc799019: shutdown FollowerState
2019-10-18 08:15:20,476 [grpc-default-executor-3] INFO  impl.RoleInfo (RoleInfo.java:updateAndGet(143)) - 413e678e-a618-4c92-927e-441fcc799019: start FollowerState
2019-10-18 08:15:20,476 [Thread-628] INFO  impl.FollowerState (FollowerState.java:run(117)) - 413e678e-a618-4c92-927e-441fcc799019@group-F971E7EEC70F-FollowerState was interrupted: java.lang.InterruptedException: sleep interrupted
2019-10-18 08:15:20,491 [ccb54c7c-d652-4a32-8fba-bee4dbf2a7ee@group-F971E7EEC70F-LeaderElection27] INFO  impl.LeaderElection (LeaderElection.java:logAndReturn(56)) - ccb54c7c-d652-4a32-8fba-bee4dbf2a7ee@group-F971E7EEC70F-LeaderElection27: Election REJECTED; received 2 response(s) [ccb54c7c-d652-4a32-8fba-bee4dbf2a7ee<-de33c61e-1baa-412c-a678-1642e68dfdea#0:FAIL-t24, ccb54c7c-d652-4a32-8fba-bee4dbf2a7ee<-413e678e-a618-4c92-927e-441fcc799019#0:FAIL-t24] and 0 exception(s); ccb54c7c-d652-4a32-8fba-bee4dbf2a7ee@group-F971E7EEC70F:t24, leader=null, voted=ccb54c7c-d652-4a32-8fba-bee4dbf2a7ee, raftlog=ccb54c7c-d652-4a32-8fba-bee4dbf2a7ee@group-F971E7EEC70F-SegmentedRaftLog:OPENED:c-1,f-1,i0, conf=-1: [de33c61e-1baa-412c-a678-1642e68dfdea:192.168.69.67:35710, 413e678e-a618-4c92-927e-441fcc799019:192.168.69.67:40351, ccb54c7c-d652-4a32-8fba-bee4dbf2a7ee:192.168.69.67:36515], old=null
2019-10-18 08:15:20,491 [ccb54c7c-d652-4a32-8fba-bee4dbf2a7ee@group-F971E7EEC70F-LeaderElection27] INFO  impl.RaftServerImpl (RaftServerImpl.java:setRole(184)) - ccb54c7c-d652-4a32-8fba-bee4dbf2a7ee@group-F971E7EEC70F: changes role from CANDIDATE to FOLLOWER at term 24 for DISCOVERED_A_NEW_TERM
2019-10-18 08:15:20,491 [ccb54c7c-d652-4a32-8fba-bee4dbf2a7ee@group-F971E7EEC70F-LeaderElection27] INFO  impl.RoleInfo (RoleInfo.java:shutdownLeaderElection(134)) - ccb54c7c-d652-4a32-8fba-bee4dbf2a7ee: shutdown LeaderElection
2019-10-18 08:15:20,491 [ccb54c7c-d652-4a32-8fba-bee4dbf2a7ee@group-F971E7EEC70F-LeaderElection27] INFO  impl.RoleInfo (RoleInfo.java:updateAndGet(143)) - ccb54c7c-d652-4a32-8fba-bee4dbf2a7ee: start FollowerState
2019-10-18 08:15:20,631 [Thread-636] INFO  impl.FollowerState (FollowerState.java:run(108)) - ccb54c7c-d652-4a32-8fba-bee4dbf2a7ee@group-F971E7EEC70F-FollowerState: change to CANDIDATE, lastRpcTime:139ms, electionTimeout:139ms
2019-10-18 08:15:20,632 [Thread-636] INFO  impl.RoleInfo (RoleInfo.java:shutdownFollowerState(121)) - ccb54c7c-d652-4a32-8fba-bee4dbf2a7ee: shutdown FollowerState
2019-10-18 08:15:20,633 [Thread-636] INFO  impl.RaftServerImpl (RaftServerImpl.java:setRole(184)) - ccb54c7c-d652-4a32-8fba-bee4dbf2a7ee@group-F971E7EEC70F: changes role from  FOLLOWER to CANDIDATE at term 24 for changeToCandidate
2019-10-18 08:15:20,633 [Thread-636] INFO  impl.RoleInfo (RoleInfo.java:updateAndGet(143)) - ccb54c7c-d652-4a32-8fba-bee4dbf2a7ee: start LeaderElection
2019-10-18 08:15:20,647 [ccb54c7c-d652-4a32-8fba-bee4dbf2a7ee@group-F971E7EEC70F-LeaderElection28] INFO  impl.LeaderElection (LeaderElection.java:askForVotes(178)) - ccb54c7c-d652-4a32-8fba-bee4dbf2a7ee@group-F971E7EEC70F-LeaderElection28: begin an election at term 25 for -1: [de33c61e-1baa-412c-a678-1642e68dfdea:192.168.69.67:35710, 413e678e-a618-4c92-927e-441fcc799019:192.168.69.67:40351, ccb54c7c-d652-4a32-8fba-bee4dbf2a7ee:192.168.69.67:36515], old=null
2019-10-18 08:15:20,650 [grpc-default-executor-0] INFO  impl.RaftServerImpl (RaftServerImpl.java:setRole(184)) - 413e678e-a618-4c92-927e-441fcc799019@group-F971E7EEC70F: changes role from  FOLLOWER to FOLLOWER at term 25 for recognizeCandidate:ccb54c7c-d652-4a32-8fba-bee4dbf2a7ee
2019-10-18 08:15:20,650 [grpc-default-executor-3] INFO  impl.RaftServerImpl (RaftServerImpl.java:setRole(184)) - de33c61e-1baa-412c-a678-1642e68dfdea@group-F971E7EEC70F: changes role from  FOLLOWER to FOLLOWER at term 25 for recognizeCandidate:ccb54c7c-d652-4a32-8fba-bee4dbf2a7ee
2019-10-18 08:15:20,651 [grpc-default-executor-0] INFO  impl.RoleInfo (RoleInfo.java:shutdownFollowerState(121)) - 413e678e-a618-4c92-927e-441fcc799019: shutdown FollowerState
2019-10-18 08:15:20,651 [grpc-default-executor-3] INFO  impl.RoleInfo (RoleInfo.java:shutdownFollowerState(121)) - de33c61e-1baa-412c-a678-1642e68dfdea: shutdown FollowerState
2019-10-18 08:15:20,651 [Thread-635] INFO  impl.FollowerState (FollowerState.java:run(117)) - 413e678e-a618-4c92-927e-441fcc799019@group-F971E7EEC70F-FollowerState was interrupted: java.lang.InterruptedException: sleep interrupted
2019-10-18 08:15:20,651 [grpc-default-executor-0] INFO  impl.RoleInfo (RoleInfo.java:updateAndGet(143)) - 413e678e-a618-4c92-927e-441fcc799019: start FollowerState
2019-10-18 08:15:20,651 [Thread-634] INFO  impl.FollowerState (FollowerState.java:run(117)) - de33c61e-1baa-412c-a678-1642e68dfdea@group-F971E7EEC70F-FollowerState was interrupted: java.lang.InterruptedException: sleep interrupted
2019-10-18 08:15:20,651 [grpc-default-executor-3] INFO  impl.RoleInfo (RoleInfo.java:updateAndGet(143)) - de33c61e-1baa-412c-a678-1642e68dfdea: start FollowerState
2019-10-18 08:15:20,667 [ccb54c7c-d652-4a32-8fba-bee4dbf2a7ee@group-F971E7EEC70F-LeaderElection28] INFO  impl.LeaderElection (LeaderElection.java:logAndReturn(56)) - ccb54c7c-d652-4a32-8fba-bee4dbf2a7ee@group-F971E7EEC70F-LeaderElection28: Election REJECTED; received 2 response(s) [ccb54c7c-d652-4a32-8fba-bee4dbf2a7ee<-de33c61e-1baa-412c-a678-1642e68dfdea#0:FAIL-t25, ccb54c7c-d652-4a32-8fba-bee4dbf2a7ee<-413e678e-a618-4c92-927e-441fcc799019#0:FAIL-t25] and 0 exception(s); ccb54c7c-d652-4a32-8fba-bee4dbf2a7ee@group-F971E7EEC70F:t25, leader=null, voted=ccb54c7c-d652-4a32-8fba-bee4dbf2a7ee, raftlog=ccb54c7c-d652-4a32-8fba-bee4dbf2a7ee@group-F971E7EEC70F-SegmentedRaftLog:OPENED:c-1,f-1,i0, conf=-1: [de33c61e-1baa-412c-a678-1642e68dfdea:192.168.69.67:35710, 413e678e-a618-4c92-927e-441fcc799019:192.168.69.67:40351, ccb54c7c-d652-4a32-8fba-bee4dbf2a7ee:192.168.69.67:36515], old=null
2019-10-18 08:15:20,667 [ccb54c7c-d652-4a32-8fba-bee4dbf2a7ee@group-F971E7EEC70F-LeaderElection28] INFO  impl.RaftServerImpl (RaftServerImpl.java:setRole(184)) - ccb54c7c-d652-4a32-8fba-bee4dbf2a7ee@group-F971E7EEC70F: changes role from CANDIDATE to FOLLOWER at term 25 for DISCOVERED_A_NEW_TERM
2019-10-18 08:15:20,667 [ccb54c7c-d652-4a32-8fba-bee4dbf2a7ee@group-F971E7EEC70F-LeaderElection28] INFO  impl.RoleInfo (RoleInfo.java:shutdownLeaderElection(134)) - ccb54c7c-d652-4a32-8fba-bee4dbf2a7ee: shutdown LeaderElection
2019-10-18 08:15:20,668 [ccb54c7c-d652-4a32-8fba-bee4dbf2a7ee@group-F971E7EEC70F-LeaderElection28] INFO  impl.RoleInfo (RoleInfo.java:updateAndGet(143)) - ccb54c7c-d652-4a32-8fba-bee4dbf2a7ee: start FollowerState
2019-10-18 08:15:20,720 [Thread-642] INFO  impl.FollowerState (FollowerState.java:run(108)) - ccb54c7c-d652-4a32-8fba-bee4dbf2a7ee@group-F971E7EEC70F-FollowerState: change to CANDIDATE, lastRpcTime:52ms, electionTimeout:52ms
2019-10-18 08:15:20,722 [Thread-642] INFO  impl.RoleInfo (RoleInfo.java:shutdownFollowerState(121)) - ccb54c7c-d652-4a32-8fba-bee4dbf2a7ee: shutdown FollowerState
2019-10-18 08:15:20,722 [Thread-642] INFO  impl.RaftServerImpl (RaftServerImpl.java:setRole(184)) - ccb54c7c-d652-4a32-8fba-bee4dbf2a7ee@group-F971E7EEC70F: changes role from  FOLLOWER to CANDIDATE at term 25 for changeToCandidate
2019-10-18 08:15:20,722 [Thread-642] INFO  impl.RoleInfo (RoleInfo.java:updateAndGet(143)) - ccb54c7c-d652-4a32-8fba-bee4dbf2a7ee: start LeaderElection
 0.00% |?                                                                                                    |  0/1 Time: 0:00:032019-10-18 08:15:20,744 [ccb54c7c-d652-4a32-8fba-bee4dbf2a7ee@group-F971E7EEC70F-LeaderElection29] INFO  impl.LeaderElection (LeaderElection.java:askForVotes(178)) - ccb54c7c-d652-4a32-8fba-bee4dbf2a7ee@group-F971E7EEC70F-LeaderElection29: begin an election at term 26 for -1: [de33c61e-1baa-412c-a678-1642e68dfdea:192.168.69.67:35710, 413e678e-a618-4c92-927e-441fcc799019:192.168.69.67:40351, ccb54c7c-d652-4a32-8fba-bee4dbf2a7ee:192.168.69.67:36515], old=null
2019-10-18 08:15:20,748 [grpc-default-executor-3] INFO  impl.RaftServerImpl (RaftServerImpl.java:setRole(184)) - de33c61e-1baa-412c-a678-1642e68dfdea@group-F971E7EEC70F: changes role from  FOLLOWER to FOLLOWER at term 26 for recognizeCandidate:ccb54c7c-d652-4a32-8fba-bee4dbf2a7ee
2019-10-18 08:15:20,748 [grpc-default-executor-0] INFO  impl.RaftServerImpl (RaftServerImpl.java:setRole(184)) - 413e678e-a618-4c92-927e-441fcc799019@group-F971E7EEC70F: changes role from  FOLLOWER to FOLLOWER at term 26 for recognizeCandidate:ccb54c7c-d652-4a32-8fba-bee4dbf2a7ee
2019-10-18 08:15:20,748 [grpc-default-executor-3] INFO  impl.RoleInfo (RoleInfo.java:shutdownFollowerState(121)) - de33c61e-1baa-412c-a678-1642e68dfdea: shutdown FollowerState
2019-10-18 08:15:20,748 [grpc-default-executor-0] INFO  impl.RoleInfo (RoleInfo.java:shutdownFollowerState(121)) - 413e678e-a618-4c92-927e-441fcc799019: shutdown FollowerState
2019-10-18 08:15:20,748 [Thread-641] INFO  impl.FollowerState (FollowerState.java:run(117)) - de33c61e-1baa-412c-a678-1642e68dfdea@group-F971E7EEC70F-FollowerState was interrupted: java.lang.InterruptedException: sleep interrupted
2019-10-18 08:15:20,748 [grpc-default-executor-3] INFO  impl.RoleInfo (RoleInfo.java:updateAndGet(143)) - de33c61e-1baa-412c-a678-1642e68dfdea: start FollowerState
2019-10-18 08:15:20,748 [Thread-640] INFO  impl.FollowerState (FollowerState.java:run(117)) - 413e678e-a618-4c92-927e-441fcc799019@group-F971E7EEC70F-FollowerState was interrupted: java.lang.InterruptedException: sleep interrupted
2019-10-18 08:15:20,748 [grpc-default-executor-0] INFO  impl.RoleInfo (RoleInfo.java:updateAndGet(143)) - 413e678e-a618-4c92-927e-441fcc799019: start FollowerState
2019-10-18 08:15:20,765 [ccb54c7c-d652-4a32-8fba-bee4dbf2a7ee@group-F971E7EEC70F-LeaderElection29] INFO  impl.LeaderElection (LeaderElection.java:logAndReturn(56)) - ccb54c7c-d652-4a32-8fba-bee4dbf2a7ee@group-F971E7EEC70F-LeaderElection29: Election REJECTED; received 2 response(s) [ccb54c7c-d652-4a32-8fba-bee4dbf2a7ee<-de33c61e-1baa-412c-a678-1642e68dfdea#0:FAIL-t26, ccb54c7c-d652-4a32-8fba-bee4dbf2a7ee<-413e678e-a618-4c92-927e-441fcc799019#0:FAIL-t26] and 0 exception(s); ccb54c7c-d652-4a32-8fba-bee4dbf2a7ee@group-F971E7EEC70F:t26, leader=null, voted=ccb54c7c-d652-4a32-8fba-bee4dbf2a7ee, raftlog=ccb54c7c-d652-4a32-8fba-bee4dbf2a7ee@group-F971E7EEC70F-SegmentedRaftLog:OPENED:c-1,f-1,i0, conf=-1: [de33c61e-1baa-412c-a678-1642e68dfdea:192.168.69.67:35710, 413e678e-a618-4c92-927e-441fcc799019:192.168.69.67:40351, ccb54c7c-d652-4a32-8fba-bee4dbf2a7ee:192.168.69.67:36515], old=null
2019-10-18 08:15:20,766 [ccb54c7c-d652-4a32-8fba-bee4dbf2a7ee@group-F971E7EEC70F-LeaderElection29] INFO  impl.RaftServerImpl (RaftServerImpl.java:setRole(184)) - ccb54c7c-d652-4a32-8fba-bee4dbf2a7ee@group-F971E7EEC70F: changes role from CANDIDATE to FOLLOWER at term 26 for DISCOVERED_A_NEW_TERM
2019-10-18 08:15:20,766 [ccb54c7c-d652-4a32-8fba-bee4dbf2a7ee@group-F971E7EEC70F-LeaderElection29] INFO  impl.RoleInfo (RoleInfo.java:shutdownLeaderElection(134)) - ccb54c7c-d652-4a32-8fba-bee4dbf2a7ee: shutdown LeaderElection
2019-10-18 08:15:20,766 [ccb54c7c-d652-4a32-8fba-bee4dbf2a7ee@group-F971E7EEC70F-LeaderElection29] INFO  impl.RoleInfo (RoleInfo.java:updateAndGet(143)) - ccb54c7c-d652-4a32-8fba-bee4dbf2a7ee: start FollowerState
2019-10-18 08:15:20,833 [Thread-648] INFO  impl.FollowerState (FollowerState.java:run(108)) - ccb54c7c-d652-4a32-8fba-bee4dbf2a7ee@group-F971E7EEC70F-FollowerState: change to CANDIDATE, lastRpcTime:67ms, electionTimeout:67ms
2019-10-18 08:15:20,835 [Thread-648] INFO  impl.RoleInfo (RoleInfo.java:shutdownFollowerState(121)) - ccb54c7c-d652-4a32-8fba-bee4dbf2a7ee: shutdown FollowerState
2019-10-18 08:15:20,835 [Thread-648] INFO  impl.RaftServerImpl (RaftServerImpl.java:setRole(184)) - ccb54c7c-d652-4a32-8fba-bee4dbf2a7ee@group-F971E7EEC70F: changes role from  FOLLOWER to CANDIDATE at term 26 for changeToCandidate
2019-10-18 08:15:20,835 [Thread-648] INFO  impl.RoleInfo (RoleInfo.java:updateAndGet(143)) - ccb54c7c-d652-4a32-8fba-bee4dbf2a7ee: start LeaderElection
2019-10-18 08:15:20,861 [ccb54c7c-d652-4a32-8fba-bee4dbf2a7ee@group-F971E7EEC70F-LeaderElection30] INFO  impl.LeaderElection (LeaderElection.java:askForVotes(178)) - ccb54c7c-d652-4a32-8fba-bee4dbf2a7ee@group-F971E7EEC70F-LeaderElection30: begin an election at term 27 for -1: [de33c61e-1baa-412c-a678-1642e68dfdea:192.168.69.67:35710, 413e678e-a618-4c92-927e-441fcc799019:192.168.69.67:40351, ccb54c7c-d652-4a32-8fba-bee4dbf2a7ee:192.168.69.67:36515], old=null
2019-10-18 08:15:20,863 [grpc-default-executor-3] INFO  impl.RaftServerImpl (RaftServerImpl.java:setRole(184)) - 413e678e-a618-4c92-927e-441fcc799019@group-F971E7EEC70F: changes role from  FOLLOWER to FOLLOWER at term 27 for recognizeCandidate:ccb54c7c-d652-4a32-8fba-bee4dbf2a7ee
2019-10-18 08:15:20,863 [grpc-default-executor-0] INFO  impl.RaftServerImpl (RaftServerImpl.java:setRole(184)) - de33c61e-1baa-412c-a678-1642e68dfdea@group-F971E7EEC70F: changes role from  FOLLOWER to FOLLOWER at term 27 for recognizeCandidate:ccb54c7c-d652-4a32-8fba-bee4dbf2a7ee
2019-10-18 08:15:20,863 [grpc-default-executor-3] INFO  impl.RoleInfo (RoleInfo.java:shutdownFollowerState(121)) - 413e678e-a618-4c92-927e-441fcc799019: shutdown FollowerState
2019-10-18 08:15:20,864 [grpc-default-executor-0] INFO  impl.RoleInfo (RoleInfo.java:shutdownFollowerState(121)) - de33c61e-1baa-412c-a678-1642e68dfdea: shutdown FollowerState
2019-10-18 08:15:20,864 [Thread-647] INFO  impl.FollowerState (FollowerState.java:run(117)) - 413e678e-a618-4c92-927e-441fcc799019@group-F971E7EEC70F-FollowerState was interrupted: java.lang.InterruptedException: sleep interrupted
2019-10-18 08:15:20,864 [grpc-default-executor-3] INFO  impl.RoleInfo (RoleInfo.java:updateAndGet(143)) - 413e678e-a618-4c92-927e-441fcc799019: start FollowerState
2019-10-18 08:15:20,864 [Thread-646] INFO  impl.FollowerState (FollowerState.java:run(117)) - de33c61e-1baa-412c-a678-1642e68dfdea@group-F971E7EEC70F-FollowerState was interrupted: java.lang.InterruptedException: sleep interrupted
2019-10-18 08:15:20,864 [grpc-default-executor-0] INFO  impl.RoleInfo (RoleInfo.java:updateAndGet(143)) - de33c61e-1baa-412c-a678-1642e68dfdea: start FollowerState
2019-10-18 08:15:20,891 [ccb54c7c-d652-4a32-8fba-bee4dbf2a7ee@group-F971E7EEC70F-LeaderElection30] INFO  impl.LeaderElection (LeaderElection.java:logAndReturn(56)) - ccb54c7c-d652-4a32-8fba-bee4dbf2a7ee@group-F971E7EEC70F-LeaderElection30: Election REJECTED; received 2 response(s) [ccb54c7c-d652-4a32-8fba-bee4dbf2a7ee<-de33c61e-1baa-412c-a678-1642e68dfdea#0:FAIL-t27, ccb54c7c-d652-4a32-8fba-bee4dbf2a7ee<-413e678e-a618-4c92-927e-441fcc799019#0:FAIL-t27] and 0 exception(s); ccb54c7c-d652-4a32-8fba-bee4dbf2a7ee@group-F971E7EEC70F:t27, leader=null, voted=ccb54c7c-d652-4a32-8fba-bee4dbf2a7ee, raftlog=ccb54c7c-d652-4a32-8fba-bee4dbf2a7ee@group-F971E7EEC70F-SegmentedRaftLog:OPENED:c-1,f-1,i0, conf=-1: [de33c61e-1baa-412c-a678-1642e68dfdea:192.168.69.67:35710, 413e678e-a618-4c92-927e-441fcc799019:192.168.69.67:40351, ccb54c7c-d652-4a32-8fba-bee4dbf2a7ee:192.168.69.67:36515], old=null
2019-10-18 08:15:20,891 [ccb54c7c-d652-4a32-8fba-bee4dbf2a7ee@group-F971E7EEC70F-LeaderElection30] INFO  impl.RaftServerImpl (RaftServerImpl.java:setRole(184)) - ccb54c7c-d652-4a32-8fba-bee4dbf2a7ee@group-F971E7EEC70F: changes role from CANDIDATE to FOLLOWER at term 27 for DISCOVERED_A_NEW_TERM
2019-10-18 08:15:20,892 [ccb54c7c-d652-4a32-8fba-bee4dbf2a7ee@group-F971E7EEC70F-LeaderElection30] INFO  impl.RoleInfo (RoleInfo.java:shutdownLeaderElection(134)) - ccb54c7c-d652-4a32-8fba-bee4dbf2a7ee: shutdown LeaderElection
2019-10-18 08:15:20,892 [ccb54c7c-d652-4a32-8fba-bee4dbf2a7ee@group-F971E7EEC70F-LeaderElection30] INFO  impl.RoleInfo (RoleInfo.java:updateAndGet(143)) - ccb54c7c-d652-4a32-8fba-bee4dbf2a7ee: start FollowerState
2019-10-18 08:15:20,981 [Thread-654] INFO  impl.FollowerState (FollowerState.java:run(108)) - ccb54c7c-d652-4a32-8fba-bee4dbf2a7ee@group-F971E7EEC70F-FollowerState: change to CANDIDATE, lastRpcTime:89ms, electionTimeout:89ms
2019-10-18 08:15:20,982 [Thread-654] INFO  impl.RoleInfo (RoleInfo.java:shutdownFollowerState(121)) - ccb54c7c-d652-4a32-8fba-bee4dbf2a7ee: shutdown FollowerState
2019-10-18 08:15:20,982 [Thread-654] INFO  impl.RaftServerImpl (RaftServerImpl.java:setRole(184)) - ccb54c7c-d652-4a32-8fba-bee4dbf2a7ee@group-F971E7EEC70F: changes role from  FOLLOWER to CANDIDATE at term 27 for changeToCandidate
2019-10-18 08:15:20,983 [Thread-654] INFO  impl.RoleInfo (RoleInfo.java:updateAndGet(143)) - ccb54c7c-d652-4a32-8fba-bee4dbf2a7ee: start LeaderElection
2019-10-18 08:15:20,997 [ccb54c7c-d652-4a32-8fba-bee4dbf2a7ee@group-F971E7EEC70F-LeaderElection31] INFO  impl.LeaderElection (LeaderElection.java:askForVotes(178)) - ccb54c7c-d652-4a32-8fba-bee4dbf2a7ee@group-F971E7EEC70F-LeaderElection31: begin an election at term 28 for -1: [de33c61e-1baa-412c-a678-1642e68dfdea:192.168.69.67:35710, 413e678e-a618-4c92-927e-441fcc799019:192.168.69.67:40351, ccb54c7c-d652-4a32-8fba-bee4dbf2a7ee:192.168.69.67:36515], old=null
2019-10-18 08:15:21,000 [grpc-default-executor-3] INFO  impl.RaftServerImpl (RaftServerImpl.java:setRole(184)) - de33c61e-1baa-412c-a678-1642e68dfdea@group-F971E7EEC70F: changes role from  FOLLOWER to FOLLOWER at term 28 for recognizeCandidate:ccb54c7c-d652-4a32-8fba-bee4dbf2a7ee
2019-10-18 08:15:21,001 [grpc-default-executor-3] INFO  impl.RoleInfo (RoleInfo.java:shutdownFollowerState(121)) - de33c61e-1baa-412c-a678-1642e68dfdea: shutdown FollowerState
2019-10-18 08:15:21,001 [grpc-default-executor-0] INFO  impl.RaftServerImpl (RaftServerImpl.java:setRole(184)) - 413e678e-a618-4c92-927e-441fcc799019@group-F971E7EEC70F: changes role from  FOLLOWER to FOLLOWER at term 28 for recognizeCandidate:ccb54c7c-d652-4a32-8fba-bee4dbf2a7ee
2019-10-18 08:15:21,001 [Thread-653] INFO  impl.FollowerState (FollowerState.java:run(117)) - de33c61e-1baa-412c-a678-1642e68dfdea@group-F971E7EEC70F-FollowerState was interrupted: java.lang.InterruptedException: sleep interrupted
2019-10-18 08:15:21,001 [grpc-default-executor-3] INFO  impl.RoleInfo (RoleInfo.java:updateAndGet(143)) - de33c61e-1baa-412c-a678-1642e68dfdea: start FollowerState
2019-10-18 08:15:21,001 [grpc-default-executor-0] INFO  impl.RoleInfo (RoleInfo.java:shutdownFollowerState(121)) - 413e678e-a618-4c92-927e-441fcc799019: shutdown FollowerState
2019-10-18 08:15:21,001 [grpc-default-executor-0] INFO  impl.RoleInfo (RoleInfo.java:updateAndGet(143)) - 413e678e-a618-4c92-927e-441fcc799019: start FollowerState
2019-10-18 08:15:21,002 [Thread-652] INFO  impl.FollowerState (FollowerState.java:run(117)) - 413e678e-a618-4c92-927e-441fcc799019@group-F971E7EEC70F-FollowerState was interrupted: java.lang.InterruptedException: sleep interrupted
2019-10-18 08:15:21,027 [ccb54c7c-d652-4a32-8fba-bee4dbf2a7ee@group-F971E7EEC70F-LeaderElection31] INFO  impl.LeaderElection (LeaderElection.java:logAndReturn(56)) - ccb54c7c-d652-4a32-8fba-bee4dbf2a7ee@group-F971E7EEC70F-LeaderElection31: Election REJECTED; received 2 response(s) [ccb54c7c-d652-4a32-8fba-bee4dbf2a7ee<-de33c61e-1baa-412c-a678-1642e68dfdea#0:FAIL-t28, ccb54c7c-d652-4a32-8fba-bee4dbf2a7ee<-413e678e-a618-4c92-927e-441fcc799019#0:FAIL-t28] and 0 exception(s); ccb54c7c-d652-4a32-8fba-bee4dbf2a7ee@group-F971E7EEC70F:t28, leader=null, voted=ccb54c7c-d652-4a32-8fba-bee4dbf2a7ee, raftlog=ccb54c7c-d652-4a32-8fba-bee4dbf2a7ee@group-F971E7EEC70F-SegmentedRaftLog:OPENED:c-1,f-1,i0, conf=-1: [de33c61e-1baa-412c-a678-1642e68dfdea:192.168.69.67:35710, 413e678e-a618-4c92-927e-441fcc799019:192.168.69.67:40351, ccb54c7c-d652-4a32-8fba-bee4dbf2a7ee:192.168.69.67:36515], old=null
2019-10-18 08:15:21,027 [ccb54c7c-d652-4a32-8fba-bee4dbf2a7ee@group-F971E7EEC70F-LeaderElection31] INFO  impl.RaftServerImpl (RaftServerImpl.java:setRole(184)) - ccb54c7c-d652-4a32-8fba-bee4dbf2a7ee@group-F971E7EEC70F: changes role from CANDIDATE to FOLLOWER at term 28 for DISCOVERED_A_NEW_TERM
2019-10-18 08:15:21,027 [ccb54c7c-d652-4a32-8fba-bee4dbf2a7ee@group-F971E7EEC70F-LeaderElection31] INFO  impl.RoleInfo (RoleInfo.java:shutdownLeaderElection(134)) - ccb54c7c-d652-4a32-8fba-bee4dbf2a7ee: shutdown LeaderElection
2019-10-18 08:15:21,027 [ccb54c7c-d652-4a32-8fba-bee4dbf2a7ee@group-F971E7EEC70F-LeaderElection31] INFO  impl.RoleInfo (RoleInfo.java:updateAndGet(143)) - ccb54c7c-d652-4a32-8fba-bee4dbf2a7ee: start FollowerState
2019-10-18 08:15:21,059 [Thread-660] INFO  impl.FollowerState (FollowerState.java:run(108)) - ccb54c7c-d652-4a32-8fba-bee4dbf2a7ee@group-F971E7EEC70F-FollowerState: change to CANDIDATE, lastRpcTime:32ms, electionTimeout:32ms
2019-10-18 08:15:21,064 [Thread-660] INFO  impl.RoleInfo (RoleInfo.java:shutdownFollowerState(121)) - ccb54c7c-d652-4a32-8fba-bee4dbf2a7ee: shutdown FollowerState
2019-10-18 08:15:21,064 [Thread-660] INFO  impl.RaftServerImpl (RaftServerImpl.java:setRole(184)) - ccb54c7c-d652-4a32-8fba-bee4dbf2a7ee@group-F971E7EEC70F: changes role from  FOLLOWER to CANDIDATE at term 28 for changeToCandidate
2019-10-18 08:15:21,064 [Thread-660] INFO  impl.RoleInfo (RoleInfo.java:updateAndGet(143)) - ccb54c7c-d652-4a32-8fba-bee4dbf2a7ee: start LeaderElection
2019-10-18 08:15:21,087 [ccb54c7c-d652-4a32-8fba-bee4dbf2a7ee@group-F971E7EEC70F-LeaderElection32] INFO  impl.LeaderElection (LeaderElection.java:askForVotes(178)) - ccb54c7c-d652-4a32-8fba-bee4dbf2a7ee@group-F971E7EEC70F-LeaderElection32: begin an election at term 29 for -1: [de33c61e-1baa-412c-a678-1642e68dfdea:192.168.69.67:35710, 413e678e-a618-4c92-927e-441fcc799019:192.168.69.67:40351, ccb54c7c-d652-4a32-8fba-bee4dbf2a7ee:192.168.69.67:36515], old=null
2019-10-18 08:15:21,090 [ccb54c7c-d652-4a32-8fba-bee4dbf2a7ee@group-F971E7EEC70F-LeaderElection32] INFO  impl.LeaderElection (LeaderElection.java:logAndReturn(56)) - ccb54c7c-d652-4a32-8fba-bee4dbf2a7ee@group-F971E7EEC70F-LeaderElection32: Election TIMEOUT; received 0 response(s) [] and 0 exception(s); ccb54c7c-d652-4a32-8fba-bee4dbf2a7ee@group-F971E7EEC70F:t29, leader=null, voted=ccb54c7c-d652-4a32-8fba-bee4dbf2a7ee, raftlog=ccb54c7c-d652-4a32-8fba-bee4dbf2a7ee@group-F971E7EEC70F-SegmentedRaftLog:OPENED:c-1,f-1,i0, conf=-1: [de33c61e-1baa-412c-a678-1642e68dfdea:192.168.69.67:35710, 413e678e-a618-4c92-927e-441fcc799019:192.168.69.67:40351, ccb54c7c-d652-4a32-8fba-bee4dbf2a7ee:192.168.69.67:36515], old=null
2019-10-18 08:15:21,091 [grpc-default-executor-3] INFO  impl.RaftServerImpl (RaftServerImpl.java:setRole(184)) - 413e678e-a618-4c92-927e-441fcc799019@group-F971E7EEC70F: changes role from  FOLLOWER to FOLLOWER at term 29 for recognizeCandidate:ccb54c7c-d652-4a32-8fba-bee4dbf2a7ee
2019-10-18 08:15:21,091 [grpc-default-executor-0] INFO  impl.RaftServerImpl (RaftServerImpl.java:setRole(184)) - de33c61e-1baa-412c-a678-1642e68dfdea@group-F971E7EEC70F: changes role from  FOLLOWER to FOLLOWER at term 29 for recognizeCandidate:ccb54c7c-d652-4a32-8fba-bee4dbf2a7ee
2019-10-18 08:15:21,092 [grpc-default-executor-3] INFO  impl.RoleInfo (RoleInfo.java:shutdownFollowerState(121)) - 413e678e-a618-4c92-927e-441fcc799019: shutdown FollowerState
2019-10-18 08:15:21,092 [grpc-default-executor-0] INFO  impl.RoleInfo (RoleInfo.java:shutdownFollowerState(121)) - de33c61e-1baa-412c-a678-1642e68dfdea: shutdown FollowerState
2019-10-18 08:15:21,092 [grpc-default-executor-3] INFO  impl.RoleInfo (RoleInfo.java:updateAndGet(143)) - 413e678e-a618-4c92-927e-441fcc799019: start FollowerState
2019-10-18 08:15:21,092 [Thread-659] INFO  impl.FollowerState (FollowerState.java:run(117)) - 413e678e-a618-4c92-927e-441fcc799019@group-F971E7EEC70F-FollowerState was interrupted: java.lang.InterruptedException: sleep interrupted
2019-10-18 08:15:21,093 [grpc-default-executor-0] INFO  impl.RoleInfo (RoleInfo.java:updateAndGet(143)) - de33c61e-1baa-412c-a678-1642e68dfdea: start FollowerState
2019-10-18 08:15:21,093 [Thread-658] INFO  impl.FollowerState (FollowerState.java:run(117)) - de33c61e-1baa-412c-a678-1642e68dfdea@group-F971E7EEC70F-FollowerState was interrupted: java.lang.InterruptedException: sleep interrupted
2019-10-18 08:15:21,104 [ccb54c7c-d652-4a32-8fba-bee4dbf2a7ee@group-F971E7EEC70F-LeaderElection32] INFO  impl.LeaderElection (LeaderElection.java:askForVotes(178)) - ccb54c7c-d652-4a32-8fba-bee4dbf2a7ee@group-F971E7EEC70F-LeaderElection32: begin an election at term 30 for -1: [de33c61e-1baa-412c-a678-1642e68dfdea:192.168.69.67:35710, 413e678e-a618-4c92-927e-441fcc799019:192.168.69.67:40351, ccb54c7c-d652-4a32-8fba-bee4dbf2a7ee:192.168.69.67:36515], old=null
2019-10-18 08:15:21,106 [grpc-default-executor-3] INFO  impl.RaftServerImpl (RaftServerImpl.java:setRole(184)) - 413e678e-a618-4c92-927e-441fcc799019@group-F971E7EEC70F: changes role from  FOLLOWER to FOLLOWER at term 30 for recognizeCandidate:ccb54c7c-d652-4a32-8fba-bee4dbf2a7ee
2019-10-18 08:15:21,106 [grpc-default-executor-0] INFO  impl.RaftServerImpl (RaftServerImpl.java:setRole(184)) - de33c61e-1baa-412c-a678-1642e68dfdea@group-F971E7EEC70F: changes role from  FOLLOWER to FOLLOWER at term 30 for recognizeCandidate:ccb54c7c-d652-4a32-8fba-bee4dbf2a7ee
2019-10-18 08:15:21,107 [grpc-default-executor-3] INFO  impl.RoleInfo (RoleInfo.java:shutdownFollowerState(121)) - 413e678e-a618-4c92-927e-441fcc799019: shutdown FollowerState
2019-10-18 08:15:21,107 [grpc-default-executor-0] INFO  impl.RoleInfo (RoleInfo.java:shutdownFollowerState(121)) - de33c61e-1baa-412c-a678-1642e68dfdea: shutdown FollowerState
2019-10-18 08:15:21,107 [grpc-default-executor-3] INFO  impl.RoleInfo (RoleInfo.java:updateAndGet(143)) - 413e678e-a618-4c92-927e-441fcc799019: start FollowerState
2019-10-18 08:15:21,107 [Thread-664] INFO  impl.FollowerState (FollowerState.java:run(117)) - 413e678e-a618-4c92-927e-441fcc799019@group-F971E7EEC70F-FollowerState was interrupted: java.lang.InterruptedException: sleep interrupted
2019-10-18 08:15:21,107 [Thread-665] INFO  impl.FollowerState (FollowerState.java:run(117)) - de33c61e-1baa-412c-a678-1642e68dfdea@group-F971E7EEC70F-FollowerState was interrupted: java.lang.InterruptedException: sleep interrupted
2019-10-18 08:15:21,107 [grpc-default-executor-0] INFO  impl.RoleInfo (RoleInfo.java:updateAndGet(143)) - de33c61e-1baa-412c-a678-1642e68dfdea: start FollowerState
2019-10-18 08:15:21,134 [ccb54c7c-d652-4a32-8fba-bee4dbf2a7ee@group-F971E7EEC70F-LeaderElection32] INFO  impl.LeaderElection (LeaderElection.java:logAndReturn(56)) - ccb54c7c-d652-4a32-8fba-bee4dbf2a7ee@group-F971E7EEC70F-LeaderElection32: Election REJECTED; received 2 response(s) [ccb54c7c-d652-4a32-8fba-bee4dbf2a7ee<-de33c61e-1baa-412c-a678-1642e68dfdea#0:FAIL-t30, ccb54c7c-d652-4a32-8fba-bee4dbf2a7ee<-413e678e-a618-4c92-927e-441fcc799019#0:FAIL-t30] and 0 exception(s); ccb54c7c-d652-4a32-8fba-bee4dbf2a7ee@group-F971E7EEC70F:t30, leader=null, voted=ccb54c7c-d652-4a32-8fba-bee4dbf2a7ee, raftlog=ccb54c7c-d652-4a32-8fba-bee4dbf2a7ee@group-F971E7EEC70F-SegmentedRaftLog:OPENED:c-1,f-1,i0, conf=-1: [de33c61e-1baa-412c-a678-1642e68dfdea:192.168.69.67:35710, 413e678e-a618-4c92-927e-441fcc799019:192.168.69.67:40351, ccb54c7c-d652-4a32-8fba-bee4dbf2a7ee:192.168.69.67:36515], old=null
2019-10-18 08:15:21,134 [ccb54c7c-d652-4a32-8fba-bee4dbf2a7ee@group-F971E7EEC70F-LeaderElection32] INFO  impl.RaftServerImpl (RaftServerImpl.java:setRole(184)) - ccb54c7c-d652-4a32-8fba-bee4dbf2a7ee@group-F971E7EEC70F: changes role from CANDIDATE to FOLLOWER at term 30 for DISCOVERED_A_NEW_TERM
2019-10-18 08:15:21,134 [ccb54c7c-d652-4a32-8fba-bee4dbf2a7ee@group-F971E7EEC70F-LeaderElection32] INFO  impl.RoleInfo (RoleInfo.java:shutdownLeaderElection(134)) - ccb54c7c-d652-4a32-8fba-bee4dbf2a7ee: shutdown LeaderElection
2019-10-18 08:15:21,134 [ccb54c7c-d652-4a32-8fba-bee4dbf2a7ee@group-F971E7EEC70F-LeaderElection32] INFO  impl.RoleInfo (RoleInfo.java:updateAndGet(143)) - ccb54c7c-d652-4a32-8fba-bee4dbf2a7ee: start FollowerState
2019-10-18 08:15:21,142 [Thread-670] INFO  impl.FollowerState (FollowerState.java:run(108)) - ccb54c7c-d652-4a32-8fba-bee4dbf2a7ee@group-F971E7EEC70F-FollowerState: change to CANDIDATE, lastRpcTime:7ms, electionTimeout:7ms
2019-10-18 08:15:21,142 [Thread-670] INFO  impl.RoleInfo (RoleInfo.java:shutdownFollowerState(121)) - ccb54c7c-d652-4a32-8fba-bee4dbf2a7ee: shutdown FollowerState
2019-10-18 08:15:21,142 [Thread-670] INFO  impl.RaftServerImpl (RaftServerImpl.java:setRole(184)) - ccb54c7c-d652-4a32-8fba-bee4dbf2a7ee@group-F971E7EEC70F: changes role from  FOLLOWER to CANDIDATE at term 30 for changeToCandidate
2019-10-18 08:15:21,142 [Thread-670] INFO  impl.RoleInfo (RoleInfo.java:updateAndGet(143)) - ccb54c7c-d652-4a32-8fba-bee4dbf2a7ee: start LeaderElection
2019-10-18 08:15:21,155 [ccb54c7c-d652-4a32-8fba-bee4dbf2a7ee@group-F971E7EEC70F-LeaderElection33] INFO  impl.LeaderElection (LeaderElection.java:askForVotes(178)) - ccb54c7c-d652-4a32-8fba-bee4dbf2a7ee@group-F971E7EEC70F-LeaderElection33: begin an election at term 31 for -1: [de33c61e-1baa-412c-a678-1642e68dfdea:192.168.69.67:35710, 413e678e-a618-4c92-927e-441fcc799019:192.168.69.67:40351, ccb54c7c-d652-4a32-8fba-bee4dbf2a7ee:192.168.69.67:36515], old=null
2019-10-18 08:15:21,158 [grpc-default-executor-0] INFO  impl.RaftServerImpl (RaftServerImpl.java:setRole(184)) - de33c61e-1baa-412c-a678-1642e68dfdea@group-F971E7EEC70F: changes role from  FOLLOWER to FOLLOWER at term 31 for recognizeCandidate:ccb54c7c-d652-4a32-8fba-bee4dbf2a7ee
2019-10-18 08:15:21,158 [grpc-default-executor-0] INFO  impl.RoleInfo (RoleInfo.java:shutdownFollowerState(121)) - de33c61e-1baa-412c-a678-1642e68dfdea: shutdown FollowerState
2019-10-18 08:15:21,158 [grpc-default-executor-3] INFO  impl.RaftServerImpl (RaftServerImpl.java:setRole(184)) - 413e678e-a618-4c92-927e-441fcc799019@group-F971E7EEC70F: changes role from  FOLLOWER to FOLLOWER at term 31 for recognizeCandidate:ccb54c7c-d652-4a32-8fba-bee4dbf2a7ee
2019-10-18 08:15:21,158 [Thread-669] INFO  impl.FollowerState (FollowerState.java:run(117)) - de33c61e-1baa-412c-a678-1642e68dfdea@group-F971E7EEC70F-FollowerState was interrupted: java.lang.InterruptedException: sleep interrupted
2019-10-18 08:15:21,158 [grpc-default-executor-0] INFO  impl.RoleInfo (RoleInfo.java:updateAndGet(143)) - de33c61e-1baa-412c-a678-1642e68dfdea: start FollowerState
2019-10-18 08:15:21,158 [grpc-default-executor-3] INFO  impl.RoleInfo (RoleInfo.java:shutdownFollowerState(121)) - 413e678e-a618-4c92-927e-441fcc799019: shutdown FollowerState
2019-10-18 08:15:21,158 [grpc-default-executor-3] INFO  impl.RoleInfo (RoleInfo.java:updateAndGet(143)) - 413e678e-a618-4c92-927e-441fcc799019: start FollowerState
2019-10-18 08:15:21,159 [Thread-668] INFO  impl.FollowerState (FollowerState.java:run(117)) - 413e678e-a618-4c92-927e-441fcc799019@group-F971E7EEC70F-FollowerState was interrupted: java.lang.InterruptedException: sleep interrupted
2019-10-18 08:15:21,173 [ccb54c7c-d652-4a32-8fba-bee4dbf2a7ee@group-F971E7EEC70F-LeaderElection33] INFO  impl.LeaderElection (LeaderElection.java:logAndReturn(56)) - ccb54c7c-d652-4a32-8fba-bee4dbf2a7ee@group-F971E7EEC70F-LeaderElection33: Election REJECTED; received 2 response(s) [ccb54c7c-d652-4a32-8fba-bee4dbf2a7ee<-de33c61e-1baa-412c-a678-1642e68dfdea#0:FAIL-t31, ccb54c7c-d652-4a32-8fba-bee4dbf2a7ee<-413e678e-a618-4c92-927e-441fcc799019#0:FAIL-t31] and 0 exception(s); ccb54c7c-d652-4a32-8fba-bee4dbf2a7ee@group-F971E7EEC70F:t31, leader=null, voted=ccb54c7c-d652-4a32-8fba-bee4dbf2a7ee, raftlog=ccb54c7c-d652-4a32-8fba-bee4dbf2a7ee@group-F971E7EEC70F-SegmentedRaftLog:OPENED:c-1,f-1,i0, conf=-1: [de33c61e-1baa-412c-a678-1642e68dfdea:192.168.69.67:35710, 413e678e-a618-4c92-927e-441fcc799019:192.168.69.67:40351, ccb54c7c-d652-4a32-8fba-bee4dbf2a7ee:192.168.69.67:36515], old=null
2019-10-18 08:15:21,173 [ccb54c7c-d652-4a32-8fba-bee4dbf2a7ee@group-F971E7EEC70F-LeaderElection33] INFO  impl.RaftServerImpl (RaftServerImpl.java:setRole(184)) - ccb54c7c-d652-4a32-8fba-bee4dbf2a7ee@group-F971E7EEC70F: changes role from CANDIDATE to FOLLOWER at term 31 for DISCOVERED_A_NEW_TERM
2019-10-18 08:15:21,174 [ccb54c7c-d652-4a32-8fba-bee4dbf2a7ee@group-F971E7EEC70F-LeaderElection33] INFO  impl.RoleInfo (RoleInfo.java:shutdownLeaderElection(134)) - ccb54c7c-d652-4a32-8fba-bee4dbf2a7ee: shutdown LeaderElection
2019-10-18 08:15:21,174 [ccb54c7c-d652-4a32-8fba-bee4dbf2a7ee@group-F971E7EEC70F-LeaderElection33] INFO  impl.RoleInfo (RoleInfo.java:updateAndGet(143)) - ccb54c7c-d652-4a32-8fba-bee4dbf2a7ee: start FollowerState
2019-10-18 08:15:21,262 [Thread-676] INFO  impl.FollowerState (FollowerState.java:run(108)) - ccb54c7c-d652-4a32-8fba-bee4dbf2a7ee@group-F971E7EEC70F-FollowerState: change to CANDIDATE, lastRpcTime:88ms, electionTimeout:88ms
2019-10-18 08:15:21,262 [Thread-676] INFO  impl.RoleInfo (RoleInfo.java:shutdownFollowerState(121)) - ccb54c7c-d652-4a32-8fba-bee4dbf2a7ee: shutdown FollowerState
2019-10-18 08:15:21,263 [Thread-676] INFO  impl.RaftServerImpl (RaftServerImpl.java:setRole(184)) - ccb54c7c-d652-4a32-8fba-bee4dbf2a7ee@group-F971E7EEC70F: changes role from  FOLLOWER to CANDIDATE at term 31 for changeToCandidate
2019-10-18 08:15:21,263 [Thread-676] INFO  impl.RoleInfo (RoleInfo.java:updateAndGet(143)) - ccb54c7c-d652-4a32-8fba-bee4dbf2a7ee: start LeaderElection
2019-10-18 08:15:21,296 [ccb54c7c-d652-4a32-8fba-bee4dbf2a7ee@group-F971E7EEC70F-LeaderElection34] INFO  impl.LeaderElection (LeaderElection.java:askForVotes(178)) - ccb54c7c-d652-4a32-8fba-bee4dbf2a7ee@group-F971E7EEC70F-LeaderElection34: begin an election at term 32 for -1: [de33c61e-1baa-412c-a678-1642e68dfdea:192.168.69.67:35710, 413e678e-a618-4c92-927e-441fcc799019:192.168.69.67:40351, ccb54c7c-d652-4a32-8fba-bee4dbf2a7ee:192.168.69.67:36515], old=null
2019-10-18 08:15:21,300 [grpc-default-executor-3] INFO  impl.RaftServerImpl (RaftServerImpl.java:setRole(184)) - de33c61e-1baa-412c-a678-1642e68dfdea@group-F971E7EEC70F: changes role from  FOLLOWER to FOLLOWER at term 32 for recognizeCandidate:ccb54c7c-d652-4a32-8fba-bee4dbf2a7ee
2019-10-18 08:15:21,300 [grpc-default-executor-0] INFO  impl.RaftServerImpl (RaftServerImpl.java:setRole(184)) - 413e678e-a618-4c92-927e-441fcc799019@group-F971E7EEC70F: changes role from  FOLLOWER to FOLLOWER at term 32 for recognizeCandidate:ccb54c7c-d652-4a32-8fba-bee4dbf2a7ee
2019-10-18 08:15:21,300 [grpc-default-executor-3] INFO  impl.RoleInfo (RoleInfo.java:shutdownFollowerState(121)) - de33c61e-1baa-412c-a678-1642e68dfdea: shutdown FollowerState
2019-10-18 08:15:21,300 [grpc-default-executor-0] INFO  impl.RoleInfo (RoleInfo.java:shutdownFollowerState(121)) - 413e678e-a618-4c92-927e-441fcc799019: shutdown FollowerState
2019-10-18 08:15:21,300 [Thread-674] INFO  impl.FollowerState (FollowerState.java:run(117)) - de33c61e-1baa-412c-a678-1642e68dfdea@group-F971E7EEC70F-FollowerState was interrupted: java.lang.InterruptedException: sleep interrupted
2019-10-18 08:15:21,301 [Thread-675] INFO  impl.FollowerState (FollowerState.java:run(117)) - 413e678e-a618-4c92-927e-441fcc799019@group-F971E7EEC70F-FollowerState was interrupted: java.lang.InterruptedException: sleep interrupted
2019-10-18 08:15:21,300 [grpc-default-executor-3] INFO  impl.RoleInfo (RoleInfo.java:updateAndGet(143)) - de33c61e-1baa-412c-a678-1642e68dfdea: start FollowerState
2019-10-18 08:15:21,301 [grpc-default-executor-0] INFO  impl.RoleInfo (RoleInfo.java:updateAndGet(143)) - 413e678e-a618-4c92-927e-441fcc799019: start FollowerState
2019-10-18 08:15:21,317 [ccb54c7c-d652-4a32-8fba-bee4dbf2a7ee@group-F971E7EEC70F-LeaderElection34] INFO  impl.LeaderElection (LeaderElection.java:logAndReturn(56)) - ccb54c7c-d652-4a32-8fba-bee4dbf2a7ee@group-F971E7EEC70F-LeaderElection34: Election REJECTED; received 2 response(s) [ccb54c7c-d652-4a32-8fba-bee4dbf2a7ee<-de33c61e-1baa-412c-a678-1642e68dfdea#0:FAIL-t32, ccb54c7c-d652-4a32-8fba-bee4dbf2a7ee<-413e678e-a618-4c92-927e-441fcc799019#0:FAIL-t32] and 0 exception(s); ccb54c7c-d652-4a32-8fba-bee4dbf2a7ee@group-F971E7EEC70F:t32, leader=null, voted=ccb54c7c-d652-4a32-8fba-bee4dbf2a7ee, raftlog=ccb54c7c-d652-4a32-8fba-bee4dbf2a7ee@group-F971E7EEC70F-SegmentedRaftLog:OPENED:c-1,f-1,i0, conf=-1: [de33c61e-1baa-412c-a678-1642e68dfdea:192.168.69.67:35710, 413e678e-a618-4c92-927e-441fcc799019:192.168.69.67:40351, ccb54c7c-d652-4a32-8fba-bee4dbf2a7ee:192.168.69.67:36515], old=null
2019-10-18 08:15:21,317 [ccb54c7c-d652-4a32-8fba-bee4dbf2a7ee@group-F971E7EEC70F-LeaderElection34] INFO  impl.RaftServerImpl (RaftServerImpl.java:setRole(184)) - ccb54c7c-d652-4a32-8fba-bee4dbf2a7ee@group-F971E7EEC70F: changes role from CANDIDATE to FOLLOWER at term 32 for DISCOVERED_A_NEW_TERM
2019-10-18 08:15:21,317 [ccb54c7c-d652-4a32-8fba-bee4dbf2a7ee@group-F971E7EEC70F-LeaderElection34] INFO  impl.RoleInfo (RoleInfo.java:shutdownLeaderElection(134)) - ccb54c7c-d652-4a32-8fba-bee4dbf2a7ee: shutdown LeaderElection
2019-10-18 08:15:21,318 [ccb54c7c-d652-4a32-8fba-bee4dbf2a7ee@group-F971E7EEC70F-LeaderElection34] INFO  impl.RoleInfo (RoleInfo.java:updateAndGet(143)) - ccb54c7c-d652-4a32-8fba-bee4dbf2a7ee: start FollowerState
2019-10-18 08:15:21,360 [Thread-682] INFO  impl.FollowerState (FollowerState.java:run(108)) - ccb54c7c-d652-4a32-8fba-bee4dbf2a7ee@group-F971E7EEC70F-FollowerState: change to CANDIDATE, lastRpcTime:42ms, electionTimeout:42ms
2019-10-18 08:15:21,361 [Thread-682] INFO  impl.RoleInfo (RoleInfo.java:shutdownFollowerState(121)) - ccb54c7c-d652-4a32-8fba-bee4dbf2a7ee: shutdown FollowerState
2019-10-18 08:15:21,361 [Thread-682] INFO  impl.RaftServerImpl (RaftServerImpl.java:setRole(184)) - ccb54c7c-d652-4a32-8fba-bee4dbf2a7ee@group-F971E7EEC70F: changes role from  FOLLOWER to CANDIDATE at term 32 for changeToCandidate
2019-10-18 08:15:21,361 [Thread-682] INFO  impl.RoleInfo (RoleInfo.java:updateAndGet(143)) - ccb54c7c-d652-4a32-8fba-bee4dbf2a7ee: start LeaderElection
2019-10-18 08:15:21,386 [ccb54c7c-d652-4a32-8fba-bee4dbf2a7ee@group-F971E7EEC70F-LeaderElection35] INFO  impl.LeaderElection (LeaderElection.java:askForVotes(178)) - ccb54c7c-d652-4a32-8fba-bee4dbf2a7ee@group-F971E7EEC70F-LeaderElection35: begin an election at term 33 for -1: [de33c61e-1baa-412c-a678-1642e68dfdea:192.168.69.67:35710, 413e678e-a618-4c92-927e-441fcc799019:192.168.69.67:40351, ccb54c7c-d652-4a32-8fba-bee4dbf2a7ee:192.168.69.67:36515], old=null
2019-10-18 08:15:21,390 [grpc-default-executor-0] INFO  impl.RaftServerImpl (RaftServerImpl.java:setRole(184)) - de33c61e-1baa-412c-a678-1642e68dfdea@group-F971E7EEC70F: changes role from  FOLLOWER to FOLLOWER at term 33 for recognizeCandidate:ccb54c7c-d652-4a32-8fba-bee4dbf2a7ee
2019-10-18 08:15:21,390 [grpc-default-executor-0] INFO  impl.RoleInfo (RoleInfo.java:shutdownFollowerState(121)) - de33c61e-1baa-412c-a678-1642e68dfdea: shutdown FollowerState
2019-10-18 08:15:21,390 [grpc-default-executor-3] INFO  impl.RaftServerImpl (RaftServerImpl.java:setRole(184)) - 413e678e-a618-4c92-927e-441fcc799019@group-F971E7EEC70F: changes role from  FOLLOWER to FOLLOWER at term 33 for recognizeCandidate:ccb54c7c-d652-4a32-8fba-bee4dbf2a7ee
2019-10-18 08:15:21,390 [Thread-680] INFO  impl.FollowerState (FollowerState.java:run(117)) - de33c61e-1baa-412c-a678-1642e68dfdea@group-F971E7EEC70F-FollowerState was interrupted: java.lang.InterruptedException: sleep interrupted
2019-10-18 08:15:21,390 [grpc-default-executor-0] INFO  impl.RoleInfo (RoleInfo.java:updateAndGet(143)) - de33c61e-1baa-412c-a678-1642e68dfdea: start FollowerState
2019-10-18 08:15:21,390 [grpc-default-executor-3] INFO  impl.RoleInfo (RoleInfo.java:shutdownFollowerState(121)) - 413e678e-a618-4c92-927e-441fcc799019: shutdown FollowerState
2019-10-18 08:15:21,391 [grpc-default-executor-3] INFO  impl.RoleInfo (RoleInfo.java:updateAndGet(143)) - 413e678e-a618-4c92-927e-441fcc799019: start FollowerState
2019-10-18 08:15:21,391 [Thread-681] INFO  impl.FollowerState (FollowerState.java:run(117)) - 413e678e-a618-4c92-927e-441fcc799019@group-F971E7EEC70F-FollowerState was interrupted: java.lang.InterruptedException: sleep interrupted
2019-10-18 08:15:21,417 [ccb54c7c-d652-4a32-8fba-bee4dbf2a7ee@group-F971E7EEC70F-LeaderElection35] INFO  impl.LeaderElection (LeaderElection.java:logAndReturn(56)) - ccb54c7c-d652-4a32-8fba-bee4dbf2a7ee@group-F971E7EEC70F-LeaderElection35: Election REJECTED; received 2 response(s) [ccb54c7c-d652-4a32-8fba-bee4dbf2a7ee<-de33c61e-1baa-412c-a678-1642e68dfdea#0:FAIL-t33, ccb54c7c-d652-4a32-8fba-bee4dbf2a7ee<-413e678e-a618-4c92-927e-441fcc799019#0:FAIL-t33] and 0 exception(s); ccb54c7c-d652-4a32-8fba-bee4dbf2a7ee@group-F971E7EEC70F:t33, leader=null, voted=ccb54c7c-d652-4a32-8fba-bee4dbf2a7ee, raftlog=ccb54c7c-d652-4a32-8fba-bee4dbf2a7ee@group-F971E7EEC70F-SegmentedRaftLog:OPENED:c-1,f-1,i0, conf=-1: [de33c61e-1baa-412c-a678-1642e68dfdea:192.168.69.67:35710, 413e678e-a618-4c92-927e-441fcc799019:192.168.69.67:40351, ccb54c7c-d652-4a32-8fba-bee4dbf2a7ee:192.168.69.67:36515], old=null
2019-10-18 08:15:21,417 [ccb54c7c-d652-4a32-8fba-bee4dbf2a7ee@group-F971E7EEC70F-LeaderElection35] INFO  impl.RaftServerImpl (RaftServerImpl.java:setRole(184)) - ccb54c7c-d652-4a32-8fba-bee4dbf2a7ee@group-F971E7EEC70F: changes role from CANDIDATE to FOLLOWER at term 33 for DISCOVERED_A_NEW_TERM
2019-10-18 08:15:21,417 [ccb54c7c-d652-4a32-8fba-bee4dbf2a7ee@group-F971E7EEC70F-LeaderElection35] INFO  impl.RoleInfo (RoleInfo.java:shutdownLeaderElection(134)) - ccb54c7c-d652-4a32-8fba-bee4dbf2a7ee: shutdown LeaderElection
2019-10-18 08:15:21,418 [ccb54c7c-d652-4a32-8fba-bee4dbf2a7ee@group-F971E7EEC70F-LeaderElection35] INFO  impl.RoleInfo (RoleInfo.java:updateAndGet(143)) - ccb54c7c-d652-4a32-8fba-bee4dbf2a7ee: start FollowerState
2019-10-18 08:15:21,573 [Thread-688] INFO  impl.FollowerState (FollowerState.java:run(108)) - ccb54c7c-d652-4a32-8fba-bee4dbf2a7ee@group-F971E7EEC70F-FollowerState: change to CANDIDATE, lastRpcTime:155ms, electionTimeout:155ms
2019-10-18 08:15:21,573 [Thread-688] INFO  impl.RoleInfo (RoleInfo.java:shutdownFollowerState(121)) - ccb54c7c-d652-4a32-8fba-bee4dbf2a7ee: shutdown FollowerState
2019-10-18 08:15:21,573 [Thread-688] INFO  impl.RaftServerImpl (RaftServerImpl.java:setRole(184)) - ccb54c7c-d652-4a32-8fba-bee4dbf2a7ee@group-F971E7EEC70F: changes role from  FOLLOWER to CANDIDATE at term 33 for changeToCandidate
2019-10-18 08:15:21,574 [Thread-688] INFO  impl.RoleInfo (RoleInfo.java:updateAndGet(143)) - ccb54c7c-d652-4a32-8fba-bee4dbf2a7ee: start LeaderElection
2019-10-18 08:15:21,604 [ccb54c7c-d652-4a32-8fba-bee4dbf2a7ee@group-F971E7EEC70F-LeaderElection36] INFO  impl.LeaderElection (LeaderElection.java:askForVotes(178)) - ccb54c7c-d652-4a32-8fba-bee4dbf2a7ee@group-F971E7EEC70F-LeaderElection36: begin an election at term 34 for -1: [de33c61e-1baa-412c-a678-1642e68dfdea:192.168.69.67:35710, 413e678e-a618-4c92-927e-441fcc799019:192.168.69.67:40351, ccb54c7c-d652-4a32-8fba-bee4dbf2a7ee:192.168.69.67:36515], old=null
2019-10-18 08:15:21,607 [grpc-default-executor-0] INFO  impl.RaftServerImpl (RaftServerImpl.java:setRole(184)) - de33c61e-1baa-412c-a678-1642e68dfdea@group-F971E7EEC70F: changes role from  FOLLOWER to FOLLOWER at term 34 for recognizeCandidate:ccb54c7c-d652-4a32-8fba-bee4dbf2a7ee
2019-10-18 08:15:21,607 [grpc-default-executor-3] INFO  impl.RaftServerImpl (RaftServerImpl.java:setRole(184)) - 413e678e-a618-4c92-927e-441fcc799019@group-F971E7EEC70F: changes role from  FOLLOWER to FOLLOWER at term 34 for recognizeCandidate:ccb54c7c-d652-4a32-8fba-bee4dbf2a7ee
2019-10-18 08:15:21,607 [grpc-default-executor-0] INFO  impl.RoleInfo (RoleInfo.java:shutdownFollowerState(121)) - de33c61e-1baa-412c-a678-1642e68dfdea: shutdown FollowerState
2019-10-18 08:15:21,608 [grpc-default-executor-3] INFO  impl.RoleInfo (RoleInfo.java:shutdownFollowerState(121)) - 413e678e-a618-4c92-927e-441fcc799019: shutdown FollowerState
2019-10-18 08:15:21,608 [grpc-default-executor-0] INFO  impl.RoleInfo (RoleInfo.java:updateAndGet(143)) - de33c61e-1baa-412c-a678-1642e68dfdea: start FollowerState
2019-10-18 08:15:21,608 [Thread-686] INFO  impl.FollowerState (FollowerState.java:run(117)) - de33c61e-1baa-412c-a678-1642e68dfdea@group-F971E7EEC70F-FollowerState was interrupted: java.lang.InterruptedException: sleep interrupted
2019-10-18 08:15:21,608 [grpc-default-executor-3] INFO  impl.RoleInfo (RoleInfo.java:updateAndGet(143)) - 413e678e-a618-4c92-927e-441fcc799019: start FollowerState
2019-10-18 08:15:21,608 [Thread-687] INFO  impl.FollowerState (FollowerState.java:run(117)) - 413e678e-a618-4c92-927e-441fcc799019@group-F971E7EEC70F-FollowerState was interrupted: java.lang.InterruptedException: sleep interrupted
2019-10-18 08:15:21,623 [ccb54c7c-d652-4a32-8fba-bee4dbf2a7ee@group-F971E7EEC70F-LeaderElection36] INFO  impl.LeaderElection (LeaderElection.java:logAndReturn(56)) - ccb54c7c-d652-4a32-8fba-bee4dbf2a7ee@group-F971E7EEC70F-LeaderElection36: Election REJECTED; received 2 response(s) [ccb54c7c-d652-4a32-8fba-bee4dbf2a7ee<-de33c61e-1baa-412c-a678-1642e68dfdea#0:FAIL-t34, ccb54c7c-d652-4a32-8fba-bee4dbf2a7ee<-413e678e-a618-4c92-927e-441fcc799019#0:FAIL-t34] and 0 exception(s); ccb54c7c-d652-4a32-8fba-bee4dbf2a7ee@group-F971E7EEC70F:t34, leader=null, voted=ccb54c7c-d652-4a32-8fba-bee4dbf2a7ee, raftlog=ccb54c7c-d652-4a32-8fba-bee4dbf2a7ee@group-F971E7EEC70F-SegmentedRaftLog:OPENED:c-1,f-1,i0, conf=-1: [de33c61e-1baa-412c-a678-1642e68dfdea:192.168.69.67:35710, 413e678e-a618-4c92-927e-441fcc799019:192.168.69.67:40351, ccb54c7c-d652-4a32-8fba-bee4dbf2a7ee:192.168.69.67:36515], old=null
2019-10-18 08:15:21,623 [ccb54c7c-d652-4a32-8fba-bee4dbf2a7ee@group-F971E7EEC70F-LeaderElection36] INFO  impl.RaftServerImpl (RaftServerImpl.java:setRole(184)) - ccb54c7c-d652-4a32-8fba-bee4dbf2a7ee@group-F971E7EEC70F: changes role from CANDIDATE to FOLLOWER at term 34 for DISCOVERED_A_NEW_TERM
2019-10-18 08:15:21,623 [ccb54c7c-d652-4a32-8fba-bee4dbf2a7ee@group-F971E7EEC70F-LeaderElection36] INFO  impl.RoleInfo (RoleInfo.java:shutdownLeaderElection(134)) - ccb54c7c-d652-4a32-8fba-bee4dbf2a7ee: shutdown LeaderElection
2019-10-18 08:15:21,624 [ccb54c7c-d652-4a32-8fba-bee4dbf2a7ee@group-F971E7EEC70F-LeaderElection36] INFO  impl.RoleInfo (RoleInfo.java:updateAndGet(143)) - ccb54c7c-d652-4a32-8fba-bee4dbf2a7ee: start FollowerState
 0.00% |?                                                                                                    |  0/1 Time: 0:00:042019-10-18 08:15:21,820 [Thread-694] INFO  impl.FollowerState (FollowerState.java:run(108)) - ccb54c7c-d652-4a32-8fba-bee4dbf2a7ee@group-F971E7EEC70F-FollowerState: change to CANDIDATE, lastRpcTime:196ms, electionTimeout:196ms
2019-10-18 08:15:21,820 [Thread-694] INFO  impl.RoleInfo (RoleInfo.java:shutdownFollowerState(121)) - ccb54c7c-d652-4a32-8fba-bee4dbf2a7ee: shutdown FollowerState
2019-10-18 08:15:21,821 [Thread-694] INFO  impl.RaftServerImpl (RaftServerImpl.java:setRole(184)) - ccb54c7c-d652-4a32-8fba-bee4dbf2a7ee@group-F971E7EEC70F: changes role from  FOLLOWER to CANDIDATE at term 34 for changeToCandidate
2019-10-18 08:15:21,821 [Thread-694] INFO  impl.RoleInfo (RoleInfo.java:updateAndGet(143)) - ccb54c7c-d652-4a32-8fba-bee4dbf2a7ee: start LeaderElection
2019-10-18 08:15:21,836 [ccb54c7c-d652-4a32-8fba-bee4dbf2a7ee@group-F971E7EEC70F-LeaderElection37] INFO  impl.LeaderElection (LeaderElection.java:askForVotes(178)) - ccb54c7c-d652-4a32-8fba-bee4dbf2a7ee@group-F971E7EEC70F-LeaderElection37: begin an election at term 35 for -1: [de33c61e-1baa-412c-a678-1642e68dfdea:192.168.69.67:35710, 413e678e-a618-4c92-927e-441fcc799019:192.168.69.67:40351, ccb54c7c-d652-4a32-8fba-bee4dbf2a7ee:192.168.69.67:36515], old=null
2019-10-18 08:15:21,839 [grpc-default-executor-3] INFO  impl.RaftServerImpl (RaftServerImpl.java:setRole(184)) - 413e678e-a618-4c92-927e-441fcc799019@group-F971E7EEC70F: changes role from  FOLLOWER to FOLLOWER at term 35 for recognizeCandidate:ccb54c7c-d652-4a32-8fba-bee4dbf2a7ee
2019-10-18 08:15:21,839 [grpc-default-executor-0] INFO  impl.RaftServerImpl (RaftServerImpl.java:setRole(184)) - de33c61e-1baa-412c-a678-1642e68dfdea@group-F971E7EEC70F: changes role from  FOLLOWER to FOLLOWER at term 35 for recognizeCandidate:ccb54c7c-d652-4a32-8fba-bee4dbf2a7ee
2019-10-18 08:15:21,840 [grpc-default-executor-3] INFO  impl.RoleInfo (RoleInfo.java:shutdownFollowerState(121)) - 413e678e-a618-4c92-927e-441fcc799019: shutdown FollowerState
2019-10-18 08:15:21,840 [grpc-default-executor-0] INFO  impl.RoleInfo (RoleInfo.java:shutdownFollowerState(121)) - de33c61e-1baa-412c-a678-1642e68dfdea: shutdown FollowerState
2019-10-18 08:15:21,840 [Thread-693] INFO  impl.FollowerState (FollowerState.java:run(117)) - 413e678e-a618-4c92-927e-441fcc799019@group-F971E7EEC70F-FollowerState was interrupted: java.lang.InterruptedException: sleep interrupted
2019-10-18 08:15:21,840 [Thread-692] INFO  impl.FollowerState (FollowerState.java:run(117)) - de33c61e-1baa-412c-a678-1642e68dfdea@group-F971E7EEC70F-FollowerState was interrupted: java.lang.InterruptedException: sleep interrupted
2019-10-18 08:15:21,840 [grpc-default-executor-3] INFO  impl.RoleInfo (RoleInfo.java:updateAndGet(143)) - 413e678e-a618-4c92-927e-441fcc799019: start FollowerState
2019-10-18 08:15:21,840 [grpc-default-executor-0] INFO  impl.RoleInfo (RoleInfo.java:updateAndGet(143)) - de33c61e-1baa-412c-a678-1642e68dfdea: start FollowerState
2019-10-18 08:15:21,857 [ccb54c7c-d652-4a32-8fba-bee4dbf2a7ee@group-F971E7EEC70F-LeaderElection37] INFO  impl.LeaderElection (LeaderElection.java:logAndReturn(56)) - ccb54c7c-d652-4a32-8fba-bee4dbf2a7ee@group-F971E7EEC70F-LeaderElection37: Election REJECTED; received 2 response(s) [ccb54c7c-d652-4a32-8fba-bee4dbf2a7ee<-de33c61e-1baa-412c-a678-1642e68dfdea#0:FAIL-t35, ccb54c7c-d652-4a32-8fba-bee4dbf2a7ee<-413e678e-a618-4c92-927e-441fcc799019#0:FAIL-t35] and 0 exception(s); ccb54c7c-d652-4a32-8fba-bee4dbf2a7ee@group-F971E7EEC70F:t35, leader=null, voted=ccb54c7c-d652-4a32-8fba-bee4dbf2a7ee, raftlog=ccb54c7c-d652-4a32-8fba-bee4dbf2a7ee@group-F971E7EEC70F-SegmentedRaftLog:OPENED:c-1,f-1,i0, conf=-1: [de33c61e-1baa-412c-a678-1642e68dfdea:192.168.69.67:35710, 413e678e-a618-4c92-927e-441fcc799019:192.168.69.67:40351, ccb54c7c-d652-4a32-8fba-bee4dbf2a7ee:192.168.69.67:36515], old=null
2019-10-18 08:15:21,857 [ccb54c7c-d652-4a32-8fba-bee4dbf2a7ee@group-F971E7EEC70F-LeaderElection37] INFO  impl.RaftServerImpl (RaftServerImpl.java:setRole(184)) - ccb54c7c-d652-4a32-8fba-bee4dbf2a7ee@group-F971E7EEC70F: changes role from CANDIDATE to FOLLOWER at term 35 for DISCOVERED_A_NEW_TERM
2019-10-18 08:15:21,857 [ccb54c7c-d652-4a32-8fba-bee4dbf2a7ee@group-F971E7EEC70F-LeaderElection37] INFO  impl.RoleInfo (RoleInfo.java:shutdownLeaderElection(134)) - ccb54c7c-d652-4a32-8fba-bee4dbf2a7ee: shutdown LeaderElection
2019-10-18 08:15:21,857 [ccb54c7c-d652-4a32-8fba-bee4dbf2a7ee@group-F971E7EEC70F-LeaderElection37] INFO  impl.RoleInfo (RoleInfo.java:updateAndGet(143)) - ccb54c7c-d652-4a32-8fba-bee4dbf2a7ee: start FollowerState
2019-10-18 08:15:21,968 [Thread-700] INFO  impl.FollowerState (FollowerState.java:run(108)) - ccb54c7c-d652-4a32-8fba-bee4dbf2a7ee@group-F971E7EEC70F-FollowerState: change to CANDIDATE, lastRpcTime:110ms, electionTimeout:110ms
2019-10-18 08:15:21,968 [Thread-700] INFO  impl.RoleInfo (RoleInfo.java:shutdownFollowerState(121)) - ccb54c7c-d652-4a32-8fba-bee4dbf2a7ee: shutdown FollowerState
2019-10-18 08:15:21,968 [Thread-700] INFO  impl.RaftServerImpl (RaftServerImpl.java:setRole(184)) - ccb54c7c-d652-4a32-8fba-bee4dbf2a7ee@group-F971E7EEC70F: changes role from  FOLLOWER to CANDIDATE at term 35 for changeToCandidate
2019-10-18 08:15:21,968 [Thread-700] INFO  impl.RoleInfo (RoleInfo.java:updateAndGet(143)) - ccb54c7c-d652-4a32-8fba-bee4dbf2a7ee: start LeaderElection
2019-10-18 08:15:21,995 [ccb54c7c-d652-4a32-8fba-bee4dbf2a7ee@group-F971E7EEC70F-LeaderElection38] INFO  impl.LeaderElection (LeaderElection.java:askForVotes(178)) - ccb54c7c-d652-4a32-8fba-bee4dbf2a7ee@group-F971E7EEC70F-LeaderElection38: begin an election at term 36 for -1: [de33c61e-1baa-412c-a678-1642e68dfdea:192.168.69.67:35710, 413e678e-a618-4c92-927e-441fcc799019:192.168.69.67:40351, ccb54c7c-d652-4a32-8fba-bee4dbf2a7ee:192.168.69.67:36515], old=null
2019-10-18 08:15:21,998 [grpc-default-executor-0] INFO  impl.RaftServerImpl (RaftServerImpl.java:setRole(184)) - 413e678e-a618-4c92-927e-441fcc799019@group-F971E7EEC70F: changes role from  FOLLOWER to FOLLOWER at term 36 for recognizeCandidate:ccb54c7c-d652-4a32-8fba-bee4dbf2a7ee
2019-10-18 08:15:21,998 [grpc-default-executor-3] INFO  impl.RaftServerImpl (RaftServerImpl.java:setRole(184)) - de33c61e-1baa-412c-a678-1642e68dfdea@group-F971E7EEC70F: changes role from  FOLLOWER to FOLLOWER at term 36 for recognizeCandidate:ccb54c7c-d652-4a32-8fba-bee4dbf2a7ee
2019-10-18 08:15:21,999 [grpc-default-executor-0] INFO  impl.RoleInfo (RoleInfo.java:shutdownFollowerState(121)) - 413e678e-a618-4c92-927e-441fcc799019: shutdown FollowerState
2019-10-18 08:15:21,999 [grpc-default-executor-3] INFO  impl.RoleInfo (RoleInfo.java:shutdownFollowerState(121)) - de33c61e-1baa-412c-a678-1642e68dfdea: shutdown FollowerState
2019-10-18 08:15:21,999 [Thread-698] INFO  impl.FollowerState (FollowerState.java:run(117)) - 413e678e-a618-4c92-927e-441fcc799019@group-F971E7EEC70F-FollowerState was interrupted: java.lang.InterruptedException: sleep interrupted
2019-10-18 08:15:21,999 [grpc-default-executor-0] INFO  impl.RoleInfo (RoleInfo.java:updateAndGet(143)) - 413e678e-a618-4c92-927e-441fcc799019: start FollowerState
2019-10-18 08:15:21,999 [Thread-699] INFO  impl.FollowerState (FollowerState.java:run(117)) - de33c61e-1baa-412c-a678-1642e68dfdea@group-F971E7EEC70F-FollowerState was interrupted: java.lang.InterruptedException: sleep interrupted
2019-10-18 08:15:21,999 [grpc-default-executor-3] INFO  impl.RoleInfo (RoleInfo.java:updateAndGet(143)) - de33c61e-1baa-412c-a678-1642e68dfdea: start FollowerState
2019-10-18 08:15:22,015 [ccb54c7c-d652-4a32-8fba-bee4dbf2a7ee@group-F971E7EEC70F-LeaderElection38] INFO  impl.LeaderElection (LeaderElection.java:logAndReturn(56)) - ccb54c7c-d652-4a32-8fba-bee4dbf2a7ee@group-F971E7EEC70F-LeaderElection38: Election REJECTED; received 2 response(s) [ccb54c7c-d652-4a32-8fba-bee4dbf2a7ee<-de33c61e-1baa-412c-a678-1642e68dfdea#0:FAIL-t36, ccb54c7c-d652-4a32-8fba-bee4dbf2a7ee<-413e678e-a618-4c92-927e-441fcc799019#0:FAIL-t36] and 0 exception(s); ccb54c7c-d652-4a32-8fba-bee4dbf2a7ee@group-F971E7EEC70F:t36, leader=null, voted=ccb54c7c-d652-4a32-8fba-bee4dbf2a7ee, raftlog=ccb54c7c-d652-4a32-8fba-bee4dbf2a7ee@group-F971E7EEC70F-SegmentedRaftLog:OPENED:c-1,f-1,i0, conf=-1: [de33c61e-1baa-412c-a678-1642e68dfdea:192.168.69.67:35710, 413e678e-a618-4c92-927e-441fcc799019:192.168.69.67:40351, ccb54c7c-d652-4a32-8fba-bee4dbf2a7ee:192.168.69.67:36515], old=null
2019-10-18 08:15:22,015 [ccb54c7c-d652-4a32-8fba-bee4dbf2a7ee@group-F971E7EEC70F-LeaderElection38] INFO  impl.RaftServerImpl (RaftServerImpl.java:setRole(184)) - ccb54c7c-d652-4a32-8fba-bee4dbf2a7ee@group-F971E7EEC70F: changes role from CANDIDATE to FOLLOWER at term 36 for DISCOVERED_A_NEW_TERM
2019-10-18 08:15:22,015 [ccb54c7c-d652-4a32-8fba-bee4dbf2a7ee@group-F971E7EEC70F-LeaderElection38] INFO  impl.RoleInfo (RoleInfo.java:shutdownLeaderElection(134)) - ccb54c7c-d652-4a32-8fba-bee4dbf2a7ee: shutdown LeaderElection
2019-10-18 08:15:22,015 [ccb54c7c-d652-4a32-8fba-bee4dbf2a7ee@group-F971E7EEC70F-LeaderElection38] INFO  impl.RoleInfo (RoleInfo.java:updateAndGet(143)) - ccb54c7c-d652-4a32-8fba-bee4dbf2a7ee: start FollowerState
2019-10-18 08:15:22,159 [Thread-706] INFO  impl.FollowerState (FollowerState.java:run(108)) - ccb54c7c-d652-4a32-8fba-bee4dbf2a7ee@group-F971E7EEC70F-FollowerState: change to CANDIDATE, lastRpcTime:143ms, electionTimeout:143ms
2019-10-18 08:15:22,159 [Thread-706] INFO  impl.RoleInfo (RoleInfo.java:shutdownFollowerState(121)) - ccb54c7c-d652-4a32-8fba-bee4dbf2a7ee: shutdown FollowerState
2019-10-18 08:15:22,159 [Thread-706] INFO  impl.RaftServerImpl (RaftServerImpl.java:setRole(184)) - ccb54c7c-d652-4a32-8fba-bee4dbf2a7ee@group-F971E7EEC70F: changes role from  FOLLOWER to CANDIDATE at term 36 for changeToCandidate
2019-10-18 08:15:22,160 [Thread-706] INFO  impl.RoleInfo (RoleInfo.java:updateAndGet(143)) - ccb54c7c-d652-4a32-8fba-bee4dbf2a7ee: start LeaderElection
2019-10-18 08:15:22,174 [ccb54c7c-d652-4a32-8fba-bee4dbf2a7ee@group-F971E7EEC70F-LeaderElection39] INFO  impl.LeaderElection (LeaderElection.java:askForVotes(178)) - ccb54c7c-d652-4a32-8fba-bee4dbf2a7ee@group-F971E7EEC70F-LeaderElection39: begin an election at term 37 for -1: [de33c61e-1baa-412c-a678-1642e68dfdea:192.168.69.67:35710, 413e678e-a618-4c92-927e-441fcc799019:192.168.69.67:40351, ccb54c7c-d652-4a32-8fba-bee4dbf2a7ee:192.168.69.67:36515], old=null
2019-10-18 08:15:22,178 [grpc-default-executor-3] INFO  impl.RaftServerImpl (RaftServerImpl.java:setRole(184)) - de33c61e-1baa-412c-a678-1642e68dfdea@group-F971E7EEC70F: changes role from  FOLLOWER to FOLLOWER at term 37 for recognizeCandidate:ccb54c7c-d652-4a32-8fba-bee4dbf2a7ee
2019-10-18 08:15:22,178 [grpc-default-executor-3] INFO  impl.RoleInfo (RoleInfo.java:shutdownFollowerState(121)) - de33c61e-1baa-412c-a678-1642e68dfdea: shutdown FollowerState
2019-10-18 08:15:22,178 [grpc-default-executor-0] INFO  impl.RaftServerImpl (RaftServerImpl.java:setRole(184)) - 413e678e-a618-4c92-927e-441fcc799019@group-F971E7EEC70F: changes role from  FOLLOWER to FOLLOWER at term 37 for recognizeCandidate:ccb54c7c-d652-4a32-8fba-bee4dbf2a7ee
2019-10-18 08:15:22,178 [Thread-705] INFO  impl.FollowerState (FollowerState.java:run(117)) - de33c61e-1baa-412c-a678-1642e68dfdea@group-F971E7EEC70F-FollowerState was interrupted: java.lang.InterruptedException: sleep interrupted
2019-10-18 08:15:22,178 [grpc-default-executor-3] INFO  impl.RoleInfo (RoleInfo.java:updateAndGet(143)) - de33c61e-1baa-412c-a678-1642e68dfdea: start FollowerState
2019-10-18 08:15:22,179 [grpc-default-executor-0] INFO  impl.RoleInfo (RoleInfo.java:shutdownFollowerState(121)) - 413e678e-a618-4c92-927e-441fcc799019: shutdown FollowerState
2019-10-18 08:15:22,179 [grpc-default-executor-0] INFO  impl.RoleInfo (RoleInfo.java:updateAndGet(143)) - 413e678e-a618-4c92-927e-441fcc799019: start FollowerState
2019-10-18 08:15:22,179 [Thread-704] INFO  impl.FollowerState (FollowerState.java:run(117)) - 413e678e-a618-4c92-927e-441fcc799019@group-F971E7EEC70F-FollowerState was interrupted: java.lang.InterruptedException: sleep interrupted
2019-10-18 08:15:22,194 [ccb54c7c-d652-4a32-8fba-bee4dbf2a7ee@group-F971E7EEC70F-LeaderElection39] INFO  impl.LeaderElection (LeaderElection.java:logAndReturn(56)) - ccb54c7c-d652-4a32-8fba-bee4dbf2a7ee@group-F971E7EEC70F-LeaderElection39: Election REJECTED; received 2 response(s) [ccb54c7c-d652-4a32-8fba-bee4dbf2a7ee<-de33c61e-1baa-412c-a678-1642e68dfdea#0:FAIL-t37, ccb54c7c-d652-4a32-8fba-bee4dbf2a7ee<-413e678e-a618-4c92-927e-441fcc799019#0:FAIL-t37] and 0 exception(s); ccb54c7c-d652-4a32-8fba-bee4dbf2a7ee@group-F971E7EEC70F:t37, leader=null, voted=ccb54c7c-d652-4a32-8fba-bee4dbf2a7ee, raftlog=ccb54c7c-d652-4a32-8fba-bee4dbf2a7ee@group-F971E7EEC70F-SegmentedRaftLog:OPENED:c-1,f-1,i0, conf=-1: [de33c61e-1baa-412c-a678-1642e68dfdea:192.168.69.67:35710, 413e678e-a618-4c92-927e-441fcc799019:192.168.69.67:40351, ccb54c7c-d652-4a32-8fba-bee4dbf2a7ee:192.168.69.67:36515], old=null
2019-10-18 08:15:22,195 [ccb54c7c-d652-4a32-8fba-bee4dbf2a7ee@group-F971E7EEC70F-LeaderElection39] INFO  impl.RaftServerImpl (RaftServerImpl.java:setRole(184)) - ccb54c7c-d652-4a32-8fba-bee4dbf2a7ee@group-F971E7EEC70F: changes role from CANDIDATE to FOLLOWER at term 37 for DISCOVERED_A_NEW_TERM
2019-10-18 08:15:22,195 [ccb54c7c-d652-4a32-8fba-bee4dbf2a7ee@group-F971E7EEC70F-LeaderElection39] INFO  impl.RoleInfo (RoleInfo.java:shutdownLeaderElection(134)) - ccb54c7c-d652-4a32-8fba-bee4dbf2a7ee: shutdown LeaderElection
2019-10-18 08:15:22,195 [ccb54c7c-d652-4a32-8fba-bee4dbf2a7ee@group-F971E7EEC70F-LeaderElection39] INFO  impl.RoleInfo (RoleInfo.java:updateAndGet(143)) - ccb54c7c-d652-4a32-8fba-bee4dbf2a7ee: start FollowerState
2019-10-18 08:15:22,390 [Thread-712] INFO  impl.FollowerState (FollowerState.java:run(108)) - ccb54c7c-d652-4a32-8fba-bee4dbf2a7ee@group-F971E7EEC70F-FollowerState: change to CANDIDATE, lastRpcTime:194ms, electionTimeout:194ms
2019-10-18 08:15:22,390 [Thread-712] INFO  impl.RoleInfo (RoleInfo.java:shutdownFollowerState(121)) - ccb54c7c-d652-4a32-8fba-bee4dbf2a7ee: shutdown FollowerState
2019-10-18 08:15:22,390 [Thread-712] INFO  impl.RaftServerImpl (RaftServerImpl.java:setRole(184)) - ccb54c7c-d652-4a32-8fba-bee4dbf2a7ee@group-F971E7EEC70F: changes role from  FOLLOWER to CANDIDATE at term 37 for changeToCandidate
2019-10-18 08:15:22,390 [Thread-712] INFO  impl.RoleInfo (RoleInfo.java:updateAndGet(143)) - ccb54c7c-d652-4a32-8fba-bee4dbf2a7ee: start LeaderElection
2019-10-18 08:15:22,404 [ccb54c7c-d652-4a32-8fba-bee4dbf2a7ee@group-F971E7EEC70F-LeaderElection40] INFO  impl.LeaderElection (LeaderElection.java:askForVotes(178)) - ccb54c7c-d652-4a32-8fba-bee4dbf2a7ee@group-F971E7EEC70F-LeaderElection40: begin an election at term 38 for -1: [de33c61e-1baa-412c-a678-1642e68dfdea:192.168.69.67:35710, 413e678e-a618-4c92-927e-441fcc799019:192.168.69.67:40351, ccb54c7c-d652-4a32-8fba-bee4dbf2a7ee:192.168.69.67:36515], old=null
2019-10-18 08:15:22,409 [grpc-default-executor-3] INFO  impl.RaftServerImpl (RaftServerImpl.java:setRole(184)) - de33c61e-1baa-412c-a678-1642e68dfdea@group-F971E7EEC70F: changes role from  FOLLOWER to FOLLOWER at term 38 for recognizeCandidate:ccb54c7c-d652-4a32-8fba-bee4dbf2a7ee
2019-10-18 08:15:22,409 [grpc-default-executor-0] INFO  impl.RaftServerImpl (RaftServerImpl.java:setRole(184)) - 413e678e-a618-4c92-927e-441fcc799019@group-F971E7EEC70F: changes role from  FOLLOWER to FOLLOWER at term 38 for recognizeCandidate:ccb54c7c-d652-4a32-8fba-bee4dbf2a7ee
2019-10-18 08:15:22,410 [grpc-default-executor-0] INFO  impl.RoleInfo (RoleInfo.java:shutdownFollowerState(121)) - 413e678e-a618-4c92-927e-441fcc799019: shutdown FollowerState
2019-10-18 08:15:22,410 [grpc-default-executor-3] INFO  impl.RoleInfo (RoleInfo.java:shutdownFollowerState(121)) - de33c61e-1baa-412c-a678-1642e68dfdea: shutdown FollowerState
2019-10-18 08:15:22,410 [Thread-711] INFO  impl.FollowerState (FollowerState.java:run(117)) - 413e678e-a618-4c92-927e-441fcc799019@group-F971E7EEC70F-FollowerState was interrupted: java.lang.InterruptedException: sleep interrupted
2019-10-18 08:15:22,410 [grpc-default-executor-0] INFO  impl.RoleInfo (RoleInfo.java:updateAndGet(143)) - 413e678e-a618-4c92-927e-441fcc799019: start FollowerState
2019-10-18 08:15:22,410 [Thread-710] INFO  impl.FollowerState (FollowerState.java:run(117)) - de33c61e-1baa-412c-a678-1642e68dfdea@group-F971E7EEC70F-FollowerState was interrupted: java.lang.InterruptedException: sleep interrupted
2019-10-18 08:15:22,410 [grpc-default-executor-3] INFO  impl.RoleInfo (RoleInfo.java:updateAndGet(143)) - de33c61e-1baa-412c-a678-1642e68dfdea: start FollowerState
2019-10-18 08:15:22,422 [ccb54c7c-d652-4a32-8fba-bee4dbf2a7ee@group-F971E7EEC70F-LeaderElection40] INFO  impl.LeaderElection (LeaderElection.java:logAndReturn(56)) - ccb54c7c-d652-4a32-8fba-bee4dbf2a7ee@group-F971E7EEC70F-LeaderElection40: Election REJECTED; received 2 response(s) [ccb54c7c-d652-4a32-8fba-bee4dbf2a7ee<-de33c61e-1baa-412c-a678-1642e68dfdea#0:FAIL-t38, ccb54c7c-d652-4a32-8fba-bee4dbf2a7ee<-413e678e-a618-4c92-927e-441fcc799019#0:FAIL-t38] and 0 exception(s); ccb54c7c-d652-4a32-8fba-bee4dbf2a7ee@group-F971E7EEC70F:t38, leader=null, voted=ccb54c7c-d652-4a32-8fba-bee4dbf2a7ee, raftlog=ccb54c7c-d652-4a32-8fba-bee4dbf2a7ee@group-F971E7EEC70F-SegmentedRaftLog:OPENED:c-1,f-1,i0, conf=-1: [de33c61e-1baa-412c-a678-1642e68dfdea:192.168.69.67:35710, 413e678e-a618-4c92-927e-441fcc799019:192.168.69.67:40351, ccb54c7c-d652-4a32-8fba-bee4dbf2a7ee:192.168.69.67:36515], old=null
2019-10-18 08:15:22,423 [ccb54c7c-d652-4a32-8fba-bee4dbf2a7ee@group-F971E7EEC70F-LeaderElection40] INFO  impl.RaftServerImpl (RaftServerImpl.java:setRole(184)) - ccb54c7c-d652-4a32-8fba-bee4dbf2a7ee@group-F971E7EEC70F: changes role from CANDIDATE to FOLLOWER at term 38 for DISCOVERED_A_NEW_TERM
2019-10-18 08:15:22,423 [ccb54c7c-d652-4a32-8fba-bee4dbf2a7ee@group-F971E7EEC70F-LeaderElection40] INFO  impl.RoleInfo (RoleInfo.java:shutdownLeaderElection(134)) - ccb54c7c-d652-4a32-8fba-bee4dbf2a7ee: shutdown LeaderElection
2019-10-18 08:15:22,423 [ccb54c7c-d652-4a32-8fba-bee4dbf2a7ee@group-F971E7EEC70F-LeaderElection40] INFO  impl.RoleInfo (RoleInfo.java:updateAndGet(143)) - ccb54c7c-d652-4a32-8fba-bee4dbf2a7ee: start FollowerState
2019-10-18 08:15:22,451 [Thread-718] INFO  impl.FollowerState (FollowerState.java:run(108)) - ccb54c7c-d652-4a32-8fba-bee4dbf2a7ee@group-F971E7EEC70F-FollowerState: change to CANDIDATE, lastRpcTime:28ms, electionTimeout:28ms
2019-10-18 08:15:22,452 [Thread-718] INFO  impl.RoleInfo (RoleInfo.java:shutdownFollowerState(121)) - ccb54c7c-d652-4a32-8fba-bee4dbf2a7ee: shutdown FollowerState
2019-10-18 08:15:22,452 [Thread-718] INFO  impl.RaftServerImpl (RaftServerImpl.java:setRole(184)) - ccb54c7c-d652-4a32-8fba-bee4dbf2a7ee@group-F971E7EEC70F: changes role from  FOLLOWER to CANDIDATE at term 38 for changeToCandidate
2019-10-18 08:15:22,452 [Thread-718] INFO  impl.RoleInfo (RoleInfo.java:updateAndGet(143)) - ccb54c7c-d652-4a32-8fba-bee4dbf2a7ee: start LeaderElection
2019-10-18 08:15:22,478 [ccb54c7c-d652-4a32-8fba-bee4dbf2a7ee@group-F971E7EEC70F-LeaderElection41] INFO  impl.LeaderElection (LeaderElection.java:askForVotes(178)) - ccb54c7c-d652-4a32-8fba-bee4dbf2a7ee@group-F971E7EEC70F-LeaderElection41: begin an election at term 39 for -1: [de33c61e-1baa-412c-a678-1642e68dfdea:192.168.69.67:35710, 413e678e-a618-4c92-927e-441fcc799019:192.168.69.67:40351, ccb54c7c-d652-4a32-8fba-bee4dbf2a7ee:192.168.69.67:36515], old=null
2019-10-18 08:15:22,481 [grpc-default-executor-3] INFO  impl.RaftServerImpl (RaftServerImpl.java:setRole(184)) - 413e678e-a618-4c92-927e-441fcc799019@group-F971E7EEC70F: changes role from  FOLLOWER to FOLLOWER at term 39 for recognizeCandidate:ccb54c7c-d652-4a32-8fba-bee4dbf2a7ee
2019-10-18 08:15:22,481 [grpc-default-executor-0] INFO  impl.RaftServerImpl (RaftServerImpl.java:setRole(184)) - de33c61e-1baa-412c-a678-1642e68dfdea@group-F971E7EEC70F: changes role from  FOLLOWER to FOLLOWER at term 39 for recognizeCandidate:ccb54c7c-d652-4a32-8fba-bee4dbf2a7ee
2019-10-18 08:15:22,481 [grpc-default-executor-3] INFO  impl.RoleInfo (RoleInfo.java:shutdownFollowerState(121)) - 413e678e-a618-4c92-927e-441fcc799019: shutdown FollowerState
2019-10-18 08:15:22,482 [grpc-default-executor-0] INFO  impl.RoleInfo (RoleInfo.java:shutdownFollowerState(121)) - de33c61e-1baa-412c-a678-1642e68dfdea: shutdown FollowerState
2019-10-18 08:15:22,482 [Thread-716] INFO  impl.FollowerState (FollowerState.java:run(117)) - 413e678e-a618-4c92-927e-441fcc799019@group-F971E7EEC70F-FollowerState was interrupted: java.lang.InterruptedException: sleep interrupted
2019-10-18 08:15:22,482 [Thread-717] INFO  impl.FollowerState (FollowerState.java:run(117)) - de33c61e-1baa-412c-a678-1642e68dfdea@group-F971E7EEC70F-FollowerState was interrupted: java.lang.InterruptedException: sleep interrupted
2019-10-18 08:15:22,482 [grpc-default-executor-3] INFO  impl.RoleInfo (RoleInfo.java:updateAndGet(143)) - 413e678e-a618-4c92-927e-441fcc799019: start FollowerState
2019-10-18 08:15:22,482 [grpc-default-executor-0] INFO  impl.RoleInfo (RoleInfo.java:updateAndGet(143)) - de33c61e-1baa-412c-a678-1642e68dfdea: start FollowerState
2019-10-18 08:15:22,509 [ccb54c7c-d652-4a32-8fba-bee4dbf2a7ee@group-F971E7EEC70F-LeaderElection41] INFO  impl.LeaderElection (LeaderElection.java:logAndReturn(56)) - ccb54c7c-d652-4a32-8fba-bee4dbf2a7ee@group-F971E7EEC70F-LeaderElection41: Election REJECTED; received 2 response(s) [ccb54c7c-d652-4a32-8fba-bee4dbf2a7ee<-de33c61e-1baa-412c-a678-1642e68dfdea#0:FAIL-t39, ccb54c7c-d652-4a32-8fba-bee4dbf2a7ee<-413e678e-a618-4c92-927e-441fcc799019#0:FAIL-t39] and 0 exception(s); ccb54c7c-d652-4a32-8fba-bee4dbf2a7ee@group-F971E7EEC70F:t39, leader=null, voted=ccb54c7c-d652-4a32-8fba-bee4dbf2a7ee, raftlog=ccb54c7c-d652-4a32-8fba-bee4dbf2a7ee@group-F971E7EEC70F-SegmentedRaftLog:OPENED:c-1,f-1,i0, conf=-1: [de33c61e-1baa-412c-a678-1642e68dfdea:192.168.69.67:35710, 413e678e-a618-4c92-927e-441fcc799019:192.168.69.67:40351, ccb54c7c-d652-4a32-8fba-bee4dbf2a7ee:192.168.69.67:36515], old=null
2019-10-18 08:15:22,509 [ccb54c7c-d652-4a32-8fba-bee4dbf2a7ee@group-F971E7EEC70F-LeaderElection41] INFO  impl.RaftServerImpl (RaftServerImpl.java:setRole(184)) - ccb54c7c-d652-4a32-8fba-bee4dbf2a7ee@group-F971E7EEC70F: changes role from CANDIDATE to FOLLOWER at term 39 for DISCOVERED_A_NEW_TERM
2019-10-18 08:15:22,509 [ccb54c7c-d652-4a32-8fba-bee4dbf2a7ee@group-F971E7EEC70F-LeaderElection41] INFO  impl.RoleInfo (RoleInfo.java:shutdownLeaderElection(134)) - ccb54c7c-d652-4a32-8fba-bee4dbf2a7ee: shutdown LeaderElection
2019-10-18 08:15:22,510 [ccb54c7c-d652-4a32-8fba-bee4dbf2a7ee@group-F971E7EEC70F-LeaderElection41] INFO  impl.RoleInfo (RoleInfo.java:updateAndGet(143)) - ccb54c7c-d652-4a32-8fba-bee4dbf2a7ee: start FollowerState
2019-10-18 08:15:22,693 [Thread-724] INFO  impl.FollowerState (FollowerState.java:run(108)) - ccb54c7c-d652-4a32-8fba-bee4dbf2a7ee@group-F971E7EEC70F-FollowerState: change to CANDIDATE, lastRpcTime:183ms, electionTimeout:183ms
2019-10-18 08:15:22,693 [Thread-724] INFO  impl.RoleInfo (RoleInfo.java:shutdownFollowerState(121)) - ccb54c7c-d652-4a32-8fba-bee4dbf2a7ee: shutdown FollowerState
2019-10-18 08:15:22,694 [Thread-724] INFO  impl.RaftServerImpl (RaftServerImpl.java:setRole(184)) - ccb54c7c-d652-4a32-8fba-bee4dbf2a7ee@group-F971E7EEC70F: changes role from  FOLLOWER to CANDIDATE at term 39 for changeToCandidate
2019-10-18 08:15:22,694 [Thread-724] INFO  impl.RoleInfo (RoleInfo.java:updateAndGet(143)) - ccb54c7c-d652-4a32-8fba-bee4dbf2a7ee: start LeaderElection
2019-10-18 08:15:22,708 [ccb54c7c-d652-4a32-8fba-bee4dbf2a7ee@group-F971E7EEC70F-LeaderElection42] INFO  impl.LeaderElection (LeaderElection.java:askForVotes(178)) - ccb54c7c-d652-4a32-8fba-bee4dbf2a7ee@group-F971E7EEC70F-LeaderElection42: begin an election at term 40 for -1: [de33c61e-1baa-412c-a678-1642e68dfdea:192.168.69.67:35710, 413e678e-a618-4c92-927e-441fcc799019:192.168.69.67:40351, ccb54c7c-d652-4a32-8fba-bee4dbf2a7ee:192.168.69.67:36515], old=null
2019-10-18 08:15:22,712 [grpc-default-executor-3] INFO  impl.RaftServerImpl (RaftServerImpl.java:setRole(184)) - de33c61e-1baa-412c-a678-1642e68dfdea@group-F971E7EEC70F: changes role from  FOLLOWER to FOLLOWER at term 40 for recognizeCandidate:ccb54c7c-d652-4a32-8fba-bee4dbf2a7ee
2019-10-18 08:15:22,712 [grpc-default-executor-0] INFO  impl.RaftServerImpl (RaftServerImpl.java:setRole(184)) - 413e678e-a618-4c92-927e-441fcc799019@group-F971E7EEC70F: changes role from  FOLLOWER to FOLLOWER at term 40 for recognizeCandidate:ccb54c7c-d652-4a32-8fba-bee4dbf2a7ee
2019-10-18 08:15:22,712 [grpc-default-executor-3] INFO  impl.RoleInfo (RoleInfo.java:shutdownFollowerState(121)) - de33c61e-1baa-412c-a678-1642e68dfdea: shutdown FollowerState
2019-10-18 08:15:22,712 [grpc-default-executor-0] INFO  impl.RoleInfo (RoleInfo.java:shutdownFollowerState(121)) - 413e678e-a618-4c92-927e-441fcc799019: shutdown FollowerState
2019-10-18 08:15:22,713 [Thread-723] INFO  impl.FollowerState (FollowerState.java:run(117)) - de33c61e-1baa-412c-a678-1642e68dfdea@group-F971E7EEC70F-FollowerState was interrupted: java.lang.InterruptedException: sleep interrupted
2019-10-18 08:15:22,713 [grpc-default-executor-3] INFO  impl.RoleInfo (RoleInfo.java:updateAndGet(143)) - de33c61e-1baa-412c-a678-1642e68dfdea: start FollowerState
2019-10-18 08:15:22,713 [Thread-722] INFO  impl.FollowerState (FollowerState.java:run(117)) - 413e678e-a618-4c92-927e-441fcc799019@group-F971E7EEC70F-FollowerState was interrupted: java.lang.InterruptedException: sleep interrupted
2019-10-18 08:15:22,713 [grpc-default-executor-0] INFO  impl.RoleInfo (RoleInfo.java:updateAndGet(143)) - 413e678e-a618-4c92-927e-441fcc799019: start FollowerState
2019-10-18 08:15:22,721 [ccb54c7c-d652-4a32-8fba-bee4dbf2a7ee@group-F971E7EEC70F-LeaderElection42] INFO  impl.LeaderElection (LeaderElection.java:logAndReturn(56)) - ccb54c7c-d652-4a32-8fba-bee4dbf2a7ee@group-F971E7EEC70F-LeaderElection42: Election TIMEOUT; received 0 response(s) [] and 0 exception(s); ccb54c7c-d652-4a32-8fba-bee4dbf2a7ee@group-F971E7EEC70F:t40, leader=null, voted=ccb54c7c-d652-4a32-8fba-bee4dbf2a7ee, raftlog=ccb54c7c-d652-4a32-8fba-bee4dbf2a7ee@group-F971E7EEC70F-SegmentedRaftLog:OPENED:c-1,f-1,i0, conf=-1: [de33c61e-1baa-412c-a678-1642e68dfdea:192.168.69.67:35710, 413e678e-a618-4c92-927e-441fcc799019:192.168.69.67:40351, ccb54c7c-d652-4a32-8fba-bee4dbf2a7ee:192.168.69.67:36515], old=null
 100.00% |?????????????????????????????????????????????????????????????????????????????????????????????????????|  1/1 Time: 0:00:05
2019-10-18 08:15:22,739 [ccb54c7c-d652-4a32-8fba-bee4dbf2a7ee@group-F971E7EEC70F-LeaderElection42] INFO  impl.LeaderElection (LeaderElection.java:askForVotes(178)) - ccb54c7c-d652-4a32-8fba-bee4dbf2a7ee@group-F971E7EEC70F-LeaderElection42: begin an election at term 41 for -1: [de33c61e-1baa-412c-a678-1642e68dfdea:192.168.69.67:35710, 413e678e-a618-4c92-927e-441fcc799019:192.168.69.67:40351, ccb54c7c-d652-4a32-8fba-bee4dbf2a7ee:192.168.69.67:36515], old=null
2019-10-18 08:15:22,741 [grpc-default-executor-0] INFO  impl.RaftServerImpl (RaftServerImpl.java:setRole(184)) - de33c61e-1baa-412c-a678-1642e68dfdea@group-F971E7EEC70F: changes role from  FOLLOWER to FOLLOWER at term 41 for recognizeCandidate:ccb54c7c-d652-4a32-8fba-bee4dbf2a7ee
2019-10-18 08:15:22,741 [grpc-default-executor-0] INFO  impl.RoleInfo (RoleInfo.java:shutdownFollowerState(121)) - de33c61e-1baa-412c-a678-1642e68dfdea: shutdown FollowerState
2019-10-18 08:15:22,741 [grpc-default-executor-0] INFO  impl.RoleInfo (RoleInfo.java:updateAndGet(143)) - de33c61e-1baa-412c-a678-1642e68dfdea: start FollowerState
2019-10-18 08:15:22,741 [Thread-728] INFO  impl.FollowerState (FollowerState.java:run(117)) - de33c61e-1baa-412c-a678-1642e68dfdea@group-F971E7EEC70F-FollowerState was interrupted: java.lang.InterruptedException: sleep interrupted
2019-10-18 08:15:22,741 [grpc-default-executor-3] INFO  impl.RaftServerImpl (RaftServerImpl.java:setRole(184)) - 413e678e-a618-4c92-927e-441fcc799019@group-F971E7EEC70F: changes role from  FOLLOWER to FOLLOWER at term 41 for recognizeCandidate:ccb54c7c-d652-4a32-8fba-bee4dbf2a7ee
2019-10-18 08:15:22,742 [grpc-default-executor-3] INFO  impl.RoleInfo (RoleInfo.java:shutdownFollowerState(121)) - 413e678e-a618-4c92-927e-441fcc799019: shutdown FollowerState
2019-10-18 08:15:22,742 [grpc-default-executor-3] INFO  impl.RoleInfo (RoleInfo.java:updateAndGet(143)) - 413e678e-a618-4c92-927e-441fcc799019: start FollowerState
2019-10-18 08:15:22,742 [Thread-729] INFO  impl.FollowerState (FollowerState.java:run(117)) - 413e678e-a618-4c92-927e-441fcc799019@group-F971E7EEC70F-FollowerState was interrupted: java.lang.InterruptedException: sleep interrupted
2019-10-18 08:15:22,756 [ccb54c7c-d652-4a32-8fba-bee4dbf2a7ee@group-F971E7EEC70F-LeaderElection42] INFO  impl.LeaderElection (LeaderElection.java:logAndReturn(56)) - ccb54c7c-d652-4a32-8fba-bee4dbf2a7ee@group-F971E7EEC70F-LeaderElection42: Election REJECTED; received 2 response(s) [ccb54c7c-d652-4a32-8fba-bee4dbf2a7ee<-de33c61e-1baa-412c-a678-1642e68dfdea#0:FAIL-t41, ccb54c7c-d652-4a32-8fba-bee4dbf2a7ee<-413e678e-a618-4c92-927e-441fcc799019#0:FAIL-t41] and 0 exception(s); ccb54c7c-d652-4a32-8fba-bee4dbf2a7ee@group-F971E7EEC70F:t41, leader=null, voted=ccb54c7c-d652-4a32-8fba-bee4dbf2a7ee, raftlog=ccb54c7c-d652-4a32-8fba-bee4dbf2a7ee@group-F971E7EEC70F-SegmentedRaftLog:OPENED:c-1,f-1,i0, conf=-1: [de33c61e-1baa-412c-a678-1642e68dfdea:192.168.69.67:35710, 413e678e-a618-4c92-927e-441fcc799019:192.168.69.67:40351, ccb54c7c-d652-4a32-8fba-bee4dbf2a7ee:192.168.69.67:36515], old=null
2019-10-18 08:15:22,757 [ccb54c7c-d652-4a32-8fba-bee4dbf2a7ee@group-F971E7EEC70F-LeaderElection42] INFO  impl.RaftServerImpl (RaftServerImpl.java:setRole(184)) - ccb54c7c-d652-4a32-8fba-bee4dbf2a7ee@group-F971E7EEC70F: changes role from CANDIDATE to FOLLOWER at term 41 for DISCOVERED_A_NEW_TERM
2019-10-18 08:15:22,757 [ccb54c7c-d652-4a32-8fba-bee4dbf2a7ee@group-F971E7EEC70F-LeaderElection42] INFO  impl.RoleInfo (RoleInfo.java:shutdownLeaderElection(134)) - ccb54c7c-d652-4a32-8fba-bee4dbf2a7ee: shutdown LeaderElection
2019-10-18 08:15:22,757 [ccb54c7c-d652-4a32-8fba-bee4dbf2a7ee@group-F971E7EEC70F-LeaderElection42] INFO  impl.RoleInfo (RoleInfo.java:updateAndGet(143)) - ccb54c7c-d652-4a32-8fba-bee4dbf2a7ee: start FollowerState
2019-10-18 08:15:22,864 [Thread-734] INFO  impl.FollowerState (FollowerState.java:run(108)) - ccb54c7c-d652-4a32-8fba-bee4dbf2a7ee@group-F971E7EEC70F-FollowerState: change to CANDIDATE, lastRpcTime:106ms, electionTimeout:106ms
2019-10-18 08:15:22,864 [Thread-734] INFO  impl.RoleInfo (RoleInfo.java:shutdownFollowerState(121)) - ccb54c7c-d652-4a32-8fba-bee4dbf2a7ee: shutdown FollowerState
2019-10-18 08:15:22,864 [Thread-734] INFO  impl.RaftServerImpl (RaftServerImpl.java:setRole(184)) - ccb54c7c-d652-4a32-8fba-bee4dbf2a7ee@group-F971E7EEC70F: changes role from  FOLLOWER to CANDIDATE at term 41 for changeToCandidate
2019-10-18 08:15:22,864 [Thread-734] INFO  impl.RoleInfo (RoleInfo.java:updateAndGet(143)) - ccb54c7c-d652-4a32-8fba-bee4dbf2a7ee: start LeaderElection
2019-10-18 08:15:22,877 [ccb54c7c-d652-4a32-8fba-bee4dbf2a7ee@group-F971E7EEC70F-LeaderElection43] INFO  impl.LeaderElection (LeaderElection.java:askForVotes(178)) - ccb54c7c-d652-4a32-8fba-bee4dbf2a7ee@group-F971E7EEC70F-LeaderElection43: begin an election at term 42 for -1: [de33c61e-1baa-412c-a678-1642e68dfdea:192.168.69.67:35710, 413e678e-a618-4c92-927e-441fcc799019:192.168.69.67:40351, ccb54c7c-d652-4a32-8fba-bee4dbf2a7ee:192.168.69.67:36515], old=null
2019-10-18 08:15:22,880 [grpc-default-executor-3] INFO  impl.RaftServerImpl (RaftServerImpl.java:setRole(184)) - de33c61e-1baa-412c-a678-1642e68dfdea@group-F971E7EEC70F: changes role from  FOLLOWER to FOLLOWER at term 42 for recognizeCandidate:ccb54c7c-d652-4a32-8fba-bee4dbf2a7ee
2019-10-18 08:15:22,881 [grpc-default-executor-3] INFO  impl.RoleInfo (RoleInfo.java:shutdownFollowerState(121)) - de33c61e-1baa-412c-a678-1642e68dfdea: shutdown FollowerState
2019-10-18 08:15:22,881 [grpc-default-executor-3] INFO  impl.RoleInfo (RoleInfo.java:updateAndGet(143)) - de33c61e-1baa-412c-a678-1642e68dfdea: start FollowerState
2019-10-18 08:15:22,881 [Thread-732] INFO  impl.FollowerState (FollowerState.java:run(117)) - de33c61e-1baa-412c-a678-1642e68dfdea@group-F971E7EEC70F-FollowerState was interrupted: java.lang.InterruptedException: sleep interrupted
2019-10-18 08:15:22,882 [grpc-default-executor-0] INFO  impl.RaftServerImpl (RaftServerImpl.java:setRole(184)) - 413e678e-a618-4c92-927e-441fcc799019@group-F971E7EEC70F: changes role from  FOLLOWER to FOLLOWER at term 42 for recognizeCandidate:ccb54c7c-d652-4a32-8fba-bee4dbf2a7ee
2019-10-18 08:15:22,882 [grpc-default-executor-0] INFO  impl.RoleInfo (RoleInfo.java:shutdownFollowerState(121)) - 413e678e-a618-4c92-927e-441fcc799019: shutdown FollowerState
2019-10-18 08:15:22,882 [grpc-default-executor-0] INFO  impl.RoleInfo (RoleInfo.java:updateAndGet(143)) - 413e678e-a618-4c92-927e-441fcc799019: start FollowerState
2019-10-18 08:15:22,882 [Thread-733] INFO  impl.FollowerState (FollowerState.java:run(117)) - 413e678e-a618-4c92-927e-441fcc799019@group-F971E7EEC70F-FollowerState was interrupted: java.lang.InterruptedException: sleep interrupted
2019-10-18 08:15:22,908 [ccb54c7c-d652-4a32-8fba-bee4dbf2a7ee@group-F971E7EEC70F-LeaderElection43] INFO  impl.LeaderElection (LeaderElection.java:logAndReturn(56)) - ccb54c7c-d652-4a32-8fba-bee4dbf2a7ee@group-F971E7EEC70F-LeaderElection43: Election REJECTED; received 2 response(s) [ccb54c7c-d652-4a32-8fba-bee4dbf2a7ee<-de33c61e-1baa-412c-a678-1642e68dfdea#0:FAIL-t42, ccb54c7c-d652-4a32-8fba-bee4dbf2a7ee<-413e678e-a618-4c92-927e-441fcc799019#0:FAIL-t42] and 0 exception(s); ccb54c7c-d652-4a32-8fba-bee4dbf2a7ee@group-F971E7EEC70F:t42, leader=null, voted=ccb54c7c-d652-4a32-8fba-bee4dbf2a7ee, raftlog=ccb54c7c-d652-4a32-8fba-bee4dbf2a7ee@group-F971E7EEC70F-SegmentedRaftLog:OPENED:c-1,f-1,i0, conf=-1: [de33c61e-1baa-412c-a678-1642e68dfdea:192.168.69.67:35710, 413e678e-a618-4c92-927e-441fcc799019:192.168.69.67:40351, ccb54c7c-d652-4a32-8fba-bee4dbf2a7ee:192.168.69.67:36515], old=null
2019-10-18 08:15:22,908 [ccb54c7c-d652-4a32-8fba-bee4dbf2a7ee@group-F971E7EEC70F-LeaderElection43] INFO  impl.RaftServerImpl (RaftServerImpl.java:setRole(184)) - ccb54c7c-d652-4a32-8fba-bee4dbf2a7ee@group-F971E7EEC70F: changes role from CANDIDATE to FOLLOWER at term 42 for DISCOVERED_A_NEW_TERM
2019-10-18 08:15:22,908 [ccb54c7c-d652-4a32-8fba-bee4dbf2a7ee@group-F971E7EEC70F-LeaderElection43] INFO  impl.RoleInfo (RoleInfo.java:shutdownLeaderElection(134)) - ccb54c7c-d652-4a32-8fba-bee4dbf2a7ee: shutdown LeaderElection
2019-10-18 08:15:22,909 [ccb54c7c-d652-4a32-8fba-bee4dbf2a7ee@group-F971E7EEC70F-LeaderElection43] INFO  impl.RoleInfo (RoleInfo.java:updateAndGet(143)) - ccb54c7c-d652-4a32-8fba-bee4dbf2a7ee: start FollowerState
2019-10-18 08:15:22,991 [Thread-740] INFO  impl.FollowerState (FollowerState.java:run(108)) - ccb54c7c-d652-4a32-8fba-bee4dbf2a7ee@group-F971E7EEC70F-FollowerState: change to CANDIDATE, lastRpcTime:82ms, electionTimeout:82ms
2019-10-18 08:15:22,991 [Thread-740] INFO  impl.RoleInfo (RoleInfo.java:shutdownFollowerState(121)) - ccb54c7c-d652-4a32-8fba-bee4dbf2a7ee: shutdown FollowerState
2019-10-18 08:15:22,992 [Thread-740] INFO  impl.RaftServerImpl (RaftServerImpl.java:setRole(184)) - ccb54c7c-d652-4a32-8fba-bee4dbf2a7ee@group-F971E7EEC70F: changes role from  FOLLOWER to CANDIDATE at term 42 for changeToCandidate
2019-10-18 08:15:22,992 [Thread-740] INFO  impl.RoleInfo (RoleInfo.java:updateAndGet(143)) - ccb54c7c-d652-4a32-8fba-bee4dbf2a7ee: start LeaderElection
2019-10-18 08:15:23,006 [ccb54c7c-d652-4a32-8fba-bee4dbf2a7ee@group-F971E7EEC70F-LeaderElection44] INFO  impl.LeaderElection (LeaderElection.java:askForVotes(178)) - ccb54c7c-d652-4a32-8fba-bee4dbf2a7ee@group-F971E7EEC70F-LeaderElection44: begin an election at term 43 for -1: [de33c61e-1baa-412c-a678-1642e68dfdea:192.168.69.67:35710, 413e678e-a618-4c92-927e-441fcc799019:192.168.69.67:40351, ccb54c7c-d652-4a32-8fba-bee4dbf2a7ee:192.168.69.67:36515], old=null
2019-10-18 08:15:23,009 [grpc-default-executor-0] INFO  impl.RaftServerImpl (RaftServerImpl.java:setRole(184)) - de33c61e-1baa-412c-a678-1642e68dfdea@group-F971E7EEC70F: changes role from  FOLLOWER to FOLLOWER at term 43 for recognizeCandidate:ccb54c7c-d652-4a32-8fba-bee4dbf2a7ee
2019-10-18 08:15:23,009 [grpc-default-executor-3] INFO  impl.RaftServerImpl (RaftServerImpl.java:setRole(184)) - 413e678e-a618-4c92-927e-441fcc799019@group-F971E7EEC70F: changes role from  FOLLOWER to FOLLOWER at term 43 for recognizeCandidate:ccb54c7c-d652-4a32-8fba-bee4dbf2a7ee
2019-10-18 08:15:23,009 [grpc-default-executor-0] INFO  impl.RoleInfo (RoleInfo.java:shutdownFollowerState(121)) - de33c61e-1baa-412c-a678-1642e68dfdea: shutdown FollowerState
2019-10-18 08:15:23,009 [grpc-default-executor-3] INFO  impl.RoleInfo (RoleInfo.java:shutdownFollowerState(121)) - 413e678e-a618-4c92-927e-441fcc799019: shutdown FollowerState
2019-10-18 08:15:23,010 [Thread-738] INFO  impl.FollowerState (FollowerState.java:run(117)) - de33c61e-1baa-412c-a678-1642e68dfdea@group-F971E7EEC70F-FollowerState was interrupted: java.lang.InterruptedException: sleep interrupted
2019-10-18 08:15:23,010 [grpc-default-executor-0] INFO  impl.RoleInfo (RoleInfo.java:updateAndGet(143)) - de33c61e-1baa-412c-a678-1642e68dfdea: start FollowerState
2019-10-18 08:15:23,010 [Thread-739] INFO  impl.FollowerState (FollowerState.java:run(117)) - 413e678e-a618-4c92-927e-441fcc799019@group-F971E7EEC70F-FollowerState was interrupted: java.lang.InterruptedException: sleep interrupted
2019-10-18 08:15:23,010 [grpc-default-executor-3] INFO  impl.RoleInfo (RoleInfo.java:updateAndGet(143)) - 413e678e-a618-4c92-927e-441fcc799019: start FollowerState
2019-10-18 08:15:23,025 [ccb54c7c-d652-4a32-8fba-bee4dbf2a7ee@group-F971E7EEC70F-LeaderElection44] INFO  impl.LeaderElection (LeaderElection.java:logAndReturn(56)) - ccb54c7c-d652-4a32-8fba-bee4dbf2a7ee@group-F971E7EEC70F-LeaderElection44: Election REJECTED; received 2 response(s) [ccb54c7c-d652-4a32-8fba-bee4dbf2a7ee<-de33c61e-1baa-412c-a678-1642e68dfdea#0:FAIL-t43, ccb54c7c-d652-4a32-8fba-bee4dbf2a7ee<-413e678e-a618-4c92-927e-441fcc799019#0:FAIL-t43] and 0 exception(s); ccb54c7c-d652-4a32-8fba-bee4dbf2a7ee@group-F971E7EEC70F:t43, leader=null, voted=ccb54c7c-d652-4a32-8fba-bee4dbf2a7ee, raftlog=ccb54c7c-d652-4a32-8fba-bee4dbf2a7ee@group-F971E7EEC70F-SegmentedRaftLog:OPENED:c-1,f-1,i0, conf=-1: [de33c61e-1baa-412c-a678-1642e68dfdea:192.168.69.67:35710, 413e678e-a618-4c92-927e-441fcc799019:192.168.69.67:40351, ccb54c7c-d652-4a32-8fba-bee4dbf2a7ee:192.168.69.67:36515], old=null
2019-10-18 08:15:23,025 [ccb54c7c-d652-4a32-8fba-bee4dbf2a7ee@group-F971E7EEC70F-LeaderElection44] INFO  impl.RaftServerImpl (RaftServerImpl.java:setRole(184)) - ccb54c7c-d652-4a32-8fba-bee4dbf2a7ee@group-F971E7EEC70F: changes role from CANDIDATE to FOLLOWER at term 43 for DISCOVERED_A_NEW_TERM
2019-10-18 08:15:23,025 [ccb54c7c-d652-4a32-8fba-bee4dbf2a7ee@group-F971E7EEC70F-LeaderElection44] INFO  impl.RoleInfo (RoleInfo.java:shutdownLeaderElection(134)) - ccb54c7c-d652-4a32-8fba-bee4dbf2a7ee: shutdown LeaderElection
2019-10-18 08:15:23,026 [ccb54c7c-d652-4a32-8fba-bee4dbf2a7ee@group-F971E7EEC70F-LeaderElection44] INFO  impl.RoleInfo (RoleInfo.java:updateAndGet(143)) - ccb54c7c-d652-4a32-8fba-bee4dbf2a7ee: start FollowerState
2019-10-18 08:15:23,185 [Thread-746] INFO  impl.FollowerState (FollowerState.java:run(108)) - ccb54c7c-d652-4a32-8fba-bee4dbf2a7ee@group-F971E7EEC70F-FollowerState: change to CANDIDATE, lastRpcTime:159ms, electionTimeout:159ms
2019-10-18 08:15:23,185 [Thread-746] INFO  impl.RoleInfo (RoleInfo.java:shutdownFollowerState(121)) - ccb54c7c-d652-4a32-8fba-bee4dbf2a7ee: shutdown FollowerState
2019-10-18 08:15:23,186 [Thread-746] INFO  impl.RaftServerImpl (RaftServerImpl.java:setRole(184)) - ccb54c7c-d652-4a32-8fba-bee4dbf2a7ee@group-F971E7EEC70F: changes role from  FOLLOWER to CANDIDATE at term 43 for changeToCandidate
2019-10-18 08:15:23,186 [Thread-746] INFO  impl.RoleInfo (RoleInfo.java:updateAndGet(143)) - ccb54c7c-d652-4a32-8fba-bee4dbf2a7ee: start LeaderElection
2019-10-18 08:15:23,208 [ccb54c7c-d652-4a32-8fba-bee4dbf2a7ee@group-F971E7EEC70F-LeaderElection45] INFO  impl.LeaderElection (LeaderElection.java:askForVotes(178)) - ccb54c7c-d652-4a32-8fba-bee4dbf2a7ee@group-F971E7EEC70F-LeaderElection45: begin an election at term 44 for -1: [de33c61e-1baa-412c-a678-1642e68dfdea:192.168.69.67:35710, 413e678e-a618-4c92-927e-441fcc799019:192.168.69.67:40351, ccb54c7c-d652-4a32-8fba-bee4dbf2a7ee:192.168.69.67:36515], old=null
2019-10-18 08:15:23,212 [grpc-default-executor-3] INFO  impl.RaftServerImpl (RaftServerImpl.java:setRole(184)) - de33c61e-1baa-412c-a678-1642e68dfdea@group-F971E7EEC70F: changes role from  FOLLOWER to FOLLOWER at term 44 for recognizeCandidate:ccb54c7c-d652-4a32-8fba-bee4dbf2a7ee
2019-10-18 08:15:23,212 [grpc-default-executor-0] INFO  impl.RaftServerImpl (RaftServerImpl.java:setRole(184)) - 413e678e-a618-4c92-927e-441fcc799019@group-F971E7EEC70F: changes role from  FOLLOWER to FOLLOWER at term 44 for recognizeCandidate:ccb54c7c-d652-4a32-8fba-bee4dbf2a7ee
2019-10-18 08:15:23,212 [grpc-default-executor-3] INFO  impl.RoleInfo (RoleInfo.java:shutdownFollowerState(121)) - de33c61e-1baa-412c-a678-1642e68dfdea: shutdown FollowerState
2019-10-18 08:15:23,212 [grpc-default-executor-0] INFO  impl.RoleInfo (RoleInfo.java:shutdownFollowerState(121)) - 413e678e-a618-4c92-927e-441fcc799019: shutdown FollowerState
2019-10-18 08:15:23,212 [Thread-744] INFO  impl.FollowerState (FollowerState.java:run(117)) - de33c61e-1baa-412c-a678-1642e68dfdea@group-F971E7EEC70F-FollowerState was interrupted: java.lang.InterruptedException: sleep interrupted
2019-10-18 08:15:23,212 [grpc-default-executor-3] INFO  impl.RoleInfo (RoleInfo.java:updateAndGet(143)) - de33c61e-1baa-412c-a678-1642e68dfdea: start FollowerState
2019-10-18 08:15:23,213 [Thread-745] INFO  impl.FollowerState (FollowerState.java:run(117)) - 413e678e-a618-4c92-927e-441fcc799019@group-F971E7EEC70F-FollowerState was interrupted: java.lang.InterruptedException: sleep interrupted
2019-10-18 08:15:23,213 [grpc-default-executor-0] INFO  impl.RoleInfo (RoleInfo.java:updateAndGet(143)) - 413e678e-a618-4c92-927e-441fcc799019: start FollowerState
2019-10-18 08:15:23,224 [ccb54c7c-d652-4a32-8fba-bee4dbf2a7ee@group-F971E7EEC70F-LeaderElection45] INFO  impl.LeaderElection (LeaderElection.java:logAndReturn(56)) - ccb54c7c-d652-4a32-8fba-bee4dbf2a7ee@group-F971E7EEC70F-LeaderElection45: Election REJECTED; received 2 response(s) [ccb54c7c-d652-4a32-8fba-bee4dbf2a7ee<-de33c61e-1baa-412c-a678-1642e68dfdea#0:FAIL-t44, ccb54c7c-d652-4a32-8fba-bee4dbf2a7ee<-413e678e-a618-4c92-927e-441fcc799019#0:FAIL-t44] and 0 exception(s); ccb54c7c-d652-4a32-8fba-bee4dbf2a7ee@group-F971E7EEC70F:t44, leader=null, voted=ccb54c7c-d652-4a32-8fba-bee4dbf2a7ee, raftlog=ccb54c7c-d652-4a32-8fba-bee4dbf2a7ee@group-F971E7EEC70F-SegmentedRaftLog:OPENED:c-1,f-1,i0, conf=-1: [de33c61e-1baa-412c-a678-1642e68dfdea:192.168.69.67:35710, 413e678e-a618-4c92-927e-441fcc799019:192.168.69.67:40351, ccb54c7c-d652-4a32-8fba-bee4dbf2a7ee:192.168.69.67:36515], old=null
2019-10-18 08:15:23,224 [ccb54c7c-d652-4a32-8fba-bee4dbf2a7ee@group-F971E7EEC70F-LeaderElection45] INFO  impl.RaftServerImpl (RaftServerImpl.java:setRole(184)) - ccb54c7c-d652-4a32-8fba-bee4dbf2a7ee@group-F971E7EEC70F: changes role from CANDIDATE to FOLLOWER at term 44 for DISCOVERED_A_NEW_TERM
2019-10-18 08:15:23,225 [ccb54c7c-d652-4a32-8fba-bee4dbf2a7ee@group-F971E7EEC70F-LeaderElection45] INFO  impl.RoleInfo (RoleInfo.java:shutdownLeaderElection(134)) - ccb54c7c-d652-4a32-8fba-bee4dbf2a7ee: shutdown LeaderElection
2019-10-18 08:15:23,225 [ccb54c7c-d652-4a32-8fba-bee4dbf2a7ee@group-F971E7EEC70F-LeaderElection45] INFO  impl.RoleInfo (RoleInfo.java:updateAndGet(143)) - ccb54c7c-d652-4a32-8fba-bee4dbf2a7ee: start FollowerState
2019-10-18 08:15:23,261 [Thread-752] INFO  impl.FollowerState (FollowerState.java:run(108)) - ccb54c7c-d652-4a32-8fba-bee4dbf2a7ee@group-F971E7EEC70F-FollowerState: change to CANDIDATE, lastRpcTime:36ms, electionTimeout:36ms
2019-10-18 08:15:23,261 [Thread-752] INFO  impl.RoleInfo (RoleInfo.java:shutdownFollowerState(121)) - ccb54c7c-d652-4a32-8fba-bee4dbf2a7ee: shutdown FollowerState
2019-10-18 08:15:23,262 [Thread-752] INFO  impl.RaftServerImpl (RaftServerImpl.java:setRole(184)) - ccb54c7c-d652-4a32-8fba-bee4dbf2a7ee@group-F971E7EEC70F: changes role from  FOLLOWER to CANDIDATE at term 44 for changeToCandidate
2019-10-18 08:15:23,262 [Thread-752] INFO  impl.RoleInfo (RoleInfo.java:updateAndGet(143)) - ccb54c7c-d652-4a32-8fba-bee4dbf2a7ee: start LeaderElection
2019-10-18 08:15:23,287 [ccb54c7c-d652-4a32-8fba-bee4dbf2a7ee@group-F971E7EEC70F-LeaderElection46] INFO  impl.LeaderElection (LeaderElection.java:askForVotes(178)) - ccb54c7c-d652-4a32-8fba-bee4dbf2a7ee@group-F971E7EEC70F-LeaderElection46: begin an election at term 45 for -1: [de33c61e-1baa-412c-a678-1642e68dfdea:192.168.69.67:35710, 413e678e-a618-4c92-927e-441fcc799019:192.168.69.67:40351, ccb54c7c-d652-4a32-8fba-bee4dbf2a7ee:192.168.69.67:36515], old=null
2019-10-18 08:15:23,290 [grpc-default-executor-3] INFO  impl.RaftServerImpl (RaftServerImpl.java:setRole(184)) - de33c61e-1baa-412c-a678-1642e68dfdea@group-F971E7EEC70F: changes role from  FOLLOWER to FOLLOWER at term 45 for recognizeCandidate:ccb54c7c-d652-4a32-8fba-bee4dbf2a7ee
2019-10-18 08:15:23,290 [grpc-default-executor-3] INFO  impl.RoleInfo (RoleInfo.java:shutdownFollowerState(121)) - de33c61e-1baa-412c-a678-1642e68dfdea: shutdown FollowerState
2019-10-18 08:15:23,290 [grpc-default-executor-0] INFO  impl.RaftServerImpl (RaftServerImpl.java:setRole(184)) - 413e678e-a618-4c92-927e-441fcc799019@group-F971E7EEC70F: changes role from  FOLLOWER to FOLLOWER at term 45 for recognizeCandidate:ccb54c7c-d652-4a32-8fba-bee4dbf2a7ee
2019-10-18 08:15:23,290 [Thread-750] INFO  impl.FollowerState (FollowerState.java:run(117)) - de33c61e-1baa-412c-a678-1642e68dfdea@group-F971E7EEC70F-FollowerState was interrupted: java.lang.InterruptedException: sleep interrupted
2019-10-18 08:15:23,290 [grpc-default-executor-3] INFO  impl.RoleInfo (RoleInfo.java:updateAndGet(143)) - de33c61e-1baa-412c-a678-1642e68dfdea: start FollowerState
2019-10-18 08:15:23,290 [grpc-default-executor-0] INFO  impl.RoleInfo (RoleInfo.java:shutdownFollowerState(121)) - 413e678e-a618-4c92-927e-441fcc799019: shutdown FollowerState
2019-10-18 08:15:23,291 [grpc-default-executor-0] INFO  impl.RoleInfo (RoleInfo.java:updateAndGet(143)) - 413e678e-a618-4c92-927e-441fcc799019: start FollowerState
2019-10-18 08:15:23,291 [Thread-751] INFO  impl.FollowerState (FollowerState.java:run(117)) - 413e678e-a618-4c92-927e-441fcc799019@group-F971E7EEC70F-FollowerState was interrupted: java.lang.InterruptedException: sleep interrupted
2019-10-18 08:15:23,316 [ccb54c7c-d652-4a32-8fba-bee4dbf2a7ee@group-F971E7EEC70F-LeaderElection46] INFO  impl.LeaderElection (LeaderElection.java:logAndReturn(56)) - ccb54c7c-d652-4a32-8fba-bee4dbf2a7ee@group-F971E7EEC70F-LeaderElection46: Election REJECTED; received 2 response(s) [ccb54c7c-d652-4a32-8fba-bee4dbf2a7ee<-de33c61e-1baa-412c-a678-1642e68dfdea#0:FAIL-t45, ccb54c7c-d652-4a32-8fba-bee4dbf2a7ee<-413e678e-a618-4c92-927e-441fcc799019#0:FAIL-t45] and 0 exception(s); ccb54c7c-d652-4a32-8fba-bee4dbf2a7ee@group-F971E7EEC70F:t45, leader=null, voted=ccb54c7c-d652-4a32-8fba-bee4dbf2a7ee, raftlog=ccb54c7c-d652-4a32-8fba-bee4dbf2a7ee@group-F971E7EEC70F-SegmentedRaftLog:OPENED:c-1,f-1,i0, conf=-1: [de33c61e-1baa-412c-a678-1642e68dfdea:192.168.69.67:35710, 413e678e-a618-4c92-927e-441fcc799019:192.168.69.67:40351, ccb54c7c-d652-4a32-8fba-bee4dbf2a7ee:192.168.69.67:36515], old=null
2019-10-18 08:15:23,316 [ccb54c7c-d652-4a32-8fba-bee4dbf2a7ee@group-F971E7EEC70F-LeaderElection46] INFO  impl.RaftServerImpl (RaftServerImpl.java:setRole(184)) - ccb54c7c-d652-4a32-8fba-bee4dbf2a7ee@group-F971E7EEC70F: changes role from CANDIDATE to FOLLOWER at term 45 for DISCOVERED_A_NEW_TERM
2019-10-18 08:15:23,317 [ccb54c7c-d652-4a32-8fba-bee4dbf2a7ee@group-F971E7EEC70F-LeaderElection46] INFO  impl.RoleInfo (RoleInfo.java:shutdownLeaderElection(134)) - ccb54c7c-d652-4a32-8fba-bee4dbf2a7ee: shutdown LeaderElection
2019-10-18 08:15:23,317 [ccb54c7c-d652-4a32-8fba-bee4dbf2a7ee@group-F971E7EEC70F-LeaderElection46] INFO  impl.RoleInfo (RoleInfo.java:updateAndGet(143)) - ccb54c7c-d652-4a32-8fba-bee4dbf2a7ee: start FollowerState
2019-10-18 08:15:23,514 [Thread-758] INFO  impl.FollowerState (FollowerState.java:run(108)) - ccb54c7c-d652-4a32-8fba-bee4dbf2a7ee@group-F971E7EEC70F-FollowerState: change to CANDIDATE, lastRpcTime:197ms, electionTimeout:197ms
2019-10-18 08:15:23,515 [Thread-758] INFO  impl.RoleInfo (RoleInfo.java:shutdownFollowerState(121)) - ccb54c7c-d652-4a32-8fba-bee4dbf2a7ee: shutdown FollowerState
2019-10-18 08:15:23,515 [Thread-758] INFO  impl.RaftServerImpl (RaftServerImpl.java:setRole(184)) - ccb54c7c-d652-4a32-8fba-bee4dbf2a7ee@group-F971E7EEC70F: changes role from  FOLLOWER to CANDIDATE at term 45 for changeToCandidate
2019-10-18 08:15:23,515 [Thread-758] INFO  impl.RoleInfo (RoleInfo.java:updateAndGet(143)) - ccb54c7c-d652-4a32-8fba-bee4dbf2a7ee: start LeaderElection
2019-10-18 08:15:23,540 [ccb54c7c-d652-4a32-8fba-bee4dbf2a7ee@group-F971E7EEC70F-LeaderElection47] INFO  impl.LeaderElection (LeaderElection.java:askForVotes(178)) - ccb54c7c-d652-4a32-8fba-bee4dbf2a7ee@group-F971E7EEC70F-LeaderElection47: begin an election at term 46 for -1: [de33c61e-1baa-412c-a678-1642e68dfdea:192.168.69.67:35710, 413e678e-a618-4c92-927e-441fcc799019:192.168.69.67:40351, ccb54c7c-d652-4a32-8fba-bee4dbf2a7ee:192.168.69.67:36515], old=null
2019-10-18 08:15:23,543 [grpc-default-executor-0] INFO  impl.RaftServerImpl (RaftServerImpl.java:setRole(184)) - 413e678e-a618-4c92-927e-441fcc799019@group-F971E7EEC70F: changes role from  FOLLOWER to FOLLOWER at term 46 for recognizeCandidate:ccb54c7c-d652-4a32-8fba-bee4dbf2a7ee
2019-10-18 08:15:23,543 [grpc-default-executor-3] INFO  impl.RaftServerImpl (RaftServerImpl.java:setRole(184)) - de33c61e-1baa-412c-a678-1642e68dfdea@group-F971E7EEC70F: changes role from  FOLLOWER to FOLLOWER at term 46 for recognizeCandidate:ccb54c7c-d652-4a32-8fba-bee4dbf2a7ee
2019-10-18 08:15:23,544 [grpc-default-executor-0] INFO  impl.RoleInfo (RoleInfo.java:shutdownFollowerState(121)) - 413e678e-a618-4c92-927e-441fcc799019: shutdown FollowerState
2019-10-18 08:15:23,544 [grpc-default-executor-3] INFO  impl.RoleInfo (RoleInfo.java:shutdownFollowerState(121)) - de33c61e-1baa-412c-a678-1642e68dfdea: shutdown FollowerState
2019-10-18 08:15:23,544 [Thread-757] INFO  impl.FollowerState (FollowerState.java:run(117)) - 413e678e-a618-4c92-927e-441fcc799019@group-F971E7EEC70F-FollowerState was interrupted: java.lang.InterruptedException: sleep interrupted
2019-10-18 08:15:23,544 [grpc-default-executor-3] INFO  impl.RoleInfo (RoleInfo.java:updateAndGet(143)) - de33c61e-1baa-412c-a678-1642e68dfdea: start FollowerState
2019-10-18 08:15:23,544 [grpc-default-executor-0] INFO  impl.RoleInfo (RoleInfo.java:updateAndGet(143)) - 413e678e-a618-4c92-927e-441fcc799019: start FollowerState
2019-10-18 08:15:23,544 [Thread-756] INFO  impl.FollowerState (FollowerState.java:run(117)) - de33c61e-1baa-412c-a678-1642e68dfdea@group-F971E7EEC70F-FollowerState was interrupted: java.lang.InterruptedException: sleep interrupted
2019-10-18 08:15:23,571 [ccb54c7c-d652-4a32-8fba-bee4dbf2a7ee@group-F971E7EEC70F-LeaderElection47] INFO  impl.LeaderElection (LeaderElection.java:logAndReturn(56)) - ccb54c7c-d652-4a32-8fba-bee4dbf2a7ee@group-F971E7EEC70F-LeaderElection47: Election REJECTED; received 2 response(s) [ccb54c7c-d652-4a32-8fba-bee4dbf2a7ee<-de33c61e-1baa-412c-a678-1642e68dfdea#0:FAIL-t46, ccb54c7c-d652-4a32-8fba-bee4dbf2a7ee<-413e678e-a618-4c92-927e-441fcc799019#0:FAIL-t46] and 0 exception(s); ccb54c7c-d652-4a32-8fba-bee4dbf2a7ee@group-F971E7EEC70F:t46, leader=null, voted=ccb54c7c-d652-4a32-8fba-bee4dbf2a7ee, raftlog=ccb54c7c-d652-4a32-8fba-bee4dbf2a7ee@group-F971E7EEC70F-SegmentedRaftLog:OPENED:c-1,f-1,i0, conf=-1: [de33c61e-1baa-412c-a678-1642e68dfdea:192.168.69.67:35710, 413e678e-a618-4c92-927e-441fcc799019:192.168.69.67:40351, ccb54c7c-d652-4a32-8fba-bee4dbf2a7ee:192.168.69.67:36515], old=null
2019-10-18 08:15:23,571 [ccb54c7c-d652-4a32-8fba-bee4dbf2a7ee@group-F971E7EEC70F-LeaderElection47] INFO  impl.RaftServerImpl (RaftServerImpl.java:setRole(184)) - ccb54c7c-d652-4a32-8fba-bee4dbf2a7ee@group-F971E7EEC70F: changes role from CANDIDATE to FOLLOWER at term 46 for DISCOVERED_A_NEW_TERM
2019-10-18 08:15:23,572 [ccb54c7c-d652-4a32-8fba-bee4dbf2a7ee@group-F971E7EEC70F-LeaderElection47] INFO  impl.RoleInfo (RoleInfo.java:shutdownLeaderElection(134)) - ccb54c7c-d652-4a32-8fba-bee4dbf2a7ee: shutdown LeaderElection
2019-10-18 08:15:23,572 [ccb54c7c-d652-4a32-8fba-bee4dbf2a7ee@group-F971E7EEC70F-LeaderElection47] INFO  impl.RoleInfo (RoleInfo.java:updateAndGet(143)) - ccb54c7c-d652-4a32-8fba-bee4dbf2a7ee: start FollowerState
2019-10-18 08:15:23,695 [Thread-764] INFO  impl.FollowerState (FollowerState.java:run(108)) - ccb54c7c-d652-4a32-8fba-bee4dbf2a7ee@group-F971E7EEC70F-FollowerState: change to CANDIDATE, lastRpcTime:123ms, electionTimeout:123ms
2019-10-18 08:15:23,696 [Thread-764] INFO  impl.RoleInfo (RoleInfo.java:shutdownFollowerState(121)) - ccb54c7c-d652-4a32-8fba-bee4dbf2a7ee: shutdown FollowerState
2019-10-18 08:15:23,696 [Thread-764] INFO  impl.RaftServerImpl (RaftServerImpl.java:setRole(184)) - ccb54c7c-d652-4a32-8fba-bee4dbf2a7ee@group-F971E7EEC70F: changes role from  FOLLOWER to CANDIDATE at term 46 for changeToCandidate
2019-10-18 08:15:23,696 [Thread-764] INFO  impl.RoleInfo (RoleInfo.java:updateAndGet(143)) - ccb54c7c-d652-4a32-8fba-bee4dbf2a7ee: start LeaderElection
2019-10-18 08:15:23,718 [ccb54c7c-d652-4a32-8fba-bee4dbf2a7ee@group-F971E7EEC70F-LeaderElection48] INFO  impl.LeaderElection (LeaderElection.java:askForVotes(178)) - ccb54c7c-d652-4a32-8fba-bee4dbf2a7ee@group-F971E7EEC70F-LeaderElection48: begin an election at term 47 for -1: [de33c61e-1baa-412c-a678-1642e68dfdea:192.168.69.67:35710, 413e678e-a618-4c92-927e-441fcc799019:192.168.69.67:40351, ccb54c7c-d652-4a32-8fba-bee4dbf2a7ee:192.168.69.67:36515], old=null
2019-10-18 08:15:23,722 [grpc-default-executor-3] INFO  impl.RaftServerImpl (RaftServerImpl.java:setRole(184)) - de33c61e-1baa-412c-a678-1642e68dfdea@group-F971E7EEC70F: changes role from  FOLLOWER to FOLLOWER at term 47 for recognizeCandidate:ccb54c7c-d652-4a32-8fba-bee4dbf2a7ee
2019-10-18 08:15:23,722 [grpc-default-executor-0] INFO  impl.RaftServerImpl (RaftServerImpl.java:setRole(184)) - 413e678e-a618-4c92-927e-441fcc799019@group-F971E7EEC70F: changes role from  FOLLOWER to FOLLOWER at term 47 for recognizeCandidate:ccb54c7c-d652-4a32-8fba-bee4dbf2a7ee
2019-10-18 08:15:23,722 [grpc-default-executor-3] INFO  impl.RoleInfo (RoleInfo.java:shutdownFollowerState(121)) - de33c61e-1baa-412c-a678-1642e68dfdea: shutdown FollowerState
2019-10-18 08:15:23,722 [grpc-default-executor-0] INFO  impl.RoleInfo (RoleInfo.java:shutdownFollowerState(121)) - 413e678e-a618-4c92-927e-441fcc799019: shutdown FollowerState
2019-10-18 08:15:23,722 [Thread-763] INFO  impl.FollowerState (FollowerState.java:run(117)) - de33c61e-1baa-412c-a678-1642e68dfdea@group-F971E7EEC70F-FollowerState was interrupted: java.lang.InterruptedException: sleep interrupted
2019-10-18 08:15:23,722 [grpc-default-executor-3] INFO  impl.RoleInfo (RoleInfo.java:updateAndGet(143)) - de33c61e-1baa-412c-a678-1642e68dfdea: start FollowerState
2019-10-18 08:15:23,722 [Thread-762] INFO  impl.FollowerState (FollowerState.java:run(117)) - 413e678e-a618-4c92-927e-441fcc799019@group-F971E7EEC70F-FollowerState was interrupted: java.lang.InterruptedException: sleep interrupted
2019-10-18 08:15:23,722 [grpc-default-executor-0] INFO  impl.RoleInfo (RoleInfo.java:updateAndGet(143)) - 413e678e-a618-4c92-927e-441fcc799019: start FollowerState
2019-10-18 08:15:23,734 [ccb54c7c-d652-4a32-8fba-bee4dbf2a7ee@group-F971E7EEC70F-LeaderElection48] INFO  impl.LeaderElection (LeaderElection.java:logAndReturn(56)) - ccb54c7c-d652-4a32-8fba-bee4dbf2a7ee@group-F971E7EEC70F-LeaderElection48: Election REJECTED; received 2 response(s) [ccb54c7c-d652-4a32-8fba-bee4dbf2a7ee<-de33c61e-1baa-412c-a678-1642e68dfdea#0:FAIL-t47, ccb54c7c-d652-4a32-8fba-bee4dbf2a7ee<-413e678e-a618-4c92-927e-441fcc799019#0:FAIL-t47] and 0 exception(s); ccb54c7c-d652-4a32-8fba-bee4dbf2a7ee@group-F971E7EEC70F:t47, leader=null, voted=ccb54c7c-d652-4a32-8fba-bee4dbf2a7ee, raftlog=ccb54c7c-d652-4a32-8fba-bee4dbf2a7ee@group-F971E7EEC70F-SegmentedRaftLog:OPENED:c-1,f-1,i0, conf=-1: [de33c61e-1baa-412c-a678-1642e68dfdea:192.168.69.67:35710, 413e678e-a618-4c92-927e-441fcc799019:192.168.69.67:40351, ccb54c7c-d652-4a32-8fba-bee4dbf2a7ee:192.168.69.67:36515], old=null
2019-10-18 08:15:23,734 [ccb54c7c-d652-4a32-8fba-bee4dbf2a7ee@group-F971E7EEC70F-LeaderElection48] INFO  impl.RaftServerImpl (RaftServerImpl.java:setRole(184)) - ccb54c7c-d652-4a32-8fba-bee4dbf2a7ee@group-F971E7EEC70F: changes role from CANDIDATE to FOLLOWER at term 47 for DISCOVERED_A_NEW_TERM
2019-10-18 08:15:23,734 [ccb54c7c-d652-4a32-8fba-bee4dbf2a7ee@group-F971E7EEC70F-LeaderElection48] INFO  impl.RoleInfo (RoleInfo.java:shutdownLeaderElection(134)) - ccb54c7c-d652-4a32-8fba-bee4dbf2a7ee: shutdown LeaderElection
2019-10-18 08:15:23,734 [ccb54c7c-d652-4a32-8fba-bee4dbf2a7ee@group-F971E7EEC70F-LeaderElection48] INFO  impl.RoleInfo (RoleInfo.java:updateAndGet(143)) - ccb54c7c-d652-4a32-8fba-bee4dbf2a7ee: start FollowerState
2019-10-18 08:15:23,791 [Thread-770] INFO  impl.FollowerState (FollowerState.java:run(108)) - ccb54c7c-d652-4a32-8fba-bee4dbf2a7ee@group-F971E7EEC70F-FollowerState: change to CANDIDATE, lastRpcTime:57ms, electionTimeout:57ms
2019-10-18 08:15:23,792 [Thread-770] INFO  impl.RoleInfo (RoleInfo.java:shutdownFollowerState(121)) - ccb54c7c-d652-4a32-8fba-bee4dbf2a7ee: shutdown FollowerState
2019-10-18 08:15:23,792 [Thread-770] INFO  impl.RaftServerImpl (RaftServerImpl.java:setRole(184)) - ccb54c7c-d652-4a32-8fba-bee4dbf2a7ee@group-F971E7EEC70F: changes role from  FOLLOWER to CANDIDATE at term 47 for changeToCandidate
2019-10-18 08:15:23,792 [Thread-770] INFO  impl.RoleInfo (RoleInfo.java:updateAndGet(143)) - ccb54c7c-d652-4a32-8fba-bee4dbf2a7ee: start LeaderElection
2019-10-18 08:15:23,806 [ccb54c7c-d652-4a32-8fba-bee4dbf2a7ee@group-F971E7EEC70F-LeaderElection49] INFO  impl.LeaderElection (LeaderElection.java:askForVotes(178)) - ccb54c7c-d652-4a32-8fba-bee4dbf2a7ee@group-F971E7EEC70F-LeaderElection49: begin an election at term 48 for -1: [de33c61e-1baa-412c-a678-1642e68dfdea:192.168.69.67:35710, 413e678e-a618-4c92-927e-441fcc799019:192.168.69.67:40351, ccb54c7c-d652-4a32-8fba-bee4dbf2a7ee:192.168.69.67:36515], old=null
2019-10-18 08:15:23,808 [grpc-default-executor-0] INFO  impl.RaftServerImpl (RaftServerImpl.java:setRole(184)) - de33c61e-1baa-412c-a678-1642e68dfdea@group-F971E7EEC70F: changes role from  FOLLOWER to FOLLOWER at term 48 for recognizeCandidate:ccb54c7c-d652-4a32-8fba-bee4dbf2a7ee
2019-10-18 08:15:23,809 [grpc-default-executor-0] INFO  impl.RoleInfo (RoleInfo.java:shutdownFollowerState(121)) - de33c61e-1baa-412c-a678-1642e68dfdea: shutdown FollowerState
2019-10-18 08:15:23,809 [grpc-default-executor-0] INFO  impl.RoleInfo (RoleInfo.java:updateAndGet(143)) - de33c61e-1baa-412c-a678-1642e68dfdea: start FollowerState
2019-10-18 08:15:23,809 [Thread-768] INFO  impl.FollowerState (FollowerState.java:run(117)) - de33c61e-1baa-412c-a678-1642e68dfdea@group-F971E7EEC70F-FollowerState was interrupted: java.lang.InterruptedException: sleep interrupted
2019-10-18 08:15:23,809 [grpc-default-executor-3] INFO  impl.RaftServerImpl (RaftServerImpl.java:setRole(184)) - 413e678e-a618-4c92-927e-441fcc799019@group-F971E7EEC70F: changes role from  FOLLOWER to FOLLOWER at term 48 for recognizeCandidate:ccb54c7c-d652-4a32-8fba-bee4dbf2a7ee
2019-10-18 08:15:23,809 [grpc-default-executor-3] INFO  impl.RoleInfo (RoleInfo.java:shutdownFollowerState(121)) - 413e678e-a618-4c92-927e-441fcc799019: shutdown FollowerState
2019-10-18 08:15:23,810 [grpc-default-executor-3] INFO  impl.RoleInfo (RoleInfo.java:updateAndGet(143)) - 413e678e-a618-4c92-927e-441fcc799019: start FollowerState
2019-10-18 08:15:23,810 [Thread-769] INFO  impl.FollowerState (FollowerState.java:run(117)) - 413e678e-a618-4c92-927e-441fcc799019@group-F971E7EEC70F-FollowerState was interrupted: java.lang.InterruptedException: sleep interrupted
2019-10-18 08:15:23,823 [ccb54c7c-d652-4a32-8fba-bee4dbf2a7ee@group-F971E7EEC70F-LeaderElection49] INFO  impl.LeaderElection (LeaderElection.java:logAndReturn(56)) - ccb54c7c-d652-4a32-8fba-bee4dbf2a7ee@group-F971E7EEC70F-LeaderElection49: Election REJECTED; received 2 response(s) [ccb54c7c-d652-4a32-8fba-bee4dbf2a7ee<-de33c61e-1baa-412c-a678-1642e68dfdea#0:FAIL-t48, ccb54c7c-d652-4a32-8fba-bee4dbf2a7ee<-413e678e-a618-4c92-927e-441fcc799019#0:FAIL-t48] and 0 exception(s); ccb54c7c-d652-4a32-8fba-bee4dbf2a7ee@group-F971E7EEC70F:t48, leader=null, voted=ccb54c7c-d652-4a32-8fba-bee4dbf2a7ee, raftlog=ccb54c7c-d652-4a32-8fba-bee4dbf2a7ee@group-F971E7EEC70F-SegmentedRaftLog:OPENED:c-1,f-1,i0, conf=-1: [de33c61e-1baa-412c-a678-1642e68dfdea:192.168.69.67:35710, 413e678e-a618-4c92-927e-441fcc799019:192.168.69.67:40351, ccb54c7c-d652-4a32-8fba-bee4dbf2a7ee:192.168.69.67:36515], old=null
2019-10-18 08:15:23,824 [ccb54c7c-d652-4a32-8fba-bee4dbf2a7ee@group-F971E7EEC70F-LeaderElection49] INFO  impl.RaftServerImpl (RaftServerImpl.java:setRole(184)) - ccb54c7c-d652-4a32-8fba-bee4dbf2a7ee@group-F971E7EEC70F: changes role from CANDIDATE to FOLLOWER at term 48 for DISCOVERED_A_NEW_TERM
2019-10-18 08:15:23,824 [ccb54c7c-d652-4a32-8fba-bee4dbf2a7ee@group-F971E7EEC70F-LeaderElection49] INFO  impl.RoleInfo (RoleInfo.java:shutdownLeaderElection(134)) - ccb54c7c-d652-4a32-8fba-bee4dbf2a7ee: shutdown LeaderElection
2019-10-18 08:15:23,824 [ccb54c7c-d652-4a32-8fba-bee4dbf2a7ee@group-F971E7EEC70F-LeaderElection49] INFO  impl.RoleInfo (RoleInfo.java:updateAndGet(143)) - ccb54c7c-d652-4a32-8fba-bee4dbf2a7ee: start FollowerState
2019-10-18 08:15:23,883 [Thread-776] INFO  impl.FollowerState (FollowerState.java:run(108)) - ccb54c7c-d652-4a32-8fba-bee4dbf2a7ee@group-F971E7EEC70F-FollowerState: change to CANDIDATE, lastRpcTime:58ms, electionTimeout:58ms
2019-10-18 08:15:23,883 [Thread-776] INFO  impl.RoleInfo (RoleInfo.java:shutdownFollowerState(121)) - ccb54c7c-d652-4a32-8fba-bee4dbf2a7ee: shutdown FollowerState
2019-10-18 08:15:23,883 [Thread-776] INFO  impl.RaftServerImpl (RaftServerImpl.java:setRole(184)) - ccb54c7c-d652-4a32-8fba-bee4dbf2a7ee@group-F971E7EEC70F: changes role from  FOLLOWER to CANDIDATE at term 48 for changeToCandidate
2019-10-18 08:15:23,883 [Thread-776] INFO  impl.RoleInfo (RoleInfo.java:updateAndGet(143)) - ccb54c7c-d652-4a32-8fba-bee4dbf2a7ee: start LeaderElection
2019-10-18 08:15:23,897 [ccb54c7c-d652-4a32-8fba-bee4dbf2a7ee@group-F971E7EEC70F-LeaderElection50] INFO  impl.LeaderElection (LeaderElection.java:askForVotes(178)) - ccb54c7c-d652-4a32-8fba-bee4dbf2a7ee@group-F971E7EEC70F-LeaderElection50: begin an election at term 49 for -1: [de33c61e-1baa-412c-a678-1642e68dfdea:192.168.69.67:35710, 413e678e-a618-4c92-927e-441fcc799019:192.168.69.67:40351, ccb54c7c-d652-4a32-8fba-bee4dbf2a7ee:192.168.69.67:36515], old=null
2019-10-18 08:15:23,900 [grpc-default-executor-3] INFO  impl.RaftServerImpl (RaftServerImpl.java:setRole(184)) - de33c61e-1baa-412c-a678-1642e68dfdea@group-F971E7EEC70F: changes role from  FOLLOWER to FOLLOWER at term 49 for recognizeCandidate:ccb54c7c-d652-4a32-8fba-bee4dbf2a7ee
2019-10-18 08:15:23,900 [grpc-default-executor-3] INFO  impl.RoleInfo (RoleInfo.java:shutdownFollowerState(121)) - de33c61e-1baa-412c-a678-1642e68dfdea: shutdown FollowerState
2019-10-18 08:15:23,900 [grpc-default-executor-0] INFO  impl.RaftServerImpl (RaftServerImpl.java:setRole(184)) - 413e678e-a618-4c92-927e-441fcc799019@group-F971E7EEC70F: changes role from  FOLLOWER to FOLLOWER at term 49 for recognizeCandidate:ccb54c7c-d652-4a32-8fba-bee4dbf2a7ee
2019-10-18 08:15:23,900 [Thread-774] INFO  impl.FollowerState (FollowerState.java:run(117)) - de33c61e-1baa-412c-a678-1642e68dfdea@group-F971E7EEC70F-FollowerState was interrupted: java.lang.InterruptedException: sleep interrupted
2019-10-18 08:15:23,900 [grpc-default-executor-3] INFO  impl.RoleInfo (RoleInfo.java:updateAndGet(143)) - de33c61e-1baa-412c-a678-1642e68dfdea: start FollowerState
2019-10-18 08:15:23,900 [grpc-default-executor-0] INFO  impl.RoleInfo (RoleInfo.java:shutdownFollowerState(121)) - 413e678e-a618-4c92-927e-441fcc799019: shutdown FollowerState
2019-10-18 08:15:23,901 [grpc-default-executor-0] INFO  impl.RoleInfo (RoleInfo.java:updateAndGet(143)) - 413e678e-a618-4c92-927e-441fcc799019: start FollowerState
2019-10-18 08:15:23,901 [Thread-775] INFO  impl.FollowerState (FollowerState.java:run(117)) - 413e678e-a618-4c92-927e-441fcc799019@group-F971E7EEC70F-FollowerState was interrupted: java.lang.InterruptedException: sleep interrupted
2019-10-18 08:15:23,916 [ccb54c7c-d652-4a32-8fba-bee4dbf2a7ee@group-F971E7EEC70F-LeaderElection50] INFO  impl.LeaderElection (LeaderElection.java:logAndReturn(56)) - ccb54c7c-d652-4a32-8fba-bee4dbf2a7ee@group-F971E7EEC70F-LeaderElection50: Election REJECTED; received 2 response(s) [ccb54c7c-d652-4a32-8fba-bee4dbf2a7ee<-de33c61e-1baa-412c-a678-1642e68dfdea#0:FAIL-t49, ccb54c7c-d652-4a32-8fba-bee4dbf2a7ee<-413e678e-a618-4c92-927e-441fcc799019#0:FAIL-t49] and 0 exception(s); ccb54c7c-d652-4a32-8fba-bee4dbf2a7ee@group-F971E7EEC70F:t49, leader=null, voted=ccb54c7c-d652-4a32-8fba-bee4dbf2a7ee, raftlog=ccb54c7c-d652-4a32-8fba-bee4dbf2a7ee@group-F971E7EEC70F-SegmentedRaftLog:OPENED:c-1,f-1,i0, conf=-1: [de33c61e-1baa-412c-a678-1642e68dfdea:192.168.69.67:35710, 413e678e-a618-4c92-927e-441fcc799019:192.168.69.67:40351, ccb54c7c-d652-4a32-8fba-bee4dbf2a7ee:192.168.69.67:36515], old=null
2019-10-18 08:15:23,916 [ccb54c7c-d652-4a32-8fba-bee4dbf2a7ee@group-F971E7EEC70F-LeaderElection50] INFO  impl.RaftServerImpl (RaftServerImpl.java:setRole(184)) - ccb54c7c-d652-4a32-8fba-bee4dbf2a7ee@group-F971E7EEC70F: changes role from CANDIDATE to FOLLOWER at term 49 for DISCOVERED_A_NEW_TERM
2019-10-18 08:15:23,916 [ccb54c7c-d652-4a32-8fba-bee4dbf2a7ee@group-F971E7EEC70F-LeaderElection50] INFO  impl.RoleInfo (RoleInfo.java:shutdownLeaderElection(134)) - ccb54c7c-d652-4a32-8fba-bee4dbf2a7ee: shutdown LeaderElection
2019-10-18 08:15:23,916 [ccb54c7c-d652-4a32-8fba-bee4dbf2a7ee@group-F971E7EEC70F-LeaderElection50] INFO  impl.RoleInfo (RoleInfo.java:updateAndGet(143)) - ccb54c7c-d652-4a32-8fba-bee4dbf2a7ee: start FollowerState
2019-10-18 08:15:23,999 [Thread-782] INFO  impl.FollowerState (FollowerState.java:run(108)) - ccb54c7c-d652-4a32-8fba-bee4dbf2a7ee@group-F971E7EEC70F-FollowerState: change to CANDIDATE, lastRpcTime:82ms, electionTimeout:82ms
2019-10-18 08:15:23,999 [Thread-782] INFO  impl.RoleInfo (RoleInfo.java:shutdownFollowerState(121)) - ccb54c7c-d652-4a32-8fba-bee4dbf2a7ee: shutdown FollowerState
2019-10-18 08:15:23,999 [Thread-782] INFO  impl.RaftServerImpl (RaftServerImpl.java:setRole(184)) - ccb54c7c-d652-4a32-8fba-bee4dbf2a7ee@group-F971E7EEC70F: changes role from  FOLLOWER to CANDIDATE at term 49 for changeToCandidate
2019-10-18 08:15:23,999 [Thread-782] INFO  impl.RoleInfo (RoleInfo.java:updateAndGet(143)) - ccb54c7c-d652-4a32-8fba-bee4dbf2a7ee: start LeaderElection
2019-10-18 08:15:24,025 [ccb54c7c-d652-4a32-8fba-bee4dbf2a7ee@group-F971E7EEC70F-LeaderElection51] INFO  impl.LeaderElection (LeaderElection.java:askForVotes(178)) - ccb54c7c-d652-4a32-8fba-bee4dbf2a7ee@group-F971E7EEC70F-LeaderElection51: begin an election at term 50 for -1: [de33c61e-1baa-412c-a678-1642e68dfdea:192.168.69.67:35710, 413e678e-a618-4c92-927e-441fcc799019:192.168.69.67:40351, ccb54c7c-d652-4a32-8fba-bee4dbf2a7ee:192.168.69.67:36515], old=null
2019-10-18 08:15:24,028 [grpc-default-executor-3] INFO  impl.RaftServerImpl (RaftServerImpl.java:setRole(184)) - 413e678e-a618-4c92-927e-441fcc799019@group-F971E7EEC70F: changes role from  FOLLOWER to FOLLOWER at term 50 for recognizeCandidate:ccb54c7c-d652-4a32-8fba-bee4dbf2a7ee
2019-10-18 08:15:24,028 [grpc-default-executor-3] INFO  impl.RoleInfo (RoleInfo.java:shutdownFollowerState(121)) - 413e678e-a618-4c92-927e-441fcc799019: shutdown FollowerState
2019-10-18 08:15:24,028 [grpc-default-executor-0] INFO  impl.RaftServerImpl (RaftServerImpl.java:setRole(184)) - de33c61e-1baa-412c-a678-1642e68dfdea@group-F971E7EEC70F: changes role from  FOLLOWER to FOLLOWER at term 50 for recognizeCandidate:ccb54c7c-d652-4a32-8fba-bee4dbf2a7ee
2019-10-18 08:15:24,028 [Thread-781] INFO  impl.FollowerState (FollowerState.java:run(117)) - 413e678e-a618-4c92-927e-441fcc799019@group-F971E7EEC70F-FollowerState was interrupted: java.lang.InterruptedException: sleep interrupted
2019-10-18 08:15:24,028 [grpc-default-executor-3] INFO  impl.RoleInfo (RoleInfo.java:updateAndGet(143)) - 413e678e-a618-4c92-927e-441fcc799019: start FollowerState
2019-10-18 08:15:24,029 [grpc-default-executor-0] INFO  impl.RoleInfo (RoleInfo.java:shutdownFollowerState(121)) - de33c61e-1baa-412c-a678-1642e68dfdea: shutdown FollowerState
2019-10-18 08:15:24,029 [grpc-default-executor-0] INFO  impl.RoleInfo (RoleInfo.java:updateAndGet(143)) - de33c61e-1baa-412c-a678-1642e68dfdea: start FollowerState
2019-10-18 08:15:24,029 [Thread-780] INFO  impl.FollowerState (FollowerState.java:run(117)) - de33c61e-1baa-412c-a678-1642e68dfdea@group-F971E7EEC70F-FollowerState was interrupted: java.lang.InterruptedException: sleep interrupted
2019-10-18 08:15:24,048 [ccb54c7c-d652-4a32-8fba-bee4dbf2a7ee@group-F971E7EEC70F-LeaderElection51] INFO  impl.LeaderElection (LeaderElection.java:logAndReturn(56)) - ccb54c7c-d652-4a32-8fba-bee4dbf2a7ee@group-F971E7EEC70F-LeaderElection51: Election REJECTED; received 2 response(s) [ccb54c7c-d652-4a32-8fba-bee4dbf2a7ee<-de33c61e-1baa-412c-a678-1642e68dfdea#0:FAIL-t50, ccb54c7c-d652-4a32-8fba-bee4dbf2a7ee<-413e678e-a618-4c92-927e-441fcc799019#0:FAIL-t50] and 0 exception(s); ccb54c7c-d652-4a32-8fba-bee4dbf2a7ee@group-F971E7EEC70F:t50, leader=null, voted=ccb54c7c-d652-4a32-8fba-bee4dbf2a7ee, raftlog=ccb54c7c-d652-4a32-8fba-bee4dbf2a7ee@group-F971E7EEC70F-SegmentedRaftLog:OPENED:c-1,f-1,i0, conf=-1: [de33c61e-1baa-412c-a678-1642e68dfdea:192.168.69.67:35710, 413e678e-a618-4c92-927e-441fcc799019:192.168.69.67:40351, ccb54c7c-d652-4a32-8fba-bee4dbf2a7ee:192.168.69.67:36515], old=null
2019-10-18 08:15:24,048 [ccb54c7c-d652-4a32-8fba-bee4dbf2a7ee@group-F971E7EEC70F-LeaderElection51] INFO  impl.RaftServerImpl (RaftServerImpl.java:setRole(184)) - ccb54c7c-d652-4a32-8fba-bee4dbf2a7ee@group-F971E7EEC70F: changes role from CANDIDATE to FOLLOWER at term 50 for DISCOVERED_A_NEW_TERM
2019-10-18 08:15:24,048 [ccb54c7c-d652-4a32-8fba-bee4dbf2a7ee@group-F971E7EEC70F-LeaderElection51] INFO  impl.RoleInfo (RoleInfo.java:shutdownLeaderElection(134)) - ccb54c7c-d652-4a32-8fba-bee4dbf2a7ee: shutdown LeaderElection
2019-10-18 08:15:24,048 [ccb54c7c-d652-4a32-8fba-bee4dbf2a7ee@group-F971E7EEC70F-LeaderElection51] INFO  impl.RoleInfo (RoleInfo.java:updateAndGet(143)) - ccb54c7c-d652-4a32-8fba-bee4dbf2a7ee: start FollowerState
2019-10-18 08:15:24,236 [Thread-788] INFO  impl.FollowerState (FollowerState.java:run(108)) - ccb54c7c-d652-4a32-8fba-bee4dbf2a7ee@group-F971E7EEC70F-FollowerState: change to CANDIDATE, lastRpcTime:187ms, electionTimeout:187ms
2019-10-18 08:15:24,236 [Thread-788] INFO  impl.RoleInfo (RoleInfo.java:shutdownFollowerState(121)) - ccb54c7c-d652-4a32-8fba-bee4dbf2a7ee: shutdown FollowerState
2019-10-18 08:15:24,236 [Thread-788] INFO  impl.RaftServerImpl (RaftServerImpl.java:setRole(184)) - ccb54c7c-d652-4a32-8fba-bee4dbf2a7ee@group-F971E7EEC70F: changes role from  FOLLOWER to CANDIDATE at term 50 for changeToCandidate
2019-10-18 08:15:24,237 [Thread-788] INFO  impl.RoleInfo (RoleInfo.java:updateAndGet(143)) - ccb54c7c-d652-4a32-8fba-bee4dbf2a7ee: start LeaderElection
2019-10-18 08:15:24,251 [ccb54c7c-d652-4a32-8fba-bee4dbf2a7ee@group-F971E7EEC70F-LeaderElection52] INFO  impl.LeaderElection (LeaderElection.java:askForVotes(178)) - ccb54c7c-d652-4a32-8fba-bee4dbf2a7ee@group-F971E7EEC70F-LeaderElection52: begin an election at term 51 for -1: [de33c61e-1baa-412c-a678-1642e68dfdea:192.168.69.67:35710, 413e678e-a618-4c92-927e-441fcc799019:192.168.69.67:40351, ccb54c7c-d652-4a32-8fba-bee4dbf2a7ee:192.168.69.67:36515], old=null
2019-10-18 08:15:24,254 [grpc-default-executor-3] INFO  impl.RaftServerImpl (RaftServerImpl.java:setRole(184)) - de33c61e-1baa-412c-a678-1642e68dfdea@group-F971E7EEC70F: changes role from  FOLLOWER to FOLLOWER at term 51 for recognizeCandidate:ccb54c7c-d652-4a32-8fba-bee4dbf2a7ee
2019-10-18 08:15:24,254 [grpc-default-executor-0] INFO  impl.RaftServerImpl (RaftServerImpl.java:setRole(184)) - 413e678e-a618-4c92-927e-441fcc799019@group-F971E7EEC70F: changes role from  FOLLOWER to FOLLOWER at term 51 for recognizeCandidate:ccb54c7c-d652-4a32-8fba-bee4dbf2a7ee
2019-10-18 08:15:24,254 [grpc-default-executor-0] INFO  impl.RoleInfo (RoleInfo.java:shutdownFollowerState(121)) - 413e678e-a618-4c92-927e-441fcc799019: shutdown FollowerState
2019-10-18 08:15:24,254 [grpc-default-executor-3] INFO  impl.RoleInfo (RoleInfo.java:shutdownFollowerState(121)) - de33c61e-1baa-412c-a678-1642e68dfdea: shutdown FollowerState
2019-10-18 08:15:24,254 [Thread-786] INFO  impl.FollowerState (FollowerState.java:run(117)) - 413e678e-a618-4c92-927e-441fcc799019@group-F971E7EEC70F-FollowerState was interrupted: java.lang.InterruptedException: sleep interrupted
2019-10-18 08:15:24,254 [Thread-787] INFO  impl.FollowerState (FollowerState.java:run(117)) - de33c61e-1baa-412c-a678-1642e68dfdea@group-F971E7EEC70F-FollowerState was interrupted: java.lang.InterruptedException: sleep interrupted
2019-10-18 08:15:24,254 [grpc-default-executor-0] INFO  impl.RoleInfo (RoleInfo.java:updateAndGet(143)) - 413e678e-a618-4c92-927e-441fcc799019: start FollowerState
2019-10-18 08:15:24,254 [grpc-default-executor-3] INFO  impl.RoleInfo (RoleInfo.java:updateAndGet(143)) - de33c61e-1baa-412c-a678-1642e68dfdea: start FollowerState
2019-10-18 08:15:24,280 [ccb54c7c-d652-4a32-8fba-bee4dbf2a7ee@group-F971E7EEC70F-LeaderElection52] INFO  impl.LeaderElection (LeaderElection.java:logAndReturn(56)) - ccb54c7c-d652-4a32-8fba-bee4dbf2a7ee@group-F971E7EEC70F-LeaderElection52: Election REJECTED; received 2 response(s) [ccb54c7c-d652-4a32-8fba-bee4dbf2a7ee<-de33c61e-1baa-412c-a678-1642e68dfdea#0:FAIL-t51, ccb54c7c-d652-4a32-8fba-bee4dbf2a7ee<-413e678e-a618-4c92-927e-441fcc799019#0:FAIL-t51] and 0 exception(s); ccb54c7c-d652-4a32-8fba-bee4dbf2a7ee@group-F971E7EEC70F:t51, leader=null, voted=ccb54c7c-d652-4a32-8fba-bee4dbf2a7ee, raftlog=ccb54c7c-d652-4a32-8fba-bee4dbf2a7ee@group-F971E7EEC70F-SegmentedRaftLog:OPENED:c-1,f-1,i0, conf=-1: [de33c61e-1baa-412c-a678-1642e68dfdea:192.168.69.67:35710, 413e678e-a618-4c92-927e-441fcc799019:192.168.69.67:40351, ccb54c7c-d652-4a32-8fba-bee4dbf2a7ee:192.168.69.67:36515], old=null
2019-10-18 08:15:24,280 [ccb54c7c-d652-4a32-8fba-bee4dbf2a7ee@group-F971E7EEC70F-LeaderElection52] INFO  impl.RaftServerImpl (RaftServerImpl.java:setRole(184)) - ccb54c7c-d652-4a32-8fba-bee4dbf2a7ee@group-F971E7EEC70F: changes role from CANDIDATE to FOLLOWER at term 51 for DISCOVERED_A_NEW_TERM
2019-10-18 08:15:24,281 [ccb54c7c-d652-4a32-8fba-bee4dbf2a7ee@group-F971E7EEC70F-LeaderElection52] INFO  impl.RoleInfo (RoleInfo.java:shutdownLeaderElection(134)) - ccb54c7c-d652-4a32-8fba-bee4dbf2a7ee: shutdown LeaderElection
2019-10-18 08:15:24,281 [ccb54c7c-d652-4a32-8fba-bee4dbf2a7ee@group-F971E7EEC70F-LeaderElection52] INFO  impl.RoleInfo (RoleInfo.java:updateAndGet(143)) - ccb54c7c-d652-4a32-8fba-bee4dbf2a7ee: start FollowerState
2019-10-18 08:15:24,463 [Thread-794] INFO  impl.FollowerState (FollowerState.java:run(108)) - ccb54c7c-d652-4a32-8fba-bee4dbf2a7ee@group-F971E7EEC70F-FollowerState: change to CANDIDATE, lastRpcTime:182ms, electionTimeout:182ms
2019-10-18 08:15:24,464 [Thread-794] INFO  impl.RoleInfo (RoleInfo.java:shutdownFollowerState(121)) - ccb54c7c-d652-4a32-8fba-bee4dbf2a7ee: shutdown FollowerState
2019-10-18 08:15:24,464 [Thread-794] INFO  impl.RaftServerImpl (RaftServerImpl.java:setRole(184)) - ccb54c7c-d652-4a32-8fba-bee4dbf2a7ee@group-F971E7EEC70F: changes role from  FOLLOWER to CANDIDATE at term 51 for changeToCandidate
2019-10-18 08:15:24,464 [Thread-794] INFO  impl.RoleInfo (RoleInfo.java:updateAndGet(143)) - ccb54c7c-d652-4a32-8fba-bee4dbf2a7ee: start LeaderElection
2019-10-18 08:15:24,489 [ccb54c7c-d652-4a32-8fba-bee4dbf2a7ee@group-F971E7EEC70F-LeaderElection53] INFO  impl.LeaderElection (LeaderElection.java:askForVotes(178)) - ccb54c7c-d652-4a32-8fba-bee4dbf2a7ee@group-F971E7EEC70F-LeaderElection53: begin an election at term 52 for -1: [de33c61e-1baa-412c-a678-1642e68dfdea:192.168.69.67:35710, 413e678e-a618-4c92-927e-441fcc799019:192.168.69.67:40351, ccb54c7c-d652-4a32-8fba-bee4dbf2a7ee:192.168.69.67:36515], old=null
2019-10-18 08:15:24,492 [grpc-default-executor-3] INFO  impl.RaftServerImpl (RaftServerImpl.java:setRole(184)) - 413e678e-a618-4c92-927e-441fcc799019@group-F971E7EEC70F: changes role from  FOLLOWER to FOLLOWER at term 52 for recognizeCandidate:ccb54c7c-d652-4a32-8fba-bee4dbf2a7ee
2019-10-18 08:15:24,492 [grpc-default-executor-0] INFO  impl.RaftServerImpl (RaftServerImpl.java:setRole(184)) - de33c61e-1baa-412c-a678-1642e68dfdea@group-F971E7EEC70F: changes role from  FOLLOWER to FOLLOWER at term 52 for recognizeCandidate:ccb54c7c-d652-4a32-8fba-bee4dbf2a7ee
2019-10-18 08:15:24,493 [grpc-default-executor-3] INFO  impl.RoleInfo (RoleInfo.java:shutdownFollowerState(121)) - 413e678e-a618-4c92-927e-441fcc799019: shutdown FollowerState
2019-10-18 08:15:24,493 [grpc-default-executor-0] INFO  impl.RoleInfo (RoleInfo.java:shutdownFollowerState(121)) - de33c61e-1baa-412c-a678-1642e68dfdea: shutdown FollowerState
2019-10-18 08:15:24,493 [Thread-792] INFO  impl.FollowerState (FollowerState.java:run(117)) - 413e678e-a618-4c92-927e-441fcc799019@group-F971E7EEC70F-FollowerState was interrupted: java.lang.InterruptedException: sleep interrupted
2019-10-18 08:15:24,493 [grpc-default-executor-3] INFO  impl.RoleInfo (RoleInfo.java:updateAndGet(143)) - 413e678e-a618-4c92-927e-441fcc799019: start FollowerState
2019-10-18 08:15:24,493 [Thread-793] INFO  impl.FollowerState (FollowerState.java:run(117)) - de33c61e-1baa-412c-a678-1642e68dfdea@group-F971E7EEC70F-FollowerState was interrupted: java.lang.InterruptedException: sleep interrupted
2019-10-18 08:15:24,493 [grpc-default-executor-0] INFO  impl.RoleInfo (RoleInfo.java:updateAndGet(143)) - de33c61e-1baa-412c-a678-1642e68dfdea: start FollowerState
2019-10-18 08:15:24,521 [ccb54c7c-d652-4a32-8fba-bee4dbf2a7ee@group-F971E7EEC70F-LeaderElection53] INFO  impl.LeaderElection (LeaderElection.java:logAndReturn(56)) - ccb54c7c-d652-4a32-8fba-bee4dbf2a7ee@group-F971E7EEC70F-LeaderElection53: Election REJECTED; received 2 response(s) [ccb54c7c-d652-4a32-8fba-bee4dbf2a7ee<-de33c61e-1baa-412c-a678-1642e68dfdea#0:FAIL-t52, ccb54c7c-d652-4a32-8fba-bee4dbf2a7ee<-413e678e-a618-4c92-927e-441fcc799019#0:FAIL-t52] and 0 exception(s); ccb54c7c-d652-4a32-8fba-bee4dbf2a7ee@group-F971E7EEC70F:t52, leader=null, voted=ccb54c7c-d652-4a32-8fba-bee4dbf2a7ee, raftlog=ccb54c7c-d652-4a32-8fba-bee4dbf2a7ee@group-F971E7EEC70F-SegmentedRaftLog:OPENED:c-1,f-1,i0, conf=-1: [de33c61e-1baa-412c-a678-1642e68dfdea:192.168.69.67:35710, 413e678e-a618-4c92-927e-441fcc799019:192.168.69.67:40351, ccb54c7c-d652-4a32-8fba-bee4dbf2a7ee:192.168.69.67:36515], old=null
2019-10-18 08:15:24,521 [ccb54c7c-d652-4a32-8fba-bee4dbf2a7ee@group-F971E7EEC70F-LeaderElection53] INFO  impl.RaftServerImpl (RaftServerImpl.java:setRole(184)) - ccb54c7c-d652-4a32-8fba-bee4dbf2a7ee@group-F971E7EEC70F: changes role from CANDIDATE to FOLLOWER at term 52 for DISCOVERED_A_NEW_TERM
2019-10-18 08:15:24,521 [ccb54c7c-d652-4a32-8fba-bee4dbf2a7ee@group-F971E7EEC70F-LeaderElection53] INFO  impl.RoleInfo (RoleInfo.java:shutdownLeaderElection(134)) - ccb54c7c-d652-4a32-8fba-bee4dbf2a7ee: shutdown LeaderElection
2019-10-18 08:15:24,521 [ccb54c7c-d652-4a32-8fba-bee4dbf2a7ee@group-F971E7EEC70F-LeaderElection53] INFO  impl.RoleInfo (RoleInfo.java:updateAndGet(143)) - ccb54c7c-d652-4a32-8fba-bee4dbf2a7ee: start FollowerState
2019-10-18 08:15:24,709 [Thread-800] INFO  impl.FollowerState (FollowerState.java:run(108)) - ccb54c7c-d652-4a32-8fba-bee4dbf2a7ee@group-F971E7EEC70F-FollowerState: change to CANDIDATE, lastRpcTime:187ms, electionTimeout:187ms
2019-10-18 08:15:24,709 [Thread-800] INFO  impl.RoleInfo (RoleInfo.java:shutdownFollowerState(121)) - ccb54c7c-d652-4a32-8fba-bee4dbf2a7ee: shutdown FollowerState
2019-10-18 08:15:24,709 [Thread-800] INFO  impl.RaftServerImpl (RaftServerImpl.java:setRole(184)) - ccb54c7c-d652-4a32-8fba-bee4dbf2a7ee@group-F971E7EEC70F: changes role from  FOLLOWER to CANDIDATE at term 52 for changeToCandidate
2019-10-18 08:15:24,709 [Thread-800] INFO  impl.RoleInfo (RoleInfo.java:updateAndGet(143)) - ccb54c7c-d652-4a32-8fba-bee4dbf2a7ee: start LeaderElection
2019-10-18 08:15:24,723 [ccb54c7c-d652-4a32-8fba-bee4dbf2a7ee@group-F971E7EEC70F-LeaderElection54] INFO  impl.LeaderElection (LeaderElection.java:askForVotes(178)) - ccb54c7c-d652-4a32-8fba-bee4dbf2a7ee@group-F971E7EEC70F-LeaderElection54: begin an election at term 53 for -1: [de33c61e-1baa-412c-a678-1642e68dfdea:192.168.69.67:35710, 413e678e-a618-4c92-927e-441fcc799019:192.168.69.67:40351, ccb54c7c-d652-4a32-8fba-bee4dbf2a7ee:192.168.69.67:36515], old=null
2019-10-18 08:15:24,726 [grpc-default-executor-0] INFO  impl.RaftServerImpl (RaftServerImpl.java:setRole(184)) - de33c61e-1baa-412c-a678-1642e68dfdea@group-F971E7EEC70F: changes role from  FOLLOWER to FOLLOWER at term 53 for recognizeCandidate:ccb54c7c-d652-4a32-8fba-bee4dbf2a7ee
2019-10-18 08:15:24,726 [grpc-default-executor-3] INFO  impl.RaftServerImpl (RaftServerImpl.java:setRole(184)) - 413e678e-a618-4c92-927e-441fcc799019@group-F971E7EEC70F: changes role from  FOLLOWER to FOLLOWER at term 53 for recognizeCandidate:ccb54c7c-d652-4a32-8fba-bee4dbf2a7ee
2019-10-18 08:15:24,726 [grpc-default-executor-0] INFO  impl.RoleInfo (RoleInfo.java:shutdownFollowerState(121)) - de33c61e-1baa-412c-a678-1642e68dfdea: shutdown FollowerState
2019-10-18 08:15:24,727 [grpc-default-executor-3] INFO  impl.RoleInfo (RoleInfo.java:shutdownFollowerState(121)) - 413e678e-a618-4c92-927e-441fcc799019: shutdown FollowerState
2019-10-18 08:15:24,727 [Thread-799] INFO  impl.FollowerState (FollowerState.java:run(117)) - de33c61e-1baa-412c-a678-1642e68dfdea@group-F971E7EEC70F-FollowerState was interrupted: java.lang.InterruptedException: sleep interrupted
2019-10-18 08:15:24,727 [grpc-default-executor-0] INFO  impl.RoleInfo (RoleInfo.java:updateAndGet(143)) - de33c61e-1baa-412c-a678-1642e68dfdea: start FollowerState
2019-10-18 08:15:24,727 [grpc-default-executor-3] INFO  impl.RoleInfo (RoleInfo.java:updateAndGet(143)) - 413e678e-a618-4c92-927e-441fcc799019: start FollowerState
2019-10-18 08:15:24,727 [Thread-798] INFO  impl.FollowerState (FollowerState.java:run(117)) - 413e678e-a618-4c92-927e-441fcc799019@group-F971E7EEC70F-FollowerState was interrupted: java.lang.InterruptedException: sleep interrupted
2019-10-18 08:15:24,742 [ccb54c7c-d652-4a32-8fba-bee4dbf2a7ee@group-F971E7EEC70F-LeaderElection54] INFO  impl.LeaderElection (LeaderElection.java:logAndReturn(56)) - ccb54c7c-d652-4a32-8fba-bee4dbf2a7ee@group-F971E7EEC70F-LeaderElection54: Election REJECTED; received 2 response(s) [ccb54c7c-d652-4a32-8fba-bee4dbf2a7ee<-de33c61e-1baa-412c-a678-1642e68dfdea#0:FAIL-t53, ccb54c7c-d652-4a32-8fba-bee4dbf2a7ee<-413e678e-a618-4c92-927e-441fcc799019#0:FAIL-t53] and 0 exception(s); ccb54c7c-d652-4a32-8fba-bee4dbf2a7ee@group-F971E7EEC70F:t53, leader=null, voted=ccb54c7c-d652-4a32-8fba-bee4dbf2a7ee, raftlog=ccb54c7c-d652-4a32-8fba-bee4dbf2a7ee@group-F971E7EEC70F-SegmentedRaftLog:OPENED:c-1,f-1,i0, conf=-1: [de33c61e-1baa-412c-a678-1642e68dfdea:192.168.69.67:35710, 413e678e-a618-4c92-927e-441fcc799019:192.168.69.67:40351, ccb54c7c-d652-4a32-8fba-bee4dbf2a7ee:192.168.69.67:36515], old=null
2019-10-18 08:15:24,742 [ccb54c7c-d652-4a32-8fba-bee4dbf2a7ee@group-F971E7EEC70F-LeaderElection54] INFO  impl.RaftServerImpl (RaftServerImpl.java:setRole(184)) - ccb54c7c-d652-4a32-8fba-bee4dbf2a7ee@group-F971E7EEC70F: changes role from CANDIDATE to FOLLOWER at term 53 for DISCOVERED_A_NEW_TERM
2019-10-18 08:15:24,743 [ccb54c7c-d652-4a32-8fba-bee4dbf2a7ee@group-F971E7EEC70F-LeaderElection54] INFO  impl.RoleInfo (RoleInfo.java:shutdownLeaderElection(134)) - ccb54c7c-d652-4a32-8fba-bee4dbf2a7ee: shutdown LeaderElection
2019-10-18 08:15:24,743 [ccb54c7c-d652-4a32-8fba-bee4dbf2a7ee@group-F971E7EEC70F-LeaderElection54] INFO  impl.RoleInfo (RoleInfo.java:updateAndGet(143)) - ccb54c7c-d652-4a32-8fba-bee4dbf2a7ee: start FollowerState
2019-10-18 08:15:24,887 [Thread-806] INFO  impl.FollowerState (FollowerState.java:run(108)) - ccb54c7c-d652-4a32-8fba-bee4dbf2a7ee@group-F971E7EEC70F-FollowerState: change to CANDIDATE, lastRpcTime:144ms, electionTimeout:144ms
2019-10-18 08:15:24,887 [Thread-806] INFO  impl.RoleInfo (RoleInfo.java:shutdownFollowerState(121)) - ccb54c7c-d652-4a32-8fba-bee4dbf2a7ee: shutdown FollowerState
2019-10-18 08:15:24,888 [Thread-806] INFO  impl.RaftServerImpl (RaftServerImpl.java:setRole(184)) - ccb54c7c-d652-4a32-8fba-bee4dbf2a7ee@group-F971E7EEC70F: changes role from  FOLLOWER to CANDIDATE at term 53 for changeToCandidate
2019-10-18 08:15:24,888 [Thread-806] INFO  impl.RoleInfo (RoleInfo.java:updateAndGet(143)) - ccb54c7c-d652-4a32-8fba-bee4dbf2a7ee: start LeaderElection
2019-10-18 08:15:24,902 [ccb54c7c-d652-4a32-8fba-bee4dbf2a7ee@group-F971E7EEC70F-LeaderElection55] INFO  impl.LeaderElection (LeaderElection.java:askForVotes(178)) - ccb54c7c-d652-4a32-8fba-bee4dbf2a7ee@group-F971E7EEC70F-LeaderElection55: begin an election at term 54 for -1: [de33c61e-1baa-412c-a678-1642e68dfdea:192.168.69.67:35710, 413e678e-a618-4c92-927e-441fcc799019:192.168.69.67:40351, ccb54c7c-d652-4a32-8fba-bee4dbf2a7ee:192.168.69.67:36515], old=null
2019-10-18 08:15:24,906 [grpc-default-executor-3] INFO  impl.RaftServerImpl (RaftServerImpl.java:setRole(184)) - 413e678e-a618-4c92-927e-441fcc799019@group-F971E7EEC70F: changes role from  FOLLOWER to FOLLOWER at term 54 for recognizeCandidate:ccb54c7c-d652-4a32-8fba-bee4dbf2a7ee
2019-10-18 08:15:24,906 [grpc-default-executor-0] INFO  impl.RaftServerImpl (RaftServerImpl.java:setRole(184)) - de33c61e-1baa-412c-a678-1642e68dfdea@group-F971E7EEC70F: changes role from  FOLLOWER to FOLLOWER at term 54 for recognizeCandidate:ccb54c7c-d652-4a32-8fba-bee4dbf2a7ee
2019-10-18 08:15:24,906 [grpc-default-executor-3] INFO  impl.RoleInfo (RoleInfo.java:shutdownFollowerState(121)) - 413e678e-a618-4c92-927e-441fcc799019: shutdown FollowerState
2019-10-18 08:15:24,907 [grpc-default-executor-0] INFO  impl.RoleInfo (RoleInfo.java:shutdownFollowerState(121)) - de33c61e-1baa-412c-a678-1642e68dfdea: shutdown FollowerState
2019-10-18 08:15:24,907 [Thread-805] INFO  impl.FollowerState (FollowerState.java:run(117)) - 413e678e-a618-4c92-927e-441fcc799019@group-F971E7EEC70F-FollowerState was interrupted: java.lang.InterruptedException: sleep interrupted
2019-10-18 08:15:24,907 [grpc-default-executor-3] INFO  impl.RoleInfo (RoleInfo.java:updateAndGet(143)) - 413e678e-a618-4c92-927e-441fcc799019: start FollowerState
2019-10-18 08:15:24,907 [Thread-804] INFO  impl.FollowerState (FollowerState.java:run(117)) - de33c61e-1baa-412c-a678-1642e68dfdea@group-F971E7EEC70F-FollowerState was interrupted: java.lang.InterruptedException: sleep interrupted
2019-10-18 08:15:24,907 [grpc-default-executor-0] INFO  impl.RoleInfo (RoleInfo.java:updateAndGet(143)) - de33c61e-1baa-412c-a678-1642e68dfdea: start FollowerState
2019-10-18 08:15:24,923 [ccb54c7c-d652-4a32-8fba-bee4dbf2a7ee@group-F971E7EEC70F-LeaderElection55] INFO  impl.LeaderElection (LeaderElection.java:logAndReturn(56)) - ccb54c7c-d652-4a32-8fba-bee4dbf2a7ee@group-F971E7EEC70F-LeaderElection55: Election REJECTED; received 2 response(s) [ccb54c7c-d652-4a32-8fba-bee4dbf2a7ee<-de33c61e-1baa-412c-a678-1642e68dfdea#0:FAIL-t54, ccb54c7c-d652-4a32-8fba-bee4dbf2a7ee<-413e678e-a618-4c92-927e-441fcc799019#0:FAIL-t54] and 0 exception(s); ccb54c7c-d652-4a32-8fba-bee4dbf2a7ee@group-F971E7EEC70F:t54, leader=null, voted=ccb54c7c-d652-4a32-8fba-bee4dbf2a7ee, raftlog=ccb54c7c-d652-4a32-8fba-bee4dbf2a7ee@group-F971E7EEC70F-SegmentedRaftLog:OPENED:c-1,f-1,i0, conf=-1: [de33c61e-1baa-412c-a678-1642e68dfdea:192.168.69.67:35710, 413e678e-a618-4c92-927e-441fcc799019:192.168.69.67:40351, ccb54c7c-d652-4a32-8fba-bee4dbf2a7ee:192.168.69.67:36515], old=null
2019-10-18 08:15:24,924 [ccb54c7c-d652-4a32-8fba-bee4dbf2a7ee@group-F971E7EEC70F-LeaderElection55] INFO  impl.RaftServerImpl (RaftServerImpl.java:setRole(184)) - ccb54c7c-d652-4a32-8fba-bee4dbf2a7ee@group-F971E7EEC70F: changes role from CANDIDATE to FOLLOWER at term 54 for DISCOVERED_A_NEW_TERM
2019-10-18 08:15:24,924 [ccb54c7c-d652-4a32-8fba-bee4dbf2a7ee@group-F971E7EEC70F-LeaderElection55] INFO  impl.RoleInfo (RoleInfo.java:shutdownLeaderElection(134)) - ccb54c7c-d652-4a32-8fba-bee4dbf2a7ee: shutdown LeaderElection
2019-10-18 08:15:24,924 [ccb54c7c-d652-4a32-8fba-bee4dbf2a7ee@group-F971E7EEC70F-LeaderElection55] INFO  impl.RoleInfo (RoleInfo.java:updateAndGet(143)) - ccb54c7c-d652-4a32-8fba-bee4dbf2a7ee: start FollowerState
2019-10-18 08:15:24,947 [Thread-812] INFO  impl.FollowerState (FollowerState.java:run(108)) - ccb54c7c-d652-4a32-8fba-bee4dbf2a7ee@group-F971E7EEC70F-FollowerState: change to CANDIDATE, lastRpcTime:23ms, electionTimeout:23ms
2019-10-18 08:15:24,948 [Thread-812] INFO  impl.RoleInfo (RoleInfo.java:shutdownFollowerState(121)) - ccb54c7c-d652-4a32-8fba-bee4dbf2a7ee: shutdown FollowerState
2019-10-18 08:15:24,948 [Thread-812] INFO  impl.RaftServerImpl (RaftServerImpl.java:setRole(184)) - ccb54c7c-d652-4a32-8fba-bee4dbf2a7ee@group-F971E7EEC70F: changes role from  FOLLOWER to CANDIDATE at term 54 for changeToCandidate
2019-10-18 08:15:24,948 [Thread-812] INFO  impl.RoleInfo (RoleInfo.java:updateAndGet(143)) - ccb54c7c-d652-4a32-8fba-bee4dbf2a7ee: start LeaderElection
2019-10-18 08:15:24,961 [ccb54c7c-d652-4a32-8fba-bee4dbf2a7ee@group-F971E7EEC70F-LeaderElection56] INFO  impl.LeaderElection (LeaderElection.java:askForVotes(178)) - ccb54c7c-d652-4a32-8fba-bee4dbf2a7ee@group-F971E7EEC70F-LeaderElection56: begin an election at term 55 for -1: [de33c61e-1baa-412c-a678-1642e68dfdea:192.168.69.67:35710, 413e678e-a618-4c92-927e-441fcc799019:192.168.69.67:40351, ccb54c7c-d652-4a32-8fba-bee4dbf2a7ee:192.168.69.67:36515], old=null
2019-10-18 08:15:24,964 [grpc-default-executor-3] INFO  impl.RaftServerImpl (RaftServerImpl.java:setRole(184)) - 413e678e-a618-4c92-927e-441fcc799019@group-F971E7EEC70F: changes role from  FOLLOWER to FOLLOWER at term 55 for recognizeCandidate:ccb54c7c-d652-4a32-8fba-bee4dbf2a7ee
2019-10-18 08:15:24,964 [grpc-default-executor-3] INFO  impl.RoleInfo (RoleInfo.java:shutdownFollowerState(121)) - 413e678e-a618-4c92-927e-441fcc799019: shutdown FollowerState
2019-10-18 08:15:24,965 [grpc-default-executor-0] INFO  impl.RaftServerImpl (RaftServerImpl.java:setRole(184)) - de33c61e-1baa-412c-a678-1642e68dfdea@group-F971E7EEC70F: changes role from  FOLLOWER to FOLLOWER at term 55 for recognizeCandidate:ccb54c7c-d652-4a32-8fba-bee4dbf2a7ee
2019-10-18 08:15:24,965 [Thread-810] INFO  impl.FollowerState (FollowerState.java:run(117)) - 413e678e-a618-4c92-927e-441fcc799019@group-F971E7EEC70F-FollowerState was interrupted: java.lang.InterruptedException: sleep interrupted
2019-10-18 08:15:24,965 [grpc-default-executor-3] INFO  impl.RoleInfo (RoleInfo.java:updateAndGet(143)) - 413e678e-a618-4c92-927e-441fcc799019: start FollowerState
2019-10-18 08:15:24,965 [grpc-default-executor-0] INFO  impl.RoleInfo (RoleInfo.java:shutdownFollowerState(121)) - de33c61e-1baa-412c-a678-1642e68dfdea: shutdown FollowerState
2019-10-18 08:15:24,965 [grpc-default-executor-0] INFO  impl.RoleInfo (RoleInfo.java:updateAndGet(143)) - de33c61e-1baa-412c-a678-1642e68dfdea: start FollowerState
2019-10-18 08:15:24,965 [Thread-811] INFO  impl.FollowerState (FollowerState.java:run(117)) - de33c61e-1baa-412c-a678-1642e68dfdea@group-F971E7EEC70F-FollowerState was interrupted: java.lang.InterruptedException: sleep interrupted
2019-10-18 08:15:24,991 [ccb54c7c-d652-4a32-8fba-bee4dbf2a7ee@group-F971E7EEC70F-LeaderElection56] INFO  impl.LeaderElection (LeaderElection.java:logAndReturn(56)) - ccb54c7c-d652-4a32-8fba-bee4dbf2a7ee@group-F971E7EEC70F-LeaderElection56: Election REJECTED; received 2 response(s) [ccb54c7c-d652-4a32-8fba-bee4dbf2a7ee<-de33c61e-1baa-412c-a678-1642e68dfdea#0:FAIL-t55, ccb54c7c-d652-4a32-8fba-bee4dbf2a7ee<-413e678e-a618-4c92-927e-441fcc799019#0:FAIL-t55] and 0 exception(s); ccb54c7c-d652-4a32-8fba-bee4dbf2a7ee@group-F971E7EEC70F:t55, leader=null, voted=ccb54c7c-d652-4a32-8fba-bee4dbf2a7ee, raftlog=ccb54c7c-d652-4a32-8fba-bee4dbf2a7ee@group-F971E7EEC70F-SegmentedRaftLog:OPENED:c-1,f-1,i0, conf=-1: [de33c61e-1baa-412c-a678-1642e68dfdea:192.168.69.67:35710, 413e678e-a618-4c92-927e-441fcc799019:192.168.69.67:40351, ccb54c7c-d652-4a32-8fba-bee4dbf2a7ee:192.168.69.67:36515], old=null
2019-10-18 08:15:24,992 [ccb54c7c-d652-4a32-8fba-bee4dbf2a7ee@group-F971E7EEC70F-LeaderElection56] INFO  impl.RaftServerImpl (RaftServerImpl.java:setRole(184)) - ccb54c7c-d652-4a32-8fba-bee4dbf2a7ee@group-F971E7EEC70F: changes role from CANDIDATE to FOLLOWER at term 55 for DISCOVERED_A_NEW_TERM
2019-10-18 08:15:24,992 [ccb54c7c-d652-4a32-8fba-bee4dbf2a7ee@group-F971E7EEC70F-LeaderElection56] INFO  impl.RoleInfo (RoleInfo.java:shutdownLeaderElection(134)) - ccb54c7c-d652-4a32-8fba-bee4dbf2a7ee: shutdown LeaderElection
2019-10-18 08:15:24,992 [ccb54c7c-d652-4a32-8fba-bee4dbf2a7ee@group-F971E7EEC70F-LeaderElection56] INFO  impl.RoleInfo (RoleInfo.java:updateAndGet(143)) - ccb54c7c-d652-4a32-8fba-bee4dbf2a7ee: start FollowerState
2019-10-18 08:15:25,019 [Thread-818] INFO  impl.FollowerState (FollowerState.java:run(108)) - ccb54c7c-d652-4a32-8fba-bee4dbf2a7ee@group-F971E7EEC70F-FollowerState: change to CANDIDATE, lastRpcTime:27ms, electionTimeout:27ms
2019-10-18 08:15:25,020 [Thread-818] INFO  impl.RoleInfo (RoleInfo.java:shutdownFollowerState(121)) - ccb54c7c-d652-4a32-8fba-bee4dbf2a7ee: shutdown FollowerState
2019-10-18 08:15:25,020 [Thread-818] INFO  impl.RaftServerImpl (RaftServerImpl.java:setRole(184)) - ccb54c7c-d652-4a32-8fba-bee4dbf2a7ee@group-F971E7EEC70F: changes role from  FOLLOWER to CANDIDATE at term 55 for changeToCandidate
2019-10-18 08:15:25,020 [Thread-818] INFO  impl.RoleInfo (RoleInfo.java:updateAndGet(143)) - ccb54c7c-d652-4a32-8fba-bee4dbf2a7ee: start LeaderElection
2019-10-18 08:15:25,034 [ccb54c7c-d652-4a32-8fba-bee4dbf2a7ee@group-F971E7EEC70F-LeaderElection57] INFO  impl.LeaderElection (LeaderElection.java:askForVotes(178)) - ccb54c7c-d652-4a32-8fba-bee4dbf2a7ee@group-F971E7EEC70F-LeaderElection57: begin an election at term 56 for -1: [de33c61e-1baa-412c-a678-1642e68dfdea:192.168.69.67:35710, 413e678e-a618-4c92-927e-441fcc799019:192.168.69.67:40351, ccb54c7c-d652-4a32-8fba-bee4dbf2a7ee:192.168.69.67:36515], old=null
2019-10-18 08:15:25,037 [grpc-default-executor-3] INFO  impl.RaftServerImpl (RaftServerImpl.java:setRole(184)) - de33c61e-1baa-412c-a678-1642e68dfdea@group-F971E7EEC70F: changes role from  FOLLOWER to FOLLOWER at term 56 for recognizeCandidate:ccb54c7c-d652-4a32-8fba-bee4dbf2a7ee
2019-10-18 08:15:25,037 [grpc-default-executor-3] INFO  impl.RoleInfo (RoleInfo.java:shutdownFollowerState(121)) - de33c61e-1baa-412c-a678-1642e68dfdea: shutdown FollowerState
2019-10-18 08:15:25,037 [grpc-default-executor-0] INFO  impl.RaftServerImpl (RaftServerImpl.java:setRole(184)) - 413e678e-a618-4c92-927e-441fcc799019@group-F971E7EEC70F: changes role from  FOLLOWER to FOLLOWER at term 56 for recognizeCandidate:ccb54c7c-d652-4a32-8fba-bee4dbf2a7ee
2019-10-18 08:15:25,037 [Thread-817] INFO  impl.FollowerState (FollowerState.java:run(117)) - de33c61e-1baa-412c-a678-1642e68dfdea@group-F971E7EEC70F-FollowerState was interrupted: java.lang.InterruptedException: sleep interrupted
2019-10-18 08:15:25,037 [grpc-default-executor-3] INFO  impl.RoleInfo (RoleInfo.java:updateAndGet(143)) - de33c61e-1baa-412c-a678-1642e68dfdea: start FollowerState
2019-10-18 08:15:25,037 [grpc-default-executor-0] INFO  impl.RoleInfo (RoleInfo.java:shutdownFollowerState(121)) - 413e678e-a618-4c92-927e-441fcc799019: shutdown FollowerState
2019-10-18 08:15:25,037 [grpc-default-executor-0] INFO  impl.RoleInfo (RoleInfo.java:updateAndGet(143)) - 413e678e-a618-4c92-927e-441fcc799019: start FollowerState
2019-10-18 08:15:25,037 [Thread-816] INFO  impl.FollowerState (FollowerState.java:run(117)) - 413e678e-a618-4c92-927e-441fcc799019@group-F971E7EEC70F-FollowerState was interrupted: java.lang.InterruptedException: sleep interrupted
2019-10-18 08:15:25,052 [ccb54c7c-d652-4a32-8fba-bee4dbf2a7ee@group-F971E7EEC70F-LeaderElection57] INFO  impl.LeaderElection (LeaderElection.java:logAndReturn(56)) - ccb54c7c-d652-4a32-8fba-bee4dbf2a7ee@group-F971E7EEC70F-LeaderElection57: Election REJECTED; received 2 response(s) [ccb54c7c-d652-4a32-8fba-bee4dbf2a7ee<-de33c61e-1baa-412c-a678-1642e68dfdea#0:FAIL-t56, ccb54c7c-d652-4a32-8fba-bee4dbf2a7ee<-413e678e-a618-4c92-927e-441fcc799019#0:FAIL-t56] and 0 exception(s); ccb54c7c-d652-4a32-8fba-bee4dbf2a7ee@group-F971E7EEC70F:t56, leader=null, voted=ccb54c7c-d652-4a32-8fba-bee4dbf2a7ee, raftlog=ccb54c7c-d652-4a32-8fba-bee4dbf2a7ee@group-F971E7EEC70F-SegmentedRaftLog:OPENED:c-1,f-1,i0, conf=-1: [de33c61e-1baa-412c-a678-1642e68dfdea:192.168.69.67:35710, 413e678e-a618-4c92-927e-441fcc799019:192.168.69.67:40351, ccb54c7c-d652-4a32-8fba-bee4dbf2a7ee:192.168.69.67:36515], old=null
2019-10-18 08:15:25,052 [ccb54c7c-d652-4a32-8fba-bee4dbf2a7ee@group-F971E7EEC70F-LeaderElection57] INFO  impl.RaftServerImpl (RaftServerImpl.java:setRole(184)) - ccb54c7c-d652-4a32-8fba-bee4dbf2a7ee@group-F971E7EEC70F: changes role from CANDIDATE to FOLLOWER at term 56 for DISCOVERED_A_NEW_TERM
2019-10-18 08:15:25,052 [ccb54c7c-d652-4a32-8fba-bee4dbf2a7ee@group-F971E7EEC70F-LeaderElection57] INFO  impl.RoleInfo (RoleInfo.java:shutdownLeaderElection(134)) - ccb54c7c-d652-4a32-8fba-bee4dbf2a7ee: shutdown LeaderElection
2019-10-18 08:15:25,053 [ccb54c7c-d652-4a32-8fba-bee4dbf2a7ee@group-F971E7EEC70F-LeaderElection57] INFO  impl.RoleInfo (RoleInfo.java:updateAndGet(143)) - ccb54c7c-d652-4a32-8fba-bee4dbf2a7ee: start FollowerState
2019-10-18 08:15:25,098 [Thread-824] INFO  impl.FollowerState (FollowerState.java:run(108)) - ccb54c7c-d652-4a32-8fba-bee4dbf2a7ee@group-F971E7EEC70F-FollowerState: change to CANDIDATE, lastRpcTime:45ms, electionTimeout:45ms
2019-10-18 08:15:25,098 [Thread-824] INFO  impl.RoleInfo (RoleInfo.java:shutdownFollowerState(121)) - ccb54c7c-d652-4a32-8fba-bee4dbf2a7ee: shutdown FollowerState
2019-10-18 08:15:25,098 [Thread-824] INFO  impl.RaftServerImpl (RaftServerImpl.java:setRole(184)) - ccb54c7c-d652-4a32-8fba-bee4dbf2a7ee@group-F971E7EEC70F: changes role from  FOLLOWER to CANDIDATE at term 56 for changeToCandidate
2019-10-18 08:15:25,098 [Thread-824] INFO  impl.RoleInfo (RoleInfo.java:updateAndGet(143)) - ccb54c7c-d652-4a32-8fba-bee4dbf2a7ee: start LeaderElection
2019-10-18 08:15:25,112 [ccb54c7c-d652-4a32-8fba-bee4dbf2a7ee@group-F971E7EEC70F-LeaderElection58] INFO  impl.LeaderElection (LeaderElection.java:askForVotes(178)) - ccb54c7c-d652-4a32-8fba-bee4dbf2a7ee@group-F971E7EEC70F-LeaderElection58: begin an election at term 57 for -1: [de33c61e-1baa-412c-a678-1642e68dfdea:192.168.69.67:35710, 413e678e-a618-4c92-927e-441fcc799019:192.168.69.67:40351, ccb54c7c-d652-4a32-8fba-bee4dbf2a7ee:192.168.69.67:36515], old=null
2019-10-18 08:15:25,115 [grpc-default-executor-3] INFO  impl.RaftServerImpl (RaftServerImpl.java:setRole(184)) - 413e678e-a618-4c92-927e-441fcc799019@group-F971E7EEC70F: changes role from  FOLLOWER to FOLLOWER at term 57 for recognizeCandidate:ccb54c7c-d652-4a32-8fba-bee4dbf2a7ee
2019-10-18 08:15:25,115 [grpc-default-executor-3] INFO  impl.RoleInfo (RoleInfo.java:shutdownFollowerState(121)) - 413e678e-a618-4c92-927e-441fcc799019: shutdown FollowerState
2019-10-18 08:15:25,115 [grpc-default-executor-0] INFO  impl.RaftServerImpl (RaftServerImpl.java:setRole(184)) - de33c61e-1baa-412c-a678-1642e68dfdea@group-F971E7EEC70F: changes role from  FOLLOWER to FOLLOWER at term 57 for recognizeCandidate:ccb54c7c-d652-4a32-8fba-bee4dbf2a7ee
2019-10-18 08:15:25,115 [Thread-823] INFO  impl.FollowerState (FollowerState.java:run(117)) - 413e678e-a618-4c92-927e-441fcc799019@group-F971E7EEC70F-FollowerState was interrupted: java.lang.InterruptedException: sleep interrupted
2019-10-18 08:15:25,115 [grpc-default-executor-3] INFO  impl.RoleInfo (RoleInfo.java:updateAndGet(143)) - 413e678e-a618-4c92-927e-441fcc799019: start FollowerState
2019-10-18 08:15:25,115 [grpc-default-executor-0] INFO  impl.RoleInfo (RoleInfo.java:shutdownFollowerState(121)) - de33c61e-1baa-412c-a678-1642e68dfdea: shutdown FollowerState
2019-10-18 08:15:25,115 [grpc-default-executor-0] INFO  impl.RoleInfo (RoleInfo.java:updateAndGet(143)) - de33c61e-1baa-412c-a678-1642e68dfdea: start FollowerState
2019-10-18 08:15:25,115 [Thread-822] INFO  impl.FollowerState (FollowerState.java:run(117)) - de33c61e-1baa-412c-a678-1642e68dfdea@group-F971E7EEC70F-FollowerState was interrupted: java.lang.InterruptedException: sleep interrupted
2019-10-18 08:15:25,130 [ccb54c7c-d652-4a32-8fba-bee4dbf2a7ee@group-F971E7EEC70F-LeaderElection58] INFO  impl.LeaderElection (LeaderElection.java:logAndReturn(56)) - ccb54c7c-d652-4a32-8fba-bee4dbf2a7ee@group-F971E7EEC70F-LeaderElection58: Election REJECTED; received 2 response(s) [ccb54c7c-d652-4a32-8fba-bee4dbf2a7ee<-de33c61e-1baa-412c-a678-1642e68dfdea#0:FAIL-t57, ccb54c7c-d652-4a32-8fba-bee4dbf2a7ee<-413e678e-a618-4c92-927e-441fcc799019#0:FAIL-t57] and 0 exception(s); ccb54c7c-d652-4a32-8fba-bee4dbf2a7ee@group-F971E7EEC70F:t57, leader=null, voted=ccb54c7c-d652-4a32-8fba-bee4dbf2a7ee, raftlog=ccb54c7c-d652-4a32-8fba-bee4dbf2a7ee@group-F971E7EEC70F-SegmentedRaftLog:OPENED:c-1,f-1,i0, conf=-1: [de33c61e-1baa-412c-a678-1642e68dfdea:192.168.69.67:35710, 413e678e-a618-4c92-927e-441fcc799019:192.168.69.67:40351, ccb54c7c-d652-4a32-8fba-bee4dbf2a7ee:192.168.69.67:36515], old=null
2019-10-18 08:15:25,130 [ccb54c7c-d652-4a32-8fba-bee4dbf2a7ee@group-F971E7EEC70F-LeaderElection58] INFO  impl.RaftServerImpl (RaftServerImpl.java:setRole(184)) - ccb54c7c-d652-4a32-8fba-bee4dbf2a7ee@group-F971E7EEC70F: changes role from CANDIDATE to FOLLOWER at term 57 for DISCOVERED_A_NEW_TERM
2019-10-18 08:15:25,130 [ccb54c7c-d652-4a32-8fba-bee4dbf2a7ee@group-F971E7EEC70F-LeaderElection58] INFO  impl.RoleInfo (RoleInfo.java:shutdownLeaderElection(134)) - ccb54c7c-d652-4a32-8fba-bee4dbf2a7ee: shutdown LeaderElection
2019-10-18 08:15:25,130 [ccb54c7c-d652-4a32-8fba-bee4dbf2a7ee@group-F971E7EEC70F-LeaderElection58] INFO  impl.RoleInfo (RoleInfo.java:updateAndGet(143)) - ccb54c7c-d652-4a32-8fba-bee4dbf2a7ee: start FollowerState
2019-10-18 08:15:25,200 [Thread-830] INFO  impl.FollowerState (FollowerState.java:run(108)) - ccb54c7c-d652-4a32-8fba-bee4dbf2a7ee@group-F971E7EEC70F-FollowerState: change to CANDIDATE, lastRpcTime:69ms, electionTimeout:69ms
2019-10-18 08:15:25,200 [Thread-830] INFO  impl.RoleInfo (RoleInfo.java:shutdownFollowerState(121)) - ccb54c7c-d652-4a32-8fba-bee4dbf2a7ee: shutdown FollowerState
2019-10-18 08:15:25,200 [Thread-830] INFO  impl.RaftServerImpl (RaftServerImpl.java:setRole(184)) - ccb54c7c-d652-4a32-8fba-bee4dbf2a7ee@group-F971E7EEC70F: changes role from  FOLLOWER to CANDIDATE at term 57 for changeToCandidate
2019-10-18 08:15:25,200 [Thread-830] INFO  impl.RoleInfo (RoleInfo.java:updateAndGet(143)) - ccb54c7c-d652-4a32-8fba-bee4dbf2a7ee: start LeaderElection
2019-10-18 08:15:25,215 [ccb54c7c-d652-4a32-8fba-bee4dbf2a7ee@group-F971E7EEC70F-LeaderElection59] INFO  impl.LeaderElection (LeaderElection.java:askForVotes(178)) - ccb54c7c-d652-4a32-8fba-bee4dbf2a7ee@group-F971E7EEC70F-LeaderElection59: begin an election at term 58 for -1: [de33c61e-1baa-412c-a678-1642e68dfdea:192.168.69.67:35710, 413e678e-a618-4c92-927e-441fcc799019:192.168.69.67:40351, ccb54c7c-d652-4a32-8fba-bee4dbf2a7ee:192.168.69.67:36515], old=null
2019-10-18 08:15:25,218 [grpc-default-executor-3] INFO  impl.RaftServerImpl (RaftServerImpl.java:setRole(184)) - de33c61e-1baa-412c-a678-1642e68dfdea@group-F971E7EEC70F: changes role from  FOLLOWER to FOLLOWER at term 58 for recognizeCandidate:ccb54c7c-d652-4a32-8fba-bee4dbf2a7ee
2019-10-18 08:15:25,218 [grpc-default-executor-3] INFO  impl.RoleInfo (RoleInfo.java:shutdownFollowerState(121)) - de33c61e-1baa-412c-a678-1642e68dfdea: shutdown FollowerState
2019-10-18 08:15:25,218 [grpc-default-executor-0] INFO  impl.RaftServerImpl (RaftServerImpl.java:setRole(184)) - 413e678e-a618-4c92-927e-441fcc799019@group-F971E7EEC70F: changes role from  FOLLOWER to FOLLOWER at term 58 for recognizeCandidate:ccb54c7c-d652-4a32-8fba-bee4dbf2a7ee
2019-10-18 08:15:25,218 [Thread-829] INFO  impl.FollowerState (FollowerState.java:run(117)) - de33c61e-1baa-412c-a678-1642e68dfdea@group-F971E7EEC70F-FollowerState was interrupted: java.lang.InterruptedException: sleep interrupted
2019-10-18 08:15:25,218 [grpc-default-executor-3] INFO  impl.RoleInfo (RoleInfo.java:updateAndGet(143)) - de33c61e-1baa-412c-a678-1642e68dfdea: start FollowerState
2019-10-18 08:15:25,218 [grpc-default-executor-0] INFO  impl.RoleInfo (RoleInfo.java:shutdownFollowerState(121)) - 413e678e-a618-4c92-927e-441fcc799019: shutdown FollowerState
2019-10-18 08:15:25,219 [Thread-828] INFO  impl.FollowerState (FollowerState.java:run(117)) - 413e678e-a618-4c92-927e-441fcc799019@group-F971E7EEC70F-FollowerState was interrupted: java.lang.InterruptedException: sleep interrupted
2019-10-18 08:15:25,219 [grpc-default-executor-0] INFO  impl.RoleInfo (RoleInfo.java:updateAndGet(143)) - 413e678e-a618-4c92-927e-441fcc799019: start FollowerState
2019-10-18 08:15:25,227 [ccb54c7c-d652-4a32-8fba-bee4dbf2a7ee@group-F971E7EEC70F-LeaderElection59] INFO  impl.LeaderElection (LeaderElection.java:logAndReturn(56)) - ccb54c7c-d652-4a32-8fba-bee4dbf2a7ee@group-F971E7EEC70F-LeaderElection59: Election TIMEOUT; received 0 response(s) [] and 0 exception(s); ccb54c7c-d652-4a32-8fba-bee4dbf2a7ee@group-F971E7EEC70F:t58, leader=null, voted=ccb54c7c-d652-4a32-8fba-bee4dbf2a7ee, raftlog=ccb54c7c-d652-4a32-8fba-bee4dbf2a7ee@group-F971E7EEC70F-SegmentedRaftLog:OPENED:c-1,f-1,i0, conf=-1: [de33c61e-1baa-412c-a678-1642e68dfdea:192.168.69.67:35710, 413e678e-a618-4c92-927e-441fcc799019:192.168.69.67:40351, ccb54c7c-d652-4a32-8fba-bee4dbf2a7ee:192.168.69.67:36515], old=null
2019-10-18 08:15:25,232 [ccb54c7c-d652-4a32-8fba-bee4dbf2a7ee@group-F971E7EEC70F-LeaderElection59] INFO  impl.LeaderElection (LeaderElection.java:askForVotes(178)) - ccb54c7c-d652-4a32-8fba-bee4dbf2a7ee@group-F971E7EEC70F-LeaderElection59: begin an election at term 59 for -1: [de33c61e-1baa-412c-a678-1642e68dfdea:192.168.69.67:35710, 413e678e-a618-4c92-927e-441fcc799019:192.168.69.67:40351, ccb54c7c-d652-4a32-8fba-bee4dbf2a7ee:192.168.69.67:36515], old=null
2019-10-18 08:15:25,234 [grpc-default-executor-0] INFO  impl.RaftServerImpl (RaftServerImpl.java:setRole(184)) - de33c61e-1baa-412c-a678-1642e68dfdea@group-F971E7EEC70F: changes role from  FOLLOWER to FOLLOWER at term 59 for recognizeCandidate:ccb54c7c-d652-4a32-8fba-bee4dbf2a7ee
2019-10-18 08:15:25,234 [grpc-default-executor-3] INFO  impl.RaftServerImpl (RaftServerImpl.java:setRole(184)) - 413e678e-a618-4c92-927e-441fcc799019@group-F971E7EEC70F: changes role from  FOLLOWER to FOLLOWER at term 59 for recognizeCandidate:ccb54c7c-d652-4a32-8fba-bee4dbf2a7ee
2019-10-18 08:15:25,234 [grpc-default-executor-0] INFO  impl.RoleInfo (RoleInfo.java:shutdownFollowerState(121)) - de33c61e-1baa-412c-a678-1642e68dfdea: shutdown FollowerState
2019-10-18 08:15:25,234 [grpc-default-executor-3] INFO  impl.RoleInfo (RoleInfo.java:shutdownFollowerState(121)) - 413e678e-a618-4c92-927e-441fcc799019: shutdown FollowerState
2019-10-18 08:15:25,234 [grpc-default-executor-0] INFO  impl.RoleInfo (RoleInfo.java:updateAndGet(143)) - de33c61e-1baa-412c-a678-1642e68dfdea: start FollowerState
2019-10-18 08:15:25,234 [Thread-834] INFO  impl.FollowerState (FollowerState.java:run(117)) - de33c61e-1baa-412c-a678-1642e68dfdea@group-F971E7EEC70F-FollowerState was interrupted: java.lang.InterruptedException: sleep interrupted
2019-10-18 08:15:25,234 [Thread-835] INFO  impl.FollowerState (FollowerState.java:run(117)) - 413e678e-a618-4c92-927e-441fcc799019@group-F971E7EEC70F-FollowerState was interrupted: java.lang.InterruptedException: sleep interrupted
2019-10-18 08:15:25,234 [grpc-default-executor-3] INFO  impl.RoleInfo (RoleInfo.java:updateAndGet(143)) - 413e678e-a618-4c92-927e-441fcc799019: start FollowerState
2019-10-18 08:15:25,257 [ccb54c7c-d652-4a32-8fba-bee4dbf2a7ee@group-F971E7EEC70F-LeaderElection59] INFO  impl.LeaderElection (LeaderElection.java:logAndReturn(56)) - ccb54c7c-d652-4a32-8fba-bee4dbf2a7ee@group-F971E7EEC70F-LeaderElection59: Election REJECTED; received 2 response(s) [ccb54c7c-d652-4a32-8fba-bee4dbf2a7ee<-de33c61e-1baa-412c-a678-1642e68dfdea#0:FAIL-t59, ccb54c7c-d652-4a32-8fba-bee4dbf2a7ee<-413e678e-a618-4c92-927e-441fcc799019#0:FAIL-t59] and 0 exception(s); ccb54c7c-d652-4a32-8fba-bee4dbf2a7ee@group-F971E7EEC70F:t59, leader=null, voted=ccb54c7c-d652-4a32-8fba-bee4dbf2a7ee, raftlog=ccb54c7c-d652-4a32-8fba-bee4dbf2a7ee@group-F971E7EEC70F-SegmentedRaftLog:OPENED:c-1,f-1,i0, conf=-1: [de33c61e-1baa-412c-a678-1642e68dfdea:192.168.69.67:35710, 413e678e-a618-4c92-927e-441fcc799019:192.168.69.67:40351, ccb54c7c-d652-4a32-8fba-bee4dbf2a7ee:192.168.69.67:36515], old=null
2019-10-18 08:15:25,257 [ccb54c7c-d652-4a32-8fba-bee4dbf2a7ee@group-F971E7EEC70F-LeaderElection59] INFO  impl.RaftServerImpl (RaftServerImpl.java:setRole(184)) - ccb54c7c-d652-4a32-8fba-bee4dbf2a7ee@group-F971E7EEC70F: changes role from CANDIDATE to FOLLOWER at term 59 for DISCOVERED_A_NEW_TERM
2019-10-18 08:15:25,257 [ccb54c7c-d652-4a32-8fba-bee4dbf2a7ee@group-F971E7EEC70F-LeaderElection59] INFO  impl.RoleInfo (RoleInfo.java:shutdownLeaderElection(134)) - ccb54c7c-d652-4a32-8fba-bee4dbf2a7ee: shutdown LeaderElection
2019-10-18 08:15:25,257 [ccb54c7c-d652-4a32-8fba-bee4dbf2a7ee@group-F971E7EEC70F-LeaderElection59] INFO  impl.RoleInfo (RoleInfo.java:updateAndGet(143)) - ccb54c7c-d652-4a32-8fba-bee4dbf2a7ee: start FollowerState
2019-10-18 08:15:25,294 [Thread-840] INFO  impl.FollowerState (FollowerState.java:run(108)) - ccb54c7c-d652-4a32-8fba-bee4dbf2a7ee@group-F971E7EEC70F-FollowerState: change to CANDIDATE, lastRpcTime:37ms, electionTimeout:37ms
2019-10-18 08:15:25,295 [Thread-840] INFO  impl.RoleInfo (RoleInfo.java:shutdownFollowerState(121)) - ccb54c7c-d652-4a32-8fba-bee4dbf2a7ee: shutdown FollowerState
2019-10-18 08:15:25,295 [Thread-840] INFO  impl.RaftServerImpl (RaftServerImpl.java:setRole(184)) - ccb54c7c-d652-4a32-8fba-bee4dbf2a7ee@group-F971E7EEC70F: changes role from  FOLLOWER to CANDIDATE at term 59 for changeToCandidate
2019-10-18 08:15:25,295 [Thread-840] INFO  impl.RoleInfo (RoleInfo.java:updateAndGet(143)) - ccb54c7c-d652-4a32-8fba-bee4dbf2a7ee: start LeaderElection
2019-10-18 08:15:25,309 [ccb54c7c-d652-4a32-8fba-bee4dbf2a7ee@group-F971E7EEC70F-LeaderElection60] INFO  impl.LeaderElection (LeaderElection.java:askForVotes(178)) - ccb54c7c-d652-4a32-8fba-bee4dbf2a7ee@group-F971E7EEC70F-LeaderElection60: begin an election at term 60 for -1: [de33c61e-1baa-412c-a678-1642e68dfdea:192.168.69.67:35710, 413e678e-a618-4c92-927e-441fcc799019:192.168.69.67:40351, ccb54c7c-d652-4a32-8fba-bee4dbf2a7ee:192.168.69.67:36515], old=null
2019-10-18 08:15:25,312 [grpc-default-executor-3] INFO  impl.RaftServerImpl (RaftServerImpl.java:setRole(184)) - de33c61e-1baa-412c-a678-1642e68dfdea@group-F971E7EEC70F: changes role from  FOLLOWER to FOLLOWER at term 60 for recognizeCandidate:ccb54c7c-d652-4a32-8fba-bee4dbf2a7ee
2019-10-18 08:15:25,312 [grpc-default-executor-0] INFO  impl.RaftServerImpl (RaftServerImpl.java:setRole(184)) - 413e678e-a618-4c92-927e-441fcc799019@group-F971E7EEC70F: changes role from  FOLLOWER to FOLLOWER at term 60 for recognizeCandidate:ccb54c7c-d652-4a32-8fba-bee4dbf2a7ee
2019-10-18 08:15:25,312 [grpc-default-executor-3] INFO  impl.RoleInfo (RoleInfo.java:shutdownFollowerState(121)) - de33c61e-1baa-412c-a678-1642e68dfdea: shutdown FollowerState
2019-10-18 08:15:25,312 [grpc-default-executor-0] INFO  impl.RoleInfo (RoleInfo.java:shutdownFollowerState(121)) - 413e678e-a618-4c92-927e-441fcc799019: shutdown FollowerState
2019-10-18 08:15:25,312 [Thread-838] INFO  impl.FollowerState (FollowerState.java:run(117)) - de33c61e-1baa-412c-a678-1642e68dfdea@group-F971E7EEC70F-FollowerState was interrupted: java.lang.InterruptedException: sleep interrupted
2019-10-18 08:15:25,312 [grpc-default-executor-3] INFO  impl.RoleInfo (RoleInfo.java:updateAndGet(143)) - de33c61e-1baa-412c-a678-1642e68dfdea: start FollowerState
2019-10-18 08:15:25,312 [Thread-839] INFO  impl.FollowerState (FollowerState.java:run(117)) - 413e678e-a618-4c92-927e-441fcc799019@group-F971E7EEC70F-FollowerState was interrupted: java.lang.InterruptedException: sleep interrupted
2019-10-18 08:15:25,312 [grpc-default-executor-0] INFO  impl.RoleInfo (RoleInfo.java:updateAndGet(143)) - 413e678e-a618-4c92-927e-441fcc799019: start FollowerState
2019-10-18 08:15:25,327 [ccb54c7c-d652-4a32-8fba-bee4dbf2a7ee@group-F971E7EEC70F-LeaderElection60] INFO  impl.LeaderElection (LeaderElection.java:logAndReturn(56)) - ccb54c7c-d652-4a32-8fba-bee4dbf2a7ee@group-F971E7EEC70F-LeaderElection60: Election REJECTED; received 2 response(s) [ccb54c7c-d652-4a32-8fba-bee4dbf2a7ee<-de33c61e-1baa-412c-a678-1642e68dfdea#0:FAIL-t60, ccb54c7c-d652-4a32-8fba-bee4dbf2a7ee<-413e678e-a618-4c92-927e-441fcc799019#0:FAIL-t60] and 0 exception(s); ccb54c7c-d652-4a32-8fba-bee4dbf2a7ee@group-F971E7EEC70F:t60, leader=null, voted=ccb54c7c-d652-4a32-8fba-bee4dbf2a7ee, raftlog=ccb54c7c-d652-4a32-8fba-bee4dbf2a7ee@group-F971E7EEC70F-SegmentedRaftLog:OPENED:c-1,f-1,i0, conf=-1: [de33c61e-1baa-412c-a678-1642e68dfdea:192.168.69.67:35710, 413e678e-a618-4c92-927e-441fcc799019:192.168.69.67:40351, ccb54c7c-d652-4a32-8fba-bee4dbf2a7ee:192.168.69.67:36515], old=null
2019-10-18 08:15:25,327 [ccb54c7c-d652-4a32-8fba-bee4dbf2a7ee@group-F971E7EEC70F-LeaderElection60] INFO  impl.RaftServerImpl (RaftServerImpl.java:setRole(184)) - ccb54c7c-d652-4a32-8fba-bee4dbf2a7ee@group-F971E7EEC70F: changes role from CANDIDATE to FOLLOWER at term 60 for DISCOVERED_A_NEW_TERM
2019-10-18 08:15:25,327 [ccb54c7c-d652-4a32-8fba-bee4dbf2a7ee@group-F971E7EEC70F-LeaderElection60] INFO  impl.RoleInfo (RoleInfo.java:shutdownLeaderElection(134)) - ccb54c7c-d652-4a32-8fba-bee4dbf2a7ee: shutdown LeaderElection
2019-10-18 08:15:25,327 [ccb54c7c-d652-4a32-8fba-bee4dbf2a7ee@group-F971E7EEC70F-LeaderElection60] INFO  impl.RoleInfo (RoleInfo.java:updateAndGet(143)) - ccb54c7c-d652-4a32-8fba-bee4dbf2a7ee: start FollowerState
2019-10-18 08:15:25,512 [Thread-846] INFO  impl.FollowerState (FollowerState.java:run(108)) - ccb54c7c-d652-4a32-8fba-bee4dbf2a7ee@group-F971E7EEC70F-FollowerState: change to CANDIDATE, lastRpcTime:184ms, electionTimeout:184ms
2019-10-18 08:15:25,512 [Thread-846] INFO  impl.RoleInfo (RoleInfo.java:shutdownFollowerState(121)) - ccb54c7c-d652-4a32-8fba-bee4dbf2a7ee: shutdown FollowerState
2019-10-18 08:15:25,512 [Thread-846] INFO  impl.RaftServerImpl (RaftServerImpl.java:setRole(184)) - ccb54c7c-d652-4a32-8fba-bee4dbf2a7ee@group-F971E7EEC70F: changes role from  FOLLOWER to CANDIDATE at term 60 for changeToCandidate
2019-10-18 08:15:25,512 [Thread-846] INFO  impl.RoleInfo (RoleInfo.java:updateAndGet(143)) - ccb54c7c-d652-4a32-8fba-bee4dbf2a7ee: start LeaderElection
2019-10-18 08:15:25,527 [ccb54c7c-d652-4a32-8fba-bee4dbf2a7ee@group-F971E7EEC70F-LeaderElection61] INFO  impl.LeaderElection (LeaderElection.java:askForVotes(178)) - ccb54c7c-d652-4a32-8fba-bee4dbf2a7ee@group-F971E7EEC70F-LeaderElection61: begin an election at term 61 for -1: [de33c61e-1baa-412c-a678-1642e68dfdea:192.168.69.67:35710, 413e678e-a618-4c92-927e-441fcc799019:192.168.69.67:40351, ccb54c7c-d652-4a32-8fba-bee4dbf2a7ee:192.168.69.67:36515], old=null
2019-10-18 08:15:25,530 [grpc-default-executor-3] INFO  impl.RaftServerImpl (RaftServerImpl.java:setRole(184)) - de33c61e-1baa-412c-a678-1642e68dfdea@group-F971E7EEC70F: changes role from  FOLLOWER to FOLLOWER at term 61 for recognizeCandidate:ccb54c7c-d652-4a32-8fba-bee4dbf2a7ee
2019-10-18 08:15:25,530 [grpc-default-executor-3] INFO  impl.RoleInfo (RoleInfo.java:shutdownFollowerState(121)) - de33c61e-1baa-412c-a678-1642e68dfdea: shutdown FollowerState
2019-10-18 08:15:25,530 [grpc-default-executor-0] INFO  impl.RaftServerImpl (RaftServerImpl.java:setRole(184)) - 413e678e-a618-4c92-927e-441fcc799019@group-F971E7EEC70F: changes role from  FOLLOWER to FOLLOWER at term 61 for recognizeCandidate:ccb54c7c-d652-4a32-8fba-bee4dbf2a7ee
2019-10-18 08:15:25,530 [Thread-844] INFO  impl.FollowerState (FollowerState.java:run(117)) - de33c61e-1baa-412c-a678-1642e68dfdea@group-F971E7EEC70F-FollowerState was interrupted: java.lang.InterruptedException: sleep interrupted
2019-10-18 08:15:25,530 [grpc-default-executor-3] INFO  impl.RoleInfo (RoleInfo.java:updateAndGet(143)) - de33c61e-1baa-412c-a678-1642e68dfdea: start FollowerState
2019-10-18 08:15:25,530 [grpc-default-executor-0] INFO  impl.RoleInfo (RoleInfo.java:shutdownFollowerState(121)) - 413e678e-a618-4c92-927e-441fcc799019: shutdown FollowerState
2019-10-18 08:15:25,531 [grpc-default-executor-0] INFO  impl.RoleInfo (RoleInfo.java:updateAndGet(143)) - 413e678e-a618-4c92-927e-441fcc799019: start FollowerState
2019-10-18 08:15:25,531 [Thread-845] INFO  impl.FollowerState (FollowerState.java:run(117)) - 413e678e-a618-4c92-927e-441fcc799019@group-F971E7EEC70F-FollowerState was interrupted: java.lang.InterruptedException: sleep interrupted
2019-10-18 08:15:25,545 [ccb54c7c-d652-4a32-8fba-bee4dbf2a7ee@group-F971E7EEC70F-LeaderElection61] INFO  impl.LeaderElection (LeaderElection.java:logAndReturn(56)) - ccb54c7c-d652-4a32-8fba-bee4dbf2a7ee@group-F971E7EEC70F-LeaderElection61: Election REJECTED; received 2 response(s) [ccb54c7c-d652-4a32-8fba-bee4dbf2a7ee<-de33c61e-1baa-412c-a678-1642e68dfdea#0:FAIL-t61, ccb54c7c-d652-4a32-8fba-bee4dbf2a7ee<-413e678e-a618-4c92-927e-441fcc799019#0:FAIL-t61] and 0 exception(s); ccb54c7c-d652-4a32-8fba-bee4dbf2a7ee@group-F971E7EEC70F:t61, leader=null, voted=ccb54c7c-d652-4a32-8fba-bee4dbf2a7ee, raftlog=ccb54c7c-d652-4a32-8fba-bee4dbf2a7ee@group-F971E7EEC70F-SegmentedRaftLog:OPENED:c-1,f-1,i0, conf=-1: [de33c61e-1baa-412c-a678-1642e68dfdea:192.168.69.67:35710, 413e678e-a618-4c92-927e-441fcc799019:192.168.69.67:40351, ccb54c7c-d652-4a32-8fba-bee4dbf2a7ee:192.168.69.67:36515], old=null
2019-10-18 08:15:25,545 [ccb54c7c-d652-4a32-8fba-bee4dbf2a7ee@group-F971E7EEC70F-LeaderElection61] INFO  impl.RaftServerImpl (RaftServerImpl.java:setRole(184)) - ccb54c7c-d652-4a32-8fba-bee4dbf2a7ee@group-F971E7EEC70F: changes role from CANDIDATE to FOLLOWER at term 61 for DISCOVERED_A_NEW_TERM
2019-10-18 08:15:25,545 [ccb54c7c-d652-4a32-8fba-bee4dbf2a7ee@group-F971E7EEC70F-LeaderElection61] INFO  impl.RoleInfo (RoleInfo.java:shutdownLeaderElection(134)) - ccb54c7c-d652-4a32-8fba-bee4dbf2a7ee: shutdown LeaderElection
2019-10-18 08:15:25,545 [ccb54c7c-d652-4a32-8fba-bee4dbf2a7ee@group-F971E7EEC70F-LeaderElection61] INFO  impl.RoleInfo (RoleInfo.java:updateAndGet(143)) - ccb54c7c-d652-4a32-8fba-bee4dbf2a7ee: start FollowerState
2019-10-18 08:15:25,600 [Thread-852] INFO  impl.FollowerState (FollowerState.java:run(108)) - ccb54c7c-d652-4a32-8fba-bee4dbf2a7ee@group-F971E7EEC70F-FollowerState: change to CANDIDATE, lastRpcTime:54ms, electionTimeout:54ms
2019-10-18 08:15:25,600 [Thread-852] INFO  impl.RoleInfo (RoleInfo.java:shutdownFollowerState(121)) - ccb54c7c-d652-4a32-8fba-bee4dbf2a7ee: shutdown FollowerState
2019-10-18 08:15:25,600 [Thread-852] INFO  impl.RaftServerImpl (RaftServerImpl.java:setRole(184)) - ccb54c7c-d652-4a32-8fba-bee4dbf2a7ee@group-F971E7EEC70F: changes role from  FOLLOWER to CANDIDATE at term 61 for changeToCandidate
2019-10-18 08:15:25,600 [Thread-852] INFO  impl.RoleInfo (RoleInfo.java:updateAndGet(143)) - ccb54c7c-d652-4a32-8fba-bee4dbf2a7ee: start LeaderElection
2019-10-18 08:15:25,626 [ccb54c7c-d652-4a32-8fba-bee4dbf2a7ee@group-F971E7EEC70F-LeaderElection62] INFO  impl.LeaderElection (LeaderElection.java:askForVotes(178)) - ccb54c7c-d652-4a32-8fba-bee4dbf2a7ee@group-F971E7EEC70F-LeaderElection62: begin an election at term 62 for -1: [de33c61e-1baa-412c-a678-1642e68dfdea:192.168.69.67:35710, 413e678e-a618-4c92-927e-441fcc799019:192.168.69.67:40351, ccb54c7c-d652-4a32-8fba-bee4dbf2a7ee:192.168.69.67:36515], old=null
2019-10-18 08:15:25,628 [grpc-default-executor-3] INFO  impl.RaftServerImpl (RaftServerImpl.java:setRole(184)) - de33c61e-1baa-412c-a678-1642e68dfdea@group-F971E7EEC70F: changes role from  FOLLOWER to FOLLOWER at term 62 for recognizeCandidate:ccb54c7c-d652-4a32-8fba-bee4dbf2a7ee
2019-10-18 08:15:25,628 [grpc-default-executor-0] INFO  impl.RaftServerImpl (RaftServerImpl.java:setRole(184)) - 413e678e-a618-4c92-927e-441fcc799019@group-F971E7EEC70F: changes role from  FOLLOWER to FOLLOWER at term 62 for recognizeCandidate:ccb54c7c-d652-4a32-8fba-bee4dbf2a7ee
2019-10-18 08:15:25,629 [grpc-default-executor-3] INFO  impl.RoleInfo (RoleInfo.java:shutdownFollowerState(121)) - de33c61e-1baa-412c-a678-1642e68dfdea: shutdown FollowerState
2019-10-18 08:15:25,629 [grpc-default-executor-0] INFO  impl.RoleInfo (RoleInfo.java:shutdownFollowerState(121)) - 413e678e-a618-4c92-927e-441fcc799019: shutdown FollowerState
2019-10-18 08:15:25,629 [Thread-850] INFO  impl.FollowerState (FollowerState.java:run(117)) - de33c61e-1baa-412c-a678-1642e68dfdea@group-F971E7EEC70F-FollowerState was interrupted: java.lang.InterruptedException: sleep interrupted
2019-10-18 08:15:25,629 [Thread-851] INFO  impl.FollowerState (FollowerState.java:run(117)) - 413e678e-a618-4c92-927e-441fcc799019@group-F971E7EEC70F-FollowerState was interrupted: java.lang.InterruptedException: sleep interrupted
2019-10-18 08:15:25,629 [grpc-default-executor-3] INFO  impl.RoleInfo (RoleInfo.java:updateAndGet(143)) - de33c61e-1baa-412c-a678-1642e68dfdea: start FollowerState
2019-10-18 08:15:25,629 [grpc-default-executor-0] INFO  impl.RoleInfo (RoleInfo.java:updateAndGet(143)) - 413e678e-a618-4c92-927e-441fcc799019: start FollowerState
2019-10-18 08:15:25,637 [ccb54c7c-d652-4a32-8fba-bee4dbf2a7ee@group-F971E7EEC70F-LeaderElection62] INFO  impl.LeaderElection (LeaderElection.java:logAndReturn(56)) - ccb54c7c-d652-4a32-8fba-bee4dbf2a7ee@group-F971E7EEC70F-LeaderElection62: Election TIMEOUT; received 0 response(s) [] and 0 exception(s); ccb54c7c-d652-4a32-8fba-bee4dbf2a7ee@group-F971E7EEC70F:t62, leader=null, voted=ccb54c7c-d652-4a32-8fba-bee4dbf2a7ee, raftlog=ccb54c7c-d652-4a32-8fba-bee4dbf2a7ee@group-F971E7EEC70F-SegmentedRaftLog:OPENED:c-1,f-1,i0, conf=-1: [de33c61e-1baa-412c-a678-1642e68dfdea:192.168.69.67:35710, 413e678e-a618-4c92-927e-441fcc799019:192.168.69.67:40351, ccb54c7c-d652-4a32-8fba-bee4dbf2a7ee:192.168.69.67:36515], old=null
2019-10-18 08:15:25,666 [ccb54c7c-d652-4a32-8fba-bee4dbf2a7ee@group-F971E7EEC70F-LeaderElection62] INFO  impl.LeaderElection (LeaderElection.java:askForVotes(178)) - ccb54c7c-d652-4a32-8fba-bee4dbf2a7ee@group-F971E7EEC70F-LeaderElection62: begin an election at term 63 for -1: [de33c61e-1baa-412c-a678-1642e68dfdea:192.168.69.67:35710, 413e678e-a618-4c92-927e-441fcc799019:192.168.69.67:40351, ccb54c7c-d652-4a32-8fba-bee4dbf2a7ee:192.168.69.67:36515], old=null
2019-10-18 08:15:25,668 [grpc-default-executor-3] INFO  impl.RaftServerImpl (RaftServerImpl.java:setRole(184)) - de33c61e-1baa-412c-a678-1642e68dfdea@group-F971E7EEC70F: changes role from  FOLLOWER to FOLLOWER at term 63 for recognizeCandidate:ccb54c7c-d652-4a32-8fba-bee4dbf2a7ee
2019-10-18 08:15:25,668 [grpc-default-executor-3] INFO  impl.RoleInfo (RoleInfo.java:shutdownFollowerState(121)) - de33c61e-1baa-412c-a678-1642e68dfdea: shutdown FollowerState
2019-10-18 08:15:25,668 [grpc-default-executor-3] INFO  impl.RoleInfo (RoleInfo.java:updateAndGet(143)) - de33c61e-1baa-412c-a678-1642e68dfdea: start FollowerState
2019-10-18 08:15:25,668 [Thread-856] INFO  impl.FollowerState (FollowerState.java:run(117)) - de33c61e-1baa-412c-a678-1642e68dfdea@group-F971E7EEC70F-FollowerState was interrupted: java.lang.InterruptedException: sleep interrupted
2019-10-18 08:15:25,669 [grpc-default-executor-0] INFO  impl.RaftServerImpl (RaftServerImpl.java:setRole(184)) - 413e678e-a618-4c92-927e-441fcc799019@group-F971E7EEC70F: changes role from  FOLLOWER to FOLLOWER at term 63 for recognizeCandidate:ccb54c7c-d652-4a32-8fba-bee4dbf2a7ee
2019-10-18 08:15:25,669 [grpc-default-executor-0] INFO  impl.RoleInfo (RoleInfo.java:shutdownFollowerState(121)) - 413e678e-a618-4c92-927e-441fcc799019: shutdown FollowerState
2019-10-18 08:15:25,669 [grpc-default-executor-0] INFO  impl.RoleInfo (RoleInfo.java:updateAndGet(143)) - 413e678e-a618-4c92-927e-441fcc799019: start FollowerState
2019-10-18 08:15:25,669 [Thread-857] INFO  impl.FollowerState (FollowerState.java:run(117)) - 413e678e-a618-4c92-927e-441fcc799019@group-F971E7EEC70F-FollowerState was interrupted: java.lang.InterruptedException: sleep interrupted
2019-10-18 08:15:25,693 [ccb54c7c-d652-4a32-8fba-bee4dbf2a7ee@group-F971E7EEC70F-LeaderElection62] INFO  impl.LeaderElection (LeaderElection.java:logAndReturn(56)) - ccb54c7c-d652-4a32-8fba-bee4dbf2a7ee@group-F971E7EEC70F-LeaderElection62: Election REJECTED; received 2 response(s) [ccb54c7c-d652-4a32-8fba-bee4dbf2a7ee<-de33c61e-1baa-412c-a678-1642e68dfdea#0:FAIL-t63, ccb54c7c-d652-4a32-8fba-bee4dbf2a7ee<-413e678e-a618-4c92-927e-441fcc799019#0:FAIL-t63] and 0 exception(s); ccb54c7c-d652-4a32-8fba-bee4dbf2a7ee@group-F971E7EEC70F:t63, leader=null, voted=ccb54c7c-d652-4a32-8fba-bee4dbf2a7ee, raftlog=ccb54c7c-d652-4a32-8fba-bee4dbf2a7ee@group-F971E7EEC70F-SegmentedRaftLog:OPENED:c-1,f-1,i0, conf=-1: [de33c61e-1baa-412c-a678-1642e68dfdea:192.168.69.67:35710, 413e678e-a618-4c92-927e-441fcc799019:192.168.69.67:40351, ccb54c7c-d652-4a32-8fba-bee4dbf2a7ee:192.168.69.67:36515], old=null
2019-10-18 08:15:25,693 [ccb54c7c-d652-4a32-8fba-bee4dbf2a7ee@group-F971E7EEC70F-LeaderElection62] INFO  impl.RaftServerImpl (RaftServerImpl.java:setRole(184)) - ccb54c7c-d652-4a32-8fba-bee4dbf2a7ee@group-F971E7EEC70F: changes role from CANDIDATE to FOLLOWER at term 63 for DISCOVERED_A_NEW_TERM
2019-10-18 08:15:25,693 [ccb54c7c-d652-4a32-8fba-bee4dbf2a7ee@group-F971E7EEC70F-LeaderElection62] INFO  impl.RoleInfo (RoleInfo.java:shutdownLeaderElection(134)) - ccb54c7c-d652-4a32-8fba-bee4dbf2a7ee: shutdown LeaderElection
2019-10-18 08:15:25,693 [ccb54c7c-d652-4a32-8fba-bee4dbf2a7ee@group-F971E7EEC70F-LeaderElection62] INFO  impl.RoleInfo (RoleInfo.java:updateAndGet(143)) - ccb54c7c-d652-4a32-8fba-bee4dbf2a7ee: start FollowerState
2019-10-18 08:15:25,791 [Thread-862] INFO  impl.FollowerState (FollowerState.java:run(108)) - ccb54c7c-d652-4a32-8fba-bee4dbf2a7ee@group-F971E7EEC70F-FollowerState: change to CANDIDATE, lastRpcTime:97ms, electionTimeout:97ms
2019-10-18 08:15:25,791 [Thread-862] INFO  impl.RoleInfo (RoleInfo.java:shutdownFollowerState(121)) - ccb54c7c-d652-4a32-8fba-bee4dbf2a7ee: shutdown FollowerState
2019-10-18 08:15:25,791 [Thread-862] INFO  impl.RaftServerImpl (RaftServerImpl.java:setRole(184)) - ccb54c7c-d652-4a32-8fba-bee4dbf2a7ee@group-F971E7EEC70F: changes role from  FOLLOWER to CANDIDATE at term 63 for changeToCandidate
2019-10-18 08:15:25,791 [Thread-862] INFO  impl.RoleInfo (RoleInfo.java:updateAndGet(143)) - ccb54c7c-d652-4a32-8fba-bee4dbf2a7ee: start LeaderElection
2019-10-18 08:15:25,817 [ccb54c7c-d652-4a32-8fba-bee4dbf2a7ee@group-F971E7EEC70F-LeaderElection63] INFO  impl.LeaderElection (LeaderElection.java:askForVotes(178)) - ccb54c7c-d652-4a32-8fba-bee4dbf2a7ee@group-F971E7EEC70F-LeaderElection63: begin an election at term 64 for -1: [de33c61e-1baa-412c-a678-1642e68dfdea:192.168.69.67:35710, 413e678e-a618-4c92-927e-441fcc799019:192.168.69.67:40351, ccb54c7c-d652-4a32-8fba-bee4dbf2a7ee:192.168.69.67:36515], old=null
2019-10-18 08:15:25,819 [grpc-default-executor-0] INFO  impl.RaftServerImpl (RaftServerImpl.java:setRole(184)) - 413e678e-a618-4c92-927e-441fcc799019@group-F971E7EEC70F: changes role from  FOLLOWER to FOLLOWER at term 64 for recognizeCandidate:ccb54c7c-d652-4a32-8fba-bee4dbf2a7ee
2019-10-18 08:15:25,820 [grpc-default-executor-0] INFO  impl.RoleInfo (RoleInfo.java:shutdownFollowerState(121)) - 413e678e-a618-4c92-927e-441fcc799019: shutdown FollowerState
2019-10-18 08:15:25,820 [Thread-861] INFO  impl.FollowerState (FollowerState.java:run(117)) - 413e678e-a618-4c92-927e-441fcc799019@group-F971E7EEC70F-FollowerState was interrupted: java.lang.InterruptedException: sleep interrupted
2019-10-18 08:15:25,820 [grpc-default-executor-0] INFO  impl.RoleInfo (RoleInfo.java:updateAndGet(143)) - 413e678e-a618-4c92-927e-441fcc799019: start FollowerState
2019-10-18 08:15:25,822 [grpc-default-executor-3] INFO  impl.RaftServerImpl (RaftServerImpl.java:setRole(184)) - de33c61e-1baa-412c-a678-1642e68dfdea@group-F971E7EEC70F: changes role from  FOLLOWER to FOLLOWER at term 64 for recognizeCandidate:ccb54c7c-d652-4a32-8fba-bee4dbf2a7ee
2019-10-18 08:15:25,822 [grpc-default-executor-3] INFO  impl.RoleInfo (RoleInfo.java:shutdownFollowerState(121)) - de33c61e-1baa-412c-a678-1642e68dfdea: shutdown FollowerState
2019-10-18 08:15:25,822 [grpc-default-executor-3] INFO  impl.RoleInfo (RoleInfo.java:updateAndGet(143)) - de33c61e-1baa-412c-a678-1642e68dfdea: start FollowerState
2019-10-18 08:15:25,822 [Thread-860] INFO  impl.FollowerState (FollowerState.java:run(117)) - de33c61e-1baa-412c-a678-1642e68dfdea@group-F971E7EEC70F-FollowerState was interrupted: java.lang.InterruptedException: sleep interrupted
2019-10-18 08:15:25,848 [ccb54c7c-d652-4a32-8fba-bee4dbf2a7ee@group-F971E7EEC70F-LeaderElection63] INFO  impl.LeaderElection (LeaderElection.java:logAndReturn(56)) - ccb54c7c-d652-4a32-8fba-bee4dbf2a7ee@group-F971E7EEC70F-LeaderElection63: Election REJECTED; received 2 response(s) [ccb54c7c-d652-4a32-8fba-bee4dbf2a7ee<-de33c61e-1baa-412c-a678-1642e68dfdea#0:FAIL-t64, ccb54c7c-d652-4a32-8fba-bee4dbf2a7ee<-413e678e-a618-4c92-927e-441fcc799019#0:FAIL-t64] and 0 exception(s); ccb54c7c-d652-4a32-8fba-bee4dbf2a7ee@group-F971E7EEC70F:t64, leader=null, voted=ccb54c7c-d652-4a32-8fba-bee4dbf2a7ee, raftlog=ccb54c7c-d652-4a32-8fba-bee4dbf2a7ee@group-F971E7EEC70F-SegmentedRaftLog:OPENED:c-1,f-1,i0, conf=-1: [de33c61e-1baa-412c-a678-1642e68dfdea:192.168.69.67:35710, 413e678e-a618-4c92-927e-441fcc799019:192.168.69.67:40351, ccb54c7c-d652-4a32-8fba-bee4dbf2a7ee:192.168.69.67:36515], old=null
2019-10-18 08:15:25,848 [ccb54c7c-d652-4a32-8fba-bee4dbf2a7ee@group-F971E7EEC70F-LeaderElection63] INFO  impl.RaftServerImpl (RaftServerImpl.java:setRole(184)) - ccb54c7c-d652-4a32-8fba-bee4dbf2a7ee@group-F971E7EEC70F: changes role from CANDIDATE to FOLLOWER at term 64 for DISCOVERED_A_NEW_TERM
2019-10-18 08:15:25,849 [ccb54c7c-d652-4a32-8fba-bee4dbf2a7ee@group-F971E7EEC70F-LeaderElection63] INFO  impl.RoleInfo (RoleInfo.java:shutdownLeaderElection(134)) - ccb54c7c-d652-4a32-8fba-bee4dbf2a7ee: shutdown LeaderElection
2019-10-18 08:15:25,849 [ccb54c7c-d652-4a32-8fba-bee4dbf2a7ee@group-F971E7EEC70F-LeaderElection63] INFO  impl.RoleInfo (RoleInfo.java:updateAndGet(143)) - ccb54c7c-d652-4a32-8fba-bee4dbf2a7ee: start FollowerState
2019-10-18 08:15:26,020 [Thread-868] INFO  impl.FollowerState (FollowerState.java:run(108)) - ccb54c7c-d652-4a32-8fba-bee4dbf2a7ee@group-F971E7EEC70F-FollowerState: change to CANDIDATE, lastRpcTime:171ms, electionTimeout:171ms
2019-10-18 08:15:26,021 [Thread-868] INFO  impl.RoleInfo (RoleInfo.java:shutdownFollowerState(121)) - ccb54c7c-d652-4a32-8fba-bee4dbf2a7ee: shutdown FollowerState
2019-10-18 08:15:26,021 [Thread-868] INFO  impl.RaftServerImpl (RaftServerImpl.java:setRole(184)) - ccb54c7c-d652-4a32-8fba-bee4dbf2a7ee@group-F971E7EEC70F: changes role from  FOLLOWER to CANDIDATE at term 64 for changeToCandidate
2019-10-18 08:15:26,021 [Thread-868] INFO  impl.RoleInfo (RoleInfo.java:updateAndGet(143)) - ccb54c7c-d652-4a32-8fba-bee4dbf2a7ee: start LeaderElection
2019-10-18 08:15:26,048 [ccb54c7c-d652-4a32-8fba-bee4dbf2a7ee@group-F971E7EEC70F-LeaderElection64] INFO  impl.LeaderElection (LeaderElection.java:askForVotes(178)) - ccb54c7c-d652-4a32-8fba-bee4dbf2a7ee@group-F971E7EEC70F-LeaderElection64: begin an election at term 65 for -1: [de33c61e-1baa-412c-a678-1642e68dfdea:192.168.69.67:35710, 413e678e-a618-4c92-927e-441fcc799019:192.168.69.67:40351, ccb54c7c-d652-4a32-8fba-bee4dbf2a7ee:192.168.69.67:36515], old=null
2019-10-18 08:15:26,051 [grpc-default-executor-0] INFO  impl.RaftServerImpl (RaftServerImpl.java:setRole(184)) - de33c61e-1baa-412c-a678-1642e68dfdea@group-F971E7EEC70F: changes role from  FOLLOWER to FOLLOWER at term 65 for recognizeCandidate:ccb54c7c-d652-4a32-8fba-bee4dbf2a7ee
2019-10-18 08:15:26,052 [grpc-default-executor-3] INFO  impl.RaftServerImpl (RaftServerImpl.java:setRole(184)) - 413e678e-a618-4c92-927e-441fcc799019@group-F971E7EEC70F: changes role from  FOLLOWER to FOLLOWER at term 65 for recognizeCandidate:ccb54c7c-d652-4a32-8fba-bee4dbf2a7ee
2019-10-18 08:15:26,052 [grpc-default-executor-0] INFO  impl.RoleInfo (RoleInfo.java:shutdownFollowerState(121)) - de33c61e-1baa-412c-a678-1642e68dfdea: shutdown FollowerState
2019-10-18 08:15:26,052 [grpc-default-executor-3] INFO  impl.RoleInfo (RoleInfo.java:shutdownFollowerState(121)) - 413e678e-a618-4c92-927e-441fcc799019: shutdown FollowerState
2019-10-18 08:15:26,052 [Thread-867] INFO  impl.FollowerState (FollowerState.java:run(117)) - de33c61e-1baa-412c-a678-1642e68dfdea@group-F971E7EEC70F-FollowerState was interrupted: java.lang.InterruptedException: sleep interrupted
2019-10-18 08:15:26,052 [grpc-default-executor-0] INFO  impl.RoleInfo (RoleInfo.java:updateAndGet(143)) - de33c61e-1baa-412c-a678-1642e68dfdea: start FollowerState
2019-10-18 08:15:26,053 [Thread-866] INFO  impl.FollowerState (FollowerState.java:run(117)) - 413e678e-a618-4c92-927e-441fcc799019@group-F971E7EEC70F-FollowerState was interrupted: java.lang.InterruptedException: sleep interrupted
2019-10-18 08:15:26,053 [grpc-default-executor-3] INFO  impl.RoleInfo (RoleInfo.java:updateAndGet(143)) - 413e678e-a618-4c92-927e-441fcc799019: start FollowerState
2019-10-18 08:15:26,065 [ccb54c7c-d652-4a32-8fba-bee4dbf2a7ee@group-F971E7EEC70F-LeaderElection64] INFO  impl.LeaderElection (LeaderElection.java:logAndReturn(56)) - ccb54c7c-d652-4a32-8fba-bee4dbf2a7ee@group-F971E7EEC70F-LeaderElection64: Election TIMEOUT; received 0 response(s) [] and 0 exception(s); ccb54c7c-d652-4a32-8fba-bee4dbf2a7ee@group-F971E7EEC70F:t65, leader=null, voted=ccb54c7c-d652-4a32-8fba-bee4dbf2a7ee, raftlog=ccb54c7c-d652-4a32-8fba-bee4dbf2a7ee@group-F971E7EEC70F-SegmentedRaftLog:OPENED:c-1,f-1,i0, conf=-1: [de33c61e-1baa-412c-a678-1642e68dfdea:192.168.69.67:35710, 413e678e-a618-4c92-927e-441fcc799019:192.168.69.67:40351, ccb54c7c-d652-4a32-8fba-bee4dbf2a7ee:192.168.69.67:36515], old=null
2019-10-18 08:15:26,069 [ccb54c7c-d652-4a32-8fba-bee4dbf2a7ee@group-F971E7EEC70F-LeaderElection64] INFO  impl.LeaderElection (LeaderElection.java:askForVotes(178)) - ccb54c7c-d652-4a32-8fba-bee4dbf2a7ee@group-F971E7EEC70F-LeaderElection64: begin an election at term 66 for -1: [de33c61e-1baa-412c-a678-1642e68dfdea:192.168.69.67:35710, 413e678e-a618-4c92-927e-441fcc799019:192.168.69.67:40351, ccb54c7c-d652-4a32-8fba-bee4dbf2a7ee:192.168.69.67:36515], old=null
2019-10-18 08:15:26,071 [grpc-default-executor-3] INFO  impl.RaftServerImpl (RaftServerImpl.java:setRole(184)) - de33c61e-1baa-412c-a678-1642e68dfdea@group-F971E7EEC70F: changes role from  FOLLOWER to FOLLOWER at term 66 for recognizeCandidate:ccb54c7c-d652-4a32-8fba-bee4dbf2a7ee
2019-10-18 08:15:26,071 [grpc-default-executor-3] INFO  impl.RoleInfo (RoleInfo.java:shutdownFollowerState(121)) - de33c61e-1baa-412c-a678-1642e68dfdea: shutdown FollowerState
2019-10-18 08:15:26,072 [grpc-default-executor-0] INFO  impl.RaftServerImpl (RaftServerImpl.java:setRole(184)) - 413e678e-a618-4c92-927e-441fcc799019@group-F971E7EEC70F: changes role from  FOLLOWER to FOLLOWER at term 66 for recognizeCandidate:ccb54c7c-d652-4a32-8fba-bee4dbf2a7ee
2019-10-18 08:15:26,072 [Thread-872] INFO  impl.FollowerState (FollowerState.java:run(117)) - de33c61e-1baa-412c-a678-1642e68dfdea@group-F971E7EEC70F-FollowerState was interrupted: java.lang.InterruptedException: sleep interrupted
2019-10-18 08:15:26,072 [grpc-default-executor-3] INFO  impl.RoleInfo (RoleInfo.java:updateAndGet(143)) - de33c61e-1baa-412c-a678-1642e68dfdea: start FollowerState
2019-10-18 08:15:26,072 [grpc-default-executor-0] INFO  impl.RoleInfo (RoleInfo.java:shutdownFollowerState(121)) - 413e678e-a618-4c92-927e-441fcc799019: shutdown FollowerState
2019-10-18 08:15:26,073 [grpc-default-executor-0] INFO  impl.RoleInfo (RoleInfo.java:updateAndGet(143)) - 413e678e-a618-4c92-927e-441fcc799019: start FollowerState
2019-10-18 08:15:26,073 [Thread-873] INFO  impl.FollowerState (FollowerState.java:run(117)) - 413e678e-a618-4c92-927e-441fcc799019@group-F971E7EEC70F-FollowerState was interrupted: java.lang.InterruptedException: sleep interrupted
2019-10-18 08:15:26,098 [ccb54c7c-d652-4a32-8fba-bee4dbf2a7ee@group-F971E7EEC70F-LeaderElection64] INFO  impl.LeaderElection (LeaderElection.java:logAndReturn(56)) - ccb54c7c-d652-4a32-8fba-bee4dbf2a7ee@group-F971E7EEC70F-LeaderElection64: Election REJECTED; received 2 response(s) [ccb54c7c-d652-4a32-8fba-bee4dbf2a7ee<-de33c61e-1baa-412c-a678-1642e68dfdea#0:FAIL-t66, ccb54c7c-d652-4a32-8fba-bee4dbf2a7ee<-413e678e-a618-4c92-927e-441fcc799019#0:FAIL-t66] and 0 exception(s); ccb54c7c-d652-4a32-8fba-bee4dbf2a7ee@group-F971E7EEC70F:t66, leader=null, voted=ccb54c7c-d652-4a32-8fba-bee4dbf2a7ee, raftlog=ccb54c7c-d652-4a32-8fba-bee4dbf2a7ee@group-F971E7EEC70F-SegmentedRaftLog:OPENED:c-1,f-1,i0, conf=-1: [de33c61e-1baa-412c-a678-1642e68dfdea:192.168.69.67:35710, 413e678e-a618-4c92-927e-441fcc799019:192.168.69.67:40351, ccb54c7c-d652-4a32-8fba-bee4dbf2a7ee:192.168.69.67:36515], old=null
2019-10-18 08:15:26,099 [ccb54c7c-d652-4a32-8fba-bee4dbf2a7ee@group-F971E7EEC70F-LeaderElection64] INFO  impl.RaftServerImpl (RaftServerImpl.java:setRole(184)) - ccb54c7c-d652-4a32-8fba-bee4dbf2a7ee@group-F971E7EEC70F: changes role from CANDIDATE to FOLLOWER at term 66 for DISCOVERED_A_NEW_TERM
2019-10-18 08:15:26,099 [ccb54c7c-d652-4a32-8fba-bee4dbf2a7ee@group-F971E7EEC70F-LeaderElection64] INFO  impl.RoleInfo (RoleInfo.java:shutdownLeaderElection(134)) - ccb54c7c-d652-4a32-8fba-bee4dbf2a7ee: shutdown LeaderElection
2019-10-18 08:15:26,099 [ccb54c7c-d652-4a32-8fba-bee4dbf2a7ee@group-F971E7EEC70F-LeaderElection64] INFO  impl.RoleInfo (RoleInfo.java:updateAndGet(143)) - ccb54c7c-d652-4a32-8fba-bee4dbf2a7ee: start FollowerState
2019-10-18 08:15:26,247 [Thread-878] INFO  impl.FollowerState (FollowerState.java:run(108)) - ccb54c7c-d652-4a32-8fba-bee4dbf2a7ee@group-F971E7EEC70F-FollowerState: change to CANDIDATE, lastRpcTime:147ms, electionTimeout:147ms
2019-10-18 08:15:26,247 [Thread-878] INFO  impl.RoleInfo (RoleInfo.java:shutdownFollowerState(121)) - ccb54c7c-d652-4a32-8fba-bee4dbf2a7ee: shutdown FollowerState
2019-10-18 08:15:26,247 [Thread-878] INFO  impl.RaftServerImpl (RaftServerImpl.java:setRole(184)) - ccb54c7c-d652-4a32-8fba-bee4dbf2a7ee@group-F971E7EEC70F: changes role from  FOLLOWER to CANDIDATE at term 66 for changeToCandidate
2019-10-18 08:15:26,248 [Thread-878] INFO  impl.RoleInfo (RoleInfo.java:updateAndGet(143)) - ccb54c7c-d652-4a32-8fba-bee4dbf2a7ee: start LeaderElection
2019-10-18 08:15:26,262 [ccb54c7c-d652-4a32-8fba-bee4dbf2a7ee@group-F971E7EEC70F-LeaderElection65] INFO  impl.LeaderElection (LeaderElection.java:askForVotes(178)) - ccb54c7c-d652-4a32-8fba-bee4dbf2a7ee@group-F971E7EEC70F-LeaderElection65: begin an election at term 67 for -1: [de33c61e-1baa-412c-a678-1642e68dfdea:192.168.69.67:35710, 413e678e-a618-4c92-927e-441fcc799019:192.168.69.67:40351, ccb54c7c-d652-4a32-8fba-bee4dbf2a7ee:192.168.69.67:36515], old=null
2019-10-18 08:15:26,264 [grpc-default-executor-3] INFO  impl.RaftServerImpl (RaftServerImpl.java:setRole(184)) - de33c61e-1baa-412c-a678-1642e68dfdea@group-F971E7EEC70F: changes role from  FOLLOWER to FOLLOWER at term 67 for recognizeCandidate:ccb54c7c-d652-4a32-8fba-bee4dbf2a7ee
2019-10-18 08:15:26,264 [grpc-default-executor-0] INFO  impl.RaftServerImpl (RaftServerImpl.java:setRole(184)) - 413e678e-a618-4c92-927e-441fcc799019@group-F971E7EEC70F: changes role from  FOLLOWER to FOLLOWER at term 67 for recognizeCandidate:ccb54c7c-d652-4a32-8fba-bee4dbf2a7ee
2019-10-18 08:15:26,264 [grpc-default-executor-0] INFO  impl.RoleInfo (RoleInfo.java:shutdownFollowerState(121)) - 413e678e-a618-4c92-927e-441fcc799019: shutdown FollowerState
2019-10-18 08:15:26,264 [grpc-default-executor-3] INFO  impl.RoleInfo (RoleInfo.java:shutdownFollowerState(121)) - de33c61e-1baa-412c-a678-1642e68dfdea: shutdown FollowerState
2019-10-18 08:15:26,265 [Thread-877] INFO  impl.FollowerState (FollowerState.java:run(117)) - 413e678e-a618-4c92-927e-441fcc799019@group-F971E7EEC70F-FollowerState was interrupted: java.lang.InterruptedException: sleep interrupted
2019-10-18 08:15:26,265 [Thread-876] INFO  impl.FollowerState (FollowerState.java:run(117)) - de33c61e-1baa-412c-a678-1642e68dfdea@group-F971E7EEC70F-FollowerState was interrupted: java.lang.InterruptedException: sleep interrupted
2019-10-18 08:15:26,265 [grpc-default-executor-0] INFO  impl.RoleInfo (RoleInfo.java:updateAndGet(143)) - 413e678e-a618-4c92-927e-441fcc799019: start FollowerState
2019-10-18 08:15:26,265 [grpc-default-executor-3] INFO  impl.RoleInfo (RoleInfo.java:updateAndGet(143)) - de33c61e-1baa-412c-a678-1642e68dfdea: start FollowerState
2019-10-18 08:15:26,291 [ccb54c7c-d652-4a32-8fba-bee4dbf2a7ee@group-F971E7EEC70F-LeaderElection65] INFO  impl.LeaderElection (LeaderElection.java:logAndReturn(56)) - ccb54c7c-d652-4a32-8fba-bee4dbf2a7ee@group-F971E7EEC70F-LeaderElection65: Election REJECTED; received 2 response(s) [ccb54c7c-d652-4a32-8fba-bee4dbf2a7ee<-de33c61e-1baa-412c-a678-1642e68dfdea#0:FAIL-t67, ccb54c7c-d652-4a32-8fba-bee4dbf2a7ee<-413e678e-a618-4c92-927e-441fcc799019#0:FAIL-t67] and 0 exception(s); ccb54c7c-d652-4a32-8fba-bee4dbf2a7ee@group-F971E7EEC70F:t67, leader=null, voted=ccb54c7c-d652-4a32-8fba-bee4dbf2a7ee, raftlog=ccb54c7c-d652-4a32-8fba-bee4dbf2a7ee@group-F971E7EEC70F-SegmentedRaftLog:OPENED:c-1,f-1,i0, conf=-1: [de33c61e-1baa-412c-a678-1642e68dfdea:192.168.69.67:35710, 413e678e-a618-4c92-927e-441fcc799019:192.168.69.67:40351, ccb54c7c-d652-4a32-8fba-bee4dbf2a7ee:192.168.69.67:36515], old=null
2019-10-18 08:15:26,292 [ccb54c7c-d652-4a32-8fba-bee4dbf2a7ee@group-F971E7EEC70F-LeaderElection65] INFO  impl.RaftServerImpl (RaftServerImpl.java:setRole(184)) - ccb54c7c-d652-4a32-8fba-bee4dbf2a7ee@group-F971E7EEC70F: changes role from CANDIDATE to FOLLOWER at term 67 for DISCOVERED_A_NEW_TERM
2019-10-18 08:15:26,292 [ccb54c7c-d652-4a32-8fba-bee4dbf2a7ee@group-F971E7EEC70F-LeaderElection65] INFO  impl.RoleInfo (RoleInfo.java:shutdownLeaderElection(134)) - ccb54c7c-d652-4a32-8fba-bee4dbf2a7ee: shutdown LeaderElection
2019-10-18 08:15:26,292 [ccb54c7c-d652-4a32-8fba-bee4dbf2a7ee@group-F971E7EEC70F-LeaderElection65] INFO  impl.RoleInfo (RoleInfo.java:updateAndGet(143)) - ccb54c7c-d652-4a32-8fba-bee4dbf2a7ee: start FollowerState
2019-10-18 08:15:26,426 [Thread-884] INFO  impl.FollowerState (FollowerState.java:run(108)) - ccb54c7c-d652-4a32-8fba-bee4dbf2a7ee@group-F971E7EEC70F-FollowerState: change to CANDIDATE, lastRpcTime:134ms, electionTimeout:134ms
2019-10-18 08:15:26,427 [Thread-884] INFO  impl.RoleInfo (RoleInfo.java:shutdownFollowerState(121)) - ccb54c7c-d652-4a32-8fba-bee4dbf2a7ee: shutdown FollowerState
2019-10-18 08:15:26,427 [Thread-884] INFO  impl.RaftServerImpl (RaftServerImpl.java:setRole(184)) - ccb54c7c-d652-4a32-8fba-bee4dbf2a7ee@group-F971E7EEC70F: changes role from  FOLLOWER to CANDIDATE at term 67 for changeToCandidate
2019-10-18 08:15:26,427 [Thread-884] INFO  impl.RoleInfo (RoleInfo.java:updateAndGet(143)) - ccb54c7c-d652-4a32-8fba-bee4dbf2a7ee: start LeaderElection
2019-10-18 08:15:26,454 [ccb54c7c-d652-4a32-8fba-bee4dbf2a7ee@group-F971E7EEC70F-LeaderElection66] INFO  impl.LeaderElection (LeaderElection.java:askForVotes(178)) - ccb54c7c-d652-4a32-8fba-bee4dbf2a7ee@group-F971E7EEC70F-LeaderElection66: begin an election at term 68 for -1: [de33c61e-1baa-412c-a678-1642e68dfdea:192.168.69.67:35710, 413e678e-a618-4c92-927e-441fcc799019:192.168.69.67:40351, ccb54c7c-d652-4a32-8fba-bee4dbf2a7ee:192.168.69.67:36515], old=null
2019-10-18 08:15:26,457 [grpc-default-executor-3] INFO  impl.RaftServerImpl (RaftServerImpl.java:setRole(184)) - 413e678e-a618-4c92-927e-441fcc799019@group-F971E7EEC70F: changes role from  FOLLOWER to FOLLOWER at term 68 for recognizeCandidate:ccb54c7c-d652-4a32-8fba-bee4dbf2a7ee
2019-10-18 08:15:26,457 [grpc-default-executor-3] INFO  impl.RoleInfo (RoleInfo.java:shutdownFollowerState(121)) - 413e678e-a618-4c92-927e-441fcc799019: shutdown FollowerState
2019-10-18 08:15:26,457 [grpc-default-executor-3] INFO  impl.RoleInfo (RoleInfo.java:updateAndGet(143)) - 413e678e-a618-4c92-927e-441fcc799019: start FollowerState
2019-10-18 08:15:26,458 [Thread-882] INFO  impl.FollowerState (FollowerState.java:run(117)) - 413e678e-a618-4c92-927e-441fcc799019@group-F971E7EEC70F-FollowerState was interrupted: java.lang.InterruptedException: sleep interrupted
2019-10-18 08:15:26,460 [grpc-default-executor-0] INFO  impl.RaftServerImpl (RaftServerImpl.java:setRole(184)) - de33c61e-1baa-412c-a678-1642e68dfdea@group-F971E7EEC70F: changes role from  FOLLOWER to FOLLOWER at term 68 for recognizeCandidate:ccb54c7c-d652-4a32-8fba-bee4dbf2a7ee
2019-10-18 08:15:26,461 [grpc-default-executor-0] INFO  impl.RoleInfo (RoleInfo.java:shutdownFollowerState(121)) - de33c61e-1baa-412c-a678-1642e68dfdea: shutdown FollowerState
2019-10-18 08:15:26,461 [grpc-default-executor-0] INFO  impl.RoleInfo (RoleInfo.java:updateAndGet(143)) - de33c61e-1baa-412c-a678-1642e68dfdea: start FollowerState
2019-10-18 08:15:26,461 [Thread-883] INFO  impl.FollowerState (FollowerState.java:run(117)) - de33c61e-1baa-412c-a678-1642e68dfdea@group-F971E7EEC70F-FollowerState was interrupted: java.lang.InterruptedException: sleep interrupted
2019-10-18 08:15:26,475 [ccb54c7c-d652-4a32-8fba-bee4dbf2a7ee@group-F971E7EEC70F-LeaderElection66] INFO  impl.LeaderElection (LeaderElection.java:logAndReturn(56)) - ccb54c7c-d652-4a32-8fba-bee4dbf2a7ee@group-F971E7EEC70F-LeaderElection66: Election REJECTED; received 2 response(s) [ccb54c7c-d652-4a32-8fba-bee4dbf2a7ee<-de33c61e-1baa-412c-a678-1642e68dfdea#0:FAIL-t68, ccb54c7c-d652-4a32-8fba-bee4dbf2a7ee<-413e678e-a618-4c92-927e-441fcc799019#0:FAIL-t68] and 0 exception(s); ccb54c7c-d652-4a32-8fba-bee4dbf2a7ee@group-F971E7EEC70F:t68, leader=null, voted=ccb54c7c-d652-4a32-8fba-bee4dbf2a7ee, raftlog=ccb54c7c-d652-4a32-8fba-bee4dbf2a7ee@group-F971E7EEC70F-SegmentedRaftLog:OPENED:c-1,f-1,i0, conf=-1: [de33c61e-1baa-412c-a678-1642e68dfdea:192.168.69.67:35710, 413e678e-a618-4c92-927e-441fcc799019:192.168.69.67:40351, ccb54c7c-d652-4a32-8fba-bee4dbf2a7ee:192.168.69.67:36515], old=null
2019-10-18 08:15:26,475 [ccb54c7c-d652-4a32-8fba-bee4dbf2a7ee@group-F971E7EEC70F-LeaderElection66] INFO  impl.RaftServerImpl (RaftServerImpl.java:setRole(184)) - ccb54c7c-d652-4a32-8fba-bee4dbf2a7ee@group-F971E7EEC70F: changes role from CANDIDATE to FOLLOWER at term 68 for DISCOVERED_A_NEW_TERM
2019-10-18 08:15:26,475 [ccb54c7c-d652-4a32-8fba-bee4dbf2a7ee@group-F971E7EEC70F-LeaderElection66] INFO  impl.RoleInfo (RoleInfo.java:shutdownLeaderElection(134)) - ccb54c7c-d652-4a32-8fba-bee4dbf2a7ee: shutdown LeaderElection
2019-10-18 08:15:26,475 [ccb54c7c-d652-4a32-8fba-bee4dbf2a7ee@group-F971E7EEC70F-LeaderElection66] INFO  impl.RoleInfo (RoleInfo.java:updateAndGet(143)) - ccb54c7c-d652-4a32-8fba-bee4dbf2a7ee: start FollowerState
2019-10-18 08:15:26,641 [Thread-890] INFO  impl.FollowerState (FollowerState.java:run(108)) - ccb54c7c-d652-4a32-8fba-bee4dbf2a7ee@group-F971E7EEC70F-FollowerState: change to CANDIDATE, lastRpcTime:165ms, electionTimeout:165ms
2019-10-18 08:15:26,641 [Thread-890] INFO  impl.RoleInfo (RoleInfo.java:shutdownFollowerState(121)) - ccb54c7c-d652-4a32-8fba-bee4dbf2a7ee: shutdown FollowerState
2019-10-18 08:15:26,641 [Thread-890] INFO  impl.RaftServerImpl (RaftServerImpl.java:setRole(184)) - ccb54c7c-d652-4a32-8fba-bee4dbf2a7ee@group-F971E7EEC70F: changes role from  FOLLOWER to CANDIDATE at term 68 for changeToCandidate
2019-10-18 08:15:26,642 [Thread-890] INFO  impl.RoleInfo (RoleInfo.java:updateAndGet(143)) - ccb54c7c-d652-4a32-8fba-bee4dbf2a7ee: start LeaderElection
2019-10-18 08:15:26,668 [ccb54c7c-d652-4a32-8fba-bee4dbf2a7ee@group-F971E7EEC70F-LeaderElection67] INFO  impl.LeaderElection (LeaderElection.java:askForVotes(178)) - ccb54c7c-d652-4a32-8fba-bee4dbf2a7ee@group-F971E7EEC70F-LeaderElection67: begin an election at term 69 for -1: [de33c61e-1baa-412c-a678-1642e68dfdea:192.168.69.67:35710, 413e678e-a618-4c92-927e-441fcc799019:192.168.69.67:40351, ccb54c7c-d652-4a32-8fba-bee4dbf2a7ee:192.168.69.67:36515], old=null
2019-10-18 08:15:26,671 [grpc-default-executor-3] INFO  impl.RaftServerImpl (RaftServerImpl.java:setRole(184)) - 413e678e-a618-4c92-927e-441fcc799019@group-F971E7EEC70F: changes role from  FOLLOWER to FOLLOWER at term 69 for recognizeCandidate:ccb54c7c-d652-4a32-8fba-bee4dbf2a7ee
2019-10-18 08:15:26,671 [grpc-default-executor-0] INFO  impl.RaftServerImpl (RaftServerImpl.java:setRole(184)) - de33c61e-1baa-412c-a678-1642e68dfdea@group-F971E7EEC70F: changes role from  FOLLOWER to FOLLOWER at term 69 for recognizeCandidate:ccb54c7c-d652-4a32-8fba-bee4dbf2a7ee
2019-10-18 08:15:26,671 [grpc-default-executor-3] INFO  impl.RoleInfo (RoleInfo.java:shutdownFollowerState(121)) - 413e678e-a618-4c92-927e-441fcc799019: shutdown FollowerState
2019-10-18 08:15:26,671 [grpc-default-executor-0] INFO  impl.RoleInfo (RoleInfo.java:shutdownFollowerState(121)) - de33c61e-1baa-412c-a678-1642e68dfdea: shutdown FollowerState
2019-10-18 08:15:26,672 [Thread-888] INFO  impl.FollowerState (FollowerState.java:run(117)) - 413e678e-a618-4c92-927e-441fcc799019@group-F971E7EEC70F-FollowerState was interrupted: java.lang.InterruptedException: sleep interrupted
2019-10-18 08:15:26,672 [grpc-default-executor-3] INFO  impl.RoleInfo (RoleInfo.java:updateAndGet(143)) - 413e678e-a618-4c92-927e-441fcc799019: start FollowerState
2019-10-18 08:15:26,672 [Thread-889] INFO  impl.FollowerState (FollowerState.java:run(117)) - de33c61e-1baa-412c-a678-1642e68dfdea@group-F971E7EEC70F-FollowerState was interrupted: java.lang.InterruptedException: sleep interrupted
2019-10-18 08:15:26,672 [grpc-default-executor-0] INFO  impl.RoleInfo (RoleInfo.java:updateAndGet(143)) - de33c61e-1baa-412c-a678-1642e68dfdea: start FollowerState
2019-10-18 08:15:26,701 [ccb54c7c-d652-4a32-8fba-bee4dbf2a7ee@group-F971E7EEC70F-LeaderElection67] INFO  impl.LeaderElection (LeaderElection.java:logAndReturn(56)) - ccb54c7c-d652-4a32-8fba-bee4dbf2a7ee@group-F971E7EEC70F-LeaderElection67: Election REJECTED; received 2 response(s) [ccb54c7c-d652-4a32-8fba-bee4dbf2a7ee<-de33c61e-1baa-412c-a678-1642e68dfdea#0:FAIL-t69, ccb54c7c-d652-4a32-8fba-bee4dbf2a7ee<-413e678e-a618-4c92-927e-441fcc799019#0:FAIL-t69] and 0 exception(s); ccb54c7c-d652-4a32-8fba-bee4dbf2a7ee@group-F971E7EEC70F:t69, leader=null, voted=ccb54c7c-d652-4a32-8fba-bee4dbf2a7ee, raftlog=ccb54c7c-d652-4a32-8fba-bee4dbf2a7ee@group-F971E7EEC70F-SegmentedRaftLog:OPENED:c-1,f-1,i0, conf=-1: [de33c61e-1baa-412c-a678-1642e68dfdea:192.168.69.67:35710, 413e678e-a618-4c92-927e-441fcc799019:192.168.69.67:40351, ccb54c7c-d652-4a32-8fba-bee4dbf2a7ee:192.168.69.67:36515], old=null
2019-10-18 08:15:26,701 [ccb54c7c-d652-4a32-8fba-bee4dbf2a7ee@group-F971E7EEC70F-LeaderElection67] INFO  impl.RaftServerImpl (RaftServerImpl.java:setRole(184)) - ccb54c7c-d652-4a32-8fba-bee4dbf2a7ee@group-F971E7EEC70F: changes role from CANDIDATE to FOLLOWER at term 69 for DISCOVERED_A_NEW_TERM
2019-10-18 08:15:26,702 [ccb54c7c-d652-4a32-8fba-bee4dbf2a7ee@group-F971E7EEC70F-LeaderElection67] INFO  impl.RoleInfo (RoleInfo.java:shutdownLeaderElection(134)) - ccb54c7c-d652-4a32-8fba-bee4dbf2a7ee: shutdown LeaderElection
2019-10-18 08:15:26,702 [ccb54c7c-d652-4a32-8fba-bee4dbf2a7ee@group-F971E7EEC70F-LeaderElection67] INFO  impl.RoleInfo (RoleInfo.java:updateAndGet(143)) - ccb54c7c-d652-4a32-8fba-bee4dbf2a7ee: start FollowerState
2019-10-18 08:15:26,826 [Thread-896] INFO  impl.FollowerState (FollowerState.java:run(108)) - ccb54c7c-d652-4a32-8fba-bee4dbf2a7ee@group-F971E7EEC70F-FollowerState: change to CANDIDATE, lastRpcTime:123ms, electionTimeout:123ms
2019-10-18 08:15:26,826 [Thread-896] INFO  impl.RoleInfo (RoleInfo.java:shutdownFollowerState(121)) - ccb54c7c-d652-4a32-8fba-bee4dbf2a7ee: shutdown FollowerState
2019-10-18 08:15:26,826 [Thread-896] INFO  impl.RaftServerImpl (RaftServerImpl.java:setRole(184)) - ccb54c7c-d652-4a32-8fba-bee4dbf2a7ee@group-F971E7EEC70F: changes role from  FOLLOWER to CANDIDATE at term 69 for changeToCandidate
2019-10-18 08:15:26,826 [Thread-896] INFO  impl.RoleInfo (RoleInfo.java:updateAndGet(143)) - ccb54c7c-d652-4a32-8fba-bee4dbf2a7ee: start LeaderElection
2019-10-18 08:15:26,841 [ccb54c7c-d652-4a32-8fba-bee4dbf2a7ee@group-F971E7EEC70F-LeaderElection68] INFO  impl.LeaderElection (LeaderElection.java:askForVotes(178)) - ccb54c7c-d652-4a32-8fba-bee4dbf2a7ee@group-F971E7EEC70F-LeaderElection68: begin an election at term 70 for -1: [de33c61e-1baa-412c-a678-1642e68dfdea:192.168.69.67:35710, 413e678e-a618-4c92-927e-441fcc799019:192.168.69.67:40351, ccb54c7c-d652-4a32-8fba-bee4dbf2a7ee:192.168.69.67:36515], old=null
2019-10-18 08:15:26,844 [grpc-default-executor-3] INFO  impl.RaftServerImpl (RaftServerImpl.java:setRole(184)) - 413e678e-a618-4c92-927e-441fcc799019@group-F971E7EEC70F: changes role from  FOLLOWER to FOLLOWER at term 70 for recognizeCandidate:ccb54c7c-d652-4a32-8fba-bee4dbf2a7ee
2019-10-18 08:15:26,844 [grpc-default-executor-0] INFO  impl.RaftServerImpl (RaftServerImpl.java:setRole(184)) - de33c61e-1baa-412c-a678-1642e68dfdea@group-F971E7EEC70F: changes role from  FOLLOWER to FOLLOWER at term 70 for recognizeCandidate:ccb54c7c-d652-4a32-8fba-bee4dbf2a7ee
2019-10-18 08:15:26,844 [grpc-default-executor-3] INFO  impl.RoleInfo (RoleInfo.java:shutdownFollowerState(121)) - 413e678e-a618-4c92-927e-441fcc799019: shutdown FollowerState
2019-10-18 08:15:26,844 [grpc-default-executor-0] INFO  impl.RoleInfo (RoleInfo.java:shutdownFollowerState(121)) - de33c61e-1baa-412c-a678-1642e68dfdea: shutdown FollowerState
2019-10-18 08:15:26,845 [Thread-894] INFO  impl.FollowerState (FollowerState.java:run(117)) - 413e678e-a618-4c92-927e-441fcc799019@group-F971E7EEC70F-FollowerState was interrupted: java.lang.InterruptedException: sleep interrupted
2019-10-18 08:15:26,845 [grpc-default-executor-3] INFO  impl.RoleInfo (RoleInfo.java:updateAndGet(143)) - 413e678e-a618-4c92-927e-441fcc799019: start FollowerState
2019-10-18 08:15:26,845 [Thread-895] INFO  impl.FollowerState (FollowerState.java:run(117)) - de33c61e-1baa-412c-a678-1642e68dfdea@group-F971E7EEC70F-FollowerState was interrupted: java.lang.InterruptedException: sleep interrupted
2019-10-18 08:15:26,845 [grpc-default-executor-0] INFO  impl.RoleInfo (RoleInfo.java:updateAndGet(143)) - de33c61e-1baa-412c-a678-1642e68dfdea: start FollowerState
2019-10-18 08:15:26,859 [ccb54c7c-d652-4a32-8fba-bee4dbf2a7ee@group-F971E7EEC70F-LeaderElection68] INFO  impl.LeaderElection (LeaderElection.java:logAndReturn(56)) - ccb54c7c-d652-4a32-8fba-bee4dbf2a7ee@group-F971E7EEC70F-LeaderElection68: Election REJECTED; received 2 response(s) [ccb54c7c-d652-4a32-8fba-bee4dbf2a7ee<-de33c61e-1baa-412c-a678-1642e68dfdea#0:FAIL-t70, ccb54c7c-d652-4a32-8fba-bee4dbf2a7ee<-413e678e-a618-4c92-927e-441fcc799019#0:FAIL-t70] and 0 exception(s); ccb54c7c-d652-4a32-8fba-bee4dbf2a7ee@group-F971E7EEC70F:t70, leader=null, voted=ccb54c7c-d652-4a32-8fba-bee4dbf2a7ee, raftlog=ccb54c7c-d652-4a32-8fba-bee4dbf2a7ee@group-F971E7EEC70F-SegmentedRaftLog:OPENED:c-1,f-1,i0, conf=-1: [de33c61e-1baa-412c-a678-1642e68dfdea:192.168.69.67:35710, 413e678e-a618-4c92-927e-441fcc799019:192.168.69.67:40351, ccb54c7c-d652-4a32-8fba-bee4dbf2a7ee:192.168.69.67:36515], old=null
2019-10-18 08:15:26,860 [ccb54c7c-d652-4a32-8fba-bee4dbf2a7ee@group-F971E7EEC70F-LeaderElection68] INFO  impl.RaftServerImpl (RaftServerImpl.java:setRole(184)) - ccb54c7c-d652-4a32-8fba-bee4dbf2a7ee@group-F971E7EEC70F: changes role from CANDIDATE to FOLLOWER at term 70 for DISCOVERED_A_NEW_TERM
2019-10-18 08:15:26,860 [ccb54c7c-d652-4a32-8fba-bee4dbf2a7ee@group-F971E7EEC70F-LeaderElection68] INFO  impl.RoleInfo (RoleInfo.java:shutdownLeaderElection(134)) - ccb54c7c-d652-4a32-8fba-bee4dbf2a7ee: shutdown LeaderElection
2019-10-18 08:15:26,860 [ccb54c7c-d652-4a32-8fba-bee4dbf2a7ee@group-F971E7EEC70F-LeaderElection68] INFO  impl.RoleInfo (RoleInfo.java:updateAndGet(143)) - ccb54c7c-d652-4a32-8fba-bee4dbf2a7ee: start FollowerState
2019-10-18 08:15:27,040 [Thread-902] INFO  impl.FollowerState (FollowerState.java:run(108)) - ccb54c7c-d652-4a32-8fba-bee4dbf2a7ee@group-F971E7EEC70F-FollowerState: change to CANDIDATE, lastRpcTime:180ms, electionTimeout:180ms
2019-10-18 08:15:27,041 [Thread-902] INFO  impl.RoleInfo (RoleInfo.java:shutdownFollowerState(121)) - ccb54c7c-d652-4a32-8fba-bee4dbf2a7ee: shutdown FollowerState
2019-10-18 08:15:27,041 [Thread-902] INFO  impl.RaftServerImpl (RaftServerImpl.java:setRole(184)) - ccb54c7c-d652-4a32-8fba-bee4dbf2a7ee@group-F971E7EEC70F: changes role from  FOLLOWER to CANDIDATE at term 70 for changeToCandidate
2019-10-18 08:15:27,041 [Thread-902] INFO  impl.RoleInfo (RoleInfo.java:updateAndGet(143)) - ccb54c7c-d652-4a32-8fba-bee4dbf2a7ee: start LeaderElection
2019-10-18 08:15:27,055 [ccb54c7c-d652-4a32-8fba-bee4dbf2a7ee@group-F971E7EEC70F-LeaderElection69] INFO  impl.LeaderElection (LeaderElection.java:askForVotes(178)) - ccb54c7c-d652-4a32-8fba-bee4dbf2a7ee@group-F971E7EEC70F-LeaderElection69: begin an election at term 71 for -1: [de33c61e-1baa-412c-a678-1642e68dfdea:192.168.69.67:35710, 413e678e-a618-4c92-927e-441fcc799019:192.168.69.67:40351, ccb54c7c-d652-4a32-8fba-bee4dbf2a7ee:192.168.69.67:36515], old=null
2019-10-18 08:15:27,058 [grpc-default-executor-3] INFO  impl.RaftServerImpl (RaftServerImpl.java:setRole(184)) - de33c61e-1baa-412c-a678-1642e68dfdea@group-F971E7EEC70F: changes role from  FOLLOWER to FOLLOWER at term 71 for recognizeCandidate:ccb54c7c-d652-4a32-8fba-bee4dbf2a7ee
2019-10-18 08:15:27,058 [grpc-default-executor-3] INFO  impl.RoleInfo (RoleInfo.java:shutdownFollowerState(121)) - de33c61e-1baa-412c-a678-1642e68dfdea: shutdown FollowerState
2019-10-18 08:15:27,058 [grpc-default-executor-0] INFO  impl.RaftServerImpl (RaftServerImpl.java:setRole(184)) - 413e678e-a618-4c92-927e-441fcc799019@group-F971E7EEC70F: changes role from  FOLLOWER to FOLLOWER at term 71 for recognizeCandidate:ccb54c7c-d652-4a32-8fba-bee4dbf2a7ee
2019-10-18 08:15:27,058 [grpc-default-executor-3] INFO  impl.RoleInfo (RoleInfo.java:updateAndGet(143)) - de33c61e-1baa-412c-a678-1642e68dfdea: start FollowerState
2019-10-18 08:15:27,058 [Thread-901] INFO  impl.FollowerState (FollowerState.java:run(117)) - de33c61e-1baa-412c-a678-1642e68dfdea@group-F971E7EEC70F-FollowerState was interrupted: java.lang.InterruptedException: sleep interrupted
2019-10-18 08:15:27,059 [grpc-default-executor-0] INFO  impl.RoleInfo (RoleInfo.java:shutdownFollowerState(121)) - 413e678e-a618-4c92-927e-441fcc799019: shutdown FollowerState
2019-10-18 08:15:27,059 [grpc-default-executor-0] INFO  impl.RoleInfo (RoleInfo.java:updateAndGet(143)) - 413e678e-a618-4c92-927e-441fcc799019: start FollowerState
2019-10-18 08:15:27,059 [Thread-900] INFO  impl.FollowerState (FollowerState.java:run(117)) - 413e678e-a618-4c92-927e-441fcc799019@group-F971E7EEC70F-FollowerState was interrupted: java.lang.InterruptedException: sleep interrupted
2019-10-18 08:15:27,080 [ccb54c7c-d652-4a32-8fba-bee4dbf2a7ee@group-F971E7EEC70F-LeaderElection69] INFO  impl.LeaderElection (LeaderElection.java:logAndReturn(56)) - ccb54c7c-d652-4a32-8fba-bee4dbf2a7ee@group-F971E7EEC70F-LeaderElection69: Election REJECTED; received 2 response(s) [ccb54c7c-d652-4a32-8fba-bee4dbf2a7ee<-de33c61e-1baa-412c-a678-1642e68dfdea#0:FAIL-t71, ccb54c7c-d652-4a32-8fba-bee4dbf2a7ee<-413e678e-a618-4c92-927e-441fcc799019#0:FAIL-t71] and 0 exception(s); ccb54c7c-d652-4a32-8fba-bee4dbf2a7ee@group-F971E7EEC70F:t71, leader=null, voted=ccb54c7c-d652-4a32-8fba-bee4dbf2a7ee, raftlog=ccb54c7c-d652-4a32-8fba-bee4dbf2a7ee@group-F971E7EEC70F-SegmentedRaftLog:OPENED:c-1,f-1,i0, conf=-1: [de33c61e-1baa-412c-a678-1642e68dfdea:192.168.69.67:35710, 413e678e-a618-4c92-927e-441fcc799019:192.168.69.67:40351, ccb54c7c-d652-4a32-8fba-bee4dbf2a7ee:192.168.69.67:36515], old=null
2019-10-18 08:15:27,080 [ccb54c7c-d652-4a32-8fba-bee4dbf2a7ee@group-F971E7EEC70F-LeaderElection69] INFO  impl.RaftServerImpl (RaftServerImpl.java:setRole(184)) - ccb54c7c-d652-4a32-8fba-bee4dbf2a7ee@group-F971E7EEC70F: changes role from CANDIDATE to FOLLOWER at term 71 for DISCOVERED_A_NEW_TERM
2019-10-18 08:15:27,080 [ccb54c7c-d652-4a32-8fba-bee4dbf2a7ee@group-F971E7EEC70F-LeaderElection69] INFO  impl.RoleInfo (RoleInfo.java:shutdownLeaderElection(134)) - ccb54c7c-d652-4a32-8fba-bee4dbf2a7ee: shutdown LeaderElection
2019-10-18 08:15:27,080 [ccb54c7c-d652-4a32-8fba-bee4dbf2a7ee@group-F971E7EEC70F-LeaderElection69] INFO  impl.RoleInfo (RoleInfo.java:updateAndGet(143)) - ccb54c7c-d652-4a32-8fba-bee4dbf2a7ee: start FollowerState
2019-10-18 08:15:27,238 [Thread-908] INFO  impl.FollowerState (FollowerState.java:run(108)) - ccb54c7c-d652-4a32-8fba-bee4dbf2a7ee@group-F971E7EEC70F-FollowerState: change to CANDIDATE, lastRpcTime:157ms, electionTimeout:157ms
2019-10-18 08:15:27,238 [Thread-908] INFO  impl.RoleInfo (RoleInfo.java:shutdownFollowerState(121)) - ccb54c7c-d652-4a32-8fba-bee4dbf2a7ee: shutdown FollowerState
2019-10-18 08:15:27,238 [Thread-908] INFO  impl.RaftServerImpl (RaftServerImpl.java:setRole(184)) - ccb54c7c-d652-4a32-8fba-bee4dbf2a7ee@group-F971E7EEC70F: changes role from  FOLLOWER to CANDIDATE at term 71 for changeToCandidate
2019-10-18 08:15:27,239 [Thread-908] INFO  impl.RoleInfo (RoleInfo.java:updateAndGet(143)) - ccb54c7c-d652-4a32-8fba-bee4dbf2a7ee: start LeaderElection
2019-10-18 08:15:27,261 [ccb54c7c-d652-4a32-8fba-bee4dbf2a7ee@group-F971E7EEC70F-LeaderElection70] INFO  impl.LeaderElection (LeaderElection.java:askForVotes(178)) - ccb54c7c-d652-4a32-8fba-bee4dbf2a7ee@group-F971E7EEC70F-LeaderElection70: begin an election at term 72 for -1: [de33c61e-1baa-412c-a678-1642e68dfdea:192.168.69.67:35710, 413e678e-a618-4c92-927e-441fcc799019:192.168.69.67:40351, ccb54c7c-d652-4a32-8fba-bee4dbf2a7ee:192.168.69.67:36515], old=null
2019-10-18 08:15:27,264 [grpc-default-executor-0] INFO  impl.RaftServerImpl (RaftServerImpl.java:setRole(184)) - de33c61e-1baa-412c-a678-1642e68dfdea@group-F971E7EEC70F: changes role from  FOLLOWER to FOLLOWER at term 72 for recognizeCandidate:ccb54c7c-d652-4a32-8fba-bee4dbf2a7ee
2019-10-18 08:15:27,264 [grpc-default-executor-3] INFO  impl.RaftServerImpl (RaftServerImpl.java:setRole(184)) - 413e678e-a618-4c92-927e-441fcc799019@group-F971E7EEC70F: changes role from  FOLLOWER to FOLLOWER at term 72 for recognizeCandidate:ccb54c7c-d652-4a32-8fba-bee4dbf2a7ee
2019-10-18 08:15:27,264 [grpc-default-executor-0] INFO  impl.RoleInfo (RoleInfo.java:shutdownFollowerState(121)) - de33c61e-1baa-412c-a678-1642e68dfdea: shutdown FollowerState
2019-10-18 08:15:27,265 [grpc-default-executor-3] INFO  impl.RoleInfo (RoleInfo.java:shutdownFollowerState(121)) - 413e678e-a618-4c92-927e-441fcc799019: shutdown FollowerState
2019-10-18 08:15:27,265 [Thread-906] INFO  impl.FollowerState (FollowerState.java:run(117)) - de33c61e-1baa-412c-a678-1642e68dfdea@group-F971E7EEC70F-FollowerState was interrupted: java.lang.InterruptedException: sleep interrupted
2019-10-18 08:15:27,265 [grpc-default-executor-0] INFO  impl.RoleInfo (RoleInfo.java:updateAndGet(143)) - de33c61e-1baa-412c-a678-1642e68dfdea: start FollowerState
2019-10-18 08:15:27,265 [Thread-907] INFO  impl.FollowerState (FollowerState.java:run(117)) - 413e678e-a618-4c92-927e-441fcc799019@group-F971E7EEC70F-FollowerState was interrupted: java.lang.InterruptedException: sleep interrupted
2019-10-18 08:15:27,265 [grpc-default-executor-3] INFO  impl.RoleInfo (RoleInfo.java:updateAndGet(143)) - 413e678e-a618-4c92-927e-441fcc799019: start FollowerState
2019-10-18 08:15:27,281 [ccb54c7c-d652-4a32-8fba-bee4dbf2a7ee@group-F971E7EEC70F-LeaderElection70] INFO  impl.LeaderElection (LeaderElection.java:logAndReturn(56)) - ccb54c7c-d652-4a32-8fba-bee4dbf2a7ee@group-F971E7EEC70F-LeaderElection70: Election REJECTED; received 2 response(s) [ccb54c7c-d652-4a32-8fba-bee4dbf2a7ee<-de33c61e-1baa-412c-a678-1642e68dfdea#0:FAIL-t72, ccb54c7c-d652-4a32-8fba-bee4dbf2a7ee<-413e678e-a618-4c92-927e-441fcc799019#0:FAIL-t72] and 0 exception(s); ccb54c7c-d652-4a32-8fba-bee4dbf2a7ee@group-F971E7EEC70F:t72, leader=null, voted=ccb54c7c-d652-4a32-8fba-bee4dbf2a7ee, raftlog=ccb54c7c-d652-4a32-8fba-bee4dbf2a7ee@group-F971E7EEC70F-SegmentedRaftLog:OPENED:c-1,f-1,i0, conf=-1: [de33c61e-1baa-412c-a678-1642e68dfdea:192.168.69.67:35710, 413e678e-a618-4c92-927e-441fcc799019:192.168.69.67:40351, ccb54c7c-d652-4a32-8fba-bee4dbf2a7ee:192.168.69.67:36515], old=null
2019-10-18 08:15:27,281 [ccb54c7c-d652-4a32-8fba-bee4dbf2a7ee@group-F971E7EEC70F-LeaderElection70] INFO  impl.RaftServerImpl (RaftServerImpl.java:setRole(184)) - ccb54c7c-d652-4a32-8fba-bee4dbf2a7ee@group-F971E7EEC70F: changes role from CANDIDATE to FOLLOWER at term 72 for DISCOVERED_A_NEW_TERM
2019-10-18 08:15:27,282 [ccb54c7c-d652-4a32-8fba-bee4dbf2a7ee@group-F971E7EEC70F-LeaderElection70] INFO  impl.RoleInfo (RoleInfo.java:shutdownLeaderElection(134)) - ccb54c7c-d652-4a32-8fba-bee4dbf2a7ee: shutdown LeaderElection
2019-10-18 08:15:27,282 [ccb54c7c-d652-4a32-8fba-bee4dbf2a7ee@group-F971E7EEC70F-LeaderElection70] INFO  impl.RoleInfo (RoleInfo.java:updateAndGet(143)) - ccb54c7c-d652-4a32-8fba-bee4dbf2a7ee: start FollowerState
2019-10-18 08:15:27,379 [Thread-914] INFO  impl.FollowerState (FollowerState.java:run(108)) - ccb54c7c-d652-4a32-8fba-bee4dbf2a7ee@group-F971E7EEC70F-FollowerState: change to CANDIDATE, lastRpcTime:96ms, electionTimeout:96ms
2019-10-18 08:15:27,379 [Thread-914] INFO  impl.RoleInfo (RoleInfo.java:shutdownFollowerState(121)) - ccb54c7c-d652-4a32-8fba-bee4dbf2a7ee: shutdown FollowerState
2019-10-18 08:15:27,379 [Thread-914] INFO  impl.RaftServerImpl (RaftServerImpl.java:setRole(184)) - ccb54c7c-d652-4a32-8fba-bee4dbf2a7ee@group-F971E7EEC70F: changes role from  FOLLOWER to CANDIDATE at term 72 for changeToCandidate
2019-10-18 08:15:27,379 [Thread-914] INFO  impl.RoleInfo (RoleInfo.java:updateAndGet(143)) - ccb54c7c-d652-4a32-8fba-bee4dbf2a7ee: start LeaderElection
2019-10-18 08:15:27,405 [ccb54c7c-d652-4a32-8fba-bee4dbf2a7ee@group-F971E7EEC70F-LeaderElection71] INFO  impl.LeaderElection (LeaderElection.java:askForVotes(178)) - ccb54c7c-d652-4a32-8fba-bee4dbf2a7ee@group-F971E7EEC70F-LeaderElection71: begin an election at term 73 for -1: [de33c61e-1baa-412c-a678-1642e68dfdea:192.168.69.67:35710, 413e678e-a618-4c92-927e-441fcc799019:192.168.69.67:40351, ccb54c7c-d652-4a32-8fba-bee4dbf2a7ee:192.168.69.67:36515], old=null
2019-10-18 08:15:27,408 [grpc-default-executor-3] INFO  impl.RaftServerImpl (RaftServerImpl.java:setRole(184)) - 413e678e-a618-4c92-927e-441fcc799019@group-F971E7EEC70F: changes role from  FOLLOWER to FOLLOWER at term 73 for recognizeCandidate:ccb54c7c-d652-4a32-8fba-bee4dbf2a7ee
2019-10-18 08:15:27,408 [grpc-default-executor-0] INFO  impl.RaftServerImpl (RaftServerImpl.java:setRole(184)) - de33c61e-1baa-412c-a678-1642e68dfdea@group-F971E7EEC70F: changes role from  FOLLOWER to FOLLOWER at term 73 for recognizeCandidate:ccb54c7c-d652-4a32-8fba-bee4dbf2a7ee
2019-10-18 08:15:27,408 [grpc-default-executor-3] INFO  impl.RoleInfo (RoleInfo.java:shutdownFollowerState(121)) - 413e678e-a618-4c92-927e-441fcc799019: shutdown FollowerState
2019-10-18 08:15:27,409 [grpc-default-executor-0] INFO  impl.RoleInfo (RoleInfo.java:shutdownFollowerState(121)) - de33c61e-1baa-412c-a678-1642e68dfdea: shutdown FollowerState
2019-10-18 08:15:27,409 [Thread-913] INFO  impl.FollowerState (FollowerState.java:run(117)) - 413e678e-a618-4c92-927e-441fcc799019@group-F971E7EEC70F-FollowerState was interrupted: java.lang.InterruptedException: sleep interrupted
2019-10-18 08:15:27,409 [grpc-default-executor-3] INFO  impl.RoleInfo (RoleInfo.java:updateAndGet(143)) - 413e678e-a618-4c92-927e-441fcc799019: start FollowerState
2019-10-18 08:15:27,409 [Thread-912] INFO  impl.FollowerState (FollowerState.java:run(117)) - de33c61e-1baa-412c-a678-1642e68dfdea@group-F971E7EEC70F-FollowerState was interrupted: java.lang.InterruptedException: sleep interrupted
2019-10-18 08:15:27,409 [grpc-default-executor-0] INFO  impl.RoleInfo (RoleInfo.java:updateAndGet(143)) - de33c61e-1baa-412c-a678-1642e68dfdea: start FollowerState
2019-10-18 08:15:27,424 [ccb54c7c-d652-4a32-8fba-bee4dbf2a7ee@group-F971E7EEC70F-LeaderElection71] INFO  impl.LeaderElection (LeaderElection.java:logAndReturn(56)) - ccb54c7c-d652-4a32-8fba-bee4dbf2a7ee@group-F971E7EEC70F-LeaderElection71: Election REJECTED; received 2 response(s) [ccb54c7c-d652-4a32-8fba-bee4dbf2a7ee<-de33c61e-1baa-412c-a678-1642e68dfdea#0:FAIL-t73, ccb54c7c-d652-4a32-8fba-bee4dbf2a7ee<-413e678e-a618-4c92-927e-441fcc799019#0:FAIL-t73] and 0 exception(s); ccb54c7c-d652-4a32-8fba-bee4dbf2a7ee@group-F971E7EEC70F:t73, leader=null, voted=ccb54c7c-d652-4a32-8fba-bee4dbf2a7ee, raftlog=ccb54c7c-d652-4a32-8fba-bee4dbf2a7ee@group-F971E7EEC70F-SegmentedRaftLog:OPENED:c-1,f-1,i0, conf=-1: [de33c61e-1baa-412c-a678-1642e68dfdea:192.168.69.67:35710, 413e678e-a618-4c92-927e-441fcc799019:192.168.69.67:40351, ccb54c7c-d652-4a32-8fba-bee4dbf2a7ee:192.168.69.67:36515], old=null
2019-10-18 08:15:27,425 [ccb54c7c-d652-4a32-8fba-bee4dbf2a7ee@group-F971E7EEC70F-LeaderElection71] INFO  impl.RaftServerImpl (RaftServerImpl.java:setRole(184)) - ccb54c7c-d652-4a32-8fba-bee4dbf2a7ee@group-F971E7EEC70F: changes role from CANDIDATE to FOLLOWER at term 73 for DISCOVERED_A_NEW_TERM
2019-10-18 08:15:27,425 [ccb54c7c-d652-4a32-8fba-bee4dbf2a7ee@group-F971E7EEC70F-LeaderElection71] INFO  impl.RoleInfo (RoleInfo.java:shutdownLeaderElection(134)) - ccb54c7c-d652-4a32-8fba-bee4dbf2a7ee: shutdown LeaderElection
2019-10-18 08:15:27,425 [ccb54c7c-d652-4a32-8fba-bee4dbf2a7ee@group-F971E7EEC70F-LeaderElection71] INFO  impl.RoleInfo (RoleInfo.java:updateAndGet(143)) - ccb54c7c-d652-4a32-8fba-bee4dbf2a7ee: start FollowerState
2019-10-18 08:15:27,476 [Thread-920] INFO  impl.FollowerState (FollowerState.java:run(108)) - ccb54c7c-d652-4a32-8fba-bee4dbf2a7ee@group-F971E7EEC70F-FollowerState: change to CANDIDATE, lastRpcTime:51ms, electionTimeout:51ms
2019-10-18 08:15:27,477 [Thread-920] INFO  impl.RoleInfo (RoleInfo.java:shutdownFollowerState(121)) - ccb54c7c-d652-4a32-8fba-bee4dbf2a7ee: shutdown FollowerState
2019-10-18 08:15:27,477 [Thread-920] INFO  impl.RaftServerImpl (RaftServerImpl.java:setRole(184)) - ccb54c7c-d652-4a32-8fba-bee4dbf2a7ee@group-F971E7EEC70F: changes role from  FOLLOWER to CANDIDATE at term 73 for changeToCandidate
2019-10-18 08:15:27,477 [Thread-920] INFO  impl.RoleInfo (RoleInfo.java:updateAndGet(143)) - ccb54c7c-d652-4a32-8fba-bee4dbf2a7ee: start LeaderElection
2019-10-18 08:15:27,491 [ccb54c7c-d652-4a32-8fba-bee4dbf2a7ee@group-F971E7EEC70F-LeaderElection72] INFO  impl.LeaderElection (LeaderElection.java:askForVotes(178)) - ccb54c7c-d652-4a32-8fba-bee4dbf2a7ee@group-F971E7EEC70F-LeaderElection72: begin an election at term 74 for -1: [de33c61e-1baa-412c-a678-1642e68dfdea:192.168.69.67:35710, 413e678e-a618-4c92-927e-441fcc799019:192.168.69.67:40351, ccb54c7c-d652-4a32-8fba-bee4dbf2a7ee:192.168.69.67:36515], old=null
2019-10-18 08:15:27,494 [grpc-default-executor-3] INFO  impl.RaftServerImpl (RaftServerImpl.java:setRole(184)) - 413e678e-a618-4c92-927e-441fcc799019@group-F971E7EEC70F: changes role from  FOLLOWER to FOLLOWER at term 74 for recognizeCandidate:ccb54c7c-d652-4a32-8fba-bee4dbf2a7ee
2019-10-18 08:15:27,494 [grpc-default-executor-0] INFO  impl.RaftServerImpl (RaftServerImpl.java:setRole(184)) - de33c61e-1baa-412c-a678-1642e68dfdea@group-F971E7EEC70F: changes role from  FOLLOWER to FOLLOWER at term 74 for recognizeCandidate:ccb54c7c-d652-4a32-8fba-bee4dbf2a7ee
2019-10-18 08:15:27,494 [grpc-default-executor-3] INFO  impl.RoleInfo (RoleInfo.java:shutdownFollowerState(121)) - 413e678e-a618-4c92-927e-441fcc799019: shutdown FollowerState
2019-10-18 08:15:27,494 [grpc-default-executor-0] INFO  impl.RoleInfo (RoleInfo.java:shutdownFollowerState(121)) - de33c61e-1baa-412c-a678-1642e68dfdea: shutdown FollowerState
2019-10-18 08:15:27,494 [Thread-918] INFO  impl.FollowerState (FollowerState.java:run(117)) - 413e678e-a618-4c92-927e-441fcc799019@group-F971E7EEC70F-FollowerState was interrupted: java.lang.InterruptedException: sleep interrupted
2019-10-18 08:15:27,494 [grpc-default-executor-3] INFO  impl.RoleInfo (RoleInfo.java:updateAndGet(143)) - 413e678e-a618-4c92-927e-441fcc799019: start FollowerState
2019-10-18 08:15:27,495 [Thread-919] INFO  impl.FollowerState (FollowerState.java:run(117)) - de33c61e-1baa-412c-a678-1642e68dfdea@group-F971E7EEC70F-FollowerState was interrupted: java.lang.InterruptedException: sleep interrupted
2019-10-18 08:15:27,495 [grpc-default-executor-0] INFO  impl.RoleInfo (RoleInfo.java:updateAndGet(143)) - de33c61e-1baa-412c-a678-1642e68dfdea: start FollowerState
2019-10-18 08:15:27,510 [ccb54c7c-d652-4a32-8fba-bee4dbf2a7ee@group-F971E7EEC70F-LeaderElection72] INFO  impl.LeaderElection (LeaderElection.java:logAndReturn(56)) - ccb54c7c-d652-4a32-8fba-bee4dbf2a7ee@group-F971E7EEC70F-LeaderElection72: Election REJECTED; received 2 response(s) [ccb54c7c-d652-4a32-8fba-bee4dbf2a7ee<-de33c61e-1baa-412c-a678-1642e68dfdea#0:FAIL-t74, ccb54c7c-d652-4a32-8fba-bee4dbf2a7ee<-413e678e-a618-4c92-927e-441fcc799019#0:FAIL-t74] and 0 exception(s); ccb54c7c-d652-4a32-8fba-bee4dbf2a7ee@group-F971E7EEC70F:t74, leader=null, voted=ccb54c7c-d652-4a32-8fba-bee4dbf2a7ee, raftlog=ccb54c7c-d652-4a32-8fba-bee4dbf2a7ee@group-F971E7EEC70F-SegmentedRaftLog:OPENED:c-1,f-1,i0, conf=-1: [de33c61e-1baa-412c-a678-1642e68dfdea:192.168.69.67:35710, 413e678e-a618-4c92-927e-441fcc799019:192.168.69.67:40351, ccb54c7c-d652-4a32-8fba-bee4dbf2a7ee:192.168.69.67:36515], old=null
2019-10-18 08:15:27,510 [ccb54c7c-d652-4a32-8fba-bee4dbf2a7ee@group-F971E7EEC70F-LeaderElection72] INFO  impl.RaftServerImpl (RaftServerImpl.java:setRole(184)) - ccb54c7c-d652-4a32-8fba-bee4dbf2a7ee@group-F971E7EEC70F: changes role from CANDIDATE to FOLLOWER at term 74 for DISCOVERED_A_NEW_TERM
2019-10-18 08:15:27,510 [ccb54c7c-d652-4a32-8fba-bee4dbf2a7ee@group-F971E7EEC70F-LeaderElection72] INFO  impl.RoleInfo (RoleInfo.java:shutdownLeaderElection(134)) - ccb54c7c-d652-4a32-8fba-bee4dbf2a7ee: shutdown LeaderElection
2019-10-18 08:15:27,510 [ccb54c7c-d652-4a32-8fba-bee4dbf2a7ee@group-F971E7EEC70F-LeaderElection72] INFO  impl.RoleInfo (RoleInfo.java:updateAndGet(143)) - ccb54c7c-d652-4a32-8fba-bee4dbf2a7ee: start FollowerState
2019-10-18 08:15:27,668 [Thread-926] INFO  impl.FollowerState (FollowerState.java:run(108)) - ccb54c7c-d652-4a32-8fba-bee4dbf2a7ee@group-F971E7EEC70F-FollowerState: change to CANDIDATE, lastRpcTime:157ms, electionTimeout:157ms
2019-10-18 08:15:27,668 [Thread-926] INFO  impl.RoleInfo (RoleInfo.java:shutdownFollowerState(121)) - ccb54c7c-d652-4a32-8fba-bee4dbf2a7ee: shutdown FollowerState
2019-10-18 08:15:27,668 [Thread-926] INFO  impl.RaftServerImpl (RaftServerImpl.java:setRole(184)) - ccb54c7c-d652-4a32-8fba-bee4dbf2a7ee@group-F971E7EEC70F: changes role from  FOLLOWER to CANDIDATE at term 74 for changeToCandidate
2019-10-18 08:15:27,668 [Thread-926] INFO  impl.RoleInfo (RoleInfo.java:updateAndGet(143)) - ccb54c7c-d652-4a32-8fba-bee4dbf2a7ee: start LeaderElection
2019-10-18 08:15:27,695 [ccb54c7c-d652-4a32-8fba-bee4dbf2a7ee@group-F971E7EEC70F-LeaderElection73] INFO  impl.LeaderElection (LeaderElection.java:askForVotes(178)) - ccb54c7c-d652-4a32-8fba-bee4dbf2a7ee@group-F971E7EEC70F-LeaderElection73: begin an election at term 75 for -1: [de33c61e-1baa-412c-a678-1642e68dfdea:192.168.69.67:35710, 413e678e-a618-4c92-927e-441fcc799019:192.168.69.67:40351, ccb54c7c-d652-4a32-8fba-bee4dbf2a7ee:192.168.69.67:36515], old=null
2019-10-18 08:15:27,698 [grpc-default-executor-3] INFO  impl.RaftServerImpl (RaftServerImpl.java:setRole(184)) - de33c61e-1baa-412c-a678-1642e68dfdea@group-F971E7EEC70F: changes role from  FOLLOWER to FOLLOWER at term 75 for recognizeCandidate:ccb54c7c-d652-4a32-8fba-bee4dbf2a7ee
2019-10-18 08:15:27,698 [grpc-default-executor-0] INFO  impl.RaftServerImpl (RaftServerImpl.java:setRole(184)) - 413e678e-a618-4c92-927e-441fcc799019@group-F971E7EEC70F: changes role from  FOLLOWER to FOLLOWER at term 75 for recognizeCandidate:ccb54c7c-d652-4a32-8fba-bee4dbf2a7ee
2019-10-18 08:15:27,698 [grpc-default-executor-3] INFO  impl.RoleInfo (RoleInfo.java:shutdownFollowerState(121)) - de33c61e-1baa-412c-a678-1642e68dfdea: shutdown FollowerState
2019-10-18 08:15:27,698 [grpc-default-executor-0] INFO  impl.RoleInfo (RoleInfo.java:shutdownFollowerState(121)) - 413e678e-a618-4c92-927e-441fcc799019: shutdown FollowerState
2019-10-18 08:15:27,698 [Thread-925] INFO  impl.FollowerState (FollowerState.java:run(117)) - de33c61e-1baa-412c-a678-1642e68dfdea@group-F971E7EEC70F-FollowerState was interrupted: java.lang.InterruptedException: sleep interrupted
2019-10-18 08:15:27,698 [grpc-default-executor-3] INFO  impl.RoleInfo (RoleInfo.java:updateAndGet(143)) - de33c61e-1baa-412c-a678-1642e68dfdea: start FollowerState
2019-10-18 08:15:27,699 [Thread-924] INFO  impl.FollowerState (FollowerState.java:run(117)) - 413e678e-a618-4c92-927e-441fcc799019@group-F971E7EEC70F-FollowerState was interrupted: java.lang.InterruptedException: sleep interrupted
2019-10-18 08:15:27,698 [grpc-default-executor-0] INFO  impl.RoleInfo (RoleInfo.java:updateAndGet(143)) - 413e678e-a618-4c92-927e-441fcc799019: start FollowerState
2019-10-18 08:15:27,725 [ccb54c7c-d652-4a32-8fba-bee4dbf2a7ee@group-F971E7EEC70F-LeaderElection73] INFO  impl.LeaderElection (LeaderElection.java:logAndReturn(56)) - ccb54c7c-d652-4a32-8fba-bee4dbf2a7ee@group-F971E7EEC70F-LeaderElection73: Election REJECTED; received 2 response(s) [ccb54c7c-d652-4a32-8fba-bee4dbf2a7ee<-de33c61e-1baa-412c-a678-1642e68dfdea#0:FAIL-t75, ccb54c7c-d652-4a32-8fba-bee4dbf2a7ee<-413e678e-a618-4c92-927e-441fcc799019#0:FAIL-t75] and 0 exception(s); ccb54c7c-d652-4a32-8fba-bee4dbf2a7ee@group-F971E7EEC70F:t75, leader=null, voted=ccb54c7c-d652-4a32-8fba-bee4dbf2a7ee, raftlog=ccb54c7c-d652-4a32-8fba-bee4dbf2a7ee@group-F971E7EEC70F-SegmentedRaftLog:OPENED:c-1,f-1,i0, conf=-1: [de33c61e-1baa-412c-a678-1642e68dfdea:192.168.69.67:35710, 413e678e-a618-4c92-927e-441fcc799019:192.168.69.67:40351, ccb54c7c-d652-4a32-8fba-bee4dbf2a7ee:192.168.69.67:36515], old=null
2019-10-18 08:15:27,726 [ccb54c7c-d652-4a32-8fba-bee4dbf2a7ee@group-F971E7EEC70F-LeaderElection73] INFO  impl.RaftServerImpl (RaftServerImpl.java:setRole(184)) - ccb54c7c-d652-4a32-8fba-bee4dbf2a7ee@group-F971E7EEC70F: changes role from CANDIDATE to FOLLOWER at term 75 for DISCOVERED_A_NEW_TERM
2019-10-18 08:15:27,726 [ccb54c7c-d652-4a32-8fba-bee4dbf2a7ee@group-F971E7EEC70F-LeaderElection73] INFO  impl.RoleInfo (RoleInfo.java:shutdownLeaderElection(134)) - ccb54c7c-d652-4a32-8fba-bee4dbf2a7ee: shutdown LeaderElection
2019-10-18 08:15:27,726 [ccb54c7c-d652-4a32-8fba-bee4dbf2a7ee@group-F971E7EEC70F-LeaderElection73] INFO  impl.RoleInfo (RoleInfo.java:updateAndGet(143)) - ccb54c7c-d652-4a32-8fba-bee4dbf2a7ee: start FollowerState
]]></system-out>
    <system-err><![CDATA[ERROR StatusLogger No Log4j 2 configuration file found. Using default configuration (logging only errors to the console), or user programmatically provided configurations. Set system property 'log4j2.debug' to show Log4j 2 internal initialization logging. See https://logging.apache.org/log4j/2.x/manual/configuration.html for instructions on how to configure Log4j 2
]]></system-err>
  </testcase>
</testsuite>