<?xml version="1.0" encoding="UTF-8"?>
<testsuite xmlns:xsi="http://www.w3.org/2001/XMLSchema-instance" xsi:noNamespaceSchemaLocation="https://maven.apache.org/surefire/maven-surefire-plugin/xsd/surefire-test-report.xsd" name="org.apache.hadoop.hdds.scm.pipeline.TestPipelineClose" time="90.975" tests="4" errors="3" skipped="0" failures="0">
  <properties>
    <property name="awt.toolkit" value="sun.awt.X11.XToolkit"/>
    <property name="file.encoding.pkg" value="sun.io"/>
    <property name="java.specification.version" value="1.8"/>
    <property name="sun.cpu.isalist" value=""/>
    <property name="sun.jnu.encoding" value="UTF-8"/>
    <property name="java.class.path" value="/workdir/hadoop-ozone/integration-test/target/test-classes:/workdir/hadoop-ozone/integration-test/target/classes:/home/user/.m2/repository/org/apache/hadoop/hadoop-ozone-common/0.5.0-SNAPSHOT/hadoop-ozone-common-0.5.0-SNAPSHOT.jar:/home/user/.m2/repository/org/apache/commons/commons-compress/1.4.1/commons-compress-1.4.1.jar:/home/user/.m2/repository/org/tukaani/xz/1.0/xz-1.0.jar:/home/user/.m2/repository/org/apache/hadoop/hadoop-common/3.2.0/hadoop-common-3.2.0.jar:/home/user/.m2/repository/org/apache/hadoop/hadoop-hdfs/3.2.0/hadoop-hdfs-3.2.0.jar:/home/user/.m2/repository/org/apache/hadoop/hadoop-hdfs-client/3.2.0/hadoop-hdfs-client-3.2.0.jar:/home/user/.m2/repository/com/fasterxml/jackson/core/jackson-annotations/2.9.9/jackson-annotations-2.9.9.jar:/home/user/.m2/repository/org/apache/hadoop/hadoop-hdds-common/0.5.0-SNAPSHOT/hadoop-hdds-common-0.5.0-SNAPSHOT.jar:/home/user/.m2/repository/javax/annotation/javax.annotation-api/1.2/javax.annotation-api-1.2.jar:/home/user/.m2/repository/org/apache/ratis/ratis-server/0.4.0/ratis-server-0.4.0.jar:/home/user/.m2/repository/org/apache/ratis/ratis-thirdparty-misc/0.2.0/ratis-thirdparty-misc-0.2.0.jar:/home/user/.m2/repository/org/apache/ratis/ratis-proto/0.4.0/ratis-proto-0.4.0.jar:/home/user/.m2/repository/org/apache/ratis/ratis-common/0.4.0/ratis-common-0.4.0.jar:/home/user/.m2/repository/org/apache/ratis/ratis-client/0.4.0/ratis-client-0.4.0.jar:/home/user/.m2/repository/org/apache/ratis/ratis-metrics/0.4.0/ratis-metrics-0.4.0.jar:/home/user/.m2/repository/com/github/joshelser/dropwizard-metrics-hadoop-metrics2-reporter/0.1.2/dropwizard-metrics-hadoop-metrics2-reporter-0.1.2.jar:/home/user/.m2/repository/io/dropwizard/metrics/metrics-jvm/3.2.5/metrics-jvm-3.2.5.jar:/home/user/.m2/repository/io/dropwizard/metrics/metrics-ganglia/3.2.5/metrics-ganglia-3.2.5.jar:/home/user/.m2/repository/info/ganglia/gmetric4j/gmetric4j/1.0.7/gmetric4j-1.0.7.jar:/home/user/.m2/repository/org/apache/ratis/ratis-netty/0.4.0/ratis-netty-0.4.0.jar:/home/user/.m2/repository/org/apache/ratis/ratis-grpc/0.4.0/ratis-grpc-0.4.0.jar:/home/user/.m2/repository/org/rocksdb/rocksdbjni/6.0.1/rocksdbjni-6.0.1.jar:/home/user/.m2/repository/org/apache/logging/log4j/log4j-api/2.11.0/log4j-api-2.11.0.jar:/home/user/.m2/repository/org/apache/logging/log4j/log4j-core/2.11.0/log4j-core-2.11.0.jar:/home/user/.m2/repository/com/lmax/disruptor/3.4.2/disruptor-3.4.2.jar:/home/user/.m2/repository/org/apache/commons/commons-pool2/2.6.0/commons-pool2-2.6.0.jar:/home/user/.m2/repository/org/bouncycastle/bcpkix-jdk15on/1.60/bcpkix-jdk15on-1.60.jar:/home/user/.m2/repository/commons-validator/commons-validator/1.6/commons-validator-1.6.jar:/home/user/.m2/repository/commons-digester/commons-digester/1.8.1/commons-digester-1.8.1.jar:/home/user/.m2/repository/io/jaegertracing/jaeger-client/0.34.0/jaeger-client-0.34.0.jar:/home/user/.m2/repository/io/jaegertracing/jaeger-thrift/0.34.0/jaeger-thrift-0.34.0.jar:/home/user/.m2/repository/org/apache/thrift/libthrift/0.12.0/libthrift-0.12.0.jar:/home/user/.m2/repository/com/squareup/okhttp3/okhttp/3.9.0/okhttp-3.9.0.jar:/home/user/.m2/repository/com/squareup/okio/okio/1.13.0/okio-1.13.0.jar:/home/user/.m2/repository/io/jaegertracing/jaeger-core/0.34.0/jaeger-core-0.34.0.jar:/home/user/.m2/repository/io/jaegertracing/jaeger-tracerresolver/0.34.0/jaeger-tracerresolver-0.34.0.jar:/home/user/.m2/repository/io/opentracing/contrib/opentracing-tracerresolver/0.1.5/opentracing-tracerresolver-0.1.5.jar:/home/user/.m2/repository/io/opentracing/opentracing-util/0.31.0/opentracing-util-0.31.0.jar:/home/user/.m2/repository/io/opentracing/opentracing-api/0.31.0/opentracing-api-0.31.0.jar:/home/user/.m2/repository/io/opentracing/opentracing-noop/0.31.0/opentracing-noop-0.31.0.jar:/home/user/.m2/repository/org/apache/hadoop/hadoop-hdds-server-framework/0.5.0-SNAPSHOT/hadoop-hdds-server-framework-0.5.0-SNAPSHOT.jar:/home/user/.m2/repository/org/apache/hadoop/hadoop-hdds-container-service/0.5.0-SNAPSHOT/hadoop-hdds-container-service-0.5.0-SNAPSHOT.jar:/home/user/.m2/repository/org/apache/hadoop/hadoop-hdds-client/0.5.0-SNAPSHOT/hadoop-hdds-client-0.5.0-SNAPSHOT.jar:/home/user/.m2/repository/org/apache/hadoop/hadoop-hdds-tools/0.5.0-SNAPSHOT/hadoop-hdds-tools-0.5.0-SNAPSHOT.jar:/home/user/.m2/repository/org/apache/hadoop/hadoop-hdds-server-scm/0.5.0-SNAPSHOT/hadoop-hdds-server-scm-0.5.0-SNAPSHOT.jar:/home/user/.m2/repository/org/apache/hadoop/hadoop-hdds-docs/0.5.0-SNAPSHOT/hadoop-hdds-docs-0.5.0-SNAPSHOT.jar:/home/user/.m2/repository/io/dropwizard/metrics/metrics-core/3.2.4/metrics-core-3.2.4.jar:/home/user/.m2/repository/org/hamcrest/hamcrest-all/1.3/hamcrest-all-1.3.jar:/home/user/.m2/repository/org/bouncycastle/bcprov-jdk15on/1.60/bcprov-jdk15on-1.60.jar:/home/user/.m2/repository/info/picocli/picocli/3.9.6/picocli-3.9.6.jar:/home/user/.m2/repository/com/google/protobuf/protobuf-java/2.5.0/protobuf-java-2.5.0.jar:/home/user/.m2/repository/com/google/guava/guava/11.0.2/guava-11.0.2.jar:/home/user/.m2/repository/org/apache/hadoop/hadoop-ozone-ozone-manager/0.5.0-SNAPSHOT/hadoop-ozone-ozone-manager-0.5.0-SNAPSHOT.jar:/home/user/.m2/repository/org/apache/hadoop/hadoop-minikdc/3.2.0/hadoop-minikdc-3.2.0.jar:/home/user/.m2/repository/commons-io/commons-io/2.5/commons-io-2.5.jar:/home/user/.m2/repository/org/apache/kerby/kerb-simplekdc/1.0.1/kerb-simplekdc-1.0.1.jar:/home/user/.m2/repository/org/apache/kerby/kerb-client/1.0.1/kerb-client-1.0.1.jar:/home/user/.m2/repository/org/apache/kerby/kerby-config/1.0.1/kerby-config-1.0.1.jar:/home/user/.m2/repository/org/apache/kerby/kerb-core/1.0.1/kerb-core-1.0.1.jar:/home/user/.m2/repository/org/apache/kerby/kerby-pkix/1.0.1/kerby-pkix-1.0.1.jar:/home/user/.m2/repository/org/apache/kerby/kerby-asn1/1.0.1/kerby-asn1-1.0.1.jar:/home/user/.m2/repository/org/apache/kerby/kerby-util/1.0.1/kerby-util-1.0.1.jar:/home/user/.m2/repository/org/apache/kerby/kerb-common/1.0.1/kerb-common-1.0.1.jar:/home/user/.m2/repository/org/apache/kerby/kerb-crypto/1.0.1/kerb-crypto-1.0.1.jar:/home/user/.m2/repository/org/apache/kerby/kerb-util/1.0.1/kerb-util-1.0.1.jar:/home/user/.m2/repository/org/apache/kerby/token-provider/1.0.1/token-provider-1.0.1.jar:/home/user/.m2/repository/org/apache/kerby/kerb-admin/1.0.1/kerb-admin-1.0.1.jar:/home/user/.m2/repository/org/apache/kerby/kerb-server/1.0.1/kerb-server-1.0.1.jar:/home/user/.m2/repository/org/apache/kerby/kerb-identity/1.0.1/kerb-identity-1.0.1.jar:/home/user/.m2/repository/org/apache/kerby/kerby-xdr/1.0.1/kerby-xdr-1.0.1.jar:/home/user/.m2/repository/org/slf4j/slf4j-log4j12/1.7.25/slf4j-log4j12-1.7.25.jar:/home/user/.m2/repository/org/apache/hadoop/hadoop-ozone-s3gateway/0.5.0-SNAPSHOT/hadoop-ozone-s3gateway-0.5.0-SNAPSHOT.jar:/home/user/.m2/repository/org/jboss/weld/servlet/weld-servlet/2.4.7.Final/weld-servlet-2.4.7.Final.jar:/home/user/.m2/repository/org/glassfish/jersey/containers/jersey-container-servlet-core/2.27/jersey-container-servlet-core-2.27.jar:/home/user/.m2/repository/org/glassfish/hk2/external/javax.inject/2.5.0-b42/javax.inject-2.5.0-b42.jar:/home/user/.m2/repository/org/glassfish/jersey/core/jersey-common/2.27/jersey-common-2.27.jar:/home/user/.m2/repository/org/glassfish/hk2/osgi-resource-locator/1.0.1/osgi-resource-locator-1.0.1.jar:/home/user/.m2/repository/javax/ws/rs/javax.ws.rs-api/2.1/javax.ws.rs-api-2.1.jar:/home/user/.m2/repository/org/glassfish/jersey/ext/cdi/jersey-cdi1x/2.27/jersey-cdi1x-2.27.jar:/home/user/.m2/repository/org/glassfish/jersey/inject/jersey-hk2/2.27/jersey-hk2-2.27.jar:/home/user/.m2/repository/org/glassfish/hk2/hk2-locator/2.5.0-b42/hk2-locator-2.5.0-b42.jar:/home/user/.m2/repository/org/javassist/javassist/3.22.0-CR2/javassist-3.22.0-CR2.jar:/home/user/.m2/repository/org/glassfish/hk2/hk2-api/2.5.0/hk2-api-2.5.0.jar:/home/user/.m2/repository/org/glassfish/hk2/external/jakarta.inject/2.5.0/jakarta.inject-2.5.0.jar:/home/user/.m2/repository/org/glassfish/hk2/hk2-utils/2.5.0/hk2-utils-2.5.0.jar:/home/user/.m2/repository/jakarta/annotation/jakarta.annotation-api/1.3.4/jakarta.annotation-api-1.3.4.jar:/home/user/.m2/repository/org/glassfish/hk2/external/aopalliance-repackaged/2.5.0/aopalliance-repackaged-2.5.0.jar:/home/user/.m2/repository/com/fasterxml/jackson/dataformat/jackson-dataformat-xml/2.9.0/jackson-dataformat-xml-2.9.0.jar:/home/user/.m2/repository/com/fasterxml/jackson/core/jackson-core/2.9.9/jackson-core-2.9.9.jar:/home/user/.m2/repository/com/fasterxml/jackson/module/jackson-module-jaxb-annotations/2.9.9/jackson-module-jaxb-annotations-2.9.9.jar:/home/user/.m2/repository/javax/enterprise/cdi-api/1.2/cdi-api-1.2.jar:/home/user/.m2/repository/javax/el/javax.el-api/3.0.0/javax.el-api-3.0.0.jar:/home/user/.m2/repository/javax/interceptor/javax.interceptor-api/1.2/javax.interceptor-api-1.2.jar:/home/user/.m2/repository/javax/inject/javax.inject/1/javax.inject-1.jar:/home/user/.m2/repository/com/sun/xml/bind/jaxb-impl/2.3.0.1/jaxb-impl-2.3.0.1.jar:/home/user/.m2/repository/com/sun/xml/bind/jaxb-core/2.3.0.1/jaxb-core-2.3.0.1.jar:/home/user/.m2/repository/javax/xml/bind/jaxb-api/2.3.0/jaxb-api-2.3.0.jar:/home/user/.m2/repository/javax/activation/activation/1.1.1/activation-1.1.1.jar:/home/user/.m2/repository/org/apache/hadoop/hadoop-ozone-csi/0.5.0-SNAPSHOT/hadoop-ozone-csi-0.5.0-SNAPSHOT.jar:/home/user/.m2/repository/com/google/protobuf/protobuf-java-util/3.5.1/protobuf-java-util-3.5.1.jar:/home/user/.m2/repository/org/apache/hadoop/hadoop-hdds-config/0.5.0-SNAPSHOT/hadoop-hdds-config-0.5.0-SNAPSHOT.jar:/home/user/.m2/repository/io/grpc/grpc-netty/1.17.1/grpc-netty-1.17.1.jar:/home/user/.m2/repository/io/grpc/grpc-core/1.17.1/grpc-core-1.17.1.jar:/home/user/.m2/repository/io/grpc/grpc-context/1.17.1/grpc-context-1.17.1.jar:/home/user/.m2/repository/com/google/errorprone/error_prone_annotations/2.2.0/error_prone_annotations-2.2.0.jar:/home/user/.m2/repository/org/codehaus/mojo/animal-sniffer-annotations/1.17/animal-sniffer-annotations-1.17.jar:/home/user/.m2/repository/io/opencensus/opencensus-api/0.17.0/opencensus-api-0.17.0.jar:/home/user/.m2/repository/io/opencensus/opencensus-contrib-grpc-metrics/0.17.0/opencensus-contrib-grpc-metrics-0.17.0.jar:/home/user/.m2/repository/io/netty/netty-codec-http2/4.1.30.Final/netty-codec-http2-4.1.30.Final.jar:/home/user/.m2/repository/io/netty/netty-codec-http/4.1.30.Final/netty-codec-http-4.1.30.Final.jar:/home/user/.m2/repository/io/netty/netty-codec/4.1.30.Final/netty-codec-4.1.30.Final.jar:/home/user/.m2/repository/io/netty/netty-handler/4.1.30.Final/netty-handler-4.1.30.Final.jar:/home/user/.m2/repository/io/netty/netty-handler-proxy/4.1.30.Final/netty-handler-proxy-4.1.30.Final.jar:/home/user/.m2/repository/io/netty/netty-codec-socks/4.1.30.Final/netty-codec-socks-4.1.30.Final.jar:/home/user/.m2/repository/io/netty/netty-transport-native-epoll/4.1.30.Final/netty-transport-native-epoll-4.1.30.Final.jar:/home/user/.m2/repository/io/netty/netty-common/4.1.30.Final/netty-common-4.1.30.Final.jar:/home/user/.m2/repository/io/netty/netty-buffer/4.1.30.Final/netty-buffer-4.1.30.Final.jar:/home/user/.m2/repository/io/netty/netty-transport/4.1.30.Final/netty-transport-4.1.30.Final.jar:/home/user/.m2/repository/io/netty/netty-resolver/4.1.30.Final/netty-resolver-4.1.30.Final.jar:/home/user/.m2/repository/io/netty/netty-transport-native-unix-common/4.1.30.Final/netty-transport-native-unix-common-4.1.30.Final.jar:/home/user/.m2/repository/io/grpc/grpc-protobuf/1.17.1/grpc-protobuf-1.17.1.jar:/home/user/.m2/repository/com/google/api/grpc/proto-google-common-protos/1.0.0/proto-google-common-protos-1.0.0.jar:/home/user/.m2/repository/io/grpc/grpc-protobuf-lite/1.17.1/grpc-protobuf-lite-1.17.1.jar:/home/user/.m2/repository/io/grpc/grpc-stub/1.17.1/grpc-stub-1.17.1.jar:/home/user/.m2/repository/org/apache/hadoop/hadoop-ozone-recon/0.5.0-SNAPSHOT/hadoop-ozone-recon-0.5.0-SNAPSHOT.jar:/home/user/.m2/repository/org/apache/hadoop/hadoop-ozone-reconcodegen/0.5.0-SNAPSHOT/hadoop-ozone-reconcodegen-0.5.0-SNAPSHOT.jar:/home/user/.m2/repository/com/google/inject/extensions/guice-multibindings/4.0/guice-multibindings-4.0.jar:/home/user/.m2/repository/com/google/inject/guice/4.0/guice-4.0.jar:/home/user/.m2/repository/aopalliance/aopalliance/1.0/aopalliance-1.0.jar:/home/user/.m2/repository/com/google/inject/extensions/guice-servlet/4.0/guice-servlet-4.0.jar:/home/user/.m2/repository/org/glassfish/jersey/containers/jersey-container-servlet/2.27/jersey-container-servlet-2.27.jar:/home/user/.m2/repository/org/glassfish/hk2/guice-bridge/2.5.0/guice-bridge-2.5.0.jar:/home/user/.m2/repository/org/glassfish/jersey/core/jersey-server/2.27/jersey-server-2.27.jar:/home/user/.m2/repository/org/glassfish/jersey/core/jersey-client/2.27/jersey-client-2.27.jar:/home/user/.m2/repository/org/glassfish/jersey/media/jersey-media-jaxb/2.27/jersey-media-jaxb-2.27.jar:/home/user/.m2/repository/javax/validation/validation-api/1.1.0.Final/validation-api-1.1.0.Final.jar:/home/user/.m2/repository/org/glassfish/jersey/media/jersey-media-json-jackson/2.27/jersey-media-json-jackson-2.27.jar:/home/user/.m2/repository/org/glassfish/jersey/ext/jersey-entity-filtering/2.27/jersey-entity-filtering-2.27.jar:/home/user/.m2/repository/com/google/inject/extensions/guice-assistedinject/4.0/guice-assistedinject-4.0.jar:/home/user/.m2/repository/org/jooq/jooq/3.11.10/jooq-3.11.10.jar:/home/user/.m2/repository/org/jooq/jooq-meta/3.11.10/jooq-meta-3.11.10.jar:/home/user/.m2/repository/org/jooq/jooq-codegen/3.11.10/jooq-codegen-3.11.10.jar:/home/user/.m2/repository/com/jolbox/bonecp/0.8.0.RELEASE/bonecp-0.8.0.RELEASE.jar:/home/user/.m2/repository/org/xerial/sqlite-jdbc/3.25.2/sqlite-jdbc-3.25.2.jar:/home/user/.m2/repository/org/springframework/spring-jdbc/5.1.3.RELEASE/spring-jdbc-5.1.3.RELEASE.jar:/home/user/.m2/repository/org/springframework/spring-beans/5.1.3.RELEASE/spring-beans-5.1.3.RELEASE.jar:/home/user/.m2/repository/org/springframework/spring-core/5.1.3.RELEASE/spring-core-5.1.3.RELEASE.jar:/home/user/.m2/repository/org/springframework/spring-jcl/5.1.3.RELEASE/spring-jcl-5.1.3.RELEASE.jar:/home/user/.m2/repository/org/springframework/spring-tx/5.1.3.RELEASE/spring-tx-5.1.3.RELEASE.jar:/home/user/.m2/repository/org/apache/hadoop/hadoop-ozone-client/0.5.0-SNAPSHOT/hadoop-ozone-client-0.5.0-SNAPSHOT.jar:/home/user/.m2/repository/commons-lang/commons-lang/2.6/commons-lang-2.6.jar:/home/user/.m2/repository/org/apache/hadoop/hadoop-ozone-ozone-manager/0.5.0-SNAPSHOT/hadoop-ozone-ozone-manager-0.5.0-SNAPSHOT-tests.jar:/home/user/.m2/repository/junit/junit/4.11/junit-4.11.jar:/home/user/.m2/repository/org/hamcrest/hamcrest-core/1.3/hamcrest-core-1.3.jar:/home/user/.m2/repository/org/openjdk/jmh/jmh-core/1.19/jmh-core-1.19.jar:/home/user/.m2/repository/net/sf/jopt-simple/jopt-simple/4.6/jopt-simple-4.6.jar:/home/user/.m2/repository/org/apache/commons/commons-math3/3.1.1/commons-math3-3.1.1.jar:/home/user/.m2/repository/org/openjdk/jmh/jmh-generator-annprocess/1.19/jmh-generator-annprocess-1.19.jar:/home/user/.m2/repository/org/mockito/mockito-all/1.8.5/mockito-all-1.8.5.jar:/home/user/.m2/repository/org/apache/hadoop/hadoop-kms/3.2.0/hadoop-kms-3.2.0.jar:/home/user/.m2/repository/org/apache/hadoop/hadoop-auth/3.2.0/hadoop-auth-3.2.0.jar:/home/user/.m2/repository/com/nimbusds/nimbus-jose-jwt/4.41.1/nimbus-jose-jwt-4.41.1.jar:/home/user/.m2/repository/com/github/stephenc/jcip/jcip-annotations/1.0-1/jcip-annotations-1.0-1.jar:/home/user/.m2/repository/net/minidev/json-smart/2.3/json-smart-2.3.jar:/home/user/.m2/repository/net/minidev/accessors-smart/1.2/accessors-smart-1.2.jar:/home/user/.m2/repository/org/ow2/asm/asm/5.0.4/asm-5.0.4.jar:/home/user/.m2/repository/org/apache/curator/curator-framework/2.12.0/curator-framework-2.12.0.jar:/home/user/.m2/repository/com/sun/jersey/jersey-core/1.19/jersey-core-1.19.jar:/home/user/.m2/repository/javax/ws/rs/jsr311-api/1.1.1/jsr311-api-1.1.1.jar:/home/user/.m2/repository/com/sun/jersey/jersey-server/1.19/jersey-server-1.19.jar:/home/user/.m2/repository/javax/servlet/javax.servlet-api/3.1.0/javax.servlet-api-3.1.0.jar:/home/user/.m2/repository/org/eclipse/jetty/jetty-server/9.3.25.v20180904/jetty-server-9.3.25.v20180904.jar:/home/user/.m2/repository/org/eclipse/jetty/jetty-http/9.3.25.v20180904/jetty-http-9.3.25.v20180904.jar:/home/user/.m2/repository/org/eclipse/jetty/jetty-io/9.3.25.v20180904/jetty-io-9.3.25.v20180904.jar:/home/user/.m2/repository/org/eclipse/jetty/jetty-webapp/9.3.25.v20180904/jetty-webapp-9.3.25.v20180904.jar:/home/user/.m2/repository/org/eclipse/jetty/jetty-xml/9.3.25.v20180904/jetty-xml-9.3.25.v20180904.jar:/home/user/.m2/repository/log4j/log4j/1.2.17/log4j-1.2.17.jar:/home/user/.m2/repository/org/slf4j/slf4j-api/1.7.25/slf4j-api-1.7.25.jar:/home/user/.m2/repository/org/slf4j/jul-to-slf4j/1.7.25/jul-to-slf4j-1.7.25.jar:/home/user/.m2/repository/org/eclipse/jetty/jetty-util/9.3.25.v20180904/jetty-util-9.3.25.v20180904.jar:/home/user/.m2/repository/com/fasterxml/jackson/core/jackson-databind/2.9.9/jackson-databind-2.9.9.jar:/home/user/.m2/repository/org/apache/hadoop/hadoop-kms/3.2.0/hadoop-kms-3.2.0-tests.jar:/home/user/.m2/repository/org/apache/hadoop/hadoop-hdds-server-scm/0.5.0-SNAPSHOT/hadoop-hdds-server-scm-0.5.0-SNAPSHOT-tests.jar:/home/user/.m2/repository/org/apache/hadoop/hadoop-hdds-container-service/0.5.0-SNAPSHOT/hadoop-hdds-container-service-0.5.0-SNAPSHOT-tests.jar:/home/user/.m2/repository/org/yaml/snakeyaml/1.16/snakeyaml-1.16.jar:/home/user/.m2/repository/org/apache/hadoop/hadoop-common/3.2.0/hadoop-common-3.2.0-tests.jar:/home/user/.m2/repository/org/apache/hadoop/hadoop-annotations/3.2.0/hadoop-annotations-3.2.0.jar:/usr/lib/jvm/java-1.8-openjdk/jre/../lib/tools.jar:/home/user/.m2/repository/commons-cli/commons-cli/1.2/commons-cli-1.2.jar:/home/user/.m2/repository/org/apache/httpcomponents/httpclient/4.5.2/httpclient-4.5.2.jar:/home/user/.m2/repository/org/apache/httpcomponents/httpcore/4.4.4/httpcore-4.4.4.jar:/home/user/.m2/repository/commons-codec/commons-codec/1.11/commons-codec-1.11.jar:/home/user/.m2/repository/commons-net/commons-net/3.6/commons-net-3.6.jar:/home/user/.m2/repository/commons-collections/commons-collections/3.2.2/commons-collections-3.2.2.jar:/home/user/.m2/repository/org/eclipse/jetty/jetty-servlet/9.3.25.v20180904/jetty-servlet-9.3.25.v20180904.jar:/home/user/.m2/repository/org/eclipse/jetty/jetty-security/9.3.25.v20180904/jetty-security-9.3.25.v20180904.jar:/home/user/.m2/repository/javax/servlet/jsp/jsp-api/2.1/jsp-api-2.1.jar:/home/user/.m2/repository/com/sun/jersey/jersey-servlet/1.19/jersey-servlet-1.19.jar:/home/user/.m2/repository/com/sun/jersey/jersey-json/1.19/jersey-json-1.19.jar:/home/user/.m2/repository/org/codehaus/jettison/jettison/1.1/jettison-1.1.jar:/home/user/.m2/repository/org/codehaus/jackson/jackson-core-asl/1.9.13/jackson-core-asl-1.9.13.jar:/home/user/.m2/repository/org/codehaus/jackson/jackson-mapper-asl/1.9.13/jackson-mapper-asl-1.9.13.jar:/home/user/.m2/repository/org/codehaus/jackson/jackson-jaxrs/1.9.13/jackson-jaxrs-1.9.13.jar:/home/user/.m2/repository/org/codehaus/jackson/jackson-xc/1.9.13/jackson-xc-1.9.13.jar:/home/user/.m2/repository/commons-logging/commons-logging/1.1.3/commons-logging-1.1.3.jar:/home/user/.m2/repository/commons-beanutils/commons-beanutils/1.9.4/commons-beanutils-1.9.4.jar:/home/user/.m2/repository/org/apache/commons/commons-configuration2/2.1.1/commons-configuration2-2.1.1.jar:/home/user/.m2/repository/org/apache/commons/commons-lang3/3.7/commons-lang3-3.7.jar:/home/user/.m2/repository/org/apache/commons/commons-text/1.4/commons-text-1.4.jar:/home/user/.m2/repository/org/apache/avro/avro/1.7.7/avro-1.7.7.jar:/home/user/.m2/repository/com/thoughtworks/paranamer/paranamer/2.3/paranamer-2.3.jar:/home/user/.m2/repository/org/xerial/snappy/snappy-java/1.0.5/snappy-java-1.0.5.jar:/home/user/.m2/repository/com/google/re2j/re2j/1.1/re2j-1.1.jar:/home/user/.m2/repository/com/google/code/gson/gson/2.2.4/gson-2.2.4.jar:/home/user/.m2/repository/com/jcraft/jsch/0.1.54/jsch-0.1.54.jar:/home/user/.m2/repository/org/apache/curator/curator-client/2.12.0/curator-client-2.12.0.jar:/home/user/.m2/repository/org/apache/curator/curator-recipes/2.12.0/curator-recipes-2.12.0.jar:/home/user/.m2/repository/com/google/code/findbugs/jsr305/3.0.0/jsr305-3.0.0.jar:/home/user/.m2/repository/org/apache/htrace/htrace-core4/4.1.0-incubating/htrace-core4-4.1.0-incubating.jar:/home/user/.m2/repository/org/apache/zookeeper/zookeeper/3.4.13/zookeeper-3.4.13.jar:/home/user/.m2/repository/jline/jline/0.9.94/jline-0.9.94.jar:/home/user/.m2/repository/org/apache/yetus/audience-annotations/0.5.0/audience-annotations-0.5.0.jar:/home/user/.m2/repository/org/codehaus/woodstox/stax2-api/3.1.4/stax2-api-3.1.4.jar:/home/user/.m2/repository/com/fasterxml/woodstox/woodstox-core/5.0.3/woodstox-core-5.0.3.jar:/home/user/.m2/repository/dnsjava/dnsjava/2.1.7/dnsjava-2.1.7.jar:/home/user/.m2/repository/org/apache/hadoop/hadoop-hdfs/3.2.0/hadoop-hdfs-3.2.0-tests.jar:/home/user/.m2/repository/org/eclipse/jetty/jetty-util-ajax/9.3.25.v20180904/jetty-util-ajax-9.3.25.v20180904.jar:/home/user/.m2/repository/commons-daemon/commons-daemon/1.0.13/commons-daemon-1.0.13.jar:/home/user/.m2/repository/io/netty/netty/3.10.5.Final/netty-3.10.5.Final.jar:/home/user/.m2/repository/io/netty/netty-all/4.0.52.Final/netty-all-4.0.52.Final.jar:/home/user/.m2/repository/org/fusesource/leveldbjni/leveldbjni-all/1.8/leveldbjni-all-1.8.jar:"/>
    <property name="java.vm.vendor" value="IcedTea"/>
    <property name="sun.arch.data.model" value="64"/>
    <property name="test.build.dir" value="/workdir/hadoop-ozone/integration-test/target/test-dir"/>
    <property name="test.cache.data" value=""/>
    <property name="java.vendor.url" value="https://icedtea.classpath.org"/>
    <property name="user.timezone" value=""/>
    <property name="java.vm.specification.version" value="1.8"/>
    <property name="os.name" value="Linux"/>
    <property name="test.build.data" value="/workdir/hadoop-ozone/integration-test/target/test-dir"/>
    <property name="user.country" value="US"/>
    <property name="sun.java.launcher" value="SUN_STANDARD"/>
    <property name="sun.boot.library.path" value="/usr/lib/jvm/java-1.8-openjdk/jre/lib/amd64"/>
    <property name="sun.java.command" value="/workdir/hadoop-ozone/integration-test/target/surefire/surefirebooter4061570149108134561.jar /workdir/hadoop-ozone/integration-test/target/surefire 2019-10-09T10-34-10_661-jvmRun1 surefire314327639531277887tmp surefire_865698648834479788863tmp"/>
    <property name="test" value="!TestMiniChaosOzoneCluster"/>
    <property name="surefire.test.class.path" value="/workdir/hadoop-ozone/integration-test/target/test-classes:/workdir/hadoop-ozone/integration-test/target/classes:/home/user/.m2/repository/org/apache/hadoop/hadoop-ozone-common/0.5.0-SNAPSHOT/hadoop-ozone-common-0.5.0-SNAPSHOT.jar:/home/user/.m2/repository/org/apache/commons/commons-compress/1.4.1/commons-compress-1.4.1.jar:/home/user/.m2/repository/org/tukaani/xz/1.0/xz-1.0.jar:/home/user/.m2/repository/org/apache/hadoop/hadoop-common/3.2.0/hadoop-common-3.2.0.jar:/home/user/.m2/repository/org/apache/hadoop/hadoop-hdfs/3.2.0/hadoop-hdfs-3.2.0.jar:/home/user/.m2/repository/org/apache/hadoop/hadoop-hdfs-client/3.2.0/hadoop-hdfs-client-3.2.0.jar:/home/user/.m2/repository/com/fasterxml/jackson/core/jackson-annotations/2.9.9/jackson-annotations-2.9.9.jar:/home/user/.m2/repository/org/apache/hadoop/hadoop-hdds-common/0.5.0-SNAPSHOT/hadoop-hdds-common-0.5.0-SNAPSHOT.jar:/home/user/.m2/repository/javax/annotation/javax.annotation-api/1.2/javax.annotation-api-1.2.jar:/home/user/.m2/repository/org/apache/ratis/ratis-server/0.4.0/ratis-server-0.4.0.jar:/home/user/.m2/repository/org/apache/ratis/ratis-thirdparty-misc/0.2.0/ratis-thirdparty-misc-0.2.0.jar:/home/user/.m2/repository/org/apache/ratis/ratis-proto/0.4.0/ratis-proto-0.4.0.jar:/home/user/.m2/repository/org/apache/ratis/ratis-common/0.4.0/ratis-common-0.4.0.jar:/home/user/.m2/repository/org/apache/ratis/ratis-client/0.4.0/ratis-client-0.4.0.jar:/home/user/.m2/repository/org/apache/ratis/ratis-metrics/0.4.0/ratis-metrics-0.4.0.jar:/home/user/.m2/repository/com/github/joshelser/dropwizard-metrics-hadoop-metrics2-reporter/0.1.2/dropwizard-metrics-hadoop-metrics2-reporter-0.1.2.jar:/home/user/.m2/repository/io/dropwizard/metrics/metrics-jvm/3.2.5/metrics-jvm-3.2.5.jar:/home/user/.m2/repository/io/dropwizard/metrics/metrics-ganglia/3.2.5/metrics-ganglia-3.2.5.jar:/home/user/.m2/repository/info/ganglia/gmetric4j/gmetric4j/1.0.7/gmetric4j-1.0.7.jar:/home/user/.m2/repository/org/apache/ratis/ratis-netty/0.4.0/ratis-netty-0.4.0.jar:/home/user/.m2/repository/org/apache/ratis/ratis-grpc/0.4.0/ratis-grpc-0.4.0.jar:/home/user/.m2/repository/org/rocksdb/rocksdbjni/6.0.1/rocksdbjni-6.0.1.jar:/home/user/.m2/repository/org/apache/logging/log4j/log4j-api/2.11.0/log4j-api-2.11.0.jar:/home/user/.m2/repository/org/apache/logging/log4j/log4j-core/2.11.0/log4j-core-2.11.0.jar:/home/user/.m2/repository/com/lmax/disruptor/3.4.2/disruptor-3.4.2.jar:/home/user/.m2/repository/org/apache/commons/commons-pool2/2.6.0/commons-pool2-2.6.0.jar:/home/user/.m2/repository/org/bouncycastle/bcpkix-jdk15on/1.60/bcpkix-jdk15on-1.60.jar:/home/user/.m2/repository/commons-validator/commons-validator/1.6/commons-validator-1.6.jar:/home/user/.m2/repository/commons-digester/commons-digester/1.8.1/commons-digester-1.8.1.jar:/home/user/.m2/repository/io/jaegertracing/jaeger-client/0.34.0/jaeger-client-0.34.0.jar:/home/user/.m2/repository/io/jaegertracing/jaeger-thrift/0.34.0/jaeger-thrift-0.34.0.jar:/home/user/.m2/repository/org/apache/thrift/libthrift/0.12.0/libthrift-0.12.0.jar:/home/user/.m2/repository/com/squareup/okhttp3/okhttp/3.9.0/okhttp-3.9.0.jar:/home/user/.m2/repository/com/squareup/okio/okio/1.13.0/okio-1.13.0.jar:/home/user/.m2/repository/io/jaegertracing/jaeger-core/0.34.0/jaeger-core-0.34.0.jar:/home/user/.m2/repository/io/jaegertracing/jaeger-tracerresolver/0.34.0/jaeger-tracerresolver-0.34.0.jar:/home/user/.m2/repository/io/opentracing/contrib/opentracing-tracerresolver/0.1.5/opentracing-tracerresolver-0.1.5.jar:/home/user/.m2/repository/io/opentracing/opentracing-util/0.31.0/opentracing-util-0.31.0.jar:/home/user/.m2/repository/io/opentracing/opentracing-api/0.31.0/opentracing-api-0.31.0.jar:/home/user/.m2/repository/io/opentracing/opentracing-noop/0.31.0/opentracing-noop-0.31.0.jar:/home/user/.m2/repository/org/apache/hadoop/hadoop-hdds-server-framework/0.5.0-SNAPSHOT/hadoop-hdds-server-framework-0.5.0-SNAPSHOT.jar:/home/user/.m2/repository/org/apache/hadoop/hadoop-hdds-container-service/0.5.0-SNAPSHOT/hadoop-hdds-container-service-0.5.0-SNAPSHOT.jar:/home/user/.m2/repository/org/apache/hadoop/hadoop-hdds-client/0.5.0-SNAPSHOT/hadoop-hdds-client-0.5.0-SNAPSHOT.jar:/home/user/.m2/repository/org/apache/hadoop/hadoop-hdds-tools/0.5.0-SNAPSHOT/hadoop-hdds-tools-0.5.0-SNAPSHOT.jar:/home/user/.m2/repository/org/apache/hadoop/hadoop-hdds-server-scm/0.5.0-SNAPSHOT/hadoop-hdds-server-scm-0.5.0-SNAPSHOT.jar:/home/user/.m2/repository/org/apache/hadoop/hadoop-hdds-docs/0.5.0-SNAPSHOT/hadoop-hdds-docs-0.5.0-SNAPSHOT.jar:/home/user/.m2/repository/io/dropwizard/metrics/metrics-core/3.2.4/metrics-core-3.2.4.jar:/home/user/.m2/repository/org/hamcrest/hamcrest-all/1.3/hamcrest-all-1.3.jar:/home/user/.m2/repository/org/bouncycastle/bcprov-jdk15on/1.60/bcprov-jdk15on-1.60.jar:/home/user/.m2/repository/info/picocli/picocli/3.9.6/picocli-3.9.6.jar:/home/user/.m2/repository/com/google/protobuf/protobuf-java/2.5.0/protobuf-java-2.5.0.jar:/home/user/.m2/repository/com/google/guava/guava/11.0.2/guava-11.0.2.jar:/home/user/.m2/repository/org/apache/hadoop/hadoop-ozone-ozone-manager/0.5.0-SNAPSHOT/hadoop-ozone-ozone-manager-0.5.0-SNAPSHOT.jar:/home/user/.m2/repository/org/apache/hadoop/hadoop-minikdc/3.2.0/hadoop-minikdc-3.2.0.jar:/home/user/.m2/repository/commons-io/commons-io/2.5/commons-io-2.5.jar:/home/user/.m2/repository/org/apache/kerby/kerb-simplekdc/1.0.1/kerb-simplekdc-1.0.1.jar:/home/user/.m2/repository/org/apache/kerby/kerb-client/1.0.1/kerb-client-1.0.1.jar:/home/user/.m2/repository/org/apache/kerby/kerby-config/1.0.1/kerby-config-1.0.1.jar:/home/user/.m2/repository/org/apache/kerby/kerb-core/1.0.1/kerb-core-1.0.1.jar:/home/user/.m2/repository/org/apache/kerby/kerby-pkix/1.0.1/kerby-pkix-1.0.1.jar:/home/user/.m2/repository/org/apache/kerby/kerby-asn1/1.0.1/kerby-asn1-1.0.1.jar:/home/user/.m2/repository/org/apache/kerby/kerby-util/1.0.1/kerby-util-1.0.1.jar:/home/user/.m2/repository/org/apache/kerby/kerb-common/1.0.1/kerb-common-1.0.1.jar:/home/user/.m2/repository/org/apache/kerby/kerb-crypto/1.0.1/kerb-crypto-1.0.1.jar:/home/user/.m2/repository/org/apache/kerby/kerb-util/1.0.1/kerb-util-1.0.1.jar:/home/user/.m2/repository/org/apache/kerby/token-provider/1.0.1/token-provider-1.0.1.jar:/home/user/.m2/repository/org/apache/kerby/kerb-admin/1.0.1/kerb-admin-1.0.1.jar:/home/user/.m2/repository/org/apache/kerby/kerb-server/1.0.1/kerb-server-1.0.1.jar:/home/user/.m2/repository/org/apache/kerby/kerb-identity/1.0.1/kerb-identity-1.0.1.jar:/home/user/.m2/repository/org/apache/kerby/kerby-xdr/1.0.1/kerby-xdr-1.0.1.jar:/home/user/.m2/repository/org/slf4j/slf4j-log4j12/1.7.25/slf4j-log4j12-1.7.25.jar:/home/user/.m2/repository/org/apache/hadoop/hadoop-ozone-s3gateway/0.5.0-SNAPSHOT/hadoop-ozone-s3gateway-0.5.0-SNAPSHOT.jar:/home/user/.m2/repository/org/jboss/weld/servlet/weld-servlet/2.4.7.Final/weld-servlet-2.4.7.Final.jar:/home/user/.m2/repository/org/glassfish/jersey/containers/jersey-container-servlet-core/2.27/jersey-container-servlet-core-2.27.jar:/home/user/.m2/repository/org/glassfish/hk2/external/javax.inject/2.5.0-b42/javax.inject-2.5.0-b42.jar:/home/user/.m2/repository/org/glassfish/jersey/core/jersey-common/2.27/jersey-common-2.27.jar:/home/user/.m2/repository/org/glassfish/hk2/osgi-resource-locator/1.0.1/osgi-resource-locator-1.0.1.jar:/home/user/.m2/repository/javax/ws/rs/javax.ws.rs-api/2.1/javax.ws.rs-api-2.1.jar:/home/user/.m2/repository/org/glassfish/jersey/ext/cdi/jersey-cdi1x/2.27/jersey-cdi1x-2.27.jar:/home/user/.m2/repository/org/glassfish/jersey/inject/jersey-hk2/2.27/jersey-hk2-2.27.jar:/home/user/.m2/repository/org/glassfish/hk2/hk2-locator/2.5.0-b42/hk2-locator-2.5.0-b42.jar:/home/user/.m2/repository/org/javassist/javassist/3.22.0-CR2/javassist-3.22.0-CR2.jar:/home/user/.m2/repository/org/glassfish/hk2/hk2-api/2.5.0/hk2-api-2.5.0.jar:/home/user/.m2/repository/org/glassfish/hk2/external/jakarta.inject/2.5.0/jakarta.inject-2.5.0.jar:/home/user/.m2/repository/org/glassfish/hk2/hk2-utils/2.5.0/hk2-utils-2.5.0.jar:/home/user/.m2/repository/jakarta/annotation/jakarta.annotation-api/1.3.4/jakarta.annotation-api-1.3.4.jar:/home/user/.m2/repository/org/glassfish/hk2/external/aopalliance-repackaged/2.5.0/aopalliance-repackaged-2.5.0.jar:/home/user/.m2/repository/com/fasterxml/jackson/dataformat/jackson-dataformat-xml/2.9.0/jackson-dataformat-xml-2.9.0.jar:/home/user/.m2/repository/com/fasterxml/jackson/core/jackson-core/2.9.9/jackson-core-2.9.9.jar:/home/user/.m2/repository/com/fasterxml/jackson/module/jackson-module-jaxb-annotations/2.9.9/jackson-module-jaxb-annotations-2.9.9.jar:/home/user/.m2/repository/javax/enterprise/cdi-api/1.2/cdi-api-1.2.jar:/home/user/.m2/repository/javax/el/javax.el-api/3.0.0/javax.el-api-3.0.0.jar:/home/user/.m2/repository/javax/interceptor/javax.interceptor-api/1.2/javax.interceptor-api-1.2.jar:/home/user/.m2/repository/javax/inject/javax.inject/1/javax.inject-1.jar:/home/user/.m2/repository/com/sun/xml/bind/jaxb-impl/2.3.0.1/jaxb-impl-2.3.0.1.jar:/home/user/.m2/repository/com/sun/xml/bind/jaxb-core/2.3.0.1/jaxb-core-2.3.0.1.jar:/home/user/.m2/repository/javax/xml/bind/jaxb-api/2.3.0/jaxb-api-2.3.0.jar:/home/user/.m2/repository/javax/activation/activation/1.1.1/activation-1.1.1.jar:/home/user/.m2/repository/org/apache/hadoop/hadoop-ozone-csi/0.5.0-SNAPSHOT/hadoop-ozone-csi-0.5.0-SNAPSHOT.jar:/home/user/.m2/repository/com/google/protobuf/protobuf-java-util/3.5.1/protobuf-java-util-3.5.1.jar:/home/user/.m2/repository/org/apache/hadoop/hadoop-hdds-config/0.5.0-SNAPSHOT/hadoop-hdds-config-0.5.0-SNAPSHOT.jar:/home/user/.m2/repository/io/grpc/grpc-netty/1.17.1/grpc-netty-1.17.1.jar:/home/user/.m2/repository/io/grpc/grpc-core/1.17.1/grpc-core-1.17.1.jar:/home/user/.m2/repository/io/grpc/grpc-context/1.17.1/grpc-context-1.17.1.jar:/home/user/.m2/repository/com/google/errorprone/error_prone_annotations/2.2.0/error_prone_annotations-2.2.0.jar:/home/user/.m2/repository/org/codehaus/mojo/animal-sniffer-annotations/1.17/animal-sniffer-annotations-1.17.jar:/home/user/.m2/repository/io/opencensus/opencensus-api/0.17.0/opencensus-api-0.17.0.jar:/home/user/.m2/repository/io/opencensus/opencensus-contrib-grpc-metrics/0.17.0/opencensus-contrib-grpc-metrics-0.17.0.jar:/home/user/.m2/repository/io/netty/netty-codec-http2/4.1.30.Final/netty-codec-http2-4.1.30.Final.jar:/home/user/.m2/repository/io/netty/netty-codec-http/4.1.30.Final/netty-codec-http-4.1.30.Final.jar:/home/user/.m2/repository/io/netty/netty-codec/4.1.30.Final/netty-codec-4.1.30.Final.jar:/home/user/.m2/repository/io/netty/netty-handler/4.1.30.Final/netty-handler-4.1.30.Final.jar:/home/user/.m2/repository/io/netty/netty-handler-proxy/4.1.30.Final/netty-handler-proxy-4.1.30.Final.jar:/home/user/.m2/repository/io/netty/netty-codec-socks/4.1.30.Final/netty-codec-socks-4.1.30.Final.jar:/home/user/.m2/repository/io/netty/netty-transport-native-epoll/4.1.30.Final/netty-transport-native-epoll-4.1.30.Final.jar:/home/user/.m2/repository/io/netty/netty-common/4.1.30.Final/netty-common-4.1.30.Final.jar:/home/user/.m2/repository/io/netty/netty-buffer/4.1.30.Final/netty-buffer-4.1.30.Final.jar:/home/user/.m2/repository/io/netty/netty-transport/4.1.30.Final/netty-transport-4.1.30.Final.jar:/home/user/.m2/repository/io/netty/netty-resolver/4.1.30.Final/netty-resolver-4.1.30.Final.jar:/home/user/.m2/repository/io/netty/netty-transport-native-unix-common/4.1.30.Final/netty-transport-native-unix-common-4.1.30.Final.jar:/home/user/.m2/repository/io/grpc/grpc-protobuf/1.17.1/grpc-protobuf-1.17.1.jar:/home/user/.m2/repository/com/google/api/grpc/proto-google-common-protos/1.0.0/proto-google-common-protos-1.0.0.jar:/home/user/.m2/repository/io/grpc/grpc-protobuf-lite/1.17.1/grpc-protobuf-lite-1.17.1.jar:/home/user/.m2/repository/io/grpc/grpc-stub/1.17.1/grpc-stub-1.17.1.jar:/home/user/.m2/repository/org/apache/hadoop/hadoop-ozone-recon/0.5.0-SNAPSHOT/hadoop-ozone-recon-0.5.0-SNAPSHOT.jar:/home/user/.m2/repository/org/apache/hadoop/hadoop-ozone-reconcodegen/0.5.0-SNAPSHOT/hadoop-ozone-reconcodegen-0.5.0-SNAPSHOT.jar:/home/user/.m2/repository/com/google/inject/extensions/guice-multibindings/4.0/guice-multibindings-4.0.jar:/home/user/.m2/repository/com/google/inject/guice/4.0/guice-4.0.jar:/home/user/.m2/repository/aopalliance/aopalliance/1.0/aopalliance-1.0.jar:/home/user/.m2/repository/com/google/inject/extensions/guice-servlet/4.0/guice-servlet-4.0.jar:/home/user/.m2/repository/org/glassfish/jersey/containers/jersey-container-servlet/2.27/jersey-container-servlet-2.27.jar:/home/user/.m2/repository/org/glassfish/hk2/guice-bridge/2.5.0/guice-bridge-2.5.0.jar:/home/user/.m2/repository/org/glassfish/jersey/core/jersey-server/2.27/jersey-server-2.27.jar:/home/user/.m2/repository/org/glassfish/jersey/core/jersey-client/2.27/jersey-client-2.27.jar:/home/user/.m2/repository/org/glassfish/jersey/media/jersey-media-jaxb/2.27/jersey-media-jaxb-2.27.jar:/home/user/.m2/repository/javax/validation/validation-api/1.1.0.Final/validation-api-1.1.0.Final.jar:/home/user/.m2/repository/org/glassfish/jersey/media/jersey-media-json-jackson/2.27/jersey-media-json-jackson-2.27.jar:/home/user/.m2/repository/org/glassfish/jersey/ext/jersey-entity-filtering/2.27/jersey-entity-filtering-2.27.jar:/home/user/.m2/repository/com/google/inject/extensions/guice-assistedinject/4.0/guice-assistedinject-4.0.jar:/home/user/.m2/repository/org/jooq/jooq/3.11.10/jooq-3.11.10.jar:/home/user/.m2/repository/org/jooq/jooq-meta/3.11.10/jooq-meta-3.11.10.jar:/home/user/.m2/repository/org/jooq/jooq-codegen/3.11.10/jooq-codegen-3.11.10.jar:/home/user/.m2/repository/com/jolbox/bonecp/0.8.0.RELEASE/bonecp-0.8.0.RELEASE.jar:/home/user/.m2/repository/org/xerial/sqlite-jdbc/3.25.2/sqlite-jdbc-3.25.2.jar:/home/user/.m2/repository/org/springframework/spring-jdbc/5.1.3.RELEASE/spring-jdbc-5.1.3.RELEASE.jar:/home/user/.m2/repository/org/springframework/spring-beans/5.1.3.RELEASE/spring-beans-5.1.3.RELEASE.jar:/home/user/.m2/repository/org/springframework/spring-core/5.1.3.RELEASE/spring-core-5.1.3.RELEASE.jar:/home/user/.m2/repository/org/springframework/spring-jcl/5.1.3.RELEASE/spring-jcl-5.1.3.RELEASE.jar:/home/user/.m2/repository/org/springframework/spring-tx/5.1.3.RELEASE/spring-tx-5.1.3.RELEASE.jar:/home/user/.m2/repository/org/apache/hadoop/hadoop-ozone-client/0.5.0-SNAPSHOT/hadoop-ozone-client-0.5.0-SNAPSHOT.jar:/home/user/.m2/repository/commons-lang/commons-lang/2.6/commons-lang-2.6.jar:/home/user/.m2/repository/org/apache/hadoop/hadoop-ozone-ozone-manager/0.5.0-SNAPSHOT/hadoop-ozone-ozone-manager-0.5.0-SNAPSHOT-tests.jar:/home/user/.m2/repository/junit/junit/4.11/junit-4.11.jar:/home/user/.m2/repository/org/hamcrest/hamcrest-core/1.3/hamcrest-core-1.3.jar:/home/user/.m2/repository/org/openjdk/jmh/jmh-core/1.19/jmh-core-1.19.jar:/home/user/.m2/repository/net/sf/jopt-simple/jopt-simple/4.6/jopt-simple-4.6.jar:/home/user/.m2/repository/org/apache/commons/commons-math3/3.1.1/commons-math3-3.1.1.jar:/home/user/.m2/repository/org/openjdk/jmh/jmh-generator-annprocess/1.19/jmh-generator-annprocess-1.19.jar:/home/user/.m2/repository/org/mockito/mockito-all/1.8.5/mockito-all-1.8.5.jar:/home/user/.m2/repository/org/apache/hadoop/hadoop-kms/3.2.0/hadoop-kms-3.2.0.jar:/home/user/.m2/repository/org/apache/hadoop/hadoop-auth/3.2.0/hadoop-auth-3.2.0.jar:/home/user/.m2/repository/com/nimbusds/nimbus-jose-jwt/4.41.1/nimbus-jose-jwt-4.41.1.jar:/home/user/.m2/repository/com/github/stephenc/jcip/jcip-annotations/1.0-1/jcip-annotations-1.0-1.jar:/home/user/.m2/repository/net/minidev/json-smart/2.3/json-smart-2.3.jar:/home/user/.m2/repository/net/minidev/accessors-smart/1.2/accessors-smart-1.2.jar:/home/user/.m2/repository/org/ow2/asm/asm/5.0.4/asm-5.0.4.jar:/home/user/.m2/repository/org/apache/curator/curator-framework/2.12.0/curator-framework-2.12.0.jar:/home/user/.m2/repository/com/sun/jersey/jersey-core/1.19/jersey-core-1.19.jar:/home/user/.m2/repository/javax/ws/rs/jsr311-api/1.1.1/jsr311-api-1.1.1.jar:/home/user/.m2/repository/com/sun/jersey/jersey-server/1.19/jersey-server-1.19.jar:/home/user/.m2/repository/javax/servlet/javax.servlet-api/3.1.0/javax.servlet-api-3.1.0.jar:/home/user/.m2/repository/org/eclipse/jetty/jetty-server/9.3.25.v20180904/jetty-server-9.3.25.v20180904.jar:/home/user/.m2/repository/org/eclipse/jetty/jetty-http/9.3.25.v20180904/jetty-http-9.3.25.v20180904.jar:/home/user/.m2/repository/org/eclipse/jetty/jetty-io/9.3.25.v20180904/jetty-io-9.3.25.v20180904.jar:/home/user/.m2/repository/org/eclipse/jetty/jetty-webapp/9.3.25.v20180904/jetty-webapp-9.3.25.v20180904.jar:/home/user/.m2/repository/org/eclipse/jetty/jetty-xml/9.3.25.v20180904/jetty-xml-9.3.25.v20180904.jar:/home/user/.m2/repository/log4j/log4j/1.2.17/log4j-1.2.17.jar:/home/user/.m2/repository/org/slf4j/slf4j-api/1.7.25/slf4j-api-1.7.25.jar:/home/user/.m2/repository/org/slf4j/jul-to-slf4j/1.7.25/jul-to-slf4j-1.7.25.jar:/home/user/.m2/repository/org/eclipse/jetty/jetty-util/9.3.25.v20180904/jetty-util-9.3.25.v20180904.jar:/home/user/.m2/repository/com/fasterxml/jackson/core/jackson-databind/2.9.9/jackson-databind-2.9.9.jar:/home/user/.m2/repository/org/apache/hadoop/hadoop-kms/3.2.0/hadoop-kms-3.2.0-tests.jar:/home/user/.m2/repository/org/apache/hadoop/hadoop-hdds-server-scm/0.5.0-SNAPSHOT/hadoop-hdds-server-scm-0.5.0-SNAPSHOT-tests.jar:/home/user/.m2/repository/org/apache/hadoop/hadoop-hdds-container-service/0.5.0-SNAPSHOT/hadoop-hdds-container-service-0.5.0-SNAPSHOT-tests.jar:/home/user/.m2/repository/org/yaml/snakeyaml/1.16/snakeyaml-1.16.jar:/home/user/.m2/repository/org/apache/hadoop/hadoop-common/3.2.0/hadoop-common-3.2.0-tests.jar:/home/user/.m2/repository/org/apache/hadoop/hadoop-annotations/3.2.0/hadoop-annotations-3.2.0.jar:/usr/lib/jvm/java-1.8-openjdk/jre/../lib/tools.jar:/home/user/.m2/repository/commons-cli/commons-cli/1.2/commons-cli-1.2.jar:/home/user/.m2/repository/org/apache/httpcomponents/httpclient/4.5.2/httpclient-4.5.2.jar:/home/user/.m2/repository/org/apache/httpcomponents/httpcore/4.4.4/httpcore-4.4.4.jar:/home/user/.m2/repository/commons-codec/commons-codec/1.11/commons-codec-1.11.jar:/home/user/.m2/repository/commons-net/commons-net/3.6/commons-net-3.6.jar:/home/user/.m2/repository/commons-collections/commons-collections/3.2.2/commons-collections-3.2.2.jar:/home/user/.m2/repository/org/eclipse/jetty/jetty-servlet/9.3.25.v20180904/jetty-servlet-9.3.25.v20180904.jar:/home/user/.m2/repository/org/eclipse/jetty/jetty-security/9.3.25.v20180904/jetty-security-9.3.25.v20180904.jar:/home/user/.m2/repository/javax/servlet/jsp/jsp-api/2.1/jsp-api-2.1.jar:/home/user/.m2/repository/com/sun/jersey/jersey-servlet/1.19/jersey-servlet-1.19.jar:/home/user/.m2/repository/com/sun/jersey/jersey-json/1.19/jersey-json-1.19.jar:/home/user/.m2/repository/org/codehaus/jettison/jettison/1.1/jettison-1.1.jar:/home/user/.m2/repository/org/codehaus/jackson/jackson-core-asl/1.9.13/jackson-core-asl-1.9.13.jar:/home/user/.m2/repository/org/codehaus/jackson/jackson-mapper-asl/1.9.13/jackson-mapper-asl-1.9.13.jar:/home/user/.m2/repository/org/codehaus/jackson/jackson-jaxrs/1.9.13/jackson-jaxrs-1.9.13.jar:/home/user/.m2/repository/org/codehaus/jackson/jackson-xc/1.9.13/jackson-xc-1.9.13.jar:/home/user/.m2/repository/commons-logging/commons-logging/1.1.3/commons-logging-1.1.3.jar:/home/user/.m2/repository/commons-beanutils/commons-beanutils/1.9.4/commons-beanutils-1.9.4.jar:/home/user/.m2/repository/org/apache/commons/commons-configuration2/2.1.1/commons-configuration2-2.1.1.jar:/home/user/.m2/repository/org/apache/commons/commons-lang3/3.7/commons-lang3-3.7.jar:/home/user/.m2/repository/org/apache/commons/commons-text/1.4/commons-text-1.4.jar:/home/user/.m2/repository/org/apache/avro/avro/1.7.7/avro-1.7.7.jar:/home/user/.m2/repository/com/thoughtworks/paranamer/paranamer/2.3/paranamer-2.3.jar:/home/user/.m2/repository/org/xerial/snappy/snappy-java/1.0.5/snappy-java-1.0.5.jar:/home/user/.m2/repository/com/google/re2j/re2j/1.1/re2j-1.1.jar:/home/user/.m2/repository/com/google/code/gson/gson/2.2.4/gson-2.2.4.jar:/home/user/.m2/repository/com/jcraft/jsch/0.1.54/jsch-0.1.54.jar:/home/user/.m2/repository/org/apache/curator/curator-client/2.12.0/curator-client-2.12.0.jar:/home/user/.m2/repository/org/apache/curator/curator-recipes/2.12.0/curator-recipes-2.12.0.jar:/home/user/.m2/repository/com/google/code/findbugs/jsr305/3.0.0/jsr305-3.0.0.jar:/home/user/.m2/repository/org/apache/htrace/htrace-core4/4.1.0-incubating/htrace-core4-4.1.0-incubating.jar:/home/user/.m2/repository/org/apache/zookeeper/zookeeper/3.4.13/zookeeper-3.4.13.jar:/home/user/.m2/repository/jline/jline/0.9.94/jline-0.9.94.jar:/home/user/.m2/repository/org/apache/yetus/audience-annotations/0.5.0/audience-annotations-0.5.0.jar:/home/user/.m2/repository/org/codehaus/woodstox/stax2-api/3.1.4/stax2-api-3.1.4.jar:/home/user/.m2/repository/com/fasterxml/woodstox/woodstox-core/5.0.3/woodstox-core-5.0.3.jar:/home/user/.m2/repository/dnsjava/dnsjava/2.1.7/dnsjava-2.1.7.jar:/home/user/.m2/repository/org/apache/hadoop/hadoop-hdfs/3.2.0/hadoop-hdfs-3.2.0-tests.jar:/home/user/.m2/repository/org/eclipse/jetty/jetty-util-ajax/9.3.25.v20180904/jetty-util-ajax-9.3.25.v20180904.jar:/home/user/.m2/repository/commons-daemon/commons-daemon/1.0.13/commons-daemon-1.0.13.jar:/home/user/.m2/repository/io/netty/netty/3.10.5.Final/netty-3.10.5.Final.jar:/home/user/.m2/repository/io/netty/netty-all/4.0.52.Final/netty-all-4.0.52.Final.jar:/home/user/.m2/repository/org/fusesource/leveldbjni/leveldbjni-all/1.8/leveldbjni-all-1.8.jar:"/>
    <property name="sun.cpu.endian" value="little"/>
    <property name="user.home" value="/home/user"/>
    <property name="user.language" value="en"/>
    <property name="java.specification.vendor" value="Oracle Corporation"/>
    <property name="java.home" value="/usr/lib/jvm/java-1.8-openjdk/jre"/>
    <property name="java.security.krb5.conf" value="/workdir/hadoop-ozone/integration-test/target/test-classes/krb5.conf"/>
    <property name="basedir" value="/workdir/hadoop-ozone/integration-test"/>
    <property name="file.separator" value="/"/>
    <property name="line.separator" value="&#10;"/>
    <property name="java.vm.specification.vendor" value="Oracle Corporation"/>
    <property name="java.specification.name" value="Java Platform API Specification"/>
    <property name="java.awt.graphicsenv" value="sun.awt.X11GraphicsEnvironment"/>
    <property name="surefire.real.class.path" value="/workdir/hadoop-ozone/integration-test/target/surefire/surefirebooter4061570149108134561.jar"/>
    <property name="hadoop.log.dir" value="/workdir/hadoop-ozone/integration-test/target/log"/>
    <property name="sun.boot.class.path" value="/usr/lib/jvm/java-1.8-openjdk/jre/lib/resources.jar:/usr/lib/jvm/java-1.8-openjdk/jre/lib/rt.jar:/usr/lib/jvm/java-1.8-openjdk/jre/lib/sunrsasign.jar:/usr/lib/jvm/java-1.8-openjdk/jre/lib/jsse.jar:/usr/lib/jvm/java-1.8-openjdk/jre/lib/jce.jar:/usr/lib/jvm/java-1.8-openjdk/jre/lib/charsets.jar:/usr/lib/jvm/java-1.8-openjdk/jre/lib/jfr.jar:/usr/lib/jvm/java-1.8-openjdk/jre/classes"/>
    <property name="sun.management.compiler" value="HotSpot 64-Bit Tiered Compilers"/>
    <property name="java.runtime.version" value="1.8.0_212-b04"/>
    <property name="java.net.preferIPv4Stack" value="true"/>
    <property name="user.name" value="jenkins1000"/>
    <property name="path.separator" value=":"/>
    <property name="java.security.egd" value="file:///dev/urandom"/>
    <property name="os.version" value="3.10.0-957.12.2.el7.x86_64"/>
    <property name="java.endorsed.dirs" value="/usr/lib/jvm/java-1.8-openjdk/jre/lib/endorsed"/>
    <property name="java.runtime.name" value="OpenJDK Runtime Environment"/>
    <property name="file.encoding" value="UTF-8"/>
    <property name="java.vm.name" value="OpenJDK 64-Bit Server VM"/>
    <property name="test.build.webapps" value=""/>
    <property name="localRepository" value="/home/user/.m2/repository"/>
    <property name="java.vendor.url.bug" value="https://icedtea.classpath.org/bugzilla"/>
    <property name="java.io.tmpdir" value="/tmp"/>
    <property name="require.test.libhadoop" value=""/>
    <property name="java.version" value="1.8.0_212"/>
    <property name="user.dir" value="/workdir/hadoop-ozone/integration-test"/>
    <property name="os.arch" value="amd64"/>
    <property name="java.vm.specification.name" value="Java Virtual Machine Specification"/>
    <property name="test.build.classes" value="/workdir/hadoop-ozone/integration-test/target/test-classes"/>
    <property name="java.awt.printerjob" value="sun.print.PSPrinterJob"/>
    <property name="sun.os.patch.level" value="unknown"/>
    <property name="hadoop.tmp.dir" value="/workdir/hadoop-ozone/integration-test/target/tmp"/>
    <property name="java.library.path" value="/usr/lib/jvm/java-1.8-openjdk/jre/lib/amd64/server:/usr/lib/jvm/java-1.8-openjdk/jre/lib/amd64:/usr/lib/jvm/java-1.8-openjdk/jre/../lib/amd64:/workdir/hadoop-ozone/integration-test/target/native/target/usr/local/lib:/workdir/hadoop-ozone/integration-test/../../hadoop-common-project/hadoop-common/target/native/target/usr/local/lib:/usr/java/packages/lib/amd64:/usr/lib64:/lib64:/lib:/usr/lib"/>
    <property name="java.vm.info" value="mixed mode"/>
    <property name="java.vendor" value="IcedTea"/>
    <property name="java.vm.version" value="25.212-b04"/>
    <property name="java.ext.dirs" value="/usr/lib/jvm/java-1.8-openjdk/jre/lib/ext:/usr/java/packages/lib/ext"/>
    <property name="sun.io.unicode.encoding" value="UnicodeLittle"/>
    <property name="java.class.version" value="52.0"/>
  </properties>
  <testcase name="testPipelineCloseWithPipelineAction" classname="org.apache.hadoop.hdds.scm.pipeline.TestPipelineClose" time="35.465"/>
  <testcase name="testPipelineCloseWithOpenContainer" classname="org.apache.hadoop.hdds.scm.pipeline.TestPipelineClose" time="18.596">
    <error message="Could not allocate container. Cannot get any matching pipeline for Type:RATIS, Factor:THREE, State:PipelineState.OPEN" type="java.io.IOException">java.io.IOException: Could not allocate container. Cannot get any matching pipeline for Type:RATIS, Factor:THREE, State:PipelineState.OPEN
	at org.apache.hadoop.hdds.scm.container.ContainerStateManager.allocateContainer(ContainerStateManager.java:260)
	at org.apache.hadoop.hdds.scm.container.SCMContainerManager.allocateContainer(SCMContainerManager.java:247)
	at org.apache.hadoop.hdds.scm.pipeline.TestPipelineClose.init(TestPipelineClose.java:92)
	at sun.reflect.NativeMethodAccessorImpl.invoke0(Native Method)
	at sun.reflect.NativeMethodAccessorImpl.invoke(NativeMethodAccessorImpl.java:62)
	at sun.reflect.DelegatingMethodAccessorImpl.invoke(DelegatingMethodAccessorImpl.java:43)
	at java.lang.reflect.Method.invoke(Method.java:498)
	at org.junit.runners.model.FrameworkMethod$1.runReflectiveCall(FrameworkMethod.java:47)
	at org.junit.internal.runners.model.ReflectiveCallable.run(ReflectiveCallable.java:12)
	at org.junit.runners.model.FrameworkMethod.invokeExplosively(FrameworkMethod.java:44)
	at org.junit.internal.runners.statements.RunBefores.evaluate(RunBefores.java:24)
	at org.junit.internal.runners.statements.RunAfters.evaluate(RunAfters.java:27)
	at org.junit.runners.ParentRunner.runLeaf(ParentRunner.java:271)
	at org.junit.runners.BlockJUnit4ClassRunner.runChild(BlockJUnit4ClassRunner.java:70)
	at org.junit.runners.BlockJUnit4ClassRunner.runChild(BlockJUnit4ClassRunner.java:50)
	at org.junit.runners.ParentRunner$3.run(ParentRunner.java:238)
	at org.junit.runners.ParentRunner$1.schedule(ParentRunner.java:63)
	at org.junit.runners.ParentRunner.runChildren(ParentRunner.java:236)
	at org.junit.runners.ParentRunner.access$000(ParentRunner.java:53)
	at org.junit.runners.ParentRunner$2.evaluate(ParentRunner.java:229)
	at org.junit.runners.ParentRunner.run(ParentRunner.java:309)
	at org.apache.maven.surefire.junit4.JUnit4Provider.execute(JUnit4Provider.java:365)
	at org.apache.maven.surefire.junit4.JUnit4Provider.executeWithRerun(JUnit4Provider.java:273)
	at org.apache.maven.surefire.junit4.JUnit4Provider.executeTestSet(JUnit4Provider.java:238)
	at org.apache.maven.surefire.junit4.JUnit4Provider.invoke(JUnit4Provider.java:159)
	at org.apache.maven.surefire.booter.ForkedBooter.invokeProviderInSameClassLoader(ForkedBooter.java:384)
	at org.apache.maven.surefire.booter.ForkedBooter.runSuitesInProcess(ForkedBooter.java:345)
	at org.apache.maven.surefire.booter.ForkedBooter.execute(ForkedBooter.java:126)
	at org.apache.maven.surefire.booter.ForkedBooter.main(ForkedBooter.java:418)
</error>
    <system-out><![CDATA[2019-10-09 12:07:40,298 [main] WARN  server.ServerUtils (ServerUtils.java:getScmDbDir(145)) - ozone.scm.db.dirs is not configured. We recommend adding this setting. Falling back to ozone.metadata.dirs instead.
2019-10-09 12:07:40,313 [main] WARN  server.ServerUtils (ServerUtils.java:getScmDbDir(145)) - ozone.scm.db.dirs is not configured. We recommend adding this setting. Falling back to ozone.metadata.dirs instead.
2019-10-09 12:07:40,313 [main] WARN  server.ServerUtils (ServerUtils.java:getScmDbDir(145)) - ozone.scm.db.dirs is not configured. We recommend adding this setting. Falling back to ozone.metadata.dirs instead.
2019-10-09 12:07:40,314 [main] INFO  db.DBStoreBuilder (DBStoreBuilder.java:addTable(110)) - using custom profile for table: deletedBlocks
2019-10-09 12:07:40,314 [main] INFO  db.DBStoreBuilder (DBStoreBuilder.java:processTables(161)) - Using default column profile:DBProfile.DISK for Table:deletedBlocks
2019-10-09 12:07:40,314 [main] INFO  db.DBStoreBuilder (DBStoreBuilder.java:addTable(110)) - using custom profile for table: validCerts
2019-10-09 12:07:40,314 [main] INFO  db.DBStoreBuilder (DBStoreBuilder.java:processTables(161)) - Using default column profile:DBProfile.DISK for Table:validCerts
2019-10-09 12:07:40,315 [main] INFO  db.DBStoreBuilder (DBStoreBuilder.java:addTable(110)) - using custom profile for table: revokedCerts
2019-10-09 12:07:40,315 [main] INFO  db.DBStoreBuilder (DBStoreBuilder.java:processTables(161)) - Using default column profile:DBProfile.DISK for Table:revokedCerts
2019-10-09 12:07:40,315 [main] INFO  db.DBStoreBuilder (DBStoreBuilder.java:addTable(110)) - using custom profile for table: default
2019-10-09 12:07:40,315 [main] INFO  db.DBStoreBuilder (DBStoreBuilder.java:processTables(167)) - Using default column profile:DBProfile.DISK for Table:default
2019-10-09 12:07:40,316 [main] INFO  db.DBStoreBuilder (DBStoreBuilder.java:getDbProfile(198)) - Using default options. DBProfile.DISK
2019-10-09 12:07:40,468 [main] INFO  net.NodeSchemaLoader (NodeSchemaLoader.java:loadSchemaFromFile(125)) - Loading file from sun.misc.CompoundEnumeration@10b1a751
2019-10-09 12:07:40,468 [main] INFO  net.NodeSchemaLoader (NodeSchemaLoader.java:loadSchema(171)) - Loading network topology layer schema file
2019-10-09 12:07:40,473 [main] WARN  server.ServerUtils (ServerUtils.java:sanitizeUserArgs(70)) - ozone.scm.stale.node.interval value = 300000 is larger than max = 100000 based on the key value of ozone.scm.heartbeat.thread.interval, reset to the max value 100000.
2019-10-09 12:07:40,473 [main] WARN  server.ServerUtils (ServerUtils.java:sanitizeUserArgs(70)) - ozone.scm.stale.node.interval value = 300000 is larger than max = 100000 based on the key value of ozone.scm.heartbeat.thread.interval, reset to the max value 100000.
2019-10-09 12:07:40,474 [main] INFO  node.SCMNodeManager (SCMNodeManager.java:<init>(114)) - Entering startup safe mode.
2019-10-09 12:07:40,475 [main] INFO  algorithms.ContainerPlacementPolicyFactory (ContainerPlacementPolicyFactory.java:getPolicy(59)) - Create container placement policy of type org.apache.hadoop.hdds.scm.container.placement.algorithms.SCMContainerPlacementRandom
2019-10-09 12:07:40,475 [main] WARN  server.ServerUtils (ServerUtils.java:getScmDbDir(145)) - ozone.scm.db.dirs is not configured. We recommend adding this setting. Falling back to ozone.metadata.dirs instead.
2019-10-09 12:07:40,525 [main] INFO  pipeline.SCMPipelineManager (SCMPipelineManager.java:initializePipelineState(144)) - No pipeline exists in current db
2019-10-09 12:07:40,526 [main] WARN  server.ServerUtils (ServerUtils.java:getScmDbDir(145)) - ozone.scm.db.dirs is not configured. We recommend adding this setting. Falling back to ozone.metadata.dirs instead.
2019-10-09 12:07:40,575 [main] INFO  safemode.HealthyPipelineSafeModeRule (HealthyPipelineSafeModeRule.java:<init>(89)) -  Total pipeline count is 0, healthy pipeline threshold count is 1
2019-10-09 12:07:40,576 [main] INFO  safemode.OneReplicaPipelineSafeModeRule (OneReplicaPipelineSafeModeRule.java:<init>(88)) - Total pipeline count is 0, pipeline's with at least one datanode reported threshold count is 0
2019-10-09 12:07:40,576 [main] WARN  events.EventQueue (EventQueue.java:fireEvent(183)) - No event handler registered for event TypedEvent{payloadType=SafeModeStatus, name='SafeModeStatus'}
2019-10-09 12:07:40,577 [main] INFO  ipc.CallQueueManager (CallQueueManager.java:<init>(84)) - Using callQueue: class java.util.concurrent.LinkedBlockingQueue, queueCapacity: 2000, scheduler: class org.apache.hadoop.ipc.DefaultRpcScheduler, ipcBackoff: false.
2019-10-09 12:07:40,578 [Socket Reader #1 for port 33890] INFO  ipc.Server (Server.java:run(1074)) - Starting Socket Reader #1 for port 33890
2019-10-09 12:07:40,579 [main] INFO  ipc.CallQueueManager (CallQueueManager.java:<init>(84)) - Using callQueue: class java.util.concurrent.LinkedBlockingQueue, queueCapacity: 2000, scheduler: class org.apache.hadoop.ipc.DefaultRpcScheduler, ipcBackoff: false.
2019-10-09 12:07:40,580 [Socket Reader #1 for port 36005] INFO  ipc.Server (Server.java:run(1074)) - Starting Socket Reader #1 for port 36005
2019-10-09 12:07:40,582 [main] INFO  ipc.CallQueueManager (CallQueueManager.java:<init>(84)) - Using callQueue: class java.util.concurrent.LinkedBlockingQueue, queueCapacity: 2000, scheduler: class org.apache.hadoop.ipc.DefaultRpcScheduler, ipcBackoff: false.
2019-10-09 12:07:40,582 [Socket Reader #1 for port 33061] INFO  ipc.Server (Server.java:run(1074)) - Starting Socket Reader #1 for port 33061
2019-10-09 12:07:40,585 [main] INFO  hdfs.DFSUtil (DFSUtil.java:httpServerTemplateForNNAndJN(1641)) - Starting Web-server for scm at: http://0.0.0.0:0
2019-10-09 12:07:40,586 [main] INFO  server.AuthenticationFilter (AuthenticationFilter.java:constructSecretProvider(240)) - Unable to initialize FileSignerSecretProvider, falling back to use random secrets.
2019-10-09 12:07:40,587 [main] WARN  http.HttpRequestLog (HttpRequestLog.java:getRequestLog(97)) - Jetty request log can only be enabled using Log4j
2019-10-09 12:07:40,589 [main] INFO  http.HttpServer2 (HttpServer2.java:addGlobalFilter(975)) - Added global filter 'safety' (class=org.apache.hadoop.http.HttpServer2$QuotingInputFilter)
2019-10-09 12:07:40,590 [main] INFO  http.HttpServer2 (HttpServer2.java:addFilter(948)) - Added filter static_user_filter (class=org.apache.hadoop.http.lib.StaticUserWebFilter$StaticUserFilter) to context scm
2019-10-09 12:07:40,590 [main] INFO  http.HttpServer2 (HttpServer2.java:addFilter(958)) - Added filter static_user_filter (class=org.apache.hadoop.http.lib.StaticUserWebFilter$StaticUserFilter) to context static
2019-10-09 12:07:40,590 [main] INFO  http.HttpServer2 (HttpServer2.java:addFilter(958)) - Added filter static_user_filter (class=org.apache.hadoop.http.lib.StaticUserWebFilter$StaticUserFilter) to context logs
2019-10-09 12:07:40,593 [main] INFO  server.StorageContainerManager (StorageContainerManager.java:start(769)) - StorageContainerLocationProtocol RPC server is listening at /0.0.0.0:33061
2019-10-09 12:07:40,595 [main] WARN  impl.MetricsConfig (MetricsConfig.java:loadFirst(134)) - Cannot locate configuration: tried hadoop-metrics2-storagecontainermanager.properties,hadoop-metrics2.properties
2019-10-09 12:07:40,596 [main] INFO  impl.MetricsSystemImpl (MetricsSystemImpl.java:startTimer(374)) - Scheduled Metric snapshot period at 10 second(s).
2019-10-09 12:07:40,596 [main] INFO  impl.MetricsSystemImpl (MetricsSystemImpl.java:start(191)) - StorageContainerManager metrics system started
2019-10-09 12:07:40,614 [main] WARN  impl.MetricsSystemImpl (MetricsSystemImpl.java:register(276)) - Sink prometheus already exists!
2019-10-09 12:07:40,622 [main] INFO  server.SCMClientProtocolServer (SCMClientProtocolServer.java:start(151)) - RPC server for Client  is listening at /0.0.0.0:33061
2019-10-09 12:07:40,623 [IPC Server Responder] INFO  ipc.Server (Server.java:run(1314)) - IPC Server Responder: starting
2019-10-09 12:07:40,623 [IPC Server listener on 33061] INFO  ipc.Server (Server.java:run(1153)) - IPC Server listener on 33061: starting
2019-10-09 12:07:40,627 [main] INFO  server.StorageContainerManager (StorageContainerManager.java:start(779)) - ScmBlockLocationProtocol RPC server is listening at /0.0.0.0:36005
2019-10-09 12:07:40,627 [main] INFO  server.SCMBlockProtocolServer (SCMBlockProtocolServer.java:start(146)) - RPC server for Block Protocol is listening at /0.0.0.0:36005
2019-10-09 12:07:40,628 [IPC Server Responder] INFO  ipc.Server (Server.java:run(1314)) - IPC Server Responder: starting
2019-10-09 12:07:40,628 [IPC Server listener on 36005] INFO  ipc.Server (Server.java:run(1153)) - IPC Server listener on 36005: starting
2019-10-09 12:07:40,631 [main] INFO  server.StorageContainerManager (StorageContainerManager.java:start(783)) - ScmDatanodeProtocl RPC server is listening at /0.0.0.0:33890
2019-10-09 12:07:40,631 [main] INFO  server.SCMDatanodeProtocolServer (SCMDatanodeProtocolServer.java:start(199)) - RPC server for DataNodes is listening at /0.0.0.0:33890
2019-10-09 12:07:40,632 [IPC Server Responder] INFO  ipc.Server (Server.java:run(1314)) - IPC Server Responder: starting
2019-10-09 12:07:40,632 [IPC Server listener on 33890] INFO  ipc.Server (Server.java:run(1153)) - IPC Server listener on 33890: starting
2019-10-09 12:07:40,636 [main] INFO  http.HttpServer2 (HttpServer2.java:bindListener(1191)) - Jetty bound to port 39507
2019-10-09 12:07:40,636 [main] INFO  server.Server (Server.java:doStart(351)) - jetty-9.3.25.v20180904, build timestamp: 2018-09-04T21:11:46Z, git hash: 3ce520221d0240229c862b122d2b06c12a625732
2019-10-09 12:07:40,638 [main] INFO  handler.ContextHandler (ContextHandler.java:doStart(781)) - Started o.e.j.s.ServletContextHandler@5f481b73{/logs,file:///workdir/hadoop-ozone/integration-test/target/log,AVAILABLE}
2019-10-09 12:07:40,639 [main] INFO  handler.ContextHandler (ContextHandler.java:doStart(781)) - Started o.e.j.s.ServletContextHandler@41294371{/static,file:///workdir/hadoop-ozone/integration-test/target/test-classes/webapps/static,AVAILABLE}
2019-10-09 12:07:40,644 [main] INFO  handler.ContextHandler (ContextHandler.java:doStart(781)) - Started o.e.j.w.WebAppContext@1f346ad2{/,file:///workdir/hadoop-ozone/integration-test/target/test-classes/webapps/scm/,AVAILABLE}{/scm}
2019-10-09 12:07:40,645 [main] INFO  server.AbstractConnector (AbstractConnector.java:doStart(278)) - Started ServerConnector@46a145ba{HTTP/1.1,[http/1.1]}{0.0.0.0:39507}
2019-10-09 12:07:40,646 [main] INFO  server.Server (Server.java:doStart(419)) - Started @36303ms
2019-10-09 12:07:40,646 [main] WARN  impl.MetricsSystemImpl (MetricsSystemImpl.java:register(276)) - Sink prometheus already exists!
2019-10-09 12:07:40,647 [main] INFO  server.BaseHttpServer (BaseHttpServer.java:updateConnectorAddress(215)) - HTTP server of SCM is listening at http://0.0.0.0:39507
2019-10-09 12:07:40,647 [main] WARN  server.ServerUtils (ServerUtils.java:getDBPath(222)) - ozone.om.db.dirs is not configured. We recommend adding this setting. Falling back to ozone.metadata.dirs instead.
2019-10-09 12:07:40,647 [org.apache.hadoop.util.JvmPauseMonitor$Monitor@ae2db25] INFO  util.JvmPauseMonitor (JvmPauseMonitor.java:run(188)) - Starting JVM pause monitor
2019-10-09 12:07:40,661 [main] WARN  server.ServerUtils (ServerUtils.java:getDBPath(222)) - ozone.om.db.dirs is not configured. We recommend adding this setting. Falling back to ozone.metadata.dirs instead.
2019-10-09 12:07:40,661 [main] WARN  server.ServerUtils (ServerUtils.java:getDBPath(222)) - ozone.om.db.dirs is not configured. We recommend adding this setting. Falling back to ozone.metadata.dirs instead.
2019-10-09 12:07:40,662 [main] INFO  om.OzoneManager (OzoneManager.java:setOMNodeDetails(652)) - OM Service ID is not set. Setting it to the default ID: omServiceIdDefault
2019-10-09 12:07:40,662 [main] INFO  om.OzoneManager (OzoneManager.java:setOMNodeDetails(658)) - OM Node ID is not set. Setting it to the OmStorage's OmID: a570d7cb-6087-4d7a-870c-d0457a4c892c
2019-10-09 12:07:40,662 [main] INFO  om.OzoneManager (OzoneManager.java:loadOMHAConfigs(609)) - Found matching OM address with OMServiceId: null, OMNodeId: null, RPC Address: localhost:0 and Ratis port: 9872
2019-10-09 12:07:40,677 [main] WARN  server.ServerUtils (ServerUtils.java:getDBPath(222)) - ozone.om.db.dirs is not configured. We recommend adding this setting. Falling back to ozone.metadata.dirs instead.
2019-10-09 12:07:40,678 [main] INFO  db.DBStoreBuilder (DBStoreBuilder.java:addTable(110)) - using custom profile for table: userTable
2019-10-09 12:07:40,678 [main] INFO  db.DBStoreBuilder (DBStoreBuilder.java:processTables(161)) - Using default column profile:DBProfile.DISK for Table:userTable
2019-10-09 12:07:40,678 [main] INFO  db.DBStoreBuilder (DBStoreBuilder.java:addTable(110)) - using custom profile for table: volumeTable
2019-10-09 12:07:40,678 [main] INFO  db.DBStoreBuilder (DBStoreBuilder.java:processTables(161)) - Using default column profile:DBProfile.DISK for Table:volumeTable
2019-10-09 12:07:40,679 [main] INFO  db.DBStoreBuilder (DBStoreBuilder.java:addTable(110)) - using custom profile for table: bucketTable
2019-10-09 12:07:40,679 [main] INFO  db.DBStoreBuilder (DBStoreBuilder.java:processTables(161)) - Using default column profile:DBProfile.DISK for Table:bucketTable
2019-10-09 12:07:40,679 [main] INFO  db.DBStoreBuilder (DBStoreBuilder.java:addTable(110)) - using custom profile for table: keyTable
2019-10-09 12:07:40,679 [main] INFO  db.DBStoreBuilder (DBStoreBuilder.java:processTables(161)) - Using default column profile:DBProfile.DISK for Table:keyTable
2019-10-09 12:07:40,679 [main] INFO  db.DBStoreBuilder (DBStoreBuilder.java:addTable(110)) - using custom profile for table: deletedTable
2019-10-09 12:07:40,680 [main] INFO  db.DBStoreBuilder (DBStoreBuilder.java:processTables(161)) - Using default column profile:DBProfile.DISK for Table:deletedTable
2019-10-09 12:07:40,680 [main] INFO  db.DBStoreBuilder (DBStoreBuilder.java:addTable(110)) - using custom profile for table: openKeyTable
2019-10-09 12:07:40,680 [main] INFO  db.DBStoreBuilder (DBStoreBuilder.java:processTables(161)) - Using default column profile:DBProfile.DISK for Table:openKeyTable
2019-10-09 12:07:40,680 [main] INFO  db.DBStoreBuilder (DBStoreBuilder.java:addTable(110)) - using custom profile for table: s3Table
2019-10-09 12:07:40,680 [main] INFO  db.DBStoreBuilder (DBStoreBuilder.java:processTables(161)) - Using default column profile:DBProfile.DISK for Table:s3Table
2019-10-09 12:07:40,681 [main] INFO  db.DBStoreBuilder (DBStoreBuilder.java:addTable(110)) - using custom profile for table: multipartInfoTable
2019-10-09 12:07:40,681 [main] INFO  db.DBStoreBuilder (DBStoreBuilder.java:processTables(161)) - Using default column profile:DBProfile.DISK for Table:multipartInfoTable
2019-10-09 12:07:40,681 [main] INFO  db.DBStoreBuilder (DBStoreBuilder.java:addTable(110)) - using custom profile for table: dTokenTable
2019-10-09 12:07:40,681 [main] INFO  db.DBStoreBuilder (DBStoreBuilder.java:processTables(161)) - Using default column profile:DBProfile.DISK for Table:dTokenTable
2019-10-09 12:07:40,681 [main] INFO  db.DBStoreBuilder (DBStoreBuilder.java:addTable(110)) - using custom profile for table: s3SecretTable
2019-10-09 12:07:40,681 [main] INFO  db.DBStoreBuilder (DBStoreBuilder.java:processTables(161)) - Using default column profile:DBProfile.DISK for Table:s3SecretTable
2019-10-09 12:07:40,682 [main] INFO  db.DBStoreBuilder (DBStoreBuilder.java:addTable(110)) - using custom profile for table: prefixTable
2019-10-09 12:07:40,682 [main] INFO  db.DBStoreBuilder (DBStoreBuilder.java:processTables(161)) - Using default column profile:DBProfile.DISK for Table:prefixTable
2019-10-09 12:07:40,682 [main] INFO  db.DBStoreBuilder (DBStoreBuilder.java:addTable(110)) - using custom profile for table: default
2019-10-09 12:07:40,682 [main] INFO  db.DBStoreBuilder (DBStoreBuilder.java:processTables(167)) - Using default column profile:DBProfile.DISK for Table:default
2019-10-09 12:07:40,682 [main] INFO  db.DBStoreBuilder (DBStoreBuilder.java:getDbProfile(198)) - Using default options. DBProfile.DISK
2019-10-09 12:07:41,190 [main] INFO  ipc.CallQueueManager (CallQueueManager.java:<init>(84)) - Using callQueue: class java.util.concurrent.LinkedBlockingQueue, queueCapacity: 2000, scheduler: class org.apache.hadoop.ipc.DefaultRpcScheduler, ipcBackoff: false.
2019-10-09 12:07:41,191 [Socket Reader #1 for port 43474] INFO  ipc.Server (Server.java:run(1074)) - Starting Socket Reader #1 for port 43474
2019-10-09 12:07:41,206 [main] INFO  om.OzoneManager (OzoneManager.java:start(1243)) - OzoneManager RPC server is listening at localhost/127.0.0.1:43474
2019-10-09 12:07:41,206 [main] INFO  impl.MetricsSystemImpl (MetricsSystemImpl.java:init(158)) - OzoneManager metrics system started (again)
2019-10-09 12:07:41,207 [IPC Server listener on 43474] INFO  ipc.Server (Server.java:run(1153)) - IPC Server listener on 43474: starting
2019-10-09 12:07:41,207 [IPC Server Responder] INFO  ipc.Server (Server.java:run(1314)) - IPC Server Responder: starting
2019-10-09 12:07:41,213 [main] INFO  hdfs.DFSUtil (DFSUtil.java:httpServerTemplateForNNAndJN(1641)) - Starting Web-server for ozoneManager at: http://0.0.0.0:0
2019-10-09 12:07:41,214 [main] INFO  server.AuthenticationFilter (AuthenticationFilter.java:constructSecretProvider(240)) - Unable to initialize FileSignerSecretProvider, falling back to use random secrets.
2019-10-09 12:07:41,215 [main] WARN  http.HttpRequestLog (HttpRequestLog.java:getRequestLog(97)) - Jetty request log can only be enabled using Log4j
2019-10-09 12:07:41,217 [main] INFO  http.HttpServer2 (HttpServer2.java:addGlobalFilter(975)) - Added global filter 'safety' (class=org.apache.hadoop.http.HttpServer2$QuotingInputFilter)
2019-10-09 12:07:41,218 [main] INFO  http.HttpServer2 (HttpServer2.java:addFilter(948)) - Added filter static_user_filter (class=org.apache.hadoop.http.lib.StaticUserWebFilter$StaticUserFilter) to context ozoneManager
2019-10-09 12:07:41,218 [main] INFO  http.HttpServer2 (HttpServer2.java:addFilter(958)) - Added filter static_user_filter (class=org.apache.hadoop.http.lib.StaticUserWebFilter$StaticUserFilter) to context logs
2019-10-09 12:07:41,218 [main] INFO  http.HttpServer2 (HttpServer2.java:addFilter(958)) - Added filter static_user_filter (class=org.apache.hadoop.http.lib.StaticUserWebFilter$StaticUserFilter) to context static
2019-10-09 12:07:41,219 [main] INFO  http.HttpServer2 (HttpServer2.java:bindListener(1191)) - Jetty bound to port 38436
2019-10-09 12:07:41,220 [main] INFO  server.Server (Server.java:doStart(351)) - jetty-9.3.25.v20180904, build timestamp: 2018-09-04T21:11:46Z, git hash: 3ce520221d0240229c862b122d2b06c12a625732
2019-10-09 12:07:41,336 [main] INFO  handler.ContextHandler (ContextHandler.java:doStart(781)) - Started o.e.j.s.ServletContextHandler@445bb139{/logs,file:///workdir/hadoop-ozone/integration-test/target/log,AVAILABLE}
2019-10-09 12:07:41,351 [main] INFO  handler.ContextHandler (ContextHandler.java:doStart(781)) - Started o.e.j.s.ServletContextHandler@7a81065e{/static,file:///workdir/hadoop-ozone/integration-test/target/test-classes/webapps/static,AVAILABLE}
2019-10-09 12:07:41,362 [main] INFO  handler.ContextHandler (ContextHandler.java:doStart(781)) - Started o.e.j.w.WebAppContext@60e9c3a5{/,file:///workdir/hadoop-ozone/integration-test/target/test-classes/webapps/ozoneManager/,AVAILABLE}{/ozoneManager}
2019-10-09 12:07:41,364 [main] INFO  server.AbstractConnector (AbstractConnector.java:doStart(278)) - Started ServerConnector@7e5843db{HTTP/1.1,[http/1.1]}{0.0.0.0:38436}
2019-10-09 12:07:41,365 [main] INFO  server.Server (Server.java:doStart(419)) - Started @37023ms
2019-10-09 12:07:41,366 [main] WARN  impl.MetricsSystemImpl (MetricsSystemImpl.java:register(276)) - Sink prometheus already exists!
2019-10-09 12:07:41,368 [main] INFO  server.BaseHttpServer (BaseHttpServer.java:updateConnectorAddress(215)) - HTTP server of OZONEMANAGER is listening at http://0.0.0.0:38436
2019-10-09 12:07:41,389 [main] INFO  impl.MetricsSystemImpl (MetricsSystemImpl.java:init(158)) - HddsDatanode metrics system started (again)
2019-10-09 12:07:41,391 [main] INFO  ozone.HddsDatanodeService (HddsDatanodeService.java:start(184)) - HddsDatanodeService host:pr-hdds-2034-v6pl4-3072628770 ip:192.168.30.33
2019-10-09 12:07:41,400 [main] INFO  volume.HddsVolume (HddsVolume.java:<init>(176)) - Creating Volume: /workdir/hadoop-ozone/integration-test/target/test-dir/MiniOzoneClusterImpl-c56e8db2-5399-438d-837f-afe2c11b44aa/datanode-0/data/containers/hdds of  storage type : DISK and capacity : 1482555576320
2019-10-09 12:07:41,401 [main] INFO  volume.VolumeSet (VolumeSet.java:initializeVolumeSet(170)) - Added Volume : /workdir/hadoop-ozone/integration-test/target/test-dir/MiniOzoneClusterImpl-c56e8db2-5399-438d-837f-afe2c11b44aa/datanode-0/data/containers/hdds to VolumeSet
2019-10-09 12:07:41,401 [main] INFO  volume.ThrottledAsyncChecker (ThrottledAsyncChecker.java:schedule(139)) - Scheduling a check for org.apache.hadoop.ozone.container.common.volume.HddsVolume@5a3a1bf9
2019-10-09 12:07:41,401 [main] INFO  volume.HddsVolumeChecker (HddsVolumeChecker.java:checkAllVolumes(202)) - Scheduled health check for volume org.apache.hadoop.ozone.container.common.volume.HddsVolume@5a3a1bf9
2019-10-09 12:07:41,418 [main] INFO  impl.RaftServerProxy (ConfUtils.java:logGet(43)) - raft.rpc.type = GRPC (default)
2019-10-09 12:07:41,418 [main] INFO  grpc.GrpcFactory (GrpcFactory.java:checkPooledByteBufAllocatorUseCacheForAllThreads(45)) - PERFORMANCE WARNING: useCacheForAllThreads is true that may cause Netty to create a lot garbage objects and, as a result, trigger GC.
	It is recommended to disable useCacheForAllThreads by setting -Dorg.apache.ratis.thirdparty.io.netty.allocator.useCacheForAllThreads=false in command line.
2019-10-09 12:07:41,419 [main] INFO  grpc.GrpcConfigKeys$Server (ConfUtils.java:logGet(43)) - raft.grpc.server.port = 0 (default)
2019-10-09 12:07:41,419 [main] INFO  server.GrpcService (ConfUtils.java:logGet(43)) - raft.grpc.message.size.max = 33570816 (custom)
2019-10-09 12:07:41,419 [main] INFO  server.RaftServerConfigKeys (ConfUtils.java:logGet(43)) - raft.server.log.appender.buffer.byte-limit = 33554432 (custom)
2019-10-09 12:07:41,420 [main] INFO  server.GrpcService (ConfUtils.java:logGet(43)) - raft.grpc.flow.control.window = 1MB (=1048576) (default)
2019-10-09 12:07:41,420 [main] INFO  server.RaftServerConfigKeys (ConfUtils.java:logGet(43)) - raft.server.rpc.request.timeout = 3000ms (default)
2019-10-09 12:07:41,420 [main] INFO  server.RaftServerConfigKeys (ConfUtils.java:logGet(43)) - raft.server.storage.dir = [/workdir/hadoop-ozone/integration-test/target/test-dir/MiniOzoneClusterImpl-c56e8db2-5399-438d-837f-afe2c11b44aa/datanode-0/data/ratis] (custom)
2019-10-09 12:07:41,422 [main] INFO  hdfs.DFSUtil (DFSUtil.java:httpServerTemplateForNNAndJN(1641)) - Starting Web-server for hddsDatanode at: http://0.0.0.0:0
2019-10-09 12:07:41,424 [main] INFO  server.AuthenticationFilter (AuthenticationFilter.java:constructSecretProvider(240)) - Unable to initialize FileSignerSecretProvider, falling back to use random secrets.
2019-10-09 12:07:41,424 [main] WARN  http.HttpRequestLog (HttpRequestLog.java:getRequestLog(97)) - Jetty request log can only be enabled using Log4j
2019-10-09 12:07:41,426 [main] INFO  http.HttpServer2 (HttpServer2.java:addGlobalFilter(975)) - Added global filter 'safety' (class=org.apache.hadoop.http.HttpServer2$QuotingInputFilter)
2019-10-09 12:07:41,427 [main] INFO  http.HttpServer2 (HttpServer2.java:addFilter(948)) - Added filter static_user_filter (class=org.apache.hadoop.http.lib.StaticUserWebFilter$StaticUserFilter) to context hddsDatanode
2019-10-09 12:07:41,427 [main] INFO  http.HttpServer2 (HttpServer2.java:addFilter(958)) - Added filter static_user_filter (class=org.apache.hadoop.http.lib.StaticUserWebFilter$StaticUserFilter) to context static
2019-10-09 12:07:41,427 [main] INFO  http.HttpServer2 (HttpServer2.java:addFilter(958)) - Added filter static_user_filter (class=org.apache.hadoop.http.lib.StaticUserWebFilter$StaticUserFilter) to context logs
2019-10-09 12:07:41,428 [main] INFO  http.HttpServer2 (HttpServer2.java:bindListener(1191)) - Jetty bound to port 37495
2019-10-09 12:07:41,428 [main] INFO  server.Server (Server.java:doStart(351)) - jetty-9.3.25.v20180904, build timestamp: 2018-09-04T21:11:46Z, git hash: 3ce520221d0240229c862b122d2b06c12a625732
2019-10-09 12:07:41,430 [main] INFO  handler.ContextHandler (ContextHandler.java:doStart(781)) - Started o.e.j.s.ServletContextHandler@714f3da4{/logs,file:///workdir/hadoop-ozone/integration-test/target/log,AVAILABLE}
2019-10-09 12:07:41,431 [main] INFO  handler.ContextHandler (ContextHandler.java:doStart(781)) - Started o.e.j.s.ServletContextHandler@1f53481b{/static,jar:file:/home/user/.m2/repository/org/apache/hadoop/hadoop-hdds-container-service/0.5.0-SNAPSHOT/hadoop-hdds-container-service-0.5.0-SNAPSHOT.jar!/webapps/static,AVAILABLE}
2019-10-09 12:07:41,466 [main] INFO  handler.ContextHandler (ContextHandler.java:doStart(781)) - Started o.e.j.w.WebAppContext@2975a9e{/,file:///tmp/jetty-0.0.0.0-37495-hddsDatanode-_-any-618021974268072129.dir/webapp/,AVAILABLE}{/hddsDatanode}
2019-10-09 12:07:41,467 [main] INFO  server.AbstractConnector (AbstractConnector.java:doStart(278)) - Started ServerConnector@765ffb14{HTTP/1.1,[http/1.1]}{0.0.0.0:37495}
2019-10-09 12:07:41,468 [main] INFO  server.Server (Server.java:doStart(419)) - Started @37126ms
2019-10-09 12:07:41,469 [main] WARN  impl.MetricsSystemImpl (MetricsSystemImpl.java:register(276)) - Sink prometheus already exists!
2019-10-09 12:07:41,469 [main] INFO  server.BaseHttpServer (BaseHttpServer.java:updateConnectorAddress(215)) - HTTP server of HDDSDATANODE is listening at http://0.0.0.0:37495
2019-10-09 12:07:41,470 [main] INFO  impl.MetricsSystemImpl (MetricsSystemImpl.java:init(158)) - HddsDatanode metrics system started (again)
2019-10-09 12:07:41,474 [main] INFO  ozone.HddsDatanodeService (HddsDatanodeService.java:start(184)) - HddsDatanodeService host:pr-hdds-2034-v6pl4-3072628770 ip:192.168.30.33
2019-10-09 12:07:41,474 [org.apache.hadoop.util.JvmPauseMonitor$Monitor@4085d079] INFO  util.JvmPauseMonitor (JvmPauseMonitor.java:run(188)) - Starting JVM pause monitor
2019-10-09 12:07:41,479 [Datanode State Machine Thread - 0] INFO  datanode.InitDatanodeState (InitDatanodeState.java:persistContainerDatanodeDetails(140)) - DatanodeDetails is persisted to /workdir/hadoop-ozone/integration-test/target/test-dir/MiniOzoneClusterImpl-c56e8db2-5399-438d-837f-afe2c11b44aa/datanode-0/meta/datanode.id
2019-10-09 12:07:41,482 [main] INFO  volume.HddsVolume (HddsVolume.java:<init>(176)) - Creating Volume: /workdir/hadoop-ozone/integration-test/target/test-dir/MiniOzoneClusterImpl-c56e8db2-5399-438d-837f-afe2c11b44aa/datanode-1/data/containers/hdds of  storage type : DISK and capacity : 1482555576320
2019-10-09 12:07:41,483 [main] INFO  volume.VolumeSet (VolumeSet.java:initializeVolumeSet(170)) - Added Volume : /workdir/hadoop-ozone/integration-test/target/test-dir/MiniOzoneClusterImpl-c56e8db2-5399-438d-837f-afe2c11b44aa/datanode-1/data/containers/hdds to VolumeSet
2019-10-09 12:07:41,483 [main] INFO  volume.ThrottledAsyncChecker (ThrottledAsyncChecker.java:schedule(139)) - Scheduling a check for org.apache.hadoop.ozone.container.common.volume.HddsVolume@177515d1
2019-10-09 12:07:41,484 [main] INFO  volume.HddsVolumeChecker (HddsVolumeChecker.java:checkAllVolumes(202)) - Scheduled health check for volume org.apache.hadoop.ozone.container.common.volume.HddsVolume@177515d1
2019-10-09 12:07:41,505 [main] INFO  impl.RaftServerProxy (ConfUtils.java:logGet(43)) - raft.rpc.type = GRPC (default)
2019-10-09 12:07:41,506 [main] INFO  grpc.GrpcFactory (GrpcFactory.java:checkPooledByteBufAllocatorUseCacheForAllThreads(45)) - PERFORMANCE WARNING: useCacheForAllThreads is true that may cause Netty to create a lot garbage objects and, as a result, trigger GC.
	It is recommended to disable useCacheForAllThreads by setting -Dorg.apache.ratis.thirdparty.io.netty.allocator.useCacheForAllThreads=false in command line.
2019-10-09 12:07:41,506 [main] INFO  grpc.GrpcConfigKeys$Server (ConfUtils.java:logGet(43)) - raft.grpc.server.port = 0 (default)
2019-10-09 12:07:41,506 [main] INFO  server.GrpcService (ConfUtils.java:logGet(43)) - raft.grpc.message.size.max = 33570816 (custom)
2019-10-09 12:07:41,507 [main] INFO  server.RaftServerConfigKeys (ConfUtils.java:logGet(43)) - raft.server.log.appender.buffer.byte-limit = 33554432 (custom)
2019-10-09 12:07:41,507 [main] INFO  server.GrpcService (ConfUtils.java:logGet(43)) - raft.grpc.flow.control.window = 1MB (=1048576) (default)
2019-10-09 12:07:41,507 [main] INFO  server.RaftServerConfigKeys (ConfUtils.java:logGet(43)) - raft.server.rpc.request.timeout = 3000ms (default)
2019-10-09 12:07:41,508 [main] INFO  server.RaftServerConfigKeys (ConfUtils.java:logGet(43)) - raft.server.storage.dir = [/workdir/hadoop-ozone/integration-test/target/test-dir/MiniOzoneClusterImpl-c56e8db2-5399-438d-837f-afe2c11b44aa/datanode-1/data/ratis] (custom)
2019-10-09 12:07:41,510 [main] INFO  hdfs.DFSUtil (DFSUtil.java:httpServerTemplateForNNAndJN(1641)) - Starting Web-server for hddsDatanode at: http://0.0.0.0:0
2019-10-09 12:07:41,511 [main] INFO  server.AuthenticationFilter (AuthenticationFilter.java:constructSecretProvider(240)) - Unable to initialize FileSignerSecretProvider, falling back to use random secrets.
2019-10-09 12:07:41,512 [main] WARN  http.HttpRequestLog (HttpRequestLog.java:getRequestLog(97)) - Jetty request log can only be enabled using Log4j
2019-10-09 12:07:41,513 [main] INFO  http.HttpServer2 (HttpServer2.java:addGlobalFilter(975)) - Added global filter 'safety' (class=org.apache.hadoop.http.HttpServer2$QuotingInputFilter)
2019-10-09 12:07:41,514 [main] INFO  http.HttpServer2 (HttpServer2.java:addFilter(948)) - Added filter static_user_filter (class=org.apache.hadoop.http.lib.StaticUserWebFilter$StaticUserFilter) to context hddsDatanode
2019-10-09 12:07:41,514 [main] INFO  http.HttpServer2 (HttpServer2.java:addFilter(958)) - Added filter static_user_filter (class=org.apache.hadoop.http.lib.StaticUserWebFilter$StaticUserFilter) to context logs
2019-10-09 12:07:41,514 [main] INFO  http.HttpServer2 (HttpServer2.java:addFilter(958)) - Added filter static_user_filter (class=org.apache.hadoop.http.lib.StaticUserWebFilter$StaticUserFilter) to context static
2019-10-09 12:07:41,515 [main] INFO  http.HttpServer2 (HttpServer2.java:bindListener(1191)) - Jetty bound to port 33651
2019-10-09 12:07:41,515 [main] INFO  server.Server (Server.java:doStart(351)) - jetty-9.3.25.v20180904, build timestamp: 2018-09-04T21:11:46Z, git hash: 3ce520221d0240229c862b122d2b06c12a625732
2019-10-09 12:07:41,517 [main] INFO  handler.ContextHandler (ContextHandler.java:doStart(781)) - Started o.e.j.s.ServletContextHandler@3af7d855{/logs,file:///workdir/hadoop-ozone/integration-test/target/log,AVAILABLE}
2019-10-09 12:07:41,518 [main] INFO  handler.ContextHandler (ContextHandler.java:doStart(781)) - Started o.e.j.s.ServletContextHandler@f88bfbe{/static,jar:file:/home/user/.m2/repository/org/apache/hadoop/hadoop-hdds-container-service/0.5.0-SNAPSHOT/hadoop-hdds-container-service-0.5.0-SNAPSHOT.jar!/webapps/static,AVAILABLE}
2019-10-09 12:07:41,550 [main] INFO  handler.ContextHandler (ContextHandler.java:doStart(781)) - Started o.e.j.w.WebAppContext@71c17a57{/,file:///tmp/jetty-0.0.0.0-33651-hddsDatanode-_-any-3760217300859635641.dir/webapp/,AVAILABLE}{/hddsDatanode}
2019-10-09 12:07:41,551 [main] INFO  server.AbstractConnector (AbstractConnector.java:doStart(278)) - Started ServerConnector@640ab13c{HTTP/1.1,[http/1.1]}{0.0.0.0:33651}
2019-10-09 12:07:41,552 [main] INFO  server.Server (Server.java:doStart(419)) - Started @37210ms
2019-10-09 12:07:41,552 [main] WARN  impl.MetricsSystemImpl (MetricsSystemImpl.java:register(276)) - Sink prometheus already exists!
2019-10-09 12:07:41,553 [main] INFO  server.BaseHttpServer (BaseHttpServer.java:updateConnectorAddress(215)) - HTTP server of HDDSDATANODE is listening at http://0.0.0.0:33651
2019-10-09 12:07:41,553 [main] INFO  impl.MetricsSystemImpl (MetricsSystemImpl.java:init(158)) - HddsDatanode metrics system started (again)
2019-10-09 12:07:41,557 [main] INFO  ozone.HddsDatanodeService (HddsDatanodeService.java:start(184)) - HddsDatanodeService host:pr-hdds-2034-v6pl4-3072628770 ip:192.168.30.33
2019-10-09 12:07:41,557 [org.apache.hadoop.util.JvmPauseMonitor$Monitor@55862c65] INFO  util.JvmPauseMonitor (JvmPauseMonitor.java:run(188)) - Starting JVM pause monitor
2019-10-09 12:07:41,560 [Datanode State Machine Thread - 0] INFO  datanode.InitDatanodeState (InitDatanodeState.java:persistContainerDatanodeDetails(140)) - DatanodeDetails is persisted to /workdir/hadoop-ozone/integration-test/target/test-dir/MiniOzoneClusterImpl-c56e8db2-5399-438d-837f-afe2c11b44aa/datanode-1/meta/datanode.id
2019-10-09 12:07:41,565 [main] INFO  volume.HddsVolume (HddsVolume.java:<init>(176)) - Creating Volume: /workdir/hadoop-ozone/integration-test/target/test-dir/MiniOzoneClusterImpl-c56e8db2-5399-438d-837f-afe2c11b44aa/datanode-2/data/containers/hdds of  storage type : DISK and capacity : 1482555576320
2019-10-09 12:07:41,565 [main] INFO  volume.VolumeSet (VolumeSet.java:initializeVolumeSet(170)) - Added Volume : /workdir/hadoop-ozone/integration-test/target/test-dir/MiniOzoneClusterImpl-c56e8db2-5399-438d-837f-afe2c11b44aa/datanode-2/data/containers/hdds to VolumeSet
2019-10-09 12:07:41,565 [main] INFO  volume.ThrottledAsyncChecker (ThrottledAsyncChecker.java:schedule(139)) - Scheduling a check for org.apache.hadoop.ozone.container.common.volume.HddsVolume@178f268a
2019-10-09 12:07:41,566 [main] INFO  volume.HddsVolumeChecker (HddsVolumeChecker.java:checkAllVolumes(202)) - Scheduled health check for volume org.apache.hadoop.ozone.container.common.volume.HddsVolume@178f268a
2019-10-09 12:07:41,589 [main] INFO  impl.RaftServerProxy (ConfUtils.java:logGet(43)) - raft.rpc.type = GRPC (default)
2019-10-09 12:07:41,590 [main] INFO  grpc.GrpcFactory (GrpcFactory.java:checkPooledByteBufAllocatorUseCacheForAllThreads(45)) - PERFORMANCE WARNING: useCacheForAllThreads is true that may cause Netty to create a lot garbage objects and, as a result, trigger GC.
	It is recommended to disable useCacheForAllThreads by setting -Dorg.apache.ratis.thirdparty.io.netty.allocator.useCacheForAllThreads=false in command line.
2019-10-09 12:07:41,590 [main] INFO  grpc.GrpcConfigKeys$Server (ConfUtils.java:logGet(43)) - raft.grpc.server.port = 0 (default)
2019-10-09 12:07:41,590 [main] INFO  server.GrpcService (ConfUtils.java:logGet(43)) - raft.grpc.message.size.max = 33570816 (custom)
2019-10-09 12:07:41,591 [main] INFO  server.RaftServerConfigKeys (ConfUtils.java:logGet(43)) - raft.server.log.appender.buffer.byte-limit = 33554432 (custom)
2019-10-09 12:07:41,591 [main] INFO  server.GrpcService (ConfUtils.java:logGet(43)) - raft.grpc.flow.control.window = 1MB (=1048576) (default)
2019-10-09 12:07:41,591 [main] INFO  server.RaftServerConfigKeys (ConfUtils.java:logGet(43)) - raft.server.rpc.request.timeout = 3000ms (default)
2019-10-09 12:07:41,592 [main] INFO  server.RaftServerConfigKeys (ConfUtils.java:logGet(43)) - raft.server.storage.dir = [/workdir/hadoop-ozone/integration-test/target/test-dir/MiniOzoneClusterImpl-c56e8db2-5399-438d-837f-afe2c11b44aa/datanode-2/data/ratis] (custom)
2019-10-09 12:07:41,594 [main] INFO  hdfs.DFSUtil (DFSUtil.java:httpServerTemplateForNNAndJN(1641)) - Starting Web-server for hddsDatanode at: http://0.0.0.0:0
2019-10-09 12:07:41,596 [main] INFO  server.AuthenticationFilter (AuthenticationFilter.java:constructSecretProvider(240)) - Unable to initialize FileSignerSecretProvider, falling back to use random secrets.
2019-10-09 12:07:41,596 [main] WARN  http.HttpRequestLog (HttpRequestLog.java:getRequestLog(97)) - Jetty request log can only be enabled using Log4j
2019-10-09 12:07:41,598 [main] INFO  http.HttpServer2 (HttpServer2.java:addGlobalFilter(975)) - Added global filter 'safety' (class=org.apache.hadoop.http.HttpServer2$QuotingInputFilter)
2019-10-09 12:07:41,598 [main] INFO  http.HttpServer2 (HttpServer2.java:addFilter(948)) - Added filter static_user_filter (class=org.apache.hadoop.http.lib.StaticUserWebFilter$StaticUserFilter) to context hddsDatanode
2019-10-09 12:07:41,599 [main] INFO  http.HttpServer2 (HttpServer2.java:addFilter(958)) - Added filter static_user_filter (class=org.apache.hadoop.http.lib.StaticUserWebFilter$StaticUserFilter) to context static
2019-10-09 12:07:41,599 [main] INFO  http.HttpServer2 (HttpServer2.java:addFilter(958)) - Added filter static_user_filter (class=org.apache.hadoop.http.lib.StaticUserWebFilter$StaticUserFilter) to context logs
2019-10-09 12:07:41,599 [main] INFO  http.HttpServer2 (HttpServer2.java:bindListener(1191)) - Jetty bound to port 40797
2019-10-09 12:07:41,600 [main] INFO  server.Server (Server.java:doStart(351)) - jetty-9.3.25.v20180904, build timestamp: 2018-09-04T21:11:46Z, git hash: 3ce520221d0240229c862b122d2b06c12a625732
2019-10-09 12:07:41,601 [main] INFO  handler.ContextHandler (ContextHandler.java:doStart(781)) - Started o.e.j.s.ServletContextHandler@68ac9ec5{/logs,file:///workdir/hadoop-ozone/integration-test/target/log,AVAILABLE}
2019-10-09 12:07:41,602 [main] INFO  handler.ContextHandler (ContextHandler.java:doStart(781)) - Started o.e.j.s.ServletContextHandler@5ed4bc{/static,jar:file:/home/user/.m2/repository/org/apache/hadoop/hadoop-hdds-container-service/0.5.0-SNAPSHOT/hadoop-hdds-container-service-0.5.0-SNAPSHOT.jar!/webapps/static,AVAILABLE}
2019-10-09 12:07:41,631 [main] INFO  handler.ContextHandler (ContextHandler.java:doStart(781)) - Started o.e.j.w.WebAppContext@43f9dd56{/,file:///tmp/jetty-0.0.0.0-40797-hddsDatanode-_-any-5454668993493113586.dir/webapp/,AVAILABLE}{/hddsDatanode}
2019-10-09 12:07:41,632 [main] INFO  server.AbstractConnector (AbstractConnector.java:doStart(278)) - Started ServerConnector@1d12e953{HTTP/1.1,[http/1.1]}{0.0.0.0:40797}
2019-10-09 12:07:41,633 [main] INFO  server.Server (Server.java:doStart(419)) - Started @37291ms
2019-10-09 12:07:41,633 [main] WARN  impl.MetricsSystemImpl (MetricsSystemImpl.java:register(276)) - Sink prometheus already exists!
2019-10-09 12:07:41,634 [main] INFO  server.BaseHttpServer (BaseHttpServer.java:updateConnectorAddress(215)) - HTTP server of HDDSDATANODE is listening at http://0.0.0.0:40797
2019-10-09 12:07:41,634 [main] INFO  ozone.MiniOzoneClusterImpl (MiniOzoneClusterImpl.java:lambda$waitForClusterToBeReady$0(149)) - Waiting for nodes to be ready. Got 0 of 3 DN Heartbeats.
2019-10-09 12:07:41,635 [main] INFO  ozone.MiniOzoneClusterImpl (MiniOzoneClusterImpl.java:lambda$waitForClusterToBeReady$0(152)) - Waiting for cluster to exit safe mode
2019-10-09 12:07:41,638 [org.apache.hadoop.util.JvmPauseMonitor$Monitor@68bd226f] INFO  util.JvmPauseMonitor (JvmPauseMonitor.java:run(188)) - Starting JVM pause monitor
2019-10-09 12:07:41,640 [Datanode State Machine Thread - 0] INFO  datanode.InitDatanodeState (InitDatanodeState.java:persistContainerDatanodeDetails(140)) - DatanodeDetails is persisted to /workdir/hadoop-ozone/integration-test/target/test-dir/MiniOzoneClusterImpl-c56e8db2-5399-438d-837f-afe2c11b44aa/datanode-2/meta/datanode.id
2019-10-09 12:07:42,636 [main] INFO  ozone.MiniOzoneClusterImpl (MiniOzoneClusterImpl.java:lambda$waitForClusterToBeReady$0(149)) - Waiting for nodes to be ready. Got 0 of 3 DN Heartbeats.
2019-10-09 12:07:42,637 [main] INFO  ozone.MiniOzoneClusterImpl (MiniOzoneClusterImpl.java:lambda$waitForClusterToBeReady$0(152)) - Waiting for cluster to exit safe mode
2019-10-09 12:07:43,495 [Datanode State Machine Thread - 0] INFO  ozoneimpl.OzoneContainer (OzoneContainer.java:start(217)) - Attempting to start container services.
2019-10-09 12:07:43,496 [Datanode State Machine Thread - 0] INFO  ozoneimpl.OzoneContainer (OzoneContainer.java:startContainerScrub(179)) - Background container scanner has been disabled.
2019-10-09 12:07:43,496 [Datanode State Machine Thread - 0] INFO  ratis.XceiverServerRatis (XceiverServerRatis.java:start(412)) - Starting XceiverServerRatis 18deb643-c206-4503-a898-2595282dcd74 at port 0
2019-10-09 12:07:43,506 [Datanode State Machine Thread - 0] INFO  impl.RaftServerProxy (RaftServerProxy.java:lambda$start$3(299)) - 18deb643-c206-4503-a898-2595282dcd74: start RPC server
2019-10-09 12:07:43,510 [Datanode State Machine Thread - 0] INFO  server.GrpcService (GrpcService.java:startImpl(158)) - 18deb643-c206-4503-a898-2595282dcd74: GrpcService started, listening on 0.0.0.0/0.0.0.0:46740
2019-10-09 12:07:43,511 [Datanode State Machine Thread - 0] INFO  ratis.XceiverServerRatis (XceiverServerRatis.java:start(422)) - XceiverServerRatis 18deb643-c206-4503-a898-2595282dcd74 is started using port 46740
2019-10-09 12:07:43,514 [Datanode State Machine Thread - 0] INFO  server.XceiverServerGrpc (XceiverServerGrpc.java:start(149)) - XceiverServerGrpc 18deb643-c206-4503-a898-2595282dcd74 is started using port 39846
2019-10-09 12:07:43,577 [Datanode State Machine Thread - 0] INFO  ozoneimpl.OzoneContainer (OzoneContainer.java:start(217)) - Attempting to start container services.
2019-10-09 12:07:43,580 [Datanode State Machine Thread - 0] INFO  ozoneimpl.OzoneContainer (OzoneContainer.java:startContainerScrub(179)) - Background container scanner has been disabled.
2019-10-09 12:07:43,580 [Datanode State Machine Thread - 0] INFO  ratis.XceiverServerRatis (XceiverServerRatis.java:start(412)) - Starting XceiverServerRatis 816753b2-0d55-4240-a649-579443b9e7fa at port 0
2019-10-09 12:07:43,587 [Datanode State Machine Thread - 0] INFO  impl.RaftServerProxy (RaftServerProxy.java:lambda$start$3(299)) - 816753b2-0d55-4240-a649-579443b9e7fa: start RPC server
2019-10-09 12:07:43,591 [Datanode State Machine Thread - 0] INFO  server.GrpcService (GrpcService.java:startImpl(158)) - 816753b2-0d55-4240-a649-579443b9e7fa: GrpcService started, listening on 0.0.0.0/0.0.0.0:32998
2019-10-09 12:07:43,591 [Datanode State Machine Thread - 0] INFO  ratis.XceiverServerRatis (XceiverServerRatis.java:start(422)) - XceiverServerRatis 816753b2-0d55-4240-a649-579443b9e7fa is started using port 32998
2019-10-09 12:07:43,592 [Datanode State Machine Thread - 0] INFO  server.XceiverServerGrpc (XceiverServerGrpc.java:start(149)) - XceiverServerGrpc 816753b2-0d55-4240-a649-579443b9e7fa is started using port 46128
2019-10-09 12:07:43,637 [main] INFO  ozone.MiniOzoneClusterImpl (MiniOzoneClusterImpl.java:lambda$waitForClusterToBeReady$0(149)) - Waiting for nodes to be ready. Got 0 of 3 DN Heartbeats.
2019-10-09 12:07:43,638 [main] INFO  ozone.MiniOzoneClusterImpl (MiniOzoneClusterImpl.java:lambda$waitForClusterToBeReady$0(152)) - Waiting for cluster to exit safe mode
2019-10-09 12:07:43,654 [Datanode State Machine Thread - 0] INFO  ozoneimpl.OzoneContainer (OzoneContainer.java:start(217)) - Attempting to start container services.
2019-10-09 12:07:43,657 [Datanode State Machine Thread - 0] INFO  ozoneimpl.OzoneContainer (OzoneContainer.java:startContainerScrub(179)) - Background container scanner has been disabled.
2019-10-09 12:07:43,657 [Datanode State Machine Thread - 0] INFO  ratis.XceiverServerRatis (XceiverServerRatis.java:start(412)) - Starting XceiverServerRatis 1fef2031-afe3-4902-b87e-6562c2644cf9 at port 0
2019-10-09 12:07:43,663 [Datanode State Machine Thread - 0] INFO  impl.RaftServerProxy (RaftServerProxy.java:lambda$start$3(299)) - 1fef2031-afe3-4902-b87e-6562c2644cf9: start RPC server
2019-10-09 12:07:43,665 [Datanode State Machine Thread - 0] INFO  server.GrpcService (GrpcService.java:startImpl(158)) - 1fef2031-afe3-4902-b87e-6562c2644cf9: GrpcService started, listening on 0.0.0.0/0.0.0.0:40713
2019-10-09 12:07:43,665 [Datanode State Machine Thread - 0] INFO  ratis.XceiverServerRatis (XceiverServerRatis.java:start(422)) - XceiverServerRatis 1fef2031-afe3-4902-b87e-6562c2644cf9 is started using port 40713
2019-10-09 12:07:43,668 [Datanode State Machine Thread - 0] INFO  server.XceiverServerGrpc (XceiverServerGrpc.java:start(149)) - XceiverServerGrpc 1fef2031-afe3-4902-b87e-6562c2644cf9 is started using port 39962
2019-10-09 12:07:44,638 [main] INFO  ozone.MiniOzoneClusterImpl (MiniOzoneClusterImpl.java:lambda$waitForClusterToBeReady$0(149)) - Waiting for nodes to be ready. Got 0 of 3 DN Heartbeats.
2019-10-09 12:07:44,639 [main] INFO  ozone.MiniOzoneClusterImpl (MiniOzoneClusterImpl.java:lambda$waitForClusterToBeReady$0(152)) - Waiting for cluster to exit safe mode
2019-10-09 12:07:45,479 [IPC Server handler 1 on 33890] INFO  net.NetworkTopology (NetworkTopologyImpl.java:add(111)) - Added a new node: /default-rack/18deb643-c206-4503-a898-2595282dcd74
2019-10-09 12:07:45,479 [IPC Server handler 1 on 33890] INFO  node.SCMNodeManager (SCMNodeManager.java:register(266)) - Registered Data node : 18deb643-c206-4503-a898-2595282dcd74{ip: 192.168.30.33, host: pr-hdds-2034-v6pl4-3072628770, networkLocation: /default-rack, certSerialId: null}
2019-10-09 12:07:45,480 [RatisPipelineUtilsThread] INFO  pipeline.RatisPipelineProvider (RatisPipelineProvider.java:lambda$create$4(164)) - Send pipeline:PipelineID=896b56f3-16ad-41a4-badc-d33d00ce1b10 create command to datanode 18deb643-c206-4503-a898-2595282dcd74
2019-10-09 12:07:45,480 [EventQueue-NodeRegistrationContainerReportForDataNodeSafeModeRule] INFO  safemode.SCMSafeModeManager (DataNodeSafeModeRule.java:process(71)) - SCM in safe mode. 1 DataNodes registered, 1 required.
2019-10-09 12:07:45,480 [EventQueue-NodeRegistrationContainerReportForContainerSafeModeRule] INFO  safemode.SCMSafeModeManager (SCMSafeModeManager.java:validateSafeModeExitRules(169)) - ContainerSafeModeRule rule is successfully validated
2019-10-09 12:07:45,482 [EventQueue-NodeRegistrationContainerReportForDataNodeSafeModeRule] INFO  safemode.SCMSafeModeManager (SCMSafeModeManager.java:validateSafeModeExitRules(169)) - DataNodeSafeModeRule rule is successfully validated
2019-10-09 12:07:45,559 [IPC Server handler 2 on 33890] INFO  net.NetworkTopology (NetworkTopologyImpl.java:add(111)) - Added a new node: /default-rack/816753b2-0d55-4240-a649-579443b9e7fa
2019-10-09 12:07:45,560 [IPC Server handler 2 on 33890] INFO  node.SCMNodeManager (SCMNodeManager.java:register(266)) - Registered Data node : 816753b2-0d55-4240-a649-579443b9e7fa{ip: 192.168.30.33, host: pr-hdds-2034-v6pl4-3072628770, networkLocation: /default-rack, certSerialId: null}
2019-10-09 12:07:45,560 [EventQueue-NodeRegistrationContainerReportForDataNodeSafeModeRule] INFO  safemode.SCMSafeModeManager (SCMSafeModeManager.java:validateSafeModeExitRules(169)) - DataNodeSafeModeRule rule is successfully validated
2019-10-09 12:07:45,560 [EventQueue-NodeRegistrationContainerReportForContainerSafeModeRule] INFO  safemode.SCMSafeModeManager (SCMSafeModeManager.java:validateSafeModeExitRules(169)) - ContainerSafeModeRule rule is successfully validated
2019-10-09 12:07:45,560 [RatisPipelineUtilsThread] INFO  pipeline.RatisPipelineProvider (RatisPipelineProvider.java:lambda$create$4(164)) - Send pipeline:PipelineID=80632b6a-b618-4234-9f60-e6b45d736658 create command to datanode 816753b2-0d55-4240-a649-579443b9e7fa
2019-10-09 12:07:45,639 [main] INFO  ozone.MiniOzoneClusterImpl (MiniOzoneClusterImpl.java:lambda$waitForClusterToBeReady$0(149)) - Waiting for nodes to be ready. Got 2 of 3 DN Heartbeats.
2019-10-09 12:07:45,639 [main] INFO  ozone.MiniOzoneClusterImpl (MiniOzoneClusterImpl.java:lambda$waitForClusterToBeReady$0(152)) - Waiting for cluster to exit safe mode
2019-10-09 12:07:45,641 [IPC Server handler 1 on 33890] INFO  net.NetworkTopology (NetworkTopologyImpl.java:add(111)) - Added a new node: /default-rack/1fef2031-afe3-4902-b87e-6562c2644cf9
2019-10-09 12:07:45,642 [IPC Server handler 1 on 33890] INFO  node.SCMNodeManager (SCMNodeManager.java:register(266)) - Registered Data node : 1fef2031-afe3-4902-b87e-6562c2644cf9{ip: 192.168.30.33, host: pr-hdds-2034-v6pl4-3072628770, networkLocation: /default-rack, certSerialId: null}
2019-10-09 12:07:45,644 [EventQueue-NodeRegistrationContainerReportForDataNodeSafeModeRule] INFO  safemode.SCMSafeModeManager (SCMSafeModeManager.java:validateSafeModeExitRules(169)) - DataNodeSafeModeRule rule is successfully validated
2019-10-09 12:07:45,644 [RatisPipelineUtilsThread] INFO  pipeline.RatisPipelineProvider (RatisPipelineProvider.java:lambda$create$4(164)) - Send pipeline:PipelineID=a5be805a-7163-4816-85ef-950cf70b0096 create command to datanode 1fef2031-afe3-4902-b87e-6562c2644cf9
2019-10-09 12:07:45,644 [EventQueue-NodeRegistrationContainerReportForContainerSafeModeRule] INFO  safemode.SCMSafeModeManager (SCMSafeModeManager.java:validateSafeModeExitRules(169)) - ContainerSafeModeRule rule is successfully validated
2019-10-09 12:07:45,650 [RatisPipelineUtilsThread] INFO  pipeline.RatisPipelineProvider (RatisPipelineProvider.java:lambda$create$4(164)) - Send pipeline:PipelineID=c8388799-abfb-4948-8dab-91ef26a856cc create command to datanode 18deb643-c206-4503-a898-2595282dcd74
2019-10-09 12:07:45,650 [RatisPipelineUtilsThread] INFO  pipeline.RatisPipelineProvider (RatisPipelineProvider.java:lambda$create$4(164)) - Send pipeline:PipelineID=c8388799-abfb-4948-8dab-91ef26a856cc create command to datanode 816753b2-0d55-4240-a649-579443b9e7fa
2019-10-09 12:07:45,650 [RatisPipelineUtilsThread] INFO  pipeline.RatisPipelineProvider (RatisPipelineProvider.java:lambda$create$4(164)) - Send pipeline:PipelineID=c8388799-abfb-4948-8dab-91ef26a856cc create command to datanode 1fef2031-afe3-4902-b87e-6562c2644cf9
2019-10-09 12:07:46,640 [main] INFO  ozone.MiniOzoneClusterImpl (MiniOzoneClusterImpl.java:lambda$waitForClusterToBeReady$0(149)) - Nodes are ready. Got 3 of 3 DN Heartbeats.
2019-10-09 12:07:46,640 [main] INFO  ozone.MiniOzoneClusterImpl (MiniOzoneClusterImpl.java:lambda$waitForClusterToBeReady$0(152)) - Waiting for cluster to exit safe mode
2019-10-09 12:07:47,641 [main] INFO  ozone.MiniOzoneClusterImpl (MiniOzoneClusterImpl.java:lambda$waitForClusterToBeReady$0(149)) - Nodes are ready. Got 3 of 3 DN Heartbeats.
2019-10-09 12:07:47,641 [main] INFO  ozone.MiniOzoneClusterImpl (MiniOzoneClusterImpl.java:lambda$waitForClusterToBeReady$0(152)) - Waiting for cluster to exit safe mode
2019-10-09 12:07:48,477 [Command processor thread] INFO  impl.RaftServerProxy (RaftServerProxy.java:addNew(89)) - 18deb643-c206-4503-a898-2595282dcd74: addNew group-D33D00CE1B10:[18deb643-c206-4503-a898-2595282dcd74:192.168.30.33:46740] returns group-D33D00CE1B10:java.util.concurrent.CompletableFuture@5e890839[Not completed]
2019-10-09 12:07:48,482 [pool-77-thread-1] INFO  impl.RaftServerImpl (RaftServerImpl.java:<init>(95)) - 18deb643-c206-4503-a898-2595282dcd74: new RaftServerImpl for group-D33D00CE1B10:[18deb643-c206-4503-a898-2595282dcd74:192.168.30.33:46740] with ContainerStateMachine:uninitialized
2019-10-09 12:07:48,483 [pool-77-thread-1] INFO  server.RaftServerConfigKeys (ConfUtils.java:logGet(43)) - raft.server.rpc.timeout.min = 5s (custom)
2019-10-09 12:07:48,483 [pool-77-thread-1] INFO  server.RaftServerConfigKeys (ConfUtils.java:logGet(43)) - raft.server.rpc.timeout.max = 5200ms (custom)
2019-10-09 12:07:48,483 [pool-77-thread-1] INFO  server.RaftServerConfigKeys (ConfUtils.java:logGet(43)) - raft.server.rpcslowness.timeout = 120s (custom)
2019-10-09 12:07:48,484 [pool-77-thread-1] INFO  server.RaftServerConfigKeys (ConfUtils.java:logGet(43)) - raft.server.sleep.deviation.threshold = 300 (default)
2019-10-09 12:07:48,484 [pool-77-thread-1] INFO  server.RaftServerConfigKeys (ConfUtils.java:logGet(43)) - raft.server.log.appender.install.snapshot.enabled = false (custom)
2019-10-09 12:07:48,484 [pool-77-thread-1] INFO  impl.RaftServerImpl (ServerState.java:<init>(103)) - 18deb643-c206-4503-a898-2595282dcd74@group-D33D00CE1B10: ConfigurationManager, init=-1: [18deb643-c206-4503-a898-2595282dcd74:192.168.30.33:46740], old=null, confs=<EMPTY_MAP>
2019-10-09 12:07:48,484 [pool-77-thread-1] INFO  server.RaftServerConfigKeys (ConfUtils.java:logGet(43)) - raft.server.storage.dir = [/workdir/hadoop-ozone/integration-test/target/test-dir/MiniOzoneClusterImpl-c56e8db2-5399-438d-837f-afe2c11b44aa/datanode-0/data/ratis] (custom)
2019-10-09 12:07:48,485 [pool-77-thread-1] INFO  storage.RaftStorageDirectory (RaftStorageDirectory.java:analyzeStorage(246)) - The storage directory /workdir/hadoop-ozone/integration-test/target/test-dir/MiniOzoneClusterImpl-c56e8db2-5399-438d-837f-afe2c11b44aa/datanode-0/data/ratis/896b56f3-16ad-41a4-badc-d33d00ce1b10 does not exist. Creating ...
2019-10-09 12:07:48,499 [pool-77-thread-1] INFO  storage.RaftStorageDirectory (RaftStorageDirectory.java:tryLock(328)) - Lock on /workdir/hadoop-ozone/integration-test/target/test-dir/MiniOzoneClusterImpl-c56e8db2-5399-438d-837f-afe2c11b44aa/datanode-0/data/ratis/896b56f3-16ad-41a4-badc-d33d00ce1b10/in_use.lock acquired by nodename 11666@pr-hdds-2034-v6pl4-3072628770
2019-10-09 12:07:48,512 [pool-77-thread-1] INFO  storage.RaftStorage (RaftStorage.java:format(72)) - Storage directory /workdir/hadoop-ozone/integration-test/target/test-dir/MiniOzoneClusterImpl-c56e8db2-5399-438d-837f-afe2c11b44aa/datanode-0/data/ratis/896b56f3-16ad-41a4-badc-d33d00ce1b10 has been successfully formatted.
2019-10-09 12:07:48,512 [pool-77-thread-1] INFO  ratis.ContainerStateMachine (ContainerStateMachine.java:loadSnapshot(230)) - group-D33D00CE1B10: The snapshot info is null. Setting the last applied indexto:(t:0, i:~)
2019-10-09 12:07:48,512 [pool-77-thread-1] INFO  server.RaftServerConfigKeys (ConfUtils.java:logGet(43)) - raft.server.notification.no-leader.timeout = 120s (custom)
2019-10-09 12:07:48,513 [pool-77-thread-1] INFO  server.RaftServerConfigKeys (ConfUtils.java:logGet(43)) - raft.server.log.use.memory = false (default)
2019-10-09 12:07:48,513 [pool-77-thread-1] INFO  server.RaftServerConfigKeys (ConfUtils.java:logGet(43)) - raft.server.log.purge.gap = 1000000 (custom)
2019-10-09 12:07:48,513 [pool-77-thread-1] INFO  server.RaftServerConfigKeys (ConfUtils.java:logGet(43)) - raft.server.log.appender.buffer.byte-limit = 33554432 (custom)
2019-10-09 12:07:48,513 [pool-77-thread-1] INFO  server.RaftServerConfigKeys (ConfUtils.java:logGet(43)) - raft.server.log.segment.size.max = 1048576 (custom)
2019-10-09 12:07:48,514 [pool-77-thread-1] INFO  server.RaftServerConfigKeys (ConfUtils.java:logGet(43)) - raft.server.log.segment.cache.num.max = 2 (custom)
2019-10-09 12:07:48,514 [pool-77-thread-1] INFO  segmented.SegmentedRaftLogWorker (SegmentedRaftLogWorker.java:<init>(172)) - new 18deb643-c206-4503-a898-2595282dcd74@group-D33D00CE1B10-SegmentedRaftLogWorker for RaftStorage:Storage Directory /workdir/hadoop-ozone/integration-test/target/test-dir/MiniOzoneClusterImpl-c56e8db2-5399-438d-837f-afe2c11b44aa/datanode-0/data/ratis/896b56f3-16ad-41a4-badc-d33d00ce1b10
2019-10-09 12:07:48,517 [pool-77-thread-1] INFO  server.RaftServerConfigKeys (ConfUtils.java:logGet(43)) - raft.server.log.queue.byte-limit = 2147483647 (custom)
2019-10-09 12:07:48,517 [pool-77-thread-1] INFO  server.RaftServerConfigKeys (ConfUtils.java:logGet(43)) - raft.server.log.queue.element-limit = 1024 (custom)
2019-10-09 12:07:48,517 [pool-77-thread-1] INFO  server.RaftServerConfigKeys (ConfUtils.java:logGet(43)) - raft.server.log.segment.size.max = 1048576 (custom)
2019-10-09 12:07:48,518 [pool-77-thread-1] INFO  server.RaftServerConfigKeys (ConfUtils.java:logGet(43)) - raft.server.log.preallocated.size = 16384 (custom)
2019-10-09 12:07:48,518 [pool-77-thread-1] INFO  server.RaftServerConfigKeys (ConfUtils.java:logGet(43)) - raft.server.log.write.buffer.size = 33554432 (custom)
2019-10-09 12:07:48,518 [pool-77-thread-1] INFO  server.RaftServerConfigKeys (ConfUtils.java:logGet(43)) - raft.server.log.force.sync.num = 128 (default)
2019-10-09 12:07:48,518 [pool-77-thread-1] INFO  server.RaftServerConfigKeys (ConfUtils.java:logGet(43)) - raft.server.log.statemachine.data.sync = true (default)
2019-10-09 12:07:48,518 [pool-77-thread-1] INFO  server.RaftServerConfigKeys (ConfUtils.java:logGet(43)) - raft.server.log.statemachine.data.sync.timeout = 10s (default)
2019-10-09 12:07:48,518 [pool-77-thread-1] INFO  server.RaftServerConfigKeys (ConfUtils.java:logGet(43)) - raft.server.log.statemachine.data.sync.timeout.retry = -1 (default)
2019-10-09 12:07:48,519 [pool-77-thread-1] INFO  server.RaftServerConfigKeys (ConfUtils.java:logGet(43)) - raft.server.log.statemachine.data.caching.enabled = true (custom)
2019-10-09 12:07:48,519 [pool-77-thread-1] INFO  segmented.SegmentedRaftLogWorker (SegmentedRaftLogWorker.java:lambda$new$0(132)) - 18deb643-c206-4503-a898-2595282dcd74@group-D33D00CE1B10-SegmentedRaftLogWorker: flushIndex: setUnconditionally 0 -> -1
2019-10-09 12:07:48,520 [pool-77-thread-1] INFO  server.RaftServerConfigKeys (ConfUtils.java:logGet(43)) - raft.server.snapshot.auto.trigger.enabled = true (custom)
2019-10-09 12:07:48,520 [pool-77-thread-1] INFO  server.RaftServerConfigKeys (ConfUtils.java:logGet(43)) - raft.server.snapshot.auto.trigger.threshold = 10000 (custom)
2019-10-09 12:07:48,520 [pool-77-thread-1] INFO  server.RaftServerConfigKeys (ConfUtils.java:logGet(43)) - raft.server.snapshot.retention.num.files = 5 (custom)
2019-10-09 12:07:48,520 [pool-77-thread-1] INFO  server.RaftServerConfigKeys (ConfUtils.java:logGet(43)) - raft.server.retrycache.expirytime = 600000ms (custom)
2019-10-09 12:07:48,523 [pool-77-thread-1] INFO  impl.RaftServerImpl (RaftServerImpl.java:start(185)) - 18deb643-c206-4503-a898-2595282dcd74@group-D33D00CE1B10: start as a follower, conf=-1: [18deb643-c206-4503-a898-2595282dcd74:192.168.30.33:46740], old=null
2019-10-09 12:07:48,523 [pool-77-thread-1] INFO  impl.RaftServerImpl (RaftServerImpl.java:setRole(174)) - 18deb643-c206-4503-a898-2595282dcd74@group-D33D00CE1B10: changes role from      null to FOLLOWER at term 0 for startAsFollower
2019-10-09 12:07:48,524 [pool-77-thread-1] INFO  impl.RoleInfo (RoleInfo.java:updateAndGet(143)) - 18deb643-c206-4503-a898-2595282dcd74: start FollowerState
2019-10-09 12:07:48,525 [pool-77-thread-1] INFO  util.JmxRegister (JmxRegister.java:tryRegister(44)) - Successfully registered JMX Bean with object name Ratis:service=RaftServer,group=group-D33D00CE1B10,id=18deb643-c206-4503-a898-2595282dcd74
2019-10-09 12:07:48,526 [Command processor thread] INFO  commandhandler.CreatePipelineCommandHandler (CreatePipelineCommandHandler.java:handle(86)) - Create Pipeline RATIS ONE #id: "896b56f3-16ad-41a4-badc-d33d00ce1b10"
 command succeed on datanode 18deb643-c206-4503-a898-2595282dcd74.
2019-10-09 12:07:48,528 [Command processor thread] INFO  impl.RaftServerProxy (RaftServerProxy.java:addNew(89)) - 18deb643-c206-4503-a898-2595282dcd74: addNew group-91EF26A856CC:[18deb643-c206-4503-a898-2595282dcd74:192.168.30.33:46740, 1fef2031-afe3-4902-b87e-6562c2644cf9:192.168.30.33:40713, 816753b2-0d55-4240-a649-579443b9e7fa:192.168.30.33:32998] returns group-91EF26A856CC:java.util.concurrent.CompletableFuture@5ab68730[Not completed]
2019-10-09 12:07:48,530 [EventQueue-PipelineReportForPipelineReportHandler] INFO  pipeline.PipelineReportHandler (PipelineReportHandler.java:processPipelineReport(102)) - Pipeline PipelineID=896b56f3-16ad-41a4-badc-d33d00ce1b10 reported by 18deb643-c206-4503-a898-2595282dcd74{ip: 192.168.30.33, host: pr-hdds-2034-v6pl4-3072628770, networkLocation: /default-rack, certSerialId: null}
2019-10-09 12:07:48,530 [EventQueue-PipelineReportForPipelineReportHandler] INFO  pipeline.PipelineStateManager (PipelineStateManager.java:openPipeline(134)) - Pipeline Pipeline[ Id: 896b56f3-16ad-41a4-badc-d33d00ce1b10, Nodes: 18deb643-c206-4503-a898-2595282dcd74{ip: 192.168.30.33, host: pr-hdds-2034-v6pl4-3072628770, networkLocation: /default-rack, certSerialId: null}, Type:RATIS, Factor:ONE, State:ALLOCATED] moved to OPEN state
2019-10-09 12:07:48,530 [pool-77-thread-1] INFO  impl.RaftServerImpl (RaftServerImpl.java:<init>(95)) - 18deb643-c206-4503-a898-2595282dcd74: new RaftServerImpl for group-91EF26A856CC:[18deb643-c206-4503-a898-2595282dcd74:192.168.30.33:46740, 1fef2031-afe3-4902-b87e-6562c2644cf9:192.168.30.33:40713, 816753b2-0d55-4240-a649-579443b9e7fa:192.168.30.33:32998] with ContainerStateMachine:uninitialized
2019-10-09 12:07:48,532 [pool-77-thread-1] INFO  server.RaftServerConfigKeys (ConfUtils.java:logGet(43)) - raft.server.rpc.timeout.min = 5s (custom)
2019-10-09 12:07:48,532 [pool-77-thread-1] INFO  server.RaftServerConfigKeys (ConfUtils.java:logGet(43)) - raft.server.rpc.timeout.max = 5200ms (custom)
2019-10-09 12:07:48,532 [EventQueue-OpenPipelineForOneReplicaPipelineSafeModeRule] INFO  safemode.SCMSafeModeManager (SCMSafeModeManager.java:validateSafeModeExitRules(169)) - AtleastOneDatanodeReportedRule rule is successfully validated
2019-10-09 12:07:48,532 [EventQueue-OpenPipelineForHealthyPipelineSafeModeRule] INFO  safemode.SCMSafeModeManager (HealthyPipelineSafeModeRule.java:process(122)) - SCM in safe mode. Healthy pipelines reported count is 1, required healthy pipeline reported count is 1
2019-10-09 12:07:48,532 [pool-77-thread-1] INFO  server.RaftServerConfigKeys (ConfUtils.java:logGet(43)) - raft.server.rpcslowness.timeout = 120s (custom)
2019-10-09 12:07:48,532 [EventQueue-OpenPipelineForHealthyPipelineSafeModeRule] INFO  safemode.SCMSafeModeManager (SCMSafeModeManager.java:validateSafeModeExitRules(169)) - HealthyPipelineSafeModeRule rule is successfully validated
2019-10-09 12:07:48,533 [EventQueue-OpenPipelineForHealthyPipelineSafeModeRule] INFO  safemode.SCMSafeModeManager (SCMSafeModeManager.java:validateSafeModeExitRules(178)) - ScmSafeModeManager, all rules are successfully validated
2019-10-09 12:07:48,533 [EventQueue-OpenPipelineForHealthyPipelineSafeModeRule] INFO  safemode.SCMSafeModeManager (SCMSafeModeManager.java:exitSafeMode(194)) - SCM exiting safe mode.
2019-10-09 12:07:48,533 [pool-77-thread-1] INFO  server.RaftServerConfigKeys (ConfUtils.java:logGet(43)) - raft.server.sleep.deviation.threshold = 300 (default)
2019-10-09 12:07:48,533 [pool-77-thread-1] INFO  server.RaftServerConfigKeys (ConfUtils.java:logGet(43)) - raft.server.log.appender.install.snapshot.enabled = false (custom)
2019-10-09 12:07:48,533 [pool-77-thread-1] INFO  impl.RaftServerImpl (ServerState.java:<init>(103)) - 18deb643-c206-4503-a898-2595282dcd74@group-91EF26A856CC: ConfigurationManager, init=-1: [18deb643-c206-4503-a898-2595282dcd74:192.168.30.33:46740, 1fef2031-afe3-4902-b87e-6562c2644cf9:192.168.30.33:40713, 816753b2-0d55-4240-a649-579443b9e7fa:192.168.30.33:32998], old=null, confs=<EMPTY_MAP>
2019-10-09 12:07:48,533 [pool-77-thread-1] INFO  server.RaftServerConfigKeys (ConfUtils.java:logGet(43)) - raft.server.storage.dir = [/workdir/hadoop-ozone/integration-test/target/test-dir/MiniOzoneClusterImpl-c56e8db2-5399-438d-837f-afe2c11b44aa/datanode-0/data/ratis] (custom)
2019-10-09 12:07:48,534 [pool-77-thread-1] INFO  storage.RaftStorageDirectory (RaftStorageDirectory.java:analyzeStorage(246)) - The storage directory /workdir/hadoop-ozone/integration-test/target/test-dir/MiniOzoneClusterImpl-c56e8db2-5399-438d-837f-afe2c11b44aa/datanode-0/data/ratis/c8388799-abfb-4948-8dab-91ef26a856cc does not exist. Creating ...
2019-10-09 12:07:48,545 [pool-77-thread-1] INFO  storage.RaftStorageDirectory (RaftStorageDirectory.java:tryLock(328)) - Lock on /workdir/hadoop-ozone/integration-test/target/test-dir/MiniOzoneClusterImpl-c56e8db2-5399-438d-837f-afe2c11b44aa/datanode-0/data/ratis/c8388799-abfb-4948-8dab-91ef26a856cc/in_use.lock acquired by nodename 11666@pr-hdds-2034-v6pl4-3072628770
2019-10-09 12:07:48,556 [pool-77-thread-1] INFO  storage.RaftStorage (RaftStorage.java:format(72)) - Storage directory /workdir/hadoop-ozone/integration-test/target/test-dir/MiniOzoneClusterImpl-c56e8db2-5399-438d-837f-afe2c11b44aa/datanode-0/data/ratis/c8388799-abfb-4948-8dab-91ef26a856cc has been successfully formatted.
2019-10-09 12:07:48,557 [pool-77-thread-1] INFO  ratis.ContainerStateMachine (ContainerStateMachine.java:loadSnapshot(230)) - group-91EF26A856CC: The snapshot info is null. Setting the last applied indexto:(t:0, i:~)
2019-10-09 12:07:48,557 [pool-77-thread-1] INFO  server.RaftServerConfigKeys (ConfUtils.java:logGet(43)) - raft.server.notification.no-leader.timeout = 120s (custom)
2019-10-09 12:07:48,557 [pool-77-thread-1] INFO  server.RaftServerConfigKeys (ConfUtils.java:logGet(43)) - raft.server.log.use.memory = false (default)
2019-10-09 12:07:48,557 [pool-77-thread-1] INFO  server.RaftServerConfigKeys (ConfUtils.java:logGet(43)) - raft.server.log.purge.gap = 1000000 (custom)
2019-10-09 12:07:48,557 [pool-77-thread-1] INFO  server.RaftServerConfigKeys (ConfUtils.java:logGet(43)) - raft.server.log.appender.buffer.byte-limit = 33554432 (custom)
2019-10-09 12:07:48,557 [pool-77-thread-1] INFO  server.RaftServerConfigKeys (ConfUtils.java:logGet(43)) - raft.server.log.segment.size.max = 1048576 (custom)
2019-10-09 12:07:48,558 [pool-77-thread-1] INFO  server.RaftServerConfigKeys (ConfUtils.java:logGet(43)) - raft.server.log.segment.cache.num.max = 2 (custom)
2019-10-09 12:07:48,558 [pool-77-thread-1] INFO  segmented.SegmentedRaftLogWorker (SegmentedRaftLogWorker.java:<init>(172)) - new 18deb643-c206-4503-a898-2595282dcd74@group-91EF26A856CC-SegmentedRaftLogWorker for RaftStorage:Storage Directory /workdir/hadoop-ozone/integration-test/target/test-dir/MiniOzoneClusterImpl-c56e8db2-5399-438d-837f-afe2c11b44aa/datanode-0/data/ratis/c8388799-abfb-4948-8dab-91ef26a856cc
2019-10-09 12:07:48,560 [pool-77-thread-1] INFO  server.RaftServerConfigKeys (ConfUtils.java:logGet(43)) - raft.server.log.queue.byte-limit = 2147483647 (custom)
2019-10-09 12:07:48,560 [Command processor thread] INFO  impl.RaftServerProxy (RaftServerProxy.java:addNew(89)) - 816753b2-0d55-4240-a649-579443b9e7fa: addNew group-E6B45D736658:[816753b2-0d55-4240-a649-579443b9e7fa:192.168.30.33:32998] returns group-E6B45D736658:java.util.concurrent.CompletableFuture@405ba16f[Not completed]
2019-10-09 12:07:48,560 [pool-77-thread-1] INFO  server.RaftServerConfigKeys (ConfUtils.java:logGet(43)) - raft.server.log.queue.element-limit = 1024 (custom)
2019-10-09 12:07:48,560 [pool-77-thread-1] INFO  server.RaftServerConfigKeys (ConfUtils.java:logGet(43)) - raft.server.log.segment.size.max = 1048576 (custom)
2019-10-09 12:07:48,560 [pool-77-thread-1] INFO  server.RaftServerConfigKeys (ConfUtils.java:logGet(43)) - raft.server.log.preallocated.size = 16384 (custom)
2019-10-09 12:07:48,561 [pool-77-thread-1] INFO  server.RaftServerConfigKeys (ConfUtils.java:logGet(43)) - raft.server.log.write.buffer.size = 33554432 (custom)
2019-10-09 12:07:48,561 [pool-77-thread-1] INFO  server.RaftServerConfigKeys (ConfUtils.java:logGet(43)) - raft.server.log.force.sync.num = 128 (default)
2019-10-09 12:07:48,561 [pool-77-thread-1] INFO  server.RaftServerConfigKeys (ConfUtils.java:logGet(43)) - raft.server.log.statemachine.data.sync = true (default)
2019-10-09 12:07:48,561 [pool-77-thread-1] INFO  server.RaftServerConfigKeys (ConfUtils.java:logGet(43)) - raft.server.log.statemachine.data.sync.timeout = 10s (default)
2019-10-09 12:07:48,561 [pool-77-thread-1] INFO  server.RaftServerConfigKeys (ConfUtils.java:logGet(43)) - raft.server.log.statemachine.data.sync.timeout.retry = -1 (default)
2019-10-09 12:07:48,561 [pool-77-thread-1] INFO  server.RaftServerConfigKeys (ConfUtils.java:logGet(43)) - raft.server.log.statemachine.data.caching.enabled = true (custom)
2019-10-09 12:07:48,562 [pool-77-thread-1] INFO  segmented.SegmentedRaftLogWorker (SegmentedRaftLogWorker.java:lambda$new$0(132)) - 18deb643-c206-4503-a898-2595282dcd74@group-91EF26A856CC-SegmentedRaftLogWorker: flushIndex: setUnconditionally 0 -> -1
2019-10-09 12:07:48,562 [pool-87-thread-1] INFO  impl.RaftServerImpl (RaftServerImpl.java:<init>(95)) - 816753b2-0d55-4240-a649-579443b9e7fa: new RaftServerImpl for group-E6B45D736658:[816753b2-0d55-4240-a649-579443b9e7fa:192.168.30.33:32998] with ContainerStateMachine:uninitialized
2019-10-09 12:07:48,562 [pool-77-thread-1] INFO  server.RaftServerConfigKeys (ConfUtils.java:logGet(43)) - raft.server.snapshot.auto.trigger.enabled = true (custom)
2019-10-09 12:07:48,563 [pool-87-thread-1] INFO  server.RaftServerConfigKeys (ConfUtils.java:logGet(43)) - raft.server.rpc.timeout.min = 5s (custom)
2019-10-09 12:07:48,564 [pool-77-thread-1] INFO  server.RaftServerConfigKeys (ConfUtils.java:logGet(43)) - raft.server.snapshot.auto.trigger.threshold = 10000 (custom)
2019-10-09 12:07:48,564 [pool-77-thread-1] INFO  server.RaftServerConfigKeys (ConfUtils.java:logGet(43)) - raft.server.snapshot.retention.num.files = 5 (custom)
2019-10-09 12:07:48,564 [pool-87-thread-1] INFO  server.RaftServerConfigKeys (ConfUtils.java:logGet(43)) - raft.server.rpc.timeout.max = 5200ms (custom)
2019-10-09 12:07:48,564 [pool-77-thread-1] INFO  server.RaftServerConfigKeys (ConfUtils.java:logGet(43)) - raft.server.retrycache.expirytime = 600000ms (custom)
2019-10-09 12:07:48,564 [pool-87-thread-1] INFO  server.RaftServerConfigKeys (ConfUtils.java:logGet(43)) - raft.server.rpcslowness.timeout = 120s (custom)
2019-10-09 12:07:48,565 [pool-87-thread-1] INFO  server.RaftServerConfigKeys (ConfUtils.java:logGet(43)) - raft.server.sleep.deviation.threshold = 300 (default)
2019-10-09 12:07:48,565 [pool-87-thread-1] INFO  server.RaftServerConfigKeys (ConfUtils.java:logGet(43)) - raft.server.log.appender.install.snapshot.enabled = false (custom)
2019-10-09 12:07:48,565 [pool-87-thread-1] INFO  impl.RaftServerImpl (ServerState.java:<init>(103)) - 816753b2-0d55-4240-a649-579443b9e7fa@group-E6B45D736658: ConfigurationManager, init=-1: [816753b2-0d55-4240-a649-579443b9e7fa:192.168.30.33:32998], old=null, confs=<EMPTY_MAP>
2019-10-09 12:07:48,565 [pool-87-thread-1] INFO  server.RaftServerConfigKeys (ConfUtils.java:logGet(43)) - raft.server.storage.dir = [/workdir/hadoop-ozone/integration-test/target/test-dir/MiniOzoneClusterImpl-c56e8db2-5399-438d-837f-afe2c11b44aa/datanode-1/data/ratis] (custom)
2019-10-09 12:07:48,566 [pool-87-thread-1] INFO  storage.RaftStorageDirectory (RaftStorageDirectory.java:analyzeStorage(246)) - The storage directory /workdir/hadoop-ozone/integration-test/target/test-dir/MiniOzoneClusterImpl-c56e8db2-5399-438d-837f-afe2c11b44aa/datanode-1/data/ratis/80632b6a-b618-4234-9f60-e6b45d736658 does not exist. Creating ...
2019-10-09 12:07:48,567 [pool-77-thread-1] INFO  impl.RaftServerImpl (RaftServerImpl.java:start(185)) - 18deb643-c206-4503-a898-2595282dcd74@group-91EF26A856CC: start as a follower, conf=-1: [18deb643-c206-4503-a898-2595282dcd74:192.168.30.33:46740, 1fef2031-afe3-4902-b87e-6562c2644cf9:192.168.30.33:40713, 816753b2-0d55-4240-a649-579443b9e7fa:192.168.30.33:32998], old=null
2019-10-09 12:07:48,567 [pool-77-thread-1] INFO  impl.RaftServerImpl (RaftServerImpl.java:setRole(174)) - 18deb643-c206-4503-a898-2595282dcd74@group-91EF26A856CC: changes role from      null to FOLLOWER at term 0 for startAsFollower
2019-10-09 12:07:48,567 [pool-77-thread-1] INFO  impl.RoleInfo (RoleInfo.java:updateAndGet(143)) - 18deb643-c206-4503-a898-2595282dcd74: start FollowerState
2019-10-09 12:07:48,568 [pool-77-thread-1] INFO  util.JmxRegister (JmxRegister.java:tryRegister(44)) - Successfully registered JMX Bean with object name Ratis:service=RaftServer,group=group-91EF26A856CC,id=18deb643-c206-4503-a898-2595282dcd74
2019-10-09 12:07:48,568 [Command processor thread] INFO  commandhandler.CreatePipelineCommandHandler (CreatePipelineCommandHandler.java:handle(86)) - Create Pipeline RATIS THREE #id: "c8388799-abfb-4948-8dab-91ef26a856cc"
 command succeed on datanode 18deb643-c206-4503-a898-2595282dcd74.
2019-10-09 12:07:48,570 [EventQueue-PipelineReportForPipelineReportHandler] INFO  pipeline.PipelineReportHandler (PipelineReportHandler.java:processPipelineReport(102)) - Pipeline PipelineID=c8388799-abfb-4948-8dab-91ef26a856cc reported by 18deb643-c206-4503-a898-2595282dcd74{ip: 192.168.30.33, host: pr-hdds-2034-v6pl4-3072628770, networkLocation: /default-rack, certSerialId: null}
2019-10-09 12:07:48,577 [pool-87-thread-1] INFO  storage.RaftStorageDirectory (RaftStorageDirectory.java:tryLock(328)) - Lock on /workdir/hadoop-ozone/integration-test/target/test-dir/MiniOzoneClusterImpl-c56e8db2-5399-438d-837f-afe2c11b44aa/datanode-1/data/ratis/80632b6a-b618-4234-9f60-e6b45d736658/in_use.lock acquired by nodename 11666@pr-hdds-2034-v6pl4-3072628770
2019-10-09 12:07:48,580 [pool-87-thread-1] INFO  storage.RaftStorage (RaftStorage.java:format(72)) - Storage directory /workdir/hadoop-ozone/integration-test/target/test-dir/MiniOzoneClusterImpl-c56e8db2-5399-438d-837f-afe2c11b44aa/datanode-1/data/ratis/80632b6a-b618-4234-9f60-e6b45d736658 has been successfully formatted.
2019-10-09 12:07:48,581 [pool-87-thread-1] INFO  ratis.ContainerStateMachine (ContainerStateMachine.java:loadSnapshot(230)) - group-E6B45D736658: The snapshot info is null. Setting the last applied indexto:(t:0, i:~)
2019-10-09 12:07:48,581 [pool-87-thread-1] INFO  server.RaftServerConfigKeys (ConfUtils.java:logGet(43)) - raft.server.notification.no-leader.timeout = 120s (custom)
2019-10-09 12:07:48,581 [pool-87-thread-1] INFO  server.RaftServerConfigKeys (ConfUtils.java:logGet(43)) - raft.server.log.use.memory = false (default)
2019-10-09 12:07:48,581 [pool-87-thread-1] INFO  server.RaftServerConfigKeys (ConfUtils.java:logGet(43)) - raft.server.log.purge.gap = 1000000 (custom)
2019-10-09 12:07:48,581 [pool-87-thread-1] INFO  server.RaftServerConfigKeys (ConfUtils.java:logGet(43)) - raft.server.log.appender.buffer.byte-limit = 33554432 (custom)
2019-10-09 12:07:48,582 [pool-87-thread-1] INFO  server.RaftServerConfigKeys (ConfUtils.java:logGet(43)) - raft.server.log.segment.size.max = 1048576 (custom)
2019-10-09 12:07:48,582 [pool-87-thread-1] INFO  server.RaftServerConfigKeys (ConfUtils.java:logGet(43)) - raft.server.log.segment.cache.num.max = 2 (custom)
2019-10-09 12:07:48,582 [pool-87-thread-1] INFO  segmented.SegmentedRaftLogWorker (SegmentedRaftLogWorker.java:<init>(172)) - new 816753b2-0d55-4240-a649-579443b9e7fa@group-E6B45D736658-SegmentedRaftLogWorker for RaftStorage:Storage Directory /workdir/hadoop-ozone/integration-test/target/test-dir/MiniOzoneClusterImpl-c56e8db2-5399-438d-837f-afe2c11b44aa/datanode-1/data/ratis/80632b6a-b618-4234-9f60-e6b45d736658
2019-10-09 12:07:48,585 [pool-87-thread-1] INFO  server.RaftServerConfigKeys (ConfUtils.java:logGet(43)) - raft.server.log.queue.byte-limit = 2147483647 (custom)
2019-10-09 12:07:48,585 [pool-87-thread-1] INFO  server.RaftServerConfigKeys (ConfUtils.java:logGet(43)) - raft.server.log.queue.element-limit = 1024 (custom)
2019-10-09 12:07:48,585 [pool-87-thread-1] INFO  server.RaftServerConfigKeys (ConfUtils.java:logGet(43)) - raft.server.log.segment.size.max = 1048576 (custom)
2019-10-09 12:07:48,585 [pool-87-thread-1] INFO  server.RaftServerConfigKeys (ConfUtils.java:logGet(43)) - raft.server.log.preallocated.size = 16384 (custom)
2019-10-09 12:07:48,585 [pool-87-thread-1] INFO  server.RaftServerConfigKeys (ConfUtils.java:logGet(43)) - raft.server.log.write.buffer.size = 33554432 (custom)
2019-10-09 12:07:48,586 [pool-87-thread-1] INFO  server.RaftServerConfigKeys (ConfUtils.java:logGet(43)) - raft.server.log.force.sync.num = 128 (default)
2019-10-09 12:07:48,586 [pool-87-thread-1] INFO  server.RaftServerConfigKeys (ConfUtils.java:logGet(43)) - raft.server.log.statemachine.data.sync = true (default)
2019-10-09 12:07:48,586 [pool-87-thread-1] INFO  server.RaftServerConfigKeys (ConfUtils.java:logGet(43)) - raft.server.log.statemachine.data.sync.timeout = 10s (default)
2019-10-09 12:07:48,586 [pool-87-thread-1] INFO  server.RaftServerConfigKeys (ConfUtils.java:logGet(43)) - raft.server.log.statemachine.data.sync.timeout.retry = -1 (default)
2019-10-09 12:07:48,587 [pool-87-thread-1] INFO  server.RaftServerConfigKeys (ConfUtils.java:logGet(43)) - raft.server.log.statemachine.data.caching.enabled = true (custom)
2019-10-09 12:07:48,587 [pool-87-thread-1] INFO  segmented.SegmentedRaftLogWorker (SegmentedRaftLogWorker.java:lambda$new$0(132)) - 816753b2-0d55-4240-a649-579443b9e7fa@group-E6B45D736658-SegmentedRaftLogWorker: flushIndex: setUnconditionally 0 -> -1
2019-10-09 12:07:48,587 [pool-87-thread-1] INFO  server.RaftServerConfigKeys (ConfUtils.java:logGet(43)) - raft.server.snapshot.auto.trigger.enabled = true (custom)
2019-10-09 12:07:48,588 [pool-87-thread-1] INFO  server.RaftServerConfigKeys (ConfUtils.java:logGet(43)) - raft.server.snapshot.auto.trigger.threshold = 10000 (custom)
2019-10-09 12:07:48,588 [pool-87-thread-1] INFO  server.RaftServerConfigKeys (ConfUtils.java:logGet(43)) - raft.server.snapshot.retention.num.files = 5 (custom)
2019-10-09 12:07:48,588 [pool-87-thread-1] INFO  server.RaftServerConfigKeys (ConfUtils.java:logGet(43)) - raft.server.retrycache.expirytime = 600000ms (custom)
2019-10-09 12:07:48,591 [pool-87-thread-1] INFO  impl.RaftServerImpl (RaftServerImpl.java:start(185)) - 816753b2-0d55-4240-a649-579443b9e7fa@group-E6B45D736658: start as a follower, conf=-1: [816753b2-0d55-4240-a649-579443b9e7fa:192.168.30.33:32998], old=null
2019-10-09 12:07:48,591 [pool-87-thread-1] INFO  impl.RaftServerImpl (RaftServerImpl.java:setRole(174)) - 816753b2-0d55-4240-a649-579443b9e7fa@group-E6B45D736658: changes role from      null to FOLLOWER at term 0 for startAsFollower
2019-10-09 12:07:48,591 [pool-87-thread-1] INFO  impl.RoleInfo (RoleInfo.java:updateAndGet(143)) - 816753b2-0d55-4240-a649-579443b9e7fa: start FollowerState
2019-10-09 12:07:48,591 [pool-87-thread-1] INFO  util.JmxRegister (JmxRegister.java:tryRegister(44)) - Successfully registered JMX Bean with object name Ratis:service=RaftServer,group=group-E6B45D736658,id=816753b2-0d55-4240-a649-579443b9e7fa
2019-10-09 12:07:48,592 [Command processor thread] INFO  commandhandler.CreatePipelineCommandHandler (CreatePipelineCommandHandler.java:handle(86)) - Create Pipeline RATIS ONE #id: "80632b6a-b618-4234-9f60-e6b45d736658"
 command succeed on datanode 816753b2-0d55-4240-a649-579443b9e7fa.
2019-10-09 12:07:48,594 [Command processor thread] INFO  impl.RaftServerProxy (RaftServerProxy.java:addNew(89)) - 816753b2-0d55-4240-a649-579443b9e7fa: addNew group-91EF26A856CC:[18deb643-c206-4503-a898-2595282dcd74:192.168.30.33:46740, 1fef2031-afe3-4902-b87e-6562c2644cf9:192.168.30.33:40713, 816753b2-0d55-4240-a649-579443b9e7fa:192.168.30.33:32998] returns group-91EF26A856CC:java.util.concurrent.CompletableFuture@44643dbc[Not completed]
2019-10-09 12:07:48,595 [EventQueue-PipelineReportForPipelineReportHandler] INFO  pipeline.PipelineReportHandler (PipelineReportHandler.java:processPipelineReport(102)) - Pipeline PipelineID=80632b6a-b618-4234-9f60-e6b45d736658 reported by 816753b2-0d55-4240-a649-579443b9e7fa{ip: 192.168.30.33, host: pr-hdds-2034-v6pl4-3072628770, networkLocation: /default-rack, certSerialId: null}
2019-10-09 12:07:48,595 [EventQueue-PipelineReportForPipelineReportHandler] INFO  pipeline.PipelineStateManager (PipelineStateManager.java:openPipeline(134)) - Pipeline Pipeline[ Id: 80632b6a-b618-4234-9f60-e6b45d736658, Nodes: 816753b2-0d55-4240-a649-579443b9e7fa{ip: 192.168.30.33, host: pr-hdds-2034-v6pl4-3072628770, networkLocation: /default-rack, certSerialId: null}, Type:RATIS, Factor:ONE, State:ALLOCATED] moved to OPEN state
2019-10-09 12:07:48,595 [pool-87-thread-1] INFO  impl.RaftServerImpl (RaftServerImpl.java:<init>(95)) - 816753b2-0d55-4240-a649-579443b9e7fa: new RaftServerImpl for group-91EF26A856CC:[18deb643-c206-4503-a898-2595282dcd74:192.168.30.33:46740, 1fef2031-afe3-4902-b87e-6562c2644cf9:192.168.30.33:40713, 816753b2-0d55-4240-a649-579443b9e7fa:192.168.30.33:32998] with ContainerStateMachine:uninitialized
2019-10-09 12:07:48,596 [pool-87-thread-1] INFO  server.RaftServerConfigKeys (ConfUtils.java:logGet(43)) - raft.server.rpc.timeout.min = 5s (custom)
2019-10-09 12:07:48,596 [pool-87-thread-1] INFO  server.RaftServerConfigKeys (ConfUtils.java:logGet(43)) - raft.server.rpc.timeout.max = 5200ms (custom)
2019-10-09 12:07:48,596 [pool-87-thread-1] INFO  server.RaftServerConfigKeys (ConfUtils.java:logGet(43)) - raft.server.rpcslowness.timeout = 120s (custom)
2019-10-09 12:07:48,596 [pool-87-thread-1] INFO  server.RaftServerConfigKeys (ConfUtils.java:logGet(43)) - raft.server.sleep.deviation.threshold = 300 (default)
2019-10-09 12:07:48,596 [pool-87-thread-1] INFO  server.RaftServerConfigKeys (ConfUtils.java:logGet(43)) - raft.server.log.appender.install.snapshot.enabled = false (custom)
2019-10-09 12:07:48,596 [pool-87-thread-1] INFO  impl.RaftServerImpl (ServerState.java:<init>(103)) - 816753b2-0d55-4240-a649-579443b9e7fa@group-91EF26A856CC: ConfigurationManager, init=-1: [18deb643-c206-4503-a898-2595282dcd74:192.168.30.33:46740, 1fef2031-afe3-4902-b87e-6562c2644cf9:192.168.30.33:40713, 816753b2-0d55-4240-a649-579443b9e7fa:192.168.30.33:32998], old=null, confs=<EMPTY_MAP>
2019-10-09 12:07:48,597 [pool-87-thread-1] INFO  server.RaftServerConfigKeys (ConfUtils.java:logGet(43)) - raft.server.storage.dir = [/workdir/hadoop-ozone/integration-test/target/test-dir/MiniOzoneClusterImpl-c56e8db2-5399-438d-837f-afe2c11b44aa/datanode-1/data/ratis] (custom)
2019-10-09 12:07:48,597 [pool-87-thread-1] INFO  storage.RaftStorageDirectory (RaftStorageDirectory.java:analyzeStorage(246)) - The storage directory /workdir/hadoop-ozone/integration-test/target/test-dir/MiniOzoneClusterImpl-c56e8db2-5399-438d-837f-afe2c11b44aa/datanode-1/data/ratis/c8388799-abfb-4948-8dab-91ef26a856cc does not exist. Creating ...
2019-10-09 12:07:48,609 [pool-87-thread-1] INFO  storage.RaftStorageDirectory (RaftStorageDirectory.java:tryLock(328)) - Lock on /workdir/hadoop-ozone/integration-test/target/test-dir/MiniOzoneClusterImpl-c56e8db2-5399-438d-837f-afe2c11b44aa/datanode-1/data/ratis/c8388799-abfb-4948-8dab-91ef26a856cc/in_use.lock acquired by nodename 11666@pr-hdds-2034-v6pl4-3072628770
2019-10-09 12:07:48,621 [pool-87-thread-1] INFO  storage.RaftStorage (RaftStorage.java:format(72)) - Storage directory /workdir/hadoop-ozone/integration-test/target/test-dir/MiniOzoneClusterImpl-c56e8db2-5399-438d-837f-afe2c11b44aa/datanode-1/data/ratis/c8388799-abfb-4948-8dab-91ef26a856cc has been successfully formatted.
2019-10-09 12:07:48,623 [pool-87-thread-1] INFO  ratis.ContainerStateMachine (ContainerStateMachine.java:loadSnapshot(230)) - group-91EF26A856CC: The snapshot info is null. Setting the last applied indexto:(t:0, i:~)
2019-10-09 12:07:48,623 [pool-87-thread-1] INFO  server.RaftServerConfigKeys (ConfUtils.java:logGet(43)) - raft.server.notification.no-leader.timeout = 120s (custom)
2019-10-09 12:07:48,623 [pool-87-thread-1] INFO  server.RaftServerConfigKeys (ConfUtils.java:logGet(43)) - raft.server.log.use.memory = false (default)
2019-10-09 12:07:48,624 [pool-87-thread-1] INFO  server.RaftServerConfigKeys (ConfUtils.java:logGet(43)) - raft.server.log.purge.gap = 1000000 (custom)
2019-10-09 12:07:48,624 [pool-87-thread-1] INFO  server.RaftServerConfigKeys (ConfUtils.java:logGet(43)) - raft.server.log.appender.buffer.byte-limit = 33554432 (custom)
2019-10-09 12:07:48,624 [pool-87-thread-1] INFO  server.RaftServerConfigKeys (ConfUtils.java:logGet(43)) - raft.server.log.segment.size.max = 1048576 (custom)
2019-10-09 12:07:48,624 [pool-87-thread-1] INFO  server.RaftServerConfigKeys (ConfUtils.java:logGet(43)) - raft.server.log.segment.cache.num.max = 2 (custom)
2019-10-09 12:07:48,625 [pool-87-thread-1] INFO  segmented.SegmentedRaftLogWorker (SegmentedRaftLogWorker.java:<init>(172)) - new 816753b2-0d55-4240-a649-579443b9e7fa@group-91EF26A856CC-SegmentedRaftLogWorker for RaftStorage:Storage Directory /workdir/hadoop-ozone/integration-test/target/test-dir/MiniOzoneClusterImpl-c56e8db2-5399-438d-837f-afe2c11b44aa/datanode-1/data/ratis/c8388799-abfb-4948-8dab-91ef26a856cc
2019-10-09 12:07:48,625 [pool-87-thread-1] INFO  server.RaftServerConfigKeys (ConfUtils.java:logGet(43)) - raft.server.log.queue.byte-limit = 2147483647 (custom)
2019-10-09 12:07:48,625 [pool-87-thread-1] INFO  server.RaftServerConfigKeys (ConfUtils.java:logGet(43)) - raft.server.log.queue.element-limit = 1024 (custom)
2019-10-09 12:07:48,625 [pool-87-thread-1] INFO  server.RaftServerConfigKeys (ConfUtils.java:logGet(43)) - raft.server.log.segment.size.max = 1048576 (custom)
2019-10-09 12:07:48,625 [pool-87-thread-1] INFO  server.RaftServerConfigKeys (ConfUtils.java:logGet(43)) - raft.server.log.preallocated.size = 16384 (custom)
2019-10-09 12:07:48,626 [pool-87-thread-1] INFO  server.RaftServerConfigKeys (ConfUtils.java:logGet(43)) - raft.server.log.write.buffer.size = 33554432 (custom)
2019-10-09 12:07:48,626 [pool-87-thread-1] INFO  server.RaftServerConfigKeys (ConfUtils.java:logGet(43)) - raft.server.log.force.sync.num = 128 (default)
2019-10-09 12:07:48,626 [pool-87-thread-1] INFO  server.RaftServerConfigKeys (ConfUtils.java:logGet(43)) - raft.server.log.statemachine.data.sync = true (default)
2019-10-09 12:07:48,626 [pool-87-thread-1] INFO  server.RaftServerConfigKeys (ConfUtils.java:logGet(43)) - raft.server.log.statemachine.data.sync.timeout = 10s (default)
2019-10-09 12:07:48,626 [pool-87-thread-1] INFO  server.RaftServerConfigKeys (ConfUtils.java:logGet(43)) - raft.server.log.statemachine.data.sync.timeout.retry = -1 (default)
2019-10-09 12:07:48,627 [pool-87-thread-1] INFO  server.RaftServerConfigKeys (ConfUtils.java:logGet(43)) - raft.server.log.statemachine.data.caching.enabled = true (custom)
2019-10-09 12:07:48,627 [pool-87-thread-1] INFO  segmented.SegmentedRaftLogWorker (SegmentedRaftLogWorker.java:lambda$new$0(132)) - 816753b2-0d55-4240-a649-579443b9e7fa@group-91EF26A856CC-SegmentedRaftLogWorker: flushIndex: setUnconditionally 0 -> -1
2019-10-09 12:07:48,628 [pool-87-thread-1] INFO  server.RaftServerConfigKeys (ConfUtils.java:logGet(43)) - raft.server.snapshot.auto.trigger.enabled = true (custom)
2019-10-09 12:07:48,628 [pool-87-thread-1] INFO  server.RaftServerConfigKeys (ConfUtils.java:logGet(43)) - raft.server.snapshot.auto.trigger.threshold = 10000 (custom)
2019-10-09 12:07:48,628 [pool-87-thread-1] INFO  server.RaftServerConfigKeys (ConfUtils.java:logGet(43)) - raft.server.snapshot.retention.num.files = 5 (custom)
2019-10-09 12:07:48,628 [pool-87-thread-1] INFO  server.RaftServerConfigKeys (ConfUtils.java:logGet(43)) - raft.server.retrycache.expirytime = 600000ms (custom)
2019-10-09 12:07:48,633 [pool-87-thread-1] INFO  impl.RaftServerImpl (RaftServerImpl.java:start(185)) - 816753b2-0d55-4240-a649-579443b9e7fa@group-91EF26A856CC: start as a follower, conf=-1: [18deb643-c206-4503-a898-2595282dcd74:192.168.30.33:46740, 1fef2031-afe3-4902-b87e-6562c2644cf9:192.168.30.33:40713, 816753b2-0d55-4240-a649-579443b9e7fa:192.168.30.33:32998], old=null
2019-10-09 12:07:48,633 [pool-87-thread-1] INFO  impl.RaftServerImpl (RaftServerImpl.java:setRole(174)) - 816753b2-0d55-4240-a649-579443b9e7fa@group-91EF26A856CC: changes role from      null to FOLLOWER at term 0 for startAsFollower
2019-10-09 12:07:48,633 [pool-87-thread-1] INFO  impl.RoleInfo (RoleInfo.java:updateAndGet(143)) - 816753b2-0d55-4240-a649-579443b9e7fa: start FollowerState
2019-10-09 12:07:48,634 [pool-87-thread-1] INFO  util.JmxRegister (JmxRegister.java:tryRegister(44)) - Successfully registered JMX Bean with object name Ratis:service=RaftServer,group=group-91EF26A856CC,id=816753b2-0d55-4240-a649-579443b9e7fa
2019-10-09 12:07:48,635 [Command processor thread] INFO  commandhandler.CreatePipelineCommandHandler (CreatePipelineCommandHandler.java:handle(86)) - Create Pipeline RATIS THREE #id: "c8388799-abfb-4948-8dab-91ef26a856cc"
 command succeed on datanode 816753b2-0d55-4240-a649-579443b9e7fa.
2019-10-09 12:07:48,637 [EventQueue-PipelineReportForPipelineReportHandler] INFO  pipeline.PipelineReportHandler (PipelineReportHandler.java:processPipelineReport(102)) - Pipeline PipelineID=c8388799-abfb-4948-8dab-91ef26a856cc reported by 816753b2-0d55-4240-a649-579443b9e7fa{ip: 192.168.30.33, host: pr-hdds-2034-v6pl4-3072628770, networkLocation: /default-rack, certSerialId: null}
2019-10-09 12:07:48,642 [main] INFO  ozone.MiniOzoneClusterImpl (MiniOzoneClusterImpl.java:lambda$waitForClusterToBeReady$0(149)) - Nodes are ready. Got 3 of 3 DN Heartbeats.
2019-10-09 12:07:48,642 [Command processor thread] INFO  impl.RaftServerProxy (RaftServerProxy.java:addNew(89)) - 1fef2031-afe3-4902-b87e-6562c2644cf9: addNew group-950CF70B0096:[1fef2031-afe3-4902-b87e-6562c2644cf9:192.168.30.33:40713] returns group-950CF70B0096:java.util.concurrent.CompletableFuture@7a534f22[Not completed]
2019-10-09 12:07:48,643 [main] INFO  ozone.MiniOzoneClusterImpl (MiniOzoneClusterImpl.java:lambda$waitForClusterToBeReady$0(152)) - Cluster exits safe mode
2019-10-09 12:07:48,644 [main] INFO  ozone.MiniOzoneClusterImpl (MiniOzoneClusterImpl.java:shutdown(319)) - Shutting down the Mini Ozone Cluster
2019-10-09 12:07:48,644 [main] INFO  ozone.MiniOzoneClusterImpl (MiniOzoneClusterImpl.java:stop(335)) - Stopping the Mini Ozone Cluster
2019-10-09 12:07:48,644 [main] INFO  ozone.MiniOzoneClusterImpl (MiniOzoneClusterImpl.java:stopOM(405)) - Stopping the OzoneManager
2019-10-09 12:07:48,644 [main] INFO  ipc.Server (Server.java:stop(3082)) - Stopping server on 43474
2019-10-09 12:07:48,644 [pool-97-thread-1] INFO  impl.RaftServerImpl (RaftServerImpl.java:<init>(95)) - 1fef2031-afe3-4902-b87e-6562c2644cf9: new RaftServerImpl for group-950CF70B0096:[1fef2031-afe3-4902-b87e-6562c2644cf9:192.168.30.33:40713] with ContainerStateMachine:uninitialized
2019-10-09 12:07:48,647 [pool-97-thread-1] INFO  server.RaftServerConfigKeys (ConfUtils.java:logGet(43)) - raft.server.rpc.timeout.min = 5s (custom)
2019-10-09 12:07:48,654 [pool-97-thread-1] INFO  server.RaftServerConfigKeys (ConfUtils.java:logGet(43)) - raft.server.rpc.timeout.max = 5200ms (custom)
2019-10-09 12:07:48,654 [IPC Server Responder] INFO  ipc.Server (Server.java:run(1319)) - Stopping IPC Server Responder
2019-10-09 12:07:48,656 [pool-97-thread-1] INFO  server.RaftServerConfigKeys (ConfUtils.java:logGet(43)) - raft.server.rpcslowness.timeout = 120s (custom)
2019-10-09 12:07:48,654 [main] INFO  ratis.OzoneManagerDoubleBuffer (OzoneManagerDoubleBuffer.java:stop(248)) - Stopping OMDoubleBuffer flush thread
2019-10-09 12:07:48,658 [pool-97-thread-1] INFO  server.RaftServerConfigKeys (ConfUtils.java:logGet(43)) - raft.server.sleep.deviation.threshold = 300 (default)
2019-10-09 12:07:48,654 [IPC Server listener on 43474] INFO  ipc.Server (Server.java:run(1185)) - Stopping IPC Server listener on 43474
2019-10-09 12:07:48,666 [pool-97-thread-1] INFO  server.RaftServerConfigKeys (ConfUtils.java:logGet(43)) - raft.server.log.appender.install.snapshot.enabled = false (custom)
2019-10-09 12:07:48,666 [OMDoubleBufferFlushThread] INFO  ratis.OzoneManagerDoubleBuffer (OzoneManagerDoubleBuffer.java:flushTransactions(191)) - OMDoubleBuffer flush thread OMDoubleBufferFlushThread is interrupted and will exit. OMDoubleBufferFlushThread
2019-10-09 12:07:48,670 [pool-97-thread-1] INFO  impl.RaftServerImpl (ServerState.java:<init>(103)) - 1fef2031-afe3-4902-b87e-6562c2644cf9@group-950CF70B0096: ConfigurationManager, init=-1: [1fef2031-afe3-4902-b87e-6562c2644cf9:192.168.30.33:40713], old=null, confs=<EMPTY_MAP>
2019-10-09 12:07:48,674 [main] INFO  utils.BackgroundService (BackgroundService.java:shutdown(148)) - Shutting down service KeyDeletingService
2019-10-09 12:07:48,674 [pool-97-thread-1] INFO  server.RaftServerConfigKeys (ConfUtils.java:logGet(43)) - raft.server.storage.dir = [/workdir/hadoop-ozone/integration-test/target/test-dir/MiniOzoneClusterImpl-c56e8db2-5399-438d-837f-afe2c11b44aa/datanode-2/data/ratis] (custom)
2019-10-09 12:07:48,675 [pool-97-thread-1] INFO  storage.RaftStorageDirectory (RaftStorageDirectory.java:analyzeStorage(246)) - The storage directory /workdir/hadoop-ozone/integration-test/target/test-dir/MiniOzoneClusterImpl-c56e8db2-5399-438d-837f-afe2c11b44aa/datanode-2/data/ratis/a5be805a-7163-4816-85ef-950cf70b0096 does not exist. Creating ...
2019-10-09 12:07:48,676 [main] INFO  handler.ContextHandler (ContextHandler.java:doStop(910)) - Stopped o.e.j.w.WebAppContext@60e9c3a5{/,null,UNAVAILABLE}{/ozoneManager}
2019-10-09 12:07:48,677 [main] INFO  server.AbstractConnector (AbstractConnector.java:doStop(318)) - Stopped ServerConnector@7e5843db{HTTP/1.1,[http/1.1]}{0.0.0.0:0}
2019-10-09 12:07:48,677 [main] INFO  handler.ContextHandler (ContextHandler.java:doStop(910)) - Stopped o.e.j.s.ServletContextHandler@7a81065e{/static,file:///workdir/hadoop-ozone/integration-test/target/test-classes/webapps/static,UNAVAILABLE}
2019-10-09 12:07:48,677 [main] INFO  handler.ContextHandler (ContextHandler.java:doStop(910)) - Stopped o.e.j.s.ServletContextHandler@445bb139{/logs,file:///workdir/hadoop-ozone/integration-test/target/log,UNAVAILABLE}
2019-10-09 12:07:48,680 [main] INFO  ozone.MiniOzoneClusterImpl (MiniOzoneClusterImpl.java:stopDatanodes(382)) - Stopping the HddsDatanodes
2019-10-09 12:07:48,688 [pool-97-thread-1] INFO  storage.RaftStorageDirectory (RaftStorageDirectory.java:tryLock(328)) - Lock on /workdir/hadoop-ozone/integration-test/target/test-dir/MiniOzoneClusterImpl-c56e8db2-5399-438d-837f-afe2c11b44aa/datanode-2/data/ratis/a5be805a-7163-4816-85ef-950cf70b0096/in_use.lock acquired by nodename 11666@pr-hdds-2034-v6pl4-3072628770
2019-10-09 12:07:48,701 [pool-97-thread-1] INFO  storage.RaftStorage (RaftStorage.java:format(72)) - Storage directory /workdir/hadoop-ozone/integration-test/target/test-dir/MiniOzoneClusterImpl-c56e8db2-5399-438d-837f-afe2c11b44aa/datanode-2/data/ratis/a5be805a-7163-4816-85ef-950cf70b0096 has been successfully formatted.
2019-10-09 12:07:48,702 [pool-97-thread-1] INFO  ratis.ContainerStateMachine (ContainerStateMachine.java:loadSnapshot(230)) - group-950CF70B0096: The snapshot info is null. Setting the last applied indexto:(t:0, i:~)
2019-10-09 12:07:48,702 [pool-97-thread-1] INFO  server.RaftServerConfigKeys (ConfUtils.java:logGet(43)) - raft.server.notification.no-leader.timeout = 120s (custom)
2019-10-09 12:07:48,702 [pool-97-thread-1] INFO  server.RaftServerConfigKeys (ConfUtils.java:logGet(43)) - raft.server.log.use.memory = false (default)
2019-10-09 12:07:48,702 [pool-97-thread-1] INFO  server.RaftServerConfigKeys (ConfUtils.java:logGet(43)) - raft.server.log.purge.gap = 1000000 (custom)
2019-10-09 12:07:48,703 [pool-97-thread-1] INFO  server.RaftServerConfigKeys (ConfUtils.java:logGet(43)) - raft.server.log.appender.buffer.byte-limit = 33554432 (custom)
2019-10-09 12:07:48,703 [pool-97-thread-1] INFO  server.RaftServerConfigKeys (ConfUtils.java:logGet(43)) - raft.server.log.segment.size.max = 1048576 (custom)
2019-10-09 12:07:48,703 [pool-97-thread-1] INFO  server.RaftServerConfigKeys (ConfUtils.java:logGet(43)) - raft.server.log.segment.cache.num.max = 2 (custom)
2019-10-09 12:07:48,703 [pool-97-thread-1] INFO  segmented.SegmentedRaftLogWorker (SegmentedRaftLogWorker.java:<init>(172)) - new 1fef2031-afe3-4902-b87e-6562c2644cf9@group-950CF70B0096-SegmentedRaftLogWorker for RaftStorage:Storage Directory /workdir/hadoop-ozone/integration-test/target/test-dir/MiniOzoneClusterImpl-c56e8db2-5399-438d-837f-afe2c11b44aa/datanode-2/data/ratis/a5be805a-7163-4816-85ef-950cf70b0096
2019-10-09 12:07:48,707 [pool-97-thread-1] INFO  server.RaftServerConfigKeys (ConfUtils.java:logGet(43)) - raft.server.log.queue.byte-limit = 2147483647 (custom)
2019-10-09 12:07:48,707 [pool-97-thread-1] INFO  server.RaftServerConfigKeys (ConfUtils.java:logGet(43)) - raft.server.log.queue.element-limit = 1024 (custom)
2019-10-09 12:07:48,707 [pool-97-thread-1] INFO  server.RaftServerConfigKeys (ConfUtils.java:logGet(43)) - raft.server.log.segment.size.max = 1048576 (custom)
2019-10-09 12:07:48,708 [pool-97-thread-1] INFO  server.RaftServerConfigKeys (ConfUtils.java:logGet(43)) - raft.server.log.preallocated.size = 16384 (custom)
2019-10-09 12:07:48,708 [pool-97-thread-1] INFO  server.RaftServerConfigKeys (ConfUtils.java:logGet(43)) - raft.server.log.write.buffer.size = 33554432 (custom)
2019-10-09 12:07:48,708 [pool-97-thread-1] INFO  server.RaftServerConfigKeys (ConfUtils.java:logGet(43)) - raft.server.log.force.sync.num = 128 (default)
2019-10-09 12:07:48,708 [pool-97-thread-1] INFO  server.RaftServerConfigKeys (ConfUtils.java:logGet(43)) - raft.server.log.statemachine.data.sync = true (default)
2019-10-09 12:07:48,708 [pool-97-thread-1] INFO  server.RaftServerConfigKeys (ConfUtils.java:logGet(43)) - raft.server.log.statemachine.data.sync.timeout = 10s (default)
2019-10-09 12:07:48,709 [pool-97-thread-1] INFO  server.RaftServerConfigKeys (ConfUtils.java:logGet(43)) - raft.server.log.statemachine.data.sync.timeout.retry = -1 (default)
2019-10-09 12:07:48,709 [pool-97-thread-1] INFO  server.RaftServerConfigKeys (ConfUtils.java:logGet(43)) - raft.server.log.statemachine.data.caching.enabled = true (custom)
2019-10-09 12:07:48,709 [pool-97-thread-1] INFO  segmented.SegmentedRaftLogWorker (SegmentedRaftLogWorker.java:lambda$new$0(132)) - 1fef2031-afe3-4902-b87e-6562c2644cf9@group-950CF70B0096-SegmentedRaftLogWorker: flushIndex: setUnconditionally 0 -> -1
2019-10-09 12:07:48,710 [pool-97-thread-1] INFO  server.RaftServerConfigKeys (ConfUtils.java:logGet(43)) - raft.server.snapshot.auto.trigger.enabled = true (custom)
2019-10-09 12:07:48,710 [pool-97-thread-1] INFO  server.RaftServerConfigKeys (ConfUtils.java:logGet(43)) - raft.server.snapshot.auto.trigger.threshold = 10000 (custom)
2019-10-09 12:07:48,710 [pool-97-thread-1] INFO  server.RaftServerConfigKeys (ConfUtils.java:logGet(43)) - raft.server.snapshot.retention.num.files = 5 (custom)
2019-10-09 12:07:48,711 [pool-97-thread-1] INFO  server.RaftServerConfigKeys (ConfUtils.java:logGet(43)) - raft.server.retrycache.expirytime = 600000ms (custom)
2019-10-09 12:07:48,714 [pool-97-thread-1] INFO  impl.RaftServerImpl (RaftServerImpl.java:start(185)) - 1fef2031-afe3-4902-b87e-6562c2644cf9@group-950CF70B0096: start as a follower, conf=-1: [1fef2031-afe3-4902-b87e-6562c2644cf9:192.168.30.33:40713], old=null
2019-10-09 12:07:48,714 [pool-97-thread-1] INFO  impl.RaftServerImpl (RaftServerImpl.java:setRole(174)) - 1fef2031-afe3-4902-b87e-6562c2644cf9@group-950CF70B0096: changes role from      null to FOLLOWER at term 0 for startAsFollower
2019-10-09 12:07:48,714 [pool-97-thread-1] INFO  impl.RoleInfo (RoleInfo.java:updateAndGet(143)) - 1fef2031-afe3-4902-b87e-6562c2644cf9: start FollowerState
2019-10-09 12:07:48,715 [pool-97-thread-1] INFO  util.JmxRegister (JmxRegister.java:tryRegister(44)) - Successfully registered JMX Bean with object name Ratis:service=RaftServer,group=group-950CF70B0096,id=1fef2031-afe3-4902-b87e-6562c2644cf9
2019-10-09 12:07:48,715 [Command processor thread] INFO  commandhandler.CreatePipelineCommandHandler (CreatePipelineCommandHandler.java:handle(86)) - Create Pipeline RATIS ONE #id: "a5be805a-7163-4816-85ef-950cf70b0096"
 command succeed on datanode 1fef2031-afe3-4902-b87e-6562c2644cf9.
2019-10-09 12:07:48,717 [Command processor thread] INFO  impl.RaftServerProxy (RaftServerProxy.java:addNew(89)) - 1fef2031-afe3-4902-b87e-6562c2644cf9: addNew group-91EF26A856CC:[18deb643-c206-4503-a898-2595282dcd74:192.168.30.33:46740, 1fef2031-afe3-4902-b87e-6562c2644cf9:192.168.30.33:40713, 816753b2-0d55-4240-a649-579443b9e7fa:192.168.30.33:32998] returns group-91EF26A856CC:java.util.concurrent.CompletableFuture@7e6cd4b0[Not completed]
2019-10-09 12:07:48,718 [EventQueue-PipelineReportForPipelineReportHandler] INFO  pipeline.PipelineReportHandler (PipelineReportHandler.java:processPipelineReport(102)) - Pipeline PipelineID=a5be805a-7163-4816-85ef-950cf70b0096 reported by 1fef2031-afe3-4902-b87e-6562c2644cf9{ip: 192.168.30.33, host: pr-hdds-2034-v6pl4-3072628770, networkLocation: /default-rack, certSerialId: null}
2019-10-09 12:07:48,718 [EventQueue-PipelineReportForPipelineReportHandler] INFO  pipeline.PipelineStateManager (PipelineStateManager.java:openPipeline(134)) - Pipeline Pipeline[ Id: a5be805a-7163-4816-85ef-950cf70b0096, Nodes: 1fef2031-afe3-4902-b87e-6562c2644cf9{ip: 192.168.30.33, host: pr-hdds-2034-v6pl4-3072628770, networkLocation: /default-rack, certSerialId: null}, Type:RATIS, Factor:ONE, State:ALLOCATED] moved to OPEN state
2019-10-09 12:07:48,719 [pool-97-thread-1] INFO  impl.RaftServerImpl (RaftServerImpl.java:<init>(95)) - 1fef2031-afe3-4902-b87e-6562c2644cf9: new RaftServerImpl for group-91EF26A856CC:[18deb643-c206-4503-a898-2595282dcd74:192.168.30.33:46740, 1fef2031-afe3-4902-b87e-6562c2644cf9:192.168.30.33:40713, 816753b2-0d55-4240-a649-579443b9e7fa:192.168.30.33:32998] with ContainerStateMachine:uninitialized
2019-10-09 12:07:48,719 [pool-97-thread-1] INFO  server.RaftServerConfigKeys (ConfUtils.java:logGet(43)) - raft.server.rpc.timeout.min = 5s (custom)
2019-10-09 12:07:48,719 [pool-97-thread-1] INFO  server.RaftServerConfigKeys (ConfUtils.java:logGet(43)) - raft.server.rpc.timeout.max = 5200ms (custom)
2019-10-09 12:07:48,719 [pool-97-thread-1] INFO  server.RaftServerConfigKeys (ConfUtils.java:logGet(43)) - raft.server.rpcslowness.timeout = 120s (custom)
2019-10-09 12:07:48,719 [pool-97-thread-1] INFO  server.RaftServerConfigKeys (ConfUtils.java:logGet(43)) - raft.server.sleep.deviation.threshold = 300 (default)
2019-10-09 12:07:48,720 [pool-97-thread-1] INFO  server.RaftServerConfigKeys (ConfUtils.java:logGet(43)) - raft.server.log.appender.install.snapshot.enabled = false (custom)
2019-10-09 12:07:48,720 [pool-97-thread-1] INFO  impl.RaftServerImpl (ServerState.java:<init>(103)) - 1fef2031-afe3-4902-b87e-6562c2644cf9@group-91EF26A856CC: ConfigurationManager, init=-1: [18deb643-c206-4503-a898-2595282dcd74:192.168.30.33:46740, 1fef2031-afe3-4902-b87e-6562c2644cf9:192.168.30.33:40713, 816753b2-0d55-4240-a649-579443b9e7fa:192.168.30.33:32998], old=null, confs=<EMPTY_MAP>
2019-10-09 12:07:48,720 [pool-97-thread-1] INFO  server.RaftServerConfigKeys (ConfUtils.java:logGet(43)) - raft.server.storage.dir = [/workdir/hadoop-ozone/integration-test/target/test-dir/MiniOzoneClusterImpl-c56e8db2-5399-438d-837f-afe2c11b44aa/datanode-2/data/ratis] (custom)
2019-10-09 12:07:48,720 [pool-97-thread-1] INFO  storage.RaftStorageDirectory (RaftStorageDirectory.java:analyzeStorage(246)) - The storage directory /workdir/hadoop-ozone/integration-test/target/test-dir/MiniOzoneClusterImpl-c56e8db2-5399-438d-837f-afe2c11b44aa/datanode-2/data/ratis/c8388799-abfb-4948-8dab-91ef26a856cc does not exist. Creating ...
2019-10-09 12:07:48,733 [pool-97-thread-1] INFO  storage.RaftStorageDirectory (RaftStorageDirectory.java:tryLock(328)) - Lock on /workdir/hadoop-ozone/integration-test/target/test-dir/MiniOzoneClusterImpl-c56e8db2-5399-438d-837f-afe2c11b44aa/datanode-2/data/ratis/c8388799-abfb-4948-8dab-91ef26a856cc/in_use.lock acquired by nodename 11666@pr-hdds-2034-v6pl4-3072628770
2019-10-09 12:07:48,746 [pool-97-thread-1] INFO  storage.RaftStorage (RaftStorage.java:format(72)) - Storage directory /workdir/hadoop-ozone/integration-test/target/test-dir/MiniOzoneClusterImpl-c56e8db2-5399-438d-837f-afe2c11b44aa/datanode-2/data/ratis/c8388799-abfb-4948-8dab-91ef26a856cc has been successfully formatted.
2019-10-09 12:07:48,747 [pool-97-thread-1] INFO  ratis.ContainerStateMachine (ContainerStateMachine.java:loadSnapshot(230)) - group-91EF26A856CC: The snapshot info is null. Setting the last applied indexto:(t:0, i:~)
2019-10-09 12:07:48,747 [pool-97-thread-1] INFO  server.RaftServerConfigKeys (ConfUtils.java:logGet(43)) - raft.server.notification.no-leader.timeout = 120s (custom)
2019-10-09 12:07:48,747 [pool-97-thread-1] INFO  server.RaftServerConfigKeys (ConfUtils.java:logGet(43)) - raft.server.log.use.memory = false (default)
2019-10-09 12:07:48,747 [pool-97-thread-1] INFO  server.RaftServerConfigKeys (ConfUtils.java:logGet(43)) - raft.server.log.purge.gap = 1000000 (custom)
2019-10-09 12:07:48,748 [pool-97-thread-1] INFO  server.RaftServerConfigKeys (ConfUtils.java:logGet(43)) - raft.server.log.appender.buffer.byte-limit = 33554432 (custom)
2019-10-09 12:07:48,748 [pool-97-thread-1] INFO  server.RaftServerConfigKeys (ConfUtils.java:logGet(43)) - raft.server.log.segment.size.max = 1048576 (custom)
2019-10-09 12:07:48,748 [pool-97-thread-1] INFO  server.RaftServerConfigKeys (ConfUtils.java:logGet(43)) - raft.server.log.segment.cache.num.max = 2 (custom)
2019-10-09 12:07:48,748 [pool-97-thread-1] INFO  segmented.SegmentedRaftLogWorker (SegmentedRaftLogWorker.java:<init>(172)) - new 1fef2031-afe3-4902-b87e-6562c2644cf9@group-91EF26A856CC-SegmentedRaftLogWorker for RaftStorage:Storage Directory /workdir/hadoop-ozone/integration-test/target/test-dir/MiniOzoneClusterImpl-c56e8db2-5399-438d-837f-afe2c11b44aa/datanode-2/data/ratis/c8388799-abfb-4948-8dab-91ef26a856cc
2019-10-09 12:07:48,748 [pool-97-thread-1] INFO  server.RaftServerConfigKeys (ConfUtils.java:logGet(43)) - raft.server.log.queue.byte-limit = 2147483647 (custom)
2019-10-09 12:07:48,749 [pool-97-thread-1] INFO  server.RaftServerConfigKeys (ConfUtils.java:logGet(43)) - raft.server.log.queue.element-limit = 1024 (custom)
2019-10-09 12:07:48,749 [pool-97-thread-1] INFO  server.RaftServerConfigKeys (ConfUtils.java:logGet(43)) - raft.server.log.segment.size.max = 1048576 (custom)
2019-10-09 12:07:48,749 [pool-97-thread-1] INFO  server.RaftServerConfigKeys (ConfUtils.java:logGet(43)) - raft.server.log.preallocated.size = 16384 (custom)
2019-10-09 12:07:48,749 [pool-97-thread-1] INFO  server.RaftServerConfigKeys (ConfUtils.java:logGet(43)) - raft.server.log.write.buffer.size = 33554432 (custom)
2019-10-09 12:07:48,749 [pool-97-thread-1] INFO  server.RaftServerConfigKeys (ConfUtils.java:logGet(43)) - raft.server.log.force.sync.num = 128 (default)
2019-10-09 12:07:48,750 [pool-97-thread-1] INFO  server.RaftServerConfigKeys (ConfUtils.java:logGet(43)) - raft.server.log.statemachine.data.sync = true (default)
2019-10-09 12:07:48,750 [pool-97-thread-1] INFO  server.RaftServerConfigKeys (ConfUtils.java:logGet(43)) - raft.server.log.statemachine.data.sync.timeout = 10s (default)
2019-10-09 12:07:48,750 [pool-97-thread-1] INFO  server.RaftServerConfigKeys (ConfUtils.java:logGet(43)) - raft.server.log.statemachine.data.sync.timeout.retry = -1 (default)
2019-10-09 12:07:48,750 [pool-97-thread-1] INFO  server.RaftServerConfigKeys (ConfUtils.java:logGet(43)) - raft.server.log.statemachine.data.caching.enabled = true (custom)
2019-10-09 12:07:48,751 [pool-97-thread-1] INFO  segmented.SegmentedRaftLogWorker (SegmentedRaftLogWorker.java:lambda$new$0(132)) - 1fef2031-afe3-4902-b87e-6562c2644cf9@group-91EF26A856CC-SegmentedRaftLogWorker: flushIndex: setUnconditionally 0 -> -1
2019-10-09 12:07:48,751 [pool-97-thread-1] INFO  server.RaftServerConfigKeys (ConfUtils.java:logGet(43)) - raft.server.snapshot.auto.trigger.enabled = true (custom)
2019-10-09 12:07:48,751 [pool-97-thread-1] INFO  server.RaftServerConfigKeys (ConfUtils.java:logGet(43)) - raft.server.snapshot.auto.trigger.threshold = 10000 (custom)
2019-10-09 12:07:48,751 [pool-97-thread-1] INFO  server.RaftServerConfigKeys (ConfUtils.java:logGet(43)) - raft.server.snapshot.retention.num.files = 5 (custom)
2019-10-09 12:07:48,752 [pool-97-thread-1] INFO  server.RaftServerConfigKeys (ConfUtils.java:logGet(43)) - raft.server.retrycache.expirytime = 600000ms (custom)
2019-10-09 12:07:48,755 [pool-97-thread-1] INFO  impl.RaftServerImpl (RaftServerImpl.java:start(185)) - 1fef2031-afe3-4902-b87e-6562c2644cf9@group-91EF26A856CC: start as a follower, conf=-1: [18deb643-c206-4503-a898-2595282dcd74:192.168.30.33:46740, 1fef2031-afe3-4902-b87e-6562c2644cf9:192.168.30.33:40713, 816753b2-0d55-4240-a649-579443b9e7fa:192.168.30.33:32998], old=null
2019-10-09 12:07:48,755 [pool-97-thread-1] INFO  impl.RaftServerImpl (RaftServerImpl.java:setRole(174)) - 1fef2031-afe3-4902-b87e-6562c2644cf9@group-91EF26A856CC: changes role from      null to FOLLOWER at term 0 for startAsFollower
2019-10-09 12:07:48,755 [pool-97-thread-1] INFO  impl.RoleInfo (RoleInfo.java:updateAndGet(143)) - 1fef2031-afe3-4902-b87e-6562c2644cf9: start FollowerState
2019-10-09 12:07:48,756 [pool-97-thread-1] INFO  util.JmxRegister (JmxRegister.java:tryRegister(44)) - Successfully registered JMX Bean with object name Ratis:service=RaftServer,group=group-91EF26A856CC,id=1fef2031-afe3-4902-b87e-6562c2644cf9
2019-10-09 12:07:48,756 [Command processor thread] INFO  commandhandler.CreatePipelineCommandHandler (CreatePipelineCommandHandler.java:handle(86)) - Create Pipeline RATIS THREE #id: "c8388799-abfb-4948-8dab-91ef26a856cc"
 command succeed on datanode 1fef2031-afe3-4902-b87e-6562c2644cf9.
2019-10-09 12:07:48,758 [EventQueue-PipelineReportForPipelineReportHandler] INFO  pipeline.PipelineReportHandler (PipelineReportHandler.java:processPipelineReport(102)) - Pipeline PipelineID=c8388799-abfb-4948-8dab-91ef26a856cc reported by 1fef2031-afe3-4902-b87e-6562c2644cf9{ip: 192.168.30.33, host: pr-hdds-2034-v6pl4-3072628770, networkLocation: /default-rack, certSerialId: null}
2019-10-09 12:07:48,758 [EventQueue-PipelineReportForPipelineReportHandler] INFO  pipeline.PipelineStateManager (PipelineStateManager.java:openPipeline(134)) - Pipeline Pipeline[ Id: c8388799-abfb-4948-8dab-91ef26a856cc, Nodes: 18deb643-c206-4503-a898-2595282dcd74{ip: 192.168.30.33, host: pr-hdds-2034-v6pl4-3072628770, networkLocation: /default-rack, certSerialId: null}816753b2-0d55-4240-a649-579443b9e7fa{ip: 192.168.30.33, host: pr-hdds-2034-v6pl4-3072628770, networkLocation: /default-rack, certSerialId: null}1fef2031-afe3-4902-b87e-6562c2644cf9{ip: 192.168.30.33, host: pr-hdds-2034-v6pl4-3072628770, networkLocation: /default-rack, certSerialId: null}, Type:RATIS, Factor:THREE, State:ALLOCATED] moved to OPEN state
2019-10-09 12:07:49,568 [Datanode State Machine Thread - 0] INFO  statemachine.DatanodeStateMachine (DatanodeStateMachine.java:lambda$startDaemon$0(356)) - Ozone container server started.
2019-10-09 12:07:49,635 [Datanode State Machine Thread - 0] INFO  statemachine.DatanodeStateMachine (DatanodeStateMachine.java:lambda$startDaemon$0(356)) - Ozone container server started.
2019-10-09 12:07:51,535 [Thread-431] INFO  container.ReplicationManager (ReplicationManager.java:start(163)) - Starting Replication Monitor Thread.
2019-10-09 12:07:51,537 [ReplicationMonitor] INFO  container.ReplicationManager (ReplicationManager.java:run(226)) - Replication Monitor Thread took 0 milliseconds for processing 0 containers.
2019-10-09 12:07:53,584 [Thread-433] INFO  impl.FollowerState (FollowerState.java:run(106)) - 18deb643-c206-4503-a898-2595282dcd74:group-91EF26A856CC changes to CANDIDATE, lastRpcTime:5016, electionTimeout:5016ms
2019-10-09 12:07:53,584 [Thread-433] INFO  impl.RoleInfo (RoleInfo.java:shutdownFollowerState(121)) - 18deb643-c206-4503-a898-2595282dcd74: shutdown FollowerState
2019-10-09 12:07:53,584 [Thread-433] INFO  impl.RaftServerImpl (RaftServerImpl.java:setRole(174)) - 18deb643-c206-4503-a898-2595282dcd74@group-91EF26A856CC: changes role from  FOLLOWER to CANDIDATE at term 0 for changeToCandidate
2019-10-09 12:07:53,585 [Thread-433] INFO  impl.RoleInfo (RoleInfo.java:updateAndGet(143)) - 18deb643-c206-4503-a898-2595282dcd74: start LeaderElection
2019-10-09 12:07:53,603 [Thread-427] INFO  impl.FollowerState (FollowerState.java:run(106)) - 18deb643-c206-4503-a898-2595282dcd74:group-D33D00CE1B10 changes to CANDIDATE, lastRpcTime:5079, electionTimeout:5079ms
2019-10-09 12:07:53,603 [Thread-427] INFO  impl.RoleInfo (RoleInfo.java:shutdownFollowerState(121)) - 18deb643-c206-4503-a898-2595282dcd74: shutdown FollowerState
2019-10-09 12:07:53,604 [Thread-427] INFO  impl.RaftServerImpl (RaftServerImpl.java:setRole(174)) - 18deb643-c206-4503-a898-2595282dcd74@group-D33D00CE1B10: changes role from  FOLLOWER to CANDIDATE at term 0 for changeToCandidate
2019-10-09 12:07:53,604 [Thread-427] INFO  impl.RoleInfo (RoleInfo.java:updateAndGet(143)) - 18deb643-c206-4503-a898-2595282dcd74: start LeaderElection
2019-10-09 12:07:53,615 [18deb643-c206-4503-a898-2595282dcd74@group-91EF26A856CC:LeaderElection11] INFO  impl.LeaderElection (LeaderElection.java:askForVotes(182)) - 18deb643-c206-4503-a898-2595282dcd74@group-91EF26A856CC:LeaderElection11: begin an election at term 1 for -1: [18deb643-c206-4503-a898-2595282dcd74:192.168.30.33:46740, 1fef2031-afe3-4902-b87e-6562c2644cf9:192.168.30.33:40713, 816753b2-0d55-4240-a649-579443b9e7fa:192.168.30.33:32998], old=null
2019-10-09 12:07:53,617 [18deb643-c206-4503-a898-2595282dcd74@group-D33D00CE1B10:LeaderElection12] INFO  impl.LeaderElection (LeaderElection.java:askForVotes(182)) - 18deb643-c206-4503-a898-2595282dcd74@group-D33D00CE1B10:LeaderElection12: begin an election at term 1 for -1: [18deb643-c206-4503-a898-2595282dcd74:192.168.30.33:46740], old=null
2019-10-09 12:07:53,617 [18deb643-c206-4503-a898-2595282dcd74@group-D33D00CE1B10:LeaderElection12] INFO  impl.RoleInfo (RoleInfo.java:shutdownLeaderElection(134)) - 18deb643-c206-4503-a898-2595282dcd74: shutdown LeaderElection
2019-10-09 12:07:53,617 [18deb643-c206-4503-a898-2595282dcd74@group-D33D00CE1B10:LeaderElection12] INFO  impl.RaftServerImpl (RaftServerImpl.java:setRole(174)) - 18deb643-c206-4503-a898-2595282dcd74@group-D33D00CE1B10: changes role from CANDIDATE to LEADER at term 1 for changeToLeader
2019-10-09 12:07:53,618 [18deb643-c206-4503-a898-2595282dcd74@group-D33D00CE1B10:LeaderElection12] INFO  impl.RaftServerImpl (ServerState.java:setLeader(253)) - 18deb643-c206-4503-a898-2595282dcd74@group-D33D00CE1B10: change Leader from null to 18deb643-c206-4503-a898-2595282dcd74 at term 1 for becomeLeader, leader elected after 5105ms
2019-10-09 12:07:53,619 [18deb643-c206-4503-a898-2595282dcd74@group-D33D00CE1B10:LeaderElection12] INFO  server.RaftServerConfigKeys (ConfUtils.java:logGet(43)) - raft.server.staging.catchup.gap = 1000 (default)
2019-10-09 12:07:53,619 [18deb643-c206-4503-a898-2595282dcd74@group-D33D00CE1B10:LeaderElection12] INFO  server.RaftServerConfigKeys (ConfUtils.java:logGet(43)) - raft.server.rpc.sleep.time = 25ms (default)
2019-10-09 12:07:53,619 [18deb643-c206-4503-a898-2595282dcd74@group-D33D00CE1B10:LeaderElection12] INFO  server.RaftServerConfigKeys (ConfUtils.java:logGet(43)) - raft.server.write.element-limit = 4096 (default)
2019-10-09 12:07:53,620 [18deb643-c206-4503-a898-2595282dcd74@group-D33D00CE1B10:LeaderElection12] INFO  server.RaftServerConfigKeys (ConfUtils.java:logGet(43)) - raft.server.watch.timeout = 10s (default)
2019-10-09 12:07:53,620 [18deb643-c206-4503-a898-2595282dcd74@group-D33D00CE1B10:LeaderElection12] INFO  server.RaftServerConfigKeys (ConfUtils.java:logGet(43)) - raft.server.watch.timeout.denomination = 1s (default)
2019-10-09 12:07:53,620 [18deb643-c206-4503-a898-2595282dcd74@group-D33D00CE1B10:LeaderElection12] INFO  server.RaftServerConfigKeys (ConfUtils.java:logGet(43)) - raft.server.watch.element-limit = 65536 (default)
2019-10-09 12:07:53,632 [18deb643-c206-4503-a898-2595282dcd74@group-D33D00CE1B10:LeaderElection12] INFO  impl.RoleInfo (RoleInfo.java:updateAndGet(143)) - 18deb643-c206-4503-a898-2595282dcd74: start LeaderState
2019-10-09 12:07:53,636 [18deb643-c206-4503-a898-2595282dcd74@group-D33D00CE1B10:LeaderElection12] INFO  segmented.SegmentedRaftLogWorker (SegmentedRaftLogWorker.java:startLogSegment(380)) - 18deb643-c206-4503-a898-2595282dcd74@group-D33D00CE1B10-SegmentedRaftLogWorker: Starting segment from index:0
2019-10-09 12:07:53,643 [18deb643-c206-4503-a898-2595282dcd74@group-D33D00CE1B10:LeaderElection12] INFO  impl.RaftServerImpl (ServerState.java:setRaftConf(354)) - 18deb643-c206-4503-a898-2595282dcd74@group-D33D00CE1B10: set configuration 0: [18deb643-c206-4503-a898-2595282dcd74:192.168.30.33:46740], old=null at 0
2019-10-09 12:07:53,684 [main] INFO  ozoneimpl.OzoneContainer (OzoneContainer.java:stop(231)) - Attempting to stop container services.
2019-10-09 12:07:53,685 [ForkJoinPool.commonPool-worker-0] INFO  ozoneimpl.OzoneContainer (OzoneContainer.java:stop(231)) - Attempting to stop container services.
2019-10-09 12:07:53,685 [main] INFO  impl.RaftServerProxy (RaftServerProxy.java:lambda$close$4(314)) - 816753b2-0d55-4240-a649-579443b9e7fa: close
2019-10-09 12:07:53,685 [ForkJoinPool.commonPool-worker-0] INFO  impl.RaftServerProxy (RaftServerProxy.java:lambda$close$4(314)) - 18deb643-c206-4503-a898-2595282dcd74: close
2019-10-09 12:07:53,686 [main] INFO  impl.RaftServerImpl (RaftServerImpl.java:lambda$shutdown$3(251)) - 816753b2-0d55-4240-a649-579443b9e7fa@group-91EF26A856CC: shutdown
2019-10-09 12:07:53,686 [ForkJoinPool.commonPool-worker-0] INFO  impl.RaftServerImpl (RaftServerImpl.java:lambda$shutdown$3(251)) - 18deb643-c206-4503-a898-2595282dcd74@group-91EF26A856CC: shutdown
2019-10-09 12:07:53,687 [main] INFO  util.JmxRegister (JmxRegister.java:unregister(73)) - Successfully un-registered JMX Bean with object name Ratis:service=RaftServer,group=group-91EF26A856CC,id=816753b2-0d55-4240-a649-579443b9e7fa
2019-10-09 12:07:53,688 [ForkJoinPool.commonPool-worker-0] INFO  util.JmxRegister (JmxRegister.java:unregister(73)) - Successfully un-registered JMX Bean with object name Ratis:service=RaftServer,group=group-91EF26A856CC,id=18deb643-c206-4503-a898-2595282dcd74
2019-10-09 12:07:53,689 [main] INFO  impl.RoleInfo (RoleInfo.java:shutdownFollowerState(121)) - 816753b2-0d55-4240-a649-579443b9e7fa: shutdown FollowerState
2019-10-09 12:07:53,690 [ForkJoinPool.commonPool-worker-0] INFO  impl.RoleInfo (RoleInfo.java:shutdownLeaderElection(134)) - 18deb643-c206-4503-a898-2595282dcd74: shutdown LeaderElection
2019-10-09 12:07:53,694 [Thread-437] INFO  impl.FollowerState (FollowerState.java:run(115)) - 816753b2-0d55-4240-a649-579443b9e7fa: FollowerState was interrupted: java.lang.InterruptedException: sleep interrupted
2019-10-09 12:07:53,694 [main] INFO  impl.StateMachineUpdater (StateMachineUpdater.java:stopAndJoin(125)) - 816753b2-0d55-4240-a649-579443b9e7fa@group-91EF26A856CC-StateMachineUpdater: set stopIndex = -1
2019-10-09 12:07:53,698 [18deb643-c206-4503-a898-2595282dcd74@group-D33D00CE1B10-SegmentedRaftLogWorker] INFO  segmented.SegmentedRaftLogWorker (SegmentedRaftLogWorker.java:execute(569)) - 18deb643-c206-4503-a898-2595282dcd74@group-D33D00CE1B10-SegmentedRaftLogWorker: created new log segment /workdir/hadoop-ozone/integration-test/target/test-dir/MiniOzoneClusterImpl-c56e8db2-5399-438d-837f-afe2c11b44aa/datanode-0/data/ratis/896b56f3-16ad-41a4-badc-d33d00ce1b10/current/log_inprogress_0
2019-10-09 12:07:53,696 [ForkJoinPool.commonPool-worker-0] INFO  impl.StateMachineUpdater (StateMachineUpdater.java:stopAndJoin(125)) - 18deb643-c206-4503-a898-2595282dcd74@group-91EF26A856CC-StateMachineUpdater: set stopIndex = -1
2019-10-09 12:07:53,702 [ForkJoinPool.commonPool-worker-0] INFO  impl.RaftServerImpl (ServerState.java:close(385)) - 18deb643-c206-4503-a898-2595282dcd74@group-91EF26A856CC: closes. applyIndex: -1
2019-10-09 12:07:53,702 [main] INFO  impl.RaftServerImpl (ServerState.java:close(385)) - 816753b2-0d55-4240-a649-579443b9e7fa@group-91EF26A856CC: closes. applyIndex: -1
2019-10-09 12:07:53,703 [18deb643-c206-4503-a898-2595282dcd74@group-91EF26A856CC-SegmentedRaftLogWorker] INFO  segmented.SegmentedRaftLogWorker (SegmentedRaftLogWorker.java:run(313)) - 18deb643-c206-4503-a898-2595282dcd74@group-91EF26A856CC-SegmentedRaftLogWorker was interrupted, exiting. There are 0 tasks remaining in the queue.
2019-10-09 12:07:53,704 [816753b2-0d55-4240-a649-579443b9e7fa@group-91EF26A856CC-SegmentedRaftLogWorker] INFO  segmented.SegmentedRaftLogWorker (SegmentedRaftLogWorker.java:run(313)) - 816753b2-0d55-4240-a649-579443b9e7fa@group-91EF26A856CC-SegmentedRaftLogWorker was interrupted, exiting. There are 0 tasks remaining in the queue.
2019-10-09 12:07:53,703 [grpc-default-executor-0] INFO  impl.RaftServerImpl (RaftServerImpl.java:setRole(174)) - 1fef2031-afe3-4902-b87e-6562c2644cf9@group-91EF26A856CC: changes role from  FOLLOWER to FOLLOWER at term 1 for recognizeCandidate:18deb643-c206-4503-a898-2595282dcd74
2019-10-09 12:07:53,704 [main] INFO  segmented.SegmentedRaftLogWorker (SegmentedRaftLogWorker.java:close(228)) - 816753b2-0d55-4240-a649-579443b9e7fa@group-91EF26A856CC-SegmentedRaftLogWorker close()
2019-10-09 12:07:53,704 [ForkJoinPool.commonPool-worker-0] INFO  segmented.SegmentedRaftLogWorker (SegmentedRaftLogWorker.java:close(228)) - 18deb643-c206-4503-a898-2595282dcd74@group-91EF26A856CC-SegmentedRaftLogWorker close()
2019-10-09 12:07:53,706 [main] INFO  impl.RaftServerImpl (RaftServerImpl.java:lambda$shutdown$3(251)) - 816753b2-0d55-4240-a649-579443b9e7fa@group-E6B45D736658: shutdown
2019-10-09 12:07:53,710 [main] INFO  util.JmxRegister (JmxRegister.java:unregister(73)) - Successfully un-registered JMX Bean with object name Ratis:service=RaftServer,group=group-E6B45D736658,id=816753b2-0d55-4240-a649-579443b9e7fa
2019-10-09 12:07:53,704 [grpc-default-executor-0] INFO  impl.RoleInfo (RoleInfo.java:shutdownFollowerState(121)) - 1fef2031-afe3-4902-b87e-6562c2644cf9: shutdown FollowerState
2019-10-09 12:07:53,710 [main] INFO  impl.RoleInfo (RoleInfo.java:shutdownFollowerState(121)) - 816753b2-0d55-4240-a649-579443b9e7fa: shutdown FollowerState
2019-10-09 12:07:53,711 [main] INFO  impl.StateMachineUpdater (StateMachineUpdater.java:stopAndJoin(125)) - 816753b2-0d55-4240-a649-579443b9e7fa@group-E6B45D736658-StateMachineUpdater: set stopIndex = -1
2019-10-09 12:07:53,712 [main] INFO  impl.RaftServerImpl (ServerState.java:close(385)) - 816753b2-0d55-4240-a649-579443b9e7fa@group-E6B45D736658: closes. applyIndex: -1
2019-10-09 12:07:53,710 [ForkJoinPool.commonPool-worker-0] INFO  impl.RaftServerImpl (RaftServerImpl.java:lambda$shutdown$3(251)) - 18deb643-c206-4503-a898-2595282dcd74@group-D33D00CE1B10: shutdown
2019-10-09 12:07:53,712 [816753b2-0d55-4240-a649-579443b9e7fa@group-E6B45D736658-SegmentedRaftLogWorker] INFO  segmented.SegmentedRaftLogWorker (SegmentedRaftLogWorker.java:run(313)) - 816753b2-0d55-4240-a649-579443b9e7fa@group-E6B45D736658-SegmentedRaftLogWorker was interrupted, exiting. There are 0 tasks remaining in the queue.
2019-10-09 12:07:53,711 [Thread-435] INFO  impl.FollowerState (FollowerState.java:run(115)) - 816753b2-0d55-4240-a649-579443b9e7fa: FollowerState was interrupted: java.lang.InterruptedException: sleep interrupted
2019-10-09 12:07:53,711 [grpc-default-executor-1] WARN  server.GrpcServerProtocolService (LogUtils.java:warn(134)) - 816753b2-0d55-4240-a649-579443b9e7fa: Failed requestVote 18deb643-c206-4503-a898-2595282dcd74->816753b2-0d55-4240-a649-579443b9e7fa#0: org.apache.ratis.protocol.ServerNotReadyException: 816753b2-0d55-4240-a649-579443b9e7fa@group-91EF26A856CC is not in [RUNNING]: current state is CLOSING
2019-10-09 12:07:53,711 [Thread-441] INFO  impl.FollowerState (FollowerState.java:run(115)) - 1fef2031-afe3-4902-b87e-6562c2644cf9: FollowerState was interrupted: java.lang.InterruptedException: sleep interrupted
2019-10-09 12:07:53,711 [grpc-default-executor-0] INFO  impl.RoleInfo (RoleInfo.java:updateAndGet(143)) - 1fef2031-afe3-4902-b87e-6562c2644cf9: start FollowerState
2019-10-09 12:07:53,713 [main] INFO  segmented.SegmentedRaftLogWorker (SegmentedRaftLogWorker.java:close(228)) - 816753b2-0d55-4240-a649-579443b9e7fa@group-E6B45D736658-SegmentedRaftLogWorker close()
2019-10-09 12:07:53,713 [ForkJoinPool.commonPool-worker-0] INFO  util.JmxRegister (JmxRegister.java:unregister(73)) - Successfully un-registered JMX Bean with object name Ratis:service=RaftServer,group=group-D33D00CE1B10,id=18deb643-c206-4503-a898-2595282dcd74
2019-10-09 12:07:53,718 [main] INFO  server.GrpcService (GrpcService.java:closeImpl(164)) - 816753b2-0d55-4240-a649-579443b9e7fa: shutdown server with port 32998 now
2019-10-09 12:07:53,718 [ForkJoinPool.commonPool-worker-0] INFO  impl.RoleInfo (RoleInfo.java:shutdownLeaderState(104)) - 18deb643-c206-4503-a898-2595282dcd74: shutdown LeaderState
2019-10-09 12:07:53,719 [ForkJoinPool.commonPool-worker-0] INFO  impl.PendingRequests (PendingRequests.java:sendNotLeaderResponses(202)) - 18deb643-c206-4503-a898-2595282dcd74-PendingRequests: sendNotLeaderResponses
2019-10-09 12:07:53,721 [ForkJoinPool.commonPool-worker-0] INFO  impl.StateMachineUpdater (StateMachineUpdater.java:stopAndJoin(125)) - 18deb643-c206-4503-a898-2595282dcd74@group-D33D00CE1B10-StateMachineUpdater: set stopIndex = 0
2019-10-09 12:07:53,724 [ForkJoinPool.commonPool-worker-0] INFO  impl.RaftServerImpl (ServerState.java:close(385)) - 18deb643-c206-4503-a898-2595282dcd74@group-D33D00CE1B10: closes. applyIndex: 0
2019-10-09 12:07:53,725 [18deb643-c206-4503-a898-2595282dcd74@group-D33D00CE1B10-SegmentedRaftLogWorker] INFO  segmented.SegmentedRaftLogWorker (SegmentedRaftLogWorker.java:run(313)) - 18deb643-c206-4503-a898-2595282dcd74@group-D33D00CE1B10-SegmentedRaftLogWorker was interrupted, exiting. There are 0 tasks remaining in the queue.
2019-10-09 12:07:53,726 [ForkJoinPool.commonPool-worker-0] INFO  segmented.SegmentedRaftLogWorker (SegmentedRaftLogWorker.java:close(228)) - 18deb643-c206-4503-a898-2595282dcd74@group-D33D00CE1B10-SegmentedRaftLogWorker close()
2019-10-09 12:07:53,727 [ForkJoinPool.commonPool-worker-0] INFO  server.GrpcService (GrpcService.java:closeImpl(164)) - 18deb643-c206-4503-a898-2595282dcd74: shutdown server with port 46740 now
2019-10-09 12:07:53,732 [ForkJoinPool.commonPool-worker-0] INFO  server.GrpcService (GrpcService.java:closeImpl(172)) - 18deb643-c206-4503-a898-2595282dcd74: shutdown server with port 46740 successfully
2019-10-09 12:07:53,737 [main] INFO  server.GrpcService (GrpcService.java:closeImpl(172)) - 816753b2-0d55-4240-a649-579443b9e7fa: shutdown server with port 32998 successfully
2019-10-09 12:07:53,738 [refreshUsed-/workdir/hadoop-ozone/integration-test/target/test-dir/MiniOzoneClusterImpl-c56e8db2-5399-438d-837f-afe2c11b44aa/datanode-0/data/containers] WARN  fs.CachingGetSpaceUsed (CachingGetSpaceUsed.java:run(183)) - Thread Interrupted waiting to refresh disk information: sleep interrupted
2019-10-09 12:07:53,747 [refreshUsed-/workdir/hadoop-ozone/integration-test/target/test-dir/MiniOzoneClusterImpl-c56e8db2-5399-438d-837f-afe2c11b44aa/datanode-1/data/containers] WARN  fs.CachingGetSpaceUsed (CachingGetSpaceUsed.java:run(183)) - Thread Interrupted waiting to refresh disk information: sleep interrupted
2019-10-09 12:07:53,747 [18deb643-c206-4503-a898-2595282dcd74@group-91EF26A856CC:LeaderElection11] INFO  impl.LeaderElection (LogUtils.java:infoOrTrace(149)) - 18deb643-c206-4503-a898-2595282dcd74@group-91EF26A856CC:LeaderElection11 got exception when requesting votes: {}
java.util.concurrent.ExecutionException: org.apache.ratis.thirdparty.io.grpc.StatusRuntimeException: UNAVAILABLE: Channel shutdownNow invoked
	at java.util.concurrent.FutureTask.report(FutureTask.java:122)
	at java.util.concurrent.FutureTask.get(FutureTask.java:192)
	at org.apache.ratis.server.impl.LeaderElection.waitForResults(LeaderElection.java:263)
	at org.apache.ratis.server.impl.LeaderElection.askForVotes(LeaderElection.java:201)
	at org.apache.ratis.server.impl.LeaderElection.run(LeaderElection.java:133)
	at java.lang.Thread.run(Thread.java:748)
Caused by: org.apache.ratis.thirdparty.io.grpc.StatusRuntimeException: UNAVAILABLE: Channel shutdownNow invoked
	at org.apache.ratis.thirdparty.io.grpc.stub.ClientCalls.toStatusRuntimeException(ClientCalls.java:233)
	at org.apache.ratis.thirdparty.io.grpc.stub.ClientCalls.getUnchecked(ClientCalls.java:214)
	at org.apache.ratis.thirdparty.io.grpc.stub.ClientCalls.blockingUnaryCall(ClientCalls.java:139)
	at org.apache.ratis.proto.grpc.RaftServerProtocolServiceGrpc$RaftServerProtocolServiceBlockingStub.requestVote(RaftServerProtocolServiceGrpc.java:265)
	at org.apache.ratis.grpc.server.GrpcServerProtocolClient.requestVote(GrpcServerProtocolClient.java:90)
	at org.apache.ratis.grpc.server.GrpcService.requestVote(GrpcService.java:204)
	at org.apache.ratis.server.impl.LeaderElection.lambda$submitRequests$1(LeaderElection.java:238)
	at java.util.concurrent.FutureTask.run(FutureTask.java:266)
	at java.util.concurrent.Executors$RunnableAdapter.call(Executors.java:511)
	at java.util.concurrent.FutureTask.run(FutureTask.java:266)
	at java.util.concurrent.ThreadPoolExecutor.runWorker(ThreadPoolExecutor.java:1149)
	at java.util.concurrent.ThreadPoolExecutor$Worker.run(ThreadPoolExecutor.java:624)
	... 1 more
2019-10-09 12:07:53,750 [18deb643-c206-4503-a898-2595282dcd74@group-91EF26A856CC:LeaderElection11] INFO  impl.LeaderElection (LeaderElection.java:logAndReturn(56)) - 18deb643-c206-4503-a898-2595282dcd74@group-91EF26A856CC:LeaderElection11: Election REJECTED; received 0 response(s) [] and 1 exception(s); 18deb643-c206-4503-a898-2595282dcd74@group-91EF26A856CC:t1, leader=null, voted=18deb643-c206-4503-a898-2595282dcd74, raftlog=18deb643-c206-4503-a898-2595282dcd74@group-91EF26A856CC-SegmentedRaftLog:CLOSED:c-1, conf=-1: [18deb643-c206-4503-a898-2595282dcd74:192.168.30.33:46740, 1fef2031-afe3-4902-b87e-6562c2644cf9:192.168.30.33:40713, 816753b2-0d55-4240-a649-579443b9e7fa:192.168.30.33:32998], old=null
2019-10-09 12:07:53,750 [18deb643-c206-4503-a898-2595282dcd74@group-91EF26A856CC:LeaderElection11] INFO  impl.LeaderElection (LogUtils.java:infoOrTrace(149)) -   Exception 0: {}
java.util.concurrent.ExecutionException: org.apache.ratis.thirdparty.io.grpc.StatusRuntimeException: UNAVAILABLE: Channel shutdownNow invoked
	at java.util.concurrent.FutureTask.report(FutureTask.java:122)
	at java.util.concurrent.FutureTask.get(FutureTask.java:192)
	at org.apache.ratis.server.impl.LeaderElection.waitForResults(LeaderElection.java:263)
	at org.apache.ratis.server.impl.LeaderElection.askForVotes(LeaderElection.java:201)
	at org.apache.ratis.server.impl.LeaderElection.run(LeaderElection.java:133)
	at java.lang.Thread.run(Thread.java:748)
Caused by: org.apache.ratis.thirdparty.io.grpc.StatusRuntimeException: UNAVAILABLE: Channel shutdownNow invoked
	at org.apache.ratis.thirdparty.io.grpc.stub.ClientCalls.toStatusRuntimeException(ClientCalls.java:233)
	at org.apache.ratis.thirdparty.io.grpc.stub.ClientCalls.getUnchecked(ClientCalls.java:214)
	at org.apache.ratis.thirdparty.io.grpc.stub.ClientCalls.blockingUnaryCall(ClientCalls.java:139)
	at org.apache.ratis.proto.grpc.RaftServerProtocolServiceGrpc$RaftServerProtocolServiceBlockingStub.requestVote(RaftServerProtocolServiceGrpc.java:265)
	at org.apache.ratis.grpc.server.GrpcServerProtocolClient.requestVote(GrpcServerProtocolClient.java:90)
	at org.apache.ratis.grpc.server.GrpcService.requestVote(GrpcService.java:204)
	at org.apache.ratis.server.impl.LeaderElection.lambda$submitRequests$1(LeaderElection.java:238)
	at java.util.concurrent.FutureTask.run(FutureTask.java:266)
	at java.util.concurrent.Executors$RunnableAdapter.call(Executors.java:511)
	at java.util.concurrent.FutureTask.run(FutureTask.java:266)
	at java.util.concurrent.ThreadPoolExecutor.runWorker(ThreadPoolExecutor.java:1149)
	at java.util.concurrent.ThreadPoolExecutor$Worker.run(ThreadPoolExecutor.java:624)
	... 1 more
2019-10-09 12:07:53,757 [main] INFO  utils.BackgroundService (BackgroundService.java:shutdown(148)) - Shutting down service BlockDeletingService
2019-10-09 12:07:53,761 [main] INFO  statemachine.DatanodeStateMachine (DatanodeStateMachine.java:stopDaemon(401)) - Ozone container server stopped.
2019-10-09 12:07:53,761 [main] INFO  handler.ContextHandler (ContextHandler.java:doStop(910)) - Stopped o.e.j.w.WebAppContext@71c17a57{/,null,UNAVAILABLE}{/hddsDatanode}
2019-10-09 12:07:53,762 [main] INFO  server.AbstractConnector (AbstractConnector.java:doStop(318)) - Stopped ServerConnector@640ab13c{HTTP/1.1,[http/1.1]}{0.0.0.0:0}
2019-10-09 12:07:53,762 [ForkJoinPool.commonPool-worker-0] INFO  utils.BackgroundService (BackgroundService.java:shutdown(148)) - Shutting down service BlockDeletingService
2019-10-09 12:07:53,762 [main] INFO  handler.ContextHandler (ContextHandler.java:doStop(910)) - Stopped o.e.j.s.ServletContextHandler@f88bfbe{/static,jar:file:/home/user/.m2/repository/org/apache/hadoop/hadoop-hdds-container-service/0.5.0-SNAPSHOT/hadoop-hdds-container-service-0.5.0-SNAPSHOT.jar!/webapps/static,UNAVAILABLE}
2019-10-09 12:07:53,764 [main] INFO  handler.ContextHandler (ContextHandler.java:doStop(910)) - Stopped o.e.j.s.ServletContextHandler@3af7d855{/logs,file:///workdir/hadoop-ozone/integration-test/target/log,UNAVAILABLE}
2019-10-09 12:07:53,765 [ForkJoinPool.commonPool-worker-0] INFO  statemachine.DatanodeStateMachine (DatanodeStateMachine.java:stopDaemon(401)) - Ozone container server stopped.
2019-10-09 12:07:53,768 [ForkJoinPool.commonPool-worker-0] INFO  handler.ContextHandler (ContextHandler.java:doStop(910)) - Stopped o.e.j.w.WebAppContext@2975a9e{/,null,UNAVAILABLE}{/hddsDatanode}
2019-10-09 12:07:53,769 [ForkJoinPool.commonPool-worker-0] INFO  server.AbstractConnector (AbstractConnector.java:doStop(318)) - Stopped ServerConnector@765ffb14{HTTP/1.1,[http/1.1]}{0.0.0.0:0}
2019-10-09 12:07:53,770 [ForkJoinPool.commonPool-worker-0] INFO  handler.ContextHandler (ContextHandler.java:doStop(910)) - Stopped o.e.j.s.ServletContextHandler@1f53481b{/static,jar:file:/home/user/.m2/repository/org/apache/hadoop/hadoop-hdds-container-service/0.5.0-SNAPSHOT/hadoop-hdds-container-service-0.5.0-SNAPSHOT.jar!/webapps/static,UNAVAILABLE}
2019-10-09 12:07:53,771 [ForkJoinPool.commonPool-worker-0] INFO  handler.ContextHandler (ContextHandler.java:doStop(910)) - Stopped o.e.j.s.ServletContextHandler@714f3da4{/logs,file:///workdir/hadoop-ozone/integration-test/target/log,UNAVAILABLE}
2019-10-09 12:07:53,860 [Thread-439] INFO  impl.FollowerState (FollowerState.java:run(106)) - 1fef2031-afe3-4902-b87e-6562c2644cf9:group-950CF70B0096 changes to CANDIDATE, lastRpcTime:5145, electionTimeout:5145ms
2019-10-09 12:07:53,860 [Thread-439] INFO  impl.RoleInfo (RoleInfo.java:shutdownFollowerState(121)) - 1fef2031-afe3-4902-b87e-6562c2644cf9: shutdown FollowerState
2019-10-09 12:07:53,860 [Thread-439] INFO  impl.RaftServerImpl (RaftServerImpl.java:setRole(174)) - 1fef2031-afe3-4902-b87e-6562c2644cf9@group-950CF70B0096: changes role from  FOLLOWER to CANDIDATE at term 0 for changeToCandidate
2019-10-09 12:07:53,861 [Thread-439] INFO  impl.RoleInfo (RoleInfo.java:updateAndGet(143)) - 1fef2031-afe3-4902-b87e-6562c2644cf9: start LeaderElection
2019-10-09 12:07:53,880 [1fef2031-afe3-4902-b87e-6562c2644cf9@group-950CF70B0096:LeaderElection13] INFO  impl.LeaderElection (LeaderElection.java:askForVotes(182)) - 1fef2031-afe3-4902-b87e-6562c2644cf9@group-950CF70B0096:LeaderElection13: begin an election at term 1 for -1: [1fef2031-afe3-4902-b87e-6562c2644cf9:192.168.30.33:40713], old=null
2019-10-09 12:07:53,881 [1fef2031-afe3-4902-b87e-6562c2644cf9@group-950CF70B0096:LeaderElection13] INFO  impl.RoleInfo (RoleInfo.java:shutdownLeaderElection(134)) - 1fef2031-afe3-4902-b87e-6562c2644cf9: shutdown LeaderElection
2019-10-09 12:07:53,881 [1fef2031-afe3-4902-b87e-6562c2644cf9@group-950CF70B0096:LeaderElection13] INFO  impl.RaftServerImpl (RaftServerImpl.java:setRole(174)) - 1fef2031-afe3-4902-b87e-6562c2644cf9@group-950CF70B0096: changes role from CANDIDATE to LEADER at term 1 for changeToLeader
2019-10-09 12:07:53,881 [1fef2031-afe3-4902-b87e-6562c2644cf9@group-950CF70B0096:LeaderElection13] INFO  impl.RaftServerImpl (ServerState.java:setLeader(253)) - 1fef2031-afe3-4902-b87e-6562c2644cf9@group-950CF70B0096: change Leader from null to 1fef2031-afe3-4902-b87e-6562c2644cf9 at term 1 for becomeLeader, leader elected after 5179ms
2019-10-09 12:07:53,881 [1fef2031-afe3-4902-b87e-6562c2644cf9@group-950CF70B0096:LeaderElection13] INFO  server.RaftServerConfigKeys (ConfUtils.java:logGet(43)) - raft.server.staging.catchup.gap = 1000 (default)
2019-10-09 12:07:53,881 [1fef2031-afe3-4902-b87e-6562c2644cf9@group-950CF70B0096:LeaderElection13] INFO  server.RaftServerConfigKeys (ConfUtils.java:logGet(43)) - raft.server.rpc.sleep.time = 25ms (default)
2019-10-09 12:07:53,882 [1fef2031-afe3-4902-b87e-6562c2644cf9@group-950CF70B0096:LeaderElection13] INFO  server.RaftServerConfigKeys (ConfUtils.java:logGet(43)) - raft.server.write.element-limit = 4096 (default)
2019-10-09 12:07:53,882 [1fef2031-afe3-4902-b87e-6562c2644cf9@group-950CF70B0096:LeaderElection13] INFO  server.RaftServerConfigKeys (ConfUtils.java:logGet(43)) - raft.server.watch.timeout = 10s (default)
2019-10-09 12:07:53,882 [1fef2031-afe3-4902-b87e-6562c2644cf9@group-950CF70B0096:LeaderElection13] INFO  server.RaftServerConfigKeys (ConfUtils.java:logGet(43)) - raft.server.watch.timeout.denomination = 1s (default)
2019-10-09 12:07:53,882 [1fef2031-afe3-4902-b87e-6562c2644cf9@group-950CF70B0096:LeaderElection13] INFO  server.RaftServerConfigKeys (ConfUtils.java:logGet(43)) - raft.server.watch.element-limit = 65536 (default)
2019-10-09 12:07:53,886 [1fef2031-afe3-4902-b87e-6562c2644cf9@group-950CF70B0096:LeaderElection13] INFO  impl.RoleInfo (RoleInfo.java:updateAndGet(143)) - 1fef2031-afe3-4902-b87e-6562c2644cf9: start LeaderState
2019-10-09 12:07:53,886 [1fef2031-afe3-4902-b87e-6562c2644cf9@group-950CF70B0096:LeaderElection13] INFO  segmented.SegmentedRaftLogWorker (SegmentedRaftLogWorker.java:startLogSegment(380)) - 1fef2031-afe3-4902-b87e-6562c2644cf9@group-950CF70B0096-SegmentedRaftLogWorker: Starting segment from index:0
2019-10-09 12:07:53,887 [1fef2031-afe3-4902-b87e-6562c2644cf9@group-950CF70B0096:LeaderElection13] INFO  impl.RaftServerImpl (ServerState.java:setRaftConf(354)) - 1fef2031-afe3-4902-b87e-6562c2644cf9@group-950CF70B0096: set configuration 0: [1fef2031-afe3-4902-b87e-6562c2644cf9:192.168.30.33:40713], old=null at 0
2019-10-09 12:07:53,917 [1fef2031-afe3-4902-b87e-6562c2644cf9@group-950CF70B0096-SegmentedRaftLogWorker] INFO  segmented.SegmentedRaftLogWorker (SegmentedRaftLogWorker.java:execute(569)) - 1fef2031-afe3-4902-b87e-6562c2644cf9@group-950CF70B0096-SegmentedRaftLogWorker: created new log segment /workdir/hadoop-ozone/integration-test/target/test-dir/MiniOzoneClusterImpl-c56e8db2-5399-438d-837f-afe2c11b44aa/datanode-2/data/ratis/a5be805a-7163-4816-85ef-950cf70b0096/current/log_inprogress_0
2019-10-09 12:07:54,758 [Datanode State Machine Thread - 0] INFO  statemachine.DatanodeStateMachine (DatanodeStateMachine.java:lambda$startDaemon$0(356)) - Ozone container server started.
2019-10-09 12:07:58,769 [main] INFO  ozoneimpl.OzoneContainer (OzoneContainer.java:stop(231)) - Attempting to stop container services.
2019-10-09 12:07:58,770 [main] INFO  impl.RaftServerProxy (RaftServerProxy.java:lambda$close$4(314)) - 1fef2031-afe3-4902-b87e-6562c2644cf9: close
2019-10-09 12:07:58,771 [main] INFO  impl.RaftServerImpl (RaftServerImpl.java:lambda$shutdown$3(251)) - 1fef2031-afe3-4902-b87e-6562c2644cf9@group-91EF26A856CC: shutdown
2019-10-09 12:07:58,771 [ForkJoinPool.commonPool-worker-1] INFO  impl.RaftServerImpl (RaftServerImpl.java:lambda$shutdown$3(251)) - 1fef2031-afe3-4902-b87e-6562c2644cf9@group-950CF70B0096: shutdown
2019-10-09 12:07:58,771 [main] INFO  util.JmxRegister (JmxRegister.java:unregister(73)) - Successfully un-registered JMX Bean with object name Ratis:service=RaftServer,group=group-91EF26A856CC,id=1fef2031-afe3-4902-b87e-6562c2644cf9
2019-10-09 12:07:58,772 [ForkJoinPool.commonPool-worker-1] INFO  util.JmxRegister (JmxRegister.java:unregister(73)) - Successfully un-registered JMX Bean with object name Ratis:service=RaftServer,group=group-950CF70B0096,id=1fef2031-afe3-4902-b87e-6562c2644cf9
2019-10-09 12:07:58,772 [main] INFO  impl.RoleInfo (RoleInfo.java:shutdownFollowerState(121)) - 1fef2031-afe3-4902-b87e-6562c2644cf9: shutdown FollowerState
2019-10-09 12:07:58,772 [ForkJoinPool.commonPool-worker-1] INFO  impl.RoleInfo (RoleInfo.java:shutdownLeaderState(104)) - 1fef2031-afe3-4902-b87e-6562c2644cf9: shutdown LeaderState
2019-10-09 12:07:58,773 [Thread-448] INFO  impl.FollowerState (FollowerState.java:run(115)) - 1fef2031-afe3-4902-b87e-6562c2644cf9: FollowerState was interrupted: java.lang.InterruptedException: sleep interrupted
2019-10-09 12:07:58,773 [main] INFO  impl.StateMachineUpdater (StateMachineUpdater.java:stopAndJoin(125)) - 1fef2031-afe3-4902-b87e-6562c2644cf9@group-91EF26A856CC-StateMachineUpdater: set stopIndex = -1
2019-10-09 12:07:58,775 [main] INFO  impl.RaftServerImpl (ServerState.java:close(385)) - 1fef2031-afe3-4902-b87e-6562c2644cf9@group-91EF26A856CC: closes. applyIndex: -1
2019-10-09 12:07:58,773 [ForkJoinPool.commonPool-worker-1] INFO  impl.PendingRequests (PendingRequests.java:sendNotLeaderResponses(202)) - 1fef2031-afe3-4902-b87e-6562c2644cf9-PendingRequests: sendNotLeaderResponses
2019-10-09 12:07:58,776 [1fef2031-afe3-4902-b87e-6562c2644cf9@group-91EF26A856CC-SegmentedRaftLogWorker] INFO  segmented.SegmentedRaftLogWorker (SegmentedRaftLogWorker.java:run(313)) - 1fef2031-afe3-4902-b87e-6562c2644cf9@group-91EF26A856CC-SegmentedRaftLogWorker was interrupted, exiting. There are 0 tasks remaining in the queue.
2019-10-09 12:07:58,776 [ForkJoinPool.commonPool-worker-1] INFO  impl.StateMachineUpdater (StateMachineUpdater.java:stopAndJoin(125)) - 1fef2031-afe3-4902-b87e-6562c2644cf9@group-950CF70B0096-StateMachineUpdater: set stopIndex = 0
2019-10-09 12:07:58,776 [main] INFO  segmented.SegmentedRaftLogWorker (SegmentedRaftLogWorker.java:close(228)) - 1fef2031-afe3-4902-b87e-6562c2644cf9@group-91EF26A856CC-SegmentedRaftLogWorker close()
2019-10-09 12:07:58,776 [ForkJoinPool.commonPool-worker-1] INFO  impl.RaftServerImpl (ServerState.java:close(385)) - 1fef2031-afe3-4902-b87e-6562c2644cf9@group-950CF70B0096: closes. applyIndex: 0
2019-10-09 12:07:58,778 [1fef2031-afe3-4902-b87e-6562c2644cf9@group-950CF70B0096-SegmentedRaftLogWorker] INFO  segmented.SegmentedRaftLogWorker (SegmentedRaftLogWorker.java:run(313)) - 1fef2031-afe3-4902-b87e-6562c2644cf9@group-950CF70B0096-SegmentedRaftLogWorker was interrupted, exiting. There are 0 tasks remaining in the queue.
2019-10-09 12:07:58,779 [ForkJoinPool.commonPool-worker-1] INFO  segmented.SegmentedRaftLogWorker (SegmentedRaftLogWorker.java:close(228)) - 1fef2031-afe3-4902-b87e-6562c2644cf9@group-950CF70B0096-SegmentedRaftLogWorker close()
2019-10-09 12:07:58,781 [main] INFO  server.GrpcService (GrpcService.java:closeImpl(164)) - 1fef2031-afe3-4902-b87e-6562c2644cf9: shutdown server with port 40713 now
2019-10-09 12:07:58,782 [main] INFO  server.GrpcService (GrpcService.java:closeImpl(172)) - 1fef2031-afe3-4902-b87e-6562c2644cf9: shutdown server with port 40713 successfully
2019-10-09 12:07:58,785 [refreshUsed-/workdir/hadoop-ozone/integration-test/target/test-dir/MiniOzoneClusterImpl-c56e8db2-5399-438d-837f-afe2c11b44aa/datanode-2/data/containers] WARN  fs.CachingGetSpaceUsed (CachingGetSpaceUsed.java:run(183)) - Thread Interrupted waiting to refresh disk information: sleep interrupted
2019-10-09 12:07:58,803 [main] INFO  utils.BackgroundService (BackgroundService.java:shutdown(148)) - Shutting down service BlockDeletingService
2019-10-09 12:07:58,806 [main] INFO  statemachine.DatanodeStateMachine (DatanodeStateMachine.java:stopDaemon(401)) - Ozone container server stopped.
2019-10-09 12:07:58,807 [main] INFO  handler.ContextHandler (ContextHandler.java:doStop(910)) - Stopped o.e.j.w.WebAppContext@43f9dd56{/,null,UNAVAILABLE}{/hddsDatanode}
2019-10-09 12:07:58,808 [main] INFO  server.AbstractConnector (AbstractConnector.java:doStop(318)) - Stopped ServerConnector@1d12e953{HTTP/1.1,[http/1.1]}{0.0.0.0:0}
2019-10-09 12:07:58,809 [main] INFO  handler.ContextHandler (ContextHandler.java:doStop(910)) - Stopped o.e.j.s.ServletContextHandler@5ed4bc{/static,jar:file:/home/user/.m2/repository/org/apache/hadoop/hadoop-hdds-container-service/0.5.0-SNAPSHOT/hadoop-hdds-container-service-0.5.0-SNAPSHOT.jar!/webapps/static,UNAVAILABLE}
2019-10-09 12:07:58,809 [main] INFO  handler.ContextHandler (ContextHandler.java:doStop(910)) - Stopped o.e.j.s.ServletContextHandler@68ac9ec5{/logs,file:///workdir/hadoop-ozone/integration-test/target/log,UNAVAILABLE}
2019-10-09 12:07:58,811 [main] INFO  ozone.MiniOzoneClusterImpl (MiniOzoneClusterImpl.java:stopSCM(397)) - Stopping the StorageContainerManager
2019-10-09 12:07:58,811 [main] INFO  server.StorageContainerManager (StorageContainerManager.java:stop(807)) - Stopping Replication Manager Service.
2019-10-09 12:07:58,811 [main] INFO  container.ReplicationManager (ReplicationManager.java:stop(204)) - Stopping Replication Monitor Thread.
2019-10-09 12:07:58,811 [main] INFO  server.StorageContainerManager (StorageContainerManager.java:stop(814)) - Stopping Lease Manager of the command watchers
2019-10-09 12:07:58,812 [main] INFO  server.StorageContainerManager (StorageContainerManager.java:stop(821)) - Stopping datanode service RPC server
2019-10-09 12:07:58,812 [main] INFO  server.SCMDatanodeProtocolServer (SCMDatanodeProtocolServer.java:stop(387)) - Stopping the RPC server for DataNodes
2019-10-09 12:07:58,812 [main] INFO  ipc.Server (Server.java:stop(3082)) - Stopping server on 33890
2019-10-09 12:07:58,815 [IPC Server listener on 33890] INFO  ipc.Server (Server.java:run(1185)) - Stopping IPC Server listener on 33890
2019-10-09 12:07:58,816 [IPC Server Responder] INFO  ipc.Server (Server.java:run(1319)) - Stopping IPC Server Responder
2019-10-09 12:07:58,828 [SCM Heartbeat Processing Thread - 0] WARN  node.NodeStateManager (NodeStateManager.java:scheduleNextHealthCheck(655)) - Current Thread is interrupted, shutting down HB processing thread for Node Manager.
2019-10-09 12:07:58,829 [main] INFO  server.StorageContainerManager (StorageContainerManager.java:stop(829)) - Stopping block service RPC server
2019-10-09 12:07:58,829 [main] INFO  server.SCMBlockProtocolServer (SCMBlockProtocolServer.java:stop(155)) - Stopping the RPC server for Block Protocol
2019-10-09 12:07:58,829 [main] INFO  ipc.Server (Server.java:stop(3082)) - Stopping server on 36005
2019-10-09 12:07:58,831 [main] INFO  server.StorageContainerManager (StorageContainerManager.java:stop(836)) - Stopping the StorageContainerLocationProtocol RPC server
2019-10-09 12:07:58,832 [IPC Server listener on 36005] INFO  ipc.Server (Server.java:run(1185)) - Stopping IPC Server listener on 36005
2019-10-09 12:07:58,832 [main] INFO  server.SCMClientProtocolServer (SCMClientProtocolServer.java:stop(159)) - Stopping the RPC server for Client Protocol
2019-10-09 12:07:58,833 [main] INFO  ipc.Server (Server.java:stop(3082)) - Stopping server on 33061
2019-10-09 12:07:58,832 [IPC Server Responder] INFO  ipc.Server (Server.java:run(1319)) - Stopping IPC Server Responder
2019-10-09 12:07:58,836 [IPC Server listener on 33061] INFO  ipc.Server (Server.java:run(1185)) - Stopping IPC Server listener on 33061
2019-10-09 12:07:58,836 [main] INFO  server.StorageContainerManager (StorageContainerManager.java:stop(843)) - Stopping Storage Container Manager HTTP server.
2019-10-09 12:07:58,838 [IPC Server Responder] INFO  ipc.Server (Server.java:run(1319)) - Stopping IPC Server Responder
2019-10-09 12:07:58,838 [main] INFO  handler.ContextHandler (ContextHandler.java:doStop(910)) - Stopped o.e.j.w.WebAppContext@1f346ad2{/,null,UNAVAILABLE}{/scm}
2019-10-09 12:07:58,839 [main] INFO  server.AbstractConnector (AbstractConnector.java:doStop(318)) - Stopped ServerConnector@46a145ba{HTTP/1.1,[http/1.1]}{0.0.0.0:0}
2019-10-09 12:07:58,839 [main] INFO  handler.ContextHandler (ContextHandler.java:doStop(910)) - Stopped o.e.j.s.ServletContextHandler@41294371{/static,file:///workdir/hadoop-ozone/integration-test/target/test-classes/webapps/static,UNAVAILABLE}
2019-10-09 12:07:58,840 [main] INFO  handler.ContextHandler (ContextHandler.java:doStop(910)) - Stopped o.e.j.s.ServletContextHandler@5f481b73{/logs,file:///workdir/hadoop-ozone/integration-test/target/log,UNAVAILABLE}
2019-10-09 12:07:58,841 [main] INFO  server.StorageContainerManager (StorageContainerManager.java:stop(854)) - Stopping Block Manager Service.
2019-10-09 12:07:58,841 [main] INFO  utils.BackgroundService (BackgroundService.java:shutdown(148)) - Shutting down service SCMBlockDeletingService
2019-10-09 12:07:58,842 [main] INFO  utils.BackgroundService (BackgroundService.java:shutdown(148)) - Shutting down service SCMBlockDeletingService
2019-10-09 12:07:58,842 [main] INFO  server.StorageContainerManager (StorageContainerManager.java:stop(876)) - Stopping SCM Event Queue.
2019-10-09 12:07:58,846 [main] INFO  impl.MetricsSystemImpl (MetricsSystemImpl.java:stop(210)) - Stopping HddsDatanode metrics system...
2019-10-09 12:07:58,855 [main] INFO  impl.MetricsSystemImpl (MetricsSystemImpl.java:stop(216)) - HddsDatanode metrics system stopped.
]]></system-out>
  </testcase>
  <testcase name="testPipelineCloseWithClosedContainer" classname="org.apache.hadoop.hdds.scm.pipeline.TestPipelineClose" time="18.355">
    <error message="Could not allocate container. Cannot get any matching pipeline for Type:RATIS, Factor:THREE, State:PipelineState.OPEN" type="java.io.IOException">java.io.IOException: Could not allocate container. Cannot get any matching pipeline for Type:RATIS, Factor:THREE, State:PipelineState.OPEN
	at org.apache.hadoop.hdds.scm.container.ContainerStateManager.allocateContainer(ContainerStateManager.java:260)
	at org.apache.hadoop.hdds.scm.container.SCMContainerManager.allocateContainer(SCMContainerManager.java:247)
	at org.apache.hadoop.hdds.scm.pipeline.TestPipelineClose.init(TestPipelineClose.java:92)
	at sun.reflect.NativeMethodAccessorImpl.invoke0(Native Method)
	at sun.reflect.NativeMethodAccessorImpl.invoke(NativeMethodAccessorImpl.java:62)
	at sun.reflect.DelegatingMethodAccessorImpl.invoke(DelegatingMethodAccessorImpl.java:43)
	at java.lang.reflect.Method.invoke(Method.java:498)
	at org.junit.runners.model.FrameworkMethod$1.runReflectiveCall(FrameworkMethod.java:47)
	at org.junit.internal.runners.model.ReflectiveCallable.run(ReflectiveCallable.java:12)
	at org.junit.runners.model.FrameworkMethod.invokeExplosively(FrameworkMethod.java:44)
	at org.junit.internal.runners.statements.RunBefores.evaluate(RunBefores.java:24)
	at org.junit.internal.runners.statements.RunAfters.evaluate(RunAfters.java:27)
	at org.junit.runners.ParentRunner.runLeaf(ParentRunner.java:271)
	at org.junit.runners.BlockJUnit4ClassRunner.runChild(BlockJUnit4ClassRunner.java:70)
	at org.junit.runners.BlockJUnit4ClassRunner.runChild(BlockJUnit4ClassRunner.java:50)
	at org.junit.runners.ParentRunner$3.run(ParentRunner.java:238)
	at org.junit.runners.ParentRunner$1.schedule(ParentRunner.java:63)
	at org.junit.runners.ParentRunner.runChildren(ParentRunner.java:236)
	at org.junit.runners.ParentRunner.access$000(ParentRunner.java:53)
	at org.junit.runners.ParentRunner$2.evaluate(ParentRunner.java:229)
	at org.junit.runners.ParentRunner.run(ParentRunner.java:309)
	at org.apache.maven.surefire.junit4.JUnit4Provider.execute(JUnit4Provider.java:365)
	at org.apache.maven.surefire.junit4.JUnit4Provider.executeWithRerun(JUnit4Provider.java:273)
	at org.apache.maven.surefire.junit4.JUnit4Provider.executeTestSet(JUnit4Provider.java:238)
	at org.apache.maven.surefire.junit4.JUnit4Provider.invoke(JUnit4Provider.java:159)
	at org.apache.maven.surefire.booter.ForkedBooter.invokeProviderInSameClassLoader(ForkedBooter.java:384)
	at org.apache.maven.surefire.booter.ForkedBooter.runSuitesInProcess(ForkedBooter.java:345)
	at org.apache.maven.surefire.booter.ForkedBooter.execute(ForkedBooter.java:126)
	at org.apache.maven.surefire.booter.ForkedBooter.main(ForkedBooter.java:418)
</error>
    <system-out><![CDATA[2019-10-09 12:07:58,892 [main] WARN  server.ServerUtils (ServerUtils.java:getScmDbDir(145)) - ozone.scm.db.dirs is not configured. We recommend adding this setting. Falling back to ozone.metadata.dirs instead.
2019-10-09 12:07:58,907 [main] WARN  server.ServerUtils (ServerUtils.java:getScmDbDir(145)) - ozone.scm.db.dirs is not configured. We recommend adding this setting. Falling back to ozone.metadata.dirs instead.
2019-10-09 12:07:58,907 [main] WARN  server.ServerUtils (ServerUtils.java:getScmDbDir(145)) - ozone.scm.db.dirs is not configured. We recommend adding this setting. Falling back to ozone.metadata.dirs instead.
2019-10-09 12:07:58,908 [main] INFO  db.DBStoreBuilder (DBStoreBuilder.java:addTable(110)) - using custom profile for table: deletedBlocks
2019-10-09 12:07:58,908 [main] INFO  db.DBStoreBuilder (DBStoreBuilder.java:processTables(161)) - Using default column profile:DBProfile.DISK for Table:deletedBlocks
2019-10-09 12:07:58,908 [main] INFO  db.DBStoreBuilder (DBStoreBuilder.java:addTable(110)) - using custom profile for table: validCerts
2019-10-09 12:07:58,908 [main] INFO  db.DBStoreBuilder (DBStoreBuilder.java:processTables(161)) - Using default column profile:DBProfile.DISK for Table:validCerts
2019-10-09 12:07:58,909 [main] INFO  db.DBStoreBuilder (DBStoreBuilder.java:addTable(110)) - using custom profile for table: revokedCerts
2019-10-09 12:07:58,909 [main] INFO  db.DBStoreBuilder (DBStoreBuilder.java:processTables(161)) - Using default column profile:DBProfile.DISK for Table:revokedCerts
2019-10-09 12:07:58,909 [main] INFO  db.DBStoreBuilder (DBStoreBuilder.java:addTable(110)) - using custom profile for table: default
2019-10-09 12:07:58,909 [main] INFO  db.DBStoreBuilder (DBStoreBuilder.java:processTables(167)) - Using default column profile:DBProfile.DISK for Table:default
2019-10-09 12:07:58,909 [main] INFO  db.DBStoreBuilder (DBStoreBuilder.java:getDbProfile(198)) - Using default options. DBProfile.DISK
2019-10-09 12:07:59,050 [main] INFO  net.NodeSchemaLoader (NodeSchemaLoader.java:loadSchemaFromFile(125)) - Loading file from sun.misc.CompoundEnumeration@30c1da48
2019-10-09 12:07:59,050 [main] INFO  net.NodeSchemaLoader (NodeSchemaLoader.java:loadSchema(171)) - Loading network topology layer schema file
2019-10-09 12:07:59,054 [main] WARN  server.ServerUtils (ServerUtils.java:sanitizeUserArgs(70)) - ozone.scm.stale.node.interval value = 300000 is larger than max = 100000 based on the key value of ozone.scm.heartbeat.thread.interval, reset to the max value 100000.
2019-10-09 12:07:59,054 [main] WARN  server.ServerUtils (ServerUtils.java:sanitizeUserArgs(70)) - ozone.scm.stale.node.interval value = 300000 is larger than max = 100000 based on the key value of ozone.scm.heartbeat.thread.interval, reset to the max value 100000.
2019-10-09 12:07:59,055 [main] INFO  node.SCMNodeManager (SCMNodeManager.java:<init>(114)) - Entering startup safe mode.
2019-10-09 12:07:59,055 [main] INFO  algorithms.ContainerPlacementPolicyFactory (ContainerPlacementPolicyFactory.java:getPolicy(59)) - Create container placement policy of type org.apache.hadoop.hdds.scm.container.placement.algorithms.SCMContainerPlacementRandom
2019-10-09 12:07:59,055 [main] WARN  server.ServerUtils (ServerUtils.java:getScmDbDir(145)) - ozone.scm.db.dirs is not configured. We recommend adding this setting. Falling back to ozone.metadata.dirs instead.
2019-10-09 12:07:59,100 [main] INFO  pipeline.SCMPipelineManager (SCMPipelineManager.java:initializePipelineState(144)) - No pipeline exists in current db
2019-10-09 12:07:59,101 [main] WARN  server.ServerUtils (ServerUtils.java:getScmDbDir(145)) - ozone.scm.db.dirs is not configured. We recommend adding this setting. Falling back to ozone.metadata.dirs instead.
2019-10-09 12:07:59,153 [main] INFO  safemode.HealthyPipelineSafeModeRule (HealthyPipelineSafeModeRule.java:<init>(89)) -  Total pipeline count is 0, healthy pipeline threshold count is 1
2019-10-09 12:07:59,154 [main] INFO  safemode.OneReplicaPipelineSafeModeRule (OneReplicaPipelineSafeModeRule.java:<init>(88)) - Total pipeline count is 0, pipeline's with at least one datanode reported threshold count is 0
2019-10-09 12:07:59,154 [main] WARN  events.EventQueue (EventQueue.java:fireEvent(183)) - No event handler registered for event TypedEvent{payloadType=SafeModeStatus, name='SafeModeStatus'}
2019-10-09 12:07:59,155 [main] INFO  ipc.CallQueueManager (CallQueueManager.java:<init>(84)) - Using callQueue: class java.util.concurrent.LinkedBlockingQueue, queueCapacity: 2000, scheduler: class org.apache.hadoop.ipc.DefaultRpcScheduler, ipcBackoff: false.
2019-10-09 12:07:59,157 [Socket Reader #1 for port 38090] INFO  ipc.Server (Server.java:run(1074)) - Starting Socket Reader #1 for port 38090
2019-10-09 12:07:59,159 [main] INFO  ipc.CallQueueManager (CallQueueManager.java:<init>(84)) - Using callQueue: class java.util.concurrent.LinkedBlockingQueue, queueCapacity: 2000, scheduler: class org.apache.hadoop.ipc.DefaultRpcScheduler, ipcBackoff: false.
2019-10-09 12:07:59,160 [Socket Reader #1 for port 44276] INFO  ipc.Server (Server.java:run(1074)) - Starting Socket Reader #1 for port 44276
2019-10-09 12:07:59,162 [main] INFO  ipc.CallQueueManager (CallQueueManager.java:<init>(84)) - Using callQueue: class java.util.concurrent.LinkedBlockingQueue, queueCapacity: 2000, scheduler: class org.apache.hadoop.ipc.DefaultRpcScheduler, ipcBackoff: false.
2019-10-09 12:07:59,163 [Socket Reader #1 for port 38907] INFO  ipc.Server (Server.java:run(1074)) - Starting Socket Reader #1 for port 38907
2019-10-09 12:07:59,166 [main] INFO  hdfs.DFSUtil (DFSUtil.java:httpServerTemplateForNNAndJN(1641)) - Starting Web-server for scm at: http://0.0.0.0:0
2019-10-09 12:07:59,169 [main] INFO  server.AuthenticationFilter (AuthenticationFilter.java:constructSecretProvider(240)) - Unable to initialize FileSignerSecretProvider, falling back to use random secrets.
2019-10-09 12:07:59,169 [main] WARN  http.HttpRequestLog (HttpRequestLog.java:getRequestLog(97)) - Jetty request log can only be enabled using Log4j
2019-10-09 12:07:59,172 [main] INFO  http.HttpServer2 (HttpServer2.java:addGlobalFilter(975)) - Added global filter 'safety' (class=org.apache.hadoop.http.HttpServer2$QuotingInputFilter)
2019-10-09 12:07:59,173 [main] INFO  http.HttpServer2 (HttpServer2.java:addFilter(948)) - Added filter static_user_filter (class=org.apache.hadoop.http.lib.StaticUserWebFilter$StaticUserFilter) to context scm
2019-10-09 12:07:59,173 [main] INFO  http.HttpServer2 (HttpServer2.java:addFilter(958)) - Added filter static_user_filter (class=org.apache.hadoop.http.lib.StaticUserWebFilter$StaticUserFilter) to context logs
2019-10-09 12:07:59,174 [main] INFO  http.HttpServer2 (HttpServer2.java:addFilter(958)) - Added filter static_user_filter (class=org.apache.hadoop.http.lib.StaticUserWebFilter$StaticUserFilter) to context static
2019-10-09 12:07:59,177 [main] INFO  server.StorageContainerManager (StorageContainerManager.java:start(769)) - StorageContainerLocationProtocol RPC server is listening at /0.0.0.0:38907
2019-10-09 12:07:59,179 [main] WARN  impl.MetricsConfig (MetricsConfig.java:loadFirst(134)) - Cannot locate configuration: tried hadoop-metrics2-storagecontainermanager.properties,hadoop-metrics2.properties
2019-10-09 12:07:59,181 [main] INFO  impl.MetricsSystemImpl (MetricsSystemImpl.java:startTimer(374)) - Scheduled Metric snapshot period at 10 second(s).
2019-10-09 12:07:59,181 [main] INFO  impl.MetricsSystemImpl (MetricsSystemImpl.java:start(191)) - StorageContainerManager metrics system started
2019-10-09 12:07:59,217 [main] WARN  impl.MetricsSystemImpl (MetricsSystemImpl.java:register(276)) - Sink prometheus already exists!
2019-10-09 12:07:59,232 [main] INFO  server.SCMClientProtocolServer (SCMClientProtocolServer.java:start(151)) - RPC server for Client  is listening at /0.0.0.0:38907
2019-10-09 12:07:59,233 [IPC Server listener on 38907] INFO  ipc.Server (Server.java:run(1153)) - IPC Server listener on 38907: starting
2019-10-09 12:07:59,235 [IPC Server Responder] INFO  ipc.Server (Server.java:run(1314)) - IPC Server Responder: starting
2019-10-09 12:07:59,237 [main] INFO  server.StorageContainerManager (StorageContainerManager.java:start(779)) - ScmBlockLocationProtocol RPC server is listening at /0.0.0.0:44276
2019-10-09 12:07:59,238 [main] INFO  server.SCMBlockProtocolServer (SCMBlockProtocolServer.java:start(146)) - RPC server for Block Protocol is listening at /0.0.0.0:44276
2019-10-09 12:07:59,238 [IPC Server Responder] INFO  ipc.Server (Server.java:run(1314)) - IPC Server Responder: starting
2019-10-09 12:07:59,238 [IPC Server listener on 44276] INFO  ipc.Server (Server.java:run(1153)) - IPC Server listener on 44276: starting
2019-10-09 12:07:59,242 [main] INFO  server.StorageContainerManager (StorageContainerManager.java:start(783)) - ScmDatanodeProtocl RPC server is listening at /0.0.0.0:38090
2019-10-09 12:07:59,242 [main] INFO  server.SCMDatanodeProtocolServer (SCMDatanodeProtocolServer.java:start(199)) - RPC server for DataNodes is listening at /0.0.0.0:38090
2019-10-09 12:07:59,243 [IPC Server Responder] INFO  ipc.Server (Server.java:run(1314)) - IPC Server Responder: starting
2019-10-09 12:07:59,243 [IPC Server listener on 38090] INFO  ipc.Server (Server.java:run(1153)) - IPC Server listener on 38090: starting
2019-10-09 12:07:59,252 [main] INFO  http.HttpServer2 (HttpServer2.java:bindListener(1191)) - Jetty bound to port 33346
2019-10-09 12:07:59,252 [main] INFO  server.Server (Server.java:doStart(351)) - jetty-9.3.25.v20180904, build timestamp: 2018-09-04T21:11:46Z, git hash: 3ce520221d0240229c862b122d2b06c12a625732
2019-10-09 12:07:59,254 [main] INFO  handler.ContextHandler (ContextHandler.java:doStart(781)) - Started o.e.j.s.ServletContextHandler@3d64c581{/logs,file:///workdir/hadoop-ozone/integration-test/target/log,AVAILABLE}
2019-10-09 12:07:59,254 [main] INFO  handler.ContextHandler (ContextHandler.java:doStart(781)) - Started o.e.j.s.ServletContextHandler@4190bc8a{/static,file:///workdir/hadoop-ozone/integration-test/target/test-classes/webapps/static,AVAILABLE}
2019-10-09 12:07:59,258 [main] INFO  handler.ContextHandler (ContextHandler.java:doStart(781)) - Started o.e.j.w.WebAppContext@65ddee5a{/,file:///workdir/hadoop-ozone/integration-test/target/test-classes/webapps/scm/,AVAILABLE}{/scm}
2019-10-09 12:07:59,259 [main] INFO  server.AbstractConnector (AbstractConnector.java:doStart(278)) - Started ServerConnector@56399b9e{HTTP/1.1,[http/1.1]}{0.0.0.0:33346}
2019-10-09 12:07:59,260 [main] INFO  server.Server (Server.java:doStart(419)) - Started @54917ms
2019-10-09 12:07:59,260 [main] WARN  impl.MetricsSystemImpl (MetricsSystemImpl.java:register(276)) - Sink prometheus already exists!
2019-10-09 12:07:59,261 [main] INFO  server.BaseHttpServer (BaseHttpServer.java:updateConnectorAddress(215)) - HTTP server of SCM is listening at http://0.0.0.0:33346
2019-10-09 12:07:59,261 [main] WARN  server.ServerUtils (ServerUtils.java:getDBPath(222)) - ozone.om.db.dirs is not configured. We recommend adding this setting. Falling back to ozone.metadata.dirs instead.
2019-10-09 12:07:59,262 [org.apache.hadoop.util.JvmPauseMonitor$Monitor@43fda8d9] INFO  util.JvmPauseMonitor (JvmPauseMonitor.java:run(188)) - Starting JVM pause monitor
2019-10-09 12:07:59,275 [main] WARN  server.ServerUtils (ServerUtils.java:getDBPath(222)) - ozone.om.db.dirs is not configured. We recommend adding this setting. Falling back to ozone.metadata.dirs instead.
2019-10-09 12:07:59,276 [main] WARN  server.ServerUtils (ServerUtils.java:getDBPath(222)) - ozone.om.db.dirs is not configured. We recommend adding this setting. Falling back to ozone.metadata.dirs instead.
2019-10-09 12:07:59,277 [main] INFO  om.OzoneManager (OzoneManager.java:setOMNodeDetails(652)) - OM Service ID is not set. Setting it to the default ID: omServiceIdDefault
2019-10-09 12:07:59,277 [main] INFO  om.OzoneManager (OzoneManager.java:setOMNodeDetails(658)) - OM Node ID is not set. Setting it to the OmStorage's OmID: 64be58a2-592a-43d6-842d-691852613974
2019-10-09 12:07:59,277 [main] INFO  om.OzoneManager (OzoneManager.java:loadOMHAConfigs(609)) - Found matching OM address with OMServiceId: null, OMNodeId: null, RPC Address: localhost:0 and Ratis port: 9872
2019-10-09 12:07:59,285 [main] WARN  server.ServerUtils (ServerUtils.java:getDBPath(222)) - ozone.om.db.dirs is not configured. We recommend adding this setting. Falling back to ozone.metadata.dirs instead.
2019-10-09 12:07:59,285 [main] INFO  db.DBStoreBuilder (DBStoreBuilder.java:addTable(110)) - using custom profile for table: userTable
2019-10-09 12:07:59,285 [main] INFO  db.DBStoreBuilder (DBStoreBuilder.java:processTables(161)) - Using default column profile:DBProfile.DISK for Table:userTable
2019-10-09 12:07:59,285 [main] INFO  db.DBStoreBuilder (DBStoreBuilder.java:addTable(110)) - using custom profile for table: volumeTable
2019-10-09 12:07:59,286 [main] INFO  db.DBStoreBuilder (DBStoreBuilder.java:processTables(161)) - Using default column profile:DBProfile.DISK for Table:volumeTable
2019-10-09 12:07:59,286 [main] INFO  db.DBStoreBuilder (DBStoreBuilder.java:addTable(110)) - using custom profile for table: bucketTable
2019-10-09 12:07:59,286 [main] INFO  db.DBStoreBuilder (DBStoreBuilder.java:processTables(161)) - Using default column profile:DBProfile.DISK for Table:bucketTable
2019-10-09 12:07:59,286 [main] INFO  db.DBStoreBuilder (DBStoreBuilder.java:addTable(110)) - using custom profile for table: keyTable
2019-10-09 12:07:59,286 [main] INFO  db.DBStoreBuilder (DBStoreBuilder.java:processTables(161)) - Using default column profile:DBProfile.DISK for Table:keyTable
2019-10-09 12:07:59,287 [main] INFO  db.DBStoreBuilder (DBStoreBuilder.java:addTable(110)) - using custom profile for table: deletedTable
2019-10-09 12:07:59,287 [main] INFO  db.DBStoreBuilder (DBStoreBuilder.java:processTables(161)) - Using default column profile:DBProfile.DISK for Table:deletedTable
2019-10-09 12:07:59,287 [main] INFO  db.DBStoreBuilder (DBStoreBuilder.java:addTable(110)) - using custom profile for table: openKeyTable
2019-10-09 12:07:59,287 [main] INFO  db.DBStoreBuilder (DBStoreBuilder.java:processTables(161)) - Using default column profile:DBProfile.DISK for Table:openKeyTable
2019-10-09 12:07:59,287 [main] INFO  db.DBStoreBuilder (DBStoreBuilder.java:addTable(110)) - using custom profile for table: s3Table
2019-10-09 12:07:59,287 [main] INFO  db.DBStoreBuilder (DBStoreBuilder.java:processTables(161)) - Using default column profile:DBProfile.DISK for Table:s3Table
2019-10-09 12:07:59,288 [main] INFO  db.DBStoreBuilder (DBStoreBuilder.java:addTable(110)) - using custom profile for table: multipartInfoTable
2019-10-09 12:07:59,288 [main] INFO  db.DBStoreBuilder (DBStoreBuilder.java:processTables(161)) - Using default column profile:DBProfile.DISK for Table:multipartInfoTable
2019-10-09 12:07:59,288 [main] INFO  db.DBStoreBuilder (DBStoreBuilder.java:addTable(110)) - using custom profile for table: dTokenTable
2019-10-09 12:07:59,288 [main] INFO  db.DBStoreBuilder (DBStoreBuilder.java:processTables(161)) - Using default column profile:DBProfile.DISK for Table:dTokenTable
2019-10-09 12:07:59,288 [main] INFO  db.DBStoreBuilder (DBStoreBuilder.java:addTable(110)) - using custom profile for table: s3SecretTable
2019-10-09 12:07:59,289 [main] INFO  db.DBStoreBuilder (DBStoreBuilder.java:processTables(161)) - Using default column profile:DBProfile.DISK for Table:s3SecretTable
2019-10-09 12:07:59,289 [main] INFO  db.DBStoreBuilder (DBStoreBuilder.java:addTable(110)) - using custom profile for table: prefixTable
2019-10-09 12:07:59,289 [main] INFO  db.DBStoreBuilder (DBStoreBuilder.java:processTables(161)) - Using default column profile:DBProfile.DISK for Table:prefixTable
2019-10-09 12:07:59,289 [main] INFO  db.DBStoreBuilder (DBStoreBuilder.java:addTable(110)) - using custom profile for table: default
2019-10-09 12:07:59,289 [main] INFO  db.DBStoreBuilder (DBStoreBuilder.java:processTables(167)) - Using default column profile:DBProfile.DISK for Table:default
2019-10-09 12:07:59,289 [main] INFO  db.DBStoreBuilder (DBStoreBuilder.java:getDbProfile(198)) - Using default options. DBProfile.DISK
2019-10-09 12:07:59,745 [main] INFO  ipc.CallQueueManager (CallQueueManager.java:<init>(84)) - Using callQueue: class java.util.concurrent.LinkedBlockingQueue, queueCapacity: 2000, scheduler: class org.apache.hadoop.ipc.DefaultRpcScheduler, ipcBackoff: false.
2019-10-09 12:07:59,746 [Socket Reader #1 for port 46423] INFO  ipc.Server (Server.java:run(1074)) - Starting Socket Reader #1 for port 46423
2019-10-09 12:07:59,762 [main] INFO  om.OzoneManager (OzoneManager.java:start(1243)) - OzoneManager RPC server is listening at localhost/127.0.0.1:46423
2019-10-09 12:07:59,762 [main] INFO  impl.MetricsSystemImpl (MetricsSystemImpl.java:init(158)) - OzoneManager metrics system started (again)
2019-10-09 12:07:59,763 [IPC Server Responder] INFO  ipc.Server (Server.java:run(1314)) - IPC Server Responder: starting
2019-10-09 12:07:59,764 [IPC Server listener on 46423] INFO  ipc.Server (Server.java:run(1153)) - IPC Server listener on 46423: starting
2019-10-09 12:07:59,769 [main] INFO  hdfs.DFSUtil (DFSUtil.java:httpServerTemplateForNNAndJN(1641)) - Starting Web-server for ozoneManager at: http://0.0.0.0:0
2019-10-09 12:07:59,770 [main] INFO  server.AuthenticationFilter (AuthenticationFilter.java:constructSecretProvider(240)) - Unable to initialize FileSignerSecretProvider, falling back to use random secrets.
2019-10-09 12:07:59,771 [main] WARN  http.HttpRequestLog (HttpRequestLog.java:getRequestLog(97)) - Jetty request log can only be enabled using Log4j
2019-10-09 12:07:59,773 [main] INFO  http.HttpServer2 (HttpServer2.java:addGlobalFilter(975)) - Added global filter 'safety' (class=org.apache.hadoop.http.HttpServer2$QuotingInputFilter)
2019-10-09 12:07:59,773 [main] INFO  http.HttpServer2 (HttpServer2.java:addFilter(948)) - Added filter static_user_filter (class=org.apache.hadoop.http.lib.StaticUserWebFilter$StaticUserFilter) to context ozoneManager
2019-10-09 12:07:59,774 [main] INFO  http.HttpServer2 (HttpServer2.java:addFilter(958)) - Added filter static_user_filter (class=org.apache.hadoop.http.lib.StaticUserWebFilter$StaticUserFilter) to context static
2019-10-09 12:07:59,774 [main] INFO  http.HttpServer2 (HttpServer2.java:addFilter(958)) - Added filter static_user_filter (class=org.apache.hadoop.http.lib.StaticUserWebFilter$StaticUserFilter) to context logs
2019-10-09 12:07:59,775 [main] INFO  http.HttpServer2 (HttpServer2.java:bindListener(1191)) - Jetty bound to port 43600
2019-10-09 12:07:59,775 [main] INFO  server.Server (Server.java:doStart(351)) - jetty-9.3.25.v20180904, build timestamp: 2018-09-04T21:11:46Z, git hash: 3ce520221d0240229c862b122d2b06c12a625732
2019-10-09 12:07:59,776 [main] INFO  handler.ContextHandler (ContextHandler.java:doStart(781)) - Started o.e.j.s.ServletContextHandler@b34832b{/logs,file:///workdir/hadoop-ozone/integration-test/target/log,AVAILABLE}
2019-10-09 12:07:59,777 [main] INFO  handler.ContextHandler (ContextHandler.java:doStart(781)) - Started o.e.j.s.ServletContextHandler@f1868c9{/static,file:///workdir/hadoop-ozone/integration-test/target/test-classes/webapps/static,AVAILABLE}
2019-10-09 12:07:59,781 [main] INFO  handler.ContextHandler (ContextHandler.java:doStart(781)) - Started o.e.j.w.WebAppContext@63cd2cd2{/,file:///workdir/hadoop-ozone/integration-test/target/test-classes/webapps/ozoneManager/,AVAILABLE}{/ozoneManager}
2019-10-09 12:07:59,782 [main] INFO  server.AbstractConnector (AbstractConnector.java:doStart(278)) - Started ServerConnector@557a84fe{HTTP/1.1,[http/1.1]}{0.0.0.0:43600}
2019-10-09 12:07:59,782 [main] INFO  server.Server (Server.java:doStart(419)) - Started @55440ms
2019-10-09 12:07:59,783 [main] WARN  impl.MetricsSystemImpl (MetricsSystemImpl.java:register(276)) - Sink prometheus already exists!
2019-10-09 12:07:59,784 [main] INFO  server.BaseHttpServer (BaseHttpServer.java:updateConnectorAddress(215)) - HTTP server of OZONEMANAGER is listening at http://0.0.0.0:43600
2019-10-09 12:07:59,807 [main] INFO  impl.MetricsSystemImpl (MetricsSystemImpl.java:init(158)) - HddsDatanode metrics system started (again)
2019-10-09 12:07:59,809 [main] INFO  ozone.HddsDatanodeService (HddsDatanodeService.java:start(184)) - HddsDatanodeService host:pr-hdds-2034-v6pl4-3072628770 ip:192.168.30.33
2019-10-09 12:07:59,816 [main] INFO  volume.HddsVolume (HddsVolume.java:<init>(176)) - Creating Volume: /workdir/hadoop-ozone/integration-test/target/test-dir/MiniOzoneClusterImpl-e7340580-22fa-48cc-aec5-f520e4c67952/datanode-0/data/containers/hdds of  storage type : DISK and capacity : 1482555576320
2019-10-09 12:07:59,816 [main] INFO  volume.VolumeSet (VolumeSet.java:initializeVolumeSet(170)) - Added Volume : /workdir/hadoop-ozone/integration-test/target/test-dir/MiniOzoneClusterImpl-e7340580-22fa-48cc-aec5-f520e4c67952/datanode-0/data/containers/hdds to VolumeSet
2019-10-09 12:07:59,817 [main] INFO  volume.ThrottledAsyncChecker (ThrottledAsyncChecker.java:schedule(139)) - Scheduling a check for org.apache.hadoop.ozone.container.common.volume.HddsVolume@433c6abb
2019-10-09 12:07:59,817 [main] INFO  volume.HddsVolumeChecker (HddsVolumeChecker.java:checkAllVolumes(202)) - Scheduled health check for volume org.apache.hadoop.ozone.container.common.volume.HddsVolume@433c6abb
2019-10-09 12:07:59,831 [main] INFO  impl.RaftServerProxy (ConfUtils.java:logGet(43)) - raft.rpc.type = GRPC (default)
2019-10-09 12:07:59,832 [main] INFO  grpc.GrpcFactory (GrpcFactory.java:checkPooledByteBufAllocatorUseCacheForAllThreads(45)) - PERFORMANCE WARNING: useCacheForAllThreads is true that may cause Netty to create a lot garbage objects and, as a result, trigger GC.
	It is recommended to disable useCacheForAllThreads by setting -Dorg.apache.ratis.thirdparty.io.netty.allocator.useCacheForAllThreads=false in command line.
2019-10-09 12:07:59,832 [main] INFO  grpc.GrpcConfigKeys$Server (ConfUtils.java:logGet(43)) - raft.grpc.server.port = 0 (default)
2019-10-09 12:07:59,832 [main] INFO  server.GrpcService (ConfUtils.java:logGet(43)) - raft.grpc.message.size.max = 33570816 (custom)
2019-10-09 12:07:59,832 [main] INFO  server.RaftServerConfigKeys (ConfUtils.java:logGet(43)) - raft.server.log.appender.buffer.byte-limit = 33554432 (custom)
2019-10-09 12:07:59,833 [main] INFO  server.GrpcService (ConfUtils.java:logGet(43)) - raft.grpc.flow.control.window = 1MB (=1048576) (default)
2019-10-09 12:07:59,833 [main] INFO  server.RaftServerConfigKeys (ConfUtils.java:logGet(43)) - raft.server.rpc.request.timeout = 3000ms (default)
2019-10-09 12:07:59,833 [main] INFO  server.RaftServerConfigKeys (ConfUtils.java:logGet(43)) - raft.server.storage.dir = [/workdir/hadoop-ozone/integration-test/target/test-dir/MiniOzoneClusterImpl-e7340580-22fa-48cc-aec5-f520e4c67952/datanode-0/data/ratis] (custom)
2019-10-09 12:07:59,835 [main] INFO  hdfs.DFSUtil (DFSUtil.java:httpServerTemplateForNNAndJN(1641)) - Starting Web-server for hddsDatanode at: http://0.0.0.0:0
2019-10-09 12:07:59,836 [main] INFO  server.AuthenticationFilter (AuthenticationFilter.java:constructSecretProvider(240)) - Unable to initialize FileSignerSecretProvider, falling back to use random secrets.
2019-10-09 12:07:59,837 [main] WARN  http.HttpRequestLog (HttpRequestLog.java:getRequestLog(97)) - Jetty request log can only be enabled using Log4j
2019-10-09 12:07:59,838 [main] INFO  http.HttpServer2 (HttpServer2.java:addGlobalFilter(975)) - Added global filter 'safety' (class=org.apache.hadoop.http.HttpServer2$QuotingInputFilter)
2019-10-09 12:07:59,838 [main] INFO  http.HttpServer2 (HttpServer2.java:addFilter(948)) - Added filter static_user_filter (class=org.apache.hadoop.http.lib.StaticUserWebFilter$StaticUserFilter) to context hddsDatanode
2019-10-09 12:07:59,839 [main] INFO  http.HttpServer2 (HttpServer2.java:addFilter(958)) - Added filter static_user_filter (class=org.apache.hadoop.http.lib.StaticUserWebFilter$StaticUserFilter) to context static
2019-10-09 12:07:59,839 [main] INFO  http.HttpServer2 (HttpServer2.java:addFilter(958)) - Added filter static_user_filter (class=org.apache.hadoop.http.lib.StaticUserWebFilter$StaticUserFilter) to context logs
2019-10-09 12:07:59,840 [main] INFO  http.HttpServer2 (HttpServer2.java:bindListener(1191)) - Jetty bound to port 42234
2019-10-09 12:07:59,840 [main] INFO  server.Server (Server.java:doStart(351)) - jetty-9.3.25.v20180904, build timestamp: 2018-09-04T21:11:46Z, git hash: 3ce520221d0240229c862b122d2b06c12a625732
2019-10-09 12:07:59,841 [main] INFO  handler.ContextHandler (ContextHandler.java:doStart(781)) - Started o.e.j.s.ServletContextHandler@630b6190{/logs,file:///workdir/hadoop-ozone/integration-test/target/log,AVAILABLE}
2019-10-09 12:07:59,842 [main] INFO  handler.ContextHandler (ContextHandler.java:doStart(781)) - Started o.e.j.s.ServletContextHandler@1cdc1bbc{/static,jar:file:/home/user/.m2/repository/org/apache/hadoop/hadoop-hdds-container-service/0.5.0-SNAPSHOT/hadoop-hdds-container-service-0.5.0-SNAPSHOT.jar!/webapps/static,AVAILABLE}
2019-10-09 12:07:59,873 [main] INFO  handler.ContextHandler (ContextHandler.java:doStart(781)) - Started o.e.j.w.WebAppContext@2e09c51{/,file:///tmp/jetty-0.0.0.0-42234-hddsDatanode-_-any-4446220050494906363.dir/webapp/,AVAILABLE}{/hddsDatanode}
2019-10-09 12:07:59,873 [main] INFO  server.AbstractConnector (AbstractConnector.java:doStart(278)) - Started ServerConnector@869d87c{HTTP/1.1,[http/1.1]}{0.0.0.0:42234}
2019-10-09 12:07:59,874 [main] INFO  server.Server (Server.java:doStart(419)) - Started @55532ms
2019-10-09 12:07:59,875 [main] WARN  impl.MetricsSystemImpl (MetricsSystemImpl.java:register(276)) - Sink prometheus already exists!
2019-10-09 12:07:59,875 [main] INFO  server.BaseHttpServer (BaseHttpServer.java:updateConnectorAddress(215)) - HTTP server of HDDSDATANODE is listening at http://0.0.0.0:42234
2019-10-09 12:07:59,875 [main] INFO  impl.MetricsSystemImpl (MetricsSystemImpl.java:init(158)) - HddsDatanode metrics system started (again)
2019-10-09 12:07:59,880 [main] INFO  ozone.HddsDatanodeService (HddsDatanodeService.java:start(184)) - HddsDatanodeService host:pr-hdds-2034-v6pl4-3072628770 ip:192.168.30.33
2019-10-09 12:07:59,881 [org.apache.hadoop.util.JvmPauseMonitor$Monitor@1d1bfd00] INFO  util.JvmPauseMonitor (JvmPauseMonitor.java:run(188)) - Starting JVM pause monitor
2019-10-09 12:07:59,884 [Datanode State Machine Thread - 0] INFO  datanode.InitDatanodeState (InitDatanodeState.java:persistContainerDatanodeDetails(140)) - DatanodeDetails is persisted to /workdir/hadoop-ozone/integration-test/target/test-dir/MiniOzoneClusterImpl-e7340580-22fa-48cc-aec5-f520e4c67952/datanode-0/meta/datanode.id
2019-10-09 12:07:59,886 [main] INFO  volume.HddsVolume (HddsVolume.java:<init>(176)) - Creating Volume: /workdir/hadoop-ozone/integration-test/target/test-dir/MiniOzoneClusterImpl-e7340580-22fa-48cc-aec5-f520e4c67952/datanode-1/data/containers/hdds of  storage type : DISK and capacity : 1482555576320
2019-10-09 12:07:59,886 [main] INFO  volume.VolumeSet (VolumeSet.java:initializeVolumeSet(170)) - Added Volume : /workdir/hadoop-ozone/integration-test/target/test-dir/MiniOzoneClusterImpl-e7340580-22fa-48cc-aec5-f520e4c67952/datanode-1/data/containers/hdds to VolumeSet
2019-10-09 12:07:59,886 [main] INFO  volume.ThrottledAsyncChecker (ThrottledAsyncChecker.java:schedule(139)) - Scheduling a check for org.apache.hadoop.ozone.container.common.volume.HddsVolume@410ae5ac
2019-10-09 12:07:59,886 [main] INFO  volume.HddsVolumeChecker (HddsVolumeChecker.java:checkAllVolumes(202)) - Scheduled health check for volume org.apache.hadoop.ozone.container.common.volume.HddsVolume@410ae5ac
2019-10-09 12:07:59,898 [main] INFO  impl.RaftServerProxy (ConfUtils.java:logGet(43)) - raft.rpc.type = GRPC (default)
2019-10-09 12:07:59,898 [main] INFO  grpc.GrpcFactory (GrpcFactory.java:checkPooledByteBufAllocatorUseCacheForAllThreads(45)) - PERFORMANCE WARNING: useCacheForAllThreads is true that may cause Netty to create a lot garbage objects and, as a result, trigger GC.
	It is recommended to disable useCacheForAllThreads by setting -Dorg.apache.ratis.thirdparty.io.netty.allocator.useCacheForAllThreads=false in command line.
2019-10-09 12:07:59,899 [main] INFO  grpc.GrpcConfigKeys$Server (ConfUtils.java:logGet(43)) - raft.grpc.server.port = 0 (default)
2019-10-09 12:07:59,899 [main] INFO  server.GrpcService (ConfUtils.java:logGet(43)) - raft.grpc.message.size.max = 33570816 (custom)
2019-10-09 12:07:59,899 [main] INFO  server.RaftServerConfigKeys (ConfUtils.java:logGet(43)) - raft.server.log.appender.buffer.byte-limit = 33554432 (custom)
2019-10-09 12:07:59,899 [main] INFO  server.GrpcService (ConfUtils.java:logGet(43)) - raft.grpc.flow.control.window = 1MB (=1048576) (default)
2019-10-09 12:07:59,899 [main] INFO  server.RaftServerConfigKeys (ConfUtils.java:logGet(43)) - raft.server.rpc.request.timeout = 3000ms (default)
2019-10-09 12:07:59,900 [main] INFO  server.RaftServerConfigKeys (ConfUtils.java:logGet(43)) - raft.server.storage.dir = [/workdir/hadoop-ozone/integration-test/target/test-dir/MiniOzoneClusterImpl-e7340580-22fa-48cc-aec5-f520e4c67952/datanode-1/data/ratis] (custom)
2019-10-09 12:07:59,901 [main] INFO  hdfs.DFSUtil (DFSUtil.java:httpServerTemplateForNNAndJN(1641)) - Starting Web-server for hddsDatanode at: http://0.0.0.0:0
2019-10-09 12:07:59,903 [main] INFO  server.AuthenticationFilter (AuthenticationFilter.java:constructSecretProvider(240)) - Unable to initialize FileSignerSecretProvider, falling back to use random secrets.
2019-10-09 12:07:59,903 [main] WARN  http.HttpRequestLog (HttpRequestLog.java:getRequestLog(97)) - Jetty request log can only be enabled using Log4j
2019-10-09 12:07:59,904 [main] INFO  http.HttpServer2 (HttpServer2.java:addGlobalFilter(975)) - Added global filter 'safety' (class=org.apache.hadoop.http.HttpServer2$QuotingInputFilter)
2019-10-09 12:07:59,905 [main] INFO  http.HttpServer2 (HttpServer2.java:addFilter(948)) - Added filter static_user_filter (class=org.apache.hadoop.http.lib.StaticUserWebFilter$StaticUserFilter) to context hddsDatanode
2019-10-09 12:07:59,905 [main] INFO  http.HttpServer2 (HttpServer2.java:addFilter(958)) - Added filter static_user_filter (class=org.apache.hadoop.http.lib.StaticUserWebFilter$StaticUserFilter) to context static
2019-10-09 12:07:59,905 [main] INFO  http.HttpServer2 (HttpServer2.java:addFilter(958)) - Added filter static_user_filter (class=org.apache.hadoop.http.lib.StaticUserWebFilter$StaticUserFilter) to context logs
2019-10-09 12:07:59,906 [main] INFO  http.HttpServer2 (HttpServer2.java:bindListener(1191)) - Jetty bound to port 36957
2019-10-09 12:07:59,906 [main] INFO  server.Server (Server.java:doStart(351)) - jetty-9.3.25.v20180904, build timestamp: 2018-09-04T21:11:46Z, git hash: 3ce520221d0240229c862b122d2b06c12a625732
2019-10-09 12:07:59,908 [main] INFO  handler.ContextHandler (ContextHandler.java:doStart(781)) - Started o.e.j.s.ServletContextHandler@244418a{/logs,file:///workdir/hadoop-ozone/integration-test/target/log,AVAILABLE}
2019-10-09 12:07:59,908 [main] INFO  handler.ContextHandler (ContextHandler.java:doStart(781)) - Started o.e.j.s.ServletContextHandler@4c361f63{/static,jar:file:/home/user/.m2/repository/org/apache/hadoop/hadoop-hdds-container-service/0.5.0-SNAPSHOT/hadoop-hdds-container-service-0.5.0-SNAPSHOT.jar!/webapps/static,AVAILABLE}
2019-10-09 12:07:59,937 [main] INFO  handler.ContextHandler (ContextHandler.java:doStart(781)) - Started o.e.j.w.WebAppContext@788ba63e{/,file:///tmp/jetty-0.0.0.0-36957-hddsDatanode-_-any-6609679144511539304.dir/webapp/,AVAILABLE}{/hddsDatanode}
2019-10-09 12:07:59,938 [main] INFO  server.AbstractConnector (AbstractConnector.java:doStart(278)) - Started ServerConnector@12a14b74{HTTP/1.1,[http/1.1]}{0.0.0.0:36957}
2019-10-09 12:07:59,939 [main] INFO  server.Server (Server.java:doStart(419)) - Started @55596ms
2019-10-09 12:07:59,939 [main] WARN  impl.MetricsSystemImpl (MetricsSystemImpl.java:register(276)) - Sink prometheus already exists!
2019-10-09 12:07:59,940 [main] INFO  server.BaseHttpServer (BaseHttpServer.java:updateConnectorAddress(215)) - HTTP server of HDDSDATANODE is listening at http://0.0.0.0:36957
2019-10-09 12:07:59,940 [main] INFO  impl.MetricsSystemImpl (MetricsSystemImpl.java:init(158)) - HddsDatanode metrics system started (again)
2019-10-09 12:07:59,942 [org.apache.hadoop.util.JvmPauseMonitor$Monitor@1e64dda9] INFO  util.JvmPauseMonitor (JvmPauseMonitor.java:run(188)) - Starting JVM pause monitor
2019-10-09 12:07:59,943 [main] INFO  ozone.HddsDatanodeService (HddsDatanodeService.java:start(184)) - HddsDatanodeService host:pr-hdds-2034-v6pl4-3072628770 ip:192.168.30.33
2019-10-09 12:07:59,945 [Datanode State Machine Thread - 0] INFO  datanode.InitDatanodeState (InitDatanodeState.java:persistContainerDatanodeDetails(140)) - DatanodeDetails is persisted to /workdir/hadoop-ozone/integration-test/target/test-dir/MiniOzoneClusterImpl-e7340580-22fa-48cc-aec5-f520e4c67952/datanode-1/meta/datanode.id
2019-10-09 12:07:59,948 [main] INFO  volume.HddsVolume (HddsVolume.java:<init>(176)) - Creating Volume: /workdir/hadoop-ozone/integration-test/target/test-dir/MiniOzoneClusterImpl-e7340580-22fa-48cc-aec5-f520e4c67952/datanode-2/data/containers/hdds of  storage type : DISK and capacity : 1482555576320
2019-10-09 12:07:59,949 [main] INFO  volume.VolumeSet (VolumeSet.java:initializeVolumeSet(170)) - Added Volume : /workdir/hadoop-ozone/integration-test/target/test-dir/MiniOzoneClusterImpl-e7340580-22fa-48cc-aec5-f520e4c67952/datanode-2/data/containers/hdds to VolumeSet
2019-10-09 12:07:59,949 [main] INFO  volume.ThrottledAsyncChecker (ThrottledAsyncChecker.java:schedule(139)) - Scheduling a check for org.apache.hadoop.ozone.container.common.volume.HddsVolume@696b4a95
2019-10-09 12:07:59,949 [main] INFO  volume.HddsVolumeChecker (HddsVolumeChecker.java:checkAllVolumes(202)) - Scheduled health check for volume org.apache.hadoop.ozone.container.common.volume.HddsVolume@696b4a95
2019-10-09 12:07:59,963 [main] INFO  impl.RaftServerProxy (ConfUtils.java:logGet(43)) - raft.rpc.type = GRPC (default)
2019-10-09 12:07:59,964 [main] INFO  grpc.GrpcFactory (GrpcFactory.java:checkPooledByteBufAllocatorUseCacheForAllThreads(45)) - PERFORMANCE WARNING: useCacheForAllThreads is true that may cause Netty to create a lot garbage objects and, as a result, trigger GC.
	It is recommended to disable useCacheForAllThreads by setting -Dorg.apache.ratis.thirdparty.io.netty.allocator.useCacheForAllThreads=false in command line.
2019-10-09 12:07:59,964 [main] INFO  grpc.GrpcConfigKeys$Server (ConfUtils.java:logGet(43)) - raft.grpc.server.port = 0 (default)
2019-10-09 12:07:59,964 [main] INFO  server.GrpcService (ConfUtils.java:logGet(43)) - raft.grpc.message.size.max = 33570816 (custom)
2019-10-09 12:07:59,965 [main] INFO  server.RaftServerConfigKeys (ConfUtils.java:logGet(43)) - raft.server.log.appender.buffer.byte-limit = 33554432 (custom)
2019-10-09 12:07:59,965 [main] INFO  server.GrpcService (ConfUtils.java:logGet(43)) - raft.grpc.flow.control.window = 1MB (=1048576) (default)
2019-10-09 12:07:59,965 [main] INFO  server.RaftServerConfigKeys (ConfUtils.java:logGet(43)) - raft.server.rpc.request.timeout = 3000ms (default)
2019-10-09 12:07:59,966 [main] INFO  server.RaftServerConfigKeys (ConfUtils.java:logGet(43)) - raft.server.storage.dir = [/workdir/hadoop-ozone/integration-test/target/test-dir/MiniOzoneClusterImpl-e7340580-22fa-48cc-aec5-f520e4c67952/datanode-2/data/ratis] (custom)
2019-10-09 12:07:59,967 [main] INFO  hdfs.DFSUtil (DFSUtil.java:httpServerTemplateForNNAndJN(1641)) - Starting Web-server for hddsDatanode at: http://0.0.0.0:0
2019-10-09 12:07:59,968 [main] INFO  server.AuthenticationFilter (AuthenticationFilter.java:constructSecretProvider(240)) - Unable to initialize FileSignerSecretProvider, falling back to use random secrets.
2019-10-09 12:07:59,968 [main] WARN  http.HttpRequestLog (HttpRequestLog.java:getRequestLog(97)) - Jetty request log can only be enabled using Log4j
2019-10-09 12:07:59,970 [main] INFO  http.HttpServer2 (HttpServer2.java:addGlobalFilter(975)) - Added global filter 'safety' (class=org.apache.hadoop.http.HttpServer2$QuotingInputFilter)
2019-10-09 12:07:59,970 [main] INFO  http.HttpServer2 (HttpServer2.java:addFilter(948)) - Added filter static_user_filter (class=org.apache.hadoop.http.lib.StaticUserWebFilter$StaticUserFilter) to context hddsDatanode
2019-10-09 12:07:59,970 [main] INFO  http.HttpServer2 (HttpServer2.java:addFilter(958)) - Added filter static_user_filter (class=org.apache.hadoop.http.lib.StaticUserWebFilter$StaticUserFilter) to context logs
2019-10-09 12:07:59,971 [main] INFO  http.HttpServer2 (HttpServer2.java:addFilter(958)) - Added filter static_user_filter (class=org.apache.hadoop.http.lib.StaticUserWebFilter$StaticUserFilter) to context static
2019-10-09 12:07:59,971 [main] INFO  http.HttpServer2 (HttpServer2.java:bindListener(1191)) - Jetty bound to port 45858
2019-10-09 12:07:59,971 [main] INFO  server.Server (Server.java:doStart(351)) - jetty-9.3.25.v20180904, build timestamp: 2018-09-04T21:11:46Z, git hash: 3ce520221d0240229c862b122d2b06c12a625732
2019-10-09 12:07:59,973 [main] INFO  handler.ContextHandler (ContextHandler.java:doStart(781)) - Started o.e.j.s.ServletContextHandler@2121d1f9{/logs,file:///workdir/hadoop-ozone/integration-test/target/log,AVAILABLE}
2019-10-09 12:07:59,973 [main] INFO  handler.ContextHandler (ContextHandler.java:doStart(781)) - Started o.e.j.s.ServletContextHandler@1806bc4c{/static,jar:file:/home/user/.m2/repository/org/apache/hadoop/hadoop-hdds-container-service/0.5.0-SNAPSHOT/hadoop-hdds-container-service-0.5.0-SNAPSHOT.jar!/webapps/static,AVAILABLE}
2019-10-09 12:08:00,012 [main] INFO  handler.ContextHandler (ContextHandler.java:doStart(781)) - Started o.e.j.w.WebAppContext@485e13d7{/,file:///tmp/jetty-0.0.0.0-45858-hddsDatanode-_-any-7497453690146536538.dir/webapp/,AVAILABLE}{/hddsDatanode}
2019-10-09 12:08:00,013 [main] INFO  server.AbstractConnector (AbstractConnector.java:doStart(278)) - Started ServerConnector@43984213{HTTP/1.1,[http/1.1]}{0.0.0.0:45858}
2019-10-09 12:08:00,014 [main] INFO  server.Server (Server.java:doStart(419)) - Started @55672ms
2019-10-09 12:08:00,014 [main] WARN  impl.MetricsSystemImpl (MetricsSystemImpl.java:register(276)) - Sink prometheus already exists!
2019-10-09 12:08:00,015 [main] INFO  server.BaseHttpServer (BaseHttpServer.java:updateConnectorAddress(215)) - HTTP server of HDDSDATANODE is listening at http://0.0.0.0:45858
2019-10-09 12:08:00,016 [main] INFO  ozone.MiniOzoneClusterImpl (MiniOzoneClusterImpl.java:lambda$waitForClusterToBeReady$0(149)) - Waiting for nodes to be ready. Got 0 of 3 DN Heartbeats.
2019-10-09 12:08:00,016 [main] INFO  ozone.MiniOzoneClusterImpl (MiniOzoneClusterImpl.java:lambda$waitForClusterToBeReady$0(152)) - Waiting for cluster to exit safe mode
2019-10-09 12:08:00,017 [org.apache.hadoop.util.JvmPauseMonitor$Monitor@57961e15] INFO  util.JvmPauseMonitor (JvmPauseMonitor.java:run(188)) - Starting JVM pause monitor
2019-10-09 12:08:00,020 [Datanode State Machine Thread - 0] INFO  datanode.InitDatanodeState (InitDatanodeState.java:persistContainerDatanodeDetails(140)) - DatanodeDetails is persisted to /workdir/hadoop-ozone/integration-test/target/test-dir/MiniOzoneClusterImpl-e7340580-22fa-48cc-aec5-f520e4c67952/datanode-2/meta/datanode.id
2019-10-09 12:08:01,016 [main] INFO  ozone.MiniOzoneClusterImpl (MiniOzoneClusterImpl.java:lambda$waitForClusterToBeReady$0(149)) - Waiting for nodes to be ready. Got 0 of 3 DN Heartbeats.
2019-10-09 12:08:01,017 [main] INFO  ozone.MiniOzoneClusterImpl (MiniOzoneClusterImpl.java:lambda$waitForClusterToBeReady$0(152)) - Waiting for cluster to exit safe mode
2019-10-09 12:08:01,900 [Datanode State Machine Thread - 0] INFO  ozoneimpl.OzoneContainer (OzoneContainer.java:start(217)) - Attempting to start container services.
2019-10-09 12:08:01,901 [Datanode State Machine Thread - 0] INFO  ozoneimpl.OzoneContainer (OzoneContainer.java:startContainerScrub(179)) - Background container scanner has been disabled.
2019-10-09 12:08:01,901 [Datanode State Machine Thread - 0] INFO  ratis.XceiverServerRatis (XceiverServerRatis.java:start(412)) - Starting XceiverServerRatis d6eec3d4-696d-4b04-8dd8-a69ba37b960b at port 0
2019-10-09 12:08:01,907 [Datanode State Machine Thread - 0] INFO  impl.RaftServerProxy (RaftServerProxy.java:lambda$start$3(299)) - d6eec3d4-696d-4b04-8dd8-a69ba37b960b: start RPC server
2019-10-09 12:08:01,911 [Datanode State Machine Thread - 0] INFO  server.GrpcService (GrpcService.java:startImpl(158)) - d6eec3d4-696d-4b04-8dd8-a69ba37b960b: GrpcService started, listening on 0.0.0.0/0.0.0.0:35382
2019-10-09 12:08:01,911 [Datanode State Machine Thread - 0] INFO  ratis.XceiverServerRatis (XceiverServerRatis.java:start(422)) - XceiverServerRatis d6eec3d4-696d-4b04-8dd8-a69ba37b960b is started using port 35382
2019-10-09 12:08:01,913 [Datanode State Machine Thread - 0] INFO  server.XceiverServerGrpc (XceiverServerGrpc.java:start(149)) - XceiverServerGrpc d6eec3d4-696d-4b04-8dd8-a69ba37b960b is started using port 35226
2019-10-09 12:08:01,957 [Datanode State Machine Thread - 0] INFO  ozoneimpl.OzoneContainer (OzoneContainer.java:start(217)) - Attempting to start container services.
2019-10-09 12:08:01,958 [Datanode State Machine Thread - 0] INFO  ozoneimpl.OzoneContainer (OzoneContainer.java:startContainerScrub(179)) - Background container scanner has been disabled.
2019-10-09 12:08:01,958 [Datanode State Machine Thread - 0] INFO  ratis.XceiverServerRatis (XceiverServerRatis.java:start(412)) - Starting XceiverServerRatis 27cd974f-2c7d-4160-9eda-bf0692ffddac at port 0
2019-10-09 12:08:01,964 [Datanode State Machine Thread - 0] INFO  impl.RaftServerProxy (RaftServerProxy.java:lambda$start$3(299)) - 27cd974f-2c7d-4160-9eda-bf0692ffddac: start RPC server
2019-10-09 12:08:01,966 [Datanode State Machine Thread - 0] INFO  server.GrpcService (GrpcService.java:startImpl(158)) - 27cd974f-2c7d-4160-9eda-bf0692ffddac: GrpcService started, listening on 0.0.0.0/0.0.0.0:36843
2019-10-09 12:08:01,967 [Datanode State Machine Thread - 0] INFO  ratis.XceiverServerRatis (XceiverServerRatis.java:start(422)) - XceiverServerRatis 27cd974f-2c7d-4160-9eda-bf0692ffddac is started using port 36843
2019-10-09 12:08:01,968 [Datanode State Machine Thread - 0] INFO  server.XceiverServerGrpc (XceiverServerGrpc.java:start(149)) - XceiverServerGrpc 27cd974f-2c7d-4160-9eda-bf0692ffddac is started using port 37640
2019-10-09 12:08:02,017 [main] INFO  ozone.MiniOzoneClusterImpl (MiniOzoneClusterImpl.java:lambda$waitForClusterToBeReady$0(149)) - Waiting for nodes to be ready. Got 0 of 3 DN Heartbeats.
2019-10-09 12:08:02,017 [main] INFO  ozone.MiniOzoneClusterImpl (MiniOzoneClusterImpl.java:lambda$waitForClusterToBeReady$0(152)) - Waiting for cluster to exit safe mode
2019-10-09 12:08:02,032 [Datanode State Machine Thread - 0] INFO  ozoneimpl.OzoneContainer (OzoneContainer.java:start(217)) - Attempting to start container services.
2019-10-09 12:08:02,032 [Datanode State Machine Thread - 0] INFO  ozoneimpl.OzoneContainer (OzoneContainer.java:startContainerScrub(179)) - Background container scanner has been disabled.
2019-10-09 12:08:02,032 [Datanode State Machine Thread - 0] INFO  ratis.XceiverServerRatis (XceiverServerRatis.java:start(412)) - Starting XceiverServerRatis 8cef0f50-232a-49f9-bcef-6cb6b156aa27 at port 0
2019-10-09 12:08:02,039 [Datanode State Machine Thread - 0] INFO  impl.RaftServerProxy (RaftServerProxy.java:lambda$start$3(299)) - 8cef0f50-232a-49f9-bcef-6cb6b156aa27: start RPC server
2019-10-09 12:08:02,043 [Datanode State Machine Thread - 0] INFO  server.GrpcService (GrpcService.java:startImpl(158)) - 8cef0f50-232a-49f9-bcef-6cb6b156aa27: GrpcService started, listening on 0.0.0.0/0.0.0.0:32930
2019-10-09 12:08:02,043 [Datanode State Machine Thread - 0] INFO  ratis.XceiverServerRatis (XceiverServerRatis.java:start(422)) - XceiverServerRatis 8cef0f50-232a-49f9-bcef-6cb6b156aa27 is started using port 32930
2019-10-09 12:08:02,051 [Datanode State Machine Thread - 0] INFO  server.XceiverServerGrpc (XceiverServerGrpc.java:start(149)) - XceiverServerGrpc 8cef0f50-232a-49f9-bcef-6cb6b156aa27 is started using port 43278
2019-10-09 12:08:03,018 [main] INFO  ozone.MiniOzoneClusterImpl (MiniOzoneClusterImpl.java:lambda$waitForClusterToBeReady$0(149)) - Waiting for nodes to be ready. Got 0 of 3 DN Heartbeats.
2019-10-09 12:08:03,018 [main] INFO  ozone.MiniOzoneClusterImpl (MiniOzoneClusterImpl.java:lambda$waitForClusterToBeReady$0(152)) - Waiting for cluster to exit safe mode
2019-10-09 12:08:03,885 [IPC Server handler 0 on 38090] INFO  net.NetworkTopology (NetworkTopologyImpl.java:add(111)) - Added a new node: /default-rack/d6eec3d4-696d-4b04-8dd8-a69ba37b960b
2019-10-09 12:08:03,885 [IPC Server handler 0 on 38090] INFO  node.SCMNodeManager (SCMNodeManager.java:register(266)) - Registered Data node : d6eec3d4-696d-4b04-8dd8-a69ba37b960b{ip: 192.168.30.33, host: pr-hdds-2034-v6pl4-3072628770, networkLocation: /default-rack, certSerialId: null}
2019-10-09 12:08:03,885 [RatisPipelineUtilsThread] INFO  pipeline.RatisPipelineProvider (RatisPipelineProvider.java:lambda$create$4(164)) - Send pipeline:PipelineID=43ebd21a-84b3-4193-9f4a-e304d42f6f98 create command to datanode d6eec3d4-696d-4b04-8dd8-a69ba37b960b
2019-10-09 12:08:03,886 [EventQueue-NodeRegistrationContainerReportForContainerSafeModeRule] INFO  safemode.SCMSafeModeManager (SCMSafeModeManager.java:validateSafeModeExitRules(169)) - ContainerSafeModeRule rule is successfully validated
2019-10-09 12:08:03,886 [EventQueue-NodeRegistrationContainerReportForDataNodeSafeModeRule] INFO  safemode.SCMSafeModeManager (DataNodeSafeModeRule.java:process(71)) - SCM in safe mode. 1 DataNodes registered, 1 required.
2019-10-09 12:08:03,888 [EventQueue-NodeRegistrationContainerReportForDataNodeSafeModeRule] INFO  safemode.SCMSafeModeManager (SCMSafeModeManager.java:validateSafeModeExitRules(169)) - DataNodeSafeModeRule rule is successfully validated
2019-10-09 12:08:03,944 [IPC Server handler 1 on 38090] INFO  net.NetworkTopology (NetworkTopologyImpl.java:add(111)) - Added a new node: /default-rack/27cd974f-2c7d-4160-9eda-bf0692ffddac
2019-10-09 12:08:03,944 [IPC Server handler 1 on 38090] INFO  node.SCMNodeManager (SCMNodeManager.java:register(266)) - Registered Data node : 27cd974f-2c7d-4160-9eda-bf0692ffddac{ip: 192.168.30.33, host: pr-hdds-2034-v6pl4-3072628770, networkLocation: /default-rack, certSerialId: null}
2019-10-09 12:08:03,944 [EventQueue-NodeRegistrationContainerReportForContainerSafeModeRule] INFO  safemode.SCMSafeModeManager (SCMSafeModeManager.java:validateSafeModeExitRules(169)) - ContainerSafeModeRule rule is successfully validated
2019-10-09 12:08:03,944 [RatisPipelineUtilsThread] INFO  pipeline.RatisPipelineProvider (RatisPipelineProvider.java:lambda$create$4(164)) - Send pipeline:PipelineID=2f0713a2-2bf4-40fd-a646-941b90eefed7 create command to datanode 27cd974f-2c7d-4160-9eda-bf0692ffddac
2019-10-09 12:08:03,944 [EventQueue-NodeRegistrationContainerReportForDataNodeSafeModeRule] INFO  safemode.SCMSafeModeManager (SCMSafeModeManager.java:validateSafeModeExitRules(169)) - DataNodeSafeModeRule rule is successfully validated
2019-10-09 12:08:04,019 [main] INFO  ozone.MiniOzoneClusterImpl (MiniOzoneClusterImpl.java:lambda$waitForClusterToBeReady$0(149)) - Waiting for nodes to be ready. Got 2 of 3 DN Heartbeats.
2019-10-09 12:08:04,019 [main] INFO  ozone.MiniOzoneClusterImpl (MiniOzoneClusterImpl.java:lambda$waitForClusterToBeReady$0(152)) - Waiting for cluster to exit safe mode
2019-10-09 12:08:04,020 [IPC Server handler 3 on 38090] INFO  net.NetworkTopology (NetworkTopologyImpl.java:add(111)) - Added a new node: /default-rack/8cef0f50-232a-49f9-bcef-6cb6b156aa27
2019-10-09 12:08:04,020 [IPC Server handler 3 on 38090] INFO  node.SCMNodeManager (SCMNodeManager.java:register(266)) - Registered Data node : 8cef0f50-232a-49f9-bcef-6cb6b156aa27{ip: 192.168.30.33, host: pr-hdds-2034-v6pl4-3072628770, networkLocation: /default-rack, certSerialId: null}
2019-10-09 12:08:04,023 [RatisPipelineUtilsThread] INFO  pipeline.RatisPipelineProvider (RatisPipelineProvider.java:lambda$create$4(164)) - Send pipeline:PipelineID=28e9a789-c54b-4003-adcd-a8644b6bb4dc create command to datanode 8cef0f50-232a-49f9-bcef-6cb6b156aa27
2019-10-09 12:08:04,023 [EventQueue-NodeRegistrationContainerReportForContainerSafeModeRule] INFO  safemode.SCMSafeModeManager (SCMSafeModeManager.java:validateSafeModeExitRules(169)) - ContainerSafeModeRule rule is successfully validated
2019-10-09 12:08:04,023 [EventQueue-NodeRegistrationContainerReportForDataNodeSafeModeRule] INFO  safemode.SCMSafeModeManager (SCMSafeModeManager.java:validateSafeModeExitRules(169)) - DataNodeSafeModeRule rule is successfully validated
2019-10-09 12:08:04,024 [RatisPipelineUtilsThread] INFO  pipeline.RatisPipelineProvider (RatisPipelineProvider.java:lambda$create$4(164)) - Send pipeline:PipelineID=406c9160-5d24-4d35-af0e-55793391db1b create command to datanode d6eec3d4-696d-4b04-8dd8-a69ba37b960b
2019-10-09 12:08:04,025 [RatisPipelineUtilsThread] INFO  pipeline.RatisPipelineProvider (RatisPipelineProvider.java:lambda$create$4(164)) - Send pipeline:PipelineID=406c9160-5d24-4d35-af0e-55793391db1b create command to datanode 27cd974f-2c7d-4160-9eda-bf0692ffddac
2019-10-09 12:08:04,025 [RatisPipelineUtilsThread] INFO  pipeline.RatisPipelineProvider (RatisPipelineProvider.java:lambda$create$4(164)) - Send pipeline:PipelineID=406c9160-5d24-4d35-af0e-55793391db1b create command to datanode 8cef0f50-232a-49f9-bcef-6cb6b156aa27
2019-10-09 12:08:05,020 [main] INFO  ozone.MiniOzoneClusterImpl (MiniOzoneClusterImpl.java:lambda$waitForClusterToBeReady$0(149)) - Nodes are ready. Got 3 of 3 DN Heartbeats.
2019-10-09 12:08:05,020 [main] INFO  ozone.MiniOzoneClusterImpl (MiniOzoneClusterImpl.java:lambda$waitForClusterToBeReady$0(152)) - Waiting for cluster to exit safe mode
2019-10-09 12:08:06,021 [main] INFO  ozone.MiniOzoneClusterImpl (MiniOzoneClusterImpl.java:lambda$waitForClusterToBeReady$0(149)) - Nodes are ready. Got 3 of 3 DN Heartbeats.
2019-10-09 12:08:06,021 [main] INFO  ozone.MiniOzoneClusterImpl (MiniOzoneClusterImpl.java:lambda$waitForClusterToBeReady$0(152)) - Waiting for cluster to exit safe mode
2019-10-09 12:08:06,882 [Command processor thread] INFO  impl.RaftServerProxy (RaftServerProxy.java:addNew(89)) - d6eec3d4-696d-4b04-8dd8-a69ba37b960b: addNew group-E304D42F6F98:[d6eec3d4-696d-4b04-8dd8-a69ba37b960b:192.168.30.33:35382] returns group-E304D42F6F98:java.util.concurrent.CompletableFuture@21fb6dbd[Not completed]
2019-10-09 12:08:06,884 [pool-127-thread-1] INFO  impl.RaftServerImpl (RaftServerImpl.java:<init>(95)) - d6eec3d4-696d-4b04-8dd8-a69ba37b960b: new RaftServerImpl for group-E304D42F6F98:[d6eec3d4-696d-4b04-8dd8-a69ba37b960b:192.168.30.33:35382] with ContainerStateMachine:uninitialized
2019-10-09 12:08:06,885 [pool-127-thread-1] INFO  server.RaftServerConfigKeys (ConfUtils.java:logGet(43)) - raft.server.rpc.timeout.min = 5s (custom)
2019-10-09 12:08:06,885 [pool-127-thread-1] INFO  server.RaftServerConfigKeys (ConfUtils.java:logGet(43)) - raft.server.rpc.timeout.max = 5200ms (custom)
2019-10-09 12:08:06,885 [pool-127-thread-1] INFO  server.RaftServerConfigKeys (ConfUtils.java:logGet(43)) - raft.server.rpcslowness.timeout = 120s (custom)
2019-10-09 12:08:06,885 [pool-127-thread-1] INFO  server.RaftServerConfigKeys (ConfUtils.java:logGet(43)) - raft.server.sleep.deviation.threshold = 300 (default)
2019-10-09 12:08:06,885 [pool-127-thread-1] INFO  server.RaftServerConfigKeys (ConfUtils.java:logGet(43)) - raft.server.log.appender.install.snapshot.enabled = false (custom)
2019-10-09 12:08:06,885 [pool-127-thread-1] INFO  impl.RaftServerImpl (ServerState.java:<init>(103)) - d6eec3d4-696d-4b04-8dd8-a69ba37b960b@group-E304D42F6F98: ConfigurationManager, init=-1: [d6eec3d4-696d-4b04-8dd8-a69ba37b960b:192.168.30.33:35382], old=null, confs=<EMPTY_MAP>
2019-10-09 12:08:06,886 [pool-127-thread-1] INFO  server.RaftServerConfigKeys (ConfUtils.java:logGet(43)) - raft.server.storage.dir = [/workdir/hadoop-ozone/integration-test/target/test-dir/MiniOzoneClusterImpl-e7340580-22fa-48cc-aec5-f520e4c67952/datanode-0/data/ratis] (custom)
2019-10-09 12:08:06,888 [pool-127-thread-1] INFO  storage.RaftStorageDirectory (RaftStorageDirectory.java:analyzeStorage(246)) - The storage directory /workdir/hadoop-ozone/integration-test/target/test-dir/MiniOzoneClusterImpl-e7340580-22fa-48cc-aec5-f520e4c67952/datanode-0/data/ratis/43ebd21a-84b3-4193-9f4a-e304d42f6f98 does not exist. Creating ...
2019-10-09 12:08:06,901 [pool-127-thread-1] INFO  storage.RaftStorageDirectory (RaftStorageDirectory.java:tryLock(328)) - Lock on /workdir/hadoop-ozone/integration-test/target/test-dir/MiniOzoneClusterImpl-e7340580-22fa-48cc-aec5-f520e4c67952/datanode-0/data/ratis/43ebd21a-84b3-4193-9f4a-e304d42f6f98/in_use.lock acquired by nodename 11666@pr-hdds-2034-v6pl4-3072628770
2019-10-09 12:08:06,912 [pool-127-thread-1] INFO  storage.RaftStorage (RaftStorage.java:format(72)) - Storage directory /workdir/hadoop-ozone/integration-test/target/test-dir/MiniOzoneClusterImpl-e7340580-22fa-48cc-aec5-f520e4c67952/datanode-0/data/ratis/43ebd21a-84b3-4193-9f4a-e304d42f6f98 has been successfully formatted.
2019-10-09 12:08:06,912 [pool-127-thread-1] INFO  ratis.ContainerStateMachine (ContainerStateMachine.java:loadSnapshot(230)) - group-E304D42F6F98: The snapshot info is null. Setting the last applied indexto:(t:0, i:~)
2019-10-09 12:08:06,913 [pool-127-thread-1] INFO  server.RaftServerConfigKeys (ConfUtils.java:logGet(43)) - raft.server.notification.no-leader.timeout = 120s (custom)
2019-10-09 12:08:06,913 [pool-127-thread-1] INFO  server.RaftServerConfigKeys (ConfUtils.java:logGet(43)) - raft.server.log.use.memory = false (default)
2019-10-09 12:08:06,913 [pool-127-thread-1] INFO  server.RaftServerConfigKeys (ConfUtils.java:logGet(43)) - raft.server.log.purge.gap = 1000000 (custom)
2019-10-09 12:08:06,913 [pool-127-thread-1] INFO  server.RaftServerConfigKeys (ConfUtils.java:logGet(43)) - raft.server.log.appender.buffer.byte-limit = 33554432 (custom)
2019-10-09 12:08:06,913 [pool-127-thread-1] INFO  server.RaftServerConfigKeys (ConfUtils.java:logGet(43)) - raft.server.log.segment.size.max = 1048576 (custom)
2019-10-09 12:08:06,913 [pool-127-thread-1] INFO  server.RaftServerConfigKeys (ConfUtils.java:logGet(43)) - raft.server.log.segment.cache.num.max = 2 (custom)
2019-10-09 12:08:06,914 [pool-127-thread-1] INFO  segmented.SegmentedRaftLogWorker (SegmentedRaftLogWorker.java:<init>(172)) - new d6eec3d4-696d-4b04-8dd8-a69ba37b960b@group-E304D42F6F98-SegmentedRaftLogWorker for RaftStorage:Storage Directory /workdir/hadoop-ozone/integration-test/target/test-dir/MiniOzoneClusterImpl-e7340580-22fa-48cc-aec5-f520e4c67952/datanode-0/data/ratis/43ebd21a-84b3-4193-9f4a-e304d42f6f98
2019-10-09 12:08:06,916 [pool-127-thread-1] INFO  server.RaftServerConfigKeys (ConfUtils.java:logGet(43)) - raft.server.log.queue.byte-limit = 2147483647 (custom)
2019-10-09 12:08:06,916 [pool-127-thread-1] INFO  server.RaftServerConfigKeys (ConfUtils.java:logGet(43)) - raft.server.log.queue.element-limit = 1024 (custom)
2019-10-09 12:08:06,917 [pool-127-thread-1] INFO  server.RaftServerConfigKeys (ConfUtils.java:logGet(43)) - raft.server.log.segment.size.max = 1048576 (custom)
2019-10-09 12:08:06,917 [pool-127-thread-1] INFO  server.RaftServerConfigKeys (ConfUtils.java:logGet(43)) - raft.server.log.preallocated.size = 16384 (custom)
2019-10-09 12:08:06,917 [pool-127-thread-1] INFO  server.RaftServerConfigKeys (ConfUtils.java:logGet(43)) - raft.server.log.write.buffer.size = 33554432 (custom)
2019-10-09 12:08:06,917 [pool-127-thread-1] INFO  server.RaftServerConfigKeys (ConfUtils.java:logGet(43)) - raft.server.log.force.sync.num = 128 (default)
2019-10-09 12:08:06,917 [pool-127-thread-1] INFO  server.RaftServerConfigKeys (ConfUtils.java:logGet(43)) - raft.server.log.statemachine.data.sync = true (default)
2019-10-09 12:08:06,917 [pool-127-thread-1] INFO  server.RaftServerConfigKeys (ConfUtils.java:logGet(43)) - raft.server.log.statemachine.data.sync.timeout = 10s (default)
2019-10-09 12:08:06,918 [pool-127-thread-1] INFO  server.RaftServerConfigKeys (ConfUtils.java:logGet(43)) - raft.server.log.statemachine.data.sync.timeout.retry = -1 (default)
2019-10-09 12:08:06,918 [pool-127-thread-1] INFO  server.RaftServerConfigKeys (ConfUtils.java:logGet(43)) - raft.server.log.statemachine.data.caching.enabled = true (custom)
2019-10-09 12:08:06,918 [pool-127-thread-1] INFO  segmented.SegmentedRaftLogWorker (SegmentedRaftLogWorker.java:lambda$new$0(132)) - d6eec3d4-696d-4b04-8dd8-a69ba37b960b@group-E304D42F6F98-SegmentedRaftLogWorker: flushIndex: setUnconditionally 0 -> -1
2019-10-09 12:08:06,919 [pool-127-thread-1] INFO  server.RaftServerConfigKeys (ConfUtils.java:logGet(43)) - raft.server.snapshot.auto.trigger.enabled = true (custom)
2019-10-09 12:08:06,919 [pool-127-thread-1] INFO  server.RaftServerConfigKeys (ConfUtils.java:logGet(43)) - raft.server.snapshot.auto.trigger.threshold = 10000 (custom)
2019-10-09 12:08:06,919 [pool-127-thread-1] INFO  server.RaftServerConfigKeys (ConfUtils.java:logGet(43)) - raft.server.snapshot.retention.num.files = 5 (custom)
2019-10-09 12:08:06,919 [pool-127-thread-1] INFO  server.RaftServerConfigKeys (ConfUtils.java:logGet(43)) - raft.server.retrycache.expirytime = 600000ms (custom)
2019-10-09 12:08:06,921 [pool-127-thread-1] INFO  impl.RaftServerImpl (RaftServerImpl.java:start(185)) - d6eec3d4-696d-4b04-8dd8-a69ba37b960b@group-E304D42F6F98: start as a follower, conf=-1: [d6eec3d4-696d-4b04-8dd8-a69ba37b960b:192.168.30.33:35382], old=null
2019-10-09 12:08:06,921 [pool-127-thread-1] INFO  impl.RaftServerImpl (RaftServerImpl.java:setRole(174)) - d6eec3d4-696d-4b04-8dd8-a69ba37b960b@group-E304D42F6F98: changes role from      null to FOLLOWER at term 0 for startAsFollower
2019-10-09 12:08:06,922 [pool-127-thread-1] INFO  impl.RoleInfo (RoleInfo.java:updateAndGet(143)) - d6eec3d4-696d-4b04-8dd8-a69ba37b960b: start FollowerState
2019-10-09 12:08:06,922 [pool-127-thread-1] INFO  util.JmxRegister (JmxRegister.java:tryRegister(44)) - Successfully registered JMX Bean with object name Ratis:service=RaftServer,group=group-E304D42F6F98,id=d6eec3d4-696d-4b04-8dd8-a69ba37b960b
2019-10-09 12:08:06,923 [Command processor thread] INFO  commandhandler.CreatePipelineCommandHandler (CreatePipelineCommandHandler.java:handle(86)) - Create Pipeline RATIS ONE #id: "43ebd21a-84b3-4193-9f4a-e304d42f6f98"
 command succeed on datanode d6eec3d4-696d-4b04-8dd8-a69ba37b960b.
2019-10-09 12:08:06,925 [Command processor thread] INFO  impl.RaftServerProxy (RaftServerProxy.java:addNew(89)) - d6eec3d4-696d-4b04-8dd8-a69ba37b960b: addNew group-55793391DB1B:[8cef0f50-232a-49f9-bcef-6cb6b156aa27:192.168.30.33:32930, d6eec3d4-696d-4b04-8dd8-a69ba37b960b:192.168.30.33:35382, 27cd974f-2c7d-4160-9eda-bf0692ffddac:192.168.30.33:36843] returns group-55793391DB1B:java.util.concurrent.CompletableFuture@25c4fd5a[Not completed]
2019-10-09 12:08:06,927 [pool-127-thread-1] INFO  impl.RaftServerImpl (RaftServerImpl.java:<init>(95)) - d6eec3d4-696d-4b04-8dd8-a69ba37b960b: new RaftServerImpl for group-55793391DB1B:[8cef0f50-232a-49f9-bcef-6cb6b156aa27:192.168.30.33:32930, d6eec3d4-696d-4b04-8dd8-a69ba37b960b:192.168.30.33:35382, 27cd974f-2c7d-4160-9eda-bf0692ffddac:192.168.30.33:36843] with ContainerStateMachine:uninitialized
2019-10-09 12:08:06,927 [pool-127-thread-1] INFO  server.RaftServerConfigKeys (ConfUtils.java:logGet(43)) - raft.server.rpc.timeout.min = 5s (custom)
2019-10-09 12:08:06,927 [EventQueue-PipelineReportForPipelineReportHandler] INFO  pipeline.PipelineReportHandler (PipelineReportHandler.java:processPipelineReport(102)) - Pipeline PipelineID=43ebd21a-84b3-4193-9f4a-e304d42f6f98 reported by d6eec3d4-696d-4b04-8dd8-a69ba37b960b{ip: 192.168.30.33, host: pr-hdds-2034-v6pl4-3072628770, networkLocation: /default-rack, certSerialId: null}
2019-10-09 12:08:06,927 [pool-127-thread-1] INFO  server.RaftServerConfigKeys (ConfUtils.java:logGet(43)) - raft.server.rpc.timeout.max = 5200ms (custom)
2019-10-09 12:08:06,927 [EventQueue-PipelineReportForPipelineReportHandler] INFO  pipeline.PipelineStateManager (PipelineStateManager.java:openPipeline(134)) - Pipeline Pipeline[ Id: 43ebd21a-84b3-4193-9f4a-e304d42f6f98, Nodes: d6eec3d4-696d-4b04-8dd8-a69ba37b960b{ip: 192.168.30.33, host: pr-hdds-2034-v6pl4-3072628770, networkLocation: /default-rack, certSerialId: null}, Type:RATIS, Factor:ONE, State:ALLOCATED] moved to OPEN state
2019-10-09 12:08:06,927 [pool-127-thread-1] INFO  server.RaftServerConfigKeys (ConfUtils.java:logGet(43)) - raft.server.rpcslowness.timeout = 120s (custom)
2019-10-09 12:08:06,927 [pool-127-thread-1] INFO  server.RaftServerConfigKeys (ConfUtils.java:logGet(43)) - raft.server.sleep.deviation.threshold = 300 (default)
2019-10-09 12:08:06,929 [pool-127-thread-1] INFO  server.RaftServerConfigKeys (ConfUtils.java:logGet(43)) - raft.server.log.appender.install.snapshot.enabled = false (custom)
2019-10-09 12:08:06,930 [pool-127-thread-1] INFO  impl.RaftServerImpl (ServerState.java:<init>(103)) - d6eec3d4-696d-4b04-8dd8-a69ba37b960b@group-55793391DB1B: ConfigurationManager, init=-1: [8cef0f50-232a-49f9-bcef-6cb6b156aa27:192.168.30.33:32930, d6eec3d4-696d-4b04-8dd8-a69ba37b960b:192.168.30.33:35382, 27cd974f-2c7d-4160-9eda-bf0692ffddac:192.168.30.33:36843], old=null, confs=<EMPTY_MAP>
2019-10-09 12:08:06,930 [EventQueue-OpenPipelineForOneReplicaPipelineSafeModeRule] INFO  safemode.SCMSafeModeManager (SCMSafeModeManager.java:validateSafeModeExitRules(169)) - AtleastOneDatanodeReportedRule rule is successfully validated
2019-10-09 12:08:06,930 [pool-127-thread-1] INFO  server.RaftServerConfigKeys (ConfUtils.java:logGet(43)) - raft.server.storage.dir = [/workdir/hadoop-ozone/integration-test/target/test-dir/MiniOzoneClusterImpl-e7340580-22fa-48cc-aec5-f520e4c67952/datanode-0/data/ratis] (custom)
2019-10-09 12:08:06,930 [EventQueue-OpenPipelineForHealthyPipelineSafeModeRule] INFO  safemode.SCMSafeModeManager (HealthyPipelineSafeModeRule.java:process(122)) - SCM in safe mode. Healthy pipelines reported count is 1, required healthy pipeline reported count is 1
2019-10-09 12:08:06,930 [EventQueue-OpenPipelineForHealthyPipelineSafeModeRule] INFO  safemode.SCMSafeModeManager (SCMSafeModeManager.java:validateSafeModeExitRules(169)) - HealthyPipelineSafeModeRule rule is successfully validated
2019-10-09 12:08:06,930 [EventQueue-OpenPipelineForHealthyPipelineSafeModeRule] INFO  safemode.SCMSafeModeManager (SCMSafeModeManager.java:validateSafeModeExitRules(178)) - ScmSafeModeManager, all rules are successfully validated
2019-10-09 12:08:06,930 [EventQueue-OpenPipelineForHealthyPipelineSafeModeRule] INFO  safemode.SCMSafeModeManager (SCMSafeModeManager.java:exitSafeMode(194)) - SCM exiting safe mode.
2019-10-09 12:08:06,930 [pool-127-thread-1] INFO  storage.RaftStorageDirectory (RaftStorageDirectory.java:analyzeStorage(246)) - The storage directory /workdir/hadoop-ozone/integration-test/target/test-dir/MiniOzoneClusterImpl-e7340580-22fa-48cc-aec5-f520e4c67952/datanode-0/data/ratis/406c9160-5d24-4d35-af0e-55793391db1b does not exist. Creating ...
2019-10-09 12:08:06,942 [pool-127-thread-1] INFO  storage.RaftStorageDirectory (RaftStorageDirectory.java:tryLock(328)) - Lock on /workdir/hadoop-ozone/integration-test/target/test-dir/MiniOzoneClusterImpl-e7340580-22fa-48cc-aec5-f520e4c67952/datanode-0/data/ratis/406c9160-5d24-4d35-af0e-55793391db1b/in_use.lock acquired by nodename 11666@pr-hdds-2034-v6pl4-3072628770
2019-10-09 12:08:06,943 [Command processor thread] INFO  impl.RaftServerProxy (RaftServerProxy.java:addNew(89)) - 27cd974f-2c7d-4160-9eda-bf0692ffddac: addNew group-941B90EEFED7:[27cd974f-2c7d-4160-9eda-bf0692ffddac:192.168.30.33:36843] returns group-941B90EEFED7:java.util.concurrent.CompletableFuture@c0e8f1a[Not completed]
2019-10-09 12:08:06,945 [pool-137-thread-1] INFO  impl.RaftServerImpl (RaftServerImpl.java:<init>(95)) - 27cd974f-2c7d-4160-9eda-bf0692ffddac: new RaftServerImpl for group-941B90EEFED7:[27cd974f-2c7d-4160-9eda-bf0692ffddac:192.168.30.33:36843] with ContainerStateMachine:uninitialized
2019-10-09 12:08:06,945 [pool-137-thread-1] INFO  server.RaftServerConfigKeys (ConfUtils.java:logGet(43)) - raft.server.rpc.timeout.min = 5s (custom)
2019-10-09 12:08:06,945 [pool-137-thread-1] INFO  server.RaftServerConfigKeys (ConfUtils.java:logGet(43)) - raft.server.rpc.timeout.max = 5200ms (custom)
2019-10-09 12:08:06,945 [pool-137-thread-1] INFO  server.RaftServerConfigKeys (ConfUtils.java:logGet(43)) - raft.server.rpcslowness.timeout = 120s (custom)
2019-10-09 12:08:06,945 [pool-137-thread-1] INFO  server.RaftServerConfigKeys (ConfUtils.java:logGet(43)) - raft.server.sleep.deviation.threshold = 300 (default)
2019-10-09 12:08:06,945 [pool-137-thread-1] INFO  server.RaftServerConfigKeys (ConfUtils.java:logGet(43)) - raft.server.log.appender.install.snapshot.enabled = false (custom)
2019-10-09 12:08:06,946 [pool-137-thread-1] INFO  impl.RaftServerImpl (ServerState.java:<init>(103)) - 27cd974f-2c7d-4160-9eda-bf0692ffddac@group-941B90EEFED7: ConfigurationManager, init=-1: [27cd974f-2c7d-4160-9eda-bf0692ffddac:192.168.30.33:36843], old=null, confs=<EMPTY_MAP>
2019-10-09 12:08:06,946 [pool-137-thread-1] INFO  server.RaftServerConfigKeys (ConfUtils.java:logGet(43)) - raft.server.storage.dir = [/workdir/hadoop-ozone/integration-test/target/test-dir/MiniOzoneClusterImpl-e7340580-22fa-48cc-aec5-f520e4c67952/datanode-1/data/ratis] (custom)
2019-10-09 12:08:06,946 [pool-137-thread-1] INFO  storage.RaftStorageDirectory (RaftStorageDirectory.java:analyzeStorage(246)) - The storage directory /workdir/hadoop-ozone/integration-test/target/test-dir/MiniOzoneClusterImpl-e7340580-22fa-48cc-aec5-f520e4c67952/datanode-1/data/ratis/2f0713a2-2bf4-40fd-a646-941b90eefed7 does not exist. Creating ...
2019-10-09 12:08:06,955 [pool-137-thread-1] INFO  storage.RaftStorageDirectory (RaftStorageDirectory.java:tryLock(328)) - Lock on /workdir/hadoop-ozone/integration-test/target/test-dir/MiniOzoneClusterImpl-e7340580-22fa-48cc-aec5-f520e4c67952/datanode-1/data/ratis/2f0713a2-2bf4-40fd-a646-941b90eefed7/in_use.lock acquired by nodename 11666@pr-hdds-2034-v6pl4-3072628770
2019-10-09 12:08:06,955 [pool-127-thread-1] INFO  storage.RaftStorage (RaftStorage.java:format(72)) - Storage directory /workdir/hadoop-ozone/integration-test/target/test-dir/MiniOzoneClusterImpl-e7340580-22fa-48cc-aec5-f520e4c67952/datanode-0/data/ratis/406c9160-5d24-4d35-af0e-55793391db1b has been successfully formatted.
2019-10-09 12:08:06,956 [pool-127-thread-1] INFO  ratis.ContainerStateMachine (ContainerStateMachine.java:loadSnapshot(230)) - group-55793391DB1B: The snapshot info is null. Setting the last applied indexto:(t:0, i:~)
2019-10-09 12:08:06,956 [pool-127-thread-1] INFO  server.RaftServerConfigKeys (ConfUtils.java:logGet(43)) - raft.server.notification.no-leader.timeout = 120s (custom)
2019-10-09 12:08:06,956 [pool-127-thread-1] INFO  server.RaftServerConfigKeys (ConfUtils.java:logGet(43)) - raft.server.log.use.memory = false (default)
2019-10-09 12:08:06,956 [pool-127-thread-1] INFO  server.RaftServerConfigKeys (ConfUtils.java:logGet(43)) - raft.server.log.purge.gap = 1000000 (custom)
2019-10-09 12:08:06,956 [pool-127-thread-1] INFO  server.RaftServerConfigKeys (ConfUtils.java:logGet(43)) - raft.server.log.appender.buffer.byte-limit = 33554432 (custom)
2019-10-09 12:08:06,956 [pool-127-thread-1] INFO  server.RaftServerConfigKeys (ConfUtils.java:logGet(43)) - raft.server.log.segment.size.max = 1048576 (custom)
2019-10-09 12:08:06,956 [pool-127-thread-1] INFO  server.RaftServerConfigKeys (ConfUtils.java:logGet(43)) - raft.server.log.segment.cache.num.max = 2 (custom)
2019-10-09 12:08:06,956 [pool-127-thread-1] INFO  segmented.SegmentedRaftLogWorker (SegmentedRaftLogWorker.java:<init>(172)) - new d6eec3d4-696d-4b04-8dd8-a69ba37b960b@group-55793391DB1B-SegmentedRaftLogWorker for RaftStorage:Storage Directory /workdir/hadoop-ozone/integration-test/target/test-dir/MiniOzoneClusterImpl-e7340580-22fa-48cc-aec5-f520e4c67952/datanode-0/data/ratis/406c9160-5d24-4d35-af0e-55793391db1b
2019-10-09 12:08:06,957 [pool-127-thread-1] INFO  server.RaftServerConfigKeys (ConfUtils.java:logGet(43)) - raft.server.log.queue.byte-limit = 2147483647 (custom)
2019-10-09 12:08:06,957 [pool-127-thread-1] INFO  server.RaftServerConfigKeys (ConfUtils.java:logGet(43)) - raft.server.log.queue.element-limit = 1024 (custom)
2019-10-09 12:08:06,957 [pool-127-thread-1] INFO  server.RaftServerConfigKeys (ConfUtils.java:logGet(43)) - raft.server.log.segment.size.max = 1048576 (custom)
2019-10-09 12:08:06,957 [pool-127-thread-1] INFO  server.RaftServerConfigKeys (ConfUtils.java:logGet(43)) - raft.server.log.preallocated.size = 16384 (custom)
2019-10-09 12:08:06,957 [pool-127-thread-1] INFO  server.RaftServerConfigKeys (ConfUtils.java:logGet(43)) - raft.server.log.write.buffer.size = 33554432 (custom)
2019-10-09 12:08:06,957 [pool-127-thread-1] INFO  server.RaftServerConfigKeys (ConfUtils.java:logGet(43)) - raft.server.log.force.sync.num = 128 (default)
2019-10-09 12:08:06,957 [pool-127-thread-1] INFO  server.RaftServerConfigKeys (ConfUtils.java:logGet(43)) - raft.server.log.statemachine.data.sync = true (default)
2019-10-09 12:08:06,957 [pool-127-thread-1] INFO  server.RaftServerConfigKeys (ConfUtils.java:logGet(43)) - raft.server.log.statemachine.data.sync.timeout = 10s (default)
2019-10-09 12:08:06,957 [pool-127-thread-1] INFO  server.RaftServerConfigKeys (ConfUtils.java:logGet(43)) - raft.server.log.statemachine.data.sync.timeout.retry = -1 (default)
2019-10-09 12:08:06,957 [pool-127-thread-1] INFO  server.RaftServerConfigKeys (ConfUtils.java:logGet(43)) - raft.server.log.statemachine.data.caching.enabled = true (custom)
2019-10-09 12:08:06,958 [pool-127-thread-1] INFO  segmented.SegmentedRaftLogWorker (SegmentedRaftLogWorker.java:lambda$new$0(132)) - d6eec3d4-696d-4b04-8dd8-a69ba37b960b@group-55793391DB1B-SegmentedRaftLogWorker: flushIndex: setUnconditionally 0 -> -1
2019-10-09 12:08:06,958 [pool-127-thread-1] INFO  server.RaftServerConfigKeys (ConfUtils.java:logGet(43)) - raft.server.snapshot.auto.trigger.enabled = true (custom)
2019-10-09 12:08:06,959 [pool-127-thread-1] INFO  server.RaftServerConfigKeys (ConfUtils.java:logGet(43)) - raft.server.snapshot.auto.trigger.threshold = 10000 (custom)
2019-10-09 12:08:06,959 [pool-127-thread-1] INFO  server.RaftServerConfigKeys (ConfUtils.java:logGet(43)) - raft.server.snapshot.retention.num.files = 5 (custom)
2019-10-09 12:08:06,959 [pool-127-thread-1] INFO  server.RaftServerConfigKeys (ConfUtils.java:logGet(43)) - raft.server.retrycache.expirytime = 600000ms (custom)
2019-10-09 12:08:06,961 [pool-127-thread-1] INFO  impl.RaftServerImpl (RaftServerImpl.java:start(185)) - d6eec3d4-696d-4b04-8dd8-a69ba37b960b@group-55793391DB1B: start as a follower, conf=-1: [8cef0f50-232a-49f9-bcef-6cb6b156aa27:192.168.30.33:32930, d6eec3d4-696d-4b04-8dd8-a69ba37b960b:192.168.30.33:35382, 27cd974f-2c7d-4160-9eda-bf0692ffddac:192.168.30.33:36843], old=null
2019-10-09 12:08:06,961 [pool-127-thread-1] INFO  impl.RaftServerImpl (RaftServerImpl.java:setRole(174)) - d6eec3d4-696d-4b04-8dd8-a69ba37b960b@group-55793391DB1B: changes role from      null to FOLLOWER at term 0 for startAsFollower
2019-10-09 12:08:06,961 [pool-127-thread-1] INFO  impl.RoleInfo (RoleInfo.java:updateAndGet(143)) - d6eec3d4-696d-4b04-8dd8-a69ba37b960b: start FollowerState
2019-10-09 12:08:06,961 [pool-127-thread-1] INFO  util.JmxRegister (JmxRegister.java:tryRegister(44)) - Successfully registered JMX Bean with object name Ratis:service=RaftServer,group=group-55793391DB1B,id=d6eec3d4-696d-4b04-8dd8-a69ba37b960b
2019-10-09 12:08:06,962 [Command processor thread] INFO  commandhandler.CreatePipelineCommandHandler (CreatePipelineCommandHandler.java:handle(86)) - Create Pipeline RATIS THREE #id: "406c9160-5d24-4d35-af0e-55793391db1b"
 command succeed on datanode d6eec3d4-696d-4b04-8dd8-a69ba37b960b.
2019-10-09 12:08:06,963 [EventQueue-PipelineReportForPipelineReportHandler] INFO  pipeline.PipelineReportHandler (PipelineReportHandler.java:processPipelineReport(102)) - Pipeline PipelineID=406c9160-5d24-4d35-af0e-55793391db1b reported by d6eec3d4-696d-4b04-8dd8-a69ba37b960b{ip: 192.168.30.33, host: pr-hdds-2034-v6pl4-3072628770, networkLocation: /default-rack, certSerialId: null}
2019-10-09 12:08:06,967 [pool-137-thread-1] INFO  storage.RaftStorage (RaftStorage.java:format(72)) - Storage directory /workdir/hadoop-ozone/integration-test/target/test-dir/MiniOzoneClusterImpl-e7340580-22fa-48cc-aec5-f520e4c67952/datanode-1/data/ratis/2f0713a2-2bf4-40fd-a646-941b90eefed7 has been successfully formatted.
2019-10-09 12:08:06,967 [pool-137-thread-1] INFO  ratis.ContainerStateMachine (ContainerStateMachine.java:loadSnapshot(230)) - group-941B90EEFED7: The snapshot info is null. Setting the last applied indexto:(t:0, i:~)
2019-10-09 12:08:06,967 [pool-137-thread-1] INFO  server.RaftServerConfigKeys (ConfUtils.java:logGet(43)) - raft.server.notification.no-leader.timeout = 120s (custom)
2019-10-09 12:08:06,967 [pool-137-thread-1] INFO  server.RaftServerConfigKeys (ConfUtils.java:logGet(43)) - raft.server.log.use.memory = false (default)
2019-10-09 12:08:06,968 [pool-137-thread-1] INFO  server.RaftServerConfigKeys (ConfUtils.java:logGet(43)) - raft.server.log.purge.gap = 1000000 (custom)
2019-10-09 12:08:06,968 [pool-137-thread-1] INFO  server.RaftServerConfigKeys (ConfUtils.java:logGet(43)) - raft.server.log.appender.buffer.byte-limit = 33554432 (custom)
2019-10-09 12:08:06,968 [pool-137-thread-1] INFO  server.RaftServerConfigKeys (ConfUtils.java:logGet(43)) - raft.server.log.segment.size.max = 1048576 (custom)
2019-10-09 12:08:06,968 [pool-137-thread-1] INFO  server.RaftServerConfigKeys (ConfUtils.java:logGet(43)) - raft.server.log.segment.cache.num.max = 2 (custom)
2019-10-09 12:08:06,968 [pool-137-thread-1] INFO  segmented.SegmentedRaftLogWorker (SegmentedRaftLogWorker.java:<init>(172)) - new 27cd974f-2c7d-4160-9eda-bf0692ffddac@group-941B90EEFED7-SegmentedRaftLogWorker for RaftStorage:Storage Directory /workdir/hadoop-ozone/integration-test/target/test-dir/MiniOzoneClusterImpl-e7340580-22fa-48cc-aec5-f520e4c67952/datanode-1/data/ratis/2f0713a2-2bf4-40fd-a646-941b90eefed7
2019-10-09 12:08:06,970 [pool-137-thread-1] INFO  server.RaftServerConfigKeys (ConfUtils.java:logGet(43)) - raft.server.log.queue.byte-limit = 2147483647 (custom)
2019-10-09 12:08:06,970 [pool-137-thread-1] INFO  server.RaftServerConfigKeys (ConfUtils.java:logGet(43)) - raft.server.log.queue.element-limit = 1024 (custom)
2019-10-09 12:08:06,970 [pool-137-thread-1] INFO  server.RaftServerConfigKeys (ConfUtils.java:logGet(43)) - raft.server.log.segment.size.max = 1048576 (custom)
2019-10-09 12:08:06,970 [pool-137-thread-1] INFO  server.RaftServerConfigKeys (ConfUtils.java:logGet(43)) - raft.server.log.preallocated.size = 16384 (custom)
2019-10-09 12:08:06,970 [pool-137-thread-1] INFO  server.RaftServerConfigKeys (ConfUtils.java:logGet(43)) - raft.server.log.write.buffer.size = 33554432 (custom)
2019-10-09 12:08:06,970 [pool-137-thread-1] INFO  server.RaftServerConfigKeys (ConfUtils.java:logGet(43)) - raft.server.log.force.sync.num = 128 (default)
2019-10-09 12:08:06,970 [pool-137-thread-1] INFO  server.RaftServerConfigKeys (ConfUtils.java:logGet(43)) - raft.server.log.statemachine.data.sync = true (default)
2019-10-09 12:08:06,971 [pool-137-thread-1] INFO  server.RaftServerConfigKeys (ConfUtils.java:logGet(43)) - raft.server.log.statemachine.data.sync.timeout = 10s (default)
2019-10-09 12:08:06,971 [pool-137-thread-1] INFO  server.RaftServerConfigKeys (ConfUtils.java:logGet(43)) - raft.server.log.statemachine.data.sync.timeout.retry = -1 (default)
2019-10-09 12:08:06,971 [pool-137-thread-1] INFO  server.RaftServerConfigKeys (ConfUtils.java:logGet(43)) - raft.server.log.statemachine.data.caching.enabled = true (custom)
2019-10-09 12:08:06,971 [pool-137-thread-1] INFO  segmented.SegmentedRaftLogWorker (SegmentedRaftLogWorker.java:lambda$new$0(132)) - 27cd974f-2c7d-4160-9eda-bf0692ffddac@group-941B90EEFED7-SegmentedRaftLogWorker: flushIndex: setUnconditionally 0 -> -1
2019-10-09 12:08:06,972 [pool-137-thread-1] INFO  server.RaftServerConfigKeys (ConfUtils.java:logGet(43)) - raft.server.snapshot.auto.trigger.enabled = true (custom)
2019-10-09 12:08:06,972 [pool-137-thread-1] INFO  server.RaftServerConfigKeys (ConfUtils.java:logGet(43)) - raft.server.snapshot.auto.trigger.threshold = 10000 (custom)
2019-10-09 12:08:06,972 [pool-137-thread-1] INFO  server.RaftServerConfigKeys (ConfUtils.java:logGet(43)) - raft.server.snapshot.retention.num.files = 5 (custom)
2019-10-09 12:08:06,972 [pool-137-thread-1] INFO  server.RaftServerConfigKeys (ConfUtils.java:logGet(43)) - raft.server.retrycache.expirytime = 600000ms (custom)
2019-10-09 12:08:06,974 [pool-137-thread-1] INFO  impl.RaftServerImpl (RaftServerImpl.java:start(185)) - 27cd974f-2c7d-4160-9eda-bf0692ffddac@group-941B90EEFED7: start as a follower, conf=-1: [27cd974f-2c7d-4160-9eda-bf0692ffddac:192.168.30.33:36843], old=null
2019-10-09 12:08:06,974 [pool-137-thread-1] INFO  impl.RaftServerImpl (RaftServerImpl.java:setRole(174)) - 27cd974f-2c7d-4160-9eda-bf0692ffddac@group-941B90EEFED7: changes role from      null to FOLLOWER at term 0 for startAsFollower
2019-10-09 12:08:06,974 [pool-137-thread-1] INFO  impl.RoleInfo (RoleInfo.java:updateAndGet(143)) - 27cd974f-2c7d-4160-9eda-bf0692ffddac: start FollowerState
2019-10-09 12:08:06,974 [pool-137-thread-1] INFO  util.JmxRegister (JmxRegister.java:tryRegister(44)) - Successfully registered JMX Bean with object name Ratis:service=RaftServer,group=group-941B90EEFED7,id=27cd974f-2c7d-4160-9eda-bf0692ffddac
2019-10-09 12:08:06,975 [Command processor thread] INFO  commandhandler.CreatePipelineCommandHandler (CreatePipelineCommandHandler.java:handle(86)) - Create Pipeline RATIS ONE #id: "2f0713a2-2bf4-40fd-a646-941b90eefed7"
 command succeed on datanode 27cd974f-2c7d-4160-9eda-bf0692ffddac.
2019-10-09 12:08:06,982 [Command processor thread] INFO  impl.RaftServerProxy (RaftServerProxy.java:addNew(89)) - 27cd974f-2c7d-4160-9eda-bf0692ffddac: addNew group-55793391DB1B:[8cef0f50-232a-49f9-bcef-6cb6b156aa27:192.168.30.33:32930, d6eec3d4-696d-4b04-8dd8-a69ba37b960b:192.168.30.33:35382, 27cd974f-2c7d-4160-9eda-bf0692ffddac:192.168.30.33:36843] returns group-55793391DB1B:java.util.concurrent.CompletableFuture@8311a43[Not completed]
2019-10-09 12:08:06,983 [pool-137-thread-1] INFO  impl.RaftServerImpl (RaftServerImpl.java:<init>(95)) - 27cd974f-2c7d-4160-9eda-bf0692ffddac: new RaftServerImpl for group-55793391DB1B:[8cef0f50-232a-49f9-bcef-6cb6b156aa27:192.168.30.33:32930, d6eec3d4-696d-4b04-8dd8-a69ba37b960b:192.168.30.33:35382, 27cd974f-2c7d-4160-9eda-bf0692ffddac:192.168.30.33:36843] with ContainerStateMachine:uninitialized
2019-10-09 12:08:06,983 [EventQueue-PipelineReportForPipelineReportHandler] INFO  pipeline.PipelineReportHandler (PipelineReportHandler.java:processPipelineReport(102)) - Pipeline PipelineID=2f0713a2-2bf4-40fd-a646-941b90eefed7 reported by 27cd974f-2c7d-4160-9eda-bf0692ffddac{ip: 192.168.30.33, host: pr-hdds-2034-v6pl4-3072628770, networkLocation: /default-rack, certSerialId: null}
2019-10-09 12:08:06,983 [pool-137-thread-1] INFO  server.RaftServerConfigKeys (ConfUtils.java:logGet(43)) - raft.server.rpc.timeout.min = 5s (custom)
2019-10-09 12:08:06,983 [EventQueue-PipelineReportForPipelineReportHandler] INFO  pipeline.PipelineStateManager (PipelineStateManager.java:openPipeline(134)) - Pipeline Pipeline[ Id: 2f0713a2-2bf4-40fd-a646-941b90eefed7, Nodes: 27cd974f-2c7d-4160-9eda-bf0692ffddac{ip: 192.168.30.33, host: pr-hdds-2034-v6pl4-3072628770, networkLocation: /default-rack, certSerialId: null}, Type:RATIS, Factor:ONE, State:ALLOCATED] moved to OPEN state
2019-10-09 12:08:06,983 [pool-137-thread-1] INFO  server.RaftServerConfigKeys (ConfUtils.java:logGet(43)) - raft.server.rpc.timeout.max = 5200ms (custom)
2019-10-09 12:08:06,984 [pool-137-thread-1] INFO  server.RaftServerConfigKeys (ConfUtils.java:logGet(43)) - raft.server.rpcslowness.timeout = 120s (custom)
2019-10-09 12:08:06,984 [pool-137-thread-1] INFO  server.RaftServerConfigKeys (ConfUtils.java:logGet(43)) - raft.server.sleep.deviation.threshold = 300 (default)
2019-10-09 12:08:06,984 [pool-137-thread-1] INFO  server.RaftServerConfigKeys (ConfUtils.java:logGet(43)) - raft.server.log.appender.install.snapshot.enabled = false (custom)
2019-10-09 12:08:06,984 [pool-137-thread-1] INFO  impl.RaftServerImpl (ServerState.java:<init>(103)) - 27cd974f-2c7d-4160-9eda-bf0692ffddac@group-55793391DB1B: ConfigurationManager, init=-1: [8cef0f50-232a-49f9-bcef-6cb6b156aa27:192.168.30.33:32930, d6eec3d4-696d-4b04-8dd8-a69ba37b960b:192.168.30.33:35382, 27cd974f-2c7d-4160-9eda-bf0692ffddac:192.168.30.33:36843], old=null, confs=<EMPTY_MAP>
2019-10-09 12:08:06,984 [pool-137-thread-1] INFO  server.RaftServerConfigKeys (ConfUtils.java:logGet(43)) - raft.server.storage.dir = [/workdir/hadoop-ozone/integration-test/target/test-dir/MiniOzoneClusterImpl-e7340580-22fa-48cc-aec5-f520e4c67952/datanode-1/data/ratis] (custom)
2019-10-09 12:08:06,984 [pool-137-thread-1] INFO  storage.RaftStorageDirectory (RaftStorageDirectory.java:analyzeStorage(246)) - The storage directory /workdir/hadoop-ozone/integration-test/target/test-dir/MiniOzoneClusterImpl-e7340580-22fa-48cc-aec5-f520e4c67952/datanode-1/data/ratis/406c9160-5d24-4d35-af0e-55793391db1b does not exist. Creating ...
2019-10-09 12:08:06,997 [pool-137-thread-1] INFO  storage.RaftStorageDirectory (RaftStorageDirectory.java:tryLock(328)) - Lock on /workdir/hadoop-ozone/integration-test/target/test-dir/MiniOzoneClusterImpl-e7340580-22fa-48cc-aec5-f520e4c67952/datanode-1/data/ratis/406c9160-5d24-4d35-af0e-55793391db1b/in_use.lock acquired by nodename 11666@pr-hdds-2034-v6pl4-3072628770
2019-10-09 12:08:07,008 [pool-137-thread-1] INFO  storage.RaftStorage (RaftStorage.java:format(72)) - Storage directory /workdir/hadoop-ozone/integration-test/target/test-dir/MiniOzoneClusterImpl-e7340580-22fa-48cc-aec5-f520e4c67952/datanode-1/data/ratis/406c9160-5d24-4d35-af0e-55793391db1b has been successfully formatted.
2019-10-09 12:08:07,008 [pool-137-thread-1] INFO  ratis.ContainerStateMachine (ContainerStateMachine.java:loadSnapshot(230)) - group-55793391DB1B: The snapshot info is null. Setting the last applied indexto:(t:0, i:~)
2019-10-09 12:08:07,008 [pool-137-thread-1] INFO  server.RaftServerConfigKeys (ConfUtils.java:logGet(43)) - raft.server.notification.no-leader.timeout = 120s (custom)
2019-10-09 12:08:07,008 [pool-137-thread-1] INFO  server.RaftServerConfigKeys (ConfUtils.java:logGet(43)) - raft.server.log.use.memory = false (default)
2019-10-09 12:08:07,008 [pool-137-thread-1] INFO  server.RaftServerConfigKeys (ConfUtils.java:logGet(43)) - raft.server.log.purge.gap = 1000000 (custom)
2019-10-09 12:08:07,009 [pool-137-thread-1] INFO  server.RaftServerConfigKeys (ConfUtils.java:logGet(43)) - raft.server.log.appender.buffer.byte-limit = 33554432 (custom)
2019-10-09 12:08:07,009 [pool-137-thread-1] INFO  server.RaftServerConfigKeys (ConfUtils.java:logGet(43)) - raft.server.log.segment.size.max = 1048576 (custom)
2019-10-09 12:08:07,009 [pool-137-thread-1] INFO  server.RaftServerConfigKeys (ConfUtils.java:logGet(43)) - raft.server.log.segment.cache.num.max = 2 (custom)
2019-10-09 12:08:07,009 [pool-137-thread-1] INFO  segmented.SegmentedRaftLogWorker (SegmentedRaftLogWorker.java:<init>(172)) - new 27cd974f-2c7d-4160-9eda-bf0692ffddac@group-55793391DB1B-SegmentedRaftLogWorker for RaftStorage:Storage Directory /workdir/hadoop-ozone/integration-test/target/test-dir/MiniOzoneClusterImpl-e7340580-22fa-48cc-aec5-f520e4c67952/datanode-1/data/ratis/406c9160-5d24-4d35-af0e-55793391db1b
2019-10-09 12:08:07,009 [pool-137-thread-1] INFO  server.RaftServerConfigKeys (ConfUtils.java:logGet(43)) - raft.server.log.queue.byte-limit = 2147483647 (custom)
2019-10-09 12:08:07,009 [pool-137-thread-1] INFO  server.RaftServerConfigKeys (ConfUtils.java:logGet(43)) - raft.server.log.queue.element-limit = 1024 (custom)
2019-10-09 12:08:07,009 [pool-137-thread-1] INFO  server.RaftServerConfigKeys (ConfUtils.java:logGet(43)) - raft.server.log.segment.size.max = 1048576 (custom)
2019-10-09 12:08:07,009 [pool-137-thread-1] INFO  server.RaftServerConfigKeys (ConfUtils.java:logGet(43)) - raft.server.log.preallocated.size = 16384 (custom)
2019-10-09 12:08:07,010 [pool-137-thread-1] INFO  server.RaftServerConfigKeys (ConfUtils.java:logGet(43)) - raft.server.log.write.buffer.size = 33554432 (custom)
2019-10-09 12:08:07,010 [pool-137-thread-1] INFO  server.RaftServerConfigKeys (ConfUtils.java:logGet(43)) - raft.server.log.force.sync.num = 128 (default)
2019-10-09 12:08:07,010 [pool-137-thread-1] INFO  server.RaftServerConfigKeys (ConfUtils.java:logGet(43)) - raft.server.log.statemachine.data.sync = true (default)
2019-10-09 12:08:07,010 [pool-137-thread-1] INFO  server.RaftServerConfigKeys (ConfUtils.java:logGet(43)) - raft.server.log.statemachine.data.sync.timeout = 10s (default)
2019-10-09 12:08:07,010 [pool-137-thread-1] INFO  server.RaftServerConfigKeys (ConfUtils.java:logGet(43)) - raft.server.log.statemachine.data.sync.timeout.retry = -1 (default)
2019-10-09 12:08:07,010 [pool-137-thread-1] INFO  server.RaftServerConfigKeys (ConfUtils.java:logGet(43)) - raft.server.log.statemachine.data.caching.enabled = true (custom)
2019-10-09 12:08:07,010 [pool-137-thread-1] INFO  segmented.SegmentedRaftLogWorker (SegmentedRaftLogWorker.java:lambda$new$0(132)) - 27cd974f-2c7d-4160-9eda-bf0692ffddac@group-55793391DB1B-SegmentedRaftLogWorker: flushIndex: setUnconditionally 0 -> -1
2019-10-09 12:08:07,011 [pool-137-thread-1] INFO  server.RaftServerConfigKeys (ConfUtils.java:logGet(43)) - raft.server.snapshot.auto.trigger.enabled = true (custom)
2019-10-09 12:08:07,011 [pool-137-thread-1] INFO  server.RaftServerConfigKeys (ConfUtils.java:logGet(43)) - raft.server.snapshot.auto.trigger.threshold = 10000 (custom)
2019-10-09 12:08:07,011 [pool-137-thread-1] INFO  server.RaftServerConfigKeys (ConfUtils.java:logGet(43)) - raft.server.snapshot.retention.num.files = 5 (custom)
2019-10-09 12:08:07,011 [pool-137-thread-1] INFO  server.RaftServerConfigKeys (ConfUtils.java:logGet(43)) - raft.server.retrycache.expirytime = 600000ms (custom)
2019-10-09 12:08:07,013 [pool-137-thread-1] INFO  impl.RaftServerImpl (RaftServerImpl.java:start(185)) - 27cd974f-2c7d-4160-9eda-bf0692ffddac@group-55793391DB1B: start as a follower, conf=-1: [8cef0f50-232a-49f9-bcef-6cb6b156aa27:192.168.30.33:32930, d6eec3d4-696d-4b04-8dd8-a69ba37b960b:192.168.30.33:35382, 27cd974f-2c7d-4160-9eda-bf0692ffddac:192.168.30.33:36843], old=null
2019-10-09 12:08:07,013 [pool-137-thread-1] INFO  impl.RaftServerImpl (RaftServerImpl.java:setRole(174)) - 27cd974f-2c7d-4160-9eda-bf0692ffddac@group-55793391DB1B: changes role from      null to FOLLOWER at term 0 for startAsFollower
2019-10-09 12:08:07,013 [pool-137-thread-1] INFO  impl.RoleInfo (RoleInfo.java:updateAndGet(143)) - 27cd974f-2c7d-4160-9eda-bf0692ffddac: start FollowerState
2019-10-09 12:08:07,014 [pool-137-thread-1] INFO  util.JmxRegister (JmxRegister.java:tryRegister(44)) - Successfully registered JMX Bean with object name Ratis:service=RaftServer,group=group-55793391DB1B,id=27cd974f-2c7d-4160-9eda-bf0692ffddac
2019-10-09 12:08:07,014 [Command processor thread] INFO  commandhandler.CreatePipelineCommandHandler (CreatePipelineCommandHandler.java:handle(86)) - Create Pipeline RATIS THREE #id: "406c9160-5d24-4d35-af0e-55793391db1b"
 command succeed on datanode 27cd974f-2c7d-4160-9eda-bf0692ffddac.
2019-10-09 12:08:07,015 [EventQueue-PipelineReportForPipelineReportHandler] INFO  pipeline.PipelineReportHandler (PipelineReportHandler.java:processPipelineReport(102)) - Pipeline PipelineID=406c9160-5d24-4d35-af0e-55793391db1b reported by 27cd974f-2c7d-4160-9eda-bf0692ffddac{ip: 192.168.30.33, host: pr-hdds-2034-v6pl4-3072628770, networkLocation: /default-rack, certSerialId: null}
2019-10-09 12:08:07,020 [Command processor thread] INFO  impl.RaftServerProxy (RaftServerProxy.java:addNew(89)) - 8cef0f50-232a-49f9-bcef-6cb6b156aa27: addNew group-A8644B6BB4DC:[8cef0f50-232a-49f9-bcef-6cb6b156aa27:192.168.30.33:32930] returns group-A8644B6BB4DC:java.util.concurrent.CompletableFuture@6ac9244b[Not completed]
2019-10-09 12:08:07,021 [main] INFO  ozone.MiniOzoneClusterImpl (MiniOzoneClusterImpl.java:lambda$waitForClusterToBeReady$0(149)) - Nodes are ready. Got 3 of 3 DN Heartbeats.
2019-10-09 12:08:07,022 [pool-147-thread-1] INFO  impl.RaftServerImpl (RaftServerImpl.java:<init>(95)) - 8cef0f50-232a-49f9-bcef-6cb6b156aa27: new RaftServerImpl for group-A8644B6BB4DC:[8cef0f50-232a-49f9-bcef-6cb6b156aa27:192.168.30.33:32930] with ContainerStateMachine:uninitialized
2019-10-09 12:08:07,022 [main] INFO  ozone.MiniOzoneClusterImpl (MiniOzoneClusterImpl.java:lambda$waitForClusterToBeReady$0(152)) - Cluster exits safe mode
2019-10-09 12:08:07,022 [pool-147-thread-1] INFO  server.RaftServerConfigKeys (ConfUtils.java:logGet(43)) - raft.server.rpc.timeout.min = 5s (custom)
2019-10-09 12:08:07,022 [pool-147-thread-1] INFO  server.RaftServerConfigKeys (ConfUtils.java:logGet(43)) - raft.server.rpc.timeout.max = 5200ms (custom)
2019-10-09 12:08:07,022 [pool-147-thread-1] INFO  server.RaftServerConfigKeys (ConfUtils.java:logGet(43)) - raft.server.rpcslowness.timeout = 120s (custom)
2019-10-09 12:08:07,022 [pool-147-thread-1] INFO  server.RaftServerConfigKeys (ConfUtils.java:logGet(43)) - raft.server.sleep.deviation.threshold = 300 (default)
2019-10-09 12:08:07,022 [pool-147-thread-1] INFO  server.RaftServerConfigKeys (ConfUtils.java:logGet(43)) - raft.server.log.appender.install.snapshot.enabled = false (custom)
2019-10-09 12:08:07,022 [main] INFO  ozone.MiniOzoneClusterImpl (MiniOzoneClusterImpl.java:shutdown(319)) - Shutting down the Mini Ozone Cluster
2019-10-09 12:08:07,022 [pool-147-thread-1] INFO  impl.RaftServerImpl (ServerState.java:<init>(103)) - 8cef0f50-232a-49f9-bcef-6cb6b156aa27@group-A8644B6BB4DC: ConfigurationManager, init=-1: [8cef0f50-232a-49f9-bcef-6cb6b156aa27:192.168.30.33:32930], old=null, confs=<EMPTY_MAP>
2019-10-09 12:08:07,023 [main] INFO  ozone.MiniOzoneClusterImpl (MiniOzoneClusterImpl.java:stop(335)) - Stopping the Mini Ozone Cluster
2019-10-09 12:08:07,023 [main] INFO  ozone.MiniOzoneClusterImpl (MiniOzoneClusterImpl.java:stopOM(405)) - Stopping the OzoneManager
2019-10-09 12:08:07,023 [pool-147-thread-1] INFO  server.RaftServerConfigKeys (ConfUtils.java:logGet(43)) - raft.server.storage.dir = [/workdir/hadoop-ozone/integration-test/target/test-dir/MiniOzoneClusterImpl-e7340580-22fa-48cc-aec5-f520e4c67952/datanode-2/data/ratis] (custom)
2019-10-09 12:08:07,023 [main] INFO  ipc.Server (Server.java:stop(3082)) - Stopping server on 46423
2019-10-09 12:08:07,024 [pool-147-thread-1] INFO  storage.RaftStorageDirectory (RaftStorageDirectory.java:analyzeStorage(246)) - The storage directory /workdir/hadoop-ozone/integration-test/target/test-dir/MiniOzoneClusterImpl-e7340580-22fa-48cc-aec5-f520e4c67952/datanode-2/data/ratis/28e9a789-c54b-4003-adcd-a8644b6bb4dc does not exist. Creating ...
2019-10-09 12:08:07,026 [IPC Server listener on 46423] INFO  ipc.Server (Server.java:run(1185)) - Stopping IPC Server listener on 46423
2019-10-09 12:08:07,027 [main] INFO  ratis.OzoneManagerDoubleBuffer (OzoneManagerDoubleBuffer.java:stop(248)) - Stopping OMDoubleBuffer flush thread
2019-10-09 12:08:07,028 [IPC Server Responder] INFO  ipc.Server (Server.java:run(1319)) - Stopping IPC Server Responder
2019-10-09 12:08:07,028 [OMDoubleBufferFlushThread] INFO  ratis.OzoneManagerDoubleBuffer (OzoneManagerDoubleBuffer.java:flushTransactions(191)) - OMDoubleBuffer flush thread OMDoubleBufferFlushThread is interrupted and will exit. OMDoubleBufferFlushThread
2019-10-09 12:08:07,028 [main] INFO  utils.BackgroundService (BackgroundService.java:shutdown(148)) - Shutting down service KeyDeletingService
2019-10-09 12:08:07,029 [main] INFO  handler.ContextHandler (ContextHandler.java:doStop(910)) - Stopped o.e.j.w.WebAppContext@63cd2cd2{/,null,UNAVAILABLE}{/ozoneManager}
2019-10-09 12:08:07,029 [main] INFO  server.AbstractConnector (AbstractConnector.java:doStop(318)) - Stopped ServerConnector@557a84fe{HTTP/1.1,[http/1.1]}{0.0.0.0:0}
2019-10-09 12:08:07,030 [main] INFO  handler.ContextHandler (ContextHandler.java:doStop(910)) - Stopped o.e.j.s.ServletContextHandler@f1868c9{/static,file:///workdir/hadoop-ozone/integration-test/target/test-classes/webapps/static,UNAVAILABLE}
2019-10-09 12:08:07,030 [main] INFO  handler.ContextHandler (ContextHandler.java:doStop(910)) - Stopped o.e.j.s.ServletContextHandler@b34832b{/logs,file:///workdir/hadoop-ozone/integration-test/target/log,UNAVAILABLE}
2019-10-09 12:08:07,032 [main] INFO  ozone.MiniOzoneClusterImpl (MiniOzoneClusterImpl.java:stopDatanodes(382)) - Stopping the HddsDatanodes
2019-10-09 12:08:07,037 [pool-147-thread-1] INFO  storage.RaftStorageDirectory (RaftStorageDirectory.java:tryLock(328)) - Lock on /workdir/hadoop-ozone/integration-test/target/test-dir/MiniOzoneClusterImpl-e7340580-22fa-48cc-aec5-f520e4c67952/datanode-2/data/ratis/28e9a789-c54b-4003-adcd-a8644b6bb4dc/in_use.lock acquired by nodename 11666@pr-hdds-2034-v6pl4-3072628770
2019-10-09 12:08:07,049 [pool-147-thread-1] INFO  storage.RaftStorage (RaftStorage.java:format(72)) - Storage directory /workdir/hadoop-ozone/integration-test/target/test-dir/MiniOzoneClusterImpl-e7340580-22fa-48cc-aec5-f520e4c67952/datanode-2/data/ratis/28e9a789-c54b-4003-adcd-a8644b6bb4dc has been successfully formatted.
2019-10-09 12:08:07,049 [pool-147-thread-1] INFO  ratis.ContainerStateMachine (ContainerStateMachine.java:loadSnapshot(230)) - group-A8644B6BB4DC: The snapshot info is null. Setting the last applied indexto:(t:0, i:~)
2019-10-09 12:08:07,049 [pool-147-thread-1] INFO  server.RaftServerConfigKeys (ConfUtils.java:logGet(43)) - raft.server.notification.no-leader.timeout = 120s (custom)
2019-10-09 12:08:07,050 [pool-147-thread-1] INFO  server.RaftServerConfigKeys (ConfUtils.java:logGet(43)) - raft.server.log.use.memory = false (default)
2019-10-09 12:08:07,050 [pool-147-thread-1] INFO  server.RaftServerConfigKeys (ConfUtils.java:logGet(43)) - raft.server.log.purge.gap = 1000000 (custom)
2019-10-09 12:08:07,050 [pool-147-thread-1] INFO  server.RaftServerConfigKeys (ConfUtils.java:logGet(43)) - raft.server.log.appender.buffer.byte-limit = 33554432 (custom)
2019-10-09 12:08:07,050 [pool-147-thread-1] INFO  server.RaftServerConfigKeys (ConfUtils.java:logGet(43)) - raft.server.log.segment.size.max = 1048576 (custom)
2019-10-09 12:08:07,050 [pool-147-thread-1] INFO  server.RaftServerConfigKeys (ConfUtils.java:logGet(43)) - raft.server.log.segment.cache.num.max = 2 (custom)
2019-10-09 12:08:07,050 [pool-147-thread-1] INFO  segmented.SegmentedRaftLogWorker (SegmentedRaftLogWorker.java:<init>(172)) - new 8cef0f50-232a-49f9-bcef-6cb6b156aa27@group-A8644B6BB4DC-SegmentedRaftLogWorker for RaftStorage:Storage Directory /workdir/hadoop-ozone/integration-test/target/test-dir/MiniOzoneClusterImpl-e7340580-22fa-48cc-aec5-f520e4c67952/datanode-2/data/ratis/28e9a789-c54b-4003-adcd-a8644b6bb4dc
2019-10-09 12:08:07,052 [pool-147-thread-1] INFO  server.RaftServerConfigKeys (ConfUtils.java:logGet(43)) - raft.server.log.queue.byte-limit = 2147483647 (custom)
2019-10-09 12:08:07,052 [pool-147-thread-1] INFO  server.RaftServerConfigKeys (ConfUtils.java:logGet(43)) - raft.server.log.queue.element-limit = 1024 (custom)
2019-10-09 12:08:07,053 [pool-147-thread-1] INFO  server.RaftServerConfigKeys (ConfUtils.java:logGet(43)) - raft.server.log.segment.size.max = 1048576 (custom)
2019-10-09 12:08:07,053 [pool-147-thread-1] INFO  server.RaftServerConfigKeys (ConfUtils.java:logGet(43)) - raft.server.log.preallocated.size = 16384 (custom)
2019-10-09 12:08:07,053 [pool-147-thread-1] INFO  server.RaftServerConfigKeys (ConfUtils.java:logGet(43)) - raft.server.log.write.buffer.size = 33554432 (custom)
2019-10-09 12:08:07,053 [pool-147-thread-1] INFO  server.RaftServerConfigKeys (ConfUtils.java:logGet(43)) - raft.server.log.force.sync.num = 128 (default)
2019-10-09 12:08:07,053 [pool-147-thread-1] INFO  server.RaftServerConfigKeys (ConfUtils.java:logGet(43)) - raft.server.log.statemachine.data.sync = true (default)
2019-10-09 12:08:07,053 [pool-147-thread-1] INFO  server.RaftServerConfigKeys (ConfUtils.java:logGet(43)) - raft.server.log.statemachine.data.sync.timeout = 10s (default)
2019-10-09 12:08:07,053 [pool-147-thread-1] INFO  server.RaftServerConfigKeys (ConfUtils.java:logGet(43)) - raft.server.log.statemachine.data.sync.timeout.retry = -1 (default)
2019-10-09 12:08:07,053 [pool-147-thread-1] INFO  server.RaftServerConfigKeys (ConfUtils.java:logGet(43)) - raft.server.log.statemachine.data.caching.enabled = true (custom)
2019-10-09 12:08:07,054 [pool-147-thread-1] INFO  segmented.SegmentedRaftLogWorker (SegmentedRaftLogWorker.java:lambda$new$0(132)) - 8cef0f50-232a-49f9-bcef-6cb6b156aa27@group-A8644B6BB4DC-SegmentedRaftLogWorker: flushIndex: setUnconditionally 0 -> -1
2019-10-09 12:08:07,054 [pool-147-thread-1] INFO  server.RaftServerConfigKeys (ConfUtils.java:logGet(43)) - raft.server.snapshot.auto.trigger.enabled = true (custom)
2019-10-09 12:08:07,054 [pool-147-thread-1] INFO  server.RaftServerConfigKeys (ConfUtils.java:logGet(43)) - raft.server.snapshot.auto.trigger.threshold = 10000 (custom)
2019-10-09 12:08:07,054 [pool-147-thread-1] INFO  server.RaftServerConfigKeys (ConfUtils.java:logGet(43)) - raft.server.snapshot.retention.num.files = 5 (custom)
2019-10-09 12:08:07,054 [pool-147-thread-1] INFO  server.RaftServerConfigKeys (ConfUtils.java:logGet(43)) - raft.server.retrycache.expirytime = 600000ms (custom)
2019-10-09 12:08:07,056 [pool-147-thread-1] INFO  impl.RaftServerImpl (RaftServerImpl.java:start(185)) - 8cef0f50-232a-49f9-bcef-6cb6b156aa27@group-A8644B6BB4DC: start as a follower, conf=-1: [8cef0f50-232a-49f9-bcef-6cb6b156aa27:192.168.30.33:32930], old=null
2019-10-09 12:08:07,056 [pool-147-thread-1] INFO  impl.RaftServerImpl (RaftServerImpl.java:setRole(174)) - 8cef0f50-232a-49f9-bcef-6cb6b156aa27@group-A8644B6BB4DC: changes role from      null to FOLLOWER at term 0 for startAsFollower
2019-10-09 12:08:07,056 [pool-147-thread-1] INFO  impl.RoleInfo (RoleInfo.java:updateAndGet(143)) - 8cef0f50-232a-49f9-bcef-6cb6b156aa27: start FollowerState
2019-10-09 12:08:07,060 [pool-147-thread-1] INFO  util.JmxRegister (JmxRegister.java:tryRegister(44)) - Successfully registered JMX Bean with object name Ratis:service=RaftServer,group=group-A8644B6BB4DC,id=8cef0f50-232a-49f9-bcef-6cb6b156aa27
2019-10-09 12:08:07,063 [Command processor thread] INFO  commandhandler.CreatePipelineCommandHandler (CreatePipelineCommandHandler.java:handle(86)) - Create Pipeline RATIS ONE #id: "28e9a789-c54b-4003-adcd-a8644b6bb4dc"
 command succeed on datanode 8cef0f50-232a-49f9-bcef-6cb6b156aa27.
2019-10-09 12:08:07,064 [Command processor thread] INFO  impl.RaftServerProxy (RaftServerProxy.java:addNew(89)) - 8cef0f50-232a-49f9-bcef-6cb6b156aa27: addNew group-55793391DB1B:[8cef0f50-232a-49f9-bcef-6cb6b156aa27:192.168.30.33:32930, d6eec3d4-696d-4b04-8dd8-a69ba37b960b:192.168.30.33:35382, 27cd974f-2c7d-4160-9eda-bf0692ffddac:192.168.30.33:36843] returns group-55793391DB1B:java.util.concurrent.CompletableFuture@6ef6adca[Not completed]
2019-10-09 12:08:07,065 [EventQueue-PipelineReportForPipelineReportHandler] INFO  pipeline.PipelineReportHandler (PipelineReportHandler.java:processPipelineReport(102)) - Pipeline PipelineID=28e9a789-c54b-4003-adcd-a8644b6bb4dc reported by 8cef0f50-232a-49f9-bcef-6cb6b156aa27{ip: 192.168.30.33, host: pr-hdds-2034-v6pl4-3072628770, networkLocation: /default-rack, certSerialId: null}
2019-10-09 12:08:07,065 [pool-147-thread-1] INFO  impl.RaftServerImpl (RaftServerImpl.java:<init>(95)) - 8cef0f50-232a-49f9-bcef-6cb6b156aa27: new RaftServerImpl for group-55793391DB1B:[8cef0f50-232a-49f9-bcef-6cb6b156aa27:192.168.30.33:32930, d6eec3d4-696d-4b04-8dd8-a69ba37b960b:192.168.30.33:35382, 27cd974f-2c7d-4160-9eda-bf0692ffddac:192.168.30.33:36843] with ContainerStateMachine:uninitialized
2019-10-09 12:08:07,065 [EventQueue-PipelineReportForPipelineReportHandler] INFO  pipeline.PipelineStateManager (PipelineStateManager.java:openPipeline(134)) - Pipeline Pipeline[ Id: 28e9a789-c54b-4003-adcd-a8644b6bb4dc, Nodes: 8cef0f50-232a-49f9-bcef-6cb6b156aa27{ip: 192.168.30.33, host: pr-hdds-2034-v6pl4-3072628770, networkLocation: /default-rack, certSerialId: null}, Type:RATIS, Factor:ONE, State:ALLOCATED] moved to OPEN state
2019-10-09 12:08:07,065 [pool-147-thread-1] INFO  server.RaftServerConfigKeys (ConfUtils.java:logGet(43)) - raft.server.rpc.timeout.min = 5s (custom)
2019-10-09 12:08:07,066 [pool-147-thread-1] INFO  server.RaftServerConfigKeys (ConfUtils.java:logGet(43)) - raft.server.rpc.timeout.max = 5200ms (custom)
2019-10-09 12:08:07,066 [pool-147-thread-1] INFO  server.RaftServerConfigKeys (ConfUtils.java:logGet(43)) - raft.server.rpcslowness.timeout = 120s (custom)
2019-10-09 12:08:07,066 [pool-147-thread-1] INFO  server.RaftServerConfigKeys (ConfUtils.java:logGet(43)) - raft.server.sleep.deviation.threshold = 300 (default)
2019-10-09 12:08:07,066 [pool-147-thread-1] INFO  server.RaftServerConfigKeys (ConfUtils.java:logGet(43)) - raft.server.log.appender.install.snapshot.enabled = false (custom)
2019-10-09 12:08:07,066 [pool-147-thread-1] INFO  impl.RaftServerImpl (ServerState.java:<init>(103)) - 8cef0f50-232a-49f9-bcef-6cb6b156aa27@group-55793391DB1B: ConfigurationManager, init=-1: [8cef0f50-232a-49f9-bcef-6cb6b156aa27:192.168.30.33:32930, d6eec3d4-696d-4b04-8dd8-a69ba37b960b:192.168.30.33:35382, 27cd974f-2c7d-4160-9eda-bf0692ffddac:192.168.30.33:36843], old=null, confs=<EMPTY_MAP>
2019-10-09 12:08:07,066 [pool-147-thread-1] INFO  server.RaftServerConfigKeys (ConfUtils.java:logGet(43)) - raft.server.storage.dir = [/workdir/hadoop-ozone/integration-test/target/test-dir/MiniOzoneClusterImpl-e7340580-22fa-48cc-aec5-f520e4c67952/datanode-2/data/ratis] (custom)
2019-10-09 12:08:07,067 [pool-147-thread-1] INFO  storage.RaftStorageDirectory (RaftStorageDirectory.java:analyzeStorage(246)) - The storage directory /workdir/hadoop-ozone/integration-test/target/test-dir/MiniOzoneClusterImpl-e7340580-22fa-48cc-aec5-f520e4c67952/datanode-2/data/ratis/406c9160-5d24-4d35-af0e-55793391db1b does not exist. Creating ...
2019-10-09 12:08:07,077 [pool-147-thread-1] INFO  storage.RaftStorageDirectory (RaftStorageDirectory.java:tryLock(328)) - Lock on /workdir/hadoop-ozone/integration-test/target/test-dir/MiniOzoneClusterImpl-e7340580-22fa-48cc-aec5-f520e4c67952/datanode-2/data/ratis/406c9160-5d24-4d35-af0e-55793391db1b/in_use.lock acquired by nodename 11666@pr-hdds-2034-v6pl4-3072628770
2019-10-09 12:08:07,090 [pool-147-thread-1] INFO  storage.RaftStorage (RaftStorage.java:format(72)) - Storage directory /workdir/hadoop-ozone/integration-test/target/test-dir/MiniOzoneClusterImpl-e7340580-22fa-48cc-aec5-f520e4c67952/datanode-2/data/ratis/406c9160-5d24-4d35-af0e-55793391db1b has been successfully formatted.
2019-10-09 12:08:07,091 [pool-147-thread-1] INFO  ratis.ContainerStateMachine (ContainerStateMachine.java:loadSnapshot(230)) - group-55793391DB1B: The snapshot info is null. Setting the last applied indexto:(t:0, i:~)
2019-10-09 12:08:07,091 [pool-147-thread-1] INFO  server.RaftServerConfigKeys (ConfUtils.java:logGet(43)) - raft.server.notification.no-leader.timeout = 120s (custom)
2019-10-09 12:08:07,091 [pool-147-thread-1] INFO  server.RaftServerConfigKeys (ConfUtils.java:logGet(43)) - raft.server.log.use.memory = false (default)
2019-10-09 12:08:07,091 [pool-147-thread-1] INFO  server.RaftServerConfigKeys (ConfUtils.java:logGet(43)) - raft.server.log.purge.gap = 1000000 (custom)
2019-10-09 12:08:07,091 [pool-147-thread-1] INFO  server.RaftServerConfigKeys (ConfUtils.java:logGet(43)) - raft.server.log.appender.buffer.byte-limit = 33554432 (custom)
2019-10-09 12:08:07,091 [pool-147-thread-1] INFO  server.RaftServerConfigKeys (ConfUtils.java:logGet(43)) - raft.server.log.segment.size.max = 1048576 (custom)
2019-10-09 12:08:07,091 [pool-147-thread-1] INFO  server.RaftServerConfigKeys (ConfUtils.java:logGet(43)) - raft.server.log.segment.cache.num.max = 2 (custom)
2019-10-09 12:08:07,091 [pool-147-thread-1] INFO  segmented.SegmentedRaftLogWorker (SegmentedRaftLogWorker.java:<init>(172)) - new 8cef0f50-232a-49f9-bcef-6cb6b156aa27@group-55793391DB1B-SegmentedRaftLogWorker for RaftStorage:Storage Directory /workdir/hadoop-ozone/integration-test/target/test-dir/MiniOzoneClusterImpl-e7340580-22fa-48cc-aec5-f520e4c67952/datanode-2/data/ratis/406c9160-5d24-4d35-af0e-55793391db1b
2019-10-09 12:08:07,092 [pool-147-thread-1] INFO  server.RaftServerConfigKeys (ConfUtils.java:logGet(43)) - raft.server.log.queue.byte-limit = 2147483647 (custom)
2019-10-09 12:08:07,092 [pool-147-thread-1] INFO  server.RaftServerConfigKeys (ConfUtils.java:logGet(43)) - raft.server.log.queue.element-limit = 1024 (custom)
2019-10-09 12:08:07,092 [pool-147-thread-1] INFO  server.RaftServerConfigKeys (ConfUtils.java:logGet(43)) - raft.server.log.segment.size.max = 1048576 (custom)
2019-10-09 12:08:07,092 [pool-147-thread-1] INFO  server.RaftServerConfigKeys (ConfUtils.java:logGet(43)) - raft.server.log.preallocated.size = 16384 (custom)
2019-10-09 12:08:07,092 [pool-147-thread-1] INFO  server.RaftServerConfigKeys (ConfUtils.java:logGet(43)) - raft.server.log.write.buffer.size = 33554432 (custom)
2019-10-09 12:08:07,092 [pool-147-thread-1] INFO  server.RaftServerConfigKeys (ConfUtils.java:logGet(43)) - raft.server.log.force.sync.num = 128 (default)
2019-10-09 12:08:07,092 [pool-147-thread-1] INFO  server.RaftServerConfigKeys (ConfUtils.java:logGet(43)) - raft.server.log.statemachine.data.sync = true (default)
2019-10-09 12:08:07,092 [pool-147-thread-1] INFO  server.RaftServerConfigKeys (ConfUtils.java:logGet(43)) - raft.server.log.statemachine.data.sync.timeout = 10s (default)
2019-10-09 12:08:07,092 [pool-147-thread-1] INFO  server.RaftServerConfigKeys (ConfUtils.java:logGet(43)) - raft.server.log.statemachine.data.sync.timeout.retry = -1 (default)
2019-10-09 12:08:07,093 [pool-147-thread-1] INFO  server.RaftServerConfigKeys (ConfUtils.java:logGet(43)) - raft.server.log.statemachine.data.caching.enabled = true (custom)
2019-10-09 12:08:07,093 [pool-147-thread-1] INFO  segmented.SegmentedRaftLogWorker (SegmentedRaftLogWorker.java:lambda$new$0(132)) - 8cef0f50-232a-49f9-bcef-6cb6b156aa27@group-55793391DB1B-SegmentedRaftLogWorker: flushIndex: setUnconditionally 0 -> -1
2019-10-09 12:08:07,093 [pool-147-thread-1] INFO  server.RaftServerConfigKeys (ConfUtils.java:logGet(43)) - raft.server.snapshot.auto.trigger.enabled = true (custom)
2019-10-09 12:08:07,093 [pool-147-thread-1] INFO  server.RaftServerConfigKeys (ConfUtils.java:logGet(43)) - raft.server.snapshot.auto.trigger.threshold = 10000 (custom)
2019-10-09 12:08:07,093 [pool-147-thread-1] INFO  server.RaftServerConfigKeys (ConfUtils.java:logGet(43)) - raft.server.snapshot.retention.num.files = 5 (custom)
2019-10-09 12:08:07,093 [pool-147-thread-1] INFO  server.RaftServerConfigKeys (ConfUtils.java:logGet(43)) - raft.server.retrycache.expirytime = 600000ms (custom)
2019-10-09 12:08:07,096 [pool-147-thread-1] INFO  impl.RaftServerImpl (RaftServerImpl.java:start(185)) - 8cef0f50-232a-49f9-bcef-6cb6b156aa27@group-55793391DB1B: start as a follower, conf=-1: [8cef0f50-232a-49f9-bcef-6cb6b156aa27:192.168.30.33:32930, d6eec3d4-696d-4b04-8dd8-a69ba37b960b:192.168.30.33:35382, 27cd974f-2c7d-4160-9eda-bf0692ffddac:192.168.30.33:36843], old=null
2019-10-09 12:08:07,096 [pool-147-thread-1] INFO  impl.RaftServerImpl (RaftServerImpl.java:setRole(174)) - 8cef0f50-232a-49f9-bcef-6cb6b156aa27@group-55793391DB1B: changes role from      null to FOLLOWER at term 0 for startAsFollower
2019-10-09 12:08:07,096 [pool-147-thread-1] INFO  impl.RoleInfo (RoleInfo.java:updateAndGet(143)) - 8cef0f50-232a-49f9-bcef-6cb6b156aa27: start FollowerState
2019-10-09 12:08:07,096 [pool-147-thread-1] INFO  util.JmxRegister (JmxRegister.java:tryRegister(44)) - Successfully registered JMX Bean with object name Ratis:service=RaftServer,group=group-55793391DB1B,id=8cef0f50-232a-49f9-bcef-6cb6b156aa27
2019-10-09 12:08:07,096 [Command processor thread] INFO  commandhandler.CreatePipelineCommandHandler (CreatePipelineCommandHandler.java:handle(86)) - Create Pipeline RATIS THREE #id: "406c9160-5d24-4d35-af0e-55793391db1b"
 command succeed on datanode 8cef0f50-232a-49f9-bcef-6cb6b156aa27.
2019-10-09 12:08:07,098 [EventQueue-PipelineReportForPipelineReportHandler] INFO  pipeline.PipelineReportHandler (PipelineReportHandler.java:processPipelineReport(102)) - Pipeline PipelineID=406c9160-5d24-4d35-af0e-55793391db1b reported by 8cef0f50-232a-49f9-bcef-6cb6b156aa27{ip: 192.168.30.33, host: pr-hdds-2034-v6pl4-3072628770, networkLocation: /default-rack, certSerialId: null}
2019-10-09 12:08:07,098 [EventQueue-PipelineReportForPipelineReportHandler] INFO  pipeline.PipelineStateManager (PipelineStateManager.java:openPipeline(134)) - Pipeline Pipeline[ Id: 406c9160-5d24-4d35-af0e-55793391db1b, Nodes: d6eec3d4-696d-4b04-8dd8-a69ba37b960b{ip: 192.168.30.33, host: pr-hdds-2034-v6pl4-3072628770, networkLocation: /default-rack, certSerialId: null}27cd974f-2c7d-4160-9eda-bf0692ffddac{ip: 192.168.30.33, host: pr-hdds-2034-v6pl4-3072628770, networkLocation: /default-rack, certSerialId: null}8cef0f50-232a-49f9-bcef-6cb6b156aa27{ip: 192.168.30.33, host: pr-hdds-2034-v6pl4-3072628770, networkLocation: /default-rack, certSerialId: null}, Type:RATIS, Factor:THREE, State:ALLOCATED] moved to OPEN state
2019-10-09 12:08:07,962 [Datanode State Machine Thread - 0] INFO  statemachine.DatanodeStateMachine (DatanodeStateMachine.java:lambda$startDaemon$0(356)) - Ozone container server started.
2019-10-09 12:08:08,014 [Datanode State Machine Thread - 0] INFO  statemachine.DatanodeStateMachine (DatanodeStateMachine.java:lambda$startDaemon$0(356)) - Ozone container server started.
2019-10-09 12:08:09,932 [Thread-627] INFO  container.ReplicationManager (ReplicationManager.java:start(163)) - Starting Replication Monitor Thread.
2019-10-09 12:08:09,935 [ReplicationMonitor] INFO  container.ReplicationManager (ReplicationManager.java:run(226)) - Replication Monitor Thread took 0 milliseconds for processing 0 containers.
2019-10-09 12:08:12,004 [Thread-623] INFO  impl.FollowerState (FollowerState.java:run(106)) - d6eec3d4-696d-4b04-8dd8-a69ba37b960b:group-E304D42F6F98 changes to CANDIDATE, lastRpcTime:5082, electionTimeout:5082ms
2019-10-09 12:08:12,005 [Thread-623] INFO  impl.RoleInfo (RoleInfo.java:shutdownFollowerState(121)) - d6eec3d4-696d-4b04-8dd8-a69ba37b960b: shutdown FollowerState
2019-10-09 12:08:12,005 [Thread-623] INFO  impl.RaftServerImpl (RaftServerImpl.java:setRole(174)) - d6eec3d4-696d-4b04-8dd8-a69ba37b960b@group-E304D42F6F98: changes role from  FOLLOWER to CANDIDATE at term 0 for changeToCandidate
2019-10-09 12:08:12,005 [Thread-623] INFO  impl.RoleInfo (RoleInfo.java:updateAndGet(143)) - d6eec3d4-696d-4b04-8dd8-a69ba37b960b: start LeaderElection
2019-10-09 12:08:12,022 [d6eec3d4-696d-4b04-8dd8-a69ba37b960b@group-E304D42F6F98:LeaderElection14] INFO  impl.LeaderElection (LeaderElection.java:askForVotes(182)) - d6eec3d4-696d-4b04-8dd8-a69ba37b960b@group-E304D42F6F98:LeaderElection14: begin an election at term 1 for -1: [d6eec3d4-696d-4b04-8dd8-a69ba37b960b:192.168.30.33:35382], old=null
2019-10-09 12:08:12,022 [d6eec3d4-696d-4b04-8dd8-a69ba37b960b@group-E304D42F6F98:LeaderElection14] INFO  impl.RoleInfo (RoleInfo.java:shutdownLeaderElection(134)) - d6eec3d4-696d-4b04-8dd8-a69ba37b960b: shutdown LeaderElection
2019-10-09 12:08:12,022 [d6eec3d4-696d-4b04-8dd8-a69ba37b960b@group-E304D42F6F98:LeaderElection14] INFO  impl.RaftServerImpl (RaftServerImpl.java:setRole(174)) - d6eec3d4-696d-4b04-8dd8-a69ba37b960b@group-E304D42F6F98: changes role from CANDIDATE to LEADER at term 1 for changeToLeader
2019-10-09 12:08:12,022 [d6eec3d4-696d-4b04-8dd8-a69ba37b960b@group-E304D42F6F98:LeaderElection14] INFO  impl.RaftServerImpl (ServerState.java:setLeader(253)) - d6eec3d4-696d-4b04-8dd8-a69ba37b960b@group-E304D42F6F98: change Leader from null to d6eec3d4-696d-4b04-8dd8-a69ba37b960b at term 1 for becomeLeader, leader elected after 5109ms
2019-10-09 12:08:12,022 [d6eec3d4-696d-4b04-8dd8-a69ba37b960b@group-E304D42F6F98:LeaderElection14] INFO  server.RaftServerConfigKeys (ConfUtils.java:logGet(43)) - raft.server.staging.catchup.gap = 1000 (default)
2019-10-09 12:08:12,023 [d6eec3d4-696d-4b04-8dd8-a69ba37b960b@group-E304D42F6F98:LeaderElection14] INFO  server.RaftServerConfigKeys (ConfUtils.java:logGet(43)) - raft.server.rpc.sleep.time = 25ms (default)
2019-10-09 12:08:12,023 [d6eec3d4-696d-4b04-8dd8-a69ba37b960b@group-E304D42F6F98:LeaderElection14] INFO  server.RaftServerConfigKeys (ConfUtils.java:logGet(43)) - raft.server.write.element-limit = 4096 (default)
2019-10-09 12:08:12,023 [d6eec3d4-696d-4b04-8dd8-a69ba37b960b@group-E304D42F6F98:LeaderElection14] INFO  server.RaftServerConfigKeys (ConfUtils.java:logGet(43)) - raft.server.watch.timeout = 10s (default)
2019-10-09 12:08:12,023 [d6eec3d4-696d-4b04-8dd8-a69ba37b960b@group-E304D42F6F98:LeaderElection14] INFO  server.RaftServerConfigKeys (ConfUtils.java:logGet(43)) - raft.server.watch.timeout.denomination = 1s (default)
2019-10-09 12:08:12,023 [d6eec3d4-696d-4b04-8dd8-a69ba37b960b@group-E304D42F6F98:LeaderElection14] INFO  server.RaftServerConfigKeys (ConfUtils.java:logGet(43)) - raft.server.watch.element-limit = 65536 (default)
2019-10-09 12:08:12,026 [d6eec3d4-696d-4b04-8dd8-a69ba37b960b@group-E304D42F6F98:LeaderElection14] INFO  impl.RoleInfo (RoleInfo.java:updateAndGet(143)) - d6eec3d4-696d-4b04-8dd8-a69ba37b960b: start LeaderState
2019-10-09 12:08:12,026 [d6eec3d4-696d-4b04-8dd8-a69ba37b960b@group-E304D42F6F98:LeaderElection14] INFO  segmented.SegmentedRaftLogWorker (SegmentedRaftLogWorker.java:startLogSegment(380)) - d6eec3d4-696d-4b04-8dd8-a69ba37b960b@group-E304D42F6F98-SegmentedRaftLogWorker: Starting segment from index:0
2019-10-09 12:08:12,027 [d6eec3d4-696d-4b04-8dd8-a69ba37b960b@group-E304D42F6F98:LeaderElection14] INFO  impl.RaftServerImpl (ServerState.java:setRaftConf(354)) - d6eec3d4-696d-4b04-8dd8-a69ba37b960b@group-E304D42F6F98: set configuration 0: [d6eec3d4-696d-4b04-8dd8-a69ba37b960b:192.168.30.33:35382], old=null at 0
2019-10-09 12:08:12,032 [main] INFO  ozoneimpl.OzoneContainer (OzoneContainer.java:stop(231)) - Attempting to stop container services.
2019-10-09 12:08:12,033 [ForkJoinPool.commonPool-worker-1] INFO  ozoneimpl.OzoneContainer (OzoneContainer.java:stop(231)) - Attempting to stop container services.
2019-10-09 12:08:12,033 [main] INFO  impl.RaftServerProxy (RaftServerProxy.java:lambda$close$4(314)) - 27cd974f-2c7d-4160-9eda-bf0692ffddac: close
2019-10-09 12:08:12,034 [ForkJoinPool.commonPool-worker-1] INFO  impl.RaftServerProxy (RaftServerProxy.java:lambda$close$4(314)) - d6eec3d4-696d-4b04-8dd8-a69ba37b960b: close
2019-10-09 12:08:12,034 [main] INFO  impl.RaftServerImpl (RaftServerImpl.java:lambda$shutdown$3(251)) - 27cd974f-2c7d-4160-9eda-bf0692ffddac@group-55793391DB1B: shutdown
2019-10-09 12:08:12,034 [ForkJoinPool.commonPool-worker-1] INFO  impl.RaftServerImpl (RaftServerImpl.java:lambda$shutdown$3(251)) - d6eec3d4-696d-4b04-8dd8-a69ba37b960b@group-55793391DB1B: shutdown
2019-10-09 12:08:12,034 [main] INFO  util.JmxRegister (JmxRegister.java:unregister(73)) - Successfully un-registered JMX Bean with object name Ratis:service=RaftServer,group=group-55793391DB1B,id=27cd974f-2c7d-4160-9eda-bf0692ffddac
2019-10-09 12:08:12,035 [ForkJoinPool.commonPool-worker-1] INFO  util.JmxRegister (JmxRegister.java:unregister(73)) - Successfully un-registered JMX Bean with object name Ratis:service=RaftServer,group=group-55793391DB1B,id=d6eec3d4-696d-4b04-8dd8-a69ba37b960b
2019-10-09 12:08:12,035 [main] INFO  impl.RoleInfo (RoleInfo.java:shutdownFollowerState(121)) - 27cd974f-2c7d-4160-9eda-bf0692ffddac: shutdown FollowerState
2019-10-09 12:08:12,035 [ForkJoinPool.commonPool-worker-1] INFO  impl.RoleInfo (RoleInfo.java:shutdownFollowerState(121)) - d6eec3d4-696d-4b04-8dd8-a69ba37b960b: shutdown FollowerState
2019-10-09 12:08:12,036 [Thread-633] INFO  impl.FollowerState (FollowerState.java:run(115)) - 27cd974f-2c7d-4160-9eda-bf0692ffddac: FollowerState was interrupted: java.lang.InterruptedException: sleep interrupted
2019-10-09 12:08:12,036 [Thread-629] INFO  impl.FollowerState (FollowerState.java:run(115)) - d6eec3d4-696d-4b04-8dd8-a69ba37b960b: FollowerState was interrupted: java.lang.InterruptedException: sleep interrupted
2019-10-09 12:08:12,036 [main] INFO  impl.StateMachineUpdater (StateMachineUpdater.java:stopAndJoin(125)) - 27cd974f-2c7d-4160-9eda-bf0692ffddac@group-55793391DB1B-StateMachineUpdater: set stopIndex = -1
2019-10-09 12:08:12,066 [main] INFO  impl.RaftServerImpl (ServerState.java:close(385)) - 27cd974f-2c7d-4160-9eda-bf0692ffddac@group-55793391DB1B: closes. applyIndex: -1
2019-10-09 12:08:12,036 [ForkJoinPool.commonPool-worker-1] INFO  impl.StateMachineUpdater (StateMachineUpdater.java:stopAndJoin(125)) - d6eec3d4-696d-4b04-8dd8-a69ba37b960b@group-55793391DB1B-StateMachineUpdater: set stopIndex = -1
2019-10-09 12:08:12,067 [27cd974f-2c7d-4160-9eda-bf0692ffddac@group-55793391DB1B-SegmentedRaftLogWorker] INFO  segmented.SegmentedRaftLogWorker (SegmentedRaftLogWorker.java:run(313)) - 27cd974f-2c7d-4160-9eda-bf0692ffddac@group-55793391DB1B-SegmentedRaftLogWorker was interrupted, exiting. There are 0 tasks remaining in the queue.
2019-10-09 12:08:12,067 [ForkJoinPool.commonPool-worker-1] INFO  impl.RaftServerImpl (ServerState.java:close(385)) - d6eec3d4-696d-4b04-8dd8-a69ba37b960b@group-55793391DB1B: closes. applyIndex: -1
2019-10-09 12:08:12,067 [main] INFO  segmented.SegmentedRaftLogWorker (SegmentedRaftLogWorker.java:close(228)) - 27cd974f-2c7d-4160-9eda-bf0692ffddac@group-55793391DB1B-SegmentedRaftLogWorker close()
2019-10-09 12:08:12,067 [d6eec3d4-696d-4b04-8dd8-a69ba37b960b@group-55793391DB1B-SegmentedRaftLogWorker] INFO  segmented.SegmentedRaftLogWorker (SegmentedRaftLogWorker.java:run(313)) - d6eec3d4-696d-4b04-8dd8-a69ba37b960b@group-55793391DB1B-SegmentedRaftLogWorker was interrupted, exiting. There are 0 tasks remaining in the queue.
2019-10-09 12:08:12,070 [ForkJoinPool.commonPool-worker-1] INFO  segmented.SegmentedRaftLogWorker (SegmentedRaftLogWorker.java:close(228)) - d6eec3d4-696d-4b04-8dd8-a69ba37b960b@group-55793391DB1B-SegmentedRaftLogWorker close()
2019-10-09 12:08:12,070 [main] INFO  impl.RaftServerImpl (RaftServerImpl.java:lambda$shutdown$3(251)) - 27cd974f-2c7d-4160-9eda-bf0692ffddac@group-941B90EEFED7: shutdown
2019-10-09 12:08:12,072 [ForkJoinPool.commonPool-worker-1] INFO  impl.RaftServerImpl (RaftServerImpl.java:lambda$shutdown$3(251)) - d6eec3d4-696d-4b04-8dd8-a69ba37b960b@group-E304D42F6F98: shutdown
2019-10-09 12:08:12,073 [main] INFO  util.JmxRegister (JmxRegister.java:unregister(73)) - Successfully un-registered JMX Bean with object name Ratis:service=RaftServer,group=group-941B90EEFED7,id=27cd974f-2c7d-4160-9eda-bf0692ffddac
2019-10-09 12:08:12,073 [main] INFO  impl.RoleInfo (RoleInfo.java:shutdownFollowerState(121)) - 27cd974f-2c7d-4160-9eda-bf0692ffddac: shutdown FollowerState
2019-10-09 12:08:12,073 [ForkJoinPool.commonPool-worker-1] INFO  util.JmxRegister (JmxRegister.java:unregister(73)) - Successfully un-registered JMX Bean with object name Ratis:service=RaftServer,group=group-E304D42F6F98,id=d6eec3d4-696d-4b04-8dd8-a69ba37b960b
2019-10-09 12:08:12,074 [Thread-631] INFO  impl.FollowerState (FollowerState.java:run(115)) - 27cd974f-2c7d-4160-9eda-bf0692ffddac: FollowerState was interrupted: java.lang.InterruptedException: sleep interrupted
2019-10-09 12:08:12,074 [main] INFO  impl.StateMachineUpdater (StateMachineUpdater.java:stopAndJoin(125)) - 27cd974f-2c7d-4160-9eda-bf0692ffddac@group-941B90EEFED7-StateMachineUpdater: set stopIndex = -1
2019-10-09 12:08:12,074 [ForkJoinPool.commonPool-worker-1] INFO  impl.RoleInfo (RoleInfo.java:shutdownLeaderState(104)) - d6eec3d4-696d-4b04-8dd8-a69ba37b960b: shutdown LeaderState
2019-10-09 12:08:12,076 [main] INFO  impl.RaftServerImpl (ServerState.java:close(385)) - 27cd974f-2c7d-4160-9eda-bf0692ffddac@group-941B90EEFED7: closes. applyIndex: -1
2019-10-09 12:08:12,076 [d6eec3d4-696d-4b04-8dd8-a69ba37b960b@group-E304D42F6F98-SegmentedRaftLogWorker] INFO  segmented.SegmentedRaftLogWorker (SegmentedRaftLogWorker.java:execute(569)) - d6eec3d4-696d-4b04-8dd8-a69ba37b960b@group-E304D42F6F98-SegmentedRaftLogWorker: created new log segment /workdir/hadoop-ozone/integration-test/target/test-dir/MiniOzoneClusterImpl-e7340580-22fa-48cc-aec5-f520e4c67952/datanode-0/data/ratis/43ebd21a-84b3-4193-9f4a-e304d42f6f98/current/log_inprogress_0
2019-10-09 12:08:12,076 [ForkJoinPool.commonPool-worker-1] INFO  impl.PendingRequests (PendingRequests.java:sendNotLeaderResponses(202)) - d6eec3d4-696d-4b04-8dd8-a69ba37b960b-PendingRequests: sendNotLeaderResponses
2019-10-09 12:08:12,077 [27cd974f-2c7d-4160-9eda-bf0692ffddac@group-941B90EEFED7-SegmentedRaftLogWorker] INFO  segmented.SegmentedRaftLogWorker (SegmentedRaftLogWorker.java:run(313)) - 27cd974f-2c7d-4160-9eda-bf0692ffddac@group-941B90EEFED7-SegmentedRaftLogWorker was interrupted, exiting. There are 0 tasks remaining in the queue.
2019-10-09 12:08:12,077 [ForkJoinPool.commonPool-worker-1] INFO  impl.StateMachineUpdater (StateMachineUpdater.java:stopAndJoin(125)) - d6eec3d4-696d-4b04-8dd8-a69ba37b960b@group-E304D42F6F98-StateMachineUpdater: set stopIndex = -1
2019-10-09 12:08:12,077 [main] INFO  segmented.SegmentedRaftLogWorker (SegmentedRaftLogWorker.java:close(228)) - 27cd974f-2c7d-4160-9eda-bf0692ffddac@group-941B90EEFED7-SegmentedRaftLogWorker close()
2019-10-09 12:08:12,077 [ForkJoinPool.commonPool-worker-1] INFO  impl.RaftServerImpl (ServerState.java:close(385)) - d6eec3d4-696d-4b04-8dd8-a69ba37b960b@group-E304D42F6F98: closes. applyIndex: -1
2019-10-09 12:08:12,080 [main] INFO  server.GrpcService (GrpcService.java:closeImpl(164)) - 27cd974f-2c7d-4160-9eda-bf0692ffddac: shutdown server with port 36843 now
2019-10-09 12:08:12,081 [main] INFO  server.GrpcService (GrpcService.java:closeImpl(172)) - 27cd974f-2c7d-4160-9eda-bf0692ffddac: shutdown server with port 36843 successfully
2019-10-09 12:08:12,083 [refreshUsed-/workdir/hadoop-ozone/integration-test/target/test-dir/MiniOzoneClusterImpl-e7340580-22fa-48cc-aec5-f520e4c67952/datanode-1/data/containers] WARN  fs.CachingGetSpaceUsed (CachingGetSpaceUsed.java:run(183)) - Thread Interrupted waiting to refresh disk information: sleep interrupted
2019-10-09 12:08:12,088 [d6eec3d4-696d-4b04-8dd8-a69ba37b960b@group-E304D42F6F98-SegmentedRaftLogWorker] INFO  segmented.SegmentedRaftLogWorker (SegmentedRaftLogWorker.java:run(320)) - d6eec3d4-696d-4b04-8dd8-a69ba37b960b@group-E304D42F6F98-SegmentedRaftLogWorker got closed and hit exception
java.lang.NullPointerException
	at org.apache.hadoop.hdds.protocol.proto.StorageContainerDatanodeProtocolProtos$ClosePipelineInfo$Builder.setDetailedReason(StorageContainerDatanodeProtocolProtos.java:19487)
	at org.apache.hadoop.ozone.container.common.transport.server.ratis.XceiverServerRatis.triggerPipelineClose(XceiverServerRatis.java:565)
	at org.apache.hadoop.ozone.container.common.transport.server.ratis.XceiverServerRatis.handleNodeLogFailure(XceiverServerRatis.java:699)
	at org.apache.hadoop.ozone.container.common.transport.server.ratis.ContainerStateMachine.notifyLogFailed(ContainerStateMachine.java:812)
	at org.apache.ratis.server.raftlog.segmented.SegmentedRaftLogWorker$WriteLog.failed(SegmentedRaftLogWorker.java:455)
	at org.apache.ratis.server.raftlog.segmented.SegmentedRaftLogWorker.run(SegmentedRaftLogWorker.java:297)
	at java.lang.Thread.run(Thread.java:748)
2019-10-09 12:08:12,089 [ForkJoinPool.commonPool-worker-1] INFO  segmented.SegmentedRaftLogWorker (SegmentedRaftLogWorker.java:close(228)) - d6eec3d4-696d-4b04-8dd8-a69ba37b960b@group-E304D42F6F98-SegmentedRaftLogWorker close()
2019-10-09 12:08:12,091 [ForkJoinPool.commonPool-worker-1] INFO  server.GrpcService (GrpcService.java:closeImpl(164)) - d6eec3d4-696d-4b04-8dd8-a69ba37b960b: shutdown server with port 35382 now
2019-10-09 12:08:12,091 [ForkJoinPool.commonPool-worker-1] INFO  server.GrpcService (GrpcService.java:closeImpl(172)) - d6eec3d4-696d-4b04-8dd8-a69ba37b960b: shutdown server with port 35382 successfully
2019-10-09 12:08:12,093 [refreshUsed-/workdir/hadoop-ozone/integration-test/target/test-dir/MiniOzoneClusterImpl-e7340580-22fa-48cc-aec5-f520e4c67952/datanode-0/data/containers] WARN  fs.CachingGetSpaceUsed (CachingGetSpaceUsed.java:run(183)) - Thread Interrupted waiting to refresh disk information: sleep interrupted
2019-10-09 12:08:12,104 [main] INFO  utils.BackgroundService (BackgroundService.java:shutdown(148)) - Shutting down service BlockDeletingService
2019-10-09 12:08:12,107 [main] INFO  statemachine.DatanodeStateMachine (DatanodeStateMachine.java:stopDaemon(401)) - Ozone container server stopped.
2019-10-09 12:08:12,108 [main] INFO  handler.ContextHandler (ContextHandler.java:doStop(910)) - Stopped o.e.j.w.WebAppContext@788ba63e{/,null,UNAVAILABLE}{/hddsDatanode}
2019-10-09 12:08:12,109 [main] INFO  server.AbstractConnector (AbstractConnector.java:doStop(318)) - Stopped ServerConnector@12a14b74{HTTP/1.1,[http/1.1]}{0.0.0.0:0}
2019-10-09 12:08:12,109 [main] INFO  handler.ContextHandler (ContextHandler.java:doStop(910)) - Stopped o.e.j.s.ServletContextHandler@4c361f63{/static,jar:file:/home/user/.m2/repository/org/apache/hadoop/hadoop-hdds-container-service/0.5.0-SNAPSHOT/hadoop-hdds-container-service-0.5.0-SNAPSHOT.jar!/webapps/static,UNAVAILABLE}
2019-10-09 12:08:12,110 [main] INFO  handler.ContextHandler (ContextHandler.java:doStop(910)) - Stopped o.e.j.s.ServletContextHandler@244418a{/logs,file:///workdir/hadoop-ozone/integration-test/target/log,UNAVAILABLE}
2019-10-09 12:08:12,111 [ForkJoinPool.commonPool-worker-1] INFO  utils.BackgroundService (BackgroundService.java:shutdown(148)) - Shutting down service BlockDeletingService
2019-10-09 12:08:12,113 [ForkJoinPool.commonPool-worker-1] INFO  statemachine.DatanodeStateMachine (DatanodeStateMachine.java:stopDaemon(401)) - Ozone container server stopped.
2019-10-09 12:08:12,117 [ForkJoinPool.commonPool-worker-1] INFO  handler.ContextHandler (ContextHandler.java:doStop(910)) - Stopped o.e.j.w.WebAppContext@2e09c51{/,null,UNAVAILABLE}{/hddsDatanode}
2019-10-09 12:08:12,118 [ForkJoinPool.commonPool-worker-1] INFO  server.AbstractConnector (AbstractConnector.java:doStop(318)) - Stopped ServerConnector@869d87c{HTTP/1.1,[http/1.1]}{0.0.0.0:0}
2019-10-09 12:08:12,119 [ForkJoinPool.commonPool-worker-1] INFO  handler.ContextHandler (ContextHandler.java:doStop(910)) - Stopped o.e.j.s.ServletContextHandler@1cdc1bbc{/static,jar:file:/home/user/.m2/repository/org/apache/hadoop/hadoop-hdds-container-service/0.5.0-SNAPSHOT/hadoop-hdds-container-service-0.5.0-SNAPSHOT.jar!/webapps/static,UNAVAILABLE}
2019-10-09 12:08:12,120 [ForkJoinPool.commonPool-worker-1] INFO  handler.ContextHandler (ContextHandler.java:doStop(910)) - Stopped o.e.j.s.ServletContextHandler@630b6190{/logs,file:///workdir/hadoop-ozone/integration-test/target/log,UNAVAILABLE}
2019-10-09 12:08:12,209 [Thread-635] INFO  impl.FollowerState (FollowerState.java:run(106)) - 8cef0f50-232a-49f9-bcef-6cb6b156aa27:group-A8644B6BB4DC changes to CANDIDATE, lastRpcTime:5152, electionTimeout:5149ms
2019-10-09 12:08:12,210 [Thread-635] INFO  impl.RoleInfo (RoleInfo.java:shutdownFollowerState(121)) - 8cef0f50-232a-49f9-bcef-6cb6b156aa27: shutdown FollowerState
2019-10-09 12:08:12,210 [Thread-635] INFO  impl.RaftServerImpl (RaftServerImpl.java:setRole(174)) - 8cef0f50-232a-49f9-bcef-6cb6b156aa27@group-A8644B6BB4DC: changes role from  FOLLOWER to CANDIDATE at term 0 for changeToCandidate
2019-10-09 12:08:12,210 [Thread-635] INFO  impl.RoleInfo (RoleInfo.java:updateAndGet(143)) - 8cef0f50-232a-49f9-bcef-6cb6b156aa27: start LeaderElection
2019-10-09 12:08:12,227 [8cef0f50-232a-49f9-bcef-6cb6b156aa27@group-A8644B6BB4DC:LeaderElection15] INFO  impl.LeaderElection (LeaderElection.java:askForVotes(182)) - 8cef0f50-232a-49f9-bcef-6cb6b156aa27@group-A8644B6BB4DC:LeaderElection15: begin an election at term 1 for -1: [8cef0f50-232a-49f9-bcef-6cb6b156aa27:192.168.30.33:32930], old=null
2019-10-09 12:08:12,227 [8cef0f50-232a-49f9-bcef-6cb6b156aa27@group-A8644B6BB4DC:LeaderElection15] INFO  impl.RoleInfo (RoleInfo.java:shutdownLeaderElection(134)) - 8cef0f50-232a-49f9-bcef-6cb6b156aa27: shutdown LeaderElection
2019-10-09 12:08:12,227 [8cef0f50-232a-49f9-bcef-6cb6b156aa27@group-A8644B6BB4DC:LeaderElection15] INFO  impl.RaftServerImpl (RaftServerImpl.java:setRole(174)) - 8cef0f50-232a-49f9-bcef-6cb6b156aa27@group-A8644B6BB4DC: changes role from CANDIDATE to LEADER at term 1 for changeToLeader
2019-10-09 12:08:12,228 [8cef0f50-232a-49f9-bcef-6cb6b156aa27@group-A8644B6BB4DC:LeaderElection15] INFO  impl.RaftServerImpl (ServerState.java:setLeader(253)) - 8cef0f50-232a-49f9-bcef-6cb6b156aa27@group-A8644B6BB4DC: change Leader from null to 8cef0f50-232a-49f9-bcef-6cb6b156aa27 at term 1 for becomeLeader, leader elected after 5178ms
2019-10-09 12:08:12,228 [8cef0f50-232a-49f9-bcef-6cb6b156aa27@group-A8644B6BB4DC:LeaderElection15] INFO  server.RaftServerConfigKeys (ConfUtils.java:logGet(43)) - raft.server.staging.catchup.gap = 1000 (default)
2019-10-09 12:08:12,228 [8cef0f50-232a-49f9-bcef-6cb6b156aa27@group-A8644B6BB4DC:LeaderElection15] INFO  server.RaftServerConfigKeys (ConfUtils.java:logGet(43)) - raft.server.rpc.sleep.time = 25ms (default)
2019-10-09 12:08:12,228 [8cef0f50-232a-49f9-bcef-6cb6b156aa27@group-A8644B6BB4DC:LeaderElection15] INFO  server.RaftServerConfigKeys (ConfUtils.java:logGet(43)) - raft.server.write.element-limit = 4096 (default)
2019-10-09 12:08:12,228 [8cef0f50-232a-49f9-bcef-6cb6b156aa27@group-A8644B6BB4DC:LeaderElection15] INFO  server.RaftServerConfigKeys (ConfUtils.java:logGet(43)) - raft.server.watch.timeout = 10s (default)
2019-10-09 12:08:12,229 [8cef0f50-232a-49f9-bcef-6cb6b156aa27@group-A8644B6BB4DC:LeaderElection15] INFO  server.RaftServerConfigKeys (ConfUtils.java:logGet(43)) - raft.server.watch.timeout.denomination = 1s (default)
2019-10-09 12:08:12,229 [8cef0f50-232a-49f9-bcef-6cb6b156aa27@group-A8644B6BB4DC:LeaderElection15] INFO  server.RaftServerConfigKeys (ConfUtils.java:logGet(43)) - raft.server.watch.element-limit = 65536 (default)
2019-10-09 12:08:12,232 [8cef0f50-232a-49f9-bcef-6cb6b156aa27@group-A8644B6BB4DC:LeaderElection15] INFO  impl.RoleInfo (RoleInfo.java:updateAndGet(143)) - 8cef0f50-232a-49f9-bcef-6cb6b156aa27: start LeaderState
2019-10-09 12:08:12,233 [8cef0f50-232a-49f9-bcef-6cb6b156aa27@group-A8644B6BB4DC:LeaderElection15] INFO  segmented.SegmentedRaftLogWorker (SegmentedRaftLogWorker.java:startLogSegment(380)) - 8cef0f50-232a-49f9-bcef-6cb6b156aa27@group-A8644B6BB4DC-SegmentedRaftLogWorker: Starting segment from index:0
2019-10-09 12:08:12,233 [8cef0f50-232a-49f9-bcef-6cb6b156aa27@group-A8644B6BB4DC:LeaderElection15] INFO  impl.RaftServerImpl (ServerState.java:setRaftConf(354)) - 8cef0f50-232a-49f9-bcef-6cb6b156aa27@group-A8644B6BB4DC: set configuration 0: [8cef0f50-232a-49f9-bcef-6cb6b156aa27:192.168.30.33:32930], old=null at 0
2019-10-09 12:08:12,285 [8cef0f50-232a-49f9-bcef-6cb6b156aa27@group-A8644B6BB4DC-SegmentedRaftLogWorker] INFO  segmented.SegmentedRaftLogWorker (SegmentedRaftLogWorker.java:execute(569)) - 8cef0f50-232a-49f9-bcef-6cb6b156aa27@group-A8644B6BB4DC-SegmentedRaftLogWorker: created new log segment /workdir/hadoop-ozone/integration-test/target/test-dir/MiniOzoneClusterImpl-e7340580-22fa-48cc-aec5-f520e4c67952/datanode-2/data/ratis/28e9a789-c54b-4003-adcd-a8644b6bb4dc/current/log_inprogress_0
2019-10-09 12:08:12,291 [Thread-637] INFO  impl.FollowerState (FollowerState.java:run(106)) - 8cef0f50-232a-49f9-bcef-6cb6b156aa27:group-55793391DB1B changes to CANDIDATE, lastRpcTime:5195, electionTimeout:5195ms
2019-10-09 12:08:12,292 [Thread-637] INFO  impl.RoleInfo (RoleInfo.java:shutdownFollowerState(121)) - 8cef0f50-232a-49f9-bcef-6cb6b156aa27: shutdown FollowerState
2019-10-09 12:08:12,292 [Thread-637] INFO  impl.RaftServerImpl (RaftServerImpl.java:setRole(174)) - 8cef0f50-232a-49f9-bcef-6cb6b156aa27@group-55793391DB1B: changes role from  FOLLOWER to CANDIDATE at term 0 for changeToCandidate
2019-10-09 12:08:12,292 [Thread-637] INFO  impl.RoleInfo (RoleInfo.java:updateAndGet(143)) - 8cef0f50-232a-49f9-bcef-6cb6b156aa27: start LeaderElection
2019-10-09 12:08:12,299 [8cef0f50-232a-49f9-bcef-6cb6b156aa27@group-55793391DB1B:LeaderElection16] INFO  impl.LeaderElection (LeaderElection.java:askForVotes(182)) - 8cef0f50-232a-49f9-bcef-6cb6b156aa27@group-55793391DB1B:LeaderElection16: begin an election at term 1 for -1: [8cef0f50-232a-49f9-bcef-6cb6b156aa27:192.168.30.33:32930, d6eec3d4-696d-4b04-8dd8-a69ba37b960b:192.168.30.33:35382, 27cd974f-2c7d-4160-9eda-bf0692ffddac:192.168.30.33:36843], old=null
2019-10-09 12:08:12,319 [8cef0f50-232a-49f9-bcef-6cb6b156aa27@group-55793391DB1B:LeaderElection16] INFO  impl.LeaderElection (LogUtils.java:infoOrTrace(149)) - 8cef0f50-232a-49f9-bcef-6cb6b156aa27@group-55793391DB1B:LeaderElection16 got exception when requesting votes: {}
java.util.concurrent.ExecutionException: org.apache.ratis.thirdparty.io.grpc.StatusRuntimeException: UNAVAILABLE: io exception
	at java.util.concurrent.FutureTask.report(FutureTask.java:122)
	at java.util.concurrent.FutureTask.get(FutureTask.java:192)
	at org.apache.ratis.server.impl.LeaderElection.waitForResults(LeaderElection.java:263)
	at org.apache.ratis.server.impl.LeaderElection.askForVotes(LeaderElection.java:201)
	at org.apache.ratis.server.impl.LeaderElection.run(LeaderElection.java:133)
	at java.lang.Thread.run(Thread.java:748)
Caused by: org.apache.ratis.thirdparty.io.grpc.StatusRuntimeException: UNAVAILABLE: io exception
	at org.apache.ratis.thirdparty.io.grpc.stub.ClientCalls.toStatusRuntimeException(ClientCalls.java:233)
	at org.apache.ratis.thirdparty.io.grpc.stub.ClientCalls.getUnchecked(ClientCalls.java:214)
	at org.apache.ratis.thirdparty.io.grpc.stub.ClientCalls.blockingUnaryCall(ClientCalls.java:139)
	at org.apache.ratis.proto.grpc.RaftServerProtocolServiceGrpc$RaftServerProtocolServiceBlockingStub.requestVote(RaftServerProtocolServiceGrpc.java:265)
	at org.apache.ratis.grpc.server.GrpcServerProtocolClient.requestVote(GrpcServerProtocolClient.java:90)
	at org.apache.ratis.grpc.server.GrpcService.requestVote(GrpcService.java:204)
	at org.apache.ratis.server.impl.LeaderElection.lambda$submitRequests$1(LeaderElection.java:238)
	at java.util.concurrent.FutureTask.run(FutureTask.java:266)
	at java.util.concurrent.Executors$RunnableAdapter.call(Executors.java:511)
	at java.util.concurrent.FutureTask.run(FutureTask.java:266)
	at java.util.concurrent.ThreadPoolExecutor.runWorker(ThreadPoolExecutor.java:1149)
	at java.util.concurrent.ThreadPoolExecutor$Worker.run(ThreadPoolExecutor.java:624)
	... 1 more
Caused by: org.apache.ratis.thirdparty.io.netty.channel.AbstractChannel$AnnotatedConnectException: Connection refused: /192.168.30.33:35382
	at sun.nio.ch.SocketChannelImpl.checkConnect(Native Method)
	at sun.nio.ch.SocketChannelImpl.finishConnect(SocketChannelImpl.java:717)
	at org.apache.ratis.thirdparty.io.netty.channel.socket.nio.NioSocketChannel.doFinishConnect(NioSocketChannel.java:327)
	at org.apache.ratis.thirdparty.io.netty.channel.nio.AbstractNioChannel$AbstractNioUnsafe.finishConnect(AbstractNioChannel.java:340)
	at org.apache.ratis.thirdparty.io.netty.channel.nio.NioEventLoop.processSelectedKey(NioEventLoop.java:632)
	at org.apache.ratis.thirdparty.io.netty.channel.nio.NioEventLoop.processSelectedKeysOptimized(NioEventLoop.java:579)
	at org.apache.ratis.thirdparty.io.netty.channel.nio.NioEventLoop.processSelectedKeys(NioEventLoop.java:496)
	at org.apache.ratis.thirdparty.io.netty.channel.nio.NioEventLoop.run(NioEventLoop.java:458)
	at org.apache.ratis.thirdparty.io.netty.util.concurrent.SingleThreadEventExecutor$5.run(SingleThreadEventExecutor.java:897)
	at org.apache.ratis.thirdparty.io.netty.util.concurrent.FastThreadLocalRunnable.run(FastThreadLocalRunnable.java:30)
	... 1 more
Caused by: java.net.ConnectException: Connection refused
	... 11 more
2019-10-09 12:08:12,321 [8cef0f50-232a-49f9-bcef-6cb6b156aa27@group-55793391DB1B:LeaderElection16] INFO  impl.LeaderElection (LogUtils.java:infoOrTrace(149)) - 8cef0f50-232a-49f9-bcef-6cb6b156aa27@group-55793391DB1B:LeaderElection16 got exception when requesting votes: {}
java.util.concurrent.ExecutionException: org.apache.ratis.thirdparty.io.grpc.StatusRuntimeException: UNAVAILABLE: io exception
	at java.util.concurrent.FutureTask.report(FutureTask.java:122)
	at java.util.concurrent.FutureTask.get(FutureTask.java:192)
	at org.apache.ratis.server.impl.LeaderElection.waitForResults(LeaderElection.java:263)
	at org.apache.ratis.server.impl.LeaderElection.askForVotes(LeaderElection.java:201)
	at org.apache.ratis.server.impl.LeaderElection.run(LeaderElection.java:133)
	at java.lang.Thread.run(Thread.java:748)
Caused by: org.apache.ratis.thirdparty.io.grpc.StatusRuntimeException: UNAVAILABLE: io exception
	at org.apache.ratis.thirdparty.io.grpc.stub.ClientCalls.toStatusRuntimeException(ClientCalls.java:233)
	at org.apache.ratis.thirdparty.io.grpc.stub.ClientCalls.getUnchecked(ClientCalls.java:214)
	at org.apache.ratis.thirdparty.io.grpc.stub.ClientCalls.blockingUnaryCall(ClientCalls.java:139)
	at org.apache.ratis.proto.grpc.RaftServerProtocolServiceGrpc$RaftServerProtocolServiceBlockingStub.requestVote(RaftServerProtocolServiceGrpc.java:265)
	at org.apache.ratis.grpc.server.GrpcServerProtocolClient.requestVote(GrpcServerProtocolClient.java:90)
	at org.apache.ratis.grpc.server.GrpcService.requestVote(GrpcService.java:204)
	at org.apache.ratis.server.impl.LeaderElection.lambda$submitRequests$1(LeaderElection.java:238)
	at java.util.concurrent.FutureTask.run(FutureTask.java:266)
	at java.util.concurrent.Executors$RunnableAdapter.call(Executors.java:511)
	at java.util.concurrent.FutureTask.run(FutureTask.java:266)
	at java.util.concurrent.ThreadPoolExecutor.runWorker(ThreadPoolExecutor.java:1149)
	at java.util.concurrent.ThreadPoolExecutor$Worker.run(ThreadPoolExecutor.java:624)
	... 1 more
Caused by: org.apache.ratis.thirdparty.io.netty.channel.AbstractChannel$AnnotatedConnectException: Connection refused: /192.168.30.33:36843
	at sun.nio.ch.SocketChannelImpl.checkConnect(Native Method)
	at sun.nio.ch.SocketChannelImpl.finishConnect(SocketChannelImpl.java:717)
	at org.apache.ratis.thirdparty.io.netty.channel.socket.nio.NioSocketChannel.doFinishConnect(NioSocketChannel.java:327)
	at org.apache.ratis.thirdparty.io.netty.channel.nio.AbstractNioChannel$AbstractNioUnsafe.finishConnect(AbstractNioChannel.java:340)
	at org.apache.ratis.thirdparty.io.netty.channel.nio.NioEventLoop.processSelectedKey(NioEventLoop.java:632)
	at org.apache.ratis.thirdparty.io.netty.channel.nio.NioEventLoop.processSelectedKeysOptimized(NioEventLoop.java:579)
	at org.apache.ratis.thirdparty.io.netty.channel.nio.NioEventLoop.processSelectedKeys(NioEventLoop.java:496)
	at org.apache.ratis.thirdparty.io.netty.channel.nio.NioEventLoop.run(NioEventLoop.java:458)
	at org.apache.ratis.thirdparty.io.netty.util.concurrent.SingleThreadEventExecutor$5.run(SingleThreadEventExecutor.java:897)
	at org.apache.ratis.thirdparty.io.netty.util.concurrent.FastThreadLocalRunnable.run(FastThreadLocalRunnable.java:30)
	... 1 more
Caused by: java.net.ConnectException: Connection refused
	... 11 more
2019-10-09 12:08:12,323 [8cef0f50-232a-49f9-bcef-6cb6b156aa27@group-55793391DB1B:LeaderElection16] INFO  impl.LeaderElection (LeaderElection.java:logAndReturn(56)) - 8cef0f50-232a-49f9-bcef-6cb6b156aa27@group-55793391DB1B:LeaderElection16: Election REJECTED; received 0 response(s) [] and 2 exception(s); 8cef0f50-232a-49f9-bcef-6cb6b156aa27@group-55793391DB1B:t1, leader=null, voted=8cef0f50-232a-49f9-bcef-6cb6b156aa27, raftlog=8cef0f50-232a-49f9-bcef-6cb6b156aa27@group-55793391DB1B-SegmentedRaftLog:OPENED:c-1,f-1,i0, conf=-1: [8cef0f50-232a-49f9-bcef-6cb6b156aa27:192.168.30.33:32930, d6eec3d4-696d-4b04-8dd8-a69ba37b960b:192.168.30.33:35382, 27cd974f-2c7d-4160-9eda-bf0692ffddac:192.168.30.33:36843], old=null
2019-10-09 12:08:12,323 [8cef0f50-232a-49f9-bcef-6cb6b156aa27@group-55793391DB1B:LeaderElection16] INFO  impl.LeaderElection (LogUtils.java:infoOrTrace(149)) -   Exception 0: {}
java.util.concurrent.ExecutionException: org.apache.ratis.thirdparty.io.grpc.StatusRuntimeException: UNAVAILABLE: io exception
	at java.util.concurrent.FutureTask.report(FutureTask.java:122)
	at java.util.concurrent.FutureTask.get(FutureTask.java:192)
	at org.apache.ratis.server.impl.LeaderElection.waitForResults(LeaderElection.java:263)
	at org.apache.ratis.server.impl.LeaderElection.askForVotes(LeaderElection.java:201)
	at org.apache.ratis.server.impl.LeaderElection.run(LeaderElection.java:133)
	at java.lang.Thread.run(Thread.java:748)
Caused by: org.apache.ratis.thirdparty.io.grpc.StatusRuntimeException: UNAVAILABLE: io exception
	at org.apache.ratis.thirdparty.io.grpc.stub.ClientCalls.toStatusRuntimeException(ClientCalls.java:233)
	at org.apache.ratis.thirdparty.io.grpc.stub.ClientCalls.getUnchecked(ClientCalls.java:214)
	at org.apache.ratis.thirdparty.io.grpc.stub.ClientCalls.blockingUnaryCall(ClientCalls.java:139)
	at org.apache.ratis.proto.grpc.RaftServerProtocolServiceGrpc$RaftServerProtocolServiceBlockingStub.requestVote(RaftServerProtocolServiceGrpc.java:265)
	at org.apache.ratis.grpc.server.GrpcServerProtocolClient.requestVote(GrpcServerProtocolClient.java:90)
	at org.apache.ratis.grpc.server.GrpcService.requestVote(GrpcService.java:204)
	at org.apache.ratis.server.impl.LeaderElection.lambda$submitRequests$1(LeaderElection.java:238)
	at java.util.concurrent.FutureTask.run(FutureTask.java:266)
	at java.util.concurrent.Executors$RunnableAdapter.call(Executors.java:511)
	at java.util.concurrent.FutureTask.run(FutureTask.java:266)
	at java.util.concurrent.ThreadPoolExecutor.runWorker(ThreadPoolExecutor.java:1149)
	at java.util.concurrent.ThreadPoolExecutor$Worker.run(ThreadPoolExecutor.java:624)
	... 1 more
Caused by: org.apache.ratis.thirdparty.io.netty.channel.AbstractChannel$AnnotatedConnectException: Connection refused: /192.168.30.33:35382
	at sun.nio.ch.SocketChannelImpl.checkConnect(Native Method)
	at sun.nio.ch.SocketChannelImpl.finishConnect(SocketChannelImpl.java:717)
	at org.apache.ratis.thirdparty.io.netty.channel.socket.nio.NioSocketChannel.doFinishConnect(NioSocketChannel.java:327)
	at org.apache.ratis.thirdparty.io.netty.channel.nio.AbstractNioChannel$AbstractNioUnsafe.finishConnect(AbstractNioChannel.java:340)
	at org.apache.ratis.thirdparty.io.netty.channel.nio.NioEventLoop.processSelectedKey(NioEventLoop.java:632)
	at org.apache.ratis.thirdparty.io.netty.channel.nio.NioEventLoop.processSelectedKeysOptimized(NioEventLoop.java:579)
	at org.apache.ratis.thirdparty.io.netty.channel.nio.NioEventLoop.processSelectedKeys(NioEventLoop.java:496)
	at org.apache.ratis.thirdparty.io.netty.channel.nio.NioEventLoop.run(NioEventLoop.java:458)
	at org.apache.ratis.thirdparty.io.netty.util.concurrent.SingleThreadEventExecutor$5.run(SingleThreadEventExecutor.java:897)
	at org.apache.ratis.thirdparty.io.netty.util.concurrent.FastThreadLocalRunnable.run(FastThreadLocalRunnable.java:30)
	... 1 more
Caused by: java.net.ConnectException: Connection refused
	... 11 more
2019-10-09 12:08:12,323 [8cef0f50-232a-49f9-bcef-6cb6b156aa27@group-55793391DB1B:LeaderElection16] INFO  impl.LeaderElection (LogUtils.java:infoOrTrace(149)) -   Exception 1: {}
java.util.concurrent.ExecutionException: org.apache.ratis.thirdparty.io.grpc.StatusRuntimeException: UNAVAILABLE: io exception
	at java.util.concurrent.FutureTask.report(FutureTask.java:122)
	at java.util.concurrent.FutureTask.get(FutureTask.java:192)
	at org.apache.ratis.server.impl.LeaderElection.waitForResults(LeaderElection.java:263)
	at org.apache.ratis.server.impl.LeaderElection.askForVotes(LeaderElection.java:201)
	at org.apache.ratis.server.impl.LeaderElection.run(LeaderElection.java:133)
	at java.lang.Thread.run(Thread.java:748)
Caused by: org.apache.ratis.thirdparty.io.grpc.StatusRuntimeException: UNAVAILABLE: io exception
	at org.apache.ratis.thirdparty.io.grpc.stub.ClientCalls.toStatusRuntimeException(ClientCalls.java:233)
	at org.apache.ratis.thirdparty.io.grpc.stub.ClientCalls.getUnchecked(ClientCalls.java:214)
	at org.apache.ratis.thirdparty.io.grpc.stub.ClientCalls.blockingUnaryCall(ClientCalls.java:139)
	at org.apache.ratis.proto.grpc.RaftServerProtocolServiceGrpc$RaftServerProtocolServiceBlockingStub.requestVote(RaftServerProtocolServiceGrpc.java:265)
	at org.apache.ratis.grpc.server.GrpcServerProtocolClient.requestVote(GrpcServerProtocolClient.java:90)
	at org.apache.ratis.grpc.server.GrpcService.requestVote(GrpcService.java:204)
	at org.apache.ratis.server.impl.LeaderElection.lambda$submitRequests$1(LeaderElection.java:238)
	at java.util.concurrent.FutureTask.run(FutureTask.java:266)
	at java.util.concurrent.Executors$RunnableAdapter.call(Executors.java:511)
	at java.util.concurrent.FutureTask.run(FutureTask.java:266)
	at java.util.concurrent.ThreadPoolExecutor.runWorker(ThreadPoolExecutor.java:1149)
	at java.util.concurrent.ThreadPoolExecutor$Worker.run(ThreadPoolExecutor.java:624)
	... 1 more
Caused by: org.apache.ratis.thirdparty.io.netty.channel.AbstractChannel$AnnotatedConnectException: Connection refused: /192.168.30.33:36843
	at sun.nio.ch.SocketChannelImpl.checkConnect(Native Method)
	at sun.nio.ch.SocketChannelImpl.finishConnect(SocketChannelImpl.java:717)
	at org.apache.ratis.thirdparty.io.netty.channel.socket.nio.NioSocketChannel.doFinishConnect(NioSocketChannel.java:327)
	at org.apache.ratis.thirdparty.io.netty.channel.nio.AbstractNioChannel$AbstractNioUnsafe.finishConnect(AbstractNioChannel.java:340)
	at org.apache.ratis.thirdparty.io.netty.channel.nio.NioEventLoop.processSelectedKey(NioEventLoop.java:632)
	at org.apache.ratis.thirdparty.io.netty.channel.nio.NioEventLoop.processSelectedKeysOptimized(NioEventLoop.java:579)
	at org.apache.ratis.thirdparty.io.netty.channel.nio.NioEventLoop.processSelectedKeys(NioEventLoop.java:496)
	at org.apache.ratis.thirdparty.io.netty.channel.nio.NioEventLoop.run(NioEventLoop.java:458)
	at org.apache.ratis.thirdparty.io.netty.util.concurrent.SingleThreadEventExecutor$5.run(SingleThreadEventExecutor.java:897)
	at org.apache.ratis.thirdparty.io.netty.util.concurrent.FastThreadLocalRunnable.run(FastThreadLocalRunnable.java:30)
	... 1 more
Caused by: java.net.ConnectException: Connection refused
	... 11 more
2019-10-09 12:08:12,324 [8cef0f50-232a-49f9-bcef-6cb6b156aa27@group-55793391DB1B:LeaderElection16] INFO  impl.RaftServerImpl (RaftServerImpl.java:setRole(174)) - 8cef0f50-232a-49f9-bcef-6cb6b156aa27@group-55793391DB1B: changes role from CANDIDATE to FOLLOWER at term 1 for DISCOVERED_A_NEW_TERM
2019-10-09 12:08:12,324 [8cef0f50-232a-49f9-bcef-6cb6b156aa27@group-55793391DB1B:LeaderElection16] INFO  impl.RoleInfo (RoleInfo.java:shutdownLeaderElection(134)) - 8cef0f50-232a-49f9-bcef-6cb6b156aa27: shutdown LeaderElection
2019-10-09 12:08:12,324 [8cef0f50-232a-49f9-bcef-6cb6b156aa27@group-55793391DB1B:LeaderElection16] INFO  impl.RoleInfo (RoleInfo.java:updateAndGet(143)) - 8cef0f50-232a-49f9-bcef-6cb6b156aa27: start FollowerState
2019-10-09 12:08:13,097 [Datanode State Machine Thread - 0] INFO  statemachine.DatanodeStateMachine (DatanodeStateMachine.java:lambda$startDaemon$0(356)) - Ozone container server started.
Pipeline Report Generate
2019-10-09 12:08:17,111 [main] INFO  ozoneimpl.OzoneContainer (OzoneContainer.java:stop(231)) - Attempting to stop container services.
2019-10-09 12:08:17,112 [main] INFO  impl.RaftServerProxy (RaftServerProxy.java:lambda$close$4(314)) - 8cef0f50-232a-49f9-bcef-6cb6b156aa27: close
2019-10-09 12:08:17,113 [main] INFO  impl.RaftServerImpl (RaftServerImpl.java:lambda$shutdown$3(251)) - 8cef0f50-232a-49f9-bcef-6cb6b156aa27@group-55793391DB1B: shutdown
2019-10-09 12:08:17,113 [main] INFO  util.JmxRegister (JmxRegister.java:unregister(73)) - Successfully un-registered JMX Bean with object name Ratis:service=RaftServer,group=group-55793391DB1B,id=8cef0f50-232a-49f9-bcef-6cb6b156aa27
2019-10-09 12:08:17,114 [main] INFO  impl.RoleInfo (RoleInfo.java:shutdownFollowerState(121)) - 8cef0f50-232a-49f9-bcef-6cb6b156aa27: shutdown FollowerState
2019-10-09 12:08:17,114 [main] INFO  impl.StateMachineUpdater (StateMachineUpdater.java:stopAndJoin(125)) - 8cef0f50-232a-49f9-bcef-6cb6b156aa27@group-55793391DB1B-StateMachineUpdater: set stopIndex = -1
2019-10-09 12:08:17,114 [Thread-646] INFO  impl.FollowerState (FollowerState.java:run(115)) - 8cef0f50-232a-49f9-bcef-6cb6b156aa27: FollowerState was interrupted: java.lang.InterruptedException: sleep interrupted
2019-10-09 12:08:17,115 [main] INFO  impl.RaftServerImpl (ServerState.java:close(385)) - 8cef0f50-232a-49f9-bcef-6cb6b156aa27@group-55793391DB1B: closes. applyIndex: -1
2019-10-09 12:08:17,117 [8cef0f50-232a-49f9-bcef-6cb6b156aa27@group-55793391DB1B-SegmentedRaftLogWorker] INFO  segmented.SegmentedRaftLogWorker (SegmentedRaftLogWorker.java:run(313)) - 8cef0f50-232a-49f9-bcef-6cb6b156aa27@group-55793391DB1B-SegmentedRaftLogWorker was interrupted, exiting. There are 0 tasks remaining in the queue.
2019-10-09 12:08:17,117 [main] INFO  segmented.SegmentedRaftLogWorker (SegmentedRaftLogWorker.java:close(228)) - 8cef0f50-232a-49f9-bcef-6cb6b156aa27@group-55793391DB1B-SegmentedRaftLogWorker close()
2019-10-09 12:08:17,122 [main] INFO  impl.RaftServerImpl (RaftServerImpl.java:lambda$shutdown$3(251)) - 8cef0f50-232a-49f9-bcef-6cb6b156aa27@group-A8644B6BB4DC: shutdown
2019-10-09 12:08:17,123 [main] INFO  util.JmxRegister (JmxRegister.java:unregister(73)) - Successfully un-registered JMX Bean with object name Ratis:service=RaftServer,group=group-A8644B6BB4DC,id=8cef0f50-232a-49f9-bcef-6cb6b156aa27
2019-10-09 12:08:17,123 [main] INFO  impl.RoleInfo (RoleInfo.java:shutdownLeaderState(104)) - 8cef0f50-232a-49f9-bcef-6cb6b156aa27: shutdown LeaderState
2019-10-09 12:08:17,124 [main] INFO  impl.PendingRequests (PendingRequests.java:sendNotLeaderResponses(202)) - 8cef0f50-232a-49f9-bcef-6cb6b156aa27-PendingRequests: sendNotLeaderResponses
2019-10-09 12:08:17,124 [main] INFO  impl.StateMachineUpdater (StateMachineUpdater.java:stopAndJoin(125)) - 8cef0f50-232a-49f9-bcef-6cb6b156aa27@group-A8644B6BB4DC-StateMachineUpdater: set stopIndex = 0
2019-10-09 12:08:17,125 [main] INFO  impl.RaftServerImpl (ServerState.java:close(385)) - 8cef0f50-232a-49f9-bcef-6cb6b156aa27@group-A8644B6BB4DC: closes. applyIndex: 0
2019-10-09 12:08:17,125 [8cef0f50-232a-49f9-bcef-6cb6b156aa27@group-A8644B6BB4DC-SegmentedRaftLogWorker] INFO  segmented.SegmentedRaftLogWorker (SegmentedRaftLogWorker.java:run(313)) - 8cef0f50-232a-49f9-bcef-6cb6b156aa27@group-A8644B6BB4DC-SegmentedRaftLogWorker was interrupted, exiting. There are 0 tasks remaining in the queue.
2019-10-09 12:08:17,127 [main] INFO  segmented.SegmentedRaftLogWorker (SegmentedRaftLogWorker.java:close(228)) - 8cef0f50-232a-49f9-bcef-6cb6b156aa27@group-A8644B6BB4DC-SegmentedRaftLogWorker close()
2019-10-09 12:08:17,128 [main] INFO  server.GrpcService (GrpcService.java:closeImpl(164)) - 8cef0f50-232a-49f9-bcef-6cb6b156aa27: shutdown server with port 32930 now
2019-10-09 12:08:17,131 [main] INFO  server.GrpcService (GrpcService.java:closeImpl(172)) - 8cef0f50-232a-49f9-bcef-6cb6b156aa27: shutdown server with port 32930 successfully
2019-10-09 12:08:17,139 [refreshUsed-/workdir/hadoop-ozone/integration-test/target/test-dir/MiniOzoneClusterImpl-e7340580-22fa-48cc-aec5-f520e4c67952/datanode-2/data/containers] WARN  fs.CachingGetSpaceUsed (CachingGetSpaceUsed.java:run(183)) - Thread Interrupted waiting to refresh disk information: sleep interrupted
2019-10-09 12:08:17,157 [main] INFO  utils.BackgroundService (BackgroundService.java:shutdown(148)) - Shutting down service BlockDeletingService
2019-10-09 12:08:17,159 [main] INFO  statemachine.DatanodeStateMachine (DatanodeStateMachine.java:stopDaemon(401)) - Ozone container server stopped.
2019-10-09 12:08:17,160 [main] INFO  handler.ContextHandler (ContextHandler.java:doStop(910)) - Stopped o.e.j.w.WebAppContext@485e13d7{/,null,UNAVAILABLE}{/hddsDatanode}
2019-10-09 12:08:17,161 [main] INFO  server.AbstractConnector (AbstractConnector.java:doStop(318)) - Stopped ServerConnector@43984213{HTTP/1.1,[http/1.1]}{0.0.0.0:0}
2019-10-09 12:08:17,162 [main] INFO  handler.ContextHandler (ContextHandler.java:doStop(910)) - Stopped o.e.j.s.ServletContextHandler@1806bc4c{/static,jar:file:/home/user/.m2/repository/org/apache/hadoop/hadoop-hdds-container-service/0.5.0-SNAPSHOT/hadoop-hdds-container-service-0.5.0-SNAPSHOT.jar!/webapps/static,UNAVAILABLE}
2019-10-09 12:08:17,162 [main] INFO  handler.ContextHandler (ContextHandler.java:doStop(910)) - Stopped o.e.j.s.ServletContextHandler@2121d1f9{/logs,file:///workdir/hadoop-ozone/integration-test/target/log,UNAVAILABLE}
2019-10-09 12:08:17,163 [main] INFO  ozone.MiniOzoneClusterImpl (MiniOzoneClusterImpl.java:stopSCM(397)) - Stopping the StorageContainerManager
2019-10-09 12:08:17,164 [main] INFO  server.StorageContainerManager (StorageContainerManager.java:stop(807)) - Stopping Replication Manager Service.
2019-10-09 12:08:17,164 [main] INFO  container.ReplicationManager (ReplicationManager.java:stop(204)) - Stopping Replication Monitor Thread.
2019-10-09 12:08:17,164 [main] INFO  server.StorageContainerManager (StorageContainerManager.java:stop(814)) - Stopping Lease Manager of the command watchers
2019-10-09 12:08:17,164 [main] INFO  server.StorageContainerManager (StorageContainerManager.java:stop(821)) - Stopping datanode service RPC server
2019-10-09 12:08:17,164 [main] INFO  server.SCMDatanodeProtocolServer (SCMDatanodeProtocolServer.java:stop(387)) - Stopping the RPC server for DataNodes
2019-10-09 12:08:17,165 [main] INFO  ipc.Server (Server.java:stop(3082)) - Stopping server on 38090
2019-10-09 12:08:17,166 [IPC Server listener on 38090] INFO  ipc.Server (Server.java:run(1185)) - Stopping IPC Server listener on 38090
2019-10-09 12:08:17,166 [IPC Server Responder] INFO  ipc.Server (Server.java:run(1319)) - Stopping IPC Server Responder
2019-10-09 12:08:17,182 [SCM Heartbeat Processing Thread - 0] WARN  node.NodeStateManager (NodeStateManager.java:scheduleNextHealthCheck(655)) - Current Thread is interrupted, shutting down HB processing thread for Node Manager.
2019-10-09 12:08:17,182 [main] INFO  server.StorageContainerManager (StorageContainerManager.java:stop(829)) - Stopping block service RPC server
2019-10-09 12:08:17,182 [main] INFO  server.SCMBlockProtocolServer (SCMBlockProtocolServer.java:stop(155)) - Stopping the RPC server for Block Protocol
2019-10-09 12:08:17,182 [main] INFO  ipc.Server (Server.java:stop(3082)) - Stopping server on 44276
2019-10-09 12:08:17,184 [IPC Server listener on 44276] INFO  ipc.Server (Server.java:run(1185)) - Stopping IPC Server listener on 44276
2019-10-09 12:08:17,184 [IPC Server Responder] INFO  ipc.Server (Server.java:run(1319)) - Stopping IPC Server Responder
2019-10-09 12:08:17,184 [main] INFO  server.StorageContainerManager (StorageContainerManager.java:stop(836)) - Stopping the StorageContainerLocationProtocol RPC server
2019-10-09 12:08:17,186 [main] INFO  server.SCMClientProtocolServer (SCMClientProtocolServer.java:stop(159)) - Stopping the RPC server for Client Protocol
2019-10-09 12:08:17,186 [main] INFO  ipc.Server (Server.java:stop(3082)) - Stopping server on 38907
2019-10-09 12:08:17,188 [IPC Server listener on 38907] INFO  ipc.Server (Server.java:run(1185)) - Stopping IPC Server listener on 38907
2019-10-09 12:08:17,190 [IPC Server Responder] INFO  ipc.Server (Server.java:run(1319)) - Stopping IPC Server Responder
2019-10-09 12:08:17,190 [main] INFO  server.StorageContainerManager (StorageContainerManager.java:stop(843)) - Stopping Storage Container Manager HTTP server.
2019-10-09 12:08:17,191 [main] INFO  handler.ContextHandler (ContextHandler.java:doStop(910)) - Stopped o.e.j.w.WebAppContext@65ddee5a{/,null,UNAVAILABLE}{/scm}
2019-10-09 12:08:17,191 [main] INFO  server.AbstractConnector (AbstractConnector.java:doStop(318)) - Stopped ServerConnector@56399b9e{HTTP/1.1,[http/1.1]}{0.0.0.0:0}
2019-10-09 12:08:17,192 [main] INFO  handler.ContextHandler (ContextHandler.java:doStop(910)) - Stopped o.e.j.s.ServletContextHandler@4190bc8a{/static,file:///workdir/hadoop-ozone/integration-test/target/test-classes/webapps/static,UNAVAILABLE}
2019-10-09 12:08:17,192 [main] INFO  handler.ContextHandler (ContextHandler.java:doStop(910)) - Stopped o.e.j.s.ServletContextHandler@3d64c581{/logs,file:///workdir/hadoop-ozone/integration-test/target/log,UNAVAILABLE}
2019-10-09 12:08:17,193 [main] INFO  server.StorageContainerManager (StorageContainerManager.java:stop(854)) - Stopping Block Manager Service.
2019-10-09 12:08:17,193 [main] INFO  utils.BackgroundService (BackgroundService.java:shutdown(148)) - Shutting down service SCMBlockDeletingService
2019-10-09 12:08:17,194 [main] INFO  utils.BackgroundService (BackgroundService.java:shutdown(148)) - Shutting down service SCMBlockDeletingService
2019-10-09 12:08:17,194 [main] INFO  server.StorageContainerManager (StorageContainerManager.java:stop(876)) - Stopping SCM Event Queue.
2019-10-09 12:08:17,198 [main] INFO  impl.MetricsSystemImpl (MetricsSystemImpl.java:stop(210)) - Stopping HddsDatanode metrics system...
2019-10-09 12:08:17,213 [main] INFO  impl.MetricsSystemImpl (MetricsSystemImpl.java:stop(216)) - HddsDatanode metrics system stopped.
]]></system-out>
  </testcase>
  <testcase name="testPipelineCloseWithLogFailure" classname="org.apache.hadoop.hdds.scm.pipeline.TestPipelineClose" time="18.479">
    <error message="Could not allocate container. Cannot get any matching pipeline for Type:RATIS, Factor:THREE, State:PipelineState.OPEN" type="java.io.IOException">java.io.IOException: Could not allocate container. Cannot get any matching pipeline for Type:RATIS, Factor:THREE, State:PipelineState.OPEN
	at org.apache.hadoop.hdds.scm.container.ContainerStateManager.allocateContainer(ContainerStateManager.java:260)
	at org.apache.hadoop.hdds.scm.container.SCMContainerManager.allocateContainer(SCMContainerManager.java:247)
	at org.apache.hadoop.hdds.scm.pipeline.TestPipelineClose.init(TestPipelineClose.java:92)
	at sun.reflect.NativeMethodAccessorImpl.invoke0(Native Method)
	at sun.reflect.NativeMethodAccessorImpl.invoke(NativeMethodAccessorImpl.java:62)
	at sun.reflect.DelegatingMethodAccessorImpl.invoke(DelegatingMethodAccessorImpl.java:43)
	at java.lang.reflect.Method.invoke(Method.java:498)
	at org.junit.runners.model.FrameworkMethod$1.runReflectiveCall(FrameworkMethod.java:47)
	at org.junit.internal.runners.model.ReflectiveCallable.run(ReflectiveCallable.java:12)
	at org.junit.runners.model.FrameworkMethod.invokeExplosively(FrameworkMethod.java:44)
	at org.junit.internal.runners.statements.RunBefores.evaluate(RunBefores.java:24)
	at org.junit.internal.runners.statements.RunAfters.evaluate(RunAfters.java:27)
	at org.junit.runners.ParentRunner.runLeaf(ParentRunner.java:271)
	at org.junit.runners.BlockJUnit4ClassRunner.runChild(BlockJUnit4ClassRunner.java:70)
	at org.junit.runners.BlockJUnit4ClassRunner.runChild(BlockJUnit4ClassRunner.java:50)
	at org.junit.runners.ParentRunner$3.run(ParentRunner.java:238)
	at org.junit.runners.ParentRunner$1.schedule(ParentRunner.java:63)
	at org.junit.runners.ParentRunner.runChildren(ParentRunner.java:236)
	at org.junit.runners.ParentRunner.access$000(ParentRunner.java:53)
	at org.junit.runners.ParentRunner$2.evaluate(ParentRunner.java:229)
	at org.junit.runners.ParentRunner.run(ParentRunner.java:309)
	at org.apache.maven.surefire.junit4.JUnit4Provider.execute(JUnit4Provider.java:365)
	at org.apache.maven.surefire.junit4.JUnit4Provider.executeWithRerun(JUnit4Provider.java:273)
	at org.apache.maven.surefire.junit4.JUnit4Provider.executeTestSet(JUnit4Provider.java:238)
	at org.apache.maven.surefire.junit4.JUnit4Provider.invoke(JUnit4Provider.java:159)
	at org.apache.maven.surefire.booter.ForkedBooter.invokeProviderInSameClassLoader(ForkedBooter.java:384)
	at org.apache.maven.surefire.booter.ForkedBooter.runSuitesInProcess(ForkedBooter.java:345)
	at org.apache.maven.surefire.booter.ForkedBooter.execute(ForkedBooter.java:126)
	at org.apache.maven.surefire.booter.ForkedBooter.main(ForkedBooter.java:418)
</error>
    <system-out><![CDATA[2019-10-09 12:08:17,255 [main] WARN  server.ServerUtils (ServerUtils.java:getScmDbDir(145)) - ozone.scm.db.dirs is not configured. We recommend adding this setting. Falling back to ozone.metadata.dirs instead.
2019-10-09 12:08:17,269 [main] WARN  server.ServerUtils (ServerUtils.java:getScmDbDir(145)) - ozone.scm.db.dirs is not configured. We recommend adding this setting. Falling back to ozone.metadata.dirs instead.
2019-10-09 12:08:17,270 [main] WARN  server.ServerUtils (ServerUtils.java:getScmDbDir(145)) - ozone.scm.db.dirs is not configured. We recommend adding this setting. Falling back to ozone.metadata.dirs instead.
2019-10-09 12:08:17,270 [main] INFO  db.DBStoreBuilder (DBStoreBuilder.java:addTable(110)) - using custom profile for table: deletedBlocks
2019-10-09 12:08:17,270 [main] INFO  db.DBStoreBuilder (DBStoreBuilder.java:processTables(161)) - Using default column profile:DBProfile.DISK for Table:deletedBlocks
2019-10-09 12:08:17,270 [main] INFO  db.DBStoreBuilder (DBStoreBuilder.java:addTable(110)) - using custom profile for table: validCerts
2019-10-09 12:08:17,271 [main] INFO  db.DBStoreBuilder (DBStoreBuilder.java:processTables(161)) - Using default column profile:DBProfile.DISK for Table:validCerts
2019-10-09 12:08:17,271 [main] INFO  db.DBStoreBuilder (DBStoreBuilder.java:addTable(110)) - using custom profile for table: revokedCerts
2019-10-09 12:08:17,271 [main] INFO  db.DBStoreBuilder (DBStoreBuilder.java:processTables(161)) - Using default column profile:DBProfile.DISK for Table:revokedCerts
2019-10-09 12:08:17,271 [main] INFO  db.DBStoreBuilder (DBStoreBuilder.java:addTable(110)) - using custom profile for table: default
2019-10-09 12:08:17,271 [main] INFO  db.DBStoreBuilder (DBStoreBuilder.java:processTables(167)) - Using default column profile:DBProfile.DISK for Table:default
2019-10-09 12:08:17,272 [main] INFO  db.DBStoreBuilder (DBStoreBuilder.java:getDbProfile(198)) - Using default options. DBProfile.DISK
2019-10-09 12:08:17,426 [main] INFO  net.NodeSchemaLoader (NodeSchemaLoader.java:loadSchemaFromFile(125)) - Loading file from sun.misc.CompoundEnumeration@2dfb885e
2019-10-09 12:08:17,426 [main] INFO  net.NodeSchemaLoader (NodeSchemaLoader.java:loadSchema(171)) - Loading network topology layer schema file
2019-10-09 12:08:17,431 [main] WARN  server.ServerUtils (ServerUtils.java:sanitizeUserArgs(70)) - ozone.scm.stale.node.interval value = 300000 is larger than max = 100000 based on the key value of ozone.scm.heartbeat.thread.interval, reset to the max value 100000.
2019-10-09 12:08:17,431 [main] WARN  server.ServerUtils (ServerUtils.java:sanitizeUserArgs(70)) - ozone.scm.stale.node.interval value = 300000 is larger than max = 100000 based on the key value of ozone.scm.heartbeat.thread.interval, reset to the max value 100000.
2019-10-09 12:08:17,431 [main] INFO  node.SCMNodeManager (SCMNodeManager.java:<init>(114)) - Entering startup safe mode.
2019-10-09 12:08:17,432 [main] INFO  algorithms.ContainerPlacementPolicyFactory (ContainerPlacementPolicyFactory.java:getPolicy(59)) - Create container placement policy of type org.apache.hadoop.hdds.scm.container.placement.algorithms.SCMContainerPlacementRandom
2019-10-09 12:08:17,432 [main] WARN  server.ServerUtils (ServerUtils.java:getScmDbDir(145)) - ozone.scm.db.dirs is not configured. We recommend adding this setting. Falling back to ozone.metadata.dirs instead.
2019-10-09 12:08:17,479 [main] INFO  pipeline.SCMPipelineManager (SCMPipelineManager.java:initializePipelineState(144)) - No pipeline exists in current db
2019-10-09 12:08:17,480 [main] WARN  server.ServerUtils (ServerUtils.java:getScmDbDir(145)) - ozone.scm.db.dirs is not configured. We recommend adding this setting. Falling back to ozone.metadata.dirs instead.
2019-10-09 12:08:17,523 [main] INFO  safemode.HealthyPipelineSafeModeRule (HealthyPipelineSafeModeRule.java:<init>(89)) -  Total pipeline count is 0, healthy pipeline threshold count is 1
2019-10-09 12:08:17,523 [main] INFO  safemode.OneReplicaPipelineSafeModeRule (OneReplicaPipelineSafeModeRule.java:<init>(88)) - Total pipeline count is 0, pipeline's with at least one datanode reported threshold count is 0
2019-10-09 12:08:17,524 [main] WARN  events.EventQueue (EventQueue.java:fireEvent(183)) - No event handler registered for event TypedEvent{payloadType=SafeModeStatus, name='SafeModeStatus'}
2019-10-09 12:08:17,525 [main] INFO  ipc.CallQueueManager (CallQueueManager.java:<init>(84)) - Using callQueue: class java.util.concurrent.LinkedBlockingQueue, queueCapacity: 2000, scheduler: class org.apache.hadoop.ipc.DefaultRpcScheduler, ipcBackoff: false.
2019-10-09 12:08:17,526 [Socket Reader #1 for port 46020] INFO  ipc.Server (Server.java:run(1074)) - Starting Socket Reader #1 for port 46020
2019-10-09 12:08:17,528 [main] INFO  ipc.CallQueueManager (CallQueueManager.java:<init>(84)) - Using callQueue: class java.util.concurrent.LinkedBlockingQueue, queueCapacity: 2000, scheduler: class org.apache.hadoop.ipc.DefaultRpcScheduler, ipcBackoff: false.
2019-10-09 12:08:17,528 [Socket Reader #1 for port 43435] INFO  ipc.Server (Server.java:run(1074)) - Starting Socket Reader #1 for port 43435
2019-10-09 12:08:17,530 [main] INFO  ipc.CallQueueManager (CallQueueManager.java:<init>(84)) - Using callQueue: class java.util.concurrent.LinkedBlockingQueue, queueCapacity: 2000, scheduler: class org.apache.hadoop.ipc.DefaultRpcScheduler, ipcBackoff: false.
2019-10-09 12:08:17,531 [Socket Reader #1 for port 37715] INFO  ipc.Server (Server.java:run(1074)) - Starting Socket Reader #1 for port 37715
2019-10-09 12:08:17,533 [main] INFO  hdfs.DFSUtil (DFSUtil.java:httpServerTemplateForNNAndJN(1641)) - Starting Web-server for scm at: http://0.0.0.0:0
2019-10-09 12:08:17,535 [main] INFO  server.AuthenticationFilter (AuthenticationFilter.java:constructSecretProvider(240)) - Unable to initialize FileSignerSecretProvider, falling back to use random secrets.
2019-10-09 12:08:17,536 [main] WARN  http.HttpRequestLog (HttpRequestLog.java:getRequestLog(97)) - Jetty request log can only be enabled using Log4j
2019-10-09 12:08:17,538 [main] INFO  http.HttpServer2 (HttpServer2.java:addGlobalFilter(975)) - Added global filter 'safety' (class=org.apache.hadoop.http.HttpServer2$QuotingInputFilter)
2019-10-09 12:08:17,539 [main] INFO  http.HttpServer2 (HttpServer2.java:addFilter(948)) - Added filter static_user_filter (class=org.apache.hadoop.http.lib.StaticUserWebFilter$StaticUserFilter) to context scm
2019-10-09 12:08:17,539 [main] INFO  http.HttpServer2 (HttpServer2.java:addFilter(958)) - Added filter static_user_filter (class=org.apache.hadoop.http.lib.StaticUserWebFilter$StaticUserFilter) to context logs
2019-10-09 12:08:17,539 [main] INFO  http.HttpServer2 (HttpServer2.java:addFilter(958)) - Added filter static_user_filter (class=org.apache.hadoop.http.lib.StaticUserWebFilter$StaticUserFilter) to context static
2019-10-09 12:08:17,542 [main] INFO  server.StorageContainerManager (StorageContainerManager.java:start(769)) - StorageContainerLocationProtocol RPC server is listening at /0.0.0.0:37715
2019-10-09 12:08:17,544 [main] WARN  impl.MetricsConfig (MetricsConfig.java:loadFirst(134)) - Cannot locate configuration: tried hadoop-metrics2-storagecontainermanager.properties,hadoop-metrics2.properties
2019-10-09 12:08:17,546 [main] INFO  impl.MetricsSystemImpl (MetricsSystemImpl.java:startTimer(374)) - Scheduled Metric snapshot period at 10 second(s).
2019-10-09 12:08:17,546 [main] INFO  impl.MetricsSystemImpl (MetricsSystemImpl.java:start(191)) - StorageContainerManager metrics system started
2019-10-09 12:08:17,585 [main] WARN  impl.MetricsSystemImpl (MetricsSystemImpl.java:register(276)) - Sink prometheus already exists!
2019-10-09 12:08:17,591 [main] INFO  server.SCMClientProtocolServer (SCMClientProtocolServer.java:start(151)) - RPC server for Client  is listening at /0.0.0.0:37715
2019-10-09 12:08:17,591 [IPC Server Responder] INFO  ipc.Server (Server.java:run(1314)) - IPC Server Responder: starting
2019-10-09 12:08:17,591 [IPC Server listener on 37715] INFO  ipc.Server (Server.java:run(1153)) - IPC Server listener on 37715: starting
2019-10-09 12:08:17,595 [main] INFO  server.StorageContainerManager (StorageContainerManager.java:start(779)) - ScmBlockLocationProtocol RPC server is listening at /0.0.0.0:43435
2019-10-09 12:08:17,595 [main] INFO  server.SCMBlockProtocolServer (SCMBlockProtocolServer.java:start(146)) - RPC server for Block Protocol is listening at /0.0.0.0:43435
2019-10-09 12:08:17,596 [IPC Server Responder] INFO  ipc.Server (Server.java:run(1314)) - IPC Server Responder: starting
2019-10-09 12:08:17,596 [IPC Server listener on 43435] INFO  ipc.Server (Server.java:run(1153)) - IPC Server listener on 43435: starting
2019-10-09 12:08:17,600 [main] INFO  server.StorageContainerManager (StorageContainerManager.java:start(783)) - ScmDatanodeProtocl RPC server is listening at /0.0.0.0:46020
2019-10-09 12:08:17,600 [main] INFO  server.SCMDatanodeProtocolServer (SCMDatanodeProtocolServer.java:start(199)) - RPC server for DataNodes is listening at /0.0.0.0:46020
2019-10-09 12:08:17,600 [IPC Server listener on 46020] INFO  ipc.Server (Server.java:run(1153)) - IPC Server listener on 46020: starting
2019-10-09 12:08:17,600 [IPC Server Responder] INFO  ipc.Server (Server.java:run(1314)) - IPC Server Responder: starting
2019-10-09 12:08:17,604 [main] INFO  http.HttpServer2 (HttpServer2.java:bindListener(1191)) - Jetty bound to port 34538
2019-10-09 12:08:17,605 [main] INFO  server.Server (Server.java:doStart(351)) - jetty-9.3.25.v20180904, build timestamp: 2018-09-04T21:11:46Z, git hash: 3ce520221d0240229c862b122d2b06c12a625732
2019-10-09 12:08:17,607 [main] INFO  handler.ContextHandler (ContextHandler.java:doStart(781)) - Started o.e.j.s.ServletContextHandler@4462efe1{/logs,file:///workdir/hadoop-ozone/integration-test/target/log,AVAILABLE}
2019-10-09 12:08:17,607 [main] INFO  handler.ContextHandler (ContextHandler.java:doStart(781)) - Started o.e.j.s.ServletContextHandler@2db4ad1{/static,file:///workdir/hadoop-ozone/integration-test/target/test-classes/webapps/static,AVAILABLE}
2019-10-09 12:08:17,612 [main] INFO  handler.ContextHandler (ContextHandler.java:doStart(781)) - Started o.e.j.w.WebAppContext@7cca01a8{/,file:///workdir/hadoop-ozone/integration-test/target/test-classes/webapps/scm/,AVAILABLE}{/scm}
2019-10-09 12:08:17,614 [main] INFO  server.AbstractConnector (AbstractConnector.java:doStart(278)) - Started ServerConnector@462abec3{HTTP/1.1,[http/1.1]}{0.0.0.0:34538}
2019-10-09 12:08:17,614 [main] INFO  server.Server (Server.java:doStart(419)) - Started @73272ms
2019-10-09 12:08:17,614 [main] WARN  impl.MetricsSystemImpl (MetricsSystemImpl.java:register(276)) - Sink prometheus already exists!
2019-10-09 12:08:17,616 [main] INFO  server.BaseHttpServer (BaseHttpServer.java:updateConnectorAddress(215)) - HTTP server of SCM is listening at http://0.0.0.0:34538
2019-10-09 12:08:17,617 [main] WARN  server.ServerUtils (ServerUtils.java:getDBPath(222)) - ozone.om.db.dirs is not configured. We recommend adding this setting. Falling back to ozone.metadata.dirs instead.
2019-10-09 12:08:17,617 [org.apache.hadoop.util.JvmPauseMonitor$Monitor@7a4d582c] INFO  util.JvmPauseMonitor (JvmPauseMonitor.java:run(188)) - Starting JVM pause monitor
2019-10-09 12:08:17,642 [main] WARN  server.ServerUtils (ServerUtils.java:getDBPath(222)) - ozone.om.db.dirs is not configured. We recommend adding this setting. Falling back to ozone.metadata.dirs instead.
2019-10-09 12:08:17,642 [main] WARN  server.ServerUtils (ServerUtils.java:getDBPath(222)) - ozone.om.db.dirs is not configured. We recommend adding this setting. Falling back to ozone.metadata.dirs instead.
2019-10-09 12:08:17,643 [main] INFO  om.OzoneManager (OzoneManager.java:setOMNodeDetails(652)) - OM Service ID is not set. Setting it to the default ID: omServiceIdDefault
2019-10-09 12:08:17,643 [main] INFO  om.OzoneManager (OzoneManager.java:setOMNodeDetails(658)) - OM Node ID is not set. Setting it to the OmStorage's OmID: 9c4b1c82-b0d7-43ce-9f4a-36a8c95c6fa5
2019-10-09 12:08:17,643 [main] INFO  om.OzoneManager (OzoneManager.java:loadOMHAConfigs(609)) - Found matching OM address with OMServiceId: null, OMNodeId: null, RPC Address: localhost:0 and Ratis port: 9872
2019-10-09 12:08:17,649 [main] WARN  server.ServerUtils (ServerUtils.java:getDBPath(222)) - ozone.om.db.dirs is not configured. We recommend adding this setting. Falling back to ozone.metadata.dirs instead.
2019-10-09 12:08:17,649 [main] INFO  db.DBStoreBuilder (DBStoreBuilder.java:addTable(110)) - using custom profile for table: userTable
2019-10-09 12:08:17,649 [main] INFO  db.DBStoreBuilder (DBStoreBuilder.java:processTables(161)) - Using default column profile:DBProfile.DISK for Table:userTable
2019-10-09 12:08:17,650 [main] INFO  db.DBStoreBuilder (DBStoreBuilder.java:addTable(110)) - using custom profile for table: volumeTable
2019-10-09 12:08:17,650 [main] INFO  db.DBStoreBuilder (DBStoreBuilder.java:processTables(161)) - Using default column profile:DBProfile.DISK for Table:volumeTable
2019-10-09 12:08:17,650 [main] INFO  db.DBStoreBuilder (DBStoreBuilder.java:addTable(110)) - using custom profile for table: bucketTable
2019-10-09 12:08:17,650 [main] INFO  db.DBStoreBuilder (DBStoreBuilder.java:processTables(161)) - Using default column profile:DBProfile.DISK for Table:bucketTable
2019-10-09 12:08:17,650 [main] INFO  db.DBStoreBuilder (DBStoreBuilder.java:addTable(110)) - using custom profile for table: keyTable
2019-10-09 12:08:17,651 [main] INFO  db.DBStoreBuilder (DBStoreBuilder.java:processTables(161)) - Using default column profile:DBProfile.DISK for Table:keyTable
2019-10-09 12:08:17,651 [main] INFO  db.DBStoreBuilder (DBStoreBuilder.java:addTable(110)) - using custom profile for table: deletedTable
2019-10-09 12:08:17,651 [main] INFO  db.DBStoreBuilder (DBStoreBuilder.java:processTables(161)) - Using default column profile:DBProfile.DISK for Table:deletedTable
2019-10-09 12:08:17,651 [main] INFO  db.DBStoreBuilder (DBStoreBuilder.java:addTable(110)) - using custom profile for table: openKeyTable
2019-10-09 12:08:17,651 [main] INFO  db.DBStoreBuilder (DBStoreBuilder.java:processTables(161)) - Using default column profile:DBProfile.DISK for Table:openKeyTable
2019-10-09 12:08:17,651 [main] INFO  db.DBStoreBuilder (DBStoreBuilder.java:addTable(110)) - using custom profile for table: s3Table
2019-10-09 12:08:17,652 [main] INFO  db.DBStoreBuilder (DBStoreBuilder.java:processTables(161)) - Using default column profile:DBProfile.DISK for Table:s3Table
2019-10-09 12:08:17,652 [main] INFO  db.DBStoreBuilder (DBStoreBuilder.java:addTable(110)) - using custom profile for table: multipartInfoTable
2019-10-09 12:08:17,652 [main] INFO  db.DBStoreBuilder (DBStoreBuilder.java:processTables(161)) - Using default column profile:DBProfile.DISK for Table:multipartInfoTable
2019-10-09 12:08:17,652 [main] INFO  db.DBStoreBuilder (DBStoreBuilder.java:addTable(110)) - using custom profile for table: dTokenTable
2019-10-09 12:08:17,652 [main] INFO  db.DBStoreBuilder (DBStoreBuilder.java:processTables(161)) - Using default column profile:DBProfile.DISK for Table:dTokenTable
2019-10-09 12:08:17,652 [main] INFO  db.DBStoreBuilder (DBStoreBuilder.java:addTable(110)) - using custom profile for table: s3SecretTable
2019-10-09 12:08:17,653 [main] INFO  db.DBStoreBuilder (DBStoreBuilder.java:processTables(161)) - Using default column profile:DBProfile.DISK for Table:s3SecretTable
2019-10-09 12:08:17,653 [main] INFO  db.DBStoreBuilder (DBStoreBuilder.java:addTable(110)) - using custom profile for table: prefixTable
2019-10-09 12:08:17,653 [main] INFO  db.DBStoreBuilder (DBStoreBuilder.java:processTables(161)) - Using default column profile:DBProfile.DISK for Table:prefixTable
2019-10-09 12:08:17,653 [main] INFO  db.DBStoreBuilder (DBStoreBuilder.java:addTable(110)) - using custom profile for table: default
2019-10-09 12:08:17,653 [main] INFO  db.DBStoreBuilder (DBStoreBuilder.java:processTables(167)) - Using default column profile:DBProfile.DISK for Table:default
2019-10-09 12:08:17,653 [main] INFO  db.DBStoreBuilder (DBStoreBuilder.java:getDbProfile(198)) - Using default options. DBProfile.DISK
2019-10-09 12:08:18,134 [main] INFO  ipc.CallQueueManager (CallQueueManager.java:<init>(84)) - Using callQueue: class java.util.concurrent.LinkedBlockingQueue, queueCapacity: 2000, scheduler: class org.apache.hadoop.ipc.DefaultRpcScheduler, ipcBackoff: false.
2019-10-09 12:08:18,135 [Socket Reader #1 for port 43273] INFO  ipc.Server (Server.java:run(1074)) - Starting Socket Reader #1 for port 43273
2019-10-09 12:08:18,157 [main] INFO  om.OzoneManager (OzoneManager.java:start(1243)) - OzoneManager RPC server is listening at localhost/127.0.0.1:43273
2019-10-09 12:08:18,157 [main] INFO  impl.MetricsSystemImpl (MetricsSystemImpl.java:init(158)) - OzoneManager metrics system started (again)
2019-10-09 12:08:18,158 [IPC Server Responder] INFO  ipc.Server (Server.java:run(1314)) - IPC Server Responder: starting
2019-10-09 12:08:18,158 [IPC Server listener on 43273] INFO  ipc.Server (Server.java:run(1153)) - IPC Server listener on 43273: starting
2019-10-09 12:08:18,163 [main] INFO  hdfs.DFSUtil (DFSUtil.java:httpServerTemplateForNNAndJN(1641)) - Starting Web-server for ozoneManager at: http://0.0.0.0:0
2019-10-09 12:08:18,165 [main] INFO  server.AuthenticationFilter (AuthenticationFilter.java:constructSecretProvider(240)) - Unable to initialize FileSignerSecretProvider, falling back to use random secrets.
2019-10-09 12:08:18,165 [main] WARN  http.HttpRequestLog (HttpRequestLog.java:getRequestLog(97)) - Jetty request log can only be enabled using Log4j
2019-10-09 12:08:18,167 [main] INFO  http.HttpServer2 (HttpServer2.java:addGlobalFilter(975)) - Added global filter 'safety' (class=org.apache.hadoop.http.HttpServer2$QuotingInputFilter)
2019-10-09 12:08:18,168 [main] INFO  http.HttpServer2 (HttpServer2.java:addFilter(948)) - Added filter static_user_filter (class=org.apache.hadoop.http.lib.StaticUserWebFilter$StaticUserFilter) to context ozoneManager
2019-10-09 12:08:18,168 [main] INFO  http.HttpServer2 (HttpServer2.java:addFilter(958)) - Added filter static_user_filter (class=org.apache.hadoop.http.lib.StaticUserWebFilter$StaticUserFilter) to context logs
2019-10-09 12:08:18,168 [main] INFO  http.HttpServer2 (HttpServer2.java:addFilter(958)) - Added filter static_user_filter (class=org.apache.hadoop.http.lib.StaticUserWebFilter$StaticUserFilter) to context static
2019-10-09 12:08:18,169 [main] INFO  http.HttpServer2 (HttpServer2.java:bindListener(1191)) - Jetty bound to port 44600
2019-10-09 12:08:18,169 [main] INFO  server.Server (Server.java:doStart(351)) - jetty-9.3.25.v20180904, build timestamp: 2018-09-04T21:11:46Z, git hash: 3ce520221d0240229c862b122d2b06c12a625732
2019-10-09 12:08:18,171 [main] INFO  handler.ContextHandler (ContextHandler.java:doStart(781)) - Started o.e.j.s.ServletContextHandler@4db60246{/logs,file:///workdir/hadoop-ozone/integration-test/target/log,AVAILABLE}
2019-10-09 12:08:18,172 [main] INFO  handler.ContextHandler (ContextHandler.java:doStart(781)) - Started o.e.j.s.ServletContextHandler@3902bd2c{/static,file:///workdir/hadoop-ozone/integration-test/target/test-classes/webapps/static,AVAILABLE}
2019-10-09 12:08:18,176 [main] INFO  handler.ContextHandler (ContextHandler.java:doStart(781)) - Started o.e.j.w.WebAppContext@40a72ecd{/,file:///workdir/hadoop-ozone/integration-test/target/test-classes/webapps/ozoneManager/,AVAILABLE}{/ozoneManager}
2019-10-09 12:08:18,177 [main] INFO  server.AbstractConnector (AbstractConnector.java:doStart(278)) - Started ServerConnector@73971965{HTTP/1.1,[http/1.1]}{0.0.0.0:44600}
2019-10-09 12:08:18,178 [main] INFO  server.Server (Server.java:doStart(419)) - Started @73836ms
2019-10-09 12:08:18,178 [main] WARN  impl.MetricsSystemImpl (MetricsSystemImpl.java:register(276)) - Sink prometheus already exists!
2019-10-09 12:08:18,179 [main] INFO  server.BaseHttpServer (BaseHttpServer.java:updateConnectorAddress(215)) - HTTP server of OZONEMANAGER is listening at http://0.0.0.0:44600
2019-10-09 12:08:18,187 [main] INFO  impl.MetricsSystemImpl (MetricsSystemImpl.java:init(158)) - HddsDatanode metrics system started (again)
2019-10-09 12:08:18,190 [main] INFO  ozone.HddsDatanodeService (HddsDatanodeService.java:start(184)) - HddsDatanodeService host:pr-hdds-2034-v6pl4-3072628770 ip:192.168.30.33
2019-10-09 12:08:18,196 [main] INFO  volume.HddsVolume (HddsVolume.java:<init>(176)) - Creating Volume: /workdir/hadoop-ozone/integration-test/target/test-dir/MiniOzoneClusterImpl-450c765a-95e2-4b37-9693-6050d581d1fe/datanode-0/data/containers/hdds of  storage type : DISK and capacity : 1482555576320
2019-10-09 12:08:18,196 [main] INFO  volume.VolumeSet (VolumeSet.java:initializeVolumeSet(170)) - Added Volume : /workdir/hadoop-ozone/integration-test/target/test-dir/MiniOzoneClusterImpl-450c765a-95e2-4b37-9693-6050d581d1fe/datanode-0/data/containers/hdds to VolumeSet
2019-10-09 12:08:18,196 [main] INFO  volume.ThrottledAsyncChecker (ThrottledAsyncChecker.java:schedule(139)) - Scheduling a check for org.apache.hadoop.ozone.container.common.volume.HddsVolume@7c011174
2019-10-09 12:08:18,197 [main] INFO  volume.HddsVolumeChecker (HddsVolumeChecker.java:checkAllVolumes(202)) - Scheduled health check for volume org.apache.hadoop.ozone.container.common.volume.HddsVolume@7c011174
2019-10-09 12:08:18,212 [main] INFO  impl.RaftServerProxy (ConfUtils.java:logGet(43)) - raft.rpc.type = GRPC (default)
2019-10-09 12:08:18,213 [main] INFO  grpc.GrpcFactory (GrpcFactory.java:checkPooledByteBufAllocatorUseCacheForAllThreads(45)) - PERFORMANCE WARNING: useCacheForAllThreads is true that may cause Netty to create a lot garbage objects and, as a result, trigger GC.
	It is recommended to disable useCacheForAllThreads by setting -Dorg.apache.ratis.thirdparty.io.netty.allocator.useCacheForAllThreads=false in command line.
2019-10-09 12:08:18,213 [main] INFO  grpc.GrpcConfigKeys$Server (ConfUtils.java:logGet(43)) - raft.grpc.server.port = 0 (default)
2019-10-09 12:08:18,213 [main] INFO  server.GrpcService (ConfUtils.java:logGet(43)) - raft.grpc.message.size.max = 33570816 (custom)
2019-10-09 12:08:18,213 [main] INFO  server.RaftServerConfigKeys (ConfUtils.java:logGet(43)) - raft.server.log.appender.buffer.byte-limit = 33554432 (custom)
2019-10-09 12:08:18,214 [main] INFO  server.GrpcService (ConfUtils.java:logGet(43)) - raft.grpc.flow.control.window = 1MB (=1048576) (default)
2019-10-09 12:08:18,214 [main] INFO  server.RaftServerConfigKeys (ConfUtils.java:logGet(43)) - raft.server.rpc.request.timeout = 3000ms (default)
2019-10-09 12:08:18,214 [main] INFO  server.RaftServerConfigKeys (ConfUtils.java:logGet(43)) - raft.server.storage.dir = [/workdir/hadoop-ozone/integration-test/target/test-dir/MiniOzoneClusterImpl-450c765a-95e2-4b37-9693-6050d581d1fe/datanode-0/data/ratis] (custom)
2019-10-09 12:08:18,216 [main] INFO  hdfs.DFSUtil (DFSUtil.java:httpServerTemplateForNNAndJN(1641)) - Starting Web-server for hddsDatanode at: http://0.0.0.0:0
2019-10-09 12:08:18,217 [main] INFO  server.AuthenticationFilter (AuthenticationFilter.java:constructSecretProvider(240)) - Unable to initialize FileSignerSecretProvider, falling back to use random secrets.
2019-10-09 12:08:18,218 [main] WARN  http.HttpRequestLog (HttpRequestLog.java:getRequestLog(97)) - Jetty request log can only be enabled using Log4j
2019-10-09 12:08:18,219 [main] INFO  http.HttpServer2 (HttpServer2.java:addGlobalFilter(975)) - Added global filter 'safety' (class=org.apache.hadoop.http.HttpServer2$QuotingInputFilter)
2019-10-09 12:08:18,220 [main] INFO  http.HttpServer2 (HttpServer2.java:addFilter(948)) - Added filter static_user_filter (class=org.apache.hadoop.http.lib.StaticUserWebFilter$StaticUserFilter) to context hddsDatanode
2019-10-09 12:08:18,220 [main] INFO  http.HttpServer2 (HttpServer2.java:addFilter(958)) - Added filter static_user_filter (class=org.apache.hadoop.http.lib.StaticUserWebFilter$StaticUserFilter) to context static
2019-10-09 12:08:18,220 [main] INFO  http.HttpServer2 (HttpServer2.java:addFilter(958)) - Added filter static_user_filter (class=org.apache.hadoop.http.lib.StaticUserWebFilter$StaticUserFilter) to context logs
2019-10-09 12:08:18,221 [main] INFO  http.HttpServer2 (HttpServer2.java:bindListener(1191)) - Jetty bound to port 42387
2019-10-09 12:08:18,221 [main] INFO  server.Server (Server.java:doStart(351)) - jetty-9.3.25.v20180904, build timestamp: 2018-09-04T21:11:46Z, git hash: 3ce520221d0240229c862b122d2b06c12a625732
2019-10-09 12:08:18,223 [main] INFO  handler.ContextHandler (ContextHandler.java:doStart(781)) - Started o.e.j.s.ServletContextHandler@28757abd{/logs,file:///workdir/hadoop-ozone/integration-test/target/log,AVAILABLE}
2019-10-09 12:08:18,224 [main] INFO  handler.ContextHandler (ContextHandler.java:doStart(781)) - Started o.e.j.s.ServletContextHandler@3c8a7e38{/static,jar:file:/home/user/.m2/repository/org/apache/hadoop/hadoop-hdds-container-service/0.5.0-SNAPSHOT/hadoop-hdds-container-service-0.5.0-SNAPSHOT.jar!/webapps/static,AVAILABLE}
2019-10-09 12:08:18,254 [main] INFO  handler.ContextHandler (ContextHandler.java:doStart(781)) - Started o.e.j.w.WebAppContext@6ba060f3{/,file:///tmp/jetty-0.0.0.0-42387-hddsDatanode-_-any-1973296426334710653.dir/webapp/,AVAILABLE}{/hddsDatanode}
2019-10-09 12:08:18,254 [main] INFO  server.AbstractConnector (AbstractConnector.java:doStart(278)) - Started ServerConnector@7c51782d{HTTP/1.1,[http/1.1]}{0.0.0.0:42387}
2019-10-09 12:08:18,255 [main] INFO  server.Server (Server.java:doStart(419)) - Started @73913ms
2019-10-09 12:08:18,255 [main] WARN  impl.MetricsSystemImpl (MetricsSystemImpl.java:register(276)) - Sink prometheus already exists!
2019-10-09 12:08:18,256 [main] INFO  server.BaseHttpServer (BaseHttpServer.java:updateConnectorAddress(215)) - HTTP server of HDDSDATANODE is listening at http://0.0.0.0:42387
2019-10-09 12:08:18,257 [main] INFO  impl.MetricsSystemImpl (MetricsSystemImpl.java:init(158)) - HddsDatanode metrics system started (again)
2019-10-09 12:08:18,259 [org.apache.hadoop.util.JvmPauseMonitor$Monitor@2c79166] INFO  util.JvmPauseMonitor (JvmPauseMonitor.java:run(188)) - Starting JVM pause monitor
2019-10-09 12:08:18,260 [main] INFO  ozone.HddsDatanodeService (HddsDatanodeService.java:start(184)) - HddsDatanodeService host:pr-hdds-2034-v6pl4-3072628770 ip:192.168.30.33
2019-10-09 12:08:18,261 [Datanode State Machine Thread - 0] INFO  datanode.InitDatanodeState (InitDatanodeState.java:persistContainerDatanodeDetails(140)) - DatanodeDetails is persisted to /workdir/hadoop-ozone/integration-test/target/test-dir/MiniOzoneClusterImpl-450c765a-95e2-4b37-9693-6050d581d1fe/datanode-0/meta/datanode.id
2019-10-09 12:08:18,266 [main] INFO  volume.HddsVolume (HddsVolume.java:<init>(176)) - Creating Volume: /workdir/hadoop-ozone/integration-test/target/test-dir/MiniOzoneClusterImpl-450c765a-95e2-4b37-9693-6050d581d1fe/datanode-1/data/containers/hdds of  storage type : DISK and capacity : 1482555576320
2019-10-09 12:08:18,267 [main] INFO  volume.VolumeSet (VolumeSet.java:initializeVolumeSet(170)) - Added Volume : /workdir/hadoop-ozone/integration-test/target/test-dir/MiniOzoneClusterImpl-450c765a-95e2-4b37-9693-6050d581d1fe/datanode-1/data/containers/hdds to VolumeSet
2019-10-09 12:08:18,267 [main] INFO  volume.ThrottledAsyncChecker (ThrottledAsyncChecker.java:schedule(139)) - Scheduling a check for org.apache.hadoop.ozone.container.common.volume.HddsVolume@542f6803
2019-10-09 12:08:18,268 [main] INFO  volume.HddsVolumeChecker (HddsVolumeChecker.java:checkAllVolumes(202)) - Scheduled health check for volume org.apache.hadoop.ozone.container.common.volume.HddsVolume@542f6803
2019-10-09 12:08:18,287 [main] INFO  impl.RaftServerProxy (ConfUtils.java:logGet(43)) - raft.rpc.type = GRPC (default)
2019-10-09 12:08:18,288 [main] INFO  grpc.GrpcFactory (GrpcFactory.java:checkPooledByteBufAllocatorUseCacheForAllThreads(45)) - PERFORMANCE WARNING: useCacheForAllThreads is true that may cause Netty to create a lot garbage objects and, as a result, trigger GC.
	It is recommended to disable useCacheForAllThreads by setting -Dorg.apache.ratis.thirdparty.io.netty.allocator.useCacheForAllThreads=false in command line.
2019-10-09 12:08:18,288 [main] INFO  grpc.GrpcConfigKeys$Server (ConfUtils.java:logGet(43)) - raft.grpc.server.port = 0 (default)
2019-10-09 12:08:18,288 [main] INFO  server.GrpcService (ConfUtils.java:logGet(43)) - raft.grpc.message.size.max = 33570816 (custom)
2019-10-09 12:08:18,289 [main] INFO  server.RaftServerConfigKeys (ConfUtils.java:logGet(43)) - raft.server.log.appender.buffer.byte-limit = 33554432 (custom)
2019-10-09 12:08:18,289 [main] INFO  server.GrpcService (ConfUtils.java:logGet(43)) - raft.grpc.flow.control.window = 1MB (=1048576) (default)
2019-10-09 12:08:18,289 [main] INFO  server.RaftServerConfigKeys (ConfUtils.java:logGet(43)) - raft.server.rpc.request.timeout = 3000ms (default)
2019-10-09 12:08:18,290 [main] INFO  server.RaftServerConfigKeys (ConfUtils.java:logGet(43)) - raft.server.storage.dir = [/workdir/hadoop-ozone/integration-test/target/test-dir/MiniOzoneClusterImpl-450c765a-95e2-4b37-9693-6050d581d1fe/datanode-1/data/ratis] (custom)
2019-10-09 12:08:18,292 [main] INFO  hdfs.DFSUtil (DFSUtil.java:httpServerTemplateForNNAndJN(1641)) - Starting Web-server for hddsDatanode at: http://0.0.0.0:0
2019-10-09 12:08:18,293 [main] INFO  server.AuthenticationFilter (AuthenticationFilter.java:constructSecretProvider(240)) - Unable to initialize FileSignerSecretProvider, falling back to use random secrets.
2019-10-09 12:08:18,294 [main] WARN  http.HttpRequestLog (HttpRequestLog.java:getRequestLog(97)) - Jetty request log can only be enabled using Log4j
2019-10-09 12:08:18,296 [main] INFO  http.HttpServer2 (HttpServer2.java:addGlobalFilter(975)) - Added global filter 'safety' (class=org.apache.hadoop.http.HttpServer2$QuotingInputFilter)
2019-10-09 12:08:18,296 [main] INFO  http.HttpServer2 (HttpServer2.java:addFilter(948)) - Added filter static_user_filter (class=org.apache.hadoop.http.lib.StaticUserWebFilter$StaticUserFilter) to context hddsDatanode
2019-10-09 12:08:18,297 [main] INFO  http.HttpServer2 (HttpServer2.java:addFilter(958)) - Added filter static_user_filter (class=org.apache.hadoop.http.lib.StaticUserWebFilter$StaticUserFilter) to context static
2019-10-09 12:08:18,297 [main] INFO  http.HttpServer2 (HttpServer2.java:addFilter(958)) - Added filter static_user_filter (class=org.apache.hadoop.http.lib.StaticUserWebFilter$StaticUserFilter) to context logs
2019-10-09 12:08:18,298 [main] INFO  http.HttpServer2 (HttpServer2.java:bindListener(1191)) - Jetty bound to port 33827
2019-10-09 12:08:18,298 [main] INFO  server.Server (Server.java:doStart(351)) - jetty-9.3.25.v20180904, build timestamp: 2018-09-04T21:11:46Z, git hash: 3ce520221d0240229c862b122d2b06c12a625732
2019-10-09 12:08:18,300 [main] INFO  handler.ContextHandler (ContextHandler.java:doStart(781)) - Started o.e.j.s.ServletContextHandler@4e642ee1{/logs,file:///workdir/hadoop-ozone/integration-test/target/log,AVAILABLE}
2019-10-09 12:08:18,300 [main] INFO  handler.ContextHandler (ContextHandler.java:doStart(781)) - Started o.e.j.s.ServletContextHandler@2fd954f{/static,jar:file:/home/user/.m2/repository/org/apache/hadoop/hadoop-hdds-container-service/0.5.0-SNAPSHOT/hadoop-hdds-container-service-0.5.0-SNAPSHOT.jar!/webapps/static,AVAILABLE}
2019-10-09 12:08:18,334 [main] INFO  handler.ContextHandler (ContextHandler.java:doStart(781)) - Started o.e.j.w.WebAppContext@1192b58e{/,file:///tmp/jetty-0.0.0.0-33827-hddsDatanode-_-any-1430714363630795558.dir/webapp/,AVAILABLE}{/hddsDatanode}
2019-10-09 12:08:18,334 [main] INFO  server.AbstractConnector (AbstractConnector.java:doStart(278)) - Started ServerConnector@4f8d86e4{HTTP/1.1,[http/1.1]}{0.0.0.0:33827}
2019-10-09 12:08:18,335 [main] INFO  server.Server (Server.java:doStart(419)) - Started @73993ms
2019-10-09 12:08:18,335 [main] WARN  impl.MetricsSystemImpl (MetricsSystemImpl.java:register(276)) - Sink prometheus already exists!
2019-10-09 12:08:18,336 [main] INFO  server.BaseHttpServer (BaseHttpServer.java:updateConnectorAddress(215)) - HTTP server of HDDSDATANODE is listening at http://0.0.0.0:33827
2019-10-09 12:08:18,336 [main] INFO  impl.MetricsSystemImpl (MetricsSystemImpl.java:init(158)) - HddsDatanode metrics system started (again)
2019-10-09 12:08:18,338 [main] INFO  ozone.HddsDatanodeService (HddsDatanodeService.java:start(184)) - HddsDatanodeService host:pr-hdds-2034-v6pl4-3072628770 ip:192.168.30.33
2019-10-09 12:08:18,338 [org.apache.hadoop.util.JvmPauseMonitor$Monitor@27958d8e] INFO  util.JvmPauseMonitor (JvmPauseMonitor.java:run(188)) - Starting JVM pause monitor
2019-10-09 12:08:18,340 [Datanode State Machine Thread - 0] INFO  datanode.InitDatanodeState (InitDatanodeState.java:persistContainerDatanodeDetails(140)) - DatanodeDetails is persisted to /workdir/hadoop-ozone/integration-test/target/test-dir/MiniOzoneClusterImpl-450c765a-95e2-4b37-9693-6050d581d1fe/datanode-1/meta/datanode.id
2019-10-09 12:08:18,344 [main] INFO  volume.HddsVolume (HddsVolume.java:<init>(176)) - Creating Volume: /workdir/hadoop-ozone/integration-test/target/test-dir/MiniOzoneClusterImpl-450c765a-95e2-4b37-9693-6050d581d1fe/datanode-2/data/containers/hdds of  storage type : DISK and capacity : 1482555576320
2019-10-09 12:08:18,344 [main] INFO  volume.VolumeSet (VolumeSet.java:initializeVolumeSet(170)) - Added Volume : /workdir/hadoop-ozone/integration-test/target/test-dir/MiniOzoneClusterImpl-450c765a-95e2-4b37-9693-6050d581d1fe/datanode-2/data/containers/hdds to VolumeSet
2019-10-09 12:08:18,344 [main] INFO  volume.ThrottledAsyncChecker (ThrottledAsyncChecker.java:schedule(139)) - Scheduling a check for org.apache.hadoop.ozone.container.common.volume.HddsVolume@2b2954e1
2019-10-09 12:08:18,345 [main] INFO  volume.HddsVolumeChecker (HddsVolumeChecker.java:checkAllVolumes(202)) - Scheduled health check for volume org.apache.hadoop.ozone.container.common.volume.HddsVolume@2b2954e1
2019-10-09 12:08:18,357 [main] INFO  impl.RaftServerProxy (ConfUtils.java:logGet(43)) - raft.rpc.type = GRPC (default)
2019-10-09 12:08:18,357 [main] INFO  grpc.GrpcFactory (GrpcFactory.java:checkPooledByteBufAllocatorUseCacheForAllThreads(45)) - PERFORMANCE WARNING: useCacheForAllThreads is true that may cause Netty to create a lot garbage objects and, as a result, trigger GC.
	It is recommended to disable useCacheForAllThreads by setting -Dorg.apache.ratis.thirdparty.io.netty.allocator.useCacheForAllThreads=false in command line.
2019-10-09 12:08:18,358 [main] INFO  grpc.GrpcConfigKeys$Server (ConfUtils.java:logGet(43)) - raft.grpc.server.port = 0 (default)
2019-10-09 12:08:18,358 [main] INFO  server.GrpcService (ConfUtils.java:logGet(43)) - raft.grpc.message.size.max = 33570816 (custom)
2019-10-09 12:08:18,358 [main] INFO  server.RaftServerConfigKeys (ConfUtils.java:logGet(43)) - raft.server.log.appender.buffer.byte-limit = 33554432 (custom)
2019-10-09 12:08:18,358 [main] INFO  server.GrpcService (ConfUtils.java:logGet(43)) - raft.grpc.flow.control.window = 1MB (=1048576) (default)
2019-10-09 12:08:18,358 [main] INFO  server.RaftServerConfigKeys (ConfUtils.java:logGet(43)) - raft.server.rpc.request.timeout = 3000ms (default)
2019-10-09 12:08:18,359 [main] INFO  server.RaftServerConfigKeys (ConfUtils.java:logGet(43)) - raft.server.storage.dir = [/workdir/hadoop-ozone/integration-test/target/test-dir/MiniOzoneClusterImpl-450c765a-95e2-4b37-9693-6050d581d1fe/datanode-2/data/ratis] (custom)
2019-10-09 12:08:18,360 [main] INFO  hdfs.DFSUtil (DFSUtil.java:httpServerTemplateForNNAndJN(1641)) - Starting Web-server for hddsDatanode at: http://0.0.0.0:0
2019-10-09 12:08:18,361 [main] INFO  server.AuthenticationFilter (AuthenticationFilter.java:constructSecretProvider(240)) - Unable to initialize FileSignerSecretProvider, falling back to use random secrets.
2019-10-09 12:08:18,362 [main] WARN  http.HttpRequestLog (HttpRequestLog.java:getRequestLog(97)) - Jetty request log can only be enabled using Log4j
2019-10-09 12:08:18,363 [main] INFO  http.HttpServer2 (HttpServer2.java:addGlobalFilter(975)) - Added global filter 'safety' (class=org.apache.hadoop.http.HttpServer2$QuotingInputFilter)
2019-10-09 12:08:18,363 [main] INFO  http.HttpServer2 (HttpServer2.java:addFilter(948)) - Added filter static_user_filter (class=org.apache.hadoop.http.lib.StaticUserWebFilter$StaticUserFilter) to context hddsDatanode
2019-10-09 12:08:18,364 [main] INFO  http.HttpServer2 (HttpServer2.java:addFilter(958)) - Added filter static_user_filter (class=org.apache.hadoop.http.lib.StaticUserWebFilter$StaticUserFilter) to context logs
2019-10-09 12:08:18,364 [main] INFO  http.HttpServer2 (HttpServer2.java:addFilter(958)) - Added filter static_user_filter (class=org.apache.hadoop.http.lib.StaticUserWebFilter$StaticUserFilter) to context static
2019-10-09 12:08:18,364 [main] INFO  http.HttpServer2 (HttpServer2.java:bindListener(1191)) - Jetty bound to port 34581
2019-10-09 12:08:18,365 [main] INFO  server.Server (Server.java:doStart(351)) - jetty-9.3.25.v20180904, build timestamp: 2018-09-04T21:11:46Z, git hash: 3ce520221d0240229c862b122d2b06c12a625732
2019-10-09 12:08:18,366 [main] INFO  handler.ContextHandler (ContextHandler.java:doStart(781)) - Started o.e.j.s.ServletContextHandler@234cff57{/logs,file:///workdir/hadoop-ozone/integration-test/target/log,AVAILABLE}
2019-10-09 12:08:18,367 [main] INFO  handler.ContextHandler (ContextHandler.java:doStart(781)) - Started o.e.j.s.ServletContextHandler@4bcaa195{/static,jar:file:/home/user/.m2/repository/org/apache/hadoop/hadoop-hdds-container-service/0.5.0-SNAPSHOT/hadoop-hdds-container-service-0.5.0-SNAPSHOT.jar!/webapps/static,AVAILABLE}
2019-10-09 12:08:18,396 [main] INFO  handler.ContextHandler (ContextHandler.java:doStart(781)) - Started o.e.j.w.WebAppContext@3382cf68{/,file:///tmp/jetty-0.0.0.0-34581-hddsDatanode-_-any-7045605433162392291.dir/webapp/,AVAILABLE}{/hddsDatanode}
2019-10-09 12:08:18,396 [main] INFO  server.AbstractConnector (AbstractConnector.java:doStart(278)) - Started ServerConnector@2f74900b{HTTP/1.1,[http/1.1]}{0.0.0.0:34581}
2019-10-09 12:08:18,397 [main] INFO  server.Server (Server.java:doStart(419)) - Started @74055ms
2019-10-09 12:08:18,398 [main] WARN  impl.MetricsSystemImpl (MetricsSystemImpl.java:register(276)) - Sink prometheus already exists!
2019-10-09 12:08:18,398 [main] INFO  server.BaseHttpServer (BaseHttpServer.java:updateConnectorAddress(215)) - HTTP server of HDDSDATANODE is listening at http://0.0.0.0:34581
2019-10-09 12:08:18,398 [main] INFO  ozone.MiniOzoneClusterImpl (MiniOzoneClusterImpl.java:lambda$waitForClusterToBeReady$0(149)) - Waiting for nodes to be ready. Got 0 of 3 DN Heartbeats.
2019-10-09 12:08:18,399 [main] INFO  ozone.MiniOzoneClusterImpl (MiniOzoneClusterImpl.java:lambda$waitForClusterToBeReady$0(152)) - Waiting for cluster to exit safe mode
2019-10-09 12:08:18,399 [org.apache.hadoop.util.JvmPauseMonitor$Monitor@6160ac41] INFO  util.JvmPauseMonitor (JvmPauseMonitor.java:run(188)) - Starting JVM pause monitor
2019-10-09 12:08:18,401 [Datanode State Machine Thread - 0] INFO  datanode.InitDatanodeState (InitDatanodeState.java:persistContainerDatanodeDetails(140)) - DatanodeDetails is persisted to /workdir/hadoop-ozone/integration-test/target/test-dir/MiniOzoneClusterImpl-450c765a-95e2-4b37-9693-6050d581d1fe/datanode-2/meta/datanode.id
2019-10-09 12:08:19,399 [main] INFO  ozone.MiniOzoneClusterImpl (MiniOzoneClusterImpl.java:lambda$waitForClusterToBeReady$0(149)) - Waiting for nodes to be ready. Got 0 of 3 DN Heartbeats.
2019-10-09 12:08:19,399 [main] INFO  ozone.MiniOzoneClusterImpl (MiniOzoneClusterImpl.java:lambda$waitForClusterToBeReady$0(152)) - Waiting for cluster to exit safe mode
2019-10-09 12:08:20,280 [Datanode State Machine Thread - 0] INFO  ozoneimpl.OzoneContainer (OzoneContainer.java:start(217)) - Attempting to start container services.
2019-10-09 12:08:20,280 [Datanode State Machine Thread - 0] INFO  ozoneimpl.OzoneContainer (OzoneContainer.java:startContainerScrub(179)) - Background container scanner has been disabled.
2019-10-09 12:08:20,281 [Datanode State Machine Thread - 0] INFO  ratis.XceiverServerRatis (XceiverServerRatis.java:start(412)) - Starting XceiverServerRatis 4156fbb3-cbac-4c44-bfa1-c121155fed71 at port 0
2019-10-09 12:08:20,288 [Datanode State Machine Thread - 0] INFO  impl.RaftServerProxy (RaftServerProxy.java:lambda$start$3(299)) - 4156fbb3-cbac-4c44-bfa1-c121155fed71: start RPC server
2019-10-09 12:08:20,293 [Datanode State Machine Thread - 0] INFO  server.GrpcService (GrpcService.java:startImpl(158)) - 4156fbb3-cbac-4c44-bfa1-c121155fed71: GrpcService started, listening on 0.0.0.0/0.0.0.0:46354
2019-10-09 12:08:20,293 [Datanode State Machine Thread - 0] INFO  ratis.XceiverServerRatis (XceiverServerRatis.java:start(422)) - XceiverServerRatis 4156fbb3-cbac-4c44-bfa1-c121155fed71 is started using port 46354
2019-10-09 12:08:20,300 [Datanode State Machine Thread - 0] INFO  server.XceiverServerGrpc (XceiverServerGrpc.java:start(149)) - XceiverServerGrpc 4156fbb3-cbac-4c44-bfa1-c121155fed71 is started using port 46436
2019-10-09 12:08:20,354 [Datanode State Machine Thread - 0] INFO  ozoneimpl.OzoneContainer (OzoneContainer.java:start(217)) - Attempting to start container services.
2019-10-09 12:08:20,355 [Datanode State Machine Thread - 0] INFO  ozoneimpl.OzoneContainer (OzoneContainer.java:startContainerScrub(179)) - Background container scanner has been disabled.
2019-10-09 12:08:20,355 [Datanode State Machine Thread - 0] INFO  ratis.XceiverServerRatis (XceiverServerRatis.java:start(412)) - Starting XceiverServerRatis 904bc9b5-d69b-4b19-b06e-e9a0d3942596 at port 0
2019-10-09 12:08:20,361 [Datanode State Machine Thread - 0] INFO  impl.RaftServerProxy (RaftServerProxy.java:lambda$start$3(299)) - 904bc9b5-d69b-4b19-b06e-e9a0d3942596: start RPC server
2019-10-09 12:08:20,363 [Datanode State Machine Thread - 0] INFO  server.GrpcService (GrpcService.java:startImpl(158)) - 904bc9b5-d69b-4b19-b06e-e9a0d3942596: GrpcService started, listening on 0.0.0.0/0.0.0.0:40408
2019-10-09 12:08:20,364 [Datanode State Machine Thread - 0] INFO  ratis.XceiverServerRatis (XceiverServerRatis.java:start(422)) - XceiverServerRatis 904bc9b5-d69b-4b19-b06e-e9a0d3942596 is started using port 40408
2019-10-09 12:08:20,365 [Datanode State Machine Thread - 0] INFO  server.XceiverServerGrpc (XceiverServerGrpc.java:start(149)) - XceiverServerGrpc 904bc9b5-d69b-4b19-b06e-e9a0d3942596 is started using port 42549
2019-10-09 12:08:20,400 [main] INFO  ozone.MiniOzoneClusterImpl (MiniOzoneClusterImpl.java:lambda$waitForClusterToBeReady$0(149)) - Waiting for nodes to be ready. Got 0 of 3 DN Heartbeats.
2019-10-09 12:08:20,400 [main] INFO  ozone.MiniOzoneClusterImpl (MiniOzoneClusterImpl.java:lambda$waitForClusterToBeReady$0(152)) - Waiting for cluster to exit safe mode
2019-10-09 12:08:20,413 [Datanode State Machine Thread - 0] INFO  ozoneimpl.OzoneContainer (OzoneContainer.java:start(217)) - Attempting to start container services.
2019-10-09 12:08:20,413 [Datanode State Machine Thread - 0] INFO  ozoneimpl.OzoneContainer (OzoneContainer.java:startContainerScrub(179)) - Background container scanner has been disabled.
2019-10-09 12:08:20,413 [Datanode State Machine Thread - 0] INFO  ratis.XceiverServerRatis (XceiverServerRatis.java:start(412)) - Starting XceiverServerRatis 083f0f6f-e3ab-4218-b307-7e49522e08b2 at port 0
2019-10-09 12:08:20,420 [Datanode State Machine Thread - 0] INFO  impl.RaftServerProxy (RaftServerProxy.java:lambda$start$3(299)) - 083f0f6f-e3ab-4218-b307-7e49522e08b2: start RPC server
2019-10-09 12:08:20,422 [Datanode State Machine Thread - 0] INFO  server.GrpcService (GrpcService.java:startImpl(158)) - 083f0f6f-e3ab-4218-b307-7e49522e08b2: GrpcService started, listening on 0.0.0.0/0.0.0.0:35159
2019-10-09 12:08:20,422 [Datanode State Machine Thread - 0] INFO  ratis.XceiverServerRatis (XceiverServerRatis.java:start(422)) - XceiverServerRatis 083f0f6f-e3ab-4218-b307-7e49522e08b2 is started using port 35159
2019-10-09 12:08:20,424 [Datanode State Machine Thread - 0] INFO  server.XceiverServerGrpc (XceiverServerGrpc.java:start(149)) - XceiverServerGrpc 083f0f6f-e3ab-4218-b307-7e49522e08b2 is started using port 45009
2019-10-09 12:08:21,400 [main] INFO  ozone.MiniOzoneClusterImpl (MiniOzoneClusterImpl.java:lambda$waitForClusterToBeReady$0(149)) - Waiting for nodes to be ready. Got 0 of 3 DN Heartbeats.
2019-10-09 12:08:21,401 [main] INFO  ozone.MiniOzoneClusterImpl (MiniOzoneClusterImpl.java:lambda$waitForClusterToBeReady$0(152)) - Waiting for cluster to exit safe mode
2019-10-09 12:08:22,264 [IPC Server handler 0 on 46020] INFO  net.NetworkTopology (NetworkTopologyImpl.java:add(111)) - Added a new node: /default-rack/4156fbb3-cbac-4c44-bfa1-c121155fed71
2019-10-09 12:08:22,264 [IPC Server handler 0 on 46020] INFO  node.SCMNodeManager (SCMNodeManager.java:register(266)) - Registered Data node : 4156fbb3-cbac-4c44-bfa1-c121155fed71{ip: 192.168.30.33, host: pr-hdds-2034-v6pl4-3072628770, networkLocation: /default-rack, certSerialId: null}
2019-10-09 12:08:22,265 [RatisPipelineUtilsThread] INFO  pipeline.RatisPipelineProvider (RatisPipelineProvider.java:lambda$create$4(164)) - Send pipeline:PipelineID=d4ca9278-f2e6-4e4c-8f09-3ae720868e79 create command to datanode 4156fbb3-cbac-4c44-bfa1-c121155fed71
2019-10-09 12:08:22,265 [EventQueue-NodeRegistrationContainerReportForContainerSafeModeRule] INFO  safemode.SCMSafeModeManager (SCMSafeModeManager.java:validateSafeModeExitRules(169)) - ContainerSafeModeRule rule is successfully validated
2019-10-09 12:08:22,265 [EventQueue-NodeRegistrationContainerReportForDataNodeSafeModeRule] INFO  safemode.SCMSafeModeManager (DataNodeSafeModeRule.java:process(71)) - SCM in safe mode. 1 DataNodes registered, 1 required.
2019-10-09 12:08:22,267 [EventQueue-NodeRegistrationContainerReportForDataNodeSafeModeRule] INFO  safemode.SCMSafeModeManager (SCMSafeModeManager.java:validateSafeModeExitRules(169)) - DataNodeSafeModeRule rule is successfully validated
2019-10-09 12:08:22,339 [IPC Server handler 1 on 46020] INFO  net.NetworkTopology (NetworkTopologyImpl.java:add(111)) - Added a new node: /default-rack/904bc9b5-d69b-4b19-b06e-e9a0d3942596
2019-10-09 12:08:22,340 [IPC Server handler 1 on 46020] INFO  node.SCMNodeManager (SCMNodeManager.java:register(266)) - Registered Data node : 904bc9b5-d69b-4b19-b06e-e9a0d3942596{ip: 192.168.30.33, host: pr-hdds-2034-v6pl4-3072628770, networkLocation: /default-rack, certSerialId: null}
2019-10-09 12:08:22,340 [EventQueue-NodeRegistrationContainerReportForContainerSafeModeRule] INFO  safemode.SCMSafeModeManager (SCMSafeModeManager.java:validateSafeModeExitRules(169)) - ContainerSafeModeRule rule is successfully validated
2019-10-09 12:08:22,340 [EventQueue-NodeRegistrationContainerReportForDataNodeSafeModeRule] INFO  safemode.SCMSafeModeManager (SCMSafeModeManager.java:validateSafeModeExitRules(169)) - DataNodeSafeModeRule rule is successfully validated
2019-10-09 12:08:22,340 [RatisPipelineUtilsThread] INFO  pipeline.RatisPipelineProvider (RatisPipelineProvider.java:lambda$create$4(164)) - Send pipeline:PipelineID=7621ab8b-71d7-4115-8a67-53a04cc4c4da create command to datanode 904bc9b5-d69b-4b19-b06e-e9a0d3942596
2019-10-09 12:08:22,401 [IPC Server handler 3 on 46020] INFO  net.NetworkTopology (NetworkTopologyImpl.java:add(111)) - Added a new node: /default-rack/083f0f6f-e3ab-4218-b307-7e49522e08b2
2019-10-09 12:08:22,401 [IPC Server handler 3 on 46020] INFO  node.SCMNodeManager (SCMNodeManager.java:register(266)) - Registered Data node : 083f0f6f-e3ab-4218-b307-7e49522e08b2{ip: 192.168.30.33, host: pr-hdds-2034-v6pl4-3072628770, networkLocation: /default-rack, certSerialId: null}
2019-10-09 12:08:22,401 [main] INFO  ozone.MiniOzoneClusterImpl (MiniOzoneClusterImpl.java:lambda$waitForClusterToBeReady$0(149)) - Nodes are ready. Got 3 of 3 DN Heartbeats.
2019-10-09 12:08:22,401 [RatisPipelineUtilsThread] INFO  pipeline.RatisPipelineProvider (RatisPipelineProvider.java:lambda$create$4(164)) - Send pipeline:PipelineID=d6113ce4-0f38-4646-a732-1599da2459c0 create command to datanode 083f0f6f-e3ab-4218-b307-7e49522e08b2
2019-10-09 12:08:22,401 [EventQueue-NodeRegistrationContainerReportForContainerSafeModeRule] INFO  safemode.SCMSafeModeManager (SCMSafeModeManager.java:validateSafeModeExitRules(169)) - ContainerSafeModeRule rule is successfully validated
2019-10-09 12:08:22,401 [main] INFO  ozone.MiniOzoneClusterImpl (MiniOzoneClusterImpl.java:lambda$waitForClusterToBeReady$0(152)) - Waiting for cluster to exit safe mode
2019-10-09 12:08:22,402 [EventQueue-NodeRegistrationContainerReportForDataNodeSafeModeRule] INFO  safemode.SCMSafeModeManager (SCMSafeModeManager.java:validateSafeModeExitRules(169)) - DataNodeSafeModeRule rule is successfully validated
2019-10-09 12:08:22,403 [RatisPipelineUtilsThread] INFO  pipeline.RatisPipelineProvider (RatisPipelineProvider.java:lambda$create$4(164)) - Send pipeline:PipelineID=9d3110e0-13ae-44b2-b951-4f5dbe37230c create command to datanode 904bc9b5-d69b-4b19-b06e-e9a0d3942596
2019-10-09 12:08:22,403 [RatisPipelineUtilsThread] INFO  pipeline.RatisPipelineProvider (RatisPipelineProvider.java:lambda$create$4(164)) - Send pipeline:PipelineID=9d3110e0-13ae-44b2-b951-4f5dbe37230c create command to datanode 083f0f6f-e3ab-4218-b307-7e49522e08b2
2019-10-09 12:08:22,403 [RatisPipelineUtilsThread] INFO  pipeline.RatisPipelineProvider (RatisPipelineProvider.java:lambda$create$4(164)) - Send pipeline:PipelineID=9d3110e0-13ae-44b2-b951-4f5dbe37230c create command to datanode 4156fbb3-cbac-4c44-bfa1-c121155fed71
2019-10-09 12:08:23,402 [main] INFO  ozone.MiniOzoneClusterImpl (MiniOzoneClusterImpl.java:lambda$waitForClusterToBeReady$0(149)) - Nodes are ready. Got 3 of 3 DN Heartbeats.
2019-10-09 12:08:23,403 [main] INFO  ozone.MiniOzoneClusterImpl (MiniOzoneClusterImpl.java:lambda$waitForClusterToBeReady$0(152)) - Waiting for cluster to exit safe mode
2019-10-09 12:08:24,403 [main] INFO  ozone.MiniOzoneClusterImpl (MiniOzoneClusterImpl.java:lambda$waitForClusterToBeReady$0(149)) - Nodes are ready. Got 3 of 3 DN Heartbeats.
2019-10-09 12:08:24,403 [main] INFO  ozone.MiniOzoneClusterImpl (MiniOzoneClusterImpl.java:lambda$waitForClusterToBeReady$0(152)) - Waiting for cluster to exit safe mode
2019-10-09 12:08:25,264 [Command processor thread] INFO  impl.RaftServerProxy (RaftServerProxy.java:addNew(89)) - 4156fbb3-cbac-4c44-bfa1-c121155fed71: addNew group-3AE720868E79:[4156fbb3-cbac-4c44-bfa1-c121155fed71:192.168.30.33:46354] returns group-3AE720868E79:java.util.concurrent.CompletableFuture@5bc70810[Not completed]
2019-10-09 12:08:25,266 [pool-177-thread-1] INFO  impl.RaftServerImpl (RaftServerImpl.java:<init>(95)) - 4156fbb3-cbac-4c44-bfa1-c121155fed71: new RaftServerImpl for group-3AE720868E79:[4156fbb3-cbac-4c44-bfa1-c121155fed71:192.168.30.33:46354] with ContainerStateMachine:uninitialized
2019-10-09 12:08:25,266 [pool-177-thread-1] INFO  server.RaftServerConfigKeys (ConfUtils.java:logGet(43)) - raft.server.rpc.timeout.min = 5s (custom)
2019-10-09 12:08:25,266 [pool-177-thread-1] INFO  server.RaftServerConfigKeys (ConfUtils.java:logGet(43)) - raft.server.rpc.timeout.max = 5200ms (custom)
2019-10-09 12:08:25,266 [pool-177-thread-1] INFO  server.RaftServerConfigKeys (ConfUtils.java:logGet(43)) - raft.server.rpcslowness.timeout = 120s (custom)
2019-10-09 12:08:25,266 [pool-177-thread-1] INFO  server.RaftServerConfigKeys (ConfUtils.java:logGet(43)) - raft.server.sleep.deviation.threshold = 300 (default)
2019-10-09 12:08:25,267 [pool-177-thread-1] INFO  server.RaftServerConfigKeys (ConfUtils.java:logGet(43)) - raft.server.log.appender.install.snapshot.enabled = false (custom)
2019-10-09 12:08:25,267 [pool-177-thread-1] INFO  impl.RaftServerImpl (ServerState.java:<init>(103)) - 4156fbb3-cbac-4c44-bfa1-c121155fed71@group-3AE720868E79: ConfigurationManager, init=-1: [4156fbb3-cbac-4c44-bfa1-c121155fed71:192.168.30.33:46354], old=null, confs=<EMPTY_MAP>
2019-10-09 12:08:25,267 [pool-177-thread-1] INFO  server.RaftServerConfigKeys (ConfUtils.java:logGet(43)) - raft.server.storage.dir = [/workdir/hadoop-ozone/integration-test/target/test-dir/MiniOzoneClusterImpl-450c765a-95e2-4b37-9693-6050d581d1fe/datanode-0/data/ratis] (custom)
2019-10-09 12:08:25,268 [pool-177-thread-1] INFO  storage.RaftStorageDirectory (RaftStorageDirectory.java:analyzeStorage(246)) - The storage directory /workdir/hadoop-ozone/integration-test/target/test-dir/MiniOzoneClusterImpl-450c765a-95e2-4b37-9693-6050d581d1fe/datanode-0/data/ratis/d4ca9278-f2e6-4e4c-8f09-3ae720868e79 does not exist. Creating ...
2019-10-09 12:08:25,281 [pool-177-thread-1] INFO  storage.RaftStorageDirectory (RaftStorageDirectory.java:tryLock(328)) - Lock on /workdir/hadoop-ozone/integration-test/target/test-dir/MiniOzoneClusterImpl-450c765a-95e2-4b37-9693-6050d581d1fe/datanode-0/data/ratis/d4ca9278-f2e6-4e4c-8f09-3ae720868e79/in_use.lock acquired by nodename 11666@pr-hdds-2034-v6pl4-3072628770
2019-10-09 12:08:25,295 [pool-177-thread-1] INFO  storage.RaftStorage (RaftStorage.java:format(72)) - Storage directory /workdir/hadoop-ozone/integration-test/target/test-dir/MiniOzoneClusterImpl-450c765a-95e2-4b37-9693-6050d581d1fe/datanode-0/data/ratis/d4ca9278-f2e6-4e4c-8f09-3ae720868e79 has been successfully formatted.
2019-10-09 12:08:25,295 [pool-177-thread-1] INFO  ratis.ContainerStateMachine (ContainerStateMachine.java:loadSnapshot(230)) - group-3AE720868E79: The snapshot info is null. Setting the last applied indexto:(t:0, i:~)
2019-10-09 12:08:25,295 [pool-177-thread-1] INFO  server.RaftServerConfigKeys (ConfUtils.java:logGet(43)) - raft.server.notification.no-leader.timeout = 120s (custom)
2019-10-09 12:08:25,295 [pool-177-thread-1] INFO  server.RaftServerConfigKeys (ConfUtils.java:logGet(43)) - raft.server.log.use.memory = false (default)
2019-10-09 12:08:25,296 [pool-177-thread-1] INFO  server.RaftServerConfigKeys (ConfUtils.java:logGet(43)) - raft.server.log.purge.gap = 1000000 (custom)
2019-10-09 12:08:25,296 [pool-177-thread-1] INFO  server.RaftServerConfigKeys (ConfUtils.java:logGet(43)) - raft.server.log.appender.buffer.byte-limit = 33554432 (custom)
2019-10-09 12:08:25,296 [pool-177-thread-1] INFO  server.RaftServerConfigKeys (ConfUtils.java:logGet(43)) - raft.server.log.segment.size.max = 1048576 (custom)
2019-10-09 12:08:25,296 [pool-177-thread-1] INFO  server.RaftServerConfigKeys (ConfUtils.java:logGet(43)) - raft.server.log.segment.cache.num.max = 2 (custom)
2019-10-09 12:08:25,296 [pool-177-thread-1] INFO  segmented.SegmentedRaftLogWorker (SegmentedRaftLogWorker.java:<init>(172)) - new 4156fbb3-cbac-4c44-bfa1-c121155fed71@group-3AE720868E79-SegmentedRaftLogWorker for RaftStorage:Storage Directory /workdir/hadoop-ozone/integration-test/target/test-dir/MiniOzoneClusterImpl-450c765a-95e2-4b37-9693-6050d581d1fe/datanode-0/data/ratis/d4ca9278-f2e6-4e4c-8f09-3ae720868e79
2019-10-09 12:08:25,299 [pool-177-thread-1] INFO  server.RaftServerConfigKeys (ConfUtils.java:logGet(43)) - raft.server.log.queue.byte-limit = 2147483647 (custom)
2019-10-09 12:08:25,299 [pool-177-thread-1] INFO  server.RaftServerConfigKeys (ConfUtils.java:logGet(43)) - raft.server.log.queue.element-limit = 1024 (custom)
2019-10-09 12:08:25,299 [pool-177-thread-1] INFO  server.RaftServerConfigKeys (ConfUtils.java:logGet(43)) - raft.server.log.segment.size.max = 1048576 (custom)
2019-10-09 12:08:25,300 [pool-177-thread-1] INFO  server.RaftServerConfigKeys (ConfUtils.java:logGet(43)) - raft.server.log.preallocated.size = 16384 (custom)
2019-10-09 12:08:25,300 [pool-177-thread-1] INFO  server.RaftServerConfigKeys (ConfUtils.java:logGet(43)) - raft.server.log.write.buffer.size = 33554432 (custom)
2019-10-09 12:08:25,300 [pool-177-thread-1] INFO  server.RaftServerConfigKeys (ConfUtils.java:logGet(43)) - raft.server.log.force.sync.num = 128 (default)
2019-10-09 12:08:25,300 [pool-177-thread-1] INFO  server.RaftServerConfigKeys (ConfUtils.java:logGet(43)) - raft.server.log.statemachine.data.sync = true (default)
2019-10-09 12:08:25,300 [pool-177-thread-1] INFO  server.RaftServerConfigKeys (ConfUtils.java:logGet(43)) - raft.server.log.statemachine.data.sync.timeout = 10s (default)
2019-10-09 12:08:25,300 [pool-177-thread-1] INFO  server.RaftServerConfigKeys (ConfUtils.java:logGet(43)) - raft.server.log.statemachine.data.sync.timeout.retry = -1 (default)
2019-10-09 12:08:25,301 [pool-177-thread-1] INFO  server.RaftServerConfigKeys (ConfUtils.java:logGet(43)) - raft.server.log.statemachine.data.caching.enabled = true (custom)
2019-10-09 12:08:25,301 [pool-177-thread-1] INFO  segmented.SegmentedRaftLogWorker (SegmentedRaftLogWorker.java:lambda$new$0(132)) - 4156fbb3-cbac-4c44-bfa1-c121155fed71@group-3AE720868E79-SegmentedRaftLogWorker: flushIndex: setUnconditionally 0 -> -1
2019-10-09 12:08:25,301 [pool-177-thread-1] INFO  server.RaftServerConfigKeys (ConfUtils.java:logGet(43)) - raft.server.snapshot.auto.trigger.enabled = true (custom)
2019-10-09 12:08:25,301 [pool-177-thread-1] INFO  server.RaftServerConfigKeys (ConfUtils.java:logGet(43)) - raft.server.snapshot.auto.trigger.threshold = 10000 (custom)
2019-10-09 12:08:25,302 [pool-177-thread-1] INFO  server.RaftServerConfigKeys (ConfUtils.java:logGet(43)) - raft.server.snapshot.retention.num.files = 5 (custom)
2019-10-09 12:08:25,302 [pool-177-thread-1] INFO  server.RaftServerConfigKeys (ConfUtils.java:logGet(43)) - raft.server.retrycache.expirytime = 600000ms (custom)
2019-10-09 12:08:25,304 [pool-177-thread-1] INFO  impl.RaftServerImpl (RaftServerImpl.java:start(185)) - 4156fbb3-cbac-4c44-bfa1-c121155fed71@group-3AE720868E79: start as a follower, conf=-1: [4156fbb3-cbac-4c44-bfa1-c121155fed71:192.168.30.33:46354], old=null
2019-10-09 12:08:25,304 [pool-177-thread-1] INFO  impl.RaftServerImpl (RaftServerImpl.java:setRole(174)) - 4156fbb3-cbac-4c44-bfa1-c121155fed71@group-3AE720868E79: changes role from      null to FOLLOWER at term 0 for startAsFollower
2019-10-09 12:08:25,304 [pool-177-thread-1] INFO  impl.RoleInfo (RoleInfo.java:updateAndGet(143)) - 4156fbb3-cbac-4c44-bfa1-c121155fed71: start FollowerState
2019-10-09 12:08:25,305 [pool-177-thread-1] INFO  util.JmxRegister (JmxRegister.java:tryRegister(44)) - Successfully registered JMX Bean with object name Ratis:service=RaftServer,group=group-3AE720868E79,id=4156fbb3-cbac-4c44-bfa1-c121155fed71
2019-10-09 12:08:25,305 [Command processor thread] INFO  commandhandler.CreatePipelineCommandHandler (CreatePipelineCommandHandler.java:handle(86)) - Create Pipeline RATIS ONE #id: "d4ca9278-f2e6-4e4c-8f09-3ae720868e79"
 command succeed on datanode 4156fbb3-cbac-4c44-bfa1-c121155fed71.
2019-10-09 12:08:25,308 [Command processor thread] INFO  impl.RaftServerProxy (RaftServerProxy.java:addNew(89)) - 4156fbb3-cbac-4c44-bfa1-c121155fed71: addNew group-4F5DBE37230C:[083f0f6f-e3ab-4218-b307-7e49522e08b2:192.168.30.33:35159, 904bc9b5-d69b-4b19-b06e-e9a0d3942596:192.168.30.33:40408, 4156fbb3-cbac-4c44-bfa1-c121155fed71:192.168.30.33:46354] returns group-4F5DBE37230C:java.util.concurrent.CompletableFuture@5ff897b0[Not completed]
2019-10-09 12:08:25,309 [pool-177-thread-1] INFO  impl.RaftServerImpl (RaftServerImpl.java:<init>(95)) - 4156fbb3-cbac-4c44-bfa1-c121155fed71: new RaftServerImpl for group-4F5DBE37230C:[083f0f6f-e3ab-4218-b307-7e49522e08b2:192.168.30.33:35159, 904bc9b5-d69b-4b19-b06e-e9a0d3942596:192.168.30.33:40408, 4156fbb3-cbac-4c44-bfa1-c121155fed71:192.168.30.33:46354] with ContainerStateMachine:uninitialized
2019-10-09 12:08:25,309 [pool-177-thread-1] INFO  server.RaftServerConfigKeys (ConfUtils.java:logGet(43)) - raft.server.rpc.timeout.min = 5s (custom)
2019-10-09 12:08:25,309 [EventQueue-PipelineReportForPipelineReportHandler] INFO  pipeline.PipelineReportHandler (PipelineReportHandler.java:processPipelineReport(102)) - Pipeline PipelineID=d4ca9278-f2e6-4e4c-8f09-3ae720868e79 reported by 4156fbb3-cbac-4c44-bfa1-c121155fed71{ip: 192.168.30.33, host: pr-hdds-2034-v6pl4-3072628770, networkLocation: /default-rack, certSerialId: null}
2019-10-09 12:08:25,309 [pool-177-thread-1] INFO  server.RaftServerConfigKeys (ConfUtils.java:logGet(43)) - raft.server.rpc.timeout.max = 5200ms (custom)
2019-10-09 12:08:25,309 [EventQueue-PipelineReportForPipelineReportHandler] INFO  pipeline.PipelineStateManager (PipelineStateManager.java:openPipeline(134)) - Pipeline Pipeline[ Id: d4ca9278-f2e6-4e4c-8f09-3ae720868e79, Nodes: 4156fbb3-cbac-4c44-bfa1-c121155fed71{ip: 192.168.30.33, host: pr-hdds-2034-v6pl4-3072628770, networkLocation: /default-rack, certSerialId: null}, Type:RATIS, Factor:ONE, State:ALLOCATED] moved to OPEN state
2019-10-09 12:08:25,309 [pool-177-thread-1] INFO  server.RaftServerConfigKeys (ConfUtils.java:logGet(43)) - raft.server.rpcslowness.timeout = 120s (custom)
2019-10-09 12:08:25,310 [pool-177-thread-1] INFO  server.RaftServerConfigKeys (ConfUtils.java:logGet(43)) - raft.server.sleep.deviation.threshold = 300 (default)
2019-10-09 12:08:25,311 [pool-177-thread-1] INFO  server.RaftServerConfigKeys (ConfUtils.java:logGet(43)) - raft.server.log.appender.install.snapshot.enabled = false (custom)
2019-10-09 12:08:25,311 [pool-177-thread-1] INFO  impl.RaftServerImpl (ServerState.java:<init>(103)) - 4156fbb3-cbac-4c44-bfa1-c121155fed71@group-4F5DBE37230C: ConfigurationManager, init=-1: [083f0f6f-e3ab-4218-b307-7e49522e08b2:192.168.30.33:35159, 904bc9b5-d69b-4b19-b06e-e9a0d3942596:192.168.30.33:40408, 4156fbb3-cbac-4c44-bfa1-c121155fed71:192.168.30.33:46354], old=null, confs=<EMPTY_MAP>
2019-10-09 12:08:25,311 [EventQueue-OpenPipelineForOneReplicaPipelineSafeModeRule] INFO  safemode.SCMSafeModeManager (SCMSafeModeManager.java:validateSafeModeExitRules(169)) - AtleastOneDatanodeReportedRule rule is successfully validated
2019-10-09 12:08:25,312 [pool-177-thread-1] INFO  server.RaftServerConfigKeys (ConfUtils.java:logGet(43)) - raft.server.storage.dir = [/workdir/hadoop-ozone/integration-test/target/test-dir/MiniOzoneClusterImpl-450c765a-95e2-4b37-9693-6050d581d1fe/datanode-0/data/ratis] (custom)
2019-10-09 12:08:25,312 [EventQueue-OpenPipelineForHealthyPipelineSafeModeRule] INFO  safemode.SCMSafeModeManager (HealthyPipelineSafeModeRule.java:process(122)) - SCM in safe mode. Healthy pipelines reported count is 1, required healthy pipeline reported count is 1
2019-10-09 12:08:25,312 [EventQueue-OpenPipelineForHealthyPipelineSafeModeRule] INFO  safemode.SCMSafeModeManager (SCMSafeModeManager.java:validateSafeModeExitRules(169)) - HealthyPipelineSafeModeRule rule is successfully validated
2019-10-09 12:08:25,312 [EventQueue-OpenPipelineForHealthyPipelineSafeModeRule] INFO  safemode.SCMSafeModeManager (SCMSafeModeManager.java:validateSafeModeExitRules(178)) - ScmSafeModeManager, all rules are successfully validated
2019-10-09 12:08:25,312 [EventQueue-OpenPipelineForHealthyPipelineSafeModeRule] INFO  safemode.SCMSafeModeManager (SCMSafeModeManager.java:exitSafeMode(194)) - SCM exiting safe mode.
2019-10-09 12:08:25,312 [pool-177-thread-1] INFO  storage.RaftStorageDirectory (RaftStorageDirectory.java:analyzeStorage(246)) - The storage directory /workdir/hadoop-ozone/integration-test/target/test-dir/MiniOzoneClusterImpl-450c765a-95e2-4b37-9693-6050d581d1fe/datanode-0/data/ratis/9d3110e0-13ae-44b2-b951-4f5dbe37230c does not exist. Creating ...
2019-10-09 12:08:25,325 [pool-177-thread-1] INFO  storage.RaftStorageDirectory (RaftStorageDirectory.java:tryLock(328)) - Lock on /workdir/hadoop-ozone/integration-test/target/test-dir/MiniOzoneClusterImpl-450c765a-95e2-4b37-9693-6050d581d1fe/datanode-0/data/ratis/9d3110e0-13ae-44b2-b951-4f5dbe37230c/in_use.lock acquired by nodename 11666@pr-hdds-2034-v6pl4-3072628770
2019-10-09 12:08:25,338 [pool-177-thread-1] INFO  storage.RaftStorage (RaftStorage.java:format(72)) - Storage directory /workdir/hadoop-ozone/integration-test/target/test-dir/MiniOzoneClusterImpl-450c765a-95e2-4b37-9693-6050d581d1fe/datanode-0/data/ratis/9d3110e0-13ae-44b2-b951-4f5dbe37230c has been successfully formatted.
2019-10-09 12:08:25,339 [pool-177-thread-1] INFO  ratis.ContainerStateMachine (ContainerStateMachine.java:loadSnapshot(230)) - group-4F5DBE37230C: The snapshot info is null. Setting the last applied indexto:(t:0, i:~)
2019-10-09 12:08:25,339 [pool-177-thread-1] INFO  server.RaftServerConfigKeys (ConfUtils.java:logGet(43)) - raft.server.notification.no-leader.timeout = 120s (custom)
2019-10-09 12:08:25,346 [pool-177-thread-1] INFO  server.RaftServerConfigKeys (ConfUtils.java:logGet(43)) - raft.server.log.use.memory = false (default)
2019-10-09 12:08:25,346 [Command processor thread] INFO  impl.RaftServerProxy (RaftServerProxy.java:addNew(89)) - 904bc9b5-d69b-4b19-b06e-e9a0d3942596: addNew group-53A04CC4C4DA:[904bc9b5-d69b-4b19-b06e-e9a0d3942596:192.168.30.33:40408] returns group-53A04CC4C4DA:java.util.concurrent.CompletableFuture@287688c0[Not completed]
2019-10-09 12:08:25,346 [pool-177-thread-1] INFO  server.RaftServerConfigKeys (ConfUtils.java:logGet(43)) - raft.server.log.purge.gap = 1000000 (custom)
2019-10-09 12:08:25,346 [pool-177-thread-1] INFO  server.RaftServerConfigKeys (ConfUtils.java:logGet(43)) - raft.server.log.appender.buffer.byte-limit = 33554432 (custom)
2019-10-09 12:08:25,347 [pool-177-thread-1] INFO  server.RaftServerConfigKeys (ConfUtils.java:logGet(43)) - raft.server.log.segment.size.max = 1048576 (custom)
2019-10-09 12:08:25,347 [pool-177-thread-1] INFO  server.RaftServerConfigKeys (ConfUtils.java:logGet(43)) - raft.server.log.segment.cache.num.max = 2 (custom)
2019-10-09 12:08:25,347 [pool-177-thread-1] INFO  segmented.SegmentedRaftLogWorker (SegmentedRaftLogWorker.java:<init>(172)) - new 4156fbb3-cbac-4c44-bfa1-c121155fed71@group-4F5DBE37230C-SegmentedRaftLogWorker for RaftStorage:Storage Directory /workdir/hadoop-ozone/integration-test/target/test-dir/MiniOzoneClusterImpl-450c765a-95e2-4b37-9693-6050d581d1fe/datanode-0/data/ratis/9d3110e0-13ae-44b2-b951-4f5dbe37230c
2019-10-09 12:08:25,347 [pool-177-thread-1] INFO  server.RaftServerConfigKeys (ConfUtils.java:logGet(43)) - raft.server.log.queue.byte-limit = 2147483647 (custom)
2019-10-09 12:08:25,347 [pool-177-thread-1] INFO  server.RaftServerConfigKeys (ConfUtils.java:logGet(43)) - raft.server.log.queue.element-limit = 1024 (custom)
2019-10-09 12:08:25,347 [pool-187-thread-1] INFO  impl.RaftServerImpl (RaftServerImpl.java:<init>(95)) - 904bc9b5-d69b-4b19-b06e-e9a0d3942596: new RaftServerImpl for group-53A04CC4C4DA:[904bc9b5-d69b-4b19-b06e-e9a0d3942596:192.168.30.33:40408] with ContainerStateMachine:uninitialized
2019-10-09 12:08:25,348 [pool-177-thread-1] INFO  server.RaftServerConfigKeys (ConfUtils.java:logGet(43)) - raft.server.log.segment.size.max = 1048576 (custom)
2019-10-09 12:08:25,348 [pool-187-thread-1] INFO  server.RaftServerConfigKeys (ConfUtils.java:logGet(43)) - raft.server.rpc.timeout.min = 5s (custom)
2019-10-09 12:08:25,348 [pool-177-thread-1] INFO  server.RaftServerConfigKeys (ConfUtils.java:logGet(43)) - raft.server.log.preallocated.size = 16384 (custom)
2019-10-09 12:08:25,348 [pool-187-thread-1] INFO  server.RaftServerConfigKeys (ConfUtils.java:logGet(43)) - raft.server.rpc.timeout.max = 5200ms (custom)
2019-10-09 12:08:25,348 [pool-177-thread-1] INFO  server.RaftServerConfigKeys (ConfUtils.java:logGet(43)) - raft.server.log.write.buffer.size = 33554432 (custom)
2019-10-09 12:08:25,348 [pool-187-thread-1] INFO  server.RaftServerConfigKeys (ConfUtils.java:logGet(43)) - raft.server.rpcslowness.timeout = 120s (custom)
2019-10-09 12:08:25,348 [pool-177-thread-1] INFO  server.RaftServerConfigKeys (ConfUtils.java:logGet(43)) - raft.server.log.force.sync.num = 128 (default)
2019-10-09 12:08:25,349 [pool-187-thread-1] INFO  server.RaftServerConfigKeys (ConfUtils.java:logGet(43)) - raft.server.sleep.deviation.threshold = 300 (default)
2019-10-09 12:08:25,349 [pool-177-thread-1] INFO  server.RaftServerConfigKeys (ConfUtils.java:logGet(43)) - raft.server.log.statemachine.data.sync = true (default)
2019-10-09 12:08:25,349 [pool-187-thread-1] INFO  server.RaftServerConfigKeys (ConfUtils.java:logGet(43)) - raft.server.log.appender.install.snapshot.enabled = false (custom)
2019-10-09 12:08:25,349 [pool-177-thread-1] INFO  server.RaftServerConfigKeys (ConfUtils.java:logGet(43)) - raft.server.log.statemachine.data.sync.timeout = 10s (default)
2019-10-09 12:08:25,349 [pool-187-thread-1] INFO  impl.RaftServerImpl (ServerState.java:<init>(103)) - 904bc9b5-d69b-4b19-b06e-e9a0d3942596@group-53A04CC4C4DA: ConfigurationManager, init=-1: [904bc9b5-d69b-4b19-b06e-e9a0d3942596:192.168.30.33:40408], old=null, confs=<EMPTY_MAP>
2019-10-09 12:08:25,349 [pool-177-thread-1] INFO  server.RaftServerConfigKeys (ConfUtils.java:logGet(43)) - raft.server.log.statemachine.data.sync.timeout.retry = -1 (default)
2019-10-09 12:08:25,349 [pool-187-thread-1] INFO  server.RaftServerConfigKeys (ConfUtils.java:logGet(43)) - raft.server.storage.dir = [/workdir/hadoop-ozone/integration-test/target/test-dir/MiniOzoneClusterImpl-450c765a-95e2-4b37-9693-6050d581d1fe/datanode-1/data/ratis] (custom)
2019-10-09 12:08:25,350 [pool-177-thread-1] INFO  server.RaftServerConfigKeys (ConfUtils.java:logGet(43)) - raft.server.log.statemachine.data.caching.enabled = true (custom)
2019-10-09 12:08:25,350 [pool-187-thread-1] INFO  storage.RaftStorageDirectory (RaftStorageDirectory.java:analyzeStorage(246)) - The storage directory /workdir/hadoop-ozone/integration-test/target/test-dir/MiniOzoneClusterImpl-450c765a-95e2-4b37-9693-6050d581d1fe/datanode-1/data/ratis/7621ab8b-71d7-4115-8a67-53a04cc4c4da does not exist. Creating ...
2019-10-09 12:08:25,350 [pool-177-thread-1] INFO  segmented.SegmentedRaftLogWorker (SegmentedRaftLogWorker.java:lambda$new$0(132)) - 4156fbb3-cbac-4c44-bfa1-c121155fed71@group-4F5DBE37230C-SegmentedRaftLogWorker: flushIndex: setUnconditionally 0 -> -1
2019-10-09 12:08:25,351 [pool-177-thread-1] INFO  server.RaftServerConfigKeys (ConfUtils.java:logGet(43)) - raft.server.snapshot.auto.trigger.enabled = true (custom)
2019-10-09 12:08:25,351 [pool-177-thread-1] INFO  server.RaftServerConfigKeys (ConfUtils.java:logGet(43)) - raft.server.snapshot.auto.trigger.threshold = 10000 (custom)
2019-10-09 12:08:25,351 [pool-177-thread-1] INFO  server.RaftServerConfigKeys (ConfUtils.java:logGet(43)) - raft.server.snapshot.retention.num.files = 5 (custom)
2019-10-09 12:08:25,351 [pool-177-thread-1] INFO  server.RaftServerConfigKeys (ConfUtils.java:logGet(43)) - raft.server.retrycache.expirytime = 600000ms (custom)
2019-10-09 12:08:25,354 [pool-177-thread-1] INFO  impl.RaftServerImpl (RaftServerImpl.java:start(185)) - 4156fbb3-cbac-4c44-bfa1-c121155fed71@group-4F5DBE37230C: start as a follower, conf=-1: [083f0f6f-e3ab-4218-b307-7e49522e08b2:192.168.30.33:35159, 904bc9b5-d69b-4b19-b06e-e9a0d3942596:192.168.30.33:40408, 4156fbb3-cbac-4c44-bfa1-c121155fed71:192.168.30.33:46354], old=null
2019-10-09 12:08:25,355 [pool-177-thread-1] INFO  impl.RaftServerImpl (RaftServerImpl.java:setRole(174)) - 4156fbb3-cbac-4c44-bfa1-c121155fed71@group-4F5DBE37230C: changes role from      null to FOLLOWER at term 0 for startAsFollower
2019-10-09 12:08:25,355 [pool-177-thread-1] INFO  impl.RoleInfo (RoleInfo.java:updateAndGet(143)) - 4156fbb3-cbac-4c44-bfa1-c121155fed71: start FollowerState
2019-10-09 12:08:25,356 [pool-177-thread-1] INFO  util.JmxRegister (JmxRegister.java:tryRegister(44)) - Successfully registered JMX Bean with object name Ratis:service=RaftServer,group=group-4F5DBE37230C,id=4156fbb3-cbac-4c44-bfa1-c121155fed71
2019-10-09 12:08:25,358 [Command processor thread] INFO  commandhandler.CreatePipelineCommandHandler (CreatePipelineCommandHandler.java:handle(86)) - Create Pipeline RATIS THREE #id: "9d3110e0-13ae-44b2-b951-4f5dbe37230c"
 command succeed on datanode 4156fbb3-cbac-4c44-bfa1-c121155fed71.
2019-10-09 12:08:25,360 [EventQueue-PipelineReportForPipelineReportHandler] INFO  pipeline.PipelineReportHandler (PipelineReportHandler.java:processPipelineReport(102)) - Pipeline PipelineID=9d3110e0-13ae-44b2-b951-4f5dbe37230c reported by 4156fbb3-cbac-4c44-bfa1-c121155fed71{ip: 192.168.30.33, host: pr-hdds-2034-v6pl4-3072628770, networkLocation: /default-rack, certSerialId: null}
2019-10-09 12:08:25,375 [pool-187-thread-1] INFO  storage.RaftStorageDirectory (RaftStorageDirectory.java:tryLock(328)) - Lock on /workdir/hadoop-ozone/integration-test/target/test-dir/MiniOzoneClusterImpl-450c765a-95e2-4b37-9693-6050d581d1fe/datanode-1/data/ratis/7621ab8b-71d7-4115-8a67-53a04cc4c4da/in_use.lock acquired by nodename 11666@pr-hdds-2034-v6pl4-3072628770
2019-10-09 12:08:25,388 [pool-187-thread-1] INFO  storage.RaftStorage (RaftStorage.java:format(72)) - Storage directory /workdir/hadoop-ozone/integration-test/target/test-dir/MiniOzoneClusterImpl-450c765a-95e2-4b37-9693-6050d581d1fe/datanode-1/data/ratis/7621ab8b-71d7-4115-8a67-53a04cc4c4da has been successfully formatted.
2019-10-09 12:08:25,389 [pool-187-thread-1] INFO  ratis.ContainerStateMachine (ContainerStateMachine.java:loadSnapshot(230)) - group-53A04CC4C4DA: The snapshot info is null. Setting the last applied indexto:(t:0, i:~)
2019-10-09 12:08:25,389 [pool-187-thread-1] INFO  server.RaftServerConfigKeys (ConfUtils.java:logGet(43)) - raft.server.notification.no-leader.timeout = 120s (custom)
2019-10-09 12:08:25,389 [pool-187-thread-1] INFO  server.RaftServerConfigKeys (ConfUtils.java:logGet(43)) - raft.server.log.use.memory = false (default)
2019-10-09 12:08:25,389 [pool-187-thread-1] INFO  server.RaftServerConfigKeys (ConfUtils.java:logGet(43)) - raft.server.log.purge.gap = 1000000 (custom)
2019-10-09 12:08:25,389 [pool-187-thread-1] INFO  server.RaftServerConfigKeys (ConfUtils.java:logGet(43)) - raft.server.log.appender.buffer.byte-limit = 33554432 (custom)
2019-10-09 12:08:25,389 [pool-187-thread-1] INFO  server.RaftServerConfigKeys (ConfUtils.java:logGet(43)) - raft.server.log.segment.size.max = 1048576 (custom)
2019-10-09 12:08:25,389 [pool-187-thread-1] INFO  server.RaftServerConfigKeys (ConfUtils.java:logGet(43)) - raft.server.log.segment.cache.num.max = 2 (custom)
2019-10-09 12:08:25,389 [pool-187-thread-1] INFO  segmented.SegmentedRaftLogWorker (SegmentedRaftLogWorker.java:<init>(172)) - new 904bc9b5-d69b-4b19-b06e-e9a0d3942596@group-53A04CC4C4DA-SegmentedRaftLogWorker for RaftStorage:Storage Directory /workdir/hadoop-ozone/integration-test/target/test-dir/MiniOzoneClusterImpl-450c765a-95e2-4b37-9693-6050d581d1fe/datanode-1/data/ratis/7621ab8b-71d7-4115-8a67-53a04cc4c4da
2019-10-09 12:08:25,391 [pool-187-thread-1] INFO  server.RaftServerConfigKeys (ConfUtils.java:logGet(43)) - raft.server.log.queue.byte-limit = 2147483647 (custom)
2019-10-09 12:08:25,391 [pool-187-thread-1] INFO  server.RaftServerConfigKeys (ConfUtils.java:logGet(43)) - raft.server.log.queue.element-limit = 1024 (custom)
2019-10-09 12:08:25,392 [pool-187-thread-1] INFO  server.RaftServerConfigKeys (ConfUtils.java:logGet(43)) - raft.server.log.segment.size.max = 1048576 (custom)
2019-10-09 12:08:25,392 [pool-187-thread-1] INFO  server.RaftServerConfigKeys (ConfUtils.java:logGet(43)) - raft.server.log.preallocated.size = 16384 (custom)
2019-10-09 12:08:25,392 [pool-187-thread-1] INFO  server.RaftServerConfigKeys (ConfUtils.java:logGet(43)) - raft.server.log.write.buffer.size = 33554432 (custom)
2019-10-09 12:08:25,392 [pool-187-thread-1] INFO  server.RaftServerConfigKeys (ConfUtils.java:logGet(43)) - raft.server.log.force.sync.num = 128 (default)
2019-10-09 12:08:25,392 [pool-187-thread-1] INFO  server.RaftServerConfigKeys (ConfUtils.java:logGet(43)) - raft.server.log.statemachine.data.sync = true (default)
2019-10-09 12:08:25,392 [pool-187-thread-1] INFO  server.RaftServerConfigKeys (ConfUtils.java:logGet(43)) - raft.server.log.statemachine.data.sync.timeout = 10s (default)
2019-10-09 12:08:25,392 [pool-187-thread-1] INFO  server.RaftServerConfigKeys (ConfUtils.java:logGet(43)) - raft.server.log.statemachine.data.sync.timeout.retry = -1 (default)
2019-10-09 12:08:25,392 [pool-187-thread-1] INFO  server.RaftServerConfigKeys (ConfUtils.java:logGet(43)) - raft.server.log.statemachine.data.caching.enabled = true (custom)
2019-10-09 12:08:25,393 [pool-187-thread-1] INFO  segmented.SegmentedRaftLogWorker (SegmentedRaftLogWorker.java:lambda$new$0(132)) - 904bc9b5-d69b-4b19-b06e-e9a0d3942596@group-53A04CC4C4DA-SegmentedRaftLogWorker: flushIndex: setUnconditionally 0 -> -1
2019-10-09 12:08:25,393 [pool-187-thread-1] INFO  server.RaftServerConfigKeys (ConfUtils.java:logGet(43)) - raft.server.snapshot.auto.trigger.enabled = true (custom)
2019-10-09 12:08:25,393 [pool-187-thread-1] INFO  server.RaftServerConfigKeys (ConfUtils.java:logGet(43)) - raft.server.snapshot.auto.trigger.threshold = 10000 (custom)
2019-10-09 12:08:25,393 [pool-187-thread-1] INFO  server.RaftServerConfigKeys (ConfUtils.java:logGet(43)) - raft.server.snapshot.retention.num.files = 5 (custom)
2019-10-09 12:08:25,393 [pool-187-thread-1] INFO  server.RaftServerConfigKeys (ConfUtils.java:logGet(43)) - raft.server.retrycache.expirytime = 600000ms (custom)
2019-10-09 12:08:25,395 [pool-187-thread-1] INFO  impl.RaftServerImpl (RaftServerImpl.java:start(185)) - 904bc9b5-d69b-4b19-b06e-e9a0d3942596@group-53A04CC4C4DA: start as a follower, conf=-1: [904bc9b5-d69b-4b19-b06e-e9a0d3942596:192.168.30.33:40408], old=null
2019-10-09 12:08:25,395 [pool-187-thread-1] INFO  impl.RaftServerImpl (RaftServerImpl.java:setRole(174)) - 904bc9b5-d69b-4b19-b06e-e9a0d3942596@group-53A04CC4C4DA: changes role from      null to FOLLOWER at term 0 for startAsFollower
2019-10-09 12:08:25,395 [pool-187-thread-1] INFO  impl.RoleInfo (RoleInfo.java:updateAndGet(143)) - 904bc9b5-d69b-4b19-b06e-e9a0d3942596: start FollowerState
2019-10-09 12:08:25,395 [pool-187-thread-1] INFO  util.JmxRegister (JmxRegister.java:tryRegister(44)) - Successfully registered JMX Bean with object name Ratis:service=RaftServer,group=group-53A04CC4C4DA,id=904bc9b5-d69b-4b19-b06e-e9a0d3942596
2019-10-09 12:08:25,396 [Command processor thread] INFO  commandhandler.CreatePipelineCommandHandler (CreatePipelineCommandHandler.java:handle(86)) - Create Pipeline RATIS ONE #id: "7621ab8b-71d7-4115-8a67-53a04cc4c4da"
 command succeed on datanode 904bc9b5-d69b-4b19-b06e-e9a0d3942596.
2019-10-09 12:08:25,398 [Command processor thread] INFO  impl.RaftServerProxy (RaftServerProxy.java:addNew(89)) - 904bc9b5-d69b-4b19-b06e-e9a0d3942596: addNew group-4F5DBE37230C:[083f0f6f-e3ab-4218-b307-7e49522e08b2:192.168.30.33:35159, 904bc9b5-d69b-4b19-b06e-e9a0d3942596:192.168.30.33:40408, 4156fbb3-cbac-4c44-bfa1-c121155fed71:192.168.30.33:46354] returns group-4F5DBE37230C:java.util.concurrent.CompletableFuture@2c491916[Not completed]
2019-10-09 12:08:25,399 [pool-187-thread-1] INFO  impl.RaftServerImpl (RaftServerImpl.java:<init>(95)) - 904bc9b5-d69b-4b19-b06e-e9a0d3942596: new RaftServerImpl for group-4F5DBE37230C:[083f0f6f-e3ab-4218-b307-7e49522e08b2:192.168.30.33:35159, 904bc9b5-d69b-4b19-b06e-e9a0d3942596:192.168.30.33:40408, 4156fbb3-cbac-4c44-bfa1-c121155fed71:192.168.30.33:46354] with ContainerStateMachine:uninitialized
2019-10-09 12:08:25,399 [pool-187-thread-1] INFO  server.RaftServerConfigKeys (ConfUtils.java:logGet(43)) - raft.server.rpc.timeout.min = 5s (custom)
2019-10-09 12:08:25,399 [pool-187-thread-1] INFO  server.RaftServerConfigKeys (ConfUtils.java:logGet(43)) - raft.server.rpc.timeout.max = 5200ms (custom)
2019-10-09 12:08:25,399 [pool-187-thread-1] INFO  server.RaftServerConfigKeys (ConfUtils.java:logGet(43)) - raft.server.rpcslowness.timeout = 120s (custom)
2019-10-09 12:08:25,399 [pool-187-thread-1] INFO  server.RaftServerConfigKeys (ConfUtils.java:logGet(43)) - raft.server.sleep.deviation.threshold = 300 (default)
2019-10-09 12:08:25,399 [EventQueue-PipelineReportForPipelineReportHandler] INFO  pipeline.PipelineReportHandler (PipelineReportHandler.java:processPipelineReport(102)) - Pipeline PipelineID=7621ab8b-71d7-4115-8a67-53a04cc4c4da reported by 904bc9b5-d69b-4b19-b06e-e9a0d3942596{ip: 192.168.30.33, host: pr-hdds-2034-v6pl4-3072628770, networkLocation: /default-rack, certSerialId: null}
2019-10-09 12:08:25,399 [pool-187-thread-1] INFO  server.RaftServerConfigKeys (ConfUtils.java:logGet(43)) - raft.server.log.appender.install.snapshot.enabled = false (custom)
2019-10-09 12:08:25,400 [EventQueue-PipelineReportForPipelineReportHandler] INFO  pipeline.PipelineStateManager (PipelineStateManager.java:openPipeline(134)) - Pipeline Pipeline[ Id: 7621ab8b-71d7-4115-8a67-53a04cc4c4da, Nodes: 904bc9b5-d69b-4b19-b06e-e9a0d3942596{ip: 192.168.30.33, host: pr-hdds-2034-v6pl4-3072628770, networkLocation: /default-rack, certSerialId: null}, Type:RATIS, Factor:ONE, State:ALLOCATED] moved to OPEN state
2019-10-09 12:08:25,400 [pool-187-thread-1] INFO  impl.RaftServerImpl (ServerState.java:<init>(103)) - 904bc9b5-d69b-4b19-b06e-e9a0d3942596@group-4F5DBE37230C: ConfigurationManager, init=-1: [083f0f6f-e3ab-4218-b307-7e49522e08b2:192.168.30.33:35159, 904bc9b5-d69b-4b19-b06e-e9a0d3942596:192.168.30.33:40408, 4156fbb3-cbac-4c44-bfa1-c121155fed71:192.168.30.33:46354], old=null, confs=<EMPTY_MAP>
2019-10-09 12:08:25,401 [pool-187-thread-1] INFO  server.RaftServerConfigKeys (ConfUtils.java:logGet(43)) - raft.server.storage.dir = [/workdir/hadoop-ozone/integration-test/target/test-dir/MiniOzoneClusterImpl-450c765a-95e2-4b37-9693-6050d581d1fe/datanode-1/data/ratis] (custom)
2019-10-09 12:08:25,401 [Command processor thread] INFO  impl.RaftServerProxy (RaftServerProxy.java:addNew(89)) - 083f0f6f-e3ab-4218-b307-7e49522e08b2: addNew group-1599DA2459C0:[083f0f6f-e3ab-4218-b307-7e49522e08b2:192.168.30.33:35159] returns group-1599DA2459C0:java.util.concurrent.CompletableFuture@6d9cdd8b[Not completed]
2019-10-09 12:08:25,401 [pool-187-thread-1] INFO  storage.RaftStorageDirectory (RaftStorageDirectory.java:analyzeStorage(246)) - The storage directory /workdir/hadoop-ozone/integration-test/target/test-dir/MiniOzoneClusterImpl-450c765a-95e2-4b37-9693-6050d581d1fe/datanode-1/data/ratis/9d3110e0-13ae-44b2-b951-4f5dbe37230c does not exist. Creating ...
2019-10-09 12:08:25,402 [pool-197-thread-1] INFO  impl.RaftServerImpl (RaftServerImpl.java:<init>(95)) - 083f0f6f-e3ab-4218-b307-7e49522e08b2: new RaftServerImpl for group-1599DA2459C0:[083f0f6f-e3ab-4218-b307-7e49522e08b2:192.168.30.33:35159] with ContainerStateMachine:uninitialized
2019-10-09 12:08:25,402 [pool-197-thread-1] INFO  server.RaftServerConfigKeys (ConfUtils.java:logGet(43)) - raft.server.rpc.timeout.min = 5s (custom)
2019-10-09 12:08:25,402 [pool-197-thread-1] INFO  server.RaftServerConfigKeys (ConfUtils.java:logGet(43)) - raft.server.rpc.timeout.max = 5200ms (custom)
2019-10-09 12:08:25,403 [pool-197-thread-1] INFO  server.RaftServerConfigKeys (ConfUtils.java:logGet(43)) - raft.server.rpcslowness.timeout = 120s (custom)
2019-10-09 12:08:25,403 [pool-197-thread-1] INFO  server.RaftServerConfigKeys (ConfUtils.java:logGet(43)) - raft.server.sleep.deviation.threshold = 300 (default)
2019-10-09 12:08:25,403 [pool-197-thread-1] INFO  server.RaftServerConfigKeys (ConfUtils.java:logGet(43)) - raft.server.log.appender.install.snapshot.enabled = false (custom)
2019-10-09 12:08:25,403 [pool-197-thread-1] INFO  impl.RaftServerImpl (ServerState.java:<init>(103)) - 083f0f6f-e3ab-4218-b307-7e49522e08b2@group-1599DA2459C0: ConfigurationManager, init=-1: [083f0f6f-e3ab-4218-b307-7e49522e08b2:192.168.30.33:35159], old=null, confs=<EMPTY_MAP>
2019-10-09 12:08:25,403 [pool-197-thread-1] INFO  server.RaftServerConfigKeys (ConfUtils.java:logGet(43)) - raft.server.storage.dir = [/workdir/hadoop-ozone/integration-test/target/test-dir/MiniOzoneClusterImpl-450c765a-95e2-4b37-9693-6050d581d1fe/datanode-2/data/ratis] (custom)
2019-10-09 12:08:25,403 [pool-197-thread-1] INFO  storage.RaftStorageDirectory (RaftStorageDirectory.java:analyzeStorage(246)) - The storage directory /workdir/hadoop-ozone/integration-test/target/test-dir/MiniOzoneClusterImpl-450c765a-95e2-4b37-9693-6050d581d1fe/datanode-2/data/ratis/d6113ce4-0f38-4646-a732-1599da2459c0 does not exist. Creating ...
2019-10-09 12:08:25,404 [main] INFO  ozone.MiniOzoneClusterImpl (MiniOzoneClusterImpl.java:lambda$waitForClusterToBeReady$0(149)) - Nodes are ready. Got 3 of 3 DN Heartbeats.
2019-10-09 12:08:25,404 [main] INFO  ozone.MiniOzoneClusterImpl (MiniOzoneClusterImpl.java:lambda$waitForClusterToBeReady$0(152)) - Cluster exits safe mode
2019-10-09 12:08:25,405 [main] INFO  ozone.MiniOzoneClusterImpl (MiniOzoneClusterImpl.java:shutdown(319)) - Shutting down the Mini Ozone Cluster
2019-10-09 12:08:25,405 [main] INFO  ozone.MiniOzoneClusterImpl (MiniOzoneClusterImpl.java:stop(335)) - Stopping the Mini Ozone Cluster
2019-10-09 12:08:25,405 [main] INFO  ozone.MiniOzoneClusterImpl (MiniOzoneClusterImpl.java:stopOM(405)) - Stopping the OzoneManager
2019-10-09 12:08:25,405 [main] INFO  ipc.Server (Server.java:stop(3082)) - Stopping server on 43273
2019-10-09 12:08:25,408 [IPC Server listener on 43273] INFO  ipc.Server (Server.java:run(1185)) - Stopping IPC Server listener on 43273
2019-10-09 12:08:25,408 [main] INFO  ratis.OzoneManagerDoubleBuffer (OzoneManagerDoubleBuffer.java:stop(248)) - Stopping OMDoubleBuffer flush thread
2019-10-09 12:08:25,409 [IPC Server Responder] INFO  ipc.Server (Server.java:run(1319)) - Stopping IPC Server Responder
2019-10-09 12:08:25,410 [OMDoubleBufferFlushThread] INFO  ratis.OzoneManagerDoubleBuffer (OzoneManagerDoubleBuffer.java:flushTransactions(191)) - OMDoubleBuffer flush thread OMDoubleBufferFlushThread is interrupted and will exit. OMDoubleBufferFlushThread
2019-10-09 12:08:25,410 [main] INFO  utils.BackgroundService (BackgroundService.java:shutdown(148)) - Shutting down service KeyDeletingService
2019-10-09 12:08:25,411 [main] INFO  handler.ContextHandler (ContextHandler.java:doStop(910)) - Stopped o.e.j.w.WebAppContext@40a72ecd{/,null,UNAVAILABLE}{/ozoneManager}
2019-10-09 12:08:25,412 [main] INFO  server.AbstractConnector (AbstractConnector.java:doStop(318)) - Stopped ServerConnector@73971965{HTTP/1.1,[http/1.1]}{0.0.0.0:0}
2019-10-09 12:08:25,412 [main] INFO  handler.ContextHandler (ContextHandler.java:doStop(910)) - Stopped o.e.j.s.ServletContextHandler@3902bd2c{/static,file:///workdir/hadoop-ozone/integration-test/target/test-classes/webapps/static,UNAVAILABLE}
2019-10-09 12:08:25,413 [main] INFO  handler.ContextHandler (ContextHandler.java:doStop(910)) - Stopped o.e.j.s.ServletContextHandler@4db60246{/logs,file:///workdir/hadoop-ozone/integration-test/target/log,UNAVAILABLE}
2019-10-09 12:08:25,415 [pool-187-thread-1] INFO  storage.RaftStorageDirectory (RaftStorageDirectory.java:tryLock(328)) - Lock on /workdir/hadoop-ozone/integration-test/target/test-dir/MiniOzoneClusterImpl-450c765a-95e2-4b37-9693-6050d581d1fe/datanode-1/data/ratis/9d3110e0-13ae-44b2-b951-4f5dbe37230c/in_use.lock acquired by nodename 11666@pr-hdds-2034-v6pl4-3072628770
2019-10-09 12:08:25,415 [pool-197-thread-1] INFO  storage.RaftStorageDirectory (RaftStorageDirectory.java:tryLock(328)) - Lock on /workdir/hadoop-ozone/integration-test/target/test-dir/MiniOzoneClusterImpl-450c765a-95e2-4b37-9693-6050d581d1fe/datanode-2/data/ratis/d6113ce4-0f38-4646-a732-1599da2459c0/in_use.lock acquired by nodename 11666@pr-hdds-2034-v6pl4-3072628770
2019-10-09 12:08:25,415 [main] INFO  ozone.MiniOzoneClusterImpl (MiniOzoneClusterImpl.java:stopDatanodes(382)) - Stopping the HddsDatanodes
2019-10-09 12:08:25,440 [pool-187-thread-1] INFO  storage.RaftStorage (RaftStorage.java:format(72)) - Storage directory /workdir/hadoop-ozone/integration-test/target/test-dir/MiniOzoneClusterImpl-450c765a-95e2-4b37-9693-6050d581d1fe/datanode-1/data/ratis/9d3110e0-13ae-44b2-b951-4f5dbe37230c has been successfully formatted.
2019-10-09 12:08:25,440 [pool-197-thread-1] INFO  storage.RaftStorage (RaftStorage.java:format(72)) - Storage directory /workdir/hadoop-ozone/integration-test/target/test-dir/MiniOzoneClusterImpl-450c765a-95e2-4b37-9693-6050d581d1fe/datanode-2/data/ratis/d6113ce4-0f38-4646-a732-1599da2459c0 has been successfully formatted.
2019-10-09 12:08:25,440 [pool-197-thread-1] INFO  ratis.ContainerStateMachine (ContainerStateMachine.java:loadSnapshot(230)) - group-1599DA2459C0: The snapshot info is null. Setting the last applied indexto:(t:0, i:~)
2019-10-09 12:08:25,440 [pool-187-thread-1] INFO  ratis.ContainerStateMachine (ContainerStateMachine.java:loadSnapshot(230)) - group-4F5DBE37230C: The snapshot info is null. Setting the last applied indexto:(t:0, i:~)
2019-10-09 12:08:25,440 [pool-197-thread-1] INFO  server.RaftServerConfigKeys (ConfUtils.java:logGet(43)) - raft.server.notification.no-leader.timeout = 120s (custom)
2019-10-09 12:08:25,441 [pool-187-thread-1] INFO  server.RaftServerConfigKeys (ConfUtils.java:logGet(43)) - raft.server.notification.no-leader.timeout = 120s (custom)
2019-10-09 12:08:25,441 [pool-197-thread-1] INFO  server.RaftServerConfigKeys (ConfUtils.java:logGet(43)) - raft.server.log.use.memory = false (default)
2019-10-09 12:08:25,441 [pool-187-thread-1] INFO  server.RaftServerConfigKeys (ConfUtils.java:logGet(43)) - raft.server.log.use.memory = false (default)
2019-10-09 12:08:25,441 [pool-197-thread-1] INFO  server.RaftServerConfigKeys (ConfUtils.java:logGet(43)) - raft.server.log.purge.gap = 1000000 (custom)
2019-10-09 12:08:25,441 [pool-187-thread-1] INFO  server.RaftServerConfigKeys (ConfUtils.java:logGet(43)) - raft.server.log.purge.gap = 1000000 (custom)
2019-10-09 12:08:25,441 [pool-197-thread-1] INFO  server.RaftServerConfigKeys (ConfUtils.java:logGet(43)) - raft.server.log.appender.buffer.byte-limit = 33554432 (custom)
2019-10-09 12:08:25,441 [pool-187-thread-1] INFO  server.RaftServerConfigKeys (ConfUtils.java:logGet(43)) - raft.server.log.appender.buffer.byte-limit = 33554432 (custom)
2019-10-09 12:08:25,441 [pool-197-thread-1] INFO  server.RaftServerConfigKeys (ConfUtils.java:logGet(43)) - raft.server.log.segment.size.max = 1048576 (custom)
2019-10-09 12:08:25,441 [pool-187-thread-1] INFO  server.RaftServerConfigKeys (ConfUtils.java:logGet(43)) - raft.server.log.segment.size.max = 1048576 (custom)
2019-10-09 12:08:25,441 [pool-197-thread-1] INFO  server.RaftServerConfigKeys (ConfUtils.java:logGet(43)) - raft.server.log.segment.cache.num.max = 2 (custom)
2019-10-09 12:08:25,441 [pool-187-thread-1] INFO  server.RaftServerConfigKeys (ConfUtils.java:logGet(43)) - raft.server.log.segment.cache.num.max = 2 (custom)
2019-10-09 12:08:25,442 [pool-197-thread-1] INFO  segmented.SegmentedRaftLogWorker (SegmentedRaftLogWorker.java:<init>(172)) - new 083f0f6f-e3ab-4218-b307-7e49522e08b2@group-1599DA2459C0-SegmentedRaftLogWorker for RaftStorage:Storage Directory /workdir/hadoop-ozone/integration-test/target/test-dir/MiniOzoneClusterImpl-450c765a-95e2-4b37-9693-6050d581d1fe/datanode-2/data/ratis/d6113ce4-0f38-4646-a732-1599da2459c0
2019-10-09 12:08:25,442 [pool-187-thread-1] INFO  segmented.SegmentedRaftLogWorker (SegmentedRaftLogWorker.java:<init>(172)) - new 904bc9b5-d69b-4b19-b06e-e9a0d3942596@group-4F5DBE37230C-SegmentedRaftLogWorker for RaftStorage:Storage Directory /workdir/hadoop-ozone/integration-test/target/test-dir/MiniOzoneClusterImpl-450c765a-95e2-4b37-9693-6050d581d1fe/datanode-1/data/ratis/9d3110e0-13ae-44b2-b951-4f5dbe37230c
2019-10-09 12:08:25,442 [pool-187-thread-1] INFO  server.RaftServerConfigKeys (ConfUtils.java:logGet(43)) - raft.server.log.queue.byte-limit = 2147483647 (custom)
2019-10-09 12:08:25,442 [pool-187-thread-1] INFO  server.RaftServerConfigKeys (ConfUtils.java:logGet(43)) - raft.server.log.queue.element-limit = 1024 (custom)
2019-10-09 12:08:25,442 [pool-187-thread-1] INFO  server.RaftServerConfigKeys (ConfUtils.java:logGet(43)) - raft.server.log.segment.size.max = 1048576 (custom)
2019-10-09 12:08:25,442 [pool-187-thread-1] INFO  server.RaftServerConfigKeys (ConfUtils.java:logGet(43)) - raft.server.log.preallocated.size = 16384 (custom)
2019-10-09 12:08:25,442 [pool-187-thread-1] INFO  server.RaftServerConfigKeys (ConfUtils.java:logGet(43)) - raft.server.log.write.buffer.size = 33554432 (custom)
2019-10-09 12:08:25,442 [pool-187-thread-1] INFO  server.RaftServerConfigKeys (ConfUtils.java:logGet(43)) - raft.server.log.force.sync.num = 128 (default)
2019-10-09 12:08:25,443 [pool-187-thread-1] INFO  server.RaftServerConfigKeys (ConfUtils.java:logGet(43)) - raft.server.log.statemachine.data.sync = true (default)
2019-10-09 12:08:25,443 [pool-187-thread-1] INFO  server.RaftServerConfigKeys (ConfUtils.java:logGet(43)) - raft.server.log.statemachine.data.sync.timeout = 10s (default)
2019-10-09 12:08:25,443 [pool-187-thread-1] INFO  server.RaftServerConfigKeys (ConfUtils.java:logGet(43)) - raft.server.log.statemachine.data.sync.timeout.retry = -1 (default)
2019-10-09 12:08:25,443 [pool-187-thread-1] INFO  server.RaftServerConfigKeys (ConfUtils.java:logGet(43)) - raft.server.log.statemachine.data.caching.enabled = true (custom)
2019-10-09 12:08:25,443 [pool-187-thread-1] INFO  segmented.SegmentedRaftLogWorker (SegmentedRaftLogWorker.java:lambda$new$0(132)) - 904bc9b5-d69b-4b19-b06e-e9a0d3942596@group-4F5DBE37230C-SegmentedRaftLogWorker: flushIndex: setUnconditionally 0 -> -1
2019-10-09 12:08:25,443 [pool-187-thread-1] INFO  server.RaftServerConfigKeys (ConfUtils.java:logGet(43)) - raft.server.snapshot.auto.trigger.enabled = true (custom)
2019-10-09 12:08:25,443 [pool-187-thread-1] INFO  server.RaftServerConfigKeys (ConfUtils.java:logGet(43)) - raft.server.snapshot.auto.trigger.threshold = 10000 (custom)
2019-10-09 12:08:25,444 [pool-187-thread-1] INFO  server.RaftServerConfigKeys (ConfUtils.java:logGet(43)) - raft.server.snapshot.retention.num.files = 5 (custom)
2019-10-09 12:08:25,444 [pool-197-thread-1] INFO  server.RaftServerConfigKeys (ConfUtils.java:logGet(43)) - raft.server.log.queue.byte-limit = 2147483647 (custom)
2019-10-09 12:08:25,444 [pool-187-thread-1] INFO  server.RaftServerConfigKeys (ConfUtils.java:logGet(43)) - raft.server.retrycache.expirytime = 600000ms (custom)
2019-10-09 12:08:25,444 [pool-197-thread-1] INFO  server.RaftServerConfigKeys (ConfUtils.java:logGet(43)) - raft.server.log.queue.element-limit = 1024 (custom)
2019-10-09 12:08:25,444 [pool-197-thread-1] INFO  server.RaftServerConfigKeys (ConfUtils.java:logGet(43)) - raft.server.log.segment.size.max = 1048576 (custom)
2019-10-09 12:08:25,444 [pool-197-thread-1] INFO  server.RaftServerConfigKeys (ConfUtils.java:logGet(43)) - raft.server.log.preallocated.size = 16384 (custom)
2019-10-09 12:08:25,444 [pool-197-thread-1] INFO  server.RaftServerConfigKeys (ConfUtils.java:logGet(43)) - raft.server.log.write.buffer.size = 33554432 (custom)
2019-10-09 12:08:25,444 [pool-197-thread-1] INFO  server.RaftServerConfigKeys (ConfUtils.java:logGet(43)) - raft.server.log.force.sync.num = 128 (default)
2019-10-09 12:08:25,444 [pool-197-thread-1] INFO  server.RaftServerConfigKeys (ConfUtils.java:logGet(43)) - raft.server.log.statemachine.data.sync = true (default)
2019-10-09 12:08:25,445 [pool-197-thread-1] INFO  server.RaftServerConfigKeys (ConfUtils.java:logGet(43)) - raft.server.log.statemachine.data.sync.timeout = 10s (default)
2019-10-09 12:08:25,445 [pool-197-thread-1] INFO  server.RaftServerConfigKeys (ConfUtils.java:logGet(43)) - raft.server.log.statemachine.data.sync.timeout.retry = -1 (default)
2019-10-09 12:08:25,445 [pool-197-thread-1] INFO  server.RaftServerConfigKeys (ConfUtils.java:logGet(43)) - raft.server.log.statemachine.data.caching.enabled = true (custom)
2019-10-09 12:08:25,445 [pool-197-thread-1] INFO  segmented.SegmentedRaftLogWorker (SegmentedRaftLogWorker.java:lambda$new$0(132)) - 083f0f6f-e3ab-4218-b307-7e49522e08b2@group-1599DA2459C0-SegmentedRaftLogWorker: flushIndex: setUnconditionally 0 -> -1
2019-10-09 12:08:25,445 [pool-197-thread-1] INFO  server.RaftServerConfigKeys (ConfUtils.java:logGet(43)) - raft.server.snapshot.auto.trigger.enabled = true (custom)
2019-10-09 12:08:25,445 [pool-187-thread-1] INFO  impl.RaftServerImpl (RaftServerImpl.java:start(185)) - 904bc9b5-d69b-4b19-b06e-e9a0d3942596@group-4F5DBE37230C: start as a follower, conf=-1: [083f0f6f-e3ab-4218-b307-7e49522e08b2:192.168.30.33:35159, 904bc9b5-d69b-4b19-b06e-e9a0d3942596:192.168.30.33:40408, 4156fbb3-cbac-4c44-bfa1-c121155fed71:192.168.30.33:46354], old=null
2019-10-09 12:08:25,445 [pool-197-thread-1] INFO  server.RaftServerConfigKeys (ConfUtils.java:logGet(43)) - raft.server.snapshot.auto.trigger.threshold = 10000 (custom)
2019-10-09 12:08:25,446 [pool-187-thread-1] INFO  impl.RaftServerImpl (RaftServerImpl.java:setRole(174)) - 904bc9b5-d69b-4b19-b06e-e9a0d3942596@group-4F5DBE37230C: changes role from      null to FOLLOWER at term 0 for startAsFollower
2019-10-09 12:08:25,446 [pool-197-thread-1] INFO  server.RaftServerConfigKeys (ConfUtils.java:logGet(43)) - raft.server.snapshot.retention.num.files = 5 (custom)
2019-10-09 12:08:25,446 [pool-187-thread-1] INFO  impl.RoleInfo (RoleInfo.java:updateAndGet(143)) - 904bc9b5-d69b-4b19-b06e-e9a0d3942596: start FollowerState
2019-10-09 12:08:25,446 [pool-197-thread-1] INFO  server.RaftServerConfigKeys (ConfUtils.java:logGet(43)) - raft.server.retrycache.expirytime = 600000ms (custom)
2019-10-09 12:08:25,446 [pool-187-thread-1] INFO  util.JmxRegister (JmxRegister.java:tryRegister(44)) - Successfully registered JMX Bean with object name Ratis:service=RaftServer,group=group-4F5DBE37230C,id=904bc9b5-d69b-4b19-b06e-e9a0d3942596
2019-10-09 12:08:25,447 [Command processor thread] INFO  commandhandler.CreatePipelineCommandHandler (CreatePipelineCommandHandler.java:handle(86)) - Create Pipeline RATIS THREE #id: "9d3110e0-13ae-44b2-b951-4f5dbe37230c"
 command succeed on datanode 904bc9b5-d69b-4b19-b06e-e9a0d3942596.
2019-10-09 12:08:25,447 [Datanode State Machine Thread - 0] INFO  statemachine.DatanodeStateMachine (DatanodeStateMachine.java:lambda$startDaemon$0(356)) - Ozone container server started.
2019-10-09 12:08:25,448 [pool-197-thread-1] INFO  impl.RaftServerImpl (RaftServerImpl.java:start(185)) - 083f0f6f-e3ab-4218-b307-7e49522e08b2@group-1599DA2459C0: start as a follower, conf=-1: [083f0f6f-e3ab-4218-b307-7e49522e08b2:192.168.30.33:35159], old=null
2019-10-09 12:08:25,448 [pool-197-thread-1] INFO  impl.RaftServerImpl (RaftServerImpl.java:setRole(174)) - 083f0f6f-e3ab-4218-b307-7e49522e08b2@group-1599DA2459C0: changes role from      null to FOLLOWER at term 0 for startAsFollower
2019-10-09 12:08:25,448 [pool-197-thread-1] INFO  impl.RoleInfo (RoleInfo.java:updateAndGet(143)) - 083f0f6f-e3ab-4218-b307-7e49522e08b2: start FollowerState
2019-10-09 12:08:25,448 [pool-197-thread-1] INFO  util.JmxRegister (JmxRegister.java:tryRegister(44)) - Successfully registered JMX Bean with object name Ratis:service=RaftServer,group=group-1599DA2459C0,id=083f0f6f-e3ab-4218-b307-7e49522e08b2
2019-10-09 12:08:25,448 [Command processor thread] INFO  commandhandler.CreatePipelineCommandHandler (CreatePipelineCommandHandler.java:handle(86)) - Create Pipeline RATIS ONE #id: "d6113ce4-0f38-4646-a732-1599da2459c0"
 command succeed on datanode 083f0f6f-e3ab-4218-b307-7e49522e08b2.
2019-10-09 12:08:25,451 [Command processor thread] INFO  impl.RaftServerProxy (RaftServerProxy.java:addNew(89)) - 083f0f6f-e3ab-4218-b307-7e49522e08b2: addNew group-4F5DBE37230C:[083f0f6f-e3ab-4218-b307-7e49522e08b2:192.168.30.33:35159, 904bc9b5-d69b-4b19-b06e-e9a0d3942596:192.168.30.33:40408, 4156fbb3-cbac-4c44-bfa1-c121155fed71:192.168.30.33:46354] returns group-4F5DBE37230C:java.util.concurrent.CompletableFuture@69a354e0[Not completed]
2019-10-09 12:08:25,452 [pool-197-thread-1] INFO  impl.RaftServerImpl (RaftServerImpl.java:<init>(95)) - 083f0f6f-e3ab-4218-b307-7e49522e08b2: new RaftServerImpl for group-4F5DBE37230C:[083f0f6f-e3ab-4218-b307-7e49522e08b2:192.168.30.33:35159, 904bc9b5-d69b-4b19-b06e-e9a0d3942596:192.168.30.33:40408, 4156fbb3-cbac-4c44-bfa1-c121155fed71:192.168.30.33:46354] with ContainerStateMachine:uninitialized
2019-10-09 12:08:25,452 [EventQueue-PipelineReportForPipelineReportHandler] INFO  pipeline.PipelineReportHandler (PipelineReportHandler.java:processPipelineReport(102)) - Pipeline PipelineID=d6113ce4-0f38-4646-a732-1599da2459c0 reported by 083f0f6f-e3ab-4218-b307-7e49522e08b2{ip: 192.168.30.33, host: pr-hdds-2034-v6pl4-3072628770, networkLocation: /default-rack, certSerialId: null}
2019-10-09 12:08:25,452 [pool-197-thread-1] INFO  server.RaftServerConfigKeys (ConfUtils.java:logGet(43)) - raft.server.rpc.timeout.min = 5s (custom)
2019-10-09 12:08:25,452 [EventQueue-PipelineReportForPipelineReportHandler] INFO  pipeline.PipelineStateManager (PipelineStateManager.java:openPipeline(134)) - Pipeline Pipeline[ Id: d6113ce4-0f38-4646-a732-1599da2459c0, Nodes: 083f0f6f-e3ab-4218-b307-7e49522e08b2{ip: 192.168.30.33, host: pr-hdds-2034-v6pl4-3072628770, networkLocation: /default-rack, certSerialId: null}, Type:RATIS, Factor:ONE, State:ALLOCATED] moved to OPEN state
2019-10-09 12:08:25,452 [pool-197-thread-1] INFO  server.RaftServerConfigKeys (ConfUtils.java:logGet(43)) - raft.server.rpc.timeout.max = 5200ms (custom)
2019-10-09 12:08:25,453 [pool-197-thread-1] INFO  server.RaftServerConfigKeys (ConfUtils.java:logGet(43)) - raft.server.rpcslowness.timeout = 120s (custom)
2019-10-09 12:08:25,453 [pool-197-thread-1] INFO  server.RaftServerConfigKeys (ConfUtils.java:logGet(43)) - raft.server.sleep.deviation.threshold = 300 (default)
2019-10-09 12:08:25,453 [pool-197-thread-1] INFO  server.RaftServerConfigKeys (ConfUtils.java:logGet(43)) - raft.server.log.appender.install.snapshot.enabled = false (custom)
2019-10-09 12:08:25,453 [pool-197-thread-1] INFO  impl.RaftServerImpl (ServerState.java:<init>(103)) - 083f0f6f-e3ab-4218-b307-7e49522e08b2@group-4F5DBE37230C: ConfigurationManager, init=-1: [083f0f6f-e3ab-4218-b307-7e49522e08b2:192.168.30.33:35159, 904bc9b5-d69b-4b19-b06e-e9a0d3942596:192.168.30.33:40408, 4156fbb3-cbac-4c44-bfa1-c121155fed71:192.168.30.33:46354], old=null, confs=<EMPTY_MAP>
2019-10-09 12:08:25,453 [pool-197-thread-1] INFO  server.RaftServerConfigKeys (ConfUtils.java:logGet(43)) - raft.server.storage.dir = [/workdir/hadoop-ozone/integration-test/target/test-dir/MiniOzoneClusterImpl-450c765a-95e2-4b37-9693-6050d581d1fe/datanode-2/data/ratis] (custom)
2019-10-09 12:08:25,453 [pool-197-thread-1] INFO  storage.RaftStorageDirectory (RaftStorageDirectory.java:analyzeStorage(246)) - The storage directory /workdir/hadoop-ozone/integration-test/target/test-dir/MiniOzoneClusterImpl-450c765a-95e2-4b37-9693-6050d581d1fe/datanode-2/data/ratis/9d3110e0-13ae-44b2-b951-4f5dbe37230c does not exist. Creating ...
2019-10-09 12:08:25,464 [pool-197-thread-1] INFO  storage.RaftStorageDirectory (RaftStorageDirectory.java:tryLock(328)) - Lock on /workdir/hadoop-ozone/integration-test/target/test-dir/MiniOzoneClusterImpl-450c765a-95e2-4b37-9693-6050d581d1fe/datanode-2/data/ratis/9d3110e0-13ae-44b2-b951-4f5dbe37230c/in_use.lock acquired by nodename 11666@pr-hdds-2034-v6pl4-3072628770
2019-10-09 12:08:25,475 [pool-197-thread-1] INFO  storage.RaftStorage (RaftStorage.java:format(72)) - Storage directory /workdir/hadoop-ozone/integration-test/target/test-dir/MiniOzoneClusterImpl-450c765a-95e2-4b37-9693-6050d581d1fe/datanode-2/data/ratis/9d3110e0-13ae-44b2-b951-4f5dbe37230c has been successfully formatted.
2019-10-09 12:08:25,475 [pool-197-thread-1] INFO  ratis.ContainerStateMachine (ContainerStateMachine.java:loadSnapshot(230)) - group-4F5DBE37230C: The snapshot info is null. Setting the last applied indexto:(t:0, i:~)
2019-10-09 12:08:25,476 [pool-197-thread-1] INFO  server.RaftServerConfigKeys (ConfUtils.java:logGet(43)) - raft.server.notification.no-leader.timeout = 120s (custom)
2019-10-09 12:08:25,476 [pool-197-thread-1] INFO  server.RaftServerConfigKeys (ConfUtils.java:logGet(43)) - raft.server.log.use.memory = false (default)
2019-10-09 12:08:25,476 [pool-197-thread-1] INFO  server.RaftServerConfigKeys (ConfUtils.java:logGet(43)) - raft.server.log.purge.gap = 1000000 (custom)
2019-10-09 12:08:25,476 [pool-197-thread-1] INFO  server.RaftServerConfigKeys (ConfUtils.java:logGet(43)) - raft.server.log.appender.buffer.byte-limit = 33554432 (custom)
2019-10-09 12:08:25,476 [pool-197-thread-1] INFO  server.RaftServerConfigKeys (ConfUtils.java:logGet(43)) - raft.server.log.segment.size.max = 1048576 (custom)
2019-10-09 12:08:25,476 [pool-197-thread-1] INFO  server.RaftServerConfigKeys (ConfUtils.java:logGet(43)) - raft.server.log.segment.cache.num.max = 2 (custom)
2019-10-09 12:08:25,476 [pool-197-thread-1] INFO  segmented.SegmentedRaftLogWorker (SegmentedRaftLogWorker.java:<init>(172)) - new 083f0f6f-e3ab-4218-b307-7e49522e08b2@group-4F5DBE37230C-SegmentedRaftLogWorker for RaftStorage:Storage Directory /workdir/hadoop-ozone/integration-test/target/test-dir/MiniOzoneClusterImpl-450c765a-95e2-4b37-9693-6050d581d1fe/datanode-2/data/ratis/9d3110e0-13ae-44b2-b951-4f5dbe37230c
2019-10-09 12:08:25,476 [pool-197-thread-1] INFO  server.RaftServerConfigKeys (ConfUtils.java:logGet(43)) - raft.server.log.queue.byte-limit = 2147483647 (custom)
2019-10-09 12:08:25,476 [pool-197-thread-1] INFO  server.RaftServerConfigKeys (ConfUtils.java:logGet(43)) - raft.server.log.queue.element-limit = 1024 (custom)
2019-10-09 12:08:25,477 [pool-197-thread-1] INFO  server.RaftServerConfigKeys (ConfUtils.java:logGet(43)) - raft.server.log.segment.size.max = 1048576 (custom)
2019-10-09 12:08:25,477 [pool-197-thread-1] INFO  server.RaftServerConfigKeys (ConfUtils.java:logGet(43)) - raft.server.log.preallocated.size = 16384 (custom)
2019-10-09 12:08:25,477 [pool-197-thread-1] INFO  server.RaftServerConfigKeys (ConfUtils.java:logGet(43)) - raft.server.log.write.buffer.size = 33554432 (custom)
2019-10-09 12:08:25,477 [pool-197-thread-1] INFO  server.RaftServerConfigKeys (ConfUtils.java:logGet(43)) - raft.server.log.force.sync.num = 128 (default)
2019-10-09 12:08:25,477 [pool-197-thread-1] INFO  server.RaftServerConfigKeys (ConfUtils.java:logGet(43)) - raft.server.log.statemachine.data.sync = true (default)
2019-10-09 12:08:25,477 [pool-197-thread-1] INFO  server.RaftServerConfigKeys (ConfUtils.java:logGet(43)) - raft.server.log.statemachine.data.sync.timeout = 10s (default)
2019-10-09 12:08:25,477 [pool-197-thread-1] INFO  server.RaftServerConfigKeys (ConfUtils.java:logGet(43)) - raft.server.log.statemachine.data.sync.timeout.retry = -1 (default)
2019-10-09 12:08:25,477 [pool-197-thread-1] INFO  server.RaftServerConfigKeys (ConfUtils.java:logGet(43)) - raft.server.log.statemachine.data.caching.enabled = true (custom)
2019-10-09 12:08:25,477 [pool-197-thread-1] INFO  segmented.SegmentedRaftLogWorker (SegmentedRaftLogWorker.java:lambda$new$0(132)) - 083f0f6f-e3ab-4218-b307-7e49522e08b2@group-4F5DBE37230C-SegmentedRaftLogWorker: flushIndex: setUnconditionally 0 -> -1
2019-10-09 12:08:25,478 [pool-197-thread-1] INFO  server.RaftServerConfigKeys (ConfUtils.java:logGet(43)) - raft.server.snapshot.auto.trigger.enabled = true (custom)
2019-10-09 12:08:25,478 [pool-197-thread-1] INFO  server.RaftServerConfigKeys (ConfUtils.java:logGet(43)) - raft.server.snapshot.auto.trigger.threshold = 10000 (custom)
2019-10-09 12:08:25,478 [pool-197-thread-1] INFO  server.RaftServerConfigKeys (ConfUtils.java:logGet(43)) - raft.server.snapshot.retention.num.files = 5 (custom)
2019-10-09 12:08:25,478 [pool-197-thread-1] INFO  server.RaftServerConfigKeys (ConfUtils.java:logGet(43)) - raft.server.retrycache.expirytime = 600000ms (custom)
2019-10-09 12:08:25,480 [pool-197-thread-1] INFO  impl.RaftServerImpl (RaftServerImpl.java:start(185)) - 083f0f6f-e3ab-4218-b307-7e49522e08b2@group-4F5DBE37230C: start as a follower, conf=-1: [083f0f6f-e3ab-4218-b307-7e49522e08b2:192.168.30.33:35159, 904bc9b5-d69b-4b19-b06e-e9a0d3942596:192.168.30.33:40408, 4156fbb3-cbac-4c44-bfa1-c121155fed71:192.168.30.33:46354], old=null
2019-10-09 12:08:25,480 [pool-197-thread-1] INFO  impl.RaftServerImpl (RaftServerImpl.java:setRole(174)) - 083f0f6f-e3ab-4218-b307-7e49522e08b2@group-4F5DBE37230C: changes role from      null to FOLLOWER at term 0 for startAsFollower
2019-10-09 12:08:25,480 [pool-197-thread-1] INFO  impl.RoleInfo (RoleInfo.java:updateAndGet(143)) - 083f0f6f-e3ab-4218-b307-7e49522e08b2: start FollowerState
2019-10-09 12:08:25,480 [pool-197-thread-1] INFO  util.JmxRegister (JmxRegister.java:tryRegister(44)) - Successfully registered JMX Bean with object name Ratis:service=RaftServer,group=group-4F5DBE37230C,id=083f0f6f-e3ab-4218-b307-7e49522e08b2
2019-10-09 12:08:25,481 [Command processor thread] INFO  commandhandler.CreatePipelineCommandHandler (CreatePipelineCommandHandler.java:handle(86)) - Create Pipeline RATIS THREE #id: "9d3110e0-13ae-44b2-b951-4f5dbe37230c"
 command succeed on datanode 083f0f6f-e3ab-4218-b307-7e49522e08b2.
2019-10-09 12:08:25,482 [EventQueue-PipelineReportForPipelineReportHandler] INFO  pipeline.PipelineReportHandler (PipelineReportHandler.java:processPipelineReport(102)) - Pipeline PipelineID=9d3110e0-13ae-44b2-b951-4f5dbe37230c reported by 083f0f6f-e3ab-4218-b307-7e49522e08b2{ip: 192.168.30.33, host: pr-hdds-2034-v6pl4-3072628770, networkLocation: /default-rack, certSerialId: null}
2019-10-09 12:08:26,358 [Datanode State Machine Thread - 0] INFO  statemachine.DatanodeStateMachine (DatanodeStateMachine.java:lambda$startDaemon$0(356)) - Ozone container server started.
2019-10-09 12:08:28,314 [Thread-823] INFO  container.ReplicationManager (ReplicationManager.java:start(163)) - Starting Replication Monitor Thread.
2019-10-09 12:08:28,317 [ReplicationMonitor] INFO  container.ReplicationManager (ReplicationManager.java:run(226)) - Replication Monitor Thread took 0 milliseconds for processing 0 containers.
2019-10-09 12:08:30,369 [Thread-819] INFO  impl.FollowerState (FollowerState.java:run(106)) - 4156fbb3-cbac-4c44-bfa1-c121155fed71:group-3AE720868E79 changes to CANDIDATE, lastRpcTime:5064, electionTimeout:5064ms
2019-10-09 12:08:30,369 [Thread-819] INFO  impl.RoleInfo (RoleInfo.java:shutdownFollowerState(121)) - 4156fbb3-cbac-4c44-bfa1-c121155fed71: shutdown FollowerState
2019-10-09 12:08:30,370 [Thread-819] INFO  impl.RaftServerImpl (RaftServerImpl.java:setRole(174)) - 4156fbb3-cbac-4c44-bfa1-c121155fed71@group-3AE720868E79: changes role from  FOLLOWER to CANDIDATE at term 0 for changeToCandidate
2019-10-09 12:08:30,370 [Thread-819] INFO  impl.RoleInfo (RoleInfo.java:updateAndGet(143)) - 4156fbb3-cbac-4c44-bfa1-c121155fed71: start LeaderElection
2019-10-09 12:08:30,388 [4156fbb3-cbac-4c44-bfa1-c121155fed71@group-3AE720868E79:LeaderElection17] INFO  impl.LeaderElection (LeaderElection.java:askForVotes(182)) - 4156fbb3-cbac-4c44-bfa1-c121155fed71@group-3AE720868E79:LeaderElection17: begin an election at term 1 for -1: [4156fbb3-cbac-4c44-bfa1-c121155fed71:192.168.30.33:46354], old=null
2019-10-09 12:08:30,389 [4156fbb3-cbac-4c44-bfa1-c121155fed71@group-3AE720868E79:LeaderElection17] INFO  impl.RoleInfo (RoleInfo.java:shutdownLeaderElection(134)) - 4156fbb3-cbac-4c44-bfa1-c121155fed71: shutdown LeaderElection
2019-10-09 12:08:30,389 [4156fbb3-cbac-4c44-bfa1-c121155fed71@group-3AE720868E79:LeaderElection17] INFO  impl.RaftServerImpl (RaftServerImpl.java:setRole(174)) - 4156fbb3-cbac-4c44-bfa1-c121155fed71@group-3AE720868E79: changes role from CANDIDATE to LEADER at term 1 for changeToLeader
2019-10-09 12:08:30,389 [4156fbb3-cbac-4c44-bfa1-c121155fed71@group-3AE720868E79:LeaderElection17] INFO  impl.RaftServerImpl (ServerState.java:setLeader(253)) - 4156fbb3-cbac-4c44-bfa1-c121155fed71@group-3AE720868E79: change Leader from null to 4156fbb3-cbac-4c44-bfa1-c121155fed71 at term 1 for becomeLeader, leader elected after 5093ms
2019-10-09 12:08:30,389 [4156fbb3-cbac-4c44-bfa1-c121155fed71@group-3AE720868E79:LeaderElection17] INFO  server.RaftServerConfigKeys (ConfUtils.java:logGet(43)) - raft.server.staging.catchup.gap = 1000 (default)
2019-10-09 12:08:30,389 [4156fbb3-cbac-4c44-bfa1-c121155fed71@group-3AE720868E79:LeaderElection17] INFO  server.RaftServerConfigKeys (ConfUtils.java:logGet(43)) - raft.server.rpc.sleep.time = 25ms (default)
2019-10-09 12:08:30,390 [4156fbb3-cbac-4c44-bfa1-c121155fed71@group-3AE720868E79:LeaderElection17] INFO  server.RaftServerConfigKeys (ConfUtils.java:logGet(43)) - raft.server.write.element-limit = 4096 (default)
2019-10-09 12:08:30,390 [4156fbb3-cbac-4c44-bfa1-c121155fed71@group-3AE720868E79:LeaderElection17] INFO  server.RaftServerConfigKeys (ConfUtils.java:logGet(43)) - raft.server.watch.timeout = 10s (default)
2019-10-09 12:08:30,390 [4156fbb3-cbac-4c44-bfa1-c121155fed71@group-3AE720868E79:LeaderElection17] INFO  server.RaftServerConfigKeys (ConfUtils.java:logGet(43)) - raft.server.watch.timeout.denomination = 1s (default)
2019-10-09 12:08:30,390 [4156fbb3-cbac-4c44-bfa1-c121155fed71@group-3AE720868E79:LeaderElection17] INFO  server.RaftServerConfigKeys (ConfUtils.java:logGet(43)) - raft.server.watch.element-limit = 65536 (default)
2019-10-09 12:08:30,393 [4156fbb3-cbac-4c44-bfa1-c121155fed71@group-3AE720868E79:LeaderElection17] INFO  impl.RoleInfo (RoleInfo.java:updateAndGet(143)) - 4156fbb3-cbac-4c44-bfa1-c121155fed71: start LeaderState
2019-10-09 12:08:30,393 [4156fbb3-cbac-4c44-bfa1-c121155fed71@group-3AE720868E79:LeaderElection17] INFO  segmented.SegmentedRaftLogWorker (SegmentedRaftLogWorker.java:startLogSegment(380)) - 4156fbb3-cbac-4c44-bfa1-c121155fed71@group-3AE720868E79-SegmentedRaftLogWorker: Starting segment from index:0
2019-10-09 12:08:30,394 [4156fbb3-cbac-4c44-bfa1-c121155fed71@group-3AE720868E79:LeaderElection17] INFO  impl.RaftServerImpl (ServerState.java:setRaftConf(354)) - 4156fbb3-cbac-4c44-bfa1-c121155fed71@group-3AE720868E79: set configuration 0: [4156fbb3-cbac-4c44-bfa1-c121155fed71:192.168.30.33:46354], old=null at 0
2019-10-09 12:08:30,405 [Thread-825] INFO  impl.FollowerState (FollowerState.java:run(106)) - 4156fbb3-cbac-4c44-bfa1-c121155fed71:group-4F5DBE37230C changes to CANDIDATE, lastRpcTime:5049, electionTimeout:5049ms
2019-10-09 12:08:30,405 [Thread-825] INFO  impl.RoleInfo (RoleInfo.java:shutdownFollowerState(121)) - 4156fbb3-cbac-4c44-bfa1-c121155fed71: shutdown FollowerState
2019-10-09 12:08:30,405 [Thread-825] INFO  impl.RaftServerImpl (RaftServerImpl.java:setRole(174)) - 4156fbb3-cbac-4c44-bfa1-c121155fed71@group-4F5DBE37230C: changes role from  FOLLOWER to CANDIDATE at term 0 for changeToCandidate
2019-10-09 12:08:30,405 [Thread-825] INFO  impl.RoleInfo (RoleInfo.java:updateAndGet(143)) - 4156fbb3-cbac-4c44-bfa1-c121155fed71: start LeaderElection
2019-10-09 12:08:30,433 [main] INFO  ozoneimpl.OzoneContainer (OzoneContainer.java:stop(231)) - Attempting to stop container services.
2019-10-09 12:08:30,433 [ForkJoinPool.commonPool-worker-0] INFO  ozoneimpl.OzoneContainer (OzoneContainer.java:stop(231)) - Attempting to stop container services.
2019-10-09 12:08:30,433 [main] INFO  impl.RaftServerProxy (RaftServerProxy.java:lambda$close$4(314)) - 904bc9b5-d69b-4b19-b06e-e9a0d3942596: close
2019-10-09 12:08:30,434 [ForkJoinPool.commonPool-worker-0] INFO  impl.RaftServerProxy (RaftServerProxy.java:lambda$close$4(314)) - 4156fbb3-cbac-4c44-bfa1-c121155fed71: close
2019-10-09 12:08:30,434 [main] INFO  impl.RaftServerImpl (RaftServerImpl.java:lambda$shutdown$3(251)) - 904bc9b5-d69b-4b19-b06e-e9a0d3942596@group-53A04CC4C4DA: shutdown
2019-10-09 12:08:30,434 [ForkJoinPool.commonPool-worker-0] INFO  impl.RaftServerImpl (RaftServerImpl.java:lambda$shutdown$3(251)) - 4156fbb3-cbac-4c44-bfa1-c121155fed71@group-3AE720868E79: shutdown
2019-10-09 12:08:30,435 [main] INFO  util.JmxRegister (JmxRegister.java:unregister(73)) - Successfully un-registered JMX Bean with object name Ratis:service=RaftServer,group=group-53A04CC4C4DA,id=904bc9b5-d69b-4b19-b06e-e9a0d3942596
2019-10-09 12:08:30,435 [main] INFO  impl.RoleInfo (RoleInfo.java:shutdownFollowerState(121)) - 904bc9b5-d69b-4b19-b06e-e9a0d3942596: shutdown FollowerState
2019-10-09 12:08:30,435 [ForkJoinPool.commonPool-worker-0] INFO  util.JmxRegister (JmxRegister.java:unregister(73)) - Successfully un-registered JMX Bean with object name Ratis:service=RaftServer,group=group-3AE720868E79,id=4156fbb3-cbac-4c44-bfa1-c121155fed71
2019-10-09 12:08:30,436 [Thread-827] INFO  impl.FollowerState (FollowerState.java:run(115)) - 904bc9b5-d69b-4b19-b06e-e9a0d3942596: FollowerState was interrupted: java.lang.InterruptedException: sleep interrupted
2019-10-09 12:08:30,436 [main] INFO  impl.StateMachineUpdater (StateMachineUpdater.java:stopAndJoin(125)) - 904bc9b5-d69b-4b19-b06e-e9a0d3942596@group-53A04CC4C4DA-StateMachineUpdater: set stopIndex = -1
2019-10-09 12:08:30,438 [main] INFO  impl.RaftServerImpl (ServerState.java:close(385)) - 904bc9b5-d69b-4b19-b06e-e9a0d3942596@group-53A04CC4C4DA: closes. applyIndex: -1
2019-10-09 12:08:30,436 [ForkJoinPool.commonPool-worker-0] INFO  impl.RoleInfo (RoleInfo.java:shutdownLeaderState(104)) - 4156fbb3-cbac-4c44-bfa1-c121155fed71: shutdown LeaderState
2019-10-09 12:08:30,438 [904bc9b5-d69b-4b19-b06e-e9a0d3942596@group-53A04CC4C4DA-SegmentedRaftLogWorker] INFO  segmented.SegmentedRaftLogWorker (SegmentedRaftLogWorker.java:run(313)) - 904bc9b5-d69b-4b19-b06e-e9a0d3942596@group-53A04CC4C4DA-SegmentedRaftLogWorker was interrupted, exiting. There are 0 tasks remaining in the queue.
2019-10-09 12:08:30,439 [ForkJoinPool.commonPool-worker-0] INFO  impl.PendingRequests (PendingRequests.java:sendNotLeaderResponses(202)) - 4156fbb3-cbac-4c44-bfa1-c121155fed71-PendingRequests: sendNotLeaderResponses
2019-10-09 12:08:30,439 [main] INFO  segmented.SegmentedRaftLogWorker (SegmentedRaftLogWorker.java:close(228)) - 904bc9b5-d69b-4b19-b06e-e9a0d3942596@group-53A04CC4C4DA-SegmentedRaftLogWorker close()
2019-10-09 12:08:30,439 [ForkJoinPool.commonPool-worker-0] INFO  impl.StateMachineUpdater (StateMachineUpdater.java:stopAndJoin(125)) - 4156fbb3-cbac-4c44-bfa1-c121155fed71@group-3AE720868E79-StateMachineUpdater: set stopIndex = -1
2019-10-09 12:08:30,442 [main] INFO  impl.RaftServerImpl (RaftServerImpl.java:lambda$shutdown$3(251)) - 904bc9b5-d69b-4b19-b06e-e9a0d3942596@group-4F5DBE37230C: shutdown
2019-10-09 12:08:30,442 [ForkJoinPool.commonPool-worker-0] INFO  impl.RaftServerImpl (ServerState.java:close(385)) - 4156fbb3-cbac-4c44-bfa1-c121155fed71@group-3AE720868E79: closes. applyIndex: -1
2019-10-09 12:08:30,443 [main] INFO  util.JmxRegister (JmxRegister.java:unregister(73)) - Successfully un-registered JMX Bean with object name Ratis:service=RaftServer,group=group-4F5DBE37230C,id=904bc9b5-d69b-4b19-b06e-e9a0d3942596
2019-10-09 12:08:30,445 [main] INFO  impl.RoleInfo (RoleInfo.java:shutdownFollowerState(121)) - 904bc9b5-d69b-4b19-b06e-e9a0d3942596: shutdown FollowerState
2019-10-09 12:08:30,445 [main] INFO  impl.StateMachineUpdater (StateMachineUpdater.java:stopAndJoin(125)) - 904bc9b5-d69b-4b19-b06e-e9a0d3942596@group-4F5DBE37230C-StateMachineUpdater: set stopIndex = -1
2019-10-09 12:08:30,445 [Thread-829] INFO  impl.FollowerState (FollowerState.java:run(115)) - 904bc9b5-d69b-4b19-b06e-e9a0d3942596: FollowerState was interrupted: java.lang.InterruptedException: sleep interrupted
2019-10-09 12:08:30,446 [main] INFO  impl.RaftServerImpl (ServerState.java:close(385)) - 904bc9b5-d69b-4b19-b06e-e9a0d3942596@group-4F5DBE37230C: closes. applyIndex: -1
2019-10-09 12:08:30,447 [4156fbb3-cbac-4c44-bfa1-c121155fed71@group-3AE720868E79-SegmentedRaftLogWorker] WARN  segmented.SegmentedRaftLogOutputStream (SegmentedRaftLogOutputStream.java:<init>(77)) - Hit IOException while creating log segment /workdir/hadoop-ozone/integration-test/target/test-dir/MiniOzoneClusterImpl-450c765a-95e2-4b37-9693-6050d581d1fe/datanode-0/data/ratis/d4ca9278-f2e6-4e4c-8f09-3ae720868e79/current/log_inprogress_0, delete the partial file.
2019-10-09 12:08:30,447 [4156fbb3-cbac-4c44-bfa1-c121155fed71@group-4F5DBE37230C:LeaderElection18] INFO  impl.LeaderElection (LeaderElection.java:askForVotes(182)) - 4156fbb3-cbac-4c44-bfa1-c121155fed71@group-4F5DBE37230C:LeaderElection18: begin an election at term 1 for -1: [083f0f6f-e3ab-4218-b307-7e49522e08b2:192.168.30.33:35159, 904bc9b5-d69b-4b19-b06e-e9a0d3942596:192.168.30.33:40408, 4156fbb3-cbac-4c44-bfa1-c121155fed71:192.168.30.33:46354], old=null
2019-10-09 12:08:30,448 [904bc9b5-d69b-4b19-b06e-e9a0d3942596@group-4F5DBE37230C-SegmentedRaftLogWorker] INFO  segmented.SegmentedRaftLogWorker (SegmentedRaftLogWorker.java:run(313)) - 904bc9b5-d69b-4b19-b06e-e9a0d3942596@group-4F5DBE37230C-SegmentedRaftLogWorker was interrupted, exiting. There are 0 tasks remaining in the queue.
2019-10-09 12:08:30,448 [main] INFO  segmented.SegmentedRaftLogWorker (SegmentedRaftLogWorker.java:close(228)) - 904bc9b5-d69b-4b19-b06e-e9a0d3942596@group-4F5DBE37230C-SegmentedRaftLogWorker close()
2019-10-09 12:08:30,448 [ForkJoinPool.commonPool-worker-0] INFO  segmented.SegmentedRaftLogWorker (SegmentedRaftLogWorker.java:close(228)) - 4156fbb3-cbac-4c44-bfa1-c121155fed71@group-3AE720868E79-SegmentedRaftLogWorker close()
2019-10-09 12:08:30,451 [main] INFO  server.GrpcService (GrpcService.java:closeImpl(164)) - 904bc9b5-d69b-4b19-b06e-e9a0d3942596: shutdown server with port 40408 now
2019-10-09 12:08:30,453 [ForkJoinPool.commonPool-worker-0] INFO  impl.RaftServerImpl (RaftServerImpl.java:lambda$shutdown$3(251)) - 4156fbb3-cbac-4c44-bfa1-c121155fed71@group-4F5DBE37230C: shutdown
2019-10-09 12:08:30,454 [ForkJoinPool.commonPool-worker-0] INFO  util.JmxRegister (JmxRegister.java:unregister(73)) - Successfully un-registered JMX Bean with object name Ratis:service=RaftServer,group=group-4F5DBE37230C,id=4156fbb3-cbac-4c44-bfa1-c121155fed71
2019-10-09 12:08:30,454 [ForkJoinPool.commonPool-worker-0] INFO  impl.RoleInfo (RoleInfo.java:shutdownLeaderElection(134)) - 4156fbb3-cbac-4c44-bfa1-c121155fed71: shutdown LeaderElection
2019-10-09 12:08:30,454 [main] INFO  server.GrpcService (GrpcService.java:closeImpl(172)) - 904bc9b5-d69b-4b19-b06e-e9a0d3942596: shutdown server with port 40408 successfully
2019-10-09 12:08:30,455 [ForkJoinPool.commonPool-worker-0] INFO  impl.StateMachineUpdater (StateMachineUpdater.java:stopAndJoin(125)) - 4156fbb3-cbac-4c44-bfa1-c121155fed71@group-4F5DBE37230C-StateMachineUpdater: set stopIndex = -1
2019-10-09 12:08:30,459 [ForkJoinPool.commonPool-worker-0] INFO  impl.RaftServerImpl (ServerState.java:close(385)) - 4156fbb3-cbac-4c44-bfa1-c121155fed71@group-4F5DBE37230C: closes. applyIndex: -1
2019-10-09 12:08:30,459 [4156fbb3-cbac-4c44-bfa1-c121155fed71@group-4F5DBE37230C-SegmentedRaftLogWorker] INFO  segmented.SegmentedRaftLogWorker (SegmentedRaftLogWorker.java:run(313)) - 4156fbb3-cbac-4c44-bfa1-c121155fed71@group-4F5DBE37230C-SegmentedRaftLogWorker was interrupted, exiting. There are 0 tasks remaining in the queue.
2019-10-09 12:08:30,459 [ForkJoinPool.commonPool-worker-0] INFO  segmented.SegmentedRaftLogWorker (SegmentedRaftLogWorker.java:close(228)) - 4156fbb3-cbac-4c44-bfa1-c121155fed71@group-4F5DBE37230C-SegmentedRaftLogWorker close()
2019-10-09 12:08:30,462 [ForkJoinPool.commonPool-worker-0] INFO  server.GrpcService (GrpcService.java:closeImpl(164)) - 4156fbb3-cbac-4c44-bfa1-c121155fed71: shutdown server with port 46354 now
2019-10-09 12:08:30,468 [ForkJoinPool.commonPool-worker-0] INFO  server.GrpcService (GrpcService.java:closeImpl(172)) - 4156fbb3-cbac-4c44-bfa1-c121155fed71: shutdown server with port 46354 successfully
2019-10-09 12:08:30,470 [4156fbb3-cbac-4c44-bfa1-c121155fed71@group-4F5DBE37230C:LeaderElection18] INFO  impl.LeaderElection (LogUtils.java:infoOrTrace(149)) - 4156fbb3-cbac-4c44-bfa1-c121155fed71@group-4F5DBE37230C:LeaderElection18 got exception when requesting votes: {}
java.util.concurrent.ExecutionException: org.apache.ratis.thirdparty.io.grpc.StatusRuntimeException: UNAVAILABLE: Channel shutdownNow invoked
	at java.util.concurrent.FutureTask.report(FutureTask.java:122)
	at java.util.concurrent.FutureTask.get(FutureTask.java:192)
	at org.apache.ratis.server.impl.LeaderElection.waitForResults(LeaderElection.java:263)
	at org.apache.ratis.server.impl.LeaderElection.askForVotes(LeaderElection.java:201)
	at org.apache.ratis.server.impl.LeaderElection.run(LeaderElection.java:133)
	at java.lang.Thread.run(Thread.java:748)
Caused by: org.apache.ratis.thirdparty.io.grpc.StatusRuntimeException: UNAVAILABLE: Channel shutdownNow invoked
	at org.apache.ratis.thirdparty.io.grpc.stub.ClientCalls.toStatusRuntimeException(ClientCalls.java:233)
	at org.apache.ratis.thirdparty.io.grpc.stub.ClientCalls.getUnchecked(ClientCalls.java:214)
	at org.apache.ratis.thirdparty.io.grpc.stub.ClientCalls.blockingUnaryCall(ClientCalls.java:139)
	at org.apache.ratis.proto.grpc.RaftServerProtocolServiceGrpc$RaftServerProtocolServiceBlockingStub.requestVote(RaftServerProtocolServiceGrpc.java:265)
	at org.apache.ratis.grpc.server.GrpcServerProtocolClient.requestVote(GrpcServerProtocolClient.java:90)
	at org.apache.ratis.grpc.server.GrpcService.requestVote(GrpcService.java:204)
	at org.apache.ratis.server.impl.LeaderElection.lambda$submitRequests$1(LeaderElection.java:238)
	at java.util.concurrent.FutureTask.run(FutureTask.java:266)
	at java.util.concurrent.Executors$RunnableAdapter.call(Executors.java:511)
	at java.util.concurrent.FutureTask.run(FutureTask.java:266)
	at java.util.concurrent.ThreadPoolExecutor.runWorker(ThreadPoolExecutor.java:1149)
	at java.util.concurrent.ThreadPoolExecutor$Worker.run(ThreadPoolExecutor.java:624)
	... 1 more
2019-10-09 12:08:30,474 [4156fbb3-cbac-4c44-bfa1-c121155fed71@group-4F5DBE37230C:LeaderElection18] INFO  impl.LeaderElection (LeaderElection.java:logAndReturn(56)) - 4156fbb3-cbac-4c44-bfa1-c121155fed71@group-4F5DBE37230C:LeaderElection18: Election REJECTED; received 0 response(s) [] and 1 exception(s); 4156fbb3-cbac-4c44-bfa1-c121155fed71@group-4F5DBE37230C:t1, leader=null, voted=4156fbb3-cbac-4c44-bfa1-c121155fed71, raftlog=4156fbb3-cbac-4c44-bfa1-c121155fed71@group-4F5DBE37230C-SegmentedRaftLog:CLOSED:c-1, conf=-1: [083f0f6f-e3ab-4218-b307-7e49522e08b2:192.168.30.33:35159, 904bc9b5-d69b-4b19-b06e-e9a0d3942596:192.168.30.33:40408, 4156fbb3-cbac-4c44-bfa1-c121155fed71:192.168.30.33:46354], old=null
2019-10-09 12:08:30,475 [4156fbb3-cbac-4c44-bfa1-c121155fed71@group-4F5DBE37230C:LeaderElection18] INFO  impl.LeaderElection (LogUtils.java:infoOrTrace(149)) -   Exception 0: {}
java.util.concurrent.ExecutionException: org.apache.ratis.thirdparty.io.grpc.StatusRuntimeException: UNAVAILABLE: Channel shutdownNow invoked
	at java.util.concurrent.FutureTask.report(FutureTask.java:122)
	at java.util.concurrent.FutureTask.get(FutureTask.java:192)
	at org.apache.ratis.server.impl.LeaderElection.waitForResults(LeaderElection.java:263)
	at org.apache.ratis.server.impl.LeaderElection.askForVotes(LeaderElection.java:201)
	at org.apache.ratis.server.impl.LeaderElection.run(LeaderElection.java:133)
	at java.lang.Thread.run(Thread.java:748)
Caused by: org.apache.ratis.thirdparty.io.grpc.StatusRuntimeException: UNAVAILABLE: Channel shutdownNow invoked
	at org.apache.ratis.thirdparty.io.grpc.stub.ClientCalls.toStatusRuntimeException(ClientCalls.java:233)
	at org.apache.ratis.thirdparty.io.grpc.stub.ClientCalls.getUnchecked(ClientCalls.java:214)
	at org.apache.ratis.thirdparty.io.grpc.stub.ClientCalls.blockingUnaryCall(ClientCalls.java:139)
	at org.apache.ratis.proto.grpc.RaftServerProtocolServiceGrpc$RaftServerProtocolServiceBlockingStub.requestVote(RaftServerProtocolServiceGrpc.java:265)
	at org.apache.ratis.grpc.server.GrpcServerProtocolClient.requestVote(GrpcServerProtocolClient.java:90)
	at org.apache.ratis.grpc.server.GrpcService.requestVote(GrpcService.java:204)
	at org.apache.ratis.server.impl.LeaderElection.lambda$submitRequests$1(LeaderElection.java:238)
	at java.util.concurrent.FutureTask.run(FutureTask.java:266)
	at java.util.concurrent.Executors$RunnableAdapter.call(Executors.java:511)
	at java.util.concurrent.FutureTask.run(FutureTask.java:266)
	at java.util.concurrent.ThreadPoolExecutor.runWorker(ThreadPoolExecutor.java:1149)
	at java.util.concurrent.ThreadPoolExecutor$Worker.run(ThreadPoolExecutor.java:624)
	... 1 more
2019-10-09 12:08:30,475 [refreshUsed-/workdir/hadoop-ozone/integration-test/target/test-dir/MiniOzoneClusterImpl-450c765a-95e2-4b37-9693-6050d581d1fe/datanode-0/data/containers] WARN  fs.CachingGetSpaceUsed (CachingGetSpaceUsed.java:run(183)) - Thread Interrupted waiting to refresh disk information: sleep interrupted
2019-10-09 12:08:30,478 [refreshUsed-/workdir/hadoop-ozone/integration-test/target/test-dir/MiniOzoneClusterImpl-450c765a-95e2-4b37-9693-6050d581d1fe/datanode-1/data/containers] WARN  fs.CachingGetSpaceUsed (CachingGetSpaceUsed.java:run(183)) - Thread Interrupted waiting to refresh disk information: sleep interrupted
2019-10-09 12:08:30,496 [ForkJoinPool.commonPool-worker-0] INFO  utils.BackgroundService (BackgroundService.java:shutdown(148)) - Shutting down service BlockDeletingService
2019-10-09 12:08:30,499 [ForkJoinPool.commonPool-worker-0] INFO  statemachine.DatanodeStateMachine (DatanodeStateMachine.java:stopDaemon(401)) - Ozone container server stopped.
2019-10-09 12:08:30,499 [Thread-831] INFO  impl.FollowerState (FollowerState.java:run(106)) - 083f0f6f-e3ab-4218-b307-7e49522e08b2:group-1599DA2459C0 changes to CANDIDATE, lastRpcTime:5051, electionTimeout:5051ms
2019-10-09 12:08:30,501 [Thread-831] INFO  impl.RoleInfo (RoleInfo.java:shutdownFollowerState(121)) - 083f0f6f-e3ab-4218-b307-7e49522e08b2: shutdown FollowerState
2019-10-09 12:08:30,502 [Thread-831] INFO  impl.RaftServerImpl (RaftServerImpl.java:setRole(174)) - 083f0f6f-e3ab-4218-b307-7e49522e08b2@group-1599DA2459C0: changes role from  FOLLOWER to CANDIDATE at term 0 for changeToCandidate
2019-10-09 12:08:30,502 [Thread-831] INFO  impl.RoleInfo (RoleInfo.java:updateAndGet(143)) - 083f0f6f-e3ab-4218-b307-7e49522e08b2: start LeaderElection
2019-10-09 12:08:30,503 [ForkJoinPool.commonPool-worker-0] INFO  handler.ContextHandler (ContextHandler.java:doStop(910)) - Stopped o.e.j.w.WebAppContext@6ba060f3{/,null,UNAVAILABLE}{/hddsDatanode}
2019-10-09 12:08:30,503 [main] INFO  utils.BackgroundService (BackgroundService.java:shutdown(148)) - Shutting down service BlockDeletingService
2019-10-09 12:08:30,507 [Thread-833] INFO  impl.FollowerState (FollowerState.java:run(106)) - 083f0f6f-e3ab-4218-b307-7e49522e08b2:group-4F5DBE37230C changes to CANDIDATE, lastRpcTime:5026, electionTimeout:5025ms
2019-10-09 12:08:30,507 [ForkJoinPool.commonPool-worker-0] INFO  server.AbstractConnector (AbstractConnector.java:doStop(318)) - Stopped ServerConnector@7c51782d{HTTP/1.1,[http/1.1]}{0.0.0.0:0}
2019-10-09 12:08:30,507 [Thread-833] INFO  impl.RoleInfo (RoleInfo.java:shutdownFollowerState(121)) - 083f0f6f-e3ab-4218-b307-7e49522e08b2: shutdown FollowerState
2019-10-09 12:08:30,508 [main] INFO  statemachine.DatanodeStateMachine (DatanodeStateMachine.java:stopDaemon(401)) - Ozone container server stopped.
2019-10-09 12:08:30,509 [Thread-833] INFO  impl.RaftServerImpl (RaftServerImpl.java:setRole(174)) - 083f0f6f-e3ab-4218-b307-7e49522e08b2@group-4F5DBE37230C: changes role from  FOLLOWER to CANDIDATE at term 0 for changeToCandidate
2019-10-09 12:08:30,509 [ForkJoinPool.commonPool-worker-0] INFO  handler.ContextHandler (ContextHandler.java:doStop(910)) - Stopped o.e.j.s.ServletContextHandler@3c8a7e38{/static,jar:file:/home/user/.m2/repository/org/apache/hadoop/hadoop-hdds-container-service/0.5.0-SNAPSHOT/hadoop-hdds-container-service-0.5.0-SNAPSHOT.jar!/webapps/static,UNAVAILABLE}
2019-10-09 12:08:30,509 [Thread-833] INFO  impl.RoleInfo (RoleInfo.java:updateAndGet(143)) - 083f0f6f-e3ab-4218-b307-7e49522e08b2: start LeaderElection
2019-10-09 12:08:30,510 [ForkJoinPool.commonPool-worker-0] INFO  handler.ContextHandler (ContextHandler.java:doStop(910)) - Stopped o.e.j.s.ServletContextHandler@28757abd{/logs,file:///workdir/hadoop-ozone/integration-test/target/log,UNAVAILABLE}
2019-10-09 12:08:30,514 [main] INFO  handler.ContextHandler (ContextHandler.java:doStop(910)) - Stopped o.e.j.w.WebAppContext@1192b58e{/,null,UNAVAILABLE}{/hddsDatanode}
2019-10-09 12:08:30,515 [main] INFO  server.AbstractConnector (AbstractConnector.java:doStop(318)) - Stopped ServerConnector@4f8d86e4{HTTP/1.1,[http/1.1]}{0.0.0.0:0}
2019-10-09 12:08:30,516 [main] INFO  handler.ContextHandler (ContextHandler.java:doStop(910)) - Stopped o.e.j.s.ServletContextHandler@2fd954f{/static,jar:file:/home/user/.m2/repository/org/apache/hadoop/hadoop-hdds-container-service/0.5.0-SNAPSHOT/hadoop-hdds-container-service-0.5.0-SNAPSHOT.jar!/webapps/static,UNAVAILABLE}
2019-10-09 12:08:30,516 [main] INFO  handler.ContextHandler (ContextHandler.java:doStop(910)) - Stopped o.e.j.s.ServletContextHandler@4e642ee1{/logs,file:///workdir/hadoop-ozone/integration-test/target/log,UNAVAILABLE}
2019-10-09 12:08:30,522 [083f0f6f-e3ab-4218-b307-7e49522e08b2@group-1599DA2459C0:LeaderElection19] INFO  impl.LeaderElection (LeaderElection.java:askForVotes(182)) - 083f0f6f-e3ab-4218-b307-7e49522e08b2@group-1599DA2459C0:LeaderElection19: begin an election at term 1 for -1: [083f0f6f-e3ab-4218-b307-7e49522e08b2:192.168.30.33:35159], old=null
2019-10-09 12:08:30,522 [083f0f6f-e3ab-4218-b307-7e49522e08b2@group-4F5DBE37230C:LeaderElection20] INFO  impl.LeaderElection (LeaderElection.java:askForVotes(182)) - 083f0f6f-e3ab-4218-b307-7e49522e08b2@group-4F5DBE37230C:LeaderElection20: begin an election at term 1 for -1: [083f0f6f-e3ab-4218-b307-7e49522e08b2:192.168.30.33:35159, 904bc9b5-d69b-4b19-b06e-e9a0d3942596:192.168.30.33:40408, 4156fbb3-cbac-4c44-bfa1-c121155fed71:192.168.30.33:46354], old=null
2019-10-09 12:08:30,522 [083f0f6f-e3ab-4218-b307-7e49522e08b2@group-1599DA2459C0:LeaderElection19] INFO  impl.RoleInfo (RoleInfo.java:shutdownLeaderElection(134)) - 083f0f6f-e3ab-4218-b307-7e49522e08b2: shutdown LeaderElection
2019-10-09 12:08:30,522 [083f0f6f-e3ab-4218-b307-7e49522e08b2@group-1599DA2459C0:LeaderElection19] INFO  impl.RaftServerImpl (RaftServerImpl.java:setRole(174)) - 083f0f6f-e3ab-4218-b307-7e49522e08b2@group-1599DA2459C0: changes role from CANDIDATE to LEADER at term 1 for changeToLeader
2019-10-09 12:08:30,522 [083f0f6f-e3ab-4218-b307-7e49522e08b2@group-1599DA2459C0:LeaderElection19] INFO  impl.RaftServerImpl (ServerState.java:setLeader(253)) - 083f0f6f-e3ab-4218-b307-7e49522e08b2@group-1599DA2459C0: change Leader from null to 083f0f6f-e3ab-4218-b307-7e49522e08b2 at term 1 for becomeLeader, leader elected after 5081ms
2019-10-09 12:08:30,522 [083f0f6f-e3ab-4218-b307-7e49522e08b2@group-1599DA2459C0:LeaderElection19] INFO  server.RaftServerConfigKeys (ConfUtils.java:logGet(43)) - raft.server.staging.catchup.gap = 1000 (default)
2019-10-09 12:08:30,522 [083f0f6f-e3ab-4218-b307-7e49522e08b2@group-1599DA2459C0:LeaderElection19] INFO  server.RaftServerConfigKeys (ConfUtils.java:logGet(43)) - raft.server.rpc.sleep.time = 25ms (default)
2019-10-09 12:08:30,522 [083f0f6f-e3ab-4218-b307-7e49522e08b2@group-1599DA2459C0:LeaderElection19] INFO  server.RaftServerConfigKeys (ConfUtils.java:logGet(43)) - raft.server.write.element-limit = 4096 (default)
2019-10-09 12:08:30,523 [083f0f6f-e3ab-4218-b307-7e49522e08b2@group-1599DA2459C0:LeaderElection19] INFO  server.RaftServerConfigKeys (ConfUtils.java:logGet(43)) - raft.server.watch.timeout = 10s (default)
2019-10-09 12:08:30,523 [083f0f6f-e3ab-4218-b307-7e49522e08b2@group-1599DA2459C0:LeaderElection19] INFO  server.RaftServerConfigKeys (ConfUtils.java:logGet(43)) - raft.server.watch.timeout.denomination = 1s (default)
2019-10-09 12:08:30,523 [083f0f6f-e3ab-4218-b307-7e49522e08b2@group-1599DA2459C0:LeaderElection19] INFO  server.RaftServerConfigKeys (ConfUtils.java:logGet(43)) - raft.server.watch.element-limit = 65536 (default)
2019-10-09 12:08:30,527 [083f0f6f-e3ab-4218-b307-7e49522e08b2@group-4F5DBE37230C:LeaderElection20] INFO  impl.LeaderElection (LogUtils.java:infoOrTrace(149)) - 083f0f6f-e3ab-4218-b307-7e49522e08b2@group-4F5DBE37230C:LeaderElection20 got exception when requesting votes: {}
java.util.concurrent.ExecutionException: org.apache.ratis.thirdparty.io.grpc.StatusRuntimeException: UNAVAILABLE: io exception
	at java.util.concurrent.FutureTask.report(FutureTask.java:122)
	at java.util.concurrent.FutureTask.get(FutureTask.java:192)
	at org.apache.ratis.server.impl.LeaderElection.waitForResults(LeaderElection.java:263)
	at org.apache.ratis.server.impl.LeaderElection.askForVotes(LeaderElection.java:201)
	at org.apache.ratis.server.impl.LeaderElection.run(LeaderElection.java:133)
	at java.lang.Thread.run(Thread.java:748)
Caused by: org.apache.ratis.thirdparty.io.grpc.StatusRuntimeException: UNAVAILABLE: io exception
	at org.apache.ratis.thirdparty.io.grpc.stub.ClientCalls.toStatusRuntimeException(ClientCalls.java:233)
	at org.apache.ratis.thirdparty.io.grpc.stub.ClientCalls.getUnchecked(ClientCalls.java:214)
	at org.apache.ratis.thirdparty.io.grpc.stub.ClientCalls.blockingUnaryCall(ClientCalls.java:139)
	at org.apache.ratis.proto.grpc.RaftServerProtocolServiceGrpc$RaftServerProtocolServiceBlockingStub.requestVote(RaftServerProtocolServiceGrpc.java:265)
	at org.apache.ratis.grpc.server.GrpcServerProtocolClient.requestVote(GrpcServerProtocolClient.java:90)
	at org.apache.ratis.grpc.server.GrpcService.requestVote(GrpcService.java:204)
	at org.apache.ratis.server.impl.LeaderElection.lambda$submitRequests$1(LeaderElection.java:238)
	at java.util.concurrent.FutureTask.run(FutureTask.java:266)
	at java.util.concurrent.Executors$RunnableAdapter.call(Executors.java:511)
	at java.util.concurrent.FutureTask.run(FutureTask.java:266)
	at java.util.concurrent.ThreadPoolExecutor.runWorker(ThreadPoolExecutor.java:1149)
	at java.util.concurrent.ThreadPoolExecutor$Worker.run(ThreadPoolExecutor.java:624)
	... 1 more
Caused by: org.apache.ratis.thirdparty.io.netty.channel.AbstractChannel$AnnotatedConnectException: Connection refused: /192.168.30.33:40408
	at sun.nio.ch.SocketChannelImpl.checkConnect(Native Method)
	at sun.nio.ch.SocketChannelImpl.finishConnect(SocketChannelImpl.java:717)
	at org.apache.ratis.thirdparty.io.netty.channel.socket.nio.NioSocketChannel.doFinishConnect(NioSocketChannel.java:327)
	at org.apache.ratis.thirdparty.io.netty.channel.nio.AbstractNioChannel$AbstractNioUnsafe.finishConnect(AbstractNioChannel.java:340)
	at org.apache.ratis.thirdparty.io.netty.channel.nio.NioEventLoop.processSelectedKey(NioEventLoop.java:632)
	at org.apache.ratis.thirdparty.io.netty.channel.nio.NioEventLoop.processSelectedKeysOptimized(NioEventLoop.java:579)
	at org.apache.ratis.thirdparty.io.netty.channel.nio.NioEventLoop.processSelectedKeys(NioEventLoop.java:496)
	at org.apache.ratis.thirdparty.io.netty.channel.nio.NioEventLoop.run(NioEventLoop.java:458)
	at org.apache.ratis.thirdparty.io.netty.util.concurrent.SingleThreadEventExecutor$5.run(SingleThreadEventExecutor.java:897)
	at org.apache.ratis.thirdparty.io.netty.util.concurrent.FastThreadLocalRunnable.run(FastThreadLocalRunnable.java:30)
	... 1 more
Caused by: java.net.ConnectException: Connection refused
	... 11 more
2019-10-09 12:08:30,528 [083f0f6f-e3ab-4218-b307-7e49522e08b2@group-1599DA2459C0:LeaderElection19] INFO  impl.RoleInfo (RoleInfo.java:updateAndGet(143)) - 083f0f6f-e3ab-4218-b307-7e49522e08b2: start LeaderState
2019-10-09 12:08:30,528 [083f0f6f-e3ab-4218-b307-7e49522e08b2@group-4F5DBE37230C:LeaderElection20] INFO  impl.LeaderElection (LogUtils.java:infoOrTrace(149)) - 083f0f6f-e3ab-4218-b307-7e49522e08b2@group-4F5DBE37230C:LeaderElection20 got exception when requesting votes: {}
java.util.concurrent.ExecutionException: org.apache.ratis.thirdparty.io.grpc.StatusRuntimeException: UNAVAILABLE: io exception
	at java.util.concurrent.FutureTask.report(FutureTask.java:122)
	at java.util.concurrent.FutureTask.get(FutureTask.java:192)
	at org.apache.ratis.server.impl.LeaderElection.waitForResults(LeaderElection.java:263)
	at org.apache.ratis.server.impl.LeaderElection.askForVotes(LeaderElection.java:201)
	at org.apache.ratis.server.impl.LeaderElection.run(LeaderElection.java:133)
	at java.lang.Thread.run(Thread.java:748)
Caused by: org.apache.ratis.thirdparty.io.grpc.StatusRuntimeException: UNAVAILABLE: io exception
	at org.apache.ratis.thirdparty.io.grpc.stub.ClientCalls.toStatusRuntimeException(ClientCalls.java:233)
	at org.apache.ratis.thirdparty.io.grpc.stub.ClientCalls.getUnchecked(ClientCalls.java:214)
	at org.apache.ratis.thirdparty.io.grpc.stub.ClientCalls.blockingUnaryCall(ClientCalls.java:139)
	at org.apache.ratis.proto.grpc.RaftServerProtocolServiceGrpc$RaftServerProtocolServiceBlockingStub.requestVote(RaftServerProtocolServiceGrpc.java:265)
	at org.apache.ratis.grpc.server.GrpcServerProtocolClient.requestVote(GrpcServerProtocolClient.java:90)
	at org.apache.ratis.grpc.server.GrpcService.requestVote(GrpcService.java:204)
	at org.apache.ratis.server.impl.LeaderElection.lambda$submitRequests$1(LeaderElection.java:238)
	at java.util.concurrent.FutureTask.run(FutureTask.java:266)
	at java.util.concurrent.Executors$RunnableAdapter.call(Executors.java:511)
	at java.util.concurrent.FutureTask.run(FutureTask.java:266)
	at java.util.concurrent.ThreadPoolExecutor.runWorker(ThreadPoolExecutor.java:1149)
	at java.util.concurrent.ThreadPoolExecutor$Worker.run(ThreadPoolExecutor.java:624)
	... 1 more
Caused by: org.apache.ratis.thirdparty.io.netty.channel.AbstractChannel$AnnotatedConnectException: Connection refused: /192.168.30.33:46354
	at sun.nio.ch.SocketChannelImpl.checkConnect(Native Method)
	at sun.nio.ch.SocketChannelImpl.finishConnect(SocketChannelImpl.java:717)
	at org.apache.ratis.thirdparty.io.netty.channel.socket.nio.NioSocketChannel.doFinishConnect(NioSocketChannel.java:327)
	at org.apache.ratis.thirdparty.io.netty.channel.nio.AbstractNioChannel$AbstractNioUnsafe.finishConnect(AbstractNioChannel.java:340)
	at org.apache.ratis.thirdparty.io.netty.channel.nio.NioEventLoop.processSelectedKey(NioEventLoop.java:632)
	at org.apache.ratis.thirdparty.io.netty.channel.nio.NioEventLoop.processSelectedKeysOptimized(NioEventLoop.java:579)
	at org.apache.ratis.thirdparty.io.netty.channel.nio.NioEventLoop.processSelectedKeys(NioEventLoop.java:496)
	at org.apache.ratis.thirdparty.io.netty.channel.nio.NioEventLoop.run(NioEventLoop.java:458)
	at org.apache.ratis.thirdparty.io.netty.util.concurrent.SingleThreadEventExecutor$5.run(SingleThreadEventExecutor.java:897)
	at org.apache.ratis.thirdparty.io.netty.util.concurrent.FastThreadLocalRunnable.run(FastThreadLocalRunnable.java:30)
	... 1 more
Caused by: java.net.ConnectException: Connection refused
	... 11 more
2019-10-09 12:08:30,528 [083f0f6f-e3ab-4218-b307-7e49522e08b2@group-1599DA2459C0:LeaderElection19] INFO  segmented.SegmentedRaftLogWorker (SegmentedRaftLogWorker.java:startLogSegment(380)) - 083f0f6f-e3ab-4218-b307-7e49522e08b2@group-1599DA2459C0-SegmentedRaftLogWorker: Starting segment from index:0
2019-10-09 12:08:30,529 [083f0f6f-e3ab-4218-b307-7e49522e08b2@group-4F5DBE37230C:LeaderElection20] INFO  impl.LeaderElection (LeaderElection.java:logAndReturn(56)) - 083f0f6f-e3ab-4218-b307-7e49522e08b2@group-4F5DBE37230C:LeaderElection20: Election REJECTED; received 0 response(s) [] and 2 exception(s); 083f0f6f-e3ab-4218-b307-7e49522e08b2@group-4F5DBE37230C:t1, leader=null, voted=083f0f6f-e3ab-4218-b307-7e49522e08b2, raftlog=083f0f6f-e3ab-4218-b307-7e49522e08b2@group-4F5DBE37230C-SegmentedRaftLog:OPENED:c-1,f-1,i0, conf=-1: [083f0f6f-e3ab-4218-b307-7e49522e08b2:192.168.30.33:35159, 904bc9b5-d69b-4b19-b06e-e9a0d3942596:192.168.30.33:40408, 4156fbb3-cbac-4c44-bfa1-c121155fed71:192.168.30.33:46354], old=null
2019-10-09 12:08:30,530 [083f0f6f-e3ab-4218-b307-7e49522e08b2@group-4F5DBE37230C:LeaderElection20] INFO  impl.LeaderElection (LogUtils.java:infoOrTrace(149)) -   Exception 0: {}
java.util.concurrent.ExecutionException: org.apache.ratis.thirdparty.io.grpc.StatusRuntimeException: UNAVAILABLE: io exception
	at java.util.concurrent.FutureTask.report(FutureTask.java:122)
	at java.util.concurrent.FutureTask.get(FutureTask.java:192)
	at org.apache.ratis.server.impl.LeaderElection.waitForResults(LeaderElection.java:263)
	at org.apache.ratis.server.impl.LeaderElection.askForVotes(LeaderElection.java:201)
	at org.apache.ratis.server.impl.LeaderElection.run(LeaderElection.java:133)
	at java.lang.Thread.run(Thread.java:748)
Caused by: org.apache.ratis.thirdparty.io.grpc.StatusRuntimeException: UNAVAILABLE: io exception
	at org.apache.ratis.thirdparty.io.grpc.stub.ClientCalls.toStatusRuntimeException(ClientCalls.java:233)
	at org.apache.ratis.thirdparty.io.grpc.stub.ClientCalls.getUnchecked(ClientCalls.java:214)
	at org.apache.ratis.thirdparty.io.grpc.stub.ClientCalls.blockingUnaryCall(ClientCalls.java:139)
	at org.apache.ratis.proto.grpc.RaftServerProtocolServiceGrpc$RaftServerProtocolServiceBlockingStub.requestVote(RaftServerProtocolServiceGrpc.java:265)
	at org.apache.ratis.grpc.server.GrpcServerProtocolClient.requestVote(GrpcServerProtocolClient.java:90)
	at org.apache.ratis.grpc.server.GrpcService.requestVote(GrpcService.java:204)
	at org.apache.ratis.server.impl.LeaderElection.lambda$submitRequests$1(LeaderElection.java:238)
	at java.util.concurrent.FutureTask.run(FutureTask.java:266)
	at java.util.concurrent.Executors$RunnableAdapter.call(Executors.java:511)
	at java.util.concurrent.FutureTask.run(FutureTask.java:266)
	at java.util.concurrent.ThreadPoolExecutor.runWorker(ThreadPoolExecutor.java:1149)
	at java.util.concurrent.ThreadPoolExecutor$Worker.run(ThreadPoolExecutor.java:624)
	... 1 more
Caused by: org.apache.ratis.thirdparty.io.netty.channel.AbstractChannel$AnnotatedConnectException: Connection refused: /192.168.30.33:40408
	at sun.nio.ch.SocketChannelImpl.checkConnect(Native Method)
	at sun.nio.ch.SocketChannelImpl.finishConnect(SocketChannelImpl.java:717)
	at org.apache.ratis.thirdparty.io.netty.channel.socket.nio.NioSocketChannel.doFinishConnect(NioSocketChannel.java:327)
	at org.apache.ratis.thirdparty.io.netty.channel.nio.AbstractNioChannel$AbstractNioUnsafe.finishConnect(AbstractNioChannel.java:340)
	at org.apache.ratis.thirdparty.io.netty.channel.nio.NioEventLoop.processSelectedKey(NioEventLoop.java:632)
	at org.apache.ratis.thirdparty.io.netty.channel.nio.NioEventLoop.processSelectedKeysOptimized(NioEventLoop.java:579)
	at org.apache.ratis.thirdparty.io.netty.channel.nio.NioEventLoop.processSelectedKeys(NioEventLoop.java:496)
	at org.apache.ratis.thirdparty.io.netty.channel.nio.NioEventLoop.run(NioEventLoop.java:458)
	at org.apache.ratis.thirdparty.io.netty.util.concurrent.SingleThreadEventExecutor$5.run(SingleThreadEventExecutor.java:897)
	at org.apache.ratis.thirdparty.io.netty.util.concurrent.FastThreadLocalRunnable.run(FastThreadLocalRunnable.java:30)
	... 1 more
Caused by: java.net.ConnectException: Connection refused
	... 11 more
2019-10-09 12:08:30,530 [083f0f6f-e3ab-4218-b307-7e49522e08b2@group-1599DA2459C0:LeaderElection19] INFO  impl.RaftServerImpl (ServerState.java:setRaftConf(354)) - 083f0f6f-e3ab-4218-b307-7e49522e08b2@group-1599DA2459C0: set configuration 0: [083f0f6f-e3ab-4218-b307-7e49522e08b2:192.168.30.33:35159], old=null at 0
2019-10-09 12:08:30,530 [083f0f6f-e3ab-4218-b307-7e49522e08b2@group-4F5DBE37230C:LeaderElection20] INFO  impl.LeaderElection (LogUtils.java:infoOrTrace(149)) -   Exception 1: {}
java.util.concurrent.ExecutionException: org.apache.ratis.thirdparty.io.grpc.StatusRuntimeException: UNAVAILABLE: io exception
	at java.util.concurrent.FutureTask.report(FutureTask.java:122)
	at java.util.concurrent.FutureTask.get(FutureTask.java:192)
	at org.apache.ratis.server.impl.LeaderElection.waitForResults(LeaderElection.java:263)
	at org.apache.ratis.server.impl.LeaderElection.askForVotes(LeaderElection.java:201)
	at org.apache.ratis.server.impl.LeaderElection.run(LeaderElection.java:133)
	at java.lang.Thread.run(Thread.java:748)
Caused by: org.apache.ratis.thirdparty.io.grpc.StatusRuntimeException: UNAVAILABLE: io exception
	at org.apache.ratis.thirdparty.io.grpc.stub.ClientCalls.toStatusRuntimeException(ClientCalls.java:233)
	at org.apache.ratis.thirdparty.io.grpc.stub.ClientCalls.getUnchecked(ClientCalls.java:214)
	at org.apache.ratis.thirdparty.io.grpc.stub.ClientCalls.blockingUnaryCall(ClientCalls.java:139)
	at org.apache.ratis.proto.grpc.RaftServerProtocolServiceGrpc$RaftServerProtocolServiceBlockingStub.requestVote(RaftServerProtocolServiceGrpc.java:265)
	at org.apache.ratis.grpc.server.GrpcServerProtocolClient.requestVote(GrpcServerProtocolClient.java:90)
	at org.apache.ratis.grpc.server.GrpcService.requestVote(GrpcService.java:204)
	at org.apache.ratis.server.impl.LeaderElection.lambda$submitRequests$1(LeaderElection.java:238)
	at java.util.concurrent.FutureTask.run(FutureTask.java:266)
	at java.util.concurrent.Executors$RunnableAdapter.call(Executors.java:511)
	at java.util.concurrent.FutureTask.run(FutureTask.java:266)
	at java.util.concurrent.ThreadPoolExecutor.runWorker(ThreadPoolExecutor.java:1149)
	at java.util.concurrent.ThreadPoolExecutor$Worker.run(ThreadPoolExecutor.java:624)
	... 1 more
Caused by: org.apache.ratis.thirdparty.io.netty.channel.AbstractChannel$AnnotatedConnectException: Connection refused: /192.168.30.33:46354
	at sun.nio.ch.SocketChannelImpl.checkConnect(Native Method)
	at sun.nio.ch.SocketChannelImpl.finishConnect(SocketChannelImpl.java:717)
	at org.apache.ratis.thirdparty.io.netty.channel.socket.nio.NioSocketChannel.doFinishConnect(NioSocketChannel.java:327)
	at org.apache.ratis.thirdparty.io.netty.channel.nio.AbstractNioChannel$AbstractNioUnsafe.finishConnect(AbstractNioChannel.java:340)
	at org.apache.ratis.thirdparty.io.netty.channel.nio.NioEventLoop.processSelectedKey(NioEventLoop.java:632)
	at org.apache.ratis.thirdparty.io.netty.channel.nio.NioEventLoop.processSelectedKeysOptimized(NioEventLoop.java:579)
	at org.apache.ratis.thirdparty.io.netty.channel.nio.NioEventLoop.processSelectedKeys(NioEventLoop.java:496)
	at org.apache.ratis.thirdparty.io.netty.channel.nio.NioEventLoop.run(NioEventLoop.java:458)
	at org.apache.ratis.thirdparty.io.netty.util.concurrent.SingleThreadEventExecutor$5.run(SingleThreadEventExecutor.java:897)
	at org.apache.ratis.thirdparty.io.netty.util.concurrent.FastThreadLocalRunnable.run(FastThreadLocalRunnable.java:30)
	... 1 more
Caused by: java.net.ConnectException: Connection refused
	... 11 more
2019-10-09 12:08:30,559 [083f0f6f-e3ab-4218-b307-7e49522e08b2@group-4F5DBE37230C:LeaderElection20] INFO  impl.RaftServerImpl (RaftServerImpl.java:setRole(174)) - 083f0f6f-e3ab-4218-b307-7e49522e08b2@group-4F5DBE37230C: changes role from CANDIDATE to FOLLOWER at term 1 for DISCOVERED_A_NEW_TERM
2019-10-09 12:08:30,559 [083f0f6f-e3ab-4218-b307-7e49522e08b2@group-4F5DBE37230C:LeaderElection20] INFO  impl.RoleInfo (RoleInfo.java:shutdownLeaderElection(134)) - 083f0f6f-e3ab-4218-b307-7e49522e08b2: shutdown LeaderElection
2019-10-09 12:08:30,559 [083f0f6f-e3ab-4218-b307-7e49522e08b2@group-4F5DBE37230C:LeaderElection20] INFO  impl.RoleInfo (RoleInfo.java:updateAndGet(143)) - 083f0f6f-e3ab-4218-b307-7e49522e08b2: start FollowerState
2019-10-09 12:08:30,571 [083f0f6f-e3ab-4218-b307-7e49522e08b2@group-1599DA2459C0-SegmentedRaftLogWorker] INFO  segmented.SegmentedRaftLogWorker (SegmentedRaftLogWorker.java:execute(569)) - 083f0f6f-e3ab-4218-b307-7e49522e08b2@group-1599DA2459C0-SegmentedRaftLogWorker: created new log segment /workdir/hadoop-ozone/integration-test/target/test-dir/MiniOzoneClusterImpl-450c765a-95e2-4b37-9693-6050d581d1fe/datanode-2/data/ratis/d6113ce4-0f38-4646-a732-1599da2459c0/current/log_inprogress_0
2019-10-09 12:08:31,482 [Datanode State Machine Thread - 0] INFO  statemachine.DatanodeStateMachine (DatanodeStateMachine.java:lambda$startDaemon$0(356)) - Ozone container server started.
2019-10-09 12:08:35,516 [ForkJoinPool.commonPool-worker-0] INFO  ozoneimpl.OzoneContainer (OzoneContainer.java:stop(231)) - Attempting to stop container services.
2019-10-09 12:08:35,516 [ForkJoinPool.commonPool-worker-0] INFO  impl.RaftServerProxy (RaftServerProxy.java:lambda$close$4(314)) - 083f0f6f-e3ab-4218-b307-7e49522e08b2: close
2019-10-09 12:08:35,517 [ForkJoinPool.commonPool-worker-0] INFO  impl.RaftServerImpl (RaftServerImpl.java:lambda$shutdown$3(251)) - 083f0f6f-e3ab-4218-b307-7e49522e08b2@group-1599DA2459C0: shutdown
2019-10-09 12:08:35,517 [ForkJoinPool.commonPool-worker-0] INFO  util.JmxRegister (JmxRegister.java:unregister(73)) - Successfully un-registered JMX Bean with object name Ratis:service=RaftServer,group=group-1599DA2459C0,id=083f0f6f-e3ab-4218-b307-7e49522e08b2
2019-10-09 12:08:35,517 [ForkJoinPool.commonPool-worker-0] INFO  impl.RoleInfo (RoleInfo.java:shutdownLeaderState(104)) - 083f0f6f-e3ab-4218-b307-7e49522e08b2: shutdown LeaderState
2019-10-09 12:08:35,518 [ForkJoinPool.commonPool-worker-0] INFO  impl.PendingRequests (PendingRequests.java:sendNotLeaderResponses(202)) - 083f0f6f-e3ab-4218-b307-7e49522e08b2-PendingRequests: sendNotLeaderResponses
2019-10-09 12:08:35,518 [ForkJoinPool.commonPool-worker-0] INFO  impl.StateMachineUpdater (StateMachineUpdater.java:stopAndJoin(125)) - 083f0f6f-e3ab-4218-b307-7e49522e08b2@group-1599DA2459C0-StateMachineUpdater: set stopIndex = 0
2019-10-09 12:08:35,519 [ForkJoinPool.commonPool-worker-0] INFO  impl.RaftServerImpl (ServerState.java:close(385)) - 083f0f6f-e3ab-4218-b307-7e49522e08b2@group-1599DA2459C0: closes. applyIndex: 0
2019-10-09 12:08:35,519 [083f0f6f-e3ab-4218-b307-7e49522e08b2@group-1599DA2459C0-SegmentedRaftLogWorker] INFO  segmented.SegmentedRaftLogWorker (SegmentedRaftLogWorker.java:run(313)) - 083f0f6f-e3ab-4218-b307-7e49522e08b2@group-1599DA2459C0-SegmentedRaftLogWorker was interrupted, exiting. There are 0 tasks remaining in the queue.
2019-10-09 12:08:35,521 [ForkJoinPool.commonPool-worker-0] INFO  segmented.SegmentedRaftLogWorker (SegmentedRaftLogWorker.java:close(228)) - 083f0f6f-e3ab-4218-b307-7e49522e08b2@group-1599DA2459C0-SegmentedRaftLogWorker close()
2019-10-09 12:08:35,523 [ForkJoinPool.commonPool-worker-0] INFO  impl.RaftServerImpl (RaftServerImpl.java:lambda$shutdown$3(251)) - 083f0f6f-e3ab-4218-b307-7e49522e08b2@group-4F5DBE37230C: shutdown
2019-10-09 12:08:35,523 [ForkJoinPool.commonPool-worker-0] INFO  util.JmxRegister (JmxRegister.java:unregister(73)) - Successfully un-registered JMX Bean with object name Ratis:service=RaftServer,group=group-4F5DBE37230C,id=083f0f6f-e3ab-4218-b307-7e49522e08b2
2019-10-09 12:08:35,524 [ForkJoinPool.commonPool-worker-0] INFO  impl.RoleInfo (RoleInfo.java:shutdownFollowerState(121)) - 083f0f6f-e3ab-4218-b307-7e49522e08b2: shutdown FollowerState
2019-10-09 12:08:35,524 [ForkJoinPool.commonPool-worker-0] INFO  impl.StateMachineUpdater (StateMachineUpdater.java:stopAndJoin(125)) - 083f0f6f-e3ab-4218-b307-7e49522e08b2@group-4F5DBE37230C-StateMachineUpdater: set stopIndex = -1
2019-10-09 12:08:35,524 [Thread-845] INFO  impl.FollowerState (FollowerState.java:run(115)) - 083f0f6f-e3ab-4218-b307-7e49522e08b2: FollowerState was interrupted: java.lang.InterruptedException: sleep interrupted
2019-10-09 12:08:35,525 [ForkJoinPool.commonPool-worker-0] INFO  impl.RaftServerImpl (ServerState.java:close(385)) - 083f0f6f-e3ab-4218-b307-7e49522e08b2@group-4F5DBE37230C: closes. applyIndex: -1
2019-10-09 12:08:35,526 [083f0f6f-e3ab-4218-b307-7e49522e08b2@group-4F5DBE37230C-SegmentedRaftLogWorker] INFO  segmented.SegmentedRaftLogWorker (SegmentedRaftLogWorker.java:run(313)) - 083f0f6f-e3ab-4218-b307-7e49522e08b2@group-4F5DBE37230C-SegmentedRaftLogWorker was interrupted, exiting. There are 0 tasks remaining in the queue.
2019-10-09 12:08:35,526 [ForkJoinPool.commonPool-worker-0] INFO  segmented.SegmentedRaftLogWorker (SegmentedRaftLogWorker.java:close(228)) - 083f0f6f-e3ab-4218-b307-7e49522e08b2@group-4F5DBE37230C-SegmentedRaftLogWorker close()
2019-10-09 12:08:35,528 [ForkJoinPool.commonPool-worker-0] INFO  server.GrpcService (GrpcService.java:closeImpl(164)) - 083f0f6f-e3ab-4218-b307-7e49522e08b2: shutdown server with port 35159 now
2019-10-09 12:08:35,535 [ForkJoinPool.commonPool-worker-0] INFO  server.GrpcService (GrpcService.java:closeImpl(172)) - 083f0f6f-e3ab-4218-b307-7e49522e08b2: shutdown server with port 35159 successfully
2019-10-09 12:08:35,540 [refreshUsed-/workdir/hadoop-ozone/integration-test/target/test-dir/MiniOzoneClusterImpl-450c765a-95e2-4b37-9693-6050d581d1fe/datanode-2/data/containers] WARN  fs.CachingGetSpaceUsed (CachingGetSpaceUsed.java:run(183)) - Thread Interrupted waiting to refresh disk information: sleep interrupted
2019-10-09 12:08:35,566 [ForkJoinPool.commonPool-worker-0] INFO  utils.BackgroundService (BackgroundService.java:shutdown(148)) - Shutting down service BlockDeletingService
2019-10-09 12:08:35,568 [ForkJoinPool.commonPool-worker-0] INFO  statemachine.DatanodeStateMachine (DatanodeStateMachine.java:stopDaemon(401)) - Ozone container server stopped.
2019-10-09 12:08:35,571 [ForkJoinPool.commonPool-worker-0] INFO  handler.ContextHandler (ContextHandler.java:doStop(910)) - Stopped o.e.j.w.WebAppContext@3382cf68{/,null,UNAVAILABLE}{/hddsDatanode}
2019-10-09 12:08:35,572 [ForkJoinPool.commonPool-worker-0] INFO  server.AbstractConnector (AbstractConnector.java:doStop(318)) - Stopped ServerConnector@2f74900b{HTTP/1.1,[http/1.1]}{0.0.0.0:0}
2019-10-09 12:08:35,573 [ForkJoinPool.commonPool-worker-0] INFO  handler.ContextHandler (ContextHandler.java:doStop(910)) - Stopped o.e.j.s.ServletContextHandler@4bcaa195{/static,jar:file:/home/user/.m2/repository/org/apache/hadoop/hadoop-hdds-container-service/0.5.0-SNAPSHOT/hadoop-hdds-container-service-0.5.0-SNAPSHOT.jar!/webapps/static,UNAVAILABLE}
2019-10-09 12:08:35,575 [ForkJoinPool.commonPool-worker-0] INFO  handler.ContextHandler (ContextHandler.java:doStop(910)) - Stopped o.e.j.s.ServletContextHandler@234cff57{/logs,file:///workdir/hadoop-ozone/integration-test/target/log,UNAVAILABLE}
2019-10-09 12:08:35,576 [main] INFO  ozone.MiniOzoneClusterImpl (MiniOzoneClusterImpl.java:stopSCM(397)) - Stopping the StorageContainerManager
2019-10-09 12:08:35,576 [main] INFO  server.StorageContainerManager (StorageContainerManager.java:stop(807)) - Stopping Replication Manager Service.
2019-10-09 12:08:35,576 [main] INFO  container.ReplicationManager (ReplicationManager.java:stop(204)) - Stopping Replication Monitor Thread.
2019-10-09 12:08:35,576 [main] INFO  server.StorageContainerManager (StorageContainerManager.java:stop(814)) - Stopping Lease Manager of the command watchers
2019-10-09 12:08:35,577 [main] INFO  server.StorageContainerManager (StorageContainerManager.java:stop(821)) - Stopping datanode service RPC server
2019-10-09 12:08:35,577 [main] INFO  server.SCMDatanodeProtocolServer (SCMDatanodeProtocolServer.java:stop(387)) - Stopping the RPC server for DataNodes
2019-10-09 12:08:35,577 [main] INFO  ipc.Server (Server.java:stop(3082)) - Stopping server on 46020
2019-10-09 12:08:35,578 [IPC Server listener on 46020] INFO  ipc.Server (Server.java:run(1185)) - Stopping IPC Server listener on 46020
2019-10-09 12:08:35,579 [IPC Server Responder] INFO  ipc.Server (Server.java:run(1319)) - Stopping IPC Server Responder
2019-10-09 12:08:35,666 [SCM Heartbeat Processing Thread - 0] WARN  node.NodeStateManager (NodeStateManager.java:scheduleNextHealthCheck(655)) - Current Thread is interrupted, shutting down HB processing thread for Node Manager.
2019-10-09 12:08:35,666 [main] INFO  server.StorageContainerManager (StorageContainerManager.java:stop(829)) - Stopping block service RPC server
2019-10-09 12:08:35,667 [main] INFO  server.SCMBlockProtocolServer (SCMBlockProtocolServer.java:stop(155)) - Stopping the RPC server for Block Protocol
2019-10-09 12:08:35,667 [main] INFO  ipc.Server (Server.java:stop(3082)) - Stopping server on 43435
2019-10-09 12:08:35,669 [IPC Server listener on 43435] INFO  ipc.Server (Server.java:run(1185)) - Stopping IPC Server listener on 43435
2019-10-09 12:08:35,669 [main] INFO  server.StorageContainerManager (StorageContainerManager.java:stop(836)) - Stopping the StorageContainerLocationProtocol RPC server
2019-10-09 12:08:35,670 [main] INFO  server.SCMClientProtocolServer (SCMClientProtocolServer.java:stop(159)) - Stopping the RPC server for Client Protocol
2019-10-09 12:08:35,670 [main] INFO  ipc.Server (Server.java:stop(3082)) - Stopping server on 37715
2019-10-09 12:08:35,669 [IPC Server Responder] INFO  ipc.Server (Server.java:run(1319)) - Stopping IPC Server Responder
2019-10-09 12:08:35,672 [main] INFO  server.StorageContainerManager (StorageContainerManager.java:stop(843)) - Stopping Storage Container Manager HTTP server.
2019-10-09 12:08:35,672 [IPC Server Responder] INFO  ipc.Server (Server.java:run(1319)) - Stopping IPC Server Responder
2019-10-09 12:08:35,672 [IPC Server listener on 37715] INFO  ipc.Server (Server.java:run(1185)) - Stopping IPC Server listener on 37715
2019-10-09 12:08:35,674 [main] INFO  handler.ContextHandler (ContextHandler.java:doStop(910)) - Stopped o.e.j.w.WebAppContext@7cca01a8{/,null,UNAVAILABLE}{/scm}
2019-10-09 12:08:35,675 [main] INFO  server.AbstractConnector (AbstractConnector.java:doStop(318)) - Stopped ServerConnector@462abec3{HTTP/1.1,[http/1.1]}{0.0.0.0:0}
2019-10-09 12:08:35,675 [main] INFO  handler.ContextHandler (ContextHandler.java:doStop(910)) - Stopped o.e.j.s.ServletContextHandler@2db4ad1{/static,file:///workdir/hadoop-ozone/integration-test/target/test-classes/webapps/static,UNAVAILABLE}
2019-10-09 12:08:35,676 [main] INFO  handler.ContextHandler (ContextHandler.java:doStop(910)) - Stopped o.e.j.s.ServletContextHandler@4462efe1{/logs,file:///workdir/hadoop-ozone/integration-test/target/log,UNAVAILABLE}
2019-10-09 12:08:35,676 [main] INFO  server.StorageContainerManager (StorageContainerManager.java:stop(854)) - Stopping Block Manager Service.
2019-10-09 12:08:35,676 [main] INFO  utils.BackgroundService (BackgroundService.java:shutdown(148)) - Shutting down service SCMBlockDeletingService
2019-10-09 12:08:35,677 [main] INFO  utils.BackgroundService (BackgroundService.java:shutdown(148)) - Shutting down service SCMBlockDeletingService
2019-10-09 12:08:35,677 [main] INFO  server.StorageContainerManager (StorageContainerManager.java:stop(876)) - Stopping SCM Event Queue.
2019-10-09 12:08:35,693 [main] INFO  impl.MetricsSystemImpl (MetricsSystemImpl.java:stop(210)) - Stopping HddsDatanode metrics system...
2019-10-09 12:08:35,699 [main] INFO  impl.MetricsSystemImpl (MetricsSystemImpl.java:stop(216)) - HddsDatanode metrics system stopped.
]]></system-out>
  </testcase>
</testsuite>