<?xml version="1.0" encoding="UTF-8"?>
<testsuite xmlns:xsi="http://www.w3.org/2001/XMLSchema-instance" xsi:noNamespaceSchemaLocation="https://maven.apache.org/surefire/maven-surefire-plugin/xsd/surefire-test-report.xsd" name="org.apache.hadoop.ozone.client.rpc.TestKeyInputStream" time="242.65" tests="1" errors="0" skipped="0" failures="1">
  <properties>
    <property name="awt.toolkit" value="sun.awt.X11.XToolkit"/>
    <property name="file.encoding.pkg" value="sun.io"/>
    <property name="java.specification.version" value="1.8"/>
    <property name="sun.cpu.isalist" value=""/>
    <property name="sun.jnu.encoding" value="ANSI_X3.4-1968"/>
    <property name="java.class.path" value="/workdir/hadoop-ozone/integration-test/target/test-classes:/workdir/hadoop-ozone/integration-test/target/classes:/home/user/.m2/repository/org/apache/hadoop/hadoop-ozone-common/0.5.0-SNAPSHOT/hadoop-ozone-common-0.5.0-SNAPSHOT.jar:/home/user/.m2/repository/org/apache/commons/commons-compress/1.4.1/commons-compress-1.4.1.jar:/home/user/.m2/repository/org/tukaani/xz/1.0/xz-1.0.jar:/home/user/.m2/repository/org/apache/hadoop/hadoop-common/3.2.0/hadoop-common-3.2.0.jar:/home/user/.m2/repository/org/apache/hadoop/hadoop-hdfs/3.2.0/hadoop-hdfs-3.2.0.jar:/home/user/.m2/repository/org/apache/hadoop/hadoop-hdfs-client/3.2.0/hadoop-hdfs-client-3.2.0.jar:/home/user/.m2/repository/com/fasterxml/jackson/core/jackson-annotations/2.9.9/jackson-annotations-2.9.9.jar:/home/user/.m2/repository/org/apache/hadoop/hadoop-hdds-common/0.5.0-SNAPSHOT/hadoop-hdds-common-0.5.0-SNAPSHOT.jar:/home/user/.m2/repository/javax/annotation/javax.annotation-api/1.2/javax.annotation-api-1.2.jar:/home/user/.m2/repository/org/apache/ratis/ratis-server/0.5.0-201fc85-SNAPSHOT/ratis-server-0.5.0-201fc85-SNAPSHOT.jar:/home/user/.m2/repository/org/apache/ratis/ratis-thirdparty-misc/0.2.0/ratis-thirdparty-misc-0.2.0.jar:/home/user/.m2/repository/org/apache/ratis/ratis-proto/0.5.0-201fc85-SNAPSHOT/ratis-proto-0.5.0-201fc85-SNAPSHOT.jar:/home/user/.m2/repository/org/apache/ratis/ratis-common/0.5.0-201fc85-SNAPSHOT/ratis-common-0.5.0-201fc85-SNAPSHOT.jar:/home/user/.m2/repository/org/apache/ratis/ratis-client/0.5.0-201fc85-SNAPSHOT/ratis-client-0.5.0-201fc85-SNAPSHOT.jar:/home/user/.m2/repository/org/apache/ratis/ratis-metrics/0.5.0-201fc85-SNAPSHOT/ratis-metrics-0.5.0-201fc85-SNAPSHOT.jar:/home/user/.m2/repository/com/github/joshelser/dropwizard-metrics-hadoop-metrics2-reporter/0.1.2/dropwizard-metrics-hadoop-metrics2-reporter-0.1.2.jar:/home/user/.m2/repository/io/dropwizard/metrics/metrics-jvm/3.2.5/metrics-jvm-3.2.5.jar:/home/user/.m2/repository/io/dropwizard/metrics/metrics-ganglia/3.2.5/metrics-ganglia-3.2.5.jar:/home/user/.m2/repository/info/ganglia/gmetric4j/gmetric4j/1.0.7/gmetric4j-1.0.7.jar:/home/user/.m2/repository/org/apache/ratis/ratis-netty/0.5.0-201fc85-SNAPSHOT/ratis-netty-0.5.0-201fc85-SNAPSHOT.jar:/home/user/.m2/repository/org/apache/ratis/ratis-grpc/0.5.0-201fc85-SNAPSHOT/ratis-grpc-0.5.0-201fc85-SNAPSHOT.jar:/home/user/.m2/repository/org/rocksdb/rocksdbjni/6.0.1/rocksdbjni-6.0.1.jar:/home/user/.m2/repository/org/apache/logging/log4j/log4j-api/2.11.0/log4j-api-2.11.0.jar:/home/user/.m2/repository/org/apache/logging/log4j/log4j-core/2.11.0/log4j-core-2.11.0.jar:/home/user/.m2/repository/com/lmax/disruptor/3.4.2/disruptor-3.4.2.jar:/home/user/.m2/repository/org/apache/commons/commons-pool2/2.6.0/commons-pool2-2.6.0.jar:/home/user/.m2/repository/org/bouncycastle/bcpkix-jdk15on/1.60/bcpkix-jdk15on-1.60.jar:/home/user/.m2/repository/commons-validator/commons-validator/1.6/commons-validator-1.6.jar:/home/user/.m2/repository/commons-digester/commons-digester/1.8.1/commons-digester-1.8.1.jar:/home/user/.m2/repository/io/jaegertracing/jaeger-client/0.34.0/jaeger-client-0.34.0.jar:/home/user/.m2/repository/io/jaegertracing/jaeger-thrift/0.34.0/jaeger-thrift-0.34.0.jar:/home/user/.m2/repository/org/apache/thrift/libthrift/0.12.0/libthrift-0.12.0.jar:/home/user/.m2/repository/com/squareup/okhttp3/okhttp/3.9.0/okhttp-3.9.0.jar:/home/user/.m2/repository/com/squareup/okio/okio/1.13.0/okio-1.13.0.jar:/home/user/.m2/repository/io/jaegertracing/jaeger-core/0.34.0/jaeger-core-0.34.0.jar:/home/user/.m2/repository/io/jaegertracing/jaeger-tracerresolver/0.34.0/jaeger-tracerresolver-0.34.0.jar:/home/user/.m2/repository/io/opentracing/contrib/opentracing-tracerresolver/0.1.5/opentracing-tracerresolver-0.1.5.jar:/home/user/.m2/repository/io/opentracing/opentracing-util/0.31.0/opentracing-util-0.31.0.jar:/home/user/.m2/repository/io/opentracing/opentracing-api/0.31.0/opentracing-api-0.31.0.jar:/home/user/.m2/repository/io/opentracing/opentracing-noop/0.31.0/opentracing-noop-0.31.0.jar:/home/user/.m2/repository/org/apache/hadoop/hadoop-hdds-server-framework/0.5.0-SNAPSHOT/hadoop-hdds-server-framework-0.5.0-SNAPSHOT.jar:/home/user/.m2/repository/org/apache/hadoop/hadoop-hdds-container-service/0.5.0-SNAPSHOT/hadoop-hdds-container-service-0.5.0-SNAPSHOT.jar:/home/user/.m2/repository/org/apache/hadoop/hadoop-hdds-client/0.5.0-SNAPSHOT/hadoop-hdds-client-0.5.0-SNAPSHOT.jar:/home/user/.m2/repository/org/apache/hadoop/hadoop-hdds-tools/0.5.0-SNAPSHOT/hadoop-hdds-tools-0.5.0-SNAPSHOT.jar:/home/user/.m2/repository/org/apache/hadoop/hadoop-hdds-server-scm/0.5.0-SNAPSHOT/hadoop-hdds-server-scm-0.5.0-SNAPSHOT.jar:/home/user/.m2/repository/org/apache/hadoop/hadoop-hdds-docs/0.5.0-SNAPSHOT/hadoop-hdds-docs-0.5.0-SNAPSHOT.jar:/home/user/.m2/repository/io/dropwizard/metrics/metrics-core/3.2.4/metrics-core-3.2.4.jar:/home/user/.m2/repository/org/hamcrest/hamcrest-all/1.3/hamcrest-all-1.3.jar:/home/user/.m2/repository/org/bouncycastle/bcprov-jdk15on/1.60/bcprov-jdk15on-1.60.jar:/home/user/.m2/repository/info/picocli/picocli/3.9.6/picocli-3.9.6.jar:/home/user/.m2/repository/com/google/protobuf/protobuf-java/2.5.0/protobuf-java-2.5.0.jar:/home/user/.m2/repository/com/google/guava/guava/11.0.2/guava-11.0.2.jar:/home/user/.m2/repository/org/apache/hadoop/hadoop-ozone-ozone-manager/0.5.0-SNAPSHOT/hadoop-ozone-ozone-manager-0.5.0-SNAPSHOT.jar:/home/user/.m2/repository/org/apache/hadoop/hadoop-minikdc/3.2.0/hadoop-minikdc-3.2.0.jar:/home/user/.m2/repository/commons-io/commons-io/2.5/commons-io-2.5.jar:/home/user/.m2/repository/org/apache/kerby/kerb-simplekdc/1.0.1/kerb-simplekdc-1.0.1.jar:/home/user/.m2/repository/org/apache/kerby/kerb-client/1.0.1/kerb-client-1.0.1.jar:/home/user/.m2/repository/org/apache/kerby/kerby-config/1.0.1/kerby-config-1.0.1.jar:/home/user/.m2/repository/org/apache/kerby/kerb-core/1.0.1/kerb-core-1.0.1.jar:/home/user/.m2/repository/org/apache/kerby/kerby-pkix/1.0.1/kerby-pkix-1.0.1.jar:/home/user/.m2/repository/org/apache/kerby/kerby-asn1/1.0.1/kerby-asn1-1.0.1.jar:/home/user/.m2/repository/org/apache/kerby/kerby-util/1.0.1/kerby-util-1.0.1.jar:/home/user/.m2/repository/org/apache/kerby/kerb-common/1.0.1/kerb-common-1.0.1.jar:/home/user/.m2/repository/org/apache/kerby/kerb-crypto/1.0.1/kerb-crypto-1.0.1.jar:/home/user/.m2/repository/org/apache/kerby/kerb-util/1.0.1/kerb-util-1.0.1.jar:/home/user/.m2/repository/org/apache/kerby/token-provider/1.0.1/token-provider-1.0.1.jar:/home/user/.m2/repository/org/apache/kerby/kerb-admin/1.0.1/kerb-admin-1.0.1.jar:/home/user/.m2/repository/org/apache/kerby/kerb-server/1.0.1/kerb-server-1.0.1.jar:/home/user/.m2/repository/org/apache/kerby/kerb-identity/1.0.1/kerb-identity-1.0.1.jar:/home/user/.m2/repository/org/apache/kerby/kerby-xdr/1.0.1/kerby-xdr-1.0.1.jar:/home/user/.m2/repository/org/slf4j/slf4j-log4j12/1.7.25/slf4j-log4j12-1.7.25.jar:/home/user/.m2/repository/org/apache/hadoop/hadoop-ozone-s3gateway/0.5.0-SNAPSHOT/hadoop-ozone-s3gateway-0.5.0-SNAPSHOT.jar:/home/user/.m2/repository/org/jboss/weld/servlet/weld-servlet/2.4.7.Final/weld-servlet-2.4.7.Final.jar:/home/user/.m2/repository/org/glassfish/jersey/containers/jersey-container-servlet-core/2.27/jersey-container-servlet-core-2.27.jar:/home/user/.m2/repository/org/glassfish/hk2/external/javax.inject/2.5.0-b42/javax.inject-2.5.0-b42.jar:/home/user/.m2/repository/org/glassfish/jersey/core/jersey-common/2.27/jersey-common-2.27.jar:/home/user/.m2/repository/org/glassfish/hk2/osgi-resource-locator/1.0.1/osgi-resource-locator-1.0.1.jar:/home/user/.m2/repository/javax/ws/rs/javax.ws.rs-api/2.1/javax.ws.rs-api-2.1.jar:/home/user/.m2/repository/org/glassfish/jersey/ext/cdi/jersey-cdi1x/2.27/jersey-cdi1x-2.27.jar:/home/user/.m2/repository/org/glassfish/jersey/inject/jersey-hk2/2.27/jersey-hk2-2.27.jar:/home/user/.m2/repository/org/glassfish/hk2/hk2-locator/2.5.0-b42/hk2-locator-2.5.0-b42.jar:/home/user/.m2/repository/org/javassist/javassist/3.22.0-CR2/javassist-3.22.0-CR2.jar:/home/user/.m2/repository/org/glassfish/hk2/hk2-api/2.5.0/hk2-api-2.5.0.jar:/home/user/.m2/repository/org/glassfish/hk2/external/jakarta.inject/2.5.0/jakarta.inject-2.5.0.jar:/home/user/.m2/repository/org/glassfish/hk2/hk2-utils/2.5.0/hk2-utils-2.5.0.jar:/home/user/.m2/repository/jakarta/annotation/jakarta.annotation-api/1.3.4/jakarta.annotation-api-1.3.4.jar:/home/user/.m2/repository/org/glassfish/hk2/external/aopalliance-repackaged/2.5.0/aopalliance-repackaged-2.5.0.jar:/home/user/.m2/repository/com/fasterxml/jackson/dataformat/jackson-dataformat-xml/2.9.0/jackson-dataformat-xml-2.9.0.jar:/home/user/.m2/repository/com/fasterxml/jackson/core/jackson-core/2.9.9/jackson-core-2.9.9.jar:/home/user/.m2/repository/com/fasterxml/jackson/module/jackson-module-jaxb-annotations/2.9.9/jackson-module-jaxb-annotations-2.9.9.jar:/home/user/.m2/repository/javax/enterprise/cdi-api/1.2/cdi-api-1.2.jar:/home/user/.m2/repository/javax/el/javax.el-api/3.0.0/javax.el-api-3.0.0.jar:/home/user/.m2/repository/javax/interceptor/javax.interceptor-api/1.2/javax.interceptor-api-1.2.jar:/home/user/.m2/repository/javax/inject/javax.inject/1/javax.inject-1.jar:/home/user/.m2/repository/com/sun/xml/bind/jaxb-impl/2.3.0.1/jaxb-impl-2.3.0.1.jar:/home/user/.m2/repository/com/sun/xml/bind/jaxb-core/2.3.0.1/jaxb-core-2.3.0.1.jar:/home/user/.m2/repository/javax/xml/bind/jaxb-api/2.3.0/jaxb-api-2.3.0.jar:/home/user/.m2/repository/javax/activation/activation/1.1.1/activation-1.1.1.jar:/home/user/.m2/repository/org/apache/hadoop/hadoop-ozone-csi/0.5.0-SNAPSHOT/hadoop-ozone-csi-0.5.0-SNAPSHOT.jar:/home/user/.m2/repository/com/google/protobuf/protobuf-java-util/3.5.1/protobuf-java-util-3.5.1.jar:/home/user/.m2/repository/org/apache/hadoop/hadoop-hdds-config/0.5.0-SNAPSHOT/hadoop-hdds-config-0.5.0-SNAPSHOT.jar:/home/user/.m2/repository/io/grpc/grpc-netty/1.17.1/grpc-netty-1.17.1.jar:/home/user/.m2/repository/io/grpc/grpc-core/1.17.1/grpc-core-1.17.1.jar:/home/user/.m2/repository/io/grpc/grpc-context/1.17.1/grpc-context-1.17.1.jar:/home/user/.m2/repository/com/google/errorprone/error_prone_annotations/2.2.0/error_prone_annotations-2.2.0.jar:/home/user/.m2/repository/org/codehaus/mojo/animal-sniffer-annotations/1.17/animal-sniffer-annotations-1.17.jar:/home/user/.m2/repository/io/opencensus/opencensus-api/0.17.0/opencensus-api-0.17.0.jar:/home/user/.m2/repository/io/opencensus/opencensus-contrib-grpc-metrics/0.17.0/opencensus-contrib-grpc-metrics-0.17.0.jar:/home/user/.m2/repository/io/netty/netty-codec-http2/4.1.30.Final/netty-codec-http2-4.1.30.Final.jar:/home/user/.m2/repository/io/netty/netty-codec-http/4.1.30.Final/netty-codec-http-4.1.30.Final.jar:/home/user/.m2/repository/io/netty/netty-codec/4.1.30.Final/netty-codec-4.1.30.Final.jar:/home/user/.m2/repository/io/netty/netty-handler/4.1.30.Final/netty-handler-4.1.30.Final.jar:/home/user/.m2/repository/io/netty/netty-handler-proxy/4.1.30.Final/netty-handler-proxy-4.1.30.Final.jar:/home/user/.m2/repository/io/netty/netty-codec-socks/4.1.30.Final/netty-codec-socks-4.1.30.Final.jar:/home/user/.m2/repository/io/netty/netty-transport-native-epoll/4.1.30.Final/netty-transport-native-epoll-4.1.30.Final.jar:/home/user/.m2/repository/io/netty/netty-common/4.1.30.Final/netty-common-4.1.30.Final.jar:/home/user/.m2/repository/io/netty/netty-buffer/4.1.30.Final/netty-buffer-4.1.30.Final.jar:/home/user/.m2/repository/io/netty/netty-transport/4.1.30.Final/netty-transport-4.1.30.Final.jar:/home/user/.m2/repository/io/netty/netty-resolver/4.1.30.Final/netty-resolver-4.1.30.Final.jar:/home/user/.m2/repository/io/netty/netty-transport-native-unix-common/4.1.30.Final/netty-transport-native-unix-common-4.1.30.Final.jar:/home/user/.m2/repository/io/grpc/grpc-protobuf/1.17.1/grpc-protobuf-1.17.1.jar:/home/user/.m2/repository/com/google/api/grpc/proto-google-common-protos/1.0.0/proto-google-common-protos-1.0.0.jar:/home/user/.m2/repository/io/grpc/grpc-protobuf-lite/1.17.1/grpc-protobuf-lite-1.17.1.jar:/home/user/.m2/repository/io/grpc/grpc-stub/1.17.1/grpc-stub-1.17.1.jar:/home/user/.m2/repository/org/apache/hadoop/hadoop-ozone-recon/0.5.0-SNAPSHOT/hadoop-ozone-recon-0.5.0-SNAPSHOT.jar:/home/user/.m2/repository/org/apache/hadoop/hadoop-ozone-reconcodegen/0.5.0-SNAPSHOT/hadoop-ozone-reconcodegen-0.5.0-SNAPSHOT.jar:/home/user/.m2/repository/com/google/inject/extensions/guice-multibindings/4.0/guice-multibindings-4.0.jar:/home/user/.m2/repository/com/google/inject/guice/4.0/guice-4.0.jar:/home/user/.m2/repository/aopalliance/aopalliance/1.0/aopalliance-1.0.jar:/home/user/.m2/repository/com/google/inject/extensions/guice-servlet/4.0/guice-servlet-4.0.jar:/home/user/.m2/repository/org/glassfish/jersey/containers/jersey-container-servlet/2.27/jersey-container-servlet-2.27.jar:/home/user/.m2/repository/org/glassfish/hk2/guice-bridge/2.5.0/guice-bridge-2.5.0.jar:/home/user/.m2/repository/org/glassfish/jersey/core/jersey-server/2.27/jersey-server-2.27.jar:/home/user/.m2/repository/org/glassfish/jersey/core/jersey-client/2.27/jersey-client-2.27.jar:/home/user/.m2/repository/org/glassfish/jersey/media/jersey-media-jaxb/2.27/jersey-media-jaxb-2.27.jar:/home/user/.m2/repository/javax/validation/validation-api/1.1.0.Final/validation-api-1.1.0.Final.jar:/home/user/.m2/repository/org/glassfish/jersey/media/jersey-media-json-jackson/2.27/jersey-media-json-jackson-2.27.jar:/home/user/.m2/repository/org/glassfish/jersey/ext/jersey-entity-filtering/2.27/jersey-entity-filtering-2.27.jar:/home/user/.m2/repository/com/google/inject/extensions/guice-assistedinject/4.0/guice-assistedinject-4.0.jar:/home/user/.m2/repository/org/jooq/jooq/3.11.10/jooq-3.11.10.jar:/home/user/.m2/repository/org/jooq/jooq-meta/3.11.10/jooq-meta-3.11.10.jar:/home/user/.m2/repository/org/jooq/jooq-codegen/3.11.10/jooq-codegen-3.11.10.jar:/home/user/.m2/repository/com/jolbox/bonecp/0.8.0.RELEASE/bonecp-0.8.0.RELEASE.jar:/home/user/.m2/repository/org/xerial/sqlite-jdbc/3.25.2/sqlite-jdbc-3.25.2.jar:/home/user/.m2/repository/org/springframework/spring-jdbc/5.1.3.RELEASE/spring-jdbc-5.1.3.RELEASE.jar:/home/user/.m2/repository/org/springframework/spring-beans/5.1.3.RELEASE/spring-beans-5.1.3.RELEASE.jar:/home/user/.m2/repository/org/springframework/spring-core/5.1.3.RELEASE/spring-core-5.1.3.RELEASE.jar:/home/user/.m2/repository/org/springframework/spring-jcl/5.1.3.RELEASE/spring-jcl-5.1.3.RELEASE.jar:/home/user/.m2/repository/org/springframework/spring-tx/5.1.3.RELEASE/spring-tx-5.1.3.RELEASE.jar:/home/user/.m2/repository/org/apache/hadoop/hadoop-ozone-client/0.5.0-SNAPSHOT/hadoop-ozone-client-0.5.0-SNAPSHOT.jar:/home/user/.m2/repository/commons-lang/commons-lang/2.6/commons-lang-2.6.jar:/home/user/.m2/repository/org/apache/hadoop/hadoop-ozone-ozone-manager/0.5.0-SNAPSHOT/hadoop-ozone-ozone-manager-0.5.0-SNAPSHOT-tests.jar:/home/user/.m2/repository/junit/junit/4.11/junit-4.11.jar:/home/user/.m2/repository/org/hamcrest/hamcrest-core/1.3/hamcrest-core-1.3.jar:/home/user/.m2/repository/org/openjdk/jmh/jmh-core/1.19/jmh-core-1.19.jar:/home/user/.m2/repository/net/sf/jopt-simple/jopt-simple/4.6/jopt-simple-4.6.jar:/home/user/.m2/repository/org/apache/commons/commons-math3/3.1.1/commons-math3-3.1.1.jar:/home/user/.m2/repository/org/openjdk/jmh/jmh-generator-annprocess/1.19/jmh-generator-annprocess-1.19.jar:/home/user/.m2/repository/org/mockito/mockito-all/1.8.5/mockito-all-1.8.5.jar:/home/user/.m2/repository/org/apache/hadoop/hadoop-kms/3.2.0/hadoop-kms-3.2.0.jar:/home/user/.m2/repository/org/apache/hadoop/hadoop-auth/3.2.0/hadoop-auth-3.2.0.jar:/home/user/.m2/repository/com/nimbusds/nimbus-jose-jwt/4.41.1/nimbus-jose-jwt-4.41.1.jar:/home/user/.m2/repository/com/github/stephenc/jcip/jcip-annotations/1.0-1/jcip-annotations-1.0-1.jar:/home/user/.m2/repository/net/minidev/json-smart/2.3/json-smart-2.3.jar:/home/user/.m2/repository/net/minidev/accessors-smart/1.2/accessors-smart-1.2.jar:/home/user/.m2/repository/org/ow2/asm/asm/5.0.4/asm-5.0.4.jar:/home/user/.m2/repository/org/apache/curator/curator-framework/2.12.0/curator-framework-2.12.0.jar:/home/user/.m2/repository/com/sun/jersey/jersey-core/1.19/jersey-core-1.19.jar:/home/user/.m2/repository/javax/ws/rs/jsr311-api/1.1.1/jsr311-api-1.1.1.jar:/home/user/.m2/repository/com/sun/jersey/jersey-server/1.19/jersey-server-1.19.jar:/home/user/.m2/repository/javax/servlet/javax.servlet-api/3.1.0/javax.servlet-api-3.1.0.jar:/home/user/.m2/repository/org/eclipse/jetty/jetty-server/9.3.25.v20180904/jetty-server-9.3.25.v20180904.jar:/home/user/.m2/repository/org/eclipse/jetty/jetty-http/9.3.25.v20180904/jetty-http-9.3.25.v20180904.jar:/home/user/.m2/repository/org/eclipse/jetty/jetty-io/9.3.25.v20180904/jetty-io-9.3.25.v20180904.jar:/home/user/.m2/repository/org/eclipse/jetty/jetty-webapp/9.3.25.v20180904/jetty-webapp-9.3.25.v20180904.jar:/home/user/.m2/repository/org/eclipse/jetty/jetty-xml/9.3.25.v20180904/jetty-xml-9.3.25.v20180904.jar:/home/user/.m2/repository/log4j/log4j/1.2.17/log4j-1.2.17.jar:/home/user/.m2/repository/org/slf4j/slf4j-api/1.7.25/slf4j-api-1.7.25.jar:/home/user/.m2/repository/org/slf4j/jul-to-slf4j/1.7.25/jul-to-slf4j-1.7.25.jar:/home/user/.m2/repository/org/eclipse/jetty/jetty-util/9.3.25.v20180904/jetty-util-9.3.25.v20180904.jar:/home/user/.m2/repository/com/fasterxml/jackson/core/jackson-databind/2.9.9/jackson-databind-2.9.9.jar:/home/user/.m2/repository/org/apache/hadoop/hadoop-kms/3.2.0/hadoop-kms-3.2.0-tests.jar:/home/user/.m2/repository/org/apache/hadoop/hadoop-hdds-server-scm/0.5.0-SNAPSHOT/hadoop-hdds-server-scm-0.5.0-SNAPSHOT-tests.jar:/home/user/.m2/repository/org/apache/hadoop/hadoop-hdds-container-service/0.5.0-SNAPSHOT/hadoop-hdds-container-service-0.5.0-SNAPSHOT-tests.jar:/home/user/.m2/repository/org/yaml/snakeyaml/1.16/snakeyaml-1.16.jar:/home/user/.m2/repository/org/apache/hadoop/hadoop-common/3.2.0/hadoop-common-3.2.0-tests.jar:/home/user/.m2/repository/org/apache/hadoop/hadoop-annotations/3.2.0/hadoop-annotations-3.2.0.jar:/usr/lib/jvm/java-1.8.0-openjdk-1.8.0.222.b10-1.el7_7.x86_64/jre/../lib/tools.jar:/home/user/.m2/repository/commons-cli/commons-cli/1.2/commons-cli-1.2.jar:/home/user/.m2/repository/org/apache/httpcomponents/httpclient/4.5.2/httpclient-4.5.2.jar:/home/user/.m2/repository/org/apache/httpcomponents/httpcore/4.4.4/httpcore-4.4.4.jar:/home/user/.m2/repository/commons-codec/commons-codec/1.11/commons-codec-1.11.jar:/home/user/.m2/repository/commons-net/commons-net/3.6/commons-net-3.6.jar:/home/user/.m2/repository/commons-collections/commons-collections/3.2.2/commons-collections-3.2.2.jar:/home/user/.m2/repository/org/eclipse/jetty/jetty-servlet/9.3.25.v20180904/jetty-servlet-9.3.25.v20180904.jar:/home/user/.m2/repository/org/eclipse/jetty/jetty-security/9.3.25.v20180904/jetty-security-9.3.25.v20180904.jar:/home/user/.m2/repository/javax/servlet/jsp/jsp-api/2.1/jsp-api-2.1.jar:/home/user/.m2/repository/com/sun/jersey/jersey-servlet/1.19/jersey-servlet-1.19.jar:/home/user/.m2/repository/com/sun/jersey/jersey-json/1.19/jersey-json-1.19.jar:/home/user/.m2/repository/org/codehaus/jettison/jettison/1.1/jettison-1.1.jar:/home/user/.m2/repository/org/codehaus/jackson/jackson-core-asl/1.9.13/jackson-core-asl-1.9.13.jar:/home/user/.m2/repository/org/codehaus/jackson/jackson-mapper-asl/1.9.13/jackson-mapper-asl-1.9.13.jar:/home/user/.m2/repository/org/codehaus/jackson/jackson-jaxrs/1.9.13/jackson-jaxrs-1.9.13.jar:/home/user/.m2/repository/org/codehaus/jackson/jackson-xc/1.9.13/jackson-xc-1.9.13.jar:/home/user/.m2/repository/commons-logging/commons-logging/1.1.3/commons-logging-1.1.3.jar:/home/user/.m2/repository/commons-beanutils/commons-beanutils/1.9.4/commons-beanutils-1.9.4.jar:/home/user/.m2/repository/org/apache/commons/commons-configuration2/2.1.1/commons-configuration2-2.1.1.jar:/home/user/.m2/repository/org/apache/commons/commons-lang3/3.7/commons-lang3-3.7.jar:/home/user/.m2/repository/org/apache/commons/commons-text/1.4/commons-text-1.4.jar:/home/user/.m2/repository/org/apache/avro/avro/1.7.7/avro-1.7.7.jar:/home/user/.m2/repository/com/thoughtworks/paranamer/paranamer/2.3/paranamer-2.3.jar:/home/user/.m2/repository/org/xerial/snappy/snappy-java/1.0.5/snappy-java-1.0.5.jar:/home/user/.m2/repository/com/google/re2j/re2j/1.1/re2j-1.1.jar:/home/user/.m2/repository/com/google/code/gson/gson/2.2.4/gson-2.2.4.jar:/home/user/.m2/repository/com/jcraft/jsch/0.1.54/jsch-0.1.54.jar:/home/user/.m2/repository/org/apache/curator/curator-client/2.12.0/curator-client-2.12.0.jar:/home/user/.m2/repository/org/apache/curator/curator-recipes/2.12.0/curator-recipes-2.12.0.jar:/home/user/.m2/repository/com/google/code/findbugs/jsr305/3.0.0/jsr305-3.0.0.jar:/home/user/.m2/repository/org/apache/htrace/htrace-core4/4.1.0-incubating/htrace-core4-4.1.0-incubating.jar:/home/user/.m2/repository/org/apache/zookeeper/zookeeper/3.4.13/zookeeper-3.4.13.jar:/home/user/.m2/repository/jline/jline/0.9.94/jline-0.9.94.jar:/home/user/.m2/repository/org/apache/yetus/audience-annotations/0.5.0/audience-annotations-0.5.0.jar:/home/user/.m2/repository/org/codehaus/woodstox/stax2-api/3.1.4/stax2-api-3.1.4.jar:/home/user/.m2/repository/com/fasterxml/woodstox/woodstox-core/5.0.3/woodstox-core-5.0.3.jar:/home/user/.m2/repository/dnsjava/dnsjava/2.1.7/dnsjava-2.1.7.jar:/home/user/.m2/repository/org/apache/hadoop/hadoop-hdfs/3.2.0/hadoop-hdfs-3.2.0-tests.jar:/home/user/.m2/repository/org/eclipse/jetty/jetty-util-ajax/9.3.25.v20180904/jetty-util-ajax-9.3.25.v20180904.jar:/home/user/.m2/repository/commons-daemon/commons-daemon/1.0.13/commons-daemon-1.0.13.jar:/home/user/.m2/repository/io/netty/netty/3.10.5.Final/netty-3.10.5.Final.jar:/home/user/.m2/repository/io/netty/netty-all/4.0.52.Final/netty-all-4.0.52.Final.jar:/home/user/.m2/repository/org/fusesource/leveldbjni/leveldbjni-all/1.8/leveldbjni-all-1.8.jar:"/>
    <property name="java.vm.vendor" value="Oracle Corporation"/>
    <property name="sun.arch.data.model" value="64"/>
    <property name="test.build.dir" value="/workdir/hadoop-ozone/integration-test/target/test-dir"/>
    <property name="test.cache.data" value=""/>
    <property name="java.vendor.url" value="http://java.oracle.com/"/>
    <property name="user.timezone" value=""/>
    <property name="java.vm.specification.version" value="1.8"/>
    <property name="os.name" value="Linux"/>
    <property name="test.build.data" value="/workdir/hadoop-ozone/integration-test/target/test-dir"/>
    <property name="user.country" value="US"/>
    <property name="sun.java.launcher" value="SUN_STANDARD"/>
    <property name="sun.boot.library.path" value="/usr/lib/jvm/java-1.8.0-openjdk-1.8.0.222.b10-1.el7_7.x86_64/jre/lib/amd64"/>
    <property name="sun.java.command" value="/workdir/hadoop-ozone/integration-test/target/surefire/surefirebooter2774941924100925823.jar /workdir/hadoop-ozone/integration-test/target/surefire 2019-10-17T10-11-48_952-jvmRun1 surefire1466741784711333493tmp surefire_534007968577254819487tmp"/>
    <property name="surefire.test.class.path" value="/workdir/hadoop-ozone/integration-test/target/test-classes:/workdir/hadoop-ozone/integration-test/target/classes:/home/user/.m2/repository/org/apache/hadoop/hadoop-ozone-common/0.5.0-SNAPSHOT/hadoop-ozone-common-0.5.0-SNAPSHOT.jar:/home/user/.m2/repository/org/apache/commons/commons-compress/1.4.1/commons-compress-1.4.1.jar:/home/user/.m2/repository/org/tukaani/xz/1.0/xz-1.0.jar:/home/user/.m2/repository/org/apache/hadoop/hadoop-common/3.2.0/hadoop-common-3.2.0.jar:/home/user/.m2/repository/org/apache/hadoop/hadoop-hdfs/3.2.0/hadoop-hdfs-3.2.0.jar:/home/user/.m2/repository/org/apache/hadoop/hadoop-hdfs-client/3.2.0/hadoop-hdfs-client-3.2.0.jar:/home/user/.m2/repository/com/fasterxml/jackson/core/jackson-annotations/2.9.9/jackson-annotations-2.9.9.jar:/home/user/.m2/repository/org/apache/hadoop/hadoop-hdds-common/0.5.0-SNAPSHOT/hadoop-hdds-common-0.5.0-SNAPSHOT.jar:/home/user/.m2/repository/javax/annotation/javax.annotation-api/1.2/javax.annotation-api-1.2.jar:/home/user/.m2/repository/org/apache/ratis/ratis-server/0.5.0-201fc85-SNAPSHOT/ratis-server-0.5.0-201fc85-SNAPSHOT.jar:/home/user/.m2/repository/org/apache/ratis/ratis-thirdparty-misc/0.2.0/ratis-thirdparty-misc-0.2.0.jar:/home/user/.m2/repository/org/apache/ratis/ratis-proto/0.5.0-201fc85-SNAPSHOT/ratis-proto-0.5.0-201fc85-SNAPSHOT.jar:/home/user/.m2/repository/org/apache/ratis/ratis-common/0.5.0-201fc85-SNAPSHOT/ratis-common-0.5.0-201fc85-SNAPSHOT.jar:/home/user/.m2/repository/org/apache/ratis/ratis-client/0.5.0-201fc85-SNAPSHOT/ratis-client-0.5.0-201fc85-SNAPSHOT.jar:/home/user/.m2/repository/org/apache/ratis/ratis-metrics/0.5.0-201fc85-SNAPSHOT/ratis-metrics-0.5.0-201fc85-SNAPSHOT.jar:/home/user/.m2/repository/com/github/joshelser/dropwizard-metrics-hadoop-metrics2-reporter/0.1.2/dropwizard-metrics-hadoop-metrics2-reporter-0.1.2.jar:/home/user/.m2/repository/io/dropwizard/metrics/metrics-jvm/3.2.5/metrics-jvm-3.2.5.jar:/home/user/.m2/repository/io/dropwizard/metrics/metrics-ganglia/3.2.5/metrics-ganglia-3.2.5.jar:/home/user/.m2/repository/info/ganglia/gmetric4j/gmetric4j/1.0.7/gmetric4j-1.0.7.jar:/home/user/.m2/repository/org/apache/ratis/ratis-netty/0.5.0-201fc85-SNAPSHOT/ratis-netty-0.5.0-201fc85-SNAPSHOT.jar:/home/user/.m2/repository/org/apache/ratis/ratis-grpc/0.5.0-201fc85-SNAPSHOT/ratis-grpc-0.5.0-201fc85-SNAPSHOT.jar:/home/user/.m2/repository/org/rocksdb/rocksdbjni/6.0.1/rocksdbjni-6.0.1.jar:/home/user/.m2/repository/org/apache/logging/log4j/log4j-api/2.11.0/log4j-api-2.11.0.jar:/home/user/.m2/repository/org/apache/logging/log4j/log4j-core/2.11.0/log4j-core-2.11.0.jar:/home/user/.m2/repository/com/lmax/disruptor/3.4.2/disruptor-3.4.2.jar:/home/user/.m2/repository/org/apache/commons/commons-pool2/2.6.0/commons-pool2-2.6.0.jar:/home/user/.m2/repository/org/bouncycastle/bcpkix-jdk15on/1.60/bcpkix-jdk15on-1.60.jar:/home/user/.m2/repository/commons-validator/commons-validator/1.6/commons-validator-1.6.jar:/home/user/.m2/repository/commons-digester/commons-digester/1.8.1/commons-digester-1.8.1.jar:/home/user/.m2/repository/io/jaegertracing/jaeger-client/0.34.0/jaeger-client-0.34.0.jar:/home/user/.m2/repository/io/jaegertracing/jaeger-thrift/0.34.0/jaeger-thrift-0.34.0.jar:/home/user/.m2/repository/org/apache/thrift/libthrift/0.12.0/libthrift-0.12.0.jar:/home/user/.m2/repository/com/squareup/okhttp3/okhttp/3.9.0/okhttp-3.9.0.jar:/home/user/.m2/repository/com/squareup/okio/okio/1.13.0/okio-1.13.0.jar:/home/user/.m2/repository/io/jaegertracing/jaeger-core/0.34.0/jaeger-core-0.34.0.jar:/home/user/.m2/repository/io/jaegertracing/jaeger-tracerresolver/0.34.0/jaeger-tracerresolver-0.34.0.jar:/home/user/.m2/repository/io/opentracing/contrib/opentracing-tracerresolver/0.1.5/opentracing-tracerresolver-0.1.5.jar:/home/user/.m2/repository/io/opentracing/opentracing-util/0.31.0/opentracing-util-0.31.0.jar:/home/user/.m2/repository/io/opentracing/opentracing-api/0.31.0/opentracing-api-0.31.0.jar:/home/user/.m2/repository/io/opentracing/opentracing-noop/0.31.0/opentracing-noop-0.31.0.jar:/home/user/.m2/repository/org/apache/hadoop/hadoop-hdds-server-framework/0.5.0-SNAPSHOT/hadoop-hdds-server-framework-0.5.0-SNAPSHOT.jar:/home/user/.m2/repository/org/apache/hadoop/hadoop-hdds-container-service/0.5.0-SNAPSHOT/hadoop-hdds-container-service-0.5.0-SNAPSHOT.jar:/home/user/.m2/repository/org/apache/hadoop/hadoop-hdds-client/0.5.0-SNAPSHOT/hadoop-hdds-client-0.5.0-SNAPSHOT.jar:/home/user/.m2/repository/org/apache/hadoop/hadoop-hdds-tools/0.5.0-SNAPSHOT/hadoop-hdds-tools-0.5.0-SNAPSHOT.jar:/home/user/.m2/repository/org/apache/hadoop/hadoop-hdds-server-scm/0.5.0-SNAPSHOT/hadoop-hdds-server-scm-0.5.0-SNAPSHOT.jar:/home/user/.m2/repository/org/apache/hadoop/hadoop-hdds-docs/0.5.0-SNAPSHOT/hadoop-hdds-docs-0.5.0-SNAPSHOT.jar:/home/user/.m2/repository/io/dropwizard/metrics/metrics-core/3.2.4/metrics-core-3.2.4.jar:/home/user/.m2/repository/org/hamcrest/hamcrest-all/1.3/hamcrest-all-1.3.jar:/home/user/.m2/repository/org/bouncycastle/bcprov-jdk15on/1.60/bcprov-jdk15on-1.60.jar:/home/user/.m2/repository/info/picocli/picocli/3.9.6/picocli-3.9.6.jar:/home/user/.m2/repository/com/google/protobuf/protobuf-java/2.5.0/protobuf-java-2.5.0.jar:/home/user/.m2/repository/com/google/guava/guava/11.0.2/guava-11.0.2.jar:/home/user/.m2/repository/org/apache/hadoop/hadoop-ozone-ozone-manager/0.5.0-SNAPSHOT/hadoop-ozone-ozone-manager-0.5.0-SNAPSHOT.jar:/home/user/.m2/repository/org/apache/hadoop/hadoop-minikdc/3.2.0/hadoop-minikdc-3.2.0.jar:/home/user/.m2/repository/commons-io/commons-io/2.5/commons-io-2.5.jar:/home/user/.m2/repository/org/apache/kerby/kerb-simplekdc/1.0.1/kerb-simplekdc-1.0.1.jar:/home/user/.m2/repository/org/apache/kerby/kerb-client/1.0.1/kerb-client-1.0.1.jar:/home/user/.m2/repository/org/apache/kerby/kerby-config/1.0.1/kerby-config-1.0.1.jar:/home/user/.m2/repository/org/apache/kerby/kerb-core/1.0.1/kerb-core-1.0.1.jar:/home/user/.m2/repository/org/apache/kerby/kerby-pkix/1.0.1/kerby-pkix-1.0.1.jar:/home/user/.m2/repository/org/apache/kerby/kerby-asn1/1.0.1/kerby-asn1-1.0.1.jar:/home/user/.m2/repository/org/apache/kerby/kerby-util/1.0.1/kerby-util-1.0.1.jar:/home/user/.m2/repository/org/apache/kerby/kerb-common/1.0.1/kerb-common-1.0.1.jar:/home/user/.m2/repository/org/apache/kerby/kerb-crypto/1.0.1/kerb-crypto-1.0.1.jar:/home/user/.m2/repository/org/apache/kerby/kerb-util/1.0.1/kerb-util-1.0.1.jar:/home/user/.m2/repository/org/apache/kerby/token-provider/1.0.1/token-provider-1.0.1.jar:/home/user/.m2/repository/org/apache/kerby/kerb-admin/1.0.1/kerb-admin-1.0.1.jar:/home/user/.m2/repository/org/apache/kerby/kerb-server/1.0.1/kerb-server-1.0.1.jar:/home/user/.m2/repository/org/apache/kerby/kerb-identity/1.0.1/kerb-identity-1.0.1.jar:/home/user/.m2/repository/org/apache/kerby/kerby-xdr/1.0.1/kerby-xdr-1.0.1.jar:/home/user/.m2/repository/org/slf4j/slf4j-log4j12/1.7.25/slf4j-log4j12-1.7.25.jar:/home/user/.m2/repository/org/apache/hadoop/hadoop-ozone-s3gateway/0.5.0-SNAPSHOT/hadoop-ozone-s3gateway-0.5.0-SNAPSHOT.jar:/home/user/.m2/repository/org/jboss/weld/servlet/weld-servlet/2.4.7.Final/weld-servlet-2.4.7.Final.jar:/home/user/.m2/repository/org/glassfish/jersey/containers/jersey-container-servlet-core/2.27/jersey-container-servlet-core-2.27.jar:/home/user/.m2/repository/org/glassfish/hk2/external/javax.inject/2.5.0-b42/javax.inject-2.5.0-b42.jar:/home/user/.m2/repository/org/glassfish/jersey/core/jersey-common/2.27/jersey-common-2.27.jar:/home/user/.m2/repository/org/glassfish/hk2/osgi-resource-locator/1.0.1/osgi-resource-locator-1.0.1.jar:/home/user/.m2/repository/javax/ws/rs/javax.ws.rs-api/2.1/javax.ws.rs-api-2.1.jar:/home/user/.m2/repository/org/glassfish/jersey/ext/cdi/jersey-cdi1x/2.27/jersey-cdi1x-2.27.jar:/home/user/.m2/repository/org/glassfish/jersey/inject/jersey-hk2/2.27/jersey-hk2-2.27.jar:/home/user/.m2/repository/org/glassfish/hk2/hk2-locator/2.5.0-b42/hk2-locator-2.5.0-b42.jar:/home/user/.m2/repository/org/javassist/javassist/3.22.0-CR2/javassist-3.22.0-CR2.jar:/home/user/.m2/repository/org/glassfish/hk2/hk2-api/2.5.0/hk2-api-2.5.0.jar:/home/user/.m2/repository/org/glassfish/hk2/external/jakarta.inject/2.5.0/jakarta.inject-2.5.0.jar:/home/user/.m2/repository/org/glassfish/hk2/hk2-utils/2.5.0/hk2-utils-2.5.0.jar:/home/user/.m2/repository/jakarta/annotation/jakarta.annotation-api/1.3.4/jakarta.annotation-api-1.3.4.jar:/home/user/.m2/repository/org/glassfish/hk2/external/aopalliance-repackaged/2.5.0/aopalliance-repackaged-2.5.0.jar:/home/user/.m2/repository/com/fasterxml/jackson/dataformat/jackson-dataformat-xml/2.9.0/jackson-dataformat-xml-2.9.0.jar:/home/user/.m2/repository/com/fasterxml/jackson/core/jackson-core/2.9.9/jackson-core-2.9.9.jar:/home/user/.m2/repository/com/fasterxml/jackson/module/jackson-module-jaxb-annotations/2.9.9/jackson-module-jaxb-annotations-2.9.9.jar:/home/user/.m2/repository/javax/enterprise/cdi-api/1.2/cdi-api-1.2.jar:/home/user/.m2/repository/javax/el/javax.el-api/3.0.0/javax.el-api-3.0.0.jar:/home/user/.m2/repository/javax/interceptor/javax.interceptor-api/1.2/javax.interceptor-api-1.2.jar:/home/user/.m2/repository/javax/inject/javax.inject/1/javax.inject-1.jar:/home/user/.m2/repository/com/sun/xml/bind/jaxb-impl/2.3.0.1/jaxb-impl-2.3.0.1.jar:/home/user/.m2/repository/com/sun/xml/bind/jaxb-core/2.3.0.1/jaxb-core-2.3.0.1.jar:/home/user/.m2/repository/javax/xml/bind/jaxb-api/2.3.0/jaxb-api-2.3.0.jar:/home/user/.m2/repository/javax/activation/activation/1.1.1/activation-1.1.1.jar:/home/user/.m2/repository/org/apache/hadoop/hadoop-ozone-csi/0.5.0-SNAPSHOT/hadoop-ozone-csi-0.5.0-SNAPSHOT.jar:/home/user/.m2/repository/com/google/protobuf/protobuf-java-util/3.5.1/protobuf-java-util-3.5.1.jar:/home/user/.m2/repository/org/apache/hadoop/hadoop-hdds-config/0.5.0-SNAPSHOT/hadoop-hdds-config-0.5.0-SNAPSHOT.jar:/home/user/.m2/repository/io/grpc/grpc-netty/1.17.1/grpc-netty-1.17.1.jar:/home/user/.m2/repository/io/grpc/grpc-core/1.17.1/grpc-core-1.17.1.jar:/home/user/.m2/repository/io/grpc/grpc-context/1.17.1/grpc-context-1.17.1.jar:/home/user/.m2/repository/com/google/errorprone/error_prone_annotations/2.2.0/error_prone_annotations-2.2.0.jar:/home/user/.m2/repository/org/codehaus/mojo/animal-sniffer-annotations/1.17/animal-sniffer-annotations-1.17.jar:/home/user/.m2/repository/io/opencensus/opencensus-api/0.17.0/opencensus-api-0.17.0.jar:/home/user/.m2/repository/io/opencensus/opencensus-contrib-grpc-metrics/0.17.0/opencensus-contrib-grpc-metrics-0.17.0.jar:/home/user/.m2/repository/io/netty/netty-codec-http2/4.1.30.Final/netty-codec-http2-4.1.30.Final.jar:/home/user/.m2/repository/io/netty/netty-codec-http/4.1.30.Final/netty-codec-http-4.1.30.Final.jar:/home/user/.m2/repository/io/netty/netty-codec/4.1.30.Final/netty-codec-4.1.30.Final.jar:/home/user/.m2/repository/io/netty/netty-handler/4.1.30.Final/netty-handler-4.1.30.Final.jar:/home/user/.m2/repository/io/netty/netty-handler-proxy/4.1.30.Final/netty-handler-proxy-4.1.30.Final.jar:/home/user/.m2/repository/io/netty/netty-codec-socks/4.1.30.Final/netty-codec-socks-4.1.30.Final.jar:/home/user/.m2/repository/io/netty/netty-transport-native-epoll/4.1.30.Final/netty-transport-native-epoll-4.1.30.Final.jar:/home/user/.m2/repository/io/netty/netty-common/4.1.30.Final/netty-common-4.1.30.Final.jar:/home/user/.m2/repository/io/netty/netty-buffer/4.1.30.Final/netty-buffer-4.1.30.Final.jar:/home/user/.m2/repository/io/netty/netty-transport/4.1.30.Final/netty-transport-4.1.30.Final.jar:/home/user/.m2/repository/io/netty/netty-resolver/4.1.30.Final/netty-resolver-4.1.30.Final.jar:/home/user/.m2/repository/io/netty/netty-transport-native-unix-common/4.1.30.Final/netty-transport-native-unix-common-4.1.30.Final.jar:/home/user/.m2/repository/io/grpc/grpc-protobuf/1.17.1/grpc-protobuf-1.17.1.jar:/home/user/.m2/repository/com/google/api/grpc/proto-google-common-protos/1.0.0/proto-google-common-protos-1.0.0.jar:/home/user/.m2/repository/io/grpc/grpc-protobuf-lite/1.17.1/grpc-protobuf-lite-1.17.1.jar:/home/user/.m2/repository/io/grpc/grpc-stub/1.17.1/grpc-stub-1.17.1.jar:/home/user/.m2/repository/org/apache/hadoop/hadoop-ozone-recon/0.5.0-SNAPSHOT/hadoop-ozone-recon-0.5.0-SNAPSHOT.jar:/home/user/.m2/repository/org/apache/hadoop/hadoop-ozone-reconcodegen/0.5.0-SNAPSHOT/hadoop-ozone-reconcodegen-0.5.0-SNAPSHOT.jar:/home/user/.m2/repository/com/google/inject/extensions/guice-multibindings/4.0/guice-multibindings-4.0.jar:/home/user/.m2/repository/com/google/inject/guice/4.0/guice-4.0.jar:/home/user/.m2/repository/aopalliance/aopalliance/1.0/aopalliance-1.0.jar:/home/user/.m2/repository/com/google/inject/extensions/guice-servlet/4.0/guice-servlet-4.0.jar:/home/user/.m2/repository/org/glassfish/jersey/containers/jersey-container-servlet/2.27/jersey-container-servlet-2.27.jar:/home/user/.m2/repository/org/glassfish/hk2/guice-bridge/2.5.0/guice-bridge-2.5.0.jar:/home/user/.m2/repository/org/glassfish/jersey/core/jersey-server/2.27/jersey-server-2.27.jar:/home/user/.m2/repository/org/glassfish/jersey/core/jersey-client/2.27/jersey-client-2.27.jar:/home/user/.m2/repository/org/glassfish/jersey/media/jersey-media-jaxb/2.27/jersey-media-jaxb-2.27.jar:/home/user/.m2/repository/javax/validation/validation-api/1.1.0.Final/validation-api-1.1.0.Final.jar:/home/user/.m2/repository/org/glassfish/jersey/media/jersey-media-json-jackson/2.27/jersey-media-json-jackson-2.27.jar:/home/user/.m2/repository/org/glassfish/jersey/ext/jersey-entity-filtering/2.27/jersey-entity-filtering-2.27.jar:/home/user/.m2/repository/com/google/inject/extensions/guice-assistedinject/4.0/guice-assistedinject-4.0.jar:/home/user/.m2/repository/org/jooq/jooq/3.11.10/jooq-3.11.10.jar:/home/user/.m2/repository/org/jooq/jooq-meta/3.11.10/jooq-meta-3.11.10.jar:/home/user/.m2/repository/org/jooq/jooq-codegen/3.11.10/jooq-codegen-3.11.10.jar:/home/user/.m2/repository/com/jolbox/bonecp/0.8.0.RELEASE/bonecp-0.8.0.RELEASE.jar:/home/user/.m2/repository/org/xerial/sqlite-jdbc/3.25.2/sqlite-jdbc-3.25.2.jar:/home/user/.m2/repository/org/springframework/spring-jdbc/5.1.3.RELEASE/spring-jdbc-5.1.3.RELEASE.jar:/home/user/.m2/repository/org/springframework/spring-beans/5.1.3.RELEASE/spring-beans-5.1.3.RELEASE.jar:/home/user/.m2/repository/org/springframework/spring-core/5.1.3.RELEASE/spring-core-5.1.3.RELEASE.jar:/home/user/.m2/repository/org/springframework/spring-jcl/5.1.3.RELEASE/spring-jcl-5.1.3.RELEASE.jar:/home/user/.m2/repository/org/springframework/spring-tx/5.1.3.RELEASE/spring-tx-5.1.3.RELEASE.jar:/home/user/.m2/repository/org/apache/hadoop/hadoop-ozone-client/0.5.0-SNAPSHOT/hadoop-ozone-client-0.5.0-SNAPSHOT.jar:/home/user/.m2/repository/commons-lang/commons-lang/2.6/commons-lang-2.6.jar:/home/user/.m2/repository/org/apache/hadoop/hadoop-ozone-ozone-manager/0.5.0-SNAPSHOT/hadoop-ozone-ozone-manager-0.5.0-SNAPSHOT-tests.jar:/home/user/.m2/repository/junit/junit/4.11/junit-4.11.jar:/home/user/.m2/repository/org/hamcrest/hamcrest-core/1.3/hamcrest-core-1.3.jar:/home/user/.m2/repository/org/openjdk/jmh/jmh-core/1.19/jmh-core-1.19.jar:/home/user/.m2/repository/net/sf/jopt-simple/jopt-simple/4.6/jopt-simple-4.6.jar:/home/user/.m2/repository/org/apache/commons/commons-math3/3.1.1/commons-math3-3.1.1.jar:/home/user/.m2/repository/org/openjdk/jmh/jmh-generator-annprocess/1.19/jmh-generator-annprocess-1.19.jar:/home/user/.m2/repository/org/mockito/mockito-all/1.8.5/mockito-all-1.8.5.jar:/home/user/.m2/repository/org/apache/hadoop/hadoop-kms/3.2.0/hadoop-kms-3.2.0.jar:/home/user/.m2/repository/org/apache/hadoop/hadoop-auth/3.2.0/hadoop-auth-3.2.0.jar:/home/user/.m2/repository/com/nimbusds/nimbus-jose-jwt/4.41.1/nimbus-jose-jwt-4.41.1.jar:/home/user/.m2/repository/com/github/stephenc/jcip/jcip-annotations/1.0-1/jcip-annotations-1.0-1.jar:/home/user/.m2/repository/net/minidev/json-smart/2.3/json-smart-2.3.jar:/home/user/.m2/repository/net/minidev/accessors-smart/1.2/accessors-smart-1.2.jar:/home/user/.m2/repository/org/ow2/asm/asm/5.0.4/asm-5.0.4.jar:/home/user/.m2/repository/org/apache/curator/curator-framework/2.12.0/curator-framework-2.12.0.jar:/home/user/.m2/repository/com/sun/jersey/jersey-core/1.19/jersey-core-1.19.jar:/home/user/.m2/repository/javax/ws/rs/jsr311-api/1.1.1/jsr311-api-1.1.1.jar:/home/user/.m2/repository/com/sun/jersey/jersey-server/1.19/jersey-server-1.19.jar:/home/user/.m2/repository/javax/servlet/javax.servlet-api/3.1.0/javax.servlet-api-3.1.0.jar:/home/user/.m2/repository/org/eclipse/jetty/jetty-server/9.3.25.v20180904/jetty-server-9.3.25.v20180904.jar:/home/user/.m2/repository/org/eclipse/jetty/jetty-http/9.3.25.v20180904/jetty-http-9.3.25.v20180904.jar:/home/user/.m2/repository/org/eclipse/jetty/jetty-io/9.3.25.v20180904/jetty-io-9.3.25.v20180904.jar:/home/user/.m2/repository/org/eclipse/jetty/jetty-webapp/9.3.25.v20180904/jetty-webapp-9.3.25.v20180904.jar:/home/user/.m2/repository/org/eclipse/jetty/jetty-xml/9.3.25.v20180904/jetty-xml-9.3.25.v20180904.jar:/home/user/.m2/repository/log4j/log4j/1.2.17/log4j-1.2.17.jar:/home/user/.m2/repository/org/slf4j/slf4j-api/1.7.25/slf4j-api-1.7.25.jar:/home/user/.m2/repository/org/slf4j/jul-to-slf4j/1.7.25/jul-to-slf4j-1.7.25.jar:/home/user/.m2/repository/org/eclipse/jetty/jetty-util/9.3.25.v20180904/jetty-util-9.3.25.v20180904.jar:/home/user/.m2/repository/com/fasterxml/jackson/core/jackson-databind/2.9.9/jackson-databind-2.9.9.jar:/home/user/.m2/repository/org/apache/hadoop/hadoop-kms/3.2.0/hadoop-kms-3.2.0-tests.jar:/home/user/.m2/repository/org/apache/hadoop/hadoop-hdds-server-scm/0.5.0-SNAPSHOT/hadoop-hdds-server-scm-0.5.0-SNAPSHOT-tests.jar:/home/user/.m2/repository/org/apache/hadoop/hadoop-hdds-container-service/0.5.0-SNAPSHOT/hadoop-hdds-container-service-0.5.0-SNAPSHOT-tests.jar:/home/user/.m2/repository/org/yaml/snakeyaml/1.16/snakeyaml-1.16.jar:/home/user/.m2/repository/org/apache/hadoop/hadoop-common/3.2.0/hadoop-common-3.2.0-tests.jar:/home/user/.m2/repository/org/apache/hadoop/hadoop-annotations/3.2.0/hadoop-annotations-3.2.0.jar:/usr/lib/jvm/java-1.8.0-openjdk-1.8.0.222.b10-1.el7_7.x86_64/jre/../lib/tools.jar:/home/user/.m2/repository/commons-cli/commons-cli/1.2/commons-cli-1.2.jar:/home/user/.m2/repository/org/apache/httpcomponents/httpclient/4.5.2/httpclient-4.5.2.jar:/home/user/.m2/repository/org/apache/httpcomponents/httpcore/4.4.4/httpcore-4.4.4.jar:/home/user/.m2/repository/commons-codec/commons-codec/1.11/commons-codec-1.11.jar:/home/user/.m2/repository/commons-net/commons-net/3.6/commons-net-3.6.jar:/home/user/.m2/repository/commons-collections/commons-collections/3.2.2/commons-collections-3.2.2.jar:/home/user/.m2/repository/org/eclipse/jetty/jetty-servlet/9.3.25.v20180904/jetty-servlet-9.3.25.v20180904.jar:/home/user/.m2/repository/org/eclipse/jetty/jetty-security/9.3.25.v20180904/jetty-security-9.3.25.v20180904.jar:/home/user/.m2/repository/javax/servlet/jsp/jsp-api/2.1/jsp-api-2.1.jar:/home/user/.m2/repository/com/sun/jersey/jersey-servlet/1.19/jersey-servlet-1.19.jar:/home/user/.m2/repository/com/sun/jersey/jersey-json/1.19/jersey-json-1.19.jar:/home/user/.m2/repository/org/codehaus/jettison/jettison/1.1/jettison-1.1.jar:/home/user/.m2/repository/org/codehaus/jackson/jackson-core-asl/1.9.13/jackson-core-asl-1.9.13.jar:/home/user/.m2/repository/org/codehaus/jackson/jackson-mapper-asl/1.9.13/jackson-mapper-asl-1.9.13.jar:/home/user/.m2/repository/org/codehaus/jackson/jackson-jaxrs/1.9.13/jackson-jaxrs-1.9.13.jar:/home/user/.m2/repository/org/codehaus/jackson/jackson-xc/1.9.13/jackson-xc-1.9.13.jar:/home/user/.m2/repository/commons-logging/commons-logging/1.1.3/commons-logging-1.1.3.jar:/home/user/.m2/repository/commons-beanutils/commons-beanutils/1.9.4/commons-beanutils-1.9.4.jar:/home/user/.m2/repository/org/apache/commons/commons-configuration2/2.1.1/commons-configuration2-2.1.1.jar:/home/user/.m2/repository/org/apache/commons/commons-lang3/3.7/commons-lang3-3.7.jar:/home/user/.m2/repository/org/apache/commons/commons-text/1.4/commons-text-1.4.jar:/home/user/.m2/repository/org/apache/avro/avro/1.7.7/avro-1.7.7.jar:/home/user/.m2/repository/com/thoughtworks/paranamer/paranamer/2.3/paranamer-2.3.jar:/home/user/.m2/repository/org/xerial/snappy/snappy-java/1.0.5/snappy-java-1.0.5.jar:/home/user/.m2/repository/com/google/re2j/re2j/1.1/re2j-1.1.jar:/home/user/.m2/repository/com/google/code/gson/gson/2.2.4/gson-2.2.4.jar:/home/user/.m2/repository/com/jcraft/jsch/0.1.54/jsch-0.1.54.jar:/home/user/.m2/repository/org/apache/curator/curator-client/2.12.0/curator-client-2.12.0.jar:/home/user/.m2/repository/org/apache/curator/curator-recipes/2.12.0/curator-recipes-2.12.0.jar:/home/user/.m2/repository/com/google/code/findbugs/jsr305/3.0.0/jsr305-3.0.0.jar:/home/user/.m2/repository/org/apache/htrace/htrace-core4/4.1.0-incubating/htrace-core4-4.1.0-incubating.jar:/home/user/.m2/repository/org/apache/zookeeper/zookeeper/3.4.13/zookeeper-3.4.13.jar:/home/user/.m2/repository/jline/jline/0.9.94/jline-0.9.94.jar:/home/user/.m2/repository/org/apache/yetus/audience-annotations/0.5.0/audience-annotations-0.5.0.jar:/home/user/.m2/repository/org/codehaus/woodstox/stax2-api/3.1.4/stax2-api-3.1.4.jar:/home/user/.m2/repository/com/fasterxml/woodstox/woodstox-core/5.0.3/woodstox-core-5.0.3.jar:/home/user/.m2/repository/dnsjava/dnsjava/2.1.7/dnsjava-2.1.7.jar:/home/user/.m2/repository/org/apache/hadoop/hadoop-hdfs/3.2.0/hadoop-hdfs-3.2.0-tests.jar:/home/user/.m2/repository/org/eclipse/jetty/jetty-util-ajax/9.3.25.v20180904/jetty-util-ajax-9.3.25.v20180904.jar:/home/user/.m2/repository/commons-daemon/commons-daemon/1.0.13/commons-daemon-1.0.13.jar:/home/user/.m2/repository/io/netty/netty/3.10.5.Final/netty-3.10.5.Final.jar:/home/user/.m2/repository/io/netty/netty-all/4.0.52.Final/netty-all-4.0.52.Final.jar:/home/user/.m2/repository/org/fusesource/leveldbjni/leveldbjni-all/1.8/leveldbjni-all-1.8.jar:"/>
    <property name="sun.cpu.endian" value="little"/>
    <property name="user.home" value="/home/user"/>
    <property name="user.language" value="en"/>
    <property name="java.specification.vendor" value="Oracle Corporation"/>
    <property name="java.home" value="/usr/lib/jvm/java-1.8.0-openjdk-1.8.0.222.b10-1.el7_7.x86_64/jre"/>
    <property name="surefire.excludesFile" value="/tools/ozone-bad-unit-tests"/>
    <property name="java.security.krb5.conf" value="/workdir/hadoop-ozone/integration-test/target/test-classes/krb5.conf"/>
    <property name="basedir" value="/workdir/hadoop-ozone/integration-test"/>
    <property name="file.separator" value="/"/>
    <property name="line.separator" value="&#10;"/>
    <property name="java.vm.specification.vendor" value="Oracle Corporation"/>
    <property name="java.specification.name" value="Java Platform API Specification"/>
    <property name="java.awt.graphicsenv" value="sun.awt.X11GraphicsEnvironment"/>
    <property name="surefire.real.class.path" value="/workdir/hadoop-ozone/integration-test/target/surefire/surefirebooter2774941924100925823.jar"/>
    <property name="hadoop.log.dir" value="/workdir/hadoop-ozone/integration-test/target/log"/>
    <property name="sun.boot.class.path" value="/usr/lib/jvm/java-1.8.0-openjdk-1.8.0.222.b10-1.el7_7.x86_64/jre/lib/resources.jar:/usr/lib/jvm/java-1.8.0-openjdk-1.8.0.222.b10-1.el7_7.x86_64/jre/lib/rt.jar:/usr/lib/jvm/java-1.8.0-openjdk-1.8.0.222.b10-1.el7_7.x86_64/jre/lib/sunrsasign.jar:/usr/lib/jvm/java-1.8.0-openjdk-1.8.0.222.b10-1.el7_7.x86_64/jre/lib/jsse.jar:/usr/lib/jvm/java-1.8.0-openjdk-1.8.0.222.b10-1.el7_7.x86_64/jre/lib/jce.jar:/usr/lib/jvm/java-1.8.0-openjdk-1.8.0.222.b10-1.el7_7.x86_64/jre/lib/charsets.jar:/usr/lib/jvm/java-1.8.0-openjdk-1.8.0.222.b10-1.el7_7.x86_64/jre/lib/jfr.jar:/usr/lib/jvm/java-1.8.0-openjdk-1.8.0.222.b10-1.el7_7.x86_64/jre/classes"/>
    <property name="sun.management.compiler" value="HotSpot 64-Bit Tiered Compilers"/>
    <property name="java.runtime.version" value="1.8.0_222-b10"/>
    <property name="java.net.preferIPv4Stack" value="true"/>
    <property name="user.name" value="jenkins1000"/>
    <property name="path.separator" value=":"/>
    <property name="java.security.egd" value="file:///dev/urandom"/>
    <property name="os.version" value="3.10.0-957.12.2.el7.x86_64"/>
    <property name="java.endorsed.dirs" value="/usr/lib/jvm/java-1.8.0-openjdk-1.8.0.222.b10-1.el7_7.x86_64/jre/lib/endorsed"/>
    <property name="java.runtime.name" value="OpenJDK Runtime Environment"/>
    <property name="file.encoding" value="ANSI_X3.4-1968"/>
    <property name="java.vm.name" value="OpenJDK 64-Bit Server VM"/>
    <property name="test.build.webapps" value=""/>
    <property name="localRepository" value="/home/user/.m2/repository"/>
    <property name="java.vendor.url.bug" value="http://bugreport.sun.com/bugreport/"/>
    <property name="java.io.tmpdir" value="/tmp"/>
    <property name="require.test.libhadoop" value=""/>
    <property name="java.version" value="1.8.0_222"/>
    <property name="user.dir" value="/workdir/hadoop-ozone/integration-test"/>
    <property name="os.arch" value="amd64"/>
    <property name="java.vm.specification.name" value="Java Virtual Machine Specification"/>
    <property name="test.build.classes" value="/workdir/hadoop-ozone/integration-test/target/test-classes"/>
    <property name="java.awt.printerjob" value="sun.print.PSPrinterJob"/>
    <property name="sun.os.patch.level" value="unknown"/>
    <property name="hadoop.tmp.dir" value="/workdir/hadoop-ozone/integration-test/target/tmp"/>
    <property name="java.library.path" value="/usr/lib:/workdir/hadoop-ozone/integration-test/target/native/target/usr/local/lib:/workdir/hadoop-ozone/integration-test/../../hadoop-common-project/hadoop-common/target/native/target/usr/local/lib:/usr/java/packages/lib/amd64:/usr/lib64:/lib64:/lib:/usr/lib"/>
    <property name="java.vm.info" value="mixed mode"/>
    <property name="java.vendor" value="Oracle Corporation"/>
    <property name="java.vm.version" value="25.222-b10"/>
    <property name="java.ext.dirs" value="/usr/lib/jvm/java-1.8.0-openjdk-1.8.0.222.b10-1.el7_7.x86_64/jre/lib/ext:/usr/java/packages/lib/ext"/>
    <property name="sun.io.unicode.encoding" value="UnicodeLittle"/>
    <property name="java.class.version" value="52.0"/>
  </properties>
  <testcase name="testSeek" classname="org.apache.hadoop.ozone.client.rpc.TestKeyInputStream" time="210.523">
    <failure message="expected:&lt;3&gt; but was:&lt;6&gt;" type="java.lang.AssertionError"><![CDATA[java.lang.AssertionError: expected:<3> but was:<6>
	at org.junit.Assert.fail(Assert.java:88)
	at org.junit.Assert.failNotEquals(Assert.java:743)
	at org.junit.Assert.assertEquals(Assert.java:118)
	at org.junit.Assert.assertEquals(Assert.java:555)
	at org.junit.Assert.assertEquals(Assert.java:542)
	at org.apache.hadoop.ozone.client.rpc.TestKeyInputStream.testSeek(TestKeyInputStream.java:142)
	at sun.reflect.NativeMethodAccessorImpl.invoke0(Native Method)
	at sun.reflect.NativeMethodAccessorImpl.invoke(NativeMethodAccessorImpl.java:62)
	at sun.reflect.DelegatingMethodAccessorImpl.invoke(DelegatingMethodAccessorImpl.java:43)
	at java.lang.reflect.Method.invoke(Method.java:498)
	at org.junit.runners.model.FrameworkMethod$1.runReflectiveCall(FrameworkMethod.java:47)
	at org.junit.internal.runners.model.ReflectiveCallable.run(ReflectiveCallable.java:12)
	at org.junit.runners.model.FrameworkMethod.invokeExplosively(FrameworkMethod.java:44)
	at org.junit.internal.runners.statements.InvokeMethod.evaluate(InvokeMethod.java:17)
	at org.junit.runners.ParentRunner.runLeaf(ParentRunner.java:271)
	at org.junit.runners.BlockJUnit4ClassRunner.runChild(BlockJUnit4ClassRunner.java:70)
	at org.junit.runners.BlockJUnit4ClassRunner.runChild(BlockJUnit4ClassRunner.java:50)
	at org.junit.runners.ParentRunner$3.run(ParentRunner.java:238)
	at org.junit.runners.ParentRunner$1.schedule(ParentRunner.java:63)
	at org.junit.runners.ParentRunner.runChildren(ParentRunner.java:236)
	at org.junit.runners.ParentRunner.access$000(ParentRunner.java:53)
	at org.junit.runners.ParentRunner$2.evaluate(ParentRunner.java:229)
	at org.junit.internal.runners.statements.RunBefores.evaluate(RunBefores.java:26)
	at org.junit.internal.runners.statements.RunAfters.evaluate(RunAfters.java:27)
	at org.junit.runners.ParentRunner.run(ParentRunner.java:309)
	at org.apache.maven.surefire.junit4.JUnit4Provider.execute(JUnit4Provider.java:365)
	at org.apache.maven.surefire.junit4.JUnit4Provider.executeWithRerun(JUnit4Provider.java:273)
	at org.apache.maven.surefire.junit4.JUnit4Provider.executeTestSet(JUnit4Provider.java:238)
	at org.apache.maven.surefire.junit4.JUnit4Provider.invoke(JUnit4Provider.java:159)
	at org.apache.maven.surefire.booter.ForkedBooter.invokeProviderInSameClassLoader(ForkedBooter.java:384)
	at org.apache.maven.surefire.booter.ForkedBooter.runSuitesInProcess(ForkedBooter.java:345)
	at org.apache.maven.surefire.booter.ForkedBooter.execute(ForkedBooter.java:126)
	at org.apache.maven.surefire.booter.ForkedBooter.main(ForkedBooter.java:418)
]]></failure>
    <system-out><![CDATA[2019-10-17 11:22:16,868 [main] WARN  server.ServerUtils (ServerUtils.java:getScmDbDir(145)) - ozone.scm.db.dirs is not configured. We recommend adding this setting. Falling back to ozone.metadata.dirs instead.
2019-10-17 11:22:16,994 [main] WARN  server.ServerUtils (ServerUtils.java:getScmDbDir(145)) - ozone.scm.db.dirs is not configured. We recommend adding this setting. Falling back to ozone.metadata.dirs instead.
2019-10-17 11:22:16,997 [main] WARN  server.ServerUtils (ServerUtils.java:getScmDbDir(145)) - ozone.scm.db.dirs is not configured. We recommend adding this setting. Falling back to ozone.metadata.dirs instead.
2019-10-17 11:22:17,023 [main] INFO  util.log (Log.java:initialized(192)) - Logging initialized @880ms
2019-10-17 11:22:17,122 [main] INFO  db.DBStoreBuilder (DBStoreBuilder.java:addTable(117)) - using custom profile for table: deletedBlocks
2019-10-17 11:22:17,122 [main] INFO  db.DBStoreBuilder (DBStoreBuilder.java:processTables(168)) - Using default column profile:DBProfile.DISK for Table:deletedBlocks
2019-10-17 11:22:17,123 [main] INFO  db.DBStoreBuilder (DBStoreBuilder.java:addTable(117)) - using custom profile for table: validCerts
2019-10-17 11:22:17,123 [main] INFO  db.DBStoreBuilder (DBStoreBuilder.java:processTables(168)) - Using default column profile:DBProfile.DISK for Table:validCerts
2019-10-17 11:22:17,123 [main] INFO  db.DBStoreBuilder (DBStoreBuilder.java:addTable(117)) - using custom profile for table: revokedCerts
2019-10-17 11:22:17,123 [main] INFO  db.DBStoreBuilder (DBStoreBuilder.java:processTables(168)) - Using default column profile:DBProfile.DISK for Table:revokedCerts
2019-10-17 11:22:17,135 [main] INFO  db.DBStoreBuilder (DBStoreBuilder.java:addTable(117)) - using custom profile for table: default
2019-10-17 11:22:17,135 [main] INFO  db.DBStoreBuilder (DBStoreBuilder.java:processTables(174)) - Using default column profile:DBProfile.DISK for Table:default
2019-10-17 11:22:17,137 [main] INFO  db.DBStoreBuilder (DBStoreBuilder.java:getDbProfile(205)) - Using default options. DBProfile.DISK
2019-10-17 11:22:17,506 [main] INFO  net.NodeSchemaLoader (NodeSchemaLoader.java:loadSchemaFromFile(125)) - Loading file from sun.misc.CompoundEnumeration@5fe94a96
2019-10-17 11:22:17,508 [main] INFO  net.NodeSchemaLoader (NodeSchemaLoader.java:loadSchema(171)) - Loading network topology layer schema file
2019-10-17 11:22:17,568 [main] INFO  node.SCMNodeManager (SCMNodeManager.java:<init>(116)) - Entering startup safe mode.
2019-10-17 11:22:17,655 [main] INFO  algorithms.ContainerPlacementPolicyFactory (ContainerPlacementPolicyFactory.java:getPolicy(59)) - Create container placement policy of type org.apache.hadoop.hdds.scm.container.placement.algorithms.SCMContainerPlacementRandom
2019-10-17 11:22:17,676 [main] WARN  server.ServerUtils (ServerUtils.java:getScmDbDir(145)) - ozone.scm.db.dirs is not configured. We recommend adding this setting. Falling back to ozone.metadata.dirs instead.
2019-10-17 11:22:17,791 [main] INFO  pipeline.SCMPipelineManager (SCMPipelineManager.java:initializePipelineState(137)) - No pipeline exists in current db
2019-10-17 11:22:17,794 [main] WARN  server.ServerUtils (ServerUtils.java:getScmDbDir(145)) - ozone.scm.db.dirs is not configured. We recommend adding this setting. Falling back to ozone.metadata.dirs instead.
2019-10-17 11:22:17,939 [main] WARN  events.EventQueue (EventQueue.java:fireEvent(183)) - No event handler registered for event TypedEvent{payloadType=SafeModeStatus, name='SafeModeStatus'}
2019-10-17 11:22:18,291 [main] INFO  ipc.CallQueueManager (CallQueueManager.java:<init>(84)) - Using callQueue: class java.util.concurrent.LinkedBlockingQueue, queueCapacity: 2000, scheduler: class org.apache.hadoop.ipc.DefaultRpcScheduler, ipcBackoff: false.
2019-10-17 11:22:18,314 [Socket Reader #1 for port 33367] INFO  ipc.Server (Server.java:run(1074)) - Starting Socket Reader #1 for port 33367
2019-10-17 11:22:18,412 [main] INFO  ipc.CallQueueManager (CallQueueManager.java:<init>(84)) - Using callQueue: class java.util.concurrent.LinkedBlockingQueue, queueCapacity: 2000, scheduler: class org.apache.hadoop.ipc.DefaultRpcScheduler, ipcBackoff: false.
2019-10-17 11:22:18,413 [Socket Reader #1 for port 42597] INFO  ipc.Server (Server.java:run(1074)) - Starting Socket Reader #1 for port 42597
2019-10-17 11:22:18,420 [main] INFO  ipc.CallQueueManager (CallQueueManager.java:<init>(84)) - Using callQueue: class java.util.concurrent.LinkedBlockingQueue, queueCapacity: 2000, scheduler: class org.apache.hadoop.ipc.DefaultRpcScheduler, ipcBackoff: false.
2019-10-17 11:22:18,420 [Socket Reader #1 for port 44829] INFO  ipc.Server (Server.java:run(1074)) - Starting Socket Reader #1 for port 44829
2019-10-17 11:22:18,440 [main] INFO  hdfs.DFSUtil (DFSUtil.java:httpServerTemplateForNNAndJN(1641)) - Starting Web-server for scm at: http://0.0.0.0:0
2019-10-17 11:22:18,599 [main] INFO  server.AuthenticationFilter (AuthenticationFilter.java:constructSecretProvider(240)) - Unable to initialize FileSignerSecretProvider, falling back to use random secrets.
2019-10-17 11:22:18,612 [main] WARN  http.HttpRequestLog (HttpRequestLog.java:getRequestLog(97)) - Jetty request log can only be enabled using Log4j
2019-10-17 11:22:18,623 [main] INFO  http.HttpServer2 (HttpServer2.java:addGlobalFilter(975)) - Added global filter 'safety' (class=org.apache.hadoop.http.HttpServer2$QuotingInputFilter)
2019-10-17 11:22:18,626 [main] INFO  http.HttpServer2 (HttpServer2.java:addFilter(948)) - Added filter static_user_filter (class=org.apache.hadoop.http.lib.StaticUserWebFilter$StaticUserFilter) to context scm
2019-10-17 11:22:18,627 [main] INFO  http.HttpServer2 (HttpServer2.java:addFilter(958)) - Added filter static_user_filter (class=org.apache.hadoop.http.lib.StaticUserWebFilter$StaticUserFilter) to context static
2019-10-17 11:22:18,627 [main] INFO  http.HttpServer2 (HttpServer2.java:addFilter(958)) - Added filter static_user_filter (class=org.apache.hadoop.http.lib.StaticUserWebFilter$StaticUserFilter) to context logs
2019-10-17 11:22:18,673 [main] INFO  server.StorageContainerManager (StorageContainerManager.java:start(772)) - StorageContainerLocationProtocol RPC server is listening at /0.0.0.0:44829
2019-10-17 11:22:18,768 [main] WARN  impl.MetricsConfig (MetricsConfig.java:loadFirst(134)) - Cannot locate configuration: tried hadoop-metrics2-storagecontainermanager.properties,hadoop-metrics2.properties
2019-10-17 11:22:18,789 [main] INFO  impl.MetricsSystemImpl (MetricsSystemImpl.java:startTimer(374)) - Scheduled Metric snapshot period at 10 second(s).
2019-10-17 11:22:18,789 [main] INFO  impl.MetricsSystemImpl (MetricsSystemImpl.java:start(191)) - StorageContainerManager metrics system started
2019-10-17 11:22:19,070 [main] INFO  server.SCMClientProtocolServer (SCMClientProtocolServer.java:start(159)) - RPC server for Client  is listening at /0.0.0.0:44829
2019-10-17 11:22:19,071 [IPC Server Responder] INFO  ipc.Server (Server.java:run(1314)) - IPC Server Responder: starting
2019-10-17 11:22:19,071 [IPC Server listener on 44829] INFO  ipc.Server (Server.java:run(1153)) - IPC Server listener on 44829: starting
2019-10-17 11:22:19,074 [main] INFO  server.StorageContainerManager (StorageContainerManager.java:start(782)) - ScmBlockLocationProtocol RPC server is listening at /0.0.0.0:42597
2019-10-17 11:22:19,074 [main] INFO  server.SCMBlockProtocolServer (SCMBlockProtocolServer.java:start(146)) - RPC server for Block Protocol is listening at /0.0.0.0:42597
2019-10-17 11:22:19,075 [IPC Server listener on 42597] INFO  ipc.Server (Server.java:run(1153)) - IPC Server listener on 42597: starting
2019-10-17 11:22:19,075 [IPC Server Responder] INFO  ipc.Server (Server.java:run(1314)) - IPC Server Responder: starting
2019-10-17 11:22:19,077 [main] INFO  server.StorageContainerManager (StorageContainerManager.java:start(786)) - ScmDatanodeProtocl RPC server is listening at /0.0.0.0:33367
2019-10-17 11:22:19,077 [main] INFO  server.SCMDatanodeProtocolServer (SCMDatanodeProtocolServer.java:start(169)) - RPC server for DataNodes is listening at /0.0.0.0:33367
2019-10-17 11:22:19,078 [IPC Server listener on 33367] INFO  ipc.Server (Server.java:run(1153)) - IPC Server listener on 33367: starting
2019-10-17 11:22:19,078 [IPC Server Responder] INFO  ipc.Server (Server.java:run(1314)) - IPC Server Responder: starting
2019-10-17 11:22:19,082 [main] INFO  http.HttpServer2 (HttpServer2.java:bindListener(1191)) - Jetty bound to port 40431
2019-10-17 11:22:19,085 [main] INFO  server.Server (Server.java:doStart(351)) - jetty-9.3.25.v20180904, build timestamp: 2018-09-04T21:11:46Z, git hash: 3ce520221d0240229c862b122d2b06c12a625732
2019-10-17 11:22:19,127 [main] INFO  handler.ContextHandler (ContextHandler.java:doStart(781)) - Started o.e.j.s.ServletContextHandler@18bc345{/logs,file:///workdir/hadoop-ozone/integration-test/target/log,AVAILABLE}
2019-10-17 11:22:19,128 [main] INFO  handler.ContextHandler (ContextHandler.java:doStart(781)) - Started o.e.j.s.ServletContextHandler@26bab2f1{/static,file:///workdir/hadoop-ozone/integration-test/target/test-classes/webapps/static,AVAILABLE}
2019-10-17 11:22:19,159 [main] INFO  handler.ContextHandler (ContextHandler.java:doStart(781)) - Started o.e.j.w.WebAppContext@1b822fcc{/,file:///workdir/hadoop-ozone/integration-test/target/test-classes/webapps/scm/,AVAILABLE}{/scm}
2019-10-17 11:22:19,164 [main] INFO  server.AbstractConnector (AbstractConnector.java:doStart(278)) - Started ServerConnector@245a26e1{HTTP/1.1,[http/1.1]}{0.0.0.0:40431}
2019-10-17 11:22:19,165 [main] INFO  server.Server (Server.java:doStart(419)) - Started @3022ms
2019-10-17 11:22:19,167 [main] INFO  impl.MetricsSinkAdapter (MetricsSinkAdapter.java:start(204)) - Sink prometheus started
2019-10-17 11:22:19,167 [main] INFO  impl.MetricsSystemImpl (MetricsSystemImpl.java:registerSink(301)) - Registered sink prometheus
2019-10-17 11:22:19,169 [main] INFO  server.BaseHttpServer (BaseHttpServer.java:updateConnectorAddress(215)) - HTTP server of SCM is listening at http://0.0.0.0:40431
2019-10-17 11:22:19,176 [org.apache.hadoop.util.JvmPauseMonitor$Monitor@733c423e] INFO  util.JvmPauseMonitor (JvmPauseMonitor.java:run(188)) - Starting JVM pause monitor
2019-10-17 11:22:19,181 [main] WARN  server.ServerUtils (ServerUtils.java:getDBPath(222)) - ozone.om.db.dirs is not configured. We recommend adding this setting. Falling back to ozone.metadata.dirs instead.
2019-10-17 11:22:19,373 [main] INFO  ha.OMHANodeDetails (OMHANodeDetails.java:loadOMHAConfig(190)) - Configuration either no ozone.om.address set. Falling back to the default OM address /127.0.0.1:0
2019-10-17 11:22:19,373 [main] INFO  ha.OMHANodeDetails (OMHANodeDetails.java:getOMNodeDetails(220)) - OM Service ID is not set. Setting it to the default ID: omServiceIdDefault
2019-10-17 11:22:19,376 [main] WARN  server.ServerUtils (ServerUtils.java:getDBPath(222)) - ozone.om.db.dirs is not configured. We recommend adding this setting. Falling back to ozone.metadata.dirs instead.
2019-10-17 11:22:19,377 [main] WARN  server.ServerUtils (ServerUtils.java:getDBPath(222)) - ozone.om.db.dirs is not configured. We recommend adding this setting. Falling back to ozone.metadata.dirs instead.
2019-10-17 11:22:20,128 [main] WARN  server.ServerUtils (ServerUtils.java:getDBPath(222)) - ozone.om.db.dirs is not configured. We recommend adding this setting. Falling back to ozone.metadata.dirs instead.
2019-10-17 11:22:20,140 [main] INFO  db.DBStoreBuilder (DBStoreBuilder.java:addTable(117)) - using custom profile for table: userTable
2019-10-17 11:22:20,140 [main] INFO  db.DBStoreBuilder (DBStoreBuilder.java:processTables(168)) - Using default column profile:DBProfile.DISK for Table:userTable
2019-10-17 11:22:20,141 [main] INFO  db.DBStoreBuilder (DBStoreBuilder.java:addTable(117)) - using custom profile for table: volumeTable
2019-10-17 11:22:20,141 [main] INFO  db.DBStoreBuilder (DBStoreBuilder.java:processTables(168)) - Using default column profile:DBProfile.DISK for Table:volumeTable
2019-10-17 11:22:20,141 [main] INFO  db.DBStoreBuilder (DBStoreBuilder.java:addTable(117)) - using custom profile for table: bucketTable
2019-10-17 11:22:20,142 [main] INFO  db.DBStoreBuilder (DBStoreBuilder.java:processTables(168)) - Using default column profile:DBProfile.DISK for Table:bucketTable
2019-10-17 11:22:20,142 [main] INFO  db.DBStoreBuilder (DBStoreBuilder.java:addTable(117)) - using custom profile for table: keyTable
2019-10-17 11:22:20,142 [main] INFO  db.DBStoreBuilder (DBStoreBuilder.java:processTables(168)) - Using default column profile:DBProfile.DISK for Table:keyTable
2019-10-17 11:22:20,143 [main] INFO  db.DBStoreBuilder (DBStoreBuilder.java:addTable(117)) - using custom profile for table: deletedTable
2019-10-17 11:22:20,143 [main] INFO  db.DBStoreBuilder (DBStoreBuilder.java:processTables(168)) - Using default column profile:DBProfile.DISK for Table:deletedTable
2019-10-17 11:22:20,144 [main] INFO  db.DBStoreBuilder (DBStoreBuilder.java:addTable(117)) - using custom profile for table: openKeyTable
2019-10-17 11:22:20,144 [main] INFO  db.DBStoreBuilder (DBStoreBuilder.java:processTables(168)) - Using default column profile:DBProfile.DISK for Table:openKeyTable
2019-10-17 11:22:20,144 [main] INFO  db.DBStoreBuilder (DBStoreBuilder.java:addTable(117)) - using custom profile for table: s3Table
2019-10-17 11:22:20,144 [main] INFO  db.DBStoreBuilder (DBStoreBuilder.java:processTables(168)) - Using default column profile:DBProfile.DISK for Table:s3Table
2019-10-17 11:22:20,145 [main] INFO  db.DBStoreBuilder (DBStoreBuilder.java:addTable(117)) - using custom profile for table: multipartInfoTable
2019-10-17 11:22:20,145 [main] INFO  db.DBStoreBuilder (DBStoreBuilder.java:processTables(168)) - Using default column profile:DBProfile.DISK for Table:multipartInfoTable
2019-10-17 11:22:20,146 [main] INFO  db.DBStoreBuilder (DBStoreBuilder.java:addTable(117)) - using custom profile for table: dTokenTable
2019-10-17 11:22:20,146 [main] INFO  db.DBStoreBuilder (DBStoreBuilder.java:processTables(168)) - Using default column profile:DBProfile.DISK for Table:dTokenTable
2019-10-17 11:22:20,146 [main] INFO  db.DBStoreBuilder (DBStoreBuilder.java:addTable(117)) - using custom profile for table: s3SecretTable
2019-10-17 11:22:20,147 [main] INFO  db.DBStoreBuilder (DBStoreBuilder.java:processTables(168)) - Using default column profile:DBProfile.DISK for Table:s3SecretTable
2019-10-17 11:22:20,147 [main] INFO  db.DBStoreBuilder (DBStoreBuilder.java:addTable(117)) - using custom profile for table: prefixTable
2019-10-17 11:22:20,147 [main] INFO  db.DBStoreBuilder (DBStoreBuilder.java:processTables(168)) - Using default column profile:DBProfile.DISK for Table:prefixTable
2019-10-17 11:22:20,148 [main] INFO  db.DBStoreBuilder (DBStoreBuilder.java:addTable(117)) - using custom profile for table: default
2019-10-17 11:22:20,148 [main] INFO  db.DBStoreBuilder (DBStoreBuilder.java:processTables(174)) - Using default column profile:DBProfile.DISK for Table:default
2019-10-17 11:22:20,148 [main] INFO  db.DBStoreBuilder (DBStoreBuilder.java:getDbProfile(205)) - Using default options. DBProfile.DISK
2019-10-17 11:22:20,738 [main] INFO  ipc.CallQueueManager (CallQueueManager.java:<init>(84)) - Using callQueue: class java.util.concurrent.LinkedBlockingQueue, queueCapacity: 2000, scheduler: class org.apache.hadoop.ipc.DefaultRpcScheduler, ipcBackoff: false.
2019-10-17 11:22:20,739 [Socket Reader #1 for port 42141] INFO  ipc.Server (Server.java:run(1074)) - Starting Socket Reader #1 for port 42141
2019-10-17 11:22:20,768 [main] INFO  om.OzoneManager (OzoneManager.java:start(1071)) - OzoneManager RPC server is listening at localhost/127.0.0.1:42141
2019-10-17 11:22:20,769 [main] INFO  impl.MetricsSystemImpl (MetricsSystemImpl.java:init(158)) - OzoneManager metrics system started (again)
2019-10-17 11:22:20,779 [IPC Server Responder] INFO  ipc.Server (Server.java:run(1314)) - IPC Server Responder: starting
2019-10-17 11:22:20,779 [IPC Server listener on 42141] INFO  ipc.Server (Server.java:run(1153)) - IPC Server listener on 42141: starting
2019-10-17 11:22:20,786 [main] INFO  hdfs.DFSUtil (DFSUtil.java:httpServerTemplateForNNAndJN(1641)) - Starting Web-server for ozoneManager at: http://0.0.0.0:0
2019-10-17 11:22:20,788 [main] INFO  server.AuthenticationFilter (AuthenticationFilter.java:constructSecretProvider(240)) - Unable to initialize FileSignerSecretProvider, falling back to use random secrets.
2019-10-17 11:22:20,789 [main] WARN  http.HttpRequestLog (HttpRequestLog.java:getRequestLog(97)) - Jetty request log can only be enabled using Log4j
2019-10-17 11:22:20,791 [main] INFO  http.HttpServer2 (HttpServer2.java:addGlobalFilter(975)) - Added global filter 'safety' (class=org.apache.hadoop.http.HttpServer2$QuotingInputFilter)
2019-10-17 11:22:20,792 [main] INFO  http.HttpServer2 (HttpServer2.java:addFilter(948)) - Added filter static_user_filter (class=org.apache.hadoop.http.lib.StaticUserWebFilter$StaticUserFilter) to context ozoneManager
2019-10-17 11:22:20,792 [main] INFO  http.HttpServer2 (HttpServer2.java:addFilter(958)) - Added filter static_user_filter (class=org.apache.hadoop.http.lib.StaticUserWebFilter$StaticUserFilter) to context logs
2019-10-17 11:22:20,792 [main] INFO  http.HttpServer2 (HttpServer2.java:addFilter(958)) - Added filter static_user_filter (class=org.apache.hadoop.http.lib.StaticUserWebFilter$StaticUserFilter) to context static
2019-10-17 11:22:20,795 [main] INFO  http.HttpServer2 (HttpServer2.java:bindListener(1191)) - Jetty bound to port 35233
2019-10-17 11:22:20,795 [main] INFO  server.Server (Server.java:doStart(351)) - jetty-9.3.25.v20180904, build timestamp: 2018-09-04T21:11:46Z, git hash: 3ce520221d0240229c862b122d2b06c12a625732
2019-10-17 11:22:20,798 [main] INFO  handler.ContextHandler (ContextHandler.java:doStart(781)) - Started o.e.j.s.ServletContextHandler@12a160c2{/logs,file:///workdir/hadoop-ozone/integration-test/target/log,AVAILABLE}
2019-10-17 11:22:20,799 [main] INFO  handler.ContextHandler (ContextHandler.java:doStart(781)) - Started o.e.j.s.ServletContextHandler@6b3871d6{/static,file:///workdir/hadoop-ozone/integration-test/target/test-classes/webapps/static,AVAILABLE}
2019-10-17 11:22:20,805 [main] INFO  handler.ContextHandler (ContextHandler.java:doStart(781)) - Started o.e.j.w.WebAppContext@303a5119{/,file:///workdir/hadoop-ozone/integration-test/target/test-classes/webapps/ozoneManager/,AVAILABLE}{/ozoneManager}
2019-10-17 11:22:20,807 [main] INFO  server.AbstractConnector (AbstractConnector.java:doStart(278)) - Started ServerConnector@75b3673{HTTP/1.1,[http/1.1]}{0.0.0.0:35233}
2019-10-17 11:22:20,807 [main] INFO  server.Server (Server.java:doStart(419)) - Started @4664ms
2019-10-17 11:22:20,808 [main] WARN  impl.MetricsSystemImpl (MetricsSystemImpl.java:register(276)) - Sink prometheus already exists!
2019-10-17 11:22:20,809 [main] INFO  server.BaseHttpServer (BaseHttpServer.java:updateConnectorAddress(215)) - HTTP server of OZONEMANAGER is listening at http://0.0.0.0:35233
2019-10-17 11:22:21,097 [main] INFO  impl.MetricsSystemImpl (MetricsSystemImpl.java:init(158)) - HddsDatanode metrics system started (again)
2019-10-17 11:22:21,168 [main] INFO  ozone.HddsDatanodeService (HddsDatanodeService.java:start(184)) - HddsDatanodeService host:pr-hdds-1569-jxtqp-958769943 ip:192.168.164.239
2019-10-17 11:22:21,206 [main] INFO  volume.HddsVolume (HddsVolume.java:<init>(176)) - Creating Volume: /workdir/hadoop-ozone/integration-test/target/test-dir/MiniOzoneClusterImpl-768d9c75-2411-484d-8912-1e22cbfad202/datanode-0/data/containers/hdds of  storage type : DISK and capacity : 1482555576320
2019-10-17 11:22:21,211 [main] INFO  volume.VolumeSet (VolumeSet.java:initializeVolumeSet(170)) - Added Volume : /workdir/hadoop-ozone/integration-test/target/test-dir/MiniOzoneClusterImpl-768d9c75-2411-484d-8912-1e22cbfad202/datanode-0/data/containers/hdds to VolumeSet
2019-10-17 11:22:21,216 [main] INFO  volume.ThrottledAsyncChecker (ThrottledAsyncChecker.java:schedule(141)) - Scheduling a check for org.apache.hadoop.ozone.container.common.volume.HddsVolume@421a4ee1
2019-10-17 11:22:21,242 [main] INFO  volume.HddsVolumeChecker (HddsVolumeChecker.java:checkAllVolumes(204)) - Scheduled health check for volume org.apache.hadoop.ozone.container.common.volume.HddsVolume@421a4ee1
2019-10-17 11:22:21,363 [main] INFO  impl.RaftServerProxy (ConfUtils.java:logGet(43)) - raft.rpc.type = GRPC (default)
2019-10-17 11:22:21,423 [main] INFO  grpc.GrpcFactory (GrpcFactory.java:checkPooledByteBufAllocatorUseCacheForAllThreads(45)) - PERFORMANCE WARNING: useCacheForAllThreads is true that may cause Netty to create a lot garbage objects and, as a result, trigger GC.
	It is recommended to disable useCacheForAllThreads by setting -Dorg.apache.ratis.thirdparty.io.netty.allocator.useCacheForAllThreads=false in command line.
2019-10-17 11:22:21,428 [main] INFO  grpc.GrpcConfigKeys$Server (ConfUtils.java:logGet(43)) - raft.grpc.server.port = 0 (default)
2019-10-17 11:22:21,429 [main] INFO  server.GrpcService (ConfUtils.java:logGet(43)) - raft.grpc.message.size.max = 33570816 (custom)
2019-10-17 11:22:21,431 [main] INFO  server.RaftServerConfigKeys (ConfUtils.java:logGet(43)) - raft.server.log.appender.buffer.byte-limit = 33554432 (custom)
2019-10-17 11:22:21,432 [main] INFO  server.GrpcService (ConfUtils.java:logGet(43)) - raft.grpc.flow.control.window = 1MB (=1048576) (default)
2019-10-17 11:22:21,432 [main] INFO  server.RaftServerConfigKeys (ConfUtils.java:logGet(43)) - raft.server.rpc.request.timeout = 3000ms (default)
2019-10-17 11:22:21,597 [main] INFO  server.RaftServerConfigKeys (ConfUtils.java:logGet(43)) - raft.server.storage.dir = [/workdir/hadoop-ozone/integration-test/target/test-dir/MiniOzoneClusterImpl-768d9c75-2411-484d-8912-1e22cbfad202/datanode-0/data/ratis] (custom)
2019-10-17 11:22:21,656 [main] INFO  hdfs.DFSUtil (DFSUtil.java:httpServerTemplateForNNAndJN(1641)) - Starting Web-server for hddsDatanode at: http://0.0.0.0:0
2019-10-17 11:22:21,659 [main] INFO  server.AuthenticationFilter (AuthenticationFilter.java:constructSecretProvider(240)) - Unable to initialize FileSignerSecretProvider, falling back to use random secrets.
2019-10-17 11:22:21,660 [main] WARN  http.HttpRequestLog (HttpRequestLog.java:getRequestLog(97)) - Jetty request log can only be enabled using Log4j
2019-10-17 11:22:21,662 [main] INFO  http.HttpServer2 (HttpServer2.java:addGlobalFilter(975)) - Added global filter 'safety' (class=org.apache.hadoop.http.HttpServer2$QuotingInputFilter)
2019-10-17 11:22:21,663 [main] INFO  http.HttpServer2 (HttpServer2.java:addFilter(948)) - Added filter static_user_filter (class=org.apache.hadoop.http.lib.StaticUserWebFilter$StaticUserFilter) to context hddsDatanode
2019-10-17 11:22:21,663 [main] INFO  http.HttpServer2 (HttpServer2.java:addFilter(958)) - Added filter static_user_filter (class=org.apache.hadoop.http.lib.StaticUserWebFilter$StaticUserFilter) to context static
2019-10-17 11:22:21,664 [main] INFO  http.HttpServer2 (HttpServer2.java:addFilter(958)) - Added filter static_user_filter (class=org.apache.hadoop.http.lib.StaticUserWebFilter$StaticUserFilter) to context logs
2019-10-17 11:22:21,665 [main] INFO  http.HttpServer2 (HttpServer2.java:bindListener(1191)) - Jetty bound to port 39015
2019-10-17 11:22:21,666 [main] INFO  server.Server (Server.java:doStart(351)) - jetty-9.3.25.v20180904, build timestamp: 2018-09-04T21:11:46Z, git hash: 3ce520221d0240229c862b122d2b06c12a625732
2019-10-17 11:22:21,669 [main] INFO  handler.ContextHandler (ContextHandler.java:doStart(781)) - Started o.e.j.s.ServletContextHandler@51288417{/logs,file:///workdir/hadoop-ozone/integration-test/target/log,AVAILABLE}
2019-10-17 11:22:21,670 [main] INFO  handler.ContextHandler (ContextHandler.java:doStart(781)) - Started o.e.j.s.ServletContextHandler@1e0895f5{/static,jar:file:/home/user/.m2/repository/org/apache/hadoop/hadoop-hdds-container-service/0.5.0-SNAPSHOT/hadoop-hdds-container-service-0.5.0-SNAPSHOT.jar!/webapps/static,AVAILABLE}
2019-10-17 11:22:21,715 [main] INFO  handler.ContextHandler (ContextHandler.java:doStart(781)) - Started o.e.j.w.WebAppContext@73c9e8e8{/,file:///tmp/jetty-0.0.0.0-39015-hddsDatanode-_-any-4294662070625477109.dir/webapp/,AVAILABLE}{/hddsDatanode}
2019-10-17 11:22:21,716 [main] INFO  server.AbstractConnector (AbstractConnector.java:doStart(278)) - Started ServerConnector@de8039f{HTTP/1.1,[http/1.1]}{0.0.0.0:39015}
2019-10-17 11:22:21,716 [main] INFO  server.Server (Server.java:doStart(419)) - Started @5574ms
2019-10-17 11:22:21,716 [main] WARN  impl.MetricsSystemImpl (MetricsSystemImpl.java:register(276)) - Sink prometheus already exists!
2019-10-17 11:22:21,719 [main] INFO  server.BaseHttpServer (BaseHttpServer.java:updateConnectorAddress(215)) - HTTP server of HDDSDATANODE is listening at http://0.0.0.0:39015
2019-10-17 11:22:21,720 [main] INFO  impl.MetricsSystemImpl (MetricsSystemImpl.java:init(158)) - HddsDatanode metrics system started (again)
2019-10-17 11:22:21,724 [main] INFO  ozone.HddsDatanodeService (HddsDatanodeService.java:start(184)) - HddsDatanodeService host:pr-hdds-1569-jxtqp-958769943 ip:192.168.164.239
2019-10-17 11:22:21,725 [org.apache.hadoop.util.JvmPauseMonitor$Monitor@588de07a] INFO  util.JvmPauseMonitor (JvmPauseMonitor.java:run(188)) - Starting JVM pause monitor
2019-10-17 11:22:21,735 [main] INFO  volume.HddsVolume (HddsVolume.java:<init>(176)) - Creating Volume: /workdir/hadoop-ozone/integration-test/target/test-dir/MiniOzoneClusterImpl-768d9c75-2411-484d-8912-1e22cbfad202/datanode-1/data/containers/hdds of  storage type : DISK and capacity : 1482555576320
2019-10-17 11:22:21,736 [main] INFO  volume.VolumeSet (VolumeSet.java:initializeVolumeSet(170)) - Added Volume : /workdir/hadoop-ozone/integration-test/target/test-dir/MiniOzoneClusterImpl-768d9c75-2411-484d-8912-1e22cbfad202/datanode-1/data/containers/hdds to VolumeSet
2019-10-17 11:22:21,736 [main] INFO  volume.ThrottledAsyncChecker (ThrottledAsyncChecker.java:schedule(141)) - Scheduling a check for org.apache.hadoop.ozone.container.common.volume.HddsVolume@546e61d5
2019-10-17 11:22:21,737 [main] INFO  volume.HddsVolumeChecker (HddsVolumeChecker.java:checkAllVolumes(204)) - Scheduled health check for volume org.apache.hadoop.ozone.container.common.volume.HddsVolume@546e61d5
2019-10-17 11:22:21,757 [main] INFO  impl.RaftServerProxy (ConfUtils.java:logGet(43)) - raft.rpc.type = GRPC (default)
2019-10-17 11:22:21,757 [main] INFO  grpc.GrpcFactory (GrpcFactory.java:checkPooledByteBufAllocatorUseCacheForAllThreads(45)) - PERFORMANCE WARNING: useCacheForAllThreads is true that may cause Netty to create a lot garbage objects and, as a result, trigger GC.
	It is recommended to disable useCacheForAllThreads by setting -Dorg.apache.ratis.thirdparty.io.netty.allocator.useCacheForAllThreads=false in command line.
2019-10-17 11:22:21,757 [main] INFO  grpc.GrpcConfigKeys$Server (ConfUtils.java:logGet(43)) - raft.grpc.server.port = 0 (default)
2019-10-17 11:22:21,758 [main] INFO  server.GrpcService (ConfUtils.java:logGet(43)) - raft.grpc.message.size.max = 33570816 (custom)
2019-10-17 11:22:21,758 [main] INFO  server.RaftServerConfigKeys (ConfUtils.java:logGet(43)) - raft.server.log.appender.buffer.byte-limit = 33554432 (custom)
2019-10-17 11:22:21,758 [main] INFO  server.GrpcService (ConfUtils.java:logGet(43)) - raft.grpc.flow.control.window = 1MB (=1048576) (default)
2019-10-17 11:22:21,759 [main] INFO  server.RaftServerConfigKeys (ConfUtils.java:logGet(43)) - raft.server.rpc.request.timeout = 3000ms (default)
2019-10-17 11:22:21,760 [main] INFO  server.RaftServerConfigKeys (ConfUtils.java:logGet(43)) - raft.server.storage.dir = [/workdir/hadoop-ozone/integration-test/target/test-dir/MiniOzoneClusterImpl-768d9c75-2411-484d-8912-1e22cbfad202/datanode-1/data/ratis] (custom)
2019-10-17 11:22:21,762 [main] INFO  hdfs.DFSUtil (DFSUtil.java:httpServerTemplateForNNAndJN(1641)) - Starting Web-server for hddsDatanode at: http://0.0.0.0:0
2019-10-17 11:22:21,764 [main] INFO  server.AuthenticationFilter (AuthenticationFilter.java:constructSecretProvider(240)) - Unable to initialize FileSignerSecretProvider, falling back to use random secrets.
2019-10-17 11:22:21,764 [main] WARN  http.HttpRequestLog (HttpRequestLog.java:getRequestLog(97)) - Jetty request log can only be enabled using Log4j
2019-10-17 11:22:21,767 [main] INFO  http.HttpServer2 (HttpServer2.java:addGlobalFilter(975)) - Added global filter 'safety' (class=org.apache.hadoop.http.HttpServer2$QuotingInputFilter)
2019-10-17 11:22:21,767 [main] INFO  http.HttpServer2 (HttpServer2.java:addFilter(948)) - Added filter static_user_filter (class=org.apache.hadoop.http.lib.StaticUserWebFilter$StaticUserFilter) to context hddsDatanode
2019-10-17 11:22:21,768 [main] INFO  http.HttpServer2 (HttpServer2.java:addFilter(958)) - Added filter static_user_filter (class=org.apache.hadoop.http.lib.StaticUserWebFilter$StaticUserFilter) to context logs
2019-10-17 11:22:21,768 [main] INFO  http.HttpServer2 (HttpServer2.java:addFilter(958)) - Added filter static_user_filter (class=org.apache.hadoop.http.lib.StaticUserWebFilter$StaticUserFilter) to context static
2019-10-17 11:22:21,769 [main] INFO  http.HttpServer2 (HttpServer2.java:bindListener(1191)) - Jetty bound to port 38921
2019-10-17 11:22:21,769 [main] INFO  server.Server (Server.java:doStart(351)) - jetty-9.3.25.v20180904, build timestamp: 2018-09-04T21:11:46Z, git hash: 3ce520221d0240229c862b122d2b06c12a625732
2019-10-17 11:22:21,773 [main] INFO  handler.ContextHandler (ContextHandler.java:doStart(781)) - Started o.e.j.s.ServletContextHandler@1907874b{/logs,file:///workdir/hadoop-ozone/integration-test/target/log,AVAILABLE}
2019-10-17 11:22:21,773 [main] INFO  handler.ContextHandler (ContextHandler.java:doStart(781)) - Started o.e.j.s.ServletContextHandler@5b3a7ef5{/static,jar:file:/home/user/.m2/repository/org/apache/hadoop/hadoop-hdds-container-service/0.5.0-SNAPSHOT/hadoop-hdds-container-service-0.5.0-SNAPSHOT.jar!/webapps/static,AVAILABLE}
2019-10-17 11:22:21,811 [main] INFO  handler.ContextHandler (ContextHandler.java:doStart(781)) - Started o.e.j.w.WebAppContext@660f0c{/,file:///tmp/jetty-0.0.0.0-38921-hddsDatanode-_-any-4189716527528880188.dir/webapp/,AVAILABLE}{/hddsDatanode}
2019-10-17 11:22:21,812 [main] INFO  server.AbstractConnector (AbstractConnector.java:doStart(278)) - Started ServerConnector@7a0ef219{HTTP/1.1,[http/1.1]}{0.0.0.0:38921}
2019-10-17 11:22:21,814 [main] INFO  server.Server (Server.java:doStart(419)) - Started @5671ms
2019-10-17 11:22:21,814 [main] WARN  impl.MetricsSystemImpl (MetricsSystemImpl.java:register(276)) - Sink prometheus already exists!
2019-10-17 11:22:21,815 [main] INFO  server.BaseHttpServer (BaseHttpServer.java:updateConnectorAddress(215)) - HTTP server of HDDSDATANODE is listening at http://0.0.0.0:38921
2019-10-17 11:22:21,816 [main] INFO  impl.MetricsSystemImpl (MetricsSystemImpl.java:init(158)) - HddsDatanode metrics system started (again)
2019-10-17 11:22:21,818 [main] INFO  ozone.HddsDatanodeService (HddsDatanodeService.java:start(184)) - HddsDatanodeService host:pr-hdds-1569-jxtqp-958769943 ip:192.168.164.239
2019-10-17 11:22:21,819 [org.apache.hadoop.util.JvmPauseMonitor$Monitor@b27308f] INFO  util.JvmPauseMonitor (JvmPauseMonitor.java:run(188)) - Starting JVM pause monitor
2019-10-17 11:22:21,828 [main] INFO  volume.HddsVolume (HddsVolume.java:<init>(176)) - Creating Volume: /workdir/hadoop-ozone/integration-test/target/test-dir/MiniOzoneClusterImpl-768d9c75-2411-484d-8912-1e22cbfad202/datanode-2/data/containers/hdds of  storage type : DISK and capacity : 1482555576320
2019-10-17 11:22:21,830 [main] INFO  volume.VolumeSet (VolumeSet.java:initializeVolumeSet(170)) - Added Volume : /workdir/hadoop-ozone/integration-test/target/test-dir/MiniOzoneClusterImpl-768d9c75-2411-484d-8912-1e22cbfad202/datanode-2/data/containers/hdds to VolumeSet
2019-10-17 11:22:21,830 [main] INFO  volume.ThrottledAsyncChecker (ThrottledAsyncChecker.java:schedule(141)) - Scheduling a check for org.apache.hadoop.ozone.container.common.volume.HddsVolume@210308d5
2019-10-17 11:22:21,831 [main] INFO  volume.HddsVolumeChecker (HddsVolumeChecker.java:checkAllVolumes(204)) - Scheduled health check for volume org.apache.hadoop.ozone.container.common.volume.HddsVolume@210308d5
2019-10-17 11:22:21,851 [main] INFO  impl.RaftServerProxy (ConfUtils.java:logGet(43)) - raft.rpc.type = GRPC (default)
2019-10-17 11:22:21,852 [main] INFO  grpc.GrpcFactory (GrpcFactory.java:checkPooledByteBufAllocatorUseCacheForAllThreads(45)) - PERFORMANCE WARNING: useCacheForAllThreads is true that may cause Netty to create a lot garbage objects and, as a result, trigger GC.
	It is recommended to disable useCacheForAllThreads by setting -Dorg.apache.ratis.thirdparty.io.netty.allocator.useCacheForAllThreads=false in command line.
2019-10-17 11:22:21,852 [main] INFO  grpc.GrpcConfigKeys$Server (ConfUtils.java:logGet(43)) - raft.grpc.server.port = 0 (default)
2019-10-17 11:22:21,852 [main] INFO  server.GrpcService (ConfUtils.java:logGet(43)) - raft.grpc.message.size.max = 33570816 (custom)
2019-10-17 11:22:21,852 [main] INFO  server.RaftServerConfigKeys (ConfUtils.java:logGet(43)) - raft.server.log.appender.buffer.byte-limit = 33554432 (custom)
2019-10-17 11:22:21,853 [main] INFO  server.GrpcService (ConfUtils.java:logGet(43)) - raft.grpc.flow.control.window = 1MB (=1048576) (default)
2019-10-17 11:22:21,853 [Datanode State Machine Thread - 0] INFO  datanode.InitDatanodeState (InitDatanodeState.java:persistContainerDatanodeDetails(140)) - DatanodeDetails is persisted to /workdir/hadoop-ozone/integration-test/target/test-dir/MiniOzoneClusterImpl-768d9c75-2411-484d-8912-1e22cbfad202/datanode-0/meta/datanode.id
2019-10-17 11:22:21,853 [main] INFO  server.RaftServerConfigKeys (ConfUtils.java:logGet(43)) - raft.server.rpc.request.timeout = 3000ms (default)
2019-10-17 11:22:21,855 [main] INFO  server.RaftServerConfigKeys (ConfUtils.java:logGet(43)) - raft.server.storage.dir = [/workdir/hadoop-ozone/integration-test/target/test-dir/MiniOzoneClusterImpl-768d9c75-2411-484d-8912-1e22cbfad202/datanode-2/data/ratis] (custom)
2019-10-17 11:22:21,856 [Datanode State Machine Thread - 0] INFO  datanode.InitDatanodeState (InitDatanodeState.java:persistContainerDatanodeDetails(140)) - DatanodeDetails is persisted to /workdir/hadoop-ozone/integration-test/target/test-dir/MiniOzoneClusterImpl-768d9c75-2411-484d-8912-1e22cbfad202/datanode-1/meta/datanode.id
2019-10-17 11:22:21,858 [main] INFO  hdfs.DFSUtil (DFSUtil.java:httpServerTemplateForNNAndJN(1641)) - Starting Web-server for hddsDatanode at: http://0.0.0.0:0
2019-10-17 11:22:21,859 [main] INFO  server.AuthenticationFilter (AuthenticationFilter.java:constructSecretProvider(240)) - Unable to initialize FileSignerSecretProvider, falling back to use random secrets.
2019-10-17 11:22:21,860 [main] WARN  http.HttpRequestLog (HttpRequestLog.java:getRequestLog(97)) - Jetty request log can only be enabled using Log4j
2019-10-17 11:22:21,862 [main] INFO  http.HttpServer2 (HttpServer2.java:addGlobalFilter(975)) - Added global filter 'safety' (class=org.apache.hadoop.http.HttpServer2$QuotingInputFilter)
2019-10-17 11:22:21,863 [main] INFO  http.HttpServer2 (HttpServer2.java:addFilter(948)) - Added filter static_user_filter (class=org.apache.hadoop.http.lib.StaticUserWebFilter$StaticUserFilter) to context hddsDatanode
2019-10-17 11:22:21,863 [main] INFO  http.HttpServer2 (HttpServer2.java:addFilter(958)) - Added filter static_user_filter (class=org.apache.hadoop.http.lib.StaticUserWebFilter$StaticUserFilter) to context static
2019-10-17 11:22:21,864 [main] INFO  http.HttpServer2 (HttpServer2.java:addFilter(958)) - Added filter static_user_filter (class=org.apache.hadoop.http.lib.StaticUserWebFilter$StaticUserFilter) to context logs
2019-10-17 11:22:21,864 [main] INFO  http.HttpServer2 (HttpServer2.java:bindListener(1191)) - Jetty bound to port 44293
2019-10-17 11:22:21,865 [main] INFO  server.Server (Server.java:doStart(351)) - jetty-9.3.25.v20180904, build timestamp: 2018-09-04T21:11:46Z, git hash: 3ce520221d0240229c862b122d2b06c12a625732
2019-10-17 11:22:21,867 [main] INFO  handler.ContextHandler (ContextHandler.java:doStart(781)) - Started o.e.j.s.ServletContextHandler@6920614{/logs,file:///workdir/hadoop-ozone/integration-test/target/log,AVAILABLE}
2019-10-17 11:22:21,868 [main] INFO  handler.ContextHandler (ContextHandler.java:doStart(781)) - Started o.e.j.s.ServletContextHandler@5fa23c{/static,jar:file:/home/user/.m2/repository/org/apache/hadoop/hadoop-hdds-container-service/0.5.0-SNAPSHOT/hadoop-hdds-container-service-0.5.0-SNAPSHOT.jar!/webapps/static,AVAILABLE}
2019-10-17 11:22:21,912 [main] INFO  handler.ContextHandler (ContextHandler.java:doStart(781)) - Started o.e.j.w.WebAppContext@7a0e7ecd{/,file:///tmp/jetty-0.0.0.0-44293-hddsDatanode-_-any-6158246097875993513.dir/webapp/,AVAILABLE}{/hddsDatanode}
2019-10-17 11:22:21,914 [main] INFO  server.AbstractConnector (AbstractConnector.java:doStart(278)) - Started ServerConnector@54e3658c{HTTP/1.1,[http/1.1]}{0.0.0.0:44293}
2019-10-17 11:22:21,916 [main] INFO  server.Server (Server.java:doStart(419)) - Started @5774ms
2019-10-17 11:22:21,917 [main] WARN  impl.MetricsSystemImpl (MetricsSystemImpl.java:register(276)) - Sink prometheus already exists!
2019-10-17 11:22:21,918 [main] INFO  server.BaseHttpServer (BaseHttpServer.java:updateConnectorAddress(215)) - HTTP server of HDDSDATANODE is listening at http://0.0.0.0:44293
2019-10-17 11:22:21,920 [main] INFO  ozone.MiniOzoneClusterImpl (MiniOzoneClusterImpl.java:lambda$waitForClusterToBeReady$0(147)) - Waiting for cluster to be ready. Got 0 of 3 DN Heartbeats.
2019-10-17 11:22:21,921 [org.apache.hadoop.util.JvmPauseMonitor$Monitor@412c5071] INFO  util.JvmPauseMonitor (JvmPauseMonitor.java:run(188)) - Starting JVM pause monitor
2019-10-17 11:22:21,924 [Datanode State Machine Thread - 0] INFO  datanode.InitDatanodeState (InitDatanodeState.java:persistContainerDatanodeDetails(140)) - DatanodeDetails is persisted to /workdir/hadoop-ozone/integration-test/target/test-dir/MiniOzoneClusterImpl-768d9c75-2411-484d-8912-1e22cbfad202/datanode-2/meta/datanode.id
2019-10-17 11:22:22,920 [main] INFO  ozone.MiniOzoneClusterImpl (MiniOzoneClusterImpl.java:lambda$waitForClusterToBeReady$0(147)) - Waiting for cluster to be ready. Got 0 of 3 DN Heartbeats.
2019-10-17 11:22:23,804 [Datanode State Machine Thread - 0] INFO  ozoneimpl.OzoneContainer (OzoneContainer.java:start(213)) - Attempting to start container services.
2019-10-17 11:22:23,807 [Datanode State Machine Thread - 0] INFO  ozoneimpl.OzoneContainer (OzoneContainer.java:startContainerScrub(177)) - Background container scanner has been disabled.
2019-10-17 11:22:23,807 [Datanode State Machine Thread - 0] INFO  ratis.XceiverServerRatis (XceiverServerRatis.java:start(418)) - Starting XceiverServerRatis 4fbc0a64-e4c7-4a69-94fa-9804a8d7871e at port 0
2019-10-17 11:22:23,833 [Datanode State Machine Thread - 0] INFO  impl.RaftServerProxy (RaftServerProxy.java:lambda$start$3(299)) - 4fbc0a64-e4c7-4a69-94fa-9804a8d7871e: start RPC server
2019-10-17 11:22:23,849 [Datanode State Machine Thread - 0] INFO  ozoneimpl.OzoneContainer (OzoneContainer.java:start(213)) - Attempting to start container services.
2019-10-17 11:22:23,857 [Datanode State Machine Thread - 0] INFO  ozoneimpl.OzoneContainer (OzoneContainer.java:startContainerScrub(177)) - Background container scanner has been disabled.
2019-10-17 11:22:23,858 [Datanode State Machine Thread - 0] INFO  ratis.XceiverServerRatis (XceiverServerRatis.java:start(418)) - Starting XceiverServerRatis fd66befe-d3e0-4e51-a202-c759178c3599 at port 0
2019-10-17 11:22:23,871 [Datanode State Machine Thread - 0] INFO  impl.RaftServerProxy (RaftServerProxy.java:lambda$start$3(299)) - fd66befe-d3e0-4e51-a202-c759178c3599: start RPC server
2019-10-17 11:22:23,921 [main] INFO  ozone.MiniOzoneClusterImpl (MiniOzoneClusterImpl.java:lambda$waitForClusterToBeReady$0(147)) - Waiting for cluster to be ready. Got 0 of 3 DN Heartbeats.
2019-10-17 11:22:23,952 [Datanode State Machine Thread - 0] INFO  ozoneimpl.OzoneContainer (OzoneContainer.java:start(213)) - Attempting to start container services.
2019-10-17 11:22:23,954 [Datanode State Machine Thread - 0] INFO  ozoneimpl.OzoneContainer (OzoneContainer.java:startContainerScrub(177)) - Background container scanner has been disabled.
2019-10-17 11:22:23,955 [Datanode State Machine Thread - 0] INFO  ratis.XceiverServerRatis (XceiverServerRatis.java:start(418)) - Starting XceiverServerRatis 6ce2c6a7-9144-4b9b-bff9-06be29014ddc at port 0
2019-10-17 11:22:23,966 [Datanode State Machine Thread - 0] INFO  impl.RaftServerProxy (RaftServerProxy.java:lambda$start$3(299)) - 6ce2c6a7-9144-4b9b-bff9-06be29014ddc: start RPC server
2019-10-17 11:22:23,987 [Datanode State Machine Thread - 0] INFO  server.GrpcService (GrpcService.java:startImpl(158)) - 4fbc0a64-e4c7-4a69-94fa-9804a8d7871e: GrpcService started, listening on 0.0.0.0/0.0.0.0:39296
2019-10-17 11:22:23,987 [Datanode State Machine Thread - 0] INFO  server.GrpcService (GrpcService.java:startImpl(158)) - 6ce2c6a7-9144-4b9b-bff9-06be29014ddc: GrpcService started, listening on 0.0.0.0/0.0.0.0:34720
2019-10-17 11:22:23,987 [Datanode State Machine Thread - 0] INFO  server.GrpcService (GrpcService.java:startImpl(158)) - fd66befe-d3e0-4e51-a202-c759178c3599: GrpcService started, listening on 0.0.0.0/0.0.0.0:40732
2019-10-17 11:22:23,988 [Datanode State Machine Thread - 0] INFO  ratis.XceiverServerRatis (XceiverServerRatis.java:start(428)) - XceiverServerRatis 6ce2c6a7-9144-4b9b-bff9-06be29014ddc is started using port 34720
2019-10-17 11:22:23,988 [Datanode State Machine Thread - 0] INFO  ratis.XceiverServerRatis (XceiverServerRatis.java:start(428)) - XceiverServerRatis 4fbc0a64-e4c7-4a69-94fa-9804a8d7871e is started using port 39296
2019-10-17 11:22:23,988 [Datanode State Machine Thread - 0] INFO  ratis.XceiverServerRatis (XceiverServerRatis.java:start(428)) - XceiverServerRatis fd66befe-d3e0-4e51-a202-c759178c3599 is started using port 40732
2019-10-17 11:22:23,992 [Datanode State Machine Thread - 0] INFO  server.XceiverServerGrpc (XceiverServerGrpc.java:start(149)) - XceiverServerGrpc fd66befe-d3e0-4e51-a202-c759178c3599 is started using port 43166
2019-10-17 11:22:23,993 [Datanode State Machine Thread - 0] INFO  server.XceiverServerGrpc (XceiverServerGrpc.java:start(149)) - XceiverServerGrpc 6ce2c6a7-9144-4b9b-bff9-06be29014ddc is started using port 40068
2019-10-17 11:22:23,992 [Datanode State Machine Thread - 0] INFO  server.XceiverServerGrpc (XceiverServerGrpc.java:start(149)) - XceiverServerGrpc 4fbc0a64-e4c7-4a69-94fa-9804a8d7871e is started using port 38797
2019-10-17 11:22:24,922 [main] INFO  ozone.MiniOzoneClusterImpl (MiniOzoneClusterImpl.java:lambda$waitForClusterToBeReady$0(147)) - Waiting for cluster to be ready. Got 0 of 3 DN Heartbeats.
2019-10-17 11:22:25,764 [IPC Server handler 0 on 33367] INFO  net.NetworkTopology (NetworkTopologyImpl.java:add(111)) - Added a new node: /default-rack/4fbc0a64-e4c7-4a69-94fa-9804a8d7871e
2019-10-17 11:22:25,764 [IPC Server handler 0 on 33367] INFO  node.SCMNodeManager (SCMNodeManager.java:register(268)) - Registered Data node : 4fbc0a64-e4c7-4a69-94fa-9804a8d7871e{ip: 192.168.164.239, host: pr-hdds-1569-jxtqp-958769943, networkLocation: /default-rack, certSerialId: null}
2019-10-17 11:22:25,767 [EventQueue-NodeRegistrationContainerReportForDataNodeSafeModeRule] INFO  safemode.SCMSafeModeManager (DataNodeSafeModeRule.java:process(71)) - SCM in safe mode. 1 DataNodes registered, 1 required.
2019-10-17 11:22:25,767 [EventQueue-NodeRegistrationContainerReportForDataNodeSafeModeRule] INFO  safemode.SCMSafeModeManager (SCMSafeModeManager.java:validateSafeModeExitRules(177)) - ScmSafeModeManager, all rules are successfully validated
2019-10-17 11:22:25,767 [EventQueue-NodeRegistrationContainerReportForDataNodeSafeModeRule] INFO  safemode.SCMSafeModeManager (SCMSafeModeManager.java:exitSafeMode(193)) - SCM exiting safe mode.
2019-10-17 11:22:25,821 [IPC Server handler 2 on 33367] INFO  net.NetworkTopology (NetworkTopologyImpl.java:add(111)) - Added a new node: /default-rack/fd66befe-d3e0-4e51-a202-c759178c3599
2019-10-17 11:22:25,822 [IPC Server handler 2 on 33367] INFO  node.SCMNodeManager (SCMNodeManager.java:register(268)) - Registered Data node : fd66befe-d3e0-4e51-a202-c759178c3599{ip: 192.168.164.239, host: pr-hdds-1569-jxtqp-958769943, networkLocation: /default-rack, certSerialId: null}
2019-10-17 11:22:25,923 [main] INFO  ozone.MiniOzoneClusterImpl (MiniOzoneClusterImpl.java:lambda$waitForClusterToBeReady$0(147)) - Waiting for cluster to be ready. Got 2 of 3 DN Heartbeats.
2019-10-17 11:22:25,925 [IPC Server handler 1 on 33367] INFO  net.NetworkTopology (NetworkTopologyImpl.java:add(111)) - Added a new node: /default-rack/6ce2c6a7-9144-4b9b-bff9-06be29014ddc
2019-10-17 11:22:25,925 [IPC Server handler 1 on 33367] INFO  node.SCMNodeManager (SCMNodeManager.java:register(268)) - Registered Data node : 6ce2c6a7-9144-4b9b-bff9-06be29014ddc{ip: 192.168.164.239, host: pr-hdds-1569-jxtqp-958769943, networkLocation: /default-rack, certSerialId: null}
2019-10-17 11:22:26,169 [grpc-default-executor-0] INFO  impl.RaftServerProxy (RaftServerProxy.java:addNew(89)) - 4fbc0a64-e4c7-4a69-94fa-9804a8d7871e: addNew group-D0A43B4140C8:[4fbc0a64-e4c7-4a69-94fa-9804a8d7871e:192.168.164.239:39296] returns group-D0A43B4140C8:java.util.concurrent.CompletableFuture@21a1b83e[Not completed]
2019-10-17 11:22:26,180 [pool-27-thread-1] INFO  impl.RaftServerImpl (RaftServerImpl.java:<init>(95)) - 4fbc0a64-e4c7-4a69-94fa-9804a8d7871e: new RaftServerImpl for group-D0A43B4140C8:[4fbc0a64-e4c7-4a69-94fa-9804a8d7871e:192.168.164.239:39296] with ContainerStateMachine:uninitialized
2019-10-17 11:22:26,182 [pool-27-thread-1] INFO  server.RaftServerConfigKeys (ConfUtils.java:logGet(43)) - raft.server.rpc.timeout.min = 5s (custom)
2019-10-17 11:22:26,182 [pool-27-thread-1] INFO  server.RaftServerConfigKeys (ConfUtils.java:logGet(43)) - raft.server.rpc.timeout.max = 5200ms (custom)
2019-10-17 11:22:26,183 [pool-27-thread-1] INFO  server.RaftServerConfigKeys (ConfUtils.java:logGet(43)) - raft.server.rpcslowness.timeout = 120s (custom)
2019-10-17 11:22:26,183 [pool-27-thread-1] INFO  server.RaftServerConfigKeys (ConfUtils.java:logGet(43)) - raft.server.sleep.deviation.threshold = 300 (default)
2019-10-17 11:22:26,184 [pool-27-thread-1] INFO  server.RaftServerConfigKeys (ConfUtils.java:logGet(43)) - raft.server.log.appender.install.snapshot.enabled = false (custom)
2019-10-17 11:22:26,190 [pool-27-thread-1] INFO  impl.RaftServerImpl (ServerState.java:<init>(103)) - 4fbc0a64-e4c7-4a69-94fa-9804a8d7871e@group-D0A43B4140C8: ConfigurationManager, init=-1: [4fbc0a64-e4c7-4a69-94fa-9804a8d7871e:192.168.164.239:39296], old=null, confs=<EMPTY_MAP>
2019-10-17 11:22:26,191 [pool-27-thread-1] INFO  server.RaftServerConfigKeys (ConfUtils.java:logGet(43)) - raft.server.storage.dir = [/workdir/hadoop-ozone/integration-test/target/test-dir/MiniOzoneClusterImpl-768d9c75-2411-484d-8912-1e22cbfad202/datanode-0/data/ratis] (custom)
2019-10-17 11:22:26,197 [pool-27-thread-1] INFO  server.RaftServerConfigKeys (ConfUtils.java:logGet(43)) - raft.server.log.corruption.policy = EXCEPTION (default)
2019-10-17 11:22:26,199 [pool-27-thread-1] INFO  storage.RaftStorageDirectory (RaftStorageDirectory.java:analyzeStorage(246)) - The storage directory /workdir/hadoop-ozone/integration-test/target/test-dir/MiniOzoneClusterImpl-768d9c75-2411-484d-8912-1e22cbfad202/datanode-0/data/ratis/5724af0e-860f-46aa-9731-d0a43b4140c8 does not exist. Creating ...
2019-10-17 11:22:26,227 [pool-27-thread-1] INFO  storage.RaftStorageDirectory (RaftStorageDirectory.java:tryLock(328)) - Lock on /workdir/hadoop-ozone/integration-test/target/test-dir/MiniOzoneClusterImpl-768d9c75-2411-484d-8912-1e22cbfad202/datanode-0/data/ratis/5724af0e-860f-46aa-9731-d0a43b4140c8/in_use.lock acquired by nodename 31128@pr-hdds-1569-jxtqp-958769943
2019-10-17 11:22:26,250 [pool-27-thread-1] INFO  storage.RaftStorage (RaftStorage.java:format(84)) - Storage directory /workdir/hadoop-ozone/integration-test/target/test-dir/MiniOzoneClusterImpl-768d9c75-2411-484d-8912-1e22cbfad202/datanode-0/data/ratis/5724af0e-860f-46aa-9731-d0a43b4140c8 has been successfully formatted.
2019-10-17 11:22:26,252 [pool-27-thread-1] INFO  ratis.ContainerStateMachine (ContainerStateMachine.java:loadSnapshot(231)) - group-D0A43B4140C8: The snapshot info is null. Setting the last applied indexto:(t:0, i:~)
2019-10-17 11:22:26,252 [pool-27-thread-1] INFO  server.RaftServerConfigKeys (ConfUtils.java:logGet(43)) - raft.server.notification.no-leader.timeout = 120s (custom)
2019-10-17 11:22:26,254 [pool-27-thread-1] INFO  server.RaftServerConfigKeys (ConfUtils.java:logGet(43)) - raft.server.log.use.memory = false (default)
2019-10-17 11:22:26,258 [pool-27-thread-1] INFO  server.RaftServerConfigKeys (ConfUtils.java:logGet(43)) - raft.server.log.purge.gap = 1000000 (custom)
2019-10-17 11:22:26,258 [pool-27-thread-1] INFO  server.RaftServerConfigKeys (ConfUtils.java:logGet(43)) - raft.server.log.appender.buffer.byte-limit = 33554432 (custom)
2019-10-17 11:22:26,260 [pool-27-thread-1] INFO  server.RaftServerConfigKeys (ConfUtils.java:logGet(43)) - raft.server.log.segment.size.max = 1048576 (custom)
2019-10-17 11:22:26,261 [pool-27-thread-1] INFO  impl.MetricsSystemImpl (MetricsSystemImpl.java:init(158)) - ratis metrics system started (again)
2019-10-17 11:22:26,264 [pool-27-thread-1] INFO  metrics.MetricRegistries (MetricRegistriesLoader.java:load(64)) - Loaded MetricRegistries class org.apache.ratis.metrics.impl.MetricRegistriesImpl
2019-10-17 11:22:26,295 [pool-27-thread-1] INFO  server.RaftServerConfigKeys (ConfUtils.java:logGet(43)) - raft.server.log.segment.cache.num.max = 2 (custom)
2019-10-17 11:22:26,303 [pool-27-thread-1] INFO  segmented.SegmentedRaftLogWorker (SegmentedRaftLogWorker.java:<init>(173)) - new 4fbc0a64-e4c7-4a69-94fa-9804a8d7871e@group-D0A43B4140C8-SegmentedRaftLogWorker for RaftStorage:Storage Directory /workdir/hadoop-ozone/integration-test/target/test-dir/MiniOzoneClusterImpl-768d9c75-2411-484d-8912-1e22cbfad202/datanode-0/data/ratis/5724af0e-860f-46aa-9731-d0a43b4140c8
2019-10-17 11:22:26,304 [pool-27-thread-1] INFO  server.RaftServerConfigKeys (ConfUtils.java:logGet(43)) - raft.server.log.queue.byte-limit = 2147483647 (custom)
2019-10-17 11:22:26,305 [pool-27-thread-1] INFO  server.RaftServerConfigKeys (ConfUtils.java:logGet(43)) - raft.server.log.queue.element-limit = 1024 (custom)
2019-10-17 11:22:26,307 [pool-27-thread-1] INFO  server.RaftServerConfigKeys (ConfUtils.java:logGet(43)) - raft.server.log.segment.size.max = 1048576 (custom)
2019-10-17 11:22:26,307 [pool-27-thread-1] INFO  server.RaftServerConfigKeys (ConfUtils.java:logGet(43)) - raft.server.log.preallocated.size = 16384 (custom)
2019-10-17 11:22:26,308 [pool-27-thread-1] INFO  server.RaftServerConfigKeys (ConfUtils.java:logGet(43)) - raft.server.log.write.buffer.size = 33554432 (custom)
2019-10-17 11:22:26,309 [pool-27-thread-1] INFO  server.RaftServerConfigKeys (ConfUtils.java:logGet(43)) - raft.server.log.force.sync.num = 128 (default)
2019-10-17 11:22:26,310 [pool-27-thread-1] INFO  server.RaftServerConfigKeys (ConfUtils.java:logGet(43)) - raft.server.log.statemachine.data.sync = true (default)
2019-10-17 11:22:26,310 [pool-27-thread-1] INFO  server.RaftServerConfigKeys (ConfUtils.java:logGet(43)) - raft.server.log.statemachine.data.sync.timeout = 10s (default)
2019-10-17 11:22:26,311 [pool-27-thread-1] INFO  server.RaftServerConfigKeys (ConfUtils.java:logGet(43)) - raft.server.log.statemachine.data.sync.timeout.retry = -1 (default)
2019-10-17 11:22:26,326 [pool-27-thread-1] INFO  server.RaftServerConfigKeys (ConfUtils.java:logGet(43)) - raft.server.log.statemachine.data.caching.enabled = true (custom)
2019-10-17 11:22:26,332 [pool-27-thread-1] INFO  segmented.SegmentedRaftLogWorker (SegmentedRaftLogWorker.java:lambda$new$0(128)) - 4fbc0a64-e4c7-4a69-94fa-9804a8d7871e@group-D0A43B4140C8-SegmentedRaftLogWorker: flushIndex: setUnconditionally 0 -> -1
2019-10-17 11:22:26,337 [pool-27-thread-1] INFO  server.RaftServerConfigKeys (ConfUtils.java:logGet(43)) - raft.server.snapshot.auto.trigger.enabled = true (custom)
2019-10-17 11:22:26,338 [pool-27-thread-1] INFO  server.RaftServerConfigKeys (ConfUtils.java:logGet(43)) - raft.server.snapshot.auto.trigger.threshold = 10000 (custom)
2019-10-17 11:22:26,339 [pool-27-thread-1] INFO  server.RaftServerConfigKeys (ConfUtils.java:logGet(43)) - raft.server.snapshot.retention.file.num = 5 (custom)
2019-10-17 11:22:26,339 [pool-27-thread-1] INFO  server.RaftServerConfigKeys (ConfUtils.java:logGet(43)) - raft.server.retrycache.expirytime = 600000ms (custom)
2019-10-17 11:22:26,367 [pool-27-thread-1] INFO  impl.RaftServerImpl (RaftServerImpl.java:start(181)) - 4fbc0a64-e4c7-4a69-94fa-9804a8d7871e@group-D0A43B4140C8: start as a follower, conf=-1: [4fbc0a64-e4c7-4a69-94fa-9804a8d7871e:192.168.164.239:39296], old=null
2019-10-17 11:22:26,368 [pool-27-thread-1] INFO  impl.RaftServerImpl (RaftServerImpl.java:setRole(170)) - 4fbc0a64-e4c7-4a69-94fa-9804a8d7871e@group-D0A43B4140C8: changes role from      null to FOLLOWER at term 0 for startAsFollower
2019-10-17 11:22:26,369 [pool-27-thread-1] INFO  impl.RoleInfo (RoleInfo.java:updateAndGet(143)) - 4fbc0a64-e4c7-4a69-94fa-9804a8d7871e: start FollowerState
2019-10-17 11:22:26,371 [pool-27-thread-1] INFO  util.JmxRegister (JmxRegister.java:tryRegister(44)) - Successfully registered JMX Bean with object name Ratis:service=RaftServer,group=group-D0A43B4140C8,id=4fbc0a64-e4c7-4a69-94fa-9804a8d7871e
2019-10-17 11:22:26,428 [RatisPipelineUtilsThread] INFO  pipeline.PipelineStateManager (PipelineStateManager.java:addPipeline(56)) - Created pipeline Pipeline[ Id: 5724af0e-860f-46aa-9731-d0a43b4140c8, Nodes: 4fbc0a64-e4c7-4a69-94fa-9804a8d7871e{ip: 192.168.164.239, host: pr-hdds-1569-jxtqp-958769943, networkLocation: /default-rack, certSerialId: null}, Type:RATIS, Factor:ONE, State:OPEN]
2019-10-17 11:22:26,444 [grpc-default-executor-0] INFO  impl.RaftServerProxy (RaftServerProxy.java:addNew(89)) - 6ce2c6a7-9144-4b9b-bff9-06be29014ddc: addNew group-CD343DB32D00:[6ce2c6a7-9144-4b9b-bff9-06be29014ddc:192.168.164.239:34720] returns group-CD343DB32D00:java.util.concurrent.CompletableFuture@3af9af98[Not completed]
2019-10-17 11:22:26,459 [pool-47-thread-1] INFO  impl.RaftServerImpl (RaftServerImpl.java:<init>(95)) - 6ce2c6a7-9144-4b9b-bff9-06be29014ddc: new RaftServerImpl for group-CD343DB32D00:[6ce2c6a7-9144-4b9b-bff9-06be29014ddc:192.168.164.239:34720] with ContainerStateMachine:uninitialized
2019-10-17 11:22:26,460 [pool-47-thread-1] INFO  server.RaftServerConfigKeys (ConfUtils.java:logGet(43)) - raft.server.rpc.timeout.min = 5s (custom)
2019-10-17 11:22:26,460 [pool-47-thread-1] INFO  server.RaftServerConfigKeys (ConfUtils.java:logGet(43)) - raft.server.rpc.timeout.max = 5200ms (custom)
2019-10-17 11:22:26,460 [pool-47-thread-1] INFO  server.RaftServerConfigKeys (ConfUtils.java:logGet(43)) - raft.server.rpcslowness.timeout = 120s (custom)
2019-10-17 11:22:26,460 [pool-47-thread-1] INFO  server.RaftServerConfigKeys (ConfUtils.java:logGet(43)) - raft.server.sleep.deviation.threshold = 300 (default)
2019-10-17 11:22:26,461 [pool-47-thread-1] INFO  server.RaftServerConfigKeys (ConfUtils.java:logGet(43)) - raft.server.log.appender.install.snapshot.enabled = false (custom)
2019-10-17 11:22:26,461 [pool-47-thread-1] INFO  impl.RaftServerImpl (ServerState.java:<init>(103)) - 6ce2c6a7-9144-4b9b-bff9-06be29014ddc@group-CD343DB32D00: ConfigurationManager, init=-1: [6ce2c6a7-9144-4b9b-bff9-06be29014ddc:192.168.164.239:34720], old=null, confs=<EMPTY_MAP>
2019-10-17 11:22:26,461 [pool-47-thread-1] INFO  server.RaftServerConfigKeys (ConfUtils.java:logGet(43)) - raft.server.storage.dir = [/workdir/hadoop-ozone/integration-test/target/test-dir/MiniOzoneClusterImpl-768d9c75-2411-484d-8912-1e22cbfad202/datanode-2/data/ratis] (custom)
2019-10-17 11:22:26,461 [pool-47-thread-1] INFO  server.RaftServerConfigKeys (ConfUtils.java:logGet(43)) - raft.server.log.corruption.policy = EXCEPTION (default)
2019-10-17 11:22:26,461 [pool-47-thread-1] INFO  storage.RaftStorageDirectory (RaftStorageDirectory.java:analyzeStorage(246)) - The storage directory /workdir/hadoop-ozone/integration-test/target/test-dir/MiniOzoneClusterImpl-768d9c75-2411-484d-8912-1e22cbfad202/datanode-2/data/ratis/f6958bc7-a516-46c4-9ef6-cd343db32d00 does not exist. Creating ...
2019-10-17 11:22:26,485 [pool-47-thread-1] INFO  storage.RaftStorageDirectory (RaftStorageDirectory.java:tryLock(328)) - Lock on /workdir/hadoop-ozone/integration-test/target/test-dir/MiniOzoneClusterImpl-768d9c75-2411-484d-8912-1e22cbfad202/datanode-2/data/ratis/f6958bc7-a516-46c4-9ef6-cd343db32d00/in_use.lock acquired by nodename 31128@pr-hdds-1569-jxtqp-958769943
2019-10-17 11:22:26,509 [pool-47-thread-1] INFO  storage.RaftStorage (RaftStorage.java:format(84)) - Storage directory /workdir/hadoop-ozone/integration-test/target/test-dir/MiniOzoneClusterImpl-768d9c75-2411-484d-8912-1e22cbfad202/datanode-2/data/ratis/f6958bc7-a516-46c4-9ef6-cd343db32d00 has been successfully formatted.
2019-10-17 11:22:26,510 [pool-47-thread-1] INFO  ratis.ContainerStateMachine (ContainerStateMachine.java:loadSnapshot(231)) - group-CD343DB32D00: The snapshot info is null. Setting the last applied indexto:(t:0, i:~)
2019-10-17 11:22:26,511 [pool-47-thread-1] INFO  server.RaftServerConfigKeys (ConfUtils.java:logGet(43)) - raft.server.notification.no-leader.timeout = 120s (custom)
2019-10-17 11:22:26,511 [pool-47-thread-1] INFO  server.RaftServerConfigKeys (ConfUtils.java:logGet(43)) - raft.server.log.use.memory = false (default)
2019-10-17 11:22:26,511 [pool-47-thread-1] INFO  server.RaftServerConfigKeys (ConfUtils.java:logGet(43)) - raft.server.log.purge.gap = 1000000 (custom)
2019-10-17 11:22:26,512 [pool-47-thread-1] INFO  server.RaftServerConfigKeys (ConfUtils.java:logGet(43)) - raft.server.log.appender.buffer.byte-limit = 33554432 (custom)
2019-10-17 11:22:26,512 [pool-47-thread-1] INFO  server.RaftServerConfigKeys (ConfUtils.java:logGet(43)) - raft.server.log.segment.size.max = 1048576 (custom)
2019-10-17 11:22:26,516 [pool-47-thread-1] INFO  server.RaftServerConfigKeys (ConfUtils.java:logGet(43)) - raft.server.log.segment.cache.num.max = 2 (custom)
2019-10-17 11:22:26,517 [pool-47-thread-1] INFO  segmented.SegmentedRaftLogWorker (SegmentedRaftLogWorker.java:<init>(173)) - new 6ce2c6a7-9144-4b9b-bff9-06be29014ddc@group-CD343DB32D00-SegmentedRaftLogWorker for RaftStorage:Storage Directory /workdir/hadoop-ozone/integration-test/target/test-dir/MiniOzoneClusterImpl-768d9c75-2411-484d-8912-1e22cbfad202/datanode-2/data/ratis/f6958bc7-a516-46c4-9ef6-cd343db32d00
2019-10-17 11:22:26,517 [pool-47-thread-1] INFO  server.RaftServerConfigKeys (ConfUtils.java:logGet(43)) - raft.server.log.queue.byte-limit = 2147483647 (custom)
2019-10-17 11:22:26,517 [pool-47-thread-1] INFO  server.RaftServerConfigKeys (ConfUtils.java:logGet(43)) - raft.server.log.queue.element-limit = 1024 (custom)
2019-10-17 11:22:26,517 [pool-47-thread-1] INFO  server.RaftServerConfigKeys (ConfUtils.java:logGet(43)) - raft.server.log.segment.size.max = 1048576 (custom)
2019-10-17 11:22:26,518 [pool-47-thread-1] INFO  server.RaftServerConfigKeys (ConfUtils.java:logGet(43)) - raft.server.log.preallocated.size = 16384 (custom)
2019-10-17 11:22:26,518 [pool-47-thread-1] INFO  server.RaftServerConfigKeys (ConfUtils.java:logGet(43)) - raft.server.log.write.buffer.size = 33554432 (custom)
2019-10-17 11:22:26,518 [pool-47-thread-1] INFO  server.RaftServerConfigKeys (ConfUtils.java:logGet(43)) - raft.server.log.force.sync.num = 128 (default)
2019-10-17 11:22:26,518 [pool-47-thread-1] INFO  server.RaftServerConfigKeys (ConfUtils.java:logGet(43)) - raft.server.log.statemachine.data.sync = true (default)
2019-10-17 11:22:26,518 [pool-47-thread-1] INFO  server.RaftServerConfigKeys (ConfUtils.java:logGet(43)) - raft.server.log.statemachine.data.sync.timeout = 10s (default)
2019-10-17 11:22:26,518 [pool-47-thread-1] INFO  server.RaftServerConfigKeys (ConfUtils.java:logGet(43)) - raft.server.log.statemachine.data.sync.timeout.retry = -1 (default)
2019-10-17 11:22:26,519 [pool-47-thread-1] INFO  server.RaftServerConfigKeys (ConfUtils.java:logGet(43)) - raft.server.log.statemachine.data.caching.enabled = true (custom)
2019-10-17 11:22:26,519 [pool-47-thread-1] INFO  segmented.SegmentedRaftLogWorker (SegmentedRaftLogWorker.java:lambda$new$0(128)) - 6ce2c6a7-9144-4b9b-bff9-06be29014ddc@group-CD343DB32D00-SegmentedRaftLogWorker: flushIndex: setUnconditionally 0 -> -1
2019-10-17 11:22:26,520 [pool-47-thread-1] INFO  server.RaftServerConfigKeys (ConfUtils.java:logGet(43)) - raft.server.snapshot.auto.trigger.enabled = true (custom)
2019-10-17 11:22:26,520 [pool-47-thread-1] INFO  server.RaftServerConfigKeys (ConfUtils.java:logGet(43)) - raft.server.snapshot.auto.trigger.threshold = 10000 (custom)
2019-10-17 11:22:26,520 [pool-47-thread-1] INFO  server.RaftServerConfigKeys (ConfUtils.java:logGet(43)) - raft.server.snapshot.retention.file.num = 5 (custom)
2019-10-17 11:22:26,520 [pool-47-thread-1] INFO  server.RaftServerConfigKeys (ConfUtils.java:logGet(43)) - raft.server.retrycache.expirytime = 600000ms (custom)
2019-10-17 11:22:26,524 [pool-47-thread-1] INFO  impl.RaftServerImpl (RaftServerImpl.java:start(181)) - 6ce2c6a7-9144-4b9b-bff9-06be29014ddc@group-CD343DB32D00: start as a follower, conf=-1: [6ce2c6a7-9144-4b9b-bff9-06be29014ddc:192.168.164.239:34720], old=null
2019-10-17 11:22:26,524 [pool-47-thread-1] INFO  impl.RaftServerImpl (RaftServerImpl.java:setRole(170)) - 6ce2c6a7-9144-4b9b-bff9-06be29014ddc@group-CD343DB32D00: changes role from      null to FOLLOWER at term 0 for startAsFollower
2019-10-17 11:22:26,524 [pool-47-thread-1] INFO  impl.RoleInfo (RoleInfo.java:updateAndGet(143)) - 6ce2c6a7-9144-4b9b-bff9-06be29014ddc: start FollowerState
2019-10-17 11:22:26,525 [pool-47-thread-1] INFO  util.JmxRegister (JmxRegister.java:tryRegister(44)) - Successfully registered JMX Bean with object name Ratis:service=RaftServer,group=group-CD343DB32D00,id=6ce2c6a7-9144-4b9b-bff9-06be29014ddc
2019-10-17 11:22:26,540 [RatisPipelineUtilsThread] INFO  pipeline.PipelineStateManager (PipelineStateManager.java:addPipeline(56)) - Created pipeline Pipeline[ Id: f6958bc7-a516-46c4-9ef6-cd343db32d00, Nodes: 6ce2c6a7-9144-4b9b-bff9-06be29014ddc{ip: 192.168.164.239, host: pr-hdds-1569-jxtqp-958769943, networkLocation: /default-rack, certSerialId: null}, Type:RATIS, Factor:ONE, State:OPEN]
2019-10-17 11:22:26,554 [grpc-default-executor-0] INFO  impl.RaftServerProxy (RaftServerProxy.java:addNew(89)) - fd66befe-d3e0-4e51-a202-c759178c3599: addNew group-67FFAA8F796A:[fd66befe-d3e0-4e51-a202-c759178c3599:192.168.164.239:40732] returns group-67FFAA8F796A:java.util.concurrent.CompletableFuture@3515243e[Not completed]
2019-10-17 11:22:26,565 [pool-37-thread-1] INFO  impl.RaftServerImpl (RaftServerImpl.java:<init>(95)) - fd66befe-d3e0-4e51-a202-c759178c3599: new RaftServerImpl for group-67FFAA8F796A:[fd66befe-d3e0-4e51-a202-c759178c3599:192.168.164.239:40732] with ContainerStateMachine:uninitialized
2019-10-17 11:22:26,566 [pool-37-thread-1] INFO  server.RaftServerConfigKeys (ConfUtils.java:logGet(43)) - raft.server.rpc.timeout.min = 5s (custom)
2019-10-17 11:22:26,566 [pool-37-thread-1] INFO  server.RaftServerConfigKeys (ConfUtils.java:logGet(43)) - raft.server.rpc.timeout.max = 5200ms (custom)
2019-10-17 11:22:26,566 [pool-37-thread-1] INFO  server.RaftServerConfigKeys (ConfUtils.java:logGet(43)) - raft.server.rpcslowness.timeout = 120s (custom)
2019-10-17 11:22:26,566 [pool-37-thread-1] INFO  server.RaftServerConfigKeys (ConfUtils.java:logGet(43)) - raft.server.sleep.deviation.threshold = 300 (default)
2019-10-17 11:22:26,566 [pool-37-thread-1] INFO  server.RaftServerConfigKeys (ConfUtils.java:logGet(43)) - raft.server.log.appender.install.snapshot.enabled = false (custom)
2019-10-17 11:22:26,567 [pool-37-thread-1] INFO  impl.RaftServerImpl (ServerState.java:<init>(103)) - fd66befe-d3e0-4e51-a202-c759178c3599@group-67FFAA8F796A: ConfigurationManager, init=-1: [fd66befe-d3e0-4e51-a202-c759178c3599:192.168.164.239:40732], old=null, confs=<EMPTY_MAP>
2019-10-17 11:22:26,567 [pool-37-thread-1] INFO  server.RaftServerConfigKeys (ConfUtils.java:logGet(43)) - raft.server.storage.dir = [/workdir/hadoop-ozone/integration-test/target/test-dir/MiniOzoneClusterImpl-768d9c75-2411-484d-8912-1e22cbfad202/datanode-1/data/ratis] (custom)
2019-10-17 11:22:26,567 [pool-37-thread-1] INFO  server.RaftServerConfigKeys (ConfUtils.java:logGet(43)) - raft.server.log.corruption.policy = EXCEPTION (default)
2019-10-17 11:22:26,568 [pool-37-thread-1] INFO  storage.RaftStorageDirectory (RaftStorageDirectory.java:analyzeStorage(246)) - The storage directory /workdir/hadoop-ozone/integration-test/target/test-dir/MiniOzoneClusterImpl-768d9c75-2411-484d-8912-1e22cbfad202/datanode-1/data/ratis/009cf94f-fc55-4143-8bde-67ffaa8f796a does not exist. Creating ...
2019-10-17 11:22:26,590 [pool-37-thread-1] INFO  storage.RaftStorageDirectory (RaftStorageDirectory.java:tryLock(328)) - Lock on /workdir/hadoop-ozone/integration-test/target/test-dir/MiniOzoneClusterImpl-768d9c75-2411-484d-8912-1e22cbfad202/datanode-1/data/ratis/009cf94f-fc55-4143-8bde-67ffaa8f796a/in_use.lock acquired by nodename 31128@pr-hdds-1569-jxtqp-958769943
2019-10-17 11:22:26,613 [pool-37-thread-1] INFO  storage.RaftStorage (RaftStorage.java:format(84)) - Storage directory /workdir/hadoop-ozone/integration-test/target/test-dir/MiniOzoneClusterImpl-768d9c75-2411-484d-8912-1e22cbfad202/datanode-1/data/ratis/009cf94f-fc55-4143-8bde-67ffaa8f796a has been successfully formatted.
2019-10-17 11:22:26,614 [pool-37-thread-1] INFO  ratis.ContainerStateMachine (ContainerStateMachine.java:loadSnapshot(231)) - group-67FFAA8F796A: The snapshot info is null. Setting the last applied indexto:(t:0, i:~)
2019-10-17 11:22:26,614 [pool-37-thread-1] INFO  server.RaftServerConfigKeys (ConfUtils.java:logGet(43)) - raft.server.notification.no-leader.timeout = 120s (custom)
2019-10-17 11:22:26,614 [pool-37-thread-1] INFO  server.RaftServerConfigKeys (ConfUtils.java:logGet(43)) - raft.server.log.use.memory = false (default)
2019-10-17 11:22:26,614 [pool-37-thread-1] INFO  server.RaftServerConfigKeys (ConfUtils.java:logGet(43)) - raft.server.log.purge.gap = 1000000 (custom)
2019-10-17 11:22:26,614 [pool-37-thread-1] INFO  server.RaftServerConfigKeys (ConfUtils.java:logGet(43)) - raft.server.log.appender.buffer.byte-limit = 33554432 (custom)
2019-10-17 11:22:26,614 [pool-37-thread-1] INFO  server.RaftServerConfigKeys (ConfUtils.java:logGet(43)) - raft.server.log.segment.size.max = 1048576 (custom)
2019-10-17 11:22:26,634 [pool-37-thread-1] INFO  server.RaftServerConfigKeys (ConfUtils.java:logGet(43)) - raft.server.log.segment.cache.num.max = 2 (custom)
2019-10-17 11:22:26,635 [pool-37-thread-1] INFO  segmented.SegmentedRaftLogWorker (SegmentedRaftLogWorker.java:<init>(173)) - new fd66befe-d3e0-4e51-a202-c759178c3599@group-67FFAA8F796A-SegmentedRaftLogWorker for RaftStorage:Storage Directory /workdir/hadoop-ozone/integration-test/target/test-dir/MiniOzoneClusterImpl-768d9c75-2411-484d-8912-1e22cbfad202/datanode-1/data/ratis/009cf94f-fc55-4143-8bde-67ffaa8f796a
2019-10-17 11:22:26,635 [pool-37-thread-1] INFO  server.RaftServerConfigKeys (ConfUtils.java:logGet(43)) - raft.server.log.queue.byte-limit = 2147483647 (custom)
2019-10-17 11:22:26,635 [pool-37-thread-1] INFO  server.RaftServerConfigKeys (ConfUtils.java:logGet(43)) - raft.server.log.queue.element-limit = 1024 (custom)
2019-10-17 11:22:26,635 [pool-37-thread-1] INFO  server.RaftServerConfigKeys (ConfUtils.java:logGet(43)) - raft.server.log.segment.size.max = 1048576 (custom)
2019-10-17 11:22:26,635 [pool-37-thread-1] INFO  server.RaftServerConfigKeys (ConfUtils.java:logGet(43)) - raft.server.log.preallocated.size = 16384 (custom)
2019-10-17 11:22:26,635 [pool-37-thread-1] INFO  server.RaftServerConfigKeys (ConfUtils.java:logGet(43)) - raft.server.log.write.buffer.size = 33554432 (custom)
2019-10-17 11:22:26,636 [pool-37-thread-1] INFO  server.RaftServerConfigKeys (ConfUtils.java:logGet(43)) - raft.server.log.force.sync.num = 128 (default)
2019-10-17 11:22:26,636 [pool-37-thread-1] INFO  server.RaftServerConfigKeys (ConfUtils.java:logGet(43)) - raft.server.log.statemachine.data.sync = true (default)
2019-10-17 11:22:26,636 [pool-37-thread-1] INFO  server.RaftServerConfigKeys (ConfUtils.java:logGet(43)) - raft.server.log.statemachine.data.sync.timeout = 10s (default)
2019-10-17 11:22:26,636 [pool-37-thread-1] INFO  server.RaftServerConfigKeys (ConfUtils.java:logGet(43)) - raft.server.log.statemachine.data.sync.timeout.retry = -1 (default)
2019-10-17 11:22:26,637 [pool-37-thread-1] INFO  server.RaftServerConfigKeys (ConfUtils.java:logGet(43)) - raft.server.log.statemachine.data.caching.enabled = true (custom)
2019-10-17 11:22:26,637 [pool-37-thread-1] INFO  segmented.SegmentedRaftLogWorker (SegmentedRaftLogWorker.java:lambda$new$0(128)) - fd66befe-d3e0-4e51-a202-c759178c3599@group-67FFAA8F796A-SegmentedRaftLogWorker: flushIndex: setUnconditionally 0 -> -1
2019-10-17 11:22:26,638 [pool-37-thread-1] INFO  server.RaftServerConfigKeys (ConfUtils.java:logGet(43)) - raft.server.snapshot.auto.trigger.enabled = true (custom)
2019-10-17 11:22:26,638 [pool-37-thread-1] INFO  server.RaftServerConfigKeys (ConfUtils.java:logGet(43)) - raft.server.snapshot.auto.trigger.threshold = 10000 (custom)
2019-10-17 11:22:26,638 [pool-37-thread-1] INFO  server.RaftServerConfigKeys (ConfUtils.java:logGet(43)) - raft.server.snapshot.retention.file.num = 5 (custom)
2019-10-17 11:22:26,638 [pool-37-thread-1] INFO  server.RaftServerConfigKeys (ConfUtils.java:logGet(43)) - raft.server.retrycache.expirytime = 600000ms (custom)
2019-10-17 11:22:26,642 [pool-37-thread-1] INFO  impl.RaftServerImpl (RaftServerImpl.java:start(181)) - fd66befe-d3e0-4e51-a202-c759178c3599@group-67FFAA8F796A: start as a follower, conf=-1: [fd66befe-d3e0-4e51-a202-c759178c3599:192.168.164.239:40732], old=null
2019-10-17 11:22:26,643 [pool-37-thread-1] INFO  impl.RaftServerImpl (RaftServerImpl.java:setRole(170)) - fd66befe-d3e0-4e51-a202-c759178c3599@group-67FFAA8F796A: changes role from      null to FOLLOWER at term 0 for startAsFollower
2019-10-17 11:22:26,643 [pool-37-thread-1] INFO  impl.RoleInfo (RoleInfo.java:updateAndGet(143)) - fd66befe-d3e0-4e51-a202-c759178c3599: start FollowerState
2019-10-17 11:22:26,643 [pool-37-thread-1] INFO  util.JmxRegister (JmxRegister.java:tryRegister(44)) - Successfully registered JMX Bean with object name Ratis:service=RaftServer,group=group-67FFAA8F796A,id=fd66befe-d3e0-4e51-a202-c759178c3599
2019-10-17 11:22:26,655 [RatisPipelineUtilsThread] INFO  pipeline.PipelineStateManager (PipelineStateManager.java:addPipeline(56)) - Created pipeline Pipeline[ Id: 009cf94f-fc55-4143-8bde-67ffaa8f796a, Nodes: fd66befe-d3e0-4e51-a202-c759178c3599{ip: 192.168.164.239, host: pr-hdds-1569-jxtqp-958769943, networkLocation: /default-rack, certSerialId: null}, Type:RATIS, Factor:ONE, State:OPEN]
2019-10-17 11:22:26,657 [RatisPipelineUtilsThread] ERROR pipeline.SCMPipelineManager (SCMPipelineManager.java:createPipeline(194)) - Pipeline creation failed.
org.apache.hadoop.hdds.scm.exceptions.SCMException: Cannot create pipeline of factor 1 using 0 nodes. Used 3 nodes. Healthy nodes 3
	at org.apache.hadoop.hdds.scm.pipeline.RatisPipelineProvider.pickNodesNeverUsed(RatisPipelineProvider.java:120)
	at org.apache.hadoop.hdds.scm.pipeline.RatisPipelineProvider.create(RatisPipelineProvider.java:132)
	at org.apache.hadoop.hdds.scm.pipeline.PipelineFactory.create(PipelineFactory.java:58)
	at org.apache.hadoop.hdds.scm.pipeline.SCMPipelineManager.createPipeline(SCMPipelineManager.java:184)
	at org.apache.hadoop.hdds.scm.pipeline.BackgroundPipelineCreator.createPipelines(BackgroundPipelineCreator.java:100)
	at java.util.concurrent.Executors$RunnableAdapter.call(Executors.java:511)
	at java.util.concurrent.FutureTask.run(FutureTask.java:266)
	at java.util.concurrent.ScheduledThreadPoolExecutor$ScheduledFutureTask.access$201(ScheduledThreadPoolExecutor.java:180)
	at java.util.concurrent.ScheduledThreadPoolExecutor$ScheduledFutureTask.run(ScheduledThreadPoolExecutor.java:293)
	at java.util.concurrent.ThreadPoolExecutor.runWorker(ThreadPoolExecutor.java:1149)
	at java.util.concurrent.ThreadPoolExecutor$Worker.run(ThreadPoolExecutor.java:624)
	at java.lang.Thread.run(Thread.java:748)
2019-10-17 11:22:26,686 [grpc-default-executor-1] INFO  impl.RaftServerProxy (RaftServerProxy.java:addNew(89)) - 4fbc0a64-e4c7-4a69-94fa-9804a8d7871e: addNew group-B3362EA21D26:[4fbc0a64-e4c7-4a69-94fa-9804a8d7871e:192.168.164.239:39296, 6ce2c6a7-9144-4b9b-bff9-06be29014ddc:192.168.164.239:34720, fd66befe-d3e0-4e51-a202-c759178c3599:192.168.164.239:40732] returns group-B3362EA21D26:java.util.concurrent.CompletableFuture@70e8af17[Not completed]
2019-10-17 11:22:26,686 [grpc-default-executor-2] INFO  impl.RaftServerProxy (RaftServerProxy.java:addNew(89)) - 6ce2c6a7-9144-4b9b-bff9-06be29014ddc: addNew group-B3362EA21D26:[4fbc0a64-e4c7-4a69-94fa-9804a8d7871e:192.168.164.239:39296, 6ce2c6a7-9144-4b9b-bff9-06be29014ddc:192.168.164.239:34720, fd66befe-d3e0-4e51-a202-c759178c3599:192.168.164.239:40732] returns group-B3362EA21D26:java.util.concurrent.CompletableFuture@14c9d28a[Not completed]
2019-10-17 11:22:26,689 [pool-27-thread-1] INFO  impl.RaftServerImpl (RaftServerImpl.java:<init>(95)) - 4fbc0a64-e4c7-4a69-94fa-9804a8d7871e: new RaftServerImpl for group-B3362EA21D26:[4fbc0a64-e4c7-4a69-94fa-9804a8d7871e:192.168.164.239:39296, 6ce2c6a7-9144-4b9b-bff9-06be29014ddc:192.168.164.239:34720, fd66befe-d3e0-4e51-a202-c759178c3599:192.168.164.239:40732] with ContainerStateMachine:uninitialized
2019-10-17 11:22:26,689 [grpc-default-executor-2] INFO  impl.RaftServerProxy (RaftServerProxy.java:addNew(89)) - fd66befe-d3e0-4e51-a202-c759178c3599: addNew group-B3362EA21D26:[4fbc0a64-e4c7-4a69-94fa-9804a8d7871e:192.168.164.239:39296, 6ce2c6a7-9144-4b9b-bff9-06be29014ddc:192.168.164.239:34720, fd66befe-d3e0-4e51-a202-c759178c3599:192.168.164.239:40732] returns group-B3362EA21D26:java.util.concurrent.CompletableFuture@51cb4e77[Not completed]
2019-10-17 11:22:26,690 [pool-27-thread-1] INFO  server.RaftServerConfigKeys (ConfUtils.java:logGet(43)) - raft.server.rpc.timeout.min = 5s (custom)
2019-10-17 11:22:26,690 [pool-27-thread-1] INFO  server.RaftServerConfigKeys (ConfUtils.java:logGet(43)) - raft.server.rpc.timeout.max = 5200ms (custom)
2019-10-17 11:22:26,690 [pool-27-thread-1] INFO  server.RaftServerConfigKeys (ConfUtils.java:logGet(43)) - raft.server.rpcslowness.timeout = 120s (custom)
2019-10-17 11:22:26,690 [pool-27-thread-1] INFO  server.RaftServerConfigKeys (ConfUtils.java:logGet(43)) - raft.server.sleep.deviation.threshold = 300 (default)
2019-10-17 11:22:26,690 [pool-27-thread-1] INFO  server.RaftServerConfigKeys (ConfUtils.java:logGet(43)) - raft.server.log.appender.install.snapshot.enabled = false (custom)
2019-10-17 11:22:26,690 [pool-47-thread-1] INFO  impl.RaftServerImpl (RaftServerImpl.java:<init>(95)) - 6ce2c6a7-9144-4b9b-bff9-06be29014ddc: new RaftServerImpl for group-B3362EA21D26:[4fbc0a64-e4c7-4a69-94fa-9804a8d7871e:192.168.164.239:39296, 6ce2c6a7-9144-4b9b-bff9-06be29014ddc:192.168.164.239:34720, fd66befe-d3e0-4e51-a202-c759178c3599:192.168.164.239:40732] with ContainerStateMachine:uninitialized
2019-10-17 11:22:26,690 [pool-27-thread-1] INFO  impl.RaftServerImpl (ServerState.java:<init>(103)) - 4fbc0a64-e4c7-4a69-94fa-9804a8d7871e@group-B3362EA21D26: ConfigurationManager, init=-1: [4fbc0a64-e4c7-4a69-94fa-9804a8d7871e:192.168.164.239:39296, 6ce2c6a7-9144-4b9b-bff9-06be29014ddc:192.168.164.239:34720, fd66befe-d3e0-4e51-a202-c759178c3599:192.168.164.239:40732], old=null, confs=<EMPTY_MAP>
2019-10-17 11:22:26,690 [pool-47-thread-1] INFO  server.RaftServerConfigKeys (ConfUtils.java:logGet(43)) - raft.server.rpc.timeout.min = 5s (custom)
2019-10-17 11:22:26,691 [pool-27-thread-1] INFO  server.RaftServerConfigKeys (ConfUtils.java:logGet(43)) - raft.server.storage.dir = [/workdir/hadoop-ozone/integration-test/target/test-dir/MiniOzoneClusterImpl-768d9c75-2411-484d-8912-1e22cbfad202/datanode-0/data/ratis] (custom)
2019-10-17 11:22:26,691 [pool-47-thread-1] INFO  server.RaftServerConfigKeys (ConfUtils.java:logGet(43)) - raft.server.rpc.timeout.max = 5200ms (custom)
2019-10-17 11:22:26,691 [pool-47-thread-1] INFO  server.RaftServerConfigKeys (ConfUtils.java:logGet(43)) - raft.server.rpcslowness.timeout = 120s (custom)
2019-10-17 11:22:26,691 [pool-27-thread-1] INFO  server.RaftServerConfigKeys (ConfUtils.java:logGet(43)) - raft.server.log.corruption.policy = EXCEPTION (default)
2019-10-17 11:22:26,691 [pool-37-thread-1] INFO  impl.RaftServerImpl (RaftServerImpl.java:<init>(95)) - fd66befe-d3e0-4e51-a202-c759178c3599: new RaftServerImpl for group-B3362EA21D26:[4fbc0a64-e4c7-4a69-94fa-9804a8d7871e:192.168.164.239:39296, 6ce2c6a7-9144-4b9b-bff9-06be29014ddc:192.168.164.239:34720, fd66befe-d3e0-4e51-a202-c759178c3599:192.168.164.239:40732] with ContainerStateMachine:uninitialized
2019-10-17 11:22:26,691 [pool-27-thread-1] INFO  storage.RaftStorageDirectory (RaftStorageDirectory.java:analyzeStorage(246)) - The storage directory /workdir/hadoop-ozone/integration-test/target/test-dir/MiniOzoneClusterImpl-768d9c75-2411-484d-8912-1e22cbfad202/datanode-0/data/ratis/38f89504-bce2-46cc-a5df-b3362ea21d26 does not exist. Creating ...
2019-10-17 11:22:26,691 [pool-37-thread-1] INFO  server.RaftServerConfigKeys (ConfUtils.java:logGet(43)) - raft.server.rpc.timeout.min = 5s (custom)
2019-10-17 11:22:26,691 [pool-47-thread-1] INFO  server.RaftServerConfigKeys (ConfUtils.java:logGet(43)) - raft.server.sleep.deviation.threshold = 300 (default)
2019-10-17 11:22:26,691 [pool-37-thread-1] INFO  server.RaftServerConfigKeys (ConfUtils.java:logGet(43)) - raft.server.rpc.timeout.max = 5200ms (custom)
2019-10-17 11:22:26,691 [pool-47-thread-1] INFO  server.RaftServerConfigKeys (ConfUtils.java:logGet(43)) - raft.server.log.appender.install.snapshot.enabled = false (custom)
2019-10-17 11:22:26,691 [pool-37-thread-1] INFO  server.RaftServerConfigKeys (ConfUtils.java:logGet(43)) - raft.server.rpcslowness.timeout = 120s (custom)
2019-10-17 11:22:26,692 [pool-47-thread-1] INFO  impl.RaftServerImpl (ServerState.java:<init>(103)) - 6ce2c6a7-9144-4b9b-bff9-06be29014ddc@group-B3362EA21D26: ConfigurationManager, init=-1: [4fbc0a64-e4c7-4a69-94fa-9804a8d7871e:192.168.164.239:39296, 6ce2c6a7-9144-4b9b-bff9-06be29014ddc:192.168.164.239:34720, fd66befe-d3e0-4e51-a202-c759178c3599:192.168.164.239:40732], old=null, confs=<EMPTY_MAP>
2019-10-17 11:22:26,692 [pool-37-thread-1] INFO  server.RaftServerConfigKeys (ConfUtils.java:logGet(43)) - raft.server.sleep.deviation.threshold = 300 (default)
2019-10-17 11:22:26,692 [pool-47-thread-1] INFO  server.RaftServerConfigKeys (ConfUtils.java:logGet(43)) - raft.server.storage.dir = [/workdir/hadoop-ozone/integration-test/target/test-dir/MiniOzoneClusterImpl-768d9c75-2411-484d-8912-1e22cbfad202/datanode-2/data/ratis] (custom)
2019-10-17 11:22:26,692 [pool-37-thread-1] INFO  server.RaftServerConfigKeys (ConfUtils.java:logGet(43)) - raft.server.log.appender.install.snapshot.enabled = false (custom)
2019-10-17 11:22:26,692 [pool-37-thread-1] INFO  impl.RaftServerImpl (ServerState.java:<init>(103)) - fd66befe-d3e0-4e51-a202-c759178c3599@group-B3362EA21D26: ConfigurationManager, init=-1: [4fbc0a64-e4c7-4a69-94fa-9804a8d7871e:192.168.164.239:39296, 6ce2c6a7-9144-4b9b-bff9-06be29014ddc:192.168.164.239:34720, fd66befe-d3e0-4e51-a202-c759178c3599:192.168.164.239:40732], old=null, confs=<EMPTY_MAP>
2019-10-17 11:22:26,692 [pool-47-thread-1] INFO  server.RaftServerConfigKeys (ConfUtils.java:logGet(43)) - raft.server.log.corruption.policy = EXCEPTION (default)
2019-10-17 11:22:26,692 [pool-37-thread-1] INFO  server.RaftServerConfigKeys (ConfUtils.java:logGet(43)) - raft.server.storage.dir = [/workdir/hadoop-ozone/integration-test/target/test-dir/MiniOzoneClusterImpl-768d9c75-2411-484d-8912-1e22cbfad202/datanode-1/data/ratis] (custom)
2019-10-17 11:22:26,692 [pool-47-thread-1] INFO  storage.RaftStorageDirectory (RaftStorageDirectory.java:analyzeStorage(246)) - The storage directory /workdir/hadoop-ozone/integration-test/target/test-dir/MiniOzoneClusterImpl-768d9c75-2411-484d-8912-1e22cbfad202/datanode-2/data/ratis/38f89504-bce2-46cc-a5df-b3362ea21d26 does not exist. Creating ...
2019-10-17 11:22:26,692 [pool-37-thread-1] INFO  server.RaftServerConfigKeys (ConfUtils.java:logGet(43)) - raft.server.log.corruption.policy = EXCEPTION (default)
2019-10-17 11:22:26,692 [pool-37-thread-1] INFO  storage.RaftStorageDirectory (RaftStorageDirectory.java:analyzeStorage(246)) - The storage directory /workdir/hadoop-ozone/integration-test/target/test-dir/MiniOzoneClusterImpl-768d9c75-2411-484d-8912-1e22cbfad202/datanode-1/data/ratis/38f89504-bce2-46cc-a5df-b3362ea21d26 does not exist. Creating ...
2019-10-17 11:22:26,712 [pool-27-thread-1] INFO  storage.RaftStorageDirectory (RaftStorageDirectory.java:tryLock(328)) - Lock on /workdir/hadoop-ozone/integration-test/target/test-dir/MiniOzoneClusterImpl-768d9c75-2411-484d-8912-1e22cbfad202/datanode-0/data/ratis/38f89504-bce2-46cc-a5df-b3362ea21d26/in_use.lock acquired by nodename 31128@pr-hdds-1569-jxtqp-958769943
2019-10-17 11:22:26,712 [pool-47-thread-1] INFO  storage.RaftStorageDirectory (RaftStorageDirectory.java:tryLock(328)) - Lock on /workdir/hadoop-ozone/integration-test/target/test-dir/MiniOzoneClusterImpl-768d9c75-2411-484d-8912-1e22cbfad202/datanode-2/data/ratis/38f89504-bce2-46cc-a5df-b3362ea21d26/in_use.lock acquired by nodename 31128@pr-hdds-1569-jxtqp-958769943
2019-10-17 11:22:26,712 [pool-37-thread-1] INFO  storage.RaftStorageDirectory (RaftStorageDirectory.java:tryLock(328)) - Lock on /workdir/hadoop-ozone/integration-test/target/test-dir/MiniOzoneClusterImpl-768d9c75-2411-484d-8912-1e22cbfad202/datanode-1/data/ratis/38f89504-bce2-46cc-a5df-b3362ea21d26/in_use.lock acquired by nodename 31128@pr-hdds-1569-jxtqp-958769943
2019-10-17 11:22:26,735 [pool-27-thread-1] INFO  storage.RaftStorage (RaftStorage.java:format(84)) - Storage directory /workdir/hadoop-ozone/integration-test/target/test-dir/MiniOzoneClusterImpl-768d9c75-2411-484d-8912-1e22cbfad202/datanode-0/data/ratis/38f89504-bce2-46cc-a5df-b3362ea21d26 has been successfully formatted.
2019-10-17 11:22:26,735 [pool-47-thread-1] INFO  storage.RaftStorage (RaftStorage.java:format(84)) - Storage directory /workdir/hadoop-ozone/integration-test/target/test-dir/MiniOzoneClusterImpl-768d9c75-2411-484d-8912-1e22cbfad202/datanode-2/data/ratis/38f89504-bce2-46cc-a5df-b3362ea21d26 has been successfully formatted.
2019-10-17 11:22:26,735 [pool-37-thread-1] INFO  storage.RaftStorage (RaftStorage.java:format(84)) - Storage directory /workdir/hadoop-ozone/integration-test/target/test-dir/MiniOzoneClusterImpl-768d9c75-2411-484d-8912-1e22cbfad202/datanode-1/data/ratis/38f89504-bce2-46cc-a5df-b3362ea21d26 has been successfully formatted.
2019-10-17 11:22:26,735 [pool-27-thread-1] INFO  ratis.ContainerStateMachine (ContainerStateMachine.java:loadSnapshot(231)) - group-B3362EA21D26: The snapshot info is null. Setting the last applied indexto:(t:0, i:~)
2019-10-17 11:22:26,735 [pool-47-thread-1] INFO  ratis.ContainerStateMachine (ContainerStateMachine.java:loadSnapshot(231)) - group-B3362EA21D26: The snapshot info is null. Setting the last applied indexto:(t:0, i:~)
2019-10-17 11:22:26,736 [pool-37-thread-1] INFO  ratis.ContainerStateMachine (ContainerStateMachine.java:loadSnapshot(231)) - group-B3362EA21D26: The snapshot info is null. Setting the last applied indexto:(t:0, i:~)
2019-10-17 11:22:26,736 [pool-27-thread-1] INFO  server.RaftServerConfigKeys (ConfUtils.java:logGet(43)) - raft.server.notification.no-leader.timeout = 120s (custom)
2019-10-17 11:22:26,736 [pool-37-thread-1] INFO  server.RaftServerConfigKeys (ConfUtils.java:logGet(43)) - raft.server.notification.no-leader.timeout = 120s (custom)
2019-10-17 11:22:26,736 [pool-47-thread-1] INFO  server.RaftServerConfigKeys (ConfUtils.java:logGet(43)) - raft.server.notification.no-leader.timeout = 120s (custom)
2019-10-17 11:22:26,736 [pool-37-thread-1] INFO  server.RaftServerConfigKeys (ConfUtils.java:logGet(43)) - raft.server.log.use.memory = false (default)
2019-10-17 11:22:26,736 [pool-27-thread-1] INFO  server.RaftServerConfigKeys (ConfUtils.java:logGet(43)) - raft.server.log.use.memory = false (default)
2019-10-17 11:22:26,736 [pool-47-thread-1] INFO  server.RaftServerConfigKeys (ConfUtils.java:logGet(43)) - raft.server.log.use.memory = false (default)
2019-10-17 11:22:26,736 [pool-27-thread-1] INFO  server.RaftServerConfigKeys (ConfUtils.java:logGet(43)) - raft.server.log.purge.gap = 1000000 (custom)
2019-10-17 11:22:26,736 [pool-37-thread-1] INFO  server.RaftServerConfigKeys (ConfUtils.java:logGet(43)) - raft.server.log.purge.gap = 1000000 (custom)
2019-10-17 11:22:26,737 [pool-27-thread-1] INFO  server.RaftServerConfigKeys (ConfUtils.java:logGet(43)) - raft.server.log.appender.buffer.byte-limit = 33554432 (custom)
2019-10-17 11:22:26,736 [pool-47-thread-1] INFO  server.RaftServerConfigKeys (ConfUtils.java:logGet(43)) - raft.server.log.purge.gap = 1000000 (custom)
2019-10-17 11:22:26,737 [pool-27-thread-1] INFO  server.RaftServerConfigKeys (ConfUtils.java:logGet(43)) - raft.server.log.segment.size.max = 1048576 (custom)
2019-10-17 11:22:26,737 [pool-37-thread-1] INFO  server.RaftServerConfigKeys (ConfUtils.java:logGet(43)) - raft.server.log.appender.buffer.byte-limit = 33554432 (custom)
2019-10-17 11:22:26,737 [pool-27-thread-1] INFO  server.RaftServerConfigKeys (ConfUtils.java:logGet(43)) - raft.server.log.segment.cache.num.max = 2 (custom)
2019-10-17 11:22:26,737 [pool-47-thread-1] INFO  server.RaftServerConfigKeys (ConfUtils.java:logGet(43)) - raft.server.log.appender.buffer.byte-limit = 33554432 (custom)
2019-10-17 11:22:26,737 [pool-27-thread-1] INFO  segmented.SegmentedRaftLogWorker (SegmentedRaftLogWorker.java:<init>(173)) - new 4fbc0a64-e4c7-4a69-94fa-9804a8d7871e@group-B3362EA21D26-SegmentedRaftLogWorker for RaftStorage:Storage Directory /workdir/hadoop-ozone/integration-test/target/test-dir/MiniOzoneClusterImpl-768d9c75-2411-484d-8912-1e22cbfad202/datanode-0/data/ratis/38f89504-bce2-46cc-a5df-b3362ea21d26
2019-10-17 11:22:26,737 [pool-37-thread-1] INFO  server.RaftServerConfigKeys (ConfUtils.java:logGet(43)) - raft.server.log.segment.size.max = 1048576 (custom)
2019-10-17 11:22:26,737 [pool-27-thread-1] INFO  server.RaftServerConfigKeys (ConfUtils.java:logGet(43)) - raft.server.log.queue.byte-limit = 2147483647 (custom)
2019-10-17 11:22:26,737 [pool-47-thread-1] INFO  server.RaftServerConfigKeys (ConfUtils.java:logGet(43)) - raft.server.log.segment.size.max = 1048576 (custom)
2019-10-17 11:22:26,738 [pool-27-thread-1] INFO  server.RaftServerConfigKeys (ConfUtils.java:logGet(43)) - raft.server.log.queue.element-limit = 1024 (custom)
2019-10-17 11:22:26,738 [pool-37-thread-1] INFO  server.RaftServerConfigKeys (ConfUtils.java:logGet(43)) - raft.server.log.segment.cache.num.max = 2 (custom)
2019-10-17 11:22:26,738 [pool-27-thread-1] INFO  server.RaftServerConfigKeys (ConfUtils.java:logGet(43)) - raft.server.log.segment.size.max = 1048576 (custom)
2019-10-17 11:22:26,738 [pool-47-thread-1] INFO  server.RaftServerConfigKeys (ConfUtils.java:logGet(43)) - raft.server.log.segment.cache.num.max = 2 (custom)
2019-10-17 11:22:26,738 [pool-27-thread-1] INFO  server.RaftServerConfigKeys (ConfUtils.java:logGet(43)) - raft.server.log.preallocated.size = 16384 (custom)
2019-10-17 11:22:26,738 [pool-37-thread-1] INFO  segmented.SegmentedRaftLogWorker (SegmentedRaftLogWorker.java:<init>(173)) - new fd66befe-d3e0-4e51-a202-c759178c3599@group-B3362EA21D26-SegmentedRaftLogWorker for RaftStorage:Storage Directory /workdir/hadoop-ozone/integration-test/target/test-dir/MiniOzoneClusterImpl-768d9c75-2411-484d-8912-1e22cbfad202/datanode-1/data/ratis/38f89504-bce2-46cc-a5df-b3362ea21d26
2019-10-17 11:22:26,738 [pool-27-thread-1] INFO  server.RaftServerConfigKeys (ConfUtils.java:logGet(43)) - raft.server.log.write.buffer.size = 33554432 (custom)
2019-10-17 11:22:26,738 [pool-47-thread-1] INFO  segmented.SegmentedRaftLogWorker (SegmentedRaftLogWorker.java:<init>(173)) - new 6ce2c6a7-9144-4b9b-bff9-06be29014ddc@group-B3362EA21D26-SegmentedRaftLogWorker for RaftStorage:Storage Directory /workdir/hadoop-ozone/integration-test/target/test-dir/MiniOzoneClusterImpl-768d9c75-2411-484d-8912-1e22cbfad202/datanode-2/data/ratis/38f89504-bce2-46cc-a5df-b3362ea21d26
2019-10-17 11:22:26,739 [pool-27-thread-1] INFO  server.RaftServerConfigKeys (ConfUtils.java:logGet(43)) - raft.server.log.force.sync.num = 128 (default)
2019-10-17 11:22:26,738 [pool-37-thread-1] INFO  server.RaftServerConfigKeys (ConfUtils.java:logGet(43)) - raft.server.log.queue.byte-limit = 2147483647 (custom)
2019-10-17 11:22:26,739 [pool-27-thread-1] INFO  server.RaftServerConfigKeys (ConfUtils.java:logGet(43)) - raft.server.log.statemachine.data.sync = true (default)
2019-10-17 11:22:26,739 [pool-47-thread-1] INFO  server.RaftServerConfigKeys (ConfUtils.java:logGet(43)) - raft.server.log.queue.byte-limit = 2147483647 (custom)
2019-10-17 11:22:26,739 [pool-27-thread-1] INFO  server.RaftServerConfigKeys (ConfUtils.java:logGet(43)) - raft.server.log.statemachine.data.sync.timeout = 10s (default)
2019-10-17 11:22:26,739 [pool-37-thread-1] INFO  server.RaftServerConfigKeys (ConfUtils.java:logGet(43)) - raft.server.log.queue.element-limit = 1024 (custom)
2019-10-17 11:22:26,739 [pool-27-thread-1] INFO  server.RaftServerConfigKeys (ConfUtils.java:logGet(43)) - raft.server.log.statemachine.data.sync.timeout.retry = -1 (default)
2019-10-17 11:22:26,739 [pool-47-thread-1] INFO  server.RaftServerConfigKeys (ConfUtils.java:logGet(43)) - raft.server.log.queue.element-limit = 1024 (custom)
2019-10-17 11:22:26,739 [pool-37-thread-1] INFO  server.RaftServerConfigKeys (ConfUtils.java:logGet(43)) - raft.server.log.segment.size.max = 1048576 (custom)
2019-10-17 11:22:26,739 [pool-47-thread-1] INFO  server.RaftServerConfigKeys (ConfUtils.java:logGet(43)) - raft.server.log.segment.size.max = 1048576 (custom)
2019-10-17 11:22:26,739 [pool-27-thread-1] INFO  server.RaftServerConfigKeys (ConfUtils.java:logGet(43)) - raft.server.log.statemachine.data.caching.enabled = true (custom)
2019-10-17 11:22:26,740 [pool-47-thread-1] INFO  server.RaftServerConfigKeys (ConfUtils.java:logGet(43)) - raft.server.log.preallocated.size = 16384 (custom)
2019-10-17 11:22:26,740 [pool-37-thread-1] INFO  server.RaftServerConfigKeys (ConfUtils.java:logGet(43)) - raft.server.log.preallocated.size = 16384 (custom)
2019-10-17 11:22:26,740 [pool-27-thread-1] INFO  segmented.SegmentedRaftLogWorker (SegmentedRaftLogWorker.java:lambda$new$0(128)) - 4fbc0a64-e4c7-4a69-94fa-9804a8d7871e@group-B3362EA21D26-SegmentedRaftLogWorker: flushIndex: setUnconditionally 0 -> -1
2019-10-17 11:22:26,740 [pool-47-thread-1] INFO  server.RaftServerConfigKeys (ConfUtils.java:logGet(43)) - raft.server.log.write.buffer.size = 33554432 (custom)
2019-10-17 11:22:26,740 [pool-37-thread-1] INFO  server.RaftServerConfigKeys (ConfUtils.java:logGet(43)) - raft.server.log.write.buffer.size = 33554432 (custom)
2019-10-17 11:22:26,740 [pool-27-thread-1] INFO  server.RaftServerConfigKeys (ConfUtils.java:logGet(43)) - raft.server.snapshot.auto.trigger.enabled = true (custom)
2019-10-17 11:22:26,740 [pool-47-thread-1] INFO  server.RaftServerConfigKeys (ConfUtils.java:logGet(43)) - raft.server.log.force.sync.num = 128 (default)
2019-10-17 11:22:26,740 [pool-27-thread-1] INFO  server.RaftServerConfigKeys (ConfUtils.java:logGet(43)) - raft.server.snapshot.auto.trigger.threshold = 10000 (custom)
2019-10-17 11:22:26,740 [pool-37-thread-1] INFO  server.RaftServerConfigKeys (ConfUtils.java:logGet(43)) - raft.server.log.force.sync.num = 128 (default)
2019-10-17 11:22:26,741 [pool-27-thread-1] INFO  server.RaftServerConfigKeys (ConfUtils.java:logGet(43)) - raft.server.snapshot.retention.file.num = 5 (custom)
2019-10-17 11:22:26,741 [pool-47-thread-1] INFO  server.RaftServerConfigKeys (ConfUtils.java:logGet(43)) - raft.server.log.statemachine.data.sync = true (default)
2019-10-17 11:22:26,741 [pool-27-thread-1] INFO  server.RaftServerConfigKeys (ConfUtils.java:logGet(43)) - raft.server.retrycache.expirytime = 600000ms (custom)
2019-10-17 11:22:26,741 [pool-37-thread-1] INFO  server.RaftServerConfigKeys (ConfUtils.java:logGet(43)) - raft.server.log.statemachine.data.sync = true (default)
2019-10-17 11:22:26,741 [pool-47-thread-1] INFO  server.RaftServerConfigKeys (ConfUtils.java:logGet(43)) - raft.server.log.statemachine.data.sync.timeout = 10s (default)
2019-10-17 11:22:26,741 [pool-37-thread-1] INFO  server.RaftServerConfigKeys (ConfUtils.java:logGet(43)) - raft.server.log.statemachine.data.sync.timeout = 10s (default)
2019-10-17 11:22:26,741 [pool-47-thread-1] INFO  server.RaftServerConfigKeys (ConfUtils.java:logGet(43)) - raft.server.log.statemachine.data.sync.timeout.retry = -1 (default)
2019-10-17 11:22:26,741 [pool-37-thread-1] INFO  server.RaftServerConfigKeys (ConfUtils.java:logGet(43)) - raft.server.log.statemachine.data.sync.timeout.retry = -1 (default)
2019-10-17 11:22:26,742 [pool-47-thread-1] INFO  server.RaftServerConfigKeys (ConfUtils.java:logGet(43)) - raft.server.log.statemachine.data.caching.enabled = true (custom)
2019-10-17 11:22:26,742 [pool-37-thread-1] INFO  server.RaftServerConfigKeys (ConfUtils.java:logGet(43)) - raft.server.log.statemachine.data.caching.enabled = true (custom)
2019-10-17 11:22:26,742 [pool-47-thread-1] INFO  segmented.SegmentedRaftLogWorker (SegmentedRaftLogWorker.java:lambda$new$0(128)) - 6ce2c6a7-9144-4b9b-bff9-06be29014ddc@group-B3362EA21D26-SegmentedRaftLogWorker: flushIndex: setUnconditionally 0 -> -1
2019-10-17 11:22:26,742 [pool-37-thread-1] INFO  segmented.SegmentedRaftLogWorker (SegmentedRaftLogWorker.java:lambda$new$0(128)) - fd66befe-d3e0-4e51-a202-c759178c3599@group-B3362EA21D26-SegmentedRaftLogWorker: flushIndex: setUnconditionally 0 -> -1
2019-10-17 11:22:26,742 [pool-47-thread-1] INFO  server.RaftServerConfigKeys (ConfUtils.java:logGet(43)) - raft.server.snapshot.auto.trigger.enabled = true (custom)
2019-10-17 11:22:26,742 [pool-37-thread-1] INFO  server.RaftServerConfigKeys (ConfUtils.java:logGet(43)) - raft.server.snapshot.auto.trigger.enabled = true (custom)
2019-10-17 11:22:26,742 [pool-47-thread-1] INFO  server.RaftServerConfigKeys (ConfUtils.java:logGet(43)) - raft.server.snapshot.auto.trigger.threshold = 10000 (custom)
2019-10-17 11:22:26,742 [pool-37-thread-1] INFO  server.RaftServerConfigKeys (ConfUtils.java:logGet(43)) - raft.server.snapshot.auto.trigger.threshold = 10000 (custom)
2019-10-17 11:22:26,743 [pool-47-thread-1] INFO  server.RaftServerConfigKeys (ConfUtils.java:logGet(43)) - raft.server.snapshot.retention.file.num = 5 (custom)
2019-10-17 11:22:26,743 [pool-37-thread-1] INFO  server.RaftServerConfigKeys (ConfUtils.java:logGet(43)) - raft.server.snapshot.retention.file.num = 5 (custom)
2019-10-17 11:22:26,743 [pool-47-thread-1] INFO  server.RaftServerConfigKeys (ConfUtils.java:logGet(43)) - raft.server.retrycache.expirytime = 600000ms (custom)
2019-10-17 11:22:26,743 [pool-37-thread-1] INFO  server.RaftServerConfigKeys (ConfUtils.java:logGet(43)) - raft.server.retrycache.expirytime = 600000ms (custom)
2019-10-17 11:22:26,745 [pool-27-thread-1] INFO  impl.RaftServerImpl (RaftServerImpl.java:start(181)) - 4fbc0a64-e4c7-4a69-94fa-9804a8d7871e@group-B3362EA21D26: start as a follower, conf=-1: [4fbc0a64-e4c7-4a69-94fa-9804a8d7871e:192.168.164.239:39296, 6ce2c6a7-9144-4b9b-bff9-06be29014ddc:192.168.164.239:34720, fd66befe-d3e0-4e51-a202-c759178c3599:192.168.164.239:40732], old=null
2019-10-17 11:22:26,745 [pool-27-thread-1] INFO  impl.RaftServerImpl (RaftServerImpl.java:setRole(170)) - 4fbc0a64-e4c7-4a69-94fa-9804a8d7871e@group-B3362EA21D26: changes role from      null to FOLLOWER at term 0 for startAsFollower
2019-10-17 11:22:26,745 [pool-27-thread-1] INFO  impl.RoleInfo (RoleInfo.java:updateAndGet(143)) - 4fbc0a64-e4c7-4a69-94fa-9804a8d7871e: start FollowerState
2019-10-17 11:22:26,745 [pool-27-thread-1] INFO  util.JmxRegister (JmxRegister.java:tryRegister(44)) - Successfully registered JMX Bean with object name Ratis:service=RaftServer,group=group-B3362EA21D26,id=4fbc0a64-e4c7-4a69-94fa-9804a8d7871e
2019-10-17 11:22:26,747 [pool-47-thread-1] INFO  impl.RaftServerImpl (RaftServerImpl.java:start(181)) - 6ce2c6a7-9144-4b9b-bff9-06be29014ddc@group-B3362EA21D26: start as a follower, conf=-1: [4fbc0a64-e4c7-4a69-94fa-9804a8d7871e:192.168.164.239:39296, 6ce2c6a7-9144-4b9b-bff9-06be29014ddc:192.168.164.239:34720, fd66befe-d3e0-4e51-a202-c759178c3599:192.168.164.239:40732], old=null
2019-10-17 11:22:26,747 [pool-47-thread-1] INFO  impl.RaftServerImpl (RaftServerImpl.java:setRole(170)) - 6ce2c6a7-9144-4b9b-bff9-06be29014ddc@group-B3362EA21D26: changes role from      null to FOLLOWER at term 0 for startAsFollower
2019-10-17 11:22:26,747 [pool-37-thread-1] INFO  impl.RaftServerImpl (RaftServerImpl.java:start(181)) - fd66befe-d3e0-4e51-a202-c759178c3599@group-B3362EA21D26: start as a follower, conf=-1: [4fbc0a64-e4c7-4a69-94fa-9804a8d7871e:192.168.164.239:39296, 6ce2c6a7-9144-4b9b-bff9-06be29014ddc:192.168.164.239:34720, fd66befe-d3e0-4e51-a202-c759178c3599:192.168.164.239:40732], old=null
2019-10-17 11:22:26,747 [pool-47-thread-1] INFO  impl.RoleInfo (RoleInfo.java:updateAndGet(143)) - 6ce2c6a7-9144-4b9b-bff9-06be29014ddc: start FollowerState
2019-10-17 11:22:26,747 [pool-37-thread-1] INFO  impl.RaftServerImpl (RaftServerImpl.java:setRole(170)) - fd66befe-d3e0-4e51-a202-c759178c3599@group-B3362EA21D26: changes role from      null to FOLLOWER at term 0 for startAsFollower
2019-10-17 11:22:26,748 [pool-37-thread-1] INFO  impl.RoleInfo (RoleInfo.java:updateAndGet(143)) - fd66befe-d3e0-4e51-a202-c759178c3599: start FollowerState
2019-10-17 11:22:26,748 [pool-47-thread-1] INFO  util.JmxRegister (JmxRegister.java:tryRegister(44)) - Successfully registered JMX Bean with object name Ratis:service=RaftServer,group=group-B3362EA21D26,id=6ce2c6a7-9144-4b9b-bff9-06be29014ddc
2019-10-17 11:22:26,748 [pool-37-thread-1] INFO  util.JmxRegister (JmxRegister.java:tryRegister(44)) - Successfully registered JMX Bean with object name Ratis:service=RaftServer,group=group-B3362EA21D26,id=fd66befe-d3e0-4e51-a202-c759178c3599
2019-10-17 11:22:26,769 [RatisPipelineUtilsThread] INFO  pipeline.PipelineStateManager (PipelineStateManager.java:addPipeline(56)) - Created pipeline Pipeline[ Id: 38f89504-bce2-46cc-a5df-b3362ea21d26, Nodes: fd66befe-d3e0-4e51-a202-c759178c3599{ip: 192.168.164.239, host: pr-hdds-1569-jxtqp-958769943, networkLocation: /default-rack, certSerialId: null}4fbc0a64-e4c7-4a69-94fa-9804a8d7871e{ip: 192.168.164.239, host: pr-hdds-1569-jxtqp-958769943, networkLocation: /default-rack, certSerialId: null}6ce2c6a7-9144-4b9b-bff9-06be29014ddc{ip: 192.168.164.239, host: pr-hdds-1569-jxtqp-958769943, networkLocation: /default-rack, certSerialId: null}, Type:RATIS, Factor:THREE, State:OPEN]
2019-10-17 11:22:26,790 [grpc-default-executor-0] INFO  impl.RaftServerProxy (RaftServerProxy.java:addNew(89)) - fd66befe-d3e0-4e51-a202-c759178c3599: addNew group-4155E8207270:[4fbc0a64-e4c7-4a69-94fa-9804a8d7871e:192.168.164.239:39296, 6ce2c6a7-9144-4b9b-bff9-06be29014ddc:192.168.164.239:34720, fd66befe-d3e0-4e51-a202-c759178c3599:192.168.164.239:40732] returns group-4155E8207270:java.util.concurrent.CompletableFuture@4c2c9f26[Not completed]
2019-10-17 11:22:26,791 [grpc-default-executor-2] INFO  impl.RaftServerProxy (RaftServerProxy.java:addNew(89)) - 6ce2c6a7-9144-4b9b-bff9-06be29014ddc: addNew group-4155E8207270:[4fbc0a64-e4c7-4a69-94fa-9804a8d7871e:192.168.164.239:39296, 6ce2c6a7-9144-4b9b-bff9-06be29014ddc:192.168.164.239:34720, fd66befe-d3e0-4e51-a202-c759178c3599:192.168.164.239:40732] returns group-4155E8207270:java.util.concurrent.CompletableFuture@60503be1[Not completed]
2019-10-17 11:22:26,792 [grpc-default-executor-0] INFO  impl.RaftServerProxy (RaftServerProxy.java:addNew(89)) - 4fbc0a64-e4c7-4a69-94fa-9804a8d7871e: addNew group-4155E8207270:[4fbc0a64-e4c7-4a69-94fa-9804a8d7871e:192.168.164.239:39296, 6ce2c6a7-9144-4b9b-bff9-06be29014ddc:192.168.164.239:34720, fd66befe-d3e0-4e51-a202-c759178c3599:192.168.164.239:40732] returns group-4155E8207270:java.util.concurrent.CompletableFuture@50047649[Not completed]
2019-10-17 11:22:26,793 [pool-37-thread-1] INFO  impl.RaftServerImpl (RaftServerImpl.java:<init>(95)) - fd66befe-d3e0-4e51-a202-c759178c3599: new RaftServerImpl for group-4155E8207270:[4fbc0a64-e4c7-4a69-94fa-9804a8d7871e:192.168.164.239:39296, 6ce2c6a7-9144-4b9b-bff9-06be29014ddc:192.168.164.239:34720, fd66befe-d3e0-4e51-a202-c759178c3599:192.168.164.239:40732] with ContainerStateMachine:uninitialized
2019-10-17 11:22:26,793 [pool-37-thread-1] INFO  server.RaftServerConfigKeys (ConfUtils.java:logGet(43)) - raft.server.rpc.timeout.min = 5s (custom)
2019-10-17 11:22:26,793 [pool-37-thread-1] INFO  server.RaftServerConfigKeys (ConfUtils.java:logGet(43)) - raft.server.rpc.timeout.max = 5200ms (custom)
2019-10-17 11:22:26,793 [pool-37-thread-1] INFO  server.RaftServerConfigKeys (ConfUtils.java:logGet(43)) - raft.server.rpcslowness.timeout = 120s (custom)
2019-10-17 11:22:26,793 [pool-37-thread-1] INFO  server.RaftServerConfigKeys (ConfUtils.java:logGet(43)) - raft.server.sleep.deviation.threshold = 300 (default)
2019-10-17 11:22:26,793 [pool-27-thread-1] INFO  impl.RaftServerImpl (RaftServerImpl.java:<init>(95)) - 4fbc0a64-e4c7-4a69-94fa-9804a8d7871e: new RaftServerImpl for group-4155E8207270:[4fbc0a64-e4c7-4a69-94fa-9804a8d7871e:192.168.164.239:39296, 6ce2c6a7-9144-4b9b-bff9-06be29014ddc:192.168.164.239:34720, fd66befe-d3e0-4e51-a202-c759178c3599:192.168.164.239:40732] with ContainerStateMachine:uninitialized
2019-10-17 11:22:26,793 [pool-37-thread-1] INFO  server.RaftServerConfigKeys (ConfUtils.java:logGet(43)) - raft.server.log.appender.install.snapshot.enabled = false (custom)
2019-10-17 11:22:26,794 [pool-27-thread-1] INFO  server.RaftServerConfigKeys (ConfUtils.java:logGet(43)) - raft.server.rpc.timeout.min = 5s (custom)
2019-10-17 11:22:26,794 [pool-37-thread-1] INFO  impl.RaftServerImpl (ServerState.java:<init>(103)) - fd66befe-d3e0-4e51-a202-c759178c3599@group-4155E8207270: ConfigurationManager, init=-1: [4fbc0a64-e4c7-4a69-94fa-9804a8d7871e:192.168.164.239:39296, 6ce2c6a7-9144-4b9b-bff9-06be29014ddc:192.168.164.239:34720, fd66befe-d3e0-4e51-a202-c759178c3599:192.168.164.239:40732], old=null, confs=<EMPTY_MAP>
2019-10-17 11:22:26,794 [pool-27-thread-1] INFO  server.RaftServerConfigKeys (ConfUtils.java:logGet(43)) - raft.server.rpc.timeout.max = 5200ms (custom)
2019-10-17 11:22:26,794 [pool-27-thread-1] INFO  server.RaftServerConfigKeys (ConfUtils.java:logGet(43)) - raft.server.rpcslowness.timeout = 120s (custom)
2019-10-17 11:22:26,794 [pool-47-thread-1] INFO  impl.RaftServerImpl (RaftServerImpl.java:<init>(95)) - 6ce2c6a7-9144-4b9b-bff9-06be29014ddc: new RaftServerImpl for group-4155E8207270:[4fbc0a64-e4c7-4a69-94fa-9804a8d7871e:192.168.164.239:39296, 6ce2c6a7-9144-4b9b-bff9-06be29014ddc:192.168.164.239:34720, fd66befe-d3e0-4e51-a202-c759178c3599:192.168.164.239:40732] with ContainerStateMachine:uninitialized
2019-10-17 11:22:26,794 [pool-37-thread-1] INFO  server.RaftServerConfigKeys (ConfUtils.java:logGet(43)) - raft.server.storage.dir = [/workdir/hadoop-ozone/integration-test/target/test-dir/MiniOzoneClusterImpl-768d9c75-2411-484d-8912-1e22cbfad202/datanode-1/data/ratis] (custom)
2019-10-17 11:22:26,794 [pool-47-thread-1] INFO  server.RaftServerConfigKeys (ConfUtils.java:logGet(43)) - raft.server.rpc.timeout.min = 5s (custom)
2019-10-17 11:22:26,794 [pool-27-thread-1] INFO  server.RaftServerConfigKeys (ConfUtils.java:logGet(43)) - raft.server.sleep.deviation.threshold = 300 (default)
2019-10-17 11:22:26,794 [pool-47-thread-1] INFO  server.RaftServerConfigKeys (ConfUtils.java:logGet(43)) - raft.server.rpc.timeout.max = 5200ms (custom)
2019-10-17 11:22:26,794 [pool-27-thread-1] INFO  server.RaftServerConfigKeys (ConfUtils.java:logGet(43)) - raft.server.log.appender.install.snapshot.enabled = false (custom)
2019-10-17 11:22:26,794 [pool-37-thread-1] INFO  server.RaftServerConfigKeys (ConfUtils.java:logGet(43)) - raft.server.log.corruption.policy = EXCEPTION (default)
2019-10-17 11:22:26,795 [pool-27-thread-1] INFO  impl.RaftServerImpl (ServerState.java:<init>(103)) - 4fbc0a64-e4c7-4a69-94fa-9804a8d7871e@group-4155E8207270: ConfigurationManager, init=-1: [4fbc0a64-e4c7-4a69-94fa-9804a8d7871e:192.168.164.239:39296, 6ce2c6a7-9144-4b9b-bff9-06be29014ddc:192.168.164.239:34720, fd66befe-d3e0-4e51-a202-c759178c3599:192.168.164.239:40732], old=null, confs=<EMPTY_MAP>
2019-10-17 11:22:26,794 [pool-47-thread-1] INFO  server.RaftServerConfigKeys (ConfUtils.java:logGet(43)) - raft.server.rpcslowness.timeout = 120s (custom)
2019-10-17 11:22:26,795 [pool-37-thread-1] INFO  storage.RaftStorageDirectory (RaftStorageDirectory.java:analyzeStorage(246)) - The storage directory /workdir/hadoop-ozone/integration-test/target/test-dir/MiniOzoneClusterImpl-768d9c75-2411-484d-8912-1e22cbfad202/datanode-1/data/ratis/5f6a184f-f8f4-426f-aa26-4155e8207270 does not exist. Creating ...
2019-10-17 11:22:26,795 [pool-47-thread-1] INFO  server.RaftServerConfigKeys (ConfUtils.java:logGet(43)) - raft.server.sleep.deviation.threshold = 300 (default)
2019-10-17 11:22:26,795 [pool-27-thread-1] INFO  server.RaftServerConfigKeys (ConfUtils.java:logGet(43)) - raft.server.storage.dir = [/workdir/hadoop-ozone/integration-test/target/test-dir/MiniOzoneClusterImpl-768d9c75-2411-484d-8912-1e22cbfad202/datanode-0/data/ratis] (custom)
2019-10-17 11:22:26,795 [pool-47-thread-1] INFO  server.RaftServerConfigKeys (ConfUtils.java:logGet(43)) - raft.server.log.appender.install.snapshot.enabled = false (custom)
2019-10-17 11:22:26,795 [pool-47-thread-1] INFO  impl.RaftServerImpl (ServerState.java:<init>(103)) - 6ce2c6a7-9144-4b9b-bff9-06be29014ddc@group-4155E8207270: ConfigurationManager, init=-1: [4fbc0a64-e4c7-4a69-94fa-9804a8d7871e:192.168.164.239:39296, 6ce2c6a7-9144-4b9b-bff9-06be29014ddc:192.168.164.239:34720, fd66befe-d3e0-4e51-a202-c759178c3599:192.168.164.239:40732], old=null, confs=<EMPTY_MAP>
2019-10-17 11:22:26,795 [pool-27-thread-1] INFO  server.RaftServerConfigKeys (ConfUtils.java:logGet(43)) - raft.server.log.corruption.policy = EXCEPTION (default)
2019-10-17 11:22:26,795 [pool-47-thread-1] INFO  server.RaftServerConfigKeys (ConfUtils.java:logGet(43)) - raft.server.storage.dir = [/workdir/hadoop-ozone/integration-test/target/test-dir/MiniOzoneClusterImpl-768d9c75-2411-484d-8912-1e22cbfad202/datanode-2/data/ratis] (custom)
2019-10-17 11:22:26,796 [pool-27-thread-1] INFO  storage.RaftStorageDirectory (RaftStorageDirectory.java:analyzeStorage(246)) - The storage directory /workdir/hadoop-ozone/integration-test/target/test-dir/MiniOzoneClusterImpl-768d9c75-2411-484d-8912-1e22cbfad202/datanode-0/data/ratis/5f6a184f-f8f4-426f-aa26-4155e8207270 does not exist. Creating ...
2019-10-17 11:22:26,796 [pool-47-thread-1] INFO  server.RaftServerConfigKeys (ConfUtils.java:logGet(43)) - raft.server.log.corruption.policy = EXCEPTION (default)
2019-10-17 11:22:26,796 [pool-47-thread-1] INFO  storage.RaftStorageDirectory (RaftStorageDirectory.java:analyzeStorage(246)) - The storage directory /workdir/hadoop-ozone/integration-test/target/test-dir/MiniOzoneClusterImpl-768d9c75-2411-484d-8912-1e22cbfad202/datanode-2/data/ratis/5f6a184f-f8f4-426f-aa26-4155e8207270 does not exist. Creating ...
2019-10-17 11:22:26,818 [pool-37-thread-1] INFO  storage.RaftStorageDirectory (RaftStorageDirectory.java:tryLock(328)) - Lock on /workdir/hadoop-ozone/integration-test/target/test-dir/MiniOzoneClusterImpl-768d9c75-2411-484d-8912-1e22cbfad202/datanode-1/data/ratis/5f6a184f-f8f4-426f-aa26-4155e8207270/in_use.lock acquired by nodename 31128@pr-hdds-1569-jxtqp-958769943
2019-10-17 11:22:26,818 [pool-27-thread-1] INFO  storage.RaftStorageDirectory (RaftStorageDirectory.java:tryLock(328)) - Lock on /workdir/hadoop-ozone/integration-test/target/test-dir/MiniOzoneClusterImpl-768d9c75-2411-484d-8912-1e22cbfad202/datanode-0/data/ratis/5f6a184f-f8f4-426f-aa26-4155e8207270/in_use.lock acquired by nodename 31128@pr-hdds-1569-jxtqp-958769943
2019-10-17 11:22:26,818 [pool-47-thread-1] INFO  storage.RaftStorageDirectory (RaftStorageDirectory.java:tryLock(328)) - Lock on /workdir/hadoop-ozone/integration-test/target/test-dir/MiniOzoneClusterImpl-768d9c75-2411-484d-8912-1e22cbfad202/datanode-2/data/ratis/5f6a184f-f8f4-426f-aa26-4155e8207270/in_use.lock acquired by nodename 31128@pr-hdds-1569-jxtqp-958769943
2019-10-17 11:22:26,853 [pool-37-thread-1] INFO  storage.RaftStorage (RaftStorage.java:format(84)) - Storage directory /workdir/hadoop-ozone/integration-test/target/test-dir/MiniOzoneClusterImpl-768d9c75-2411-484d-8912-1e22cbfad202/datanode-1/data/ratis/5f6a184f-f8f4-426f-aa26-4155e8207270 has been successfully formatted.
2019-10-17 11:22:26,853 [pool-27-thread-1] INFO  storage.RaftStorage (RaftStorage.java:format(84)) - Storage directory /workdir/hadoop-ozone/integration-test/target/test-dir/MiniOzoneClusterImpl-768d9c75-2411-484d-8912-1e22cbfad202/datanode-0/data/ratis/5f6a184f-f8f4-426f-aa26-4155e8207270 has been successfully formatted.
2019-10-17 11:22:26,853 [pool-47-thread-1] INFO  storage.RaftStorage (RaftStorage.java:format(84)) - Storage directory /workdir/hadoop-ozone/integration-test/target/test-dir/MiniOzoneClusterImpl-768d9c75-2411-484d-8912-1e22cbfad202/datanode-2/data/ratis/5f6a184f-f8f4-426f-aa26-4155e8207270 has been successfully formatted.
2019-10-17 11:22:26,853 [pool-37-thread-1] INFO  ratis.ContainerStateMachine (ContainerStateMachine.java:loadSnapshot(231)) - group-4155E8207270: The snapshot info is null. Setting the last applied indexto:(t:0, i:~)
2019-10-17 11:22:26,854 [pool-27-thread-1] INFO  ratis.ContainerStateMachine (ContainerStateMachine.java:loadSnapshot(231)) - group-4155E8207270: The snapshot info is null. Setting the last applied indexto:(t:0, i:~)
2019-10-17 11:22:26,854 [pool-37-thread-1] INFO  server.RaftServerConfigKeys (ConfUtils.java:logGet(43)) - raft.server.notification.no-leader.timeout = 120s (custom)
2019-10-17 11:22:26,854 [pool-47-thread-1] INFO  ratis.ContainerStateMachine (ContainerStateMachine.java:loadSnapshot(231)) - group-4155E8207270: The snapshot info is null. Setting the last applied indexto:(t:0, i:~)
2019-10-17 11:22:26,854 [pool-37-thread-1] INFO  server.RaftServerConfigKeys (ConfUtils.java:logGet(43)) - raft.server.log.use.memory = false (default)
2019-10-17 11:22:26,854 [pool-27-thread-1] INFO  server.RaftServerConfigKeys (ConfUtils.java:logGet(43)) - raft.server.notification.no-leader.timeout = 120s (custom)
2019-10-17 11:22:26,854 [pool-37-thread-1] INFO  server.RaftServerConfigKeys (ConfUtils.java:logGet(43)) - raft.server.log.purge.gap = 1000000 (custom)
2019-10-17 11:22:26,854 [pool-47-thread-1] INFO  server.RaftServerConfigKeys (ConfUtils.java:logGet(43)) - raft.server.notification.no-leader.timeout = 120s (custom)
2019-10-17 11:22:26,854 [pool-37-thread-1] INFO  server.RaftServerConfigKeys (ConfUtils.java:logGet(43)) - raft.server.log.appender.buffer.byte-limit = 33554432 (custom)
2019-10-17 11:22:26,854 [pool-27-thread-1] INFO  server.RaftServerConfigKeys (ConfUtils.java:logGet(43)) - raft.server.log.use.memory = false (default)
2019-10-17 11:22:26,855 [pool-37-thread-1] INFO  server.RaftServerConfigKeys (ConfUtils.java:logGet(43)) - raft.server.log.segment.size.max = 1048576 (custom)
2019-10-17 11:22:26,855 [pool-47-thread-1] INFO  server.RaftServerConfigKeys (ConfUtils.java:logGet(43)) - raft.server.log.use.memory = false (default)
2019-10-17 11:22:26,855 [pool-37-thread-1] INFO  server.RaftServerConfigKeys (ConfUtils.java:logGet(43)) - raft.server.log.segment.cache.num.max = 2 (custom)
2019-10-17 11:22:26,855 [pool-27-thread-1] INFO  server.RaftServerConfigKeys (ConfUtils.java:logGet(43)) - raft.server.log.purge.gap = 1000000 (custom)
2019-10-17 11:22:26,855 [pool-37-thread-1] INFO  segmented.SegmentedRaftLogWorker (SegmentedRaftLogWorker.java:<init>(173)) - new fd66befe-d3e0-4e51-a202-c759178c3599@group-4155E8207270-SegmentedRaftLogWorker for RaftStorage:Storage Directory /workdir/hadoop-ozone/integration-test/target/test-dir/MiniOzoneClusterImpl-768d9c75-2411-484d-8912-1e22cbfad202/datanode-1/data/ratis/5f6a184f-f8f4-426f-aa26-4155e8207270
2019-10-17 11:22:26,855 [pool-47-thread-1] INFO  server.RaftServerConfigKeys (ConfUtils.java:logGet(43)) - raft.server.log.purge.gap = 1000000 (custom)
2019-10-17 11:22:26,855 [pool-37-thread-1] INFO  server.RaftServerConfigKeys (ConfUtils.java:logGet(43)) - raft.server.log.queue.byte-limit = 2147483647 (custom)
2019-10-17 11:22:26,855 [pool-27-thread-1] INFO  server.RaftServerConfigKeys (ConfUtils.java:logGet(43)) - raft.server.log.appender.buffer.byte-limit = 33554432 (custom)
2019-10-17 11:22:26,856 [pool-37-thread-1] INFO  server.RaftServerConfigKeys (ConfUtils.java:logGet(43)) - raft.server.log.queue.element-limit = 1024 (custom)
2019-10-17 11:22:26,856 [pool-47-thread-1] INFO  server.RaftServerConfigKeys (ConfUtils.java:logGet(43)) - raft.server.log.appender.buffer.byte-limit = 33554432 (custom)
2019-10-17 11:22:26,856 [pool-37-thread-1] INFO  server.RaftServerConfigKeys (ConfUtils.java:logGet(43)) - raft.server.log.segment.size.max = 1048576 (custom)
2019-10-17 11:22:26,856 [pool-27-thread-1] INFO  server.RaftServerConfigKeys (ConfUtils.java:logGet(43)) - raft.server.log.segment.size.max = 1048576 (custom)
2019-10-17 11:22:26,856 [pool-37-thread-1] INFO  server.RaftServerConfigKeys (ConfUtils.java:logGet(43)) - raft.server.log.preallocated.size = 16384 (custom)
2019-10-17 11:22:26,856 [pool-47-thread-1] INFO  server.RaftServerConfigKeys (ConfUtils.java:logGet(43)) - raft.server.log.segment.size.max = 1048576 (custom)
2019-10-17 11:22:26,856 [pool-37-thread-1] INFO  server.RaftServerConfigKeys (ConfUtils.java:logGet(43)) - raft.server.log.write.buffer.size = 33554432 (custom)
2019-10-17 11:22:26,856 [pool-27-thread-1] INFO  server.RaftServerConfigKeys (ConfUtils.java:logGet(43)) - raft.server.log.segment.cache.num.max = 2 (custom)
2019-10-17 11:22:26,857 [pool-47-thread-1] INFO  server.RaftServerConfigKeys (ConfUtils.java:logGet(43)) - raft.server.log.segment.cache.num.max = 2 (custom)
2019-10-17 11:22:26,857 [pool-27-thread-1] INFO  segmented.SegmentedRaftLogWorker (SegmentedRaftLogWorker.java:<init>(173)) - new 4fbc0a64-e4c7-4a69-94fa-9804a8d7871e@group-4155E8207270-SegmentedRaftLogWorker for RaftStorage:Storage Directory /workdir/hadoop-ozone/integration-test/target/test-dir/MiniOzoneClusterImpl-768d9c75-2411-484d-8912-1e22cbfad202/datanode-0/data/ratis/5f6a184f-f8f4-426f-aa26-4155e8207270
2019-10-17 11:22:26,857 [pool-37-thread-1] INFO  server.RaftServerConfigKeys (ConfUtils.java:logGet(43)) - raft.server.log.force.sync.num = 128 (default)
2019-10-17 11:22:26,857 [pool-27-thread-1] INFO  server.RaftServerConfigKeys (ConfUtils.java:logGet(43)) - raft.server.log.queue.byte-limit = 2147483647 (custom)
2019-10-17 11:22:26,857 [pool-47-thread-1] INFO  segmented.SegmentedRaftLogWorker (SegmentedRaftLogWorker.java:<init>(173)) - new 6ce2c6a7-9144-4b9b-bff9-06be29014ddc@group-4155E8207270-SegmentedRaftLogWorker for RaftStorage:Storage Directory /workdir/hadoop-ozone/integration-test/target/test-dir/MiniOzoneClusterImpl-768d9c75-2411-484d-8912-1e22cbfad202/datanode-2/data/ratis/5f6a184f-f8f4-426f-aa26-4155e8207270
2019-10-17 11:22:26,857 [pool-27-thread-1] INFO  server.RaftServerConfigKeys (ConfUtils.java:logGet(43)) - raft.server.log.queue.element-limit = 1024 (custom)
2019-10-17 11:22:26,857 [pool-37-thread-1] INFO  server.RaftServerConfigKeys (ConfUtils.java:logGet(43)) - raft.server.log.statemachine.data.sync = true (default)
2019-10-17 11:22:26,858 [pool-27-thread-1] INFO  server.RaftServerConfigKeys (ConfUtils.java:logGet(43)) - raft.server.log.segment.size.max = 1048576 (custom)
2019-10-17 11:22:26,858 [pool-47-thread-1] INFO  server.RaftServerConfigKeys (ConfUtils.java:logGet(43)) - raft.server.log.queue.byte-limit = 2147483647 (custom)
2019-10-17 11:22:26,858 [pool-27-thread-1] INFO  server.RaftServerConfigKeys (ConfUtils.java:logGet(43)) - raft.server.log.preallocated.size = 16384 (custom)
2019-10-17 11:22:26,858 [pool-37-thread-1] INFO  server.RaftServerConfigKeys (ConfUtils.java:logGet(43)) - raft.server.log.statemachine.data.sync.timeout = 10s (default)
2019-10-17 11:22:26,858 [pool-27-thread-1] INFO  server.RaftServerConfigKeys (ConfUtils.java:logGet(43)) - raft.server.log.write.buffer.size = 33554432 (custom)
2019-10-17 11:22:26,858 [pool-47-thread-1] INFO  server.RaftServerConfigKeys (ConfUtils.java:logGet(43)) - raft.server.log.queue.element-limit = 1024 (custom)
2019-10-17 11:22:26,859 [pool-37-thread-1] INFO  server.RaftServerConfigKeys (ConfUtils.java:logGet(43)) - raft.server.log.statemachine.data.sync.timeout.retry = -1 (default)
2019-10-17 11:22:26,859 [pool-27-thread-1] INFO  server.RaftServerConfigKeys (ConfUtils.java:logGet(43)) - raft.server.log.force.sync.num = 128 (default)
2019-10-17 11:22:26,859 [pool-47-thread-1] INFO  server.RaftServerConfigKeys (ConfUtils.java:logGet(43)) - raft.server.log.segment.size.max = 1048576 (custom)
2019-10-17 11:22:26,859 [pool-37-thread-1] INFO  server.RaftServerConfigKeys (ConfUtils.java:logGet(43)) - raft.server.log.statemachine.data.caching.enabled = true (custom)
2019-10-17 11:22:26,859 [pool-27-thread-1] INFO  server.RaftServerConfigKeys (ConfUtils.java:logGet(43)) - raft.server.log.statemachine.data.sync = true (default)
2019-10-17 11:22:26,859 [pool-47-thread-1] INFO  server.RaftServerConfigKeys (ConfUtils.java:logGet(43)) - raft.server.log.preallocated.size = 16384 (custom)
2019-10-17 11:22:26,860 [pool-27-thread-1] INFO  server.RaftServerConfigKeys (ConfUtils.java:logGet(43)) - raft.server.log.statemachine.data.sync.timeout = 10s (default)
2019-10-17 11:22:26,860 [pool-47-thread-1] INFO  server.RaftServerConfigKeys (ConfUtils.java:logGet(43)) - raft.server.log.write.buffer.size = 33554432 (custom)
2019-10-17 11:22:26,860 [pool-37-thread-1] INFO  segmented.SegmentedRaftLogWorker (SegmentedRaftLogWorker.java:lambda$new$0(128)) - fd66befe-d3e0-4e51-a202-c759178c3599@group-4155E8207270-SegmentedRaftLogWorker: flushIndex: setUnconditionally 0 -> -1
2019-10-17 11:22:26,860 [pool-47-thread-1] INFO  server.RaftServerConfigKeys (ConfUtils.java:logGet(43)) - raft.server.log.force.sync.num = 128 (default)
2019-10-17 11:22:26,860 [pool-27-thread-1] INFO  server.RaftServerConfigKeys (ConfUtils.java:logGet(43)) - raft.server.log.statemachine.data.sync.timeout.retry = -1 (default)
2019-10-17 11:22:26,860 [pool-37-thread-1] INFO  server.RaftServerConfigKeys (ConfUtils.java:logGet(43)) - raft.server.snapshot.auto.trigger.enabled = true (custom)
2019-10-17 11:22:26,860 [pool-47-thread-1] INFO  server.RaftServerConfigKeys (ConfUtils.java:logGet(43)) - raft.server.log.statemachine.data.sync = true (default)
2019-10-17 11:22:26,860 [pool-37-thread-1] INFO  server.RaftServerConfigKeys (ConfUtils.java:logGet(43)) - raft.server.snapshot.auto.trigger.threshold = 10000 (custom)
2019-10-17 11:22:26,860 [pool-27-thread-1] INFO  server.RaftServerConfigKeys (ConfUtils.java:logGet(43)) - raft.server.log.statemachine.data.caching.enabled = true (custom)
2019-10-17 11:22:26,861 [pool-37-thread-1] INFO  server.RaftServerConfigKeys (ConfUtils.java:logGet(43)) - raft.server.snapshot.retention.file.num = 5 (custom)
2019-10-17 11:22:26,861 [pool-47-thread-1] INFO  server.RaftServerConfigKeys (ConfUtils.java:logGet(43)) - raft.server.log.statemachine.data.sync.timeout = 10s (default)
2019-10-17 11:22:26,861 [pool-27-thread-1] INFO  segmented.SegmentedRaftLogWorker (SegmentedRaftLogWorker.java:lambda$new$0(128)) - 4fbc0a64-e4c7-4a69-94fa-9804a8d7871e@group-4155E8207270-SegmentedRaftLogWorker: flushIndex: setUnconditionally 0 -> -1
2019-10-17 11:22:26,861 [pool-47-thread-1] INFO  server.RaftServerConfigKeys (ConfUtils.java:logGet(43)) - raft.server.log.statemachine.data.sync.timeout.retry = -1 (default)
2019-10-17 11:22:26,861 [pool-37-thread-1] INFO  server.RaftServerConfigKeys (ConfUtils.java:logGet(43)) - raft.server.retrycache.expirytime = 600000ms (custom)
2019-10-17 11:22:26,863 [pool-47-thread-1] INFO  server.RaftServerConfigKeys (ConfUtils.java:logGet(43)) - raft.server.log.statemachine.data.caching.enabled = true (custom)
2019-10-17 11:22:26,862 [pool-27-thread-1] INFO  server.RaftServerConfigKeys (ConfUtils.java:logGet(43)) - raft.server.snapshot.auto.trigger.enabled = true (custom)
2019-10-17 11:22:26,863 [pool-27-thread-1] INFO  server.RaftServerConfigKeys (ConfUtils.java:logGet(43)) - raft.server.snapshot.auto.trigger.threshold = 10000 (custom)
2019-10-17 11:22:26,863 [pool-47-thread-1] INFO  segmented.SegmentedRaftLogWorker (SegmentedRaftLogWorker.java:lambda$new$0(128)) - 6ce2c6a7-9144-4b9b-bff9-06be29014ddc@group-4155E8207270-SegmentedRaftLogWorker: flushIndex: setUnconditionally 0 -> -1
2019-10-17 11:22:26,863 [pool-27-thread-1] INFO  server.RaftServerConfigKeys (ConfUtils.java:logGet(43)) - raft.server.snapshot.retention.file.num = 5 (custom)
2019-10-17 11:22:26,863 [pool-47-thread-1] INFO  server.RaftServerConfigKeys (ConfUtils.java:logGet(43)) - raft.server.snapshot.auto.trigger.enabled = true (custom)
2019-10-17 11:22:26,863 [pool-27-thread-1] INFO  server.RaftServerConfigKeys (ConfUtils.java:logGet(43)) - raft.server.retrycache.expirytime = 600000ms (custom)
2019-10-17 11:22:26,864 [pool-47-thread-1] INFO  server.RaftServerConfigKeys (ConfUtils.java:logGet(43)) - raft.server.snapshot.auto.trigger.threshold = 10000 (custom)
2019-10-17 11:22:26,864 [pool-47-thread-1] INFO  server.RaftServerConfigKeys (ConfUtils.java:logGet(43)) - raft.server.snapshot.retention.file.num = 5 (custom)
2019-10-17 11:22:26,864 [pool-47-thread-1] INFO  server.RaftServerConfigKeys (ConfUtils.java:logGet(43)) - raft.server.retrycache.expirytime = 600000ms (custom)
2019-10-17 11:22:26,868 [pool-37-thread-1] INFO  impl.RaftServerImpl (RaftServerImpl.java:start(181)) - fd66befe-d3e0-4e51-a202-c759178c3599@group-4155E8207270: start as a follower, conf=-1: [4fbc0a64-e4c7-4a69-94fa-9804a8d7871e:192.168.164.239:39296, 6ce2c6a7-9144-4b9b-bff9-06be29014ddc:192.168.164.239:34720, fd66befe-d3e0-4e51-a202-c759178c3599:192.168.164.239:40732], old=null
2019-10-17 11:22:26,868 [pool-37-thread-1] INFO  impl.RaftServerImpl (RaftServerImpl.java:setRole(170)) - fd66befe-d3e0-4e51-a202-c759178c3599@group-4155E8207270: changes role from      null to FOLLOWER at term 0 for startAsFollower
2019-10-17 11:22:26,869 [pool-37-thread-1] INFO  impl.RoleInfo (RoleInfo.java:updateAndGet(143)) - fd66befe-d3e0-4e51-a202-c759178c3599: start FollowerState
2019-10-17 11:22:26,869 [pool-27-thread-1] INFO  impl.RaftServerImpl (RaftServerImpl.java:start(181)) - 4fbc0a64-e4c7-4a69-94fa-9804a8d7871e@group-4155E8207270: start as a follower, conf=-1: [4fbc0a64-e4c7-4a69-94fa-9804a8d7871e:192.168.164.239:39296, 6ce2c6a7-9144-4b9b-bff9-06be29014ddc:192.168.164.239:34720, fd66befe-d3e0-4e51-a202-c759178c3599:192.168.164.239:40732], old=null
2019-10-17 11:22:26,869 [pool-27-thread-1] INFO  impl.RaftServerImpl (RaftServerImpl.java:setRole(170)) - 4fbc0a64-e4c7-4a69-94fa-9804a8d7871e@group-4155E8207270: changes role from      null to FOLLOWER at term 0 for startAsFollower
2019-10-17 11:22:26,869 [pool-47-thread-1] INFO  impl.RaftServerImpl (RaftServerImpl.java:start(181)) - 6ce2c6a7-9144-4b9b-bff9-06be29014ddc@group-4155E8207270: start as a follower, conf=-1: [4fbc0a64-e4c7-4a69-94fa-9804a8d7871e:192.168.164.239:39296, 6ce2c6a7-9144-4b9b-bff9-06be29014ddc:192.168.164.239:34720, fd66befe-d3e0-4e51-a202-c759178c3599:192.168.164.239:40732], old=null
2019-10-17 11:22:26,869 [pool-27-thread-1] INFO  impl.RoleInfo (RoleInfo.java:updateAndGet(143)) - 4fbc0a64-e4c7-4a69-94fa-9804a8d7871e: start FollowerState
2019-10-17 11:22:26,869 [pool-37-thread-1] INFO  util.JmxRegister (JmxRegister.java:tryRegister(44)) - Successfully registered JMX Bean with object name Ratis:service=RaftServer,group=group-4155E8207270,id=fd66befe-d3e0-4e51-a202-c759178c3599
2019-10-17 11:22:26,869 [pool-47-thread-1] INFO  impl.RaftServerImpl (RaftServerImpl.java:setRole(170)) - 6ce2c6a7-9144-4b9b-bff9-06be29014ddc@group-4155E8207270: changes role from      null to FOLLOWER at term 0 for startAsFollower
2019-10-17 11:22:26,869 [pool-27-thread-1] INFO  util.JmxRegister (JmxRegister.java:tryRegister(44)) - Successfully registered JMX Bean with object name Ratis:service=RaftServer,group=group-4155E8207270,id=4fbc0a64-e4c7-4a69-94fa-9804a8d7871e
2019-10-17 11:22:26,870 [pool-47-thread-1] INFO  impl.RoleInfo (RoleInfo.java:updateAndGet(143)) - 6ce2c6a7-9144-4b9b-bff9-06be29014ddc: start FollowerState
2019-10-17 11:22:26,870 [pool-47-thread-1] INFO  util.JmxRegister (JmxRegister.java:tryRegister(44)) - Successfully registered JMX Bean with object name Ratis:service=RaftServer,group=group-4155E8207270,id=6ce2c6a7-9144-4b9b-bff9-06be29014ddc
2019-10-17 11:22:26,890 [RatisPipelineUtilsThread] INFO  pipeline.PipelineStateManager (PipelineStateManager.java:addPipeline(56)) - Created pipeline Pipeline[ Id: 5f6a184f-f8f4-426f-aa26-4155e8207270, Nodes: fd66befe-d3e0-4e51-a202-c759178c3599{ip: 192.168.164.239, host: pr-hdds-1569-jxtqp-958769943, networkLocation: /default-rack, certSerialId: null}4fbc0a64-e4c7-4a69-94fa-9804a8d7871e{ip: 192.168.164.239, host: pr-hdds-1569-jxtqp-958769943, networkLocation: /default-rack, certSerialId: null}6ce2c6a7-9144-4b9b-bff9-06be29014ddc{ip: 192.168.164.239, host: pr-hdds-1569-jxtqp-958769943, networkLocation: /default-rack, certSerialId: null}, Type:RATIS, Factor:THREE, State:OPEN]
2019-10-17 11:22:26,924 [main] INFO  ozone.MiniOzoneClusterImpl (MiniOzoneClusterImpl.java:lambda$waitForClusterToBeReady$0(147)) - Cluster is ready. Got 3 of 3 DN Heartbeats.
2019-10-17 11:22:27,384 [main] INFO  rpc.RpcClient (RpcClient.java:createVolume(272)) - Creating Volume: test-key-input-stream-volume, with jenkins1000 as owner.
2019-10-17 11:22:27,481 [IPC Server handler 1 on 42141] INFO  volume.OMVolumeCreateRequest (OMVolumeCreateRequest.java:validateAndUpdateCache(193)) - created volume:test-key-input-stream-volume for user:jenkins1000
2019-10-17 11:22:27,510 [main] INFO  rpc.RpcClient (RpcClient.java:createBucket(411)) - Creating Bucket: test-key-input-stream-volume/test-key-input-stream-bucket, with Versioning false and Storage Type set to DISK and Encryption set to false 
2019-10-17 11:22:27,772 [main] INFO  impl.MetricsSystemImpl (MetricsSystemImpl.java:init(158)) - XceiverClientMetrics metrics system started (again)
2019-10-17 11:22:28,774 [Thread-178] INFO  container.ReplicationManager (ReplicationManager.java:start(163)) - Starting Replication Monitor Thread.
2019-10-17 11:22:28,778 [ReplicationMonitor] INFO  container.ReplicationManager (ReplicationManager.java:run(226)) - Replication Monitor Thread took 3 milliseconds for processing 1 containers.
2019-10-17 11:22:31,556 [Thread-180] INFO  impl.FollowerState (FollowerState.java:run(108)) - 4fbc0a64-e4c7-4a69-94fa-9804a8d7871e@group-D0A43B4140C8-FollowerState: change to CANDIDATE, lastRpcTime:5187ms, electionTimeout:5186ms
2019-10-17 11:22:31,560 [Thread-180] INFO  impl.RoleInfo (RoleInfo.java:shutdownFollowerState(121)) - 4fbc0a64-e4c7-4a69-94fa-9804a8d7871e: shutdown FollowerState
2019-10-17 11:22:31,560 [Thread-180] INFO  impl.RaftServerImpl (RaftServerImpl.java:setRole(170)) - 4fbc0a64-e4c7-4a69-94fa-9804a8d7871e@group-D0A43B4140C8: changes role from  FOLLOWER to CANDIDATE at term 0 for changeToCandidate
2019-10-17 11:22:31,565 [Thread-180] INFO  impl.RoleInfo (RoleInfo.java:updateAndGet(143)) - 4fbc0a64-e4c7-4a69-94fa-9804a8d7871e: start LeaderElection
2019-10-17 11:22:31,609 [Thread-183] INFO  impl.FollowerState (FollowerState.java:run(108)) - 6ce2c6a7-9144-4b9b-bff9-06be29014ddc@group-CD343DB32D00-FollowerState: change to CANDIDATE, lastRpcTime:5084ms, electionTimeout:5084ms
2019-10-17 11:22:31,610 [Thread-183] INFO  impl.RoleInfo (RoleInfo.java:shutdownFollowerState(121)) - 6ce2c6a7-9144-4b9b-bff9-06be29014ddc: shutdown FollowerState
2019-10-17 11:22:31,611 [Thread-183] INFO  impl.RaftServerImpl (RaftServerImpl.java:setRole(170)) - 6ce2c6a7-9144-4b9b-bff9-06be29014ddc@group-CD343DB32D00: changes role from  FOLLOWER to CANDIDATE at term 0 for changeToCandidate
2019-10-17 11:22:31,611 [Thread-183] INFO  impl.RoleInfo (RoleInfo.java:updateAndGet(143)) - 6ce2c6a7-9144-4b9b-bff9-06be29014ddc: start LeaderElection
2019-10-17 11:22:31,718 [4fbc0a64-e4c7-4a69-94fa-9804a8d7871e@group-D0A43B4140C8-LeaderElection1] INFO  impl.LeaderElection (LeaderElection.java:askForVotes(178)) - 4fbc0a64-e4c7-4a69-94fa-9804a8d7871e@group-D0A43B4140C8-LeaderElection1: begin an election at term 1 for -1: [4fbc0a64-e4c7-4a69-94fa-9804a8d7871e:192.168.164.239:39296], old=null
2019-10-17 11:22:31,720 [4fbc0a64-e4c7-4a69-94fa-9804a8d7871e@group-D0A43B4140C8-LeaderElection1] INFO  impl.RoleInfo (RoleInfo.java:shutdownLeaderElection(134)) - 4fbc0a64-e4c7-4a69-94fa-9804a8d7871e: shutdown LeaderElection
2019-10-17 11:22:31,720 [6ce2c6a7-9144-4b9b-bff9-06be29014ddc@group-CD343DB32D00-LeaderElection2] INFO  impl.LeaderElection (LeaderElection.java:askForVotes(178)) - 6ce2c6a7-9144-4b9b-bff9-06be29014ddc@group-CD343DB32D00-LeaderElection2: begin an election at term 1 for -1: [6ce2c6a7-9144-4b9b-bff9-06be29014ddc:192.168.164.239:34720], old=null
2019-10-17 11:22:31,721 [4fbc0a64-e4c7-4a69-94fa-9804a8d7871e@group-D0A43B4140C8-LeaderElection1] INFO  impl.RaftServerImpl (RaftServerImpl.java:setRole(170)) - 4fbc0a64-e4c7-4a69-94fa-9804a8d7871e@group-D0A43B4140C8: changes role from CANDIDATE to LEADER at term 1 for changeToLeader
2019-10-17 11:22:31,721 [6ce2c6a7-9144-4b9b-bff9-06be29014ddc@group-CD343DB32D00-LeaderElection2] INFO  impl.RoleInfo (RoleInfo.java:shutdownLeaderElection(134)) - 6ce2c6a7-9144-4b9b-bff9-06be29014ddc: shutdown LeaderElection
2019-10-17 11:22:31,721 [6ce2c6a7-9144-4b9b-bff9-06be29014ddc@group-CD343DB32D00-LeaderElection2] INFO  impl.RaftServerImpl (RaftServerImpl.java:setRole(170)) - 6ce2c6a7-9144-4b9b-bff9-06be29014ddc@group-CD343DB32D00: changes role from CANDIDATE to LEADER at term 1 for changeToLeader
2019-10-17 11:22:31,721 [4fbc0a64-e4c7-4a69-94fa-9804a8d7871e@group-D0A43B4140C8-LeaderElection1] INFO  impl.RaftServerImpl (ServerState.java:setLeader(255)) - 4fbc0a64-e4c7-4a69-94fa-9804a8d7871e@group-D0A43B4140C8: change Leader from null to 4fbc0a64-e4c7-4a69-94fa-9804a8d7871e at term 1 for becomeLeader, leader elected after 5469ms
2019-10-17 11:22:31,721 [Thread-186] INFO  impl.FollowerState (FollowerState.java:run(108)) - fd66befe-d3e0-4e51-a202-c759178c3599@group-67FFAA8F796A-FollowerState: change to CANDIDATE, lastRpcTime:5078ms, electionTimeout:5078ms
2019-10-17 11:22:31,721 [6ce2c6a7-9144-4b9b-bff9-06be29014ddc@group-CD343DB32D00-LeaderElection2] INFO  impl.RaftServerImpl (ServerState.java:setLeader(255)) - 6ce2c6a7-9144-4b9b-bff9-06be29014ddc@group-CD343DB32D00: change Leader from null to 6ce2c6a7-9144-4b9b-bff9-06be29014ddc at term 1 for becomeLeader, leader elected after 5210ms
2019-10-17 11:22:31,722 [Thread-186] INFO  impl.RoleInfo (RoleInfo.java:shutdownFollowerState(121)) - fd66befe-d3e0-4e51-a202-c759178c3599: shutdown FollowerState
2019-10-17 11:22:31,722 [Thread-186] INFO  impl.RaftServerImpl (RaftServerImpl.java:setRole(170)) - fd66befe-d3e0-4e51-a202-c759178c3599@group-67FFAA8F796A: changes role from  FOLLOWER to CANDIDATE at term 0 for changeToCandidate
2019-10-17 11:22:31,722 [Thread-186] INFO  impl.RoleInfo (RoleInfo.java:updateAndGet(143)) - fd66befe-d3e0-4e51-a202-c759178c3599: start LeaderElection
2019-10-17 11:22:31,730 [6ce2c6a7-9144-4b9b-bff9-06be29014ddc@group-CD343DB32D00-LeaderElection2] INFO  server.RaftServerConfigKeys (ConfUtils.java:logGet(43)) - raft.server.staging.catchup.gap = 1000 (default)
2019-10-17 11:22:31,730 [4fbc0a64-e4c7-4a69-94fa-9804a8d7871e@group-D0A43B4140C8-LeaderElection1] INFO  server.RaftServerConfigKeys (ConfUtils.java:logGet(43)) - raft.server.staging.catchup.gap = 1000 (default)
2019-10-17 11:22:31,730 [6ce2c6a7-9144-4b9b-bff9-06be29014ddc@group-CD343DB32D00-LeaderElection2] INFO  server.RaftServerConfigKeys (ConfUtils.java:logGet(43)) - raft.server.rpc.sleep.time = 25ms (default)
2019-10-17 11:22:31,731 [4fbc0a64-e4c7-4a69-94fa-9804a8d7871e@group-D0A43B4140C8-LeaderElection1] INFO  server.RaftServerConfigKeys (ConfUtils.java:logGet(43)) - raft.server.rpc.sleep.time = 25ms (default)
2019-10-17 11:22:31,735 [6ce2c6a7-9144-4b9b-bff9-06be29014ddc@group-CD343DB32D00-LeaderElection2] INFO  server.RaftServerConfigKeys (ConfUtils.java:logGet(43)) - raft.server.write.element-limit = 4096 (default)
2019-10-17 11:22:31,735 [4fbc0a64-e4c7-4a69-94fa-9804a8d7871e@group-D0A43B4140C8-LeaderElection1] INFO  server.RaftServerConfigKeys (ConfUtils.java:logGet(43)) - raft.server.write.element-limit = 4096 (default)
2019-10-17 11:22:31,737 [6ce2c6a7-9144-4b9b-bff9-06be29014ddc@group-CD343DB32D00-LeaderElection2] INFO  server.RaftServerConfigKeys (ConfUtils.java:logGet(43)) - raft.server.watch.timeout = 10s (default)
2019-10-17 11:22:31,737 [4fbc0a64-e4c7-4a69-94fa-9804a8d7871e@group-D0A43B4140C8-LeaderElection1] INFO  server.RaftServerConfigKeys (ConfUtils.java:logGet(43)) - raft.server.watch.timeout = 10s (default)
2019-10-17 11:22:31,737 [6ce2c6a7-9144-4b9b-bff9-06be29014ddc@group-CD343DB32D00-LeaderElection2] INFO  server.RaftServerConfigKeys (ConfUtils.java:logGet(43)) - raft.server.watch.timeout.denomination = 1s (default)
2019-10-17 11:22:31,738 [4fbc0a64-e4c7-4a69-94fa-9804a8d7871e@group-D0A43B4140C8-LeaderElection1] INFO  server.RaftServerConfigKeys (ConfUtils.java:logGet(43)) - raft.server.watch.timeout.denomination = 1s (default)
2019-10-17 11:22:31,738 [6ce2c6a7-9144-4b9b-bff9-06be29014ddc@group-CD343DB32D00-LeaderElection2] INFO  server.RaftServerConfigKeys (ConfUtils.java:logGet(43)) - raft.server.watch.element-limit = 65536 (default)
2019-10-17 11:22:31,738 [4fbc0a64-e4c7-4a69-94fa-9804a8d7871e@group-D0A43B4140C8-LeaderElection1] INFO  server.RaftServerConfigKeys (ConfUtils.java:logGet(43)) - raft.server.watch.element-limit = 65536 (default)
2019-10-17 11:22:31,752 [6ce2c6a7-9144-4b9b-bff9-06be29014ddc@group-CD343DB32D00-LeaderElection2] INFO  impl.RoleInfo (RoleInfo.java:updateAndGet(143)) - 6ce2c6a7-9144-4b9b-bff9-06be29014ddc: start LeaderState
2019-10-17 11:22:31,752 [4fbc0a64-e4c7-4a69-94fa-9804a8d7871e@group-D0A43B4140C8-LeaderElection1] INFO  impl.RoleInfo (RoleInfo.java:updateAndGet(143)) - 4fbc0a64-e4c7-4a69-94fa-9804a8d7871e: start LeaderState
2019-10-17 11:22:31,756 [fd66befe-d3e0-4e51-a202-c759178c3599@group-67FFAA8F796A-LeaderElection3] INFO  impl.LeaderElection (LeaderElection.java:askForVotes(178)) - fd66befe-d3e0-4e51-a202-c759178c3599@group-67FFAA8F796A-LeaderElection3: begin an election at term 1 for -1: [fd66befe-d3e0-4e51-a202-c759178c3599:192.168.164.239:40732], old=null
2019-10-17 11:22:31,756 [fd66befe-d3e0-4e51-a202-c759178c3599@group-67FFAA8F796A-LeaderElection3] INFO  impl.RoleInfo (RoleInfo.java:shutdownLeaderElection(134)) - fd66befe-d3e0-4e51-a202-c759178c3599: shutdown LeaderElection
2019-10-17 11:22:31,756 [fd66befe-d3e0-4e51-a202-c759178c3599@group-67FFAA8F796A-LeaderElection3] INFO  impl.RaftServerImpl (RaftServerImpl.java:setRole(170)) - fd66befe-d3e0-4e51-a202-c759178c3599@group-67FFAA8F796A: changes role from CANDIDATE to LEADER at term 1 for changeToLeader
2019-10-17 11:22:31,756 [fd66befe-d3e0-4e51-a202-c759178c3599@group-67FFAA8F796A-LeaderElection3] INFO  impl.RaftServerImpl (ServerState.java:setLeader(255)) - fd66befe-d3e0-4e51-a202-c759178c3599@group-67FFAA8F796A: change Leader from null to fd66befe-d3e0-4e51-a202-c759178c3599 at term 1 for becomeLeader, leader elected after 5142ms
2019-10-17 11:22:31,756 [fd66befe-d3e0-4e51-a202-c759178c3599@group-67FFAA8F796A-LeaderElection3] INFO  server.RaftServerConfigKeys (ConfUtils.java:logGet(43)) - raft.server.staging.catchup.gap = 1000 (default)
2019-10-17 11:22:31,757 [fd66befe-d3e0-4e51-a202-c759178c3599@group-67FFAA8F796A-LeaderElection3] INFO  server.RaftServerConfigKeys (ConfUtils.java:logGet(43)) - raft.server.rpc.sleep.time = 25ms (default)
2019-10-17 11:22:31,757 [fd66befe-d3e0-4e51-a202-c759178c3599@group-67FFAA8F796A-LeaderElection3] INFO  server.RaftServerConfigKeys (ConfUtils.java:logGet(43)) - raft.server.write.element-limit = 4096 (default)
2019-10-17 11:22:31,757 [fd66befe-d3e0-4e51-a202-c759178c3599@group-67FFAA8F796A-LeaderElection3] INFO  server.RaftServerConfigKeys (ConfUtils.java:logGet(43)) - raft.server.watch.timeout = 10s (default)
2019-10-17 11:22:31,757 [fd66befe-d3e0-4e51-a202-c759178c3599@group-67FFAA8F796A-LeaderElection3] INFO  server.RaftServerConfigKeys (ConfUtils.java:logGet(43)) - raft.server.watch.timeout.denomination = 1s (default)
2019-10-17 11:22:31,757 [fd66befe-d3e0-4e51-a202-c759178c3599@group-67FFAA8F796A-LeaderElection3] INFO  server.RaftServerConfigKeys (ConfUtils.java:logGet(43)) - raft.server.watch.element-limit = 65536 (default)
2019-10-17 11:22:31,760 [fd66befe-d3e0-4e51-a202-c759178c3599@group-67FFAA8F796A-LeaderElection3] INFO  impl.RoleInfo (RoleInfo.java:updateAndGet(143)) - fd66befe-d3e0-4e51-a202-c759178c3599: start LeaderState
2019-10-17 11:22:31,772 [6ce2c6a7-9144-4b9b-bff9-06be29014ddc@group-CD343DB32D00-LeaderElection2] INFO  segmented.SegmentedRaftLogWorker (SegmentedRaftLogWorker.java:startLogSegment(385)) - 6ce2c6a7-9144-4b9b-bff9-06be29014ddc@group-CD343DB32D00-SegmentedRaftLogWorker: Starting segment from index:0
2019-10-17 11:22:31,772 [4fbc0a64-e4c7-4a69-94fa-9804a8d7871e@group-D0A43B4140C8-LeaderElection1] INFO  segmented.SegmentedRaftLogWorker (SegmentedRaftLogWorker.java:startLogSegment(385)) - 4fbc0a64-e4c7-4a69-94fa-9804a8d7871e@group-D0A43B4140C8-SegmentedRaftLogWorker: Starting segment from index:0
2019-10-17 11:22:31,772 [fd66befe-d3e0-4e51-a202-c759178c3599@group-67FFAA8F796A-LeaderElection3] INFO  segmented.SegmentedRaftLogWorker (SegmentedRaftLogWorker.java:startLogSegment(385)) - fd66befe-d3e0-4e51-a202-c759178c3599@group-67FFAA8F796A-SegmentedRaftLogWorker: Starting segment from index:0
2019-10-17 11:22:31,781 [fd66befe-d3e0-4e51-a202-c759178c3599@group-67FFAA8F796A-LeaderElection3] INFO  impl.RaftServerImpl (ServerState.java:setRaftConf(356)) - fd66befe-d3e0-4e51-a202-c759178c3599@group-67FFAA8F796A: set configuration 0: [fd66befe-d3e0-4e51-a202-c759178c3599:192.168.164.239:40732], old=null at 0
2019-10-17 11:22:31,781 [6ce2c6a7-9144-4b9b-bff9-06be29014ddc@group-CD343DB32D00-LeaderElection2] INFO  impl.RaftServerImpl (ServerState.java:setRaftConf(356)) - 6ce2c6a7-9144-4b9b-bff9-06be29014ddc@group-CD343DB32D00: set configuration 0: [6ce2c6a7-9144-4b9b-bff9-06be29014ddc:192.168.164.239:34720], old=null at 0
2019-10-17 11:22:31,781 [4fbc0a64-e4c7-4a69-94fa-9804a8d7871e@group-D0A43B4140C8-LeaderElection1] INFO  impl.RaftServerImpl (ServerState.java:setRaftConf(356)) - 4fbc0a64-e4c7-4a69-94fa-9804a8d7871e@group-D0A43B4140C8: set configuration 0: [4fbc0a64-e4c7-4a69-94fa-9804a8d7871e:192.168.164.239:39296], old=null at 0
2019-10-17 11:22:31,813 [Thread-193] INFO  impl.FollowerState (FollowerState.java:run(108)) - fd66befe-d3e0-4e51-a202-c759178c3599@group-B3362EA21D26-FollowerState: change to CANDIDATE, lastRpcTime:5065ms, electionTimeout:5065ms
2019-10-17 11:22:31,813 [Thread-193] INFO  impl.RoleInfo (RoleInfo.java:shutdownFollowerState(121)) - fd66befe-d3e0-4e51-a202-c759178c3599: shutdown FollowerState
2019-10-17 11:22:31,814 [Thread-193] INFO  impl.RaftServerImpl (RaftServerImpl.java:setRole(170)) - fd66befe-d3e0-4e51-a202-c759178c3599@group-B3362EA21D26: changes role from  FOLLOWER to CANDIDATE at term 0 for changeToCandidate
2019-10-17 11:22:31,814 [Thread-193] INFO  impl.RoleInfo (RoleInfo.java:updateAndGet(143)) - fd66befe-d3e0-4e51-a202-c759178c3599: start LeaderElection
2019-10-17 11:22:31,844 [fd66befe-d3e0-4e51-a202-c759178c3599@group-B3362EA21D26-LeaderElection4] INFO  impl.LeaderElection (LeaderElection.java:askForVotes(178)) - fd66befe-d3e0-4e51-a202-c759178c3599@group-B3362EA21D26-LeaderElection4: begin an election at term 1 for -1: [4fbc0a64-e4c7-4a69-94fa-9804a8d7871e:192.168.164.239:39296, 6ce2c6a7-9144-4b9b-bff9-06be29014ddc:192.168.164.239:34720, fd66befe-d3e0-4e51-a202-c759178c3599:192.168.164.239:40732], old=null
2019-10-17 11:22:31,845 [Thread-191] INFO  impl.FollowerState (FollowerState.java:run(108)) - 4fbc0a64-e4c7-4a69-94fa-9804a8d7871e@group-B3362EA21D26-FollowerState: change to CANDIDATE, lastRpcTime:5100ms, electionTimeout:5100ms
2019-10-17 11:22:31,846 [Thread-191] INFO  impl.RoleInfo (RoleInfo.java:shutdownFollowerState(121)) - 4fbc0a64-e4c7-4a69-94fa-9804a8d7871e: shutdown FollowerState
2019-10-17 11:22:31,846 [Thread-191] INFO  impl.RaftServerImpl (RaftServerImpl.java:setRole(170)) - 4fbc0a64-e4c7-4a69-94fa-9804a8d7871e@group-B3362EA21D26: changes role from  FOLLOWER to CANDIDATE at term 0 for changeToCandidate
2019-10-17 11:22:31,846 [Thread-191] INFO  impl.RoleInfo (RoleInfo.java:updateAndGet(143)) - 4fbc0a64-e4c7-4a69-94fa-9804a8d7871e: start LeaderElection
2019-10-17 11:22:31,858 [Thread-192] INFO  impl.FollowerState (FollowerState.java:run(108)) - 6ce2c6a7-9144-4b9b-bff9-06be29014ddc@group-B3362EA21D26-FollowerState: change to CANDIDATE, lastRpcTime:5110ms, electionTimeout:5110ms
2019-10-17 11:22:31,858 [Thread-192] INFO  impl.RoleInfo (RoleInfo.java:shutdownFollowerState(121)) - 6ce2c6a7-9144-4b9b-bff9-06be29014ddc: shutdown FollowerState
2019-10-17 11:22:31,858 [Thread-192] INFO  impl.RaftServerImpl (RaftServerImpl.java:setRole(170)) - 6ce2c6a7-9144-4b9b-bff9-06be29014ddc@group-B3362EA21D26: changes role from  FOLLOWER to CANDIDATE at term 0 for changeToCandidate
2019-10-17 11:22:31,858 [Thread-192] INFO  impl.RoleInfo (RoleInfo.java:updateAndGet(143)) - 6ce2c6a7-9144-4b9b-bff9-06be29014ddc: start LeaderElection
2019-10-17 11:22:31,902 [6ce2c6a7-9144-4b9b-bff9-06be29014ddc@group-B3362EA21D26-LeaderElection6] INFO  impl.LeaderElection (LeaderElection.java:askForVotes(178)) - 6ce2c6a7-9144-4b9b-bff9-06be29014ddc@group-B3362EA21D26-LeaderElection6: begin an election at term 1 for -1: [4fbc0a64-e4c7-4a69-94fa-9804a8d7871e:192.168.164.239:39296, 6ce2c6a7-9144-4b9b-bff9-06be29014ddc:192.168.164.239:34720, fd66befe-d3e0-4e51-a202-c759178c3599:192.168.164.239:40732], old=null
2019-10-17 11:22:31,902 [4fbc0a64-e4c7-4a69-94fa-9804a8d7871e@group-B3362EA21D26-LeaderElection5] INFO  impl.LeaderElection (LeaderElection.java:askForVotes(178)) - 4fbc0a64-e4c7-4a69-94fa-9804a8d7871e@group-B3362EA21D26-LeaderElection5: begin an election at term 1 for -1: [4fbc0a64-e4c7-4a69-94fa-9804a8d7871e:192.168.164.239:39296, 6ce2c6a7-9144-4b9b-bff9-06be29014ddc:192.168.164.239:34720, fd66befe-d3e0-4e51-a202-c759178c3599:192.168.164.239:40732], old=null
2019-10-17 11:22:31,915 [Thread-202] INFO  impl.FollowerState (FollowerState.java:run(108)) - 6ce2c6a7-9144-4b9b-bff9-06be29014ddc@group-4155E8207270-FollowerState: change to CANDIDATE, lastRpcTime:5045ms, electionTimeout:5043ms
2019-10-17 11:22:31,916 [Thread-202] INFO  impl.RoleInfo (RoleInfo.java:shutdownFollowerState(121)) - 6ce2c6a7-9144-4b9b-bff9-06be29014ddc: shutdown FollowerState
2019-10-17 11:22:31,916 [Thread-202] INFO  impl.RaftServerImpl (RaftServerImpl.java:setRole(170)) - 6ce2c6a7-9144-4b9b-bff9-06be29014ddc@group-4155E8207270: changes role from  FOLLOWER to CANDIDATE at term 0 for changeToCandidate
2019-10-17 11:22:31,916 [Thread-202] INFO  impl.RoleInfo (RoleInfo.java:updateAndGet(143)) - 6ce2c6a7-9144-4b9b-bff9-06be29014ddc: start LeaderElection
2019-10-17 11:22:31,917 [fd66befe-d3e0-4e51-a202-c759178c3599@group-B3362EA21D26-LeaderElection4] INFO  impl.LeaderElection (LeaderElection.java:logAndReturn(56)) - fd66befe-d3e0-4e51-a202-c759178c3599@group-B3362EA21D26-LeaderElection4: Election REJECTED; received 2 response(s) [fd66befe-d3e0-4e51-a202-c759178c3599<-4fbc0a64-e4c7-4a69-94fa-9804a8d7871e#0:FAIL-t1, fd66befe-d3e0-4e51-a202-c759178c3599<-6ce2c6a7-9144-4b9b-bff9-06be29014ddc#0:FAIL-t1] and 0 exception(s); fd66befe-d3e0-4e51-a202-c759178c3599@group-B3362EA21D26:t1, leader=null, voted=fd66befe-d3e0-4e51-a202-c759178c3599, raftlog=fd66befe-d3e0-4e51-a202-c759178c3599@group-B3362EA21D26-SegmentedRaftLog:OPENED:c-1,f-1,i0, conf=-1: [4fbc0a64-e4c7-4a69-94fa-9804a8d7871e:192.168.164.239:39296, 6ce2c6a7-9144-4b9b-bff9-06be29014ddc:192.168.164.239:34720, fd66befe-d3e0-4e51-a202-c759178c3599:192.168.164.239:40732], old=null
2019-10-17 11:22:31,919 [fd66befe-d3e0-4e51-a202-c759178c3599@group-B3362EA21D26-LeaderElection4] INFO  impl.RaftServerImpl (RaftServerImpl.java:setRole(170)) - fd66befe-d3e0-4e51-a202-c759178c3599@group-B3362EA21D26: changes role from CANDIDATE to FOLLOWER at term 1 for DISCOVERED_A_NEW_TERM
2019-10-17 11:22:31,919 [fd66befe-d3e0-4e51-a202-c759178c3599@group-B3362EA21D26-LeaderElection4] INFO  impl.RoleInfo (RoleInfo.java:shutdownLeaderElection(134)) - fd66befe-d3e0-4e51-a202-c759178c3599: shutdown LeaderElection
2019-10-17 11:22:31,919 [fd66befe-d3e0-4e51-a202-c759178c3599@group-B3362EA21D26-LeaderElection4] INFO  impl.RoleInfo (RoleInfo.java:updateAndGet(143)) - fd66befe-d3e0-4e51-a202-c759178c3599: start FollowerState
2019-10-17 11:22:31,932 [4fbc0a64-e4c7-4a69-94fa-9804a8d7871e@group-B3362EA21D26-LeaderElection5] INFO  impl.LeaderElection (LeaderElection.java:logAndReturn(56)) - 4fbc0a64-e4c7-4a69-94fa-9804a8d7871e@group-B3362EA21D26-LeaderElection5: Election REJECTED; received 2 response(s) [4fbc0a64-e4c7-4a69-94fa-9804a8d7871e<-6ce2c6a7-9144-4b9b-bff9-06be29014ddc#0:FAIL-t1, 4fbc0a64-e4c7-4a69-94fa-9804a8d7871e<-fd66befe-d3e0-4e51-a202-c759178c3599#0:FAIL-t1] and 0 exception(s); 4fbc0a64-e4c7-4a69-94fa-9804a8d7871e@group-B3362EA21D26:t1, leader=null, voted=4fbc0a64-e4c7-4a69-94fa-9804a8d7871e, raftlog=4fbc0a64-e4c7-4a69-94fa-9804a8d7871e@group-B3362EA21D26-SegmentedRaftLog:OPENED:c-1,f-1,i0, conf=-1: [4fbc0a64-e4c7-4a69-94fa-9804a8d7871e:192.168.164.239:39296, 6ce2c6a7-9144-4b9b-bff9-06be29014ddc:192.168.164.239:34720, fd66befe-d3e0-4e51-a202-c759178c3599:192.168.164.239:40732], old=null
2019-10-17 11:22:31,932 [4fbc0a64-e4c7-4a69-94fa-9804a8d7871e@group-B3362EA21D26-LeaderElection5] INFO  impl.RaftServerImpl (RaftServerImpl.java:setRole(170)) - 4fbc0a64-e4c7-4a69-94fa-9804a8d7871e@group-B3362EA21D26: changes role from CANDIDATE to FOLLOWER at term 1 for DISCOVERED_A_NEW_TERM
2019-10-17 11:22:31,934 [4fbc0a64-e4c7-4a69-94fa-9804a8d7871e@group-B3362EA21D26-LeaderElection5] INFO  impl.RoleInfo (RoleInfo.java:shutdownLeaderElection(134)) - 4fbc0a64-e4c7-4a69-94fa-9804a8d7871e: shutdown LeaderElection
2019-10-17 11:22:31,938 [4fbc0a64-e4c7-4a69-94fa-9804a8d7871e@group-B3362EA21D26-LeaderElection5] INFO  impl.RoleInfo (RoleInfo.java:updateAndGet(143)) - 4fbc0a64-e4c7-4a69-94fa-9804a8d7871e: start FollowerState
2019-10-17 11:22:31,939 [6ce2c6a7-9144-4b9b-bff9-06be29014ddc@group-B3362EA21D26-LeaderElection6] INFO  impl.LeaderElection (LeaderElection.java:logAndReturn(56)) - 6ce2c6a7-9144-4b9b-bff9-06be29014ddc@group-B3362EA21D26-LeaderElection6: Election REJECTED; received 2 response(s) [6ce2c6a7-9144-4b9b-bff9-06be29014ddc<-4fbc0a64-e4c7-4a69-94fa-9804a8d7871e#0:FAIL-t1, 6ce2c6a7-9144-4b9b-bff9-06be29014ddc<-fd66befe-d3e0-4e51-a202-c759178c3599#0:FAIL-t1] and 0 exception(s); 6ce2c6a7-9144-4b9b-bff9-06be29014ddc@group-B3362EA21D26:t1, leader=null, voted=6ce2c6a7-9144-4b9b-bff9-06be29014ddc, raftlog=6ce2c6a7-9144-4b9b-bff9-06be29014ddc@group-B3362EA21D26-SegmentedRaftLog:OPENED:c-1,f-1,i0, conf=-1: [4fbc0a64-e4c7-4a69-94fa-9804a8d7871e:192.168.164.239:39296, 6ce2c6a7-9144-4b9b-bff9-06be29014ddc:192.168.164.239:34720, fd66befe-d3e0-4e51-a202-c759178c3599:192.168.164.239:40732], old=null
2019-10-17 11:22:31,939 [6ce2c6a7-9144-4b9b-bff9-06be29014ddc@group-B3362EA21D26-LeaderElection6] INFO  impl.RaftServerImpl (RaftServerImpl.java:setRole(170)) - 6ce2c6a7-9144-4b9b-bff9-06be29014ddc@group-B3362EA21D26: changes role from CANDIDATE to FOLLOWER at term 1 for DISCOVERED_A_NEW_TERM
2019-10-17 11:22:31,941 [6ce2c6a7-9144-4b9b-bff9-06be29014ddc@group-B3362EA21D26-LeaderElection6] INFO  impl.RoleInfo (RoleInfo.java:shutdownLeaderElection(134)) - 6ce2c6a7-9144-4b9b-bff9-06be29014ddc: shutdown LeaderElection
2019-10-17 11:22:31,941 [6ce2c6a7-9144-4b9b-bff9-06be29014ddc@group-B3362EA21D26-LeaderElection6] INFO  impl.RoleInfo (RoleInfo.java:updateAndGet(143)) - 6ce2c6a7-9144-4b9b-bff9-06be29014ddc: start FollowerState
2019-10-17 11:22:31,955 [6ce2c6a7-9144-4b9b-bff9-06be29014ddc@group-4155E8207270-LeaderElection7] INFO  impl.LeaderElection (LeaderElection.java:askForVotes(178)) - 6ce2c6a7-9144-4b9b-bff9-06be29014ddc@group-4155E8207270-LeaderElection7: begin an election at term 1 for -1: [4fbc0a64-e4c7-4a69-94fa-9804a8d7871e:192.168.164.239:39296, 6ce2c6a7-9144-4b9b-bff9-06be29014ddc:192.168.164.239:34720, fd66befe-d3e0-4e51-a202-c759178c3599:192.168.164.239:40732], old=null
2019-10-17 11:22:31,964 [grpc-default-executor-4] INFO  impl.RaftServerImpl (RaftServerImpl.java:setRole(170)) - fd66befe-d3e0-4e51-a202-c759178c3599@group-4155E8207270: changes role from  FOLLOWER to FOLLOWER at term 1 for recognizeCandidate:6ce2c6a7-9144-4b9b-bff9-06be29014ddc
2019-10-17 11:22:31,964 [grpc-default-executor-0] INFO  impl.RaftServerImpl (RaftServerImpl.java:setRole(170)) - 4fbc0a64-e4c7-4a69-94fa-9804a8d7871e@group-4155E8207270: changes role from  FOLLOWER to FOLLOWER at term 1 for recognizeCandidate:6ce2c6a7-9144-4b9b-bff9-06be29014ddc
2019-10-17 11:22:31,964 [grpc-default-executor-4] INFO  impl.RoleInfo (RoleInfo.java:shutdownFollowerState(121)) - fd66befe-d3e0-4e51-a202-c759178c3599: shutdown FollowerState
2019-10-17 11:22:31,964 [grpc-default-executor-0] INFO  impl.RoleInfo (RoleInfo.java:shutdownFollowerState(121)) - 4fbc0a64-e4c7-4a69-94fa-9804a8d7871e: shutdown FollowerState
2019-10-17 11:22:31,964 [Thread-200] INFO  impl.FollowerState (FollowerState.java:run(117)) - fd66befe-d3e0-4e51-a202-c759178c3599@group-4155E8207270-FollowerState was interrupted: java.lang.InterruptedException: sleep interrupted
2019-10-17 11:22:31,964 [Thread-201] INFO  impl.FollowerState (FollowerState.java:run(117)) - 4fbc0a64-e4c7-4a69-94fa-9804a8d7871e@group-4155E8207270-FollowerState was interrupted: java.lang.InterruptedException: sleep interrupted
2019-10-17 11:22:31,964 [grpc-default-executor-4] INFO  impl.RoleInfo (RoleInfo.java:updateAndGet(143)) - fd66befe-d3e0-4e51-a202-c759178c3599: start FollowerState
2019-10-17 11:22:31,964 [grpc-default-executor-0] INFO  impl.RoleInfo (RoleInfo.java:updateAndGet(143)) - 4fbc0a64-e4c7-4a69-94fa-9804a8d7871e: start FollowerState
2019-10-17 11:22:32,027 [6ce2c6a7-9144-4b9b-bff9-06be29014ddc@group-4155E8207270-LeaderElection7] INFO  impl.LeaderElection (LeaderElection.java:logAndReturn(56)) - 6ce2c6a7-9144-4b9b-bff9-06be29014ddc@group-4155E8207270-LeaderElection7: Election PASSED; received 1 response(s) [6ce2c6a7-9144-4b9b-bff9-06be29014ddc<-4fbc0a64-e4c7-4a69-94fa-9804a8d7871e#0:OK-t1] and 0 exception(s); 6ce2c6a7-9144-4b9b-bff9-06be29014ddc@group-4155E8207270:t1, leader=null, voted=6ce2c6a7-9144-4b9b-bff9-06be29014ddc, raftlog=6ce2c6a7-9144-4b9b-bff9-06be29014ddc@group-4155E8207270-SegmentedRaftLog:OPENED:c-1,f-1,i0, conf=-1: [4fbc0a64-e4c7-4a69-94fa-9804a8d7871e:192.168.164.239:39296, 6ce2c6a7-9144-4b9b-bff9-06be29014ddc:192.168.164.239:34720, fd66befe-d3e0-4e51-a202-c759178c3599:192.168.164.239:40732], old=null
2019-10-17 11:22:32,027 [6ce2c6a7-9144-4b9b-bff9-06be29014ddc@group-4155E8207270-LeaderElection7] INFO  impl.RoleInfo (RoleInfo.java:shutdownLeaderElection(134)) - 6ce2c6a7-9144-4b9b-bff9-06be29014ddc: shutdown LeaderElection
2019-10-17 11:22:32,028 [6ce2c6a7-9144-4b9b-bff9-06be29014ddc@group-4155E8207270-LeaderElection7] INFO  impl.RaftServerImpl (RaftServerImpl.java:setRole(170)) - 6ce2c6a7-9144-4b9b-bff9-06be29014ddc@group-4155E8207270: changes role from CANDIDATE to LEADER at term 1 for changeToLeader
2019-10-17 11:22:32,029 [6ce2c6a7-9144-4b9b-bff9-06be29014ddc@group-4155E8207270-LeaderElection7] INFO  impl.RaftServerImpl (ServerState.java:setLeader(255)) - 6ce2c6a7-9144-4b9b-bff9-06be29014ddc@group-4155E8207270: change Leader from null to 6ce2c6a7-9144-4b9b-bff9-06be29014ddc at term 1 for becomeLeader, leader elected after 5174ms
2019-10-17 11:22:32,029 [6ce2c6a7-9144-4b9b-bff9-06be29014ddc@group-4155E8207270-LeaderElection7] INFO  server.RaftServerConfigKeys (ConfUtils.java:logGet(43)) - raft.server.staging.catchup.gap = 1000 (default)
2019-10-17 11:22:32,029 [6ce2c6a7-9144-4b9b-bff9-06be29014ddc@group-4155E8207270-LeaderElection7] INFO  server.RaftServerConfigKeys (ConfUtils.java:logGet(43)) - raft.server.rpc.sleep.time = 25ms (default)
2019-10-17 11:22:32,029 [6ce2c6a7-9144-4b9b-bff9-06be29014ddc@group-4155E8207270-LeaderElection7] INFO  server.RaftServerConfigKeys (ConfUtils.java:logGet(43)) - raft.server.write.element-limit = 4096 (default)
2019-10-17 11:22:32,029 [6ce2c6a7-9144-4b9b-bff9-06be29014ddc@group-4155E8207270-LeaderElection7] INFO  server.RaftServerConfigKeys (ConfUtils.java:logGet(43)) - raft.server.watch.timeout = 10s (default)
2019-10-17 11:22:32,029 [6ce2c6a7-9144-4b9b-bff9-06be29014ddc@group-4155E8207270-LeaderElection7] INFO  server.RaftServerConfigKeys (ConfUtils.java:logGet(43)) - raft.server.watch.timeout.denomination = 1s (default)
2019-10-17 11:22:32,029 [6ce2c6a7-9144-4b9b-bff9-06be29014ddc@group-4155E8207270-LeaderElection7] INFO  server.RaftServerConfigKeys (ConfUtils.java:logGet(43)) - raft.server.watch.element-limit = 65536 (default)
2019-10-17 11:22:32,036 [6ce2c6a7-9144-4b9b-bff9-06be29014ddc@group-4155E8207270-LeaderElection7] INFO  server.RaftServerConfigKeys (ConfUtils.java:logGet(43)) - raft.server.log.appender.snapshot.chunk.size.max = 16MB (=16777216) (default)
2019-10-17 11:22:32,037 [6ce2c6a7-9144-4b9b-bff9-06be29014ddc@group-4155E8207270-LeaderElection7] INFO  server.RaftServerConfigKeys (ConfUtils.java:logGet(43)) - raft.server.log.appender.buffer.byte-limit = 33554432 (custom)
2019-10-17 11:22:32,037 [6ce2c6a7-9144-4b9b-bff9-06be29014ddc@group-4155E8207270-LeaderElection7] INFO  server.RaftServerConfigKeys (ConfUtils.java:logGet(43)) - raft.server.log.appender.buffer.element-limit = 1 (custom)
2019-10-17 11:22:32,043 [6ce2c6a7-9144-4b9b-bff9-06be29014ddc@group-4155E8207270-LeaderElection7] INFO  grpc.GrpcConfigKeys$Server (ConfUtils.java:logGet(43)) - raft.grpc.server.leader.outstanding.appends.max = 128 (default)
2019-10-17 11:22:32,044 [6ce2c6a7-9144-4b9b-bff9-06be29014ddc@group-4155E8207270-LeaderElection7] INFO  server.RaftServerConfigKeys (ConfUtils.java:logGet(43)) - raft.server.rpc.request.timeout = 3000ms (default)
2019-10-17 11:22:32,045 [6ce2c6a7-9144-4b9b-bff9-06be29014ddc@group-4155E8207270-LeaderElection7] INFO  server.RaftServerConfigKeys (ConfUtils.java:logGet(43)) - raft.server.log.appender.install.snapshot.enabled = false (custom)
2019-10-17 11:22:32,046 [6ce2c6a7-9144-4b9b-bff9-06be29014ddc@group-4155E8207270-LeaderElection7] INFO  server.RaftServerConfigKeys (ConfUtils.java:logGet(43)) - raft.server.log.appender.snapshot.chunk.size.max = 16MB (=16777216) (default)
2019-10-17 11:22:32,047 [6ce2c6a7-9144-4b9b-bff9-06be29014ddc@group-4155E8207270-LeaderElection7] INFO  server.RaftServerConfigKeys (ConfUtils.java:logGet(43)) - raft.server.log.appender.buffer.byte-limit = 33554432 (custom)
2019-10-17 11:22:32,047 [6ce2c6a7-9144-4b9b-bff9-06be29014ddc@group-4155E8207270-LeaderElection7] INFO  server.RaftServerConfigKeys (ConfUtils.java:logGet(43)) - raft.server.log.appender.buffer.element-limit = 1 (custom)
2019-10-17 11:22:32,047 [6ce2c6a7-9144-4b9b-bff9-06be29014ddc@group-4155E8207270-LeaderElection7] INFO  grpc.GrpcConfigKeys$Server (ConfUtils.java:logGet(43)) - raft.grpc.server.leader.outstanding.appends.max = 128 (default)
2019-10-17 11:22:32,047 [6ce2c6a7-9144-4b9b-bff9-06be29014ddc@group-4155E8207270-LeaderElection7] INFO  server.RaftServerConfigKeys (ConfUtils.java:logGet(43)) - raft.server.rpc.request.timeout = 3000ms (default)
2019-10-17 11:22:32,048 [6ce2c6a7-9144-4b9b-bff9-06be29014ddc@group-4155E8207270-LeaderElection7] INFO  server.RaftServerConfigKeys (ConfUtils.java:logGet(43)) - raft.server.log.appender.install.snapshot.enabled = false (custom)
2019-10-17 11:22:32,049 [6ce2c6a7-9144-4b9b-bff9-06be29014ddc@group-4155E8207270-LeaderElection7] INFO  impl.RoleInfo (RoleInfo.java:updateAndGet(143)) - 6ce2c6a7-9144-4b9b-bff9-06be29014ddc: start LeaderState
2019-10-17 11:22:32,049 [6ce2c6a7-9144-4b9b-bff9-06be29014ddc@group-4155E8207270-LeaderElection7] INFO  segmented.SegmentedRaftLogWorker (SegmentedRaftLogWorker.java:startLogSegment(385)) - 6ce2c6a7-9144-4b9b-bff9-06be29014ddc@group-4155E8207270-SegmentedRaftLogWorker: Starting segment from index:0
2019-10-17 11:22:32,050 [6ce2c6a7-9144-4b9b-bff9-06be29014ddc@group-4155E8207270-LeaderElection7] INFO  impl.RaftServerImpl (ServerState.java:setRaftConf(356)) - 6ce2c6a7-9144-4b9b-bff9-06be29014ddc@group-4155E8207270: set configuration 0: [4fbc0a64-e4c7-4a69-94fa-9804a8d7871e:192.168.164.239:39296, 6ce2c6a7-9144-4b9b-bff9-06be29014ddc:192.168.164.239:34720, fd66befe-d3e0-4e51-a202-c759178c3599:192.168.164.239:40732], old=null at 0
2019-10-17 11:22:32,077 [fd66befe-d3e0-4e51-a202-c759178c3599@group-67FFAA8F796A-SegmentedRaftLogWorker] INFO  segmented.SegmentedRaftLogWorker (SegmentedRaftLogWorker.java:execute(574)) - fd66befe-d3e0-4e51-a202-c759178c3599@group-67FFAA8F796A-SegmentedRaftLogWorker: created new log segment /workdir/hadoop-ozone/integration-test/target/test-dir/MiniOzoneClusterImpl-768d9c75-2411-484d-8912-1e22cbfad202/datanode-1/data/ratis/009cf94f-fc55-4143-8bde-67ffaa8f796a/current/log_inprogress_0
2019-10-17 11:22:32,078 [4fbc0a64-e4c7-4a69-94fa-9804a8d7871e@group-D0A43B4140C8-SegmentedRaftLogWorker] INFO  segmented.SegmentedRaftLogWorker (SegmentedRaftLogWorker.java:execute(574)) - 4fbc0a64-e4c7-4a69-94fa-9804a8d7871e@group-D0A43B4140C8-SegmentedRaftLogWorker: created new log segment /workdir/hadoop-ozone/integration-test/target/test-dir/MiniOzoneClusterImpl-768d9c75-2411-484d-8912-1e22cbfad202/datanode-0/data/ratis/5724af0e-860f-46aa-9731-d0a43b4140c8/current/log_inprogress_0
2019-10-17 11:22:32,078 [6ce2c6a7-9144-4b9b-bff9-06be29014ddc@group-CD343DB32D00-SegmentedRaftLogWorker] INFO  segmented.SegmentedRaftLogWorker (SegmentedRaftLogWorker.java:execute(574)) - 6ce2c6a7-9144-4b9b-bff9-06be29014ddc@group-CD343DB32D00-SegmentedRaftLogWorker: created new log segment /workdir/hadoop-ozone/integration-test/target/test-dir/MiniOzoneClusterImpl-768d9c75-2411-484d-8912-1e22cbfad202/datanode-2/data/ratis/f6958bc7-a516-46c4-9ef6-cd343db32d00/current/log_inprogress_0
2019-10-17 11:22:32,094 [grpc-default-executor-4] INFO  impl.RaftServerImpl (ServerState.java:setLeader(255)) - fd66befe-d3e0-4e51-a202-c759178c3599@group-4155E8207270: change Leader from null to 6ce2c6a7-9144-4b9b-bff9-06be29014ddc at term 1 for appendEntries, leader elected after 5240ms
2019-10-17 11:22:32,094 [grpc-default-executor-0] INFO  impl.RaftServerImpl (ServerState.java:setLeader(255)) - 4fbc0a64-e4c7-4a69-94fa-9804a8d7871e@group-4155E8207270: change Leader from null to 6ce2c6a7-9144-4b9b-bff9-06be29014ddc at term 1 for appendEntries, leader elected after 5240ms
2019-10-17 11:22:32,104 [6ce2c6a7-9144-4b9b-bff9-06be29014ddc@group-4155E8207270-SegmentedRaftLogWorker] INFO  segmented.SegmentedRaftLogWorker (SegmentedRaftLogWorker.java:execute(574)) - 6ce2c6a7-9144-4b9b-bff9-06be29014ddc@group-4155E8207270-SegmentedRaftLogWorker: created new log segment /workdir/hadoop-ozone/integration-test/target/test-dir/MiniOzoneClusterImpl-768d9c75-2411-484d-8912-1e22cbfad202/datanode-2/data/ratis/5f6a184f-f8f4-426f-aa26-4155e8207270/current/log_inprogress_0
2019-10-17 11:22:32,115 [grpc-default-executor-0] INFO  impl.RaftServerImpl (ServerState.java:setRaftConf(356)) - 4fbc0a64-e4c7-4a69-94fa-9804a8d7871e@group-4155E8207270: set configuration 0: [4fbc0a64-e4c7-4a69-94fa-9804a8d7871e:192.168.164.239:39296, 6ce2c6a7-9144-4b9b-bff9-06be29014ddc:192.168.164.239:34720, fd66befe-d3e0-4e51-a202-c759178c3599:192.168.164.239:40732], old=null at 0
2019-10-17 11:22:32,115 [grpc-default-executor-4] INFO  impl.RaftServerImpl (ServerState.java:setRaftConf(356)) - fd66befe-d3e0-4e51-a202-c759178c3599@group-4155E8207270: set configuration 0: [4fbc0a64-e4c7-4a69-94fa-9804a8d7871e:192.168.164.239:39296, 6ce2c6a7-9144-4b9b-bff9-06be29014ddc:192.168.164.239:34720, fd66befe-d3e0-4e51-a202-c759178c3599:192.168.164.239:40732], old=null at 0
2019-10-17 11:22:32,115 [grpc-default-executor-0] INFO  segmented.SegmentedRaftLogWorker (SegmentedRaftLogWorker.java:startLogSegment(385)) - 4fbc0a64-e4c7-4a69-94fa-9804a8d7871e@group-4155E8207270-SegmentedRaftLogWorker: Starting segment from index:0
2019-10-17 11:22:32,115 [grpc-default-executor-4] INFO  segmented.SegmentedRaftLogWorker (SegmentedRaftLogWorker.java:startLogSegment(385)) - fd66befe-d3e0-4e51-a202-c759178c3599@group-4155E8207270-SegmentedRaftLogWorker: Starting segment from index:0
2019-10-17 11:22:32,201 [4fbc0a64-e4c7-4a69-94fa-9804a8d7871e@group-4155E8207270-SegmentedRaftLogWorker] INFO  segmented.SegmentedRaftLogWorker (SegmentedRaftLogWorker.java:execute(574)) - 4fbc0a64-e4c7-4a69-94fa-9804a8d7871e@group-4155E8207270-SegmentedRaftLogWorker: created new log segment /workdir/hadoop-ozone/integration-test/target/test-dir/MiniOzoneClusterImpl-768d9c75-2411-484d-8912-1e22cbfad202/datanode-0/data/ratis/5f6a184f-f8f4-426f-aa26-4155e8207270/current/log_inprogress_0
2019-10-17 11:22:32,201 [fd66befe-d3e0-4e51-a202-c759178c3599@group-4155E8207270-SegmentedRaftLogWorker] INFO  segmented.SegmentedRaftLogWorker (SegmentedRaftLogWorker.java:execute(574)) - fd66befe-d3e0-4e51-a202-c759178c3599@group-4155E8207270-SegmentedRaftLogWorker: created new log segment /workdir/hadoop-ozone/integration-test/target/test-dir/MiniOzoneClusterImpl-768d9c75-2411-484d-8912-1e22cbfad202/datanode-1/data/ratis/5f6a184f-f8f4-426f-aa26-4155e8207270/current/log_inprogress_0
2019-10-17 11:22:36,982 [Thread-236] INFO  impl.FollowerState (FollowerState.java:run(108)) - 4fbc0a64-e4c7-4a69-94fa-9804a8d7871e@group-B3362EA21D26-FollowerState: change to CANDIDATE, lastRpcTime:5043ms, electionTimeout:5043ms
2019-10-17 11:22:36,982 [Thread-236] INFO  impl.RoleInfo (RoleInfo.java:shutdownFollowerState(121)) - 4fbc0a64-e4c7-4a69-94fa-9804a8d7871e: shutdown FollowerState
2019-10-17 11:22:36,982 [Thread-236] INFO  impl.RaftServerImpl (RaftServerImpl.java:setRole(170)) - 4fbc0a64-e4c7-4a69-94fa-9804a8d7871e@group-B3362EA21D26: changes role from  FOLLOWER to CANDIDATE at term 1 for changeToCandidate
2019-10-17 11:22:36,982 [Thread-236] INFO  impl.RoleInfo (RoleInfo.java:updateAndGet(143)) - 4fbc0a64-e4c7-4a69-94fa-9804a8d7871e: start LeaderElection
2019-10-17 11:22:37,003 [Thread-235] INFO  impl.FollowerState (FollowerState.java:run(108)) - fd66befe-d3e0-4e51-a202-c759178c3599@group-B3362EA21D26-FollowerState: change to CANDIDATE, lastRpcTime:5083ms, electionTimeout:5082ms
2019-10-17 11:22:37,003 [Thread-235] INFO  impl.RoleInfo (RoleInfo.java:shutdownFollowerState(121)) - fd66befe-d3e0-4e51-a202-c759178c3599: shutdown FollowerState
2019-10-17 11:22:37,003 [Thread-235] INFO  impl.RaftServerImpl (RaftServerImpl.java:setRole(170)) - fd66befe-d3e0-4e51-a202-c759178c3599@group-B3362EA21D26: changes role from  FOLLOWER to CANDIDATE at term 1 for changeToCandidate
2019-10-17 11:22:37,003 [Thread-235] INFO  impl.RoleInfo (RoleInfo.java:updateAndGet(143)) - fd66befe-d3e0-4e51-a202-c759178c3599: start LeaderElection
2019-10-17 11:22:37,008 [Thread-237] INFO  impl.FollowerState (FollowerState.java:run(108)) - 6ce2c6a7-9144-4b9b-bff9-06be29014ddc@group-B3362EA21D26-FollowerState: change to CANDIDATE, lastRpcTime:5067ms, electionTimeout:5066ms
2019-10-17 11:22:37,008 [Thread-237] INFO  impl.RoleInfo (RoleInfo.java:shutdownFollowerState(121)) - 6ce2c6a7-9144-4b9b-bff9-06be29014ddc: shutdown FollowerState
2019-10-17 11:22:37,008 [Thread-237] INFO  impl.RaftServerImpl (RaftServerImpl.java:setRole(170)) - 6ce2c6a7-9144-4b9b-bff9-06be29014ddc@group-B3362EA21D26: changes role from  FOLLOWER to CANDIDATE at term 1 for changeToCandidate
2019-10-17 11:22:37,008 [Thread-237] INFO  impl.RoleInfo (RoleInfo.java:updateAndGet(143)) - 6ce2c6a7-9144-4b9b-bff9-06be29014ddc: start LeaderElection
2019-10-17 11:22:37,372 [4fbc0a64-e4c7-4a69-94fa-9804a8d7871e@group-B3362EA21D26-LeaderElection8] INFO  impl.LeaderElection (LeaderElection.java:askForVotes(178)) - 4fbc0a64-e4c7-4a69-94fa-9804a8d7871e@group-B3362EA21D26-LeaderElection8: begin an election at term 2 for -1: [4fbc0a64-e4c7-4a69-94fa-9804a8d7871e:192.168.164.239:39296, 6ce2c6a7-9144-4b9b-bff9-06be29014ddc:192.168.164.239:34720, fd66befe-d3e0-4e51-a202-c759178c3599:192.168.164.239:40732], old=null
2019-10-17 11:22:37,372 [6ce2c6a7-9144-4b9b-bff9-06be29014ddc@group-B3362EA21D26-LeaderElection10] INFO  impl.LeaderElection (LeaderElection.java:askForVotes(178)) - 6ce2c6a7-9144-4b9b-bff9-06be29014ddc@group-B3362EA21D26-LeaderElection10: begin an election at term 2 for -1: [4fbc0a64-e4c7-4a69-94fa-9804a8d7871e:192.168.164.239:39296, 6ce2c6a7-9144-4b9b-bff9-06be29014ddc:192.168.164.239:34720, fd66befe-d3e0-4e51-a202-c759178c3599:192.168.164.239:40732], old=null
2019-10-17 11:22:37,372 [fd66befe-d3e0-4e51-a202-c759178c3599@group-B3362EA21D26-LeaderElection9] INFO  impl.LeaderElection (LeaderElection.java:askForVotes(178)) - fd66befe-d3e0-4e51-a202-c759178c3599@group-B3362EA21D26-LeaderElection9: begin an election at term 2 for -1: [4fbc0a64-e4c7-4a69-94fa-9804a8d7871e:192.168.164.239:39296, 6ce2c6a7-9144-4b9b-bff9-06be29014ddc:192.168.164.239:34720, fd66befe-d3e0-4e51-a202-c759178c3599:192.168.164.239:40732], old=null
2019-10-17 11:22:37,386 [6ce2c6a7-9144-4b9b-bff9-06be29014ddc@group-B3362EA21D26-LeaderElection10] INFO  impl.LeaderElection (LeaderElection.java:logAndReturn(56)) - 6ce2c6a7-9144-4b9b-bff9-06be29014ddc@group-B3362EA21D26-LeaderElection10: Election REJECTED; received 2 response(s) [6ce2c6a7-9144-4b9b-bff9-06be29014ddc<-4fbc0a64-e4c7-4a69-94fa-9804a8d7871e#0:FAIL-t2, 6ce2c6a7-9144-4b9b-bff9-06be29014ddc<-fd66befe-d3e0-4e51-a202-c759178c3599#0:FAIL-t2] and 0 exception(s); 6ce2c6a7-9144-4b9b-bff9-06be29014ddc@group-B3362EA21D26:t2, leader=null, voted=6ce2c6a7-9144-4b9b-bff9-06be29014ddc, raftlog=6ce2c6a7-9144-4b9b-bff9-06be29014ddc@group-B3362EA21D26-SegmentedRaftLog:OPENED:c-1,f-1,i0, conf=-1: [4fbc0a64-e4c7-4a69-94fa-9804a8d7871e:192.168.164.239:39296, 6ce2c6a7-9144-4b9b-bff9-06be29014ddc:192.168.164.239:34720, fd66befe-d3e0-4e51-a202-c759178c3599:192.168.164.239:40732], old=null
2019-10-17 11:22:37,386 [6ce2c6a7-9144-4b9b-bff9-06be29014ddc@group-B3362EA21D26-LeaderElection10] INFO  impl.RaftServerImpl (RaftServerImpl.java:setRole(170)) - 6ce2c6a7-9144-4b9b-bff9-06be29014ddc@group-B3362EA21D26: changes role from CANDIDATE to FOLLOWER at term 2 for DISCOVERED_A_NEW_TERM
2019-10-17 11:22:37,387 [6ce2c6a7-9144-4b9b-bff9-06be29014ddc@group-B3362EA21D26-LeaderElection10] INFO  impl.RoleInfo (RoleInfo.java:shutdownLeaderElection(134)) - 6ce2c6a7-9144-4b9b-bff9-06be29014ddc: shutdown LeaderElection
2019-10-17 11:22:37,388 [6ce2c6a7-9144-4b9b-bff9-06be29014ddc@group-B3362EA21D26-LeaderElection10] INFO  impl.RoleInfo (RoleInfo.java:updateAndGet(143)) - 6ce2c6a7-9144-4b9b-bff9-06be29014ddc: start FollowerState
2019-10-17 11:22:37,389 [fd66befe-d3e0-4e51-a202-c759178c3599@group-B3362EA21D26-LeaderElection9] INFO  impl.LeaderElection (LeaderElection.java:logAndReturn(56)) - fd66befe-d3e0-4e51-a202-c759178c3599@group-B3362EA21D26-LeaderElection9: Election REJECTED; received 2 response(s) [fd66befe-d3e0-4e51-a202-c759178c3599<-4fbc0a64-e4c7-4a69-94fa-9804a8d7871e#0:FAIL-t2, fd66befe-d3e0-4e51-a202-c759178c3599<-6ce2c6a7-9144-4b9b-bff9-06be29014ddc#0:FAIL-t2] and 0 exception(s); fd66befe-d3e0-4e51-a202-c759178c3599@group-B3362EA21D26:t2, leader=null, voted=fd66befe-d3e0-4e51-a202-c759178c3599, raftlog=fd66befe-d3e0-4e51-a202-c759178c3599@group-B3362EA21D26-SegmentedRaftLog:OPENED:c-1,f-1,i0, conf=-1: [4fbc0a64-e4c7-4a69-94fa-9804a8d7871e:192.168.164.239:39296, 6ce2c6a7-9144-4b9b-bff9-06be29014ddc:192.168.164.239:34720, fd66befe-d3e0-4e51-a202-c759178c3599:192.168.164.239:40732], old=null
2019-10-17 11:22:37,389 [4fbc0a64-e4c7-4a69-94fa-9804a8d7871e@group-B3362EA21D26-LeaderElection8] INFO  impl.LeaderElection (LeaderElection.java:logAndReturn(56)) - 4fbc0a64-e4c7-4a69-94fa-9804a8d7871e@group-B3362EA21D26-LeaderElection8: Election REJECTED; received 2 response(s) [4fbc0a64-e4c7-4a69-94fa-9804a8d7871e<-6ce2c6a7-9144-4b9b-bff9-06be29014ddc#0:FAIL-t2, 4fbc0a64-e4c7-4a69-94fa-9804a8d7871e<-fd66befe-d3e0-4e51-a202-c759178c3599#0:FAIL-t2] and 0 exception(s); 4fbc0a64-e4c7-4a69-94fa-9804a8d7871e@group-B3362EA21D26:t2, leader=null, voted=4fbc0a64-e4c7-4a69-94fa-9804a8d7871e, raftlog=4fbc0a64-e4c7-4a69-94fa-9804a8d7871e@group-B3362EA21D26-SegmentedRaftLog:OPENED:c-1,f-1,i0, conf=-1: [4fbc0a64-e4c7-4a69-94fa-9804a8d7871e:192.168.164.239:39296, 6ce2c6a7-9144-4b9b-bff9-06be29014ddc:192.168.164.239:34720, fd66befe-d3e0-4e51-a202-c759178c3599:192.168.164.239:40732], old=null
2019-10-17 11:22:37,390 [fd66befe-d3e0-4e51-a202-c759178c3599@group-B3362EA21D26-LeaderElection9] INFO  impl.RaftServerImpl (RaftServerImpl.java:setRole(170)) - fd66befe-d3e0-4e51-a202-c759178c3599@group-B3362EA21D26: changes role from CANDIDATE to FOLLOWER at term 2 for DISCOVERED_A_NEW_TERM
2019-10-17 11:22:37,391 [fd66befe-d3e0-4e51-a202-c759178c3599@group-B3362EA21D26-LeaderElection9] INFO  impl.RoleInfo (RoleInfo.java:shutdownLeaderElection(134)) - fd66befe-d3e0-4e51-a202-c759178c3599: shutdown LeaderElection
2019-10-17 11:22:37,391 [4fbc0a64-e4c7-4a69-94fa-9804a8d7871e@group-B3362EA21D26-LeaderElection8] INFO  impl.RaftServerImpl (RaftServerImpl.java:setRole(170)) - 4fbc0a64-e4c7-4a69-94fa-9804a8d7871e@group-B3362EA21D26: changes role from CANDIDATE to FOLLOWER at term 2 for DISCOVERED_A_NEW_TERM
2019-10-17 11:22:37,393 [fd66befe-d3e0-4e51-a202-c759178c3599@group-B3362EA21D26-LeaderElection9] INFO  impl.RoleInfo (RoleInfo.java:updateAndGet(143)) - fd66befe-d3e0-4e51-a202-c759178c3599: start FollowerState
2019-10-17 11:22:37,393 [4fbc0a64-e4c7-4a69-94fa-9804a8d7871e@group-B3362EA21D26-LeaderElection8] INFO  impl.RoleInfo (RoleInfo.java:shutdownLeaderElection(134)) - 4fbc0a64-e4c7-4a69-94fa-9804a8d7871e: shutdown LeaderElection
2019-10-17 11:22:37,394 [4fbc0a64-e4c7-4a69-94fa-9804a8d7871e@group-B3362EA21D26-LeaderElection8] INFO  impl.RoleInfo (RoleInfo.java:updateAndGet(143)) - 4fbc0a64-e4c7-4a69-94fa-9804a8d7871e: start FollowerState
2019-10-17 11:22:42,401 [Thread-276] INFO  impl.FollowerState (FollowerState.java:run(108)) - 6ce2c6a7-9144-4b9b-bff9-06be29014ddc@group-B3362EA21D26-FollowerState: change to CANDIDATE, lastRpcTime:5013ms, electionTimeout:5012ms
2019-10-17 11:22:42,402 [Thread-276] INFO  impl.RoleInfo (RoleInfo.java:shutdownFollowerState(121)) - 6ce2c6a7-9144-4b9b-bff9-06be29014ddc: shutdown FollowerState
2019-10-17 11:22:42,402 [Thread-276] INFO  impl.RaftServerImpl (RaftServerImpl.java:setRole(170)) - 6ce2c6a7-9144-4b9b-bff9-06be29014ddc@group-B3362EA21D26: changes role from  FOLLOWER to CANDIDATE at term 2 for changeToCandidate
2019-10-17 11:22:42,402 [Thread-276] INFO  impl.RoleInfo (RoleInfo.java:updateAndGet(143)) - 6ce2c6a7-9144-4b9b-bff9-06be29014ddc: start LeaderElection
2019-10-17 11:22:42,567 [Thread-278] INFO  impl.FollowerState (FollowerState.java:run(108)) - 4fbc0a64-e4c7-4a69-94fa-9804a8d7871e@group-B3362EA21D26-FollowerState: change to CANDIDATE, lastRpcTime:5173ms, electionTimeout:5172ms
2019-10-17 11:22:42,567 [Thread-278] INFO  impl.RoleInfo (RoleInfo.java:shutdownFollowerState(121)) - 4fbc0a64-e4c7-4a69-94fa-9804a8d7871e: shutdown FollowerState
2019-10-17 11:22:42,567 [Thread-278] INFO  impl.RaftServerImpl (RaftServerImpl.java:setRole(170)) - 4fbc0a64-e4c7-4a69-94fa-9804a8d7871e@group-B3362EA21D26: changes role from  FOLLOWER to CANDIDATE at term 2 for changeToCandidate
2019-10-17 11:22:42,567 [Thread-278] INFO  impl.RoleInfo (RoleInfo.java:updateAndGet(143)) - 4fbc0a64-e4c7-4a69-94fa-9804a8d7871e: start LeaderElection
2019-10-17 11:22:42,576 [Thread-277] INFO  impl.FollowerState (FollowerState.java:run(108)) - fd66befe-d3e0-4e51-a202-c759178c3599@group-B3362EA21D26-FollowerState: change to CANDIDATE, lastRpcTime:5183ms, electionTimeout:5182ms
2019-10-17 11:22:42,576 [Thread-277] INFO  impl.RoleInfo (RoleInfo.java:shutdownFollowerState(121)) - fd66befe-d3e0-4e51-a202-c759178c3599: shutdown FollowerState
2019-10-17 11:22:42,576 [Thread-277] INFO  impl.RaftServerImpl (RaftServerImpl.java:setRole(170)) - fd66befe-d3e0-4e51-a202-c759178c3599@group-B3362EA21D26: changes role from  FOLLOWER to CANDIDATE at term 2 for changeToCandidate
2019-10-17 11:22:42,576 [Thread-277] INFO  impl.RoleInfo (RoleInfo.java:updateAndGet(143)) - fd66befe-d3e0-4e51-a202-c759178c3599: start LeaderElection
2019-10-17 11:22:54,330 [4fbc0a64-e4c7-4a69-94fa-9804a8d7871e@group-B3362EA21D26-LeaderElection12] INFO  impl.LeaderElection (LeaderElection.java:askForVotes(178)) - 4fbc0a64-e4c7-4a69-94fa-9804a8d7871e@group-B3362EA21D26-LeaderElection12: begin an election at term 3 for -1: [4fbc0a64-e4c7-4a69-94fa-9804a8d7871e:192.168.164.239:39296, 6ce2c6a7-9144-4b9b-bff9-06be29014ddc:192.168.164.239:34720, fd66befe-d3e0-4e51-a202-c759178c3599:192.168.164.239:40732], old=null
2019-10-17 11:22:54,330 [6ce2c6a7-9144-4b9b-bff9-06be29014ddc@group-B3362EA21D26-LeaderElection11] INFO  impl.LeaderElection (LeaderElection.java:askForVotes(178)) - 6ce2c6a7-9144-4b9b-bff9-06be29014ddc@group-B3362EA21D26-LeaderElection11: begin an election at term 3 for -1: [4fbc0a64-e4c7-4a69-94fa-9804a8d7871e:192.168.164.239:39296, 6ce2c6a7-9144-4b9b-bff9-06be29014ddc:192.168.164.239:34720, fd66befe-d3e0-4e51-a202-c759178c3599:192.168.164.239:40732], old=null
2019-10-17 11:22:54,340 [fd66befe-d3e0-4e51-a202-c759178c3599@group-B3362EA21D26-LeaderElection13] INFO  impl.LeaderElection (LeaderElection.java:askForVotes(178)) - fd66befe-d3e0-4e51-a202-c759178c3599@group-B3362EA21D26-LeaderElection13: begin an election at term 3 for -1: [4fbc0a64-e4c7-4a69-94fa-9804a8d7871e:192.168.164.239:39296, 6ce2c6a7-9144-4b9b-bff9-06be29014ddc:192.168.164.239:34720, fd66befe-d3e0-4e51-a202-c759178c3599:192.168.164.239:40732], old=null
2019-10-17 11:22:54,342 [6ce2c6a7-9144-4b9b-bff9-06be29014ddc@group-B3362EA21D26-LeaderElection11] INFO  impl.LeaderElection (LeaderElection.java:logAndReturn(56)) - 6ce2c6a7-9144-4b9b-bff9-06be29014ddc@group-B3362EA21D26-LeaderElection11: Election REJECTED; received 2 response(s) [6ce2c6a7-9144-4b9b-bff9-06be29014ddc<-4fbc0a64-e4c7-4a69-94fa-9804a8d7871e#0:FAIL-t3, 6ce2c6a7-9144-4b9b-bff9-06be29014ddc<-fd66befe-d3e0-4e51-a202-c759178c3599#0:FAIL-t3] and 0 exception(s); 6ce2c6a7-9144-4b9b-bff9-06be29014ddc@group-B3362EA21D26:t3, leader=null, voted=6ce2c6a7-9144-4b9b-bff9-06be29014ddc, raftlog=6ce2c6a7-9144-4b9b-bff9-06be29014ddc@group-B3362EA21D26-SegmentedRaftLog:OPENED:c-1,f-1,i0, conf=-1: [4fbc0a64-e4c7-4a69-94fa-9804a8d7871e:192.168.164.239:39296, 6ce2c6a7-9144-4b9b-bff9-06be29014ddc:192.168.164.239:34720, fd66befe-d3e0-4e51-a202-c759178c3599:192.168.164.239:40732], old=null
2019-10-17 11:22:54,342 [4fbc0a64-e4c7-4a69-94fa-9804a8d7871e@group-B3362EA21D26-LeaderElection12] INFO  impl.LeaderElection (LeaderElection.java:logAndReturn(56)) - 4fbc0a64-e4c7-4a69-94fa-9804a8d7871e@group-B3362EA21D26-LeaderElection12: Election REJECTED; received 2 response(s) [4fbc0a64-e4c7-4a69-94fa-9804a8d7871e<-6ce2c6a7-9144-4b9b-bff9-06be29014ddc#0:FAIL-t3, 4fbc0a64-e4c7-4a69-94fa-9804a8d7871e<-fd66befe-d3e0-4e51-a202-c759178c3599#0:FAIL-t3] and 0 exception(s); 4fbc0a64-e4c7-4a69-94fa-9804a8d7871e@group-B3362EA21D26:t3, leader=null, voted=4fbc0a64-e4c7-4a69-94fa-9804a8d7871e, raftlog=4fbc0a64-e4c7-4a69-94fa-9804a8d7871e@group-B3362EA21D26-SegmentedRaftLog:OPENED:c-1,f-1,i0, conf=-1: [4fbc0a64-e4c7-4a69-94fa-9804a8d7871e:192.168.164.239:39296, 6ce2c6a7-9144-4b9b-bff9-06be29014ddc:192.168.164.239:34720, fd66befe-d3e0-4e51-a202-c759178c3599:192.168.164.239:40732], old=null
2019-10-17 11:22:54,342 [4fbc0a64-e4c7-4a69-94fa-9804a8d7871e@group-B3362EA21D26-LeaderElection12] INFO  impl.RaftServerImpl (RaftServerImpl.java:setRole(170)) - 4fbc0a64-e4c7-4a69-94fa-9804a8d7871e@group-B3362EA21D26: changes role from CANDIDATE to FOLLOWER at term 3 for DISCOVERED_A_NEW_TERM
2019-10-17 11:22:54,342 [6ce2c6a7-9144-4b9b-bff9-06be29014ddc@group-B3362EA21D26-LeaderElection11] INFO  impl.RaftServerImpl (RaftServerImpl.java:setRole(170)) - 6ce2c6a7-9144-4b9b-bff9-06be29014ddc@group-B3362EA21D26: changes role from CANDIDATE to FOLLOWER at term 3 for DISCOVERED_A_NEW_TERM
2019-10-17 11:22:54,342 [4fbc0a64-e4c7-4a69-94fa-9804a8d7871e@group-B3362EA21D26-LeaderElection12] INFO  impl.RoleInfo (RoleInfo.java:shutdownLeaderElection(134)) - 4fbc0a64-e4c7-4a69-94fa-9804a8d7871e: shutdown LeaderElection
2019-10-17 11:22:54,344 [6ce2c6a7-9144-4b9b-bff9-06be29014ddc@group-B3362EA21D26-LeaderElection11] INFO  impl.RoleInfo (RoleInfo.java:shutdownLeaderElection(134)) - 6ce2c6a7-9144-4b9b-bff9-06be29014ddc: shutdown LeaderElection
2019-10-17 11:22:54,345 [4fbc0a64-e4c7-4a69-94fa-9804a8d7871e@group-B3362EA21D26-LeaderElection12] INFO  impl.RoleInfo (RoleInfo.java:updateAndGet(143)) - 4fbc0a64-e4c7-4a69-94fa-9804a8d7871e: start FollowerState
2019-10-17 11:22:54,345 [6ce2c6a7-9144-4b9b-bff9-06be29014ddc@group-B3362EA21D26-LeaderElection11] INFO  impl.RoleInfo (RoleInfo.java:updateAndGet(143)) - 6ce2c6a7-9144-4b9b-bff9-06be29014ddc: start FollowerState
2019-10-17 11:22:54,346 [fd66befe-d3e0-4e51-a202-c759178c3599@group-B3362EA21D26-LeaderElection13] INFO  impl.LeaderElection (LeaderElection.java:logAndReturn(56)) - fd66befe-d3e0-4e51-a202-c759178c3599@group-B3362EA21D26-LeaderElection13: Election REJECTED; received 2 response(s) [fd66befe-d3e0-4e51-a202-c759178c3599<-4fbc0a64-e4c7-4a69-94fa-9804a8d7871e#0:FAIL-t3, fd66befe-d3e0-4e51-a202-c759178c3599<-6ce2c6a7-9144-4b9b-bff9-06be29014ddc#0:FAIL-t3] and 0 exception(s); fd66befe-d3e0-4e51-a202-c759178c3599@group-B3362EA21D26:t3, leader=null, voted=fd66befe-d3e0-4e51-a202-c759178c3599, raftlog=fd66befe-d3e0-4e51-a202-c759178c3599@group-B3362EA21D26-SegmentedRaftLog:OPENED:c-1,f-1,i0, conf=-1: [4fbc0a64-e4c7-4a69-94fa-9804a8d7871e:192.168.164.239:39296, 6ce2c6a7-9144-4b9b-bff9-06be29014ddc:192.168.164.239:34720, fd66befe-d3e0-4e51-a202-c759178c3599:192.168.164.239:40732], old=null
2019-10-17 11:22:54,346 [fd66befe-d3e0-4e51-a202-c759178c3599@group-B3362EA21D26-LeaderElection13] INFO  impl.RaftServerImpl (RaftServerImpl.java:setRole(170)) - fd66befe-d3e0-4e51-a202-c759178c3599@group-B3362EA21D26: changes role from CANDIDATE to FOLLOWER at term 3 for DISCOVERED_A_NEW_TERM
2019-10-17 11:22:54,347 [fd66befe-d3e0-4e51-a202-c759178c3599@group-B3362EA21D26-LeaderElection13] INFO  impl.RoleInfo (RoleInfo.java:shutdownLeaderElection(134)) - fd66befe-d3e0-4e51-a202-c759178c3599: shutdown LeaderElection
2019-10-17 11:22:54,347 [fd66befe-d3e0-4e51-a202-c759178c3599@group-B3362EA21D26-LeaderElection13] INFO  impl.RoleInfo (RoleInfo.java:updateAndGet(143)) - fd66befe-d3e0-4e51-a202-c759178c3599: start FollowerState
2019-10-17 11:22:59,346 [Thread-333] INFO  impl.FollowerState (FollowerState.java:run(108)) - 6ce2c6a7-9144-4b9b-bff9-06be29014ddc@group-B3362EA21D26-FollowerState: change to CANDIDATE, lastRpcTime:5001ms, electionTimeout:5001ms
2019-10-17 11:22:59,349 [Thread-333] INFO  impl.RoleInfo (RoleInfo.java:shutdownFollowerState(121)) - 6ce2c6a7-9144-4b9b-bff9-06be29014ddc: shutdown FollowerState
2019-10-17 11:22:59,349 [Thread-333] INFO  impl.RaftServerImpl (RaftServerImpl.java:setRole(170)) - 6ce2c6a7-9144-4b9b-bff9-06be29014ddc@group-B3362EA21D26: changes role from  FOLLOWER to CANDIDATE at term 3 for changeToCandidate
2019-10-17 11:22:59,349 [Thread-333] INFO  impl.RoleInfo (RoleInfo.java:updateAndGet(143)) - 6ce2c6a7-9144-4b9b-bff9-06be29014ddc: start LeaderElection
2019-10-17 11:22:59,357 [Thread-334] INFO  impl.FollowerState (FollowerState.java:run(108)) - fd66befe-d3e0-4e51-a202-c759178c3599@group-B3362EA21D26-FollowerState: change to CANDIDATE, lastRpcTime:5010ms, electionTimeout:5010ms
2019-10-17 11:22:59,357 [Thread-334] INFO  impl.RoleInfo (RoleInfo.java:shutdownFollowerState(121)) - fd66befe-d3e0-4e51-a202-c759178c3599: shutdown FollowerState
2019-10-17 11:22:59,357 [Thread-334] INFO  impl.RaftServerImpl (RaftServerImpl.java:setRole(170)) - fd66befe-d3e0-4e51-a202-c759178c3599@group-B3362EA21D26: changes role from  FOLLOWER to CANDIDATE at term 3 for changeToCandidate
2019-10-17 11:22:59,357 [Thread-334] INFO  impl.RoleInfo (RoleInfo.java:updateAndGet(143)) - fd66befe-d3e0-4e51-a202-c759178c3599: start LeaderElection
2019-10-17 11:22:59,484 [Thread-332] INFO  impl.FollowerState (FollowerState.java:run(108)) - 4fbc0a64-e4c7-4a69-94fa-9804a8d7871e@group-B3362EA21D26-FollowerState: change to CANDIDATE, lastRpcTime:5139ms, electionTimeout:5139ms
2019-10-17 11:22:59,484 [Thread-332] INFO  impl.RoleInfo (RoleInfo.java:shutdownFollowerState(121)) - 4fbc0a64-e4c7-4a69-94fa-9804a8d7871e: shutdown FollowerState
2019-10-17 11:22:59,485 [Thread-332] INFO  impl.RaftServerImpl (RaftServerImpl.java:setRole(170)) - 4fbc0a64-e4c7-4a69-94fa-9804a8d7871e@group-B3362EA21D26: changes role from  FOLLOWER to CANDIDATE at term 3 for changeToCandidate
2019-10-17 11:22:59,485 [Thread-332] INFO  impl.RoleInfo (RoleInfo.java:updateAndGet(143)) - 4fbc0a64-e4c7-4a69-94fa-9804a8d7871e: start LeaderElection
2019-10-17 11:23:04,098 [fd66befe-d3e0-4e51-a202-c759178c3599@group-B3362EA21D26-LeaderElection15] INFO  impl.LeaderElection (LeaderElection.java:askForVotes(178)) - fd66befe-d3e0-4e51-a202-c759178c3599@group-B3362EA21D26-LeaderElection15: begin an election at term 4 for -1: [4fbc0a64-e4c7-4a69-94fa-9804a8d7871e:192.168.164.239:39296, 6ce2c6a7-9144-4b9b-bff9-06be29014ddc:192.168.164.239:34720, fd66befe-d3e0-4e51-a202-c759178c3599:192.168.164.239:40732], old=null
2019-10-17 11:23:04,098 [4fbc0a64-e4c7-4a69-94fa-9804a8d7871e@group-B3362EA21D26-LeaderElection16] INFO  impl.LeaderElection (LeaderElection.java:askForVotes(178)) - 4fbc0a64-e4c7-4a69-94fa-9804a8d7871e@group-B3362EA21D26-LeaderElection16: begin an election at term 4 for -1: [4fbc0a64-e4c7-4a69-94fa-9804a8d7871e:192.168.164.239:39296, 6ce2c6a7-9144-4b9b-bff9-06be29014ddc:192.168.164.239:34720, fd66befe-d3e0-4e51-a202-c759178c3599:192.168.164.239:40732], old=null
2019-10-17 11:23:04,098 [6ce2c6a7-9144-4b9b-bff9-06be29014ddc@group-B3362EA21D26-LeaderElection14] INFO  impl.LeaderElection (LeaderElection.java:askForVotes(178)) - 6ce2c6a7-9144-4b9b-bff9-06be29014ddc@group-B3362EA21D26-LeaderElection14: begin an election at term 4 for -1: [4fbc0a64-e4c7-4a69-94fa-9804a8d7871e:192.168.164.239:39296, 6ce2c6a7-9144-4b9b-bff9-06be29014ddc:192.168.164.239:34720, fd66befe-d3e0-4e51-a202-c759178c3599:192.168.164.239:40732], old=null
2019-10-17 11:23:04,106 [fd66befe-d3e0-4e51-a202-c759178c3599@group-B3362EA21D26-LeaderElection15] INFO  impl.LeaderElection (LeaderElection.java:logAndReturn(56)) - fd66befe-d3e0-4e51-a202-c759178c3599@group-B3362EA21D26-LeaderElection15: Election REJECTED; received 2 response(s) [fd66befe-d3e0-4e51-a202-c759178c3599<-4fbc0a64-e4c7-4a69-94fa-9804a8d7871e#0:FAIL-t4, fd66befe-d3e0-4e51-a202-c759178c3599<-6ce2c6a7-9144-4b9b-bff9-06be29014ddc#0:FAIL-t4] and 0 exception(s); fd66befe-d3e0-4e51-a202-c759178c3599@group-B3362EA21D26:t4, leader=null, voted=fd66befe-d3e0-4e51-a202-c759178c3599, raftlog=fd66befe-d3e0-4e51-a202-c759178c3599@group-B3362EA21D26-SegmentedRaftLog:OPENED:c-1,f-1,i0, conf=-1: [4fbc0a64-e4c7-4a69-94fa-9804a8d7871e:192.168.164.239:39296, 6ce2c6a7-9144-4b9b-bff9-06be29014ddc:192.168.164.239:34720, fd66befe-d3e0-4e51-a202-c759178c3599:192.168.164.239:40732], old=null
2019-10-17 11:23:04,106 [4fbc0a64-e4c7-4a69-94fa-9804a8d7871e@group-B3362EA21D26-LeaderElection16] INFO  impl.LeaderElection (LeaderElection.java:logAndReturn(56)) - 4fbc0a64-e4c7-4a69-94fa-9804a8d7871e@group-B3362EA21D26-LeaderElection16: Election REJECTED; received 2 response(s) [4fbc0a64-e4c7-4a69-94fa-9804a8d7871e<-6ce2c6a7-9144-4b9b-bff9-06be29014ddc#0:FAIL-t4, 4fbc0a64-e4c7-4a69-94fa-9804a8d7871e<-fd66befe-d3e0-4e51-a202-c759178c3599#0:FAIL-t4] and 0 exception(s); 4fbc0a64-e4c7-4a69-94fa-9804a8d7871e@group-B3362EA21D26:t4, leader=null, voted=4fbc0a64-e4c7-4a69-94fa-9804a8d7871e, raftlog=4fbc0a64-e4c7-4a69-94fa-9804a8d7871e@group-B3362EA21D26-SegmentedRaftLog:OPENED:c-1,f-1,i0, conf=-1: [4fbc0a64-e4c7-4a69-94fa-9804a8d7871e:192.168.164.239:39296, 6ce2c6a7-9144-4b9b-bff9-06be29014ddc:192.168.164.239:34720, fd66befe-d3e0-4e51-a202-c759178c3599:192.168.164.239:40732], old=null
2019-10-17 11:23:04,106 [6ce2c6a7-9144-4b9b-bff9-06be29014ddc@group-B3362EA21D26-LeaderElection14] INFO  impl.LeaderElection (LeaderElection.java:logAndReturn(56)) - 6ce2c6a7-9144-4b9b-bff9-06be29014ddc@group-B3362EA21D26-LeaderElection14: Election REJECTED; received 2 response(s) [6ce2c6a7-9144-4b9b-bff9-06be29014ddc<-4fbc0a64-e4c7-4a69-94fa-9804a8d7871e#0:FAIL-t4, 6ce2c6a7-9144-4b9b-bff9-06be29014ddc<-fd66befe-d3e0-4e51-a202-c759178c3599#0:FAIL-t4] and 0 exception(s); 6ce2c6a7-9144-4b9b-bff9-06be29014ddc@group-B3362EA21D26:t4, leader=null, voted=6ce2c6a7-9144-4b9b-bff9-06be29014ddc, raftlog=6ce2c6a7-9144-4b9b-bff9-06be29014ddc@group-B3362EA21D26-SegmentedRaftLog:OPENED:c-1,f-1,i0, conf=-1: [4fbc0a64-e4c7-4a69-94fa-9804a8d7871e:192.168.164.239:39296, 6ce2c6a7-9144-4b9b-bff9-06be29014ddc:192.168.164.239:34720, fd66befe-d3e0-4e51-a202-c759178c3599:192.168.164.239:40732], old=null
2019-10-17 11:23:04,108 [4fbc0a64-e4c7-4a69-94fa-9804a8d7871e@group-B3362EA21D26-LeaderElection16] INFO  impl.RaftServerImpl (RaftServerImpl.java:setRole(170)) - 4fbc0a64-e4c7-4a69-94fa-9804a8d7871e@group-B3362EA21D26: changes role from CANDIDATE to FOLLOWER at term 4 for DISCOVERED_A_NEW_TERM
2019-10-17 11:23:04,106 [fd66befe-d3e0-4e51-a202-c759178c3599@group-B3362EA21D26-LeaderElection15] INFO  impl.RaftServerImpl (RaftServerImpl.java:setRole(170)) - fd66befe-d3e0-4e51-a202-c759178c3599@group-B3362EA21D26: changes role from CANDIDATE to FOLLOWER at term 4 for DISCOVERED_A_NEW_TERM
2019-10-17 11:23:04,109 [4fbc0a64-e4c7-4a69-94fa-9804a8d7871e@group-B3362EA21D26-LeaderElection16] INFO  impl.RoleInfo (RoleInfo.java:shutdownLeaderElection(134)) - 4fbc0a64-e4c7-4a69-94fa-9804a8d7871e: shutdown LeaderElection
2019-10-17 11:23:04,109 [6ce2c6a7-9144-4b9b-bff9-06be29014ddc@group-B3362EA21D26-LeaderElection14] INFO  impl.RaftServerImpl (RaftServerImpl.java:setRole(170)) - 6ce2c6a7-9144-4b9b-bff9-06be29014ddc@group-B3362EA21D26: changes role from CANDIDATE to FOLLOWER at term 4 for DISCOVERED_A_NEW_TERM
2019-10-17 11:23:04,110 [fd66befe-d3e0-4e51-a202-c759178c3599@group-B3362EA21D26-LeaderElection15] INFO  impl.RoleInfo (RoleInfo.java:shutdownLeaderElection(134)) - fd66befe-d3e0-4e51-a202-c759178c3599: shutdown LeaderElection
2019-10-17 11:23:04,110 [4fbc0a64-e4c7-4a69-94fa-9804a8d7871e@group-B3362EA21D26-LeaderElection16] INFO  impl.RoleInfo (RoleInfo.java:updateAndGet(143)) - 4fbc0a64-e4c7-4a69-94fa-9804a8d7871e: start FollowerState
2019-10-17 11:23:04,110 [6ce2c6a7-9144-4b9b-bff9-06be29014ddc@group-B3362EA21D26-LeaderElection14] INFO  impl.RoleInfo (RoleInfo.java:shutdownLeaderElection(134)) - 6ce2c6a7-9144-4b9b-bff9-06be29014ddc: shutdown LeaderElection
2019-10-17 11:23:04,110 [fd66befe-d3e0-4e51-a202-c759178c3599@group-B3362EA21D26-LeaderElection15] INFO  impl.RoleInfo (RoleInfo.java:updateAndGet(143)) - fd66befe-d3e0-4e51-a202-c759178c3599: start FollowerState
2019-10-17 11:23:04,111 [6ce2c6a7-9144-4b9b-bff9-06be29014ddc@group-B3362EA21D26-LeaderElection14] INFO  impl.RoleInfo (RoleInfo.java:updateAndGet(143)) - 6ce2c6a7-9144-4b9b-bff9-06be29014ddc: start FollowerState
2019-10-17 11:23:09,252 [Thread-372] INFO  impl.FollowerState (FollowerState.java:run(108)) - 4fbc0a64-e4c7-4a69-94fa-9804a8d7871e@group-B3362EA21D26-FollowerState: change to CANDIDATE, lastRpcTime:5141ms, electionTimeout:5141ms
2019-10-17 11:23:09,254 [Thread-372] INFO  impl.RoleInfo (RoleInfo.java:shutdownFollowerState(121)) - 4fbc0a64-e4c7-4a69-94fa-9804a8d7871e: shutdown FollowerState
2019-10-17 11:23:09,254 [Thread-372] INFO  impl.RaftServerImpl (RaftServerImpl.java:setRole(170)) - 4fbc0a64-e4c7-4a69-94fa-9804a8d7871e@group-B3362EA21D26: changes role from  FOLLOWER to CANDIDATE at term 4 for changeToCandidate
2019-10-17 11:23:09,255 [Thread-372] INFO  impl.RoleInfo (RoleInfo.java:updateAndGet(143)) - 4fbc0a64-e4c7-4a69-94fa-9804a8d7871e: start LeaderElection
2019-10-17 11:23:09,274 [Thread-373] INFO  impl.FollowerState (FollowerState.java:run(108)) - fd66befe-d3e0-4e51-a202-c759178c3599@group-B3362EA21D26-FollowerState: change to CANDIDATE, lastRpcTime:5163ms, electionTimeout:5163ms
2019-10-17 11:23:09,274 [Thread-373] INFO  impl.RoleInfo (RoleInfo.java:shutdownFollowerState(121)) - fd66befe-d3e0-4e51-a202-c759178c3599: shutdown FollowerState
2019-10-17 11:23:09,274 [Thread-373] INFO  impl.RaftServerImpl (RaftServerImpl.java:setRole(170)) - fd66befe-d3e0-4e51-a202-c759178c3599@group-B3362EA21D26: changes role from  FOLLOWER to CANDIDATE at term 4 for changeToCandidate
2019-10-17 11:23:09,275 [Thread-373] INFO  impl.RoleInfo (RoleInfo.java:updateAndGet(143)) - fd66befe-d3e0-4e51-a202-c759178c3599: start LeaderElection
2019-10-17 11:23:09,279 [Thread-374] INFO  impl.FollowerState (FollowerState.java:run(108)) - 6ce2c6a7-9144-4b9b-bff9-06be29014ddc@group-B3362EA21D26-FollowerState: change to CANDIDATE, lastRpcTime:5168ms, electionTimeout:5168ms
2019-10-17 11:23:09,279 [Thread-374] INFO  impl.RoleInfo (RoleInfo.java:shutdownFollowerState(121)) - 6ce2c6a7-9144-4b9b-bff9-06be29014ddc: shutdown FollowerState
2019-10-17 11:23:09,280 [Thread-374] INFO  impl.RaftServerImpl (RaftServerImpl.java:setRole(170)) - 6ce2c6a7-9144-4b9b-bff9-06be29014ddc@group-B3362EA21D26: changes role from  FOLLOWER to CANDIDATE at term 4 for changeToCandidate
2019-10-17 11:23:09,280 [Thread-374] INFO  impl.RoleInfo (RoleInfo.java:updateAndGet(143)) - 6ce2c6a7-9144-4b9b-bff9-06be29014ddc: start LeaderElection
2019-10-17 11:23:13,649 [fd66befe-d3e0-4e51-a202-c759178c3599@group-B3362EA21D26-LeaderElection18] INFO  impl.LeaderElection (LeaderElection.java:askForVotes(178)) - fd66befe-d3e0-4e51-a202-c759178c3599@group-B3362EA21D26-LeaderElection18: begin an election at term 5 for -1: [4fbc0a64-e4c7-4a69-94fa-9804a8d7871e:192.168.164.239:39296, 6ce2c6a7-9144-4b9b-bff9-06be29014ddc:192.168.164.239:34720, fd66befe-d3e0-4e51-a202-c759178c3599:192.168.164.239:40732], old=null
2019-10-17 11:23:13,649 [4fbc0a64-e4c7-4a69-94fa-9804a8d7871e@group-B3362EA21D26-LeaderElection17] INFO  impl.LeaderElection (LeaderElection.java:askForVotes(178)) - 4fbc0a64-e4c7-4a69-94fa-9804a8d7871e@group-B3362EA21D26-LeaderElection17: begin an election at term 5 for -1: [4fbc0a64-e4c7-4a69-94fa-9804a8d7871e:192.168.164.239:39296, 6ce2c6a7-9144-4b9b-bff9-06be29014ddc:192.168.164.239:34720, fd66befe-d3e0-4e51-a202-c759178c3599:192.168.164.239:40732], old=null
2019-10-17 11:23:13,649 [6ce2c6a7-9144-4b9b-bff9-06be29014ddc@group-B3362EA21D26-LeaderElection19] INFO  impl.LeaderElection (LeaderElection.java:askForVotes(178)) - 6ce2c6a7-9144-4b9b-bff9-06be29014ddc@group-B3362EA21D26-LeaderElection19: begin an election at term 5 for -1: [4fbc0a64-e4c7-4a69-94fa-9804a8d7871e:192.168.164.239:39296, 6ce2c6a7-9144-4b9b-bff9-06be29014ddc:192.168.164.239:34720, fd66befe-d3e0-4e51-a202-c759178c3599:192.168.164.239:40732], old=null
2019-10-17 11:23:13,657 [6ce2c6a7-9144-4b9b-bff9-06be29014ddc@group-B3362EA21D26-LeaderElection19] INFO  impl.LeaderElection (LeaderElection.java:logAndReturn(56)) - 6ce2c6a7-9144-4b9b-bff9-06be29014ddc@group-B3362EA21D26-LeaderElection19: Election REJECTED; received 2 response(s) [6ce2c6a7-9144-4b9b-bff9-06be29014ddc<-4fbc0a64-e4c7-4a69-94fa-9804a8d7871e#0:FAIL-t5, 6ce2c6a7-9144-4b9b-bff9-06be29014ddc<-fd66befe-d3e0-4e51-a202-c759178c3599#0:FAIL-t5] and 0 exception(s); 6ce2c6a7-9144-4b9b-bff9-06be29014ddc@group-B3362EA21D26:t5, leader=null, voted=6ce2c6a7-9144-4b9b-bff9-06be29014ddc, raftlog=6ce2c6a7-9144-4b9b-bff9-06be29014ddc@group-B3362EA21D26-SegmentedRaftLog:OPENED:c-1,f-1,i0, conf=-1: [4fbc0a64-e4c7-4a69-94fa-9804a8d7871e:192.168.164.239:39296, 6ce2c6a7-9144-4b9b-bff9-06be29014ddc:192.168.164.239:34720, fd66befe-d3e0-4e51-a202-c759178c3599:192.168.164.239:40732], old=null
2019-10-17 11:23:13,657 [4fbc0a64-e4c7-4a69-94fa-9804a8d7871e@group-B3362EA21D26-LeaderElection17] INFO  impl.LeaderElection (LeaderElection.java:logAndReturn(56)) - 4fbc0a64-e4c7-4a69-94fa-9804a8d7871e@group-B3362EA21D26-LeaderElection17: Election REJECTED; received 2 response(s) [4fbc0a64-e4c7-4a69-94fa-9804a8d7871e<-6ce2c6a7-9144-4b9b-bff9-06be29014ddc#0:FAIL-t5, 4fbc0a64-e4c7-4a69-94fa-9804a8d7871e<-fd66befe-d3e0-4e51-a202-c759178c3599#0:FAIL-t5] and 0 exception(s); 4fbc0a64-e4c7-4a69-94fa-9804a8d7871e@group-B3362EA21D26:t5, leader=null, voted=4fbc0a64-e4c7-4a69-94fa-9804a8d7871e, raftlog=4fbc0a64-e4c7-4a69-94fa-9804a8d7871e@group-B3362EA21D26-SegmentedRaftLog:OPENED:c-1,f-1,i0, conf=-1: [4fbc0a64-e4c7-4a69-94fa-9804a8d7871e:192.168.164.239:39296, 6ce2c6a7-9144-4b9b-bff9-06be29014ddc:192.168.164.239:34720, fd66befe-d3e0-4e51-a202-c759178c3599:192.168.164.239:40732], old=null
2019-10-17 11:23:13,657 [6ce2c6a7-9144-4b9b-bff9-06be29014ddc@group-B3362EA21D26-LeaderElection19] INFO  impl.RaftServerImpl (RaftServerImpl.java:setRole(170)) - 6ce2c6a7-9144-4b9b-bff9-06be29014ddc@group-B3362EA21D26: changes role from CANDIDATE to FOLLOWER at term 5 for DISCOVERED_A_NEW_TERM
2019-10-17 11:23:13,659 [fd66befe-d3e0-4e51-a202-c759178c3599@group-B3362EA21D26-LeaderElection18] INFO  impl.LeaderElection (LeaderElection.java:logAndReturn(56)) - fd66befe-d3e0-4e51-a202-c759178c3599@group-B3362EA21D26-LeaderElection18: Election REJECTED; received 2 response(s) [fd66befe-d3e0-4e51-a202-c759178c3599<-4fbc0a64-e4c7-4a69-94fa-9804a8d7871e#0:FAIL-t5, fd66befe-d3e0-4e51-a202-c759178c3599<-6ce2c6a7-9144-4b9b-bff9-06be29014ddc#0:FAIL-t5] and 0 exception(s); fd66befe-d3e0-4e51-a202-c759178c3599@group-B3362EA21D26:t5, leader=null, voted=fd66befe-d3e0-4e51-a202-c759178c3599, raftlog=fd66befe-d3e0-4e51-a202-c759178c3599@group-B3362EA21D26-SegmentedRaftLog:OPENED:c-1,f-1,i0, conf=-1: [4fbc0a64-e4c7-4a69-94fa-9804a8d7871e:192.168.164.239:39296, 6ce2c6a7-9144-4b9b-bff9-06be29014ddc:192.168.164.239:34720, fd66befe-d3e0-4e51-a202-c759178c3599:192.168.164.239:40732], old=null
2019-10-17 11:23:13,659 [4fbc0a64-e4c7-4a69-94fa-9804a8d7871e@group-B3362EA21D26-LeaderElection17] INFO  impl.RaftServerImpl (RaftServerImpl.java:setRole(170)) - 4fbc0a64-e4c7-4a69-94fa-9804a8d7871e@group-B3362EA21D26: changes role from CANDIDATE to FOLLOWER at term 5 for DISCOVERED_A_NEW_TERM
2019-10-17 11:23:13,660 [fd66befe-d3e0-4e51-a202-c759178c3599@group-B3362EA21D26-LeaderElection18] INFO  impl.RaftServerImpl (RaftServerImpl.java:setRole(170)) - fd66befe-d3e0-4e51-a202-c759178c3599@group-B3362EA21D26: changes role from CANDIDATE to FOLLOWER at term 5 for DISCOVERED_A_NEW_TERM
2019-10-17 11:23:13,660 [6ce2c6a7-9144-4b9b-bff9-06be29014ddc@group-B3362EA21D26-LeaderElection19] INFO  impl.RoleInfo (RoleInfo.java:shutdownLeaderElection(134)) - 6ce2c6a7-9144-4b9b-bff9-06be29014ddc: shutdown LeaderElection
2019-10-17 11:23:13,661 [fd66befe-d3e0-4e51-a202-c759178c3599@group-B3362EA21D26-LeaderElection18] INFO  impl.RoleInfo (RoleInfo.java:shutdownLeaderElection(134)) - fd66befe-d3e0-4e51-a202-c759178c3599: shutdown LeaderElection
2019-10-17 11:23:13,660 [4fbc0a64-e4c7-4a69-94fa-9804a8d7871e@group-B3362EA21D26-LeaderElection17] INFO  impl.RoleInfo (RoleInfo.java:shutdownLeaderElection(134)) - 4fbc0a64-e4c7-4a69-94fa-9804a8d7871e: shutdown LeaderElection
2019-10-17 11:23:13,662 [fd66befe-d3e0-4e51-a202-c759178c3599@group-B3362EA21D26-LeaderElection18] INFO  impl.RoleInfo (RoleInfo.java:updateAndGet(143)) - fd66befe-d3e0-4e51-a202-c759178c3599: start FollowerState
2019-10-17 11:23:13,662 [4fbc0a64-e4c7-4a69-94fa-9804a8d7871e@group-B3362EA21D26-LeaderElection17] INFO  impl.RoleInfo (RoleInfo.java:updateAndGet(143)) - 4fbc0a64-e4c7-4a69-94fa-9804a8d7871e: start FollowerState
2019-10-17 11:23:13,662 [6ce2c6a7-9144-4b9b-bff9-06be29014ddc@group-B3362EA21D26-LeaderElection19] INFO  impl.RoleInfo (RoleInfo.java:updateAndGet(143)) - 6ce2c6a7-9144-4b9b-bff9-06be29014ddc: start FollowerState
2019-10-17 11:23:18,674 [Thread-412] INFO  impl.FollowerState (FollowerState.java:run(108)) - 4fbc0a64-e4c7-4a69-94fa-9804a8d7871e@group-B3362EA21D26-FollowerState: change to CANDIDATE, lastRpcTime:5011ms, electionTimeout:5011ms
2019-10-17 11:23:18,674 [Thread-412] INFO  impl.RoleInfo (RoleInfo.java:shutdownFollowerState(121)) - 4fbc0a64-e4c7-4a69-94fa-9804a8d7871e: shutdown FollowerState
2019-10-17 11:23:18,674 [Thread-412] INFO  impl.RaftServerImpl (RaftServerImpl.java:setRole(170)) - 4fbc0a64-e4c7-4a69-94fa-9804a8d7871e@group-B3362EA21D26: changes role from  FOLLOWER to CANDIDATE at term 5 for changeToCandidate
2019-10-17 11:23:18,674 [Thread-412] INFO  impl.RoleInfo (RoleInfo.java:updateAndGet(143)) - 4fbc0a64-e4c7-4a69-94fa-9804a8d7871e: start LeaderElection
2019-10-17 11:23:18,750 [Thread-410] INFO  impl.FollowerState (FollowerState.java:run(108)) - 6ce2c6a7-9144-4b9b-bff9-06be29014ddc@group-B3362EA21D26-FollowerState: change to CANDIDATE, lastRpcTime:5088ms, electionTimeout:5087ms
2019-10-17 11:23:18,750 [Thread-410] INFO  impl.RoleInfo (RoleInfo.java:shutdownFollowerState(121)) - 6ce2c6a7-9144-4b9b-bff9-06be29014ddc: shutdown FollowerState
2019-10-17 11:23:18,750 [Thread-410] INFO  impl.RaftServerImpl (RaftServerImpl.java:setRole(170)) - 6ce2c6a7-9144-4b9b-bff9-06be29014ddc@group-B3362EA21D26: changes role from  FOLLOWER to CANDIDATE at term 5 for changeToCandidate
2019-10-17 11:23:18,750 [Thread-410] INFO  impl.RoleInfo (RoleInfo.java:updateAndGet(143)) - 6ce2c6a7-9144-4b9b-bff9-06be29014ddc: start LeaderElection
2019-10-17 11:23:18,806 [Thread-411] INFO  impl.FollowerState (FollowerState.java:run(108)) - fd66befe-d3e0-4e51-a202-c759178c3599@group-B3362EA21D26-FollowerState: change to CANDIDATE, lastRpcTime:5144ms, electionTimeout:5144ms
2019-10-17 11:23:18,807 [Thread-411] INFO  impl.RoleInfo (RoleInfo.java:shutdownFollowerState(121)) - fd66befe-d3e0-4e51-a202-c759178c3599: shutdown FollowerState
2019-10-17 11:23:18,807 [Thread-411] INFO  impl.RaftServerImpl (RaftServerImpl.java:setRole(170)) - fd66befe-d3e0-4e51-a202-c759178c3599@group-B3362EA21D26: changes role from  FOLLOWER to CANDIDATE at term 5 for changeToCandidate
2019-10-17 11:23:18,810 [Thread-411] INFO  impl.RoleInfo (RoleInfo.java:updateAndGet(143)) - fd66befe-d3e0-4e51-a202-c759178c3599: start LeaderElection
2019-10-17 11:23:29,083 [4fbc0a64-e4c7-4a69-94fa-9804a8d7871e@group-B3362EA21D26-LeaderElection20] INFO  impl.LeaderElection (LeaderElection.java:askForVotes(178)) - 4fbc0a64-e4c7-4a69-94fa-9804a8d7871e@group-B3362EA21D26-LeaderElection20: begin an election at term 6 for -1: [4fbc0a64-e4c7-4a69-94fa-9804a8d7871e:192.168.164.239:39296, 6ce2c6a7-9144-4b9b-bff9-06be29014ddc:192.168.164.239:34720, fd66befe-d3e0-4e51-a202-c759178c3599:192.168.164.239:40732], old=null
2019-10-17 11:23:29,083 [6ce2c6a7-9144-4b9b-bff9-06be29014ddc@group-B3362EA21D26-LeaderElection21] INFO  impl.LeaderElection (LeaderElection.java:askForVotes(178)) - 6ce2c6a7-9144-4b9b-bff9-06be29014ddc@group-B3362EA21D26-LeaderElection21: begin an election at term 6 for -1: [4fbc0a64-e4c7-4a69-94fa-9804a8d7871e:192.168.164.239:39296, 6ce2c6a7-9144-4b9b-bff9-06be29014ddc:192.168.164.239:34720, fd66befe-d3e0-4e51-a202-c759178c3599:192.168.164.239:40732], old=null
2019-10-17 11:23:29,083 [fd66befe-d3e0-4e51-a202-c759178c3599@group-B3362EA21D26-LeaderElection22] INFO  impl.LeaderElection (LeaderElection.java:askForVotes(178)) - fd66befe-d3e0-4e51-a202-c759178c3599@group-B3362EA21D26-LeaderElection22: begin an election at term 6 for -1: [4fbc0a64-e4c7-4a69-94fa-9804a8d7871e:192.168.164.239:39296, 6ce2c6a7-9144-4b9b-bff9-06be29014ddc:192.168.164.239:34720, fd66befe-d3e0-4e51-a202-c759178c3599:192.168.164.239:40732], old=null
2019-10-17 11:23:29,090 [4fbc0a64-e4c7-4a69-94fa-9804a8d7871e@group-B3362EA21D26-LeaderElection20] INFO  impl.LeaderElection (LeaderElection.java:logAndReturn(56)) - 4fbc0a64-e4c7-4a69-94fa-9804a8d7871e@group-B3362EA21D26-LeaderElection20: Election REJECTED; received 2 response(s) [4fbc0a64-e4c7-4a69-94fa-9804a8d7871e<-6ce2c6a7-9144-4b9b-bff9-06be29014ddc#0:FAIL-t6, 4fbc0a64-e4c7-4a69-94fa-9804a8d7871e<-fd66befe-d3e0-4e51-a202-c759178c3599#0:FAIL-t6] and 0 exception(s); 4fbc0a64-e4c7-4a69-94fa-9804a8d7871e@group-B3362EA21D26:t6, leader=null, voted=4fbc0a64-e4c7-4a69-94fa-9804a8d7871e, raftlog=4fbc0a64-e4c7-4a69-94fa-9804a8d7871e@group-B3362EA21D26-SegmentedRaftLog:OPENED:c-1,f-1,i0, conf=-1: [4fbc0a64-e4c7-4a69-94fa-9804a8d7871e:192.168.164.239:39296, 6ce2c6a7-9144-4b9b-bff9-06be29014ddc:192.168.164.239:34720, fd66befe-d3e0-4e51-a202-c759178c3599:192.168.164.239:40732], old=null
2019-10-17 11:23:29,090 [4fbc0a64-e4c7-4a69-94fa-9804a8d7871e@group-B3362EA21D26-LeaderElection20] INFO  impl.RaftServerImpl (RaftServerImpl.java:setRole(170)) - 4fbc0a64-e4c7-4a69-94fa-9804a8d7871e@group-B3362EA21D26: changes role from CANDIDATE to FOLLOWER at term 6 for DISCOVERED_A_NEW_TERM
2019-10-17 11:23:29,091 [4fbc0a64-e4c7-4a69-94fa-9804a8d7871e@group-B3362EA21D26-LeaderElection20] INFO  impl.RoleInfo (RoleInfo.java:shutdownLeaderElection(134)) - 4fbc0a64-e4c7-4a69-94fa-9804a8d7871e: shutdown LeaderElection
2019-10-17 11:23:29,091 [6ce2c6a7-9144-4b9b-bff9-06be29014ddc@group-B3362EA21D26-LeaderElection21] INFO  impl.LeaderElection (LeaderElection.java:logAndReturn(56)) - 6ce2c6a7-9144-4b9b-bff9-06be29014ddc@group-B3362EA21D26-LeaderElection21: Election REJECTED; received 2 response(s) [6ce2c6a7-9144-4b9b-bff9-06be29014ddc<-4fbc0a64-e4c7-4a69-94fa-9804a8d7871e#0:FAIL-t6, 6ce2c6a7-9144-4b9b-bff9-06be29014ddc<-fd66befe-d3e0-4e51-a202-c759178c3599#0:FAIL-t6] and 0 exception(s); 6ce2c6a7-9144-4b9b-bff9-06be29014ddc@group-B3362EA21D26:t6, leader=null, voted=6ce2c6a7-9144-4b9b-bff9-06be29014ddc, raftlog=6ce2c6a7-9144-4b9b-bff9-06be29014ddc@group-B3362EA21D26-SegmentedRaftLog:OPENED:c-1,f-1,i0, conf=-1: [4fbc0a64-e4c7-4a69-94fa-9804a8d7871e:192.168.164.239:39296, 6ce2c6a7-9144-4b9b-bff9-06be29014ddc:192.168.164.239:34720, fd66befe-d3e0-4e51-a202-c759178c3599:192.168.164.239:40732], old=null
2019-10-17 11:23:29,092 [4fbc0a64-e4c7-4a69-94fa-9804a8d7871e@group-B3362EA21D26-LeaderElection20] INFO  impl.RoleInfo (RoleInfo.java:updateAndGet(143)) - 4fbc0a64-e4c7-4a69-94fa-9804a8d7871e: start FollowerState
2019-10-17 11:23:29,092 [6ce2c6a7-9144-4b9b-bff9-06be29014ddc@group-B3362EA21D26-LeaderElection21] INFO  impl.RaftServerImpl (RaftServerImpl.java:setRole(170)) - 6ce2c6a7-9144-4b9b-bff9-06be29014ddc@group-B3362EA21D26: changes role from CANDIDATE to FOLLOWER at term 6 for DISCOVERED_A_NEW_TERM
2019-10-17 11:23:29,092 [fd66befe-d3e0-4e51-a202-c759178c3599@group-B3362EA21D26-LeaderElection22] INFO  impl.LeaderElection (LeaderElection.java:logAndReturn(56)) - fd66befe-d3e0-4e51-a202-c759178c3599@group-B3362EA21D26-LeaderElection22: Election REJECTED; received 2 response(s) [fd66befe-d3e0-4e51-a202-c759178c3599<-4fbc0a64-e4c7-4a69-94fa-9804a8d7871e#0:FAIL-t6, fd66befe-d3e0-4e51-a202-c759178c3599<-6ce2c6a7-9144-4b9b-bff9-06be29014ddc#0:FAIL-t6] and 0 exception(s); fd66befe-d3e0-4e51-a202-c759178c3599@group-B3362EA21D26:t6, leader=null, voted=fd66befe-d3e0-4e51-a202-c759178c3599, raftlog=fd66befe-d3e0-4e51-a202-c759178c3599@group-B3362EA21D26-SegmentedRaftLog:OPENED:c-1,f-1,i0, conf=-1: [4fbc0a64-e4c7-4a69-94fa-9804a8d7871e:192.168.164.239:39296, 6ce2c6a7-9144-4b9b-bff9-06be29014ddc:192.168.164.239:34720, fd66befe-d3e0-4e51-a202-c759178c3599:192.168.164.239:40732], old=null
2019-10-17 11:23:29,094 [6ce2c6a7-9144-4b9b-bff9-06be29014ddc@group-B3362EA21D26-LeaderElection21] INFO  impl.RoleInfo (RoleInfo.java:shutdownLeaderElection(134)) - 6ce2c6a7-9144-4b9b-bff9-06be29014ddc: shutdown LeaderElection
2019-10-17 11:23:29,094 [fd66befe-d3e0-4e51-a202-c759178c3599@group-B3362EA21D26-LeaderElection22] INFO  impl.RaftServerImpl (RaftServerImpl.java:setRole(170)) - fd66befe-d3e0-4e51-a202-c759178c3599@group-B3362EA21D26: changes role from CANDIDATE to FOLLOWER at term 6 for DISCOVERED_A_NEW_TERM
2019-10-17 11:23:29,097 [6ce2c6a7-9144-4b9b-bff9-06be29014ddc@group-B3362EA21D26-LeaderElection21] INFO  impl.RoleInfo (RoleInfo.java:updateAndGet(143)) - 6ce2c6a7-9144-4b9b-bff9-06be29014ddc: start FollowerState
2019-10-17 11:23:29,097 [fd66befe-d3e0-4e51-a202-c759178c3599@group-B3362EA21D26-LeaderElection22] INFO  impl.RoleInfo (RoleInfo.java:shutdownLeaderElection(134)) - fd66befe-d3e0-4e51-a202-c759178c3599: shutdown LeaderElection
2019-10-17 11:23:29,098 [fd66befe-d3e0-4e51-a202-c759178c3599@group-B3362EA21D26-LeaderElection22] INFO  impl.RoleInfo (RoleInfo.java:updateAndGet(143)) - fd66befe-d3e0-4e51-a202-c759178c3599: start FollowerState
2019-10-17 11:23:34,109 [Thread-470] INFO  impl.FollowerState (FollowerState.java:run(108)) - 4fbc0a64-e4c7-4a69-94fa-9804a8d7871e@group-B3362EA21D26-FollowerState: change to CANDIDATE, lastRpcTime:5018ms, electionTimeout:5015ms
2019-10-17 11:23:34,110 [Thread-470] INFO  impl.RoleInfo (RoleInfo.java:shutdownFollowerState(121)) - 4fbc0a64-e4c7-4a69-94fa-9804a8d7871e: shutdown FollowerState
2019-10-17 11:23:34,111 [Thread-470] INFO  impl.RaftServerImpl (RaftServerImpl.java:setRole(170)) - 4fbc0a64-e4c7-4a69-94fa-9804a8d7871e@group-B3362EA21D26: changes role from  FOLLOWER to CANDIDATE at term 6 for changeToCandidate
2019-10-17 11:23:34,111 [Thread-470] INFO  impl.RoleInfo (RoleInfo.java:updateAndGet(143)) - 4fbc0a64-e4c7-4a69-94fa-9804a8d7871e: start LeaderElection
2019-10-17 11:23:34,139 [Thread-472] INFO  impl.FollowerState (FollowerState.java:run(108)) - fd66befe-d3e0-4e51-a202-c759178c3599@group-B3362EA21D26-FollowerState: change to CANDIDATE, lastRpcTime:5040ms, electionTimeout:5040ms
2019-10-17 11:23:34,139 [Thread-472] INFO  impl.RoleInfo (RoleInfo.java:shutdownFollowerState(121)) - fd66befe-d3e0-4e51-a202-c759178c3599: shutdown FollowerState
2019-10-17 11:23:34,139 [Thread-472] INFO  impl.RaftServerImpl (RaftServerImpl.java:setRole(170)) - fd66befe-d3e0-4e51-a202-c759178c3599@group-B3362EA21D26: changes role from  FOLLOWER to CANDIDATE at term 6 for changeToCandidate
2019-10-17 11:23:34,140 [Thread-472] INFO  impl.RoleInfo (RoleInfo.java:updateAndGet(143)) - fd66befe-d3e0-4e51-a202-c759178c3599: start LeaderElection
2019-10-17 11:23:34,243 [Thread-471] INFO  impl.FollowerState (FollowerState.java:run(108)) - 6ce2c6a7-9144-4b9b-bff9-06be29014ddc@group-B3362EA21D26-FollowerState: change to CANDIDATE, lastRpcTime:5146ms, electionTimeout:5145ms
2019-10-17 11:23:34,244 [Thread-471] INFO  impl.RoleInfo (RoleInfo.java:shutdownFollowerState(121)) - 6ce2c6a7-9144-4b9b-bff9-06be29014ddc: shutdown FollowerState
2019-10-17 11:23:34,244 [Thread-471] INFO  impl.RaftServerImpl (RaftServerImpl.java:setRole(170)) - 6ce2c6a7-9144-4b9b-bff9-06be29014ddc@group-B3362EA21D26: changes role from  FOLLOWER to CANDIDATE at term 6 for changeToCandidate
2019-10-17 11:23:34,244 [Thread-471] INFO  impl.RoleInfo (RoleInfo.java:updateAndGet(143)) - 6ce2c6a7-9144-4b9b-bff9-06be29014ddc: start LeaderElection
2019-10-17 11:23:43,248 [fd66befe-d3e0-4e51-a202-c759178c3599@group-B3362EA21D26-LeaderElection24] INFO  impl.LeaderElection (LeaderElection.java:askForVotes(178)) - fd66befe-d3e0-4e51-a202-c759178c3599@group-B3362EA21D26-LeaderElection24: begin an election at term 7 for -1: [4fbc0a64-e4c7-4a69-94fa-9804a8d7871e:192.168.164.239:39296, 6ce2c6a7-9144-4b9b-bff9-06be29014ddc:192.168.164.239:34720, fd66befe-d3e0-4e51-a202-c759178c3599:192.168.164.239:40732], old=null
2019-10-17 11:23:43,248 [4fbc0a64-e4c7-4a69-94fa-9804a8d7871e@group-B3362EA21D26-LeaderElection23] INFO  impl.LeaderElection (LeaderElection.java:askForVotes(178)) - 4fbc0a64-e4c7-4a69-94fa-9804a8d7871e@group-B3362EA21D26-LeaderElection23: begin an election at term 7 for -1: [4fbc0a64-e4c7-4a69-94fa-9804a8d7871e:192.168.164.239:39296, 6ce2c6a7-9144-4b9b-bff9-06be29014ddc:192.168.164.239:34720, fd66befe-d3e0-4e51-a202-c759178c3599:192.168.164.239:40732], old=null
2019-10-17 11:23:43,248 [6ce2c6a7-9144-4b9b-bff9-06be29014ddc@group-B3362EA21D26-LeaderElection25] INFO  impl.LeaderElection (LeaderElection.java:askForVotes(178)) - 6ce2c6a7-9144-4b9b-bff9-06be29014ddc@group-B3362EA21D26-LeaderElection25: begin an election at term 7 for -1: [4fbc0a64-e4c7-4a69-94fa-9804a8d7871e:192.168.164.239:39296, 6ce2c6a7-9144-4b9b-bff9-06be29014ddc:192.168.164.239:34720, fd66befe-d3e0-4e51-a202-c759178c3599:192.168.164.239:40732], old=null
2019-10-17 11:23:43,258 [4fbc0a64-e4c7-4a69-94fa-9804a8d7871e@group-B3362EA21D26-LeaderElection23] INFO  impl.LeaderElection (LeaderElection.java:logAndReturn(56)) - 4fbc0a64-e4c7-4a69-94fa-9804a8d7871e@group-B3362EA21D26-LeaderElection23: Election REJECTED; received 2 response(s) [4fbc0a64-e4c7-4a69-94fa-9804a8d7871e<-6ce2c6a7-9144-4b9b-bff9-06be29014ddc#0:FAIL-t7, 4fbc0a64-e4c7-4a69-94fa-9804a8d7871e<-fd66befe-d3e0-4e51-a202-c759178c3599#0:FAIL-t7] and 0 exception(s); 4fbc0a64-e4c7-4a69-94fa-9804a8d7871e@group-B3362EA21D26:t7, leader=null, voted=4fbc0a64-e4c7-4a69-94fa-9804a8d7871e, raftlog=4fbc0a64-e4c7-4a69-94fa-9804a8d7871e@group-B3362EA21D26-SegmentedRaftLog:OPENED:c-1,f-1,i0, conf=-1: [4fbc0a64-e4c7-4a69-94fa-9804a8d7871e:192.168.164.239:39296, 6ce2c6a7-9144-4b9b-bff9-06be29014ddc:192.168.164.239:34720, fd66befe-d3e0-4e51-a202-c759178c3599:192.168.164.239:40732], old=null
2019-10-17 11:23:43,258 [4fbc0a64-e4c7-4a69-94fa-9804a8d7871e@group-B3362EA21D26-LeaderElection23] INFO  impl.RaftServerImpl (RaftServerImpl.java:setRole(170)) - 4fbc0a64-e4c7-4a69-94fa-9804a8d7871e@group-B3362EA21D26: changes role from CANDIDATE to FOLLOWER at term 7 for DISCOVERED_A_NEW_TERM
2019-10-17 11:23:43,259 [6ce2c6a7-9144-4b9b-bff9-06be29014ddc@group-B3362EA21D26-LeaderElection25] INFO  impl.LeaderElection (LeaderElection.java:logAndReturn(56)) - 6ce2c6a7-9144-4b9b-bff9-06be29014ddc@group-B3362EA21D26-LeaderElection25: Election REJECTED; received 2 response(s) [6ce2c6a7-9144-4b9b-bff9-06be29014ddc<-4fbc0a64-e4c7-4a69-94fa-9804a8d7871e#0:FAIL-t7, 6ce2c6a7-9144-4b9b-bff9-06be29014ddc<-fd66befe-d3e0-4e51-a202-c759178c3599#0:FAIL-t7] and 0 exception(s); 6ce2c6a7-9144-4b9b-bff9-06be29014ddc@group-B3362EA21D26:t7, leader=null, voted=6ce2c6a7-9144-4b9b-bff9-06be29014ddc, raftlog=6ce2c6a7-9144-4b9b-bff9-06be29014ddc@group-B3362EA21D26-SegmentedRaftLog:OPENED:c-1,f-1,i0, conf=-1: [4fbc0a64-e4c7-4a69-94fa-9804a8d7871e:192.168.164.239:39296, 6ce2c6a7-9144-4b9b-bff9-06be29014ddc:192.168.164.239:34720, fd66befe-d3e0-4e51-a202-c759178c3599:192.168.164.239:40732], old=null
2019-10-17 11:23:43,259 [4fbc0a64-e4c7-4a69-94fa-9804a8d7871e@group-B3362EA21D26-LeaderElection23] INFO  impl.RoleInfo (RoleInfo.java:shutdownLeaderElection(134)) - 4fbc0a64-e4c7-4a69-94fa-9804a8d7871e: shutdown LeaderElection
2019-10-17 11:23:43,260 [6ce2c6a7-9144-4b9b-bff9-06be29014ddc@group-B3362EA21D26-LeaderElection25] INFO  impl.RaftServerImpl (RaftServerImpl.java:setRole(170)) - 6ce2c6a7-9144-4b9b-bff9-06be29014ddc@group-B3362EA21D26: changes role from CANDIDATE to FOLLOWER at term 7 for DISCOVERED_A_NEW_TERM
2019-10-17 11:23:43,261 [6ce2c6a7-9144-4b9b-bff9-06be29014ddc@group-B3362EA21D26-LeaderElection25] INFO  impl.RoleInfo (RoleInfo.java:shutdownLeaderElection(134)) - 6ce2c6a7-9144-4b9b-bff9-06be29014ddc: shutdown LeaderElection
2019-10-17 11:23:43,261 [4fbc0a64-e4c7-4a69-94fa-9804a8d7871e@group-B3362EA21D26-LeaderElection23] INFO  impl.RoleInfo (RoleInfo.java:updateAndGet(143)) - 4fbc0a64-e4c7-4a69-94fa-9804a8d7871e: start FollowerState
2019-10-17 11:23:43,262 [fd66befe-d3e0-4e51-a202-c759178c3599@group-B3362EA21D26-LeaderElection24] INFO  impl.LeaderElection (LeaderElection.java:logAndReturn(56)) - fd66befe-d3e0-4e51-a202-c759178c3599@group-B3362EA21D26-LeaderElection24: Election REJECTED; received 2 response(s) [fd66befe-d3e0-4e51-a202-c759178c3599<-4fbc0a64-e4c7-4a69-94fa-9804a8d7871e#0:FAIL-t7, fd66befe-d3e0-4e51-a202-c759178c3599<-6ce2c6a7-9144-4b9b-bff9-06be29014ddc#0:FAIL-t7] and 0 exception(s); fd66befe-d3e0-4e51-a202-c759178c3599@group-B3362EA21D26:t7, leader=null, voted=fd66befe-d3e0-4e51-a202-c759178c3599, raftlog=fd66befe-d3e0-4e51-a202-c759178c3599@group-B3362EA21D26-SegmentedRaftLog:OPENED:c-1,f-1,i0, conf=-1: [4fbc0a64-e4c7-4a69-94fa-9804a8d7871e:192.168.164.239:39296, 6ce2c6a7-9144-4b9b-bff9-06be29014ddc:192.168.164.239:34720, fd66befe-d3e0-4e51-a202-c759178c3599:192.168.164.239:40732], old=null
2019-10-17 11:23:43,262 [6ce2c6a7-9144-4b9b-bff9-06be29014ddc@group-B3362EA21D26-LeaderElection25] INFO  impl.RoleInfo (RoleInfo.java:updateAndGet(143)) - 6ce2c6a7-9144-4b9b-bff9-06be29014ddc: start FollowerState
2019-10-17 11:23:43,262 [fd66befe-d3e0-4e51-a202-c759178c3599@group-B3362EA21D26-LeaderElection24] INFO  impl.RaftServerImpl (RaftServerImpl.java:setRole(170)) - fd66befe-d3e0-4e51-a202-c759178c3599@group-B3362EA21D26: changes role from CANDIDATE to FOLLOWER at term 7 for DISCOVERED_A_NEW_TERM
2019-10-17 11:23:43,263 [fd66befe-d3e0-4e51-a202-c759178c3599@group-B3362EA21D26-LeaderElection24] INFO  impl.RoleInfo (RoleInfo.java:shutdownLeaderElection(134)) - fd66befe-d3e0-4e51-a202-c759178c3599: shutdown LeaderElection
2019-10-17 11:23:43,263 [fd66befe-d3e0-4e51-a202-c759178c3599@group-B3362EA21D26-LeaderElection24] INFO  impl.RoleInfo (RoleInfo.java:updateAndGet(143)) - fd66befe-d3e0-4e51-a202-c759178c3599: start FollowerState
2019-10-17 11:23:48,287 [Thread-523] INFO  impl.FollowerState (FollowerState.java:run(108)) - 6ce2c6a7-9144-4b9b-bff9-06be29014ddc@group-B3362EA21D26-FollowerState: change to CANDIDATE, lastRpcTime:5025ms, electionTimeout:5024ms
2019-10-17 11:23:48,289 [Thread-523] INFO  impl.RoleInfo (RoleInfo.java:shutdownFollowerState(121)) - 6ce2c6a7-9144-4b9b-bff9-06be29014ddc: shutdown FollowerState
2019-10-17 11:23:48,289 [Thread-523] INFO  impl.RaftServerImpl (RaftServerImpl.java:setRole(170)) - 6ce2c6a7-9144-4b9b-bff9-06be29014ddc@group-B3362EA21D26: changes role from  FOLLOWER to CANDIDATE at term 7 for changeToCandidate
2019-10-17 11:23:48,289 [Thread-523] INFO  impl.RoleInfo (RoleInfo.java:updateAndGet(143)) - 6ce2c6a7-9144-4b9b-bff9-06be29014ddc: start LeaderElection
2019-10-17 11:23:48,300 [Thread-524] INFO  impl.FollowerState (FollowerState.java:run(108)) - fd66befe-d3e0-4e51-a202-c759178c3599@group-B3362EA21D26-FollowerState: change to CANDIDATE, lastRpcTime:5036ms, electionTimeout:5036ms
2019-10-17 11:23:48,300 [Thread-524] INFO  impl.RoleInfo (RoleInfo.java:shutdownFollowerState(121)) - fd66befe-d3e0-4e51-a202-c759178c3599: shutdown FollowerState
2019-10-17 11:23:48,300 [Thread-524] INFO  impl.RaftServerImpl (RaftServerImpl.java:setRole(170)) - fd66befe-d3e0-4e51-a202-c759178c3599@group-B3362EA21D26: changes role from  FOLLOWER to CANDIDATE at term 7 for changeToCandidate
2019-10-17 11:23:48,300 [Thread-524] INFO  impl.RoleInfo (RoleInfo.java:updateAndGet(143)) - fd66befe-d3e0-4e51-a202-c759178c3599: start LeaderElection
2019-10-17 11:23:48,327 [Thread-522] INFO  impl.FollowerState (FollowerState.java:run(108)) - 4fbc0a64-e4c7-4a69-94fa-9804a8d7871e@group-B3362EA21D26-FollowerState: change to CANDIDATE, lastRpcTime:5065ms, electionTimeout:5065ms
2019-10-17 11:23:48,327 [Thread-522] INFO  impl.RoleInfo (RoleInfo.java:shutdownFollowerState(121)) - 4fbc0a64-e4c7-4a69-94fa-9804a8d7871e: shutdown FollowerState
2019-10-17 11:23:48,327 [Thread-522] INFO  impl.RaftServerImpl (RaftServerImpl.java:setRole(170)) - 4fbc0a64-e4c7-4a69-94fa-9804a8d7871e@group-B3362EA21D26: changes role from  FOLLOWER to CANDIDATE at term 7 for changeToCandidate
2019-10-17 11:23:48,328 [Thread-522] INFO  impl.RoleInfo (RoleInfo.java:updateAndGet(143)) - 4fbc0a64-e4c7-4a69-94fa-9804a8d7871e: start LeaderElection
2019-10-17 11:23:56,505 [6ce2c6a7-9144-4b9b-bff9-06be29014ddc@group-B3362EA21D26-LeaderElection26] INFO  impl.LeaderElection (LeaderElection.java:askForVotes(178)) - 6ce2c6a7-9144-4b9b-bff9-06be29014ddc@group-B3362EA21D26-LeaderElection26: begin an election at term 8 for -1: [4fbc0a64-e4c7-4a69-94fa-9804a8d7871e:192.168.164.239:39296, 6ce2c6a7-9144-4b9b-bff9-06be29014ddc:192.168.164.239:34720, fd66befe-d3e0-4e51-a202-c759178c3599:192.168.164.239:40732], old=null
2019-10-17 11:23:56,505 [fd66befe-d3e0-4e51-a202-c759178c3599@group-B3362EA21D26-LeaderElection27] INFO  impl.LeaderElection (LeaderElection.java:askForVotes(178)) - fd66befe-d3e0-4e51-a202-c759178c3599@group-B3362EA21D26-LeaderElection27: begin an election at term 8 for -1: [4fbc0a64-e4c7-4a69-94fa-9804a8d7871e:192.168.164.239:39296, 6ce2c6a7-9144-4b9b-bff9-06be29014ddc:192.168.164.239:34720, fd66befe-d3e0-4e51-a202-c759178c3599:192.168.164.239:40732], old=null
2019-10-17 11:23:56,505 [4fbc0a64-e4c7-4a69-94fa-9804a8d7871e@group-B3362EA21D26-LeaderElection28] INFO  impl.LeaderElection (LeaderElection.java:askForVotes(178)) - 4fbc0a64-e4c7-4a69-94fa-9804a8d7871e@group-B3362EA21D26-LeaderElection28: begin an election at term 8 for -1: [4fbc0a64-e4c7-4a69-94fa-9804a8d7871e:192.168.164.239:39296, 6ce2c6a7-9144-4b9b-bff9-06be29014ddc:192.168.164.239:34720, fd66befe-d3e0-4e51-a202-c759178c3599:192.168.164.239:40732], old=null
2019-10-17 11:23:56,512 [fd66befe-d3e0-4e51-a202-c759178c3599@group-B3362EA21D26-LeaderElection27] INFO  impl.LeaderElection (LeaderElection.java:logAndReturn(56)) - fd66befe-d3e0-4e51-a202-c759178c3599@group-B3362EA21D26-LeaderElection27: Election REJECTED; received 2 response(s) [fd66befe-d3e0-4e51-a202-c759178c3599<-4fbc0a64-e4c7-4a69-94fa-9804a8d7871e#0:FAIL-t8, fd66befe-d3e0-4e51-a202-c759178c3599<-6ce2c6a7-9144-4b9b-bff9-06be29014ddc#0:FAIL-t8] and 0 exception(s); fd66befe-d3e0-4e51-a202-c759178c3599@group-B3362EA21D26:t8, leader=null, voted=fd66befe-d3e0-4e51-a202-c759178c3599, raftlog=fd66befe-d3e0-4e51-a202-c759178c3599@group-B3362EA21D26-SegmentedRaftLog:OPENED:c-1,f-1,i0, conf=-1: [4fbc0a64-e4c7-4a69-94fa-9804a8d7871e:192.168.164.239:39296, 6ce2c6a7-9144-4b9b-bff9-06be29014ddc:192.168.164.239:34720, fd66befe-d3e0-4e51-a202-c759178c3599:192.168.164.239:40732], old=null
2019-10-17 11:23:56,513 [6ce2c6a7-9144-4b9b-bff9-06be29014ddc@group-B3362EA21D26-LeaderElection26] INFO  impl.LeaderElection (LeaderElection.java:logAndReturn(56)) - 6ce2c6a7-9144-4b9b-bff9-06be29014ddc@group-B3362EA21D26-LeaderElection26: Election REJECTED; received 2 response(s) [6ce2c6a7-9144-4b9b-bff9-06be29014ddc<-4fbc0a64-e4c7-4a69-94fa-9804a8d7871e#0:FAIL-t8, 6ce2c6a7-9144-4b9b-bff9-06be29014ddc<-fd66befe-d3e0-4e51-a202-c759178c3599#0:FAIL-t8] and 0 exception(s); 6ce2c6a7-9144-4b9b-bff9-06be29014ddc@group-B3362EA21D26:t8, leader=null, voted=6ce2c6a7-9144-4b9b-bff9-06be29014ddc, raftlog=6ce2c6a7-9144-4b9b-bff9-06be29014ddc@group-B3362EA21D26-SegmentedRaftLog:OPENED:c-1,f-1,i0, conf=-1: [4fbc0a64-e4c7-4a69-94fa-9804a8d7871e:192.168.164.239:39296, 6ce2c6a7-9144-4b9b-bff9-06be29014ddc:192.168.164.239:34720, fd66befe-d3e0-4e51-a202-c759178c3599:192.168.164.239:40732], old=null
2019-10-17 11:23:56,513 [fd66befe-d3e0-4e51-a202-c759178c3599@group-B3362EA21D26-LeaderElection27] INFO  impl.RaftServerImpl (RaftServerImpl.java:setRole(170)) - fd66befe-d3e0-4e51-a202-c759178c3599@group-B3362EA21D26: changes role from CANDIDATE to FOLLOWER at term 8 for DISCOVERED_A_NEW_TERM
2019-10-17 11:23:56,514 [fd66befe-d3e0-4e51-a202-c759178c3599@group-B3362EA21D26-LeaderElection27] INFO  impl.RoleInfo (RoleInfo.java:shutdownLeaderElection(134)) - fd66befe-d3e0-4e51-a202-c759178c3599: shutdown LeaderElection
2019-10-17 11:23:56,514 [6ce2c6a7-9144-4b9b-bff9-06be29014ddc@group-B3362EA21D26-LeaderElection26] INFO  impl.RaftServerImpl (RaftServerImpl.java:setRole(170)) - 6ce2c6a7-9144-4b9b-bff9-06be29014ddc@group-B3362EA21D26: changes role from CANDIDATE to FOLLOWER at term 8 for DISCOVERED_A_NEW_TERM
2019-10-17 11:23:56,515 [fd66befe-d3e0-4e51-a202-c759178c3599@group-B3362EA21D26-LeaderElection27] INFO  impl.RoleInfo (RoleInfo.java:updateAndGet(143)) - fd66befe-d3e0-4e51-a202-c759178c3599: start FollowerState
2019-10-17 11:23:56,515 [6ce2c6a7-9144-4b9b-bff9-06be29014ddc@group-B3362EA21D26-LeaderElection26] INFO  impl.RoleInfo (RoleInfo.java:shutdownLeaderElection(134)) - 6ce2c6a7-9144-4b9b-bff9-06be29014ddc: shutdown LeaderElection
2019-10-17 11:23:56,515 [6ce2c6a7-9144-4b9b-bff9-06be29014ddc@group-B3362EA21D26-LeaderElection26] INFO  impl.RoleInfo (RoleInfo.java:updateAndGet(143)) - 6ce2c6a7-9144-4b9b-bff9-06be29014ddc: start FollowerState
2019-10-17 11:23:56,516 [4fbc0a64-e4c7-4a69-94fa-9804a8d7871e@group-B3362EA21D26-LeaderElection28] INFO  impl.LeaderElection (LeaderElection.java:logAndReturn(56)) - 4fbc0a64-e4c7-4a69-94fa-9804a8d7871e@group-B3362EA21D26-LeaderElection28: Election REJECTED; received 2 response(s) [4fbc0a64-e4c7-4a69-94fa-9804a8d7871e<-6ce2c6a7-9144-4b9b-bff9-06be29014ddc#0:FAIL-t8, 4fbc0a64-e4c7-4a69-94fa-9804a8d7871e<-fd66befe-d3e0-4e51-a202-c759178c3599#0:FAIL-t8] and 0 exception(s); 4fbc0a64-e4c7-4a69-94fa-9804a8d7871e@group-B3362EA21D26:t8, leader=null, voted=4fbc0a64-e4c7-4a69-94fa-9804a8d7871e, raftlog=4fbc0a64-e4c7-4a69-94fa-9804a8d7871e@group-B3362EA21D26-SegmentedRaftLog:OPENED:c-1,f-1,i0, conf=-1: [4fbc0a64-e4c7-4a69-94fa-9804a8d7871e:192.168.164.239:39296, 6ce2c6a7-9144-4b9b-bff9-06be29014ddc:192.168.164.239:34720, fd66befe-d3e0-4e51-a202-c759178c3599:192.168.164.239:40732], old=null
2019-10-17 11:23:56,516 [4fbc0a64-e4c7-4a69-94fa-9804a8d7871e@group-B3362EA21D26-LeaderElection28] INFO  impl.RaftServerImpl (RaftServerImpl.java:setRole(170)) - 4fbc0a64-e4c7-4a69-94fa-9804a8d7871e@group-B3362EA21D26: changes role from CANDIDATE to FOLLOWER at term 8 for DISCOVERED_A_NEW_TERM
2019-10-17 11:23:56,516 [4fbc0a64-e4c7-4a69-94fa-9804a8d7871e@group-B3362EA21D26-LeaderElection28] INFO  impl.RoleInfo (RoleInfo.java:shutdownLeaderElection(134)) - 4fbc0a64-e4c7-4a69-94fa-9804a8d7871e: shutdown LeaderElection
2019-10-17 11:23:56,516 [4fbc0a64-e4c7-4a69-94fa-9804a8d7871e@group-B3362EA21D26-LeaderElection28] INFO  impl.RoleInfo (RoleInfo.java:updateAndGet(143)) - 4fbc0a64-e4c7-4a69-94fa-9804a8d7871e: start FollowerState
2019-10-17 11:24:01,536 [Thread-572] INFO  impl.FollowerState (FollowerState.java:run(108)) - 4fbc0a64-e4c7-4a69-94fa-9804a8d7871e@group-B3362EA21D26-FollowerState: change to CANDIDATE, lastRpcTime:5019ms, electionTimeout:5019ms
2019-10-17 11:24:01,538 [Thread-572] INFO  impl.RoleInfo (RoleInfo.java:shutdownFollowerState(121)) - 4fbc0a64-e4c7-4a69-94fa-9804a8d7871e: shutdown FollowerState
2019-10-17 11:24:01,538 [Thread-572] INFO  impl.RaftServerImpl (RaftServerImpl.java:setRole(170)) - 4fbc0a64-e4c7-4a69-94fa-9804a8d7871e@group-B3362EA21D26: changes role from  FOLLOWER to CANDIDATE at term 8 for changeToCandidate
2019-10-17 11:24:01,538 [Thread-572] INFO  impl.RoleInfo (RoleInfo.java:updateAndGet(143)) - 4fbc0a64-e4c7-4a69-94fa-9804a8d7871e: start LeaderElection
2019-10-17 11:24:01,683 [Thread-571] INFO  impl.FollowerState (FollowerState.java:run(108)) - 6ce2c6a7-9144-4b9b-bff9-06be29014ddc@group-B3362EA21D26-FollowerState: change to CANDIDATE, lastRpcTime:5167ms, electionTimeout:5167ms
2019-10-17 11:24:01,683 [Thread-571] INFO  impl.RoleInfo (RoleInfo.java:shutdownFollowerState(121)) - 6ce2c6a7-9144-4b9b-bff9-06be29014ddc: shutdown FollowerState
2019-10-17 11:24:01,683 [Thread-571] INFO  impl.RaftServerImpl (RaftServerImpl.java:setRole(170)) - 6ce2c6a7-9144-4b9b-bff9-06be29014ddc@group-B3362EA21D26: changes role from  FOLLOWER to CANDIDATE at term 8 for changeToCandidate
2019-10-17 11:24:01,683 [Thread-571] INFO  impl.RoleInfo (RoleInfo.java:updateAndGet(143)) - 6ce2c6a7-9144-4b9b-bff9-06be29014ddc: start LeaderElection
2019-10-17 11:24:01,707 [Thread-570] INFO  impl.FollowerState (FollowerState.java:run(108)) - fd66befe-d3e0-4e51-a202-c759178c3599@group-B3362EA21D26-FollowerState: change to CANDIDATE, lastRpcTime:5191ms, electionTimeout:5191ms
2019-10-17 11:24:01,707 [Thread-570] INFO  impl.RoleInfo (RoleInfo.java:shutdownFollowerState(121)) - fd66befe-d3e0-4e51-a202-c759178c3599: shutdown FollowerState
2019-10-17 11:24:01,707 [Thread-570] INFO  impl.RaftServerImpl (RaftServerImpl.java:setRole(170)) - fd66befe-d3e0-4e51-a202-c759178c3599@group-B3362EA21D26: changes role from  FOLLOWER to CANDIDATE at term 8 for changeToCandidate
2019-10-17 11:24:01,707 [Thread-570] INFO  impl.RoleInfo (RoleInfo.java:updateAndGet(143)) - fd66befe-d3e0-4e51-a202-c759178c3599: start LeaderElection
2019-10-17 11:24:08,219 [4fbc0a64-e4c7-4a69-94fa-9804a8d7871e@group-B3362EA21D26-LeaderElection29] INFO  impl.LeaderElection (LeaderElection.java:askForVotes(178)) - 4fbc0a64-e4c7-4a69-94fa-9804a8d7871e@group-B3362EA21D26-LeaderElection29: begin an election at term 9 for -1: [4fbc0a64-e4c7-4a69-94fa-9804a8d7871e:192.168.164.239:39296, 6ce2c6a7-9144-4b9b-bff9-06be29014ddc:192.168.164.239:34720, fd66befe-d3e0-4e51-a202-c759178c3599:192.168.164.239:40732], old=null
2019-10-17 11:24:08,219 [fd66befe-d3e0-4e51-a202-c759178c3599@group-B3362EA21D26-LeaderElection31] INFO  impl.LeaderElection (LeaderElection.java:askForVotes(178)) - fd66befe-d3e0-4e51-a202-c759178c3599@group-B3362EA21D26-LeaderElection31: begin an election at term 9 for -1: [4fbc0a64-e4c7-4a69-94fa-9804a8d7871e:192.168.164.239:39296, 6ce2c6a7-9144-4b9b-bff9-06be29014ddc:192.168.164.239:34720, fd66befe-d3e0-4e51-a202-c759178c3599:192.168.164.239:40732], old=null
2019-10-17 11:24:08,219 [6ce2c6a7-9144-4b9b-bff9-06be29014ddc@group-B3362EA21D26-LeaderElection30] INFO  impl.LeaderElection (LeaderElection.java:askForVotes(178)) - 6ce2c6a7-9144-4b9b-bff9-06be29014ddc@group-B3362EA21D26-LeaderElection30: begin an election at term 9 for -1: [4fbc0a64-e4c7-4a69-94fa-9804a8d7871e:192.168.164.239:39296, 6ce2c6a7-9144-4b9b-bff9-06be29014ddc:192.168.164.239:34720, fd66befe-d3e0-4e51-a202-c759178c3599:192.168.164.239:40732], old=null
2019-10-17 11:24:08,224 [4fbc0a64-e4c7-4a69-94fa-9804a8d7871e@group-B3362EA21D26-LeaderElection29] INFO  impl.LeaderElection (LeaderElection.java:logAndReturn(56)) - 4fbc0a64-e4c7-4a69-94fa-9804a8d7871e@group-B3362EA21D26-LeaderElection29: Election REJECTED; received 2 response(s) [4fbc0a64-e4c7-4a69-94fa-9804a8d7871e<-6ce2c6a7-9144-4b9b-bff9-06be29014ddc#0:FAIL-t9, 4fbc0a64-e4c7-4a69-94fa-9804a8d7871e<-fd66befe-d3e0-4e51-a202-c759178c3599#0:FAIL-t9] and 0 exception(s); 4fbc0a64-e4c7-4a69-94fa-9804a8d7871e@group-B3362EA21D26:t9, leader=null, voted=4fbc0a64-e4c7-4a69-94fa-9804a8d7871e, raftlog=4fbc0a64-e4c7-4a69-94fa-9804a8d7871e@group-B3362EA21D26-SegmentedRaftLog:OPENED:c-1,f-1,i0, conf=-1: [4fbc0a64-e4c7-4a69-94fa-9804a8d7871e:192.168.164.239:39296, 6ce2c6a7-9144-4b9b-bff9-06be29014ddc:192.168.164.239:34720, fd66befe-d3e0-4e51-a202-c759178c3599:192.168.164.239:40732], old=null
2019-10-17 11:24:08,224 [fd66befe-d3e0-4e51-a202-c759178c3599@group-B3362EA21D26-LeaderElection31] INFO  impl.LeaderElection (LeaderElection.java:logAndReturn(56)) - fd66befe-d3e0-4e51-a202-c759178c3599@group-B3362EA21D26-LeaderElection31: Election REJECTED; received 2 response(s) [fd66befe-d3e0-4e51-a202-c759178c3599<-4fbc0a64-e4c7-4a69-94fa-9804a8d7871e#0:FAIL-t9, fd66befe-d3e0-4e51-a202-c759178c3599<-6ce2c6a7-9144-4b9b-bff9-06be29014ddc#0:FAIL-t9] and 0 exception(s); fd66befe-d3e0-4e51-a202-c759178c3599@group-B3362EA21D26:t9, leader=null, voted=fd66befe-d3e0-4e51-a202-c759178c3599, raftlog=fd66befe-d3e0-4e51-a202-c759178c3599@group-B3362EA21D26-SegmentedRaftLog:OPENED:c-1,f-1,i0, conf=-1: [4fbc0a64-e4c7-4a69-94fa-9804a8d7871e:192.168.164.239:39296, 6ce2c6a7-9144-4b9b-bff9-06be29014ddc:192.168.164.239:34720, fd66befe-d3e0-4e51-a202-c759178c3599:192.168.164.239:40732], old=null
2019-10-17 11:24:08,224 [4fbc0a64-e4c7-4a69-94fa-9804a8d7871e@group-B3362EA21D26-LeaderElection29] INFO  impl.RaftServerImpl (RaftServerImpl.java:setRole(170)) - 4fbc0a64-e4c7-4a69-94fa-9804a8d7871e@group-B3362EA21D26: changes role from CANDIDATE to FOLLOWER at term 9 for DISCOVERED_A_NEW_TERM
2019-10-17 11:24:08,227 [fd66befe-d3e0-4e51-a202-c759178c3599@group-B3362EA21D26-LeaderElection31] INFO  impl.RaftServerImpl (RaftServerImpl.java:setRole(170)) - fd66befe-d3e0-4e51-a202-c759178c3599@group-B3362EA21D26: changes role from CANDIDATE to FOLLOWER at term 9 for DISCOVERED_A_NEW_TERM
2019-10-17 11:24:08,228 [fd66befe-d3e0-4e51-a202-c759178c3599@group-B3362EA21D26-LeaderElection31] INFO  impl.RoleInfo (RoleInfo.java:shutdownLeaderElection(134)) - fd66befe-d3e0-4e51-a202-c759178c3599: shutdown LeaderElection
2019-10-17 11:24:08,227 [4fbc0a64-e4c7-4a69-94fa-9804a8d7871e@group-B3362EA21D26-LeaderElection29] INFO  impl.RoleInfo (RoleInfo.java:shutdownLeaderElection(134)) - 4fbc0a64-e4c7-4a69-94fa-9804a8d7871e: shutdown LeaderElection
2019-10-17 11:24:08,228 [fd66befe-d3e0-4e51-a202-c759178c3599@group-B3362EA21D26-LeaderElection31] INFO  impl.RoleInfo (RoleInfo.java:updateAndGet(143)) - fd66befe-d3e0-4e51-a202-c759178c3599: start FollowerState
2019-10-17 11:24:08,228 [4fbc0a64-e4c7-4a69-94fa-9804a8d7871e@group-B3362EA21D26-LeaderElection29] INFO  impl.RoleInfo (RoleInfo.java:updateAndGet(143)) - 4fbc0a64-e4c7-4a69-94fa-9804a8d7871e: start FollowerState
2019-10-17 11:24:08,228 [6ce2c6a7-9144-4b9b-bff9-06be29014ddc@group-B3362EA21D26-LeaderElection30] INFO  impl.LeaderElection (LeaderElection.java:logAndReturn(56)) - 6ce2c6a7-9144-4b9b-bff9-06be29014ddc@group-B3362EA21D26-LeaderElection30: Election REJECTED; received 2 response(s) [6ce2c6a7-9144-4b9b-bff9-06be29014ddc<-4fbc0a64-e4c7-4a69-94fa-9804a8d7871e#0:FAIL-t9, 6ce2c6a7-9144-4b9b-bff9-06be29014ddc<-fd66befe-d3e0-4e51-a202-c759178c3599#0:FAIL-t9] and 0 exception(s); 6ce2c6a7-9144-4b9b-bff9-06be29014ddc@group-B3362EA21D26:t9, leader=null, voted=6ce2c6a7-9144-4b9b-bff9-06be29014ddc, raftlog=6ce2c6a7-9144-4b9b-bff9-06be29014ddc@group-B3362EA21D26-SegmentedRaftLog:OPENED:c-1,f-1,i0, conf=-1: [4fbc0a64-e4c7-4a69-94fa-9804a8d7871e:192.168.164.239:39296, 6ce2c6a7-9144-4b9b-bff9-06be29014ddc:192.168.164.239:34720, fd66befe-d3e0-4e51-a202-c759178c3599:192.168.164.239:40732], old=null
2019-10-17 11:24:08,229 [6ce2c6a7-9144-4b9b-bff9-06be29014ddc@group-B3362EA21D26-LeaderElection30] INFO  impl.RaftServerImpl (RaftServerImpl.java:setRole(170)) - 6ce2c6a7-9144-4b9b-bff9-06be29014ddc@group-B3362EA21D26: changes role from CANDIDATE to FOLLOWER at term 9 for DISCOVERED_A_NEW_TERM
2019-10-17 11:24:08,229 [6ce2c6a7-9144-4b9b-bff9-06be29014ddc@group-B3362EA21D26-LeaderElection30] INFO  impl.RoleInfo (RoleInfo.java:shutdownLeaderElection(134)) - 6ce2c6a7-9144-4b9b-bff9-06be29014ddc: shutdown LeaderElection
2019-10-17 11:24:08,229 [6ce2c6a7-9144-4b9b-bff9-06be29014ddc@group-B3362EA21D26-LeaderElection30] INFO  impl.RoleInfo (RoleInfo.java:updateAndGet(143)) - 6ce2c6a7-9144-4b9b-bff9-06be29014ddc: start FollowerState
2019-10-17 11:24:13,310 [Thread-616] INFO  impl.FollowerState (FollowerState.java:run(108)) - fd66befe-d3e0-4e51-a202-c759178c3599@group-B3362EA21D26-FollowerState: change to CANDIDATE, lastRpcTime:5082ms, electionTimeout:5082ms
2019-10-17 11:24:13,312 [Thread-616] INFO  impl.RoleInfo (RoleInfo.java:shutdownFollowerState(121)) - fd66befe-d3e0-4e51-a202-c759178c3599: shutdown FollowerState
2019-10-17 11:24:13,312 [Thread-616] INFO  impl.RaftServerImpl (RaftServerImpl.java:setRole(170)) - fd66befe-d3e0-4e51-a202-c759178c3599@group-B3362EA21D26: changes role from  FOLLOWER to CANDIDATE at term 9 for changeToCandidate
2019-10-17 11:24:13,312 [Thread-616] INFO  impl.RoleInfo (RoleInfo.java:updateAndGet(143)) - fd66befe-d3e0-4e51-a202-c759178c3599: start LeaderElection
2019-10-17 11:24:13,328 [Thread-618] INFO  impl.FollowerState (FollowerState.java:run(108)) - 6ce2c6a7-9144-4b9b-bff9-06be29014ddc@group-B3362EA21D26-FollowerState: change to CANDIDATE, lastRpcTime:5099ms, electionTimeout:5099ms
2019-10-17 11:24:13,329 [Thread-618] INFO  impl.RoleInfo (RoleInfo.java:shutdownFollowerState(121)) - 6ce2c6a7-9144-4b9b-bff9-06be29014ddc: shutdown FollowerState
2019-10-17 11:24:13,329 [Thread-618] INFO  impl.RaftServerImpl (RaftServerImpl.java:setRole(170)) - 6ce2c6a7-9144-4b9b-bff9-06be29014ddc@group-B3362EA21D26: changes role from  FOLLOWER to CANDIDATE at term 9 for changeToCandidate
2019-10-17 11:24:13,329 [Thread-618] INFO  impl.RoleInfo (RoleInfo.java:updateAndGet(143)) - 6ce2c6a7-9144-4b9b-bff9-06be29014ddc: start LeaderElection
2019-10-17 11:24:13,376 [Thread-617] INFO  impl.FollowerState (FollowerState.java:run(108)) - 4fbc0a64-e4c7-4a69-94fa-9804a8d7871e@group-B3362EA21D26-FollowerState: change to CANDIDATE, lastRpcTime:5148ms, electionTimeout:5148ms
2019-10-17 11:24:13,377 [Thread-617] INFO  impl.RoleInfo (RoleInfo.java:shutdownFollowerState(121)) - 4fbc0a64-e4c7-4a69-94fa-9804a8d7871e: shutdown FollowerState
2019-10-17 11:24:13,377 [Thread-617] INFO  impl.RaftServerImpl (RaftServerImpl.java:setRole(170)) - 4fbc0a64-e4c7-4a69-94fa-9804a8d7871e@group-B3362EA21D26: changes role from  FOLLOWER to CANDIDATE at term 9 for changeToCandidate
2019-10-17 11:24:13,377 [Thread-617] INFO  impl.RoleInfo (RoleInfo.java:updateAndGet(143)) - 4fbc0a64-e4c7-4a69-94fa-9804a8d7871e: start LeaderElection
2019-10-17 11:24:20,422 [6ce2c6a7-9144-4b9b-bff9-06be29014ddc@group-B3362EA21D26-LeaderElection33] INFO  impl.LeaderElection (LeaderElection.java:askForVotes(178)) - 6ce2c6a7-9144-4b9b-bff9-06be29014ddc@group-B3362EA21D26-LeaderElection33: begin an election at term 10 for -1: [4fbc0a64-e4c7-4a69-94fa-9804a8d7871e:192.168.164.239:39296, 6ce2c6a7-9144-4b9b-bff9-06be29014ddc:192.168.164.239:34720, fd66befe-d3e0-4e51-a202-c759178c3599:192.168.164.239:40732], old=null
2019-10-17 11:24:20,422 [4fbc0a64-e4c7-4a69-94fa-9804a8d7871e@group-B3362EA21D26-LeaderElection34] INFO  impl.LeaderElection (LeaderElection.java:askForVotes(178)) - 4fbc0a64-e4c7-4a69-94fa-9804a8d7871e@group-B3362EA21D26-LeaderElection34: begin an election at term 10 for -1: [4fbc0a64-e4c7-4a69-94fa-9804a8d7871e:192.168.164.239:39296, 6ce2c6a7-9144-4b9b-bff9-06be29014ddc:192.168.164.239:34720, fd66befe-d3e0-4e51-a202-c759178c3599:192.168.164.239:40732], old=null
2019-10-17 11:24:20,422 [fd66befe-d3e0-4e51-a202-c759178c3599@group-B3362EA21D26-LeaderElection32] INFO  impl.LeaderElection (LeaderElection.java:askForVotes(178)) - fd66befe-d3e0-4e51-a202-c759178c3599@group-B3362EA21D26-LeaderElection32: begin an election at term 10 for -1: [4fbc0a64-e4c7-4a69-94fa-9804a8d7871e:192.168.164.239:39296, 6ce2c6a7-9144-4b9b-bff9-06be29014ddc:192.168.164.239:34720, fd66befe-d3e0-4e51-a202-c759178c3599:192.168.164.239:40732], old=null
2019-10-17 11:24:20,428 [6ce2c6a7-9144-4b9b-bff9-06be29014ddc@group-B3362EA21D26-LeaderElection33] INFO  impl.LeaderElection (LeaderElection.java:logAndReturn(56)) - 6ce2c6a7-9144-4b9b-bff9-06be29014ddc@group-B3362EA21D26-LeaderElection33: Election REJECTED; received 2 response(s) [6ce2c6a7-9144-4b9b-bff9-06be29014ddc<-4fbc0a64-e4c7-4a69-94fa-9804a8d7871e#0:FAIL-t10, 6ce2c6a7-9144-4b9b-bff9-06be29014ddc<-fd66befe-d3e0-4e51-a202-c759178c3599#0:FAIL-t10] and 0 exception(s); 6ce2c6a7-9144-4b9b-bff9-06be29014ddc@group-B3362EA21D26:t10, leader=null, voted=6ce2c6a7-9144-4b9b-bff9-06be29014ddc, raftlog=6ce2c6a7-9144-4b9b-bff9-06be29014ddc@group-B3362EA21D26-SegmentedRaftLog:OPENED:c-1,f-1,i0, conf=-1: [4fbc0a64-e4c7-4a69-94fa-9804a8d7871e:192.168.164.239:39296, 6ce2c6a7-9144-4b9b-bff9-06be29014ddc:192.168.164.239:34720, fd66befe-d3e0-4e51-a202-c759178c3599:192.168.164.239:40732], old=null
2019-10-17 11:24:20,428 [6ce2c6a7-9144-4b9b-bff9-06be29014ddc@group-B3362EA21D26-LeaderElection33] INFO  impl.RaftServerImpl (RaftServerImpl.java:setRole(170)) - 6ce2c6a7-9144-4b9b-bff9-06be29014ddc@group-B3362EA21D26: changes role from CANDIDATE to FOLLOWER at term 10 for DISCOVERED_A_NEW_TERM
2019-10-17 11:24:20,429 [6ce2c6a7-9144-4b9b-bff9-06be29014ddc@group-B3362EA21D26-LeaderElection33] INFO  impl.RoleInfo (RoleInfo.java:shutdownLeaderElection(134)) - 6ce2c6a7-9144-4b9b-bff9-06be29014ddc: shutdown LeaderElection
2019-10-17 11:24:20,429 [6ce2c6a7-9144-4b9b-bff9-06be29014ddc@group-B3362EA21D26-LeaderElection33] INFO  impl.RoleInfo (RoleInfo.java:updateAndGet(143)) - 6ce2c6a7-9144-4b9b-bff9-06be29014ddc: start FollowerState
2019-10-17 11:24:20,429 [fd66befe-d3e0-4e51-a202-c759178c3599@group-B3362EA21D26-LeaderElection32] INFO  impl.LeaderElection (LeaderElection.java:logAndReturn(56)) - fd66befe-d3e0-4e51-a202-c759178c3599@group-B3362EA21D26-LeaderElection32: Election REJECTED; received 2 response(s) [fd66befe-d3e0-4e51-a202-c759178c3599<-4fbc0a64-e4c7-4a69-94fa-9804a8d7871e#0:FAIL-t10, fd66befe-d3e0-4e51-a202-c759178c3599<-6ce2c6a7-9144-4b9b-bff9-06be29014ddc#0:FAIL-t10] and 0 exception(s); fd66befe-d3e0-4e51-a202-c759178c3599@group-B3362EA21D26:t10, leader=null, voted=fd66befe-d3e0-4e51-a202-c759178c3599, raftlog=fd66befe-d3e0-4e51-a202-c759178c3599@group-B3362EA21D26-SegmentedRaftLog:OPENED:c-1,f-1,i0, conf=-1: [4fbc0a64-e4c7-4a69-94fa-9804a8d7871e:192.168.164.239:39296, 6ce2c6a7-9144-4b9b-bff9-06be29014ddc:192.168.164.239:34720, fd66befe-d3e0-4e51-a202-c759178c3599:192.168.164.239:40732], old=null
2019-10-17 11:24:20,430 [fd66befe-d3e0-4e51-a202-c759178c3599@group-B3362EA21D26-LeaderElection32] INFO  impl.RaftServerImpl (RaftServerImpl.java:setRole(170)) - fd66befe-d3e0-4e51-a202-c759178c3599@group-B3362EA21D26: changes role from CANDIDATE to FOLLOWER at term 10 for DISCOVERED_A_NEW_TERM
2019-10-17 11:24:20,430 [fd66befe-d3e0-4e51-a202-c759178c3599@group-B3362EA21D26-LeaderElection32] INFO  impl.RoleInfo (RoleInfo.java:shutdownLeaderElection(134)) - fd66befe-d3e0-4e51-a202-c759178c3599: shutdown LeaderElection
2019-10-17 11:24:20,430 [fd66befe-d3e0-4e51-a202-c759178c3599@group-B3362EA21D26-LeaderElection32] INFO  impl.RoleInfo (RoleInfo.java:updateAndGet(143)) - fd66befe-d3e0-4e51-a202-c759178c3599: start FollowerState
2019-10-17 11:24:20,431 [4fbc0a64-e4c7-4a69-94fa-9804a8d7871e@group-B3362EA21D26-LeaderElection34] INFO  impl.LeaderElection (LeaderElection.java:logAndReturn(56)) - 4fbc0a64-e4c7-4a69-94fa-9804a8d7871e@group-B3362EA21D26-LeaderElection34: Election REJECTED; received 2 response(s) [4fbc0a64-e4c7-4a69-94fa-9804a8d7871e<-6ce2c6a7-9144-4b9b-bff9-06be29014ddc#0:FAIL-t10, 4fbc0a64-e4c7-4a69-94fa-9804a8d7871e<-fd66befe-d3e0-4e51-a202-c759178c3599#0:FAIL-t10] and 0 exception(s); 4fbc0a64-e4c7-4a69-94fa-9804a8d7871e@group-B3362EA21D26:t10, leader=null, voted=4fbc0a64-e4c7-4a69-94fa-9804a8d7871e, raftlog=4fbc0a64-e4c7-4a69-94fa-9804a8d7871e@group-B3362EA21D26-SegmentedRaftLog:OPENED:c-1,f-1,i0, conf=-1: [4fbc0a64-e4c7-4a69-94fa-9804a8d7871e:192.168.164.239:39296, 6ce2c6a7-9144-4b9b-bff9-06be29014ddc:192.168.164.239:34720, fd66befe-d3e0-4e51-a202-c759178c3599:192.168.164.239:40732], old=null
2019-10-17 11:24:20,432 [4fbc0a64-e4c7-4a69-94fa-9804a8d7871e@group-B3362EA21D26-LeaderElection34] INFO  impl.RaftServerImpl (RaftServerImpl.java:setRole(170)) - 4fbc0a64-e4c7-4a69-94fa-9804a8d7871e@group-B3362EA21D26: changes role from CANDIDATE to FOLLOWER at term 10 for DISCOVERED_A_NEW_TERM
2019-10-17 11:24:20,432 [4fbc0a64-e4c7-4a69-94fa-9804a8d7871e@group-B3362EA21D26-LeaderElection34] INFO  impl.RoleInfo (RoleInfo.java:shutdownLeaderElection(134)) - 4fbc0a64-e4c7-4a69-94fa-9804a8d7871e: shutdown LeaderElection
2019-10-17 11:24:20,432 [4fbc0a64-e4c7-4a69-94fa-9804a8d7871e@group-B3362EA21D26-LeaderElection34] INFO  impl.RoleInfo (RoleInfo.java:updateAndGet(143)) - 4fbc0a64-e4c7-4a69-94fa-9804a8d7871e: start FollowerState
2019-10-17 11:24:25,555 [Thread-663] INFO  impl.FollowerState (FollowerState.java:run(108)) - fd66befe-d3e0-4e51-a202-c759178c3599@group-B3362EA21D26-FollowerState: change to CANDIDATE, lastRpcTime:5124ms, electionTimeout:5124ms
2019-10-17 11:24:25,557 [Thread-663] INFO  impl.RoleInfo (RoleInfo.java:shutdownFollowerState(121)) - fd66befe-d3e0-4e51-a202-c759178c3599: shutdown FollowerState
2019-10-17 11:24:25,557 [Thread-663] INFO  impl.RaftServerImpl (RaftServerImpl.java:setRole(170)) - fd66befe-d3e0-4e51-a202-c759178c3599@group-B3362EA21D26: changes role from  FOLLOWER to CANDIDATE at term 10 for changeToCandidate
2019-10-17 11:24:25,558 [Thread-663] INFO  impl.RoleInfo (RoleInfo.java:updateAndGet(143)) - fd66befe-d3e0-4e51-a202-c759178c3599: start LeaderElection
2019-10-17 11:24:25,610 [Thread-664] INFO  impl.FollowerState (FollowerState.java:run(108)) - 4fbc0a64-e4c7-4a69-94fa-9804a8d7871e@group-B3362EA21D26-FollowerState: change to CANDIDATE, lastRpcTime:5178ms, electionTimeout:5178ms
2019-10-17 11:24:25,610 [Thread-664] INFO  impl.RoleInfo (RoleInfo.java:shutdownFollowerState(121)) - 4fbc0a64-e4c7-4a69-94fa-9804a8d7871e: shutdown FollowerState
2019-10-17 11:24:25,611 [Thread-664] INFO  impl.RaftServerImpl (RaftServerImpl.java:setRole(170)) - 4fbc0a64-e4c7-4a69-94fa-9804a8d7871e@group-B3362EA21D26: changes role from  FOLLOWER to CANDIDATE at term 10 for changeToCandidate
2019-10-17 11:24:25,611 [Thread-664] INFO  impl.RoleInfo (RoleInfo.java:updateAndGet(143)) - 4fbc0a64-e4c7-4a69-94fa-9804a8d7871e: start LeaderElection
2019-10-17 11:24:25,613 [Thread-662] INFO  impl.FollowerState (FollowerState.java:run(108)) - 6ce2c6a7-9144-4b9b-bff9-06be29014ddc@group-B3362EA21D26-FollowerState: change to CANDIDATE, lastRpcTime:5184ms, electionTimeout:5183ms
2019-10-17 11:24:25,613 [Thread-662] INFO  impl.RoleInfo (RoleInfo.java:shutdownFollowerState(121)) - 6ce2c6a7-9144-4b9b-bff9-06be29014ddc: shutdown FollowerState
2019-10-17 11:24:25,614 [Thread-662] INFO  impl.RaftServerImpl (RaftServerImpl.java:setRole(170)) - 6ce2c6a7-9144-4b9b-bff9-06be29014ddc@group-B3362EA21D26: changes role from  FOLLOWER to CANDIDATE at term 10 for changeToCandidate
2019-10-17 11:24:25,614 [Thread-662] INFO  impl.RoleInfo (RoleInfo.java:updateAndGet(143)) - 6ce2c6a7-9144-4b9b-bff9-06be29014ddc: start LeaderElection
2019-10-17 11:24:32,933 [4fbc0a64-e4c7-4a69-94fa-9804a8d7871e@group-B3362EA21D26-LeaderElection36] INFO  impl.LeaderElection (LeaderElection.java:askForVotes(178)) - 4fbc0a64-e4c7-4a69-94fa-9804a8d7871e@group-B3362EA21D26-LeaderElection36: begin an election at term 11 for -1: [4fbc0a64-e4c7-4a69-94fa-9804a8d7871e:192.168.164.239:39296, 6ce2c6a7-9144-4b9b-bff9-06be29014ddc:192.168.164.239:34720, fd66befe-d3e0-4e51-a202-c759178c3599:192.168.164.239:40732], old=null
2019-10-17 11:24:32,934 [6ce2c6a7-9144-4b9b-bff9-06be29014ddc@group-B3362EA21D26-LeaderElection37] INFO  impl.LeaderElection (LeaderElection.java:askForVotes(178)) - 6ce2c6a7-9144-4b9b-bff9-06be29014ddc@group-B3362EA21D26-LeaderElection37: begin an election at term 11 for -1: [4fbc0a64-e4c7-4a69-94fa-9804a8d7871e:192.168.164.239:39296, 6ce2c6a7-9144-4b9b-bff9-06be29014ddc:192.168.164.239:34720, fd66befe-d3e0-4e51-a202-c759178c3599:192.168.164.239:40732], old=null
2019-10-17 11:24:32,933 [fd66befe-d3e0-4e51-a202-c759178c3599@group-B3362EA21D26-LeaderElection35] INFO  impl.LeaderElection (LeaderElection.java:askForVotes(178)) - fd66befe-d3e0-4e51-a202-c759178c3599@group-B3362EA21D26-LeaderElection35: begin an election at term 11 for -1: [4fbc0a64-e4c7-4a69-94fa-9804a8d7871e:192.168.164.239:39296, 6ce2c6a7-9144-4b9b-bff9-06be29014ddc:192.168.164.239:34720, fd66befe-d3e0-4e51-a202-c759178c3599:192.168.164.239:40732], old=null
2019-10-17 11:24:32,938 [4fbc0a64-e4c7-4a69-94fa-9804a8d7871e@group-B3362EA21D26-LeaderElection36] INFO  impl.LeaderElection (LeaderElection.java:logAndReturn(56)) - 4fbc0a64-e4c7-4a69-94fa-9804a8d7871e@group-B3362EA21D26-LeaderElection36: Election REJECTED; received 2 response(s) [4fbc0a64-e4c7-4a69-94fa-9804a8d7871e<-6ce2c6a7-9144-4b9b-bff9-06be29014ddc#0:FAIL-t11, 4fbc0a64-e4c7-4a69-94fa-9804a8d7871e<-fd66befe-d3e0-4e51-a202-c759178c3599#0:FAIL-t11] and 0 exception(s); 4fbc0a64-e4c7-4a69-94fa-9804a8d7871e@group-B3362EA21D26:t11, leader=null, voted=4fbc0a64-e4c7-4a69-94fa-9804a8d7871e, raftlog=4fbc0a64-e4c7-4a69-94fa-9804a8d7871e@group-B3362EA21D26-SegmentedRaftLog:OPENED:c-1,f-1,i0, conf=-1: [4fbc0a64-e4c7-4a69-94fa-9804a8d7871e:192.168.164.239:39296, 6ce2c6a7-9144-4b9b-bff9-06be29014ddc:192.168.164.239:34720, fd66befe-d3e0-4e51-a202-c759178c3599:192.168.164.239:40732], old=null
2019-10-17 11:24:32,938 [4fbc0a64-e4c7-4a69-94fa-9804a8d7871e@group-B3362EA21D26-LeaderElection36] INFO  impl.RaftServerImpl (RaftServerImpl.java:setRole(170)) - 4fbc0a64-e4c7-4a69-94fa-9804a8d7871e@group-B3362EA21D26: changes role from CANDIDATE to FOLLOWER at term 11 for DISCOVERED_A_NEW_TERM
2019-10-17 11:24:32,939 [4fbc0a64-e4c7-4a69-94fa-9804a8d7871e@group-B3362EA21D26-LeaderElection36] INFO  impl.RoleInfo (RoleInfo.java:shutdownLeaderElection(134)) - 4fbc0a64-e4c7-4a69-94fa-9804a8d7871e: shutdown LeaderElection
2019-10-17 11:24:32,939 [4fbc0a64-e4c7-4a69-94fa-9804a8d7871e@group-B3362EA21D26-LeaderElection36] INFO  impl.RoleInfo (RoleInfo.java:updateAndGet(143)) - 4fbc0a64-e4c7-4a69-94fa-9804a8d7871e: start FollowerState
2019-10-17 11:24:32,939 [fd66befe-d3e0-4e51-a202-c759178c3599@group-B3362EA21D26-LeaderElection35] INFO  impl.LeaderElection (LeaderElection.java:logAndReturn(56)) - fd66befe-d3e0-4e51-a202-c759178c3599@group-B3362EA21D26-LeaderElection35: Election REJECTED; received 2 response(s) [fd66befe-d3e0-4e51-a202-c759178c3599<-4fbc0a64-e4c7-4a69-94fa-9804a8d7871e#0:FAIL-t11, fd66befe-d3e0-4e51-a202-c759178c3599<-6ce2c6a7-9144-4b9b-bff9-06be29014ddc#0:FAIL-t11] and 0 exception(s); fd66befe-d3e0-4e51-a202-c759178c3599@group-B3362EA21D26:t11, leader=null, voted=fd66befe-d3e0-4e51-a202-c759178c3599, raftlog=fd66befe-d3e0-4e51-a202-c759178c3599@group-B3362EA21D26-SegmentedRaftLog:OPENED:c-1,f-1,i0, conf=-1: [4fbc0a64-e4c7-4a69-94fa-9804a8d7871e:192.168.164.239:39296, 6ce2c6a7-9144-4b9b-bff9-06be29014ddc:192.168.164.239:34720, fd66befe-d3e0-4e51-a202-c759178c3599:192.168.164.239:40732], old=null
2019-10-17 11:24:32,939 [6ce2c6a7-9144-4b9b-bff9-06be29014ddc@group-B3362EA21D26-LeaderElection37] INFO  impl.LeaderElection (LeaderElection.java:logAndReturn(56)) - 6ce2c6a7-9144-4b9b-bff9-06be29014ddc@group-B3362EA21D26-LeaderElection37: Election REJECTED; received 2 response(s) [6ce2c6a7-9144-4b9b-bff9-06be29014ddc<-4fbc0a64-e4c7-4a69-94fa-9804a8d7871e#0:FAIL-t11, 6ce2c6a7-9144-4b9b-bff9-06be29014ddc<-fd66befe-d3e0-4e51-a202-c759178c3599#0:FAIL-t11] and 0 exception(s); 6ce2c6a7-9144-4b9b-bff9-06be29014ddc@group-B3362EA21D26:t11, leader=null, voted=6ce2c6a7-9144-4b9b-bff9-06be29014ddc, raftlog=6ce2c6a7-9144-4b9b-bff9-06be29014ddc@group-B3362EA21D26-SegmentedRaftLog:OPENED:c-1,f-1,i0, conf=-1: [4fbc0a64-e4c7-4a69-94fa-9804a8d7871e:192.168.164.239:39296, 6ce2c6a7-9144-4b9b-bff9-06be29014ddc:192.168.164.239:34720, fd66befe-d3e0-4e51-a202-c759178c3599:192.168.164.239:40732], old=null
2019-10-17 11:24:32,940 [fd66befe-d3e0-4e51-a202-c759178c3599@group-B3362EA21D26-LeaderElection35] INFO  impl.RaftServerImpl (RaftServerImpl.java:setRole(170)) - fd66befe-d3e0-4e51-a202-c759178c3599@group-B3362EA21D26: changes role from CANDIDATE to FOLLOWER at term 11 for DISCOVERED_A_NEW_TERM
2019-10-17 11:24:32,941 [6ce2c6a7-9144-4b9b-bff9-06be29014ddc@group-B3362EA21D26-LeaderElection37] INFO  impl.RaftServerImpl (RaftServerImpl.java:setRole(170)) - 6ce2c6a7-9144-4b9b-bff9-06be29014ddc@group-B3362EA21D26: changes role from CANDIDATE to FOLLOWER at term 11 for DISCOVERED_A_NEW_TERM
2019-10-17 11:24:32,941 [fd66befe-d3e0-4e51-a202-c759178c3599@group-B3362EA21D26-LeaderElection35] INFO  impl.RoleInfo (RoleInfo.java:shutdownLeaderElection(134)) - fd66befe-d3e0-4e51-a202-c759178c3599: shutdown LeaderElection
2019-10-17 11:24:32,942 [6ce2c6a7-9144-4b9b-bff9-06be29014ddc@group-B3362EA21D26-LeaderElection37] INFO  impl.RoleInfo (RoleInfo.java:shutdownLeaderElection(134)) - 6ce2c6a7-9144-4b9b-bff9-06be29014ddc: shutdown LeaderElection
2019-10-17 11:24:32,942 [fd66befe-d3e0-4e51-a202-c759178c3599@group-B3362EA21D26-LeaderElection35] INFO  impl.RoleInfo (RoleInfo.java:updateAndGet(143)) - fd66befe-d3e0-4e51-a202-c759178c3599: start FollowerState
2019-10-17 11:24:32,942 [6ce2c6a7-9144-4b9b-bff9-06be29014ddc@group-B3362EA21D26-LeaderElection37] INFO  impl.RoleInfo (RoleInfo.java:updateAndGet(143)) - 6ce2c6a7-9144-4b9b-bff9-06be29014ddc: start FollowerState
2019-10-17 11:24:37,979 [Thread-712] INFO  impl.FollowerState (FollowerState.java:run(108)) - fd66befe-d3e0-4e51-a202-c759178c3599@group-B3362EA21D26-FollowerState: change to CANDIDATE, lastRpcTime:5036ms, electionTimeout:5036ms
2019-10-17 11:24:37,980 [Thread-712] INFO  impl.RoleInfo (RoleInfo.java:shutdownFollowerState(121)) - fd66befe-d3e0-4e51-a202-c759178c3599: shutdown FollowerState
2019-10-17 11:24:37,980 [Thread-712] INFO  impl.RaftServerImpl (RaftServerImpl.java:setRole(170)) - fd66befe-d3e0-4e51-a202-c759178c3599@group-B3362EA21D26: changes role from  FOLLOWER to CANDIDATE at term 11 for changeToCandidate
2019-10-17 11:24:38,005 [Thread-712] ERROR ratis.XceiverServerRatis (XceiverServerRatis.java:triggerPipelineClose(582)) - pipeline Action CLOSE  on pipeline PipelineID=38f89504-bce2-46cc-a5df-b3362ea21d26.Reason : fd66befe-d3e0-4e51-a202-c759178c3599 is in candidate state for 131258ms
2019-10-17 11:24:38,006 [Thread-712] INFO  impl.RoleInfo (RoleInfo.java:updateAndGet(143)) - fd66befe-d3e0-4e51-a202-c759178c3599: start LeaderElection
2019-10-17 11:24:38,046 [Thread-713] INFO  impl.FollowerState (FollowerState.java:run(108)) - 6ce2c6a7-9144-4b9b-bff9-06be29014ddc@group-B3362EA21D26-FollowerState: change to CANDIDATE, lastRpcTime:5103ms, electionTimeout:5103ms
2019-10-17 11:24:38,046 [Thread-713] INFO  impl.RoleInfo (RoleInfo.java:shutdownFollowerState(121)) - 6ce2c6a7-9144-4b9b-bff9-06be29014ddc: shutdown FollowerState
2019-10-17 11:24:38,046 [Thread-713] INFO  impl.RaftServerImpl (RaftServerImpl.java:setRole(170)) - 6ce2c6a7-9144-4b9b-bff9-06be29014ddc@group-B3362EA21D26: changes role from  FOLLOWER to CANDIDATE at term 11 for changeToCandidate
2019-10-17 11:24:38,048 [Thread-713] ERROR ratis.XceiverServerRatis (XceiverServerRatis.java:triggerPipelineClose(582)) - pipeline Action CLOSE  on pipeline PipelineID=38f89504-bce2-46cc-a5df-b3362ea21d26.Reason : 6ce2c6a7-9144-4b9b-bff9-06be29014ddc is in candidate state for 131310ms
2019-10-17 11:24:38,048 [Thread-713] INFO  impl.RoleInfo (RoleInfo.java:updateAndGet(143)) - 6ce2c6a7-9144-4b9b-bff9-06be29014ddc: start LeaderElection
2019-10-17 11:24:38,065 [Thread-711] INFO  impl.FollowerState (FollowerState.java:run(108)) - 4fbc0a64-e4c7-4a69-94fa-9804a8d7871e@group-B3362EA21D26-FollowerState: change to CANDIDATE, lastRpcTime:5126ms, electionTimeout:5125ms
2019-10-17 11:24:38,065 [Thread-711] INFO  impl.RoleInfo (RoleInfo.java:shutdownFollowerState(121)) - 4fbc0a64-e4c7-4a69-94fa-9804a8d7871e: shutdown FollowerState
2019-10-17 11:24:38,066 [Thread-711] INFO  impl.RaftServerImpl (RaftServerImpl.java:setRole(170)) - 4fbc0a64-e4c7-4a69-94fa-9804a8d7871e@group-B3362EA21D26: changes role from  FOLLOWER to CANDIDATE at term 11 for changeToCandidate
2019-10-17 11:24:38,067 [Thread-711] ERROR ratis.XceiverServerRatis (XceiverServerRatis.java:triggerPipelineClose(582)) - pipeline Action CLOSE  on pipeline PipelineID=38f89504-bce2-46cc-a5df-b3362ea21d26.Reason : 4fbc0a64-e4c7-4a69-94fa-9804a8d7871e is in candidate state for 131330ms
2019-10-17 11:24:38,067 [Thread-711] INFO  impl.RoleInfo (RoleInfo.java:updateAndGet(143)) - 4fbc0a64-e4c7-4a69-94fa-9804a8d7871e: start LeaderElection
2019-10-17 11:24:38,750 [EventQueue-PipelineActionsForPipelineActionHandler] ERROR pipeline.PipelineActionHandler (PipelineActionHandler.java:onMessage(60)) - Received pipeline action CLOSE for Pipeline[ Id: 38f89504-bce2-46cc-a5df-b3362ea21d26, Nodes: fd66befe-d3e0-4e51-a202-c759178c3599{ip: 192.168.164.239, host: pr-hdds-1569-jxtqp-958769943, networkLocation: /default-rack, certSerialId: null}4fbc0a64-e4c7-4a69-94fa-9804a8d7871e{ip: 192.168.164.239, host: pr-hdds-1569-jxtqp-958769943, networkLocation: /default-rack, certSerialId: null}6ce2c6a7-9144-4b9b-bff9-06be29014ddc{ip: 192.168.164.239, host: pr-hdds-1569-jxtqp-958769943, networkLocation: /default-rack, certSerialId: null}, Type:RATIS, Factor:THREE, State:OPEN] from datanode 4fbc0a64-e4c7-4a69-94fa-9804a8d7871e{ip: 192.168.164.239, host: pr-hdds-1569-jxtqp-958769943, networkLocation: /default-rack, certSerialId: null}. Reason : 4fbc0a64-e4c7-4a69-94fa-9804a8d7871e is in candidate state for 131330ms
2019-10-17 11:24:38,751 [EventQueue-PipelineActionsForPipelineActionHandler] INFO  pipeline.SCMPipelineManager (SCMPipelineManager.java:finalizeAndDestroyPipeline(343)) - destroying pipeline:Pipeline[ Id: 38f89504-bce2-46cc-a5df-b3362ea21d26, Nodes: fd66befe-d3e0-4e51-a202-c759178c3599{ip: 192.168.164.239, host: pr-hdds-1569-jxtqp-958769943, networkLocation: /default-rack, certSerialId: null}4fbc0a64-e4c7-4a69-94fa-9804a8d7871e{ip: 192.168.164.239, host: pr-hdds-1569-jxtqp-958769943, networkLocation: /default-rack, certSerialId: null}6ce2c6a7-9144-4b9b-bff9-06be29014ddc{ip: 192.168.164.239, host: pr-hdds-1569-jxtqp-958769943, networkLocation: /default-rack, certSerialId: null}, Type:RATIS, Factor:THREE, State:OPEN]
2019-10-17 11:24:38,752 [EventQueue-PipelineActionsForPipelineActionHandler] INFO  pipeline.PipelineStateManager (PipelineStateManager.java:finalizePipeline(123)) - Pipeline Pipeline[ Id: 38f89504-bce2-46cc-a5df-b3362ea21d26, Nodes: fd66befe-d3e0-4e51-a202-c759178c3599{ip: 192.168.164.239, host: pr-hdds-1569-jxtqp-958769943, networkLocation: /default-rack, certSerialId: null}4fbc0a64-e4c7-4a69-94fa-9804a8d7871e{ip: 192.168.164.239, host: pr-hdds-1569-jxtqp-958769943, networkLocation: /default-rack, certSerialId: null}6ce2c6a7-9144-4b9b-bff9-06be29014ddc{ip: 192.168.164.239, host: pr-hdds-1569-jxtqp-958769943, networkLocation: /default-rack, certSerialId: null}, Type:RATIS, Factor:THREE, State:CLOSED] moved to CLOSED state
2019-10-17 11:24:38,755 [EventQueue-CloseContainerForCloseContainerEventHandler] INFO  container.CloseContainerEventHandler (CloseContainerEventHandler.java:onMessage(61)) - Close container Event triggered for container : #1
2019-10-17 11:24:38,838 [EventQueue-PipelineActionsForPipelineActionHandler] ERROR pipeline.PipelineActionHandler (PipelineActionHandler.java:onMessage(60)) - Received pipeline action CLOSE for Pipeline[ Id: 38f89504-bce2-46cc-a5df-b3362ea21d26, Nodes: fd66befe-d3e0-4e51-a202-c759178c3599{ip: 192.168.164.239, host: pr-hdds-1569-jxtqp-958769943, networkLocation: /default-rack, certSerialId: null}4fbc0a64-e4c7-4a69-94fa-9804a8d7871e{ip: 192.168.164.239, host: pr-hdds-1569-jxtqp-958769943, networkLocation: /default-rack, certSerialId: null}6ce2c6a7-9144-4b9b-bff9-06be29014ddc{ip: 192.168.164.239, host: pr-hdds-1569-jxtqp-958769943, networkLocation: /default-rack, certSerialId: null}, Type:RATIS, Factor:THREE, State:CLOSED] from datanode fd66befe-d3e0-4e51-a202-c759178c3599{ip: 192.168.164.239, host: pr-hdds-1569-jxtqp-958769943, networkLocation: /default-rack, certSerialId: null}. Reason : fd66befe-d3e0-4e51-a202-c759178c3599 is in candidate state for 131258ms
2019-10-17 11:24:38,839 [EventQueue-PipelineActionsForPipelineActionHandler] INFO  pipeline.SCMPipelineManager (SCMPipelineManager.java:finalizeAndDestroyPipeline(343)) - destroying pipeline:Pipeline[ Id: 38f89504-bce2-46cc-a5df-b3362ea21d26, Nodes: fd66befe-d3e0-4e51-a202-c759178c3599{ip: 192.168.164.239, host: pr-hdds-1569-jxtqp-958769943, networkLocation: /default-rack, certSerialId: null}4fbc0a64-e4c7-4a69-94fa-9804a8d7871e{ip: 192.168.164.239, host: pr-hdds-1569-jxtqp-958769943, networkLocation: /default-rack, certSerialId: null}6ce2c6a7-9144-4b9b-bff9-06be29014ddc{ip: 192.168.164.239, host: pr-hdds-1569-jxtqp-958769943, networkLocation: /default-rack, certSerialId: null}, Type:RATIS, Factor:THREE, State:CLOSED]
2019-10-17 11:24:38,942 [EventQueue-PipelineActionsForPipelineActionHandler] ERROR pipeline.PipelineActionHandler (PipelineActionHandler.java:onMessage(60)) - Received pipeline action CLOSE for Pipeline[ Id: 38f89504-bce2-46cc-a5df-b3362ea21d26, Nodes: fd66befe-d3e0-4e51-a202-c759178c3599{ip: 192.168.164.239, host: pr-hdds-1569-jxtqp-958769943, networkLocation: /default-rack, certSerialId: null}4fbc0a64-e4c7-4a69-94fa-9804a8d7871e{ip: 192.168.164.239, host: pr-hdds-1569-jxtqp-958769943, networkLocation: /default-rack, certSerialId: null}6ce2c6a7-9144-4b9b-bff9-06be29014ddc{ip: 192.168.164.239, host: pr-hdds-1569-jxtqp-958769943, networkLocation: /default-rack, certSerialId: null}, Type:RATIS, Factor:THREE, State:CLOSED] from datanode 6ce2c6a7-9144-4b9b-bff9-06be29014ddc{ip: 192.168.164.239, host: pr-hdds-1569-jxtqp-958769943, networkLocation: /default-rack, certSerialId: null}. Reason : 6ce2c6a7-9144-4b9b-bff9-06be29014ddc is in candidate state for 131310ms
2019-10-17 11:24:38,942 [EventQueue-PipelineActionsForPipelineActionHandler] INFO  pipeline.SCMPipelineManager (SCMPipelineManager.java:finalizeAndDestroyPipeline(343)) - destroying pipeline:Pipeline[ Id: 38f89504-bce2-46cc-a5df-b3362ea21d26, Nodes: fd66befe-d3e0-4e51-a202-c759178c3599{ip: 192.168.164.239, host: pr-hdds-1569-jxtqp-958769943, networkLocation: /default-rack, certSerialId: null}4fbc0a64-e4c7-4a69-94fa-9804a8d7871e{ip: 192.168.164.239, host: pr-hdds-1569-jxtqp-958769943, networkLocation: /default-rack, certSerialId: null}6ce2c6a7-9144-4b9b-bff9-06be29014ddc{ip: 192.168.164.239, host: pr-hdds-1569-jxtqp-958769943, networkLocation: /default-rack, certSerialId: null}, Type:RATIS, Factor:THREE, State:CLOSED]
2019-10-17 11:24:45,128 [6ce2c6a7-9144-4b9b-bff9-06be29014ddc@group-B3362EA21D26-LeaderElection39] INFO  impl.LeaderElection (LeaderElection.java:askForVotes(178)) - 6ce2c6a7-9144-4b9b-bff9-06be29014ddc@group-B3362EA21D26-LeaderElection39: begin an election at term 12 for -1: [4fbc0a64-e4c7-4a69-94fa-9804a8d7871e:192.168.164.239:39296, 6ce2c6a7-9144-4b9b-bff9-06be29014ddc:192.168.164.239:34720, fd66befe-d3e0-4e51-a202-c759178c3599:192.168.164.239:40732], old=null
2019-10-17 11:24:45,128 [fd66befe-d3e0-4e51-a202-c759178c3599@group-B3362EA21D26-LeaderElection38] INFO  impl.LeaderElection (LeaderElection.java:askForVotes(178)) - fd66befe-d3e0-4e51-a202-c759178c3599@group-B3362EA21D26-LeaderElection38: begin an election at term 12 for -1: [4fbc0a64-e4c7-4a69-94fa-9804a8d7871e:192.168.164.239:39296, 6ce2c6a7-9144-4b9b-bff9-06be29014ddc:192.168.164.239:34720, fd66befe-d3e0-4e51-a202-c759178c3599:192.168.164.239:40732], old=null
2019-10-17 11:24:45,128 [4fbc0a64-e4c7-4a69-94fa-9804a8d7871e@group-B3362EA21D26-LeaderElection40] INFO  impl.LeaderElection (LeaderElection.java:askForVotes(178)) - 4fbc0a64-e4c7-4a69-94fa-9804a8d7871e@group-B3362EA21D26-LeaderElection40: begin an election at term 12 for -1: [4fbc0a64-e4c7-4a69-94fa-9804a8d7871e:192.168.164.239:39296, 6ce2c6a7-9144-4b9b-bff9-06be29014ddc:192.168.164.239:34720, fd66befe-d3e0-4e51-a202-c759178c3599:192.168.164.239:40732], old=null
2019-10-17 11:24:45,134 [4fbc0a64-e4c7-4a69-94fa-9804a8d7871e@group-B3362EA21D26-LeaderElection40] INFO  impl.LeaderElection (LeaderElection.java:logAndReturn(56)) - 4fbc0a64-e4c7-4a69-94fa-9804a8d7871e@group-B3362EA21D26-LeaderElection40: Election REJECTED; received 2 response(s) [4fbc0a64-e4c7-4a69-94fa-9804a8d7871e<-6ce2c6a7-9144-4b9b-bff9-06be29014ddc#0:FAIL-t12, 4fbc0a64-e4c7-4a69-94fa-9804a8d7871e<-fd66befe-d3e0-4e51-a202-c759178c3599#0:FAIL-t12] and 0 exception(s); 4fbc0a64-e4c7-4a69-94fa-9804a8d7871e@group-B3362EA21D26:t12, leader=null, voted=4fbc0a64-e4c7-4a69-94fa-9804a8d7871e, raftlog=4fbc0a64-e4c7-4a69-94fa-9804a8d7871e@group-B3362EA21D26-SegmentedRaftLog:OPENED:c-1,f-1,i0, conf=-1: [4fbc0a64-e4c7-4a69-94fa-9804a8d7871e:192.168.164.239:39296, 6ce2c6a7-9144-4b9b-bff9-06be29014ddc:192.168.164.239:34720, fd66befe-d3e0-4e51-a202-c759178c3599:192.168.164.239:40732], old=null
2019-10-17 11:24:45,134 [4fbc0a64-e4c7-4a69-94fa-9804a8d7871e@group-B3362EA21D26-LeaderElection40] INFO  impl.RaftServerImpl (RaftServerImpl.java:setRole(170)) - 4fbc0a64-e4c7-4a69-94fa-9804a8d7871e@group-B3362EA21D26: changes role from CANDIDATE to FOLLOWER at term 12 for DISCOVERED_A_NEW_TERM
2019-10-17 11:24:45,134 [4fbc0a64-e4c7-4a69-94fa-9804a8d7871e@group-B3362EA21D26-LeaderElection40] INFO  impl.RoleInfo (RoleInfo.java:shutdownLeaderElection(134)) - 4fbc0a64-e4c7-4a69-94fa-9804a8d7871e: shutdown LeaderElection
2019-10-17 11:24:45,135 [fd66befe-d3e0-4e51-a202-c759178c3599@group-B3362EA21D26-LeaderElection38] INFO  impl.LeaderElection (LeaderElection.java:logAndReturn(56)) - fd66befe-d3e0-4e51-a202-c759178c3599@group-B3362EA21D26-LeaderElection38: Election REJECTED; received 2 response(s) [fd66befe-d3e0-4e51-a202-c759178c3599<-4fbc0a64-e4c7-4a69-94fa-9804a8d7871e#0:FAIL-t12, fd66befe-d3e0-4e51-a202-c759178c3599<-6ce2c6a7-9144-4b9b-bff9-06be29014ddc#0:FAIL-t12] and 0 exception(s); fd66befe-d3e0-4e51-a202-c759178c3599@group-B3362EA21D26:t12, leader=null, voted=fd66befe-d3e0-4e51-a202-c759178c3599, raftlog=fd66befe-d3e0-4e51-a202-c759178c3599@group-B3362EA21D26-SegmentedRaftLog:OPENED:c-1,f-1,i0, conf=-1: [4fbc0a64-e4c7-4a69-94fa-9804a8d7871e:192.168.164.239:39296, 6ce2c6a7-9144-4b9b-bff9-06be29014ddc:192.168.164.239:34720, fd66befe-d3e0-4e51-a202-c759178c3599:192.168.164.239:40732], old=null
2019-10-17 11:24:45,136 [4fbc0a64-e4c7-4a69-94fa-9804a8d7871e@group-B3362EA21D26-LeaderElection40] INFO  impl.RoleInfo (RoleInfo.java:updateAndGet(143)) - 4fbc0a64-e4c7-4a69-94fa-9804a8d7871e: start FollowerState
2019-10-17 11:24:45,136 [6ce2c6a7-9144-4b9b-bff9-06be29014ddc@group-B3362EA21D26-LeaderElection39] INFO  impl.LeaderElection (LeaderElection.java:logAndReturn(56)) - 6ce2c6a7-9144-4b9b-bff9-06be29014ddc@group-B3362EA21D26-LeaderElection39: Election REJECTED; received 2 response(s) [6ce2c6a7-9144-4b9b-bff9-06be29014ddc<-4fbc0a64-e4c7-4a69-94fa-9804a8d7871e#0:FAIL-t12, 6ce2c6a7-9144-4b9b-bff9-06be29014ddc<-fd66befe-d3e0-4e51-a202-c759178c3599#0:FAIL-t12] and 0 exception(s); 6ce2c6a7-9144-4b9b-bff9-06be29014ddc@group-B3362EA21D26:t12, leader=null, voted=6ce2c6a7-9144-4b9b-bff9-06be29014ddc, raftlog=6ce2c6a7-9144-4b9b-bff9-06be29014ddc@group-B3362EA21D26-SegmentedRaftLog:OPENED:c-1,f-1,i0, conf=-1: [4fbc0a64-e4c7-4a69-94fa-9804a8d7871e:192.168.164.239:39296, 6ce2c6a7-9144-4b9b-bff9-06be29014ddc:192.168.164.239:34720, fd66befe-d3e0-4e51-a202-c759178c3599:192.168.164.239:40732], old=null
2019-10-17 11:24:45,136 [fd66befe-d3e0-4e51-a202-c759178c3599@group-B3362EA21D26-LeaderElection38] INFO  impl.RaftServerImpl (RaftServerImpl.java:setRole(170)) - fd66befe-d3e0-4e51-a202-c759178c3599@group-B3362EA21D26: changes role from CANDIDATE to FOLLOWER at term 12 for DISCOVERED_A_NEW_TERM
2019-10-17 11:24:45,137 [6ce2c6a7-9144-4b9b-bff9-06be29014ddc@group-B3362EA21D26-LeaderElection39] INFO  impl.RaftServerImpl (RaftServerImpl.java:setRole(170)) - 6ce2c6a7-9144-4b9b-bff9-06be29014ddc@group-B3362EA21D26: changes role from CANDIDATE to FOLLOWER at term 12 for DISCOVERED_A_NEW_TERM
2019-10-17 11:24:45,137 [fd66befe-d3e0-4e51-a202-c759178c3599@group-B3362EA21D26-LeaderElection38] INFO  impl.RoleInfo (RoleInfo.java:shutdownLeaderElection(134)) - fd66befe-d3e0-4e51-a202-c759178c3599: shutdown LeaderElection
2019-10-17 11:24:45,138 [6ce2c6a7-9144-4b9b-bff9-06be29014ddc@group-B3362EA21D26-LeaderElection39] INFO  impl.RoleInfo (RoleInfo.java:shutdownLeaderElection(134)) - 6ce2c6a7-9144-4b9b-bff9-06be29014ddc: shutdown LeaderElection
2019-10-17 11:24:45,138 [fd66befe-d3e0-4e51-a202-c759178c3599@group-B3362EA21D26-LeaderElection38] INFO  impl.RoleInfo (RoleInfo.java:updateAndGet(143)) - fd66befe-d3e0-4e51-a202-c759178c3599: start FollowerState
2019-10-17 11:24:45,138 [6ce2c6a7-9144-4b9b-bff9-06be29014ddc@group-B3362EA21D26-LeaderElection39] INFO  impl.RoleInfo (RoleInfo.java:updateAndGet(143)) - 6ce2c6a7-9144-4b9b-bff9-06be29014ddc: start FollowerState
2019-10-17 11:24:46,838 [Command processor thread] ERROR commandhandler.CloseContainerCommandHandler (CloseContainerCommandHandler.java:handle(84)) - Container #1 does not exist in datanode. Container close failed.
2019-10-17 11:24:46,941 [Command processor thread] ERROR commandhandler.CloseContainerCommandHandler (CloseContainerCommandHandler.java:handle(84)) - Container #1 does not exist in datanode. Container close failed.
2019-10-17 11:24:47,748 [Command processor thread] ERROR commandhandler.CloseContainerCommandHandler (CloseContainerCommandHandler.java:handle(84)) - Container #1 does not exist in datanode. Container close failed.
2019-10-17 11:24:50,156 [Thread-761] INFO  impl.FollowerState (FollowerState.java:run(108)) - fd66befe-d3e0-4e51-a202-c759178c3599@group-B3362EA21D26-FollowerState: change to CANDIDATE, lastRpcTime:5018ms, electionTimeout:5018ms
2019-10-17 11:24:50,157 [Thread-761] INFO  impl.RoleInfo (RoleInfo.java:shutdownFollowerState(121)) - fd66befe-d3e0-4e51-a202-c759178c3599: shutdown FollowerState
2019-10-17 11:24:50,157 [Thread-761] INFO  impl.RaftServerImpl (RaftServerImpl.java:setRole(170)) - fd66befe-d3e0-4e51-a202-c759178c3599@group-B3362EA21D26: changes role from  FOLLOWER to CANDIDATE at term 12 for changeToCandidate
2019-10-17 11:24:50,157 [Thread-761] ERROR ratis.XceiverServerRatis (XceiverServerRatis.java:triggerPipelineClose(582)) - pipeline Action CLOSE  on pipeline PipelineID=38f89504-bce2-46cc-a5df-b3362ea21d26.Reason : fd66befe-d3e0-4e51-a202-c759178c3599 is in candidate state for 143421ms
2019-10-17 11:24:50,157 [Thread-761] INFO  impl.RoleInfo (RoleInfo.java:updateAndGet(143)) - fd66befe-d3e0-4e51-a202-c759178c3599: start LeaderElection
2019-10-17 11:24:50,163 [Thread-762] INFO  impl.FollowerState (FollowerState.java:run(108)) - 6ce2c6a7-9144-4b9b-bff9-06be29014ddc@group-B3362EA21D26-FollowerState: change to CANDIDATE, lastRpcTime:5025ms, electionTimeout:5025ms
2019-10-17 11:24:50,164 [Thread-762] INFO  impl.RoleInfo (RoleInfo.java:shutdownFollowerState(121)) - 6ce2c6a7-9144-4b9b-bff9-06be29014ddc: shutdown FollowerState
2019-10-17 11:24:50,164 [Thread-762] INFO  impl.RaftServerImpl (RaftServerImpl.java:setRole(170)) - 6ce2c6a7-9144-4b9b-bff9-06be29014ddc@group-B3362EA21D26: changes role from  FOLLOWER to CANDIDATE at term 12 for changeToCandidate
2019-10-17 11:24:50,164 [Thread-762] ERROR ratis.XceiverServerRatis (XceiverServerRatis.java:triggerPipelineClose(582)) - pipeline Action CLOSE  on pipeline PipelineID=38f89504-bce2-46cc-a5df-b3362ea21d26.Reason : 6ce2c6a7-9144-4b9b-bff9-06be29014ddc is in candidate state for 143428ms
2019-10-17 11:24:50,164 [Thread-762] INFO  impl.RoleInfo (RoleInfo.java:updateAndGet(143)) - 6ce2c6a7-9144-4b9b-bff9-06be29014ddc: start LeaderElection
2019-10-17 11:24:50,321 [Thread-760] INFO  impl.FollowerState (FollowerState.java:run(108)) - 4fbc0a64-e4c7-4a69-94fa-9804a8d7871e@group-B3362EA21D26-FollowerState: change to CANDIDATE, lastRpcTime:5185ms, electionTimeout:5184ms
2019-10-17 11:24:50,321 [Thread-760] INFO  impl.RoleInfo (RoleInfo.java:shutdownFollowerState(121)) - 4fbc0a64-e4c7-4a69-94fa-9804a8d7871e: shutdown FollowerState
2019-10-17 11:24:50,321 [Thread-760] INFO  impl.RaftServerImpl (RaftServerImpl.java:setRole(170)) - 4fbc0a64-e4c7-4a69-94fa-9804a8d7871e@group-B3362EA21D26: changes role from  FOLLOWER to CANDIDATE at term 12 for changeToCandidate
2019-10-17 11:24:50,322 [Thread-760] ERROR ratis.XceiverServerRatis (XceiverServerRatis.java:triggerPipelineClose(582)) - pipeline Action CLOSE  on pipeline PipelineID=38f89504-bce2-46cc-a5df-b3362ea21d26.Reason : 4fbc0a64-e4c7-4a69-94fa-9804a8d7871e is in candidate state for 143585ms
2019-10-17 11:24:50,322 [Thread-760] INFO  impl.RoleInfo (RoleInfo.java:updateAndGet(143)) - 4fbc0a64-e4c7-4a69-94fa-9804a8d7871e: start LeaderElection
2019-10-17 11:24:50,751 [EventQueue-PipelineActionsForPipelineActionHandler] ERROR pipeline.PipelineActionHandler (PipelineActionHandler.java:onMessage(60)) - Received pipeline action CLOSE for Pipeline[ Id: 38f89504-bce2-46cc-a5df-b3362ea21d26, Nodes: fd66befe-d3e0-4e51-a202-c759178c3599{ip: 192.168.164.239, host: pr-hdds-1569-jxtqp-958769943, networkLocation: /default-rack, certSerialId: null}4fbc0a64-e4c7-4a69-94fa-9804a8d7871e{ip: 192.168.164.239, host: pr-hdds-1569-jxtqp-958769943, networkLocation: /default-rack, certSerialId: null}6ce2c6a7-9144-4b9b-bff9-06be29014ddc{ip: 192.168.164.239, host: pr-hdds-1569-jxtqp-958769943, networkLocation: /default-rack, certSerialId: null}, Type:RATIS, Factor:THREE, State:CLOSED] from datanode 4fbc0a64-e4c7-4a69-94fa-9804a8d7871e{ip: 192.168.164.239, host: pr-hdds-1569-jxtqp-958769943, networkLocation: /default-rack, certSerialId: null}. Reason : 4fbc0a64-e4c7-4a69-94fa-9804a8d7871e is in candidate state for 143585ms
2019-10-17 11:24:50,751 [EventQueue-PipelineActionsForPipelineActionHandler] INFO  pipeline.SCMPipelineManager (SCMPipelineManager.java:finalizeAndDestroyPipeline(343)) - destroying pipeline:Pipeline[ Id: 38f89504-bce2-46cc-a5df-b3362ea21d26, Nodes: fd66befe-d3e0-4e51-a202-c759178c3599{ip: 192.168.164.239, host: pr-hdds-1569-jxtqp-958769943, networkLocation: /default-rack, certSerialId: null}4fbc0a64-e4c7-4a69-94fa-9804a8d7871e{ip: 192.168.164.239, host: pr-hdds-1569-jxtqp-958769943, networkLocation: /default-rack, certSerialId: null}6ce2c6a7-9144-4b9b-bff9-06be29014ddc{ip: 192.168.164.239, host: pr-hdds-1569-jxtqp-958769943, networkLocation: /default-rack, certSerialId: null}, Type:RATIS, Factor:THREE, State:CLOSED]
2019-10-17 11:24:50,842 [EventQueue-PipelineActionsForPipelineActionHandler] ERROR pipeline.PipelineActionHandler (PipelineActionHandler.java:onMessage(60)) - Received pipeline action CLOSE for Pipeline[ Id: 38f89504-bce2-46cc-a5df-b3362ea21d26, Nodes: fd66befe-d3e0-4e51-a202-c759178c3599{ip: 192.168.164.239, host: pr-hdds-1569-jxtqp-958769943, networkLocation: /default-rack, certSerialId: null}4fbc0a64-e4c7-4a69-94fa-9804a8d7871e{ip: 192.168.164.239, host: pr-hdds-1569-jxtqp-958769943, networkLocation: /default-rack, certSerialId: null}6ce2c6a7-9144-4b9b-bff9-06be29014ddc{ip: 192.168.164.239, host: pr-hdds-1569-jxtqp-958769943, networkLocation: /default-rack, certSerialId: null}, Type:RATIS, Factor:THREE, State:CLOSED] from datanode fd66befe-d3e0-4e51-a202-c759178c3599{ip: 192.168.164.239, host: pr-hdds-1569-jxtqp-958769943, networkLocation: /default-rack, certSerialId: null}. Reason : fd66befe-d3e0-4e51-a202-c759178c3599 is in candidate state for 143421ms
2019-10-17 11:24:50,842 [EventQueue-PipelineActionsForPipelineActionHandler] INFO  pipeline.SCMPipelineManager (SCMPipelineManager.java:finalizeAndDestroyPipeline(343)) - destroying pipeline:Pipeline[ Id: 38f89504-bce2-46cc-a5df-b3362ea21d26, Nodes: fd66befe-d3e0-4e51-a202-c759178c3599{ip: 192.168.164.239, host: pr-hdds-1569-jxtqp-958769943, networkLocation: /default-rack, certSerialId: null}4fbc0a64-e4c7-4a69-94fa-9804a8d7871e{ip: 192.168.164.239, host: pr-hdds-1569-jxtqp-958769943, networkLocation: /default-rack, certSerialId: null}6ce2c6a7-9144-4b9b-bff9-06be29014ddc{ip: 192.168.164.239, host: pr-hdds-1569-jxtqp-958769943, networkLocation: /default-rack, certSerialId: null}, Type:RATIS, Factor:THREE, State:CLOSED]
2019-10-17 11:24:50,942 [EventQueue-PipelineActionsForPipelineActionHandler] ERROR pipeline.PipelineActionHandler (PipelineActionHandler.java:onMessage(60)) - Received pipeline action CLOSE for Pipeline[ Id: 38f89504-bce2-46cc-a5df-b3362ea21d26, Nodes: fd66befe-d3e0-4e51-a202-c759178c3599{ip: 192.168.164.239, host: pr-hdds-1569-jxtqp-958769943, networkLocation: /default-rack, certSerialId: null}4fbc0a64-e4c7-4a69-94fa-9804a8d7871e{ip: 192.168.164.239, host: pr-hdds-1569-jxtqp-958769943, networkLocation: /default-rack, certSerialId: null}6ce2c6a7-9144-4b9b-bff9-06be29014ddc{ip: 192.168.164.239, host: pr-hdds-1569-jxtqp-958769943, networkLocation: /default-rack, certSerialId: null}, Type:RATIS, Factor:THREE, State:CLOSED] from datanode 6ce2c6a7-9144-4b9b-bff9-06be29014ddc{ip: 192.168.164.239, host: pr-hdds-1569-jxtqp-958769943, networkLocation: /default-rack, certSerialId: null}. Reason : 6ce2c6a7-9144-4b9b-bff9-06be29014ddc is in candidate state for 143428ms
2019-10-17 11:24:50,942 [EventQueue-PipelineActionsForPipelineActionHandler] INFO  pipeline.SCMPipelineManager (SCMPipelineManager.java:finalizeAndDestroyPipeline(343)) - destroying pipeline:Pipeline[ Id: 38f89504-bce2-46cc-a5df-b3362ea21d26, Nodes: fd66befe-d3e0-4e51-a202-c759178c3599{ip: 192.168.164.239, host: pr-hdds-1569-jxtqp-958769943, networkLocation: /default-rack, certSerialId: null}4fbc0a64-e4c7-4a69-94fa-9804a8d7871e{ip: 192.168.164.239, host: pr-hdds-1569-jxtqp-958769943, networkLocation: /default-rack, certSerialId: null}6ce2c6a7-9144-4b9b-bff9-06be29014ddc{ip: 192.168.164.239, host: pr-hdds-1569-jxtqp-958769943, networkLocation: /default-rack, certSerialId: null}, Type:RATIS, Factor:THREE, State:CLOSED]
2019-10-17 11:25:03,903 [fd66befe-d3e0-4e51-a202-c759178c3599@group-B3362EA21D26-LeaderElection41] INFO  impl.LeaderElection (LeaderElection.java:askForVotes(178)) - fd66befe-d3e0-4e51-a202-c759178c3599@group-B3362EA21D26-LeaderElection41: begin an election at term 13 for -1: [4fbc0a64-e4c7-4a69-94fa-9804a8d7871e:192.168.164.239:39296, 6ce2c6a7-9144-4b9b-bff9-06be29014ddc:192.168.164.239:34720, fd66befe-d3e0-4e51-a202-c759178c3599:192.168.164.239:40732], old=null
2019-10-17 11:25:03,903 [6ce2c6a7-9144-4b9b-bff9-06be29014ddc@group-B3362EA21D26-LeaderElection42] INFO  impl.LeaderElection (LeaderElection.java:askForVotes(178)) - 6ce2c6a7-9144-4b9b-bff9-06be29014ddc@group-B3362EA21D26-LeaderElection42: begin an election at term 13 for -1: [4fbc0a64-e4c7-4a69-94fa-9804a8d7871e:192.168.164.239:39296, 6ce2c6a7-9144-4b9b-bff9-06be29014ddc:192.168.164.239:34720, fd66befe-d3e0-4e51-a202-c759178c3599:192.168.164.239:40732], old=null
2019-10-17 11:25:04,032 [4fbc0a64-e4c7-4a69-94fa-9804a8d7871e@group-B3362EA21D26-LeaderElection43] INFO  impl.LeaderElection (LeaderElection.java:askForVotes(178)) - 4fbc0a64-e4c7-4a69-94fa-9804a8d7871e@group-B3362EA21D26-LeaderElection43: begin an election at term 13 for -1: [4fbc0a64-e4c7-4a69-94fa-9804a8d7871e:192.168.164.239:39296, 6ce2c6a7-9144-4b9b-bff9-06be29014ddc:192.168.164.239:34720, fd66befe-d3e0-4e51-a202-c759178c3599:192.168.164.239:40732], old=null
2019-10-17 11:25:04,033 [6ce2c6a7-9144-4b9b-bff9-06be29014ddc@group-B3362EA21D26-LeaderElection42] INFO  impl.LeaderElection (LeaderElection.java:logAndReturn(56)) - 6ce2c6a7-9144-4b9b-bff9-06be29014ddc@group-B3362EA21D26-LeaderElection42: Election REJECTED; received 2 response(s) [6ce2c6a7-9144-4b9b-bff9-06be29014ddc<-4fbc0a64-e4c7-4a69-94fa-9804a8d7871e#0:FAIL-t13, 6ce2c6a7-9144-4b9b-bff9-06be29014ddc<-fd66befe-d3e0-4e51-a202-c759178c3599#0:FAIL-t13] and 0 exception(s); 6ce2c6a7-9144-4b9b-bff9-06be29014ddc@group-B3362EA21D26:t13, leader=null, voted=6ce2c6a7-9144-4b9b-bff9-06be29014ddc, raftlog=6ce2c6a7-9144-4b9b-bff9-06be29014ddc@group-B3362EA21D26-SegmentedRaftLog:OPENED:c-1,f-1,i0, conf=-1: [4fbc0a64-e4c7-4a69-94fa-9804a8d7871e:192.168.164.239:39296, 6ce2c6a7-9144-4b9b-bff9-06be29014ddc:192.168.164.239:34720, fd66befe-d3e0-4e51-a202-c759178c3599:192.168.164.239:40732], old=null
2019-10-17 11:25:04,033 [fd66befe-d3e0-4e51-a202-c759178c3599@group-B3362EA21D26-LeaderElection41] INFO  impl.LeaderElection (LeaderElection.java:logAndReturn(56)) - fd66befe-d3e0-4e51-a202-c759178c3599@group-B3362EA21D26-LeaderElection41: Election REJECTED; received 2 response(s) [fd66befe-d3e0-4e51-a202-c759178c3599<-4fbc0a64-e4c7-4a69-94fa-9804a8d7871e#0:FAIL-t13, fd66befe-d3e0-4e51-a202-c759178c3599<-6ce2c6a7-9144-4b9b-bff9-06be29014ddc#0:FAIL-t13] and 0 exception(s); fd66befe-d3e0-4e51-a202-c759178c3599@group-B3362EA21D26:t13, leader=null, voted=fd66befe-d3e0-4e51-a202-c759178c3599, raftlog=fd66befe-d3e0-4e51-a202-c759178c3599@group-B3362EA21D26-SegmentedRaftLog:OPENED:c-1,f-1,i0, conf=-1: [4fbc0a64-e4c7-4a69-94fa-9804a8d7871e:192.168.164.239:39296, 6ce2c6a7-9144-4b9b-bff9-06be29014ddc:192.168.164.239:34720, fd66befe-d3e0-4e51-a202-c759178c3599:192.168.164.239:40732], old=null
2019-10-17 11:25:04,034 [6ce2c6a7-9144-4b9b-bff9-06be29014ddc@group-B3362EA21D26-LeaderElection42] INFO  impl.RaftServerImpl (RaftServerImpl.java:setRole(170)) - 6ce2c6a7-9144-4b9b-bff9-06be29014ddc@group-B3362EA21D26: changes role from CANDIDATE to FOLLOWER at term 13 for DISCOVERED_A_NEW_TERM
2019-10-17 11:25:04,035 [fd66befe-d3e0-4e51-a202-c759178c3599@group-B3362EA21D26-LeaderElection41] INFO  impl.RaftServerImpl (RaftServerImpl.java:setRole(170)) - fd66befe-d3e0-4e51-a202-c759178c3599@group-B3362EA21D26: changes role from CANDIDATE to FOLLOWER at term 13 for DISCOVERED_A_NEW_TERM
2019-10-17 11:25:04,035 [6ce2c6a7-9144-4b9b-bff9-06be29014ddc@group-B3362EA21D26-LeaderElection42] INFO  impl.RoleInfo (RoleInfo.java:shutdownLeaderElection(134)) - 6ce2c6a7-9144-4b9b-bff9-06be29014ddc: shutdown LeaderElection
2019-10-17 11:25:04,036 [fd66befe-d3e0-4e51-a202-c759178c3599@group-B3362EA21D26-LeaderElection41] INFO  impl.RoleInfo (RoleInfo.java:shutdownLeaderElection(134)) - fd66befe-d3e0-4e51-a202-c759178c3599: shutdown LeaderElection
2019-10-17 11:25:04,036 [6ce2c6a7-9144-4b9b-bff9-06be29014ddc@group-B3362EA21D26-LeaderElection42] INFO  impl.RoleInfo (RoleInfo.java:updateAndGet(143)) - 6ce2c6a7-9144-4b9b-bff9-06be29014ddc: start FollowerState
2019-10-17 11:25:04,036 [fd66befe-d3e0-4e51-a202-c759178c3599@group-B3362EA21D26-LeaderElection41] INFO  impl.RoleInfo (RoleInfo.java:updateAndGet(143)) - fd66befe-d3e0-4e51-a202-c759178c3599: start FollowerState
2019-10-17 11:25:04,037 [4fbc0a64-e4c7-4a69-94fa-9804a8d7871e@group-B3362EA21D26-LeaderElection43] INFO  impl.LeaderElection (LeaderElection.java:logAndReturn(56)) - 4fbc0a64-e4c7-4a69-94fa-9804a8d7871e@group-B3362EA21D26-LeaderElection43: Election REJECTED; received 2 response(s) [4fbc0a64-e4c7-4a69-94fa-9804a8d7871e<-6ce2c6a7-9144-4b9b-bff9-06be29014ddc#0:FAIL-t13, 4fbc0a64-e4c7-4a69-94fa-9804a8d7871e<-fd66befe-d3e0-4e51-a202-c759178c3599#0:FAIL-t13] and 0 exception(s); 4fbc0a64-e4c7-4a69-94fa-9804a8d7871e@group-B3362EA21D26:t13, leader=null, voted=4fbc0a64-e4c7-4a69-94fa-9804a8d7871e, raftlog=4fbc0a64-e4c7-4a69-94fa-9804a8d7871e@group-B3362EA21D26-SegmentedRaftLog:OPENED:c-1,f-1,i0, conf=-1: [4fbc0a64-e4c7-4a69-94fa-9804a8d7871e:192.168.164.239:39296, 6ce2c6a7-9144-4b9b-bff9-06be29014ddc:192.168.164.239:34720, fd66befe-d3e0-4e51-a202-c759178c3599:192.168.164.239:40732], old=null
2019-10-17 11:25:04,037 [4fbc0a64-e4c7-4a69-94fa-9804a8d7871e@group-B3362EA21D26-LeaderElection43] INFO  impl.RaftServerImpl (RaftServerImpl.java:setRole(170)) - 4fbc0a64-e4c7-4a69-94fa-9804a8d7871e@group-B3362EA21D26: changes role from CANDIDATE to FOLLOWER at term 13 for DISCOVERED_A_NEW_TERM
2019-10-17 11:25:04,037 [4fbc0a64-e4c7-4a69-94fa-9804a8d7871e@group-B3362EA21D26-LeaderElection43] INFO  impl.RoleInfo (RoleInfo.java:shutdownLeaderElection(134)) - 4fbc0a64-e4c7-4a69-94fa-9804a8d7871e: shutdown LeaderElection
2019-10-17 11:25:04,038 [4fbc0a64-e4c7-4a69-94fa-9804a8d7871e@group-B3362EA21D26-LeaderElection43] INFO  impl.RoleInfo (RoleInfo.java:updateAndGet(143)) - 4fbc0a64-e4c7-4a69-94fa-9804a8d7871e: start FollowerState
2019-10-17 11:25:09,048 [Thread-826] INFO  impl.FollowerState (FollowerState.java:run(108)) - 4fbc0a64-e4c7-4a69-94fa-9804a8d7871e@group-B3362EA21D26-FollowerState: change to CANDIDATE, lastRpcTime:5010ms, electionTimeout:5010ms
2019-10-17 11:25:09,049 [Thread-826] INFO  impl.RoleInfo (RoleInfo.java:shutdownFollowerState(121)) - 4fbc0a64-e4c7-4a69-94fa-9804a8d7871e: shutdown FollowerState
2019-10-17 11:25:09,049 [Thread-826] INFO  impl.RaftServerImpl (RaftServerImpl.java:setRole(170)) - 4fbc0a64-e4c7-4a69-94fa-9804a8d7871e@group-B3362EA21D26: changes role from  FOLLOWER to CANDIDATE at term 13 for changeToCandidate
2019-10-17 11:25:09,050 [Thread-826] ERROR ratis.XceiverServerRatis (XceiverServerRatis.java:triggerPipelineClose(582)) - pipeline Action CLOSE  on pipeline PipelineID=38f89504-bce2-46cc-a5df-b3362ea21d26.Reason : 4fbc0a64-e4c7-4a69-94fa-9804a8d7871e is in candidate state for 162314ms
2019-10-17 11:25:09,050 [Thread-826] INFO  impl.RoleInfo (RoleInfo.java:updateAndGet(143)) - 4fbc0a64-e4c7-4a69-94fa-9804a8d7871e: start LeaderElection
2019-10-17 11:25:09,205 [Thread-825] INFO  impl.FollowerState (FollowerState.java:run(108)) - fd66befe-d3e0-4e51-a202-c759178c3599@group-B3362EA21D26-FollowerState: change to CANDIDATE, lastRpcTime:5168ms, electionTimeout:5168ms
2019-10-17 11:25:09,205 [Thread-825] INFO  impl.RoleInfo (RoleInfo.java:shutdownFollowerState(121)) - fd66befe-d3e0-4e51-a202-c759178c3599: shutdown FollowerState
2019-10-17 11:25:09,205 [Thread-825] INFO  impl.RaftServerImpl (RaftServerImpl.java:setRole(170)) - fd66befe-d3e0-4e51-a202-c759178c3599@group-B3362EA21D26: changes role from  FOLLOWER to CANDIDATE at term 13 for changeToCandidate
2019-10-17 11:25:09,205 [Thread-825] ERROR ratis.XceiverServerRatis (XceiverServerRatis.java:triggerPipelineClose(582)) - pipeline Action CLOSE  on pipeline PipelineID=38f89504-bce2-46cc-a5df-b3362ea21d26.Reason : fd66befe-d3e0-4e51-a202-c759178c3599 is in candidate state for 162469ms
2019-10-17 11:25:09,206 [Thread-825] INFO  impl.RoleInfo (RoleInfo.java:updateAndGet(143)) - fd66befe-d3e0-4e51-a202-c759178c3599: start LeaderElection
2019-10-17 11:25:09,210 [Thread-824] INFO  impl.FollowerState (FollowerState.java:run(108)) - 6ce2c6a7-9144-4b9b-bff9-06be29014ddc@group-B3362EA21D26-FollowerState: change to CANDIDATE, lastRpcTime:5173ms, electionTimeout:5172ms
2019-10-17 11:25:09,210 [Thread-824] INFO  impl.RoleInfo (RoleInfo.java:shutdownFollowerState(121)) - 6ce2c6a7-9144-4b9b-bff9-06be29014ddc: shutdown FollowerState
2019-10-17 11:25:09,210 [Thread-824] INFO  impl.RaftServerImpl (RaftServerImpl.java:setRole(170)) - 6ce2c6a7-9144-4b9b-bff9-06be29014ddc@group-B3362EA21D26: changes role from  FOLLOWER to CANDIDATE at term 13 for changeToCandidate
2019-10-17 11:25:09,210 [Thread-824] ERROR ratis.XceiverServerRatis (XceiverServerRatis.java:triggerPipelineClose(582)) - pipeline Action CLOSE  on pipeline PipelineID=38f89504-bce2-46cc-a5df-b3362ea21d26.Reason : 6ce2c6a7-9144-4b9b-bff9-06be29014ddc is in candidate state for 162474ms
2019-10-17 11:25:09,211 [Thread-824] INFO  impl.RoleInfo (RoleInfo.java:updateAndGet(143)) - 6ce2c6a7-9144-4b9b-bff9-06be29014ddc: start LeaderElection
2019-10-17 11:25:09,753 [EventQueue-PipelineActionsForPipelineActionHandler] ERROR pipeline.PipelineActionHandler (PipelineActionHandler.java:onMessage(60)) - Received pipeline action CLOSE for Pipeline[ Id: 38f89504-bce2-46cc-a5df-b3362ea21d26, Nodes: fd66befe-d3e0-4e51-a202-c759178c3599{ip: 192.168.164.239, host: pr-hdds-1569-jxtqp-958769943, networkLocation: /default-rack, certSerialId: null}4fbc0a64-e4c7-4a69-94fa-9804a8d7871e{ip: 192.168.164.239, host: pr-hdds-1569-jxtqp-958769943, networkLocation: /default-rack, certSerialId: null}6ce2c6a7-9144-4b9b-bff9-06be29014ddc{ip: 192.168.164.239, host: pr-hdds-1569-jxtqp-958769943, networkLocation: /default-rack, certSerialId: null}, Type:RATIS, Factor:THREE, State:CLOSED] from datanode 4fbc0a64-e4c7-4a69-94fa-9804a8d7871e{ip: 192.168.164.239, host: pr-hdds-1569-jxtqp-958769943, networkLocation: /default-rack, certSerialId: null}. Reason : 4fbc0a64-e4c7-4a69-94fa-9804a8d7871e is in candidate state for 162314ms
2019-10-17 11:25:09,753 [EventQueue-PipelineActionsForPipelineActionHandler] INFO  pipeline.SCMPipelineManager (SCMPipelineManager.java:finalizeAndDestroyPipeline(343)) - destroying pipeline:Pipeline[ Id: 38f89504-bce2-46cc-a5df-b3362ea21d26, Nodes: fd66befe-d3e0-4e51-a202-c759178c3599{ip: 192.168.164.239, host: pr-hdds-1569-jxtqp-958769943, networkLocation: /default-rack, certSerialId: null}4fbc0a64-e4c7-4a69-94fa-9804a8d7871e{ip: 192.168.164.239, host: pr-hdds-1569-jxtqp-958769943, networkLocation: /default-rack, certSerialId: null}6ce2c6a7-9144-4b9b-bff9-06be29014ddc{ip: 192.168.164.239, host: pr-hdds-1569-jxtqp-958769943, networkLocation: /default-rack, certSerialId: null}, Type:RATIS, Factor:THREE, State:CLOSED]
2019-10-17 11:25:09,986 [EventQueue-PipelineActionsForPipelineActionHandler] ERROR pipeline.PipelineActionHandler (PipelineActionHandler.java:onMessage(60)) - Received pipeline action CLOSE for Pipeline[ Id: 38f89504-bce2-46cc-a5df-b3362ea21d26, Nodes: fd66befe-d3e0-4e51-a202-c759178c3599{ip: 192.168.164.239, host: pr-hdds-1569-jxtqp-958769943, networkLocation: /default-rack, certSerialId: null}4fbc0a64-e4c7-4a69-94fa-9804a8d7871e{ip: 192.168.164.239, host: pr-hdds-1569-jxtqp-958769943, networkLocation: /default-rack, certSerialId: null}6ce2c6a7-9144-4b9b-bff9-06be29014ddc{ip: 192.168.164.239, host: pr-hdds-1569-jxtqp-958769943, networkLocation: /default-rack, certSerialId: null}, Type:RATIS, Factor:THREE, State:CLOSED] from datanode fd66befe-d3e0-4e51-a202-c759178c3599{ip: 192.168.164.239, host: pr-hdds-1569-jxtqp-958769943, networkLocation: /default-rack, certSerialId: null}. Reason : fd66befe-d3e0-4e51-a202-c759178c3599 is in candidate state for 162469ms
2019-10-17 11:25:09,987 [EventQueue-PipelineActionsForPipelineActionHandler] INFO  pipeline.SCMPipelineManager (SCMPipelineManager.java:finalizeAndDestroyPipeline(343)) - destroying pipeline:Pipeline[ Id: 38f89504-bce2-46cc-a5df-b3362ea21d26, Nodes: fd66befe-d3e0-4e51-a202-c759178c3599{ip: 192.168.164.239, host: pr-hdds-1569-jxtqp-958769943, networkLocation: /default-rack, certSerialId: null}4fbc0a64-e4c7-4a69-94fa-9804a8d7871e{ip: 192.168.164.239, host: pr-hdds-1569-jxtqp-958769943, networkLocation: /default-rack, certSerialId: null}6ce2c6a7-9144-4b9b-bff9-06be29014ddc{ip: 192.168.164.239, host: pr-hdds-1569-jxtqp-958769943, networkLocation: /default-rack, certSerialId: null}, Type:RATIS, Factor:THREE, State:CLOSED]
2019-10-17 11:25:09,987 [EventQueue-PipelineActionsForPipelineActionHandler] ERROR pipeline.PipelineActionHandler (PipelineActionHandler.java:onMessage(60)) - Received pipeline action CLOSE for Pipeline[ Id: 38f89504-bce2-46cc-a5df-b3362ea21d26, Nodes: fd66befe-d3e0-4e51-a202-c759178c3599{ip: 192.168.164.239, host: pr-hdds-1569-jxtqp-958769943, networkLocation: /default-rack, certSerialId: null}4fbc0a64-e4c7-4a69-94fa-9804a8d7871e{ip: 192.168.164.239, host: pr-hdds-1569-jxtqp-958769943, networkLocation: /default-rack, certSerialId: null}6ce2c6a7-9144-4b9b-bff9-06be29014ddc{ip: 192.168.164.239, host: pr-hdds-1569-jxtqp-958769943, networkLocation: /default-rack, certSerialId: null}, Type:RATIS, Factor:THREE, State:CLOSED] from datanode 6ce2c6a7-9144-4b9b-bff9-06be29014ddc{ip: 192.168.164.239, host: pr-hdds-1569-jxtqp-958769943, networkLocation: /default-rack, certSerialId: null}. Reason : 6ce2c6a7-9144-4b9b-bff9-06be29014ddc is in candidate state for 162474ms
2019-10-17 11:25:09,987 [EventQueue-PipelineActionsForPipelineActionHandler] INFO  pipeline.SCMPipelineManager (SCMPipelineManager.java:finalizeAndDestroyPipeline(343)) - destroying pipeline:Pipeline[ Id: 38f89504-bce2-46cc-a5df-b3362ea21d26, Nodes: fd66befe-d3e0-4e51-a202-c759178c3599{ip: 192.168.164.239, host: pr-hdds-1569-jxtqp-958769943, networkLocation: /default-rack, certSerialId: null}4fbc0a64-e4c7-4a69-94fa-9804a8d7871e{ip: 192.168.164.239, host: pr-hdds-1569-jxtqp-958769943, networkLocation: /default-rack, certSerialId: null}6ce2c6a7-9144-4b9b-bff9-06be29014ddc{ip: 192.168.164.239, host: pr-hdds-1569-jxtqp-958769943, networkLocation: /default-rack, certSerialId: null}, Type:RATIS, Factor:THREE, State:CLOSED]
2019-10-17 11:25:14,199 [4fbc0a64-e4c7-4a69-94fa-9804a8d7871e@group-B3362EA21D26-LeaderElection44] INFO  impl.LeaderElection (LeaderElection.java:askForVotes(178)) - 4fbc0a64-e4c7-4a69-94fa-9804a8d7871e@group-B3362EA21D26-LeaderElection44: begin an election at term 14 for -1: [4fbc0a64-e4c7-4a69-94fa-9804a8d7871e:192.168.164.239:39296, 6ce2c6a7-9144-4b9b-bff9-06be29014ddc:192.168.164.239:34720, fd66befe-d3e0-4e51-a202-c759178c3599:192.168.164.239:40732], old=null
2019-10-17 11:25:14,199 [6ce2c6a7-9144-4b9b-bff9-06be29014ddc@group-B3362EA21D26-LeaderElection46] INFO  impl.LeaderElection (LeaderElection.java:askForVotes(178)) - 6ce2c6a7-9144-4b9b-bff9-06be29014ddc@group-B3362EA21D26-LeaderElection46: begin an election at term 14 for -1: [4fbc0a64-e4c7-4a69-94fa-9804a8d7871e:192.168.164.239:39296, 6ce2c6a7-9144-4b9b-bff9-06be29014ddc:192.168.164.239:34720, fd66befe-d3e0-4e51-a202-c759178c3599:192.168.164.239:40732], old=null
2019-10-17 11:25:14,199 [fd66befe-d3e0-4e51-a202-c759178c3599@group-B3362EA21D26-LeaderElection45] INFO  impl.LeaderElection (LeaderElection.java:askForVotes(178)) - fd66befe-d3e0-4e51-a202-c759178c3599@group-B3362EA21D26-LeaderElection45: begin an election at term 14 for -1: [4fbc0a64-e4c7-4a69-94fa-9804a8d7871e:192.168.164.239:39296, 6ce2c6a7-9144-4b9b-bff9-06be29014ddc:192.168.164.239:34720, fd66befe-d3e0-4e51-a202-c759178c3599:192.168.164.239:40732], old=null
2019-10-17 11:25:14,210 [4fbc0a64-e4c7-4a69-94fa-9804a8d7871e@group-B3362EA21D26-LeaderElection44] INFO  impl.LeaderElection (LeaderElection.java:logAndReturn(56)) - 4fbc0a64-e4c7-4a69-94fa-9804a8d7871e@group-B3362EA21D26-LeaderElection44: Election REJECTED; received 2 response(s) [4fbc0a64-e4c7-4a69-94fa-9804a8d7871e<-6ce2c6a7-9144-4b9b-bff9-06be29014ddc#0:FAIL-t14, 4fbc0a64-e4c7-4a69-94fa-9804a8d7871e<-fd66befe-d3e0-4e51-a202-c759178c3599#0:FAIL-t14] and 0 exception(s); 4fbc0a64-e4c7-4a69-94fa-9804a8d7871e@group-B3362EA21D26:t14, leader=null, voted=4fbc0a64-e4c7-4a69-94fa-9804a8d7871e, raftlog=4fbc0a64-e4c7-4a69-94fa-9804a8d7871e@group-B3362EA21D26-SegmentedRaftLog:OPENED:c-1,f-1,i0, conf=-1: [4fbc0a64-e4c7-4a69-94fa-9804a8d7871e:192.168.164.239:39296, 6ce2c6a7-9144-4b9b-bff9-06be29014ddc:192.168.164.239:34720, fd66befe-d3e0-4e51-a202-c759178c3599:192.168.164.239:40732], old=null
2019-10-17 11:25:14,211 [6ce2c6a7-9144-4b9b-bff9-06be29014ddc@group-B3362EA21D26-LeaderElection46] INFO  impl.LeaderElection (LeaderElection.java:logAndReturn(56)) - 6ce2c6a7-9144-4b9b-bff9-06be29014ddc@group-B3362EA21D26-LeaderElection46: Election REJECTED; received 2 response(s) [6ce2c6a7-9144-4b9b-bff9-06be29014ddc<-4fbc0a64-e4c7-4a69-94fa-9804a8d7871e#0:FAIL-t14, 6ce2c6a7-9144-4b9b-bff9-06be29014ddc<-fd66befe-d3e0-4e51-a202-c759178c3599#0:FAIL-t14] and 0 exception(s); 6ce2c6a7-9144-4b9b-bff9-06be29014ddc@group-B3362EA21D26:t14, leader=null, voted=6ce2c6a7-9144-4b9b-bff9-06be29014ddc, raftlog=6ce2c6a7-9144-4b9b-bff9-06be29014ddc@group-B3362EA21D26-SegmentedRaftLog:OPENED:c-1,f-1,i0, conf=-1: [4fbc0a64-e4c7-4a69-94fa-9804a8d7871e:192.168.164.239:39296, 6ce2c6a7-9144-4b9b-bff9-06be29014ddc:192.168.164.239:34720, fd66befe-d3e0-4e51-a202-c759178c3599:192.168.164.239:40732], old=null
2019-10-17 11:25:14,211 [fd66befe-d3e0-4e51-a202-c759178c3599@group-B3362EA21D26-LeaderElection45] INFO  impl.LeaderElection (LeaderElection.java:logAndReturn(56)) - fd66befe-d3e0-4e51-a202-c759178c3599@group-B3362EA21D26-LeaderElection45: Election REJECTED; received 2 response(s) [fd66befe-d3e0-4e51-a202-c759178c3599<-4fbc0a64-e4c7-4a69-94fa-9804a8d7871e#0:FAIL-t14, fd66befe-d3e0-4e51-a202-c759178c3599<-6ce2c6a7-9144-4b9b-bff9-06be29014ddc#0:FAIL-t14] and 0 exception(s); fd66befe-d3e0-4e51-a202-c759178c3599@group-B3362EA21D26:t14, leader=null, voted=fd66befe-d3e0-4e51-a202-c759178c3599, raftlog=fd66befe-d3e0-4e51-a202-c759178c3599@group-B3362EA21D26-SegmentedRaftLog:OPENED:c-1,f-1,i0, conf=-1: [4fbc0a64-e4c7-4a69-94fa-9804a8d7871e:192.168.164.239:39296, 6ce2c6a7-9144-4b9b-bff9-06be29014ddc:192.168.164.239:34720, fd66befe-d3e0-4e51-a202-c759178c3599:192.168.164.239:40732], old=null
2019-10-17 11:25:14,211 [4fbc0a64-e4c7-4a69-94fa-9804a8d7871e@group-B3362EA21D26-LeaderElection44] INFO  impl.RaftServerImpl (RaftServerImpl.java:setRole(170)) - 4fbc0a64-e4c7-4a69-94fa-9804a8d7871e@group-B3362EA21D26: changes role from CANDIDATE to FOLLOWER at term 14 for DISCOVERED_A_NEW_TERM
2019-10-17 11:25:14,212 [6ce2c6a7-9144-4b9b-bff9-06be29014ddc@group-B3362EA21D26-LeaderElection46] INFO  impl.RaftServerImpl (RaftServerImpl.java:setRole(170)) - 6ce2c6a7-9144-4b9b-bff9-06be29014ddc@group-B3362EA21D26: changes role from CANDIDATE to FOLLOWER at term 14 for DISCOVERED_A_NEW_TERM
2019-10-17 11:25:14,213 [fd66befe-d3e0-4e51-a202-c759178c3599@group-B3362EA21D26-LeaderElection45] INFO  impl.RaftServerImpl (RaftServerImpl.java:setRole(170)) - fd66befe-d3e0-4e51-a202-c759178c3599@group-B3362EA21D26: changes role from CANDIDATE to FOLLOWER at term 14 for DISCOVERED_A_NEW_TERM
2019-10-17 11:25:14,213 [4fbc0a64-e4c7-4a69-94fa-9804a8d7871e@group-B3362EA21D26-LeaderElection44] INFO  impl.RoleInfo (RoleInfo.java:shutdownLeaderElection(134)) - 4fbc0a64-e4c7-4a69-94fa-9804a8d7871e: shutdown LeaderElection
2019-10-17 11:25:14,213 [fd66befe-d3e0-4e51-a202-c759178c3599@group-B3362EA21D26-LeaderElection45] INFO  impl.RoleInfo (RoleInfo.java:shutdownLeaderElection(134)) - fd66befe-d3e0-4e51-a202-c759178c3599: shutdown LeaderElection
2019-10-17 11:25:14,213 [6ce2c6a7-9144-4b9b-bff9-06be29014ddc@group-B3362EA21D26-LeaderElection46] INFO  impl.RoleInfo (RoleInfo.java:shutdownLeaderElection(134)) - 6ce2c6a7-9144-4b9b-bff9-06be29014ddc: shutdown LeaderElection
2019-10-17 11:25:14,214 [fd66befe-d3e0-4e51-a202-c759178c3599@group-B3362EA21D26-LeaderElection45] INFO  impl.RoleInfo (RoleInfo.java:updateAndGet(143)) - fd66befe-d3e0-4e51-a202-c759178c3599: start FollowerState
2019-10-17 11:25:14,214 [4fbc0a64-e4c7-4a69-94fa-9804a8d7871e@group-B3362EA21D26-LeaderElection44] INFO  impl.RoleInfo (RoleInfo.java:updateAndGet(143)) - 4fbc0a64-e4c7-4a69-94fa-9804a8d7871e: start FollowerState
2019-10-17 11:25:14,214 [6ce2c6a7-9144-4b9b-bff9-06be29014ddc@group-B3362EA21D26-LeaderElection46] INFO  impl.RoleInfo (RoleInfo.java:updateAndGet(143)) - 6ce2c6a7-9144-4b9b-bff9-06be29014ddc: start FollowerState
2019-10-17 11:25:19,343 [Thread-866] INFO  impl.FollowerState (FollowerState.java:run(108)) - 6ce2c6a7-9144-4b9b-bff9-06be29014ddc@group-B3362EA21D26-FollowerState: change to CANDIDATE, lastRpcTime:5128ms, electionTimeout:5128ms
2019-10-17 11:25:19,343 [Thread-866] INFO  impl.RoleInfo (RoleInfo.java:shutdownFollowerState(121)) - 6ce2c6a7-9144-4b9b-bff9-06be29014ddc: shutdown FollowerState
2019-10-17 11:25:19,343 [Thread-866] INFO  impl.RaftServerImpl (RaftServerImpl.java:setRole(170)) - 6ce2c6a7-9144-4b9b-bff9-06be29014ddc@group-B3362EA21D26: changes role from  FOLLOWER to CANDIDATE at term 14 for changeToCandidate
2019-10-17 11:25:19,344 [Thread-866] ERROR ratis.XceiverServerRatis (XceiverServerRatis.java:triggerPipelineClose(582)) - pipeline Action CLOSE  on pipeline PipelineID=38f89504-bce2-46cc-a5df-b3362ea21d26.Reason : 6ce2c6a7-9144-4b9b-bff9-06be29014ddc is in candidate state for 172607ms
2019-10-17 11:25:19,344 [Thread-866] INFO  impl.RoleInfo (RoleInfo.java:updateAndGet(143)) - 6ce2c6a7-9144-4b9b-bff9-06be29014ddc: start LeaderElection
2019-10-17 11:25:19,346 [Thread-865] INFO  impl.FollowerState (FollowerState.java:run(108)) - fd66befe-d3e0-4e51-a202-c759178c3599@group-B3362EA21D26-FollowerState: change to CANDIDATE, lastRpcTime:5132ms, electionTimeout:5132ms
2019-10-17 11:25:19,347 [Thread-865] INFO  impl.RoleInfo (RoleInfo.java:shutdownFollowerState(121)) - fd66befe-d3e0-4e51-a202-c759178c3599: shutdown FollowerState
2019-10-17 11:25:19,347 [Thread-865] INFO  impl.RaftServerImpl (RaftServerImpl.java:setRole(170)) - fd66befe-d3e0-4e51-a202-c759178c3599@group-B3362EA21D26: changes role from  FOLLOWER to CANDIDATE at term 14 for changeToCandidate
2019-10-17 11:25:19,347 [Thread-865] ERROR ratis.XceiverServerRatis (XceiverServerRatis.java:triggerPipelineClose(582)) - pipeline Action CLOSE  on pipeline PipelineID=38f89504-bce2-46cc-a5df-b3362ea21d26.Reason : fd66befe-d3e0-4e51-a202-c759178c3599 is in candidate state for 172611ms
2019-10-17 11:25:19,347 [Thread-865] INFO  impl.RoleInfo (RoleInfo.java:updateAndGet(143)) - fd66befe-d3e0-4e51-a202-c759178c3599: start LeaderElection
2019-10-17 11:25:19,397 [Thread-864] INFO  impl.FollowerState (FollowerState.java:run(108)) - 4fbc0a64-e4c7-4a69-94fa-9804a8d7871e@group-B3362EA21D26-FollowerState: change to CANDIDATE, lastRpcTime:5183ms, electionTimeout:5183ms
2019-10-17 11:25:19,398 [Thread-864] INFO  impl.RoleInfo (RoleInfo.java:shutdownFollowerState(121)) - 4fbc0a64-e4c7-4a69-94fa-9804a8d7871e: shutdown FollowerState
2019-10-17 11:25:19,398 [Thread-864] INFO  impl.RaftServerImpl (RaftServerImpl.java:setRole(170)) - 4fbc0a64-e4c7-4a69-94fa-9804a8d7871e@group-B3362EA21D26: changes role from  FOLLOWER to CANDIDATE at term 14 for changeToCandidate
2019-10-17 11:25:19,398 [Thread-864] ERROR ratis.XceiverServerRatis (XceiverServerRatis.java:triggerPipelineClose(582)) - pipeline Action CLOSE  on pipeline PipelineID=38f89504-bce2-46cc-a5df-b3362ea21d26.Reason : 4fbc0a64-e4c7-4a69-94fa-9804a8d7871e is in candidate state for 172662ms
2019-10-17 11:25:19,398 [Thread-864] INFO  impl.RoleInfo (RoleInfo.java:updateAndGet(143)) - 4fbc0a64-e4c7-4a69-94fa-9804a8d7871e: start LeaderElection
2019-10-17 11:25:19,754 [EventQueue-PipelineActionsForPipelineActionHandler] ERROR pipeline.PipelineActionHandler (PipelineActionHandler.java:onMessage(60)) - Received pipeline action CLOSE for Pipeline[ Id: 38f89504-bce2-46cc-a5df-b3362ea21d26, Nodes: fd66befe-d3e0-4e51-a202-c759178c3599{ip: 192.168.164.239, host: pr-hdds-1569-jxtqp-958769943, networkLocation: /default-rack, certSerialId: null}4fbc0a64-e4c7-4a69-94fa-9804a8d7871e{ip: 192.168.164.239, host: pr-hdds-1569-jxtqp-958769943, networkLocation: /default-rack, certSerialId: null}6ce2c6a7-9144-4b9b-bff9-06be29014ddc{ip: 192.168.164.239, host: pr-hdds-1569-jxtqp-958769943, networkLocation: /default-rack, certSerialId: null}, Type:RATIS, Factor:THREE, State:CLOSED] from datanode 4fbc0a64-e4c7-4a69-94fa-9804a8d7871e{ip: 192.168.164.239, host: pr-hdds-1569-jxtqp-958769943, networkLocation: /default-rack, certSerialId: null}. Reason : 4fbc0a64-e4c7-4a69-94fa-9804a8d7871e is in candidate state for 172662ms
2019-10-17 11:25:19,754 [EventQueue-PipelineActionsForPipelineActionHandler] INFO  pipeline.SCMPipelineManager (SCMPipelineManager.java:finalizeAndDestroyPipeline(343)) - destroying pipeline:Pipeline[ Id: 38f89504-bce2-46cc-a5df-b3362ea21d26, Nodes: fd66befe-d3e0-4e51-a202-c759178c3599{ip: 192.168.164.239, host: pr-hdds-1569-jxtqp-958769943, networkLocation: /default-rack, certSerialId: null}4fbc0a64-e4c7-4a69-94fa-9804a8d7871e{ip: 192.168.164.239, host: pr-hdds-1569-jxtqp-958769943, networkLocation: /default-rack, certSerialId: null}6ce2c6a7-9144-4b9b-bff9-06be29014ddc{ip: 192.168.164.239, host: pr-hdds-1569-jxtqp-958769943, networkLocation: /default-rack, certSerialId: null}, Type:RATIS, Factor:THREE, State:CLOSED]
2019-10-17 11:25:19,986 [EventQueue-PipelineActionsForPipelineActionHandler] ERROR pipeline.PipelineActionHandler (PipelineActionHandler.java:onMessage(60)) - Received pipeline action CLOSE for Pipeline[ Id: 38f89504-bce2-46cc-a5df-b3362ea21d26, Nodes: fd66befe-d3e0-4e51-a202-c759178c3599{ip: 192.168.164.239, host: pr-hdds-1569-jxtqp-958769943, networkLocation: /default-rack, certSerialId: null}4fbc0a64-e4c7-4a69-94fa-9804a8d7871e{ip: 192.168.164.239, host: pr-hdds-1569-jxtqp-958769943, networkLocation: /default-rack, certSerialId: null}6ce2c6a7-9144-4b9b-bff9-06be29014ddc{ip: 192.168.164.239, host: pr-hdds-1569-jxtqp-958769943, networkLocation: /default-rack, certSerialId: null}, Type:RATIS, Factor:THREE, State:CLOSED] from datanode 6ce2c6a7-9144-4b9b-bff9-06be29014ddc{ip: 192.168.164.239, host: pr-hdds-1569-jxtqp-958769943, networkLocation: /default-rack, certSerialId: null}. Reason : 6ce2c6a7-9144-4b9b-bff9-06be29014ddc is in candidate state for 172607ms
2019-10-17 11:25:19,986 [EventQueue-PipelineActionsForPipelineActionHandler] INFO  pipeline.SCMPipelineManager (SCMPipelineManager.java:finalizeAndDestroyPipeline(343)) - destroying pipeline:Pipeline[ Id: 38f89504-bce2-46cc-a5df-b3362ea21d26, Nodes: fd66befe-d3e0-4e51-a202-c759178c3599{ip: 192.168.164.239, host: pr-hdds-1569-jxtqp-958769943, networkLocation: /default-rack, certSerialId: null}4fbc0a64-e4c7-4a69-94fa-9804a8d7871e{ip: 192.168.164.239, host: pr-hdds-1569-jxtqp-958769943, networkLocation: /default-rack, certSerialId: null}6ce2c6a7-9144-4b9b-bff9-06be29014ddc{ip: 192.168.164.239, host: pr-hdds-1569-jxtqp-958769943, networkLocation: /default-rack, certSerialId: null}, Type:RATIS, Factor:THREE, State:CLOSED]
2019-10-17 11:25:19,987 [EventQueue-PipelineActionsForPipelineActionHandler] ERROR pipeline.PipelineActionHandler (PipelineActionHandler.java:onMessage(60)) - Received pipeline action CLOSE for Pipeline[ Id: 38f89504-bce2-46cc-a5df-b3362ea21d26, Nodes: fd66befe-d3e0-4e51-a202-c759178c3599{ip: 192.168.164.239, host: pr-hdds-1569-jxtqp-958769943, networkLocation: /default-rack, certSerialId: null}4fbc0a64-e4c7-4a69-94fa-9804a8d7871e{ip: 192.168.164.239, host: pr-hdds-1569-jxtqp-958769943, networkLocation: /default-rack, certSerialId: null}6ce2c6a7-9144-4b9b-bff9-06be29014ddc{ip: 192.168.164.239, host: pr-hdds-1569-jxtqp-958769943, networkLocation: /default-rack, certSerialId: null}, Type:RATIS, Factor:THREE, State:CLOSED] from datanode fd66befe-d3e0-4e51-a202-c759178c3599{ip: 192.168.164.239, host: pr-hdds-1569-jxtqp-958769943, networkLocation: /default-rack, certSerialId: null}. Reason : fd66befe-d3e0-4e51-a202-c759178c3599 is in candidate state for 172611ms
2019-10-17 11:25:19,987 [EventQueue-PipelineActionsForPipelineActionHandler] INFO  pipeline.SCMPipelineManager (SCMPipelineManager.java:finalizeAndDestroyPipeline(343)) - destroying pipeline:Pipeline[ Id: 38f89504-bce2-46cc-a5df-b3362ea21d26, Nodes: fd66befe-d3e0-4e51-a202-c759178c3599{ip: 192.168.164.239, host: pr-hdds-1569-jxtqp-958769943, networkLocation: /default-rack, certSerialId: null}4fbc0a64-e4c7-4a69-94fa-9804a8d7871e{ip: 192.168.164.239, host: pr-hdds-1569-jxtqp-958769943, networkLocation: /default-rack, certSerialId: null}6ce2c6a7-9144-4b9b-bff9-06be29014ddc{ip: 192.168.164.239, host: pr-hdds-1569-jxtqp-958769943, networkLocation: /default-rack, certSerialId: null}, Type:RATIS, Factor:THREE, State:CLOSED]
2019-10-17 11:25:28,858 [main] WARN  io.KeyOutputStream (KeyOutputStream.java:handleException(274)) - Encountered exception java.io.IOException: Unexpected Storage Container Exception: java.util.concurrent.CompletionException: java.util.concurrent.CompletionException: org.apache.ratis.protocol.RaftRetryFailureException: Failed RaftClientRequest:client-3B300510ECD1->fd66befe-d3e0-4e51-a202-c759178c3599@group-B3362EA21D26, cid=9, seq=1*, RW, cmdType: WriteChunk
traceID: "bfd9cca17c3bc43:bfd9cca17c3bc43:0:0"
containerID: 1
datanodeUuid: "fd66befe-d3e0-4e51-a202-c759178c3599"
writeChunk {
  blockID {
    containerID: 1
    localID: 102977460490797056
    blockCommitSequenceId: 0
  }
  chunkData {
    chunkName: "102977460490797056_chunk_1"
    offset: 0
    len: 100
    checksumData {
      type: CRC32
      bytesPerChecksum: 1048576
      checksums: "\000\000\000\000\243o\000#"
    }
  }
}
, data.size=100 for 180 attempts with RetryLimited(maxAttempts=180, sleepTime=1000ms) on the pipeline Pipeline[ Id: 38f89504-bce2-46cc-a5df-b3362ea21d26, Nodes: fd66befe-d3e0-4e51-a202-c759178c3599{ip: 192.168.164.239, host: pr-hdds-1569-jxtqp-958769943, networkLocation: /default-rack, certSerialId: null}4fbc0a64-e4c7-4a69-94fa-9804a8d7871e{ip: 192.168.164.239, host: pr-hdds-1569-jxtqp-958769943, networkLocation: /default-rack, certSerialId: null}6ce2c6a7-9144-4b9b-bff9-06be29014ddc{ip: 192.168.164.239, host: pr-hdds-1569-jxtqp-958769943, networkLocation: /default-rack, certSerialId: null}, Type:RATIS, Factor:THREE, State:OPEN]. The last committed block length is 0, uncommitted data length is 250 retry count 0
2019-10-17 11:25:31,403 [fd66befe-d3e0-4e51-a202-c759178c3599@group-B3362EA21D26-LeaderElection48] INFO  impl.LeaderElection (LeaderElection.java:askForVotes(178)) - fd66befe-d3e0-4e51-a202-c759178c3599@group-B3362EA21D26-LeaderElection48: begin an election at term 15 for -1: [4fbc0a64-e4c7-4a69-94fa-9804a8d7871e:192.168.164.239:39296, 6ce2c6a7-9144-4b9b-bff9-06be29014ddc:192.168.164.239:34720, fd66befe-d3e0-4e51-a202-c759178c3599:192.168.164.239:40732], old=null
2019-10-17 11:25:31,403 [4fbc0a64-e4c7-4a69-94fa-9804a8d7871e@group-B3362EA21D26-LeaderElection49] INFO  impl.LeaderElection (LeaderElection.java:askForVotes(178)) - 4fbc0a64-e4c7-4a69-94fa-9804a8d7871e@group-B3362EA21D26-LeaderElection49: begin an election at term 15 for -1: [4fbc0a64-e4c7-4a69-94fa-9804a8d7871e:192.168.164.239:39296, 6ce2c6a7-9144-4b9b-bff9-06be29014ddc:192.168.164.239:34720, fd66befe-d3e0-4e51-a202-c759178c3599:192.168.164.239:40732], old=null
2019-10-17 11:25:31,403 [6ce2c6a7-9144-4b9b-bff9-06be29014ddc@group-B3362EA21D26-LeaderElection47] INFO  impl.LeaderElection (LeaderElection.java:askForVotes(178)) - 6ce2c6a7-9144-4b9b-bff9-06be29014ddc@group-B3362EA21D26-LeaderElection47: begin an election at term 15 for -1: [4fbc0a64-e4c7-4a69-94fa-9804a8d7871e:192.168.164.239:39296, 6ce2c6a7-9144-4b9b-bff9-06be29014ddc:192.168.164.239:34720, fd66befe-d3e0-4e51-a202-c759178c3599:192.168.164.239:40732], old=null
2019-10-17 11:25:31,409 [6ce2c6a7-9144-4b9b-bff9-06be29014ddc@group-B3362EA21D26-LeaderElection47] INFO  impl.LeaderElection (LeaderElection.java:logAndReturn(56)) - 6ce2c6a7-9144-4b9b-bff9-06be29014ddc@group-B3362EA21D26-LeaderElection47: Election REJECTED; received 2 response(s) [6ce2c6a7-9144-4b9b-bff9-06be29014ddc<-4fbc0a64-e4c7-4a69-94fa-9804a8d7871e#0:FAIL-t15, 6ce2c6a7-9144-4b9b-bff9-06be29014ddc<-fd66befe-d3e0-4e51-a202-c759178c3599#0:FAIL-t15] and 0 exception(s); 6ce2c6a7-9144-4b9b-bff9-06be29014ddc@group-B3362EA21D26:t15, leader=null, voted=6ce2c6a7-9144-4b9b-bff9-06be29014ddc, raftlog=6ce2c6a7-9144-4b9b-bff9-06be29014ddc@group-B3362EA21D26-SegmentedRaftLog:OPENED:c-1,f-1,i0, conf=-1: [4fbc0a64-e4c7-4a69-94fa-9804a8d7871e:192.168.164.239:39296, 6ce2c6a7-9144-4b9b-bff9-06be29014ddc:192.168.164.239:34720, fd66befe-d3e0-4e51-a202-c759178c3599:192.168.164.239:40732], old=null
2019-10-17 11:25:31,409 [6ce2c6a7-9144-4b9b-bff9-06be29014ddc@group-B3362EA21D26-LeaderElection47] INFO  impl.RaftServerImpl (RaftServerImpl.java:setRole(170)) - 6ce2c6a7-9144-4b9b-bff9-06be29014ddc@group-B3362EA21D26: changes role from CANDIDATE to FOLLOWER at term 15 for DISCOVERED_A_NEW_TERM
2019-10-17 11:25:31,409 [fd66befe-d3e0-4e51-a202-c759178c3599@group-B3362EA21D26-LeaderElection48] INFO  impl.LeaderElection (LeaderElection.java:logAndReturn(56)) - fd66befe-d3e0-4e51-a202-c759178c3599@group-B3362EA21D26-LeaderElection48: Election REJECTED; received 2 response(s) [fd66befe-d3e0-4e51-a202-c759178c3599<-4fbc0a64-e4c7-4a69-94fa-9804a8d7871e#0:FAIL-t15, fd66befe-d3e0-4e51-a202-c759178c3599<-6ce2c6a7-9144-4b9b-bff9-06be29014ddc#0:FAIL-t15] and 0 exception(s); fd66befe-d3e0-4e51-a202-c759178c3599@group-B3362EA21D26:t15, leader=null, voted=fd66befe-d3e0-4e51-a202-c759178c3599, raftlog=fd66befe-d3e0-4e51-a202-c759178c3599@group-B3362EA21D26-SegmentedRaftLog:OPENED:c-1,f-1,i0, conf=-1: [4fbc0a64-e4c7-4a69-94fa-9804a8d7871e:192.168.164.239:39296, 6ce2c6a7-9144-4b9b-bff9-06be29014ddc:192.168.164.239:34720, fd66befe-d3e0-4e51-a202-c759178c3599:192.168.164.239:40732], old=null
2019-10-17 11:25:31,409 [6ce2c6a7-9144-4b9b-bff9-06be29014ddc@group-B3362EA21D26-LeaderElection47] INFO  impl.RoleInfo (RoleInfo.java:shutdownLeaderElection(134)) - 6ce2c6a7-9144-4b9b-bff9-06be29014ddc: shutdown LeaderElection
2019-10-17 11:25:31,410 [fd66befe-d3e0-4e51-a202-c759178c3599@group-B3362EA21D26-LeaderElection48] INFO  impl.RaftServerImpl (RaftServerImpl.java:setRole(170)) - fd66befe-d3e0-4e51-a202-c759178c3599@group-B3362EA21D26: changes role from CANDIDATE to FOLLOWER at term 15 for DISCOVERED_A_NEW_TERM
2019-10-17 11:25:31,411 [fd66befe-d3e0-4e51-a202-c759178c3599@group-B3362EA21D26-LeaderElection48] INFO  impl.RoleInfo (RoleInfo.java:shutdownLeaderElection(134)) - fd66befe-d3e0-4e51-a202-c759178c3599: shutdown LeaderElection
2019-10-17 11:25:31,411 [6ce2c6a7-9144-4b9b-bff9-06be29014ddc@group-B3362EA21D26-LeaderElection47] INFO  impl.RoleInfo (RoleInfo.java:updateAndGet(143)) - 6ce2c6a7-9144-4b9b-bff9-06be29014ddc: start FollowerState
2019-10-17 11:25:31,411 [fd66befe-d3e0-4e51-a202-c759178c3599@group-B3362EA21D26-LeaderElection48] INFO  impl.RoleInfo (RoleInfo.java:updateAndGet(143)) - fd66befe-d3e0-4e51-a202-c759178c3599: start FollowerState
2019-10-17 11:25:31,411 [4fbc0a64-e4c7-4a69-94fa-9804a8d7871e@group-B3362EA21D26-LeaderElection49] INFO  impl.LeaderElection (LeaderElection.java:logAndReturn(56)) - 4fbc0a64-e4c7-4a69-94fa-9804a8d7871e@group-B3362EA21D26-LeaderElection49: Election REJECTED; received 2 response(s) [4fbc0a64-e4c7-4a69-94fa-9804a8d7871e<-6ce2c6a7-9144-4b9b-bff9-06be29014ddc#0:FAIL-t15, 4fbc0a64-e4c7-4a69-94fa-9804a8d7871e<-fd66befe-d3e0-4e51-a202-c759178c3599#0:FAIL-t15] and 0 exception(s); 4fbc0a64-e4c7-4a69-94fa-9804a8d7871e@group-B3362EA21D26:t15, leader=null, voted=4fbc0a64-e4c7-4a69-94fa-9804a8d7871e, raftlog=4fbc0a64-e4c7-4a69-94fa-9804a8d7871e@group-B3362EA21D26-SegmentedRaftLog:OPENED:c-1,f-1,i0, conf=-1: [4fbc0a64-e4c7-4a69-94fa-9804a8d7871e:192.168.164.239:39296, 6ce2c6a7-9144-4b9b-bff9-06be29014ddc:192.168.164.239:34720, fd66befe-d3e0-4e51-a202-c759178c3599:192.168.164.239:40732], old=null
2019-10-17 11:25:31,412 [4fbc0a64-e4c7-4a69-94fa-9804a8d7871e@group-B3362EA21D26-LeaderElection49] INFO  impl.RaftServerImpl (RaftServerImpl.java:setRole(170)) - 4fbc0a64-e4c7-4a69-94fa-9804a8d7871e@group-B3362EA21D26: changes role from CANDIDATE to FOLLOWER at term 15 for DISCOVERED_A_NEW_TERM
2019-10-17 11:25:31,412 [4fbc0a64-e4c7-4a69-94fa-9804a8d7871e@group-B3362EA21D26-LeaderElection49] INFO  impl.RoleInfo (RoleInfo.java:shutdownLeaderElection(134)) - 4fbc0a64-e4c7-4a69-94fa-9804a8d7871e: shutdown LeaderElection
2019-10-17 11:25:31,412 [4fbc0a64-e4c7-4a69-94fa-9804a8d7871e@group-B3362EA21D26-LeaderElection49] INFO  impl.RoleInfo (RoleInfo.java:updateAndGet(143)) - 4fbc0a64-e4c7-4a69-94fa-9804a8d7871e: start FollowerState
2019-10-17 11:25:33,837 [java.util.concurrent.ThreadPoolExecutor$Worker@7e9e81f4[State = -1, empty queue]] ERROR client.GrpcClientProtocolClient (GrpcClientProtocolClient.java:close(148)) - Unexpected exception while waiting for channel termination
java.lang.InterruptedException
	at java.util.concurrent.locks.AbstractQueuedSynchronizer.tryAcquireSharedNanos(AbstractQueuedSynchronizer.java:1326)
	at java.util.concurrent.CountDownLatch.await(CountDownLatch.java:277)
	at org.apache.ratis.thirdparty.io.grpc.internal.ManagedChannelImpl.awaitTermination(ManagedChannelImpl.java:763)
	at org.apache.ratis.thirdparty.io.grpc.internal.ForwardingManagedChannel.awaitTermination(ForwardingManagedChannel.java:57)
	at org.apache.ratis.thirdparty.io.grpc.internal.ManagedChannelOrphanWrapper.awaitTermination(ManagedChannelOrphanWrapper.java:70)
	at org.apache.ratis.grpc.client.GrpcClientProtocolClient.close(GrpcClientProtocolClient.java:146)
	at org.apache.ratis.util.PeerProxyMap$PeerAndProxy.lambda$close$1(PeerProxyMap.java:74)
	at org.apache.ratis.util.LifeCycle.lambda$checkStateAndClose$2(LifeCycle.java:231)
	at org.apache.ratis.util.LifeCycle.checkStateAndClose(LifeCycle.java:251)
	at org.apache.ratis.util.LifeCycle.checkStateAndClose(LifeCycle.java:229)
	at org.apache.ratis.util.PeerProxyMap$PeerAndProxy.close(PeerProxyMap.java:70)
	at org.apache.ratis.util.PeerProxyMap.resetProxy(PeerProxyMap.java:127)
	at org.apache.ratis.util.PeerProxyMap.handleException(PeerProxyMap.java:136)
	at org.apache.ratis.client.impl.RaftClientRpcWithProxy.handleException(RaftClientRpcWithProxy.java:47)
	at org.apache.ratis.client.impl.RaftClientImpl.handleIOException(RaftClientImpl.java:372)
	at org.apache.ratis.client.impl.OrderedAsync.lambda$sendRequest$10(OrderedAsync.java:236)
	at java.util.concurrent.CompletableFuture.uniExceptionally(CompletableFuture.java:870)
	at java.util.concurrent.CompletableFuture$UniExceptionally.tryFire(CompletableFuture.java:852)
	at java.util.concurrent.CompletableFuture.postComplete(CompletableFuture.java:474)
	at java.util.concurrent.CompletableFuture.completeExceptionally(CompletableFuture.java:1977)
	at org.apache.ratis.grpc.client.GrpcClientProtocolClient$AsyncStreamObservers.lambda$timeoutCheck$3(GrpcClientProtocolClient.java:324)
	at java.util.Optional.ifPresent(Optional.java:159)
	at org.apache.ratis.grpc.client.GrpcClientProtocolClient$AsyncStreamObservers.handleReplyFuture(GrpcClientProtocolClient.java:329)
	at org.apache.ratis.grpc.client.GrpcClientProtocolClient$AsyncStreamObservers.timeoutCheck(GrpcClientProtocolClient.java:324)
	at org.apache.ratis.grpc.client.GrpcClientProtocolClient$AsyncStreamObservers.lambda$onNext$1(GrpcClientProtocolClient.java:318)
	at org.apache.ratis.util.TimeoutScheduler.lambda$onTimeout$0(TimeoutScheduler.java:113)
	at org.apache.ratis.util.TimeoutScheduler.lambda$onTimeout$1(TimeoutScheduler.java:133)
	at org.apache.ratis.util.LogUtils.runAndLog(LogUtils.java:50)
	at org.apache.ratis.util.LogUtils$1.run(LogUtils.java:91)
	at java.util.concurrent.Executors$RunnableAdapter.call(Executors.java:511)
	at java.util.concurrent.FutureTask.run(FutureTask.java:266)
	at java.util.concurrent.ScheduledThreadPoolExecutor$ScheduledFutureTask.access$201(ScheduledThreadPoolExecutor.java:180)
	at java.util.concurrent.ScheduledThreadPoolExecutor$ScheduledFutureTask.run(ScheduledThreadPoolExecutor.java:293)
	at java.util.concurrent.ThreadPoolExecutor.runWorker(ThreadPoolExecutor.java:1149)
	at java.util.concurrent.ThreadPoolExecutor$Worker.run(ThreadPoolExecutor.java:624)
	at java.lang.Thread.run(Thread.java:748)
2019-10-17 11:25:33,840 [java.util.concurrent.ThreadPoolExecutor$Worker@7e9e81f4[State = -1, empty queue]] WARN  util.TimeoutScheduler (LogUtils.java:runAndLog(55)) - Failed to task #0: java.lang.NullPointerException
2019-10-17 11:25:33,865 [java.util.concurrent.ThreadPoolExecutor$Worker@6caa7237[State = -1, empty queue]] WARN  server.GrpcLogAppender (GrpcLogAppender.java:timeoutAppendRequest(200)) - 6ce2c6a7-9144-4b9b-bff9-06be29014ddc@group-4155E8207270->fd66befe-d3e0-4e51-a202-c759178c3599-GrpcLogAppender: appendEntries Timeout, request=6ce2c6a7-9144-4b9b-bff9-06be29014ddc->fd66befe-d3e0-4e51-a202-c759178c3599#73-t1, previous=(t:1, i:0), leaderCommit=0, initializing? false, entries: size=1, first=(t:1, i:1), STATEMACHINELOGENTRY, client-AA65EA2471D0, cid=13
2019-10-17 11:25:33,865 [java.util.concurrent.ThreadPoolExecutor$Worker@75bafae6[State = -1, empty queue]] WARN  server.GrpcLogAppender (GrpcLogAppender.java:timeoutAppendRequest(200)) - 6ce2c6a7-9144-4b9b-bff9-06be29014ddc@group-4155E8207270->4fbc0a64-e4c7-4a69-94fa-9804a8d7871e-GrpcLogAppender: appendEntries Timeout, request=6ce2c6a7-9144-4b9b-bff9-06be29014ddc->4fbc0a64-e4c7-4a69-94fa-9804a8d7871e#73-t1, previous=(t:1, i:0), leaderCommit=0, initializing? false, entries: size=1, first=(t:1, i:1), STATEMACHINELOGENTRY, client-AA65EA2471D0, cid=13
2019-10-17 11:25:36,365 [java.util.concurrent.ThreadPoolExecutor$Worker@6caa7237[State = -1, empty queue]] WARN  server.GrpcLogAppender (GrpcLogAppender.java:timeoutAppendRequest(200)) - 6ce2c6a7-9144-4b9b-bff9-06be29014ddc@group-4155E8207270->fd66befe-d3e0-4e51-a202-c759178c3599-GrpcLogAppender: appendEntries Timeout, request=6ce2c6a7-9144-4b9b-bff9-06be29014ddc->fd66befe-d3e0-4e51-a202-c759178c3599#74-t1, previous=(t:1, i:1), leaderCommit=0, initializing? false, entries: <empty>
2019-10-17 11:25:36,366 [java.util.concurrent.ThreadPoolExecutor$Worker@75bafae6[State = -1, empty queue]] WARN  server.GrpcLogAppender (GrpcLogAppender.java:timeoutAppendRequest(200)) - 6ce2c6a7-9144-4b9b-bff9-06be29014ddc@group-4155E8207270->4fbc0a64-e4c7-4a69-94fa-9804a8d7871e-GrpcLogAppender: appendEntries Timeout, request=6ce2c6a7-9144-4b9b-bff9-06be29014ddc->4fbc0a64-e4c7-4a69-94fa-9804a8d7871e#74-t1, previous=(t:1, i:1), leaderCommit=0, initializing? false, entries: <empty>
2019-10-17 11:25:36,429 [Thread-929] INFO  impl.FollowerState (FollowerState.java:run(108)) - 6ce2c6a7-9144-4b9b-bff9-06be29014ddc@group-B3362EA21D26-FollowerState: change to CANDIDATE, lastRpcTime:5018ms, electionTimeout:5017ms
2019-10-17 11:25:36,429 [Thread-929] INFO  impl.RoleInfo (RoleInfo.java:shutdownFollowerState(121)) - 6ce2c6a7-9144-4b9b-bff9-06be29014ddc: shutdown FollowerState
2019-10-17 11:25:36,429 [Thread-929] INFO  impl.RaftServerImpl (RaftServerImpl.java:setRole(170)) - 6ce2c6a7-9144-4b9b-bff9-06be29014ddc@group-B3362EA21D26: changes role from  FOLLOWER to CANDIDATE at term 15 for changeToCandidate
2019-10-17 11:25:36,430 [Thread-929] ERROR ratis.XceiverServerRatis (XceiverServerRatis.java:triggerPipelineClose(582)) - pipeline Action CLOSE  on pipeline PipelineID=38f89504-bce2-46cc-a5df-b3362ea21d26.Reason : 6ce2c6a7-9144-4b9b-bff9-06be29014ddc is in candidate state for 189693ms
2019-10-17 11:25:36,430 [Thread-929] INFO  impl.RoleInfo (RoleInfo.java:updateAndGet(143)) - 6ce2c6a7-9144-4b9b-bff9-06be29014ddc: start LeaderElection
2019-10-17 11:25:36,557 [Thread-930] INFO  impl.FollowerState (FollowerState.java:run(108)) - fd66befe-d3e0-4e51-a202-c759178c3599@group-B3362EA21D26-FollowerState: change to CANDIDATE, lastRpcTime:5145ms, electionTimeout:5145ms
2019-10-17 11:25:36,557 [Thread-930] INFO  impl.RoleInfo (RoleInfo.java:shutdownFollowerState(121)) - fd66befe-d3e0-4e51-a202-c759178c3599: shutdown FollowerState
2019-10-17 11:25:36,557 [Thread-930] INFO  impl.RaftServerImpl (RaftServerImpl.java:setRole(170)) - fd66befe-d3e0-4e51-a202-c759178c3599@group-B3362EA21D26: changes role from  FOLLOWER to CANDIDATE at term 15 for changeToCandidate
2019-10-17 11:25:36,557 [Thread-930] ERROR ratis.XceiverServerRatis (XceiverServerRatis.java:triggerPipelineClose(582)) - pipeline Action CLOSE  on pipeline PipelineID=38f89504-bce2-46cc-a5df-b3362ea21d26.Reason : fd66befe-d3e0-4e51-a202-c759178c3599 is in candidate state for 189821ms
2019-10-17 11:25:36,558 [Thread-930] INFO  impl.RoleInfo (RoleInfo.java:updateAndGet(143)) - fd66befe-d3e0-4e51-a202-c759178c3599: start LeaderElection
2019-10-17 11:25:36,559 [Thread-931] INFO  impl.FollowerState (FollowerState.java:run(108)) - 4fbc0a64-e4c7-4a69-94fa-9804a8d7871e@group-B3362EA21D26-FollowerState: change to CANDIDATE, lastRpcTime:5147ms, electionTimeout:5146ms
2019-10-17 11:25:36,559 [Thread-931] INFO  impl.RoleInfo (RoleInfo.java:shutdownFollowerState(121)) - 4fbc0a64-e4c7-4a69-94fa-9804a8d7871e: shutdown FollowerState
2019-10-17 11:25:36,560 [Thread-931] INFO  impl.RaftServerImpl (RaftServerImpl.java:setRole(170)) - 4fbc0a64-e4c7-4a69-94fa-9804a8d7871e@group-B3362EA21D26: changes role from  FOLLOWER to CANDIDATE at term 15 for changeToCandidate
2019-10-17 11:25:36,560 [Thread-931] ERROR ratis.XceiverServerRatis (XceiverServerRatis.java:triggerPipelineClose(582)) - pipeline Action CLOSE  on pipeline PipelineID=38f89504-bce2-46cc-a5df-b3362ea21d26.Reason : 4fbc0a64-e4c7-4a69-94fa-9804a8d7871e is in candidate state for 189824ms
2019-10-17 11:25:36,560 [Thread-931] INFO  impl.RoleInfo (RoleInfo.java:updateAndGet(143)) - 4fbc0a64-e4c7-4a69-94fa-9804a8d7871e: start LeaderElection
2019-10-17 11:25:36,754 [EventQueue-PipelineActionsForPipelineActionHandler] ERROR pipeline.PipelineActionHandler (PipelineActionHandler.java:onMessage(60)) - Received pipeline action CLOSE for Pipeline[ Id: 38f89504-bce2-46cc-a5df-b3362ea21d26, Nodes: fd66befe-d3e0-4e51-a202-c759178c3599{ip: 192.168.164.239, host: pr-hdds-1569-jxtqp-958769943, networkLocation: /default-rack, certSerialId: null}4fbc0a64-e4c7-4a69-94fa-9804a8d7871e{ip: 192.168.164.239, host: pr-hdds-1569-jxtqp-958769943, networkLocation: /default-rack, certSerialId: null}6ce2c6a7-9144-4b9b-bff9-06be29014ddc{ip: 192.168.164.239, host: pr-hdds-1569-jxtqp-958769943, networkLocation: /default-rack, certSerialId: null}, Type:RATIS, Factor:THREE, State:CLOSED] from datanode 4fbc0a64-e4c7-4a69-94fa-9804a8d7871e{ip: 192.168.164.239, host: pr-hdds-1569-jxtqp-958769943, networkLocation: /default-rack, certSerialId: null}. Reason : 4fbc0a64-e4c7-4a69-94fa-9804a8d7871e is in candidate state for 189824ms
2019-10-17 11:25:36,754 [EventQueue-PipelineActionsForPipelineActionHandler] INFO  pipeline.SCMPipelineManager (SCMPipelineManager.java:finalizeAndDestroyPipeline(343)) - destroying pipeline:Pipeline[ Id: 38f89504-bce2-46cc-a5df-b3362ea21d26, Nodes: fd66befe-d3e0-4e51-a202-c759178c3599{ip: 192.168.164.239, host: pr-hdds-1569-jxtqp-958769943, networkLocation: /default-rack, certSerialId: null}4fbc0a64-e4c7-4a69-94fa-9804a8d7871e{ip: 192.168.164.239, host: pr-hdds-1569-jxtqp-958769943, networkLocation: /default-rack, certSerialId: null}6ce2c6a7-9144-4b9b-bff9-06be29014ddc{ip: 192.168.164.239, host: pr-hdds-1569-jxtqp-958769943, networkLocation: /default-rack, certSerialId: null}, Type:RATIS, Factor:THREE, State:CLOSED]
2019-10-17 11:25:36,990 [EventQueue-PipelineActionsForPipelineActionHandler] ERROR pipeline.PipelineActionHandler (PipelineActionHandler.java:onMessage(60)) - Received pipeline action CLOSE for Pipeline[ Id: 38f89504-bce2-46cc-a5df-b3362ea21d26, Nodes: fd66befe-d3e0-4e51-a202-c759178c3599{ip: 192.168.164.239, host: pr-hdds-1569-jxtqp-958769943, networkLocation: /default-rack, certSerialId: null}4fbc0a64-e4c7-4a69-94fa-9804a8d7871e{ip: 192.168.164.239, host: pr-hdds-1569-jxtqp-958769943, networkLocation: /default-rack, certSerialId: null}6ce2c6a7-9144-4b9b-bff9-06be29014ddc{ip: 192.168.164.239, host: pr-hdds-1569-jxtqp-958769943, networkLocation: /default-rack, certSerialId: null}, Type:RATIS, Factor:THREE, State:CLOSED] from datanode 6ce2c6a7-9144-4b9b-bff9-06be29014ddc{ip: 192.168.164.239, host: pr-hdds-1569-jxtqp-958769943, networkLocation: /default-rack, certSerialId: null}. Reason : 6ce2c6a7-9144-4b9b-bff9-06be29014ddc is in candidate state for 189693ms
2019-10-17 11:25:36,991 [EventQueue-PipelineActionsForPipelineActionHandler] INFO  pipeline.SCMPipelineManager (SCMPipelineManager.java:finalizeAndDestroyPipeline(343)) - destroying pipeline:Pipeline[ Id: 38f89504-bce2-46cc-a5df-b3362ea21d26, Nodes: fd66befe-d3e0-4e51-a202-c759178c3599{ip: 192.168.164.239, host: pr-hdds-1569-jxtqp-958769943, networkLocation: /default-rack, certSerialId: null}4fbc0a64-e4c7-4a69-94fa-9804a8d7871e{ip: 192.168.164.239, host: pr-hdds-1569-jxtqp-958769943, networkLocation: /default-rack, certSerialId: null}6ce2c6a7-9144-4b9b-bff9-06be29014ddc{ip: 192.168.164.239, host: pr-hdds-1569-jxtqp-958769943, networkLocation: /default-rack, certSerialId: null}, Type:RATIS, Factor:THREE, State:CLOSED]
2019-10-17 11:25:36,991 [EventQueue-PipelineActionsForPipelineActionHandler] ERROR pipeline.PipelineActionHandler (PipelineActionHandler.java:onMessage(60)) - Received pipeline action CLOSE for Pipeline[ Id: 38f89504-bce2-46cc-a5df-b3362ea21d26, Nodes: fd66befe-d3e0-4e51-a202-c759178c3599{ip: 192.168.164.239, host: pr-hdds-1569-jxtqp-958769943, networkLocation: /default-rack, certSerialId: null}4fbc0a64-e4c7-4a69-94fa-9804a8d7871e{ip: 192.168.164.239, host: pr-hdds-1569-jxtqp-958769943, networkLocation: /default-rack, certSerialId: null}6ce2c6a7-9144-4b9b-bff9-06be29014ddc{ip: 192.168.164.239, host: pr-hdds-1569-jxtqp-958769943, networkLocation: /default-rack, certSerialId: null}, Type:RATIS, Factor:THREE, State:CLOSED] from datanode fd66befe-d3e0-4e51-a202-c759178c3599{ip: 192.168.164.239, host: pr-hdds-1569-jxtqp-958769943, networkLocation: /default-rack, certSerialId: null}. Reason : fd66befe-d3e0-4e51-a202-c759178c3599 is in candidate state for 189821ms
2019-10-17 11:25:36,992 [EventQueue-PipelineActionsForPipelineActionHandler] INFO  pipeline.SCMPipelineManager (SCMPipelineManager.java:finalizeAndDestroyPipeline(343)) - destroying pipeline:Pipeline[ Id: 38f89504-bce2-46cc-a5df-b3362ea21d26, Nodes: fd66befe-d3e0-4e51-a202-c759178c3599{ip: 192.168.164.239, host: pr-hdds-1569-jxtqp-958769943, networkLocation: /default-rack, certSerialId: null}4fbc0a64-e4c7-4a69-94fa-9804a8d7871e{ip: 192.168.164.239, host: pr-hdds-1569-jxtqp-958769943, networkLocation: /default-rack, certSerialId: null}6ce2c6a7-9144-4b9b-bff9-06be29014ddc{ip: 192.168.164.239, host: pr-hdds-1569-jxtqp-958769943, networkLocation: /default-rack, certSerialId: null}, Type:RATIS, Factor:THREE, State:CLOSED]
2019-10-17 11:25:37,855 [java.util.concurrent.ThreadPoolExecutor$Worker@1aff84a3[State = -1, empty queue]] ERROR client.GrpcClientProtocolClient (GrpcClientProtocolClient.java:close(148)) - Unexpected exception while waiting for channel termination
java.lang.InterruptedException
	at java.util.concurrent.locks.AbstractQueuedSynchronizer.tryAcquireSharedNanos(AbstractQueuedSynchronizer.java:1326)
	at java.util.concurrent.CountDownLatch.await(CountDownLatch.java:277)
	at org.apache.ratis.thirdparty.io.grpc.internal.ManagedChannelImpl.awaitTermination(ManagedChannelImpl.java:763)
	at org.apache.ratis.thirdparty.io.grpc.internal.ForwardingManagedChannel.awaitTermination(ForwardingManagedChannel.java:57)
	at org.apache.ratis.thirdparty.io.grpc.internal.ManagedChannelOrphanWrapper.awaitTermination(ManagedChannelOrphanWrapper.java:70)
	at org.apache.ratis.grpc.client.GrpcClientProtocolClient.close(GrpcClientProtocolClient.java:146)
	at org.apache.ratis.util.PeerProxyMap$PeerAndProxy.lambda$close$1(PeerProxyMap.java:74)
	at org.apache.ratis.util.LifeCycle.lambda$checkStateAndClose$2(LifeCycle.java:231)
	at org.apache.ratis.util.LifeCycle.checkStateAndClose(LifeCycle.java:251)
	at org.apache.ratis.util.LifeCycle.checkStateAndClose(LifeCycle.java:229)
	at org.apache.ratis.util.PeerProxyMap$PeerAndProxy.close(PeerProxyMap.java:70)
	at org.apache.ratis.util.PeerProxyMap.resetProxy(PeerProxyMap.java:127)
	at org.apache.ratis.util.PeerProxyMap.handleException(PeerProxyMap.java:136)
	at org.apache.ratis.client.impl.RaftClientRpcWithProxy.handleException(RaftClientRpcWithProxy.java:47)
	at org.apache.ratis.client.impl.RaftClientImpl.handleIOException(RaftClientImpl.java:372)
	at org.apache.ratis.client.impl.OrderedAsync.lambda$sendRequest$10(OrderedAsync.java:236)
	at java.util.concurrent.CompletableFuture.uniExceptionally(CompletableFuture.java:870)
	at java.util.concurrent.CompletableFuture$UniExceptionally.tryFire(CompletableFuture.java:852)
	at java.util.concurrent.CompletableFuture.postComplete(CompletableFuture.java:474)
	at java.util.concurrent.CompletableFuture.completeExceptionally(CompletableFuture.java:1977)
	at org.apache.ratis.grpc.client.GrpcClientProtocolClient$AsyncStreamObservers.lambda$timeoutCheck$3(GrpcClientProtocolClient.java:324)
	at java.util.Optional.ifPresent(Optional.java:159)
	at org.apache.ratis.grpc.client.GrpcClientProtocolClient$AsyncStreamObservers.handleReplyFuture(GrpcClientProtocolClient.java:329)
	at org.apache.ratis.grpc.client.GrpcClientProtocolClient$AsyncStreamObservers.timeoutCheck(GrpcClientProtocolClient.java:324)
	at org.apache.ratis.grpc.client.GrpcClientProtocolClient$AsyncStreamObservers.lambda$onNext$1(GrpcClientProtocolClient.java:318)
	at org.apache.ratis.util.TimeoutScheduler.lambda$onTimeout$0(TimeoutScheduler.java:113)
	at org.apache.ratis.util.TimeoutScheduler.lambda$onTimeout$1(TimeoutScheduler.java:133)
	at org.apache.ratis.util.LogUtils.runAndLog(LogUtils.java:50)
	at org.apache.ratis.util.LogUtils$1.run(LogUtils.java:91)
	at java.util.concurrent.Executors$RunnableAdapter.call(Executors.java:511)
	at java.util.concurrent.FutureTask.run(FutureTask.java:266)
	at java.util.concurrent.ScheduledThreadPoolExecutor$ScheduledFutureTask.access$201(ScheduledThreadPoolExecutor.java:180)
	at java.util.concurrent.ScheduledThreadPoolExecutor$ScheduledFutureTask.run(ScheduledThreadPoolExecutor.java:293)
	at java.util.concurrent.ThreadPoolExecutor.runWorker(ThreadPoolExecutor.java:1149)
	at java.util.concurrent.ThreadPoolExecutor$Worker.run(ThreadPoolExecutor.java:624)
	at java.lang.Thread.run(Thread.java:748)
2019-10-17 11:25:37,858 [java.util.concurrent.ThreadPoolExecutor$Worker@1aff84a3[State = -1, empty queue]] WARN  util.TimeoutScheduler (LogUtils.java:runAndLog(55)) - Failed to task #0: java.lang.NullPointerException
2019-10-17 11:25:38,866 [java.util.concurrent.ThreadPoolExecutor$Worker@6caa7237[State = -1, empty queue]] WARN  server.GrpcLogAppender (GrpcLogAppender.java:timeoutAppendRequest(200)) - 6ce2c6a7-9144-4b9b-bff9-06be29014ddc@group-4155E8207270->fd66befe-d3e0-4e51-a202-c759178c3599-GrpcLogAppender: appendEntries Timeout, request=6ce2c6a7-9144-4b9b-bff9-06be29014ddc->fd66befe-d3e0-4e51-a202-c759178c3599#75-t1, previous=(t:1, i:1), leaderCommit=0, initializing? false, entries: <empty>
2019-10-17 11:25:38,867 [java.util.concurrent.ThreadPoolExecutor$Worker@75bafae6[State = -1, empty queue]] WARN  server.GrpcLogAppender (GrpcLogAppender.java:timeoutAppendRequest(200)) - 6ce2c6a7-9144-4b9b-bff9-06be29014ddc@group-4155E8207270->4fbc0a64-e4c7-4a69-94fa-9804a8d7871e-GrpcLogAppender: appendEntries Timeout, request=6ce2c6a7-9144-4b9b-bff9-06be29014ddc->4fbc0a64-e4c7-4a69-94fa-9804a8d7871e#75-t1, previous=(t:1, i:1), leaderCommit=0, initializing? false, entries: <empty>
2019-10-17 11:25:40,862 [6ce2c6a7-9144-4b9b-bff9-06be29014ddc@group-4155E8207270-SegmentedRaftLogWorker] WARN  segmented.SegmentedRaftLogWorker (SegmentedRaftLogWorker.java:getFromFuture(86)) - Timeout 0/~
org.apache.ratis.protocol.TimeoutIOException: Timeout 10s: WriteLog:1: (t:1, i:1), STATEMACHINELOGENTRY, client-AA65EA2471D0, cid=13-writeStateMachineData
	at org.apache.ratis.util.IOUtils.getFromFuture(IOUtils.java:87)
	at org.apache.ratis.server.raftlog.segmented.SegmentedRaftLogWorker$StateMachineDataPolicy.getFromFuture(SegmentedRaftLogWorker.java:83)
	at org.apache.ratis.server.raftlog.segmented.SegmentedRaftLogWorker$WriteLog.execute(SegmentedRaftLogWorker.java:482)
	at org.apache.ratis.server.raftlog.segmented.SegmentedRaftLogWorker.run(SegmentedRaftLogWorker.java:291)
	at java.lang.Thread.run(Thread.java:748)
Caused by: java.util.concurrent.TimeoutException
	at java.util.concurrent.CompletableFuture.timedGet(CompletableFuture.java:1771)
	at java.util.concurrent.CompletableFuture.get(CompletableFuture.java:1915)
	at org.apache.ratis.util.IOUtils.getFromFuture(IOUtils.java:79)
	... 4 more
2019-10-17 11:25:40,866 [fd66befe-d3e0-4e51-a202-c759178c3599@group-4155E8207270-SegmentedRaftLogWorker] WARN  segmented.SegmentedRaftLogWorker (SegmentedRaftLogWorker.java:getFromFuture(86)) - Timeout 0/~
org.apache.ratis.protocol.TimeoutIOException: Timeout 10s: WriteLog:1: (t:1, i:1), STATEMACHINELOGENTRY, client-AA65EA2471D0, cid=13-writeStateMachineData
	at org.apache.ratis.util.IOUtils.getFromFuture(IOUtils.java:87)
	at org.apache.ratis.server.raftlog.segmented.SegmentedRaftLogWorker$StateMachineDataPolicy.getFromFuture(SegmentedRaftLogWorker.java:83)
	at org.apache.ratis.server.raftlog.segmented.SegmentedRaftLogWorker$WriteLog.execute(SegmentedRaftLogWorker.java:482)
	at org.apache.ratis.server.raftlog.segmented.SegmentedRaftLogWorker.run(SegmentedRaftLogWorker.java:291)
	at java.lang.Thread.run(Thread.java:748)
Caused by: java.util.concurrent.TimeoutException
	at java.util.concurrent.CompletableFuture.timedGet(CompletableFuture.java:1771)
	at java.util.concurrent.CompletableFuture.get(CompletableFuture.java:1915)
	at org.apache.ratis.util.IOUtils.getFromFuture(IOUtils.java:79)
	... 4 more
2019-10-17 11:25:40,866 [4fbc0a64-e4c7-4a69-94fa-9804a8d7871e@group-4155E8207270-SegmentedRaftLogWorker] WARN  segmented.SegmentedRaftLogWorker (SegmentedRaftLogWorker.java:getFromFuture(86)) - Timeout 0/~
org.apache.ratis.protocol.TimeoutIOException: Timeout 10s: WriteLog:1: (t:1, i:1), STATEMACHINELOGENTRY, client-AA65EA2471D0, cid=13-writeStateMachineData
	at org.apache.ratis.util.IOUtils.getFromFuture(IOUtils.java:87)
	at org.apache.ratis.server.raftlog.segmented.SegmentedRaftLogWorker$StateMachineDataPolicy.getFromFuture(SegmentedRaftLogWorker.java:83)
	at org.apache.ratis.server.raftlog.segmented.SegmentedRaftLogWorker$WriteLog.execute(SegmentedRaftLogWorker.java:482)
	at org.apache.ratis.server.raftlog.segmented.SegmentedRaftLogWorker.run(SegmentedRaftLogWorker.java:291)
	at java.lang.Thread.run(Thread.java:748)
Caused by: java.util.concurrent.TimeoutException
	at java.util.concurrent.CompletableFuture.timedGet(CompletableFuture.java:1771)
	at java.util.concurrent.CompletableFuture.get(CompletableFuture.java:1915)
	at org.apache.ratis.util.IOUtils.getFromFuture(IOUtils.java:79)
	... 4 more
2019-10-17 11:25:41,366 [java.util.concurrent.ThreadPoolExecutor$Worker@6caa7237[State = -1, empty queue]] WARN  server.GrpcLogAppender (GrpcLogAppender.java:timeoutAppendRequest(200)) - 6ce2c6a7-9144-4b9b-bff9-06be29014ddc@group-4155E8207270->fd66befe-d3e0-4e51-a202-c759178c3599-GrpcLogAppender: appendEntries Timeout, request=6ce2c6a7-9144-4b9b-bff9-06be29014ddc->fd66befe-d3e0-4e51-a202-c759178c3599#76-t1, previous=(t:1, i:1), leaderCommit=0, initializing? false, entries: <empty>
2019-10-17 11:25:41,366 [java.util.concurrent.ThreadPoolExecutor$Worker@75bafae6[State = -1, empty queue]] WARN  server.GrpcLogAppender (GrpcLogAppender.java:timeoutAppendRequest(200)) - 6ce2c6a7-9144-4b9b-bff9-06be29014ddc@group-4155E8207270->4fbc0a64-e4c7-4a69-94fa-9804a8d7871e-GrpcLogAppender: appendEntries Timeout, request=6ce2c6a7-9144-4b9b-bff9-06be29014ddc->4fbc0a64-e4c7-4a69-94fa-9804a8d7871e#76-t1, previous=(t:1, i:1), leaderCommit=0, initializing? false, entries: <empty>
2019-10-17 11:25:41,865 [java.util.concurrent.ThreadPoolExecutor$Worker@7f9aa64[State = -1, empty queue]] ERROR client.GrpcClientProtocolClient (GrpcClientProtocolClient.java:close(148)) - Unexpected exception while waiting for channel termination
java.lang.InterruptedException
	at java.util.concurrent.locks.AbstractQueuedSynchronizer.tryAcquireSharedNanos(AbstractQueuedSynchronizer.java:1326)
	at java.util.concurrent.CountDownLatch.await(CountDownLatch.java:277)
	at org.apache.ratis.thirdparty.io.grpc.internal.ManagedChannelImpl.awaitTermination(ManagedChannelImpl.java:763)
	at org.apache.ratis.thirdparty.io.grpc.internal.ForwardingManagedChannel.awaitTermination(ForwardingManagedChannel.java:57)
	at org.apache.ratis.thirdparty.io.grpc.internal.ManagedChannelOrphanWrapper.awaitTermination(ManagedChannelOrphanWrapper.java:70)
	at org.apache.ratis.grpc.client.GrpcClientProtocolClient.close(GrpcClientProtocolClient.java:146)
	at org.apache.ratis.util.PeerProxyMap$PeerAndProxy.lambda$close$1(PeerProxyMap.java:74)
	at org.apache.ratis.util.LifeCycle.lambda$checkStateAndClose$2(LifeCycle.java:231)
	at org.apache.ratis.util.LifeCycle.checkStateAndClose(LifeCycle.java:251)
	at org.apache.ratis.util.LifeCycle.checkStateAndClose(LifeCycle.java:229)
	at org.apache.ratis.util.PeerProxyMap$PeerAndProxy.close(PeerProxyMap.java:70)
	at org.apache.ratis.util.PeerProxyMap.resetProxy(PeerProxyMap.java:127)
	at org.apache.ratis.util.PeerProxyMap.handleException(PeerProxyMap.java:136)
	at org.apache.ratis.client.impl.RaftClientRpcWithProxy.handleException(RaftClientRpcWithProxy.java:47)
	at org.apache.ratis.client.impl.RaftClientImpl.handleIOException(RaftClientImpl.java:372)
	at org.apache.ratis.client.impl.OrderedAsync.lambda$sendRequest$10(OrderedAsync.java:236)
	at java.util.concurrent.CompletableFuture.uniExceptionally(CompletableFuture.java:870)
	at java.util.concurrent.CompletableFuture$UniExceptionally.tryFire(CompletableFuture.java:852)
	at java.util.concurrent.CompletableFuture.postComplete(CompletableFuture.java:474)
	at java.util.concurrent.CompletableFuture.completeExceptionally(CompletableFuture.java:1977)
	at org.apache.ratis.grpc.client.GrpcClientProtocolClient$AsyncStreamObservers.lambda$timeoutCheck$3(GrpcClientProtocolClient.java:324)
	at java.util.Optional.ifPresent(Optional.java:159)
	at org.apache.ratis.grpc.client.GrpcClientProtocolClient$AsyncStreamObservers.handleReplyFuture(GrpcClientProtocolClient.java:329)
	at org.apache.ratis.grpc.client.GrpcClientProtocolClient$AsyncStreamObservers.timeoutCheck(GrpcClientProtocolClient.java:324)
	at org.apache.ratis.grpc.client.GrpcClientProtocolClient$AsyncStreamObservers.lambda$onNext$1(GrpcClientProtocolClient.java:318)
	at org.apache.ratis.util.TimeoutScheduler.lambda$onTimeout$0(TimeoutScheduler.java:113)
	at org.apache.ratis.util.TimeoutScheduler.lambda$onTimeout$1(TimeoutScheduler.java:133)
	at org.apache.ratis.util.LogUtils.runAndLog(LogUtils.java:50)
	at org.apache.ratis.util.LogUtils$1.run(LogUtils.java:91)
	at java.util.concurrent.Executors$RunnableAdapter.call(Executors.java:511)
	at java.util.concurrent.FutureTask.run(FutureTask.java:266)
	at java.util.concurrent.ScheduledThreadPoolExecutor$ScheduledFutureTask.access$201(ScheduledThreadPoolExecutor.java:180)
	at java.util.concurrent.ScheduledThreadPoolExecutor$ScheduledFutureTask.run(ScheduledThreadPoolExecutor.java:293)
	at java.util.concurrent.ThreadPoolExecutor.runWorker(ThreadPoolExecutor.java:1149)
	at java.util.concurrent.ThreadPoolExecutor$Worker.run(ThreadPoolExecutor.java:624)
	at java.lang.Thread.run(Thread.java:748)
2019-10-17 11:25:41,866 [java.util.concurrent.ThreadPoolExecutor$Worker@7f9aa64[State = -1, empty queue]] WARN  util.TimeoutScheduler (LogUtils.java:runAndLog(55)) - Failed to task #0: java.lang.NullPointerException
2019-10-17 11:25:43,867 [java.util.concurrent.ThreadPoolExecutor$Worker@6caa7237[State = -1, empty queue]] WARN  server.GrpcLogAppender (GrpcLogAppender.java:timeoutAppendRequest(200)) - 6ce2c6a7-9144-4b9b-bff9-06be29014ddc@group-4155E8207270->fd66befe-d3e0-4e51-a202-c759178c3599-GrpcLogAppender: appendEntries Timeout, request=6ce2c6a7-9144-4b9b-bff9-06be29014ddc->fd66befe-d3e0-4e51-a202-c759178c3599#77-t1, previous=(t:1, i:1), leaderCommit=0, initializing? false, entries: <empty>
2019-10-17 11:25:43,867 [java.util.concurrent.ThreadPoolExecutor$Worker@75bafae6[State = -1, empty queue]] WARN  server.GrpcLogAppender (GrpcLogAppender.java:timeoutAppendRequest(200)) - 6ce2c6a7-9144-4b9b-bff9-06be29014ddc@group-4155E8207270->4fbc0a64-e4c7-4a69-94fa-9804a8d7871e-GrpcLogAppender: appendEntries Timeout, request=6ce2c6a7-9144-4b9b-bff9-06be29014ddc->4fbc0a64-e4c7-4a69-94fa-9804a8d7871e#77-t1, previous=(t:1, i:1), leaderCommit=0, initializing? false, entries: <empty>
2019-10-17 11:25:44,764 [grpc-default-executor-0] INFO  impl.RaftServerProxy (RaftServerProxy.java:remove(95)) - fd66befe-d3e0-4e51-a202-c759178c3599: remove CANDIDATE fd66befe-d3e0-4e51-a202-c759178c3599@group-B3362EA21D26:t16, leader=null, voted=fd66befe-d3e0-4e51-a202-c759178c3599, raftlog=fd66befe-d3e0-4e51-a202-c759178c3599@group-B3362EA21D26-SegmentedRaftLog:OPENED:c-1,f-1,i0, conf=-1: [4fbc0a64-e4c7-4a69-94fa-9804a8d7871e:192.168.164.239:39296, 6ce2c6a7-9144-4b9b-bff9-06be29014ddc:192.168.164.239:34720, fd66befe-d3e0-4e51-a202-c759178c3599:192.168.164.239:40732], old=null RUNNING
2019-10-17 11:25:44,767 [grpc-default-executor-0] INFO  impl.RaftServerImpl (RaftServerImpl.java:lambda$shutdown$3(247)) - fd66befe-d3e0-4e51-a202-c759178c3599@group-B3362EA21D26: shutdown
2019-10-17 11:25:44,767 [grpc-default-executor-0] INFO  util.JmxRegister (JmxRegister.java:unregister(73)) - Successfully un-registered JMX Bean with object name Ratis:service=RaftServer,group=group-B3362EA21D26,id=fd66befe-d3e0-4e51-a202-c759178c3599
2019-10-17 11:25:44,767 [grpc-default-executor-0] INFO  impl.RoleInfo (RoleInfo.java:shutdownLeaderElection(134)) - fd66befe-d3e0-4e51-a202-c759178c3599: shutdown LeaderElection
2019-10-17 11:25:44,768 [grpc-default-executor-0] INFO  impl.StateMachineUpdater (StateMachineUpdater.java:stopAndJoin(136)) - fd66befe-d3e0-4e51-a202-c759178c3599@group-B3362EA21D26-StateMachineUpdater: set stopIndex = -1
2019-10-17 11:25:44,768 [grpc-default-executor-0] INFO  impl.RaftServerImpl (ServerState.java:close(387)) - fd66befe-d3e0-4e51-a202-c759178c3599@group-B3362EA21D26: closes. applyIndex: -1
2019-10-17 11:25:44,770 [fd66befe-d3e0-4e51-a202-c759178c3599@group-B3362EA21D26-SegmentedRaftLogWorker] INFO  segmented.SegmentedRaftLogWorker (SegmentedRaftLogWorker.java:run(316)) - fd66befe-d3e0-4e51-a202-c759178c3599@group-B3362EA21D26-SegmentedRaftLogWorker was interrupted, exiting. There are 0 tasks remaining in the queue.
2019-10-17 11:25:44,771 [grpc-default-executor-0] INFO  segmented.SegmentedRaftLogWorker (SegmentedRaftLogWorker.java:close(224)) - fd66befe-d3e0-4e51-a202-c759178c3599@group-B3362EA21D26-SegmentedRaftLogWorker close()
2019-10-17 11:25:45,875 [java.util.concurrent.ThreadPoolExecutor$Worker@b3ecc88[State = -1, empty queue]] ERROR client.GrpcClientProtocolClient (GrpcClientProtocolClient.java:close(148)) - Unexpected exception while waiting for channel termination
java.lang.InterruptedException
	at java.util.concurrent.locks.AbstractQueuedSynchronizer.tryAcquireSharedNanos(AbstractQueuedSynchronizer.java:1326)
	at java.util.concurrent.CountDownLatch.await(CountDownLatch.java:277)
	at org.apache.ratis.thirdparty.io.grpc.internal.ManagedChannelImpl.awaitTermination(ManagedChannelImpl.java:763)
	at org.apache.ratis.thirdparty.io.grpc.internal.ForwardingManagedChannel.awaitTermination(ForwardingManagedChannel.java:57)
	at org.apache.ratis.thirdparty.io.grpc.internal.ManagedChannelOrphanWrapper.awaitTermination(ManagedChannelOrphanWrapper.java:70)
	at org.apache.ratis.grpc.client.GrpcClientProtocolClient.close(GrpcClientProtocolClient.java:146)
	at org.apache.ratis.util.PeerProxyMap$PeerAndProxy.lambda$close$1(PeerProxyMap.java:74)
	at org.apache.ratis.util.LifeCycle.lambda$checkStateAndClose$2(LifeCycle.java:231)
	at org.apache.ratis.util.LifeCycle.checkStateAndClose(LifeCycle.java:251)
	at org.apache.ratis.util.LifeCycle.checkStateAndClose(LifeCycle.java:229)
	at org.apache.ratis.util.PeerProxyMap$PeerAndProxy.close(PeerProxyMap.java:70)
	at org.apache.ratis.util.PeerProxyMap.resetProxy(PeerProxyMap.java:127)
	at org.apache.ratis.util.PeerProxyMap.handleException(PeerProxyMap.java:136)
	at org.apache.ratis.client.impl.RaftClientRpcWithProxy.handleException(RaftClientRpcWithProxy.java:47)
	at org.apache.ratis.client.impl.RaftClientImpl.handleIOException(RaftClientImpl.java:372)
	at org.apache.ratis.client.impl.OrderedAsync.lambda$sendRequest$10(OrderedAsync.java:236)
	at java.util.concurrent.CompletableFuture.uniExceptionally(CompletableFuture.java:870)
	at java.util.concurrent.CompletableFuture$UniExceptionally.tryFire(CompletableFuture.java:852)
	at java.util.concurrent.CompletableFuture.postComplete(CompletableFuture.java:474)
	at java.util.concurrent.CompletableFuture.completeExceptionally(CompletableFuture.java:1977)
	at org.apache.ratis.grpc.client.GrpcClientProtocolClient$AsyncStreamObservers.lambda$timeoutCheck$3(GrpcClientProtocolClient.java:324)
	at java.util.Optional.ifPresent(Optional.java:159)
	at org.apache.ratis.grpc.client.GrpcClientProtocolClient$AsyncStreamObservers.handleReplyFuture(GrpcClientProtocolClient.java:329)
	at org.apache.ratis.grpc.client.GrpcClientProtocolClient$AsyncStreamObservers.timeoutCheck(GrpcClientProtocolClient.java:324)
	at org.apache.ratis.grpc.client.GrpcClientProtocolClient$AsyncStreamObservers.lambda$onNext$1(GrpcClientProtocolClient.java:318)
	at org.apache.ratis.util.TimeoutScheduler.lambda$onTimeout$0(TimeoutScheduler.java:113)
	at org.apache.ratis.util.TimeoutScheduler.lambda$onTimeout$1(TimeoutScheduler.java:133)
	at org.apache.ratis.util.LogUtils.runAndLog(LogUtils.java:50)
	at org.apache.ratis.util.LogUtils$1.run(LogUtils.java:91)
	at java.util.concurrent.Executors$RunnableAdapter.call(Executors.java:511)
	at java.util.concurrent.FutureTask.run(FutureTask.java:266)
	at java.util.concurrent.ScheduledThreadPoolExecutor$ScheduledFutureTask.access$201(ScheduledThreadPoolExecutor.java:180)
	at java.util.concurrent.ScheduledThreadPoolExecutor$ScheduledFutureTask.run(ScheduledThreadPoolExecutor.java:293)
	at java.util.concurrent.ThreadPoolExecutor.runWorker(ThreadPoolExecutor.java:1149)
	at java.util.concurrent.ThreadPoolExecutor$Worker.run(ThreadPoolExecutor.java:624)
	at java.lang.Thread.run(Thread.java:748)
2019-10-17 11:25:45,876 [java.util.concurrent.ThreadPoolExecutor$Worker@b3ecc88[State = -1, empty queue]] WARN  util.TimeoutScheduler (LogUtils.java:runAndLog(55)) - Failed to task #0: java.lang.NullPointerException
2019-10-17 11:25:46,367 [java.util.concurrent.ThreadPoolExecutor$Worker@75bafae6[State = -1, empty queue]] WARN  server.GrpcLogAppender (GrpcLogAppender.java:timeoutAppendRequest(200)) - 6ce2c6a7-9144-4b9b-bff9-06be29014ddc@group-4155E8207270->4fbc0a64-e4c7-4a69-94fa-9804a8d7871e-GrpcLogAppender: appendEntries Timeout, request=6ce2c6a7-9144-4b9b-bff9-06be29014ddc->4fbc0a64-e4c7-4a69-94fa-9804a8d7871e#78-t1, previous=(t:1, i:1), leaderCommit=0, initializing? false, entries: <empty>
2019-10-17 11:25:46,367 [java.util.concurrent.ThreadPoolExecutor$Worker@6caa7237[State = -1, empty queue]] WARN  server.GrpcLogAppender (GrpcLogAppender.java:timeoutAppendRequest(200)) - 6ce2c6a7-9144-4b9b-bff9-06be29014ddc@group-4155E8207270->fd66befe-d3e0-4e51-a202-c759178c3599-GrpcLogAppender: appendEntries Timeout, request=6ce2c6a7-9144-4b9b-bff9-06be29014ddc->fd66befe-d3e0-4e51-a202-c759178c3599#78-t1, previous=(t:1, i:1), leaderCommit=0, initializing? false, entries: <empty>
2019-10-17 11:25:47,767 [RatisPipelineUtilsThread] WARN  pipeline.RatisPipelineUtils (RatisPipelineUtils.java:destroyPipeline(69)) - Pipeline destroy failed for pipeline=PipelineID=38f89504-bce2-46cc-a5df-b3362ea21d26 dn=fd66befe-d3e0-4e51-a202-c759178c3599{ip: 192.168.164.239, host: pr-hdds-1569-jxtqp-958769943, networkLocation: /default-rack, certSerialId: null} exception=deadline exceeded after 2999805634ns
2019-10-17 11:25:47,774 [grpc-default-executor-1] INFO  impl.RaftServerProxy (RaftServerProxy.java:remove(95)) - 4fbc0a64-e4c7-4a69-94fa-9804a8d7871e: remove CANDIDATE 4fbc0a64-e4c7-4a69-94fa-9804a8d7871e@group-B3362EA21D26:t16, leader=null, voted=4fbc0a64-e4c7-4a69-94fa-9804a8d7871e, raftlog=4fbc0a64-e4c7-4a69-94fa-9804a8d7871e@group-B3362EA21D26-SegmentedRaftLog:OPENED:c-1,f-1,i0, conf=-1: [4fbc0a64-e4c7-4a69-94fa-9804a8d7871e:192.168.164.239:39296, 6ce2c6a7-9144-4b9b-bff9-06be29014ddc:192.168.164.239:34720, fd66befe-d3e0-4e51-a202-c759178c3599:192.168.164.239:40732], old=null RUNNING
2019-10-17 11:25:47,777 [grpc-default-executor-1] INFO  impl.RaftServerImpl (RaftServerImpl.java:lambda$shutdown$3(247)) - 4fbc0a64-e4c7-4a69-94fa-9804a8d7871e@group-B3362EA21D26: shutdown
2019-10-17 11:25:47,777 [grpc-default-executor-1] INFO  util.JmxRegister (JmxRegister.java:unregister(73)) - Successfully un-registered JMX Bean with object name Ratis:service=RaftServer,group=group-B3362EA21D26,id=4fbc0a64-e4c7-4a69-94fa-9804a8d7871e
2019-10-17 11:25:47,777 [grpc-default-executor-1] INFO  impl.RoleInfo (RoleInfo.java:shutdownLeaderElection(134)) - 4fbc0a64-e4c7-4a69-94fa-9804a8d7871e: shutdown LeaderElection
2019-10-17 11:25:47,777 [grpc-default-executor-1] INFO  impl.StateMachineUpdater (StateMachineUpdater.java:stopAndJoin(136)) - 4fbc0a64-e4c7-4a69-94fa-9804a8d7871e@group-B3362EA21D26-StateMachineUpdater: set stopIndex = -1
2019-10-17 11:25:47,779 [grpc-default-executor-1] INFO  impl.RaftServerImpl (ServerState.java:close(387)) - 4fbc0a64-e4c7-4a69-94fa-9804a8d7871e@group-B3362EA21D26: closes. applyIndex: -1
2019-10-17 11:25:47,779 [4fbc0a64-e4c7-4a69-94fa-9804a8d7871e@group-B3362EA21D26-SegmentedRaftLogWorker] INFO  segmented.SegmentedRaftLogWorker (SegmentedRaftLogWorker.java:run(316)) - 4fbc0a64-e4c7-4a69-94fa-9804a8d7871e@group-B3362EA21D26-SegmentedRaftLogWorker was interrupted, exiting. There are 0 tasks remaining in the queue.
2019-10-17 11:25:47,781 [grpc-default-executor-1] INFO  segmented.SegmentedRaftLogWorker (SegmentedRaftLogWorker.java:close(224)) - 4fbc0a64-e4c7-4a69-94fa-9804a8d7871e@group-B3362EA21D26-SegmentedRaftLogWorker close()
2019-10-17 11:25:48,868 [java.util.concurrent.ThreadPoolExecutor$Worker@6caa7237[State = -1, empty queue]] WARN  server.GrpcLogAppender (GrpcLogAppender.java:timeoutAppendRequest(200)) - 6ce2c6a7-9144-4b9b-bff9-06be29014ddc@group-4155E8207270->fd66befe-d3e0-4e51-a202-c759178c3599-GrpcLogAppender: appendEntries Timeout, request=6ce2c6a7-9144-4b9b-bff9-06be29014ddc->fd66befe-d3e0-4e51-a202-c759178c3599#79-t1, previous=(t:1, i:1), leaderCommit=0, initializing? false, entries: <empty>
2019-10-17 11:25:48,868 [java.util.concurrent.ThreadPoolExecutor$Worker@75bafae6[State = -1, empty queue]] WARN  server.GrpcLogAppender (GrpcLogAppender.java:timeoutAppendRequest(200)) - 6ce2c6a7-9144-4b9b-bff9-06be29014ddc@group-4155E8207270->4fbc0a64-e4c7-4a69-94fa-9804a8d7871e-GrpcLogAppender: appendEntries Timeout, request=6ce2c6a7-9144-4b9b-bff9-06be29014ddc->4fbc0a64-e4c7-4a69-94fa-9804a8d7871e#79-t1, previous=(t:1, i:1), leaderCommit=0, initializing? false, entries: <empty>
2019-10-17 11:25:49,816 [grpc-default-executor-0] INFO  impl.RaftServerProxy (RaftServerProxy.java:remove(95)) - 6ce2c6a7-9144-4b9b-bff9-06be29014ddc: remove CANDIDATE 6ce2c6a7-9144-4b9b-bff9-06be29014ddc@group-B3362EA21D26:t16, leader=null, voted=6ce2c6a7-9144-4b9b-bff9-06be29014ddc, raftlog=6ce2c6a7-9144-4b9b-bff9-06be29014ddc@group-B3362EA21D26-SegmentedRaftLog:OPENED:c-1,f-1,i0, conf=-1: [4fbc0a64-e4c7-4a69-94fa-9804a8d7871e:192.168.164.239:39296, 6ce2c6a7-9144-4b9b-bff9-06be29014ddc:192.168.164.239:34720, fd66befe-d3e0-4e51-a202-c759178c3599:192.168.164.239:40732], old=null RUNNING
2019-10-17 11:25:49,816 [grpc-default-executor-0] INFO  impl.RaftServerImpl (RaftServerImpl.java:lambda$shutdown$3(247)) - 6ce2c6a7-9144-4b9b-bff9-06be29014ddc@group-B3362EA21D26: shutdown
2019-10-17 11:25:49,817 [grpc-default-executor-0] INFO  util.JmxRegister (JmxRegister.java:unregister(73)) - Successfully un-registered JMX Bean with object name Ratis:service=RaftServer,group=group-B3362EA21D26,id=6ce2c6a7-9144-4b9b-bff9-06be29014ddc
2019-10-17 11:25:49,817 [grpc-default-executor-0] INFO  impl.RoleInfo (RoleInfo.java:shutdownLeaderElection(134)) - 6ce2c6a7-9144-4b9b-bff9-06be29014ddc: shutdown LeaderElection
2019-10-17 11:25:49,817 [grpc-default-executor-0] INFO  impl.StateMachineUpdater (StateMachineUpdater.java:stopAndJoin(136)) - 6ce2c6a7-9144-4b9b-bff9-06be29014ddc@group-B3362EA21D26-StateMachineUpdater: set stopIndex = -1
2019-10-17 11:25:49,817 [grpc-default-executor-0] INFO  impl.RaftServerImpl (ServerState.java:close(387)) - 6ce2c6a7-9144-4b9b-bff9-06be29014ddc@group-B3362EA21D26: closes. applyIndex: -1
2019-10-17 11:25:49,817 [6ce2c6a7-9144-4b9b-bff9-06be29014ddc@group-B3362EA21D26-SegmentedRaftLogWorker] INFO  segmented.SegmentedRaftLogWorker (SegmentedRaftLogWorker.java:run(316)) - 6ce2c6a7-9144-4b9b-bff9-06be29014ddc@group-B3362EA21D26-SegmentedRaftLogWorker was interrupted, exiting. There are 0 tasks remaining in the queue.
2019-10-17 11:25:49,819 [grpc-default-executor-0] INFO  segmented.SegmentedRaftLogWorker (SegmentedRaftLogWorker.java:close(224)) - 6ce2c6a7-9144-4b9b-bff9-06be29014ddc@group-B3362EA21D26-SegmentedRaftLogWorker close()
2019-10-17 11:25:49,825 [RatisPipelineUtilsThread] INFO  pipeline.PipelineStateManager (PipelineStateManager.java:removePipeline(108)) - Pipeline Pipeline[ Id: 38f89504-bce2-46cc-a5df-b3362ea21d26, Nodes: fd66befe-d3e0-4e51-a202-c759178c3599{ip: 192.168.164.239, host: pr-hdds-1569-jxtqp-958769943, networkLocation: /default-rack, certSerialId: null}4fbc0a64-e4c7-4a69-94fa-9804a8d7871e{ip: 192.168.164.239, host: pr-hdds-1569-jxtqp-958769943, networkLocation: /default-rack, certSerialId: null}6ce2c6a7-9144-4b9b-bff9-06be29014ddc{ip: 192.168.164.239, host: pr-hdds-1569-jxtqp-958769943, networkLocation: /default-rack, certSerialId: null}, Type:RATIS, Factor:THREE, State:CLOSED] removed from db
2019-10-17 11:25:49,829 [grpc-default-executor-0] INFO  impl.RaftServerProxy (RaftServerProxy.java:remove(95)) - fd66befe-d3e0-4e51-a202-c759178c3599: remove group-B3362EA21D26:null
2019-10-17 11:25:49,866 [RatisPipelineUtilsThread] WARN  pipeline.RatisPipelineUtils (RatisPipelineUtils.java:destroyPipeline(69)) - Pipeline destroy failed for pipeline=PipelineID=38f89504-bce2-46cc-a5df-b3362ea21d26 dn=fd66befe-d3e0-4e51-a202-c759178c3599{ip: 192.168.164.239, host: pr-hdds-1569-jxtqp-958769943, networkLocation: /default-rack, certSerialId: null} exception=fd66befe-d3e0-4e51-a202-c759178c3599: Group group-B3362EA21D26 not found.
2019-10-17 11:25:49,871 [grpc-default-executor-0] INFO  impl.RaftServerProxy (RaftServerProxy.java:remove(95)) - 4fbc0a64-e4c7-4a69-94fa-9804a8d7871e: remove group-B3362EA21D26:null
2019-10-17 11:25:49,878 [RatisPipelineUtilsThread] WARN  pipeline.RatisPipelineUtils (RatisPipelineUtils.java:destroyPipeline(69)) - Pipeline destroy failed for pipeline=PipelineID=38f89504-bce2-46cc-a5df-b3362ea21d26 dn=4fbc0a64-e4c7-4a69-94fa-9804a8d7871e{ip: 192.168.164.239, host: pr-hdds-1569-jxtqp-958769943, networkLocation: /default-rack, certSerialId: null} exception=4fbc0a64-e4c7-4a69-94fa-9804a8d7871e: Group group-B3362EA21D26 not found.
2019-10-17 11:25:49,881 [grpc-default-executor-0] INFO  impl.RaftServerProxy (RaftServerProxy.java:remove(95)) - 6ce2c6a7-9144-4b9b-bff9-06be29014ddc: remove group-B3362EA21D26:null
2019-10-17 11:25:49,885 [java.util.concurrent.ThreadPoolExecutor$Worker@145851aa[State = -1, empty queue]] ERROR client.GrpcClientProtocolClient (GrpcClientProtocolClient.java:close(148)) - Unexpected exception while waiting for channel termination
java.lang.InterruptedException
	at java.util.concurrent.locks.AbstractQueuedSynchronizer.tryAcquireSharedNanos(AbstractQueuedSynchronizer.java:1326)
	at java.util.concurrent.CountDownLatch.await(CountDownLatch.java:277)
	at org.apache.ratis.thirdparty.io.grpc.internal.ManagedChannelImpl.awaitTermination(ManagedChannelImpl.java:763)
	at org.apache.ratis.thirdparty.io.grpc.internal.ForwardingManagedChannel.awaitTermination(ForwardingManagedChannel.java:57)
	at org.apache.ratis.thirdparty.io.grpc.internal.ManagedChannelOrphanWrapper.awaitTermination(ManagedChannelOrphanWrapper.java:70)
	at org.apache.ratis.grpc.client.GrpcClientProtocolClient.close(GrpcClientProtocolClient.java:146)
	at org.apache.ratis.util.PeerProxyMap$PeerAndProxy.lambda$close$1(PeerProxyMap.java:74)
	at org.apache.ratis.util.LifeCycle.lambda$checkStateAndClose$2(LifeCycle.java:231)
	at org.apache.ratis.util.LifeCycle.checkStateAndClose(LifeCycle.java:251)
	at org.apache.ratis.util.LifeCycle.checkStateAndClose(LifeCycle.java:229)
	at org.apache.ratis.util.PeerProxyMap$PeerAndProxy.close(PeerProxyMap.java:70)
	at org.apache.ratis.util.PeerProxyMap.resetProxy(PeerProxyMap.java:127)
	at org.apache.ratis.util.PeerProxyMap.handleException(PeerProxyMap.java:136)
	at org.apache.ratis.client.impl.RaftClientRpcWithProxy.handleException(RaftClientRpcWithProxy.java:47)
	at org.apache.ratis.client.impl.RaftClientImpl.handleIOException(RaftClientImpl.java:372)
	at org.apache.ratis.client.impl.OrderedAsync.lambda$sendRequest$10(OrderedAsync.java:236)
	at java.util.concurrent.CompletableFuture.uniExceptionally(CompletableFuture.java:870)
	at java.util.concurrent.CompletableFuture$UniExceptionally.tryFire(CompletableFuture.java:852)
	at java.util.concurrent.CompletableFuture.postComplete(CompletableFuture.java:474)
	at java.util.concurrent.CompletableFuture.completeExceptionally(CompletableFuture.java:1977)
	at org.apache.ratis.grpc.client.GrpcClientProtocolClient$AsyncStreamObservers.lambda$timeoutCheck$3(GrpcClientProtocolClient.java:324)
	at java.util.Optional.ifPresent(Optional.java:159)
	at org.apache.ratis.grpc.client.GrpcClientProtocolClient$AsyncStreamObservers.handleReplyFuture(GrpcClientProtocolClient.java:329)
	at org.apache.ratis.grpc.client.GrpcClientProtocolClient$AsyncStreamObservers.timeoutCheck(GrpcClientProtocolClient.java:324)
	at org.apache.ratis.grpc.client.GrpcClientProtocolClient$AsyncStreamObservers.lambda$onNext$1(GrpcClientProtocolClient.java:318)
	at org.apache.ratis.util.TimeoutScheduler.lambda$onTimeout$0(TimeoutScheduler.java:113)
	at org.apache.ratis.util.TimeoutScheduler.lambda$onTimeout$1(TimeoutScheduler.java:133)
	at org.apache.ratis.util.LogUtils.runAndLog(LogUtils.java:50)
	at org.apache.ratis.util.LogUtils$1.run(LogUtils.java:91)
	at java.util.concurrent.Executors$RunnableAdapter.call(Executors.java:511)
	at java.util.concurrent.FutureTask.run(FutureTask.java:266)
	at java.util.concurrent.ScheduledThreadPoolExecutor$ScheduledFutureTask.access$201(ScheduledThreadPoolExecutor.java:180)
	at java.util.concurrent.ScheduledThreadPoolExecutor$ScheduledFutureTask.run(ScheduledThreadPoolExecutor.java:293)
	at java.util.concurrent.ThreadPoolExecutor.runWorker(ThreadPoolExecutor.java:1149)
	at java.util.concurrent.ThreadPoolExecutor$Worker.run(ThreadPoolExecutor.java:624)
	at java.lang.Thread.run(Thread.java:748)
2019-10-17 11:25:49,887 [java.util.concurrent.ThreadPoolExecutor$Worker@145851aa[State = -1, empty queue]] WARN  util.TimeoutScheduler (LogUtils.java:runAndLog(55)) - Failed to task #0: java.lang.NullPointerException
2019-10-17 11:25:49,888 [RatisPipelineUtilsThread] WARN  pipeline.RatisPipelineUtils (RatisPipelineUtils.java:destroyPipeline(69)) - Pipeline destroy failed for pipeline=PipelineID=38f89504-bce2-46cc-a5df-b3362ea21d26 dn=6ce2c6a7-9144-4b9b-bff9-06be29014ddc{ip: 192.168.164.239, host: pr-hdds-1569-jxtqp-958769943, networkLocation: /default-rack, certSerialId: null} exception=6ce2c6a7-9144-4b9b-bff9-06be29014ddc: Group group-B3362EA21D26 not found.
2019-10-17 11:25:49,889 [RatisPipelineUtilsThread] ERROR pipeline.SCMPipelineManager (Scheduler.java:lambda$schedule$1(70)) - Destroy pipeline failed for pipeline:Pipeline[ Id: 38f89504-bce2-46cc-a5df-b3362ea21d26, Nodes: fd66befe-d3e0-4e51-a202-c759178c3599{ip: 192.168.164.239, host: pr-hdds-1569-jxtqp-958769943, networkLocation: /default-rack, certSerialId: null}4fbc0a64-e4c7-4a69-94fa-9804a8d7871e{ip: 192.168.164.239, host: pr-hdds-1569-jxtqp-958769943, networkLocation: /default-rack, certSerialId: null}6ce2c6a7-9144-4b9b-bff9-06be29014ddc{ip: 192.168.164.239, host: pr-hdds-1569-jxtqp-958769943, networkLocation: /default-rack, certSerialId: null}, Type:RATIS, Factor:THREE, State:CLOSED]
org.apache.hadoop.hdds.scm.pipeline.PipelineNotFoundException: PipelineID=38f89504-bce2-46cc-a5df-b3362ea21d26 not found
	at org.apache.hadoop.hdds.scm.pipeline.PipelineStateMap.getPipeline(PipelineStateMap.java:133)
	at org.apache.hadoop.hdds.scm.pipeline.PipelineStateMap.removePipeline(PipelineStateMap.java:323)
	at org.apache.hadoop.hdds.scm.pipeline.PipelineStateManager.removePipeline(PipelineStateManager.java:107)
	at org.apache.hadoop.hdds.scm.pipeline.SCMPipelineManager.removePipeline(SCMPipelineManager.java:455)
	at org.apache.hadoop.hdds.scm.pipeline.SCMPipelineManager.destroyPipeline(SCMPipelineManager.java:441)
	at org.apache.hadoop.hdds.scm.pipeline.SCMPipelineManager.lambda$finalizeAndDestroyPipeline$0(SCMPipelineManager.java:350)
	at org.apache.hadoop.hdds.utils.Scheduler.lambda$schedule$1(Scheduler.java:68)
	at java.util.concurrent.Executors$RunnableAdapter.call(Executors.java:511)
	at java.util.concurrent.FutureTask.run(FutureTask.java:266)
	at java.util.concurrent.ScheduledThreadPoolExecutor$ScheduledFutureTask.access$201(ScheduledThreadPoolExecutor.java:180)
	at java.util.concurrent.ScheduledThreadPoolExecutor$ScheduledFutureTask.run(ScheduledThreadPoolExecutor.java:293)
	at java.util.concurrent.ThreadPoolExecutor.runWorker(ThreadPoolExecutor.java:1149)
	at java.util.concurrent.ThreadPoolExecutor$Worker.run(ThreadPoolExecutor.java:624)
	at java.lang.Thread.run(Thread.java:748)
2019-10-17 11:25:49,892 [grpc-default-executor-0] INFO  impl.RaftServerProxy (RaftServerProxy.java:remove(95)) - fd66befe-d3e0-4e51-a202-c759178c3599: remove group-B3362EA21D26:null
2019-10-17 11:25:49,897 [RatisPipelineUtilsThread] WARN  pipeline.RatisPipelineUtils (RatisPipelineUtils.java:destroyPipeline(69)) - Pipeline destroy failed for pipeline=PipelineID=38f89504-bce2-46cc-a5df-b3362ea21d26 dn=fd66befe-d3e0-4e51-a202-c759178c3599{ip: 192.168.164.239, host: pr-hdds-1569-jxtqp-958769943, networkLocation: /default-rack, certSerialId: null} exception=fd66befe-d3e0-4e51-a202-c759178c3599: Group group-B3362EA21D26 not found.
2019-10-17 11:25:49,902 [grpc-default-executor-0] INFO  impl.RaftServerProxy (RaftServerProxy.java:remove(95)) - 4fbc0a64-e4c7-4a69-94fa-9804a8d7871e: remove group-B3362EA21D26:null
2019-10-17 11:25:49,907 [RatisPipelineUtilsThread] WARN  pipeline.RatisPipelineUtils (RatisPipelineUtils.java:destroyPipeline(69)) - Pipeline destroy failed for pipeline=PipelineID=38f89504-bce2-46cc-a5df-b3362ea21d26 dn=4fbc0a64-e4c7-4a69-94fa-9804a8d7871e{ip: 192.168.164.239, host: pr-hdds-1569-jxtqp-958769943, networkLocation: /default-rack, certSerialId: null} exception=4fbc0a64-e4c7-4a69-94fa-9804a8d7871e: Group group-B3362EA21D26 not found.
2019-10-17 11:25:49,909 [grpc-default-executor-0] INFO  impl.RaftServerProxy (RaftServerProxy.java:remove(95)) - 6ce2c6a7-9144-4b9b-bff9-06be29014ddc: remove group-B3362EA21D26:null
2019-10-17 11:25:49,914 [RatisPipelineUtilsThread] WARN  pipeline.RatisPipelineUtils (RatisPipelineUtils.java:destroyPipeline(69)) - Pipeline destroy failed for pipeline=PipelineID=38f89504-bce2-46cc-a5df-b3362ea21d26 dn=6ce2c6a7-9144-4b9b-bff9-06be29014ddc{ip: 192.168.164.239, host: pr-hdds-1569-jxtqp-958769943, networkLocation: /default-rack, certSerialId: null} exception=6ce2c6a7-9144-4b9b-bff9-06be29014ddc: Group group-B3362EA21D26 not found.
2019-10-17 11:25:49,914 [RatisPipelineUtilsThread] ERROR pipeline.SCMPipelineManager (Scheduler.java:lambda$schedule$1(70)) - Destroy pipeline failed for pipeline:Pipeline[ Id: 38f89504-bce2-46cc-a5df-b3362ea21d26, Nodes: fd66befe-d3e0-4e51-a202-c759178c3599{ip: 192.168.164.239, host: pr-hdds-1569-jxtqp-958769943, networkLocation: /default-rack, certSerialId: null}4fbc0a64-e4c7-4a69-94fa-9804a8d7871e{ip: 192.168.164.239, host: pr-hdds-1569-jxtqp-958769943, networkLocation: /default-rack, certSerialId: null}6ce2c6a7-9144-4b9b-bff9-06be29014ddc{ip: 192.168.164.239, host: pr-hdds-1569-jxtqp-958769943, networkLocation: /default-rack, certSerialId: null}, Type:RATIS, Factor:THREE, State:CLOSED]
org.apache.hadoop.hdds.scm.pipeline.PipelineNotFoundException: PipelineID=38f89504-bce2-46cc-a5df-b3362ea21d26 not found
	at org.apache.hadoop.hdds.scm.pipeline.PipelineStateMap.getPipeline(PipelineStateMap.java:133)
	at org.apache.hadoop.hdds.scm.pipeline.PipelineStateMap.removePipeline(PipelineStateMap.java:323)
	at org.apache.hadoop.hdds.scm.pipeline.PipelineStateManager.removePipeline(PipelineStateManager.java:107)
	at org.apache.hadoop.hdds.scm.pipeline.SCMPipelineManager.removePipeline(SCMPipelineManager.java:455)
	at org.apache.hadoop.hdds.scm.pipeline.SCMPipelineManager.destroyPipeline(SCMPipelineManager.java:441)
	at org.apache.hadoop.hdds.scm.pipeline.SCMPipelineManager.lambda$finalizeAndDestroyPipeline$0(SCMPipelineManager.java:350)
	at org.apache.hadoop.hdds.utils.Scheduler.lambda$schedule$1(Scheduler.java:68)
	at java.util.concurrent.Executors$RunnableAdapter.call(Executors.java:511)
	at java.util.concurrent.FutureTask.run(FutureTask.java:266)
	at java.util.concurrent.ScheduledThreadPoolExecutor$ScheduledFutureTask.access$201(ScheduledThreadPoolExecutor.java:180)
	at java.util.concurrent.ScheduledThreadPoolExecutor$ScheduledFutureTask.run(ScheduledThreadPoolExecutor.java:293)
	at java.util.concurrent.ThreadPoolExecutor.runWorker(ThreadPoolExecutor.java:1149)
	at java.util.concurrent.ThreadPoolExecutor$Worker.run(ThreadPoolExecutor.java:624)
	at java.lang.Thread.run(Thread.java:748)
2019-10-17 11:25:49,915 [RatisPipelineUtilsThread] ERROR pipeline.SCMPipelineManager (SCMPipelineManager.java:createPipeline(194)) - Pipeline creation failed.
org.apache.hadoop.hdds.scm.exceptions.SCMException: Cannot create pipeline of factor 1 using 0 nodes. Used 3 nodes. Healthy nodes 3
	at org.apache.hadoop.hdds.scm.pipeline.RatisPipelineProvider.pickNodesNeverUsed(RatisPipelineProvider.java:120)
	at org.apache.hadoop.hdds.scm.pipeline.RatisPipelineProvider.create(RatisPipelineProvider.java:132)
	at org.apache.hadoop.hdds.scm.pipeline.PipelineFactory.create(PipelineFactory.java:58)
	at org.apache.hadoop.hdds.scm.pipeline.SCMPipelineManager.createPipeline(SCMPipelineManager.java:184)
	at org.apache.hadoop.hdds.scm.pipeline.BackgroundPipelineCreator.createPipelines(BackgroundPipelineCreator.java:100)
	at java.util.concurrent.Executors$RunnableAdapter.call(Executors.java:511)
	at java.util.concurrent.FutureTask.run(FutureTask.java:266)
	at java.util.concurrent.ScheduledThreadPoolExecutor$ScheduledFutureTask.access$201(ScheduledThreadPoolExecutor.java:180)
	at java.util.concurrent.ScheduledThreadPoolExecutor$ScheduledFutureTask.run(ScheduledThreadPoolExecutor.java:293)
	at java.util.concurrent.ThreadPoolExecutor.runWorker(ThreadPoolExecutor.java:1149)
	at java.util.concurrent.ThreadPoolExecutor$Worker.run(ThreadPoolExecutor.java:624)
	at java.lang.Thread.run(Thread.java:748)
2019-10-17 11:25:49,923 [grpc-default-executor-0] INFO  impl.RaftServerProxy (RaftServerProxy.java:addNew(89)) - 6ce2c6a7-9144-4b9b-bff9-06be29014ddc: addNew group-1701841B52E7:[4fbc0a64-e4c7-4a69-94fa-9804a8d7871e:192.168.164.239:39296, 6ce2c6a7-9144-4b9b-bff9-06be29014ddc:192.168.164.239:34720, fd66befe-d3e0-4e51-a202-c759178c3599:192.168.164.239:40732] returns group-1701841B52E7:java.util.concurrent.CompletableFuture@5cf27adc[Not completed]
2019-10-17 11:25:49,924 [grpc-default-executor-4] INFO  impl.RaftServerProxy (RaftServerProxy.java:addNew(89)) - fd66befe-d3e0-4e51-a202-c759178c3599: addNew group-1701841B52E7:[4fbc0a64-e4c7-4a69-94fa-9804a8d7871e:192.168.164.239:39296, 6ce2c6a7-9144-4b9b-bff9-06be29014ddc:192.168.164.239:34720, fd66befe-d3e0-4e51-a202-c759178c3599:192.168.164.239:40732] returns group-1701841B52E7:java.util.concurrent.CompletableFuture@68f79668[Not completed]
2019-10-17 11:25:49,924 [grpc-default-executor-0] INFO  impl.RaftServerProxy (RaftServerProxy.java:addNew(89)) - 4fbc0a64-e4c7-4a69-94fa-9804a8d7871e: addNew group-1701841B52E7:[4fbc0a64-e4c7-4a69-94fa-9804a8d7871e:192.168.164.239:39296, 6ce2c6a7-9144-4b9b-bff9-06be29014ddc:192.168.164.239:34720, fd66befe-d3e0-4e51-a202-c759178c3599:192.168.164.239:40732] returns group-1701841B52E7:java.util.concurrent.CompletableFuture@7cdd593c[Not completed]
2019-10-17 11:25:49,926 [pool-47-thread-1] INFO  impl.RaftServerImpl (RaftServerImpl.java:<init>(95)) - 6ce2c6a7-9144-4b9b-bff9-06be29014ddc: new RaftServerImpl for group-1701841B52E7:[4fbc0a64-e4c7-4a69-94fa-9804a8d7871e:192.168.164.239:39296, 6ce2c6a7-9144-4b9b-bff9-06be29014ddc:192.168.164.239:34720, fd66befe-d3e0-4e51-a202-c759178c3599:192.168.164.239:40732] with ContainerStateMachine:uninitialized
2019-10-17 11:25:49,927 [pool-47-thread-1] INFO  server.RaftServerConfigKeys (ConfUtils.java:logGet(43)) - raft.server.rpc.timeout.min = 5s (custom)
2019-10-17 11:25:49,927 [pool-47-thread-1] INFO  server.RaftServerConfigKeys (ConfUtils.java:logGet(43)) - raft.server.rpc.timeout.max = 5200ms (custom)
2019-10-17 11:25:49,927 [pool-47-thread-1] INFO  server.RaftServerConfigKeys (ConfUtils.java:logGet(43)) - raft.server.rpcslowness.timeout = 120s (custom)
2019-10-17 11:25:49,927 [pool-47-thread-1] INFO  server.RaftServerConfigKeys (ConfUtils.java:logGet(43)) - raft.server.sleep.deviation.threshold = 300 (default)
2019-10-17 11:25:49,927 [pool-47-thread-1] INFO  server.RaftServerConfigKeys (ConfUtils.java:logGet(43)) - raft.server.log.appender.install.snapshot.enabled = false (custom)
2019-10-17 11:25:49,927 [pool-47-thread-1] INFO  impl.RaftServerImpl (ServerState.java:<init>(103)) - 6ce2c6a7-9144-4b9b-bff9-06be29014ddc@group-1701841B52E7: ConfigurationManager, init=-1: [4fbc0a64-e4c7-4a69-94fa-9804a8d7871e:192.168.164.239:39296, 6ce2c6a7-9144-4b9b-bff9-06be29014ddc:192.168.164.239:34720, fd66befe-d3e0-4e51-a202-c759178c3599:192.168.164.239:40732], old=null, confs=<EMPTY_MAP>
2019-10-17 11:25:49,928 [pool-27-thread-1] INFO  impl.RaftServerImpl (RaftServerImpl.java:<init>(95)) - 4fbc0a64-e4c7-4a69-94fa-9804a8d7871e: new RaftServerImpl for group-1701841B52E7:[4fbc0a64-e4c7-4a69-94fa-9804a8d7871e:192.168.164.239:39296, 6ce2c6a7-9144-4b9b-bff9-06be29014ddc:192.168.164.239:34720, fd66befe-d3e0-4e51-a202-c759178c3599:192.168.164.239:40732] with ContainerStateMachine:uninitialized
2019-10-17 11:25:49,928 [pool-27-thread-1] INFO  server.RaftServerConfigKeys (ConfUtils.java:logGet(43)) - raft.server.rpc.timeout.min = 5s (custom)
2019-10-17 11:25:49,928 [pool-47-thread-1] INFO  server.RaftServerConfigKeys (ConfUtils.java:logGet(43)) - raft.server.storage.dir = [/workdir/hadoop-ozone/integration-test/target/test-dir/MiniOzoneClusterImpl-768d9c75-2411-484d-8912-1e22cbfad202/datanode-2/data/ratis] (custom)
2019-10-17 11:25:49,928 [pool-27-thread-1] INFO  server.RaftServerConfigKeys (ConfUtils.java:logGet(43)) - raft.server.rpc.timeout.max = 5200ms (custom)
2019-10-17 11:25:49,928 [pool-27-thread-1] INFO  server.RaftServerConfigKeys (ConfUtils.java:logGet(43)) - raft.server.rpcslowness.timeout = 120s (custom)
2019-10-17 11:25:49,928 [pool-27-thread-1] INFO  server.RaftServerConfigKeys (ConfUtils.java:logGet(43)) - raft.server.sleep.deviation.threshold = 300 (default)
2019-10-17 11:25:49,928 [pool-27-thread-1] INFO  server.RaftServerConfigKeys (ConfUtils.java:logGet(43)) - raft.server.log.appender.install.snapshot.enabled = false (custom)
2019-10-17 11:25:49,928 [pool-47-thread-1] INFO  server.RaftServerConfigKeys (ConfUtils.java:logGet(43)) - raft.server.log.corruption.policy = EXCEPTION (default)
2019-10-17 11:25:49,928 [pool-27-thread-1] INFO  impl.RaftServerImpl (ServerState.java:<init>(103)) - 4fbc0a64-e4c7-4a69-94fa-9804a8d7871e@group-1701841B52E7: ConfigurationManager, init=-1: [4fbc0a64-e4c7-4a69-94fa-9804a8d7871e:192.168.164.239:39296, 6ce2c6a7-9144-4b9b-bff9-06be29014ddc:192.168.164.239:34720, fd66befe-d3e0-4e51-a202-c759178c3599:192.168.164.239:40732], old=null, confs=<EMPTY_MAP>
2019-10-17 11:25:49,928 [pool-27-thread-1] INFO  server.RaftServerConfigKeys (ConfUtils.java:logGet(43)) - raft.server.storage.dir = [/workdir/hadoop-ozone/integration-test/target/test-dir/MiniOzoneClusterImpl-768d9c75-2411-484d-8912-1e22cbfad202/datanode-0/data/ratis] (custom)
2019-10-17 11:25:49,928 [pool-37-thread-1] INFO  impl.RaftServerImpl (RaftServerImpl.java:<init>(95)) - fd66befe-d3e0-4e51-a202-c759178c3599: new RaftServerImpl for group-1701841B52E7:[4fbc0a64-e4c7-4a69-94fa-9804a8d7871e:192.168.164.239:39296, 6ce2c6a7-9144-4b9b-bff9-06be29014ddc:192.168.164.239:34720, fd66befe-d3e0-4e51-a202-c759178c3599:192.168.164.239:40732] with ContainerStateMachine:uninitialized
2019-10-17 11:25:49,928 [pool-47-thread-1] INFO  storage.RaftStorageDirectory (RaftStorageDirectory.java:analyzeStorage(246)) - The storage directory /workdir/hadoop-ozone/integration-test/target/test-dir/MiniOzoneClusterImpl-768d9c75-2411-484d-8912-1e22cbfad202/datanode-2/data/ratis/86820aa3-e895-4cef-bff5-1701841b52e7 does not exist. Creating ...
2019-10-17 11:25:49,929 [pool-37-thread-1] INFO  server.RaftServerConfigKeys (ConfUtils.java:logGet(43)) - raft.server.rpc.timeout.min = 5s (custom)
2019-10-17 11:25:49,929 [pool-27-thread-1] INFO  server.RaftServerConfigKeys (ConfUtils.java:logGet(43)) - raft.server.log.corruption.policy = EXCEPTION (default)
2019-10-17 11:25:49,929 [pool-37-thread-1] INFO  server.RaftServerConfigKeys (ConfUtils.java:logGet(43)) - raft.server.rpc.timeout.max = 5200ms (custom)
2019-10-17 11:25:49,929 [pool-37-thread-1] INFO  server.RaftServerConfigKeys (ConfUtils.java:logGet(43)) - raft.server.rpcslowness.timeout = 120s (custom)
2019-10-17 11:25:49,929 [pool-27-thread-1] INFO  storage.RaftStorageDirectory (RaftStorageDirectory.java:analyzeStorage(246)) - The storage directory /workdir/hadoop-ozone/integration-test/target/test-dir/MiniOzoneClusterImpl-768d9c75-2411-484d-8912-1e22cbfad202/datanode-0/data/ratis/86820aa3-e895-4cef-bff5-1701841b52e7 does not exist. Creating ...
2019-10-17 11:25:49,929 [pool-37-thread-1] INFO  server.RaftServerConfigKeys (ConfUtils.java:logGet(43)) - raft.server.sleep.deviation.threshold = 300 (default)
2019-10-17 11:25:49,929 [pool-37-thread-1] INFO  server.RaftServerConfigKeys (ConfUtils.java:logGet(43)) - raft.server.log.appender.install.snapshot.enabled = false (custom)
2019-10-17 11:25:49,929 [pool-37-thread-1] INFO  impl.RaftServerImpl (ServerState.java:<init>(103)) - fd66befe-d3e0-4e51-a202-c759178c3599@group-1701841B52E7: ConfigurationManager, init=-1: [4fbc0a64-e4c7-4a69-94fa-9804a8d7871e:192.168.164.239:39296, 6ce2c6a7-9144-4b9b-bff9-06be29014ddc:192.168.164.239:34720, fd66befe-d3e0-4e51-a202-c759178c3599:192.168.164.239:40732], old=null, confs=<EMPTY_MAP>
2019-10-17 11:25:49,930 [pool-37-thread-1] INFO  server.RaftServerConfigKeys (ConfUtils.java:logGet(43)) - raft.server.storage.dir = [/workdir/hadoop-ozone/integration-test/target/test-dir/MiniOzoneClusterImpl-768d9c75-2411-484d-8912-1e22cbfad202/datanode-1/data/ratis] (custom)
2019-10-17 11:25:49,930 [pool-37-thread-1] INFO  server.RaftServerConfigKeys (ConfUtils.java:logGet(43)) - raft.server.log.corruption.policy = EXCEPTION (default)
2019-10-17 11:25:49,930 [pool-37-thread-1] INFO  storage.RaftStorageDirectory (RaftStorageDirectory.java:analyzeStorage(246)) - The storage directory /workdir/hadoop-ozone/integration-test/target/test-dir/MiniOzoneClusterImpl-768d9c75-2411-484d-8912-1e22cbfad202/datanode-1/data/ratis/86820aa3-e895-4cef-bff5-1701841b52e7 does not exist. Creating ...
2019-10-17 11:25:50,863 [6ce2c6a7-9144-4b9b-bff9-06be29014ddc@group-4155E8207270-SegmentedRaftLogWorker] WARN  segmented.SegmentedRaftLogWorker (SegmentedRaftLogWorker.java:getFromFuture(86)) - Timeout 1/~
org.apache.ratis.protocol.TimeoutIOException: Timeout 10s: WriteLog:1: (t:1, i:1), STATEMACHINELOGENTRY, client-AA65EA2471D0, cid=13-writeStateMachineData
	at org.apache.ratis.util.IOUtils.getFromFuture(IOUtils.java:87)
	at org.apache.ratis.server.raftlog.segmented.SegmentedRaftLogWorker$StateMachineDataPolicy.getFromFuture(SegmentedRaftLogWorker.java:83)
	at org.apache.ratis.server.raftlog.segmented.SegmentedRaftLogWorker$WriteLog.execute(SegmentedRaftLogWorker.java:482)
	at org.apache.ratis.server.raftlog.segmented.SegmentedRaftLogWorker.run(SegmentedRaftLogWorker.java:291)
	at java.lang.Thread.run(Thread.java:748)
Caused by: java.util.concurrent.TimeoutException
	at java.util.concurrent.CompletableFuture.timedGet(CompletableFuture.java:1771)
	at java.util.concurrent.CompletableFuture.get(CompletableFuture.java:1915)
	at org.apache.ratis.util.IOUtils.getFromFuture(IOUtils.java:79)
	... 4 more
2019-10-17 11:25:50,866 [fd66befe-d3e0-4e51-a202-c759178c3599@group-4155E8207270-SegmentedRaftLogWorker] WARN  segmented.SegmentedRaftLogWorker (SegmentedRaftLogWorker.java:getFromFuture(86)) - Timeout 1/~
org.apache.ratis.protocol.TimeoutIOException: Timeout 10s: WriteLog:1: (t:1, i:1), STATEMACHINELOGENTRY, client-AA65EA2471D0, cid=13-writeStateMachineData
	at org.apache.ratis.util.IOUtils.getFromFuture(IOUtils.java:87)
	at org.apache.ratis.server.raftlog.segmented.SegmentedRaftLogWorker$StateMachineDataPolicy.getFromFuture(SegmentedRaftLogWorker.java:83)
	at org.apache.ratis.server.raftlog.segmented.SegmentedRaftLogWorker$WriteLog.execute(SegmentedRaftLogWorker.java:482)
	at org.apache.ratis.server.raftlog.segmented.SegmentedRaftLogWorker.run(SegmentedRaftLogWorker.java:291)
	at java.lang.Thread.run(Thread.java:748)
Caused by: java.util.concurrent.TimeoutException
	at java.util.concurrent.CompletableFuture.timedGet(CompletableFuture.java:1771)
	at java.util.concurrent.CompletableFuture.get(CompletableFuture.java:1915)
	at org.apache.ratis.util.IOUtils.getFromFuture(IOUtils.java:79)
	... 4 more
2019-10-17 11:25:50,867 [4fbc0a64-e4c7-4a69-94fa-9804a8d7871e@group-4155E8207270-SegmentedRaftLogWorker] WARN  segmented.SegmentedRaftLogWorker (SegmentedRaftLogWorker.java:getFromFuture(86)) - Timeout 1/~
org.apache.ratis.protocol.TimeoutIOException: Timeout 10s: WriteLog:1: (t:1, i:1), STATEMACHINELOGENTRY, client-AA65EA2471D0, cid=13-writeStateMachineData
	at org.apache.ratis.util.IOUtils.getFromFuture(IOUtils.java:87)
	at org.apache.ratis.server.raftlog.segmented.SegmentedRaftLogWorker$StateMachineDataPolicy.getFromFuture(SegmentedRaftLogWorker.java:83)
	at org.apache.ratis.server.raftlog.segmented.SegmentedRaftLogWorker$WriteLog.execute(SegmentedRaftLogWorker.java:482)
	at org.apache.ratis.server.raftlog.segmented.SegmentedRaftLogWorker.run(SegmentedRaftLogWorker.java:291)
	at java.lang.Thread.run(Thread.java:748)
Caused by: java.util.concurrent.TimeoutException
	at java.util.concurrent.CompletableFuture.timedGet(CompletableFuture.java:1771)
	at java.util.concurrent.CompletableFuture.get(CompletableFuture.java:1915)
	at org.apache.ratis.util.IOUtils.getFromFuture(IOUtils.java:79)
	... 4 more
2019-10-17 11:25:51,368 [java.util.concurrent.ThreadPoolExecutor$Worker@75bafae6[State = -1, empty queue]] WARN  server.GrpcLogAppender (GrpcLogAppender.java:timeoutAppendRequest(200)) - 6ce2c6a7-9144-4b9b-bff9-06be29014ddc@group-4155E8207270->4fbc0a64-e4c7-4a69-94fa-9804a8d7871e-GrpcLogAppender: appendEntries Timeout, request=6ce2c6a7-9144-4b9b-bff9-06be29014ddc->4fbc0a64-e4c7-4a69-94fa-9804a8d7871e#80-t1, previous=(t:1, i:1), leaderCommit=0, initializing? false, entries: <empty>
2019-10-17 11:25:51,368 [java.util.concurrent.ThreadPoolExecutor$Worker@6caa7237[State = -1, empty queue]] WARN  server.GrpcLogAppender (GrpcLogAppender.java:timeoutAppendRequest(200)) - 6ce2c6a7-9144-4b9b-bff9-06be29014ddc@group-4155E8207270->fd66befe-d3e0-4e51-a202-c759178c3599-GrpcLogAppender: appendEntries Timeout, request=6ce2c6a7-9144-4b9b-bff9-06be29014ddc->fd66befe-d3e0-4e51-a202-c759178c3599#80-t1, previous=(t:1, i:1), leaderCommit=0, initializing? false, entries: <empty>
2019-10-17 11:25:52,925 [RATISCREATEPIPELINE2] ERROR pipeline.RatisPipelineProvider (RatisPipelineProvider.java:lambda$null$5(223)) - Failed invoke Ratis rpc org.apache.hadoop.hdds.scm.pipeline.RatisPipelineProvider$$Lambda$191/256057865@78376506 for fd66befe-d3e0-4e51-a202-c759178c3599
org.apache.ratis.protocol.TimeoutIOException: deadline exceeded after 2999798286ns
	at org.apache.ratis.grpc.GrpcUtil.tryUnwrapException(GrpcUtil.java:82)
	at org.apache.ratis.grpc.GrpcUtil.unwrapException(GrpcUtil.java:75)
	at org.apache.ratis.grpc.client.GrpcClientProtocolClient.blockingCall(GrpcClientProtocolClient.java:184)
	at org.apache.ratis.grpc.client.GrpcClientProtocolClient.groupAdd(GrpcClientProtocolClient.java:153)
	at org.apache.ratis.grpc.client.GrpcClientRpc.sendRequest(GrpcClientRpc.java:94)
	at org.apache.ratis.client.impl.RaftClientImpl.sendRequest(RaftClientImpl.java:278)
	at org.apache.ratis.client.impl.RaftClientImpl.groupAdd(RaftClientImpl.java:205)
	at org.apache.hadoop.hdds.scm.pipeline.RatisPipelineProvider.lambda$initializePipeline$4(RatisPipelineProvider.java:184)
	at org.apache.hadoop.hdds.scm.pipeline.RatisPipelineProvider.lambda$null$5(RatisPipelineProvider.java:219)
	at java.util.stream.ForEachOps$ForEachOp$OfRef.accept(ForEachOps.java:183)
	at java.util.ArrayList$ArrayListSpliterator.forEachRemaining(ArrayList.java:1382)
	at java.util.stream.AbstractPipeline.copyInto(AbstractPipeline.java:482)
	at java.util.stream.ForEachOps$ForEachTask.compute(ForEachOps.java:290)
	at java.util.concurrent.CountedCompleter.exec(CountedCompleter.java:731)
	at java.util.concurrent.ForkJoinTask.doExec(ForkJoinTask.java:289)
	at java.util.concurrent.ForkJoinPool$WorkQueue.runTask(ForkJoinPool.java:1056)
	at java.util.concurrent.ForkJoinPool.runWorker(ForkJoinPool.java:1692)
	at java.util.concurrent.ForkJoinWorkerThread.run(ForkJoinWorkerThread.java:157)
Caused by: org.apache.ratis.thirdparty.io.grpc.StatusRuntimeException: DEADLINE_EXCEEDED: deadline exceeded after 2999798286ns
	at org.apache.ratis.thirdparty.io.grpc.stub.ClientCalls.toStatusRuntimeException(ClientCalls.java:233)
	at org.apache.ratis.thirdparty.io.grpc.stub.ClientCalls.getUnchecked(ClientCalls.java:214)
	at org.apache.ratis.thirdparty.io.grpc.stub.ClientCalls.blockingUnaryCall(ClientCalls.java:139)
	at org.apache.ratis.proto.grpc.AdminProtocolServiceGrpc$AdminProtocolServiceBlockingStub.groupManagement(AdminProtocolServiceGrpc.java:274)
	at org.apache.ratis.grpc.client.GrpcClientProtocolClient.lambda$groupAdd$3(GrpcClientProtocolClient.java:155)
	at org.apache.ratis.grpc.client.GrpcClientProtocolClient.blockingCall(GrpcClientProtocolClient.java:182)
	... 15 more
2019-10-17 11:25:52,925 [RATISCREATEPIPELINE1] ERROR pipeline.RatisPipelineProvider (RatisPipelineProvider.java:lambda$null$5(223)) - Failed invoke Ratis rpc org.apache.hadoop.hdds.scm.pipeline.RatisPipelineProvider$$Lambda$191/256057865@78376506 for 6ce2c6a7-9144-4b9b-bff9-06be29014ddc
org.apache.ratis.protocol.TimeoutIOException: deadline exceeded after 2999754750ns
	at org.apache.ratis.grpc.GrpcUtil.tryUnwrapException(GrpcUtil.java:82)
	at org.apache.ratis.grpc.GrpcUtil.unwrapException(GrpcUtil.java:75)
	at org.apache.ratis.grpc.client.GrpcClientProtocolClient.blockingCall(GrpcClientProtocolClient.java:184)
	at org.apache.ratis.grpc.client.GrpcClientProtocolClient.groupAdd(GrpcClientProtocolClient.java:153)
	at org.apache.ratis.grpc.client.GrpcClientRpc.sendRequest(GrpcClientRpc.java:94)
	at org.apache.ratis.client.impl.RaftClientImpl.sendRequest(RaftClientImpl.java:278)
	at org.apache.ratis.client.impl.RaftClientImpl.groupAdd(RaftClientImpl.java:205)
	at org.apache.hadoop.hdds.scm.pipeline.RatisPipelineProvider.lambda$initializePipeline$4(RatisPipelineProvider.java:184)
	at org.apache.hadoop.hdds.scm.pipeline.RatisPipelineProvider.lambda$null$5(RatisPipelineProvider.java:219)
	at java.util.stream.ForEachOps$ForEachOp$OfRef.accept(ForEachOps.java:183)
	at java.util.ArrayList$ArrayListSpliterator.forEachRemaining(ArrayList.java:1382)
	at java.util.stream.AbstractPipeline.copyInto(AbstractPipeline.java:482)
	at java.util.stream.ForEachOps$ForEachTask.compute(ForEachOps.java:290)
	at java.util.concurrent.CountedCompleter.exec(CountedCompleter.java:731)
	at java.util.concurrent.ForkJoinTask.doExec(ForkJoinTask.java:289)
	at java.util.concurrent.ForkJoinPool$WorkQueue.runTask(ForkJoinPool.java:1056)
	at java.util.concurrent.ForkJoinPool.runWorker(ForkJoinPool.java:1692)
	at java.util.concurrent.ForkJoinWorkerThread.run(ForkJoinWorkerThread.java:157)
Caused by: org.apache.ratis.thirdparty.io.grpc.StatusRuntimeException: DEADLINE_EXCEEDED: deadline exceeded after 2999754750ns
	at org.apache.ratis.thirdparty.io.grpc.stub.ClientCalls.toStatusRuntimeException(ClientCalls.java:233)
	at org.apache.ratis.thirdparty.io.grpc.stub.ClientCalls.getUnchecked(ClientCalls.java:214)
	at org.apache.ratis.thirdparty.io.grpc.stub.ClientCalls.blockingUnaryCall(ClientCalls.java:139)
	at org.apache.ratis.proto.grpc.AdminProtocolServiceGrpc$AdminProtocolServiceBlockingStub.groupManagement(AdminProtocolServiceGrpc.java:274)
	at org.apache.ratis.grpc.client.GrpcClientProtocolClient.lambda$groupAdd$3(GrpcClientProtocolClient.java:155)
	at org.apache.ratis.grpc.client.GrpcClientProtocolClient.blockingCall(GrpcClientProtocolClient.java:182)
	... 15 more
2019-10-17 11:25:52,925 [RATISCREATEPIPELINE0] ERROR pipeline.RatisPipelineProvider (RatisPipelineProvider.java:lambda$null$5(223)) - Failed invoke Ratis rpc org.apache.hadoop.hdds.scm.pipeline.RatisPipelineProvider$$Lambda$191/256057865@78376506 for 4fbc0a64-e4c7-4a69-94fa-9804a8d7871e
org.apache.ratis.protocol.TimeoutIOException: deadline exceeded after 2999780309ns
	at org.apache.ratis.grpc.GrpcUtil.tryUnwrapException(GrpcUtil.java:82)
	at org.apache.ratis.grpc.GrpcUtil.unwrapException(GrpcUtil.java:75)
	at org.apache.ratis.grpc.client.GrpcClientProtocolClient.blockingCall(GrpcClientProtocolClient.java:184)
	at org.apache.ratis.grpc.client.GrpcClientProtocolClient.groupAdd(GrpcClientProtocolClient.java:153)
	at org.apache.ratis.grpc.client.GrpcClientRpc.sendRequest(GrpcClientRpc.java:94)
	at org.apache.ratis.client.impl.RaftClientImpl.sendRequest(RaftClientImpl.java:278)
	at org.apache.ratis.client.impl.RaftClientImpl.groupAdd(RaftClientImpl.java:205)
	at org.apache.hadoop.hdds.scm.pipeline.RatisPipelineProvider.lambda$initializePipeline$4(RatisPipelineProvider.java:184)
	at org.apache.hadoop.hdds.scm.pipeline.RatisPipelineProvider.lambda$null$5(RatisPipelineProvider.java:219)
	at java.util.stream.ForEachOps$ForEachOp$OfRef.accept(ForEachOps.java:183)
	at java.util.ArrayList$ArrayListSpliterator.forEachRemaining(ArrayList.java:1382)
	at java.util.stream.AbstractPipeline.copyInto(AbstractPipeline.java:482)
	at java.util.stream.ForEachOps$ForEachTask.compute(ForEachOps.java:290)
	at java.util.concurrent.CountedCompleter.exec(CountedCompleter.java:731)
	at java.util.concurrent.ForkJoinTask.doExec(ForkJoinTask.java:289)
	at java.util.concurrent.ForkJoinTask.doInvoke(ForkJoinTask.java:401)
	at java.util.concurrent.ForkJoinTask.invoke(ForkJoinTask.java:734)
	at java.util.stream.ForEachOps$ForEachOp.evaluateParallel(ForEachOps.java:159)
	at java.util.stream.ForEachOps$ForEachOp$OfRef.evaluateParallel(ForEachOps.java:173)
	at java.util.stream.AbstractPipeline.evaluate(AbstractPipeline.java:233)
	at java.util.stream.ReferencePipeline.forEach(ReferencePipeline.java:485)
	at java.util.stream.ReferencePipeline$Head.forEach(ReferencePipeline.java:650)
	at org.apache.hadoop.hdds.scm.pipeline.RatisPipelineProvider.lambda$callRatisRpc$6(RatisPipelineProvider.java:213)
	at java.util.concurrent.ForkJoinTask$AdaptedRunnableAction.exec(ForkJoinTask.java:1386)
	at java.util.concurrent.ForkJoinTask.doExec(ForkJoinTask.java:289)
	at java.util.concurrent.ForkJoinPool$WorkQueue.runTask(ForkJoinPool.java:1056)
	at java.util.concurrent.ForkJoinPool.runWorker(ForkJoinPool.java:1692)
	at java.util.concurrent.ForkJoinWorkerThread.run(ForkJoinWorkerThread.java:157)
Caused by: org.apache.ratis.thirdparty.io.grpc.StatusRuntimeException: DEADLINE_EXCEEDED: deadline exceeded after 2999780309ns
	at org.apache.ratis.thirdparty.io.grpc.stub.ClientCalls.toStatusRuntimeException(ClientCalls.java:233)
	at org.apache.ratis.thirdparty.io.grpc.stub.ClientCalls.getUnchecked(ClientCalls.java:214)
	at org.apache.ratis.thirdparty.io.grpc.stub.ClientCalls.blockingUnaryCall(ClientCalls.java:139)
	at org.apache.ratis.proto.grpc.AdminProtocolServiceGrpc$AdminProtocolServiceBlockingStub.groupManagement(AdminProtocolServiceGrpc.java:274)
	at org.apache.ratis.grpc.client.GrpcClientProtocolClient.lambda$groupAdd$3(GrpcClientProtocolClient.java:155)
	at org.apache.ratis.grpc.client.GrpcClientProtocolClient.blockingCall(GrpcClientProtocolClient.java:182)
	... 25 more
2019-10-17 11:25:52,934 [RatisPipelineUtilsThread] ERROR pipeline.SCMPipelineManager (SCMPipelineManager.java:createPipeline(194)) - Pipeline creation failed.
org.apache.hadoop.io.MultipleIOException: 3 exceptions [java.io.IOException: Failed invoke Ratis rpc org.apache.hadoop.hdds.scm.pipeline.RatisPipelineProvider$$Lambda$191/256057865@78376506 for fd66befe-d3e0-4e51-a202-c759178c3599, java.io.IOException: Failed invoke Ratis rpc org.apache.hadoop.hdds.scm.pipeline.RatisPipelineProvider$$Lambda$191/256057865@78376506 for 6ce2c6a7-9144-4b9b-bff9-06be29014ddc, java.io.IOException: Failed invoke Ratis rpc org.apache.hadoop.hdds.scm.pipeline.RatisPipelineProvider$$Lambda$191/256057865@78376506 for 4fbc0a64-e4c7-4a69-94fa-9804a8d7871e]
	at org.apache.hadoop.io.MultipleIOException.createIOException(MultipleIOException.java:53)
	at org.apache.hadoop.hdds.scm.pipeline.RatisPipelineProvider.callRatisRpc(RatisPipelineProvider.java:239)
	at org.apache.hadoop.hdds.scm.pipeline.RatisPipelineProvider.initializePipeline(RatisPipelineProvider.java:182)
	at org.apache.hadoop.hdds.scm.pipeline.RatisPipelineProvider.create(RatisPipelineProvider.java:149)
	at org.apache.hadoop.hdds.scm.pipeline.PipelineFactory.create(PipelineFactory.java:58)
	at org.apache.hadoop.hdds.scm.pipeline.SCMPipelineManager.createPipeline(SCMPipelineManager.java:184)
	at org.apache.hadoop.hdds.scm.pipeline.BackgroundPipelineCreator.createPipelines(BackgroundPipelineCreator.java:100)
	at java.util.concurrent.Executors$RunnableAdapter.call(Executors.java:511)
	at java.util.concurrent.FutureTask.run(FutureTask.java:266)
	at java.util.concurrent.ScheduledThreadPoolExecutor$ScheduledFutureTask.access$201(ScheduledThreadPoolExecutor.java:180)
	at java.util.concurrent.ScheduledThreadPoolExecutor$ScheduledFutureTask.run(ScheduledThreadPoolExecutor.java:293)
	at java.util.concurrent.ThreadPoolExecutor.runWorker(ThreadPoolExecutor.java:1149)
	at java.util.concurrent.ThreadPoolExecutor$Worker.run(ThreadPoolExecutor.java:624)
	at java.lang.Thread.run(Thread.java:748)
2019-10-17 11:25:53,868 [java.util.concurrent.ThreadPoolExecutor$Worker@6caa7237[State = -1, empty queue]] WARN  server.GrpcLogAppender (GrpcLogAppender.java:timeoutAppendRequest(200)) - 6ce2c6a7-9144-4b9b-bff9-06be29014ddc@group-4155E8207270->fd66befe-d3e0-4e51-a202-c759178c3599-GrpcLogAppender: appendEntries Timeout, request=6ce2c6a7-9144-4b9b-bff9-06be29014ddc->fd66befe-d3e0-4e51-a202-c759178c3599#81-t1, previous=(t:1, i:1), leaderCommit=0, initializing? false, entries: <empty>
2019-10-17 11:25:53,868 [java.util.concurrent.ThreadPoolExecutor$Worker@75bafae6[State = -1, empty queue]] WARN  server.GrpcLogAppender (GrpcLogAppender.java:timeoutAppendRequest(200)) - 6ce2c6a7-9144-4b9b-bff9-06be29014ddc@group-4155E8207270->4fbc0a64-e4c7-4a69-94fa-9804a8d7871e-GrpcLogAppender: appendEntries Timeout, request=6ce2c6a7-9144-4b9b-bff9-06be29014ddc->4fbc0a64-e4c7-4a69-94fa-9804a8d7871e#81-t1, previous=(t:1, i:1), leaderCommit=0, initializing? false, entries: <empty>
2019-10-17 11:25:53,894 [java.util.concurrent.ThreadPoolExecutor$Worker@4c986e4c[State = -1, empty queue]] ERROR client.GrpcClientProtocolClient (GrpcClientProtocolClient.java:close(148)) - Unexpected exception while waiting for channel termination
java.lang.InterruptedException
	at java.util.concurrent.locks.AbstractQueuedSynchronizer.tryAcquireSharedNanos(AbstractQueuedSynchronizer.java:1326)
	at java.util.concurrent.CountDownLatch.await(CountDownLatch.java:277)
	at org.apache.ratis.thirdparty.io.grpc.internal.ManagedChannelImpl.awaitTermination(ManagedChannelImpl.java:763)
	at org.apache.ratis.thirdparty.io.grpc.internal.ForwardingManagedChannel.awaitTermination(ForwardingManagedChannel.java:57)
	at org.apache.ratis.thirdparty.io.grpc.internal.ManagedChannelOrphanWrapper.awaitTermination(ManagedChannelOrphanWrapper.java:70)
	at org.apache.ratis.grpc.client.GrpcClientProtocolClient.close(GrpcClientProtocolClient.java:146)
	at org.apache.ratis.util.PeerProxyMap$PeerAndProxy.lambda$close$1(PeerProxyMap.java:74)
	at org.apache.ratis.util.LifeCycle.lambda$checkStateAndClose$2(LifeCycle.java:231)
	at org.apache.ratis.util.LifeCycle.checkStateAndClose(LifeCycle.java:251)
	at org.apache.ratis.util.LifeCycle.checkStateAndClose(LifeCycle.java:229)
	at org.apache.ratis.util.PeerProxyMap$PeerAndProxy.close(PeerProxyMap.java:70)
	at org.apache.ratis.util.PeerProxyMap.resetProxy(PeerProxyMap.java:127)
	at org.apache.ratis.util.PeerProxyMap.handleException(PeerProxyMap.java:136)
	at org.apache.ratis.client.impl.RaftClientRpcWithProxy.handleException(RaftClientRpcWithProxy.java:47)
	at org.apache.ratis.client.impl.RaftClientImpl.handleIOException(RaftClientImpl.java:372)
	at org.apache.ratis.client.impl.OrderedAsync.lambda$sendRequest$10(OrderedAsync.java:236)
	at java.util.concurrent.CompletableFuture.uniExceptionally(CompletableFuture.java:870)
	at java.util.concurrent.CompletableFuture$UniExceptionally.tryFire(CompletableFuture.java:852)
	at java.util.concurrent.CompletableFuture.postComplete(CompletableFuture.java:474)
	at java.util.concurrent.CompletableFuture.completeExceptionally(CompletableFuture.java:1977)
	at org.apache.ratis.grpc.client.GrpcClientProtocolClient$AsyncStreamObservers.lambda$timeoutCheck$3(GrpcClientProtocolClient.java:324)
	at java.util.Optional.ifPresent(Optional.java:159)
	at org.apache.ratis.grpc.client.GrpcClientProtocolClient$AsyncStreamObservers.handleReplyFuture(GrpcClientProtocolClient.java:329)
	at org.apache.ratis.grpc.client.GrpcClientProtocolClient$AsyncStreamObservers.timeoutCheck(GrpcClientProtocolClient.java:324)
	at org.apache.ratis.grpc.client.GrpcClientProtocolClient$AsyncStreamObservers.lambda$onNext$1(GrpcClientProtocolClient.java:318)
	at org.apache.ratis.util.TimeoutScheduler.lambda$onTimeout$0(TimeoutScheduler.java:113)
	at org.apache.ratis.util.TimeoutScheduler.lambda$onTimeout$1(TimeoutScheduler.java:133)
	at org.apache.ratis.util.LogUtils.runAndLog(LogUtils.java:50)
	at org.apache.ratis.util.LogUtils$1.run(LogUtils.java:91)
	at java.util.concurrent.Executors$RunnableAdapter.call(Executors.java:511)
	at java.util.concurrent.FutureTask.run(FutureTask.java:266)
	at java.util.concurrent.ScheduledThreadPoolExecutor$ScheduledFutureTask.access$201(ScheduledThreadPoolExecutor.java:180)
	at java.util.concurrent.ScheduledThreadPoolExecutor$ScheduledFutureTask.run(ScheduledThreadPoolExecutor.java:293)
	at java.util.concurrent.ThreadPoolExecutor.runWorker(ThreadPoolExecutor.java:1149)
	at java.util.concurrent.ThreadPoolExecutor$Worker.run(ThreadPoolExecutor.java:624)
	at java.lang.Thread.run(Thread.java:748)
2019-10-17 11:25:53,895 [java.util.concurrent.ThreadPoolExecutor$Worker@4c986e4c[State = -1, empty queue]] WARN  util.TimeoutScheduler (LogUtils.java:runAndLog(55)) - Failed to task #0: java.lang.NullPointerException
2019-10-17 11:25:54,982 [4fbc0a64-e4c7-4a69-94fa-9804a8d7871e@group-B3362EA21D26-LeaderElection52] WARN  util.FileUtils (LogUtils.java:runAndLog(55)) - Failed to Files.move /workdir/hadoop-ozone/integration-test/target/test-dir/MiniOzoneClusterImpl-768d9c75-2411-484d-8912-1e22cbfad202/datanode-0/data/ratis/38f89504-bce2-46cc-a5df-b3362ea21d26/current/raft-meta.tmp to /workdir/hadoop-ozone/integration-test/target/test-dir/MiniOzoneClusterImpl-768d9c75-2411-484d-8912-1e22cbfad202/datanode-0/data/ratis/38f89504-bce2-46cc-a5df-b3362ea21d26/current/raft-meta: java.nio.file.NoSuchFileException: /workdir/hadoop-ozone/integration-test/target/test-dir/MiniOzoneClusterImpl-768d9c75-2411-484d-8912-1e22cbfad202/datanode-0/data/ratis/38f89504-bce2-46cc-a5df-b3362ea21d26/current/raft-meta.tmp
2019-10-17 11:25:54,982 [6ce2c6a7-9144-4b9b-bff9-06be29014ddc@group-B3362EA21D26-LeaderElection50] WARN  util.FileUtils (LogUtils.java:runAndLog(55)) - Failed to Files.move /workdir/hadoop-ozone/integration-test/target/test-dir/MiniOzoneClusterImpl-768d9c75-2411-484d-8912-1e22cbfad202/datanode-2/data/ratis/38f89504-bce2-46cc-a5df-b3362ea21d26/current/raft-meta.tmp to /workdir/hadoop-ozone/integration-test/target/test-dir/MiniOzoneClusterImpl-768d9c75-2411-484d-8912-1e22cbfad202/datanode-2/data/ratis/38f89504-bce2-46cc-a5df-b3362ea21d26/current/raft-meta: java.nio.file.NoSuchFileException: /workdir/hadoop-ozone/integration-test/target/test-dir/MiniOzoneClusterImpl-768d9c75-2411-484d-8912-1e22cbfad202/datanode-2/data/ratis/38f89504-bce2-46cc-a5df-b3362ea21d26/current/raft-meta.tmp
2019-10-17 11:25:54,982 [fd66befe-d3e0-4e51-a202-c759178c3599@group-B3362EA21D26-LeaderElection51] WARN  util.FileUtils (LogUtils.java:runAndLog(55)) - Failed to Files.move /workdir/hadoop-ozone/integration-test/target/test-dir/MiniOzoneClusterImpl-768d9c75-2411-484d-8912-1e22cbfad202/datanode-1/data/ratis/38f89504-bce2-46cc-a5df-b3362ea21d26/current/raft-meta.tmp to /workdir/hadoop-ozone/integration-test/target/test-dir/MiniOzoneClusterImpl-768d9c75-2411-484d-8912-1e22cbfad202/datanode-1/data/ratis/38f89504-bce2-46cc-a5df-b3362ea21d26/current/raft-meta: java.nio.file.NoSuchFileException: /workdir/hadoop-ozone/integration-test/target/test-dir/MiniOzoneClusterImpl-768d9c75-2411-484d-8912-1e22cbfad202/datanode-1/data/ratis/38f89504-bce2-46cc-a5df-b3362ea21d26/current/raft-meta.tmp
2019-10-17 11:25:54,984 [4fbc0a64-e4c7-4a69-94fa-9804a8d7871e@group-B3362EA21D26-LeaderElection52] WARN  util.AtomicFileOutputStream (AtomicFileOutputStream.java:abort(100)) - Unable to delete tmp file during abort /workdir/hadoop-ozone/integration-test/target/test-dir/MiniOzoneClusterImpl-768d9c75-2411-484d-8912-1e22cbfad202/datanode-0/data/ratis/38f89504-bce2-46cc-a5df-b3362ea21d26/current/raft-meta.tmp
2019-10-17 11:25:54,985 [fd66befe-d3e0-4e51-a202-c759178c3599@group-B3362EA21D26-LeaderElection51] WARN  util.AtomicFileOutputStream (AtomicFileOutputStream.java:abort(100)) - Unable to delete tmp file during abort /workdir/hadoop-ozone/integration-test/target/test-dir/MiniOzoneClusterImpl-768d9c75-2411-484d-8912-1e22cbfad202/datanode-1/data/ratis/38f89504-bce2-46cc-a5df-b3362ea21d26/current/raft-meta.tmp
2019-10-17 11:25:54,985 [6ce2c6a7-9144-4b9b-bff9-06be29014ddc@group-B3362EA21D26-LeaderElection50] WARN  util.AtomicFileOutputStream (AtomicFileOutputStream.java:abort(100)) - Unable to delete tmp file during abort /workdir/hadoop-ozone/integration-test/target/test-dir/MiniOzoneClusterImpl-768d9c75-2411-484d-8912-1e22cbfad202/datanode-2/data/ratis/38f89504-bce2-46cc-a5df-b3362ea21d26/current/raft-meta.tmp
2019-10-17 11:25:54,986 [fd66befe-d3e0-4e51-a202-c759178c3599@group-B3362EA21D26-LeaderElection51] INFO  impl.LeaderElection (LeaderElection.java:run(137)) - fd66befe-d3e0-4e51-a202-c759178c3599@group-B3362EA21D26-LeaderElection51: NoSuchFileException is safely ignored since this is already CLOSING
java.nio.file.NoSuchFileException: /workdir/hadoop-ozone/integration-test/target/test-dir/MiniOzoneClusterImpl-768d9c75-2411-484d-8912-1e22cbfad202/datanode-1/data/ratis/38f89504-bce2-46cc-a5df-b3362ea21d26/current/raft-meta.tmp
	at sun.nio.fs.UnixException.translateToIOException(UnixException.java:86)
	at sun.nio.fs.UnixException.rethrowAsIOException(UnixException.java:102)
	at sun.nio.fs.UnixException.rethrowAsIOException(UnixException.java:107)
	at sun.nio.fs.UnixCopyFile.move(UnixCopyFile.java:409)
	at sun.nio.fs.UnixFileSystemProvider.move(UnixFileSystemProvider.java:262)
	at java.nio.file.Files.move(Files.java:1395)
	at org.apache.ratis.util.FileUtils.lambda$move$6(FileUtils.java:65)
	at org.apache.ratis.util.LogUtils.runAndLog(LogUtils.java:50)
	at org.apache.ratis.util.FileUtils.move(FileUtils.java:64)
	at org.apache.ratis.util.FileUtils.move(FileUtils.java:60)
	at org.apache.ratis.util.AtomicFileOutputStream.close(AtomicFileOutputStream.java:73)
	at org.apache.ratis.server.storage.MetaFile.writeFile(MetaFile.java:96)
	at org.apache.ratis.server.storage.MetaFile.set(MetaFile.java:75)
	at org.apache.ratis.server.raftlog.segmented.SegmentedRaftLog.writeMetadata(SegmentedRaftLog.java:473)
	at org.apache.ratis.server.impl.ServerState.persistMetadata(ServerState.java:231)
	at org.apache.ratis.server.impl.LeaderElection.askForVotes(LeaderElection.java:176)
	at org.apache.ratis.server.impl.LeaderElection.run(LeaderElection.java:133)
	at java.lang.Thread.run(Thread.java:748)
2019-10-17 11:25:54,986 [4fbc0a64-e4c7-4a69-94fa-9804a8d7871e@group-B3362EA21D26-LeaderElection52] INFO  impl.LeaderElection (LeaderElection.java:run(137)) - 4fbc0a64-e4c7-4a69-94fa-9804a8d7871e@group-B3362EA21D26-LeaderElection52: NoSuchFileException is safely ignored since this is already CLOSING
java.nio.file.NoSuchFileException: /workdir/hadoop-ozone/integration-test/target/test-dir/MiniOzoneClusterImpl-768d9c75-2411-484d-8912-1e22cbfad202/datanode-0/data/ratis/38f89504-bce2-46cc-a5df-b3362ea21d26/current/raft-meta.tmp
	at sun.nio.fs.UnixException.translateToIOException(UnixException.java:86)
	at sun.nio.fs.UnixException.rethrowAsIOException(UnixException.java:102)
	at sun.nio.fs.UnixException.rethrowAsIOException(UnixException.java:107)
	at sun.nio.fs.UnixCopyFile.move(UnixCopyFile.java:409)
	at sun.nio.fs.UnixFileSystemProvider.move(UnixFileSystemProvider.java:262)
	at java.nio.file.Files.move(Files.java:1395)
	at org.apache.ratis.util.FileUtils.lambda$move$6(FileUtils.java:65)
	at org.apache.ratis.util.LogUtils.runAndLog(LogUtils.java:50)
	at org.apache.ratis.util.FileUtils.move(FileUtils.java:64)
	at org.apache.ratis.util.FileUtils.move(FileUtils.java:60)
	at org.apache.ratis.util.AtomicFileOutputStream.close(AtomicFileOutputStream.java:73)
	at org.apache.ratis.server.storage.MetaFile.writeFile(MetaFile.java:96)
	at org.apache.ratis.server.storage.MetaFile.set(MetaFile.java:75)
	at org.apache.ratis.server.raftlog.segmented.SegmentedRaftLog.writeMetadata(SegmentedRaftLog.java:473)
	at org.apache.ratis.server.impl.ServerState.persistMetadata(ServerState.java:231)
	at org.apache.ratis.server.impl.LeaderElection.askForVotes(LeaderElection.java:176)
	at org.apache.ratis.server.impl.LeaderElection.run(LeaderElection.java:133)
	at java.lang.Thread.run(Thread.java:748)
2019-10-17 11:25:54,987 [6ce2c6a7-9144-4b9b-bff9-06be29014ddc@group-B3362EA21D26-LeaderElection50] INFO  impl.LeaderElection (LeaderElection.java:run(137)) - 6ce2c6a7-9144-4b9b-bff9-06be29014ddc@group-B3362EA21D26-LeaderElection50: NoSuchFileException is safely ignored since this is already CLOSING
java.nio.file.NoSuchFileException: /workdir/hadoop-ozone/integration-test/target/test-dir/MiniOzoneClusterImpl-768d9c75-2411-484d-8912-1e22cbfad202/datanode-2/data/ratis/38f89504-bce2-46cc-a5df-b3362ea21d26/current/raft-meta.tmp
	at sun.nio.fs.UnixException.translateToIOException(UnixException.java:86)
	at sun.nio.fs.UnixException.rethrowAsIOException(UnixException.java:102)
	at sun.nio.fs.UnixException.rethrowAsIOException(UnixException.java:107)
	at sun.nio.fs.UnixCopyFile.move(UnixCopyFile.java:409)
	at sun.nio.fs.UnixFileSystemProvider.move(UnixFileSystemProvider.java:262)
	at java.nio.file.Files.move(Files.java:1395)
	at org.apache.ratis.util.FileUtils.lambda$move$6(FileUtils.java:65)
	at org.apache.ratis.util.LogUtils.runAndLog(LogUtils.java:50)
	at org.apache.ratis.util.FileUtils.move(FileUtils.java:64)
	at org.apache.ratis.util.FileUtils.move(FileUtils.java:60)
	at org.apache.ratis.util.AtomicFileOutputStream.close(AtomicFileOutputStream.java:73)
	at org.apache.ratis.server.storage.MetaFile.writeFile(MetaFile.java:96)
	at org.apache.ratis.server.storage.MetaFile.set(MetaFile.java:75)
	at org.apache.ratis.server.raftlog.segmented.SegmentedRaftLog.writeMetadata(SegmentedRaftLog.java:473)
	at org.apache.ratis.server.impl.ServerState.persistMetadata(ServerState.java:231)
	at org.apache.ratis.server.impl.LeaderElection.askForVotes(LeaderElection.java:176)
	at org.apache.ratis.server.impl.LeaderElection.run(LeaderElection.java:133)
	at java.lang.Thread.run(Thread.java:748)
2019-10-17 11:25:56,369 [java.util.concurrent.ThreadPoolExecutor$Worker@6caa7237[State = -1, empty queue]] WARN  server.GrpcLogAppender (GrpcLogAppender.java:timeoutAppendRequest(200)) - 6ce2c6a7-9144-4b9b-bff9-06be29014ddc@group-4155E8207270->fd66befe-d3e0-4e51-a202-c759178c3599-GrpcLogAppender: appendEntries Timeout, request=6ce2c6a7-9144-4b9b-bff9-06be29014ddc->fd66befe-d3e0-4e51-a202-c759178c3599#82-t1, previous=(t:1, i:1), leaderCommit=0, initializing? false, entries: <empty>
2019-10-17 11:25:56,369 [java.util.concurrent.ThreadPoolExecutor$Worker@75bafae6[State = -1, empty queue]] WARN  server.GrpcLogAppender (GrpcLogAppender.java:timeoutAppendRequest(200)) - 6ce2c6a7-9144-4b9b-bff9-06be29014ddc@group-4155E8207270->4fbc0a64-e4c7-4a69-94fa-9804a8d7871e-GrpcLogAppender: appendEntries Timeout, request=6ce2c6a7-9144-4b9b-bff9-06be29014ddc->4fbc0a64-e4c7-4a69-94fa-9804a8d7871e#82-t1, previous=(t:1, i:1), leaderCommit=0, initializing? false, entries: <empty>
2019-10-17 11:25:56,527 [pool-27-thread-1] INFO  storage.RaftStorageDirectory (RaftStorageDirectory.java:tryLock(328)) - Lock on /workdir/hadoop-ozone/integration-test/target/test-dir/MiniOzoneClusterImpl-768d9c75-2411-484d-8912-1e22cbfad202/datanode-0/data/ratis/86820aa3-e895-4cef-bff5-1701841b52e7/in_use.lock acquired by nodename 31128@pr-hdds-1569-jxtqp-958769943
2019-10-17 11:25:56,527 [pool-47-thread-1] INFO  storage.RaftStorageDirectory (RaftStorageDirectory.java:tryLock(328)) - Lock on /workdir/hadoop-ozone/integration-test/target/test-dir/MiniOzoneClusterImpl-768d9c75-2411-484d-8912-1e22cbfad202/datanode-2/data/ratis/86820aa3-e895-4cef-bff5-1701841b52e7/in_use.lock acquired by nodename 31128@pr-hdds-1569-jxtqp-958769943
2019-10-17 11:25:56,527 [pool-37-thread-1] INFO  storage.RaftStorageDirectory (RaftStorageDirectory.java:tryLock(328)) - Lock on /workdir/hadoop-ozone/integration-test/target/test-dir/MiniOzoneClusterImpl-768d9c75-2411-484d-8912-1e22cbfad202/datanode-1/data/ratis/86820aa3-e895-4cef-bff5-1701841b52e7/in_use.lock acquired by nodename 31128@pr-hdds-1569-jxtqp-958769943
2019-10-17 11:25:56,618 [grpc-default-executor-4] WARN  server.GrpcLogAppender (GrpcLogAppender.java:onNextImpl(251)) - 6ce2c6a7-9144-4b9b-bff9-06be29014ddc@group-4155E8207270->fd66befe-d3e0-4e51-a202-c759178c3599-AppendLogResponseHandler: Request not found, ignoring reply: 6ce2c6a7-9144-4b9b-bff9-06be29014ddc<-fd66befe-d3e0-4e51-a202-c759178c3599#73:OK,SUCCESS,nextIndex:2,term:1,followerCommit:0
2019-10-17 11:25:56,618 [grpc-default-executor-4] WARN  server.GrpcLogAppender (GrpcLogAppender.java:onNextImpl(251)) - 6ce2c6a7-9144-4b9b-bff9-06be29014ddc@group-4155E8207270->fd66befe-d3e0-4e51-a202-c759178c3599-AppendLogResponseHandler: Request not found, ignoring reply: 6ce2c6a7-9144-4b9b-bff9-06be29014ddc<-fd66befe-d3e0-4e51-a202-c759178c3599#74:OK,SUCCESS,nextIndex:2,term:1,followerCommit:0
2019-10-17 11:25:56,618 [grpc-default-executor-4] WARN  server.GrpcLogAppender (GrpcLogAppender.java:onNextImpl(251)) - 6ce2c6a7-9144-4b9b-bff9-06be29014ddc@group-4155E8207270->fd66befe-d3e0-4e51-a202-c759178c3599-AppendLogResponseHandler: Request not found, ignoring reply: 6ce2c6a7-9144-4b9b-bff9-06be29014ddc<-fd66befe-d3e0-4e51-a202-c759178c3599#75:OK,SUCCESS,nextIndex:2,term:1,followerCommit:0
2019-10-17 11:25:56,619 [grpc-default-executor-4] WARN  server.GrpcLogAppender (GrpcLogAppender.java:onNextImpl(251)) - 6ce2c6a7-9144-4b9b-bff9-06be29014ddc@group-4155E8207270->fd66befe-d3e0-4e51-a202-c759178c3599-AppendLogResponseHandler: Request not found, ignoring reply: 6ce2c6a7-9144-4b9b-bff9-06be29014ddc<-fd66befe-d3e0-4e51-a202-c759178c3599#76:OK,SUCCESS,nextIndex:2,term:1,followerCommit:0
2019-10-17 11:25:56,619 [grpc-default-executor-4] WARN  server.GrpcLogAppender (GrpcLogAppender.java:onNextImpl(251)) - 6ce2c6a7-9144-4b9b-bff9-06be29014ddc@group-4155E8207270->fd66befe-d3e0-4e51-a202-c759178c3599-AppendLogResponseHandler: Request not found, ignoring reply: 6ce2c6a7-9144-4b9b-bff9-06be29014ddc<-fd66befe-d3e0-4e51-a202-c759178c3599#77:OK,SUCCESS,nextIndex:2,term:1,followerCommit:0
2019-10-17 11:25:56,619 [grpc-default-executor-4] WARN  server.GrpcLogAppender (GrpcLogAppender.java:onNextImpl(251)) - 6ce2c6a7-9144-4b9b-bff9-06be29014ddc@group-4155E8207270->fd66befe-d3e0-4e51-a202-c759178c3599-AppendLogResponseHandler: Request not found, ignoring reply: 6ce2c6a7-9144-4b9b-bff9-06be29014ddc<-fd66befe-d3e0-4e51-a202-c759178c3599#78:OK,SUCCESS,nextIndex:2,term:1,followerCommit:0
2019-10-17 11:25:56,619 [grpc-default-executor-4] WARN  server.GrpcLogAppender (GrpcLogAppender.java:onNextImpl(251)) - 6ce2c6a7-9144-4b9b-bff9-06be29014ddc@group-4155E8207270->fd66befe-d3e0-4e51-a202-c759178c3599-AppendLogResponseHandler: Request not found, ignoring reply: 6ce2c6a7-9144-4b9b-bff9-06be29014ddc<-fd66befe-d3e0-4e51-a202-c759178c3599#79:OK,SUCCESS,nextIndex:2,term:1,followerCommit:0
2019-10-17 11:25:56,619 [grpc-default-executor-4] WARN  server.GrpcLogAppender (GrpcLogAppender.java:onNextImpl(251)) - 6ce2c6a7-9144-4b9b-bff9-06be29014ddc@group-4155E8207270->fd66befe-d3e0-4e51-a202-c759178c3599-AppendLogResponseHandler: Request not found, ignoring reply: 6ce2c6a7-9144-4b9b-bff9-06be29014ddc<-fd66befe-d3e0-4e51-a202-c759178c3599#80:OK,SUCCESS,nextIndex:2,term:1,followerCommit:0
2019-10-17 11:25:56,619 [grpc-default-executor-4] WARN  server.GrpcLogAppender (GrpcLogAppender.java:onNextImpl(251)) - 6ce2c6a7-9144-4b9b-bff9-06be29014ddc@group-4155E8207270->fd66befe-d3e0-4e51-a202-c759178c3599-AppendLogResponseHandler: Request not found, ignoring reply: 6ce2c6a7-9144-4b9b-bff9-06be29014ddc<-fd66befe-d3e0-4e51-a202-c759178c3599#81:OK,SUCCESS,nextIndex:2,term:1,followerCommit:0
2019-10-17 11:25:56,620 [grpc-default-executor-4] WARN  server.GrpcLogAppender (GrpcLogAppender.java:onNextImpl(251)) - 6ce2c6a7-9144-4b9b-bff9-06be29014ddc@group-4155E8207270->fd66befe-d3e0-4e51-a202-c759178c3599-AppendLogResponseHandler: Request not found, ignoring reply: 6ce2c6a7-9144-4b9b-bff9-06be29014ddc<-fd66befe-d3e0-4e51-a202-c759178c3599#82:OK,SUCCESS,nextIndex:2,term:1,followerCommit:0
2019-10-17 11:25:56,756 [grpc-default-executor-0] INFO  impl.RaftServerProxy (RaftServerProxy.java:remove(95)) - fd66befe-d3e0-4e51-a202-c759178c3599: remove group-B3362EA21D26:null
2019-10-17 11:25:56,762 [RatisPipelineUtilsThread] WARN  pipeline.RatisPipelineUtils (RatisPipelineUtils.java:destroyPipeline(69)) - Pipeline destroy failed for pipeline=PipelineID=38f89504-bce2-46cc-a5df-b3362ea21d26 dn=fd66befe-d3e0-4e51-a202-c759178c3599{ip: 192.168.164.239, host: pr-hdds-1569-jxtqp-958769943, networkLocation: /default-rack, certSerialId: null} exception=fd66befe-d3e0-4e51-a202-c759178c3599: Group group-B3362EA21D26 not found.
2019-10-17 11:25:56,765 [grpc-default-executor-0] INFO  impl.RaftServerProxy (RaftServerProxy.java:remove(95)) - 4fbc0a64-e4c7-4a69-94fa-9804a8d7871e: remove group-B3362EA21D26:null
2019-10-17 11:25:56,770 [RatisPipelineUtilsThread] WARN  pipeline.RatisPipelineUtils (RatisPipelineUtils.java:destroyPipeline(69)) - Pipeline destroy failed for pipeline=PipelineID=38f89504-bce2-46cc-a5df-b3362ea21d26 dn=4fbc0a64-e4c7-4a69-94fa-9804a8d7871e{ip: 192.168.164.239, host: pr-hdds-1569-jxtqp-958769943, networkLocation: /default-rack, certSerialId: null} exception=4fbc0a64-e4c7-4a69-94fa-9804a8d7871e: Group group-B3362EA21D26 not found.
2019-10-17 11:25:56,773 [grpc-default-executor-0] INFO  impl.RaftServerProxy (RaftServerProxy.java:remove(95)) - 6ce2c6a7-9144-4b9b-bff9-06be29014ddc: remove group-B3362EA21D26:null
2019-10-17 11:25:56,778 [RatisPipelineUtilsThread] WARN  pipeline.RatisPipelineUtils (RatisPipelineUtils.java:destroyPipeline(69)) - Pipeline destroy failed for pipeline=PipelineID=38f89504-bce2-46cc-a5df-b3362ea21d26 dn=6ce2c6a7-9144-4b9b-bff9-06be29014ddc{ip: 192.168.164.239, host: pr-hdds-1569-jxtqp-958769943, networkLocation: /default-rack, certSerialId: null} exception=6ce2c6a7-9144-4b9b-bff9-06be29014ddc: Group group-B3362EA21D26 not found.
2019-10-17 11:25:56,854 [pool-27-thread-1] INFO  storage.RaftStorage (RaftStorage.java:format(84)) - Storage directory /workdir/hadoop-ozone/integration-test/target/test-dir/MiniOzoneClusterImpl-768d9c75-2411-484d-8912-1e22cbfad202/datanode-0/data/ratis/86820aa3-e895-4cef-bff5-1701841b52e7 has been successfully formatted.
2019-10-17 11:25:56,854 [RatisPipelineUtilsThread] ERROR pipeline.SCMPipelineManager (Scheduler.java:lambda$schedule$1(70)) - Destroy pipeline failed for pipeline:Pipeline[ Id: 38f89504-bce2-46cc-a5df-b3362ea21d26, Nodes: fd66befe-d3e0-4e51-a202-c759178c3599{ip: 192.168.164.239, host: pr-hdds-1569-jxtqp-958769943, networkLocation: /default-rack, certSerialId: null}4fbc0a64-e4c7-4a69-94fa-9804a8d7871e{ip: 192.168.164.239, host: pr-hdds-1569-jxtqp-958769943, networkLocation: /default-rack, certSerialId: null}6ce2c6a7-9144-4b9b-bff9-06be29014ddc{ip: 192.168.164.239, host: pr-hdds-1569-jxtqp-958769943, networkLocation: /default-rack, certSerialId: null}, Type:RATIS, Factor:THREE, State:CLOSED]
org.apache.hadoop.hdds.scm.pipeline.PipelineNotFoundException: PipelineID=38f89504-bce2-46cc-a5df-b3362ea21d26 not found
	at org.apache.hadoop.hdds.scm.pipeline.PipelineStateMap.getPipeline(PipelineStateMap.java:133)
	at org.apache.hadoop.hdds.scm.pipeline.PipelineStateMap.removePipeline(PipelineStateMap.java:323)
	at org.apache.hadoop.hdds.scm.pipeline.PipelineStateManager.removePipeline(PipelineStateManager.java:107)
	at org.apache.hadoop.hdds.scm.pipeline.SCMPipelineManager.removePipeline(SCMPipelineManager.java:455)
	at org.apache.hadoop.hdds.scm.pipeline.SCMPipelineManager.destroyPipeline(SCMPipelineManager.java:441)
	at org.apache.hadoop.hdds.scm.pipeline.SCMPipelineManager.lambda$finalizeAndDestroyPipeline$0(SCMPipelineManager.java:350)
	at org.apache.hadoop.hdds.utils.Scheduler.lambda$schedule$1(Scheduler.java:68)
	at java.util.concurrent.Executors$RunnableAdapter.call(Executors.java:511)
	at java.util.concurrent.FutureTask.run(FutureTask.java:266)
	at java.util.concurrent.ScheduledThreadPoolExecutor$ScheduledFutureTask.access$201(ScheduledThreadPoolExecutor.java:180)
	at java.util.concurrent.ScheduledThreadPoolExecutor$ScheduledFutureTask.run(ScheduledThreadPoolExecutor.java:293)
	at java.util.concurrent.ThreadPoolExecutor.runWorker(ThreadPoolExecutor.java:1149)
	at java.util.concurrent.ThreadPoolExecutor$Worker.run(ThreadPoolExecutor.java:624)
	at java.lang.Thread.run(Thread.java:748)
2019-10-17 11:25:56,855 [pool-27-thread-1] INFO  ratis.ContainerStateMachine (ContainerStateMachine.java:loadSnapshot(231)) - group-1701841B52E7: The snapshot info is null. Setting the last applied indexto:(t:0, i:~)
2019-10-17 11:25:56,854 [pool-37-thread-1] INFO  storage.RaftStorage (RaftStorage.java:format(84)) - Storage directory /workdir/hadoop-ozone/integration-test/target/test-dir/MiniOzoneClusterImpl-768d9c75-2411-484d-8912-1e22cbfad202/datanode-1/data/ratis/86820aa3-e895-4cef-bff5-1701841b52e7 has been successfully formatted.
2019-10-17 11:25:56,854 [pool-47-thread-1] INFO  storage.RaftStorage (RaftStorage.java:format(84)) - Storage directory /workdir/hadoop-ozone/integration-test/target/test-dir/MiniOzoneClusterImpl-768d9c75-2411-484d-8912-1e22cbfad202/datanode-2/data/ratis/86820aa3-e895-4cef-bff5-1701841b52e7 has been successfully formatted.
2019-10-17 11:25:56,856 [pool-27-thread-1] INFO  server.RaftServerConfigKeys (ConfUtils.java:logGet(43)) - raft.server.notification.no-leader.timeout = 120s (custom)
2019-10-17 11:25:56,857 [pool-37-thread-1] INFO  ratis.ContainerStateMachine (ContainerStateMachine.java:loadSnapshot(231)) - group-1701841B52E7: The snapshot info is null. Setting the last applied indexto:(t:0, i:~)
2019-10-17 11:25:56,858 [pool-27-thread-1] INFO  server.RaftServerConfigKeys (ConfUtils.java:logGet(43)) - raft.server.log.use.memory = false (default)
2019-10-17 11:25:56,858 [pool-47-thread-1] INFO  ratis.ContainerStateMachine (ContainerStateMachine.java:loadSnapshot(231)) - group-1701841B52E7: The snapshot info is null. Setting the last applied indexto:(t:0, i:~)
2019-10-17 11:25:56,858 [pool-37-thread-1] INFO  server.RaftServerConfigKeys (ConfUtils.java:logGet(43)) - raft.server.notification.no-leader.timeout = 120s (custom)
2019-10-17 11:25:56,858 [pool-47-thread-1] INFO  server.RaftServerConfigKeys (ConfUtils.java:logGet(43)) - raft.server.notification.no-leader.timeout = 120s (custom)
2019-10-17 11:25:56,858 [pool-27-thread-1] INFO  server.RaftServerConfigKeys (ConfUtils.java:logGet(43)) - raft.server.log.purge.gap = 1000000 (custom)
2019-10-17 11:25:56,858 [pool-47-thread-1] INFO  server.RaftServerConfigKeys (ConfUtils.java:logGet(43)) - raft.server.log.use.memory = false (default)
2019-10-17 11:25:56,858 [pool-37-thread-1] INFO  server.RaftServerConfigKeys (ConfUtils.java:logGet(43)) - raft.server.log.use.memory = false (default)
2019-10-17 11:25:56,858 [pool-47-thread-1] INFO  server.RaftServerConfigKeys (ConfUtils.java:logGet(43)) - raft.server.log.purge.gap = 1000000 (custom)
2019-10-17 11:25:56,858 [pool-27-thread-1] INFO  server.RaftServerConfigKeys (ConfUtils.java:logGet(43)) - raft.server.log.appender.buffer.byte-limit = 33554432 (custom)
2019-10-17 11:25:56,858 [pool-47-thread-1] INFO  server.RaftServerConfigKeys (ConfUtils.java:logGet(43)) - raft.server.log.appender.buffer.byte-limit = 33554432 (custom)
2019-10-17 11:25:56,858 [pool-37-thread-1] INFO  server.RaftServerConfigKeys (ConfUtils.java:logGet(43)) - raft.server.log.purge.gap = 1000000 (custom)
2019-10-17 11:25:56,859 [pool-47-thread-1] INFO  server.RaftServerConfigKeys (ConfUtils.java:logGet(43)) - raft.server.log.segment.size.max = 1048576 (custom)
2019-10-17 11:25:56,859 [pool-27-thread-1] INFO  server.RaftServerConfigKeys (ConfUtils.java:logGet(43)) - raft.server.log.segment.size.max = 1048576 (custom)
2019-10-17 11:25:56,859 [pool-47-thread-1] INFO  server.RaftServerConfigKeys (ConfUtils.java:logGet(43)) - raft.server.log.segment.cache.num.max = 2 (custom)
2019-10-17 11:25:56,859 [pool-37-thread-1] INFO  server.RaftServerConfigKeys (ConfUtils.java:logGet(43)) - raft.server.log.appender.buffer.byte-limit = 33554432 (custom)
2019-10-17 11:25:56,859 [pool-47-thread-1] INFO  segmented.SegmentedRaftLogWorker (SegmentedRaftLogWorker.java:<init>(173)) - new 6ce2c6a7-9144-4b9b-bff9-06be29014ddc@group-1701841B52E7-SegmentedRaftLogWorker for RaftStorage:Storage Directory /workdir/hadoop-ozone/integration-test/target/test-dir/MiniOzoneClusterImpl-768d9c75-2411-484d-8912-1e22cbfad202/datanode-2/data/ratis/86820aa3-e895-4cef-bff5-1701841b52e7
2019-10-17 11:25:56,859 [pool-27-thread-1] INFO  server.RaftServerConfigKeys (ConfUtils.java:logGet(43)) - raft.server.log.segment.cache.num.max = 2 (custom)
2019-10-17 11:25:56,860 [pool-47-thread-1] INFO  server.RaftServerConfigKeys (ConfUtils.java:logGet(43)) - raft.server.log.queue.byte-limit = 2147483647 (custom)
2019-10-17 11:25:56,859 [pool-37-thread-1] INFO  server.RaftServerConfigKeys (ConfUtils.java:logGet(43)) - raft.server.log.segment.size.max = 1048576 (custom)
2019-10-17 11:25:56,860 [pool-47-thread-1] INFO  server.RaftServerConfigKeys (ConfUtils.java:logGet(43)) - raft.server.log.queue.element-limit = 1024 (custom)
2019-10-17 11:25:56,860 [pool-27-thread-1] INFO  segmented.SegmentedRaftLogWorker (SegmentedRaftLogWorker.java:<init>(173)) - new 4fbc0a64-e4c7-4a69-94fa-9804a8d7871e@group-1701841B52E7-SegmentedRaftLogWorker for RaftStorage:Storage Directory /workdir/hadoop-ozone/integration-test/target/test-dir/MiniOzoneClusterImpl-768d9c75-2411-484d-8912-1e22cbfad202/datanode-0/data/ratis/86820aa3-e895-4cef-bff5-1701841b52e7
2019-10-17 11:25:56,860 [pool-47-thread-1] INFO  server.RaftServerConfigKeys (ConfUtils.java:logGet(43)) - raft.server.log.segment.size.max = 1048576 (custom)
2019-10-17 11:25:56,860 [pool-47-thread-1] INFO  server.RaftServerConfigKeys (ConfUtils.java:logGet(43)) - raft.server.log.preallocated.size = 16384 (custom)
2019-10-17 11:25:56,860 [pool-47-thread-1] INFO  server.RaftServerConfigKeys (ConfUtils.java:logGet(43)) - raft.server.log.write.buffer.size = 33554432 (custom)
2019-10-17 11:25:56,860 [pool-47-thread-1] INFO  server.RaftServerConfigKeys (ConfUtils.java:logGet(43)) - raft.server.log.force.sync.num = 128 (default)
2019-10-17 11:25:56,861 [pool-47-thread-1] INFO  server.RaftServerConfigKeys (ConfUtils.java:logGet(43)) - raft.server.log.statemachine.data.sync = true (default)
2019-10-17 11:25:56,861 [pool-47-thread-1] INFO  server.RaftServerConfigKeys (ConfUtils.java:logGet(43)) - raft.server.log.statemachine.data.sync.timeout = 10s (default)
2019-10-17 11:25:56,861 [pool-47-thread-1] INFO  server.RaftServerConfigKeys (ConfUtils.java:logGet(43)) - raft.server.log.statemachine.data.sync.timeout.retry = -1 (default)
2019-10-17 11:25:56,861 [pool-47-thread-1] INFO  server.RaftServerConfigKeys (ConfUtils.java:logGet(43)) - raft.server.log.statemachine.data.caching.enabled = true (custom)
2019-10-17 11:25:56,860 [pool-37-thread-1] INFO  server.RaftServerConfigKeys (ConfUtils.java:logGet(43)) - raft.server.log.segment.cache.num.max = 2 (custom)
2019-10-17 11:25:56,861 [grpc-default-executor-1] INFO  impl.RaftServerProxy (RaftServerProxy.java:remove(95)) - fd66befe-d3e0-4e51-a202-c759178c3599: remove group-B3362EA21D26:null
2019-10-17 11:25:56,860 [pool-27-thread-1] INFO  server.RaftServerConfigKeys (ConfUtils.java:logGet(43)) - raft.server.log.queue.byte-limit = 2147483647 (custom)
2019-10-17 11:25:56,862 [pool-47-thread-1] INFO  segmented.SegmentedRaftLogWorker (SegmentedRaftLogWorker.java:lambda$new$0(128)) - 6ce2c6a7-9144-4b9b-bff9-06be29014ddc@group-1701841B52E7-SegmentedRaftLogWorker: flushIndex: setUnconditionally 0 -> -1
2019-10-17 11:25:56,861 [pool-37-thread-1] INFO  segmented.SegmentedRaftLogWorker (SegmentedRaftLogWorker.java:<init>(173)) - new fd66befe-d3e0-4e51-a202-c759178c3599@group-1701841B52E7-SegmentedRaftLogWorker for RaftStorage:Storage Directory /workdir/hadoop-ozone/integration-test/target/test-dir/MiniOzoneClusterImpl-768d9c75-2411-484d-8912-1e22cbfad202/datanode-1/data/ratis/86820aa3-e895-4cef-bff5-1701841b52e7
2019-10-17 11:25:56,862 [pool-27-thread-1] INFO  server.RaftServerConfigKeys (ConfUtils.java:logGet(43)) - raft.server.log.queue.element-limit = 1024 (custom)
2019-10-17 11:25:56,862 [pool-37-thread-1] INFO  server.RaftServerConfigKeys (ConfUtils.java:logGet(43)) - raft.server.log.queue.byte-limit = 2147483647 (custom)
2019-10-17 11:25:56,862 [pool-27-thread-1] INFO  server.RaftServerConfigKeys (ConfUtils.java:logGet(43)) - raft.server.log.segment.size.max = 1048576 (custom)
2019-10-17 11:25:56,862 [pool-47-thread-1] INFO  server.RaftServerConfigKeys (ConfUtils.java:logGet(43)) - raft.server.snapshot.auto.trigger.enabled = true (custom)
2019-10-17 11:25:56,862 [pool-27-thread-1] INFO  server.RaftServerConfigKeys (ConfUtils.java:logGet(43)) - raft.server.log.preallocated.size = 16384 (custom)
2019-10-17 11:25:56,862 [pool-37-thread-1] INFO  server.RaftServerConfigKeys (ConfUtils.java:logGet(43)) - raft.server.log.queue.element-limit = 1024 (custom)
2019-10-17 11:25:56,864 [pool-27-thread-1] INFO  server.RaftServerConfigKeys (ConfUtils.java:logGet(43)) - raft.server.log.write.buffer.size = 33554432 (custom)
2019-10-17 11:25:56,862 [pool-47-thread-1] INFO  server.RaftServerConfigKeys (ConfUtils.java:logGet(43)) - raft.server.snapshot.auto.trigger.threshold = 10000 (custom)
2019-10-17 11:25:56,864 [pool-27-thread-1] INFO  server.RaftServerConfigKeys (ConfUtils.java:logGet(43)) - raft.server.log.force.sync.num = 128 (default)
2019-10-17 11:25:56,864 [pool-37-thread-1] INFO  server.RaftServerConfigKeys (ConfUtils.java:logGet(43)) - raft.server.log.segment.size.max = 1048576 (custom)
2019-10-17 11:25:56,864 [pool-27-thread-1] INFO  server.RaftServerConfigKeys (ConfUtils.java:logGet(43)) - raft.server.log.statemachine.data.sync = true (default)
2019-10-17 11:25:56,864 [pool-47-thread-1] INFO  server.RaftServerConfigKeys (ConfUtils.java:logGet(43)) - raft.server.snapshot.retention.file.num = 5 (custom)
2019-10-17 11:25:56,864 [pool-27-thread-1] INFO  server.RaftServerConfigKeys (ConfUtils.java:logGet(43)) - raft.server.log.statemachine.data.sync.timeout = 10s (default)
2019-10-17 11:25:56,864 [pool-37-thread-1] INFO  server.RaftServerConfigKeys (ConfUtils.java:logGet(43)) - raft.server.log.preallocated.size = 16384 (custom)
2019-10-17 11:25:56,865 [pool-27-thread-1] INFO  server.RaftServerConfigKeys (ConfUtils.java:logGet(43)) - raft.server.log.statemachine.data.sync.timeout.retry = -1 (default)
2019-10-17 11:25:56,864 [pool-47-thread-1] INFO  server.RaftServerConfigKeys (ConfUtils.java:logGet(43)) - raft.server.retrycache.expirytime = 600000ms (custom)
2019-10-17 11:25:56,865 [pool-27-thread-1] INFO  server.RaftServerConfigKeys (ConfUtils.java:logGet(43)) - raft.server.log.statemachine.data.caching.enabled = true (custom)
2019-10-17 11:25:56,865 [pool-37-thread-1] INFO  server.RaftServerConfigKeys (ConfUtils.java:logGet(43)) - raft.server.log.write.buffer.size = 33554432 (custom)
2019-10-17 11:25:56,865 [pool-37-thread-1] INFO  server.RaftServerConfigKeys (ConfUtils.java:logGet(43)) - raft.server.log.force.sync.num = 128 (default)
2019-10-17 11:25:56,865 [pool-27-thread-1] INFO  segmented.SegmentedRaftLogWorker (SegmentedRaftLogWorker.java:lambda$new$0(128)) - 4fbc0a64-e4c7-4a69-94fa-9804a8d7871e@group-1701841B52E7-SegmentedRaftLogWorker: flushIndex: setUnconditionally 0 -> -1
2019-10-17 11:25:56,865 [pool-37-thread-1] INFO  server.RaftServerConfigKeys (ConfUtils.java:logGet(43)) - raft.server.log.statemachine.data.sync = true (default)
2019-10-17 11:25:56,866 [pool-27-thread-1] INFO  server.RaftServerConfigKeys (ConfUtils.java:logGet(43)) - raft.server.snapshot.auto.trigger.enabled = true (custom)
2019-10-17 11:25:56,866 [pool-27-thread-1] INFO  server.RaftServerConfigKeys (ConfUtils.java:logGet(43)) - raft.server.snapshot.auto.trigger.threshold = 10000 (custom)
2019-10-17 11:25:56,866 [pool-37-thread-1] INFO  server.RaftServerConfigKeys (ConfUtils.java:logGet(43)) - raft.server.log.statemachine.data.sync.timeout = 10s (default)
2019-10-17 11:25:56,866 [pool-27-thread-1] INFO  server.RaftServerConfigKeys (ConfUtils.java:logGet(43)) - raft.server.snapshot.retention.file.num = 5 (custom)
2019-10-17 11:25:56,866 [pool-37-thread-1] INFO  server.RaftServerConfigKeys (ConfUtils.java:logGet(43)) - raft.server.log.statemachine.data.sync.timeout.retry = -1 (default)
2019-10-17 11:25:56,867 [pool-27-thread-1] INFO  server.RaftServerConfigKeys (ConfUtils.java:logGet(43)) - raft.server.retrycache.expirytime = 600000ms (custom)
2019-10-17 11:25:56,868 [grpc-default-executor-1] WARN  server.GrpcLogAppender (GrpcLogAppender.java:onNextImpl(251)) - 6ce2c6a7-9144-4b9b-bff9-06be29014ddc@group-4155E8207270->4fbc0a64-e4c7-4a69-94fa-9804a8d7871e-AppendLogResponseHandler: Request not found, ignoring reply: 6ce2c6a7-9144-4b9b-bff9-06be29014ddc<-4fbc0a64-e4c7-4a69-94fa-9804a8d7871e#73:OK,SUCCESS,nextIndex:2,term:1,followerCommit:0
2019-10-17 11:25:56,868 [pool-37-thread-1] INFO  server.RaftServerConfigKeys (ConfUtils.java:logGet(43)) - raft.server.log.statemachine.data.caching.enabled = true (custom)
2019-10-17 11:25:56,868 [grpc-default-executor-1] WARN  server.GrpcLogAppender (GrpcLogAppender.java:onNextImpl(251)) - 6ce2c6a7-9144-4b9b-bff9-06be29014ddc@group-4155E8207270->4fbc0a64-e4c7-4a69-94fa-9804a8d7871e-AppendLogResponseHandler: Request not found, ignoring reply: 6ce2c6a7-9144-4b9b-bff9-06be29014ddc<-4fbc0a64-e4c7-4a69-94fa-9804a8d7871e#74:OK,SUCCESS,nextIndex:2,term:1,followerCommit:0
2019-10-17 11:25:56,869 [pool-37-thread-1] INFO  segmented.SegmentedRaftLogWorker (SegmentedRaftLogWorker.java:lambda$new$0(128)) - fd66befe-d3e0-4e51-a202-c759178c3599@group-1701841B52E7-SegmentedRaftLogWorker: flushIndex: setUnconditionally 0 -> -1
2019-10-17 11:25:56,871 [pool-37-thread-1] INFO  server.RaftServerConfigKeys (ConfUtils.java:logGet(43)) - raft.server.snapshot.auto.trigger.enabled = true (custom)
2019-10-17 11:25:56,871 [grpc-default-executor-1] WARN  server.GrpcLogAppender (GrpcLogAppender.java:onNextImpl(251)) - 6ce2c6a7-9144-4b9b-bff9-06be29014ddc@group-4155E8207270->4fbc0a64-e4c7-4a69-94fa-9804a8d7871e-AppendLogResponseHandler: Request not found, ignoring reply: 6ce2c6a7-9144-4b9b-bff9-06be29014ddc<-4fbc0a64-e4c7-4a69-94fa-9804a8d7871e#75:OK,SUCCESS,nextIndex:2,term:1,followerCommit:0
2019-10-17 11:25:56,872 [grpc-default-executor-1] WARN  server.GrpcLogAppender (GrpcLogAppender.java:onNextImpl(251)) - 6ce2c6a7-9144-4b9b-bff9-06be29014ddc@group-4155E8207270->4fbc0a64-e4c7-4a69-94fa-9804a8d7871e-AppendLogResponseHandler: Request not found, ignoring reply: 6ce2c6a7-9144-4b9b-bff9-06be29014ddc<-4fbc0a64-e4c7-4a69-94fa-9804a8d7871e#76:OK,SUCCESS,nextIndex:2,term:1,followerCommit:0
2019-10-17 11:25:56,872 [pool-37-thread-1] INFO  server.RaftServerConfigKeys (ConfUtils.java:logGet(43)) - raft.server.snapshot.auto.trigger.threshold = 10000 (custom)
2019-10-17 11:25:56,873 [pool-37-thread-1] INFO  server.RaftServerConfigKeys (ConfUtils.java:logGet(43)) - raft.server.snapshot.retention.file.num = 5 (custom)
2019-10-17 11:25:56,873 [grpc-default-executor-1] WARN  server.GrpcLogAppender (GrpcLogAppender.java:onNextImpl(251)) - 6ce2c6a7-9144-4b9b-bff9-06be29014ddc@group-4155E8207270->4fbc0a64-e4c7-4a69-94fa-9804a8d7871e-AppendLogResponseHandler: Request not found, ignoring reply: 6ce2c6a7-9144-4b9b-bff9-06be29014ddc<-4fbc0a64-e4c7-4a69-94fa-9804a8d7871e#77:OK,SUCCESS,nextIndex:2,term:1,followerCommit:0
2019-10-17 11:25:56,873 [pool-37-thread-1] INFO  server.RaftServerConfigKeys (ConfUtils.java:logGet(43)) - raft.server.retrycache.expirytime = 600000ms (custom)
2019-10-17 11:25:56,874 [grpc-default-executor-1] WARN  server.GrpcLogAppender (GrpcLogAppender.java:onNextImpl(251)) - 6ce2c6a7-9144-4b9b-bff9-06be29014ddc@group-4155E8207270->4fbc0a64-e4c7-4a69-94fa-9804a8d7871e-AppendLogResponseHandler: Request not found, ignoring reply: 6ce2c6a7-9144-4b9b-bff9-06be29014ddc<-4fbc0a64-e4c7-4a69-94fa-9804a8d7871e#78:OK,SUCCESS,nextIndex:2,term:1,followerCommit:0
2019-10-17 11:25:56,874 [grpc-default-executor-1] WARN  server.GrpcLogAppender (GrpcLogAppender.java:onNextImpl(251)) - 6ce2c6a7-9144-4b9b-bff9-06be29014ddc@group-4155E8207270->4fbc0a64-e4c7-4a69-94fa-9804a8d7871e-AppendLogResponseHandler: Request not found, ignoring reply: 6ce2c6a7-9144-4b9b-bff9-06be29014ddc<-4fbc0a64-e4c7-4a69-94fa-9804a8d7871e#79:OK,SUCCESS,nextIndex:2,term:1,followerCommit:0
2019-10-17 11:25:56,875 [RatisPipelineUtilsThread] WARN  pipeline.RatisPipelineUtils (RatisPipelineUtils.java:destroyPipeline(69)) - Pipeline destroy failed for pipeline=PipelineID=38f89504-bce2-46cc-a5df-b3362ea21d26 dn=fd66befe-d3e0-4e51-a202-c759178c3599{ip: 192.168.164.239, host: pr-hdds-1569-jxtqp-958769943, networkLocation: /default-rack, certSerialId: null} exception=fd66befe-d3e0-4e51-a202-c759178c3599: Group group-B3362EA21D26 not found.
2019-10-17 11:25:56,875 [grpc-default-executor-1] WARN  server.GrpcLogAppender (GrpcLogAppender.java:onNextImpl(251)) - 6ce2c6a7-9144-4b9b-bff9-06be29014ddc@group-4155E8207270->4fbc0a64-e4c7-4a69-94fa-9804a8d7871e-AppendLogResponseHandler: Request not found, ignoring reply: 6ce2c6a7-9144-4b9b-bff9-06be29014ddc<-4fbc0a64-e4c7-4a69-94fa-9804a8d7871e#80:OK,SUCCESS,nextIndex:2,term:1,followerCommit:0
2019-10-17 11:25:56,875 [grpc-default-executor-1] WARN  server.GrpcLogAppender (GrpcLogAppender.java:onNextImpl(251)) - 6ce2c6a7-9144-4b9b-bff9-06be29014ddc@group-4155E8207270->4fbc0a64-e4c7-4a69-94fa-9804a8d7871e-AppendLogResponseHandler: Request not found, ignoring reply: 6ce2c6a7-9144-4b9b-bff9-06be29014ddc<-4fbc0a64-e4c7-4a69-94fa-9804a8d7871e#81:OK,SUCCESS,nextIndex:2,term:1,followerCommit:0
2019-10-17 11:25:56,876 [grpc-default-executor-1] WARN  server.GrpcLogAppender (GrpcLogAppender.java:onNextImpl(251)) - 6ce2c6a7-9144-4b9b-bff9-06be29014ddc@group-4155E8207270->4fbc0a64-e4c7-4a69-94fa-9804a8d7871e-AppendLogResponseHandler: Request not found, ignoring reply: 6ce2c6a7-9144-4b9b-bff9-06be29014ddc<-4fbc0a64-e4c7-4a69-94fa-9804a8d7871e#82:OK,SUCCESS,nextIndex:2,term:1,followerCommit:0
2019-10-17 11:25:56,878 [pool-47-thread-1] INFO  impl.RaftServerImpl (RaftServerImpl.java:start(181)) - 6ce2c6a7-9144-4b9b-bff9-06be29014ddc@group-1701841B52E7: start as a follower, conf=-1: [4fbc0a64-e4c7-4a69-94fa-9804a8d7871e:192.168.164.239:39296, 6ce2c6a7-9144-4b9b-bff9-06be29014ddc:192.168.164.239:34720, fd66befe-d3e0-4e51-a202-c759178c3599:192.168.164.239:40732], old=null
2019-10-17 11:25:56,878 [pool-27-thread-1] INFO  impl.RaftServerImpl (RaftServerImpl.java:start(181)) - 4fbc0a64-e4c7-4a69-94fa-9804a8d7871e@group-1701841B52E7: start as a follower, conf=-1: [4fbc0a64-e4c7-4a69-94fa-9804a8d7871e:192.168.164.239:39296, 6ce2c6a7-9144-4b9b-bff9-06be29014ddc:192.168.164.239:34720, fd66befe-d3e0-4e51-a202-c759178c3599:192.168.164.239:40732], old=null
2019-10-17 11:25:56,878 [pool-37-thread-1] INFO  impl.RaftServerImpl (RaftServerImpl.java:start(181)) - fd66befe-d3e0-4e51-a202-c759178c3599@group-1701841B52E7: start as a follower, conf=-1: [4fbc0a64-e4c7-4a69-94fa-9804a8d7871e:192.168.164.239:39296, 6ce2c6a7-9144-4b9b-bff9-06be29014ddc:192.168.164.239:34720, fd66befe-d3e0-4e51-a202-c759178c3599:192.168.164.239:40732], old=null
2019-10-17 11:25:56,878 [pool-47-thread-1] INFO  impl.RaftServerImpl (RaftServerImpl.java:setRole(170)) - 6ce2c6a7-9144-4b9b-bff9-06be29014ddc@group-1701841B52E7: changes role from      null to FOLLOWER at term 0 for startAsFollower
2019-10-17 11:25:56,879 [grpc-default-executor-0] INFO  impl.RaftServerProxy (RaftServerProxy.java:remove(95)) - 4fbc0a64-e4c7-4a69-94fa-9804a8d7871e: remove group-B3362EA21D26:null
2019-10-17 11:25:56,879 [pool-37-thread-1] INFO  impl.RaftServerImpl (RaftServerImpl.java:setRole(170)) - fd66befe-d3e0-4e51-a202-c759178c3599@group-1701841B52E7: changes role from      null to FOLLOWER at term 0 for startAsFollower
2019-10-17 11:25:56,878 [pool-27-thread-1] INFO  impl.RaftServerImpl (RaftServerImpl.java:setRole(170)) - 4fbc0a64-e4c7-4a69-94fa-9804a8d7871e@group-1701841B52E7: changes role from      null to FOLLOWER at term 0 for startAsFollower
2019-10-17 11:25:56,879 [pool-37-thread-1] INFO  impl.RoleInfo (RoleInfo.java:updateAndGet(143)) - fd66befe-d3e0-4e51-a202-c759178c3599: start FollowerState
2019-10-17 11:25:56,879 [pool-47-thread-1] INFO  impl.RoleInfo (RoleInfo.java:updateAndGet(143)) - 6ce2c6a7-9144-4b9b-bff9-06be29014ddc: start FollowerState
2019-10-17 11:25:56,879 [pool-27-thread-1] INFO  impl.RoleInfo (RoleInfo.java:updateAndGet(143)) - 4fbc0a64-e4c7-4a69-94fa-9804a8d7871e: start FollowerState
2019-10-17 11:25:56,879 [pool-37-thread-1] INFO  util.JmxRegister (JmxRegister.java:tryRegister(44)) - Successfully registered JMX Bean with object name Ratis:service=RaftServer,group=group-1701841B52E7,id=fd66befe-d3e0-4e51-a202-c759178c3599
2019-10-17 11:25:56,879 [pool-47-thread-1] INFO  util.JmxRegister (JmxRegister.java:tryRegister(44)) - Successfully registered JMX Bean with object name Ratis:service=RaftServer,group=group-1701841B52E7,id=6ce2c6a7-9144-4b9b-bff9-06be29014ddc
2019-10-17 11:25:56,881 [pool-27-thread-1] INFO  util.JmxRegister (JmxRegister.java:tryRegister(44)) - Successfully registered JMX Bean with object name Ratis:service=RaftServer,group=group-1701841B52E7,id=4fbc0a64-e4c7-4a69-94fa-9804a8d7871e
2019-10-17 11:25:56,885 [RatisPipelineUtilsThread] WARN  pipeline.RatisPipelineUtils (RatisPipelineUtils.java:destroyPipeline(69)) - Pipeline destroy failed for pipeline=PipelineID=38f89504-bce2-46cc-a5df-b3362ea21d26 dn=4fbc0a64-e4c7-4a69-94fa-9804a8d7871e{ip: 192.168.164.239, host: pr-hdds-1569-jxtqp-958769943, networkLocation: /default-rack, certSerialId: null} exception=4fbc0a64-e4c7-4a69-94fa-9804a8d7871e: Group group-B3362EA21D26 not found.
2019-10-17 11:25:56,887 [grpc-default-executor-0] INFO  impl.RaftServerProxy (RaftServerProxy.java:remove(95)) - 6ce2c6a7-9144-4b9b-bff9-06be29014ddc: remove group-B3362EA21D26:null
2019-10-17 11:25:56,891 [RatisPipelineUtilsThread] WARN  pipeline.RatisPipelineUtils (RatisPipelineUtils.java:destroyPipeline(69)) - Pipeline destroy failed for pipeline=PipelineID=38f89504-bce2-46cc-a5df-b3362ea21d26 dn=6ce2c6a7-9144-4b9b-bff9-06be29014ddc{ip: 192.168.164.239, host: pr-hdds-1569-jxtqp-958769943, networkLocation: /default-rack, certSerialId: null} exception=6ce2c6a7-9144-4b9b-bff9-06be29014ddc: Group group-B3362EA21D26 not found.
2019-10-17 11:25:56,891 [RatisPipelineUtilsThread] ERROR pipeline.SCMPipelineManager (Scheduler.java:lambda$schedule$1(70)) - Destroy pipeline failed for pipeline:Pipeline[ Id: 38f89504-bce2-46cc-a5df-b3362ea21d26, Nodes: fd66befe-d3e0-4e51-a202-c759178c3599{ip: 192.168.164.239, host: pr-hdds-1569-jxtqp-958769943, networkLocation: /default-rack, certSerialId: null}4fbc0a64-e4c7-4a69-94fa-9804a8d7871e{ip: 192.168.164.239, host: pr-hdds-1569-jxtqp-958769943, networkLocation: /default-rack, certSerialId: null}6ce2c6a7-9144-4b9b-bff9-06be29014ddc{ip: 192.168.164.239, host: pr-hdds-1569-jxtqp-958769943, networkLocation: /default-rack, certSerialId: null}, Type:RATIS, Factor:THREE, State:CLOSED]
org.apache.hadoop.hdds.scm.pipeline.PipelineNotFoundException: PipelineID=38f89504-bce2-46cc-a5df-b3362ea21d26 not found
	at org.apache.hadoop.hdds.scm.pipeline.PipelineStateMap.getPipeline(PipelineStateMap.java:133)
	at org.apache.hadoop.hdds.scm.pipeline.PipelineStateMap.removePipeline(PipelineStateMap.java:323)
	at org.apache.hadoop.hdds.scm.pipeline.PipelineStateManager.removePipeline(PipelineStateManager.java:107)
	at org.apache.hadoop.hdds.scm.pipeline.SCMPipelineManager.removePipeline(SCMPipelineManager.java:455)
	at org.apache.hadoop.hdds.scm.pipeline.SCMPipelineManager.destroyPipeline(SCMPipelineManager.java:441)
	at org.apache.hadoop.hdds.scm.pipeline.SCMPipelineManager.lambda$finalizeAndDestroyPipeline$0(SCMPipelineManager.java:350)
	at org.apache.hadoop.hdds.utils.Scheduler.lambda$schedule$1(Scheduler.java:68)
	at java.util.concurrent.Executors$RunnableAdapter.call(Executors.java:511)
	at java.util.concurrent.FutureTask.run(FutureTask.java:266)
	at java.util.concurrent.ScheduledThreadPoolExecutor$ScheduledFutureTask.access$201(ScheduledThreadPoolExecutor.java:180)
	at java.util.concurrent.ScheduledThreadPoolExecutor$ScheduledFutureTask.run(ScheduledThreadPoolExecutor.java:293)
	at java.util.concurrent.ThreadPoolExecutor.runWorker(ThreadPoolExecutor.java:1149)
	at java.util.concurrent.ThreadPoolExecutor$Worker.run(ThreadPoolExecutor.java:624)
	at java.lang.Thread.run(Thread.java:748)
2019-10-17 11:25:56,946 [grpc-default-executor-0] INFO  impl.RaftServerProxy (RaftServerProxy.java:remove(95)) - fd66befe-d3e0-4e51-a202-c759178c3599: remove group-B3362EA21D26:null
2019-10-17 11:25:56,951 [RatisPipelineUtilsThread] WARN  pipeline.RatisPipelineUtils (RatisPipelineUtils.java:destroyPipeline(69)) - Pipeline destroy failed for pipeline=PipelineID=38f89504-bce2-46cc-a5df-b3362ea21d26 dn=fd66befe-d3e0-4e51-a202-c759178c3599{ip: 192.168.164.239, host: pr-hdds-1569-jxtqp-958769943, networkLocation: /default-rack, certSerialId: null} exception=fd66befe-d3e0-4e51-a202-c759178c3599: Group group-B3362EA21D26 not found.
2019-10-17 11:25:56,957 [grpc-default-executor-0] INFO  impl.RaftServerProxy (RaftServerProxy.java:remove(95)) - 4fbc0a64-e4c7-4a69-94fa-9804a8d7871e: remove group-B3362EA21D26:null
2019-10-17 11:25:56,962 [RatisPipelineUtilsThread] WARN  pipeline.RatisPipelineUtils (RatisPipelineUtils.java:destroyPipeline(69)) - Pipeline destroy failed for pipeline=PipelineID=38f89504-bce2-46cc-a5df-b3362ea21d26 dn=4fbc0a64-e4c7-4a69-94fa-9804a8d7871e{ip: 192.168.164.239, host: pr-hdds-1569-jxtqp-958769943, networkLocation: /default-rack, certSerialId: null} exception=4fbc0a64-e4c7-4a69-94fa-9804a8d7871e: Group group-B3362EA21D26 not found.
2019-10-17 11:25:56,965 [grpc-default-executor-0] INFO  impl.RaftServerProxy (RaftServerProxy.java:remove(95)) - 6ce2c6a7-9144-4b9b-bff9-06be29014ddc: remove group-B3362EA21D26:null
2019-10-17 11:25:56,969 [RatisPipelineUtilsThread] WARN  pipeline.RatisPipelineUtils (RatisPipelineUtils.java:destroyPipeline(69)) - Pipeline destroy failed for pipeline=PipelineID=38f89504-bce2-46cc-a5df-b3362ea21d26 dn=6ce2c6a7-9144-4b9b-bff9-06be29014ddc{ip: 192.168.164.239, host: pr-hdds-1569-jxtqp-958769943, networkLocation: /default-rack, certSerialId: null} exception=6ce2c6a7-9144-4b9b-bff9-06be29014ddc: Group group-B3362EA21D26 not found.
2019-10-17 11:25:57,102 [RatisPipelineUtilsThread] ERROR pipeline.SCMPipelineManager (Scheduler.java:lambda$schedule$1(70)) - Destroy pipeline failed for pipeline:Pipeline[ Id: 38f89504-bce2-46cc-a5df-b3362ea21d26, Nodes: fd66befe-d3e0-4e51-a202-c759178c3599{ip: 192.168.164.239, host: pr-hdds-1569-jxtqp-958769943, networkLocation: /default-rack, certSerialId: null}4fbc0a64-e4c7-4a69-94fa-9804a8d7871e{ip: 192.168.164.239, host: pr-hdds-1569-jxtqp-958769943, networkLocation: /default-rack, certSerialId: null}6ce2c6a7-9144-4b9b-bff9-06be29014ddc{ip: 192.168.164.239, host: pr-hdds-1569-jxtqp-958769943, networkLocation: /default-rack, certSerialId: null}, Type:RATIS, Factor:THREE, State:CLOSED]
org.apache.hadoop.hdds.scm.pipeline.PipelineNotFoundException: PipelineID=38f89504-bce2-46cc-a5df-b3362ea21d26 not found
	at org.apache.hadoop.hdds.scm.pipeline.PipelineStateMap.getPipeline(PipelineStateMap.java:133)
	at org.apache.hadoop.hdds.scm.pipeline.PipelineStateMap.removePipeline(PipelineStateMap.java:323)
	at org.apache.hadoop.hdds.scm.pipeline.PipelineStateManager.removePipeline(PipelineStateManager.java:107)
	at org.apache.hadoop.hdds.scm.pipeline.SCMPipelineManager.removePipeline(SCMPipelineManager.java:455)
	at org.apache.hadoop.hdds.scm.pipeline.SCMPipelineManager.destroyPipeline(SCMPipelineManager.java:441)
	at org.apache.hadoop.hdds.scm.pipeline.SCMPipelineManager.lambda$finalizeAndDestroyPipeline$0(SCMPipelineManager.java:350)
	at org.apache.hadoop.hdds.utils.Scheduler.lambda$schedule$1(Scheduler.java:68)
	at java.util.concurrent.Executors$RunnableAdapter.call(Executors.java:511)
	at java.util.concurrent.FutureTask.run(FutureTask.java:266)
	at java.util.concurrent.ScheduledThreadPoolExecutor$ScheduledFutureTask.access$201(ScheduledThreadPoolExecutor.java:180)
	at java.util.concurrent.ScheduledThreadPoolExecutor$ScheduledFutureTask.run(ScheduledThreadPoolExecutor.java:293)
	at java.util.concurrent.ThreadPoolExecutor.runWorker(ThreadPoolExecutor.java:1149)
	at java.util.concurrent.ThreadPoolExecutor$Worker.run(ThreadPoolExecutor.java:624)
	at java.lang.Thread.run(Thread.java:748)
]]></system-out>
    <system-err><![CDATA[ERROR StatusLogger No Log4j 2 configuration file found. Using default configuration (logging only errors to the console), or user programmatically provided configurations. Set system property 'log4j2.debug' to show Log4j 2 internal initialization logging. See https://logging.apache.org/log4j/2.x/manual/configuration.html for instructions on how to configure Log4j 2
]]></system-err>
  </testcase>
</testsuite>